TRXV5
3
4
4
9
string Extension=J
integer IsArchMeasurement=1
integer IsSpherical=1
string Generator=SPM
string GeneratorVersion=1.3.1 Dev
double ArchRadius=0.449999988079071
integer FrequencyAxisIndex=0
integer AzimuthAxisIndex=1
integer ElevationAxisIndex=2
Frequency
5 201 600000000 700000000 LIN
Azimuth
7 8 0 2.74889357189107 LIN
Elevation
7 15 -2.74889357189107 2.74889357189107 LIN
Polar H Real Part
13
Polar H Imaginary Part
14
Polar V Real Part
13
Polar V Imaginary Part
14
Polar H Magnitude (dB)
12 0xC0000002 0 1
Polar H Phase
7 0xC0000003 0 1
Polar V Magnitude (dB)
12 0xC0000002 2 3
Polar V Phase
7 0xC0000003 2 3
-5.86509704589841E-05 0.00453090667724609 -0.119972229003906 -0.0715560913085938
0.00146865844726563 0.0636253356933594 0.0589599609375 -0.262557983398438
0.0339851379394531 0.061279296875 0.371124267578125 -0.301239013671875
0.0273857116699219 0.0390281677246094 0.6397705078125 -0.0419921875
-0.0174598693847656 -0.00640106201171875 0.4896240234375 0.50848388671875
-0.0298385620117188 -0.0763702392578125 -0.018310546875 0.849853515625
0.0326957702636719 -0.0505027770996094 -0.35382080078125 0.53765869140625
0.0736312866210938 -0.0225372314453125 0.1619873046875 0.000671386718749999
0.0582199096679688 -0.0600128173828125 0.49932861328125 -0.67730712890625
0.0128746032714844 -0.0697097778320313 -0.1134033203125 -0.93463134765625
-0.0155162811279297 -0.0174989700317383 -0.69464111328125 -0.3638916015625
-0.00195884704589844 0.0267620086669922 -0.5908203125 0.24072265625
0.0182456970214844 0.0557327270507812 -0.266632080078125 0.378173828125
0.00802230834960938 0.0528488159179688 0.051300048828125 0.254867553710938
-0.00751590728759766 0.0133113861083984 0.174850463867188 0.0320587158203125
-0.00102782249450684 -0.00250339508056641 -0.10797119140625 -0.066802978515625
0.00217819213867188 0.0567626953125 0.0730743408203125 -0.263656616210937
0.0328521728515625 0.0592498779296875 0.37628173828125 -0.2860107421875
0.026763916015625 0.0451507568359375 0.6251220703125 0.004150390625
-0.0163745880126953 -0.00290584564208984 0.43603515625 0.5621337890625
-0.0267715454101563 -0.0778427124023438 -0.0881347656249999 0.87213134765625
0.040191650390625 -0.052886962890625 -0.37994384765625 0.534698486328125
0.0797576904296875 -0.0280609130859375 0.1739501953125 -0.000335693359375002
0.050048828125 -0.0644989013671875 0.4561767578125 -0.684814453125
0.0033416748046875 -0.0688209533691406 -0.18048095703125 -0.88909912109375
-0.0184154510498047 -0.0157699584960938 -0.7213134765625 -0.29656982421875
0.00042724609375 0.0216808319091797 -0.58135986328125 0.283203125
0.0244331359863281 0.0481605529785156 -0.2552490234375 0.38763427734375
0.0128021240234375 0.0457687377929688 0.058990478515625 0.251541137695313
-0.00759077072143555 0.00854969024658203 0.176361083984375 0.0363311767578125
0.00370121002197266 -0.012120246887207 -0.0979232788085938 -0.0671157836914062
0.00903701782226562 0.039825439453125 0.0826568603515625 -0.267547607421875
0.0347442626953125 0.0478591918945313 0.37225341796875 -0.284271240234375
0.0261688232421875 0.045684814453125 0.60272216796875 0.035400390625
-0.0225353240966797 0.00746726989746093 0.390380859375 0.611083984375
-0.0334510803222656 -0.0701828002929688 -0.1463623046875 0.89971923828125
0.042022705078125 -0.0530662536621094 -0.402008056640625 0.532501220703125
0.0854415893554688 -0.0336532592773438 0.18505859375 -0.0039825439453125
0.0434837341308594 -0.067108154296875 0.4219970703125 -0.6827392578125
-0.00864028930664063 -0.0609512329101563 -0.228271484375 -0.855224609375
-0.0238189697265625 -0.00988197326660156 -0.7353515625 -0.24169921875
0.00211524963378906 0.0198707580566406 -0.5687255859375 0.315185546875
0.0300884246826172 0.0331249237060547 -0.244354248046875 0.398101806640625
0.0194873809814453 0.0293064117431641 0.065093994140625 0.245864868164063
-0.00533819198608398 -0.00244235992431641 0.179794311523438 0.0393524169921875
0.00884628295898438 -0.0251522064208984 -0.091217041015625 -0.0594100952148438
0.0201644897460938 0.0215511322021484 0.096588134765625 -0.274383544921875
0.0440673828125 0.026702880859375 0.378936767578125 -0.283233642578125
0.0258369445800781 0.0397262573242188 0.59136962890625 0.054443359375
-0.0309295654296875 0.0158004760742188 0.36016845703125 0.632568359375
-0.0446701049804688 -0.066680908203125 -0.18170166015625 0.91278076171875
0.0409202575683594 -0.05322265625 -0.414031982421875 0.535369873046875
0.0984649658203125 -0.0416412353515625 0.190231323242188 -0.000564575195312503
0.0375175476074219 -0.0674896240234375 0.40826416015625 -0.685791015625
-0.0194931030273437 -0.049346923828125 -0.25360107421875 -0.83819580078125
-0.0285816192626953 0.00193405151367188 -0.74285888671875 -0.21258544921875
0.00179290771484375 0.0168056488037109 -0.56573486328125 0.3345947265625
0.0307769775390625 0.01666259765625 -0.2410888671875 0.402252197265625
0.0231227874755859 0.00921821594238281 0.06866455078125 0.244415283203125
-0.00201988220214844 -0.0152788162231445 0.181884765625 0.0389404296875
0.0156898498535156 -0.0304794311523438 -0.0920562744140625 -0.0553054809570313
0.0358200073242187 1.52587890625E-05 0.09637451171875 -0.2803955078125
0.0508956909179687 0.00531387329101563 0.37005615234375 -0.286163330078125
0.0270442962646484 0.0313339233398438 0.58770751953125 0.05120849609375
-0.0420036315917969 0.0262680053710938 0.36090087890625 0.636962890625
-0.0593719482421875 -0.0567703247070312 -0.1832275390625 0.91619873046875
0.0413665771484375 -0.0552253723144531 -0.412109375 0.53594970703125
0.109611511230469 -0.045135498046875 0.1864013671875 0.001556396484375
0.0359611511230469 -0.0651283264160156 0.40789794921875 -0.68011474609375
-0.0307197570800781 -0.0374870300292969 -0.25469970703125 -0.8367919921875
-0.0326614379882813 0.013427734375 -0.743896484375 -0.21600341796875
-0.000223159790039063 0.015045166015625 -0.5675048828125 0.3336181640625
0.0312461853027344 -0.00168418884277344 -0.24359130859375 0.40234375
0.0291767120361328 -0.0163993835449219 0.062835693359375 0.241943359375
0.00114059448242188 -0.0276546478271484 0.177627563476563 0.0373077392578125
0.0193977355957031 -0.0469474792480469 -0.096038818359375 -0.0543365478515625
0.0493736267089844 -0.0215721130371094 0.089385986328125 -0.282318115234375
0.0596389770507813 -0.0194320678710938 0.364349365234375 -0.2979736328125
0.0241355895996094 0.0217914581298828 0.5892333984375 0.03179931640625
-0.0520896911621094 0.0377845764160156 0.3846435546875 0.62188720703125
-0.0773544311523437 -0.0435256958007813 -0.15240478515625 0.91583251953125
0.0381240844726563 -0.0586318969726563 -0.404083251953125 0.546630859375
0.120162963867187 -0.04986572265625 0.183151245117188 0.0088348388671875
0.0365829467773438 -0.0636100769042969 0.42559814453125 -0.6737060546875
-0.0391807556152344 -0.0239830017089844 -0.2252197265625 -0.8507080078125
-0.0400428771972656 0.0272636413574219 -0.73675537109375 -0.243408203125
-0.00201988220214844 0.0141057968139648 -0.57696533203125 0.31298828125
0.031005859375 -0.0194530487060547 -0.25640869140625 0.394195556640625
0.0326557159423828 -0.0341434478759766 0.0608673095703125 0.237945556640625
0.00211334228515625 -0.043487548828125 0.1785888671875 0.0371551513671875
0.0199203491210938 -0.0591545104980469 -0.10369873046875 -0.05596923828125
0.055267333984375 -0.0394821166992187 0.07659912109375 -0.28509521484375
0.0626907348632813 -0.0444717407226563 0.352386474609375 -0.31280517578125
0.0204410552978516 0.0160007476806641 0.5963134765625 0.000549316406250001
-0.0615768432617188 0.0478515625 0.4302978515625 0.58935546875
-0.0906448364257813 -0.0292434692382812 -0.09307861328125 0.90655517578125
0.0314292907714844 -0.058013916015625 -0.38262939453125 0.557159423828125
0.132972717285156 -0.0532455444335937 0.173324584960938 0.0152587890625
0.042816162109375 -0.0594902038574219 0.45977783203125 -0.66424560546875
-0.0450782775878906 -0.0143356323242187 -0.173095703125 -0.88201904296875
-0.0466423034667969 0.0358047485351562 -0.72113037109375 -0.3006591796875
-0.00832366943359375 0.0108938217163086 -0.59283447265625 0.2777099609375
0.0322914123535156 -0.0329399108886719 -0.273712158203125 0.381103515625
0.0355453491210938 -0.0504226684570312 0.0524139404296875 0.23529052734375
0.00182342529296875 -0.053619384765625 0.176361083984375 0.034698486328125
0.0210762023925781 -0.0629196166992188 -0.114349365234375 -0.0557632446289062
0.055511474609375 -0.048583984375 0.057708740234375 -0.283843994140625
0.0577545166015625 -0.0545768737792969 0.33892822265625 -0.328033447265625
0.0197410583496094 0.0130271911621094 0.607177734375 -0.04571533203125
-0.0606231689453125 0.0577812194824219 0.487396240234375 0.5330810546875
-0.0991363525390625 -0.0154876708984375 -0.0113525390625 0.88079833984375
0.0227241516113281 -0.0569877624511719 -0.35107421875 0.567626953125
0.137580871582031 -0.0551300048828125 0.158737182617188 0.0230865478515625
0.0480728149414062 -0.0568733215332031 0.50372314453125 -0.645751953125
-0.0492515563964844 -0.00772094726562499 -0.09857177734375 -0.91961669921875
-0.0539627075195313 0.04315185546875 -0.69207763671875 -0.37457275390625
-0.01275634765625 0.00954246520996094 -0.604248046875 0.231689453125
0.0324897766113281 -0.0427703857421875 -0.292877197265625 0.36419677734375
0.0428085327148438 -0.0617218017578125 0.0427703857421875 0.231414794921875
0.002532958984375 -0.0601119995117187 0.174179077148438 0.0320587158203125
-8.29696655273438E-05 0.00526189804077148 -0.118003845214844 -0.0704421997070313
0.00164031982421875 0.0631141662597656 0.0583343505859375 -0.260238647460938
0.0348243713378906 0.060638427734375 0.365142822265625 -0.30035400390625
0.0265655517578125 0.0394325256347656 0.63604736328125 -0.044677734375
-0.0166339874267578 -0.00774383544921875 0.485931396484375 0.503204345703125
-0.03045654296875 -0.0765457153320313 -0.017578125 0.84490966796875
0.0335159301757813 -0.0510101318359375 -0.353179931640625 0.534454345703125
0.0731277465820312 -0.0220565795898437 0.160018920898437 0.0014495849609375
0.056915283203125 -0.0582695007324219 0.49566650390625 -0.67230224609375
0.0136566162109375 -0.069427490234375 -0.1141357421875 -0.92901611328125
-0.0150918960571289 -0.0172262191772461 -0.69097900390625 -0.3607177734375
-0.00161170959472656 0.0268440246582031 -0.58526611328125 0.2415771484375
0.0166664123535156 0.0550079345703125 -0.264739990234375 0.377044677734375
0.00701904296875 0.0518913269042969 0.0505828857421875 0.254791259765625
-0.00746917724609375 0.0137224197387695 0.174972534179688 0.0325775146484375
4.99486923217775E-05 -0.00210821628570557 -0.107177734375 -0.0668106079101563
0.00197982788085937 0.056121826171875 0.0741729736328125 -0.263748168945313
0.0323333740234375 0.0579261779785156 0.370635986328125 -0.286773681640625
0.0259056091308594 0.0454750061035156 0.61968994140625 0.003662109375
-0.0175228118896484 -0.00281429290771484 0.432861328125 0.560577392578125
-0.0268402099609375 -0.0784988403320313 -0.0904541015625001 0.8680419921875
0.0389595031738281 -0.051483154296875 -0.378814697265625 0.528656005859375
0.0791168212890625 -0.0273513793945313 0.173110961914063 -0.000183105468750002
0.0504531860351562 -0.0627212524414063 0.451416015625 -0.6800537109375
0.00284576416015625 -0.0654754638671875 -0.1800537109375 -0.88531494140625
-0.0186443328857422 -0.0153293609619141 -0.7166748046875 -0.29351806640625
0.000780105590820314 0.022308349609375 -0.57574462890625 0.28271484375
0.025390625 0.0461997985839844 -0.25189208984375 0.3876953125
0.0123062133789062 0.0436248779296875 0.0601348876953125 0.249923706054688
-0.00675058364868164 0.00791645050048828 0.1761474609375 0.036285400390625
0.00389003753662109 -0.0124940872192383 -0.0972976684570312 -0.0669784545898438
0.0072174072265625 0.0415382385253906 0.0842437744140625 -0.266036987304688
0.0348968505859375 0.0490226745605469 0.370025634765625 -0.28271484375
0.0262947082519531 0.0439376831054687 0.59942626953125 0.03424072265625
-0.0241413116455078 0.00599288940429687 0.387451171875 0.60650634765625
-0.0341033935546875 -0.0712432861328125 -0.1435546875 0.89373779296875
0.0407562255859375 -0.0518760681152344 -0.400177001953125 0.52935791015625
0.0848312377929688 -0.0341262817382813 0.182571411132813 -0.0024566650390625
0.043914794921875 -0.0656394958496094 0.4202880859375 -0.67987060546875
-0.00783920288085937 -0.0609474182128906 -0.2261962890625 -0.85028076171875
-0.0221805572509766 -0.0103778839111328 -0.7325439453125 -0.23834228515625
0.00158500671386719 0.0193881988525391 -0.56365966796875 0.31378173828125
0.0269813537597656 0.0322761535644531 -0.2440185546875 0.3961181640625
0.0171871185302734 0.0299186706542969 0.0655059814453125 0.246627807617188
-0.00577640533447266 -0.0022282600402832 0.176406860351563 0.03973388671875
0.00918960571289063 -0.0246391296386719 -0.0900344848632813 -0.05853271484375
0.0220508575439453 0.0225257873535156 0.0947113037109375 -0.272705078125
0.0431785583496094 0.0263519287109375 0.3736572265625 -0.28167724609375
0.024993896484375 0.0411262512207031 0.587890625 0.05029296875
-0.0307788848876953 0.0166549682617188 0.35748291015625 0.63043212890625
-0.0440025329589844 -0.0632133483886719 -0.181884765625 0.906982421875
0.0414810180664063 -0.0524520874023438 -0.410308837890625 0.53125
0.098052978515625 -0.0401535034179688 0.187408447265625 7.62939453124975E-05
0.0387954711914062 -0.0656242370605469 0.40570068359375 -0.68084716796875
-0.019195556640625 -0.0492668151855469 -0.25244140625 -0.83184814453125
-0.0290241241455078 -0.000738143920898437 -0.73828125 -0.21044921875
0.00209617614746094 0.0175704956054688 -0.560394287109375 0.33197021484375
0.0301284790039063 0.0165672302246094 -0.239013671875 0.40020751953125
0.0245113372802734 0.00887870788574219 0.06817626953125 0.24298095703125
-0.00277519226074219 -0.0142278671264648 0.179367065429687 0.040863037109375
0.0141582489013672 -0.0298213958740234 -0.0916213989257813 -0.0554275512695313
0.0355911254882813 -0.00143051147460938 0.0942535400390625 -0.278411865234375
0.0505142211914063 0.00465774536132813 0.367706298828125 -0.287078857421875
0.0255584716796875 0.0309162139892578 0.5849609375 0.0521240234375
-0.0404624938964844 0.0249519348144531 0.35882568359375 0.63525390625
-0.058990478515625 -0.0561904907226563 -0.17919921875 0.91131591796875
0.0412216186523438 -0.0533447265625 -0.4083251953125 0.531585693359375
0.107337951660156 -0.0447998046875 0.18438720703125 0.0020904541015625
0.0356636047363281 -0.0626449584960938 0.40234375 -0.675048828125
-0.0303611755371094 -0.0363922119140625 -0.25390625 -0.83123779296875
-0.0332374572753906 0.0138149261474609 -0.7396240234375 -0.2130126953125
0.000564575195312501 0.016301155090332 -0.56103515625 0.33319091796875
0.0307636260986328 -0.00260162353515625 -0.242095947265625 0.401214599609375
0.0294818878173828 -0.0159339904785156 0.0633697509765625 0.240234375
0.00191116333007813 -0.0281581878662109 0.176956176757813 0.03594970703125
0.0198402404785156 -0.0458717346191406 -0.0952987670898438 -0.0548629760742187
0.050384521484375 -0.0210304260253906 0.089141845703125 -0.281951904296875
0.0605621337890625 -0.020263671875 0.36004638671875 -0.2972412109375
0.0246238708496094 0.0216178894042969 0.584716796875 0.03192138671875
-0.052490234375 0.0359306335449219 0.381103515625 0.619140625
-0.0761337280273438 -0.0436248779296875 -0.1510009765625 0.90985107421875
0.0367889404296875 -0.0563621520996094 -0.40185546875 0.54248046875
0.120170593261719 -0.0500411987304688 0.180938720703125 0.007415771484375
0.0362129211425781 -0.0617141723632813 0.42218017578125 -0.66815185546875
-0.0394210815429688 -0.023040771484375 -0.22430419921875 -0.84600830078125
-0.0379104614257813 0.0276832580566406 -0.7320556640625 -0.24212646484375
-0.00451278686523438 0.0138635635375977 -0.57183837890625 0.3143310546875
0.0309486389160156 -0.0186710357666016 -0.25244140625 0.3936767578125
0.0324115753173828 -0.0333881378173828 0.060394287109375 0.237701416015625
0.0019989013671875 -0.0406684875488281 0.177230834960937 0.03643798828125
0.0202484130859375 -0.0577964782714844 -0.101783752441406 -0.0560684204101563
0.0573310852050781 -0.0374412536621094 0.075927734375 -0.284088134765625
0.0613250732421875 -0.044036865234375 0.35015869140625 -0.313140869140625
0.0224781036376953 0.0156288146972656 0.593017578125 0.000305175781250001
-0.0611610412597656 0.0494499206542969 0.42657470703125 0.58251953125
-0.089447021484375 -0.0274658203125 -0.0896606445312501 0.90106201171875
0.0313606262207031 -0.0579566955566406 -0.3782958984375 0.55462646484375
0.131256103515625 -0.0534591674804687 0.169723510742188 0.0167694091796875
0.04229736328125 -0.0591888427734375 0.454833984375 -0.6588134765625
-0.0442085266113281 -0.0123558044433594 -0.17254638671875 -0.8760986328125
-0.0461769104003906 0.0374641418457031 -0.71527099609375 -0.298095703125
-0.007598876953125 0.011932373046875 -0.587890625 0.2781982421875
0.0313472747802734 -0.0321388244628906 -0.272003173828125 0.378997802734375
0.0367431640625 -0.0500144958496094 0.052154541015625 0.233322143554688
0.000728607177734371 -0.0530242919921875 0.177352905273437 0.0352325439453125
0.0193405151367188 -0.0615806579589844 -0.114166259765625 -0.0557632446289062
0.0560417175292969 -0.0499229431152344 0.0579833984375 -0.28253173828125
0.0575790405273438 -0.0561943054199219 0.333526611328125 -0.327056884765625
0.0177040100097656 0.0131435394287109 0.60321044921875 -0.04718017578125
-0.0621490478515625 0.0600090026855469 0.486358642578125 0.53082275390625
-0.0981063842773438 -0.0127334594726563 -0.0128173828125001 0.87579345703125
0.0230484008789063 -0.0546493530273437 -0.347076416015625 0.561767578125
0.134368896484375 -0.0538558959960938 0.154022216796875 0.023223876953125
0.0483818054199219 -0.0562782287597656 0.49798583984375 -0.645263671875
-0.0480804443359375 -0.00687408447265625 -0.0998535156250001 -0.91217041015625
-0.0526237487792969 0.0410346984863281 -0.68914794921875 -0.37017822265625
-0.013667106628418 0.00741863250732422 -0.59881591796875 0.2308349609375
0.0320396423339844 -0.0433616638183594 -0.291107177734375 0.36358642578125
0.0419731140136719 -0.0602645874023438 0.0416107177734375 0.2325439453125
0.00301361083984376 -0.0598297119140625 0.174118041992188 0.0306396484375
0.000352859497070312 0.00529336929321289 -0.118003845214844 -0.06964111328125
0.00295639038085937 0.0621757507324219 0.0584259033203125 -0.258758544921875
0.033477783203125 0.0587310791015625 0.36273193359375 -0.2984619140625
0.0260429382324219 0.0390052795410156 0.63214111328125 -0.044189453125
-0.0165081024169922 -0.00719356536865234 0.482391357421875 0.50177001953125
-0.030181884765625 -0.074981689453125 -0.0164794921874999 0.83624267578125
0.0332450866699219 -0.0505599975585938 -0.349822998046875 0.52972412109375
0.0716171264648438 -0.0230178833007813 0.158859252929688 0.000503540039062499
0.0561332702636719 -0.0586204528808594 0.49053955078125 -0.668701171875
0.0132827758789062 -0.0685844421386719 -0.11297607421875 -0.92205810546875
-0.0150527954101563 -0.0172586441040039 -0.6873779296875 -0.359619140625
-0.00310516357421875 0.0267448425292969 -0.57965087890625 0.2406005859375
0.0193634033203125 0.0550956726074219 -0.26318359375 0.37628173828125
0.0090484619140625 0.0507392883300781 0.0506591796875 0.2554931640625
-0.00681114196777344 0.0138425827026367 0.173095703125 0.0341033935546875
-6.98566436767577E-05 -0.00352239608764648 -0.104354858398438 -0.067413330078125
0.00038528442382812 0.0558509826660156 0.072509765625 -0.2603759765625
0.0317726135253906 0.0579566955566406 0.36932373046875 -0.286224365234375
0.0255622863769531 0.0447921752929688 0.61663818359375 0.000854492187500003
-0.0182399749755859 -0.00319862365722656 0.42913818359375 0.5570068359375
-0.0284500122070313 -0.0755386352539063 -0.09130859375 0.86309814453125
0.0380897521972656 -0.0530586242675781 -0.375213623046875 0.52349853515625
0.0752410888671875 -0.027984619140625 0.169769287109375 -0.000579833984375002
0.0499382019042969 -0.0617485046386719 0.44842529296875 -0.6732177734375
0.003662109375 -0.0656089782714844 -0.17724609375 -0.8792724609375
-0.0173473358154297 -0.016474723815918 -0.71356201171875 -0.2913818359375
0.000776290893554686 0.0215129852294922 -0.57098388671875 0.2816162109375
0.0243568420410156 0.045257568359375 -0.248291015625 0.383880615234375
0.0143280029296875 0.0449333190917969 0.0614471435546875 0.249374389648438
-0.00760507583618164 0.00858736038208008 0.175338745117188 0.0357818603515625
0.00497245788574219 -0.0134153366088867 -0.0942535400390625 -0.0663833618164063
0.00979232788085938 0.0412025451660156 0.08319091796875 -0.2647705078125
0.034027099609375 0.0474357604980469 0.367218017578125 -0.284271240234375
0.0237922668457031 0.0425186157226563 0.5938720703125 0.03326416015625
-0.0232429504394531 0.00829696655273438 0.3848876953125 0.60284423828125
-0.0333595275878906 -0.068756103515625 -0.144287109375 0.8896484375
0.038299560546875 -0.0491104125976563 -0.396728515625 0.524383544921875
0.08343505859375 -0.0335693359375 0.180313110351563 -0.0023651123046875
0.0421562194824219 -0.065582275390625 0.41943359375 -0.674560546875
-0.00854110717773437 -0.0600662231445313 -0.22735595703125 -0.8438720703125
-0.0224628448486328 -0.0116710662841797 -0.72900390625 -0.23663330078125
0.00397109985351562 0.0212917327880859 -0.55914306640625 0.3125
0.0276451110839844 0.0358123779296875 -0.24127197265625 0.3941650390625
0.0174789428710938 0.0294666290283203 0.0647430419921875 0.24627685546875
-0.00340437889099121 -0.00142502784729004 0.177139282226563 0.041595458984375
0.00821495056152344 -0.0249195098876953 -0.0875625610351563 -0.0599365234375
0.0218429565429687 0.0223350524902344 0.0941314697265625 -0.271636962890625
0.0433235168457031 0.023651123046875 0.370147705078125 -0.28143310546875
0.0228958129882813 0.0408172607421875 0.58404541015625 0.05108642578125
-0.0324325561523438 0.0142364501953125 0.3548583984375 0.6259765625
-0.0437431335449219 -0.0627975463867187 -0.1810302734375 0.90167236328125
0.0433616638183594 -0.0538406372070313 -0.409149169921875 0.527587890625
0.0968704223632812 -0.039215087890625 0.185714721679687 0.000289916992187498
0.0400657653808594 -0.0645179748535156 0.4012451171875 -0.67694091796875
-0.020233154296875 -0.0469512939453125 -0.2506103515625 -0.8284912109375
-0.0258560180664063 0.00274085998535156 -0.7340087890625 -0.2093505859375
0.00269412994384766 0.016632080078125 -0.558319091796875 0.331512451171875
0.0317554473876953 0.0151691436767578 -0.236846923828125 0.3990478515625
0.0249748229980469 0.0107326507568359 0.067474365234375 0.242401123046875
-0.00484275817871094 -0.0130195617675781 0.178192138671875 0.0396881103515625
0.0130252838134766 -0.0298328399658203 -0.089813232421875 -0.0553741455078125
0.0360565185546875 -0.00106048583984375 0.09478759765625 -0.27667236328125
0.0502738952636719 0.00490570068359375 0.363433837890625 -0.285369873046875
0.0245647430419922 0.0310211181640625 0.58074951171875 0.04974365234375
-0.0402717590332031 0.0258026123046875 0.35662841796875 0.63153076171875
-0.0597496032714844 -0.0537796020507813 -0.18017578125 0.90478515625
0.0415802001953125 -0.0529708862304688 -0.406585693359375 0.527618408203125
0.108039855957031 -0.044952392578125 0.183303833007813 0.00225830078125
0.0344467163085938 -0.0626678466796875 0.39849853515625 -0.66937255859375
-0.0304107666015625 -0.0337638854980469 -0.2508544921875 -0.82684326171875
-0.0313243865966797 0.0139217376708984 -0.73455810546875 -0.21331787109375
0.00208950042724609 0.0160493850708008 -0.5570068359375 0.332122802734375
0.0308341979980469 -0.00268936157226562 -0.24029541015625 0.39971923828125
0.0285377502441406 -0.0160388946533203 0.064117431640625 0.241455078125
0.00231552124023438 -0.0271148681640625 0.175674438476562 0.035919189453125
0.0194625854492188 -0.0458984375 -0.0953521728515625 -0.0554046630859375
0.0504226684570313 -0.0203704833984375 0.087890625 -0.281982421875
0.0582351684570313 -0.021331787109375 0.357208251953125 -0.296905517578125
0.0245647430419922 0.02117919921875 0.581787109375 0.03070068359375
-0.0526885986328125 0.036956787109375 0.3779296875 0.61676025390625
-0.0765380859375 -0.0423126220703125 -0.14825439453125 0.90521240234375
0.036376953125 -0.0552520751953125 -0.399261474609375 0.53961181640625
0.1177978515625 -0.050750732421875 0.178909301757813 0.0079803466796875
0.0353775024414063 -0.0601234436035156 0.4188232421875 -0.663818359375
-0.0378875732421875 -0.0201148986816406 -0.2232666015625 -0.83892822265625
-0.0384559631347656 0.0277442932128906 -0.73016357421875 -0.2418212890625
-0.00327396392822266 0.0123729705810547 -0.5682373046875 0.31292724609375
0.0312156677246094 -0.0177516937255859 -0.2525634765625 0.391387939453125
0.0305538177490234 -0.0345649719238281 0.0600433349609375 0.23828125
0.002899169921875 -0.0409431457519531 0.17626953125 0.0358734130859375
0.0190582275390625 -0.0583610534667969 -0.101211547851563 -0.0571746826171875
0.0578994750976563 -0.0387153625488281 0.07574462890625 -0.282318115234375
0.0621871948242187 -0.0442771911621094 0.346038818359375 -0.310943603515625
0.0209522247314453 0.0163211822509766 0.58892822265625 0.00115966796875
-0.0613861083984375 0.0474891662597656 0.42315673828125 0.5810546875
-0.089508056640625 -0.0290145874023437 -0.08917236328125 0.89471435546875
0.0319023132324219 -0.0573616027832031 -0.375732421875 0.549957275390625
0.129470825195312 -0.0555191040039062 0.167510986328125 0.015380859375
0.0408706665039062 -0.0581512451171875 0.45269775390625 -0.653076171875
-0.0439186096191406 -0.0117835998535156 -0.17181396484375 -0.87176513671875
-0.0464248657226563 0.0379180908203125 -0.71295166015625 -0.29693603515625
-0.00848007202148438 0.0123710632324219 -0.58526611328125 0.2763671875
0.0295619964599609 -0.0338668823242188 -0.272705078125 0.37811279296875
0.036834716796875 -0.0490379333496094 0.049224853515625 0.232864379882813
0.000373840332031253 -0.0517349243164063 0.174560546875 0.0348052978515625
0.0196800231933594 -0.0623817443847656 -0.112846374511719 -0.055999755859375
0.0565223693847656 -0.0485572814941406 0.057891845703125 -0.280715942382813
0.0565681457519531 -0.0577468872070313 0.33282470703125 -0.324859619140625
0.0171403884887695 0.0119838714599609 0.5994873046875 -0.046142578125
-0.0604095458984375 0.05877685546875 0.47967529296875 0.52911376953125
-0.0971755981445313 -0.0114822387695313 -0.0140380859375001 0.871337890625
0.0245094299316406 -0.054718017578125 -0.348541259765625 0.556396484375
0.13494873046875 -0.0531234741210938 0.153915405273438 0.022674560546875
0.048858642578125 -0.0570831298828125 0.49468994140625 -0.6375732421875
-0.044708251953125 -0.00716781616210938 -0.09808349609375 -0.9068603515625
-0.0530166625976563 0.0437469482421875 -0.68646240234375 -0.36767578125
-0.0138111114501953 0.00817966461181641 -0.59765625 0.2303466796875
0.0332794189453125 -0.0428619384765625 -0.287750244140625 0.362884521484375
0.0442657470703125 -0.0595207214355469 0.04290771484375 0.231369018554688
0.00406265258789062 -0.0599441528320312 0.1727294921875 0.0314788818359375
0.000652790069580078 0.00559520721435547 -0.1165771484375 -0.0695571899414062
0.00284194946289063 0.0622215270996094 0.0579071044921875 -0.259140014648438
0.0337181091308594 0.0587577819824219 0.361236572265625 -0.300079345703125
0.0268592834472656 0.0393905639648438 0.627197265625 -0.04388427734375
-0.0180721282958984 -0.00580024719238281 0.48046875 0.501190185546875
-0.0305938720703125 -0.0752410888671875 -0.01947021484375 0.83636474609375
0.0328445434570313 -0.0497894287109375 -0.3505859375 0.526763916015625
0.0713577270507813 -0.021728515625 0.157379150390625 0.0023193359375
0.0548324584960938 -0.0552711486816406 0.48931884765625 -0.66241455078125
0.0131072998046875 -0.0668106079101563 -0.11114501953125 -0.9190673828125
-0.0155582427978516 -0.016697883605957 -0.68170166015625 -0.3582763671875
-0.00250625610351563 0.0257930755615234 -0.57769775390625 0.239501953125
0.0176506042480469 0.0531806945800781 -0.262115478515625 0.3760986328125
0.0064544677734375 0.0498123168945313 0.051055908203125 0.253311157226563
-0.00845718383789062 0.0134344100952148 0.172134399414062 0.0333709716796875
-0.000503063201904297 -0.00281429290771484 -0.105491638183594 -0.0662078857421875
0.00401687622070313 0.0551185607910156 0.0729217529296875 -0.261642456054688
0.0322113037109375 0.0566482543945313 0.365753173828125 -0.286590576171875
0.0246925354003906 0.0428314208984375 0.61199951171875 0.00201416015625
-0.0176963806152344 -0.00282669067382813 0.426177978515625 0.555999755859375
-0.0286712646484375 -0.0750350952148438 -0.0904541015624999 0.86029052734375
0.0375633239746094 -0.0499114990234375 -0.37518310546875 0.5224609375
0.0784835815429688 -0.0286636352539063 0.16748046875 -0.0010833740234375
0.0487289428710938 -0.0625381469726563 0.44720458984375 -0.6688232421875
0.00230026245117187 -0.0662803649902344 -0.17633056640625 -0.876953125
-0.0184268951416016 -0.0160865783691406 -0.70733642578125 -0.28875732421875
0.000761032104492189 0.0226993560791016 -0.56951904296875 0.2808837890625
0.0243606567382813 0.0458450317382813 -0.250274658203125 0.3856201171875
0.0130996704101562 0.0437355041503906 0.0601959228515625 0.249160766601563
-0.00879383087158203 0.0106086730957031 0.17376708984375 0.0364532470703125
0.00216007232666016 -0.0123176574707031 -0.0963668823242188 -0.0664901733398437
0.0099945068359375 0.0396041870117187 0.085540771484375 -0.264602661132813
0.0350532531738281 0.0450782775878906 0.36492919921875 -0.282440185546875
0.024078369140625 0.0433921813964844 0.5936279296875 0.0333251953125
-0.0244579315185547 0.00658035278320312 0.3809814453125 0.60174560546875
-0.0336036682128906 -0.0682945251464844 -0.14251708984375 0.8861083984375
0.0397605895996094 -0.0504570007324219 -0.398162841796875 0.52117919921875
0.083221435546875 -0.0327911376953125 0.179763793945313 -0.00115966796875
0.0425033569335937 -0.0643463134765625 0.41632080078125 -0.67059326171875
-0.00870513916015624 -0.0582122802734375 -0.22344970703125 -0.8431396484375
-0.0218982696533203 -0.00816535949707031 -0.7235107421875 -0.23748779296875
0.00114250183105469 0.0188579559326172 -0.559478759765625 0.313812255859375
0.0276012420654297 0.0339431762695313 -0.24114990234375 0.392425537109375
0.0186500549316406 0.0287933349609375 0.065032958984375 0.244659423828125
-0.00438976287841797 -0.00132465362548828 0.177276611328125 0.0384368896484375
0.00707054138183594 -0.0255661010742187 -0.0883407592773438 -0.059967041015625
0.0239009857177734 0.0226097106933594 0.0940093994140625 -0.271804809570313
0.0426101684570313 0.0244140625 0.368377685546875 -0.280303955078125
0.0244674682617188 0.0385246276855469 0.58154296875 0.05157470703125
-0.0321769714355469 0.0148487091064453 0.3524169921875 0.62493896484375
-0.0441741943359375 -0.0625076293945312 -0.17852783203125 0.90032958984375
0.0422744750976563 -0.0495567321777344 -0.408447265625 0.524200439453125
0.0958404541015625 -0.0393295288085938 0.1844482421875 -0.000457763671875002
0.0378646850585938 -0.064422607421875 0.3992919921875 -0.67034912109375
-0.0188407897949219 -0.0486030578613281 -0.248291015625 -0.82415771484375
-0.02783203125 0.00355911254882813 -0.72943115234375 -0.209228515625
0.00126838684082031 0.0152702331542969 -0.5548095703125 0.330902099609375
0.0289802551269531 0.0156021118164062 -0.237548828125 0.39849853515625
0.0240192413330078 0.00916099548339844 0.0682525634765625 0.24151611328125
-0.0019083023071289 -0.0143547058105469 0.178756713867188 0.0388336181640625
0.0143642425537109 -0.0289020538330078 -0.0886459350585938 -0.0571365356445312
0.0368499755859375 -0.00170135498046875 0.094207763671875 -0.277694702148438
0.0487937927246094 0.0051116943359375 0.361480712890625 -0.284149169921875
0.0246849060058594 0.0299835205078125 0.577392578125 0.0499267578125
-0.0405807495117188 0.024169921875 0.35443115234375 0.62884521484375
-0.0586280822753906 -0.0537033081054688 -0.17987060546875 0.901123046875
0.0406227111816406 -0.0525856018066406 -0.4068603515625 0.523468017578125
0.105979919433594 -0.043731689453125 0.180953979492187 0.00299072265625
0.0345458984375 -0.0620193481445313 0.39996337890625 -0.6656494140625
-0.0310726165771484 -0.0347614288330078 -0.24981689453125 -0.8236083984375
-0.0328578948974609 0.0154914855957031 -0.73126220703125 -0.2119140625
0.00159835815429688 0.0155963897705078 -0.555999755859375 0.330291748046875
0.031097412109375 -0.00255584716796875 -0.24029541015625 0.398681640625
0.0288543701171875 -0.0143928527832031 0.063812255859375 0.23944091796875
0.00263023376464844 -0.0270957946777344 0.17633056640625 0.036163330078125
0.018585205078125 -0.0462913513183594 -0.0926895141601563 -0.0545501708984375
0.05047607421875 -0.0204963684082031 0.089111328125 -0.2813720703125
0.0582427978515625 -0.0206451416015625 0.3551025390625 -0.295257568359375
0.0222949981689453 0.0214900970458984 0.5791015625 0.02996826171875
-0.0525627136230469 0.0357551574707031 0.3768310546875 0.6138916015625
-0.075531005859375 -0.0423049926757813 -0.14923095703125 0.9033203125
0.037109375 -0.0544204711914063 -0.397552490234375 0.5355224609375
0.118247985839844 -0.0480804443359375 0.17645263671875 0.00933837890625
0.0366325378417969 -0.0604019165039063 0.41748046875 -0.65826416015625
-0.03662109375 -0.02130126953125 -0.21990966796875 -0.837158203125
-0.0395393371582031 0.0267715454101563 -0.72357177734375 -0.2413330078125
-0.00408649444580078 0.0130615234375 -0.5667724609375 0.3101806640625
0.0306816101074219 -0.0184383392333984 -0.251129150390625 0.39141845703125
0.0317344665527344 -0.0340423583984375 0.059051513671875 0.236236572265625
0.00201034545898437 -0.0410308837890625 0.177337646484375 0.036712646484375
0.0191917419433594 -0.0574569702148438 -0.100273132324219 -0.0561752319335938
0.0578727722167969 -0.0377883911132813 0.0740814208984375 -0.28094482421875
0.0611190795898438 -0.0437965393066406 0.343109130859375 -0.310760498046875
0.0193614959716797 0.0145339965820313 0.58526611328125 0.000549316406250001
-0.0617942810058594 0.0476531982421875 0.4222412109375 0.57952880859375
-0.0892562866210938 -0.02618408203125 -0.0921630859375001 0.891845703125
0.0319099426269531 -0.0542030334472656 -0.376983642578125 0.547882080078125
0.129409790039063 -0.0532989501953125 0.166397094726563 0.0160064697265625
0.0418777465820313 -0.056671142578125 0.4503173828125 -0.6483154296875
-0.0436477661132813 -0.0113182067871094 -0.1693115234375 -0.86785888671875
-0.0445365905761719 0.0357093811035156 -0.7086181640625 -0.29656982421875
-0.00709056854248047 0.0107698440551758 -0.5830078125 0.2772216796875
0.0309696197509766 -0.0329971313476563 -0.26885986328125 0.37762451171875
0.0361480712890625 -0.0490188598632813 0.0523681640625 0.232192993164063
0.0023651123046875 -0.0523490905761719 0.175186157226562 0.0347137451171875
0.0191421508789063 -0.0610275268554687 -0.110145568847656 -0.0563125610351563
0.0572662353515625 -0.0483779907226563 0.0562286376953125 -0.279281616210937
0.0551071166992187 -0.0562515258789063 0.33148193359375 -0.32568359375
0.0151090621948242 0.0132999420166016 0.59747314453125 -0.04571533203125
-0.0616607666015625 0.0572586059570313 0.479583740234375 0.525238037109375
-0.0952835083007812 -0.0120391845703125 -0.01287841796875 0.86907958984375
0.0235862731933594 -0.0535774230957031 -0.3468017578125 0.554443359375
0.132720947265625 -0.0510940551757813 0.15118408203125 0.0218658447265625
0.0469970703125 -0.0535736083984375 0.49310302734375 -0.63275146484375
-0.0470619201660156 -0.006500244140625 -0.09564208984375 -0.904541015625
-0.0523643493652344 0.0426750183105469 -0.68206787109375 -0.36773681640625
-0.0130596160888672 0.00964927673339844 -0.59521484375 0.22869873046875
0.0326004028320313 -0.0431327819824219 -0.286102294921875 0.362518310546875
0.0419235229492187 -0.0583000183105469 0.0396575927734375 0.23138427734375
0.00310897827148438 -0.057891845703125 0.17315673828125 0.0301971435546875
-0.000345230102539063 0.00220060348510742 -0.117774963378906 -0.0694732666015625
0.00345230102539063 0.0616912841796875 0.057769775390625 -0.258697509765625
0.0337486267089844 0.0585861206054688 0.35919189453125 -0.2994384765625
0.0249519348144531 0.03973388671875 0.62713623046875 -0.0445556640625
-0.0171432495117188 -0.00648880004882812 0.476470947265625 0.502227783203125
-0.0312652587890625 -0.0744247436523438 -0.0216674804687501 0.8345947265625
0.0323371887207031 -0.0485687255859375 -0.349639892578125 0.522491455078125
0.0721206665039063 -0.0220260620117188 0.156036376953125 0.0032958984375
0.0549278259277344 -0.0546493530273437 0.4893798828125 -0.6591796875
0.0140151977539063 -0.0673751831054688 -0.1094970703125 -0.91644287109375
-0.0146665573120117 -0.0162343978881836 -0.67877197265625 -0.360107421875
-0.00177764892578125 0.0260295867919922 -0.57635498046875 0.23907470703125
0.015960693359375 0.053131103515625 -0.26312255859375 0.375885009765625
0.00728988647460938 0.0519599914550781 0.0502777099609375 0.254409790039063
-0.00803756713867188 0.0147294998168945 0.171951293945313 0.033966064453125
-0.000542402267456055 -0.00275707244873047 -0.104965209960937 -0.0670089721679688
0.00513076782226563 0.0541954040527344 0.0725860595703125 -0.261642456054688
0.0306129455566406 0.0563697814941406 0.365936279296875 -0.284912109375
0.02593994140625 0.0440254211425781 0.61138916015625 0.00250244140625
-0.0188884735107422 -0.00185775756835938 0.421478271484375 0.554534912109375
-0.02996826171875 -0.0737457275390625 -0.09100341796875 0.8582763671875
0.0371055603027344 -0.0507850646972656 -0.37445068359375 0.51849365234375
0.0755767822265625 -0.0268936157226562 0.168609619140625 0.000839233398437498
0.0500907897949219 -0.0605087280273438 0.44720458984375 -0.66412353515625
0.00265121459960938 -0.065765380859375 -0.175048828125 -0.87664794921875
-0.0182399749755859 -0.0164890289306641 -0.70428466796875 -0.2939453125
0.000255584716796874 0.0222740173339844 -0.56884765625 0.28106689453125
0.0238227844238281 0.0463752746582031 -0.249786376953125 0.386566162109375
0.0135040283203125 0.044036865234375 0.0594329833984375 0.249588012695312
-0.00790786743164063 0.0103464126586914 0.173294067382812 0.0365447998046875
0.00323200225830078 -0.0121364593505859 -0.0955734252929688 -0.0657882690429688
0.00963973999023437 0.0387229919433594 0.0837554931640625 -0.2657470703125
0.0343055725097656 0.0462112426757813 0.362396240234375 -0.282257080078125
0.0238990783691406 0.0425300598144531 0.58868408203125 0.03411865234375
-0.0242710113525391 0.00731277465820312 0.3779296875 0.60321044921875
-0.0332984924316406 -0.0684013366699219 -0.14752197265625 0.883544921875
0.0386619567871094 -0.047821044921875 -0.3978271484375 0.518829345703125
0.0845413208007813 -0.0307846069335938 0.177154541015625 0.000244140624999998
0.0418624877929688 -0.0629730224609375 0.41546630859375 -0.66534423828125
-0.00789642333984375 -0.0575523376464844 -0.2191162109375 -0.8402099609375
-0.0210819244384766 -0.00838470458984375 -0.721435546875 -0.23590087890625
0.00141525268554688 0.0190811157226563 -0.559234619140625 0.31005859375
0.0286521911621094 0.0322170257568359 -0.241241455078125 0.39276123046875
0.0194187164306641 0.0282402038574219 0.0640716552734375 0.245773315429687
-0.00468730926513672 -0.00166940689086914 0.174209594726563 0.0400848388671875
0.008209228515625 -0.0238609313964844 -0.0867462158203125 -0.059112548828125
0.0226020812988281 0.0213184356689453 0.093597412109375 -0.27239990234375
0.0416297912597656 0.0243873596191406 0.3656005859375 -0.2786865234375
0.0219879150390625 0.0378074645996094 0.5799560546875 0.0516357421875
-0.0325126647949219 0.0157260894775391 0.3485107421875 0.6251220703125
-0.0424156188964844 -0.0626945495605469 -0.18316650390625 0.89654541015625
0.0406608581542969 -0.0495529174804687 -0.409881591796875 0.520294189453125
0.094970703125 -0.0378952026367187 0.182220458984375 0.000564575195312498
0.03729248046875 -0.0637016296386719 0.400146484375 -0.66705322265625
-0.0194740295410156 -0.0461578369140625 -0.24639892578125 -0.8233642578125
-0.0273246765136719 0.00260543823242188 -0.7274169921875 -0.21002197265625
0.00226116180419922 0.0166435241699219 -0.55523681640625 0.330047607421875
0.0299510955810547 0.0142593383789063 -0.2364501953125 0.398284912109375
0.0232982635498047 0.00797080993652344 0.068267822265625 0.241470336914063
-0.00255584716796875 -0.0136384963989258 0.179534912109375 0.0388336181640625
0.0148162841796875 -0.0287380218505859 -0.0876998901367188 -0.0559310913085938
0.0366287231445313 -0.002105712890625 0.0927276611328125 -0.276626586914063
0.0478630065917969 0.00370407104492188 0.360809326171875 -0.28326416015625
0.0237998962402344 0.0287513732910156 0.575927734375 0.04962158203125
-0.0413169860839844 0.0239791870117187 0.35345458984375 0.630615234375
-0.0583152770996094 -0.0538177490234375 -0.18145751953125 0.90087890625
0.0405731201171875 -0.0517158508300781 -0.405487060546875 0.520904541015625
0.105987548828125 -0.0441055297851563 0.17913818359375 0.0035552978515625
0.0352058410644531 -0.0601654052734375 0.3985595703125 -0.66168212890625
-0.0302906036376953 -0.0330696105957031 -0.2476806640625 -0.8204345703125
-0.0313892364501953 0.0152778625488281 -0.730224609375 -0.21295166015625
0.00011157989501953 0.0146961212158203 -0.5545654296875 0.329376220703125
0.0303382873535156 -0.00267601013183594 -0.240386962890625 0.39752197265625
0.0288448333740234 -0.0164051055908203 0.0627593994140625 0.2396240234375
0.0024871826171875 -0.0277690887451172 0.176406860351562 0.0346527099609375
0.0192794799804687 -0.0445022583007813 -0.0910186767578125 -0.0551681518554688
0.0504608154296875 -0.0202903747558594 0.087493896484375 -0.280166625976563
0.0581474304199219 -0.0211105346679688 0.354644775390625 -0.29412841796875
0.0222339630126953 0.0206489562988281 0.57781982421875 0.03173828125
-0.0537490844726563 0.0361442565917969 0.37493896484375 0.61492919921875
-0.074798583984375 -0.0401992797851563 -0.15283203125 0.90093994140625
0.0369682312011719 -0.053985595703125 -0.39892578125 0.5328369140625
0.117988586425781 -0.0471572875976563 0.175643920898438 0.00897216796875
0.0357170104980469 -0.0589981079101563 0.4161376953125 -0.65618896484375
-0.0370597839355469 -0.0196456909179687 -0.21746826171875 -0.8359375
-0.03704833984375 0.0271263122558594 -0.72357177734375 -0.24169921875
-0.00304508209228516 0.0128631591796875 -0.5650634765625 0.30999755859375
0.0304355621337891 -0.0195064544677734 -0.251556396484375 0.389801025390625
0.0323448181152344 -0.0339469909667969 0.0591583251953125 0.235824584960938
0.00100326538085937 -0.0387153625488281 0.175582885742187 0.037322998046875
0.0200386047363281 -0.0560951232910156 -0.09918212890625 -0.0566177368164063
0.0567741394042969 -0.0354423522949219 0.075775146484375 -0.280975341796875
0.0597114562988281 -0.0444450378417969 0.342041015625 -0.309417724609375
0.0190067291259766 0.0151290893554688 0.583984375 0.00177001953125
-0.0610771179199219 0.0469551086425781 0.41876220703125 0.58160400390625
-0.0879364013671875 -0.0265350341796875 -0.09100341796875 0.89227294921875
0.0326461791992188 -0.0555686950683594 -0.37359619140625 0.544097900390625
0.128028869628906 -0.0520401000976563 0.165374755859375 0.0168304443359375
0.04156494140625 -0.0574531555175781 0.45111083984375 -0.64447021484375
-0.0438766479492187 -0.0104217529296875 -0.16668701171875 -0.866943359375
-0.0453720092773438 0.0382194519042969 -0.70733642578125 -0.29705810546875
-0.00830554962158203 0.0116157531738281 -0.58221435546875 0.27593994140625
0.0300521850585937 -0.0318527221679688 -0.2662353515625 0.379058837890625
0.0358505249023438 -0.0481147766113281 0.0518035888671875 0.233184814453125
0.00159072875976562 -0.05126953125 0.174118041992188 0.0350189208984375
0.0181694030761719 -0.0609626770019531 -0.110588073730469 -0.0577545166015625
0.0587577819824219 -0.0476760864257813 0.0574493408203125 -0.279632568359375
0.0544281005859375 -0.0571975708007813 0.329986572265625 -0.325469970703125
0.0167436599731445 0.0129356384277344 0.59588623046875 -0.04412841796875
-0.0623855590820313 0.0588150024414063 0.476715087890625 0.527923583984375
-0.0976333618164063 -0.0105819702148437 -0.015380859375 0.86865234375
0.0232963562011719 -0.0522003173828125 -0.348785400390625 0.551910400390625
0.131607055664063 -0.0497283935546875 0.149993896484375 0.0239105224609375
0.0479507446289062 -0.052703857421875 0.491455078125 -0.62957763671875
-0.0481491088867188 -0.00691604614257813 -0.0955810546875 -0.9034423828125
-0.0525131225585938 0.0417022705078125 -0.6790771484375 -0.36846923828125
-0.0130805969238281 0.00968360900878906 -0.59442138671875 0.2257080078125
0.0329704284667969 -0.041595458984375 -0.287994384765625 0.364471435546875
0.0441551208496094 -0.0576362609863281 0.0417327880859375 0.231552124023438
0.00131225585937501 -0.0561447143554688 0.173431396484375 0.0328826904296875
-0.000123739242553711 0.00416994094848633 -0.117240905761719 -0.0690689086914063
0.00457000732421876 0.0603866577148438 0.058624267578125 -0.25909423828125
0.0338592529296875 0.0583610534667969 0.360137939453125 -0.298309326171875
0.0253448486328125 0.038482666015625 0.625 -0.0435791015625
-0.0184917449951172 -0.00569725036621094 0.474853515625 0.505035400390625
-0.0305252075195313 -0.0731048583984375 -0.02349853515625 0.83404541015625
0.0331573486328125 -0.04766845703125 -0.35113525390625 0.522216796875
0.0700721740722656 -0.0209503173828125 0.155746459960937 0.0031890869140625
0.0543174743652344 -0.0549736022949219 0.490234375 -0.65643310546875
0.0129890441894531 -0.0657272338867188 -0.1065673828125 -0.91552734375
-0.0144453048706055 -0.0151252746582031 -0.67840576171875 -0.3603515625
-0.00210762023925781 0.0268001556396484 -0.5765380859375 0.23883056640625
0.0164947509765625 0.0528221130371094 -0.261932373046875 0.37689208984375
0.00704193115234375 0.0516357421875 0.050628662109375 0.252700805664063
-0.00882911682128907 0.0132112503051758 0.172470092773438 0.0342864990234375
-0.00123000144958496 -0.00305938720703125 -0.105140686035156 -0.0670852661132813
0.00261688232421875 0.0555839538574219 0.0727996826171875 -0.261444091796875
0.0299911499023437 0.0555305480957031 0.364501953125 -0.28570556640625
0.0239448547363281 0.0439643859863281 0.61138916015625 0.00390625
-0.0175323486328125 -0.00119209289550781 0.4195556640625 0.556427001953125
-0.0281143188476563 -0.0747451782226562 -0.0938110351562501 0.8572998046875
0.0376091003417969 -0.0492668151855469 -0.376983642578125 0.516510009765625
0.0771636962890625 -0.0270843505859375 0.167343139648438 0.000183105468749998
0.0479049682617187 -0.0596580505371094 0.44866943359375 -0.66375732421875
0.00409698486328124 -0.0656471252441406 -0.1708984375 -0.875732421875
-0.0181484222412109 -0.0152568817138672 -0.7037353515625 -0.29205322265625
0.000665664672851561 0.0223808288574219 -0.56878662109375 0.27972412109375
0.0235404968261719 0.0446014404296875 -0.250244140625 0.38494873046875
0.0140876770019531 0.0435142517089844 0.0603485107421875 0.249298095703125
-0.00752162933349609 0.00879383087158203 0.174789428710937 0.0358123779296875
0.00223445892333984 -0.0115871429443359 -0.0954360961914063 -0.0669784545898438
0.008270263671875 0.0390777587890625 0.0865478515625 -0.263687133789063
0.0348396301269531 0.0460281372070312 0.362884521484375 -0.28265380859375
0.0239295959472656 0.0433273315429688 0.58966064453125 0.03497314453125
-0.0242042541503906 0.00632286071777343 0.3751220703125 0.60321044921875
-0.0331382751464844 -0.0678253173828125 -0.1490478515625 0.8819580078125
0.0410575866699219 -0.0483055114746094 -0.399322509765625 0.515167236328125
0.0821685791015625 -0.0308761596679688 0.174789428710938 -0.00213623046875
0.0414161682128906 -0.0635871887207031 0.4171142578125 -0.6644287109375
-0.00848007202148437 -0.05712890625 -0.2188720703125 -0.84136962890625
-0.0206642150878906 -0.00759506225585938 -0.7197265625 -0.24041748046875
0.0013885498046875 0.0191974639892578 -0.55865478515625 0.311767578125
0.0280838012695313 0.033111572265625 -0.240509033203125 0.394134521484375
0.0191993713378906 0.0284461975097656 0.06488037109375 0.2462158203125
-0.00440645217895508 -0.000440120697021484 0.174896240234375 0.039703369140625
0.00777816772460938 -0.0240421295166016 -0.0871658325195313 -0.0614166259765625
0.0233211517333984 0.0215663909912109 0.094940185546875 -0.273040771484375
0.0404930114746094 0.0233955383300781 0.365997314453125 -0.280426025390625
0.0228691101074219 0.0383834838867187 0.57830810546875 0.05291748046875
-0.0308856964111328 0.0152263641357422 0.34625244140625 0.625244140625
-0.0434036254882813 -0.0608062744140625 -0.18621826171875 0.89642333984375
0.0424995422363281 -0.0502548217773437 -0.411224365234375 0.51806640625
0.0941619873046875 -0.0367279052734375 0.18182373046875 0.0010986328125
0.037689208984375 -0.0619468688964844 0.40093994140625 -0.66522216796875
-0.0186119079589844 -0.0455856323242187 -0.2430419921875 -0.8214111328125
-0.0265636444091797 0.00287818908691406 -0.72637939453125 -0.211669921875
0.00102138519287109 0.0175609588623047 -0.55322265625 0.32904052734375
0.0301856994628906 0.0160179138183594 -0.237823486328125 0.3974609375
0.0246772766113281 0.008636474609375 0.0676422119140625 0.240951538085938
-0.00294303894042969 -0.0135364532470703 0.178070068359375 0.0392913818359375
0.0142078399658203 -0.0287818908691406 -0.0873184204101563 -0.0566024780273438
0.0377349853515625 -0.00124740600585937 0.0945587158203125 -0.277023315429687
0.0478324890136719 0.00348663330078125 0.3612060546875 -0.2845458984375
0.0234355926513672 0.0296745300292969 0.57672119140625 0.0513916015625
-0.0411643981933594 0.0246467590332031 0.35113525390625 0.63018798828125
-0.0582542419433594 -0.0536994934082031 -0.18499755859375 0.899169921875
0.0411529541015625 -0.0510292053222656 -0.406951904296875 0.518890380859375
0.105056762695312 -0.04180908203125 0.178543090820313 0.0037994384765625
0.0355339050292969 -0.0599174499511719 0.3988037109375 -0.65972900390625
-0.0300083160400391 -0.0329570770263672 -0.2459716796875 -0.8214111328125
-0.0318584442138672 0.0153980255126953 -0.72698974609375 -0.21417236328125
0.000859260559082032 0.0154991149902344 -0.55438232421875 0.327484130859375
0.0314979553222656 -0.00113868713378906 -0.240875244140625 0.39801025390625
0.0290889739990234 -0.0156574249267578 0.062835693359375 0.239791870117188
0.0020751953125 -0.0271263122558594 0.176422119140625 0.0358428955078125
0.0186767578125 -0.0444183349609375 -0.091064453125 -0.0562667846679687
0.0509529113769531 -0.0212669372558594 0.0876617431640625 -0.279937744140625
0.0571441650390625 -0.0206489562988281 0.35284423828125 -0.295989990234375
0.0228424072265625 0.0205402374267578 0.57598876953125 0.03228759765625
-0.0519981384277344 0.0350151062011719 0.37274169921875 0.6142578125
-0.0751113891601562 -0.0403518676757813 -0.15460205078125 0.90008544921875
0.0380363464355469 -0.0536880493164063 -0.39984130859375 0.52996826171875
0.118034362792969 -0.0468673706054688 0.17340087890625 0.010162353515625
0.0368690490722656 -0.0588569641113281 0.41876220703125 -0.653564453125
-0.0376205444335938 -0.0198707580566406 -0.2149658203125 -0.83502197265625
-0.0363578796386719 0.0274200439453125 -0.721923828125 -0.24346923828125
-0.00357246398925781 0.0130815505981445 -0.564697265625 0.3109130859375
0.0299396514892578 -0.0178508758544922 -0.251617431640625 0.389404296875
0.0328273773193359 -0.0333938598632813 0.0590057373046875 0.237030029296875
0.00182723999023437 -0.0396232604980469 0.176895141601563 0.0364532470703125
0.019317626953125 -0.0561447143554688 -0.0996551513671875 -0.0574111938476563
0.0586509704589844 -0.0384292602539063 0.076171875 -0.281829833984375
0.0600166320800781 -0.0448989868164063 0.342071533203125 -0.309967041015625
0.0170345306396484 0.0142402648925781 0.5836181640625 0.003173828125
-0.0604667663574219 0.0476608276367188 0.4176025390625 0.58099365234375
-0.0883255004882812 -0.026336669921875 -0.0942382812500001 0.8916015625
0.0323944091796875 -0.053558349609375 -0.377197265625 0.541900634765625
0.127670288085938 -0.0494918823242188 0.164749145507813 0.0173797607421875
0.0420913696289063 -0.0563087463378906 0.45098876953125 -0.64288330078125
-0.0422744750976562 -0.0100822448730469 -0.16424560546875 -0.8658447265625
-0.0446205139160156 0.0382499694824219 -0.704345703125 -0.2982177734375
-0.00837421417236328 0.0122213363647461 -0.58331298828125 0.2744140625
0.0296878814697266 -0.0315971374511719 -0.270263671875 0.378997802734375
0.03900146484375 -0.0467720031738281 0.051483154296875 0.233200073242187
0.00139999389648437 -0.0496788024902344 0.174591064453125 0.035552978515625
0.0189552307128906 -0.0596809387207031 -0.111152648925781 -0.0571212768554687
0.0589332580566406 -0.0466995239257813 0.0587921142578125 -0.279678344726563
0.0544967651367187 -0.0564422607421875 0.327545166015625 -0.32318115234375
0.0143890380859375 0.0114412307739258 0.5941162109375 -0.04449462890625
-0.0629196166992187 0.05950927734375 0.4754638671875 0.5281982421875
-0.094696044921875 -0.0101470947265625 -0.01800537109375 0.866455078125
0.0252685546875 -0.0497474670410156 -0.350921630859375 0.5506591796875
0.132232666015625 -0.0491867065429688 0.148651123046875 0.0247802734375
0.046661376953125 -0.0523338317871094 0.49456787109375 -0.6251220703125
-0.046539306640625 -0.00568389892578125 -0.09197998046875 -0.9036865234375
-0.052490234375 0.0418357849121094 -0.6776123046875 -0.36968994140625
-0.01263427734375 0.00777339935302734 -0.59259033203125 0.2244873046875
0.0322151184082031 -0.0421142578125 -0.287445068359375 0.3621826171875
0.0427818298339844 -0.0577621459960938 0.0409698486328125 0.233474731445313
0.00300216674804687 -0.0547370910644531 0.172988891601563 0.0315093994140625
0.00110244750976562 0.00467681884765625 -0.116744995117188 -0.0702972412109375
0.00363540649414062 0.061737060546875 0.0587615966796875 -0.259124755859375
0.0330352783203125 0.0580482482910156 0.359710693359375 -0.2987060546875
0.0257415771484375 0.038726806640625 0.625 -0.03997802734375
-0.0202465057373047 -0.00560760498046875 0.472686767578125 0.50604248046875
-0.0308380126953125 -0.0728607177734375 -0.0284423828125 0.83563232421875
0.03118896484375 -0.0479469299316406 -0.3543701171875 0.51861572265625
0.0716552734375 -0.0201034545898438 0.152755737304687 0.003387451171875
0.0536537170410156 -0.0554962158203125 0.490478515625 -0.65380859375
0.0136871337890625 -0.0653266906738281 -0.10491943359375 -0.91912841796875
-0.0143604278564453 -0.0165414810180664 -0.6783447265625 -0.36370849609375
-0.00329399108886719 0.0267124176025391 -0.57708740234375 0.23779296875
0.0172691345214844 0.0535316467285156 -0.263916015625 0.378143310546875
0.00696182250976562 0.0506591796875 0.049835205078125 0.254806518554688
-0.00681877136230469 0.016016960144043 0.174606323242188 0.0333709716796875
-0.000894308090209961 -0.00311374664306641 -0.10479736328125 -0.0655288696289062
0.0065155029296875 0.0543060302734375 0.074493408203125 -0.262771606445312
0.0299835205078125 0.0584220886230469 0.366119384765625 -0.2861328125
0.0250205993652344 0.0438575744628906 0.610595703125 0.00616455078125
-0.0207233428955078 -0.000751495361328121 0.418487548828125 0.561737060546875
-0.0278701782226562 -0.0746917724609375 -0.0966796875 0.85784912109375
0.0367851257324219 -0.0513916015625 -0.378326416015625 0.515594482421875
0.0764389038085938 -0.025482177734375 0.164474487304688 0.000320434570312498
0.0479011535644531 -0.0585670471191406 0.4505615234375 -0.661865234375
0.0032196044921875 -0.065155029296875 -0.17071533203125 -0.8780517578125
-0.0189857482910156 -0.0147972106933594 -0.705078125 -0.2960205078125
0.000930786132812502 0.0247211456298828 -0.56939697265625 0.27899169921875
0.0225296020507813 0.0456352233886719 -0.251251220703125 0.387542724609375
0.0124282836914063 0.0431976318359375 0.059295654296875 0.250213623046875
-0.00686836242675781 0.00880908966064453 0.173492431640625 0.0379486083984375
0.00246715545654297 -0.0118904113769531 -0.0928955078125 -0.0669097900390625
0.0109977722167969 0.0394325256347656 0.08734130859375 -0.264068603515625
0.0329742431640625 0.0451507568359375 0.36309814453125 -0.280181884765625
0.0230789184570313 0.0429878234863281 0.58831787109375 0.03692626953125
-0.0241737365722656 0.00565910339355469 0.37811279296875 0.6058349609375
-0.0326042175292969 -0.0660209655761719 -0.14910888671875 0.883544921875
0.038665771484375 -0.047119140625 -0.40167236328125 0.51513671875
0.0834274291992188 -0.0302047729492188 0.175201416015625 -0.000259399414062502
0.0429801940917969 -0.0608634948730469 0.41937255859375 -0.662109375
-0.0059967041015625 -0.0574760437011719 -0.21893310546875 -0.843017578125
-0.0217666625976563 -0.0070648193359375 -0.71734619140625 -0.2427978515625
0.00333976745605469 0.0193996429443359 -0.5582275390625 0.312225341796875
0.0288925170898438 0.0328807830810547 -0.243408203125 0.393768310546875
0.0189132690429688 0.0270652770996094 0.062255859375 0.246292114257813
-0.00367617607116699 -0.00261878967285156 0.178253173828125 0.040313720703125
0.00597572326660156 -0.0236892700195313 -0.0869598388671875 -0.0618362426757813
0.0240440368652344 0.0230464935302734 0.0956268310546875 -0.274520874023438
0.0383262634277344 0.021728515625 0.365142822265625 -0.280853271484375
0.0223159790039062 0.0388679504394531 0.5811767578125 0.052734375
-0.0324497222900391 0.0141830444335937 0.3468017578125 0.6309814453125
-0.0427780151367187 -0.0606231689453125 -0.18927001953125 0.89813232421875
0.0414009094238281 -0.0503120422363281 -0.412841796875 0.5186767578125
0.0939865112304688 -0.0400619506835938 0.182037353515625 0.0010986328125
0.0355567932128906 -0.06121826171875 0.40252685546875 -0.66375732421875
-0.01959228515625 -0.0456581115722656 -0.241455078125 -0.82537841796875
-0.0281524658203125 0.00249862670898438 -0.7261962890625 -0.21417236328125
0.00206089019775391 0.0164499282836914 -0.554046630859375 0.3280029296875
0.0311088562011719 0.0153369903564453 -0.238616943359375 0.400482177734375
0.0239219665527344 0.00821304321289063 0.0657501220703125 0.24365234375
-0.00186920166015625 -0.012913703918457 0.17779541015625 0.03948974609375
0.0138416290283203 -0.0275058746337891 -0.0859832763671875 -0.0591659545898438
0.0394210815429688 -0.00228118896484375 0.095306396484375 -0.27935791015625
0.0484390258789062 0.00437545776367188 0.360748291015625 -0.28265380859375
0.0218868255615234 0.0284976959228516 0.5750732421875 0.052490234375
-0.0426406860351562 0.0235099792480469 0.3485107421875 0.634765625
-0.0578994750976563 -0.0541572570800781 -0.1864013671875 0.90020751953125
0.0419273376464844 -0.0510406494140625 -0.40985107421875 0.51824951171875
0.1053466796875 -0.0420379638671875 0.17669677734375 0.0052947998046875
0.03497314453125 -0.0597343444824219 0.40142822265625 -0.6580810546875
-0.0290412902832031 -0.0326557159423828 -0.24267578125 -0.8236083984375
-0.0308704376220703 0.0153160095214844 -0.7276611328125 -0.21807861328125
0.0014657974243164 0.0152921676635742 -0.554962158203125 0.3292236328125
0.0304813385009766 -0.00241661071777344 -0.24090576171875 0.400665283203125
0.0273323059082031 -0.0150337219238281 0.062591552734375 0.2408447265625
0.00189399719238281 -0.0271072387695313 0.176406860351563 0.037017822265625
0.0191116333007813 -0.0448951721191406 -0.0896682739257813 -0.0578079223632812
0.0503120422363281 -0.0202445983886719 0.088592529296875 -0.2821044921875
0.0565261840820313 -0.0224685668945313 0.35076904296875 -0.29608154296875
0.0209598541259766 0.0202617645263672 0.57733154296875 0.03363037109375
-0.052886962890625 0.03411865234375 0.3731689453125 0.6207275390625
-0.073211669921875 -0.0373382568359375 -0.15704345703125 0.90045166015625
0.0373039245605469 -0.0518531799316406 -0.401824951171875 0.530609130859375
0.117362976074219 -0.0468368530273438 0.172225952148438 0.0101470947265625
0.0377273559570313 -0.0577507019042969 0.42108154296875 -0.65069580078125
-0.0369873046875 -0.0202865600585937 -0.21380615234375 -0.83721923828125
-0.0376396179199219 0.0276756286621094 -0.7236328125 -0.24493408203125
-0.00290489196777344 0.0135726928710937 -0.5687255859375 0.30859375
0.0318183898925781 -0.0187759399414063 -0.2545166015625 0.39068603515625
0.0315265655517578 -0.033172607421875 0.058013916015625 0.236953735351563
0.00407028198242188 -0.0396881103515625 0.17431640625 0.0367584228515625
0.0205421447753906 -0.0549583435058594 -0.0968551635742188 -0.059600830078125
0.0571136474609375 -0.0397567749023438 0.076385498046875 -0.282989501953125
0.0571441650390625 -0.0444145202636719 0.341888427734375 -0.309967041015625
0.0189743041992188 0.0164756774902344 0.58416748046875 0.0029296875
-0.0615234375 0.0474853515625 0.418701171875 0.58349609375
-0.0874404907226563 -0.0273590087890625 -0.097900390625 0.8936767578125
0.0320587158203125 -0.053924560546875 -0.380889892578125 0.5418701171875
0.128089904785156 -0.0491867065429687 0.163345336914062 0.0162811279296875
0.0417366027832031 -0.0545806884765625 0.4542236328125 -0.642822265625
-0.042327880859375 -0.00952911376953125 -0.16314697265625 -0.8675537109375
-0.0452117919921875 0.0386009216308594 -0.7042236328125 -0.3009033203125
-0.00780200958251953 0.0125350952148438 -0.5838623046875 0.27288818359375
0.031463623046875 -0.0323104858398437 -0.270660400390625 0.3792724609375
0.0373573303222656 -0.0470314025878906 0.0508880615234375 0.234786987304688
0.000492095947265623 -0.0499496459960937 0.175186157226563 0.036224365234375
0.0210456848144531 -0.0580291748046875 -0.109939575195313 -0.0587158203125
0.0621910095214844 -0.0465812683105469 0.05755615234375 -0.2796630859375
0.055389404296875 -0.0555191040039063 0.330169677734375 -0.325958251953125
0.0146408081054688 0.010955810546875 0.59490966796875 -0.04046630859375
-0.0614242553710938 0.0592231750488281 0.475128173828125 0.530426025390625
-0.0960617065429688 -0.00929260253906248 -0.01971435546875 0.869384765625
0.0245780944824219 -0.0496711730957031 -0.351348876953125 0.550018310546875
0.13153076171875 -0.0503692626953125 0.14752197265625 0.024688720703125
0.0494003295898438 -0.0520858764648438 0.4959716796875 -0.6241455078125
-0.0456466674804688 -0.00305557250976563 -0.08935546875 -0.9073486328125
-0.0525588989257813 0.0412559509277344 -0.674560546875 -0.37255859375
-0.013524055480957 0.0101146697998047 -0.5963134765625 0.22735595703125
0.03240966796875 -0.0434951782226562 -0.28948974609375 0.363922119140625
0.0441627502441406 -0.0592803955078125 0.040313720703125 0.234939575195313
0.00333023071289063 -0.054351806640625 0.17291259765625 0.0328369140625
-0.00104618072509766 0.00312566757202148 -0.117271423339844 -0.0705108642578125
0.00477218627929688 0.0620155334472656 0.0598297119140625 -0.261764526367188
0.0319747924804688 0.0602798461914063 0.36248779296875 -0.30096435546875
0.0259437561035156 0.0401535034179688 0.62811279296875 -0.0399169921875
-0.0189723968505859 -0.00439071655273437 0.47393798828125 0.51129150390625
-0.0299911499023437 -0.0729141235351563 -0.0316162109375 0.83880615234375
0.0319480895996094 -0.048370361328125 -0.358123779296875 0.5194091796875
0.07098388671875 -0.0201797485351562 0.1534423828125 0.0038604736328125
0.0554084777832031 -0.0536918640136719 0.49310302734375 -0.654541015625
0.0126686096191406 -0.0646133422851563 -0.10382080078125 -0.92236328125
-0.0148115158081055 -0.0152978897094727 -0.6800537109375 -0.36651611328125
-0.00318145751953125 0.0267333984375 -0.58056640625 0.23828125
0.015228271484375 0.0522537231445313 -0.26385498046875 0.378997802734375
0.00795364379882813 0.0509681701660156 0.051055908203125 0.256011962890625
-0.00901699066162109 0.0135297775268555 0.173751831054687 0.0354766845703125
-0.000214934349060059 -0.00150728225708008 -0.105415344238281 -0.0680770874023438
0.00460433959960938 0.0545883178710937 0.07623291015625 -0.264068603515625
0.0297698974609375 0.0559539794921875 0.367401123046875 -0.286376953125
0.0231552124023438 0.0449142456054688 0.61285400390625 0.00640869140625
-0.0199699401855469 -0.00117301940917969 0.417236328125 0.56439208984375
-0.0281829833984375 -0.073516845703125 -0.10235595703125 0.86163330078125
0.0388107299804687 -0.0481986999511719 -0.382598876953125 0.5140380859375
0.0778121948242188 -0.0257949829101563 0.16448974609375 0.0012054443359375
0.0487480163574219 -0.0595741271972656 0.45196533203125 -0.66156005859375
0.00467300415039063 -0.0631942749023438 -0.1671142578125 -0.8807373046875
-0.0169582366943359 -0.015106201171875 -0.70367431640625 -0.2984619140625
0.000957489013671875 0.0223655700683594 -0.57110595703125 0.2806396484375
0.0240211486816406 0.0453720092773437 -0.251922607421875 0.389404296875
0.013824462890625 0.0439300537109375 0.05963134765625 0.25091552734375
-0.00727462768554687 0.0102901458740234 0.175567626953125 0.0377197265625
0.00281429290771484 -0.0128259658813477 -0.0957870483398437 -0.0692291259765625
0.0102691650390625 0.0388832092285156 0.0873565673828125 -0.265396118164063
0.0331687927246094 0.0435371398925781 0.3626708984375 -0.28125
0.0216865539550781 0.0428733825683594 0.5924072265625 0.03790283203125
-0.025299072265625 0.00724029541015625 0.37628173828125 0.61077880859375
-0.0338211059570312 -0.0658798217773438 -0.1533203125 0.88531494140625
0.0401611328125 -0.0465927124023438 -0.40496826171875 0.5155029296875
0.0832595825195313 -0.0305938720703125 0.1749267578125 -1.52587890625019E-05
0.0439109802246094 -0.0610198974609375 0.42132568359375 -0.6649169921875
-0.00740814208984375 -0.0575180053710938 -0.216064453125 -0.84674072265625
-0.0237617492675781 -0.00570106506347656 -0.72296142578125 -0.2427978515625
0.00127220153808594 0.0207881927490234 -0.561492919921875 0.310638427734375
0.0283470153808594 0.0327262878417969 -0.243072509765625 0.396026611328125
0.0209159851074219 0.0289783477783203 0.063995361328125 0.247589111328125
-0.00354385375976563 -9.53674316406304E-07 0.176605224609375 0.0411376953125
0.00814437866210938 -0.0235404968261719 -0.0861587524414062 -0.0629196166992188
0.0248184204101562 0.0224399566650391 0.0961761474609375 -0.274246215820312
0.0388641357421875 0.0227737426757813 0.36712646484375 -0.2821044921875
0.019439697265625 0.0384635925292969 0.57989501953125 0.05706787109375
-0.0339870452880859 0.0165634155273438 0.34814453125 0.633544921875
-0.0432510375976563 -0.0592613220214844 -0.19110107421875 0.90093994140625
0.0414657592773438 -0.0490455627441406 -0.416748046875 0.516845703125
0.0964279174804687 -0.0366134643554687 0.180038452148437 0.000946044921874998
0.0378189086914062 -0.0612945556640625 0.4044189453125 -0.66436767578125
-0.0197372436523438 -0.0443458557128906 -0.24066162109375 -0.8282470703125
-0.0259323120117188 0.00425910949707031 -0.72613525390625 -0.21649169921875
0.00284194946289063 0.0178394317626953 -0.557830810546875 0.331207275390625
0.0297679901123047 0.0163974761962891 -0.24188232421875 0.40203857421875
0.0264129638671875 0.00862884521484375 0.0683135986328125 0.243789672851562
-0.00197887420654297 -0.0140857696533203 0.180404663085938 0.039947509765625
0.0146694183349609 -0.0273647308349609 -0.0868148803710937 -0.0586318969726563
0.039215087890625 -0.0022125244140625 0.095062255859375 -0.27984619140625
0.0467529296875 0.00503158569335937 0.3623046875 -0.282745361328125
0.0211429595947266 0.0299930572509766 0.57818603515625 0.0546875
-0.0428199768066406 0.0245323181152344 0.34808349609375 0.6387939453125
-0.057708740234375 -0.0521316528320313 -0.18927001953125 0.90362548828125
0.0420761108398438 -0.0503005981445313 -0.41339111328125 0.5169677734375
0.105995178222656 -0.0409774780273438 0.17681884765625 0.0050811767578125
0.0352706909179688 -0.0591468811035156 0.40484619140625 -0.6605224609375
-0.0298118591308594 -0.0309677124023438 -0.2421875 -0.826904296875
-0.0308799743652344 0.0154228210449219 -0.7293701171875 -0.22027587890625
0.001800537109375 0.0149707794189453 -0.557769775390625 0.328369140625
0.0297946929931641 -0.00223350524902344 -0.24298095703125 0.401611328125
0.0288772583007813 -0.0157546997070313 0.0628509521484375 0.242416381835938
0.00214958190917968 -0.0266647338867188 0.177459716796875 0.0369873046875
0.0184478759765625 -0.0438957214355469 -0.0895309448242188 -0.058441162109375
0.0518341064453125 -0.0207786560058594 0.089508056640625 -0.281982421875
0.0567741394042969 -0.0225715637207031 0.3548583984375 -0.29534912109375
0.0211296081542969 0.0206241607666016 0.5794677734375 0.03485107421875
-0.054168701171875 0.0358390808105469 0.37030029296875 0.62310791015625
-0.073760986328125 -0.0393829345703125 -0.1600341796875 0.90386962890625
0.0385551452636719 -0.0521812438964844 -0.404998779296875 0.529815673828125
0.117034912109375 -0.0449142456054688 0.171707153320313 0.011474609375
0.0369606018066406 -0.0572013854980469 0.4232177734375 -0.65179443359375
-0.0352363586425781 -0.0185317993164062 -0.21148681640625 -0.84130859375
-0.0375289916992188 0.0284919738769531 -0.7249755859375 -0.24822998046875
-0.00203895568847656 0.0131759643554687 -0.56951904296875 0.309326171875
0.0312156677246094 -0.0188827514648438 -0.253814697265625 0.3944091796875
0.0332565307617188 -0.0350170135498047 0.058013916015625 0.236968994140625
0.00262069702148437 -0.0384101867675781 0.176910400390625 0.037078857421875
0.0191154479980469 -0.0547523498535156 -0.0988540649414063 -0.0608444213867188
0.0595169067382812 -0.0370864868164062 0.076324462890625 -0.28472900390625
0.0596199035644531 -0.044586181640625 0.3419189453125 -0.309783935546875
0.0165376663208008 0.0152902603149414 0.58575439453125 0.0048828125
-0.0617904663085937 0.046722412109375 0.4183349609375 0.588623046875
-0.087371826171875 -0.0244979858398438 -0.09912109375 0.8973388671875
0.0313491821289063 -0.0522689819335938 -0.38482666015625 0.542633056640625
0.128646850585938 -0.0499801635742188 0.162979125976563 0.018707275390625
0.0411605834960938 -0.0538368225097656 0.45697021484375 -0.641845703125
-0.0428543090820313 -0.00924682617187501 -0.16265869140625 -0.871337890625
-0.0448799133300781 0.0387191772460937 -0.707275390625 -0.3028564453125
-0.00818347930908203 0.0112810134887695 -0.5855712890625 0.275390625
0.0305004119873047 -0.0321540832519531 -0.272674560546875 0.3828125
0.0380058288574219 -0.0479393005371094 0.050811767578125 0.2362060546875
0.00200271606445312 -0.0494117736816406 0.1768798828125 0.0367431640625
0.0184478759765625 -0.0583000183105469 -0.108840942382813 -0.0569992065429688
0.0610847473144531 -0.0465087890625 0.058502197265625 -0.2816162109375
0.0559463500976563 -0.0582275390625 0.32861328125 -0.32562255859375
0.013641357421875 0.0133552551269531 0.59649658203125 -0.04290771484375
-0.063079833984375 0.0585479736328125 0.475555419921875 0.537139892578125
-0.0957717895507813 -0.0102157592773438 -0.0244140624999999 0.873291015625
0.0248527526855469 -0.0506134033203125 -0.355133056640625 0.552520751953125
0.131706237792969 -0.0481719970703125 0.147003173828125 0.0242919921875
0.0483779907226563 -0.0507965087890625 0.49847412109375 -0.62530517578125
-0.0448455810546875 -0.00279998779296874 -0.0879516601562499 -0.9078369140625
-0.0525588989257812 0.0414886474609375 -0.67962646484375 -0.37530517578125
-0.0118923187255859 0.0103540420532227 -0.59844970703125 0.22784423828125
0.0340957641601563 -0.0410957336425781 -0.2899169921875 0.366119384765625
0.0440101623535156 -0.0576972961425781 0.0399169921875 0.235504150390625
0.00395584106445313 -0.053741455078125 0.1732177734375 0.0339813232421875
-0.000575780868530274 0.00333905220031738 -0.118118286132813 -0.0704574584960938
0.00598526000976563 0.0618782043457031 0.060028076171875 -0.263595581054688
0.0328903198242188 0.0597763061523437 0.362640380859375 -0.302032470703125
0.0242996215820313 0.0404052734375 0.632568359375 -0.04107666015625
-0.0193443298339844 -0.00332260131835938 0.47540283203125 0.515533447265625
-0.0291900634765625 -0.0728988647460938 -0.0326538085937501 0.845458984375
0.0325736999511719 -0.0483360290527344 -0.361053466796875 0.520751953125
0.07177734375 -0.0200958251953125 0.15301513671875 0.004791259765625
0.0567245483398437 -0.0544700622558594 0.49822998046875 -0.656494140625
0.0130653381347656 -0.0645751953125 -0.0992431640625001 -0.92974853515625
-0.0147485733032227 -0.0148687362670898 -0.681396484375 -0.36944580078125
-0.00273704528808594 0.02777099609375 -0.5836181640625 0.240234375
0.014923095703125 0.05413818359375 -0.26727294921875 0.3818359375
0.00871658325195312 0.0494918823242187 0.0530853271484375 0.258285522460938
-0.00776386260986328 0.0146112442016602 0.174423217773438 0.036834716796875
-0.00111794471740723 -0.00268077850341797 -0.105392456054688 -0.0696868896484375
0.00529098510742188 0.0548210144042969 0.0756378173828125 -0.265655517578125
0.029541015625 0.0549507141113281 0.368377685546875 -0.288299560546875
0.0234107971191406 0.0443916320800781 0.6173095703125 0.0052490234375
-0.0199203491210938 -0.000774383544921878 0.41943359375 0.56854248046875
-0.0277938842773438 -0.0741348266601563 -0.104736328125 0.86737060546875
0.0381584167480469 -0.0492820739746094 -0.3863525390625 0.517059326171875
0.07623291015625 -0.0260162353515625 0.166412353515625 0.0029449462890625
0.0499000549316406 -0.0584640502929688 0.454345703125 -0.66156005859375
0.00365066528320312 -0.0639495849609375 -0.16925048828125 -0.88739013671875
-0.0182380676269531 -0.0136623382568359 -0.70794677734375 -0.30438232421875
0.00100898742675781 0.0233020782470703 -0.5758056640625 0.282470703125
0.0231170654296875 0.0455780029296875 -0.255157470703125 0.39251708984375
0.0145225524902344 0.0422286987304688 0.0598602294921875 0.253097534179688
-0.00908756256103516 0.0111875534057617 0.176483154296875 0.03924560546875
0.000431060791015625 -0.0135536193847656 -0.0957489013671875 -0.0703582763671875
0.0123443603515625 0.0402030944824219 0.0889739990234375 -0.268478393554688
0.0331230163574219 0.0430793762207031 0.364349365234375 -0.283416748046875
0.02288818359375 0.0437698364257813 0.59454345703125 0.03985595703125
-0.0244197845458984 0.00705337524414062 0.37640380859375 0.61651611328125
-0.0324363708496094 -0.0659561157226563 -0.1568603515625 0.892822265625
0.0426673889160156 -0.0482635498046875 -0.40997314453125 0.516326904296875
0.0831756591796875 -0.030029296875 0.173797607421875 -0.000320434570312502
0.0437736511230469 -0.0609169006347656 0.42486572265625 -0.66473388671875
-0.00667572021484375 -0.0567893981933594 -0.21441650390625 -0.8533935546875
-0.0213031768798828 -0.00579071044921875 -0.7252197265625 -0.2479248046875
0.00135421752929687 0.0194053649902344 -0.56451416015625 0.3121337890625
0.02703857421875 0.0330085754394531 -0.2471923828125 0.399810791015625
0.0199489593505859 0.0279884338378906 0.0642242431640625 0.249771118164062
-0.00542688369750977 0.000187397003173829 0.178680419921875 0.041748046875
0.00599479675292969 -0.0233592987060547 -0.0854339599609375 -0.064300537109375
0.0260124206542969 0.0205459594726562 0.09820556640625 -0.276199340820313
0.0383491516113281 0.0229530334472656 0.3697509765625 -0.282440185546875
0.0201911926269531 0.0384521484375 0.58447265625 0.05706787109375
-0.033355712890625 0.0158748626708984 0.34674072265625 0.63848876953125
-0.0415267944335938 -0.0603828430175781 -0.1943359375 0.9066162109375
0.0427703857421875 -0.0491790771484375 -0.419891357421875 0.518280029296875
0.0955123901367188 -0.0361251831054688 0.180404663085938 0.0015716552734375
0.03778076171875 -0.061004638671875 0.4088134765625 -0.6646728515625
-0.0176582336425781 -0.0451126098632813 -0.2406005859375 -0.834228515625
-0.0252723693847656 0.002197265625 -0.73040771484375 -0.218505859375
0.00294685363769531 0.0184669494628906 -0.56109619140625 0.33160400390625
0.0312404632568359 0.016998291015625 -0.242034912109375 0.404296875
0.0257091522216797 0.00793647766113281 0.0657501220703125 0.245391845703125
-0.00304222106933594 -0.0113582611083984 0.180892944335938 0.04083251953125
0.0153999328613281 -0.0271987915039063 -0.0862884521484375 -0.0602264404296875
0.0387954711914063 -0.0020294189453125 0.0966796875 -0.2821044921875
0.0482101440429687 0.00406265258789063 0.364532470703125 -0.286376953125
0.0212135314941406 0.0291614532470703 0.5830078125 0.0557861328125
-0.0426712036132813 0.0242080688476562 0.3504638671875 0.64306640625
-0.0565834045410156 -0.0513420104980469 -0.19354248046875 0.90972900390625
0.0429039001464844 -0.0490303039550781 -0.418914794921875 0.5191650390625
0.106674194335938 -0.0401763916015625 0.176910400390625 0.00579833984375
0.0365219116210938 -0.0589752197265625 0.40716552734375 -0.6602783203125
-0.0303363800048828 -0.0308704376220703 -0.24078369140625 -0.8330078125
-0.0323390960693359 0.0166358947753906 -0.73321533203125 -0.2235107421875
0.00121307373046875 0.0142793655395508 -0.56097412109375 0.331298828125
0.0303630828857422 -0.00181198120117188 -0.244415283203125 0.404693603515625
0.0292072296142578 -0.017333984375 0.0618438720703125 0.244369506835938
0.00196456909179687 -0.0262260437011719 0.178512573242188 0.0366363525390625
0.017608642578125 -0.0445899963378906 -0.089599609375 -0.060546875
0.0534591674804688 -0.0212516784667969 0.089752197265625 -0.285491943359375
0.0568199157714844 -0.022796630859375 0.356201171875 -0.29840087890625
0.0204257965087891 0.0212993621826172 0.58160400390625 0.03863525390625
-0.0556716918945312 0.0355758666992188 0.3724365234375 0.62774658203125
-0.0725631713867188 -0.0396347045898438 -0.16351318359375 0.91143798828125
0.0385284423828125 -0.0517120361328125 -0.4097900390625 0.530517578125
0.117591857910156 -0.045684814453125 0.172393798828125 0.010955810546875
0.0373115539550781 -0.0567436218261719 0.426025390625 -0.654541015625
-0.0373802185058594 -0.0189476013183594 -0.212158203125 -0.84808349609375
-0.0382728576660156 0.0296058654785156 -0.72613525390625 -0.25140380859375
-0.00391483306884766 0.0151357650756836 -0.5740966796875 0.3115234375
0.0299968719482422 -0.0185260772705078 -0.25701904296875 0.397613525390625
0.0328330993652344 -0.0343513488769531 0.0584869384765625 0.240432739257812
0.0027618408203125 -0.0388374328613281 0.178497314453125 0.03802490234375
0.0189971923828125 -0.05615234375 -0.0990982055664062 -0.0612335205078125
0.0606307983398438 -0.0368194580078125 0.077056884765625 -0.285369873046875
0.0589790344238281 -0.0450859069824219 0.34197998046875 -0.31231689453125
0.0170459747314453 0.0156335830688477 0.5892333984375 0.00531005859375
-0.0620841979980469 0.0487747192382812 0.41790771484375 0.593505859375
-0.0876388549804687 -0.023529052734375 -0.102783203125 0.90216064453125
0.0327110290527344 -0.0524635314941406 -0.3880615234375 0.542938232421875
0.127944946289063 -0.0494232177734375 0.160995483398438 0.0185546875
0.0427284240722656 -0.0545921325683594 0.45880126953125 -0.6422119140625
-0.04052734375 -0.00865173339843751 -0.1610107421875 -0.875
-0.0439491271972656 0.0387115478515625 -0.71099853515625 -0.30712890625
-0.00789260864257812 0.0111160278320313 -0.58868408203125 0.2760009765625
0.0326080322265625 -0.0326862335205078 -0.274658203125 0.384063720703125
0.0382118225097656 -0.0480232238769531 0.05181884765625 0.239669799804688
0.00271224975585938 -0.0486373901367187 0.176620483398438 0.0376739501953125
0.0187110900878906 -0.0579299926757813 -0.10955810546875 -0.0609054565429688
0.061981201171875 -0.047698974609375 0.059539794921875 -0.285614013671875
0.0546379089355469 -0.0580215454101563 0.330352783203125 -0.32879638671875
0.0152168273925781 0.0129175186157227 0.5992431640625 -0.04034423828125
-0.0635719299316406 0.0591583251953125 0.473968505859375 0.542144775390625
-0.0963363647460938 -0.00928497314453127 -0.0228271484375 0.876953125
0.0249519348144531 -0.0495986938476563 -0.356719970703125 0.55206298828125
0.13275146484375 -0.0496444702148438 0.146163940429688 0.024658203125
0.0487823486328125 -0.0508575439453125 0.50244140625 -0.62799072265625
-0.0450439453125 -0.00522232055664063 -0.08740234375 -0.9130859375
-0.0533485412597656 0.0439643859863281 -0.6826171875 -0.37957763671875
-0.0122928619384766 0.00931167602539063 -0.60125732421875 0.22955322265625
0.032318115234375 -0.0443878173828125 -0.2921142578125 0.368988037109375
0.04559326171875 -0.058624267578125 0.0395355224609375 0.237152099609375
0.00403976440429688 -0.0531044006347656 0.174758911132812 0.035186767578125
-1.66893005371096E-05 0.00461101531982422 -0.118705749511719 -0.0704727172851562
0.00654220581054688 0.0624275207519531 0.060760498046875 -0.265731811523438
0.0333938598632812 0.0589332580566406 0.363677978515625 -0.3050537109375
0.025604248046875 0.0403785705566406 0.63677978515625 -0.04071044921875
-0.0198230743408203 -0.00286483764648437 0.478790283203125 0.520233154296875
-0.0299606323242188 -0.0720443725585938 -0.03338623046875 0.849853515625
0.0323410034179688 -0.0480499267578125 -0.365509033203125 0.524200439453125
0.0715103149414063 -0.019561767578125 0.153335571289063 0.004180908203125
0.0559196472167969 -0.0547409057617187 0.49853515625 -0.65887451171875
0.0133895874023437 -0.0646209716796875 -0.1014404296875 -0.93658447265625
-0.0145998001098633 -0.0150585174560547 -0.68701171875 -0.373291015625
-0.00332260131835937 0.0275592803955078 -0.585693359375 0.24237060546875
0.0153083801269531 0.0533218383789063 -0.2685546875 0.3863525390625
0.009368896484375 0.0497398376464844 0.0525054931640625 0.259323120117188
-0.00800228118896485 0.0144157409667969 0.17559814453125 0.0356903076171875
-0.00131106376647949 -0.00419449806213379 -0.105583190917969 -0.0689468383789063
0.00521087646484375 0.0555877685546875 0.076934814453125 -0.269500732421875
0.0296249389648438 0.0576057434082031 0.369842529296875 -0.29266357421875
0.0225372314453125 0.0453453063964844 0.62060546875 0.0062255859375
-0.0209331512451172 0.00024223327636719 0.42181396484375 0.57611083984375
-0.0292816162109375 -0.0733795166015625 -0.10614013671875 0.87542724609375
0.0380287170410156 -0.04974365234375 -0.391845703125 0.52093505859375
0.0761566162109375 -0.024993896484375 0.165481567382812 0.0029754638671875
0.04962158203125 -0.05810546875 0.45806884765625 -0.666259765625
0.00388336181640625 -0.06390380859375 -0.16851806640625 -0.8941650390625
-0.0176200866699219 -0.0149707794189453 -0.71337890625 -0.30419921875
-0.000555038452148437 0.0234184265136719 -0.5782470703125 0.28607177734375
0.0229988098144531 0.0466842651367187 -0.256317138671875 0.39410400390625
0.014404296875 0.0430221557617188 0.0616455078125 0.256790161132813
-0.00642013549804687 0.0111198425292969 0.177642822265625 0.0383453369140625
0.00273704528808594 -0.0115156173706055 -0.0943145751953125 -0.0696258544921875
0.0125236511230469 0.0390357971191406 0.0885772705078125 -0.27142333984375
0.0336647033691406 0.0425758361816406 0.366485595703125 -0.28619384765625
0.0222129821777344 0.0429267883300781 0.59735107421875 0.039794921875
-0.0253868103027344 0.00729179382324219 0.37872314453125 0.621337890625
-0.0304756164550781 -0.0650672912597656 -0.16094970703125 0.89642333984375
0.0449447631835938 -0.0474395751953125 -0.412139892578125 0.519683837890625
0.0848541259765625 -0.0311126708984375 0.173248291015625 6.10351562499981E-05
0.0436210632324219 -0.0603370666503906 0.428466796875 -0.66925048828125
-0.00780105590820313 -0.057586669921875 -0.2164306640625 -0.8568115234375
-0.021942138671875 -0.00567436218261718 -0.72998046875 -0.24896240234375
0.000202178955078127 0.0216312408447266 -0.56964111328125 0.31634521484375
0.02777099609375 0.0317916870117188 -0.2489013671875 0.404876708984375
0.0204029083251953 0.0273075103759766 0.064605712890625 0.251358032226563
-0.00442266464233398 -0.000247001647949219 0.1796875 0.04290771484375
0.00844955444335938 -0.0245475769042969 -0.0869293212890625 -0.0661392211914063
0.0262870788574219 0.0234375 0.0969085693359375 -0.277359008789063
0.0394821166992188 0.0228080749511719 0.37274169921875 -0.283172607421875
0.0206184387207031 0.0391998291015625 0.59014892578125 0.05731201171875
-0.0340671539306641 0.0164966583251953 0.34930419921875 0.643310546875
-0.0436973571777344 -0.0589408874511719 -0.19635009765625 0.9140625
0.0424652099609375 -0.0482292175292969 -0.425018310546875 0.5224609375
0.0956268310546875 -0.03717041015625 0.1807861328125 0.003173828125
0.0392494201660156 -0.0609931945800781 0.41217041015625 -0.66998291015625
-0.0190582275390625 -0.0446853637695313 -0.24224853515625 -0.84130859375
-0.0268764495849609 0.004058837890625 -0.73785400390625 -0.22021484375
0.00280284881591797 0.0169153213500977 -0.56488037109375 0.33392333984375
0.0304927825927734 0.0159511566162109 -0.243743896484375 0.40826416015625
0.0261363983154297 0.0073394775390625 0.069061279296875 0.248031616210938
-0.00124740600585938 -0.0125875473022461 0.182723999023438 0.0416259765625
0.0150623321533203 -0.0280399322509766 -0.08697509765625 -0.0610885620117188
0.0408058166503906 -0.002593994140625 0.097564697265625 -0.285247802734375
0.0470619201660156 0.00439453125 0.366790771484375 -0.2884521484375
0.0209598541259766 0.0302009582519531 0.58428955078125 0.0548095703125
-0.0446357727050781 0.024566650390625 0.3525390625 0.64715576171875
-0.0576362609863281 -0.0517501831054688 -0.19451904296875 0.917236328125
0.0437545776367188 -0.0502662658691406 -0.42327880859375 0.5208740234375
0.106315612792969 -0.040557861328125 0.1763916015625 0.006011962890625
0.0356521606445313 -0.0580253601074219 0.4110107421875 -0.66326904296875
-0.0291461944580078 -0.0316696166992188 -0.2437744140625 -0.838623046875
-0.0316905975341797 0.0170783996582031 -0.73895263671875 -0.22412109375
0.00123691558837891 0.0147943496704102 -0.56500244140625 0.33251953125
0.0302486419677734 -0.00136566162109375 -0.246612548828125 0.408172607421875
0.0297412872314453 -0.0170707702636719 0.0640869140625 0.246505737304688
0.00249099731445312 -0.0273094177246094 0.179885864257812 0.038848876953125
0.0189399719238281 -0.0434532165527344 -0.0899276733398438 -0.0610427856445313
0.0537185668945312 -0.0209083557128906 0.090484619140625 -0.2872314453125
0.0570030212402344 -0.0222282409667969 0.356781005859375 -0.300384521484375
0.0191459655761719 0.0219001770019531 0.58612060546875 0.03765869140625
-0.0553207397460938 0.0365447998046875 0.3751220703125 0.63421630859375
-0.0738296508789063 -0.0382461547851563 -0.16455078125 0.91778564453125
0.0395927429199219 -0.0516586303710937 -0.414764404296875 0.5338134765625
0.118385314941406 -0.0457534790039063 0.171295166015625 0.01251220703125
0.0385360717773438 -0.0571403503417969 0.43115234375 -0.65753173828125
-0.0358505249023438 -0.0174980163574219 -0.2132568359375 -0.8525390625
-0.0374183654785156 0.02862548828125 -0.7320556640625 -0.2530517578125
-0.00307369232177734 0.0129470825195313 -0.57818603515625 0.31494140625
0.0303668975830078 -0.0196113586425781 -0.259552001953125 0.401123046875
0.0350017547607422 -0.0336494445800781 0.06005859375 0.243408203125
0.00217056274414063 -0.0384063720703125 0.180130004882813 0.038726806640625
0.0204010009765625 -0.0558547973632813 -0.0986328125 -0.0625
0.0631256103515625 -0.0374832153320313 0.077301025390625 -0.28973388671875
0.0579452514648438 -0.0466270446777344 0.345001220703125 -0.3160400390625
0.0172653198242188 0.0156269073486328 0.593994140625 0.00634765625
-0.0640525817871094 0.04931640625 0.42083740234375 0.6011962890625
-0.0879135131835938 -0.0238265991210937 -0.10357666015625 0.90966796875
0.0337562561035156 -0.0528030395507812 -0.39306640625 0.546905517578125
0.128097534179688 -0.0480880737304688 0.161392211914063 0.019500732421875
0.0427932739257813 -0.0544967651367188 0.4625244140625 -0.64788818359375
-0.0414695739746094 -0.00771713256835938 -0.15997314453125 -0.88385009765625
-0.0450363159179688 0.0401687622070312 -0.715576171875 -0.30926513671875
-0.00792694091796875 0.0118093490600586 -0.59405517578125 0.28057861328125
0.0317325592041016 -0.0315799713134766 -0.2762451171875 0.388641357421875
0.04034423828125 -0.0491485595703125 0.05126953125 0.240066528320313
0.0012664794921875 -0.0479011535644531 0.177902221679688 0.037139892578125
0.0198173522949219 -0.0576019287109375 -0.108406066894531 -0.0605316162109375
0.061920166015625 -0.0486106872558594 0.0604248046875 -0.288604736328125
0.0547142028808594 -0.0563240051269531 0.331878662109375 -0.330413818359375
0.0140390396118164 0.0129098892211914 0.60382080078125 -0.0406494140625
-0.0640792846679688 0.0594253540039062 0.481781005859375 0.548187255859375
-0.0954437255859375 -0.00862884521484373 -0.0247802734374999 0.8856201171875
0.0246658325195313 -0.0495643615722656 -0.363037109375 0.555328369140625
0.132667541503906 -0.048248291015625 0.144927978515625 0.0242156982421875
0.0489387512207031 -0.0510940551757813 0.5076904296875 -0.63031005859375
-0.0456466674804688 -0.00425338745117187 -0.0849609375 -0.92230224609375
-0.0532798767089844 0.0431747436523437 -0.6868896484375 -0.382080078125
-0.0125789642333984 0.00867462158203125 -0.60711669921875 0.2325439453125
0.032470703125 -0.0423355102539063 -0.2940673828125 0.3731689453125
0.0447044372558594 -0.058074951171875 0.0402069091796875 0.2393798828125
0.00460052490234375 -0.0525321960449219 0.176605224609375 0.0345306396484375
-0.00167655944824219 0.00270867347717285 -0.1173095703125 -0.0721893310546875
0.00815200805664062 0.0629043579101563 0.0616302490234375 -0.268173217773438
0.0305976867675781 0.0588417053222656 0.365692138671875 -0.31005859375
0.0250663757324219 0.0410385131835938 0.64129638671875 -0.0423583984375
-0.0197525024414063 -0.00403594970703125 0.482330322265625 0.526458740234375
-0.0298309326171875 -0.072296142578125 -0.0321655273437499 0.86004638671875
0.033172607421875 -0.0469741821289063 -0.369354248046875 0.528564453125
0.0721282958984375 -0.018463134765625 0.153411865234375 0.00494384765625
0.0563583374023437 -0.0528106689453125 0.5059814453125 -0.66436767578125
0.0142593383789062 -0.0649147033691406 -0.1036376953125 -0.94244384765625
-0.015101432800293 -0.0145893096923828 -0.6920166015625 -0.37786865234375
-0.00277900695800781 0.0274715423583984 -0.59149169921875 0.24664306640625
0.0158576965332031 0.0547714233398438 -0.27001953125 0.39007568359375
0.00734329223632813 0.0503463745117188 0.053131103515625 0.261199951171875
-0.00787162780761719 0.0161828994750977 0.1761474609375 0.037200927734375
-0.00154352188110352 -0.00430202484130859 -0.104156494140625 -0.070098876953125
0.00642013549804688 0.0535659790039063 0.076019287109375 -0.272933959960938
0.0296974182128906 0.0567131042480469 0.37274169921875 -0.29461669921875
0.0245208740234375 0.0456199645996094 0.626220703125 0.00360107421875
-0.0198650360107422 0.000146865844726561 0.4271240234375 0.5816650390625
-0.0296249389648438 -0.0727157592773438 -0.10601806640625 0.88616943359375
0.0371513366699219 -0.0497779846191406 -0.392822265625 0.5235595703125
0.0758056640625 -0.0265579223632813 0.166961669921875 0.0025177001953125
0.0498542785644531 -0.0592384338378906 0.4605712890625 -0.67144775390625
0.00262451171875 -0.0634613037109375 -0.16986083984375 -0.90081787109375
-0.0193500518798828 -0.0141773223876953 -0.72149658203125 -0.3056640625
0.00221633911132812 0.0258903503417969 -0.58203125 0.29046630859375
0.0221900939941406 0.0466423034667969 -0.258758544921875 0.4017333984375
0.0144271850585938 0.04266357421875 0.062469482421875 0.25726318359375
-0.00774192810058594 0.0105152130126953 0.17962646484375 0.042694091796875
0.00197505950927734 -0.0118322372436523 -0.0972518920898438 -0.0692825317382813
0.0120086669921875 0.0390853881835938 0.0916900634765625 -0.272293090820313
0.0321846008300781 0.0434341430664063 0.368621826171875 -0.288909912109375
0.0193290710449219 0.0449676513671875 0.60272216796875 0.04058837890625
-0.0237331390380859 0.00825881958007812 0.3841552734375 0.62744140625
-0.0306320190429687 -0.0657730102539063 -0.160400390625 0.9091796875
0.0414009094238281 -0.0479393005371094 -0.417205810546875 0.5234375
0.0844039916992188 -0.0303802490234375 0.174209594726562 0.001068115234375
0.0414962768554687 -0.0618476867675781 0.42987060546875 -0.67559814453125
-0.00835037231445312 -0.0567054748535156 -0.22100830078125 -0.86676025390625
-0.0219459533691406 -0.00411224365234376 -0.73712158203125 -0.252197265625
0.00278663635253906 0.0223026275634766 -0.57476806640625 0.31982421875
0.0273704528808594 0.0323925018310547 -0.249664306640625 0.4088134765625
0.0205345153808594 0.0300140380859375 0.0655059814453125 0.257431030273437
-0.00388455390930176 0.00075697898864746 0.182769775390625 0.0435333251953125
0.00780487060546875 -0.0236091613769531 -0.0853424072265625 -0.0681991577148438
0.0253753662109375 0.0217151641845703 0.098175048828125 -0.283843994140625
0.0395278930664063 0.0222892761230469 0.371124267578125 -0.289520263671875
0.0209884643554688 0.0389518737792969 0.5950927734375 0.05621337890625
-0.0348453521728516 0.0176429748535156 0.35357666015625 0.64923095703125
-0.0418739318847656 -0.0584945678710937 -0.1959228515625 0.920654296875
0.045013427734375 -0.0477676391601563 -0.426971435546875 0.52606201171875
0.0958938598632812 -0.0366592407226562 0.181472778320313 0.00421142578125
0.03875732421875 -0.060882568359375 0.41375732421875 -0.67572021484375
-0.0183525085449219 -0.0447158813476563 -0.24639892578125 -0.8468017578125
-0.0277996063232422 0.00435638427734375 -0.74432373046875 -0.22369384765625
0.003204345703125 0.0171070098876953 -0.56842041015625 0.33880615234375
0.0307121276855469 0.0145397186279297 -0.246795654296875 0.41461181640625
0.0255317687988281 0.00699806213378906 0.070068359375 0.251174926757813
-0.00184059143066406 -0.0125617980957031 0.185501098632813 0.04278564453125
0.0160140991210938 -0.0279541015625 -0.0869522094726563 -0.0621109008789063
0.0409698486328125 -0.00126266479492187 0.097625732421875 -0.28717041015625
0.0472869873046875 0.0035858154296875 0.3685302734375 -0.292205810546875
0.0189323425292969 0.0302257537841797 0.58966064453125 0.0546875
-0.04376220703125 0.0254745483398438 0.354248046875 0.65570068359375
-0.0576019287109375 -0.0510063171386719 -0.1956787109375 0.92681884765625
0.0441436767578125 -0.0509529113769531 -0.42828369140625 0.52557373046875
0.107948303222656 -0.041717529296875 0.17633056640625 0.0067596435546875
0.0369529724121094 -0.0584526062011719 0.412109375 -0.66912841796875
-0.0290489196777344 -0.0308017730712891 -0.246337890625 -0.8455810546875
-0.03289794921875 0.0172595977783203 -0.74468994140625 -0.22528076171875
0.000899314880371093 0.0149221420288086 -0.56982421875 0.336669921875
0.0327835083007812 -0.00205802917480469 -0.246978759765625 0.413909912109375
0.0291233062744141 -0.0181655883789063 0.0648040771484375 0.24908447265625
0.00356864929199218 -0.0281181335449219 0.18121337890625 0.0388336181640625
0.01983642578125 -0.0443115234375 -0.091461181640625 -0.0643463134765625
0.0551567077636719 -0.0211067199707031 0.089508056640625 -0.292205810546875
0.056365966796875 -0.0208282470703125 0.359375 -0.305206298828125
0.0195598602294922 0.0224056243896484 0.591796875 0.035400390625
-0.0560302734375 0.0368537902832031 0.3792724609375 0.64263916015625
-0.0745697021484375 -0.038543701171875 -0.1649169921875 0.92730712890625
0.0392990112304688 -0.0520057678222656 -0.416748046875 0.537872314453125
0.118919372558594 -0.0458526611328125 0.172332763671875 0.011260986328125
0.038818359375 -0.0564613342285156 0.43267822265625 -0.66302490234375
-0.0370559692382813 -0.0170669555664063 -0.21514892578125 -0.8597412109375
-0.0372962951660156 0.0298042297363281 -0.73809814453125 -0.2537841796875
-0.00283527374267578 0.0117092132568359 -0.582275390625 0.318115234375
0.0309658050537109 -0.0188140869140625 -0.260009765625 0.406951904296875
0.0352706909179688 -0.0350456237792969 0.060699462890625 0.246002197265625
0.00308990478515625 -0.0392303466796875 0.181549072265625 0.0374908447265625
0.0205497741699219 -0.0559806823730469 -0.0981979370117188 -0.0637664794921875
0.0626029968261719 -0.0373191833496094 0.07647705078125 -0.292236328125
0.0573959350585938 -0.0470504760742188 0.346343994140625 -0.31884765625
0.0167608261108398 0.0162839889526367 0.59979248046875 0.0045166015625
-0.0641593933105469 0.0488662719726563 0.42620849609375 0.6065673828125
-0.0864791870117188 -0.0221633911132812 -0.10186767578125 0.91827392578125
0.0347442626953125 -0.0523605346679688 -0.393798828125 0.55242919921875
0.129478454589844 -0.047698974609375 0.161865234375 0.01983642578125
0.0430641174316406 -0.0528717041015625 0.466552734375 -0.6534423828125
-0.0438880920410156 -0.00688934326171874 -0.1629638671875 -0.89178466796875
-0.0457878112792969 0.0399360656738281 -0.72161865234375 -0.31158447265625
-0.00947189331054688 0.0127754211425781 -0.59912109375 0.28314208984375
0.0317325592041016 -0.0318470001220703 -0.277923583984375 0.393585205078125
0.0407333374023438 -0.0493965148925781 0.0540771484375 0.241668701171875
0.00162506103515625 -0.0491371154785156 0.183029174804688 0.0365142822265625
0.0211563110351563 -0.0584716796875 -0.109275817871094 -0.061676025390625
0.0651168823242188 -0.0503768920898438 0.060516357421875 -0.290374755859375
0.0545539855957031 -0.0578117370605469 0.334625244140625 -0.335662841796875
0.01220703125 0.0110530853271484 0.60955810546875 -0.04156494140625
-0.065765380859375 0.0615158081054687 0.48663330078125 0.55108642578125
-0.096405029296875 -0.00884246826171876 -0.0232543945312501 0.89544677734375
0.0247993469238281 -0.0475997924804688 -0.36346435546875 0.56353759765625
0.134475708007813 -0.0483169555664063 0.145965576171875 0.0260467529296875
0.0502891540527344 -0.0512619018554688 0.510009765625 -0.6322021484375
-0.0477676391601563 -0.00337982177734374 -0.0888671874999999 -0.92803955078125
-0.0550193786621094 0.0435218811035156 -0.6947021484375 -0.38507080078125
-0.0115633010864258 0.0102443695068359 -0.61065673828125 0.23504638671875
0.033203125 -0.0426025390625 -0.29364013671875 0.377532958984375
0.046295166015625 -0.0614204406738281 0.042205810546875 0.243820190429688
0.00240325927734375 -0.0535430908203125 0.178802490234375 0.0365142822265625
-0.000830411911010742 0.00332832336425781 -0.119537353515625 -0.0720062255859375
0.00866317749023438 0.0622329711914063 0.061126708984375 -0.272186279296875
0.032562255859375 0.0599479675292969 0.368865966796875 -0.315521240234375
0.0250625610351563 0.0419845581054687 0.6478271484375 -0.04571533203125
-0.0206565856933594 -0.00252342224121094 0.488037109375 0.53155517578125
-0.03204345703125 -0.0719833374023438 -0.0320434570312501 0.86981201171875
0.0328216552734375 -0.0487442016601563 -0.3719482421875 0.5347900390625
0.072052001953125 -0.0212860107421875 0.1531982421875 0.0043487548828125
0.05560302734375 -0.0540428161621094 0.50726318359375 -0.67242431640625
0.0133018493652344 -0.0654106140136719 -0.10693359375 -0.9541015625
-0.0151777267456055 -0.0137977600097656 -0.69964599609375 -0.3780517578125
-0.0027923583984375 0.0292167663574219 -0.5958251953125 0.25128173828125
0.016204833984375 0.0535049438476562 -0.270599365234375 0.39794921875
0.00884246826171874 0.0493736267089844 0.0544891357421875 0.26556396484375
-0.00834846496582031 0.0159635543823242 0.17877197265625 0.0374908447265625
-0.00121068954467773 -0.00297403335571289 -0.108375549316406 -0.0692138671875
0.00865936279296875 0.0560836791992188 0.07611083984375 -0.276611328125
0.0290565490722656 0.0557518005371094 0.375213623046875 -0.298431396484375
0.023468017578125 0.0464591979980469 0.63189697265625 0.0030517578125
-0.0200538635253906 0.00135993957519532 0.4312744140625 0.587646484375
-0.0283203125 -0.07269287109375 -0.1072998046875 0.89324951171875
0.0385360717773437 -0.0505256652832031 -0.39794921875 0.530670166015625
0.0766677856445313 -0.0249099731445312 0.165740966796875 0.0037689208984375
0.0505332946777344 -0.0589981079101562 0.46356201171875 -0.6787109375
0.0041046142578125 -0.0644950866699219 -0.17584228515625 -0.9102783203125
-0.0169010162353516 -0.0127696990966797 -0.72711181640625 -0.30841064453125
0.000881195068359376 0.0244140625 -0.5882568359375 0.29669189453125
0.0238609313964844 0.0476264953613281 -0.260406494140625 0.405426025390625
0.0148239135742188 0.0433578491210938 0.064453125 0.260040283203125
-0.00729084014892578 0.0120925903320313 0.18280029296875 0.0414581298828125
0.00189018249511719 -0.011744499206543 -0.0973739624023438 -0.0719375610351562
0.0137977600097656 0.0402755737304688 0.089385986328125 -0.27801513671875
0.032958984375 0.044403076171875 0.370819091796875 -0.292755126953125
0.0228614807128906 0.044677734375 0.6104736328125 0.03851318359375
-0.0263690948486328 0.00995254516601563 0.39093017578125 0.63330078125
-0.0326118469238281 -0.0638694763183594 -0.16021728515625 0.9178466796875
0.0433502197265625 -0.0468940734863281 -0.420562744140625 0.530120849609375
0.0833740234375 -0.0313873291015625 0.173751831054687 0.000869750976562498
0.0443191528320313 -0.0612258911132812 0.4324951171875 -0.6817626953125
-0.00856781005859375 -0.0566215515136719 -0.22247314453125 -0.87518310546875
-0.0209693908691406 -0.00503158569335938 -0.74468994140625 -0.25177001953125
0.00335693359375 0.0217800140380859 -0.57855224609375 0.3255615234375
0.0279083251953125 0.0325107574462891 -0.25103759765625 0.415069580078125
0.0211296081542969 0.0269031524658203 0.0685577392578125 0.2576904296875
-0.00545501708984375 0.000382900238037109 0.185195922851563 0.043182373046875
0.007049560546875 -0.0237464904785156 -0.0876007080078125 -0.0678176879882813
0.0275344848632813 0.0214366912841797 0.0968017578125 -0.287017822265625
0.038726806640625 0.0233497619628906 0.376495361328125 -0.29443359375
0.0205764770507813 0.0391006469726563 0.60003662109375 0.05548095703125
-0.0370216369628906 0.0173835754394531 0.35919189453125 0.658203125
-0.0438499450683594 -0.0591697692871094 -0.1962890625 0.9317626953125
0.0449905395507813 -0.049102783203125 -0.432891845703125 0.53271484375
0.0953750610351563 -0.0387344360351563 0.181121826171875 0.000381469726562498
0.0385627746582031 -0.0611839294433594 0.4163818359375 -0.682373046875
-0.0181312561035156 -0.0425758361816406 -0.247802734375 -0.8560791015625
-0.02569580078125 0.00635528564453125 -0.752197265625 -0.22198486328125
0.00135993957519531 0.0185146331787109 -0.5743408203125 0.3446044921875
0.0306835174560547 0.0171222686767578 -0.2462158203125 0.42132568359375
0.0261726379394531 0.00699996948242188 0.0716705322265625 0.253326416015625
-0.00369071960449219 -0.012782096862793 0.187408447265625 0.0428314208984375
0.0181198120117188 -0.0281219482421875 -0.0874099731445313 -0.0636672973632813
0.0422325134277344 -0.0024261474609375 0.096527099609375 -0.291656494140625
0.0483207702636719 0.00501251220703125 0.370635986328125 -0.295928955078125
0.0210933685302734 0.0303878784179688 0.5965576171875 0.0540771484375
-0.0446929931640625 0.0251274108886719 0.36016845703125 0.66290283203125
-0.0585365295410156 -0.0502471923828125 -0.1962890625 0.9364013671875
0.0442237854003906 -0.0498619079589844 -0.431121826171875 0.534149169921875
0.107711791992188 -0.041748046875 0.177688598632812 0.0060577392578125
0.0367355346679687 -0.0599632263183594 0.41455078125 -0.675048828125
-0.0298938751220703 -0.0314159393310547 -0.25323486328125 -0.85357666015625
-0.0313358306884766 0.0179367065429687 -0.75445556640625 -0.2261962890625
0.00110816955566406 0.0156450271606445 -0.5748291015625 0.34442138671875
0.0308647155761719 -0.002655029296875 -0.2481689453125 0.419158935546875
0.0302543640136719 -0.0175971984863281 0.0674591064453125 0.252227783203125
0.00392913818359375 -0.0272083282470703 0.182952880859375 0.0380096435546875
0.0196456909179688 -0.0448989868164063 -0.0914230346679687 -0.062896728515625
0.0550308227539063 -0.0229225158691406 0.089691162109375 -0.295135498046875
0.0574111938476563 -0.0229454040527344 0.36175537109375 -0.30859375
0.0195446014404297 0.0221996307373047 0.5980224609375 0.03509521484375
-0.0571517944335938 0.0372123718261719 0.38421630859375 0.64892578125
-0.075653076171875 -0.0371322631835938 -0.16375732421875 0.93701171875
0.0401458740234375 -0.0518722534179688 -0.421356201171875 0.545166015625
0.118797302246094 -0.0460128784179688 0.171981811523438 0.012481689453125
0.0386466979980469 -0.0574455261230469 0.436279296875 -0.6693115234375
-0.0372581481933594 -0.0164413452148437 -0.21966552734375 -0.86798095703125
-0.0388565063476563 0.0317039489746094 -0.748291015625 -0.25445556640625
-0.00289726257324219 0.0137186050415039 -0.5859375 0.32550048828125
0.0306529998779297 -0.0205001831054688 -0.25970458984375 0.4112548828125
0.0348320007324219 -0.0345649719238281 0.0623779296875 0.2481689453125
0.00310516357421875 -0.0388870239257813 0.183090209960938 0.0394744873046875
0.0196647644042969 -0.0558967590332031 -0.101058959960938 -0.0644073486328125
0.0648269653320313 -0.0387344360351563 0.077850341796875 -0.29547119140625
0.0593452453613281 -0.0483322143554687 0.347320556640625 -0.324188232421875
0.0162286758422852 0.0159921646118164 0.6036376953125 0.00347900390625
-0.0643157958984375 0.0510711669921875 0.43304443359375 0.61163330078125
-0.0887908935546875 -0.022186279296875 -0.1025390625 0.9296875
0.0332870483398438 -0.052093505859375 -0.39996337890625 0.55859375
0.130401611328125 -0.0485992431640625 0.16229248046875 0.019683837890625
0.0430488586425781 -0.0547714233398438 0.46734619140625 -0.65887451171875
-0.0443077087402344 -0.00714111328125 -0.167724609375 -0.900634765625
-0.0450973510742188 0.0419998168945312 -0.73162841796875 -0.3123779296875
-0.00821208953857422 0.012242317199707 -0.6029052734375 0.2896728515625
0.0314712524414063 -0.0341243743896484 -0.27880859375 0.400146484375
0.0402145385742188 -0.0499725341796875 0.054840087890625 0.246231079101563
0.00130462646484375 -0.0470123291015625 0.184005737304688 0.0394744873046875
0.0186843872070313 -0.0588836669921875 -0.111457824707031 -0.0638046264648437
0.0653457641601563 -0.0497016906738281 0.060302734375 -0.295501708984375
0.0549354553222656 -0.0594215393066406 0.3343505859375 -0.337890625
0.0132789611816406 0.0126485824584961 0.61566162109375 -0.04449462890625
-0.0652961730957031 0.062652587890625 0.4920654296875 0.557159423828125
-0.0976104736328125 -0.00810241699218749 -0.02001953125 0.90509033203125
0.0272407531738281 -0.049530029296875 -0.36669921875 0.56927490234375
0.135520935058594 -0.0477371215820312 0.14483642578125 0.0267486572265625
0.051513671875 -0.0511589050292969 0.51226806640625 -0.6416015625
-0.0470199584960937 -0.00296401977539063 -0.09246826171875 -0.9384765625
-0.0528945922851563 0.045318603515625 -0.70404052734375 -0.387939453125
-0.0121040344238281 0.0109338760375977 -0.6177978515625 0.24078369140625
0.0327606201171875 -0.0441246032714844 -0.29693603515625 0.38507080078125
0.0471115112304687 -0.0591239929199219 0.043731689453125 0.24566650390625
0.00397109985351562 -0.0528717041015625 0.180191040039063 0.0363922119140625
-0.00153660774230957 0.00225210189819336 -0.121475219726563 -0.072967529296875
0.00974655151367188 0.0626716613769531 0.06085205078125 -0.27685546875
0.0331268310546875 0.0610084533691406 0.369354248046875 -0.32012939453125
0.026092529296875 0.041656494140625 0.65643310546875 -0.05047607421875
-0.02197265625 -0.00228309631347656 0.4970703125 0.535888671875
-0.0329513549804688 -0.0731430053710938 -0.0283203125 0.87994384765625
0.0345001220703125 -0.0488433837890625 -0.374359130859375 0.540435791015625
0.0698318481445313 -0.0217208862304688 0.154083251953125 0.003265380859375
0.0576171875 -0.0540046691894531 0.50677490234375 -0.6806640625
0.0137405395507813 -0.0663681030273438 -0.1131591796875 -0.96343994140625
-0.014470100402832 -0.0143833160400391 -0.70989990234375 -0.37939453125
-0.00180435180664062 0.0288372039794922 -0.6005859375 0.259521484375
0.0165176391601562 0.0543899536132812 -0.27093505859375 0.403594970703125
0.0104904174804688 0.0505638122558594 0.05804443359375 0.268707275390625
-0.00734710693359375 0.0157594680786133 0.182479858398438 0.036895751953125
-0.00320315361022949 -0.00307726860046387 -0.108139038085937 -0.0716476440429688
0.00908279418945312 0.0553436279296875 0.07403564453125 -0.280654907226563
0.0300102233886719 0.0585403442382813 0.37701416015625 -0.306732177734375
0.0241737365722656 0.0467643737792969 0.63836669921875 -0.000976562499999997
-0.0215549468994141 -0.00020027160644531 0.4407958984375 0.59136962890625
-0.030517578125 -0.0725555419921875 -0.10406494140625 0.90594482421875
0.0400390625 -0.0510330200195313 -0.4029541015625 0.536529541015625
0.07647705078125 -0.0261688232421875 0.166366577148438 0.00103759765625
0.0511741638183594 -0.060089111328125 0.46527099609375 -0.688232421875
0.00501632690429688 -0.064605712890625 -0.1829833984375 -0.92138671875
-0.0183200836181641 -0.0126800537109375 -0.73876953125 -0.30731201171875
0.00206565856933594 0.0249309539794922 -0.591064453125 0.30291748046875
0.0236701965332031 0.0456809997558594 -0.25970458984375 0.41461181640625
0.0162315368652344 0.0425682067871094 0.068634033203125 0.262466430664063
-0.00624179840087891 0.0108156204223633 0.184951782226563 0.0406494140625
0.000744819641113281 -0.0117044448852539 -0.09906005859375 -0.0739593505859375
0.0162773132324219 0.0388565063476562 0.090087890625 -0.28173828125
0.0329818725585938 0.0446052551269531 0.37469482421875 -0.297607421875
0.0210952758789062 0.0443992614746094 0.6171875 0.035400390625
-0.0279617309570313 0.009246826171875 0.39666748046875 0.63824462890625
-0.0328521728515625 -0.0658912658691406 -0.15625 0.9283447265625
0.0440750122070313 -0.0497589111328125 -0.422119140625 0.53826904296875
0.0877227783203125 -0.0317306518554688 0.175033569335938 -0.000244140625000002
0.0421867370605469 -0.0616111755371094 0.4334716796875 -0.69097900390625
-0.00725936889648437 -0.0571975708007813 -0.2314453125 -0.88177490234375
-0.0232200622558594 -0.00543212890625 -0.75341796875 -0.25146484375
0.00292778015136719 0.0221519470214844 -0.58453369140625 0.33551025390625
0.0307655334472656 0.0331630706787109 -0.251251220703125 0.422760009765625
0.0223464965820313 0.0271739959716797 0.07012939453125 0.259689331054688
-0.00620365142822266 -0.000623703002929688 0.187606811523438 0.0435333251953125
0.00888633728027344 -0.0240802764892578 -0.088104248046875 -0.0691070556640625
0.0283641815185547 0.0217380523681641 0.096649169921875 -0.29351806640625
0.0394020080566406 0.0219688415527344 0.37841796875 -0.29766845703125
0.0204277038574219 0.04034423828125 0.60675048828125 0.05322265625
-0.0360755920410156 0.0165634155273438 0.36395263671875 0.66241455078125
-0.0431976318359375 -0.0597000122070313 -0.19451904296875 0.9425048828125
0.0455055236816406 -0.0490188598632813 -0.43511962890625 0.539825439453125
0.096221923828125 -0.0369720458984375 0.181869506835938 0.0011749267578125
0.0386734008789063 -0.06121826171875 0.4189453125 -0.6915283203125
-0.0189476013183594 -0.0437202453613281 -0.25579833984375 -0.86328125
-0.0253410339355469 0.00601959228515625 -0.763427734375 -0.21923828125
0.00195884704589844 0.0177841186523438 -0.57781982421875 0.352783203125
0.0314655303955078 0.0159206390380859 -0.24517822265625 0.4271240234375
0.0267562866210938 0.00623321533203125 0.073577880859375 0.256011962890625
-0.00286674499511719 -0.0119037628173828 0.18963623046875 0.0418853759765625
0.0176467895507813 -0.0290889739990234 -0.0877151489257813 -0.0638275146484375
0.0414581298828125 -0.00391769409179688 0.0963134765625 -0.296356201171875
0.04852294921875 0.00410842895507813 0.37261962890625 -0.30145263671875
0.0208339691162109 0.0306491851806641 0.6041259765625 0.0511474609375
-0.0458030700683594 0.02520751953125 0.3682861328125 0.66888427734375
-0.0599746704101562 -0.0516090393066406 -0.19329833984375 0.94842529296875
0.0451431274414063 -0.0499000549316406 -0.432861328125 0.53936767578125
0.108512878417969 -0.0419235229492188 0.178695678710938 0.0069122314453125
0.0374832153320312 -0.0596504211425781 0.4158935546875 -0.68389892578125
-0.0291595458984375 -0.0301132202148437 -0.25811767578125 -0.86102294921875
-0.0319557189941406 0.019256591796875 -0.76483154296875 -0.224853515625
0.0010995864868164 0.0151634216308594 -0.57928466796875 0.35205078125
0.0322647094726563 -0.00412178039550781 -0.249542236328125 0.427703857421875
0.0301856994628906 -0.0181941986083984 0.069244384765625 0.2550048828125
0.00241470336914062 -0.0277233123779297 0.185562133789063 0.03765869140625
0.019500732421875 -0.0447807312011719 -0.093017578125 -0.0653762817382812
0.0579566955566406 -0.0228042602539062 0.08819580078125 -0.300933837890625
0.0570259094238281 -0.0229721069335938 0.364288330078125 -0.3140869140625
0.0188446044921875 0.0235557556152344 0.6055908203125 0.03118896484375
-0.0578346252441406 0.0377693176269531 0.39190673828125 0.65350341796875
-0.0751876831054687 -0.0376815795898438 -0.1605224609375 0.94970703125
0.04071044921875 -0.0524978637695313 -0.423065185546875 0.55316162109375
0.120361328125 -0.046356201171875 0.172531127929688 0.0120697021484375
0.0381011962890625 -0.0577278137207031 0.4366455078125 -0.67926025390625
-0.03759765625 -0.0157928466796875 -0.22821044921875 -0.8782958984375
-0.0372543334960938 0.0313224792480469 -0.75799560546875 -0.25518798828125
-0.00282573699951172 0.0147562026977539 -0.59112548828125 0.33203125
0.0323505401611328 -0.0189437866210938 -0.261138916015625 0.41876220703125
0.0356636047363281 -0.0367355346679688 0.0650177001953125 0.25091552734375
0.00250625610351562 -0.0387039184570313 0.1873779296875 0.03936767578125
0.0190887451171875 -0.0555343627929687 -0.10272216796875 -0.0656967163085938
0.065765380859375 -0.0408821105957031 0.076629638671875 -0.3006591796875
0.0591773986816406 -0.0475883483886719 0.34942626953125 -0.32855224609375
0.0165672302246094 0.0151729583740234 0.61273193359375 0.000732421875000001
-0.0671348571777344 0.05218505859375 0.4410400390625 0.61785888671875
-0.0893096923828125 -0.019927978515625 -0.0977783203124999 0.9429931640625
0.0344505310058594 -0.0526161193847656 -0.400634765625 0.56781005859375
0.130767822265625 -0.0509033203125 0.164077758789063 0.0184173583984375
0.0455169677734375 -0.0546340942382813 0.470703125 -0.66668701171875
-0.0433197021484375 -0.00623703002929688 -0.1748046875 -0.90887451171875
-0.0457572937011719 0.0423507690429688 -0.740966796875 -0.31304931640625
-0.00845718383789062 0.0127391815185547 -0.60919189453125 0.29693603515625
0.0320873260498047 -0.0334186553955078 -0.279754638671875 0.406524658203125
0.0406150817871094 -0.0495986938476563 0.0575714111328125 0.248947143554687
0.00169754028320312 -0.047607421875 0.18597412109375 0.0395660400390625
0.0175933837890625 -0.0589828491210938 -0.11474609375 -0.0645370483398437
0.0657501220703125 -0.0513763427734375 0.058258056640625 -0.29815673828125
0.0539398193359375 -0.0596542358398437 0.33709716796875 -0.344024658203125
0.0140323638916016 0.0128850936889648 0.62353515625 -0.04931640625
-0.0658721923828125 0.0624656677246094 0.502471923828125 0.5615234375
-0.0972213745117188 -0.00581359863281251 -0.01617431640625 0.9171142578125
0.0259590148925781 -0.0483741760253906 -0.367431640625 0.5767822265625
0.135810852050781 -0.0479736328125 0.145523071289063 0.0250091552734375
0.0502967834472656 -0.0511283874511719 0.514404296875 -0.65264892578125
-0.0464286804199219 -0.000980377197265624 -0.0986938476562499 -0.947998046875
-0.0519180297851563 0.0475311279296875 -0.7120361328125 -0.38787841796875
-0.012578010559082 0.00895214080810547 -0.62274169921875 0.24969482421875
0.0349349975585938 -0.0442619323730469 -0.296600341796875 0.39154052734375
0.0464897155761719 -0.0597686767578125 0.045562744140625 0.248489379882813
0.004638671875 -0.0526580810546875 0.183624267578125 0.03631591796875
-0.00119256973266602 0.00471162796020508 -0.12335205078125 -0.0726242065429688
0.0103874206542969 0.0630836486816406 0.0588836669921875 -0.280166625976563
0.0346527099609375 0.05999755859375 0.372650146484375 -0.328094482421875
0.0273666381835938 0.0441856384277344 0.66229248046875 -0.0560302734375
-0.0211429595947266 -0.00371742248535156 0.506805419921875 0.538818359375
-0.0328598022460938 -0.0722503662109375 -0.02337646484375 0.89056396484375
0.0319786071777344 -0.049468994140625 -0.37652587890625 0.55078125
0.0717315673828125 -0.0220108032226562 0.154647827148438 0.002899169921875
0.0565185546875 -0.0556488037109375 0.5107421875 -0.69158935546875
0.0147590637207031 -0.0665550231933594 -0.12164306640625 -0.97412109375
-0.015498161315918 -0.0134201049804687 -0.7236328125 -0.3773193359375
-0.00222396850585937 0.0303230285644531 -0.60626220703125 0.2681884765625
0.0173416137695313 0.0548934936523438 -0.27008056640625 0.412109375
0.0108261108398438 0.0505638122558594 0.0600128173828125 0.270782470703125
-0.00809478759765625 0.0176887512207031 0.183914184570313 0.0364532470703125
-0.00161314010620117 -0.00496196746826172 -0.109405517578125 -0.072357177734375
0.0113792419433594 0.0553512573242188 0.073455810546875 -0.285186767578125
0.0298881530761719 0.0577659606933594 0.378387451171875 -0.3134765625
0.0235824584960938 0.0496063232421875 0.6463623046875 -0.0068359375
-0.0231227874755859 0.00150680541992188 0.4500732421875 0.59796142578125
-0.0299758911132813 -0.0723342895507813 -0.0960693359375 0.91845703125
0.0382843017578125 -0.0517921447753906 -0.40216064453125 0.54547119140625
0.0766525268554688 -0.0274124145507813 0.167160034179688 0.00103759765625
0.0502738952636719 -0.0584335327148438 0.46527099609375 -0.697509765625
0.00400161743164062 -0.0648155212402344 -0.19097900390625 -0.93011474609375
-0.0176982879638672 -0.0126972198486328 -0.74969482421875 -0.306884765625
0.00107192993164063 0.0257892608642578 -0.59613037109375 0.3128662109375
0.0235633850097656 0.0476608276367188 -0.25750732421875 0.422027587890625
0.0167732238769531 0.0445709228515625 0.0698394775390625 0.266708374023438
-0.00571537017822266 0.0113840103149414 0.188217163085938 0.0391998291015625
0.00227832794189453 -0.0135354995727539 -0.0995025634765625 -0.0724945068359375
0.0138587951660156 0.0389213562011719 0.08697509765625 -0.28759765625
0.0308456420898438 0.0459327697753906 0.37353515625 -0.304656982421875
0.021942138671875 0.0471687316894531 0.62554931640625 0.03045654296875
-0.0273532867431641 0.0102653503417969 0.4052734375 0.64447021484375
-0.033538818359375 -0.0649757385253906 -0.15338134765625 0.94183349609375
0.042938232421875 -0.0496292114257813 -0.426544189453125 0.544677734375
0.0857772827148437 -0.0328903198242187 0.177093505859375 -0.0027923583984375
0.043426513671875 -0.0626945495605469 0.43450927734375 -0.7008056640625
-0.00736618041992188 -0.0552902221679688 -0.24127197265625 -0.8955078125
-0.0215778350830078 -0.00326728820800781 -0.76513671875 -0.2481689453125
0.00206756591796875 0.0210189819335938 -0.58624267578125 0.34429931640625
0.0282249450683594 0.0339546203613281 -0.249237060546875 0.428802490234375
0.0236110687255859 0.0274105072021484 0.07586669921875 0.264236450195313
-0.00538253784179687 0.00132513046264648 0.19110107421875 0.0432281494140625
0.00638198852539062 -0.022918701171875 -0.0893402099609375 -0.0712432861328125
0.0294780731201172 0.0204696655273438 0.095916748046875 -0.29559326171875
0.0391578674316406 0.02203369140625 0.3795166015625 -0.305694580078125
0.0189094543457031 0.0415534973144531 0.61639404296875 0.0477294921875
-0.0359306335449219 0.0194778442382813 0.3741455078125 0.67047119140625
-0.0445671081542969 -0.0599594116210938 -0.188720703125 0.95941162109375
0.0453376770019531 -0.0499114990234375 -0.434722900390625 0.548736572265625
0.0949630737304688 -0.0387115478515625 0.183258056640625 0.000946044921874998
0.0378303527832031 -0.0629310607910156 0.41595458984375 -0.70086669921875
-0.0197639465332031 -0.0446701049804687 -0.26568603515625 -0.87286376953125
-0.0255966186523437 0.00634574890136718 -0.7734375 -0.218017578125
0.00376129150390625 0.0194683074951172 -0.5826416015625 0.36468505859375
0.0305156707763672 0.0156345367431641 -0.2469482421875 0.435882568359375
0.0274982452392578 0.0057525634765625 0.07666015625 0.258697509765625
-0.00258159637451172 -0.0123968124389648 0.19232177734375 0.0417022705078125
0.0183792114257813 -0.0283317565917969 -0.0895919799804688 -0.066009521484375
0.0424690246582031 -0.00413894653320313 0.093231201171875 -0.301666259765625
0.0492439270019531 0.00383377075195312 0.3746337890625 -0.307708740234375
0.0201702117919922 0.0316524505615234 0.61236572265625 0.0447998046875
-0.0454177856445313 0.0267410278320313 0.3763427734375 0.67431640625
-0.0583610534667969 -0.0503463745117188 -0.18902587890625 0.9619140625
0.044921875 -0.0517425537109375 -0.437530517578125 0.548858642578125
0.108894348144531 -0.0438690185546875 0.179702758789063 0.0060272216796875
0.0373802185058594 -0.0600013732910156 0.41619873046875 -0.6943359375
-0.0303936004638672 -0.0296840667724609 -0.26885986328125 -0.8720703125
-0.0320568084716797 0.0190353393554688 -0.77655029296875 -0.22149658203125
0.00256061553955078 0.015995979309082 -0.58319091796875 0.36175537109375
0.0318622589111328 -0.00405693054199219 -0.247802734375 0.435516357421875
0.0305595397949219 -0.0186176300048828 0.074676513671875 0.258132934570313
0.00251388549804688 -0.0280990600585938 0.188064575195313 0.0382232666015625
0.0195770263671875 -0.0445327758789063 -0.0944366455078125 -0.0678634643554688
0.0586013793945313 -0.0244674682617188 0.08685302734375 -0.3038330078125
0.0581245422363281 -0.0254364013671875 0.364898681640625 -0.32208251953125
0.0200252532958984 0.0225811004638672 0.6126708984375 0.02783203125
-0.0579490661621094 0.0394783020019531 0.4005126953125 0.659912109375
-0.0762939453125 -0.0373611450195313 -0.15484619140625 0.96319580078125
0.0401725769042969 -0.052490234375 -0.42535400390625 0.56060791015625
0.121337890625 -0.0464096069335937 0.174667358398437 0.011322021484375
0.0388336181640625 -0.0579147338867188 0.4366455078125 -0.68902587890625
-0.037811279296875 -0.0154342651367187 -0.235595703125 -0.8863525390625
-0.0374641418457031 0.0335197448730469 -0.76922607421875 -0.25323486328125
-0.000859260559082033 0.013911247253418 -0.59771728515625 0.34210205078125
0.0325031280517578 -0.0185317993164063 -0.2608642578125 0.427978515625
0.0356636047363281 -0.0367584228515625 0.06927490234375 0.254714965820313
0.00177383422851563 -0.0392036437988281 0.189483642578125 0.038604736328125
0.0193901062011719 -0.0553054809570313 -0.103897094726563 -0.0674972534179688
0.0673561096191406 -0.0419807434082031 0.075408935546875 -0.30596923828125
0.0588150024414063 -0.0485801696777344 0.349517822265625 -0.33660888671875
0.0165138244628906 0.0179443359375 0.62017822265625 -0.00604248046875
-0.0649147033691406 0.0534324645996094 0.45068359375 0.62054443359375
-0.0911026000976563 -0.020538330078125 -0.0918579101562499 0.95391845703125
0.0344123840332031 -0.0536613464355469 -0.4019775390625 0.57598876953125
0.132919311523438 -0.0501785278320313 0.163742065429688 0.0180511474609375
0.0422134399414063 -0.0551033020019531 0.4698486328125 -0.67889404296875
-0.042144775390625 -0.00605773925781251 -0.18402099609375 -0.9189453125
-0.0444374084472656 0.0435104370117188 -0.75262451171875 -0.3106689453125
-0.00820541381835938 0.0124778747558594 -0.6146240234375 0.30535888671875
0.0318984985351563 -0.0345420837402344 -0.279296875 0.41522216796875
0.0422515869140625 -0.0520896911621094 0.0600738525390625 0.251678466796875
0.000129699707031252 -0.0469436645507813 0.189163208007813 0.0397796630859375
0.0169219970703125 -0.0585975646972656 -0.115753173828125 -0.0671005249023437
0.0674018859863281 -0.0522880554199219 0.053924560546875 -0.302459716796875
0.0533905029296875 -0.0617599487304687 0.336883544921875 -0.349700927734375
0.0128364562988281 0.0134296417236328 0.630859375 -0.0543212890625
-0.0658454895019531 0.065185546875 0.51104736328125 0.56549072265625
-0.0996780395507813 -0.00473022460937498 -0.00878906249999996 0.929443359375
0.0263557434082031 -0.051025390625 -0.37091064453125 0.5869140625
0.135269165039062 -0.0505752563476563 0.146652221679688 0.024932861328125
0.0506401062011719 -0.0500221252441406 0.513916015625 -0.6602783203125
-0.0468177795410156 -0.000934600830078132 -0.10760498046875 -0.957275390625
-0.0523490905761719 0.0484390258789063 -0.72491455078125 -0.38714599609375
-0.0147876739501953 0.00920963287353516 -0.628662109375 0.255859375
0.0343818664550781 -0.0456352233886719 -0.2972412109375 0.399200439453125
0.0475044250488281 -0.0600852966308594 0.0480194091796875 0.252044677734375
0.00210189819335937 -0.0512351989746094 0.185775756835938 0.0372772216796875
-0.000452756881713867 0.00372314453125 -0.126251220703125 -0.0727386474609375
0.0108489990234375 0.0625686645507813 0.056243896484375 -0.285369873046875
0.0335350036621094 0.0605316162109375 0.370391845703125 -0.3343505859375
0.0271949768066406 0.0429878234863281 0.66949462890625 -0.06427001953125
-0.0227069854736328 -0.00177955627441406 0.518310546875 0.54266357421875
-0.033599853515625 -0.0728607177734375 -0.0156249999999999 0.9036865234375
0.0335350036621094 -0.0504035949707031 -0.37652587890625 0.560638427734375
0.0731735229492188 -0.02117919921875 0.1549072265625 0.001617431640625
0.05615234375 -0.0563697814941406 0.50927734375 -0.70379638671875
0.0136489868164063 -0.0657157897949219 -0.134033203125 -0.98455810546875
-0.0142841339111328 -0.0119466781616211 -0.73321533203125 -0.37750244140625
-0.000610351562500002 0.0312862396240234 -0.60986328125 0.27777099609375
0.0161361694335938 0.0548362731933594 -0.271240234375 0.42022705078125
0.0109138488769531 0.0496788024902344 0.0635528564453125 0.2733154296875
-0.00794124603271484 0.0163917541503906 0.187820434570313 0.0371551513671875
-0.00279092788696289 -0.00340938568115234 -0.111686706542969 -0.0720977783203125
0.0122451782226563 0.0555839538574219 0.0712890625 -0.2886962890625
0.0318679809570313 0.0592384338378906 0.37908935546875 -0.32220458984375
0.0257339477539062 0.0478248596191406 0.65380859375 -0.01580810546875
-0.0208377838134766 0.002166748046875 0.45855712890625 0.60101318359375
-0.0314788818359375 -0.0731430053710938 -0.0910034179687499 0.93255615234375
0.0391120910644531 -0.0512008666992187 -0.404876708984375 0.556854248046875
0.0782089233398438 -0.02880859375 0.168167114257813 -0.001251220703125
0.0498046875 -0.0616989135742188 0.46490478515625 -0.7108154296875
0.00277328491210938 -0.0645027160644531 -0.20111083984375 -0.93902587890625
-0.0178470611572266 -0.0123386383056641 -0.76019287109375 -0.30279541015625
-0.00021553039550781 0.0268077850341797 -0.59783935546875 0.32098388671875
0.0241317749023438 0.0458793640136719 -0.258148193359375 0.42877197265625
0.0179328918457031 0.0445060729980469 0.0749359130859375 0.270660400390625
-0.00717830657958984 0.0110359191894531 0.189849853515625 0.036163330078125
0.00308990478515625 -0.00985050201416016 -0.102012634277344 -0.07598876953125
0.0173835754394531 0.0409622192382813 0.085205078125 -0.292633056640625
0.0327224731445313 0.0446701049804688 0.37371826171875 -0.31219482421875
0.0251541137695312 0.0450820922851563 0.6307373046875 0.025390625
-0.0296363830566406 0.00979042053222656 0.41766357421875 0.6502685546875
-0.0345993041992188 -0.0649490356445313 -0.144287109375 0.955322265625
0.0428314208984375 -0.0499420166015625 -0.427581787109375 0.556121826171875
0.0850601196289063 -0.03326416015625 0.179153442382813 -0.0029144287109375
0.0419578552246094 -0.0626754760742188 0.4315185546875 -0.71405029296875
-0.00696945190429687 -0.0570602416992188 -0.2496337890625 -0.901123046875
-0.0213775634765625 -0.004791259765625 -0.7767333984375 -0.245849609375
0.00335884094238281 0.0226802825927734 -0.590576171875 0.35638427734375
0.0285053253173828 0.0339508056640625 -0.245452880859375 0.43896484375
0.022705078125 0.0251808166503906 0.07684326171875 0.26776123046875
-0.00704431533813477 -0.000954627990722657 0.192428588867187 0.041351318359375
0.00677490234375 -0.0232906341552734 -0.093505859375 -0.070892333984375
0.0296173095703125 0.0214729309082031 0.09332275390625 -0.300018310546875
0.038970947265625 0.0219879150390625 0.379150390625 -0.312713623046875
0.0214920043945312 0.04266357421875 0.623291015625 0.0416259765625
-0.0372581481933594 0.0194435119628906 0.38629150390625 0.67608642578125
-0.0462493896484375 -0.0587844848632812 -0.1826171875 0.9747314453125
0.045135498046875 -0.0505104064941406 -0.437042236328125 0.558258056640625
0.0979995727539063 -0.0411148071289062 0.1834716796875 0.000503540039062498
0.0369224548339844 -0.0634346008300781 0.4168701171875 -0.71429443359375
-0.0214042663574219 -0.0442848205566406 -0.27801513671875 -0.8809814453125
-0.0252246856689453 0.00762557983398437 -0.784912109375 -0.21478271484375
0.004058837890625 0.0196933746337891 -0.5858154296875 0.3753662109375
0.0336837768554687 0.0172004699707031 -0.242401123046875 0.444122314453125
0.0287628173828125 0.00658607482910156 0.08038330078125 0.262374877929688
-0.00317955017089844 -0.0106821060180664 0.194900512695313 0.040252685546875
0.0188999176025391 -0.0293846130371094 -0.0924911499023438 -0.0667724609375
0.0439338684082031 -0.00587081909179688 0.0919189453125 -0.305938720703125
0.0504493713378906 0.00263595581054687 0.376251220703125 -0.313812255859375
0.0211448669433594 0.0312576293945313 0.61944580078125 0.0406494140625
-0.0471992492675781 0.0278434753417969 0.38720703125 0.6810302734375
-0.0607032775878906 -0.050262451171875 -0.1800537109375 0.9757080078125
0.0441474914550781 -0.0528678894042969 -0.437591552734375 0.558624267578125
0.108657836914063 -0.0449066162109375 0.180755615234375 0.00439453125
0.0381355285644531 -0.0597267150878906 0.4130859375 -0.70556640625
-0.0312404632568359 -0.0290718078613281 -0.28106689453125 -0.877685546875
-0.0326957702636719 0.0211124420166016 -0.7882080078125 -0.21832275390625
0.00299644470214844 0.0146217346191406 -0.58502197265625 0.371337890625
0.0324535369873047 -0.00536346435546875 -0.2464599609375 0.44366455078125
0.0317401885986328 -0.0192298889160156 0.076446533203125 0.261093139648438
0.00232887268066406 -0.0274524688720703 0.19073486328125 0.03790283203125
0.0172615051269531 -0.044036865234375 -0.0965118408203125 -0.0669021606445312
0.0600509643554687 -0.0247573852539062 0.08477783203125 -0.30914306640625
0.0594940185546875 -0.0251426696777344 0.364959716796875 -0.327880859375
0.0202159881591797 0.0229778289794922 0.6199951171875 0.02294921875
-0.0586166381835937 0.0436325073242187 0.41357421875 0.6654052734375
-0.0758132934570313 -0.0350875854492187 -0.1494140625 0.975830078125
0.0417671203613281 -0.0524864196777344 -0.42376708984375 0.57177734375
0.121269226074219 -0.049041748046875 0.174880981445313 0.0103607177734375
0.0394134521484375 -0.0586128234863281 0.43408203125 -0.69964599609375
-0.0370101928710938 -0.0161361694335938 -0.25042724609375 -0.89404296875
-0.0365867614746094 0.0326919555664062 -0.78076171875 -0.247802734375
-0.00264358520507812 0.0136241912841797 -0.60052490234375 0.35430908203125
0.0319805145263672 -0.0217838287353516 -0.259063720703125 0.436492919921875
0.0354804992675781 -0.0379753112792969 0.071502685546875 0.256637573242188
0.002777099609375 -0.0385055541992188 0.192398071289062 0.037384033203125
0.0187835693359375 -0.0572738647460938 -0.106315612792969 -0.0674591064453125
0.0674934387207031 -0.0438117980957031 0.0716552734375 -0.310943603515625
0.0567626953125 -0.0510902404785156 0.3507080078125 -0.34442138671875
0.0173263549804688 0.0180130004882813 0.6270751953125 -0.0115966796875
-0.0658607482910156 0.05474853515625 0.4638671875 0.6265869140625
-0.09222412109375 -0.0187911987304687 -0.0830078124999999 0.96783447265625
0.035614013671875 -0.0534095764160156 -0.40301513671875 0.587158203125
0.131912231445313 -0.052215576171875 0.164108276367188 0.0166778564453125
0.0452995300292969 -0.0555839538574219 0.46844482421875 -0.68603515625
-0.0428352355957031 -0.00536727905273437 -0.19451904296875 -0.927734375
-0.0453643798828125 0.0456314086914062 -0.76611328125 -0.3057861328125
-0.00813102722167969 0.0143518447875977 -0.61846923828125 0.31683349609375
0.0322952270507813 -0.0345573425292969 -0.27691650390625 0.424560546875
0.0411529541015625 -0.0538444519042969 0.0648193359375 0.255508422851563
3.81469726562975E-06 -0.0472221374511719 0.192138671875 0.03704833984375
0.0159225463867188 -0.0588417053222656 -0.116790771484375 -0.06695556640625
0.0686988830566406 -0.0507125854492188 0.0533447265625 -0.307037353515625
0.0521240234375 -0.0627250671386719 0.336212158203125 -0.359649658203125
0.0136957168579102 0.0132913589477539 0.63848876953125 -0.06182861328125
-0.0675582885742188 0.0661849975585938 0.525146484375 0.56854248046875
-0.0968780517578125 -0.0029144287109375 -0.000915527343750101 0.9415283203125
0.0274085998535156 -0.0490341186523438 -0.37030029296875 0.59552001953125
0.137771606445313 -0.0505294799804688 0.146621704101563 0.024749755859375
0.050933837890625 -0.0520515441894531 0.51287841796875 -0.67291259765625
-0.0487823486328125 0.000579833984374997 -0.119140625 -0.97021484375
-0.0520744323730469 0.0502090454101563 -0.7359619140625 -0.3873291015625
-0.0119285583496094 0.00863742828369141 -0.63323974609375 0.265869140625
0.0361557006835938 -0.0470733642578125 -0.2982177734375 0.409759521484375
0.0470237731933594 -0.060943603515625 0.051605224609375 0.25421142578125
0.00285720825195312 -0.0499191284179688 0.18768310546875 0.0368194580078125
-0.00116753578186035 0.00373601913452148 -0.127227783203125 -0.0714035034179688
0.0136680603027344 0.0629463195800781 0.0526123046875 -0.2894287109375
0.0360641479492188 0.0611381530761719 0.37225341796875 -0.346099853515625
0.0276985168457031 0.0431671142578125 0.6759033203125 -0.0748291015625
-0.0213069915771484 -0.000246047973632808 0.531829833984375 0.544097900390625
-0.0349197387695313 -0.0722427368164063 -0.00500488281250005 0.91485595703125
0.0331382751464844 -0.0509223937988281 -0.37518310546875 0.56903076171875
0.0728378295898438 -0.0230255126953125 0.15496826171875 -6.10351562500014E-05
0.0558547973632813 -0.0563240051269531 0.5032958984375 -0.7181396484375
0.012603759765625 -0.0671348571777344 -0.14892578125 -0.99627685546875
-0.0144567489624023 -0.0121803283691406 -0.7469482421875 -0.372802734375
-0.000719070434570314 0.0309276580810547 -0.6131591796875 0.2890625
0.01788330078125 0.0541000366210937 -0.26727294921875 0.429840087890625
0.0107421875 0.0510711669921875 0.0690765380859375 0.276046752929688
-0.00736618041992188 0.0182952880859375 0.190231323242187 0.0352020263671875
-0.00176405906677246 -0.0019831657409668 -0.114875793457031 -0.0722274780273438
0.0112571716308594 0.0547142028808594 0.070220947265625 -0.295196533203125
0.03302001953125 0.0589332580566406 0.379119873046875 -0.330596923828125
0.0255622863769531 0.0479202270507813 0.662353515625 -0.0230712890625
-0.022491455078125 0.0018157958984375 0.47515869140625 0.60369873046875
-0.0318145751953125 -0.0733108520507812 -0.0808715820312501 0.9439697265625
0.0379867553710938 -0.0528297424316406 -0.40081787109375 0.565185546875
0.0768508911132813 -0.029205322265625 0.168075561523438 -0.0019989013671875
0.0508193969726562 -0.0629119873046875 0.45904541015625 -0.72283935546875
0.00316619873046875 -0.0647850036621094 -0.21697998046875 -0.94805908203125
-0.0175189971923828 -0.011469841003418 -0.7740478515625 -0.29693603515625
0.00173759460449219 0.0297470092773438 -0.601806640625 0.33441162109375
0.0255279541015625 0.0479850769042969 -0.254547119140625 0.438751220703125
0.0167007446289062 0.0427818298339844 0.08001708984375 0.271347045898438
-0.00704097747802735 0.0136489868164063 0.192306518554688 0.038665771484375
0.00153636932373047 -0.0124425888061523 -0.104759216308594 -0.074005126953125
0.0175857543945312 0.0391616821289063 0.08441162109375 -0.297882080078125
0.0334320068359375 0.0436859130859375 0.374420166015625 -0.32025146484375
0.0234260559082031 0.0476951599121094 0.64013671875 0.01708984375
-0.0278110504150391 0.0115623474121094 0.42913818359375 0.65386962890625
-0.0347785949707031 -0.0649490356445313 -0.13507080078125 0.96759033203125
0.0442085266113281 -0.05047607421875 -0.42523193359375 0.56793212890625
0.0847930908203125 -0.03302001953125 0.178955078125 -0.0041656494140625
0.0419578552246094 -0.0650100708007813 0.42822265625 -0.7249755859375
-0.00959396362304688 -0.0566558837890625 -0.2664794921875 -0.90679931640625
-0.0201358795166016 -0.00252914428710938 -0.790283203125 -0.23724365234375
0.00398635864257813 0.0227794647216797 -0.59161376953125 0.365966796875
0.0295772552490234 0.0342330932617188 -0.243408203125 0.44879150390625
0.0240898132324219 0.0260658264160156 0.084381103515625 0.268310546875
-0.00381541252136231 0.0018310546875 0.19561767578125 0.0396728515625
0.00624465942382812 -0.0239734649658203 -0.0945205688476563 -0.0723724365234375
0.0309047698974609 0.0199832916259766 0.08892822265625 -0.308563232421875
0.0387916564941406 0.0217247009277344 0.37744140625 -0.32232666015625
0.0217437744140625 0.0428657531738281 0.6309814453125 0.03436279296875
-0.0365371704101563 0.0217208862304688 0.39935302734375 0.67877197265625
-0.0463829040527344 -0.0575141906738281 -0.17230224609375 0.98626708984375
0.0453071594238281 -0.0500259399414063 -0.43743896484375 0.57159423828125
0.0980072021484375 -0.0410003662109375 0.1844482421875 -0.003143310546875
0.03912353515625 -0.0633811950683594 0.4105224609375 -0.72418212890625
-0.0201568603515625 -0.043243408203125 -0.29278564453125 -0.88800048828125
-0.0263195037841797 0.00902748107910157 -0.79388427734375 -0.205810546875
0.00228691101074219 0.0180339813232422 -0.58624267578125 0.3885498046875
0.0321693420410156 0.0151348114013672 -0.239105224609375 0.45452880859375
0.0288906097412109 0.00507354736328125 0.0865020751953125 0.263824462890625
-0.00141143798828125 -0.0100841522216797 0.199615478515625 0.0398712158203125
0.0170993804931641 -0.0286159515380859 -0.0937881469726563 -0.0667266845703125
0.0442657470703125 -0.00608444213867188 0.089080810546875 -0.31121826171875
0.0497055053710938 0.00235366821289063 0.375762939453125 -0.323486328125
0.0211639404296875 0.0323524475097656 0.62762451171875 0.03289794921875
-0.0472183227539063 0.0294609069824219 0.40228271484375 0.6845703125
-0.0610237121582031 -0.0486335754394531 -0.17059326171875 0.99078369140625
0.0439453125 -0.05450439453125 -0.43597412109375 0.56988525390625
0.109443664550781 -0.045867919921875 0.181106567382813 0.0016326904296875
0.0373916625976563 -0.0612335205078125 0.40875244140625 -0.71826171875
-0.0317401885986328 -0.0283870697021484 -0.29644775390625 -0.8829345703125
-0.0315284729003906 0.0211143493652344 -0.7994384765625 -0.2099609375
0.00343513488769531 0.0158233642578125 -0.58697509765625 0.3846435546875
0.032806396484375 -0.00464630126953125 -0.242828369140625 0.45184326171875
0.0310535430908203 -0.0210952758789063 0.0812530517578125 0.262786865234375
0.0020904541015625 -0.0280513763427734 0.19476318359375 0.035369873046875
0.0187797546386719 -0.0453300476074219 -0.0994720458984375 -0.0684738159179687
0.0599174499511719 -0.0270271301269531 0.080474853515625 -0.313873291015625
0.057525634765625 -0.027191162109375 0.364166259765625 -0.336761474609375
0.02142333984375 0.0229911804199219 0.6278076171875 0.015625
-0.0599822998046875 0.0424385070800781 0.42730712890625 0.6678466796875
-0.0781631469726563 -0.034515380859375 -0.13458251953125 0.991455078125
0.0413665771484375 -0.0543861389160156 -0.42315673828125 0.585693359375
0.121719360351563 -0.0498886108398438 0.176406860351563 0.0095367431640625
0.038421630859375 -0.0591697692871094 0.43011474609375 -0.71258544921875
-0.0387535095214844 -0.0150337219238281 -0.2620849609375 -0.90191650390625
-0.0364990234375 0.0364303588867188 -0.7930908203125 -0.24267578125
-0.00247669219970703 0.0136623382568359 -0.6005859375 0.36846923828125
0.0330314636230469 -0.0219211578369141 -0.254852294921875 0.446014404296875
0.0350074768066406 -0.0394859313964844 0.076995849609375 0.259933471679688
0.00157546997070313 -0.0387725830078125 0.195526123046875 0.0364532470703125
0.0177497863769531 -0.0569267272949219 -0.106582641601563 -0.0680618286132812
0.0690536499023438 -0.0451087951660156 0.070159912109375 -0.314178466796875
0.0571517944335938 -0.0521583557128906 0.34893798828125 -0.353118896484375
0.0157432556152344 0.0170173645019531 0.63299560546875 -0.0211181640625
-0.0657691955566406 0.0576744079589844 0.4775390625 0.629638671875
-0.0916824340820313 -0.01922607421875 -0.0712890624999999 0.982177734375
0.034454345703125 -0.0553817749023438 -0.39935302734375 0.5977783203125
0.13287353515625 -0.0541229248046875 0.164169311523438 0.01470947265625
0.0429954528808594 -0.0563392639160156 0.46490478515625 -0.70465087890625
-0.0436782836914063 -0.00468063354492188 -0.21051025390625 -0.9368896484375
-0.0432281494140625 0.0453987121582031 -0.77752685546875 -0.29974365234375
-0.00748825073242188 0.0123977661132813 -0.620361328125 0.3314208984375
0.0316810607910156 -0.0373916625976563 -0.27325439453125 0.434112548828125
0.0411491394042969 -0.0554008483886719 0.06805419921875 0.257843017578125
0.001129150390625 -0.0474586486816406 0.193954467773438 0.03643798828125
0.0170745849609375 -0.0602684020996094 -0.119888305664063 -0.066497802734375
0.0693740844726563 -0.0573539733886719 0.0489501953125 -0.312713623046875
0.0507659912109375 -0.064666748046875 0.334320068359375 -0.367767333984375
0.0123748779296875 0.0138483047485352 0.64349365234375 -0.07159423828125
-0.0664825439453125 0.0697059631347656 0.53790283203125 0.5687255859375
-0.0986099243164063 -0.00276184082031251 0.014404296875 0.95208740234375
0.0279426574707031 -0.0512351989746094 -0.367431640625 0.609130859375
0.1385498046875 -0.053192138671875 0.148727416992188 0.0234527587890625
0.0511894226074219 -0.0527458190917969 0.5126953125 -0.68524169921875
-0.0481147766113281 0.00207138061523438 -0.13201904296875 -0.9774169921875
-0.0518341064453125 0.0507583618164062 -0.75177001953125 -0.38018798828125
-0.0122289657592773 0.0112476348876953 -0.635009765625 0.27960205078125
0.03387451171875 -0.0474281311035156 -0.293853759765625 0.418731689453125
0.0491294860839844 -0.0652618408203125 0.0569000244140625 0.25885009765625
0.0034332275390625 -0.0512886047363281 0.191741943359375 0.034393310546875
-0.000521183013916016 0.00325965881347656 -0.129661560058594 -0.0701446533203125
0.015533447265625 0.0630035400390625 0.04827880859375 -0.293670654296875
0.0367050170898438 0.061920166015625 0.369049072265625 -0.35595703125
0.0285758972167969 0.0425300598144531 0.6807861328125 -0.086181640625
-0.0215091705322266 -0.000452041625976567 0.5458984375 0.542388916015625
-0.0368576049804687 -0.0715713500976563 0.00982666015624998 0.9256591796875
0.0318641662597656 -0.0517768859863281 -0.37109375 0.5821533203125
0.07275390625 -0.024627685546875 0.156829833984375 -0.0031280517578125
0.0563011169433594 -0.0570182800292969 0.496826171875 -0.73187255859375
0.0124664306640625 -0.0672378540039063 -0.166259765625 -1.00323486328125
-0.0148048400878906 -0.0112009048461914 -0.76092529296875 -0.36395263671875
-0.00115203857421875 0.0327663421630859 -0.613525390625 0.30364990234375
0.0189170837402344 0.0543746948242188 -0.26171875 0.439727783203125
0.0121574401855469 0.0507659912109375 0.076324462890625 0.278167724609375
-0.00706100463867187 0.01861572265625 0.19244384765625 0.0323333740234375
-0.00502157211303711 -0.00292634963989258 -0.117393493652344 -0.071990966796875
0.0142326354980469 0.0558242797851562 0.065093994140625 -0.298431396484375
0.0335273742675781 0.0597991943359375 0.376953125 -0.3406982421875
0.0268135070800781 0.0495414733886719 0.6678466796875 -0.03338623046875
-0.0227527618408203 0.00468826293945312 0.48828125 0.60418701171875
-0.035003662109375 -0.0725326538085937 -0.063232421875 0.9539794921875
0.036834716796875 -0.0526199340820313 -0.3983154296875 0.57611083984375
0.0770339965820313 -0.0299224853515625 0.170761108398438 -0.0053863525390625
0.0504341125488281 -0.062469482421875 0.4530029296875 -0.73712158203125
0.000328063964843748 -0.0645103454589844 -0.2349853515625 -0.955078125
-0.0167551040649414 -0.011082649230957 -0.78497314453125 -0.28692626953125
0.0025177001953125 0.0287246704101563 -0.59942626953125 0.34765625
0.0253944396972656 0.0475883483886719 -0.24853515625 0.448211669921875
0.0181350708007812 0.0435104370117188 0.084381103515625 0.272933959960938
-0.006072998046875 0.0122709274291992 0.195724487304687 0.0347747802734375
0.000773429870605468 -0.0127344131469727 -0.107353210449219 -0.0742950439453125
0.0169105529785156 0.0387954711914063 0.07989501953125 -0.302825927734375
0.03607177734375 0.0444755554199219 0.3729248046875 -0.33013916015625
0.0230140686035156 0.0473175048828125 0.64752197265625 0.0068359375
-0.0271835327148438 0.0127582550048828 0.4459228515625 0.65325927734375
-0.0345420837402344 -0.0648956298828125 -0.11981201171875 0.978759765625
0.0421295166015625 -0.051300048828125 -0.422119140625 0.5810546875
0.0844268798828125 -0.0342025756835938 0.178070068359375 -0.0069122314453125
0.0408363342285156 -0.0634117126464844 0.41900634765625 -0.73614501953125
-0.0101089477539063 -0.0551490783691406 -0.28509521484375 -0.91510009765625
-0.0199050903320312 -0.00269889831542969 -0.8021240234375 -0.2274169921875
0.00361061096191406 0.0229110717773438 -0.59136962890625 0.383544921875
0.0318508148193359 0.0328769683837891 -0.23919677734375 0.459259033203125
0.024627685546875 0.0268898010253906 0.0880889892578125 0.26995849609375
-0.00457525253295898 0.000837326049804688 0.200103759765625 0.03857421875
0.00664138793945313 -0.0241260528564453 -0.0975265502929687 -0.0727386474609375
0.0334625244140625 0.0179691314697266 0.085052490234375 -0.3123779296875
0.0389366149902344 0.0232124328613281 0.3763427734375 -0.331817626953125
0.0229759216308594 0.0429191589355469 0.6368408203125 0.02484130859375
-0.0369415283203125 0.022247314453125 0.413818359375 0.68157958984375
-0.04742431640625 -0.0567855834960937 -0.1588134765625 1.00140380859375
0.0447425842285156 -0.0535392761230469 -0.43328857421875 0.5826416015625
0.0972518920898438 -0.043212890625 0.185806274414062 -0.005218505859375
0.0377159118652344 -0.0634803771972656 0.40289306640625 -0.738037109375
-0.0212860107421875 -0.0433807373046875 -0.311279296875 -0.89154052734375
-0.0252780914306641 0.0100803375244141 -0.8074951171875 -0.1949462890625
0.00367927551269531 0.0211219787597656 -0.585693359375 0.40118408203125
0.0326671600341797 0.0158519744873047 -0.23345947265625 0.463134765625
0.0290603637695312 0.00337982177734375 0.092529296875 0.264846801757813
-0.00233173370361328 -0.00949573516845703 0.201446533203125 0.0372467041015625
0.0189590454101563 -0.0310726165771484 -0.0951309204101563 -0.0676345825195313
0.045257568359375 -0.00680923461914063 0.08355712890625 -0.31634521484375
0.0504226684570313 0.000919342041015625 0.37359619140625 -0.3321533203125
0.0220451354980469 0.0336055755615234 0.63262939453125 0.0238037109375
-0.0468940734863281 0.0322418212890625 0.4171142578125 0.68585205078125
-0.0615882873535156 -0.0484466552734375 -0.15679931640625 1.00360107421875
0.0460548400878906 -0.0552253723144531 -0.4322509765625 0.583251953125
0.110031127929687 -0.0471343994140625 0.182205200195313 0.000244140624999997
0.0376052856445313 -0.0622100830078125 0.40203857421875 -0.73175048828125
-0.0314464569091797 -0.0275516510009766 -0.3125 -0.8885498046875
-0.0297698974609375 0.0222396850585938 -0.81097412109375 -0.19805908203125
0.00336074829101562 0.0148286819458008 -0.58831787109375 0.39923095703125
0.0328693389892578 -0.006500244140625 -0.237945556640625 0.4632568359375
0.0311527252197266 -0.0221157073974609 0.086212158203125 0.264556884765625
0.00161170959472656 -0.0287399291992188 0.195999145507813 0.0328369140625
0.0184402465820312 -0.0461883544921875 -0.101058959960938 -0.0680160522460938
0.0601997375488281 -0.0289039611816406 0.0772705078125 -0.320068359375
0.0565643310546875 -0.0271644592285156 0.362884521484375 -0.346160888671875
0.0209064483642578 0.0241928100585937 0.63397216796875 0.00433349609375
-0.0596427917480469 0.0450935363769531 0.44256591796875 0.669677734375
-0.079437255859375 -0.034515380859375 -0.1234130859375 1.00457763671875
0.0408172607421875 -0.0559425354003906 -0.419189453125 0.59722900390625
0.123504638671875 -0.0530014038085937 0.177032470703125 0.00617980957031249
0.0382041931152344 -0.0595779418945313 0.4228515625 -0.725830078125
-0.0391921997070312 -0.0131072998046875 -0.280029296875 -0.90716552734375
-0.036834716796875 0.0370101928710938 -0.80645751953125 -0.23004150390625
-0.00188541412353516 0.0147628784179688 -0.60150146484375 0.380615234375
0.0325450897216797 -0.0230484008789063 -0.249481201171875 0.456451416015625
0.0348739624023438 -0.0408058166503906 0.08251953125 0.261672973632813
0.00220489501953125 -0.0382232666015625 0.197525024414062 0.0336761474609375
0.0167388916015625 -0.05810546875 -0.110389709472656 -0.068695068359375
0.0694236755371094 -0.0454444885253906 0.062103271484375 -0.3187255859375
0.056732177734375 -0.052947998046875 0.34661865234375 -0.3619384765625
0.0164098739624023 0.0175342559814453 0.6412353515625 -0.02935791015625
-0.0657196044921875 0.0602912902832031 0.49267578125 0.62884521484375
-0.0923995971679688 -0.015625 -0.0579223632812501 0.99078369140625
0.03497314453125 -0.0556068420410156 -0.39459228515625 0.6103515625
0.133499145507812 -0.0553436279296875 0.166275024414063 0.013671875
0.0445899963378906 -0.0571327209472656 0.45916748046875 -0.71783447265625
-0.0445060729980469 -0.00251007080078125 -0.22662353515625 -0.94146728515625
-0.0439682006835938 0.0482368469238281 -0.79168701171875 -0.29345703125
-0.00881767272949219 0.0142478942871094 -0.6217041015625 0.34649658203125
0.0324630737304688 -0.0375022888183594 -0.26947021484375 0.443267822265625
0.0413169860839844 -0.0549736022949219 0.0733489990234375 0.259445190429688
0.00116348266601563 -0.0468254089355469 0.197906494140625 0.0344696044921875
0.016204833984375 -0.060089111328125 -0.120719909667969 -0.0667877197265625
0.0691986083984375 -0.0582084655761719 0.04461669921875 -0.315826416015625
0.0527076721191406 -0.0655784606933594 0.32958984375 -0.3759765625
0.012476921081543 0.0141181945800781 0.64990234375 -0.0814208984375
-0.0655899047851562 0.070465087890625 0.55194091796875 0.56768798828125
-0.100730895996094 0.000228881835937479 0.02789306640625 0.9622802734375
0.0271835327148437 -0.0519752502441406 -0.36328125 0.61907958984375
0.137985229492188 -0.0552902221679687 0.147659301757813 0.02197265625
0.0498428344726563 -0.0526161193847656 0.50311279296875 -0.6995849609375
-0.0470695495605469 0.00268936157226563 -0.14825439453125 -0.9873046875
-0.0505104064941406 0.0531578063964844 -0.76544189453125 -0.37432861328125
-0.0130891799926758 0.0109357833862305 -0.63787841796875 0.29254150390625
0.0331077575683594 -0.0490989685058594 -0.288970947265625 0.42767333984375
0.0489311218261719 -0.0652389526367188 0.0619354248046875 0.2611083984375
0.0017852783203125 -0.0521240234375 0.194992065429687 0.0325927734375
-0.00225496292114258 0.00257420539855957 -0.131065368652344 -0.0699081420898438
0.0152854919433594 0.0627098083496094 0.043975830078125 -0.298553466796875
0.0369453430175781 0.0612220764160156 0.366851806640625 -0.365631103515625
0.0310020446777344 0.0447273254394531 0.68646240234375 -0.10015869140625
-0.0210056304931641 0.000680923461914065 0.560546875 0.537750244140625
-0.0373687744140625 -0.0720062255859375 0.0256958007812499 0.9329833984375
0.0317726135253906 -0.0523605346679688 -0.36566162109375 0.591796875
0.0709686279296875 -0.0264892578125 0.156112670898438 -0.0063323974609375
0.0550498962402344 -0.0580978393554688 0.4893798828125 -0.7452392578125
0.0116615295410156 -0.067169189453125 -0.18511962890625 -1.00726318359375
-0.0144290924072266 -0.0103549957275391 -0.77569580078125 -0.35467529296875
0.00095176696777344 0.0321197509765625 -0.61090087890625 0.3165283203125
0.0195121765136719 0.0540122985839844 -0.2542724609375 0.44891357421875
0.0131797790527344 0.0487747192382813 0.0811614990234375 0.27947998046875
-0.00737380981445313 0.0185680389404297 0.19549560546875 0.0305938720703125
-0.00286173820495605 -0.00300788879394531 -0.11834716796875 -0.07025146484375
0.0150413513183594 0.0548019409179688 0.060882568359375 -0.303192138671875
0.0346794128417969 0.0584068298339844 0.37066650390625 -0.350738525390625
0.0265960693359375 0.0492134094238281 0.6719970703125 -0.0458984375
-0.0228004455566406 0.00381660461425781 0.50299072265625 0.60272216796875
-0.035888671875 -0.0723648071289063 -0.050048828125 0.96484375
0.0369415283203125 -0.0532455444335938 -0.39044189453125 0.5889892578125
0.0768051147460938 -0.0309829711914063 0.170394897460938 -0.008636474609375
0.0486412048339844 -0.0636405944824219 0.44171142578125 -0.7489013671875
0.00111007690429687 -0.0648651123046875 -0.254638671875 -0.9561767578125
-0.0177783966064453 -0.00894546508789062 -0.79779052734375 -0.27716064453125
0.00271224975585938 0.0283317565917969 -0.59954833984375 0.36181640625
0.0285606384277344 0.0448570251464844 -0.24078369140625 0.4578857421875
0.0197868347167969 0.0410881042480469 0.090576171875 0.272781372070313
-0.00460529327392578 0.0145540237426758 0.200592041015625 0.0332183837890625
0.00167179107666016 -0.0143442153930664 -0.109268188476563 -0.074859619140625
0.0196037292480469 0.0367851257324219 0.074676513671875 -0.306427001953125
0.0363273620605469 0.0439109802246094 0.3699951171875 -0.33990478515625
0.025421142578125 0.0465049743652344 0.6556396484375 -0.00421142578125
-0.0289707183837891 0.0146903991699219 0.461669921875 0.65185546875
-0.0360107421875 -0.0644950866699219 -0.1046142578125 0.99261474609375
0.0427589416503906 -0.0519638061523438 -0.414794921875 0.59210205078125
0.0855560302734375 -0.0369949340820313 0.177581787109375 -0.0116424560546875
0.0415077209472656 -0.0652809143066406 0.4075927734375 -0.750244140625
-0.0116081237792969 -0.055572509765625 -0.3050537109375 -0.91705322265625
-0.0207672119140625 -0.00262260437011719 -0.81280517578125 -0.21453857421875
0.00461006164550781 0.0246257781982422 -0.58807373046875 0.39788818359375
0.0316658020019531 0.0326423645019531 -0.23248291015625 0.46966552734375
0.0241508483886719 0.0252532958984375 0.0954742431640625 0.271163940429687
-0.00469160079956055 0.00202131271362305 0.2000732421875 0.0345916748046875
0.00724601745605469 -0.0232810974121094 -0.100341796875 -0.0731277465820313
0.0335693359375 0.0176906585693359 0.080474853515625 -0.3184814453125
0.0389404296875 0.0219345092773438 0.373504638671875 -0.33978271484375
0.0221939086914063 0.0425148010253906 0.6434326171875 0.01336669921875
-0.037628173828125 0.0235404968261719 0.42974853515625 0.68060302734375
-0.0484809875488281 -0.0560493469238281 -0.142333984375 1.012451171875
0.0435752868652344 -0.053619384765625 -0.42596435546875 0.5936279296875
0.0976104736328125 -0.043487548828125 0.184616088867188 -0.0066375732421875
0.0372276306152344 -0.065887451171875 0.3931884765625 -0.749267578125
-0.0223121643066406 -0.0413284301757813 -0.33013916015625 -0.893798828125
-0.0240650177001953 0.0107364654541016 -0.81756591796875 -0.18463134765625
0.00416946411132812 0.0203399658203125 -0.58270263671875 0.41717529296875
0.0353050231933594 0.013092041015625 -0.226654052734375 0.47149658203125
0.0278835296630859 0.00383758544921875 0.099212646484375 0.266143798828125
-0.00231838226318359 -0.00962543487548828 0.203338623046875 0.034637451171875
0.0167827606201172 -0.0326328277587891 -0.0988693237304688 -0.06842041015625
0.0456199645996094 -0.0090484619140625 0.07830810546875 -0.321197509765625
0.0503578186035156 7.62939453125E-06 0.37127685546875 -0.34295654296875
0.0225028991699219 0.0328769683837891 0.63916015625 0.01129150390625
-0.0476264953613281 0.0317649841308594 0.4342041015625 0.685546875
-0.0637092590332031 -0.0465965270996094 -0.139404296875 1.01654052734375
0.044219970703125 -0.0565605163574219 -0.42681884765625 0.593994140625
0.110916137695313 -0.04931640625 0.183135986328125 -0.0030975341796875
0.0360336303710937 -0.063934326171875 0.391845703125 -0.74468994140625
-0.0329647064208984 -0.0276603698730469 -0.3309326171875 -0.889404296875
-0.0301189422607422 0.0242557525634766 -0.823486328125 -0.18548583984375
0.004302978515625 0.0145444869995117 -0.584716796875 0.41400146484375
0.033599853515625 -0.005950927734375 -0.230804443359375 0.471771240234375
0.02984619140625 -0.0222225189208984 0.09326171875 0.264312744140625
0.00128555297851562 -0.0274887084960938 0.2000732421875 0.0304107666015625
0.0177001953125 -0.0462226867675781 -0.105056762695312 -0.0684967041015625
0.0601768493652344 -0.0303878784179688 0.06988525390625 -0.323272705078125
0.0569725036621094 -0.0285606384277344 0.358306884765625 -0.355712890625
0.0214958190917969 0.0243167877197266 0.63946533203125 -0.0047607421875
-0.0587882995605469 0.0476951599121094 0.4595947265625 0.66900634765625
-0.0806045532226562 -0.0313568115234375 -0.10626220703125 1.0152587890625
0.0410385131835938 -0.0575523376464844 -0.41448974609375 0.609375
0.122108459472656 -0.0550537109375 0.178756713867188 0.0039520263671875
0.0370635986328125 -0.0600738525390625 0.412353515625 -0.73773193359375
-0.0392341613769531 -0.0122833251953125 -0.30157470703125 -0.9080810546875
-0.0367813110351562 0.0369987487792969 -0.81573486328125 -0.21673583984375
-0.00220584869384766 0.0138368606567383 -0.60015869140625 0.39617919921875
0.0313701629638672 -0.0245761871337891 -0.243377685546875 0.46490478515625
0.03564453125 -0.0415267944335938 0.088409423828125 0.2618408203125
0.00239181518554687 -0.0379447937011719 0.201065063476563 0.0301666259765625
0.0158615112304687 -0.0570068359375 -0.112167358398438 -0.06683349609375
0.0688972473144531 -0.0484390258789063 0.056915283203125 -0.323699951171875
0.0552406311035156 -0.053680419921875 0.34417724609375 -0.370147705078125
0.0180301666259766 0.0181236267089844 0.644287109375 -0.0430908203125
-0.0652580261230469 0.0614891052246094 0.50872802734375 0.62652587890625
-0.0945816040039063 -0.0142974853515625 -0.0396118164062501 1.001708984375
0.0358924865722656 -0.0570793151855469 -0.3885498046875 0.62066650390625
0.131782531738281 -0.058563232421875 0.166854858398437 0.0106658935546875
0.0421943664550781 -0.0566215515136719 0.45037841796875 -0.72906494140625
-0.0438079833984375 -0.00116348266601562 -0.24859619140625 -0.947265625
-0.04339599609375 0.0491981506347656 -0.80426025390625 -0.279296875
-0.00768375396728516 0.0122432708740234 -0.62054443359375 0.3587646484375
0.0323715209960938 -0.0390815734863281 -0.261871337890625 0.453094482421875
0.0410346984863281 -0.0573654174804687 0.0791473388671875 0.26025390625
-9.53674316406216E-05 -0.0457572937011719 0.200637817382812 0.0325469970703125
0.0141944885253906 -0.0607032775878906 -0.125709533691406 -0.0647811889648437
0.0700263977050781 -0.0590362548828125 0.03778076171875 -0.322265625
0.0494346618652344 -0.066864013671875 0.32562255859375 -0.3865966796875
0.01312255859375 0.0129404067993164 0.653564453125 -0.0946044921875
-0.0651397705078125 0.0730056762695313 0.5699462890625 0.5633544921875
-0.0998001098632813 0.0032806396484375 0.0494995117187499 0.969482421875
0.0264701843261719 -0.0517845153808594 -0.3563232421875 0.6297607421875
0.139144897460938 -0.0572891235351562 0.148117065429688 0.018280029296875
0.0503425598144531 -0.0539283752441406 0.4969482421875 -0.71649169921875
-0.0489692687988281 0.00241851806640626 -0.1688232421875 -0.9913330078125
-0.0497322082519531 0.0556716918945312 -0.77703857421875 -0.36199951171875
-0.0137157440185547 0.00955963134765625 -0.6387939453125 0.30718994140625
0.0325546264648438 -0.0494384765625 -0.284423828125 0.439544677734375
0.0482635498046875 -0.0682449340820313 0.0670928955078125 0.262222290039063
0.00217819213867187 -0.0498695373535156 0.198455810546875 0.029937744140625
-0.0013120174407959 0.0038456916809082 -0.133987426757813 -0.0681228637695313
0.0173149108886719 0.062255859375 0.037689208984375 -0.301177978515625
0.0384864807128906 0.0612068176269531 0.357147216796875 -0.375457763671875
0.0317802429199219 0.0433578491210938 0.6888427734375 -0.11383056640625
-0.0201950073242188 0.00274658203125 0.57470703125 0.52978515625
-0.0405387878417969 -0.0685462951660156 0.046875 0.9398193359375
0.0302886962890625 -0.0525321960449219 -0.3558349609375 0.60137939453125
0.0716323852539062 -0.0287933349609375 0.155319213867188 -0.0090179443359375
0.0552330017089844 -0.058746337890625 0.47625732421875 -0.75775146484375
0.0104293823242188 -0.0666847229003906 -0.20849609375 -1.00994873046875
-0.013392448425293 -0.0119304656982422 -0.7867431640625 -0.33966064453125
0.00168228149414063 0.0330276489257813 -0.607666015625 0.33203125
0.0198554992675781 0.0544319152832031 -0.248138427734375 0.457427978515625
0.0149917602539063 0.0506401062011719 0.0874786376953125 0.280227661132813
-0.00593185424804687 0.0204868316650391 0.196609497070313 0.0270843505859375
-0.00232768058776855 -0.00354361534118652 -0.120246887207031 -0.0693130493164062
0.0164566040039063 0.0539474487304688 0.054168701171875 -0.308197021484375
0.034210205078125 0.0583686828613281 0.367034912109375 -0.36004638671875
0.0308380126953125 0.0491180419921875 0.67523193359375 -0.0599365234375
-0.0218658447265625 0.00637626647949218 0.51910400390625 0.5953369140625
-0.0390815734863281 -0.0697135925292969 -0.03155517578125 0.97369384765625
0.0364761352539062 -0.056427001953125 -0.38458251953125 0.59954833984375
0.0774383544921875 -0.0324554443359375 0.1712646484375 -0.01287841796875
0.0472145080566406 -0.0648117065429688 0.431884765625 -0.75946044921875
0.00080490112304688 -0.0645484924316406 -0.2762451171875 -0.958251953125
-0.0168170928955078 -0.00951480865478515 -0.80987548828125 -0.263427734375
0.004302978515625 0.0286083221435547 -0.594970703125 0.37799072265625
0.0289878845214844 0.0473480224609375 -0.23370361328125 0.465484619140625
0.0200881958007813 0.0412979125976563 0.0989227294921875 0.272293090820313
-0.00613975524902343 0.0125942230224609 0.200042724609375 0.028717041015625
0.00185966491699219 -0.0133476257324219 -0.113639831542969 -0.0724716186523438
0.019561767578125 0.0389862060546875 0.068450927734375 -0.31304931640625
0.0362701416015625 0.0429534912109375 0.36444091796875 -0.348052978515625
0.0258750915527344 0.0471954345703125 0.6580810546875 -0.01751708984375
-0.0285663604736328 0.0151519775390625 0.47662353515625 0.64703369140625
-0.0372657775878906 -0.0637397766113281 -0.0850830078125001 1.00006103515625
0.0408782958984375 -0.0519752502441406 -0.40655517578125 0.60296630859375
0.0843353271484375 -0.0394744873046875 0.177688598632813 -0.0128631591796875
0.0402641296386719 -0.0659103393554688 0.39508056640625 -0.761962890625
-0.010833740234375 -0.0556221008300781 -0.3232421875 -0.91619873046875
-0.0194797515869141 -0.00233650207519531 -0.8209228515625 -0.201171875
0.00380516052246094 0.0240230560302734 -0.5838623046875 0.41107177734375
0.0322227478027344 0.0312080383300781 -0.221771240234375 0.47613525390625
0.0254268646240234 0.0237941741943359 0.103729248046875 0.271896362304688
-0.00427699089050293 0.00364375114440918 0.204299926757813 0.031646728515625
0.00618362426757813 -0.0246715545654297 -0.102691650390625 -0.0733184814453125
0.0329055786132813 0.0174121856689453 0.0731201171875 -0.321685791015625
0.0400581359863281 0.02227783203125 0.368072509765625 -0.351715087890625
0.0238609313964844 0.04290771484375 0.647216796875 0.00177001953125
-0.0361099243164063 0.0251045227050781 0.4473876953125 0.6781005859375
-0.0501937866210937 -0.0552291870117188 -0.12432861328125 1.0218505859375
0.0434112548828125 -0.0545578002929688 -0.4180908203125 0.6082763671875
0.0962448120117188 -0.0470123291015625 0.18505859375 -0.0102386474609375
0.036529541015625 -0.0656204223632812 0.3795166015625 -0.75933837890625
-0.023834228515625 -0.0405197143554687 -0.34881591796875 -0.89300537109375
-0.0234565734863281 0.0103397369384766 -0.8287353515625 -0.1680908203125
0.00488853454589844 0.0204925537109375 -0.577880859375 0.43060302734375
0.0338001251220703 0.0136508941650391 -0.21624755859375 0.4818115234375
0.0294399261474609 0.0018157958984375 0.103134155273438 0.2664794921875
-0.00322055816650391 -0.00978469848632813 0.204635620117188 0.03033447265625
0.0190391540527344 -0.0308475494384766 -0.0999374389648437 -0.0670928955078125
0.0449333190917969 -0.010589599609375 0.071380615234375 -0.3245849609375
0.0502090454101563 -0.000461578369140625 0.3642578125 -0.353851318359375
0.0228729248046875 0.0320072174072266 0.644775390625 -0.00128173828125
-0.047637939453125 0.0338325500488281 0.4495849609375 0.68035888671875
-0.06463623046875 -0.0454864501953125 -0.11907958984375 1.023193359375
0.0423851013183594 -0.0582618713378906 -0.41845703125 0.60595703125
0.108505249023438 -0.0515365600585938 0.183883666992188 -0.0048675537109375
0.0341072082519531 -0.063934326171875 0.3787841796875 -0.7547607421875
-0.0331516265869141 -0.0260181427001953 -0.352783203125 -0.887939453125
-0.0302944183349609 0.02447509765625 -0.829833984375 -0.171875
0.00305557250976563 0.0143327713012695 -0.578369140625 0.42901611328125
0.0327358245849609 -0.00653076171875 -0.22088623046875 0.47900390625
0.0293083190917969 -0.0242633819580078 0.0995941162109375 0.264312744140625
0.000915527343749997 -0.0289974212646484 0.20159912109375 0.0275421142578125
0.0160446166992188 -0.0477828979492188 -0.10614013671875 -0.06756591796875
0.0600509643554688 -0.0326004028320313 0.064361572265625 -0.326629638671875
0.0560073852539063 -0.029815673828125 0.354461669921875 -0.364288330078125
0.0220832824707031 0.0242843627929688 0.646240234375 -0.02008056640625
-0.0564765930175781 0.0489044189453125 0.474853515625 0.6650390625
-0.0810012817382813 -0.0308303833007812 -0.08404541015625 1.02337646484375
0.0409622192382813 -0.0581092834472656 -0.4051513671875 0.61767578125
0.121856689453125 -0.0569915771484375 0.177597045898437 0.0013275146484375
0.0365257263183594 -0.0606002807617188 0.40081787109375 -0.74920654296875
-0.0396080017089844 -0.0107307434082031 -0.32012939453125 -0.90716552734375
-0.0340309143066406 0.0402412414550781 -0.82525634765625 -0.203125
-0.00130462646484375 0.0143327713012695 -0.5948486328125 0.41021728515625
0.03125 -0.0267829895019531 -0.233978271484375 0.473724365234375
0.03460693359375 -0.0428581237792969 0.0947418212890625 0.261459350585938
7.62939453124974E-05 -0.0386466979980469 0.202621459960938 0.028045654296875
0.0150032043457031 -0.0581130981445313 -0.114997863769531 -0.0657424926757813
0.0681610107421875 -0.0510482788085937 0.051116943359375 -0.326629638671875
0.0551795959472656 -0.0547409057617188 0.33697509765625 -0.37908935546875
0.0168085098266602 0.0174217224121094 0.64892578125 -0.0557861328125
-0.0639114379882813 0.063812255859375 0.5262451171875 0.6212158203125
-0.0946044921875 -0.0127639770507812 -0.0171508789062501 1.01190185546875
0.0334396362304688 -0.057891845703125 -0.3795166015625 0.63275146484375
0.133995056152344 -0.0627212524414062 0.167251586914063 0.009979248046875
0.0427169799804688 -0.0592803955078125 0.4388427734375 -0.7423095703125
-0.0435066223144531 0.00121688842773437 -0.267333984375 -0.94696044921875
-0.0413246154785156 0.0493850708007812 -0.81536865234375 -0.26593017578125
-0.00715446472167969 0.0133123397827148 -0.61676025390625 0.3743896484375
0.031982421875 -0.0407524108886719 -0.25408935546875 0.462371826171875
0.0402488708496094 -0.0572242736816406 0.0848846435546875 0.260711669921875
0.000484466552734376 -0.0469512939453125 0.203231811523437 0.028076171875
0.0132408142089844 -0.0611457824707031 -0.126251220703125 -0.0640411376953125
0.0692520141601563 -0.0609283447265625 0.0318603515625 -0.32183837890625
0.0476951599121094 -0.0680160522460938 0.3194580078125 -0.3946533203125
0.0142021179199219 0.014678955078125 0.655517578125 -0.10736083984375
-0.0635604858398437 0.074676513671875 0.58343505859375 0.5557861328125
-0.0991897583007813 0.00469207763671874 0.06732177734375 0.9752197265625
0.02642822265625 -0.0536727905273438 -0.34613037109375 0.640625
0.138206481933594 -0.0596466064453125 0.150314331054688 0.0179443359375
0.0486984252929687 -0.0565986633300781 0.48529052734375 -0.72711181640625
-0.0482368469238281 0.00580596923828125 -0.19036865234375 -0.99566650390625
-0.0494117736816406 0.0550804138183594 -0.79034423828125 -0.34930419921875
-0.0126142501831055 0.0110645294189453 -0.63568115234375 0.32470703125
0.034149169921875 -0.0517082214355469 -0.27520751953125 0.449005126953125
0.046417236328125 -0.068511962890625 0.0739288330078125 0.261550903320313
0.000274658203124999 -0.0508003234863281 0.200103759765625 0.0271759033203125
-0.00145149230957031 0.0043022632598877 -0.135818481445313 -0.0648727416992188
0.0174026489257813 0.0621376037597656 0.031402587890625 -0.304718017578125
0.0409431457519531 0.0599746704101563 0.35052490234375 -0.3848876953125
0.0317230224609375 0.0421714782714844 0.68536376953125 -0.1292724609375
-0.0212459564208984 0.00210380554199219 0.58673095703125 0.52081298828125
-0.0422515869140625 -0.0693511962890625 0.0656738281250001 0.94305419921875
0.0283393859863281 -0.0525932312011719 -0.3448486328125 0.61273193359375
0.0702438354492188 -0.0286598205566406 0.155166625976563 -0.011383056640625
0.0538749694824219 -0.06109619140625 0.45953369140625 -0.76953125
0.00970840454101563 -0.0668525695800781 -0.22772216796875 -1.0067138671875
-0.0143461227416992 -0.00926971435546875 -0.79681396484375 -0.32647705078125
0.00199317932128906 0.0329570770263672 -0.60308837890625 0.347412109375
0.0197486877441406 0.0531959533691406 -0.2391357421875 0.4659423828125
0.0150527954101563 0.0481147766113281 0.0956268310546875 0.278900146484375
-0.00553131103515625 0.0194950103759766 0.198959350585938 0.0230255126953125
-0.00249314308166504 -0.00301051139831543 -0.124176025390625 -0.0668182373046875
0.0172538757324219 0.0523910522460938 0.0462646484375 -0.310272216796875
0.0359115600585938 0.0576133728027344 0.3603515625 -0.369293212890625
0.0296821594238281 0.0475196838378906 0.6754150390625 -0.076171875
-0.023590087890625 0.00722312927246093 0.53448486328125 0.5869140625
-0.0391082763671875 -0.0692291259765625 -0.00903320312500009 0.97808837890625
0.0332565307617188 -0.0561370849609375 -0.37506103515625 0.60992431640625
0.0746002197265625 -0.0343856811523438 0.169204711914062 -0.0151824951171875
0.0467567443847656 -0.0667533874511719 0.41766357421875 -0.772216796875
-0.001434326171875 -0.0642204284667969 -0.29815673828125 -0.95404052734375
-0.015925407409668 -0.00842952728271484 -0.8182373046875 -0.24761962890625
0.00557708740234375 0.0282993316650391 -0.58831787109375 0.391845703125
0.0306892395019531 0.0453910827636719 -0.22503662109375 0.475616455078125
0.0228347778320313 0.0403709411621094 0.104232788085937 0.272628784179687
-0.00549507141113281 0.0145606994628906 0.203521728515625 0.0256195068359375
-0.00123023986816406 -0.0117979049682617 -0.114479064941406 -0.0723419189453125
0.0206108093261719 0.0364990234375 0.061309814453125 -0.31451416015625
0.0351104736328125 0.042724609375 0.3575439453125 -0.359375
0.0275802612304687 0.0467262268066406 0.6612548828125 -0.03045654296875
-0.027099609375 0.0159835815429687 0.49188232421875 0.63751220703125
-0.0398941040039062 -0.062042236328125 -0.0653686523437501 1.00592041015625
0.0422248840332031 -0.05316162109375 -0.39666748046875 0.6151123046875
0.0845260620117188 -0.0412979125976563 0.177078247070313 -0.015350341796875
0.0376815795898438 -0.0655136108398438 0.3795166015625 -0.7696533203125
-0.0130271911621094 -0.0555229187011719 -0.343505859375 -0.91302490234375
-0.0195465087890625 0.000673294067382809 -0.82855224609375 -0.18365478515625
0.0058135986328125 0.0249366760253906 -0.57745361328125 0.42559814453125
0.0349617004394531 0.03033447265625 -0.21319580078125 0.48419189453125
0.0265445709228516 0.0233097076416016 0.10784912109375 0.269256591796875
-0.00503301620483398 0.00239133834838867 0.205032348632813 0.02716064453125
0.00624465942382812 -0.0242633819580078 -0.105674743652344 -0.0719070434570312
0.0341072082519531 0.0154018402099609 0.065826416015625 -0.32513427734375
0.0400199890136719 0.022003173828125 0.361572265625 -0.36187744140625
0.0252151489257813 0.0428848266601562 0.6494140625 -0.0147705078125
-0.0365333557128906 0.0265846252441406 0.4637451171875 0.6705322265625
-0.0532417297363281 -0.0550346374511719 -0.10174560546875 1.02734375
0.0419692993164063 -0.056976318359375 -0.406982421875 0.61883544921875
0.095001220703125 -0.0483856201171875 0.1854248046875 -0.01361083984375
0.0354652404785156 -0.0670967102050781 0.364990234375 -0.76953125
-0.0227317810058594 -0.041046142578125 -0.369384765625 -0.88800048828125
-0.0250511169433594 0.0115089416503906 -0.83331298828125 -0.14971923828125
0.00620841979980469 0.0197544097900391 -0.5693359375 0.44610595703125
0.0349254608154297 0.0124034881591797 -0.208099365234375 0.48785400390625
0.0293350219726563 0.0012664794921875 0.110946655273438 0.264602661132813
-0.00311756134033203 -0.00978755950927734 0.2083740234375 0.026580810546875
0.0182361602783203 -0.032135009765625 -0.102981567382813 -0.0674591064453125
0.0458869934082031 -0.0111198425292969 0.063720703125 -0.327392578125
0.0507049560546875 -0.00252151489257813 0.35736083984375 -0.363616943359375
0.0234317779541016 0.0331363677978516 0.64593505859375 -0.0145263671875
-0.0469703674316406 0.0353431701660156 0.46551513671875 0.6759033203125
-0.0659599304199219 -0.0434379577636719 -0.09991455078125 1.031494140625
0.0416984558105469 -0.0586090087890625 -0.4088134765625 0.6177978515625
0.107795715332031 -0.0544052124023438 0.183349609375 -0.00848388671875001
0.0341415405273437 -0.0638771057128906 0.36517333984375 -0.76373291015625
-0.0328845977783203 -0.0237941741943359 -0.3726806640625 -0.8841552734375
-0.0290164947509766 0.0259170532226563 -0.838623046875 -0.15411376953125
0.0028533935546875 0.0153179168701172 -0.57135009765625 0.44451904296875
0.0333156585693359 -0.00838851928710937 -0.212677001953125 0.48724365234375
0.0290451049804688 -0.0247535705566406 0.104751586914062 0.263671875
0.000995635986328128 -0.0279788970947266 0.204208374023438 0.0228729248046875
0.0160408020019531 -0.0480499267578125 -0.109886169433594 -0.0663833618164062
0.0596160888671875 -0.0338211059570313 0.05609130859375 -0.32989501953125
0.0539436340332031 -0.0314559936523438 0.346710205078125 -0.37506103515625
0.0226001739501953 0.0238113403320313 0.6468505859375 -0.03546142578125
-0.0568504333496094 0.0504074096679688 0.49169921875 0.65789794921875
-0.08209228515625 -0.0273513793945312 -0.06317138671875 1.031005859375
0.0383262634277344 -0.0587921142578125 -0.393310546875 0.62939453125
0.119735717773437 -0.0592880249023438 0.17742919921875 -0.00238037109375
0.0358810424804687 -0.0624008178710938 0.38507080078125 -0.7593994140625
-0.0391502380371094 -0.0093536376953125 -0.340576171875 -0.90399169921875
-0.0337715148925781 0.0413894653320312 -0.83428955078125 -0.18658447265625
-0.000747680664062499 0.0155305862426758 -0.58648681640625 0.42584228515625
0.0322628021240234 -0.0265941619873047 -0.22314453125 0.4805908203125
0.0331230163574219 -0.0443954467773438 0.100128173828125 0.26025390625
-0.000221252441406253 -0.0365524291992188 0.2041015625 0.0236968994140625
0.0141563415527344 -0.0573348999023438 -0.11724853515625 -0.0655364990234375
0.0684661865234375 -0.05401611328125 0.041900634765625 -0.329833984375
0.0527572631835938 -0.05755615234375 0.3294677734375 -0.38824462890625
0.018280029296875 0.0176906585693359 0.6495361328125 -0.0703125
-0.0639114379882813 0.066009521484375 0.53961181640625 0.61016845703125
-0.0953445434570313 -0.00943756103515624 0.00415039062499995 1.0159912109375
0.0315933227539062 -0.057403564453125 -0.3695068359375 0.64373779296875
0.130424499511719 -0.0643463134765625 0.166671752929687 0.00665283203124999
0.042144775390625 -0.0596809387207031 0.42303466796875 -0.752685546875
-0.0444755554199219 0.00121307373046876 -0.2879638671875 -0.943359375
-0.0398178100585938 0.0518608093261719 -0.823486328125 -0.2479248046875
-0.00702857971191406 0.0121116638183594 -0.6094970703125 0.391357421875
0.0310173034667969 -0.0415763854980469 -0.24652099609375 0.46905517578125
0.0388145446777344 -0.0601539611816406 0.09075927734375 0.259918212890625
0.00011062622070312 -0.0457916259765625 0.2060546875 0.023834228515625
0.0127983093261719 -0.0617332458496094 -0.128990173339844 -0.0618133544921875
0.06829833984375 -0.0657844543457031 0.02423095703125 -0.327392578125
0.045501708984375 -0.0696983337402344 0.310577392578125 -0.402252197265625
0.0158700942993164 0.0144634246826172 0.6553955078125 -0.1229248046875
-0.0616836547851562 0.0773696899414063 0.60015869140625 0.54583740234375
-0.100395202636719 0.00859069824218749 0.08843994140625 0.97802734375
0.0248184204101563 -0.0522079467773437 -0.33184814453125 0.65130615234375
0.136222839355469 -0.0633010864257813 0.148727416992188 0.0145416259765625
0.048614501953125 -0.05657958984375 0.46990966796875 -0.73870849609375
-0.0483627319335938 0.00752639770507812 -0.212158203125 -0.99334716796875
-0.0481834411621094 0.0565834045410156 -0.802734375 -0.33209228515625
-0.0107851028442383 0.0108613967895508 -0.6285400390625 0.337890625
0.031585693359375 -0.0543289184570313 -0.265228271484375 0.455902099609375
0.04644775390625 -0.0712738037109375 0.0807952880859375 0.262603759765625
0.00145339965820313 -0.049163818359375 0.202987670898437 0.02294921875
-0.00185203552246094 0.00291657447814941 -0.137565612792969 -0.0619277954101563
0.0202865600585938 0.0604209899902344 0.02398681640625 -0.30548095703125
0.0424461364746094 0.0592308044433594 0.341949462890625 -0.39361572265625
0.0337371826171875 0.0406074523925781 0.6842041015625 -0.1458740234375
-0.0209598541259766 0.00449371337890625 0.59918212890625 0.50933837890625
-0.0422515869140625 -0.0675010681152344 0.0873413085937499 0.9425048828125
0.0283355712890625 -0.0530357360839844 -0.3330078125 0.6204833984375
0.0697555541992188 -0.02996826171875 0.153884887695313 -0.0157318115234375
0.0514373779296875 -0.0614585876464844 0.44384765625 -0.779052734375
0.00615310668945312 -0.0661163330078125 -0.25048828125 -1.0035400390625
-0.0131978988647461 -0.00890445709228516 -0.80462646484375 -0.30804443359375
0.00303268432617188 0.0326919555664063 -0.5936279296875 0.36151123046875
0.0210609436035156 0.0528411865234375 -0.22674560546875 0.47149658203125
0.01641845703125 0.0478553771972656 0.102340698242188 0.2764892578125
-0.00567817687988282 0.0201320648193359 0.199752807617187 0.018798828125
-0.00355172157287598 -0.00236392021179199 -0.125465393066406 -0.065673828125
0.0190963745117188 0.0520668029785156 0.03912353515625 -0.3128662109375
0.0355987548828125 0.0559959411621094 0.350982666015625 -0.3779296875
0.0311775207519531 0.0467567443847656 0.67474365234375 -0.0919189453125
-0.0229454040527344 0.00900077819824219 0.54754638671875 0.57806396484375
-0.0398368835449219 -0.068206787109375 0.0101928710937501 0.98052978515625
0.0330123901367188 -0.0551567077636719 -0.3614501953125 0.61773681640625
0.0739593505859375 -0.0358810424804688 0.168060302734375 -0.0174713134765625
0.0452423095703125 -0.0671806335449219 0.39801025390625 -0.77923583984375
-0.00160598754882813 -0.0633354187011719 -0.319091796875 -0.94635009765625
-0.0156631469726563 -0.00763702392578125 -0.82421875 -0.22705078125
0.00728988647460938 0.0282955169677734 -0.57940673828125 0.40484619140625
0.0303840637207031 0.0439186096191406 -0.211822509765625 0.48046875
0.0210418701171875 0.0381050109863281 0.110992431640625 0.27044677734375
-0.00459003448486328 0.0142841339111328 0.203964233398438 0.022125244140625
-0.00076580047607422 -0.0128040313720703 -0.116546630859375 -0.0708541870117188
0.0227241516113281 0.0351982116699219 0.054168701171875 -0.3192138671875
0.0362625122070313 0.0421791076660156 0.349212646484375 -0.365997314453125
0.0267562866210938 0.0464935302734375 0.659912109375 -0.04583740234375
-0.0263538360595703 0.0168590545654297 0.50579833984375 0.62969970703125
-0.040435791015625 -0.0618324279785156 -0.0441894531250001 1.00933837890625
0.0412254333496094 -0.0553817749023438 -0.38482666015625 0.6190185546875
0.0814971923828125 -0.0419921875 0.176071166992188 -0.0185699462890625
0.0356216430664062 -0.0655250549316406 0.3638916015625 -0.78033447265625
-0.0127410888671875 -0.0539131164550781 -0.36407470703125 -0.90484619140625
-0.0189800262451172 -0.000305175781250004 -0.8341064453125 -0.1649169921875
0.00780677795410156 0.0234909057617187 -0.56488037109375 0.442626953125
0.0336017608642578 0.0302829742431641 -0.202301025390625 0.490966796875
0.0258121490478516 0.0214595794677734 0.1153564453125 0.267532348632813
-0.00598049163818359 0.00495672225952148 0.206512451171875 0.0244140625
0.00430679321289062 -0.0243072509765625 -0.107078552246094 -0.0691757202148437
0.0348262786865234 0.0139904022216797 0.058258056640625 -0.327423095703125
0.0394554138183594 0.0201988220214844 0.35400390625 -0.369781494140625
0.0273323059082031 0.0426597595214844 0.64947509765625 -0.0294189453125
-0.0365447998046875 0.0280723571777344 0.47845458984375 0.662841796875
-0.0522079467773437 -0.052978515625 -0.0809936523437501 1.03082275390625
0.0417747497558594 -0.0577201843261719 -0.39447021484375 0.62750244140625
0.094390869140625 -0.0509414672851563 0.183731079101563 -0.0172576904296875
0.03240966796875 -0.0654983520507813 0.34698486328125 -0.77825927734375
-0.0240135192871094 -0.0404739379882813 -0.39056396484375 -0.8787841796875
-0.0236968994140625 0.0125179290771484 -0.8380126953125 -0.13299560546875
0.00541877746582031 0.0196342468261719 -0.558349609375 0.460296630859375
0.0354766845703125 0.0107803344726563 -0.19732666015625 0.493255615234375
0.0295944213867188 0.00186538696289063 0.116790771484375 0.261886596679688
-0.00202751159667969 -0.00945186614990234 0.210189819335938 0.0225372314453125
0.0168647766113281 -0.0330677032470703 -0.104316711425781 -0.0661087036132812
0.0438156127929688 -0.0130577087402344 0.05535888671875 -0.330352783203125
0.0502281188964844 -0.00281143188476562 0.349822998046875 -0.36932373046875
0.0244255065917969 0.0317935943603516 0.64501953125 -0.02935791015625
-0.0454025268554688 0.036834716796875 0.48065185546875 0.6666259765625
-0.0660781860351563 -0.0416145324707031 -0.0754394531249999 1.0316162109375
0.0406303405761719 -0.0591506958007813 -0.394287109375 0.62493896484375
0.10711669921875 -0.0564956665039063 0.182083129882812 -0.011871337890625
0.0326042175292969 -0.0647201538085938 0.34637451171875 -0.7705078125
-0.0328292846679688 -0.0236740112304688 -0.391845703125 -0.87469482421875
-0.0269584655761719 0.0260562896728516 -0.84234619140625 -0.13531494140625
0.00316047668457031 0.0145549774169922 -0.56243896484375 0.45623779296875
0.0320396423339844 -0.0107154846191406 -0.200592041015625 0.4921875
0.0289402008056641 -0.0250911712646484 0.113189697265625 0.26080322265625
0.000106811523437501 -0.0292472839355469 0.203689575195313 0.0193939208984375
0.0152320861816406 -0.0483055114746094 -0.111595153808594 -0.0650711059570312
0.058624267578125 -0.0357551574707031 0.04852294921875 -0.332733154296875
0.0542068481445312 -0.0320701599121094 0.33795166015625 -0.38250732421875
0.0228004455566406 0.0229568481445313 0.64532470703125 -0.05029296875
-0.0565376281738281 0.0521316528320312 0.50579833984375 0.648193359375
-0.0832443237304688 -0.0249481201171875 -0.03973388671875 1.03082275390625
0.0365753173828125 -0.0600204467773438 -0.37872314453125 0.637939453125
0.118087768554688 -0.0626678466796875 0.17578125 -0.0051422119140625
0.0348892211914063 -0.062591552734375 0.3687744140625 -0.7657470703125
-0.0391960144042969 -0.00766372680664062 -0.36090087890625 -0.8958740234375
-0.0320701599121094 0.0406951904296875 -0.83831787109375 -0.16790771484375
-0.000441551208496095 0.0129556655883789 -0.57672119140625 0.43951416015625
0.0316219329833984 -0.0278072357177734 -0.212310791015625 0.487548828125
0.0325050354003906 -0.0444259643554688 0.107894897460938 0.258224487304687
0.000431060791015626 -0.037841796875 0.206192016601563 0.020751953125
0.0129890441894531 -0.0583419799804688 -0.121345520019531 -0.0643157958984375
0.06683349609375 -0.0541915893554688 0.03558349609375 -0.33123779296875
0.0511550903320313 -0.0593605041503906 0.319580078125 -0.39581298828125
0.0181884765625 0.0153980255126953 0.64862060546875 -0.085205078125
-0.0627250671386719 0.0674629211425781 0.55426025390625 0.6029052734375
-0.0947113037109375 -0.00690460205078127 0.0260620117187501 1.01458740234375
0.0320663452148438 -0.0569076538085938 -0.3541259765625 0.65264892578125
0.128631591796875 -0.0664825439453125 0.165252685546875 0.003448486328125
0.0391426086425781 -0.0604248046875 0.404541015625 -0.7626953125
-0.0428237915039063 0.00388717651367188 -0.31011962890625 -0.9365234375
-0.0383415222167969 0.0538063049316406 -0.8297119140625 -0.23187255859375
-0.00667095184326172 0.0143861770629883 -0.6014404296875 0.4049072265625
0.0277328491210938 -0.0424156188964844 -0.23419189453125 0.476776123046875
0.0379371643066406 -0.0614776611328125 0.0997772216796875 0.258071899414063
-0.00129318237304687 -0.0435600280761719 0.207916259765625 0.0211181640625
0.0117835998535156 -0.0610122680664062 -0.130653381347656 -0.0599441528320313
0.0675048828125 -0.0659103393554688 0.0169677734375 -0.327789306640625
0.0440750122070313 -0.071563720703125 0.301910400390625 -0.410919189453125
0.0139551162719727 0.0142049789428711 0.65301513671875 -0.13677978515625
-0.060272216796875 0.078857421875 0.61151123046875 0.53265380859375
-0.101173400878906 0.00933074951171874 0.1109619140625 0.9771728515625
0.0247955322265625 -0.05340576171875 -0.31976318359375 0.658203125
0.136116027832031 -0.0669479370117187 0.148681640625 0.01104736328125
0.0481910705566406 -0.05731201171875 0.4525146484375 -0.74774169921875
-0.0475196838378906 0.00862503051757813 -0.23333740234375 -0.98828125
-0.0446891784667969 0.0580902099609375 -0.8094482421875 -0.31640625
-0.0106592178344727 0.00956153869628906 -0.62164306640625 0.353515625
0.0312728881835937 -0.0542564392089844 -0.254486083984375 0.461700439453125
0.0444869995117188 -0.0723419189453125 0.0871734619140625 0.2603759765625
-0.000331878662109378 -0.0475578308105469 0.202590942382812 0.0195159912109375
-0.00220251083374023 0.00265431404113769 -0.138504028320313 -0.0604019165039063
0.0224494934082031 0.0590362548828125 0.01556396484375 -0.3057861328125
0.04248046875 0.056793212890625 0.330902099609375 -0.398162841796875
0.0360450744628906 0.041656494140625 0.67999267578125 -0.15997314453125
-0.0219707489013672 0.00497245788574219 0.6087646484375 0.49615478515625
-0.0446395874023438 -0.0660018920898437 0.10467529296875 0.93890380859375
0.0267333984375 -0.0544891357421875 -0.3206787109375 0.62554931640625
0.0675086975097656 -0.0314750671386719 0.152511596679687 -0.0183868408203125
0.0496711730957031 -0.0615272521972656 0.42596435546875 -0.78619384765625
0.0062713623046875 -0.0664329528808594 -0.27056884765625 -0.995361328125
-0.0120620727539063 -0.0081796646118164 -0.808349609375 -0.291015625
0.00377273559570313 0.0336055755615234 -0.5828857421875 0.37139892578125
0.0220108032226563 0.0521965026855469 -0.215576171875 0.475372314453125
0.0160598754882812 0.0457496643066406 0.105926513671875 0.272506713867187
-0.00481033325195313 0.0217685699462891 0.201828002929687 0.016571044921875
-0.00471687316894531 -0.00235605239868164 -0.125617980957031 -0.062896728515625
0.0194587707519531 0.0506057739257813 0.03265380859375 -0.313873291015625
0.0384941101074219 0.0568923950195313 0.3389892578125 -0.385040283203125
0.0329475402832031 0.0453071594238281 0.67041015625 -0.106201171875
-0.0216312408447266 0.00845527648925782 0.55755615234375 0.56719970703125
-0.0421295166015625 -0.066070556640625 0.0321044921874999 0.97711181640625
0.0302314758300781 -0.05560302734375 -0.34881591796875 0.62274169921875
0.071014404296875 -0.0369949340820313 0.164657592773437 -0.0214080810546875
0.0425071716308594 -0.0674552917480469 0.38067626953125 -0.78350830078125
-0.00360107421875 -0.0621261596679688 -0.33709716796875 -0.9375
-0.0155019760131836 -0.00611591339111328 -0.82537841796875 -0.2086181640625
0.00703620910644531 0.0274944305419922 -0.56597900390625 0.41815185546875
0.0293846130371094 0.042388916015625 -0.20166015625 0.483642578125
0.0221366882324219 0.0367431640625 0.1170654296875 0.265960693359375
-0.00288581848144531 0.0141239166259766 0.203842163085938 0.018524169921875
-0.00131797790527344 -0.0118789672851563 -0.117256164550781 -0.067352294921875
0.0230922698974609 0.0348911285400391 0.0458984375 -0.316558837890625
0.0368423461914063 0.0419578552246094 0.338623046875 -0.373321533203125
0.0313529968261719 0.0455513000488281 0.6552734375 -0.06182861328125
-0.0260810852050781 0.02008056640625 0.5201416015625 0.617431640625
-0.04150390625 -0.06011962890625 -0.0220336914062501 1.008056640625
0.0399055480957031 -0.0558815002441406 -0.36920166015625 0.6273193359375
0.0816802978515625 -0.0442733764648437 0.173309326171875 -0.02154541015625
0.0357017517089844 -0.0667953491210938 0.3450927734375 -0.78204345703125
-0.0142936706542969 -0.0538482666015625 -0.38153076171875 -0.893798828125
-0.0186653137207031 0.00208854675292968 -0.8363037109375 -0.14642333984375
0.00802040100097657 0.0232810974121094 -0.553924560546875 0.450653076171875
0.0327243804931641 0.0287208557128906 -0.189605712890625 0.49420166015625
0.0254192352294922 0.0208854675292969 0.120071411132812 0.26458740234375
-0.00335025787353516 0.00402235984802246 0.206405639648438 0.019317626953125
0.00406646728515625 -0.0251941680908203 -0.109596252441406 -0.0692138671875
0.0349159240722656 0.0139217376708984 0.051177978515625 -0.327392578125
0.039703369140625 0.019500732421875 0.344390869140625 -0.3779296875
0.0254669189453125 0.0410118103027344 0.64715576171875 -0.04351806640625
-0.0366287231445312 0.0269546508789063 0.4910888671875 0.65118408203125
-0.0533790588378906 -0.0505905151367188 -0.0554809570312499 1.027587890625
0.0395278930664063 -0.0577011108398438 -0.3817138671875 0.63299560546875
0.0918426513671875 -0.0511550903320313 0.180801391601563 -0.0196533203125
0.0309028625488281 -0.0647354125976563 0.32891845703125 -0.78125
-0.0252113342285156 -0.0402412414550781 -0.40753173828125 -0.8685302734375
-0.0221290588378906 0.0132236480712891 -0.83795166015625 -0.11590576171875
0.00740242004394531 0.0186958312988281 -0.547119140625 0.470611572265625
0.0339164733886719 0.00940322875976563 -0.1864013671875 0.498504638671875
0.0279483795166016 0.000288009643554688 0.122207641601563 0.2598876953125
-0.00294017791748047 -0.00902938842773438 0.21038818359375 0.0179443359375
0.0174198150634766 -0.0341033935546875 -0.106826782226563 -0.0632858276367187
0.0432167053222656 -0.0134468078613281 0.049102783203125 -0.329986572265625
0.0483169555664063 -0.00387954711914063 0.341766357421875 -0.37689208984375
0.0248565673828125 0.0316066741943359 0.64361572265625 -0.043701171875
-0.0460433959960937 0.0388641357421875 0.49530029296875 0.65673828125
-0.0685691833496094 -0.0408554077148437 -0.0538330078125 1.0333251953125
0.0396804809570312 -0.060150146484375 -0.3804931640625 0.630859375
0.104522705078125 -0.0585479736328125 0.179443359375 -0.01416015625
0.0305442810058594 -0.0632705688476563 0.327880859375 -0.7738037109375
-0.0323505401611328 -0.0217952728271484 -0.4093017578125 -0.86358642578125
-0.0268039703369141 0.0277080535888672 -0.84210205078125 -0.1158447265625
0.00320148468017578 0.0146951675415039 -0.55218505859375 0.469390869140625
0.0319595336914063 -0.0107765197753906 -0.1884765625 0.495849609375
0.0269584655761719 -0.0247344970703125 0.117950439453125 0.258880615234375
8.96453857421892E-05 -0.0276546478271484 0.206527709960937 0.015106201171875
0.0150222778320312 -0.0464248657226563 -0.111770629882813 -0.0631561279296875
0.0585098266601563 -0.03759765625 0.0408935546875 -0.332916259765625
0.0535011291503906 -0.0334434509277344 0.327606201171875 -0.390289306640625
0.0224380493164063 0.0222301483154297 0.6434326171875 -0.06195068359375
-0.0548896789550781 0.0539741516113281 0.51971435546875 0.6368408203125
-0.0821533203125 -0.0231552124023437 -0.0183105468750001 1.03082275390625
0.0349998474121094 -0.0593528747558594 -0.36639404296875 0.64349365234375
0.11669921875 -0.0636978149414063 0.174148559570313 -0.0075836181640625
0.0331993103027344 -0.0622711181640625 0.3504638671875 -0.76898193359375
-0.0391845703125 -0.007171630859375 -0.380615234375 -0.8857421875
-0.0292549133300781 0.0395584106445313 -0.84033203125 -0.14947509765625
-0.00070953369140625 0.0125522613525391 -0.5655517578125 0.4525146484375
0.0307521820068359 -0.0292434692382813 -0.202301025390625 0.490753173828125
0.0312843322753906 -0.0462532043457031 0.1126708984375 0.2559814453125
-0.00159454345703125 -0.03741455078125 0.20733642578125 0.0151214599609375
0.0123634338378906 -0.0581169128417969 -0.12158203125 -0.0622787475585937
0.0659904479980469 -0.0554122924804688 0.027618408203125 -0.3310546875
0.0482521057128906 -0.0585250854492188 0.31036376953125 -0.401763916015625
0.0201988220214844 0.0166225433349609 0.64495849609375 -0.10223388671875
-0.0603523254394531 0.0695533752441406 0.56707763671875 0.5875244140625
-0.0948944091796875 -0.00463104248046876 0.0482788085937501 1.012451171875
0.0291633605957031 -0.0592880249023438 -0.3408203125 0.6573486328125
0.128005981445313 -0.069732666015625 0.1632080078125 -0.000396728515625004
0.039886474609375 -0.06005859375 0.38787841796875 -0.7667236328125
-0.04254150390625 0.0034637451171875 -0.32611083984375 -0.93011474609375
-0.0366058349609375 0.0539588928222656 -0.83428955078125 -0.21405029296875
-0.00555992126464844 0.0132904052734375 -0.588134765625 0.4169921875
0.0278472900390625 -0.04376220703125 -0.222412109375 0.47998046875
0.0362510681152344 -0.0628166198730469 0.103424072265625 0.256149291992188
-0.00220108032226563 -0.0437431335449219 0.208572387695313 0.016357421875
0.00968170166015626 -0.06085205078125 -0.131607055664063 -0.0575027465820312
0.0649452209472656 -0.0670700073242188 0.010650634765625 -0.327484130859375
0.041839599609375 -0.0710296630859375 0.289794921875 -0.415863037109375
0.014434814453125 0.0133876800537109 0.648681640625 -0.150634765625
-0.0588912963867188 0.0793533325195313 0.62200927734375 0.519775390625
-0.0995101928710938 0.0131607055664062 0.13116455078125 0.9715576171875
0.0225563049316406 -0.0537109375 -0.3050537109375 0.661376953125
0.132843017578125 -0.0682373046875 0.148391723632813 0.009307861328125
0.0467987060546875 -0.0578880310058594 0.43609619140625 -0.75714111328125
-0.045257568359375 0.00882720947265624 -0.25640869140625 -0.982177734375
-0.0440902709960937 0.060455322265625 -0.8148193359375 -0.29827880859375
-0.0117263793945312 0.0103416442871094 -0.6114501953125 0.3675537109375
0.0284423828125 -0.0541648864746094 -0.242950439453125 0.468414306640625
0.0439605712890625 -0.0755462646484375 0.0933990478515625 0.258453369140625
-0.000495910644531251 -0.0481376647949219 0.20562744140625 0.01287841796875
-0.00254249572753906 0.00355100631713867 -0.139778137207031 -0.05615234375
0.0229988098144531 0.0569801330566406 0.0113525390625 -0.30609130859375
0.0438575744628906 0.0571174621582031 0.3204345703125 -0.4051513671875
0.0352706909179688 0.0395965576171875 0.670166015625 -0.1744384765625
-0.0226116180419922 0.00458717346191407 0.6162109375 0.48193359375
-0.045135498046875 -0.0613365173339844 0.12347412109375 0.93060302734375
0.0247001647949219 -0.0559730529785156 -0.30804443359375 0.6243896484375
0.0649604797363281 -0.032073974609375 0.148971557617188 -0.0195770263671875
0.0501060485839844 -0.0629692077636719 0.40478515625 -0.7872314453125
0.00456237792968751 -0.0656661987304687 -0.29351806640625 -0.982421875
-0.0118141174316406 -0.00829315185546875 -0.8109130859375 -0.27392578125
0.00493240356445313 0.0329360961914063 -0.5718994140625 0.38372802734375
0.0243606567382813 0.0516166687011719 -0.203033447265625 0.477569580078125
0.0181999206542969 0.0452957153320313 0.112060546875 0.268966674804688
-0.0026397705078125 0.0196437835693359 0.201904296875 0.0126953125
-0.00437021255493164 -0.00252985954284668 -0.127334594726563 -0.0606842041015625
0.0215415954589844 0.050048828125 0.026031494140625 -0.3125
0.0361671447753906 0.0539169311523437 0.329803466796875 -0.39068603515625
0.0327606201171875 0.0455818176269531 0.66290283203125 -0.1195068359375
-0.023040771484375 0.00926971435546876 0.56689453125 0.55194091796875
-0.0432968139648438 -0.0633468627929687 0.05291748046875 0.9737548828125
0.0294914245605469 -0.0553970336914062 -0.33428955078125 0.626220703125
0.0701980590820313 -0.0404510498046875 0.162933349609375 -0.0242767333984375
0.0400428771972656 -0.066162109375 0.360107421875 -0.78643798828125
-0.00380325317382813 -0.0630569458007813 -0.3551025390625 -0.92523193359375
-0.016693115234375 -0.00507640838623047 -0.82720947265625 -0.19232177734375
0.00767135620117188 0.0293216705322266 -0.55487060546875 0.428619384765625
0.029449462890625 0.0418434143066406 -0.190155029296875 0.48663330078125
0.0219879150390625 0.0355224609375 0.119033813476562 0.264144897460938
-0.00330066680908203 0.0149116516113281 0.204727172851563 0.0132904052734375
-0.00121116638183594 -0.0112504959106445 -0.119468688964844 -0.0642776489257812
0.0233783721923828 0.0333919525146484 0.038543701171875 -0.318939208984375
0.0359230041503906 0.0409507751464844 0.32904052734375 -0.3785400390625
0.028900146484375 0.0437507629394531 0.6500244140625 -0.0748291015625
-0.0255661010742188 0.0185947418212891 0.53094482421875 0.6033935546875
-0.0421028137207031 -0.0574531555175781 -0.00164794921874995 1.00054931640625
0.0356330871582031 -0.0574150085449219 -0.3565673828125 0.6295166015625
0.0782928466796875 -0.04547119140625 0.1710205078125 -0.0228271484375
0.0351448059082031 -0.0665931701660156 0.32586669921875 -0.784912109375
-0.0164604187011719 -0.0525245666503906 -0.40118408203125 -0.87847900390625
-0.0183334350585938 0.00119209289550782 -0.8331298828125 -0.1307373046875
0.00845527648925781 0.0228672027587891 -0.539337158203125 0.4615478515625
0.0323925018310547 0.0278701782226563 -0.1761474609375 0.495880126953125
0.0255451202392578 0.0202541351318359 0.125579833984375 0.259353637695313
-0.00420618057250977 0.00403070449829101 0.207763671875 0.014892578125
0.00438308715820313 -0.0266666412353516 -0.111808776855469 -0.0667266845703125
0.0344944000244141 0.0124149322509766 0.043212890625 -0.326446533203125
0.0393867492675781 0.0198249816894531 0.332611083984375 -0.38104248046875
0.0269889831542969 0.041229248046875 0.64288330078125 -0.05816650390625
-0.0351791381835938 0.0292701721191406 0.503662109375 0.6380615234375
-0.0523643493652344 -0.0480194091796875 -0.03399658203125 1.02606201171875
0.0374984741210938 -0.0581703186035156 -0.36663818359375 0.634765625
0.0897445678710938 -0.05340576171875 0.178131103515625 -0.0215911865234375
0.0297622680664062 -0.0654563903808594 0.310791015625 -0.7818603515625
-0.0241508483886719 -0.0364418029785156 -0.42388916015625 -0.85430908203125
-0.0208492279052734 0.0133762359619141 -0.83648681640625 -0.0979003906250001
0.00793838500976563 0.0180931091308594 -0.533416748046875 0.48046875
0.0342292785644531 0.0083770751953125 -0.171539306640625 0.498565673828125
0.0279102325439453 -0.00150108337402344 0.12640380859375 0.254470825195313
-0.00272274017333984 -0.00942802429199219 0.21075439453125 0.0144805908203125
0.0161190032958984 -0.0341072082519531 -0.1070556640625 -0.060882568359375
0.0438957214355469 -0.0156631469726563 0.04217529296875 -0.329376220703125
0.0491943359375 -0.00630950927734375 0.330413818359375 -0.38385009765625
0.0242767333984375 0.0319938659667969 0.63848876953125 -0.05694580078125
-0.0435333251953125 0.0391197204589844 0.50604248046875 0.642578125
-0.0678977966308594 -0.0367469787597656 -0.03131103515625 1.02606201171875
0.0378837585449219 -0.0599174499511719 -0.36676025390625 0.6356201171875
0.102867126464844 -0.059356689453125 0.177749633789062 -0.0170745849609375
0.0285797119140625 -0.0639190673828125 0.30975341796875 -0.7742919921875
-0.0325813293457031 -0.0212020874023438 -0.42462158203125 -0.8502197265625
-0.0260562896728516 0.0289287567138672 -0.84173583984375 -0.0964965820312501
0.00432491302490234 0.0148677825927734 -0.53564453125 0.478485107421875
0.03131103515625 -0.0111503601074219 -0.176239013671875 0.496917724609375
0.027496337890625 -0.0259552001953125 0.123458862304688 0.25421142578125
-0.00114822387695313 -0.0269298553466797 0.205612182617188 0.010955810546875
0.0134773254394531 -0.0473747253417969 -0.11358642578125 -0.0612335205078125
0.0566940307617188 -0.0383071899414063 0.034637451171875 -0.332275390625
0.0523185729980469 -0.0334739685058594 0.318023681640625 -0.3929443359375
0.0234622955322266 0.0225372314453125 0.6358642578125 -0.0772705078125
-0.05316162109375 0.0547218322753906 0.53192138671875 0.62310791015625
-0.0818634033203125 -0.0212249755859375 0.0038452148437501 1.025634765625
0.0340003967285156 -0.0595054626464844 -0.34942626953125 0.64697265625
0.113639831542969 -0.0668563842773438 0.173233032226563 -0.011444091796875
0.0323867797851562 -0.0628280639648438 0.33184814453125 -0.77197265625
-0.0377426147460938 -0.00482177734375 -0.39569091796875 -0.8714599609375
-0.029998779296875 0.0431480407714844 -0.83905029296875 -0.130615234375
-0.000355720520019532 0.0139436721801758 -0.552886962890625 0.463165283203125
0.0291423797607422 -0.0301647186279297 -0.1890869140625 0.493377685546875
0.0301971435546875 -0.0470924377441406 0.118133544921875 0.252227783203125
-0.00112533569335937 -0.0365791320800781 0.207061767578125 0.010955810546875
0.00977325439453125 -0.0591659545898438 -0.122245788574219 -0.058563232421875
0.0640602111816406 -0.0581741333007813 0.02154541015625 -0.330657958984375
0.0470924377441406 -0.0598487854003906 0.298828125 -0.406097412109375
0.0187702178955078 0.0153369903564453 0.64007568359375 -0.11175537109375
-0.0589218139648438 0.0703811645507813 0.57708740234375 0.57177734375
-0.0938491821289063 -0.00187683105468748 0.0695800781249999 1.006591796875
0.0273475646972656 -0.0586433410644531 -0.32403564453125 0.659423828125
0.1229248046875 -0.0692062377929687 0.161407470703125 -0.00384521484375
0.0395240783691406 -0.0607490539550781 0.37139892578125 -0.767333984375
-0.0419578552246094 0.00586318969726562 -0.34527587890625 -0.91461181640625
-0.0341567993164063 0.0558395385742187 -0.8321533203125 -0.19561767578125
-0.00568771362304687 0.0125436782836914 -0.57647705078125 0.4288330078125
0.0264320373535156 -0.0448226928710938 -0.20989990234375 0.48516845703125
0.0343284606933594 -0.0635604858398438 0.109146118164063 0.252227783203125
-0.00238418579101563 -0.0423011779785156 0.20733642578125 0.01171875
0.0103225708007813 -0.0618667602539063 -0.133522033691406 -0.0573501586914063
0.0644989013671875 -0.0703582763671875 0.00204467773437503 -0.325958251953125
0.0415267944335938 -0.07049560546875 0.279815673828125 -0.419097900390625
0.0148563385009766 0.013859748840332 0.642333984375 -0.1646728515625
-0.0564041137695313 0.082305908203125 0.62933349609375 0.50408935546875
-0.100830078125 0.0153427124023438 0.14990234375 0.96234130859375
0.0203132629394531 -0.0537872314453125 -0.2896728515625 0.66412353515625
0.130836486816406 -0.0702285766601563 0.145355224609375 0.0054779052734375
0.0435562133789063 -0.0573539733886719 0.41632080078125 -0.75946044921875
-0.0454978942871094 0.0133438110351563 -0.27325439453125 -0.9705810546875
-0.0428886413574219 0.0611801147460937 -0.81561279296875 -0.27850341796875
-0.01129150390625 0.0101251602172852 -0.59906005859375 0.378662109375
0.0289726257324219 -0.055511474609375 -0.22943115234375 0.471954345703125
0.0412063598632812 -0.0739822387695312 0.09722900390625 0.254653930664063
-0.000488281249999998 -0.0473442077636719 0.204513549804688 0.01153564453125
-0.00208425521850586 0.00374889373779297 -0.138969421386719 -0.0536270141601562
0.0228080749511719 0.05633544921875 0.00427246093750002 -0.30303955078125
0.0414657592773438 0.05633544921875 0.3074951171875 -0.409271240234375
0.0354042053222656 0.0383224487304688 0.66070556640625 -0.18597412109375
-0.0210456848144531 0.0054168701171875 0.62213134765625 0.46539306640625
-0.0455818176269531 -0.0606651306152344 0.14166259765625 0.92230224609375
0.0240440368652344 -0.0539703369140625 -0.29180908203125 0.62957763671875
0.0634269714355469 -0.0328292846679688 0.14581298828125 -0.023773193359375
0.0462837219238281 -0.0629501342773438 0.3861083984375 -0.78961181640625
0.00611495971679688 -0.0641937255859375 -0.3077392578125 -0.9664306640625
-0.0112428665161133 -0.00902366638183594 -0.8084716796875 -0.25555419921875
0.00566482543945313 0.0316104888916016 -0.558746337890625 0.39190673828125
0.0228309631347656 0.0505104064941406 -0.192718505859375 0.47674560546875
0.0180397033691406 0.0441780090332031 0.117202758789063 0.264633178710938
-0.00312042236328125 0.0195598602294922 0.200088500976563 0.007415771484375
-0.00413775444030762 -0.00413990020751953 -0.125885009765625 -0.0581283569335937
0.0201797485351563 0.0479583740234375 0.017791748046875 -0.31292724609375
0.0385971069335938 0.0536994934082031 0.31890869140625 -0.395263671875
0.0357513427734375 0.0442962646484375 0.6563720703125 -0.13189697265625
-0.0213413238525391 0.00893783569335938 0.573486328125 0.53851318359375
-0.0426406860351562 -0.0620079040527344 0.0712890624999999 0.96319580078125
0.0290756225585938 -0.0560760498046875 -0.32257080078125 0.6259765625
0.0682029724121094 -0.0384063720703125 0.159622192382813 -0.026611328125
0.0402755737304687 -0.0665359497070313 0.342041015625 -0.78564453125
-0.00412750244140625 -0.0625076293945313 -0.37078857421875 -0.909423828125
-0.0146570205688477 -0.00584983825683594 -0.82421875 -0.17303466796875
0.008148193359375 0.0280570983886719 -0.539276123046875 0.4361572265625
0.0296821594238281 0.0404090881347656 -0.17840576171875 0.485626220703125
0.0221595764160156 0.0367698669433594 0.125411987304688 0.257339477539062
-0.00178718566894531 0.0156383514404297 0.203857421875 0.009796142578125
-0.00158214569091797 -0.0131006240844727 -0.121208190917969 -0.0629653930664063
0.0228042602539063 0.0328617095947266 0.032135009765625 -0.318084716796875
0.0360260009765625 0.0398674011230469 0.3189697265625 -0.38275146484375
0.0296974182128906 0.044097900390625 0.64483642578125 -0.088134765625
-0.0252132415771484 0.0213642120361328 0.5379638671875 0.58807373046875
-0.0442047119140625 -0.055328369140625 0.0169677734375 0.99114990234375
0.0350341796875 -0.05413818359375 -0.34271240234375 0.63250732421875
0.0759506225585938 -0.0454177856445312 0.169158935546875 -0.026214599609375
0.0328483581542969 -0.0666847229003906 0.3089599609375 -0.78497314453125
-0.0158958435058594 -0.0520133972167969 -0.4136962890625 -0.86517333984375
-0.0176830291748047 0.00261306762695313 -0.8299560546875 -0.11041259765625
0.00924491882324219 0.0230503082275391 -0.5274658203125 0.470367431640625
0.0340805053710938 0.0263538360595703 -0.166046142578125 0.496612548828125
0.0259227752685547 0.0194072723388672 0.130874633789063 0.257522583007813
-0.00284767150878906 0.00435996055603027 0.208953857421875 0.011077880859375
0.00173568725585938 -0.0236167907714844 -0.11260986328125 -0.06500244140625
0.0343513488769531 0.0115928649902344 0.035247802734375 -0.326263427734375
0.0378684997558594 0.0183334350585937 0.3221435546875 -0.385772705078125
0.0276947021484375 0.0393447875976563 0.63653564453125 -0.0699462890625
-0.0329399108886719 0.0304431915283203 0.51397705078125 0.62432861328125
-0.0535392761230469 -0.0453987121582031 -0.0142822265624999 1.0185546875
0.0361900329589844 -0.0577583312988281 -0.35174560546875 0.6368408203125
0.086456298828125 -0.0544815063476563 0.1748046875 -0.0252838134765625
0.0289497375488281 -0.0660667419433594 0.29339599609375 -0.78204345703125
-0.0242424011230469 -0.0355682373046875 -0.4371337890625 -0.8385009765625
-0.0207557678222656 0.013702392578125 -0.8319091796875 -0.0775146484374998
0.006866455078125 0.0185184478759766 -0.51751708984375 0.488555908203125
0.0331745147705078 0.00839424133300781 -0.15966796875 0.4981689453125
0.0291042327880859 -0.00272750854492188 0.131637573242187 0.250381469726563
-0.00236892700195312 -0.00850772857666016 0.210678100585938 0.010467529296875
0.0144844055175781 -0.0354423522949219 -0.108901977539063 -0.0597457885742188
0.0427436828613281 -0.0158843994140625 0.03289794921875 -0.32708740234375
0.0480461120605469 -0.0065155029296875 0.320709228515625 -0.38653564453125
0.0260086059570313 0.0312442779541016 0.63287353515625 -0.06884765625
-0.0443687438964844 0.0402450561523438 0.51513671875 0.62713623046875
-0.0675239562988281 -0.0344810485839844 -0.01153564453125 1.01959228515625
0.0350532531738281 -0.0604171752929688 -0.353759765625 0.635986328125
0.0991134643554688 -0.0609207153320313 0.17510986328125 -0.0201873779296875
0.0280227661132813 -0.0647239685058594 0.29205322265625 -0.77276611328125
-0.0321540832519531 -0.0187263488769531 -0.43817138671875 -0.83349609375
-0.0230274200439453 0.0280132293701172 -0.8370361328125 -0.0808715820312499
0.00477695465087891 0.0139312744140625 -0.52093505859375 0.48590087890625
0.0291557312011719 -0.0118961334228516 -0.163818359375 0.49700927734375
0.0264110565185547 -0.0281944274902344 0.127960205078125 0.250045776367188
-0.00113487243652344 -0.0280246734619141 0.20526123046875 0.0069732666015625
0.0124473571777344 -0.0479621887207031 -0.114974975585938 -0.0588607788085938
0.0550613403320313 -0.0400619506835938 0.0257568359375 -0.33050537109375
0.0511054992675781 -0.0359535217285156 0.30682373046875 -0.397125244140625
0.0233974456787109 0.0214481353759766 0.6304931640625 -0.08843994140625
-0.0517387390136719 0.0548553466796875 0.5390625 0.60675048828125
-0.0822296142578125 -0.018463134765625 0.0238037109374999 1.018310546875
0.0304794311523437 -0.0604362487792969 -0.3348388671875 0.648681640625
0.111007690429688 -0.0668563842773438 0.170440673828125 -0.0132598876953125
0.0313491821289063 -0.0620193481445313 0.314208984375 -0.7723388671875
-0.03680419921875 -0.00438690185546875 -0.40948486328125 -0.8568115234375
-0.0263290405273437 0.0420303344726563 -0.8355712890625 -0.112548828125
0.000444412231445312 0.0131902694702148 -0.536956787109375 0.470703125
0.0272254943847656 -0.0300559997558594 -0.17742919921875 0.4931640625
0.0296669006347656 -0.0482711791992188 0.122421264648437 0.2474365234375
-0.00120162963867187 -0.0357017517089844 0.20758056640625 0.00775146484375
0.0101394653320312 -0.058685302734375 -0.124259948730469 -0.057220458984375
0.0631523132324219 -0.0580596923828125 0.014739990234375 -0.329803466796875
0.0443878173828125 -0.0590324401855469 0.28912353515625 -0.4095458984375
0.0186271667480469 0.014984130859375 0.6309814453125 -0.12408447265625
-0.0569305419921875 0.0699844360351563 0.58209228515625 0.55877685546875
-0.0931320190429688 0.000869750976562482 0.0874023437499999 0.99615478515625
0.0275535583496094 -0.0575180053710938 -0.30841064453125 0.65875244140625
0.12164306640625 -0.071075439453125 0.159744262695313 -0.00558471679687501
0.0350914001464844 -0.0590133666992188 0.35089111328125 -0.7667236328125
-0.0410957336425781 0.00763702392578124 -0.36248779296875 -0.8995361328125
-0.0334243774414062 0.0529823303222656 -0.82977294921875 -0.17523193359375
-0.00626659393310547 0.0135078430175781 -0.560394287109375 0.43682861328125
0.0238800048828125 -0.0450973510742188 -0.195343017578125 0.4840087890625
0.0341377258300781 -0.0640983581542969 0.113479614257813 0.247329711914063
-0.00313949584960938 -0.0415382385253906 0.206878662109375 0.008758544921875
0.00904464721679687 -0.0614128112792969 -0.134536743164063 -0.0529556274414063
0.0615615844726563 -0.0709304809570313 -0.00473022460937503 -0.3236083984375
0.0377120971679687 -0.0706634521484375 0.269805908203125 -0.421295166015625
0.0140485763549805 0.0139350891113281 0.6331787109375 -0.176513671875
-0.053863525390625 0.0828018188476563 0.63446044921875 0.48779296875
-0.0954132080078125 0.0190200805664063 0.16778564453125 0.95428466796875
0.0205001831054688 -0.0520210266113281 -0.274658203125 0.66461181640625
0.127006530761719 -0.0712432861328125 0.143966674804687 0.00372314453124999
0.043182373046875 -0.0579414367675781 0.39739990234375 -0.75958251953125
-0.044464111328125 0.0135078430175781 -0.28765869140625 -0.9576416015625
-0.0405006408691406 0.0593910217285156 -0.8157958984375 -0.26025390625
-0.0117034912109375 0.00911998748779297 -0.58453369140625 0.38751220703125
0.0258560180664063 -0.0558204650878906 -0.21905517578125 0.47222900390625
0.03997802734375 -0.07489013671875 0.103134155273438 0.250640869140625
-0.00156402587890626 -0.0464630126953125 0.20343017578125 0.0069580078125
-0.00257682800292969 0.00171828269958496 -0.139144897460938 -0.0517654418945312
0.0228538513183594 0.0538444519042969 -0.001861572265625 -0.301300048828125
0.0423507690429687 0.0543479919433594 0.298309326171875 -0.410491943359375
0.0362777709960938 0.0370826721191406 0.65020751953125 -0.19781494140625
-0.0199069976806641 0.00604438781738281 0.6234130859375 0.4505615234375
-0.0459327697753906 -0.0586395263671875 0.15814208984375 0.9112548828125
0.0222549438476563 -0.0532608032226562 -0.2808837890625 0.62628173828125
0.0630836486816406 -0.0334510803222656 0.142074584960938 -0.0261383056640625
0.0463905334472656 -0.062347412109375 0.36767578125 -0.78564453125
0.00414276123046874 -0.0637283325195313 -0.32196044921875 -0.95111083984375
-0.0115594863891602 -0.0087270736694336 -0.8056640625 -0.2366943359375
0.00522804260253906 0.0322990417480469 -0.54638671875 0.39703369140625
0.022308349609375 0.0492630004882813 -0.1802978515625 0.4774169921875
0.0171737670898438 0.0434608459472656 0.120864868164063 0.260467529296875
-0.00147628784179688 0.0193080902099609 0.19873046875 0.0049896240234375
-0.00357866287231445 -0.00272369384765625 -0.127128601074219 -0.0558242797851563
0.0201377868652344 0.0472869873046875 0.011627197265625 -0.30841064453125
0.0367164611816406 0.051177978515625 0.306610107421875 -0.39593505859375
0.0354270935058594 0.0432243347167969 0.64483642578125 -0.1422119140625
-0.020751953125 0.0102367401123047 0.57708740234375 0.52117919921875
-0.0421066284179688 -0.0585975646972656 0.08685302734375 0.952392578125
0.0282974243164062 -0.0554161071777344 -0.3079833984375 0.625244140625
0.0663833618164063 -0.0415306091308594 0.155410766601562 -0.0293121337890625
0.0388374328613281 -0.0657272338867188 0.3255615234375 -0.7818603515625
-0.0055389404296875 -0.058929443359375 -0.38323974609375 -0.89239501953125
-0.0141324996948242 -0.00479316711425781 -0.818115234375 -0.15679931640625
0.00893592834472656 0.0278949737548828 -0.526580810546875 0.440826416015625
0.0297050476074219 0.0395355224609375 -0.164886474609375 0.484130859375
0.0218677520751953 0.0348529815673828 0.12896728515625 0.253509521484375
-0.00211524963378906 0.0150442123413086 0.203201293945312 0.0054473876953125
-0.00251674652099609 -0.0125627517700195 -0.118980407714844 -0.061187744140625
0.0221920013427734 0.0312004089355469 0.02606201171875 -0.31768798828125
0.0354804992675781 0.0385284423828125 0.30999755859375 -0.38525390625
0.0310020446777344 0.0427742004394531 0.63555908203125 -0.09942626953125
-0.0251350402832031 0.0209617614746094 0.54217529296875 0.5753173828125
-0.043701171875 -0.0549888610839844 0.0325927734375001 0.98321533203125
0.0333213806152344 -0.0562553405761719 -0.32861328125 0.63067626953125
0.0734405517578125 -0.0465469360351563 0.165252685546875 -0.027984619140625
0.0295333862304688 -0.0666275024414063 0.2919921875 -0.779296875
-0.0172348022460938 -0.0501670837402344 -0.42291259765625 -0.84686279296875
-0.0160808563232422 0.00210952758789063 -0.824462890625 -0.0971679687500001
0.0100917816162109 0.0214042663574219 -0.510528564453125 0.474822998046875
0.0328159332275391 0.0253200531005859 -0.152740478515625 0.4932861328125
0.0256538391113281 0.0191879272460938 0.131805419921875 0.251754760742188
-0.00324511528015137 0.00410079956054688 0.207305908203125 0.008514404296875
0.00364494323730469 -0.0241889953613281 -0.113876342773438 -0.061798095703125
0.0341358184814453 0.00848007202148438 0.028411865234375 -0.322296142578125
0.0372505187988281 0.0179824829101563 0.311065673828125 -0.3858642578125
0.0271644592285156 0.0391921997070313 0.62860107421875 -0.0810546875
-0.0326042175292969 0.0317554473876953 0.51763916015625 0.610107421875
-0.0532798767089844 -0.0435028076171875 0.00518798828125002 1.00787353515625
0.0359992980957031 -0.0579261779785156 -0.33575439453125 0.6358642578125
0.0836181640625 -0.0548095703125 0.1717529296875 -0.02825927734375
0.0261421203613281 -0.0660209655761719 0.27459716796875 -0.7747802734375
-0.0239582061767578 -0.0344924926757813 -0.44866943359375 -0.8218994140625
-0.0189380645751953 0.0143833160400391 -0.8260498046875 -0.0629272460937498
0.00855445861816406 0.0189838409423828 -0.50299072265625 0.492584228515625
0.0323162078857422 0.00624275207519531 -0.1484375 0.49749755859375
0.027099609375 -0.00269889831542969 0.136459350585938 0.245849609375
-0.00196266174316406 -0.00852584838867187 0.208831787109375 0.005645751953125
0.01513671875 -0.0357780456542969 -0.109130859375 -0.058441162109375
0.0429496765136719 -0.0163154602050781 0.026092529296875 -0.32598876953125
0.0475959777832031 -0.00637435913085938 0.310089111328125 -0.388214111328125
0.0255298614501953 0.0299644470214844 0.62420654296875 -0.08026123046875
-0.0424003601074219 0.04156494140625 0.52081298828125 0.61370849609375
-0.0666999816894531 -0.0329322814941406 0.00622558593750003 1.01007080078125
0.0347023010253906 -0.05999755859375 -0.33905029296875 0.63519287109375
0.0969085693359375 -0.0613784790039063 0.171905517578125 -0.0218658447265625
0.0267906188964844 -0.0634613037109375 0.2762451171875 -0.76788330078125
-0.0315074920654297 -0.0168609619140625 -0.44842529296875 -0.81689453125
-0.0227565765380859 0.0276126861572266 -0.83056640625 -0.06353759765625
0.00493717193603516 0.0130996704101563 -0.505645751953125 0.491790771484375
0.0282745361328125 -0.0130939483642578 -0.1533203125 0.49530029296875
0.0237751007080078 -0.0282306671142578 0.13116455078125 0.2449951171875
-0.00300216674804687 -0.0256977081298828 0.203826904296875 0.0030364990234375
0.0109519958496094 -0.046600341796875 -0.114776611328125 -0.0569229125976563
0.0557518005371094 -0.041046142578125 0.01947021484375 -0.325836181640625
0.0489273071289063 -0.0353050231933594 0.296478271484375 -0.397552490234375
0.0233192443847656 0.0194339752197266 0.6224365234375 -0.099609375
-0.0491142272949219 0.0564727783203125 0.54254150390625 0.59307861328125
-0.0819091796875 -0.0150375366210938 0.0427246093749999 1.00604248046875
0.0308799743652344 -0.0595893859863281 -0.32049560546875 0.6451416015625
0.108535766601563 -0.06817626953125 0.167709350585938 -0.0158233642578125
0.0293388366699219 -0.0601348876953125 0.2952880859375 -0.767333984375
-0.0364875793457031 -0.00362777709960938 -0.4208984375 -0.83868408203125
-0.0254974365234375 0.0421524047851563 -0.82928466796875 -0.096435546875
-0.000207901000976561 0.0127449035644531 -0.523529052734375 0.475372314453125
0.0256919860839844 -0.0301856994628906 -0.16558837890625 0.492401123046875
0.0277442932128906 -0.0483665466308594 0.125869750976563 0.243072509765625
-0.00192642211914063 -0.0349178314208984 0.206207275390625 0.0032196044921875
0.00883865356445313 -0.0575294494628906 -0.124343872070312 -0.054351806640625
0.0619621276855469 -0.0605278015136719 0.00726318359374999 -0.32659912109375
0.0431900024414063 -0.0595741271972656 0.27593994140625 -0.411407470703125
0.0188503265380859 0.0131740570068359 0.6241455078125 -0.13555908203125
-0.0537796020507813 0.071258544921875 0.58612060546875 0.54376220703125
-0.09033203125 0.00215911865234376 0.106201171875 0.98284912109375
0.0254554748535156 -0.056396484375 -0.29364013671875 0.656494140625
0.11761474609375 -0.0710601806640625 0.15728759765625 -0.00724792480468751
0.0345535278320312 -0.0588836669921875 0.33148193359375 -0.7637939453125
-0.0398674011230469 0.00983810424804688 -0.373291015625 -0.88275146484375
-0.0302734375 0.0539970397949219 -0.82684326171875 -0.15838623046875
-0.005706787109375 0.0121631622314453 -0.548858642578125 0.442474365234375
0.024139404296875 -0.0453758239746094 -0.18707275390625 0.48431396484375
0.0318412780761719 -0.0629844665527344 0.116775512695312 0.242095947265625
-0.00319290161132812 -0.0413894653320313 0.205596923828125 0.0045318603515625
0.00699615478515625 -0.0609092712402344 -0.134498596191406 -0.0506515502929687
0.0613632202148437 -0.07147216796875 -0.011505126953125 -0.3194580078125
0.0360794067382813 -0.0719985961914063 0.2581787109375 -0.422271728515625
0.0158576965332031 0.0117635726928711 0.621826171875 -0.18658447265625
-0.052642822265625 0.0836563110351563 0.63653564453125 0.471923828125
-0.0951385498046875 0.0204849243164062 0.1837158203125 0.94049072265625
0.0191574096679688 -0.0518341064453125 -0.259765625 0.66046142578125
0.124526977539063 -0.0734710693359375 0.14007568359375 0.00257110595703125
0.0405960083007813 -0.0572242736816406 0.38018798828125 -0.75494384765625
-0.0433425903320313 0.0140647888183594 -0.3046875 -0.9393310546875
-0.0385665893554688 0.061065673828125 -0.8135986328125 -0.2431640625
-0.0115652084350586 0.0108213424682617 -0.57269287109375 0.39422607421875
0.0248451232910156 -0.0555992126464844 -0.207061767578125 0.469879150390625
0.037017822265625 -0.0756683349609375 0.107101440429688 0.245574951171875
0.000129699707031252 -0.0462455749511719 0.203414916992188 0.0037994384765625
-0.00262737274169922 0.00240778923034668 -0.139015197753906 -0.0497970581054687
0.0244064331054688 0.0523414611816406 -0.00790405273437498 -0.29840087890625
0.0413856506347656 0.0524330139160156 0.286102294921875 -0.41058349609375
0.0367584228515625 0.0349540710449219 0.63800048828125 -0.20477294921875
-0.0184040069580078 0.00654220581054688 0.62298583984375 0.43511962890625
-0.046600341796875 -0.0559310913085938 0.17041015625 0.89642333984375
0.0220756530761719 -0.0521354675292969 -0.26898193359375 0.621826171875
0.0600852966308594 -0.0344505310058594 0.140220642089844 -0.02728271484375
0.0439224243164063 -0.0616798400878906 0.35064697265625 -0.77947998046875
0.00332260131835937 -0.0619964599609375 -0.33294677734375 -0.9324951171875
-0.00973033905029297 -0.00726795196533203 -0.79901123046875 -0.22119140625
0.00565719604492187 0.0317554473876953 -0.532073974609375 0.4017333984375
0.0219459533691406 0.0480461120605469 -0.170501708984375 0.47442626953125
0.0185165405273438 0.0424461364746094 0.123138427734375 0.254745483398437
-0.00105476379394531 0.0193843841552734 0.196792602539063 0.0031890869140625
-0.0042412281036377 -0.00275754928588867 -0.128433227539063 -0.052825927734375
0.0215530395507813 0.045745849609375 0.00579833984374999 -0.3050537109375
0.0371246337890625 0.0505905151367188 0.296417236328125 -0.395904541015625
0.034423828125 0.0411605834960938 0.63262939453125 -0.15087890625
-0.0216083526611328 0.0115470886230469 0.5767822265625 0.50726318359375
-0.0435523986816406 -0.0549774169921875 0.100830078125 0.940673828125
0.0262680053710938 -0.054351806640625 -0.29559326171875 0.62164306640625
0.0623359680175781 -0.0400199890136719 0.153732299804688 -0.0321807861328125
0.0373420715332031 -0.065216064453125 0.30908203125 -0.77630615234375
-0.00598907470703125 -0.0588455200195313 -0.39141845703125 -0.875244140625
-0.0134372711181641 -0.00596714019775391 -0.81207275390625 -0.14422607421875
0.00834083557128906 0.0272216796875 -0.514892578125 0.4422607421875
0.0280647277832031 0.0378608703613281 -0.155059814453125 0.48046875
0.0216732025146484 0.0343170166015625 0.129608154296875 0.247451782226563
-0.00189304351806641 0.0136032104492188 0.201339721679688 0.003326416015625
-0.00187015533447266 -0.0105466842651367 -0.118911743164063 -0.059783935546875
0.0215721130371094 0.0291118621826172 0.020751953125 -0.312530517578125
0.0339813232421875 0.0379104614257813 0.298614501953125 -0.385162353515625
0.0305595397949219 0.042694091796875 0.6265869140625 -0.107666015625
-0.022674560546875 0.0211219787597656 0.54180908203125 0.558380126953125
-0.0441169738769531 -0.0526924133300781 0.0473022460937501 0.9705810546875
0.0327987670898437 -0.0558586120605469 -0.31573486328125 0.62652587890625
0.0718536376953125 -0.0472488403320313 0.160842895507812 -0.031036376953125
0.0318069458007813 -0.0648040771484375 0.2757568359375 -0.77130126953125
-0.0153465270996094 -0.0498237609863281 -0.43212890625 -0.8291015625
-0.0162372589111328 0.00231361389160156 -0.814208984375 -0.0822143554687501
0.0104618072509766 0.0222682952880859 -0.49578857421875 0.4761962890625
0.0309467315673828 0.02508544921875 -0.14471435546875 0.4884033203125
0.0241165161132813 0.0171051025390625 0.135498046875 0.2447509765625
-0.00209975242614746 0.00397229194641113 0.205047607421875 0.00390625
0.00202369689941406 -0.0241165161132813 -0.1141357421875 -0.0604095458984375
0.0339813232421875 0.00940704345703125 0.0234375 -0.319793701171875
0.0370712280273438 0.0178031921386719 0.298736572265625 -0.388092041015625
0.0291938781738281 0.03662109375 0.61798095703125 -0.089599609375
-0.0320186614990234 0.0322265625 0.52044677734375 0.59320068359375
-0.0538558959960937 -0.0410079956054688 0.0189819335937501 0.99749755859375
0.032989501953125 -0.0565223693847656 -0.32476806640625 0.6322021484375
0.0816574096679688 -0.055816650390625 0.168701171875 -0.02801513671875
0.0260848999023437 -0.0638809204101563 0.260498046875 -0.76934814453125
-0.02435302734375 -0.0356407165527344 -0.454345703125 -0.80462646484375
-0.0174665451049805 0.0139856338500977 -0.81719970703125 -0.0504760742187499
0.00761032104492187 0.0171794891357422 -0.48974609375 0.49456787109375
0.0316486358642578 0.00648117065429687 -0.137115478515625 0.495697021484375
0.0263385772705078 -0.00408363342285156 0.138458251953125 0.239639282226562
-0.00280237197875977 -0.00831031799316406 0.20782470703125 0.0044403076171875
0.0131855010986328 -0.0346584320068359 -0.108650207519531 -0.0548019409179688
0.0407943725585938 -0.016998291015625 0.0211181640625 -0.321075439453125
0.0465354919433594 -0.00567626953125 0.300384521484375 -0.387298583984375
0.0260353088378906 0.0292472839355469 0.6158447265625 -0.0888671875
-0.040496826171875 0.0419845581054688 0.5242919921875 0.59686279296875
-0.0650177001953125 -0.03057861328125 0.0203857421875001 0.9954833984375
0.0323143005371094 -0.0603141784667969 -0.32647705078125 0.6314697265625
0.0937728881835938 -0.0624923706054688 0.16815185546875 -0.0226287841796875
0.0263938903808594 -0.0621566772460937 0.26080322265625 -0.76104736328125
-0.030914306640625 -0.0160350799560547 -0.45391845703125 -0.7991943359375
-0.0207118988037109 0.0280418395996094 -0.82171630859375 -0.0498046875000001
0.00409889221191406 0.0122718811035156 -0.492706298828125 0.49285888671875
0.0287055969238281 -0.0132083892822266 -0.143585205078125 0.492523193359375
0.0243339538574219 -0.0273704528808594 0.133880615234375 0.241195678710938
-0.0036163330078125 -0.0264644622802734 0.202606201171875 0.000305175781249998
0.00976181030273437 -0.0471267700195313 -0.115669250488281 -0.0549240112304688
0.053558349609375 -0.0420303344726563 0.014923095703125 -0.324127197265625
0.047149658203125 -0.0349159240722656 0.28656005859375 -0.397735595703125
0.0239887237548828 0.0199928283691406 0.6131591796875 -0.10882568359375
-0.0493888854980469 0.0567436218261719 0.546630859375 0.5780029296875
-0.0798416137695312 -0.0110626220703125 0.056640625 0.99224853515625
0.02886962890625 -0.0588493347167969 -0.310546875 0.6419677734375
0.105331420898437 -0.0688095092773438 0.16497802734375 -0.017730712890625
0.0281105041503906 -0.0599365234375 0.2808837890625 -0.75848388671875
-0.0356483459472656 -0.00162887573242187 -0.42901611328125 -0.82183837890625
-0.0239830017089844 0.0406265258789063 -0.82122802734375 -0.0823364257812499
0.000360488891601564 0.0124120712280273 -0.50921630859375 0.477508544921875
0.0244140625 -0.0311832427978516 -0.155242919921875 0.48907470703125
0.0257339477539063 -0.0492324829101562 0.128921508789062 0.238052368164063
-0.00250625610351562 -0.0356483459472656 0.204208374023437 0.00146484375
0.00712966918945312 -0.0580368041992187 -0.125228881835938 -0.053436279296875
0.0596237182617188 -0.06048583984375 0.00271606445312501 -0.323944091796875
0.0436859130859375 -0.0576133728027344 0.26593017578125 -0.409820556640625
0.0193500518798828 0.0133934020996094 0.61334228515625 -0.14495849609375
-0.0520248413085937 0.072174072265625 0.588134765625 0.52801513671875
-0.0892105102539063 0.005462646484375 0.11798095703125 0.9693603515625
0.0242958068847656 -0.0560340881347656 -0.28118896484375 0.65069580078125
0.116249084472656 -0.0733642578125 0.15484619140625 -0.00967407226562501
0.0341911315917969 -0.0581321716308594 0.31671142578125 -0.756591796875
-0.0383262634277344 0.00883865356445312 -0.38385009765625 -0.866455078125
-0.0287818908691406 0.0545845031738281 -0.81597900390625 -0.14373779296875
-0.00610828399658203 0.0125045776367188 -0.533660888671875 0.446807861328125
0.0216217041015625 -0.0454292297363281 -0.1756591796875 0.48065185546875
0.029693603515625 -0.0640602111816406 0.118545532226562 0.23614501953125
-0.00131988525390625 -0.0407829284667969 0.206298828125 0.0021820068359375
0.00468826293945312 -0.0571861267089844 -0.132781982421875 -0.0480804443359375
0.0580902099609375 -0.07257080078125 -0.01519775390625 -0.316802978515625
0.0344276428222656 -0.0689888000488281 0.2467041015625 -0.419647216796875
0.0146627426147461 0.0108327865600586 0.6121826171875 -0.193359375
-0.0510406494140625 0.0825347900390625 0.63623046875 0.45611572265625
-0.0928573608398438 0.0212936401367188 0.19671630859375 0.92816162109375
0.0185279846191406 -0.0522232055664063 -0.2479248046875 0.65643310546875
0.122322082519531 -0.0721282958984375 0.139389038085938 0.00104522705078125
0.0405807495117187 -0.056121826171875 0.36383056640625 -0.74969482421875
-0.0411415100097656 0.0143280029296875 -0.31597900390625 -0.9222412109375
-0.0371780395507812 0.0595588684082031 -0.80621337890625 -0.22821044921875
-0.011591911315918 0.0121774673461914 -0.557342529296875 0.3990478515625
0.0226325988769531 -0.0565528869628906 -0.195953369140625 0.468475341796875
0.0370941162109375 -0.0760726928710938 0.10906982421875 0.239990234375
0.00028610229492187 -0.0446624755859375 0.201126098632813 0.000305175781249997
-0.00330066680908203 0.00295734405517578 -0.137161254882813 -0.0479278564453125
0.0240478515625 0.0519638061523438 -0.0128173828125 -0.29437255859375
0.042449951171875 0.0508880615234375 0.277099609375 -0.408416748046875
0.03564453125 0.0334091186523438 0.62799072265625 -0.20965576171875
-0.01959228515625 0.00782585144042969 0.620849609375 0.423095703125
-0.0457382202148438 -0.0533561706542969 0.17864990234375 0.882568359375
0.0199012756347656 -0.0524635314941406 -0.259033203125 0.6165771484375
0.0581512451171875 -0.033599853515625 0.137413024902344 -0.0265731811523438
0.0415611267089844 -0.0624580383300781 0.33721923828125 -0.77325439453125
0.00368499755859376 -0.0617866516113281 -0.3392333984375 -0.9168701171875
-0.0100002288818359 -0.00701522827148438 -0.7916259765625 -0.208984375
0.00670814514160156 0.0294647216796875 -0.520355224609375 0.403717041015625
0.0222740173339844 0.046783447265625 -0.162689208984375 0.47027587890625
0.0165748596191406 0.0407447814941406 0.123687744140625 0.250762939453125
0.000509262084960937 0.0201473236083984 0.19549560546875 7.62939453125012E-05
-0.00429773330688477 -0.00243091583251953 -0.126258850097656 -0.0520172119140625
0.0215682983398438 0.0443153381347656 0.001068115234375 -0.304718017578125
0.0389518737792969 0.0496253967285156 0.286865234375 -0.396148681640625
0.0336456298828125 0.0397567749023438 0.62469482421875 -0.15704345703125
-0.0196990966796875 0.0118999481201172 0.5772705078125 0.4949951171875
-0.0428619384765625 -0.0546073913574219 0.11053466796875 0.926513671875
0.0227088928222656 -0.0538978576660156 -0.28607177734375 0.6171875
0.0621757507324219 -0.0411186218261719 0.149246215820312 -0.031707763671875
0.0368766784667969 -0.0644149780273438 0.294189453125 -0.7689208984375
-0.00739288330078124 -0.0577507019042969 -0.39849853515625 -0.8570556640625
-0.0122747421264648 -0.00498104095458984 -0.80303955078125 -0.1322021484375
0.00952529907226562 0.0252285003662109 -0.499755859375 0.444122314453125
0.0276527404785156 0.0364799499511719 -0.144775390625 0.477508544921875
0.0214138031005859 0.0337238311767578 0.132293701171875 0.24298095703125
-0.00148868560791015 0.0129690170288086 0.199417114257813 0.00103759765625
-0.00279712677001953 -0.0122146606445313 -0.120132446289063 -0.0566787719726562
0.0222644805908203 0.0288906097412109 0.01446533203125 -0.31048583984375
0.0357894897460938 0.0374717712402344 0.2890625 -0.38348388671875
0.0302772521972656 0.0418243408203125 0.61474609375 -0.11627197265625
-0.0231132507324219 0.0209903717041016 0.54473876953125 0.5487060546875
-0.0427780151367188 -0.0501441955566406 0.0600585937500001 0.95697021484375
0.0309371948242188 -0.055328369140625 -0.30322265625 0.62139892578125
0.069671630859375 -0.0472946166992188 0.157119750976562 -0.030181884765625
0.0287704467773438 -0.0648384094238281 0.261962890625 -0.7613525390625
-0.0170631408691406 -0.0489273071289063 -0.43890380859375 -0.81170654296875
-0.0159387588500977 -0.000209808349609374 -0.80560302734375 -0.07208251953125
0.00904655456542969 0.0201797485351562 -0.483367919921875 0.477569580078125
0.0318336486816406 0.0244350433349609 -0.134185791015625 0.485504150390625
0.0241889953613281 0.0153484344482422 0.137435913085938 0.237686157226563
-0.00222992897033691 0.00337362289428711 0.203170776367188 0.0029754638671875
0.00322151184082031 -0.0245857238769531 -0.113533020019531 -0.058013916015625
0.0331344604492188 0.00767135620117188 0.01971435546875 -0.31561279296875
0.0377311706542969 0.0167503356933594 0.2911376953125 -0.3861083984375
0.0282249450683594 0.0367240905761719 0.6094970703125 -0.09539794921875
-0.0313549041748047 0.0313243865966797 0.5201416015625 0.5802001953125
-0.0531692504882812 -0.0405960083007813 0.0313720703125 0.98297119140625
0.0317764282226562 -0.0574913024902344 -0.31329345703125 0.6253662109375
0.0782852172851563 -0.0546798706054687 0.165420532226562 -0.030609130859375
0.0244483947753906 -0.0632591247558594 0.24761962890625 -0.76177978515625
-0.0250263214111328 -0.0326042175292969 -0.45806884765625 -0.78741455078125
-0.0176467895507813 0.0140037536621094 -0.8072509765625 -0.0382690429687501
0.00778388977050781 0.0174179077148437 -0.474273681640625 0.4945068359375
0.030059814453125 0.00539207458496094 -0.12896728515625 0.48895263671875
0.0257930755615234 -0.00352668762207031 0.139297485351563 0.234909057617187
-0.00221633911132812 -0.00848865509033203 0.206039428710937 0.000213623046874999
0.0133724212646484 -0.0349960327148438 -0.109779357910156 -0.0554428100585938
0.0387306213378906 -0.01806640625 0.016143798828125 -0.31768798828125
0.0454559326171875 -0.00716781616210938 0.28936767578125 -0.38800048828125
0.0266189575195313 0.0295352935791016 0.604248046875 -0.09442138671875
-0.0397415161132813 0.0418624877929687 0.52642822265625 0.58221435546875
-0.0654830932617188 -0.0289115905761719 0.0322875976562499 0.98455810546875
0.0309677124023438 -0.0593910217285156 -0.31512451171875 0.62542724609375
0.0912246704101563 -0.0624008178710937 0.165786743164062 -0.0254974365234375
0.0251884460449219 -0.0603561401367188 0.247802734375 -0.75421142578125
-0.0299491882324219 -0.0162677764892578 -0.4600830078125 -0.7828369140625
-0.0201072692871094 0.0282917022705078 -0.80987548828125 -0.0382080078125001
0.00525856018066406 0.0129690170288086 -0.479583740234375 0.493072509765625
0.0275897979736328 -0.014434814453125 -0.133453369140625 0.48785400390625
0.0225238800048828 -0.0282669067382813 0.134597778320313 0.234909057617188
-0.00351524353027344 -0.0269756317138672 0.201522827148438 -0.0021514892578125
0.00970077514648438 -0.0473480224609375 -0.115928649902344 -0.054718017578125
0.0523338317871094 -0.0412788391113281 0.00961303710937502 -0.32025146484375
0.0461235046386719 -0.0350685119628906 0.275482177734375 -0.396514892578125
0.0233612060546875 0.0188713073730469 0.6025390625 -0.114990234375
-0.047637939453125 0.0567207336425781 0.54730224609375 0.5633544921875
-0.0793304443359375 -0.011627197265625 0.0682373046874999 0.979248046875
0.0275726318359375 -0.0589332580566406 -0.29840087890625 0.63671875
0.103141784667969 -0.0681686401367188 0.160308837890625 -0.0185394287109375
0.0264434814453125 -0.059600830078125 0.26763916015625 -0.75054931640625
-0.0342979431152344 -0.000545501708984371 -0.4317626953125 -0.8062744140625
-0.0230293273925781 0.0421409606933594 -0.810791015625 -0.07098388671875
0.000475883483886719 0.0124874114990234 -0.49615478515625 0.478302001953125
0.0232753753662109 -0.0314674377441406 -0.14739990234375 0.485260009765625
0.0258216857910156 -0.0487747192382813 0.130569458007812 0.232818603515625
-0.00217056274414063 -0.0349197387695312 0.202392578125 -0.00244140625
0.00670623779296875 -0.0559310913085938 -0.125236511230469 -0.0506134033203125
0.0593109130859375 -0.061492919921875 -0.00271606445312498 -0.31854248046875
0.0410232543945313 -0.0591964721679687 0.257537841796875 -0.406280517578125
0.0191249847412109 0.0136680603027344 0.60205078125 -0.14996337890625
-0.0497360229492188 0.071502685546875 0.58905029296875 0.51397705078125
-0.0875930786132813 0.00726318359375001 0.12835693359375 0.95660400390625
0.0231056213378906 -0.055389404296875 -0.271240234375 0.647705078125
0.112266540527344 -0.074249267578125 0.151840209960938 -0.01043701171875
0.0323104858398437 -0.0587234497070312 0.30230712890625 -0.7498779296875
-0.0382652282714844 0.00907135009765625 -0.3895263671875 -0.8492431640625
-0.0287361145019531 0.0530548095703125 -0.8094482421875 -0.13226318359375
-0.00580120086669922 0.0125865936279297 -0.518585205078125 0.447998046875
0.0205192565917969 -0.0454254150390625 -0.165924072265625 0.476470947265625
0.0289421081542969 -0.0642547607421875 0.122177124023437 0.232467651367188
-0.00261688232421875 -0.0406723022460938 0.202926635742188 -0.0014801025390625
0.00573348999023438 -0.0592117309570312 -0.133583068847656 -0.0457382202148438
0.057830810546875 -0.0713653564453125 -0.019378662109375 -0.3131103515625
0.0320549011230469 -0.0686988830566406 0.238189697265625 -0.418670654296875
0.0158491134643555 0.0100517272949219 0.600830078125 -0.19873046875
-0.04925537109375 0.0834884643554688 0.63482666015625 0.4423828125
-0.090240478515625 0.0235977172851562 0.20672607421875 0.9124755859375
0.0166702270507813 -0.0516204833984375 -0.23785400390625 0.64996337890625
0.118949890136719 -0.0720062255859375 0.135955810546875 -0.00211334228515625
0.0387077331542969 -0.05645751953125 0.34893798828125 -0.744140625
-0.0400924682617188 0.0164070129394531 -0.32391357421875 -0.90838623046875
-0.0355796813964844 0.0597763061523438 -0.7979736328125 -0.21673583984375
-0.0114278793334961 0.00956535339355469 -0.543121337890625 0.401214599609375
0.0217933654785156 -0.0563468933105469 -0.187103271484375 0.4664306640625
0.0348052978515625 -0.074462890625 0.110977172851563 0.23651123046875
-0.00101470947265625 -0.0442085266113281 0.1998291015625 -0.0025482177734375
-0.00339698791503906 0.00290083885192871 -0.135604858398438 -0.0476531982421875
0.0232505798339844 0.0509223937988281 -0.01580810546875 -0.29254150390625
0.0421371459960938 0.0502548217773438 0.268524169921875 -0.405426025390625
0.0350475311279297 0.0336246490478516 0.6151123046875 -0.21490478515625
-0.0208606719970703 0.00822830200195312 0.61663818359375 0.41217041015625
-0.0448837280273438 -0.0521736145019531 0.18316650390625 0.86956787109375
0.0197486877441406 -0.0518989562988281 -0.24951171875 0.60943603515625
0.0557632446289062 -0.0339889526367188 0.131805419921875 -0.0279617309570313
0.0411453247070313 -0.0608863830566406 0.32275390625 -0.7628173828125
0.00284576416015625 -0.0619697570800781 -0.34356689453125 -0.902587890625
-0.00832939147949219 -0.00641822814941406 -0.78509521484375 -0.199462890625
0.00648307800292969 0.0306797027587891 -0.5086669921875 0.4019775390625
0.0219078063964844 0.0463600158691406 -0.15472412109375 0.46661376953125
0.0176353454589844 0.0397071838378906 0.1251220703125 0.243942260742188
0.000267028808593751 0.0181884765625 0.194183349609375 -0.0012969970703125
-0.00566864013671875 -0.00291967391967773 -0.125892639160156 -0.0511627197265625
0.0212478637695313 0.04400634765625 -0.00100708007812498 -0.298797607421875
0.0370445251464844 0.0482711791992188 0.278656005859375 -0.3935546875
0.0341567993164063 0.0391807556152344 0.6134033203125 -0.16094970703125
-0.0194778442382813 0.0129280090332031 0.57452392578125 0.4844970703125
-0.0421257019042969 -0.0523948669433594 0.117431640625 0.9132080078125
0.0238800048828125 -0.0526542663574219 -0.27691650390625 0.6103515625
0.0621223449707031 -0.0394935607910156 0.145248413085937 -0.031707763671875
0.03460693359375 -0.0642433166503906 0.28277587890625 -0.75982666015625
-0.00656890869140625 -0.0569267272949219 -0.3992919921875 -0.84222412109375
-0.0117359161376953 -0.00421524047851562 -0.79620361328125 -0.122802734375
0.00906562805175781 0.0259552001953125 -0.486419677734375 0.444122314453125
0.0286979675292969 0.0361671447753906 -0.139801025390625 0.471588134765625
0.0197391510009766 0.0320396423339844 0.133041381835937 0.238311767578125
-0.000104904174804688 0.0120944976806641 0.198165893554688 -0.001678466796875
-0.00234889984130859 -0.0118913650512695 -0.121292114257813 -0.0566864013671875
0.0212783813476563 0.0282497406005859 0.0118408203125 -0.307403564453125
0.0356292724609375 0.0357704162597656 0.27850341796875 -0.380401611328125
0.0315704345703125 0.0414886474609375 0.605712890625 -0.1180419921875
-0.0226364135742187 0.0199966430664063 0.54071044921875 0.533447265625
-0.0428276062011719 -0.0477371215820312 0.0678100585937501 0.9447021484375
0.029449462890625 -0.0555191040039062 -0.2947998046875 0.61529541015625
0.0676918029785156 -0.0474815368652344 0.155426025390625 -0.03179931640625
0.0260162353515625 -0.0630912780761719 0.25079345703125 -0.75506591796875
-0.0172767639160156 -0.0472526550292969 -0.4403076171875 -0.79718017578125
-0.0151996612548828 0.00138568878173828 -0.79534912109375 -0.0618286132812498
0.0103359222412109 0.0202503204345703 -0.472137451171875 0.475250244140625
0.0316028594970703 0.0216312408447266 -0.127593994140625 0.4814453125
0.0242938995361328 0.0142555236816406 0.138626098632813 0.234573364257812
-0.00148224830627441 0.0029902458190918 0.20306396484375 0.00018310546875
0.00129127502441406 -0.0241832733154297 -0.113990783691406 -0.0573577880859375
0.0323867797851563 0.006561279296875 0.014068603515625 -0.31256103515625
0.0366439819335938 0.0158424377441406 0.283782958984375 -0.38360595703125
0.0284461975097656 0.0349502563476563 0.5986328125 -0.101318359375
-0.030426025390625 0.0320053100585937 0.51995849609375 0.56787109375
-0.0518875122070312 -0.0373992919921875 0.040771484375 0.968505859375
0.0300140380859375 -0.0559844970703125 -0.3055419921875 0.6202392578125
0.0761642456054688 -0.0548934936523438 0.162139892578125 -0.03045654296875
0.0227165222167969 -0.0634880065917969 0.2344970703125 -0.75067138671875
-0.0244503021240234 -0.0333232879638672 -0.4599609375 -0.77020263671875
-0.0165014266967773 0.0146017074584961 -0.796630859375 -0.03179931640625
0.00811100006103516 0.0159463882446289 -0.463165283203125 0.493682861328125
0.0289211273193359 0.00482559204101563 -0.1226806640625 0.483795166015625
0.0238971710205078 -0.00496292114257813 0.139511108398437 0.230255126953125
-0.000669479370117187 -0.00980281829833985 0.204086303710937 -0.0013427734375
0.0122737884521484 -0.0349388122558594 -0.109115600585938 -0.053466796875
0.0390281677246094 -0.0170745849609375 0.013519287109375 -0.31341552734375
0.044921875 -0.007568359375 0.282867431640625 -0.38568115234375
0.0265522003173828 0.0284347534179688 0.595947265625 -0.09967041015625
-0.0387687683105469 0.0418281555175781 0.5240478515625 0.572021484375
-0.0640182495117188 -0.0251884460449219 0.04156494140625 0.969970703125
0.0309028625488281 -0.0588569641113281 -0.30609130859375 0.62115478515625
0.0888824462890625 -0.0615386962890625 0.162857055664063 -0.026031494140625
0.0238876342773438 -0.0596122741699219 0.23748779296875 -0.7432861328125
-0.0300006866455078 -0.0150871276855469 -0.46051025390625 -0.76629638671875
-0.0188026428222656 0.0274391174316406 -0.79937744140625 -0.0302124023437501
0.00476169586181641 0.0122222900390625 -0.46722412109375 0.4892578125
0.0260334014892578 -0.0138015747070312 -0.12725830078125 0.48431396484375
0.0218963623046875 -0.0279827117919922 0.135177612304688 0.229812622070312
-0.00220680236816406 -0.0256175994873047 0.198455810546875 -0.00457763671875
0.0094757080078125 -0.0467147827148437 -0.115425109863281 -0.0518341064453125
0.0505905151367188 -0.0421867370605469 0.00677490234374999 -0.31512451171875
0.0456466674804688 -0.0351333618164063 0.266754150390625 -0.393310546875
0.0221424102783203 0.0187358856201172 0.59295654296875 -0.11810302734375
-0.0447502136230469 0.0569343566894531 0.544403076171875 0.5523681640625
-0.075958251953125 -0.010009765625 0.0763549804687501 0.964599609375
0.0277900695800781 -0.0575485229492187 -0.2889404296875 0.62908935546875
0.10052490234375 -0.0687637329101563 0.158615112304688 -0.018951416015625
0.02569580078125 -0.0586128234863281 0.2578125 -0.74139404296875
-0.0337390899658203 0.000129699707031256 -0.4368896484375 -0.78924560546875
-0.0210113525390625 0.0420570373535156 -0.80078125 -0.0615234375000001
-0.000772476196289064 0.0116539001464844 -0.484344482421875 0.4776611328125
0.0224895477294922 -0.0314102172851563 -0.139617919921875 0.480133056640625
0.0238304138183594 -0.0474739074707031 0.130020141601563 0.227691650390625
-0.00148391723632812 -0.0348548889160156 0.200576782226563 -0.0039520263671875
0.00525283813476562 -0.0566520690917969 -0.124351501464844 -0.0502700805664063
0.0573310852050781 -0.0627861022949219 -0.00561523437499998 -0.315673828125
0.0393867492675781 -0.056915283203125 0.24908447265625 -0.403656005859375
0.0181770324707031 0.0127315521240234 0.5933837890625 -0.15460205078125
-0.0499267578125 0.0703506469726563 0.5863037109375 0.50140380859375
-0.0854110717773438 0.0081939697265625 0.13677978515625 0.9427490234375
0.0218582153320313 -0.0539588928222656 -0.26263427734375 0.63824462890625
0.108848571777344 -0.0721359252929688 0.14825439453125 -0.0121917724609375
0.0307273864746094 -0.0575752258300781 0.29107666015625 -0.7415771484375
-0.0370674133300781 0.0100898742675781 -0.39019775390625 -0.83355712890625
-0.0267448425292969 0.0518417358398438 -0.7996826171875 -0.12255859375
-0.00534915924072266 0.0118217468261719 -0.5081787109375 0.44610595703125
0.0203819274902344 -0.0455207824707031 -0.15789794921875 0.472076416015625
0.0280570983886719 -0.0641937255859375 0.121536254882812 0.228607177734375
-0.00147628784179688 -0.0398674011230469 0.202499389648438 -0.00347900390625
0.00504302978515624 -0.0591087341308594 -0.132659912109375 -0.0453109741210937
0.0556259155273437 -0.0730361938476562 -0.0235595703125 -0.307373046875
0.0315780639648438 -0.0692672729492188 0.231475830078125 -0.41455078125
0.0139198303222656 0.0103673934936523 0.5933837890625 -0.20306396484375
-0.0461654663085938 0.0820083618164063 0.63134765625 0.432373046875
-0.0897369384765625 0.025115966796875 0.21136474609375 0.89776611328125
0.0176239013671875 -0.0507164001464844 -0.2286376953125 0.6419677734375
0.115821838378906 -0.0724716186523438 0.134162902832031 -0.002593994140625
0.0386161804199219 -0.054595947265625 0.33782958984375 -0.73419189453125
-0.0388717651367188 0.0168914794921875 -0.3267822265625 -0.8902587890625
-0.0333518981933594 0.0592842102050781 -0.79083251953125 -0.2042236328125
-0.0111227035522461 0.0095663070678711 -0.532073974609375 0.40057373046875
0.0212898254394531 -0.0560951232910156 -0.178863525390625 0.462890625
0.0333099365234375 -0.0749893188476562 0.1123046875 0.2318115234375
0.000743865966796876 -0.0432510375976562 0.198974609375 -0.002716064453125
-0.00375270843505859 0.00129437446594238 -0.134757995605469 -0.0458984375
0.0239677429199219 0.0497322082519531 -0.0174560546875 -0.28729248046875
0.0417556762695313 0.049163818359375 0.261688232421875 -0.4022216796875
0.0348129272460938 0.0325469970703125 0.6058349609375 -0.21588134765625
-0.0186328887939453 0.00746726989746093 0.611328125 0.4033203125
-0.0435867309570313 -0.0512657165527344 0.18603515625 0.85760498046875
0.0195579528808594 -0.0504341125488281 -0.24298095703125 0.6025390625
0.0538902282714844 -0.0347900390625 0.12841796875 -0.0281143188476563
0.0389595031738281 -0.0578956604003906 0.3154296875 -0.753662109375
0.00379180908203125 -0.0588607788085937 -0.3446044921875 -0.88629150390625
-0.00916957855224609 -0.00608634948730469 -0.7755126953125 -0.192138671875
0.00705146789550781 0.0302772521972656 -0.496246337890625 0.4007568359375
0.0207633972167969 0.04443359375 -0.14935302734375 0.4609375
0.0162849426269531 0.0391845703125 0.1248779296875 0.240554809570313
0.000680923461914063 0.0176773071289063 0.191146850585937 -0.00372314453125
-0.00492143630981445 -0.00313949584960938 -0.124755859375 -0.0504074096679688
0.0207633972167969 0.0441627502441406 -0.00390625000000001 -0.296630859375
0.0345916748046875 0.0474205017089844 0.2706298828125 -0.388519287109375
0.0331230163574219 0.0392951965332031 0.60076904296875 -0.16217041015625
-0.0189647674560547 0.0133075714111328 0.57012939453125 0.47430419921875
-0.0409469604492187 -0.0499801635742188 0.1231689453125 0.90155029296875
0.0241508483886719 -0.0521202087402344 -0.27105712890625 0.60302734375
0.0579185485839844 -0.040252685546875 0.142044067382813 -0.03265380859375
0.0332260131835938 -0.0631523132324219 0.27301025390625 -0.74896240234375
-0.00647735595703125 -0.0560188293457031 -0.40277099609375 -0.826416015625
-0.0107393264770508 -0.00456428527832031 -0.784912109375 -0.11474609375
0.00958824157714844 0.0233840942382813 -0.47760009765625 0.439666748046875
0.02630615234375 0.0355873107910156 -0.133514404296875 0.46905517578125
0.0192375183105469 0.0312843322753906 0.131866455078125 0.234939575195313
0.00150108337402344 0.0117063522338867 0.196182250976563 -0.0028076171875
-0.00308418273925781 -0.0112323760986328 -0.119316101074219 -0.0554885864257813
0.0222415924072266 0.0278701782226563 0.00775146484375002 -0.30364990234375
0.0328750610351563 0.0357246398925781 0.2734375 -0.378326416015625
0.0293350219726562 0.0403060913085937 0.596923828125 -0.12109375
-0.0213031768798828 0.0217952728271484 0.538299560546875 0.52423095703125
-0.043365478515625 -0.0462684631347656 0.0718994140625 0.92999267578125
0.0286827087402344 -0.0537490844726563 -0.2880859375 0.6083984375
0.0648002624511719 -0.0470924377441406 0.151718139648438 -0.0308380126953125
0.0263633728027344 -0.0632133483886719 0.2435302734375 -0.74346923828125
-0.0158042907714844 -0.0461235046386719 -0.4378662109375 -0.7796630859375
-0.0140008926391602 0.00267601013183594 -0.78326416015625 -0.0523681640625001
0.0093994140625 0.01934814453125 -0.4600830078125 0.47393798828125
0.0287189483642578 0.0222053527832031 -0.12322998046875 0.475738525390625
0.023834228515625 0.0157241821289063 0.1376953125 0.231246948242187
-0.000442028045654297 0.00369095802307129 0.200271606445313 -0.00238037109375
0.00109481811523437 -0.0257778167724609 -0.113555908203125 -0.0560073852539063
0.0330886840820313 0.00598907470703125 0.011138916015625 -0.308197021484375
0.0352325439453125 0.0165138244628906 0.27642822265625 -0.379425048828125
0.0267486572265625 0.0350437164306641 0.5894775390625 -0.10552978515625
-0.0298480987548828 0.0312824249267578 0.516021728515625 0.55999755859375
-0.0513496398925781 -0.0371322631835938 0.0446166992187499 0.9559326171875
0.0289115905761719 -0.0557518005371094 -0.29620361328125 0.6134033203125
0.0758132934570313 -0.0537261962890625 0.159255981445313 -0.0302581787109375
0.0240211486816406 -0.0612678527832031 0.2279052734375 -0.74005126953125
-0.0231571197509766 -0.0313568115234375 -0.45867919921875 -0.7554931640625
-0.0171499252319336 0.0143899917602539 -0.78692626953125 -0.02386474609375
0.00897216796875 0.0167474746704102 -0.45172119140625 0.489776611328125
0.0291538238525391 0.005645751953125 -0.117156982421875 0.479217529296875
0.0233535766601563 -0.0051116943359375 0.139419555664063 0.22723388671875
-0.000274658203124999 -0.00824689865112305 0.201400756835938 -0.003326416015625
0.0114116668701172 -0.0350112915039063 -0.110115051269531 -0.0541763305664062
0.0376663208007813 -0.0190048217773438 0.01080322265625 -0.30926513671875
0.0451812744140625 -0.00788497924804688 0.27508544921875 -0.382232666015625
0.0261669158935547 0.0283107757568359 0.58758544921875 -0.10321044921875
-0.0375099182128906 0.0423355102539063 0.519561767578125 0.5609130859375
-0.06353759765625 -0.0237960815429687 0.0476074218750001 0.95684814453125
0.0293655395507813 -0.057708740234375 -0.2967529296875 0.61285400390625
0.0870361328125 -0.0615692138671875 0.158843994140625 -0.0241851806640625
0.022979736328125 -0.0587730407714844 0.228759765625 -0.73297119140625
-0.0293560028076172 -0.0132179260253906 -0.45989990234375 -0.75048828125
-0.0176639556884766 0.0270614624023438 -0.78887939453125 -0.0238037109375001
0.00315570831298828 0.0119514465332031 -0.4569091796875 0.488739013671875
0.0250263214111328 -0.0137710571289063 -0.12164306640625 0.478118896484375
0.0204124450683594 -0.0287075042724609 0.135086059570312 0.225631713867188
-0.00262832641601562 -0.0262222290039062 0.196243286132813 -0.0054473876953125
0.00868606567382813 -0.0464286804199219 -0.115608215332031 -0.050994873046875
0.0493278503417969 -0.0415267944335938 0.00335693359375004 -0.311798095703125
0.0445518493652344 -0.0348739624023438 0.260894775390625 -0.389556884765625
0.0235023498535156 0.0178737640380859 0.582763671875 -0.12152099609375
-0.0444107055664063 0.0562858581542969 0.54254150390625 0.541595458984375
-0.0749282836914063 -0.00852203369140624 0.0816650390625 0.9515380859375
0.0263328552246094 -0.05767822265625 -0.281005859375 0.62359619140625
0.098663330078125 -0.066680908203125 0.156112670898438 -0.018707275390625
0.0257720947265625 -0.0577354431152344 0.24908447265625 -0.7315673828125
-0.0326938629150391 -0.00117301940917969 -0.43414306640625 -0.77587890625
-0.0200920104980469 0.04119873046875 -0.79052734375 -0.0552368164062502
-0.000298500061035156 0.0127029418945313 -0.472625732421875 0.4735107421875
0.0206985473632813 -0.0318241119384766 -0.133270263671875 0.474273681640625
0.0230674743652344 -0.0469474792480469 0.131500244140625 0.224380493164063
-0.0019378662109375 -0.0335140228271484 0.198226928710938 -0.0052947998046875
0.00495147705078125 -0.0553207397460937 -0.123031616210938 -0.0481719970703125
0.0568046569824219 -0.060455322265625 -0.00939941406250001 -0.309783935546875
0.037445068359375 -0.0575485229492188 0.242889404296875 -0.400634765625
0.0182228088378906 0.0113620758056641 0.5833740234375 -0.15667724609375
-0.0473861694335938 0.0711746215820313 0.58001708984375 0.4915771484375
-0.0838546752929688 0.00975036621093751 0.1416015625 0.92822265625
0.0212020874023437 -0.0535316467285156 -0.256103515625 0.63104248046875
0.106529235839844 -0.0702896118164062 0.146026611328125 -0.0113983154296875
0.0302047729492188 -0.0559844970703125 0.2828369140625 -0.7310791015625
-0.0351409912109375 0.0112094879150391 -0.391357421875 -0.8182373046875
-0.0246658325195313 0.0525245666503906 -0.78997802734375 -0.11627197265625
-0.00557136535644531 0.0119285583496094 -0.496490478515625 0.445159912109375
0.0187835693359375 -0.0450325012207031 -0.152801513671875 0.466552734375
0.0266532897949219 -0.0645980834960938 0.12225341796875 0.223953247070313
-0.00245285034179688 -0.0398406982421875 0.199691772460938 -0.0056304931640625
0.00437545776367187 -0.0590400695800781 -0.132003784179687 -0.0440673828125
0.0546646118164063 -0.0713348388671875 -0.02667236328125 -0.304046630859375
0.0320167541503906 -0.0675582885742188 0.223052978515625 -0.410888671875
0.0141582489013672 0.00935649871826172 0.58172607421875 -0.205078125
-0.0447463989257812 0.0819244384765625 0.626953125 0.42388916015625
-0.0876388549804687 0.0258026123046875 0.21307373046875 0.88494873046875
0.0158004760742188 -0.0499534606933594 -0.22186279296875 0.6346435546875
0.111984252929687 -0.0720367431640625 0.130912780761719 -0.0014495849609375
0.037445068359375 -0.0530853271484375 0.3270263671875 -0.72607421875
-0.0384788513183594 0.0156707763671875 -0.3275146484375 -0.87396240234375
-0.0316162109375 0.0583610534667969 -0.78021240234375 -0.1961669921875
-0.0114736557006836 0.008697509765625 -0.523345947265625 0.397247314453125
0.0186996459960937 -0.0547904968261719 -0.171478271484375 0.456146240234375
0.0314483642578125 -0.0746307373046875 0.111679077148438 0.228729248046875
0.000347137451171876 -0.0431060791015625 0.19647216796875 -0.005401611328125
-0.00284767150878906 0.00393939018249512 -0.133872985839844 -0.0441818237304688
0.0228691101074219 0.048370361328125 -0.018768310546875 -0.28411865234375
0.0394859313964844 0.0491523742675781 0.25469970703125 -0.39727783203125
0.0343074798583984 0.03204345703125 0.5963134765625 -0.21527099609375
-0.0174732208251953 0.0076436996459961 0.60491943359375 0.39654541015625
-0.0434837341308594 -0.0480766296386719 0.1873779296875 0.84625244140625
0.0191574096679687 -0.0483627319335938 -0.23797607421875 0.593994140625
0.0537376403808594 -0.0345611572265625 0.126121520996094 -0.028350830078125
0.0389938354492188 -0.0593833923339844 0.30792236328125 -0.74267578125
0.00281143188476562 -0.0577201843261719 -0.345458984375 -0.8724365234375
-0.00659084320068359 -0.0065312385559082 -0.7667236328125 -0.18658447265625
0.00762176513671875 0.0300369262695313 -0.489837646484375 0.396453857421875
0.0209312438964844 0.0452346801757812 -0.144378662109375 0.456787109375
0.0156211853027344 0.0379867553710938 0.123199462890625 0.237380981445313
0.00102710723876953 0.0167121887207031 0.188949584960938 -0.0052032470703125
-0.00524568557739258 -0.00130748748779297 -0.124488830566406 -0.0490951538085938
0.0199356079101563 0.0418434143066406 -0.00540161132812502 -0.292449951171875
0.0352058410644531 0.0475654602050781 0.264251708984375 -0.387359619140625
0.0330047607421875 0.0358695983886719 0.59442138671875 -0.16363525390625
-0.019500732421875 0.010040283203125 0.56463623046875 0.4658203125
-0.0403823852539063 -0.0477142333984375 0.12567138671875 0.88818359375
0.0237579345703125 -0.0518455505371094 -0.2642822265625 0.59808349609375
0.0561103820800781 -0.0404930114746094 0.137748718261719 -0.03192138671875
0.0322532653808594 -0.0637969970703125 0.267578125 -0.7381591796875
-0.00385284423828125 -0.055999755859375 -0.39898681640625 -0.814208984375
-0.0110073089599609 -0.00567913055419922 -0.77215576171875 -0.11004638671875
0.0104446411132813 0.0222339630126953 -0.470794677734375 0.4378662109375
0.0259284973144531 0.0351486206054688 -0.131256103515625 0.463348388671875
0.0181045532226563 0.0305843353271484 0.131088256835937 0.231338500976562
0.000276565551757812 0.0119390487670898 0.193756103515625 -0.0030364990234375
-0.00168037414550781 -0.0110483169555664 -0.117584228515625 -0.0546493530273438
0.0225677490234375 0.0288505554199219 0.00515747070312502 -0.30096435546875
0.0324230194091797 0.0344772338867188 0.266845703125 -0.374176025390625
0.0313644409179688 0.0394515991210938 0.58935546875 -0.12298583984375
-0.0207252502441406 0.0223274230957031 0.532745361328125 0.51544189453125
-0.0415916442871094 -0.0437736511230469 0.07464599609375 0.91876220703125
0.0281219482421875 -0.0538253784179688 -0.2830810546875 0.601318359375
0.0645980834960938 -0.0459175109863281 0.149261474609375 -0.0322265625
0.0261917114257812 -0.0608482360839844 0.235107421875 -0.73126220703125
-0.0159454345703125 -0.0458106994628906 -0.43804931640625 -0.77142333984375
-0.0142841339111328 0.00239753723144531 -0.77557373046875 -0.0532836914062499
0.00972557067871094 0.0184478759765625 -0.453399658203125 0.4697265625
0.0285015106201172 0.0227832794189453 -0.118072509765625 0.470062255859375
0.0210342407226562 0.0148868560791016 0.138046264648438 0.226547241210938
-0.00109505653381348 0.00237441062927246 0.197799682617188 -0.0009918212890625
-4.57763671875026E-05 -0.0244197845458984 -0.113517761230469 -0.053680419921875
0.032928466796875 0.00605010986328125 0.010345458984375 -0.304718017578125
0.0348014831542969 0.0164318084716797 0.270538330078125 -0.37652587890625
0.02716064453125 0.0343360900878906 0.5823974609375 -0.10455322265625
-0.0285797119140625 0.0312519073486328 0.5125732421875 0.54937744140625
-0.0503768920898438 -0.0338821411132813 0.048583984375 0.94390869140625
0.0274314880371094 -0.0557708740234375 -0.29132080078125 0.6068115234375
0.0731277465820312 -0.0535049438476562 0.155380249023438 -0.030517578125
0.0222511291503906 -0.0596694946289063 0.22161865234375 -0.7318115234375
-0.0222740173339844 -0.0313911437988281 -0.4560546875 -0.745361328125
-0.0152988433837891 0.0150842666625977 -0.776123046875 -0.0217285156249999
0.00630855560302734 0.0161457061767578 -0.444244384765625 0.4849853515625
0.0277271270751953 0.00509834289550781 -0.11260986328125 0.47332763671875
0.0224475860595703 -0.00367355346679688 0.138961791992188 0.22216796875
0.00062704086303711 -0.0082859992980957 0.201141357421875 -0.0040435791015625
0.0111122131347656 -0.0362091064453125 -0.108795166015625 -0.0523147583007812
0.0362167358398438 -0.0181541442871094 0.00915527343750002 -0.3055419921875
0.0432777404785156 -0.0079498291015625 0.270660400390625 -0.37841796875
0.0248451232910156 0.0271053314208984 0.578125 -0.10418701171875
-0.0370254516601562 0.0422401428222656 0.514312744140625 0.551513671875
-0.0623092651367188 -0.0240592956542969 0.0479736328125 0.94464111328125
0.0287742614746094 -0.0572013854980469 -0.2938232421875 0.60504150390625
0.0837326049804687 -0.0594635009765625 0.156524658203125 -0.0264892578125
0.02264404296875 -0.058258056640625 0.22369384765625 -0.7216796875
-0.0274295806884766 -0.0128002166748047 -0.457275390625 -0.739013671875
-0.0173988342285156 0.0277175903320313 -0.7799072265625 -0.0194091796874999
0.00405788421630859 0.0128574371337891 -0.44952392578125 0.484405517578125
0.0234603881835938 -0.0142345428466797 -0.118255615234375 0.47222900390625
0.0200786590576172 -0.0271930694580078 0.135940551757812 0.222320556640625
-0.00209617614746094 -0.0261592864990234 0.195114135742187 -0.0063934326171875
0.00897598266601563 -0.0450935363769531 -0.115577697753906 -0.0517654418945313
0.048248291015625 -0.0411567687988281 0.000518798828125006 -0.30926513671875
0.0439186096191406 -0.0348892211914063 0.25567626953125 -0.386749267578125
0.0237312316894531 0.0176963806152344 0.57611083984375 -0.123046875
-0.0441207885742188 0.0556678771972656 0.53802490234375 0.53125
-0.0737533569335938 -0.00627136230468749 0.0841064453124999 0.93902587890625
0.0255775451660156 -0.0556526184082031 -0.27532958984375 0.61529541015625
0.09490966796875 -0.0664215087890625 0.152450561523438 -0.018646240234375
0.0257835388183594 -0.0560379028320312 0.24310302734375 -0.72283935546875
-0.0311088562011719 0.000726699829101568 -0.43243408203125 -0.76214599609375
-0.02099609375 0.041900634765625 -0.78021240234375 -0.05047607421875
-0.000517845153808593 0.0119123458862305 -0.463653564453125 0.4703369140625
0.0200519561767578 -0.0298728942871094 -0.130035400390625 0.468017578125
0.0236244201660156 -0.0480308532714844 0.128326416015625 0.221343994140625
-0.00236320495605468 -0.0339984893798828 0.196121215820313 -0.0063018798828125
0.00599288940429688 -0.054168701171875 -0.123458862304688 -0.04827880859375
0.0539016723632813 -0.06048583984375 -0.01153564453125 -0.307708740234375
0.0360641479492188 -0.0571098327636719 0.236328125 -0.39385986328125
0.0180721282958984 0.012237548828125 0.57379150390625 -0.1573486328125
-0.046630859375 0.0691986083984375 0.57476806640625 0.48406982421875
-0.0830841064453125 0.01068115234375 0.14129638671875 0.916748046875
0.0209884643554688 -0.0530891418457031 -0.24969482421875 0.6241455078125
0.106193542480469 -0.0711669921875 0.144378662109375 -0.0121612548828125
0.0310592651367187 -0.0550193786621094 0.2764892578125 -0.72149658203125
-0.0342979431152344 0.0105819702148438 -0.39105224609375 -0.8067626953125
-0.0251998901367187 0.0518455505371094 -0.78179931640625 -0.1123046875
-0.00572395324707031 0.0116796493530273 -0.488128662109375 0.439971923828125
0.0184097290039062 -0.0435676574707031 -0.147552490234375 0.46319580078125
0.0254135131835937 -0.0632362365722656 0.1217041015625 0.221847534179688
-0.00101089477539062 -0.0387153625488281 0.197128295898438 -0.0065155029296875
0.00435256958007812 -0.0575408935546875 -0.130790710449219 -0.0422210693359375
0.0524749755859375 -0.070892333984375 -0.02764892578125 -0.300140380859375
0.0299949645996094 -0.0673599243164063 0.21881103515625 -0.406585693359375
0.014592170715332 0.0106735229492188 0.57208251953125 -0.20458984375
-0.04425048828125 0.0804443359375 0.6197509765625 0.41265869140625
-0.0861358642578125 0.026885986328125 0.21697998046875 0.87237548828125
0.0155715942382812 -0.0491790771484375 -0.218994140625 0.62762451171875
0.109687805175781 -0.071990966796875 0.126365661621094 -0.00357818603515625
0.0369758605957031 -0.054229736328125 0.3182373046875 -0.7147216796875
-0.0362739562988281 0.0162353515625 -0.32769775390625 -0.86138916015625
-0.0310096740722656 0.057098388671875 -0.77203369140625 -0.19110107421875
-0.0119075775146484 0.00819492340087891 -0.512725830078125 0.39752197265625
0.0178565979003906 -0.0550346374511719 -0.167633056640625 0.45068359375
0.0307540893554688 -0.0739822387695313 0.112152099609375 0.2236328125
0.00121688842773438 -0.0433845520019531 0.194442749023438 -0.0076751708984375
-0.00346541404724121 0.00214815139770508 -0.132781982421875 -0.0447540283203125
0.02264404296875 0.0469589233398438 -0.0196380615234375 -0.280792236328125
0.0395393371582031 0.0498619079589844 0.24945068359375 -0.394683837890625
0.0341472625732422 0.0321102142333984 0.588623046875 -0.21343994140625
-0.0186748504638672 0.00764846801757812 0.5965576171875 0.3905029296875
-0.0422554016113281 -0.0461196899414063 0.1861572265625 0.8358154296875
0.01861572265625 -0.0497894287109375 -0.23553466796875 0.5875244140625
0.0514106750488281 -0.0342979431152344 0.122520446777344 -0.0264816284179688
0.0403327941894531 -0.0580978393554688 0.30010986328125 -0.7330322265625
0.0040130615234375 -0.0567359924316406 -0.340087890625 -0.86102294921875
-0.00707435607910156 -0.00708723068237305 -0.7568359375 -0.1824951171875
0.00737571716308594 0.0291919708251953 -0.482177734375 0.391876220703125
0.0190048217773438 0.0444793701171875 -0.141357421875 0.45196533203125
0.0148391723632813 0.0382156372070313 0.122085571289062 0.235733032226563
0.00101375579833985 0.0174379348754883 0.188262939453125 -0.00518798828125
-0.00538444519042969 -0.00435686111450195 -0.121665954589844 -0.0492477416992187
0.0192451477050781 0.0410270690917969 -0.00723266601562501 -0.29034423828125
0.0345230102539063 0.0461616516113281 0.259918212890625 -0.383819580078125
0.032073974609375 0.0356254577636719 0.5869140625 -0.162109375
-0.0189170837402344 0.0128135681152344 0.559051513671875 0.46160888671875
-0.0388031005859375 -0.0483169555664062 0.123291015625 0.8779296875
0.0222816467285156 -0.0514297485351563 -0.26171875 0.59002685546875
0.0561866760253906 -0.0393562316894531 0.136268615722656 -0.0302047729492188
0.032867431640625 -0.06195068359375 0.2611083984375 -0.72821044921875
-0.00567245483398438 -0.0548133850097656 -0.39422607421875 -0.8018798828125
-0.0103473663330078 -0.00403499603271484 -0.7652587890625 -0.1072998046875
0.00976943969726562 0.0240478515625 -0.460479736328125 0.4329833984375
0.0248794555664062 0.0369796752929688 -0.12799072265625 0.458648681640625
0.0190773010253906 0.0284023284912109 0.129669189453125 0.228836059570313
0.000102043151855469 0.0104436874389648 0.19293212890625 -0.0039825439453125
-0.00392723083496094 -0.0100193023681641 -0.117820739746094 -0.05413818359375
0.0195941925048828 0.026702880859375 0.00549316406250001 -0.29730224609375
0.032379150390625 0.035186767578125 0.26409912109375 -0.371429443359375
0.0295219421386719 0.0385360717773438 0.57830810546875 -0.11944580078125
-0.0209712982177734 0.0213546752929687 0.52691650390625 0.50958251953125
-0.040863037109375 -0.0423011779785156 0.07452392578125 0.9088134765625
0.0275039672851563 -0.0531272888183594 -0.2799072265625 0.59307861328125
0.0632095336914063 -0.0462265014648438 0.1453857421875 -0.0299224853515625
0.0258255004882812 -0.0589866638183594 0.23309326171875 -0.72198486328125
-0.0152244567871094 -0.0440406799316406 -0.4307861328125 -0.759521484375
-0.0134296417236328 0.00148200988769531 -0.7659912109375 -0.0509643554687499
0.00849151611328125 0.0184497833251953 -0.446197509765625 0.462738037109375
0.0284767150878906 0.0219192504882813 -0.115875244140625 0.46588134765625
0.0214309692382813 0.0140209197998047 0.136749267578125 0.22308349609375
-0.00082707405090332 0.00276613235473633 0.19732666015625 -0.000823974609375
-0.000421524047851564 -0.02337646484375 -0.113800048828125 -0.0563278198242188
0.0300216674804687 0.00514030456542969 0.00976562499999998 -0.300567626953125
0.0359039306640625 0.0155868530273438 0.266204833984375 -0.372772216796875
0.0258197784423828 0.0325870513916016 0.5733642578125 -0.1048583984375
-0.0288887023925781 0.0337505340576172 0.50732421875 0.543365478515625
-0.0485687255859375 -0.0337257385253906 0.0477294921875 0.9327392578125
0.0283279418945313 -0.055084228515625 -0.28851318359375 0.59735107421875
0.070648193359375 -0.0522003173828125 0.15191650390625 -0.029449462890625
0.0231475830078125 -0.0596809387207031 0.21661376953125 -0.719482421875
-0.0225868225097656 -0.0303802490234375 -0.45281982421875 -0.73468017578125
-0.015873908996582 0.0133600234985352 -0.76513671875 -0.0194091796875001
0.00760936737060547 0.0150365829467773 -0.436981201171875 0.47998046875
0.0267200469970703 0.00392723083496094 -0.111419677734375 0.46734619140625
0.0216312408447266 -0.00528717041015625 0.13690185546875 0.21954345703125
-0.000172615051269531 -0.00863838195800781 0.199142456054688 -0.004730224609375
0.00954437255859375 -0.0352706909179688 -0.108238220214844 -0.052337646484375
0.0361289978027344 -0.0179672241210938 0.00799560546875001 -0.302978515625
0.0423965454101563 -0.00844573974609375 0.2657470703125 -0.37542724609375
0.0258636474609375 0.0255851745605469 0.5703125 -0.1031494140625
-0.0368537902832031 0.0412063598632813 0.51043701171875 0.5455322265625
-0.0619239807128906 -0.0205268859863281 0.0485229492187501 0.93304443359375
0.027130126953125 -0.0558357238769531 -0.2899169921875 0.5977783203125
0.0835952758789063 -0.0594711303710937 0.153717041015625 -0.0240631103515625
0.0229644775390625 -0.05657958984375 0.2177734375 -0.7119140625
-0.0277347564697266 -0.0124607086181641 -0.45111083984375 -0.72686767578125
-0.0168571472167969 0.027130126953125 -0.771728515625 -0.0189208984375001
0.00369071960449219 0.0125436782836914 -0.444122314453125 0.480194091796875
0.0219364166259766 -0.0135517120361328 -0.115997314453125 0.467254638671875
0.0184822082519531 -0.0280799865722656 0.132003784179688 0.219757080078125
-0.00250053405761719 -0.0256214141845703 0.193252563476563 -0.00714111328125
0.00712203979492187 -0.0462379455566406 -0.113235473632813 -0.0498886108398437
0.0473480224609375 -0.0414276123046875 0.00140380859375001 -0.304168701171875
0.0428924560546875 -0.0336875915527344 0.25164794921875 -0.38055419921875
0.02349853515625 0.0172767639160156 0.5697021484375 -0.12188720703125
-0.0418510437011719 0.0563697814941406 0.53179931640625 0.525604248046875
-0.072509765625 -0.00685882568359374 0.0841064453125 0.928955078125
0.025604248046875 -0.0533332824707031 -0.27142333984375 0.6075439453125
0.0939788818359375 -0.0643997192382813 0.148849487304688 -0.0195770263671875
0.0235061645507812 -0.0560684204101563 0.23876953125 -0.7117919921875
-0.0320930480957031 0.000494003295898435 -0.4263916015625 -0.75115966796875
-0.018341064453125 0.0401039123535156 -0.77264404296875 -0.0475463867187498
-0.00136566162109375 0.0116434097290039 -0.4580078125 0.46612548828125
0.0182170867919922 -0.0303363800048828 -0.12530517578125 0.463958740234375
0.0217666625976562 -0.0476264953613281 0.128829956054688 0.218963623046875
-0.00213432312011719 -0.0331497192382813 0.195755004882813 -0.0076751708984375
0.00397109985351562 -0.0538177490234375 -0.122833251953125 -0.047088623046875
0.0541610717773437 -0.0615196228027344 -0.00918579101562497 -0.304931640625
0.0365180969238281 -0.0562591552734375 0.233154296875 -0.392547607421875
0.0170402526855469 0.0113916397094727 0.56903076171875 -0.1541748046875
-0.0450210571289062 0.0692176818847656 0.56939697265625 0.47900390625
-0.080535888671875 0.0110549926757813 0.14190673828125 0.9044189453125
0.0209159851074219 -0.0516624450683594 -0.2471923828125 0.61456298828125
0.103050231933594 -0.0680313110351563 0.14056396484375 -0.0108261108398438
0.0293998718261719 -0.0541343688964844 0.27252197265625 -0.71099853515625
-0.0336952209472656 0.0117111206054688 -0.38568115234375 -0.79461669921875
-0.0244140625 0.0503730773925781 -0.76947021484375 -0.107177734375
-0.00670623779296875 0.0107421875 -0.479949951171875 0.435455322265625
0.0163764953613281 -0.0438423156738281 -0.1436767578125 0.457489013671875
0.0261955261230469 -0.0628662109375 0.119735717773438 0.217819213867188
-0.000553131103515626 -0.0396003723144531 0.196945190429688 -0.0072784423828125
0.00222396850585937 -0.056365966796875 -0.131362915039063 -0.0412139892578125
0.0513992309570313 -0.0711212158203125 -0.0272216796875 -0.297637939453125
0.0293045043945312 -0.066619873046875 0.21417236328125 -0.400146484375
0.0142326354980469 0.00968360900878906 0.56591796875 -0.2034912109375
-0.0433883666992188 0.0799484252929687 0.6136474609375 0.4085693359375
-0.0838470458984375 0.0275802612304688 0.21258544921875 0.86083984375
0.0153121948242188 -0.0474128723144531 -0.21484375 0.6173095703125
0.108253479003906 -0.0690078735351562 0.124618530273438 -0.00171661376953125
0.0357856750488281 -0.0532341003417969 0.3162841796875 -0.7037353515625
-0.0361557006835938 0.0160942077636719 -0.3253173828125 -0.84991455078125
-0.030548095703125 0.0559043884277344 -0.76275634765625 -0.18768310546875
-0.0118246078491211 0.00782394409179687 -0.50555419921875 0.39239501953125
0.0175399780273438 -0.0545845031738281 -0.16387939453125 0.44525146484375
0.0304718017578125 -0.07220458984375 0.111053466796875 0.221817016601562
0.00109100341796875 -0.0431137084960938 0.192962646484375 -0.00885009765625001
-0.00391578674316406 0.00150084495544434 -0.131156921386719 -0.0438156127929688
0.0216445922851563 0.0462760925292969 -0.0203704833984375 -0.28070068359375
0.0382843017578125 0.0474929809570313 0.24786376953125 -0.39080810546875
0.0322952270507813 0.0301723480224609 0.58123779296875 -0.21197509765625
-0.0175819396972656 0.00779342651367187 0.59185791015625 0.38653564453125
-0.0406417846679687 -0.0456733703613281 0.1829833984375 0.82757568359375
0.0181808471679687 -0.0498008728027344 -0.2364501953125 0.581787109375
0.0518608093261719 -0.0327835083007813 0.120033264160156 -0.0265350341796875
0.0371665954589844 -0.0562171936035156 0.29766845703125 -0.72320556640625
0.00386810302734375 -0.0569839477539063 -0.33770751953125 -0.85150146484375
-0.00579261779785156 -0.00759363174438477 -0.749755859375 -0.18157958984375
0.00696182250976562 0.0282058715820313 -0.475799560546875 0.389251708984375
0.0176811218261719 0.0441474914550781 -0.141448974609375 0.4462890625
0.0134048461914062 0.0371170043945313 0.120803833007813 0.233810424804687
0.000552177429199219 0.0157470703125 0.187789916992187 -0.00372314453125
-0.00622749328613281 -0.00333213806152344 -0.122543334960938 -0.0507888793945312
0.0192298889160156 0.0404014587402344 -0.00827026367187503 -0.286865234375
0.0332107543945313 0.0478134155273437 0.257232666015625 -0.378021240234375
0.0313529968261719 0.0359954833984375 0.57891845703125 -0.1607666015625
-0.01873779296875 0.0113029479980469 0.553314208984375 0.4560546875
-0.0391464233398438 -0.046966552734375 0.1209716796875 0.87054443359375
0.0227203369140625 -0.0512428283691406 -0.2615966796875 0.58294677734375
0.0544242858886719 -0.0386123657226562 0.133453369140625 -0.0298995971679688
0.0333824157714844 -0.060089111328125 0.25872802734375 -0.7198486328125
-0.004669189453125 -0.0533218383789063 -0.38958740234375 -0.7960205078125
-0.0101652145385742 -0.00517463684082031 -0.7554931640625 -0.10614013671875
0.00958061218261719 0.0229721069335938 -0.456512451171875 0.427337646484375
0.0246238708496094 0.0357704162597656 -0.12762451171875 0.453277587890625
0.0178070068359375 0.030242919921875 0.129180908203125 0.226547241210938
0.000316619873046874 0.00979328155517578 0.191055297851563 -0.00433349609375
-0.00401496887207031 -0.0107879638671875 -0.117767333984375 -0.0544509887695313
0.0196170806884766 0.0263805389404297 0.00503540039062499 -0.2940673828125
0.0315437316894531 0.0352668762207031 0.259552001953125 -0.36651611328125
0.0291213989257813 0.0376319885253906 0.5740966796875 -0.11920166015625
-0.0211696624755859 0.0210418701171875 0.519744873046875 0.504730224609375
-0.0397911071777344 -0.0422744750976563 0.0720825195312499 0.90069580078125
0.0262451171875 -0.0513458251953125 -0.27862548828125 0.58648681640625
0.0618934631347656 -0.0446319580078125 0.143234252929688 -0.029815673828125
0.0247306823730469 -0.0591697692871094 0.23065185546875 -0.7142333984375
-0.0158042907714844 -0.0429725646972656 -0.42730712890625 -0.75
-0.0122613906860352 0.00247478485107422 -0.75860595703125 -0.0491333007812501
0.00904464721679688 0.0193672180175781 -0.439971923828125 0.459136962890625
0.0281524658203125 0.0216922760009766 -0.114471435546875 0.460205078125
0.019378662109375 0.0133514404296875 0.134567260742188 0.221267700195313
-0.00152444839477539 0.00173366069793701 0.196197509765625 -0.0040283203125
0.000238418579101565 -0.0259265899658203 -0.111328125 -0.05523681640625
0.0305728912353516 0.00433731079101563 0.00765991210937499 -0.298858642578125
0.0332107543945313 0.0161991119384766 0.263763427734375 -0.368438720703125
0.0272636413574219 0.0325946807861328 0.5679931640625 -0.1024169921875
-0.0286178588867187 0.0311679840087891 0.50048828125 0.537994384765625
-0.0470352172851562 -0.0324211120605469 0.0452880859374999 0.925048828125
0.0277557373046875 -0.053375244140625 -0.2889404296875 0.59149169921875
0.070465087890625 -0.0512161254882813 0.151153564453125 -0.0285186767578125
0.022308349609375 -0.057891845703125 0.216064453125 -0.71002197265625
-0.0215225219726563 -0.0288486480712891 -0.44793701171875 -0.72613525390625
-0.0148401260375977 0.0118551254272461 -0.75909423828125 -0.0189208984374999
0.00675106048583984 0.0151252746582031 -0.4310302734375 0.475860595703125
0.0247631072998047 0.00416374206542969 -0.107940673828125 0.4637451171875
0.0216655731201172 -0.00591468811035156 0.13665771484375 0.216354370117187
0.00091552734375 -0.0101451873779297 0.196701049804688 -0.0059814453125
0.00929069519042969 -0.0346145629882813 -0.107711791992188 -0.052215576171875
0.0351829528808594 -0.0181503295898438 0.00805664062499997 -0.300262451171875
0.0416145324707031 -0.00803375244140625 0.26373291015625 -0.371124267578125
0.0256061553955078 0.0256252288818359 0.5634765625 -0.10247802734375
-0.0370254516601562 0.0415000915527344 0.50518798828125 0.542083740234375
-0.0597381591796875 -0.0207672119140625 0.0482177734374999 0.92388916015625
0.0272979736328125 -0.0549736022949219 -0.2882080078125 0.59051513671875
0.0816726684570313 -0.0584564208984375 0.152236938476563 -0.023956298828125
0.0224189758300781 -0.0565986633300781 0.2174072265625 -0.703125
-0.0261268615722656 -0.0127830505371094 -0.44818115234375 -0.72088623046875
-0.0155963897705078 0.02642822265625 -0.763427734375 -0.0180664062499999
0.00273799896240234 0.0121364593505859 -0.437774658203125 0.474090576171875
0.0220851898193359 -0.0134811401367188 -0.112945556640625 0.462554931640625
0.0187358856201172 -0.0279159545898438 0.130645751953125 0.217041015625
-0.0027923583984375 -0.0254707336425781 0.193634033203125 -0.00640869140625
0.00789260864257813 -0.0437774658203125 -0.11358642578125 -0.0499267578125
0.0473403930664062 -0.0412635803222656 0.00131225585937501 -0.301544189453125
0.042236328125 -0.0336990356445313 0.2491455078125 -0.377471923828125
0.0215511322021484 0.0162410736083984 0.56097412109375 -0.1195068359375
-0.0422248840332031 0.0548057556152344 0.526519775390625 0.521331787109375
-0.0707321166992188 -0.00603485107421874 0.08258056640625 0.91656494140625
0.024169921875 -0.053680419921875 -0.2725830078125 0.60064697265625
0.0926361083984375 -0.0638275146484375 0.146804809570313 -0.0176544189453125
0.0242195129394531 -0.0538177490234375 0.23785400390625 -0.70172119140625
-0.0299949645996094 0.00127029418945313 -0.4234619140625 -0.7442626953125
-0.0191383361816406 0.0384178161621094 -0.76422119140625 -0.0478515625000001
-0.00176525115966797 0.0121049880981445 -0.453704833984375 0.461151123046875
0.0181732177734375 -0.0301017761230469 -0.124542236328125 0.459075927734375
0.020538330078125 -0.0461578369140625 0.126541137695313 0.21575927734375
-0.00176048278808594 -0.0330410003662109 0.194671630859375 -0.00775146484375
0.00532913208007813 -0.0538673400878906 -0.122055053710937 -0.0476303100585937
0.0527801513671875 -0.061767578125 -0.010284423828125 -0.301971435546875
0.0358543395996094 -0.0552711486816406 0.2308349609375 -0.388916015625
0.0166072845458984 0.0102682113647461 0.561798095703125 -0.153717041015625
-0.045074462890625 0.0692138671875 0.5634765625 0.474853515625
-0.0787506103515625 0.01226806640625 0.1396484375 0.89617919921875
0.0211982727050781 -0.0512924194335937 -0.24493408203125 0.60791015625
0.101837158203125 -0.0691680908203125 0.136947631835938 -0.0110931396484375
0.0300712585449219 -0.0536880493164063 0.269287109375 -0.70196533203125
-0.0327720642089844 0.0112190246582031 -0.38031005859375 -0.7869873046875
-0.0234222412109375 0.0489768981933594 -0.76287841796875 -0.1070556640625
-0.00635433197021484 0.0101785659790039 -0.47613525390625 0.431884765625
0.01544189453125 -0.0442314147949219 -0.142425537109375 0.452301025390625
0.0240325927734375 -0.0628623962402344 0.119308471679687 0.215133666992188
-0.000408172607421871 -0.0383567810058594 0.195114135742188 -0.0072479248046875
0.00286102294921875 -0.0561370849609375 -0.129592895507813 -0.04339599609375
0.0519638061523438 -0.0709381103515625 -0.027313232421875 -0.294189453125
0.0280113220214844 -0.0658531188964844 0.2117919921875 -0.396087646484375
0.0122232437133789 0.00925254821777344 0.559234619140625 -0.2001953125
-0.04229736328125 0.0801773071289063 0.60601806640625 0.4049072265625
-0.0813980102539063 0.0273895263671875 0.2117919921875 0.8531494140625
0.0161552429199219 -0.0456695556640625 -0.21319580078125 0.61126708984375
0.107315063476562 -0.069305419921875 0.122894287109375 -0.00222015380859375
0.035369873046875 -0.0500946044921875 0.312255859375 -0.696533203125
-0.0347843170166016 0.0168876647949219 -0.31964111328125 -0.8414306640625
-0.0298080444335938 0.0564651489257813 -0.7557373046875 -0.1849365234375
-0.0117616653442383 0.00784778594970703 -0.500213623046875 0.387237548828125
0.01556396484375 -0.05419921875 -0.1617431640625 0.4410400390625
0.0302505493164062 -0.0734786987304688 0.109359741210938 0.220565795898438
0.00123977661132813 -0.0423316955566406 0.192794799804687 -0.008270263671875
-0.00494956970214844 0.00112247467041016 -0.130325317382813 -0.0453567504882812
0.0217132568359375 0.0470771789550781 -0.020111083984375 -0.277816772460938
0.0382461547851563 0.0477638244628906 0.246612548828125 -0.387054443359375
0.0320091247558594 0.0307064056396484 0.5767822265625 -0.207275390625
-0.0182304382324219 0.00812530517578125 0.58636474609375 0.38641357421875
-0.0392875671386719 -0.0465812683105469 0.18133544921875 0.822021484375
0.0184173583984375 -0.0475387573242188 -0.23614501953125 0.5755615234375
0.0505867004394531 -0.0319137573242188 0.117355346679687 -0.0245819091796875
0.0373992919921875 -0.0551414489746094 0.29693603515625 -0.71478271484375
0.00451278686523437 -0.0554428100585938 -0.32989501953125 -0.84478759765625
-0.00652885437011719 -0.00716400146484375 -0.7425537109375 -0.18115234375
0.006103515625 0.0274181365966797 -0.47381591796875 0.385162353515625
0.0169219970703125 0.0443305969238281 -0.141510009765625 0.444427490234375
0.0136909484863281 0.0384063720703125 0.119598388671875 0.231216430664063
0.00112628936767578 0.0161666870117187 0.186843872070313 -0.004058837890625
-0.00475168228149414 -0.00292205810546875 -0.121467590332031 -0.0510025024414063
0.01702880859375 0.0414390563964844 -0.0093994140625 -0.28546142578125
0.0333747863769531 0.0474014282226563 0.2548828125 -0.373626708984375
0.0307998657226563 0.0359420776367188 0.57379150390625 -0.15936279296875
-0.0177116394042969 0.0123748779296875 0.546844482421875 0.45513916015625
-0.0362968444824219 -0.0446662902832031 0.1177978515625 0.86248779296875
0.0224037170410156 -0.050079345703125 -0.2628173828125 0.57574462890625
0.0541114807128906 -0.0380630493164063 0.131027221679688 -0.0288619995117188
0.0317955017089844 -0.0598068237304687 0.260986328125 -0.7117919921875
-0.00387191772460938 -0.0523185729980469 -0.38238525390625 -0.7891845703125
-0.00878095626831055 -0.00700473785400391 -0.75054931640625 -0.10748291015625
0.00847053527832031 0.0238723754882813 -0.453033447265625 0.423828125
0.0236606597900391 0.0349502563476563 -0.12615966796875 0.4495849609375
0.0164337158203125 0.0290946960449219 0.127349853515625 0.22528076171875
0.000750541687011718 0.0113954544067383 0.190750122070312 -0.0044403076171875
-0.00324821472167969 -0.012568473815918 -0.117607116699219 -0.0546112060546875
0.0201435089111328 0.0257949829101563 0.00512695312499997 -0.293365478515625
0.0310916900634766 0.0351428985595703 0.259063720703125 -0.3636474609375
0.0285491943359375 0.0373382568359375 0.56915283203125 -0.11767578125
-0.0202217102050781 0.0203208923339844 0.5145263671875 0.5029296875
-0.0390815734863281 -0.0419082641601563 0.06805419921875 0.89495849609375
0.0264244079589844 -0.0524139404296875 -0.27874755859375 0.5792236328125
0.0598030090332031 -0.0443611145019531 0.141937255859375 -0.0284881591796875
0.0240936279296875 -0.05908203125 0.2288818359375 -0.70654296875
-0.0143852233886719 -0.0430946350097656 -0.42242431640625 -0.745849609375
-0.0123310089111328 0.0030975341796875 -0.75006103515625 -0.0507202148437501
0.0100612640380859 0.0198135375976563 -0.435882568359375 0.454132080078125
0.0256328582763672 0.0214614868164063 -0.1146240234375 0.456787109375
0.0200958251953125 0.0129737854003906 0.134307861328125 0.220413208007812
-0.000969052314758301 0.00147652626037598 0.195465087890625 -0.003021240234375
-0.00117301940917969 -0.0231685638427734 -0.112236022949219 -0.0549087524414062
0.0292625427246094 0.00432777404785156 0.0101318359375 -0.29736328125
0.0330715179443359 0.0169029235839844 0.26153564453125 -0.365478515625
0.0252952575683594 0.0337886810302734 0.562164306640625 -0.100311279296875
-0.0294437408447266 0.0324802398681641 0.496673583984375 0.5352783203125
-0.0467987060546875 -0.0315704345703125 0.0429687500000001 0.91644287109375
0.0272712707519531 -0.0529747009277344 -0.287841796875 0.5855712890625
0.0693473815917969 -0.0514869689941406 0.148727416992188 -0.0275115966796875
0.0232734680175781 -0.057403564453125 0.21710205078125 -0.70245361328125
-0.0210208892822266 -0.0293693542480469 -0.4425048828125 -0.71942138671875
-0.0141029357910156 0.011805534362793 -0.75238037109375 -0.0200805664062501
0.00731468200683594 0.0149164199829102 -0.428863525390625 0.467803955078125
0.0241241455078125 0.00436592102050781 -0.107025146484375 0.460601806640625
0.0213356018066406 -0.00709342956542969 0.134902954101563 0.216690063476563
0.00097179412841797 -0.0102100372314453 0.197494506835938 -0.006439208984375
0.00861740112304688 -0.0345840454101563 -0.107414245605469 -0.053192138671875
0.0354652404785156 -0.0184822082519531 0.007049560546875 -0.297821044921875
0.0414619445800781 -0.00764846801757812 0.261260986328125 -0.3670654296875
0.0247116088867188 0.0248146057128906 0.5606689453125 -0.09967041015625
-0.0363197326660156 0.0417327880859375 0.49945068359375 0.538482666015625
-0.0584907531738281 -0.0201339721679687 0.0438842773437499 0.9166259765625
0.02703857421875 -0.0537796020507813 -0.28863525390625 0.58563232421875
0.0808792114257812 -0.056915283203125 0.14996337890625 -0.0212249755859375
0.0228080749511719 -0.0553627014160156 0.2171630859375 -0.6943359375
-0.025543212890625 -0.0127830505371094 -0.44097900390625 -0.715087890625
-0.015869140625 0.0260028839111328 -0.75689697265625 -0.01898193359375
0.00197696685791016 0.0131692886352539 -0.434814453125 0.468994140625
0.0207157135009766 -0.0133380889892578 -0.113311767578125 0.458740234375
0.0178756713867188 -0.0266399383544922 0.13018798828125 0.216278076171875
-0.002105712890625 -0.0242786407470703 0.19049072265625 -0.007659912109375
0.00632858276367188 -0.044342041015625 -0.112892150878906 -0.049560546875
0.0462989807128906 -0.0407257080078125 0.002227783203125 -0.29986572265625
0.0424842834472656 -0.0337257385253906 0.24810791015625 -0.375274658203125
0.0206985473632812 0.0154075622558594 0.556915283203125 -0.1170654296875
-0.0423355102539062 0.054840087890625 0.522796630859375 0.518585205078125
-0.069610595703125 -0.00452804565429686 0.0794067382812499 0.91302490234375
0.0232315063476563 -0.052490234375 -0.272705078125 0.59466552734375
0.0915756225585937 -0.0623779296875 0.145370483398438 -0.01580810546875
0.0245475769042969 -0.0538444519042969 0.237548828125 -0.69573974609375
-0.0300617218017578 0.000728607177734378 -0.41717529296875 -0.7376708984375
-0.0177803039550781 0.0382308959960938 -0.7574462890625 -0.0489501953124999
-0.000833511352539062 0.0113582611083984 -0.448760986328125 0.455230712890625
0.0181751251220703 -0.0297870635986328 -0.123199462890625 0.4554443359375
0.020782470703125 -0.0453567504882813 0.125045776367187 0.213485717773438
-0.00130462646484375 -0.0334224700927734 0.193328857421875 -0.0083770751953125
0.00333023071289062 -0.0526466369628906 -0.120742797851563 -0.0465469360351562
0.0529098510742187 -0.0608749389648438 -0.00994873046874996 -0.299530029296875
0.0366783142089844 -0.0552749633789063 0.2296142578125 -0.3843994140625
0.0176963806152344 0.0101509094238281 0.55743408203125 -0.149078369140625
-0.0443992614746094 0.0672988891601563 0.55950927734375 0.471527099609375
-0.0774383544921875 0.0121002197265625 0.13525390625 0.8880615234375
0.0197868347167969 -0.0504989624023438 -0.245361328125 0.6029052734375
0.1011962890625 -0.0669937133789063 0.136466979980469 -0.0102005004882813
0.0298347473144531 -0.0516242980957031 0.26849365234375 -0.69268798828125
-0.0314502716064453 0.0118370056152344 -0.37359619140625 -0.77972412109375
-0.0234260559082031 0.0496940612792969 -0.75567626953125 -0.107666015625
-0.00545883178710938 0.00989818572998047 -0.472076416015625 0.42791748046875
0.0155677795410156 -0.0439720153808594 -0.142578125 0.44854736328125
0.0242691040039063 -0.0623435974121094 0.118377685546875 0.215072631835938
0.000736236572265624 -0.0382347106933594 0.194808959960938 -0.0085906982421875
0.00186920166015625 -0.0567703247070313 -0.128425598144531 -0.042510986328125
0.0518875122070312 -0.0713424682617188 -0.028594970703125 -0.292266845703125
0.0291748046875 -0.0643768310546875 0.210357666015625 -0.39239501953125
0.0114011764526367 0.00965690612792969 0.55377197265625 -0.19805908203125
-0.0425491333007813 0.08013916015625 0.6014404296875 0.4049072265625
-0.0811080932617188 0.0261993408203125 0.20654296875 0.84661865234375
0.0161705017089844 -0.0456390380859375 -0.21612548828125 0.60418701171875
0.106315612792969 -0.0680923461914063 0.120285034179688 -0.000549316406250004
0.0361709594726563 -0.0504074096679688 0.31304931640625 -0.68634033203125
-0.0349636077880859 0.0170841217041016 -0.31549072265625 -0.8323974609375
-0.0289421081542969 0.0548896789550781 -0.748779296875 -0.1868896484375
-0.0119600296020508 0.00870323181152344 -0.49639892578125 0.383056640625
0.0168342590332031 -0.0542068481445313 -0.161376953125 0.4376220703125
0.02984619140625 -0.0735092163085938 0.1087646484375 0.2193603515625
0.00243759155273437 -0.0426292419433594 0.192672729492188 -0.00775146484375
-0.00534534454345703 0.00107908248901367 -0.13079833984375 -0.0448074340820312
0.0195388793945312 0.04718017578125 -0.0185699462890625 -0.275955200195313
0.0374107360839844 0.0496139526367188 0.24481201171875 -0.383026123046875
0.0303955078125 0.0307064056396484 0.57568359375 -0.20428466796875
-0.0181255340576172 0.00692558288574219 0.58013916015625 0.3875732421875
-0.0382308959960937 -0.0440483093261719 0.1763916015625 0.81610107421875
0.0179061889648438 -0.047119140625 -0.2398681640625 0.570068359375
0.0499610900878906 -0.0321197509765625 0.115943908691406 -0.0224990844726563
0.0370597839355469 -0.0547370910644531 0.296630859375 -0.70703125
0.00576782226562499 -0.0554695129394531 -0.32586669921875 -0.84149169921875
-0.00631618499755859 -0.00893878936767578 -0.73822021484375 -0.1829833984375
0.00712394714355468 0.0288944244384766 -0.4725341796875 0.379974365234375
0.0157432556152344 0.0458946228027344 -0.14117431640625 0.439300537109375
0.0127487182617188 0.0373153686523438 0.118972778320313 0.230453491210938
0.00107860565185547 0.014892578125 0.186370849609375 -0.0049896240234375
-0.00579595565795898 -0.00289249420166016 -0.122032165527344 -0.0506668090820312
0.0179557800292969 0.0410881042480469 -0.00674438476562498 -0.28375244140625
0.0325164794921875 0.04766845703125 0.25286865234375 -0.36981201171875
0.0308151245117187 0.0352325439453125 0.57257080078125 -0.1546630859375
-0.0183696746826172 0.0135917663574219 0.542938232421875 0.454071044921875
-0.0351524353027344 -0.0432510375976563 0.11199951171875 0.85919189453125
0.0223579406738281 -0.0496139526367188 -0.265869140625 0.5712890625
0.0519256591796875 -0.0377578735351563 0.130577087402344 -0.0285415649414063
0.0327720642089844 -0.058685302734375 0.2591552734375 -0.70391845703125
-0.00234603881835938 -0.052642822265625 -0.3782958984375 -0.78326416015625
-0.00968647003173828 -0.00572967529296875 -0.74560546875 -0.1102294921875
0.0108528137207031 0.0214881896972656 -0.45086669921875 0.419158935546875
0.0219345092773438 0.0358810424804688 -0.1265869140625 0.446014404296875
0.0153446197509766 0.0305252075195313 0.125396728515625 0.223358154296875
0.00130414962768555 0.00841093063354492 0.189910888671875 -0.002838134765625
-0.00303268432617187 -0.0125293731689453 -0.117767333984375 -0.0558624267578125
0.0185127258300781 0.0254898071289063 0.00595092773437497 -0.2913818359375
0.0299339294433594 0.0353279113769531 0.25921630859375 -0.361541748046875
0.0274543762207031 0.0381889343261719 0.56427001953125 -0.1129150390625
-0.0203380584716797 0.0202045440673828 0.509185791015625 0.502899169921875
-0.037384033203125 -0.0407295227050781 0.0645751953125001 0.88909912109375
0.0259590148925781 -0.0511665344238281 -0.2806396484375 0.572998046875
0.0593605041503906 -0.0430068969726562 0.139671325683594 -0.0275039672851563
0.025115966796875 -0.0579261779785156 0.23095703125 -0.69970703125
-0.0139961242675781 -0.0438270568847656 -0.416748046875 -0.742919921875
-0.0117673873901367 0.00113773345947266 -0.7464599609375 -0.051513671875
0.0085906982421875 0.0197238922119141 -0.43548583984375 0.448516845703125
0.0256710052490234 0.0221786499023438 -0.115997314453125 0.45263671875
0.0191402435302734 0.0152111053466797 0.130966186523438 0.219467163085938
0.000466585159301758 0.00213110446929932 0.195327758789063 -0.00494384765625
-0.000896453857421875 -0.0240039825439453 -0.114051818847656 -0.0546951293945313
0.0275859832763672 0.00439453125 0.00939941406250001 -0.296661376953125
0.0328140258789063 0.0171661376953125 0.260406494140625 -0.36358642578125
0.0239448547363281 0.033935546875 0.560211181640625 -0.0972900390625
-0.0262546539306641 0.0306720733642578 0.49267578125 0.536773681640625
-0.0450477600097656 -0.0307502746582031 0.0418701171875 0.9119873046875
0.0259628295898437 -0.0532341003417969 -0.28826904296875 0.57843017578125
0.0676765441894531 -0.0512313842773438 0.145370483398438 -0.0263214111328125
0.0231704711914063 -0.0571022033691406 0.219482421875 -0.695556640625
-0.0200538635253906 -0.0270423889160156 -0.435302734375 -0.71746826171875
-0.0124855041503906 0.011448860168457 -0.7489013671875 -0.02313232421875
0.00780105590820313 0.0150594711303711 -0.426513671875 0.465728759765625
0.024383544921875 0.00486373901367188 -0.10870361328125 0.457183837890625
0.0188045501708984 -0.00752449035644531 0.132049560546875 0.21502685546875
-0.000169754028320312 -0.00996875762939453 0.194976806640625 -0.00445556640625
0.00803947448730469 -0.0335597991943359 -0.108070373535156 -0.0535507202148437
0.0345535278320312 -0.0185813903808594 0.00848388671874999 -0.294464111328125
0.0403518676757813 -0.00783920288085938 0.26068115234375 -0.36505126953125
0.0249862670898438 0.0251216888427734 0.555999755859375 -0.0985107421875
-0.03515625 0.0416412353515625 0.494903564453125 0.538665771484375
-0.05645751953125 -0.0203437805175781 0.0391845703125 0.9114990234375
0.0260429382324219 -0.0534439086914063 -0.28948974609375 0.580078125
0.0796279907226563 -0.055145263671875 0.14764404296875 -0.02056884765625
0.0226669311523438 -0.0541305541992188 0.22003173828125 -0.6868896484375
-0.0244941711425781 -0.0135021209716797 -0.4361572265625 -0.71160888671875
-0.0155296325683594 0.0253047943115234 -0.751220703125 -0.0241088867187502
0.00323009490966797 0.0132360458374023 -0.432891845703125 0.463623046875
0.0198936462402344 -0.0120334625244141 -0.11376953125 0.45611572265625
0.0183506011962891 -0.0272274017333984 0.127593994140625 0.214035034179688
-0.00111007690429688 -0.0254192352294922 0.189895629882813 -0.0074615478515625
0.00711822509765625 -0.0444374084472656 -0.113822937011719 -0.0507431030273437
0.0464553833007813 -0.0387001037597656 0.00195312499999997 -0.29986572265625
0.0410537719726563 -0.0320625305175781 0.247406005859375 -0.3720703125
0.0210151672363281 0.0152111053466797 0.553375244140625 -0.1142578125
-0.0425376892089844 0.0533943176269531 0.51702880859375 0.517730712890625
-0.068084716796875 -0.00346374511718749 0.0764160156249999 0.90869140625
0.0241813659667969 -0.0517005920410156 -0.27349853515625 0.58831787109375
0.0914459228515625 -0.0614013671875 0.143707275390625 -0.0161590576171875
0.026275634765625 -0.0522613525390625 0.23834228515625 -0.68670654296875
-0.0285053253173828 0.00159645080566406 -0.41131591796875 -0.73541259765625
-0.0164985656738281 0.0368919372558594 -0.7552490234375 -0.0521850585937499
-0.00252056121826172 0.0107889175415039 -0.447021484375 0.451568603515625
0.0184993743896484 -0.0293178558349609 -0.125244140625 0.4525146484375
0.0212516784667969 -0.0460662841796875 0.123123168945312 0.21246337890625
-1.52587890625021E-05 -0.0342655181884766 0.1922607421875 -0.007659912109375
0.00211715698242188 -0.0521316528320313 -0.1201171875 -0.0481719970703125
0.0543937683105469 -0.0604400634765625 -0.0108642578125 -0.299163818359375
0.0342941284179687 -0.0547752380371094 0.228424072265625 -0.378509521484375
0.014683723449707 0.0101404190063477 0.555633544921875 -0.1478271484375
-0.0450286865234375 0.066925048828125 0.554656982421875 0.47430419921875
-0.0762557983398438 0.0135879516601563 0.1339111328125 0.8851318359375
0.0216026306152344 -0.0496253967285156 -0.24761962890625 0.59820556640625
0.0998077392578125 -0.0665512084960937 0.135246276855469 -0.00952911376953125
0.0287055969238281 -0.0513725280761719 0.26806640625 -0.6861572265625
-0.0308876037597656 0.0116500854492187 -0.36871337890625 -0.774658203125
-0.0227622985839844 0.0491065979003906 -0.74993896484375 -0.11004638671875
-0.0069122314453125 0.00979518890380859 -0.471588134765625 0.42095947265625
0.0139274597167969 -0.0421600341796875 -0.143035888671875 0.445526123046875
0.0236701965332031 -0.0619659423828125 0.116790771484375 0.213699340820313
0.0023345947265625 -0.0374984741210938 0.1944580078125 -0.0080108642578125
0.001739501953125 -0.0530204772949219 -0.1300048828125 -0.0453948974609375
0.0515823364257813 -0.0716781616210938 -0.025299072265625 -0.29254150390625
0.0287895202636719 -0.0642890930175781 0.212005615234375 -0.39019775390625
0.0118074417114258 0.00976371765136719 0.552154541015625 -0.195770263671875
-0.0431365966796875 0.0800857543945313 0.5970458984375 0.40362548828125
-0.0784835815429688 0.0281448364257813 0.20245361328125 0.8426513671875
0.0164031982421875 -0.0451736450195313 -0.215087890625 0.6004638671875
0.106178283691406 -0.0655975341796875 0.118171691894531 -0.001800537109375
0.0371437072753906 -0.049530029296875 0.31219482421875 -0.68206787109375
-0.0339298248291016 0.0154247283935547 -0.310791015625 -0.82904052734375
-0.0281333923339844 0.0550613403320313 -0.74322509765625 -0.18707275390625
-0.0128374099731445 0.00928878784179687 -0.492828369140625 0.380340576171875
0.0153350830078125 -0.0522270202636719 -0.161773681640625 0.434783935546875
0.0290679931640625 -0.0731735229492188 0.105270385742187 0.21783447265625
0.00228118896484375 -0.0422248840332031 0.19244384765625 -0.0090484619140625
-0.00475692749023438 0.00151205062866211 -0.131317138671875 -0.0476608276367188
0.0200119018554688 0.0461997985839844 -0.0195465087890625 -0.275894165039063
0.0374031066894531 0.0484390258789063 0.244903564453125 -0.38153076171875
0.0311622619628906 0.0290374755859375 0.57257080078125 -0.20123291015625
-0.0176353454589844 0.00762557983398437 0.5771484375 0.3895263671875
-0.0377731323242188 -0.0427474975585938 0.17059326171875 0.8165283203125
0.0175399780273438 -0.0465660095214844 -0.2413330078125 0.5687255859375
0.0484352111816406 -0.0324325561523438 0.114776611328125 -0.0218353271484375
0.0371246337890625 -0.0543899536132813 0.30035400390625 -0.702880859375
0.00530242919921875 -0.0552635192871094 -0.3187255859375 -0.8377685546875
-0.00474834442138672 -0.00766611099243164 -0.735595703125 -0.18634033203125
0.00716781616210937 0.0277080535888672 -0.470611572265625 0.376312255859375
0.0154800415039062 0.0444221496582031 -0.1414794921875 0.4398193359375
0.0122108459472656 0.0376815795898437 0.117050170898438 0.230621337890625
0.000927925109863281 0.0148077011108398 0.185760498046875 -0.00347900390625
-0.0068354606628418 -0.00383758544921875 -0.121658325195312 -0.0511703491210937
0.0168952941894531 0.0398139953613281 -0.006622314453125 -0.28375244140625
0.0321617126464844 0.0479812622070312 0.25390625 -0.368804931640625
0.0301380157470703 0.0340099334716797 0.56939697265625 -0.15264892578125
-0.0180187225341797 0.0115852355957031 0.5377197265625 0.457611083984375
-0.0355758666992188 -0.0443153381347656 0.10809326171875 0.85888671875
0.0214729309082031 -0.0478744506835937 -0.26556396484375 0.5697021484375
0.0530281066894531 -0.0381660461425781 0.127059936523438 -0.02545166015625
0.0323143005371094 -0.0579948425292969 0.2620849609375 -0.69873046875
-0.00281143188476563 -0.0512809753417969 -0.37261962890625 -0.78277587890625
-0.00861072540283203 -0.0061192512512207 -0.74530029296875 -0.1123046875
0.00931549072265625 0.0235366821289062 -0.4521484375 0.41485595703125
0.02178955078125 0.0361976623535156 -0.127471923828125 0.445587158203125
0.0154705047607422 0.0289154052734375 0.125198364257813 0.223861694335938
0.000668525695800781 0.00766515731811524 0.190277099609375 -0.0027618408203125
-0.00482654571533203 -0.0131034851074219 -0.116928100585938 -0.0551223754882813
0.0185909271240234 0.0272026062011719 0.00744628906249999 -0.29058837890625
0.0284843444824219 0.0355415344238281 0.258209228515625 -0.3568115234375
0.0274925231933594 0.0358047485351563 0.56463623046875 -0.1102294921875
-0.0194950103759766 0.0219573974609375 0.505706787109375 0.506317138671875
-0.0362586975097656 -0.0395698547363281 0.0598144531249999 0.8858642578125
0.0267410278320313 -0.0512962341308594 -0.28387451171875 0.5693359375
0.0579948425292969 -0.0429534912109375 0.138725280761719 -0.0258026123046875
0.0273170471191406 -0.0559310913085937 0.23486328125 -0.6915283203125
-0.0126457214355469 -0.041229248046875 -0.4110107421875 -0.7408447265625
-0.010777473449707 0.000406265258789064 -0.7447509765625 -0.0568237304687501
0.0082244873046875 0.0182723999023438 -0.435638427734375 0.44464111328125
0.0244674682617188 0.0219097137451172 -0.116729736328125 0.4522705078125
0.0189456939697266 0.0130043029785156 0.130722045898438 0.2191162109375
0.000335395336151123 0.000755488872528076 0.1947021484375 -0.0026397705078125
-0.00131034851074219 -0.0245285034179688 -0.112602233886719 -0.0562896728515625
0.0288333892822266 0.00387001037597656 0.00952148437500001 -0.295501708984375
0.0320816040039063 0.0166053771972656 0.26239013671875 -0.3594970703125
0.0241870880126953 0.0322933197021484 0.556732177734375 -0.09490966796875
-0.0272693634033203 0.0324172973632813 0.486785888671875 0.536224365234375
-0.0440597534179688 -0.0299453735351563 0.0333862304687501 0.9085693359375
0.0267906188964844 -0.0524520874023438 -0.2928466796875 0.57464599609375
0.0672073364257813 -0.0506591796875 0.145217895507812 -0.0257415771484375
0.0238265991210937 -0.056427001953125 0.2193603515625 -0.68865966796875
-0.0187664031982422 -0.0289249420166016 -0.42999267578125 -0.7171630859375
-0.0136909484863281 0.011042594909668 -0.7451171875 -0.0278930664062501
0.00607109069824219 0.0141124725341797 -0.428436279296875 0.463775634765625
0.0244426727294922 0.00494384765625 -0.11016845703125 0.4547119140625
0.0199966430664063 -0.00687026977539063 0.130889892578125 0.214828491210938
-0.000490188598632811 -0.0114850997924805 0.196807861328125 -0.00567626953125
0.00733184814453125 -0.0346050262451172 -0.106353759765625 -0.052734375
0.0342807769775391 -0.0177078247070313 0.0103759765625 -0.295745849609375
0.040863037109375 -0.00826644897460938 0.26123046875 -0.36151123046875
0.0241794586181641 0.0246257781982422 0.556060791015625 -0.0943603515625
-0.0362739562988281 0.0418243408203125 0.490570068359375 0.540313720703125
-0.0564346313476563 -0.0195732116699219 0.0375366210937499 0.90936279296875
0.0260047912597656 -0.0516586303710938 -0.29461669921875 0.5753173828125
0.0800857543945313 -0.0552520751953125 0.146820068359375 -0.01904296875
0.0236549377441406 -0.0540962219238281 0.2216796875 -0.681396484375
-0.0237388610839844 -0.0112285614013672 -0.43145751953125 -0.7109375
-0.0139217376708984 0.0246982574462891 -0.75048828125 -0.0252685546875
0.0020599365234375 0.0114326477050781 -0.434356689453125 0.463226318359375
0.0204067230224609 -0.0123939514160156 -0.11578369140625 0.4541015625
0.0176162719726563 -0.0273208618164063 0.126296997070313 0.214797973632813
-0.00329399108886719 -0.0255718231201172 0.190719604492188 -0.0067291259765625
0.00524520874023437 -0.0435829162597656 -0.113410949707031 -0.0500946044921875
0.0453834533691406 -0.0408744812011719 0.00354003906249999 -0.298583984375
0.0419540405273438 -0.0328826904296875 0.248504638671875 -0.36968994140625
0.0208549499511719 0.016510009765625 0.553955078125 -0.112335205078125
-0.0417900085449219 0.0536651611328125 0.511322021484375 0.52227783203125
-0.0668792724609375 -0.00467300415039064 0.070068359375 0.90509033203125
0.0239524841308594 -0.0514411926269531 -0.277099609375 0.584228515625
0.0897750854492188 -0.0608901977539062 0.142440795898438 -0.014556884765625
0.0252685546875 -0.0523910522460938 0.24102783203125 -0.680908203125
-0.0280876159667969 0.00105094909667969 -0.40570068359375 -0.73321533203125
-0.0174026489257812 0.0389175415039063 -0.75018310546875 -0.0554199218750001
-0.00210762023925781 0.0116806030273438 -0.44732666015625 0.44775390625
0.0159435272216797 -0.0288619995117188 -0.124847412109375 0.450469970703125
0.0200614929199219 -0.0466957092285156 0.122406005859375 0.21337890625
-0.000368118286132811 -0.0332221984863281 0.19244384765625 -0.0072784423828125
0.00244903564453125 -0.0523605346679688 -0.121604919433594 -0.0472564697265625
0.0529403686523438 -0.0595550537109375 -0.00888061523437501 -0.298736572265625
0.0360641479492188 -0.053802490234375 0.229583740234375 -0.3768310546875
0.0156564712524414 0.0105581283569336 0.55474853515625 -0.1436767578125
-0.0448265075683594 0.0679206848144531 0.54888916015625 0.47509765625
-0.0746383666992188 0.012847900390625 0.12701416015625 0.88409423828125
0.0201988220214844 -0.0482902526855469 -0.251220703125 0.59417724609375
0.0994338989257813 -0.0646514892578125 0.13287353515625 -0.00811767578125
0.0297927856445312 -0.0510902404785156 0.27288818359375 -0.6805419921875
-0.0309066772460938 0.010589599609375 -0.36480712890625 -0.77398681640625
-0.0227470397949219 0.0478401184082031 -0.74920654296875 -0.1138916015625
-0.00733470916748047 0.0102510452270508 -0.46929931640625 0.41796875
0.0147247314453125 -0.0428733825683594 -0.142333984375 0.4434814453125
0.022247314453125 -0.0616607666015625 0.116256713867187 0.21337890625
0.00140380859375 -0.0391921997070313 0.19549560546875 -0.00677490234375
0.001373291015625 -0.0528564453125 -0.129013061523438 -0.0457305908203125
0.052093505859375 -0.0706634521484375 -0.025421142578125 -0.291595458984375
0.0287017822265625 -0.063507080078125 0.2108154296875 -0.388031005859375
0.0118551254272461 0.00854873657226563 0.550628662109375 -0.190673828125
-0.0411148071289062 0.0780563354492187 0.593017578125 0.40692138671875
-0.079254150390625 0.0264511108398438 0.19708251953125 0.8409423828125
0.0163345336914062 -0.0457038879394531 -0.21929931640625 0.5972900390625
0.104698181152344 -0.0635833740234375 0.117584228515625 0.000564575195312496
0.0364875793457031 -0.0493507385253906 0.31256103515625 -0.6767578125
-0.0329475402832031 0.0155830383300781 -0.30487060546875 -0.827392578125
-0.0295143127441406 0.0529441833496094 -0.74169921875 -0.19073486328125
-0.0127906799316406 0.00863265991210938 -0.4931640625 0.376220703125
0.0140724182128906 -0.0521049499511719 -0.162322998046875 0.43255615234375
0.029022216796875 -0.0728302001953125 0.104782104492188 0.2164306640625
0.00421142578125 -0.042144775390625 0.190643310546875 -0.007049560546875
-0.00463962554931641 0.000917434692382812 -0.130264282226563 -0.048004150390625
0.0203323364257812 0.0462684631347656 -0.0194091796875 -0.275726318359375
0.0366477966308594 0.04986572265625 0.24554443359375 -0.38006591796875
0.0300674438476563 0.0292758941650391 0.572265625 -0.198486328125
-0.0175971984863281 0.00889205932617188 0.5753173828125 0.3917236328125
-0.036102294921875 -0.0434341430664062 0.1651611328125 0.81817626953125
0.016937255859375 -0.0471916198730469 -0.244873046875 0.56573486328125
0.047821044921875 -0.0314369201660156 0.113594055175781 -0.0211715698242188
0.0383682250976562 -0.0544853210449219 0.30364990234375 -0.69720458984375
0.00644683837890625 -0.0535392761230469 -0.31536865234375 -0.8389892578125
-0.00542926788330078 -0.00763797760009765 -0.7337646484375 -0.18829345703125
0.00562858581542969 0.0285682678222656 -0.471343994140625 0.37481689453125
0.0139350891113281 0.0447120666503906 -0.143829345703125 0.44000244140625
0.011627197265625 0.0378227233886719 0.115325927734375 0.230789184570312
2.47955322265624E-05 0.013981819152832 0.187057495117188 -0.0018310546875
-0.00676727294921875 -0.00341558456420899 -0.120735168457031 -0.0517196655273438
0.0160865783691406 0.0405349731445313 -0.0074462890625 -0.284942626953125
0.02923583984375 0.0479965209960938 0.2542724609375 -0.369232177734375
0.0282115936279297 0.0349636077880859 0.5689697265625 -0.14990234375
-0.0180511474609375 0.0129928588867188 0.534027099609375 0.46197509765625
-0.0347900390625 -0.0440750122070312 0.104736328125 0.8585205078125
0.0220680236816406 -0.0490341186523437 -0.27142333984375 0.5662841796875
0.0518379211425781 -0.0374336242675781 0.125869750976563 -0.0237045288085938
0.0317726135253906 -0.0578956604003906 0.2646484375 -0.6944580078125
-0.0019073486328125 -0.0511817932128906 -0.36834716796875 -0.7823486328125
-0.00727033615112305 -0.00683355331420899 -0.74359130859375 -0.1165771484375
0.00897598266601562 0.0211200714111328 -0.452056884765625 0.4140625
0.0220565795898438 0.0366859436035156 -0.129486083984375 0.4459228515625
0.0147171020507813 0.0297336578369141 0.12384033203125 0.223968505859375
4.0054321289062E-05 0.00830984115600586 0.19189453125 -0.0023345947265625
-0.00415897369384766 -0.0124301910400391 -0.117271423339844 -0.0561752319335938
0.0189247131347656 0.0258941650390625 0.00671386718749997 -0.29315185546875
0.0289344787597656 0.0352783203125 0.260162353515625 -0.35809326171875
0.02642822265625 0.0363922119140625 0.56414794921875 -0.10906982421875
-0.0198650360107422 0.0210456848144531 0.50177001953125 0.51007080078125
-0.0344085693359375 -0.0390472412109375 0.0552368164062499 0.8868408203125
0.0250587463378906 -0.0513725280761719 -0.2877197265625 0.56829833984375
0.0578384399414063 -0.0429916381835938 0.136772155761719 -0.0237274169921875
0.0267372131347656 -0.0564537048339844 0.2374267578125 -0.68963623046875
-0.0118865966796875 -0.0438652038574219 -0.4049072265625 -0.74267578125
-0.0108804702758789 0.000396728515624999 -0.743408203125 -0.06060791015625
0.00829315185546875 0.0173492431640625 -0.43902587890625 0.4434814453125
0.0246067047119141 0.022003173828125 -0.1168212890625 0.450836181640625
0.0170154571533203 0.0140171051025391 0.130752563476563 0.218612670898437
-0.000169128179550171 -0.000238358974456787 0.19598388671875 -0.002197265625
-0.000684738159179685 -0.0245170593261719 -0.113372802734375 -0.05792236328125
0.0294170379638672 0.00388145446777344 0.01055908203125 -0.2957763671875
0.0306663513183594 0.0166664123535156 0.2611083984375 -0.3594970703125
0.023651123046875 0.0329437255859375 0.557952880859375 -0.092742919921875
-0.0270614624023437 0.0308952331542969 0.484893798828125 0.539398193359375
-0.0427131652832031 -0.0296478271484375 0.0299072265625 0.91046142578125
0.0270309448242188 -0.0518951416015625 -0.29669189453125 0.5743408203125
0.0683403015136719 -0.0483322143554688 0.142745971679688 -0.022735595703125
0.0227928161621094 -0.0556297302246094 0.22332763671875 -0.68829345703125
-0.0186004638671875 -0.0287036895751953 -0.42657470703125 -0.71527099609375
-0.0131635665893555 0.011383056640625 -0.7445068359375 -0.0296020507812499
0.00607395172119141 0.0156631469726563 -0.428314208984375 0.459930419921875
0.0227928161621094 0.00492286682128906 -0.11090087890625 0.452728271484375
0.019134521484375 -0.00522994995117187 0.129623413085938 0.21624755859375
-0.000450134277343749 -0.0126714706420898 0.196487426757813 -0.0037078857421875
0.00848770141601562 -0.0352973937988281 -0.107498168945313 -0.0544967651367187
0.0349559783935547 -0.0167198181152344 0.010833740234375 -0.2957763671875
0.0400314331054688 -0.00733184814453125 0.26165771484375 -0.36065673828125
0.0234909057617188 0.0236301422119141 0.553985595703125 -0.090972900390625
-0.0363388061523437 0.0407905578613281 0.488861083984375 0.5423583984375
-0.0571327209472656 -0.0188827514648437 0.0308227539062499 0.9088134765625
0.0255393981933594 -0.0515594482421875 -0.29595947265625 0.57452392578125
0.0792312622070312 -0.0551071166992188 0.14556884765625 -0.0189208984375
0.024200439453125 -0.0539665222167969 0.22503662109375 -0.67816162109375
-0.0232448577880859 -0.0126304626464844 -0.426513671875 -0.70928955078125
-0.0142974853515625 0.024993896484375 -0.74761962890625 -0.0286865234374999
0.002197265625 0.0121517181396484 -0.434906005859375 0.4608154296875
0.01934814453125 -0.013702392578125 -0.11614990234375 0.453125
0.0164108276367188 -0.0276641845703125 0.126358032226563 0.21588134765625
-0.00198173522949219 -0.0245437622070313 0.191879272460938 -0.0060882568359375
0.00653457641601563 -0.0439910888671875 -0.112823486328125 -0.0522232055664062
0.0465202331542969 -0.0406303405761719 0.00350952148437499 -0.29888916015625
0.0415611267089844 -0.0324363708496094 0.249359130859375 -0.3681640625
0.02117919921875 0.0174751281738281 0.55303955078125 -0.107818603515625
-0.0419883728027344 0.0541343688964844 0.50958251953125 0.5240478515625
-0.0668220520019531 -0.00386047363281251 0.0647583007812499 0.90380859375
0.0239105224609375 -0.0515823364257813 -0.28155517578125 0.58331298828125
0.0899276733398438 -0.0593338012695313 0.141510009765625 -0.01336669921875
0.0253143310546875 -0.0524978637695313 0.24365234375 -0.67822265625
-0.0273380279541016 0.00127029418945312 -0.40338134765625 -0.73504638671875
-0.0181999206542969 0.0367584228515625 -0.74981689453125 -0.0587768554687499
-0.00287818908691406 0.0115833282470703 -0.449737548828125 0.44610595703125
0.0156650543212891 -0.0294361114501953 -0.126190185546875 0.44921875
0.0198860168457031 -0.0455169677734375 0.121719360351562 0.212814331054688
0.000175476074218751 -0.0339107513427734 0.192642211914062 -0.007843017578125
0.00318145751953125 -0.0507469177246094 -0.121665954589844 -0.0492019653320312
0.0539398193359375 -0.0593757629394531 -0.007080078125 -0.298583984375
0.0365409851074219 -0.0527305603027344 0.232147216796875 -0.37841796875
0.0154361724853516 0.0107498168945313 0.552398681640625 -0.140472412109375
-0.0434494018554687 0.0666999816894531 0.546539306640625 0.47845458984375
-0.073211669921875 0.0119247436523437 0.12371826171875 0.8831787109375
0.0206413269042969 -0.0472030639648438 -0.2552490234375 0.591064453125
0.098358154296875 -0.0627288818359375 0.131294250488281 -0.00774383544921875
0.0306282043457031 -0.0509262084960938 0.27484130859375 -0.6771240234375
-0.0320091247558594 0.0125389099121094 -0.36090087890625 -0.77447509765625
-0.0231094360351562 0.0476646423339844 -0.74615478515625 -0.11767578125
-0.00785923004150391 0.00978183746337891 -0.470855712890625 0.41717529296875
0.0124015808105469 -0.042327880859375 -0.144195556640625 0.443084716796875
0.0239067077636719 -0.0625267028808594 0.114242553710937 0.21356201171875
0.00174713134765625 -0.0397796630859375 0.194915771484375 -0.006591796875
0.00168991088867188 -0.0532379150390625 -0.129722595214844 -0.0466384887695313
0.051239013671875 -0.0697288513183594 -0.024627685546875 -0.29327392578125
0.02777099609375 -0.0624885559082031 0.212738037109375 -0.387176513671875
0.0119504928588867 0.0079030990600586 0.5517578125 -0.18798828125
-0.0411605834960938 0.0784378051757812 0.5919189453125 0.41064453125
-0.0778045654296875 0.0262451171875 0.19451904296875 0.84063720703125
0.0160636901855469 -0.0432357788085938 -0.22271728515625 0.594970703125
0.102668762207031 -0.0645599365234375 0.117019653320313 0.00191497802734375
0.0360527038574219 -0.0484619140625 0.31707763671875 -0.67108154296875
-0.0339202880859375 0.0168342590332031 -0.2998046875 -0.82904052734375
-0.0271339416503906 0.0534820556640625 -0.7391357421875 -0.1937255859375
-0.0131940841674805 0.00916957855224609 -0.492767333984375 0.372894287109375
0.0152549743652344 -0.05194091796875 -0.1632080078125 0.43145751953125
0.0279998779296875 -0.0736083984375 0.105255126953125 0.217498779296875
0.00368499755859375 -0.0435256958007813 0.192581176757813 -0.0065765380859375
-0.00588035583496094 -9.67979431152345E-05 -0.130790710449219 -0.0494232177734375
0.0193710327148438 0.0458564758300781 -0.0184173583984375 -0.277877807617188
0.0363845825195313 0.0502281188964844 0.247802734375 -0.378448486328125
0.0287437438964844 0.0308380126953125 0.572509765625 -0.1964111328125
-0.0183849334716797 0.00948715209960937 0.5740966796875 0.39642333984375
-0.0360527038574219 -0.0433425903320313 0.16375732421875 0.819580078125
0.0185279846191406 -0.0468330383300781 -0.2486572265625 0.5643310546875
0.0465164184570313 -0.0316162109375 0.112236022949219 -0.0200347900390625
0.0383453369140625 -0.053466796875 0.30633544921875 -0.69488525390625
0.0077667236328125 -0.0553932189941406 -0.31195068359375 -0.84075927734375
-0.00437021255493164 -0.00769186019897461 -0.73468017578125 -0.19134521484375
0.0050201416015625 0.0274848937988281 -0.473724365234375 0.372222900390625
0.0141372680664063 0.04595947265625 -0.14532470703125 0.440277099609375
0.01019287109375 0.0377693176269531 0.115570068359375 0.23297119140625
0.00120258331298828 0.0130176544189453 0.18878173828125 -0.000686645507812499
-0.00673389434814453 -0.00328254699707031 -0.123016357421875 -0.053680419921875
0.0156517028808594 0.03955078125 -0.00540161132812498 -0.285400390625
0.0301895141601562 0.0495948791503906 0.256561279296875 -0.364349365234375
0.0280818939208984 0.0333023071289063 0.57037353515625 -0.14556884765625
-0.0179500579833984 0.0127544403076172 0.53350830078125 0.464752197265625
-0.0327796936035156 -0.0436744689941406 0.100830078125 0.85986328125
0.0219612121582031 -0.0487289428710938 -0.27471923828125 0.56549072265625
0.0511283874511719 -0.03668212890625 0.126663208007813 -0.022979736328125
0.0331382751464844 -0.0558357238769531 0.26788330078125 -0.6923828125
-0.000324249267578123 -0.0517196655273438 -0.36444091796875 -0.78643798828125
-0.00723361968994141 -0.00591135025024414 -0.74188232421875 -0.12030029296875
0.00914382934570313 0.0234775543212891 -0.456207275390625 0.412994384765625
0.0208320617675781 0.0374755859375 -0.131988525390625 0.4464111328125
0.0148830413818359 0.0294837951660156 0.122268676757812 0.224945068359375
0.00178289413452148 0.00872230529785156 0.191909790039063 -0.0023193359375
-0.00376319885253906 -0.0125331878662109 -0.119880676269531 -0.057281494140625
0.0176200866699219 0.0259723663330078 0.00668334960937503 -0.292816162109375
0.0276107788085938 0.0364227294921875 0.259765625 -0.355621337890625
0.0262832641601562 0.0363426208496094 0.56439208984375 -0.10711669921875
-0.0214481353759766 0.0218124389648438 0.50006103515625 0.511444091796875
-0.0336799621582031 -0.0385818481445312 0.05230712890625 0.88934326171875
0.025634765625 -0.0517387390136719 -0.29266357421875 0.56585693359375
0.0570564270019531 -0.0427398681640625 0.136520385742188 -0.023223876953125
0.0280570983886719 -0.0555152893066406 0.2401123046875 -0.68768310546875
-0.011322021484375 -0.0421104431152344 -0.4031982421875 -0.742919921875
-0.00981044769287109 0.000775337219238283 -0.7457275390625 -0.0632934570312499
0.00905418395996094 0.0177803039550781 -0.4381103515625 0.44146728515625
0.0242691040039063 0.0234947204589844 -0.119110107421875 0.45135498046875
0.0170497894287109 0.0142250061035156 0.128402709960938 0.219619750976563
-3.21567058563232E-05 -0.000513285398483276 0.194778442382813 -0.003631591796875
-0.00356674194335938 -0.0238056182861328 -0.113914489746094 -0.0564651489257813
0.0281715393066406 0.00433731079101563 0.0111083984375 -0.29736328125
0.0312099456787109 0.0169315338134766 0.263580322265625 -0.359832763671875
0.0230731964111328 0.0329742431640625 0.557586669921875 -0.08905029296875
-0.0287761688232422 0.0321369171142578 0.48260498046875 0.542877197265625
-0.041290283203125 -0.0298881530761719 0.0249633789062499 0.90972900390625
0.0251655578613281 -0.0520401000976563 -0.3018798828125 0.57177734375
0.06671142578125 -0.0482864379882813 0.142578125 -0.0220184326171875
0.0247688293457031 -0.0549087524414063 0.225830078125 -0.68341064453125
-0.0188503265380859 -0.0286655426025391 -0.42266845703125 -0.71795654296875
-0.013096809387207 0.0103864669799805 -0.74609375 -0.03387451171875
0.00686454772949219 0.0152149200439453 -0.43182373046875 0.45941162109375
0.0217266082763672 0.0056915283203125 -0.11346435546875 0.45562744140625
0.0179157257080078 -0.00499916076660156 0.12957763671875 0.215621948242187
-0.000406265258789064 -0.0119094848632813 0.19775390625 -0.0042572021484375
0.0072174072265625 -0.0353050231933594 -0.108482360839844 -0.056060791015625
0.0358314514160156 -0.0191764831542969 0.01153564453125 -0.29754638671875
0.0397987365722656 -0.00885009765625 0.26409912109375 -0.36126708984375
0.0222492218017578 0.0256175994873047 0.55517578125 -0.0887451171875
-0.0361824035644531 0.0414085388183594 0.48504638671875 0.546478271484375
-0.0544586181640625 -0.0187911987304688 0.0260009765625 0.910888671875
0.0258712768554687 -0.0512542724609375 -0.302001953125 0.57232666015625
0.0788955688476563 -0.0534439086914063 0.14447021484375 -0.01654052734375
0.0239753723144531 -0.0527076721191406 0.22802734375 -0.67718505859375
-0.0238418579101563 -0.0124931335449219 -0.42095947265625 -0.71234130859375
-0.0143318176269531 0.0237941741943359 -0.75091552734375 -0.0324707031249999
0.00293064117431641 0.0128030776977539 -0.437042236328125 0.4593505859375
0.0191612243652344 -0.0112628936767578 -0.120147705078125 0.453857421875
0.0162696838378906 -0.0271224975585937 0.126358032226563 0.2166748046875
-0.00227546691894532 -0.0251750946044922 0.191665649414062 -0.007110595703125
0.00644302368164062 -0.0424041748046875 -0.113853454589844 -0.05340576171875
0.0458335876464844 -0.0403556823730469 0.00585937500000003 -0.298919677734375
0.0420265197753906 -0.0323715209960938 0.250457763671875 -0.36712646484375
0.0206966400146484 0.0157527923583984 0.554534912109375 -0.106964111328125
-0.0426559448242188 0.0538597106933594 0.50775146484375 0.5286865234375
-0.0649147033691406 -0.00398254394531251 0.0595703125 0.905029296875
0.0230484008789063 -0.0510292053222656 -0.28509521484375 0.5816650390625
0.089263916015625 -0.0586395263671875 0.140792846679688 -0.0118408203125
0.0259246826171875 -0.0519638061523438 0.24755859375 -0.67584228515625
-0.0273799896240234 0.00177574157714843 -0.39923095703125 -0.73553466796875
-0.0186424255371094 0.0369300842285156 -0.7501220703125 -0.0610351562499999
-0.00304985046386719 0.0111789703369141 -0.450897216796875 0.44427490234375
0.0159931182861328 -0.027008056640625 -0.130157470703125 0.45025634765625
0.0196990966796875 -0.0455551147460937 0.1212158203125 0.214828491210938
-0.000911712646484377 -0.0338020324707031 0.19451904296875 -0.0067901611328125
0.00377273559570312 -0.0511360168457031 -0.122238159179688 -0.051116943359375
0.0540008544921875 -0.060455322265625 -0.00851440429687501 -0.300750732421875
0.0354080200195313 -0.0530128479003906 0.23309326171875 -0.376983642578125
0.0148038864135742 0.00953960418701172 0.554931640625 -0.1402587890625
-0.0441780090332031 0.0682487487792969 0.546722412109375 0.482818603515625
-0.0729522705078125 0.01300048828125 0.11859130859375 0.88653564453125
0.0203742980957031 -0.0474090576171875 -0.25946044921875 0.58941650390625
0.0985031127929687 -0.0619888305664062 0.130088806152344 -0.006195068359375
0.0314521789550781 -0.0494766235351562 0.27984619140625 -0.67559814453125
-0.0294036865234375 0.0111865997314453 -0.35784912109375 -0.7764892578125
-0.0220146179199219 0.0479087829589844 -0.74859619140625 -0.11956787109375
-0.00824546813964843 0.0104179382324219 -0.473876953125 0.415496826171875
0.0137214660644531 -0.041259765625 -0.144927978515625 0.442169189453125
0.0221710205078125 -0.0610694885253906 0.114181518554688 0.214157104492187
0.000965118408203124 -0.0390396118164063 0.195449829101562 -0.007415771484375
0.0018463134765625 -0.0531883239746094 -0.129661560058594 -0.046295166015625
0.05230712890625 -0.07080078125 -0.02392578125 -0.293365478515625
0.0293731689453125 -0.0634994506835938 0.215087890625 -0.385833740234375
0.0124139785766602 0.00916767120361328 0.552703857421875 -0.1864013671875
-0.041351318359375 0.07757568359375 0.5889892578125 0.414306640625
-0.0760574340820313 0.0265655517578125 0.19158935546875 0.8446044921875
0.0158424377441406 -0.0442886352539063 -0.22821044921875 0.5926513671875
0.104507446289063 -0.0637435913085938 0.115287780761719 0.0020904541015625
0.0382804870605469 -0.0469474792480469 0.3211669921875 -0.66790771484375
-0.0320014953613281 0.0160789489746094 -0.29559326171875 -0.82763671875
-0.0301361083984375 0.051971435546875 -0.739990234375 -0.19708251953125
-0.0136985778808594 0.00833702087402344 -0.495452880859375 0.37164306640625
0.0153007507324219 -0.0528106689453125 -0.164306640625 0.430511474609375
0.0293045043945313 -0.0726547241210938 0.1024169921875 0.218170166015625
0.00407028198242187 -0.0443191528320313 0.192672729492188 -0.0068359375
-0.00533246994018555 0.000803947448730469 -0.131607055664063 -0.0496826171875
0.0163688659667969 0.0449104309082031 -0.019989013671875 -0.279067993164063
0.0364952087402344 0.0498313903808594 0.249969482421875 -0.37841796875
0.0305576324462891 0.0301532745361328 0.5758056640625 -0.19525146484375
-0.0181045532226563 0.00895309448242188 0.57403564453125 0.40191650390625
-0.0347900390625 -0.0434226989746094 0.1600341796875 0.82403564453125
0.0174102783203125 -0.0478744506835938 -0.25408935546875 0.56591796875
0.047454833984375 -0.0327682495117188 0.112930297851563 -0.0189971923828125
0.0397453308105469 -0.0547981262207031 0.31011962890625 -0.69439697265625
0.00757980346679687 -0.0563087463378906 -0.30841064453125 -0.8441162109375
-0.0027012825012207 -0.00821876525878906 -0.73504638671875 -0.197021484375
0.00539779663085938 0.0289726257324219 -0.47528076171875 0.373291015625
0.0140266418457031 0.0479354858398438 -0.14666748046875 0.440948486328125
0.0087432861328125 0.0377464294433594 0.115615844726563 0.234222412109375
0.000826835632324217 0.0131893157958984 0.189346313476563 -0.000625610351562499
-0.00591278076171875 -0.00308132171630859 -0.123245239257813 -0.05560302734375
0.0171012878417969 0.0394973754882813 -0.00720214843749999 -0.28594970703125
0.0307235717773438 0.0476188659667969 0.258392333984375 -0.365875244140625
0.0298194885253906 0.0370864868164063 0.57379150390625 -0.14398193359375
-0.0180778503417969 0.0127906799316406 0.535552978515625 0.468902587890625
-0.0308570861816406 -0.0436553955078125 0.0968017578125001 0.8631591796875
0.0207977294921875 -0.0472869873046875 -0.27923583984375 0.56658935546875
0.0526580810546875 -0.0351142883300781 0.124366760253906 -0.022491455078125
0.0340614318847656 -0.0570144653320313 0.27215576171875 -0.6904296875
0.00113296508789063 -0.0528602600097656 -0.36279296875 -0.7879638671875
-0.00749015808105469 -0.00723934173583984 -0.74346923828125 -0.12298583984375
0.00981903076171875 0.0230255126953125 -0.458465576171875 0.411712646484375
0.0180473327636719 0.0362815856933594 -0.133331298828125 0.446502685546875
0.0135040283203125 0.0295333862304687 0.12042236328125 0.227493286132813
0.0012812614440918 0.00782918930053711 0.191192626953125 -0.0009918212890625
-0.00448226928710937 -0.0108613967895508 -0.121803283691406 -0.0604400634765625
0.0192165374755859 0.0261726379394531 0.00585937500000002 -0.293701171875
0.0274429321289063 0.0375022888183594 0.261688232421875 -0.356689453125
0.0252761840820313 0.0392951965332031 0.56878662109375 -0.10186767578125
-0.0213088989257813 0.0227508544921875 0.501922607421875 0.518402099609375
-0.0323295593261719 -0.0383758544921875 0.0484008789062501 0.89349365234375
0.0261192321777344 -0.0511550903320313 -0.29742431640625 0.568115234375
0.055511474609375 -0.0426597595214844 0.138023376464844 -0.0228195190429688
0.026763916015625 -0.0562019348144531 0.2467041015625 -0.68603515625
-0.0110244750976563 -0.0400199890136719 -0.40240478515625 -0.7474365234375
-0.00998973846435547 -0.000716209411621095 -0.74639892578125 -0.0648193359374999
0.00909137725830078 0.0175580978393555 -0.44073486328125 0.441680908203125
0.0228366851806641 0.0232009887695313 -0.118896484375 0.453094482421875
0.0173501968383789 0.0151548385620117 0.128219604492188 0.22137451171875
-0.0011979341506958 -0.00117027759552002 0.197280883789063 -0.0030670166015625
-0.00402069091796875 -0.024169921875 -0.115501403808594 -0.06036376953125
0.0288467407226563 0.0044403076171875 0.010833740234375 -0.2989501953125
0.0313205718994141 0.0187358856201172 0.267120361328125 -0.356658935546875
0.0219097137451172 0.032379150390625 0.560577392578125 -0.086639404296875
-0.0280475616455078 0.0325736999511719 0.48272705078125 0.54913330078125
-0.0404090881347656 -0.0293083190917969 0.0206298828125 0.91400146484375
0.0259284973144531 -0.0511856079101563 -0.3043212890625 0.57305908203125
0.0671768188476563 -0.0484619140625 0.143295288085938 -0.02294921875
0.0247840881347656 -0.0551223754882813 0.23114013671875 -0.68109130859375
-0.0185604095458984 -0.0275764465332031 -0.42034912109375 -0.72076416015625
-0.0128002166748047 0.0120439529418945 -0.74810791015625 -0.0369873046875002
0.00721836090087891 0.0154600143432617 -0.435394287109375 0.45770263671875
0.0206146240234375 0.00756454467773437 -0.11572265625 0.455657958984375
0.0190372467041016 -0.00727081298828125 0.129013061523438 0.219024658203125
-0.000152587890624999 -0.0122852325439453 0.198684692382813 -0.004486083984375
0.007110595703125 -0.035675048828125 -0.109130859375 -0.0568313598632812
0.0351829528808594 -0.0171775817871094 0.012481689453125 -0.299072265625
0.0394439697265625 -0.0062408447265625 0.267181396484375 -0.36175537109375
0.0220317840576172 0.0248451232910156 0.5579833984375 -0.085174560546875
-0.0366935729980469 0.0419845581054688 0.4854736328125 0.552764892578125
-0.0530738830566406 -0.0180702209472656 0.02154541015625 0.9149169921875
0.0267486572265625 -0.0514144897460938 -0.30670166015625 0.57354736328125
0.0790557861328125 -0.055084228515625 0.1455078125 -0.015869140625
0.0240249633789063 -0.0526771545410156 0.23236083984375 -0.6778564453125
-0.0237083435058594 -0.0109100341796875 -0.423095703125 -0.71551513671875
-0.0138454437255859 0.0242576599121094 -0.75213623046875 -0.0350952148437501
0.000425338745117187 0.0115175247192383 -0.439056396484375 0.459075927734375
0.0196781158447266 -0.0110931396484375 -0.120941162109375 0.456329345703125
0.0168380737304687 -0.0268650054931641 0.12408447265625 0.21759033203125
-0.00234031677246093 -0.0273933410644531 0.194229125976562 -0.0057830810546875
0.0048370361328125 -0.0427322387695313 -0.114677429199219 -0.0530624389648438
0.0454750061035156 -0.0397109985351563 0.00570678710937503 -0.30096435546875
0.0417251586914063 -0.0327301025390625 0.25250244140625 -0.3670654296875
0.0193309783935547 0.0153007507324219 0.558013916015625 -0.10400390625
-0.0416259765625 0.0541458129882813 0.509735107421875 0.534881591796875
-0.064727783203125 -0.00376510620117189 0.0570068359375001 0.91058349609375
0.0248260498046875 -0.04937744140625 -0.2899169921875 0.581787109375
0.0897445678710938 -0.0590591430664063 0.140357971191406 -0.0110931396484375
0.0258293151855469 -0.0505409240722656 0.25213623046875 -0.67486572265625
-0.0258655548095703 0.00273704528808594 -0.39605712890625 -0.73870849609375
-0.0181694030761719 0.0379753112792969 -0.7530517578125 -0.0645751953125001
-0.00304889678955078 0.0119972229003906 -0.4527587890625 0.443695068359375
0.0162525177001953 -0.0287551879882812 -0.131805419921875 0.452178955078125
0.0197525024414062 -0.046295166015625 0.11993408203125 0.215225219726563
0.000490188598632814 -0.0331764221191406 0.1951904296875 -0.006744384765625
0.00119781494140625 -0.0493087768554688 -0.122978210449219 -0.050445556640625
0.0533599853515625 -0.058868408203125 -0.00790405273437502 -0.30181884765625
0.0356025695800781 -0.0541572570800781 0.233856201171875 -0.377044677734375
0.0153388977050781 0.0106372833251953 0.554840087890625 -0.13763427734375
-0.0456161499023438 0.0684776306152344 0.5474853515625 0.486419677734375
-0.0739517211914062 0.0124435424804687 0.11566162109375 0.888916015625
0.02093505859375 -0.0485076904296875 -0.2623291015625 0.591552734375
0.0977783203125 -0.0621337890625 0.129547119140625 -0.00490570068359375
0.0310897827148438 -0.0492172241210938 0.282958984375 -0.6739501953125
-0.0298099517822266 0.0114498138427734 -0.3555908203125 -0.779296875
-0.0233535766601562 0.0460014343261719 -0.75018310546875 -0.12261962890625
-0.00963211059570313 0.0112619400024414 -0.47509765625 0.416290283203125
0.0119476318359375 -0.0431060791015625 -0.148345947265625 0.4429931640625
0.0216217041015625 -0.0647048950195313 0.11297607421875 0.215286254882813
0.00183486938476563 -0.0410232543945313 0.196182250976563 -0.007659912109375
0.000732421874999998 -0.0527915954589844 -0.131423950195313 -0.0482177734375
0.0523452758789062 -0.0699386596679687 -0.023193359375 -0.295074462890625
0.0295753479003906 -0.0648918151855469 0.215850830078125 -0.386077880859375
0.0121698379516602 0.00787544250488281 0.55694580078125 -0.182891845703125
-0.0434646606445313 0.0778350830078125 0.589599609375 0.416259765625
-0.0754470825195313 0.0282363891601563 0.18658447265625 0.847900390625
0.0166893005371094 -0.0447425842285156 -0.2325439453125 0.59344482421875
0.103668212890625 -0.0643234252929688 0.1142578125 0.0031585693359375
0.0378952026367188 -0.0470123291015625 0.3267822265625 -0.6693115234375
-0.0313129425048828 0.0163631439208984 -0.2926025390625 -0.83087158203125
-0.0294418334960937 0.0535354614257813 -0.74078369140625 -0.20257568359375
-0.0139760971069336 0.00778007507324219 -0.497894287109375 0.37139892578125
0.0142631530761719 -0.0519332885742188 -0.1663818359375 0.4317626953125
0.0310287475585938 -0.075164794921875 0.10369873046875 0.219070434570313
0.004364013671875 -0.0441093444824219 0.194488525390625 -0.0079803466796875
-0.00582408905029297 0.00155210494995117 -0.133346557617188 -0.0508651733398438
0.0173149108886719 0.0484962463378906 -0.01800537109375 -0.281524658203125
0.036468505859375 0.0527725219726563 0.250213623046875 -0.380218505859375
0.0286750793457031 0.0302543640136719 0.57940673828125 -0.192626953125
-0.0177021026611328 0.00885963439941406 0.5765380859375 0.40789794921875
-0.033355712890625 -0.0426750183105469 0.15802001953125 0.82769775390625
0.0187454223632813 -0.0478515625 -0.25872802734375 0.56817626953125
0.0460243225097656 -0.0306015014648438 0.111465454101563 -0.0184326171875
0.0399284362792969 -0.0543937683105469 0.315185546875 -0.6942138671875
0.00733184814453124 -0.0543670654296875 -0.3067626953125 -0.84906005859375
-0.00425243377685547 -0.00970649719238281 -0.739013671875 -0.20001220703125
0.00518035888671875 0.0277366638183594 -0.48046875 0.372802734375
0.0128440856933594 0.0459098815917969 -0.15093994140625 0.443511962890625
0.00888442993164062 0.0383262634277344 0.115341186523437 0.2366943359375
0.000386238098144533 0.012141227722168 0.190505981445312 -0.00140380859375
-0.00774669647216797 -0.00480842590332031 -0.125152587890625 -0.055999755859375
0.0142745971679687 0.0405540466308594 -0.00650024414062497 -0.288787841796875
0.0310897827148437 0.0497856140136719 0.259765625 -0.36773681640625
0.0268936157226563 0.0354995727539063 0.57672119140625 -0.14312744140625
-0.0179424285888672 0.0130157470703125 0.53668212890625 0.475341796875
-0.0314140319824219 -0.0424575805664063 0.09356689453125 0.87213134765625
0.0226898193359375 -0.0505790710449219 -0.28436279296875 0.56884765625
0.0500259399414062 -0.0367546081542969 0.123527526855469 -0.02093505859375
0.0329208374023438 -0.0569877624511719 0.27642822265625 -0.69317626953125
-0.00157546997070313 -0.0517311096191406 -0.361328125 -0.7960205078125
-0.00689315795898438 -0.00741052627563477 -0.74786376953125 -0.12579345703125
0.00855064392089844 0.0239067077636719 -0.460906982421875 0.413360595703125
0.0187873840332031 0.0379142761230469 -0.134552001953125 0.448883056640625
0.0125999450683594 0.0296764373779297 0.121673583984375 0.228927612304688
0.000159740447998047 0.00707817077636719 0.19464111328125 -0.0023651123046875
-0.00470542907714844 -0.0126190185546875 -0.12103271484375 -0.0600204467773437
0.0177421569824219 0.0276470184326172 0.00741577148437498 -0.297637939453125
0.028289794921875 0.0373725891113281 0.2645263671875 -0.359222412109375
0.024322509765625 0.035186767578125 0.5712890625 -0.10321044921875
-0.0206432342529297 0.02276611328125 0.5010986328125 0.52508544921875
-0.0322685241699219 -0.0374183654785156 0.044189453125 0.8980712890625
0.0256118774414063 -0.0517463684082031 -0.30218505859375 0.5679931640625
0.0561599731445313 -0.0419197082519531 0.13543701171875 -0.0200119018554688
0.0288887023925781 -0.0563697814941406 0.24981689453125 -0.687744140625
-0.010711669921875 -0.0416908264160156 -0.40155029296875 -0.75250244140625
-0.0105075836181641 -0.000510215759277342 -0.74810791015625 -0.0682373046875
0.0071258544921875 0.0188083648681641 -0.445648193359375 0.443206787109375
0.0223255157470703 0.0238494873046875 -0.121490478515625 0.457275390625
0.0165252685546875 0.0145692825317383 0.126495361328125 0.223358154296875
-0.00125253200531006 -0.000924229621887207 0.198776245117188 -0.0024261474609375
-0.00296401977539063 -0.0230312347412109 -0.115745544433594 -0.0596923828125
0.0282993316650391 0.00440788269042969 0.012481689453125 -0.299163818359375
0.0312843322753906 0.0175933837890625 0.26763916015625 -0.359283447265625
0.0223941802978516 0.0328235626220703 0.563720703125 -0.084716796875
-0.0272216796875 0.0324516296386719 0.483978271484375 0.5543212890625
-0.0409088134765625 -0.0292129516601563 0.0177001953125 0.919921875
0.0256729125976563 -0.0518875122070312 -0.30963134765625 0.5738525390625
0.0662040710449219 -0.0474967956542969 0.141983032226563 -0.0193328857421875
0.0252418518066406 -0.0559120178222656 0.23443603515625 -0.68414306640625
-0.0182418823242187 -0.0277595520019531 -0.42022705078125 -0.72698974609375
-0.0128364562988281 0.0101127624511719 -0.75323486328125 -0.0378417968749999
0.00668811798095703 0.0144662857055664 -0.4375 0.461151123046875
0.0207042694091797 0.00670242309570313 -0.116424560546875 0.460113525390625
0.0181941986083984 -0.00746345520019531 0.128738403320313 0.21923828125
-0.00100612640380859 -0.0131416320800781 0.199493408203125 -0.004791259765625
0.00612258911132812 -0.0354881286621094 -0.11016845703125 -0.0584030151367188
0.0354156494140625 -0.0181922912597656 0.013916015625 -0.29986572265625
0.0392379760742188 -0.00810623168945313 0.26861572265625 -0.361480712890625
0.0230522155761719 0.0251731872558594 0.561798095703125 -0.084930419921875
-0.0355758666992187 0.0426254272460938 0.487091064453125 0.55792236328125
-0.0529251098632813 -0.0168571472167969 0.0194091796875 0.92059326171875
0.025299072265625 -0.0512237548828125 -0.31121826171875 0.57611083984375
0.0795364379882813 -0.0537872314453125 0.14385986328125 -0.0156097412109375
0.0250129699707031 -0.0535354614257813 0.23675537109375 -0.67694091796875
-0.0228328704833984 -0.0119400024414063 -0.4200439453125 -0.720703125
-0.0135917663574219 0.0247669219970703 -0.75604248046875 -0.0350952148437501
0.00136852264404297 0.0131254196166992 -0.442779541015625 0.46087646484375
0.017913818359375 -0.0107021331787109 -0.12127685546875 0.45831298828125
0.0161705017089844 -0.0269069671630859 0.12493896484375 0.218963623046875
-0.00299263000488281 -0.0272884368896484 0.195159912109375 -0.0057373046875
0.00520706176757812 -0.04400634765625 -0.116561889648438 -0.0554580688476562
0.0471534729003906 -0.041351318359375 0.00640869140625001 -0.303253173828125
0.0422706604003906 -0.0326728820800781 0.25531005859375 -0.36920166015625
0.0183963775634766 0.0151996612548828 0.559906005859375 -0.10284423828125
-0.04248046875 0.0533828735351563 0.5107421875 0.537567138671875
-0.0644378662109375 -0.00342941284179687 0.0544433593749999 0.91632080078125
0.0234642028808594 -0.0499954223632813 -0.2939453125 0.5833740234375
0.0891342163085938 -0.0574798583984375 0.139556884765625 -0.0110244750976563
0.026275634765625 -0.0513229370117188 0.2545166015625 -0.676025390625
-0.0261688232421875 0.000913619995117192 -0.3951416015625 -0.74456787109375
-0.0177421569824219 0.0365562438964844 -0.7557373046875 -0.0676269531249999
-0.00315570831298828 0.0114774703979492 -0.45733642578125 0.445709228515625
0.0160732269287109 -0.0280075073242188 -0.132568359375 0.454742431640625
0.0193443298339844 -0.0473289489746094 0.1204833984375 0.2177734375
0.00127792358398437 -0.0346622467041016 0.196014404296875 -0.0061798095703125
0.000732421875000006 -0.0509757995605469 -0.125045776367188 -0.0519866943359375
0.0549125671386719 -0.0611381530761719 -0.00747680664062497 -0.30279541015625
0.0365028381347656 -0.0536842346191406 0.23577880859375 -0.3787841796875
0.0151281356811523 0.00921630859375 0.561920166015625 -0.137481689453125
-0.0447807312011719 0.0678443908691406 0.549530029296875 0.492401123046875
-0.0720367431640625 0.0120620727539062 0.11407470703125 0.89483642578125
0.0198020935058594 -0.0475692749023438 -0.267822265625 0.59307861328125
0.0990066528320313 -0.0631179809570313 0.130058288574219 -0.00405120849609375
0.032806396484375 -0.0503273010253906 0.28662109375 -0.67626953125
-0.0297031402587891 0.0120010375976563 -0.3519287109375 -0.78521728515625
-0.0228843688964844 0.0477180480957031 -0.754150390625 -0.12738037109375
-0.00853443145751953 0.00980854034423828 -0.479156494140625 0.415679931640625
0.013519287109375 -0.0430183410644531 -0.150482177734375 0.4456787109375
0.0233268737792969 -0.062164306640625 0.111770629882813 0.217193603515625
0.002227783203125 -0.0419044494628906 0.198501586914062 -0.0072784423828125
0.000579833984375001 -0.0539932250976563 -0.133193969726563 -0.0485458374023438
0.0523681640625 -0.0713424682617188 -0.022918701171875 -0.297027587890625
0.0298843383789063 -0.0648841857910156 0.2186279296875 -0.38726806640625
0.0105991363525391 0.00825881958007812 0.561431884765625 -0.183624267578125
-0.0419082641601563 0.0791397094726562 0.59405517578125 0.423583984375
-0.0750350952148438 0.028167724609375 0.1866455078125 0.85321044921875
0.0159072875976563 -0.0437126159667969 -0.23358154296875 0.59521484375
0.104942321777344 -0.0624008178710938 0.114822387695313 0.00492095947265625
0.0386123657226563 -0.0482444763183594 0.32830810546875 -0.6676025390625
-0.0317897796630859 0.0172214508056641 -0.2900390625 -0.83697509765625
-0.0298004150390625 0.0526580810546875 -0.7447509765625 -0.20379638671875
-0.0147905349731445 0.00896358489990234 -0.501861572265625 0.3714599609375
0.0136909484863281 -0.0512466430664063 -0.1680908203125 0.433929443359375
0.0294570922851562 -0.0730972290039063 0.1015625 0.22027587890625
0.0041046142578125 -0.0443954467773438 0.194869995117188 -0.006256103515625
-0.00668668746948242 0.000169754028320312 -0.135566711425781 -0.0521087646484375
0.0172157287597656 0.0487861633300781 -0.02001953125 -0.28253173828125
0.0361747741699219 0.0515785217285156 0.25274658203125 -0.382965087890625
0.0279712677001953 0.0294933319091797 0.58367919921875 -0.19512939453125
-0.0179653167724609 0.00925636291503906 0.5809326171875 0.4119873046875
-0.0341339111328125 -0.0406761169433594 0.15789794921875 0.8369140625
0.0162467956542969 -0.0476722717285156 -0.26287841796875 0.5718994140625
0.0467643737792969 -0.0311546325683594 0.111602783203125 -0.01837158203125
0.0409698486328125 -0.0536613464355469 0.31829833984375 -0.697509765625
0.00817108154296875 -0.0552291870117188 -0.308837890625 -0.85614013671875
-0.00442981719970703 -0.0086979866027832 -0.7451171875 -0.20257568359375
0.00577163696289063 0.0281257629394531 -0.483642578125 0.375152587890625
0.0116729736328125 0.048095703125 -0.1505126953125 0.44744873046875
0.00783920288085938 0.038909912109375 0.115463256835938 0.23870849609375
-0.000784873962402344 0.0118303298950195 0.19305419921875 -0.0010986328125
-0.00760269165039062 -0.00359869003295899 -0.126304626464844 -0.0569076538085937
0.0158042907714844 0.0404319763183594 -0.00729370117187501 -0.291015625
0.0293693542480469 0.0499725341796875 0.262054443359375 -0.37139892578125
0.0278472900390625 0.0355110168457031 0.58062744140625 -0.1436767578125
-0.0173521041870117 0.0141754150390625 0.540802001953125 0.479705810546875
-0.0294189453125 -0.0423088073730469 0.09320068359375 0.876220703125
0.0211105346679688 -0.0480117797851563 -0.28912353515625 0.5709228515625
0.0500907897949219 -0.0356636047363281 0.124336242675781 -0.0208740234375
0.0339698791503906 -0.0589256286621094 0.28094482421875 -0.69635009765625
2.28881835937536E-05 -0.0530357360839844 -0.36224365234375 -0.80206298828125
-0.00675582885742188 -0.00881290435791015 -0.7547607421875 -0.12823486328125
0.009033203125 0.024139404296875 -0.465362548828125 0.4156494140625
0.0182876586914063 0.0393142700195313 -0.13800048828125 0.45379638671875
0.0130462646484375 0.0304603576660156 0.122848510742188 0.231063842773437
-0.000153541564941406 0.00653648376464844 0.197906494140625 -0.00115966796875
-0.00396633148193359 -0.0122880935668945 -0.122329711914063 -0.0616073608398437
0.0174694061279297 0.0263652801513672 0.005096435546875 -0.299652099609375
0.0273780822753906 0.0360221862792969 0.2666015625 -0.36004638671875
0.025238037109375 0.0376167297363281 0.5751953125 -0.1025390625
-0.0200233459472656 0.0225009918212891 0.50396728515625 0.530517578125
-0.0324821472167969 -0.0385627746582031 0.04339599609375 0.9046630859375
0.0253219604492188 -0.0506134033203125 -0.30670166015625 0.57305908203125
0.0544929504394531 -0.0418663024902344 0.136756896972656 -0.0214614868164063
0.028900146484375 -0.0569305419921875 0.2518310546875 -0.691650390625
-0.0075836181640625 -0.041656494140625 -0.4027099609375 -0.75628662109375
-0.0101108551025391 0.000133514404296874 -0.7567138671875 -0.0704345703124999
0.00818824768066406 0.0191650390625 -0.449310302734375 0.447174072265625
0.0222396850585938 0.02313232421875 -0.121673583984375 0.4600830078125
0.015594482421875 0.0138978958129883 0.130035400390625 0.225112915039062
-0.00121438503265381 -0.00194072723388672 0.201202392578125 -0.0036773681640625
-0.00325202941894531 -0.0236186981201172 -0.118522644042969 -0.0612335205078125
0.0300064086914063 0.00308036804199219 0.011260986328125 -0.302734375
0.0312900543212891 0.0169029235839844 0.270172119140625 -0.359954833984375
0.0225944519042969 0.0344924926757812 0.567138671875 -0.08660888671875
-0.0282688140869141 0.0323009490966797 0.48699951171875 0.56097412109375
-0.0401077270507813 -0.0293083190917969 0.01763916015625 0.927734375
0.0264129638671875 -0.0515708923339844 -0.3154296875 0.57666015625
0.0649795532226563 -0.0493392944335937 0.1446533203125 -0.01947021484375
0.0251541137695313 -0.0556907653808594 0.2381591796875 -0.68804931640625
-0.0172348022460938 -0.0278472900390625 -0.42236328125 -0.73187255859375
-0.0129222869873047 0.0111780166625977 -0.76025390625 -0.0413818359375001
0.004974365234375 0.01507568359375 -0.441680908203125 0.46356201171875
0.0220317840576172 0.0074310302734375 -0.1171875 0.46209716796875
0.0173797607421875 -0.00595760345458984 0.129119873046875 0.221145629882812
-0.000947952270507812 -0.0137453079223633 0.2027587890625 -0.0052947998046875
0.0059051513671875 -0.0352020263671875 -0.11309814453125 -0.06005859375
0.0344963073730469 -0.0176315307617188 0.013397216796875 -0.30340576171875
0.0393180847167969 -0.00807571411132813 0.27130126953125 -0.3643798828125
0.0219764709472656 0.0252227783203125 0.56622314453125 -0.08453369140625
-0.0371856689453125 0.0425567626953125 0.4891357421875 0.56396484375
-0.0527915954589844 -0.0167427062988281 0.0172729492187501 0.92767333984375
0.0254325866699219 -0.05084228515625 -0.31683349609375 0.5765380859375
0.07733154296875 -0.0540313720703125 0.143646240234375 -0.0142669677734375
0.0259056091308594 -0.05303955078125 0.2413330078125 -0.68023681640625
-0.0222969055175781 -0.0129833221435547 -0.42230224609375 -0.72686767578125
-0.0165653228759766 0.0244674682617188 -0.760986328125 -0.0374145507812502
0.00199508666992188 0.0122547149658203 -0.4468994140625 0.463653564453125
0.0189285278320312 -0.0109519958496094 -0.122650146484375 0.462158203125
0.0144577026367188 -0.0282516479492188 0.125579833984375 0.221878051757813
-0.00238227844238281 -0.0277862548828125 0.197067260742187 -0.00579833984375
0.00569152832031249 -0.04449462890625 -0.117904663085938 -0.05560302734375
0.0473861694335938 -0.0402755737304687 0.00570678710937503 -0.305572509765625
0.0411643981933594 -0.0326423645019531 0.2572021484375 -0.371917724609375
0.0191841125488281 0.0141696929931641 0.56500244140625 -0.1031494140625
-0.0425682067871094 0.0543365478515625 0.512420654296875 0.5443115234375
-0.0632171630859375 -0.00410079956054688 0.05328369140625 0.92388916015625
0.0228805541992188 -0.0505218505859375 -0.2972412109375 0.5888671875
0.0899276733398437 -0.056793212890625 0.139289855957031 -0.00925445556640626
0.0283241271972656 -0.051300048828125 0.25872802734375 -0.67974853515625
-0.02557373046875 0.000940322875976558 -0.397216796875 -0.7508544921875
-0.0179443359375 0.0357666015625 -0.76312255859375 -0.06964111328125
-0.00292205810546875 0.0115451812744141 -0.46258544921875 0.4481201171875
0.0151748657226563 -0.0289268493652344 -0.134521484375 0.45819091796875
0.0185050964355469 -0.0470352172851563 0.120941162109375 0.21966552734375
-0.000419616699218752 -0.0357170104980469 0.197723388671875 -0.0083465576171875
0.00141143798828125 -0.0512351989746094 -0.127174377441406 -0.0519561767578125
0.0546875 -0.06219482421875 -0.00640869140624998 -0.305572509765625
0.035919189453125 -0.0550651550292969 0.23895263671875 -0.3800048828125
0.0134477615356445 0.0103826522827148 0.56573486328125 -0.13531494140625
-0.0446929931640625 0.0704727172851563 0.55364990234375 0.49652099609375
-0.0715713500976563 0.013519287109375 0.1142578125 0.9024658203125
0.0212783813476563 -0.0496635437011719 -0.2734375 0.597900390625
0.0983200073242188 -0.0624313354492188 0.129600524902344 -0.00220489501953125
0.032928466796875 -0.0503730773925781 0.291015625 -0.67718505859375
-0.0276470184326172 0.0120162963867188 -0.35357666015625 -0.79052734375
-0.022125244140625 0.0482902526855469 -0.75982666015625 -0.12646484375
-0.00852775573730469 0.0104951858520508 -0.483489990234375 0.4178466796875
0.0144424438476562 -0.0422401428222656 -0.150665283203125 0.4473876953125
0.0227203369140625 -0.0641860961914063 0.1134033203125 0.218338012695313
0.00214767456054688 -0.0415000915527344 0.20068359375 -0.0070343017578125
-0.000316619873046877 -0.0534477233886719 -0.134567260742188 -0.0481033325195313
0.052825927734375 -0.0729827880859375 -0.024017333984375 -0.300018310546875
0.0312232971191406 -0.0645484924316406 0.22021484375 -0.3909912109375
0.010991096496582 0.00838184356689453 0.56439208984375 -0.18389892578125
-0.0430831909179688 0.0793533325195313 0.59820556640625 0.42864990234375
-0.0755844116210938 0.0276947021484375 0.18670654296875 0.8614501953125
0.016357421875 -0.044097900390625 -0.240234375 0.6002197265625
0.103897094726563 -0.0616455078125 0.114479064941406 0.00441741943359375
0.0381584167480469 -0.0466575622558594 0.33270263671875 -0.67132568359375
-0.0308876037597656 0.0179767608642578 -0.29119873046875 -0.84326171875
-0.0293846130371094 0.053314208984375 -0.7493896484375 -0.20635986328125
-0.0143442153930664 0.00834751129150391 -0.50677490234375 0.372314453125
0.015167236328125 -0.0523643493652344 -0.17022705078125 0.434814453125
0.0299148559570312 -0.0743637084960937 0.103408813476563 0.222625732421875
0.00360488891601562 -0.0454139709472656 0.198089599609375 -0.007537841796875
-0.00739145278930664 0.000361442565917968 -0.136764526367188 -0.0535507202148438
0.0182342529296875 0.048095703125 -0.02081298828125 -0.287017822265625
0.0363311767578125 0.0520057678222656 0.25384521484375 -0.38714599609375
0.0279788970947266 0.0310955047607422 0.588134765625 -0.19659423828125
-0.0172481536865234 0.0113859176635742 0.58721923828125 0.417236328125
-0.0325279235839844 -0.0416107177734375 0.159912109375 0.84423828125
0.0173492431640625 -0.0482254028320313 -0.26708984375 0.5765380859375
0.0452880859375 -0.0316429138183594 0.109977722167969 -0.0175704956054688
0.0401229858398438 -0.0539512634277344 0.31976318359375 -0.70294189453125
0.00954437255859374 -0.0547828674316406 -0.30999755859375 -0.86236572265625
-0.00311279296875 -0.00952816009521485 -0.7510986328125 -0.204833984375
0.00571632385253906 0.0282649993896484 -0.48748779296875 0.378143310546875
0.0135078430175781 0.0490646362304687 -0.150115966796875 0.453094482421875
0.0083160400390625 0.0397071838378906 0.116165161132813 0.241256713867188
-0.00114154815673828 0.0111112594604492 0.195037841796875 -0.0028839111328125
-0.00699901580810547 -0.00423574447631836 -0.129142761230469 -0.0587158203125
0.0149688720703125 0.041717529296875 -0.00686645507812498 -0.29345703125
0.03106689453125 0.0509605407714844 0.2630615234375 -0.37530517578125
0.026397705078125 0.0359230041503906 0.58758544921875 -0.1444091796875
-0.0177955627441406 0.0147800445556641 0.545135498046875 0.486663818359375
-0.0287818908691406 -0.0414085388183594 0.09539794921875 0.8856201171875
0.0211296081542969 -0.0503578186035156 -0.29266357421875 0.57672119140625
0.0495185852050781 -0.0374488830566406 0.124458312988281 -0.0199737548828125
0.0340156555175781 -0.0577354431152344 0.2821044921875 -0.70123291015625
0.000423431396484379 -0.0534210205078125 -0.366455078125 -0.8062744140625
-0.00645542144775391 -0.00907802581787109 -0.760498046875 -0.12823486328125
0.00848960876464844 0.0223407745361328 -0.46917724609375 0.419769287109375
0.0179176330566406 0.0388755798339844 -0.13861083984375 0.4593505859375
0.0124053955078125 0.0304374694824219 0.123764038085937 0.232589721679688
-0.000108718872070312 0.00570249557495117 0.1988525390625 -0.0022430419921875
-0.00373554229736328 -0.0120744705200195 -0.125717163085938 -0.06048583984375
0.0184383392333984 0.0273075103759766 0.00491333007812497 -0.30267333984375
0.0268440246582031 0.0377731323242188 0.268951416015625 -0.364288330078125
0.0238609313964844 0.0366973876953125 0.58251953125 -0.10430908203125
-0.0206050872802734 0.0231609344482422 0.512451171875 0.538177490234375
-0.0323410034179687 -0.0391693115234375 0.0439453125000001 0.91650390625
0.0250663757324219 -0.0520973205566406 -0.31048583984375 0.57867431640625
0.0551185607910156 -0.0421829223632813 0.136093139648438 -0.0196762084960938
0.0284805297851563 -0.0552940368652344 0.25433349609375 -0.6943359375
-0.0101051330566406 -0.0426025390625 -0.40716552734375 -0.76483154296875
-0.00934982299804688 -0.00092315673828125 -0.7630615234375 -0.0722656250000001
0.00794219970703125 0.0180397033691406 -0.45257568359375 0.4495849609375
0.0220108032226563 0.0261707305908203 -0.122802734375 0.464263916015625
0.0153684616088867 0.0152206420898438 0.1304931640625 0.2269287109375
-0.00015711784362793 -0.0025479793548584 0.203338623046875 -0.0037841796875
-0.00389671325683594 -0.0253200531005859 -0.1201171875 -0.0615615844726562
0.0290470123291016 0.00345993041992188 0.010772705078125 -0.305694580078125
0.0317420959472656 0.0176315307617188 0.2708740234375 -0.365570068359375
0.0222797393798828 0.033416748046875 0.573486328125 -0.086669921875
-0.0278587341308594 0.0342369079589844 0.49420166015625 0.56927490234375
-0.0391082763671875 -0.027557373046875 0.018310546875 0.9366455078125
0.0255088806152344 -0.0529441833496094 -0.318603515625 0.5833740234375
0.0656814575195313 -0.0485992431640625 0.14263916015625 -0.0184783935546875
0.0264320373535156 -0.0560455322265625 0.239990234375 -0.69378662109375
-0.0174064636230469 -0.0300998687744141 -0.425537109375 -0.7384033203125
-0.0125875473022461 0.0104970932006836 -0.76513671875 -0.0408935546875
0.00487995147705078 0.015355110168457 -0.444610595703125 0.46710205078125
0.021392822265625 0.00678825378417969 -0.117401123046875 0.46746826171875
0.0164155960083008 -0.0056915283203125 0.131637573242188 0.222702026367188
-2.28881835937495E-05 -0.0137786865234375 0.204437255859375 -0.0053863525390625
0.00591278076171875 -0.0357589721679687 -0.113334655761719 -0.0603713989257813
0.0342292785644531 -0.0183525085449219 0.012542724609375 -0.306549072265625
0.0401573181152344 -0.006103515625 0.2733154296875 -0.36895751953125
0.0208377838134766 0.0247058868408203 0.5716552734375 -0.08587646484375
-0.0361328125 0.0449180603027344 0.4951171875 0.5714111328125
-0.0534133911132813 -0.0164070129394531 0.0155029296875 0.93658447265625
0.0257606506347656 -0.0517005920410156 -0.3187255859375 0.5830078125
0.078704833984375 -0.0529937744140625 0.143890380859375 -0.0145721435546875
0.0265350341796875 -0.05426025390625 0.242431640625 -0.684814453125
-0.0218524932861328 -0.0118579864501953 -0.42724609375 -0.732421875
-0.0140457153320313 0.0231094360351563 -0.770263671875 -0.03759765625
0.00179958343505859 0.0127763748168945 -0.4501953125 0.468414306640625
0.0185470581054688 -0.0111255645751953 -0.123291015625 0.467254638671875
0.0151729583740234 -0.0271205902099609 0.126724243164062 0.224334716796875
-0.00345993041992187 -0.0283145904541016 0.198272705078125 -0.006378173828125
0.0059814453125 -0.0430145263671875 -0.120574951171875 -0.0568923950195313
0.04693603515625 -0.0414962768554688 0.00613403320312498 -0.30908203125
0.0415840148925781 -0.03369140625 0.26043701171875 -0.375457763671875
0.0190029144287109 0.0152606964111328 0.571533203125 -0.10308837890625
-0.0437202453613281 0.0562362670898438 0.519805908203125 0.550994873046875
-0.0636634826660156 -0.00176620483398438 0.0538330078125 0.9337158203125
0.0233840942382812 -0.0516624450683594 -0.30084228515625 0.59344482421875
0.0897216796875 -0.05853271484375 0.139450073242188 -0.00914764404296875
0.0286102294921875 -0.0519638061523438 0.26031494140625 -0.685302734375
-0.026336669921875 0.000371932983398435 -0.4005126953125 -0.75531005859375
-0.0172843933105469 0.0377960205078125 -0.77081298828125 -0.0690307617187501
-0.00327587127685547 0.0115451812744141 -0.46539306640625 0.4532470703125
0.0146636962890625 -0.0274829864501953 -0.134246826171875 0.461578369140625
0.0186233520507812 -0.0477142333984375 0.121734619140625 0.222503662109375
-0.0004119873046875 -0.0357170104980469 0.200088500976562 -0.00830078125
0.00179672241210938 -0.0498886108398438 -0.128921508789063 -0.05401611328125
0.0549468994140625 -0.0629043579101563 -0.00878906250000001 -0.309844970703125
0.0355110168457031 -0.0552711486816406 0.2408447265625 -0.384368896484375
0.0144691467285156 0.0101804733276367 0.570556640625 -0.13818359375
-0.0457611083984375 0.0703964233398438 0.55999755859375 0.504638671875
-0.0725784301757812 0.0136032104492188 0.115478515625 0.91217041015625
0.0213813781738281 -0.0486679077148438 -0.27667236328125 0.6015625
0.0988006591796875 -0.061614990234375 0.129264831542969 -0.00354766845703125
0.0329399108886719 -0.0500831604003906 0.2928466796875 -0.6826171875
-0.0293407440185547 0.0120391845703125 -0.3580322265625 -0.7978515625
-0.0240516662597656 0.0485877990722656 -0.76666259765625 -0.12933349609375
-0.00899887084960938 0.0113716125488281 -0.488555908203125 0.420928955078125
0.0135726928710938 -0.0426712036132813 -0.15252685546875 0.452362060546875
0.0228271484375 -0.0651206970214844 0.114410400390625 0.221343994140625
0.00118255615234375 -0.0419158935546875 0.202056884765625 -0.0081787109375
0.000534057617187498 -0.0541229248046875 -0.137527465820313 -0.0481491088867188
0.0538711547851563 -0.0742721557617188 -0.025604248046875 -0.303497314453125
0.0292625427246094 -0.0648536682128906 0.2230224609375 -0.39337158203125
0.0108194351196289 0.00872039794921875 0.57122802734375 -0.18743896484375
-0.0431289672851563 0.08013916015625 0.60546875 0.43292236328125
-0.0746917724609375 0.0278167724609375 0.1881103515625 0.86981201171875
0.0174217224121094 -0.045562744140625 -0.242919921875 0.60418701171875
0.105308532714844 -0.0620803833007813 0.114097595214844 0.0045013427734375
0.0402259826660156 -0.0463027954101563 0.335693359375 -0.6759033203125
-0.0313892364501953 0.0178241729736328 -0.29345703125 -0.84942626953125
-0.0295028686523437 0.0528640747070312 -0.75640869140625 -0.20843505859375
-0.0150747299194336 0.00902652740478515 -0.510467529296875 0.3751220703125
0.0133934020996094 -0.0529823303222656 -0.170440673828125 0.440277099609375
0.028778076171875 -0.0739364624023438 0.104034423828125 0.224960327148438
0.00489425659179688 -0.0470657348632812 0.198898315429688 -0.00904846191406251
-0.00932693481445313 -0.000213623046875 -0.141021728515625 -0.0526885986328125
0.0181312561035156 0.049224853515625 -0.02294921875 -0.29022216796875
0.0368919372558594 0.0531997680664063 0.255279541015625 -0.390411376953125
0.0278091430664062 0.0314521789550781 0.59503173828125 -0.1993408203125
-0.0169887542724609 0.0106906890869141 0.594970703125 0.4215087890625
-0.0322990417480469 -0.0418472290039063 0.16143798828125 0.8548583984375
0.0176200866699219 -0.0475425720214844 -0.27032470703125 0.58233642578125
0.0455513000488281 -0.031402587890625 0.109580993652344 -0.016815185546875
0.0401268005371094 -0.0548896789550781 0.32330322265625 -0.709228515625
0.00959014892578125 -0.0558929443359375 -0.31591796875 -0.87060546875
-0.00360679626464844 -0.00967979431152344 -0.7589111328125 -0.20721435546875
0.00515937805175782 0.0288982391357422 -0.491058349609375 0.381591796875
0.00998687744140624 0.0501480102539062 -0.15130615234375 0.457855224609375
0.0083160400390625 0.0403518676757813 0.118743896484375 0.243728637695313
0.00059032440185547 0.0107059478759766 0.1971435546875 -0.0041961669921875
-0.0079803466796875 -0.0039982795715332 -0.131065368652344 -0.0590438842773438
0.0168914794921875 0.04168701171875 -0.00946044921875 -0.29815673828125
0.0285911560058594 0.0516319274902344 0.267669677734375 -0.3812255859375
0.028839111328125 0.0366325378417969 0.5919189453125 -0.14581298828125
-0.0182342529296875 0.0150089263916016 0.55303955078125 0.492218017578125
-0.0291557312011719 -0.0425567626953125 0.0978393554687501 0.89617919921875
0.0210151672363281 -0.0509071350097656 -0.29656982421875 0.58416748046875
0.0487022399902344 -0.0384559631347656 0.12451171875 -0.0190048217773438
0.0351448059082031 -0.0586471557617188 0.282470703125 -0.70660400390625
7.24792480468771E-05 -0.0537528991699219 -0.36962890625 -0.8154296875
-0.00620460510253906 -0.00781679153442383 -0.77081298828125 -0.1307373046875
0.00790214538574219 0.0232067108154297 -0.473297119140625 0.4254150390625
0.01605224609375 0.0395584106445312 -0.137359619140625 0.465484619140625
0.0130767822265625 0.0324859619140625 0.126312255859375 0.23486328125
-0.000452518463134766 0.00574159622192383 0.201675415039062 -0.00286865234375
-0.00514793395996094 -0.0120992660522461 -0.12823486328125 -0.0618896484375
0.0186996459960938 0.0274906158447266 0.00448608398437503 -0.30615234375
0.0264129638671875 0.0372695922851563 0.271209716796875 -0.365234375
0.0244216918945312 0.0380058288574219 0.5872802734375 -0.10577392578125
-0.0195713043212891 0.0234642028808594 0.51788330078125 0.544342041015625
-0.0303382873535156 -0.0381889343261719 0.0455322265625 0.9259033203125
0.0245170593261719 -0.052276611328125 -0.31451416015625 0.58477783203125
0.0562820434570313 -0.0425071716308594 0.136123657226563 -0.0218734741210938
0.0289192199707031 -0.0586318969726563 0.25518798828125 -0.700927734375
-0.00828933715820312 -0.043701171875 -0.4100341796875 -0.77020263671875
-0.00815200805664063 0.000305652618408203 -0.772216796875 -0.0700683593750001
0.00862693786621094 0.0188312530517578 -0.454559326171875 0.45635986328125
0.0222530364990234 0.0260677337646484 -0.12274169921875 0.469696044921875
0.0155839920043945 0.0159835815429688 0.133270263671875 0.229568481445312
-0.00195038318634033 -0.00165843963623047 0.20697021484375 -0.003692626953125
-0.00421524047851563 -0.0249977111816406 -0.122123718261719 -0.062164306640625
0.0283794403076172 0.00396537780761719 0.01025390625 -0.310211181640625
0.0315055847167969 0.0178451538085938 0.27484130859375 -0.370147705078125
0.0221176147460937 0.0354232788085938 0.580322265625 -0.0885009765625
-0.0269184112548828 0.0350513458251953 0.49969482421875 0.57476806640625
-0.0394134521484375 -0.0283584594726562 0.0167846679687501 0.94677734375
0.0250358581542969 -0.0525169372558594 -0.32275390625 0.58770751953125
0.0658073425292969 -0.0475807189941406 0.143157958984375 -0.018096923828125
0.026397705078125 -0.0566978454589844 0.24114990234375 -0.697265625
-0.0184364318847656 -0.0294303894042969 -0.4312744140625 -0.7459716796875
-0.0105667114257812 0.0108203887939453 -0.77392578125 -0.0396118164062501
0.00627994537353515 0.0153789520263672 -0.448577880859375 0.473602294921875
0.0219688415527344 0.00742721557617188 -0.11798095703125 0.473602294921875
0.0155391693115234 -0.00723075866699219 0.13427734375 0.22467041015625
-0.00175571441650391 -0.0141839981079102 0.20745849609375 -0.0077972412109375
0.00606155395507813 -0.0352897644042969 -0.116165161132813 -0.0610198974609375
0.0348415374755859 -0.0187091827392578 0.01171875 -0.3104248046875
0.0397720336914063 -0.00822067260742188 0.276275634765625 -0.374359130859375
0.0226593017578125 0.0245761871337891 0.57843017578125 -0.08685302734375
-0.03533935546875 0.0456275939941406 0.5018310546875 0.57763671875
-0.0532112121582031 -0.0159263610839844 0.01959228515625 0.94573974609375
0.0247039794921875 -0.0497360229492187 -0.322998046875 0.58929443359375
0.0775070190429687 -0.0532684326171875 0.146377563476562 -0.01239013671875
0.0261650085449219 -0.05413818359375 0.24462890625 -0.69000244140625
-0.0207538604736328 -0.0121345520019531 -0.43231201171875 -0.73736572265625
-0.0130748748779297 0.0236740112304688 -0.779052734375 -0.0362548828124999
0.000335693359374999 0.0135488510131836 -0.45538330078125 0.475372314453125
0.0198917388916016 -0.0111656188964844 -0.124053955078125 0.47186279296875
0.0156230926513672 -0.0275611877441406 0.128341674804687 0.226028442382813
-0.00390434265136719 -0.0282115936279297 0.200485229492188 -0.00799560546875
0.0035552978515625 -0.0438079833984375 -0.122535705566406 -0.0567169189453125
0.0464515686035156 -0.0425567626953125 0.00500488281250001 -0.31207275390625
0.0446929931640625 -0.0344352722167969 0.26141357421875 -0.3804931640625
0.0189018249511719 0.014923095703125 0.576416015625 -0.10650634765625
-0.0423088073730469 0.0571174621582031 0.52789306640625 0.558258056640625
-0.0630035400390625 -0.00131988525390625 0.0559692382812501 0.94305419921875
0.0235366821289062 -0.0498580932617187 -0.30609130859375 0.60052490234375
0.0891799926757813 -0.0588607788085938 0.140777587890625 -0.008758544921875
0.0288658142089844 -0.0519256591796875 0.26300048828125 -0.68994140625
-0.0266532897949219 -0.000167846679687499 -0.404052734375 -0.7618408203125
-0.0170364379882813 0.0367889404296875 -0.778076171875 -0.06793212890625
-0.00319194793701172 0.0123405456542969 -0.470306396484375 0.458740234375
0.0153903961181641 -0.0283889770507813 -0.135589599609375 0.467193603515625
0.0170707702636719 -0.0481834411621094 0.122756958007812 0.222869873046875
-0.000816345214843751 -0.0360946655273438 0.201812744140625 -0.0090179443359375
0.00125885009765625 -0.0516777038574219 -0.131080627441406 -0.05474853515625
0.0552520751953125 -0.0641593933105469 -0.00875854492187497 -0.3133544921875
0.0377616882324219 -0.0540657043457031 0.24114990234375 -0.39056396484375
0.012974739074707 0.00992012023925781 0.5772705078125 -0.140625
-0.0464744567871094 0.0700836181640625 0.5689697265625 0.508544921875
-0.0717315673828125 0.0149917602539062 0.11566162109375 0.92266845703125
0.0235671997070313 -0.0479774475097656 -0.27911376953125 0.6063232421875
0.0998458862304688 -0.062835693359375 0.1295166015625 -0.00244903564453125
0.0354652404785156 -0.0515556335449219 0.29443359375 -0.689208984375
-0.0280342102050781 0.0130443572998047 -0.36065673828125 -0.80572509765625
-0.0235595703125 0.0481948852539063 -0.7757568359375 -0.13006591796875
-0.00868606567382812 0.0116109848022461 -0.492584228515625 0.427520751953125
0.0139350891113281 -0.0417518615722656 -0.1527099609375 0.455810546875
0.0225486755371094 -0.0636520385742188 0.115463256835938 0.223281860351562
0.000846862792968748 -0.0433349609375 0.205123901367188 -0.0103302001953125
-0.000988006591796877 -0.0534629821777344 -0.139305114746094 -0.0500411987304688
0.0521316528320313 -0.0757827758789063 -0.025482177734375 -0.308807373046875
0.0282859802246094 -0.0665702819824219 0.224456787109375 -0.39739990234375
0.0104885101318359 0.00768947601318359 0.57666015625 -0.18939208984375
-0.0420913696289063 0.0807952880859375 0.61419677734375 0.43731689453125
-0.0757904052734375 0.0293731689453125 0.19281005859375 0.87969970703125
0.0173721313476563 -0.0436363220214844 -0.24542236328125 0.61273193359375
0.105270385742188 -0.0617141723632813 0.114852905273438 0.00557708740234375
0.0411949157714844 -0.047943115234375 0.339111328125 -0.68218994140625
-0.0316619873046875 0.0190086364746094 -0.297607421875 -0.85638427734375
-0.0302352905273437 0.0532913208007813 -0.765380859375 -0.21075439453125
-0.0155811309814453 0.00989532470703125 -0.514923095703125 0.38299560546875
0.0130348205566406 -0.0526809692382812 -0.171661376953125 0.445343017578125
0.0301971435546875 -0.0759963989257813 0.105514526367188 0.22760009765625
0.00391006469726562 -0.0477676391601563 0.20166015625 -0.0093841552734375
-0.00989055633544922 0.000341415405273438 -0.142196655273438 -0.05450439453125
0.0189857482910156 0.0486106872558594 -0.02386474609375 -0.2921142578125
0.0367393493652344 0.0532073974609375 0.25579833984375 -0.396484375
0.0267887115478516 0.0313796997070313 0.60101318359375 -0.203857421875
-0.0177650451660156 0.0108070373535156 0.60382080078125 0.4259033203125
-0.0318145751953125 -0.0419273376464844 0.167236328125 0.86407470703125
0.0171852111816406 -0.0481719970703125 -0.2708740234375 0.58978271484375
0.0447349548339844 -0.0319137573242188 0.110725402832031 -0.0162811279296875
0.03973388671875 -0.056976318359375 0.324462890625 -0.71746826171875
0.0110588073730469 -0.0561065673828125 -0.32232666015625 -0.88067626953125
-0.00226783752441406 -0.00928878784179688 -0.7698974609375 -0.2044677734375
0.00481224060058594 0.0285892486572266 -0.496063232421875 0.39007568359375
0.0110244750976563 0.0506439208984375 -0.151641845703125 0.464752197265625
0.0079345703125 0.0404167175292969 0.120254516601563 0.246856689453125
-0.000464439392089844 0.0108575820922852 0.2001953125 -0.0048980712890625
-0.0108852386474609 -0.00532913208007813 -0.134056091308594 -0.0581130981445312
0.0159950256347656 0.0425338745117187 -0.010284423828125 -0.301727294921875
0.03057861328125 0.0520362854003906 0.2664794921875 -0.384033203125
0.0265998840332031 0.0370063781738281 0.59832763671875 -0.15057373046875
-0.0173120498657227 0.0155620574951172 0.5626220703125 0.49627685546875
-0.0281486511230469 -0.0424652099609375 0.10260009765625 0.90582275390625
0.0204887390136719 -0.0515670776367188 -0.29705810546875 0.590576171875
0.0486259460449219 -0.0379257202148438 0.126449584960937 -0.0200653076171875
0.0345726013183594 -0.0606040954589844 0.28558349609375 -0.71417236328125
0.000934600830078129 -0.0532302856445313 -0.37786865234375 -0.82275390625
-0.00613689422607422 -0.00916862487792969 -0.7783203125 -0.1273193359375
0.00986671447753906 0.0214481353759766 -0.4771728515625 0.431793212890625
0.0186691284179688 0.0408363342285156 -0.137603759765625 0.471466064453125
0.0127964019775391 0.0321216583251953 0.1287841796875 0.237945556640625
-0.000779628753662109 0.00417709350585938 0.204620361328125 -0.0056915283203125
-0.00561237335205078 -0.0118141174316406 -0.129379272460938 -0.0625457763671875
0.0187091827392578 0.0279712677001953 0.00128173828124999 -0.31170654296875
0.0266265869140625 0.0385284423828125 0.272003173828125 -0.37237548828125
0.0234031677246094 0.0376319885253906 0.59368896484375 -0.10986328125
-0.0207176208496094 0.0246963500976563 0.525848388671875 0.54913330078125
-0.0291481018066406 -0.0370750427246094 0.04962158203125 0.936767578125
0.0241012573242188 -0.0522079467773437 -0.31695556640625 0.59100341796875
0.0544509887695312 -0.0417671203613281 0.136589050292969 -0.0210800170898438
0.0294532775878906 -0.0590095520019531 0.25628662109375 -0.70880126953125
-0.00822830200195312 -0.04364013671875 -0.419677734375 -0.77691650390625
-0.0106697082519531 0.000156402587890627 -0.78009033203125 -0.0685424804687499
0.0089874267578125 0.0189437866210938 -0.460906982421875 0.463287353515625
0.0221443176269531 0.0274543762207031 -0.12176513671875 0.475860595703125
0.0136919021606445 0.0140571594238281 0.133499145507813 0.231231689453125
-0.00189471244812012 -0.00310158729553223 0.208984375 -0.0063018798828125
-0.00537490844726562 -0.0249080657958984 -0.125732421875 -0.0623550415039063
0.0277080535888672 0.00402450561523438 0.00875854492187501 -0.3133544921875
0.0300064086914063 0.0184955596923828 0.274993896484375 -0.3746337890625
0.0217933654785156 0.0346031188964844 0.5863037109375 -0.09088134765625
-0.0285148620605469 0.0354385375976563 0.50909423828125 0.58013916015625
-0.0386772155761719 -0.0273017883300781 0.023193359375 0.9600830078125
0.0244255065917969 -0.0519866943359375 -0.32232666015625 0.5980224609375
0.0656547546386719 -0.0484962463378906 0.144500732421875 -0.019378662109375
0.0262184143066406 -0.0577926635742188 0.24127197265625 -0.70623779296875
-0.0158004760742188 -0.0292720794677734 -0.43865966796875 -0.74981689453125
-0.0132541656494141 0.00928974151611328 -0.78204345703125 -0.0368041992187499
0.00548362731933594 0.015172004699707 -0.450958251953125 0.481536865234375
0.0219593048095703 0.00743865966796875 -0.115997314453125 0.47821044921875
0.01568603515625 -0.00570964813232422 0.135284423828125 0.226730346679688
-0.000924110412597655 -0.0146799087524414 0.209747314453125 -0.009765625
0.0046539306640625 -0.0356407165527344 -0.118598937988281 -0.0630416870117188
0.0350723266601563 -0.0175933837890625 0.00994873046875002 -0.313720703125
0.039520263671875 -0.00823211669921875 0.275543212890625 -0.37890625
0.0208377838134766 0.0242595672607422 0.583984375 -0.0902099609375
-0.0365447998046875 0.0447845458984375 0.51220703125 0.582763671875
-0.0523529052734375 -0.0144920349121094 0.02496337890625 0.9576416015625
0.0255966186523437 -0.0511970520019531 -0.32666015625 0.5977783203125
0.0783767700195313 -0.0546035766601562 0.145233154296875 -0.014068603515625
0.0268440246582031 -0.0557212829589844 0.243896484375 -0.698486328125
-0.0223712921142578 -0.0118980407714844 -0.43988037109375 -0.74322509765625
-0.0149078369140625 0.0235118865966797 -0.7872314453125 -0.03515625
0.00174140930175781 0.0132150650024414 -0.458343505859375 0.482696533203125
0.0174922943115234 -0.0106887817382813 -0.1224365234375 0.47906494140625
0.0139122009277344 -0.0279788970947266 0.130523681640625 0.2275390625
-0.00544166564941406 -0.0280895233154297 0.20379638671875 -0.00897216796875
0.00613784790039062 -0.0437431335449219 -0.124382019042969 -0.0571517944335937
0.0485763549804688 -0.0426292419433594 0.00225830078125002 -0.31658935546875
0.0415191650390625 -0.0348129272460938 0.2620849609375 -0.385162353515625
0.0189571380615234 0.0146923065185547 0.58270263671875 -0.109130859375
-0.0428543090820313 0.0581436157226563 0.53741455078125 0.561614990234375
-0.0622787475585938 -0.00115585327148438 0.0595703124999999 0.95458984375
0.0234489440917969 -0.0499839782714844 -0.3065185546875 0.607666015625
0.0904693603515625 -0.0584716796875 0.141525268554688 -0.00836181640625001
0.0291595458984375 -0.0528221130371094 0.2637939453125 -0.69781494140625
-0.025238037109375 0.00068092346191406 -0.414306640625 -0.76800537109375
-0.0182762145996094 0.0369529724121094 -0.78741455078125 -0.0657958984375
-0.00366783142089844 0.012115478515625 -0.471588134765625 0.46630859375
0.0149192810058594 -0.0283336639404297 -0.135223388671875 0.47381591796875
0.0173721313476562 -0.048736572265625 0.125228881835938 0.224990844726563
-0.00118255615234375 -0.0377693176269531 0.204315185546875 -0.0114593505859375
0.000610351562499997 -0.0522270202636719 -0.13336181640625 -0.0544052124023438
0.0543670654296875 -0.0646171569824219 -0.010711669921875 -0.317138671875
0.0354957580566406 -0.0570487976074219 0.241668701171875 -0.394439697265625
0.0132598876953125 0.0114202499389648 0.58270263671875 -0.144775390625
-0.0453262329101562 0.0711593627929688 0.57708740234375 0.513427734375
-0.0714874267578125 0.0153656005859375 0.12286376953125 0.93304443359375
0.0205421447753906 -0.0491104125976563 -0.2774658203125 0.6171875
0.0990676879882813 -0.0626754760742188 0.131401062011719 -0.0029449462890625
0.0339736938476563 -0.0507850646972656 0.29632568359375 -0.6964111328125
-0.0280380249023438 0.0126552581787109 -0.3687744140625 -0.8121337890625
-0.0237197875976563 0.0474052429199219 -0.7852783203125 -0.12628173828125
-0.0100851058959961 0.0106992721557617 -0.494720458984375 0.43408203125
0.0113258361816406 -0.0427932739257813 -0.150665283203125 0.464691162109375
0.0216064453125 -0.0667381286621094 0.118118286132813 0.225662231445313
0.001129150390625 -0.0444526672363281 0.208816528320312 -0.0110931396484375
-0.000358581542968745 -0.0538864135742188 -0.141464233398437 -0.0497589111328125
0.0535812377929688 -0.0766067504882813 -0.02960205078125 -0.31121826171875
0.0289382934570313 -0.0662117004394531 0.2239990234375 -0.404388427734375
0.00913238525390625 0.00686931610107422 0.58282470703125 -0.19378662109375
-0.042144775390625 0.0821456909179688 0.62445068359375 0.4412841796875
-0.0735244750976563 0.0314865112304687 0.1973876953125 0.88763427734375
0.0174751281738281 -0.0445785522460938 -0.2470703125 0.6201171875
0.105979919433594 -0.0625991821289063 0.115264892578125 0.0060272216796875
0.0412673950195313 -0.0472946166992188 0.34051513671875 -0.6893310546875
-0.0305747985839844 0.0179996490478516 -0.3057861328125 -0.8656005859375
-0.0301437377929688 0.055877685546875 -0.77471923828125 -0.20806884765625
-0.0154380798339844 0.00804996490478516 -0.518798828125 0.386383056640625
0.0134925842285156 -0.0529632568359375 -0.16973876953125 0.451141357421875
0.0285110473632813 -0.0774383544921875 0.109222412109375 0.228424072265625
0.00495147705078125 -0.0473747253417969 0.204681396484375 -0.0097808837890625
-0.00887203216552734 0.00132179260253906 -0.145294189453125 -0.0546875
0.0183372497558594 0.0488853454589844 -0.027435302734375 -0.297515869140625
0.0371284484863281 0.0534248352050781 0.256561279296875 -0.402984619140625
0.0280170440673828 0.0303783416748047 0.6055908203125 -0.21124267578125
-0.0176410675048828 0.0107879638671875 0.61395263671875 0.42840576171875
-0.0296249389648438 -0.0422439575195312 0.17626953125 0.8743896484375
0.0162239074707031 -0.0493621826171875 -0.27069091796875 0.6002197265625
0.0437698364257813 -0.0340995788574219 0.110755920410156 -0.015899658203125
0.0405693054199219 -0.056915283203125 0.3223876953125 -0.7266845703125
0.01068115234375 -0.0572166442871094 -0.33111572265625 -0.885986328125
-0.00133514404296875 -0.0109796524047852 -0.7802734375 -0.2022705078125
0.00561141967773437 0.0289764404296875 -0.499176025390625 0.3963623046875
0.0120773315429688 0.0519180297851563 -0.150054931640625 0.472564697265625
0.00851821899414063 0.0406417846679688 0.123794555664063 0.2491455078125
-0.00252628326416016 0.0116291046142578 0.20281982421875 -0.0069122314453125
-0.0103578567504883 -0.00368499755859375 -0.136962890625 -0.0596694946289062
0.0156059265136719 0.0427742004394531 -0.014617919921875 -0.307037353515625
0.0304107666015625 0.0526695251464844 0.26617431640625 -0.392425537109375
0.0261001586914063 0.0371437072753906 0.60406494140625 -0.15679931640625
-0.0177211761474609 0.0157680511474609 0.57391357421875 0.50067138671875
-0.0278358459472656 -0.0412216186523438 0.11053466796875 0.91778564453125
0.0202827453613281 -0.0520172119140625 -0.2967529296875 0.59942626953125
0.0470161437988281 -0.0381813049316406 0.125778198242188 -0.020599365234375
0.0345611572265625 -0.0598487854003906 0.2825927734375 -0.72357177734375
0.001556396484375 -0.0537796020507812 -0.38922119140625 -0.82769775390625
-0.00538158416748047 -0.00800657272338867 -0.78875732421875 -0.12445068359375
0.0081634521484375 0.0234947204589844 -0.4781494140625 0.439605712890625
0.0175933837890625 0.0426139831542969 -0.1339111328125 0.479217529296875
0.0125312805175781 0.0327663421630859 0.131866455078125 0.239776611328125
-0.00211238861083984 0.00519561767578125 0.20733642578125 -0.0074005126953125
-0.00625896453857422 -0.012176513671875 -0.132377624511719 -0.0600051879882812
0.0206432342529297 0.0260334014892578 -0.00250244140625002 -0.31378173828125
0.0296249389648438 0.03948974609375 0.27081298828125 -0.37799072265625
0.0233917236328125 0.0377120971679688 0.59930419921875 -0.1131591796875
-0.0208740234375 0.0248851776123047 0.538787841796875 0.552703857421875
-0.0294456481933594 -0.03765869140625 0.05712890625 0.94805908203125
0.0236320495605469 -0.0528030395507813 -0.3162841796875 0.60089111328125
0.0544624328613281 -0.0432243347167969 0.137359619140625 -0.0211181640625
0.0298309326171875 -0.0587882995605469 0.25616455078125 -0.7191162109375
-0.00872421264648438 -0.0428504943847656 -0.4288330078125 -0.7813720703125
-0.00956916809082031 -0.00236797332763672 -0.7901611328125 -0.0626220703125
0.00883865356445313 0.0195198059082031 -0.4603271484375 0.470428466796875
0.0216197967529297 0.0261020660400391 -0.119140625 0.484039306640625
0.0139579772949219 0.015690803527832 0.137847900390625 0.2325439453125
-0.00372123718261719 -0.00368261337280273 0.211700439453125 -0.0095672607421875
-0.00547981262207031 -0.0246944427490234 -0.128959655761719 -0.0618896484375
0.0287685394287109 0.00349807739257813 0.00491333007812498 -0.31719970703125
0.0321674346923828 0.0193672180175781 0.276214599609375 -0.38330078125
0.0212574005126953 0.0343704223632813 0.5914306640625 -0.09539794921875
-0.0289764404296875 0.0355606079101562 0.51995849609375 0.585205078125
-0.0383071899414063 -0.0270309448242188 0.0302734375000001 0.97015380859375
0.0237922668457031 -0.0535049438476563 -0.3238525390625 0.60626220703125
0.0648765563964844 -0.0494956970214844 0.145553588867188 -0.0199432373046875
0.0265159606933594 -0.0581321716308594 0.239990234375 -0.71600341796875
-0.0167865753173828 -0.0293254852294922 -0.45062255859375 -0.75506591796875
-0.0130386352539063 0.0100440979003906 -0.79400634765625 -0.03094482421875
0.00557708740234375 0.014409065246582 -0.453521728515625 0.48919677734375
0.0212669372558594 0.00815200805664063 -0.116424560546875 0.484466552734375
0.0171537399291992 -0.00754928588867188 0.1380615234375 0.227462768554688
-0.00188446044921875 -0.0160484313964844 0.212753295898438 -0.0120849609375
0.00427627563476563 -0.0368385314941406 -0.12176513671875 -0.0613861083984375
0.0354957580566406 -0.0191726684570313 0.00650024414062501 -0.3197021484375
0.0390205383300781 -0.00839614868164063 0.275543212890625 -0.383941650390625
0.0211772918701172 0.0247001647949219 0.5906982421875 -0.09466552734375
-0.0364418029785156 0.0471305847167969 0.52197265625 0.58697509765625
-0.0514945983886719 -0.0163803100585938 0.03057861328125 0.971435546875
0.0249252319335938 -0.05194091796875 -0.32611083984375 0.60662841796875
0.0781784057617187 -0.056060791015625 0.147140502929687 -0.014678955078125
0.0271453857421875 -0.0565872192382812 0.24237060546875 -0.70440673828125
-0.0215778350830078 -0.0116920471191406 -0.44989013671875 -0.7491455078125
-0.0139522552490234 0.0249576568603516 -0.79742431640625 -0.0268554687500002
-0.000131607055664063 0.0134983062744141 -0.4605712890625 0.49163818359375
0.0167579650878906 -0.0108833312988281 -0.120391845703125 0.4854736328125
0.0129432678222656 -0.0278244018554688 0.134841918945313 0.230850219726562
-0.00490379333496093 -0.0272636413574219 0.204925537109375 -0.0106658935546875
0.00439071655273438 -0.0441017150878906 -0.127510070800781 -0.057159423828125
0.0482978820800781 -0.0433883666992188 -0.000793457031250022 -0.320709228515625
0.0419044494628906 -0.0358047485351563 0.26318359375 -0.392333984375
0.0193233489990234 0.0150566101074219 0.59027099609375 -0.11468505859375
-0.0427436828613281 0.0581474304199219 0.5478515625 0.5662841796875
-0.0633964538574219 0.000148773193359382 0.06768798828125 0.96588134765625
0.0241127014160156 -0.0506210327148438 -0.30755615234375 0.61590576171875
0.0898284912109375 -0.0580825805664063 0.143035888671875 -0.0076751708984375
0.0290412902832031 -0.0529022216796875 0.2618408203125 -0.7041015625
-0.0242176055908203 0.00185394287109375 -0.42205810546875 -0.77374267578125
-0.0169944763183594 0.0371627807617188 -0.79632568359375 -0.06072998046875
-0.00493240356445312 0.0116004943847656 -0.475555419921875 0.474212646484375
0.0140590667724609 -0.0287837982177734 -0.131256103515625 0.47998046875
0.0162544250488281 -0.0490798950195313 0.128341674804687 0.22735595703125
-0.00189208984375 -0.0374031066894531 0.20849609375 -0.0131378173828125
0.00047683715820313 -0.0514411926269531 -0.136421203613281 -0.0529708862304687
0.0548667907714844 -0.0672264099121094 -0.01617431640625 -0.32305908203125
0.0357666015625 -0.0562324523925781 0.243316650390625 -0.402099609375
0.0134820938110352 0.0108461380004883 0.59088134765625 -0.15057373046875
-0.04547119140625 0.074462890625 0.59136962890625 0.51568603515625
-0.0708160400390625 0.0167999267578125 0.133544921875 0.9453125
0.02044677734375 -0.0486526489257813 -0.2799072265625 0.62652587890625
0.100311279296875 -0.0629348754882812 0.131278991699219 -0.00168609619140625
0.0349082946777344 -0.0517616271972656 0.29522705078125 -0.70526123046875
-0.0271987915039062 0.0131950378417969 -0.378662109375 -0.81842041015625
-0.0247688293457031 0.0492820739746094 -0.79693603515625 -0.12115478515625
-0.010615348815918 0.0114383697509766 -0.49749755859375 0.442291259765625
0.010955810546875 -0.0433502197265625 -0.148681640625 0.468231201171875
0.0226783752441406 -0.0675926208496094 0.121307373046875 0.226333618164063
0.000541687011718746 -0.0446128845214844 0.210113525390625 -0.015167236328125
-0.00093841552734375 -0.0531044006347656 -0.145111083984375 -0.0496063232421875
0.0537567138671875 -0.0782546997070313 -0.033203125 -0.31610107421875
0.0273323059082031 -0.0674209594726563 0.223876953125 -0.410400390625
0.00950813293457031 0.00812435150146484 0.588134765625 -0.20159912109375
-0.0429000854492188 0.0840911865234375 0.63311767578125 0.44281005859375
-0.073028564453125 0.0312423706054688 0.20819091796875 0.89697265625
0.0174713134765625 -0.0451202392578125 -0.2451171875 0.6290283203125
0.105094909667969 -0.0632781982421875 0.113845825195312 0.00583648681640625
0.0410041809082031 -0.0483016967773438 0.338134765625 -0.6986083984375
-0.0305385589599609 0.0189609527587891 -0.3138427734375 -0.8726806640625
-0.0303421020507812 0.0545158386230469 -0.78546142578125 -0.20416259765625
-0.0155487060546875 0.0088205337524414 -0.52264404296875 0.398284912109375
0.0119590759277344 -0.0542945861816406 -0.169830322265625 0.457733154296875
0.0269699096679687 -0.0782852172851563 0.109848022460938 0.231201171875
0.0045623779296875 -0.0481643676757813 0.208389282226562 -0.0140380859375
-0.0104875564575195 0.000213623046874998 -0.146957397460938 -0.052276611328125
0.0195960998535156 0.0506439208984375 -0.03094482421875 -0.30023193359375
0.0376434326171875 0.0554389953613281 0.25604248046875 -0.41033935546875
0.0282001495361328 0.0322723388671875 0.60919189453125 -0.21710205078125
-0.0180568695068359 0.0131416320800781 0.62652587890625 0.427734375
-0.0301971435546875 -0.0414772033691406 0.1865234375 0.88116455078125
0.0149078369140625 -0.0503005981445313 -0.269775390625 0.60919189453125
0.04400634765625 -0.0341339111328125 0.110794067382813 -0.0175018310546875
0.0404396057128906 -0.0578460693359375 0.317626953125 -0.7344970703125
0.0098114013671875 -0.0575218200683594 -0.34344482421875 -0.89324951171875
-0.00236797332763672 -0.0101528167724609 -0.7896728515625 -0.197509765625
0.005126953125 0.0292758941650391 -0.50042724609375 0.4072265625
0.0107421875 0.0528602600097656 -0.145721435546875 0.47894287109375
0.00878143310546875 0.04071044921875 0.128067016601562 0.250961303710938
-0.00131034851074219 0.00866222381591797 0.206253051757812 -0.0091400146484375
-0.00982952117919922 -0.00434589385986328 -0.139205932617187 -0.0587997436523438
0.0174484252929688 0.0427284240722656 -0.018798828125 -0.308258056640625
0.032440185546875 0.0531425476074219 0.264984130859375 -0.397247314453125
0.026397705078125 0.0369529724121094 0.609130859375 -0.16510009765625
-0.0159273147583008 0.0157012939453125 0.58648681640625 0.4996337890625
-0.0261001586914063 -0.0411872863769531 0.12164306640625 0.9271240234375
0.0191307067871094 -0.0522918701171875 -0.296875 0.60943603515625
0.0469894409179688 -0.0391845703125 0.124916076660156 -0.0194168090820313
0.0337562561035156 -0.06201171875 0.28082275390625 -0.73284912109375
0.00154495239257813 -0.05450439453125 -0.400390625 -0.8319091796875
-0.00597095489501953 -0.00958728790283203 -0.79852294921875 -0.11700439453125
0.00826644897460938 0.023193359375 -0.4775390625 0.447509765625
0.019256591796875 0.0429115295410156 -0.129791259765625 0.484832763671875
0.0113201141357422 0.0338878631591797 0.135986328125 0.242034912109375
-0.000172138214111328 0.00435137748718262 0.209579467773438 -0.0108489990234375
-0.00741291046142578 -0.0120868682861328 -0.136146545410156 -0.0605545043945313
0.0194377899169922 0.0269107818603516 -0.00451660156250003 -0.31982421875
0.0287742614746094 0.0403099060058594 0.272125244140625 -0.386016845703125
0.0237159729003906 0.0385093688964844 0.60699462890625 -0.1207275390625
-0.0200653076171875 0.0259017944335938 0.551361083984375 0.555999755859375
-0.0283126831054687 -0.0382919311523438 0.0678100585937501 0.95806884765625
0.021728515625 -0.0552177429199219 -0.31298828125 0.61151123046875
0.05401611328125 -0.0431098937988281 0.138458251953125 -0.0202178955078125
0.0306510925292969 -0.0587921142578125 0.25140380859375 -0.7257080078125
-0.00970077514648437 -0.0431747436523438 -0.43963623046875 -0.78662109375
-0.00894451141357422 -0.00228691101074219 -0.8004150390625 -0.0574340820312501
0.00888252258300781 0.0190811157226563 -0.46136474609375 0.48114013671875
0.0227546691894531 0.0272235870361328 -0.115142822265625 0.4893798828125
0.0148887634277344 0.0139026641845703 0.14227294921875 0.236892700195313
-0.00344276428222656 -0.00444507598876953 0.2127685546875 -0.011138916015625
-0.00677680969238281 -0.0257129669189453 -0.131538391113281 -0.0618057250976562
0.0271244049072266 0.00355911254882812 0.00115966796874998 -0.32257080078125
0.0306205749511719 0.0186920166015625 0.2745361328125 -0.3883056640625
0.0225830078125 0.0359458923339844 0.598876953125 -0.102294921875
-0.0271186828613281 0.0371856689453125 0.529541015625 0.5875244140625
-0.036407470703125 -0.0282974243164062 0.0419311523437499 0.98065185546875
0.0252647399902344 -0.053863525390625 -0.32281494140625 0.61444091796875
0.0637588500976563 -0.0498046875 0.145538330078125 -0.018829345703125
0.0255279541015625 -0.0591773986816406 0.23626708984375 -0.72198486328125
-0.0168666839599609 -0.0289402008056641 -0.4619140625 -0.75970458984375
-0.0125389099121094 0.0110588073730469 -0.8037109375 -0.0220947265625
0.00596809387207031 0.0154132843017578 -0.45196533203125 0.497955322265625
0.0213088989257812 0.00819015502929687 -0.110870361328125 0.4921875
0.0163278579711914 -0.00704288482666016 0.142791748046875 0.229705810546875
-0.00117111206054687 -0.0155916213989258 0.213943481445313 -0.0151214599609375
0.00390243530273438 -0.0367279052734375 -0.124153137207031 -0.0605621337890625
0.0366096496582031 -0.02069091796875 0.00399780273437503 -0.32379150390625
0.0398674011230469 -0.00857925415039063 0.276458740234375 -0.393157958984375
0.0215988159179688 0.0246772766113281 0.59759521484375 -0.10223388671875
-0.037200927734375 0.0482063293457031 0.5355224609375 0.5894775390625
-0.0512542724609375 -0.0142097473144531 0.041259765625 0.98077392578125
0.0243949890136719 -0.0522956848144531 -0.3255615234375 0.61614990234375
0.0775680541992188 -0.0556793212890625 0.147720336914063 -0.01458740234375
0.0261611938476563 -0.0559501647949219 0.23968505859375 -0.7147216796875
-0.0210800170898438 -0.0124874114990234 -0.45977783203125 -0.75030517578125
-0.0140323638916016 0.0242214202880859 -0.80712890625 -0.0213623046874999
0.00150012969970703 0.0140600204467773 -0.458984375 0.501129150390625
0.017059326171875 -0.0106868743896484 -0.115997314453125 0.4931640625
0.01336669921875 -0.0286808013916016 0.137710571289063 0.231887817382812
-0.00544929504394531 -0.0278358459472656 0.208236694335938 -0.0146942138671875
0.003875732421875 -0.0436439514160156 -0.130531311035156 -0.0567398071289063
0.0479354858398438 -0.0451698303222656 -0.00439453124999996 -0.324981689453125
0.0408287048339844 -0.0358390808105469 0.262664794921875 -0.39892578125
0.0187397003173828 0.0155258178710937 0.59521484375 -0.1224365234375
-0.0420570373535156 0.05999755859375 0.5621337890625 0.567626953125
-0.0627250671386719 0.00169372558593749 0.0799560546874999 0.97637939453125
0.0233383178710938 -0.0513267517089844 -0.305908203125 0.62603759765625
0.0901412963867188 -0.0603790283203125 0.14251708984375 -0.0099639892578125
0.0289077758789062 -0.0539817810058594 0.25726318359375 -0.7122802734375
-0.0240001678466797 0.000566482543945317 -0.43524169921875 -0.77862548828125
-0.0176925659179687 0.0381813049316406 -0.80828857421875 -0.05255126953125
-0.00384330749511719 0.0132160186767578 -0.474517822265625 0.4842529296875
0.0128955841064453 -0.0283546447753906 -0.126983642578125 0.485504150390625
0.0159568786621094 -0.0490074157714844 0.13140869140625 0.229736328125
-0.0027313232421875 -0.0369911193847656 0.209747314453125 -0.016448974609375
-0.000427246093750003 -0.0517311096191406 -0.139152526855469 -0.053314208984375
0.0543594360351563 -0.0678558349609375 -0.0194091796875 -0.325408935546875
0.0334739685058594 -0.0566329956054688 0.240325927734375 -0.40740966796875
0.0124969482421875 0.00951480865478515 0.59503173828125 -0.15826416015625
-0.044677734375 0.0741653442382813 0.60205078125 0.51751708984375
-0.0690383911132813 0.0162773132324219 0.14190673828125 0.9532470703125
0.0194435119628906 -0.0495109558105469 -0.2777099609375 0.6353759765625
0.100326538085938 -0.0653076171875 0.132484436035156 -0.00373077392578125
0.0343704223632813 -0.0526237487792969 0.2930908203125 -0.7119140625
-0.0266933441162109 0.0127372741699219 -0.389892578125 -0.8232421875
-0.0217666625976563 0.0497322082519531 -0.80767822265625 -0.11529541015625
-0.00998210906982422 0.0123796463012695 -0.498077392578125 0.45135498046875
0.0110626220703125 -0.0432243347167969 -0.145355224609375 0.47613525390625
0.0207099914550781 -0.0674629211425781 0.125381469726562 0.228286743164063
0.00107574462890625 -0.0453872680664063 0.211883544921875 -0.01708984375
-0.000885009765624995 -0.0543785095214844 -0.147201538085937 -0.0493316650390625
0.0523681640625 -0.0801162719726563 -0.03790283203125 -0.316802978515625
0.0281600952148437 -0.0693702697753906 0.22222900390625 -0.41815185546875
0.00877618789672852 0.00654935836791992 0.59515380859375 -0.208251953125
-0.0416946411132812 0.0847854614257812 0.64813232421875 0.44244384765625
-0.0731124877929688 0.0335769653320313 0.22100830078125 0.9044189453125
0.0165481567382812 -0.0447311401367188 -0.2447509765625 0.6361083984375
0.106246948242188 -0.0651779174804688 0.114532470703125 0.00557708740234375
0.041656494140625 -0.0489616394042969 0.3365478515625 -0.708984375
-0.0285682678222656 0.0195064544677734 -0.3262939453125 -0.8782958984375
-0.0292625427246094 0.0558433532714844 -0.798583984375 -0.20147705078125
-0.0165481567382813 0.00965023040771484 -0.524871826171875 0.4051513671875
0.0122337341308594 -0.0544471740722656 -0.166534423828125 0.463653564453125
0.0262832641601563 -0.078094482421875 0.113082885742188 0.233001708984375
0.00287246704101562 -0.0483283996582031 0.209716796875 -0.016693115234375
-0.0124654769897461 0.00200080871582031 -0.150604248046875 -0.05224609375
0.0205459594726562 0.0508308410644531 -0.036285400390625 -0.304046630859375
0.0386695861816406 0.0541229248046875 0.2530517578125 -0.416412353515625
0.0289077758789063 0.0307712554931641 0.61419677734375 -0.2269287109375
-0.0175113677978516 0.0116415023803711 0.63958740234375 0.42559814453125
-0.031829833984375 -0.0407180786132813 0.19842529296875 0.8896484375
0.0138587951660156 -0.0512504577636719 -0.26617431640625 0.61700439453125
0.0425872802734375 -0.03338623046875 0.109382629394531 -0.0182418823242188
0.0392303466796875 -0.0585899353027344 0.311767578125 -0.74432373046875
0.0101127624511719 -0.0577316284179687 -0.3572998046875 -0.89947509765625
-0.00262165069580078 -0.0113620758056641 -0.80157470703125 -0.190185546875
0.00577163696289062 0.0293922424316406 -0.50103759765625 0.41827392578125
0.0122489929199219 0.053802490234375 -0.139434814453125 0.486175537109375
0.00893402099609375 0.0426445007324219 0.131439208984375 0.251449584960938
-0.00204372406005859 0.00945568084716797 0.207901000976563 -0.0133514404296875
-0.0119867324829102 -0.00494861602783203 -0.143157958984375 -0.0583038330078125
0.0181465148925781 0.04296875 -0.0224609375 -0.313018798828125
0.0332069396972656 0.0525665283203125 0.262542724609375 -0.406463623046875
0.0267486572265625 0.038848876953125 0.612060546875 -0.173583984375
-0.0168666839599609 0.0171756744384766 0.6002197265625 0.5008544921875
-0.0265731811523438 -0.0414085388183594 0.13372802734375 0.9349365234375
0.0194931030273438 -0.0520973205566406 -0.29168701171875 0.6197509765625
0.0461654663085938 -0.0397224426269531 0.124542236328125 -0.0207595825195313
0.0349082946777344 -0.0628280639648438 0.27423095703125 -0.74163818359375
0.00139999389648438 -0.0559768676757813 -0.41412353515625 -0.8360595703125
-0.0055389404296875 -0.0101108551025391 -0.808349609375 -0.10711669921875
0.00897979736328125 0.0227584838867188 -0.47906494140625 0.460357666015625
0.0205001831054687 0.04364013671875 -0.1251220703125 0.494110107421875
0.0127544403076172 0.0334148406982422 0.140335083007812 0.24261474609375
-0.00300979614257812 0.00514888763427734 0.212738037109375 -0.013763427734375
-0.00866031646728516 -0.0128393173217773 -0.139205932617188 -0.0594100952148437
0.0204372406005859 0.0265750885009766 -0.00921630859374998 -0.323089599609375
0.0286865234375 0.0405158996582031 0.2711181640625 -0.391357421875
0.02386474609375 0.0376358032226563 0.61083984375 -0.128662109375
-0.0189228057861328 0.0270729064941406 0.56463623046875 0.557861328125
-0.026947021484375 -0.0370941162109375 0.08172607421875 0.97015380859375
0.0216026306152344 -0.05523681640625 -0.3121337890625 0.62042236328125
0.053070068359375 -0.0454177856445313 0.136650085449219 -0.0207443237304688
0.0278358459472656 -0.0610122680664063 0.243896484375 -0.73529052734375
-0.00858306884765625 -0.0450057983398437 -0.45587158203125 -0.78887939453125
-0.00997734069824219 -0.00310516357421875 -0.81134033203125 -0.04559326171875
0.00783348083496094 0.0183868408203125 -0.45965576171875 0.4945068359375
0.0232868194580078 0.0272655487060547 -0.109375 0.49505615234375
0.015477180480957 0.0152778625488281 0.14544677734375 0.23529052734375
-0.00345182418823242 -0.0038449764251709 0.215530395507812 -0.0146331787109375
-0.00674629211425781 -0.02423095703125 -0.134437561035156 -0.0606689453125
0.0285816192626953 0.00188636779785156 -0.00274658203125 -0.326568603515625
0.0326595306396484 0.0190486907958984 0.274139404296875 -0.39691162109375
0.0218009948730469 0.0353469848632813 0.60546875 -0.11090087890625
-0.0259857177734375 0.0390052795410156 0.54620361328125 0.58905029296875
-0.0357666015625 -0.0284271240234375 0.05413818359375 0.9903564453125
0.0235519409179687 -0.0547676086425781 -0.31988525390625 0.62548828125
0.0633811950683594 -0.0504226684570312 0.146255493164062 -0.0201568603515625
0.0264244079589844 -0.0602684020996094 0.2314453125 -0.7318115234375
-0.0168361663818359 -0.0288219451904297 -0.47412109375 -0.7611083984375
-0.0128240585327148 0.00952816009521485 -0.81256103515625 -0.0145874023437499
0.00559806823730469 0.0146999359130859 -0.450836181640625 0.511016845703125
0.0218448638916016 0.00943565368652344 -0.105316162109375 0.498992919921875
0.0167865753173828 -0.00571060180664063 0.146759033203125 0.230316162109375
-0.00208473205566406 -0.0152587890625 0.21734619140625 -0.0196380615234375
0.00351715087890625 -0.036651611328125 -0.127815246582031 -0.0602645874023438
0.0350723266601562 -0.0187282562255859 -0.00164794921874997 -0.327056884765625
0.0383110046386719 -0.00991439819335938 0.273040771484375 -0.400604248046875
0.0211563110351562 0.0252017974853516 0.6025390625 -0.110595703125
-0.0355644226074219 0.0490989685058594 0.54949951171875 0.59075927734375
-0.0505218505859375 -0.0133934020996094 0.05389404296875 0.99090576171875
0.0236663818359375 -0.0530509948730469 -0.32177734375 0.62750244140625
0.0768890380859375 -0.0561065673828125 0.148193359375 -0.01495361328125
0.0256195068359375 -0.0566139221191406 0.23321533203125 -0.721923828125
-0.020538330078125 -0.0108127593994141 -0.474609375 -0.75335693359375
-0.0134983062744141 0.0249614715576172 -0.81640625 -0.0120849609374999
0.00238132476806641 0.0138444900512695 -0.45770263671875 0.51373291015625
0.0170202255249023 -0.00923347473144531 -0.11029052734375 0.500396728515625
0.0142269134521484 -0.0297565460205078 0.143600463867187 0.231735229492187
-0.00566673278808594 -0.0288505554199219 0.210845947265625 -0.0182952880859375
0.00299072265625 -0.0439529418945313 -0.133758544921875 -0.055694580078125
0.0475311279296875 -0.0460433959960938 -0.00946044921875001 -0.3277587890625
0.0417518615722656 -0.0378990173339844 0.25982666015625 -0.40765380859375
0.0185413360595703 0.0157928466796875 0.600830078125 -0.130126953125
-0.04058837890625 0.0613479614257812 0.576416015625 0.56915283203125
-0.0619697570800781 0.00135803222656249 0.09210205078125 0.98699951171875
0.0226860046386719 -0.0524864196777344 -0.30224609375 0.636962890625
0.0897979736328125 -0.0600433349609375 0.14190673828125 -0.01043701171875
0.0285491943359375 -0.0555038452148438 0.2537841796875 -0.72222900390625
-0.0252933502197266 0.00201416015624999 -0.44873046875 -0.78057861328125
-0.0169601440429688 0.0384941101074219 -0.81719970703125 -0.04443359375
-0.00453948974609375 0.0130386352539063 -0.474395751953125 0.497894287109375
0.0126094818115234 -0.0296974182128906 -0.1231689453125 0.492889404296875
0.0151405334472656 -0.0502166748046875 0.13519287109375 0.230224609375
-0.00367355346679688 -0.0392303466796875 0.21185302734375 -0.019439697265625
-0.00114059448242187 -0.0524826049804687 -0.143264770507813 -0.0501556396484375
0.0528945922851562 -0.071197509765625 -0.02459716796875 -0.329437255859375
0.0349884033203125 -0.058807373046875 0.23944091796875 -0.415618896484375
0.0118169784545898 0.0103034973144531 0.60174560546875 -0.1669921875
-0.0435028076171875 0.0757904052734375 0.6168212890625 0.5164794921875
-0.0691184997558594 0.0182952880859375 0.15631103515625 0.96221923828125
0.0203170776367187 -0.049652099609375 -0.27410888671875 0.64422607421875
0.100631713867188 -0.0649032592773438 0.130035400390625 -0.00498199462890625
0.0350685119628906 -0.0531806945800781 0.28759765625 -0.7235107421875
-0.0270748138427734 0.0138111114501953 -0.40380859375 -0.8251953125
-0.0210380554199219 0.0500564575195312 -0.81597900390625 -0.10650634765625
-0.0112199783325195 0.0117988586425781 -0.49810791015625 0.46380615234375
0.0109710693359375 -0.0440177917480469 -0.14190673828125 0.484954833984375
0.0201950073242188 -0.06854248046875 0.128509521484375 0.22894287109375
3.81469726562775E-06 -0.04608154296875 0.214431762695312 -0.020721435546875
-0.00242996215820312 -0.0535316467285156 -0.15130615234375 -0.0474090576171875
0.0526046752929688 -0.081756591796875 -0.043243408203125 -0.32159423828125
0.0264968872070312 -0.07037353515625 0.220062255859375 -0.423004150390625
0.00842761993408203 0.00675201416015625 0.5977783203125 -0.21826171875
-0.0417251586914062 0.0864639282226563 0.66314697265625 0.43804931640625
-0.0722808837890625 0.0330047607421875 0.23419189453125 0.91339111328125
0.0164680480957031 -0.0456504821777344 -0.23797607421875 0.646484375
0.10589599609375 -0.0650863647460938 0.114456176757813 0.00394439697265625
0.0415573120117188 -0.0524978637695313 0.33026123046875 -0.715087890625
-0.0286960601806641 0.0198173522949219 -0.339111328125 -0.884033203125
-0.0293235778808594 0.0569915771484375 -0.80865478515625 -0.19415283203125
-0.0159568786621094 0.010746955871582 -0.52532958984375 0.416534423828125
0.0115547180175781 -0.0544166564941406 -0.16168212890625 0.472747802734375
0.0256805419921875 -0.0809783935546875 0.11798095703125 0.23388671875
0.00205230712890625 -0.0497627258300781 0.211196899414063 -0.019775390625
-0.0113592147827148 0.00203227996826172 -0.153564453125 -0.0506439208984375
0.0220832824707031 0.0510215759277344 -0.042510986328125 -0.306121826171875
0.03955078125 0.0551338195800781 0.2476806640625 -0.424285888671875
0.0287036895751953 0.0317115783691406 0.616455078125 -0.23858642578125
-0.0166835784912109 0.0127363204956055 0.65350341796875 0.42138671875
-0.0299530029296875 -0.0411376953125 0.21368408203125 0.895751953125
0.0125160217285156 -0.0520248413085938 -0.259765625 0.62786865234375
0.0411109924316406 -0.0344161987304688 0.11016845703125 -0.018890380859375
0.0388984680175781 -0.0597724914550781 0.30584716796875 -0.75360107421875
0.0109977722167969 -0.0582008361816406 -0.3734130859375 -0.89971923828125
-0.00243759155273437 -0.012028694152832 -0.813232421875 -0.17816162109375
0.00632667541503906 0.0296764373779297 -0.499053955078125 0.429656982421875
0.0136756896972656 0.0547409057617187 -0.132476806640625 0.4940185546875
0.00929641723632813 0.0422477722167969 0.137054443359375 0.252731323242188
-0.00301170349121094 0.00939464569091797 0.209396362304688 -0.0169219970703125
-0.0133790969848633 -0.00434207916259766 -0.146316528320313 -0.0561370849609375
0.0182685852050781 0.043914794921875 -0.0284423828125 -0.3148193359375
0.0340728759765625 0.0545883178710937 0.25836181640625 -0.41168212890625
0.0270919799804688 0.0367202758789063 0.61627197265625 -0.18389892578125
-0.0163841247558594 0.0186595916748047 0.6143798828125 0.49639892578125
-0.0255699157714844 -0.0402603149414063 0.14886474609375 0.94378662109375
0.0179862976074219 -0.0534553527832031 -0.2860107421875 0.6287841796875
0.0456504821777344 -0.0394210815429687 0.124755859375 -0.0206527709960938
0.0338058471679688 -0.0637092590332031 0.26580810546875 -0.74884033203125
0.00159072875976563 -0.0545654296875 -0.43048095703125 -0.83740234375
-0.00615215301513672 -0.0108642578125 -0.8184814453125 -0.0981445312500001
0.00859832763671875 0.0235252380371094 -0.47540283203125 0.471160888671875
0.0201225280761719 0.0444297790527344 -0.117706298828125 0.49957275390625
0.0137863159179688 0.0333671569824219 0.147216796875 0.24267578125
-0.00312900543212891 0.00339460372924805 0.212783813476562 -0.0188446044921875
-0.00743865966796875 -0.0120420455932617 -0.141159057617188 -0.0563201904296875
0.0202198028564453 0.0261478424072266 -0.015716552734375 -0.324127197265625
0.0293540954589844 0.040435791015625 0.265289306640625 -0.4000244140625
0.0247993469238281 0.0391807556152344 0.61529541015625 -0.13922119140625
-0.0181388854980469 0.0279655456542969 0.57781982421875 0.55517578125
-0.0284576416015625 -0.0373573303222656 0.095947265625 0.97650146484375
0.0211029052734375 -0.055023193359375 -0.3062744140625 0.629638671875
0.0534210205078125 -0.0454902648925781 0.137229919433594 -0.0225677490234375
0.0280494689941406 -0.0631790161132813 0.2379150390625 -0.74310302734375
-0.00873565673828125 -0.0454254150390625 -0.46923828125 -0.78778076171875
-0.00952911376953125 -0.00184440612792969 -0.81744384765625 -0.0338745117187498
0.00889396667480469 0.01910400390625 -0.456787109375 0.502227783203125
0.0235385894775391 0.0282154083251953 -0.10369873046875 0.50311279296875
0.0156278610229492 0.0152769088745117 0.150070190429688 0.235809326171875
-0.00365018844604492 -0.00462627410888672 0.218597412109375 -0.019866943359375
-0.00775909423828125 -0.0242214202880859 -0.137054443359375 -0.0588531494140625
0.0296897888183594 0.000379562377929688 -0.00915527343749998 -0.32904052734375
0.0322895050048828 0.0177383422851563 0.26922607421875 -0.403076171875
0.0225563049316406 0.0353584289550781 0.60821533203125 -0.12042236328125
-0.0261726379394531 0.0398216247558594 0.5595703125 0.58685302734375
-0.03594970703125 -0.027099609375 0.0691528320312499 1.0008544921875
0.0240364074707031 -0.0545883178710937 -0.3145751953125 0.6358642578125
0.0639533996582031 -0.0522308349609375 0.145401000976563 -0.022308349609375
0.02593994140625 -0.0606117248535156 0.22308349609375 -0.74176025390625
-0.0166816711425781 -0.0296802520751953 -0.4908447265625 -0.75860595703125
-0.0123996734619141 0.0100126266479492 -0.82080078125 -0.00103759765624984
0.0065460205078125 0.0161409378051758 -0.44696044921875 0.52093505859375
0.0206317901611328 0.00820159912109375 -0.09906005859375 0.5052490234375
0.0144729614257812 -0.00606155395507812 0.15118408203125 0.231369018554688
-0.00361347198486328 -0.0171957015991211 0.21929931640625 -0.0233306884765625
0.0019378662109375 -0.035797119140625 -0.13153076171875 -0.0585479736328125
0.0353736877441406 -0.0216293334960938 -0.00708007812500003 -0.330169677734375
0.0399894714355469 -0.0095062255859375 0.27117919921875 -0.4085693359375
0.0216941833496094 0.0251407623291016 0.6064453125 -0.1207275390625
-0.0350418090820313 0.0499076843261719 0.5645751953125 0.589111328125
-0.0505485534667969 -0.0130882263183594 0.0680541992187499 0.99951171875
0.0231285095214844 -0.0537567138671875 -0.3182373046875 0.63763427734375
0.0764007568359375 -0.0569229125976563 0.147476196289062 -0.0160064697265625
0.0252838134765625 -0.0577659606933594 0.22509765625 -0.73095703125
-0.0206146240234375 -0.0116558074951172 -0.48822021484375 -0.75311279296875
-0.01318359375 0.0246562957763672 -0.82342529296875 -0.000488281249999911
0.000596046447753906 0.0147237777709961 -0.454315185546875 0.524322509765625
0.0163726806640625 -0.0109777450561523 -0.103851318359375 0.505859375
0.0119743347167969 -0.0302085876464844 0.146881103515625 0.232452392578125
-0.00722694396972656 -0.0293502807617187 0.213516235351563 -0.0220489501953125
0.0011444091796875 -0.0447616577148438 -0.136642456054688 -0.0540008544921875
0.0487480163574219 -0.0466041564941406 -0.0142822265625 -0.331878662109375
0.0403480529785156 -0.037750244140625 0.2562255859375 -0.414703369140625
0.0181808471679688 0.0140590667724609 0.60479736328125 -0.140625
-0.0407447814941406 0.0638198852539063 0.5906982421875 0.5654296875
-0.0615310668945312 0.001983642578125 0.10784912109375 0.9931640625
0.0213356018066406 -0.0522804260253906 -0.29669189453125 0.6461181640625
0.0884323120117188 -0.0618438720703125 0.143081665039063 -0.0111083984375
0.0281143188476562 -0.0553436279296875 0.2454833984375 -0.73321533203125
-0.0246429443359375 0.00367927551269532 -0.4638671875 -0.78082275390625
-0.0167579650878906 0.0379524230957031 -0.82489013671875 -0.03070068359375
-0.00503158569335938 0.012333869934082 -0.470672607421875 0.50836181640625
0.0130138397216797 -0.02935791015625 -0.116607666015625 0.50079345703125
0.014892578125 -0.0510292053222656 0.140655517578125 0.229827880859375
-0.00431060791015625 -0.0395660400390625 0.213226318359375 -0.02398681640625
-0.00230789184570312 -0.0510711669921875 -0.144775390625 -0.050506591796875
0.053985595703125 -0.0720977783203125 -0.029998779296875 -0.330810546875
0.03472900390625 -0.0603408813476563 0.23486328125 -0.422882080078125
0.0125913619995117 0.00905513763427735 0.60369873046875 -0.17681884765625
-0.0429611206054688 0.0775070190429688 0.63006591796875 0.51214599609375
-0.0680427551269531 0.0190811157226563 0.17431640625 0.9664306640625
0.019439697265625 -0.0491676330566406 -0.26788330078125 0.65289306640625
0.0993194580078125 -0.0673904418945313 0.131889343261719 -0.0050811767578125
0.0339584350585937 -0.0534477233886719 0.27825927734375 -0.73040771484375
-0.0262088775634766 0.01422119140625 -0.418212890625 -0.82623291015625
-0.0220603942871094 0.0506858825683594 -0.82598876953125 -0.0979614257812498
-0.0110692977905273 0.0111579895019531 -0.49603271484375 0.474151611328125
0.00955963134765625 -0.0435905456542969 -0.13616943359375 0.490325927734375
0.0188446044921875 -0.0694046020507813 0.133041381835937 0.229263305664063
-0.00138092041015625 -0.0459480285644531 0.216522216796875 -0.0244140625
-0.003631591796875 -0.0525932312011719 -0.153366088867188 -0.04449462890625
0.0506210327148437 -0.0852127075195313 -0.048553466796875 -0.324371337890625
0.0248908996582031 -0.0702896118164062 0.2147216796875 -0.43133544921875
0.00777339935302734 0.00775575637817383 0.599609375 -0.22967529296875
-0.03857421875 0.0877227783203125 0.6768798828125 0.43414306640625
-0.0717239379882813 0.034454345703125 0.25006103515625 0.9193115234375
0.0147857666015625 -0.0459403991699219 -0.23236083984375 0.6563720703125
0.106208801269531 -0.0660324096679688 0.114151000976563 0.00313568115234375
0.0416336059570313 -0.0516242980957031 0.32415771484375 -0.7254638671875
-0.0274887084960938 0.0206832885742188 -0.3541259765625 -0.88665771484375
-0.0284156799316406 0.0580062866210938 -0.81817626953125 -0.18280029296875
-0.0170230865478516 0.0105495452880859 -0.523040771484375 0.4267578125
0.00889205932617187 -0.0561561584472656 -0.156982421875 0.47705078125
0.0254974365234375 -0.0816268920898438 0.122543334960938 0.234237670898437
0.00189590454101562 -0.0502853393554688 0.213897705078125 -0.0246734619140625
-0.0111198425292969 0.00172805786132812 -0.157684326171875 -0.0491180419921875
0.0214118957519531 0.0492439270019531 -0.048309326171875 -0.307159423828125
0.0398712158203125 0.0548095703125 0.243743896484375 -0.429840087890625
0.0290412902832031 0.0324039459228516 0.61627197265625 -0.248291015625
-0.0168647766113281 0.0140953063964844 0.66485595703125 0.41455078125
-0.0279922485351563 -0.0404319763183594 0.23236083984375 0.9000244140625
0.0130882263183594 -0.0527801513671875 -0.2508544921875 0.6375732421875
0.039947509765625 -0.0348663330078125 0.110237121582031 -0.0197525024414063
0.0386848449707031 -0.061553955078125 0.2967529296875 -0.7613525390625
0.011077880859375 -0.0592117309570312 -0.38946533203125 -0.89984130859375
-0.00211143493652344 -0.0133771896362305 -0.82025146484375 -0.1689453125
0.00501251220703125 0.0290489196777344 -0.494903564453125 0.44097900390625
0.0135307312011719 0.0549125671386719 -0.125518798828125 0.501495361328125
0.0092620849609375 0.0442008972167969 0.141510009765625 0.252395629882813
-0.00390720367431641 0.0088653564453125 0.209060668945312 -0.0195770263671875
-0.0120067596435547 -0.00213432312011719 -0.149368286132813 -0.0546112060546875
0.0190773010253906 0.0422134399414063 -0.03436279296875 -0.31756591796875
0.0344886779785156 0.05474853515625 0.253631591796875 -0.419464111328125
0.0274429321289063 0.0365524291992188 0.62005615234375 -0.19464111328125
-0.0156345367431641 0.018524169921875 0.628173828125 0.49090576171875
-0.024658203125 -0.0406684875488281 0.1661376953125 0.94830322265625
0.0179252624511719 -0.0545654296875 -0.2808837890625 0.63934326171875
0.04339599609375 -0.0416984558105469 0.124404907226562 -0.0239791870117187
0.0318489074707031 -0.0644302368164063 0.25531005859375 -0.759033203125
0.0012054443359375 -0.0554084777832031 -0.44610595703125 -0.83465576171875
-0.00540637969970703 -0.00919151306152344 -0.8260498046875 -0.0863037109374999
0.00877952575683594 0.0234184265136719 -0.4710693359375 0.481353759765625
0.0201606750488281 0.044677734375 -0.110748291015625 0.506561279296875
0.0126819610595703 0.0342197418212891 0.151138305664062 0.2440185546875
-0.00322985649108887 0.00327205657958984 0.213302612304687 -0.0216064453125
-0.00861549377441406 -0.0126361846923828 -0.144149780273437 -0.056640625
0.0210514068603516 0.0264072418212891 -0.024322509765625 -0.327728271484375
0.030181884765625 0.03802490234375 0.26239013671875 -0.407562255859375
0.0253372192382812 0.0400733947753906 0.6185302734375 -0.1517333984375
-0.0188026428222656 0.0275497436523437 0.5941162109375 0.549072265625
-0.0269660949707031 -0.0363616943359375 0.11260986328125 0.98480224609375
0.0198326110839844 -0.0549240112304687 -0.2989501953125 0.639892578125
0.0509681701660156 -0.0459213256835938 0.137771606445313 -0.0244674682617188
0.0278434753417969 -0.0640373229980469 0.22674560546875 -0.75079345703125
-0.00870132446289063 -0.0447463989257813 -0.484130859375 -0.7852783203125
-0.0100364685058594 -0.00217437744140625 -0.82330322265625 -0.0224609374999998
0.00728034973144532 0.0205821990966797 -0.451446533203125 0.514739990234375
0.0223865509033203 0.0274257659912109 -0.0946350097656249 0.507110595703125
0.0148200988769531 0.0159835815429688 0.155258178710938 0.235061645507812
-0.0043025016784668 -0.00507736206054688 0.218994140625 -0.025665283203125
-0.00691795349121094 -0.0246391296386719 -0.140220642089844 -0.0562362670898437
0.0298843383789063 0.0023040771484375 -0.013916015625 -0.33148193359375
0.0325775146484375 0.0187969207763672 0.265380859375 -0.41058349609375
0.0230865478515625 0.0352516174316406 0.611328125 -0.129638671875
-0.0248031616210938 0.041778564453125 0.5750732421875 0.5841064453125
-0.0366058349609375 -0.0250205993652344 0.0861206054687501 1.0076904296875
0.0230979919433594 -0.0545997619628906 -0.30865478515625 0.64544677734375
0.0627403259277344 -0.0515327453613281 0.146530151367188 -0.0236358642578125
0.0234375 -0.0615882873535156 0.212890625 -0.7471923828125
-0.0157756805419922 -0.0299263000488281 -0.50421142578125 -0.7552490234375
-0.0117406845092773 0.0103740692138672 -0.8270263671875 0.0111083984374999
0.00590705871582031 0.015380859375 -0.44384765625 0.533355712890625
0.0214710235595703 0.00866889953613281 -0.0903625488281249 0.510223388671875
0.0153083801269531 -0.00686740875244141 0.155380249023438 0.230453491210938
-0.00423622131347656 -0.016423225402832 0.220001220703125 -0.02862548828125
-0.000114440917968748 -0.0365791320800781 -0.13446044921875 -0.0578155517578125
0.0359687805175781 -0.0218467712402344 -0.012542724609375 -0.333160400390625
0.0399818420410156 -0.0101432800292969 0.265838623046875 -0.415802001953125
0.0226840972900391 0.0246982574462891 0.60955810546875 -0.1302490234375
-0.0338668823242188 0.0506515502929687 0.5787353515625 0.585205078125
-0.0490570068359375 -0.0119781494140625 0.0841064453125001 1.0086669921875
0.0230636596679688 -0.052490234375 -0.310302734375 0.64581298828125
0.0744705200195312 -0.0588226318359375 0.147796630859375 -0.0189666748046875
0.0258941650390625 -0.0588493347167969 0.21759033203125 -0.73846435546875
-0.0209064483642578 -0.0115776062011719 -0.50146484375 -0.74853515625
-0.0138435363769531 0.0249099731445313 -0.83050537109375 0.0169067382812502
0.00130462646484375 0.0149631500244141 -0.44879150390625 0.53887939453125
0.0171432495117188 -0.00938701629638672 -0.095611572265625 0.5126953125
0.0121212005615234 -0.0286102294921875 0.15185546875 0.232177734375
-0.00774192810058594 -0.0286674499511719 0.213836669921875 -0.0259857177734375
0.00147247314453125 -0.0456886291503906 -0.138809204101563 -0.0535125732421875
0.0478134155273438 -0.04864501953125 -0.02099609375 -0.334716796875
0.0399742126464844 -0.0385169982910156 0.2528076171875 -0.4210205078125
0.0174407958984375 0.0150747299194336 0.60638427734375 -0.15142822265625
-0.0395431518554687 0.0645332336425781 0.6058349609375 0.561767578125
-0.0594215393066406 0.00347137451171875 0.1258544921875 1.0003662109375
0.0212860107421875 -0.0518379211425781 -0.29034423828125 0.65496826171875
0.0877227783203125 -0.0632553100585937 0.143325805664063 -0.0140228271484375
0.0269050598144531 -0.0568695068359375 0.23687744140625 -0.73876953125
-0.0237712860107422 0.00294113159179688 -0.48004150390625 -0.77752685546875
-0.016876220703125 0.0394821166992187 -0.83233642578125 -0.0186767578125
-0.00498199462890625 0.0123109817504883 -0.4671630859375 0.519744873046875
0.0121326446533203 -0.0292434692382812 -0.10833740234375 0.504974365234375
0.0141830444335938 -0.0513038635253906 0.145675659179688 0.229598999023438
-0.005126953125 -0.0391616821289063 0.2156982421875 -0.028106689453125
-0.00388717651367187 -0.050872802734375 -0.147964477539062 -0.0480499267578125
0.0531692504882813 -0.07537841796875 -0.0361328125 -0.332977294921875
0.0330619812011719 -0.0582923889160156 0.231658935546875 -0.42913818359375
0.0118770599365234 0.00889968872070313 0.6068115234375 -0.18731689453125
-0.0408172607421875 0.0784454345703125 0.64532470703125 0.50653076171875
-0.0668373107910156 0.0204124450683594 0.19207763671875 0.9722900390625
0.0182876586914063 -0.0497474670410156 -0.2593994140625 0.66302490234375
0.099639892578125 -0.06658935546875 0.132667541503906 -0.006744384765625
0.0329475402832031 -0.0538406372070312 0.27032470703125 -0.7401123046875
-0.0256862640380859 0.015777587890625 -0.435546875 -0.82568359375
-0.0203323364257813 0.0513191223144531 -0.83404541015625 -0.0834350585937499
-0.0112228393554687 0.0118904113769531 -0.49188232421875 0.486053466796875
0.00911712646484374 -0.0435600280761719 -0.128387451171875 0.49566650390625
0.0177154541015625 -0.0706863403320313 0.137939453125 0.229705810546875
-0.00195693969726563 -0.0473403930664063 0.217086791992188 -0.0294036865234375
-0.00433349609375 -0.0526390075683594 -0.157058715820313 -0.0437774658203125
0.0503692626953125 -0.0859603881835938 -0.0556640625 -0.324188232421875
0.0257949829101563 -0.0712127685546875 0.210784912109375 -0.43865966796875
0.00902843475341797 0.00817966461181641 0.6026611328125 -0.241455078125
-0.03839111328125 0.089599609375 0.6876220703125 0.42822265625
-0.0712203979492188 0.036865234375 0.26727294921875 0.921875
0.015411376953125 -0.0466117858886719 -0.22369384765625 0.66400146484375
0.104133605957031 -0.0677032470703125 0.11370849609375 0.000717163085937496
0.0406303405761719 -0.0518074035644531 0.31414794921875 -0.735595703125
-0.0268535614013672 0.0205802917480469 -0.3720703125 -0.8870849609375
-0.0287742614746094 0.0579643249511719 -0.8289794921875 -0.171142578125
-0.017303466796875 0.0100650787353516 -0.52154541015625 0.4405517578125
0.010589599609375 -0.0552101135253906 -0.148773193359375 0.48358154296875
0.0219497680664062 -0.0821990966796875 0.126815795898438 0.234298706054688
-0.00037765502929687 -0.0502853393554688 0.213226318359375 -0.028411865234375
-0.0135822296142578 0.00293827056884766 -0.159591674804687 -0.045745849609375
0.0229835510253906 0.0498809814453125 -0.0543212890625 -0.307098388671875
0.0399742126464844 0.0547714233398437 0.234832763671875 -0.437744140625
0.0284214019775391 0.0318393707275391 0.6160888671875 -0.2607421875
-0.0162496566772461 0.0150728225708008 0.6778564453125 0.4046630859375
-0.0284423828125 -0.0406723022460938 0.24908447265625 0.90020751953125
0.0108642578125 -0.0513381958007813 -0.24285888671875 0.64312744140625
0.0410690307617188 -0.0362358093261719 0.108261108398438 -0.0196914672851563
0.0378303527832031 -0.0611419677734375 0.28515625 -0.768798828125
0.00973129272460937 -0.0595817565917969 -0.4073486328125 -0.89697265625
-0.00169944763183594 -0.0119972229003906 -0.82843017578125 -0.15447998046875
0.00627899169921875 0.0294551849365234 -0.489288330078125 0.45001220703125
0.0144691467285156 0.0558853149414062 -0.1168212890625 0.504791259765625
0.0103416442871094 0.0439491271972656 0.148239135742188 0.251083374023438
-0.00279903411865234 0.00785446166992188 0.21173095703125 -0.0247802734375
-0.01318359375 -0.00315093994140625 -0.151168823242188 -0.0514678955078125
0.0207099914550781 0.0419769287109375 -0.042694091796875 -0.31884765625
0.0355491638183594 0.0522613525390625 0.24774169921875 -0.425750732421875
0.0281829833984375 0.0366630554199219 0.61785888671875 -0.20721435546875
-0.0140190124511719 0.0198974609375 0.63897705078125 0.487060546875
-0.0237312316894531 -0.0403633117675781 0.18536376953125 0.94903564453125
0.0151176452636719 -0.0537109375 -0.27056884765625 0.6478271484375
0.0426445007324219 -0.0418014526367188 0.123420715332031 -0.02508544921875
0.0316619873046875 -0.0655784606933594 0.24566650390625 -0.763427734375
0.000900268554687502 -0.0578536987304688 -0.460693359375 -0.83172607421875
-0.00670242309570312 -0.0118379592895508 -0.83123779296875 -0.07281494140625
0.00974082946777344 0.0230522155761719 -0.4644775390625 0.4937744140625
0.0204391479492188 0.0454750061035156 -0.10107421875 0.511322021484375
0.0151042938232422 0.0328960418701172 0.15618896484375 0.24298095703125
-0.00369906425476074 0.0028533935546875 0.21539306640625 -0.026611328125
-0.00892925262451172 -0.0116567611694336 -0.148208618164063 -0.052703857421875
0.0213603973388672 0.0245151519775391 -0.02777099609375 -0.327880859375
0.0301094055175781 0.0397796630859375 0.2581787109375 -0.41412353515625
0.0254058837890625 0.0373878479003906 0.6177978515625 -0.163330078125
-0.0169525146484375 0.0276889801025391 0.60943603515625 0.5430908203125
-0.0259323120117188 -0.03662109375 0.1309814453125 0.9866943359375
0.0196075439453125 -0.0563888549804687 -0.2882080078125 0.6478271484375
0.0503349304199219 -0.0464401245117188 0.13671875 -0.02679443359375
0.0269699096679688 -0.0638771057128906 0.2154541015625 -0.75848388671875
-0.00904464721679687 -0.044677734375 -0.50140380859375 -0.78192138671875
-0.0100307464599609 -0.00156021118164063 -0.83099365234375 -0.0073852539062501
0.00871467590332031 0.018890380859375 -0.443267822265625 0.5257568359375
0.0234699249267578 0.0291213989257813 -0.084747314453125 0.51220703125
0.0145292282104492 0.0144691467285156 0.16180419921875 0.233078002929688
-0.00398421287536621 -0.00425171852111816 0.220733642578125 -0.0299835205078125
-0.00958251953125 -0.0244903564453125 -0.141952514648438 -0.054412841796875
0.0296955108642578 5.340576171875E-05 -0.02178955078125 -0.3331298828125
0.0315608978271484 0.0181179046630859 0.260009765625 -0.41741943359375
0.0226020812988281 0.0346546173095703 0.612060546875 -0.1419677734375
-0.0242195129394531 0.041961669921875 0.59088134765625 0.57745361328125
-0.035400390625 -0.0262374877929687 0.10491943359375 1.01190185546875
0.0202598571777344 -0.0548896789550781 -0.29766845703125 0.65185546875
0.0601882934570313 -0.053009033203125 0.146224975585938 -0.0252685546875
0.0232200622558594 -0.0632133483886719 0.20086669921875 -0.75335693359375
-0.0166454315185547 -0.0295181274414063 -0.518798828125 -0.75030517578125
-0.0109472274780273 0.0101909637451172 -0.82989501953125 0.0258789062499998
0.00716686248779297 0.0148324966430664 -0.434967041015625 0.543731689453125
0.0220413208007813 0.00812149047851563 -0.08319091796875 0.515655517578125
0.0147600173950195 -0.00800514221191406 0.161102294921875 0.227874755859375
-0.00460147857666016 -0.0165910720825195 0.221237182617188 -0.0329742431640625
-0.000453948974609378 -0.037261962890625 -0.136917114257813 -0.0559158325195313
0.0359649658203125 -0.0225639343261719 -0.01885986328125 -0.335540771484375
0.0395317077636719 -0.0103759765625 0.260711669921875 -0.422210693359375
0.0213756561279297 0.0246295928955078 0.6102294921875 -0.14141845703125
-0.0323143005371094 0.0517768859863281 0.59222412109375 0.57891845703125
-0.0478363037109375 -0.0113296508789063 0.102783203125 1.01129150390625
0.0217933654785156 -0.0525283813476563 -0.3004150390625 0.65545654296875
0.0742340087890625 -0.0584030151367188 0.147491455078125 -0.0196990966796875
0.0243377685546875 -0.0601272583007813 0.20660400390625 -0.74432373046875
-0.0203132629394531 -0.0117053985595703 -0.51824951171875 -0.7430419921875
-0.0125083923339844 0.0243167877197266 -0.8338623046875 0.0320434570312502
0.00110530853271484 0.0146656036376953 -0.44049072265625 0.54827880859375
0.0162448883056641 -0.0106124877929688 -0.087371826171875 0.5162353515625
0.0109386444091797 -0.0287017822265625 0.156539916992188 0.229766845703125
-0.00748634338378906 -0.0280742645263672 0.214508056640625 -0.0310821533203125
-0.000106811523437501 -0.0448722839355469 -0.141403198242188 -0.04998779296875
0.0456886291503906 -0.0491180419921875 -0.02862548828125 -0.336395263671875
0.0400123596191406 -0.0397987365722656 0.24542236328125 -0.429351806640625
0.0172767639160156 0.0154743194580078 0.60711669921875 -0.162353515625
-0.03790283203125 0.06610107421875 0.61993408203125 0.55364990234375
-0.058746337890625 0.00449752807617187 0.1451416015625 1.00250244140625
0.0201568603515625 -0.0525398254394531 -0.28131103515625 0.6627197265625
0.086456298828125 -0.0646743774414063 0.142379760742188 -0.0139007568359375
0.026092529296875 -0.0571823120117188 0.2261962890625 -0.74481201171875
-0.0228252410888672 0.00389862060546875 -0.49383544921875 -0.7733154296875
-0.0150680541992188 0.0390701293945313 -0.83697509765625 -0.00152587890625012
-0.00382900238037109 0.012359619140625 -0.45831298828125 0.531158447265625
0.0102252960205078 -0.0292625427246094 -0.10107421875 0.509307861328125
0.0126266479492188 -0.0508613586425781 0.15106201171875 0.2286376953125
-0.00545501708984375 -0.0389747619628906 0.215179443359375 -0.03240966796875
-0.00526046752929688 -0.0521087646484375 -0.15087890625 -0.045135498046875
0.0513916015625 -0.0756301879882813 -0.04315185546875 -0.33648681640625
0.0314559936523438 -0.0611953735351562 0.22308349609375 -0.43463134765625
0.011469841003418 0.00907993316650391 0.60565185546875 -0.199462890625
-0.0387420654296875 0.0792007446289063 0.65789794921875 0.4974365234375
-0.0659255981445313 0.021820068359375 0.2095947265625 0.974609375
0.0169219970703125 -0.0499343872070313 -0.25 0.66961669921875
0.09844970703125 -0.0692062377929688 0.13165283203125 -0.0078582763671875
0.0323410034179688 -0.0562362670898438 0.25860595703125 -0.7469482421875
-0.0242538452148437 0.0146903991699219 -0.45050048828125 -0.822265625
-0.0197334289550781 0.0513191223144531 -0.84002685546875 -0.0685424804687501
-0.0111274719238281 0.0132875442504883 -0.48516845703125 0.49688720703125
0.007232666015625 -0.0435256958007813 -0.118316650390625 0.500274658203125
0.0162506103515625 -0.0708694458007813 0.141464233398437 0.227981567382813
-0.00395584106445312 -0.0473556518554687 0.218399047851563 -0.0343170166015625
-0.00590133666992187 -0.052978515625 -0.159011840820312 -0.040496826171875
0.0476608276367188 -0.0878219604492188 -0.06195068359375 -0.326080322265625
0.0241775512695312 -0.0731430053710938 0.202606201171875 -0.44317626953125
0.00805330276489258 0.00741720199584961 0.600830078125 -0.25323486328125
-0.0359649658203125 0.0895919799804688 0.70184326171875 0.418701171875
-0.0691757202148438 0.0382347106933594 0.28662109375 0.91961669921875
0.0142593383789063 -0.0452880859375 -0.2137451171875 0.6710205078125
0.103630065917969 -0.0698089599609375 0.113502502441406 0.00122833251953125
0.0403709411621094 -0.054168701171875 0.302734375 -0.74310302734375
-0.0268497467041016 0.0213565826416016 -0.38916015625 -0.88470458984375
-0.0268974304199219 0.0585517883300781 -0.8365478515625 -0.15771484375
-0.0184879302978516 0.0113525390625 -0.5152587890625 0.449798583984375
0.007476806640625 -0.0553970336914063 -0.142303466796875 0.487396240234375
0.0224838256835937 -0.0834579467773438 0.131454467773438 0.233642578125
-0.000610351562500001 -0.05218505859375 0.214645385742188 -0.03369140625
-0.0122213363647461 0.00347709655761719 -0.161468505859375 -0.0427093505859375
0.0242767333984375 0.0487709045410156 -0.061370849609375 -0.309326171875
0.04193115234375 0.0533294677734375 0.2279052734375 -0.44293212890625
0.0290870666503906 0.0318641662597656 0.61279296875 -0.272705078125
-0.0150375366210938 0.0149164199829102 0.688720703125 0.3956298828125
-0.0287055969238281 -0.0408363342285156 0.26519775390625 0.898193359375
0.00946044921875 -0.0526275634765625 -0.23223876953125 0.6505126953125
0.0374755859375 -0.0349273681640625 0.107643127441406 -0.0224685668945313
0.0366249084472656 -0.0635871887207031 0.271484375 -0.77435302734375
0.00955581665039062 -0.060760498046875 -0.4232177734375 -0.89141845703125
-0.00255775451660156 -0.0136690139770508 -0.83306884765625 -0.1387939453125
0.00562858581542969 0.0307502746582031 -0.483306884765625 0.461029052734375
0.015899658203125 0.0563468933105469 -0.108734130859375 0.509796142578125
0.0113258361816406 0.0445785522460938 0.153457641601563 0.25103759765625
-0.00332164764404297 0.00825309753417969 0.210861206054688 -0.0298004150390625
-0.0138177871704102 -0.00133514404296875 -0.152450561523438 -0.0497589111328125
0.0221786499023438 0.0422515869140625 -0.047027587890625 -0.318817138671875
0.035308837890625 0.0536041259765625 0.238311767578125 -0.43255615234375
0.0285530090332031 0.0384979248046875 0.6153564453125 -0.218017578125
-0.0138416290283203 0.0211734771728516 0.65203857421875 0.47576904296875
-0.0231208801269531 -0.0397987365722656 0.20208740234375 0.94903564453125
0.0155754089355469 -0.0557823181152344 -0.2607421875 0.654296875
0.0405540466308594 -0.042724609375 0.123893737792969 -0.0263137817382813
0.0303497314453125 -0.0668182373046875 0.23297119140625 -0.7686767578125
5.72204589843795E-05 -0.0575942993164063 -0.47686767578125 -0.82611083984375
-0.0057821273803711 -0.0101747512817383 -0.836669921875 -0.0565795898437499
0.00972366333007813 0.0231800079345703 -0.457061767578125 0.502044677734375
0.0230865478515625 0.0458488464355469 -0.0914306640625001 0.514617919921875
0.0150051116943359 0.0337276458740234 0.161514282226563 0.239349365234375
-0.00508689880371094 0.00219297409057617 0.214920043945313 -0.031707763671875
-0.00964927673339844 -0.0125160217285156 -0.149032592773438 -0.049041748046875
0.021514892578125 0.0243453979492187 -0.03594970703125 -0.329376220703125
0.0300483703613281 0.0403480529785156 0.249298095703125 -0.419647216796875
0.0252723693847656 0.0377616882324219 0.6173095703125 -0.17559814453125
-0.0169219970703125 0.0289344787597656 0.62054443359375 0.53656005859375
-0.0266075134277344 -0.0372314453125 0.15020751953125 0.98504638671875
0.01751708984375 -0.0567512512207031 -0.27911376953125 0.654052734375
0.0480117797851563 -0.04638671875 0.136016845703125 -0.02685546875
0.0262374877929687 -0.0633125305175781 0.2032470703125 -0.7601318359375
-0.00967025756835938 -0.0457878112792969 -0.51556396484375 -0.77215576171875
-0.00967788696289063 -0.00317096710205078 -0.83203125 0.00677490234375005
0.00860214233398438 0.0199966430664063 -0.436309814453125 0.53582763671875
0.0255241394042969 0.0278415679931641 -0.0759887695312499 0.515411376953125
0.0147132873535156 0.0150346755981445 0.166671752929688 0.232086181640625
-0.00555801391601562 -0.0055999755859375 0.220550537109375 -0.033905029296875
-0.00962448120117188 -0.0226573944091797 -0.144363403320313 -0.052215576171875
0.0285854339599609 -0.000127792358398438 -0.028411865234375 -0.334381103515625
0.0327358245849609 0.0176734924316406 0.2525634765625 -0.4237060546875
0.0226974487304688 0.0348358154296875 0.6138916015625 -0.15264892578125
-0.0220069885253906 0.0426597595214844 0.6031494140625 0.5692138671875
-0.0348587036132813 -0.0260448455810547 0.12286376953125 1.0120849609375
0.02032470703125 -0.0550460815429688 -0.28717041015625 0.65911865234375
0.0591201782226563 -0.0539131164550781 0.144500732421875 -0.0265960693359375
0.0237808227539062 -0.0631828308105469 0.18804931640625 -0.75665283203125
-0.0148868560791016 -0.0283012390136719 -0.53533935546875 -0.74237060546875
-0.0112829208374023 0.00921440124511719 -0.8323974609375 0.0426635742187502
0.00443744659423828 0.0151863098144531 -0.42626953125 0.553131103515625
0.0213413238525391 0.00830078125 -0.07147216796875 0.51995849609375
0.0135507583618164 -0.00722312927246094 0.166656494140625 0.224838256835938
-0.00501346588134766 -0.0164365768432617 0.220596313476563 -0.0374298095703125
-0.00144195556640625 -0.0368309020996094 -0.138816833496094 -0.053314208984375
0.0360832214355469 -0.0225715637207031 -0.02569580078125 -0.333892822265625
0.0380134582519531 -0.0117340087890625 0.25421142578125 -0.4295654296875
0.0219383239746094 0.0230865478515625 0.61138916015625 -0.15185546875
-0.0304946899414062 0.0518150329589844 0.6072998046875 0.5699462890625
-0.0476875305175781 -0.0101737976074219 0.12286376953125 1.01123046875
0.0196342468261719 -0.0537071228027344 -0.29052734375 0.66278076171875
0.071441650390625 -0.059326171875 0.146759033203125 -0.023529052734375
0.0234832763671875 -0.0598831176757813 0.19427490234375 -0.7462158203125
-0.0197048187255859 -0.0113868713378906 -0.53118896484375 -0.73486328125
-0.0113735198974609 0.0252170562744141 -0.83489990234375 0.0460205078125
0.000695228576660157 0.0144824981689453 -0.432403564453125 0.55731201171875
0.016510009765625 -0.0117807388305664 -0.0771484375 0.519805908203125
0.00936317443847656 -0.0295066833496094 0.16241455078125 0.227874755859375
-0.0103034973144531 -0.0290203094482422 0.215423583984375 -0.0354461669921875
-0.000148773193359371 -0.0455513000488281 -0.143310546875 -0.04864501953125
0.045806884765625 -0.0511932373046875 -0.034881591796875 -0.33612060546875
0.0391387939453125 -0.0403518676757812 0.238372802734375 -0.43548583984375
0.0170764923095703 0.0140304565429688 0.6064453125 -0.17578125
-0.0351791381835937 0.0664024353027344 0.63323974609375 0.5435791015625
-0.0579414367675781 0.00492477416992188 0.1630859375 1.0010986328125
0.0201759338378906 -0.0519218444824219 -0.27008056640625 0.66864013671875
0.0848770141601563 -0.06488037109375 0.141006469726563 -0.0174407958984375
0.0262374877929687 -0.0582313537597656 0.2142333984375 -0.74847412109375
-0.0229434967041016 0.00382232666015624 -0.5079345703125 -0.76641845703125
-0.0157623291015625 0.0390434265136719 -0.83905029296875 0.0117187499999999
-0.00417041778564453 0.0133934020996094 -0.450653076171875 0.541168212890625
0.0115966796875 -0.0294513702392578 -0.0920104980468749 0.515380859375
0.01055908203125 -0.0527305603027344 0.15594482421875 0.226043701171875
-0.0066070556640625 -0.0385665893554688 0.2144775390625 -0.0376129150390625
-0.00559234619140625 -0.0506935119628906 -0.151748657226563 -0.041595458984375
0.0497283935546875 -0.076751708984375 -0.04913330078125 -0.33660888671875
0.0301551818847656 -0.060333251953125 0.2161865234375 -0.441253662109375
0.0106410980224609 0.0092620849609375 0.60516357421875 -0.2127685546875
-0.0375289916992188 0.0801010131835938 0.6715087890625 0.48785400390625
-0.06427001953125 0.0226020812988281 0.22894287109375 0.9730224609375
0.0176811218261719 -0.0511550903320313 -0.23870849609375 0.67718505859375
0.0961456298828125 -0.0704727172851563 0.130531311035156 -0.00975799560546875
0.0329055786132813 -0.0570564270019531 0.24639892578125 -0.75
-0.0242996215820313 0.0152149200439453 -0.46624755859375 -0.8140869140625
-0.0200691223144531 0.0513534545898438 -0.84344482421875 -0.0516967773437501
-0.00961780548095703 0.0123968124389648 -0.47711181640625 0.507568359375
0.00756454467773437 -0.0439186096191406 -0.111328125 0.504638671875
0.0151214599609375 -0.0701866149902344 0.147705078125 0.2257080078125
-0.00374221801757813 -0.0471382141113281 0.217147827148438 -0.038787841796875
-0.0077362060546875 -0.0533866882324219 -0.159698486328125 -0.036529541015625
0.0468826293945313 -0.090118408203125 -0.070159912109375 -0.3265380859375
0.021759033203125 -0.0723114013671875 0.196044921875 -0.446990966796875
0.00694751739501953 0.00680398941040039 0.59674072265625 -0.265625
-0.0334320068359375 0.0917205810546875 0.7120361328125 0.40728759765625
-0.0666656494140625 0.0393104553222656 0.3017578125 0.91607666015625
0.0143051147460938 -0.0459747314453125 -0.20343017578125 0.67694091796875
0.102890014648438 -0.0716705322265625 0.1138916015625 0.000488281249999996
0.0391883850097656 -0.0548973083496094 0.29180908203125 -0.74652099609375
-0.0260105133056641 0.0201168060302734 -0.40374755859375 -0.87872314453125
-0.0258827209472656 0.0594139099121094 -0.842529296875 -0.142578125
-0.0175895690917969 0.0119647979736328 -0.508544921875 0.4613037109375
0.00704956054687501 -0.0564498901367188 -0.133209228515625 0.490478515625
0.0192337036132813 -0.084014892578125 0.1370849609375 0.231170654296875
-0.00178146362304688 -0.052947998046875 0.216140747070313 -0.0387725830078125
-0.0133857727050781 0.00393581390380859 -0.1629638671875 -0.0395355224609375
0.0259895324707031 0.0483551025390625 -0.068359375 -0.30767822265625
0.0422286987304688 0.0538978576660156 0.219085693359375 -0.447509765625
0.0299797058105469 0.0320110321044922 0.60858154296875 -0.28472900390625
-0.0137920379638672 0.0166358947753906 0.6976318359375 0.38427734375
-0.0276336669921875 -0.0396270751953125 0.28302001953125 0.89453125
0.00876617431640624 -0.0523529052734375 -0.22332763671875 0.65606689453125
0.03558349609375 -0.0353317260742188 0.106925964355469 -0.0222244262695313
0.0357780456542969 -0.0641288757324219 0.25738525390625 -0.7794189453125
0.00769805908203125 -0.0610923767089844 -0.439697265625 -0.8829345703125
-0.00170516967773438 -0.0138587951660156 -0.83740234375 -0.1253662109375
0.00768852233886719 0.0302009582519531 -0.47393798828125 0.468414306640625
0.0153656005859375 0.056640625 -0.0985107421875 0.51129150390625
0.0119857788085938 0.0436325073242188 0.158126831054687 0.247421264648438
-0.00382423400878906 0.00787210464477539 0.211090087890625 -0.0330047607421875
-0.0133028030395508 -0.00232696533203125 -0.154830932617188 -0.04638671875
0.0221061706542969 0.0418281555175781 -0.055145263671875 -0.318267822265625
0.0371437072753906 0.0537567138671875 0.231658935546875 -0.436004638671875
0.0274887084960938 0.0377540588378906 0.6124267578125 -0.22900390625
-0.0138626098632813 0.0199394226074219 0.66448974609375 0.46466064453125
-0.0226402282714844 -0.0404434204101563 0.219970703125 0.94415283203125
0.0139274597167969 -0.0549697875976563 -0.2486572265625 0.65802001953125
0.0404319763183594 -0.0425605773925781 0.122879028320313 -0.0269012451171875
0.0298347473144531 -0.0667495727539062 0.2188720703125 -0.7716064453125
-0.000198364257812503 -0.0578269958496094 -0.491943359375 -0.814453125
-0.00537872314453125 -0.0123291015625 -0.8375244140625 -0.0409545898437499
0.0100193023681641 0.0246944427490234 -0.44622802734375 0.5115966796875
0.022674560546875 0.0458831787109375 -0.08001708984375 0.517120361328125
0.0152263641357422 0.0341529846191406 0.165908813476563 0.236907958984375
-0.00544261932373047 0.00260114669799805 0.215118408203125 -0.035980224609375
-0.00964927673339844 -0.012481689453125 -0.151138305664063 -0.047119140625
0.0223369598388672 0.0235500335693359 -0.042724609375 -0.32818603515625
0.0303192138671875 0.0398139953613281 0.243133544921875 -0.4237060546875
0.0249786376953125 0.0392913818359375 0.61370849609375 -0.1866455078125
-0.0147304534912109 0.0304222106933594 0.63323974609375 0.52490234375
-0.0260848999023438 -0.0360832214355469 0.1685791015625 0.985107421875
0.0161399841308594 -0.055938720703125 -0.2698974609375 0.6591796875
0.0471458435058594 -0.0478897094726563 0.135353088378906 -0.0283966064453125
0.0240554809570312 -0.0649147033691406 0.18865966796875 -0.76263427734375
-0.0106010437011719 -0.0451774597167969 -0.528076171875 -0.7637939453125
-0.0100679397583008 -0.00240039825439453 -0.832275390625 0.0217895507812499
0.00864410400390625 0.0198135375976563 -0.4254150390625 0.543243408203125
0.0252723693847656 0.0288505554199219 -0.064971923828125 0.517303466796875
0.0148687362670898 0.0165205001831055 0.17083740234375 0.22845458984375
-0.0050811767578125 -0.00520420074462891 0.21942138671875 -0.038482666015625
-0.00969314575195312 -0.0222835540771484 -0.146240234375 -0.048583984375
0.0296440124511719 -0.00136375427246094 -0.035064697265625 -0.333038330078125
0.0328807830810547 0.0179042816162109 0.245330810546875 -0.42633056640625
0.0232524871826172 0.0346736907958984 0.60986328125 -0.16461181640625
-0.0208015441894531 0.0417633056640625 0.61358642578125 0.56005859375
-0.0329856872558594 -0.0242443084716797 0.14306640625 1.010009765625
0.0196189880371094 -0.0558815002441406 -0.276611328125 0.66436767578125
0.0577011108398438 -0.0543785095214844 0.143142700195313 -0.0290069580078125
0.0208320617675781 -0.0648384094238281 0.17523193359375 -0.758544921875
-0.0164661407470703 -0.0295238494873047 -0.54742431640625 -0.73046875
-0.0111217498779297 0.00988960266113281 -0.83282470703125 0.0587158203124999
0.00656986236572266 0.0148630142211914 -0.416229248046875 0.56195068359375
0.0211811065673828 0.00948524475097656 -0.0621948242187499 0.5196533203125
0.0124788284301758 -0.00634956359863281 0.170654296875 0.223678588867188
-0.00568485260009766 -0.0174121856689453 0.221450805664063 -0.042144775390625
-0.00283432006835937 -0.0368232727050781 -0.140518188476563 -0.0508193969726563
0.0346736907958984 -0.024444580078125 -0.0325927734375 -0.3350830078125
0.0377349853515625 -0.0128097534179687 0.2457275390625 -0.433807373046875
0.0211219787597656 0.02398681640625 0.607666015625 -0.16424560546875
-0.0289764404296875 0.0532035827636719 0.618408203125 0.56048583984375
-0.04595947265625 -0.00951004028320313 0.1412353515625 1.00836181640625
0.0194854736328125 -0.0520553588867187 -0.27838134765625 0.668212890625
0.0711441040039063 -0.06170654296875 0.145431518554688 -0.023345947265625
0.022064208984375 -0.0611114501953125 0.17926025390625 -0.749755859375
-0.0195732116699219 -0.0108203887939453 -0.54559326171875 -0.72430419921875
-0.0106792449951172 0.0232982635498047 -0.83563232421875 0.0605468750000001
0.00202846527099609 0.0147542953491211 -0.4208984375 0.564453125
0.0152397155761719 -0.0106563568115234 -0.0665893554687499 0.51959228515625
0.00937080383300781 -0.0297012329101562 0.1663818359375 0.225006103515625
-0.00941848754882813 -0.0283966064453125 0.2125244140625 -0.0399322509765625
-0.00206375122070313 -0.0442276000976563 -0.144439697265625 -0.0442962646484375
0.04498291015625 -0.0517311096191406 -0.041046142578125 -0.335662841796875
0.0378379821777344 -0.0416145324707031 0.2315673828125 -0.43963623046875
0.0166854858398438 0.0141973495483398 0.6044921875 -0.18585205078125
-0.0348014831542969 0.0671958923339844 0.64532470703125 0.53375244140625
-0.0564460754394531 0.00641250610351562 0.182373046875 1.00018310546875
0.0180854797363281 -0.0521240234375 -0.25732421875 0.67333984375
0.0833053588867188 -0.0665130615234375 0.141754150390625 -0.0184173583984375
0.0250015258789062 -0.0588264465332031 0.200439453125 -0.75091552734375
-0.021636962890625 0.00346183776855469 -0.521240234375 -0.7542724609375
-0.0135841369628906 0.0384254455566406 -0.84002685546875 0.0268554687499999
-0.00507545471191406 0.0137367248535156 -0.440521240234375 0.54998779296875
0.0110836029052734 -0.0292797088623047 -0.0816650390624999 0.515411376953125
0.0092010498046875 -0.0514488220214844 0.1593017578125 0.222976684570312
-0.00715255737304688 -0.0392265319824219 0.214874267578125 -0.042266845703125
-0.00620269775390624 -0.0496253967285156 -0.153076171875 -0.0398406982421875
0.0478363037109375 -0.07861328125 -0.058074951171875 -0.3348388671875
0.0280036926269531 -0.0612525939941406 0.209808349609375 -0.4442138671875
0.0113325119018555 0.00961112976074219 0.6019287109375 -0.22467041015625
-0.0351943969726563 0.0814208984375 0.6802978515625 0.47540283203125
-0.0626144409179688 0.0242195129394531 0.24853515625 0.96807861328125
0.0169677734375 -0.0502662658691406 -0.22515869140625 0.6812744140625
0.0944442749023438 -0.0717849731445313 0.130722045898438 -0.0118560791015625
0.0309715270996094 -0.057647705078125 0.23443603515625 -0.7552490234375
-0.0230083465576172 0.0153560638427734 -0.48028564453125 -0.805419921875
-0.0169334411621094 0.0521965026855469 -0.8447265625 -0.0377807617187499
-0.0115251541137695 0.0134506225585937 -0.46826171875 0.51544189453125
0.00691986083984375 -0.0436439514160156 -0.100006103515625 0.50567626953125
0.0134048461914062 -0.0703277587890625 0.151260375976563 0.223648071289063
-0.004669189453125 -0.0472602844238281 0.217239379882813 -0.044281005859375
-0.0084991455078125 -0.05194091796875 -0.16082763671875 -0.033660888671875
0.0447158813476563 -0.0890884399414062 -0.07623291015625 -0.324310302734375
0.0210723876953125 -0.0722808837890625 0.187652587890625 -0.450225830078125
0.00736236572265625 0.00721836090087891 0.5953369140625 -0.276611328125
-0.0313796997070312 0.0918502807617188 0.72222900390625 0.3936767578125
-0.0649490356445313 0.0405082702636719 0.322021484375 0.91180419921875
0.0122756958007813 -0.0448265075683594 -0.19219970703125 0.6790771484375
0.100555419921875 -0.0722198486328125 0.112167358398438 -0.002044677734375
0.038909912109375 -0.0536956787109375 0.2784423828125 -0.75115966796875
-0.0247611999511719 0.0220756530761719 -0.4188232421875 -0.8665771484375
-0.0251655578613281 0.0592689514160156 -0.84600830078125 -0.12591552734375
-0.0169582366943359 0.0127382278442383 -0.49969482421875 0.47027587890625
0.00494003295898437 -0.05499267578125 -0.12469482421875 0.49432373046875
0.0184249877929688 -0.083953857421875 0.140411376953125 0.229019165039063
-0.00289916992187501 -0.0506401062011719 0.212905883789063 -0.0426788330078125
-0.0124378204345703 0.00384330749511719 -0.16326904296875 -0.0360565185546875
0.0270919799804688 0.0476493835449219 -0.074737548828125 -0.305328369140625
0.0428390502929687 0.0517120361328125 0.212371826171875 -0.450164794921875
0.0303268432617188 0.0303382873535156 0.60186767578125 -0.293701171875
-0.0128898620605469 0.0156936645507812 0.7037353515625 0.36944580078125
-0.026702880859375 -0.0400314331054688 0.2979736328125 0.88580322265625
0.00762939453124999 -0.053192138671875 -0.2108154296875 0.65582275390625
0.0336036682128906 -0.0355453491210938 0.104888916015625 -0.0239105224609375
0.0326156616210938 -0.0649681091308594 0.24273681640625 -0.7791748046875
0.0100593566894531 -0.0618362426757813 -0.45538330078125 -0.87176513671875
-0.00255584716796875 -0.012852668762207 -0.8372802734375 -0.10943603515625
0.00766754150390625 0.0309219360351562 -0.463836669921875 0.47772216796875
0.0166664123535156 0.0572929382324219 -0.0884399414062501 0.513214111328125
0.0125312805175781 0.0435714721679688 0.162155151367188 0.243698120117188
-0.00347328186035156 0.00714731216430664 0.21002197265625 -0.038421630859375
-0.0132150650024414 -0.00102043151855468 -0.155654907226563 -0.0426788330078125
0.0224037170410156 0.0402259826660156 -0.06103515625 -0.31610107421875
0.0373725891113281 0.0523414611816406 0.223724365234375 -0.439422607421875
0.0286788940429688 0.0364341735839844 0.60626220703125 -0.23931884765625
-0.0119686126708984 0.0205726623535156 0.67266845703125 0.45220947265625
-0.0219001770019531 -0.0400619506835938 0.23675537109375 0.93792724609375
0.0116081237792969 -0.0543975830078125 -0.2366943359375 0.659912109375
0.0375213623046875 -0.0436782836914063 0.120979309082031 -0.0283889770507813
0.0276756286621094 -0.0661468505859375 0.20355224609375 -0.76983642578125
-0.000461578369140621 -0.0571060180664063 -0.50390625 -0.8028564453125
-0.00604915618896485 -0.010655403137207 -0.83612060546875 -0.02490234375
0.00986480712890625 0.0235157012939453 -0.436737060546875 0.51812744140625
0.0240592956542969 0.0457649230957031 -0.071197509765625 0.51556396484375
0.0154800415039062 0.0333614349365234 0.169326782226563 0.233657836914063
-0.00599479675292969 0.00210809707641602 0.214675903320313 -0.0403900146484375
-0.00971889495849609 -0.0119991302490234 -0.15203857421875 -0.044189453125
0.0234241485595703 0.0228710174560547 -0.048553466796875 -0.327392578125
0.0306816101074219 0.0405426025390625 0.23443603515625 -0.428680419921875
0.0269126892089844 0.0382919311523438 0.61083984375 -0.1973876953125
-0.0132236480712891 0.0296077728271484 0.6414794921875 0.511962890625
-0.025390625 -0.0356979370117187 0.1856689453125 0.977783203125
0.0157432556152344 -0.0551414489746094 -0.25494384765625 0.66278076171875
0.0450897216796875 -0.0469322204589844 0.133773803710937 -0.03021240234375
0.0232048034667969 -0.0657920837402344 0.17608642578125 -0.76348876953125
-0.00988006591796876 -0.0450515747070313 -0.5423583984375 -0.750244140625
-0.00949859619140625 -0.0037384033203125 -0.82965087890625 0.03680419921875
0.00898551940917969 0.0193748474121094 -0.414093017578125 0.5506591796875
0.0249137878417969 0.0288124084472656 -0.05517578125 0.51629638671875
0.0150966644287109 0.0161666870117188 0.1729736328125 0.2255859375
-0.00670814514160156 -0.005828857421875 0.218002319335938 -0.0439453125
-0.0104007720947266 -0.0230617523193359 -0.147293090820313 -0.045745849609375
0.0285739898681641 -0.00198745727539063 -0.040191650390625 -0.33154296875
0.0324935913085938 0.0173187255859375 0.237213134765625 -0.432220458984375
0.024383544921875 0.0347499847412109 0.60711669921875 -0.1759033203125
-0.0206527709960938 0.0423240661621094 0.6268310546875 0.54522705078125
-0.0325241088867188 -0.0243873596191406 0.16143798828125 1.00433349609375
0.017608642578125 -0.0552978515625 -0.26409912109375 0.66790771484375
0.0562019348144531 -0.0525054931640625 0.14202880859375 -0.030487060546875
0.0192832946777344 -0.0651435852050781 0.162109375 -0.7576904296875
-0.0161170959472656 -0.0284175872802734 -0.55828857421875 -0.718994140625
-0.010284423828125 0.00987720489501953 -0.82928466796875 0.0734252929687499
0.00637531280517578 0.0148477554321289 -0.40447998046875 0.56927490234375
0.0212936401367187 0.00918006896972656 -0.052154541015625 0.518402099609375
0.0130825042724609 -0.00722217559814453 0.173858642578125 0.219268798828125
-0.00585269927978516 -0.0173149108886719 0.219345092773437 -0.0473175048828125
-0.00247383117675781 -0.03497314453125 -0.141403198242188 -0.048370361328125
0.0335350036621094 -0.0242881774902344 -0.038330078125 -0.333587646484375
0.0362510681152344 -0.0119094848632813 0.23724365234375 -0.437103271484375
0.0214061737060547 0.0234298706054688 0.60296630859375 -0.17633056640625
-0.0279426574707031 0.0526657104492188 0.62872314453125 0.54736328125
-0.0452499389648438 -0.00868988037109376 0.15838623046875 1.00189208984375
0.0178451538085938 -0.0528526306152344 -0.265869140625 0.6712646484375
0.0698661804199219 -0.0621986389160156 0.143997192382813 -0.024627685546875
0.0203437805175781 -0.0615463256835938 0.167724609375 -0.74908447265625
-0.0200634002685547 -0.0117816925048828 -0.5546875 -0.71112060546875
-0.0115528106689453 0.0245590209960937 -0.831787109375 0.0786132812500001
0.000733375549316405 0.0150012969970703 -0.40997314453125 0.57177734375
0.0154876708984375 -0.00984954833984375 -0.055633544921875 0.521087646484375
0.00792694091796875 -0.0289459228515625 0.169174194335937 0.221466064453125
-0.0111083984375 -0.0286445617675781 0.212921142578125 -0.042816162109375
-0.00227737426757813 -0.0447463989257813 -0.146331787109375 -0.0413665771484375
0.0439720153808594 -0.0524711608886719 -0.047821044921875 -0.335205078125
0.0365829467773438 -0.0412979125976562 0.222503662109375 -0.44122314453125
0.0182876586914063 0.0132541656494141 0.6009521484375 -0.19732666015625
-0.0340385437011719 0.0678329467773438 0.65399169921875 0.5194091796875
-0.0552101135253906 0.00735855102539062 0.199951171875 0.9932861328125
0.01708984375 -0.0511474609375 -0.24749755859375 0.67645263671875
0.0813064575195313 -0.0663681030273438 0.139801025390625 -0.0208053588867188
0.0236854553222656 -0.0581855773925781 0.186767578125 -0.75030517578125
-0.0215625762939453 0.00471878051757812 -0.53546142578125 -0.74267578125
-0.01300048828125 0.0390472412109375 -0.83673095703125 0.0436401367187499
-0.00560379028320312 0.012908935546875 -0.42828369140625 0.557373046875
0.00935173034667968 -0.0287284851074219 -0.07159423828125 0.516754150390625
0.009124755859375 -0.0524978637695313 0.16290283203125 0.22039794921875
-0.00831222534179688 -0.038970947265625 0.213546752929688 -0.046630859375
-0.00789260864257813 -0.0498008728027344 -0.154464721679688 -0.0348663330078125
0.0462799072265625 -0.0802841186523438 -0.063934326171875 -0.333251953125
0.0265769958496094 -0.0616645812988281 0.200225830078125 -0.448211669921875
0.0111885070800781 0.00906276702880859 0.594970703125 -0.2347412109375
-0.0339736938476562 0.082855224609375 0.690185546875 0.461669921875
-0.0610847473144531 0.0249443054199219 0.2655029296875 0.9620361328125
0.016082763671875 -0.0495948791503906 -0.21337890625 0.68145751953125
0.0924072265625 -0.0721435546875 0.128837585449219 -0.013397216796875
0.0310287475585938 -0.056732177734375 0.21966552734375 -0.7542724609375
-0.0221958160400391 0.0154476165771484 -0.49420166015625 -0.7947998046875
-0.0165367126464844 0.0513458251953125 -0.84326171875 -0.0222778320312501
-0.0102176666259766 0.0145759582519531 -0.458984375 0.52227783203125
0.00502777099609375 -0.0438804626464844 -0.09124755859375 0.505279541015625
0.0124549865722656 -0.0702247619628906 0.15472412109375 0.219924926757813
-0.00646209716796875 -0.0463943481445312 0.215835571289063 -0.0489349365234375
-0.00863265991210938 -0.0512428283691406 -0.161422729492188 -0.0308380126953125
0.043212890625 -0.0893478393554687 -0.082733154296875 -0.32086181640625
0.0186538696289063 -0.072845458984375 0.18017578125 -0.45501708984375
0.00663852691650391 0.00823879241943359 0.58636474609375 -0.2877197265625
-0.0287322998046875 0.092742919921875 0.72900390625 0.37957763671875
-0.0634269714355469 0.041412353515625 0.33734130859375 0.9029541015625
0.0110511779785156 -0.0443191528320313 -0.1790771484375 0.681396484375
0.0996780395507813 -0.0742034912109375 0.111053466796875 -0.00264739990234375
0.0382614135742188 -0.0548896789550781 0.2633056640625 -0.75262451171875
-0.0225410461425781 0.0212497711181641 -0.432861328125 -0.8587646484375
-0.0238265991210938 0.0580062866210937 -0.844482421875 -0.109619140625
-0.0167646408081055 0.01324462890625 -0.489654541015625 0.47894287109375
0.0045166015625 -0.054962158203125 -0.115203857421875 0.496795654296875
0.0153884887695313 -0.0845794677734375 0.144760131835937 0.226470947265625
-0.00522994995117188 -0.0502243041992188 0.213088989257813 -0.048553466796875
-0.0145092010498047 0.00592708587646484 -0.165512084960938 -0.032196044921875
0.0278511047363281 0.0455703735351563 -0.079559326171875 -0.303070068359375
0.0430450439453125 0.0517463684082031 0.201995849609375 -0.451629638671875
0.0297775268554687 0.0326747894287109 0.5948486328125 -0.3050537109375
-0.0118389129638672 0.0167007446289063 0.70880126953125 0.35748291015625
-0.0259132385253906 -0.0397567749023438 0.31353759765625 0.87762451171875
0.00591659545898437 -0.0520248413085938 -0.19921875 0.65765380859375
0.0334320068359375 -0.0355110168457031 0.103416442871094 -0.0240478515625
0.0322418212890625 -0.0632095336914063 0.2310791015625 -0.77667236328125
0.0077667236328125 -0.0622749328613281 -0.4632568359375 -0.8592529296875
-0.00149631500244141 -0.0131893157958984 -0.8359375 -0.0947265624999999
0.00687217712402344 0.030029296875 -0.45391845703125 0.483734130859375
0.0179214477539062 0.0572776794433594 -0.0774536132812501 0.512725830078125
0.0126762390136719 0.0426597595214844 0.164901733398438 0.24066162109375
-0.00664472579956055 0.00755834579467774 0.208267211914063 -0.0414886474609375
-0.0141115188598633 -0.00234031677246094 -0.156539916992188 -0.0402374267578125
0.0224494934082031 0.0395584106445313 -0.0672607421875 -0.313385009765625
0.0381622314453125 0.0525398254394531 0.214599609375 -0.441436767578125
0.0292320251464844 0.0380210876464844 0.6011962890625 -0.2467041015625
-0.0102386474609375 0.0215320587158203 0.67724609375 0.4366455078125
-0.0218353271484375 -0.0399856567382813 0.25335693359375 0.931396484375
0.00875091552734375 -0.0536575317382812 -0.22393798828125 0.66180419921875
0.0361175537109375 -0.0419654846191406 0.118873596191406 -0.028839111328125
0.0252494812011719 -0.0679092407226563 0.1917724609375 -0.769287109375
-0.00170516967773438 -0.0582618713378906 -0.51470947265625 -0.7896728515625
-0.00613498687744141 -0.0115365982055664 -0.8321533203125 -0.0113525390624999
0.00919723510742187 0.0229949951171875 -0.427642822265625 0.524627685546875
0.0238380432128906 0.0472640991210938 -0.0606994628906249 0.51568603515625
0.0159053802490234 0.0346965789794922 0.172439575195313 0.229934692382813
-0.00597238540649414 0.00209379196166992 0.21185302734375 -0.0442657470703125
-0.0110569000244141 -0.0109748840332031 -0.15277099609375 -0.0408782958984375
0.022216796875 0.0219230651855469 -0.056427001953125 -0.32550048828125
0.0328865051269531 0.0390281677246094 0.226287841796875 -0.430389404296875
0.0262107849121094 0.0384025573730469 0.604248046875 -0.20550537109375
-0.0128612518310547 0.0287704467773438 0.65167236328125 0.49908447265625
-0.0251274108886719 -0.0358467102050781 0.20428466796875 0.970458984375
0.01458740234375 -0.055206298828125 -0.24609375 0.66259765625
0.0447273254394531 -0.0468215942382812 0.130760192871094 -0.0303421020507813
0.0219001770019531 -0.0666542053222656 0.162841796875 -0.760986328125
-0.0101280212402344 -0.0447196960449219 -0.5479736328125 -0.73797607421875
-0.00722455978393555 -0.003570556640625 -0.8262939453125 0.0516967773437499
0.00917625427246094 0.0186977386474609 -0.4005126953125 0.555938720703125
0.0254077911376953 0.0301036834716797 -0.0479736328125 0.515167236328125
0.014495849609375 0.0156717300415039 0.177139282226563 0.219619750976563
-0.00610828399658203 -0.00499200820922852 0.216598510742188 -0.0473175048828125
-0.0108795166015625 -0.0208473205566406 -0.148880004882813 -0.0426483154296875
0.0283298492431641 -0.00198745727539063 -0.046905517578125 -0.32879638671875
0.0332813262939453 0.01605224609375 0.230255126953125 -0.432586669921875
0.0246219635009766 0.0351104736328125 0.60186767578125 -0.18463134765625
-0.0175247192382813 0.0436592102050781 0.63555908203125 0.5338134765625
-0.0306415557861328 -0.0235118865966797 0.178955078125 0.99652099609375
0.0161399841308594 -0.0544586181640625 -0.25323486328125 0.66845703125
0.054412841796875 -0.0550575256347656 0.141647338867187 -0.0311126708984375
0.0192489624023438 -0.0652008056640625 0.14910888671875 -0.755859375
-0.0161533355712891 -0.0292205810546875 -0.56689453125 -0.7059326171875
-0.00873565673828125 0.00928974151611328 -0.82330322265625 0.0879516601562499
0.00586223602294922 0.0151176452636719 -0.3919677734375 0.57379150390625
0.0218410491943359 0.00804901123046875 -0.0426330566406251 0.517486572265625
0.0121536254882813 -0.0074005126953125 0.176727294921875 0.21624755859375
-0.00889778137207032 -0.0164499282836914 0.2177734375 -0.05169677734375
-0.00380325317382813 -0.0351047515869141 -0.142547607421875 -0.0451507568359375
0.0330848693847656 -0.0251502990722656 -0.0447998046875 -0.33209228515625
0.0369606018066406 -0.0130195617675781 0.230133056640625 -0.4407958984375
0.0211677551269531 0.0225925445556641 0.59979248046875 -0.1868896484375
-0.0255317687988281 0.054443359375 0.6370849609375 0.53466796875
-0.0432510375976563 -0.0076904296875 0.1748046875 0.99432373046875
0.0172805786132812 -0.0533294677734375 -0.25408935546875 0.67132568359375
0.0675315856933594 -0.0619049072265625 0.143203735351563 -0.026824951171875
0.0186996459960938 -0.0615921020507813 0.15399169921875 -0.7459716796875
-0.0186557769775391 -0.0113201141357422 -0.5654296875 -0.6981201171875
-0.00978279113769531 0.0236854553222656 -0.82684326171875 0.0911865234374999
0.000810623168945312 0.0133247375488281 -0.39862060546875 0.576904296875
0.0150060653686523 -0.00995922088623047 -0.04742431640625 0.51885986328125
0.00622940063476562 -0.0280475616455078 0.1732177734375 0.2183837890625
-0.0104846954345703 -0.0284404754638672 0.210433959960938 -0.0485687255859375
-0.00249481201171875 -0.0430068969726563 -0.146881103515625 -0.038055419921875
0.0439186096191406 -0.0527381896972656 -0.05401611328125 -0.332275390625
0.0355644226074219 -0.0413742065429688 0.215789794921875 -0.44647216796875
0.016331672668457 0.0136032104492188 0.5941162109375 -0.20843505859375
-0.0316047668457031 0.0662727355957031 0.66217041015625 0.5081787109375
-0.0533676147460938 0.00685882568359374 0.21466064453125 0.98455810546875
0.0168037414550781 -0.0520591735839844 -0.2333984375 0.6771240234375
0.0799026489257813 -0.0673828125 0.138969421386719 -0.0202255249023438
0.0219917297363281 -0.0588836669921875 0.1739501953125 -0.748291015625
-0.0203514099121094 0.00484657287597656 -0.54345703125 -0.7301025390625
-0.0120582580566406 0.0390357971191406 -0.8343505859375 0.0567626953124998
-0.00550556182861328 0.0145444869995117 -0.418365478515625 0.561553955078125
0.00946998596191407 -0.0279655456542969 -0.061492919921875 0.5150146484375
0.00923538208007813 -0.050994873046875 0.166534423828125 0.215576171875
-0.008941650390625 -0.0381507873535156 0.210693359375 -0.050689697265625
-0.00801467895507812 -0.0473556518554688 -0.15533447265625 -0.032135009765625
0.0436019897460938 -0.0799407958984375 -0.070526123046875 -0.330352783203125
0.0251541137695313 -0.0611953735351563 0.19317626953125 -0.449676513671875
0.0107479095458984 0.0103645324707031 0.591064453125 -0.2445068359375
-0.0306167602539062 0.082366943359375 0.697265625 0.44769287109375
-0.0590362548828125 0.0248374938964844 0.281005859375 0.95147705078125
0.0152244567871094 -0.0485153198242188 -0.19921875 0.68267822265625
0.09075927734375 -0.0716476440429688 0.126235961914063 -0.013763427734375
0.0289230346679688 -0.0567741394042969 0.20648193359375 -0.75335693359375
-0.0204544067382813 0.0171394348144531 -0.50469970703125 -0.78076171875
-0.0159072875976562 0.0517959594726562 -0.84033203125 -0.00830078125000001
-0.0115346908569336 0.0144491195678711 -0.4468994140625 0.528961181640625
0.00447463989257813 -0.0428848266601563 -0.08184814453125 0.50482177734375
0.00996398925781251 -0.0696640014648438 0.157806396484375 0.2159423828125
-0.00844955444335938 -0.0467681884765625 0.21405029296875 -0.05291748046875
-0.0106773376464844 -0.0506019592285156 -0.161483764648438 -0.0272979736328125
0.0409317016601563 -0.0915756225585938 -0.088714599609375 -0.320404052734375
0.0185699462890625 -0.0732192993164062 0.171966552734375 -0.45428466796875
0.00596857070922852 0.00736427307128906 0.5821533203125 -0.29754638671875
-0.0264053344726563 0.09210205078125 0.7349853515625 0.36492919921875
-0.0620346069335938 0.0409889221191406 0.35369873046875 0.892822265625
0.0114288330078125 -0.0448837280273438 -0.16656494140625 0.6805419921875
0.09710693359375 -0.0733184814453125 0.109550476074219 -0.0032196044921875
0.0361976623535156 -0.0558662414550781 0.25201416015625 -0.75213623046875
-0.021331787109375 0.022216796875 -0.44439697265625 -0.8466796875
-0.0208663940429688 0.0601921081542969 -0.84283447265625 -0.0962524414062498
-0.0173988342285156 0.0131311416625977 -0.48065185546875 0.484893798828125
0.00297927856445312 -0.0542488098144531 -0.106689453125 0.495025634765625
0.0153961181640625 -0.0832290649414063 0.147689819335938 0.222763061523438
-0.00489044189453126 -0.0514717102050781 0.2109375 -0.05303955078125
-0.0133829116821289 0.00459957122802734 -0.16485595703125 -0.0303802490234375
0.0268325805664063 0.0451622009277344 -0.084686279296875 -0.2974853515625
0.0454940795898438 0.0509910583496094 0.1943359375 -0.452606201171875
0.0289688110351563 0.0302925109863281 0.586669921875 -0.310546875
-0.0110464096069336 0.0164823532104492 0.71160888671875 0.3428955078125
-0.0250320434570312 -0.0390625 0.3260498046875 0.8660888671875
0.0039825439453125 -0.0518684387207031 -0.18743896484375 0.6561279296875
0.0305023193359375 -0.0365028381347656 0.101249694824219 -0.0244674682617188
0.0310440063476563 -0.0637359619140625 0.21575927734375 -0.7723388671875
0.007568359375 -0.0622482299804688 -0.47442626953125 -0.84722900390625
-0.002410888671875 -0.0149803161621094 -0.83013916015625 -0.0802001953125
0.00727653503417969 0.0310611724853516 -0.442413330078125 0.484619140625
0.0190963745117188 0.0574531555175781 -0.067108154296875 0.51239013671875
0.0134658813476563 0.0440521240234375 0.169189453125 0.236587524414062
-0.00570154190063476 0.00797843933105469 0.20697021484375 -0.0440521240234375
-0.0141191482543945 -0.00094127655029297 -0.15692138671875 -0.0367279052734375
0.02386474609375 0.0373802185058594 -0.0732421875 -0.31036376953125
0.0374221801757813 0.0508346557617188 0.205902099609375 -0.441558837890625
0.0286903381347656 0.0374298095703125 0.5928955078125 -0.25543212890625
-0.0104255676269531 0.0203704833984375 0.683349609375 0.423828125
-0.0220451354980469 -0.0392723083496094 0.2647705078125 0.92230224609375
0.00875473022460937 -0.0531082153320313 -0.21466064453125 0.659912109375
0.0347442626953125 -0.0412330627441406 0.116569519042969 -0.0301284790039063
0.02386474609375 -0.0684280395507813 0.17803955078125 -0.76416015625
-0.00206375122070313 -0.0574378967285156 -0.52264404296875 -0.77581787109375
-0.00496578216552735 -0.0127906799316406 -0.8282470703125 0.00170898437500003
0.009429931640625 0.0233135223388672 -0.41455078125 0.526824951171875
0.024871826171875 0.0454559326171875 -0.05145263671875 0.513275146484375
0.0173549652099609 0.0333232879638672 0.176681518554688 0.226242065429688
-0.00591087341308594 0.0017237663269043 0.211441040039063 -0.0481414794921875
-0.0101642608642578 -0.0110464096069336 -0.15362548828125 -0.0375213623046875
0.0235500335693359 0.0206928253173828 -0.060821533203125 -0.320281982421875
0.0323486328125 0.0378913879394531 0.21856689453125 -0.431427001953125
0.0268745422363281 0.0373573303222656 0.5960693359375 -0.21539306640625
-0.0107650756835938 0.0293445587158203 0.65423583984375 0.48779296875
-0.0240402221679687 -0.0346050262451172 0.218505859375 0.95941162109375
0.01190185546875 -0.0532341003417969 -0.2340087890625 0.66119384765625
0.0420341491699219 -0.0477867126464844 0.129684448242188 -0.0314788818359375
0.0192680358886719 -0.0665512084960937 0.15185546875 -0.75628662109375
-0.0105476379394531 -0.0446205139160156 -0.55706787109375 -0.72442626953125
-0.00822067260742188 -0.00356340408325196 -0.8221435546875 0.0642089843749999
0.00906944274902344 0.0189170837402344 -0.39129638671875 0.557952880859375
0.0265750885009766 0.0290069580078125 -0.037933349609375 0.5128173828125
0.0151462554931641 0.0162792205810547 0.17999267578125 0.21783447265625
-0.00768136978149414 -0.00512409210205078 0.214691162109375 -0.0528564453125
-0.0114612579345703 -0.0207271575927734 -0.147842407226563 -0.0400238037109375
0.0278263092041016 -0.00315093994140625 -0.05126953125 -0.32647705078125
0.0331478118896484 0.017730712890625 0.220947265625 -0.435272216796875
0.0246505737304688 0.0334548950195313 0.59527587890625 -0.19378662109375
-0.0168609619140625 0.0429458618164063 0.64019775390625 0.5213623046875
-0.0303783416748047 -0.0234928131103516 0.191650390625 0.98602294921875
0.01458740234375 -0.0550422668457031 -0.24261474609375 0.667236328125
0.0530509948730469 -0.0540428161621094 0.138381958007813 -0.0333404541015625
0.0188865661621094 -0.0645484924316406 0.136474609375 -0.7515869140625
-0.0165958404541016 -0.029541015625 -0.57342529296875 -0.68951416015625
-0.00926876068115234 0.00917434692382813 -0.816650390625 0.0971069335937499
0.00602817535400391 0.0154829025268555 -0.38079833984375 0.5751953125
0.0214729309082031 0.009033203125 -0.0318603515625 0.5172119140625
0.0135021209716797 -0.00664901733398438 0.179656982421875 0.210067749023437
-0.00883197784423828 -0.0173263549804688 0.214614868164063 -0.0551605224609375
-0.00356674194335937 -0.0354690551757813 -0.14263916015625 -0.0420379638671875
0.0322990417480469 -0.0260238647460937 -0.051025390625 -0.3297119140625
0.0362930297851563 -0.0132598876953125 0.221649169921875 -0.440887451171875
0.0210285186767578 0.0227336883544922 0.592041015625 -0.19305419921875
-0.0264701843261719 0.0548286437988281 0.642822265625 0.520263671875
-0.0429039001464844 -0.00785446166992188 0.190185546875 0.98785400390625
0.0168914794921875 -0.052337646484375 -0.24237060546875 0.67144775390625
0.0651435852050781 -0.0626220703125 0.141220092773438 -0.0267333984375
0.0166549682617188 -0.0612678527832031 0.14300537109375 -0.74176025390625
-0.0177135467529297 -0.0113124847412109 -0.57177734375 -0.683837890625
-0.0102806091308594 0.0232105255126953 -0.82049560546875 0.1051025390625
0.000450134277343749 0.0138864517211914 -0.38427734375 0.5789794921875
0.0151395797729492 -0.00913715362548828 -0.038177490234375 0.517242431640625
0.00739288330078125 -0.0281639099121094 0.175567626953125 0.213638305664063
-0.0116806030273438 -0.0275993347167969 0.208343505859375 -0.052001953125
-0.00431442260742188 -0.0427207946777344 -0.147262573242188 -0.0362091064453125
0.0404434204101563 -0.0538368225097656 -0.06005859375 -0.32989501953125
0.0348587036132813 -0.0418014526367188 0.20758056640625 -0.4451904296875
0.0169563293457031 0.0137796401977539 0.5885009765625 -0.21478271484375
-0.0297393798828125 0.0673599243164063 0.66748046875 0.494384765625
-0.0530891418457031 0.00782394409179688 0.23095703125 0.9744873046875
0.0156707763671875 -0.0509986877441406 -0.2220458984375 0.67706298828125
0.0787277221679688 -0.067840576171875 0.13665771484375 -0.0217971801757813
0.021484375 -0.0591468811035156 0.16119384765625 -0.743408203125
-0.0196857452392578 0.00437545776367187 -0.55108642578125 -0.71453857421875
-0.0110740661621094 0.0382270812988281 -0.82598876953125 0.0723876953124999
-0.00456619262695312 0.0145244598388672 -0.4041748046875 0.5645751953125
0.00825119018554687 -0.0278148651123047 -0.05279541015625 0.512237548828125
0.00678253173828125 -0.0505104064941406 0.168899536132813 0.212631225585938
-0.00963211059570313 -0.0381278991699219 0.209915161132813 -0.05419921875
-0.00960922241210937 -0.0482902526855469 -0.154266357421875 -0.029632568359375
0.0425338745117188 -0.0801620483398438 -0.076141357421875 -0.327484130859375
0.023712158203125 -0.0610427856445313 0.1849365234375 -0.450469970703125
0.0108404159545898 0.010009765625 0.58441162109375 -0.25177001953125
-0.0284500122070313 0.0813217163085937 0.70184326171875 0.4334716796875
-0.0568733215332031 0.0260353088378906 0.2955322265625 0.9403076171875
0.0134963989257813 -0.04803466796875 -0.189453125 0.67913818359375
0.0890045166015625 -0.0736236572265625 0.124435424804688 -0.01519775390625
0.0280990600585938 -0.0582160949707031 0.19232177734375 -0.7496337890625
-0.0201435089111328 0.0163860321044922 -0.5120849609375 -0.76739501953125
-0.0142669677734375 0.0509490966796875 -0.83587646484375 0.00518798828125013
-0.0110511779785156 0.0155162811279297 -0.435150146484375 0.53204345703125
0.00360870361328125 -0.0427322387695312 -0.0736389160156251 0.50384521484375
0.00939941406250001 -0.0704116821289063 0.16070556640625 0.21282958984375
-0.00888442993164062 -0.0467414855957031 0.211395263671875 -0.0569610595703125
-0.0101737976074219 -0.04974365234375 -0.163177490234375 -0.0234527587890625
0.0387954711914063 -0.092071533203125 -0.0926513671875 -0.3170166015625
0.0155715942382812 -0.072418212890625 0.16357421875 -0.45599365234375
0.00657320022583008 0.0077052116394043 0.572021484375 -0.30462646484375
-0.0253677368164062 0.0930404663085938 0.73675537109375 0.34906005859375
-0.0585136413574219 0.0409812927246094 0.36407470703125 0.88140869140625
0.0100975036621094 -0.0435066223144531 -0.15679931640625 0.6788330078125
0.0954208374023438 -0.073333740234375 0.107162475585938 -0.00414276123046876
0.0354423522949219 -0.0551910400390625 0.23748779296875 -0.7486572265625
-0.0211811065673828 0.0213165283203125 -0.4542236328125 -0.83172607421875
-0.0212326049804688 0.0590553283691406 -0.84112548828125 -0.0802001953125001
-0.0177726745605469 0.013946533203125 -0.470550537109375 0.48931884765625
0.00284576416015625 -0.0541572570800781 -0.09747314453125 0.49481201171875
0.0148391723632813 -0.0840911865234375 0.150772094726563 0.2186279296875
-0.0055694580078125 -0.0507926940917969 0.209274291992188 -0.0565643310546875
-0.0139017105102539 0.00505542755126953 -0.164642333984375 -0.0274658203125
0.0283050537109375 0.0443382263183594 -0.08837890625 -0.295257568359375
0.0449981689453125 0.0513076782226563 0.186492919921875 -0.453033447265625
0.0283889770507813 0.0312957763671875 0.57806396484375 -0.315673828125
-0.0104799270629883 0.0158624649047852 0.71356201171875 0.333251953125
-0.0244026184082031 -0.0377845764160156 0.33392333984375 0.85638427734375
0.00357818603515625 -0.0515174865722656 -0.17840576171875 0.65179443359375
0.0295372009277344 -0.0351982116699219 0.0995941162109375 -0.0255508422851563
0.029296875 -0.0648078918457031 0.2041015625 -0.7679443359375
0.00862121582031249 -0.0615272521972656 -0.48101806640625 -0.83074951171875
-0.001800537109375 -0.0142507553100586 -0.82684326171875 -0.0683593749999999
0.00853157043457031 0.029571533203125 -0.431915283203125 0.4893798828125
0.0198822021484375 0.0577888488769531 -0.059722900390625 0.508544921875
0.0135955810546875 0.0418663024902344 0.172470092773438 0.232391357421875
-0.00606441497802734 0.0075225830078125 0.204910278320313 -0.0472412109375
-0.015192985534668 -0.000515937805175778 -0.158843994140625 -0.033660888671875
0.0244636535644531 0.037353515625 -0.076904296875 -0.30889892578125
0.0395584106445313 0.0508651733398437 0.19842529296875 -0.441436767578125
0.0288009643554688 0.0374374389648438 0.58746337890625 -0.26226806640625
-0.00960350036621094 0.0213279724121094 0.6849365234375 0.41253662109375
-0.0208053588867188 -0.0399436950683594 0.27789306640625 0.910888671875
0.0084381103515625 -0.0544013977050781 -0.20294189453125 0.6573486328125
0.0323829650878906 -0.04193115234375 0.114768981933594 -0.0302734375
0.0220451354980469 -0.067779541015625 0.16607666015625 -0.76031494140625
-0.00264739990234375 -0.0573883056640625 -0.5283203125 -0.76434326171875
-0.00612545013427734 -0.0124111175537109 -0.8226318359375 0.0144653320312502
0.00951766967773438 0.0222492218017578 -0.4044189453125 0.53094482421875
0.0254173278808594 0.0450515747070313 -0.0423583984375 0.511322021484375
0.0169792175292969 0.0325736999511719 0.178146362304688 0.221176147460938
-0.00709152221679688 0.000734806060791014 0.207809448242187 -0.05126953125
-0.0102663040161133 -0.010218620300293 -0.152938842773438 -0.0354766845703125
0.0241603851318359 0.0201492309570313 -0.06561279296875 -0.317779541015625
0.0321922302246094 0.0374603271484375 0.2122802734375 -0.430511474609375
0.0272903442382813 0.0384483337402344 0.5902099609375 -0.2222900390625
-0.0106277465820313 0.0292320251464844 0.658447265625 0.47283935546875
-0.0235576629638672 -0.0344009399414063 0.23004150390625 0.94952392578125
0.0114631652832031 -0.0544319152832031 -0.22332763671875 0.6602783203125
0.0420265197753906 -0.0471382141113281 0.127647399902344 -0.032135009765625
0.0192642211914063 -0.0653762817382813 0.14007568359375 -0.749267578125
-0.0089569091796875 -0.0446014404296875 -0.5615234375 -0.71063232421875
-0.00830745697021485 -0.00310754776000976 -0.8138427734375 0.0745849609374999
0.00924491882324219 0.0190010070800781 -0.380767822265625 0.558746337890625
0.0254383087158203 0.0296249389648438 -0.029693603515625 0.51165771484375
0.0156040191650391 0.0163822174072266 0.181869506835938 0.21221923828125
-0.00683784484863281 -0.00536775588989258 0.210922241210938 -0.0567626953125
-0.0116424560546875 -0.0208549499511719 -0.148574829101563 -0.036590576171875
0.0278739929199219 -0.0043487548828125 -0.056427001953125 -0.322540283203125
0.0322628021240234 0.0160655975341797 0.213287353515625 -0.436370849609375
0.0234451293945313 0.0331287384033203 0.58966064453125 -0.200927734375
-0.0150299072265625 0.0431022644042969 0.644775390625 0.5087890625
-0.0296630859375 -0.0230445861816406 0.20330810546875 0.9765625
0.0139045715332031 -0.0537071228027344 -0.23150634765625 0.6650390625
0.0518417358398438 -0.055450439453125 0.136810302734375 -0.0331344604492188
0.0165863037109375 -0.0637359619140625 0.12677001953125 -0.74481201171875
-0.0156192779541016 -0.0300540924072266 -0.57684326171875 -0.677978515625
-0.00829696655273438 0.00900650024414063 -0.81060791015625 0.11004638671875
0.00583553314208984 0.0152931213378906 -0.36944580078125 0.57647705078125
0.0214862823486328 0.00914955139160156 -0.026336669921875 0.511932373046875
0.0118017196655273 -0.00627040863037109 0.180648803710938 0.20654296875
-0.00840473175048828 -0.0170745849609375 0.212493896484375 -0.0590362548828125
-0.00392532348632812 -0.0351524353027344 -0.143325805664062 -0.039520263671875
0.0324611663818359 -0.0267429351806641 -0.05419921875 -0.326507568359375
0.0361442565917969 -0.0133857727050781 0.212677001953125 -0.442474365234375
0.0213756561279297 0.0230808258056641 0.58599853515625 -0.2021484375
-0.0245513916015625 0.0538139343261719 0.6463623046875 0.5086669921875
-0.0399894714355469 -0.00719070434570312 0.2022705078125 0.9771728515625
0.0150680541992188 -0.0512542724609375 -0.23291015625 0.6693115234375
0.0652427673339844 -0.0605697631835937 0.1396484375 -0.0278701782226563
0.0164833068847656 -0.0605888366699219 0.13311767578125 -0.7366943359375
-0.0184249877929687 -0.0110397338867188 -0.57427978515625 -0.66943359375
-0.00996780395507812 0.0247154235839844 -0.8131103515625 0.11614990234375
0.00197601318359375 0.014042854309082 -0.37445068359375 0.57958984375
0.014643669128418 -0.00880146026611328 -0.031097412109375 0.513671875
0.00610160827636719 -0.0266628265380859 0.177413940429688 0.210662841796875
-0.0116767883300781 -0.0269603729248047 0.20635986328125 -0.0552978515625
-0.00527572631835937 -0.0415611267089844 -0.146072387695313 -0.033660888671875
0.040435791015625 -0.0550727844238281 -0.06365966796875 -0.32708740234375
0.0334510803222656 -0.0425033569335938 0.198486328125 -0.446868896484375
0.0159683227539063 0.0133848190307617 0.5811767578125 -0.2235107421875
-0.027618408203125 0.0675773620605469 0.6697998046875 0.48297119140625
-0.0506515502929687 0.00817489624023438 0.24273681640625 0.9638671875
0.0150527954101563 -0.0501823425292969 -0.2135009765625 0.6748046875
0.0760726928710938 -0.0679931640625 0.134552001953125 -0.0224227905273438
0.0202484130859375 -0.0578536987304688 0.15087890625 -0.7384033203125
-0.0184421539306641 0.00397682189941406 -0.55487060546875 -0.70050048828125
-0.0104637145996094 0.0389251708984375 -0.819091796875 0.0836181640625001
-0.00380229949951172 0.0148553848266602 -0.3927001953125 0.566162109375
0.00799942016601563 -0.0275669097900391 -0.045745849609375 0.509063720703125
0.00596618652343751 -0.0499076843261719 0.169464111328125 0.208343505859375
-0.0100326538085937 -0.038116455078125 0.206375122070313 -0.0587310791015625
-0.00999069213867188 -0.04730224609375 -0.154098510742187 -0.0255126953125
0.041595458984375 -0.0810546875 -0.08074951171875 -0.323822021484375
0.0234184265136719 -0.0608940124511719 0.177398681640625 -0.44903564453125
0.0105533599853516 0.00996685028076172 0.5762939453125 -0.2596435546875
-0.0264968872070313 0.08148193359375 0.70556640625 0.4227294921875
-0.0555534362792969 0.0250663757324219 0.3055419921875 0.92901611328125
0.0140151977539062 -0.0485267639160156 -0.17938232421875 0.677001953125
0.086334228515625 -0.0725250244140625 0.1236572265625 -0.0159149169921875
0.0273323059082031 -0.05792236328125 0.18341064453125 -0.7440185546875
-0.0189399719238281 0.0146675109863281 -0.517333984375 -0.7523193359375
-0.0140876770019531 0.0513496398925781 -0.8297119140625 0.0187377929687501
-0.011479377746582 0.0150413513183594 -0.422271728515625 0.534423828125
0.00410079956054687 -0.04217529296875 -0.067047119140625 0.499481201171875
0.00771713256835937 -0.0690155029296875 0.162307739257812 0.208541870117187
-0.00893020629882813 -0.0462112426757813 0.209121704101563 -0.0604400634765625
-0.009735107421875 -0.0478363037109375 -0.161483764648438 -0.021209716796875
0.036712646484375 -0.0912704467773438 -0.09759521484375 -0.3118896484375
0.0144271850585937 -0.0707855224609375 0.1572265625 -0.45660400390625
0.00715351104736328 0.00755548477172851 0.56353759765625 -0.3116455078125
-0.0230178833007813 0.0909500122070312 0.73724365234375 0.3375244140625
-0.0579833984375 0.0423240661621094 0.37652587890625 0.86871337890625
0.0103836059570312 -0.0432815551757813 -0.14495849609375 0.6748046875
0.0925140380859375 -0.0748977661132813 0.106277465820313 -0.005218505859375
0.0347213745117187 -0.0560989379882813 0.224365234375 -0.74432373046875
-0.0189685821533203 0.0222911834716797 -0.46258544921875 -0.81982421875
-0.0191993713378906 0.0582771301269531 -0.83624267578125 -0.0686645507812499
-0.0181331634521484 0.0138683319091797 -0.458984375 0.4918212890625
0.00104904174804687 -0.0531120300292969 -0.091339111328125 0.49102783203125
0.012054443359375 -0.0821075439453125 0.15240478515625 0.215591430664063
-0.00735855102539063 -0.0504379272460938 0.205398559570313 -0.0587921142578125
-0.0141506195068359 0.00616645812988281 -0.16253662109375 -0.0249176025390625
0.0281028747558594 0.04302978515625 -0.091400146484375 -0.29241943359375
0.0443763732910156 0.0495376586914063 0.1807861328125 -0.44976806640625
0.0275650024414063 0.0307960510253906 0.57098388671875 -0.3206787109375
-0.0100460052490234 0.0160551071166992 0.71197509765625 0.32073974609375
-0.0233535766601562 -0.0387496948242188 0.34136962890625 0.84307861328125
0.00415420532226562 -0.050140380859375 -0.16986083984375 0.64849853515625
0.0283012390136719 -0.0356178283691406 0.0973281860351563 -0.0259017944335938
0.0274581909179688 -0.0637397766113281 0.19390869140625 -0.76318359375
0.00838470458984375 -0.0613784790039063 -0.48760986328125 -0.8179931640625
-0.00199317932128906 -0.0150327682495117 -0.81982421875 -0.0582275390625
0.00767135620117188 0.0304946899414062 -0.42236328125 0.49072265625
0.0206260681152344 0.0571670532226563 -0.0506286621093749 0.504913330078125
0.0130043029785156 0.0419502258300781 0.173583984375 0.229690551757813
-0.00587654113769531 0.00654506683349609 0.201507568359375 -0.0504302978515625
-0.0138235092163086 0.000179290771484373 -0.15667724609375 -0.03125
0.0241851806640625 0.03741455078125 -0.07952880859375 -0.303985595703125
0.0394554138183594 0.0511970520019531 0.1925048828125 -0.439605712890625
0.0283851623535156 0.0370216369628906 0.57696533203125 -0.265380859375
-0.00844764709472656 0.0211219787597656 0.68597412109375 0.400390625
-0.020263671875 -0.0390396118164062 0.2884521484375 0.8985595703125
0.00758743286132813 -0.0529403686523438 -0.19561767578125 0.65240478515625
0.0313148498535156 -0.0407829284667969 0.112228393554687 -0.030181884765625
0.0218925476074219 -0.0677680969238281 0.158203125 -0.75146484375
-0.00233840942382813 -0.0573272705078125 -0.531494140625 -0.7510986328125
-0.00608539581298828 -0.0125408172607422 -0.81396484375 0.0227050781249999
0.00960731506347656 0.0234336853027344 -0.393707275390625 0.529510498046875
0.0259437561035156 0.0451850891113281 -0.03656005859375 0.506561279296875
0.0161533355712891 0.0322113037109375 0.179550170898438 0.21697998046875
-0.00772190093994141 0.00187158584594727 0.206695556640625 -0.053619384765625
-0.0108318328857422 -0.00990772247314453 -0.151214599609375 -0.03131103515625
0.0236873626708984 0.0201835632324219 -0.069671630859375 -0.31402587890625
0.0331268310546875 0.0396156311035156 0.20452880859375 -0.43133544921875
0.0270843505859375 0.0377044677734375 0.58392333984375 -0.22650146484375
-0.00921249389648438 0.0306224822998047 0.6595458984375 0.46142578125
-0.0216522216796875 -0.0348834991455078 0.23858642578125 0.93878173828125
0.0101585388183594 -0.0530357360839844 -0.21356201171875 0.65582275390625
0.0394248962402344 -0.0463981628417969 0.126686096191406 -0.0326309204101563
0.0173263549804688 -0.0659942626953125 0.13055419921875 -0.74432373046875
-0.00945281982421875 -0.0456314086914062 -0.5633544921875 -0.69586181640625
-0.00697898864746094 -0.00311899185180664 -0.80401611328125 0.0855102539062499
0.00834083557128906 0.0184040069580078 -0.369537353515625 0.560302734375
0.0261707305908203 0.0280284881591797 -0.02288818359375 0.506622314453125
0.0159788131713867 0.0161647796630859 0.182235717773438 0.207794189453125
-0.00795269012451172 -0.00610971450805664 0.20928955078125 -0.057403564453125
-0.0129623413085938 -0.0189933776855469 -0.147567749023438 -0.033782958984375
0.0279960632324219 -0.0048980712890625 -0.05975341796875 -0.3204345703125
0.0327568054199219 0.0154914855957031 0.20745849609375 -0.43572998046875
0.0252761840820313 0.0339183807373047 0.5821533203125 -0.20654296875
-0.0141677856445313 0.04058837890625 0.645751953125 0.49609375
-0.0281124114990234 -0.0223636627197266 0.21319580078125 0.963134765625
0.0129890441894531 -0.0541839599609375 -0.22119140625 0.66009521484375
0.0502815246582031 -0.0546684265136719 0.135124206542969 -0.0325851440429688
0.0161476135253906 -0.0635986328125 0.1168212890625 -0.73846435546875
-0.0146255493164063 -0.0278873443603516 -0.58001708984375 -0.6656494140625
-0.00830698013305664 0.00820732116699219 -0.8021240234375 0.1202392578125
0.00541591644287109 0.0150232315063477 -0.35906982421875 0.5751953125
0.0217742919921875 0.00846481323242188 -0.01995849609375 0.50799560546875
0.0121040344238281 -0.00600624084472656 0.182037353515625 0.202072143554688
-0.0087118148803711 -0.0164766311645508 0.208602905273438 -0.0615234375
-0.00547218322753906 -0.0341224670410156 -0.142547607421875 -0.0371856689453125
0.032318115234375 -0.0255355834960938 -0.05889892578125 -0.323272705078125
0.0339393615722656 -0.0126285552978516 0.206573486328125 -0.442779541015625
0.0210609436035156 0.0218448638916016 0.57794189453125 -0.2066650390625
-0.0224990844726563 0.0536422729492188 0.64862060546875 0.4951171875
-0.0378303527832031 -0.00763320922851563 0.21044921875 0.9652099609375
0.0140762329101563 -0.051513671875 -0.2227783203125 0.66522216796875
0.0626068115234375 -0.0614166259765625 0.136878967285156 -0.0285263061523438
0.016082763671875 -0.060821533203125 0.1248779296875 -0.7296142578125
-0.0156126022338867 -0.0113506317138672 -0.57684326171875 -0.65740966796875
-0.00876998901367188 0.0232868194580078 -0.80242919921875 0.12493896484375
0.000613212585449219 0.0144205093383789 -0.36376953125 0.57861328125
0.0146884918212891 -0.00914573669433594 -0.02459716796875 0.508941650390625
0.00728607177734375 -0.0264625549316406 0.17852783203125 0.205657958984375
-0.0135383605957031 -0.0279598236083984 0.20361328125 -0.0589599609375
-0.00516510009765625 -0.0409355163574219 -0.145858764648438 -0.0314483642578125
0.0389328002929687 -0.0547981262207031 -0.06744384765625 -0.32366943359375
0.0319099426269531 -0.0416908264160156 0.19189453125 -0.44573974609375
0.0154666900634766 0.0134296417236328 0.573486328125 -0.2279052734375
-0.026519775390625 0.0672836303710938 0.67083740234375 0.46685791015625
-0.0500526428222656 0.00876617431640626 0.2508544921875 0.9512939453125
0.0148468017578125 -0.0501289367675781 -0.20306396484375 0.67071533203125
0.0733795166015625 -0.0672073364257813 0.133399963378906 -0.022491455078125
0.0199203491210937 -0.0577201843261719 0.14215087890625 -0.732666015625
-0.0168390274047852 0.00414371490478516 -0.5567626953125 -0.6871337890625
-0.0105743408203125 0.0375747680664063 -0.81097412109375 0.0911865234375
-0.00499343872070312 0.0151824951171875 -0.38360595703125 0.565185546875
0.0070343017578125 -0.027069091796875 -0.037841796875 0.5050048828125
0.00499725341796875 -0.0489501953125 0.17108154296875 0.203872680664063
-0.0108833312988281 -0.0383262634277344 0.203857421875 -0.0608367919921875
-0.00992584228515626 -0.0446090698242188 -0.1541748046875 -0.0249481201171875
0.0396804809570313 -0.0804214477539063 -0.08306884765625 -0.3201904296875
0.0235595703125 -0.0598220825195313 0.16912841796875 -0.447998046875
0.0103988647460938 0.0102691650390625 0.56927490234375 -0.26348876953125
-0.0252532958984375 0.0799942016601563 0.70458984375 0.4073486328125
-0.0553436279296875 0.0266304016113281 0.31317138671875 0.91546630859375
0.0130653381347656 -0.0487098693847656 -0.1697998046875 0.67132568359375
0.0847091674804688 -0.072113037109375 0.122787475585938 -0.0157928466796875
0.025726318359375 -0.0574569702148437 0.1728515625 -0.73760986328125
-0.0183086395263672 0.0141010284423828 -0.520751953125 -0.7396240234375
-0.0122642517089844 0.0493659973144531 -0.82293701171875 0.0277099609374999
-0.0106029510498047 0.013972282409668 -0.413299560546875 0.535675048828125
0.00298309326171875 -0.0396995544433594 -0.0594482421875 0.49627685546875
0.0063934326171875 -0.0686073303222656 0.16339111328125 0.204849243164062
-0.00945663452148438 -0.0447311401367188 0.2052001953125 -0.0629730224609375
-0.0116386413574219 -0.0457725524902344 -0.161087036132813 -0.0181732177734375
0.0347137451171875 -0.0910186767578125 -0.101470947265625 -0.308197021484375
0.0128860473632813 -0.0705108642578125 0.1490478515625 -0.454071044921875
0.00630617141723633 0.00795269012451172 0.5572509765625 -0.317535400390625
-0.0218887329101562 0.0902023315429688 0.7362060546875 0.32305908203125
-0.0546379089355469 0.0427970886230469 0.383056640625 0.8551025390625
0.009246826171875 -0.0423545837402344 -0.13836669921875 0.66986083984375
0.0919876098632813 -0.0735855102539063 0.10394287109375 -0.00502014160156251
0.0333328247070312 -0.0531539916992188 0.21588134765625 -0.73577880859375
-0.0183086395263672 0.0219974517822266 -0.4666748046875 -0.80767822265625
-0.0193367004394531 0.0572395324707031 -0.82794189453125 -0.0578002929687498
-0.0162420272827148 0.0157556533813477 -0.449310302734375 0.49212646484375
0.0023345947265625 -0.0514755249023437 -0.08270263671875 0.486602783203125
0.0110015869140625 -0.0801773071289063 0.153915405273438 0.211441040039063
-0.00839614868164063 -0.0493431091308594 0.2032470703125 -0.062286376953125
-0.0131263732910156 0.00584030151367188 -0.161483764648438 -0.022216796875
0.0286979675292969 0.0439300537109375 -0.094879150390625 -0.28863525390625
0.0445442199707031 0.0501556396484375 0.17437744140625 -0.447265625
0.0296497344970703 0.0313854217529297 0.561431884765625 -0.32171630859375
-0.00777816772460938 0.0156526565551758 0.70953369140625 0.3094482421875
-0.0215301513671875 -0.0378494262695313 0.347900390625 0.8330078125
0.00201034545898437 -0.0485191345214844 -0.16357421875 0.6435546875
0.0255870819091797 -0.0338039398193359 0.095306396484375 -0.0247650146484375
0.0266609191894531 -0.0629386901855469 0.1846923828125 -0.75421142578125
0.00820541381835937 -0.0612411499023438 -0.48773193359375 -0.80499267578125
-0.00218677520751953 -0.0151796340942383 -0.8133544921875 -0.0491943359375
0.00713920593261719 0.0296287536621094 -0.412261962890625 0.489990234375
0.0215225219726562 0.0566024780273438 -0.044158935546875 0.5
0.0147438049316406 0.0406875610351563 0.1749267578125 0.225265502929688
-0.00692510604858398 0.00677585601806641 0.200408935546875 -0.0524444580078125
-0.0130615234375 0.000152587890625 -0.157058715820312 -0.0302581787109375
0.02398681640625 0.0359344482421875 -0.081695556640625 -0.29974365234375
0.0407371520996094 0.0510940551757813 0.1864013671875 -0.4381103515625
0.0286979675292969 0.0380058288574219 0.57073974609375 -0.2703857421875
-0.00649070739746094 0.0192756652832031 0.68548583984375 0.39044189453125
-0.0185813903808594 -0.0399665832519531 0.2926025390625 0.88616943359375
0.00691604614257812 -0.0527153015136719 -0.187744140625 0.6488037109375
0.0311279296875 -0.041351318359375 0.111373901367188 -0.0313034057617188
0.0225715637207031 -0.0665359497070313 0.1497802734375 -0.74420166015625
-0.00202560424804687 -0.0567169189453125 -0.5322265625 -0.7362060546875
-0.0048980712890625 -0.0142593383789063 -0.80694580078125 0.0323486328124999
0.0109920501708984 0.0240325927734375 -0.3846435546875 0.5264892578125
0.0258522033691406 0.0440521240234375 -0.02899169921875 0.50244140625
0.0175876617431641 0.0333003997802734 0.180953979492188 0.214035034179688
-0.00844573974609375 0.00267314910888672 0.205062866210937 -0.05633544921875
-0.0127973556518555 -0.0110330581665039 -0.150909423828125 -0.0305633544921875
0.0224113464355469 0.0180873870849609 -0.072540283203125 -0.31195068359375
0.0326881408691406 0.0393791198730469 0.19927978515625 -0.42681884765625
0.0265083312988281 0.0372657775878906 0.5736083984375 -0.23046875
-0.00913619995117187 0.0299301147460938 0.6593017578125 0.45111083984375
-0.0201969146728516 -0.0338535308837891 0.24365234375 0.92633056640625
0.0107574462890625 -0.0527000427246094 -0.2069091796875 0.65118408203125
0.0383834838867188 -0.0470695495605469 0.121925354003906 -0.0325164794921875
0.0178756713867188 -0.0651473999023438 0.12274169921875 -0.73699951171875
-0.0116920471191406 -0.0450477600097656 -0.56512451171875 -0.6812744140625
-0.00821018218994141 -0.005035400390625 -0.796875 0.09228515625
0.00972938537597656 0.0176620483398438 -0.3594970703125 0.55853271484375
0.0264263153076172 0.0283393859863281 -0.0169677734375 0.502105712890625
0.0154314041137695 0.0156106948852539 0.182968139648437 0.204788208007813
-0.00845766067504883 -0.0046229362487793 0.208145141601562 -0.06201171875
-0.0139141082763672 -0.0181217193603516 -0.1466064453125 -0.03314208984375
0.0284976959228516 -0.00422477722167969 -0.062835693359375 -0.315704345703125
0.0316600799560547 0.0158748626708984 0.20062255859375 -0.43328857421875
0.0253582000732422 0.03253173828125 0.57440185546875 -0.209716796875
-0.0118370056152344 0.0430755615234375 0.6455078125 0.48553466796875
-0.0289764404296875 -0.0230770111083984 0.2225341796875 0.9534912109375
0.0132980346679688 -0.0517158508300781 -0.2147216796875 0.65570068359375
0.049163818359375 -0.05462646484375 0.130592346191406 -0.0325698852539063
0.0139007568359375 -0.0619888305664063 0.1112060546875 -0.73101806640625
-0.0142269134521484 -0.0290164947509766 -0.578857421875 -0.65167236328125
-0.00784969329833984 0.00936985015869141 -0.79278564453125 0.1258544921875
0.00604248046875 0.0156850814819336 -0.3489990234375 0.5726318359375
0.0215206146240234 0.00975227355957031 -0.01409912109375 0.50347900390625
0.0124835968017578 -0.0071563720703125 0.182571411132812 0.19940185546875
-0.00905609130859375 -0.0163230895996094 0.206756591796875 -0.0639495849609375
-0.00589561462402343 -0.0332107543945312 -0.142059326171875 -0.0361175537109375
0.0308876037597656 -0.0274887084960938 -0.062225341796875 -0.31951904296875
0.032928466796875 -0.014404296875 0.200347900390625 -0.44000244140625
0.0202465057373047 0.0221214294433594 0.57147216796875 -0.21026611328125
-0.0204315185546875 0.0529518127441406 0.64849853515625 0.48583984375
-0.0379676818847656 -0.007080078125 0.2178955078125 0.95428466796875
0.0143051147460937 -0.0493049621582031 -0.2149658203125 0.6600341796875
0.0606231689453125 -0.0604629516601563 0.134750366210938 -0.0286178588867188
0.0144996643066406 -0.0593376159667969 0.11578369140625 -0.72210693359375
-0.0167369842529297 -0.0115566253662109 -0.5745849609375 -0.64544677734375
-0.00860023498535156 0.0225715637207031 -0.7945556640625 0.13336181640625
0.00294876098632812 0.0150442123413086 -0.35345458984375 0.579833984375
0.0141363143920898 -0.00927925109863281 -0.019134521484375 0.50506591796875
0.00463294982910156 -0.0277481079101563 0.178146362304688 0.200439453125
-0.0127029418945313 -0.0266799926757813 0.200439453125 -0.059234619140625
-0.00506973266601562 -0.0411262512207031 -0.1463623046875 -0.0297393798828125
0.0380821228027344 -0.0539894104003906 -0.069366455078125 -0.319091796875
0.031982421875 -0.0414924621582031 0.18597412109375 -0.44342041015625
0.0154790878295898 0.013026237487793 0.56732177734375 -0.2325439453125
-0.0244255065917969 0.0678062438964844 0.66961669921875 0.4576416015625
-0.04632568359375 0.00984191894531249 0.25848388671875 0.93975830078125
0.0146942138671875 -0.0496253967285156 -0.19451904296875 0.66534423828125
0.07275390625 -0.0669784545898438 0.131088256835938 -0.0241622924804688
0.02001953125 -0.0570869445800781 0.134033203125 -0.72528076171875
-0.01824951171875 0.00440025329589844 -0.554443359375 -0.675537109375
-0.009521484375 0.03668212890625 -0.8013916015625 0.10003662109375
-0.00438594818115234 0.0141277313232422 -0.37408447265625 0.56500244140625
0.00720405578613282 -0.0267620086669922 -0.034088134765625 0.50164794921875
0.00459671020507813 -0.0495338439941406 0.172576904296875 0.201553344726563
-0.0114898681640625 -0.0373039245605469 0.199905395507813 -0.062408447265625
-0.00949859619140625 -0.0438232421875 -0.150390625 -0.02154541015625
0.0375137329101563 -0.0807266235351563 -0.0872802734375 -0.3160400390625
0.0215911865234375 -0.0611991882324219 0.164215087890625 -0.444427490234375
0.00950241088867188 0.00870800018310547 0.56011962890625 -0.268798828125
-0.0231246948242188 0.0806045532226563 0.70416259765625 0.3992919921875
-0.0523033142089844 0.0251579284667969 0.319580078125 0.90545654296875
0.0120162963867188 -0.0476913452148438 -0.164794921875 0.6661376953125
0.082733154296875 -0.0718612670898438 0.119277954101563 -0.0154800415039063
0.0246925354003906 -0.0569915771484375 0.16583251953125 -0.7310791015625
-0.017247200012207 0.0142002105712891 -0.523193359375 -0.72698974609375
-0.0118522644042969 0.0491180419921875 -0.8135986328125 0.0364379882812498
-0.0102119445800781 0.0162734985351563 -0.404266357421875 0.5360107421875
0.00120925903320312 -0.0409660339355469 -0.054107666015625 0.491455078125
0.00786590576171875 -0.0686073303222656 0.16375732421875 0.201461791992188
-0.0102653503417969 -0.0445594787597656 0.20330810546875 -0.0653228759765625
-0.0103263854980469 -0.0448112487792969 -0.160125732421875 -0.0167388916015625
0.0337448120117187 -0.0893707275390625 -0.103607177734375 -0.303955078125
0.0138626098632813 -0.069366455078125 0.14453125 -0.451416015625
0.00681161880493164 0.00846385955810547 0.548583984375 -0.317901611328125
-0.0199661254882812 0.0886077880859375 0.73345947265625 0.31494140625
-0.0516586303710938 0.0419654846191406 0.385986328125 0.84271240234375
0.00878524780273437 -0.0428657531738281 -0.131591796875 0.66455078125
0.0902099609375 -0.072662353515625 0.103599548339844 -0.0039825439453125
0.0318603515625 -0.0553398132324219 0.2071533203125 -0.73016357421875
-0.0193634033203125 0.0217380523681641 -0.4697265625 -0.7938232421875
-0.0180130004882813 0.0571327209472656 -0.82110595703125 -0.0483398437499999
-0.0157279968261719 0.0159387588500977 -0.439178466796875 0.494232177734375
0.00219345092773438 -0.0517921447753906 -0.078277587890625 0.48406982421875
0.0112152099609375 -0.0791549682617187 0.154678344726563 0.207992553710937
-0.00809860229492187 -0.0482444763183594 0.199935913085938 -0.063385009765625
-0.0139045715332031 0.00614070892333984 -0.161880493164063 -0.0222015380859375
0.0280876159667969 0.0426216125488281 -0.096923828125 -0.28375244140625
0.0443305969238281 0.0492057800292969 0.168731689453125 -0.445220947265625
0.0283737182617188 0.0305595397949219 0.553741455078125 -0.3240966796875
-0.00776863098144531 0.0152683258056641 0.70745849609375 0.3016357421875
-0.0197868347167969 -0.0376205444335938 0.35076904296875 0.82110595703125
0.00284576416015625 -0.0490913391113281 -0.15667724609375 0.6375732421875
0.0252227783203125 -0.0345268249511719 0.094024658203125 -0.0244522094726563
0.02587890625 -0.0640525817871094 0.17889404296875 -0.74615478515625
0.00675582885742188 -0.0614395141601562 -0.4862060546875 -0.7947998046875
-0.00179290771484375 -0.0149087905883789 -0.8062744140625 -0.0433349609375001
0.00769996643066406 0.0294265747070313 -0.406402587890625 0.488677978515625
0.0220527648925781 0.0560111999511719 -0.0399169921875 0.4952392578125
0.0141677856445313 0.041961669921875 0.174530029296875 0.220657348632813
-0.00751590728759766 0.00608205795288086 0.19842529296875 -0.0532684326171875
-0.0146217346191406 -0.000403404235839841 -0.15478515625 -0.0270843505859375
0.0246601104736328 0.0339584350585938 -0.08502197265625 -0.295989990234375
0.03955078125 0.049774169921875 0.181060791015625 -0.435455322265625
0.0296287536621094 0.036407470703125 0.56414794921875 -0.2716064453125
-0.00694656372070313 0.0202999114990234 0.6820068359375 0.3836669921875
-0.0181846618652344 -0.03826904296875 0.29718017578125 0.878173828125
0.00530242919921875 -0.0514373779296875 -0.18182373046875 0.64276123046875
0.0274467468261719 -0.0400314331054688 0.108047485351563 -0.0290679931640625
0.0196762084960938 -0.0670509338378906 0.1435546875 -0.73699951171875
-0.00207901000976562 -0.0575752258300781 -0.5322265625 -0.72601318359375
-0.003814697265625 -0.0131740570068359 -0.79962158203125 0.0363159179687501
0.0108814239501953 0.0227336883544922 -0.376068115234375 0.5262451171875
0.02581787109375 0.0444450378417969 -0.02294921875 0.49859619140625
0.0172615051269531 0.0312442779541016 0.182586669921875 0.211410522460938
-0.00780105590820313 0.00137472152709961 0.201080322265625 -0.05767822265625
-0.0114469528198242 -0.0109939575195313 -0.149887084960938 -0.028167724609375
0.024078369140625 0.0177097320556641 -0.07373046875 -0.307952880859375
0.0330581665039063 0.0361862182617188 0.194366455078125 -0.42645263671875
0.0257949829101562 0.0376205444335938 0.56707763671875 -0.23297119140625
-0.00797653198242188 0.0301685333251953 0.6588134765625 0.44158935546875
-0.0197658538818359 -0.0344867706298828 0.24810791015625 0.91650390625
0.00796508789062499 -0.0519752502441406 -0.2005615234375 0.64569091796875
0.0364112854003906 -0.0447883605957031 0.121078491210938 -0.0300369262695313
0.0156936645507812 -0.0648956298828125 0.1181640625 -0.72601318359375
-0.00913238525390625 -0.0450325012207031 -0.5623779296875 -0.67364501953125
-0.00809192657470703 -0.00454854965209961 -0.7879638671875 0.0977172851562499
0.01080322265625 0.019012451171875 -0.35223388671875 0.556182861328125
0.0258560180664063 0.0295295715332031 -0.012054443359375 0.496917724609375
0.0146684646606445 0.0149106979370117 0.182785034179688 0.200775146484375
-0.00896167755126953 -0.00666141510009766 0.20416259765625 -0.0633087158203125
-0.0124607086181641 -0.0202522277832031 -0.147048950195313 -0.0320281982421875
0.0261306762695313 -0.00660896301269531 -0.066497802734375 -0.31378173828125
0.0330162048339844 0.0166702270507813 0.198760986328125 -0.429412841796875
0.0252590179443359 0.0322456359863281 0.56939697265625 -0.21337890625
-0.0111618041992188 0.0414619445800781 0.6451416015625 0.47686767578125
-0.0271549224853516 -0.0217571258544922 0.2247314453125 0.94244384765625
0.0110626220703125 -0.0508460998535156 -0.206787109375 0.65081787109375
0.0460166931152344 -0.0515480041503906 0.131294250488281 -0.0317230224609375
0.014007568359375 -0.0621109008789063 0.105224609375 -0.7222900390625
-0.0142650604248047 -0.0281352996826172 -0.57769775390625 -0.6396484375
-0.00710058212280274 0.00647878646850586 -0.78387451171875 0.13262939453125
0.00640392303466797 0.0157899856567383 -0.342529296875 0.57086181640625
0.0223255157470703 0.0094146728515625 -0.00982666015624997 0.498077392578125
0.0121984481811523 -0.00732803344726563 0.182723999023438 0.194778442382812
-0.00899600982666016 -0.0164937973022461 0.203369140625 -0.066253662109375
-0.00666427612304688 -0.0332984924316406 -0.142135620117188 -0.0327911376953125
0.0312213897705078 -0.027496337890625 -0.063934326171875 -0.316375732421875
0.0330390930175781 -0.0126285552978516 0.19573974609375 -0.438934326171875
0.0203952789306641 0.0226421356201172 0.56451416015625 -0.21441650390625
-0.019775390625 0.0534248352050781 0.6470947265625 0.47601318359375
-0.0362892150878906 -0.00654983520507812 0.22308349609375 0.94366455078125
0.0137176513671875 -0.0488700866699219 -0.20843505859375 0.65655517578125
0.0593032836914063 -0.0598220825195313 0.132537841796875 -0.027862548828125
0.0154266357421875 -0.0584220886230469 0.11163330078125 -0.713134765625
-0.0154876708984375 -0.0115966796875 -0.5723876953125 -0.633056640625
-0.00810432434082031 0.0219135284423828 -0.7850341796875 0.13775634765625
0.00178337097167969 0.0139398574829102 -0.34710693359375 0.576171875
0.0141334533691406 -0.00815296173095703 -0.013824462890625 0.500518798828125
0.00584220886230469 -0.0262660980224609 0.178375244140625 0.198196411132812
-0.0141448974609375 -0.0271797180175781 0.1973876953125 -0.06170654296875
-0.00576019287109375 -0.0398406982421875 -0.143707275390625 -0.02777099609375
0.0368156433105469 -0.0547256469726563 -0.072540283203125 -0.317413330078125
0.0310859680175781 -0.0418930053710938 0.180572509765625 -0.441680908203125
0.015655517578125 0.0133934020996094 0.559234619140625 -0.233306884765625
-0.0240631103515625 0.0656471252441406 0.6689453125 0.4471435546875
-0.0447616577148437 0.00905609130859375 0.26373291015625 0.9305419921875
0.0133247375488281 -0.0491981506347656 -0.19012451171875 0.6602783203125
0.0716171264648438 -0.0653610229492188 0.129264831542969 -0.022430419921875
0.0182342529296875 -0.0566062927246094 0.1287841796875 -0.71783447265625
-0.0154581069946289 0.00330543518066406 -0.55584716796875 -0.6641845703125
-0.00912094116210937 0.0361518859863281 -0.79547119140625 0.10626220703125
-0.00365829467773438 0.0147504806518555 -0.36602783203125 0.562255859375
0.00681114196777344 -0.0248947143554687 -0.030303955078125 0.49652099609375
0.00528717041015625 -0.047882080078125 0.171585083007813 0.19830322265625
-0.0119361877441406 -0.0372772216796875 0.198898315429687 -0.0646514892578125
-0.0120048522949219 -0.0423316955566406 -0.151199340820313 -0.02099609375
0.03692626953125 -0.0790634155273438 -0.087738037109375 -0.312408447265625
0.0204887390136719 -0.0602340698242188 0.159881591796875 -0.443511962890625
0.0101089477539063 0.009002685546875 0.552520751953125 -0.268707275390625
-0.0223541259765625 0.0788040161132813 0.7000732421875 0.3890380859375
-0.0504493713378906 0.0251045227050781 0.3216552734375 0.892333984375
0.0121078491210937 -0.0465736389160156 -0.1571044921875 0.66143798828125
0.080963134765625 -0.071624755859375 0.118240356445312 -0.0156936645507813
0.0243759155273437 -0.0553817749023438 0.15887451171875 -0.7208251953125
-0.0157613754272461 0.0146102905273438 -0.52288818359375 -0.7154541015625
-0.0107688903808594 0.0496635437011719 -0.80645751953125 0.042724609375
-0.0105571746826172 0.0165510177612305 -0.397308349609375 0.535186767578125
0.00265884399414063 -0.0382843017578125 -0.05035400390625 0.488677978515625
0.00595092773437501 -0.0668869018554688 0.162368774414062 0.19708251953125
-0.011383056640625 -0.0453147888183594 0.19879150390625 -0.0672454833984375
-0.0110931396484375 -0.0438308715820313 -0.158767700195313 -0.016082763671875
0.0326766967773438 -0.090728759765625 -0.1038818359375 -0.29803466796875
0.0128822326660156 -0.0695724487304688 0.137451171875 -0.4481201171875
0.00479888916015625 0.00736236572265625 0.542449951171875 -0.320037841796875
-0.0186920166015625 0.0893402099609375 0.73004150390625 0.305419921875
-0.0515975952148438 0.0407638549804688 0.38848876953125 0.8310546875
0.00832748413085938 -0.0406723022460938 -0.12457275390625 0.656005859375
0.0866165161132812 -0.0719528198242187 0.10101318359375 -0.0053253173828125
0.0321083068847656 -0.0547447204589844 0.20159912109375 -0.7225341796875
-0.0183601379394531 0.0206680297851563 -0.4718017578125 -0.78143310546875
-0.0178565979003906 0.0566978454589844 -0.81329345703125 -0.0426635742187499
-0.0162229537963867 0.0174198150634766 -0.43121337890625 0.490631103515625
0.000995635986328125 -0.0508232116699219 -0.073455810546875 0.479522705078125
0.0107192993164062 -0.0790252685546875 0.153549194335938 0.206024169921875
-0.00933074951171875 -0.0478134155273438 0.196487426757813 -0.0648956298828125
-0.0143604278564453 0.00764274597167969 -0.15911865234375 -0.0206146240234375
0.0279273986816406 0.0414466857910156 -0.0984649658203125 -0.28057861328125
0.0466156005859375 0.0492897033691406 0.164703369140625 -0.44073486328125
0.0293312072753906 0.0312767028808594 0.5477294921875 -0.32421875
-0.00727462768554688 0.0156793594360352 0.70318603515625 0.29608154296875
-0.01971435546875 -0.0381393432617188 0.35430908203125 0.81256103515625
0.00109100341796875 -0.0479850769042969 -0.15301513671875 0.6326904296875
0.0248451232910156 -0.0340366363525391 0.0912246704101563 -0.02349853515625
0.0246620178222656 -0.0626792907714844 0.17474365234375 -0.7379150390625
0.00946044921875 -0.0604324340820313 -0.4857177734375 -0.7840576171875
-0.00203514099121094 -0.0145883560180664 -0.798828125 -0.0369873046875001
0.00707626342773437 0.0311012268066406 -0.39825439453125 0.48565673828125
0.0216598510742188 0.0568580627441406 -0.03704833984375 0.492462158203125
0.0142097473144531 0.041107177734375 0.17462158203125 0.218887329101563
-0.00787019729614258 0.00636482238769531 0.194976806640625 -0.0535888671875
-0.0143346786499023 0.000540733337402346 -0.15411376953125 -0.0275421142578125
0.0237541198730469 0.0331954956054688 -0.0863037109375 -0.29302978515625
0.0395317077636719 0.0490379333496094 0.17645263671875 -0.4312744140625
0.0293464660644531 0.0374565124511719 0.558807373046875 -0.273193359375
-0.00543403625488282 0.0202388763427734 0.67919921875 0.37384033203125
-0.0151100158691406 -0.0387115478515625 0.299560546875 0.86688232421875
0.005584716796875 -0.0507850646972656 -0.17742919921875 0.63775634765625
0.0277442932128906 -0.0388031005859375 0.107177734375 -0.0298690795898438
0.0189933776855469 -0.0662803649902344 0.138916015625 -0.72808837890625
-0.000659942626953124 -0.0578193664550781 -0.5286865234375 -0.71624755859375
-0.00544643402099609 -0.0132341384887695 -0.79193115234375 0.0419921875
0.0098419189453125 0.0243721008300781 -0.370697021484375 0.52191162109375
0.0269889831542969 0.0443916320800781 -0.019561767578125 0.4945068359375
0.0172500610351563 0.0326328277587891 0.180892944335937 0.20849609375
-0.00925350189208984 0.00138664245605469 0.199356079101563 -0.0582733154296875
-0.0120382308959961 -0.0088348388671875 -0.148757934570313 -0.027923583984375
0.023651123046875 0.0175399780273438 -0.076995849609375 -0.30517578125
0.0332908630371094 0.03778076171875 0.191070556640625 -0.42315673828125
0.0262947082519531 0.0368499755859375 0.56109619140625 -0.23455810546875
-0.00600433349609375 0.0289840698242188 0.65399169921875 0.4344482421875
-0.0186939239501953 -0.0337543487548828 0.2503662109375 0.9078369140625
0.00844192504882813 -0.0509300231933594 -0.19561767578125 0.64080810546875
0.0361061096191406 -0.0436859130859375 0.119392395019531 -0.03167724609375
0.016510009765625 -0.0644493103027344 0.1143798828125 -0.720458984375
-0.00855255126953125 -0.0458106994628906 -0.56048583984375 -0.66265869140625
-0.00782442092895508 -0.00496387481689453 -0.7808837890625 0.1019287109375
0.00993537902832031 0.0184135437011719 -0.345733642578125 0.55157470703125
0.0260715484619141 0.0281219482421875 -0.00912475585937495 0.492034912109375
0.0161190032958984 0.0157375335693359 0.182464599609375 0.199142456054688
-0.0095367431640625 -0.00673198699951172 0.201690673828125 -0.064697265625
-0.0121917724609375 -0.0176467895507813 -0.1446533203125 -0.029693603515625
0.0261611938476563 -0.00572013854980469 -0.06646728515625 -0.311248779296875
0.0318374633789063 0.0154647827148437 0.19415283203125 -0.4293212890625
0.0240840911865234 0.0322837829589844 0.56182861328125 -0.2144775390625
-0.0111274719238281 0.0417404174804688 0.64227294921875 0.46905517578125
-0.0253181457519531 -0.0235595703125 0.23040771484375 0.932861328125
0.0105934143066406 -0.0504302978515625 -0.2039794921875 0.64654541015625
0.0460319519042969 -0.0524482727050781 0.129867553710938 -0.030792236328125
0.0133743286132812 -0.0615310668945313 0.10137939453125 -0.713623046875
-0.0124034881591797 -0.0287380218505859 -0.574951171875 -0.633056640625
-0.00855112075805664 0.00749063491821289 -0.7772216796875 0.13336181640625
0.00610828399658203 0.0155096054077148 -0.33758544921875 0.5692138671875
0.0216178894042969 0.0099029541015625 -0.00646972656249997 0.49493408203125
0.01141357421875 -0.00467205047607422 0.1817626953125 0.193466186523438
-0.0112333297729492 -0.0167617797851563 0.200286865234375 -0.0674896240234375
-0.00687980651855468 -0.0324687957763672 -0.14068603515625 -0.031097412109375
0.0301036834716797 -0.0274200439453125 -0.0640869140625 -0.314300537109375
0.0339431762695313 -0.0139236450195313 0.192138671875 -0.43585205078125
0.0192661285400391 0.0217456817626953 0.558624267578125 -0.214324951171875
-0.0187339782714844 0.0522117614746094 0.64373779296875 0.46783447265625
-0.0344219207763672 -0.00663948059082031 0.22601318359375 0.93414306640625
0.013763427734375 -0.0492019653320313 -0.2039794921875 0.6519775390625
0.0570793151855469 -0.0592536926269531 0.131538391113281 -0.0270156860351563
0.0143585205078125 -0.0582122802734375 0.1085205078125 -0.7056884765625
-0.0150470733642578 -0.0120992660522461 -0.5697021484375 -0.62420654296875
-0.00917816162109375 0.0214042663574219 -0.77655029296875 0.1402587890625
0.00133895874023437 0.0133771896362305 -0.3388671875 0.572265625
0.0139369964599609 -0.00764942169189453 -0.012176513671875 0.496826171875
0.00597953796386719 -0.0262947082519531 0.175552368164063 0.19647216796875
-0.0124168395996094 -0.0282173156738281 0.195205688476562 -0.0632781982421875
-0.00507736206054687 -0.0389747619628906 -0.1434326171875 -0.0272979736328125
0.0374832153320313 -0.0542716979980469 -0.074127197265625 -0.313446044921875
0.030120849609375 -0.0411148071289063 0.177642822265625 -0.439117431640625
0.0145692825317383 0.0134372711181641 0.55255126953125 -0.23480224609375
-0.0228538513183594 0.0660171508789063 0.66717529296875 0.44085693359375
-0.0431404113769531 0.0078887939453125 0.26409912109375 0.9190673828125
0.0131874084472656 -0.0479888916015625 -0.1842041015625 0.65338134765625
0.0696067810058594 -0.0643463134765625 0.12860107421875 -0.02239990234375
0.0184440612792969 -0.0558242797851563 0.12506103515625 -0.708984375
-0.0161666870117188 0.00359153747558594 -0.551513671875 -0.65496826171875
-0.0092926025390625 0.0359916687011719 -0.78753662109375 0.10797119140625
-0.00394344329833984 0.0143451690673828 -0.360687255859375 0.559600830078125
0.00780868530273438 -0.0252952575683594 -0.026519775390625 0.492279052734375
0.00397109985351562 -0.0477447509765625 0.170852661132813 0.195693969726563
-0.0114364624023438 -0.0371208190917969 0.194580078125 -0.0647125244140625
-0.0103721618652344 -0.0416450500488281 -0.150619506835938 -0.0196685791015625
0.0357589721679687 -0.078399658203125 -0.089752197265625 -0.309051513671875
0.0203018188476563 -0.0580825805664063 0.155914306640625 -0.44158935546875
0.00868034362792969 0.010401725769043 0.547943115234375 -0.271575927734375
-0.0231094360351562 0.0782089233398438 0.697998046875 0.38128662109375
-0.0487213134765625 0.0250892639160156 0.32470703125 0.8809814453125
0.01141357421875 -0.0457267761230469 -0.15362548828125 0.65460205078125
0.0789947509765625 -0.0707321166992187 0.116424560546875 -0.0159988403320313
0.0244560241699219 -0.0554733276367188 0.15301513671875 -0.71417236328125
-0.0160703659057617 0.0129661560058594 -0.52032470703125 -0.707763671875
-0.0122756958007813 0.0478897094726563 -0.79876708984375 0.04827880859375
-0.0104093551635742 0.0169944763183594 -0.389739990234375 0.530120849609375
0.00128555297851562 -0.0395050048828125 -0.04693603515625 0.48443603515625
0.00756072998046874 -0.0667839050292969 0.162841796875 0.195419311523438
-0.0115623474121094 -0.0445671081542969 0.197006225585938 -0.0672149658203125
-0.012054443359375 -0.0427627563476562 -0.158966064453125 -0.013946533203125
0.0323410034179688 -0.0902633666992188 -0.107757568359375 -0.296051025390625
0.0118179321289063 -0.0686416625976563 0.134490966796875 -0.446044921875
0.0047917366027832 0.00758266448974609 0.53466796875 -0.32220458984375
-0.0171737670898438 0.0898284912109375 0.72747802734375 0.298583984375
-0.0490913391113281 0.0400619506835938 0.3895263671875 0.82269287109375
0.00844192504882813 -0.0401763916015625 -0.12091064453125 0.64910888671875
0.0854110717773438 -0.0715560913085937 0.100196838378906 -0.0044708251953125
0.0301628112792969 -0.0546607971191406 0.19732666015625 -0.71453857421875
-0.01763916015625 0.0204505920410156 -0.46875 -0.7711181640625
-0.0165557861328125 0.0561447143554688 -0.80584716796875 -0.0363769531250001
-0.0167760848999023 0.0159416198730469 -0.4241943359375 0.4891357421875
0.0012664794921875 -0.0506591796875 -0.069671630859375 0.475494384765625
0.00955963134765626 -0.0797805786132812 0.153152465820313 0.20343017578125
-0.00880813598632813 -0.0473442077636719 0.19390869140625 -0.0647735595703125
-0.0145530700683594 0.00736904144287109 -0.159164428710938 -0.0195465087890625
0.0266036987304687 0.0403900146484375 -0.0980987548828125 -0.280181884765625
0.0449600219726562 0.0492973327636719 0.16156005859375 -0.438568115234375
0.0284080505371094 0.0304698944091797 0.543182373046875 -0.3233642578125
-0.00762367248535156 0.0145368576049805 0.6988525390625 0.29083251953125
-0.0192337036132812 -0.0375137329101562 0.3515625 0.803955078125
0.000579833984375 -0.047027587890625 -0.1505126953125 0.62896728515625
0.0232143402099609 -0.0321216583251953 0.092071533203125 -0.022491455078125
0.0243492126464844 -0.0622940063476562 0.17193603515625 -0.73028564453125
0.00824356079101562 -0.0611419677734375 -0.48297119140625 -0.77716064453125
-0.00214672088623047 -0.0153818130493164 -0.792236328125 -0.0357055664062499
0.00804710388183594 0.0303134918212891 -0.393218994140625 0.48358154296875
0.0219688415527344 0.05535888671875 -0.034576416015625 0.487091064453125
0.0148582458496094 0.0403213500976563 0.17535400390625 0.216827392578125
-0.00697183609008789 0.00732803344726562 0.194503784179688 -0.0551300048828125
-0.0140781402587891 0.000270843505859376 -0.15264892578125 -0.026031494140625
0.0231113433837891 0.0327701568603516 -0.08697509765625 -0.29193115234375
0.0402259826660156 0.0486030578613281 0.175048828125 -0.4287109375
0.0292758941650391 0.0348529815673828 0.55255126953125 -0.270294189453125
-0.00409889221191406 0.02099609375 0.6785888671875 0.37066650390625
-0.0146865844726562 -0.0391769409179688 0.2987060546875 0.8587646484375
0.00508880615234375 -0.050079345703125 -0.1756591796875 0.6331787109375
0.0267791748046875 -0.037841796875 0.106246948242188 -0.0280380249023438
0.0189399719238281 -0.0650367736816406 0.1346435546875 -0.721923828125
-0.000301361083984378 -0.0577583312988281 -0.5250244140625 -0.71002197265625
-0.00383186340332031 -0.0131511688232422 -0.7835693359375 0.0415039062499999
0.00964164733886719 0.0234451293945313 -0.3675537109375 0.519989013671875
0.0270156860351562 0.0458221435546875 -0.018463134765625 0.4903564453125
0.0174350738525391 0.0314292907714844 0.179672241210938 0.205963134765625
-0.00960063934326172 0.00109767913818359 0.197525024414063 -0.0587310791015625
-0.0110511779785156 -0.00882434844970703 -0.147354125976563 -0.02728271484375
0.0223217010498047 0.0165863037109375 -0.07855224609375 -0.302520751953125
0.0328216552734375 0.0380935668945313 0.18756103515625 -0.421112060546875
0.0264434814453125 0.0364456176757813 0.559539794921875 -0.234039306640625
-0.00576972961425782 0.028564453125 0.6533203125 0.4288330078125
-0.0179920196533203 -0.0341701507568359 0.2525634765625 0.89959716796875
0.00804901123046875 -0.0507698059082031 -0.19244384765625 0.63397216796875
0.0354042053222656 -0.0438346862792969 0.118705749511719 -0.0295791625976563
0.0147590637207031 -0.06353759765625 0.11126708984375 -0.7098388671875
-0.00879287719726563 -0.0461692810058594 -0.5570068359375 -0.6551513671875
-0.00714111328125 -0.00577831268310547 -0.77459716796875 0.1025390625
0.008270263671875 0.0184764862060547 -0.34228515625 0.549652099609375
0.0266456604003906 0.0294723510742188 -0.00836181640624999 0.489532470703125
0.0143470764160156 0.0163021087646484 0.181442260742188 0.194931030273438
-0.00947856903076172 -0.00668525695800781 0.199325561523437 -0.0648040771484375
-0.0123682022094727 -0.0172510147094727 -0.144546508789063 -0.029022216796875
0.0255928039550781 -0.0064697265625 -0.06781005859375 -0.308380126953125
0.031463623046875 0.0159339904785156 0.190399169921875 -0.425994873046875
0.0241870880126953 0.0329380035400391 0.556488037109375 -0.21588134765625
-0.00890350341796875 0.0414581298828125 0.64129638671875 0.46258544921875
-0.0229396820068359 -0.0232601165771484 0.2291259765625 0.9239501953125
0.00965881347656249 -0.0500717163085938 -0.2017822265625 0.63946533203125
0.0450515747070312 -0.0515632629394531 0.127143859863281 -0.0304031372070313
0.0124130249023437 -0.0625419616699219 0.09893798828125 -0.70660400390625
-0.0116443634033203 -0.0295162200927734 -0.57037353515625 -0.62420654296875
-0.00885009765625 0.00683403015136719 -0.76953125 0.1365966796875
0.00644683837890625 0.0152301788330078 -0.331787109375 0.566650390625
0.0215682983398438 0.00974655151367188 -0.00320434570312503 0.491302490234375
0.0113525390625 -0.00510883331298828 0.180755615234375 0.191085815429687
-0.0117912292480469 -0.0173177719116211 0.199386596679688 -0.06866455078125
-0.00581550598144531 -0.0333995819091797 -0.139884948730469 -0.0314559936523438
0.0304183959960938 -0.0285263061523438 -0.065826416015625 -0.31207275390625
0.0344104766845703 -0.0135421752929688 0.188323974609375 -0.435272216796875
0.0197296142578125 0.0214042663574219 0.555999755859375 -0.216552734375
-0.0169219970703125 0.0528182983398437 0.64031982421875 0.462646484375
-0.0325489044189453 -0.00670433044433594 0.22821044921875 0.92510986328125
0.0131912231445312 -0.0477066040039063 -0.19915771484375 0.6444091796875
0.0564727783203125 -0.0594520568847656 0.129974365234375 -0.0267868041992188
0.0140609741210938 -0.0567779541015625 0.10552978515625 -0.698486328125
-0.0133676528930664 -0.01177978515625 -0.5654296875 -0.61761474609375
-0.00715827941894531 0.0207691192626953 -0.77142333984375 0.14263916015625
0.00116825103759766 0.0150575637817383 -0.33447265625 0.5704345703125
0.0143260955810547 -0.00781536102294922 -0.00924682617187504 0.49285888671875
0.00529861450195313 -0.0234489440917969 0.17724609375 0.193954467773438
-0.0143356323242188 -0.0268707275390625 0.19171142578125 -0.063262939453125
-0.00678634643554688 -0.0383415222167969 -0.142486572265625 -0.0260467529296875
0.0360488891601563 -0.053863525390625 -0.074432373046875 -0.311553955078125
0.0310249328613281 -0.0401802062988281 0.175048828125 -0.43695068359375
0.0139598846435547 0.0140590667724609 0.549591064453125 -0.2357177734375
-0.0216751098632812 0.06549072265625 0.66485595703125 0.43499755859375
-0.0423965454101563 0.00879669189453125 0.2642822265625 0.9111328125
0.013763427734375 -0.0459251403808594 -0.18084716796875 0.64739990234375
0.0681838989257813 -0.0647010803222656 0.126594543457031 -0.020538330078125
0.0178604125976563 -0.0562057495117187 0.12408447265625 -0.70013427734375
-0.0157260894775391 0.00267696380615235 -0.54840087890625 -0.64727783203125
-0.00921249389648437 0.0352287292480469 -0.7822265625 0.11077880859375
-0.00450611114501953 0.0148124694824219 -0.354095458984375 0.555938720703125
0.00724411010742187 -0.0245189666748047 -0.0240478515625 0.48785400390625
0.003936767578125 -0.0472145080566406 0.169235229492188 0.19342041015625
-0.01214599609375 -0.0362777709960938 0.193344116210938 -0.0657958984375
-0.0100517272949219 -0.0415420532226563 -0.148117065429688 -0.0196075439453125
0.0346145629882813 -0.0789413452148438 -0.0906982421875 -0.30767822265625
0.0204925537109375 -0.0564041137695313 0.153900146484375 -0.438934326171875
0.00925731658935547 0.00980663299560547 0.54296875 -0.27197265625
-0.0211563110351563 0.0783615112304688 0.69488525390625 0.3773193359375
-0.0469894409179687 0.0251922607421875 0.3267822265625 0.87274169921875
0.0110855102539063 -0.0451087951660156 -0.15106201171875 0.6485595703125
0.0791549682617188 -0.0687026977539063 0.115135192871094 -0.0142974853515625
0.0236701965332031 -0.0547370910644531 0.15234375 -0.7071533203125
-0.0152435302734375 0.0127658843994141 -0.51641845703125 -0.69720458984375
-0.0106239318847656 0.0476493835449219 -0.79132080078125 0.0499267578124999
-0.0108308792114258 0.0159692764282227 -0.385162353515625 0.529388427734375
0.00226593017578125 -0.0380592346191406 -0.045745849609375 0.480712890625
0.00604248046875 -0.0653724670410156 0.162384033203125 0.193405151367188
-0.01104736328125 -0.0436019897460938 0.195419311523437 -0.069580078125
-0.0118293762207031 -0.0414085388183594 -0.15576171875 -0.012481689453125
0.0318603515625 -0.0890121459960938 -0.10748291015625 -0.2945556640625
0.0140342712402344 -0.0677871704101563 0.134124755859375 -0.44366455078125
0.00577402114868164 0.00722932815551758 0.52880859375 -0.320892333984375
-0.015625 0.0871047973632813 0.7218017578125 0.293701171875
-0.0470123291015625 0.0393867492675781 0.39044189453125 0.814208984375
0.00944137573242187 -0.0385284423828125 -0.12017822265625 0.644287109375
0.084808349609375 -0.0706787109375 0.0990753173828125 -0.0024261474609375
0.0303115844726562 -0.05352783203125 0.1923828125 -0.70758056640625
-0.01666259765625 0.0191726684570313 -0.4654541015625 -0.7633056640625
-0.0165634155273437 0.0549392700195313 -0.80010986328125 -0.0328979492187502
-0.0150861740112305 0.0161962509155273 -0.420440673828125 0.487548828125
0.00130462646484375 -0.0493659973144531 -0.068939208984375 0.471221923828125
0.00958251953125 -0.0767135620117188 0.151809692382813 0.200408935546875
-0.0100517272949219 -0.0473480224609375 0.1937255859375 -0.065704345703125
-0.013916015625 0.00636482238769531 -0.158157348632812 -0.0191650390625
0.0272369384765625 0.0394477844238281 -0.097625732421875 -0.2769775390625
0.0447044372558594 0.0476188659667969 0.158599853515625 -0.43634033203125
0.0280132293701172 0.0321903228759766 0.54046630859375 -0.32342529296875
-0.00552463531494141 0.0148630142211914 0.69866943359375 0.2880859375
-0.0166664123535156 -0.0395545959472656 0.35272216796875 0.7999267578125
0.000297546386718748 -0.0449104309082031 -0.1500244140625 0.62353515625
0.0230293273925781 -0.0318794250488281 0.0892333984375 -0.0220260620117188
0.0225067138671875 -0.0617637634277344 0.169677734375 -0.72418212890625
0.00855636596679687 -0.0622138977050781 -0.4805908203125 -0.7701416015625
-0.00150394439697266 -0.0161075592041016 -0.7872314453125 -0.0353393554687501
0.00836753845214844 0.0302448272705078 -0.389862060546875 0.480743408203125
0.0216865539550781 0.0568008422851563 -0.032501220703125 0.485260009765625
0.0145339965820313 0.0406532287597656 0.173248291015625 0.21514892578125
-0.00877285003662109 0.0076904296875 0.1934814453125 -0.0550384521484375
-0.014439582824707 0.00132369995117188 -0.152725219726563 -0.025146484375
0.0236110687255859 0.0321102142333984 -0.0877685546875 -0.289825439453125
0.0405693054199219 0.048614501953125 0.173553466796875 -0.427703857421875
0.0287666320800781 0.0360984802246094 0.551116943359375 -0.269866943359375
-0.0056610107421875 0.0191249847412109 0.67645263671875 0.36669921875
-0.012603759765625 -0.0397491455078125 0.29949951171875 0.85223388671875
0.00447845458984376 -0.0505180358886719 -0.1739501953125 0.6273193359375
0.0264511108398438 -0.0373458862304688 0.103790283203125 -0.0264511108398438
0.018280029296875 -0.0652351379394531 0.13330078125 -0.7152099609375
-0.000621795654296875 -0.0575904846191406 -0.52215576171875 -0.70404052734375
-0.00503635406494141 -0.0139522552490234 -0.78082275390625 0.0446166992187501
0.0108661651611328 0.0237827301025391 -0.36279296875 0.5181884765625
0.0255470275878906 0.0445022583007813 -0.01739501953125 0.488006591796875
0.0174026489257813 0.0302677154541016 0.1793212890625 0.204299926757813
-0.00973892211914063 0.00122928619384766 0.195831298828125 -0.06024169921875
-0.0123100280761719 -0.00829124450683594 -0.146926879882813 -0.0267333984375
0.0224094390869141 0.0158653259277344 -0.078338623046875 -0.29962158203125
0.0338783264160156 0.03887939453125 0.186614990234375 -0.418609619140625
0.0271339416503906 0.0367202758789063 0.55426025390625 -0.233154296875
-0.00299453735351563 0.0290889739990234 0.65185546875 0.42559814453125
-0.0168857574462891 -0.0344772338867188 0.25152587890625 0.890869140625
0.00757980346679688 -0.0496902465820312 -0.19219970703125 0.62921142578125
0.0350151062011719 -0.0448226928710937 0.11822509765625 -0.0295333862304688
0.0143508911132813 -0.063232421875 0.11163330078125 -0.70648193359375
-0.00732803344726562 -0.044586181640625 -0.55364990234375 -0.6484375
-0.00925922393798828 -0.00494575500488281 -0.769287109375 0.1024169921875
0.009429931640625 0.0184459686279297 -0.336669921875 0.5458984375
0.0267333984375 0.0270309448242188 -0.00555419921874996 0.48382568359375
0.0168571472167969 0.0163087844848633 0.180694580078125 0.1949462890625
-0.0106964111328125 -0.00674247741699218 0.19659423828125 -0.065399169921875
-0.0121088027954102 -0.0173120498657227 -0.143753051757812 -0.0279083251953125
0.0243663787841797 -0.00715446472167969 -0.069061279296875 -0.3076171875
0.0322227478027344 0.0167217254638672 0.188446044921875 -0.424957275390625
0.0243473052978516 0.0337200164794922 0.55535888671875 -0.214599609375
-0.00920104980468749 0.0403175354003906 0.63818359375 0.459228515625
-0.02325439453125 -0.0233554840087891 0.2298583984375 0.91961669921875
0.0123291015625 -0.0490875244140625 -0.2003173828125 0.635986328125
0.0425567626953125 -0.05029296875 0.127182006835938 -0.0304107666015625
0.0134429931640625 -0.06121826171875 0.09942626953125 -0.69989013671875
-0.0140247344970703 -0.0288200378417969 -0.56597900390625 -0.62005615234375
-0.00831842422485352 0.00592374801635742 -0.7642822265625 0.13751220703125
0.00748062133789062 0.0147981643676758 -0.3280029296875 0.5626220703125
0.0217342376708984 0.0109062194824219 -0.00347900390624996 0.488555908203125
0.0114011764526367 -0.00568008422851562 0.180282592773438 0.188949584960938
-0.0113258361816406 -0.0176277160644531 0.196624755859375 -0.0674285888671875
-0.00739097595214844 -0.0319652557373047 -0.139320373535156 -0.0314178466796875
0.0295181274414063 -0.0282707214355469 -0.0660400390625 -0.31048583984375
0.0338459014892578 -0.0123329162597656 0.185791015625 -0.432861328125
0.0190849304199219 0.0209560394287109 0.550994873046875 -0.21380615234375
-0.0160942077636719 0.0513420104980469 0.639404296875 0.46099853515625
-0.0307407379150391 -0.00722885131835938 0.22491455078125 0.92041015625
0.0137786865234375 -0.048004150390625 -0.19927978515625 0.6387939453125
0.0558052062988281 -0.0575447082519531 0.129127502441406 -0.0270004272460938
0.0129737854003906 -0.0580101013183594 0.10638427734375 -0.69464111328125
-0.0132331848144531 -0.0124874114990234 -0.55950927734375 -0.61376953125
-0.00774192810058594 0.0203628540039062 -0.76593017578125 0.1422119140625
0.00239086151123047 0.0146684646606445 -0.33251953125 0.56658935546875
0.0145111083984375 -0.00660896301269531 -0.00772094726562503 0.488861083984375
0.00631141662597656 -0.0252647399902344 0.176528930664063 0.193084716796875
-0.0129108428955078 -0.0264606475830078 0.192672729492187 -0.0636138916015625
-0.00564193725585937 -0.0368919372558594 -0.141921997070313 -0.0258026123046875
0.0360641479492188 -0.0549163818359375 -0.075836181640625 -0.310302734375
0.0311698913574219 -0.0405921936035156 0.173492431640625 -0.4359130859375
0.0157318115234375 0.0144186019897461 0.545989990234375 -0.2340087890625
-0.0202789306640625 0.0645179748535156 0.66131591796875 0.433349609375
-0.0410537719726563 0.00916290283203126 0.26373291015625 0.903564453125
0.0119667053222656 -0.0459747314453125 -0.1796875 0.64349365234375
0.0683326721191406 -0.0623779296875 0.125534057617188 -0.019744873046875
0.0179634094238281 -0.0551528930664063 0.124755859375 -0.69580078125
-0.0147666931152344 0.00169658660888672 -0.54486083984375 -0.6431884765625
-0.00945281982421875 0.0342025756835938 -0.776123046875 0.11181640625
-0.00464820861816406 0.0149631500244141 -0.351654052734375 0.5550537109375
0.00794410705566406 -0.0239715576171875 -0.022247314453125 0.485595703125
0.00498580932617187 -0.046142578125 0.16949462890625 0.19281005859375
-0.0124053955078125 -0.0363273620605469 0.191421508789063 -0.0655364990234375
-0.00983428955078125 -0.0390968322753906 -0.149429321289063 -0.018707275390625
0.0354690551757813 -0.0786285400390625 -0.0914306640625 -0.304779052734375
0.0207290649414063 -0.0573616027832031 0.1522216796875 -0.4373779296875
0.00977897644042969 0.00968456268310547 0.539306640625 -0.27032470703125
-0.0182647705078125 0.0776138305664063 0.69024658203125 0.3731689453125
-0.0449562072753906 0.0219345092773438 0.32501220703125 0.8656005859375
0.0113716125488281 -0.0443458557128906 -0.1505126953125 0.64459228515625
0.0788650512695313 -0.0681381225585938 0.114501953125 -0.01348876953125
0.0232582092285156 -0.0542793273925781 0.1517333984375 -0.70159912109375
-0.0151815414428711 0.0127840042114258 -0.51373291015625 -0.693359375
-0.0108489990234375 0.0481147766113281 -0.787841796875 0.0490112304687501
-0.00842189788818359 0.0162277221679688 -0.380950927734375 0.524383544921875
0.00257492065429687 -0.03839111328125 -0.045196533203125 0.478790283203125
0.00559234619140626 -0.065338134765625 0.159927368164063 0.192352294921875
-0.01104736328125 -0.0437088012695313 0.193496704101563 -0.0693817138671875
-0.0120658874511719 -0.0419044494628906 -0.155349731445312 -0.012939453125
0.0302658081054687 -0.0888137817382812 -0.106353759765625 -0.29339599609375
0.0112228393554687 -0.0670166015625 0.133056640625 -0.440765380859375
0.00509929656982422 0.00897216796875 0.527862548828125 -0.320465087890625
-0.0157546997070312 0.087127685546875 0.72021484375 0.2906494140625
-0.0459442138671875 0.0408744812011719 0.3895263671875 0.8067626953125
0.00814819335937499 -0.038818359375 -0.1202392578125 0.63983154296875
0.08526611328125 -0.0692138671875 0.0978164672851563 -0.00255584716796875
0.0316925048828125 -0.0528717041015625 0.19122314453125 -0.700927734375
-0.0163707733154297 0.0193367004394531 -0.46240234375 -0.7559814453125
-0.0168075561523437 0.0546913146972656 -0.7958984375 -0.0330200195312499
-0.0158824920654297 0.0168981552124023 -0.418426513671875 0.4842529296875
0.0026092529296875 -0.0495758056640625 -0.06744384765625 0.470947265625
0.0104904174804688 -0.0767669677734375 0.150238037109375 0.200759887695312
-0.0106620788574219 -0.0456809997558594 0.188995361328125 -0.066680908203125
-0.0135459899902344 0.00656414031982422 -0.157516479492188 -0.01898193359375
0.0257835388183594 0.0388259887695313 -0.09814453125 -0.27606201171875
0.0439338684082031 0.0484428405761719 0.1611328125 -0.435546875
0.0282096862792969 0.0323390960693359 0.537994384765625 -0.32061767578125
-0.00505924224853516 0.0152511596679688 0.69573974609375 0.28814697265625
-0.0159072875976563 -0.0393447875976563 0.35113525390625 0.79559326171875
-0.000480651855468752 -0.0463027954101562 -0.14813232421875 0.61968994140625
0.0221347808837891 -0.0308074951171875 0.087921142578125 -0.0202407836914063
0.0243377685546875 -0.061370849609375 0.17132568359375 -0.71917724609375
0.00891494750976562 -0.061981201171875 -0.4776611328125 -0.76641845703125
-0.00182628631591797 -0.0167942047119141 -0.78271484375 -0.034912109375
0.00800514221191406 0.0303630828857422 -0.38763427734375 0.47943115234375
0.0214500427246094 0.0567474365234375 -0.032623291015625 0.4813232421875
0.0150108337402344 0.0417366027832031 0.173812866210938 0.213394165039063
-0.00990009307861328 0.00831413269042969 0.191680908203125 -0.056549072265625
-0.0144939422607422 0.0012664794921875 -0.152145385742188 -0.0253448486328125
0.0221138000488281 0.0317211151123047 -0.08807373046875 -0.287384033203125
0.0392227172851563 0.0492286682128906 0.1717529296875 -0.4259033203125
0.0282096862792969 0.0378532409667969 0.54718017578125 -0.269775390625
-0.00212478637695313 0.0182781219482422 0.672607421875 0.36474609375
-0.0133018493652344 -0.0410919189453125 0.29949951171875 0.8502197265625
0.0041046142578125 -0.0475921630859375 -0.17230224609375 0.6259765625
0.0253715515136719 -0.0366706848144531 0.103492736816406 -0.0249710083007813
0.0182342529296875 -0.0645103454589844 0.13446044921875 -0.708740234375
0.000457763671874998 -0.0583381652832031 -0.52093505859375 -0.7001953125
-0.00446128845214844 -0.0144548416137695 -0.77618408203125 0.0440063476562498
0.00988197326660156 0.0244331359863281 -0.36077880859375 0.51629638671875
0.0270767211914063 0.0446128845214844 -0.016937255859375 0.484710693359375
0.0173149108886719 0.0320816040039063 0.178573608398438 0.204071044921875
-0.0103425979614258 0.00142860412597656 0.193939208984375 -0.060546875
-0.0109024047851563 -0.00914573669433594 -0.146499633789063 -0.027191162109375
0.0218124389648438 0.0152473449707031 -0.078887939453125 -0.298248291015625
0.0324440002441406 0.0384674072265625 0.185302734375 -0.41943359375
0.0250625610351563 0.0375785827636719 0.551300048828125 -0.233184814453125
-0.00348281860351563 0.0289478302001953 0.64813232421875 0.421630859375
-0.0157356262207031 -0.0345668792724609 0.252197265625 0.8890380859375
0.00798034667968751 -0.0482025146484375 -0.19140625 0.6263427734375
0.0329971313476563 -0.0428352355957031 0.116813659667969 -0.0279006958007813
0.0142440795898438 -0.0634574890136719 0.11126708984375 -0.699951171875
-0.00669479370117187 -0.0457115173339844 -0.54998779296875 -0.64703369140625
-0.00790262222290039 -0.00599479675292969 -0.766357421875 0.10333251953125
0.00955772399902344 0.0209121704101563 -0.337005615234375 0.543212890625
0.0263996124267578 0.0292453765869141 -0.00567626953125 0.4832763671875
0.0162363052368164 0.0144329071044922 0.180435180664063 0.192794799804688
-0.0115203857421875 -0.00609397888183594 0.197158813476563 -0.06640625
-0.0116205215454102 -0.016632080078125 -0.142578125 -0.0277099609375
0.0251693725585938 -0.00743484497070313 -0.06890869140625 -0.3060302734375
0.031768798828125 0.0171318054199219 0.18902587890625 -0.42340087890625
0.0236568450927734 0.032012939453125 0.551513671875 -0.214019775390625
-0.0082550048828125 0.0395545959472656 0.635986328125 0.455810546875
-0.0215263366699219 -0.0240573883056641 0.23004150390625 0.9124755859375
0.0114784240722656 -0.0476570129394531 -0.19830322265625 0.634033203125
0.0442123413085938 -0.0500144958496094 0.126693725585938 -0.0287551879882813
0.0123748779296875 -0.0602188110351563 0.0989379882812501 -0.695068359375
-0.0127506256103516 -0.0302543640136719 -0.5633544921875 -0.616455078125
-0.00806617736816406 0.00674533843994141 -0.76123046875 0.1385498046875
0.00694179534912109 0.0155878067016602 -0.326446533203125 0.561492919921875
0.0219001770019531 0.0105419158935547 -0.00167846679687501 0.48486328125
0.0110263824462891 -0.00488948822021484 0.1787109375 0.1868896484375
-0.0125360488891602 -0.0172433853149414 0.195846557617188 -0.068450927734375
-0.00664138793945313 -0.0304012298583984 -0.139549255371094 -0.0328140258789063
0.0297431945800781 -0.0283393859863281 -0.06695556640625 -0.3089599609375
0.0330581665039063 -0.0127773284912109 0.18707275390625 -0.43109130859375
0.0188770294189453 0.0229663848876953 0.548187255859375 -0.213531494140625
-0.0158042907714844 0.0507125854492188 0.640380859375 0.4554443359375
-0.0304832458496094 -0.00687026977539063 0.22674560546875 0.91552734375
0.0142364501953125 -0.0480842590332031 -0.19757080078125 0.63629150390625
0.0549087524414063 -0.0563735961914063 0.128471374511719 -0.0241928100585938
0.0139083862304687 -0.0568122863769531 0.10662841796875 -0.6875
-0.0134973526000977 -0.0121097564697266 -0.55609130859375 -0.60906982421875
-0.0083770751953125 0.0203723907470703 -0.7625732421875 0.14300537109375
0.00203227996826172 0.0152044296264648 -0.32855224609375 0.5645751953125
0.0138072967529297 -0.00672626495361328 -0.00619506835937498 0.487762451171875
0.00603294372558594 -0.0252914428710938 0.176589965820313 0.191635131835938
-0.0151119232177734 -0.0259609222412109 0.18963623046875 -0.06536865234375
-0.00697708129882813 -0.036529541015625 -0.14263916015625 -0.02496337890625
0.0359535217285156 -0.0541763305664063 -0.0750732421875 -0.30816650390625
0.0302314758300781 -0.0396156311035156 0.173126220703125 -0.43463134765625
0.0128183364868164 0.0128793716430664 0.543548583984375 -0.235382080078125
-0.0200042724609375 0.0647430419921875 0.65985107421875 0.42755126953125
-0.0397491455078125 0.00664901733398437 0.26336669921875 0.90008544921875
0.0132637023925781 -0.0465469360351563 -0.18072509765625 0.64056396484375
0.0660057067871094 -0.0626945495605469 0.125587463378906 -0.0196380615234375
0.0174064636230469 -0.0537757873535156 0.1253662109375 -0.69061279296875
-0.0147104263305664 0.000570297241210938 -0.5413818359375 -0.63800048828125
-0.00865936279296875 0.0345001220703125 -0.7718505859375 0.11083984375
-0.00386810302734375 0.0159835815429688 -0.34857177734375 0.551544189453125
0.00647544860839844 -0.0239372253417969 -0.021270751953125 0.483795166015625
0.00483322143554687 -0.0471992492675781 0.1693115234375 0.190261840820313
-0.01165771484375 -0.0362167358398438 0.189590454101563 -0.066558837890625
-0.0100669860839844 -0.039886474609375 -0.14727783203125 -0.017822265625
0.0334014892578125 -0.0779800415039063 -0.090118408203125 -0.303558349609375
0.0214881896972656 -0.0567169189453125 0.152008056640625 -0.435577392578125
0.00902557373046875 0.00822544097900391 0.53851318359375 -0.26959228515625
-0.0190582275390625 0.0757369995117188 0.69085693359375 0.369384765625
-0.0444717407226563 0.0232086181640625 0.3253173828125 0.862060546875
0.0125732421875 -0.042938232421875 -0.1494140625 0.6407470703125
0.0772171020507813 -0.0662384033203125 0.113243103027344 -0.013641357421875
0.0220489501953125 -0.0534858703613281 0.15301513671875 -0.69549560546875
-0.0169172286987305 0.0125923156738281 -0.5115966796875 -0.688232421875
-0.0113563537597656 0.0463447570800781 -0.7841796875 0.0513305664062499
-0.0115242004394531 0.0165205001831055 -0.38067626953125 0.522491455078125
0.00342941284179687 -0.0384407043457031 -0.043548583984375 0.475311279296875
0.00678634643554688 -0.0654830932617188 0.15911865234375 0.19134521484375
-0.0123863220214844 -0.0425872802734375 0.190444946289063 -0.0690765380859375
-0.0121841430664062 -0.0411567687988281 -0.15618896484375 -0.0121307373046875
0.029144287109375 -0.0883255004882813 -0.105712890625 -0.2918701171875
0.0126533508300781 -0.0682182312011719 0.13323974609375 -0.439422607421875
0.00467157363891602 0.00783967971801758 0.525421142578125 -0.31964111328125
-0.0136947631835938 0.0853424072265625 0.71832275390625 0.28741455078125
-0.0456771850585937 0.0388221740722656 0.38580322265625 0.80340576171875
0.00818634033203125 -0.0394058227539062 -0.117919921875 0.63671875
0.0821075439453125 -0.068145751953125 0.0975265502929687 -0.001220703125
0.02996826171875 -0.0518379211425781 0.19171142578125 -0.69696044921875
-0.0156688690185547 0.0169172286987305 -0.45849609375 -0.75103759765625
-0.015960693359375 0.055023193359375 -0.79071044921875 -0.0313720703125001
-0.0158052444458008 0.0165557861328125 -0.416473388671875 0.48150634765625
0.001708984375 -0.0484085083007813 -0.068145751953125 0.469207763671875
0.0100936889648437 -0.0764007568359375 0.149871826171875 0.198593139648438
-0.0106239318847656 -0.045745849609375 0.187850952148438 -0.0678558349609375
-0.0148077011108398 0.00755691528320313 -0.1571044921875 -0.019805908203125
0.0258331298828125 0.0378875732421875 -0.0981903076171875 -0.275070190429688
0.0451126098632813 0.0466995239257812 0.159942626953125 -0.4334716796875
0.0290679931640625 0.0324058532714844 0.536590576171875 -0.319000244140625
-0.00417709350585938 0.01361083984375 0.69488525390625 0.28668212890625
-0.0156211853027344 -0.0404853820800781 0.3499755859375 0.79254150390625
0.00012588500976562 -0.0458412170410156 -0.14990234375 0.61773681640625
0.0208625793457031 -0.0300197601318359 0.0878448486328125 -0.0188827514648438
0.0227546691894531 -0.0621795654296875 0.17095947265625 -0.71502685546875
0.00881195068359376 -0.0624923706054688 -0.4735107421875 -0.7626953125
-0.00138568878173828 -0.0164403915405273 -0.7816162109375 -0.0350952148437498
0.0087127685546875 0.0303459167480469 -0.3873291015625 0.475616455078125
0.0224609375 0.0563774108886719 -0.031494140625 0.479248046875
0.0154914855957031 0.0402870178222656 0.173355102539063 0.214279174804688
-0.0100374221801758 0.00690364837646484 0.190811157226563 -0.0568389892578125
-0.0147581100463867 0.00136947631835937 -0.152130126953125 -0.0257415771484375
0.0231037139892578 0.0300178527832031 -0.0869140625 -0.287139892578125
0.0405654907226563 0.0490989685058594 0.170867919921875 -0.42364501953125
0.0291404724121094 0.0381622314453125 0.5452880859375 -0.268707275390625
-0.00188827514648437 0.0191307067871094 0.6722412109375 0.364013671875
-0.012542724609375 -0.0424346923828125 0.30023193359375 0.84637451171875
0.00390625 -0.0490913391113281 -0.17193603515625 0.6239013671875
0.0241737365722656 -0.0373725891113281 0.102142333984375 -0.0247039794921875
0.0180320739746094 -0.0633621215820313 0.13629150390625 -0.705078125
0.000782012939453119 -0.0587005615234375 -0.515869140625 -0.6964111328125
-0.004364013671875 -0.0157546997070313 -0.77703857421875 0.0443725585937499
0.00901031494140625 0.0247745513916016 -0.35906982421875 0.51409912109375
0.0272064208984375 0.0450820922851563 -0.01568603515625 0.482330322265625
0.0170326232910156 0.0314998626708984 0.179641723632813 0.203445434570313
-0.0108652114868164 0.00132560729980469 0.19354248046875 -0.060699462890625
-0.014190673828125 -0.00933837890625 -0.145828247070313 -0.0249786376953125
0.0211048126220703 0.0150566101074219 -0.078460693359375 -0.29718017578125
0.0329704284667969 0.0378990173339844 0.185638427734375 -0.419158935546875
0.0246849060058594 0.0382652282714844 0.55023193359375 -0.231475830078125
-0.00332832336425781 0.0291366577148438 0.64752197265625 0.42138671875
-0.015472412109375 -0.0352401733398437 0.250244140625 0.885986328125
0.00732421874999999 -0.0510025024414063 -0.19061279296875 0.62530517578125
0.0327987670898438 -0.0426368713378906 0.115615844726562 -0.0271682739257813
0.0130538940429687 -0.0618553161621094 0.11181640625 -0.6953125
-0.00850296020507812 -0.0469970703125 -0.546875 -0.644287109375
-0.00577783584594726 -0.00740194320678711 -0.76434326171875 0.10333251953125
0.0104351043701172 0.0201473236083984 -0.336090087890625 0.543060302734375
0.0288238525390625 0.0289134979248047 -0.00506591796874995 0.481201171875
0.0154399871826172 0.0151338577270508 0.179428100585938 0.192840576171875
-0.0116968154907227 -0.00724411010742188 0.1961669921875 -0.0658721923828125
-0.012730598449707 -0.0173959732055664 -0.142074584960938 -0.0278472900390625
0.0247001647949219 -0.00757598876953125 -0.068023681640625 -0.304656982421875
0.0305271148681641 0.0157661437988281 0.1915283203125 -0.421966552734375
0.0240573883056641 0.0331230163574219 0.551116943359375 -0.213134765625
-0.00750350952148438 0.0398788452148438 0.6361083984375 0.45465087890625
-0.0197944641113281 -0.0240421295166016 0.22918701171875 0.91162109375
0.0108413696289062 -0.0487442016601563 -0.1983642578125 0.627685546875
0.04241943359375 -0.0492019653320313 0.125045776367188 -0.0275497436523438
0.0130691528320313 -0.0609016418457031 0.10064697265625 -0.69140625
-0.0116844177246094 -0.0318450927734375 -0.55908203125 -0.6146240234375
-0.0083775520324707 0.00658845901489258 -0.759033203125 0.1375732421875
0.00706672668457031 0.0149526596069336 -0.32391357421875 0.557830810546875
0.0225582122802734 0.00952720642089844 -0.00302124023437503 0.48529052734375
0.0121059417724609 -0.00562000274658203 0.177490234375 0.188446044921875
-0.011744499206543 -0.0162420272827148 0.193008422851563 -0.069488525390625
-0.00565147399902344 -0.0303249359130859 -0.139511108398438 -0.0317611694335937
0.0295600891113281 -0.0290241241455078 -0.066436767578125 -0.308135986328125
0.0326042175292969 -0.0131645202636719 0.185791015625 -0.429656982421875
0.0192108154296875 0.0235481262207031 0.545745849609375 -0.215667724609375
-0.0156936645507813 0.04931640625 0.638671875 0.4539794921875
-0.0285072326660156 -0.00825691223144532 0.22698974609375 0.91265869140625
0.013641357421875 -0.0466156005859375 -0.1986083984375 0.632568359375
0.0549125671386719 -0.0555343627929688 0.128746032714844 -0.0229339599609375
0.0136833190917969 -0.0561637878417969 0.10748291015625 -0.683837890625
-0.0121622085571289 -0.012486457824707 -0.5535888671875 -0.6077880859375
-0.00708961486816406 0.0198535919189453 -0.7589111328125 0.14385986328125
0.00197315216064453 0.0158805847167969 -0.326507568359375 0.562286376953125
0.0148696899414063 -0.00653076171875 -0.00765991210937496 0.485687255859375
0.00779342651367187 -0.0243988037109375 0.174880981445313 0.19189453125
-0.0148582458496094 -0.0261898040771484 0.189743041992188 -0.06494140625
-0.005615234375 -0.0360107421875 -0.142349243164063 -0.02569580078125
0.0352783203125 -0.0531082153320313 -0.0740966796875 -0.307861328125
0.0299911499023437 -0.0394287109375 0.1710205078125 -0.434234619140625
0.0136890411376953 0.0133991241455078 0.5426025390625 -0.234710693359375
-0.0200729370117188 0.0636024475097656 0.65966796875 0.425048828125
-0.0391159057617187 0.00606536865234376 0.26202392578125 0.89794921875
0.0120735168457031 -0.0452537536621094 -0.181884765625 0.636962890625
0.0661125183105469 -0.06170654296875 0.124076843261719 -0.0180587768554688
0.0177841186523438 -0.0540313720703125 0.1253662109375 -0.68585205078125
-0.0133876800537109 0.00127315521240234 -0.53839111328125 -0.63580322265625
-0.00814056396484375 0.0340785980224609 -0.76934814453125 0.111572265625
-0.00348758697509766 0.0167427062988281 -0.348236083984375 0.548583984375
0.00722312927246094 -0.0241260528564453 -0.023040771484375 0.482940673828125
0.00489807128906251 -0.0465927124023438 0.168258666992188 0.191925048828125
-0.0139579772949219 -0.0352668762207031 0.188812255859375 -0.066680908203125
-0.00970458984375 -0.0391998291015625 -0.147781372070312 -0.018890380859375
0.0320892333984375 -0.0771102905273438 -0.091064453125 -0.302886962890625
0.0206413269042969 -0.0568733215332031 0.15325927734375 -0.434234619140625
0.00904464721679688 0.0104808807373047 0.53631591796875 -0.2698974609375
-0.0178604125976562 0.075225830078125 0.68853759765625 0.368896484375
-0.0431556701660156 0.0230712890625 0.3211669921875 0.8592529296875
0.0104293823242187 -0.0425758361816406 -0.1502685546875 0.636962890625
0.0759048461914063 -0.0658035278320313 0.112236022949219 -0.0121307373046875
0.022735595703125 -0.0533599853515625 0.15093994140625 -0.69183349609375
-0.014735221862793 0.010528564453125 -0.50653076171875 -0.685791015625
-0.0104484558105469 0.0457649230957031 -0.7818603515625 0.0506591796874999
-0.00988006591796875 0.016911506652832 -0.378326416015625 0.520263671875
0.00294876098632812 -0.0377349853515625 -0.04400634765625 0.474761962890625
0.00634002685546876 -0.0653495788574219 0.157333374023438 0.191070556640625
-0.0116157531738281 -0.0432357788085938 0.190093994140625 -0.06982421875
-0.0107765197753906 -0.0399017333984375 -0.154937744140625 -0.0124359130859375
0.0310897827148438 -0.0889968872070313 -0.104339599609375 -0.291259765625
0.0126876831054687 -0.0669097900390625 0.132415771484375 -0.4393310546875
0.00553607940673828 0.00810003280639648 0.523284912109375 -0.319122314453125
-0.0133895874023437 0.0855255126953125 0.7174072265625 0.28704833984375
-0.0428009033203125 0.0377540588378906 0.38433837890625 0.79864501953125
0.00987625122070312 -0.0387992858886719 -0.11944580078125 0.63323974609375
0.0828933715820313 -0.0674591064453125 0.0956802368164063 -4.13054251880549E-18
0.0297088623046875 -0.0510940551757813 0.1925048828125 -0.69110107421875
-0.0163440704345703 0.0183334350585938 -0.45513916015625 -0.75079345703125
-0.0161323547363281 0.0535736083984375 -0.78985595703125 -0.0310058593750001
-0.0154581069946289 0.0172815322875977 -0.413299560546875 0.480224609375
0.00173187255859375 -0.0491714477539063 -0.067779541015625 0.466552734375
0.0107498168945313 -0.0755691528320313 0.149917602539062 0.198516845703125
-0.0102310180664063 -0.0446014404296875 0.186981201171875 -0.0670318603515625
-0.0145206451416016 0.00683403015136719 -0.1573486328125 -0.019134521484375
0.0268745422363281 0.0364112854003906 -0.099609375 -0.2750244140625
0.0449409484863281 0.0485076904296875 0.158905029296875 -0.4327392578125
0.0288009643554687 0.0318660736083984 0.5352783203125 -0.318572998046875
-0.00356006622314453 0.0145101547241211 0.6947021484375 0.28656005859375
-0.0141181945800781 -0.0415000915527344 0.3487548828125 0.794189453125
3.43322753906237E-05 -0.0454902648925781 -0.1494140625 0.6165771484375
0.0211353302001953 -0.0293445587158203 0.0862274169921875 -0.0176162719726563
0.0234794616699219 -0.0605888366699219 0.17254638671875 -0.71063232421875
0.00965881347656249 -0.0631027221679688 -0.4730224609375 -0.76220703125
-0.00111007690429687 -0.0171518325805664 -0.780029296875 -0.0351562499999999
0.00764656066894531 0.0319728851318359 -0.387237548828125 0.47540283203125
0.0220756530761719 0.0576438903808594 -0.029754638671875 0.481170654296875
0.0146598815917969 0.0405769348144531 0.174880981445313 0.213226318359375
-0.00985908508300781 0.00705146789550781 0.19073486328125 -0.0565643310546875
-0.0152778625488281 0.00114345550537109 -0.151580810546875 -0.0260162353515625
0.0217266082763672 0.0311565399169922 -0.08831787109375 -0.287353515625
0.0396041870117188 0.0479965209960938 0.172821044921875 -0.4234619140625
0.0283317565917969 0.0362167358398437 0.547149658203125 -0.267730712890625
-0.00164604187011719 0.0187644958496094 0.6728515625 0.36248779296875
-0.0100936889648438 -0.042083740234375 0.29638671875 0.84564208984375
0.00426483154296875 -0.047454833984375 -0.17413330078125 0.62030029296875
0.0237350463867188 -0.0353050231933594 0.10137939453125 -0.0232315063476563
0.0174179077148437 -0.0643043518066406 0.13720703125 -0.70050048828125
0.000308990478515627 -0.0587997436523438 -0.51336669921875 -0.6978759765625
-0.00474166870117187 -0.0146856307983398 -0.77435302734375 0.0422973632812499
0.0108795166015625 0.0250453948974609 -0.358917236328125 0.512847900390625
0.0286445617675781 0.0467491149902344 -0.0162353515625 0.48272705078125
0.0174579620361328 0.0318794250488281 0.179351806640625 0.203353881835937
-0.0118274688720703 0.000677108764648439 0.19329833984375 -0.060821533203125
-0.0122880935668945 -0.00850105285644531 -0.145919799804688 -0.027008056640625
0.0212306976318359 0.0154743194580078 -0.078948974609375 -0.29827880859375
0.0334815979003906 0.0384788513183594 0.186920166015625 -0.41839599609375
0.0246200561523438 0.0376014709472656 0.5506591796875 -0.23138427734375
-0.001983642578125 0.0283870697021484 0.64898681640625 0.42193603515625
-0.0142440795898437 -0.0358238220214844 0.25006103515625 0.88568115234375
0.008697509765625 -0.0494270324707031 -0.19287109375 0.62432861328125
0.0328369140625 -0.0420379638671875 0.115737915039062 -0.026153564453125
0.0131912231445312 -0.0621910095214844 0.11297607421875 -0.694580078125
-0.00825881958007813 -0.0480117797851562 -0.546142578125 -0.644287109375
-0.00703048706054688 -0.00735044479370117 -0.76300048828125 0.10302734375
0.0103778839111328 0.0187702178955078 -0.336334228515625 0.53961181640625
0.0264625549316406 0.0301113128662109 -0.00640869140625005 0.481964111328125
0.0149784088134766 0.0150928497314453 0.178756713867187 0.192703247070313
-0.0125207901000977 -0.0074462890625 0.194076538085938 -0.0674285888671875
-0.012425422668457 -0.0168981552124023 -0.14227294921875 -0.0272216796875
0.0238285064697266 -0.00790596008300781 -0.06927490234375 -0.30523681640625
0.0314960479736328 0.0155601501464844 0.190277099609375 -0.42236328125
0.0231876373291016 0.0332832336425781 0.548614501953125 -0.212371826171875
-0.00701522827148438 0.0396308898925781 0.6361083984375 0.4549560546875
-0.0187034606933594 -0.0249404907226563 0.22760009765625 0.9090576171875
0.0104789733886719 -0.0475349426269531 -0.201416015625 0.626708984375
0.042083740234375 -0.0493278503417969 0.125457763671875 -0.0266494750976563
0.0121192932128906 -0.0590896606445313 0.10345458984375 -0.6883544921875
-0.0105838775634766 -0.0319576263427734 -0.557861328125 -0.61346435546875
-0.0072321891784668 0.00427389144897461 -0.7578125 0.1375732421875
0.00711727142333984 0.0159006118774414 -0.32366943359375 0.556488037109375
0.0225601196289063 0.0115127563476563 -0.00299072265625004 0.483673095703125
0.0131750106811523 -0.00492191314697266 0.178619384765625 0.187042236328125
-0.0129661560058594 -0.0177173614501953 0.1932373046875 -0.0699615478515625
-0.00568008422851563 -0.0296192169189453 -0.140235900878906 -0.0311737060546875
0.0305023193359375 -0.0277938842773438 -0.066436767578125 -0.30853271484375
0.0311908721923828 -0.0124683380126953 0.18621826171875 -0.430633544921875
0.0181808471679688 0.0239543914794922 0.548187255859375 -0.213226318359375
-0.015380859375 0.0509986877441406 0.6365966796875 0.455810546875
-0.0268688201904297 -0.00989341735839843 0.224365234375 0.912109375
0.0140228271484375 -0.0461082458496094 -0.20123291015625 0.630859375
0.0533866882324219 -0.0554580688476563 0.128311157226563 -0.022796630859375
0.0137252807617187 -0.0554656982421875 0.10906982421875 -0.68121337890625
-0.0130348205566406 -0.0140933990478516 -0.55322265625 -0.60589599609375
-0.00781822204589844 0.0193901062011719 -0.7591552734375 0.14202880859375
0.00129604339599609 0.0153713226318359 -0.32855224609375 0.56231689453125
0.015681266784668 -0.00654315948486328 -0.00714111328124996 0.486358642578125
0.00660896301269531 -0.0248928070068359 0.1741943359375 0.191848754882812
-0.0146484375 -0.0265178680419922 0.187362670898438 -0.0642242431640625
-0.00463104248046875 -0.0354690551757813 -0.141571044921875 -0.025146484375
0.0344047546386719 -0.0543670654296875 -0.074798583984375 -0.308624267578125
0.0307464599609375 -0.0403175354003906 0.1728515625 -0.4327392578125
0.0142126083374023 0.0142612457275391 0.542938232421875 -0.23382568359375
-0.019775390625 0.0632171630859375 0.65802001953125 0.42578125
-0.0371475219726563 0.00569152832031251 0.26318359375 0.89666748046875
0.0130081176757813 -0.0446548461914063 -0.18182373046875 0.6348876953125
0.0662040710449219 -0.0594978332519531 0.123886108398438 -0.0172042846679688
0.0171623229980469 -0.0546073913574219 0.12713623046875 -0.68316650390625
-0.0132236480712891 0.000789642333984374 -0.534423828125 -0.63385009765625
-0.00839424133300781 0.0346298217773437 -0.76806640625 0.1119384765625
-0.00297260284423828 0.0151786804199219 -0.347625732421875 0.548492431640625
0.00876045227050782 -0.0233592987060547 -0.022674560546875 0.48150634765625
0.00600814819335937 -0.0466156005859375 0.168411254882813 0.19091796875
-0.0126457214355469 -0.0358734130859375 0.188095092773438 -0.0675201416015625
-0.0089569091796875 -0.03851318359375 -0.147018432617188 -0.0184783935546875
0.0329513549804687 -0.0792160034179687 -0.0916748046875 -0.30328369140625
0.0213050842285156 -0.0563201904296875 0.152740478515625 -0.435272216796875
0.00879001617431641 0.0110187530517578 0.5347900390625 -0.27099609375
-0.0172348022460938 0.0751876831054688 0.689453125 0.36993408203125
-0.0427932739257813 0.0206489562988281 0.321533203125 0.85784912109375
0.0112533569335938 -0.0428504943847656 -0.15155029296875 0.63616943359375
0.07720947265625 -0.0654449462890625 0.1116943359375 -0.009918212890625
0.0235443115234375 -0.05340576171875 0.15447998046875 -0.68780517578125
-0.0140924453735352 0.0116996765136719 -0.50616455078125 -0.68536376953125
-0.0111198425292969 0.0454177856445313 -0.782470703125 0.0518188476562501
-0.0102357864379883 0.0169668197631836 -0.37908935546875 0.51971435546875
0.00365447998046875 -0.0370941162109375 -0.044189453125 0.47412109375
0.00600814819335937 -0.0646400451660156 0.157928466796875 0.191680908203125
-0.012786865234375 -0.0418739318847656 0.1885986328125 -0.0693359375
-0.0105209350585937 -0.039306640625 -0.154251098632813 -0.0119476318359375
0.0281295776367188 -0.0883102416992188 -0.10601806640625 -0.29071044921875
0.0132827758789063 -0.066131591796875 0.133026123046875 -0.43975830078125
0.0051112174987793 0.00862216949462891 0.5208740234375 -0.320343017578125
-0.0131454467773437 0.0856475830078125 0.71783447265625 0.28582763671875
-0.0423660278320312 0.0356292724609375 0.38604736328125 0.798583984375
0.0086517333984375 -0.0379753112792969 -0.11968994140625 0.6312255859375
0.0819168090820313 -0.0664825439453125 0.0948333740234375 -0.00104522705078125
0.0290184020996094 -0.0506248474121094 0.19427490234375 -0.6884765625
-0.0151481628417969 0.0176868438720703 -0.454833984375 -0.74932861328125
-0.0166053771972656 0.0533676147460938 -0.78839111328125 -0.0303955078125
-0.0151548385620117 0.0165319442749023 -0.41229248046875 0.48114013671875
0.001251220703125 -0.0484046936035156 -0.068023681640625 0.46563720703125
0.010284423828125 -0.0766372680664063 0.1494140625 0.198272705078125
-0.0116844177246094 -0.0449485778808594 0.185440063476563 -0.06768798828125
-0.0147800445556641 0.00820064544677734 -0.15911865234375 -0.0184783935546875
0.0239524841308594 0.0375747680664062 -0.1002197265625 -0.277801513671875
0.0445480346679688 0.0479698181152344 0.159912109375 -0.434173583984375
0.0298347473144531 0.0321731567382813 0.53668212890625 -0.317901611328125
-0.00273323059082031 0.0142393112182617 0.696044921875 0.285400390625
-0.0125503540039063 -0.0421485900878906 0.34893798828125 0.79412841796875
0.00055694580078125 -0.0452461242675781 -0.15234375 0.61566162109375
0.0202102661132813 -0.0298786163330078 0.0863723754882813 -0.0170745849609375
0.0239982604980469 -0.0608940124511719 0.173828125 -0.70672607421875
0.0107612609863281 -0.0642776489257813 -0.4715576171875 -0.76422119140625
-0.00228691101074219 -0.0179576873779297 -0.7811279296875 -0.0341186523437502
0.00897216796875 0.0312824249267578 -0.388031005859375 0.47698974609375
0.0221748352050781 0.0577507019042969 -0.030914306640625 0.479400634765625
0.0150718688964844 0.040557861328125 0.17401123046875 0.214569091796875
-0.0110807418823242 0.00671958923339844 0.190948486328125 -0.0580291748046875
-0.0143308639526367 0.000891685485839845 -0.151382446289062 -0.0266265869140625
0.0221843719482422 0.0298576354980469 -0.08843994140625 -0.28729248046875
0.0405807495117188 0.0490951538085938 0.172515869140625 -0.42498779296875
0.0286369323730469 0.0381088256835938 0.546905517578125 -0.267181396484375
1.14440917968751E-05 0.0185890197753906 0.67425537109375 0.36346435546875
-0.00978851318359375 -0.0435371398925781 0.294677734375 0.84576416015625
0.00457000732421875 -0.0465507507324219 -0.17401123046875 0.6199951171875
0.0237064361572266 -0.0348644256591797 0.103042602539063 -0.0222549438476563
0.0158424377441406 -0.0629692077636719 0.13946533203125 -0.69940185546875
0.0010833740234375 -0.0590591430664063 -0.5142822265625 -0.698974609375
-0.00571918487548828 -0.0155858993530273 -0.7723388671875 0.0436401367187499
0.0100822448730469 0.0248298645019531 -0.35858154296875 0.51177978515625
0.0288162231445312 0.0475044250488281 -0.014495849609375 0.483612060546875
0.0174007415771484 0.0300197601318359 0.179718017578125 0.2015380859375
-0.012211799621582 0.00206184387207031 0.194503784179687 -0.0625152587890625
-0.0110263824462891 -0.00926685333251953 -0.144500732421875 -0.025482177734375
0.0203151702880859 0.0145740509033203 -0.079315185546875 -0.299468994140625
0.0330543518066406 0.0393295288085938 0.186859130859375 -0.419189453125
0.0259475708007813 0.0381507873535156 0.55169677734375 -0.2318115234375
-0.000928878784179688 0.0274181365966797 0.6517333984375 0.4229736328125
-0.0119400024414062 -0.0366287231445312 0.249267578125 0.88525390625
0.00806427001953125 -0.0476226806640625 -0.19500732421875 0.62249755859375
0.0316238403320313 -0.040771484375 0.115669250488281 -0.0255889892578125
0.0137214660644531 -0.0624046325683594 0.11602783203125 -0.6903076171875
-0.00612258911132812 -0.0470962524414063 -0.5421142578125 -0.64544677734375
-0.00795984268188476 -0.00668144226074219 -0.7645263671875 0.10205078125
0.0113792419433594 0.0192451477050781 -0.33489990234375 0.540985107421875
0.0277328491210938 0.028900146484375 -0.00534057617187497 0.4822998046875
0.0164918899536133 0.015904426574707 0.178543090820313 0.194107055664063
-0.0129375457763672 -0.00662612915039062 0.193771362304687 -0.0686798095703125
-0.0120162963867187 -0.0162525177001953 -0.143325805664063 -0.0279083251953125
0.0231590270996094 -0.00783348083496094 -0.069854736328125 -0.30535888671875
0.0314483642578125 0.0158863067626953 0.18902587890625 -0.42242431640625
0.0223979949951172 0.0323352813720703 0.552337646484375 -0.211883544921875
-0.00615310668945313 0.0386924743652344 0.63812255859375 0.45550537109375
-0.0182437896728516 -0.0254039764404297 0.2255859375 0.9088134765625
0.0112762451171875 -0.0480918884277344 -0.20263671875 0.62664794921875
0.0416908264160156 -0.0478248596191406 0.125 -0.026275634765625
0.0121345520019531 -0.0593185424804688 0.106201171875 -0.686767578125
-0.0112113952636719 -0.0310249328613281 -0.55572509765625 -0.61456298828125
-0.00747823715209961 0.00536155700683594 -0.757080078125 0.1363525390625
0.00510215759277344 0.0166187286376953 -0.324737548828125 0.556976318359375
0.0228538513183594 0.0110759735107422 -0.00231933593749998 0.4847412109375
0.0124053955078125 -0.00570487976074219 0.177490234375 0.187820434570312
-0.0127458572387695 -0.0155754089355469 0.192153930664063 -0.069610595703125
-0.00571250915527343 -0.0297527313232422 -0.13909912109375 -0.0315933227539062
0.0282440185546875 -0.0274257659912109 -0.06671142578125 -0.3104248046875
0.0326995849609375 -0.0114231109619141 0.187103271484375 -0.43206787109375
0.0179443359375 0.0231590270996094 0.5489501953125 -0.21331787109375
-0.0141258239746094 0.0519180297851563 0.6380615234375 0.45574951171875
-0.0263233184814453 -0.0108280181884766 0.22430419921875 0.9134521484375
0.0134735107421875 -0.0453376770019531 -0.20355224609375 0.63104248046875
0.0544242858886719 -0.055145263671875 0.128631591796875 -0.0217819213867188
0.0127410888671875 -0.056365966796875 0.11383056640625 -0.67828369140625
-0.0121564865112305 -0.0144758224487305 -0.5511474609375 -0.60833740234375
-0.00805282592773437 0.0192031860351563 -0.7581787109375 0.14105224609375
0.00164413452148438 0.0154199600219727 -0.327392578125 0.561553955078125
0.0158882141113281 -0.00708389282226563 -0.00836181640625 0.4862060546875
0.00756072998046875 -0.0246334075927734 0.175079345703125 0.192031860351562
-0.0160560607910156 -0.0268039703369141 0.187789916992187 -0.0651092529296875
-0.00606536865234375 -0.0355072021484375 -0.141281127929688 -0.0261077880859375
0.035491943359375 -0.0542335510253906 -0.07574462890625 -0.308502197265625
0.0300369262695312 -0.0394172668457031 0.17236328125 -0.43536376953125
0.012080192565918 0.0149745941162109 0.54327392578125 -0.23419189453125
-0.0179290771484375 0.06292724609375 0.6614990234375 0.4263916015625
-0.0355796813964844 0.00625228881835937 0.2628173828125 0.896728515625
0.0134010314941406 -0.0441932678222656 -0.1827392578125 0.63299560546875
0.0658721923828125 -0.0593795776367188 0.123863220214844 -0.0161209106445313
0.0185470581054688 -0.0535659790039063 0.128662109375 -0.68255615234375
-0.0119352340698242 0.000304222106933596 -0.5333251953125 -0.63824462890625
-0.00879287719726563 0.033782958984375 -0.76763916015625 0.11138916015625
-0.00374507904052734 0.0163650512695313 -0.3460693359375 0.5498046875
0.00947380065917969 -0.0238628387451172 -0.022674560546875 0.483978271484375
0.00622940063476563 -0.0469970703125 0.166839599609375 0.192398071289063
-0.0142440795898438 -0.0359039306640625 0.187652587890625 -0.066925048828125
-0.010345458984375 -0.0374641418457031 -0.14599609375 -0.0172119140625
0.0331192016601562 -0.0787887573242188 -0.091461181640625 -0.30328369140625
0.0220527648925781 -0.0567207336425781 0.152618408203125 -0.435760498046875
0.0102214813232422 0.0102653503417969 0.536224365234375 -0.270538330078125
-0.017242431640625 0.0748062133789062 0.69097900390625 0.3690185546875
-0.0417289733886719 0.0205764770507812 0.32073974609375 0.8612060546875
0.0120620727539063 -0.0409011840820313 -0.15240478515625 0.63385009765625
0.07623291015625 -0.0651397705078125 0.111923217773438 -0.011322021484375
0.0237541198730469 -0.0522232055664063 0.1556396484375 -0.6865234375
-0.0138454437255859 0.0109338760375977 -0.5025634765625 -0.68536376953125
-0.00994110107421875 0.0449905395507812 -0.7813720703125 0.0522460937499999
-0.00859546661376953 0.0170536041259766 -0.3800048828125 0.519561767578125
0.00356292724609375 -0.0372581481933594 -0.044525146484375 0.474578857421875
0.00652694702148437 -0.0658111572265625 0.1575927734375 0.192184448242188
-0.01287841796875 -0.0419654846191406 0.187255859375 -0.070159912109375
-0.00985336303710938 -0.0394821166992188 -0.154464721679688 -0.012908935546875
0.028411865234375 -0.0879592895507813 -0.1077880859375 -0.2900390625
0.0128288269042969 -0.0674209594726563 0.13330078125 -0.440155029296875
0.00379848480224609 0.00966167449951172 0.522552490234375 -0.319183349609375
-0.0139694213867187 0.0839309692382812 0.71710205078125 0.28668212890625
-0.0409660339355469 0.0349693298339844 0.38592529296875 0.79901123046875
0.00916671752929688 -0.0381278991699219 -0.1229248046875 0.631591796875
0.0819320678710938 -0.06475830078125 0.095123291015625 0.00150299072265625
0.0302925109863281 -0.0500946044921875 0.1962890625 -0.68634033203125
-0.0157480239868164 0.017512321472168 -0.452880859375 -0.74945068359375
-0.015380859375 0.0515060424804687 -0.78741455078125 -0.0305786132812499
-0.0148696899414063 0.0183334350585937 -0.41461181640625 0.481719970703125
0.00428009033203126 -0.0479545593261719 -0.06890869140625 0.466583251953125
0.0109481811523438 -0.07659912109375 0.148818969726563 0.198715209960938
-0.0109519958496094 -0.0450019836425781 0.183578491210938 -0.0679779052734375
-0.0154638290405273 0.00775146484375 -0.159561157226563 -0.0194244384765625
0.0251350402832031 0.0381584167480469 -0.0991973876953125 -0.277618408203125
0.0455169677734375 0.0481681823730469 0.16058349609375 -0.435638427734375
0.0292167663574219 0.0325222015380859 0.53997802734375 -0.31988525390625
-0.00196456909179687 0.0129175186157227 0.69915771484375 0.287353515625
-0.0119857788085937 -0.0428428649902344 0.3499755859375 0.79534912109375
0.000637054443359378 -0.044403076171875 -0.1529541015625 0.61602783203125
0.0202960968017578 -0.0283966064453125 0.08599853515625 -0.0161590576171875
0.0232696533203125 -0.0613212585449219 0.17449951171875 -0.708740234375
0.0103569030761719 -0.06500244140625 -0.4710693359375 -0.7647705078125
-0.001373291015625 -0.0179939270019531 -0.7840576171875 -0.0349121093749999
0.00889396667480469 0.0323867797851563 -0.388458251953125 0.477508544921875
0.0225906372070313 0.0579719543457031 -0.031158447265625 0.482818603515625
0.015838623046875 0.0391197204589844 0.173782348632813 0.214599609375
-0.0108575820922852 0.00710487365722656 0.19085693359375 -0.056610107421875
-0.0151023864746094 0.00144195556640625 -0.151763916015625 -0.0267486572265625
0.0198898315429688 0.0302925109863281 -0.0894775390625 -0.2891845703125
0.040283203125 0.0483169555664062 0.173095703125 -0.425506591796875
0.0292015075683594 0.0390472412109375 0.549163818359375 -0.268402099609375
-9.53674316406236E-05 0.0183010101318359 0.67584228515625 0.36419677734375
-0.00757217407226562 -0.0438385009765625 0.2974853515625 0.85003662109375
0.00442886352539063 -0.0489006042480469 -0.177734375 0.62066650390625
0.0231590270996094 -0.0331707000732422 0.102188110351563 -0.0212631225585938
0.0170516967773438 -0.0632896423339844 0.14239501953125 -0.69842529296875
0.00212478637695313 -0.0612678527832031 -0.51416015625 -0.69830322265625
-0.00432586669921875 -0.0153188705444336 -0.7763671875 0.0424194335937498
0.0113010406494141 0.0255928039550781 -0.360015869140625 0.515289306640625
0.0280723571777344 0.0457000732421875 -0.015655517578125 0.485260009765625
0.0174789428710938 0.0309123992919922 0.180023193359375 0.2025146484375
-0.0128717422485352 0.00202560424804688 0.193466186523437 -0.0624237060546875
-0.0137910842895508 -0.00951862335205078 -0.146255493164062 -0.026397705078125
0.01947021484375 0.0152187347412109 -0.081298828125 -0.2987060546875
0.0331611633300781 0.0392417907714844 0.186981201171875 -0.420989990234375
0.0267753601074219 0.0392303466796875 0.55413818359375 -0.232421875
-0.000837326049804685 0.0273323059082031 0.65106201171875 0.42327880859375
-0.012054443359375 -0.0384025573730469 0.24884033203125 0.88739013671875
0.00726318359375 -0.0482177734375 -0.19525146484375 0.62237548828125
0.0305252075195313 -0.0413780212402344 0.117546081542969 -0.0253143310546875
0.0132675170898438 -0.0634613037109375 0.118896484375 -0.692138671875
-0.00665283203125 -0.0478591918945313 -0.542724609375 -0.64752197265625
-0.00693750381469726 -0.00878334045410156 -0.76580810546875 0.10186767578125
0.0108489990234375 0.0202255249023438 -0.3372802734375 0.54168701171875
0.0273933410644531 0.0308780670166016 -0.00515747070312495 0.482391357421875
0.0155010223388672 0.0166740417480469 0.179977416992188 0.19219970703125
-0.0146827697753906 -0.00686359405517578 0.1934814453125 -0.066741943359375
-0.0107259750366211 -0.0153465270996094 -0.142486572265625 -0.027862548828125
0.0235118865966797 -0.00769996643066406 -0.069732666015625 -0.306732177734375
0.0319652557373047 0.0157241821289062 0.18994140625 -0.424346923828125
0.0234336853027344 0.0339145660400391 0.5540771484375 -0.213531494140625
-0.00646591186523438 0.0383033752441406 0.64117431640625 0.4569091796875
-0.01531982421875 -0.0269374847412109 0.22540283203125 0.9119873046875
0.010223388671875 -0.0481529235839844 -0.20355224609375 0.627685546875
0.0416679382324219 -0.0470390319824219 0.125434875488281 -0.0240936279296875
0.0134696960449219 -0.0603141784667969 0.107177734375 -0.6856689453125
-0.00959968566894532 -0.0331211090087891 -0.55645751953125 -0.61529541015625
-0.00792837142944336 0.00473403930664063 -0.76129150390625 0.13665771484375
0.00686836242675781 0.0170936584472656 -0.325592041015625 0.55865478515625
0.0233154296875 0.0123138427734375 -0.00305175781250001 0.485015869140625
0.0118408203125 -0.00605964660644531 0.178314208984375 0.188674926757813
-0.0131587982177734 -0.0162591934204102 0.192916870117187 -0.0699615478515625
-0.00609779357910156 -0.0300998687744141 -0.140190124511719 -0.0330581665039062
0.0295429229736328 -0.0286464691162109 -0.068389892578125 -0.309967041015625
0.0325412750244141 -0.0120258331298828 0.186279296875 -0.432708740234375
0.0184421539306641 0.0247573852539063 0.55108642578125 -0.21441650390625
-0.0140953063964844 0.0507621765136719 0.6414794921875 0.4566650390625
-0.0261268615722656 -0.00995254516601562 0.22369384765625 0.916748046875
0.0141487121582031 -0.04595947265625 -0.2039794921875 0.63214111328125
0.0543136596679688 -0.0546760559082031 0.128570556640625 -0.0207290649414063
0.0143203735351563 -0.05584716796875 0.11553955078125 -0.6796875
-0.0121707916259766 -0.0158748626708984 -0.5498046875 -0.60919189453125
-0.00760650634765625 0.0180416107177734 -0.7603759765625 0.14251708984375
0.00204563140869141 0.0161352157592773 -0.32855224609375 0.56341552734375
0.0166444778442383 -0.00557041168212891 -0.00720214843749996 0.48797607421875
0.0084228515625 -0.0240077972412109 0.174880981445313 0.193206787109375
-0.0160312652587891 -0.0265617370605469 0.1878662109375 -0.0665130615234375
-0.00479507446289062 -0.0353240966796875 -0.142623901367188 -0.026275634765625
0.0351486206054688 -0.0554733276367188 -0.07708740234375 -0.30963134765625
0.0299911499023438 -0.0395317077636719 0.17230224609375 -0.436676025390625
0.0126705169677734 0.0150995254516602 0.54559326171875 -0.234832763671875
-0.01763916015625 0.0631065368652344 0.6636962890625 0.42919921875
-0.0345668792724609 0.00398826599121094 0.26025390625 0.8984375
0.0130157470703125 -0.0434036254882812 -0.18414306640625 0.63531494140625
0.0666160583496094 -0.058929443359375 0.123527526855469 -0.0161972045898438
0.0175018310546875 -0.0535850524902344 0.13232421875 -0.68310546875
-0.0113277435302734 -0.00127601623535156 -0.5328369140625 -0.63775634765625
-0.00919723510742187 0.0345649719238281 -0.77044677734375 0.11279296875
-0.00272464752197266 0.0164422988891602 -0.349029541015625 0.55047607421875
0.00954055786132812 -0.0235996246337891 -0.023101806640625 0.484039306640625
0.00582122802734375 -0.0470352172851563 0.168045043945313 0.192031860351563
-0.0138797760009766 -0.03472900390625 0.187026977539063 -0.06597900390625
-0.0077667236328125 -0.0376815795898438 -0.147735595703125 -0.0192718505859375
0.032806396484375 -0.078765869140625 -0.091644287109375 -0.3048095703125
0.0217208862304688 -0.0566596984863281 0.153350830078125 -0.4373779296875
0.00814533233642578 0.0118646621704102 0.539642333984375 -0.27069091796875
-0.0169219970703125 0.074493408203125 0.69439697265625 0.36968994140625
-0.0406227111816406 0.0196609497070313 0.3226318359375 0.8604736328125
0.0127296447753906 -0.0407943725585937 -0.154541015625 0.63482666015625
0.0761184692382813 -0.0637435913085938 0.111442565917969 -0.00817108154296875
0.0217399597167969 -0.0522956848144531 0.15838623046875 -0.68719482421875
-0.01409912109375 0.010371208190918 -0.5029296875 -0.68780517578125
-0.0107612609863281 0.0466270446777344 -0.7835693359375 0.0508422851562499
-0.00956916809082031 0.0174484252929688 -0.379180908203125 0.520538330078125
0.00461959838867188 -0.0372238159179688 -0.04669189453125 0.476348876953125
0.00617599487304688 -0.066131591796875 0.157623291015625 0.19244384765625
-0.0133285522460938 -0.0416145324707031 0.186370849609375 -0.0693511962890625
-0.0102806091308594 -0.0380859375 -0.155899047851563 -0.012603759765625
0.0293350219726563 -0.0877304077148438 -0.10736083984375 -0.292144775390625
0.0132064819335938 -0.0668106079101563 0.133392333984375 -0.44189453125
0.00371551513671875 0.00938034057617188 0.52716064453125 -0.31951904296875
-0.013519287109375 0.084991455078125 0.7218017578125 0.28656005859375
-0.0415763854980469 0.0349693298339844 0.38433837890625 0.80194091796875
0.0107421875 -0.0377120971679688 -0.12347412109375 0.63238525390625
0.0810470581054688 -0.0651321411132813 0.0946502685546875 0.0026702880859375
0.02972412109375 -0.0502662658691406 0.1995849609375 -0.68560791015625
-0.0152225494384766 0.0147514343261719 -0.452880859375 -0.748046875
-0.0180091857910156 0.0539512634277344 -0.79168701171875 -0.031494140625
-0.0148715972900391 0.0162544250488281 -0.4161376953125 0.483306884765625
0.00454330444335938 -0.0480690002441406 -0.070709228515625 0.469451904296875
0.011016845703125 -0.077789306640625 0.148223876953125 0.200576782226563
-0.0110626220703125 -0.0447731018066406 0.184341430664062 -0.065887451171875
-0.0152902603149414 0.00776290893554688 -0.159744262695313 -0.01959228515625
0.0243148803710938 0.0369071960449219 -0.102325439453125 -0.277084350585938
0.0461997985839844 0.0484695434570313 0.16278076171875 -0.436859130859375
0.0292587280273437 0.0338287353515625 0.544342041015625 -0.320068359375
-0.00195121765136719 0.0140542984008789 0.7034912109375 0.28851318359375
-0.0119972229003906 -0.0440750122070313 0.35076904296875 0.79852294921875
-0.000560760498046875 -0.0449714660644531 -0.15460205078125 0.61859130859375
0.0190391540527344 -0.0270786285400391 0.085845947265625 -0.0146942138671875
0.0223350524902344 -0.0618858337402344 0.17694091796875 -0.70928955078125
0.0114555358886719 -0.0660667419433594 -0.47161865234375 -0.768310546875
-0.000914573669433594 -0.0164604187011719 -0.78857421875 -0.0367431640625
0.00863265991210938 0.0334701538085938 -0.38909912109375 0.4788818359375
0.0234565734863281 0.0585556030273438 -0.0306396484375 0.485076904296875
0.0157928466796875 0.0406951904296875 0.174392700195313 0.215377807617188
-0.0123615264892578 0.00757884979248047 0.190032958984375 -0.0577545166015625
-0.0167922973632813 0.00201511383056641 -0.154037475585938 -0.0266571044921875
0.0216617584228516 0.0299053192138672 -0.090576171875 -0.289947509765625
0.04071044921875 0.0496139526367188 0.175048828125 -0.4283447265625
0.0304679870605469 0.0395584106445313 0.553466796875 -0.270416259765625
0.000276565551757811 0.0171823501586914 0.68121337890625 0.3658447265625
-0.00714111328125 -0.0444984436035156 0.29937744140625 0.8516845703125
0.00532150268554688 -0.0476760864257813 -0.17840576171875 0.62261962890625
0.0222663879394531 -0.0332965850830078 0.101455688476562 -0.0196151733398438
0.0166206359863281 -0.0645217895507813 0.1458740234375 -0.70013427734375
0.00196456909179688 -0.0610694885253906 -0.51373291015625 -0.7012939453125
-0.00393199920654297 -0.0156764984130859 -0.77764892578125 0.0441284179687502
0.0120258331298828 0.0264415740966797 -0.361663818359375 0.516448974609375
0.0286445617675781 0.04718017578125 -0.014984130859375 0.487579345703125
0.0182971954345703 0.03076171875 0.180679321289063 0.2030029296875
-0.0149660110473633 0.00169658660888672 0.194595336914063 -0.061431884765625
-0.0122575759887695 -0.00802230834960938 -0.147430419921875 -0.02716064453125
0.0204715728759766 0.0132770538330078 -0.080963134765625 -0.301300048828125
0.0338249206542969 0.0391578674316406 0.187255859375 -0.42242431640625
0.026092529296875 0.0398750305175781 0.556304931640625 -0.232452392578125
-0.000522613525390628 0.0291786193847656 0.6553955078125 0.4249267578125
-0.0106620788574219 -0.0385169982910156 0.2484130859375 0.89178466796875
0.00765609741210938 -0.0479621887207031 -0.19879150390625 0.6240234375
0.0306930541992188 -0.0421562194824219 0.116279602050781 -0.0240097045898438
0.0133476257324219 -0.062164306640625 0.12176513671875 -0.6915283203125
-0.0064697265625 -0.0488548278808594 -0.54241943359375 -0.648193359375
-0.00709867477416992 -0.00832414627075195 -0.76959228515625 0.102783203125
0.0110969543457031 0.0202865600585938 -0.33740234375 0.5440673828125
0.0299205780029297 0.0300922393798828 -0.00503540039062502 0.486602783203125
0.0153398513793945 0.0145606994628906 0.178070068359375 0.193145751953125
-0.0139274597167969 -0.00756549835205078 0.1925048828125 -0.0693359375
-0.0118551254272461 -0.0158805847167969 -0.142929077148438 -0.027801513671875
0.0235729217529297 -0.00842094421386719 -0.070465087890625 -0.308380126953125
0.0315666198730469 0.0171718597412109 0.18975830078125 -0.42681884765625
0.0231723785400391 0.0344142913818359 0.5560302734375 -0.215057373046875
-0.00499725341796875 0.0389518737792969 0.6435546875 0.45941162109375
-0.0143566131591797 -0.0273818969726563 0.2271728515625 0.91448974609375
0.0101127624511719 -0.0489883422851563 -0.205078125 0.62933349609375
0.0407257080078125 -0.0471992492675781 0.126747131347656 -0.0242538452148438
0.012969970703125 -0.0600090026855469 0.11004638671875 -0.687255859375
-0.0106792449951172 -0.0331611633300781 -0.55706787109375 -0.6182861328125
-0.00803661346435547 0.00428056716918946 -0.76397705078125 0.13702392578125
0.00647830963134766 0.0167560577392578 -0.3265380859375 0.55975341796875
0.0240211486816406 0.0116443634033203 -0.00231933593750002 0.48907470703125
0.0116910934448242 -0.00649261474609375 0.178909301757813 0.189483642578125
-0.0144891738891602 -0.0155782699584961 0.1927490234375 -0.07098388671875
-0.005096435546875 -0.0299320220947266 -0.140670776367188 -0.03302001953125
0.0277481079101563 -0.0289173126220703 -0.068328857421875 -0.31292724609375
0.0341892242431641 -0.0127696990966797 0.189208984375 -0.4351806640625
0.0189495086669922 0.0254402160644531 0.5538330078125 -0.215057373046875
-0.0126304626464844 0.0501480102539063 0.6456298828125 0.45941162109375
-0.0240478515625 -0.0123558044433594 0.22406005859375 0.9171142578125
0.0140647888183594 -0.0452690124511719 -0.20660400390625 0.63275146484375
0.0536117553710938 -0.0534629821777344 0.129707336425781 -0.0205917358398438
0.0140495300292969 -0.0574302673339844 0.117919921875 -0.67987060546875
-0.0119953155517578 -0.01507568359375 -0.5496826171875 -0.6109619140625
-0.0078887939453125 0.0183258056640625 -0.7630615234375 0.1436767578125
0.0018911361694336 0.0173101425170898 -0.330078125 0.56561279296875
0.0177249908447266 -0.00560760498046875 -0.00665283203125001 0.48968505859375
0.00751304626464843 -0.0257854461669922 0.174057006835938 0.19451904296875
-0.0160999298095703 -0.0258827209472656 0.187164306640625 -0.0662078857421875
-0.00440597534179688 -0.035675048828125 -0.143753051757813 -0.026153564453125
0.0351028442382813 -0.055694580078125 -0.07623291015625 -0.311309814453125
0.0302581787109375 -0.0397796630859375 0.174072265625 -0.438323974609375
0.0135746002197266 0.0151386260986328 0.54888916015625 -0.236175537109375
-0.0169029235839844 0.0628089904785156 0.66656494140625 0.42852783203125
-0.0355033874511719 0.00460052490234376 0.2628173828125 0.90301513671875
0.0130844116210938 -0.0450782775878906 -0.1878662109375 0.63531494140625
0.0652656555175781 -0.0582542419433594 0.124046325683594 -0.0146331787109375
0.0178184509277344 -0.0533599853515625 0.134033203125 -0.68255615234375
-0.0128192901611328 -0.000680923461914063 -0.53570556640625 -0.64093017578125
-0.00919723510742188 0.0329532623291016 -0.77032470703125 0.112060546875
-0.00310897827148437 0.0179615020751953 -0.348419189453125 0.55352783203125
0.00993537902832031 -0.0244121551513672 -0.022674560546875 0.487823486328125
0.00721359252929688 -0.0473136901855469 0.167312622070313 0.193252563476563
-0.0147590637207031 -0.0359764099121094 0.187850952148438 -0.066497802734375
-0.00812911987304688 -0.0362052917480469 -0.14727783203125 -0.018218994140625
0.032928466796875 -0.0796127319335938 -0.091766357421875 -0.306884765625
0.0208740234375 -0.0570335388183594 0.15472412109375 -0.4395751953125
0.00914096832275391 0.0109233856201172 0.54010009765625 -0.271240234375
-0.016876220703125 0.074371337890625 0.698486328125 0.37158203125
-0.0396308898925781 0.0193977355957031 0.3228759765625 0.8641357421875
0.0111808776855469 -0.04254150390625 -0.15606689453125 0.63623046875
0.076568603515625 -0.0626678466796875 0.112373352050781 -0.0087738037109375
0.0231590270996094 -0.05303955078125 0.160888671875 -0.68719482421875
-0.0142717361450195 0.0102291107177734 -0.5030517578125 -0.68853759765625
-0.0116806030273438 0.0458564758300781 -0.78741455078125 0.0528564453124998
-0.00910568237304688 0.0177879333496094 -0.380615234375 0.5234375
0.00519943237304688 -0.0376968383789063 -0.04693603515625 0.479339599609375
0.00695419311523437 -0.066253662109375 0.158126831054687 0.194732666015625
-0.0141334533691406 -0.0413169860839844 0.1868896484375 -0.07086181640625
-0.00992965698242188 -0.0369148254394531 -0.156295776367188 -0.011962890625
0.0296401977539063 -0.089263916015625 -0.107666015625 -0.29254150390625
0.0139427185058594 -0.0678977966308594 0.134918212890625 -0.445220947265625
0.00440025329589844 0.00942134857177734 0.52850341796875 -0.320526123046875
-0.0122756958007812 0.0843505859375 0.7257080078125 0.28875732421875
-0.0410499572753906 0.0337867736816406 0.3868408203125 0.80572509765625
0.00933837890625 -0.0357284545898438 -0.12493896484375 0.6329345703125
0.0816268920898438 -0.0634231567382813 0.0958023071289063 0.0022125244140625
0.0306129455566406 -0.0497665405273438 0.2005615234375 -0.68560791015625
-0.0153017044067383 0.0152416229248047 -0.45404052734375 -0.752197265625
-0.0170097351074219 0.0535202026367187 -0.79388427734375 -0.0325317382812502
-0.0154571533203125 0.0167608261108398 -0.41766357421875 0.4842529296875
0.00297164916992188 -0.0482254028320312 -0.0706787109374999 0.470245361328125
0.00994110107421875 -0.0775527954101563 0.14886474609375 0.202041625976562
-0.0116920471191406 -0.0431060791015625 0.184463500976563 -0.067169189453125
-0.0161542892456055 0.00807857513427734 -0.16064453125 -0.0199737548828125
0.0245285034179687 0.0367546081542969 -0.1033935546875 -0.27960205078125
0.0457534790039062 0.0484390258789063 0.16204833984375 -0.439605712890625
0.0292263031005859 0.0342788696289063 0.547393798828125 -0.32440185546875
-0.000949859619140625 0.013789176940918 0.71026611328125 0.2890625
-0.00958633422851562 -0.0452423095703125 0.3558349609375 0.80316162109375
-0.000629425048828121 -0.0454864501953125 -0.1571044921875 0.62200927734375
0.0194377899169922 -0.0282077789306641 0.086212158203125 -0.0149154663085938
0.0228385925292969 -0.0608749389648438 0.18072509765625 -0.71124267578125
0.0117149353027344 -0.0662918090820313 -0.47442626953125 -0.77239990234375
-0.00147247314453125 -0.0190753936767578 -0.79083251953125 -0.0365600585937499
0.00901031494140625 0.0342731475830078 -0.3919677734375 0.482452392578125
0.0233726501464844 0.0589141845703125 -0.029571533203125 0.486419677734375
0.0154647827148437 0.0398712158203125 0.176483154296875 0.217758178710937
-0.0134878158569336 0.00640201568603515 0.191940307617188 -0.059295654296875
-0.0171318054199219 0.00181198120117188 -0.154586791992188 -0.0262603759765625
0.0199241638183594 0.0300121307373047 -0.092864990234375 -0.29229736328125
0.0403327941894531 0.0486907958984375 0.17578125 -0.429779052734375
0.0307159423828125 0.0397796630859375 0.55853271484375 -0.272705078125
0.00176239013671875 0.0182399749755859 0.6866455078125 0.36785888671875
-0.00503921508789062 -0.0459747314453125 0.3017578125 0.85552978515625
0.00473403930664062 -0.04754638671875 -0.17779541015625 0.6258544921875
0.0224189758300781 -0.0334739685058594 0.102264404296875 -0.0202560424804688
0.0162887573242187 -0.0638542175292969 0.14422607421875 -0.7003173828125
0.00212860107421875 -0.0623016357421875 -0.51641845703125 -0.7054443359375
-0.00400352478027344 -0.0158710479736328 -0.78472900390625 0.0463256835937501
0.0119552612304687 0.0256500244140625 -0.362762451171875 0.517974853515625
0.0301895141601562 0.0458869934082031 -0.01483154296875 0.488037109375
0.0174140930175781 0.0306529998779297 0.181427001953125 0.205368041992188
-0.0139493942260742 0.00189781188964843 0.193939208984375 -0.062225341796875
-0.0146961212158203 -0.00859642028808594 -0.148406982421875 -0.02691650390625
0.0187129974365234 0.0141220092773438 -0.08233642578125 -0.302001953125
0.0351676940917969 0.0384368896484375 0.19012451171875 -0.426544189453125
0.0254783630371094 0.0406036376953125 0.56097412109375 -0.234954833984375
0.00113296508789063 0.0266017913818359 0.6634521484375 0.42669677734375
-0.00876617431640625 -0.03900146484375 0.2537841796875 0.8956298828125
0.00683975219726563 -0.0485610961914063 -0.19842529296875 0.62628173828125
0.0304489135742187 -0.0391044616699219 0.117202758789063 -0.0225601196289063
0.0139541625976562 -0.0620613098144531 0.12158203125 -0.69476318359375
-0.00628280639648438 -0.0491867065429688 -0.54718017578125 -0.65057373046875
-0.00761318206787109 -0.00863933563232422 -0.77252197265625 0.10498046875
0.0108318328857422 0.0201396942138672 -0.340087890625 0.547088623046875
0.0299510955810547 0.0298881530761719 -0.00512695312499995 0.4893798828125
0.0161457061767578 0.0160894393920898 0.180419921875 0.195083618164063
-0.0151166915893555 -0.00616550445556641 0.194076538085938 -0.06982421875
-0.0114860534667969 -0.0154838562011719 -0.14593505859375 -0.0293121337890625
0.0227985382080078 -0.00934791564941406 -0.07110595703125 -0.310028076171875
0.0312442779541016 0.0162467956542969 0.192291259765625 -0.431182861328125
0.0236282348632813 0.0356636047363281 0.56085205078125 -0.21533203125
-0.00387954711914062 0.0374870300292969 0.650634765625 0.4615478515625
-0.0152053833007812 -0.0288906097412109 0.22900390625 0.92169189453125
0.0106925964355469 -0.0485954284667969 -0.2078857421875 0.63177490234375
0.0402984619140625 -0.0464706420898438 0.127197265625 -0.0240859985351563
0.0127449035644531 -0.0596351623535156 0.1099853515625 -0.68914794921875
-0.0103378295898438 -0.0348052978515625 -0.5596923828125 -0.62103271484375
-0.00725173950195313 0.00420618057250976 -0.76824951171875 0.13836669921875
0.00749969482421875 0.0174493789672852 -0.328857421875 0.56610107421875
0.0251483917236328 0.0118408203125 -0.00244140625000003 0.4906005859375
0.0124044418334961 -0.0057220458984375 0.180130004882813 0.19012451171875
-0.0148725509643555 -0.0171480178833008 0.192718505859375 -0.0713043212890625
-0.00538253784179688 -0.0299663543701172 -0.14263916015625 -0.033172607421875
0.0283527374267578 -0.0288181304931641 -0.0694580078125 -0.315704345703125
0.0335712432861328 -0.0127925872802734 0.190155029296875 -0.439910888671875
0.0185832977294922 0.0245475769042969 0.55792236328125 -0.21844482421875
-0.0130081176757812 0.0501327514648438 0.6524658203125 0.46142578125
-0.0227108001708984 -0.0136737823486328 0.227294921875 0.9241943359375
0.0135993957519531 -0.0464553833007813 -0.20721435546875 0.63671875
0.0529937744140625 -0.0533638000488281 0.129531860351563 -0.019775390625
0.0149917602539062 -0.0558967590332031 0.11944580078125 -0.68255615234375
-0.0111179351806641 -0.0166234970092773 -0.55316162109375 -0.61541748046875
-0.00789833068847656 0.0186138153076172 -0.76788330078125 0.145263671875
0.00226402282714844 0.0160512924194336 -0.3309326171875 0.569580078125
0.0182456970214844 -0.00583076477050781 -0.00576782226562496 0.494049072265625
0.00825309753417969 -0.0251979827880859 0.1778564453125 0.19439697265625
-0.0168476104736328 -0.0261344909667969 0.188873291015625 -0.0676727294921875
-0.00400543212890625 -0.0363616943359375 -0.1453857421875 -0.026885986328125
0.034759521484375 -0.0564804077148438 -0.078521728515625 -0.314361572265625
0.0312309265136719 -0.0397300720214844 0.174530029296875 -0.442291259765625
0.0130634307861328 0.016667366027832 0.5523681640625 -0.237640380859375
-0.0174980163574219 0.063140869140625 0.67230224609375 0.433349609375
-0.0336551666259766 0.00266647338867188 0.26580810546875 0.9090576171875
0.0139999389648437 -0.0442657470703125 -0.18707275390625 0.64031982421875
0.0664253234863281 -0.0588722229003906 0.125022888183594 -0.0147933959960938
0.0184783935546875 -0.0547523498535156 0.13629150390625 -0.68426513671875
-0.0121927261352539 -0.0014047622680664 -0.53765869140625 -0.64385986328125
-0.00831985473632813 0.0326900482177734 -0.77618408203125 0.1143798828125
-0.00330352783203125 0.0166110992431641 -0.351043701171875 0.557403564453125
0.00996208190917969 -0.0240745544433594 -0.02117919921875 0.4903564453125
0.00655746459960937 -0.0478439331054688 0.169082641601562 0.193954467773437
-0.0154533386230469 -0.0355987548828125 0.18743896484375 -0.0673828125
-0.00922012329101563 -0.0369148254394531 -0.14990234375 -0.018951416015625
0.0326309204101563 -0.0789031982421875 -0.0947265625 -0.30804443359375
0.0225334167480469 -0.0576095581054687 0.155303955078125 -0.443389892578125
0.00905036926269531 0.0124263763427734 0.54571533203125 -0.27410888671875
-0.0172882080078125 0.0747604370117188 0.70428466796875 0.37139892578125
-0.0399055480957031 0.0178070068359375 0.32525634765625 0.86981201171875
0.0122489929199219 -0.0418968200683594 -0.1573486328125 0.63946533203125
0.0764694213867188 -0.0634307861328125 0.111640930175781 -0.00811004638671875
0.0247154235839844 -0.0533103942871094 0.16241455078125 -0.6885986328125
-0.0136966705322266 0.00927448272705078 -0.50640869140625 -0.69244384765625
-0.0116615295410156 0.0464897155761719 -0.79132080078125 0.05328369140625
-0.00814056396484375 0.0186138153076172 -0.382659912109375 0.52825927734375
0.005767822265625 -0.0379638671875 -0.045684814453125 0.483062744140625
0.00691986083984375 -0.0662689208984375 0.157730102539063 0.195541381835937
-0.0145149230957031 -0.0422134399414063 0.187973022460937 -0.0708770751953125
-0.009063720703125 -0.035888671875 -0.157394409179688 -0.0119781494140625
0.0294342041015625 -0.0901107788085937 -0.10955810546875 -0.294952392578125
0.0142822265625 -0.0676155090332031 0.13665771484375 -0.4488525390625
0.0045166015625 0.00929641723632813 0.532501220703125 -0.32598876953125
-0.0134506225585938 0.0833587646484375 0.73223876953125 0.2882080078125
-0.0392036437988281 0.0330352783203125 0.390625 0.80828857421875
0.00940322875976563 -0.0384063720703125 -0.12603759765625 0.6361083984375
0.0819244384765625 -0.0622329711914063 0.093963623046875 0.00370025634765625
0.030975341796875 -0.0507621765136719 0.20355224609375 -0.68646240234375
-0.0154018402099609 0.0159902572631836 -0.45587158203125 -0.7548828125
-0.0181198120117188 0.0541229248046875 -0.7984619140625 -0.0285644531249998
-0.0156497955322266 0.0171728134155273 -0.418487548828125 0.488311767578125
0.0043182373046875 -0.0486640930175781 -0.06890869140625 0.474090576171875
0.0113525390625 -0.0796432495117188 0.150726318359375 0.201980590820313
-0.0128364562988281 -0.04339599609375 0.183746337890625 -0.0680389404296875
-0.0166788101196289 0.0086660385131836 -0.16156005859375 -0.0193023681640625
0.0226402282714844 0.0362777709960938 -0.104537963867187 -0.28033447265625
0.0458641052246094 0.0497703552246094 0.164154052734375 -0.443817138671875
0.0297966003417969 0.0347366333007813 0.5504150390625 -0.3267822265625
0.000437736511230469 0.0146303176879883 0.71807861328125 0.28839111328125
-0.00925064086914063 -0.0468254089355469 0.36126708984375 0.8070068359375
0.000999450683593754 -0.0453567504882813 -0.15521240234375 0.626953125
0.0187549591064453 -0.0281867980957031 0.0875167846679688 -0.012664794921875
0.0226516723632813 -0.0630302429199219 0.1807861328125 -0.7154541015625
0.0115509033203125 -0.0674629211425781 -0.47943115234375 -0.77728271484375
-0.000494003295898439 -0.0182228088378906 -0.79962158203125 -0.0321044921875
0.0101966857910156 0.0346813201904297 -0.392913818359375 0.485687255859375
0.0243072509765625 0.0597267150878906 -0.0279541015625 0.49151611328125
0.0162925720214844 0.0396194458007813 0.178131103515625 0.21826171875
-0.0141916275024414 0.00782012939453125 0.19268798828125 -0.05865478515625
-0.0169544219970703 0.00128459930419922 -0.156875610351563 -0.0265655517578125
0.0207996368408203 0.029388427734375 -0.095306396484375 -0.2923583984375
0.0410804748535156 0.05010986328125 0.176055908203125 -0.43536376953125
0.0302047729492188 0.0400505065917969 0.561981201171875 -0.2750244140625
0.00239944458007813 0.0195751190185547 0.6954345703125 0.36767578125
-0.00613784790039062 -0.0476531982421875 0.30767822265625 0.8594970703125
0.00398635864257813 -0.0467681884765625 -0.17962646484375 0.63006591796875
0.0226364135742187 -0.0331649780273438 0.102340698242188 -0.0201873779296875
0.0173835754394531 -0.0635986328125 0.14813232421875 -0.70379638671875
0.00186157226562499 -0.0642242431640625 -0.5223388671875 -0.71044921875
-0.00333595275878906 -0.0164957046508789 -0.7896728515625 0.0482788085937499
0.0114288330078125 0.0268440246582031 -0.365264892578125 0.52545166015625
0.0308151245117188 0.0483474731445313 -0.011627197265625 0.4940185546875
0.0195217132568359 0.0305042266845703 0.184463500976563 0.20501708984375
-0.0145578384399414 0.00287532806396485 0.1947021484375 -0.062744140625
-0.0134153366088867 -0.00853061676025391 -0.149444580078125 -0.0282135009765625
0.0183906555175781 0.0129032135009766 -0.08447265625 -0.30322265625
0.034637451171875 0.0391044616699219 0.191864013671875 -0.429901123046875
0.0272369384765625 0.0398178100585938 0.56610107421875 -0.2371826171875
0.00148200988769531 0.0269622802734375 0.67071533203125 0.4278564453125
-0.00920486450195313 -0.0399055480957031 0.2578125 0.90411376953125
0.00759124755859375 -0.0492630004882812 -0.19927978515625 0.63262939453125
0.0300445556640625 -0.0405998229980469 0.117507934570312 -0.0217819213867188
0.0132369995117188 -0.0638313293457031 0.1229248046875 -0.696533203125
-0.0064849853515625 -0.0511016845703125 -0.5523681640625 -0.65533447265625
-0.00804805755615234 -0.00970172882080078 -0.77935791015625 0.10833740234375
0.0108070373535156 0.021575927734375 -0.33953857421875 0.55413818359375
0.0298213958740234 0.0305461883544922 -0.00201416015624997 0.49237060546875
0.0170154571533203 0.0145273208618164 0.181976318359375 0.196029663085938
-0.0167169570922852 -0.00651645660400391 0.195068359375 -0.0689239501953125
-0.0118398666381836 -0.0151681900024414 -0.146896362304688 -0.0282135009765625
0.0228977203369141 -0.00965499877929688 -0.073883056640625 -0.31494140625
0.0317897796630859 0.0165634155273438 0.19317626953125 -0.435699462890625
0.0235328674316406 0.0367012023925781 0.56707763671875 -0.2171630859375
-0.00287628173828125 0.0381088256835937 0.6561279296875 0.4625244140625
-0.0121974945068359 -0.0292491912841797 0.23370361328125 0.92626953125
0.0111961364746094 -0.049224853515625 -0.20672607421875 0.6356201171875
0.0412254333496094 -0.0468559265136719 0.127601623535156 -0.023529052734375
0.0122108459472656 -0.0605812072753906 0.11224365234375 -0.6920166015625
-0.0107707977294922 -0.0343799591064453 -0.56365966796875 -0.62548828125
-0.00779962539672852 0.00417566299438476 -0.773681640625 0.142333984375
0.00793838500976562 0.0181236267089844 -0.32952880859375 0.57232666015625
0.0249443054199219 0.0126762390136719 0.000457763671874969 0.495452880859375
0.01226806640625 -0.00536060333251953 0.180267333984375 0.191558837890625
-0.0149717330932617 -0.0165977478027344 0.192550659179688 -0.0726776123046875
-0.00750923156738281 -0.0301780700683594 -0.145172119140625 -0.032379150390625
0.0286598205566406 -0.0294208526611328 -0.07110595703125 -0.317352294921875
0.0331306457519531 -0.0133781433105469 0.189697265625 -0.44342041015625
0.0182685852050781 0.0258197784423828 0.561187744140625 -0.2225341796875
-0.0104827880859375 0.0509033203125 0.65863037109375 0.46246337890625
-0.022552490234375 -0.0144615173339844 0.2314453125 0.92974853515625
0.0133781433105469 -0.0465774536132812 -0.20745849609375 0.64166259765625
0.0528678894042969 -0.0519866943359375 0.131004333496094 -0.018646240234375
0.0145530700683594 -0.0564498901367188 0.1214599609375 -0.6866455078125
-0.0118942260742187 -0.0170383453369141 -0.55645751953125 -0.618896484375
-0.00839424133300781 0.0188922882080078 -0.772705078125 0.14959716796875
0.00286006927490234 0.0162744522094727 -0.33172607421875 0.57452392578125
0.0186252593994141 -0.00760459899902344 -0.00375366210937497 0.49609375
0.00798606872558594 -0.0255184173583984 0.1778564453125 0.195236206054688
-0.0184402465820313 -0.0267314910888672 0.1884765625 -0.067596435546875
-0.00510406494140625 -0.0357627868652344 -0.14556884765625 -0.02581787109375
0.0343360900878906 -0.0568695068359375 -0.079925537109375 -0.317138671875
0.0304374694824219 -0.040863037109375 0.175750732421875 -0.448028564453125
0.0131597518920898 0.0157852172851563 0.555084228515625 -0.242156982421875
-0.0169334411621094 0.0636558532714844 0.68121337890625 0.431640625
-0.03314208984375 0.0016937255859375 0.26904296875 0.91259765625
0.0131950378417969 -0.0431976318359375 -0.18682861328125 0.64508056640625
0.0658760070800781 -0.0574722290039062 0.126487731933594 -0.0138473510742188
0.0186347961425781 -0.0538902282714844 0.13800048828125 -0.690185546875
-0.0122165679931641 -0.00103664398193359 -0.54193115234375 -0.64678955078125
-0.00823593139648438 0.03350830078125 -0.78240966796875 0.117431640625
-0.00414466857910156 0.0177230834960937 -0.35113525390625 0.562225341796875
0.0107593536376953 -0.0236759185791016 -0.020294189453125 0.495880126953125
0.00707626342773437 -0.0479660034179688 0.170578002929688 0.195526123046875
-0.0165214538574219 -0.0353736877441406 0.187652587890625 -0.068145751953125
-0.00817489624023437 -0.0364418029785156 -0.150497436523438 -0.0189971923828125
0.0324630737304688 -0.0806732177734375 -0.096160888671875 -0.310821533203125
0.0222549438476562 -0.0585975646972656 0.154876708984375 -0.447296142578125
0.00999641418457031 0.012791633605957 0.549530029296875 -0.27838134765625
-0.01568603515625 0.0756988525390625 0.71173095703125 0.371826171875
-0.0389556884765625 0.0170631408691406 0.33221435546875 0.87420654296875
0.0109748840332031 -0.0420188903808594 -0.1588134765625 0.6434326171875
0.0757522583007812 -0.0625152587890625 0.113334655761719 -0.0074005126953125
0.0241203308105469 -0.0524520874023438 0.16314697265625 -0.69268798828125
-0.0134420394897461 0.00847721099853515 -0.509765625 -0.69403076171875
-0.0112533569335937 0.0457572937011719 -0.79620361328125 0.0560302734375002
-0.00821590423583984 0.0169296264648438 -0.384735107421875 0.5338134765625
0.00499343872070312 -0.037841796875 -0.045379638671875 0.48779296875
0.00728988647460938 -0.06756591796875 0.159866333007813 0.195144653320313
-0.0153465270996094 -0.041534423828125 0.18756103515625 -0.0712738037109375
-0.00866317749023438 -0.036773681640625 -0.158218383789063 -0.0123138427734375
0.028472900390625 -0.0906753540039062 -0.112457275390625 -0.296722412109375
0.0135383605957031 -0.0690040588378906 0.134857177734375 -0.452545166015625
0.00508880615234375 0.00954627990722656 0.536651611328125 -0.329193115234375
-0.0129776000976562 0.0845413208007813 0.73944091796875 0.287109375
-0.040252685546875 0.0331916809082031 0.39404296875 0.81463623046875
0.00994873046875 -0.0370368957519531 -0.1265869140625 0.64154052734375
0.0826950073242188 -0.06243896484375 0.095611572265625 0.00444793701171875
0.0298614501953125 -0.0514183044433594 0.20330810546875 -0.69183349609375
-0.0152425765991211 0.0160951614379883 -0.4598388671875 -0.75714111328125
-0.0173721313476562 0.0542449951171875 -0.805908203125 -0.0268554687500002
-0.013554573059082 0.0171327590942383 -0.421875 0.49188232421875
0.00566482543945312 -0.048248291015625 -0.0694580078125 0.47802734375
0.0118179321289062 -0.0797195434570313 0.152084350585938 0.203521728515625
-0.0138969421386719 -0.0450210571289063 0.184585571289063 -0.067230224609375
-0.0172958374023437 0.00874042510986328 -0.1632080078125 -0.018951416015625
0.0240631103515625 0.0372886657714844 -0.1077880859375 -0.282958984375
0.0469398498535156 0.0503463745117188 0.16363525390625 -0.448150634765625
0.0306510925292969 0.0361251831054688 0.55609130859375 -0.332916259765625
0.00094318389892578 0.013270378112793 0.72711181640625 0.2884521484375
-0.00837326049804688 -0.0490264892578125 0.3682861328125 0.81182861328125
-0.000423431396484379 -0.04638671875 -0.1553955078125 0.6314697265625
0.0188350677490234 -0.0278778076171875 0.0878524780273437 -0.0133819580078125
0.0223770141601563 -0.0619239807128906 0.17974853515625 -0.71954345703125
0.0114974975585937 -0.0689010620117188 -0.48712158203125 -0.78131103515625
-0.000417709350585939 -0.0193290710449219 -0.80511474609375 -0.03045654296875
0.010498046875 0.03521728515625 -0.39337158203125 0.4920654296875
0.0251121520996094 0.0604591369628906 -0.02606201171875 0.495819091796875
0.0160903930664063 0.0414543151855469 0.181137084960938 0.21929931640625
-0.0145406723022461 0.00807857513427735 0.194244384765625 -0.0610809326171875
-0.0161619186401367 0.00410079956054688 -0.158111572265625 -0.0255279541015625
0.0198421478271484 0.0305900573730469 -0.098175048828125 -0.294647216796875
0.0416755676269531 0.0503959655761719 0.17681884765625 -0.43701171875
0.0307426452636719 0.0413780212402344 0.5667724609375 -0.27984619140625
0.00330924987792969 0.0185546875 0.70452880859375 0.3653564453125
-0.00509262084960937 -0.0501441955566406 0.31475830078125 0.86541748046875
0.00280380249023438 -0.048248291015625 -0.17962646484375 0.6337890625
0.02203369140625 -0.0338344573974609 0.102981567382813 -0.0176773071289063
0.0162849426269531 -0.0643577575683594 0.14599609375 -0.711669921875
0.000629425048828124 -0.0644950866699219 -0.530029296875 -0.71258544921875
-0.00370025634765625 -0.0174360275268555 -0.796630859375 0.0513916015624999
0.0123538970947266 0.0280227661132813 -0.36334228515625 0.5299072265625
0.0311279296875 0.048126220703125 -0.00878906249999997 0.497802734375
0.0180149078369141 0.0318374633789063 0.187103271484375 0.206741333007812
-0.0162105560302734 0.00249481201171875 0.196456909179687 -0.06597900390625
-0.0151968002319336 -0.00814151763916015 -0.151748657226563 -0.02703857421875
0.0187911987304688 0.0136146545410156 -0.0869140625 -0.3060302734375
0.0349082946777344 0.0393905639648438 0.191802978515625 -0.434173583984375
0.0272903442382813 0.0421981811523438 0.569091796875 -0.243408203125
0.00242233276367188 0.0268764495849609 0.67974853515625 0.42755126953125
-0.0081024169921875 -0.0419273376464844 0.2650146484375 0.908203125
0.007659912109375 -0.04864501953125 -0.198486328125 0.63629150390625
0.0295524597167969 -0.039825439453125 0.118782043457031 -0.0230178833007813
0.0135536193847656 -0.0631179809570312 0.12255859375 -0.70172119140625
-0.00649261474609375 -0.0515289306640625 -0.55706787109375 -0.65740966796875
-0.00689315795898438 -0.00943374633789063 -0.78558349609375 0.1121826171875
0.0117740631103516 0.0226306915283203 -0.3406982421875 0.558685302734375
0.0305843353271484 0.0307178497314453 -0.000640869140625042 0.497650146484375
0.0162687301635742 0.0154838562011719 0.183502197265625 0.197128295898438
-0.0171051025390625 -0.00586700439453125 0.194198608398438 -0.0712738037109375
-0.0117893218994141 -0.0167484283447266 -0.147705078125 -0.028594970703125
0.0217609405517578 -0.00918197631835938 -0.07452392578125 -0.3140869140625
0.0332622528076172 0.0174446105957031 0.191131591796875 -0.44134521484375
0.0240287780761719 0.0366249084472656 0.57037353515625 -0.22564697265625
-0.00319671630859375 0.0374870300292969 0.6669921875 0.4635009765625
-0.0116672515869141 -0.0322036743164063 0.24163818359375 0.933349609375
0.010528564453125 -0.0472984313964844 -0.20928955078125 0.64190673828125
0.0403823852539063 -0.04736328125 0.128593444824219 -0.0225296020507813
0.0120315551757812 -0.0607147216796875 0.11151123046875 -0.69720458984375
-0.0104331970214844 -0.0363121032714844 -0.56951904296875 -0.62554931640625
-0.00838470458984375 0.00324296951293945 -0.78106689453125 0.147705078125
0.00860786437988281 0.0184421539306641 -0.328125 0.57867431640625
0.0257415771484375 0.0125579833984375 0.00399780273437502 0.50030517578125
0.0123167037963867 -0.00679874420166016 0.18182373046875 0.192581176757812
-0.0174703598022461 -0.0162458419799805 0.193069458007812 -0.0746612548828125
-0.00582122802734375 -0.0304126739501953 -0.146530151367188 -0.031829833984375
0.0288887023925781 -0.0304946899414063 -0.074249267578125 -0.319549560546875
0.033447265625 -0.0124454498291016 0.1888427734375 -0.449310302734375
0.0193614959716797 0.0260391235351563 0.56500244140625 -0.2257080078125
-0.0116806030273437 0.0514335632324219 0.6683349609375 0.4638671875
-0.0222396850585938 -0.0153121948242188 0.2384033203125 0.93792724609375
0.0135078430175781 -0.0472145080566406 -0.207275390625 0.64678955078125
0.0531234741210937 -0.0531463623046875 0.131416320800781 -0.0197219848632813
0.0139045715332031 -0.056396484375 0.1195068359375 -0.6900634765625
-0.0114498138427734 -0.0183200836181641 -0.5628662109375 -0.62188720703125
-0.00898933410644531 0.0194835662841797 -0.77923583984375 0.15423583984375
0.00298690795898437 0.017390251159668 -0.3306884765625 0.58294677734375
0.0185718536376953 -0.0079345703125 -0.00183105468750002 0.503082275390625
0.00861930847167969 -0.0261650085449219 0.180343627929688 0.19647216796875
-0.0181865692138672 -0.0269927978515625 0.190475463867188 -0.0679168701171875
-0.00457382202148437 -0.0360145568847656 -0.147964477539063 -0.0257720947265625
0.0358810424804688 -0.0579147338867188 -0.083648681640625 -0.317901611328125
0.0317115783691406 -0.0413551330566406 0.175537109375 -0.45208740234375
0.0130500793457031 0.0166263580322266 0.560882568359375 -0.246551513671875
-0.0157051086425781 0.06329345703125 0.68896484375 0.43304443359375
-0.0333042144775391 0.00156211853027343 0.27618408203125 0.92041015625
0.0129127502441406 -0.04425048828125 -0.187744140625 0.64996337890625
0.0661888122558594 -0.0567436218261719 0.126693725585938 -0.0144195556640625
0.01904296875 -0.0540199279785156 0.1370849609375 -0.69281005859375
-0.0129117965698242 -0.00217819213867187 -0.546875 -0.6512451171875
-0.00923538208007813 0.0338516235351563 -0.78857421875 0.12274169921875
-0.0031280517578125 0.0184822082519531 -0.3521728515625 0.56927490234375
0.0099945068359375 -0.0251617431640625 -0.018310546875 0.49920654296875
0.00534439086914063 -0.0495452880859375 0.172103881835937 0.19720458984375
-0.0161361694335938 -0.0359230041503906 0.188934326171875 -0.0692901611328125
-0.00744247436523437 -0.0356941223144531 -0.15216064453125 -0.018096923828125
0.0331344604492187 -0.0811309814453125 -0.099578857421875 -0.31243896484375
0.0235366821289063 -0.0582504272460937 0.156280517578125 -0.454132080078125
0.00837516784667969 0.0130434036254883 0.552703857421875 -0.284820556640625
-0.0146713256835938 0.0747146606445313 0.72125244140625 0.3714599609375
-0.0374984741210938 0.0172004699707031 0.33819580078125 0.87933349609375
0.0120391845703125 -0.0422439575195313 -0.15740966796875 0.64892578125
0.0769805908203125 -0.0630569458007813 0.114059448242188 -0.006317138671875
0.024566650390625 -0.0526809692382812 0.16192626953125 -0.69805908203125
-0.0138158798217773 0.0094156265258789 -0.51690673828125 -0.69805908203125
-0.0120353698730469 0.0461616516113281 -0.8026123046875 0.0600585937499999
-0.00893211364746094 0.0199069976806641 -0.384490966796875 0.5394287109375
0.00572586059570312 -0.0385894775390625 -0.04217529296875 0.491485595703125
0.00625228881835937 -0.0694389343261719 0.162338256835938 0.198501586914063
-0.0152435302734375 -0.0412139892578125 0.188873291015625 -0.073150634765625
-0.00830841064453125 -0.0369110107421875 -0.160858154296875 -0.011138916015625
0.0276641845703125 -0.0921859741210938 -0.11517333984375 -0.299163818359375
0.01416015625 -0.0703964233398438 0.135650634765625 -0.45843505859375
0.00462055206298828 0.0115680694580078 0.53912353515625 -0.334930419921875
-0.0120391845703125 0.0836334228515625 0.74798583984375 0.2872314453125
-0.0401268005371094 0.0320549011230469 0.40325927734375 0.817138671875
0.00996780395507813 -0.0366096496582031 -0.12652587890625 0.64752197265625
0.0826492309570313 -0.0625 0.0966033935546875 0.00389862060546875
0.0310478210449219 -0.0510597229003906 0.20452880859375 -0.6964111328125
-0.0148725509643555 0.0161619186401367 -0.4647216796875 -0.7618408203125
-0.0175361633300781 0.0546417236328125 -0.81219482421875 -0.0245971679687498
-0.0146751403808594 0.0177173614501953 -0.422149658203125 0.49755859375
0.00568771362304687 -0.0504875183105469 -0.067962646484375 0.483245849609375
0.0114898681640625 -0.0804519653320313 0.152587890625 0.206756591796875
-0.0130691528320313 -0.0430526733398438 0.185226440429688 -0.069580078125
-0.0158891677856445 0.00960350036621094 -0.165557861328125 -0.018341064453125
0.0227928161621094 0.0374298095703125 -0.1123046875 -0.284942626953125
0.0474205017089844 0.0502548217773438 0.162933349609375 -0.45416259765625
0.0306930541992188 0.0374717712402344 0.55828857421875 -0.3394775390625
0.0018310546875 0.0131244659423828 0.7366943359375 0.2833251953125
-0.00788116455078125 -0.049896240234375 0.37591552734375 0.81573486328125
-0.000434875488281252 -0.0451164245605469 -0.15301513671875 0.6385498046875
0.0177268981933594 -0.0285682678222656 0.08740234375 -0.0127410888671875
0.0224800109863281 -0.0628013610839844 0.1798095703125 -0.7257080078125
0.0110397338867188 -0.0699348449707031 -0.49578857421875 -0.78350830078125
-0.000978469848632814 -0.0203800201416016 -0.8128662109375 -0.02325439453125
0.0111560821533203 0.0348396301269531 -0.392791748046875 0.499603271484375
0.0262069702148437 0.0610389709472656 -0.0215759277343749 0.50054931640625
0.0169486999511719 0.0409164428710938 0.185577392578125 0.220932006835938
-0.015406608581543 0.00790309906005859 0.194549560546875 -0.0619964599609375
-0.0181045532226563 0.00218009948730469 -0.160247802734375 -0.0260009765625
0.0192279815673828 0.0303955078125 -0.100494384765625 -0.29736328125
0.0424156188964844 0.0503768920898438 0.176361083984375 -0.44366455078125
0.032257080078125 0.0416030883789063 0.57025146484375 -0.287109375
0.00337409973144531 0.0173501968383789 0.71429443359375 0.36480712890625
-0.00524139404296876 -0.0523719787597656 0.32232666015625 0.8721923828125
0.00284194946289063 -0.0478973388671875 -0.178955078125 0.6402587890625
0.0209407806396484 -0.0328407287597656 0.103927612304688 -0.018951416015625
0.01654052734375 -0.0641326904296875 0.14361572265625 -0.7149658203125
0.000263214111328132 -0.0662345886230469 -0.5367431640625 -0.71478271484375
-0.002960205078125 -0.0170888900756836 -0.802490234375 0.0581665039062501
0.0130939483642578 0.0283298492431641 -0.36468505859375 0.538177490234375
0.0309333801269531 0.0478019714355469 -0.00659179687499994 0.500640869140625
0.0189857482910156 0.0310420989990234 0.188369750976563 0.208389282226563
-0.0163869857788086 0.00303840637207032 0.196533203125 -0.067413330078125
-0.015838623046875 -0.00763511657714843 -0.152572631835938 -0.0266571044921875
0.0187454223632813 0.0137119293212891 -0.090576171875 -0.308929443359375
0.0359001159667969 0.0399017333984375 0.18939208984375 -0.4407958984375
0.0293197631835938 0.0422096252441406 0.5740966796875 -0.24981689453125
0.00524139404296875 0.0264053344726563 0.68988037109375 0.4267578125
-0.0073089599609375 -0.0431098937988281 0.2733154296875 0.91546630859375
0.0066986083984375 -0.0491828918457031 -0.1982421875 0.6422119140625
0.0286178588867188 -0.0402450561523438 0.120033264160156 -0.0223617553710938
0.01324462890625 -0.0638198852539063 0.1207275390625 -0.707275390625
-0.00658416748046875 -0.0526390075683594 -0.56634521484375 -0.65972900390625
-0.0070037841796875 -0.00887966156005859 -0.7926025390625 0.120849609375
0.0121059417724609 0.0203971862792969 -0.33917236328125 0.5679931640625
0.0321693420410156 0.0322170257568359 0.00299072265625002 0.501739501953125
0.0156936645507813 0.0159292221069336 0.187667846679688 0.198074340820313
-0.0184974670410156 -0.004547119140625 0.194381713867188 -0.072967529296875
-0.0113067626953125 -0.0157346725463867 -0.150314331054688 -0.0278778076171875
0.0222244262695313 -0.00916481018066406 -0.080352783203125 -0.31707763671875
0.0336627960205078 0.0167675018310547 0.192230224609375 -0.445770263671875
0.0259323120117187 0.0367927551269531 0.57403564453125 -0.2288818359375
-0.00120925903320312 0.0393905639648438 0.67791748046875 0.4613037109375
-0.0115776062011719 -0.0329265594482422 0.2496337890625 0.94097900390625
0.00860977172851562 -0.048980712890625 -0.206298828125 0.64849853515625
0.0390052795410156 -0.0464401245117188 0.129600524902344 -0.023468017578125
0.011199951171875 -0.0613021850585938 0.10943603515625 -0.7021484375
-0.0109748840332031 -0.0367393493652344 -0.57794189453125 -0.62799072265625
-0.00751972198486328 0.00453042984008789 -0.7874755859375 0.15478515625
0.00868606567382813 0.0193843841552734 -0.32794189453125 0.58551025390625
0.0272216796875 0.0137138366699219 0.00656127929687496 0.50506591796875
0.0129919052124023 -0.00641345977783203 0.185653686523438 0.194137573242188
-0.0183506011962891 -0.0156288146972656 0.193557739257813 -0.07574462890625
-0.00545692443847656 -0.0303134918212891 -0.148406982421875 -0.0319061279296875
0.0296993255615234 -0.0320053100585938 -0.078887939453125 -0.321868896484375
0.0354232788085938 -0.0124168395996094 0.186309814453125 -0.455169677734375
0.0200462341308594 0.0273399353027344 0.57232666015625 -0.23138427734375
-0.00985336303710938 0.0507049560546875 0.6788330078125 0.46331787109375
-0.0208053588867187 -0.0170116424560547 0.24737548828125 0.943359375
0.0134010314941406 -0.0475082397460938 -0.20721435546875 0.65362548828125
0.0534095764160156 -0.0529670715332031 0.13372802734375 -0.0195693969726563
0.013946533203125 -0.0570487976074219 0.11822509765625 -0.69647216796875
-0.0123863220214844 -0.0184955596923828 -0.57073974609375 -0.6221923828125
-0.00824928283691406 0.0193767547607422 -0.78546142578125 0.1602783203125
0.00380611419677735 0.017207145690918 -0.329833984375 0.5892333984375
0.0203495025634766 -0.00627326965332031 0.00296020507812496 0.5064697265625
0.00774383544921875 -0.0268230438232422 0.183273315429688 0.1976318359375
-0.0191078186035156 -0.0264415740966797 0.1900634765625 -0.0704193115234375
-0.00479888916015625 -0.03594970703125 -0.149215698242188 -0.0251312255859375
0.0343475341796875 -0.0583534240722656 -0.086669921875 -0.32110595703125
0.0313644409179688 -0.0404396057128906 0.173248291015625 -0.458709716796875
0.0144252777099609 0.017578125 0.56536865234375 -0.2540283203125
-0.014495849609375 0.064208984375 0.69952392578125 0.4290771484375
-0.0316104888916016 -0.000450134277343745 0.287109375 0.92681884765625
0.013153076171875 -0.0449714660644531 -0.18719482421875 0.65631103515625
0.0659065246582031 -0.0578079223632813 0.128623962402344 -0.012939453125
0.0178298950195312 -0.0550308227539062 0.13543701171875 -0.69952392578125
-0.0115690231323242 -0.00279998779296875 -0.5562744140625 -0.65179443359375
-0.00893402099609375 0.0354118347167969 -0.79388427734375 0.12921142578125
-0.00348854064941406 0.0186805725097656 -0.3514404296875 0.5772705078125
0.01068115234375 -0.0243568420410156 -0.015594482421875 0.504241943359375
0.00677490234374999 -0.0502243041992188 0.176361083984375 0.198593139648438
-0.01593017578125 -0.0352554321289062 0.18994140625 -0.0720062255859375
-0.00835037231445313 -0.037841796875 -0.154922485351563 -0.0167694091796875
0.0309371948242188 -0.0822219848632813 -0.1033935546875 -0.314910888671875
0.0231742858886719 -0.0587730407714844 0.154449462890625 -0.458587646484375
0.011540412902832 0.0140819549560547 0.555908203125 -0.290618896484375
-0.0144271850585937 0.0755157470703125 0.73095703125 0.369873046875
-0.0388221740722656 0.0156402587890625 0.34808349609375 0.88446044921875
0.0117301940917969 -0.0421829223632813 -0.154541015625 0.65447998046875
0.0769119262695313 -0.0631256103515625 0.115592956542969 -0.0066375732421875
0.0241928100585937 -0.0540351867675781 0.16357421875 -0.703369140625
-0.0134201049804688 0.00791168212890625 -0.52508544921875 -0.70172119140625
-0.0109672546386719 0.0482177734375 -0.80926513671875 0.0663452148437502
-0.00822639465332031 0.0186977386474609 -0.3858642578125 0.547607421875
0.00594711303710937 -0.0387496948242188 -0.0401611328125 0.497161865234375
0.00725555419921875 -0.0687828063964844 0.164688110351563 0.198410034179688
-0.0154342651367187 -0.0411148071289063 0.188186645507813 -0.073760986328125
-0.00849533081054688 -0.036468505859375 -0.1600341796875 -0.0107879638671875
0.0267715454101562 -0.091827392578125 -0.11895751953125 -0.302581787109375
0.0147476196289063 -0.06964111328125 0.1331787109375 -0.463531494140625
0.00458049774169922 0.0114631652832031 0.5428466796875 -0.34228515625
-0.0116806030273437 0.0847549438476563 0.75787353515625 0.28289794921875
-0.0393142700195312 0.0319786071777344 0.41162109375 0.82330322265625
0.0105972290039062 -0.0379104614257813 -0.1236572265625 0.6533203125
0.0824203491210938 -0.0643157958984375 0.0953292846679688 0.0050811767578125
0.0310554504394531 -0.0521430969238281 0.20391845703125 -0.7042236328125
-0.0154685974121094 0.0158557891845703 -0.4735107421875 -0.76776123046875
-0.0173606872558594 0.0546150207519531 -0.81817626953125 -0.0177612304687499
-0.0136566162109375 0.0194034576416016 -0.42401123046875 0.50482177734375
0.003997802734375 -0.049163818359375 -0.064971923828125 0.489776611328125
0.0111923217773437 -0.0814285278320313 0.155563354492188 0.20684814453125
-0.0133209228515625 -0.0436134338378906 0.186279296875 -0.0702362060546875
-0.0184745788574219 0.0100002288818359 -0.1671142578125 -0.017791748046875
0.0230522155761719 0.0373458862304687 -0.116424560546875 -0.286102294921875
0.048065185546875 0.0496292114257813 0.159149169921875 -0.461151123046875
0.0337181091308594 0.0373497009277344 0.56317138671875 -0.348388671875
0.00228214263916016 0.0123109817504883 0.7486572265625 0.28179931640625
-0.00743484497070312 -0.051300048828125 0.38885498046875 0.8193359375
-0.00160598754882812 -0.0471305847167969 -0.1500244140625 0.642822265625
0.0168075561523438 -0.0275592803955078 0.0887451171875 -0.0131301879882813
0.0214462280273438 -0.0643196105957031 0.17633056640625 -0.7318115234375
0.00957489013671875 -0.072174072265625 -0.50439453125 -0.78668212890625
-0.000560760498046877 -0.0203666687011719 -0.82049560546875 -0.0172119140625
0.0115852355957031 0.0366325378417969 -0.393463134765625 0.507965087890625
0.0281143188476563 0.0621681213378906 -0.01715087890625 0.505523681640625
0.0173110961914063 0.0408973693847656 0.189407348632813 0.22088623046875
-0.0157241821289063 0.00946426391601562 0.194625854492188 -0.064483642578125
-0.0171108245849609 0.00436782836914063 -0.161697387695313 -0.0244140625
0.0188407897949219 0.0309829711914063 -0.1058349609375 -0.2994384765625
0.0436134338378906 0.0497245788574219 0.174407958984375 -0.45196533203125
0.0343780517578125 0.0415382385253906 0.57489013671875 -0.292236328125
0.00433444976806641 0.0174760818481445 0.72650146484375 0.36181640625
-0.003997802734375 -0.0532646179199219 0.33563232421875 0.87603759765625
0.00283432006835938 -0.049163818359375 -0.1741943359375 0.6473388671875
0.0205745697021484 -0.0342922210693359 0.105033874511719 -0.0189971923828125
0.0139617919921875 -0.0656890869140625 0.1424560546875 -0.72174072265625
0.000785827636718744 -0.0670661926269531 -0.5484619140625 -0.71746826171875
-0.00430107116699219 -0.0177421569824219 -0.8094482421875 0.0656127929687499
0.0140895843505859 0.0289592742919922 -0.36151123046875 0.54608154296875
0.0322113037109375 0.0492591857910156 0.00128173828125 0.506744384765625
0.0186500549316406 0.03082275390625 0.194229125976563 0.208694458007813
-0.0165672302246094 0.00313472747802734 0.197555541992188 -0.069610595703125
-0.0156784057617188 -0.00740814208984375 -0.1563720703125 -0.027069091796875
0.018157958984375 0.0123577117919922 -0.096282958984375 -0.30999755859375
0.0367584228515625 0.0402412414550781 0.190521240234375 -0.446868896484375
0.0301666259765625 0.0428695678710938 0.57879638671875 -0.25726318359375
0.00509071350097656 0.0268592834472656 0.701416015625 0.4249267578125
-0.00629043579101563 -0.0446128845214844 0.2843017578125 0.91943359375
0.00445938110351562 -0.0490150451660156 -0.1949462890625 0.65045166015625
0.0279922485351563 -0.0399322509765625 0.120468139648438 -0.0225982666015625
0.0124092102050781 -0.0638465881347656 0.11749267578125 -0.71331787109375
-0.00815963745117188 -0.0538482666015625 -0.5765380859375 -0.66143798828125
-0.00787830352783203 -0.0102176666259766 -0.798828125 0.12786865234375
0.0128803253173828 0.0219802856445313 -0.3353271484375 0.5771484375
0.0328521728515625 0.0315055847167969 0.00833129882812501 0.506103515625
0.0179424285888672 0.0135135650634766 0.190216064453125 0.198699951171875
-0.0190372467041016 -0.00546836853027343 0.194732666015625 -0.0761871337890625
-0.0122785568237305 -0.0154294967651367 -0.152023315429687 -0.0272216796875
0.0219955444335937 -0.008697509765625 -0.08349609375 -0.31939697265625
0.0336589813232422 0.0173606872558594 0.190216064453125 -0.45330810546875
0.0262374877929687 0.0376663208007813 0.5775146484375 -0.2392578125
-0.000953674316406249 0.0377120971679688 0.6910400390625 0.459716796875
-0.0122909545898438 -0.0346508026123047 0.26025390625 0.9464111328125
0.00890350341796875 -0.0491523742675781 -0.20501708984375 0.65496826171875
0.0390472412109375 -0.0467109680175781 0.130828857421875 -0.0238113403320313
0.010955810546875 -0.0612335205078125 0.10552978515625 -0.70819091796875
-0.0111923217773437 -0.0380210876464844 -0.5888671875 -0.62738037109375
-0.00877714157104492 0.00400447845458984 -0.79132080078125 0.1632080078125
0.00907516479492188 0.0184917449951172 -0.32354736328125 0.59344482421875
0.0278854370117188 0.0116615295410156 0.010498046875 0.50946044921875
0.0132007598876953 -0.00723171234130859 0.187774658203125 0.194671630859375
-0.01898193359375 -0.0158233642578125 0.194091796875 -0.076904296875
-0.00529670715332031 -0.0300922393798828 -0.15045166015625 -0.03094482421875
0.0284023284912109 -0.0315132141113281 -0.081695556640625 -0.32464599609375
0.0348834991455078 -0.0135154724121094 0.1854248046875 -0.462738037109375
0.0196971893310547 0.0269699096679688 0.573974609375 -0.24053955078125
-0.010284423828125 0.0522613525390625 0.69158935546875 0.45947265625
-0.0209751129150391 -0.0178070068359375 0.26007080078125 0.94976806640625
0.01263427734375 -0.0477333068847656 -0.2017822265625 0.66107177734375
0.0531044006347656 -0.0537033081054688 0.133598327636719 -0.0189971923828125
0.0129127502441406 -0.0575141906738281 0.11517333984375 -0.70318603515625
-0.0114860534667969 -0.0190925598144531 -0.58087158203125 -0.622314453125
-0.00836372375488281 0.0199146270751953 -0.7890625 0.1705322265625
0.00488185882568359 0.0173149108886719 -0.32708740234375 0.59747314453125
0.0200824737548828 -0.00704193115234375 0.00668334960937496 0.51287841796875
0.00795555114746094 -0.0270786285400391 0.187225341796875 0.198516845703125
-0.019805908203125 -0.0249557495117188 0.190536499023438 -0.0732879638671875
-0.0042724609375 -0.0358047485351562 -0.150833129882813 -0.0251007080078125
0.0347328186035156 -0.0608062744140625 -0.0908203125 -0.3238525390625
0.0308647155761719 -0.0412406921386719 0.170196533203125 -0.4649658203125
0.0149021148681641 0.0173377990722656 0.56634521484375 -0.26141357421875
-0.0139007568359375 0.0634117126464844 0.7109375 0.429443359375
-0.0309925079345703 -0.00137901306152343 0.29681396484375 0.93023681640625
0.0130958557128906 -0.0449333190917969 -0.18316650390625 0.664794921875
0.0665550231933594 -0.0571136474609375 0.129539489746094 -0.0150527954101563
0.0194435119628906 -0.0544776916503906 0.13262939453125 -0.70574951171875
-0.0130720138549805 -0.00336360931396485 -0.564453125 -0.6513671875
-0.0083160400390625 0.0350074768066406 -0.7998046875 0.138916015625
-0.00116920471191406 0.0185737609863281 -0.34881591796875 0.5859375
0.0113334655761719 -0.0241165161132813 -0.010345458984375 0.508636474609375
0.00606536865234375 -0.0511589050292969 0.179031372070313 0.197998046875
-0.0182456970214844 -0.034210205078125 0.19061279296875 -0.07379150390625
-0.00818634033203125 -0.0366020202636719 -0.155532836914063 -0.016876220703125
0.030426025390625 -0.0835342407226562 -0.107025146484375 -0.316070556640625
0.023345947265625 -0.0592880249023437 0.152435302734375 -0.4654541015625
0.0111856460571289 0.0137825012207031 0.558502197265625 -0.2999267578125
-0.0125274658203125 0.0765914916992188 0.74273681640625 0.3651123046875
-0.037139892578125 0.0153541564941406 0.35906982421875 0.8876953125
0.0116958618164062 -0.0424728393554688 -0.15264892578125 0.662841796875
0.0766830444335938 -0.0634002685546875 0.115486145019531 -0.0064697265625
0.02423095703125 -0.0542755126953125 0.160400390625 -0.708251953125
-0.0137786865234375 0.00881385803222656 -0.534423828125 -0.70233154296875
-0.0120658874511719 0.0489349365234375 -0.81500244140625 0.0760498046875001
-0.008026123046875 0.0193347930908203 -0.38397216796875 0.556640625
0.00626754760742187 -0.0402717590332031 -0.0365295410156249 0.50244140625
0.00634765625000001 -0.0705413818359375 0.166732788085938 0.2000732421875
-0.0170440673828125 -0.0408287048339844 0.1884765625 -0.0752410888671875
-0.00750350952148438 -0.0380630493164063 -0.163711547851563 -0.00993347167968747
0.0278396606445313 -0.0937957763671875 -0.1212158203125 -0.3035888671875
0.0134429931640625 -0.0701866149902344 0.130401611328125 -0.47088623046875
0.00508022308349609 0.0113382339477539 0.5428466796875 -0.35235595703125
-0.008392333984375 0.0846099853515625 0.7691650390625 0.27899169921875
-0.0384407043457031 0.0312271118164063 0.42138671875 0.82440185546875
0.00959396362304688 -0.0377044677734375 -0.119140625 0.657958984375
0.08270263671875 -0.0628204345703125 0.0964584350585938 0.0047760009765625
0.0313453674316406 -0.051055908203125 0.2017822265625 -0.708984375
-0.0158843994140625 0.0151386260986328 -0.4822998046875 -0.76959228515625
-0.016876220703125 0.0559844970703125 -0.82635498046875 -0.00970458984374997
-0.0139369964599609 0.0179386138916016 -0.423126220703125 0.51385498046875
0.00489425659179687 -0.0508995056152344 -0.061309814453125 0.494720458984375
0.0111160278320312 -0.082611083984375 0.158157348632813 0.208984375
-0.0137367248535156 -0.0435142517089844 0.186752319335938 -0.0731201171875
-0.0177116394042969 0.0117034912109375 -0.169784545898438 -0.0155487060546875
0.0230140686035156 0.03790283203125 -0.122467041015625 -0.2872314453125
0.0493545532226563 0.0501289367675781 0.156829833984375 -0.467071533203125
0.033294677734375 0.0353126525878906 0.5650634765625 -0.35760498046875
0.00321006774902344 0.0123815536499023 0.760009765625 0.275146484375
-0.00812530517578125 -0.0538406372070312 0.402587890625 0.8218994140625
-0.0026702880859375 -0.0466117858886719 -0.1453857421875 0.649658203125
0.0169658660888672 -0.0274562835693359 0.0886611938476562 -0.0131454467773438
0.0209007263183594 -0.0631561279296875 0.1717529296875 -0.73577880859375
0.0110092163085938 -0.07281494140625 -0.5157470703125 -0.7884521484375
-0.000877380371093748 -0.0201053619384766 -0.8280029296875 -0.00714111328125009
0.0137557983398438 0.0377426147460938 -0.389434814453125 0.517486572265625
0.0280303955078125 0.0627059936523438 -0.00994873046875001 0.51080322265625
0.0178413391113281 0.0400009155273438 0.193283081054688 0.220855712890625
-0.0170154571533203 0.00907611846923828 0.194427490234375 -0.067596435546875
-0.0179328918457031 0.00409317016601563 -0.16473388671875 -0.024200439453125
0.0196495056152344 0.0299873352050781 -0.1090087890625 -0.301116943359375
0.0439376831054688 0.0497894287109375 0.170074462890625 -0.455718994140625
0.0350685119628906 0.0416259765625 0.5782470703125 -0.30389404296875
0.00540733337402344 0.0184001922607422 0.7391357421875 0.35394287109375
-0.00501251220703124 -0.0552749633789063 0.34808349609375 0.87750244140625
0.00177383422851563 -0.0498237609863281 -0.1705322265625 0.65484619140625
0.0195770263671875 -0.0338821411132813 0.105270385742188 -0.0192718505859375
0.0141677856445313 -0.0665550231933594 0.1361083984375 -0.72698974609375
0.000709533691406254 -0.0664939880371094 -0.5594482421875 -0.718017578125
-0.00387001037597656 -0.0173940658569336 -0.81549072265625 0.0768432617187498
0.0156192779541016 0.0299224853515625 -0.358642578125 0.5548095703125
0.0336570739746094 0.0491447448730469 0.00582885742187497 0.513031005859375
0.0216426849365234 0.0307579040527344 0.197158813476563 0.208267211914063
-0.0192699432373047 0.00382423400878906 0.197113037109375 -0.0720062255859375
-0.0161304473876953 -0.00885391235351563 -0.156845092773438 -0.0242156982421875
0.0184707641601563 0.0127830505371094 -0.100830078125 -0.31219482421875
0.0366172790527344 0.0398750305175781 0.184478759765625 -0.4554443359375
0.0295028686523438 0.0438575744628906 0.58294677734375 -0.2650146484375
0.00613975524902344 0.0261821746826172 0.71258544921875 0.4178466796875
-0.00712203979492187 -0.0459785461425781 0.298583984375 0.92510986328125
0.00484085083007813 -0.0497894287109375 -0.19189453125 0.65679931640625
0.0277366638183594 -0.0404586791992188 0.120552062988281 -0.023223876953125
0.01165771484375 -0.0635719299316406 0.1119384765625 -0.71734619140625
-0.00781631469726563 -0.0546035766601562 -0.5853271484375 -0.65960693359375
-0.00863552093505859 -0.00880813598632813 -0.80145263671875 0.13677978515625
0.0139083862304688 0.0212249755859375 -0.33416748046875 0.58441162109375
0.0328750610351563 0.0311851501464844 0.01287841796875 0.51165771484375
0.0182056427001953 0.0136623382568359 0.194442749023438 0.19873046875
-0.0192623138427734 -0.00449943542480469 0.195877075195312 -0.0772552490234375
-0.0129404067993164 -0.0146389007568359 -0.153152465820313 -0.0259552001953125
0.0208473205566406 -0.010498046875 -0.089019775390625 -0.32183837890625
0.0342369079589844 0.0172576904296875 0.187774658203125 -0.460113525390625
0.0270156860351563 0.0390968322753906 0.58050537109375 -0.24658203125
0.000579833984375003 0.038818359375 0.702880859375 0.45550537109375
-0.0121002197265625 -0.0357780456542969 0.27386474609375 0.9500732421875
0.00986862182617187 -0.0493888854980469 -0.19927978515625 0.66192626953125
0.0388870239257813 -0.0480461120605469 0.131004333496094 -0.0247955322265625
0.00993728637695312 -0.0629653930664063 0.1016845703125 -0.7117919921875
-0.0120887756347656 -0.0382575988769531 -0.59832763671875 -0.628662109375
-0.00810575485229492 0.00378751754760742 -0.7958984375 0.17633056640625
0.00984573364257812 0.0194377899169922 -0.31939697265625 0.60125732421875
0.0275611877441406 0.0105609893798828 0.016571044921875 0.514678955078125
0.0134124755859375 -0.00631046295166016 0.192703247070312 0.193878173828125
-0.0184612274169922 -0.0147018432617188 0.194580078125 -0.0806427001953125
-0.00701522827148438 -0.0310878753662109 -0.152023315429688 -0.0300140380859375
0.0280609130859375 -0.031402587890625 -0.087615966796875 -0.32659912109375
0.0341987609863281 -0.0139007568359375 0.1817626953125 -0.4661865234375
0.0210685729980469 0.027557373046875 0.57708740234375 -0.2496337890625
-0.00845718383789063 0.0521240234375 0.7034912109375 0.4566650390625
-0.0210494995117187 -0.0190296173095703 0.27130126953125 0.95458984375
0.0120697021484375 -0.0478286743164063 -0.1995849609375 0.66754150390625
0.0523147583007812 -0.0542411804199219 0.134574890136719 -0.0219573974609375
0.0132789611816406 -0.0589408874511719 0.1116943359375 -0.70794677734375
-0.0113792419433594 -0.0197391510009766 -0.5914306640625 -0.622314453125
-0.00867652893066407 0.0190792083740234 -0.79425048828125 0.18048095703125
0.00374794006347656 0.0179252624511719 -0.32208251953125 0.6083984375
0.0192508697509766 -0.00826644897460938 0.012725830078125 0.51617431640625
0.00781059265136719 -0.0271759033203125 0.190719604492188 0.198410034179687
-0.0199432373046875 -0.0241794586181641 0.1907958984375 -0.0742950439453125
-0.00482559204101563 -0.0362930297851563 -0.153228759765625 -0.022674560546875
0.0345840454101563 -0.0601615905761719 -0.09637451171875 -0.32513427734375
0.0309829711914063 -0.0420417785644531 0.166839599609375 -0.47247314453125
0.0158634185791016 0.0182933807373047 0.57122802734375 -0.27325439453125
-0.011871337890625 0.0654945373535156 0.72418212890625 0.423828125
-0.0307540893554688 -0.00222587585449218 0.3116455078125 0.93499755859375
0.0119857788085938 -0.0446357727050781 -0.17755126953125 0.6708984375
0.0656776428222656 -0.05908203125 0.130760192871094 -0.0139389038085938
0.01788330078125 -0.05633544921875 0.128662109375 -0.71087646484375
-0.0123767852783203 -0.00388622283935547 -0.57525634765625 -0.65106201171875
-0.0079345703125 0.035888671875 -0.80450439453125 0.14984130859375
-0.00191307067871094 0.018951416015625 -0.34521484375 0.5948486328125
0.0111160278320312 -0.0265045166015625 -0.00347900390625002 0.51385498046875
0.00503158569335938 -0.0508537292480469 0.182052612304687 0.199111938476562
-0.0191020965576172 -0.0340518951416016 0.189666748046875 -0.0757598876953125
-0.00772857666015625 -0.0354461669921875 -0.157745361328125 -0.0146636962890625
0.0302886962890625 -0.0842437744140625 -0.112091064453125 -0.319427490234375
0.0224723815917969 -0.0605545043945313 0.1485595703125 -0.472320556640625
0.011012077331543 0.0137844085693359 0.5611572265625 -0.309783935546875
-0.0115814208984375 0.0757522583007813 0.7545166015625 0.36004638671875
-0.0372886657714844 0.0149497985839844 0.3726806640625 0.8919677734375
0.0117301940917969 -0.0419158935546875 -0.1474609375 0.66845703125
0.0767440795898438 -0.0631637573242188 0.11541748046875 -0.00655364990234375
0.0252456665039063 -0.0549125671386719 0.15478515625 -0.71337890625
-0.0146799087524414 0.00723743438720703 -0.54437255859375 -0.70037841796875
-0.011322021484375 0.0486564636230469 -0.822265625 0.0863037109375001
-0.00748252868652344 0.0201282501220703 -0.38238525390625 0.56536865234375
0.00457763671875 -0.040679931640625 -0.03125 0.507537841796875
0.00474548339843749 -0.0709228515625 0.17120361328125 0.201995849609375
-0.0181312561035156 -0.039520263671875 0.187728881835938 -0.0782928466796875
-0.00687408447265625 -0.0372581481933594 -0.164535522460938 -0.00773620605468749
0.02581787109375 -0.0933837890625 -0.12750244140625 -0.302337646484375
0.0125503540039062 -0.0727157592773437 0.126251220703125 -0.478118896484375
0.00588512420654297 0.0126791000366211 0.547332763671875 -0.36187744140625
-0.00813293457031251 0.0863037109375 0.78045654296875 0.27056884765625
-0.0382919311523438 0.0315093994140625 0.436767578125 0.82708740234375
0.00860595703125 -0.0358200073242188 -0.11700439453125 0.66357421875
0.08258056640625 -0.0647964477539063 0.0986480712890625 0.003509521484375
0.0308876037597656 -0.052490234375 0.19647216796875 -0.716796875
-0.015172004699707 0.0144252777099609 -0.49456787109375 -0.769775390625
-0.0187149047851563 0.0561180114746094 -0.8323974609375 -0.000183105468750096
-0.0136528015136719 0.0200023651123047 -0.42041015625 0.524261474609375
0.003875732421875 -0.0517539978027344 -0.056121826171875 0.502227783203125
0.00997924804687499 -0.082000732421875 0.162628173828125 0.209457397460938
-0.0132980346679688 -0.041259765625 0.187911987304688 -0.0744781494140625
-0.0183620452880859 0.0111064910888672 -0.171859741210937 -0.0153045654296875
0.0228652954101563 0.038665771484375 -0.127288818359375 -0.287261962890625
0.0496368408203125 0.0506706237792969 0.15179443359375 -0.473480224609375
0.0344352722167969 0.0374526977539063 0.56805419921875 -0.36962890625
0.00419712066650391 0.0120353698730469 0.76947021484375 0.2657470703125
-0.00757598876953126 -0.0556869506835938 0.41522216796875 0.8211669921875
-0.00399017333984375 -0.0458145141601563 -0.1390380859375 0.656005859375
0.0159893035888672 -0.027740478515625 0.0886917114257813 -0.0133590698242188
0.019561767578125 -0.0638084411621094 0.16510009765625 -0.74261474609375
0.00923156738281251 -0.074798583984375 -0.53033447265625 -0.78851318359375
-0.00115203857421875 -0.0202217102050781 -0.83514404296875 0.00292968749999994
0.0140037536621094 0.0379295349121094 -0.38494873046875 0.52508544921875
0.0304641723632812 0.0622596740722656 -0.0032958984375 0.515594482421875
0.01837158203125 0.0401725769042969 0.197723388671875 0.220062255859375
-0.0171737670898438 0.0109138488769531 0.19732666015625 -0.0691986083984375
-0.017237663269043 0.00465202331542969 -0.1668701171875 -0.0204925537109375
0.0182514190673828 0.0289325714111328 -0.11590576171875 -0.301971435546875
0.04351806640625 0.0503120422363281 0.167449951171875 -0.463775634765625
0.0351142883300781 0.0434303283691406 0.57830810546875 -0.31500244140625
0.00736045837402344 0.0163450241088867 0.75091552734375 0.34869384765625
-0.0035400390625 -0.0573005676269531 0.3626708984375 0.8807373046875
-0.000545501708984378 -0.0486831665039063 -0.16448974609375 0.6591796875
0.0181617736816406 -0.0321445465087891 0.10577392578125 -0.0192031860351563
0.0137748718261719 -0.0667037963867188 0.13104248046875 -0.73297119140625
-0.0012664794921875 -0.0686264038085938 -0.57177734375 -0.7166748046875
-0.00541114807128906 -0.0185585021972656 -0.82269287109375 0.08587646484375
0.0162448883056641 0.0298728942871094 -0.35546875 0.564453125
0.0351791381835938 0.048828125 0.0125732421875 0.516204833984375
0.0199165344238281 0.0299491882324219 0.20245361328125 0.206954956054688
-0.0184345245361328 0.00524711608886719 0.199478149414063 -0.07421875
-0.0168695449829102 -0.00722408294677734 -0.159317016601563 -0.02264404296875
0.0166349411010742 0.0119972229003906 -0.104461669921875 -0.31243896484375
0.0393943786621094 0.0409736633300781 0.18212890625 -0.461456298828125
0.0307197570800781 0.0441932678222656 0.586181640625 -0.2774658203125
0.00833511352539063 0.0259475708007813 0.7257080078125 0.412109375
-0.00570297241210938 -0.0468368530273438 0.31353759765625 0.9263916015625
0.00384140014648437 -0.0499000549316406 -0.18487548828125 0.6630859375
0.0257034301757813 -0.0393562316894531 0.121742248535156 -0.0242767333984375
0.0111274719238281 -0.0655784606933594 0.10626220703125 -0.724609375
-0.00826644897460937 -0.0558090209960937 -0.59765625 -0.656982421875
-0.00933647155761719 -0.00982475280761719 -0.80975341796875 0.1497802734375
0.0145130157470703 0.0236454010009766 -0.328369140625 0.59307861328125
0.0341663360595703 0.0312709808349609 0.02301025390625 0.5150146484375
0.0169839859008789 0.0148754119873047 0.198699951171875 0.198822021484375
-0.0199775695800781 -0.00355720520019531 0.195770263671875 -0.081146240234375
-0.0120410919189453 -0.0147180557250977 -0.155288696289062 -0.0240020751953125
0.0202503204345703 -0.0106754302978516 -0.094818115234375 -0.32305908203125
0.0353469848632812 0.0180435180664063 0.18328857421875 -0.4654541015625
0.0275840759277344 0.0397415161132813 0.5843505859375 -0.2578125
0.00153732299804688 0.0381317138671875 0.71380615234375 0.44769287109375
-0.0118789672851563 -0.0368118286132813 0.28759765625 0.9522705078125
0.00681304931640625 -0.0496864318847656 -0.19390869140625 0.66864013671875
0.037872314453125 -0.0481147766113281 0.132957458496094 -0.0252685546875
0.0109672546386719 -0.062469482421875 0.0950927734375001 -0.716796875
-0.0122146606445313 -0.0390396118164063 -0.6109619140625 -0.62310791015625
-0.00835657119750977 0.00438261032104492 -0.80035400390625 0.1881103515625
0.0104408264160156 0.0199623107910156 -0.3154296875 0.61175537109375
0.0297698974609375 0.0112228393554688 0.0242919921875 0.519775390625
0.0132169723510742 -0.00787639617919922 0.196624755859375 0.19384765625
-0.0207042694091797 -0.0134620666503906 0.194122314453125 -0.0834808349609375
-0.00633049011230469 -0.0302333831787109 -0.15435791015625 -0.0281829833984375
0.0284214019775391 -0.0325927734375 -0.092926025390625 -0.32806396484375
0.0350494384765625 -0.0134925842285156 0.1773681640625 -0.476287841796875
0.0215797424316406 0.0291042327880859 0.580078125 -0.25921630859375
-0.00672531127929688 0.0508880615234375 0.71710205078125 0.449462890625
-0.0196762084960938 -0.0195503234863281 0.28656005859375 0.95831298828125
0.0121421813964844 -0.0466384887695313 -0.1910400390625 0.6746826171875
0.0518112182617188 -0.0532798767089844 0.134880065917969 -0.0226287841796875
0.0123863220214844 -0.0594024658203125 0.10552978515625 -0.7132568359375
-0.0126113891601563 -0.0203514099121094 -0.6033935546875 -0.61944580078125
-0.00759696960449219 0.0193119049072266 -0.7996826171875 0.1942138671875
0.00549697875976563 0.0183620452880859 -0.31695556640625 0.61688232421875
0.0201244354248047 -0.00714111328125 0.021697998046875 0.52099609375
0.00748062133789063 -0.0280551910400391 0.195220947265625 0.197494506835938
-0.0211238861083984 -0.0230636596679688 0.191543579101563 -0.076507568359375
-0.00466156005859375 -0.0361862182617188 -0.155258178710938 -0.0224761962890625
0.0319328308105469 -0.0622520446777344 -0.101318359375 -0.326873779296875
0.0311279296875 -0.0435333251953125 0.1622314453125 -0.479583740234375
0.0161952972412109 0.0195102691650391 0.5726318359375 -0.2816162109375
-0.0112037658691406 0.0655746459960938 0.73480224609375 0.41693115234375
-0.0309696197509766 -0.00312042236328125 0.3233642578125 0.93865966796875
0.0113449096679688 -0.0454826354980469 -0.17169189453125 0.67578125
0.065185546875 -0.0595245361328125 0.131217956542969 -0.0169219970703125
0.0175590515136719 -0.0562934875488281 0.12127685546875 -0.71612548828125
-0.0134353637695313 -0.00371265411376953 -0.58721923828125 -0.6484375
-0.007476806640625 0.0357017517089844 -0.80914306640625 0.1617431640625
-0.00191688537597656 0.0191154479980469 -0.33990478515625 0.6046142578125
0.0110626220703125 -0.0261287689208984 0.00292968749999999 0.51824951171875
0.00443649291992187 -0.0523185729980469 0.186370849609375 0.199478149414063
-0.0196762084960938 -0.0337543487548828 0.189483642578125 -0.0774383544921875
-0.00810623168945313 -0.0366554260253906 -0.15972900390625 -0.0135345458984375
0.02978515625 -0.0853424072265625 -0.1165771484375 -0.31982421875
0.0213050842285156 -0.0607376098632812 0.142822265625 -0.478851318359375
0.0116958618164062 0.0134048461914063 0.5626220703125 -0.3214111328125
-0.0103302001953125 0.0763626098632813 0.76519775390625 0.35101318359375
-0.0368614196777344 0.0151519775390625 0.3853759765625 0.89263916015625
0.00997161865234375 -0.0417823791503906 -0.14111328125 0.67449951171875
0.0757980346679688 -0.0642623901367188 0.116691589355469 -0.007354736328125
0.0245323181152344 -0.0547103881835938 0.149169921875 -0.72027587890625
-0.0142621994018555 0.00839805603027344 -0.5572509765625 -0.70013427734375
-0.0107040405273438 0.0486946105957031 -0.8265380859375 0.0985107421874999
-0.00747489929199219 0.0191078186035156 -0.3787841796875 0.574951171875
0.00569915771484375 -0.0422172546386719 -0.024169921875 0.513824462890625
0.00457763671875001 -0.0715789794921875 0.174530029296875 0.201522827148438
-0.0183448791503906 -0.0392570495605469 0.188873291015625 -0.0801239013671875
-0.0104408264160156 -0.0354080200195313 -0.166412353515625 -0.00590515136718751
0.02587890625 -0.09356689453125 -0.132354736328125 -0.3048095703125
0.0117263793945312 -0.0716476440429688 0.1217041015625 -0.48431396484375
0.00522994995117187 0.0112361907958984 0.547607421875 -0.37347412109375
-0.0075531005859375 0.0862350463867188 0.790771484375 0.26171875
-0.037872314453125 0.0311012268066406 0.44903564453125 0.82806396484375
0.0089263916015625 -0.0363311767578125 -0.10858154296875 0.6700439453125
0.0825042724609375 -0.064666748046875 0.0985946655273437 0.00432586669921874
0.032135009765625 -0.0525665283203125 0.19091796875 -0.7216796875
-0.0159530639648438 0.0149011611938477 -0.508544921875 -0.768310546875
-0.0173377990722656 0.0580787658691406 -0.83929443359375 0.00939941406250003
-0.0147876739501953 0.0202980041503906 -0.418792724609375 0.53338623046875
0.005340576171875 -0.0523490905761719 -0.0511474609375 0.504730224609375
0.00884246826171874 -0.0844497680664063 0.165740966796875 0.209121704101563
-0.0163726806640625 -0.04071044921875 0.186843872070313 -0.0762481689453125
-0.0185775756835938 0.0114917755126953 -0.172988891601563 -0.012664794921875
0.0231399536132812 0.037109375 -0.132110595703125 -0.287628173828125
0.0502510070800781 0.0503463745117188 0.147552490234375 -0.480224609375
0.0352630615234375 0.0371170043945313 0.566162109375 -0.38067626953125
0.00473690032958984 0.0120353698730469 0.78204345703125 0.2535400390625
-0.00896453857421875 -0.0571556091308594 0.431884765625 0.8193359375
-0.00518417358398438 -0.0464630126953125 -0.13134765625 0.66204833984375
0.014373779296875 -0.0276813507080078 0.0881500244140625 -0.0133438110351563
0.0189170837402344 -0.0654563903808594 0.15740966796875 -0.749755859375
0.00775146484375001 -0.0755538940429688 -0.54241943359375 -0.78424072265625
-0.00166511535644531 -0.0213623046875 -0.837890625 0.0167846679687498
0.0156173706054687 0.0389175415039063 -0.380126953125 0.533447265625
0.0306777954101563 0.0624465942382813 0.00653076171874996 0.51641845703125
0.0193901062011719 0.0394783020019531 0.202880859375 0.220001220703125
-0.0189056396484375 0.011077880859375 0.1953125 -0.073455810546875
-0.0174770355224609 0.00509452819824219 -0.16802978515625 -0.0195770263671875
0.01849365234375 0.0303211212158203 -0.122039794921875 -0.30084228515625
0.0466461181640625 0.0492477416992188 0.162200927734375 -0.469970703125
0.0360488891601563 0.0434761047363281 0.58001708984375 -0.32513427734375
0.00796318054199219 0.0169506072998047 0.762451171875 0.33917236328125
-0.00446319580078125 -0.0573654174804688 0.37872314453125 0.87945556640625
-0.00040054321289063 -0.050872802734375 -0.15625 0.6650390625
0.0173683166503906 -0.0318508148193359 0.10687255859375 -0.0197525024414063
0.0111198425292969 -0.0664863586425781 0.1214599609375 -0.73773193359375
-0.0010833740234375 -0.0704193115234375 -0.583984375 -0.7098388671875
-0.00535774230957031 -0.0180854797363281 -0.82427978515625 0.0999755859374998
0.0162448883056641 0.0305900573730469 -0.3487548828125 0.57293701171875
0.0371017456054688 0.0492820739746094 0.02252197265625 0.5186767578125
0.0187931060791016 0.0300331115722656 0.204635620117188 0.20709228515625
-0.01800537109375 0.0052032470703125 0.197738647460937 -0.0780181884765625
-0.0165643692016602 -0.00704193115234375 -0.1610107421875 -0.02099609375
0.0171384811401367 0.0107421875 -0.11114501953125 -0.312042236328125
0.0398216247558594 0.0403671264648438 0.176025390625 -0.467987060546875
0.0318641662597656 0.0450210571289063 0.583984375 -0.28607177734375
0.00784111022949219 0.0251140594482422 0.7373046875 0.4031982421875
-0.006134033203125 -0.0482368469238281 0.32977294921875 0.92767333984375
0.00173187255859375 -0.0476646423339844 -0.1776123046875 0.6693115234375
0.0260429382324219 -0.0404548645019531 0.122840881347656 -0.0240859985351563
0.0115776062011719 -0.0662994384765625 0.0961914062499999 -0.7283935546875
-0.00960922241210937 -0.0549125671386719 -0.6094970703125 -0.65093994140625
-0.00911998748779297 -0.00937938690185547 -0.81024169921875 0.1661376953125
0.0148792266845703 0.0239906311035156 -0.32196044921875 0.60198974609375
0.0363616943359375 0.03076171875 0.030853271484375 0.51953125
0.0175724029541016 0.0139636993408203 0.203781127929688 0.197494506835938
-0.0213031768798828 -0.00234603881835937 0.195907592773438 -0.0848236083984375
-0.0137538909912109 -0.0149040222167969 -0.157012939453125 -0.0213165283203125
0.0203456878662109 -0.0113887786865234 -0.100006103515625 -0.325531005859375
0.0343227386474609 0.0162620544433594 0.1756591796875 -0.474639892578125
0.0288619995117188 0.03912353515625 0.58441162109375 -0.2698974609375
0.00248336791992187 0.0376205444335938 0.727783203125 0.44122314453125
-0.0118675231933594 -0.0376167297363281 0.3050537109375 0.95379638671875
0.00638961791992188 -0.0483436584472656 -0.185546875 0.676513671875
0.0368309020996094 -0.0474739074707031 0.133491516113281 -0.0266036987304688
0.00984954833984376 -0.0637321472167969 0.0860595703125 -0.72198486328125
-0.0135078430175781 -0.0381011962890625 -0.62060546875 -0.61865234375
-0.00771474838256836 0.00432062149047852 -0.80072021484375 0.20245361328125
0.0120048522949219 0.0193309783935547 -0.306884765625 0.620849609375
0.030548095703125 0.0103530883789063 0.033203125 0.521026611328125
0.0120410919189453 -0.00843143463134766 0.201065063476563 0.193267822265625
-0.0206890106201172 -0.0117969512939453 0.193557739257813 -0.0869293212890625
-0.00880813598632813 -0.0309467315673828 -0.157012939453125 -0.0248870849609375
0.0268325805664063 -0.0323505401611328 -0.09661865234375 -0.32806396484375
0.0350875854492188 -0.0134773254394531 0.171356201171875 -0.4815673828125
0.0235633850097656 0.0282535552978516 0.58056640625 -0.270263671875
-0.00459671020507812 0.0511360168457031 0.72991943359375 0.441162109375
-0.0201625823974609 -0.0220699310302734 0.30499267578125 0.95904541015625
0.00928115844726562 -0.0476493835449219 -0.1832275390625 0.68096923828125
0.0505943298339844 -0.0542526245117187 0.136001586914063 -0.0237655639648438
0.0126953125 -0.0594100952148438 0.0963745117187499 -0.7191162109375
-0.0136241912841797 -0.0204925537109375 -0.614013671875 -0.61358642578125
-0.00755119323730469 0.0214595794677734 -0.7984619140625 0.207763671875
0.00564193725585937 0.0183143615722656 -0.31158447265625 0.6246337890625
0.0206356048583984 -0.00814437866210938 0.029083251953125 0.523651123046875
0.00749588012695313 -0.0284481048583984 0.19854736328125 0.196456909179688
-0.0210094451904297 -0.0234260559082031 0.191207885742188 -0.0808868408203125
-0.00602340698242188 -0.0364761352539063 -0.156661987304688 -0.0198516845703125
0.0321273803710938 -0.0629005432128906 -0.107086181640625 -0.326507568359375
0.0303726196289062 -0.0452842712402344 0.158172607421875 -0.486175537109375
0.0165729522705078 0.0182971954345703 0.57269287109375 -0.29327392578125
-0.00887680053710938 0.0652046203613281 0.74859619140625 0.40753173828125
-0.0308208465576172 -0.00229454040527344 0.34228515625 0.93927001953125
0.0106315612792969 -0.0444984436035156 -0.1651611328125 0.684326171875
0.0641136169433594 -0.0595550537109375 0.131629943847656 -0.0177078247070313
0.0168876647949219 -0.0573348999023438 0.1142578125 -0.72296142578125
-0.0136508941650391 -0.00425434112548828 -0.600341796875 -0.64324951171875
-0.00679779052734375 0.0371856689453125 -0.81298828125 0.1754150390625
-0.000762939453124999 0.0191059112548828 -0.333740234375 0.6121826171875
0.0114650726318359 -0.0272083282470703 0.00927734374999996 0.522735595703125
0.00374221801757813 -0.05328369140625 0.188674926757813 0.198211669921875
-0.0199871063232422 -0.0333614349365234 0.191192626953125 -0.081024169921875
-0.00874137878417969 -0.0348148345947266 -0.160354614257813 -0.0110626220703125
0.0290069580078125 -0.0866622924804688 -0.123443603515625 -0.319793701171875
0.022247314453125 -0.0615615844726563 0.137481689453125 -0.4847412109375
0.0121726989746094 0.0137796401977539 0.562744140625 -0.33197021484375
-0.00839996337890626 0.0757827758789063 0.77655029296875 0.34149169921875
-0.0366935729980469 0.0134315490722656 0.40545654296875 0.89215087890625
0.00940704345703126 -0.0404281616210938 -0.1329345703125 0.67926025390625
0.07476806640625 -0.0649642944335938 0.11773681640625 -0.00931549072265625
0.0237045288085937 -0.0546875 0.14031982421875 -0.72625732421875
-0.0152597427368164 0.00848007202148438 -0.56817626953125 -0.6944580078125
-0.00921630859375 0.0500106811523438 -0.8310546875 0.11431884765625
-0.00619697570800781 0.020843505859375 -0.3712158203125 0.58343505859375
0.00568008422851562 -0.0412139892578125 -0.0159912109375 0.518218994140625
0.003875732421875 -0.072479248046875 0.17999267578125 0.201766967773438
-0.0192680358886719 -0.0384979248046875 0.188156127929688 -0.08233642578125
-0.00913238525390625 -0.0371551513671875 -0.167251586914063 -0.00448608398437502
0.0229339599609375 -0.09539794921875 -0.138641357421875 -0.305328369140625
0.0107955932617188 -0.074432373046875 0.11456298828125 -0.48919677734375
0.00649738311767578 0.013026237487793 0.5440673828125 -0.38323974609375
-0.004638671875 0.0871963500976563 0.8013916015625 0.24920654296875
-0.0381736755371094 0.0304145812988281 0.466552734375 0.824462890625
0.00848007202148437 -0.0353660583496094 -0.10125732421875 0.6744384765625
0.0814208984375 -0.0654220581054688 0.0978775024414063 0.00450897216796875
0.0306816101074219 -0.0526657104492187 0.183837890625 -0.72601318359375
-0.0155057907104492 0.0159416198730469 -0.51959228515625 -0.76483154296875
-0.0152053833007813 0.0583457946777344 -0.84503173828125 0.0230712890624999
-0.0125255584716797 0.0204563140869141 -0.4136962890625 0.54296875
0.0044708251953125 -0.0534820556640625 -0.04248046875 0.50872802734375
0.00598907470703126 -0.0849151611328125 0.171340942382813 0.20904541015625
-0.0170822143554688 -0.0405731201171875 0.186904907226562 -0.0782928466796875
-0.0179061889648437 0.0132999420166016 -0.174850463867187 -0.00976562499999999
0.0229110717773438 0.0384559631347656 -0.1378173828125 -0.287139892578125
0.0523681640625 0.0494041442871094 0.140869140625 -0.4864501953125
0.0367889404296875 0.0369682312011719 0.5633544921875 -0.39227294921875
0.00594425201416016 0.0113382339477539 0.790771484375 0.24114990234375
-0.00939178466796876 -0.0581550598144531 0.447509765625 0.81634521484375
-0.00624847412109375 -0.0479354858398438 -0.1219482421875 0.664306640625
0.0137672424316406 -0.0264530181884766 0.0893020629882813 -0.0152053833007813
0.0171165466308594 -0.0647926330566406 0.1480712890625 -0.75323486328125
0.00666809082031249 -0.076904296875 -0.55712890625 -0.77813720703125
-0.00119209289550781 -0.0207595825195313 -0.8424072265625 0.0303955078125
0.0164337158203125 0.0386085510253906 -0.374542236328125 0.543670654296875
0.0329246520996094 0.0640068054199219 0.014739990234375 0.519927978515625
0.0197105407714844 0.0398902893066406 0.207046508789063 0.218673706054688
-0.0186119079589844 0.0123863220214844 0.1956787109375 -0.07611083984375
-0.0167245864868164 0.00564193725585938 -0.170074462890625 -0.0160064697265625
0.0171089172363281 0.0300712585449219 -0.1278076171875 -0.30047607421875
0.0469436645507812 0.0504035949707031 0.154510498046875 -0.473388671875
0.0376930236816406 0.0430526733398437 0.577880859375 -0.33837890625
0.00972270965576172 0.0158138275146484 0.7745361328125 0.32611083984375
-0.00557327270507813 -0.0592193603515625 0.39404296875 0.8751220703125
-0.00264358520507813 -0.0503463745117188 -0.146728515625 0.67095947265625
0.0166988372802734 -0.0324859619140625 0.107620239257812 -0.0212554931640625
0.0113105773925781 -0.0678024291992188 0.11181640625 -0.74261474609375
-0.00430679321289062 -0.0702133178710938 -0.597412109375 -0.70428466796875
-0.00546646118164063 -0.0188083648681641 -0.82843017578125 0.11492919921875
0.0186481475830078 0.0293769836425781 -0.341796875 0.5806884765625
0.0384140014648437 0.0499382019042969 0.02978515625 0.520355224609375
0.0222492218017578 0.0296249389648438 0.2095947265625 0.203125
-0.0197830200195313 0.00685882568359375 0.19732666015625 -0.0816650390625
-0.0185432434082031 -0.00561332702636718 -0.164596557617188 -0.018829345703125
0.0167350769042969 0.0123929977416992 -0.11737060546875 -0.312347412109375
0.0407638549804688 0.0403022766113281 0.170623779296875 -0.475250244140625
0.0339202880859375 0.0438652038574219 0.58489990234375 -0.2987060546875
0.00938224792480469 0.0238780975341797 0.74810791015625 0.3944091796875
-0.00692367553710937 -0.0498809814453125 0.345947265625 0.92413330078125
-0.000320434570312504 -0.0499725341796875 -0.1671142578125 0.6749267578125
0.0231208801269531 -0.040557861328125 0.12188720703125 -0.0261383056640625
0.00931167602539063 -0.0654411315917969 0.0872802734375001 -0.73150634765625
-0.0100860595703125 -0.0550498962402344 -0.62384033203125 -0.64422607421875
-0.008148193359375 -0.00978565216064453 -0.8116455078125 0.17913818359375
0.0144729614257812 0.0236396789550781 -0.31085205078125 0.6109619140625
0.0353775024414063 0.0317306518554688 0.04010009765625 0.522064208984375
0.0176372528076172 0.0132732391357422 0.207199096679687 0.195404052734375
-0.0214080810546875 -0.00157356262207031 0.194320678710938 -0.0865631103515625
-0.0134391784667969 -0.0144815444946289 -0.158782958984375 -0.0186920166015625
0.01788330078125 -0.0122623443603516 -0.106658935546875 -0.323699951171875
0.0359039306640625 0.0178489685058594 0.170135498046875 -0.479522705078125
0.0306243896484375 0.0392799377441406 0.58392333984375 -0.279296875
0.00397872924804688 0.0364418029785156 0.7386474609375 0.4324951171875
-0.012603759765625 -0.0376472473144531 0.32098388671875 0.952880859375
0.005706787109375 -0.0491790771484375 -0.17742919921875 0.67987060546875
0.035552978515625 -0.0462608337402344 0.13275146484375 -0.0272369384765625
0.00799179077148438 -0.0631790161132813 0.076416015625 -0.7266845703125
-0.0142822265625 -0.0392036437988281 -0.635009765625 -0.6104736328125
-0.00841474533081055 0.0044713020324707 -0.80242919921875 0.216064453125
0.0120258331298828 0.0194034576416016 -0.29833984375 0.62933349609375
0.0308647155761719 0.0109233856201172 0.040618896484375 0.523040771484375
0.0132455825805664 -0.00806617736816406 0.203933715820312 0.190460205078125
-0.0222511291503906 -0.0121994018554688 0.193038940429687 -0.088653564453125
-0.00733184814453125 -0.0288486480712891 -0.158050537109375 -0.02337646484375
0.0261554718017578 -0.0342235565185547 -0.1041259765625 -0.32940673828125
0.0348300933837891 -0.0158939361572266 0.16485595703125 -0.487396240234375
0.0245800018310547 0.0280609130859375 0.57806396484375 -0.28082275390625
-0.00400543212890625 0.0524063110351563 0.7401123046875 0.43133544921875
-0.0202312469482422 -0.0218849182128906 0.3193359375 0.95745849609375
0.00992202758789062 -0.04656982421875 -0.1744384765625 0.685791015625
0.0483894348144531 -0.0535087585449219 0.137191772460938 -0.0260162353515625
0.010467529296875 -0.0590858459472656 0.08660888671875 -0.720947265625
-0.0135993957519531 -0.0211715698242188 -0.6253662109375 -0.60791015625
-0.00860023498535156 0.0221424102783203 -0.79840087890625 0.22210693359375
0.00599098205566406 0.0187816619873047 -0.3011474609375 0.63299560546875
0.0203914642333984 -0.00874710083007813 0.0389709472656251 0.525634765625
0.00673866271972656 -0.0286750793457031 0.203170776367188 0.194595336914063
-0.0229225158691406 -0.0225391387939453 0.191116333007813 -0.083160400390625
-0.00622177124023438 -0.0361137390136719 -0.157852172851563 -0.0169830322265625
0.0311698913574219 -0.0629310607910156 -0.11376953125 -0.327423095703125
0.0296249389648438 -0.04412841796875 0.149688720703125 -0.491241455078125
0.0171604156494141 0.0196380615234375 0.5716552734375 -0.3046875
-0.00818252563476562 0.0640907287597656 0.7608642578125 0.395751953125
-0.0303840637207031 -0.00399208068847657 0.35797119140625 0.93682861328125
0.00847625732421875 -0.0447463989257813 -0.15484619140625 0.68609619140625
0.0619010925292969 -0.0589485168457031 0.131729125976563 -0.0188446044921875
0.0169143676757813 -0.0574302673339844 0.10577392578125 -0.7244873046875
-0.0131416320800781 -0.00310802459716797 -0.60992431640625 -0.6351318359375
-0.00663375854492188 0.0367393493652344 -0.8121337890625 0.19140625
0.000780105590820313 0.0198955535888672 -0.3238525390625 0.6224365234375
0.01165771484375 -0.0270233154296875 0.0203857421875 0.525299072265625
0.00296401977539063 -0.0527687072753906 0.195098876953125 0.1954345703125
-0.0206890106201172 -0.0323543548583984 0.189361572265625 -0.0833587646484375
-0.00851821899414062 -0.0356216430664063 -0.162139892578125 -0.00840759277343748
0.0260467529296875 -0.0870513916015625 -0.128631591796875 -0.31854248046875
0.0217094421386719 -0.0631179809570313 0.130889892578125 -0.491119384765625
0.0132246017456055 0.0130271911621094 0.55975341796875 -0.343017578125
-0.00691986083984376 0.076904296875 0.78662109375 0.3291015625
-0.0370445251464844 0.0134048461914063 0.417724609375 0.88824462890625
0.00850296020507812 -0.0411834716796875 -0.12286376953125 0.685546875
0.0739593505859375 -0.0635910034179688 0.118072509765625 -0.009796142578125
0.0228500366210938 -0.055389404296875 0.13134765625 -0.72833251953125
-0.0142917633056641 0.00820636749267578 -0.581787109375 -0.6900634765625
-0.0093841552734375 0.0510940551757812 -0.83074951171875 0.126220703125
-0.00631141662597656 0.0210895538330078 -0.36395263671875 0.5938720703125
0.00480270385742188 -0.0420646667480469 -0.00851440429687505 0.519927978515625
0.00181579589843749 -0.0723800659179688 0.182144165039063 0.200408935546875
-0.0201683044433594 -0.0370635986328125 0.189071655273438 -0.0850830078125
-0.0086517333984375 -0.0361595153808594 -0.169265747070313 -0.00167846679687498
0.023223876953125 -0.0980377197265625 -0.144561767578125 -0.30535888671875
0.00965881347656251 -0.0751571655273438 0.1075439453125 -0.496185302734375
0.00753307342529297 0.011627197265625 0.5423583984375 -0.396759033203125
-0.0034027099609375 0.0848388671875 0.8094482421875 0.23834228515625
-0.0372467041015625 0.0296516418457031 0.4825439453125 0.81695556640625
0.00542449951171875 -0.0368194580078125 -0.091552734375 0.6787109375
0.0809097290039063 -0.064910888671875 0.0989303588867187 0.0025634765625
0.0292167663574219 -0.0533103942871094 0.17413330078125 -0.7314453125
-0.0151147842407227 0.0154285430908203 -0.53277587890625 -0.75946044921875
-0.0146560668945313 0.05902099609375 -0.84588623046875 0.0399780273437502
-0.0126113891601563 0.0203762054443359 -0.40423583984375 0.5523681640625
0.00391769409179687 -0.0542411804199219 -0.033355712890625 0.512237548828125
0.00547790527343749 -0.0862045288085937 0.174713134765625 0.20947265625
-0.0164299011230469 -0.0402488708496094 0.187088012695313 -0.0814208984375
-0.0183506011962891 0.0141334533691406 -0.177200317382813 -0.00587463378906253
0.0238380432128906 0.0382461547851563 -0.14520263671875 -0.285491943359375
0.0541229248046875 0.0488700866699219 0.131744384765625 -0.489532470703125
0.0378341674804688 0.0379714965820313 0.558929443359375 -0.40447998046875
0.00683975219726562 0.00969409942626953 0.79718017578125 0.22698974609375
-0.009796142578125 -0.0598716735839844 0.4625244140625 0.8082275390625
-0.00656890869140625 -0.0461692810058594 -0.1124267578125 0.66876220703125
0.0112819671630859 -0.0264244079589844 0.088287353515625 -0.015411376953125
0.0162887573242187 -0.0649299621582031 0.1353759765625 -0.7545166015625
0.00638580322265624 -0.0768051147460938 -0.57049560546875 -0.77001953125
-0.00133323669433594 -0.0211734771728516 -0.8441162109375 0.0477294921875001
0.0178871154785156 0.0382156372070312 -0.36590576171875 0.55316162109375
0.0341377258300781 0.0624465942382813 0.023651123046875 0.521759033203125
0.0200233459472656 0.0379257202148438 0.210739135742188 0.216033935546875
-0.0188179016113281 0.0125198364257812 0.194839477539063 -0.080474853515625
-0.0177478790283203 0.00614547729492188 -0.171615600585938 -0.013671875
0.0182437896728516 0.0294265747070313 -0.134979248046875 -0.299713134765625
0.0477447509765625 0.0492515563964844 0.14825439453125 -0.478729248046875
0.0392875671386719 0.0439300537109375 0.576171875 -0.35052490234375
0.0107336044311523 0.0145912170410156 0.7806396484375 0.31103515625
-0.00633239746093749 -0.0611801147460938 0.410888671875 0.86773681640625
-0.002685546875 -0.0494194030761719 -0.13555908203125 0.67236328125
0.0162811279296875 -0.0337448120117188 0.106071472167969 -0.0223541259765625
0.0121650695800781 -0.0685157775878906 0.1005859375 -0.741943359375
-0.0043487548828125 -0.0714492797851563 -0.61175537109375 -0.69403076171875
-0.00629234313964844 -0.0184898376464844 -0.82672119140625 0.13006591796875
0.0201148986816406 0.0310764312744141 -0.33050537109375 0.58984375
0.0403900146484375 0.0485916137695313 0.04052734375 0.522186279296875
0.0229511260986328 0.0291976928710938 0.212738037109375 0.200698852539062
-0.0196762084960938 0.00642967224121093 0.195556640625 -0.0839996337890625
-0.0195217132568359 -0.00451278686523438 -0.164718627929688 -0.016571044921875
0.0160560607910156 0.0124101638793945 -0.122711181640625 -0.3116455078125
0.0408592224121094 0.0385589599609375 0.16436767578125 -0.47967529296875
0.03515625 0.0430908203125 0.5811767578125 -0.31146240234375
0.00884628295898438 0.0222301483154297 0.759765625 0.380126953125
-0.00699234008789063 -0.0492897033691406 0.36395263671875 0.91876220703125
-0.00140762329101562 -0.0483474731445313 -0.15789794921875 0.676513671875
0.022857666015625 -0.0395317077636719 0.120330810546875 -0.0290145874023438
0.00818634033203125 -0.0664787292480469 0.0780029296875 -0.734619140625
-0.0121803283691406 -0.0566368103027344 -0.6337890625 -0.6368408203125
-0.00980949401855469 -0.00914192199707031 -0.8101806640625 0.19256591796875
0.0164241790771484 0.0214118957519531 -0.30230712890625 0.61676025390625
0.0376167297363281 0.0306892395019531 0.05035400390625 0.520782470703125
0.0166835784912109 0.0134096145629883 0.211563110351563 0.192306518554688
-0.0211296081542969 -0.00132179260253906 0.192352294921875 -0.08953857421875
-0.0130147933959961 -0.0146245956420898 -0.15850830078125 -0.01702880859375
0.0201034545898438 -0.0124778747558594 -0.112335205078125 -0.322998046875
0.0355377197265625 0.0153274536132812 0.16339111328125 -0.48309326171875
0.0316505432128906 0.038665771484375 0.58197021484375 -0.29156494140625
0.00412750244140625 0.0370712280273438 0.75018310546875 0.41754150390625
-0.0123329162597656 -0.0400161743164062 0.33941650390625 0.94989013671875
0.00426864624023438 -0.0480422973632812 -0.16778564453125 0.68377685546875
0.03411865234375 -0.0474929809570313 0.1331787109375 -0.0301666259765625
0.00736236572265626 -0.0641288757324219 0.06683349609375 -0.72802734375
-0.0152740478515625 -0.0386428833007812 -0.64361572265625 -0.6002197265625
-0.00784635543823242 0.00370121002197265 -0.80035400390625 0.2347412109375
0.0136775970458984 0.0190792083740234 -0.2889404296875 0.63616943359375
0.0307655334472656 0.00965690612792969 0.053131103515625 0.523681640625
0.0124378204345703 -0.00902748107910156 0.208389282226563 0.188613891601563
-0.0224037170410156 -0.0118637084960937 0.190811157226563 -0.0915374755859375
-0.00813102722167969 -0.0307846069335938 -0.159622192382813 -0.0200347900390625
0.02655029296875 -0.0355491638183594 -0.1107177734375 -0.328887939453125
0.0363273620605469 -0.0168228149414063 0.156005859375 -0.492919921875
0.0245075225830078 0.0291347503662109 0.57562255859375 -0.29315185546875
-0.00262832641601563 0.0507469177246094 0.7518310546875 0.41717529296875
-0.0211849212646484 -0.0223255157470703 0.33807373046875 0.9532470703125
0.00783538818359375 -0.0468635559082031 -0.16534423828125 0.6888427734375
0.0471458435058594 -0.0543479919433594 0.137344360351563 -0.0254898071289063
0.0110130310058594 -0.0584259033203125 0.07635498046875 -0.72491455078125
-0.0131340026855469 -0.0199108123779297 -0.63623046875 -0.59771728515625
-0.00584793090820312 0.0212001800537109 -0.7977294921875 0.2364501953125
0.007049560546875 0.0191249847412109 -0.2900390625 0.640869140625
0.0209083557128906 -0.00976181030273438 0.04754638671875 0.526611328125
0.0066375732421875 -0.0288906097412109 0.206558227539062 0.19158935546875
-0.0227222442626953 -0.0221633911132813 0.189910888671875 -0.086029052734375
-0.0069580078125 -0.0355567932128906 -0.159500122070313 -0.0152435302734375
0.029388427734375 -0.0645484924316406 -0.11883544921875 -0.32635498046875
0.02911376953125 -0.0454597473144531 0.141021728515625 -0.495208740234375
0.0183906555175781 0.0189285278320313 0.56707763671875 -0.3154296875
-0.00543212890625 0.0645675659179688 0.76947021484375 0.3814697265625
-0.0300922393798828 -0.00384140014648438 0.3756103515625 0.931884765625
0.00940322875976563 -0.0447540283203125 -0.14495849609375 0.69061279296875
0.0619087219238281 -0.0599250793457031 0.13177490234375 -0.0204925537109375
0.0164909362792969 -0.0573387145996094 0.0960693359375 -0.7279052734375
-0.0139026641845703 -0.00456333160400391 -0.62139892578125 -0.627197265625
-0.00571060180664062 0.0362777709960938 -0.809326171875 0.204345703125
-5.72204589843741E-05 0.020416259765625 -0.31427001953125 0.62823486328125
0.0107231140136719 -0.0275154113769531 0.029937744140625 0.526580810546875
0.00170135498046875 -0.0540008544921875 0.199005126953125 0.194107055664063
-0.020172119140625 -0.0317955017089844 0.188385009765625 -0.0861358642578125
-0.00897979736328125 -0.034393310546875 -0.162506103515625 -0.00456237792968747
0.0239791870117188 -0.0870895385742187 -0.13421630859375 -0.31689453125
0.0210685729980469 -0.0629844665527344 0.121246337890625 -0.4967041015625
0.0133733749389648 0.0126953125 0.555694580078125 -0.356231689453125
-0.00540924072265625 0.0752105712890625 0.79632568359375 0.3125
-0.0356521606445313 0.0123329162597656 0.433837890625 0.88262939453125
0.00714874267578125 -0.0405120849609375 -0.1142578125 0.68865966796875
0.074432373046875 -0.0655288696289063 0.117866516113281 -0.0112762451171875
0.0212860107421875 -0.0558395385742187 0.12091064453125 -0.73370361328125
-0.0138521194458008 0.00729084014892578 -0.59320068359375 -0.6805419921875
-0.00749969482421876 0.0517463684082031 -0.82989501953125 0.1431884765625
-0.00565147399902344 0.0217037200927734 -0.353759765625 0.6036376953125
0.00463104248046875 -0.0433387756347656 0.00112915039062498 0.52294921875
0.001495361328125 -0.0745391845703125 0.187271118164063 0.198165893554688
-0.0196266174316406 -0.0370445251464844 0.188034057617187 -0.0882415771484375
-0.00835800170898438 -0.0351009368896484 -0.168899536132813 0.00262451171874999
0.0191497802734375 -0.09783935546875 -0.15045166015625 -0.3040771484375
0.0090179443359375 -0.0753860473632813 0.097900390625 -0.500274658203125
0.00776481628417969 0.0125446319580078 0.536346435546875 -0.4071044921875
-0.0010223388671875 0.0881576538085938 0.8167724609375 0.2220458984375
-0.0370254516601563 0.0307121276855469 0.496826171875 0.80975341796875
0.00782394409179688 -0.0358085632324219 -0.08306884765625 0.68133544921875
0.07940673828125 -0.066192626953125 0.0996780395507813 0.001495361328125
0.0309181213378906 -0.0552444458007813 0.16314697265625 -0.7325439453125
-0.0155820846557617 0.0161962509155273 -0.5438232421875 -0.7515869140625
-0.0142440795898437 0.0587425231933594 -0.84765625 0.0540161132812502
-0.0128555297851563 0.0203495025634766 -0.39666748046875 0.561187744140625
0.00259780883789062 -0.0551261901855469 -0.0267333984375 0.516845703125
0.00571441650390625 -0.0871505737304688 0.178970336914063 0.20745849609375
-0.0169410705566406 -0.0380821228027344 0.183761596679687 -0.0847625732421875
-0.0182437896728516 0.0160408020019531 -0.17791748046875 -0.00204467773437496
0.0239295959472656 0.0375518798828125 -0.15008544921875 -0.28204345703125
0.0542030334472656 0.0486602783203125 0.12579345703125 -0.493194580078125
0.0389022827148438 0.0373153686523438 0.55413818359375 -0.41644287109375
0.00668525695800781 0.0104484558105469 0.8033447265625 0.21026611328125
-0.0105781555175781 -0.0608367919921875 0.4781494140625 0.79901123046875
-0.0084686279296875 -0.04754638671875 -0.103271484375 0.66839599609375
0.0111007690429688 -0.0265350341796875 0.0888671875 -0.0163345336914063
0.0148048400878906 -0.064910888671875 0.124755859375 -0.75506591796875
0.00442504882812501 -0.0775680541992188 -0.58294677734375 -0.75830078125
-0.00143241882324219 -0.0223827362060547 -0.84368896484375 0.06121826171875
0.0196914672851563 0.0388145446777344 -0.355682373046875 0.557098388671875
0.0345535278320313 0.0620536804199219 0.033477783203125 0.520477294921875
0.0189628601074219 0.03912353515625 0.215316772460938 0.211502075195313
-0.0182628631591797 0.0131340026855469 0.19244384765625 -0.0821075439453125
-0.0199470520019531 0.00644302368164062 -0.17315673828125 -0.0116729736328125
0.0187053680419922 0.0298557281494141 -0.13983154296875 -0.29718017578125
0.0482254028320312 0.0495681762695313 0.139434814453125 -0.48370361328125
0.0405082702636719 0.0408592224121094 0.57110595703125 -0.36181640625
0.0110626220703125 0.0134963989257812 0.789794921875 0.29791259765625
-0.00754165649414063 -0.0610580444335938 0.4281005859375 0.8604736328125
-0.00509262084960938 -0.0488929748535156 -0.1265869140625 0.67486572265625
0.0143375396728516 -0.0320720672607422 0.104934692382813 -0.0234756469726563
0.00889587402343751 -0.0665283203125 0.0888671875 -0.7431640625
-0.00484466552734374 -0.0720596313476563 -0.6219482421875 -0.6826171875
-0.00343894958496094 -0.0194015502929687 -0.8240966796875 0.14447021484375
0.0205898284912109 0.0307941436767578 -0.32037353515625 0.595458984375
0.0401878356933594 0.0488471984863281 0.05126953125 0.520355224609375
0.0210762023925781 0.0298061370849609 0.2177734375 0.198211669921875
-0.0208148956298828 0.00820350646972656 0.194091796875 -0.0886383056640625
-0.0176830291748047 -0.00368499755859375 -0.164352416992188 -0.0128631591796875
0.0165681838989258 0.0121498107910156 -0.128814697265625 -0.308929443359375
0.0424346923828125 0.0384407043457031 0.154815673828125 -0.483428955078125
0.0368194580078125 0.0443801879882813 0.57879638671875 -0.32110595703125
0.0113925933837891 0.0225753784179688 0.76708984375 0.36578369140625
-0.0069122314453125 -0.052490234375 0.3798828125 0.9105224609375
-0.00209808349609375 -0.0493583679199219 -0.14715576171875 0.68194580078125
0.0214462280273437 -0.0388641357421875 0.122932434082031 -0.0295944213867188
0.0065460205078125 -0.0672683715820313 0.0685424804687501 -0.733154296875
-0.0138626098632812 -0.0553092956542969 -0.6444091796875 -0.623046875
-0.00780677795410156 -0.0104408264160156 -0.80743408203125 0.2091064453125
0.0174522399902344 0.0226612091064453 -0.29058837890625 0.6248779296875
0.0369033813476562 0.0287590026855469 0.05731201171875 0.52154541015625
0.0180683135986328 0.0129966735839844 0.214569091796875 0.190338134765625
-0.0226478576660156 0.00142860412597656 0.191085815429687 -0.091949462890625
-0.0140409469604492 -0.0129537582397461 -0.1600341796875 -0.01495361328125
0.0175952911376953 -0.0124225616455078 -0.11962890625 -0.32135009765625
0.0366973876953125 0.0142669677734375 0.155029296875 -0.48944091796875
0.0331382751464844 0.0401687622070313 0.57684326171875 -0.303466796875
0.00655746459960938 0.0351238250732422 0.75836181640625 0.40179443359375
-0.0134506225585938 -0.0422744750976563 0.357421875 0.94110107421875
0.00175857543945313 -0.0474395751953125 -0.15545654296875 0.684326171875
0.0324974060058594 -0.0470428466796875 0.131912231445312 -0.033172607421875
0.00527954101562499 -0.0633468627929688 0.0562744140624999 -0.72845458984375
-0.015533447265625 -0.0397453308105469 -0.65521240234375 -0.58868408203125
-0.00834798812866211 0.00407314300537109 -0.7940673828125 0.24676513671875
0.0137863159179688 0.0193138122558594 -0.27764892578125 0.64154052734375
0.0295791625976563 0.009521484375 0.062469482421875 0.523956298828125
0.0110769271850586 -0.008514404296875 0.211502075195313 0.1868896484375
-0.0233669281005859 -0.00979232788085937 0.189132690429688 -0.0946197509765625
-0.00880813598632813 -0.0297298431396484 -0.160308837890625 -0.01727294921875
0.0263633728027344 -0.0352706909179688 -0.117523193359375 -0.326568603515625
0.0351066589355469 -0.0166969299316406 0.14947509765625 -0.49774169921875
0.0253219604492187 0.02789306640625 0.57257080078125 -0.303955078125
-0.000366210937500004 0.0501976013183594 0.7579345703125 0.403564453125
-0.0208606719970703 -0.0241985321044922 0.3555908203125 0.946044921875
0.00767135620117187 -0.0467948913574219 -0.153076171875 0.69195556640625
0.0461387634277344 -0.0540924072265625 0.137031555175781 -0.0287399291992188
0.0104141235351563 -0.0606002807617187 0.0662841796874999 -0.72442626953125
-0.0136680603027344 -0.0213642120361328 -0.64483642578125 -0.5863037109375
-0.00684928894042969 0.0201473236083984 -0.79156494140625 0.25140380859375
0.00753021240234375 0.0182952880859375 -0.27911376953125 0.6461181640625
0.0205287933349609 -0.00912094116210937 0.058868408203125 0.5272216796875
0.00575065612792969 -0.0292701721191406 0.209915161132813 0.187774658203125
-0.0231914520263672 -0.0203323364257813 0.188522338867188 -0.088409423828125
-0.00742340087890625 -0.0361175537109375 -0.15960693359375 -0.0114593505859375
0.0282516479492187 -0.0649566650390625 -0.1246337890625 -0.323486328125
0.0291709899902344 -0.0455322265625 0.132781982421875 -0.49993896484375
0.0191669464111328 0.0199928283691406 0.56329345703125 -0.326171875
-0.00341796875 0.0640869140625 0.77838134765625 0.36700439453125
-0.0314178466796875 -0.00476264953613281 0.39215087890625 0.923095703125
0.00872802734375 -0.0424385070800781 -0.1339111328125 0.69232177734375
0.0603713989257813 -0.0613670349121094 0.131660461425781 -0.0222930908203125
0.0158348083496094 -0.0567436218261719 0.084228515625 -0.7279052734375
-0.0129718780517578 -0.00411605834960938 -0.628662109375 -0.6146240234375
-0.00587844848632812 0.0370674133300781 -0.80645751953125 0.2213134765625
0.00188636779785156 0.0184326171875 -0.30218505859375 0.63458251953125
0.00992774963378907 -0.0280666351318359 0.03936767578125 0.5269775390625
0.000244140625000002 -0.0548362731933594 0.2020263671875 0.190719604492187
-0.0223255157470703 -0.0308895111083984 0.186920166015625 -0.088714599609375
-0.00809860229492187 -0.0341739654541016 -0.163833618164063 -0.00338745117187501
0.0225143432617187 -0.0864791870117187 -0.140838623046875 -0.317138671875
0.0191650390625 -0.0640182495117188 0.112457275390625 -0.499786376953125
0.0131635665893555 0.0131330490112305 0.550689697265625 -0.36431884765625
-0.00344085693359375 0.0750350952148437 0.8048095703125 0.29888916015625
-0.0371894836425781 0.0139961242675781 0.44964599609375 0.87274169921875
0.00640487670898438 -0.0396919250488281 -0.10345458984375 0.68865966796875
0.0706787109375 -0.0648040771484375 0.117996215820312 -0.012939453125
0.02117919921875 -0.0571212768554688 0.11138916015625 -0.7333984375
-0.0136013031005859 0.00871562957763672 -0.60272216796875 -0.6693115234375
-0.00860977172851562 0.0517845153808594 -0.8262939453125 0.15606689453125
-0.00509834289550781 0.0205459594726563 -0.34210205078125 0.6103515625
0.003692626953125 -0.042510986328125 0.0125732421875 0.52178955078125
-0.00151824951171876 -0.0718994140625 0.189895629882812 0.195327758789062
-0.0209999084472656 -0.0359992980957031 0.185211181640625 -0.0907440185546875
-0.0082855224609375 -0.0349464416503906 -0.171051025390625 0.00459289550781248
0.0175399780273438 -0.097869873046875 -0.155303955078125 -0.30126953125
0.00795745849609376 -0.0762557983398438 0.091278076171875 -0.50457763671875
0.00831985473632813 0.0103139877319336 0.528228759765625 -0.4185791015625
0.00122070312500001 0.08526611328125 0.8231201171875 0.2052001953125
-0.0361442565917969 0.0300216674804688 0.5108642578125 0.80279541015625
0.00665473937988281 -0.0339927673339844 -0.06964111328125 0.68072509765625
0.078704833984375 -0.06634521484375 0.100021362304687 0.000335693359374996
0.0289077758789063 -0.054901123046875 0.1527099609375 -0.73565673828125
-0.0152578353881836 0.0165205001831055 -0.5565185546875 -0.74114990234375
-0.01324462890625 0.0590438842773437 -0.84600830078125 0.0700073242187501
-0.0114345550537109 0.0189228057861328 -0.38720703125 0.57098388671875
0.00157546997070313 -0.0550460815429688 -0.0162353515625 0.518035888671875
0.00206756591796876 -0.08697509765625 0.18218994140625 0.204193115234375
-0.0187187194824219 -0.0368003845214844 0.183364868164063 -0.0867767333984375
-0.0185260772705078 0.0144004821777344 -0.177947998046875 -0.000259399414062515
0.0225486755371094 0.0377540588378906 -0.1556396484375 -0.277069091796875
0.0552711486816406 0.0475921630859375 0.11419677734375 -0.4945068359375
0.0407905578613281 0.0358238220214844 0.546051025390625 -0.425750732421875
0.00954437255859375 0.00880050659179688 0.8067626953125 0.1947021484375
-0.0113029479980469 -0.0612258911132813 0.4923095703125 0.7877197265625
-0.00909805297851563 -0.0455513000488281 -0.0921630859375 0.66900634765625
0.0100021362304688 -0.0256481170654297 0.0868301391601563 -0.0165023803710938
0.0144729614257812 -0.0672073364257813 0.11328125 -0.7535400390625
0.00276947021484375 -0.0796661376953125 -0.594970703125 -0.74700927734375
-0.00156402587890625 -0.0219478607177734 -0.83984375 0.0755004882812499
0.0202255249023437 0.0378227233886719 -0.34442138671875 0.564697265625
0.0371284484863281 0.061309814453125 0.0435791015625 0.5194091796875
0.0204277038574219 0.0365409851074219 0.218215942382813 0.207534790039063
-0.0183944702148438 0.0148181915283203 0.1920166015625 -0.08465576171875
-0.0193233489990234 0.00852394104003907 -0.171630859375 -0.0074005126953125
0.0184040069580078 0.0297698974609375 -0.145721435546875 -0.292510986328125
0.0497398376464844 0.0477371215820313 0.131072998046875 -0.486358642578125
0.0413703918457031 0.0412254333496094 0.56207275390625 -0.37103271484375
0.0109920501708984 0.0120134353637695 0.79302978515625 0.28106689453125
-0.00841140747070312 -0.0626487731933594 0.44207763671875 0.8504638671875
-0.00658416748046875 -0.0483055114746094 -0.1156005859375 0.67474365234375
0.0137481689453125 -0.0323429107666016 0.105224609375 -0.0246963500976563
0.00806808471679688 -0.0671730041503906 0.0788574218749999 -0.74114990234375
-0.00642395019531249 -0.071868896484375 -0.63153076171875 -0.6739501953125
-0.00551033020019531 -0.0189456939697266 -0.82080078125 0.1597900390625
0.0218696594238281 0.0299148559570313 -0.308837890625 0.60205078125
0.0403556823730469 0.04815673828125 0.05950927734375 0.518218994140625
0.0211143493652344 0.0277042388916016 0.22088623046875 0.193862915039062
-0.0213298797607422 0.0100765228271484 0.192626953125 -0.09088134765625
-0.017481803894043 -0.00275516510009766 -0.165130615234375 -0.00910949707031248
0.0157985687255859 0.0122451782226563 -0.1363525390625 -0.303680419921875
0.0428962707519531 0.0365028381347656 0.1466064453125 -0.48663330078125
0.0363426208496094 0.0427207946777344 0.57098388671875 -0.33099365234375
0.0130748748779297 0.0217952728271484 0.77423095703125 0.3494873046875
-0.0073089599609375 -0.0525360107421875 0.3955078125 0.90325927734375
-0.00371551513671875 -0.0492477416992187 -0.13671875 0.679931640625
0.019805908203125 -0.0380821228027344 0.121665954589844 -0.0313186645507813
0.00612640380859375 -0.0671195983886719 0.05487060546875 -0.7313232421875
-0.0130233764648438 -0.0567703247070312 -0.65234375 -0.60797119140625
-0.0093994140625 -0.00920772552490235 -0.8006591796875 0.2244873046875
0.0189800262451172 0.0212306976318359 -0.28143310546875 0.62872314453125
0.0405120849609375 0.0282936096191406 0.0686645507812501 0.519866943359375
0.0171947479248047 0.0124101638793945 0.21673583984375 0.185501098632812
-0.0244903564453125 0.00083732604980469 0.187789916992188 -0.0959014892578125
-0.0135297775268555 -0.0133028030395508 -0.160400390625 -0.0110015869140625
0.0169706344604492 -0.012059211730957 -0.124603271484375 -0.318603515625
0.0371932983398438 0.0141754150390625 0.145233154296875 -0.49102783203125
0.0343742370605469 0.0392303466796875 0.5728759765625 -0.31219482421875
0.00897216796875 0.0341377258300781 0.76617431640625 0.3858642578125
-0.013519287109375 -0.0430030822753906 0.370849609375 0.9327392578125
0.00247955322265625 -0.046600341796875 -0.144775390625 0.6865234375
0.0316162109375 -0.0457382202148437 0.132011413574219 -0.033905029296875
0.00554656982421874 -0.0637474060058594 0.0458374023437501 -0.72576904296875
-0.0164146423339844 -0.0388336181640625 -0.661376953125 -0.576904296875
-0.00786113739013672 0.00519371032714844 -0.7879638671875 0.260498046875
0.0146541595458984 0.0190639495849609 -0.2652587890625 0.6474609375
0.03240966796875 0.00868988037109375 0.0712585449218751 0.52313232421875
0.0122480392456055 -0.00978946685791016 0.2138671875 0.183197021484375
-0.0239276885986328 -0.0094146728515625 0.188369750976563 -0.09625244140625
-0.0103778839111328 -0.0302944183349609 -0.1611328125 -0.0143890380859375
0.0248908996582031 -0.0376853942871094 -0.123687744140625 -0.32470703125
0.0337295532226563 -0.0163822174072266 0.13922119140625 -0.49957275390625
0.0274734497070313 0.0285472869873047 0.56683349609375 -0.31390380859375
0.00175857543945313 0.0495147705078125 0.76458740234375 0.3865966796875
-0.0207576751708984 -0.0238151550292969 0.371826171875 0.9376220703125
0.00626754760742187 -0.0459175109863281 -0.1431884765625 0.69281005859375
0.0450630187988281 -0.0530509948730469 0.136909484863281 -0.0302505493164063
0.00988006591796874 -0.0594711303710938 0.05596923828125 -0.7232666015625
-0.015228271484375 -0.0203590393066406 -0.6529541015625 -0.57470703125
-0.00504493713378906 0.0219154357910156 -0.78656005859375 0.2655029296875
0.00860404968261719 0.0181980133056641 -0.2672119140625 0.649658203125
0.0217533111572266 -0.0111312866210938 0.066741943359375 0.525360107421875
0.005096435546875 -0.0308914184570312 0.214599609375 0.185089111328125
-0.0233612060546875 -0.019256591796875 0.186386108398438 -0.090911865234375
-0.00732231140136719 -0.0330257415771484 -0.160049438476562 -0.00872802734375
0.0265121459960938 -0.0652885437011719 -0.13153076171875 -0.32171630859375
0.0277671813964844 -0.0459175109863281 0.1240234375 -0.501678466796875
0.0206069946289063 0.0186557769775391 0.558135986328125 -0.33575439453125
-0.002899169921875 0.0633125305175781 0.7835693359375 0.35321044921875
-0.0308761596679687 -0.00585174560546875 0.40576171875 0.91326904296875
0.00750732421875 -0.0430450439453125 -0.12158203125 0.69317626953125
0.0585746765136719 -0.0598907470703125 0.131088256835937 -0.0235519409179688
0.014495849609375 -0.0564918518066406 0.0743408203124999 -0.72686767578125
-0.0138101577758789 -0.00386238098144531 -0.638671875 -0.604248046875
-0.0037841796875 0.0370216369628906 -0.79925537109375 0.23431396484375
0.00144386291503906 0.0202503204345703 -0.29180908203125 0.64129638671875
0.0103931427001953 -0.0282859802246094 0.049285888671875 0.524688720703125
0.000637054443359374 -0.0538330078125 0.204544067382813 0.1878662109375
-0.0230388641357422 -0.0294589996337891 0.18438720703125 -0.091064453125
-0.00944709777832031 -0.0335178375244141 -0.163314819335938 -0.00117492675781253
0.0208816528320312 -0.0876998901367188 -0.148101806640625 -0.31182861328125
0.0183258056640625 -0.0640182495117188 0.105010986328125 -0.501373291015625
0.0141153335571289 0.0119771957397461 0.543670654296875 -0.37481689453125
-0.00173187255859374 0.0741806030273437 0.807861328125 0.2841796875
-0.0363388061523438 0.0128440856933594 0.46441650390625 0.8604736328125
0.00544357299804688 -0.0378265380859375 -0.09466552734375 0.689697265625
0.0689277648925781 -0.06488037109375 0.116828918457031 -0.0138092041015625
0.0196571350097656 -0.0567359924316406 0.099853515625 -0.73199462890625
-0.0140132904052734 0.00876426696777344 -0.614013671875 -0.65765380859375
-0.00689697265625 0.0506477355957031 -0.82220458984375 0.1719970703125
-0.005584716796875 0.0212001800537109 -0.33172607421875 0.6153564453125
0.00271224975585937 -0.0434303283691406 0.02069091796875 0.522308349609375
-0.00316619873046875 -0.0743789672851563 0.191787719726563 0.1927490234375
-0.0227622985839844 -0.0338134765625 0.18182373046875 -0.09185791015625
-0.00830268859863281 -0.0337028503417969 -0.168701171875 0.00807189941406247
0.016937255859375 -0.0981521606445312 -0.160980224609375 -0.29736328125
0.00657653808593751 -0.0747528076171875 0.082611083984375 -0.5059814453125
0.00753116607666016 0.0104284286499023 0.519500732421875 -0.4276123046875
0.00162506103515624 0.084259033203125 0.8250732421875 0.19091796875
-0.035797119140625 0.0303268432617187 0.52301025390625 0.78948974609375
0.00595283508300781 -0.03485107421875 -0.0595703125 0.681640625
0.0772552490234375 -0.066680908203125 0.0988998413085938 -0.000328063964843754
0.0282440185546875 -0.0557098388671875 0.14202880859375 -0.7352294921875
-0.0142059326171875 0.0147676467895508 -0.56451416015625 -0.72943115234375
-0.0109901428222656 0.0589866638183594 -0.84307861328125 0.08404541015625
-0.0108757019042969 0.02099609375 -0.37548828125 0.57568359375
0.00162887573242188 -0.0542449951171875 -0.007904052734375 0.516632080078125
0.00213623046875001 -0.087249755859375 0.185440063476563 0.202224731445313
-0.0183906555175781 -0.0362205505371094 0.182937622070313 -0.0897064208984375
-0.0179843902587891 0.0158958435058594 -0.17657470703125 0.00289916992187502
0.0251579284667969 0.037567138671875 -0.160858154296875 -0.273880004882813
0.0563087463378906 0.0464248657226563 0.106658935546875 -0.497283935546875
0.0426483154296875 0.0361976623535156 0.5372314453125 -0.435943603515625
0.00909423828125 0.00746822357177734 0.80859375 0.1793212890625
-0.013336181640625 -0.06317138671875 0.50274658203125 0.77642822265625
-0.0101509094238281 -0.0446548461914063 -0.08062744140625 0.66583251953125
0.00899696350097656 -0.0251617431640625 0.0865402221679688 -0.017059326171875
0.013214111328125 -0.066192626953125 0.10205078125 -0.751708984375
0.001983642578125 -0.0779190063476562 -0.60382080078125 -0.7342529296875
-0.00165176391601563 -0.02191162109375 -0.8348388671875 0.08935546875
0.0204544067382813 0.0380439758300781 -0.331787109375 0.5679931640625
0.03839111328125 0.0606193542480469 0.053955078125 0.517181396484375
0.0207328796386719 0.0369110107421875 0.221359252929688 0.203369140625
-0.0195503234863281 0.0153770446777344 0.18951416015625 -0.087615966796875
-0.0185718536376953 0.0109672546386719 -0.171051025390625 -0.00225830078124998
0.0195732116699219 0.0279464721679687 -0.15093994140625 -0.28741455078125
0.0490379333496094 0.0460433959960937 0.12188720703125 -0.487945556640625
0.0426673889160156 0.0410346984863281 0.5560302734375 -0.3800048828125
0.0127649307250977 0.0118093490600586 0.79742431640625 0.26580810546875
-0.00995254516601563 -0.0633049011230469 0.45306396484375 0.838623046875
-0.00737762451171875 -0.0479736328125 -0.10565185546875 0.6727294921875
0.0116977691650391 -0.0302791595458984 0.102912902832031 -0.0255584716796875
0.00659561157226562 -0.0672874450683594 0.0675048828125001 -0.73779296875
-0.00882720947265625 -0.0716552734375 -0.6396484375 -0.65753173828125
-0.0054779052734375 -0.0196952819824219 -0.81500244140625 0.1727294921875
0.0213813781738281 0.029144287109375 -0.29803466796875 0.602294921875
0.0423545837402344 0.0482444763183594 0.069366455078125 0.515716552734375
0.02178955078125 0.0269756317138672 0.224044799804688 0.189437866210938
-0.0202884674072266 0.0115585327148437 0.190444946289063 -0.0936126708984375
-0.0179195404052734 -0.00255203247070313 -0.166824340820312 -0.00744628906249998
0.0152978897094727 0.0111989974975586 -0.140106201171875 -0.3016357421875
0.0425453186035156 0.0364036560058594 0.13812255859375 -0.487396240234375
0.0385856628417969 0.0430030822753906 0.56298828125 -0.34130859375
0.0129108428955078 0.0209369659423828 0.77679443359375 0.33477783203125
-0.00870895385742188 -0.0524711608886719 0.4088134765625 0.8912353515625
-0.0050811767578125 -0.0480422973632813 -0.12603759765625 0.67926025390625
0.0192718505859375 -0.0380744934082031 0.119979858398438 -0.0328598022460938
0.002288818359375 -0.0671806335449219 0.0463867187500001 -0.72991943359375
-0.0152473449707031 -0.0570144653320313 -0.65838623046875 -0.5965576171875
-0.00675582885742188 -0.0079507827758789 -0.79302978515625 0.2379150390625
0.0182342529296875 0.0224246978759766 -0.26666259765625 0.6314697265625
0.0408172607421875 0.0269203186035156 0.077880859375 0.5164794921875
0.0172052383422852 0.0131492614746094 0.22015380859375 0.183059692382812
-0.0218563079833984 0.00110816955566406 0.186691284179688 -0.0978546142578125
-0.0135946273803711 -0.0134735107421875 -0.161270141601563 -0.008331298828125
0.0162811279296875 -0.0129051208496094 -0.13031005859375 -0.315277099609375
0.0378684997558594 0.0150604248046875 0.13751220703125 -0.493011474609375
0.0347175598144531 0.0382194519042969 0.56378173828125 -0.323486328125
0.00738525390625 0.0348491668701172 0.77142333984375 0.371826171875
-0.0143203735351563 -0.0427513122558594 0.3853759765625 0.9208984375
5.72204589843736E-05 -0.0477333068847656 -0.13482666015625 0.68463134765625
0.0300979614257813 -0.0453147888183594 0.130012512207031 -0.0352554321289063
0.00410079956054687 -0.0623855590820313 0.033935546875 -0.72216796875
-0.0164756774902344 -0.0394973754882812 -0.66571044921875 -0.5621337890625
-0.00730133056640625 0.00534868240356445 -0.78094482421875 0.272216796875
0.0146064758300781 0.0186405181884766 -0.251220703125 0.64788818359375
0.0312156677246094 0.00919342041015625 0.081024169921875 0.518890380859375
0.0116291046142578 -0.00911140441894531 0.216873168945312 0.178482055664063
-0.0232486724853516 -0.00784873962402344 0.18505859375 -0.099700927734375
-0.0103645324707031 -0.0285072326660156 -0.159210205078125 -0.01190185546875
0.0233726501464844 -0.0372161865234375 -0.128387451171875 -0.3223876953125
0.0341796875 -0.018341064453125 0.1302490234375 -0.5009765625
0.0276069641113281 0.0283489227294922 0.560516357421875 -0.321258544921875
0.00311660766601562 0.0489311218261719 0.77056884765625 0.3721923828125
-0.0215225219726562 -0.0249786376953125 0.3858642578125 0.9278564453125
0.00511550903320313 -0.044769287109375 -0.130615234375 0.69073486328125
0.0437240600585938 -0.0532608032226563 0.134864807128906 -0.0323410034179687
0.00794219970703125 -0.0587844848632813 0.04522705078125 -0.7208251953125
-0.0150585174560547 -0.0217533111572266 -0.65753173828125 -0.5594482421875
-0.0054931640625 0.0214500427246094 -0.7786865234375 0.27801513671875
0.00892448425292969 0.0178794860839844 -0.25238037109375 0.65301513671875
0.0212841033935547 -0.0119991302490234 0.076812744140625 0.520751953125
0.00493240356445313 -0.0301418304443359 0.216690063476562 0.1820068359375
-0.0236301422119141 -0.0169467926025391 0.18353271484375 -0.09405517578125
-0.00876235961914063 -0.0329265594482422 -0.16064453125 -0.00723266601562497
0.0238609313964844 -0.0656051635742188 -0.13726806640625 -0.319549560546875
0.0268173217773437 -0.0469398498535156 0.11456298828125 -0.504058837890625
0.0209560394287109 0.0185394287109375 0.549285888671875 -0.345672607421875
-0.00102996826171875 0.0623054504394531 0.78466796875 0.33612060546875
-0.030426025390625 -0.00525283813476562 0.42059326171875 0.900146484375
0.00545501708984375 -0.0410957336425781 -0.11260986328125 0.69140625
0.0580215454101563 -0.0590438842773438 0.130081176757813 -0.0257034301757813
0.0133857727050781 -0.0585174560546875 0.0639038085937501 -0.72442626953125
-0.0132513046264648 -0.00362968444824219 -0.64501953125 -0.592041015625
-0.00481414794921875 0.037445068359375 -0.79278564453125 0.2469482421875
0.00215530395507813 0.0204010009765625 -0.27728271484375 0.64453125
0.0100917816162109 -0.0297775268554688 0.058563232421875 0.52313232421875
-0.000495910644531252 -0.0543060302734375 0.208663940429688 0.185333251953125
-0.0225543975830078 -0.0279426574707031 0.182846069335937 -0.0933990478515625
-0.00952529907226562 -0.0339202880859375 -0.163345336914062 0.00132751464843751
0.0193710327148438 -0.0871124267578125 -0.152191162109375 -0.31011962890625
0.0186347961425781 -0.0651359558105469 0.09490966796875 -0.503204345703125
0.0138568878173828 0.0135231018066406 0.53668212890625 -0.38482666015625
0.000144958496093753 0.0744857788085938 0.81134033203125 0.26806640625
-0.0353851318359375 0.0131492614746094 0.4775390625 0.84912109375
0.00534820556640625 -0.0385780334472656 -0.0811767578125 0.6868896484375
0.0688400268554688 -0.0645751953125 0.117332458496094 -0.0156707763671875
0.0193252563476563 -0.0561637878417969 0.0872192382812501 -0.7288818359375
-0.0136880874633789 0.00863361358642578 -0.619140625 -0.64349365234375
-0.0055084228515625 0.0512733459472656 -0.8155517578125 0.18603515625
-0.00424957275390625 0.0222911834716797 -0.31866455078125 0.61895751953125
0.00111770629882813 -0.0437126159667969 0.030731201171875 0.520782470703125
-0.00328063964843749 -0.074005126953125 0.195480346679688 0.189712524414063
-0.0218486785888672 -0.0349636077880859 0.181793212890625 -0.0947418212890625
-0.00833320617675781 -0.0346641540527344 -0.168853759765625 0.0112152099609375
0.01385498046875 -0.0985565185546875 -0.16680908203125 -0.294158935546875
0.00531005859374999 -0.0747756958007813 0.072723388671875 -0.50537109375
0.00917911529541016 0.0107898712158203 0.51434326171875 -0.4349365234375
0.0035858154296875 0.0834197998046875 0.82464599609375 0.17376708984375
-0.0346145629882813 0.0289897918701172 0.5343017578125 0.7774658203125
0.00366401672363281 -0.0331916809082031 -0.0489501953125 0.67852783203125
0.0749740600585938 -0.0670318603515625 0.0976943969726563 -0.0016632080078125
0.027496337890625 -0.05487060546875 0.1300048828125 -0.73358154296875
-0.0150203704833984 0.0156631469726563 -0.57586669921875 -0.716796875
-0.0101585388183594 0.0601577758789063 -0.83807373046875 0.0980834960937501
-0.0101833343505859 0.0211887359619141 -0.364013671875 0.57958984375
-0.000167846679687497 -0.0569610595703125 0.00262451171874995 0.5157470703125
0.0012969970703125 -0.0865554809570313 0.189300537109375 0.201324462890625
-0.01654052734375 -0.0357933044433594 0.178848266601563 -0.0903167724609375
-0.0164890289306641 0.0175065994262695 -0.176712036132812 0.00588989257812499
0.0240707397460938 0.0377044677734375 -0.1650390625 -0.269302368164063
0.0558013916015625 0.0470962524414062 0.097991943359375 -0.494964599609375
0.0444374084472656 0.0337638854980469 0.529022216796875 -0.443206787109375
0.00932407379150391 0.00759983062744141 0.8067626953125 0.16619873046875
-0.0136375427246094 -0.0630111694335937 0.51129150390625 0.76104736328125
-0.0122299194335938 -0.0422325134277344 -0.0733642578125 0.6624755859375
0.00720596313476562 -0.0241432189941406 0.0856475830078125 -0.0171585083007813
0.0123062133789062 -0.0662002563476563 0.09185791015625 -0.74615478515625
0.000427246093749998 -0.0783615112304687 -0.60955810546875 -0.72003173828125
-0.00204277038574219 -0.0221042633056641 -0.8292236328125 0.103515625
0.0213127136230469 0.0368728637695313 -0.32220458984375 0.57025146484375
0.0385169982910156 0.0603523254394531 0.059844970703125 0.51470947265625
0.0210151672363281 0.0369377136230469 0.224502563476563 0.199569702148437
-0.0195293426513672 0.0175991058349609 0.188644409179688 -0.09002685546875
-0.0181102752685547 0.00959014892578125 -0.172332763671875 -0.00205993652343748
0.0188350677490234 0.0293540954589844 -0.15557861328125 -0.284423828125
0.0493698120117188 0.0471649169921875 0.1143798828125 -0.488616943359375
0.0441055297851563 0.039642333984375 0.548065185546875 -0.38861083984375
0.0136041641235352 0.0109376907348633 0.7965087890625 0.2508544921875
-0.0110397338867187 -0.0654258728027344 0.4644775390625 0.8253173828125
-0.00799942016601562 -0.0457267761230469 -0.09649658203125 0.671142578125
0.0106487274169922 -0.0310573577880859 0.10430908203125 -0.0259552001953125
0.00524139404296876 -0.0669670104980469 0.05718994140625 -0.734130859375
-0.0108718872070313 -0.071441650390625 -0.6417236328125 -0.64501953125
-0.00646591186523437 -0.0190296173095703 -0.80548095703125 0.1849365234375
0.0222454071044922 0.0286197662353516 -0.28631591796875 0.6075439453125
0.0419197082519531 0.0470695495605469 0.07574462890625 0.511505126953125
0.0209217071533203 0.0278644561767578 0.224700927734375 0.185440063476563
-0.0225028991699219 0.0120601654052734 0.187423706054688 -0.095001220703125
-0.0185279846191406 -0.002655029296875 -0.166702270507813 -0.00482177734375
0.0131063461303711 0.0124931335449219 -0.142578125 -0.29705810546875
0.0428466796875 0.0363273620605469 0.13079833984375 -0.48846435546875
0.04119873046875 0.0427818298339844 0.5567626953125 -0.35064697265625
0.0130367279052734 0.0202255249023438 0.77972412109375 0.32061767578125
-0.00954055786132813 -0.0542793273925781 0.4195556640625 0.8785400390625
-0.00642776489257813 -0.0461616516113281 -0.117919921875 0.67694091796875
0.016571044921875 -0.0373420715332031 0.118453979492188 -0.0327606201171875
0.00292587280273438 -0.0668983459472656 0.0380859375 -0.721923828125
-0.014556884765625 -0.0560111999511719 -0.6646728515625 -0.583984375
-0.00899982452392578 -0.008819580078125 -0.7838134765625 0.24713134765625
0.0197410583496094 0.0211238861083984 -0.2564697265625 0.63226318359375
0.0421867370605469 0.0260772705078125 0.085235595703125 0.51239013671875
0.0168209075927734 0.0115547180175781 0.220626831054688 0.178619384765625
-0.0232219696044922 0.00340270996093751 0.183944702148438 -0.0982666015625
-0.0152416229248047 -0.0131072998046875 -0.16021728515625 -0.00767517089843747
0.01507568359375 -0.0127220153808594 -0.133514404296875 -0.311309814453125
0.0384521484375 0.0134544372558594 0.12896728515625 -0.49468994140625
0.0363922119140625 0.0360832214355469 0.556732177734375 -0.330169677734375
0.00975418090820313 0.0320949554443359 0.7716064453125 0.35552978515625
-0.0157699584960937 -0.0432357788085938 0.39556884765625 0.9107666015625
-0.00100326538085937 -0.0466651916503906 -0.124267578125 0.6839599609375
0.0276412963867188 -0.0449867248535156 0.128471374511719 -0.0370559692382812
0.00283050537109375 -0.0627861022949219 0.0248413085937499 -0.71917724609375
-0.0180816650390625 -0.0391616821289063 -0.6719970703125 -0.55029296875
-0.00742769241333008 0.00454044342041016 -0.7701416015625 0.28411865234375
0.0143680572509766 0.0178871154785156 -0.23919677734375 0.647705078125
0.0313854217529297 0.00920295715332031 0.089569091796875 0.514984130859375
0.00996685028076172 -0.0101022720336914 0.21734619140625 0.175567626953125
-0.0236549377441406 -0.0070953369140625 0.182891845703125 -0.10162353515625
-0.0123558044433594 -0.0279541015625 -0.159637451171875 -0.00942993164062498
0.023162841796875 -0.0362510681152344 -0.13323974609375 -0.316375732421875
0.0321941375732422 -0.0173740386962891 0.122467041015625 -0.503082275390625
0.0284976959228516 0.0284099578857422 0.552032470703125 -0.33099365234375
0.0044097900390625 0.0469207763671875 0.7735595703125 0.35577392578125
-0.0211658477783203 -0.0240802764892578 0.39715576171875 0.9144287109375
0.00417709350585938 -0.0430221557617188 -0.121826171875 0.68768310546875
0.042694091796875 -0.0519218444824219 0.13360595703125 -0.03497314453125
0.0073699951171875 -0.0593795776367187 0.03619384765625 -0.71514892578125
-0.0166282653808594 -0.0195446014404297 -0.66217041015625 -0.5462646484375
-0.00571632385253906 0.0227489471435547 -0.76837158203125 0.28851318359375
0.00845527648925781 0.0180130004882812 -0.2412109375 0.6541748046875
0.0208797454833984 -0.0112686157226563 0.083770751953125 0.517913818359375
0.00405693054199218 -0.0306243896484375 0.2183837890625 0.179367065429687
-0.0240077972412109 -0.0167522430419922 0.180831909179687 -0.094757080078125
-0.00983047485351563 -0.0331516265869141 -0.160186767578125 -0.00338745117187499
0.0237770080566406 -0.0655746459960938 -0.141937255859375 -0.314544677734375
0.0268096923828125 -0.0466079711914062 0.10565185546875 -0.50518798828125
0.0208225250244141 0.0171222686767578 0.542633056640625 -0.354034423828125
0.00180816650390625 0.0610733032226563 0.789306640625 0.3214111328125
-0.0293445587158203 -0.00643920898437499 0.43243408203125 0.89117431640625
0.00511550903320313 -0.0399703979492188 -0.1016845703125 0.68853759765625
0.0557823181152344 -0.0595245361328125 0.129814147949219 -0.0265045166015625
0.0122947692871094 -0.05743408203125 0.05462646484375 -0.7197265625
-0.0135793685913086 -0.00312614440917969 -0.64886474609375 -0.57659912109375
-0.00300979614257812 0.0372772216796875 -0.7830810546875 0.25762939453125
0.00211715698242188 0.019989013671875 -0.2664794921875 0.64495849609375
0.00977134704589844 -0.0287132263183594 0.067474365234375 0.5191650390625
-0.000923156738281246 -0.0531730651855469 0.209671020507813 0.18084716796875
-0.0219669342041016 -0.0271549224853516 0.18011474609375 -0.0952606201171875
-0.00836181640625 -0.0331172943115234 -0.163040161132812 0.0043792724609375
0.017242431640625 -0.0866012573242187 -0.15606689453125 -0.306427001953125
0.0143775939941406 -0.0651512145996094 0.085693359375 -0.5029296875
0.015894889831543 0.0117473602294922 0.528076171875 -0.392181396484375
0.00196075439453124 0.0713653564453125 0.81060791015625 0.25006103515625
-0.0350894927978516 0.0129947662353516 0.48748779296875 0.8333740234375
0.00370025634765625 -0.0372085571289062 -0.0730590820312501 0.68359375
0.0667686462402344 -0.0642204284667969 0.115753173828125 -0.016143798828125
0.0188484191894531 -0.0562896728515625 0.0780639648437499 -0.7249755859375
-0.0138874053955078 0.00877952575683594 -0.62420654296875 -0.629150390625
-0.00457382202148437 0.0509605407714844 -0.8062744140625 0.1976318359375
-0.00391197204589844 0.0220546722412109 -0.3079833984375 0.62164306640625
0.000991821289062498 -0.0433845520019531 0.038177490234375 0.518035888671875
-0.0041656494140625 -0.0726165771484375 0.196365356445313 0.187789916992188
-0.0209598541259766 -0.0343360900878906 0.17877197265625 -0.096527099609375
-0.00892829895019531 -0.0326900482177734 -0.170150756835938 0.0118255615234375
0.0122756958007813 -0.0978546142578125 -0.16986083984375 -0.28955078125
0.0041351318359375 -0.0758285522460938 0.0636596679687499 -0.505584716796875
0.00892353057861328 0.0104255676269531 0.50396728515625 -0.442718505859375
0.00553131103515624 0.0818634033203125 0.823486328125 0.1590576171875
-0.0328311920166016 0.0284996032714844 0.5440673828125 0.7626953125
0.00247001647949219 -0.0314426422119141 -0.0405883789062501 0.6759033203125
0.0758056640625 -0.0661697387695313 0.0975723266601563 -0.004364013671875
0.0259971618652344 -0.0546989440917969 0.12286376953125 -0.7301025390625
-0.0141000747680664 0.0153408050537109 -0.58282470703125 -0.70379638671875
-0.00938415527343751 0.0603523254394531 -0.82940673828125 0.11163330078125
-0.0107250213623047 0.0217609405517578 -0.35333251953125 0.58258056640625
-0.000247955322265629 -0.0558929443359375 0.0102539062499999 0.516571044921875
-0.000480651855468751 -0.0874099731445313 0.1898193359375 0.19830322265625
-0.0196170806884766 -0.0344734191894531 0.177947998046875 -0.0930633544921875
-0.016754150390625 0.0179958343505859 -0.176162719726563 0.00759887695312503
0.0238227844238281 0.0369796752929687 -0.168533325195313 -0.263580322265625
0.0555801391601563 0.0449066162109375 0.0908203125 -0.49285888671875
0.0425529479980469 0.0339317321777344 0.519256591796875 -0.449462890625
0.0101356506347656 0.00636386871337891 0.80401611328125 0.14996337890625
-0.0158958435058594 -0.06292724609375 0.51885986328125 0.7469482421875
-0.0132408142089844 -0.0416831970214844 -0.06341552734375 0.65875244140625
0.00652313232421875 -0.0231475830078125 0.084136962890625 -0.0185699462890625
0.00898361206054688 -0.0647125244140625 0.08087158203125 -0.74151611328125
-0.000350952148437503 -0.0780792236328125 -0.6141357421875 -0.70489501953125
-0.00312614440917969 -0.0225353240966797 -0.82110595703125 0.1162109375
0.0227737426757813 0.0376625061035156 -0.312255859375 0.5714111328125
0.0393180847167969 0.0595436096191406 0.0680847167968751 0.508270263671875
0.0197601318359375 0.0368576049804687 0.2252197265625 0.194427490234375
-0.0205154418945313 0.0179462432861328 0.184234619140625 -0.0915985107421875
-0.0175952911376953 0.0108528137207031 -0.170822143554688 0.00190734863281249
0.0182094573974609 0.0308990478515625 -0.15960693359375 -0.279327392578125
0.0501289367675781 0.0466537475585938 0.107025146484375 -0.486297607421875
0.0441856384277344 0.0374374389648438 0.53955078125 -0.3953857421875
0.0143222808837891 0.009033203125 0.79425048828125 0.2353515625
-0.00960159301757812 -0.0643653869628906 0.47314453125 0.8094482421875
-0.0112953186035156 -0.045166015625 -0.0863037109375 0.66534423828125
0.00954437255859375 -0.0294513702392578 0.102005004882812 -0.026458740234375
0.00415420532226562 -0.0658531188964844 0.04937744140625 -0.72784423828125
-0.0116424560546875 -0.070953369140625 -0.64825439453125 -0.62841796875
-0.00533485412597656 -0.0187873840332031 -0.7967529296875 0.1962890625
0.0223712921142578 0.0281600952148437 -0.27520751953125 0.60595703125
0.0443191528320312 0.044586181640625 0.085479736328125 0.50640869140625
0.0215702056884766 0.0261020660400391 0.227157592773438 0.18157958984375
-0.0215053558349609 0.0129203796386719 0.1856689453125 -0.0972442626953125
-0.0174827575683594 -0.000709533691406252 -0.166305541992188 -0.00114440917968749
0.0126619338989258 0.0124750137329102 -0.146759033203125 -0.29180908203125
0.0424308776855469 0.0359535217285156 0.12255859375 -0.48876953125
0.0410995483398438 0.0417594909667969 0.54937744140625 -0.355438232421875
0.0135765075683594 0.0178947448730469 0.7799072265625 0.3043212890625
-0.0111961364746094 -0.0562324523925781 0.42767333984375 0.86639404296875
-0.00502777099609375 -0.0445022583007813 -0.10919189453125 0.67291259765625
0.0157928466796875 -0.0364418029785156 0.1163330078125 -0.0348739624023438
0.0023193359375 -0.0649681091308594 0.028076171875 -0.7177734375
-0.0176353454589844 -0.0555076599121094 -0.665283203125 -0.5692138671875
-0.00846481323242188 -0.00847196578979492 -0.773193359375 0.25701904296875
0.0189704895019531 0.0213165283203125 -0.2442626953125 0.6326904296875
0.0420303344726563 0.0267219543457031 0.092010498046875 0.507720947265625
0.0164356231689453 0.0119266510009766 0.221954345703125 0.174896240234375
-0.0237712860107422 0.00488853454589844 0.18048095703125 -0.102096557617187
-0.0141754150390625 -0.0117092132568359 -0.159805297851562 -0.005401611328125
0.015411376953125 -0.0122737884521484 -0.138275146484375 -0.307373046875
0.0381126403808594 0.0131797790527344 0.121734619140625 -0.493316650390625
0.0374374389648437 0.0367393493652344 0.5489501953125 -0.337890625
0.0105247497558594 0.0313491821289063 0.77227783203125 0.33941650390625
-0.0144729614257813 -0.0428543090820313 0.40655517578125 0.8958740234375
-0.00250625610351563 -0.0448455810546875 -0.11785888671875 0.67950439453125
0.0275459289550781 -0.0440902709960938 0.128303527832031 -0.038421630859375
0.00212860107421875 -0.0606117248535156 0.0184936523437499 -0.7120361328125
-0.0182533264160156 -0.0376815795898438 -0.671875 -0.53558349609375
-0.00774240493774414 0.00424909591674805 -0.76043701171875 0.2930908203125
0.0147514343261719 0.0196590423583984 -0.2283935546875 0.64678955078125
0.0331954956054688 0.00653457641601563 0.097442626953125 0.510345458984375
0.0104646682739258 -0.00838470458984375 0.221237182617188 0.17236328125
-0.0246334075927734 -0.00575447082519532 0.179901123046875 -0.102081298828125
-0.0110111236572266 -0.0268707275390625 -0.160415649414063 -0.00775146484375002
0.0205192565917969 -0.0363807678222656 -0.136383056640625 -0.313751220703125
0.0321769714355469 -0.0184516906738281 0.11431884765625 -0.502197265625
0.0301361083984375 0.0266437530517578 0.5443115234375 -0.337677001953125
0.00467681884765625 0.0470619201660156 0.7742919921875 0.34234619140625
-0.0220584869384766 -0.0263557434082031 0.40692138671875 0.900390625
0.00336456298828125 -0.0418739318847656 -0.111083984375 0.68341064453125
0.0416603088378906 -0.0517807006835938 0.1329345703125 -0.0336456298828125
0.00629425048828124 -0.0600509643554688 0.0278320312500001 -0.7100830078125
-0.0165004730224609 -0.0198383331298828 -0.6624755859375 -0.53411865234375
-0.00442886352539063 0.0211830139160156 -0.7568359375 0.298095703125
0.00889396667480469 0.0178737640380859 -0.2318115234375 0.64984130859375
0.0198822021484375 -0.0120773315429688 0.09149169921875 0.5142822265625
0.00249671936035156 -0.0294532775878906 0.219009399414063 0.174362182617188
-0.0245113372802734 -0.0162067413330078 0.179550170898438 -0.0981292724609375
-0.00936126708984375 -0.0331859588623047 -0.15887451171875 -0.00187683105468751
0.0218276977539063 -0.0651016235351563 -0.144500732421875 -0.310699462890625
0.0245208740234375 -0.0467529296875 0.0986328125 -0.50323486328125
0.022125244140625 0.0162143707275391 0.535064697265625 -0.359466552734375
0.00191879272460937 0.0599288940429687 0.7889404296875 0.30584716796875
-0.0301761627197266 -0.00625038146972657 0.4422607421875 0.87652587890625
0.0056304931640625 -0.0396957397460938 -0.0924072265624999 0.6849365234375
0.0556411743164063 -0.058319091796875 0.127861022949219 -0.0289382934570313
0.0109024047851562 -0.0564994812011719 0.0433959960937501 -0.7137451171875
-0.0137004852294922 -0.0041799545288086 -0.65185546875 -0.5635986328125
-0.00217056274414062 0.037261962890625 -0.77197265625 0.26947021484375
0.00312995910644531 0.0202159881591797 -0.25482177734375 0.64398193359375
0.00894737243652344 -0.0294513702392578 0.07305908203125 0.514984130859375
-0.00262832641601562 -0.053375244140625 0.21063232421875 0.177947998046875
-0.0219516754150391 -0.0258560180664062 0.178375244140625 -0.0969390869140625
-0.0106830596923828 -0.0312328338623047 -0.160842895507812 0.00640869140625003
0.0160598754882812 -0.0866928100585937 -0.16033935546875 -0.3011474609375
0.0144577026367188 -0.0654220581054688 0.07757568359375 -0.5029296875
0.0169601440429688 0.0117473602294922 0.5186767578125 -0.39727783203125
0.00203704833984375 0.0701637268066406 0.80963134765625 0.236083984375
-0.0357246398925781 0.0122833251953125 0.49505615234375 0.82275390625
0.00434112548828125 -0.0380821228027344 -0.06298828125 0.677978515625
0.0650672912597656 -0.0636405944824219 0.113410949707031 -0.0180130004882813
0.0172805786132813 -0.0556297302246094 0.071533203125 -0.72076416015625
-0.013340950012207 0.00981712341308594 -0.625732421875 -0.6168212890625
-0.0037994384765625 0.0512008666992188 -0.79730224609375 0.210693359375
-0.00257110595703125 0.0206718444824219 -0.2962646484375 0.61907958984375
0.000888824462890625 -0.0434150695800781 0.044525146484375 0.514617919921875
-0.00458526611328124 -0.0728378295898438 0.19903564453125 0.18475341796875
-0.0216922760009766 -0.0312652587890625 0.175399780273438 -0.0980987548828125
-0.00982093811035156 -0.0321216583251953 -0.168258666992187 0.0152435302734375
0.0108871459960937 -0.0956344604492188 -0.175262451171875 -0.285003662109375
0.00286102294921874 -0.0749130249023438 0.055572509765625 -0.505401611328125
0.009552001953125 0.00871562957763672 0.494598388671875 -0.44873046875
0.0078582763671875 0.079254150390625 0.82269287109375 0.14495849609375
-0.0322265625 0.0279273986816406 0.54852294921875 0.748291015625
0.00376701354980469 -0.0305690765380859 -0.0335693359375 0.66925048828125
0.0716781616210938 -0.0655288696289063 0.0958633422851563 -0.00176239013671875
0.0239181518554688 -0.0555381774902344 0.1121826171875 -0.725830078125
-0.0141162872314453 0.0159034729003906 -0.58551025390625 -0.69000244140625
-0.00751495361328125 0.06097412109375 -0.8240966796875 0.12359619140625
-0.00965118408203125 0.0216960906982422 -0.34283447265625 0.581787109375
-0.001983642578125 -0.0550422668457031 0.0180664062500001 0.50982666015625
-0.001953125 -0.0864486694335938 0.192108154296875 0.1934814453125
-0.0182571411132813 -0.0328369140625 0.17486572265625 -0.0930938720703125
-0.0162944793701172 0.0182151794433594 -0.1749267578125 0.0104827880859375
0.0225715637207031 0.0372962951660156 -0.168701171875 -0.259536743164063
0.0572586059570312 0.0445327758789062 0.083404541015625 -0.493133544921875
0.0433158874511719 0.0330696105957031 0.508270263671875 -0.45452880859375
0.0102338790893555 0.00642681121826172 0.8006591796875 0.13739013671875
-0.0157318115234375 -0.0632514953613281 0.52227783203125 0.73211669921875
-0.0144386291503906 -0.039520263671875 -0.05523681640625 0.65252685546875
0.00608634948730469 -0.0229911804199219 0.0825881958007813 -0.0187911987304688
0.0087890625 -0.0648765563964844 0.07257080078125 -0.73504638671875
-0.003082275390625 -0.0768585205078125 -0.616943359375 -0.6904296875
-0.00247383117675781 -0.0219573974609375 -0.8126220703125 0.12493896484375
0.02496337890625 0.0368080139160156 -0.30157470703125 0.57037353515625
0.0419654846191406 0.0579757690429688 0.075592041015625 0.5030517578125
0.0210075378417969 0.03546142578125 0.22705078125 0.191253662109375
-0.0191555023193359 0.0182952880859375 0.183853149414062 -0.0937652587890625
-0.0163774490356445 0.0108976364135742 -0.170379638671875 0.00360107421875
0.0166378021240234 0.0290508270263672 -0.160614013671875 -0.275527954101563
0.0508155822753906 0.042938232421875 0.09857177734375 -0.48614501953125
0.045379638671875 0.0380783081054688 0.5294189453125 -0.400543212890625
0.0136184692382812 0.00887775421142578 0.7921142578125 0.2222900390625
-0.0134849548339844 -0.0640525817871094 0.47503662109375 0.7952880859375
-0.0106124877929687 -0.0439071655273438 -0.08038330078125 0.6607666015625
0.00919532775878906 -0.0277481079101563 0.100212097167969 -0.0263442993164063
0.00321197509765626 -0.0658302307128906 0.04132080078125 -0.72100830078125
-0.011016845703125 -0.07122802734375 -0.65045166015625 -0.6134033203125
-0.00532341003417969 -0.0195064544677734 -0.786865234375 0.206298828125
0.0242328643798828 0.0278759002685547 -0.263916015625 0.60479736328125
0.0442771911621094 0.0448112487792969 0.08978271484375 0.50213623046875
0.0212821960449219 0.0278167724609375 0.226516723632813 0.177032470703125
-0.0219821929931641 0.0130558013916016 0.182815551757813 -0.0984649658203125
-0.0182552337646484 -0.00052642822265625 -0.163909912109375 -0.00093078613281251
0.0138082504272461 0.0123510360717773 -0.14947509765625 -0.287567138671875
0.0417404174804687 0.0353431701660156 0.11419677734375 -0.487060546875
0.0412521362304688 0.0410232543945313 0.54083251953125 -0.362518310546875
0.0153865814208984 0.0178928375244141 0.77484130859375 0.28985595703125
-0.0115280151367188 -0.0559120178222656 0.43438720703125 0.85052490234375
-0.00735855102539062 -0.0430488586425781 -0.101806640625 0.66729736328125
0.0134201049804687 -0.0352897644042969 0.115974426269531 -0.0356521606445313
0.000885009765624993 -0.0643234252929687 0.02191162109375 -0.71075439453125
-0.0168495178222656 -0.0550117492675781 -0.6651611328125 -0.55426025390625
-0.00834846496582031 -0.00886726379394531 -0.76385498046875 0.2674560546875
0.0211124420166016 0.0223789215087891 -0.23419189453125 0.62872314453125
0.0408439636230469 0.0265045166015625 0.097808837890625 0.502197265625
0.0159311294555664 0.0113506317138672 0.22259521484375 0.171646118164063
-0.0223350524902344 0.0065155029296875 0.1796875 -0.100616455078125
-0.0140857696533203 -0.0103549957275391 -0.157745361328125 -0.0018768310546875
0.013850212097168 -0.0125770568847656 -0.141265869140625 -0.303497314453125
0.0378379821777344 0.0121078491210938 0.113739013671875 -0.49188232421875
0.0365791320800781 0.0343818664550781 0.54144287109375 -0.34320068359375
0.0114822387695313 0.0301666259765625 0.771484375 0.32562255859375
-0.0154800415039062 -0.0434989929199219 0.4132080078125 0.8812255859375
-0.00287246704101562 -0.0428314208984375 -0.1077880859375 0.6741943359375
0.0262451171875 -0.0427818298339844 0.125228881835938 -0.0389633178710938
0.00130081176757813 -0.0619926452636719 0.01141357421875 -0.7054443359375
-0.0189399719238281 -0.039093017578125 -0.672607421875 -0.52337646484375
-0.00677156448364258 0.00546979904174805 -0.749755859375 0.3011474609375
0.0163440704345703 0.0178337097167969 -0.21942138671875 0.64453125
0.0322170257568359 0.00709724426269531 0.10247802734375 0.505950927734375
0.0110187530517578 -0.00922679901123047 0.219711303710938 0.168670654296875
-0.0231571197509766 -0.00411033630371094 0.175979614257813 -0.103790283203125
-0.0119819641113281 -0.0263404846191406 -0.158859252929688 -0.00465393066406249
0.0194740295410156 -0.0366706848144531 -0.140777587890625 -0.3074951171875
0.0315742492675781 -0.0194492340087891 0.105010986328125 -0.4998779296875
0.0291767120361328 0.0254631042480469 0.53680419921875 -0.344390869140625
0.00629043579101563 0.0449028015136719 0.77020263671875 0.3272705078125
-0.0234603881835938 -0.0258102416992188 0.4139404296875 0.884765625
0.00307083129882812 -0.0411300659179687 -0.10400390625 0.6793212890625
0.0411949157714844 -0.0508041381835938 0.130325317382813 -0.0363082885742188
0.00502777099609375 -0.0592269897460937 0.01983642578125 -0.70245361328125
-0.0146903991699219 -0.0200881958007813 -0.66278076171875 -0.5233154296875
-0.00421905517578125 0.0216236114501953 -0.74560546875 0.308837890625
0.0115547180175781 0.0178146362304688 -0.21820068359375 0.64910888671875
0.0212306976318359 -0.0122013092041016 0.0980224609375 0.5072021484375
0.00405693054199219 -0.0289802551269531 0.21954345703125 0.1710205078125
-0.0237979888916016 -0.0145893096923828 0.175308227539063 -0.0977935791015625
-0.00920295715332031 -0.0306911468505859 -0.158370971679688 -0.00146484374999997
0.0209121704101562 -0.0639801025390625 -0.148223876953125 -0.306060791015625
0.0252685546875 -0.0476036071777344 0.090728759765625 -0.501495361328125
0.0220184326171875 0.0164299011230469 0.524993896484375 -0.36529541015625
0.0027313232421875 0.0583381652832031 0.78607177734375 0.28973388671875
-0.0299530029296875 -0.00702476501464844 0.44744873046875 0.86065673828125
0.0043182373046875 -0.0389633178710938 -0.0853271484375 0.6793212890625
0.0545158386230469 -0.0569801330566406 0.126007080078125 -0.0292434692382813
0.0101394653320313 -0.0571327209472656 0.03656005859375 -0.70703125
-0.0133304595947266 -0.00380134582519531 -0.65167236328125 -0.5489501953125
-0.00270843505859375 0.0366363525390625 -0.76220703125 0.2764892578125
0.00264167785644531 0.0189628601074219 -0.242431640625 0.64190673828125
0.0093994140625 -0.0295829772949219 0.079864501953125 0.5093994140625
-0.00408554077148438 -0.0526275634765625 0.211441040039063 0.173446655273438
-0.0220508575439453 -0.0238494873046875 0.174835205078125 -0.09716796875
-0.00949668884277343 -0.0315475463867187 -0.160736083984375 0.00735473632812501
0.0145263671875 -0.084625244140625 -0.163177490234375 -0.297607421875
0.0144233703613281 -0.0646018981933594 0.070068359375 -0.50140380859375
0.0152750015258789 0.010279655456543 0.509765625 -0.401275634765625
0.00369644165039062 0.0690422058105469 0.80511474609375 0.22222900390625
-0.0337295532226563 0.0108814239501953 0.50030517578125 0.8062744140625
0.00403213500976563 -0.0343914031982422 -0.05657958984375 0.67279052734375
0.0648002624511719 -0.0624313354492188 0.112319946289063 -0.0184249877929688
0.0183219909667969 -0.0561637878417969 0.0623779296875 -0.71337890625
-0.0133886337280273 0.00848102569580078 -0.6265869140625 -0.60101318359375
-0.00353240966796875 0.0498733520507813 -0.7890625 0.21868896484375
-0.001251220703125 0.0214691162109375 -0.2852783203125 0.61920166015625
0.00153732299804688 -0.0426483154296875 0.052947998046875 0.509796142578125
-0.0059814453125 -0.0710372924804688 0.200347900390625 0.180740356445313
-0.0209560394287109 -0.0300674438476563 0.1741943359375 -0.0997467041015625
-0.0079345703125 -0.0311794281005859 -0.167129516601563 0.0184478759765625
0.00971221923828126 -0.0951309204101562 -0.176910400390625 -0.280075073242187
0.00102996826171876 -0.0741043090820313 0.048095703125 -0.502227783203125
0.00910854339599609 0.00930976867675781 0.484466552734375 -0.453369140625
0.00751495361328124 0.0790863037109375 0.81573486328125 0.13128662109375
-0.0342597961425781 0.0283393859863281 0.55255126953125 0.73388671875
0.00438880920410157 -0.0274066925048828 -0.0254516601562499 0.66534423828125
0.07037353515625 -0.0626296997070313 0.09466552734375 -0.002899169921875
0.0243682861328125 -0.0549697875976562 0.1029052734375 -0.71923828125
-0.0142583847045898 0.0166482925415039 -0.5872802734375 -0.67657470703125
-0.00660324096679687 0.0598411560058594 -0.81243896484375 0.13348388671875
-0.0105247497558594 0.02056884765625 -0.3336181640625 0.5845947265625
-0.001434326171875 -0.0553741455078125 0.023773193359375 0.506988525390625
-0.00221252441406249 -0.0859298706054688 0.193954467773438 0.190811157226563
-0.0192356109619141 -0.0309829711914062 0.17279052734375 -0.09503173828125
-0.015716552734375 0.0194587707519531 -0.173736572265625 0.0126800537109375
0.0236778259277344 0.0374717712402344 -0.171600341796875 -0.255661010742188
0.0555648803710938 0.04296875 0.077117919921875 -0.489288330078125
0.0444755554199219 0.0329360961914063 0.500732421875 -0.455047607421875
0.00982189178466797 0.00440692901611328 0.79449462890625 0.1256103515625
-0.0165176391601562 -0.0627403259277344 0.52386474609375 0.71856689453125
-0.0161323547363281 -0.0397758483886719 -0.0504760742187501 0.647216796875
0.00497627258300782 -0.0218372344970703 0.0811996459960938 -0.0182571411132813
0.00857162475585938 -0.0640335083007813 0.06695556640625 -0.726806640625
-0.00245666503906251 -0.0763397216796875 -0.61663818359375 -0.677001953125
-0.00156211853027344 -0.0216236114501953 -0.80303955078125 0.13153076171875
0.0252876281738281 0.0359077453613281 -0.292236328125 0.56756591796875
0.041107177734375 0.0577468872070312 0.080596923828125 0.49639892578125
0.0199337005615234 0.0349407196044922 0.227264404296875 0.187240600585938
-0.0206966400146484 0.0179405212402344 0.180648803710938 -0.09320068359375
-0.0159082412719727 0.0117769241333008 -0.168670654296875 0.00552368164062498
0.0172519683837891 0.0290031433105469 -0.16265869140625 -0.270477294921875
0.0504722595214844 0.0445747375488281 0.09307861328125 -0.4825439453125
0.0458412170410156 0.0375404357910156 0.5213623046875 -0.405303955078125
0.0150671005249023 0.00799274444580078 0.7862548828125 0.20904541015625
-0.012420654296875 -0.0642929077148438 0.4827880859375 0.78253173828125
-0.0119476318359375 -0.0432243347167969 -0.0731811523437499 0.65582275390625
0.00768661499023438 -0.0267658233642578 0.0970840454101563 -0.0265731811523438
0.00154495239257813 -0.0639991760253906 0.0340576171875 -0.7132568359375
-0.0130538940429688 -0.0712356567382813 -0.64788818359375 -0.59942626953125
-0.00679779052734375 -0.0194187164306641 -0.777099609375 0.21307373046875
0.0247554779052734 0.0270404815673828 -0.2552490234375 0.6011962890625
0.0445365905761719 0.0436553955078125 0.096343994140625 0.496307373046875
0.0215797424316406 0.02642822265625 0.226608276367188 0.173797607421875
-0.0202522277832031 0.0142936706542969 0.178131103515625 -0.0988922119140625
-0.0181293487548828 0.000457763671874996 -0.163467407226563 0.00100708007812497
0.0125818252563477 0.0123653411865234 -0.15167236328125 -0.2830810546875
0.0439605712890625 0.0331192016601562 0.107635498046875 -0.486663818359375
0.0419502258300781 0.0411109924316406 0.5311279296875 -0.365692138671875
0.0152931213378906 0.016819953918457 0.77288818359375 0.27813720703125
-0.010528564453125 -0.0577354431152344 0.4381103515625 0.83831787109375
-0.00860214233398437 -0.0408287048339844 -0.0961914062500001 0.66015625
0.0122852325439453 -0.0338249206542969 0.113372802734375 -0.0360031127929688
-0.00040435791015625 -0.0633163452148438 0.0137939453125 -0.703125
-0.017547607421875 -0.0539321899414063 -0.665771484375 -0.54150390625
-0.00878477096557617 -0.0074930191040039 -0.7537841796875 0.2733154296875
0.0202789306640625 0.0199337005615234 -0.22369384765625 0.62579345703125
0.0411872863769531 0.0262031555175781 0.102630615234375 0.496612548828125
0.0158014297485352 0.0117149353027344 0.221771240234375 0.168777465820313
-0.0220508575439453 0.00766181945800782 0.174819946289063 -0.101058959960938
-0.0150184631347656 -0.0106182098388672 -0.159271240234375 -0.00129699707031252
0.0137166976928711 -0.0120048522949219 -0.142608642578125 -0.298919677734375
0.0368843078613281 0.0124282836914063 0.108612060546875 -0.49029541015625
0.03924560546875 0.0337638854980469 0.532806396484375 -0.346405029296875
0.0120773315429687 0.027557373046875 0.76708984375 0.314697265625
-0.0166397094726562 -0.0453300476074219 0.41729736328125 0.865478515625
-0.00307083129882813 -0.0421257019042969 -0.1019287109375 0.66766357421875
0.0259666442871094 -0.0412368774414063 0.123069763183594 -0.0376052856445313
-0.000186920166015631 -0.0598640441894531 0.00457763671875004 -0.6968994140625
-0.0183753967285156 -0.0378990173339844 -0.6705322265625 -0.5101318359375
-0.00586509704589844 0.00415897369384766 -0.7391357421875 0.30682373046875
0.0169162750244141 0.018096923828125 -0.20855712890625 0.64007568359375
0.0308742523193359 0.00615310668945313 0.107421875 0.4989013671875
0.00815391540527344 -0.00954914093017578 0.220230102539063 0.165679931640625
-0.0237884521484375 -0.00291824340820312 0.174514770507813 -0.104217529296875
-0.0117149353027344 -0.0246067047119141 -0.15899658203125 -0.00424194335937501
0.0193824768066406 -0.0361824035644531 -0.14410400390625 -0.30352783203125
0.0314731597900391 -0.018585205078125 0.0999755859375 -0.496826171875
0.0304775238037109 0.0254364013671875 0.526580810546875 -0.34893798828125
0.00660324096679687 0.0438423156738281 0.76934814453125 0.31536865234375
-0.0222415924072266 -0.0255565643310547 0.41839599609375 0.874267578125
0.00146865844726562 -0.0394515991210938 -0.0977783203124999 0.67523193359375
0.0398445129394531 -0.0486717224121094 0.127967834472656 -0.0366134643554687
0.00381088256835937 -0.0566940307617188 0.01397705078125 -0.69500732421875
-0.0149116516113281 -0.0205326080322266 -0.66278076171875 -0.5079345703125
-0.00265312194824219 0.0211448669433594 -0.73583984375 0.31201171875
0.0107173919677734 0.0179615020751953 -0.20941162109375 0.6461181640625
0.0208911895751953 -0.0123195648193359 0.103240966796875 0.5020751953125
0.0019683837890625 -0.0306777954101563 0.220001220703125 0.167648315429688
-0.022674560546875 -0.0138721466064453 0.174072265625 -0.0990142822265625
-0.00919914245605468 -0.0311069488525391 -0.15789794921875 0.000991821289062484
0.0197563171386719 -0.0637664794921875 -0.15069580078125 -0.301849365234375
0.0238113403320312 -0.0469932556152344 0.083770751953125 -0.498382568359375
0.0230121612548828 0.0154361724853516 0.517303466796875 -0.36834716796875
0.00275421142578125 0.0570487976074219 0.7840576171875 0.2789306640625
-0.0303592681884766 -0.00651168823242187 0.4522705078125 0.8465576171875
0.00355148315429688 -0.0374221801757812 -0.0788574218749999 0.67279052734375
0.0539741516113281 -0.0559272766113281 0.124336242675781 -0.0294418334960938
0.01043701171875 -0.0553474426269531 0.031982421875 -0.7000732421875
-0.0125961303710938 -0.00368881225585938 -0.64886474609375 -0.53839111328125
-0.00165557861328125 0.0375518798828125 -0.751220703125 0.282470703125
0.00380325317382813 0.0208778381347656 -0.235107421875 0.63739013671875
0.00771522521972656 -0.0289669036865234 0.085052490234375 0.504302978515625
-0.00481033325195313 -0.0521659851074219 0.211654663085938 0.170684814453125
-0.0230541229248047 -0.0235958099365234 0.172637939453125 -0.0987396240234375
-0.00829124450683594 -0.0284900665283203 -0.160202026367187 0.00971984863281247
0.0138320922851562 -0.0839157104492187 -0.166046142578125 -0.292266845703125
0.0129547119140625 -0.0647850036621094 0.063812255859375 -0.4971923828125
0.0180740356445313 0.0102272033691406 0.500091552734375 -0.404144287109375
0.0034027099609375 0.0685691833496094 0.8004150390625 0.21063232421875
-0.0354499816894531 0.0118675231933594 0.50372314453125 0.7926025390625
0.00393295288085937 -0.032806396484375 -0.04925537109375 0.66644287109375
0.0629653930664062 -0.06109619140625 0.111236572265625 -0.0181045532226563
0.0157356262207031 -0.0560455322265625 0.0575561523437501 -0.7069091796875
-0.0136194229125977 0.010533332824707 -0.62542724609375 -0.5909423828125
-0.00165176391601563 0.0511322021484375 -0.775634765625 0.2222900390625
-0.000925064086914062 0.0206661224365234 -0.2755126953125 0.6180419921875
0.000377655029296871 -0.0441932678222656 0.05767822265625 0.50482177734375
-0.00778961181640625 -0.0722198486328125 0.20074462890625 0.177871704101563
-0.0218906402587891 -0.0284652709960938 0.170257568359375 -0.09942626953125
-0.0100975036621094 -0.0313224792480469 -0.16546630859375 0.0177154541015625
0.00879669189453124 -0.093841552734375 -0.177871704101563 -0.276458740234375
9.91821289062422E-05 -0.0743865966796875 0.04095458984375 -0.498565673828125
0.00914096832275391 0.00827693939208984 0.476226806640625 -0.45428466796875
0.0080413818359375 0.0763320922851563 0.81024169921875 0.120361328125
-0.0333251953125 0.0280208587646484 0.554931640625 0.71954345703125
0.00282859802246094 -0.028289794921875 -0.01995849609375 0.65826416015625
0.0698623657226563 -0.0625228881835938 0.0934600830078125 -0.00397491455078125
0.0259284973144531 -0.0554313659667969 0.09588623046875 -0.711669921875
-0.0122509002685547 0.0159683227539063 -0.58599853515625 -0.66363525390625
-0.00715255737304687 0.0601844787597656 -0.8016357421875 0.14166259765625
-0.00886917114257813 0.0217494964599609 -0.32208251953125 0.5802001953125
-0.0021820068359375 -0.0548553466796875 0.0301513671875 0.50286865234375
-0.00382995605468751 -0.0847320556640625 0.194000244140625 0.188705444335938
-0.0166110992431641 -0.0310306549072266 0.170166015625 -0.092559814453125
-0.0166378021240234 0.0195522308349609 -0.17340087890625 0.013824462890625
0.0242424011230469 0.0360183715820312 -0.172821044921875 -0.24969482421875
0.0543289184570313 0.0424652099609375 0.0716552734375 -0.487396240234375
0.044830322265625 0.0304183959960938 0.49072265625 -0.4581298828125
0.0102243423461914 0.00315761566162109 0.78778076171875 0.11492919921875
-0.0167427062988281 -0.0629615783691406 0.5262451171875 0.70635986328125
-0.0151214599609375 -0.0372352600097656 -0.04510498046875 0.63983154296875
0.00378608703613281 -0.0213375091552734 0.0799484252929688 -0.0181427001953125
0.00709533691406251 -0.0627212524414063 0.06158447265625 -0.71728515625
-0.00504302978515624 -0.0774002075195313 -0.6142578125 -0.66693115234375
-0.00155830383300781 -0.0217800140380859 -0.79364013671875 0.1400146484375
0.0251960754394531 0.0356903076171875 -0.28326416015625 0.56512451171875
0.0414543151855469 0.0572280883789063 0.0845031738281249 0.492340087890625
0.0200614929199219 0.0350894927978516 0.224563598632812 0.18365478515625
-0.0201911926269531 0.0207023620605469 0.176803588867188 -0.0933380126953125
-0.01690673828125 0.0125036239624023 -0.168777465820313 0.00744628906250001
0.0169525146484375 0.0285263061523437 -0.162811279296875 -0.26507568359375
0.050079345703125 0.0435447692871094 0.087890625 -0.480316162109375
0.0459022521972656 0.0367546081542969 0.51385498046875 -0.406494140625
0.0142478942871094 0.00723743438720703 0.78350830078125 0.20001220703125
-0.0127449035644531 -0.0653228759765625 0.48040771484375 0.768798828125
-0.0122032165527344 -0.0412788391113281 -0.0693359375 0.6488037109375
0.00567817687988281 -0.0240421295166016 0.0971755981445313 -0.0264053344726563
0.00109481811523437 -0.0638427734375 0.0306396484375001 -0.704345703125
-0.0121421813964844 -0.0693550109863281 -0.64520263671875 -0.58935546875
-0.00602149963378906 -0.0188102722167969 -0.76690673828125 0.216796875
0.0253124237060547 0.0276260375976563 -0.2471923828125 0.59716796875
0.0444145202636719 0.0447044372558594 0.099029541015625 0.489501953125
0.0208454132080078 0.0250110626220703 0.226333618164063 0.1705322265625
-0.0232467651367188 0.0148200988769531 0.176528930664063 -0.10009765625
-0.0177478790283203 0.000194549560546878 -0.1619873046875 0.00381469726562499
0.0113210678100586 0.0114641189575195 -0.152633666992188 -0.278167724609375
0.0422821044921875 0.0327835083007813 0.10235595703125 -0.484710693359375
0.0433578491210938 0.0390205383300781 0.524261474609375 -0.36871337890625
0.0148248672485352 0.0148077011108398 0.768310546875 0.26776123046875
-0.0115776062011719 -0.0566749572753906 0.44171142578125 0.82403564453125
-0.00767135620117188 -0.0402183532714844 -0.0907592773437499 0.65545654296875
0.0126552581787109 -0.0328006744384766 0.111068725585938 -0.036651611328125
-0.00194549560546876 -0.0634269714355469 0.00775146484375005 -0.69476318359375
-0.0191688537597656 -0.0555458068847656 -0.6591796875 -0.5302734375
-0.00730133056640625 -0.00933742523193359 -0.7431640625 0.2772216796875
0.0211887359619141 0.0207176208496094 -0.21612548828125 0.621826171875
0.040740966796875 0.0258522033691406 0.107025146484375 0.49102783203125
0.0170230865478516 0.0113964080810547 0.221450805664063 0.165725708007812
-0.0229320526123047 0.00747489929199219 0.172836303710937 -0.101913452148437
-0.015568733215332 -0.010009765625 -0.158462524414063 -7.62939453125317E-05
0.0123453140258789 -0.0113315582275391 -0.145263671875 -0.294464111328125
0.0359649658203125 0.0121116638183594 0.1029052734375 -0.48785400390625
0.0382804870605469 0.0325660705566406 0.52490234375 -0.349456787109375
0.0121402740478516 0.0280170440673828 0.76300048828125 0.30377197265625
-0.0167198181152344 -0.0450553894042969 0.41900634765625 0.85394287109375
-0.00339889526367188 -0.0410804748535156 -0.0965576171875001 0.66131591796875
0.0245552062988281 -0.0400047302246094 0.122108459472656 -0.0385589599609375
-0.00158309936523437 -0.0603713989257813 -6.10351562499728E-05 -0.689697265625
-0.0191116333007812 -0.0374259948730469 -0.6671142578125 -0.49969482421875
-0.00769329071044922 0.00468301773071289 -0.72857666015625 0.311279296875
0.0163974761962891 0.0170469284057617 -0.1998291015625 0.638427734375
0.0318813323974609 0.00704193115234375 0.110321044921875 0.493621826171875
0.00816154479980469 -0.0098114013671875 0.21966552734375 0.163040161132813
-0.0242099761962891 -0.00155448913574219 0.170669555664063 -0.102859497070313
-0.0122299194335937 -0.0263442993164063 -0.158233642578125 -0.00189208984375002
0.0181121826171875 -0.0360336303710938 -0.14373779296875 -0.300628662109375
0.0308036804199219 -0.0183887481689453 0.095001220703125 -0.493438720703125
0.0284214019775391 0.0255088806152344 0.52069091796875 -0.351226806640625
0.00693130493164062 0.0424270629882813 0.76409912109375 0.3050537109375
-0.0227870941162109 -0.0272674560546875 0.4234619140625 0.862060546875
0.00270462036132812 -0.037872314453125 -0.0925903320312499 0.66766357421875
0.0379638671875 -0.0479507446289063 0.126029968261719 -0.0367431640625
0.00363540649414063 -0.0562248229980469 0.00909423828124999 -0.6875
-0.0145816802978516 -0.0199260711669922 -0.656982421875 -0.50018310546875
-0.002838134765625 0.0203475952148438 -0.72406005859375 0.3145751953125
0.0116424560546875 0.0183677673339844 -0.20123291015625 0.6412353515625
0.0194568634033203 -0.0137939453125 0.1064453125 0.497344970703125
0.00094795227050781 -0.0297145843505859 0.218170166015625 0.164443969726563
-0.0238723754882812 -0.012939453125 0.171905517578125 -0.0979766845703125
-0.0106678009033203 -0.030303955078125 -0.157333374023438 0.00282287597656251
0.0186805725097656 -0.06353759765625 -0.152557373046875 -0.297882080078125
0.0225334167480469 -0.0469474792480469 0.078094482421875 -0.49560546875
0.0223655700683594 0.0160923004150391 0.50933837890625 -0.3720703125
0.00446319580078125 0.05523681640625 0.779052734375 0.267822265625
-0.0298347473144531 -0.00777435302734375 0.4534912109375 0.83453369140625
0.00459671020507813 -0.0353126525878906 -0.0743408203125001 0.665771484375
0.0509834289550781 -0.0553245544433594 0.122451782226563 -0.0289688110351563
0.00967407226562499 -0.0560798645019531 0.0259399414062501 -0.69378662109375
-0.014124870300293 -0.00293159484863281 -0.64691162109375 -0.527587890625
-0.00106048583984375 0.036956787109375 -0.740478515625 0.2874755859375
0.00394630432128906 0.0193977355957031 -0.22607421875 0.63616943359375
0.00848960876464844 -0.0291500091552734 0.088592529296875 0.499542236328125
-0.00497055053710938 -0.0523834228515625 0.21087646484375 0.168899536132813
-0.02264404296875 -0.0226516723632813 0.170211791992188 -0.098236083984375
-0.00798225402832031 -0.0301189422607422 -0.158950805664062 0.00967407226562502
0.0139236450195313 -0.0836868286132813 -0.165985107421875 -0.288848876953125
0.0119056701660156 -0.0641937255859375 0.0585937500000001 -0.49517822265625
0.0148458480834961 0.00961017608642578 0.492523193359375 -0.407196044921875
0.00478363037109376 0.0670394897460938 0.79669189453125 0.20074462890625
-0.0344867706298828 0.0112037658691406 0.50433349609375 0.77978515625
0.00437545776367188 -0.0320091247558594 -0.0471801757812501 0.66064453125
0.0629119873046875 -0.0597343444824219 0.109825134277344 -0.0186614990234375
0.0139198303222656 -0.0545120239257813 0.0517578125000001 -0.69744873046875
-0.0124216079711914 0.00890541076660156 -0.62255859375 -0.57891845703125
-0.00115966796875 0.0497016906738281 -0.7666015625 0.22918701171875
-0.0016937255859375 0.0208644866943359 -0.26611328125 0.61505126953125
0.000205993652343754 -0.0429229736328125 0.062835693359375 0.50054931640625
-0.00917053222656249 -0.0717544555664063 0.200698852539063 0.176101684570313
-0.019683837890625 -0.0269031524658203 0.168624877929688 -0.0976715087890625
-0.00890731811523437 -0.0288562774658203 -0.163345336914063 0.019317626953125
0.008209228515625 -0.09185791015625 -0.177947998046875 -0.271331787109375
0.00012969970703125 -0.0738143920898438 0.0357666015625 -0.495361328125
0.00897407531738281 0.00797939300537109 0.46575927734375 -0.4571533203125
0.00955963134765624 0.0758590698242187 0.80450439453125 0.10931396484375
-0.0325393676757812 0.0268955230712891 0.5550537109375 0.707275390625
0.00301170349121094 -0.0262546539306641 -0.014404296875 0.65325927734375
0.0692291259765625 -0.0607681274414063 0.0931015014648438 -0.00363922119140625
0.0225906372070313 -0.0538787841796875 0.0909423828125 -0.70428466796875
-0.0121984481811523 0.0169525146484375 -0.5833740234375 -0.64892578125
-0.00550079345703125 0.0585250854492188 -0.79266357421875 0.14630126953125
-0.00795745849609375 0.0199871063232422 -0.313720703125 0.579345703125
-0.00244140625 -0.0549812316894531 0.0343017578125 0.49969482421875
-0.00429534912109375 -0.0843505859375 0.193801879882813 0.186187744140625
-0.0168170928955078 -0.0300960540771484 0.169403076171875 -0.0928802490234375
-0.0147533416748047 0.0198841094970703 -0.171951293945313 0.01519775390625
0.0234489440917969 0.0360603332519531 -0.1719970703125 -0.245941162109375
0.0548095703125 0.0416450500488281 0.06793212890625 -0.484039306640625
0.0448493957519531 0.0295753479003906 0.484344482421875 -0.456787109375
0.0110301971435547 0.00279045104980469 0.78271484375 0.108642578125
-0.0179214477539063 -0.0635986328125 0.523193359375 0.69537353515625
-0.0174980163574219 -0.0375862121582031 -0.0435791015625 0.6358642578125
0.00341796875 -0.0183639526367188 0.0783843994140625 -0.016998291015625
0.00673294067382812 -0.0619354248046875 0.0582885742187499 -0.70977783203125
-0.0043182373046875 -0.0771102905273437 -0.61260986328125 -0.6552734375
-0.0024261474609375 -0.0226020812988281 -0.78497314453125 0.14373779296875
0.0254402160644531 0.0350627899169922 -0.27911376953125 0.56243896484375
0.0424537658691406 0.0565338134765625 0.0872802734375 0.48773193359375
0.0192527770996094 0.0332183837890625 0.225006103515625 0.181106567382813
-0.020721435546875 0.0202713012695312 0.1739501953125 -0.0924835205078125
-0.0161771774291992 0.0118770599365234 -0.1661376953125 0.00848388671875002
0.0154609680175781 0.0295009613037109 -0.164794921875 -0.261856079101563
0.0510292053222656 0.0425758361816406 0.08282470703125 -0.477081298828125
0.0453643798828125 0.0350379943847656 0.5067138671875 -0.4080810546875
0.0152387619018555 0.00609874725341797 0.77392578125 0.189208984375
-0.0130615234375 -0.0650558471679688 0.48193359375 0.7574462890625
-0.0118217468261719 -0.0405998229980469 -0.0663452148437499 0.6439208984375
0.00573158264160156 -0.0241260528564453 0.0960845947265625 -0.0275497436523438
0.00141143798828124 -0.0630760192871094 0.0264892578125 -0.69354248046875
-0.0129737854003906 -0.0699234008789063 -0.6390380859375 -0.5804443359375
-0.00410842895507813 -0.0180759429931641 -0.75872802734375 0.22113037109375
0.0254783630371094 0.0277957916259766 -0.240478515625 0.59332275390625
0.0460433959960938 0.0428466796875 0.102569580078125 0.485565185546875
0.0196437835693359 0.0256633758544922 0.224533081054688 0.16845703125
-0.0236701965332031 0.0159053802490234 0.175338745117188 -0.09906005859375
-0.0176277160644531 0.000635147094726563 -0.160568237304688 0.00402832031250002
0.0113439559936523 0.0106582641601563 -0.153579711914063 -0.274002075195313
0.0426063537597656 0.0321159362792969 0.098114013671875 -0.481414794921875
0.0421333312988281 0.0380744934082031 0.51727294921875 -0.36981201171875
0.0144510269165039 0.0144357681274414 0.76458740234375 0.2593994140625
-0.0124549865722656 -0.0571136474609375 0.4429931640625 0.81402587890625
-0.00825881958007813 -0.039093017578125 -0.0854492187499999 0.64874267578125
0.0119705200195312 -0.0322666168212891 0.111282348632813 -0.0354232788085938
-0.00177383422851563 -0.0607681274414063 0.00720214843750007 -0.68548583984375
-0.0183525085449219 -0.0545616149902344 -0.65643310546875 -0.52276611328125
-0.00771617889404297 -0.00894069671630859 -0.734375 0.27886962890625
0.0226955413818359 0.0208225250244141 -0.21002197265625 0.61871337890625
0.0413398742675781 0.0245704650878906 0.108062744140625 0.487274169921875
0.0152683258056641 0.0102701187133789 0.221099853515625 0.162628173828125
-0.023590087890625 0.00774383544921875 0.17047119140625 -0.1015625
-0.0152311325073242 -0.00879383087158203 -0.15740966796875 0.00180053710937501
0.0113182067871094 -0.0113391876220703 -0.1455078125 -0.290008544921875
0.0364723205566406 0.0125808715820312 0.096954345703125 -0.4840087890625
0.0371589660644531 0.0323448181152344 0.518341064453125 -0.352142333984375
0.0123329162597656 0.0265312194824219 0.75982666015625 0.29461669921875
-0.0177803039550781 -0.0427474975585937 0.4205322265625 0.8421630859375
-0.00224685668945313 -0.0381278991699219 -0.0926513671875001 0.656005859375
0.0221176147460938 -0.0385513305664063 0.120353698730469 -0.038330078125
-0.00133514404296875 -0.0582733154296875 0.000671386718749979 -0.6820068359375
-0.0198936462402344 -0.0369338989257813 -0.65997314453125 -0.48931884765625
-0.00493335723876953 0.00462007522583008 -0.7197265625 0.31378173828125
0.0170459747314453 0.0170841217041016 -0.19329833984375 0.6336669921875
0.0311622619628906 0.00536155700683594 0.11529541015625 0.48834228515625
0.00798892974853516 -0.00986003875732422 0.218719482421875 0.1611328125
-0.0242404937744141 -0.00154495239257813 0.1690673828125 -0.103973388671875
-0.012664794921875 -0.0230255126953125 -0.15716552734375 -0.000869750976562507
0.0175094604492187 -0.0359001159667969 -0.145843505859375 -0.295379638671875
0.0310859680175781 -0.0186309814453125 0.08990478515625 -0.493804931640625
0.0301895141601563 0.0245227813720703 0.51239013671875 -0.35260009765625
0.00851821899414063 0.0420761108398438 0.7601318359375 0.29364013671875
-0.0221042633056641 -0.0277385711669922 0.42315673828125 0.85052490234375
0.00167465209960937 -0.0378189086914063 -0.0881958007812501 0.66229248046875
0.0376701354980469 -0.0463294982910156 0.125274658203125 -0.0361709594726563
0.00329208374023438 -0.0565032958984375 0.0079345703125 -0.6812744140625
-0.0166816711425781 -0.0208034515380859 -0.65289306640625 -0.4884033203125
-0.00314521789550781 0.0200881958007813 -0.7164306640625 0.3165283203125
0.0106601715087891 0.0176467895507813 -0.1954345703125 0.63714599609375
0.0201263427734375 -0.013153076171875 0.10760498046875 0.491119384765625
0.00285911560058594 -0.0290889739990234 0.218490600585938 0.163162231445312
-0.0232200622558594 -0.0120887756347656 0.168472290039063 -0.0971221923828125
-0.0105800628662109 -0.0298480987548828 -0.155548095703125 0.00378417968749998
0.0178375244140625 -0.0626182556152344 -0.15460205078125 -0.295166015625
0.0223503112792969 -0.04620361328125 0.072601318359375 -0.494049072265625
0.0223464965820313 0.0148792266845703 0.502777099609375 -0.373046875
0.0045623779296875 0.055206298828125 0.77313232421875 0.2589111328125
-0.0302810668945313 -0.00756263732910157 0.45587158203125 0.8228759765625
0.00374984741210938 -0.0338001251220703 -0.0693359375000001 0.6602783203125
0.0506744384765625 -0.0528068542480469 0.119583129882813 -0.0295562744140625
0.008697509765625 -0.054290771484375 0.0247192382812501 -0.6856689453125
-0.0137853622436523 -0.00456714630126953 -0.64129638671875 -0.517822265625
0.000968933105468749 0.0356330871582031 -0.73126220703125 0.28985595703125
0.00469398498535156 0.0198974609375 -0.2186279296875 0.62921142578125
0.00826263427734375 -0.0286350250244141 0.09185791015625 0.49365234375
-0.0051422119140625 -0.0518569946289063 0.211196899414062 0.16705322265625
-0.0214481353759766 -0.0213108062744141 0.169189453125 -0.0959930419921875
-0.0079803466796875 -0.0287322998046875 -0.158050537109375 0.01226806640625
0.0131988525390625 -0.0831298828125 -0.168304443359375 -0.284637451171875
0.0120658874511719 -0.0644111633300781 0.053558349609375 -0.49212646484375
0.0152587890625 0.0103158950805664 0.484527587890625 -0.408721923828125
0.00492095947265624 0.0644073486328125 0.7901611328125 0.19189453125
-0.0325508117675781 0.00951576232910156 0.50311279296875 0.76910400390625
0.00443649291992187 -0.0300540924072266 -0.0421142578125 0.65570068359375
0.0607833862304688 -0.0582542419433594 0.108657836914062 -0.0186843872070313
0.0155906677246094 -0.0538787841796875 0.04827880859375 -0.6905517578125
-0.0137777328491211 0.00914859771728516 -0.61895751953125 -0.56829833984375
-0.0017852783203125 0.0501632690429688 -0.75665283203125 0.232177734375
-0.000789642333984377 0.0207309722900391 -0.26055908203125 0.610107421875
0.000198364257812502 -0.0435218811035156 0.064727783203125 0.494781494140625
-0.00899124145507813 -0.0701866149902344 0.199493408203125 0.1741943359375
-0.0199298858642578 -0.0265693664550781 0.166610717773438 -0.0979156494140625
-0.00704193115234375 -0.0294952392578125 -0.1624755859375 0.0203094482421875
0.00701904296875 -0.0927581787109375 -0.180572509765625 -0.268661499023438
0.000785827636718748 -0.0731201171875 0.0322265625 -0.491546630859375
0.00806045532226562 0.00773143768310547 0.459381103515625 -0.457672119140625
0.00917816162109375 0.0740432739257812 0.79571533203125 0.10205078125
-0.03314208984375 0.0265045166015625 0.55389404296875 0.69464111328125
0.00442886352539063 -0.0245914459228516 -0.0128173828125 0.64569091796875
0.0689926147460938 -0.0592727661132813 0.0918426513671875 -0.00365447998046875
0.0234794616699219 -0.0527114868164063 0.0867919921875 -0.69720458984375
-0.0124187469482422 0.0163402557373047 -0.5811767578125 -0.64263916015625
-0.00512695312499999 0.0592002868652344 -0.78448486328125 0.14996337890625
-0.00838661193847656 0.0217075347900391 -0.30621337890625 0.57781982421875
-0.00335311889648437 -0.055389404296875 0.0374755859375 0.49188232421875
-0.00441741943359374 -0.0836868286132813 0.19537353515625 0.183074951171875
-0.0176143646240234 -0.0285491943359375 0.1678466796875 -0.0929718017578125
-0.0154781341552734 0.0209636688232422 -0.171066284179688 0.0163421630859375
0.0221176147460938 0.0362586975097656 -0.172744750976562 -0.242706298828125
0.0550270080566406 0.0407676696777344 0.064483642578125 -0.48101806640625
0.0442771911621094 0.0309295654296875 0.4775390625 -0.457763671875
0.0102701187133789 0.00274276733398438 0.77593994140625 0.10223388671875
-0.0176544189453125 -0.0633163452148438 0.5220947265625 0.68499755859375
-0.0162010192871094 -0.0351943969726563 -0.0411376953125 0.6309814453125
0.00199699401855469 -0.0181846618652344 0.0780181884765625 -0.0161209106445313
0.00590896606445312 -0.0618209838867187 0.0556640624999999 -0.70123291015625
-0.00429534912109376 -0.0755996704101563 -0.60845947265625 -0.64715576171875
-0.00222015380859375 -0.0230960845947266 -0.775634765625 0.14617919921875
0.0253334045410156 0.0353927612304688 -0.27239990234375 0.55682373046875
0.0429267883300781 0.0563125610351563 0.0885009765625 0.481964111328125
0.0190677642822266 0.0340194702148438 0.224441528320313 0.17950439453125
-0.0215511322021484 0.0205821990966797 0.173095703125 -0.0937042236328125
-0.0175142288208008 0.0127344131469727 -0.167129516601563 0.00871276855468753
0.0152359008789062 0.0290145874023437 -0.163848876953125 -0.258346557617188
0.0493736267089844 0.0414962768554688 0.0804748535156249 -0.475372314453125
0.0454139709472656 0.0345039367675781 0.500579833984375 -0.408203125
0.0158414840698242 0.00490570068359375 0.77044677734375 0.18414306640625
-0.0142021179199219 -0.0647735595703125 0.4808349609375 0.7479248046875
-0.0137863159179688 -0.0385246276855469 -0.0631103515625 0.63836669921875
0.00492477416992188 -0.0229244232177734 0.0944595336914062 -0.0254898071289062
0.00056838989257812 -0.0621070861816406 0.0257568359374999 -0.690185546875
-0.0128173828125 -0.068939208984375 -0.6353759765625 -0.57147216796875
-0.00538063049316406 -0.0183811187744141 -0.7503662109375 0.221923828125
0.0262584686279297 0.0271778106689453 -0.2362060546875 0.589111328125
0.0453033447265625 0.0418205261230469 0.10260009765625 0.48114013671875
0.0199356079101563 0.0259304046630859 0.22430419921875 0.166275024414062
-0.0213966369628906 0.0164108276367188 0.173233032226563 -0.09796142578125
-0.0179367065429688 0.000762939453125001 -0.160919189453125 0.00473022460937501
0.0105743408203125 0.0134086608886719 -0.153945922851563 -0.2720947265625
0.0429458618164063 0.0333900451660156 0.0950012207031251 -0.480743408203125
0.0439376831054688 0.0369529724121094 0.510009765625 -0.3712158203125
0.0156412124633789 0.0135946273803711 0.7579345703125 0.2501220703125
-0.0122261047363281 -0.057281494140625 0.441650390625 0.8011474609375
-0.009124755859375 -0.0380897521972656 -0.084228515625 0.64483642578125
0.0115299224853516 -0.0283946990966797 0.107719421386719 -0.0338592529296875
-0.00146484375 -0.0623893737792969 0.00579833984374999 -0.67999267578125
-0.0190544128417969 -0.05511474609375 -0.65338134765625 -0.515869140625
-0.00717926025390625 -0.00950336456298828 -0.72662353515625 0.2803955078125
0.0219650268554688 0.0188503265380859 -0.203857421875 0.61328125
0.0420951843261719 0.0240898132324219 0.11181640625 0.481964111328125
0.0155353546142578 0.0111656188964844 0.220245361328125 0.160354614257813
-0.0234737396240234 0.00900459289550782 0.16949462890625 -0.100753784179688
-0.0152397155761719 -0.00793647766113281 -0.155715942382812 0.00218200683593748
0.0102910995483398 -0.0117349624633789 -0.145599365234375 -0.28839111328125
0.0351333618164063 0.0110397338867188 0.094573974609375 -0.482391357421875
0.0377044677734375 0.0332794189453125 0.513916015625 -0.35272216796875
0.0131931304931641 0.0259876251220703 0.75341796875 0.28759765625
-0.0170364379882813 -0.0445632934570313 0.4208984375 0.8306884765625
-0.00389862060546875 -0.0354080200195313 -0.0907592773437499 0.65106201171875
0.0239448547363281 -0.0376968383789063 0.118827819824219 -0.0386886596679688
-0.00232696533203125 -0.0583915710449219 -0.00274658203124993 -0.67352294921875
-0.0190505981445313 -0.0370979309082031 -0.65643310546875 -0.481201171875
-0.00409984588623047 0.00516414642333984 -0.7093505859375 0.31451416015625
0.0171108245849609 0.0164318084716797 -0.188232421875 0.6280517578125
0.0303974151611328 0.00428009033203125 0.1151123046875 0.485687255859375
0.00778865814208984 -0.00880908966064453 0.217864990234375 0.158859252929687
-0.0241870880126953 -0.000116348266601559 0.167510986328125 -0.101394653320312
-0.0140514373779297 -0.0225925445556641 -0.157150268554687 0.000335693359375002
0.0167083740234375 -0.03558349609375 -0.14599609375 -0.293914794921875
0.0296306610107422 -0.0190162658691406 0.086334228515625 -0.489593505859375
0.0306186676025391 0.0249099731445312 0.507537841796875 -0.354705810546875
0.00819015502929688 0.0412101745605469 0.7559814453125 0.28741455078125
-0.0226287841796875 -0.0280876159667969 0.42279052734375 0.83941650390625
0.002105712890625 -0.035980224609375 -0.087158203125 0.65716552734375
0.0369338989257813 -0.0445404052734375 0.123802185058594 -0.0362396240234375
0.0022735595703125 -0.0559806823730469 0.0054931640625 -0.6729736328125
-0.0152072906494141 -0.0196819305419922 -0.64837646484375 -0.483154296875
-0.0012969970703125 0.0206565856933594 -0.70660400390625 0.31707763671875
0.0110721588134766 0.0177993774414063 -0.1903076171875 0.6337890625
0.0192813873291016 -0.0129413604736328 0.10894775390625 0.48748779296875
0.00176429748535156 -0.0290603637695313 0.217208862304688 0.161117553710938
-0.0239505767822266 -0.0111179351806641 0.168197631835938 -0.0981597900390625
-0.0103893280029297 -0.0285778045654297 -0.156234741210938 0.00389099121093753
0.0175514221191406 -0.0615806579589844 -0.1541748046875 -0.2906494140625
0.0218772888183594 -0.0454521179199219 0.0698547363281249 -0.491119384765625
0.0230770111083984 0.0149478912353516 0.496856689453125 -0.374755859375
0.004974365234375 0.0517196655273438 0.767822265625 0.2515869140625
-0.0296802520751953 -0.00868988037109374 0.45440673828125 0.8133544921875
0.00539588928222656 -0.0325508117675781 -0.0682983398437499 0.6534423828125
0.0499382019042969 -0.0518112182617188 0.118995666503906 -0.0301437377929688
0.00841140747070312 -0.054046630859375 0.0235595703124999 -0.6776123046875
-0.0122404098510742 -0.00395965576171875 -0.6368408203125 -0.50982666015625
-0.000244140625000004 0.0348701477050781 -0.72210693359375 0.289794921875
0.00456047058105468 0.0209159851074219 -0.2135009765625 0.62786865234375
0.00815963745117188 -0.0288162231445313 0.09381103515625 0.48956298828125
-0.00619888305664062 -0.0523223876953125 0.210113525390625 0.165512084960937
-0.0223388671875 -0.0202465057373047 0.1671142578125 -0.096405029296875
-0.00708770751953125 -0.0280094146728516 -0.156982421875 0.01177978515625
0.0114517211914062 -0.0822067260742188 -0.168411254882812 -0.280685424804688
0.0124664306640625 -0.0638656616210938 0.0499267578125 -0.4891357421875
0.0160455703735352 0.00847244262695313 0.4775390625 -0.40924072265625
0.00481033325195313 0.0645217895507813 0.7845458984375 0.18475341796875
-0.03302001953125 0.0106353759765625 0.50067138671875 0.75762939453125
0.00529098510742187 -0.03009033203125 -0.0408935546875001 0.64886474609375
0.0608787536621094 -0.0568771362304688 0.107231140136719 -0.0182037353515625
0.0146026611328125 -0.0529632568359375 0.04669189453125 -0.68267822265625
-0.0125284194946289 0.00820255279541016 -0.61376953125 -0.561767578125
0.000347137451171872 0.0491600036621094 -0.750244140625 0.232177734375
-0.00244903564453125 0.0202064514160156 -0.2530517578125 0.6070556640625
0.000331878662109373 -0.0428466796875 0.0664367675781251 0.490997314453125
-0.0093994140625 -0.0682334899902344 0.198989868164062 0.170654296875
-0.0192546844482422 -0.0262889862060547 0.164276123046875 -0.0968475341796875
-0.00684738159179688 -0.0282554626464844 -0.160797119140625 0.0210418701171875
0.00628662109375 -0.092803955078125 -0.1817626953125 -0.265625
-0.000518798828124994 -0.0741043090820313 0.0260314941406249 -0.490142822265625
0.00825309753417969 0.00746536254882813 0.45306396484375 -0.45745849609375
0.0096435546875 0.0731201171875 0.7926025390625 0.0970458984375
-0.0314121246337891 0.0262298583984375 0.5498046875 0.6868896484375
0.00427436828613281 -0.023651123046875 -0.0119628906249999 0.64013671875
0.0678672790527344 -0.0575065612792969 0.0905532836914063 -0.00321197509765625
0.0225830078125 -0.05194091796875 0.08538818359375 -0.69195556640625
-0.0123014450073242 0.0150508880615234 -0.5787353515625 -0.634521484375
-0.00505828857421875 0.0587501525878906 -0.77618408203125 0.1536865234375
-0.00769424438476563 0.0207538604736328 -0.30072021484375 0.574462890625
-0.00278091430664063 -0.0561180114746094 0.040740966796875 0.489837646484375
-0.0058135986328125 -0.0844192504882813 0.19329833984375 0.182449340820313
-0.0155010223388672 -0.0281696319580078 0.165313720703125 -0.0930328369140625
-0.0158424377441406 0.0207595825195313 -0.171096801757813 0.0173797607421875
0.0218086242675781 0.0358161926269531 -0.171478271484375 -0.240142822265625
0.0551986694335937 0.0416336059570312 0.06219482421875 -0.47857666015625
0.0451889038085937 0.0299301147460937 0.472442626953125 -0.456939697265625
0.0121488571166992 0.000932693481445312 0.770263671875 0.09814453125
-0.0186805725097656 -0.0641365051269531 0.5198974609375 0.6776123046875
-0.0158748626708984 -0.033721923828125 -0.041748046875 0.6263427734375
0.00168800354003906 -0.0172262191772461 0.0763702392578125 -0.015960693359375
0.00598526000976562 -0.0614242553710938 0.0562744140625 -0.69622802734375
-0.00553894042968749 -0.0754165649414063 -0.603759765625 -0.6385498046875
-0.00187110900878906 -0.0228557586669922 -0.771484375 0.1473388671875
0.0265369415283203 0.0344448089599609 -0.26763916015625 0.554779052734375
0.0427284240722656 0.0561714172363281 0.090850830078125 0.47906494140625
0.0173912048339844 0.0339736938476563 0.223236083984375 0.177352905273438
-0.0198135375976563 0.0226058959960937 0.171051025390625 -0.0931243896484375
-0.0152387619018555 0.0135869979858398 -0.16729736328125 0.00805664062500001
0.0145950317382812 0.0310459136962891 -0.163650512695313 -0.256484985351562
0.0490608215332031 0.0426902770996094 0.0787658691406249 -0.47259521484375
0.0444679260253906 0.0356025695800781 0.49493408203125 -0.408050537109375
0.0153970718383789 0.00465488433837891 0.766357421875 0.17840576171875
-0.0143585205078125 -0.0644645690917969 0.4757080078125 0.73907470703125
-0.0122566223144531 -0.0370712280273438 -0.064697265625 0.63232421875
0.00472450256347656 -0.0204658508300781 0.0925140380859375 -0.0250473022460938
-0.000583648681640629 -0.0608482360839844 0.02685546875 -0.68359375
-0.0139389038085938 -0.0688056945800781 -0.6302490234375 -0.5653076171875
-0.00569915771484375 -0.0190639495849609 -0.74395751953125 0.22137451171875
0.0267620086669922 0.0262947082519531 -0.23077392578125 0.5860595703125
0.0460357666015625 0.0422630310058594 0.104736328125 0.476531982421875
0.0190830230712891 0.0269451141357422 0.224044799804688 0.165390014648438
-0.0209007263183594 0.0160694122314453 0.169235229492188 -0.0968475341796875
-0.01678466796875 0.00273799896240235 -0.160919189453125 0.00527954101562496
0.0117502212524414 0.012303352355957 -0.153427124023438 -0.269271850585938
0.0418663024902344 0.0337371826171875 0.092376708984375 -0.477691650390625
0.0419425964355469 0.0368385314941406 0.50775146484375 -0.3712158203125
0.0146589279174805 0.011967658996582 0.7529296875 0.24688720703125
-0.0129966735839844 -0.0563621520996094 0.4385986328125 0.79412841796875
-0.00642776489257813 -0.0367851257324219 -0.08428955078125 0.639892578125
0.0104923248291016 -0.0273380279541016 0.105926513671875 -0.0344467163085938
-0.0033416748046875 -0.0605697631835938 0.00366210937500004 -0.6751708984375
-0.0181846618652344 -0.0537490844726563 -0.647216796875 -0.51190185546875
-0.00731658935546875 -0.00899982452392578 -0.7208251953125 0.2823486328125
0.0228233337402344 0.0193805694580078 -0.200927734375 0.61053466796875
0.0408515930175781 0.0216751098632813 0.1116943359375 0.478515625
0.0142364501953125 0.0106439590454102 0.2197265625 0.160980224609375
-0.0244808197021484 0.0102443695068359 0.166763305664062 -0.0994110107421875
-0.0145206451416016 -0.00593662261962891 -0.15618896484375 0.00193786621093753
0.0106191635131836 -0.0110368728637695 -0.147125244140625 -0.285614013671875
0.0359611511230469 0.0117683410644531 0.092010498046875 -0.481109619140625
0.0376319885253906 0.0318069458007812 0.50823974609375 -0.354400634765625
0.0116348266601562 0.0232067108154297 0.7479248046875 0.28045654296875
-0.015960693359375 -0.044830322265625 0.41925048828125 0.8260498046875
-0.00386428833007812 -0.0358619689941406 -0.09075927734375 0.64727783203125
0.0221443176269531 -0.0351753234863281 0.116874694824219 -0.0359420776367188
-0.00233840942382813 -0.0578384399414062 -0.00262451171875005 -0.67022705078125
-0.0191879272460938 -0.0363922119140625 -0.6517333984375 -0.4774169921875
-0.00445127487182617 0.00357723236083984 -0.70416259765625 0.314208984375
0.0172004699707031 0.0164289474487305 -0.18475341796875 0.625732421875
0.0315189361572266 0.00431442260742188 0.11553955078125 0.47979736328125
0.00748825073242188 -0.00955867767333984 0.216720581054688 0.157455444335938
-0.0221958160400391 0.000347137451171877 0.166946411132812 -0.101226806640625
-0.0126743316650391 -0.0224666595458984 -0.157272338867187 -0.000564575195312519
0.0164108276367188 -0.0336742401123047 -0.14703369140625 -0.290374755859375
0.0294570922851563 -0.0178985595703125 0.083892822265625 -0.486175537109375
0.0306854248046875 0.0224456787109375 0.5020751953125 -0.354400634765625
0.0076141357421875 0.0391464233398438 0.74993896484375 0.282958984375
-0.0223808288574219 -0.0274410247802734 0.42108154296875 0.83026123046875
0.002105712890625 -0.035675048828125 -0.0848388671875 0.65087890625
0.0369415283203125 -0.0429153442382813 0.122108459472656 -0.0343399047851563
0.00209426879882813 -0.0560340881347656 0.00604248046875003 -0.66815185546875
-0.015380859375 -0.0206661224365234 -0.64520263671875 -0.47869873046875
-0.00133895874023438 0.0204887390136719 -0.6998291015625 0.31591796875
0.0119199752807617 0.017298698425293 -0.1865234375 0.62933349609375
0.0204086303710938 -0.0130062103271484 0.1129150390625 0.482513427734375
0.000823974609375001 -0.029632568359375 0.216522216796875 0.160308837890625
-0.0228500366210938 -0.0104827880859375 0.165557861328125 -0.0965423583984375
-0.00966072082519531 -0.0266513824462891 -0.15533447265625 0.00494384765625003
0.017059326171875 -0.0614356994628906 -0.154266357421875 -0.288543701171875
0.0213851928710938 -0.0455741882324219 0.067291259765625 -0.48980712890625
0.0230941772460938 0.0139942169189453 0.491729736328125 -0.3748779296875
0.00459671020507812 0.0513076782226563 0.76239013671875 0.24749755859375
-0.0297718048095703 -0.00909233093261719 0.45098876953125 0.8056640625
0.00444221496582032 -0.0318393707275391 -0.0665283203125 0.6505126953125
0.05010986328125 -0.0499649047851563 0.118392944335938 -0.0293502807617188
0.00847244262695313 -0.05426025390625 0.02154541015625 -0.6727294921875
-0.0123815536499023 -0.00348949432373047 -0.63153076171875 -0.50555419921875
0.000165939331054685 0.0349483489990234 -0.713623046875 0.29034423828125
0.00546646118164063 0.0193424224853516 -0.20965576171875 0.621826171875
0.0068817138671875 -0.027740478515625 0.0948486328125 0.486419677734375
-0.00692367553710937 -0.0509834289550781 0.209274291992188 0.165084838867188
-0.0215034484863281 -0.0200481414794922 0.166030883789063 -0.0964813232421875
-0.00747489929199219 -0.0278892517089844 -0.15679931640625 0.0116119384765625
0.0115509033203125 -0.0803146362304687 -0.168380737304687 -0.278640747070313
0.0120620727539062 -0.0627937316894531 0.047271728515625 -0.487152099609375
0.0151462554931641 0.00961112976074219 0.474212646484375 -0.40765380859375
0.00495147705078125 0.0621757507324219 0.7802734375 0.18072509765625
-0.0348567962646484 0.0108776092529297 0.4971923828125 0.752197265625
0.00572013854980468 -0.0273418426513672 -0.03985595703125 0.6451416015625
0.0597267150878906 -0.0548210144042969 0.105171203613281 -0.0176773071289063
0.0141944885253906 -0.0527076721191406 0.04669189453125 -0.6773681640625
-0.0129890441894531 0.00868892669677734 -0.6094970703125 -0.55523681640625
-0.000438690185546871 0.0483016967773438 -0.7427978515625 0.233154296875
-0.000165939331054686 0.0207347869873047 -0.25018310546875 0.603515625
-0.000434875488281252 -0.041839599609375 0.068511962890625 0.488037109375
-0.00905609130859376 -0.070556640625 0.198410034179688 0.171112060546875
-0.0203495025634766 -0.0252914428710937 0.164291381835938 -0.096038818359375
-0.00717353820800781 -0.0289402008056641 -0.162872314453125 0.0211029052734375
0.00666046142578124 -0.0907363891601563 -0.1795654296875 -0.26300048828125
-0.00126647949218751 -0.0730743408203125 0.02581787109375 -0.48931884765625
0.0088653564453125 0.00867843627929688 0.448822021484375 -0.455963134765625
0.009063720703125 0.071014404296875 0.7857666015625 0.091064453125
-0.0321006774902344 0.0245227813720703 0.5472412109375 0.6806640625
0.00486946105957031 -0.0229816436767578 -0.01220703125 0.6351318359375
0.06683349609375 -0.0576248168945312 0.0889816284179688 -0.0019073486328125
0.022308349609375 -0.0521621704101563 0.0841674804687499 -0.68292236328125
-0.0128707885742187 0.0158605575561523 -0.5732421875 -0.6273193359375
-0.00458526611328125 0.058319091796875 -0.76873779296875 0.15350341796875
-0.00844001770019531 0.0217800140380859 -0.2969970703125 0.5699462890625
-0.0032501220703125 -0.0543098449707031 0.0421142578125 0.487030029296875
-0.00502014160156251 -0.082183837890625 0.192840576171875 0.181381225585938
-0.0158710479736328 -0.0266246795654297 0.164382934570313 -0.092193603515625
-0.0149116516113281 0.0209999084472656 -0.170761108398438 0.0164642333984375
0.0216789245605469 0.036376953125 -0.171295166015625 -0.237228393554688
0.0542373657226563 0.0412445068359375 0.062042236328125 -0.47705078125
0.0445137023925781 0.0303153991699219 0.468780517578125 -0.458587646484375
0.0114641189575195 0.000766754150390625 0.76654052734375 0.09307861328125
-0.0181808471679687 -0.0641670227050781 0.51617431640625 0.67034912109375
-0.0162506103515625 -0.0335311889648438 -0.0412597656250001 0.62139892578125
0.00114345550537109 -0.0151071548461914 0.0757827758789063 -0.0156326293945313
0.00492095947265625 -0.05975341796875 0.05615234375 -0.6907958984375
-0.005401611328125 -0.0755233764648438 -0.599365234375 -0.6343994140625
-0.0036773681640625 -0.0217533111572266 -0.7657470703125 0.148193359375
0.0274200439453125 0.0339488983154297 -0.264862060546875 0.5526123046875
0.0420303344726563 0.0557365417480469 0.090789794921875 0.475311279296875
0.0176162719726563 0.0328445434570313 0.22320556640625 0.177291870117188
-0.0197200775146484 0.0227565765380859 0.171218872070312 -0.092315673828125
-0.0157032012939453 0.013941764831543 -0.166702270507813 0.00999450683593747
0.0138759613037109 0.0297145843505859 -0.163116455078125 -0.2547607421875
0.0491752624511719 0.0427207946777344 0.0753173828125 -0.471435546875
0.0467681884765625 0.0340538024902344 0.490081787109375 -0.40802001953125
0.0149669647216797 0.00269794464111328 0.76104736328125 0.17547607421875
-0.0153617858886719 -0.0648956298828125 0.47406005859375 0.7330322265625
-0.0134506225585938 -0.0371665954589844 -0.0632324218750001 0.62860107421875
0.00408744812011719 -0.0212268829345703 0.0934906005859375 -0.024444580078125
-0.00185394287109375 -0.0610008239746094 0.02679443359375 -0.67767333984375
-0.0147132873535156 -0.0678558349609375 -0.62750244140625 -0.5614013671875
-0.00493812561035157 -0.0211982727050781 -0.7373046875 0.2236328125
0.0283184051513672 0.0271396636962891 -0.23040771484375 0.58148193359375
0.045928955078125 0.0419731140136719 0.105255126953125 0.473724365234375
0.0177536010742188 0.0250186920166016 0.22271728515625 0.163589477539063
-0.0214138031005859 0.0184288024902344 0.170074462890625 -0.0970306396484375
-0.0174674987792969 0.0022592544555664 -0.160369873046875 0.00567626953124997
0.0099191665649414 0.0127277374267578 -0.152969360351562 -0.267745971679688
0.0415573120117188 0.03271484375 0.090118408203125 -0.475311279296875
0.0425643920898438 0.0373497009277344 0.503173828125 -0.370635986328125
0.0144052505493164 0.0124244689941406 0.74896240234375 0.2437744140625
-0.0117988586425781 -0.0573692321777344 0.437744140625 0.78765869140625
-0.0097808837890625 -0.0361404418945313 -0.08477783203125 0.63568115234375
0.0110569000244141 -0.0266036987304687 0.107032775878906 -0.0341415405273438
-0.00380325317382813 -0.0610008239746094 0.00616455078124993 -0.66802978515625
-0.01812744140625 -0.0537223815917969 -0.64312744140625 -0.50335693359375
-0.00667190551757812 -0.00966548919677735 -0.71258544921875 0.28057861328125
0.0230197906494141 0.0189533233642578 -0.19976806640625 0.6053466796875
0.0418205261230469 0.0222282409667969 0.112274169921875 0.47216796875
0.0147504806518555 0.00986289978027344 0.217788696289063 0.158966064453125
-0.0232582092285156 0.0133075714111328 0.165115356445313 -0.0987396240234375
-0.0136909484863281 -0.00690841674804688 -0.154190063476562 0.00340270996093747
0.00930404663085938 -0.0104999542236328 -0.14593505859375 -0.28387451171875
0.0356712341308594 0.0123329162597656 0.092498779296875 -0.478057861328125
0.0383529663085938 0.0329208374023438 0.505218505859375 -0.35589599609375
0.0128955841064453 0.0231571197509766 0.7462158203125 0.27764892578125
-0.017852783203125 -0.0446281433105469 0.41583251953125 0.8179931640625
-0.00358200073242188 -0.0348014831542969 -0.0889892578125001 0.64239501953125
0.0226764678955078 -0.0344886779785156 0.116691589355469 -0.0364532470703125
-0.00279998779296875 -0.0579185485839844 -0.00396728515625002 -0.66168212890625
-0.0193214416503906 -0.0370521545410156 -0.64697265625 -0.47308349609375
-0.00548696517944336 0.0031585693359375 -0.70068359375 0.31329345703125
0.0182228088378906 0.0186405181884766 -0.181884765625 0.621337890625
0.0313892364501953 0.00537490844726563 0.1171875 0.477783203125
0.00676918029785156 -0.00948238372802735 0.217010498046875 0.1578369140625
-0.0219841003417969 0.00114822387695312 0.165451049804687 -0.1004638671875
-0.0121421813964844 -0.0216159820556641 -0.155609130859375 0.000701904296875026
0.0148563385009766 -0.0328769683837891 -0.147674560546875 -0.28936767578125
0.0307598114013672 -0.0181045532226563 0.0819091796875 -0.485137939453125
0.0304641723632813 0.0228404998779297 0.49749755859375 -0.353759765625
0.00864791870117187 0.0367050170898438 0.74664306640625 0.27716064453125
-0.0214824676513672 -0.0285205841064453 0.421142578125 0.82470703125
0.00188636779785156 -0.0334873199462891 -0.08453369140625 0.64788818359375
0.0362129211425781 -0.0412673950195313 0.120849609375 -0.035064697265625
0.00215911865234376 -0.0554733276367188 0.0069580078125 -0.66253662109375
-0.0160083770751953 -0.0207061767578125 -0.64019775390625 -0.47186279296875
-0.00135421752929687 0.0203685760498047 -0.69464111328125 0.3175048828125
0.0124797821044922 0.0171194076538086 -0.183837890625 0.626220703125
0.0203094482421875 -0.0132656097412109 0.111846923828125 0.479888916015625
-5.91278076171862E-05 -0.0286941528320313 0.217041015625 0.15948486328125
-0.0231914520263672 -0.00920486450195313 0.164932250976563 -0.09619140625
-0.00938034057617187 -0.0272312164306641 -0.154678344726563 0.00489807128906249
0.0158653259277344 -0.0599250793457031 -0.1546630859375 -0.286346435546875
0.0224876403808594 -0.0445671081542969 0.06512451171875 -0.48876953125
0.0225620269775391 0.0136547088623047 0.4869384765625 -0.374481201171875
0.0042877197265625 0.0509033203125 0.75909423828125 0.241943359375
-0.0292110443115234 -0.00968551635742188 0.4500732421875 0.797607421875
0.00496673583984375 -0.0302810668945313 -0.06817626953125 0.64642333984375
0.0492172241210938 -0.0476913452148437 0.11737060546875 -0.0277023315429688
0.00749588012695313 -0.0523834228515625 0.0203857421875 -0.66717529296875
-0.012761116027832 -0.00435829162597656 -0.6268310546875 -0.50079345703125
0.000816345214843754 0.0355796813964844 -0.708251953125 0.28985595703125
0.00500106811523437 0.0192108154296875 -0.2064208984375 0.6195068359375
0.00733375549316406 -0.0295391082763672 0.096405029296875 0.48406982421875
-0.00641632080078125 -0.0507278442382813 0.20953369140625 0.163711547851563
-0.0207462310791016 -0.0187568664550781 0.165390014648437 -0.0939178466796875
-0.00717353820800781 -0.0277194976806641 -0.155929565429688 0.0127105712890625
0.0114974975585938 -0.080322265625 -0.167678833007812 -0.277603149414063
0.0109825134277344 -0.06280517578125 0.0455322265625 -0.48565673828125
0.0148172378540039 0.0090036392211914 0.469207763671875 -0.408935546875
0.00410079956054687 0.0613632202148437 0.7750244140625 0.17608642578125
-0.0330963134765625 0.00779914855957032 0.4954833984375 0.74517822265625
0.00574302673339844 -0.0272159576416016 -0.040283203125 0.64111328125
0.0599594116210938 -0.0546340942382812 0.105308532714844 -0.0177459716796875
0.0145606994628906 -0.051666259765625 0.0483398437499999 -0.67205810546875
-0.0127716064453125 0.00803184509277344 -0.60504150390625 -0.55035400390625
9.15527343750036E-05 0.0480079650878906 -0.73583984375 0.23370361328125
0.000249862670898438 0.0194683074951172 -0.24658203125 0.59967041015625
-0.00057601928710937 -0.0430145263671875 0.0682373046875 0.4844970703125
-0.0097503662109375 -0.0698509216308594 0.19903564453125 0.170150756835938
-0.0183601379394531 -0.0243644714355469 0.16278076171875 -0.09393310546875
-0.00676155090332031 -0.0265693664550781 -0.16180419921875 0.0225982666015625
0.00595855712890625 -0.0907669067382813 -0.179046630859375 -0.262054443359375
-0.00160980224609375 -0.0733718872070312 0.0228271484375 -0.487274169921875
0.00854206085205078 0.00818824768066406 0.444732666015625 -0.45684814453125
0.00901031494140626 0.0706863403320313 0.78192138671875 0.08831787109375
-0.0317802429199219 0.0244827270507812 0.54425048828125 0.6761474609375
0.00486564636230469 -0.0216541290283203 -0.01141357421875 0.63116455078125
0.0677452087402344 -0.055328369140625 0.089263916015625 -0.000953674316406253
0.0226173400878906 -0.0503883361816406 0.08526611328125 -0.67852783203125
-0.0106220245361328 0.0153875350952148 -0.56719970703125 -0.62261962890625
-0.00492477416992188 0.0574874877929688 -0.7625732421875 0.1549072265625
-0.00713920593261719 0.0197486877441406 -0.2940673828125 0.567626953125
-0.00314712524414062 -0.0543365478515625 0.0421142578125 0.483856201171875
-0.00698852539062499 -0.08367919921875 0.192947387695313 0.180877685546875
-0.0150127410888672 -0.026336669921875 0.163192749023438 -0.0915985107421875
-0.0143756866455078 0.0208873748779297 -0.170074462890625 0.018402099609375
0.0212631225585938 0.0364494323730469 -0.171127319335938 -0.2359619140625
0.0542984008789062 0.0412826538085937 0.0609436035156249 -0.475830078125
0.0441741943359375 0.0304641723632813 0.465423583984375 -0.4573974609375
0.0113649368286133 0.000960350036621094 0.76104736328125 0.09173583984375
-0.0181999206542969 -0.0636444091796875 0.5118408203125 0.6671142578125
-0.0168552398681641 -0.0320720672607422 -0.04339599609375 0.6171875
0.000605583190917967 -0.0145292282104492 0.0746612548828125 -0.0137557983398438
0.0052337646484375 -0.0586433410644531 0.0573120117187499 -0.6845703125
-0.00604248046875001 -0.0750198364257813 -0.59735107421875 -0.630859375
-0.000997543334960937 -0.0216922760009766 -0.760009765625 0.14599609375
0.0277233123779297 0.0346584320068359 -0.264434814453125 0.54888916015625
0.042449951171875 0.0556793212890625 0.091094970703125 0.47125244140625
0.0171108245849609 0.0334339141845703 0.22235107421875 0.177169799804687
-0.0202083587646484 0.0231952667236328 0.16925048828125 -0.091278076171875
-0.0156402587890625 0.0144853591918945 -0.16522216796875 0.010894775390625
0.01483154296875 0.0304164886474609 -0.163467407226563 -0.25146484375
0.04901123046875 0.0433082580566406 0.07611083984375 -0.468231201171875
0.045623779296875 0.034149169921875 0.4871826171875 -0.4083251953125
0.0151987075805664 0.00259780883789063 0.7554931640625 0.1708984375
-0.0137939453125 -0.0661048889160156 0.47039794921875 0.72979736328125
-0.0119056701660156 -0.03546142578125 -0.06524658203125 0.6248779296875
0.003753662109375 -0.0188484191894531 0.0924148559570313 -0.0236129760742188
-0.00225448608398438 -0.0595321655273437 0.0267333984375 -0.67193603515625
-0.0144500732421875 -0.0689010620117188 -0.6224365234375 -0.5560302734375
-0.00411033630371094 -0.0188941955566406 -0.7337646484375 0.22265625
0.0288429260253906 0.0257930755615234 -0.227294921875 0.57867431640625
0.0470924377441406 0.0418968200683594 0.1044921875 0.47076416015625
0.0168972015380859 0.0251121520996094 0.22161865234375 0.16375732421875
-0.0225067138671875 0.0199165344238281 0.168838500976562 -0.0965728759765625
-0.0167312622070313 0.00282859802246094 -0.160232543945313 0.0068206787109375
0.0101251602172852 0.0146942138671875 -0.152053833007813 -0.264511108398438
0.0412788391113281 0.0317955017089844 0.08966064453125 -0.47607421875
0.0423126220703125 0.0365257263183594 0.49871826171875 -0.36968994140625
0.0154275894165039 0.0109119415283203 0.7464599609375 0.24127197265625
-0.0128898620605469 -0.0578155517578125 0.43402099609375 0.78125
-0.00754165649414062 -0.0337276458740234 -0.0841674804687499 0.63189697265625
0.0095672607421875 -0.0269489288330078 0.105293273925781 -0.0320281982421875
-0.00368881225585937 -0.0580863952636719 0.00634765624999993 -0.66217041015625
-0.0179061889648438 -0.0534706115722656 -0.63983154296875 -0.501708984375
-0.00686454772949219 -0.00969791412353515 -0.70770263671875 0.27996826171875
0.0231838226318359 0.0193042755126953 -0.1976318359375 0.603759765625
0.0411720275878906 0.0218315124511719 0.112091064453125 0.47186279296875
0.0125713348388672 0.0116090774536133 0.2176513671875 0.159133911132812
-0.0232124328613281 0.0122489929199219 0.166091918945313 -0.099395751953125
-0.0142650604248047 -0.00660228729248047 -0.15557861328125 0.00259399414062497
0.00875473022460938 -0.00877141952514648 -0.144378662109375 -0.280685424804688
0.0350971221923828 0.0124015808105469 0.09039306640625 -0.478240966796875
0.0372886657714844 0.0320549011230469 0.501190185546875 -0.354248046875
0.0128326416015625 0.0234622955322266 0.7420654296875 0.27447509765625
-0.0164871215820313 -0.045654296875 0.41455078125 0.81292724609375
-0.00216484069824219 -0.0330562591552734 -0.090576171875 0.6397705078125
0.0214824676513672 -0.03216552734375 0.116439819335938 -0.0354537963867188
-0.00370407104492188 -0.0562286376953125 -0.00140380859374997 -0.65814208984375
-0.0192184448242187 -0.0371818542480469 -0.6414794921875 -0.470703125
-0.00459671020507813 0.00337791442871094 -0.6937255859375 0.3138427734375
0.0178451538085938 0.0174789428710938 -0.179443359375 0.618408203125
0.0322055816650391 0.00378990173339844 0.11639404296875 0.475860595703125
0.00586557388305664 -0.00806570053100586 0.216873168945313 0.157577514648438
-0.0228767395019531 0.0030975341796875 0.165023803710937 -0.10076904296875
-0.01226806640625 -0.0215244293212891 -0.157196044921875 0.00129699707031247
0.0145664215087891 -0.0338249206542969 -0.14666748046875 -0.2884521484375
0.0295524597167969 -0.0170230865478516 0.080352783203125 -0.484283447265625
0.0306110382080078 0.0225639343261719 0.494537353515625 -0.35430908203125
0.0075836181640625 0.0364799499511719 0.74273681640625 0.27471923828125
-0.0220241546630859 -0.0297775268554688 0.41558837890625 0.8189697265625
0.00206756591796875 -0.0326309204101562 -0.0841064453125 0.64453125
0.0365142822265625 -0.0394401550292969 0.120285034179688 -0.0339279174804688
0.00110626220703126 -0.0541877746582031 0.00714111328125 -0.65838623046875
-0.0160942077636719 -0.0208301544189453 -0.63555908203125 -0.469970703125
-0.000375747680664063 0.0183773040771484 -0.6907958984375 0.3165283203125
0.0121841430664063 0.0178413391113281 -0.18267822265625 0.62286376953125
0.0195178985595703 -0.0131664276123047 0.111724853515625 0.478790283203125
0.000118255615234375 -0.0284805297851563 0.216598510742188 0.159744262695313
-0.0235385894775391 -0.00794029235839843 0.165328979492188 -0.09527587890625
-0.00792503356933594 -0.0266532897949219 -0.155136108398437 0.00509643554687498
0.0168724060058594 -0.0599861145019531 -0.154205322265625 -0.285675048828125
0.0216598510742188 -0.0450668334960938 0.0645446777343749 -0.486175537109375
0.0227222442626953 0.0148048400878906 0.483184814453125 -0.374114990234375
0.00543212890625 0.0492706298828125 0.75537109375 0.239013671875
-0.0295886993408203 -0.0100555419921875 0.4454345703125 0.79193115234375
0.0052642822265625 -0.0294818878173828 -0.0692138671875 0.6434326171875
0.0496711730957031 -0.0463600158691406 0.115882873535156 -0.0271835327148438
0.00748443603515625 -0.0525436401367188 0.022705078125 -0.6632080078125
-0.0124969482421875 -0.00441551208496094 -0.62451171875 -0.4971923828125
0.000440597534179688 0.0344619750976563 -0.704345703125 0.2889404296875
0.0058746337890625 0.0197906494140625 -0.2049560546875 0.61505126953125
0.0073089599609375 -0.0296001434326172 0.095672607421875 0.48126220703125
-0.00638198852539062 -0.0509452819824219 0.20947265625 0.162506103515625
-0.02020263671875 -0.0170173645019531 0.16448974609375 -0.0949859619140625
-0.0055999755859375 -0.0259552001953125 -0.155487060546875 0.012298583984375
0.0104293823242187 -0.0791397094726563 -0.167236328125 -0.275848388671875
0.0119285583496094 -0.0614509582519531 0.045196533203125 -0.48443603515625
0.0150394439697266 0.00748443603515625 0.466888427734375 -0.4071044921875
0.00530242919921875 0.0610847473144531 0.7701416015625 0.1728515625
-0.0350017547607422 0.00966835021972657 0.493896484375 0.74249267578125
0.00702667236328125 -0.0252914428710937 -0.04193115234375 0.63720703125
0.0597953796386719 -0.051971435546875 0.104476928710938 -0.015625
0.0125503540039063 -0.0520439147949219 0.04974365234375 -0.66815185546875
-0.0125312805175781 0.00844955444335937 -0.6016845703125 -0.5477294921875
0.00133514404296875 0.0480422973632813 -0.7313232421875 0.23406982421875
-0.000118255615234375 0.0202655792236328 -0.24493408203125 0.59686279296875
-0.00095367431640625 -0.0438652038574219 0.068634033203125 0.48211669921875
-0.0099639892578125 -0.0690727233886719 0.199172973632813 0.170028686523438
-0.0174999237060547 -0.0233001708984375 0.162384033203125 -0.0948944091796875
-0.00494384765625 -0.0257358551025391 -0.161483764648438 0.0207061767578125
0.00655364990234375 -0.0894393920898438 -0.179656982421875 -0.260162353515625
-0.0017852783203125 -0.0721054077148438 0.021148681640625 -0.48614501953125
0.00868558883666992 0.00703525543212891 0.440460205078125 -0.454498291015625
0.008941650390625 0.0698356628417969 0.77825927734375 0.08514404296875
-0.0310859680175781 0.0234107971191406 0.54248046875 0.6689453125
0.0068206787109375 -0.0209197998046875 -0.01220703125 0.629150390625
0.0670814514160156 -0.054290771484375 0.0886154174804688 -0.0016326904296875
0.0204696655273437 -0.0488777160644531 0.08648681640625 -0.67291259765625
-0.0125360488891602 0.0158300399780273 -0.56414794921875 -0.6204833984375
-0.00389480590820313 0.0579490661621094 -0.7581787109375 0.15460205078125
-0.007843017578125 0.0206470489501953 -0.2923583984375 0.5654296875
-0.00276565551757812 -0.0555648803710938 0.043243408203125 0.4808349609375
-0.00653839111328125 -0.0817337036132813 0.193359375 0.179840087890625
-0.0138092041015625 -0.0248565673828125 0.163238525390625 -0.089996337890625
-0.0145854949951172 0.0228538513183594 -0.171157836914063 0.0166778564453125
0.0195541381835937 0.0367469787597656 -0.171035766601563 -0.234725952148438
0.0537300109863281 0.0411376953125 0.060455322265625 -0.4752197265625
0.0448112487792969 0.0295906066894531 0.463653564453125 -0.457305908203125
0.0124721527099609 8.20159912109375E-05 0.75848388671875 0.08984375
-0.0176010131835937 -0.065093994140625 0.50897216796875 0.66217041015625
-0.0162239074707031 -0.0305652618408203 -0.0438232421875 0.61407470703125
0.00145721435546875 -0.0123186111450195 0.0754928588867188 -0.014434814453125
0.0045318603515625 -0.0585670471191406 0.05877685546875 -0.6806640625
-0.00528717041015624 -0.0758743286132813 -0.593017578125 -0.6280517578125
-0.000940322875976561 -0.0222110748291016 -0.75628662109375 0.14630126953125
0.0286293029785156 0.035308837890625 -0.261993408203125 0.54681396484375
0.0428047180175781 0.0547142028808594 0.0909423828125 0.469970703125
0.016143798828125 0.0330410003662109 0.22216796875 0.1761474609375
-0.0212764739990234 0.0255699157714844 0.16943359375 -0.09027099609375
-0.0154275894165039 0.0143527984619141 -0.166976928710938 0.0108795166015625
0.0143394470214844 0.0317058563232422 -0.162246704101563 -0.251663208007813
0.0485916137695313 0.0431709289550781 0.07586669921875 -0.468719482421875
0.0460662841796875 0.03399658203125 0.485321044921875 -0.40655517578125
0.0150070190429688 0.00116920471191406 0.75299072265625 0.169921875
-0.0151710510253906 -0.0660400390625 0.4678955078125 0.72540283203125
-0.0135211944580078 -0.0324897766113281 -0.0658569335937501 0.62451171875
0.00447368621826172 -0.0162897109985352 0.0917739868164063 -0.0220108032226563
-0.00156021118164063 -0.0587158203125 0.0291137695312501 -0.66766357421875
-0.0151786804199219 -0.0682449340820313 -0.618408203125 -0.55706787109375
-0.00446128845214844 -0.0210514068603516 -0.7288818359375 0.22186279296875
0.0285778045654297 0.0268402099609375 -0.2279052734375 0.57861328125
0.0464439392089844 0.0416374206542969 0.10516357421875 0.469482421875
0.0157756805419922 0.0254726409912109 0.220962524414063 0.163162231445313
-0.0221080780029297 0.0196876525878906 0.167877197265625 -0.0970458984375
-0.016728401184082 0.0032196044921875 -0.159225463867188 0.00613403320312501
0.00944232940673828 0.0149669647216797 -0.151535034179688 -0.2667236328125
0.0413856506347656 0.034332275390625 0.087738037109375 -0.475921630859375
0.0426902770996094 0.0353469848632813 0.496734619140625 -0.370635986328125
0.0152072906494141 0.0110712051391602 0.74456787109375 0.2381591796875
-0.0131797790527344 -0.0570831298828125 0.431884765625 0.77862548828125
-0.00752449035644532 -0.0332126617431641 -0.0866088867187499 0.63153076171875
0.0108623504638672 -0.0232009887695313 0.104660034179688 -0.03057861328125
-0.00349807739257813 -0.058441162109375 0.0115356445312499 -0.659912109375
-0.0184745788574219 -0.0525741577148438 -0.6341552734375 -0.500244140625
-0.0064697265625 -0.00871753692626953 -0.706787109375 0.27874755859375
0.0235538482666016 0.02001953125 -0.196533203125 0.6009521484375
0.0411911010742188 0.0219230651855469 0.11199951171875 0.470367431640625
0.0119028091430664 0.0105104446411133 0.218399047851562 0.159317016601562
-0.0224456787109375 0.0132312774658203 0.165298461914063 -0.09771728515625
-0.0135135650634766 -0.00582599639892578 -0.15643310546875 0.00291442871093749
0.00983047485351562 -0.008087158203125 -0.146072387695313 -0.280929565429687
0.0355072021484375 0.0119209289550781 0.087860107421875 -0.476806640625
0.0379409790039063 0.0308341979980469 0.499542236328125 -0.3541259765625
0.012725830078125 0.0212936401367188 0.73858642578125 0.27117919921875
-0.0159873962402344 -0.0467529296875 0.4105224609375 0.80780029296875
-0.00200080871582031 -0.032867431640625 -0.09259033203125 0.63800048828125
0.0218048095703125 -0.0309944152832031 0.114143371582031 -0.0343704223632813
-0.0028839111328125 -0.0563278198242188 0.000854492187499953 -0.653564453125
-0.0190505981445313 -0.037811279296875 -0.63824462890625 -0.468505859375
-0.00474834442138672 0.00382232666015625 -0.68975830078125 0.31146240234375
0.017913818359375 0.0175037384033203 -0.17950439453125 0.61651611328125
0.0303916931152344 0.00333786010742188 0.1162109375 0.472686767578125
0.00600814819335938 -0.00804948806762695 0.216278076171875 0.157257080078125
-0.0225925445556641 0.00330543518066407 0.163818359375 -0.0991363525390625
-0.0128555297851563 -0.0205936431884766 -0.156600952148438 0.00117492675781246
0.0153999328613281 -0.0337352752685547 -0.1461181640625 -0.287017822265625
0.0299587249755859 -0.0181293487548828 0.0779113769531249 -0.484222412109375
0.0311012268066406 0.0232887268066406 0.493011474609375 -0.355499267578125
0.00885009765625 0.0360794067382813 0.73968505859375 0.2733154296875
-0.0224781036376953 -0.0302639007568359 0.4139404296875 0.81439208984375
0.00298690795898437 -0.0324821472167969 -0.087158203125 0.6422119140625
0.0358352661132812 -0.0381660461425781 0.119743347167969 -0.0325241088867188
0.000957489013671872 -0.0539703369140625 0.010498046875 -0.6552734375
-0.0159111022949219 -0.0211372375488281 -0.631103515625 -0.46929931640625
-0.000785827636718752 0.0190353393554688 -0.68524169921875 0.3155517578125
0.0114908218383789 0.0173282623291016 -0.1807861328125 0.62176513671875
0.0200443267822266 -0.0129489898681641 0.112335205078125 0.476226806640625
-0.000116348266601561 -0.0291652679443359 0.215896606445313 0.159332275390625
-0.0217075347900391 -0.00845527648925781 0.1644287109375 -0.0952606201171875
-0.00950431823730469 -0.0257301330566406 -0.154586791992188 0.00558471679687503
0.017120361328125 -0.0575675964355469 -0.15362548828125 -0.285797119140625
0.0221748352050781 -0.0449905395507812 0.063140869140625 -0.486175537109375
0.0232906341552734 0.0137844085693359 0.481292724609375 -0.374908447265625
0.00545120239257813 0.0496482849121094 0.752197265625 0.23834228515625
-0.0288944244384766 -0.00997734069824219 0.4434814453125 0.789306640625
0.00531005859375 -0.0287017822265625 -0.0691528320312499 0.639892578125
0.0501785278320312 -0.0449714660644531 0.115180969238281 -0.0264816284179688
0.00801467895507812 -0.0525856018066406 0.0258789062500001 -0.65948486328125
-0.0128622055053711 -0.00499153137207031 -0.62017822265625 -0.4962158203125
0.00197982788085937 0.0342941284179688 -0.69873046875 0.2889404296875
0.00684165954589844 0.0205917358398438 -0.20538330078125 0.614013671875
0.00740814208984375 -0.0301437377929687 0.095001220703125 0.478546142578125
-0.0068817138671875 -0.050689697265625 0.2091064453125 0.163284301757813
-0.0203132629394531 -0.0174160003662109 0.164138793945313 -0.093597412109375
-0.004913330078125 -0.0253963470458984 -0.156448364257813 0.0122833251953125
0.01123046875 -0.078094482421875 -0.16748046875 -0.276458740234375
0.0105628967285156 -0.0633468627929688 0.0434265136718749 -0.485198974609375
0.015995979309082 0.00791358947753906 0.46466064453125 -0.408905029296875
0.00482940673828125 0.0598411560058594 0.7685546875 0.1702880859375
-0.033233642578125 0.00788307189941406 0.4908447265625 0.73675537109375
0.00712394714355469 -0.0243186950683594 -0.0416870117187499 0.63580322265625
0.0607414245605469 -0.0507774353027344 0.103958129882813 -0.0157928466796875
0.0139694213867187 -0.0519142150878906 0.05059814453125 -0.66387939453125
-0.0122470855712891 0.00913238525390625 -0.59716796875 -0.54754638671875
4.19616699218781E-05 0.0482063293457031 -0.7275390625 0.23272705078125
-0.000404357910156251 0.0204696655273438 -0.24365234375 0.5960693359375
-0.000686645507812496 -0.0435333251953125 0.068572998046875 0.482025146484375
-0.01080322265625 -0.069244384765625 0.197616577148438 0.1712646484375
-0.0160865783691406 -0.0222740173339844 0.162918090820313 -0.0943756103515625
-0.00379753112792969 -0.0265140533447266 -0.1617431640625 0.0214385986328125
0.00650787353515626 -0.0883865356445312 -0.179840087890625 -0.259170532226563
-0.00122833251953125 -0.0720596313476563 0.0208740234375 -0.48504638671875
0.00867557525634766 0.00710916519165039 0.437896728515625 -0.4542236328125
0.00825119018554687 0.0694961547851563 0.77410888671875 0.08331298828125
-0.0315189361572266 0.0248680114746094 0.5390625 0.66680908203125
0.00682830810546875 -0.0195064544677734 -0.0135498046875 0.62664794921875
0.0679206848144531 -0.0517463684082031 0.08770751953125 -0.00147247314453125
0.0220870971679688 -0.0498046875 0.08758544921875 -0.6702880859375
-0.0125799179077148 0.0155057907104492 -0.55914306640625 -0.61688232421875
-0.00373458862304688 0.0559501647949219 -0.75518798828125 0.154052734375
-0.00638198852539062 0.0214443206787109 -0.289306640625 0.56298828125
-0.00331878662109375 -0.0544052124023438 0.0439453125 0.4805908203125
-0.00514984130859375 -0.082672119140625 0.193710327148438 0.181060791015625
-0.012603759765625 -0.0242118835449219 0.164276123046875 -0.086456298828125
-0.0138778686523438 0.0222511291503906 -0.1708984375 0.0186309814453125
0.0198249816894531 0.0383491516113281 -0.169387817382812 -0.234420776367188
0.0535888671875 0.0427017211914063 0.059967041015625 -0.47393798828125
0.045166015625 0.0292320251464844 0.462554931640625 -0.456695556640625
0.0116682052612305 -0.00106239318847656 0.75726318359375 0.0882568359375
-0.01776123046875 -0.0644073486328125 0.50677490234375 0.66082763671875
-0.0161323547363281 -0.0294342041015625 -0.04547119140625 0.61480712890625
-3.71932983398429E-05 -0.0110187530517578 0.0749053955078125 -0.0122146606445313
0.00269699096679688 -0.0584487915039063 0.06201171875 -0.6773681640625
-0.00637817382812499 -0.0758438110351562 -0.5882568359375 -0.6258544921875
-0.000934600830078125 -0.0225429534912109 -0.75537109375 0.1474609375
0.0289402008056641 0.0336799621582031 -0.26165771484375 0.54669189453125
0.0425910949707031 0.0549507141113281 0.091094970703125 0.469146728515625
0.0154094696044922 0.0339164733886719 0.222396850585937 0.176971435546875
-0.0206871032714844 0.0255031585693359 0.168533325195312 -0.0902862548828125
-0.0156364440917969 0.0146598815917969 -0.1671142578125 0.011322021484375
0.0133514404296875 0.0302448272705078 -0.162734985351563 -0.250762939453125
0.0489234924316406 0.0438232421875 0.075897216796875 -0.468505859375
0.0468978881835938 0.0353012084960938 0.48388671875 -0.408721923828125
0.0142812728881836 0.00171184539794922 0.7510986328125 0.16900634765625
-0.0153427124023437 -0.0666351318359375 0.46539306640625 0.72222900390625
-0.0129928588867188 -0.0328464508056641 -0.0684814453125001 0.62139892578125
0.00364494323730469 -0.0163660049438477 0.0912933349609375 -0.0207672119140625
-0.00131988525390626 -0.0578422546386719 0.03253173828125 -0.66424560546875
-0.0146408081054687 -0.0692367553710938 -0.6170654296875 -0.5543212890625
-0.00567626953125 -0.0217361450195313 -0.7274169921875 0.22265625
0.0291824340820313 0.02642822265625 -0.2254638671875 0.578125
0.0461502075195313 0.0413665771484375 0.10430908203125 0.46807861328125
0.0156764984130859 0.0253028869628906 0.222183227539063 0.164688110351563
-0.0209751129150391 0.0215396881103516 0.168365478515625 -0.09393310546875
-0.0172853469848633 0.00292205810546875 -0.160308837890625 0.00849914550781247
0.00803375244140625 0.0137920379638672 -0.1527099609375 -0.2650146484375
0.0403327941894531 0.0322647094726563 0.086578369140625 -0.476470947265625
0.0443382263183594 0.0351791381835938 0.495574951171875 -0.373260498046875
0.0149517059326172 0.009796142578125 0.74267578125 0.2353515625
-0.0123977661132813 -0.0584182739257813 0.42852783203125 0.77703857421875
-0.00642776489257813 -0.0330410003662109 -0.088623046875 0.63128662109375
0.0102462768554688 -0.0229740142822266 0.103546142578125 -0.0300140380859375
-0.00437545776367187 -0.0596847534179688 0.0126953125000001 -0.65606689453125
-0.0180854797363281 -0.0537109375 -0.6302490234375 -0.49884033203125
-0.00601482391357422 -0.0106277465820312 -0.703125 0.27642822265625
0.0238037109375 0.0196819305419922 -0.196044921875 0.6005859375
0.0403518676757813 0.0225372314453125 0.11407470703125 0.469635009765625
0.0134181976318359 0.0105075836181641 0.218536376953125 0.159286499023438
-0.0225772857666016 0.0136394500732422 0.166046142578125 -0.0975799560546875
-0.0136995315551758 -0.00566387176513672 -0.15533447265625 0.00277709960937499
0.00829553604125977 -0.00830650329589844 -0.146148681640625 -0.28143310546875
0.0357475280761719 0.0114173889160156 0.08697509765625 -0.47747802734375
0.0385894775390625 0.0321197509765625 0.497772216796875 -0.354217529296875
0.0122566223144531 0.0212917327880859 0.73779296875 0.26904296875
-0.0177841186523438 -0.0464324951171875 0.40826416015625 0.80718994140625
-0.00201797485351562 -0.0311508178710937 -0.0920410156250001 0.636962890625
0.0220565795898437 -0.0293350219726562 0.114639282226563 -0.0342941284179688
-0.00359725952148438 -0.0553627014160156 0.00305175781249996 -0.6517333984375
-0.0190849304199219 -0.0380325317382813 -0.636962890625 -0.467529296875
-0.00515031814575195 0.00311899185180664 -0.6866455078125 0.3111572265625
0.0186424255371094 0.0162601470947266 -0.17864990234375 0.61456298828125
0.0321598052978516 0.00457954406738281 0.116485595703125 0.47222900390625
0.00519084930419922 -0.00900554656982422 0.215911865234375 0.157806396484375
-0.021942138671875 0.00391387939453125 0.163925170898438 -0.0984649658203125
-0.0122280120849609 -0.0202732086181641 -0.1572265625 0.00234985351562497
0.0150947570800781 -0.0329914093017578 -0.145599365234375 -0.287200927734375
0.0286369323730469 -0.0176010131835938 0.077972412109375 -0.48406982421875
0.0303478240966797 0.0221443176269531 0.49102783203125 -0.355072021484375
0.00818824768066406 0.0350818634033203 0.73870849609375 0.270751953125
-0.0224838256835937 -0.0298843383789063 0.412841796875 0.81304931640625
0.00387954711914062 -0.0309829711914063 -0.0872802734375 0.64056396484375
0.0365982055664063 -0.0373649597167969 0.119575500488281 -0.0315780639648438
0.00154876708984375 -0.0524444580078125 0.0115966796874999 -0.6514892578125
-0.0159797668457031 -0.0205898284912109 -0.63018798828125 -0.469482421875
-0.000764846801757811 0.0197811126708984 -0.68341064453125 0.3150634765625
0.0142612457275391 0.0176010131835938 -0.17987060546875 0.619873046875
0.0199356079101563 -0.0139617919921875 0.1124267578125 0.47772216796875
-0.000305175781250001 -0.0288944244384766 0.215362548828125 0.15826416015625
-0.0222759246826172 -0.00641059875488282 0.165084838867188 -0.093109130859375
-0.00893783569335938 -0.0236320495605469 -0.155303955078125 0.00585937500000001
0.016326904296875 -0.0577926635742188 -0.1546630859375 -0.284912109375
0.02117919921875 -0.0449256896972656 0.06072998046875 -0.486785888671875
0.0218429565429688 0.0138149261474609 0.48199462890625 -0.3765869140625
0.00545883178710937 0.0489006042480469 0.7501220703125 0.23419189453125
-0.0299472808837891 -0.012725830078125 0.4422607421875 0.788818359375
0.00750923156738281 -0.0268154144287109 -0.0701904296875001 0.63897705078125
0.0515632629394531 -0.0438995361328125 0.115875244140625 -0.0252914428710938
0.00782012939453125 -0.05194091796875 0.02630615234375 -0.65618896484375
-0.0136613845825195 -0.00421524047851563 -0.61700439453125 -0.49468994140625
0.000999450683593748 0.0336227416992188 -0.6998291015625 0.28704833984375
0.00586509704589844 0.0187225341796875 -0.20416259765625 0.61358642578125
0.00681304931640625 -0.0300483703613281 0.096435546875 0.47833251953125
-0.00677490234375 -0.0512123107910156 0.20849609375 0.1634521484375
-0.0200424194335938 -0.0169639587402344 0.163314819335938 -0.0927581787109375
-0.00509834289550781 -0.0253696441650391 -0.156997680664063 0.012054443359375
0.0118331909179688 -0.0779876708984375 -0.167953491210937 -0.274429321289063
0.0110282897949219 -0.0632743835449219 0.04290771484375 -0.486419677734375
0.0141448974609375 0.00874042510986328 0.463165283203125 -0.409515380859375
0.00352096557617188 0.0595436096191406 0.7674560546875 0.16796875
-0.0333080291748047 0.0089874267578125 0.4879150390625 0.73614501953125
0.00917434692382813 -0.0230960845947266 -0.044677734375 0.63323974609375
0.0613327026367188 -0.0496597290039063 0.103782653808594 -0.0145950317382813
0.0135345458984375 -0.0500946044921875 0.05224609375 -0.662109375
-0.0123815536499023 0.00756263732910156 -0.5933837890625 -0.54473876953125
-0.000434875488281248 0.0480766296386719 -0.72540283203125 0.2332763671875
0.000396728515625002 0.0200920104980469 -0.24365234375 0.5948486328125
-0.00062179565429687 -0.0445785522460938 0.0692138671875 0.479888916015625
-0.0108146667480469 -0.0683212280273438 0.198089599609375 0.171585083007813
-0.0160694122314453 -0.0222873687744141 0.16259765625 -0.0925140380859375
-0.00368309020996094 -0.0255260467529297 -0.161544799804688 0.0229644775390625
0.00696563720703126 -0.0876312255859375 -0.180221557617188 -0.258712768554688
-0.00128936767578125 -0.0732040405273438 0.019500732421875 -0.484100341796875
0.00766324996948242 0.00715446472167969 0.437835693359375 -0.455841064453125
0.00857162475585938 0.0680503845214844 0.77386474609375 0.08099365234375
-0.031524658203125 0.0236263275146484 0.53759765625 0.66534423828125
0.00892066955566406 -0.0189609527587891 -0.01513671875 0.62493896484375
0.0689239501953125 -0.0509529113769531 0.0871353149414063 -0.000137329101562503
0.0212631225585938 -0.0497093200683594 0.08843994140625 -0.66693115234375
-0.0119085311889648 0.0157718658447266 -0.557861328125 -0.616455078125
-0.0034637451171875 0.056488037109375 -0.751708984375 0.1529541015625
-0.00728607177734375 0.0201301574707031 -0.2904052734375 0.5633544921875
-0.00294876098632813 -0.0552444458007813 0.044647216796875 0.4794921875
-0.0074920654296875 -0.08172607421875 0.193832397460938 0.181045532226563
-0.0129833221435547 -0.0248546600341797 0.163986206054688 -0.0883636474609375
-0.0146770477294922 0.0230464935302734 -0.172149658203125 0.0177459716796875
0.0203704833984375 0.0384712219238281 -0.1708984375 -0.234756469726563
0.053375244140625 0.0421714782714844 0.05999755859375 -0.47576904296875
0.0446891784667969 0.0303573608398438 0.4610595703125 -0.460052490234375
0.0101184844970703 -0.00139236450195313 0.75689697265625 0.08807373046875
-0.0191192626953125 -0.0649795532226563 0.504150390625 0.6602783203125
-0.0164661407470703 -0.0275726318359375 -0.04791259765625 0.61505126953125
-0.00034618377685547 -0.009033203125 0.0737533569335938 -0.00992584228515625
0.00465011596679688 -0.0577812194824219 0.06463623046875 -0.67572021484375
-0.00689697265625 -0.0759201049804688 -0.587646484375 -0.62579345703125
-0.000926971435546874 -0.0239391326904297 -0.7554931640625 0.14599609375
0.0288600921630859 0.0346927642822266 -0.262237548828125 0.54473876953125
0.0428619384765625 0.0544166564941406 0.090240478515625 0.469879150390625
0.0155830383300781 0.0343799591064453 0.222305297851563 0.1771240234375
-0.0203342437744141 0.0270957946777344 0.168365478515625 -0.0889739990234375
-0.0150356292724609 0.0156698226928711 -0.168685913085938 0.0108489990234375
0.0119132995605469 0.031341552734375 -0.162063598632813 -0.249923706054688
0.0469207763671875 0.044921875 0.07525634765625 -0.469970703125
0.0465850830078125 0.0349044799804688 0.48406982421875 -0.41107177734375
0.0157575607299805 0.00139999389648438 0.7513427734375 0.16693115234375
-0.0149612426757812 -0.0676651000976563 0.46234130859375 0.72247314453125
-0.0126228332519531 -0.0314350128173828 -0.0699462890624999 0.6217041015625
0.00296974182128906 -0.0150480270385742 0.0909347534179688 -0.0199661254882813
-0.00167465209960938 -0.0589866638183594 0.0340576171875 -0.66424560546875
-0.0147438049316406 -0.0689620971679688 -0.614501953125 -0.5550537109375
-0.00423240661621094 -0.0216789245605469 -0.725830078125 0.22198486328125
0.0288372039794922 0.0254421234130859 -0.224609375 0.57623291015625
0.0451011657714844 0.0413017272949219 0.104949951171875 0.4669189453125
0.0156917572021484 0.0258293151855469 0.220596313476562 0.1651611328125
-0.0223388671875 0.0223236083984375 0.169052124023438 -0.0933685302734375
-0.0160074234008789 0.00405120849609375 -0.161483764648438 0.00761413574218748
0.00773906707763672 0.0148382186889648 -0.152374267578125 -0.264419555664063
0.0402565002441406 0.0337638854980469 0.0862731933593751 -0.478607177734375
0.0439453125 0.0362319946289062 0.496307373046875 -0.374725341796875
0.0152750015258789 0.00858402252197265 0.74359130859375 0.23541259765625
-0.0125160217285156 -0.059356689453125 0.42901611328125 0.77557373046875
-0.00664520263671875 -0.0308036804199219 -0.08929443359375 0.630859375
0.00994300842285156 -0.0221214294433594 0.103523254394531 -0.0298995971679688
-0.00362014770507812 -0.0581512451171875 0.0143432617187499 -0.6561279296875
-0.0188827514648438 -0.0545845031738281 -0.630126953125 -0.49859619140625
-0.00594615936279297 -0.010136604309082 -0.7030029296875 0.27935791015625
0.0250453948974609 0.0206127166748047 -0.19488525390625 0.60052490234375
0.040557861328125 0.0222282409667969 0.11199951171875 0.46942138671875
0.0118227005004883 0.0121726989746094 0.21722412109375 0.160812377929688
-0.0222930908203125 0.0140628814697266 0.165802001953125 -0.09619140625
-0.0133285522460938 -0.005584716796875 -0.157012939453125 0.00292968749999997
0.00781869888305664 -0.0080876350402832 -0.146148681640625 -0.282470703125
0.0348243713378906 0.0128345489501953 0.08709716796875 -0.4808349609375
0.0387802124023438 0.0313529968261719 0.49810791015625 -0.3564453125
0.0109653472900391 0.0202617645263672 0.7364501953125 0.26861572265625
-0.0168800354003906 -0.0467491149902344 0.40728759765625 0.80682373046875
-0.00245475769042968 -0.0303974151611328 -0.0943603515625 0.6357421875
0.0218315124511719 -0.0276260375976563 0.114280700683594 -0.0325469970703125
-0.00402450561523438 -0.0556297302246094 0.00585937499999993 -0.64947509765625
-0.0196533203125 -0.0370063781738281 -0.63360595703125 -0.4698486328125
-0.00428438186645508 0.00274372100830078 -0.68756103515625 0.31201171875
0.0189781188964844 0.017974853515625 -0.17840576171875 0.61444091796875
0.0326004028320313 0.0034027099609375 0.117950439453125 0.473480224609375
0.00393486022949219 -0.00684881210327149 0.216995239257813 0.15887451171875
-0.0220451354980469 0.00399398803710937 0.1629638671875 -0.097808837890625
-0.0121898651123047 -0.0187797546386719 -0.157623291015625 0.0018463134765625
0.0145397186279297 -0.0335044860839844 -0.146484375 -0.2864990234375
0.0296726226806641 -0.0175724029541016 0.07666015625 -0.48675537109375
0.0302848815917969 0.0226840972900391 0.491241455078125 -0.35675048828125
0.00878334045410156 0.0349998474121094 0.73846435546875 0.2701416015625
-0.0239601135253906 -0.0310039520263672 0.410888671875 0.81280517578125
0.00408554077148438 -0.02996826171875 -0.09051513671875 0.64154052734375
0.0374107360839844 -0.0355072021484375 0.120193481445313 -0.0313339233398438
0.00139617919921875 -0.0525894165039063 0.013671875 -0.6494140625
-0.0166969299316406 -0.0226345062255859 -0.62591552734375 -0.4697265625
-0.00112342834472656 0.0185070037841797 -0.682861328125 0.31585693359375
0.0132637023925781 0.0184040069580078 -0.1790771484375 0.61944580078125
0.0192737579345703 -0.0131931304931641 0.112457275390625 0.476318359375
-5.72204589843754E-05 -0.02923583984375 0.215866088867188 0.159652709960938
-0.0207252502441406 -0.00676918029785156 0.165206909179688 -0.093170166015625
-0.00806617736816406 -0.0238780975341797 -0.157196044921875 0.00479125976562502
0.0165328979492188 -0.0594635009765625 -0.155487060546875 -0.28485107421875
0.0203399658203125 -0.0440521240234375 0.060150146484375 -0.486724853515625
0.0213432312011719 0.0134086608886719 0.479339599609375 -0.377532958984375
0.00455856323242187 0.0479965209960938 0.7509765625 0.23406982421875
-0.029998779296875 -0.0112514495849609 0.44036865234375 0.78662109375
0.00816726684570313 -0.0267486572265625 -0.07049560546875 0.63934326171875
0.0514030456542969 -0.0422935485839844 0.114845275878906 -0.0239791870117188
0.00774002075195313 -0.0509414672851562 0.0286865234374999 -0.65478515625
-0.0139904022216797 -0.005096435546875 -0.61566162109375 -0.495361328125
0.00174331665039062 0.0340633392333984 -0.6971435546875 0.28814697265625
0.00708770751953125 0.0184364318847656 -0.20330810546875 0.61395263671875
0.00691032409667968 -0.0297393798828125 0.09503173828125 0.479217529296875
-0.0079803466796875 -0.0511093139648438 0.208847045898438 0.164382934570313
-0.0188674926757813 -0.0165023803710938 0.164825439453125 -0.0925140380859375
-0.00405502319335937 -0.0256118774414063 -0.156845092773438 0.01336669921875
0.0111465454101562 -0.0783309936523437 -0.167877197265625 -0.275192260742188
0.0101203918457031 -0.0617294311523437 0.040557861328125 -0.48828125
0.0149898529052734 0.00748825073242187 0.4627685546875 -0.412109375
0.0049285888671875 0.058441162109375 0.765625 0.16778564453125
-0.0335807800292969 0.00618362426757812 0.48663330078125 0.735107421875
0.00865936279296875 -0.0238246917724609 -0.0447998046875001 0.634765625
0.0621871948242188 -0.0479812622070313 0.102622985839844 -0.014068603515625
0.0142593383789063 -0.0497512817382813 0.05511474609375 -0.65826416015625
-0.012913703918457 0.00879287719726563 -0.59161376953125 -0.5455322265625
0.000259399414062504 0.0483741760253906 -0.72430419921875 0.2318115234375
-5.14984130859354E-05 0.0199604034423828 -0.244140625 0.59515380859375
-0.000946044921875001 -0.0442886352539062 0.0701904296875 0.480560302734375
-0.0111923217773437 -0.0681304931640625 0.199081420898438 0.171768188476562
-0.0157871246337891 -0.0220546722412109 0.163330078125 -0.0933074951171875
-0.00260543823242188 -0.0261764526367187 -0.1627197265625 0.0221099853515625
0.00775909423828126 -0.0885543823242188 -0.180465698242187 -0.25921630859375
-0.00164031982421876 -0.0715179443359375 0.0177001953125 -0.486175537109375
0.00826025009155273 0.00800132751464844 0.43572998046875 -0.457855224609375
0.00796508789062499 0.0671920776367187 0.77105712890625 0.08074951171875
-0.0317764282226563 0.0219154357910156 0.53411865234375 0.662841796875
0.00991439819335938 -0.0195770263671875 -0.0162353515625 0.62457275390625
0.0681495666503906 -0.0497360229492188 0.087615966796875 0.000869750976562497
0.0208625793457031 -0.0482902526855469 0.0921630859374999 -0.66607666015625
-0.0122280120849609 0.016754150390625 -0.55450439453125 -0.61566162109375
-0.00491333007812501 0.0556373596191406 -0.75103759765625 0.153076171875
-0.00725936889648437 0.0206184387207031 -0.28973388671875 0.56268310546875
-0.00276565551757812 -0.054901123046875 0.04522705078125 0.480712890625
-0.00630950927734374 -0.0813980102539062 0.193984985351563 0.182769775390625
-0.0121574401855469 -0.0229110717773438 0.163436889648438 -0.08843994140625
-0.0136146545410156 0.0232391357421875 -0.17327880859375 0.0189056396484375
0.01898193359375 0.0383834838867188 -0.1693115234375 -0.23492431640625
0.0541496276855469 0.0425643920898438 0.060455322265625 -0.478179931640625
0.04449462890625 0.029693603515625 0.462799072265625 -0.459716796875
0.0114774703979492 -0.00213623046875 0.75775146484375 0.08465576171875
-0.0191688537597656 -0.0669822692871094 0.50384521484375 0.6590576171875
-0.0154972076416016 -0.0288867950439453 -0.0480957031250001 0.61578369140625
0.00034332275390625 -0.00931072235107422 0.0744171142578125 -0.0103302001953125
0.00347900390624999 -0.0576705932617187 0.065673828125 -0.6739501953125
-0.00645446777343749 -0.0761566162109375 -0.58697509765625 -0.626953125
-0.00112724304199219 -0.0238933563232422 -0.75421142578125 0.1451416015625
0.0283489227294922 0.0351161956787109 -0.261474609375 0.546478271484375
0.0433006286621094 0.0552215576171875 0.091217041015625 0.471099853515625
0.0142192840576172 0.034454345703125 0.222442626953125 0.178131103515625
-0.0205364227294922 0.0282211303710937 0.169357299804688 -0.0882720947265625
-0.0148601531982422 0.0161056518554687 -0.1693115234375 0.0107421875
0.0118465423583984 0.0305557250976563 -0.16229248046875 -0.250885009765625
0.0480117797851563 0.0435562133789063 0.07635498046875 -0.474822998046875
0.0464324951171875 0.0348243713378906 0.4835205078125 -0.412200927734375
0.0167655944824219 -0.000272750854492188 0.75250244140625 0.16650390625
-0.0147666931152344 -0.067901611328125 0.4619140625 0.722900390625
-0.0124492645263672 -0.0317840576171875 -0.0722045898437499 0.62322998046875
0.00315666198730469 -0.0122013092041016 0.0910568237304687 -0.0190963745117187
-0.00139999389648438 -0.0586624145507813 0.0369873046875 -0.66351318359375
-0.0146369934082031 -0.0695648193359375 -0.614501953125 -0.55474853515625
-0.00413322448730469 -0.0208816528320313 -0.7269287109375 0.22161865234375
0.0300521850585938 0.0255336761474609 -0.22479248046875 0.57623291015625
0.0457649230957031 0.0400543212890625 0.10498046875 0.4691162109375
0.0157794952392578 0.026092529296875 0.22222900390625 0.167236328125
-0.0219135284423828 0.0226802825927734 0.168106079101563 -0.093505859375
-0.0172367095947266 0.00494098663330078 -0.161819458007812 0.00665283203125
0.00826835632324219 0.0156745910644531 -0.153152465820313 -0.265533447265625
0.041259765625 0.0336189270019531 0.0872802734375 -0.482086181640625
0.0439643859863281 0.0358047485351563 0.49505615234375 -0.376434326171875
0.0158367156982422 0.00961399078369141 0.74237060546875 0.234619140625
-0.012420654296875 -0.0612831115722656 0.425537109375 0.7767333984375
-0.005523681640625 -0.0300712585449219 -0.0902709960937499 0.6322021484375
0.0113735198974609 -0.0199184417724609 0.103042602539063 -0.0291061401367188
-0.00525665283203125 -0.05828857421875 0.0159912109375 -0.65533447265625
-0.0187492370605469 -0.0560989379882813 -0.6292724609375 -0.5003662109375
-0.00750732421875 -0.0111656188964844 -0.70269775390625 0.28033447265625
0.0249519348144531 0.0193748474121094 -0.19586181640625 0.60076904296875
0.0411033630371094 0.0227584838867188 0.112548828125 0.47113037109375
0.0109739303588867 0.0104141235351563 0.219802856445313 0.161544799804688
-0.0230350494384766 0.0159130096435547 0.16607666015625 -0.09625244140625
-0.0125083923339844 -0.00520133972167969 -0.158798217773438 0.003753662109375
0.00798273086547851 -0.00805139541625977 -0.147430419921875 -0.282257080078125
0.0347175598144531 0.0116958618164063 0.087646484375 -0.48223876953125
0.0384025573730469 0.0306777954101563 0.498199462890625 -0.358184814453125
0.0113620758056641 0.0185127258300781 0.739013671875 0.26800537109375
-0.0174407958984375 -0.0481643676757813 0.4066162109375 0.8077392578125
-0.000511169433593752 -0.0308723449707031 -0.09552001953125 0.63739013671875
0.0223522186279297 -0.0269241333007813 0.113273620605469 -0.0317306518554688
-0.003387451171875 -0.0558013916015625 0.00939941406250006 -0.6492919921875
-0.0198516845703125 -0.0368003845214844 -0.6328125 -0.46966552734375
-0.00423979759216309 0.00232100486755371 -0.6876220703125 0.31219482421875
0.0208415985107422 0.0162925720214844 -0.17828369140625 0.61614990234375
0.0313339233398438 0.00353240966796875 0.1180419921875 0.474029541015625
0.0049138069152832 -0.00840044021606445 0.2176513671875 0.160110473632813
-0.0215110778808594 0.00599861145019532 0.164825439453125 -0.0971221923828125
-0.0127735137939453 -0.0194854736328125 -0.159439086914063 0.00306701660156252
0.0144710540771484 -0.0332241058349609 -0.14727783203125 -0.2879638671875
0.0284576416015625 -0.0172767639160156 0.07720947265625 -0.4886474609375
0.0287017822265625 0.0223274230957031 0.491485595703125 -0.358856201171875
0.00862693786621093 0.0343246459960937 0.73895263671875 0.26934814453125
-0.0222663879394531 -0.0310211181640625 0.41070556640625 0.814208984375
0.00513458251953125 -0.0286655426025391 -0.09088134765625 0.6416015625
0.0368156433105469 -0.0349311828613281 0.119560241699219 -0.0304489135742188
-3.05175781250009E-05 -0.0522308349609375 0.01544189453125 -0.6510009765625
-0.0170059204101563 -0.0208015441894531 -0.62713623046875 -0.46978759765625
-0.00146675109863281 0.0186920166015625 -0.68341064453125 0.3154296875
0.0142574310302734 0.0176944732666016 -0.1796875 0.62115478515625
0.0194454193115234 -0.0137386322021484 0.111785888671875 0.477325439453125
-0.00123023986816406 -0.0294380187988281 0.217086791992188 0.160675048828125
-0.0202445983886719 -0.00539970397949219 0.164993286132813 -0.092620849609375
-0.00740623474121094 -0.0244350433349609 -0.159515380859375 0.00697326660156249
0.016876220703125 -0.058441162109375 -0.154754638671875 -0.285614013671875
0.0211181640625 -0.0449752807617188 0.0596923828125 -0.48883056640625
0.0226173400878906 0.0132789611816406 0.47882080078125 -0.378814697265625
0.00527572631835938 0.0470161437988281 0.74951171875 0.23248291015625
-0.0299282073974609 -0.0119132995605469 0.44134521484375 0.78717041015625
0.00869560241699219 -0.0264568328857422 -0.0725097656249999 0.64093017578125
0.0528335571289063 -0.0416030883789063 0.115814208984375 -0.0238800048828125
0.00755691528320313 -0.0510177612304688 0.031982421875 -0.65576171875
-0.0146331787109375 -0.00408554077148437 -0.6148681640625 -0.49713134765625
0.00192832946777344 0.0342350006103516 -0.69720458984375 0.2886962890625
0.00658035278320313 0.0193214416503906 -0.2027587890625 0.6151123046875
0.00715827941894531 -0.0302886962890625 0.096893310546875 0.479461669921875
-0.0092315673828125 -0.0508537292480469 0.210067749023437 0.165451049804687
-0.0182380676269531 -0.0157318115234375 0.164932250976563 -0.0925445556640625
-0.00317001342773437 -0.0240917205810547 -0.159698486328125 0.011566162109375
0.0124435424804688 -0.0794219970703125 -0.169464111328125 -0.276153564453125
0.0103340148925781 -0.0631523132324219 0.041351318359375 -0.48834228515625
0.0150823593139648 0.00690650939941406 0.461334228515625 -0.41339111328125
0.003662109375 0.0575981140136719 0.7684326171875 0.16619873046875
-0.0330848693847656 0.00718879699707031 0.48651123046875 0.7349853515625
0.0112648010253906 -0.0225143432617188 -0.045654296875 0.6348876953125
0.0626335144042969 -0.0467071533203125 0.103279113769531 -0.0127487182617188
0.013946533203125 -0.0495414733886719 0.056640625 -0.65960693359375
-0.0125999450683594 0.00850009918212891 -0.591552734375 -0.5469970703125
0.000267028808593747 0.0475082397460938 -0.724853515625 0.23187255859375
0.000310897827148439 0.0194664001464844 -0.24298095703125 0.59600830078125
-0.0011138916015625 -0.044952392578125 0.070465087890625 0.482635498046875
-0.0115623474121094 -0.0695343017578125 0.200836181640625 0.172836303710938
-0.0156478881835937 -0.0219230651855469 0.164962768554688 -0.09234619140625
-0.00219917297363281 -0.0258998870849609 -0.1619873046875 0.0216217041015625
0.00774383544921876 -0.0872039794921875 -0.179656982421875 -0.259262084960938
-0.00286102294921875 -0.071685791015625 0.017578125 -0.48809814453125
0.00602817535400391 0.0081639289855957 0.43487548828125 -0.45849609375
0.00748062133789063 0.0688133239746094 0.773681640625 0.07928466796875
-0.030914306640625 0.0219383239746094 0.5355224609375 0.66357421875
0.0100278854370117 -0.0174646377563477 -0.0166015625 0.62738037109375
0.0706024169921875 -0.0481109619140625 0.0863723754882813 0.00130462646484375
0.0217742919921875 -0.0492820739746094 0.09454345703125 -0.66534423828125
-0.0135126113891602 0.0168657302856445 -0.55303955078125 -0.61834716796875
-0.00379180908203125 0.0565528869628906 -0.7508544921875 0.15338134765625
-0.00731468200683594 0.021759033203125 -0.2904052734375 0.5638427734375
-0.00362396240234375 -0.0578346252441406 0.04498291015625 0.48065185546875
-0.00734710693359374 -0.0821609497070312 0.195449829101563 0.182998657226563
-0.0112152099609375 -0.0236701965332031 0.163848876953125 -0.088531494140625
-0.0146923065185547 0.0235767364501953 -0.174087524414063 0.01904296875
0.0189399719238281 0.0399398803710938 -0.170822143554687 -0.235382080078125
0.0546951293945313 0.0428276062011719 0.0589599609375 -0.481170654296875
0.0464019775390625 0.0306129455566406 0.463287353515625 -0.4642333984375
0.0111227035522461 -0.00379276275634766 0.7581787109375 0.0838623046875
-0.0178909301757812 -0.0670814514160156 0.50628662109375 0.65972900390625
-0.0153961181640625 -0.0272045135498047 -0.04937744140625 0.6173095703125
0.000164508819580077 -0.00822067260742188 0.0749282836914063 -0.00913238525390625
0.00439834594726562 -0.0567245483398437 0.0677490234375 -0.67645263671875
-0.00636291503906249 -0.0765533447265625 -0.58819580078125 -0.62982177734375
-0.00025367736816406 -0.0240898132324219 -0.75518798828125 0.14569091796875
0.0300559997558594 0.0336856842041016 -0.26251220703125 0.5478515625
0.0441818237304688 0.0553436279296875 0.0924072265625 0.471649169921875
0.0135650634765625 0.0361709594726563 0.224960327148437 0.17913818359375
-0.0201930999755859 0.0288677215576172 0.169784545898438 -0.087677001953125
-0.0157966613769531 0.0160694122314453 -0.169235229492188 0.01116943359375
0.0118522644042969 0.0332489013671875 -0.163223266601563 -0.25146484375
0.0481796264648438 0.0434074401855469 0.075469970703125 -0.474395751953125
0.0466880798339844 0.0345993041992188 0.4835205078125 -0.4140625
0.015350341796875 0.000414848327636719 0.7532958984375 0.1644287109375
-0.0157394409179688 -0.0684623718261719 0.4635009765625 0.72357177734375
-0.0121116638183594 -0.0309257507324219 -0.072509765625 0.6243896484375
0.00277614593505859 -0.0123710632324219 0.0922164916992188 -0.018310546875
-0.00290298461914062 -0.056732177734375 0.0390625 -0.6632080078125
-0.0160102844238281 -0.0684394836425781 -0.6142578125 -0.5565185546875
-0.00461959838867187 -0.0224838256835938 -0.72821044921875 0.2218017578125
0.0297870635986328 0.0244808197021484 -0.2269287109375 0.578857421875
0.0465927124023437 0.0411796569824219 0.104644775390625 0.469818115234375
0.0132865905761719 0.0272884368896484 0.22369384765625 0.167510986328125
-0.0223140716552734 0.0250053405761719 0.169448852539063 -0.0943450927734375
-0.0165910720825195 0.00482749938964843 -0.1630859375 0.00621032714843749
0.00779247283935547 0.0162029266357422 -0.15277099609375 -0.26611328125
0.0413970947265625 0.0331382751464844 0.084442138671875 -0.48468017578125
0.0448226928710938 0.0363922119140625 0.498046875 -0.378082275390625
0.0151796340942383 0.00855064392089844 0.74432373046875 0.2330322265625
-0.013214111328125 -0.0609779357910156 0.42767333984375 0.776611328125
-0.00522994995117188 -0.0304679870605469 -0.0909423828125001 0.63421630859375
0.00986099243164063 -0.0184669494628906 0.104705810546875 -0.0274124145507813
-0.00502777099609375 -0.0581016540527344 0.01824951171875 -0.65521240234375
-0.0192756652832031 -0.0558280944824219 -0.63055419921875 -0.50286865234375
-0.00712394714355469 -0.0101385116577148 -0.7034912109375 0.2784423828125
0.0256538391113281 0.0191078186035156 -0.1937255859375 0.60321044921875
0.0425071716308594 0.022430419921875 0.113555908203125 0.47271728515625
0.0108022689819336 0.0115013122558594 0.220321655273438 0.162368774414063
-0.0233745574951172 0.0173358917236328 0.166213989257813 -0.096221923828125
-0.0121698379516602 -0.00335121154785156 -0.159225463867188 0.00390624999999999
0.00847864151000976 -0.00810527801513672 -0.14630126953125 -0.28326416015625
0.0351123809814453 0.0133285522460938 0.083740234375 -0.485565185546875
0.0390205383300781 0.0312728881835938 0.498687744140625 -0.360809326171875
0.0125293731689453 0.0190753936767578 0.73822021484375 0.2672119140625
-0.0176277160644531 -0.0480842590332031 0.4073486328125 0.80804443359375
-9.91821289062505E-05 -0.0294609069824219 -0.096923828125 0.63897705078125
0.0225505828857422 -0.0259189605712891 0.11407470703125 -0.0313873291015625
-0.00373077392578125 -0.053192138671875 0.0107421874999999 -0.65081787109375
-0.0196151733398438 -0.0381622314453125 -0.63323974609375 -0.470458984375
-0.00425100326538086 0.00314640998840332 -0.6888427734375 0.31402587890625
0.0204563140869141 0.016204833984375 -0.1790771484375 0.61712646484375
0.0328483581542969 0.00343704223632813 0.116241455078125 0.475311279296875
0.00547409057617188 -0.00783061981201172 0.219406127929688 0.1607666015625
-0.0210113525390625 0.00597381591796875 0.165802001953125 -0.0975189208984375
-0.0118560791015625 -0.0175104141235352 -0.160263061523438 0.00202941894531253
0.0155563354492187 -0.0323486328125 -0.149444580078125 -0.28826904296875
0.0285701751708984 -0.0168743133544922 0.075653076171875 -0.490142822265625
0.0307674407958984 0.0229530334472656 0.49322509765625 -0.360870361328125
0.00829887390136719 0.0339717864990234 0.73956298828125 0.268798828125
-0.0238685607910156 -0.0315170288085938 0.41265869140625 0.814697265625
0.00531005859375 -0.0284442901611328 -0.09088134765625 0.6424560546875
0.0389442443847656 -0.0340156555175781 0.118965148925781 -0.029937744140625
0.00105667114257812 -0.0524940490722656 0.0181884765625 -0.65081787109375
-0.0163497924804687 -0.0211334228515625 -0.6256103515625 -0.46954345703125
-0.000226974487304688 0.0188674926757813 -0.686279296875 0.31494140625
0.0141048431396484 0.0192756652832031 -0.17987060546875 0.62322998046875
0.0187702178955078 -0.0148086547851563 0.113525390625 0.479705810546875
-0.00210762023925781 -0.029266357421875 0.218658447265625 0.162155151367187
-0.0201587677001953 -0.00478744506835938 0.16668701171875 -0.09295654296875
-0.00582313537597656 -0.0245456695556641 -0.1593017578125 0.00714111328124996
0.0161933898925781 -0.0595321655273437 -0.1568603515625 -0.287200927734375
0.0213394165039063 -0.0450630187988281 0.057342529296875 -0.49285888671875
0.0226154327392578 0.0133304595947266 0.47894287109375 -0.3814697265625
0.00437164306640625 0.0456733703613281 0.7510986328125 0.232666015625
-0.0311203002929688 -0.0121936798095703 0.4423828125 0.78985595703125
0.00891304016113281 -0.0257186889648438 -0.07318115234375 0.6422119140625
0.0528793334960938 -0.0397987365722656 0.115730285644531 -0.023284912109375
0.00739288330078125 -0.0497970581054687 0.03387451171875 -0.65643310546875
-0.0145683288574219 -0.00504589080810547 -0.6146240234375 -0.49932861328125
0.00189971923828125 0.0347957611083984 -0.6990966796875 0.2891845703125
0.00716400146484375 0.0192489624023437 -0.20245361328125 0.61767578125
0.00707244873046875 -0.0312976837158203 0.095306396484375 0.482818603515625
-0.00896072387695312 -0.0509147644042969 0.211746215820312 0.166915893554688
-0.0177764892578125 -0.0149288177490234 0.16607666015625 -0.09271240234375
-0.00313758850097656 -0.0254268646240234 -0.160125732421875 0.0147552490234375
0.012359619140625 -0.0783233642578125 -0.169525146484375 -0.276870727539063
0.0102272033691406 -0.0634689331054688 0.03753662109375 -0.491485595703125
0.0150995254516602 0.00693893432617187 0.461944580078125 -0.41632080078125
0.00316238403320313 0.0573196411132813 0.7701416015625 0.1654052734375
-0.032867431640625 0.00540924072265625 0.4881591796875 0.736083984375
0.0112991333007813 -0.0209922790527344 -0.0455322265624999 0.6361083984375
0.0634765625 -0.0454826354980469 0.102989196777344 -0.0124359130859375
0.0142097473144531 -0.0504989624023438 0.05963134765625 -0.6583251953125
-0.0136642456054688 0.00785923004150391 -0.58984375 -0.54864501953125
0.00139617919921875 0.0470046997070313 -0.72528076171875 0.23504638671875
0.00144004821777344 0.0201835632324219 -0.24432373046875 0.5987548828125
-0.000839233398437498 -0.0445671081542969 0.0703125 0.48583984375
-0.0106582641601562 -0.0695571899414063 0.202224731445313 0.17376708984375
-0.0156211853027344 -0.0212039947509766 0.165451049804688 -0.0931549072265625
-0.00105667114257812 -0.0247211456298828 -0.162429809570313 0.0216217041015625
0.00634002685546875 -0.0896148681640625 -0.181686401367188 -0.260665893554688
-0.0030670166015625 -0.0726394653320312 0.016937255859375 -0.492279052734375
0.00817441940307617 0.00803041458129883 0.436431884765625 -0.462310791015625
0.00643920898437499 0.0674819946289063 0.775634765625 0.07830810546875
-0.0328578948974609 0.0234909057617188 0.53619384765625 0.66448974609375
0.0116043090820313 -0.0177326202392578 -0.0183715820312501 0.6282958984375
0.071380615234375 -0.04754638671875 0.087921142578125 0.001739501953125
0.0219306945800781 -0.0477294921875 0.0953369140625001 -0.66546630859375
-0.0124330520629883 0.0162591934204102 -0.5537109375 -0.61883544921875
-0.00330352783203125 0.0565834045410156 -0.7510986328125 0.154296875
-0.0054931640625 0.0204315185546875 -0.291015625 0.5665283203125
-0.00308609008789063 -0.0574073791503906 0.045074462890625 0.48333740234375
-0.00795745849609375 -0.0830535888671875 0.196151733398437 0.18402099609375
-0.0105419158935547 -0.0220241546630859 0.165679931640625 -0.0881805419921875
-0.01544189453125 0.0246639251708984 -0.176177978515625 0.0200347900390625
0.0193901062011719 0.0409278869628906 -0.172653198242188 -0.235641479492187
0.0546875 0.0431404113769531 0.057159423828125 -0.485260009765625
0.0476226806640625 0.0299606323242188 0.4620361328125 -0.4678955078125
0.0108327865600586 -0.00274658203125 0.761474609375 0.08135986328125
-0.0195045471191406 -0.0673103332519531 0.50518798828125 0.6595458984375
-0.0151405334472656 -0.0274410247802734 -0.05145263671875 0.62030029296875
-0.00102663040161133 -0.00652790069580078 0.075439453125 -0.0079498291015625
0.0025482177734375 -0.0556678771972656 0.0680541992187501 -0.6773681640625
-0.00763702392578125 -0.0778274536132813 -0.5899658203125 -0.63250732421875
-0.000230789184570314 -0.0253849029541016 -0.75726318359375 0.149169921875
0.0319957733154297 0.0336074829101563 -0.263427734375 0.550384521484375
0.0434112548828125 0.054931640625 0.09307861328125 0.47259521484375
0.0118141174316406 0.035858154296875 0.224853515625 0.179840087890625
-0.0212230682373047 0.0303421020507812 0.170166015625 -0.0886688232421875
-0.016087532043457 0.0174150466918945 -0.172088623046875 0.01104736328125
0.0111465454101563 0.0328502655029297 -0.162994384765625 -0.251373291015625
0.0492172241210937 0.04400634765625 0.072509765625 -0.477447509765625
0.04693603515625 0.0344352722167969 0.485198974609375 -0.417724609375
0.0151424407958984 -0.000411033630371094 0.7559814453125 0.16558837890625
-0.0155105590820312 -0.0675926208496094 0.46392822265625 0.72442626953125
-0.0108299255371094 -0.0295753479003906 -0.0736083984375 0.62774658203125
0.00402259826660156 -0.0105772018432617 0.0909805297851563 -0.0185012817382813
-0.00233459472656251 -0.0578346252441406 0.04058837890625 -0.662841796875
-0.0153160095214844 -0.0690040588378906 -0.614990234375 -0.5576171875
-0.00407791137695312 -0.0213623046875 -0.73126220703125 0.224609375
0.0309314727783203 0.0253753662109375 -0.2249755859375 0.5828857421875
0.0470848083496094 0.0410995483398438 0.108062744140625 0.471923828125
0.0146846771240234 0.0282230377197266 0.225234985351562 0.168975830078125
-0.0215854644775391 0.0259761810302734 0.170913696289063 -0.0943756103515625
-0.0165510177612305 0.00513648986816406 -0.164260864257813 0.00759887695312497
0.00780773162841797 0.0159988403320312 -0.153427124023438 -0.268295288085938
0.0430908203125 0.0337982177734375 0.082763671875 -0.486724853515625
0.0461082458496094 0.036376953125 0.49822998046875 -0.382781982421875
0.0154991149902344 0.00741100311279297 0.7474365234375 0.2332763671875
-0.0131683349609375 -0.0622787475585937 0.428955078125 0.779052734375
-0.00604057312011719 -0.0295448303222656 -0.09228515625 0.63623046875
0.0112752914428711 -0.0159492492675781 0.104904174804687 -0.0260391235351562
-0.00453567504882812 -0.0549659729003906 0.0199584960937499 -0.65618896484375
-0.0188789367675781 -0.0560226440429688 -0.63177490234375 -0.50262451171875
-0.00690460205078125 -0.0105514526367188 -0.7060546875 0.28173828125
0.0256214141845703 0.0198917388916016 -0.19427490234375 0.6043701171875
0.0415992736816406 0.0219879150390625 0.11505126953125 0.473358154296875
0.0103759765625 0.010533332824707 0.221588134765625 0.163848876953125
-0.0227603912353516 0.0183429718017578 0.16845703125 -0.0963592529296875
-0.0121078491210937 -0.00451183319091797 -0.160263061523437 0.00502014160156253
0.00858592987060547 -0.00635337829589844 -0.1494140625 -0.28363037109375
0.0350131988525391 0.013275146484375 0.083953857421875 -0.489776611328125
0.038726806640625 0.0293731689453125 0.49932861328125 -0.364532470703125
0.0131015777587891 0.0180950164794922 0.7427978515625 0.2650146484375
-0.0182228088378906 -0.0498199462890625 0.4111328125 0.81072998046875
0.000207901000976565 -0.0297870635986328 -0.0980224609375 0.64312744140625
0.0238914489746094 -0.0255908966064453 0.114089965820313 -0.0297088623046875
-0.00613784790039063 -0.0540275573730469 0.01251220703125 -0.65228271484375
-0.0199966430664063 -0.0402488708496094 -0.63409423828125 -0.4725341796875
-0.00260233879089356 0.00171971321105957 -0.69000244140625 0.3162841796875
0.0206737518310547 0.0163021087646484 -0.17828369140625 0.62042236328125
0.0325164794921875 0.00353431701660156 0.118316650390625 0.47760009765625
0.00511884689331055 -0.00812482833862305 0.2213134765625 0.1617431640625
-0.0225372314453125 0.00740432739257812 0.166900634765625 -0.096832275390625
-0.0114688873291016 -0.0175390243530273 -0.159622192382813 0.00407409667968751
0.0153732299804688 -0.0321216583251953 -0.149169921875 -0.28961181640625
0.0296401977539062 -0.017547607421875 0.07562255859375 -0.49285888671875
0.0315742492675781 0.0231914520263672 0.4925537109375 -0.3648681640625
0.00860214233398438 0.0339202880859375 0.7437744140625 0.26666259765625
-0.0231533050537109 -0.0332622528076172 0.4114990234375 0.815673828125
0.0061187744140625 -0.0274105072021484 -0.09234619140625 0.64666748046875
0.0386886596679688 -0.0325889587402344 0.120292663574219 -0.0278778076171875
0.000896453857421877 -0.0523757934570313 0.0194702148437501 -0.65313720703125
-0.0176658630371094 -0.0211391448974609 -0.62701416015625 -0.470947265625
-0.000634193420410154 0.0172843933105469 -0.6856689453125 0.31866455078125
0.0151157379150391 0.0168800354003906 -0.177978515625 0.62493896484375
0.0189647674560547 -0.0141792297363281 0.113525390625 0.481781005859375
-0.00190353393554688 -0.0280933380126953 0.219467163085938 0.163619995117188
-0.0202732086181641 -0.00445365905761719 0.167098999023438 -0.093414306640625
-0.00665855407714844 -0.0238609313964844 -0.1593017578125 0.00822448730468747
0.0165596008300781 -0.0595130920410156 -0.15777587890625 -0.288665771484375
0.0216903686523438 -0.0445899963378906 0.056640625 -0.4952392578125
0.0225353240966797 0.0129032135009766 0.481475830078125 -0.38433837890625
0.00357437133789063 0.0462493896484375 0.755126953125 0.2314453125
-0.0299587249755859 -0.013519287109375 0.444091796875 0.791748046875
0.00914764404296875 -0.0255031585693359 -0.0742187500000001 0.64447021484375
0.0541534423828125 -0.0409507751464844 0.116142272949219 -0.0218124389648438
0.00678253173828125 -0.0497894287109375 0.035400390625 -0.65631103515625
-0.0147819519042969 -0.00436592102050781 -0.614990234375 -0.49969482421875
0.00271987915039063 0.0341472625732422 -0.7001953125 0.29071044921875
0.00876426696777344 0.0188503265380859 -0.20233154296875 0.6195068359375
0.00604438781738281 -0.0316066741943359 0.097747802734375 0.484222412109375
-0.00966262817382813 -0.0508346557617188 0.213714599609375 0.166885375976563
-0.0185756683349609 -0.013885498046875 0.166336059570313 -0.09222412109375
-0.00119781494140625 -0.0246791839599609 -0.160598754882813 0.0135955810546875
0.0112152099609375 -0.0783767700195313 -0.172103881835937 -0.2786865234375
0.010101318359375 -0.0638809204101563 0.037811279296875 -0.49407958984375
0.015507698059082 0.00675678253173828 0.4617919921875 -0.41986083984375
0.00387191772460938 0.0570487976074219 0.77105712890625 0.16302490234375
-0.0340538024902344 0.0064697265625 0.48944091796875 0.7381591796875
0.0112171173095703 -0.0221481323242188 -0.0473022460937501 0.63848876953125
0.0655136108398438 -0.0449714660644531 0.102714538574219 -0.0108413696289063
0.0134239196777344 -0.0484123229980469 0.0614013671875 -0.660888671875
-0.0126380920410156 0.00828933715820312 -0.59185791015625 -0.54974365234375
0.00038528442382813 0.0478744506835938 -0.726806640625 0.2357177734375
0.000389099121093752 0.0194950103759766 -0.24517822265625 0.59991455078125
-0.000503540039062502 -0.0460548400878906 0.07098388671875 0.48681640625
-0.0120468139648437 -0.0697212219238281 0.203475952148438 0.174331665039063
-0.0130710601806641 -0.0203037261962891 0.165771484375 -0.0923614501953125
-0.00091743469238281 -0.0247383117675781 -0.165603637695313 0.02362060546875
0.00757598876953125 -0.0894775390625 -0.184906005859375 -0.262313842773438
-0.0023956298828125 -0.0739288330078125 0.014495849609375 -0.49371337890625
0.00663614273071289 0.00711250305175781 0.435791015625 -0.466400146484375
0.00690460205078125 0.0663108825683594 0.77716064453125 0.07525634765625
-0.0314998626708984 0.0215950012207031 0.5380859375 0.6654052734375
0.0113611221313477 -0.0162105560302734 -0.0191650390625 0.62939453125
0.07305908203125 -0.0478439331054687 0.0872421264648437 0.0031890869140625
0.0215568542480469 -0.0481452941894531 0.098388671875 -0.66815185546875
-0.0132265090942383 0.0172548294067383 -0.55413818359375 -0.62078857421875
-0.00462722778320313 0.0575942993164063 -0.75115966796875 0.1556396484375
-0.006256103515625 0.0200862884521484 -0.29107666015625 0.56903076171875
-0.00400924682617188 -0.0584907531738281 0.045166015625 0.48492431640625
-0.00738525390625 -0.0828170776367188 0.198593139648437 0.18475341796875
-0.00896453857421875 -0.0230083465576172 0.167678833007813 -0.08892822265625
-0.0133132934570313 0.0247821807861328 -0.17681884765625 0.0214996337890625
0.0185623168945313 0.0405006408691406 -0.1728515625 -0.23590087890625
0.0543365478515625 0.0447425842285156 0.055877685546875 -0.487213134765625
0.0467910766601563 0.0297203063964844 0.463134765625 -0.47320556640625
0.0112943649291992 -0.00438880920410156 0.76580810546875 0.0794677734375
-0.0191879272460937 -0.0690040588378906 0.509033203125 0.6632080078125
-0.0141925811767578 -0.0255012512207031 -0.050537109375 0.62451171875
0.000283241271972656 -0.00545787811279297 0.0737075805664062 -0.00782012939453125
0.00162506103515625 -0.0571365356445312 0.07037353515625 -0.6800537109375
-0.00788879394531251 -0.0777206420898438 -0.59197998046875 -0.63360595703125
-0.000576019287109374 -0.025604248046875 -0.76129150390625 0.15252685546875
0.0313777923583984 0.0338802337646484 -0.26141357421875 0.554412841796875
0.0447120666503906 0.0550804138183594 0.09405517578125 0.4747314453125
0.0132026672363281 0.0370216369628906 0.229080200195313 0.182022094726563
-0.0203323364257812 0.0312099456787109 0.1717529296875 -0.089935302734375
-0.0144939422607422 0.0177707672119141 -0.17413330078125 0.013702392578125
0.0115509033203125 0.0328998565673828 -0.166732788085938 -0.252212524414063
0.0491485595703125 0.0449142456054688 0.07110595703125 -0.48187255859375
0.0474891662597656 0.0352859497070313 0.4849853515625 -0.424072265625
0.0154314041137695 -0.000987052917480469 0.759521484375 0.15936279296875
-0.0160484313964844 -0.0699119567871094 0.4669189453125 0.72698974609375
-0.0103893280029297 -0.0285911560058594 -0.0736083984375 0.6317138671875
0.00394153594970703 -0.0105819702148438 0.0920333862304688 -0.0169143676757813
-0.00299072265625 -0.0566787719726563 0.0416259765625001 -0.6661376953125
-0.0164108276367188 -0.07135009765625 -0.6187744140625 -0.55853271484375
-0.00498390197753906 -0.0229740142822266 -0.73370361328125 0.22943115234375
0.0319137573242188 0.0259380340576172 -0.223876953125 0.586669921875
0.0473556518554688 0.0404853820800781 0.109039306640625 0.474456787109375
0.0135669708251953 0.0273876190185547 0.226470947265625 0.168548583984375
-0.0216541290283203 0.02716064453125 0.171783447265625 -0.0944061279296875
-0.0166110992431641 0.00469207763671875 -0.165130615234375 0.0092315673828125
0.00796604156494141 0.0159816741943359 -0.155654907226562 -0.268524169921875
0.0410385131835938 0.0351676940917969 0.081787109375 -0.48956298828125
0.0450057983398438 0.0367240905761719 0.498565673828125 -0.3861083984375
0.0146207809448242 0.00678157806396484 0.75128173828125 0.2305908203125
-0.0134124755859375 -0.0629615783691406 0.43133544921875 0.78094482421875
-0.00453948974609375 -0.0297107696533203 -0.09259033203125 0.63861083984375
0.011383056640625 -0.016322135925293 0.104484558105469 -0.0263290405273438
-0.00626373291015624 -0.0566902160644531 0.0220947265625 -0.657470703125
-0.0197525024414063 -0.054962158203125 -0.6343994140625 -0.50347900390625
-0.00651073455810547 -0.0120820999145508 -0.70709228515625 0.28472900390625
0.0258655548095703 0.0187110900878906 -0.194580078125 0.6090087890625
0.042755126953125 0.0236320495605469 0.115997314453125 0.477081298828125
0.00962924957275391 0.0125827789306641 0.2237548828125 0.1644287109375
-0.0220966339111328 0.0193138122558594 0.1685791015625 -0.0965118408203125
-0.0126466751098633 -0.005401611328125 -0.162506103515625 0.00579833984375
0.00772571563720703 -0.00732898712158203 -0.15234375 -0.285552978515625
0.0359992980957031 0.0125312805175781 0.08160400390625 -0.4930419921875
0.0392837524414063 0.0316390991210937 0.5001220703125 -0.369873046875
0.0121059417724609 0.0178699493408203 0.7471923828125 0.2633056640625
-0.0169448852539063 -0.0507850646972656 0.41351318359375 0.8123779296875
-0.000331878662109375 -0.0286922454833984 -0.0968017578125 0.646484375
0.0234107971191406 -0.0249824523925781 0.114593505859375 -0.0306320190429688
-0.00429916381835938 -0.0537033081054688 0.0147705078125 -0.65509033203125
-0.0205841064453125 -0.0393905639648438 -0.637939453125 -0.4720458984375
-0.00416135787963867 0.00155401229858398 -0.6920166015625 0.319580078125
0.0214290618896484 0.0163192749023438 -0.1761474609375 0.6256103515625
0.0319023132324219 0.00297737121582031 0.12066650390625 0.4794921875
0.00352811813354492 -0.0075078010559082 0.221694946289063 0.16217041015625
-0.0198383331298828 0.00823402404785156 0.16754150390625 -0.0973358154296875
-0.0122871398925781 -0.0176544189453125 -0.16290283203125 0.00544738769531253
0.0151824951171875 -0.03216552734375 -0.151580810546875 -0.290679931640625
0.0293998718261719 -0.0174026489257812 0.072906494140625 -0.498779296875
0.0313529968261719 0.0227088928222656 0.49407958984375 -0.36871337890625
0.00885009765625 0.0340042114257813 0.7491455078125 0.265380859375
-0.0233573913574219 -0.0335578918457031 0.41632080078125 0.818603515625
0.00613212585449218 -0.0281982421875 -0.0927734375 0.6495361328125
0.0388565063476562 -0.0320777893066406 0.120803833007813 -0.0281448364257813
0.000156402587890623 -0.0515060424804688 0.01995849609375 -0.65380859375
-0.0172786712646484 -0.0220546722412109 -0.6309814453125 -0.47332763671875
-0.00101470947265625 0.0182571411132813 -0.6878662109375 0.32147216796875
0.0152416229248047 0.0178871154785156 -0.17718505859375 0.62969970703125
0.0191612243652344 -0.0152511596679688 0.116119384765625 0.482818603515625
-0.00248146057128906 -0.0295619964599609 0.221649169921875 0.163986206054688
-0.0199966430664063 -0.00278282165527344 0.168075561523438 -0.0948333740234375
-0.00648689270019531 -0.0228099822998047 -0.161209106445313 0.0093536376953125
0.0167655944824219 -0.059906005859375 -0.16046142578125 -0.28936767578125
0.0210380554199219 -0.0451011657714844 0.055206298828125 -0.50048828125
0.0223026275634766 0.0134716033935547 0.4805908203125 -0.388763427734375
0.00435638427734375 0.0457382202148438 0.7584228515625 0.22747802734375
-0.0297393798828125 -0.0136642456054687 0.44677734375 0.7926025390625
0.0112152099609375 -0.0259475708007812 -0.07342529296875 0.6483154296875
0.0541496276855469 -0.0394439697265625 0.11572265625 -0.0224533081054688
0.00706481933593749 -0.0504188537597656 0.0358276367187499 -0.6597900390625
-0.0141763687133789 -0.00477027893066407 -0.6182861328125 -0.50048828125
0.00222587585449219 0.0338058471679688 -0.70184326171875 0.29534912109375
0.00891685485839844 0.0194721221923828 -0.2020263671875 0.6234130859375
0.0058441162109375 -0.0305061340332031 0.0989990234375 0.48712158203125
-0.00964736938476563 -0.0511627197265625 0.214889526367188 0.169052124023438
-0.0180473327636719 -0.0139636993408203 0.16802978515625 -0.093536376953125
-0.00223541259765625 -0.0230998992919922 -0.162124633789063 0.015289306640625
0.0123062133789062 -0.0783157348632813 -0.1741943359375 -0.278945922851562
0.0111923217773437 -0.0650138854980469 0.03265380859375 -0.498291015625
0.0155267715454102 0.00677776336669922 0.462646484375 -0.42431640625
0.00262069702148437 0.0563201904296875 0.77398681640625 0.16192626953125
-0.0340824127197266 0.00561332702636718 0.49249267578125 0.739013671875
0.0117149353027344 -0.0204753875732422 -0.04718017578125 0.64349365234375
0.065704345703125 -0.0439872741699219 0.103141784667969 -0.0108184814453125
0.0138092041015625 -0.0491447448730469 0.06243896484375 -0.6639404296875
-0.0125455856323242 0.00731182098388672 -0.59332275390625 -0.5501708984375
0.0012664794921875 0.0469398498535156 -0.72906494140625 0.2398681640625
0.0010223388671875 0.019561767578125 -0.242431640625 0.60357666015625
-0.00168991088867187 -0.0463981628417969 0.072967529296875 0.48980712890625
-0.013458251953125 -0.0689735412597656 0.206756591796875 0.17633056640625
-0.0126380920410156 -0.0198841094970703 0.166168212890625 -0.0925750732421875
9.53674316406131E-06 -0.0249710083007813 -0.167098999023438 0.0246429443359375
0.00630187988281249 -0.0911102294921875 -0.18597412109375 -0.262588500976563
-0.00289154052734375 -0.0750656127929688 0.012115478515625 -0.4971923828125
0.00676631927490234 0.00745868682861328 0.434600830078125 -0.471832275390625
0.00616836547851562 0.0674667358398437 0.78131103515625 0.072998046875
-0.0329818725585938 0.0211639404296875 0.54046630859375 0.66864013671875
0.0121736526489258 -0.016387939453125 -0.0186767578125001 0.63421630859375
0.0718917846679688 -0.04473876953125 0.0866622924804688 0.00415802001953125
0.0213356018066406 -0.046478271484375 0.10003662109375 -0.66937255859375
-0.0125808715820313 0.0163869857788086 -0.5565185546875 -0.62347412109375
-0.00326919555664063 0.0568656921386719 -0.758056640625 0.15667724609375
-0.00620841979980469 0.0215263366699219 -0.2896728515625 0.57232666015625
-0.00321197509765626 -0.0580635070800781 0.049468994140625 0.487335205078125
-0.00772857666015625 -0.0843505859375 0.200729370117187 0.187286376953125
-0.00797653198242187 -0.0222702026367188 0.167861938476563 -0.0889892578125
-0.0145912170410156 0.0252685546875 -0.178436279296875 0.0231475830078125
0.0189323425292969 0.0415763854980469 -0.175094604492188 -0.237289428710938
0.0559577941894531 0.0430030822753906 0.0533447265625 -0.4920654296875
0.0473594665527344 0.0299034118652344 0.462677001953125 -0.480621337890625
0.0118894577026367 -0.00524044036865234 0.7691650390625 0.07476806640625
-0.020050048828125 -0.0684165954589844 0.51458740234375 0.66455078125
-0.0155086517333984 -0.0250816345214844 -0.04937744140625 0.6292724609375
-0.00104856491088867 -0.0048222541809082 0.0743026733398438 -0.0072021484375
0.00181579589843749 -0.0560340881347656 0.0706787109374999 -0.68231201171875
-0.00839996337890624 -0.0780487060546875 -0.596435546875 -0.6328125
-0.00211143493652344 -0.0254192352294922 -0.76300048828125 0.1552734375
0.0314979553222656 0.0353012084960938 -0.260894775390625 0.55865478515625
0.0444602966308594 0.0555419921875 0.096282958984375 0.477569580078125
0.011627197265625 0.0371322631835938 0.2313232421875 0.18310546875
-0.0190067291259766 0.0338478088378906 0.172592163085937 -0.090179443359375
-0.0146198272705078 0.0186519622802734 -0.175186157226563 0.0142059326171875
0.0108489990234375 0.0338306427001953 -0.168777465820313 -0.255035400390625
0.0480461120605469 0.0446281433105469 0.07080078125 -0.486328125
0.0471229553222656 0.0359992980957031 0.485565185546875 -0.429168701171875
0.0169601440429688 -0.00217247009277344 0.76531982421875 0.15899658203125
-0.0169525146484375 -0.0711898803710938 0.47161865234375 0.72918701171875
-0.0112648010253906 -0.0281105041503906 -0.07281494140625 0.63299560546875
0.00534725189208984 -0.00900363922119141 0.0920333862304688 -0.016693115234375
-0.002685546875 -0.0565299987792969 0.0400390625 -0.67041015625
-0.0163345336914062 -0.0714492797851563 -0.6221923828125 -0.56109619140625
-0.00431442260742188 -0.0233993530273438 -0.73516845703125 0.23333740234375
0.0304508209228516 0.0263938903808594 -0.22381591796875 0.58880615234375
0.0484962463378906 0.0416603088378906 0.111328125 0.47674560546875
0.0143871307373047 0.0277290344238281 0.22906494140625 0.170303344726563
-0.0222263336181641 0.0284843444824219 0.172119140625 -0.0960540771484375
-0.0153951644897461 0.00621128082275391 -0.1678466796875 0.0088348388671875
0.00872802734375 0.0183830261230469 -0.158889770507813 -0.270477294921875
0.0410690307617188 0.0338401794433594 0.078582763671875 -0.49383544921875
0.0467491149902344 0.0354423522949219 0.49761962890625 -0.39202880859375
0.0157089233398438 0.00650787353515625 0.7579345703125 0.2259521484375
-0.0140380859375 -0.064300537109375 0.43572998046875 0.78472900390625
-0.004058837890625 -0.0276050567626953 -0.09375 0.6435546875
0.0106496810913086 -0.0168685913085937 0.105422973632813 -0.025177001953125
-0.006561279296875 -0.057525634765625 0.0186767578125 -0.6612548828125
-0.0198783874511719 -0.0582237243652344 -0.639892578125 -0.5040283203125
-0.0062875747680664 -0.0120639801025391 -0.7110595703125 0.2896728515625
0.0273704528808594 0.0190620422363281 -0.193603515625 0.6116943359375
0.0426368713378906 0.0232391357421875 0.118804931640625 0.479644775390625
0.00971221923828125 0.0136861801147461 0.228408813476563 0.1644287109375
-0.0203456878662109 0.0201358795166016 0.168182373046875 -0.09808349609375
-0.012660026550293 -0.00457572937011718 -0.163116455078125 0.00604248046875002
0.00759077072143555 -0.00640869140625 -0.1534423828125 -0.287750244140625
0.0362129211425781 0.0122604370117188 0.07965087890625 -0.496673583984375
0.0407676696777344 0.0316619873046875 0.498748779296875 -0.375762939453125
0.0127296447753906 0.0186595916748047 0.75140380859375 0.2603759765625
-0.0182037353515625 -0.0509223937988281 0.41729736328125 0.81524658203125
0.00107383728027344 -0.0286540985107422 -0.09716796875 0.65087890625
0.0249595642089844 -0.0213642120361328 0.115547180175781 -0.0293731689453125
-0.00452804565429688 -0.0539474487304688 0.01300048828125 -0.6552734375
-0.0197296142578125 -0.0397148132324219 -0.6395263671875 -0.472900390625
-0.0048060417175293 0.00127220153808594 -0.69427490234375 0.32342529296875
0.0220069885253906 0.0164833068847656 -0.17388916015625 0.62823486328125
0.0327568054199219 0.00342178344726563 0.12353515625 0.481964111328125
0.00350332260131836 -0.00639533996582031 0.225479125976563 0.1632080078125
-0.0192718505859375 0.00847053527832031 0.16986083984375 -0.098876953125
-0.0117378234863281 -0.0183467864990234 -0.163406372070313 0.00646972656250002
0.0140953063964844 -0.0334930419921875 -0.154876708984375 -0.2935791015625
0.0289802551269531 -0.019378662109375 0.070709228515625 -0.503662109375
0.0321102142333984 0.0226020812988281 0.492645263671875 -0.372650146484375
0.00931739807128906 0.0324687957763672 0.752197265625 0.26287841796875
-0.02435302734375 -0.0340518951416016 0.42095947265625 0.821533203125
0.00582695007324219 -0.0279750823974609 -0.089599609375 0.654296875
0.0394172668457031 -0.031219482421875 0.120140075683594 -0.0279006958007813
-0.000492095947265623 -0.0515403747558594 0.0191650390625 -0.65887451171875
-0.0194225311279297 -0.0211315155029297 -0.63629150390625 -0.472412109375
-0.000633239746093751 0.0177135467529297 -0.68896484375 0.3262939453125
0.0157718658447266 0.0177898406982422 -0.17535400390625 0.63433837890625
0.0187187194824219 -0.0159358978271484 0.120086669921875 0.488128662109375
-0.00442695617675781 -0.0279731750488281 0.22430419921875 0.164657592773438
-0.0189056396484375 -0.00269126892089844 0.167999267578125 -0.095855712890625
-0.00546073913574219 -0.0224227905273437 -0.162567138671875 0.00907897949218748
0.0166091918945312 -0.0601272583007813 -0.164031982421875 -0.2904052734375
0.02117919921875 -0.0456466674804688 0.052215576171875 -0.5035400390625
0.0237483978271484 0.0118389129638672 0.479583740234375 -0.394622802734375
0.00362396240234375 0.045440673828125 0.7646484375 0.22601318359375
-0.0316123962402344 -0.0149002075195312 0.45245361328125 0.79583740234375
0.0101032257080078 -0.0242900848388672 -0.0719604492187501 0.65325927734375
0.0554466247558594 -0.0389862060546875 0.116050720214844 -0.0212631225585938
0.00617218017578125 -0.049102783203125 0.03692626953125 -0.66265869140625
-0.0153274536132813 -0.00362300872802734 -0.62298583984375 -0.5008544921875
0.00223159790039062 0.0344619750976563 -0.7042236328125 0.2996826171875
0.00896072387695312 0.0199451446533203 -0.19989013671875 0.63006591796875
0.00691413879394531 -0.0318717956542969 0.101287841796875 0.49090576171875
-0.00935745239257813 -0.0520973205566406 0.217208862304687 0.169296264648438
-0.0164661407470703 -0.0143013000488281 0.16888427734375 -0.094818115234375
-0.00147056579589844 -0.0236015319824219 -0.164154052734375 0.01654052734375
0.0129928588867188 -0.0805587768554688 -0.176895141601563 -0.280303955078125
0.0116462707519531 -0.0657958984375 0.03057861328125 -0.502685546875
0.0145368576049805 0.00610828399658203 0.46356201171875 -0.430694580078125
0.00262832641601562 0.0554466247558594 0.779052734375 0.15814208984375
-0.0352745056152344 0.00535964965820313 0.49676513671875 0.73931884765625
0.0133838653564453 -0.0214424133300781 -0.0452880859375 0.64752197265625
0.06689453125 -0.0433616638183594 0.104400634765625 -0.0110931396484375
0.0129432678222656 -0.0474624633789063 0.0633544921875001 -0.6666259765625
-0.0137538909912109 0.00960063934326172 -0.59857177734375 -0.5526123046875
0.0010223388671875 0.0480232238769531 -0.73065185546875 0.2432861328125
0.0009918212890625 0.0210933685302734 -0.24029541015625 0.60955810546875
-0.00313568115234375 -0.0463142395019531 0.075958251953125 0.493408203125
-0.0122642517089844 -0.0695304870605469 0.208740234375 0.178421020507813
-0.0128211975097656 -0.0184402465820312 0.167861938476563 -0.0933837890625
-0.000200271606445311 -0.0253582000732422 -0.168319702148438 0.025360107421875
0.00801849365234375 -0.0904464721679688 -0.18896484375 -0.263595581054688
-0.00334930419921875 -0.0742263793945313 0.00653076171874995 -0.500152587890625
0.00722980499267578 0.00750446319580078 0.436065673828125 -0.476806640625
0.00655746459960938 0.0677642822265625 0.7869873046875 0.0692138671875
-0.0329914093017578 0.0226039886474609 0.54632568359375 0.66778564453125
0.0131988525390625 -0.0160942077636719 -0.01507568359375 0.63787841796875
0.0750503540039063 -0.043792724609375 0.0887451171875 0.003692626953125
0.0205154418945312 -0.0468940734863281 0.10028076171875 -0.67352294921875
-0.0122804641723633 0.0166654586791992 -0.56085205078125 -0.624755859375
-0.00215911865234375 0.0597305297851562 -0.75848388671875 0.16357421875
-0.00552177429199219 0.0211162567138672 -0.287841796875 0.5775146484375
-0.00445938110351562 -0.0590095520019531 0.049957275390625 0.4918212890625
-0.00827789306640624 -0.08404541015625 0.203964233398438 0.186248779296875
-0.00678443908691406 -0.0218830108642578 0.167510986328125 -0.089385986328125
-0.0130672454833984 0.0256385803222656 -0.179946899414063 0.0239715576171875
0.0194892883300781 0.0415458679199219 -0.178298950195312 -0.238815307617188
0.0565605163574219 0.04327392578125 0.050628662109375 -0.496429443359375
0.0490188598632813 0.030487060546875 0.46142578125 -0.48681640625
0.0115499496459961 -0.00650691986083984 0.7745361328125 0.0712890625
-0.022430419921875 -0.0710372924804688 0.517822265625 0.66485595703125
-0.0132865905761719 -0.025177001953125 -0.0471801757812499 0.632568359375
0.00100827217102051 -0.00357604026794434 0.074859619140625 -0.0068511962890625
0.000965118408203131 -0.0562934875488281 0.06793212890625 -0.68524169921875
-0.00865936279296876 -0.0794525146484375 -0.6014404296875 -0.636474609375
-0.00140190124511719 -0.0265121459960938 -0.76678466796875 0.1593017578125
0.0333766937255859 0.0347900390625 -0.260162353515625 0.56195068359375
0.0459022521972656 0.0558815002441406 0.10015869140625 0.480194091796875
0.0119514465332031 0.0377464294433594 0.232757568359375 0.181838989257813
-0.0216541290283203 0.0337638854980469 0.173736572265625 -0.0917510986328125
-0.0150156021118164 0.0170373916625977 -0.177093505859375 0.0139312744140625
0.0110282897949219 0.0368461608886719 -0.171249389648438 -0.255447387695313
0.0491294860839844 0.0463218688964844 0.06488037109375 -0.490753173828125
0.0495223999023438 0.03607177734375 0.48748779296875 -0.4342041015625
0.0164337158203125 -0.00287151336669922 0.76947021484375 0.15521240234375
-0.0164413452148438 -0.073211669921875 0.47430419921875 0.7288818359375
-0.0106086730957031 -0.0286064147949219 -0.07122802734375 0.63775634765625
0.00551271438598633 -0.00735378265380859 0.0920333862304688 -0.01544189453125
-0.00382614135742187 -0.0579147338867188 0.04071044921875 -0.671630859375
-0.0182647705078125 -0.0725173950195313 -0.6273193359375 -0.560546875
-0.00385284423828125 -0.0237751007080078 -0.73828125 0.23834228515625
0.0331974029541016 0.0266799926757813 -0.220947265625 0.59515380859375
0.0476036071777344 0.0417633056640625 0.11505126953125 0.478546142578125
0.0128574371337891 0.0292510986328125 0.231109619140625 0.169708251953125
-0.0210838317871094 0.0287361145019531 0.174591064453125 -0.095245361328125
-0.0151529312133789 0.00578117370605469 -0.168792724609375 0.0105743408203125
0.00677680969238281 0.0176200866699219 -0.160385131835938 -0.271591186523438
0.0429153442382813 0.0345497131347656 0.07427978515625 -0.501190185546875
0.0449142456054688 0.0346794128417969 0.4984130859375 -0.397003173828125
0.0168113708496094 0.00541400909423828 0.76214599609375 0.22332763671875
-0.0140762329101563 -0.0651702880859375 0.44207763671875 0.78631591796875
-0.00449943542480469 -0.0281295776367187 -0.0877075195312501 0.6485595703125
0.0116157531738281 -0.0146093368530273 0.104141235351563 -0.025146484375
-0.0069732666015625 -0.0565757751464844 0.0204467773437499 -0.6640625
-0.0200767517089844 -0.0575065612792969 -0.64306640625 -0.502685546875
-0.00644111633300781 -0.0115938186645508 -0.71417236328125 0.29449462890625
0.0286197662353516 0.0183906555175781 -0.19012451171875 0.6180419921875
0.04217529296875 0.0219192504882813 0.121368408203125 0.480804443359375
0.00876903533935547 0.0138778686523438 0.230438232421875 0.163970947265625
-0.0197315216064453 0.0217132568359375 0.171356201171875 -0.099029541015625
-0.0124349594116211 -0.00391864776611328 -0.166213989257813 0.0078125
0.00752496719360352 -0.0068364143371582 -0.15606689453125 -0.287322998046875
0.036529541015625 0.012969970703125 0.0779418945312501 -0.503173828125
0.0401725769042969 0.0326156616210938 0.498809814453125 -0.38055419921875
0.0126552581787109 0.0181293487548828 0.757568359375 0.25909423828125
-0.0190773010253906 -0.0523109436035156 0.4224853515625 0.81805419921875
0.00115013122558594 -0.0288677215576172 -0.09320068359375 0.6544189453125
0.0240612030029297 -0.0226306915283203 0.115692138671875 -0.0286026000976563
-0.0053253173828125 -0.0534400939941406 0.0130004882812501 -0.6605224609375
-0.0209503173828125 -0.0399589538574219 -0.64459228515625 -0.471435546875
-0.00474071502685547 0.00118637084960938 -0.69512939453125 0.32928466796875
0.0230522155761719 0.0156097412109375 -0.17279052734375 0.6337890625
0.0318012237548828 0.00229454040527344 0.1278076171875 0.486785888671875
0.00377225875854492 -0.00619029998779297 0.227813720703125 0.163681030273438
-0.0203075408935547 0.00996589660644531 0.169403076171875 -0.0981292724609375
-0.0101804733276367 -0.0169200897216797 -0.165618896484375 0.0079193115234375
0.0139598846435547 -0.0328502655029297 -0.15777587890625 -0.29461669921875
0.029754638671875 -0.0185642242431641 0.0650634765625 -0.5069580078125
0.0320243835449219 0.022857666015625 0.49432373046875 -0.380035400390625
0.0083160400390625 0.0322513580322266 0.75860595703125 0.2607421875
-0.0243415832519531 -0.0347080230712891 0.4283447265625 0.82330322265625
0.00735855102539063 -0.0279769897460938 -0.08819580078125 0.65771484375
0.0398216247558594 -0.0302848815917969 0.121650695800781 -0.02801513671875
-0.000358581542968749 -0.0516815185546875 0.0203857421874999 -0.661376953125
-0.0198383331298828 -0.0229053497314453 -0.63861083984375 -0.47332763671875
-0.000272750854492188 0.0175018310546875 -0.69024658203125 0.3323974609375
0.0165233612060547 0.0174245834350586 -0.17437744140625 0.63909912109375
0.0191535949707031 -0.0160903930664063 0.123291015625 0.4901123046875
-0.0036773681640625 -0.0281009674072266 0.226654052734375 0.163742065429688
-0.0179862976074219 -0.00292015075683594 0.1702880859375 -0.095489501953125
-0.00554084777832031 -0.0231533050537109 -0.165390014648437 0.0109100341796875
0.0158233642578125 -0.0614166259765625 -0.16680908203125 -0.29345703125
0.0209617614746094 -0.0459976196289063 0.0457763671875 -0.5076904296875
0.0239219665527344 0.0136871337890625 0.480712890625 -0.4014892578125
0.00339126586914062 0.0446281433105469 0.76983642578125 0.22369384765625
-0.032440185546875 -0.013427734375 0.4578857421875 0.79669189453125
0.0114173889160156 -0.023712158203125 -0.0702514648437499 0.65631103515625
0.0553779602050781 -0.0380401611328125 0.117515563964844 -0.022705078125
0.00581359863281249 -0.0504035949707031 0.03521728515625 -0.664306640625
-0.0155267715454102 -0.00547409057617188 -0.62689208984375 -0.50018310546875
0.00344276428222656 0.0341281890869141 -0.7064208984375 0.30419921875
0.00892066955566406 0.0194263458251953 -0.19732666015625 0.63360595703125
0.00584220886230469 -0.0323486328125 0.107421875 0.494476318359375
-0.0113143920898438 -0.0514335632324219 0.221115112304688 0.169998168945313
-0.0169868469238281 -0.0127325057983398 0.169601440429687 -0.0954132080078125
-0.000419616699218752 -0.0236034393310547 -0.165206909179687 0.0184326171875
0.011932373046875 -0.079681396484375 -0.180938720703125 -0.281112670898438
0.0105247497558594 -0.0664558410644531 0.026611328125 -0.50634765625
0.0138750076293945 0.00737380981445313 0.46142578125 -0.435333251953125
0.00356674194335937 0.0569801330566406 0.78460693359375 0.1544189453125
-0.0358047485351563 0.005157470703125 0.50262451171875 0.74285888671875
0.0152702331542969 -0.0207901000976563 -0.0433959960937501 0.65087890625
0.0677223205566406 -0.0434112548828125 0.105216979980469 -0.0100250244140625
0.0125770568847656 -0.0482749938964844 0.0615234375 -0.6700439453125
-0.014068603515625 0.00772476196289063 -0.6026611328125 -0.55340576171875
0.00283050537109375 0.0485076904296875 -0.7322998046875 0.24822998046875
0.0017242431640625 0.0213108062744141 -0.2379150390625 0.61395263671875
-0.00272369384765625 -0.0474052429199219 0.079620361328125 0.495849609375
-0.0133132934570313 -0.0705184936523437 0.212066650390625 0.177764892578125
-0.012115478515625 -0.0193386077880859 0.168777465820313 -0.095916748046875
4.76837158203135E-05 -0.0252513885498047 -0.169601440429688 0.0274200439453125
0.00657653808593751 -0.0911026000976562 -0.192855834960937 -0.264480590820313
-0.00235748291015625 -0.0758590698242188 0.00280761718749999 -0.507110595703125
0.00651788711547852 0.00748300552368164 0.434600830078125 -0.484039306640625
0.00781631469726563 0.0667533874511719 0.79010009765625 0.0615234375
-0.0319480895996094 0.0224990844726562 0.55218505859375 0.67279052734375
0.0147943496704102 -0.0148782730102539 -0.013916015625 0.64263916015625
0.0753326416015625 -0.0449066162109375 0.0872116088867188 0.00388336181640625
0.0223503112792969 -0.0472068786621094 0.0987548828125001 -0.67645263671875
-0.0134792327880859 0.0173072814941406 -0.56463623046875 -0.6259765625
-0.00311279296875 0.0585441589355469 -0.76104736328125 0.16644287109375
-0.00637626647949219 0.0202484130859375 -0.287841796875 0.58148193359375
-0.00438690185546875 -0.060455322265625 0.0531005859375 0.494232177734375
-0.0104446411132813 -0.0835342407226563 0.206878662109375 0.187271118164063
-0.00629425048828125 -0.0226783752441406 0.16998291015625 -0.091949462890625
-0.0120429992675781 0.0265235900878906 -0.183074951171875 0.0262451171875
0.0184288024902344 0.0430641174316406 -0.182159423828125 -0.238601684570313
0.0566253662109375 0.0454750061035156 0.046966552734375 -0.502044677734375
0.0499382019042969 0.0294532775878906 0.461273193359375 -0.492706298828125
0.0125026702880859 -0.00630664825439453 0.77947998046875 0.06787109375
-0.0217514038085938 -0.0727310180664062 0.52545166015625 0.6650390625
-0.0134696960449219 -0.0249099731445312 -0.045166015625 0.63494873046875
0.00169801712036133 -0.00249576568603516 0.0746078491210937 -0.00621795654296875
-1.14440917968757E-05 -0.0569496154785156 0.0694580078125 -0.688232421875
-0.00937652587890625 -0.08099365234375 -0.60858154296875 -0.635009765625
-0.00106620788574219 -0.0267410278320313 -0.76953125 0.167236328125
0.0347461700439453 0.0336799621582031 -0.257568359375 0.5682373046875
0.0461463928222656 0.0567207336425781 0.106048583984375 0.4830322265625
0.0120658874511719 0.038848876953125 0.237060546875 0.182785034179688
-0.0193061828613281 0.0359458923339844 0.174819946289063 -0.0919647216796875
-0.0136470794677734 0.0194778442382813 -0.178787231445313 0.017059326171875
0.0126457214355469 0.0355949401855469 -0.174209594726562 -0.25738525390625
0.0499610900878906 0.0460052490234375 0.062744140625 -0.4962158203125
0.0505943298339844 0.0352516174316406 0.48431396484375 -0.44024658203125
0.0182895660400391 -0.00369644165039063 0.7747802734375 0.1497802734375
-0.0186691284179687 -0.0731201171875 0.4822998046875 0.731201171875
-0.00933647155761719 -0.0276203155517578 -0.06854248046875 0.64373779296875
0.00342416763305664 -0.00726413726806641 0.091552734375 -0.0175018310546875
-0.00460433959960937 -0.0583381652832031 0.03863525390625 -0.67669677734375
-0.0185089111328125 -0.0720367431640625 -0.6322021484375 -0.55865478515625
-0.00506782531738281 -0.0243091583251953 -0.74066162109375 0.24249267578125
0.0340099334716797 0.0249385833740234 -0.21630859375 0.60003662109375
0.0491485595703125 0.0408248901367188 0.118377685546875 0.480743408203125
0.0127315521240234 0.0288906097412109 0.235443115234375 0.172134399414063
-0.0212154388427734 0.0309600830078125 0.173492431640625 -0.096923828125
-0.0154476165771484 0.00681591033935547 -0.170761108398438 0.0127716064453125
0.00733375549316406 0.0176105499267578 -0.16180419921875 -0.274078369140625
0.0412559509277344 0.0346908569335938 0.069305419921875 -0.50628662109375
0.0474014282226563 0.03778076171875 0.49786376953125 -0.40777587890625
0.0159664154052734 0.00442123413085937 0.7694091796875 0.21685791015625
-0.0156707763671875 -0.0656852722167969 0.44866943359375 0.78765869140625
-0.00391769409179687 -0.0293254852294922 -0.08740234375 0.653076171875
0.0115203857421875 -0.0144634246826172 0.10565185546875 -0.0255889892578125
-0.007965087890625 -0.0563087463378906 0.01873779296875 -0.66510009765625
-0.0214614868164063 -0.0580940246582031 -0.651123046875 -0.50164794921875
-0.00541496276855469 -0.0134639739990234 -0.71319580078125 0.30255126953125
0.0290088653564453 0.016845703125 -0.18695068359375 0.621826171875
0.0416107177734375 0.0208625793457031 0.127349853515625 0.482696533203125
0.0101480484008789 0.0136165618896484 0.231613159179688 0.163116455078125
-0.0202445983886719 0.0236721038818359 0.170867919921875 -0.10101318359375
-0.0106163024902344 -0.00431728363037109 -0.16632080078125 0.00892639160156253
0.00802755355834961 -0.00646257400512695 -0.160308837890625 -0.28955078125
0.0351428985595703 0.0113182067871094 0.072113037109375 -0.50616455078125
0.0411186218261719 0.0317955017089844 0.498870849609375 -0.388427734375
0.0132923126220703 0.0157060623168945 0.76226806640625 0.25408935546875
-0.0191116333007812 -0.0524253845214844 0.4302978515625 0.81988525390625
0.00116539001464844 -0.0278186798095703 -0.09124755859375 0.66033935546875
0.0255870819091797 -0.0221385955810547 0.1170654296875 -0.02923583984375
-0.0052032470703125 -0.0541839599609375 0.00939941406250002 -0.6634521484375
-0.0219650268554688 -0.0406303405761719 -0.6517333984375 -0.47137451171875
-0.00324201583862305 0.00120759010314941 -0.6964111328125 0.33477783203125
0.0226078033447266 0.0156478881835938 -0.16827392578125 0.64044189453125
0.0323734283447266 0.00168609619140625 0.13323974609375 0.48779296875
0.00314950942993164 -0.00533246994018555 0.231430053710938 0.163421630859375
-0.0194053649902344 0.0109729766845703 0.170944213867188 -0.100784301757813
-0.0109338760375977 -0.0143451690673828 -0.1663818359375 0.00962829589843752
0.0144577026367188 -0.0340862274169922 -0.161407470703125 -0.295867919921875
0.0289878845214844 -0.0183887481689453 0.061859130859375 -0.511749267578125
0.0323066711425781 0.0233592987060547 0.491851806640625 -0.388092041015625
0.00855827331542969 0.0322360992431641 0.76422119140625 0.25384521484375
-0.0263538360595703 -0.0344600677490234 0.4349365234375 0.82427978515625
0.00857162475585937 -0.0262222290039062 -0.08526611328125 0.662109375
0.0426177978515625 -0.0298805236816406 0.121894836425781 -0.0277252197265625
-0.000259399414062498 -0.0508537292480469 0.01763916015625 -0.66363525390625
-0.0199050903320313 -0.0218429565429688 -0.64703369140625 -0.47113037109375
0.00050640106201172 0.0171604156494141 -0.69268798828125 0.3392333984375
0.0166330337524414 0.0170459747314453 -0.17071533203125 0.6444091796875
0.0180721282958984 -0.0169467926025391 0.127960205078125 0.49200439453125
-0.00503349304199218 -0.0278282165527344 0.230987548828125 0.164886474609375
-0.0190086364746094 -0.00150489807128906 0.170150756835938 -0.0973968505859375
-0.00548362731933594 -0.0236930847167969 -0.165802001953125 0.0133209228515625
0.0159721374511719 -0.0612640380859375 -0.169525146484375 -0.293670654296875
0.0203094482421875 -0.0469589233398438 0.043701171875 -0.5130615234375
0.0233802795410156 0.0139503479003906 0.480316162109375 -0.407867431640625
0.00433731079101563 0.0452995300292969 0.77398681640625 0.21673583984375
-0.0319843292236328 -0.0150928497314453 0.46478271484375 0.79815673828125
0.0124721527099609 -0.0242729187011719 -0.0661010742187501 0.66094970703125
0.05615234375 -0.0381698608398438 0.117607116699219 -0.0221023559570313
0.00568771362304687 -0.04888916015625 0.0342407226562501 -0.6689453125
-0.015045166015625 -0.00452136993408203 -0.63427734375 -0.49810791015625
0.00387382507324218 0.0333423614501953 -0.70709228515625 0.3125
0.00918006896972656 0.018798828125 -0.1949462890625 0.63922119140625
0.00638198852539063 -0.0323028564453125 0.111297607421875 0.495452880859375
-0.011962890625 -0.0505790710449219 0.222915649414062 0.170669555664062
-0.0156946182250977 -0.0125894546508789 0.170181274414063 -0.09722900390625
0.000968933105468752 -0.0239353179931641 -0.168304443359375 0.0200653076171875
0.0113143920898438 -0.0813674926757813 -0.185028076171875 -0.28216552734375
0.00979614257812499 -0.0678482055664063 0.02276611328125 -0.511566162109375
0.0152902603149414 0.00724601745605469 0.458160400390625 -0.443817138671875
0.00332641601562501 0.05621337890625 0.7884521484375 0.14813232421875
-0.0352058410644531 0.00390243530273437 0.50921630859375 0.742919921875
0.0150146484375 -0.0203571319580078 -0.0396728515625 0.65496826171875
0.0681648254394531 -0.0424385070800781 0.105300903320313 -0.0107498168945313
0.01531982421875 -0.0488433837890625 0.05938720703125 -0.67352294921875
-0.0138025283813477 0.0106124877929688 -0.6080322265625 -0.55419921875
0.00218963623046875 0.0482177734375 -0.7354736328125 0.25537109375
0.000818252563476564 0.019683837890625 -0.237548828125 0.62060546875
-0.00423812866210937 -0.0477142333984375 0.084320068359375 0.49835205078125
-0.0147933959960937 -0.0715179443359375 0.213394165039062 0.179397583007813
-0.0106334686279297 -0.0200138092041016 0.1688232421875 -0.0957489013671875
0.00195121765136719 -0.0254592895507813 -0.17095947265625 0.0281829833984375
0.00773620605468751 -0.0920867919921875 -0.19732666015625 -0.264739990234375
-0.00458526611328126 -0.0762405395507813 -0.002044677734375 -0.509521484375
0.00757789611816406 0.00752162933349609 0.429534912109375 -0.489013671875
0.00724029541015625 0.0650672912597656 0.7965087890625 0.0582275390625
-0.0334243774414062 0.0212688446044922 0.55975341796875 0.66845703125
0.015345573425293 -0.0151100158691406 -0.00927734374999999 0.6466064453125
0.0760879516601563 -0.0460205078125 0.0877761840820312 0.00446319580078125
0.0220909118652344 -0.0471572875976562 0.09710693359375 -0.680419921875
-0.0134925842285156 0.0189380645751953 -0.57110595703125 -0.62744140625
-0.00238037109375 0.0576286315917969 -0.7637939453125 0.17071533203125
-0.0052490234375 0.0204448699951172 -0.28533935546875 0.588134765625
-0.00699996948242187 -0.0625152587890625 0.05731201171875 0.4996337890625
-0.0102462768554688 -0.0855636596679688 0.210739135742188 0.188018798828125
-0.00561904907226562 -0.0215358734130859 0.171127319335938 -0.0920257568359375
-0.01275634765625 0.02813720703125 -0.183151245117188 0.02923583984375
0.0199050903320313 0.0434150695800781 -0.18450927734375 -0.238494873046875
0.05780029296875 0.04461669921875 0.041534423828125 -0.507354736328125
0.050628662109375 0.0300102233886719 0.458465576171875 -0.500823974609375
0.0129194259643555 -0.00712490081787109 0.78399658203125 0.05810546875
-0.0227584838867187 -0.072265625 0.53228759765625 0.6636962890625
-0.0135345458984375 -0.0242538452148437 -0.04168701171875 0.64117431640625
0.00137853622436523 -0.0019843578338623 0.0755996704101563 -0.0065155029296875
0.00170898437500001 -0.0573043823242188 0.06689453125 -0.69195556640625
-0.0107650756835937 -0.0805740356445313 -0.61474609375 -0.63262939453125
-0.00139236450195312 -0.0279579162597656 -0.7730712890625 0.173095703125
0.0358047485351563 0.0347671508789063 -0.25384521484375 0.572509765625
0.0474281311035156 0.0564994812011719 0.109100341796875 0.4857177734375
0.0122108459472656 0.0391578674316406 0.240249633789063 0.18170166015625
-0.0190811157226562 0.0363006591796875 0.176864624023438 -0.0942230224609375
-0.0136623382568359 0.0179195404052734 -0.1806640625 0.020965576171875
0.0111160278320313 0.0351676940917969 -0.178756713867188 -0.256118774414062
0.04925537109375 0.0467300415039063 0.057830810546875 -0.499755859375
0.051513671875 0.0347518920898437 0.482757568359375 -0.4501953125
0.017512321472168 -0.00412940979003906 0.7781982421875 0.1427001953125
-0.0192108154296875 -0.074554443359375 0.4893798828125 0.72918701171875
-0.00896453857421875 -0.02691650390625 -0.0635986328125 0.64764404296875
0.00561094284057617 -0.00682878494262695 0.0918426513671875 -0.01556396484375
-0.00536346435546875 -0.0572052001953125 0.0366821289062499 -0.67822265625
-0.0190887451171875 -0.07342529296875 -0.640869140625 -0.55694580078125
-0.00422477722167969 -0.0252971649169922 -0.7403564453125 0.25244140625
0.0343093872070313 0.0235977172851563 -0.21441650390625 0.6048583984375
0.0489997863769531 0.0412139892578125 0.1229248046875 0.483551025390625
0.0120067596435547 0.032470703125 0.238296508789063 0.170272827148438
-0.0194854736328125 0.0323276519775391 0.1748046875 -0.0985107421875
-0.0153064727783203 0.00774097442626953 -0.172607421875 0.0157470703125
0.00696659088134766 0.0175628662109375 -0.167144775390625 -0.27337646484375
0.043212890625 0.0348281860351563 0.065185546875 -0.510498046875
0.0467643737792969 0.03631591796875 0.497528076171875 -0.415618896484375
0.0164337158203125 0.00401401519775391 0.774169921875 0.21173095703125
-0.0154914855957031 -0.0679359436035156 0.45709228515625 0.785400390625
-0.00436210632324219 -0.0290565490722656 -0.08453369140625 0.65802001953125
0.0121059417724609 -0.0122919082641602 0.104736328125 -0.0250091552734375
-0.00691604614257813 -0.055419921875 0.01617431640625 -0.669921875
-0.0235481262207031 -0.05938720703125 -0.655517578125 -0.50042724609375
-0.00706195831298828 -0.0140867233276367 -0.71551513671875 0.3094482421875
0.029541015625 0.0182456970214844 -0.18267822265625 0.626220703125
0.043212890625 0.0222396850585938 0.131988525390625 0.486175537109375
0.00857734680175781 0.0145978927612305 0.2364501953125 0.164657592773438
-0.0205955505371094 0.0217609405517578 0.171417236328125 -0.10205078125
-0.0116939544677734 -0.00323772430419922 -0.168853759765625 0.0119171142578125
0.00769567489624023 -0.00640058517456055 -0.1656494140625 -0.290496826171875
0.0362815856933594 0.0117568969726563 0.06671142578125 -0.513397216796875
0.0407218933105469 0.0305404663085938 0.49822998046875 -0.39544677734375
0.0130748748779297 0.0162477493286133 0.77093505859375 0.2457275390625
-0.0212631225585937 -0.0530738830566406 0.43878173828125 0.82025146484375
0.00246810913085937 -0.0284366607666016 -0.08740234375 0.66424560546875
0.0257530212402344 -0.0213756561279297 0.116195678710937 -0.0286331176757813
-0.00586700439453125 -0.0532608032226562 0.00836181640624997 -0.66558837890625
-0.0222091674804688 -0.0403518676757813 -0.65948486328125 -0.46893310546875
-0.00396370887756348 0.000300884246826172 -0.6981201171875 0.344482421875
0.0237541198730469 0.0147209167480469 -0.16351318359375 0.64385986328125
0.0321464538574219 0.00173187255859375 0.13800048828125 0.489898681640625
0.00219964981079102 -0.00520467758178711 0.234695434570313 0.162551879882813
-0.0187835693359375 0.0109672546386719 0.1712646484375 -0.103286743164063
-0.0112361907958984 -0.0147838592529297 -0.168869018554687 0.01104736328125
0.0144405364990234 -0.0340747833251953 -0.1661376953125 -0.296142578125
0.0287437438964844 -0.0195980072021484 0.05511474609375 -0.516265869140625
0.0327816009521484 0.0227622985839844 0.491485595703125 -0.396331787109375
0.00847434997558594 0.0310153961181641 0.77197265625 0.24835205078125
-0.0261955261230469 -0.0354881286621094 0.44354248046875 0.82501220703125
0.00786781311035156 -0.0265102386474609 -0.0797119140625 0.66619873046875
0.0419120788574219 -0.0298233032226563 0.122665405273437 -0.0286178588867188
-0.000236511230468748 -0.0504531860351562 0.0152587890625 -0.66802978515625
-0.019134521484375 -0.0211029052734375 -0.64923095703125 -0.4669189453125
0.0003662109375 0.0168914794921875 -0.6932373046875 0.34649658203125
0.0165834426879883 0.0170087814331055 -0.16668701171875 0.64996337890625
0.0184192657470703 -0.0160026550292969 0.13250732421875 0.493865966796875
-0.00472831726074218 -0.0288410186767578 0.23394775390625 0.164321899414062
-0.0183429718017578 5.14984130859336E-05 0.170974731445312 -0.0997314453125
-0.00490951538085938 -0.0227642059326172 -0.167633056640625 0.014678955078125
0.0155258178710937 -0.0616912841796875 -0.1751708984375 -0.294036865234375
0.0194129943847656 -0.0484504699707031 0.0374755859375 -0.517120361328125
0.0235805511474609 0.0134544372558594 0.477386474609375 -0.41448974609375
0.00400161743164062 0.0448455810546875 0.781982421875 0.21099853515625
-0.0325088500976562 -0.0157394409179688 0.47393798828125 0.7969970703125
0.0123786926269531 -0.0242805480957031 -0.06201171875 0.66522216796875
0.0579605102539063 -0.0379562377929688 0.118659973144531 -0.0221176147460938
0.005462646484375 -0.0488662719726563 0.0312500000000001 -0.67266845703125
-0.0157070159912109 -0.00449180603027344 -0.638427734375 -0.49749755859375
0.00266265869140625 0.0340728759765625 -0.7081298828125 0.31890869140625
0.0116214752197266 0.0198440551757812 -0.1888427734375 0.643310546875
0.00439262390136718 -0.0330677032470703 0.11474609375 0.498260498046875
-0.012847900390625 -0.0510978698730469 0.227584838867188 0.169708251953125
-0.0150327682495117 -0.0113143920898437 0.171737670898437 -0.0986328125
0.000463485717773439 -0.0255088806152344 -0.16827392578125 0.021728515625
0.0107269287109375 -0.0834426879882813 -0.188323974609375 -0.282928466796875
0.00909805297851563 -0.0690574645996094 0.0163879394531249 -0.515838623046875
0.0152883529663086 0.00653648376464844 0.457489013671875 -0.450286865234375
0.00336456298828124 0.05572509765625 0.79486083984375 0.14178466796875
-0.0362777709960938 0.00473785400390625 0.5194091796875 0.74371337890625
0.0149459838867187 -0.0198211669921875 -0.0343017578125 0.659423828125
0.0686454772949219 -0.043243408203125 0.106063842773437 -0.0111160278320313
0.0144920349121094 -0.0476455688476563 0.05755615234375 -0.67767333984375
-0.0133266448974609 0.00937652587890625 -0.61407470703125 -0.55072021484375
0.00197982788085937 0.0470466613769531 -0.736328125 0.26165771484375
0.00218582153320312 0.0203647613525391 -0.23150634765625 0.62420654296875
-0.00475692749023437 -0.0478286743164063 0.08929443359375 0.50238037109375
-0.0142593383789063 -0.0709762573242188 0.218246459960938 0.178054809570313
-0.0103340148925781 -0.0191535949707031 0.169342041015625 -0.096710205078125
0.00122642517089844 -0.0261821746826172 -0.172149658203125 0.03106689453125
0.00638580322265626 -0.094024658203125 -0.200363159179688 -0.265655517578125
-0.00534820556640625 -0.0766525268554688 -0.00622558593749999 -0.511810302734375
0.00700521469116211 0.006134033203125 0.428802490234375 -0.497650146484375
0.00744247436523438 0.0659828186035156 0.8004150390625 0.0491943359375
-0.0333690643310547 0.0214881896972656 0.56884765625 0.66851806640625
0.0156993865966797 -0.0160312652587891 -0.00555419921875005 0.6507568359375
0.0777435302734375 -0.0458984375 0.0908889770507813 0.004547119140625
0.021514892578125 -0.0465736389160156 0.0964965820312501 -0.68450927734375
-0.0128097534179687 0.0185451507568359 -0.5787353515625 -0.626953125
-0.00130462646484375 0.0561790466308594 -0.76678466796875 0.18023681640625
-0.00515556335449219 0.0222721099853516 -0.28192138671875 0.59429931640625
-0.00746917724609375 -0.0617752075195313 0.060516357421875 0.499908447265625
-0.0105819702148437 -0.085205078125 0.214508056640625 0.1884765625
-0.00415802001953125 -0.0207366943359375 0.171218872070313 -0.09393310546875
-0.0116291046142578 0.0279216766357422 -0.185256958007812 0.0314788818359375
0.0184402465820313 0.0443077087402344 -0.18841552734375 -0.239456176757813
0.0571250915527344 0.0442924499511719 0.036376953125 -0.511444091796875
0.0516204833984375 0.03009033203125 0.454559326171875 -0.509857177734375
0.0130405426025391 -0.00755500793457031 0.787109375 0.0499267578125
-0.0247421264648438 -0.0737762451171875 0.5400390625 0.66192626953125
-0.0137157440185547 -0.0233612060546875 -0.03594970703125 0.64373779296875
0.00129258632659912 -0.00100922584533691 0.0750961303710938 -0.00605010986328125
-0.00135421752929688 -0.056640625 0.06170654296875 -0.69512939453125
-0.0113067626953125 -0.0819015502929688 -0.62188720703125 -0.63189697265625
-0.00241661071777344 -0.0292263031005859 -0.7745361328125 0.1798095703125
0.0367927551269531 0.0340805053710938 -0.25079345703125 0.57861328125
0.0481796264648438 0.0555992126464844 0.116058349609375 0.488861083984375
0.0121536254882812 0.0388832092285156 0.243270874023438 0.181732177734375
-0.0186271667480469 0.0393295288085938 0.17645263671875 -0.09600830078125
-0.0135078430175781 0.0196208953857422 -0.182159423828125 0.022247314453125
0.0112419128417969 0.0361175537109375 -0.18157958984375 -0.256195068359375
0.0506782531738281 0.04583740234375 0.052337646484375 -0.50494384765625
0.0539169311523438 0.0351028442382813 0.48004150390625 -0.456756591796875
0.0158300399780273 -0.00470924377441406 0.78363037109375 0.134033203125
-0.0198211669921875 -0.0750274658203125 0.49603271484375 0.72711181640625
-0.0109672546386719 -0.0257797241210938 -0.05926513671875 0.65240478515625
0.00485467910766602 -0.00609683990478516 0.0946502685546875 -0.0151748657226563
-0.00465774536132813 -0.0583038330078125 0.0343017578125001 -0.68121337890625
-0.0187149047851563 -0.0732803344726563 -0.64794921875 -0.55401611328125
-0.00573348999023438 -0.0257110595703125 -0.74395751953125 0.25970458984375
0.0352668762207031 0.0241546630859375 -0.21112060546875 0.609619140625
0.05096435546875 0.0414695739746094 0.12939453125 0.485748291015625
0.0123291015625 0.0304775238037109 0.241012573242188 0.16864013671875
-0.0200157165527344 0.0320281982421875 0.175491333007813 -0.101028442382813
-0.0159196853637695 0.00778579711914063 -0.172836303710938 0.0156402587890625
0.00571823120117188 0.0184555053710938 -0.170745849609375 -0.273483276367188
0.0436325073242188 0.0338325500488281 0.058868408203125 -0.515289306640625
0.0491905212402344 0.0355110168457031 0.4957275390625 -0.42254638671875
0.0166692733764648 0.00346088409423828 0.7803955078125 0.20404052734375
-0.0158805847167969 -0.0685691833496094 0.464599609375 0.786376953125
-0.00433731079101562 -0.0279788970947266 -0.0776367187499999 0.66156005859375
0.0158729553222656 -0.0112762451171875 0.106704711914063 -0.0257797241210938
-0.00806427001953125 -0.0566329956054688 0.01080322265625 -0.67413330078125
-0.0249481201171875 -0.0583724975585937 -0.661865234375 -0.49664306640625
-0.00576496124267578 -0.0133438110351563 -0.7147216796875 0.31964111328125
0.0296955108642578 0.0172557830810547 -0.17828369140625 0.6341552734375
0.0432624816894531 0.0202064514160156 0.13861083984375 0.486846923828125
0.00669479370117188 0.016911506652832 0.239105224609375 0.16326904296875
-0.0189647674560547 0.02581787109375 0.171035766601563 -0.1051025390625
-0.0114526748657227 -0.00376701354980469 -0.169586181640625 0.014739990234375
0.00674343109130859 -0.00657320022583008 -0.16943359375 -0.29022216796875
0.0362319946289063 0.0120048522949219 0.06158447265625 -0.51806640625
0.0413780212402344 0.031646728515625 0.495880126953125 -0.401611328125
0.0135631561279297 0.0149364471435547 0.77362060546875 0.24005126953125
-0.0214576721191406 -0.0544509887695313 0.44873046875 0.82000732421875
0.00406265258789062 -0.0265846252441406 -0.08148193359375 0.66925048828125
0.0265712738037109 -0.0206069946289063 0.117401123046875 -0.0278778076171875
-0.00589370727539063 -0.0514945983886719 0.00592041015624993 -0.6680908203125
-0.0245399475097656 -0.0398368835449219 -0.66363525390625 -0.4652099609375
-0.00497579574584961 9.58442687988281E-05 -0.69598388671875 0.35076904296875
0.0243034362792969 0.013916015625 -0.158447265625 0.6483154296875
0.0318698883056641 0.000152587890625 0.143310546875 0.491302490234375
0.000330448150634766 -0.00439977645874023 0.237762451171875 0.161972045898438
-0.0178070068359375 0.0103435516357422 0.171218872070313 -0.105026245117187
-0.00975799560546875 -0.0157995223999023 -0.16986083984375 0.013153076171875
0.0112495422363281 -0.0353507995605469 -0.17095947265625 -0.2957763671875
0.0291557312011719 -0.0192222595214844 0.047882080078125 -0.5208740234375
0.0341739654541016 0.022125244140625 0.487518310546875 -0.404510498046875
0.00880622863769531 0.0298976898193359 0.775146484375 0.2418212890625
-0.02716064453125 -0.0354843139648438 0.4517822265625 0.8243408203125
0.00831413269042969 -0.0273551940917969 -0.0737304687500001 0.6707763671875
0.0432205200195313 -0.0299301147460937 0.123077392578125 -0.029937744140625
-0.0012359619140625 -0.0505790710449219 0.0121459960937501 -0.670166015625
-0.0194206237792969 -0.0210037231445313 -0.65704345703125 -0.46630859375
0.000675201416015625 0.0168113708496094 -0.69061279296875 0.3525390625
0.0175991058349609 0.01641845703125 -0.158447265625 0.65545654296875
0.0176544189453125 -0.0168838500976563 0.13714599609375 0.49688720703125
-0.00618362426757813 -0.0283870697021484 0.237197875976563 0.165069580078125
-0.0165386199951172 0.000243186950683595 0.17132568359375 -0.101303100585938
-0.00424766540527343 -0.0233268737792969 -0.16754150390625 0.0175628662109375
0.0141677856445313 -0.0619010925292969 -0.17877197265625 -0.2945556640625
0.0185317993164063 -0.0482368469238281 0.03094482421875 -0.521697998046875
0.0237693786621094 0.0125617980957031 0.474090576171875 -0.422149658203125
0.00434112548828125 0.0447425842285156 0.78863525390625 0.20416259765625
-0.0331249237060547 -0.0149383544921875 0.48223876953125 0.79669189453125
0.0139827728271484 -0.0237922668457031 -0.056640625 0.66790771484375
0.0581626892089844 -0.037872314453125 0.118156433105469 -0.022491455078125
0.00408172607421875 -0.0501785278320313 0.0263671875 -0.67596435546875
-0.015751838684082 -0.00453472137451172 -0.64569091796875 -0.49371337890625
0.00378799438476562 0.0346813201904297 -0.70806884765625 0.32769775390625
0.0112056732177734 0.0187015533447266 -0.18524169921875 0.6505126953125
0.0043487548828125 -0.033447265625 0.121337890625 0.501495361328125
-0.013214111328125 -0.0518722534179687 0.230865478515625 0.16925048828125
-0.0144157409667969 -0.0102815628051758 0.171157836914063 -0.100341796875
0.00104522705078125 -0.0246601104736328 -0.169952392578125 0.0236663818359375
0.00992584228515626 -0.0823593139648437 -0.19183349609375 -0.28302001953125
0.00756454467773438 -0.0683517456054688 0.00903320312500006 -0.518310546875
0.0153665542602539 0.00615501403808594 0.455230712890625 -0.45892333984375
0.00310516357421875 0.0562057495117188 0.7987060546875 0.13287353515625
-0.0368614196777344 0.00431060791015624 0.52685546875 0.73974609375
0.0167331695556641 -0.0198802947998047 -0.03009033203125 0.662353515625
0.0703582763671875 -0.0436248779296875 0.105270385742188 -0.011505126953125
0.012054443359375 -0.0484580993652344 0.05401611328125 -0.6800537109375
-0.0132665634155273 0.0111875534057617 -0.61962890625 -0.5478515625
0.0023345947265625 0.04876708984375 -0.737060546875 0.2705078125
0.00192070007324219 0.0208721160888672 -0.2269287109375 0.63067626953125
-0.00490951538085937 -0.0493850708007813 0.0956420898437499 0.504730224609375
-0.0155982971191406 -0.0701789855957031 0.221817016601563 0.177597045898438
-0.0101165771484375 -0.0194339752197266 0.170730590820312 -0.0990753173828125
0.00166702270507812 -0.0250797271728516 -0.172561645507813 0.0325469970703125
0.00502777099609375 -0.0942764282226563 -0.20623779296875 -0.2633056640625
-0.00698089599609374 -0.0778961181640625 -0.01361083984375 -0.516998291015625
0.00637578964233399 0.00681352615356445 0.424163818359375 -0.505126953125
0.00795364379882812 0.0673065185546875 0.8031005859375 0.040283203125
-0.0315074920654297 0.0218353271484375 0.57623291015625 0.66357421875
0.0182552337646484 -0.0146427154541016 -0.00213623046874994 0.65228271484375
0.0778350830078125 -0.0450973510742188 0.0908432006835937 0.00479888916015625
0.0196685791015625 -0.0474395751953125 0.0910034179687499 -0.687744140625
-0.0135669708251953 0.0180244445800781 -0.58343505859375 -0.62298583984375
-0.00183105468750001 0.0594596862792969 -0.77117919921875 0.1865234375
-0.00504493713378906 0.0213356018066406 -0.27740478515625 0.6019287109375
-0.00638961791992187 -0.0622482299804688 0.0675048828125 0.504150390625
-0.012908935546875 -0.0869140625 0.218414306640625 0.187591552734375
-0.00306320190429687 -0.0216884613037109 0.171722412109375 -0.095550537109375
-0.0122737884521484 0.0289897918701172 -0.186355590820313 0.0343017578125
0.0198287963867188 0.0442276000976563 -0.192169189453125 -0.238800048828125
0.0582046508789063 0.0451011657714844 0.02850341796875 -0.514068603515625
0.0517616271972656 0.0299186706542969 0.450286865234375 -0.516632080078125
0.0124406814575195 -0.00976848602294922 0.7906494140625 0.0404052734375
-0.0254592895507813 -0.0743560791015625 0.54571533203125 0.658203125
-0.0133495330810547 -0.0228366851806641 -0.0310668945312499 0.6463623046875
0.00282597541809082 0.000335216522216797 0.0746688842773438 -0.00502777099609375
-0.00135040283203126 -0.0564651489257813 0.0575561523437501 -0.69805908203125
-0.0128860473632812 -0.08099365234375 -0.6314697265625 -0.62884521484375
-0.00194358825683594 -0.0291805267333984 -0.77581787109375 0.18896484375
0.0389671325683594 0.0328712463378906 -0.24505615234375 0.58367919921875
0.0492362976074219 0.0551681518554688 0.121185302734375 0.49005126953125
0.0118598937988281 0.0404052734375 0.247543334960938 0.1810302734375
-0.01849365234375 0.0401954650878906 0.176971435546875 -0.096588134765625
-0.0123081207275391 0.0193634033203125 -0.182785034179688 0.02532958984375
0.0113487243652344 0.0364952087402344 -0.185440063476563 -0.255386352539063
0.05029296875 0.0466079711914063 0.046234130859375 -0.508544921875
0.0532188415527344 0.0341911315917969 0.476318359375 -0.466400146484375
0.01611328125 -0.00514316558837891 0.78887939453125 0.1251220703125
-0.0217056274414062 -0.074981689453125 0.5052490234375 0.72723388671875
-0.00947952270507813 -0.0261592864990234 -0.0528564453125 0.65484619140625
0.00589847564697266 -0.00469207763671875 0.0939865112304688 -0.0166015625
-0.00711441040039062 -0.0567588806152344 0.0296630859375 -0.685791015625
-0.0217666625976562 -0.0734481811523438 -0.65283203125 -0.54962158203125
-0.00605964660644531 -0.0270786285400391 -0.74163818359375 0.26629638671875
0.0375785827636719 0.0224151611328125 -0.205322265625 0.6148681640625
0.0517196655273438 0.0401420593261719 0.136322021484375 0.48541259765625
0.0119285583496094 0.0309944152832031 0.245590209960938 0.168533325195313
-0.0199909210205078 0.0346927642822266 0.173416137695313 -0.103012084960938
-0.0131902694702148 0.00889205932617188 -0.175384521484375 0.018798828125
0.00568771362304688 0.0190238952636719 -0.174636840820313 -0.274032592773437
0.0450325012207031 0.0346450805664063 0.05145263671875 -0.520263671875
0.0499382019042969 0.0354537963867188 0.49102783203125 -0.429718017578125
0.0179309844970703 0.004486083984375 0.7861328125 0.195556640625
-0.017578125 -0.0696640014648438 0.4737548828125 0.7830810546875
-0.00443840026855468 -0.0279064178466797 -0.0701904296875 0.66668701171875
0.0134773254394531 -0.012324333190918 0.107574462890625 -0.0254974365234375
-0.00891113281250001 -0.0551414489746094 0.00701904296875005 -0.6744384765625
-0.0243873596191406 -0.058746337890625 -0.6676025390625 -0.491455078125
-0.00609397888183594 -0.0137205123901367 -0.71453857421875 0.32733154296875
0.0311660766601562 0.0175762176513672 -0.171875 0.6396484375
0.044342041015625 0.0200424194335938 0.14453125 0.489410400390625
0.00832080841064453 0.0158052444458008 0.2427978515625 0.162521362304688
-0.0179710388183594 0.0250720977783203 0.1722412109375 -0.106521606445313
-0.011042594909668 -0.00421810150146484 -0.170303344726563 0.0167083740234375
0.00536441802978516 -0.00779390335083008 -0.172607421875 -0.2906494140625
0.0355224609375 0.0118484497070313 0.054473876953125 -0.520660400390625
0.0436744689941406 0.0309066772460937 0.49114990234375 -0.411346435546875
0.0138092041015625 0.0160560607910156 0.78094482421875 0.23211669921875
-0.0221519470214844 -0.054931640625 0.45721435546875 0.8182373046875
0.00261116027832031 -0.0270442962646484 -0.07562255859375 0.67218017578125
0.0263519287109375 -0.0210819244384766 0.118316650390625 -0.0305862426757813
-0.00742340087890626 -0.0516471862792969 0.000854492187500008 -0.67083740234375
-0.0237846374511719 -0.0410957336425781 -0.67010498046875 -0.460693359375
-0.00484180450439453 0.000394821166992188 -0.69525146484375 0.361572265625
0.0240573883056641 0.0147895812988281 -0.15435791015625 0.653564453125
0.0321044921875 0.0013275146484375 0.150115966796875 0.493377685546875
0.00109291076660156 -0.00456905364990234 0.241958618164063 0.161422729492188
-0.0174541473388672 0.0131072998046875 0.1715087890625 -0.106246948242188
-0.00918102264404297 -0.0173864364624023 -0.17059326171875 0.0158843994140625
0.0115146636962891 -0.0336818695068359 -0.17510986328125 -0.296142578125
0.0277996063232422 -0.0199432373046875 0.042724609375 -0.525665283203125
0.0342674255371094 0.0221614837646484 0.484832763671875 -0.410675048828125
0.00973701477050781 0.0319004058837891 0.7808837890625 0.234375
-0.0285415649414063 -0.0364456176757813 0.46063232421875 0.8223876953125
0.00864219665527344 -0.0263938903808594 -0.06927490234375 0.6749267578125
0.0423202514648438 -0.0289802551269531 0.122413635253906 -0.0298233032226563
-0.00169372558593749 -0.05059814453125 0.00738525390625001 -0.6728515625
-0.0211849212646484 -0.0209674835205078 -0.66302490234375 -0.46221923828125
0.000852584838867189 0.0167064666748047 -0.689697265625 0.36273193359375
0.0173616409301758 0.0158443450927734 -0.151611328125 0.65826416015625
0.0158748626708984 -0.0173559188842773 0.142913818359375 0.498046875
-0.00673294067382813 -0.0277481079101563 0.240371704101563 0.162200927734375
-0.0161104202270508 0.0010833740234375 0.172317504882812 -0.103790283203125
-0.00408172607421875 -0.0222568511962891 -0.16839599609375 0.0200653076171875
0.0140533447265625 -0.0620040893554688 -0.184600830078125 -0.294281005859375
0.0184288024902344 -0.050201416015625 0.0240173339843751 -0.524078369140625
0.0237827301025391 0.0116825103759766 0.470916748046875 -0.42938232421875
0.00477218627929688 0.0428695678710938 0.791748046875 0.1956787109375
-0.0344810485839844 -0.0150394439697266 0.49005126953125 0.79443359375
0.0143222808837891 -0.0235652923583984 -0.05023193359375 0.67181396484375
0.058319091796875 -0.0380096435546875 0.119033813476563 -0.0219345092773438
0.00437545776367188 -0.0489921569824219 0.02215576171875 -0.67913818359375
-0.0165033340454102 -0.00346755981445313 -0.6502685546875 -0.49041748046875
0.00504493713378906 0.03192138671875 -0.70697021484375 0.335693359375
0.0109024047851563 0.0183525085449219 -0.1767578125 0.65594482421875
0.00281333923339843 -0.0336208343505859 0.1268310546875 0.50286865234375
-0.0139999389648437 -0.052093505859375 0.233474731445313 0.1680908203125
-0.0138635635375977 -0.0110836029052734 0.172012329101562 -0.102218627929687
0.00110816955566406 -0.0243358612060547 -0.17010498046875 0.0258331298828125
0.00868225097656249 -0.084228515625 -0.19781494140625 -0.2823486328125
0.00724792480468751 -0.0699005126953125 0.00311279296874998 -0.523193359375
0.0153055191040039 0.00572013854980469 0.449676513671875 -0.466064453125
0.00431442260742187 0.0549774169921875 0.8033447265625 0.12359619140625
-0.0367851257324219 0.00450897216796875 0.5360107421875 0.73675537109375
0.0166473388671875 -0.0199642181396484 -0.02423095703125 0.6651611328125
0.0704116821289063 -0.0448226928710938 0.106643676757813 -0.0115890502929688
0.0131683349609375 -0.0481681823730469 0.0504150390625001 -0.6842041015625
-0.0139169692993164 0.0100860595703125 -0.630126953125 -0.5447998046875
0.00441741943359376 0.0485610961914063 -0.73651123046875 0.27874755859375
0.00247383117675781 0.0202083587646484 -0.22247314453125 0.635986328125
-0.00699996948242188 -0.0497550964355469 0.1009521484375 0.507720947265625
-0.0168609619140625 -0.0711593627929688 0.225006103515625 0.176773071289062
-0.00934219360351563 -0.0182838439941406 0.171600341796875 -0.100555419921875
0.00396728515625 -0.0260124206542969 -0.1732177734375 0.0345611572265625
0.00461578369140625 -0.0961990356445313 -0.210052490234375 -0.26483154296875
-0.00739288330078124 -0.0778274536132813 -0.0206298828125 -0.51885986328125
0.00650453567504883 0.00721359252929688 0.418609619140625 -0.5118408203125
0.01007080078125 0.0656318664550781 0.8076171875 0.0311279296875
-0.0334835052490234 0.0225906372070313 0.58306884765625 0.66351318359375
0.0177898406982422 -0.0161266326904297 0.00573730468749999 0.6551513671875
0.0795211791992188 -0.0454177856445312 0.08984375 0.0046539306640625
0.0209808349609375 -0.0468063354492188 0.0867309570312499 -0.68975830078125
-0.0132160186767578 0.0199775695800781 -0.5897216796875 -0.62109375
0.000389099121093747 0.0596160888671875 -0.76910400390625 0.19427490234375
-0.00550651550292969 0.0206642150878906 -0.2725830078125 0.605712890625
-0.00956726074218751 -0.0638084411621094 0.073455810546875 0.505157470703125
-0.0126876831054687 -0.086181640625 0.22039794921875 0.187515258789063
-0.00412750244140625 -0.0204086303710938 0.173934936523438 -0.096832275390625
-0.010528564453125 0.0300979614257813 -0.186660766601563 0.0372161865234375
0.020782470703125 0.04510498046875 -0.196182250976563 -0.237197875976563
0.0594367980957031 0.0435981750488281 0.0224609375 -0.517822265625
0.0540542602539063 0.0295867919921875 0.446258544921875 -0.52435302734375
0.0124101638793945 -0.00972938537597656 0.7921142578125 0.0321044921875
-0.027313232421875 -0.0743637084960938 0.55340576171875 0.6533203125
-0.0133743286132813 -0.0216312408447266 -0.02459716796875 0.65032958984375
0.00307273864746094 0.000835895538330078 0.075927734375 -0.00641632080078125
-0.00118637084960937 -0.0563507080078125 0.05426025390625 -0.70147705078125
-0.01483154296875 -0.082611083984375 -0.63726806640625 -0.6240234375
-0.00401687622070313 -0.0295505523681641 -0.77618408203125 0.19720458984375
0.0415992736816406 0.0318489074707031 -0.23907470703125 0.58843994140625
0.0494918823242188 0.0551834106445313 0.12744140625 0.4893798828125
0.0116424560546875 0.0413703918457031 0.2503662109375 0.177597045898438
-0.0164833068847656 0.0414886474609375 0.176223754882813 -0.098785400390625
-0.0142536163330078 0.0184440612792969 -0.184173583984375 0.0284271240234375
0.0112648010253906 0.0363273620605469 -0.188674926757813 -0.2547607421875
0.0511894226074219 0.0449066162109375 0.0384521484375 -0.51263427734375
0.0547866821289063 0.0344810485839844 0.4718017578125 -0.475494384765625
0.0167865753173828 -0.00648784637451172 0.79327392578125 0.1185302734375
-0.02142333984375 -0.07647705078125 0.51239013671875 0.72149658203125
-0.00928115844726563 -0.0250778198242188 -0.0476074218749999 0.65838623046875
0.00588560104370117 -0.00478410720825195 0.0937423706054687 -0.0175323486328125
-0.00548171997070313 -0.0565528869628906 0.023681640625 -0.68731689453125
-0.0232086181640625 -0.0737228393554688 -0.6602783203125 -0.54486083984375
-0.00699234008789063 -0.0254898071289063 -0.739990234375 0.2783203125
0.0381584167480469 0.0228691101074219 -0.19696044921875 0.6180419921875
0.0519027709960938 0.0396347045898438 0.1427001953125 0.48846435546875
0.0117721557617188 0.0332984924316406 0.249191284179688 0.165603637695313
-0.0166473388671875 0.0331211090087891 0.173843383789063 -0.105575561523438
-0.0142631530761719 0.00927066802978516 -0.175079345703125 0.0223846435546875
0.00657081604003906 0.01837158203125 -0.179122924804688 -0.272750854492188
0.0438728332519531 0.0340309143066406 0.0457763671875 -0.523040771484375
0.0521583557128906 0.0349960327148437 0.485015869140625 -0.439239501953125
0.017730712890625 0.00295639038085937 0.78973388671875 0.186767578125
-0.0186538696289062 -0.0694084167480469 0.4830322265625 0.77862548828125
-0.0047760009765625 -0.0262546539306641 -0.0645751953125 0.667236328125
0.0153884887695312 -0.0112524032592773 0.106208801269531 -0.0262527465820313
-0.00981903076171874 -0.05413818359375 0.00262451171874994 -0.67608642578125
-0.0268821716308594 -0.0582809448242188 -0.67462158203125 -0.4871826171875
-0.00696849822998047 -0.0158767700195313 -0.7127685546875 0.33514404296875
0.0315265655517578 0.015960693359375 -0.16448974609375 0.643310546875
0.0443382263183594 0.0205078125 0.150482177734375 0.490814208984375
0.00866127014160156 0.0175313949584961 0.247482299804688 0.16162109375
-0.0173282623291016 0.0266971588134766 0.171646118164063 -0.107131958007813
-0.0117769241333008 -0.00261592864990234 -0.171844482421875 0.01934814453125
0.00460147857666016 -0.00519227981567383 -0.177032470703125 -0.289459228515625
0.0368881225585938 0.0105476379394531 0.047760009765625 -0.5244140625
0.0447769165039063 0.0304298400878906 0.4884033203125 -0.41943359375
0.0132656097412109 0.0149192810058594 0.7852783203125 0.22198486328125
-0.0237045288085938 -0.0558586120605469 0.46588134765625 0.8145751953125
0.00292587280273438 -0.0260505676269531 -0.06964111328125 0.67327880859375
0.027191162109375 -0.0199947357177734 0.11798095703125 -0.0300827026367188
-0.00809860229492187 -0.0530052185058594 -0.00500488281250004 -0.671630859375
-0.0261001586914063 -0.0408859252929687 -0.67449951171875 -0.45428466796875
-0.0043940544128418 0.000238895416259766 -0.69342041015625 0.3680419921875
0.0250797271728516 0.0135822296142578 -0.1455078125 0.65802001953125
0.0315151214599609 -0.000131607055664063 0.154022216796875 0.492279052734375
0.00150108337402344 -0.00488471984863281 0.244781494140625 0.158340454101563
-0.0163192749023438 0.0143871307373047 0.170883178710937 -0.109695434570312
-0.0101490020751953 -0.0156259536743164 -0.1728515625 0.019378662109375
0.0119171142578125 -0.0353736877441406 -0.179473876953125 -0.296783447265625
0.0286331176757813 -0.0200862884521484 0.0340576171875 -0.52880859375
0.0340003967285156 0.021484375 0.47930908203125 -0.42059326171875
0.00919342041015625 0.0305862426757813 0.78485107421875 0.224609375
-0.0291481018066406 -0.0376968383789063 0.47039794921875 0.820068359375
0.00928115844726563 -0.0265922546386719 -0.062255859375 0.67742919921875
0.0421066284179688 -0.0293006896972656 0.123580932617188 -0.0279769897460938
-0.0033111572265625 -0.0502586364746094 0.00122070312499997 -0.674072265625
-0.0229854583740234 -0.0213432312011719 -0.66845703125 -0.45611572265625
0.00141048431396484 0.0158538818359375 -0.68798828125 0.371826171875
0.0183792114257813 0.0154094696044922 -0.1478271484375 0.6624755859375
0.0173349380493164 -0.0170536041259766 0.14886474609375 0.498382568359375
-0.00719261169433594 -0.0278148651123047 0.243682861328125 0.161346435546875
-0.016204833984375 0.000815391540527345 0.17254638671875 -0.106231689453125
-0.00405120849609375 -0.0219917297363281 -0.171218872070313 0.02227783203125
0.0136032104492188 -0.0632705688476563 -0.18890380859375 -0.2939453125
0.0165481567382813 -0.0496330261230469 0.016387939453125 -0.528656005859375
0.0258769989013672 0.0117816925048828 0.46636962890625 -0.437530517578125
0.00559616088867187 0.0428085327148438 0.79736328125 0.18548583984375
-0.0362777709960938 -0.0161514282226563 0.49969482421875 0.791259765625
0.0134773254394531 -0.0242900848388672 -0.04376220703125 0.67401123046875
0.0587501525878906 -0.03753662109375 0.11956787109375 -0.0238494873046875
0.005706787109375 -0.0485496520996094 0.01800537109375 -0.67938232421875
-0.0166769027709961 -0.00334358215332031 -0.65673828125 -0.48553466796875
0.00426101684570312 0.0334949493408203 -0.7042236328125 0.343505859375
0.0107765197753906 0.0176258087158203 -0.1708984375 0.65875244140625
0.0027923583984375 -0.0340309143066406 0.132965087890625 0.502777099609375
-0.0150527954101562 -0.050994873046875 0.237564086914063 0.167449951171875
-0.0131559371948242 -0.0107994079589844 0.17120361328125 -0.103668212890625
0.000974655151367188 -0.024871826171875 -0.171035766601562 0.0279083251953125
0.00878143310546875 -0.0849533081054688 -0.200653076171875 -0.2816162109375
0.00548171997070312 -0.0697364807128906 -0.00463867187500003 -0.525726318359375
0.0149240493774414 0.00549793243408203 0.44580078125 -0.47247314453125
0.00426864624023437 0.0558929443359375 0.80633544921875 0.11322021484375
-0.0371360778808594 0.00551223754882813 0.545654296875 0.7357177734375
0.0179958343505859 -0.0209789276123047 -0.0172119140625 0.6673583984375
0.070648193359375 -0.0431747436523438 0.10650634765625 -0.0111160278320313
0.0124740600585937 -0.0472831726074219 0.0443725585937499 -0.685791015625
-0.0143365859985352 0.0102100372314453 -0.63421630859375 -0.53900146484375
0.00542831420898438 0.0486564636230469 -0.73541259765625 0.28643798828125
0.00193405151367187 0.019683837890625 -0.21405029296875 0.643310546875
-0.0063323974609375 -0.0498085021972656 0.106719970703125 0.50823974609375
-0.0183792114257813 -0.0712356567382812 0.22918701171875 0.175872802734375
-0.00861740112304687 -0.0184440612792969 0.171249389648437 -0.104583740234375
0.00432014465332031 -0.0264167785644531 -0.173599243164063 0.0384979248046875
0.00241088867187499 -0.0951614379882813 -0.214828491210938 -0.262619018554688
-0.00792694091796875 -0.07952880859375 -0.031341552734375 -0.52130126953125
0.00667095184326172 0.00739336013793945 0.4149169921875 -0.520843505859375
0.00970458984375001 0.0653419494628906 0.80950927734375 0.0213623046875
-0.0343551635742188 0.0215473175048828 0.59136962890625 0.658447265625
0.0179061889648438 -0.0153388977050781 0.0125732421875 0.65777587890625
0.0788192749023438 -0.04595947265625 0.0904769897460938 0.00421142578125
0.0215034484863281 -0.0464820861816406 0.08013916015625 -0.6929931640625
-0.0129375457763672 0.0190696716308594 -0.59765625 -0.61572265625
0.000476837158203121 0.0589332580566406 -0.768798828125 0.2041015625
-0.00452041625976563 0.0200824737548828 -0.26531982421875 0.61077880859375
-0.0104103088378906 -0.0641899108886719 0.080291748046875 0.507110595703125
-0.0154495239257813 -0.0856781005859375 0.224868774414063 0.185638427734375
-0.00196456909179688 -0.0209484100341797 0.172470092773438 -0.0993194580078125
-0.0100135803222656 0.0304107666015625 -0.187088012695313 0.040252685546875
0.0191726684570313 0.0447158813476563 -0.199844360351562 -0.234817504882813
0.0608482360839844 0.0443191528320313 0.0162963867187501 -0.520233154296875
0.0549736022949219 0.0278663635253906 0.43853759765625 -0.532257080078125
0.0136213302612305 -0.0113086700439453 0.79376220703125 0.02130126953125
-0.0281829833984375 -0.07635498046875 0.55950927734375 0.6470947265625
-0.0131874084472656 -0.0221652984619141 -0.01788330078125 0.65234375
0.0016026496887207 0.000957846641540527 0.0758438110351563 -0.0048675537109375
-0.00304412841796875 -0.0562400817871094 0.0476684570312501 -0.7017822265625
-0.0159683227539063 -0.082061767578125 -0.6431884765625 -0.6171875
-0.00244903564453125 -0.0303306579589844 -0.77374267578125 0.20794677734375
0.0404510498046875 0.0320701599121094 -0.23321533203125 0.59295654296875
0.0491065979003906 0.0549545288085937 0.1329345703125 0.48797607421875
0.0117683410644531 0.0423469543457031 0.254226684570313 0.177017211914062
-0.0151519775390625 0.0405807495117187 0.176040649414063 -0.101699829101563
-0.0134181976318359 0.0195236206054688 -0.184921264648438 0.03167724609375
0.0120010375976563 0.0371627807617188 -0.194610595703125 -0.252883911132813
0.0530853271484375 0.0454216003417969 0.032135009765625 -0.515411376953125
0.0550346374511719 0.0339469909667969 0.466583251953125 -0.480010986328125
0.0161333084106445 -0.00870323181152344 0.7958984375 0.107177734375
-0.022064208984375 -0.07830810546875 0.5201416015625 0.716552734375
-0.00965309143066406 -0.0257930755615234 -0.04046630859375 0.6614990234375
0.00650167465209961 -0.00319290161132813 0.0953750610351563 -0.0182342529296875
-0.00916290283203125 -0.0571327209472656 0.017578125 -0.6878662109375
-0.0229415893554687 -0.0735321044921875 -0.6671142578125 -0.539306640625
-0.00707817077636719 -0.02703857421875 -0.7398681640625 0.28680419921875
0.03900146484375 0.0217704772949219 -0.19140625 0.623291015625
0.0520820617675781 0.0400581359863281 0.148529052734375 0.486419677734375
0.0133609771728516 0.0336036682128906 0.251937866210938 0.164932250976563
-0.0185050964355469 0.0367584228515625 0.174819946289063 -0.105987548828125
-0.0147085189819336 0.00871086120605469 -0.176559448242188 0.0240936279296875
0.0062713623046875 0.0188541412353516 -0.1844482421875 -0.272171020507813
0.044952392578125 0.0350418090820312 0.038421630859375 -0.52471923828125
0.0526847839355469 0.0350799560546875 0.479339599609375 -0.447845458984375
0.0181655883789063 0.0012054443359375 0.79351806640625 0.17706298828125
-0.018463134765625 -0.0712127685546875 0.4918212890625 0.77618408203125
-0.00386428833007812 -0.0278205871582031 -0.0587158203125 0.6712646484375
0.0142278671264648 -0.0120658874511719 0.108001708984375 -0.0255889892578125
-0.0105056762695312 -0.0552215576171875 -0.00286865234375002 -0.67730712890625
-0.0270500183105469 -0.0590248107910156 -0.67919921875 -0.48095703125
-0.00636672973632812 -0.0147914886474609 -0.7081298828125 0.34600830078125
0.0316181182861328 0.0151100158691406 -0.1583251953125 0.6455078125
0.0425987243652344 0.0185317993164063 0.156768798828125 0.48931884765625
0.00914764404296875 0.0180492401123047 0.248947143554688 0.157882690429688
-0.0163135528564453 0.0274944305419922 0.171112060546875 -0.109893798828125
-0.009918212890625 -0.00305271148681641 -0.170989990234375 0.0218658447265625
0.00400638580322266 -0.00563478469848633 -0.18353271484375 -0.290069580078125
0.0366783142089844 0.0104179382324219 0.038360595703125 -0.528717041015625
0.0453376770019531 0.0295333862304688 0.480438232421875 -0.4263916015625
0.0141677856445313 0.0126132965087891 0.7886962890625 0.2122802734375
-0.0239219665527344 -0.0559577941894531 0.47491455078125 0.80950927734375
0.00382614135742187 -0.0261421203613281 -0.0615234375 0.67724609375
0.0272617340087891 -0.0204353332519531 0.119102478027344 -0.0302352905273438
-0.00841522216796876 -0.0525856018066406 -0.00946044921875004 -0.674560546875
-0.0266189575195312 -0.0406112670898438 -0.67974853515625 -0.44775390625
-0.00399541854858398 -0.00272274017333985 -0.69012451171875 0.376708984375
0.0251102447509766 0.0134048461914062 -0.13812255859375 0.66094970703125
0.0317745208740234 0.000463485717773437 0.162200927734375 0.492919921875
0.00126338005065918 -0.00296711921691895 0.248138427734375 0.157379150390625
-0.0157365798950195 0.014744758605957 0.170196533203125 -0.108322143554688
-0.0096883773803711 -0.0156612396240234 -0.171646118164063 0.0216064453125
0.0103225708007813 -0.0344867706298828 -0.183990478515625 -0.294708251953125
0.0268745422363281 -0.0198822021484375 0.0264892578125 -0.5308837890625
0.0350856781005859 0.0203685760498047 0.472412109375 -0.42529296875
0.0101394653320312 0.0293331146240234 0.78924560546875 0.2142333984375
-0.0288314819335938 -0.0378227233886719 0.478515625 0.81494140625
0.0101947784423828 -0.0260696411132812 -0.0548706054687499 0.6790771484375
0.0436477661132813 -0.0295639038085938 0.122329711914063 -0.03021240234375
-0.00397491455078125 -0.0505409240722656 -0.00317382812500002 -0.67431640625
-0.0215129852294922 -0.0212802886962891 -0.67327880859375 -0.4490966796875
0.001251220703125 0.0166759490966797 -0.68524169921875 0.38067626953125
0.019317626953125 0.0155181884765625 -0.13861083984375 0.66650390625
0.0165939331054688 -0.0177955627441406 0.157012939453125 0.49932861328125
-0.008544921875 -0.0267715454101563 0.247711181640625 0.159194946289063
-0.014704704284668 0.00207710266113281 0.171310424804687 -0.106735229492188
-0.0046539306640625 -0.02203369140625 -0.170379638671875 0.025054931640625
0.0105094909667969 -0.0641365051269531 -0.193267822265625 -0.292205810546875
0.0175132751464844 -0.050048828125 0.00885009765625 -0.529693603515625
0.0251312255859375 0.0115146636962891 0.460784912109375 -0.445556640625
0.00622940063476563 0.0425376892089844 0.7979736328125 0.177734375
-0.0353431701660156 -0.0160446166992187 0.51007080078125 0.78656005859375
0.0148448944091797 -0.0238113403320313 -0.0371093749999999 0.675537109375
0.0580406188964844 -0.0385475158691406 0.119911193847656 -0.0241851806640625
0.00368499755859375 -0.0490798950195313 0.01239013671875 -0.68212890625
-0.0165033340454102 -0.00378704071044922 -0.66064453125 -0.47845458984375
0.00604438781738281 0.034210205078125 -0.7021484375 0.3515625
0.0125389099121094 0.0178585052490234 -0.1646728515625 0.661865234375
0.00136184692382812 -0.0344791412353516 0.139434814453125 0.503753662109375
-0.0149269104003906 -0.0511550903320313 0.240264892578125 0.16448974609375
-0.0125675201416016 -0.010767936706543 0.172088623046875 -0.105026245117187
0.00154304504394531 -0.0261821746826172 -0.171890258789063 0.0312652587890625
0.00830078124999999 -0.0852508544921875 -0.20758056640625 -0.279098510742188
0.00530242919921875 -0.0722885131835938 -0.01263427734375 -0.525787353515625
0.0153617858886719 0.00446510314941406 0.43817138671875 -0.478424072265625
0.00518417358398437 0.0552101135253906 0.8087158203125 0.10479736328125
-0.0382461547851563 0.00587081909179687 0.55352783203125 0.7298583984375
0.01904296875 -0.020782470703125 -0.00970458984374998 0.66754150390625
0.0732040405273438 -0.0447769165039063 0.1068115234375 -0.0111465454101563
0.0118675231933594 -0.0486297607421875 0.0379028320312499 -0.6871337890625
-0.0133180618286133 0.0111932754516602 -0.6397705078125 -0.532958984375
0.00448226928710938 0.0489997863769531 -0.7313232421875 0.2945556640625
0.00345230102539062 0.0191707611083984 -0.20782470703125 0.6461181640625
-0.00871658325195312 -0.0507240295410156 0.1123046875 0.506134033203125
-0.0191726684570313 -0.07183837890625 0.232925415039063 0.174407958984375
-0.00826072692871094 -0.0176105499267578 0.17291259765625 -0.104705810546875
0.00354576110839843 -0.0288753509521484 -0.172470092773438 0.0406951904296875
0.00202178955078124 -0.0961227416992188 -0.218505859375 -0.261566162109375
-0.0104598999023438 -0.0792694091796875 -0.037811279296875 -0.523956298828125
0.00549936294555664 0.00672578811645508 0.406341552734375 -0.52593994140625
0.00878143310546876 0.0656089782714844 0.8094482421875 0.00982666015625
-0.0334739685058594 0.0207748413085938 0.59716796875 0.65216064453125
0.0198345184326172 -0.0156421661376953 0.0205078125 0.656982421875
0.0808486938476563 -0.0474624633789063 0.0905075073242188 0.00414276123046875
0.0213851928710938 -0.0470428466796875 0.07696533203125 -0.69525146484375
-0.0116119384765625 0.0183849334716797 -0.6044921875 -0.61016845703125
0.00148391723632813 0.05999755859375 -0.7685546875 0.2135009765625
-0.00584983825683594 0.0218620300292969 -0.2593994140625 0.61456298828125
-0.0110282897949219 -0.0638236999511719 0.08660888671875 0.50823974609375
-0.0150833129882812 -0.08636474609375 0.227645874023438 0.18487548828125
-0.00129508972167969 -0.0215721130371094 0.173141479492188 -0.100723266601563
-0.00918006896972656 0.0292606353759766 -0.18701171875 0.04339599609375
0.0205726623535156 0.0456924438476563 -0.204437255859375 -0.232681274414063
0.0591392517089844 0.0437240600585938 0.00808715820312504 -0.522491455078125
0.0554351806640625 0.0270423889160156 0.43133544921875 -0.537506103515625
0.0121908187866211 -0.0125255584716797 0.79449462890625 0.0106201171875
-0.0290374755859375 -0.0767135620117188 0.5675048828125 0.6439208984375
-0.0125465393066406 -0.0214557647705078 -0.0125732421875001 0.6505126953125
0.00336265563964844 0.00104212760925293 0.07586669921875 -0.004669189453125
-0.00275802612304688 -0.0564117431640625 0.04052734375 -0.70111083984375
-0.0171356201171875 -0.0817108154296875 -0.65142822265625 -0.6103515625
-0.00156021118164062 -0.0314598083496094 -0.77313232421875 0.21673583984375
0.04150390625 0.0312156677246094 -0.22540283203125 0.59515380859375
0.0501060485839844 0.0550003051757813 0.140167236328125 0.4892578125
0.0122642517089844 0.0422630310058594 0.25738525390625 0.173782348632812
-0.0138015747070313 0.0440521240234375 0.17620849609375 -0.104293823242188
-0.0119266510009766 0.0200462341308594 -0.185623168945313 0.0351409912109375
0.0128440856933594 0.0384712219238281 -0.198776245117187 -0.2510986328125
0.0538711547851562 0.0466117858886719 0.025390625 -0.516998291015625
0.0546073913574219 0.0345687866210938 0.458251953125 -0.487274169921875
0.0178699493408203 -0.00787734985351562 0.7945556640625 0.09747314453125
-0.023590087890625 -0.0776138305664063 0.5294189453125 0.71209716796875
-0.0106086730957031 -0.0244026184082031 -0.034423828125 0.66015625
0.00727415084838867 -0.00322818756103516 0.0939559936523438 -0.0168991088867188
-0.00690841674804688 -0.0554351806640625 0.0140380859375 -0.68743896484375
-0.0254135131835938 -0.0746231079101563 -0.6728515625 -0.53228759765625
-0.00790786743164063 -0.0271492004394531 -0.73712158203125 0.2935791015625
0.0400199890136719 0.0211868286132813 -0.18438720703125 0.6268310546875
0.0533027648925781 0.0392875671386719 0.15484619140625 0.485504150390625
0.0132389068603516 0.0329685211181641 0.254562377929688 0.162521362304688
-0.0161323547363281 0.0366783142089844 0.17303466796875 -0.109695434570313
-0.0126218795776367 0.00920581817626953 -0.177078247070313 0.0267486572265625
0.00525474548339844 0.0196189880371094 -0.18841552734375 -0.270782470703125
0.0434074401855469 0.0327720642089844 0.030609130859375 -0.528900146484375
0.0529670715332031 0.0348358154296875 0.47393798828125 -0.45184326171875
0.0180721282958984 4.38690185546875E-05 0.79388427734375 0.1676025390625
-0.0222625732421875 -0.0722808837890625 0.4993896484375 0.7703857421875
-0.00391960144042969 -0.0262794494628906 -0.0496826171875 0.6722412109375
0.014195442199707 -0.00894451141357422 0.107131958007813 -0.025482177734375
-0.0112037658691406 -0.0535049438476563 -0.00640869140624994 -0.67889404296875
-0.0293350219726563 -0.0595359802246094 -0.68359375 -0.47418212890625
-0.00760269165039063 -0.0163965225219727 -0.704833984375 0.3514404296875
0.0332717895507813 0.0144367218017578 -0.15179443359375 0.6492919921875
0.0424079895019531 0.01922607421875 0.163360595703125 0.4866943359375
0.0100536346435547 0.0181732177734375 0.252456665039063 0.157470703125
-0.0146217346191406 0.0292587280273438 0.170623779296875 -0.110565185546875
-0.0110597610473633 -0.00211906433105469 -0.173004150390625 0.0223541259765625
0.00440740585327148 -0.00612449645996094 -0.18743896484375 -0.28680419921875
0.03582763671875 0.00943756103515625 0.032012939453125 -0.530487060546875
0.0438728332519531 0.0294685363769531 0.476104736328125 -0.433837890625
0.0140581130981445 0.012730598449707 0.7899169921875 0.20269775390625
-0.0250511169433594 -0.0556869506835938 0.4832763671875 0.8037109375
0.00398826599121093 -0.0263481140136719 -0.0538940429687501 0.67718505859375
0.0285682678222656 -0.0203227996826172 0.117591857910156 -0.0311355590820312
-0.00768280029296875 -0.0520973205566406 -0.01507568359375 -0.6729736328125
-0.02557373046875 -0.0404891967773438 -0.68408203125 -0.44036865234375
-0.0048980712890625 -0.000661373138427735 -0.6845703125 0.3878173828125
0.0264396667480469 0.0126457214355469 -0.12841796875 0.66448974609375
0.031707763671875 0.000125885009765625 0.167266845703125 0.491180419921875
0.000528097152709961 -0.00428152084350586 0.251022338867188 0.155838012695313
-0.0134563446044922 0.0153694152832031 0.170166015625 -0.11212158203125
-0.00929069519042969 -0.0144634246826172 -0.171188354492188 0.0234527587890625
0.0106658935546875 -0.036102294921875 -0.188232421875 -0.293731689453125
0.026519775390625 -0.0198726654052734 0.018280029296875 -0.532684326171875
0.0373764038085938 0.0204963684082031 0.467620849609375 -0.4322509765625
0.0101642608642578 0.0288906097412109 0.793212890625 0.20416259765625
-0.02996826171875 -0.0372581481933594 0.48779296875 0.809814453125
0.00894737243652344 -0.0262527465820312 -0.0470581054687501 0.6793212890625
0.04425048828125 -0.0295333862304688 0.124336242675781 -0.0313339233398438
-0.00350570678710938 -0.0502548217773437 -0.00872802734375001 -0.67547607421875
-0.0222911834716797 -0.0219211578369141 -0.67864990234375 -0.44158935546875
0.00142192840576172 0.015869140625 -0.67852783203125 0.3887939453125
0.0199604034423828 0.0148181915283203 -0.13177490234375 0.66839599609375
0.0152912139892578 -0.0181350708007813 0.162139892578125 0.498199462890625
-0.00875091552734375 -0.0266361236572266 0.249496459960938 0.156951904296875
-0.0122795104980469 0.00193881988525391 0.170684814453125 -0.109451293945313
-0.00441741943359375 -0.0232162475585938 -0.169784545898438 0.0265350341796875
0.0111122131347656 -0.06329345703125 -0.1983642578125 -0.290313720703125
0.0161361694335938 -0.0496444702148438 0.000305175781249994 -0.53143310546875
0.02587890625 0.0116233825683594 0.455474853515625 -0.45062255859375
0.00659561157226562 0.0412025451660156 0.80181884765625 0.1650390625
-0.0359382629394531 -0.0154228210449219 0.51617431640625 0.78070068359375
0.0152606964111328 -0.0238170623779297 -0.0299072265624999 0.677734375
0.0588226318359375 -0.0378684997558594 0.119667053222656 -0.0247116088867188
0.0023040771484375 -0.04779052734375 0.00640869140624994 -0.68280029296875
-0.0161857604980469 -0.00372409820556641 -0.6640625 -0.4727783203125
0.0059661865234375 0.0332260131835938 -0.697021484375 0.3604736328125
0.0115423202514648 0.0171709060668945 -0.15679931640625 0.66656494140625
0.00119972229003906 -0.0344963073730469 0.145843505859375 0.504638671875
-0.016754150390625 -0.0493316650390625 0.244369506835938 0.163284301757813
-0.01141357421875 -0.00960731506347656 0.172409057617188 -0.108245849609375
0.00206947326660156 -0.0262374877929688 -0.172027587890625 0.0329437255859375
0.00589752197265625 -0.0842666625976563 -0.211959838867188 -0.278182983398437
0.00202178955078125 -0.0715713500976563 -0.020751953125 -0.527008056640625
0.0148038864135742 0.00625896453857422 0.430419921875 -0.4847412109375
0.0053558349609375 0.0559730529785156 0.810791015625 0.092529296875
-0.0377082824707031 0.00465774536132812 0.56109619140625 0.72357177734375
0.0195102691650391 -0.0199165344238281 -0.00213623046875003 0.67138671875
0.07269287109375 -0.0444869995117187 0.108001708984375 -0.0121612548828125
0.0118637084960938 -0.0473747253417969 0.033203125 -0.6875
-0.0140628814697266 0.0101594924926758 -0.644775390625 -0.52789306640625
0.00670623779296875 0.0485954284667969 -0.72845458984375 0.30181884765625
0.00261878967285156 0.0201168060302734 -0.19879150390625 0.64892578125
-0.00958251953125 -0.0506935119628906 0.119415283203125 0.509490966796875
-0.0203399658203125 -0.071197509765625 0.2371826171875 0.172409057617188
-0.0071563720703125 -0.0178260803222656 0.172775268554688 -0.106002807617187
0.00436592102050781 -0.0272350311279297 -0.172409057617188 0.04339599609375
0.000801086425781245 -0.0969467163085938 -0.222549438476563 -0.259170532226563
-0.0107269287109375 -0.0801467895507812 -0.044219970703125 -0.521759033203125
0.00750923156738281 0.00698471069335938 0.39801025390625 -0.532684326171875
0.00983047485351563 0.0649642944335938 0.8089599609375 -0.000793457031249996
-0.0333080291748047 0.0218677520751953 0.6070556640625 0.6435546875
0.0216197967529297 -0.0149345397949219 0.02862548828125 0.65985107421875
0.0816726684570313 -0.0477676391601562 0.0919189453125 0.00243377685546875
0.0210723876953125 -0.0461006164550781 0.0708618164062499 -0.6962890625
-0.0120010375976563 0.0197315216064453 -0.609619140625 -0.6051025390625
-0.000213623046875006 0.0600051879882813 -0.76373291015625 0.22052001953125
-0.00270843505859375 0.0205421447753906 -0.2529296875 0.61956787109375
-0.0127334594726562 -0.0637054443359375 0.0911865234375 0.5087890625
-0.0176239013671875 -0.0863037109375 0.230361938476563 0.182662963867188
-0.000774383544921875 -0.0211391448974609 0.173263549804688 -0.101913452148438
-0.0102043151855469 0.0307540893554688 -0.18804931640625 0.0456085205078125
0.0211524963378906 0.0450057983398437 -0.206802368164063 -0.230987548828125
0.0610389709472656 0.0426864624023438 0.00198364257812495 -0.525238037109375
0.0552978515625 0.026702880859375 0.42431640625 -0.544586181640625
0.0131769180297852 -0.0124540328979492 0.795654296875 0.000305175781249999
-0.0307388305664062 -0.0768890380859375 0.5736083984375 0.63787841796875
-0.0127906799316406 -0.0211677551269531 -0.00439453125000007 0.65185546875
0.00318527221679688 0.00174736976623535 0.076141357421875 -0.00551605224609375
-0.00366973876953125 -0.05633544921875 0.039306640625 -0.702392578125
-0.0170669555664063 -0.0832595825195313 -0.65643310546875 -0.60296630859375
-0.00342369079589844 -0.0315437316894531 -0.771240234375 0.22552490234375
0.0413017272949219 0.0301055908203125 -0.21844482421875 0.598876953125
0.05145263671875 0.0535964965820313 0.145050048828125 0.486541748046875
0.0118141174316406 0.0433311462402344 0.260528564453125 0.172454833984375
-0.0145378112792969 0.0438499450683594 0.1759033203125 -0.10498046875
-0.0123157501220703 0.0192031860351562 -0.185806274414063 0.0366363525390625
0.0127601623535156 0.0378303527832031 -0.201751708984375 -0.248886108398438
0.0540351867675781 0.044952392578125 0.016448974609375 -0.51800537109375
0.0562171936035156 0.0303459167480469 0.454376220703125 -0.494140625
0.017094612121582 -0.00960826873779297 0.79547119140625 0.087158203125
-0.025299072265625 -0.0768966674804688 0.53289794921875 0.7047119140625
-0.00801277160644531 -0.0250110626220703 -0.02935791015625 0.66094970703125
0.0061640739440918 -0.00262784957885742 0.0935592651367188 -0.0176544189453125
-0.00963592529296874 -0.0549354553222656 0.00891113281249996 -0.68798828125
-0.026123046875 -0.0740203857421875 -0.676513671875 -0.5247802734375
-0.0072784423828125 -0.0269336700439453 -0.734375 0.302001953125
0.0393638610839844 0.0200920104980469 -0.17535400390625 0.62896728515625
0.0532722473144531 0.0391616821289062 0.159423828125 0.484405517578125
0.0118083953857422 0.0333728790283203 0.258056640625 0.159805297851563
-0.016021728515625 0.0377845764160156 0.172073364257813 -0.110198974609375
-0.0138587951660156 0.00923252105712891 -0.177566528320312 0.029510498046875
0.00421524047851562 0.0200252532958984 -0.192642211914063 -0.267913818359375
0.0449676513671875 0.0328025817871094 0.022613525390625 -0.52783203125
0.0534553527832031 0.0343017578125 0.468353271484375 -0.459381103515625
0.0171794891357422 -0.000521659851074219 0.7965087890625 0.1568603515625
-0.0220947265625 -0.0727157592773438 0.5072021484375 0.7640380859375
-0.00147819519042969 -0.0271759033203125 -0.0426025390625001 0.6722412109375
0.0140218734741211 -0.011012077331543 0.1077880859375 -0.0259780883789063
-0.0123672485351563 -0.05426025390625 -0.013916015625 -0.6785888671875
-0.0282135009765625 -0.0590438842773438 -0.687255859375 -0.46771240234375
-0.00845909118652344 -0.0161771774291992 -0.70166015625 0.35833740234375
0.0333595275878906 0.0139884948730469 -0.1431884765625 0.64990234375
0.0439949035644531 0.0179634094238281 0.167816162109375 0.4881591796875
0.0097503662109375 0.0190353393554688 0.256622314453125 0.15484619140625
-0.0149497985839844 0.0282325744628906 0.171157836914063 -0.112472534179688
-0.0103874206542969 -0.00249385833740234 -0.172073364257813 0.0262908935546875
0.00443458557128906 -0.00663566589355469 -0.19122314453125 -0.28631591796875
0.0360260009765625 0.00950241088867188 0.0245361328125 -0.530975341796875
0.046844482421875 0.0283164978027344 0.469390869140625 -0.4403076171875
0.0150690078735352 0.0125436782836914 0.79046630859375 0.19293212890625
-0.0264434814453125 -0.0562896728515625 0.490478515625 0.79913330078125
0.00272369384765625 -0.0262966156005859 -0.0482177734375001 0.67742919921875
0.0289173126220703 -0.0196266174316406 0.118667602539062 -0.0311355590820312
-0.00992202758789062 -0.0518684387207031 -0.020263671875 -0.67510986328125
-0.0285873413085938 -0.0396537780761719 -0.68829345703125 -0.43603515625
-0.00369453430175781 -0.00137782096862793 -0.6796875 0.39453125
0.0267066955566406 0.0113964080810547 -0.12261962890625 0.66546630859375
0.0318527221679688 -0.00069427490234375 0.172515869140625 0.49078369140625
0.000790596008300781 -0.00346589088439941 0.253555297851563 0.152984619140625
-0.0132818222045898 0.0158805847167969 0.168807983398438 -0.113739013671875
-0.00969600677490235 -0.01458740234375 -0.172225952148438 0.026275634765625
0.0089874267578125 -0.0345592498779297 -0.194183349609375 -0.292388916015625
0.0259914398193359 -0.0216159820556641 0.010894775390625 -0.533447265625
0.0367088317871094 0.021026611328125 0.462310791015625 -0.43695068359375
0.0100746154785156 0.0279464721679687 0.7940673828125 0.19561767578125
-0.0316963195800781 -0.0383567810058594 0.49554443359375 0.80511474609375
0.0100555419921875 -0.0260219573974609 -0.040283203125 0.68121337890625
0.044891357421875 -0.0281181335449219 0.123481750488281 -0.031829833984375
-0.00357437133789062 -0.0494766235351562 -0.0140380859374999 -0.675537109375
-0.0220127105712891 -0.0213565826416016 -0.681640625 -0.4373779296875
9.34600830078121E-05 0.015284538269043 -0.675048828125 0.395263671875
0.0206356048583984 0.0140933990478516 -0.1220703125 0.67022705078125
0.0153388977050781 -0.0183010101318359 0.1690673828125 0.496978759765625
-0.00820732116699218 -0.0262203216552734 0.252197265625 0.1544189453125
-0.0134897232055664 0.00308609008789062 0.17108154296875 -0.1109619140625
-0.0036163330078125 -0.0207424163818359 -0.171722412109375 0.029541015625
0.0101280212402344 -0.0633430480957031 -0.201812744140625 -0.28839111328125
0.0148048400878906 -0.0501518249511719 -0.00738525390624997 -0.53338623046875
0.0254611968994141 0.0106105804443359 0.4461669921875 -0.456298828125
0.00585174560546875 0.0415916442871094 0.80206298828125 0.1568603515625
-0.0377197265625 -0.0167617797851563 0.5235595703125 0.77313232421875
0.0155620574951172 -0.0228252410888672 -0.0230102539062499 0.67694091796875
0.0606918334960937 -0.0383110046386719 0.119247436523438 -0.0252227783203125
0.00409317016601562 -0.0479049682617188 0.00158691406250005 -0.6827392578125
-0.0161647796630859 -0.00305747985839844 -0.66937255859375 -0.4658203125
0.00667762756347656 0.0332393646240234 -0.69281005859375 0.36822509765625
0.0117664337158203 0.0170097351074219 -0.1474609375 0.66790771484375
2.09808349609401E-05 -0.0342979431152344 0.15191650390625 0.50244140625
-0.0168914794921875 -0.0495109558105469 0.246658325195313 0.161163330078125
-0.0105714797973633 -0.00937175750732422 0.170822143554688 -0.109573364257813
0.00189399719238281 -0.02557373046875 -0.170425415039062 0.035797119140625
0.00434112548828125 -0.0847549438476563 -0.215911865234375 -0.27520751953125
0.00156402587890625 -0.0719223022460938 -0.0288085937500001 -0.52740478515625
0.0148820877075195 0.00488376617431641 0.423675537109375 -0.493133544921875
0.00653076171875 0.0544052124023438 0.80963134765625 0.08355712890625
-0.0382728576660156 0.00532150268554687 0.5682373046875 0.71697998046875
0.0201435089111328 -0.0205574035644531 0.00653076171874994 0.66900634765625
0.07330322265625 -0.0451583862304688 0.10858154296875 -0.0131301879882813
0.0115242004394531 -0.0473213195800781 0.0281982421875 -0.6888427734375
-0.0138006210327148 0.0114240646362305 -0.65081787109375 -0.52117919921875
0.00566864013671875 0.0479393005371094 -0.72576904296875 0.31072998046875
0.00427627563476563 0.0190277099609375 -0.19232177734375 0.65240478515625
-0.0100593566894531 -0.0500450134277344 0.126220703125 0.50811767578125
-0.0201301574707031 -0.0702476501464844 0.238723754882813 0.170440673828125
-0.00490379333496094 -0.0181999206542969 0.170745849609375 -0.108734130859375
0.00585746765136718 -0.0277423858642578 -0.173660278320313 0.04644775390625
-0.00152587890625 -0.0973892211914063 -0.22711181640625 -0.255599975585938
-0.01513671875 -0.0792617797851562 -0.052947998046875 -0.523956298828125
0.00764656066894531 0.00621557235717773 0.391937255859375 -0.5379638671875
0.0112419128417969 0.0652999877929688 0.80859375 -0.01031494140625
-0.0345077514648437 0.0213298797607422 0.6123046875 0.63726806640625
0.0233192443847656 -0.0150966644287109 0.03363037109375 0.65850830078125
0.080841064453125 -0.0465087890625 0.0924072265625 0.0022125244140625
0.0192108154296875 -0.045989990234375 0.067626953125 -0.69769287109375
-0.011932373046875 0.0202674865722656 -0.6162109375 -0.599853515625
0.0023651123046875 0.0597610473632813 -0.76177978515625 0.22930908203125
-0.0037994384765625 0.0208892822265625 -0.246826171875 0.62335205078125
-0.0150146484375 -0.0659255981445313 0.09716796875 0.5091552734375
-0.0177383422851562 -0.0854339599609375 0.235916137695312 0.180160522460937
0.00137138366699219 -0.0225963592529297 0.17254638671875 -0.104202270507813
-0.00925636291503906 0.031219482421875 -0.18621826171875 0.05035400390625
0.0211906433105469 0.0441055297851563 -0.209487915039062 -0.228103637695313
0.0626182556152344 0.0432586669921875 -0.00634765625000001 -0.52398681640625
0.0565681457519531 0.0249824523925781 0.41595458984375 -0.547637939453125
0.0125131607055664 -0.0138778686523438 0.793212890625 -0.01141357421875
-0.0317001342773438 -0.0775833129882813 0.577880859375 0.630126953125
-0.0115337371826172 -0.0213260650634766 0.00219726562500001 0.649658203125
0.00363612174987793 0.00139331817626953 0.0760269165039063 -0.005615234375
-0.00473785400390625 -0.05584716796875 0.0323486328124999 -0.7021484375
-0.0206222534179687 -0.0829620361328125 -0.66156005859375 -0.59552001953125
-0.00350761413574219 -0.0323581695556641 -0.7662353515625 0.23284912109375
0.0424041748046875 0.0289039611816406 -0.212890625 0.6007080078125
0.0515289306640625 0.0537528991699219 0.15289306640625 0.4862060546875
0.0123977661132813 0.0439414978027344 0.262542724609375 0.168960571289063
-0.0115776062011719 0.0436935424804687 0.174911499023438 -0.106979370117188
-0.011688232421875 0.0219173431396484 -0.185073852539062 0.040740966796875
0.0109138488769531 0.0380859375 -0.205307006835937 -0.246856689453125
0.0533943176269531 0.0444526672363281 0.00891113281250001 -0.519622802734375
0.0577812194824219 0.0321006774902344 0.445068359375 -0.49932861328125
0.0187568664550781 -0.0122585296630859 0.79510498046875 0.07806396484375
-0.0263442993164062 -0.078094482421875 0.54095458984375 0.69921875
-0.00806999206542969 -0.0260791778564453 -0.0206298828124999 0.659423828125
0.00789356231689453 -0.00244045257568359 0.0950927734375 -0.0183334350585938
-0.00999069213867188 -0.0550651550292969 0.00372314453125005 -0.68603515625
-0.0258026123046875 -0.0739288330078125 -0.67938232421875 -0.51611328125
-0.00661659240722656 -0.0277042388916016 -0.728759765625 0.30902099609375
0.04058837890625 0.0197982788085938 -0.1702880859375 0.6304931640625
0.053741455078125 0.037872314453125 0.165374755859375 0.482879638671875
0.0131759643554688 0.033935546875 0.261306762695313 0.158523559570312
-0.0147628784179688 0.0388374328613281 0.173202514648438 -0.111083984375
-0.0136232376098633 0.00965595245361328 -0.177261352539063 0.0320892333984375
0.00404739379882813 0.0195751190185547 -0.194168090820312 -0.26800537109375
0.0448760986328125 0.0319976806640625 0.012847900390625 -0.530029296875
0.0532608032226563 0.0325431823730469 0.4609375 -0.464508056640625
0.0190391540527344 -0.0020294189453125 0.7962646484375 0.14642333984375
-0.024505615234375 -0.0728912353515625 0.51336669921875 0.75653076171875
-0.00232696533203125 -0.0271739959716797 -0.0369873046875 0.673095703125
0.014216423034668 -0.00903034210205078 0.107231140136719 -0.027496337890625
-0.0135498046875 -0.0517997741699219 -0.01605224609375 -0.67742919921875
-0.0303382873535156 -0.0599746704101563 -0.689453125 -0.4573974609375
-0.00703716278076172 -0.0159568786621094 -0.69671630859375 0.3680419921875
0.0333824157714844 0.0130462646484375 -0.13641357421875 0.6502685546875
0.0435752868652344 0.0192184448242188 0.17486572265625 0.48565673828125
0.00905513763427734 0.0174846649169922 0.25714111328125 0.150802612304687
-0.0139389038085938 0.0283336639404297 0.169647216796875 -0.114730834960938
-0.00967216491699219 -0.00193119049072266 -0.172836303710937 0.0293121337890625
0.00165796279907227 -0.0060582160949707 -0.19500732421875 -0.283416748046875
0.035491943359375 0.0096435546875 0.01422119140625 -0.532745361328125
0.0465736389160156 0.0267143249511719 0.4637451171875 -0.445648193359375
0.0158901214599609 0.0108394622802734 0.792236328125 0.18212890625
-0.0268745422363281 -0.0584182739257812 0.49908447265625 0.79205322265625
0.00452232360839844 -0.0264091491699219 -0.040283203125 0.67877197265625
0.0283088684082031 -0.0176239013671875 0.118705749511719 -0.0323486328125
-0.0112266540527344 -0.0509109497070312 -0.0260009765625 -0.67401123046875
-0.0272407531738281 -0.0387802124023438 -0.69061279296875 -0.42791748046875
-0.00526285171508789 -0.003387451171875 -0.6748046875 0.399169921875
0.0273323059082031 0.0113716125488281 -0.1146240234375 0.66644287109375
0.0309486389160156 -0.00111007690429688 0.1790771484375 0.48980712890625
0.00169813632965088 -0.00203859806060791 0.255462646484375 0.150726318359375
-0.0116615295410156 0.0160064697265625 0.167892456054688 -0.11474609375
-0.00965690612792969 -0.0158920288085938 -0.17059326171875 0.02874755859375
0.00588226318359375 -0.0357551574707031 -0.19757080078125 -0.290435791015625
0.0239124298095703 -0.0214309692382813 0.00308227539062506 -0.534149169921875
0.0362701416015625 0.0199928283691406 0.45587158203125 -0.44329833984375
0.0103111267089844 0.0261478424072266 0.7940673828125 0.18414306640625
-0.0325355529785156 -0.0386276245117188 0.50286865234375 0.7962646484375
0.0100440979003906 -0.0249500274658203 -0.0352172851562499 0.6795654296875
0.044830322265625 -0.0285606384277344 0.123458862304688 -0.0324172973632813
-0.00533294677734375 -0.0488433837890625 -0.0185546875 -0.67486572265625
-0.0218029022216797 -0.0208930969238281 -0.68414306640625 -0.42840576171875
0.00133514404296875 0.0153207778930664 -0.66925048828125 0.4034423828125
0.0197715759277344 0.0134906768798828 -0.11529541015625 0.6724853515625
0.0141963958740234 -0.0182914733886719 0.174407958984375 0.495452880859375
-0.0102615356445313 -0.0254154205322266 0.255020141601562 0.152603149414062
-0.0118246078491211 0.00311279296875 0.1702880859375 -0.112045288085938
-0.00346946716308594 -0.0224132537841797 -0.170639038085938 0.03125
0.00842666625976563 -0.0637054443359375 -0.206512451171875 -0.285369873046875
0.013916015625 -0.05181884765625 -0.014495849609375 -0.53070068359375
0.0259685516357422 0.009613037109375 0.440582275390625 -0.4599609375
0.0067596435546875 0.0404548645019531 0.80010986328125 0.14630126953125
-0.0380058288574219 -0.0162734985351563 0.52996826171875 0.76641845703125
0.015167236328125 -0.0240249633789063 -0.0160522460937501 0.67596435546875
0.0604782104492188 -0.0389213562011719 0.119300842285156 -0.0253219604492188
0.00177764892578125 -0.0480537414550781 -0.00207519531249993 -0.68206787109375
-0.0174779891967773 -0.00323772430419922 -0.6715087890625 -0.4591064453125
0.00584793090820313 0.032440185546875 -0.68719482421875 0.37481689453125
0.0120573043823242 0.0173072814941406 -0.1395263671875 0.66925048828125
-0.000778198242187499 -0.0347785949707031 0.157928466796875 0.500732421875
-0.0177001953125 -0.04901123046875 0.248031616210938 0.15753173828125
-0.00954532623291016 -0.00993251800537109 0.171173095703125 -0.112472534179688
0.00276374816894531 -0.02587890625 -0.171661376953125 0.0382232666015625
0.00426483154296874 -0.0864181518554688 -0.217941284179688 -0.272796630859375
0.00193023681640624 -0.07244873046875 -0.03814697265625 -0.5279541015625
0.0155029296875 0.00324153900146484 0.417449951171875 -0.4962158203125
0.00760650634765625 0.0527114868164063 0.8101806640625 0.0731201171875
-0.0388946533203125 0.00537490844726563 0.5743408203125 0.706787109375
0.0208473205566406 -0.0200271606445313 0.010009765625 0.66729736328125
0.072113037109375 -0.0440597534179688 0.108917236328125 -0.01385498046875
0.010223388671875 -0.0462188720703125 0.0228271484375 -0.6885986328125
-0.0130195617675781 0.0111474990844727 -0.65106201171875 -0.51544189453125
0.00658416748046875 0.0480537414550781 -0.72052001953125 0.317138671875
0.00381851196289063 0.0190086364746094 -0.1846923828125 0.65411376953125
-0.0122947692871094 -0.0516815185546875 0.133056640625 0.505279541015625
-0.0221595764160156 -0.070159912109375 0.2413330078125 0.16815185546875
-0.00355339050292969 -0.0191383361816406 0.170623779296875 -0.110870361328125
0.00318336486816406 -0.0268096923828125 -0.173263549804687 0.048797607421875
-0.00304412841796875 -0.098419189453125 -0.231399536132813 -0.254669189453125
-0.0150680541992188 -0.0804901123046875 -0.060089111328125 -0.52288818359375
0.00697183609008789 0.00703096389770508 0.3837890625 -0.542755126953125
0.0119247436523438 0.0647811889648438 0.80792236328125 -0.02105712890625
-0.0340671539306641 0.0229263305664062 0.6171875 0.62713623046875
0.021881103515625 -0.0147571563720703 0.04132080078125 0.6563720703125
0.0811538696289063 -0.049835205078125 0.0927810668945313 0.00293731689453125
0.0194053649902344 -0.0479888916015625 0.06072998046875 -0.69927978515625
-0.0134067535400391 0.0206737518310547 -0.62030029296875 -0.59307861328125
0.00345230102539062 0.0595359802246094 -0.758056640625 0.23516845703125
-0.00370597839355469 0.020599365234375 -0.23748779296875 0.62603759765625
-0.0159873962402344 -0.0641403198242188 0.104644775390625 0.507568359375
-0.0180282592773437 -0.086029052734375 0.238265991210938 0.178314208984375
0.000589370727539061 -0.0222835540771484 0.172531127929688 -0.106842041015625
-0.00881767272949219 0.0307388305664063 -0.186904907226563 0.050994873046875
0.0209388732910156 0.0458488464355469 -0.213287353515625 -0.2265625
0.0608940124511719 0.04254150390625 -0.0140380859375 -0.52398681640625
0.0562667846679688 0.0247268676757812 0.408477783203125 -0.55450439453125
0.0123987197875977 -0.0152149200439453 0.7921142578125 -0.02093505859375
-0.0328750610351563 -0.0773239135742188 0.58160400390625 0.6229248046875
-0.0124149322509766 -0.020721435546875 0.00793457031249996 0.64892578125
0.00394392013549805 0.00318241119384766 0.0754013061523438 -0.005615234375
-0.006195068359375 -0.054718017578125 0.0267333984375 -0.70123291015625
-0.0200042724609375 -0.0829010009765625 -0.66326904296875 -0.5902099609375
-0.00513458251953125 -0.0320320129394531 -0.76123046875 0.24005126953125
0.0431976318359375 0.0271034240722656 -0.20538330078125 0.60211181640625
0.0519905090332031 0.0532684326171875 0.156341552734375 0.483428955078125
0.0128288269042969 0.0453948974609375 0.264877319335938 0.166580200195313
-0.011749267578125 0.04437255859375 0.17431640625 -0.107574462890625
-0.0120792388916016 0.0212593078613281 -0.182891845703125 0.0419464111328125
0.010986328125 0.0383644104003906 -0.20758056640625 -0.24346923828125
0.054718017578125 0.0445137023925781 0.002227783203125 -0.52142333984375
0.0599479675292969 0.0301246643066406 0.436431884765625 -0.503021240234375
0.017913818359375 -0.0115985870361328 0.79425048828125 0.0704345703125
-0.0283050537109375 -0.0790939331054687 0.5447998046875 0.69232177734375
-0.00926589965820312 -0.0246124267578125 -0.01446533203125 0.6591796875
0.00815629959106445 -0.00340938568115234 0.0942535400390625 -0.0182647705078125
-0.00994873046875 -0.0557212829589844 -0.00207519531249997 -0.6849365234375
-0.028167724609375 -0.0737457275390625 -0.68402099609375 -0.5098876953125
-0.00778770446777344 -0.0278472900390625 -0.72216796875 0.31622314453125
0.0408287048339844 0.017608642578125 -0.16119384765625 0.630859375
0.0538978576660156 0.0376510620117188 0.170440673828125 0.480194091796875
0.0119514465332031 0.0350971221923828 0.26104736328125 0.15692138671875
-0.0132331848144531 0.0397758483886719 0.17132568359375 -0.112960815429688
-0.0138664245605469 0.00953388214111328 -0.176956176757813 0.0347137451171875
0.00441169738769531 0.0203056335449219 -0.199081420898437 -0.264450073242188
0.0444831848144531 0.0317611694335938 0.00454711914062495 -0.529632568359375
0.0545196533203125 0.0307464599609375 0.4539794921875 -0.46917724609375
0.0179290771484375 -0.00247001647949219 0.79595947265625 0.13568115234375
-0.02520751953125 -0.0727157592773438 0.5177001953125 0.7496337890625
-0.00142860412597656 -0.0264053344726563 -0.03045654296875 0.671142578125
0.0162773132324219 -0.00932979583740234 0.107109069824219 -0.0278854370117188
-0.0132026672363281 -0.0541763305664063 -0.01995849609375 -0.67755126953125
-0.0322799682617188 -0.0580520629882812 -0.69232177734375 -0.452392578125
-0.00789070129394531 -0.0181674957275391 -0.69061279296875 0.3759765625
0.0335769653320313 0.0121345520019531 -0.12786865234375 0.6502685546875
0.0439414978027344 0.0172042846679687 0.17840576171875 0.483306884765625
0.00909423828125 0.0209751129150391 0.26025390625 0.148605346679688
-0.0115890502929688 0.0300941467285156 0.167709350585938 -0.114486694335937
-0.0106954574584961 -0.00206089019775391 -0.170623779296875 0.03094482421875
0.00128364562988281 -0.00554561614990234 -0.198638916015625 -0.2823486328125
0.0354690551757813 0.00838851928710938 0.00842285156249995 -0.53082275390625
0.0473861694335938 0.0273399353027344 0.4549560546875 -0.451568603515625
0.0159721374511719 0.00945949554443359 0.7933349609375 0.173828125
-0.0296592712402344 -0.0583724975585938 0.505126953125 0.78411865234375
0.00351333618164063 -0.0261344909667969 -0.033935546875 0.67572021484375
0.0296211242675781 -0.0191707611083984 0.118034362792969 -0.0327911376953125
-0.0102005004882812 -0.0497512817382813 -0.0283203125000001 -0.6729736328125
-0.0283203125 -0.040496826171875 -0.69403076171875 -0.4188232421875
-0.00545787811279297 -0.0027003288269043 -0.6671142578125 0.4073486328125
0.0264987945556641 0.00971221923828125 -0.1051025390625 0.66656494140625
0.0306224822998047 -0.00252151489257813 0.18414306640625 0.48583984375
0.00132632255554199 -0.00211262702941895 0.258270263671875 0.14898681640625
-0.00969123840332031 0.0167226791381836 0.167755126953125 -0.1158447265625
-0.0103378295898438 -0.014674186706543 -0.16986083984375 0.030548095703125
0.00613975524902344 -0.0351352691650391 -0.201568603515625 -0.286834716796875
0.0250453948974609 -0.0203323364257813 -0.00415039062500001 -0.53125
0.036407470703125 0.0181350708007813 0.449493408203125 -0.447052001953125
0.0117549896240234 0.0247879028320313 0.79241943359375 0.1761474609375
-0.0336532592773438 -0.0377273559570313 0.509765625 0.78887939453125
0.0111484527587891 -0.0252895355224609 -0.02685546875 0.67724609375
0.0448226928710938 -0.0280609130859375 0.124252319335938 -0.0328598022460938
-0.00548171997070313 -0.0487480163574219 -0.02557373046875 -0.6737060546875
-0.0236949920654297 -0.02105712890625 -0.686279296875 -0.42034912109375
0.00266075134277344 0.0145606994628906 -0.6617431640625 0.40936279296875
0.0209140777587891 0.0138626098632813 -0.10662841796875 0.67169189453125
0.01300048828125 -0.0175628662109375 0.180938720703125 0.493682861328125
-0.0103092193603516 -0.0246067047119141 0.25616455078125 0.150680541992188
-0.0110092163085938 0.00325393676757813 0.169525146484375 -0.112350463867188
-0.00376701354980469 -0.0221805572509766 -0.170028686523438 0.0341033935546875
0.0071563720703125 -0.0648574829101563 -0.210693359375 -0.28369140625
0.013153076171875 -0.0514068603515625 -0.02337646484375 -0.529541015625
0.0253944396972656 0.00914382934570313 0.43304443359375 -0.464935302734375
0.00756072998046876 0.0389518737792969 0.80078125 0.13665771484375
-0.0369758605957031 -0.0153312683105469 0.53662109375 0.7593994140625
0.0163021087646484 -0.0237216949462891 -0.00921630859374999 0.67364501953125
0.0603446960449219 -0.0376548767089844 0.11981201171875 -0.0262069702148438
0.00222015380859375 -0.0479774475097656 -0.00811767578125006 -0.67913818359375
-0.0175857543945313 -0.0032501220703125 -0.6754150390625 -0.4510498046875
0.00702476501464844 0.0315093994140625 -0.68048095703125 0.38238525390625
0.0123348236083984 0.0155611038208008 -0.1309814453125 0.66900634765625
-0.00188064575195312 -0.0341644287109375 0.16387939453125 0.49932861328125
-0.0187339782714844 -0.0485572814941406 0.25146484375 0.155624389648437
-0.00820446014404297 -0.00992107391357422 0.168838500976563 -0.112350463867188
0.0016021728515625 -0.0250377655029297 -0.170455932617188 0.0396728515625
0.00258636474609375 -0.0850067138671875 -0.223648071289063 -0.27081298828125
0.000122070312500004 -0.071929931640625 -0.044952392578125 -0.52703857421875
0.0143413543701172 0.00332546234130859 0.4105224609375 -0.4990234375
0.00643157958984375 0.0534477233886719 0.8077392578125 0.06414794921875
-0.03802490234375 0.00527191162109374 0.57867431640625 0.69989013671875
0.0197906494140625 -0.0204868316650391 0.0185546875 0.66473388671875
0.0737762451171875 -0.0466156005859375 0.107666015625 -0.0146942138671875
0.00952911376953125 -0.0462913513183594 0.0181884765625 -0.68695068359375
-0.013209342956543 0.011897087097168 -0.65545654296875 -0.5067138671875
0.00726699829101563 0.0475082397460938 -0.7161865234375 0.32427978515625
0.00415802001953125 0.0182571411132812 -0.17730712890625 0.6541748046875
-0.011871337890625 -0.0505714416503906 0.138427734375 0.506317138671875
-0.0228767395019531 -0.0693016052246094 0.244827270507813 0.166122436523438
-0.004730224609375 -0.0188198089599609 0.169677734375 -0.11175537109375
0.00527191162109375 -0.0272331237792969 -0.172317504882813 0.0497283935546875
-0.00403594970703125 -0.0976409912109375 -0.233734130859375 -0.252792358398437
-0.015777587890625 -0.0800399780273438 -0.0694580078125 -0.52154541015625
0.00618124008178711 0.00544881820678711 0.3753662109375 -0.544464111328125
0.012603759765625 0.0631217956542969 0.80474853515625 -0.03082275390625
-0.0332164764404297 0.02313232421875 0.6217041015625 0.620849609375
0.0225963592529297 -0.0152778625488281 0.047119140625 0.6541748046875
0.0804977416992188 -0.0487213134765625 0.0923690795898438 0.00203704833984375
0.0184898376464844 -0.0465240478515625 0.0551757812500001 -0.6971435546875
-0.0114459991455078 0.0211696624755859 -0.62396240234375 -0.58575439453125
0.00321197509765625 0.0587577819824219 -0.7537841796875 0.2451171875
-0.00385856628417969 0.0180130004882813 -0.2314453125 0.62847900390625
-0.0159263610839844 -0.0647926330566406 0.1102294921875 0.506683349609375
-0.01861572265625 -0.0859527587890625 0.2403564453125 0.175491333007813
0.00244903564453125 -0.0228958129882813 0.172149658203125 -0.107681274414063
-0.00777816772460937 0.0326366424560547 -0.185394287109375 0.053802490234375
0.0197639465332031 0.0456428527832031 -0.215469360351562 -0.2235107421875
0.0615043640136719 0.0421905517578125 -0.0223999023437499 -0.523406982421875
0.0574264526367188 0.0242958068847656 0.401092529296875 -0.556182861328125
0.0117759704589844 -0.0166635513305664 0.78851318359375 -0.02825927734375
-0.0334091186523437 -0.0772323608398438 0.5855712890625 0.61492919921875
-0.0125465393066406 -0.0208358764648438 0.0135498046874999 0.646728515625
0.00351476669311523 0.00234675407409668 0.0748748779296875 -0.005645751953125
-0.00497817993164063 -0.0550384521484375 0.02301025390625 -0.6995849609375
-0.0213699340820313 -0.082244873046875 -0.667724609375 -0.5810546875
-0.00490951538085938 -0.03216552734375 -0.75787353515625 0.24639892578125
0.0441436767578125 0.02618408203125 -0.19683837890625 0.601806640625
0.0517349243164063 0.0530319213867188 0.162109375 0.4808349609375
0.0114555358886719 0.0440559387207031 0.26806640625 0.1649169921875
-0.00998306274414063 0.0462875366210938 0.172622680664063 -0.109954833984375
-0.0125522613525391 0.0219345092773438 -0.183547973632813 0.0458831787109375
0.01031494140625 0.0401382446289063 -0.209442138671875 -0.241195678710938
0.0541954040527344 0.0444526672363281 -0.00451660156250001 -0.518646240234375
0.0584030151367187 0.0298538208007812 0.432159423828125 -0.507110595703125
0.01654052734375 -0.0143165588378906 0.79046630859375 0.0584716796875
-0.0295181274414063 -0.07891845703125 0.54901123046875 0.68475341796875
-0.00853347778320312 -0.0238933563232422 -0.00817871093750002 0.65740966796875
0.00929832458496094 -0.00189304351806641 0.0943603515625 -0.0187911987304688
-0.0108566284179688 -0.0526809692382812 -0.00610351562500006 -0.68450927734375
-0.0300827026367188 -0.0734939575195313 -0.68603515625 -0.5015869140625
-0.00980949401855469 -0.0291671752929688 -0.71856689453125 0.32379150390625
0.0411186218261719 0.0163078308105469 -0.154296875 0.630615234375
0.0541152954101563 0.037811279296875 0.176910400390625 0.47760009765625
0.0131683349609375 0.0364341735839844 0.264114379882812 0.1531982421875
-0.0113525390625 0.0391044616699219 0.17034912109375 -0.1141357421875
-0.0139150619506836 0.0115070343017578 -0.176620483398438 0.037139892578125
0.00255966186523438 0.0222072601318359 -0.202239990234375 -0.263412475585938
0.0437393188476563 0.0330390930175781 -0.00183105468750005 -0.52880859375
0.0549392700195313 0.0316581726074219 0.446044921875 -0.47247314453125
0.0178241729736328 -0.00275230407714844 0.79510498046875 0.12652587890625
-0.0274887084960938 -0.0736541748046875 0.52276611328125 0.74139404296875
-0.00217437744140625 -0.0263881683349609 -0.0244750976562501 0.66778564453125
0.0155477523803711 -0.00763225555419922 0.105728149414063 -0.0259552001953125
-0.0133705139160156 -0.053314208984375 -0.02593994140625 -0.6739501953125
-0.031829833984375 -0.0588455200195313 -0.69415283203125 -0.4451904296875
-0.00904083251953125 -0.0179252624511719 -0.684326171875 0.38092041015625
0.0349788665771484 0.0106849670410156 -0.1202392578125 0.65106201171875
0.0440101623535156 0.0188331604003906 0.183807373046875 0.47943115234375
0.00954055786132813 0.0192508697509766 0.26287841796875 0.147857666015625
-0.0114192962646484 0.0291080474853516 0.167617797851563 -0.115234375
-0.0112648010253906 -0.00229549407958985 -0.171539306640625 0.0321807861328125
0.00168013572692871 -0.00396561622619629 -0.201095581054688 -0.277786254882813
0.0355072021484375 0.00861358642578125 0.000885009765624975 -0.530029296875
0.0497932434082031 0.0255203247070313 0.449066162109375 -0.453033447265625
0.0164308547973633 0.00884056091308594 0.79107666015625 0.163330078125
-0.0294990539550781 -0.0589103698730469 0.5087890625 0.77813720703125
0.00561332702636719 -0.0257911682128906 -0.02777099609375 0.67529296875
0.0292911529541016 -0.0204849243164062 0.117713928222656 -0.0330810546875
-0.0108833312988281 -0.0497894287109375 -0.035400390625 -0.6712646484375
-0.0299415588378906 -0.040130615234375 -0.69281005859375 -0.41217041015625
-0.00516510009765625 -0.00214815139770508 -0.66180419921875 0.41314697265625
0.0274295806884766 0.00984001159667969 -0.097900390625 0.6649169921875
0.0303211212158203 -0.00144004821777344 0.190673828125 0.484130859375
0.00042387843132019 -0.000175446271896362 0.260650634765625 0.145156860351562
-0.0106935501098633 0.0163402557373047 0.167236328125 -0.11663818359375
-0.0104026794433594 -0.0137195587158203 -0.1702880859375 0.0336456298828125
0.00602340698242188 -0.0340080261230469 -0.203369140625 -0.284271240234375
0.024200439453125 -0.0227851867675781 -0.01214599609375 -0.533050537109375
0.0368385314941406 0.0176048278808594 0.44146728515625 -0.45050048828125
0.0110530853271484 0.02459716796875 0.7916259765625 0.16552734375
-0.0355720520019531 -0.0373802185058594 0.5123291015625 0.7822265625
0.0108051300048828 -0.0249958038330078 -0.0196533203125001 0.67431640625
0.0458908081054687 -0.0288162231445313 0.122421264648437 -0.0339584350585937
-0.00589752197265625 -0.0472908020019531 -0.0291748046875001 -0.671875
-0.0244388580322266 -0.020660400390625 -0.6865234375 -0.41424560546875
0.00203704833984375 0.0136337280273438 -0.65631103515625 0.41375732421875
0.0208282470703125 0.0117893218994141 -0.0989990234374999 0.6717529296875
0.0131607055664063 -0.0182552337646484 0.185302734375 0.489501953125
-0.00942039489746094 -0.0245380401611328 0.260696411132813 0.148513793945312
-0.0107460021972656 0.00347900390625 0.169509887695313 -0.113922119140625
-0.00353431701660156 -0.0212497711181641 -0.169189453125 0.0359344482421875
0.00557708740234375 -0.064849853515625 -0.213104248046875 -0.28118896484375
0.0119857788085937 -0.0516891479492187 -0.02960205078125 -0.530242919921875
0.0251541137695312 0.00897026062011719 0.425201416015625 -0.467498779296875
0.00708389282226562 0.0389556884765625 0.7999267578125 0.127197265625
-0.0384941101074219 -0.0164337158203125 0.54150390625 0.75225830078125
0.0171966552734375 -0.0248031616210938 -0.00262451171874993 0.6717529296875
0.061553955078125 -0.0389289855957031 0.11865234375 -0.0275650024414063
0.00201797485351562 -0.0456581115722656 -0.013427734375 -0.6783447265625
-0.017115592956543 -0.00317955017089844 -0.67486572265625 -0.44488525390625
0.00528717041015625 0.0315647125244141 -0.6741943359375 0.38818359375
0.0124139785766602 0.0151472091674805 -0.12469482421875 0.667724609375
-0.0019073486328125 -0.0352439880371094 0.168609619140625 0.496307373046875
-0.0198097229003906 -0.0481948852539063 0.253463745117188 0.154296875
-0.00830507278442383 -0.00862884521484375 0.168609619140625 -0.11456298828125
0.00254440307617188 -0.0270195007324219 -0.16888427734375 0.0411529541015625
0.000381469726562499 -0.0853347778320312 -0.225830078125 -0.267593383789062
-0.0030670166015625 -0.0716400146484375 -0.05194091796875 -0.523590087890625
0.0144758224487305 0.00320816040039063 0.402313232421875 -0.5020751953125
0.00696182250976563 0.0524520874023438 0.80511474609375 0.05426025390625
-0.0390281677246094 0.00646209716796876 0.585205078125 0.694091796875
0.0214977264404297 -0.0213069915771484 0.0234375 0.66485595703125
0.0727081298828125 -0.04632568359375 0.108184814453125 -0.0143508911132813
0.0118446350097656 -0.0463485717773438 0.0137939453125001 -0.68634033203125
-0.0137014389038086 0.0116024017333984 -0.6563720703125 -0.50115966796875
0.007720947265625 0.0464668273925781 -0.71063232421875 0.3311767578125
0.00414848327636719 0.0180492401123047 -0.1693115234375 0.65435791015625
-0.0146980285644531 -0.0496482849121094 0.144500732421875 0.502777099609375
-0.0231208801269531 -0.07012939453125 0.247329711914063 0.163711547851562
-0.00309371948242188 -0.0198650360107422 0.169403076171875 -0.11260986328125
0.00436592102050782 -0.0283889770507812 -0.172821044921875 0.052337646484375
-0.00692749023437501 -0.0966110229492187 -0.23785400390625 -0.247177124023438
-0.0174331665039063 -0.0782012939453125 -0.07574462890625 -0.51959228515625
0.00689792633056641 0.00504302978515625 0.36749267578125 -0.547119140625
0.012939453125 0.0622482299804687 0.80108642578125 -0.040283203125
-0.0342941284179688 0.0234851837158203 0.62493896484375 0.61279296875
0.0234603881835938 -0.0158061981201172 0.052734375 0.65008544921875
0.0813980102539063 -0.048858642578125 0.0926361083984375 0.00164794921875
0.0185508728027344 -0.0456199645996094 0.0489501953125 -0.695068359375
-0.0105991363525391 0.0210456848144531 -0.625244140625 -0.5794677734375
0.00499343872070312 0.0586662292480469 -0.748291015625 0.2491455078125
-0.00327301025390625 0.0197849273681641 -0.22515869140625 0.62744140625
-0.0183639526367188 -0.0644149780273438 0.116668701171875 0.5032958984375
-0.0192489624023438 -0.0841827392578125 0.24273681640625 0.173690795898437
0.00240516662597656 -0.0230064392089844 0.170547485351562 -0.109359741210937
-0.00848770141601562 0.0314979553222656 -0.185104370117188 0.0553436279296875
0.0209693908691406 0.0455245971679688 -0.219009399414062 -0.22100830078125
0.0617294311523437 0.042327880859375 -0.0296630859375 -0.52252197265625
0.0587692260742188 0.0226669311523438 0.39324951171875 -0.55938720703125
0.0121345520019531 -0.017115592956543 0.78424072265625 -0.03448486328125
-0.035858154296875 -0.0771026611328125 0.58697509765625 0.608642578125
-0.0116596221923828 -0.0206394195556641 0.01873779296875 0.64556884765625
0.00499248504638672 0.00343418121337891 0.0758590698242188 -0.005401611328125
-0.0057373046875 -0.0551071166992188 0.0187988281250001 -0.69683837890625
-0.0230560302734375 -0.0819244384765625 -0.66729736328125 -0.5745849609375
-0.00504684448242188 -0.0329151153564453 -0.75347900390625 0.2529296875
0.0452461242675781 0.0260810852050781 -0.19219970703125 0.6025390625
0.0528984069824219 0.0531501770019531 0.16400146484375 0.478729248046875
0.0129203796386719 0.0466079711914063 0.268997192382813 0.162368774414063
-0.00837326049804687 0.0468101501464844 0.172042846679688 -0.110076904296875
-0.0110874176025391 0.0211143493652344 -0.182296752929688 0.04803466796875
0.0115776062011719 0.0393791198730469 -0.21319580078125 -0.238510131835938
0.0549812316894531 0.0433425903320313 -0.010955810546875 -0.517974853515625
0.0596275329589844 0.0296783447265625 0.424102783203125 -0.5087890625
0.0157537460327148 -0.0143051147460938 0.78948974609375 0.051513671875
-0.031494140625 -0.0802230834960937 0.5499267578125 0.67694091796875
-0.00811767578125 -0.02325439453125 -0.00421142578125006 0.65667724609375
0.00854921340942383 -0.00141763687133789 0.093170166015625 -0.0187606811523438
-0.012451171875 -0.054107666015625 -0.00921630859375006 -0.68109130859375
-0.0298309326171875 -0.0730209350585938 -0.686279296875 -0.495849609375
-0.00823402404785156 -0.0278854370117188 -0.71209716796875 0.32818603515625
0.0410499572753906 0.0150375366210937 -0.14910888671875 0.63128662109375
0.0539627075195313 0.0366020202636719 0.1800537109375 0.475128173828125
0.0121421813964844 0.0363845825195313 0.265518188476563 0.149566650390625
-0.0114898681640625 0.0400581359863281 0.1685791015625 -0.114364624023438
-0.0143051147460938 0.0102605819702148 -0.176422119140625 0.0384674072265625
0.00278854370117188 0.0209293365478516 -0.2044677734375 -0.26043701171875
0.0441360473632813 0.0322418212890625 -0.00811767578125002 -0.527313232421875
0.0560760498046875 0.0294036865234375 0.43890380859375 -0.476287841796875
0.0182609558105469 -0.00418663024902344 0.7904052734375 0.11865234375
-0.0284881591796875 -0.072998046875 0.52545166015625 0.7379150390625
-0.00158119201660157 -0.0265102386474609 -0.0164794921874999 0.6669921875
0.0175762176513672 -0.0104084014892578 0.105903625488281 -0.0270919799804688
-0.0153923034667969 -0.0513839721679688 -0.03118896484375 -0.6729736328125
-0.0317001342773438 -0.059295654296875 -0.69439697265625 -0.43646240234375
-0.00819969177246093 -0.01763916015625 -0.6788330078125 0.38543701171875
0.0341663360595703 0.0101146697998047 -0.115478515625 0.65081787109375
0.0440826416015625 0.0177574157714844 0.187744140625 0.479156494140625
0.00958061218261719 0.0216560363769531 0.263702392578125 0.144821166992188
-0.00922775268554687 0.0293331146240234 0.166427612304688 -0.117401123046875
-0.0100498199462891 -0.00203037261962891 -0.1705322265625 0.0345458984375
0.00078582763671875 -0.0048670768737793 -0.204879760742188 -0.276473999023438
0.0352134704589844 0.00873947143554688 -0.00674438476562499 -0.530303955078125
0.048675537109375 0.0258941650390625 0.4417724609375 -0.456695556640625
0.0155620574951172 0.00859737396240234 0.78900146484375 0.15594482421875
-0.0299568176269531 -0.0588760375976562 0.51458740234375 0.7694091796875
0.00527000427246094 -0.0257072448730469 -0.0223999023437501 0.67218017578125
0.0290870666503906 -0.0185470581054687 0.117698669433594 -0.03326416015625
-0.0116920471191406 -0.0500030517578125 -0.03759765625 -0.66961669921875
-0.029541015625 -0.0405044555664063 -0.6920166015625 -0.4058837890625
-0.00370168685913086 -0.00293278694152832 -0.65594482421875 0.416748046875
0.0278110504150391 0.00803565979003906 -0.09234619140625 0.66619873046875
0.030792236328125 -0.00211715698242188 0.193817138671875 0.481597900390625
-2.94446945190429E-05 -0.000383287668228149 0.261932373046875 0.143386840820312
-0.00892925262451172 0.0165166854858398 0.1661376953125 -0.117813110351563
-0.00988960266113281 -0.0142631530761719 -0.169525146484375 0.0344390869140625
0.00522613525390625 -0.0342693328857422 -0.2081298828125 -0.282318115234375
0.0235443115234375 -0.0212039947509766 -0.018768310546875 -0.53021240234375
0.0379409790039063 0.0173988342285156 0.435577392578125 -0.453643798828125
0.0115318298339844 0.0239009857177734 0.78924560546875 0.15765380859375
-0.0360298156738281 -0.038330078125 0.51812744140625 0.77337646484375
0.0111427307128906 -0.0259819030761719 -0.01470947265625 0.6734619140625
0.0449485778808594 -0.0281486511230469 0.123626708984375 -0.0334701538085938
-0.0061187744140625 -0.0470962524414063 -0.033935546875 -0.67071533203125
-0.0240688323974609 -0.0198783874511719 -0.68695068359375 -0.4066162109375
0.00104331970214844 0.0140476226806641 -0.65057373046875 0.419677734375
0.0209426879882812 0.0121479034423828 -0.0927734374999999 0.67034912109375
0.012664794921875 -0.0177936553955078 0.189544677734375 0.48822021484375
-0.00936698913574219 -0.0245857238769531 0.261093139648438 0.1451416015625
-0.00992679595947266 0.00363731384277344 0.168289184570313 -0.115829467773438
-0.00296592712402344 -0.0212440490722656 -0.168289184570313 0.0384979248046875
0.00519180297851563 -0.0632972717285156 -0.216781616210937 -0.277450561523438
0.0107231140136719 -0.0507316589355469 -0.036346435546875 -0.5269775390625
0.0255680084228516 0.00786972045898438 0.4193115234375 -0.470977783203125
0.007080078125 0.0370941162109375 0.797119140625 0.119140625
-0.0400924682617188 -0.0162620544433594 0.5447998046875 0.74462890625
0.0176334381103516 -0.0237598419189453 0.00256347656250007 0.66766357421875
0.0614204406738281 -0.0388374328613281 0.118782043457031 -0.028106689453125
0.00160598754882813 -0.0464820861816406 -0.01702880859375 -0.67779541015625
-0.0180416107177734 -0.00221443176269531 -0.67626953125 -0.438232421875
0.007080078125 0.0309944152832031 -0.668212890625 0.39166259765625
0.0132274627685547 0.0159072875976563 -0.11920166015625 0.668701171875
-0.00441932678222657 -0.0338993072509766 0.174102783203125 0.49444580078125
-0.0198020935058594 -0.0478782653808594 0.255279541015625 0.152145385742188
-0.00743675231933594 -0.00938129425048828 0.167724609375 -0.115203857421875
0.00429725646972656 -0.0261402130126953 -0.168075561523438 0.0443267822265625
-0.000190734863281244 -0.0855941772460938 -0.229782104492188 -0.263870239257812
-0.00296020507812499 -0.071624755859375 -0.057769775390625 -0.52276611328125
0.0139932632446289 0.00250053405761719 0.393798828125 -0.505157470703125
0.00621795654296875 0.0505447387695313 0.80242919921875 0.04620361328125
-0.0403022766113281 0.00507736206054688 0.5860595703125 0.68499755859375
0.0212154388427734 -0.0210781097412109 0.0286254882812499 0.65911865234375
0.0741806030273438 -0.045318603515625 0.108329772949219 -0.0154342651367188
0.0100288391113281 -0.0458488464355469 0.00744628906249999 -0.683837890625
-0.0134515762329102 0.0117368698120117 -0.6585693359375 -0.494140625
0.00786590576171875 0.0460472106933594 -0.702880859375 0.33538818359375
0.0042572021484375 0.0182819366455078 -0.16357421875 0.654541015625
-0.0147476196289063 -0.0506172180175781 0.148529052734375 0.501556396484375
-0.02398681640625 -0.0688362121582031 0.248733520507812 0.161529541015625
-0.0024261474609375 -0.0186843872070313 0.16876220703125 -0.114944458007813
0.00548171997070312 -0.0275020599365234 -0.171188354492187 0.052825927734375
-0.00609588623046876 -0.0976486206054688 -0.239059448242187 -0.245147705078125
-0.0189743041992187 -0.0791549682617187 -0.07965087890625 -0.5159912109375
0.00574493408203125 0.00583553314208984 0.359832763671875 -0.549041748046875
0.0112037658691406 0.0612525939941406 0.7967529296875 -0.0494384765625
-0.0351715087890625 0.0228805541992188 0.6279296875 0.60430908203125
0.0250492095947266 -0.0152988433837891 0.0567626953125 0.64837646484375
0.0820999145507813 -0.049407958984375 0.0906143188476563 0.0012664794921875
0.0178260803222656 -0.0458564758300781 0.0450439453125 -0.693359375
-0.0122184753417969 0.0217056274414062 -0.6279296875 -0.57562255859375
0.00400924682617187 0.0573005676269531 -0.743896484375 0.25482177734375
-0.00439262390136719 0.0197601318359375 -0.2176513671875 0.62799072265625
-0.0194473266601563 -0.0636711120605469 0.11822509765625 0.502166748046875
-0.0194244384765625 -0.0853271484375 0.245925903320312 0.172103881835938
0.00265312194824219 -0.0218563079833984 0.170135498046875 -0.110824584960937
-0.00762557983398437 0.0315895080566406 -0.183868408203125 0.0567474365234375
0.020294189453125 0.0469627380371094 -0.219985961914063 -0.21893310546875
0.0609664916992188 0.0408134460449219 -0.0336303710937499 -0.5208740234375
0.0587997436523438 0.0216293334960938 0.38543701171875 -0.5604248046875
0.0103626251220703 -0.0178813934326172 0.77880859375 -0.0413818359375
-0.0366439819335938 -0.0785675048828125 0.5870361328125 0.5992431640625
-0.0108070373535156 -0.0212078094482422 0.02294921875 0.64300537109375
0.00463771820068359 0.00234174728393555 0.0747528076171875 -0.00628662109375
-0.00803375244140625 -0.0547523498535156 0.014892578125 -0.69525146484375
-0.0237655639648438 -0.082763671875 -0.66876220703125 -0.56878662109375
-0.00501632690429687 -0.0336112976074219 -0.7467041015625 0.25616455078125
0.0456085205078125 0.026153564453125 -0.1871337890625 0.60101318359375
0.0530815124511719 0.0517120361328125 0.170684814453125 0.475738525390625
0.0120925903320312 0.0458450317382812 0.269622802734375 0.1597900390625
-0.00760650634765625 0.0469932556152344 0.171279907226563 -0.111129760742187
-0.0108661651611328 0.0214195251464844 -0.182632446289063 0.048919677734375
0.0105857849121094 0.0402755737304688 -0.2158203125 -0.234756469726563
0.0551300048828125 0.0445594787597656 -0.016082763671875 -0.51800537109375
0.0601806640625 0.0286102294921875 0.41845703125 -0.5111083984375
0.017364501953125 -0.01611328125 0.786865234375 0.044921875
-0.031005859375 -0.0790023803710938 0.5538330078125 0.67108154296875
-0.0077667236328125 -0.0246105194091797 -0.00122070312500004 0.65374755859375
0.00854396820068359 -0.00261020660400391 0.093231201171875 -0.01947021484375
-0.0122756958007812 -0.0539627075195313 -0.013671875 -0.67974853515625
-0.031951904296875 -0.073486328125 -0.68524169921875 -0.4901123046875
-0.010986328125 -0.0283164978027344 -0.7076416015625 0.3331298828125
0.0423049926757813 0.0153884887695313 -0.14373779296875 0.6285400390625
0.0530815124511719 0.0365676879882813 0.184051513671875 0.471771240234375
0.0149459838867188 0.03662109375 0.266891479492188 0.147445678710938
-0.00925064086914063 0.0413932800292969 0.167984008789063 -0.116470336914063
-0.0148239135742187 0.00932598114013672 -0.175399780273438 0.040313720703125
0.00188064575195313 0.021270751953125 -0.20697021484375 -0.258132934570313
0.0437698364257813 0.0323333740234375 -0.0155639648437499 -0.52587890625
0.0566749572753906 0.028839111328125 0.434051513671875 -0.478363037109375
0.0188255310058594 -0.00610923767089844 0.78851318359375 0.11102294921875
-0.0289688110351563 -0.07403564453125 0.52740478515625 0.7296142578125
-0.00118637084960937 -0.0276737213134766 -0.012939453125 0.66485595703125
0.0158576965332031 -0.00960636138916016 0.105903625488281 -0.0282363891601563
-0.0137557983398438 -0.0510406494140625 -0.03216552734375 -0.67022705078125
-0.0322151184082031 -0.0582656860351563 -0.6932373046875 -0.4322509765625
-0.00971031188964844 -0.0188503265380859 -0.67279052734375 0.38922119140625
0.0351791381835938 0.00927734375 -0.10821533203125 0.64788818359375
0.0438766479492188 0.01873779296875 0.189727783203125 0.47625732421875
0.00896835327148437 0.020660400390625 0.264541625976563 0.143218994140625
-0.00937461853027344 0.0308208465576172 0.1671142578125 -0.117523193359375
-0.0117025375366211 -0.00206089019775391 -0.169326782226562 0.03607177734375
0.000347375869750977 -0.00351524353027344 -0.208145141601563 -0.2750244140625
0.0341148376464844 0.008026123046875 -0.013885498046875 -0.52838134765625
0.0485763549804688 0.0244522094726563 0.437591552734375 -0.4569091796875
0.016118049621582 0.00701618194580078 0.78497314453125 0.14862060546875
-0.0318107604980469 -0.05804443359375 0.51556396484375 0.7642822265625
0.00555419921875 -0.0269603729248047 -0.01654052734375 0.667236328125
0.0313873291015625 -0.0192146301269531 0.116943359375 -0.03338623046875
-0.0116958618164063 -0.0498733520507813 -0.04180908203125 -0.665771484375
-0.0315895080566406 -0.0395774841308594 -0.6920166015625 -0.3997802734375
-0.00472354888916016 -0.00342607498168945 -0.65087890625 0.418212890625
0.0284004211425781 0.00790023803710938 -0.0866699218749999 0.66485595703125
0.0298824310302734 -0.00151443481445312 0.1959228515625 0.48028564453125
0.000712871551513672 -0.000283539295196533 0.264495849609375 0.140701293945313
-0.00718116760253906 0.0169610977172852 0.16546630859375 -0.117630004882812
-0.00958061218261719 -0.0136852264404297 -0.170196533203125 0.035888671875
0.00320625305175781 -0.0335941314697266 -0.21038818359375 -0.280975341796875
0.0232944488525391 -0.02252197265625 -0.0250244140625 -0.52740478515625
0.0377960205078125 0.0162849426269531 0.430450439453125 -0.455780029296875
0.0119800567626953 0.0228424072265625 0.78631591796875 0.15081787109375
-0.0365486145019531 -0.0385322570800781 0.51947021484375 0.767822265625
0.0116214752197266 -0.0261440277099609 -0.0101318359374999 0.6710205078125
0.0452194213867188 -0.0293617248535156 0.122611999511719 -0.0338363647460938
-0.00610733032226563 -0.0459632873535156 -0.0355224609375 -0.6678466796875
-0.0251007080078125 -0.0201301574707031 -0.6861572265625 -0.40118408203125
0.00102043151855469 0.0135564804077148 -0.643798828125 0.420654296875
0.0216503143310547 0.0113334655761719 -0.0877685546875 0.66925048828125
0.0125617980957031 -0.0173730850219727 0.19366455078125 0.4849853515625
-0.0112171173095703 -0.0245990753173828 0.262451171875 0.143264770507813
-0.00934410095214844 0.0042104721069336 0.16552734375 -0.117019653320313
-0.00324440002441406 -0.0219535827636719 -0.16851806640625 0.0391998291015625
0.00415802001953126 -0.0631065368652344 -0.218795776367188 -0.276321411132813
0.0105628967285156 -0.0511817932128906 -0.041900634765625 -0.52496337890625
0.024810791015625 0.00747871398925781 0.412689208984375 -0.471527099609375
0.00756072998046875 0.0376052856445313 0.79376220703125 0.11029052734375
-0.0401115417480469 -0.015869140625 0.54620361328125 0.73797607421875
0.0184535980224609 -0.0241165161132813 0.00640869140624994 0.66668701171875
0.0601043701171875 -0.0395584106445313 0.119308471679687 -0.0277938842773438
0.00121307373046875 -0.0454635620117188 -0.0184326171875 -0.67364501953125
-0.0185890197753906 -0.00207328796386719 -0.67572021484375 -0.4317626953125
0.00739860534667969 0.0303192138671875 -0.66278076171875 0.39459228515625
0.0121469497680664 0.0145998001098633 -0.1107177734375 0.6668701171875
-0.00372123718261719 -0.0347805023193359 0.178131103515625 0.493011474609375
-0.0197639465332031 -0.0484695434570313 0.25750732421875 0.150833129882813
-0.00627613067626953 -0.0100774765014648 0.168411254882813 -0.116043090820313
0.00366973876953125 -0.0263996124267578 -0.167098999023438 0.0464019775390625
-0.00102996826171876 -0.0840225219726563 -0.232177734375 -0.261871337890625
-0.00353240966796875 -0.0712966918945313 -0.06439208984375 -0.520721435546875
0.0135269165039063 0.00320816040039063 0.388580322265625 -0.504547119140625
0.00638961791992187 0.0500831604003906 0.7994384765625 0.039794921875
-0.0394287109375 0.00567245483398438 0.58782958984375 0.67803955078125
0.0232887268066406 -0.0202980041503906 0.0333251953125001 0.65826416015625
0.0743179321289063 -0.0460433959960938 0.108322143554688 -0.0161285400390625
0.0102767944335938 -0.0448989868164063 0.00500488281250004 -0.6817626953125
-0.0120687484741211 0.0122909545898438 -0.65728759765625 -0.48590087890625
0.00802230834960937 0.0456504821777344 -0.6976318359375 0.3406982421875
0.00540733337402344 0.0179347991943359 -0.15869140625 0.6539306640625
-0.0151481628417969 -0.0498008728027344 0.1524658203125 0.49945068359375
-0.0241203308105469 -0.06768798828125 0.251510620117188 0.159423828125
-0.00222587585449219 -0.0195636749267578 0.168014526367188 -0.114898681640625
0.00509452819824219 -0.0272579193115234 -0.1702880859375 0.054962158203125
-0.00769805908203125 -0.0975112915039062 -0.240707397460937 -0.242630004882813
-0.0210952758789063 -0.0792160034179688 -0.0874633789062499 -0.51483154296875
0.00486326217651367 0.00461339950561523 0.35125732421875 -0.549224853515625
0.0120697021484375 0.0599136352539062 0.79266357421875 -0.05517578125
-0.0330924987792969 0.0235805511474609 0.6270751953125 0.59783935546875
0.0260391235351563 -0.0162105560302734 0.0603027343749999 0.64617919921875
0.0811843872070313 -0.0501022338867188 0.0917816162109375 0.000442504882812497
0.0183372497558594 -0.0442047119140625 0.0423583984375 -0.69158935546875
-0.0109119415283203 0.0204906463623047 -0.6282958984375 -0.56817626953125
0.0045013427734375 0.0583915710449219 -0.73828125 0.25872802734375
-0.00457382202148438 0.0204982757568359 -0.21319580078125 0.62762451171875
-0.0209197998046875 -0.0641708374023438 0.124420166015625 0.50054931640625
-0.0216064453125 -0.0859603881835938 0.246337890625 0.169647216796875
0.00453376770019531 -0.0233535766601563 0.169036865234375 -0.11181640625
-0.0076141357421875 0.0317611694335938 -0.182708740234375 0.060272216796875
0.0200538635253906 0.0468368530273437 -0.221389770507812 -0.216842651367188
0.0618476867675781 0.0413856506347656 -0.0390625 -0.519927978515625
0.0581398010253906 0.0216712951660156 0.380035400390625 -0.5621337890625
0.0121135711669922 -0.0196113586425781 0.7763671875 -0.046630859375
-0.0372314453125 -0.07879638671875 0.5880126953125 0.5947265625
-0.0109157562255859 -0.0214958190917969 0.0264892578125 0.64141845703125
0.00479459762573242 0.00377416610717773 0.07562255859375 -0.00603485107421875
-0.00765609741210938 -0.0537223815917969 0.01300048828125 -0.69244384765625
-0.0250244140625 -0.082489013671875 -0.66888427734375 -0.56292724609375
-0.0060272216796875 -0.0330619812011719 -0.7415771484375 0.26202392578125
0.0453376770019531 0.024322509765625 -0.1824951171875 0.601806640625
0.0526847839355469 0.0526809692382813 0.173980712890625 0.473663330078125
0.0131111145019531 0.0455436706542969 0.27081298828125 0.15869140625
-0.00621795654296875 0.0470924377441406 0.172164916992188 -0.111724853515625
-0.0106906890869141 0.0216045379638672 -0.181503295898438 0.050811767578125
0.0101318359375 0.0401458740234375 -0.216705322265625 -0.233261108398438
0.055328369140625 0.0441055297851562 -0.02020263671875 -0.51519775390625
0.0597496032714844 0.0268440246582031 0.41204833984375 -0.511688232421875
0.0165166854858398 -0.0172538757324219 0.78265380859375 0.03680419921875
-0.0324859619140625 -0.0792999267578125 0.55438232421875 0.66656494140625
-0.00784683227539062 -0.0234775543212891 0.00445556640625002 0.64990234375
0.00938701629638672 -0.00126743316650391 0.093048095703125 -0.0184097290039063
-0.0121917724609375 -0.0536308288574219 -0.0150146484375 -0.679443359375
-0.0328140258789063 -0.0730209350585938 -0.6856689453125 -0.48284912109375
-0.0106163024902344 -0.0311298370361328 -0.70172119140625 0.33502197265625
0.0410881042480469 0.0155181884765625 -0.13897705078125 0.628173828125
0.054290771484375 0.0364608764648438 0.1871337890625 0.4696044921875
0.0121612548828125 0.0376319885253906 0.267608642578125 0.146102905273438
-0.00892257690429688 0.0403022766113281 0.168701171875 -0.115982055664062
-0.0136880874633789 0.0111923217773438 -0.173934936523438 0.0405120849609375
5.34057617187509E-05 0.0231132507324219 -0.209030151367188 -0.255020141601563
0.0441703796386719 0.0324440002441406 -0.0202941894531249 -0.5233154296875
0.0576095581054688 0.0273399353027344 0.426300048828125 -0.479736328125
0.0183506011962891 -0.00770187377929688 0.78741455078125 0.10589599609375
-0.0306625366210938 -0.0742645263671875 0.53021240234375 0.72442626953125
-0.0022125244140625 -0.0275993347167969 -0.00878906249999999 0.66070556640625
0.0176830291748047 -0.00913429260253906 0.106254577636719 -0.028289794921875
-0.0154342651367187 -0.0504684448242187 -0.03369140625 -0.6685791015625
-0.033721923828125 -0.0576896667480469 -0.692138671875 -0.4271240234375
-0.00815391540527344 -0.0197486877441406 -0.6668701171875 0.39093017578125
0.0353546142578125 0.00875091552734375 -0.10406494140625 0.64892578125
0.043975830078125 0.0181922912597656 0.19427490234375 0.473846435546875
0.009521484375 0.0222587585449219 0.267120361328125 0.141448974609375
-0.00713539123535156 0.0301856994628906 0.1671142578125 -0.118377685546875
-0.0108575820922852 -0.00178909301757812 -0.168350219726563 0.0374603271484375
-0.000619411468505859 -0.00347304344177246 -0.210678100585937 -0.272140502929688
0.0340614318847656 0.00968742370605469 -0.017242431640625 -0.5267333984375
0.0484962463378906 0.0244674682617188 0.430511474609375 -0.459625244140625
0.0154285430908203 0.00634956359863281 0.784423828125 0.1427001953125
-0.0335769653320313 -0.05804443359375 0.5184326171875 0.75848388671875
0.00517463684082031 -0.0268459320068359 -0.01373291015625 0.66534423828125
0.0303230285644531 -0.0187358856201172 0.118400573730469 -0.0342941284179688
-0.01190185546875 -0.0481147766113281 -0.0424804687499999 -0.664306640625
-0.0306854248046875 -0.0398674011230469 -0.69195556640625 -0.3958740234375
-0.00457429885864258 -0.00395536422729492 -0.64404296875 0.42242431640625
0.0279464721679687 0.005645751953125 -0.0819091796875 0.66455078125
0.0285911560058594 -0.00130653381347656 0.199859619140625 0.47650146484375
0.000332862138748169 0.000151097774505615 0.26416015625 0.14019775390625
-0.00729656219482422 0.016871452331543 0.163955688476563 -0.119125366210938
-0.0102157592773438 -0.0127735137939453 -0.169326782226563 0.0381927490234375
0.00275611877441406 -0.0332164764404297 -0.212600708007812 -0.279159545898438
0.0220584869384766 -0.0215473175048828 -0.0308837890625 -0.5274658203125
0.0363807678222656 0.0153770446777344 0.4228515625 -0.456390380859375
0.0113162994384766 0.0215015411376953 0.78466796875 0.14312744140625
-0.037139892578125 -0.0385627746582031 0.52294921875 0.76220703125
0.0116729736328125 -0.0256748199462891 -0.00518798828124994 0.66644287109375
0.0462570190429688 -0.0297317504882813 0.122322082519531 -0.0348739624023438
-0.00748443603515624 -0.0469779968261719 -0.0383300781250001 -0.66534423828125
-0.0251865386962891 -0.0191173553466797 -0.6866455078125 -0.3975830078125
0.00101375579833984 0.0129146575927734 -0.6373291015625 0.42364501953125
0.0207366943359375 0.0107879638671875 -0.0819091796875 0.6693115234375
0.0128498077392578 -0.0181522369384766 0.198089599609375 0.4852294921875
-0.00982093811035156 -0.0233116149902344 0.263214111328125 0.141372680664063
-0.00786781311035156 0.00312709808349609 0.16571044921875 -0.117294311523437
-0.00337600708007812 -0.0214099884033203 -0.16790771484375 0.04022216796875
0.003326416015625 -0.0626068115234375 -0.221572875976562 -0.273284912109375
0.00960540771484375 -0.0512313842773437 -0.0469970703125001 -0.52191162109375
0.0255222320556641 0.00634765625 0.4071044921875 -0.474395751953125
0.00761032104492188 0.0352439880371094 0.79022216796875 0.10589599609375
-0.0396766662597656 -0.0161018371582031 0.54949951171875 0.73114013671875
0.0184268951416016 -0.02362060546875 0.01214599609375 0.66253662109375
0.0610160827636719 -0.0387458801269531 0.119056701660156 -0.0283432006835938
0.000839233398437499 -0.0452842712402344 -0.024169921875 -0.67218017578125
-0.0188083648681641 -0.00218009948730468 -0.67437744140625 -0.4281005859375
0.00581169128417969 0.0298080444335938 -0.6580810546875 0.39837646484375
0.0129737854003906 0.0149030685424805 -0.10711669921875 0.6658935546875
-0.00419235229492188 -0.0340728759765625 0.18145751953125 0.490264892578125
-0.0191841125488281 -0.0463218688964844 0.2587890625 0.14813232421875
-0.00563812255859375 -0.0105295181274414 0.167724609375 -0.116806030273438
0.00493240356445313 -0.0265674591064453 -0.1680908203125 0.0456085205078125
-0.00139617919921874 -0.08270263671875 -0.233230590820312 -0.260284423828125
-0.00619506835937499 -0.07086181640625 -0.0694580078125 -0.5185546875
0.0140018463134766 0.00330066680908203 0.38299560546875 -0.506256103515625
0.00725173950195313 0.0503158569335937 0.79510498046875 0.0340576171875
-0.0397872924804688 0.00603485107421876 0.59002685546875 0.6728515625
0.0230998992919922 -0.0215015411376953 0.0391845703125 0.6541748046875
0.0751800537109375 -0.0473098754882813 0.107749938964844 -0.0160140991210938
0.0100326538085938 -0.0449943542480469 0.00360107421875 -0.68011474609375
-0.0135011672973633 0.0118846893310547 -0.6563720703125 -0.4842529296875
0.0079803466796875 0.0453529357910156 -0.69219970703125 0.34210205078125
0.00391006469726562 0.0175008773803711 -0.15185546875 0.65447998046875
-0.0159950256347656 -0.0492401123046875 0.15777587890625 0.498779296875
-0.0249252319335938 -0.0676498413085938 0.252731323242188 0.158218383789063
-0.000185012817382812 -0.0203170776367188 0.16790771484375 -0.116439819335937
0.005645751953125 -0.0277118682861328 -0.169876098632813 0.056365966796875
-0.00920867919921875 -0.09613037109375 -0.243606567382812 -0.2412109375
-0.021514892578125 -0.0786056518554687 -0.093658447265625 -0.5120849609375
0.00435733795166016 0.00497627258300781 0.347381591796875 -0.55181884765625
0.0112266540527344 0.0601119995117187 0.78912353515625 -0.0623779296875
-0.0345935821533203 0.0212078094482422 0.629638671875 0.59136962890625
0.0264110565185547 -0.0171375274658203 0.0648803710937501 0.64288330078125
0.0818710327148438 -0.0489044189453125 0.0909194946289063 -0.000495910644531253
0.0186614990234375 -0.0445022583007813 0.03875732421875 -0.68951416015625
-0.0119705200195313 0.0217170715332031 -0.62738037109375 -0.56256103515625
0.00508880615234375 0.0564956665039063 -0.7349853515625 0.26373291015625
-0.00408363342285157 0.0197334289550781 -0.20556640625 0.6287841796875
-0.0207939147949219 -0.0639801025390625 0.128173828125 0.500396728515625
-0.0209503173828125 -0.0848236083984375 0.24822998046875 0.167449951171875
0.00502586364746094 -0.0244579315185547 0.170150756835938 -0.112380981445313
-0.00708389282226562 0.0315380096435547 -0.182205200195312 0.0599822998046875
0.0211372375488281 0.0451164245605469 -0.223892211914063 -0.21527099609375
0.0609970092773438 0.0408515930175781 -0.042938232421875 -0.5189208984375
0.0598068237304688 0.0215721130371094 0.375823974609375 -0.561614990234375
0.0111865997314453 -0.0199775695800781 0.77276611328125 -0.052490234375
-0.0381393432617188 -0.07879638671875 0.59039306640625 0.5906982421875
-0.0113029479980469 -0.0198154449462891 0.0292968749999999 0.6378173828125
0.00525140762329102 0.00438499450683594 0.074859619140625 -0.005706787109375
-0.00849151611328125 -0.0531082153320312 0.01031494140625 -0.6907958984375
-0.0248184204101562 -0.0820465087890625 -0.66827392578125 -0.55938720703125
-0.00718116760253906 -0.034332275390625 -0.7406005859375 0.26275634765625
0.0462493896484375 0.0240936279296875 -0.177978515625 0.60101318359375
0.0535659790039063 0.0510177612304688 0.175628662109375 0.472412109375
0.0125732421875 0.0467376708984375 0.273086547851562 0.156478881835938
-0.00501251220703125 0.0464897155761719 0.171249389648437 -0.113632202148437
-0.0101699829101562 0.021636962890625 -0.18011474609375 0.052032470703125
0.0108528137207031 0.0407066345214844 -0.218856811523438 -0.232803344726562
0.0548019409179688 0.0430908203125 -0.025146484375 -0.515106201171875
0.0612640380859375 0.02618408203125 0.406646728515625 -0.51593017578125
0.0144882202148438 -0.0180587768554688 0.78143310546875 0.03350830078125
-0.0344696044921875 -0.0792617797851563 0.5557861328125 0.66253662109375
-0.00833511352539062 -0.0247974395751953 0.00616455078124998 0.65020751953125
0.00935173034667969 -0.00147342681884766 0.0929183959960938 -0.0188217163085938
-0.0128517150878906 -0.0530166625976563 -0.0166015625 -0.6771240234375
-0.0328826904296875 -0.0736618041992188 -0.68585205078125 -0.4794921875
-0.0101661682128906 -0.0301876068115234 -0.6981201171875 0.3388671875
0.0428810119628906 0.0136489868164063 -0.1361083984375 0.626708984375
0.0544929504394531 0.0360832214355469 0.189056396484375 0.469573974609375
0.0132331848144531 0.0375595092773438 0.269454956054688 0.145721435546875
-0.00800704956054687 0.0421104431152344 0.16790771484375 -0.11767578125
-0.0139379501342773 0.0110435485839844 -0.174575805664063 0.04180908203125
-0.000448226928710936 0.02423095703125 -0.211410522460937 -0.25262451171875
0.0430870056152344 0.0320854187011719 -0.02349853515625 -0.52288818359375
0.0560340881347656 0.0275077819824219 0.422027587890625 -0.480133056640625
0.0178165435791016 -0.00840950012207031 0.78399658203125 0.10052490234375
-0.0317764282226563 -0.0740966796875 0.532470703125 0.7186279296875
-0.00256729125976562 -0.02777099609375 -0.00543212890624995 0.65972900390625
0.0181198120117188 -0.00910377502441406 0.107620239257813 -0.0284194946289063
-0.0149078369140625 -0.0494384765625 -0.0353393554687499 -0.66796875
-0.0358161926269531 -0.0579948425292969 -0.6915283203125 -0.42266845703125
-0.00883674621582032 -0.0193004608154297 -0.66253662109375 0.395751953125
0.0356864929199219 0.00783920288085938 -0.1009521484375 0.649169921875
0.0431137084960938 0.0182380676269531 0.19818115234375 0.47198486328125
0.00928115844726562 0.0222091674804688 0.267379760742188 0.139114379882813
-0.00753021240234375 0.0306549072265625 0.164077758789063 -0.118759155273438
-0.00893306732177735 -0.000643730163574218 -0.169281005859375 0.037139892578125
-0.000750064849853516 -0.00220870971679688 -0.211135864257813 -0.27178955078125
0.0334968566894531 0.00909042358398438 -0.02337646484375 -0.524932861328125
0.0494003295898438 0.0220527648925781 0.426239013671875 -0.46026611328125
0.0157604217529297 0.00474071502685547 0.7811279296875 0.13714599609375
-0.0340538024902344 -0.0587387084960937 0.51947021484375 0.75506591796875
0.00639533996582031 -0.0279903411865234 -0.00836181640624997 0.66424560546875
0.0308628082275391 -0.0193824768066406 0.118209838867188 -0.033477783203125
-0.0117111206054688 -0.0479316711425781 -0.043212890625 -0.66302490234375
-0.0313568115234375 -0.0395889282226563 -0.689697265625 -0.39337158203125
-0.00719070434570313 -0.00387191772460938 -0.63934326171875 0.42425537109375
0.0292510986328125 0.00600242614746094 -0.07818603515625 0.662109375
0.0283756256103516 -0.00142669677734375 0.203369140625 0.4776611328125
-1.67191028594971E-05 0.000467628240585327 0.266311645507813 0.138473510742188
-0.00656986236572266 0.0168390274047852 0.165176391601563 -0.120452880859375
-0.00870990753173828 -0.0129537582397461 -0.168380737304688 0.03851318359375
0.00206375122070313 -0.0328693389892578 -0.21490478515625 -0.276596069335938
0.0213260650634766 -0.0209903717041016 -0.034515380859375 -0.52642822265625
0.0367851257324219 0.0144882202148438 0.418853759765625 -0.45843505859375
0.0102272033691406 0.0200176239013672 0.78240966796875 0.1405029296875
-0.0373344421386719 -0.0380172729492188 0.52423095703125 0.7564697265625
0.0118331909179688 -0.0274124145507812 -0.00421142578125 0.66510009765625
0.0471458435058594 -0.029205322265625 0.123405456542969 -0.0342025756835938
-0.00667572021484374 -0.0462226867675781 -0.0384521484374999 -0.66363525390625
-0.02532958984375 -0.0200862884521484 -0.68499755859375 -0.393310546875
0.000936508178710936 0.0131931304931641 -0.63470458984375 0.42535400390625
0.02069091796875 0.00964927673339844 -0.07745361328125 0.668212890625
0.0116443634033203 -0.0173482894897461 0.200103759765625 0.48223876953125
-0.009857177734375 -0.0243778228759766 0.265457153320313 0.139755249023438
-0.00693750381469727 0.00281333923339844 0.165756225585937 -0.118194580078125
-0.00287246704101562 -0.0206871032714844 -0.166671752929688 0.0406341552734375
0.00202178955078125 -0.0623092651367187 -0.223495483398438 -0.27191162109375
0.0084228515625 -0.0504035949707031 -0.0521240234375 -0.520904541015625
0.0249710083007813 0.00576591491699219 0.402252197265625 -0.476348876953125
0.00770759582519532 0.0342140197753906 0.78924560546875 0.09942626953125
-0.0416717529296875 -0.0161857604980469 0.5533447265625 0.7266845703125
0.0190296173095703 -0.0244808197021484 0.013916015625 0.65911865234375
0.0615692138671875 -0.0390167236328125 0.11871337890625 -0.0278701782226563
0.000602722167968746 -0.0441436767578125 -0.02349853515625 -0.6705322265625
-0.0184783935546875 -0.00182342529296875 -0.674072265625 -0.424560546875
0.00575065612792969 0.0290012359619141 -0.653076171875 0.39990234375
0.0135736465454102 0.0143909454345703 -0.10284423828125 0.666748046875
-0.00579452514648437 -0.0333328247070313 0.184539794921875 0.4896240234375
-0.0202293395996094 -0.0463180541992188 0.259765625 0.146865844726563
-0.00417327880859375 -0.0106592178344727 0.168441772460937 -0.11761474609375
0.00423812866210938 -0.0257835388183594 -0.166366577148438 0.0468902587890625
-0.00341033935546874 -0.0841140747070312 -0.236404418945313 -0.259201049804687
-0.00574493408203125 -0.0704345703125 -0.0745849609375 -0.517425537109375
0.0129642486572266 0.00172138214111328 0.376739501953125 -0.50823974609375
0.0053253173828125 0.0479393005371094 0.79327392578125 0.02703857421875
-0.0409927368164062 0.00577163696289063 0.59124755859375 0.666259765625
0.0239467620849609 -0.0211200714111328 0.03948974609375 0.65185546875
0.0744171142578125 -0.0467910766601562 0.107818603515625 -0.0162582397460938
0.00903701782226562 -0.0444183349609375 0.00225830078124994 -0.6788330078125
-0.0134763717651367 0.0118370056152344 -0.65533447265625 -0.48126220703125
0.00803375244140625 0.0455474853515625 -0.68988037109375 0.345458984375
0.00450706481933594 0.0169296264648438 -0.14825439453125 0.65411376953125
-0.0175666809082031 -0.0487289428710938 0.15966796875 0.497894287109375
-0.0252189636230469 -0.0687522888183594 0.2542724609375 0.156036376953125
-8.96453857421859E-05 -0.0207195281982422 0.166641235351563 -0.117156982421875
0.00571060180664063 -0.0283374786376953 -0.168899536132813 0.0572967529296875
-0.0092620849609375 -0.0948944091796875 -0.245651245117188 -0.239395141601562
-0.02301025390625 -0.0793228149414063 -0.097686767578125 -0.51092529296875
0.00387048721313477 0.00596046447753906 0.34246826171875 -0.55267333984375
0.0101432800292969 0.0603981018066406 0.78594970703125 -0.06634521484375
-0.0351104736328125 0.0228366851806641 0.6298828125 0.58709716796875
0.0269851684570313 -0.0168476104736328 0.06744384765625 0.63623046875
0.0817413330078125 -0.0496902465820313 0.0913619995117188 -0.000816345214843753
0.0173988342285156 -0.0436973571777344 0.0369873046875 -0.6875
-0.0115089416503906 0.0214996337890625 -0.62774658203125 -0.55999755859375
0.00534439086914062 0.0569610595703125 -0.73028564453125 0.2645263671875
-0.00300216674804688 0.0189990997314453 -0.20098876953125 0.6279296875
-0.0226058959960938 -0.0634956359863281 0.132598876953125 0.498016357421875
-0.0224227905273438 -0.0848159790039062 0.25128173828125 0.165817260742187
0.0058441162109375 -0.0248813629150391 0.169784545898437 -0.114913940429687
-0.00761222839355469 0.0323009490966797 -0.18133544921875 0.0623779296875
0.0199966430664062 0.0459442138671875 -0.224075317382813 -0.21331787109375
0.0612754821777344 0.0403366088867188 -0.0477294921875 -0.5181884765625
0.0591239929199219 0.0192337036132813 0.37152099609375 -0.56414794921875
0.0116081237792969 -0.0221443176269531 0.77117919921875 -0.05780029296875
-0.0401535034179688 -0.0785903930664063 0.5897216796875 0.587158203125
-0.0118827819824219 -0.0214881896972656 0.03076171875 0.63763427734375
0.0055384635925293 0.00478792190551758 0.0751571655273438 -0.0050201416015625
-0.00917816162109375 -0.0534896850585938 0.00897216796875005 -0.690185546875
-0.0264511108398438 -0.082000732421875 -0.67010498046875 -0.55560302734375
-0.00816917419433594 -0.0348453521728516 -0.73748779296875 0.26666259765625
0.0471572875976563 0.0230522155761719 -0.1749267578125 0.60107421875
0.0533485412597656 0.0512313842773438 0.178192138671875 0.471221923828125
0.0134353637695313 0.0473709106445313 0.27386474609375 0.155136108398438
-0.004730224609375 0.0474281311035156 0.172409057617188 -0.113174438476562
-0.0107936859130859 0.0205078125 -0.180419921875 0.052276611328125
0.0110664367675781 0.0418167114257813 -0.21868896484375 -0.23101806640625
0.055145263671875 0.044525146484375 -0.029510498046875 -0.512939453125
0.0611915588378906 0.0244331359863281 0.403045654296875 -0.515472412109375
0.0165042877197266 -0.0200042724609375 0.78070068359375 0.03009033203125
-0.0344085693359375 -0.0798568725585937 0.55780029296875 0.65704345703125
-0.00709342956542969 -0.0233345031738281 0.00848388671875003 0.6485595703125
0.00873613357543945 -0.00242185592651367 0.0929489135742188 -0.018310546875
-0.0137939453125 -0.0525894165039063 -0.01873779296875 -0.67474365234375
-0.0346603393554688 -0.073394775390625 -0.68609619140625 -0.47747802734375
-0.0117568969726563 -0.0316066741943359 -0.6956787109375 0.34039306640625
0.0419731140136719 0.0126838684082031 -0.13214111328125 0.627685546875
0.0535354614257813 0.0363883972167969 0.19378662109375 0.467498779296875
0.0135116577148438 0.0376853942871094 0.271636962890625 0.143798828125
-0.00588607788085937 0.0410270690917969 0.169036865234375 -0.117355346679688
-0.0133552551269531 0.00974845886230469 -0.173934936523437 0.043365478515625
0.000278472900390625 0.0250778198242187 -0.212493896484375 -0.2529296875
0.04351806640625 0.0326766967773438 -0.02825927734375 -0.522857666015625
0.0583877563476563 0.0267677307128906 0.418609619140625 -0.482635498046875
0.0170059204101563 -0.00938606262207031 0.78265380859375 0.093994140625
-0.03289794921875 -0.0760650634765625 0.532958984375 0.715087890625
-0.00193405151367188 -0.0275917053222656 -0.00146484375000007 0.65814208984375
0.0180377960205078 -0.00919532775878906 0.106781005859375 -0.0277481079101563
-0.0155220031738281 -0.0497550964355469 -0.0390624999999999 -0.66363525390625
-0.0348854064941406 -0.0574874877929688 -0.6917724609375 -0.4190673828125
-0.00915336608886719 -0.0214042663574219 -0.6590576171875 0.39837646484375
0.0353279113769531 0.00693511962890625 -0.0969848632812501 0.64892578125
0.04266357421875 0.0174407958984375 0.2000732421875 0.471771240234375
0.00984573364257812 0.0225334167480469 0.270462036132812 0.1387939453125
-0.00613784790039063 0.0297336578369141 0.167449951171875 -0.119918823242188
-0.0102977752685547 -0.000626564025878906 -0.169708251953125 0.03924560546875
-0.000882744789123535 -0.0018763542175293 -0.21368408203125 -0.268417358398438
0.0332565307617188 0.0102710723876953 -0.027862548828125 -0.5247802734375
0.0494804382324219 0.0214729309082031 0.422149658203125 -0.46356201171875
0.0147905349731445 0.00463008880615234 0.78302001953125 0.1329345703125
-0.0344581604003906 -0.0587043762207031 0.52362060546875 0.750732421875
0.00667381286621094 -0.0271530151367188 -0.00567626953125001 0.66241455078125
0.0312309265136719 -0.0181941986083984 0.118080139160156 -0.0338211059570313
-0.0130767822265625 -0.0474510192871094 -0.04840087890625 -0.66278076171875
-0.0329322814941406 -0.0390777587890625 -0.6910400390625 -0.388916015625
-0.00533819198608398 -0.00521993637084961 -0.634765625 0.42694091796875
0.0273952484130859 0.00635528564453125 -0.07379150390625 0.6602783203125
0.0289974212646484 -0.00103187561035156 0.2060546875 0.47412109375
-0.000415056943893433 9.37879085540771E-05 0.268768310546875 0.137908935546875
-0.00466537475585938 0.0172786712646484 0.166275024414062 -0.120391845703125
-0.00965309143066406 -0.0130319595336914 -0.16766357421875 0.0390472412109375
0.000946044921875002 -0.0326881408691406 -0.2171630859375 -0.274566650390625
0.0214977264404297 -0.0221748352050781 -0.040313720703125 -0.523834228515625
0.0376396179199219 0.0146255493164063 0.414794921875 -0.45965576171875
0.010040283203125 0.02001953125 0.7816162109375 0.135009765625
-0.0386848449707031 -0.0390167236328125 0.52764892578125 0.752685546875
0.0124397277832031 -0.0267543792724609 -0.00030517578124999 0.662353515625
0.0462837219238281 -0.0293388366699219 0.122642517089844 -0.0351943969726562
-0.00728225708007812 -0.0459213256835938 -0.0422363281250001 -0.6630859375
-0.0258369445800781 -0.0195693969726563 -0.68450927734375 -0.3887939453125
0.000773429870605468 0.0123662948608398 -0.63067626953125 0.427490234375
0.0198593139648438 0.00954437255859375 -0.074462890625 0.66644287109375
0.0102119445800781 -0.0179424285888672 0.2037353515625 0.48260498046875
-0.01123046875 -0.0233440399169922 0.267059326171875 0.139480590820313
-0.00686311721801758 0.00298547744750976 0.166366577148438 -0.119918823242187
-0.00174522399902344 -0.0206089019775391 -0.166305541992188 0.041839599609375
0.000869750976562497 -0.0623321533203125 -0.227157592773437 -0.270614624023438
0.00807571411132813 -0.050567626953125 -0.056884765625 -0.521087646484375
0.0241851806640625 0.00516891479492188 0.396881103515625 -0.476898193359375
0.00675201416015625 0.0340061187744141 0.78704833984375 0.09564208984375
-0.0425682067871094 -0.0159950256347656 0.552734375 0.7222900390625
0.0187435150146484 -0.0249710083007813 0.0163574218750001 0.65814208984375
0.0610618591308594 -0.0388412475585938 0.119049072265625 -0.0289382934570313
0.00135040283203125 -0.0446243286132813 -0.0252685546875 -0.66961669921875
-0.0187969207763672 -0.00226020812988281 -0.67584228515625 -0.42254638671875
0.00722885131835938 0.0293636322021484 -0.65081787109375 0.4013671875
0.0125226974487305 0.0128755569458008 -0.0990600585937501 0.6658935546875
-0.00551223754882812 -0.0321865081787109 0.186920166015625 0.488800048828125
-0.0202064514160156 -0.046234130859375 0.26202392578125 0.144927978515625
-0.00411319732666016 -0.0112085342407227 0.167938232421875 -0.118362426757813
0.00374603271484375 -0.0266399383544922 -0.165863037109375 0.0473175048828125
-0.0032806396484375 -0.0829010009765625 -0.238494873046875 -0.256393432617188
-0.00737762451171874 -0.0716171264648438 -0.07586669921875 -0.51544189453125
0.0130882263183594 0.00199508666992188 0.37335205078125 -0.50823974609375
0.00630569458007812 0.0482673645019531 0.78997802734375 0.02490234375
-0.0423698425292969 0.00630950927734375 0.5928955078125 0.66143798828125
0.0245742797851562 -0.0215206146240234 0.04296875 0.64910888671875
0.074066162109375 -0.0457382202148438 0.108283996582031 -0.0172195434570313
0.00924301147460938 -0.0437202453613281 4.21199016505676E-17 -0.67864990234375
-0.0129575729370117 0.0124902725219727 -0.65838623046875 -0.476806640625
0.00922393798828125 0.0454292297363281 -0.6859130859375 0.34735107421875
0.00533866882324219 0.0172338485717773 -0.1441650390625 0.6529541015625
-0.0180435180664063 -0.0489425659179688 0.16326904296875 0.495635986328125
-0.0257911682128906 -0.06695556640625 0.25677490234375 0.156036376953125
0.00191688537597656 -0.0213584899902344 0.167755126953125 -0.116455078125
0.00696372985839844 -0.0285797119140625 -0.16876220703125 0.057952880859375
-0.00993347167968751 -0.0949935913085938 -0.245620727539063 -0.237152099609375
-0.0239028930664062 -0.0786285400390625 -0.100982666015625 -0.508514404296875
0.00408315658569336 0.00313019752502441 0.338165283203125 -0.552215576171875
0.01068115234375 0.0583038330078125 0.7835693359375 -0.07000732421875
-0.0348529815673828 0.0216217041015625 0.62896728515625 0.58245849609375
0.0279769897460938 -0.0176753997802734 0.0697021484375 0.6365966796875
0.080963134765625 -0.0499801635742187 0.0911407470703125 -9.91821289062531E-05
0.0176887512207031 -0.0444717407226563 0.0358276367187499 -0.68798828125
-0.0110855102539063 0.0215702056884766 -0.6273193359375 -0.55670166015625
0.0061492919921875 0.0565452575683594 -0.728515625 0.26904296875
-0.00458908081054687 0.0187129974365234 -0.1988525390625 0.6273193359375
-0.0236854553222656 -0.0634803771972656 0.135528564453125 0.497406005859375
-0.022613525390625 -0.0852890014648438 0.252609252929688 0.164520263671875
0.00702476501464844 -0.0264663696289063 0.169265747070313 -0.114044189453125
-0.00761795043945313 0.03033447265625 -0.181060791015625 0.0638427734375
0.0211067199707031 0.0486488342285156 -0.225433349609375 -0.211868286132812
0.06097412109375 0.0408973693847656 -0.05194091796875 -0.51837158203125
0.0595893859863281 0.0188255310058594 0.36749267578125 -0.56463623046875
0.0106620788574219 -0.0220241546630859 0.7694091796875 -0.06219482421875
-0.0405197143554688 -0.0804214477539062 0.59075927734375 0.58477783203125
-0.0117874145507813 -0.0219001770019531 0.0321044921875 0.63592529296875
0.00509786605834961 0.00507211685180664 0.0756607055664063 -0.00586700439453125
-0.00952911376953124 -0.0538444519042969 0.00677490234375006 -0.6890869140625
-0.0262908935546875 -0.0815658569335938 -0.67144775390625 -0.55316162109375
-0.00744819641113282 -0.0343303680419922 -0.7353515625 0.26885986328125
0.0471611022949219 0.0218315124511719 -0.17095947265625 0.60162353515625
0.052978515625 0.0530166625976563 0.1807861328125 0.468780517578125
0.0132217407226563 0.0472259521484375 0.274322509765625 0.153915405273438
-0.00313186645507812 0.0473976135253906 0.17156982421875 -0.114349365234375
-0.0116844177246094 0.0219497680664063 -0.180892944335938 0.055572509765625
0.0105819702148437 0.04180908203125 -0.222518920898437 -0.229660034179688
0.0560226440429687 0.0443572998046875 -0.033294677734375 -0.514251708984375
0.0619697570800781 0.0251350402832031 0.397918701171875 -0.517578125
0.0150489807128906 -0.0208740234375 0.77783203125 0.0244140625
-0.0374984741210937 -0.0796737670898438 0.5595703125 0.65576171875
-0.00731849670410156 -0.0236244201660156 0.0122680664062499 0.6463623046875
0.0102176666259766 -0.00157642364501953 0.0935897827148438 -0.0193710327148438
-0.0139579772949219 -0.0516471862792969 -0.0209960937500001 -0.67352294921875
-0.0356903076171875 -0.073211669921875 -0.687744140625 -0.47332763671875
-0.012176513671875 -0.0304450988769531 -0.69244384765625 0.345703125
0.0429573059082031 0.0118255615234375 -0.126220703125 0.62860107421875
0.0531005859375 0.0353584289550781 0.195892333984375 0.466522216796875
0.0140228271484375 0.0395736694335938 0.27239990234375 0.142578125
-0.00487899780273437 0.0428848266601562 0.168426513671875 -0.118362426757813
-0.0138320922851562 0.0120162963867188 -0.174407958984375 0.04571533203125
-8.20159912109396E-05 0.024993896484375 -0.215713500976562 -0.251983642578125
0.0432891845703125 0.0340690612792969 -0.032257080078125 -0.5205078125
0.0582084655761719 0.0252838134765625 0.414337158203125 -0.48419189453125
0.0181007385253906 -0.0107440948486328 0.78277587890625 0.08990478515625
-0.033660888671875 -0.0746231079101563 0.53704833984375 0.710693359375
-0.00238609313964844 -0.0284233093261719 -0.000854492187499941 0.65545654296875
0.0174980163574219 -0.00858306884765625 0.107093811035156 -0.0276336669921875
-0.0166740417480469 -0.0507087707519531 -0.03887939453125 -0.6649169921875
-0.0359954833984375 -0.0590934753417969 -0.6929931640625 -0.4173583984375
-0.0103530883789063 -0.0196018218994141 -0.65667724609375 0.39923095703125
0.0362472534179688 0.00516891479492188 -0.0924682617187499 0.6485595703125
0.0434989929199219 0.018280029296875 0.203277587890625 0.47076416015625
0.00900459289550781 0.0219135284423828 0.270233154296875 0.137420654296875
-0.00488471984863281 0.0314655303955078 0.16680908203125 -0.121826171875
-0.00976943969726563 -0.00218772888183594 -0.1693115234375 0.0402374267578125
-0.00212717056274414 -0.000183224678039551 -0.216583251953125 -0.269195556640625
0.0341396331787109 0.00917434692382813 -0.0325927734375 -0.526153564453125
0.0482864379882812 0.0210914611816406 0.418701171875 -0.464508056640625
0.0146303176879883 0.00204086303710938 0.781982421875 0.12750244140625
-0.034820556640625 -0.0582389831542969 0.52447509765625 0.74713134765625
0.00635147094726562 -0.0265178680419922 -0.00476074218750001 0.6607666015625
0.0320320129394531 -0.019500732421875 0.119453430175781 -0.0333328247070313
-0.0128860473632813 -0.0474395751953125 -0.0484008789062501 -0.66033935546875
-0.0339584350585938 -0.0402565002441406 -0.6903076171875 -0.386474609375
-0.00644922256469727 -0.00481653213500976 -0.63250732421875 0.430419921875
0.0278739929199219 0.00498390197753906 -0.0701904296875 0.6632080078125
0.0294971466064453 -0.00174331665039063 0.208953857421875 0.473785400390625
0.000165730714797974 0.000337779521942139 0.269424438476563 0.13690185546875
-0.00443935394287109 0.0161514282226563 0.165573120117188 -0.121047973632813
-0.00944232940673828 -0.0117521286010742 -0.168228149414063 0.04083251953125
0.00118064880371094 -0.0315341949462891 -0.218414306640625 -0.27349853515625
0.0198802947998047 -0.0212173461914063 -0.042327880859375 -0.5252685546875
0.0373878479003906 0.0130233764648437 0.412200927734375 -0.461578369140625
0.0104942321777344 0.0181121826171875 0.78265380859375 0.1297607421875
-0.0391044616699219 -0.0388259887695312 0.5284423828125 0.74658203125
0.012054443359375 -0.0264244079589844 0.00341796874999994 0.6612548828125
0.0459327697753906 -0.029327392578125 0.123405456542969 -0.0346755981445312
-0.0068817138671875 -0.0454978942871094 -0.04241943359375 -0.6640625
-0.0262260437011719 -0.0193729400634766 -0.68603515625 -0.3873291015625
-2.38418579101574E-05 0.011958122253418 -0.6268310546875 0.43109130859375
0.0214023590087891 0.00863838195800781 -0.07122802734375 0.66680908203125
0.0117168426513672 -0.0187149047851563 0.206390380859375 0.481170654296875
-0.0118522644042969 -0.022979736328125 0.26849365234375 0.137863159179688
-0.00514459609985352 0.00315093994140625 0.1666259765625 -0.119125366210938
-0.00190162658691406 -0.0206375122070312 -0.166229248046875 0.042236328125
0.0012969970703125 -0.0626564025878906 -0.2283935546875 -0.269622802734375
0.00654983520507812 -0.0498504638671875 -0.05877685546875 -0.519561767578125
0.0241565704345703 0.00463294982910156 0.39501953125 -0.478302001953125
0.00458908081054688 0.0329704284667969 0.7861328125 0.09136962890625
-0.0435562133789063 -0.01513671875 0.55438232421875 0.71844482421875
0.0201530456542969 -0.0239391326904297 0.01934814453125 0.65545654296875
0.0620956420898438 -0.0394935607910156 0.119194030761719 -0.0293807983398438
0.000644683837890625 -0.0444107055664063 -0.02899169921875 -0.6693115234375
-0.0185737609863281 -0.00212669372558594 -0.67474365234375 -0.418701171875
0.00582313537597656 0.02880859375 -0.64752197265625 0.404296875
0.0125961303710938 0.0126047134399414 -0.0938720703125001 0.66650390625
-0.00610542297363282 -0.0335636138916016 0.191009521484375 0.4879150390625
-0.0215187072753906 -0.0474319458007813 0.264144897460938 0.143905639648438
-0.00277614593505859 -0.0108966827392578 0.167755126953125 -0.1197509765625
0.00541496276855468 -0.0264682769775391 -0.166030883789062 0.048492431640625
-0.00302124023437499 -0.0829391479492188 -0.2403564453125 -0.255203247070313
-0.008331298828125 -0.070831298828125 -0.082061767578125 -0.514617919921875
0.0109148025512695 -0.000931739807128906 0.36920166015625 -0.511199951171875
0.004486083984375 0.0466194152832031 0.7901611328125 0.01788330078125
-0.0414085388183594 0.00625610351562499 0.5946044921875 0.659912109375
0.0245132446289063 -0.0216789245605469 0.0447998046875 0.64776611328125
0.0757827758789063 -0.0479583740234375 0.109474182128906 -0.0169754028320313
0.009368896484375 -0.0435943603515625 -0.000183105468749926 -0.677001953125
-0.0132713317871094 0.013249397277832 -0.65460205078125 -0.47381591796875
0.00811004638671875 0.0440597534179688 -0.6826171875 0.35089111328125
0.00452423095703125 0.0170230865478516 -0.1387939453125 0.65350341796875
-0.018035888671875 -0.0497283935546875 0.16717529296875 0.495941162109375
-0.0253562927246094 -0.0681190490722656 0.257659912109375 0.153900146484375
0.00162124633789062 -0.0226879119873047 0.169082641601563 -0.1187744140625
0.00692939758300782 -0.0286865234375 -0.16845703125 0.058563232421875
-0.0109329223632813 -0.0967254638671875 -0.249923706054687 -0.236434936523438
-0.0266799926757812 -0.07757568359375 -0.1063232421875 -0.508697509765625
0.00333929061889648 0.00430011749267578 0.3345947265625 -0.5535888671875
0.0118904113769531 0.0590171813964844 0.78082275390625 -0.07415771484375
-0.0360908508300781 0.0216751098632813 0.63165283203125 0.57891845703125
0.0273284912109375 -0.0173587799072266 0.072998046875 0.63494873046875
0.0831069946289063 -0.0494537353515625 0.091766357421875 -0.000251770019531253
0.0183677673339844 -0.0433769226074219 0.03424072265625 -0.6871337890625
-0.0103092193603516 0.0224494934082031 -0.62799072265625 -0.55377197265625
0.00571823120117188 0.056060791015625 -0.7264404296875 0.270263671875
-0.00351524353027344 0.0182743072509766 -0.1932373046875 0.6285400390625
-0.0238533020019531 -0.0635147094726563 0.137054443359375 0.4989013671875
-0.022369384765625 -0.084503173828125 0.255126953125 0.16363525390625
0.00852584838867188 -0.0255985260009766 0.169815063476563 -0.114151000976562
-0.00715065002441407 0.0327396392822266 -0.180160522460938 0.064422607421875
0.0198097229003906 0.0490150451660156 -0.226699829101563 -0.2109375
0.0620346069335938 0.0416984558105469 -0.05682373046875 -0.518096923828125
0.0599708557128906 0.0184783935546875 0.3638916015625 -0.569091796875
0.0101852416992187 -0.0235862731933594 0.76953125 -0.0660400390625
-0.0412521362304688 -0.07952880859375 0.593017578125 0.58349609375
-0.0113754272460938 -0.0215320587158203 0.0362548828125 0.63677978515625
0.00619697570800781 0.00386190414428711 0.0761566162109375 -0.00592041015625
-0.0103034973144531 -0.0550537109375 0.00628662109375004 -0.69000244140625
-0.0288314819335937 -0.0815353393554688 -0.6719970703125 -0.54876708984375
-0.00774002075195312 -0.0355720520019531 -0.73431396484375 0.27349853515625
0.0472335815429688 0.0218391418457031 -0.17047119140625 0.60040283203125
0.0545387268066406 0.0515365600585938 0.185089111328125 0.469573974609375
0.0135841369628906 0.0491828918457031 0.278976440429687 0.153549194335938
-0.00369644165039063 0.0480804443359375 0.173309326171875 -0.115646362304688
-0.0102558135986328 0.0227279663085938 -0.179290771484375 0.0572967529296875
0.00806045532226563 0.0436553955078125 -0.2239990234375 -0.228683471679687
0.0545463562011719 0.0441780090332031 -0.038970947265625 -0.51409912109375
0.0616607666015625 0.0240478515625 0.396728515625 -0.5211181640625
0.0153064727783203 -0.0233078002929688 0.777099609375 0.0194091796875
-0.036529541015625 -0.0813217163085938 0.56121826171875 0.65277099609375
-0.00784683227539063 -0.0230865478515625 0.015380859375 0.6461181640625
0.00932025909423828 -0.0016326904296875 0.0945816040039062 -0.0195388793945313
-0.0143966674804688 -0.0524139404296875 -0.020751953125 -0.674560546875
-0.0358505249023437 -0.0722885131835938 -0.6884765625 -0.47174072265625
-0.0114860534667969 -0.0330219268798828 -0.68878173828125 0.34765625
0.0430870056152344 0.01141357421875 -0.12451171875 0.62652587890625
0.0545997619628906 0.0356864929199219 0.19598388671875 0.464385986328125
0.014678955078125 0.0393600463867188 0.276153564453125 0.14227294921875
-0.0049591064453125 0.0433883666992188 0.169601440429688 -0.119827270507813
-0.0136222839355469 0.0124654769897461 -0.173126220703125 0.0464019775390625
0.00014686584472656 0.0267333984375 -0.217620849609375 -0.252044677734375
0.0416221618652344 0.0348396301269531 -0.0370788574218751 -0.520111083984375
0.0569877624511719 0.0242042541503906 0.4117431640625 -0.485260009765625
0.017186164855957 -0.00953578948974609 0.7811279296875 0.08416748046875
-0.03472900390625 -0.0753097534179688 0.5377197265625 0.70928955078125
-0.001922607421875 -0.0267791748046875 0.00360107421874999 0.6549072265625
0.0178165435791016 -0.00783920288085938 0.108078002929688 -0.026275634765625
-0.0171241760253906 -0.0494384765625 -0.0415649414062499 -0.66424560546875
-0.0369300842285156 -0.0577049255371094 -0.6923828125 -0.413818359375
-0.0117359161376953 -0.0201244354248047 -0.65478515625 0.40289306640625
0.0372467041015625 0.00735092163085938 -0.0900268554687501 0.6495361328125
0.0434188842773438 0.0187339782714844 0.206207275390625 0.4715576171875
0.00979423522949219 0.0223445892333984 0.274490356445313 0.136810302734375
-0.0035858154296875 0.0302505493164063 0.166458129882813 -0.121200561523438
-0.0113029479980469 -0.000566482543945312 -0.16864013671875 0.0398712158203125
-0.00176382064819336 -3.5643577575684E-05 -0.21807861328125 -0.267715454101563
0.0326251983642578 0.0100688934326172 -0.0348205566406251 -0.525177001953125
0.0504798889160156 0.0207138061523438 0.415985107421875 -0.466583251953125
0.0140800476074219 0.00226688385009766 0.78076171875 0.12274169921875
-0.03668212890625 -0.0590896606445313 0.52783203125 0.74237060546875
0.00544166564941406 -0.0274448394775391 -0.00048828125000003 0.658447265625
0.0310649871826172 -0.0188102722167969 0.119583129882812 -0.03497314453125
-0.0140647888183594 -0.0472488403320313 -0.0484619140625 -0.66070556640625
-0.0337982177734375 -0.0395126342773438 -0.691162109375 -0.384033203125
-0.00667285919189453 -0.00610256195068359 -0.63055419921875 0.43212890625
0.0285263061523438 0.00551033020019531 -0.067138671875 0.6636962890625
0.0286521911621094 -0.00147247314453125 0.213165283203125 0.47515869140625
0.000922799110412598 0.00137555599212646 0.27197265625 0.135086059570313
-0.00447177886962891 0.0170116424560547 0.165298461914063 -0.122909545898438
-0.00993156433105469 -0.0117673873901367 -0.167434692382813 0.04132080078125
0.000259399414062499 -0.0305385589599609 -0.222122192382812 -0.273284912109375
0.0206375122070312 -0.0199699401855469 -0.0484619140625 -0.525360107421875
0.0380477905273438 0.01239013671875 0.40875244140625 -0.463287353515625
0.0102071762084961 0.017085075378418 0.7811279296875 0.12640380859375
-0.0405311584472656 -0.0388374328613281 0.5308837890625 0.74700927734375
0.012237548828125 -0.0268936157226563 0.00427246093749997 0.6605224609375
0.0470504760742188 -0.03021240234375 0.123405456542969 -0.0350341796875
-0.00834274291992188 -0.0455894470214844 -0.042724609375 -0.6622314453125
-0.0264339447021484 -0.0200214385986328 -0.6866455078125 -0.38629150390625
0.00124645233154297 0.0112075805664062 -0.62469482421875 0.43212890625
0.0203495025634766 0.00811004638671875 -0.0689697265625001 0.666748046875
0.00931644439697266 -0.0173912048339844 0.209625244140625 0.479034423828125
-0.0112113952636719 -0.0236644744873047 0.271484375 0.136215209960938
-0.00489425659179688 0.00223016738891602 0.168380737304688 -0.120773315429687
-0.00223159790039062 -0.0208587646484375 -0.166244506835938 0.0430755615234375
0.0002593994140625 -0.0598258972167969 -0.230010986328125 -0.269515991210938
0.0066986083984375 -0.0489616394042969 -0.066131591796875 -0.5201416015625
0.0246124267578125 0.00386238098144531 0.392425537109375 -0.480072021484375
0.00553512573242188 0.0319328308105469 0.78472900390625 0.08734130859375
-0.0436210632324219 -0.015869140625 0.5582275390625 0.71417236328125
0.0211658477783203 -0.0254249572753906 0.0220336914062501 0.6544189453125
0.0635032653808594 -0.0395927429199219 0.119102478027344 -0.0289306640625
0.00077438354492188 -0.0432319641113281 -0.02947998046875 -0.6697998046875
-0.0196056365966797 -0.00147819519042968 -0.6732177734375 -0.41595458984375
0.00723075866699219 0.0281162261962891 -0.64404296875 0.40692138671875
0.0123519897460937 0.0124530792236328 -0.091796875 0.665771484375
-0.00720024108886719 -0.0326824188232422 0.194427490234375 0.488555908203125
-0.0220222473144531 -0.047637939453125 0.266357421875 0.142929077148438
-0.00273418426513672 -0.0106382369995117 0.167938232421875 -0.1207275390625
0.00384140014648437 -0.0263175964355469 -0.166213989257813 0.04888916015625
-0.00411987304687501 -0.0837783813476563 -0.241043090820312 -0.2548828125
-0.00885772705078125 -0.0707931518554688 -0.0853271484375001 -0.5140380859375
0.0118045806884766 0.000966072082519531 0.367156982421875 -0.5115966796875
0.00547027587890625 0.0477981567382813 0.7884521484375 0.01312255859375
-0.0420112609863281 0.00558090209960937 0.59600830078125 0.65570068359375
0.0263347625732422 -0.0222644805908203 0.0472412109375 0.646240234375
0.0760269165039063 -0.0479965209960937 0.10821533203125 -0.0172195434570313
0.00883102416992188 -0.0440711975097656 -0.0028076171875 -0.67803955078125
-0.0133647918701172 0.0131387710571289 -0.65765380859375 -0.4727783203125
0.00897216796875 0.0449752807617188 -0.68194580078125 0.35125732421875
0.00561618804931641 0.0162019729614258 -0.1373291015625 0.655029296875
-0.0195388793945312 -0.0486106872558594 0.168914794921875 0.495574951171875
-0.0263137817382813 -0.0688858032226563 0.261886596679688 0.153213500976562
0.002777099609375 -0.0233230590820312 0.1693115234375 -0.121261596679688
0.00746726989746094 -0.0278301239013672 -0.169204711914063 0.0585479736328125
-0.0117950439453125 -0.0958786010742188 -0.2520751953125 -0.235336303710938
-0.0252456665039063 -0.0769119262695313 -0.108978271484375 -0.50689697265625
0.00286602973937988 0.00377249717712402 0.329376220703125 -0.55560302734375
0.0103225708007813 0.0579261779785156 0.7796630859375 -0.07861328125
-0.0356330871582031 0.0235862731933594 0.63470458984375 0.57427978515625
0.0298480987548828 -0.0171775817871094 0.0736083984375 0.6329345703125
0.08349609375 -0.0506134033203125 0.0912933349609375 -0.000938415527343753
0.0176239013671875 -0.042724609375 0.0325927734374999 -0.68756103515625
-0.0108051300048828 0.0221939086914063 -0.6314697265625 -0.552490234375
0.00568008422851563 0.056488037109375 -0.7249755859375 0.2733154296875
-0.00458335876464844 0.0184192657470703 -0.19256591796875 0.6297607421875
-0.0249214172363281 -0.0629539489746094 0.140960693359375 0.498321533203125
-0.0238723754882813 -0.085174560546875 0.2562255859375 0.16357421875
0.009735107421875 -0.0282821655273438 0.171188354492188 -0.116836547851563
-0.00616073608398438 0.0324172973632813 -0.180618286132813 0.066162109375
0.0212783813476563 0.0496368408203125 -0.229507446289063 -0.210540771484375
0.0617561340332031 0.0418777465820312 -0.060150146484375 -0.519317626953125
0.0598831176757812 0.0160636901855469 0.3590087890625 -0.57244873046875
0.00947952270507812 -0.0251522064208984 0.7684326171875 -0.07037353515625
-0.0435256958007812 -0.0815200805664063 0.59576416015625 0.57904052734375
-0.0106086730957031 -0.0214805603027344 0.0377807617187501 0.63519287109375
0.00435352325439453 0.00572538375854492 0.0748443603515625 -0.0060577392578125
-0.0111312866210937 -0.0526199340820313 0.00262451171875005 -0.69287109375
-0.0282363891601563 -0.0822677612304688 -0.6746826171875 -0.54754638671875
-0.0084228515625 -0.0361709594726563 -0.7333984375 0.27667236328125
0.0482940673828125 0.0207748413085938 -0.16705322265625 0.60357666015625
0.0537033081054687 0.0518569946289063 0.18804931640625 0.469329833984375
0.0140190124511719 0.0496063232421875 0.280075073242188 0.151138305664063
-0.00217056274414062 0.0485458374023437 0.172576904296875 -0.115066528320313
-0.0117111206054688 0.0222148895263672 -0.179779052734375 0.0578155517578125
0.00905990600585937 0.0448989868164063 -0.225509643554688 -0.227920532226563
0.0554924011230469 0.0446281433105469 -0.0419921875 -0.51470947265625
0.0632133483886719 0.0227394104003906 0.39373779296875 -0.52362060546875
0.0137042999267578 -0.0223541259765625 0.7767333984375 0.01458740234375
-0.0388717651367187 -0.081756591796875 0.56390380859375 0.649169921875
-0.00793075561523437 -0.0256404876708984 0.01544189453125 0.645263671875
0.00886058807373047 -0.00132846832275391 0.0935821533203125 -0.0185317993164063
-0.0152702331542969 -0.0529708862304688 -0.02276611328125 -0.67578125
-0.0366744995117188 -0.07257080078125 -0.688720703125 -0.4688720703125
-0.0123004913330078 -0.0325775146484375 -0.69110107421875 0.3511962890625
0.0438804626464844 0.0111656188964844 -0.1219482421875 0.62982177734375
0.0536766052246094 0.0368461608886719 0.202423095703125 0.46661376953125
0.0146369934082031 0.0399169921875 0.278289794921875 0.141159057617188
-0.00335311889648437 0.042144775390625 0.169464111328125 -0.120132446289062
-0.013697624206543 0.0123748779296875 -0.174102783203125 0.0469512939453125
-0.000875473022460936 0.0262870788574219 -0.219253540039063 -0.25115966796875
0.0426406860351563 0.0351791381835937 -0.040985107421875 -0.521240234375
0.058502197265625 0.0251045227050781 0.409698486328125 -0.4881591796875
0.0171346664428711 -0.0121498107910156 0.7816162109375 0.08270263671875
-0.0355453491210938 -0.0770111083984375 0.541259765625 0.70599365234375
-0.001922607421875 -0.0275173187255859 0.00500488281249994 0.65350341796875
0.0186500549316406 -0.00936126708984375 0.107696533203125 -0.0270309448242187
-0.0165061950683594 -0.0486297607421875 -0.04156494140625 -0.66534423828125
-0.0382156372070312 -0.0580101013183594 -0.694091796875 -0.411865234375
-0.0129108428955078 -0.0206642150878906 -0.65313720703125 0.40576171875
0.03619384765625 0.0047760009765625 -0.087890625 0.6502685546875
0.0441856384277344 0.018524169921875 0.211181640625 0.470306396484375
0.0106143951416016 0.0238208770751953 0.275558471679688 0.134323120117187
-0.00251960754394531 0.0297603607177734 0.165924072265625 -0.1217041015625
-0.0117149353027344 -0.000728607177734377 -0.168045043945313 0.0418853759765625
-0.00277948379516602 0.00120759010314941 -0.2220458984375 -0.266952514648438
0.0330753326416016 0.0101871490478516 -0.040863037109375 -0.525299072265625
0.0483741760253906 0.0193328857421875 0.4130859375 -0.470123291015625
0.0142736434936523 0.00131511688232422 0.78070068359375 0.119873046875
-0.0370864868164063 -0.0593223571777344 0.530029296875 0.73992919921875
0.0056610107421875 -0.0262928009033203 0.00122070312500005 0.65753173828125
0.0322341918945313 -0.0190391540527344 0.120353698730469 -0.0352096557617188
-0.0140419006347656 -0.0467910766601563 -0.049560546875 -0.66162109375
-0.0340995788574219 -0.038116455078125 -0.693603515625 -0.38189697265625
-0.00797700881958008 -0.00662469863891601 -0.628662109375 0.434326171875
0.0278053283691406 0.00567626953125 -0.0654296875 0.663818359375
0.0283260345458984 -0.00221061706542969 0.217315673828125 0.474639892578125
-0.000115275382995605 0.00158405303955078 0.274017333984375 0.13348388671875
-0.00220775604248047 0.0162467956542969 0.165740966796875 -0.122467041015625
-0.00817298889160156 -0.0116119384765625 -0.168075561523438 0.0414581298828125
0.000221252441406253 -0.0303974151611328 -0.225570678710938 -0.273086547851563
0.0192165374755859 -0.0200653076171875 -0.050384521484375 -0.525238037109375
0.0381622314453125 0.011016845703125 0.40667724609375 -0.464874267578125
0.00835418701171875 0.0152788162231445 0.7811279296875 0.12158203125
-0.0411453247070312 -0.0391616821289063 0.53277587890625 0.74273681640625
0.0134601593017578 -0.0263557434082031 0.00622558593749999 0.657958984375
0.0484771728515625 -0.0304183959960938 0.1231689453125 -0.0362472534179688
-0.00909805297851563 -0.0439834594726563 -0.04638671875 -0.6639404296875
-0.0268745422363281 -0.0202045440673828 -0.68646240234375 -0.3846435546875
0.000919342041015624 0.0109424591064453 -0.62353515625 0.4364013671875
0.0210723876953125 0.00795173645019531 -0.06317138671875 0.669921875
0.0107145309448242 -0.0172958374023438 0.212646484375 0.4805908203125
-0.0105304718017578 -0.0228900909423828 0.273056030273438 0.13580322265625
-0.00326251983642578 0.00217533111572266 0.168701171875 -0.1229248046875
-0.00197410583496094 -0.020965576171875 -0.166290283203125 0.042999267578125
0.000167846679687505 -0.0605888366699219 -0.233108520507812 -0.269012451171875
0.0054168701171875 -0.0499343872070313 -0.068603515625 -0.520965576171875
0.0238361358642578 0.00348091125488281 0.3892822265625 -0.481109619140625
0.00460624694824219 0.0306034088134766 0.7860107421875 0.08294677734375
-0.0440254211425781 -0.01605224609375 0.562255859375 0.71417236328125
0.0203876495361328 -0.0259857177734375 0.02484130859375 0.654296875
0.06353759765625 -0.0404586791992187 0.119636535644531 -0.02935791015625
0.000782012939453125 -0.0441513061523438 -0.0298461914062499 -0.671630859375
-0.0192222595214844 -0.001251220703125 -0.67608642578125 -0.41455078125
0.00626754760742187 0.0279254913330078 -0.64349365234375 0.4107666015625
0.0136842727661133 0.0129899978637695 -0.087646484375 0.668212890625
-0.00660896301269531 -0.0330066680908203 0.19720458984375 0.4879150390625
-0.0215988159179687 -0.0467414855957031 0.269851684570313 0.142730712890625
-0.00195693969726563 -0.0130729675292969 0.167892456054687 -0.122467041015625
0.00457763671875 -0.0262126922607422 -0.16607666015625 0.0492401123046875
-0.00490570068359376 -0.082672119140625 -0.245651245117187 -0.252899169921875
-0.0102615356445313 -0.071075439453125 -0.0894775390625 -0.5140380859375
0.0110054016113281 0.000329971313476563 0.363067626953125 -0.514617919921875
0.00461959838867187 0.0451545715332031 0.78790283203125 0.010009765625
-0.0432395935058594 0.00545120239257812 0.59893798828125 0.65301513671875
0.02545166015625 -0.0230998992919922 0.0490112304687499 0.645751953125
0.0758819580078125 -0.0466156005859375 0.10760498046875 -0.0178070068359375
0.00908279418945313 -0.0428657531738281 -0.00427246093750001 -0.6783447265625
-0.0137729644775391 0.0133132934570312 -0.66009521484375 -0.47113037109375
0.00907135009765625 0.0433921813964844 -0.6800537109375 0.35504150390625
0.00482463836669922 0.0157279968261719 -0.13232421875 0.65570068359375
-0.019500732421875 -0.0494270324707031 0.17236328125 0.49578857421875
-0.0257606506347656 -0.0681533813476563 0.2640380859375 0.152603149414063
0.00356483459472657 -0.0246753692626953 0.168914794921875 -0.120956420898438
0.00740623474121094 -0.0295372009277344 -0.1668701171875 0.0592803955078125
-0.01220703125 -0.095703125 -0.254241943359375 -0.234161376953125
-0.0274505615234375 -0.0771408081054688 -0.115509033203125 -0.50677490234375
0.00322937965393066 0.00283670425415039 0.32586669921875 -0.558746337890625
0.0104598999023438 0.0576591491699219 0.77752685546875 -0.085693359375
-0.03759765625 0.0227088928222656 0.6356201171875 0.57159423828125
0.0288124084472656 -0.0186176300048828 0.07696533203125 0.63201904296875
0.0843353271484375 -0.0512619018554688 0.0910873413085937 0.000144958496093747
0.0174713134765625 -0.0429725646972656 0.0293579101562499 -0.68841552734375
-0.0112171173095703 0.0231590270996094 -0.6328125 -0.55120849609375
0.00605010986328126 0.0555839538574219 -0.72540283203125 0.2774658203125
-0.00355339050292969 0.0181655883789063 -0.18963623046875 0.63238525390625
-0.0268936157226562 -0.0635147094726563 0.143341064453125 0.498992919921875
-0.0236434936523437 -0.08612060546875 0.259475708007813 0.16107177734375
0.00918769836425781 -0.0267696380615234 0.1712646484375 -0.117889404296875
-0.00645065307617187 0.0332565307617188 -0.1806640625 0.0675811767578125
0.0208816528320313 0.0507392883300781 -0.2314453125 -0.20989990234375
0.0628089904785156 0.0425758361816406 -0.062408447265625 -0.51947021484375
0.0601654052734375 0.0170516967773438 0.35687255859375 -0.57562255859375
0.0077056884765625 -0.0264091491699219 0.766357421875 -0.0745849609375
-0.0454788208007812 -0.0799713134765625 0.59759521484375 0.57855224609375
-0.0116405487060547 -0.0206336975097656 0.0408935546875 0.63519287109375
0.00498008728027344 0.00615453720092773 0.0754623413085938 -0.00449371337890625
-0.0110588073730469 -0.0522079467773438 0.00238037109375002 -0.69183349609375
-0.0299530029296875 -0.0820846557617188 -0.67706298828125 -0.545654296875
-0.009429931640625 -0.0371894836425781 -0.73370361328125 0.2796630859375
0.0474853515625 0.0197181701660156 -0.1640625 0.605712890625
0.0549812316894531 0.0533332824707031 0.191497802734375 0.46942138671875
0.0138778686523437 0.0513076782226563 0.283172607421875 0.150665283203125
-0.000186920166015623 0.0483474731445313 0.173309326171875 -0.118820190429688
-0.0111770629882813 0.0239429473876953 -0.180862426757813 0.0579833984375
0.00890731811523438 0.0451011657714844 -0.228118896484375 -0.228103637695312
0.0539398193359375 0.0454139709472656 -0.04705810546875 -0.5166015625
0.0637435913085938 0.0216636657714844 0.391815185546875 -0.52801513671875
0.0139427185058594 -0.0249767303466797 0.77593994140625 0.01116943359375
-0.040252685546875 -0.081634521484375 0.5657958984375 0.64971923828125
-0.00820541381835938 -0.0243759155273438 0.0184326171875 0.64501953125
0.00982093811035156 -0.0007476806640625 0.094329833984375 -0.0185775756835938
-0.0160598754882813 -0.0517921447753906 -0.0233764648437501 -0.67626953125
-0.0376129150390625 -0.0724258422851563 -0.68988037109375 -0.46893310546875
-0.0133628845214844 -0.0333805084228516 -0.689453125 0.35308837890625
0.0442543029785156 0.0100898742675781 -0.11810302734375 0.63037109375
0.0552940368652344 0.0358810424804688 0.20654296875 0.46759033203125
0.0139923095703125 0.0411262512207031 0.281082153320313 0.140045166015625
-0.00340652465820313 0.0444908142089844 0.171234130859375 -0.121734619140625
-0.0116443634033203 0.012354850769043 -0.173858642578125 0.04827880859375
-0.000240325927734377 0.0284347534179688 -0.22235107421875 -0.251266479492188
0.0425338745117188 0.0343208312988281 -0.046173095703125 -0.522430419921875
0.0578384399414063 0.0242042541503906 0.4066162109375 -0.492340087890625
0.0146875381469727 -0.0126638412475586 0.783447265625 0.074462890625
-0.038299560546875 -0.0776443481445313 0.54449462890625 0.70574951171875
-0.00022315979003906 -0.0272312164306641 0.00646972656250004 0.6549072265625
0.0200347900390625 -0.00873947143554688 0.1080322265625 -0.02777099609375
-0.0180168151855469 -0.04803466796875 -0.04315185546875 -0.66741943359375
-0.0395393371582031 -0.0589256286621094 -0.69598388671875 -0.40985107421875
-0.0104789733886719 -0.0222358703613281 -0.650390625 0.41070556640625
0.036376953125 0.00370025634765625 -0.0816650390624999 0.65155029296875
0.0439453125 0.0178375244140625 0.213623046875 0.470123291015625
0.0109043121337891 0.024932861328125 0.277999877929688 0.132781982421875
-0.000577926635742185 0.0307216644287109 0.165756225585937 -0.124282836914063
-0.0103120803833008 0.000184059143066404 -0.168426513671875 0.043121337890625
-0.00275468826293945 0.00309062004089356 -0.22503662109375 -0.266159057617188
0.0320243835449219 0.0105686187744141 -0.043243408203125 -0.525177001953125
0.0476036071777344 0.0196456909179688 0.41015625 -0.471405029296875
0.0132074356079102 -0.000491142272949219 0.78216552734375 0.11322021484375
-0.0388870239257812 -0.0586776733398438 0.53411865234375 0.73895263671875
0.00586318969726562 -0.0282516479492188 0.00415039062500005 0.6580810546875
0.0314674377441406 -0.0186862945556641 0.120429992675781 -0.0349502563476563
-0.0138168334960938 -0.0473861694335938 -0.0526733398437501 -0.66351318359375
-0.0359039306640625 -0.037567138671875 -0.69305419921875 -0.37884521484375
-0.00711393356323242 -0.00623178482055664 -0.6275634765625 0.438232421875
0.0292243957519531 0.00302505493164062 -0.058349609375 0.6656494140625
0.0281505584716797 -0.00219154357910156 0.218536376953125 0.47564697265625
0.000990152359008789 0.001700758934021 0.27685546875 0.131805419921875
-0.000531196594238281 0.0157842636108398 0.166519165039063 -0.126419067382813
-0.00818443298339844 -0.0113372802734375 -0.169036865234375 0.04168701171875
-0.000331878662109375 -0.0298824310302734 -0.227386474609375 -0.273101806640625
0.0193328857421875 -0.0198764801025391 -0.0567626953125001 -0.525238037109375
0.0371780395507813 0.012054443359375 0.403350830078125 -0.4683837890625
0.00861644744873047 0.0150136947631836 0.78265380859375 0.11785888671875
-0.041290283203125 -0.0382575988769531 0.5379638671875 0.7435302734375
0.0137443542480469 -0.0274105072021484 0.01080322265625 0.6590576171875
0.0481300354003906 -0.0298423767089844 0.124092102050781 -0.0365219116210938
-0.00720977783203125 -0.0441246032714844 -0.04815673828125 -0.66497802734375
-0.0280017852783203 -0.0190391540527344 -0.68878173828125 -0.38330078125
1.81198120117189E-05 0.0101909637451172 -0.62005615234375 0.4407958984375
0.0205097198486328 0.00781059265136719 -0.05938720703125 0.6715087890625
0.00958442687988281 -0.0162649154663086 0.215423583984375 0.4813232421875
-0.0120620727539062 -0.0230045318603516 0.275283813476562 0.133956909179687
-0.00220060348510742 0.00118589401245117 0.168838500976563 -0.124221801757813
-0.000684738159179687 -0.0204925537109375 -0.167724609375 0.0447845458984375
-0.00081253051757813 -0.06060791015625 -0.237869262695313 -0.267059326171875
0.00495147705078125 -0.0500068664550781 -0.0735168457031249 -0.520782470703125
0.0234508514404297 0.00421333312988281 0.3883056640625 -0.484771728515625
0.00337982177734375 0.0308475494384766 0.78759765625 0.07745361328125
-0.0447616577148437 -0.0159950256347656 0.5634765625 0.710205078125
0.0215797424316406 -0.0251083374023437 0.02545166015625 0.6551513671875
0.0638198852539062 -0.0398826599121094 0.120414733886719 -0.03076171875
0.000484466552734379 -0.0436248779296875 -0.03118896484375 -0.672607421875
-0.019378662109375 -0.001434326171875 -0.67889404296875 -0.4132080078125
0.0066986083984375 0.0274562835693359 -0.6417236328125 0.41424560546875
0.013707160949707 0.0120916366577148 -0.0847167968749999 0.6700439453125
-0.00797462463378906 -0.0335292816162109 0.20172119140625 0.489837646484375
-0.0215568542480469 -0.0470504760742188 0.271438598632813 0.140411376953125
-7.62939453125122E-06 -0.0126590728759766 0.168960571289063 -0.12347412109375
0.003570556640625 -0.0267925262451172 -0.165863037109375 0.0509033203125
-0.00474548339843751 -0.082763671875 -0.248382568359375 -0.253402709960938
-0.0118293762207031 -0.0700035095214844 -0.093994140625 -0.514495849609375
0.0102977752685547 0.00119209289550781 0.362823486328125 -0.51568603515625
0.00391387939453125 0.0460739135742188 0.7886962890625 0.0057373046875
-0.0438652038574219 0.00606918334960938 0.60284423828125 0.6500244140625
0.0278873443603516 -0.0228252410888672 0.0516357421875 0.6455078125
0.077728271484375 -0.0481491088867188 0.108642578125 -0.01763916015625
0.00991439819335938 -0.0421791076660156 -0.00531005859374995 -0.6802978515625
-0.012812614440918 0.0134353637695312 -0.66070556640625 -0.47100830078125
0.00901031494140625 0.0434951782226563 -0.6800537109375 0.361572265625
0.0052633285522461 0.014521598815918 -0.129150390625 0.658447265625
-0.0204238891601562 -0.0481719970703125 0.176727294921875 0.4976806640625
-0.0269889831542969 -0.0693588256835938 0.267257690429688 0.150894165039062
0.00393295288085937 -0.0245494842529297 0.170501708984375 -0.122146606445313
0.00806808471679688 -0.0295886993408203 -0.168411254882813 0.060089111328125
-0.0125808715820313 -0.0958175659179687 -0.256912231445313 -0.232635498046875
-0.028717041015625 -0.0763320922851562 -0.11749267578125 -0.506317138671875
0.00251436233520508 0.00367903709411621 0.32293701171875 -0.5606689453125
0.009307861328125 0.0562820434570312 0.77862548828125 -0.09014892578125
-0.0372390747070312 0.0240516662597656 0.6392822265625 0.5697021484375
0.0309085845947266 -0.0188827514648438 0.0775146484374999 0.63311767578125
0.0847854614257813 -0.050628662109375 0.0911026000976562 -0.000602722167968753
0.0178489685058594 -0.0434379577636719 0.0289916992187499 -0.6878662109375
-0.0103015899658203 0.0222625732421875 -0.6356201171875 -0.55224609375
0.00658035278320312 0.0566482543945312 -0.72283935546875 0.27911376953125
-0.00523948669433594 0.0169219970703125 -0.18695068359375 0.6357421875
-0.0267906188964844 -0.063262939453125 0.148406982421875 0.50146484375
-0.0261764526367188 -0.0851898193359375 0.262344360351563 0.160858154296875
0.0107498168945312 -0.0287284851074219 0.171905517578125 -0.11962890625
-0.00629425048828125 0.0330219268798828 -0.181671142578125 0.068450927734375
0.019683837890625 0.051025390625 -0.234878540039062 -0.209762573242188
0.0625839233398438 0.0430717468261719 -0.067962646484375 -0.5223388671875
0.0622177124023438 0.0165824890136719 0.353271484375 -0.57940673828125
0.0102329254150391 -0.0268630981445313 0.76898193359375 -0.08050537109375
-0.0458145141601563 -0.0813674926757812 0.60308837890625 0.57598876953125
-0.0116062164306641 -0.022613525390625 0.04119873046875 0.63677978515625
0.00588035583496094 0.00430059432983398 0.0753173828125 -0.00485992431640625
-0.0124702453613281 -0.0517845153808594 -0.000183105468750036 -0.6949462890625
-0.031768798828125 -0.0835189819335938 -0.6829833984375 -0.54534912109375
-0.00864410400390625 -0.0369300842285156 -0.73345947265625 0.28369140625
0.0489158630371094 0.0193328857421875 -0.16192626953125 0.6077880859375
0.0547256469726562 0.0530471801757813 0.19439697265625 0.47149658203125
0.0135154724121094 0.05108642578125 0.2861328125 0.1494140625
0.00146102905273437 0.0489501953125 0.174911499023438 -0.119674682617188
-0.0110263824462891 0.0238399505615234 -0.18048095703125 0.060150146484375
0.00806808471679688 0.0465164184570313 -0.231430053710937 -0.22845458984375
0.0549888610839844 0.0457344055175781 -0.050323486328125 -0.519195556640625
0.062774658203125 0.02203369140625 0.387115478515625 -0.53057861328125
0.0134639739990234 -0.0255718231201172 0.7808837890625 0.00567626953125
-0.0408172607421875 -0.0825576782226562 0.57012939453125 0.6478271484375
-0.00832176208496094 -0.025238037109375 0.02288818359375 0.64654541015625
0.0111751556396484 -0.000983238220214844 0.0940017700195312 -0.019256591796875
-0.0149879455566406 -0.0509185791015625 -0.02459716796875 -0.67962646484375
-0.0386428833007813 -0.072662353515625 -0.69378662109375 -0.46490478515625
-0.0132827758789063 -0.0335178375244141 -0.68896484375 0.35809326171875
0.0438613891601563 0.00871658325195313 -0.1153564453125 0.63348388671875
0.056060791015625 0.036041259765625 0.20794677734375 0.466796875
0.0137863159179688 0.0418128967285156 0.28472900390625 0.138275146484375
-0.00252914428710938 0.0436515808105469 0.170852661132813 -0.124496459960937
-0.0129852294921875 0.013275146484375 -0.175537109375 0.048431396484375
-0.000755310058593753 0.0294189453125 -0.225738525390625 -0.251617431640625
0.0438270568847656 0.0361328125 -0.04949951171875 -0.52484130859375
0.0587539672851563 0.0238456726074219 0.40484619140625 -0.494903564453125
0.0167427062988281 -0.0157375335693359 0.784912109375 0.0716552734375
-0.0380706787109375 -0.0763397216796875 0.54833984375 0.7044677734375
-0.00284767150878906 -0.0279159545898438 0.00854492187500002 0.65679931640625
0.0197429656982422 -0.0084228515625 0.110786437988281 -0.028961181640625
-0.0170173645019531 -0.0495796203613281 -0.0458374023437501 -0.66925048828125
-0.0402183532714844 -0.0591278076171875 -0.69671630859375 -0.41033935546875
-0.0128288269042969 -0.0213565826416016 -0.6517333984375 0.412353515625
0.0379524230957031 0.00455093383789062 -0.0794067382812501 0.6546630859375
0.0456619262695313 0.0176811218261719 0.21844482421875 0.473419189453125
0.0124568939208984 0.0249118804931641 0.281097412109375 0.132537841796875
-0.000406265258789061 0.0308856964111328 0.170074462890625 -0.125244140625
-0.0100116729736328 0.000311851501464844 -0.168792724609375 0.043792724609375
-0.00151205062866211 0.0023956298828125 -0.228622436523437 -0.267593383789062
0.0322990417480469 0.0104274749755859 -0.0499267578125 -0.528045654296875
0.0494880676269531 0.0190620422363281 0.4090576171875 -0.475494384765625
0.0119924545288086 -5.53131103515625E-05 0.78466796875 0.1102294921875
-0.0397224426269531 -0.0607566833496094 0.537841796875 0.73944091796875
0.00609588623046875 -0.0278892517089844 0.00677490234374999 0.6590576171875
0.0320873260498047 -0.0181884765625 0.121391296386719 -0.03582763671875
-0.0144424438476562 -0.0461692810058594 -0.05169677734375 -0.66522216796875
-0.0357513427734375 -0.0386962890625 -0.6964111328125 -0.3778076171875
-0.00732517242431641 -0.00893402099609375 -0.62677001953125 0.443115234375
0.0290870666503906 0.00170707702636719 -0.056396484375 0.6695556640625
0.0292549133300781 -0.00150108337402344 0.224456787109375 0.477142333984375
0.000585079193115234 0.00169670581817627 0.280380249023438 0.131088256835938
-0.00061798095703125 0.0152196884155273 0.168441772460937 -0.12725830078125
-0.00796318054199219 -0.0116424560546875 -0.169326782226563 0.0437164306640625
-0.000837326049804689 -0.0297050476074219 -0.230880737304687 -0.273468017578125
0.0177135467529297 -0.0190696716308594 -0.058929443359375 -0.527099609375
0.0365142822265625 0.0110931396484375 0.40252685546875 -0.472320556640625
0.00794219970703125 0.01434326171875 0.7841796875 0.113037109375
-0.0427627563476563 -0.0381546020507813 0.53985595703125 0.7408447265625
0.0141391754150391 -0.0260753631591797 0.0115966796875 0.66094970703125
0.048248291015625 -0.030487060546875 0.12518310546875 -0.0369720458984375
-0.00717544555664063 -0.0443611145019531 -0.0488891601562501 -0.66802978515625
-0.0286178588867188 -0.0191249847412109 -0.6927490234375 -0.38043212890625
-4.9591064453125E-05 0.00933551788330078 -0.620361328125 0.44378662109375
0.0210056304931641 0.00536155700683594 -0.0557250976562499 0.67333984375
0.00901317596435547 -0.0169925689697266 0.2220458984375 0.482391357421875
-0.0118598937988281 -0.0229549407958984 0.279052734375 0.133712768554688
-0.00271224975585937 0.000345706939697266 0.168411254882813 -0.12603759765625
-0.00135612487792969 -0.0197792053222656 -0.167190551757813 0.0454254150390625
0.000179290771484369 -0.0601158142089844 -0.240936279296875 -0.267242431640625
0.00397872924804688 -0.050201416015625 -0.076690673828125 -0.5208740234375
0.0238971710205078 0.00302314758300781 0.384124755859375 -0.489593505859375
0.002960205078125 0.0306835174560547 0.78851318359375 0.07220458984375
-0.0462608337402344 -0.0154800415039062 0.57012939453125 0.71087646484375
0.0210819244384766 -0.0257472991943359 0.0284423828125 0.655029296875
0.0634078979492188 -0.0405082702636719 0.120208740234375 -0.030975341796875
0.000476837158203122 -0.0424995422363281 -0.0347900390625 -0.67352294921875
-0.0197639465332031 -0.00178718566894531 -0.68243408203125 -0.41259765625
0.00658416748046875 0.0286865234375 -0.64105224609375 0.41619873046875
0.0124959945678711 0.0122509002685547 -0.08026123046875 0.6717529296875
-0.00796127319335938 -0.0326805114746094 0.20721435546875 0.491058349609375
-0.0229606628417969 -0.0479202270507813 0.275741577148438 0.13970947265625
-0.000695228576660157 -0.0136260986328125 0.170089721679688 -0.125244140625
0.0058746337890625 -0.0267505645751953 -0.167312622070313 0.0511322021484375
-0.00705718994140625 -0.0827713012695313 -0.252349853515625 -0.253265380859375
-0.0122337341308594 -0.0692558288574219 -0.099212646484375 -0.51483154296875
0.0113735198974609 -0.00017547607421875 0.35760498046875 -0.52008056640625
0.00322341918945313 0.0459136962890625 0.791015625 0.00128173828125
-0.0440902709960938 0.00599288940429687 0.605712890625 0.64959716796875
0.0265769958496094 -0.0234184265136719 0.05389404296875 0.644775390625
0.077392578125 -0.0493621826171875 0.109733581542969 -0.0181655883789063
0.00958251953125 -0.0428428649902344 -0.00622558593749995 -0.68255615234375
-0.0133447647094727 0.0136499404907227 -0.6646728515625 -0.46868896484375
0.00931167602539063 0.04443359375 -0.6787109375 0.36358642578125
0.00499534606933594 0.0163211822509766 -0.127685546875 0.66229248046875
-0.0209617614746094 -0.0485496520996094 0.182861328125 0.498443603515625
-0.0274085998535156 -0.0690879821777344 0.271148681640625 0.148818969726563
0.00383567810058594 -0.0258541107177734 0.169479370117188 -0.126007080078125
0.00876998901367187 -0.0289630889892578 -0.168701171875 0.0615386962890625
-0.0154495239257812 -0.0956497192382813 -0.260772705078125 -0.234161376953125
-0.0293807983398438 -0.0762100219726563 -0.122711181640625 -0.50799560546875
0.00201678276062012 0.00368523597717285 0.31982421875 -0.565185546875
0.00885772705078125 0.0567893981933594 0.7794189453125 -0.09381103515625
-0.0368766784667969 0.0227394104003906 0.64361572265625 0.5682373046875
0.0323429107666016 -0.0192527770996094 0.07958984375 0.6339111328125
0.0860366821289062 -0.0533065795898437 0.092315673828125 -0.00112152099609375
0.0175514221191406 -0.0415802001953125 0.0267333984375 -0.693115234375
-0.00958442687988281 0.0237865447998047 -0.640625 -0.549560546875
0.0073394775390625 0.0562820434570313 -0.72430419921875 0.28424072265625
-0.00383758544921875 0.0170965194702148 -0.183837890625 0.63787841796875
-0.0283775329589844 -0.0632362365722656 0.15142822265625 0.501617431640625
-0.0245208740234375 -0.0867919921875 0.266265869140625 0.159820556640625
0.0103225708007813 -0.0313835144042969 0.172012329101563 -0.120742797851563
-0.00613212585449219 0.0339736938476563 -0.181243896484375 0.0701904296875
0.0210227966308594 0.0515861511230469 -0.237060546875 -0.208221435546875
0.0616455078125 0.0440711975097656 -0.073883056640625 -0.52264404296875
0.0615806579589844 0.0158958435058594 0.35198974609375 -0.585693359375
0.00678825378417968 -0.0295524597167969 0.771484375 -0.09002685546875
-0.0476226806640625 -0.0822525024414063 0.60540771484375 0.5733642578125
-0.0108203887939453 -0.0211334228515625 0.04608154296875 0.63818359375
0.00558948516845703 0.0045323371887207 0.0765457153320312 -0.00632476806640625
-0.0118751525878906 -0.0520668029785156 -0.00238037109375008 -0.69659423828125
-0.0327835083007813 -0.0835418701171875 -0.68536376953125 -0.54345703125
-0.00959396362304688 -0.0374870300292969 -0.7342529296875 0.2896728515625
0.049468994140625 0.0170326232910156 -0.15777587890625 0.61236572265625
0.0566368103027344 0.0533065795898438 0.2017822265625 0.472076416015625
0.0155525207519531 0.0512275695800781 0.290313720703125 0.1485595703125
0.00157928466796875 0.0503997802734375 0.1756591796875 -0.122024536132812
-0.0111923217773437 0.0232582092285156 -0.179733276367188 0.0599822998046875
0.01055908203125 0.0455322265625 -0.235748291015625 -0.225357055664062
0.0559425354003906 0.0463905334472656 -0.056640625 -0.519012451171875
0.06396484375 0.0204200744628906 0.3856201171875 -0.53448486328125
0.0131492614746094 -0.0269088745117188 0.78033447265625 -0.000671386718750002
-0.0431976318359375 -0.0828170776367187 0.57415771484375 0.64532470703125
-0.00745582580566406 -0.0253257751464844 0.0255126953125 0.64825439453125
0.0109386444091797 -0.00192737579345703 0.095184326171875 -0.0189361572265625
-0.0170135498046875 -0.0508460998535156 -0.02801513671875 -0.68048095703125
-0.0403594970703125 -0.0729141235351563 -0.69818115234375 -0.4638671875
-0.0137596130371094 -0.0336189270019531 -0.6907958984375 0.36480712890625
0.0465812683105469 0.00658798217773438 -0.1129150390625 0.637939453125
0.0572700500488281 0.0365638732910156 0.213836669921875 0.466583251953125
0.0147476196289062 0.0410575866699219 0.286346435546875 0.13604736328125
-0.00054550170898437 0.045013427734375 0.1712646484375 -0.12451171875
-0.0123081207275391 0.0141534805297852 -0.175613403320313 0.0489654541015625
8.39233398437469E-05 0.0310649871826172 -0.23046875 -0.25006103515625
0.0436515808105469 0.0374221801757813 -0.0540771484375 -0.5244140625
0.0586585998535156 0.02398681640625 0.40008544921875 -0.500030517578125
0.0132055282592773 -0.016749382019043 0.7860107421875 0.0653076171875
-0.0410842895507813 -0.0766830444335937 0.55224609375 0.7042236328125
-0.00243759155273438 -0.0286445617675781 0.01300048828125 0.65533447265625
0.0190773010253906 -0.0091705322265625 0.110107421875 -0.0284194946289062
-0.0181198120117187 -0.0482292175292969 -0.04736328125 -0.6728515625
-0.0415611267089844 -0.0582962036132813 -0.7037353515625 -0.4061279296875
-0.0137405395507812 -0.0231437683105469 -0.64837646484375 0.417236328125
0.0376434326171875 0.00199508666992187 -0.07672119140625 0.65814208984375
0.0456466674804688 0.0171623229980469 0.22442626953125 0.472869873046875
0.0126724243164063 0.0244655609130859 0.285614013671875 0.1309814453125
9.91821289062497E-05 0.0305442810058594 0.170059204101563 -0.128677368164063
-0.00998783111572265 0.000435829162597654 -0.169509887695313 0.0438690185546875
-0.00360012054443359 0.00276398658752441 -0.230667114257812 -0.2655029296875
0.0312786102294922 0.0107669830322266 -0.053192138671875 -0.528564453125
0.0502433776855469 0.0186424255371094 0.4063720703125 -0.4805908203125
0.0114784240722656 -0.00162506103515625 0.78607177734375 0.10247802734375
-0.0416717529296875 -0.060089111328125 0.54241943359375 0.73614501953125
0.00635337829589844 -0.0281085968017578 0.0104370117187501 0.6607666015625
0.0331058502197266 -0.0195674896240234 0.1214599609375 -0.03704833984375
-0.0160293579101562 -0.0451011657714844 -0.0538330078125 -0.66796875
-0.0370597839355469 -0.0374832153320313 -0.7015380859375 -0.37567138671875
-0.00728368759155274 -0.00829267501831055 -0.62445068359375 0.44818115234375
0.0290756225585938 0.00136947631835938 -0.0513916015625001 0.6715087890625
0.0284709930419922 -0.00160980224609375 0.230682373046875 0.478973388671875
0.000709891319274903 0.00165462493896484 0.2840576171875 0.13018798828125
9.82284545898426E-05 0.0145444869995117 0.170578002929688 -0.129852294921875
-0.00786209106445313 -0.010655403137207 -0.16925048828125 0.0438995361328125
-0.00156211853027344 -0.0273017883300781 -0.23590087890625 -0.272659301757813
0.0178604125976563 -0.0188140869140625 -0.06494140625 -0.529510498046875
0.0374259948730469 0.010406494140625 0.399749755859375 -0.475830078125
0.00762462615966797 0.013427734375 0.7872314453125 0.10809326171875
-0.0448532104492187 -0.0380668640136719 0.54669189453125 0.74053955078125
0.0142326354980469 -0.0280017852783203 0.01568603515625 0.6602783203125
0.0471611022949219 -0.030731201171875 0.125587463378906 -0.0371627807617187
-0.00896072387695313 -0.0451431274414063 -0.05145263671875 -0.669921875
-0.0280666351318359 -0.0201625823974609 -0.696044921875 -0.37939453125
-0.00106048583984375 0.00993824005126953 -0.6190185546875 0.4483642578125
0.0215854644775391 0.00522613525390625 -0.05169677734375 0.675048828125
0.00938892364501953 -0.0160923004150391 0.2255859375 0.482391357421875
-0.0120010375976562 -0.0230731964111328 0.2816162109375 0.13128662109375
-0.000393986701965332 -5.41806221008301E-05 0.169097900390625 -0.127349853515625
-0.000858306884765623 -0.0200176239013672 -0.168167114257813 0.046478271484375
-0.000659942626953127 -0.0593948364257812 -0.2445068359375 -0.267440795898438
0.00439071655273438 -0.0479049682617188 -0.081451416015625 -0.52276611328125
0.0222969055175781 0.00309562683105469 0.3828125 -0.49237060546875
0.00293159484863281 0.0300388336181641 0.79290771484375 0.06866455078125
-0.0459175109863281 -0.0146751403808594 0.572265625 0.70703125
0.0216312408447266 -0.02685546875 0.03143310546875 0.655517578125
0.0638275146484375 -0.0416297912597656 0.121322631835937 -0.0317001342773437
0.000270843505859371 -0.0428504943847656 -0.0360107421875 -0.67791748046875
-0.0191898345947266 -0.00023651123046875 -0.68505859375 -0.41058349609375
0.00705528259277343 0.0264968872070312 -0.64044189453125 0.42230224609375
0.013157844543457 0.0105419158935547 -0.0761108398437501 0.67425537109375
-0.00834846496582031 -0.0323581695556641 0.2117919921875 0.491058349609375
-0.0239334106445313 -0.0478248596191406 0.278900146484375 0.138870239257813
0.000415802001953124 -0.0145835876464844 0.170578002929687 -0.126220703125
0.00681304931640625 -0.0273513793945313 -0.167739868164063 0.0525054931640625
-0.0056304931640625 -0.0836257934570313 -0.254425048828125 -0.252105712890625
-0.0113945007324219 -0.0699691772460938 -0.104522705078125 -0.5152587890625
0.00962543487548828 -0.000894546508789063 0.355987548828125 -0.52545166015625
0.00362396240234375 0.04388427734375 0.7926025390625 -0.00537109375
-0.044891357421875 0.00726318359374999 0.61053466796875 0.64697265625
0.0265216827392578 -0.0235671997070312 0.05694580078125 0.64569091796875
0.0772171020507812 -0.0503921508789063 0.109573364257812 -0.019744873046875
0.00941848754882812 -0.0409927368164063 -0.0117797851562501 -0.6844482421875
-0.0148477554321289 0.0134763717651367 -0.66815185546875 -0.466552734375
0.00869369506835938 0.0442123413085938 -0.6781005859375 0.3699951171875
0.00476837158203125 0.0144720077514648 -0.123046875 0.664794921875
-0.0222663879394531 -0.0492630004882813 0.18560791015625 0.499969482421875
-0.0290412902832031 -0.0692863464355469 0.274246215820313 0.148849487304688
0.00501060485839844 -0.0259933471679688 0.170944213867188 -0.125762939453125
0.00808143615722656 -0.0293445587158203 -0.169479370117188 0.06304931640625
-0.01416015625 -0.09698486328125 -0.263717651367188 -0.2322998046875
-0.0300521850585938 -0.0755844116210938 -0.128753662109375 -0.50897216796875
0.000242471694946289 0.00407242774963379 0.31707763671875 -0.5667724609375
0.0101547241210937 0.0559539794921875 0.7811279296875 -0.100830078125
-0.0373344421386719 0.0240325927734375 0.6466064453125 0.56463623046875
0.0304775238037109 -0.0205497741699219 0.083740234375 0.634765625
0.0856704711914063 -0.0514068603515625 0.093048095703125 -0.00186920166015625
0.0183677673339844 -0.0405921936035156 0.025390625 -0.6954345703125
-0.00953865051269531 0.0233268737792969 -0.64459228515625 -0.5496826171875
0.00611114501953125 0.0572013854980469 -0.72308349609375 0.289794921875
-0.00589370727539063 0.0169687271118164 -0.1800537109375 0.64093017578125
-0.0294609069824219 -0.0627937316894531 0.15728759765625 0.501220703125
-0.0264892578125 -0.0878448486328125 0.268966674804688 0.15966796875
0.0115184783935547 -0.0315513610839844 0.174819946289063 -0.123672485351563
-0.00517082214355469 0.0350685119628906 -0.18121337890625 0.0729522705078125
0.0208320617675781 0.0537910461425781 -0.241775512695312 -0.207412719726562
0.0642967224121094 0.0444259643554688 -0.078460693359375 -0.52471923828125
0.0624809265136719 0.0140304565429688 0.34771728515625 -0.589111328125
0.00691604614257812 -0.0289936065673828 0.77093505859375 -0.09375
-0.0497360229492188 -0.0806503295898438 0.6119384765625 0.572021484375
-0.0117397308349609 -0.0227413177490234 0.0484619140625 0.63909912109375
0.00623750686645508 0.00520563125610351 0.0773162841796875 -0.0052642822265625
-0.0134239196777344 -0.0527610778808594 -0.00421142578125005 -0.69921875
-0.0346755981445313 -0.083984375 -0.69110107421875 -0.5413818359375
-0.0099334716796875 -0.0373992919921875 -0.73486328125 0.29522705078125
0.0510444641113281 0.0163841247558594 -0.15447998046875 0.6141357421875
0.0575370788574219 0.0525970458984375 0.2047119140625 0.47222900390625
0.0150566101074219 0.05242919921875 0.293426513671875 0.14599609375
0.00226211547851563 0.0483932495117188 0.176544189453125 -0.123077392578125
-0.0112190246582031 0.0252532958984375 -0.181533813476563 0.062774658203125
0.00885772705078125 0.0473365783691406 -0.238632202148438 -0.225494384765625
0.0552787780761719 0.0476036071777344 -0.06134033203125 -0.520172119140625
0.0643806457519531 0.0202255249023437 0.38360595703125 -0.5419921875
0.0116615295410156 -0.02679443359375 0.7852783203125 -0.00726318359375
-0.0428695678710938 -0.0817718505859375 0.57940673828125 0.6441650390625
-0.0081787109375 -0.0255603790283203 0.0285644531250001 0.65130615234375
0.00970363616943359 -0.000958442687988281 0.0954818725585937 -0.019775390625
-0.0173263549804687 -0.0515251159667969 -0.03076171875 -0.68560791015625
-0.0425949096679688 -0.0726242065429688 -0.70263671875 -0.46258544921875
-0.0153026580810547 -0.0335979461669922 -0.68939208984375 0.36932373046875
0.0466346740722656 0.005828857421875 -0.106689453125 0.6414794921875
0.0562973022460937 0.0357933044433594 0.219024658203125 0.467529296875
0.0164260864257813 0.04217529296875 0.29156494140625 0.135528564453125
0.0012054443359375 0.0427284240722656 0.17193603515625 -0.128250122070313
-0.0142993927001953 0.0134725570678711 -0.176300048828125 0.05224609375
3.0517578125E-05 0.0332527160644531 -0.234664916992188 -0.2509765625
0.0449981689453125 0.0378036499023437 -0.060089111328125 -0.5267333984375
0.0594367980957031 0.0224075317382813 0.399444580078125 -0.504669189453125
0.0147361755371094 -0.0183296203613281 0.788330078125 0.05743408203125
-0.0422515869140625 -0.0764617919921875 0.5582275390625 0.70135498046875
-0.00341224670410157 -0.0285243988037109 0.01666259765625 0.65631103515625
0.0190563201904297 -0.00957298278808594 0.111984252929688 -0.0298004150390625
-0.0185432434082031 -0.0483360290527344 -0.05084228515625 -0.67425537109375
-0.0422592163085938 -0.0579490661621094 -0.70587158203125 -0.4031982421875
-0.0142803192138672 -0.0238285064697266 -0.65008544921875 0.42254638671875
0.0367279052734375 0.000659942626953125 -0.0697631835937499 0.66094970703125
0.0470733642578125 0.0182266235351563 0.228912353515625 0.47412109375
0.0116119384765625 0.0232734680175781 0.289215087890625 0.13055419921875
0.00138664245605469 0.029937744140625 0.169921875 -0.129714965820313
-0.0102081298828125 0.00133895874023438 -0.170867919921875 0.0458526611328125
-0.00224876403808594 0.00460433959960938 -0.235916137695313 -0.264633178710938
0.0329418182373047 0.0125370025634766 -0.058197021484375 -0.52923583984375
0.0504722595214844 0.0187339782714844 0.404205322265625 -0.485321044921875
0.0114030838012695 -0.00309181213378906 0.78814697265625 0.0975341796875
-0.0420265197753906 -0.0603065490722656 0.5487060546875 0.735595703125
0.00550460815429688 -0.0289840698242188 0.0128173828124999 0.6614990234375
0.0342063903808594 -0.0202522277832031 0.121963500976562 -0.036956787109375
-0.0137825012207031 -0.0452384948730469 -0.0595703124999999 -0.67205810546875
-0.0380363464355469 -0.0385818481445313 -0.70623779296875 -0.374267578125
-0.00857925415039063 -0.00883102416992188 -0.623046875 0.454833984375
0.0294609069824219 0.000820159912109375 -0.0473022460937501 0.67431640625
0.0301837921142578 -0.00186347961425781 0.2353515625 0.4786376953125
0.0012136697769165 0.000279784202575684 0.2867431640625 0.1282958984375
0.000406265258789063 0.0135784149169922 0.168807983398438 -0.13250732421875
-0.00664997100830078 -0.0110864639282227 -0.170501708984375 0.0449371337890625
-0.00141143798828125 -0.0289363861083984 -0.240707397460938 -0.271820068359375
0.0180892944335938 -0.0184211730957031 -0.070281982421875 -0.529510498046875
0.0372543334960938 0.00991439819335938 0.397003173828125 -0.482940673828125
0.00705146789550781 0.0117473602294922 0.7894287109375 0.101806640625
-0.0451774597167969 -0.0386505126953125 0.55255126953125 0.73834228515625
0.0142135620117188 -0.0285568237304688 0.0177612304687499 0.6619873046875
0.0484085083007813 -0.0309600830078125 0.126434326171875 -0.0389862060546875
-0.00991058349609375 -0.0437583923339844 -0.05535888671875 -0.67327880859375
-0.0286045074462891 -0.0189533233642578 -0.699462890625 -0.375
0.000188827514648438 0.00918674468994141 -0.6182861328125 0.45574951171875
0.0207099914550781 0.00470924377441406 -0.0468750000000001 0.6807861328125
0.009765625 -0.0174016952514648 0.23175048828125 0.484771728515625
-0.0121402740478516 -0.0223045349121094 0.285888671875 0.12982177734375
-0.00165987014770508 -0.000864505767822266 0.170913696289063 -0.130783081054687
-0.000841140747070312 -0.0202178955078125 -0.169479370117188 0.0479583740234375
-0.000858306884765629 -0.0598869323730469 -0.248245239257812 -0.266433715820313
0.00317001342773438 -0.0494461059570313 -0.08697509765625 -0.524261474609375
0.0222148895263672 0.00277900695800781 0.379058837890625 -0.497528076171875
0.00292205810546875 0.0292701721191406 0.79290771484375 0.0611572265625
-0.046722412109375 -0.0148544311523438 0.57867431640625 0.70758056640625
0.0210056304931641 -0.0269584655761719 0.03594970703125 0.6572265625
0.0643157958984375 -0.0412979125976562 0.12158203125 -0.0320281982421875
-0.000343322753906248 -0.0429191589355469 -0.03826904296875 -0.6796875
-0.0196456909179688 0.000308990478515624 -0.6884765625 -0.40771484375
0.0064239501953125 0.0275688171386719 -0.63885498046875 0.42852783203125
0.0128021240234375 0.0100955963134766 -0.06982421875 0.6800537109375
-0.00831222534179688 -0.0333156585693359 0.216339111328125 0.49176025390625
-0.0242729187011719 -0.0466995239257813 0.281585693359375 0.13702392578125
0.00083160400390625 -0.0164384841918945 0.170700073242187 -0.130325317382813
0.00674057006835938 -0.0270843505859375 -0.169281005859375 0.0543212890625
-0.00704193115234374 -0.0826492309570313 -0.259979248046875 -0.251266479492188
-0.01361083984375 -0.0711441040039063 -0.108551025390625 -0.516571044921875
0.0103206634521484 0.000344276428222656 0.35296630859375 -0.529144287109375
0.00313949584960938 0.0439262390136719 0.79425048828125 -0.0111083984375
-0.0459442138671875 0.00835418701171876 0.6163330078125 0.6453857421875
0.0272407531738281 -0.0240287780761719 0.059814453125 0.64581298828125
0.07757568359375 -0.0502090454101563 0.109504699707031 -0.0213546752929688
0.00963592529296876 -0.0421295166015625 -0.0148925781250001 -0.68695068359375
-0.0138835906982422 0.0141315460205078 -0.6737060546875 -0.4642333984375
0.00942611694335938 0.0443992614746094 -0.67852783203125 0.3741455078125
0.00249862670898438 0.0150556564331055 -0.11749267578125 0.670166015625
-0.0231056213378906 -0.0490188598632812 0.193695068359375 0.5010986328125
-0.0294418334960938 -0.0702476501464844 0.27783203125 0.1468505859375
0.00620079040527344 -0.0275974273681641 0.170455932617188 -0.128173828125
0.00909233093261719 -0.0298595428466797 -0.168930053710938 0.063446044921875
-0.015350341796875 -0.0971221923828125 -0.268417358398438 -0.232254028320312
-0.0309600830078125 -0.0766372680664063 -0.133026123046875 -0.509246826171875
0.000455856323242188 0.0040888786315918 0.31268310546875 -0.572021484375
0.00836181640625 0.055755615234375 0.78082275390625 -0.10760498046875
-0.0394096374511719 0.0245742797851563 0.65167236328125 0.56182861328125
0.0323848724365234 -0.0214614868164063 0.0887451171875 0.63372802734375
0.08660888671875 -0.0539627075195312 0.0931015014648438 -0.001708984375
0.0171661376953125 -0.0422515869140625 0.02044677734375 -0.69720458984375
-0.0100936889648438 0.0254764556884766 -0.65020751953125 -0.54766845703125
0.00658798217773438 0.0556869506835938 -0.724853515625 0.29443359375
-0.00388336181640625 0.0177021026611328 -0.17449951171875 0.6466064453125
-0.0300254821777344 -0.0630035400390625 0.16363525390625 0.505523681640625
-0.0268783569335938 -0.087799072265625 0.272796630859375 0.15631103515625
0.0111961364746094 -0.0322246551513672 0.174468994140625 -0.126007080078125
-0.00475311279296875 0.0363426208496094 -0.182510375976563 0.0744476318359375
0.0202865600585938 0.0535812377929687 -0.243545532226563 -0.205673217773437
0.0643653869628906 0.0458183288574219 -0.085845947265625 -0.52642822265625
0.0638809204101563 0.0142593383789062 0.34454345703125 -0.5955810546875
0.00569915771484375 -0.0322761535644531 0.77178955078125 -0.102783203125
-0.0513839721679688 -0.080810546875 0.61810302734375 0.567626953125
-0.0133628845214844 -0.0216999053955078 0.054931640625 0.63946533203125
0.00470542907714844 0.00513458251953125 0.0782928466796875 -0.00435638427734375
-0.0148239135742188 -0.051971435546875 -0.00927734375000005 -0.70294189453125
-0.0353317260742188 -0.0837249755859375 -0.6978759765625 -0.53826904296875
-0.0112686157226562 -0.0385856628417969 -0.73455810546875 0.302490234375
0.0518608093261719 0.0157127380371094 -0.14990234375 0.61895751953125
0.0581932067871094 0.0539169311523438 0.210296630859375 0.47283935546875
0.0162124633789063 0.0527725219726563 0.29736328125 0.143798828125
0.00392913818359375 0.0486068725585938 0.175704956054688 -0.125579833984375
-0.0118827819824219 0.0244865417480469 -0.181228637695313 0.0668182373046875
0.00846862792968749 0.0477294921875 -0.24163818359375 -0.223907470703125
0.0570640563964844 0.047393798828125 -0.06634521484375 -0.523284912109375
0.062957763671875 0.0198554992675781 0.379547119140625 -0.546478271484375
0.00946617126464844 -0.0291194915771484 0.785400390625 -0.01385498046875
-0.045928955078125 -0.0837326049804687 0.58770751953125 0.6412353515625
-0.00919914245605469 -0.0250930786132813 0.03265380859375 0.65155029296875
0.00906085968017578 0.000127792358398438 0.0956573486328125 -0.0214080810546875
-0.0174674987792969 -0.0507774353027344 -0.033203125 -0.68841552734375
-0.0423583984375 -0.0728607177734375 -0.70672607421875 -0.4586181640625
-0.0147514343261719 -0.0353927612304688 -0.68804931640625 0.37799072265625
0.045867919921875 0.00536727905273438 -0.1015625 0.64373779296875
0.0568161010742188 0.0358085632324219 0.224639892578125 0.467742919921875
0.0167007446289063 0.0427970886230469 0.29473876953125 0.131500244140625
0.00084686279296875 0.0433998107910156 0.174102783203125 -0.129470825195313
-0.0130777359008789 0.0154018402099609 -0.176193237304688 0.0536346435546875
-0.000221252441406251 0.0338916778564453 -0.237472534179688 -0.250350952148438
0.0452613830566406 0.0365257263183594 -0.066558837890625 -0.528411865234375
0.0588493347167969 0.0222816467285156 0.3951416015625 -0.51092529296875
0.0133190155029297 -0.0206489562988281 0.7923583984375 0.05267333984375
-0.0450286865234375 -0.0780258178710937 0.56488037109375 0.70086669921875
-0.00308418273925781 -0.0290393829345703 0.021240234375 0.6583251953125
0.0190639495849609 -0.00899124145507813 0.111175537109375 -0.03094482421875
-0.0210533142089844 -0.0490798950195313 -0.0541381835937501 -0.67633056640625
-0.0426063537597656 -0.0566558837890625 -0.71441650390625 -0.40093994140625
-0.0141639709472656 -0.0244846343994141 -0.64715576171875 0.4324951171875
0.0366401672363281 -5.7220458984375E-05 -0.0655517578124999 0.66363525390625
0.0451622009277344 0.0182723999023438 0.235382080078125 0.4755859375
0.0129871368408203 0.0237903594970703 0.292510986328125 0.126983642578125
0.0015106201171875 0.0299053192138672 0.170578002929688 -0.131759643554688
-0.00894927978515625 0.00141811370849609 -0.172500610351562 0.0458984375
-0.00445699691772461 0.00488090515136719 -0.240371704101563 -0.26495361328125
0.0326900482177734 0.0126686096191406 -0.063995361328125 -0.531951904296875
0.0504646301269531 0.0178680419921875 0.402435302734375 -0.489593505859375
0.0113124847412109 -0.00456142425537109 0.79150390625 0.09075927734375
-0.0431861877441406 -0.0601348876953125 0.5548095703125 0.73394775390625
0.00569343566894531 -0.0285091400146484 0.0168457031249999 0.66278076171875
0.0339488983154297 -0.0202217102050781 0.123199462890625 -0.038665771484375
-0.0171852111816406 -0.0451393127441406 -0.0618896484375001 -0.6729736328125
-0.0387496948242188 -0.0397567749023438 -0.70989990234375 -0.37103271484375
-0.00879096984863281 -0.00841331481933594 -0.62335205078125 0.4605712890625
0.0290355682373047 0.000217437744140625 -0.0415649414062499 0.67718505859375
0.0302009582519531 -0.000432968139648438 0.240997314453125 0.479095458984375
0.00117397308349609 0.00287365913391113 0.291168212890625 0.125579833984375
0.00194740295410156 0.0134124755859375 0.169464111328125 -0.133590698242188
-0.00660896301269531 -0.0097970962524414 -0.171951293945312 0.0467376708984375
-0.000562667846679688 -0.0272617340087891 -0.24468994140625 -0.270172119140625
0.0178909301757812 -0.0197277069091797 -0.076873779296875 -0.53143310546875
0.0371856689453125 0.0104789733886719 0.392852783203125 -0.48760986328125
0.00586891174316406 0.0114288330078125 0.7918701171875 0.09478759765625
-0.0461654663085937 -0.0384178161621094 0.558837890625 0.737060546875
0.0142879486083984 -0.0284385681152344 0.0218505859375 0.66375732421875
0.0491294860839844 -0.0318069458007813 0.125564575195312 -0.0400314331054687
-0.00891113281249999 -0.0446853637695312 -0.0595703125000001 -0.67449951171875
-0.0306949615478516 -0.0176525115966797 -0.70294189453125 -0.3724365234375
-0.000841140747070312 0.00909614562988281 -0.61669921875 0.46099853515625
0.0216121673583984 0.00378990173339844 -0.04022216796875 0.6839599609375
0.0103988647460938 -0.0185222625732422 0.239105224609375 0.483489990234375
-0.0134220123291016 -0.0223522186279297 0.289398193359375 0.126220703125
0.000388383865356445 -0.00222635269165039 0.171157836914063 -0.13348388671875
-0.000265121459960936 -0.0200786590576172 -0.169677734375 0.0486297607421875
-0.00177764892578125 -0.0594863891601563 -0.25421142578125 -0.265823364257812
0.00308609008789062 -0.049560546875 -0.093597412109375 -0.524505615234375
0.0225811004638672 0.00205421447753906 0.376983642578125 -0.503204345703125
0.00261306762695313 0.0292453765869141 0.7940673828125 0.0543212890625
-0.0484771728515625 -0.0146903991699219 0.5858154296875 0.70355224609375
0.0225620269775391 -0.0270481109619141 0.039794921875 0.65716552734375
0.0655136108398438 -0.041351318359375 0.123512268066406 -0.0335006713867188
3.43322753906251E-05 -0.0426368713378906 -0.04345703125 -0.68109130859375
-0.0204963684082031 -0.000135421752929683 -0.696044921875 -0.40521240234375
0.00731277465820313 0.0276660919189453 -0.6378173828125 0.4354248046875
0.0125579833984375 0.0113639831542969 -0.06597900390625 0.6826171875
-0.0100917816162109 -0.0332794189453125 0.224609375 0.49224853515625
-0.0235939025878906 -0.0462760925292969 0.2860107421875 0.1346435546875
0.00188350677490234 -0.0166454315185547 0.171066284179688 -0.132415771484375
0.00773811340332032 -0.0266036987304688 -0.168731689453125 0.0547027587890625
-0.00791931152343751 -0.0816268920898438 -0.26495361328125 -0.251663208007812
-0.0153007507324219 -0.0687179565429688 -0.1153564453125 -0.518096923828125
0.00949859619140625 -0.000300407409667969 0.34906005859375 -0.534820556640625
0.00158309936523438 0.0448799133300781 0.79583740234375 -0.02056884765625
-0.0463066101074219 0.00869750976562501 0.62359619140625 0.64141845703125
0.0274734497070313 -0.0254726409912109 0.06549072265625 0.64837646484375
0.0780563354492188 -0.0506591796875 0.111305236816406 -0.0213699340820313
0.00946044921875 -0.0426406860351563 -0.0167236328125 -0.6904296875
-0.0129623413085938 0.0144624710083008 -0.67999267578125 -0.465087890625
0.00908279418945313 0.0446434020996094 -0.676025390625 0.3817138671875
0.00401878356933594 0.0154094696044922 -0.1134033203125 0.6734619140625
-0.0239295959472656 -0.0500068664550781 0.199462890625 0.502288818359375
-0.0315933227539063 -0.0704116821289063 0.282073974609375 0.144683837890625
0.00704193115234375 -0.0285930633544922 0.171783447265625 -0.132110595703125
0.00930595397949219 -0.0304412841796875 -0.1705322265625 0.0659027099609375
-0.0158920288085938 -0.0949859619140625 -0.273025512695313 -0.229507446289063
-0.0335693359375 -0.0766677856445313 -0.13916015625 -0.510284423828125
-0.000148773193359375 0.00409030914306641 0.30865478515625 -0.5762939453125
0.0093231201171875 0.0568084716796875 0.78265380859375 -0.1148681640625
-0.0387916564941406 0.0241851806640625 0.65667724609375 0.55767822265625
0.0311756134033203 -0.0216903686523438 0.0921630859375 0.6351318359375
0.086700439453125 -0.05419921875 0.0934906005859375 -0.0039520263671875
0.0169143676757813 -0.0416069030761719 0.0166015625000001 -0.70123291015625
-0.0109405517578125 0.0237407684326172 -0.6546630859375 -0.5472412109375
0.005615234375 0.0574073791503906 -0.72528076171875 0.3009033203125
-0.00487899780273438 0.0176029205322266 -0.17034912109375 0.65106201171875
-0.0330009460449219 -0.0633430480957031 0.168487548828125 0.505462646484375
-0.0282135009765625 -0.0877838134765625 0.277191162109375 0.15484619140625
0.0121955871582031 -0.0336074829101563 0.17449951171875 -0.129241943359375
-0.00506782531738281 0.0350875854492188 -0.1820068359375 0.076019287109375
0.0214653015136719 0.0546989440917969 -0.249679565429688 -0.204833984375
0.0667572021484375 0.0453910827636719 -0.091156005859375 -0.526885986328125
0.0627059936523438 0.0127105712890625 0.337646484375 -0.60150146484375
0.00541496276855469 -0.0319843292236328 0.77386474609375 -0.1102294921875
-0.0535888671875 -0.0817337036132813 0.62286376953125 0.565673828125
-0.0140304565429688 -0.0223045349121094 0.0584716796875 0.6397705078125
0.00548458099365234 0.00499773025512695 0.0784530639648437 -0.006866455078125
-0.0145034790039062 -0.0523605346679688 -0.01495361328125 -0.70477294921875
-0.0368728637695312 -0.0830154418945312 -0.70428466796875 -0.53375244140625
-0.0117034912109375 -0.0400238037109375 -0.73681640625 0.31036376953125
0.0516357421875 0.0144920349121094 -0.14599609375 0.623291015625
0.0596275329589844 0.0522117614746094 0.217376708984375 0.472900390625
0.0159568786621094 0.0542221069335938 0.302978515625 0.141326904296875
0.00632095336914062 0.0486640930175781 0.176849365234375 -0.128555297851562
-0.00954055786132813 0.0261993408203125 -0.182220458984375 0.06707763671875
0.0105171203613281 0.0504722595214844 -0.2451171875 -0.223037719726562
0.0582771301269531 0.0483131408691406 -0.073089599609375 -0.5238037109375
0.0647048950195313 0.0191078186035156 0.375640869140625 -0.5543212890625
0.00975227355957032 -0.0303478240966797 0.78631591796875 -0.0206298828125
-0.0481796264648437 -0.0831756591796875 0.59466552734375 0.63690185546875
-0.00967025756835937 -0.0262660980224609 0.0394287109375 0.65179443359375
0.00853586196899414 -0.000576496124267578 0.096282958984375 -0.0221481323242188
-0.0189018249511719 -0.0509872436523437 -0.04010009765625 -0.69189453125
-0.04400634765625 -0.0726699829101563 -0.71527099609375 -0.45404052734375
-0.0164985656738281 -0.035552978515625 -0.6849365234375 0.3848876953125
0.0470237731933594 0.00337600708007813 -0.0965576171874999 0.6494140625
0.0586662292480469 0.03631591796875 0.2322998046875 0.469146728515625
0.0163040161132813 0.0429458618164063 0.29840087890625 0.130126953125
0.00234222412109375 0.0437240600585938 0.172805786132813 -0.133499145507813
-0.0122251510620117 0.0151500701904297 -0.178939819335938 0.055816650390625
8.01086425781259E-05 0.0338363647460938 -0.242950439453125 -0.248779296875
0.04583740234375 0.0381431579589844 -0.073333740234375 -0.5291748046875
0.0604324340820313 0.02117919921875 0.391815185546875 -0.51837158203125
0.0147571563720703 -0.0208740234375 0.7939453125 0.04437255859375
-0.0470046997070313 -0.07867431640625 0.57305908203125 0.69671630859375
-0.00417709350585938 -0.0296363830566406 0.02587890625 0.65966796875
0.0204391479492188 -0.00903511047363281 0.111434936523438 -0.0335235595703125
-0.0205879211425781 -0.0479965209960938 -0.0584716796875 -0.67950439453125
-0.044342041015625 -0.057647705078125 -0.718994140625 -0.39776611328125
-0.0143833160400391 -0.0252952575683594 -0.6468505859375 0.44049072265625
0.0376930236816406 -0.0006256103515625 -0.05908203125 0.6689453125
0.0471038818359375 0.0170249938964844 0.243316650390625 0.474578857421875
0.0136890411376953 0.0250511169433594 0.2957763671875 0.12396240234375
0.00329399108886719 0.0295124053955078 0.170745849609375 -0.133743286132813
-0.00905132293701172 0.00169849395751953 -0.172943115234375 0.048736572265625
-0.00146722793579102 0.00775241851806641 -0.244964599609375 -0.263916015625
0.0328769683837891 0.0146141052246094 -0.0720520019531249 -0.533050537109375
0.0519981384277344 0.0162506103515625 0.39849853515625 -0.498504638671875
0.0113325119018555 -0.00465679168701172 0.79376220703125 0.08441162109375
-0.045745849609375 -0.0593605041503906 0.56207275390625 0.73040771484375
0.0058135986328125 -0.0299797058105469 0.02471923828125 0.6639404296875
0.0329074859619141 -0.0199832916259766 0.123893737792969 -0.03936767578125
-0.0161399841308594 -0.0454635620117188 -0.0660400390625 -0.6749267578125
-0.0405044555664062 -0.0396842956542969 -0.7159423828125 -0.3660888671875
-0.0100688934326172 -0.00978660583496094 -0.61968994140625 0.46856689453125
0.0277271270751953 -0.0001678466796875 -0.0352783203125 0.68212890625
0.0297508239746094 -0.0021209716796875 0.248260498046875 0.47808837890625
0.00203108787536621 0.00253915786743164 0.296112060546875 0.123046875
0.00147914886474609 0.013340950012207 0.169784545898438 -0.1368408203125
-0.00600814819335938 -0.00958538055419922 -0.171829223632812 0.048583984375
-0.00115585327148437 -0.0263099670410156 -0.249954223632812 -0.27044677734375
0.0179214477539063 -0.0181312561035156 -0.0812377929687499 -0.531494140625
0.0379409790039063 0.00885772705078125 0.390625 -0.493194580078125
0.00607681274414063 0.0108489990234375 0.7952880859375 0.08673095703125
-0.0489120483398438 -0.0375022888183594 0.56689453125 0.73382568359375
0.0141448974609375 -0.0295944213867188 0.0286865234374999 0.6650390625
0.0481491088867188 -0.0325775146484375 0.126953125 -0.0408706665039062
-0.009033203125 -0.043365478515625 -0.0621948242187499 -0.677978515625
-0.0311813354492187 -0.0179634094238281 -0.7113037109375 -0.366943359375
-0.00124454498291016 0.00798702239990234 -0.61474609375 0.469482421875
0.0214023590087891 0.00263786315917969 -0.03350830078125 0.6871337890625
0.00885581970214844 -0.0182933807373047 0.246063232421875 0.485107421875
-0.0128955841064453 -0.0229339599609375 0.29443359375 0.12518310546875
-0.0001068115234375 -0.00251913070678711 0.172042846679688 -0.135848999023438
0.00230979919433594 -0.0208816528320313 -0.170639038085938 0.0491180419921875
-0.00218963623046875 -0.0592803955078125 -0.2586669921875 -0.264175415039063
0.00189971923828126 -0.0475883483886719 -0.10009765625 -0.52532958984375
0.02313232421875 0.0007781982421875 0.3729248046875 -0.509002685546875
0.00131988525390625 0.0278606414794922 0.79931640625 0.046875
-0.0500946044921875 -0.01300048828125 0.59454345703125 0.70013427734375
0.022186279296875 -0.0273704528808594 0.0461425781249999 0.66094970703125
0.0654067993164063 -0.0425453186035156 0.122886657714844 -0.0355224609375
-0.000194549560546879 -0.0419197082519531 -0.0475463867187499 -0.68487548828125
-0.0207500457763672 0.000875473022460937 -0.70196533203125 -0.4002685546875
0.00660896301269531 0.0259323120117188 -0.6351318359375 0.44293212890625
0.0123376846313477 0.00945949554443359 -0.0597534179687501 0.68780517578125
-0.0107307434082031 -0.0335807800292969 0.231597900390625 0.49261474609375
-0.0253219604492188 -0.0475883483886719 0.290496826171875 0.131072998046875
0.00113105773925781 -0.0163955688476563 0.172042846679688 -0.136062622070313
0.00775718688964843 -0.0278282165527344 -0.169952392578125 0.0578460693359375
-0.00778198242187499 -0.0832595825195313 -0.269332885742188 -0.249588012695313
-0.0149879455566406 -0.0686454772949219 -0.1221923828125 -0.519195556640625
0.00796890258789063 -0.000744342803955078 0.34375 -0.542266845703125
0.00271224975585937 0.0423164367675781 0.79754638671875 -0.02764892578125
-0.0465927124023438 0.0100593566894531 0.6273193359375 0.635498046875
0.0281810760498047 -0.0258693695068359 0.06890869140625 0.6483154296875
0.0784530639648438 -0.0515289306640625 0.11090087890625 -0.0222320556640625
0.00940322875976563 -0.0427970886230469 -0.0228271484375001 -0.69378662109375
-0.0145730972290039 0.0158414840698242 -0.6845703125 -0.45928955078125
0.00971984863281251 0.0449905395507813 -0.6761474609375 0.39031982421875
0.0043487548828125 0.0136623382568359 -0.1065673828125 0.677734375
-0.0246086120605469 -0.0498390197753906 0.20654296875 0.50164794921875
-0.0308074951171875 -0.07086181640625 0.286041259765625 0.140716552734375
0.00579833984375 -0.0284862518310547 0.17144775390625 -0.134429931640625
0.00957489013671875 -0.0319252014160156 -0.171127319335937 0.065155029296875
-0.0172500610351562 -0.0966949462890625 -0.278244018554688 -0.227203369140625
-0.0346603393554688 -0.0763397216796875 -0.145477294921875 -0.50994873046875
0.000250816345214844 0.0047459602355957 0.3040771484375 -0.58392333984375
0.00862503051757813 0.0552940368652344 0.78271484375 -0.123046875
-0.0387687683105469 0.0268325805664063 0.66229248046875 0.55224609375
0.0317058563232422 -0.0232810974121094 0.09674072265625 0.63580322265625
0.08740234375 -0.0550003051757812 0.093780517578125 -0.00449371337890625
0.0185661315917969 -0.0410385131835938 0.0130615234375 -0.7034912109375
-0.0101394653320313 0.0253868103027344 -0.6630859375 -0.54248046875
0.00652313232421875 0.0571174621582031 -0.72589111328125 0.30999755859375
-0.00601005554199219 0.0167913436889648 -0.16571044921875 0.6546630859375
-0.0320587158203125 -0.0638504028320312 0.1767578125 0.505523681640625
-0.02996826171875 -0.08856201171875 0.2821044921875 0.152984619140625
0.0123348236083984 -0.0351142883300781 0.174224853515625 -0.13067626953125
-0.00224685668945313 0.0365715026855469 -0.182479858398438 0.079559326171875
0.0218887329101563 0.0568504333496094 -0.253662109375 -0.202346801757813
0.0666618347167969 0.0448875427246094 -0.098114013671875 -0.528289794921875
0.0644760131835938 0.0115318298339844 0.331787109375 -0.607421875
0.00316810607910156 -0.0335102081298828 0.77362060546875 -0.120849609375
-0.053955078125 -0.0813827514648438 0.63116455078125 0.56024169921875
-0.0140342712402344 -0.0227584838867187 0.0651245117187499 0.64300537109375
0.00526618957519531 0.00663614273071289 0.079254150390625 -0.00644683837890625
-0.0154609680175781 -0.0514030456542969 -0.02020263671875 -0.70751953125
-0.0381851196289062 -0.0837783813476563 -0.7122802734375 -0.530029296875
-0.0128707885742187 -0.0400352478027344 -0.7357177734375 0.318359375
0.0536956787109375 0.0136260986328125 -0.1378173828125 0.62933349609375
0.0603561401367188 0.053741455078125 0.224273681640625 0.469970703125
0.0178871154785156 0.0549964904785156 0.306427001953125 0.139129638671875
0.00806808471679687 0.0491447448730469 0.177322387695312 -0.132247924804688
-0.00947189331054688 0.0262393951416016 -0.180389404296875 0.071075439453125
0.010589599609375 0.0504531860351562 -0.2506103515625 -0.221725463867188
0.0599403381347656 0.05078125 -0.08172607421875 -0.526397705078125
0.0671119689941406 0.0166435241699219 0.3690185546875 -0.56329345703125
0.0101451873779297 -0.0301647186279297 0.7890625 -0.03265380859375
-0.0499801635742188 -0.0823593139648438 0.6007080078125 0.63287353515625
-0.0104579925537109 -0.0254840850830078 0.0433349609375 0.6539306640625
0.0110769271850586 -0.00168418884277344 0.0970535278320313 -0.0225677490234375
-0.0204429626464844 -0.0502548217773438 -0.0446777343750001 -0.6942138671875
-0.0451889038085938 -0.0733489990234375 -0.72210693359375 -0.449951171875
-0.0157279968261719 -0.0366058349609375 -0.68511962890625 0.39337158203125
0.0460777282714844 0.00339126586914063 -0.09027099609375 0.65289306640625
0.0588569641113281 0.0370635986328125 0.238372802734375 0.470916748046875
0.0189247131347656 0.044647216796875 0.303466796875 0.12640380859375
0.0049591064453125 0.0437889099121094 0.175048828125 -0.135025024414063
-0.0129365921020508 0.0157432556152344 -0.176132202148438 0.057403564453125
0.00209999084472656 0.0347747802734375 -0.247589111328125 -0.246826171875
0.0478057861328125 0.0391082763671875 -0.0807495117187501 -0.528564453125
0.0617179870605469 0.0186767578125 0.387420654296875 -0.52545166015625
0.0136699676513672 -0.022369384765625 0.79736328125 0.03472900390625
-0.04705810546875 -0.076812744140625 0.58013916015625 0.69189453125
-0.00407791137695312 -0.0283050537109375 0.03265380859375 0.6617431640625
0.0191154479980469 -0.00879478454589844 0.113273620605469 -0.0340957641601563
-0.0216636657714844 -0.0479850769042969 -0.06634521484375 -0.68206787109375
-0.0463447570800781 -0.0563201904296875 -0.72344970703125 -0.391357421875
-0.0146713256835938 -0.0236263275146484 -0.64447021484375 0.44830322265625
0.037567138671875 -0.00141143798828125 -0.049072265625 0.6748046875
0.0481224060058594 0.0167770385742188 0.25128173828125 0.473419189453125
0.0137786865234375 0.0262050628662109 0.301055908203125 0.11944580078125
0.00328254699707031 0.02996826171875 0.16943359375 -0.137710571289063
-0.00722408294677734 0.00318717956542969 -0.175552368164063 0.04925537109375
-0.00329780578613281 0.00695562362670898 -0.252166748046875 -0.262786865234375
0.0328216552734375 0.0135555267333984 -0.07958984375 -0.533782958984375
0.0523147583007812 0.0154075622558594 0.393890380859375 -0.50347900390625
0.009063720703125 -0.00568294525146484 0.7967529296875 0.07415771484375
-0.0454025268554688 -0.05926513671875 0.572509765625 0.72674560546875
0.00567626953125 -0.0296421051025391 0.0289306640624999 0.6639404296875
0.0332279205322266 -0.0217266082763672 0.125129699707031 -0.0425262451171875
-0.0166053771972656 -0.0453224182128906 -0.0726318359375001 -0.677490234375
-0.0408821105957031 -0.0376358032226562 -0.72210693359375 -0.35980224609375
-0.00971031188964844 -0.00987434387207031 -0.61566162109375 0.475830078125
0.0283279418945312 -0.001434326171875 -0.0252685546874999 0.68505859375
0.0298786163330078 -0.00164222717285156 0.25836181640625 0.477935791015625
0.00269627571105957 0.00206518173217773 0.299957275390625 0.11871337890625
0.00406646728515625 0.0114412307739258 0.169570922851562 -0.139633178710937
-0.00720405578613281 -0.00965785980224609 -0.173751831054687 0.0497894287109375
-0.00182914733886719 -0.0276031494140625 -0.255599975585938 -0.26776123046875
0.0191707611083984 -0.0183334350585938 -0.08868408203125 -0.53387451171875
0.0380325317382813 0.00771713256835938 0.38702392578125 -0.501007080078125
0.00546741485595703 0.0110416412353516 0.7984619140625 0.0775146484375
-0.0494308471679687 -0.0377082824707031 0.57733154296875 0.73101806640625
0.0143489837646484 -0.0295467376708984 0.03387451171875 0.6650390625
0.0491142272949219 -0.0326766967773438 0.126853942871094 -0.0426864624023437
-0.00937271118164063 -0.0422172546386719 -0.0704956054687501 -0.6796875
-0.0308094024658203 -0.0179538726806641 -0.71636962890625 -0.36248779296875
-0.00145053863525391 0.00940418243408203 -0.61212158203125 0.4776611328125
0.0201492309570312 0.00261306762695312 -0.0255126953124999 0.68994140625
0.00966835021972656 -0.0183944702148438 0.253021240234375 0.482513427734375
-0.0132579803466797 -0.0223636627197266 0.298370361328125 0.122039794921875
0.000821352005004883 -0.00429677963256836 0.170639038085938 -0.139251708984375
0.002166748046875 -0.0203285217285156 -0.17169189453125 0.0522308349609375
-0.00298690795898437 -0.060150146484375 -0.263442993164063 -0.261367797851563
0.0023956298828125 -0.0478591918945313 -0.107940673828125 -0.5284423828125
0.0223178863525391 0.00159835815429688 0.368377685546875 -0.5146484375
0.00150871276855469 0.0283470153808594 0.801513671875 0.037841796875
-0.0509033203125 -0.0121955871582031 0.60186767578125 0.697021484375
0.0211086273193359 -0.0289974212646484 0.0537109375 0.658447265625
0.0659980773925781 -0.0443572998046875 0.1234130859375 -0.0370101928710938
-0.00103378295898437 -0.0419044494628906 -0.053955078125 -0.68634033203125
-0.0218009948730469 0.00113677978515625 -0.7064208984375 -0.39599609375
0.00527572631835938 0.0267829895019531 -0.63323974609375 0.45263671875
0.0119800567626953 0.00769138336181641 -0.0515747070312501 0.69244384765625
-0.0105533599853516 -0.0328750610351563 0.238800048828125 0.492828369140625
-0.0257530212402344 -0.0475921630859375 0.29486083984375 0.129364013671875
0.00242424011230469 -0.0189418792724609 0.170623779296875 -0.138885498046875
0.0086517333984375 -0.0289459228515625 -0.170730590820312 0.058746337890625
-0.00924682617187499 -0.0840072631835937 -0.275558471679687 -0.245391845703125
-0.0156517028808594 -0.0682754516601563 -0.12933349609375 -0.52093505859375
0.00717496871948242 -0.00122404098510742 0.338226318359375 -0.546661376953125
0.00249481201171875 0.043548583984375 0.79925537109375 -0.0355224609375
-0.0469512939453125 0.00957870483398437 0.63739013671875 0.6337890625
0.0273952484130859 -0.0270118713378906 0.0747070312500001 0.64959716796875
0.0799407958984375 -0.0520095825195313 0.112297058105469 -0.0244903564453125
0.00902938842773437 -0.0416412353515625 -0.02911376953125 -0.6962890625
-0.0135049819946289 0.0157594680786133 -0.69268798828125 -0.4556884765625
0.00863265991210937 0.044036865234375 -0.6737060546875 0.39886474609375
0.00344944000244141 0.0153446197509766 -0.09869384765625 0.6807861328125
-0.0264511108398438 -0.0485191345214844 0.214385986328125 0.502716064453125
-0.0330123901367188 -0.0717697143554688 0.2913818359375 0.137847900390625
0.00697708129882813 -0.0317459106445312 0.1719970703125 -0.137588500976563
0.0107479095458984 -0.0310382843017578 -0.172836303710938 0.0690765380859375
-0.0181655883789062 -0.0957412719726563 -0.283905029296875 -0.22381591796875
-0.035552978515625 -0.0752792358398438 -0.1544189453125 -0.508270263671875
-0.000711441040039062 0.00530862808227539 0.2977294921875 -0.59136962890625
0.00844192504882812 0.0558395385742187 0.7835693359375 -0.13372802734375
-0.0392951965332031 0.0279045104980469 0.6710205078125 0.54779052734375
0.0320243835449219 -0.0248317718505859 0.1033935546875 0.6346435546875
0.0863876342773438 -0.0555648803710938 0.0955352783203125 -0.005950927734375
0.0185585021972656 -0.0416946411132813 0.00689697265625001 -0.70892333984375
-0.00963401794433594 0.0254611968994141 -0.6693115234375 -0.53863525390625
0.00763320922851563 0.0555458068847656 -0.72576904296875 0.31854248046875
-0.00615119934082032 0.0174751281738281 -0.158447265625 0.66015625
-0.0334205627441406 -0.0632972717285156 0.18402099609375 0.50762939453125
-0.032073974609375 -0.0896530151367188 0.28533935546875 0.14886474609375
0.0131492614746094 -0.0354690551757813 0.174209594726563 -0.133956909179688
-0.0028839111328125 0.0363273620605469 -0.18157958984375 0.0815887451171875
0.0241203308105469 0.0560264587402344 -0.257095336914062 -0.20013427734375
0.0681991577148438 0.046112060546875 -0.107635498046875 -0.531219482421875
0.0643768310546875 0.0112266540527344 0.3228759765625 -0.61468505859375
0.00275993347167969 -0.0338211059570312 0.7723388671875 -0.13330078125
-0.05615234375 -0.0811920166015625 0.63763427734375 0.553955078125
-0.0140018463134766 -0.0227317810058594 0.07177734375 0.64154052734375
0.0046391487121582 0.00551652908325195 0.0782623291015625 -0.00852203369140625
-0.0170059204101563 -0.0515213012695313 -0.0275268554687499 -0.71087646484375
-0.0406265258789063 -0.0833358764648437 -0.71942138671875 -0.523681640625
-0.0135498046875 -0.0422935485839844 -0.73443603515625 0.32879638671875
0.0528488159179687 0.0116462707519531 -0.12957763671875 0.63177490234375
0.0612449645996094 0.0523834228515625 0.2327880859375 0.4705810546875
0.0184173583984375 0.0548210144042969 0.31219482421875 0.1343994140625
0.00897216796875 0.0491676330566406 0.176864624023438 -0.135116577148438
-0.0096588134765625 0.0263118743896484 -0.182540893554688 0.072509765625
0.0104522705078125 0.0521087646484375 -0.254119873046875 -0.220001220703125
0.0610542297363281 0.0479507446289063 -0.087738037109375 -0.528472900390625
0.0673561096191406 0.0164413452148438 0.36297607421875 -0.56915283203125
0.00760650634765625 -0.0320358276367188 0.78912353515625 -0.0418701171875
-0.0504913330078125 -0.0848388671875 0.61004638671875 0.628173828125
-0.0111560821533203 -0.0253429412841797 0.05029296875 0.65289306640625
0.00848627090454102 -0.00100517272949219 0.0974960327148438 -0.0255050659179688
-0.0203018188476563 -0.0496749877929688 -0.052734375 -0.69512939453125
-0.04693603515625 -0.0719680786132813 -0.73004150390625 -0.44305419921875
-0.0170173645019531 -0.0365715026855469 -0.68341064453125 0.40142822265625
0.0465812683105469 0.00211334228515625 -0.08197021484375 0.655517578125
0.0608100891113281 0.0353927612304687 0.246673583984375 0.468109130859375
0.0196495056152344 0.0453643798828125 0.306365966796875 0.123199462890625
0.00597381591796875 0.0425148010253906 0.173233032226562 -0.138839721679687
-0.0120820999145508 0.0165309906005859 -0.178207397460938 0.0599365234375
0.00247573852539062 0.0367889404296875 -0.251861572265625 -0.24481201171875
0.0474967956542969 0.0387954711914063 -0.088775634765625 -0.532073974609375
0.062744140625 0.0174751281738281 0.382720947265625 -0.53143310546875
0.0107860565185547 -0.0232048034667969 0.79791259765625 0.0220947265625
-0.0494613647460938 -0.0763473510742188 0.58758544921875 0.68707275390625
-0.00539016723632813 -0.0289325714111328 0.04107666015625 0.66131591796875
0.0194149017333984 -0.00970649719238281 0.113502502441406 -0.0342483520507813
-0.0206451416015625 -0.0479965209960937 -0.071044921875 -0.68426513671875
-0.0471878051757813 -0.0566902160644531 -0.7308349609375 -0.38494873046875
-0.0161056518554688 -0.0251331329345703 -0.64208984375 0.4560546875
0.0373382568359375 -0.00401687622070312 -0.0422973632812501 0.6744384765625
0.0487289428710938 0.0166549682617188 0.257843017578125 0.471954345703125
0.0132637023925781 0.0249080657958984 0.305145263671875 0.11688232421875
0.00562095642089843 0.0295200347900391 0.170608520507812 -0.14178466796875
-0.00753068923950195 0.00235366821289062 -0.175445556640625 0.051116943359375
-0.00133085250854492 0.00789546966552735 -0.256591796875 -0.258743286132813
0.0337791442871094 0.0136642456054688 -0.087615966796875 -0.5341796875
0.0514183044433594 0.0143280029296875 0.38916015625 -0.51031494140625
0.0100317001342773 -0.00806808471679688 0.8001708984375 0.06512451171875
-0.0473098754882812 -0.0582504272460938 0.5797119140625 0.72161865234375
0.00487136840820313 -0.0305347442626953 0.038330078125 0.665771484375
0.0340099334716797 -0.0213737487792969 0.1240234375 -0.043792724609375
-0.0173683166503906 -0.0436210632324219 -0.0792846679687501 -0.68017578125
-0.0426101684570313 -0.0377311706542969 -0.72723388671875 -0.35369873046875
-0.00980758666992187 -0.0101995468139648 -0.61041259765625 0.48638916015625
0.029571533203125 -0.00323104858398438 -0.017822265625 0.68927001953125
0.0303535461425781 -0.00169181823730469 0.265350341796875 0.4765625
0.000908017158508301 0.00125753879547119 0.3045654296875 0.11553955078125
0.00367259979248047 0.0126781463623047 0.1695556640625 -0.143722534179688
-0.00590419769287109 -0.00983905792236328 -0.174179077148438 0.0510406494140625
-0.00165748596191406 -0.0262947082519531 -0.261032104492188 -0.265792846679688
0.0188713073730469 -0.0176753997802734 -0.0970458984375001 -0.53521728515625
0.0372848510742188 0.007843017578125 0.381927490234375 -0.506622314453125
0.00410175323486328 0.00961017608642578 0.799560546875 0.06884765625
-0.050048828125 -0.0371856689453125 0.58428955078125 0.72589111328125
0.0139331817626953 -0.0300846099853516 0.04058837890625 0.66448974609375
0.0503692626953125 -0.032928466796875 0.127593994140625 -0.0453948974609375
-0.00969314575195313 -0.0423851013183594 -0.07562255859375 -0.68255615234375
-0.0313377380371094 -0.0172843933105469 -0.72198486328125 -0.35626220703125
-0.00197553634643555 0.00835800170898438 -0.6083984375 0.48565673828125
0.0207271575927734 0.00232315063476563 -0.0170288085937501 0.6925048828125
0.00797462463378906 -0.0188446044921875 0.26220703125 0.48291015625
-0.0126571655273437 -0.0215549468994141 0.302032470703125 0.117889404296875
0.00226807594299316 -0.00381326675415039 0.170562744140625 -0.142364501953125
0.00258064270019531 -0.0201416015625 -0.17193603515625 0.0536651611328125
-0.00378036499023437 -0.0592536926269531 -0.268951416015625 -0.26025390625
0.000434875488281249 -0.0477104187011719 -0.116058349609375 -0.52923583984375
0.0223884582519531 0.000555038452148438 0.361724853515625 -0.52313232421875
0.000612258911132813 0.0267601013183594 0.80145263671875 0.0274658203125
-0.0513954162597656 -0.0115280151367188 0.61041259765625 0.6907958984375
0.0225601196289063 -0.0291366577148438 0.0576171874999999 0.6588134765625
0.0659332275390625 -0.0454368591308594 0.122459411621094 -0.038909912109375
-0.00124740600585938 -0.0414505004882812 -0.06121826171875 -0.687744140625
-0.0208282470703125 0.00152969360351562 -0.71270751953125 -0.38983154296875
0.00597190856933593 0.0272350311279297 -0.6290283203125 0.4600830078125
0.0130767822265625 0.00941944122314453 -0.0433349609375 0.69561767578125
-0.0122470855712891 -0.0328445434570313 0.246673583984375 0.491058349609375
-0.0258598327636719 -0.0471839904785156 0.29901123046875 0.123565673828125
0.002593994140625 -0.0194606781005859 0.170928955078125 -0.142745971679688
0.00935173034667969 -0.0283412933349609 -0.172088623046875 0.0602569580078125
-0.00970458984374999 -0.0844268798828125 -0.279876708984375 -0.244766235351563
-0.017822265625 -0.0683097839355469 -0.13848876953125 -0.519805908203125
0.00723743438720703 -0.000485420227050781 0.332794189453125 -0.552642822265625
0.00234603881835937 0.04315185546875 0.799072265625 -0.046142578125
-0.0480995178222656 0.0099945068359375 0.64697265625 0.62713623046875
0.0278587341308594 -0.0271701812744141 0.0814208984375 0.6488037109375
0.0797119140625 -0.0536880493164063 0.111114501953125 -0.0252532958984375
0.009124755859375 -0.0419883728027344 -0.03521728515625 -0.69854736328125
-0.0137243270874023 0.0172500610351563 -0.70050048828125 -0.44989013671875
0.0090484619140625 0.0443115234375 -0.6708984375 0.40673828125
0.00336170196533203 0.0145845413208008 -0.0908203125 0.68597412109375
-0.0265007019042969 -0.0482559204101563 0.22247314453125 0.501922607421875
-0.0342254638671875 -0.0705108642578125 0.29510498046875 0.134613037109375
0.00810432434082031 -0.0332870483398438 0.171218872070313 -0.14227294921875
0.0110015869140625 -0.0312232971191406 -0.171951293945313 0.070648193359375
-0.0186996459960937 -0.0968170166015625 -0.2889404296875 -0.222412109375
-0.0376663208007813 -0.0734405517578125 -0.163116455078125 -0.510833740234375
-0.00110983848571777 0.00431275367736816 0.29278564453125 -0.59564208984375
0.00790405273437501 0.0557022094726562 0.7838134765625 -0.14471435546875
-0.0391845703125 0.0274810791015625 0.6796875 0.54180908203125
0.0313186645507813 -0.0251178741455078 0.10736083984375 0.6365966796875
0.0870742797851563 -0.057373046875 0.0943603515625 -0.0043792724609375
0.0182533264160156 -0.0407524108886719 -0.00213623046875005 -0.7098388671875
-0.00942611694335937 0.026824951171875 -0.6767578125 -0.5340576171875
0.00778961181640625 0.0571937561035156 -0.7230224609375 0.32879638671875
-0.00732803344726563 0.0167169570922852 -0.1494140625 0.6651611328125
-0.0356254577636719 -0.0631904602050781 0.19134521484375 0.5068359375
-0.03179931640625 -0.0897598266601563 0.291107177734375 0.145355224609375
0.0130119323730469 -0.037841796875 0.174591064453125 -0.137847900390625
-0.0018310546875 0.0377349853515625 -0.18182373046875 0.08416748046875
0.0246543884277344 0.0580787658691406 -0.261520385742187 -0.197158813476563
0.0700225830078125 0.0457725524902344 -0.115509033203125 -0.52984619140625
0.0651588439941406 0.008514404296875 0.31414794921875 -0.62005615234375
0.00127792358398438 -0.0355567932128906 0.77288818359375 -0.1427001953125
-0.0583038330078125 -0.0818862915039063 0.6456298828125 0.547119140625
-0.0136947631835938 -0.0227718353271484 0.08062744140625 0.6439208984375
0.00661516189575195 0.00468683242797851 0.0792999267578125 -0.009307861328125
-0.0185394287109375 -0.0506668090820313 -0.03546142578125 -0.71343994140625
-0.0411605834960938 -0.0823898315429687 -0.72930908203125 -0.51708984375
-0.0144805908203125 -0.0420913696289063 -0.73211669921875 0.33935546875
0.0532188415527344 0.0102119445800781 -0.12420654296875 0.63458251953125
0.0641822814941406 0.0517730712890625 0.2410888671875 0.470489501953125
0.0201187133789063 0.0545120239257813 0.31591796875 0.1297607421875
0.0101242065429687 0.049591064453125 0.178268432617188 -0.13958740234375
-0.00842475891113281 0.0262699127197266 -0.182571411132813 0.0748443603515625
0.0109939575195313 0.0534019470214844 -0.258682250976563 -0.216476440429687
0.0618171691894531 0.0509681701660156 -0.098236083984375 -0.52777099609375
0.0679244995117187 0.0139312744140625 0.35479736328125 -0.57586669921875
0.00652503967285157 -0.0332736968994141 0.79046630859375 -0.0528564453125
-0.051910400390625 -0.0830917358398438 0.61822509765625 0.62042236328125
-0.0118999481201172 -0.0254840850830078 0.05792236328125 0.65386962890625
0.0104045867919922 -0.00023651123046875 0.0969696044921875 -0.0256729125976563
-0.021270751953125 -0.0496292114257813 -0.0604248046875 -0.69598388671875
-0.0478897094726563 -0.0711288452148438 -0.73504638671875 -0.4349365234375
-0.0176544189453125 -0.0369338989257813 -0.67987060546875 0.4129638671875
0.0477027893066406 0.00011444091796875 -0.07373046875 0.6605224609375
0.0621719360351563 0.0330696105957031 0.254608154296875 0.46759033203125
0.0182723999023438 0.0458869934082031 0.311737060546875 0.117767333984375
0.00654983520507812 0.0432662963867188 0.172561645507812 -0.14300537109375
-0.0104122161865234 0.0177707672119141 -0.178848266601563 0.062347412109375
0.00108718872070312 0.036895751953125 -0.256622314453125 -0.242324829101563
0.0496597290039062 0.0412254333496094 -0.0970458984375 -0.52947998046875
0.0644187927246094 0.0169029235839844 0.375 -0.538818359375
0.00993728637695313 -0.0244979858398437 0.797119140625 0.0145263671875
-0.051025390625 -0.076873779296875 0.59820556640625 0.68084716796875
-0.00409507751464844 -0.0283393859863281 0.0476684570312499 0.659423828125
0.0194358825683594 -0.00988578796386719 0.113433837890625 -0.0364608764648438
-0.0228843688964844 -0.0473175048828125 -0.07806396484375 -0.68475341796875
-0.0492477416992188 -0.0557937622070313 -0.73480224609375 -0.37628173828125
-0.0168571472167969 -0.0267677307128906 -0.63604736328125 0.46795654296875
0.0368804931640625 -0.0046539306640625 -0.0343017578125 0.67822265625
0.0486526489257812 0.0167579650878906 0.26483154296875 0.47161865234375
0.0142078399658203 0.0266990661621094 0.309661865234375 0.11322021484375
0.00668525695800781 0.0286865234375 0.17010498046875 -0.14453125
-0.00809478759765625 0.00428962707519531 -0.175033569335938 0.0543060302734375
-0.00238466262817383 0.00857877731323242 -0.261810302734375 -0.255950927734375
0.0346889495849609 0.0153923034667969 -0.094696044921875 -0.536376953125
0.0537376403808594 0.013153076171875 0.38311767578125 -0.5169677734375
0.00712823867797852 -0.0086369514465332 0.80072021484375 0.05438232421875
-0.0499267578125 -0.0577316284179688 0.58905029296875 0.71612548828125
0.00466728210449219 -0.0300025939941406 0.0424194335937499 0.663818359375
0.0333461761474609 -0.0209026336669922 0.123634338378906 -0.0452804565429687
-0.0184135437011719 -0.043609619140625 -0.08587646484375 -0.68121337890625
-0.0418319702148438 -0.0363960266113281 -0.7314453125 -0.345947265625
-0.0127296447753906 -0.0118389129638672 -0.60589599609375 0.49517822265625
0.0285682678222656 -0.00457382202148438 -0.00775146484375002 0.69207763671875
0.0300941467285156 -0.00186347961425781 0.273406982421875 0.474151611328125
0.00134062767028809 0.00311875343322754 0.30792236328125 0.11138916015625
0.00424098968505859 0.0116090774536133 0.16864013671875 -0.14642333984375
-0.00626373291015625 -0.00916671752929688 -0.174346923828125 0.0550384521484375
-0.00151443481445312 -0.0259933471679688 -0.267181396484375 -0.262725830078125
0.019195556640625 -0.0160179138183594 -0.106964111328125 -0.5361328125
0.0393028259277344 0.008209228515625 0.374969482421875 -0.514251708984375
0.00448226928710938 0.00847816467285156 0.803955078125 0.05755615234375
-0.0524139404296875 -0.0371017456054688 0.59246826171875 0.71917724609375
0.0135383605957031 -0.0312995910644531 0.04840087890625 0.666259765625
0.0494651794433594 -0.0343399047851563 0.126472473144531 -0.046600341796875
-0.0101852416992188 -0.0430145263671875 -0.08380126953125 -0.683349609375
-0.0331134796142578 -0.0158729553222656 -0.7266845703125 -0.349853515625
-0.00248003005981445 0.00799894332885742 -0.60260009765625 0.49432373046875
0.0211296081542969 0.000490188598632813 -0.00683593749999995 0.69610595703125
0.00751113891601562 -0.0181217193603516 0.2706298828125 0.48150634765625
-0.0139789581298828 -0.0227909088134766 0.306793212890625 0.11395263671875
0.0013887882232666 -0.00362920761108398 0.170562744140625 -0.146453857421875
0.00287055969238281 -0.0199737548828125 -0.172561645507813 0.057220458984375
-0.00416946411132813 -0.0601348876953125 -0.275848388671875 -0.256668090820313
0.00162124633789062 -0.0485000610351563 -0.124267578125 -0.5289306640625
0.0218391418457031 -0.0011444091796875 0.355438232421875 -0.52850341796875
-0.000192642211914063 0.0277309417724609 0.8050537109375 0.01702880859375
-0.0513572692871094 -0.0113029479980469 0.61859130859375 0.68487548828125
0.0221328735351563 -0.0294589996337891 0.06573486328125 0.659423828125
0.0660820007324219 -0.0465431213378906 0.123237609863281 -0.0405731201171875
-0.000381469726562498 -0.0414505004882813 -0.06890869140625 -0.69012451171875
-0.0215702056884766 0.00180816650390625 -0.717041015625 -0.3826904296875
0.00625228881835938 0.0268669128417969 -0.62615966796875 0.46875
0.012486457824707 0.00803852081298828 -0.033447265625 0.69635009765625
-0.0131950378417969 -0.0327262878417969 0.256134033203125 0.489105224609375
-0.0275650024414063 -0.0472755432128906 0.302337646484375 0.121337890625
0.00247573852539062 -0.0207633972167969 0.169845581054688 -0.1453857421875
0.00918769836425781 -0.0293712615966797 -0.171188354492188 0.0627593994140625
-0.0103530883789063 -0.0843276977539063 -0.284881591796875 -0.240264892578125
-0.0184440612792969 -0.069488525390625 -0.14715576171875 -0.51849365234375
0.00682449340820312 -0.000979423522949219 0.32464599609375 -0.55963134765625
-0.000492095947265629 0.0432052612304688 0.80108642578125 -0.05914306640625
-0.0474815368652344 0.0122337341308594 0.65264892578125 0.61944580078125
0.0281200408935547 -0.0293693542480469 0.08673095703125 0.64898681640625
0.0798263549804688 -0.0554351806640625 0.111114501953125 -0.0265960693359375
0.009063720703125 -0.0403709411621094 -0.0423583984375001 -0.70013427734375
-0.012603759765625 0.0168590545654297 -0.70703125 -0.44305419921875
0.0101280212402344 0.0451431274414062 -0.668212890625 0.41778564453125
0.00232696533203125 0.0139989852905273 -0.0809326171874999 0.6895751953125
-0.0291175842285156 -0.0484428405761719 0.229461669921875 0.500335693359375
-0.035308837890625 -0.07080078125 0.299896240234375 0.129486083984375
0.00747871398925781 -0.0343875885009766 0.171905517578125 -0.145843505859375
0.0116252899169922 -0.0325145721435547 -0.17083740234375 0.072418212890625
-0.0202255249023438 -0.097198486328125 -0.29376220703125 -0.218170166015625
-0.0372467041015625 -0.0748977661132812 -0.169525146484375 -0.50909423828125
-0.000200033187866211 0.00437164306640625 0.28289794921875 -0.60174560546875
0.00935745239257813 0.0557022094726563 0.78192138671875 -0.1546630859375
-0.0401611328125 0.0294723510742188 0.68408203125 0.5316162109375
0.0325851440429688 -0.02587890625 0.11553955078125 0.63385009765625
0.0871505737304688 -0.0588607788085938 0.0948486328125 -0.0078582763671875
0.0187721252441406 -0.0410003662109375 -0.00854492187499999 -0.712646484375
-0.0092315673828125 0.0277137756347656 -0.68402099609375 -0.527099609375
0.00762939453124999 0.057342529296875 -0.72174072265625 0.33648681640625
-0.00638008117675781 0.0194969177246094 -0.1412353515625 0.67083740234375
-0.0361595153808594 -0.0637054443359375 0.19940185546875 0.50567626953125
-0.0327377319335938 -0.0896377563476563 0.295928955078125 0.1416015625
0.0123977661132813 -0.0397605895996094 0.173141479492188 -0.141815185546875
-0.000900268554687498 0.0381965637207031 -0.181045532226563 0.08575439453125
0.0251235961914062 0.0581321716308594 -0.264999389648438 -0.193939208984375
0.0707244873046875 0.0448760986328125 -0.124969482421875 -0.5302734375
0.0658378601074219 0.00787734985351563 0.30682373046875 -0.62823486328125
-0.000686645507812499 -0.0364418029785156 0.7694091796875 -0.15625
-0.0607223510742188 -0.0801239013671875 0.652099609375 0.53692626953125
-0.0147724151611328 -0.0229759216308594 0.08795166015625 0.64276123046875
0.0054779052734375 0.00528669357299805 0.0785064697265625 -0.00897216796875
-0.0192222595214844 -0.050445556640625 -0.04144287109375 -0.713134765625
-0.0428085327148437 -0.08184814453125 -0.73297119140625 -0.50921630859375
-0.0151557922363281 -0.0417366027832031 -0.7281494140625 0.34783935546875
0.0543899536132813 0.00766754150390625 -0.11328125 0.63861083984375
0.0642623901367188 0.0521163940429688 0.248504638671875 0.4674072265625
0.0207748413085938 0.0559310913085938 0.31951904296875 0.12408447265625
0.0106201171875 0.0475692749023438 0.177230834960938 -0.142501831054688
-0.00821685791015625 0.0282516479492188 -0.1815185546875 0.0775604248046875
0.0126991271972656 0.0538749694824219 -0.262985229492187 -0.212417602539063
0.0627975463867188 0.0489921569824219 -0.10595703125 -0.529510498046875
0.0686798095703125 0.0124473571777344 0.3475341796875 -0.582275390625
0.00436210632324219 -0.0347042083740234 0.78875732421875 -0.06390380859375
-0.0546493530273438 -0.0829238891601562 0.626220703125 0.6151123046875
-0.0116653442382813 -0.0259532928466797 0.0634765624999999 0.65277099609375
0.0107841491699219 -0.000758171081542969 0.0966720581054687 -0.0252609252929688
-0.0220603942871094 -0.0480995178222656 -0.0686645507812501 -0.6949462890625
-0.0508575439453125 -0.0718917846679688 -0.7401123046875 -0.42474365234375
-0.0207786560058594 -0.0360488891601563 -0.6729736328125 0.42279052734375
0.0467948913574219 -0.00157928466796875 -0.06341552734375 0.66070556640625
0.0611724853515625 0.0335159301757813 0.26263427734375 0.46240234375
0.0215873718261719 0.0450286865234375 0.313812255859375 0.1138916015625
0.00828170776367188 0.0427284240722656 0.171463012695313 -0.145492553710938
-0.0101947784423828 0.0176429748535156 -0.179611206054688 0.0645904541015625
0.00223922729492188 0.0381050109863281 -0.263870239257812 -0.238433837890625
0.0517044067382813 0.0410308837890625 -0.10406494140625 -0.531402587890625
0.0636940002441406 0.0144081115722656 0.367706298828125 -0.545440673828125
0.00933647155761719 -0.0261440277099609 0.7978515625 0.0023193359375
-0.0525894165039063 -0.0753326416015625 0.60638427734375 0.67291259765625
-0.00570487976074218 -0.0292720794677734 0.05511474609375 0.6580810546875
0.0196781158447266 -0.00996971130371094 0.113563537597656 -0.0371170043945313
-0.0229148864746094 -0.0453224182128906 -0.0885009765624999 -0.68377685546875
-0.0493278503417969 -0.0563697814941406 -0.74200439453125 -0.36749267578125
-0.0187263488769531 -0.0261688232421875 -0.62774658203125 0.476318359375
0.0374259948730469 -0.005828857421875 -0.0227661132812501 0.68023681640625
0.0495872497558594 0.0163154602050781 0.276153564453125 0.46746826171875
0.0146503448486328 0.0250186920166016 0.31298828125 0.1092529296875
0.00825881958007812 0.0264053344726562 0.16888427734375 -0.148880004882813
-0.00728178024291992 0.00379514694213867 -0.177536010742188 0.058135986328125
-0.00115203857421875 0.00950717926025391 -0.268630981445313 -0.252792358398438
0.0358123779296875 0.0155525207519531 -0.103424072265625 -0.5352783203125
0.0537567138671875 0.0130844116210938 0.37396240234375 -0.524139404296875
0.00696182250976563 -0.00884819030761719 0.8011474609375 0.04461669921875
-0.0513801574707031 -0.0581436157226562 0.598388671875 0.70916748046875
0.00406265258789063 -0.0299663543701172 0.05047607421875 0.6651611328125
0.0327129364013672 -0.0219058990478516 0.122978210449219 -0.0476455688476563
-0.0181846618652344 -0.0446815490722656 -0.0948486328125 -0.68072509765625
-0.043731689453125 -0.0359306335449219 -0.73541259765625 -0.33734130859375
-0.0114545822143555 -0.0104598999023438 -0.59893798828125 0.503662109375
0.0289707183837891 -0.00524139404296875 0.00134277343749994 0.6925048828125
0.0301189422607422 -0.00275230407714844 0.28192138671875 0.472564697265625
0.00146770477294922 0.00330901145935059 0.31103515625 0.106170654296875
0.00424289703369141 0.0101289749145508 0.168807983398438 -0.149032592773438
-0.00438594818115234 -0.00879096984863281 -0.174774169921875 0.0558319091796875
-0.00114250183105469 -0.0259914398193359 -0.27197265625 -0.259201049804688
0.018524169921875 -0.0165386199951172 -0.115570068359375 -0.53277587890625
0.0386276245117188 0.00555801391601563 0.367156982421875 -0.520355224609375
0.00322532653808594 0.0080876350402832 0.80291748046875 0.04644775390625
-0.0515823364257813 -0.03411865234375 0.6024169921875 0.7095947265625
0.0119743347167969 -0.0310440063476563 0.0557250976562499 0.66534423828125
0.0481986999511719 -0.0351142883300781 0.12744140625 -0.0485458374023438
-0.0113258361816406 -0.0417709350585938 -0.09161376953125 -0.6839599609375
-0.0336074829101563 -0.015533447265625 -0.73272705078125 -0.33978271484375
-0.00283145904541016 0.00757408142089844 -0.595458984375 0.5035400390625
0.0203285217285156 0.0008697509765625 0.00402832031250003 0.69903564453125
0.00808334350585937 -0.0186386108398438 0.27972412109375 0.4771728515625
-0.0145225524902344 -0.0209827423095703 0.308929443359375 0.10845947265625
0.00166416168212891 -0.00430655479431152 0.168991088867188 -0.149368286132813
0.00488090515136719 -0.0210380554199219 -0.172775268554687 0.0583343505859375
-0.00484085083007813 -0.0593910217285156 -0.280548095703125 -0.252899169921875
0.000873565673828127 -0.0482635498046875 -0.132965087890625 -0.527008056640625
0.02197265625 0.000574111938476563 0.347808837890625 -0.533447265625
-0.000587463378906248 0.0260448455810547 0.80316162109375 0.00469970703125
-0.0527191162109375 -0.00905990600585937 0.62750244140625 0.67626953125
0.0217266082763672 -0.0300979614257813 0.0727539062500001 0.65716552734375
0.0657157897949219 -0.0467262268066406 0.1220703125 -0.0428543090820312
-0.00255203247070312 -0.0403938293457031 -0.0764160156249999 -0.6905517578125
-0.0219783782958984 0.00280570983886718 -0.72393798828125 -0.3729248046875
0.00651168823242188 0.02685546875 -0.61865234375 0.47869873046875
0.0124034881591797 0.00813388824462891 -0.02130126953125 0.69915771484375
-0.0133857727050781 -0.0319919586181641 0.26641845703125 0.486602783203125
-0.0286521911621094 -0.04705810546875 0.308013916015625 0.114501953125
0.00295257568359375 -0.0219078063964844 0.16900634765625 -0.149002075195313
0.00886726379394531 -0.028839111328125 -0.172683715820312 0.0660552978515625
-0.011932373046875 -0.0841827392578125 -0.290435791015625 -0.2359619140625
-0.0194168090820312 -0.0688591003417969 -0.154541015625 -0.51751708984375
0.0070796012878418 -0.00224113464355469 0.315673828125 -0.56488037109375
0.00199127197265625 0.0421791076660156 0.7979736328125 -0.0704345703125
-0.0488548278808594 0.0123062133789063 0.66192626953125 0.61090087890625
0.0269374847412109 -0.0287189483642578 0.096923828125 0.646484375
0.079193115234375 -0.0561676025390625 0.112014770507812 -0.0286483764648438
0.00876235961914063 -0.0413665771484375 -0.05126953125 -0.7008056640625
-0.0126457214355469 0.0169486999511719 -0.71185302734375 -0.435546875
0.0101547241210938 0.04290771484375 -0.66290283203125 0.42431640625
0.00306606292724609 0.0140495300292969 -0.06927490234375 0.69146728515625
-0.0295600891113281 -0.0474433898925781 0.2398681640625 0.4984130859375
-0.0358695983886719 -0.0700874328613281 0.30377197265625 0.124603271484375
0.00790977478027344 -0.0348453521728516 0.169937133789063 -0.14886474609375
0.0113697052001953 -0.0331649780273438 -0.171173095703125 0.0758056640625
-0.02166748046875 -0.09747314453125 -0.299468994140625 -0.21356201171875
-0.0392990112304687 -0.0731582641601563 -0.17913818359375 -0.509063720703125
-0.00125479698181152 0.00430822372436523 0.27337646484375 -0.60467529296875
0.00792694091796875 0.0532951354980469 0.77978515625 -0.1658935546875
-0.0390853881835938 0.029876708984375 0.6890869140625 0.5234375
0.0322551727294922 -0.0273532867431641 0.12225341796875 0.63287353515625
0.0871429443359375 -0.0606002807617188 0.0937652587890625 -0.0079498291015625
0.0175552368164063 -0.0421981811523438 -0.0166625976562499 -0.7138671875
-0.00868797302246094 0.0273628234863281 -0.6922607421875 -0.51910400390625
0.008270263671875 0.0569343566894531 -0.71697998046875 0.3489990234375
-0.00510406494140625 0.0183181762695313 -0.13275146484375 0.67236328125
-0.03851318359375 -0.0624198913574219 0.210052490234375 0.504364013671875
-0.0367431640625 -0.0912322998046875 0.29840087890625 0.136505126953125
0.0113868713378906 -0.0417747497558594 0.172256469726563 -0.146774291992188
0.000270843505859375 0.037445068359375 -0.180557250976563 0.089996337890625
0.0258674621582031 0.0573387145996094 -0.2701416015625 -0.1884765625
0.0720672607421875 0.0440292358398438 -0.1339111328125 -0.5269775390625
0.0654983520507813 0.00599288940429688 0.29547119140625 -0.63385009765625
-0.000904083251953128 -0.0381393432617188 0.765380859375 -0.16583251953125
-0.0621185302734375 -0.0798263549804687 0.6568603515625 0.5289306640625
-0.0146141052246094 -0.0228462219238281 0.09490966796875 0.63946533203125
0.00647497177124024 0.00556278228759766 0.079010009765625 -0.010406494140625
-0.0196418762207031 -0.0492324829101563 -0.0528564453125 -0.71148681640625
-0.0450973510742188 -0.081573486328125 -0.7401123046875 -0.49853515625
-0.0172576904296875 -0.0421791076660156 -0.72161865234375 0.357421875
0.0545310974121094 0.00737762451171875 -0.104736328125 0.64068603515625
0.0662574768066406 0.0499038696289063 0.255035400390625 0.4622802734375
0.0217399597167969 0.0577545166015625 0.322265625 0.119171142578125
0.0125083923339844 0.0466270446777344 0.1741943359375 -0.14532470703125
-0.00754737854003906 0.0280494689941406 -0.180252075195313 0.0803985595703125
0.0150985717773438 0.0539398193359375 -0.265838623046875 -0.20941162109375
0.0647659301757813 0.0491218566894531 -0.115966796875 -0.528076171875
0.067718505859375 0.0114288330078125 0.33807373046875 -0.58636474609375
0.00385856628417969 -0.0350360870361328 0.78302001953125 -0.07611083984375
-0.0565032958984375 -0.082061767578125 0.6329345703125 0.605224609375
-0.0106887817382812 -0.0250625610351563 0.0719604492187499 0.65045166015625
0.0101690292358398 -0.00175666809082031 0.097869873046875 -0.027191162109375
-0.0227127075195312 -0.0475807189941406 -0.0765991210937499 -0.696044921875
-0.0514755249023438 -0.0711288452148438 -0.74456787109375 -0.416259765625
-0.0212478637695312 -0.0372734069824219 -0.6663818359375 0.4310302734375
0.0464630126953125 -0.00336456298828125 -0.0532836914062499 0.66290283203125
0.0628547668457031 0.0325813293457031 0.271759033203125 0.459197998046875
0.0224647521972656 0.0450897216796875 0.317138671875 0.1083984375
0.00878143310546875 0.042938232421875 0.168807983398438 -0.14990234375
-0.00860023498535156 0.0170021057128906 -0.178176879882813 0.0676116943359375
0.00291824340820312 0.0400428771972656 -0.267913818359375 -0.234588623046875
0.0518417358398438 0.0400009155273438 -0.114044189453125 -0.530364990234375
0.0627212524414063 0.0126953125 0.35595703125 -0.550537109375
0.00866508483886719 -0.0270347595214844 0.79656982421875 -0.00885009765625
-0.0560760498046875 -0.0751953125 0.61376953125 0.66455078125
-0.0056304931640625 -0.0295505523681641 0.06292724609375 0.6572265625
0.0194110870361328 -0.0111675262451172 0.112037658691406 -0.0391769409179688
-0.0235786437988281 -0.0449371337890625 -0.09521484375 -0.68414306640625
-0.0510482788085938 -0.0546150207519531 -0.744873046875 -0.358154296875
-0.0185070037841797 -0.0247650146484375 -0.622802734375 0.483154296875
0.0375022888183594 -0.0062103271484375 -0.01318359375 0.68194580078125
0.0510902404785156 0.0146484375 0.28515625 0.4639892578125
0.0148658752441406 0.0268802642822266 0.31475830078125 0.101898193359375
0.0105857849121094 0.0273227691650391 0.168258666992188 -0.150833129882813
-0.00738954544067383 0.00465106964111328 -0.176193237304688 0.05865478515625
-0.0030364990234375 0.0108022689819336 -0.272537231445313 -0.248123168945313
0.0350341796875 0.0135421752929688 -0.112579345703125 -0.532257080078125
0.0529975891113281 0.0119667053222656 0.36602783203125 -0.5306396484375
0.00688076019287109 -0.00986957550048828 0.79974365234375 0.02947998046875
-0.0534782409667969 -0.0560684204101562 0.60516357421875 0.69732666015625
0.0032501220703125 -0.0304489135742188 0.0584716796874999 0.66217041015625
0.0319690704345703 -0.0217742919921875 0.122764587402344 -0.0496292114257812
-0.0200614929199219 -0.0423736572265625 -0.103515625 -0.68109130859375
-0.0439033508300781 -0.0345535278320313 -0.739501953125 -0.32733154296875
-0.0128374099731445 -0.00989437103271485 -0.59368896484375 0.51202392578125
0.0283870697021484 -0.00523567199707031 0.0133056640625 0.691650390625
0.0300731658935547 -0.00373458862304687 0.292083740234375 0.4686279296875
0.00216817855834961 0.00229001045227051 0.313720703125 0.10009765625
0.00494670867919922 0.00972557067871094 0.167327880859375 -0.152969360351563
-0.00330018997192383 -0.00858736038208008 -0.174591064453125 0.0595245361328125
-0.002288818359375 -0.0245990753173828 -0.2772216796875 -0.254547119140625
0.0198211669921875 -0.0170955657958984 -0.125213623046875 -0.53253173828125
0.0379066467285156 0.00396728515625 0.35943603515625 -0.52581787109375
0.00213003158569336 0.0070490837097168 0.80169677734375 0.0341796875
-0.0536384582519531 -0.0339126586914062 0.61053466796875 0.701171875
0.0135688781738281 -0.0312271118164063 0.0653076171875 0.66107177734375
0.0491142272949219 -0.0354537963867188 0.125617980957031 -0.0511322021484375
-0.01190185546875 -0.0411949157714844 -0.10101318359375 -0.68206787109375
-0.0332469940185547 -0.0150661468505859 -0.734130859375 -0.32916259765625
-0.00316429138183594 0.00764083862304688 -0.5853271484375 0.51165771484375
0.0213356018066406 0.000623703002929688 0.01507568359375 0.6978759765625
0.00751399993896484 -0.0171728134155273 0.287445068359375 0.47308349609375
-0.0150966644287109 -0.0213050842285156 0.311859130859375 0.10321044921875
0.00364494323730469 -0.00638151168823242 0.167724609375 -0.15283203125
0.00380516052246094 -0.0210437774658203 -0.171722412109375 0.0607147216796875
-0.00468444824218749 -0.0594863891601563 -0.284698486328125 -0.2481689453125
0.000164031982421875 -0.0479354858398438 -0.143310546875 -0.52532958984375
0.0216598510742188 -0.00114822387695313 0.33807373046875 -0.540191650390625
0.00029754638671875 0.0258960723876953 0.80072021484375 -0.0064697265625
-0.0532722473144531 -0.00878524780273438 0.635498046875 0.6668701171875
0.0215797424316406 -0.0306682586669922 0.081298828125 0.65380859375
0.0645790100097656 -0.0471343994140625 0.122520446777344 -0.0448837280273438
-0.00092697143554688 -0.0411567687988281 -0.08551025390625 -0.68975830078125
-0.0209140777587891 0.00308609008789063 -0.728271484375 -0.36407470703125
0.00692939758300781 0.0253238677978516 -0.60955810546875 0.4864501953125
0.0124721527099609 0.00715827941894531 -0.0108642578124999 0.69952392578125
-0.0140819549560547 -0.0330829620361328 0.274078369140625 0.48291015625
-0.0299568176269531 -0.0461540222167969 0.31048583984375 0.109649658203125
0.00228309631347656 -0.02178955078125 0.168350219726563 -0.153305053710938
0.0112552642822266 -0.0302543640136719 -0.171859741210938 0.066009521484375
-0.013946533203125 -0.0843887329101562 -0.294464111328125 -0.231689453125
-0.0204887390136719 -0.067169189453125 -0.16485595703125 -0.515625
0.00727510452270508 -0.00187110900878906 0.30743408203125 -0.568115234375
0.000751495361328126 0.0442962646484375 0.79583740234375 -0.0816650390625
-0.0483131408691406 0.0135459899902344 0.66705322265625 0.5982666015625
0.0282840728759766 -0.0293483734130859 0.1041259765625 0.642822265625
0.0795745849609375 -0.0587234497070312 0.111366271972656 -0.0295867919921875
0.00889968872070313 -0.0409164428710938 -0.0608520507812499 -0.69769287109375
-0.0129108428955078 0.0184650421142578 -0.7154541015625 -0.42425537109375
0.0109367370605469 0.0430526733398438 -0.65478515625 0.43450927734375
0.00439643859863281 0.012639045715332 -0.06024169921875 0.69268798828125
-0.0311241149902344 -0.0472183227539063 0.24884033203125 0.49554443359375
-0.0391693115234375 -0.0697822570800781 0.30670166015625 0.11883544921875
0.00646209716796875 -0.0362930297851563 0.167892456054688 -0.1512451171875
0.0127735137939453 -0.0335292816162109 -0.170654296875 0.07818603515625
-0.0222854614257812 -0.096282958984375 -0.3016357421875 -0.209320068359375
-0.0394439697265625 -0.0727081298828125 -0.188262939453125 -0.50396728515625
-0.00223159790039063 0.00373435020446777 0.26397705078125 -0.60906982421875
0.00806427001953125 0.0549430847167969 0.77093505859375 -0.1790771484375
-0.0398674011230469 0.0299530029296875 0.6959228515625 0.5128173828125
0.0336055755615234 -0.02691650390625 0.1304931640625 0.62860107421875
0.0880508422851563 -0.061737060546875 0.0945663452148438 -0.0101089477539063
0.0177421569824219 -0.0418128967285156 -0.026123046875 -0.71173095703125
-0.00845527648925781 0.0283203125 -0.69647216796875 -0.51123046875
0.00957107543945313 0.0553855895996094 -0.7103271484375 0.3560791015625
-0.00559616088867188 0.0172605514526367 -0.12109375 0.67340087890625
-0.0403060913085937 -0.0613517761230469 0.218231201171875 0.501708984375
-0.0394973754882813 -0.09014892578125 0.302276611328125 0.130859375
0.013519287109375 -0.04248046875 0.170257568359375 -0.1483154296875
-0.000228881835937498 0.0382499694824219 -0.178070068359375 0.0912933349609375
0.0283851623535156 0.0611801147460937 -0.272491455078125 -0.184326171875
0.0740890502929688 0.0451278686523438 -0.1429443359375 -0.525360107421875
0.066375732421875 0.00493240356445313 0.28497314453125 -0.63629150390625
-0.00336456298828125 -0.0379638671875 0.7574462890625 -0.1771240234375
-0.0643768310546875 -0.0781707763671875 0.66162109375 0.517822265625
-0.0153579711914062 -0.02227783203125 0.1024169921875 0.6363525390625
0.00601434707641602 0.00496482849121094 0.0776748657226563 -0.0117721557617187
-0.0204315185546875 -0.0492210388183594 -0.0601806640625 -0.71038818359375
-0.0461502075195312 -0.081573486328125 -0.7449951171875 -0.486328125
-0.0168190002441406 -0.0425338745117188 -0.7139892578125 0.3687744140625
0.0538864135742188 0.00432968139648438 -0.09375 0.64068603515625
0.0664634704589844 0.049407958984375 0.26470947265625 0.457305908203125
0.0233421325683594 0.0574264526367188 0.324462890625 0.111724853515625
0.0136375427246094 0.0471382141113281 0.173858642578125 -0.1483154296875
-0.00686073303222656 0.0277500152587891 -0.179840087890625 0.0832672119140625
0.013916015625 0.0555839538574219 -0.27301025390625 -0.203826904296875
0.0663261413574219 0.0485458374023438 -0.12310791015625 -0.525115966796875
0.0685882568359375 0.00896453857421875 0.326416015625 -0.590576171875
0.00241470336914063 -0.0362319946289063 0.7813720703125 -0.087646484375
-0.0578842163085937 -0.0803985595703125 0.63824462890625 0.59521484375
-0.0118770599365234 -0.0255908966064453 0.08331298828125 0.64642333984375
0.00975513458251953 -0.000638961791992188 0.0969467163085938 -0.0288162231445313
-0.0239105224609375 -0.0487861633300781 -0.0855712890625 -0.69439697265625
-0.05242919921875 -0.0689735412597656 -0.7469482421875 -0.4066162109375
-0.0225257873535156 -0.0389671325683594 -0.65802001953125 0.44012451171875
0.0465927124023438 -0.0046844482421875 -0.04278564453125 0.6607666015625
0.0632781982421875 0.032684326171875 0.279388427734375 0.454132080078125
0.0229377746582031 0.0454216003417969 0.3197021484375 0.10260009765625
0.0116996765136719 0.0411415100097656 0.168380737304688 -0.152496337890625
-0.00786018371582031 0.0184764862060547 -0.177780151367188 0.0697021484375
0.00378799438476562 0.0401268005371094 -0.271926879882812 -0.230133056640625
0.0523567199707031 0.0394477844238281 -0.124298095703125 -0.52716064453125
0.0639686584472656 0.0142822265625 0.34674072265625 -0.55413818359375
0.0066986083984375 -0.0266647338867188 0.7913818359375 -0.02349853515625
-0.0559539794921875 -0.0739822387695312 0.6212158203125 0.6531982421875
-0.00708198547363281 -0.0276966094970703 0.0712890625 0.65411376953125
0.0190105438232422 -0.00974082946777344 0.110633850097656 -0.0414199829101562
-0.0243263244628906 -0.0441398620605469 -0.104248046875 -0.68017578125
-0.0533905029296875 -0.0535926818847656 -0.74835205078125 -0.3468017578125
-0.0198192596435547 -0.0269489288330078 -0.61224365234375 0.4935302734375
0.0360870361328125 -0.0088043212890625 -0.00158691406249993 0.6810302734375
0.0503501892089844 0.0148086547851563 0.2930908203125 0.4561767578125
0.0166969299316406 0.0264358520507813 0.31719970703125 0.096466064453125
0.0095062255859375 0.0252590179443359 0.166427612304687 -0.153335571289063
-0.00605392456054688 0.00403404235839844 -0.174850463867188 0.0620880126953125
-0.00144481658935547 0.0112648010253906 -0.276077270507813 -0.24322509765625
0.0368728637695313 0.0149040222167969 -0.1234130859375 -0.53125
0.0525703430175781 0.0107803344726563 0.355255126953125 -0.53363037109375
0.00564002990722656 -0.0108709335327148 0.796142578125 0.0185546875
-0.0541191101074219 -0.0557823181152344 0.61376953125 0.69012451171875
0.0024871826171875 -0.0299110412597656 0.066650390625 0.66009521484375
0.0327720642089844 -0.0233078002929687 0.122764587402344 -0.05078125
-0.0193061828613281 -0.0425491333007813 -0.11175537109375 -0.67742919921875
-0.0452804565429688 -0.0340194702148438 -0.742919921875 -0.31536865234375
-0.0126972198486328 -0.00985145568847656 -0.583740234375 0.51776123046875
0.0285816192626953 -0.00709724426269531 0.0238647460937499 0.69256591796875
0.030792236328125 -0.00426292419433594 0.2996826171875 0.460113525390625
0.00161004066467285 0.00363898277282715 0.316864013671875 0.09600830078125
0.00618934631347656 0.00885200500488281 0.163864135742187 -0.15576171875
-0.00415420532226563 -0.0100202560424805 -0.17449951171875 0.0605926513671875
-0.00194931030273438 -0.0253200531005859 -0.2816162109375 -0.2493896484375
0.0184555053710937 -0.0166282653808594 -0.13360595703125 -0.529022216796875
0.0381355285644531 0.00369644165039063 0.349456787109375 -0.530609130859375
0.00167608261108398 0.00608491897583008 0.79766845703125 0.0218505859375
-0.055206298828125 -0.0324821472167969 0.617431640625 0.69146728515625
0.0120029449462891 -0.031646728515625 0.07196044921875 0.6573486328125
0.0481338500976563 -0.0354270935058594 0.125900268554688 -0.0522308349609375
-0.0113487243652344 -0.0407524108886719 -0.1068115234375 -0.67962646484375
-0.0335807800292969 -0.0151462554931641 -0.73583984375 -0.31817626953125
-0.00389528274536133 0.00745582580566406 -0.57647705078125 0.51837158203125
0.0202255249023438 -0.000791549682617188 0.025634765625 0.6968994140625
0.0079498291015625 -0.0179424285888672 0.295684814453125 0.4669189453125
-0.0155143737792969 -0.0219841003417969 0.3157958984375 0.0963134765625
0.00393104553222656 -0.00798749923706055 0.16473388671875 -0.156494140625
0.00440597534179687 -0.0222492218017578 -0.172225952148437 0.063812255859375
-0.00532150268554688 -0.058074951171875 -0.289520263671875 -0.242523193359375
-0.00117874145507812 -0.04730224609375 -0.152496337890625 -0.521636962890625
0.0211887359619141 -0.00125503540039063 0.329559326171875 -0.5452880859375
-0.00149726867675781 0.0256481170654297 0.79718017578125 -0.01885986328125
-0.0536842346191406 -0.00713348388671875 0.6412353515625 0.65625
0.0205554962158203 -0.0307693481445312 0.08721923828125 0.6510009765625
0.0642890930175781 -0.0485916137695312 0.122230529785156 -0.04620361328125
-0.000850677490234378 -0.0404891967773438 -0.09375 -0.68646240234375
-0.0213165283203125 0.00337409973144531 -0.72967529296875 -0.35321044921875
0.00561332702636718 0.0259628295898438 -0.6021728515625 0.493896484375
0.0115194320678711 0.00682544708251953 0.000610351562500064 0.69891357421875
-0.0147914886474609 -0.0316581726074219 0.28228759765625 0.47760009765625
-0.0304718017578125 -0.0461921691894531 0.312652587890625 0.10302734375
0.00311088562011719 -0.0237503051757812 0.165023803710937 -0.15435791015625
0.0107192993164063 -0.0307273864746094 -0.171279907226563 0.0702667236328125
-0.0140762329101563 -0.08367919921875 -0.300628662109375 -0.226318359375
-0.0217971801757812 -0.0678558349609375 -0.172821044921875 -0.51123046875
0.00670528411865234 -0.00148773193359375 0.296875 -0.57476806640625
0.000514984130859376 0.0426559448242188 0.7901611328125 -0.09344482421875
-0.0489349365234375 0.0158729553222656 0.6728515625 0.5880126953125
0.0269641876220703 -0.0303325653076172 0.11090087890625 0.64111328125
0.0788116455078125 -0.0581512451171875 0.111129760742188 -0.033172607421875
0.00846099853515625 -0.0413322448730469 -0.0673217773437501 -0.69720458984375
-0.0120182037353516 0.017552375793457 -0.719482421875 -0.41375732421875
0.0113143920898437 0.0427131652832031 -0.646240234375 0.444091796875
0.00253868103027344 0.0135564804077148 -0.0487670898437499 0.69378662109375
-0.0318946838378906 -0.046234130859375 0.257232666015625 0.489013671875
-0.0403480529785156 -0.0696258544921875 0.308441162109375 0.113525390625
0.0060882568359375 -0.0373649597167969 0.165740966796875 -0.154815673828125
0.0137939453125 -0.0345859527587891 -0.170623779296875 0.0806732177734375
-0.024322509765625 -0.096160888671875 -0.30657958984375 -0.202911376953125
-0.04132080078125 -0.0708847045898438 -0.196441650390625 -0.49957275390625
-0.00148439407348633 0.00522470474243164 0.252685546875 -0.61126708984375
0.00858306884765625 0.0537910461425781 0.767578125 -0.18951416015625
-0.0391769409179688 0.0327186584472656 0.7005615234375 0.50177001953125
0.0323677062988281 -0.0278968811035156 0.13836669921875 0.62347412109375
0.0871734619140625 -0.0618972778320312 0.0930099487304688 -0.0109710693359375
0.0181694030761719 -0.041229248046875 -0.03631591796875 -0.7108154296875
-0.00744247436523437 0.0290622711181641 -0.70245361328125 -0.50067138671875
0.00962448120117188 0.0560340881347656 -0.703857421875 0.36590576171875
-0.00745201110839844 0.0178966522216797 -0.11083984375 0.67510986328125
-0.0419883728027344 -0.0606918334960938 0.226776123046875 0.49615478515625
-0.0399856567382812 -0.08984375 0.3043212890625 0.1241455078125
0.0122222900390625 -0.043731689453125 0.169387817382813 -0.152313232421875
0.00230789184570313 0.0375556945800781 -0.17681884765625 0.0945587158203125
0.0285797119140625 0.0589218139648437 -0.275985717773438 -0.18109130859375
0.0756683349609375 0.04266357421875 -0.151092529296875 -0.51971435546875
0.066375732421875 0.00225830078125 0.27392578125 -0.63909912109375
-0.00423049926757813 -0.0382156372070313 0.751708984375 -0.1856689453125
-0.065521240234375 -0.0780181884765625 0.66632080078125 0.5069580078125
-0.0158863067626953 -0.0217628479003906 0.10968017578125 0.63275146484375
0.00633668899536133 0.00411558151245117 0.078857421875 -0.011566162109375
-0.0211219787597656 -0.0482444763183594 -0.06951904296875 -0.7081298828125
-0.048309326171875 -0.078857421875 -0.74639892578125 -0.4754638671875
-0.017913818359375 -0.0417861938476563 -0.7081298828125 0.37835693359375
0.0524978637695313 0.00257492065429688 -0.085205078125 0.639892578125
0.0676612854003906 0.0487785339355469 0.2705078125 0.450927734375
0.0243988037109375 0.0567703247070312 0.32598876953125 0.106231689453125
0.0158767700195313 0.0461997985839844 0.170684814453125 -0.151641845703125
-0.00586700439453125 0.0282497406005859 -0.178558349609375 0.08465576171875
0.01531982421875 0.0558547973632813 -0.273483276367187 -0.200042724609375
0.0667877197265625 0.0476188659667969 -0.132232666015625 -0.5213623046875
0.06890869140625 0.00725173950195313 0.315673828125 -0.591796875
0.00142288208007812 -0.0371665954589844 0.774658203125 -0.100341796875
-0.0612411499023437 -0.07940673828125 0.640625 0.58392333984375
-0.014617919921875 -0.0265445709228516 0.0900878906249999 0.6424560546875
0.00946998596191406 -0.00134944915771484 0.0959091186523438 -0.03082275390625
-0.0247001647949219 -0.0465660095214844 -0.093505859375 -0.69000244140625
-0.0556602478027344 -0.0675811767578125 -0.749755859375 -0.3936767578125
-0.0236930847167969 -0.0377235412597656 -0.65087890625 0.44927978515625
0.0461769104003906 -0.00659942626953125 -0.03253173828125 0.659423828125
0.0641899108886719 0.0307502746582031 0.285369873046875 0.447967529296875
0.0230789184570312 0.0449447631835937 0.321807861328125 0.095489501953125
0.0136528015136719 0.0406150817871094 0.167709350585938 -0.154205322265625
-0.00719451904296875 0.0179805755615234 -0.176559448242188 0.072784423828125
0.005645751953125 0.0399017333984375 -0.276535034179688 -0.225082397460937
0.0559043884277344 0.039794921875 -0.132049560546875 -0.521392822265625
0.0653610229492188 0.0113945007324219 0.3375244140625 -0.557891845703125
0.00523757934570312 -0.0268535614013672 0.78692626953125 -0.03350830078125
-0.0576934814453125 -0.0719833374023438 0.6265869140625 0.641845703125
-0.00621795654296875 -0.0289630889892578 0.078369140625 0.64971923828125
0.0196571350097656 -0.0104084014892578 0.111030578613281 -0.0437393188476563
-0.024078369140625 -0.0429840087890625 -0.11297607421875 -0.67877197265625
-0.0539970397949219 -0.0522079467773437 -0.74871826171875 -0.3358154296875
-0.0208225250244141 -0.0253543853759766 -0.60089111328125 0.49871826171875
0.035614013671875 -0.00933456420898438 0.01031494140625 0.67913818359375
0.05169677734375 0.0157241821289063 0.29998779296875 0.450531005859375
0.0172290802001953 0.0264320373535156 0.317291259765625 0.091522216796875
0.0106315612792969 0.0252876281738281 0.164047241210938 -0.157012939453125
-0.00553083419799805 0.00469017028808594 -0.173477172851562 0.0643310546875
-0.00126743316650391 0.0110273361206055 -0.28009033203125 -0.237899780273438
0.0373649597167969 0.015777587890625 -0.13128662109375 -0.52618408203125
0.0537910461425781 0.00811004638671875 0.34503173828125 -0.537933349609375
0.00383281707763672 -0.0114822387695312 0.79296875 0.008544921875
-0.0546112060546875 -0.0539894104003906 0.61962890625 0.67559814453125
0.00319290161132812 -0.0311260223388672 0.07421875 0.653076171875
0.0328369140625 -0.0236034393310547 0.120658874511719 -0.0526580810546875
-0.0206069946289063 -0.0419235229492188 -0.12042236328125 -0.67340087890625
-0.0447731018066406 -0.0328521728515625 -0.74359130859375 -0.305419921875
-0.0132112503051758 -0.0102863311767578 -0.57080078125 0.5250244140625
0.0272731781005859 -0.00863075256347656 0.035400390625 0.687255859375
0.0308685302734375 -0.00387763977050781 0.306915283203125 0.455657958984375
0.00342440605163574 0.00340366363525391 0.318817138671875 0.090545654296875
0.00712203979492188 0.00813007354736328 0.16192626953125 -0.158889770507813
-0.00188064575195312 -0.0103797912597656 -0.173614501953125 0.063507080078125
-0.00221443176269531 -0.0254726409912109 -0.286651611328125 -0.24334716796875
0.0202789306640625 -0.0165538787841797 -0.14190673828125 -0.5245361328125
0.0382919311523438 0.00336074829101562 0.33856201171875 -0.532806396484375
0.000577926635742188 0.00578403472900391 0.7938232421875 0.0106201171875
-0.0550155639648438 -0.0310249328613281 0.62213134765625 0.6795654296875
0.0118637084960938 -0.0324783325195313 0.07861328125 0.653076171875
0.0484542846679688 -0.0373802185058594 0.125114440917969 -0.055419921875
-0.0122108459472656 -0.0407829284667969 -0.11627197265625 -0.674560546875
-0.0332508087158203 -0.013336181640625 -0.7364501953125 -0.3089599609375
-0.00248861312866211 0.00720024108886719 -0.56768798828125 0.52496337890625
0.0197582244873047 -0.000926971435546875 0.0372924804687499 0.69256591796875
0.00662994384765625 -0.0177154541015625 0.302947998046875 0.459747314453125
-0.0161380767822266 -0.0203227996826172 0.31634521484375 0.091033935546875
0.00251197814941406 -0.00816059112548828 0.163619995117188 -0.157821655273438
0.00553703308105469 -0.0219917297363281 -0.171554565429687 0.0655670166015625
-0.00638961791992187 -0.0581016540527344 -0.295257568359375 -0.237213134765625
-0.000377655029296879 -0.0465965270996094 -0.162109375 -0.51739501953125
0.0213661193847656 -0.00260543823242187 0.317962646484375 -0.5472412109375
-0.00195693969726562 0.0259876251220703 0.79302978515625 -0.030517578125
-0.05377197265625 -0.00507736206054687 0.64642333984375 0.64459228515625
0.0201950073242188 -0.0312080383300781 0.09576416015625 0.6461181640625
0.0641517639160156 -0.049713134765625 0.12060546875 -0.0476608276367188
-0.00159835815429688 -0.0388946533203125 -0.1024169921875 -0.6834716796875
-0.0205707550048828 0.00398635864257813 -0.73272705078125 -0.34295654296875
0.00580787658691406 0.0267200469970703 -0.59130859375 0.50274658203125
0.0121908187866211 0.00595378875732422 0.01190185546875 0.69647216796875
-0.0152015686035156 -0.0313262939453125 0.290618896484375 0.47113037109375
-0.0318031311035156 -0.0459823608398438 0.315673828125 0.098052978515625
0.00269699096679688 -0.0253162384033203 0.16180419921875 -0.15777587890625
0.0113945007324219 -0.0313453674316406 -0.169326782226562 0.071807861328125
-0.0142974853515625 -0.0836563110351563 -0.302490234375 -0.21893310546875
-0.0215072631835937 -0.0656814575195313 -0.18157958984375 -0.50701904296875
0.00532722473144531 -0.00120210647583008 0.28839111328125 -0.57537841796875
-0.000606536865234371 0.0414161682128906 0.7845458984375 -0.10638427734375
-0.0488052368164063 0.0167427062988281 0.6767578125 0.576171875
0.0277328491210938 -0.0301361083984375 0.1177978515625 0.6346435546875
0.078155517578125 -0.0592041015625 0.110038757324219 -0.0342483520507813
0.00945281982421875 -0.0410842895507812 -0.0765991210937501 -0.69384765625
-0.0108871459960938 0.0201435089111328 -0.72161865234375 -0.40338134765625
0.0123481750488281 0.0416793823242188 -0.63800048828125 0.45098876953125
0.00351905822753906 0.0137262344360352 -0.03619384765625 0.69122314453125
-0.0334281921386719 -0.0462188720703125 0.26495361328125 0.48297119140625
-0.0411224365234375 -0.0680389404296875 0.310546875 0.107696533203125
0.00468826293945313 -0.0382652282714844 0.163818359375 -0.158065795898438
0.0126075744628906 -0.033905029296875 -0.1700439453125 0.0820465087890625
-0.0257415771484375 -0.0969619750976563 -0.310302734375 -0.19744873046875
-0.0429229736328125 -0.0705642700195313 -0.202850341796875 -0.494384765625
-0.00193929672241211 0.00442838668823242 0.24359130859375 -0.6131591796875
0.00809097290039063 0.0544013977050781 0.759521484375 -0.20123291015625
-0.0391693115234375 0.0328826904296875 0.7037353515625 0.4903564453125
0.03094482421875 -0.02813720703125 0.14520263671875 0.61956787109375
0.08551025390625 -0.06292724609375 0.0927352905273437 -0.0137557983398438
0.0184860229492188 -0.0398788452148438 -0.0421142578125 -0.70751953125
-0.00639533996582032 0.028289794921875 -0.70416259765625 -0.4881591796875
0.01123046875 0.056732177734375 -0.6962890625 0.3753662109375
-0.00607109069824219 0.0182647705078125 -0.0994873046875 0.6739501953125
-0.0431022644042969 -0.0612411499023438 0.235931396484375 0.488800048828125
-0.0410537719726563 -0.0898284912109375 0.307464599609375 0.11859130859375
0.0119400024414062 -0.0449714660644531 0.16558837890625 -0.152908325195313
0.002288818359375 0.0383071899414063 -0.174789428710938 0.0957794189453125
0.028717041015625 0.0601959228515625 -0.277435302734375 -0.174835205078125
0.0764694213867187 0.0422439575195312 -0.158599853515625 -0.51727294921875
0.065704345703125 0.000873565673828125 0.2625732421875 -0.63897705078125
-0.00637435913085938 -0.0397148132324219 0.743408203125 -0.195556640625
-0.0678939819335938 -0.075775146484375 0.66595458984375 0.49505615234375
-0.0165996551513672 -0.0220985412597656 0.1156005859375 0.625
0.00510549545288086 0.00589179992675781 0.0770111083984375 -0.014068603515625
-0.022308349609375 -0.04840087890625 -0.07806396484375 -0.70086669921875
-0.048187255859375 -0.0787506103515625 -0.74853515625 -0.4635009765625
-0.019744873046875 -0.0425033569335938 -0.69793701171875 0.3848876953125
0.0534210205078125 0.00138473510742187 -0.0748291015625 0.63720703125
0.0684547424316406 0.0472488403320312 0.278839111328125 0.445220947265625
0.0249099731445313 0.0571823120117188 0.32708740234375 0.10040283203125
0.0173912048339844 0.0443916320800781 0.168716430664063 -0.15338134765625
-0.00493621826171875 0.0290050506591797 -0.176071166992188 0.0865631103515625
0.01611328125 0.0564918518066406 -0.277145385742188 -0.194229125976563
0.0684013366699219 0.0474014282226563 -0.140472412109375 -0.51629638671875
0.0677566528320313 0.00634384155273437 0.3056640625 -0.59625244140625
0.00101852416992187 -0.0367431640625 0.7672119140625 -0.1083984375
-0.0620880126953125 -0.0777816772460937 0.6439208984375 0.5714111328125
-0.0135021209716797 -0.0238800048828125 0.0963745117187499 0.63714599609375
0.00982666015625 -0.000205039978027344 0.0950088500976563 -0.0309066772460938
-0.02490234375 -0.0465278625488281 -0.1025390625 -0.68658447265625
-0.0544471740722656 -0.0674400329589844 -0.7489013671875 -0.38250732421875
-0.0237579345703125 -0.0373191833496094 -0.6407470703125 0.45355224609375
0.0456199645996094 -0.00661087036132813 -0.0228271484375 0.656005859375
0.0645408630371094 0.0301933288574219 0.29144287109375 0.440673828125
0.02447509765625 0.0464515686035156 0.323150634765625 0.08953857421875
0.0139427185058594 0.0397682189941406 0.163482666015625 -0.156448364257813
-0.00801277160644531 0.0177230834960938 -0.175537109375 0.0755462646484375
0.0076446533203125 0.0412254333496094 -0.277633666992187 -0.218399047851563
0.0572509765625 0.0383453369140625 -0.140899658203125 -0.5155029296875
0.0654296875 0.00912857055664063 0.326263427734375 -0.560699462890625
0.00527191162109375 -0.0266227722167969 0.7794189453125 -0.04327392578125
-0.0587387084960937 -0.0702018737792969 0.63018798828125 0.630615234375
-0.0069580078125 -0.0280075073242187 0.08514404296875 0.644775390625
0.0204696655273438 -0.0107975006103516 0.109367370605469 -0.0434799194335938
-0.0250816345214844 -0.0435829162597656 -0.1192626953125 -0.6729736328125
-0.0540580749511719 -0.051483154296875 -0.74652099609375 -0.32464599609375
-0.0215358734130859 -0.0264225006103516 -0.59259033203125 0.50518798828125
0.0355682373046875 -0.00931930541992188 0.018310546875 0.67401123046875
0.0511360168457031 0.0126190185546875 0.307891845703125 0.44439697265625
0.0168876647949219 0.0266284942626953 0.319488525390625 0.085235595703125
0.0109596252441406 0.0226554870605469 0.160369873046875 -0.158935546875
-0.00513172149658203 0.00402116775512695 -0.17230224609375 0.066009521484375
0.000804901123046874 0.0117959976196289 -0.285369873046875 -0.232635498046875
0.0382652282714844 0.0139389038085938 -0.1390380859375 -0.5218505859375
0.0529975891113281 0.00698471069335938 0.336181640625 -0.539581298828125
0.00404167175292969 -0.0117912292480469 0.78607177734375 -0.0037841796875
-0.0559463500976563 -0.05316162109375 0.62359619140625 0.66412353515625
0.00254440307617188 -0.0310287475585938 0.07989501953125 0.6475830078125
0.03179931640625 -0.0222396850585938 0.119979858398437 -0.0544052124023437
-0.0205459594726562 -0.0407142639160156 -0.12615966796875 -0.669921875
-0.0449600219726563 -0.0323562622070313 -0.74169921875 -0.29461669921875
-0.0142402648925781 -0.0108346939086914 -0.561279296875 0.52960205078125
0.0275554656982422 -0.00848007202148438 0.044677734375 0.6844482421875
0.0301132202148438 -0.00413894653320313 0.314117431640625 0.448455810546875
0.00120019912719727 0.00406265258789063 0.319061279296875 0.081878662109375
0.00769710540771484 0.00608634948730469 0.15924072265625 -0.160781860351563
-0.00126743316650391 -0.0105438232421875 -0.171676635742187 0.06640625
-0.00215911865234375 -0.0235328674316406 -0.289520263671875 -0.2384033203125
0.0195636749267578 -0.0170459747314453 -0.150177001953125 -0.5213623046875
0.0373916625976563 0.00202560424804688 0.32855224609375 -0.5347900390625
-0.000607013702392578 0.00541496276855469 0.78717041015625 6.10351562500003E-05
-0.05657958984375 -0.0304336547851563 0.62744140625 0.66705322265625
0.0116825103759766 -0.0311298370361328 0.0859375000000001 0.64691162109375
0.0473175048828125 -0.0377006530761719 0.123321533203125 -0.0560531616210937
-0.0118560791015625 -0.0402488708496094 -0.12188720703125 -0.67279052734375
-0.0339221954345703 -0.0130748748779297 -0.73699951171875 -0.298095703125
-0.00390768051147461 0.00663423538208008 -0.55706787109375 0.52947998046875
0.0187091827392578 -0.00222969055175781 0.04730224609375 0.69012451171875
0.00692081451416016 -0.0171375274658203 0.309844970703125 0.45263671875
-0.0161056518554688 -0.0200786590576172 0.31903076171875 0.08428955078125
0.0038299560546875 -0.00942325592041016 0.160858154296875 -0.160293579101563
0.00576972961425781 -0.0224437713623047 -0.17132568359375 0.067962646484375
-0.00629043579101563 -0.0578689575195313 -0.297637939453125 -0.230316162109375
-0.00154876708984375 -0.0465583801269531 -0.16705322265625 -0.51336669921875
0.0206584930419922 -0.00215721130371094 0.308441162109375 -0.547698974609375
-0.00262260437011719 0.0247764587402344 0.785888671875 -0.04010009765625
-0.0535087585449219 -0.00393676757812501 0.64971923828125 0.63043212890625
0.0204524993896484 -0.0309524536132812 0.1016845703125 0.6392822265625
0.0635147094726563 -0.0505943298339844 0.1195068359375 -0.04937744140625
-0.00146865844726563 -0.0395774841308594 -0.10736083984375 -0.67864990234375
-0.0212535858154297 0.00601768493652344 -0.73095703125 -0.332763671875
0.00645828247070313 0.0251674652099609 -0.5831298828125 0.50604248046875
0.012629508972168 0.00568485260009766 0.02313232421875 0.69293212890625
-0.0157184600830078 -0.0303058624267578 0.29583740234375 0.464385986328125
-0.0315475463867188 -0.0451011657714844 0.31573486328125 0.091217041015625
0.00235176086425781 -0.0262928009033203 0.159866333007813 -0.159637451171875
0.0111579895019531 -0.0326747894287109 -0.168930053710938 0.073272705078125
-0.0158615112304687 -0.083221435546875 -0.306793212890625 -0.21405029296875
-0.0235939025878906 -0.0652275085449219 -0.190521240234375 -0.5008544921875
0.00546121597290039 -0.00208520889282227 0.27691650390625 -0.57562255859375
0.000720977783203128 0.0418815612792969 0.77667236328125 -0.1160888671875
-0.0484580993652344 0.0179786682128906 0.67889404296875 0.5654296875
0.0275764465332031 -0.0319766998291016 0.12408447265625 0.629150390625
0.0769805908203125 -0.060272216796875 0.108169555664063 -0.0353851318359375
0.00887680053710938 -0.03985595703125 -0.0836791992187499 -0.689697265625
-0.0111751556396484 0.0183486938476563 -0.72216796875 -0.39337158203125
0.0114288330078125 0.0421257019042969 -0.62701416015625 0.45684814453125
0.00307464599609375 0.0126457214355469 -0.025634765625 0.68829345703125
-0.0337638854980469 -0.0449447631835938 0.2716064453125 0.4764404296875
-0.0412864685058594 -0.0675926208496094 0.31207275390625 0.1009521484375
0.00535964965820313 -0.0392265319824219 0.160491943359375 -0.158981323242188
0.0143318176269531 -0.0343818664550781 -0.167724609375 0.08489990234375
-0.0268020629882812 -0.0960464477539063 -0.3121337890625 -0.19189453125
-0.0432968139648438 -0.0708160400390625 -0.21240234375 -0.4886474609375
-0.00367403030395508 0.00569820404052734 0.23150634765625 -0.61480712890625
0.00847244262695313 0.0528450012207031 0.75238037109375 -0.208984375
-0.0373001098632813 0.0335540771484375 0.7039794921875 0.479736328125
0.03155517578125 -0.0282917022705078 0.1510009765625 0.61419677734375
0.084686279296875 -0.0635910034179688 0.0919265747070313 -0.015472412109375
0.0180168151855469 -0.0405960083007813 -0.05194091796875 -0.70501708984375
-0.00601768493652344 0.0287399291992188 -0.7073974609375 -0.47784423828125
0.0124282836914063 0.0558357238769531 -0.6876220703125 0.38330078125
-0.00696754455566406 0.0160837173461914 -0.0887451171875001 0.67279052734375
-0.0439987182617188 -0.0602684020996094 0.24365234375 0.4857177734375
-0.0427093505859375 -0.0876541137695313 0.308746337890625 0.113037109375
0.0114288330078125 -0.0468597412109375 0.163681030273438 -0.157150268554688
0.00291061401367187 0.038543701171875 -0.1729736328125 0.09747314453125
0.030242919921875 0.0603446960449219 -0.27783203125 -0.170333862304688
0.07769775390625 0.0409393310546875 -0.16583251953125 -0.5101318359375
0.0665473937988281 -0.00134658813476563 0.25146484375 -0.6397705078125
-0.0084991455078125 -0.0406036376953125 0.73297119140625 -0.20404052734375
-0.0689849853515625 -0.0742034912109375 0.66680908203125 0.48382568359375
-0.017852783203125 -0.0214080810546875 0.1207275390625 0.6190185546875
0.0055079460144043 0.00607442855834961 0.0758209228515625 -0.014068603515625
-0.0236892700195312 -0.04718017578125 -0.0838623046875 -0.6964111328125
-0.0500030517578125 -0.0773544311523438 -0.749755859375 -0.451416015625
-0.0198402404785156 -0.0425491333007813 -0.687744140625 0.39166259765625
0.0541191101074219 0.00106048583984375 -0.06622314453125 0.63482666015625
0.0693702697753906 0.04705810546875 0.28179931640625 0.438323974609375
0.0246925354003906 0.0555496215820312 0.32891845703125 0.094146728515625
0.0170974731445312 0.0450248718261719 0.165985107421875 -0.156112670898438
-0.00424575805664062 0.0278358459472656 -0.173782348632813 0.0896148681640625
0.017486572265625 0.0555572509765625 -0.278182983398438 -0.188949584960937
0.0692939758300781 0.0456123352050781 -0.147430419921875 -0.5126953125
0.0677642822265625 0.0055999755859375 0.2939453125 -0.59527587890625
-0.0018157958984375 -0.0375633239746094 0.75830078125 -0.11865234375
-0.063568115234375 -0.07659912109375 0.64581298828125 0.56072998046875
-0.0130176544189453 -0.0257701873779297 0.1009521484375 0.63128662109375
0.00777769088745117 -0.000974178314208984 0.0934219360351563 -0.0318374633789063
-0.0245399475097656 -0.0451583862304687 -0.10693359375 -0.67950439453125
-0.0553665161132813 -0.065948486328125 -0.7476806640625 -0.37255859375
-0.0242996215820312 -0.037750244140625 -0.62945556640625 0.4595947265625
0.0458450317382813 -0.0084075927734375 -0.0144653320312499 0.6524658203125
0.065521240234375 0.0295562744140625 0.2957763671875 0.43280029296875
0.0244483947753906 0.0454940795898438 0.3221435546875 0.08404541015625
0.0139198303222656 0.0391464233398438 0.162139892578125 -0.158905029296875
-0.00698089599609375 0.0180644989013672 -0.173614501953125 0.0777435302734375
0.00657272338867188 0.0408439636230469 -0.279266357421875 -0.213134765625
0.0552444458007813 0.0379600524902344 -0.1478271484375 -0.5126953125
0.0649795532226563 0.00883865356445313 0.31781005859375 -0.56182861328125
0.00129127502441406 -0.0288200378417969 0.77142333984375 -0.05230712890625
-0.060089111328125 -0.0688323974609375 0.63116455078125 0.61712646484375
-0.00766181945800782 -0.0268688201904297 0.09039306640625 0.63677978515625
0.0188694000244141 -0.0119400024414063 0.109214782714844 -0.0453720092773438
-0.0262069702148438 -0.0410537719726562 -0.12542724609375 -0.6685791015625
-0.0554428100585937 -0.0504837036132813 -0.745849609375 -0.3125
-0.0222015380859375 -0.0257244110107422 -0.5814208984375 0.51007080078125
0.0367050170898438 -0.01123046875 0.02825927734375 0.671142578125
0.0524673461914063 0.0123100280761719 0.30987548828125 0.436614990234375
0.0170612335205078 0.0264415740966797 0.319091796875 0.079193115234375
0.0109291076660156 0.0225391387939453 0.158584594726563 -0.159957885742188
-0.0025629997253418 0.00469303131103516 -0.172378540039063 0.0697174072265625
0.000516891479492186 0.0127630233764648 -0.2855224609375 -0.2266845703125
0.0392189025878906 0.0135841369628906 -0.146820068359375 -0.51690673828125
0.0524787902832031 0.00556564331054688 0.32537841796875 -0.54034423828125
0.00113964080810547 -0.012603759765625 0.779541015625 -0.0125732421875
-0.0573005676269531 -0.0517311096191406 0.625 0.65228271484375
0.00238990783691407 -0.0307693481445312 0.0860595703125 0.642822265625
0.0320396423339844 -0.0231571197509766 0.118309020996094 -0.05615234375
-0.0194587707519531 -0.0405044555664063 -0.1329345703125 -0.6649169921875
-0.0471839904785156 -0.0323638916015625 -0.73992919921875 -0.28515625
-0.0151290893554687 -0.00987911224365234 -0.55023193359375 0.532958984375
0.0266780853271484 -0.00864982604980469 0.0557861328125 0.68048095703125
0.0312747955322266 -0.00506401062011719 0.31829833984375 0.4407958984375
0.00216221809387207 0.0038306713104248 0.31927490234375 0.076019287109375
0.00681447982788086 0.00686836242675781 0.156494140625 -0.162445068359375
-0.00209617614746094 -0.00935173034667969 -0.17144775390625 0.067169189453125
-0.00250053405761719 -0.0234756469726563 -0.291473388671875 -0.231658935546875
0.0189380645751953 -0.0165309906005859 -0.157012939453125 -0.515899658203125
0.0379066467285156 0.00101089477539063 0.3184814453125 -0.536468505859375
-0.00204372406005859 0.00452661514282227 0.78155517578125 -0.00970458984375
-0.0558853149414063 -0.0287246704101562 0.6304931640625 0.65667724609375
0.0102672576904297 -0.0318965911865234 0.0930786132812501 0.6409912109375
0.0477142333984375 -0.0372810363769531 0.121795654296875 -0.0565414428710938
-0.0127372741699219 -0.0384445190429688 -0.12969970703125 -0.666748046875
-0.0340309143066406 -0.011505126953125 -0.73321533203125 -0.28741455078125
-0.00361824035644531 0.00600910186767578 -0.5458984375 0.53204345703125
0.0188179016113281 -0.00223350524902344 0.05523681640625 0.683837890625
0.00550079345703125 -0.0173721313476563 0.31463623046875 0.446136474609375
-0.0154457092285156 -0.0205097198486328 0.3184814453125 0.07830810546875
0.00367069244384766 -0.0100793838500977 0.158447265625 -0.161773681640625
0.00665664672851563 -0.02349853515625 -0.169342041015625 0.0691680908203125
-0.0069580078125 -0.0585899353027344 -0.30035400390625 -0.2257080078125
-0.00217056274414062 -0.0462684631347656 -0.175628662109375 -0.50604248046875
0.0198841094970703 -0.00339698791503906 0.299224853515625 -0.55072021484375
-0.00326347351074219 0.0241718292236328 0.7808837890625 -0.050537109375
-0.0541267395019531 -0.00295639038085938 0.6513671875 0.61920166015625
0.0195999145507812 -0.0314693450927734 0.10919189453125 0.63348388671875
0.0626296997070313 -0.0493812561035156 0.118644714355469 -0.0510940551757813
-0.0019073486328125 -0.0388679504394531 -0.11700439453125 -0.6741943359375
-0.0204849243164062 0.004974365234375 -0.7291259765625 -0.32171630859375
0.00677871704101563 0.0249595642089844 -0.5706787109375 0.5093994140625
0.0116081237792969 0.00562381744384766 0.0313720703125 0.68829345703125
-0.016845703125 -0.0293769836425781 0.301605224609375 0.4541015625
-0.0329322814941406 -0.0436325073242188 0.31488037109375 0.08441162109375
0.00154304504394531 -0.0274314880371094 0.157272338867188 -0.1624755859375
0.0118789672851562 -0.0325851440429688 -0.168182373046875 0.0751953125
-0.0158920288085937 -0.0813217163085938 -0.30889892578125 -0.20758056640625
-0.0242843627929687 -0.0653038024902344 -0.196044921875 -0.496185302734375
0.00584840774536133 -0.00245952606201172 0.26629638671875 -0.576904296875
0.000560760498046874 0.0420875549316406 0.769775390625 -0.12469482421875
-0.04736328125 0.0184288024902344 0.67974853515625 0.55364990234375
0.0266571044921875 -0.0323543548583984 0.12738037109375 0.6220703125
0.0753021240234375 -0.0608749389648437 0.107208251953125 -0.03662109375
0.00922393798828125 -0.0406913757324219 -0.09063720703125 -0.684814453125
-0.0110263824462891 0.0212993621826172 -0.72259521484375 -0.38287353515625
0.0123977661132812 0.04156494140625 -0.618896484375 0.46356201171875
0.00218582153320313 0.0137090682983398 -0.01678466796875 0.6844482421875
-0.0346336364746094 -0.044158935546875 0.277587890625 0.467498779296875
-0.042327880859375 -0.0675048828125 0.314208984375 0.0941162109375
0.00408935546875 -0.0408172607421875 0.158203125 -0.1622314453125
0.0135231018066406 -0.03558349609375 -0.167221069335938 0.0850830078125
-0.0284500122070313 -0.0951614379882813 -0.31341552734375 -0.18597412109375
-0.0431175231933594 -0.0687446594238281 -0.2159423828125 -0.481719970703125
-0.00244712829589844 0.00561332702636719 0.220947265625 -0.61004638671875
0.00748825073242188 0.0529747009277344 0.742431640625 -0.218505859375
-0.037811279296875 0.0333900451660156 0.7037353515625 0.46807861328125
0.0299320220947266 -0.029815673828125 0.15350341796875 0.60760498046875
0.0833358764648438 -0.0649185180664063 0.0918807983398438 -0.0141448974609375
0.0185966491699219 -0.0394058227539063 -0.0585327148437499 -0.69744873046875
-0.00537681579589844 0.0298366546630859 -0.70953369140625 -0.46673583984375
0.0122337341308594 0.0555267333984375 -0.6763916015625 0.38763427734375
-0.00724506378173828 0.0170869827270508 -0.07861328125 0.66949462890625
-0.0450553894042969 -0.0583534240722656 0.24945068359375 0.479095458984375
-0.043914794921875 -0.0875473022460938 0.3094482421875 0.10565185546875
0.0106925964355469 -0.04742431640625 0.16156005859375 -0.158615112304688
0.0045166015625 0.0379447937011719 -0.170242309570312 0.0990142822265625
0.0316619873046875 0.0596237182617188 -0.27996826171875 -0.16522216796875
0.0777816772460938 0.0399398803710938 -0.172088623046875 -0.505401611328125
0.0660667419433594 -0.00264358520507812 0.24053955078125 -0.6376953125
-0.0086212158203125 -0.0389404296875 0.724365234375 -0.21258544921875
-0.0698471069335938 -0.0731964111328125 0.666259765625 0.47406005859375
-0.0182285308837891 -0.0203151702880859 0.125732421875 0.6134033203125
0.00521707534790039 0.0070037841796875 0.0763015747070313 -0.0151214599609375
-0.022430419921875 -0.0459098815917969 -0.08935546875 -0.69158935546875
-0.050567626953125 -0.0757598876953125 -0.74786376953125 -0.4417724609375
-0.0199813842773438 -0.0423851013183594 -0.67889404296875 0.39508056640625
0.0528793334960938 -0.0010986328125 -0.05780029296875 0.62994384765625
0.0688629150390625 0.0462722778320313 0.286468505859375 0.43060302734375
0.0265846252441406 0.0555877685546875 0.3277587890625 0.089080810546875
0.0182075500488281 0.0430107116699219 0.165725708007813 -0.15826416015625
-0.00361061096191406 0.0291748046875 -0.173187255859375 0.0902557373046875
0.01806640625 0.0562553405761719 -0.279434204101563 -0.184814453125
0.0705718994140625 0.0458526611328125 -0.1533203125 -0.50518798828125
0.0682601928710938 0.00365829467773438 0.28509521484375 -0.59625244140625
-0.00257110595703125 -0.0378761291503906 0.75115966796875 -0.12469482421875
-0.064178466796875 -0.074859619140625 0.647216796875 0.548095703125
-0.0141696929931641 -0.0236091613769531 0.10552978515625 0.62506103515625
0.0083165168762207 -0.00102949142456055 0.0921478271484375 -0.0325393676757813
-0.0267601013183594 -0.0444450378417969 -0.1123046875 -0.6759033203125
-0.0566329956054688 -0.0639266967773437 -0.7464599609375 -0.3616943359375
-0.0255279541015625 -0.036651611328125 -0.61895751953125 0.462646484375
0.0446662902832031 -0.00939178466796875 -0.00671386718749998 0.649169921875
0.0657501220703125 0.0288276672363281 0.301300048828125 0.425628662109375
0.0255699157714844 0.0454292297363281 0.32366943359375 0.079864501953125
0.017669677734375 0.0378227233886719 0.1595458984375 -0.161056518554688
-0.00469779968261719 0.0185089111328125 -0.172286987304688 0.077972412109375
0.00850296020507813 0.0409049987792969 -0.283599853515625 -0.208831787109375
0.0587730407714844 0.0375595092773438 -0.15301513671875 -0.505645751953125
0.0642166137695313 0.0070343017578125 0.307861328125 -0.560638427734375
0.00152015686035156 -0.0289783477783203 0.7655029296875 -0.06097412109375
-0.0608062744140625 -0.06744384765625 0.63232421875 0.60772705078125
-0.00822067260742187 -0.0273723602294922 0.095703125 0.63201904296875
0.0196571350097656 -0.00938796997070313 0.107391357421875 -0.0464019775390625
-0.0246086120605469 -0.0420875549316406 -0.12982177734375 -0.661376953125
-0.0555267333984375 -0.04815673828125 -0.7431640625 -0.3050537109375
-0.0231513977050781 -0.0250492095947266 -0.57073974609375 0.51123046875
0.0351829528808594 -0.0116043090820312 0.0362548828125 0.66650390625
0.0527992248535156 0.0118255615234375 0.314910888671875 0.429046630859375
0.0172958374023438 0.0263862609863281 0.320892333984375 0.07354736328125
0.0119037628173828 0.0213871002197266 0.155899047851563 -0.163055419921875
-0.00397133827209473 0.00405001640319824 -0.172576904296875 0.070159912109375
0.000963211059570313 0.0132637023925781 -0.288665771484375 -0.220794677734375
0.0393905639648438 0.013702392578125 -0.15216064453125 -0.510162353515625
0.0527229309082031 0.00403976440429688 0.31585693359375 -0.541168212890625
0.000796318054199218 -0.0125102996826172 0.77337646484375 -0.02044677734375
-0.0563583374023438 -0.0504341125488281 0.6258544921875 0.6402587890625
0.000303268432617186 -0.030426025390625 0.08978271484375 0.636474609375
0.0307846069335938 -0.0237922668457031 0.117172241210938 -0.056915283203125
-0.0199012756347656 -0.0395469665527344 -0.13751220703125 -0.6580810546875
-0.0458106994628906 -0.0300521850585938 -0.73492431640625 -0.27520751953125
-0.0155668258666992 -0.010167121887207 -0.539306640625 0.53411865234375
0.0257968902587891 -0.0105190277099609 0.0640869140625001 0.67510986328125
0.0319042205810547 -0.00382423400878906 0.32183837890625 0.432586669921875
0.00240850448608398 0.00427627563476563 0.319122314453125 0.071868896484375
0.00743007659912109 0.00565671920776367 0.155349731445313 -0.164276123046875
0.000324249267578124 -0.0100622177124023 -0.170989990234375 0.068939208984375
-0.00197792053222656 -0.0222759246826172 -0.293243408203125 -0.2266845703125
0.0197315216064453 -0.0168018341064453 -0.16351318359375 -0.510284423828125
0.0365219116210937 0.000225067138671875 0.309783935546875 -0.536468505859375
-0.00206136703491211 0.00537490844726563 0.7735595703125 -0.01898193359375
-0.0564346313476562 -0.0269927978515625 0.6295166015625 0.6427001953125
0.0104484558105469 -0.0310783386230469 0.0955810546875001 0.63427734375
0.0474433898925781 -0.0375213623046875 0.12066650390625 -0.059234619140625
-0.0113410949707031 -0.0369682312011719 -0.1341552734375 -0.66015625
-0.0340175628662109 -0.0108661651611328 -0.73052978515625 -0.278564453125
-0.00457239151000976 0.00699520111083984 -0.535400390625 0.534912109375
0.0182037353515625 -0.0032958984375 0.0633544921875 0.67950439453125
0.00554752349853515 -0.017024040222168 0.31884765625 0.437103271484375
-0.0165119171142578 -0.0200710296630859 0.318389892578125 0.072784423828125
0.00415229797363281 -0.0106229782104492 0.153945922851563 -0.16436767578125
0.00653076171875 -0.0235710144042969 -0.169265747070313 0.0717620849609375
-0.00783157348632812 -0.0577354431152344 -0.300933837890625 -0.218719482421875
-0.001556396484375 -0.0471534729003906 -0.1796875 -0.500030517578125
0.0195598602294922 -0.00355148315429687 0.288726806640625 -0.54913330078125
-0.00399589538574219 0.0234775543212891 0.77313232421875 -0.05908203125
-0.0529365539550781 -0.00244903564453126 0.650146484375 0.60736083984375
0.0193920135498047 -0.0320014953613281 0.11083984375 0.62689208984375
0.0622940063476563 -0.0504226684570313 0.116592407226563 -0.0521316528320313
-0.00214767456054688 -0.0389060974121094 -0.12005615234375 -0.66802978515625
-0.0201702117919922 0.00508880615234375 -0.72698974609375 -0.31207275390625
0.00673675537109375 0.0240707397460938 -0.56085205078125 0.5108642578125
0.0114574432373047 0.0045013427734375 0.04144287109375 0.68389892578125
-0.0166015625 -0.0293178558349609 0.3074951171875 0.4483642578125
-0.0331344604492187 -0.0428543090820313 0.31707763671875 0.079193115234375
0.00153350830078125 -0.0279502868652344 0.1556396484375 -0.163909912109375
0.0118026733398438 -0.0332508087158203 -0.167877197265625 0.0763092041015625
-0.017974853515625 -0.0827255249023438 -0.31005859375 -0.20220947265625
-0.0238151550292969 -0.0640029907226563 -0.200103759765625 -0.488739013671875
0.00633764266967773 -0.00363779067993164 0.25762939453125 -0.5748291015625
-0.000198364257812497 0.0397605895996094 0.7623291015625 -0.1319580078125
-0.047943115234375 0.020233154296875 0.677734375 0.53924560546875
0.0276012420654297 -0.0317478179931641 0.13299560546875 0.61474609375
0.0758743286132813 -0.06085205078125 0.105735778808594 -0.0380783081054688
0.00726318359375 -0.0390586853027344 -0.0966186523437501 -0.680419921875
-0.00948333740234375 0.0208988189697266 -0.71942138671875 -0.37249755859375
0.0124092102050781 0.0411300659179688 -0.60772705078125 0.46441650390625
0.002197265625 0.0139169692993164 -0.00793457031249998 0.679443359375
-0.0350532531738281 -0.0430221557617188 0.2825927734375 0.461944580078125
-0.0428123474121094 -0.0669364929199219 0.313323974609375 0.090301513671875
0.00369644165039063 -0.0416297912597656 0.156051635742188 -0.163040161132812
0.0139083862304688 -0.0368270874023438 -0.165863037109375 0.0874786376953125
-0.028228759765625 -0.0945663452148437 -0.3148193359375 -0.180206298828125
-0.0431022644042969 -0.0670394897460938 -0.222686767578125 -0.4781494140625
-0.00363016128540039 0.00521945953369141 0.2105712890625 -0.611083984375
0.00787734985351562 0.052337646484375 0.73345947265625 -0.22442626953125
-0.0359115600585937 0.03485107421875 0.7017822265625 0.4542236328125
0.0304775238037109 -0.0284690856933594 0.15875244140625 0.60113525390625
0.0835723876953125 -0.0655899047851563 0.0911788940429688 -0.0165557861328125
0.0175132751464844 -0.0394477844238281 -0.0654296875 -0.6927490234375
-0.00459671020507812 0.0274791717529297 -0.707763671875 -0.456787109375
0.0124092102050781 0.0552711486816406 -0.66888427734375 0.392578125
-0.00835132598876953 0.0171537399291992 -0.06817626953125 0.666748046875
-0.0449867248535156 -0.0558815002441406 0.253570556640625 0.472320556640625
-0.0445938110351563 -0.0876007080078125 0.3094482421875 0.100250244140625
0.0094757080078125 -0.047576904296875 0.158493041992188 -0.160293579101563
0.00432586669921875 0.0388870239257813 -0.169647216796875 0.098724365234375
0.031158447265625 0.0595245361328125 -0.27923583984375 -0.158843994140625
0.079559326171875 0.0392532348632812 -0.1766357421875 -0.50030517578125
0.0649833679199219 -0.0030364990234375 0.23114013671875 -0.63568115234375
-0.0101127624511719 -0.0388259887695313 0.7161865234375 -0.215576171875
-0.0709228515625 -0.0710983276367188 0.66265869140625 0.46417236328125
-0.0176677703857422 -0.0204219818115234 0.1290283203125 0.605712890625
0.00508689880371094 0.00558567047119141 0.0749282836914063 -0.0162124633789063
-0.0228805541992187 -0.0441818237304688 -0.095458984375 -0.68438720703125
-0.0528182983398437 -0.0750274658203125 -0.7442626953125 -0.4298095703125
-0.0221405029296875 -0.0424346923828125 -0.66790771484375 0.3992919921875
0.05157470703125 -0.00228500366210938 -0.0496826171875 0.6246337890625
0.0697784423828125 0.0455055236816406 0.291015625 0.423736572265625
0.0264968872070313 0.0562057495117188 0.32598876953125 0.08319091796875
0.0191421508789062 0.0425910949707031 0.162490844726563 -0.158355712890625
-0.00329208374023437 0.0285568237304688 -0.170578002929688 0.0907135009765625
0.0184326171875 0.0566139221191406 -0.27996826171875 -0.1795654296875
0.071685791015625 0.0461502075195313 -0.15740966796875 -0.501220703125
0.0672760009765625 0.00293350219726562 0.27490234375 -0.59326171875
-0.00437545776367188 -0.0394630432128906 0.74365234375 -0.131103515625
-0.063079833984375 -0.0753631591796875 0.644287109375 0.539306640625
-0.0145111083984375 -0.0235958099365234 0.1097412109375 0.6187744140625
0.0108098983764648 -0.00191402435302734 0.0906829833984375 -0.03302001953125
-0.0257911682128906 -0.0436935424804687 -0.11553955078125 -0.6690673828125
-0.0569343566894531 -0.0638427734375 -0.7431640625 -0.35205078125
-0.0264053344726562 -0.0364303588867188 -0.6082763671875 0.46356201171875
0.0440826416015625 -0.0110397338867187 0.000427246093750026 0.642822265625
0.067169189453125 0.0277214050292969 0.30242919921875 0.418792724609375
0.0265274047851563 0.0447845458984375 0.321685791015625 0.073211669921875
0.0168266296386719 0.0366744995117187 0.1575927734375 -0.162124633789063
-0.0033111572265625 0.0200386047363281 -0.171432495117188 0.079742431640625
0.0092010498046875 0.041656494140625 -0.28448486328125 -0.2030029296875
0.0596046447753906 0.0358810424804688 -0.15814208984375 -0.49951171875
0.0629615783691406 0.00684356689453125 0.299560546875 -0.558135986328125
-0.000213623046875001 -0.0282630920410156 0.7579345703125 -0.0657958984375
-0.0599212646484375 -0.06610107421875 0.63128662109375 0.59649658203125
-0.00902557373046875 -0.0271701812744141 0.0983886718750001 0.6246337890625
0.0189018249511719 -0.0101413726806641 0.105766296386719 -0.0477066040039063
-0.0257720947265625 -0.0409927368164063 -0.13372802734375 -0.65478515625
-0.0554275512695312 -0.0469284057617188 -0.73760986328125 -0.296142578125
-0.0255546569824219 -0.0258064270019531 -0.561126708984375 0.513458251953125
0.0343017578125 -0.0128116607666016 0.0452270507812501 0.65985107421875
0.0506401062011719 0.0120048522949219 0.317962646484375 0.422393798828125
0.0169277191162109 0.0259323120117188 0.318572998046875 0.0697021484375
0.0130043029785156 0.0195865631103516 0.153518676757813 -0.163589477539063
-0.00251102447509766 0.00445985794067383 -0.171630859375 0.071044921875
0.00231838226318359 0.0130987167358398 -0.289276123046875 -0.21612548828125
0.0394325256347656 0.0143394470214844 -0.15704345703125 -0.504119873046875
0.0531158447265625 0.0033416748046875 0.306854248046875 -0.539642333984375
-0.000498771667480467 -0.0141897201538086 0.762451171875 -0.02777099609375
-0.0575447082519531 -0.0478630065917969 0.62445068359375 0.63104248046875
0.00058555603027344 -0.0299606323242188 0.09381103515625 0.62908935546875
0.0327205657958984 -0.0242271423339844 0.115623474121094 -0.0569992065429688
-0.0213508605957031 -0.0375938415527344 -0.14044189453125 -0.65008544921875
-0.0467376708984375 -0.0285606384277344 -0.73138427734375 -0.268310546875
-0.0165224075317383 -0.00965595245361328 -0.52947998046875 0.534423828125
0.0256366729736328 -0.0103340148925781 0.06890869140625 0.66827392578125
0.0302486419677734 -0.00384330749511719 0.325836181640625 0.42449951171875
0.00195002555847168 0.00363707542419434 0.317535400390625 0.065765380859375
0.00805425643920898 0.00502634048461914 0.152511596679688 -0.165603637695313
-0.000108718872070313 -0.0113296508789063 -0.169708251953125 0.070587158203125
-0.00233078002929688 -0.0223159790039063 -0.29376220703125 -0.2205810546875
0.0196361541748047 -0.0160865783691406 -0.167083740234375 -0.504119873046875
0.0360488891601563 -0.0016326904296875 0.300872802734375 -0.53497314453125
-0.00280046463012695 0.0045013427734375 0.7669677734375 -0.026611328125
-0.056060791015625 -0.0255851745605469 0.62896728515625 0.63214111328125
0.00959968566894531 -0.0301990509033203 0.09979248046875 0.62762451171875
0.0461883544921875 -0.0377578735351563 0.118156433105469 -0.05975341796875
-0.0126953125 -0.0373878479003906 -0.13818359375 -0.65386962890625
-0.033721923828125 -0.0115852355957031 -0.7247314453125 -0.270263671875
-0.0038900375366211 0.00622415542602539 -0.5264892578125 0.534912109375
0.0186901092529297 -0.00356292724609375 0.07196044921875 0.67230224609375
0.00571727752685547 -0.0175390243530273 0.321807861328125 0.430145263671875
-0.0164508819580078 -0.0181865692138672 0.316925048828125 0.06689453125
0.00250816345214844 -0.0127391815185547 0.15380859375 -0.165496826171875
0.00753021240234375 -0.0240211486816406 -0.16748046875 0.072357177734375
-0.00945663452148438 -0.0567054748535156 -0.30267333984375 -0.21380615234375
-0.00259780883789063 -0.0445899963378906 -0.185089111328125 -0.49365234375
0.0190563201904297 -0.00536727905273437 0.2808837890625 -0.548553466796875
-0.00501060485839844 0.0226211547851563 0.765380859375 -0.06591796875
-0.0535354614257813 -0.000755310058593754 0.65020751953125 0.5970458984375
0.0190715789794922 -0.0316791534423828 0.1141357421875 0.6195068359375
0.0610084533691406 -0.0496482849121094 0.114395141601563 -0.0527725219726563
-0.00258255004882813 -0.0379066467285156 -0.1231689453125 -0.662109375
-0.0196018218994141 0.00650978088378906 -0.7215576171875 -0.30364990234375
0.00710868835449219 0.0249652862548828 -0.549163818359375 0.51324462890625
0.0103206634521484 0.005401611328125 0.0479736328125 0.6763916015625
-0.0174980163574219 -0.028656005859375 0.3096923828125 0.44134521484375
-0.0335311889648438 -0.0429534912109375 0.315093994140625 0.073486328125
0.00301933288574219 -0.0294380187988281 0.152236938476563 -0.164230346679688
0.0128440856933594 -0.0342559814453125 -0.165191650390625 0.07830810546875
-0.017913818359375 -0.0809402465820313 -0.311248779296875 -0.19677734375
-0.0249290466308594 -0.0619430541992187 -0.205291748046875 -0.4820556640625
0.00378656387329102 -0.00333714485168457 0.24761962890625 -0.5706787109375
-0.000888824462890629 0.0408210754394531 0.7513427734375 -0.13970947265625
-0.045989990234375 0.0209465026855469 0.67413330078125 0.53076171875
0.0261764526367188 -0.0307064056396484 0.13555908203125 0.6080322265625
0.0747833251953125 -0.0608139038085938 0.104232788085937 -0.0387344360351563
0.00862884521484375 -0.0388450622558594 -0.0996704101562501 -0.67291259765625
-0.00853157043457031 0.0195121765136719 -0.7156982421875 -0.3642578125
0.0129356384277344 0.0414619445800781 -0.5966796875 0.46630859375
0.00265789031982422 0.0138330459594727 0.00158691406250006 0.674072265625
-0.0357704162597656 -0.0428276062011719 0.28662109375 0.453887939453125
-0.0436553955078125 -0.0652275085449219 0.31280517578125 0.084075927734375
0.002655029296875 -0.0430717468261719 0.1533203125 -0.164718627929688
0.0138816833496094 -0.0378913879394531 -0.1654052734375 0.0883331298828125
-0.0286712646484375 -0.0932693481445313 -0.3155517578125 -0.1744384765625
-0.0439529418945313 -0.0662460327148438 -0.22503662109375 -0.4697265625
-0.00360631942749023 0.00509214401245117 0.20269775390625 -0.607177734375
0.00714874267578125 0.0521507263183594 0.72271728515625 -0.2294921875
-0.0360260009765625 0.0357818603515625 0.69732666015625 0.4466552734375
0.031036376953125 -0.0288410186767578 0.15899658203125 0.59429931640625
0.0820541381835938 -0.065673828125 0.0881423950195313 -0.0169754028320313
0.0179710388183594 -0.0400314331054688 -0.068359375 -0.68658447265625
-0.00392723083496093 0.0294055938720703 -0.7042236328125 -0.44708251953125
0.0114517211914063 0.0538978576660156 -0.6583251953125 0.395751953125
-0.00664901733398437 0.0178146362304688 -0.06195068359375 0.66259765625
-0.0465850830078125 -0.0561485290527344 0.259490966796875 0.46527099609375
-0.0459136962890625 -0.0852279663085938 0.308380126953125 0.09490966796875
0.00946807861328125 -0.05059814453125 0.156524658203125 -0.161636352539063
0.0046844482421875 0.0367240905761719 -0.167556762695313 0.100601196289062
0.0329666137695312 0.0594062805175781 -0.279754638671875 -0.15679931640625
0.0802230834960938 0.037353515625 -0.181396484375 -0.494232177734375
0.0654640197753906 -0.0041046142578125 0.22467041015625 -0.63055419921875
-0.0116004943847656 -0.0393486022949219 0.70556640625 -0.221435546875
-0.0701637268066406 -0.0691108703613281 0.6591796875 0.45452880859375
-0.0179595947265625 -0.019287109375 0.130615234375 0.5992431640625
0.00631570816040039 0.0055079460144043 0.0740585327148437 -0.0167388916015625
-0.0244026184082031 -0.0445404052734375 -0.0985107421875 -0.67730712890625
-0.0513381958007813 -0.0726394653320313 -0.739501953125 -0.4232177734375
-0.0226707458496094 -0.0426483154296875 -0.65869140625 0.39984130859375
0.0516204833984375 -0.00287628173828125 -0.0445556640625 0.62103271484375
0.0707550048828125 0.0441207885742188 0.292205810546875 0.416290283203125
0.0280914306640625 0.0553474426269531 0.325836181640625 0.078277587890625
0.0202674865722656 0.0414237976074219 0.15972900390625 -0.159912109375
-0.00173568725585937 0.028533935546875 -0.1695556640625 0.093505859375
0.0199699401855469 0.0570831298828125 -0.27972412109375 -0.173919677734375
0.0719985961914063 0.0429611206054688 -0.1629638671875 -0.495758056640625
0.0671501159667969 -0.000133514404296875 0.267333984375 -0.5914306640625
-0.00691604614257813 -0.0368385314941406 0.73260498046875 -0.1370849609375
-0.063629150390625 -0.0724029541015625 0.64080810546875 0.530029296875
-0.0151958465576172 -0.0226306915283203 0.11181640625 0.61181640625
0.00908756256103515 -0.000864982604980469 0.0887908935546875 -0.0334548950195313
-0.0262870788574219 -0.0423660278320312 -0.118408203125 -0.66180419921875
-0.0577011108398438 -0.0618667602539063 -0.7366943359375 -0.3447265625
-0.0273056030273438 -0.0377731323242187 -0.60003662109375 0.4638671875
0.0445785522460937 -0.0113067626953125 0.00775146484374996 0.63739013671875
0.0664405822753906 0.0267372131347656 0.306365966796875 0.412933349609375
0.0270118713378906 0.0459632873535156 0.320587158203125 0.068450927734375
0.0186901092529297 0.0349636077880859 0.15533447265625 -0.162445068359375
-0.00286293029785156 0.0171918869018555 -0.170455932617188 0.08160400390625
0.00905227661132812 0.0422172546386719 -0.2862548828125 -0.199676513671875
0.0593032836914063 0.0367851257324219 -0.15997314453125 -0.4931640625
0.0631904602050781 0.00479888916015625 0.2911376953125 -0.556915283203125
-0.00180244445800781 -0.030364990234375 0.74871826171875 -0.07232666015625
-0.0612983703613281 -0.0638198852539063 0.62677001953125 0.58526611328125
-0.00811195373535156 -0.0267372131347656 0.10162353515625 0.61627197265625
0.0184860229492188 -0.00981521606445313 0.105377197265625 -0.0467758178710937
-0.0251197814941406 -0.0390052795410156 -0.13653564453125 -0.64862060546875
-0.055755615234375 -0.0469169616699219 -0.73150634765625 -0.28662109375
-0.0256004333496094 -0.0251197814941406 -0.550537109375 0.512054443359375
0.0334453582763672 -0.0127201080322266 0.0501708984375 0.654052734375
0.051849365234375 0.0111427307128906 0.322052001953125 0.413665771484375
0.0194683074951172 0.0260543823242188 0.3170166015625 0.063079833984375
0.0125923156738281 0.0202064514160156 0.152099609375 -0.164443969726563
-0.000827550888061523 0.00400567054748535 -0.170089721679688 0.071685791015625
0.00365447998046875 0.0131626129150391 -0.289886474609375 -0.21026611328125
0.0399818420410156 0.0127601623535156 -0.16180419921875 -0.499664306640625
0.0522041320800781 0.001678466796875 0.30023193359375 -0.538238525390625
-0.000257492065429686 -0.0145111083984375 0.75653076171875 -0.03399658203125
-0.0575752258300781 -0.0467605590820313 0.62164306640625 0.62030029296875
0.00118446350097656 -0.0305385589599609 0.09625244140625 0.62164306640625
0.0322914123535156 -0.0244541168212891 0.113349914550781 -0.058990478515625
-0.0209541320800781 -0.0385513305664063 -0.14373779296875 -0.646728515625
-0.0469322204589844 -0.0277595520019531 -0.7264404296875 -0.25958251953125
-0.0167970657348633 -0.010136604309082 -0.52001953125 0.5362548828125
0.0254077911376953 -0.0105037689208984 0.0775756835937501 0.66119384765625
0.0307140350341797 -0.00433158874511719 0.327789306640625 0.41741943359375
0.00242161750793457 0.00371718406677246 0.31671142578125 0.061279296875
0.00783157348632812 0.00361061096191406 0.150253295898438 -0.165634155273438
0.00165843963623047 -0.0106687545776367 -0.168792724609375 0.0710906982421875
-0.00189018249511719 -0.0216197967529297 -0.29541015625 -0.2159423828125
0.0207386016845703 -0.0164585113525391 -0.171539306640625 -0.49639892578125
0.0357894897460938 -0.00146484375 0.29339599609375 -0.533233642578125
-0.00509119033813477 0.00395679473876953 0.7569580078125 -0.03070068359375
-0.0563926696777344 -0.0245857238769531 0.62640380859375 0.62109375
0.0102443695068359 -0.0311851501464844 0.10162353515625 0.62078857421875
0.0454559326171875 -0.0382003784179688 0.117645263671875 -0.0602951049804688
-0.0120735168457031 -0.0374259948730469 -0.138916015625 -0.6484375
-0.0338573455810547 -0.00984382629394532 -0.72003173828125 -0.2635498046875
-0.00516510009765625 0.00649929046630859 -0.51385498046875 0.536224365234375
0.0180377960205078 -0.0041351318359375 0.078369140625 0.667236328125
0.00647544860839844 -0.0165863037109375 0.3243408203125 0.42388916015625
-0.0160980224609375 -0.0192642211914063 0.31634521484375 0.0634765625
0.00330829620361328 -0.0128469467163086 0.149978637695313 -0.1658935546875
0.0084075927734375 -0.0244159698486328 -0.165771484375 0.07293701171875
-0.00763702392578125 -0.05633544921875 -0.3023681640625 -0.208221435546875
-0.0020294189453125 -0.0457191467285156 -0.18896484375 -0.488555908203125
0.0182075500488281 -0.00540542602539063 0.271697998046875 -0.5439453125
-0.00588798522949219 0.0235404968261719 0.7548828125 -0.06982421875
-0.0519638061523437 0.000385284423828115 0.64569091796875 0.5863037109375
0.0194492340087891 -0.031036376953125 0.11590576171875 0.61279296875
0.0621490478515625 -0.0514717102050781 0.112632751464844 -0.0531997680664063
-0.00174713134765625 -0.0375900268554688 -0.12774658203125 -0.65582275390625
-0.0195846557617188 0.0059814453125 -0.7166748046875 -0.29779052734375
0.00609016418457032 0.0240936279296875 -0.54046630859375 0.512451171875
0.00960159301757813 0.00516891479492188 0.0538330078124999 0.66900634765625
-0.0170364379882813 -0.0289649963378906 0.3128662109375 0.4356689453125
-0.0338363647460938 -0.0429191589355469 0.312835693359375 0.068756103515625
0.00135231018066406 -0.0302562713623047 0.150390625 -0.165863037109375
0.0125579833984375 -0.0344810485839844 -0.165359497070313 0.0790252685546875
-0.01849365234375 -0.0810012817382813 -0.3104248046875 -0.192352294921875
-0.0257568359375 -0.0633354187011719 -0.20855712890625 -0.475982666015625
0.00386452674865723 -0.00299429893493652 0.2406005859375 -0.56793212890625
-0.00115203857421875 0.0406723022460938 0.74298095703125 -0.14263916015625
-0.0445976257324219 0.0220565795898438 0.671875 0.522705078125
0.0261478424072266 -0.0317497253417969 0.1376953125 0.60382080078125
0.0734100341796875 -0.0614242553710938 0.10260009765625 -0.0391998291015625
0.009613037109375 -0.0393524169921875 -0.10595703125 -0.66705322265625
-0.0081634521484375 0.0196781158447266 -0.71234130859375 -0.35516357421875
0.0134506225585937 0.0408821105957031 -0.58831787109375 0.467041015625
0.00266361236572266 0.0124826431274414 0.00671386718749993 0.66827392578125
-0.0366172790527344 -0.0406646728515625 0.291351318359375 0.44622802734375
-0.0446205139160156 -0.0650634765625 0.311492919921875 0.079681396484375
0.00217819213867188 -0.0423583984375 0.150192260742188 -0.16436767578125
0.0140304565429687 -0.0377845764160156 -0.162796020507812 0.0883636474609375
-0.0303573608398437 -0.0928726196289063 -0.3143310546875 -0.169586181640625
-0.0443153381347656 -0.0655288696289062 -0.228271484375 -0.4613037109375
-0.00371456146240234 0.00439643859863281 0.1954345703125 -0.6041259765625
0.00673675537109375 0.0513648986816406 0.71337890625 -0.23297119140625
-0.0344123840332031 0.0363349914550781 0.6917724609375 0.43536376953125
0.0304489135742188 -0.0301704406738281 0.16192626953125 0.587158203125
0.0825576782226563 -0.0659866333007813 0.0879745483398438 -0.0177688598632813
0.0189018249511719 -0.0391159057617188 -0.07366943359375 -0.67950439453125
-0.00295639038085937 0.029510498046875 -0.70111083984375 -0.43994140625
0.0121536254882813 0.0544776916503906 -0.64837646484375 0.3968505859375
-0.00635910034179687 0.0177268981933594 -0.05633544921875 0.656982421875
-0.0467338562011719 -0.0545654296875 0.26019287109375 0.45611572265625
-0.04693603515625 -0.0852584838867188 0.308197021484375 0.09033203125
0.00859832763671875 -0.0523490905761719 0.15277099609375 -0.1627197265625
0.00568771362304688 0.0373497009277344 -0.16607666015625 0.1016845703125
0.0323104858398437 0.0590400695800781 -0.279815673828125 -0.153640747070313
0.080169677734375 0.0381927490234375 -0.18548583984375 -0.48834228515625
0.0642166137695313 -0.00657272338867188 0.21527099609375 -0.62835693359375
-0.0122261047363281 -0.0407066345214844 0.6961669921875 -0.22137451171875
-0.071075439453125 -0.067840576171875 0.65631103515625 0.4478759765625
-0.0176162719726563 -0.0190620422363281 0.1319580078125 0.5924072265625
0.00609397888183594 0.00564718246459961 0.0721435546875 -0.0158843994140625
-0.0239105224609375 -0.0428657531738281 -0.10003662109375 -0.6727294921875
-0.0528945922851563 -0.0716094970703125 -0.73492431640625 -0.4166259765625
-0.0225791931152344 -0.0413017272949219 -0.64874267578125 0.40087890625
0.0510520935058594 -0.00441360473632813 -0.0409545898437499 0.61627197265625
0.0702056884765625 0.0430259704589844 0.294342041015625 0.409698486328125
0.0283660888671875 0.055145263671875 0.3245849609375 0.073699951171875
0.0212631225585937 0.0385398864746094 0.158462524414063 -0.160629272460937
-0.00136184692382812 0.0278453826904297 -0.167984008789063 0.0936126708984375
0.0204658508300781 0.0566177368164063 -0.2794189453125 -0.171112060546875
0.0737228393554688 0.0447006225585938 -0.165283203125 -0.489471435546875
0.0675468444824219 -0.00020599365234375 0.25860595703125 -0.586181640625
-0.00687026977539063 -0.03790283203125 0.72467041015625 -0.13946533203125
-0.063751220703125 -0.072601318359375 0.63836669921875 0.52203369140625
-0.0139713287353516 -0.0235691070556641 0.1146240234375 0.604248046875
0.00999641418457031 -0.000109672546386719 0.0898284912109375 -0.0345230102539063
-0.0266647338867188 -0.0417976379394531 -0.12261962890625 -0.6552734375
-0.0573883056640625 -0.0617256164550781 -0.731689453125 -0.33740234375
-0.0285987854003906 -0.0361480712890625 -0.59039306640625 0.4652099609375
0.0432281494140625 -0.0130233764648437 0.0130615234375 0.63165283203125
0.0650634765625 0.0276527404785156 0.3077392578125 0.404693603515625
0.0278396606445313 0.0444679260253906 0.32000732421875 0.063690185546875
0.0185565948486328 0.0332260131835938 0.153488159179688 -0.163131713867188
-0.0055389404296875 0.0176334381103516 -0.168701171875 0.08233642578125
0.0095367431640625 0.0428466796875 -0.284820556640625 -0.194244384765625
0.0604438781738281 0.035614013671875 -0.16497802734375 -0.488189697265625
0.0632705688476563 0.00354766845703125 0.282958984375 -0.55279541015625
-0.003143310546875 -0.0289649963378906 0.7379150390625 -0.07745361328125
-0.060638427734375 -0.0615577697753906 0.6263427734375 0.5767822265625
-0.00810623168945313 -0.0264472961425781 0.10260009765625 0.612060546875
0.0196075439453125 -0.0107192993164063 0.103004455566406 -0.0483856201171875
-0.0258903503417969 -0.0384864807128906 -0.14019775390625 -0.6431884765625
-0.0564956665039063 -0.0448150634765625 -0.7269287109375 -0.28131103515625
-0.0278415679931641 -0.0244865417480469 -0.540069580078125 0.510101318359375
0.0323410034179688 -0.0147132873535156 0.05718994140625 0.64697265625
0.05078125 0.00981903076171875 0.321044921875 0.40618896484375
0.0195941925048828 0.0257892608642578 0.315765380859375 0.057373046875
0.0134983062744141 0.0194950103759766 0.1494140625 -0.165054321289063
-0.000144004821777344 0.00289726257324219 -0.169403076171875 0.073974609375
0.00373649597167969 0.0147294998168945 -0.28973388671875 -0.20556640625
0.0428352355957031 0.0132255554199219 -0.16424560546875 -0.4920654296875
0.05230712890625 0.0015106201171875 0.293243408203125 -0.534454345703125
-0.00169086456298828 -0.0135774612426758 0.74749755859375 -0.03802490234375
-0.0574722290039062 -0.0464935302734375 0.6204833984375 0.61083984375
0.000673294067382814 -0.0295619964599609 0.0989990234375 0.6151123046875
0.0308780670166016 -0.0238761901855469 0.112846374511719 -0.0584793090820313
-0.0196952819824219 -0.0374107360839844 -0.14630126953125 -0.6395263671875
-0.0473098754882813 -0.0275726318359375 -0.71966552734375 -0.25286865234375
-0.0175971984863281 -0.0113334655761719 -0.51007080078125 0.5323486328125
0.0224189758300781 -0.0102596282958984 0.0806884765625 0.6551513671875
0.0299873352050781 -0.00340461730957031 0.32855224609375 0.410491943359375
0.00299239158630371 0.00363588333129883 0.316192626953125 0.0572509765625
0.00765466690063477 0.00181055068969727 0.148544311523437 -0.167327880859375
0.00111198425292969 -0.0121612548828125 -0.167083740234375 0.0724639892578125
-0.00202178955078125 -0.0217914581298828 -0.295074462890625 -0.211456298828125
0.0202064514160156 -0.0170631408691406 -0.176300048828125 -0.4910888671875
0.0353775024414063 -0.00267791748046875 0.285247802734375 -0.529541015625
-0.00567722320556641 0.00496530532836914 0.7498779296875 -0.03521728515625
-0.0558815002441406 -0.0241775512695313 0.625 0.61346435546875
0.00999641418457031 -0.0309047698974609 0.1029052734375 0.61444091796875
0.04632568359375 -0.0374336242675781 0.115257263183594 -0.0605316162109375
-0.0123176574707031 -0.0363655090332031 -0.14166259765625 -0.64068603515625
-0.0331592559814453 -0.00857162475585937 -0.71490478515625 -0.257080078125
-0.00464963912963867 0.00637292861938477 -0.505279541015625 0.532989501953125
0.0170679092407227 -0.00414371490478516 0.0841064453124999 0.6590576171875
0.00564193725585937 -0.016758918762207 0.325927734375 0.41644287109375
-0.0173606872558594 -0.0181999206542969 0.31475830078125 0.058868408203125
0.00325298309326172 -0.0129384994506836 0.148452758789063 -0.166122436523438
0.0086517333984375 -0.0250644683837891 -0.166702270507813 0.073944091796875
-0.00770187377929688 -0.0558395385742188 -0.302215576171875 -0.203338623046875
-0.00196075439453125 -0.044464111328125 -0.192230224609375 -0.48297119140625
0.0178432464599609 -0.00446510314941406 0.264801025390625 -0.5406494140625
-0.00575447082519531 0.0218009948730469 0.7467041015625 -0.07452392578125
-0.0521278381347656 0.00102233886718751 0.6436767578125 0.5792236328125
0.0188045501708984 -0.0314311981201172 0.11712646484375 0.60687255859375
0.0612907409667969 -0.0511207580566406 0.111991882324219 -0.0547103881835938
-0.00196456909179688 -0.0371513366699219 -0.12994384765625 -0.648193359375
-0.01824951171875 0.00714874267578125 -0.71246337890625 -0.2901611328125
0.0064239501953125 0.02392578125 -0.532073974609375 0.511077880859375
0.0111598968505859 0.00515842437744141 0.0584716796875 0.6639404296875
-0.0163536071777344 -0.0269432067871094 0.31463623046875 0.427337646484375
-0.034393310546875 -0.0414466857910156 0.31451416015625 0.064849853515625
0.000232696533203128 -0.0294761657714844 0.148300170898438 -0.167251586914063
0.0145683288574219 -0.0349311828613281 -0.163970947265625 0.0801239013671875
-0.0176849365234375 -0.0791397094726563 -0.30914306640625 -0.18731689453125
-0.0247306823730469 -0.0623054504394531 -0.211944580078125 -0.471435546875
0.00351238250732422 -0.00330662727355957 0.23406982421875 -0.56396484375
-0.00342941284179687 0.0393486022949219 0.7349853515625 -0.1466064453125
-0.044158935546875 0.0225486755371094 0.66790771484375 0.5106201171875
0.0261764526367188 -0.0310134887695313 0.1373291015625 0.5947265625
0.0730133056640625 -0.0612335205078125 0.102027893066406 -0.04046630859375
0.00915145874023438 -0.038421630859375 -0.10614013671875 -0.6605224609375
-0.00786972045898438 0.0202350616455078 -0.70733642578125 -0.34881591796875
0.0129470825195312 0.0388374328613281 -0.577880859375 0.466796875
0.00212764739990235 0.0117073059082031 0.01226806640625 0.66265869140625
-0.0361061096191406 -0.0398025512695312 0.292724609375 0.44000244140625
-0.0453643798828125 -0.0642967224121094 0.31048583984375 0.0738525390625
0.00110244750976562 -0.0436744689941406 0.14825439453125 -0.165481567382813
0.0149955749511719 -0.0394172668457031 -0.161224365234375 0.0893707275390625
-0.0301742553710937 -0.0926132202148438 -0.313873291015625 -0.164337158203125
-0.04351806640625 -0.0636329650878906 -0.231536865234375 -0.4573974609375
-0.00452423095703125 0.00464916229248047 0.18927001953125 -0.59912109375
0.00627899169921875 0.0509490966796875 0.70458984375 -0.23443603515625
-0.0334548950195313 0.03765869140625 0.68603515625 0.4285888671875
0.0304431915283203 -0.0305805206298828 0.16009521484375 0.57928466796875
0.0807723999023438 -0.0666351318359375 0.0865554809570313 -0.0188446044921875
0.0186309814453125 -0.0378150939941406 -0.07470703125 -0.67230224609375
-0.00263214111328125 0.028961181640625 -0.6964111328125 -0.4322509765625
0.0128517150878906 0.0533790588378906 -0.64031982421875 0.39959716796875
-0.00632381439208984 0.0173273086547852 -0.0496826171875 0.65252685546875
-0.04925537109375 -0.0535163879394531 0.264190673828125 0.450531005859375
-0.0465850830078125 -0.0835952758789063 0.305572509765625 0.086669921875
0.00716018676757812 -0.04998779296875 0.150741577148438 -0.163558959960938
0.00702667236328125 0.0361671447753906 -0.16607666015625 0.101348876953125
0.0344772338867188 0.0603065490722656 -0.27935791015625 -0.149169921875
0.081024169921875 0.0371856689453125 -0.186676025390625 -0.482177734375
0.063629150390625 -0.00766372680664062 0.21051025390625 -0.6240234375
-0.0134963989257812 -0.0403480529785156 0.68841552734375 -0.22332763671875
-0.0710525512695313 -0.0676651000976563 0.65130615234375 0.4395751953125
-0.0186347961425781 -0.0191192626953125 0.13201904296875 0.585693359375
0.00632953643798828 0.00673341751098633 0.0721435546875 -0.01702880859375
-0.0241050720214844 -0.0426445007324219 -0.10260009765625 -0.666015625
-0.0528640747070312 -0.071075439453125 -0.73016357421875 -0.4093017578125
-0.0242919921875 -0.0425796508789062 -0.6424560546875 0.399658203125
0.0490798950195313 -0.0047454833984375 -0.03662109375 0.6092529296875
0.0709991455078125 0.0422897338867188 0.293426513671875 0.40399169921875
0.0278778076171875 0.05645751953125 0.322113037109375 0.069854736328125
0.0208778381347656 0.0395355224609375 0.155807495117188 -0.161941528320312
-0.000339508056640626 0.0284004211425781 -0.165603637695313 0.0927581787109375
0.0217361450195313 0.0577812194824219 -0.280242919921875 -0.166656494140625
0.0735626220703125 0.0424270629882813 -0.167022705078125 -0.484039306640625
0.0655555725097656 -0.0015106201171875 0.25274658203125 -0.5843505859375
-0.0079193115234375 -0.0377464294433594 0.71527099609375 -0.14190673828125
-0.0661888122558594 -0.0700416564941406 0.6328125 0.513671875
-0.0134220123291016 -0.0229549407958984 0.11248779296875 0.59710693359375
0.00988197326660156 -0.000112533569335938 0.087646484375 -0.0331497192382813
-0.0267105102539062 -0.0407180786132813 -0.1224365234375 -0.650390625
-0.0581855773925781 -0.0594329833984375 -0.72576904296875 -0.33172607421875
-0.0279769897460937 -0.0355377197265625 -0.58184814453125 0.46337890625
0.0423431396484375 -0.0131759643554687 0.01544189453125 0.62615966796875
0.0658607482910156 0.0258026123046875 0.3087158203125 0.39923095703125
0.0263595581054688 0.043975830078125 0.31884765625 0.06024169921875
0.0169887542724609 0.0339450836181641 0.151535034179688 -0.164382934570313
-0.00377464294433594 0.0159549713134766 -0.16796875 0.082855224609375
0.0114669799804687 0.0427932739257813 -0.285369873046875 -0.19024658203125
0.0598869323730469 0.0333213806152344 -0.1654052734375 -0.48211669921875
0.0631942749023438 0.00228118896484375 0.276824951171875 -0.551300048828125
-0.00493049621582031 -0.029205322265625 0.73345947265625 -0.07940673828125
-0.0611915588378906 -0.0618095397949219 0.62188720703125 0.57086181640625
-0.00848579406738281 -0.0258884429931641 0.103271484375 0.6058349609375
0.0183448791503906 -0.0121936798095703 0.101760864257813 -0.0480117797851562
-0.0247764587402344 -0.0386772155761719 -0.137939453125 -0.63720703125
-0.0557785034179688 -0.0442924499511719 -0.7205810546875 -0.277099609375
-0.0249347686767578 -0.0254859924316406 -0.533172607421875 0.50897216796875
0.0313701629638672 -0.0146579742431641 0.05853271484375 0.64117431640625
0.0524635314941406 0.00993728637695313 0.322113037109375 0.400726318359375
0.0180015563964844 0.0264720916748047 0.315765380859375 0.056121826171875
0.0131759643554688 0.0191287994384766 0.147293090820313 -0.166458129882813
-0.000813961029052734 0.00423908233642578 -0.16845703125 0.07537841796875
0.00353717803955078 0.0143442153930664 -0.290283203125 -0.20172119140625
0.04150390625 0.0134086608886719 -0.166839599609375 -0.48876953125
0.0513801574707031 0.000461578369140625 0.285888671875 -0.531890869140625
-0.00449752807617188 -0.0140504837036133 0.7396240234375 -0.04034423828125
-0.0577888488769531 -0.0442390441894531 0.615478515625 0.6015625
-0.000257492065429686 -0.0291538238525391 0.09820556640625 0.60858154296875
0.0306377410888672 -0.0232696533203125 0.112152099609375 -0.0582275390625
-0.0191059112548828 -0.0350627899169922 -0.14727783203125 -0.63299560546875
-0.0458869934082031 -0.0260543823242187 -0.71478271484375 -0.25
-0.0163345336914063 -0.00969219207763672 -0.503082275390625 0.531829833984375
0.0231838226318359 -0.0108718872070313 0.08453369140625 0.6488037109375
0.0308456420898437 -0.0044403076171875 0.330108642578125 0.405426025390625
0.00283503532409668 0.00357294082641602 0.313873291015625 0.05487060546875
0.00690937042236328 -0.000118255615234375 0.146514892578125 -0.167221069335938
0.00240230560302734 -0.0127582550048828 -0.166244506835938 0.0728607177734375
-0.00113105773925781 -0.0208377838134766 -0.2947998046875 -0.206634521484375
0.020111083984375 -0.0168914794921875 -0.177825927734375 -0.487335205078125
0.0343532562255859 -0.00287628173828125 0.28009033203125 -0.525787353515625
-0.00618457794189453 0.00377798080444336 0.740966796875 -0.03912353515625
-0.0552024841308594 -0.0224342346191406 0.61944580078125 0.60418701171875
0.00943183898925781 -0.0306415557861328 0.103271484375 0.60650634765625
0.0454444885253906 -0.0386276245117187 0.115020751953125 -0.0604019165039063
-0.011505126953125 -0.0356597900390625 -0.14166259765625 -0.63494873046875
-0.0322742462158203 -0.00892639160156249 -0.710693359375 -0.2513427734375
-0.00543069839477539 0.00813198089599609 -0.498016357421875 0.52935791015625
0.016718864440918 -0.00427532196044922 0.08697509765625 0.6531982421875
0.00539207458496094 -0.016357421875 0.32696533203125 0.409759521484375
-0.0163135528564453 -0.0184803009033203 0.313385009765625 0.05487060546875
0.00382518768310547 -0.0151023864746094 0.147018432617188 -0.167266845703125
0.00830459594726563 -0.02569580078125 -0.163894653320313 0.0751495361328125
-0.00819015502929687 -0.0556488037109375 -0.301239013671875 -0.199859619140625
-0.00223159790039062 -0.0446090698242188 -0.193328857421875 -0.47808837890625
0.0176811218261719 -0.00558280944824219 0.262237548828125 -0.538665771484375
-0.00668907165527344 0.0222263336181641 0.737548828125 -0.0780029296875
-0.0509262084960938 0.00196075439453124 0.63897705078125 0.57110595703125
0.0186557769775391 -0.0304412841796875 0.11749267578125 0.60101318359375
0.0594482421875 -0.0518608093261719 0.1109619140625 -0.0540390014648438
0.000320434570312498 -0.0368232727050781 -0.13018798828125 -0.64447021484375
-0.0188770294189453 0.00843429565429687 -0.7066650390625 -0.28485107421875
0.00578498840332031 0.02410888671875 -0.52435302734375 0.507659912109375
0.0101642608642578 0.00402545928955078 0.06268310546875 0.657470703125
-0.0174903869628906 -0.0273761749267578 0.313934326171875 0.42047119140625
-0.0333938598632813 -0.0409317016601562 0.311248779296875 0.061492919921875
-0.00068473815917969 -0.0313644409179688 0.146133422851563 -0.166824340820313
0.0120506286621094 -0.037811279296875 -0.162994384765625 0.0811309814453125
-0.0185623168945312 -0.0802230834960937 -0.30987548828125 -0.183258056640625
-0.0260772705078125 -0.061798095703125 -0.211761474609375 -0.46405029296875
0.00246620178222656 -0.0038301944732666 0.227630615234375 -0.560455322265625
-0.00363540649414063 0.0393791198730469 0.72320556640625 -0.14715576171875
-0.0435905456542969 0.0234451293945313 0.66119384765625 0.504638671875
0.0256557464599609 -0.0313014984130859 0.1378173828125 0.5888671875
0.071685791015625 -0.0604934692382813 0.099853515625 -0.0396499633789063
0.0103874206542969 -0.0368194580078125 -0.10565185546875 -0.65478515625
-0.00745010375976563 0.0209217071533203 -0.7021484375 -0.3433837890625
0.01263427734375 0.0404510498046875 -0.57037353515625 0.46502685546875
0.00178718566894531 0.0125999450683594 0.0164184570312499 0.65679931640625
-0.0360107421875 -0.0396537780761719 0.2911376953125 0.434173583984375
-0.0449638366699219 -0.0636100769042969 0.30792236328125 0.0716552734375
0.00219345092773438 -0.0447807312011719 0.147598266601562 -0.165740966796875
0.0161476135253906 -0.0400924682617188 -0.161376953125 0.08917236328125
-0.0310287475585938 -0.0921173095703125 -0.312408447265625 -0.160736083984375
-0.0439643859863281 -0.0634422302246094 -0.233734130859375 -0.449462890625
-0.00453853607177734 0.00605249404907227 0.1837158203125 -0.59393310546875
0.00508499145507813 0.0508460998535156 0.69464111328125 -0.23675537109375
-0.0327262878417969 0.0376777648925781 0.6820068359375 0.421630859375
0.0308570861816406 -0.0287265777587891 0.16168212890625 0.5748291015625
0.0809402465820313 -0.0658035278320313 0.086669921875 -0.018768310546875
0.018280029296875 -0.0384750366210937 -0.07769775390625 -0.66717529296875
-0.00032997131347656 0.0295562744140625 -0.692626953125 -0.42431640625
0.011505126953125 0.0529327392578125 -0.6318359375 0.398193359375
-0.00787544250488281 0.0176601409912109 -0.0421142578125001 0.64593505859375
-0.0478286743164063 -0.0532722473144531 0.26373291015625 0.4444580078125
-0.048187255859375 -0.082916259765625 0.304931640625 0.082427978515625
0.00794601440429688 -0.0517807006835937 0.148330688476563 -0.163116455078125
0.008453369140625 0.0352859497070313 -0.163040161132813 0.101089477539062
0.0349693298339844 0.0606346130371094 -0.278976440429688 -0.14501953125
0.080780029296875 0.0359344482421875 -0.18804931640625 -0.477081298828125
0.0622482299804687 -0.00814056396484375 0.20416259765625 -0.6190185546875
-0.0151443481445313 -0.0393295288085937 0.6795654296875 -0.2239990234375
-0.07086181640625 -0.0657958984375 0.64495849609375 0.4344482421875
-0.0185756683349609 -0.0185337066650391 0.131591796875 0.5821533203125
0.00551319122314453 0.00633907318115234 0.0711288452148438 -0.0164947509765625
-0.0241012573242188 -0.0409202575683594 -0.10235595703125 -0.6607666015625
-0.0523223876953125 -0.0693588256835938 -0.723388671875 -0.404052734375
-0.0235748291015625 -0.0424766540527344 -0.63348388671875 0.39825439453125
0.0495719909667969 -0.00594711303710938 -0.03173828125 0.6058349609375
0.0701026916503906 0.0426025390625 0.29425048828125 0.398651123046875
0.0301170349121094 0.0561408996582031 0.320892333984375 0.06683349609375
0.0215568542480469 0.0374984741210938 0.155807495117188 -0.162017822265625
-0.000541687011718748 0.02740478515625 -0.165802001953125 0.09307861328125
0.022369384765625 0.058441162109375 -0.277755737304688 -0.163589477539063
0.0730209350585938 0.04229736328125 -0.169525146484375 -0.479248046875
0.0666580200195313 -0.00264739990234375 0.24761962890625 -0.580810546875
-0.00890350341796875 -0.0375099182128906 0.70965576171875 -0.1422119140625
-0.0650138854980469 -0.0688629150390625 0.6307373046875 0.50732421875
-0.0136680603027344 -0.02423095703125 0.11236572265625 0.5919189453125
0.0110979080200195 0.000359535217285156 0.0870208740234375 -0.0338287353515625
-0.0272140502929688 -0.0395965576171875 -0.123046875 -0.64398193359375
-0.0573005676269531 -0.0587654113769531 -0.72113037109375 -0.32891845703125
-0.0289573669433594 -0.0367355346679687 -0.57470703125 0.46051025390625
0.0414619445800781 -0.0131378173828125 0.01861572265625 0.62164306640625
0.0654373168945313 0.0254440307617188 0.306488037109375 0.39337158203125
0.0283012390136719 0.0449676513671875 0.315948486328125 0.056884765625
0.0184535980224609 0.0314426422119141 0.151504516601563 -0.164337158203125
-0.00107288360595703 0.0173892974853516 -0.167633056640625 0.08258056640625
0.0108299255371094 0.0420684814453125 -0.28497314453125 -0.18511962890625
0.0602645874023438 0.0338249206542969 -0.167388916015625 -0.4779052734375
0.0613670349121094 0.00080108642578125 0.271331787109375 -0.546417236328125
-0.00451469421386719 -0.0294399261474609 0.7265625 -0.08111572265625
-0.06146240234375 -0.0597076416015625 0.6156005859375 0.563232421875
-0.00734710693359375 -0.0238533020019531 0.10247802734375 0.59832763671875
0.0193271636962891 -0.0106830596923828 0.102317810058594 -0.0482635498046875
-0.0255317687988281 -0.0380325317382813 -0.13873291015625 -0.6302490234375
-0.0565834045410156 -0.0421905517578125 -0.71612548828125 -0.27386474609375
-0.0268459320068359 -0.026214599609375 -0.525054931640625 0.50732421875
0.0319023132324219 -0.0148258209228516 0.0609130859375 0.63714599609375
0.0522994995117188 0.00832366943359375 0.3232421875 0.39434814453125
0.0184402465820313 0.0246524810791016 0.31402587890625 0.052947998046875
0.0133028030395508 0.0170316696166992 0.147720336914063 -0.166412353515625
-0.000329732894897461 0.00305438041687012 -0.166091918945313 0.0757293701171875
0.00529861450195313 0.0140829086303711 -0.289886474609375 -0.19671630859375
0.0424957275390625 0.0131034851074219 -0.1680908203125 -0.48333740234375
0.0501060485839844 0.000408172607421875 0.281585693359375 -0.528656005859375
-0.00266170501708984 -0.0140037536621094 0.73193359375 -0.04248046875
-0.057861328125 -0.0438995361328125 0.60980224609375 0.59686279296875
0.00158309936523438 -0.0293483734130859 0.10052490234375 0.60284423828125
0.0307407379150391 -0.0240688323974609 0.111846923828125 -0.0577850341796875
-0.0201263427734375 -0.0362167358398437 -0.1436767578125 -0.6290283203125
-0.0465049743652344 -0.0249824523925781 -0.70770263671875 -0.24639892578125
-0.0181026458740234 -0.0103435516357422 -0.493927001953125 0.528594970703125
0.0243110656738281 -0.0136337280273438 0.08709716796875 0.6429443359375
0.0299663543701172 -0.00465011596679688 0.328887939453125 0.398345947265625
0.00284957885742187 0.00481414794921875 0.3143310546875 0.05059814453125
0.00933742523193359 0.001190185546875 0.145294189453125 -0.16815185546875
0.00371646881103516 -0.0120878219604492 -0.164703369140625 0.073150634765625
0.000213623046875001 -0.0202369689941406 -0.294403076171875 -0.20208740234375
0.0209236145019531 -0.0167369842529297 -0.17779541015625 -0.481781005859375
0.0340003967285156 -0.00379753112792969 0.27496337890625 -0.5230712890625
-0.00644636154174805 0.00394487380981445 0.73236083984375 -0.0399169921875
-0.0549392700195313 -0.0212326049804688 0.61541748046875 0.59765625
0.00816726684570312 -0.0294589996337891 0.1025390625 0.60186767578125
0.0463333129882813 -0.0383758544921875 0.113540649414063 -0.0606842041015625
-0.0107383728027344 -0.035186767578125 -0.1427001953125 -0.63031005859375
-0.0321922302246094 -0.00717735290527344 -0.70343017578125 -0.24896240234375
-0.00613784790039063 0.00581169128417969 -0.492767333984375 0.527801513671875
0.0170917510986328 -0.00515842437744141 0.09063720703125 0.64727783203125
0.00502586364746094 -0.0152120590209961 0.32696533203125 0.4034423828125
-0.0164337158203125 -0.0179271697998047 0.31292724609375 0.05230712890625
0.00292015075683594 -0.0161075592041016 0.144561767578125 -0.16754150390625
0.010009765625 -0.0260028839111328 -0.16357421875 0.0749359130859375
-0.0082550048828125 -0.0552597045898438 -0.301055908203125 -0.19598388671875
-0.000518798828125004 -0.045135498046875 -0.195068359375 -0.471527099609375
0.0168209075927734 -0.0055084228515625 0.25640869140625 -0.535308837890625
-0.00758743286132813 0.0219593048095703 0.73223876953125 -0.0791015625
-0.0504417419433594 0.00356674194335937 0.6336669921875 0.56524658203125
0.0185146331787109 -0.0317611694335938 0.11761474609375 0.59442138671875
0.0592994689941406 -0.0508384704589844 0.108909606933594 -0.053985595703125
-0.000839233398437499 -0.0362396240234375 -0.12982177734375 -0.63873291015625
-0.0188255310058594 0.00799942016601562 -0.70086669921875 -0.2811279296875
0.00516128540039063 0.0241622924804688 -0.5172119140625 0.506591796875
0.00919246673583984 0.00354290008544922 0.06512451171875 0.6517333984375
-0.0170383453369141 -0.0268440246582031 0.314697265625 0.4146728515625
-0.034088134765625 -0.0402984619140625 0.310150146484375 0.058380126953125
-0.00132369995117187 -0.0318241119384766 0.145416259765625 -0.167007446289063
0.0142021179199219 -0.0372200012207031 -0.162094116210938 0.0794219970703125
-0.0184249877929687 -0.0798797607421875 -0.30780029296875 -0.1785888671875
-0.0248260498046875 -0.0610198974609375 -0.21484375 -0.4576416015625
0.00257158279418945 -0.00275206565856934 0.2232666015625 -0.557037353515625
-0.00391769409179687 0.0394859313964844 0.7164306640625 -0.15069580078125
-0.0432968139648438 0.0246047973632813 0.65533447265625 0.50006103515625
0.0259037017822266 -0.0308074951171875 0.13714599609375 0.58160400390625
0.0733108520507813 -0.0622329711914063 0.0993194580078125 -0.03997802734375
0.00931549072265624 -0.0369415283203125 -0.10693359375 -0.64825439453125
-0.00756645202636719 0.0205898284912109 -0.69732666015625 -0.33868408203125
0.0129280090332031 0.0402107238769531 -0.5654296875 0.46270751953125
0.0016632080078125 0.0127992630004883 0.01959228515625 0.65130615234375
-0.035858154296875 -0.0382537841796875 0.2921142578125 0.4285888671875
-0.0460319519042969 -0.0626487731933594 0.308013916015625 0.067413330078125
0.000217437744140628 -0.0446243286132812 0.143798828125 -0.1661376953125
0.0147743225097656 -0.0411834716796875 -0.160797119140625 0.08966064453125
-0.0301132202148437 -0.0908660888671875 -0.31207275390625 -0.156951904296875
-0.0436935424804688 -0.0620040893554688 -0.235137939453125 -0.44525146484375
-0.00592756271362305 0.00574064254760742 0.17913818359375 -0.59039306640625
0.0037384033203125 0.0500373840332031 0.6861572265625 -0.2384033203125
-0.0339622497558594 0.0383872985839844 0.67669677734375 0.414794921875
0.0295467376708984 -0.0293827056884766 0.15826416015625 0.56927490234375
0.07891845703125 -0.0655364990234375 0.08489990234375 -0.0194015502929688
0.0188560485839844 -0.0380744934082031 -0.07794189453125 -0.66241455078125
-0.00214767456054687 0.0297584533691406 -0.6878662109375 -0.4200439453125
0.0124092102050781 0.0521507263183594 -0.62579345703125 0.39752197265625
-0.00747108459472656 0.0173883438110352 -0.04046630859375 0.64093017578125
-0.0480995178222656 -0.0519371032714844 0.265594482421875 0.439544677734375
-0.0471420288085938 -0.082855224609375 0.30487060546875 0.079376220703125
0.00783538818359375 -0.0531234741210937 0.14764404296875 -0.16314697265625
0.00804519653320313 0.0354499816894531 -0.162551879882813 0.10150146484375
0.0359992980957031 0.0598678588867187 -0.277496337890625 -0.14312744140625
0.0810317993164062 0.0348892211914062 -0.1890869140625 -0.473785400390625
0.0626945495605469 -0.00868606567382813 0.20086669921875 -0.6143798828125
-0.0157852172851563 -0.0401611328125 0.675537109375 -0.22088623046875
-0.0707015991210938 -0.0654144287109375 0.63946533203125 0.431640625
-0.016510009765625 -0.0179576873779297 0.12921142578125 0.57763671875
0.00574445724487305 0.00650739669799805 0.069854736328125 -0.0142936706542969
-0.0236625671386719 -0.0405082702636719 -0.1002197265625 -0.6563720703125
-0.0531768798828125 -0.0687751770019531 -0.7188720703125 -0.40301513671875
-0.0241355895996094 -0.04315185546875 -0.62945556640625 0.3966064453125
0.0495719909667969 -0.00646209716796875 -0.03094482421875 0.60162353515625
0.0710983276367188 0.0421218872070313 0.29498291015625 0.39263916015625
0.0297775268554687 0.0555305480957031 0.3199462890625 0.063201904296875
0.0220870971679688 0.0365562438964844 0.15423583984375 -0.162322998046875
0.000335693359375002 0.0271530151367188 -0.163833618164062 0.0942535400390625
0.0225067138671875 0.0583534240722656 -0.277740478515625 -0.161361694335937
0.0752029418945313 0.04241943359375 -0.170989990234375 -0.477020263671875
0.0659751892089844 -0.00273513793945313 0.2442626953125 -0.5772705078125
-0.00909423828125 -0.038726806640625 0.70233154296875 -0.14080810546875
-0.0651473999023438 -0.0678253173828125 0.6246337890625 0.50347900390625
-0.0144805908203125 -0.0218963623046875 0.1126708984375 0.588134765625
0.00819253921508789 -0.000253200531005859 0.0863113403320313 -0.0337142944335938
-0.0285835266113281 -0.0403404235839844 -0.12115478515625 -0.64007568359375
-0.0573806762695313 -0.0587234497070312 -0.71490478515625 -0.3253173828125
-0.0288238525390625 -0.0368614196777344 -0.57086181640625 0.458251953125
0.042022705078125 -0.0145759582519531 0.019287109375 0.61810302734375
0.0660629272460938 0.0259017944335938 0.30621337890625 0.388092041015625
0.0287551879882813 0.0452766418457031 0.3150634765625 0.055511474609375
0.0168132781982422 0.0306377410888672 0.150466918945313 -0.164306640625
-0.00159931182861328 0.0159902572631836 -0.166763305664063 0.081512451171875
0.0127296447753906 0.0440292358398438 -0.28424072265625 -0.184295654296875
0.0597610473632813 0.0329627990722656 -0.168060302734375 -0.473785400390625
0.060638427734375 0.00048828125 0.268798828125 -0.5450439453125
-0.00587272644042969 -0.0290164947509766 0.7178955078125 -0.080078125
-0.0617790222167969 -0.0590248107910156 0.60986328125 0.56097412109375
-0.00895309448242187 -0.0260868072509766 0.10052490234375 0.5933837890625
0.0197601318359375 -0.0091094970703125 0.100959777832031 -0.0491409301757813
-0.0260734558105469 -0.0357208251953125 -0.13836669921875 -0.62823486328125
-0.0565032958984375 -0.0422821044921875 -0.70941162109375 -0.2733154296875
-0.0263729095458984 -0.0252285003662109 -0.51959228515625 0.504913330078125
0.0318107604980469 -0.0159034729003906 0.06231689453125 0.630859375
0.0517692565917969 0.00898361206054688 0.32196044921875 0.3909912109375
0.0191764831542969 0.0252056121826172 0.31298828125 0.051177978515625
0.013361930847168 0.0169172286987305 0.14617919921875 -0.16656494140625
0.00248265266418457 0.00214743614196777 -0.16632080078125 0.0751190185546875
0.00524616241455078 0.0153770446777344 -0.28704833984375 -0.195037841796875
0.0420570373535156 0.0115318298339844 -0.1695556640625 -0.479949951171875
0.0498428344726563 -0.0007476806640625 0.278106689453125 -0.52569580078125
-0.00541019439697266 -0.0142478942871094 0.725341796875 -0.04071044921875
-0.0571517944335938 -0.0430831909179687 0.6068115234375 0.593017578125
0.000404357910156249 -0.0289344787597656 0.09576416015625 0.59808349609375
0.0314159393310547 -0.0234813690185547 0.109275817871094 -0.057403564453125
-0.0183334350585938 -0.0360870361328125 -0.14630126953125 -0.62603759765625
-0.0456657409667969 -0.0256233215332031 -0.70294189453125 -0.24468994140625
-0.0179615020751953 -0.00963783264160157 -0.4908447265625 0.525146484375
0.0219020843505859 -0.0116233825683594 0.08770751953125 0.63916015625
0.0307674407958984 -0.00546455383300781 0.32952880859375 0.396209716796875
0.00303411483764648 0.00375604629516602 0.310821533203125 0.048309326171875
0.00701522827148438 0.000876426696777344 0.144561767578125 -0.166213989257813
0.00251865386962891 -0.0135679244995117 -0.1639404296875 0.07391357421875
-0.00080680847167969 -0.0212383270263672 -0.29345703125 -0.2003173828125
0.0210418701171875 -0.0169639587402344 -0.178314208984375 -0.477691650390625
0.0325450897216797 -0.00426673889160156 0.2725830078125 -0.5201416015625
-0.0070185661315918 0.00423431396484375 0.72674560546875 -0.039306640625
-0.0541610717773438 -0.0203895568847656 0.6102294921875 0.59332275390625
0.009185791015625 -0.0301704406738281 0.0990600585937499 0.59820556640625
0.0449752807617188 -0.0379638671875 0.112571716308594 -0.0605926513671875
-0.0113468170166016 -0.0343341827392578 -0.14202880859375 -0.62811279296875
-0.0328903198242188 -0.00834465026855469 -0.6981201171875 -0.2464599609375
-0.00566387176513672 0.00651073455810547 -0.48773193359375 0.52362060546875
0.0165920257568359 -0.00493144989013672 0.08966064453125 0.6414794921875
0.006378173828125 -0.016148567199707 0.326080322265625 0.400115966796875
-0.0161113739013672 -0.0174331665039063 0.310211181640625 0.048980712890625
0.00165843963623047 -0.0164632797241211 0.1446533203125 -0.168075561523438
0.0114040374755859 -0.0281162261962891 -0.16314697265625 0.0762176513671875
-0.00733184814453125 -0.055023193359375 -0.299530029296875 -0.19366455078125
-0.00224685668945313 -0.0434455871582031 -0.195159912109375 -0.468505859375
0.0155515670776367 -0.00610828399658203 0.251434326171875 -0.53179931640625
-0.00862693786621094 0.0239238739013672 0.7252197265625 -0.0794677734375
-0.0501289367675781 0.00308990478515624 0.62841796875 0.5615234375
0.0187225341796875 -0.0311832427978516 0.11541748046875 0.59100341796875
0.0604629516601563 -0.0507011413574219 0.108535766601563 -0.05419921875
-9.91821289062524E-05 -0.0367507934570313 -0.12835693359375 -0.6343994140625
-0.0183486938476563 0.0087432861328125 -0.695556640625 -0.2801513671875
0.00543212890625 0.0230464935302734 -0.511810302734375 0.501556396484375
0.0100326538085937 0.00451850891113281 0.0671386718750001 0.64691162109375
-0.0179367065429687 -0.0252342224121094 0.314361572265625 0.4097900390625
-0.0341262817382813 -0.0400581359863281 0.3087158203125 0.054840087890625
-0.000185012817382816 -0.0332584381103516 0.143142700195313 -0.168014526367188
0.0135002136230469 -0.0377197265625 -0.162246704101563 0.0808563232421875
-0.01971435546875 -0.078399658203125 -0.306976318359375 -0.176422119140625
-0.0246696472167969 -0.060546875 -0.21417236328125 -0.45672607421875
0.00150012969970703 -0.00263190269470215 0.219940185546875 -0.554962158203125
-0.00459671020507813 0.0404396057128906 0.7088623046875 -0.1500244140625
-0.0429878234863281 0.0242881774902344 0.65155029296875 0.4971923828125
0.0255336761474609 -0.03082275390625 0.13665771484375 0.5789794921875
0.0725479125976563 -0.0606689453125 0.0980072021484375 -0.0390548706054688
0.0111465454101563 -0.037994384765625 -0.10693359375 -0.64434814453125
-0.00658798217773438 0.0214996337890625 -0.6915283203125 -0.33837890625
0.0128021240234375 0.0389060974121094 -0.557769775390625 0.4598388671875
0.00260353088378906 0.0124149322509766 0.02142333984375 0.6463623046875
-0.03643798828125 -0.0371131896972656 0.29144287109375 0.42431640625
-0.0452041625976562 -0.0630531311035156 0.304443359375 0.06591796875
-0.000179290771484377 -0.0457382202148437 0.14361572265625 -0.166229248046875
0.0164642333984375 -0.0419692993164063 -0.159255981445313 0.0894317626953125
-0.0300140380859375 -0.0906219482421875 -0.311676025390625 -0.155364990234375
-0.0444679260253906 -0.0616302490234375 -0.23431396484375 -0.442657470703125
-0.00578069686889648 0.00438690185546875 0.1761474609375 -0.58642578125
0.00307083129882812 0.0520248413085938 0.680908203125 -0.23614501953125
-0.03204345703125 0.0391006469726563 0.6693115234375 0.4119873046875
0.0299606323242188 -0.0292835235595703 0.156982421875 0.56494140625
0.0822296142578125 -0.0655288696289063 0.0841064453125 -0.0189437866210938
0.0197029113769531 -0.0368919372558594 -0.0772705078125 -0.65655517578125
-0.00122451782226562 0.0301437377929688 -0.68389892578125 -0.4185791015625
0.0117683410644531 0.0525550842285156 -0.6192626953125 0.39453125
-0.0067901611328125 0.0182113647460937 -0.0363159179687501 0.63531494140625
-0.04632568359375 -0.0508346557617188 0.2650146484375 0.43646240234375
-0.0471267700195313 -0.0827102661132812 0.30169677734375 0.076141357421875
0.00556182861328125 -0.0536384582519531 0.146728515625 -0.16375732421875
0.00771713256835938 0.0344715118408203 -0.16314697265625 0.100875854492188
0.0353355407714844 0.0606536865234375 -0.277557373046875 -0.14208984375
0.0831375122070313 0.0341873168945312 -0.189971923828125 -0.471527099609375
0.0613746643066406 -0.00902175903320313 0.1990966796875 -0.61138916015625
-0.0161628723144531 -0.0387344360351563 0.671142578125 -0.2198486328125
-0.0714950561523438 -0.0645828247070313 0.63372802734375 0.42987060546875
-0.0191974639892578 -0.0172252655029297 0.128173828125 0.5731201171875
0.00586748123168945 0.0058131217956543 0.0697746276855469 -0.0152931213378906
-0.0242118835449219 -0.0405006408691406 -0.0994873046875 -0.6534423828125
-0.0530662536621094 -0.0679855346679688 -0.713623046875 -0.40057373046875
-0.024627685546875 -0.0430831909179688 -0.6258544921875 0.3931884765625
0.0471649169921875 -0.00731658935546875 -0.02996826171875 0.59600830078125
0.0703048706054688 0.041259765625 0.292999267578125 0.3917236328125
0.0292587280273438 0.055206298828125 0.31805419921875 0.062652587890625
0.021453857421875 0.0353622436523438 0.1527099609375 -0.16162109375
0.000375747680664061 0.0263099670410156 -0.164535522460937 0.09295654296875
0.0236320495605469 0.0592231750488281 -0.2767333984375 -0.16009521484375
0.0756378173828125 0.0413970947265625 -0.172515869140625 -0.4736328125
0.0648117065429688 -0.00357818603515625 0.24176025390625 -0.5738525390625
-0.0106658935546875 -0.0394096374511719 0.69610595703125 -0.140380859375
-0.0662155151367187 -0.0663337707519531 0.61883544921875 0.50244140625
-0.0139636993408203 -0.0228786468505859 0.1109619140625 0.584716796875
0.00884056091308594 -0.000868797302246094 0.085113525390625 -0.0323028564453125
-0.02716064453125 -0.0398483276367188 -0.12109375 -0.6351318359375
-0.0575485229492188 -0.0583648681640625 -0.71063232421875 -0.32427978515625
-0.0287742614746094 -0.0359916687011719 -0.56585693359375 0.45611572265625
0.0418663024902344 -0.0145835876464844 0.01971435546875 0.61334228515625
0.065704345703125 0.025543212890625 0.30596923828125 0.38665771484375
0.0277557373046875 0.0458908081054688 0.31365966796875 0.053314208984375
0.0187950134277344 0.0310134887695313 0.149581909179688 -0.164840698242188
-0.000458717346191407 0.0162010192871094 -0.166061401367188 0.0834503173828125
0.01336669921875 0.0440597534179687 -0.283660888671875 -0.182037353515625
0.0621757507324219 0.0334396362304688 -0.1688232421875 -0.469573974609375
0.0602836608886719 -0.00119781494140625 0.265899658203125 -0.5394287109375
-0.00722885131835938 -0.028289794921875 0.71258544921875 -0.07806396484375
-0.0610885620117188 -0.0572547912597656 0.60650634765625 0.55694580078125
-0.00795173645019531 -0.0252799987792969 0.09820556640625 0.59002685546875
0.017822265625 -0.0111064910888672 0.100845336914063 -0.0471725463867188
-0.0239524841308594 -0.0379142761230469 -0.13568115234375 -0.62628173828125
-0.0569229125976563 -0.0420265197753906 -0.70458984375 -0.27197265625
-0.0264778137207031 -0.024169921875 -0.515625 0.50067138671875
0.0291023254394531 -0.0147113800048828 0.0634155273437499 0.62786865234375
0.0531005859375 0.0100593566894531 0.320892333984375 0.3878173828125
0.0193061828613281 0.0262908935546875 0.31231689453125 0.04876708984375
0.012847900390625 0.0163774490356445 0.145904541015625 -0.165634155273438
0.00152671337127686 0.00106632709503174 -0.165771484375 0.0753021240234375
0.00495433807373047 0.0146770477294922 -0.28546142578125 -0.192474365234375
0.0441741943359375 0.0119285583496094 -0.169403076171875 -0.47674560546875
0.0484962463378906 -0.00120925903320313 0.27532958984375 -0.522430419921875
-0.00645351409912109 -0.015233039855957 0.722900390625 -0.04071044921875
-0.0568695068359375 -0.0406150817871094 0.6015625 0.58917236328125
-0.000587463378906251 -0.0279903411865234 0.0943603515625 0.5947265625
0.0309982299804688 -0.0235252380371094 0.107879638671875 -0.0577239990234375
-0.0189762115478516 -0.0348758697509766 -0.14208984375 -0.6221923828125
-0.0474853515625 -0.0243263244628906 -0.69720458984375 -0.24444580078125
-0.0193271636962891 -0.00984764099121094 -0.487060546875 0.5201416015625
0.0223426818847656 -0.0128421783447266 0.0885009765625 0.63372802734375
0.0297431945800781 -0.00416755676269531 0.3282470703125 0.39141845703125
0.00268793106079102 0.00582695007324219 0.310577392578125 0.045928955078125
0.00820589065551758 -0.00095367431640625 0.14453125 -0.167984008789063
0.00472736358642578 -0.0124940872192383 -0.165679931640625 0.0748748779296875
-0.00134658813476563 -0.0209865570068359 -0.292572021484375 -0.198577880859375
0.0220355987548828 -0.0161914825439453 -0.178741455078125 -0.474639892578125
0.0326328277587891 -0.0041351318359375 0.26947021484375 -0.51715087890625
-0.00926876068115235 0.00450325012207031 0.72265625 -0.03955078125
-0.0548439025878906 -0.0197868347167969 0.60284423828125 0.589599609375
0.00908851623535156 -0.0302944183349609 0.099609375 0.593994140625
0.0441856384277344 -0.0379219055175781 0.110954284667969 -0.0602874755859375
-0.010040283203125 -0.0352401733398438 -0.13916015625 -0.62353515625
-0.0326919555664063 -0.00791740417480469 -0.6934814453125 -0.246337890625
-0.0071415901184082 0.00674581527709961 -0.48162841796875 0.519012451171875
0.0155553817749023 -0.00481319427490234 0.09271240234375 0.63848876953125
0.00561714172363281 -0.015528678894043 0.3250732421875 0.396575927734375
-0.0162954330444336 -0.0171623229980469 0.309112548828125 0.048126220703125
0.00245857238769531 -0.0166711807250977 0.143447875976563 -0.1680908203125
0.0105075836181641 -0.0278835296630859 -0.16278076171875 0.07550048828125
-0.00698089599609375 -0.0549125671386719 -0.30010986328125 -0.191009521484375
-0.00202178955078125 -0.043792724609375 -0.195770263671875 -0.4647216796875
0.0150232315063477 -0.00694656372070313 0.249603271484375 -0.528289794921875
-0.00950813293457031 0.0236015319824219 0.718017578125 -0.0775146484375
-0.0490760803222656 0.00389099121093749 0.62335205078125 0.558837890625
0.0183429718017578 -0.0316009521484375 0.1126708984375 0.58740234375
0.0588874816894531 -0.05133056640625 0.106895446777344 -0.0536651611328125
0.000175476074218753 -0.0360336303710938 -0.12677001953125 -0.6329345703125
-0.0163068771362305 0.00800418853759765 -0.6905517578125 -0.27935791015625
0.00610160827636719 0.0235481262207031 -0.50634765625 0.498779296875
0.0101385116577148 0.00415325164794922 0.06854248046875 0.6417236328125
-0.0166969299316406 -0.0256271362304688 0.312286376953125 0.407806396484375
-0.0354156494140625 -0.0399932861328125 0.3074951171875 0.0540771484375
-0.000228881835937497 -0.0335693359375 0.142608642578125 -0.167129516601563
0.0157699584960937 -0.0391273498535156 -0.1614990234375 0.0808868408203125
-0.0187606811523438 -0.0802230834960938 -0.306060791015625 -0.17413330078125
-0.0246200561523438 -0.0605125427246094 -0.21441650390625 -0.451995849609375
8.82148742675818E-06 -0.00410127639770508 0.2181396484375 -0.55267333984375
-0.00596237182617188 0.0408592224121094 0.70477294921875 -0.14776611328125
-0.042266845703125 0.0244941711425781 0.646728515625 0.494384765625
0.0263957977294922 -0.0303134918212891 0.13055419921875 0.576171875
0.07232666015625 -0.061279296875 0.0965499877929687 -0.0386505126953125
0.0104942321777344 -0.0367851257324219 -0.10626220703125 -0.64068603515625
-0.00712776184082031 0.0211658477783203 -0.687255859375 -0.3375244140625
0.01202392578125 0.0393714904785156 -0.55487060546875 0.458251953125
0.00182723999023438 0.0112743377685547 0.0223388671874999 0.64300537109375
-0.0356254577636719 -0.0372314453125 0.291656494140625 0.421234130859375
-0.0466079711914063 -0.0612525939941406 0.303253173828125 0.06304931640625
0.00044631958007812 -0.0468025207519531 0.143142700195313 -0.165557861328125
0.0169944763183594 -0.0439872741699219 -0.158447265625 0.0899505615234375
-0.030792236328125 -0.0912704467773437 -0.310943603515625 -0.15155029296875
-0.0452079772949219 -0.0617103576660156 -0.233306884765625 -0.437530517578125
-0.00507497787475586 0.00512933731079101 0.17474365234375 -0.5836181640625
0.0019073486328125 0.0510520935058594 0.67559814453125 -0.236083984375
-0.0306892395019531 0.0391273498535156 0.6629638671875 0.410888671875
0.0313777923583984 -0.0289688110351563 0.1552734375 0.5606689453125
0.080169677734375 -0.0661087036132813 0.0839309692382813 -0.0183792114257813
0.019805908203125 -0.0370025634765625 -0.0751953125 -0.65557861328125
0.000288009643554686 0.0303058624267578 -0.6787109375 -0.4180908203125
0.0123748779296875 0.0523109436035156 -0.61346435546875 0.39117431640625
-0.00723457336425781 0.0179328918457031 -0.03631591796875 0.63275146484375
-0.0487136840820313 -0.0512161254882813 0.26446533203125 0.43267822265625
-0.048492431640625 -0.0806198120117188 0.30255126953125 0.075592041015625
0.00656890869140625 -0.0539054870605469 0.145050048828125 -0.164306640625
0.00798225402832031 0.0345401763916016 -0.162857055664062 0.101486206054687
0.0375938415527344 0.0597763061523437 -0.277511596679687 -0.140121459960938
0.0816650390625 0.0343017578125 -0.188934326171875 -0.46942138671875
0.0623855590820313 -0.0102005004882813 0.19659423828125 -0.608154296875
-0.0169219970703125 -0.0398330688476563 0.66400146484375 -0.2200927734375
-0.0703964233398438 -0.0639266967773438 0.62939453125 0.4283447265625
-0.01800537109375 -0.0178642272949219 0.124755859375 0.57025146484375
0.00579977035522461 0.00582170486450195 0.0697288513183594 -0.01495361328125
-0.02410888671875 -0.0399436950683594 -0.0999755859375001 -0.64849853515625
-0.0534858703613281 -0.0687294006347656 -0.70977783203125 -0.399658203125
-0.0252304077148437 -0.0416831970214844 -0.62158203125 0.392333984375
0.0479049682617188 -0.00782394409179688 -0.0299072265625 0.5943603515625
0.0713653564453125 0.0414276123046875 0.291900634765625 0.388580322265625
0.0300102233886719 0.0546493530273437 0.318084716796875 0.06219482421875
0.0225868225097656 0.0352020263671875 0.152908325195313 -0.162216186523438
0.000597000122070311 0.0274200439453125 -0.163665771484375 0.093292236328125
0.0229339599609375 0.0595016479492187 -0.27703857421875 -0.158935546875
0.0761642456054688 0.0408554077148438 -0.17193603515625 -0.47100830078125
0.0642929077148438 -0.00312042236328125 0.24114990234375 -0.5706787109375
-0.00991058349609375 -0.0379104614257813 0.69329833984375 -0.13641357421875
-0.0649871826171875 -0.0658378601074219 0.6151123046875 0.5013427734375
-0.0136737823486328 -0.0220794677734375 0.10748291015625 0.58233642578125
0.00954055786132813 -1.71661376953125E-05 0.0845489501953125 -0.0330581665039063
-0.0269508361816406 -0.0395584106445313 -0.1182861328125 -0.63433837890625
-0.0565948486328125 -0.0566635131835937 -0.70770263671875 -0.32354736328125
-0.0288162231445313 -0.0365486145019531 -0.56304931640625 0.45343017578125
0.0415725708007812 -0.0149307250976562 0.02203369140625 0.60943603515625
0.0665550231933594 0.0248947143554688 0.30450439453125 0.38494873046875
0.0293617248535156 0.0454750061035156 0.313812255859375 0.052154541015625
0.0183086395263672 0.0289974212646484 0.147964477539063 -0.164566040039063
-0.00194263458251953 0.0141458511352539 -0.165725708007813 0.0840301513671875
0.0121650695800781 0.0443305969238281 -0.283782958984375 -0.179718017578125
0.061187744140625 0.0325698852539063 -0.168121337890625 -0.4678955078125
0.0598297119140625 -0.000942230224609375 0.263916015625 -0.538299560546875
-0.00621604919433594 -0.0293083190917969 0.70770263671875 -0.07928466796875
-0.0602989196777344 -0.0590133666992188 0.601806640625 0.55523681640625
-0.00841140747070313 -0.0260276794433594 0.09649658203125 0.58831787109375
0.0189018249511719 -0.0102367401123047 0.099090576171875 -0.04754638671875
-0.0250167846679687 -0.0358924865722656 -0.1339111328125 -0.62127685546875
-0.0561332702636719 -0.0414924621582031 -0.70037841796875 -0.26983642578125
-0.0267162322998047 -0.0254631042480469 -0.51239013671875 0.496551513671875
0.0294113159179687 -0.0169124603271484 0.0639648437499999 0.6248779296875
0.0527534484863281 0.00909042358398438 0.320465087890625 0.38421630859375
0.0199432373046875 0.0246047973632813 0.31097412109375 0.047119140625
0.0127592086791992 0.015477180480957 0.144577026367187 -0.166854858398438
0.00188863277435303 0.00066065788269043 -0.164657592773438 0.0757598876953125
0.00566387176513672 0.0140848159790039 -0.285736083984375 -0.19122314453125
0.0444679260253906 0.0107841491699219 -0.169586181640625 -0.475006103515625
0.0483665466308594 -0.00319671630859375 0.272064208984375 -0.52056884765625
-0.00722217559814453 -0.0136489868164062 0.718017578125 -0.04193115234375
-0.0554733276367188 -0.0415534973144531 0.59600830078125 0.58709716796875
0.000516891479492188 -0.0286617279052734 0.0935058593750001 0.590087890625
0.0312404632568359 -0.0246906280517578 0.107879638671875 -0.0571517944335938
-0.0188140869140625 -0.0354881286621094 -0.14031982421875 -0.61822509765625
-0.0462112426757812 -0.0237846374511719 -0.6934814453125 -0.24365234375
-0.0194168090820312 -0.0106430053710938 -0.48272705078125 0.5194091796875
0.0227813720703125 -0.0127754211425781 0.090087890625 0.63079833984375
0.0306930541992188 -0.0032806396484375 0.328125 0.38958740234375
0.00459051132202148 0.00587797164916992 0.3094482421875 0.04412841796875
0.00837373733520508 -0.000894546508789062 0.14251708984375 -0.167709350585938
0.00408458709716797 -0.0138788223266602 -0.1646728515625 0.072998046875
0.000894546508789064 -0.0216312408447266 -0.29193115234375 -0.196868896484375
0.0219993591308594 -0.0179519653320312 -0.17919921875 -0.473114013671875
0.0318870544433594 -0.00512886047363281 0.2667236328125 -0.515289306640625
-0.00978660583496094 0.00471210479736328 0.7183837890625 -0.03900146484375
-0.0529670715332031 -0.0198440551757812 0.60113525390625 0.589599609375
0.0108451843261719 -0.0289287567138672 0.0960693359375 0.59100341796875
0.0450515747070312 -0.0377273559570313 0.111381530761719 -0.0601043701171875
-0.0101394653320313 -0.0342292785644531 -0.13720703125 -0.61993408203125
-0.032501220703125 -0.00579452514648438 -0.68939208984375 -0.24700927734375
-0.0067291259765625 0.00612688064575195 -0.480133056640625 0.51739501953125
0.0144805908203125 -0.00459480285644531 0.0933837890625 0.6351318359375
0.00628280639648438 -0.0159883499145508 0.32550048828125 0.39306640625
-0.0164031982421875 -0.016596794128418 0.309051513671875 0.045989990234375
0.00315475463867188 -0.0175876617431641 0.143508911132813 -0.167449951171875
0.0108718872070312 -0.0292415618896484 -0.163925170898438 0.0756072998046875
-0.00774765014648437 -0.0557861328125 -0.29840087890625 -0.189605712890625
-0.00156402587890625 -0.0436630249023437 -0.194671630859375 -0.463653564453125
0.0153656005859375 -0.00624752044677734 0.248626708984375 -0.52691650390625
-0.0106868743896484 0.02276611328125 0.71551513671875 -0.078125
-0.0494232177734375 0.00418853759765626 0.619140625 0.55718994140625
0.0192089080810547 -0.030914306640625 0.1099853515625 0.5841064453125
0.0593528747558594 -0.0504264831542969 0.106201171875 -0.05267333984375
0.000698089599609379 -0.0346355438232422 -0.12542724609375 -0.62908935546875
-0.0173330307006836 0.00951099395751953 -0.68505859375 -0.27984619140625
0.00567436218261719 0.0239162445068359 -0.506500244140625 0.496795654296875
0.0086822509765625 0.00438785552978516 0.068603515625 0.64056396484375
-0.0167961120605469 -0.0254802703857422 0.313201904296875 0.404815673828125
-0.0343513488769531 -0.0389900207519531 0.3060302734375 0.0504150390625
-0.00113677978515625 -0.0340671539306641 0.141571044921875 -0.1668701171875
0.0155754089355469 -0.0399322509765625 -0.162460327148438 0.080841064453125
-0.0187911987304687 -0.0789108276367188 -0.306060791015625 -0.172149658203125
-0.0238876342773438 -0.0602836608886719 -0.21429443359375 -0.449066162109375
0.000845909118652344 -0.00254011154174805 0.218414306640625 -0.54931640625
-0.00652313232421875 0.0396270751953125 0.70245361328125 -0.14678955078125
-0.0395965576171875 0.0245628356933594 0.64141845703125 0.49237060546875
0.0259552001953125 -0.0310230255126953 0.12933349609375 0.57196044921875
0.07281494140625 -0.0611114501953125 0.0977630615234375 -0.0388031005859375
0.01141357421875 -0.0369110107421875 -0.10211181640625 -0.6390380859375
-0.00528717041015625 0.0217952728271484 -0.68255615234375 -0.33544921875
0.01263427734375 0.0402603149414063 -0.55181884765625 0.454498291015625
0.00179004669189453 0.011713981628418 0.0234375000000001 0.6405029296875
-0.0368423461914063 -0.0369415283203125 0.290679931640625 0.417694091796875
-0.0453758239746094 -0.0617485046386719 0.304351806640625 0.061370849609375
0.000362396240234377 -0.0475616455078125 0.142318725585938 -0.165512084960938
0.0171623229980469 -0.0435867309570313 -0.159561157226563 0.089599609375
-0.030853271484375 -0.09051513671875 -0.3092041015625 -0.150115966796875
-0.0444221496582031 -0.0625839233398437 -0.234161376953125 -0.43658447265625
-0.00576114654541016 0.00550508499145508 0.1737060546875 -0.58013916015625
0.00172805786132813 0.0506744384765625 0.67230224609375 -0.2318115234375
-0.0293388366699219 0.0395011901855469 0.6605224609375 0.4107666015625
0.0310783386230469 -0.0299606323242187 0.15057373046875 0.55914306640625
0.0805892944335938 -0.0658493041992188 0.08251953125 -0.0179824829101563
0.0199317932128906 -0.0372657775878906 -0.0747680664062499 -0.65118408203125
-0.000326156616210939 0.0295352935791016 -0.67510986328125 -0.416015625
0.0120773315429688 0.0532951354980469 -0.61090087890625 0.3892822265625
-0.0077972412109375 0.0178928375244141 -0.03521728515625 0.6279296875
-0.0474395751953125 -0.04913330078125 0.26544189453125 0.429290771484375
-0.0487442016601562 -0.0817413330078125 0.300872802734375 0.072235107421875
0.00596237182617188 -0.0551834106445313 0.145278930664063 -0.1634521484375
0.00839042663574219 0.0348300933837891 -0.161819458007813 0.101715087890625
0.0371017456054687 0.0597419738769531 -0.276092529296875 -0.1409912109375
0.083740234375 0.0351333618164063 -0.190582275390625 -0.46856689453125
0.0611610412597656 -0.0109710693359375 0.19622802734375 -0.60772705078125
-0.0174903869628906 -0.0387077331542969 0.66204833984375 -0.2147216796875
-0.0702171325683594 -0.0645751953125 0.627197265625 0.4290771484375
-0.0181922912597656 -0.0177097320556641 0.12371826171875 0.56842041015625
0.00458955764770508 0.00504350662231445 0.0696792602539063 -0.0135498046875
-0.0246124267578125 -0.0405387878417969 -0.0970458984375 -0.6475830078125
-0.0538787841796875 -0.0671539306640625 -0.70709228515625 -0.4005126953125
-0.0259895324707031 -0.0424652099609375 -0.6195068359375 0.38983154296875
0.0488204956054688 -0.0076904296875 -0.029296875 0.59423828125
0.0725936889648438 0.0417404174804688 0.29095458984375 0.38690185546875
0.0307464599609375 0.0559577941894531 0.316864013671875 0.060760498046875
0.0224571228027344 0.0339870452880859 0.1529541015625 -0.162673950195313
0.00074577331542969 0.0272846221923828 -0.163864135742188 0.09283447265625
0.02423095703125 0.0591583251953125 -0.276275634765625 -0.158584594726563
0.077056884765625 0.0402145385742188 -0.17205810546875 -0.471588134765625
0.0646743774414063 -0.00497055053710938 0.24078369140625 -0.57073974609375
-0.0123214721679688 -0.0377922058105469 0.6905517578125 -0.13671875
-0.0640487670898437 -0.0660362243652344 0.60931396484375 0.50048828125
-0.0149364471435547 -0.0219936370849609 0.105224609375 0.57977294921875
0.00877046585083008 0.000104427337646484 0.084320068359375 -0.0334396362304688
-0.0268936157226563 -0.0386505126953125 -0.1158447265625 -0.63470458984375
-0.0571479797363281 -0.057037353515625 -0.702880859375 -0.324462890625
-0.0302696228027344 -0.0369415283203125 -0.561065673828125 0.45184326171875
0.0402374267578125 -0.0162200927734375 0.02105712890625 0.60760498046875
0.0664787292480469 0.0243034362792969 0.303955078125 0.382781982421875
0.0291938781738281 0.0446701049804688 0.31317138671875 0.050628662109375
0.0200290679931641 0.0289592742919922 0.146820068359375 -0.166183471679688
-0.000241279602050783 0.015594482421875 -0.166656494140625 0.082550048828125
0.0146026611328125 0.0440216064453125 -0.282470703125 -0.17926025390625
0.061431884765625 0.0324630737304688 -0.168701171875 -0.466522216796875
0.0579719543457031 -0.00198745727539063 0.262939453125 -0.536956787109375
-0.0081939697265625 -0.0290851593017578 0.70556640625 -0.07501220703125
-0.0608482360839844 -0.056549072265625 0.5970458984375 0.5535888671875
-0.00892066955566407 -0.0251979827880859 0.093505859375 0.58447265625
0.0182418823242187 -0.010894775390625 0.0998001098632813 -0.0468521118164063
-0.02606201171875 -0.0362701416015625 -0.132568359375 -0.62139892578125
-0.0553398132324219 -0.0402069091796875 -0.69818115234375 -0.27252197265625
-0.0271682739257813 -0.0238571166992188 -0.5108642578125 0.495391845703125
0.0293521881103516 -0.0168590545654297 0.06500244140625 0.62353515625
0.0533714294433594 0.00989913940429688 0.3189697265625 0.381561279296875
0.0203208923339844 0.0270442962646484 0.310546875 0.04669189453125
0.0131826400756836 0.0146875381469727 0.144866943359375 -0.167892456054688
0.00135564804077148 0.000186800956726074 -0.167037963867188 0.075897216796875
0.00528430938720703 0.0149211883544922 -0.286590576171875 -0.189666748046875
0.0433235168457031 0.0124435424804687 -0.17010498046875 -0.474945068359375
0.0477828979492188 -0.003143310546875 0.2716064453125 -0.518157958984375
-0.00812244415283203 -0.0141410827636719 0.71337890625 -0.03759765625
-0.0558929443359375 -0.0409698486328125 0.593017578125 0.58697509765625
0.00140762329101563 -0.02752685546875 0.089599609375 0.59002685546875
0.0311031341552734 -0.0233612060546875 0.107284545898438 -0.0573348999023438
-0.0188198089599609 -0.0346355438232422 -0.13812255859375 -0.61920166015625
-0.0468597412109375 -0.0232582092285156 -0.69000244140625 -0.24554443359375
-0.0204181671142578 -0.0101852416992188 -0.480743408203125 0.51605224609375
0.0209312438964844 -0.013885498046875 0.0887451171875 0.62823486328125
0.0317287445068359 -0.00563240051269531 0.328216552734375 0.3873291015625
0.00465679168701172 0.00546884536743164 0.30987548828125 0.043792724609375
0.00732135772705078 -0.00180673599243164 0.144546508789063 -0.1671142578125
0.00565624237060547 -0.0156345367431641 -0.166244506835938 0.0738525390625
1.23549562617177E-18 -0.0201778411865234 -0.291107177734375 -0.1961669921875
0.0212039947509766 -0.0166378021240234 -0.179595947265625 -0.47161865234375
0.0308036804199219 -0.00419425964355469 0.268035888671875 -0.513275146484375
-0.0104541778564453 0.00397014617919922 0.71575927734375 -0.03741455078125
-0.053253173828125 -0.019317626953125 0.596923828125 0.5880126953125
0.009521484375 -0.030059814453125 0.09307861328125 0.5904541015625
0.0462570190429688 -0.0387153625488281 0.109451293945313 -0.0595245361328125
-0.00973892211914063 -0.0347614288330078 -0.13494873046875 -0.61834716796875
-0.0322647094726563 -0.00534248352050781 -0.6856689453125 -0.24920654296875
-0.0057835578918457 0.00661945343017578 -0.4786376953125 0.515594482421875
0.0157203674316406 -0.00499916076660156 0.090087890625 0.63238525390625
0.00679969787597656 -0.0147037506103516 0.324493408203125 0.392333984375
-0.0153188705444336 -0.0169315338134766 0.30853271484375 0.04351806640625
0.00194549560546875 -0.0184364318847656 0.14300537109375 -0.169448852539063
0.0101070404052734 -0.0296287536621094 -0.163116455078125 0.075531005859375
-0.00732421875 -0.0557365417480469 -0.298431396484375 -0.188232421875
-0.000205993652343755 -0.0445137023925781 -0.195831298828125 -0.462127685546875
0.0142841339111328 -0.00590801239013672 0.2471923828125 -0.524169921875
-0.0115642547607422 0.0238571166992188 0.71307373046875 -0.076171875
-0.0478401184082031 0.00492477416992188 0.61456298828125 0.55560302734375
0.0196075439453125 -0.0300273895263672 0.1063232421875 0.58367919921875
0.0598907470703125 -0.0514411926269531 0.106613159179688 -0.0531082153320313
0.00139045715332031 -0.0351448059082031 -0.1236572265625 -0.6275634765625
-0.0167226791381836 0.00891208648681641 -0.6822509765625 -0.2802734375
0.00510025024414063 0.0233078002929688 -0.50274658203125 0.4945068359375
0.00857305526733398 0.00352048873901367 0.06842041015625 0.6370849609375
-0.0167942047119141 -0.0254192352294922 0.313446044921875 0.401580810546875
-0.0347824096679688 -0.039459228515625 0.306365966796875 0.049896240234375
-0.00158500671386719 -0.0351219177246094 0.142349243164063 -0.167770385742188
0.0147705078125 -0.0404014587402344 -0.162734985351563 0.080169677734375
-0.0190200805664062 -0.0784454345703125 -0.304962158203125 -0.17138671875
-0.0240020751953125 -0.0610542297363281 -0.21392822265625 -0.448577880859375
0.000254392623901367 -0.00321364402770996 0.2161865234375 -0.546661376953125
-0.00685501098632813 0.0400733947753906 0.69732666015625 -0.1453857421875
-0.0383262634277344 0.0251197814941406 0.63677978515625 0.49261474609375
0.0254878997802734 -0.0292625427246094 0.12615966796875 0.5703125
0.0729827880859375 -0.0601272583007813 0.0955581665039063 -0.0385360717773438
0.0117568969726562 -0.0370063781738281 -0.10125732421875 -0.63592529296875
-0.0062713623046875 0.02069091796875 -0.6795654296875 -0.33758544921875
0.0123329162597656 0.0390777587890625 -0.551513671875 0.452911376953125
0.0007171630859375 0.0112485885620117 0.0234375 0.637939453125
-0.0363121032714844 -0.0364341735839844 0.29034423828125 0.415557861328125
-0.04498291015625 -0.061553955078125 0.304107666015625 0.05963134765625
-6.86645507812504E-05 -0.0479736328125 0.142242431640625 -0.165420532226563
0.0180625915527344 -0.0456924438476563 -0.160202026367188 0.088775634765625
-0.030548095703125 -0.0909194946289063 -0.308685302734375 -0.149169921875
-0.0434532165527344 -0.0617637634277344 -0.233062744140625 -0.436737060546875
-0.00755929946899414 0.00441551208496093 0.1727294921875 -0.57989501953125
0.000942230224609379 0.0501632690429688 0.6671142578125 -0.23095703125
-0.0287895202636719 0.0402450561523438 0.65765380859375 0.4119873046875
0.0313720703125 -0.0288429260253906 0.150299072265625 0.558563232421875
0.080841064453125 -0.0647659301757813 0.0808334350585938 -0.0181198120117188
0.0214653015136719 -0.0368843078613281 -0.0721435546875 -0.64971923828125
5.72204589843737E-06 0.03167724609375 -0.6693115234375 -0.4168701171875
0.0112495422363281 0.0530624389648438 -0.61138916015625 0.38818359375
-0.00757598876953125 0.0175762176513672 -0.0339965820312501 0.6260986328125
-0.0474967956542969 -0.0499992370605469 0.26385498046875 0.42681884765625
-0.0486679077148438 -0.08197021484375 0.299407958984375 0.07147216796875
0.00648880004882812 -0.0561103820800781 0.144805908203125 -0.1636962890625
0.00940132141113281 0.0348968505859375 -0.163314819335938 0.101959228515625
0.0380477905273438 0.0613174438476562 -0.277420043945313 -0.139541625976563
0.0824127197265625 0.0322036743164063 -0.1907958984375 -0.46783447265625
0.0615653991699219 -0.0119514465332031 0.1961669921875 -0.60601806640625
-0.018585205078125 -0.0391960144042969 0.66162109375 -0.2152099609375
-0.0703811645507813 -0.0629730224609375 0.6226806640625 0.4305419921875
-0.0174808502197266 -0.0182266235351563 0.1202392578125 0.56988525390625
0.00593137741088867 0.00634002685546875 0.0673675537109375 -0.0146522521972656
-0.0249176025390625 -0.040191650390625 -0.0947265625 -0.6470947265625
-0.0531044006347656 -0.068115234375 -0.7039794921875 -0.40277099609375
-0.026519775390625 -0.04339599609375 -0.620849609375 0.38861083984375
0.0480422973632813 -0.0088043212890625 -0.029296875 0.59234619140625
0.0728836059570313 0.04205322265625 0.29058837890625 0.3839111328125
0.0307121276855469 0.0574226379394531 0.31689453125 0.05731201171875
0.0232791900634766 0.0334434509277344 0.15228271484375 -0.164718627929687
0.00145912170410156 0.0255794525146484 -0.165786743164063 0.094329833984375
0.0257072448730469 0.0596733093261719 -0.277938842773438 -0.157257080078125
0.0770187377929688 0.0396728515625 -0.17425537109375 -0.470733642578125
0.0649147033691406 -0.0052947998046875 0.23992919921875 -0.57080078125
-0.0128440856933594 -0.03717041015625 0.6898193359375 -0.134033203125
-0.0648994445800781 -0.0660285949707031 0.60784912109375 0.501708984375
-0.0140209197998047 -0.0225276947021484 0.10186767578125 0.5792236328125
0.0096282958984375 -0.000447273254394531 0.0837631225585938 -0.0329818725585938
-0.0267524719238281 -0.0387687683105469 -0.11395263671875 -0.6309814453125
-0.0573883056640625 -0.0568809509277344 -0.70037841796875 -0.3289794921875
-0.0305137634277344 -0.0368766784667969 -0.561431884765625 0.450408935546875
0.0400505065917969 -0.0169639587402344 0.02032470703125 0.60626220703125
0.0678749084472656 0.0251731872558594 0.30389404296875 0.3824462890625
0.0295524597167969 0.0447235107421875 0.31317138671875 0.04962158203125
0.0188770294189453 0.0276412963867188 0.149215698242188 -0.166976928710937
-0.000426292419433594 0.0147619247436523 -0.1663818359375 0.0831756591796875
0.0149459838867188 0.0449333190917969 -0.283782958984375 -0.17730712890625
0.0620040893554687 0.0315780639648437 -0.16986083984375 -0.46685791015625
0.0588569641113281 -0.00139999389648438 0.261627197265625 -0.53619384765625
-0.0079193115234375 -0.0294895172119141 0.7020263671875 -0.07354736328125
-0.05914306640625 -0.0573463439941406 0.5960693359375 0.555419921875
-0.00889396667480469 -0.022979736328125 0.0906982421874999 0.58538818359375
0.0164337158203125 -0.0110769271850586 0.0996322631835938 -0.0462570190429688
-0.0243988037109375 -0.0368080139160156 -0.12646484375 -0.621826171875
-0.0563430786132812 -0.0404205322265625 -0.696044921875 -0.2744140625
-0.0284633636474609 -0.0248985290527344 -0.51129150390625 0.494842529296875
0.0302066802978516 -0.0167312622070313 0.0650634765625 0.6204833984375
0.0543861389160156 0.00952529907226563 0.3197021484375 0.3826904296875
0.0209026336669922 0.0267410278320313 0.311004638671875 0.04400634765625
0.0131206512451172 0.01336669921875 0.144989013671875 -0.16741943359375
0.00217020511627197 -0.00046229362487793 -0.167144775390625 0.0768585205078125
0.00770854949951172 0.0156116485595703 -0.285552978515625 -0.188079833984375
0.0445480346679688 0.00994110107421875 -0.169281005859375 -0.473052978515625
0.0486869812011719 -0.00270843505859375 0.2725830078125 -0.5177001953125
-0.00895786285400391 -0.0142879486083984 0.71282958984375 -0.03619384765625
-0.0547523498535156 -0.0414390563964844 0.58892822265625 0.58856201171875
0.000202178955078126 -0.0268573760986328 0.08660888671875 0.58978271484375
0.031829833984375 -0.0235519409179688 0.107452392578125 -0.0559539794921875
-0.018096923828125 -0.035980224609375 -0.13555908203125 -0.61785888671875
-0.0450363159179688 -0.0227584838867188 -0.68914794921875 -0.24761962890625
-0.0197639465332031 -0.00933265686035156 -0.48126220703125 0.513397216796875
0.0203437805175781 -0.0138187408447266 0.08905029296875 0.6287841796875
0.0314311981201172 -0.00392913818359375 0.32818603515625 0.38446044921875
0.00494670867919922 0.00479793548583984 0.30889892578125 0.042327880859375
0.00824308395385742 -0.00224018096923828 0.144393920898438 -0.169036865234375
0.00551700592041016 -0.0164165496826172 -0.166168212890625 0.07537841796875
-5.91278076171874E-05 -0.0208549499511719 -0.2923583984375 -0.194549560546875
0.0232830047607422 -0.0178451538085938 -0.1795654296875 -0.470672607421875
0.0309715270996094 -0.00620460510253906 0.267181396484375 -0.5118408203125
-0.0106868743896484 0.00506210327148437 0.71337890625 -0.0347900390625
-0.0523948669433594 -0.0192146301269531 0.5921630859375 0.58990478515625
0.00971031188964844 -0.0288276672363281 0.09039306640625 0.58892822265625
0.0445365905761719 -0.0378875732421875 0.110649108886719 -0.0592575073242188
-0.00882339477539062 -0.0343437194824219 -0.1334228515625 -0.6204833984375
-0.0323333740234375 -0.00652503967285156 -0.6842041015625 -0.2496337890625
-0.00676965713500976 0.00800657272338867 -0.477081298828125 0.51214599609375
0.0141868591308594 -0.00533580780029297 0.09185791015625 0.63177490234375
0.00696277618408203 -0.0152816772460938 0.325225830078125 0.389312744140625
-0.0157756805419922 -0.0173511505126953 0.307525634765625 0.043304443359375
0.00248146057128906 -0.0194625854492187 0.14337158203125 -0.1697998046875
0.0121536254882812 -0.0301589965820313 -0.164657592773438 0.076202392578125
-0.00751495361328125 -0.0554084777832031 -0.298553466796875 -0.187164306640625
-0.000457763671874999 -0.0444679260253906 -0.19598388671875 -0.461944580078125
0.0135078430175781 -0.00717639923095703 0.247283935546875 -0.522857666015625
-0.0122013092041016 0.0237560272216797 0.71075439453125 -0.07421875
-0.0477409362792969 0.00498199462890624 0.613037109375 0.55718994140625
0.0190067291259766 -0.0300579071044922 0.10479736328125 0.58148193359375
0.0600700378417969 -0.05120849609375 0.10650634765625 -0.0531997680664063
0.00217819213867188 -0.0356178283691406 -0.11956787109375 -0.625244140625
-0.0170555114746094 0.00929069519042968 -0.68035888671875 -0.28350830078125
0.00458526611328125 0.0246315002441406 -0.501434326171875 0.49224853515625
0.00858545303344726 0.00391435623168945 0.0687866210937499 0.63604736328125
-0.0169582366943359 -0.0246238708496094 0.312744140625 0.401123046875
-0.0344200134277344 -0.0387382507324219 0.306793212890625 0.049041748046875
-0.00158309936523437 -0.0351715087890625 0.141632080078125 -0.1693115234375
0.0164451599121094 -0.0426216125488281 -0.1634521484375 0.08172607421875
-0.01806640625 -0.0798110961914063 -0.30743408203125 -0.169464111328125
-0.0233154296875 -0.0611419677734375 -0.214080810546875 -0.44781494140625
0.000383615493774414 -0.00306105613708496 0.216461181640625 -0.54656982421875
-0.00790786743164063 0.0411796569824219 0.69769287109375 -0.143310546875
-0.0400772094726562 0.0253677368164063 0.63433837890625 0.49493408203125
0.0275650024414063 -0.0301914215087891 0.12542724609375 0.571533203125
0.0731124877929688 -0.0609970092773437 0.0960769653320313 -0.0391311645507813
0.0123176574707031 -0.0373420715332031 -0.09844970703125 -0.63763427734375
-0.00508880615234375 0.0226078033447266 -0.67681884765625 -0.33905029296875
0.0119705200195313 0.0394363403320313 -0.547088623046875 0.450714111328125
0.00134372711181641 0.0125694274902344 0.0238037109374999 0.63616943359375
-0.0369338989257812 -0.0368804931640625 0.29071044921875 0.414581298828125
-0.0453414916992187 -0.0616722106933594 0.3033447265625 0.056976318359375
-0.000148773193359378 -0.0477485656738281 0.143051147460938 -0.167587280273438
0.0175628662109375 -0.0461044311523438 -0.160125732421875 0.0900726318359375
-0.0304031372070313 -0.0909652709960937 -0.309967041015625 -0.1492919921875
-0.0431594848632812 -0.0622520446777344 -0.234283447265625 -0.434478759765625
-0.00792074203491211 0.00637149810791016 0.17193603515625 -0.5782470703125
8.39233398437529E-05 0.0522270202636719 0.66680908203125 -0.2293701171875
-0.028656005859375 0.0398216247558594 0.653076171875 0.4139404296875
0.0316638946533203 -0.0298709869384766 0.145751953125 0.556121826171875
0.0804672241210938 -0.0656280517578125 0.0811386108398438 -0.0203323364257813
0.02105712890625 -0.0372734069824219 -0.0696411132812501 -0.65087890625
0.000755310058593748 0.0306377410888672 -0.66912841796875 -0.41778564453125
0.0125541687011719 0.0534439086914063 -0.609375 0.38592529296875
-0.00869560241699219 0.0178413391113281 -0.03564453125 0.62615966796875
-0.0475921630859375 -0.0490036010742187 0.26544189453125 0.427459716796875
-0.0497894287109375 -0.0811080932617188 0.300323486328125 0.070556640625
0.00617218017578124 -0.0578041076660156 0.144134521484375 -0.164291381835937
0.0101642608642578 0.0343570709228516 -0.164138793945313 0.102127075195312
0.0381088256835938 0.0616836547851563 -0.277114868164063 -0.140228271484375
0.0847930908203125 0.0339889526367188 -0.192169189453125 -0.46771240234375
0.0608596801757812 -0.0129928588867188 0.195068359375 -0.60888671875
-0.0191268920898438 -0.0403518676757813 0.6605224609375 -0.214111328125
-0.0707778930664062 -0.0630950927734375 0.6226806640625 0.43096923828125
-0.0175266265869141 -0.0173759460449219 0.1182861328125 0.5699462890625
0.00492143630981445 0.00610780715942383 0.0678672790527344 -0.0132408142089844
-0.0245361328125 -0.0396080017089844 -0.0924682617187501 -0.64825439453125
-0.0534896850585938 -0.0669822692871094 -0.70404052734375 -0.40338134765625
-0.0269241333007813 -0.0417098999023438 -0.61981201171875 0.38568115234375
0.0479087829589844 -0.00864028930664063 -0.02911376953125 0.590576171875
0.0733795166015625 0.0412139892578125 0.292083740234375 0.385223388671875
0.0327186584472656 0.0566253662109375 0.318328857421875 0.056915283203125
0.0227279663085937 0.0327930450439453 0.153579711914063 -0.164901733398438
0.00123405456542969 0.0260887145996094 -0.165252685546875 0.09381103515625
0.0250358581542969 0.0625839233398438 -0.279022216796875 -0.158721923828125
0.07794189453125 0.039642333984375 -0.17352294921875 -0.471099853515625
0.0653038024902344 -0.00637435913085937 0.23858642578125 -0.57080078125
-0.0139617919921875 -0.0386390686035156 0.69000244140625 -0.13311767578125
-0.0657997131347656 -0.0662269592285156 0.6075439453125 0.50286865234375
-0.0144557952880859 -0.0212841033935547 0.10064697265625 0.57940673828125
0.00903415679931641 0.000718116760253906 0.0834426879882812 -0.0315475463867187
-0.02783203125 -0.0386123657226563 -0.1146240234375 -0.6329345703125
-0.057708740234375 -0.0565948486328125 -0.70123291015625 -0.3284912109375
-0.0303077697753906 -0.036529541015625 -0.560760498046875 0.448089599609375
0.0396842956542969 -0.016876220703125 0.0223388671875001 0.606689453125
0.0675582885742188 0.0255813598632813 0.30462646484375 0.38092041015625
0.030609130859375 0.0459098815917969 0.31396484375 0.047393798828125
0.0189685821533203 0.0267429351806641 0.148635864257813 -0.168853759765625
-5.34057617187514E-05 0.0144166946411133 -0.168212890625 0.084136962890625
0.0153045654296875 0.0458297729492187 -0.28472900390625 -0.177520751953125
0.0643234252929688 0.0323410034179688 -0.169036865234375 -0.466064453125
0.0586128234863281 -0.00205612182617188 0.2640380859375 -0.53594970703125
-0.0100955963134766 -0.02935791015625 0.70361328125 -0.07269287109375
-0.0611305236816406 -0.0570831298828125 0.59429931640625 0.55853271484375
-0.00786018371582031 -0.0232677459716797 0.0892333984375 0.58624267578125
0.0180244445800781 -0.0122394561767578 0.100311279296875 -0.0459976196289062
-0.0248184204101563 -0.0357398986816406 -0.127685546875 -0.61956787109375
-0.0559272766113281 -0.0397148132324219 -0.6942138671875 -0.27447509765625
-0.0278415679931641 -0.0252876281738281 -0.511322021484375 0.491851806640625
0.0290699005126953 -0.0189304351806641 0.0645141601562501 0.621337890625
0.0555305480957031 0.00964736938476563 0.319854736328125 0.38201904296875
0.0201416015625 0.0266094207763672 0.31134033203125 0.044158935546875
0.0137290954589844 0.013676643371582 0.145431518554688 -0.16912841796875
0.00332450866699219 -0.00134491920471191 -0.169189453125 0.0772857666015625
0.00704669952392578 0.0160093307495117 -0.287078857421875 -0.189056396484375
0.0442733764648438 0.0105094909667969 -0.1702880859375 -0.4739990234375
0.0476837158203125 -0.00316619873046875 0.272247314453125 -0.520111083984375
-0.00988292694091797 -0.0144157409667969 0.712158203125 -0.03363037109375
-0.0556373596191406 -0.0407257080078125 0.58837890625 0.5904541015625
0.000532150268554689 -0.0276412963867188 0.08441162109375 0.58990478515625
0.0309276580810547 -0.0225105285644531 0.107383728027344 -0.0562286376953125
-0.0185089111328125 -0.0346317291259766 -0.1346435546875 -0.6192626953125
-0.04541015625 -0.0223960876464844 -0.6873779296875 -0.24920654296875
-0.0192852020263672 -0.00856399536132813 -0.48028564453125 0.51336669921875
0.0201187133789063 -0.0141849517822266 0.0897827148437501 0.6280517578125
0.0321903228759766 -0.00494194030761719 0.328277587890625 0.3846435546875
0.0037837028503418 0.0058741569519043 0.310516357421875 0.040679931640625
0.00819540023803711 -0.00360536575317383 0.144485473632812 -0.17034912109375
0.00569057464599609 -0.01690673828125 -0.167648315429688 0.0751800537109375
0.000719070434570311 -0.0204315185546875 -0.2928466796875 -0.193817138671875
0.0225944519042969 -0.0178985595703125 -0.17999267578125 -0.471343994140625
0.0307731628417969 -0.004852294921875 0.26678466796875 -0.513214111328125
-0.011199951171875 0.00492763519287109 0.7127685546875 -0.033935546875
-0.0514564514160156 -0.0186538696289063 0.59283447265625 0.59197998046875
0.0104656219482422 -0.0282859802246094 0.089111328125 0.58990478515625
0.0449485778808594 -0.03826904296875 0.111190795898438 -0.0597686767578125
-0.00920486450195312 -0.0343513488769531 -0.13177490234375 -0.621826171875
-0.0308418273925781 -0.00506973266601563 -0.6845703125 -0.252197265625
-0.00714778900146484 0.00773477554321289 -0.477325439453125 0.511932373046875
0.0145702362060547 -0.00632095336914062 0.0911865234375 0.632568359375
0.00702762603759766 -0.0155668258666992 0.325439453125 0.38970947265625
-0.0153379440307617 -0.0165395736694336 0.3087158203125 0.041778564453125
0.00175857543945312 -0.0196800231933594 0.143157958984375 -0.170013427734375
0.0125217437744141 -0.0321216583251953 -0.165267944335938 0.0754241943359375
-0.00786972045898437 -0.0555839538574219 -0.299041748046875 -0.185821533203125
0.000179290771484372 -0.0440025329589844 -0.1982421875 -0.461151123046875
0.0129108428955078 -0.00668621063232422 0.24713134765625 -0.52276611328125
-0.0130786895751953 0.0239200592041016 0.71124267578125 -0.07330322265625
-0.0463714599609375 0.00572586059570313 0.61090087890625 0.5601806640625
0.0201454162597656 -0.0300884246826172 0.10162353515625 0.5823974609375
0.0603065490722656 -0.051116943359375 0.106071472167969 -0.0530776977539062
0.00185394287109375 -0.0342502593994141 -0.1181640625 -0.6278076171875
-0.0169239044189453 0.00926685333251953 -0.681396484375 -0.2838134765625
0.00556373596191407 0.024993896484375 -0.50054931640625 0.491607666015625
0.00846481323242187 0.00410032272338867 0.068115234375 0.63604736328125
-0.016357421875 -0.0241756439208984 0.313507080078125 0.400604248046875
-0.0343856811523438 -0.0387458801269531 0.306549072265625 0.0482177734375
-0.00161361694335938 -0.0360908508300781 0.142181396484375 -0.1697998046875
0.0167045593261719 -0.0436782836914063 -0.162673950195313 0.081695556640625
-0.0178909301757813 -0.0803604125976563 -0.306610107421875 -0.169189453125
-0.0250968933105469 -0.0622482299804687 -0.21588134765625 -0.4481201171875
-0.000920057296752929 -0.00284624099731445 0.216064453125 -0.5469970703125
-0.00864791870117188 0.041412353515625 0.69683837890625 -0.1414794921875
-0.0384559631347656 0.0254936218261719 0.632080078125 0.49554443359375
0.0274314880371094 -0.0308189392089844 0.1224365234375 0.57257080078125
0.0735015869140625 -0.0601043701171875 0.0942611694335938 -0.0386810302734375
0.0111274719238281 -0.0356903076171875 -0.09814453125 -0.6390380859375
-0.00451469421386719 0.02313232421875 -0.6766357421875 -0.34283447265625
0.0106124877929688 0.0411872863769531 -0.549652099609375 0.44921875
-0.000268936157226563 0.0126953125 0.0233764648437501 0.6361083984375
-0.0361595153808594 -0.0357513427734375 0.29193115234375 0.41436767578125
-0.046173095703125 -0.0613555908203125 0.303802490234375 0.057403564453125
-0.000991821289062497 -0.0492477416992188 0.141815185546875 -0.168045043945313
0.0179977416992188 -0.0481681823730469 -0.161163330078125 0.0898284912109375
-0.0301513671875 -0.0922393798828125 -0.310546875 -0.149932861328125
-0.0434417724609375 -0.0626373291015625 -0.236236572265625 -0.434417724609375
-0.00810384750366211 0.00647592544555664 0.17120361328125 -0.57843017578125
0.000354766845703131 0.0522727966308594 0.6656494140625 -0.22735595703125
-0.0278358459472656 0.0390205383300781 0.65240478515625 0.414794921875
0.0320816040039063 -0.0286922454833984 0.14532470703125 0.55902099609375
0.0813217163085938 -0.06622314453125 0.079833984375 -0.01898193359375
0.0227737426757812 -0.0359840393066406 -0.0674438476562501 -0.64874267578125
0.002593994140625 0.0309410095214844 -0.66741943359375 -0.42010498046875
0.0116920471191406 0.0541343688964844 -0.60992431640625 0.38427734375
-0.00774574279785156 0.0183639526367188 -0.03680419921875 0.628173828125
-0.0485687255859375 -0.0482025146484375 0.26593017578125 0.4249267578125
-0.0499343872070313 -0.0810546875 0.299957275390625 0.06805419921875
0.00451278686523437 -0.05792236328125 0.145538330078125 -0.166290283203125
0.01019287109375 0.0339374542236328 -0.166473388671875 0.103179931640625
0.0391960144042969 0.0617103576660156 -0.278701782226563 -0.13946533203125
0.0851364135742188 0.0341415405273438 -0.193115234375 -0.467926025390625
0.06036376953125 -0.0118026733398438 0.19476318359375 -0.60986328125
-0.0203742980957031 -0.0382156372070313 0.661376953125 -0.21270751953125
-0.0718154907226562 -0.0639266967773438 0.62200927734375 0.43414306640625
-0.0179061889648438 -0.0180015563964844 0.115478515625 0.5706787109375
0.00571393966674805 0.00625848770141602 0.0683403015136719 -0.0145225524902344
-0.0245628356933594 -0.0395088195800781 -0.09234619140625 -0.649169921875
-0.0541572570800781 -0.0677032470703125 -0.7054443359375 -0.40679931640625
-0.0267143249511719 -0.0428619384765625 -0.62066650390625 0.3887939453125
0.0476417541503906 -0.0101089477539063 -0.02935791015625 0.5927734375
0.0735626220703125 0.04327392578125 0.29248046875 0.384613037109375
0.0329017639160156 0.0577774047851563 0.31842041015625 0.05609130859375
0.0221538543701172 0.0328178405761719 0.1527099609375 -0.166000366210938
0.00214767456054687 0.0261878967285156 -0.168319702148438 0.0940093994140625
0.0262794494628906 0.0612869262695313 -0.280242919921875 -0.156814575195312
0.0802383422851563 0.0385055541992188 -0.1759033203125 -0.471893310546875
0.0646896362304688 -0.00716400146484375 0.23944091796875 -0.5709228515625
-0.0141220092773438 -0.038604736328125 0.690185546875 -0.1326904296875
-0.0659599304199219 -0.0666847229003906 0.6072998046875 0.5068359375
-0.01361083984375 -0.0209503173828125 0.0985107421874999 0.58135986328125
0.00884056091308594 -0.000695228576660156 0.0835113525390625 -0.0325851440429688
-0.0275421142578125 -0.0386619567871094 -0.113037109375 -0.63568115234375
-0.0587387084960937 -0.0562324523925781 -0.7017822265625 -0.33062744140625
-0.0320243835449219 -0.0362052917480469 -0.560211181640625 0.450164794921875
0.039794921875 -0.0177345275878906 0.0218505859375001 0.60858154296875
0.0678024291992188 0.0252151489257813 0.305267333984375 0.380462646484375
0.0310287475585937 0.0474166870117188 0.3128662109375 0.045654296875
0.0200405120849609 0.0268783569335938 0.14947509765625 -0.168594360351563
0.00109004974365235 0.0162820816040039 -0.168869018554688 0.0860748291015625
0.0165672302246094 0.0453987121582031 -0.28564453125 -0.17578125
0.0632553100585937 0.0304374694824219 -0.171051025390625 -0.46734619140625
0.0580291748046875 -0.00268936157226563 0.263031005859375 -0.5364990234375
-0.00909042358398437 -0.0290565490722656 0.7034912109375 -0.07037353515625
-0.0607948303222656 -0.0575332641601562 0.59368896484375 0.560546875
-0.00776863098144531 -0.0254116058349609 0.0864868164062501 0.5859375
0.0164690017700195 -0.0113687515258789 0.098236083984375 -0.04632568359375
-0.0242424011230469 -0.0356636047363281 -0.12744140625 -0.62310791015625
-0.05596923828125 -0.0382919311523438 -0.69451904296875 -0.27728271484375
-0.0296077728271484 -0.0243949890136719 -0.509368896484375 0.491668701171875
0.0298957824707031 -0.0183124542236328 0.06402587890625 0.62335205078125
0.0555496215820313 0.00742721557617188 0.32183837890625 0.3797607421875
0.0219364166259766 0.0260581970214844 0.312896728515625 0.040924072265625
0.0129337310791016 0.0138120651245117 0.145858764648438 -0.168548583984375
0.00324559211730957 -0.0016789436340332 -0.169387817382812 0.0783233642578125
0.00773715972900391 0.0152044296264648 -0.288604736328125 -0.18780517578125
0.0451622009277344 0.0103836059570313 -0.171905517578125 -0.47613525390625
0.0468101501464844 -0.00379180908203125 0.27252197265625 -0.519073486328125
-0.0102043151855469 -0.0129871368408203 0.71142578125 -0.03460693359375
-0.0549507141113281 -0.0406265258789062 0.5882568359375 0.5924072265625
0.002044677734375 -0.0278491973876953 0.08306884765625 0.590576171875
0.0310192108154297 -0.0234813690185547 0.107589721679688 -0.0568618774414063
-0.0195026397705078 -0.0334663391113281 -0.13201904296875 -0.6195068359375
-0.0451393127441406 -0.0216064453125 -0.68988037109375 -0.25128173828125
-0.0204658508300781 -0.00887107849121094 -0.480865478515625 0.512481689453125
0.0191154479980469 -0.0127677917480469 0.0914916992187499 0.62835693359375
0.0317459106445313 -0.00475692749023438 0.327484130859375 0.384552001953125
0.00460720062255859 0.00644683837890625 0.3118896484375 0.03936767578125
0.00837373733520508 -0.00321531295776367 0.144088745117187 -0.170974731445312
0.00608444213867187 -0.0180568695068359 -0.169036865234375 0.0770416259765625
0.00107955932617188 -0.0212287902832031 -0.294158935546875 -0.192413330078125
0.0238151550292969 -0.0184707641601563 -0.18255615234375 -0.47247314453125
0.0293483734130859 -0.00588798522949219 0.2667236328125 -0.513885498046875
-0.012883186340332 0.00515270233154297 0.71270751953125 -0.031494140625
-0.0516548156738281 -0.0183258056640625 0.593017578125 0.59405517578125
0.0105705261230469 -0.0283489227294922 0.0878295898437499 0.5904541015625
0.0453872680664062 -0.0386543273925781 0.109786987304688 -0.0592727661132813
-0.00893974304199219 -0.0344352722167969 -0.1290283203125 -0.62152099609375
-0.0312709808349609 -0.00498771667480468 -0.6829833984375 -0.25286865234375
-0.00826072692871094 0.00783300399780273 -0.478271484375 0.513458251953125
0.014643669128418 -0.00685787200927734 0.0918579101562501 0.632568359375
0.00652313232421875 -0.0150308609008789 0.3271484375 0.39178466796875
-0.0162153244018555 -0.0164985656738281 0.310272216796875 0.039764404296875
0.00285530090332031 -0.0208873748779297 0.144363403320313 -0.171859741210938
0.0123538970947266 -0.034149169921875 -0.166351318359375 0.0773773193359375
-0.00600814819335938 -0.0560836791992188 -0.300628662109375 -0.186187744140625
-0.000637054443359376 -0.0452766418457031 -0.199127197265625 -0.4635009765625
0.0122175216674805 -0.00784111022949219 0.246917724609375 -0.52581787109375
-0.013092041015625 0.0245914459228516 0.711181640625 -0.072265625
-0.0459976196289063 0.00537109375 0.6109619140625 0.56103515625
0.0201587677001953 -0.0298080444335938 0.10089111328125 0.58221435546875
0.0603599548339844 -0.0515098571777344 0.105735778808594 -0.0533065795898438
0.0018768310546875 -0.0349254608154297 -0.11669921875 -0.6304931640625
-0.0163402557373047 0.0105695724487305 -0.6812744140625 -0.2862548828125
0.00416183471679688 0.0239601135253906 -0.502777099609375 0.492401123046875
0.00800180435180664 0.00350761413574219 0.0701293945312499 0.6385498046875
-0.0165061950683594 -0.0234966278076172 0.3134765625 0.40008544921875
-0.0351600646972656 -0.0399513244628906 0.30828857421875 0.046417236328125
-0.00145721435546875 -0.0371513366699219 0.14190673828125 -0.170394897460938
0.0170745849609375 -0.0450096130371094 -0.163970947265625 0.0823516845703125
-0.0181732177734375 -0.082061767578125 -0.30694580078125 -0.16900634765625
-0.0245895385742187 -0.0615615844726562 -0.218231201171875 -0.449615478515625
-0.00048065185546875 -0.00243091583251953 0.215423583984375 -0.548675537109375
-0.00911331176757813 0.0419425964355469 0.69708251953125 -0.14093017578125
-0.0386543273925781 0.0256500244140625 0.6324462890625 0.498779296875
0.0282821655273438 -0.0295314788818359 0.120361328125 0.57330322265625
0.0735702514648438 -0.0614852905273438 0.0948562622070312 -0.039154052734375
0.0125160217285156 -0.0362396240234375 -0.097412109375 -0.6397705078125
-0.00362586975097656 0.0229721069335938 -0.6767578125 -0.3441162109375
0.0108833312988281 0.0394325256347656 -0.550018310546875 0.450897216796875
0.0010385513305664 0.0117683410644531 0.0245361328125 0.63739013671875
-0.0364799499511719 -0.0363883972167969 0.2930908203125 0.414947509765625
-0.04803466796875 -0.0617179870605469 0.303680419921875 0.054656982421875
-0.00116348266601562 -0.0510215759277344 0.143524169921875 -0.17041015625
0.0189285278320313 -0.0506820678710938 -0.163040161132813 0.09039306640625
-0.0295867919921875 -0.0931625366210937 -0.312103271484375 -0.148284912109375
-0.0437660217285156 -0.0620536804199219 -0.23681640625 -0.435821533203125
-0.00884437561035156 0.00564670562744141 0.17095947265625 -0.58056640625
-0.00106048583984375 0.0535621643066406 0.66619873046875 -0.22808837890625
-0.0266647338867187 0.0400733947753906 0.65185546875 0.41729736328125
0.0346336364746094 -0.0277462005615234 0.14434814453125 0.558807373046875
0.0816726684570312 -0.0656967163085937 0.0798416137695313 -0.0178298950195313
0.0220756530761719 -0.0365371704101563 -0.06768798828125 -0.65106201171875
0.00210189819335938 0.0316696166992188 -0.66851806640625 -0.4210205078125
0.0121383666992188 0.0545158386230469 -0.60931396484375 0.3834228515625
-0.00791168212890625 0.0185909271240234 -0.03460693359375 0.6270751953125
-0.0488014221191406 -0.048126220703125 0.2664794921875 0.42681884765625
-0.0506591796875 -0.0825042724609375 0.301788330078125 0.06683349609375
0.00418853759765626 -0.0586509704589844 0.145004272460938 -0.166656494140625
0.0111198425292969 0.0346450805664063 -0.165756225585938 0.104537963867187
0.0399322509765625 0.0625572204589844 -0.280792236328125 -0.139022827148438
0.08612060546875 0.0342330932617188 -0.196441650390625 -0.47265625
0.0602607727050781 -0.0133895874023438 0.19512939453125 -0.611083984375
-0.0217514038085938 -0.0390625 0.6654052734375 -0.21112060546875
-0.0731353759765625 -0.0651931762695313 0.6241455078125 0.43572998046875
-0.0173187255859375 -0.0176239013671875 0.1143798828125 0.572998046875
0.00506925582885742 0.0059356689453125 0.0688400268554687 -0.0118217468261719
-0.0243377685546875 -0.0386466979980469 -0.0908203125 -0.652099609375
-0.0539703369140625 -0.0672760009765625 -0.7078857421875 -0.4075927734375
-0.0278549194335937 -0.0423812866210937 -0.62353515625 0.3900146484375
0.0477714538574219 -0.01123046875 -0.02972412109375 0.5950927734375
0.0743560791015625 0.043243408203125 0.292938232421875 0.3870849609375
0.0321846008300781 0.059112548828125 0.320098876953125 0.05499267578125
0.022705078125 0.0320491790771484 0.153839111328125 -0.167739868164063
0.00230026245117188 0.0269412994384766 -0.167587280273438 0.09661865234375
0.0283393859863281 0.0628471374511719 -0.281402587890625 -0.1573486328125
0.0795669555664063 0.0410232543945313 -0.178680419921875 -0.473541259765625
0.0628280639648438 -0.006988525390625 0.239501953125 -0.5738525390625
-0.0162277221679688 -0.0370979309082031 0.69158935546875 -0.13201904296875
-0.06488037109375 -0.0662918090820313 0.6090087890625 0.5087890625
-0.0148353576660156 -0.0199470520019531 0.09820556640625 0.58447265625
0.00780582427978516 -0.000238418579101563 0.0846633911132813 -0.03106689453125
-0.0278167724609375 -0.0377731323242188 -0.1109619140625 -0.6383056640625
-0.0582046508789063 -0.0565032958984375 -0.70318603515625 -0.33380126953125
-0.0329475402832031 -0.0370979309082031 -0.56353759765625 0.44970703125
0.0389556884765625 -0.0181732177734375 0.02215576171875 0.61273193359375
0.07073974609375 0.0254440307617188 0.307281494140625 0.38153076171875
0.0299911499023438 0.0472564697265625 0.315643310546875 0.04522705078125
0.0182361602783203 0.025665283203125 0.149978637695313 -0.171371459960937
0.00165271759033203 0.0136785507202148 -0.16986083984375 0.0867919921875
0.0163421630859375 0.0461196899414063 -0.287628173828125 -0.176116943359375
0.0653724670410156 0.0312385559082031 -0.17327880859375 -0.46783447265625
0.0593757629394531 -0.00371932983398438 0.262451171875 -0.540771484375
-0.0117378234863281 -0.0285091400146484 0.70556640625 -0.06982421875
-0.0589942932128906 -0.0571708679199219 0.593994140625 0.56298828125
-0.00850677490234375 -0.0235424041748047 0.08489990234375 0.5888671875
0.0171175003051758 -0.0108423233032227 0.0998992919921875 -0.0466995239257813
-0.0240898132324219 -0.0353126525878906 -0.1273193359375 -0.62518310546875
-0.0565605163574219 -0.0396003723144531 -0.69677734375 -0.27862548828125
-0.0288906097412109 -0.0221748352050781 -0.513153076171875 0.493804931640625
0.0290203094482422 -0.0175895690917969 0.0659790039062499 0.62261962890625
0.0555076599121094 0.00816726684570312 0.32275390625 0.38116455078125
0.0214118957519531 0.0272598266601562 0.313232421875 0.0401611328125
0.0132522583007813 0.0111188888549805 0.146331787109375 -0.171218872070313
0.00368547439575195 -0.00219607353210449 -0.170318603515625 0.0794525146484375
0.00778007507324219 0.0167903900146484 -0.290069580078125 -0.1873779296875
0.0455818176269531 0.0114631652832031 -0.1739501953125 -0.476104736328125
0.0466957092285156 -0.0037994384765625 0.272216796875 -0.521392822265625
-0.0124683380126953 -0.0136690139770508 0.7137451171875 -0.0333251953125
-0.0547103881835937 -0.0404586791992188 0.591552734375 0.5968017578125
0.000812530517578125 -0.0285243988037109 0.0821533203125 0.5924072265625
0.0310325622558594 -0.0244407653808594 0.107864379882812 -0.055938720703125
-0.0176372528076172 -0.0344181060791016 -0.13226318359375 -0.62408447265625
-0.0454597473144531 -0.0221672058105469 -0.69146728515625 -0.25177001953125
-0.0220127105712891 -0.00906562805175781 -0.480987548828125 0.51611328125
0.0200462341308594 -0.0140743255615234 0.0921020507812501 0.6304931640625
0.0332012176513672 -0.00422859191894531 0.3302001953125 0.384521484375
0.00609350204467773 0.0067133903503418 0.3123779296875 0.036773681640625
0.00768136978149414 -0.00371932983398438 0.143844604492188 -0.173309326171875
0.00634002685546875 -0.0176143646240234 -0.170684814453125 0.077239990234375
0.00188064575195313 -0.0209560394287109 -0.29541015625 -0.193084716796875
0.0235252380371094 -0.0186843872070313 -0.1849365234375 -0.4747314453125
0.0303726196289063 -0.00496673583984375 0.26593017578125 -0.516326904296875
-0.0137948989868164 0.0055694580078125 0.71502685546875 -0.03216552734375
-0.0511436462402344 -0.0178642272949219 0.59344482421875 0.5980224609375
0.0117435455322266 -0.02880859375 0.08636474609375 0.59210205078125
0.0459747314453125 -0.0377731323242188 0.111274719238281 -0.0600204467773438
-0.0090789794921875 -0.0337982177734375 -0.12896728515625 -0.62603759765625
-0.0314235687255859 -0.00462341308593749 -0.68695068359375 -0.255126953125
-0.00797891616821289 0.00741386413574219 -0.479217529296875 0.5142822265625
0.0146865844726562 -0.00612163543701172 0.09405517578125 0.6358642578125
0.0069427490234375 -0.0153293609619141 0.3289794921875 0.39068603515625
-0.0157346725463867 -0.0153226852416992 0.3114013671875 0.038787841796875
0.00148773193359375 -0.0203475952148438 0.14520263671875 -0.172988891601563
0.0124111175537109 -0.0350627899169922 -0.168212890625 0.0791015625
-0.00725555419921875 -0.0557518005371094 -0.30230712890625 -0.185546875
-0.000682830810546878 -0.0457572937011719 -0.2005615234375 -0.46392822265625
0.0121517181396484 -0.00662994384765625 0.24798583984375 -0.52679443359375
-0.0144634246826172 0.0261783599853516 0.711669921875 -0.072265625
-0.0461349487304688 0.00620651245117189 0.61163330078125 0.56500244140625
0.0215721130371094 -0.0300807952880859 0.10052490234375 0.58563232421875
0.061004638671875 -0.0511589050292969 0.105735778808594 -0.0534591674804687
0.00319480895996094 -0.0351085662841797 -0.11761474609375 -0.6319580078125
-0.0158395767211914 0.0109958648681641 -0.683349609375 -0.2891845703125
0.00443458557128906 0.0242881774902344 -0.5035400390625 0.493377685546875
0.00800418853759766 0.00327014923095703 0.06903076171875 0.64111328125
-0.0160694122314453 -0.0234565734863281 0.316192626953125 0.40130615234375
-0.0356063842773437 -0.0383224487304688 0.30975341796875 0.045257568359375
-0.00255584716796875 -0.0376167297363281 0.142715454101563 -0.171646118164063
0.0159149169921875 -0.0447425842285156 -0.166763305664062 0.0835113525390625
-0.0170211791992187 -0.080230712890625 -0.311004638671875 -0.16998291015625
-0.0244140625 -0.0620498657226562 -0.219696044921875 -0.448699951171875
-0.000818490982055664 -0.0027778148651123 0.21563720703125 -0.548828125
-0.0102195739746094 0.0438232421875 0.6990966796875 -0.13946533203125
-0.0379142761230469 0.0272064208984375 0.6336669921875 0.499755859375
0.02850341796875 -0.0307998657226563 0.11932373046875 0.57666015625
0.073944091796875 -0.061279296875 0.0954208374023438 -0.0387420654296875
0.0144577026367188 -0.036376953125 -0.0947265625 -0.64117431640625
-0.00384521484375 0.0226707458496094 -0.67974853515625 -0.34674072265625
0.0111160278320312 0.0403976440429688 -0.5506591796875 0.45166015625
0.000787734985351563 0.0125532150268555 0.02459716796875 0.64056396484375
-0.0369644165039062 -0.0359306335449219 0.294189453125 0.41485595703125
-0.0482826232910156 -0.0613746643066406 0.305389404296875 0.054595947265625
-0.00188827514648438 -0.0521812438964844 0.144027709960938 -0.171035766601563
0.0184440612792969 -0.0509071350097656 -0.165084838867188 0.0921630859375
-0.031585693359375 -0.0929489135742188 -0.313507080078125 -0.147918701171875
-0.0448341369628906 -0.0632591247558594 -0.2392578125 -0.43719482421875
-0.0091705322265625 0.00652790069580078 0.1712646484375 -0.5819091796875
-0.0019989013671875 0.0549278259277344 0.667236328125 -0.228515625
-0.0267753601074219 0.0414581298828125 0.652099609375 0.42047119140625
0.0341339111328125 -0.0294227600097656 0.142181396484375 0.5611572265625
0.0823135375976563 -0.0662155151367188 0.0799026489257813 -0.0177536010742188
0.0243453979492188 -0.0358467102050781 -0.0658569335937501 -0.65472412109375
0.00328636169433594 0.0317916870117188 -0.67022705078125 -0.4266357421875
0.0119171142578125 0.0543289184570312 -0.61181640625 0.3861083984375
-0.00786399841308594 0.0183067321777344 -0.0333251953125 0.63006591796875
-0.0480384826660156 -0.0495948791503906 0.269073486328125 0.428131103515625
-0.0495071411132813 -0.0821609497070313 0.303253173828125 0.06597900390625
0.00360870361328124 -0.0607376098632813 0.145843505859375 -0.167999267578125
0.01104736328125 0.0338573455810547 -0.16741943359375 0.104598999023438
0.0404052734375 0.0641670227050781 -0.283905029296875 -0.13885498046875
0.0869903564453125 0.03216552734375 -0.199676513671875 -0.47235107421875
0.0612144470214844 -0.0148658752441406 0.1942138671875 -0.614013671875
-0.0232734680175781 -0.0392570495605469 0.6654052734375 -0.21484375
-0.0725936889648438 -0.06439208984375 0.62548828125 0.4378662109375
-0.0195045471191406 -0.0182285308837891 0.11395263671875 0.5753173828125
0.00501537322998047 0.00630617141723633 0.0677642822265625 -0.0126914978027344
-0.0267906188964844 -0.0397834777832031 -0.0910644531249999 -0.655029296875
-0.0546035766601563 -0.0659637451171875 -0.70928955078125 -0.40972900390625
-0.0285758972167969 -0.0431060791015625 -0.62457275390625 0.39117431640625
0.0475196838378906 -0.0119781494140625 -0.02850341796875 0.59844970703125
0.07769775390625 0.04205322265625 0.29345703125 0.38702392578125
0.0338325500488281 0.0568962097167969 0.322265625 0.052978515625
0.02459716796875 0.0314426422119141 0.155136108398438 -0.16943359375
0.00166130065917969 0.0259113311767578 -0.169830322265625 0.0975799560546875
0.028717041015625 0.0634651184082031 -0.284393310546875 -0.156036376953125
0.080963134765625 0.0409698486328125 -0.182403564453125 -0.47540283203125
0.0646171569824219 -0.0087127685546875 0.23699951171875 -0.57659912109375
-0.0165328979492187 -0.0380744934082031 0.69464111328125 -0.132568359375
-0.06634521484375 -0.0669670104980469 0.611572265625 0.5087890625
-0.0151462554931641 -0.0220470428466797 0.0955810546875 0.5836181640625
0.0083613395690918 -0.00136613845825195 0.0843124389648437 -0.0310592651367187
-0.0295639038085938 -0.0373878479003906 -0.111572265625 -0.6387939453125
-0.0606460571289063 -0.0549507141113281 -0.70751953125 -0.334716796875
-0.0335426330566406 -0.0374488830566406 -0.56390380859375 0.45306396484375
0.0381660461425781 -0.019317626953125 0.0230102539062501 0.61285400390625
0.0708541870117188 0.0251998901367188 0.310302734375 0.3818359375
0.0321540832519531 0.04815673828125 0.317626953125 0.0433349609375
0.0196456909179688 0.025177001953125 0.149612426757813 -0.172622680664063
-0.00119209289550781 0.0146074295043945 -0.170333862304687 0.087738037109375
0.0162925720214844 0.0473976135253906 -0.29046630859375 -0.175079345703125
0.0645828247070313 0.0325546264648437 -0.1778564453125 -0.471221923828125
0.0588226318359375 -0.00387191772460938 0.262542724609375 -0.542572021484375
-0.0126667022705078 -0.0291786193847656 0.70831298828125 -0.07012939453125
-0.060882568359375 -0.0574951171875 0.59637451171875 0.56573486328125
-0.0082244873046875 -0.0238857269287109 0.08642578125 0.59075927734375
0.0170993804931641 -0.011775016784668 0.100479125976563 -0.0457077026367188
-0.0250473022460938 -0.0354766845703125 -0.1253662109375 -0.62890625
-0.0561599731445313 -0.0386390686035156 -0.6995849609375 -0.27874755859375
-0.0309085845947266 -0.0242767333984375 -0.51263427734375 0.496734619140625
0.0290641784667969 -0.0183029174804688 0.068359375 0.62628173828125
0.0550193786621094 0.007843017578125 0.325225830078125 0.382110595703125
0.0218868255615234 0.0284461975097656 0.3148193359375 0.038909912109375
0.0114622116088867 0.0122003555297852 0.145523071289063 -0.173583984375
0.00257229804992676 -0.00299072265625 -0.17181396484375 0.0815887451171875
0.00850296020507813 0.0155563354492188 -0.29241943359375 -0.185302734375
0.0478973388671875 0.00992202758789063 -0.17681884765625 -0.47821044921875
0.0462684631347656 -0.00442886352539063 0.270965576171875 -0.526092529296875
-0.0112276077270508 -0.0131874084472656 0.71490478515625 -0.03411865234375
-0.054412841796875 -0.0420722961425781 0.5924072265625 0.599853515625
0.00110244750976562 -0.0271434783935547 0.08160400390625 0.5963134765625
0.0321121215820313 -0.0237770080566406 0.107200622558594 -0.0579757690429688
-0.0175666809082031 -0.0344734191894531 -0.13311767578125 -0.62554931640625
-0.0449142456054688 -0.0207672119140625 -0.69354248046875 -0.2540283203125
-0.0204486846923828 -0.00814056396484375 -0.48333740234375 0.51776123046875
0.0198574066162109 -0.0146121978759766 0.0946044921875001 0.633544921875
0.0327644348144531 -0.00504493713378906 0.33441162109375 0.385345458984375
0.00518941879272461 0.00696325302124024 0.314697265625 0.03521728515625
0.00735855102539063 -0.00564479827880859 0.144302368164063 -0.174484252929688
0.00639533996582031 -0.0198535919189453 -0.171310424804688 0.0788421630859375
0.00207710266113281 -0.021484375 -0.298614501953125 -0.1915283203125
0.0242805480957031 -0.0190925598144531 -0.1865234375 -0.474884033203125
0.0295772552490234 -0.00604057312011719 0.266845703125 -0.518768310546875
-0.0142536163330078 0.00569343566894531 0.7188720703125 -0.03173828125
-0.0516281127929687 -0.01702880859375 0.59552001953125 0.6019287109375
0.0113391876220703 -0.0293960571289063 0.0870971679687501 0.59503173828125
0.0461082458496094 -0.0380287170410156 0.110877990722656 -0.059295654296875
-0.00944137573242188 -0.0349311828613281 -0.128173828125 -0.62738037109375
-0.0313129425048828 -0.00415611267089843 -0.68902587890625 -0.25701904296875
-0.00730800628662109 0.00812435150146485 -0.47979736328125 0.516754150390625
0.0154924392700195 -0.00614452362060547 0.0955810546874999 0.63885498046875
0.00870609283447265 -0.0149173736572266 0.33111572265625 0.39129638671875
-0.0162572860717773 -0.0158681869506836 0.3135986328125 0.036712646484375
0.0018768310546875 -0.0229015350341797 0.1451416015625 -0.174209594726563
0.0129280090332031 -0.0349445343017578 -0.169036865234375 0.0803680419921875
-0.00669479370117188 -0.0567970275878906 -0.305908203125 -0.1856689453125
-0.00117874145507813 -0.0480270385742188 -0.204345703125 -0.465728759765625
0.012110710144043 -0.00713634490966797 0.24700927734375 -0.5289306640625
-0.0155620574951172 0.0269012451171875 0.71588134765625 -0.07086181640625
-0.0475082397460938 0.00678253173828125 0.61419677734375 0.56787109375
0.0223770141601563 -0.029205322265625 0.09954833984375 0.5880126953125
0.0614509582519531 -0.0521240234375 0.106986999511719 -0.0526809692382813
0.00362205505371093 -0.0346641540527344 -0.11688232421875 -0.63580322265625
-0.0150556564331055 0.010136604309082 -0.6868896484375 -0.2900390625
0.00467300415039063 0.0251407623291016 -0.5054931640625 0.494049072265625
0.00800085067749023 0.00460481643676758 0.0717773437500001 0.64453125
-0.0162754058837891 -0.0232982635498047 0.318023681640625 0.40167236328125
-0.0353164672851562 -0.0390243530273438 0.311370849609375 0.04339599609375
-0.0029754638671875 -0.0385589599609375 0.143905639648437 -0.174163818359375
0.0169219970703125 -0.0474891662597656 -0.16729736328125 0.086090087890625
-0.0176162719726563 -0.0826644897460938 -0.312408447265625 -0.16839599609375
-0.024017333984375 -0.0637435913085938 -0.223480224609375 -0.4527587890625
-0.0029292106628418 -0.00229239463806152 0.21429443359375 -0.552398681640625
-0.0114898681640625 0.0443649291992188 0.70123291015625 -0.1409912109375
-0.0370216369628906 0.0262374877929688 0.6368408203125 0.502685546875
0.0295524597167969 -0.0302143096923828 0.118896484375 0.57891845703125
0.0734024047851563 -0.062347412109375 0.0958404541015625 -0.0394210815429688
0.0155220031738281 -0.0371284484863281 -0.0949096679687501 -0.64666748046875
-0.00414657592773437 0.022552490234375 -0.68316650390625 -0.34783935546875
0.0123291015625 0.0417366027832031 -0.552520751953125 0.454498291015625
0.0005645751953125 0.0130681991577148 0.0253906249999999 0.6409912109375
-0.037139892578125 -0.0348358154296875 0.297637939453125 0.4169921875
-0.0482864379882813 -0.0626411437988281 0.3072509765625 0.05279541015625
-0.00252914428710938 -0.0530548095703125 0.144805908203125 -0.171875
0.0169715881347656 -0.052337646484375 -0.165420532226563 0.093231201171875
-0.0317306518554688 -0.0930938720703125 -0.31524658203125 -0.147369384765625
-0.0445480346679687 -0.0633811950683594 -0.241302490234375 -0.4384765625
-0.00925636291503906 0.00767612457275391 0.16851806640625 -0.58404541015625
-0.00225448608398438 0.0550155639648437 0.6728515625 -0.22857666015625
-0.0253410339355469 0.0419731140136719 0.6546630859375 0.42333984375
0.0350246429443359 -0.0281734466552734 0.1414794921875 0.5653076171875
0.0837249755859375 -0.0669784545898437 0.0802459716796875 -0.0159988403320313
0.0240974426269531 -0.0364952087402344 -0.0642700195312501 -0.65576171875
0.00323104858398437 0.0314979553222656 -0.67376708984375 -0.42724609375
0.0117607116699219 0.0553665161132813 -0.61334228515625 0.386962890625
-0.00709724426269531 0.0196189880371094 -0.03192138671875 0.63128662109375
-0.0493354797363281 -0.0486526489257812 0.271484375 0.428558349609375
-0.0496902465820312 -0.0821609497070313 0.30474853515625 0.065032958984375
0.002777099609375 -0.0609588623046875 0.148147583007813 -0.169204711914063
0.0119228363037109 0.03338623046875 -0.168411254882812 0.107147216796875
0.0421829223632813 0.0649070739746094 -0.286041259765625 -0.137054443359375
0.0879592895507813 0.03179931640625 -0.20330810546875 -0.474945068359375
0.0612030029296875 -0.0155677795410156 0.19140625 -0.620361328125
-0.0220069885253906 -0.0399551391601563 0.66650390625 -0.21771240234375
-0.0734100341796875 -0.0639495849609375 0.62884521484375 0.4415283203125
-0.0189762115478516 -0.0185604095458984 0.114990234375 0.58050537109375
0.00542116165161133 0.00609588623046875 0.0678672790527344 -0.0121574401855469
-0.0255546569824219 -0.0379791259765625 -0.0927734375 -0.6568603515625
-0.0554771423339844 -0.0660133361816406 -0.71270751953125 -0.41217041015625
-0.0290870666503906 -0.0433235168457031 -0.6280517578125 0.3948974609375
0.0491981506347656 -0.0118980407714844 -0.0263671875 0.60247802734375
0.0775985717773438 0.04296875 0.299072265625 0.387969970703125
0.0345993041992188 0.0597763061523438 0.324188232421875 0.05108642578125
0.0227508544921875 0.0309505462646484 0.155715942382813 -0.17242431640625
0.00260353088378907 0.0268669128417969 -0.171142578125 0.1004638671875
0.0303535461425781 0.0634689331054688 -0.2874755859375 -0.15533447265625
0.0821609497070313 0.0387954711914062 -0.18634033203125 -0.477752685546875
0.0649299621582031 -0.00774383544921875 0.23638916015625 -0.5814208984375
-0.0182228088378906 -0.0382537841796875 0.69683837890625 -0.135986328125
-0.0665969848632813 -0.0660896301269531 0.615966796875 0.51165771484375
-0.0155029296875 -0.0227737426757813 0.09698486328125 0.58831787109375
0.00791645050048828 0.00206470489501953 0.0848007202148438 -0.0311355590820312
-0.0278739929199219 -0.0362548828125 -0.11199951171875 -0.6446533203125
-0.060821533203125 -0.0545310974121094 -0.7109375 -0.33660888671875
-0.0338325500488281 -0.0366325378417969 -0.5643310546875 0.455322265625
0.0380439758300781 -0.0189476013183594 0.02508544921875 0.616455078125
0.0717620849609375 0.0242691040039063 0.313446044921875 0.382720947265625
0.0324478149414063 0.0480270385742188 0.31915283203125 0.042266845703125
0.0207252502441406 0.0244522094726563 0.150909423828125 -0.17498779296875
-0.000140190124511718 0.012568473815918 -0.17169189453125 0.09002685546875
0.0168342590332031 0.0475120544433594 -0.2939453125 -0.173980712890625
0.0656814575195313 0.031951904296875 -0.179901123046875 -0.47308349609375
0.0581207275390625 -0.00452041625976562 0.2601318359375 -0.547271728515625
-0.0122318267822266 -0.0292720794677734 0.71063232421875 -0.07208251953125
-0.0607528686523437 -0.0569190979003906 0.60113525390625 0.5693359375
-0.00742912292480469 -0.0252285003662109 0.0859374999999999 0.5943603515625
0.0190753936767578 -0.0114498138427734 0.100624084472656 -0.046875
-0.023193359375 -0.0353736877441406 -0.12786865234375 -0.6312255859375
-0.0581016540527344 -0.0396499633789063 -0.70379638671875 -0.2821044921875
-0.0313644409179688 -0.0247688293457031 -0.51361083984375 0.499969482421875
0.0287456512451172 -0.019287109375 0.0697631835937499 0.632080078125
0.0574569702148438 0.00785446166992188 0.329986572265625 0.3819580078125
0.0241565704345703 0.0286884307861328 0.317047119140625 0.0367431640625
0.0123691558837891 0.0121250152587891 0.14654541015625 -0.174819946289063
0.00287890434265137 -0.0023047924041748 -0.172897338867188 0.081817626953125
0.00892066955566406 0.0156316757202148 -0.295166015625 -0.185943603515625
0.0466842651367188 0.00954437255859375 -0.181915283203125 -0.48126220703125
0.0451622009277344 -0.00440216064453125 0.271453857421875 -0.527801513671875
-0.0134849548339844 -0.012385368347168 0.72137451171875 -0.03448486328125
-0.0557479858398438 -0.0409622192382812 0.5953369140625 0.6011962890625
0.00111579895019531 -0.0272789001464844 0.0826416015625 0.5982666015625
0.0316371917724609 -0.0244159698486328 0.107841491699219 -0.057769775390625
-0.0181293487548828 -0.0341796875 -0.13336181640625 -0.62921142578125
-0.0456886291503906 -0.0213394165039063 -0.69732666015625 -0.25537109375
-0.0222606658935547 -0.00873756408691406 -0.481903076171875 0.52069091796875
0.0213413238525391 -0.0135784149169922 0.0972900390624999 0.63623046875
0.0341129302978516 -0.00468635559082031 0.336517333984375 0.384735107421875
0.00548267364501953 0.00622320175170898 0.31671142578125 0.033599853515625
0.00701570510864258 -0.00506925582885742 0.143905639648437 -0.176788330078125
0.00735855102539063 -0.0200881958007813 -0.17364501953125 0.0807647705078125
0.0021820068359375 -0.0215473175048828 -0.301300048828125 -0.19146728515625
0.0237655639648438 -0.0188827514648438 -0.1904296875 -0.478546142578125
0.0290126800537109 -0.0060882568359375 0.265625 -0.52349853515625
-0.0142202377319336 0.00597476959228516 0.72235107421875 -0.03271484375
-0.0507316589355469 -0.0182456970214844 0.6004638671875 0.603759765625
0.0118675231933594 -0.0290489196777344 0.0869140625000001 0.59881591796875
0.0458641052246094 -0.0388565063476563 0.111671447753906 -0.0603256225585938
-0.00783157348632813 -0.0347423553466797 -0.13134765625 -0.6322021484375
-0.0303478240966797 -0.00416755676269531 -0.693603515625 -0.25970458984375
-0.0084080696105957 0.00845861434936523 -0.48065185546875 0.520294189453125
0.0136137008666992 -0.00700187683105469 0.0992431640624999 0.640625
0.00762653350830078 -0.01416015625 0.33489990234375 0.39178466796875
-0.0159673690795898 -0.0156126022338867 0.31475830078125 0.035400390625
0.00095176696777344 -0.0221443176269531 0.144119262695313 -0.176010131835938
0.0124168395996094 -0.036468505859375 -0.170928955078125 0.0815887451171875
-0.00778961181640625 -0.0570411682128906 -0.30841064453125 -0.1851806640625
-0.000942230224609373 -0.0460624694824219 -0.20684814453125 -0.466796875
0.0108709335327148 -0.00657176971435547 0.24786376953125 -0.53411865234375
-0.0163021087646484 0.027130126953125 0.71893310546875 -0.07281494140625
-0.0457382202148437 0.00681686401367188 0.61810302734375 0.57098388671875
0.0221366882324219 -0.0305233001708984 0.102294921875 0.59112548828125
0.0612411499023438 -0.0519180297851562 0.1064453125 -0.0542831420898438
0.00341415405273437 -0.0359992980957031 -0.117919921875 -0.6397705078125
-0.0147466659545898 0.0111942291259766 -0.689453125 -0.291259765625
0.00494575500488281 0.0254383087158203 -0.50579833984375 0.498809814453125
0.00851345062255859 0.00363683700561523 0.0752563476562501 0.64508056640625
-0.0162334442138672 -0.0238780975341797 0.32220458984375 0.40399169921875
-0.0352821350097656 -0.038482666015625 0.313568115234375 0.041961669921875
-0.00291824340820312 -0.0396385192871094 0.143081665039063 -0.176055908203125
0.016998291015625 -0.0483245849609375 -0.169586181640625 0.085968017578125
-0.0200347900390625 -0.0831069946289063 -0.316162109375 -0.16839599609375
-0.0264739990234375 -0.0621604919433594 -0.226959228515625 -0.4537353515625
-0.00383424758911133 -0.00194597244262695 0.2138671875 -0.55657958984375
-0.0115890502929688 0.0453681945800781 0.70458984375 -0.14361572265625
-0.0370521545410156 0.0280799865722656 0.64190673828125 0.50714111328125
0.0293312072753906 -0.0308303833007813 0.1204833984375 0.58026123046875
0.0747222900390625 -0.063720703125 0.0962905883789062 -0.038543701171875
0.0156326293945313 -0.0372581481933594 -0.094482421875 -0.6495361328125
-0.002532958984375 0.0233402252197266 -0.6868896484375 -0.349609375
0.0129013061523438 0.0432929992675781 -0.55426025390625 0.456390380859375
0.00109195709228516 0.0134077072143555 0.0307617187499999 0.64569091796875
-0.0371742248535156 -0.0360031127929688 0.300018310546875 0.419158935546875
-0.0469741821289063 -0.0614471435546875 0.310211181640625 0.0504150390625
-0.00431442260742188 -0.0537300109863281 0.143341064453125 -0.172760009765625
0.0186767578125 -0.0531578063964844 -0.1673583984375 0.0944366455078125
-0.0328369140625 -0.0936965942382813 -0.3182373046875 -0.145172119140625
-0.0452880859375 -0.0626869201660156 -0.245941162109375 -0.439117431640625
-0.00971412658691406 0.00736427307128906 0.16827392578125 -0.58941650390625
-0.00121307373046875 0.0570487976074219 0.6737060546875 -0.22979736328125
-0.0247764587402344 0.0416336059570313 0.6588134765625 0.42474365234375
0.0361976623535156 -0.0305709838867188 0.1429443359375 0.567138671875
0.0825271606445313 -0.0671844482421875 0.0806808471679688 -0.0182723999023438
0.0249862670898438 -0.0367469787597656 -0.0679931640625 -0.661376953125
0.00420379638671875 0.0317554473876953 -0.6783447265625 -0.4281005859375
0.0132522583007812 0.0563011169433594 -0.61761474609375 0.39080810546875
-0.00907516479492188 0.0190811157226563 -0.0308837890625001 0.6358642578125
-0.050079345703125 -0.0481300354003906 0.273468017578125 0.4290771484375
-0.0510711669921875 -0.0813217163085937 0.306610107421875 0.062896728515625
0.00267410278320312 -0.0616493225097656 0.146041870117188 -0.172042846679688
0.0117702484130859 0.0344486236572266 -0.168594360351563 0.110336303710938
0.043182373046875 0.0638160705566406 -0.288726806640625 -0.135986328125
0.0898971557617188 0.0321884155273438 -0.207977294921875 -0.47662353515625
0.0604934692382812 -0.0154609680175781 0.19097900390625 -0.62591552734375
-0.0231781005859375 -0.0398712158203125 0.6710205078125 -0.21917724609375
-0.0747222900390625 -0.0622711181640625 0.63592529296875 0.442626953125
-0.017181396484375 -0.0168161392211914 0.11822509765625 0.581298828125
0.00488853454589844 0.00621223449707031 0.0682296752929687 -0.0126724243164063
-0.0272140502929687 -0.037750244140625 -0.0946655273437501 -0.66082763671875
-0.0570182800292969 -0.067596435546875 -0.7197265625 -0.4111328125
-0.0299072265625 -0.0439262390136719 -0.6287841796875 0.39837646484375
0.048797607421875 -0.0125274658203125 -0.0235595703124999 0.60504150390625
0.0791473388671875 0.0424423217773438 0.303009033203125 0.386932373046875
0.0357856750488281 0.0592460632324219 0.32666015625 0.047943115234375
0.0232810974121094 0.0308952331542969 0.154861450195313 -0.175064086914063
0.00217819213867187 0.0259056091308594 -0.17242431640625 0.102035522460937
0.0299301147460937 0.0643386840820313 -0.29095458984375 -0.1552734375
0.0830078125 0.0391464233398438 -0.1922607421875 -0.4796142578125
0.0639686584472656 -0.00960540771484375 0.2344970703125 -0.58447265625
-0.0181045532226563 -0.0379867553710937 0.69952392578125 -0.13818359375
-0.0684967041015625 -0.0666007995605469 0.61798095703125 0.51434326171875
-0.0158920288085938 -0.0214252471923828 0.10052490234375 0.59228515625
0.00725507736206055 0.000121593475341797 0.0835723876953125 -0.0318679809570313
-0.0283088684082031 -0.0374183654785156 -0.1142578125 -0.64642333984375
-0.0608177185058594 -0.0547027587890625 -0.71624755859375 -0.338134765625
-0.0345649719238281 -0.0363388061523438 -0.56695556640625 0.46063232421875
0.0401802062988281 -0.0193595886230469 0.02789306640625 0.62213134765625
0.072723388671875 0.0257339477539063 0.316558837890625 0.382843017578125
0.034271240234375 0.0497856140136719 0.323211669921875 0.040985107421875
0.0202693939208984 0.0251369476318359 0.150497436523438 -0.17779541015625
-0.000349998474121092 0.0139780044555664 -0.174636840820313 0.090972900390625
0.0174903869628906 0.0493507385253906 -0.297271728515625 -0.173828125
0.0667610168457031 0.0304985046386719 -0.185516357421875 -0.475433349609375
0.0586395263671875 -0.0045318603515625 0.260345458984375 -0.551177978515625
-0.0130538940429688 -0.0285930633544922 0.714599609375 -0.0731201171875
-0.0602798461914063 -0.0578269958496094 0.6064453125 0.5723876953125
-0.0086822509765625 -0.0238113403320312 0.08721923828125 0.59832763671875
0.0178337097167969 -0.0108928680419922 0.099700927734375 -0.04669189453125
-0.0249710083007812 -0.0355796813964844 -0.13031005859375 -0.63470458984375
-0.057769775390625 -0.03759765625 -0.70892333984375 -0.281494140625
-0.0333194732666016 -0.0232810974121094 -0.514862060546875 0.50579833984375
0.0289554595947266 -0.0203838348388672 0.07489013671875 0.6356201171875
0.0578079223632813 0.00749969482421875 0.334869384765625 0.382232666015625
0.0238609313964844 0.0291500091552734 0.31988525390625 0.033782958984375
0.0129919052124023 0.0117340087890625 0.145889282226563 -0.177291870117188
0.00175189971923828 -0.00336861610412598 -0.174972534179688 0.084747314453125
0.00934696197509765 0.0174360275268555 -0.2999267578125 -0.185516357421875
0.0456390380859375 0.0103645324707031 -0.18499755859375 -0.481842041015625
0.0462493896484375 -0.00431060791015625 0.27020263671875 -0.5328369140625
-0.0138692855834961 -0.0120344161987305 0.724853515625 -0.03619384765625
-0.05523681640625 -0.0418548583984375 0.59942626953125 0.6044921875
0.001861572265625 -0.0273284912109375 0.0842895507812499 0.60174560546875
0.0315876007080078 -0.0254745483398438 0.108222961425781 -0.0577926635742188
-0.0178375244140625 -0.0341873168945312 -0.13348388671875 -0.63287353515625
-0.0465278625488281 -0.0205154418945313 -0.70062255859375 -0.25286865234375
-0.0221290588378906 -0.00770759582519531 -0.483612060546875 0.525238037109375
0.0206012725830078 -0.0147380828857422 0.10003662109375 0.64154052734375
0.0344524383544922 -0.00489234924316406 0.341278076171875 0.3858642578125
0.00543737411499023 0.00754022598266602 0.319244384765625 0.030029296875
0.00669097900390625 -0.00681209564208984 0.144943237304688 -0.179656982421875
0.0063629150390625 -0.0209617614746094 -0.173187255859375 0.08233642578125
0.00104331970214844 -0.0208015441894531 -0.3046875 -0.191497802734375
0.0259227752685547 -0.0193996429443359 -0.196929931640625 -0.48016357421875
0.0279102325439453 -0.00630569458007813 0.265411376953125 -0.525787353515625
-0.0153656005859375 0.00813007354736328 0.72821044921875 -0.03436279296875
-0.051055908203125 -0.0172500610351562 0.60638427734375 0.60711669921875
0.0120182037353516 -0.0289363861083984 0.0885009765625001 0.60101318359375
0.0466270446777344 -0.0393867492675781 0.111373901367187 -0.0606918334960937
-0.00855064392089844 -0.0341033935546875 -0.13494873046875 -0.6357421875
-0.0301017761230469 -0.00350189208984374 -0.6976318359375 -0.25909423828125
-0.00844383239746094 0.00813722610473633 -0.4803466796875 0.52532958984375
0.0140666961669922 -0.00720977783203125 0.1026611328125 0.6458740234375
0.00743579864501953 -0.0150938034057617 0.338897705078125 0.392120361328125
-0.0160245895385742 -0.0159053802490234 0.318115234375 0.031951904296875
0.000249862670898435 -0.0220413208007813 0.145980834960938 -0.179061889648438
0.0122795104980469 -0.0379104614257812 -0.172622680664063 0.08367919921875
-0.00719070434570313 -0.0583763122558594 -0.310760498046875 -0.183380126953125
-0.00114059448242188 -0.047454833984375 -0.211334228515625 -0.468170166015625
0.0108652114868164 -0.00614833831787109 0.244873046875 -0.53717041015625
-0.0150642395019531 0.0280590057373047 0.72088623046875 -0.07537841796875
-0.0450248718261719 0.00667953491210937 0.622314453125 0.57281494140625
0.0225276947021484 -0.0306434631347656 0.103271484375 0.5965576171875
0.0628547668457031 -0.0527801513671875 0.106155395507813 -0.0539169311523438
0.0033416748046875 -0.0358772277832031 -0.11993408203125 -0.64251708984375
-0.0136623382568359 0.0119247436523438 -0.6956787109375 -0.2908935546875
0.004547119140625 0.0262126922607422 -0.506927490234375 0.50347900390625
0.00826263427734375 0.00403642654418945 0.07965087890625 0.6490478515625
-0.0162544250488281 -0.0245132446289063 0.32513427734375 0.402618408203125
-0.0359077453613281 -0.0388832092285156 0.315673828125 0.038116455078125
-0.00381851196289062 -0.0406494140625 0.143753051757813 -0.177886962890625
0.0171012878417969 -0.0513191223144531 -0.172500610351563 0.08831787109375
-0.0178756713867188 -0.0823822021484375 -0.3184814453125 -0.166595458984375
-0.02679443359375 -0.0629310607910156 -0.231903076171875 -0.453460693359375
-0.00454902648925781 -0.000945091247558594 0.211822509765625 -0.558807373046875
-0.0124931335449219 0.0462226867675781 0.70562744140625 -0.1453857421875
-0.0351715087890625 0.0290184020996094 0.6468505859375 0.50732421875
0.0318336486816406 -0.0303077697753906 0.1214599609375 0.58563232421875
0.0751953125 -0.0632553100585938 0.0944366455078125 -0.0388565063476563
0.0161552429199219 -0.0365867614746094 -0.09820556640625 -0.6531982421875
-0.00136756896972657 0.0245475769042969 -0.691162109375 -0.3492431640625
0.0126266479492188 0.0430259704589844 -0.555084228515625 0.4620361328125
0.000621795654296874 0.0128641128540039 0.0347900390625001 0.64825439453125
-0.0366897583007813 -0.0356178283691406 0.305389404296875 0.42010498046875
-0.0485191345214844 -0.0607719421386719 0.31195068359375 0.0487060546875
-0.004150390625 -0.0542068481445313 0.143890380859375 -0.175750732421875
0.0174369812011719 -0.0554008483886719 -0.167755126953125 0.0962371826171875
-0.0336532592773438 -0.0933456420898438 -0.321685791015625 -0.14453125
-0.0470161437988281 -0.0634803771972656 -0.250030517578125 -0.44000244140625
-0.00959682464599609 0.00879573822021484 0.166748046875 -0.5947265625
-0.0011749267578125 0.0572509765625 0.6746826171875 -0.2347412109375
-0.0246047973632813 0.0424385070800781 0.6640625 0.42584228515625
0.0361557006835938 -0.0301437377929688 0.142822265625 0.56982421875
0.0827484130859375 -0.0681381225585938 0.08013916015625 -0.01788330078125
0.0257682800292969 -0.03741455078125 -0.0670166015625001 -0.66290283203125
0.00518226623535156 0.0327529907226563 -0.6846923828125 -0.42938232421875
0.0130653381347656 0.0569725036621094 -0.618408203125 0.395751953125
-0.00840187072753906 0.0194301605224609 -0.027587890625 0.64013671875
-0.0505943298339844 -0.0481681823730469 0.277374267578125 0.429351806640625
-0.0531387329101563 -0.0829010009765625 0.3092041015625 0.0601806640625
0.00195693969726562 -0.0623893737792969 0.146087646484375 -0.172744750976562
0.011077880859375 0.0341739654541016 -0.16961669921875 0.110794067382812
0.0443458557128906 0.0652084350585938 -0.291473388671875 -0.13531494140625
0.0912399291992187 0.0305099487304687 -0.21575927734375 -0.47637939453125
0.0616416931152344 -0.0164871215820313 0.18682861328125 -0.630126953125
-0.0243453979492188 -0.0377845764160156 0.6734619140625 -0.22601318359375
-0.0750885009765625 -0.0625991821289063 0.639892578125 0.441162109375
-0.0182476043701172 -0.0170059204101562 0.11798095703125 0.5867919921875
0.00501489639282227 0.0068206787109375 0.0688400268554687 -0.0112152099609375
-0.0276298522949219 -0.0369186401367187 -0.09735107421875 -0.66546630859375
-0.0566520690917969 -0.0665855407714844 -0.72528076171875 -0.4112548828125
-0.0314788818359375 -0.0443267822265625 -0.62982177734375 0.4073486328125
0.049468994140625 -0.0141983032226563 -0.0211181640625 0.61004638671875
0.0810699462890625 0.0413665771484375 0.306671142578125 0.38824462890625
0.0374526977539063 0.0607452392578125 0.32916259765625 0.045989990234375
0.0238437652587891 0.0305633544921875 0.154571533203125 -0.1788330078125
0.00225639343261719 0.0264205932617188 -0.173171997070313 0.104995727539063
0.0314826965332031 0.0652389526367188 -0.29400634765625 -0.154022216796875
0.08355712890625 0.037933349609375 -0.197113037109375 -0.481903076171875
0.0645523071289063 -0.0100975036621094 0.23199462890625 -0.59136962890625
-0.0182609558105469 -0.0378189086914063 0.7044677734375 -0.14306640625
-0.0676193237304688 -0.0663871765136719 0.6248779296875 0.51507568359375
-0.0156784057617188 -0.0230789184570313 0.100341796875 0.59381103515625
0.00934219360351563 0.00112342834472656 0.0853729248046875 -0.0325393676757813
-0.0290565490722656 -0.03594970703125 -0.1195068359375 -0.6514892578125
-0.0615577697753906 -0.0552978515625 -0.72027587890625 -0.335205078125
-0.0355491638183594 -0.0366668701171875 -0.56817626953125 0.46685791015625
0.0394973754882813 -0.0210304260253906 0.03240966796875 0.62548828125
0.0747222900390625 0.0226516723632813 0.3203125 0.382843017578125
0.0352363586425781 0.0504493713378906 0.324554443359375 0.035736083984375
0.0204048156738281 0.0245723724365234 0.149276733398438 -0.180984497070313
0.000445365905761718 0.0133352279663086 -0.174514770507813 0.095123291015625
0.0194358825683594 0.0486221313476563 -0.299835205078125 -0.17144775390625
0.0675544738769531 0.0305213928222656 -0.188140869140625 -0.476806640625
0.0578727722167969 -0.0057220458984375 0.256378173828125 -0.5565185546875
-0.0151348114013672 -0.0282955169677734 0.71746826171875 -0.07891845703125
-0.060394287109375 -0.0566825866699219 0.61260986328125 0.5723876953125
-0.00830650329589844 -0.0257701873779297 0.0911865234374999 0.6005859375
0.0176658630371094 -0.0115909576416016 0.100563049316406 -0.0490341186523438
-0.0249671936035156 -0.0351943969726563 -0.13189697265625 -0.63922119140625
-0.0580940246582031 -0.0386734008789062 -0.71392822265625 -0.2802734375
-0.0323390960693359 -0.0239028930664062 -0.51470947265625 0.510162353515625
0.0283832550048828 -0.0208187103271484 0.07904052734375 0.63702392578125
0.05877685546875 0.00762557983398438 0.336395263671875 0.38177490234375
0.0235729217529297 0.0296726226806641 0.320709228515625 0.030181884765625
0.012934684753418 0.0101184844970703 0.147293090820313 -0.18145751953125
0.00294780731201172 -0.0045628547668457 -0.175216674804688 0.0874176025390625
0.0103578567504883 0.0175209045410156 -0.302154541015625 -0.18359375
0.0477447509765625 0.00926589965820313 -0.19195556640625 -0.48455810546875
0.0453758239746094 -0.00548553466796875 0.269744873046875 -0.53802490234375
-0.0143651962280273 -0.0115032196044922 0.7283935546875 -0.04168701171875
-0.0560493469238281 -0.0405540466308594 0.604736328125 0.60723876953125
0.00146102905273438 -0.0271034240722656 0.08624267578125 0.605712890625
0.0296669006347656 -0.0250816345214844 0.108253479003906 -0.0584640502929688
-0.0175914764404297 -0.0343170166015625 -0.137939453125 -0.637451171875
-0.0459442138671875 -0.0197830200195313 -0.70806884765625 -0.25347900390625
-0.0222148895263672 -0.00713920593261719 -0.48382568359375 0.5302734375
0.0205039978027344 -0.0155754089355469 0.105224609375 0.64520263671875
0.0362434387207031 -0.00625991821289063 0.34539794921875 0.38519287109375
0.00631904602050781 0.00736713409423828 0.321533203125 0.027313232421875
0.00516271591186523 -0.00635147094726562 0.146194458007813 -0.181564331054688
0.00615501403808594 -0.0223789215087891 -0.1749267578125 0.0852813720703125
0.00188827514648438 -0.0215930938720703 -0.30755615234375 -0.189697265625
0.0239372253417969 -0.0203151702880859 -0.200927734375 -0.48175048828125
0.0291099548339844 -0.00617218017578125 0.26275634765625 -0.532745361328125
-0.0155620574951172 0.00831413269042969 0.7315673828125 -0.039794921875
-0.0508613586425781 -0.0166091918945312 0.6114501953125 0.609619140625
0.0131816864013672 -0.0296192169189453 0.0912475585937499 0.6048583984375
0.0467109680175781 -0.0389976501464844 0.111518859863281 -0.0613555908203125
-0.00800895690917969 -0.0350208282470703 -0.135009765625 -0.6390380859375
-0.0305137634277344 -0.00249099731445312 -0.70257568359375 -0.25677490234375
-0.00837230682373047 0.00938987731933594 -0.4794921875 0.53094482421875
0.0137710571289063 -0.00727367401123047 0.1092529296875 0.64642333984375
0.00876617431640625 -0.0149517059326172 0.343719482421875 0.39190673828125
-0.0154123306274414 -0.0150661468505859 0.320159912109375 0.029388427734375
0.000162124633789063 -0.0240669250488281 0.143890380859375 -0.182052612304688
0.0111045837402344 -0.0388870239257813 -0.174346923828125 0.0856170654296875
-0.00714492797851563 -0.0580520629882812 -0.315643310546875 -0.182830810546875
-0.00180816650390625 -0.0475502014160156 -0.21746826171875 -0.469879150390625
0.0105533599853516 -0.00613021850585938 0.2423095703125 -0.54364013671875
-0.0161399841308594 0.0292701721191406 0.7261962890625 -0.07843017578125
-0.0450286865234375 0.00749969482421876 0.63043212890625 0.57421875
0.0230903625488281 -0.0309467315673828 0.1058349609375 0.5987548828125
0.0627021789550781 -0.05340576171875 0.106613159179688 -0.055755615234375
0.00439453125 -0.0361557006835938 -0.1231689453125 -0.64697265625
-0.01373291015625 0.0115995407104492 -0.69915771484375 -0.2911376953125
0.0048980712890625 0.0270671844482422 -0.5072021484375 0.510345458984375
0.00702714920043945 0.00376129150390625 0.0857543945312499 0.65411376953125
-0.0162220001220703 -0.0239620208740234 0.332275390625 0.403839111328125
-0.0356636047363281 -0.037567138671875 0.317596435546875 0.034637451171875
-0.00487899780273437 -0.0407257080078125 0.143951416015625 -0.180328369140625
0.0164871215820312 -0.0506935119628906 -0.171798706054688 0.091339111328125
-0.0209121704101563 -0.0828018188476563 -0.321990966796875 -0.165740966796875
-0.028472900390625 -0.0645523071289062 -0.237457275390625 -0.455474853515625
-0.0044255256652832 -0.000573158264160155 0.21099853515625 -0.56597900390625
-0.0114593505859375 0.0475196838378906 0.710205078125 -0.151611328125
-0.0345668792724609 0.0281982421875 0.65252685546875 0.50836181640625
0.0327262878417969 -0.031585693359375 0.12506103515625 0.58758544921875
0.0761795043945312 -0.0643310546875 0.0946884155273438 -0.0396957397460938
0.01666259765625 -0.0370864868164063 -0.10015869140625 -0.656494140625
-0.00106239318847656 0.0246410369873047 -0.69775390625 -0.34954833984375
0.0146713256835938 0.0434532165527344 -0.555145263671875 0.4677734375
1.04904174804703E-05 0.0141181945800781 0.0382080078125 0.65338134765625
-0.0385208129882813 -0.0350227355957031 0.30963134765625 0.41864013671875
-0.0504264831542969 -0.06103515625 0.313812255859375 0.04510498046875
-0.00435638427734375 -0.0550880432128906 0.144393920898438 -0.17987060546875
0.0163459777832031 -0.0571327209472656 -0.169387817382813 0.100021362304688
-0.03460693359375 -0.0958480834960938 -0.32696533203125 -0.143218994140625
-0.0468254089355469 -0.0640716552734375 -0.257354736328125 -0.443389892578125
-0.00964736938476562 0.00988483428955078 0.163330078125 -0.597412109375
-0.00210571289062501 0.0582618713378906 0.6778564453125 -0.2391357421875
-0.0225334167480469 0.0429496765136719 0.66986083984375 0.425048828125
0.0372505187988281 -0.0302619934082031 0.14825439453125 0.57684326171875
0.0851287841796875 -0.0703125 0.0808639526367188 -0.0191268920898438
0.0274887084960938 -0.037750244140625 -0.0714111328125 -0.66845703125
0.00629234313964844 0.0331325531005859 -0.69110107421875 -0.4283447265625
0.0135269165039062 0.0572624206542969 -0.61956787109375 0.4012451171875
-0.00760459899902344 0.0204372406005859 -0.0228271484375001 0.6451416015625
-0.0506744384765625 -0.0475044250488281 0.2841796875 0.43084716796875
-0.0539932250976563 -0.0834732055664063 0.310943603515625 0.057281494140625
0.000591278076171874 -0.0642967224121094 0.147369384765625 -0.176483154296875
0.0118522644042969 0.0336723327636719 -0.170608520507813 0.116180419921875
0.04583740234375 0.0658798217773438 -0.295013427734375 -0.13153076171875
0.0929794311523438 0.0291824340820313 -0.221893310546875 -0.47918701171875
0.0604743957519531 -0.0172386169433594 0.1802978515625 -0.635986328125
-0.0257492065429687 -0.0392799377441406 0.67474365234375 -0.2305908203125
-0.07720947265625 -0.0631637573242188 0.6485595703125 0.44122314453125
-0.0179042816162109 -0.0178775787353516 0.1234130859375 0.5880126953125
0.00562191009521484 0.00756645202636719 0.0681076049804688 -0.0111618041992188
-0.0277824401855469 -0.0365104675292969 -0.102294921875 -0.666259765625
-0.058135986328125 -0.0676345825195313 -0.73468017578125 -0.40985107421875
-0.0319709777832031 -0.0433807373046875 -0.63189697265625 0.4129638671875
0.0491905212402344 -0.0145454406738281 -0.01617431640625 0.61407470703125
0.0825576782226563 0.0405654907226563 0.3131103515625 0.38836669921875
0.0382881164550781 0.0601119995117188 0.331695556640625 0.0423583984375
0.0244064331054688 0.0288257598876953 0.15509033203125 -0.181716918945313
0.00311851501464844 0.0261955261230469 -0.17303466796875 0.10784912109375
0.0328559875488281 0.0651168823242188 -0.2989501953125 -0.152313232421875
0.0847930908203125 0.037078857421875 -0.203826904296875 -0.48236083984375
0.0635223388671875 -0.0129013061523438 0.22698974609375 -0.59686279296875
-0.020904541015625 -0.0382232666015625 0.70672607421875 -0.14837646484375
-0.0705032348632812 -0.065765380859375 0.6326904296875 0.51458740234375
-0.0158405303955078 -0.0214900970458984 0.10552978515625 0.59735107421875
0.00950717926025391 -1.43051147460938E-05 0.0860671997070312 -0.031768798828125
-0.0291290283203125 -0.0369529724121094 -0.123046875 -0.65533447265625
-0.0624809265136719 -0.0534858703613281 -0.72869873046875 -0.3338623046875
-0.0361328125 -0.0366172790527344 -0.56890869140625 0.47503662109375
0.0392189025878906 -0.0210418701171875 0.0380249023437499 0.6287841796875
0.076751708984375 0.0240859985351562 0.32696533203125 0.3828125
0.0366058349609375 0.0485382080078125 0.326385498046875 0.032135009765625
0.0208244323730469 0.0242557525634766 0.150238037109375 -0.183197021484375
-0.000334739685058594 0.011713981628418 -0.175552368164063 0.097625732421875
0.0215301513671875 0.0484428405761719 -0.30535888671875 -0.16864013671875
0.0694770812988281 0.0313873291015625 -0.195892333984375 -0.480255126953125
0.0588111877441406 -0.00457763671875 0.254150390625 -0.56243896484375
-0.0158061981201172 -0.0283260345458984 0.72320556640625 -0.08489990234375
-0.0614891052246094 -0.0572776794433594 0.619873046875 0.57025146484375
-0.0072174072265625 -0.0248050689697266 0.09454345703125 0.6053466796875
0.0169801712036133 -0.0119314193725586 0.100379943847656 -0.0489654541015625
-0.0263004302978516 -0.033966064453125 -0.1375732421875 -0.64263916015625
-0.0577812194824219 -0.0377349853515625 -0.72125244140625 -0.2772216796875
-0.0344352722167969 -0.0220584869384766 -0.513824462890625 0.51611328125
0.0269794464111328 -0.0211505889892578 0.084716796875 0.640380859375
0.059844970703125 0.00643539428710937 0.34442138671875 0.382049560546875
0.0244407653808594 0.0305366516113281 0.3255615234375 0.028045654296875
0.013249397277832 0.00972175598144531 0.14605712890625 -0.18603515625
0.00199365615844726 -0.00567054748535156 -0.177474975585938 0.090301513671875
0.0112991333007813 0.0177116394042969 -0.307159423828125 -0.1820068359375
0.0477638244628906 0.00886154174804688 -0.19757080078125 -0.487762451171875
0.0448226928710938 -0.00426864624023438 0.26556396484375 -0.54339599609375
-0.0145902633666992 -0.0115699768066406 0.73236083984375 -0.04595947265625
-0.0550498962402344 -0.0393791198730469 0.61444091796875 0.60528564453125
0.001129150390625 -0.0274276733398438 0.0925292968750001 0.61016845703125
0.0311317443847656 -0.0257186889648438 0.108200073242188 -0.0613327026367187
-0.0188255310058594 -0.0337715148925781 -0.14215087890625 -0.63958740234375
-0.0473556518554688 -0.0177688598632812 -0.7130126953125 -0.25048828125
-0.0224571228027344 -0.00763893127441406 -0.48223876953125 0.537078857421875
0.0197334289550781 -0.0165004730224609 0.11187744140625 0.6473388671875
0.0356864929199219 -0.00645828247070313 0.352783203125 0.3841552734375
0.00667428970336914 0.00713491439819336 0.322509765625 0.023590087890625
0.00673866271972656 -0.00674772262573242 0.145126342773438 -0.185440063476563
0.00552940368652344 -0.0225563049316406 -0.176422119140625 0.0881500244140625
0.00226974487304687 -0.0217361450195313 -0.312774658203125 -0.186767578125
0.0240669250488281 -0.0198936462402344 -0.20758056640625 -0.48394775390625
0.0285606384277344 -0.00676727294921875 0.25897216796875 -0.53912353515625
-0.0162820816040039 0.00861167907714843 0.73443603515625 -0.0430908203125
-0.0509071350097656 -0.0168075561523438 0.6199951171875 0.60791015625
0.0124626159667969 -0.0300502777099609 0.09576416015625 0.608642578125
0.0465126037597656 -0.0407447814941406 0.111572265625 -0.0620956420898438
-0.00925827026367188 -0.0344104766845703 -0.13995361328125 -0.64434814453125
-0.0297832489013672 -0.00228500366210937 -0.7086181640625 -0.25482177734375
-0.00824260711669922 0.00983238220214844 -0.478973388671875 0.537689208984375
0.014190673828125 -0.00702953338623047 0.11474609375 0.6513671875
0.00834846496582031 -0.0146636962890625 0.349761962890625 0.39105224609375
-0.016627311706543 -0.0157546997070313 0.32281494140625 0.02569580078125
-0.000583648681640625 -0.0236835479736328 0.144882202148437 -0.184219360351562
0.011505126953125 -0.0403709411621094 -0.175094604492188 0.08807373046875
-0.00797653198242187 -0.05902099609375 -0.3199462890625 -0.180755615234375
-0.00197601318359375 -0.048492431640625 -0.225250244140625 -0.472015380859375
0.00978946685791016 -0.00508499145507813 0.236724853515625 -0.54718017578125
-0.0169849395751953 0.0298938751220703 0.72845458984375 -0.08380126953125
-0.0442962646484375 0.00722885131835938 0.63873291015625 0.5738525390625
0.0240306854248047 -0.0305671691894531 0.10943603515625 0.60223388671875
0.0628128051757813 -0.0543212890625 0.107032775878906 -0.0563125610351563
0.004302978515625 -0.0355796813964844 -0.12689208984375 -0.6513671875
-0.0138330459594727 0.0125055313110352 -0.7073974609375 -0.287353515625
0.00465202331542968 0.0262813568115234 -0.506011962890625 0.516265869140625
0.00840187072753906 0.00360012054443359 0.09100341796875 0.65777587890625
-0.0166683197021484 -0.023162841796875 0.336395263671875 0.40460205078125
-0.0370750427246094 -0.0385322570800781 0.319671630859375 0.031463623046875
-0.00583267211914063 -0.0421714782714844 0.143630981445313 -0.183563232421875
0.016571044921875 -0.0523605346679688 -0.173477172851563 0.0932159423828125
-0.0201263427734375 -0.0847091674804688 -0.327392578125 -0.16290283203125
-0.0281219482421875 -0.0637779235839844 -0.243743896484375 -0.45556640625
-0.00409460067749023 -0.000344991683959962 0.20562744140625 -0.57110595703125
-0.0120315551757813 0.0472755432128906 0.71240234375 -0.15740966796875
-0.0342884063720703 0.0294895172119141 0.65972900390625 0.5089111328125
0.0320377349853516 -0.0325698852539063 0.13092041015625 0.5921630859375
0.0754318237304688 -0.0648422241210937 0.0963973999023437 -0.0402374267578125
0.0153770446777344 -0.0379638671875 -0.10516357421875 -0.66009521484375
0.000398635864257815 0.0251846313476563 -0.704345703125 -0.3465576171875
0.0141792297363281 0.0443191528320313 -0.556884765625 0.47393798828125
0.0010223388671875 0.0141506195068359 0.04412841796875 0.6580810546875
-0.0384407043457031 -0.0338363647460938 0.31591796875 0.419158935546875
-0.0504035949707031 -0.0619888305664063 0.316497802734375 0.040985107421875
-0.00608062744140624 -0.0556983947753906 0.143661499023438 -0.181610107421875
0.0167922973632813 -0.0586318969726563 -0.1697998046875 0.101913452148438
-0.035675048828125 -0.095794677734375 -0.330047607421875 -0.139923095703125
-0.0488052368164063 -0.0654830932617188 -0.26385498046875 -0.44110107421875
-0.0108928680419922 0.00872611999511719 0.158447265625 -0.60223388671875
-0.00140380859375 0.0610198974609375 0.68011474609375 -0.24383544921875
-0.0225143432617187 0.0429611206054687 0.6768798828125 0.4246826171875
0.0385055541992188 -0.0294723510742188 0.15167236328125 0.57958984375
0.085418701171875 -0.0707321166992188 0.0799407958984375 -0.0181503295898438
0.0265350341796875 -0.0386199951171875 -0.07733154296875 -0.67291259765625
0.00736236572265625 0.0345439910888672 -0.69720458984375 -0.427490234375
0.014892578125 0.0580711364746094 -0.6202392578125 0.4088134765625
-0.00811386108398438 0.0192203521728516 -0.01751708984375 0.64862060546875
-0.0513992309570313 -0.0475425720214844 0.289459228515625 0.42987060546875
-0.0550994873046875 -0.0838623046875 0.314971923828125 0.053863525390625
-0.000457763671874998 -0.0669288635253906 0.1468505859375 -0.177719116210938
0.0113983154296875 0.0322723388671875 -0.171646118164063 0.11767578125
0.0478744506835937 0.0675392150878906 -0.30145263671875 -0.12969970703125
0.0935440063476563 0.02850341796875 -0.23052978515625 -0.480010986328125
0.0597343444824219 -0.0188446044921875 0.1748046875 -0.6416015625
-0.0262985229492188 -0.0379142761230469 0.67755126953125 -0.23858642578125
-0.0775299072265625 -0.0627975463867187 0.65435791015625 0.4384765625
-0.019439697265625 -0.0166130065917969 0.12908935546875 0.59149169921875
0.00530862808227539 0.00737333297729492 0.0684013366699219 -0.0113639831542969
-0.0278701782226562 -0.0362167358398438 -0.10858154296875 -0.67340087890625
-0.05987548828125 -0.0649795532226562 -0.74127197265625 -0.40576171875
-0.0326309204101563 -0.0428237915039063 -0.631591796875 0.41949462890625
0.0484352111816406 -0.0158767700195313 -0.0111083984375 0.6195068359375
0.0844345092773438 0.0400772094726563 0.318817138671875 0.387115478515625
0.0393142700195313 0.0614471435546875 0.335357666015625 0.039306640625
0.0253810882568359 0.0294113159179688 0.15325927734375 -0.184829711914063
0.00289344787597656 0.0266494750976563 -0.174835205078125 0.110671997070313
0.0343208312988281 0.0671195983886719 -0.302337646484375 -0.14935302734375
0.086761474609375 0.0365524291992188 -0.210723876953125 -0.48486328125
0.0634994506835938 -0.0122756958007813 0.22265625 -0.604248046875
-0.0204353332519531 -0.0381736755371094 0.709228515625 -0.15509033203125
-0.072174072265625 -0.0657196044921875 0.64007568359375 0.51226806640625
-0.0152301788330078 -0.0219955444335938 0.11004638671875 0.60040283203125
0.0086970329284668 0.000300884246826172 0.084747314453125 -0.0318679809570313
-0.0295600891113281 -0.0368385314941406 -0.1279296875 -0.657470703125
-0.0635223388671875 -0.0531959533691406 -0.73577880859375 -0.32989501953125
-0.0376167297363281 -0.0371894836425781 -0.567626953125 0.48126220703125
0.0389137268066406 -0.0221595764160156 0.04534912109375 0.6326904296875
0.0778427124023438 0.0223464965820313 0.331573486328125 0.382904052734375
0.0378646850585938 0.0495147705078125 0.329376220703125 0.028228759765625
0.0212421417236328 0.0236873626708984 0.148910522460938 -0.18695068359375
-0.000361442565917968 0.0127267837524414 -0.176513671875 0.10028076171875
0.0208663940429688 0.0495071411132812 -0.30926513671875 -0.1663818359375
0.0702705383300781 0.03076171875 -0.2022705078125 -0.480072021484375
0.058380126953125 -0.00698471069335938 0.2501220703125 -0.56817626953125
-0.0154094696044922 -0.0283222198486328 0.72637939453125 -0.0872802734375
-0.0621109008789063 -0.0589027404785156 0.6279296875 0.5709228515625
-0.0085906982421875 -0.0250930786132813 0.09814453125 0.6068115234375
0.0187034606933594 -0.0107078552246094 0.10015869140625 -0.049346923828125
-0.0260105133056641 -0.0345211029052734 -0.14178466796875 -0.64739990234375
-0.0597305297851563 -0.036468505859375 -0.7275390625 -0.275146484375
-0.0340900421142578 -0.0242214202880859 -0.511688232421875 0.525054931640625
0.0289821624755859 -0.0214672088623047 0.0911865234375 0.64471435546875
0.0606765747070313 0.00696945190429688 0.3494873046875 0.38055419921875
0.0259380340576172 0.0295238494873047 0.325927734375 0.02313232421875
0.0134181976318359 0.00969982147216797 0.145172119140625 -0.188690185546875
0.00181436538696289 -0.00585031509399414 -0.178329467773437 0.0939178466796875
0.011744499206543 0.0175180435180664 -0.311309814453125 -0.179595947265625
0.0494575500488281 0.00938796997070312 -0.205780029296875 -0.487030029296875
0.0458717346191406 -0.00536346435546875 0.2596435546875 -0.550323486328125
-0.0150222778320313 -0.01080322265625 0.73724365234375 -0.0516357421875
-0.0563278198242188 -0.0388679504394531 0.6231689453125 0.60528564453125
-8.01086425781238E-05 -0.0282974243164063 0.0952148437499999 0.61181640625
0.0291748046875 -0.0267410278320313 0.109565734863281 -0.0611953735351562
-0.0189685821533203 -0.0328559875488281 -0.1485595703125 -0.64324951171875
-0.0468826293945313 -0.0181732177734375 -0.71923828125 -0.2467041015625
-0.0244121551513672 -0.00729942321777344 -0.48077392578125 0.544464111328125
0.0196247100830078 -0.016021728515625 0.1202392578125 0.6505126953125
0.0362701416015625 -0.00651168823242187 0.358642578125 0.38397216796875
0.00641202926635742 0.00732517242431641 0.32568359375 0.01983642578125
0.00563669204711914 -0.00738096237182617 0.144317626953125 -0.1881103515625
0.00572395324707031 -0.0234451293945313 -0.177780151367187 0.09075927734375
0.001800537109375 -0.021087646484375 -0.317230224609375 -0.18548583984375
0.0242214202880859 -0.0208473205566406 -0.215423583984375 -0.484527587890625
0.0282115936279297 -0.00655364990234375 0.2542724609375 -0.545013427734375
-0.0166425704956055 0.00923347473144532 0.7384033203125 -0.04998779296875
-0.0507774353027344 -0.0159454345703125 0.628173828125 0.6080322265625
0.0132961273193359 -0.03033447265625 0.10009765625 0.612060546875
0.0468330383300781 -0.0405540466308594 0.111930847167969 -0.06353759765625
-0.00755500793457031 -0.0337772369384766 -0.14739990234375 -0.64666748046875
-0.0300121307373047 -0.00193214416503907 -0.71466064453125 -0.2506103515625
-0.00892257690429688 0.00985431671142578 -0.47625732421875 0.543365478515625
0.0141029357910156 -0.00671958923339844 0.12188720703125 0.654296875
0.00829601287841797 -0.0150966644287109 0.356292724609375 0.389190673828125
-0.0155744552612305 -0.0144968032836914 0.325286865234375 0.021575927734375
-0.00120162963867187 -0.0251731872558594 0.142868041992188 -0.18804931640625
0.0106315612792969 -0.0414581298828125 -0.175643920898438 0.09185791015625
-0.00953292846679688 -0.0585784912109375 -0.32476806640625 -0.177520751953125
-0.00260543823242188 -0.0490303039550781 -0.231475830078125 -0.4715576171875
0.00891304016113281 -0.00558376312255859 0.2344970703125 -0.555328369140625
-0.0165462493896484 0.0321121215820313 0.733642578125 -0.090087890625
-0.0432777404785156 0.00918960571289063 0.64581298828125 0.5732421875
0.0245628356933594 -0.0317020416259766 0.11407470703125 0.60418701171875
0.0613021850585937 -0.0546531677246094 0.106941223144531 -0.0562210083007813
0.0046234130859375 -0.0355415344238281 -0.1339111328125 -0.65460205078125
-0.0128164291381836 0.0129737854003906 -0.71392822265625 -0.28607177734375
0.00597000122070313 0.027008056640625 -0.503753662109375 0.52410888671875
0.00745201110839844 0.00312232971191406 0.0978393554687499 0.6610107421875
-0.0174217224121094 -0.0235939025878906 0.344207763671875 0.402618408203125
-0.0373916625976563 -0.0387496948242188 0.3226318359375 0.0279541015625
-0.00603485107421875 -0.0430717468261719 0.142745971679688 -0.186065673828125
0.0140495300292969 -0.0543289184570312 -0.1744384765625 0.0966796875
-0.0222244262695313 -0.084259033203125 -0.331024169921875 -0.160400390625
-0.0298309326171875 -0.0645790100097656 -0.251678466796875 -0.454681396484375
-0.0040738582611084 -0.000864744186401367 0.2012939453125 -0.5767822265625
-0.0114669799804687 0.0493927001953125 0.71380615234375 -0.1627197265625
-0.0328521728515625 0.0292949676513672 0.66998291015625 0.506591796875
0.0331897735595703 -0.0332355499267578 0.13427734375 0.5943603515625
0.0758209228515625 -0.0668258666992188 0.09564208984375 -0.0408782958984375
0.015869140625 -0.0383529663085937 -0.11151123046875 -0.6632080078125
0.000383377075195312 0.0255107879638672 -0.71173095703125 -0.34429931640625
0.0147933959960938 0.0439338684082031 -0.55401611328125 0.481658935546875
7.05718994140613E-05 0.0134344100952148 0.05047607421875 0.6627197265625
-0.0386695861816406 -0.033905029296875 0.32293701171875 0.419769287109375
-0.0515518188476563 -0.0613174438476562 0.3184814453125 0.036956787109375
-0.00736618041992187 -0.0585098266601563 0.143325805664062 -0.184722900390625
0.0151405334472656 -0.0595550537109375 -0.171905517578125 0.105514526367187
-0.0374526977539062 -0.0977783203125 -0.334503173828125 -0.136505126953125
-0.0501785278320312 -0.0649833679199219 -0.269317626953125 -0.44171142578125
-0.0105686187744141 0.00992774963378906 0.15228271484375 -0.60882568359375
-0.00130462646484375 0.0607872009277344 0.67974853515625 -0.25189208984375
-0.0211982727050781 0.0436019897460938 0.68310546875 0.42279052734375
0.0387077331542969 -0.0322189331054688 0.15765380859375 0.58111572265625
0.0854873657226562 -0.0727462768554687 0.0796432495117188 -0.018463134765625
0.0270652770996094 -0.0374908447265625 -0.08172607421875 -0.67657470703125
0.00656700134277344 0.0340728759765625 -0.70745849609375 -0.42706298828125
0.0164260864257813 0.057525634765625 -0.6204833984375 0.4176025390625
-0.00827217102050781 0.0212078094482422 -0.0103759765625 0.65362548828125
-0.0536422729492188 -0.0464210510253906 0.294464111328125 0.430511474609375
-0.0563888549804688 -0.0838394165039062 0.3153076171875 0.050872802734375
-0.00201797485351562 -0.0661201477050781 0.145950317382812 -0.182891845703125
0.0131072998046875 0.0354080200195313 -0.17041015625 0.1221923828125
0.0499305725097656 0.0648345947265625 -0.304901123046875 -0.126068115234375
0.0942611694335938 0.0275039672851563 -0.23828125 -0.47845458984375
0.0603218078613281 -0.0192489624023438 0.16717529296875 -0.64776611328125
-0.0280914306640625 -0.0382766723632813 0.6768798828125 -0.2457275390625
-0.078765869140625 -0.061737060546875 0.66119384765625 0.4359130859375
-0.0204505920410156 -0.0174274444580078 0.13446044921875 0.59490966796875
0.00537300109863281 0.00910758972167969 0.0696296691894531 -0.013092041015625
-0.0270843505859375 -0.0352973937988281 -0.1142578125 -0.6741943359375
-0.0605583190917969 -0.0649871826171875 -0.7508544921875 -0.401123046875
-0.0344467163085937 -0.0434455871582031 -0.62994384765625 0.42913818359375
0.049163818359375 -0.0165977478027344 -0.00164794921874997 0.62188720703125
0.085418701171875 0.0396575927734375 0.325439453125 0.386383056640625
0.041900634765625 0.06060791015625 0.336761474609375 0.032867431640625
0.0249748229980469 0.0285358428955078 0.15277099609375 -0.188552856445313
0.00457763671875 0.0259819030761719 -0.173385620117188 0.114471435546875
0.0366325378417969 0.0676078796386719 -0.30859375 -0.1446533203125
0.0876235961914063 0.0362777709960938 -0.218963623046875 -0.483612060546875
0.0637741088867188 -0.0130577087402344 0.21630859375 -0.60882568359375
-0.0211410522460938 -0.0379447937011719 0.71337890625 -0.16326904296875
-0.0743637084960937 -0.064910888671875 0.64923095703125 0.51068115234375
-0.0167121887207031 -0.0216789245605469 0.114990234375 0.604248046875
0.00806665420532227 -0.000516891479492187 0.0862503051757813 -0.0329208374023438
-0.0303306579589844 -0.0348701477050781 -0.13433837890625 -0.65838623046875
-0.0656089782714844 -0.0543403625488281 -0.741943359375 -0.32537841796875
-0.039459228515625 -0.0354881286621094 -0.56536865234375 0.4901123046875
0.0397377014160156 -0.0226402282714844 0.0516967773437501 0.6343994140625
0.078826904296875 0.0223159790039063 0.340179443359375 0.380523681640625
0.0394134521484375 0.0492477416992188 0.33270263671875 0.024139404296875
0.0203056335449219 0.0232601165771484 0.148178100585938 -0.189697265625
0.00256729125976562 0.0129098892211914 -0.175811767578125 0.104248046875
0.0229873657226563 0.0496292114257813 -0.313232421875 -0.1630859375
0.0715789794921875 0.028289794921875 -0.21051025390625 -0.48004150390625
0.0589370727539062 -0.0082855224609375 0.24493408203125 -0.57342529296875
-0.0173206329345703 -0.0281314849853516 0.728271484375 -0.09674072265625
-0.0642433166503906 -0.05718994140625 0.635986328125 0.56866455078125
-0.00821304321289062 -0.0253047943115234 0.1043701171875 0.6109619140625
0.0165748596191406 -0.0123186111450195 0.101318359375 -0.0503387451171875
-0.0267677307128906 -0.0340042114257813 -0.14776611328125 -0.64801025390625
-0.0605583190917969 -0.0348281860351563 -0.7330322265625 -0.26922607421875
-0.0349540710449219 -0.0230140686035156 -0.508941650390625 0.531036376953125
0.0277061462402344 -0.0231971740722656 0.0987548828125 0.64697265625
0.0622596740722656 0.00487518310546875 0.3580322265625 0.37823486328125
0.0266036987304688 0.0297775268554688 0.32891845703125 0.01934814453125
0.012120246887207 0.00997352600097656 0.144317626953125 -0.191131591796875
0.00269532203674316 -0.00426578521728516 -0.177780151367188 0.0975494384765625
0.011652946472168 0.0172634124755859 -0.315521240234375 -0.174835205078125
0.0491561889648437 0.00853729248046875 -0.213836669921875 -0.486602783203125
0.0453300476074219 -0.0064544677734375 0.254730224609375 -0.555633544921875
-0.015345573425293 -0.00952816009521484 0.7398681640625 -0.0587158203125
-0.0579261779785156 -0.0402565002441406 0.6324462890625 0.60443115234375
0.00107955932617187 -0.0282077789306641 0.10113525390625 0.61468505859375
0.0291194915771484 -0.0260887145996094 0.107719421386719 -0.0613555908203125
-0.0197849273681641 -0.0325431823730469 -0.15447998046875 -0.646728515625
-0.0466690063476563 -0.0167922973632812 -0.72625732421875 -0.24188232421875
-0.023773193359375 -0.00727653503417969 -0.474578857421875 0.55206298828125
0.0191535949707031 -0.0170516967773438 0.12811279296875 0.654052734375
0.0365867614746094 -0.00716781616210938 0.365966796875 0.38067626953125
0.00794887542724609 0.00692558288574219 0.32818603515625 0.0147705078125
0.00649070739746094 -0.00838994979858398 0.141571044921875 -0.19183349609375
0.00481224060058594 -0.0237007141113281 -0.177566528320313 0.09521484375
0.00174903869628906 -0.0216312408447266 -0.32037353515625 -0.18011474609375
0.0247173309326172 -0.0215358734130859 -0.222930908203125 -0.48223876953125
0.0269050598144531 -0.00712776184082031 0.250091552734375 -0.5489501953125
-0.0171051025390625 0.0109319686889648 0.74212646484375 -0.056884765625
-0.0511093139648438 -0.0155067443847656 0.6380615234375 0.6060791015625
0.0128993988037109 -0.0303726196289063 0.1058349609375 0.61395263671875
0.0456390380859375 -0.0418205261230469 0.110488891601563 -0.0643997192382813
-0.00862693786621094 -0.0341663360595703 -0.15264892578125 -0.6483154296875
-0.0304985046386719 -0.00183486938476562 -0.7208251953125 -0.2464599609375
-0.00833415985107422 0.0109453201293945 -0.4732666015625 0.551788330078125
0.0139379501342773 -0.00656890869140625 0.1304931640625 0.65655517578125
0.00911331176757812 -0.01580810546875 0.36260986328125 0.386566162109375
-0.0153102874755859 -0.0147695541381836 0.3260498046875 0.015472412109375
-0.00252723693847656 -0.0260143280029297 0.14154052734375 -0.19097900390625
0.0103721618652344 -0.0417823791503906 -0.175430297851563 0.0950164794921875
-0.0105400085449219 -0.0603828430175781 -0.329681396484375 -0.175048828125
-0.00321578979492187 -0.04791259765625 -0.239959716796875 -0.471282958984375
0.00924110412597656 -0.00399589538574219 0.227996826171875 -0.56048583984375
-0.0159702301025391 0.0320472717285156 0.7353515625 -0.09710693359375
-0.0436058044433594 0.00909042358398438 0.65643310546875 0.5704345703125
0.0237827301025391 -0.0317649841308594 0.12152099609375 0.60736083984375
0.0627403259277344 -0.0560722351074219 0.10675048828125 -0.0578155517578125
0.0035552978515625 -0.0373764038085937 -0.14068603515625 -0.65631103515625
-0.0121908187866211 0.0140666961669922 -0.7216796875 -0.27911376953125
0.00605392456054688 0.0281887054443359 -0.500579833984375 0.5299072265625
0.00786781311035156 0.00375127792358398 0.10821533203125 0.662353515625
-0.0172252655029297 -0.02301025390625 0.349517822265625 0.399139404296875
-0.0373458862304688 -0.0383949279785156 0.3238525390625 0.022125244140625
-0.00664138793945312 -0.0432929992675781 0.1414794921875 -0.18975830078125
0.0134849548339844 -0.0554695129394531 -0.17352294921875 0.100296020507813
-0.0229415893554688 -0.0844268798828125 -0.336578369140625 -0.15521240234375
-0.030364990234375 -0.0638313293457031 -0.259063720703125 -0.4542236328125
-0.00536966323852539 0.000503063201904297 0.19439697265625 -0.581787109375
-0.0113182067871094 0.0511970520019531 0.71630859375 -0.17181396484375
-0.0328254699707031 0.0311756134033203 0.6787109375 0.50323486328125
0.0339679718017578 -0.0320072174072266 0.14154052734375 0.59619140625
0.0757980346679688 -0.0661239624023438 0.0951309204101563 -0.0419387817382813
0.0171089172363281 -0.0388259887695313 -0.11865234375 -0.66571044921875
0.00157546997070313 0.0268898010253906 -0.71990966796875 -0.33892822265625
0.0152626037597656 0.0437355041503906 -0.5516357421875 0.48907470703125
0.00209903717041016 0.0141887664794922 0.061279296875 0.665283203125
-0.0392379760742188 -0.0333747863769531 0.329681396484375 0.41632080078125
-0.0519905090332031 -0.0608329772949219 0.3201904296875 0.033233642578125
-0.00838470458984374 -0.0581817626953125 0.14129638671875 -0.186981201171875
0.0142784118652344 -0.0601692199707031 -0.172134399414063 0.108856201171875
-0.0398788452148438 -0.0967254638671875 -0.33935546875 -0.132598876953125
-0.0511474609375 -0.063690185546875 -0.27813720703125 -0.4404296875
-0.0112323760986328 0.0114641189575195 0.1466064453125 -0.61309814453125
-0.000194549560546879 0.06219482421875 0.68182373046875 -0.2601318359375
-0.019378662109375 0.0449333190917969 0.69195556640625 0.41876220703125
0.0389938354492188 -0.0333023071289063 0.16387939453125 0.583251953125
0.0855636596679688 -0.0718002319335938 0.0809097290039063 -0.0189895629882813
0.0280494689941406 -0.039154052734375 -0.088623046875 -0.6795654296875
0.00959396362304688 0.0352668762207031 -0.71502685546875 -0.4222412109375
0.0168685913085938 0.0580711364746094 -0.619384765625 0.4244384765625
-0.00788116455078125 0.0217208862304688 -0.00311279296875001 0.657470703125
-0.0537376403808594 -0.0463829040527344 0.303863525390625 0.42852783203125
-0.0580673217773437 -0.0849075317382813 0.31866455078125 0.046600341796875
-0.00431442260742188 -0.068023681640625 0.146697998046875 -0.184982299804687
0.0139446258544922 0.0345478057861328 -0.171066284179688 0.126113891601563
0.0523147583007813 0.0666694641113281 -0.30694580078125 -0.12188720703125
0.095550537109375 0.026092529296875 -0.2462158203125 -0.4769287109375
0.0603218078613281 -0.0211601257324219 0.1593017578125 -0.651611328125
-0.0272903442382812 -0.0382080078125 0.6771240234375 -0.25604248046875
-0.0804901123046875 -0.0616455078125 0.6688232421875 0.430419921875
-0.0196361541748047 -0.0169601440429687 0.14117431640625 0.59375
0.00450992584228516 0.00766992568969727 0.0694541931152344 -0.0120735168457031
-0.0286178588867188 -0.0358161926269531 -0.122802734375 -0.67596435546875
-0.0609397888183594 -0.0640716552734375 -0.7578125 -0.3958740234375
-0.0341873168945313 -0.0438766479492187 -0.62689208984375 0.4376220703125
0.0486335754394531 -0.0182952880859375 0.00494384765625 0.62396240234375
0.0860443115234375 0.0384368896484375 0.3311767578125 0.3809814453125
0.0430107116699219 0.0616416931152344 0.337310791015625 0.0277099609375
0.0247592926025391 0.0281867980957031 0.1502685546875 -0.19085693359375
0.00472450256347656 0.027801513671875 -0.174240112304688 0.118240356445313
0.0384941101074219 0.0675048828125 -0.3101806640625 -0.13995361328125
0.0894699096679688 0.0352630615234375 -0.22930908203125 -0.48333740234375
0.0638275146484375 -0.0137062072753906 0.208740234375 -0.61480712890625
-0.0232276916503906 -0.0379486083984375 0.71087646484375 -0.17095947265625
-0.0742721557617188 -0.065460205078125 0.65753173828125 0.50274658203125
-0.0164642333984375 -0.0211544036865234 0.12261962890625 0.60406494140625
0.00794839859008789 0.000252723693847656 0.084808349609375 -0.0343017578125
-0.0318336486816406 -0.03350830078125 -0.14251708984375 -0.660888671875
-0.0651054382324219 -0.0516815185546875 -0.7508544921875 -0.31805419921875
-0.0399246215820312 -0.0355300903320313 -0.56329345703125 0.49627685546875
0.0390853881835938 -0.0242919921875 0.0607910156249999 0.638671875
0.08038330078125 0.0212554931640625 0.3463134765625 0.376556396484375
0.0403938293457031 0.0489425659179688 0.3331298828125 0.01824951171875
0.020965576171875 0.0221424102783203 0.144119262695312 -0.194122314453125
0.000478744506835938 0.0137243270874023 -0.176483154296875 0.106613159179688
0.0233917236328125 0.0499725341796875 -0.318572998046875 -0.15740966796875
0.072601318359375 0.0276870727539063 -0.21868896484375 -0.476776123046875
0.0584144592285156 -0.0101356506347656 0.238037109375 -0.580322265625
-0.0176925659179687 -0.0268993377685547 0.7293701171875 -0.10577392578125
-0.0639152526855469 -0.0562171936035156 0.6455078125 0.56475830078125
-0.00960922241210937 -0.0259819030761719 0.111083984375 0.61151123046875
0.0164937973022461 -0.0118904113769531 0.0999984741210938 -0.0511627197265625
-0.0270328521728516 -0.0337505340576172 -0.1568603515625 -0.65008544921875
-0.0598411560058594 -0.0354766845703125 -0.73974609375 -0.26129150390625
-0.0357284545898437 -0.0221748352050781 -0.5048828125 0.541351318359375
0.0264949798583984 -0.0234127044677734 0.10797119140625 0.64727783203125
0.0617408752441406 0.00429153442382813 0.360992431640625 0.374053955078125
0.0283355712890625 0.0299663543701172 0.331298828125 0.012359619140625
0.0133914947509766 0.00834369659423828 0.141159057617188 -0.1939697265625
0.00284719467163086 -0.00534725189208984 -0.179046630859375 0.100326538085938
0.0136394500732422 0.0178756713867188 -0.319671630859375 -0.17156982421875
0.0504951477050781 0.0074920654296875 -0.220977783203125 -0.485504150390625
0.0453376770019531 -0.0069122314453125 0.24755859375 -0.561248779296875
-0.0171804428100586 -0.00982189178466797 0.7427978515625 -0.0682373046875
-0.0573654174804688 -0.0393524169921875 0.640380859375 0.59991455078125
-0.000755310058593748 -0.0289268493652344 0.1080322265625 0.61517333984375
0.0300502777099609 -0.0269603729248047 0.107749938964844 -0.061370849609375
-0.0202884674072266 -0.0314865112304688 -0.1636962890625 -0.64703369140625
-0.0471076965332031 -0.0171165466308594 -0.7313232421875 -0.2344970703125
-0.0243091583251953 -0.00596809387207031 -0.469879150390625 0.560699462890625
0.0178756713867188 -0.0170631408691406 0.13787841796875 0.65350341796875
0.0372314453125 -0.007904052734375 0.37115478515625 0.377655029296875
0.00856256484985352 0.00676107406616211 0.328765869140625 0.009735107421875
0.00572681427001953 -0.00823402404785156 0.14007568359375 -0.193588256835938
0.00481605529785156 -0.0252780914306641 -0.177383422851563 0.0975799560546875
0.00177574157714844 -0.0219306945800781 -0.3255615234375 -0.1766357421875
0.0246009826660156 -0.0223636627197266 -0.230712890625 -0.481842041015625
0.0275650024414063 -0.00764656066894531 0.24200439453125 -0.55535888671875
-0.0181179046630859 0.00978469848632812 0.74444580078125 -0.06494140625
-0.0508003234863281 -0.0156326293945312 0.64862060546875 0.60107421875
0.0130748748779297 -0.0307769775390625 0.1141357421875 0.61541748046875
0.04522705078125 -0.042388916015625 0.110893249511719 -0.0657958984375
-0.00986099243164062 -0.0336246490478516 -0.16046142578125 -0.648681640625
-0.0304431915283203 -0.000896453857421872 -0.72723388671875 -0.2374267578125
-0.00868511199951172 0.0101137161254883 -0.46673583984375 0.557464599609375
0.0131025314331055 -0.0088357925415039 0.14031982421875 0.6571044921875
0.00930118560791015 -0.0157709121704102 0.36932373046875 0.38299560546875
-0.0160970687866211 -0.0142402648925781 0.3277587890625 0.011505126953125
-0.00310134887695312 -0.0265922546386719 0.139724731445313 -0.193695068359375
0.00955963134765625 -0.0421104431152344 -0.17608642578125 0.0985565185546875
-0.0109634399414063 -0.0601692199707031 -0.33349609375 -0.16937255859375
-0.00376892089843751 -0.0494003295898438 -0.248321533203125 -0.4697265625
0.00940990447998047 -0.00539588928222656 0.220458984375 -0.5654296875
-0.0170097351074219 0.0338649749755859 0.7362060546875 -0.10614013671875
-0.0430831909179688 0.00921630859375 0.66455078125 0.56494140625
0.0244770050048828 -0.0329494476318359 0.1275634765625 0.60748291015625
0.0612945556640625 -0.0572166442871094 0.105789184570313 -0.0587997436523438
0.0041961669921875 -0.0362205505371094 -0.14849853515625 -0.65740966796875
-0.0109672546386719 0.0143947601318359 -0.725830078125 -0.2730712890625
0.00746345520019531 0.0277328491210938 -0.494964599609375 0.53741455078125
0.00894927978515625 0.00359630584716797 0.115234375 0.6624755859375
-0.0171394348144531 -0.0227470397949219 0.357879638671875 0.396392822265625
-0.0377922058105469 -0.0367622375488281 0.323883056640625 0.017547607421875
-0.00869369506835937 -0.0439338684082031 0.139495849609375 -0.1929931640625
0.0125503540039063 -0.0556907653808594 -0.174957275390625 0.103469848632813
-0.0250930786132813 -0.0866851806640625 -0.341033935546875 -0.1513671875
-0.0320587158203125 -0.0644760131835938 -0.267242431640625 -0.453338623046875
-0.0052032470703125 0.000218868255615234 0.18707275390625 -0.5859375
-0.00974273681640625 0.0513153076171875 0.71832275390625 -0.17974853515625
-0.0315284729003906 0.0323219299316406 0.68585205078125 0.49853515625
0.0332889556884766 -0.0335407257080078 0.14764404296875 0.5968017578125
0.0760040283203125 -0.0691909790039063 0.0944137573242187 -0.0426788330078125
0.0172462463378906 -0.0394515991210938 -0.12567138671875 -0.6671142578125
0.00259208679199219 0.0261459350585937 -0.72479248046875 -0.3328857421875
0.016204833984375 0.0442047119140625 -0.548919677734375 0.497467041015625
0.00208091735839844 0.0149421691894531 0.06939697265625 0.6661376953125
-0.0394210815429688 -0.032867431640625 0.33685302734375 0.412322998046875
-0.0530471801757812 -0.0607147216796875 0.3201904296875 0.027618408203125
-0.00926971435546874 -0.0590591430664063 0.140350341796875 -0.190963745117188
0.0145606994628906 -0.0627784729003906 -0.1722412109375 0.113067626953125
-0.040496826171875 -0.0967178344726563 -0.341705322265625 -0.12799072265625
-0.0530357360839844 -0.0625419616699219 -0.285919189453125 -0.437774658203125
-0.0108146667480469 0.0107765197753906 0.138916015625 -0.61834716796875
0.000247955322265629 0.0636711120605469 0.67926025390625 -0.26971435546875
-0.0196151733398438 0.0440559387207031 0.7000732421875 0.41192626953125
0.0401992797851563 -0.03326416015625 0.17132568359375 0.58258056640625
0.0839614868164063 -0.0738449096679687 0.08026123046875 -0.0204238891601563
0.0275421142578125 -0.0396537780761719 -0.093994140625 -0.68115234375
0.010284423828125 0.0350265502929687 -0.722412109375 -0.416259765625
0.0174522399902344 0.0590744018554688 -0.6170654296875 0.4320068359375
-0.00854301452636719 0.0210208892822266 0.005126953125 0.659912109375
-0.0548591613769531 -0.0449295043945313 0.31048583984375 0.42694091796875
-0.0607070922851563 -0.0830307006835938 0.31903076171875 0.0423583984375
-0.00441741943359375 -0.0691795349121094 0.144027709960938 -0.18817138671875
0.0137977600097656 0.0339679718017578 -0.17010498046875 0.129486083984375
0.0531539916992188 0.0665054321289063 -0.31219482421875 -0.115509033203125
0.0967864990234375 0.02435302734375 -0.25616455078125 -0.4742431640625
0.0585517883300781 -0.0223197937011719 0.14910888671875 -0.65643310546875
-0.0295753479003906 -0.0371017456054688 0.67333984375 -0.2652587890625
-0.0803146362304688 -0.0598373413085938 0.67529296875 0.4222412109375
-0.0208396911621094 -0.0169429779052734 0.14776611328125 0.59417724609375
0.00432443618774414 0.00822305679321289 0.0694122314453125 -0.0135726928710938
-0.029510498046875 -0.0344734191894531 -0.13201904296875 -0.67657470703125
-0.063629150390625 -0.0613517761230469 -0.76373291015625 -0.38543701171875
-0.0374221801757813 -0.0439186096191406 -0.6234130859375 0.4471435546875
0.0480155944824219 -0.019378662109375 0.0139160156250001 0.625732421875
0.0888214111328125 0.0372467041015625 0.33685302734375 0.376556396484375
0.0445518493652344 0.0595321655273438 0.339019775390625 0.022369384765625
0.0240402221679687 0.0284824371337891 0.148773193359375 -0.195770263671875
0.00405120849609375 0.0273113250732422 -0.172866821289063 0.121490478515625
0.0393409729003906 0.0675315856933594 -0.314361572265625 -0.134124755859375
0.0917587280273438 0.033111572265625 -0.23779296875 -0.477813720703125
0.0634231567382813 -0.0146865844726563 0.19940185546875 -0.61871337890625
-0.0232086181640625 -0.0370101928710938 0.71112060546875 -0.18145751953125
-0.0740814208984375 -0.0640792846679688 0.66400146484375 0.496337890625
-0.0168838500976563 -0.0207901000976563 0.12994384765625 0.605224609375
0.00887012481689453 0.00121021270751953 0.0849227905273438 -0.03302001953125
-0.03253173828125 -0.0339431762695313 -0.1507568359375 -0.65948486328125
-0.0668754577636719 -0.0503044128417969 -0.75762939453125 -0.30908203125
-0.0405921936035156 -0.0359230041503906 -0.55548095703125 0.50604248046875
0.0380859375 -0.0255355834960938 0.06964111328125 0.63897705078125
0.08062744140625 0.0197677612304688 0.35198974609375 0.372222900390625
0.0418968200683594 0.0491218566894531 0.332672119140625 0.01141357421875
0.0206642150878906 0.0226154327392578 0.142730712890625 -0.195831298828125
0.0026397705078125 0.0116128921508789 -0.176055908203125 0.110382080078125
0.0257568359375 0.0504302978515625 -0.320068359375 -0.15325927734375
0.0728225708007813 0.0269393920898438 -0.226593017578125 -0.474273681640625
0.05926513671875 -0.00994110107421875 0.2286376953125 -0.58551025390625
-0.0179786682128906 -0.027984619140625 0.73101806640625 -0.1119384765625
-0.064666748046875 -0.0551261901855469 0.65386962890625 0.55584716796875
-0.00884246826171875 -0.0244464874267578 0.117919921875 0.61151123046875
0.0159263610839844 -0.0124330520629883 0.0979995727539063 -0.0518417358398438
-0.0291748046875 -0.0334377288818359 -0.16357421875 -0.64862060546875
-0.0608978271484375 -0.0337257385253906 -0.7445068359375 -0.25341796875
-0.0363311767578125 -0.0212364196777344 -0.497528076171875 0.548004150390625
0.0266990661621094 -0.0247611999511719 0.119384765625 0.6474609375
0.0617446899414063 0.00285720825195313 0.36871337890625 0.36981201171875
0.0277671813964844 0.029693603515625 0.32989501953125 0.00714111328125
0.0115461349487305 0.00728511810302734 0.139816284179688 -0.19769287109375
0.00221109390258789 -0.00737953186035156 -0.177963256835938 0.104339599609375
0.0133419036865234 0.0180873870849609 -0.323577880859375 -0.166412353515625
0.0511245727539063 0.00609207153320313 -0.231353759765625 -0.48272705078125
0.0442962646484375 -0.00651168823242188 0.24041748046875 -0.56597900390625
-0.0173282623291016 -0.00860214233398438 0.74298095703125 -0.0767822265625
-0.0588722229003906 -0.0375633239746094 0.64996337890625 0.5924072265625
0.00150871276855469 -0.0285148620605469 0.11541748046875 0.61639404296875
0.0294170379638672 -0.0264682769775391 0.107475280761719 -0.0635223388671875
-0.0206661224365234 -0.033111572265625 -0.16949462890625 -0.64630126953125
-0.0467071533203125 -0.0151901245117187 -0.7344970703125 -0.2271728515625
-0.024566650390625 -0.00575637817382812 -0.46337890625 0.56561279296875
0.0185413360595703 -0.0184497833251953 0.14788818359375 0.65338134765625
0.0369949340820313 -0.0101280212402344 0.37744140625 0.372283935546875
0.00874853134155273 0.00762701034545898 0.3297119140625 0.004608154296875
0.00519180297851563 -0.00936794281005859 0.137374877929687 -0.19891357421875
0.00375747680664063 -0.0241203308105469 -0.176834106445312 0.101531982421875
0.00158119201660156 -0.0221080780029297 -0.330169677734375 -0.17230224609375
0.0241603851318359 -0.0231056213378906 -0.239776611328125 -0.47857666015625
0.0271434783935547 -0.00704193115234375 0.23455810546875 -0.5592041015625
-0.01776123046875 0.0115947723388672 0.74591064453125 -0.07470703125
-0.0509681701660156 -0.0146484375 0.65576171875 0.5943603515625
0.0126152038574219 -0.0313434600830078 0.1204833984375 0.6141357421875
0.0462150573730469 -0.0430488586425781 0.110641479492188 -0.0666427612304688
-0.00869369506835937 -0.0335235595703125 -0.168212890625 -0.64959716796875
-0.0282058715820313 -5.14984130859371E-05 -0.731201171875 -0.2308349609375
-0.00812721252441406 0.0108156204223633 -0.4595947265625 0.56451416015625
0.0126819610595703 -0.00852012634277344 0.15045166015625 0.65655517578125
0.00962162017822266 -0.0165233612060547 0.37640380859375 0.379791259765625
-0.01544189453125 -0.0144615173339844 0.328582763671875 0.005157470703125
-0.00426673889160156 -0.0265789031982422 0.137313842773438 -0.197128295898438
0.00949478149414063 -0.0443344116210938 -0.176132202148438 0.1029052734375
-0.0112686157226562 -0.0594825744628906 -0.337005615234375 -0.1651611328125
-0.00394821166992187 -0.0483360290527344 -0.25750732421875 -0.46612548828125
0.00814199447631836 -0.00410795211791992 0.21405029296875 -0.56817626953125
-0.0168361663818359 0.0349330902099609 0.7374267578125 -0.1156005859375
-0.0421943664550781 0.0105514526367187 0.67340087890625 0.5601806640625
0.0250949859619141 -0.0338401794433594 0.1343994140625 0.60736083984375
0.0619964599609375 -0.0576286315917969 0.105247497558594 -0.059356689453125
0.004425048828125 -0.0354652404785156 -0.15606689453125 -0.6583251953125
-0.0104703903198242 0.0140199661254883 -0.7313232421875 -0.26611328125
0.00650787353515625 0.0276718139648438 -0.489013671875 0.5440673828125
0.00811767578125 0.00389766693115234 0.12646484375 0.662353515625
-0.0174560546875 -0.0229835510253906 0.36468505859375 0.39105224609375
-0.0392494201660156 -0.0363960266113281 0.3258056640625 0.011199951171875
-0.0105209350585937 -0.0445213317871094 0.136550903320313 -0.196701049804688
0.0121536254882812 -0.0577659606933594 -0.174484252929688 0.105484008789062
-0.026519775390625 -0.0861663818359375 -0.343902587890625 -0.145904541015625
-0.0332832336425781 -0.063446044921875 -0.27490234375 -0.4478759765625
-0.00531816482543945 0.00133180618286133 0.17926025390625 -0.58953857421875
-0.00965499877929688 0.053466796875 0.715576171875 -0.1890869140625
-0.0298690795898437 0.0317001342773438 0.69390869140625 0.49163818359375
0.0332164764404297 -0.0339622497558594 0.1551513671875 0.5968017578125
0.075897216796875 -0.0704803466796875 0.0943756103515625 -0.042388916015625
0.0174598693847656 -0.0388259887695313 -0.1329345703125 -0.667724609375
0.00342178344726563 0.0271530151367188 -0.7318115234375 -0.32342529296875
0.0170745849609375 0.0440254211425781 -0.542449951171875 0.50579833984375
0.00251865386962891 0.0130443572998047 0.079345703125 0.6676025390625
-0.0406341552734375 -0.0336418151855469 0.343475341796875 0.408843994140625
-0.0549087524414063 -0.0601577758789062 0.324066162109375 0.022216796875
-0.0105781555175781 -0.0598526000976563 0.138824462890625 -0.19317626953125
0.0135726928710937 -0.0644569396972656 -0.17022705078125 0.114776611328125
-0.0425796508789063 -0.096343994140625 -0.345062255859375 -0.121734619140625
-0.0555458068847656 -0.062896728515625 -0.294647216796875 -0.433441162109375
-0.0117101669311523 0.0120334625244141 0.12933349609375 -0.6202392578125
0.00117111206054687 0.0650787353515625 0.67645263671875 -0.278076171875
-0.016876220703125 0.0443267822265625 0.70501708984375 0.4053955078125
0.0408706665039063 -0.0364112854003906 0.17657470703125 0.58172607421875
0.0845870971679688 -0.0757522583007813 0.0801162719726562 -0.02093505859375
0.0286178588867188 -0.0398750305175781 -0.10443115234375 -0.68170166015625
0.0111732482910156 0.0344886779785156 -0.72918701171875 -0.4083251953125
0.0187835693359375 0.0593109130859375 -0.61102294921875 0.443359375
-0.00831794738769531 0.0220394134521484 0.016845703125 0.66094970703125
-0.0550537109375 -0.0448951721191406 0.318511962890625 0.422607421875
-0.0607681274414062 -0.0824813842773438 0.320770263671875 0.036163330078125
-0.00724029541015625 -0.0700912475585938 0.141326904296875 -0.191360473632813
0.0143680572509766 0.0339221954345703 -0.16741943359375 0.132476806640625
0.0540809631347656 0.0662040710449219 -0.3135986328125 -0.111328125
0.0969085693359375 0.0238494873046875 -0.264862060546875 -0.46893310546875
0.0594139099121094 -0.0233879089355469 0.139892578125 -0.6588134765625
-0.0302810668945313 -0.0371627807617187 0.6710205078125 -0.27410888671875
-0.0815658569335938 -0.0590896606445313 0.68096923828125 0.414306640625
-0.0214805603027344 -0.0161170959472656 0.15374755859375 0.5924072265625
0.00454616546630859 0.00743246078491211 0.0689697265625 -0.0132484436035156
-0.0304679870605469 -0.0338668823242187 -0.13848876953125 -0.673828125
-0.06304931640625 -0.0618629455566406 -0.771484375 -0.37579345703125
-0.0367507934570313 -0.0410194396972656 -0.6168212890625 0.4561767578125
0.0468635559082031 -0.0201187133789062 0.02294921875 0.6265869140625
0.0905990600585938 0.0349578857421875 0.343719482421875 0.374267578125
0.0464897155761719 0.060302734375 0.337432861328125 0.016937255859375
0.0243721008300781 0.0266075134277344 0.144866943359375 -0.198104858398438
0.00554084777832031 0.0272312164306641 -0.171432495117188 0.124923706054687
0.0405654907226563 0.0683059692382813 -0.316253662109375 -0.1304931640625
0.0914230346679688 0.0334396362304688 -0.246185302734375 -0.474609375
0.06341552734375 -0.0162124633789062 0.189208984375 -0.62152099609375
-0.0239639282226562 -0.0360870361328125 0.708984375 -0.18975830078125
-0.0756149291992188 -0.0621871948242188 0.6693115234375 0.49005126953125
-0.0175838470458984 -0.02191162109375 0.13629150390625 0.6021728515625
0.00748443603515625 0.0016179084777832 0.0847320556640625 -0.0349807739257813
-0.0324230194091797 -0.0333461761474609 -0.16058349609375 -0.65887451171875
-0.0674667358398437 -0.0499267578125 -0.7611083984375 -0.299560546875
-0.0412101745605469 -0.0346870422363281 -0.548065185546875 0.5133056640625
0.0377159118652344 -0.0260353088378906 0.078369140625 0.638671875
0.0824203491210938 0.0173263549804688 0.357421875 0.36749267578125
0.0430908203125 0.0490226745605469 0.33380126953125 0.00738525390625
0.020904541015625 0.0198154449462891 0.141357421875 -0.198623657226563
0.00132369995117187 0.0137004852294922 -0.175872802734375 0.113693237304687
0.0267219543457031 0.0507125854492188 -0.32354736328125 -0.146820068359375
0.0744552612304688 0.0257720947265625 -0.234893798828125 -0.472137451171875
0.0582084655761719 -0.0109901428222656 0.2213134765625 -0.58673095703125
-0.0181903839111328 -0.0250797271728516 0.7301025390625 -0.12127685546875
-0.0665321350097656 -0.0529212951660156 0.66107177734375 0.54949951171875
-0.0091094970703125 -0.0254058837890625 0.12432861328125 0.6099853515625
0.0168218612670898 -0.0124111175537109 0.0992965698242188 -0.0529556274414063
-0.0281753540039062 -0.0319271087646484 -0.17327880859375 -0.646240234375
-0.0614013671875 -0.0330657958984375 -0.74822998046875 -0.24212646484375
-0.0364265441894531 -0.0212020874023438 -0.489715576171875 0.552276611328125
0.025482177734375 -0.0244979858398438 0.12786865234375 0.6456298828125
0.0639228820800781 0.0016021728515625 0.37371826171875 0.36346435546875
0.0290603637695312 0.0293655395507812 0.330413818359375 0.002288818359375
0.0128326416015625 0.00688362121582031 0.136871337890625 -0.198822021484375
0.00194025039672852 -0.00652599334716797 -0.176406860351563 0.108474731445312
0.0136556625366211 0.0171346664428711 -0.32684326171875 -0.1607666015625
0.0511436462402344 0.00531387329101563 -0.2386474609375 -0.48028564453125
0.0441703796386719 -0.00723648071289062 0.22967529296875 -0.5684814453125
-0.0186901092529297 -0.00827789306640625 0.7427978515625 -0.086669921875
-0.05950927734375 -0.0377540588378906 0.6583251953125 0.58441162109375
0.000135421752929685 -0.0285091400146484 0.123046875 0.61529541015625
0.0286102294921875 -0.0273418426513672 0.107757568359375 -0.0643768310546875
-0.0204238891601563 -0.0317916870117187 -0.1781005859375 -0.64404296875
-0.0477371215820313 -0.0152816772460938 -0.7369384765625 -0.21710205078125
-0.0249919891357422 -0.0047607421875 -0.4561767578125 0.57257080078125
0.0182266235351563 -0.0188007354736328 0.1571044921875 0.65252685546875
0.0378379821777344 -0.00943756103515625 0.38232421875 0.365386962890625
0.00913524627685547 0.00765132904052734 0.329376220703125 -0.001739501953125
0.00390911102294922 -0.00970268249511719 0.1353759765625 -0.19940185546875
0.00361442565917969 -0.0250148773193359 -0.175384521484375 0.106124877929688
0.000774383544921875 -0.0219478607177734 -0.333099365234375 -0.166107177734375
0.024658203125 -0.0229511260986328 -0.24786376953125 -0.47515869140625
0.0267486572265625 -0.00682258605957031 0.2257080078125 -0.56292724609375
-0.0171794891357422 0.0114479064941406 0.74365234375 -0.0860595703125
-0.0512313842773438 -0.0138931274414062 0.66351318359375 0.58648681640625
0.0132999420166016 -0.0315990447998047 0.12750244140625 0.61279296875
0.0444183349609375 -0.0436515808105469 0.109443664550781 -0.0680313110351563
-0.00803375244140625 -0.0330924987792969 -0.17572021484375 -0.646484375
-0.0283794403076172 0.000362396240234379 -0.7349853515625 -0.22235107421875
-0.00795745849609375 0.0111618041992188 -0.4517822265625 0.571044921875
0.0131902694702148 -0.00853347778320313 0.1605224609375 0.655029296875
0.00940799713134766 -0.0165462493896484 0.381988525390625 0.3726806640625
-0.0162115097045898 -0.0143394470214844 0.328338623046875 -0.000335693359375001
-0.0048980712890625 -0.02783203125 0.135498046875 -0.199188232421875
0.00800704956054688 -0.0444984436035156 -0.175643920898438 0.105728149414063
-0.0132255554199219 -0.0591659545898437 -0.340362548828125 -0.159271240234375
-0.00583648681640625 -0.0483436584472656 -0.26422119140625 -0.462158203125
0.0080423355102539 -0.00451993942260742 0.20599365234375 -0.57122802734375
-0.0164146423339844 0.0345363616943359 0.737548828125 -0.1270751953125
-0.0420341491699219 0.0114326477050781 0.6806640625 0.55029296875
0.0248279571533203 -0.0339927673339844 0.1417236328125 0.60748291015625
0.0601806640625 -0.0585403442382813 0.104660034179687 -0.0605621337890625
0.00345230102539062 -0.0354843139648438 -0.1641845703125 -0.6566162109375
-0.00957584381103516 0.015101432800293 -0.73382568359375 -0.25665283203125
0.00828361511230469 0.0282840728759766 -0.481658935546875 0.55078125
0.00757360458374023 0.00310087203979492 0.135986328125 0.6624755859375
-0.0171833038330078 -0.0227279663085938 0.3699951171875 0.386566162109375
-0.0390510559082031 -0.0363655090332031 0.325408935546875 0.0064697265625
-0.0111579895019531 -0.0453453063964844 0.134811401367188 -0.197967529296875
0.00995254516601562 -0.0581398010253906 -0.174392700195313 0.110183715820312
-0.0282440185546875 -0.0857772827148438 -0.347747802734375 -0.1402587890625
-0.0338973999023437 -0.0628013610839844 -0.283172607421875 -0.444580078125
-0.00580358505249023 0.00246477127075195 0.16839599609375 -0.592529296875
-0.0101165771484375 0.0541000366210938 0.71405029296875 -0.19927978515625
-0.0296707153320313 0.0331268310546875 0.70037841796875 0.48345947265625
0.0350017547607422 -0.0351333618164063 0.1632080078125 0.59503173828125
0.0748062133789063 -0.0719833374023438 0.0949478149414063 -0.0434646606445313
0.0170516967773438 -0.0389251708984375 -0.14141845703125 -0.66693115234375
0.00443840026855469 0.0259380340576172 -0.73516845703125 -0.3154296875
0.0177574157714844 0.0445098876953125 -0.53387451171875 0.512786865234375
0.00131320953369141 0.0137996673583984 0.0896606445312499 0.66485595703125
-0.0405311584472656 -0.0312118530273437 0.346771240234375 0.404144287109375
-0.0552177429199219 -0.0591316223144531 0.3226318359375 0.01739501953125
-0.0131759643554688 -0.0606918334960938 0.135971069335938 -0.196914672851563
0.0106086730957031 -0.0645179748535156 -0.169723510742187 0.118087768554688
-0.0442886352539062 -0.0965118408203125 -0.347686767578125 -0.115203857421875
-0.0552597045898438 -0.0621490478515625 -0.300048828125 -0.426116943359375
-0.012181282043457 0.0120296478271484 0.118896484375 -0.62347412109375
0.0027008056640625 0.0665550231933594 0.6715087890625 -0.28692626953125
-0.01611328125 0.0448646545410156 0.71173095703125 0.39642333984375
0.0411186218261719 -0.0347900390625 0.18353271484375 0.57867431640625
0.0835113525390625 -0.0771255493164063 0.079345703125 -0.0226821899414063
0.0280036926269531 -0.0403404235839844 -0.1126708984375 -0.6798095703125
0.0129299163818359 0.0340499877929688 -0.734375 -0.39959716796875
0.0196418762207031 0.0598526000976563 -0.60589599609375 0.4503173828125
-0.00689506530761719 0.0223369598388672 0.0233764648437499 0.66070556640625
-0.0551681518554688 -0.0437660217285156 0.32427978515625 0.4195556640625
-0.0625228881835937 -0.08203125 0.321380615234375 0.03076171875
-0.00904464721679688 -0.0702667236328125 0.1383056640625 -0.193206787109375
0.0152149200439453 0.0327358245849609 -0.167556762695313 0.134963989257812
0.0542411804199219 0.0656089782714844 -0.316070556640625 -0.10565185546875
0.0977706909179688 0.0209426879882813 -0.270111083984375 -0.46502685546875
0.0572471618652344 -0.0238876342773438 0.12646484375 -0.658935546875
-0.032257080078125 -0.0362358093261719 0.6654052734375 -0.2803955078125
-0.081329345703125 -0.0569381713867188 0.684814453125 0.40631103515625
-0.0216064453125 -0.0170936584472656 0.16015625 0.5897216796875
0.00448226928710938 0.00933456420898438 0.0698318481445313 -0.0141563415527344
-0.0308723449707031 -0.03399658203125 -0.14678955078125 -0.67022705078125
-0.0630950927734375 -0.0607681274414062 -0.77227783203125 -0.36553955078125
-0.0383110046386719 -0.0404243469238281 -0.6103515625 0.463134765625
0.0477409362792969 -0.0215568542480469 0.032470703125 0.624267578125
0.0905227661132812 0.0336837768554688 0.348663330078125 0.366424560546875
0.0468368530273437 0.059356689453125 0.337066650390625 0.010284423828125
0.0246524810791016 0.0262012481689453 0.142608642578125 -0.201263427734375
0.0063629150390625 0.0283699035644531 -0.171371459960938 0.128326416015625
0.043212890625 0.0678558349609375 -0.318084716796875 -0.124603271484375
0.090484619140625 0.0295257568359375 -0.25164794921875 -0.470428466796875
0.0621223449707031 -0.016448974609375 0.17987060546875 -0.6231689453125
-0.0243415832519531 -0.0342178344726562 0.7041015625 -0.1998291015625
-0.0759658813476563 -0.062286376953125 0.67291259765625 0.47906494140625
-0.0184135437011719 -0.0189037322998047 0.14361572265625 0.59942626953125
0.00922775268554688 0.00117588043212891 0.0856704711914063 -0.0351715087890625
-0.0321331024169922 -0.0313911437988281 -0.1669921875 -0.655517578125
-0.0684623718261719 -0.0477676391601563 -0.76251220703125 -0.291259765625
-0.0422782897949219 -0.0328788757324219 -0.53973388671875 0.51904296875
0.0374031066894531 -0.026702880859375 0.08758544921875 0.63568115234375
0.081512451171875 0.0172348022460938 0.3631591796875 0.361724853515625
0.0445327758789063 0.0478668212890625 0.33294677734375 0.000732421875000003
0.0216331481933594 0.0211696624755859 0.13714599609375 -0.20111083984375
0.00140762329101563 0.013310432434082 -0.172821044921875 0.11676025390625
0.0281181335449219 0.0501899719238281 -0.323577880859375 -0.14105224609375
0.075439453125 0.026702880859375 -0.2437744140625 -0.46917724609375
0.0585212707519531 -0.012969970703125 0.20989990234375 -0.58880615234375
-0.0194282531738281 -0.0255374908447266 0.7264404296875 -0.13116455078125
-0.0669288635253906 -0.0519638061523437 0.66656494140625 0.53961181640625
-0.0102558135986328 -0.0245742797851563 0.132568359375 0.60638427734375
0.0160255432128906 -0.011021614074707 0.0982513427734375 -0.0540008544921875
-0.0280475616455078 -0.0315227508544922 -0.179443359375 -0.64532470703125
-0.0620918273925781 -0.0320968627929688 -0.74737548828125 -0.23480224609375
-0.0369644165039063 -0.02001953125 -0.482147216796875 0.55633544921875
0.0254650115966797 -0.0269126892089844 0.139404296875 0.64178466796875
0.0634613037109375 0.000732421875 0.377777099609375 0.357513427734375
0.0296134948730469 0.0295696258544922 0.329376220703125 -0.004486083984375
0.0125217437744141 0.007354736328125 0.1356201171875 -0.201568603515625
0.00130558013916016 -0.00891685485839844 -0.17657470703125 0.111663818359375
0.0153093338012695 0.0173273086547852 -0.328338623046875 -0.153350830078125
0.0514144897460938 0.00695037841796875 -0.24652099609375 -0.474365234375
0.0451278686523438 -0.0084228515625 0.22283935546875 -0.5711669921875
-0.0179977416992187 -0.00745010375976563 0.73822021484375 -0.0941162109375
-0.0592002868652344 -0.0368804931640625 0.66607666015625 0.57574462890625
-0.000438690185546878 -0.0287914276123047 0.130859375 0.61163330078125
0.0281829833984375 -0.0278759002685547 0.106239318847656 -0.0652847290039063
-0.0210056304931641 -0.0303516387939453 -0.186279296875 -0.64178466796875
-0.0469284057617188 -0.0142745971679687 -0.7396240234375 -0.20953369140625
-0.0251483917236328 -0.00399017333984375 -0.44427490234375 0.57794189453125
0.0183773040771484 -0.0190296173095703 0.16607666015625 0.6473388671875
0.0375328063964844 -0.00967788696289063 0.387969970703125 0.360443115234375
0.00969219207763672 0.008209228515625 0.3282470703125 -0.005462646484375
0.00412368774414063 -0.0109157562255859 0.13043212890625 -0.202423095703125
0.00410652160644531 -0.0248126983642578 -0.17572021484375 0.109832763671875
0.000795364379882813 -0.0228652954101563 -0.33526611328125 -0.160888671875
0.0255031585693359 -0.0227508544921875 -0.255889892578125 -0.47039794921875
0.0269832611083984 -0.00721931457519531 0.2159423828125 -0.564697265625
-0.0174198150634766 0.0122194290161133 0.74139404296875 -0.09454345703125
-0.050079345703125 -0.0129585266113281 0.669921875 0.5758056640625
0.0132465362548828 -0.0311622619628906 0.13409423828125 0.608642578125
0.04364013671875 -0.044036865234375 0.108688354492188 -0.0697174072265625
-0.008148193359375 -0.0323200225830078 -0.18402099609375 -0.644287109375
-0.0288791656494141 0.00154685974121094 -0.73480224609375 -0.21356201171875
-0.0088491439819336 0.0118846893310547 -0.44427490234375 0.5745849609375
0.0128040313720703 -0.00853157043457031 0.170166015625 0.651123046875
0.0101652145385742 -0.0159082412719727 0.387481689453125 0.36688232421875
-0.0164461135864258 -0.0141458511352539 0.326385498046875 -0.006134033203125
-0.00506782531738281 -0.0286922454833984 0.131790161132813 -0.201263427734375
0.00627899169921875 -0.0459098815917969 -0.173736572265625 0.10882568359375
-0.0140914916992188 -0.0589370727539063 -0.343353271484375 -0.1522216796875
-0.00632476806640625 -0.0489120483398438 -0.272064208984375 -0.45587158203125
0.00745677947998047 -0.00404739379882813 0.19586181640625 -0.57452392578125
-0.0152931213378906 0.035919189453125 0.73114013671875 -0.13336181640625
-0.0410194396972656 0.0122833251953125 0.68585205078125 0.5426025390625
0.024871826171875 -0.0348224639892578 0.15045166015625 0.60345458984375
0.0603866577148438 -0.0589866638183594 0.104385375976562 -0.0619888305664063
0.00409698486328125 -0.0356597900390625 -0.16998291015625 -0.6534423828125
-0.00898170471191406 0.0146265029907227 -0.73681640625 -0.24700927734375
0.0084381103515625 0.0270557403564453 -0.4737548828125 0.5556640625
0.00886726379394531 0.00340557098388672 0.1463623046875 0.6591796875
-0.0174427032470703 -0.0222816467285156 0.37518310546875 0.3800048828125
-0.0390853881835938 -0.0354690551757812 0.32525634765625 0.00152587890625
-0.0122795104980469 -0.0449600219726562 0.1312255859375 -0.200164794921875
0.00826644897460938 -0.0599136352539062 -0.172149658203125 0.11322021484375
-0.0286483764648437 -0.0853347778320312 -0.3486328125 -0.1341552734375
-0.034759521484375 -0.0624198913574219 -0.29034423828125 -0.439453125
-0.00582981109619141 0.00349855422973633 0.15966796875 -0.59423828125
-0.00796890258789062 0.05450439453125 0.7099609375 -0.20831298828125
-0.0286064147949219 0.0318145751953125 0.70281982421875 0.4720458984375
0.0349922180175781 -0.0363883972167969 0.1688232421875 0.590576171875
0.073822021484375 -0.0719757080078125 0.0938491821289063 -0.0445175170898438
0.0174827575683594 -0.0397224426269531 -0.150390625 -0.66485595703125
0.00699806213378907 0.0263690948486328 -0.74017333984375 -0.3084716796875
0.0184211730957031 0.0449142456054688 -0.5260009765625 0.519287109375
0.00195789337158203 0.0154342651367188 0.09906005859375 0.66436767578125
-0.0408287048339844 -0.0311241149902344 0.355316162109375 0.398101806640625
-0.0565872192382812 -0.0577735900878906 0.3223876953125 0.011383056640625
-0.0135498046875 -0.0603485107421875 0.132080078125 -0.198135375976563
0.00975036621093749 -0.0655021667480469 -0.168380737304688 0.121963500976562
-0.04583740234375 -0.096221923828125 -0.3507080078125 -0.109466552734375
-0.0556297302246094 -0.0592041015625 -0.307586669921875 -0.42254638671875
-0.0106267929077148 0.0131301879882813 0.10870361328125 -0.62286376953125
0.00319671630859375 0.0656280517578125 0.6666259765625 -0.29296875
-0.0136451721191406 0.0448112487792969 0.71551513671875 0.38873291015625
0.0408744812011719 -0.0359840393066406 0.19207763671875 0.577392578125
0.08221435546875 -0.0768890380859375 0.080352783203125 -0.0219955444335938
0.0291404724121094 -0.03948974609375 -0.1185302734375 -0.67791748046875
0.0153541564941406 0.0339851379394531 -0.7388916015625 -0.388916015625
0.0201339721679688 0.0589675903320312 -0.5975341796875 0.45709228515625
-0.00760841369628906 0.0243396759033203 0.0340576171875 0.659423828125
-0.0553703308105469 -0.0426788330078125 0.328338623046875 0.4134521484375
-0.0637664794921875 -0.0800018310546875 0.320343017578125 0.02471923828125
-0.0099334716796875 -0.0703811645507813 0.136322021484375 -0.196807861328125
0.0157279968261719 0.0335273742675781 -0.164047241210938 0.137771606445313
0.0570602416992188 0.0646743774414063 -0.31573486328125 -0.0991210937500001
0.097015380859375 0.0199356079101562 -0.278533935546875 -0.45849609375
0.0562744140625 -0.0245513916015625 0.116943359375 -0.65924072265625
-0.0324554443359375 -0.0359306335449219 0.65966796875 -0.28924560546875
-0.0836563110351563 -0.055694580078125 0.68536376953125 0.39410400390625
-0.0217151641845703 -0.0147724151611328 0.1663818359375 0.58685302734375
0.00447654724121094 0.00969696044921875 0.0698280334472656 -0.0147018432617188
-0.0319442749023438 -0.0321712493896484 -0.1517333984375 -0.6678466796875
-0.0641937255859375 -0.0599441528320313 -0.777099609375 -0.35565185546875
-0.0396690368652344 -0.0413322448730469 -0.6019287109375 0.46990966796875
0.0472640991210937 -0.022918701171875 0.0410766601562501 0.62298583984375
0.0922164916992188 0.0319137573242188 0.351409912109375 0.361053466796875
0.0486869812011719 0.0608673095703125 0.33575439453125 0.00616455078125
0.0225505828857422 0.0255088806152344 0.138534545898438 -0.201644897460938
0.00606155395507813 0.0269298553466797 -0.16864013671875 0.130325317382813
0.0427207946777344 0.0656089782714844 -0.31982421875 -0.11785888671875
0.0922470092773438 0.0294189453125 -0.26031494140625 -0.46368408203125
0.0616264343261719 -0.0185089111328125 0.16790771484375 -0.623046875
-0.0242042541503906 -0.0353240966796875 0.70074462890625 -0.2060546875
-0.0773468017578125 -0.060028076171875 0.67816162109375 0.4705810546875
-0.0184421539306641 -0.0207424163818359 0.14935302734375 0.59564208984375
0.00763034820556641 0.00126218795776367 0.08428955078125 -0.0345230102539063
-0.0329265594482422 -0.0307445526123047 -0.1727294921875 -0.65167236328125
-0.0678367614746094 -0.0455398559570313 -0.7646484375 -0.2808837890625
-0.0425262451171875 -0.0325813293457031 -0.53350830078125 0.523223876953125
0.0374717712402344 -0.0289382934570313 0.09735107421875 0.63153076171875
0.0816574096679687 0.0154571533203125 0.366943359375 0.35430908203125
0.0457000732421875 0.047576904296875 0.330780029296875 -0.00421142578125
0.0197410583496094 0.0187892913818359 0.13330078125 -0.20233154296875
0.00114822387695313 0.0118560791015625 -0.171829223632813 0.120040893554688
0.0293960571289063 0.0520172119140625 -0.3253173828125 -0.135162353515625
0.0750579833984375 0.024169921875 -0.249267578125 -0.463531494140625
0.0557212829589844 -0.0128021240234375 0.2017822265625 -0.591552734375
-0.0203838348388672 -0.0250835418701172 0.72174072265625 -0.14208984375
-0.0669784545898438 -0.052398681640625 0.66986083984375 0.5301513671875
-0.00885963439941406 -0.02392578125 0.138427734375 0.603759765625
0.015437126159668 -0.0124320983886719 0.09765625 -0.0537185668945313
-0.0297317504882813 -0.0308914184570313 -0.18719482421875 -0.640380859375
-0.0617294311523437 -0.0292167663574219 -0.7484130859375 -0.2249755859375
-0.0392189025878906 -0.0187644958496094 -0.472747802734375 0.560577392578125
0.0256729125976562 -0.0259418487548828 0.14605712890625 0.63995361328125
0.0638504028320313 -4.57763671875E-05 0.383087158203125 0.35101318359375
0.0315227508544922 0.0274524688720703 0.3292236328125 -0.01031494140625
0.0127525329589844 0.00778293609619141 0.1298828125 -0.203933715820313
0.0012969970703125 -0.00708246231079101 -0.17333984375 0.114028930664062
0.0142803192138672 0.0179443359375 -0.33026123046875 -0.148834228515625
0.0521469116210938 0.00529861450195313 -0.253692626953125 -0.468963623046875
0.0438766479492188 -0.00833511352539063 0.2120361328125 -0.572021484375
-0.0174522399902344 -0.00776004791259765 0.7364501953125 -0.105224609375
-0.0592308044433594 -0.0353813171386719 0.66864013671875 0.566650390625
-0.000135421752929685 -0.0285625457763672 0.1351318359375 0.6077880859375
0.0273475646972656 -0.0273075103759766 0.10479736328125 -0.0668487548828125
-0.0196151733398438 -0.0317554473876953 -0.19378662109375 -0.636962890625
-0.0476531982421875 -0.0133323669433594 -0.7393798828125 -0.19873046875
-0.0250358581542969 -0.00476646423339844 -0.43701171875 0.58172607421875
0.0176601409912109 -0.019287109375 0.177001953125 0.64501953125
0.0363197326660156 -0.0106086730957031 0.39190673828125 0.352203369140625
0.0105400085449219 0.00649929046630859 0.325836181640625 -0.011993408203125
0.00280570983886719 -0.0114049911499023 0.129547119140625 -0.204025268554688
0.00343513488769531 -0.0267200469970703 -0.173843383789062 0.111602783203125
0.00111770629882813 -0.0220718383789062 -0.33612060546875 -0.154388427734375
0.0233669281005859 -0.023193359375 -0.263763427734375 -0.464080810546875
0.0259284973144531 -0.0072479248046875 0.208251953125 -0.56634521484375
-0.0175971984863281 0.0145530700683594 0.738037109375 -0.1036376953125
-0.0499687194824219 -0.0130043029785156 0.67510986328125 0.56597900390625
0.0125389099121094 -0.0331192016601563 0.14263916015625 0.606201171875
0.04266357421875 -0.0429306030273438 0.108230590820312 -0.06976318359375
-0.00868606567382813 -0.0326976776123047 -0.19024658203125 -0.638916015625
-0.0279140472412109 0.0016326904296875 -0.73394775390625 -0.202392578125
-0.00792407989501953 0.010894775390625 -0.43603515625 0.57952880859375
0.0124664306640625 -0.0101261138916016 0.179443359375 0.64825439453125
0.00972270965576172 -0.0171604156494141 0.3897705078125 0.359619140625
-0.0158147811889648 -0.0133028030395508 0.3262939453125 -0.011627197265625
-0.00640869140625 -0.0282764434814453 0.128448486328125 -0.20355224609375
0.00535964965820312 -0.0457344055175781 -0.172576904296875 0.11163330078125
-0.0145187377929687 -0.0588760375976562 -0.3441162109375 -0.14715576171875
-0.00652694702148437 -0.0485763549804688 -0.278472900390625 -0.451171875
0.00693321228027344 -0.00391292572021484 0.18707275390625 -0.57379150390625
-0.014678955078125 0.03619384765625 0.728515625 -0.1434326171875
-0.0395278930664063 0.0128936767578125 0.69073486328125 0.5313720703125
0.0252342224121094 -0.0344867706298828 0.15570068359375 0.59906005859375
0.0579681396484375 -0.0601654052734375 0.102523803710938 -0.061431884765625
0.00458145141601562 -0.0357093811035156 -0.1773681640625 -0.64996337890625
-0.00811958312988281 0.0144901275634766 -0.7374267578125 -0.238037109375
0.00885772705078125 0.0278091430664063 -0.463134765625 0.55889892578125
0.00757074356079102 0.00272417068481445 0.154541015625 0.65521240234375
-0.0177707672119141 -0.0227756500244141 0.3802490234375 0.374267578125
-0.0398330688476563 -0.0351448059082031 0.322784423828125 -0.0040283203125
-0.0139846801757813 -0.0449943542480469 0.12872314453125 -0.201904296875
0.00760269165039063 -0.0601692199707031 -0.170440673828125 0.117340087890625
-0.0315475463867188 -0.0832366943359375 -0.349853515625 -0.12689208984375
-0.0364799499511719 -0.0619468688964844 -0.294830322265625 -0.433380126953125
-0.00623035430908203 0.00277137756347656 0.14849853515625 -0.5941162109375
-0.00814437866210937 0.0562400817871094 0.7039794921875 -0.21466064453125
-0.0273780822753906 0.0335655212402344 0.7073974609375 0.46270751953125
0.0351409912109375 -0.0372390747070313 0.174072265625 0.587158203125
0.0723114013671875 -0.0736160278320312 0.0928115844726563 -0.04559326171875
0.0182037353515625 -0.0396003723144531 -0.1568603515625 -0.66015625
0.00775146484375 0.0249042510986328 -0.740966796875 -0.29656982421875
0.0192680358886719 0.045318603515625 -0.51739501953125 0.5228271484375
0.00265216827392578 0.0137777328491211 0.1080322265625 0.660400390625
-0.0421409606933594 -0.0302276611328125 0.359832763671875 0.392242431640625
-0.0580329895019531 -0.0566787719726563 0.320892333984375 0.0054931640625
-0.01605224609375 -0.0610466003417969 0.130233764648438 -0.199493408203125
0.00817871093749999 -0.0663528442382813 -0.167083740234375 0.1253662109375
-0.0475234985351562 -0.094482421875 -0.35089111328125 -0.1048583984375
-0.0568771362304687 -0.0593032836914063 -0.3150634765625 -0.415679931640625
-0.0107765197753906 0.0139045715332031 0.0991210937500001 -0.62164306640625
0.00416946411132812 0.0668830871582031 0.66009521484375 -0.3013916015625
-0.0121841430664062 0.0445938110351563 0.71746826171875 0.37640380859375
0.03961181640625 -0.0387229919433594 0.19671630859375 0.57196044921875
0.081756591796875 -0.0784683227539063 0.0791168212890625 -0.0213165283203125
0.0290718078613281 -0.0400466918945313 -0.12738037109375 -0.6739501953125
0.0151519775390625 0.0341224670410156 -0.740966796875 -0.3798828125
0.0223350524902344 0.0589332580566406 -0.59033203125 0.46246337890625
-0.00734710693359375 0.0240001678466797 0.0439453125 0.6572265625
-0.0566177368164063 -0.0415802001953125 0.33392333984375 0.40631103515625
-0.0645751953125 -0.0800094604492188 0.318328857421875 0.0211181640625
-0.0122146606445313 -0.0703048706054688 0.132766723632813 -0.196563720703125
0.0158405303955078 0.0343379974365234 -0.161697387695313 0.139755249023438
0.0587425231933594 0.0644950866699219 -0.316436767578125 -0.093902587890625
0.0980300903320313 0.018524169921875 -0.283660888671875 -0.45159912109375
0.0547065734863281 -0.0267257690429687 0.10772705078125 -0.65753173828125
-0.0336341857910156 -0.03515625 0.65283203125 -0.2940673828125
-0.0843124389648438 -0.0538253784179687 0.6875 0.3875732421875
-0.0226917266845703 -0.0149383544921875 0.16973876953125 0.58197021484375
0.00468921661376953 0.00818729400634766 0.0685462951660156 -0.0137367248535156
-0.0306606292724609 -0.0296688079833984 -0.15997314453125 -0.66363525390625
-0.0651817321777344 -0.0578727722167969 -0.7786865234375 -0.345458984375
-0.0403099060058594 -0.0400657653808594 -0.592529296875 0.47662353515625
0.0469245910644531 -0.0231590270996094 0.0493164062499999 0.62030029296875
0.0920791625976562 0.02984619140625 0.354827880859375 0.353729248046875
0.048553466796875 0.0590782165527344 0.3343505859375 0.00103759765625
0.0235137939453125 0.0258693695068359 0.135772705078125 -0.202133178710938
0.00643730163574219 0.0266036987304688 -0.164443969726562 0.13275146484375
0.045074462890625 0.06695556640625 -0.320159912109375 -0.11175537109375
0.0916748046875 0.027923583984375 -0.266510009765625 -0.458221435546875
0.05975341796875 -0.0207977294921875 0.160400390625 -0.62225341796875
-0.0265083312988281 -0.0338764190673828 0.6949462890625 -0.21240234375
-0.0775604248046875 -0.0597381591796875 0.68048095703125 0.46173095703125
-0.0198841094970703 -0.0212688446044922 0.1544189453125 0.591552734375
0.00715780258178711 0.000690937042236328 0.0839767456054688 -0.0360946655273438
-0.0335407257080078 -0.0303993225097656 -0.17938232421875 -0.6470947265625
-0.0686149597167969 -0.0446357727050781 -0.7626953125 -0.2708740234375
-0.0433540344238281 -0.032562255859375 -0.5247802734375 0.529815673828125
0.0352554321289063 -0.0289573669433594 0.10552978515625 0.63116455078125
0.08294677734375 0.0126190185546875 0.37054443359375 0.3487548828125
0.0450363159179688 0.0470924377441406 0.328155517578125 -0.008880615234375
0.0198307037353516 0.0192394256591797 0.132003784179688 -0.203750610351563
0.00184345245361328 0.0122098922729492 -0.169601440429687 0.121795654296875
0.0294952392578125 0.0510177612304688 -0.327667236328125 -0.129730224609375
0.0763320922851563 0.024139404296875 -0.253875732421875 -0.456451416015625
0.0560226440429687 -0.0129661560058594 0.19287109375 -0.5897216796875
-0.0211544036865234 -0.0255374908447266 0.717041015625 -0.1483154296875
-0.0668487548828125 -0.0514602661132813 0.6741943359375 0.521484375
-0.0105457305908203 -0.0243988037109375 0.1434326171875 0.59820556640625
0.0145673751831055 -0.0119314193725586 0.0965652465820312 -0.054443359375
-0.0294761657714844 -0.0288753509521484 -0.1932373046875 -0.63653564453125
-0.0615997314453125 -0.0289382934570313 -0.74871826171875 -0.21728515625
-0.0391883850097656 -0.0190773010253906 -0.46331787109375 0.56475830078125
0.0237312316894531 -0.0255413055419922 0.15447998046875 0.635498046875
0.064208984375 -0.00164794921875 0.384185791015625 0.34478759765625
0.0324192047119141 0.0263080596923828 0.326263427734375 -0.014862060546875
0.0106210708618164 0.00736331939697266 0.128814697265625 -0.20672607421875
0.00172615051269531 -0.00694847106933594 -0.172195434570312 0.117141723632813
0.0155124664306641 0.0183544158935547 -0.33056640625 -0.142852783203125
0.051116943359375 0.00403213500976563 -0.260162353515625 -0.464111328125
0.0421829223632812 -0.008209228515625 0.20330810546875 -0.57098388671875
-0.0186576843261719 -0.00639915466308593 0.7310791015625 -0.11053466796875
-0.058563232421875 -0.0351638793945312 0.67132568359375 0.55615234375
-0.000682830810546874 -0.0293903350830078 0.1417236328125 0.60101318359375
0.0263500213623047 -0.027435302734375 0.103157043457031 -0.06634521484375
-0.0225563049316406 -0.0317115783691406 -0.19805908203125 -0.63348388671875
-0.047271728515625 -0.0119514465332031 -0.740234375 -0.19073486328125
-0.0252132415771484 -0.00323677062988282 -0.42950439453125 0.5828857421875
0.0159206390380859 -0.019195556640625 0.18310546875 0.63934326171875
0.0373153686523437 -0.0115394592285156 0.39471435546875 0.34625244140625
0.010197639465332 0.00710582733154297 0.324615478515625 -0.018951416015625
0.00113010406494141 -0.0101757049560547 0.126083374023438 -0.204971313476563
0.00212287902832031 -0.0251064300537109 -0.171279907226563 0.1143798828125
0.00123977661132813 -0.0215930938720703 -0.33795166015625 -0.148895263671875
0.0225753784179687 -0.0233879089355469 -0.26898193359375 -0.45867919921875
0.0258426666259766 -0.00792884826660156 0.19940185546875 -0.5650634765625
-0.0184154510498047 0.0141849517822266 0.73406982421875 -0.11065673828125
-0.0500564575195313 -0.0113487243652344 0.67913818359375 0.55706787109375
0.0125999450683594 -0.0323047637939453 0.14593505859375 0.601318359375
0.0422096252441406 -0.0441970825195313 0.106224060058594 -0.070068359375
-0.00974273681640625 -0.0318107604980469 -0.19769287109375 -0.6375732421875
-0.0276222229003906 0.00248146057128906 -0.73504638671875 -0.1954345703125
-0.00808238983154297 0.0116109848022461 -0.4251708984375 0.5810546875
0.012298583984375 -0.00938892364501953 0.18634033203125 0.64208984375
0.00985813140869141 -0.0162267684936523 0.39288330078125 0.3538818359375
-0.0162944793701172 -0.0131464004516602 0.323028564453125 -0.016815185546875
-0.00655937194824219 -0.0282306671142578 0.125747680664062 -0.204620361328125
0.00499725341796875 -0.0464286804199219 -0.170364379882813 0.113906860351563
-0.0149002075195312 -0.058502197265625 -0.345733642578125 -0.141357421875
-0.00726318359375 -0.0481681823730469 -0.28289794921875 -0.445098876953125
0.00698184967041016 -0.00411891937255859 0.17803955078125 -0.5738525390625
-0.0144462585449219 0.0365333557128906 0.7252197265625 -0.1507568359375
-0.0389137268066406 0.01171875 0.6925048828125 0.522705078125
0.0238418579101562 -0.0359992980957031 0.16119384765625 0.59429931640625
0.0576591491699219 -0.0604476928710937 0.101585388183594 -0.0626983642578125
0.00422096252441406 -0.0349369049072266 -0.1856689453125 -0.64666748046875
-0.00848293304443359 0.0156145095825195 -0.73590087890625 -0.22894287109375
0.0081024169921875 0.0273189544677734 -0.45513916015625 0.56268310546875
0.00842189788818359 0.00235271453857422 0.162353515625 0.6514892578125
-0.0176620483398438 -0.0211715698242188 0.382598876953125 0.36773681640625
-0.0400123596191406 -0.0342140197753906 0.32110595703125 -0.009521484375
-0.0149116516113281 -0.0458030700683594 0.126144409179688 -0.202484130859375
0.00667953491210937 -0.0597496032714844 -0.169586181640625 0.11859130859375
-0.0327606201171875 -0.0839004516601563 -0.349609375 -0.121826171875
-0.0367088317871094 -0.0606880187988281 -0.301055908203125 -0.4256591796875
-0.0078577995300293 0.00345611572265625 0.1416015625 -0.59259033203125
-0.00656509399414062 0.055419921875 0.69964599609375 -0.22174072265625
-0.0260295867919922 0.0332221984863281 0.70819091796875 0.45391845703125
0.0345420837402344 -0.0380516052246094 0.1796875 0.58453369140625
0.0715789794921875 -0.0726699829101563 0.0927276611328125 -0.0462722778320313
0.0170516967773437 -0.039154052734375 -0.16204833984375 -0.65606689453125
0.00798606872558594 0.0262737274169922 -0.74017333984375 -0.28741455078125
0.0200576782226563 0.0446395874023438 -0.51019287109375 0.526611328125
0.00248908996582031 0.0133323669433594 0.11663818359375 0.65423583984375
-0.0403327941894531 -0.0299453735351562 0.363922119140625 0.38433837890625
-0.057586669921875 -0.0575065612792969 0.319580078125 0.00244140625
-0.0176925659179688 -0.0610733032226563 0.128067016601563 -0.201736450195313
0.00716781616210937 -0.0655555725097656 -0.1654052734375 0.126174926757813
-0.0468215942382812 -0.0940017700195313 -0.35089111328125 -0.09698486328125
-0.0592842102050781 -0.0584182739257813 -0.318206787109375 -0.40887451171875
-0.0101785659790039 0.0147600173950195 0.090576171875 -0.621337890625
0.00537490844726562 0.0670051574707031 0.6539306640625 -0.306396484375
-0.011749267578125 0.0443611145019531 0.71905517578125 0.36590576171875
0.0410614013671875 -0.0388374328613281 0.201171875 0.56903076171875
0.080230712890625 -0.0789642333984375 0.0790863037109375 -0.0222625732421875
0.0292701721191406 -0.0409584045410156 -0.13336181640625 -0.66925048828125
0.0170707702636719 0.0337009429931641 -0.7423095703125 -0.3714599609375
0.0237617492675781 0.06011962890625 -0.5816650390625 0.4671630859375
-0.00691032409667969 0.0224208831787109 0.0528564453125 0.65228271484375
-0.0566635131835938 -0.0418815612792969 0.337493896484375 0.400726318359375
-0.0653610229492187 -0.0789718627929688 0.31787109375 0.016021728515625
-0.012451171875 -0.0700225830078125 0.130538940429688 -0.197509765625
0.0158367156982422 0.0337619781494141 -0.15838623046875 0.141860961914063
0.0603103637695313 0.0650520324707031 -0.31683349609375 -0.0896606445312501
0.0969085693359375 0.0172576904296875 -0.2880859375 -0.44427490234375
0.05438232421875 -0.0274085998535156 0.0999755859375001 -0.65484619140625
-0.0347633361816406 -0.0351524353027344 0.64532470703125 -0.29998779296875
-0.083770751953125 -0.0548248291015625 0.685546875 0.37841796875
-0.0223045349121094 -0.0160083770751953 0.17669677734375 0.57611083984375
0.00329494476318359 0.00847768783569336 0.0687408447265625 -0.01397705078125
-0.0306835174560547 -0.0308971405029297 -0.166259765625 -0.65826416015625
-0.0653839111328125 -0.0563850402832031 -0.7744140625 -0.33575439453125
-0.0403099060058594 -0.0387840270996094 -0.58599853515625 0.4774169921875
0.0445289611816406 -0.0242958068847656 0.0546875000000001 0.61676025390625
0.092193603515625 0.0281753540039063 0.357879638671875 0.347808837890625
0.0503349304199219 0.0578994750976563 0.331024169921875 -0.00408935546875
0.0235385894775391 0.0247821807861328 0.132736206054688 -0.2042236328125
0.00688552856445313 0.0264110565185547 -0.163314819335938 0.13458251953125
0.046356201171875 0.0665054321289063 -0.320709228515625 -0.1063232421875
0.0920257568359375 0.0274810791015625 -0.272003173828125 -0.451324462890625
0.0594329833984375 -0.0219764709472656 0.15179443359375 -0.6212158203125
-0.0270633697509766 -0.0336227416992188 0.68829345703125 -0.21832275390625
-0.07763671875 -0.057708740234375 0.67864990234375 0.45318603515625
-0.0202465057373047 -0.0195579528808594 0.15948486328125 0.5872802734375
0.00659275054931641 -0.000387668609619141 0.0828628540039063 -0.0364532470703125
-0.0323982238769531 -0.0294322967529297 -0.18597412109375 -0.64154052734375
-0.0695037841796875 -0.0440139770507812 -0.76220703125 -0.261474609375
-0.0435752868652344 -0.0300559997558594 -0.515167236328125 0.5318603515625
0.0347404479980469 -0.0285606384277344 0.111083984375 0.6251220703125
0.0827560424804688 0.011688232421875 0.371551513671875 0.3424072265625
0.0467071533203125 0.0442848205566406 0.32550048828125 -0.0133056640625
0.0196914672851563 0.0171680450439453 0.125518798828125 -0.20526123046875
0.00154304504394531 0.013035774230957 -0.167617797851563 0.124359130859375
0.0312919616699219 0.051361083984375 -0.327117919921875 -0.124786376953125
0.0753402709960938 0.022705078125 -0.26019287109375 -0.45111083984375
0.0563621520996094 -0.0136184692382813 0.1834716796875 -0.5882568359375
-0.0202083587646484 -0.0236892700195312 0.71270751953125 -0.1541748046875
-0.067108154296875 -0.0499420166015625 0.67559814453125 0.50982666015625
-0.011322021484375 -0.0241870880126953 0.14825439453125 0.59271240234375
0.0147571563720703 -0.0110206604003906 0.0956039428710938 -0.0555572509765625
-0.0295028686523438 -0.0296096801757813 -0.1973876953125 -0.6290283203125
-0.0620956420898438 -0.0271797180175781 -0.74652099609375 -0.20989990234375
-0.0381584167480469 -0.0178070068359375 -0.45440673828125 0.5638427734375
0.023284912109375 -0.0271396636962891 0.1595458984375 0.62957763671875
0.0643196105957031 -0.001800537109375 0.38720703125 0.337677001953125
0.032745361328125 0.0275039672851563 0.32464599609375 -0.0194091796875
0.0101137161254883 0.00562191009521484 0.1236572265625 -0.205337524414063
0.000723838806152344 -0.00731563568115234 -0.17022705078125 0.1187744140625
0.0161895751953125 0.0178241729736328 -0.33184814453125 -0.139068603515625
0.05291748046875 0.00280380249023438 -0.26312255859375 -0.457183837890625
0.0425910949707031 -0.00830078125 0.19476318359375 -0.57177734375
-0.0179500579833984 -0.00547599792480469 0.72564697265625 -0.11712646484375
-0.0591354370117187 -0.0350723266601563 0.6744384765625 0.54595947265625
-0.00118637084960938 -0.0279655456542969 0.1466064453125 0.5977783203125
0.0269432067871094 -0.0265998840332031 0.103668212890625 -0.0676651000976563
-0.0209865570068359 -0.0294876098632812 -0.20367431640625 -0.628662109375
-0.0463447570800781 -0.01123046875 -0.73675537109375 -0.18255615234375
-0.0255451202392578 -0.00421142578125 -0.42010498046875 0.583984375
0.0148582458496094 -0.0187225341796875 0.1900634765625 0.63189697265625
0.0376243591308594 -0.0128402709960938 0.394805908203125 0.339508056640625
0.0103940963745117 0.00701045989990234 0.322235107421875 -0.0208740234375
0.000665664672851563 -0.0102634429931641 0.1231689453125 -0.206451416015625
0.00247573852539062 -0.0262928009033203 -0.170684814453125 0.116424560546875
0.00157546997070313 -0.0216941833496094 -0.3392333984375 -0.142364501953125
0.0237445831298828 -0.0235271453857422 -0.274871826171875 -0.454315185546875
0.0246772766113281 -0.00797653198242188 0.192138671875 -0.5638427734375
-0.0171613693237305 0.0154829025268555 0.72894287109375 -0.1177978515625
-0.0504226684570313 -0.0113296508789062 0.678955078125 0.5474853515625
0.0118541717529297 -0.0324764251708984 0.15081787109375 0.59552001953125
0.0418434143066406 -0.0439605712890625 0.104568481445312 -0.0703506469726563
-0.00987815856933593 -0.0316925048828125 -0.20098876953125 -0.63140869140625
-0.0271854400634766 0.00314521789550781 -0.73333740234375 -0.1871337890625
-0.00831031799316406 0.0121259689331055 -0.41656494140625 0.58209228515625
0.0114154815673828 -0.00946617126464844 0.1920166015625 0.63641357421875
0.0100383758544922 -0.0177783966064453 0.395477294921875 0.347900390625
-0.0158367156982422 -0.0131511688232422 0.3211669921875 -0.020751953125
-0.00853157043457031 -0.0286006927490234 0.122756958007813 -0.2052001953125
0.00444793701171875 -0.0463638305664063 -0.16839599609375 0.116485595703125
-0.0156631469726563 -0.0582313537597656 -0.345672607421875 -0.134765625
-0.00789260864257813 -0.048065185546875 -0.28656005859375 -0.437347412109375
0.00690174102783203 -0.00385522842407227 0.17132568359375 -0.57244873046875
-0.01361083984375 0.0377883911132813 0.71923828125 -0.15643310546875
-0.0380859375 0.0122146606445313 0.69415283203125 0.5128173828125
0.0247535705566406 -0.0360183715820313 0.1663818359375 0.58935546875
0.05712890625 -0.0602188110351563 0.101432800292969 -0.0633926391601563
0.00461578369140625 -0.03564453125 -0.18939208984375 -0.6395263671875
-0.00681877136230469 0.0141019821166992 -0.736572265625 -0.22100830078125
0.00927352905273437 0.0271797180175781 -0.4447021484375 0.56353759765625
0.00775051116943359 0.00309228897094727 0.1695556640625 0.64398193359375
-0.018402099609375 -0.0218677520751953 0.386474609375 0.361236572265625
-0.040435791015625 -0.0340347290039063 0.319427490234375 -0.0130615234375
-0.0163764953613281 -0.04486083984375 0.122634887695313 -0.203521728515625
0.00462341308593749 -0.0603179931640625 -0.168060302734375 0.1204833984375
-0.031463623046875 -0.0830841064453125 -0.350738525390625 -0.1170654296875
-0.0379714965820312 -0.0604667663574219 -0.304718017578125 -0.419219970703125
-0.00556087493896484 0.0047149658203125 0.13427734375 -0.58935546875
-0.00594329833984375 0.0569534301757813 0.691650390625 -0.22674560546875
-0.0255699157714844 0.0336055755615234 0.70947265625 0.4447021484375
0.0347404479980469 -0.0378379821777344 0.18524169921875 0.5767822265625
0.070098876953125 -0.0728225708007813 0.09112548828125 -0.04656982421875
0.0174598693847656 -0.0381393432617188 -0.1678466796875 -0.65087890625
0.00896072387695313 0.0255279541015625 -0.7403564453125 -0.2781982421875
0.0204849243164062 0.0439491271972656 -0.5028076171875 0.528961181640625
0.00313854217529297 0.0146322250366211 0.1241455078125 0.64923095703125
-0.0419807434082031 -0.0291519165039063 0.36572265625 0.379119873046875
-0.0593490600585938 -0.0568275451660156 0.31683349609375 -0.001708984375
-0.0185470581054688 -0.0594978332519531 0.125442504882812 -0.202651977539063
0.00644683837890625 -0.067413330078125 -0.164031982421875 0.12847900390625
-0.0483474731445312 -0.0928955078125 -0.35064697265625 -0.0924377441406251
-0.059478759765625 -0.0566558837890625 -0.324798583984375 -0.40130615234375
-0.0108423233032227 0.0160760879516602 0.0834960937499999 -0.6180419921875
0.00587844848632813 0.0672340393066406 0.6468505859375 -0.3125
-0.0106582641601563 0.0452957153320312 0.7174072265625 0.3587646484375
0.040252685546875 -0.0392494201660156 0.206451416015625 0.56085205078125
0.07958984375 -0.0809249877929688 0.0766983032226563 -0.0230484008789063
0.0288162231445313 -0.0396919250488281 -0.13922119140625 -0.66461181640625
0.0176773071289063 0.0330162048339844 -0.743408203125 -0.3594970703125
0.0234260559082031 0.0574798583984375 -0.573486328125 0.47119140625
-0.00637435913085938 0.0222377777099609 0.06011962890625 0.646484375
-0.0559234619140625 -0.0404586791992187 0.34112548828125 0.39410400390625
-0.0656509399414063 -0.0784912109375 0.315460205078125 0.0107421875
-0.0134963989257812 -0.070526123046875 0.127639770507812 -0.199188232421875
0.0167884826660156 0.0335464477539063 -0.1583251953125 0.144927978515625
0.061248779296875 0.0643348693847656 -0.31439208984375 -0.0843811035156251
0.0982513427734375 0.0177688598632813 -0.29315185546875 -0.437774658203125
0.0539512634277344 -0.0279655456542969 0.091064453125 -0.65106201171875
-0.0347366333007813 -0.0349407196044922 0.63702392578125 -0.3033447265625
-0.0850753784179688 -0.0516586303710937 0.6842041015625 0.36920166015625
-0.0219249725341797 -0.0147132873535156 0.179931640625 0.57159423828125
0.00389480590820313 0.0076141357421875 0.0682563781738281 -0.0135383605957031
-0.0308189392089844 -0.0286140441894531 -0.16986083984375 -0.65185546875
-0.0650672912597656 -0.0540046691894531 -0.77435302734375 -0.330078125
-0.0422592163085938 -0.0371856689453125 -0.57415771484375 0.480712890625
0.04339599609375 -0.0255661010742187 0.0621337890625001 0.61279296875
0.093353271484375 0.0267486572265625 0.35888671875 0.34246826171875
0.0515937805175781 0.0564765930175781 0.32977294921875 -0.00653076171874999
0.0226516723632813 0.0231914520263672 0.1292724609375 -0.20428466796875
0.00648880004882812 0.0259494781494141 -0.161468505859375 0.1375732421875
0.0488395690917969 0.0653724670410156 -0.319549560546875 -0.102783203125
0.0932693481445313 0.02642822265625 -0.274871826171875 -0.44549560546875
0.0581626892089844 -0.019866943359375 0.14093017578125 -0.6182861328125
-0.0286350250244141 -0.0348644256591797 0.67889404296875 -0.22467041015625
-0.0789108276367188 -0.0562973022460938 0.68023681640625 0.44415283203125
-0.0213489532470703 -0.0203018188476563 0.16156005859375 0.58050537109375
0.00708818435668945 0.00139141082763672 0.0821533203125 -0.034912109375
-0.0336837768554688 -0.0272312164306641 -0.18914794921875 -0.6375732421875
-0.0678634643554688 -0.0423583984375 -0.75860595703125 -0.253173828125
-0.0434417724609375 -0.0293083190917969 -0.505279541015625 0.532745361328125
0.0310955047607422 -0.0306873321533203 0.116943359375 0.61907958984375
0.0851669311523438 0.0100173950195313 0.373291015625 0.33697509765625
0.0479278564453125 0.0453529357910156 0.3236083984375 -0.016510009765625
0.01971435546875 0.0165023803710938 0.125091552734375 -0.20489501953125
-0.000267982482910157 0.0142545700073242 -0.166839599609375 0.12603759765625
0.0333137512207031 0.0500640869140625 -0.326812744140625 -0.120147705078125
0.0742721557617187 0.02203369140625 -0.261993408203125 -0.446075439453125
0.0538978576660156 -0.0136375427246094 0.17669677734375 -0.5863037109375
-0.0225105285644531 -0.0237808227539063 0.7056884765625 -0.16094970703125
-0.0681724548339844 -0.0489120483398438 0.67437744140625 0.50238037109375
-0.0117263793945313 -0.0239295959472656 0.15338134765625 0.58831787109375
0.0140247344970703 -0.0123357772827148 0.095123291015625 -0.054412841796875
-0.0290184020996094 -0.0276222229003906 -0.20068359375 -0.62408447265625
-0.06011962890625 -0.025909423828125 -0.74310302734375 -0.2025146484375
-0.0390510559082031 -0.0176734924316406 -0.44659423828125 0.56683349609375
0.024871826171875 -0.0283527374267578 0.16595458984375 0.62359619140625
0.0639305114746094 -0.00362014770507812 0.3887939453125 0.331390380859375
0.0337505340576172 0.0275554656982422 0.320343017578125 -0.022491455078125
0.0100021362304687 0.00630950927734375 0.121261596679687 -0.205520629882813
0.00104427337646484 -0.00798988342285156 -0.168548583984375 0.12152099609375
0.0159492492675781 0.0180778503417969 -0.331146240234375 -0.133880615234375
0.0515556335449219 0.00356674194335938 -0.26806640625 -0.450347900390625
0.0403480529785156 -0.0109519958496094 0.18701171875 -0.56890869140625
-0.0188999176025391 -0.00586509704589844 0.7196044921875 -0.123779296875
-0.0593643188476563 -0.0340805053710938 0.67449951171875 0.53802490234375
-0.000776290893554689 -0.0284519195556641 0.1502685546875 0.59161376953125
0.02630615234375 -0.0273151397705078 0.102485656738281 -0.0667953491210938
-0.0207061767578125 -0.0279502868652344 -0.2086181640625 -0.6224365234375
-0.0456886291503906 -0.0111007690429687 -0.73394775390625 -0.177001953125
-0.0263271331787109 -0.00272178649902344 -0.411376953125 0.5830078125
0.0158481597900391 -0.0188560485839844 0.19537353515625 0.62677001953125
0.0379371643066406 -0.0127754211425781 0.396881103515625 0.331939697265625
0.010406494140625 0.00741386413574219 0.31866455078125 -0.02642822265625
-0.000800132751464842 -0.011962890625 0.120941162109375 -0.206314086914063
0.00102424621582031 -0.0269317626953125 -0.168182373046875 0.117904663085938
0.000371932983398436 -0.0219573974609375 -0.338470458984375 -0.137664794921875
0.0224399566650391 -0.0237541198730469 -0.27728271484375 -0.445343017578125
0.0238704681396484 -0.00691032409667969 0.18377685546875 -0.56207275390625
-0.0163688659667969 0.0151348114013672 0.7227783203125 -0.1224365234375
-0.0489616394042969 -0.0111656188964844 0.679443359375 0.53900146484375
0.0123386383056641 -0.0333251953125 0.15576171875 0.592041015625
0.0406417846679688 -0.0450706481933594 0.104515075683594 -0.0711517333984375
-0.00812721252441406 -0.0312461853027344 -0.2052001953125 -0.62506103515625
-0.0261154174804688 0.00386810302734375 -0.7305908203125 -0.18060302734375
-0.0068359375 0.0117921829223633 -0.4061279296875 0.58135986328125
0.0110082626342773 -0.00988674163818359 0.1993408203125 0.62860107421875
0.00914955139160156 -0.0176010131835938 0.39697265625 0.340667724609375
-0.0160884857177734 -0.0136432647705078 0.3177490234375 -0.0242919921875
-0.010955810546875 -0.0277919769287109 0.120742797851563 -0.206436157226563
0.0050811767578125 -0.0463829040527344 -0.167388916015625 0.118789672851562
-0.0173301696777344 -0.0573959350585938 -0.345428466796875 -0.1297607421875
-0.00828933715820312 -0.0469818115234375 -0.29296875 -0.430999755859375
0.00620365142822266 -0.0037689208984375 0.16241455078125 -0.5687255859375
-0.0137100219726562 0.0387306213378906 0.71063232421875 -0.162109375
-0.0387115478515625 0.0125503540039063 0.69415283203125 0.50177001953125
0.0234107971191406 -0.0355377197265625 0.169921875 0.58245849609375
0.0564231872558594 -0.0604019165039063 0.0989608764648438 -0.0629196166992188
0.00518989562988281 -0.0346050262451172 -0.1920166015625 -0.63232421875
-0.00574970245361328 0.0141057968139648 -0.7320556640625 -0.21392822265625
0.00957107543945313 0.0283393859863281 -0.436279296875 0.5643310546875
0.00833511352539063 0.00297689437866211 0.17578125 0.638671875
-0.0180072784423828 -0.0215702056884766 0.38616943359375 0.3551025390625
-0.0399055480957031 -0.03271484375 0.31512451171875 -0.01788330078125
-0.0169563293457031 -0.0447959899902344 0.1202392578125 -0.205230712890625
0.00493240356445313 -0.060577392578125 -0.166030883789063 0.122314453125
-0.0337982177734375 -0.0833892822265625 -0.34912109375 -0.110809326171875
-0.0376930236816406 -0.0588607788085938 -0.306884765625 -0.411773681640625
-0.00630426406860351 0.00498056411743164 0.12579345703125 -0.58648681640625
-0.00584030151367187 0.0572280883789062 0.6846923828125 -0.23236083984375
-0.0246124267578125 0.0330944061279297 0.710693359375 0.43597412109375
0.033355712890625 -0.0382652282714844 0.18756103515625 0.57196044921875
0.0681381225585938 -0.0723037719726563 0.0909805297851563 -0.0468521118164063
0.0164985656738281 -0.0379257202148438 -0.171142578125 -0.645751953125
0.0103702545166016 0.0261135101318359 -0.73675537109375 -0.2725830078125
0.0218429565429687 0.0445518493652344 -0.49444580078125 0.5302734375
0.00171184539794922 0.0137672424316406 0.13018798828125 0.6458740234375
-0.0426254272460938 -0.0289726257324219 0.36700439453125 0.3709716796875
-0.0579261779785156 -0.0550079345703125 0.31402587890625 -0.005401611328125
-0.0201873779296875 -0.0606117248535156 0.120803833007813 -0.20074462890625
0.00513839721679687 -0.0669136047363281 -0.162368774414063 0.12939453125
-0.049591064453125 -0.092498779296875 -0.351715087890625 -0.0859985351562499
-0.057891845703125 -0.055206298828125 -0.327178955078125 -0.39385986328125
-0.0106296539306641 0.0163946151733398 0.0751953125 -0.6138916015625
0.00721359252929688 0.066986083984375 0.6385498046875 -0.31512451171875
-0.00909805297851562 0.0429534912109375 0.71630859375 0.35101318359375
0.0405235290527344 -0.0393447875976563 0.208740234375 0.557373046875
0.0785140991210938 -0.0799789428710938 0.0752487182617188 -0.0241851806640625
0.0293731689453125 -0.0417823791503906 -0.14501953125 -0.65887451171875
0.0171985626220703 0.0339889526367188 -0.741455078125 -0.3515625
0.0239219665527344 0.0584526062011719 -0.56500244140625 0.4732666015625
-0.00688552856445313 0.0227375030517578 0.066162109375 0.6444091796875
-0.0585289001464844 -0.0385856628417969 0.343048095703125 0.389923095703125
-0.0687179565429687 -0.0765609741210938 0.31353759765625 0.00872802734374999
-0.0158615112304688 -0.07086181640625 0.12420654296875 -0.20050048828125
0.0165977478027344 0.03271484375 -0.154586791992188 0.144027709960938
0.0626144409179688 0.062255859375 -0.314971923828125 -0.07904052734375
0.0976409912109375 0.0161666870117188 -0.2952880859375 -0.433013916015625
0.0516624450683594 -0.0261573791503906 0.08184814453125 -0.6461181640625
-0.03448486328125 -0.0334110260009766 0.6302490234375 -0.30621337890625
-0.0844268798828125 -0.0509872436523438 0.68328857421875 0.3643798828125
-0.0225105285644531 -0.0157260894775391 0.179931640625 0.56524658203125
0.00295829772949219 0.00708675384521484 0.0667037963867188 -0.015289306640625
-0.0329437255859375 -0.0291118621826172 -0.17254638671875 -0.64654541015625
-0.0657920837402344 -0.0534324645996094 -0.77197265625 -0.31988525390625
-0.0407447814941406 -0.0377159118652344 -0.56890869140625 0.48187255859375
0.0431709289550781 -0.0273933410644531 0.06561279296875 0.60845947265625
0.0925521850585938 0.0259017944335938 0.35931396484375 0.33660888671875
0.0514373779296875 0.0568199157714844 0.32598876953125 -0.01019287109375
0.0227069854736328 0.0239048004150391 0.127395629882813 -0.2047119140625
0.00677299499511718 0.0272350311279297 -0.157989501953125 0.136962890625
0.0487937927246094 0.0662498474121094 -0.31884765625 -0.0986633300781249
0.0930099487304688 0.0256271362304687 -0.280487060546875 -0.438751220703125
0.0571556091308594 -0.0213584899902344 0.13299560546875 -0.61444091796875
-0.0277137756347656 -0.0336341857910156 0.67315673828125 -0.22808837890625
-0.0774307250976562 -0.0549392700195312 0.67535400390625 0.43682861328125
-0.0216464996337891 -0.0203933715820313 0.1658935546875 0.57586669921875
0.00638246536254883 0.00131464004516602 0.0817108154296875 -0.036376953125
-0.0329723358154297 -0.027130126953125 -0.19207763671875 -0.62890625
-0.0684471130371094 -0.0415916442871094 -0.7557373046875 -0.24578857421875
-0.0442543029785156 -0.0304489135742188 -0.499267578125 0.53253173828125
0.0317573547363281 -0.031463623046875 0.1209716796875 0.61407470703125
0.083221435546875 0.0107040405273438 0.373321533203125 0.3304443359375
0.0479240417480469 0.0441474914550781 0.3201904296875 -0.020050048828125
0.0180110931396484 0.0170974731445313 0.121734619140625 -0.2054443359375
0.00200557708740234 0.0126190185546875 -0.163131713867188 0.127822875976563
0.0334701538085938 0.0498313903808594 -0.3262939453125 -0.113494873046875
0.075408935546875 0.0220794677734375 -0.265167236328125 -0.440216064453125
0.0538902282714844 -0.0153999328613281 0.168701171875 -0.583984375
-0.0219287872314453 -0.0233020782470703 0.69989013671875 -0.16412353515625
-0.0670166015625 -0.0487937927246094 0.67315673828125 0.49554443359375
-0.0124015808105469 -0.024017333984375 0.15447998046875 0.5831298828125
0.0127496719360352 -0.0107831954956055 0.094024658203125 -0.0558242797851563
-0.0295486450195313 -0.0277900695800781 -0.2039794921875 -0.6199951171875
-0.0612106323242188 -0.0268745422363281 -0.74090576171875 -0.1942138671875
-0.0400009155273438 -0.0158195495605469 -0.43798828125 0.56640625
0.0226478576660156 -0.0284004211425781 0.1708984375 0.61724853515625
0.0627212524414063 -0.00441360473632813 0.389404296875 0.32635498046875
0.0326366424560547 0.0258293151855469 0.318389892578125 -0.025115966796875
0.0086517333984375 0.00648069381713867 0.1195068359375 -0.206588745117188
-0.000166893005371093 -0.00747871398925781 -0.165374755859375 0.122970581054687
0.0164337158203125 0.0181083679199219 -0.32965087890625 -0.128692626953125
0.0506744384765625 0.00214767456054688 -0.270050048828125 -0.444244384765625
0.0396080017089844 -0.00909805297851563 0.17987060546875 -0.5655517578125
-0.0192489624023438 -0.00589752197265625 0.714111328125 -0.12799072265625
-0.0590286254882812 -0.0341682434082031 0.67364501953125 0.528076171875
-0.00161361694335938 -0.0286464691162109 0.15325927734375 0.58575439453125
0.0251903533935547 -0.0262622833251953 0.101669311523438 -0.0670700073242188
-0.0213661193847656 -0.0285053253173828 -0.209716796875 -0.61669921875
-0.0458793640136719 -0.0105743408203125 -0.728759765625 -0.1689453125
-0.0247154235839844 -0.00132942199707031 -0.40557861328125 0.5833740234375
0.0150279998779297 -0.0201435089111328 0.1990966796875 0.6214599609375
0.0376510620117187 -0.012420654296875 0.39697265625 0.326385498046875
0.0107488632202148 0.00863361358642578 0.315704345703125 -0.029815673828125
-0.000686645507812499 -0.0109224319458008 0.11724853515625 -0.205093383789063
0.00140762329101563 -0.0271244049072266 -0.166152954101563 0.119796752929688
0.000835418701171873 -0.0209865570068359 -0.337371826171875 -0.132720947265625
0.0223789215087891 -0.0239181518554688 -0.28009033203125 -0.4381103515625
0.0241928100585938 -0.00693702697753906 0.177581787109375 -0.559326171875
-0.0172061920166016 0.0154476165771484 0.7159423828125 -0.12799072265625
-0.0481529235839844 -0.00939559936523437 0.6785888671875 0.5296630859375
0.0113487243652344 -0.0323886871337891 0.15838623046875 0.58642578125
0.0403671264648437 -0.0438079833984375 0.103317260742188 -0.071258544921875
-0.0089874267578125 -0.0301227569580078 -0.2076416015625 -0.619873046875
-0.0260562896728516 0.0030975341796875 -0.72650146484375 -0.1732177734375
-0.00763225555419922 0.0121774673461914 -0.40106201171875 0.58135986328125
0.0111541748046875 -0.0102024078369141 0.20306396484375 0.623046875
0.00946426391601563 -0.0169563293457031 0.398223876953125 0.33349609375
-0.015294075012207 -0.0135583877563477 0.314727783203125 -0.02740478515625
-0.010223388671875 -0.0279788970947266 0.11761474609375 -0.205047607421875
0.00278091430664062 -0.0471534729003906 -0.166366577148438 0.120254516601563
-0.0159873962402344 -0.0564384460449219 -0.344146728515625 -0.124908447265625
-0.00901412963867187 -0.0466575622558594 -0.293182373046875 -0.42462158203125
0.00696754455566406 -0.00265073776245117 0.15435791015625 -0.56475830078125
-0.012969970703125 0.038238525390625 0.70452880859375 -0.16632080078125
-0.0363578796386719 0.0137176513671875 0.694091796875 0.4930419921875
0.0232162475585938 -0.03570556640625 0.17169189453125 0.577880859375
0.0549850463867187 -0.0604667663574219 0.0991058349609375 -0.062774658203125
0.00470924377441406 -0.0339984893798828 -0.19573974609375 -0.629150390625
-0.00619697570800781 0.0146913528442383 -0.72930908203125 -0.20574951171875
0.00945472717285156 0.0275707244873047 -0.43048095703125 0.56365966796875
0.00828313827514649 0.00305938720703125 0.1810302734375 0.63201904296875
-0.0174827575683594 -0.0213890075683594 0.388702392578125 0.346435546875
-0.0402870178222656 -0.0326080322265625 0.313751220703125 -0.020751953125
-0.0190162658691406 -0.0452346801757813 0.117355346679688 -0.20458984375
0.0047607421875 -0.0605201721191406 -0.165817260742188 0.125
-0.03369140625 -0.0815658569335938 -0.350250244140625 -0.106109619140625
-0.0382614135742187 -0.057952880859375 -0.308929443359375 -0.404998779296875
-0.00683069229125977 0.00555801391601563 0.1199951171875 -0.5826416015625
-0.00635528564453125 0.0573196411132813 0.6781005859375 -0.23309326171875
-0.0221099853515625 0.0325870513916016 0.70672607421875 0.42779541015625
0.0335502624511719 -0.0392837524414062 0.18951416015625 0.56536865234375
0.06781005859375 -0.0728836059570313 0.0891265869140625 -0.0465240478515625
0.0181961059570313 -0.0384902954101563 -0.174560546875 -0.63800048828125
0.0106468200683594 0.0251884460449219 -0.734619140625 -0.26312255859375
0.0216712951660156 0.0437431335449219 -0.48333740234375 0.529205322265625
0.00212001800537109 0.0142059326171875 0.1348876953125 0.63983154296875
-0.0422935485839844 -0.0268478393554687 0.36956787109375 0.3668212890625
-0.0598678588867188 -0.05364990234375 0.312103271484375 -0.008331298828125
-0.0214309692382813 -0.0588722229003906 0.11871337890625 -0.202194213867188
0.00413894653320313 -0.0676498413085938 -0.161346435546875 0.132827758789063
-0.0501632690429688 -0.0906906127929687 -0.34869384765625 -0.0820007324218749
-0.0602340698242188 -0.0542449951171875 -0.328094482421875 -0.38861083984375
-0.010371208190918 0.0156679153442383 0.06756591796875 -0.61126708984375
0.0077667236328125 0.0682334899902344 0.63330078125 -0.3173828125
-0.00920486450195313 0.043670654296875 0.7127685546875 0.3426513671875
0.03936767578125 -0.0402297973632812 0.211090087890625 0.550384521484375
0.0775375366210938 -0.07904052734375 0.0759429931640625 -0.0222625732421875
0.0294418334960938 -0.0401954650878906 -0.14892578125 -0.6539306640625
0.0190639495849609 0.0334987640380859 -0.7379150390625 -0.343017578125
0.0246543884277344 0.0590705871582031 -0.5567626953125 0.473876953125
-0.00648689270019531 0.0242900848388672 0.07305908203125 0.63897705078125
-0.0579185485839844 -0.0384292602539063 0.345703125 0.380706787109375
-0.0666275024414062 -0.075164794921875 0.310302734375 0.0047607421875
-0.0168304443359375 -0.0705413818359375 0.123611450195313 -0.20123291015625
0.0172252655029297 0.0326595306396484 -0.152435302734375 0.144866943359375
0.0618133544921875 0.0618400573730469 -0.312774658203125 -0.075714111328125
0.097198486328125 0.0154342651367188 -0.2967529296875 -0.425262451171875
0.0518264770507812 -0.0294990539550781 0.0767822265625 -0.64202880859375
-0.0361671447753906 -0.0324134826660156 0.621337890625 -0.30645751953125
-0.0840911865234375 -0.049713134765625 0.67767333984375 0.35589599609375
-0.0230312347412109 -0.0140895843505859 0.181488037109375 0.560028076171875
0.00326251983642578 0.00903415679931641 0.0685043334960938 -0.0142822265625
-0.0304927825927734 -0.0282535552978516 -0.17510986328125 -0.63983154296875
-0.0660171508789063 -0.0516891479492187 -0.76702880859375 -0.31329345703125
-0.0408058166503906 -0.0371856689453125 -0.559539794921875 0.480865478515625
0.0423240661621094 -0.0264091491699219 0.071044921875 0.601318359375
0.092742919921875 0.024261474609375 0.358367919921875 0.330474853515625
0.052337646484375 0.0556716918945313 0.3212890625 -0.013763427734375
0.0224514007568359 0.02276611328125 0.124679565429688 -0.204391479492188
0.00611686706542968 0.0264797210693359 -0.1561279296875 0.138687133789062
0.0494537353515625 0.065338134765625 -0.3175048828125 -0.09466552734375
0.0920257568359375 0.02447509765625 -0.28125 -0.4327392578125
0.0546722412109375 -0.0226554870605469 0.12860107421875 -0.610107421875
-0.0282821655273438 -0.0324859619140625 0.66583251953125 -0.2298583984375
-0.0784072875976563 -0.0540313720703125 0.67376708984375 0.4281005859375
-0.02093505859375 -0.0183792114257812 0.165771484375 0.5701904296875
0.00594234466552734 0.000567913055419922 0.0824813842773438 -0.0359115600585937
-0.0330734252929688 -0.0257110595703125 -0.19537353515625 -0.6236572265625
-0.0693016052246094 -0.0415802001953125 -0.75213623046875 -0.23834228515625
-0.0447463989257813 -0.0293769836425781 -0.49102783203125 0.53436279296875
0.0314788818359375 -0.0311679840087891 0.1280517578125 0.61016845703125
0.0832748413085938 0.00717926025390625 0.37286376953125 0.324554443359375
0.0478286743164063 0.0438346862792969 0.318084716796875 -0.021881103515625
0.0167407989501953 0.0175094604492188 0.119049072265625 -0.205398559570313
0.00317096710205078 0.0117893218994141 -0.163116455078125 0.1278076171875
0.0344200134277344 0.0482254028320313 -0.325164794921875 -0.11102294921875
0.0755767822265625 0.0200119018554688 -0.2685546875 -0.43310546875
0.0520133972167969 -0.017059326171875 0.162109375 -0.58087158203125
-0.0221214294433594 -0.0229988098144531 0.69342041015625 -0.16796875
-0.0670967102050781 -0.0488052368164062 0.67022705078125 0.4871826171875
-0.0131740570068359 -0.0233097076416016 0.15576171875 0.576416015625
0.0123014450073242 -0.0112810134887695 0.09295654296875 -0.0543975830078125
-0.0283451080322266 -0.0269222259521484 -0.20477294921875 -0.613525390625
-0.0621986389160156 -0.0255889892578125 -0.7373046875 -0.1912841796875
-0.0388145446777344 -0.0160331726074219 -0.43011474609375 0.56585693359375
0.0208950042724609 -0.0270862579345703 0.17596435546875 0.61199951171875
0.062469482421875 -0.00580596923828125 0.388214111328125 0.3193359375
0.0329322814941406 0.0260601043701172 0.31427001953125 -0.0294189453125
0.0081171989440918 0.00574445724487305 0.116973876953125 -0.205551147460938
0.00146865844726563 -0.00796794891357422 -0.165237426757813 0.121795654296875
0.0167169570922852 0.0173416137695312 -0.329193115234375 -0.123016357421875
0.0515174865722656 0.00222396850585938 -0.27593994140625 -0.43841552734375
0.0404472351074219 -0.00884628295898438 0.17352294921875 -0.56268310546875
-0.0200557708740234 -0.00453567504882812 0.70751953125 -0.13128662109375
-0.0581321716308594 -0.0333366394042969 0.67034912109375 0.5203857421875
-0.00243186950683594 -0.02685546875 0.1546630859375 0.58026123046875
0.0248584747314453 -0.0259685516357422 0.0985107421875 -0.0678558349609375
-0.0214176177978516 -0.0280818939208984 -0.211669921875 -0.609619140625
-0.0440139770507813 -0.00980758666992187 -0.726318359375 -0.1641845703125
-0.0240001678466797 -0.00287628173828125 -0.3966064453125 0.57916259765625
0.0140380859375 -0.0207920074462891 0.20391845703125 0.6151123046875
0.0368614196777344 -0.0138931274414063 0.39666748046875 0.320281982421875
0.0109691619873047 0.00632572174072266 0.31298828125 -0.03179931640625
-0.00212669372558594 -0.0115365982055664 0.116195678710938 -0.205352783203125
0.0015869140625 -0.0271549224853516 -0.165084838867188 0.121185302734375
0.000335693359375 -0.0211410522460938 -0.33453369140625 -0.12786865234375
0.0224494934082031 -0.0234470367431641 -0.281219482421875 -0.432830810546875
0.023223876953125 -0.00697708129882813 0.17010498046875 -0.55584716796875
-0.017003059387207 0.0155487060546875 0.70928955078125 -0.12994384765625
-0.0478706359863281 -0.00963211059570313 0.67547607421875 0.52276611328125
0.0108203887939453 -0.0330486297607422 0.1583251953125 0.57867431640625
0.0396575927734375 -0.0432472229003906 0.102455139160156 -0.0700759887695313
-0.00906562805175781 -0.0300750732421875 -0.21185302734375 -0.6129150390625
-0.0253028869628906 0.00448036193847657 -0.72259521484375 -0.169189453125
-0.00758552551269531 0.0124931335449219 -0.3946533203125 0.57830810546875
0.0102920532226563 -0.00943851470947266 0.20782470703125 0.61663818359375
0.0100879669189453 -0.0176658630371094 0.39837646484375 0.32855224609375
-0.0155000686645508 -0.0127029418945313 0.31219482421875 -0.02972412109375
-0.0107898712158203 -0.0278129577636719 0.115707397460937 -0.20562744140625
0.00342559814453125 -0.0476646423339844 -0.164169311523438 0.121429443359375
-0.0166702270507813 -0.0555686950683594 -0.342437744140625 -0.120697021484375
-0.0093841552734375 -0.046112060546875 -0.29547119140625 -0.417816162109375
0.00591802597045898 -0.00290060043334961 0.150634765625 -0.562744140625
-0.0130500793457031 0.0386276245117188 0.6981201171875 -0.1689453125
-0.035888671875 0.0135688781738281 0.692138671875 0.4864501953125
0.0232086181640625 -0.0361251831054688 0.17254638671875 0.5711669921875
0.0543975830078125 -0.0598297119140625 0.0972137451171875 -0.0634765625
0.00481414794921875 -0.0345783233642578 -0.19915771484375 -0.623046875
-0.00485134124755859 0.0154199600219727 -0.725830078125 -0.201171875
0.0101947784423828 0.0288028717041016 -0.42340087890625 0.56298828125
0.00814390182495117 0.00159072875976562 0.18402099609375 0.6265869140625
-0.0177440643310547 -0.0209999084472656 0.38555908203125 0.342803955078125
-0.0411338806152344 -0.0324478149414063 0.31085205078125 -0.02239990234375
-0.0189399719238281 -0.0444374084472656 0.116073608398438 -0.2039794921875
0.00270462036132812 -0.0612449645996094 -0.163833618164063 0.125778198242188
-0.0344314575195312 -0.0809478759765625 -0.347381591796875 -0.10137939453125
-0.0386276245117188 -0.0569992065429687 -0.3099365234375 -0.40032958984375
-0.00667524337768555 0.00506877899169922 0.1151123046875 -0.5804443359375
-0.00452804565429687 0.0554962158203125 0.6710205078125 -0.2353515625
-0.0229110717773438 0.0326137542724609 0.70391845703125 0.42132568359375
0.0341453552246094 -0.0395126342773438 0.19122314453125 0.560211181640625
0.0682144165039063 -0.0711517333984375 0.0892562866210938 -0.0467071533203125
0.0168380737304687 -0.0377693176269531 -0.1766357421875 -0.63323974609375
0.00996017456054688 0.0246086120605469 -0.7298583984375 -0.2559814453125
0.02191162109375 0.0430450439453125 -0.47857666015625 0.528564453125
0.00258350372314453 0.0146923065185547 0.1385498046875 0.63275146484375
-0.0411300659179687 -0.026092529296875 0.368621826171875 0.36181640625
-0.0591583251953125 -0.0563545227050781 0.308197021484375 -0.012939453125
-0.0225105285644531 -0.0579833984375 0.117279052734375 -0.203094482421875
0.0023345947265625 -0.065765380859375 -0.159225463867188 0.133865356445313
-0.0498275756835938 -0.089935302734375 -0.347442626953125 -0.0780639648437499
-0.0596847534179687 -0.052734375 -0.330596923828125 -0.382354736328125
-0.010045051574707 0.0168485641479492 0.06304931640625 -0.6048583984375
0.00876235961914063 0.066802978515625 0.62445068359375 -0.3182373046875
-0.0078582763671875 0.0432395935058594 0.707763671875 0.33599853515625
0.0397224426269531 -0.0416221618652344 0.21014404296875 0.54541015625
0.075836181640625 -0.0792312622070313 0.07525634765625 -0.02203369140625
0.0301780700683594 -0.042266845703125 -0.15032958984375 -0.646728515625
0.0215835571289063 0.0322074890136719 -0.73602294921875 -0.33587646484375
0.0267982482910156 0.0584602355957031 -0.549163818359375 0.474151611328125
-0.00426101684570313 0.022613525390625 0.07708740234375 0.63299560546875
-0.0583152770996094 -0.0365829467773437 0.3472900390625 0.378021240234375
-0.0665130615234375 -0.0754318237304688 0.30780029296875 0.001739501953125
-0.01800537109375 -0.0696029663085938 0.11907958984375 -0.200363159179688
0.0164508819580078 0.0317344665527344 -0.152252197265625 0.145294189453125
0.0628433227539063 0.0619850158691406 -0.312103271484375 -0.07110595703125
0.0960235595703125 0.0143280029296875 -0.299285888671875 -0.41998291015625
0.0503654479980469 -0.0284652709960938 0.072021484375 -0.63714599609375
-0.0349235534667969 -0.0314598083496094 0.61572265625 -0.30706787109375
-0.0841445922851562 -0.0484390258789063 0.67388916015625 0.3509521484375
-0.0241413116455078 -0.0144004821777344 0.18280029296875 0.554718017578125
0.00328731536865234 0.00861358642578125 0.0669593811035156 -0.0146293640136719
-0.0315761566162109 -0.0271530151367187 -0.1787109375 -0.632568359375
-0.064697265625 -0.0509147644042969 -0.76409912109375 -0.3067626953125
-0.0415191650390625 -0.0357246398925781 -0.55279541015625 0.48150634765625
0.040252685546875 -0.0272750854492188 0.07562255859375 0.59716796875
0.092620849609375 0.023345947265625 0.358917236328125 0.3270263671875
0.0520744323730469 0.05499267578125 0.3204345703125 -0.01507568359375
0.0212383270263672 0.0221767425537109 0.123764038085938 -0.204483032226562
0.006622314453125 0.0275936126708984 -0.1558837890625 0.13909912109375
0.0503807067871094 0.0633621215820313 -0.315582275390625 -0.09149169921875
0.0917892456054688 0.0231781005859375 -0.281097412109375 -0.4278564453125
0.0560798645019531 -0.0219383239746094 0.12054443359375 -0.607421875
-0.0299797058105469 -0.0319576263427734 0.660400390625 -0.23248291015625
-0.0789947509765625 -0.0536727905273437 0.672119140625 0.42315673828125
-0.0203971862792969 -0.0193252563476562 0.16680908203125 0.56500244140625
0.00446224212646484 0.001251220703125 0.08099365234375 -0.0369338989257813
-0.0327167510986328 -0.0266628265380859 -0.19354248046875 -0.6175537109375
-0.0681877136230469 -0.0400657653808594 -0.74761962890625 -0.23480224609375
-0.0443763732910156 -0.0283546447753906 -0.484283447265625 0.530181884765625
0.0307865142822266 -0.0317306518554688 0.1282958984375 0.60479736328125
0.08355712890625 0.00732421875 0.372802734375 0.319671630859375
0.0487747192382813 0.0436553955078125 0.316131591796875 -0.0250244140625
0.0150928497314453 0.0170392990112305 0.116989135742188 -0.206497192382813
0.00293636322021484 0.0108261108398438 -0.161941528320313 0.12945556640625
0.0366668701171875 0.04852294921875 -0.323516845703125 -0.10736083984375
0.0756301879882813 0.019744873046875 -0.270263671875 -0.427398681640625
0.0522232055664063 -0.0150489807128906 0.159423828125 -0.57830810546875
-0.0222091674804688 -0.0224494934082031 0.68603515625 -0.168212890625
-0.0666732788085937 -0.0459823608398438 0.667724609375 0.480712890625
-0.0115203857421875 -0.0233325958251953 0.15643310546875 0.5716552734375
0.0113105773925781 -0.0113964080810547 0.0927886962890625 -0.054656982421875
-0.0298576354980469 -0.0267219543457031 -0.205810546875 -0.60577392578125
-0.0589790344238281 -0.0235366821289063 -0.72991943359375 -0.18536376953125
-0.0383033752441406 -0.0161895751953125 -0.42449951171875 0.562744140625
0.0200634002685547 -0.0289287567138672 0.1781005859375 0.60595703125
0.06182861328125 -0.00671768188476563 0.38629150390625 0.3157958984375
0.0332317352294922 0.0239849090576172 0.3111572265625 -0.03155517578125
0.00863265991210938 0.00536251068115234 0.113754272460938 -0.206298828125
0.000467300415039062 -0.00897407531738281 -0.1630859375 0.124481201171875
0.0165243148803711 0.0173530578613281 -0.32830810546875 -0.119842529296875
0.0511398315429688 0.001739501953125 -0.27545166015625 -0.43267822265625
0.038970947265625 -0.00978469848632813 0.16925048828125 -0.558868408203125
-0.0174531936645508 -0.00458717346191406 0.701904296875 -0.13360595703125
-0.0556907653808594 -0.0314750671386719 0.667724609375 0.513427734375
-0.00336456298828125 -0.0288105010986328 0.1546630859375 0.57647705078125
0.0244827270507813 -0.0271644592285156 0.0990829467773438 -0.0673751831054688
-0.0202999114990234 -0.0264835357666016 -0.214111328125 -0.60400390625
-0.0443267822265625 -0.0104904174804687 -0.7205810546875 -0.15911865234375
-0.0255546569824219 -0.000612258911132818 -0.39166259765625 0.57666015625
0.0134944915771484 -0.0203342437744141 0.20709228515625 0.60791015625
0.0370025634765625 -0.0142097473144531 0.39617919921875 0.318084716796875
0.00954437255859375 0.00566005706787109 0.309417724609375 -0.034423828125
-0.00155735015869141 -0.011723518371582 0.11322021484375 -0.205978393554688
0.000791549682617185 -0.0267181396484375 -0.162384033203125 0.121383666992188
0.00102615356445313 -0.0214824676513672 -0.334808349609375 -0.12451171875
0.0224227905273438 -0.0219745635986328 -0.284515380859375 -0.427215576171875
0.0224533081054688 -0.00763893127441406 0.16656494140625 -0.55194091796875
-0.0171909332275391 0.0164422988891602 0.70440673828125 -0.13201904296875
-0.046600341796875 -0.0102272033691406 0.67388916015625 0.5152587890625
0.0118579864501953 -0.0332756042480469 0.1600341796875 0.57537841796875
0.0390281677246094 -0.0433998107910156 0.1009521484375 -0.0701751708984375
-0.00827598571777343 -0.0302410125732422 -0.21063232421875 -0.60931396484375
-0.0246734619140625 0.00380897521972656 -0.71685791015625 -0.1641845703125
-0.00844573974609375 0.0126810073852539 -0.38726806640625 0.574462890625
0.00954437255859375 -0.0102920532226563 0.2100830078125 0.61083984375
0.00899410247802734 -0.0175304412841797 0.396820068359375 0.323333740234375
-0.015772819519043 -0.0125751495361328 0.3092041015625 -0.0313720703125
-0.0123767852783203 -0.027252197265625 0.113601684570313 -0.205810546875
0.00136566162109375 -0.0468063354492187 -0.162506103515625 0.121658325195312
-0.0169181823730469 -0.0553321838378906 -0.341552734375 -0.116302490234375
-0.00895309448242188 -0.0451736450195312 -0.296051025390625 -0.41326904296875
0.00590705871582031 -0.00237369537353516 0.14471435546875 -0.55926513671875
-0.0124855041503906 0.0380744934082031 0.69244384765625 -0.17120361328125
-0.0354995727539063 0.0130767822265625 0.6864013671875 0.482421875
0.0228843688964844 -0.0374259948730469 0.17352294921875 0.567626953125
0.05364990234375 -0.05999755859375 0.0968399047851563 -0.0626907348632813
0.00509071350097656 -0.0345001220703125 -0.19842529296875 -0.61737060546875
-0.0037984848022461 0.0154628753662109 -0.7200927734375 -0.1956787109375
0.0101528167724609 0.0270347595214844 -0.415740966796875 0.559173583984375
0.00650453567504883 0.0012812614440918 0.187255859375 0.618896484375
-0.0179824829101563 -0.0205669403076172 0.38604736328125 0.33758544921875
-0.0413894653320313 -0.0320014953613281 0.30780029296875 -0.02545166015625
-0.0198402404785156 -0.0440177917480469 0.112945556640625 -0.203689575195313
0.00218582153320313 -0.059539794921875 -0.16259765625 0.127243041992188
-0.0335693359375 -0.0814208984375 -0.34649658203125 -0.0981750488281251
-0.0386886596679687 -0.0556678771972656 -0.31195068359375 -0.39373779296875
-0.0061192512512207 0.00615835189819336 0.10992431640625 -0.5748291015625
-0.00524139404296875 0.0569915771484375 0.66412353515625 -0.23779296875
-0.0205535888671875 0.0322647094726562 0.700439453125 0.41448974609375
0.0333061218261719 -0.0409049987792969 0.190399169921875 0.553802490234375
0.067413330078125 -0.0720291137695313 0.0887451171875 -0.0468902587890625
0.0183830261230469 -0.0397377014160156 -0.1787109375 -0.62884521484375
0.0121879577636719 0.02520751953125 -0.72601318359375 -0.25177001953125
0.020904541015625 0.0428581237792969 -0.472991943359375 0.52728271484375
0.0014801025390625 0.0144472122192383 0.141357421875 0.62847900390625
-0.0406646728515625 -0.02667236328125 0.36846923828125 0.356231689453125
-0.0602531433105469 -0.0533866882324219 0.305999755859375 -0.014556884765625
-0.0230751037597656 -0.05877685546875 0.11602783203125 -0.202728271484375
0.00192642211914063 -0.0672836303710938 -0.15826416015625 0.134811401367188
-0.0499038696289062 -0.0893936157226563 -0.345123291015625 -0.0743408203125
-0.0586471557617188 -0.0525321960449219 -0.328643798828125 -0.376068115234375
-0.00825119018554688 0.0170392990112305 0.05841064453125 -0.600830078125
0.00899505615234375 0.0671615600585938 0.6182861328125 -0.31787109375
-0.00599288940429688 0.0432586669921875 0.70458984375 0.33294677734375
0.0400962829589844 -0.0413055419921875 0.211212158203125 0.539154052734375
0.0755615234375 -0.0781784057617188 0.0737152099609375 -0.0244293212890625
0.0292243957519531 -0.0393447875976563 -0.15264892578125 -0.64190673828125
0.0217933654785156 0.0323200225830078 -0.73126220703125 -0.3294677734375
0.0252189636230469 0.057861328125 -0.54278564453125 0.473297119140625
-0.00581169128417969 0.0233135223388672 0.08154296875 0.62835693359375
-0.0571823120117188 -0.0374641418457031 0.344970703125 0.373931884765625
-0.06842041015625 -0.0744400024414062 0.30657958984375 -0.000549316406250005
-0.0206336975097656 -0.0683631896972656 0.120269775390625 -0.20062255859375
0.0178108215332031 0.0320777893066406 -0.150192260742188 0.145401000976563
0.0639190673828125 0.0622787475585938 -0.31048583984375 -0.0689086914062501
0.0970535278320313 0.0135498046875 -0.298919677734375 -0.41729736328125
0.0509719848632812 -0.0285453796386719 0.06512451171875 -0.63372802734375
-0.0353431701660156 -0.0322151184082031 0.60809326171875 -0.30712890625
-0.0851669311523437 -0.0467529296875 0.67034912109375 0.347900390625
-0.0249862670898438 -0.014984130859375 0.179901123046875 0.55255126953125
0.00358343124389649 0.0084376335144043 0.066986083984375 -0.0144844055175781
-0.0306415557861328 -0.0277671813964844 -0.17767333984375 -0.62762451171875
-0.0657997131347656 -0.0517578125 -0.7576904296875 -0.3018798828125
-0.0414276123046875 -0.0366554260253906 -0.548004150390625 0.478607177734375
0.0413627624511719 -0.027984619140625 0.07659912109375 0.59375
0.0909576416015625 0.0226669311523438 0.357879638671875 0.323944091796875
0.0514907836914062 0.05419921875 0.31744384765625 -0.0152587890625
0.02020263671875 0.0234031677246094 0.120513916015625 -0.203201293945313
0.00734519958496094 0.0261898040771484 -0.154388427734375 0.139144897460937
0.0505867004394531 0.0640792846679688 -0.314727783203125 -0.089080810546875
0.0917510986328125 0.0235366821289063 -0.283233642578125 -0.4222412109375
0.0537872314453125 -0.0224113464355469 0.1163330078125 -0.60272216796875
-0.0281124114990234 -0.0331783294677734 0.6553955078125 -0.23114013671875
-0.0796051025390625 -0.0539398193359375 0.666748046875 0.41864013671875
-0.0219955444335938 -0.0192680358886719 0.16619873046875 0.560943603515625
0.00459480285644531 0.000530719757080078 0.0792312622070313 -0.0365676879882813
-0.032928466796875 -0.0257854461669922 -0.1956787109375 -0.61474609375
-0.066986083984375 -0.0390777587890625 -0.74359130859375 -0.23138427734375
-0.0449790954589844 -0.0292816162109375 -0.48028564453125 0.52923583984375
0.0279960632324219 -0.0326938629150391 0.13037109375 0.59771728515625
0.0827407836914063 0.0075531005859375 0.3712158203125 0.318084716796875
0.0478324890136719 0.0408248901367188 0.311676025390625 -0.0263671875
0.01593017578125 0.0160551071166992 0.114654541015625 -0.204696655273437
0.00121212005615234 0.0118865966796875 -0.15948486328125 0.130401611328125
0.0338592529296875 0.0491943359375 -0.32208251953125 -0.10308837890625
0.0760498046875 0.02008056640625 -0.27288818359375 -0.423919677734375
0.0513648986816406 -0.0142440795898438 0.15216064453125 -0.57470703125
-0.0224132537841797 -0.0209102630615234 0.6812744140625 -0.16796875
-0.068145751953125 -0.0470771789550781 0.6614990234375 0.4779052734375
-0.0118675231933594 -0.0223731994628906 0.15582275390625 0.56732177734375
0.011509895324707 -0.0108413696289063 0.0914688110351563 -0.0563278198242188
-0.0275115966796875 -0.0261554718017578 -0.20745849609375 -0.60467529296875
-0.0591964721679688 -0.0234527587890625 -0.7261962890625 -0.18170166015625
-0.0397224426269531 -0.0157470703125 -0.419891357421875 0.55865478515625
0.0201930999755859 -0.0294380187988281 0.1787109375 0.59912109375
0.0618782043457031 -0.00592803955078125 0.385040283203125 0.312042236328125
0.0339279174804688 0.02716064453125 0.31024169921875 -0.03094482421875
0.00789022445678711 0.00304937362670898 0.114654541015625 -0.205657958984375
4.67300415039065E-05 -0.00830698013305664 -0.162277221679688 0.124298095703125
0.0185604095458984 0.0171260833740234 -0.32623291015625 -0.11883544921875
0.0519371032714844 0.00201797485351563 -0.276153564453125 -0.42718505859375
0.0383644104003906 -0.0113983154296875 0.1650390625 -0.5546875
-0.01953125 -0.00490760803222656 0.696044921875 -0.13427734375
-0.0581321716308594 -0.0322952270507812 0.66070556640625 0.510009765625
-0.00184440612792969 -0.0290088653564453 0.15570068359375 0.57086181640625
0.0240974426269531 -0.0234832763671875 0.0993804931640625 -0.067047119140625
-0.0211753845214844 -0.0274028778076172 -0.2127685546875 -0.60260009765625
-0.0436859130859375 -0.00917816162109375 -0.71514892578125 -0.15771484375
-0.0258502960205078 -0.000606536865234376 -0.38677978515625 0.57318115234375
0.0127811431884766 -0.0216464996337891 0.20672607421875 0.6011962890625
0.0364036560058594 -0.01361083984375 0.39434814453125 0.3128662109375
0.00994205474853516 0.00578403472900391 0.307281494140625 -0.035125732421875
-0.00247669219970703 -0.0104188919067383 0.113388061523438 -0.206069946289062
0.000698089599609378 -0.0276927947998047 -0.1632080078125 0.122482299804688
0.000225067138671876 -0.0207462310791016 -0.33441162109375 -0.12164306640625
0.0218238830566406 -0.0225105285644531 -0.28387451171875 -0.4224853515625
0.0227794647216797 -0.00564002990722656 0.1611328125 -0.5487060546875
-0.0170707702636719 0.0167160034179688 0.6990966796875 -0.13336181640625
-0.0460319519042969 -0.0106735229492187 0.6688232421875 0.51165771484375
0.0107975006103516 -0.0327262878417969 0.15899658203125 0.5689697265625
0.0379829406738281 -0.0425453186035156 0.1004638671875 -0.0709609985351563
-0.00790214538574219 -0.0299358367919922 -0.21160888671875 -0.60491943359375
-0.0228614807128906 0.00434494018554688 -0.712646484375 -0.1629638671875
-0.00749111175537109 0.0134830474853516 -0.38232421875 0.57318115234375
0.00944995880126953 -0.00992012023925781 0.20880126953125 0.6053466796875
0.00966644287109375 -0.0176753997802734 0.39593505859375 0.320068359375
-0.0163497924804687 -0.0133514404296875 0.307037353515625 -0.03228759765625
-0.0137138366699219 -0.0266189575195313 0.1114501953125 -0.20513916015625
0.00227737426757812 -0.0475311279296875 -0.161972045898438 0.1221923828125
-0.0175132751464844 -0.0549430847167969 -0.34033203125 -0.11407470703125
-0.00854110717773438 -0.0452690124511719 -0.296234130859375 -0.409393310546875
0.00610637664794922 -0.00192451477050781 0.141082763671875 -0.555084228515625
-0.0124702453613281 0.0385818481445313 0.6885986328125 -0.17083740234375
-0.0347633361816406 0.0129299163818359 0.68328857421875 0.4757080078125
0.0230293273925781 -0.0359535217285156 0.173370361328125 0.561767578125
0.0533294677734375 -0.059326171875 0.0959091186523437 -0.062591552734375
0.00441551208496094 -0.0344600677490234 -0.1983642578125 -0.61346435546875
-0.00398063659667969 0.0157699584960938 -0.716796875 -0.193115234375
0.0105724334716797 0.0276336669921875 -0.412261962890625 0.556610107421875
0.00795078277587891 0.00208759307861328 0.18975830078125 0.6138916015625
-0.0172595977783203 -0.0196418762207031 0.38409423828125 0.334991455078125
-0.0401496887207031 -0.0313606262207031 0.30517578125 -0.02691650390625
-0.0215377807617188 -0.0429458618164062 0.113006591796875 -0.20452880859375
0.00188446044921876 -0.0607566833496094 -0.161819458007813 0.126907348632812
-0.0349807739257812 -0.0817337036132813 -0.34442138671875 -0.094696044921875
-0.0385818481445313 -0.05657958984375 -0.31219482421875 -0.39019775390625
-0.00697088241577148 0.00624513626098633 0.10693359375 -0.5723876953125
-0.00374984741210937 0.0570449829101563 0.65960693359375 -0.23779296875
-0.0207252502441406 0.0313758850097656 0.697998046875 0.410400390625
0.0321273803710938 -0.0391807556152344 0.190093994140625 0.550384521484375
0.0661773681640625 -0.0717926025390625 0.0861740112304688 -0.0454864501953125
0.0181541442871094 -0.0387916564941406 -0.1767578125 -0.623046875
0.0126113891601563 0.0243492126464844 -0.7222900390625 -0.24847412109375
0.0232086181640625 0.0428276062011719 -0.466705322265625 0.52435302734375
0.00163078308105469 0.0131683349609375 0.142822265625 0.622314453125
-0.0411643981933594 -0.0259780883789063 0.369384765625 0.35333251953125
-0.0597457885742188 -0.0522842407226563 0.303466796875 -0.015411376953125
-0.024078369140625 -0.0574226379394531 0.115707397460938 -0.202667236328125
0.00198745727539062 -0.067169189453125 -0.156631469726563 0.135162353515625
-0.050445556640625 -0.0901031494140625 -0.344024658203125 -0.07232666015625
-0.0592422485351563 -0.0508079528808594 -0.329742431640625 -0.370361328125
-0.0106544494628906 0.017730712890625 0.0583496093749999 -0.59613037109375
0.00976181030273438 0.0662345886230469 0.6143798828125 -0.31494140625
-0.00662994384765625 0.041748046875 0.7015380859375 0.3277587890625
0.04046630859375 -0.0413856506347656 0.21051025390625 0.535919189453125
0.0761184692382813 -0.0774688720703125 0.0732040405273438 -0.0232696533203125
0.0292167663574219 -0.0412101745605469 -0.15142822265625 -0.64044189453125
0.0225505828857422 0.0319747924804688 -0.72576904296875 -0.327880859375
0.0273094177246094 0.0577354431152344 -0.53826904296875 0.4718017578125
-0.00565719604492187 0.0246677398681641 0.0833740234375 0.6219482421875
-0.0576286315917969 -0.0363197326660156 0.34417724609375 0.370208740234375
-0.0681533813476563 -0.0753555297851563 0.302978515625 -0.00347900390625
-0.0211715698242187 -0.0687332153320313 0.116622924804688 -0.199447631835938
0.0166893005371094 0.0309295654296875 -0.1488037109375 0.146438598632812
0.0644989013671875 0.0602607727050781 -0.308502197265625 -0.06689453125
0.0966262817382813 0.0138473510742188 -0.29962158203125 -0.411041259765625
0.0487327575683594 -0.02862548828125 0.06512451171875 -0.62884521484375
-0.0356864929199219 -0.0309333801269531 0.6051025390625 -0.30560302734375
-0.0832366943359375 -0.0479888916015625 0.66522216796875 0.3468017578125
-0.0252037048339844 -0.0136890411376953 0.17822265625 0.54644775390625
0.00323009490966797 0.00884342193603516 0.0661087036132813 -0.0150947570800781
-0.0317859649658203 -0.0273418426513672 -0.17608642578125 -0.62298583984375
-0.0646324157714844 -0.0508193969726562 -0.75433349609375 -0.29949951171875
-0.042572021484375 -0.0363311767578125 -0.544952392578125 0.478424072265625
0.0396385192871094 -0.0279998779296875 0.0770263671875 0.58984375
0.0924835205078125 0.0216903686523438 0.3564453125 0.3211669921875
0.0520057678222656 0.0543746948242188 0.315582275390625 -0.0164794921875
0.0199031829833984 0.0231513977050781 0.120040893554688 -0.202835083007813
0.00748825073242188 0.0262050628662109 -0.152923583984375 0.139389038085938
0.0510902404785156 0.064178466796875 -0.312591552734375 -0.0853271484375
0.0934982299804688 0.024749755859375 -0.2833251953125 -0.417633056640625
0.0541534423828125 -0.0234146118164063 0.1163330078125 -0.598876953125
-0.0286178588867188 -0.0317668914794922 0.6497802734375 -0.2305908203125
-0.0782470703125 -0.05145263671875 0.662353515625 0.417236328125
-0.0220375061035156 -0.0183620452880859 0.16546630859375 0.55731201171875
0.00471639633178711 0.00233602523803711 0.079681396484375 -0.0350265502929688
-0.0319786071777344 -0.0257625579833984 -0.1939697265625 -0.61041259765625
-0.0680999755859375 -0.0386886596679687 -0.73883056640625 -0.2281494140625
-0.0461578369140625 -0.0269241333007812 -0.47601318359375 0.526824951171875
0.0294570922851563 -0.0326137542724609 0.1328125 0.5948486328125
0.0835952758789063 0.00595855712890625 0.36944580078125 0.31280517578125
0.0484542846679688 0.04193115234375 0.30975341796875 -0.0274658203125
0.0148715972900391 0.0167369842529297 0.114639282226563 -0.204025268554688
0.00186347961425781 0.0114421844482422 -0.158477783203125 0.130905151367188
0.0365104675292969 0.0480804443359375 -0.3203125 -0.10223388671875
0.0754013061523438 0.0188751220703125 -0.272003173828125 -0.421966552734375
0.049346923828125 -0.01556396484375 0.15081787109375 -0.57086181640625
-0.0224132537841797 -0.021820068359375 0.6766357421875 -0.16754150390625
-0.0662498474121094 -0.0464439392089844 0.65740966796875 0.4742431640625
-0.0138149261474609 -0.0222740173339844 0.15399169921875 0.56298828125
0.0122365951538086 -0.0108203887939453 0.0924301147460938 -0.054107666015625
-0.028961181640625 -0.0252246856689453 -0.203857421875 -0.6009521484375
-0.0602989196777344 -0.0232162475585937 -0.72381591796875 -0.1805419921875
-0.0395393371582031 -0.0154037475585937 -0.417724609375 0.559326171875
0.0188426971435547 -0.0282325744628906 0.179443359375 0.598388671875
0.0635833740234375 -0.00793075561523438 0.385345458984375 0.308929443359375
0.0338172912597656 0.0250263214111328 0.30712890625 -0.03155517578125
0.00669050216674805 0.00514602661132813 0.1121826171875 -0.204391479492188
-0.000946044921875001 -0.00870084762573242 -0.161865234375 0.12457275390625
0.0177707672119141 0.0179615020751953 -0.325531005859375 -0.1156005859375
0.0502052307128906 0.0019989013671875 -0.276641845703125 -0.423370361328125
0.0391998291015625 -0.0103416442871094 0.1627197265625 -0.55218505859375
-0.0181484222412109 -0.00499916076660156 0.69195556640625 -0.1346435546875
-0.057220458984375 -0.0311508178710938 0.65911865234375 0.50677490234375
-0.00327873229980469 -0.0294208526611328 0.1536865234375 0.5665283203125
0.0242080688476563 -0.0258960723876953 0.0986328125 -0.0664215087890625
-0.0190715789794922 -0.0275039672851563 -0.212646484375 -0.598388671875
-0.0431900024414063 -0.00979995727539062 -0.7115478515625 -0.1561279296875
-0.0250892639160156 -0.000257492065429689 -0.38372802734375 0.572509765625
0.0124626159667969 -0.0203666687011719 0.20745849609375 0.59906005859375
0.0360755920410156 -0.0140495300292969 0.393646240234375 0.310272216796875
0.0107135772705078 0.00572967529296875 0.30303955078125 -0.036468505859375
-0.00284481048583984 -0.00964450836181641 0.11151123046875 -0.206130981445313
0.00178337097167969 -0.0279121398925781 -0.161651611328125 0.12261962890625
0.00130653381347656 -0.0209980010986328 -0.33221435546875 -0.120330810546875
0.0228824615478516 -0.0238475799560547 -0.285125732421875 -0.417724609375
0.0217247009277344 -0.00670433044433594 0.15911865234375 -0.5447998046875
-0.016667366027832 0.0167913436889648 0.695068359375 -0.13409423828125
-0.0455665588378906 -0.00983428955078125 0.6656494140625 0.5074462890625
0.0101089477539062 -0.0329704284667969 0.1563720703125 0.56536865234375
0.0378684997558594 -0.0418586730957031 0.100013732910156 -0.0698165893554688
-0.00829696655273437 -0.0301170349121094 -0.20892333984375 -0.600830078125
-0.0237026214599609 0.00455665588378907 -0.70782470703125 -0.1614990234375
-0.00782871246337891 0.0130290985107422 -0.37799072265625 0.5692138671875
0.00943851470947266 -0.0104637145996094 0.211669921875 0.60137939453125
0.00909996032714844 -0.0176830291748047 0.393768310546875 0.317596435546875
-0.0152978897094727 -0.0132427215576172 0.305328369140625 -0.0341796875
-0.0135231018066406 -0.0270099639892578 0.111251831054687 -0.204986572265625
0.00189971923828125 -0.0468978881835938 -0.161575317382813 0.123550415039062
-0.0173225402832031 -0.0547637939453125 -0.338653564453125 -0.11187744140625
-0.00890731811523438 -0.0453948974609375 -0.29644775390625 -0.404266357421875
0.00536584854125977 -0.0016331672668457 0.139404296875 -0.5523681640625
-0.0124397277832031 0.0390052795410156 0.68218994140625 -0.17041015625
-0.0334815979003906 0.0131454467773438 0.6787109375 0.4725341796875
0.0237617492675781 -0.0369300842285156 0.1722412109375 0.55731201171875
0.053131103515625 -0.0579910278320312 0.095977783203125 -0.0626449584960937
0.00561714172363281 -0.0340747833251953 -0.1988525390625 -0.6080322265625
-0.00284099578857422 0.015202522277832 -0.7127685546875 -0.19158935546875
0.0102806091308594 0.0276660919189453 -0.4073486328125 0.554351806640625
0.00702905654907227 0.00169706344604492 0.1890869140625 0.61004638671875
-0.0176239013671875 -0.0201530456542969 0.382781982421875 0.33203125
-0.0416374206542969 -0.03179931640625 0.302581787109375 -0.027862548828125
-0.0216484069824219 -0.0429840087890625 0.111801147460938 -0.203842163085938
0.00069046020507812 -0.0612983703613281 -0.160812377929688 0.127471923828125
-0.033966064453125 -0.0789947509765625 -0.343353271484375 -0.0927124023437499
-0.038421630859375 -0.0557785034179688 -0.311309814453125 -0.3863525390625
-0.00754451751708984 0.00785493850708008 0.1038818359375 -0.56787109375
-0.002288818359375 0.058074951171875 0.65643310546875 -0.2359619140625
-0.01947021484375 0.0318775177001953 0.69189453125 0.408203125
0.0332756042480469 -0.0402259826660156 0.18902587890625 0.547332763671875
0.0661087036132813 -0.0720138549804688 0.0868606567382813 -0.0449142456054688
0.0188751220703125 -0.0380096435546875 -0.1766357421875 -0.61962890625
0.0141201019287109 0.0239295959472656 -0.71728515625 -0.24664306640625
0.0216865539550781 0.0437088012695313 -0.462310791015625 0.52276611328125
0.0034027099609375 0.0137052536010742 0.14361572265625 0.61883544921875
-0.0405197143554687 -0.0255775451660156 0.3680419921875 0.34808349609375
-0.0600395202636719 -0.053070068359375 0.30218505859375 -0.015411376953125
-0.0255546569824219 -0.05755615234375 0.113845825195312 -0.201416015625
0.00210189819335937 -0.0675582885742188 -0.157379150390625 0.13507080078125
-0.0517578125 -0.0892333984375 -0.340850830078125 -0.0697021484375
-0.0578193664550781 -0.0495758056640625 -0.3287353515625 -0.367340087890625
-0.0110492706298828 0.0164031982421875 0.05450439453125 -0.59307861328125
0.00954055786132813 0.0673027038574219 0.6087646484375 -0.314453125
-0.0041656494140625 0.0428848266601562 0.6961669921875 0.32806396484375
0.0388870239257813 -0.0432395935058594 0.208465576171875 0.53204345703125
0.0743865966796875 -0.0786666870117188 0.0733718872070313 -0.0219192504882813
0.0298271179199219 -0.0413665771484375 -0.1529541015625 -0.63330078125
0.022430419921875 0.0327281951904297 -0.7222900390625 -0.32366943359375
0.0251922607421875 0.0577774047851562 -0.53533935546875 0.4713134765625
-0.00519561767578125 0.0233898162841797 0.08447265625 0.61798095703125
-0.0574951171875 -0.0360298156738281 0.344024658203125 0.3656005859375
-0.0685882568359375 -0.07269287109375 0.301055908203125 -0.002685546875
-0.0215797424316406 -0.0678863525390625 0.116607666015625 -0.19940185546875
0.0172195434570313 0.0311222076416016 -0.148651123046875 0.144638061523438
0.0646018981933594 0.0611114501953125 -0.307403564453125 -0.067535400390625
0.0966415405273437 0.0132293701171875 -0.301055908203125 -0.407501220703125
0.0484046936035156 -0.0284385681152344 0.06231689453125 -0.62591552734375
-0.0357093811035156 -0.0306854248046875 0.601806640625 -0.303955078125
-0.0826644897460938 -0.046478271484375 0.660400390625 0.3447265625
-0.0259952545166016 -0.0129146575927734 0.176788330078125 0.54449462890625
0.00161457061767578 0.00817441940307617 0.0662765502929687 -0.0142478942871094
-0.0308284759521484 -0.0263862609863281 -0.17529296875 -0.62060546875
-0.0652618408203125 -0.0508499145507812 -0.75201416015625 -0.299560546875
-0.0439453125 -0.0348014831542969 -0.542236328125 0.47454833984375
0.0389900207519531 -0.0291366577148438 0.0767822265625 0.5859375
0.0913848876953125 0.0213546752929688 0.354949951171875 0.31915283203125
0.0508918762207031 0.0547904968261719 0.31207275390625 -0.017852783203125
0.0189933776855469 0.02349853515625 0.118820190429687 -0.202713012695313
0.00793838500976563 0.0263938903808594 -0.153640747070313 0.139755249023437
0.0511398315429687 0.0644378662109375 -0.31390380859375 -0.083953857421875
0.08984375 0.0223236083984375 -0.284423828125 -0.414642333984375
0.0534172058105469 -0.0222892761230469 0.1121826171875 -0.5955810546875
-0.0301628112792969 -0.0318775177001953 0.64569091796875 -0.229248046875
-0.076446533203125 -0.0522689819335938 0.65716552734375 0.4176025390625
-0.022735595703125 -0.0191669464111328 0.162384033203125 0.5550537109375
0.00411868095397949 0.00109434127807617 0.0779571533203125 -0.0356826782226563
-0.0335044860839844 -0.0260066986083984 -0.19384765625 -0.60699462890625
-0.0679893493652344 -0.0375022888183594 -0.7352294921875 -0.227294921875
-0.045745849609375 -0.0272560119628906 -0.473602294921875 0.5235595703125
0.0289688110351563 -0.0330772399902344 0.13043212890625 0.59375
0.0818557739257813 0.00569915771484375 0.367706298828125 0.311431884765625
0.0491142272949219 0.0417098999023437 0.308197021484375 -0.0263671875
0.014002799987793 0.0171022415161133 0.113327026367188 -0.203720092773437
0.00151824951171875 0.0113563537597656 -0.158615112304688 0.131805419921875
0.0354156494140625 0.0486259460449219 -0.3187255859375 -0.1004638671875
0.075836181640625 0.0205917358398438 -0.271636962890625 -0.418609619140625
0.0498123168945313 -0.0145378112792969 0.14849853515625 -0.565185546875
-0.0223751068115234 -0.0213050842285156 0.6741943359375 -0.1668701171875
-0.0660896301269531 -0.0456275939941406 0.65496826171875 0.4732666015625
-0.0144023895263672 -0.0225067138671875 0.150665283203125 0.561981201171875
0.00992679595947266 -0.00948143005371094 0.0910415649414063 -0.0544586181640625
-0.0285263061523438 -0.0249614715576172 -0.2041015625 -0.59698486328125
-0.0597152709960938 -0.0223121643066406 -0.72174072265625 -0.181396484375
-0.0399513244628906 -0.0157699584960937 -0.416107177734375 0.55303955078125
0.0188827514648438 -0.0284900665283203 0.1800537109375 0.5924072265625
0.0601806640625 -0.00656509399414062 0.3834228515625 0.30828857421875
0.0334548950195313 0.0242214202880859 0.30609130859375 -0.032440185546875
0.00514507293701172 0.0052495002746582 0.111831665039063 -0.20562744140625
-3.52859497070315E-05 -0.00933742523193359 -0.1614990234375 0.12554931640625
0.0188388824462891 0.0174102783203125 -0.32366943359375 -0.11309814453125
0.0512619018554688 0.00179672241210938 -0.27630615234375 -0.41998291015625
0.037567138671875 -0.0112380981445313 0.161376953125 -0.548828125
-0.019012451171875 -0.00444602966308594 0.68853759765625 -0.13079833984375
-0.057098388671875 -0.0302009582519531 0.654296875 0.5062255859375
-0.00215721130371094 -0.0263996124267578 0.14996337890625 0.56524658203125
0.0231552124023438 -0.0260601043701172 0.0990142822265625 -0.0666122436523438
-0.0197391510009766 -0.0262031555175781 -0.21185302734375 -0.595703125
-0.0423660278320313 -0.00840377807617188 -0.7083740234375 -0.15826416015625
-0.0243473052978516 -0.0011444091796875 -0.38134765625 0.5677490234375
0.0123958587646484 -0.0211029052734375 0.2064208984375 0.59515380859375
0.0349407196044922 -0.0138778686523437 0.39251708984375 0.30810546875
0.0107831954956055 0.00618457794189453 0.301849365234375 -0.0345458984375
-0.00385856628417969 -0.00921916961669922 0.110504150390625 -0.205459594726563
0.000841140747070314 -0.0278205871582031 -0.161758422851563 0.123001098632813
0.000587463378906248 -0.0203609466552734 -0.331451416015625 -0.11798095703125
0.0225429534912109 -0.0229511260986328 -0.28472900390625 -0.416107177734375
0.0210628509521484 -0.00650596618652344 0.157745361328125 -0.543426513671875
-0.0161151885986328 0.0168294906616211 0.68853759765625 -0.131591796875
-0.0457077026367188 -0.0101165771484375 0.661376953125 0.50567626953125
0.0102863311767578 -0.0326480865478516 0.15570068359375 0.5626220703125
0.0379867553710937 -0.0417366027832031 0.100181579589844 -0.0691757202148438
-0.00750160217285157 -0.0282974243164063 -0.20672607421875 -0.5970458984375
-0.0229682922363281 0.0037384033203125 -0.7059326171875 -0.15826416015625
-0.0076913833618164 0.013066291809082 -0.377197265625 0.56658935546875
0.00911426544189453 -0.00954723358154297 0.210693359375 0.59832763671875
0.00841712951660156 -0.0182418823242188 0.391632080078125 0.31439208984375
-0.016087532043457 -0.012660026550293 0.302215576171875 -0.035247802734375
-0.0144767761230469 -0.0268878936767578 0.110305786132812 -0.204513549804688
0.000534057617187502 -0.0478973388671875 -0.161209106445313 0.122894287109375
-0.0175285339355469 -0.0547103881835938 -0.3387451171875 -0.1092529296875
-0.00942230224609375 -0.0441055297851563 -0.296417236328125 -0.4017333984375
0.00572299957275391 -0.00161409378051758 0.1353759765625 -0.549530029296875
-0.0114593505859375 0.0394248962402344 0.67901611328125 -0.16961669921875
-0.0331516265869141 0.0123100280761719 0.6759033203125 0.47021484375
0.0227775573730469 -0.0370979309082031 0.16888427734375 0.553558349609375
0.0531349182128906 -0.0582466125488281 0.096038818359375 -0.0628128051757813
0.00590324401855469 -0.0341739654541016 -0.196533203125 -0.60589599609375
-0.00214004516601562 0.0149097442626953 -0.708984375 -0.1895751953125
0.00951004028320313 0.0271053314208984 -0.40557861328125 0.550933837890625
0.00672674179077148 0.0020599365234375 0.19012451171875 0.6075439453125
-0.017242431640625 -0.0198516845703125 0.384246826171875 0.3297119140625
-0.0415382385253906 -0.0318260192871094 0.3016357421875 -0.0272216796875
-0.0216293334960938 -0.0436515808105469 0.110671997070313 -0.203384399414063
0.00123214721679688 -0.0608291625976563 -0.161575317382813 0.1285400390625
-0.0352020263671875 -0.0799331665039063 -0.3419189453125 -0.089813232421875
-0.0384712219238281 -0.0547447204589844 -0.3123779296875 -0.38153076171875
-0.00531101226806641 0.00733280181884766 0.101806640625 -0.56463623046875
-0.00237274169921875 0.0560722351074219 0.6514892578125 -0.23333740234375
-0.0188350677490234 0.0309085845947266 0.688232421875 0.40533447265625
0.0333633422851563 -0.0401382446289063 0.18634033203125 0.543365478515625
0.0661163330078125 -0.0705413818359375 0.08795166015625 -0.0449371337890625
0.0190505981445312 -0.03790283203125 -0.17608642578125 -0.6168212890625
0.0143165588378906 0.024169921875 -0.713623046875 -0.2445068359375
0.0226325988769531 0.0433082580566406 -0.459075927734375 0.519287109375
0.00169849395751953 0.0128812789916992 0.14385986328125 0.61572265625
-0.0405235290527344 -0.0256881713867188 0.366302490234375 0.347625732421875
-0.0592002868652344 -0.05157470703125 0.3004150390625 -0.01617431640625
-0.0255165100097656 -0.0568580627441406 0.1146240234375 -0.201416015625
0.000106811523437497 -0.0670394897460938 -0.156356811523438 0.134735107421875
-0.05224609375 -0.0889205932617188 -0.341094970703125 -0.0686035156249999
-0.0575180053710938 -0.0492401123046875 -0.32794189453125 -0.366302490234375
-0.0112514495849609 0.0182151794433594 0.0513305664062499 -0.5885009765625
0.00835800170898438 0.0673713684082031 0.60577392578125 -0.31219482421875
-0.00482940673828125 0.0416336059570313 0.6920166015625 0.324462890625
0.0401496887207031 -0.0414199829101563 0.205841064453125 0.5299072265625
0.074462890625 -0.0781021118164063 0.0726394653320313 -0.0224456787109375
0.031402587890625 -0.0393753051757812 -0.1502685546875 -0.630126953125
0.0239620208740234 0.0316276550292969 -0.718505859375 -0.322509765625
0.0262832641601563 0.0579605102539063 -0.530548095703125 0.46722412109375
-0.00537681579589844 0.0245018005371094 0.0840454101562499 0.6158447265625
-0.0570030212402344 -0.0345306396484375 0.34197998046875 0.364410400390625
-0.068695068359375 -0.0739669799804688 0.29937744140625 -0.00244140625
-0.0228462219238281 -0.0668792724609375 0.117141723632813 -0.200225830078125
0.0171451568603516 0.0312824249267578 -0.147567749023437 0.144424438476563
0.0640830993652344 0.0610618591308594 -0.306976318359375 -0.0659790039062501
0.0956802368164063 0.01434326171875 -0.2991943359375 -0.40545654296875
0.0482978820800781 -0.028839111328125 0.0621948242187501 -0.62298583984375
-0.0366439819335938 -0.03125 0.6005859375 -0.30364990234375
-0.0833587646484375 -0.047607421875 0.65625 0.3453369140625
-0.0250225067138672 -0.013031005859375 0.173797607421875 0.54241943359375
0.000528812408447266 0.00841760635375977 0.0659980773925781 -0.0142288208007813
-0.0321636199951172 -0.025909423828125 -0.1737060546875 -0.619384765625
-0.0644645690917969 -0.0498580932617188 -0.7484130859375 -0.2972412109375
-0.0431556701660156 -0.0358695983886719 -0.5399169921875 0.4718017578125
0.0393333435058594 -0.029266357421875 0.07757568359375 0.58355712890625
0.0931854248046875 0.0208282470703125 0.35211181640625 0.3179931640625
0.0525627136230469 0.0541839599609375 0.311492919921875 -0.01727294921875
0.0185184478759766 0.0221385955810547 0.118484497070313 -0.20318603515625
0.00701713562011718 0.0264415740966797 -0.153045654296875 0.1397705078125
0.0519256591796875 0.0640106201171875 -0.311248779296875 -0.08367919921875
0.0924835205078125 0.0226058959960938 -0.283447265625 -0.413177490234375
0.0526885986328125 -0.0209579467773437 0.11236572265625 -0.59307861328125
-0.0292015075683594 -0.0317306518554688 0.6444091796875 -0.226806640625
-0.0783767700195313 -0.0538330078125 0.654052734375 0.41729736328125
-0.02398681640625 -0.0183086395263672 0.15826416015625 0.552459716796875
0.00327849388122559 0.00219392776489258 0.0801467895507813 -0.03619384765625
-0.0333633422851562 -0.0261917114257812 -0.1895751953125 -0.603515625
-0.0665969848632813 -0.0386161804199219 -0.73175048828125 -0.22930908203125
-0.0446395874023438 -0.0269088745117188 -0.471588134765625 0.520294189453125
0.0280113220214844 -0.0334320068359375 0.1280517578125 0.5899658203125
0.0825881958007813 0.00463104248046875 0.3677978515625 0.3099365234375
0.0494155883789062 0.0428466796875 0.30657958984375 -0.027313232421875
0.0129299163818359 0.0175991058349609 0.114425659179687 -0.203094482421875
0.00205421447753906 0.0116281509399414 -0.158462524414063 0.131301879882812
0.0358924865722656 0.0488510131835938 -0.318511962890625 -0.099945068359375
0.0766372680664063 0.0198135375976563 -0.2713623046875 -0.4146728515625
0.0501441955566406 -0.01446533203125 0.14886474609375 -0.56475830078125
-0.0219306945800781 -0.0216045379638672 0.67254638671875 -0.1654052734375
-0.0657958984375 -0.0462875366210938 0.64862060546875 0.47344970703125
-0.0143699645996094 -0.02294921875 0.148223876953125 0.560211181640625
0.00981044769287109 -0.0103702545166016 0.0908126831054688 -0.0545806884765625
-0.0290718078613281 -0.0255355834960937 -0.2027587890625 -0.595947265625
-0.0600624084472656 -0.0236549377441406 -0.71771240234375 -0.17950439453125
-0.0395774841308594 -0.013946533203125 -0.414093017578125 0.5506591796875
0.0176620483398438 -0.0287628173828125 0.177978515625 0.59295654296875
0.0613822937011719 -0.00767135620117188 0.381591796875 0.3050537109375
0.0338134765625 0.0249824523925781 0.30401611328125 -0.032958984375
0.00579643249511719 0.00586032867431641 0.111587524414063 -0.20465087890625
-0.000931739807128906 -0.00898361206054688 -0.161224365234375 0.125411987304688
0.0179691314697266 0.0173282623291016 -0.323577880859375 -0.112701416015625
0.0507164001464844 0.00168228149414063 -0.276031494140625 -0.4200439453125
0.0382843017578125 -0.0101509094238281 0.15911865234375 -0.547210693359375
-0.0196495056152344 -0.00464439392089844 0.68560791015625 -0.13037109375
-0.0570869445800781 -0.0324592590332031 0.6524658203125 0.50518798828125
-0.00366020202636719 -0.0271701812744141 0.14862060546875 0.561920166015625
0.0235958099365234 -0.0241622924804688 0.0987396240234375 -0.0655136108398438
-0.0201225280761719 -0.0258064270019531 -0.20697021484375 -0.59478759765625
-0.0438117980957031 -0.00925827026367188 -0.7059326171875 -0.15618896484375
-0.0250358581542969 -0.000289916992187495 -0.380126953125 0.56689453125
0.0117130279541016 -0.0211257934570313 0.20458984375 0.59564208984375
0.0346908569335938 -0.0142116546630859 0.391693115234375 0.3072509765625
0.0115861892700195 0.00597095489501953 0.3011474609375 -0.0362548828125
-0.00361251831054688 -0.0102834701538086 0.110061645507813 -0.205612182617188
0.000902175903320313 -0.0280952453613281 -0.161087036132813 0.1231689453125
0.000879287719726562 -0.0205650329589844 -0.330291748046875 -0.11627197265625
0.0228595733642578 -0.0238914489746094 -0.283905029296875 -0.413299560546875
0.0223712921142578 -0.00701141357421875 0.15594482421875 -0.540496826171875
-0.0174274444580078 0.0170488357543945 0.688232421875 -0.12945556640625
-0.0453605651855469 -0.00921630859375001 0.65765380859375 0.505126953125
0.010040283203125 -0.0325946807861328 0.153076171875 0.561126708984375
0.0382919311523438 -0.0416908264160156 0.100112915039063 -0.0693359375
-0.00764846801757812 -0.0292835235595703 -0.2052001953125 -0.5968017578125
-0.0228633880615234 0.00447845458984375 -0.703369140625 -0.15972900390625
-0.00752353668212891 0.0136432647705078 -0.3768310546875 0.564453125
0.00797080993652344 -0.0101394653320313 0.209228515625 0.5972900390625
0.00943374633789063 -0.0176448822021484 0.3924560546875 0.315582275390625
-0.0155467987060547 -0.0129375457763672 0.300994873046875 -0.035003662109375
-0.0144615173339844 -0.0258197784423828 0.11053466796875 -0.204238891601563
0.000507354736328125 -0.0473670959472656 -0.162628173828125 0.124420166015625
-0.0181045532226562 -0.0551300048828125 -0.337005615234375 -0.10906982421875
-0.00823974609375 -0.0449180603027344 -0.296295166015625 -0.400115966796875
0.00535917282104492 -0.00140380859375 0.1376953125 -0.5469970703125
-0.01202392578125 0.0388832092285156 0.675537109375 -0.166259765625
-0.0333786010742187 0.0124111175537109 0.67144775390625 0.4698486328125
0.0227203369140625 -0.0369300842285156 0.166168212890625 0.5537109375
0.05352783203125 -0.0574951171875 0.0970077514648438 -0.062896728515625
0.00648880004882812 -0.0338897705078125 -0.19354248046875 -0.60565185546875
-0.00146198272705078 0.0155544281005859 -0.7061767578125 -0.1915283203125
0.0107593536376953 0.0285587310791016 -0.406280517578125 0.547332763671875
0.00645971298217773 0.00185060501098633 0.1881103515625 0.60528564453125
-0.0173015594482422 -0.0199260711669922 0.38250732421875 0.32763671875
-0.0409164428710938 -0.030731201171875 0.3001708984375 -0.027984619140625
-0.0236244201660156 -0.0425033569335938 0.1104736328125 -0.202117919921875
0.00167465209960938 -0.0618171691894531 -0.162033081054688 0.128570556640625
-0.0357589721679687 -0.080047607421875 -0.340423583984375 -0.0879516601562501
-0.038543701171875 -0.0548095703125 -0.309906005859375 -0.381011962890625
-0.0059962272644043 0.00855875015258789 0.101348876953125 -0.56207275390625
-0.00329971313476563 0.0571441650390625 0.6502685546875 -0.2330322265625
-0.01763916015625 0.0318813323974609 0.68438720703125 0.40655517578125
0.032867431640625 -0.0405006408691406 0.18359375 0.5416259765625
0.0658378601074219 -0.0701866149902344 0.0861968994140625 -0.0458984375
0.0198554992675781 -0.0385780334472656 -0.1739501953125 -0.6148681640625
0.0147876739501953 0.0246047973632813 -0.710693359375 -0.24462890625
0.0229110717773438 0.0435371398925781 -0.458892822265625 0.517364501953125
0.0012969970703125 0.0144920349121094 0.14404296875 0.6138916015625
-0.0420913696289062 -0.0254325866699219 0.36578369140625 0.345916748046875
-0.0595932006835938 -0.0517997741699219 0.298492431640625 -0.0166015625
-0.026123046875 -0.0562782287597656 0.113510131835938 -0.20172119140625
0.000297546386718746 -0.0679244995117188 -0.158004760742188 0.136215209960938
-0.0526123046875 -0.0882339477539063 -0.338592529296875 -0.066986083984375
-0.0580177307128906 -0.0496635437011719 -0.32733154296875 -0.363739013671875
-0.00972366333007812 0.0185279846191406 0.0518798828125 -0.5865478515625
0.0102691650390625 0.06878662109375 0.60174560546875 -0.30975341796875
-0.00360107421875 0.0420570373535156 0.6895751953125 0.32568359375
0.0395240783691406 -0.0433616638183594 0.203521728515625 0.52783203125
0.0748672485351563 -0.0767669677734375 0.0729217529296875 -0.02197265625
0.0315322875976562 -0.0416030883789063 -0.14715576171875 -0.628662109375
0.0237178802490234 0.0313625335693359 -0.71728515625 -0.3212890625
0.0261917114257813 0.0564384460449219 -0.529052734375 0.4647216796875
-0.00571632385253906 0.0224285125732422 0.08453369140625 0.61175537109375
-0.0571022033691406 -0.0356178283691406 0.34320068359375 0.362213134765625
-0.0695419311523438 -0.072845458984375 0.2974853515625 -0.001708984375
-0.0228271484375 -0.0670242309570313 0.11651611328125 -0.199234008789062
0.0166130065917969 0.0298480987548828 -0.149581909179688 0.144622802734375
0.0654335021972656 0.0605926513671875 -0.306854248046875 -0.065521240234375
0.0961761474609375 0.0117034912109375 -0.300750732421875 -0.404144287109375
0.0464096069335938 -0.0276298522949219 0.0596923828125 -0.62139892578125
-0.03741455078125 -0.0310783386230469 0.598876953125 -0.29833984375
-0.082977294921875 -0.0476608276367187 0.65472412109375 0.34564208984375
-0.0263347625732422 -0.0122146606445313 0.171630859375 0.541412353515625
0.000304222106933594 0.00775623321533203 0.0662193298339844 -0.0123291015625
-0.0327033996582031 -0.0238761901855469 -0.17156982421875 -0.6168212890625
-0.064483642578125 -0.0489044189453125 -0.74639892578125 -0.29815673828125
-0.0428237915039063 -0.0350990295410156 -0.541656494140625 0.470672607421875
0.0377388000488281 -0.0281600952148438 0.0762939453124999 0.5833740234375
0.0914993286132813 0.02044677734375 0.353790283203125 0.3155517578125
0.0517997741699219 0.0543022155761719 0.310546875 -0.017425537109375
0.0188980102539062 0.0232334136962891 0.119033813476562 -0.202606201171875
0.00852394104003907 0.0261497497558594 -0.154067993164062 0.138916015625
0.0527458190917969 0.0636482238769531 -0.311126708984375 -0.0820007324218749
0.0925750732421875 0.0231399536132813 -0.28314208984375 -0.410552978515625
0.0529327392578125 -0.02020263671875 0.11236572265625 -0.5916748046875
-0.0304107666015625 -0.0319805145263672 0.64306640625 -0.22418212890625
-0.0773849487304688 -0.052215576171875 0.65106201171875 0.41680908203125
-0.0240478515625 -0.0176677703857422 0.15814208984375 0.551239013671875
0.00335526466369629 0.00260591506958008 0.0795440673828125 -0.03594970703125
-0.0332241058349609 -0.0255393981933594 -0.18878173828125 -0.6026611328125
-0.0669898986816406 -0.0376358032226563 -0.7308349609375 -0.23046875
-0.0468215942382813 -0.0279083251953125 -0.472198486328125 0.52081298828125
0.0268173217773437 -0.0343437194824219 0.13031005859375 0.5882568359375
0.0814437866210938 0.005126953125 0.3673095703125 0.3094482421875
0.0481414794921875 0.0421905517578125 0.30535888671875 -0.02618408203125
0.0135602951049805 0.0165557861328125 0.11444091796875 -0.203842163085937
0.00167655944824219 0.0121173858642578 -0.15814208984375 0.130691528320313
0.036590576171875 0.0484275817871094 -0.318603515625 -0.100128173828125
0.0751724243164063 0.01885986328125 -0.271697998046875 -0.41595458984375
0.0482711791992188 -0.0148963928222656 0.14599609375 -0.5653076171875
-0.0225067138671875 -0.0228595733642578 0.67181396484375 -0.1636962890625
-0.0662994384765625 -0.0477714538574219 0.64862060546875 0.4736328125
-0.0153675079345703 -0.0224342346191406 0.148468017578125 0.5584716796875
0.0103235244750977 -0.00901889801025391 0.0912704467773438 -0.0540695190429688
-0.0302639007568359 -0.0247573852539063 -0.197509765625 -0.5963134765625
-0.0594596862792969 -0.021697998046875 -0.7158203125 -0.180419921875
-0.0399246215820312 -0.0135002136230469 -0.4150390625 0.54815673828125
0.0181922912597656 -0.0296993255615234 0.1785888671875 0.5914306640625
0.062286376953125 -0.00740814208984375 0.380706787109375 0.3050537109375
0.0331058502197266 0.0238246917724609 0.3028564453125 -0.0340576171875
0.00400686264038086 0.00602865219116211 0.112136840820312 -0.205154418945312
-0.00158500671386719 -0.00934219360351563 -0.162826538085938 0.12530517578125
0.0188522338867187 0.0185222625732422 -0.32293701171875 -0.11236572265625
0.0512580871582031 0.000873565673828125 -0.2757568359375 -0.4180908203125
0.0374908447265625 -0.00940704345703125 0.159881591796875 -0.545623779296875
-0.0204601287841797 -0.00330543518066406 0.68450927734375 -0.1290283203125
-0.056549072265625 -0.031097412109375 0.64837646484375 0.50592041015625
-0.0030059814453125 -0.0269546508789062 0.145538330078125 0.560394287109375
0.0214099884033203 -0.0242710113525391 0.0985183715820313 -0.0654525756835938
-0.0193634033203125 -0.0253486633300781 -0.2060546875 -0.5946044921875
-0.0428962707519531 -0.00788116455078126 -0.704345703125 -0.1575927734375
-0.0256309509277344 1.9073486328124E-06 -0.3804931640625 0.5640869140625
0.0119552612304688 -0.0212535858154297 0.20428466796875 0.5927734375
0.0367813110351563 -0.01568603515625 0.391082763671875 0.30694580078125
0.0103979110717773 0.00483036041259766 0.300537109375 -0.03546142578125
-0.00442886352539063 -0.0101957321166992 0.109771728515625 -0.204696655273437
0.000432968139648438 -0.0283374786376953 -0.16156005859375 0.124771118164063
0.000553131103515627 -0.0200519561767578 -0.330902099609375 -0.116363525390625
0.0219821929931641 -0.0237560272216797 -0.283905029296875 -0.412384033203125
0.0222873687744141 -0.00641632080078125 0.154388427734375 -0.538665771484375
-0.0169706344604492 0.017364501953125 0.6866455078125 -0.127685546875
-0.0443572998046875 -0.00970458984374999 0.65667724609375 0.5068359375
0.0102729797363281 -0.0325222015380859 0.150848388671875 0.559906005859375
0.0376129150390625 -0.0407485961914063 0.100379943847656 -0.069061279296875
-0.00765609741210937 -0.0290737152099609 -0.2044677734375 -0.59661865234375
-0.0218124389648438 0.00408935546875 -0.70233154296875 -0.1617431640625
-0.0079965591430664 0.0132761001586914 -0.3758544921875 0.5626220703125
0.0079202651977539 -0.0109691619873047 0.20904541015625 0.59698486328125
0.0081329345703125 -0.0182094573974609 0.391265869140625 0.31451416015625
-0.0164031982421875 -0.0122718811035156 0.301055908203125 -0.03436279296875
-0.0159416198730469 -0.0260200500488281 0.110641479492187 -0.2037353515625
-0.000423431396484379 -0.0478057861328125 -0.162094116210938 0.125289916992188
-0.0177841186523438 -0.0544509887695313 -0.336212158203125 -0.108428955078125
-0.0086822509765625 -0.0442123413085938 -0.296783447265625 -0.39947509765625
0.00444746017456055 -0.000581264495849609 0.135772705078125 -0.54620361328125
-0.0127410888671875 0.0396270751953125 0.67559814453125 -0.16485595703125
-0.0325489044189453 0.0116844177246094 0.6712646484375 0.47222900390625
0.0232124328613281 -0.0375289916992188 0.163818359375 0.55133056640625
0.0530052185058594 -0.0568122863769531 0.096466064453125 -0.06201171875
0.0066986083984375 -0.0334911346435547 -0.19207763671875 -0.6038818359375
-0.000975608825683594 0.013859748840332 -0.70416259765625 -0.19317626953125
0.0103435516357422 0.0288791656494141 -0.405609130859375 0.545684814453125
0.00566959381103516 0.00299596786499023 0.187255859375 0.60333251953125
-0.0173282623291016 -0.0202960968017578 0.382049560546875 0.327850341796875
-0.0410385131835938 -0.0312614440917969 0.29949951171875 -0.027679443359375
-0.0227470397949219 -0.0409164428710938 0.111190795898438 -0.203079223632812
-0.00176239013671875 -0.0630264282226563 -0.160858154296875 0.12994384765625
-0.0356063842773438 -0.0799942016601563 -0.33990478515625 -0.0888671875000001
-0.0386161804199219 -0.05511474609375 -0.310821533203125 -0.379791259765625
-0.00694799423217773 0.00855588912963867 0.10205078125 -0.56256103515625
-0.00414276123046875 0.0584907531738281 0.64825439453125 -0.2301025390625
-0.0169048309326172 0.0302448272705078 0.68267822265625 0.4093017578125
0.0334243774414063 -0.0407218933105469 0.179473876953125 0.54071044921875
0.066131591796875 -0.0698127746582031 0.0867080688476563 -0.0450057983398438
0.0208358764648438 -0.0384101867675781 -0.17181396484375 -0.61334228515625
0.0145320892333984 0.0232696533203125 -0.7108154296875 -0.2459716796875
0.0219993591308594 0.0428085327148438 -0.459564208984375 0.515960693359375
-0.000150680541992189 0.015040397644043 0.1441650390625 0.61083984375
-0.0412139892578125 -0.0248222351074219 0.365081787109375 0.34466552734375
-0.0614051818847656 -0.0528221130371094 0.29840087890625 -0.017181396484375
-0.0268707275390625 -0.0565757751464844 0.11236572265625 -0.200836181640625
-0.000209808349609376 -0.0686759948730469 -0.157135009765625 0.136520385742188
-0.0513839721679687 -0.0889053344726563 -0.340423583984375 -0.06591796875
-0.059234619140625 -0.0507125854492188 -0.3277587890625 -0.360809326171875
-0.0103664398193359 0.0200710296630859 0.05047607421875 -0.5845947265625
0.0110740661621094 0.0688819885253906 0.603271484375 -0.30889892578125
-0.00220108032226563 0.0411491394042969 0.68670654296875 0.32830810546875
0.0391654968261719 -0.0428199768066406 0.200531005859375 0.5242919921875
0.0754318237304687 -0.077056884765625 0.072357177734375 -0.0224533081054688
0.0313072204589844 -0.0401802062988281 -0.1456298828125 -0.62847900390625
0.0237026214599609 0.0307331085205078 -0.7159423828125 -0.31951904296875
0.0266380310058594 0.0581169128417969 -0.529754638671875 0.46478271484375
-0.00582695007324219 0.0240459442138672 0.08331298828125 0.61138916015625
-0.0568733215332031 -0.0357666015625 0.34307861328125 0.363037109375
-0.0693893432617188 -0.07403564453125 0.297821044921875 -0.002410888671875
-0.0242385864257812 -0.067291259765625 0.116836547851563 -0.200668334960938
0.0177574157714844 0.0319461822509766 -0.147781372070313 0.145111083984375
0.0661087036132813 0.0609092712402344 -0.306610107421875 -0.06396484375
0.0973281860351562 0.0134201049804688 -0.299560546875 -0.40423583984375
0.0470046997070312 -0.0282211303710937 0.05914306640625 -0.61968994140625
-0.0377082824707031 -0.0310592651367187 0.59716796875 -0.29718017578125
-0.0841064453125 -0.0464096069335938 0.65472412109375 0.34844970703125
-0.0259037017822266 -0.0129127502441406 0.16827392578125 0.54376220703125
0.000146865844726563 0.0095062255859375 0.0667266845703125 -0.013458251953125
-0.0319862365722656 -0.026397705078125 -0.1693115234375 -0.61761474609375
-0.0643424987792969 -0.0500297546386719 -0.74566650390625 -0.30059814453125
-0.0431632995605469 -0.0363540649414062 -0.543121337890625 0.46923828125
0.0379524230957031 -0.0297508239746094 0.0755615234375 0.583984375
0.0908203125 0.0192947387695313 0.353271484375 0.31683349609375
0.0524406433105469 0.0546607971191406 0.312469482421875 -0.016143798828125
0.0178070068359375 0.0240859985351562 0.119613647460938 -0.202728271484375
0.00790596008300781 0.0265636444091797 -0.154953002929688 0.140380859375
0.0537834167480469 0.0641098022460938 -0.312103271484375 -0.081085205078125
0.0932693481445313 0.0236663818359375 -0.284423828125 -0.409759521484375
0.0515937805175781 -0.0224418640136719 0.11163330078125 -0.59039306640625
-0.0304241180419922 -0.0318622589111328 0.64276123046875 -0.225341796875
-0.0776901245117188 -0.0523300170898438 0.6497802734375 0.4212646484375
-0.0240325927734375 -0.0176410675048828 0.152984619140625 0.55218505859375
0.00323915481567383 0.00347542762756348 0.0795974731445312 -0.0352554321289062
-0.0345573425292969 -0.0253372192382812 -0.185546875 -0.60491943359375
-0.0670433044433594 -0.0374107360839844 -0.73260498046875 -0.231201171875
-0.04656982421875 -0.0267677307128906 -0.47149658203125 0.518524169921875
0.0264892578125 -0.0340118408203125 0.1297607421875 0.5877685546875
0.081939697265625 0.00402069091796875 0.3656005859375 0.310302734375
0.0485610961914063 0.0432243347167969 0.3065185546875 -0.02587890625
0.01251220703125 0.0176582336425781 0.11566162109375 -0.2049560546875
0.00149631500244141 0.0115880966186523 -0.160507202148438 0.131805419921875
0.0381889343261719 0.046295166015625 -0.318511962890625 -0.099609375
0.07647705078125 0.017608642578125 -0.27105712890625 -0.416229248046875
0.0493202209472656 -0.0149879455566406 0.147705078125 -0.563720703125
-0.0228290557861328 -0.0222339630126953 0.6724853515625 -0.1634521484375
-0.0668220520019531 -0.0476646423339844 0.64593505859375 0.4761962890625
-0.0159645080566406 -0.0229721069335937 0.14337158203125 0.55670166015625
0.00960922241210938 -0.00954341888427734 0.0911712646484375 -0.0535736083984375
-0.0293254852294922 -0.0248641967773437 -0.19769287109375 -0.59698486328125
-0.0593032836914063 -0.022796630859375 -0.717041015625 -0.18365478515625
-0.0397605895996094 -0.0143051147460938 -0.414276123046875 0.54876708984375
0.0172748565673828 -0.0297470092773438 0.17816162109375 0.59222412109375
0.0627288818359375 -0.00859451293945313 0.381378173828125 0.305999755859375
0.0330581665039063 0.0248794555664063 0.302886962890625 -0.033935546875
0.00453996658325195 0.0054326057434082 0.112594604492187 -0.206008911132813
-6.4849853515624E-05 -0.00983047485351563 -0.163558959960938 0.128082275390625
0.0185070037841797 0.0170936584472656 -0.3233642578125 -0.111785888671875
0.0508460998535156 0.00167465209960937 -0.27642822265625 -0.418426513671875
0.037841796875 -0.00818634033203125 0.1595458984375 -0.54461669921875
-0.0197124481201172 -0.00386619567871094 0.68505859375 -0.12872314453125
-0.0569229125976562 -0.0309715270996094 0.6466064453125 0.5078125
-0.0041961669921875 -0.0277042388916016 0.142303466796875 0.562103271484375
0.0214366912841797 -0.0233783721923828 0.0998001098632812 -0.0660629272460938
-0.0217533111572266 -0.0273342132568359 -0.2030029296875 -0.59423828125
-0.0421905517578125 -0.00797653198242187 -0.70465087890625 -0.16033935546875
-0.0254287719726562 -7.62939453125558E-06 -0.3800048828125 0.56402587890625
0.0120754241943359 -0.0214061737060547 0.20440673828125 0.59332275390625
0.03668212890625 -0.0155754089355469 0.3909912109375 0.30792236328125
0.00923633575439453 0.00577068328857422 0.300079345703125 -0.035308837890625
-0.00626373291015625 -0.00967884063720703 0.110427856445312 -0.205474853515625
-0.000379562377929686 -0.0290050506591797 -0.163223266601562 0.124755859375
-1.52587890624978E-05 -0.0212917327880859 -0.3316650390625 -0.116119384765625
0.023193359375 -0.0242195129394531 -0.284454345703125 -0.4127197265625
0.0200977325439453 -0.00527191162109375 0.156463623046875 -0.538116455078125
-0.0173625946044922 0.0176486968994141 0.6873779296875 -0.12762451171875
-0.0450439453125 -0.0105743408203125 0.65545654296875 0.508544921875
0.0101833343505859 -0.0326690673828125 0.149017333984375 0.560028076171875
0.0381927490234375 -0.0404510498046875 0.100730895996094 -0.0689239501953125
-0.00718498229980469 -0.0287361145019531 -0.20245361328125 -0.59796142578125
-0.0223560333251953 0.00414466857910156 -0.70135498046875 -0.16400146484375
-0.00714015960693359 0.0142726898193359 -0.378143310546875 0.561981201171875
0.00815963745117188 -0.0101642608642578 0.20947265625 0.59661865234375
0.00873565673828125 -0.0176563262939453 0.39141845703125 0.314544677734375
-0.0166711807250977 -0.0118770599365234 0.300079345703125 -0.03472900390625
-0.0157718658447266 -0.0262336730957031 0.110565185546875 -0.204635620117188
-0.000194549560546876 -0.0479202270507813 -0.162673950195313 0.125320434570313
-0.0173187255859375 -0.0552330017089844 -0.33721923828125 -0.10821533203125
-0.00805282592773437 -0.0451850891113281 -0.29608154296875 -0.398040771484375
0.00502347946166992 -0.000881195068359375 0.136444091796875 -0.544952392578125
-0.0121269226074219 0.0397529602050781 0.67645263671875 -0.1650390625
-0.0318222045898438 0.0116329193115234 0.66888427734375 0.47412109375
0.0222740173339844 -0.0381240844726563 0.161407470703125 0.552459716796875
0.0521583557128906 -0.0566940307617188 0.0964126586914063 -0.0626068115234375
0.00667572021484375 -0.0345535278320312 -0.18939208984375 -0.60382080078125
-0.000914573669433593 0.0140447616577148 -0.7030029296875 -0.1937255859375
0.01068115234375 0.02801513671875 -0.40460205078125 0.54559326171875
0.00540304183959961 0.00164604187011719 0.18865966796875 0.60284423828125
-0.0168380737304687 -0.0201053619384766 0.38226318359375 0.3284912109375
-0.0417671203613281 -0.03204345703125 0.298980712890625 -0.02886962890625
-0.0237312316894531 -0.0414581298828125 0.111618041992187 -0.20306396484375
-0.000522613525390631 -0.0622100830078125 -0.161911010742187 0.129501342773438
-0.0356063842773438 -0.0803985595703125 -0.341033935546875 -0.0888671875
-0.0380821228027344 -0.0552291870117187 -0.312225341796875 -0.37957763671875
-0.00762844085693359 0.0093221664428711 0.100677490234375 -0.56158447265625
-0.00334930419921875 0.0583229064941406 0.65142822265625 -0.22918701171875
-0.0173168182373047 0.0308990478515625 0.68084716796875 0.40972900390625
0.0332756042480469 -0.0407180786132812 0.1795654296875 0.54119873046875
0.0679435729980469 -0.0689582824707031 0.0869598388671875 -0.0458450317382813
0.0207901000976563 -0.0377082824707031 -0.16973876953125 -0.61529541015625
0.0143585205078125 0.0241165161132813 -0.70928955078125 -0.24749755859375
0.0241012573242188 0.0442886352539062 -0.460693359375 0.515167236328125
0.00213050842285156 0.0143871307373047 0.14312744140625 0.61273193359375
-0.0398216247558594 -0.0259513854980469 0.364532470703125 0.347076416015625
-0.0613555908203125 -0.051544189453125 0.298583984375 -0.016326904296875
-0.0266380310058594 -0.0557785034179688 0.113906860351563 -0.202072143554688
-0.00046920776367187 -0.0671844482421875 -0.157424926757812 0.137725830078125
-0.0519332885742188 -0.0892257690429687 -0.340179443359375 -0.065460205078125
-0.0590286254882813 -0.0510482788085937 -0.3270263671875 -0.362213134765625
-0.0108909606933594 0.0204677581787109 0.04913330078125 -0.584716796875
0.0100593566894531 0.069000244140625 0.6029052734375 -0.30615234375
-0.0029144287109375 0.039520263671875 0.6865234375 0.32891845703125
0.0398712158203125 -0.0430412292480469 0.198577880859375 0.526519775390625
0.0746078491210938 -0.0771636962890625 0.0735015869140625 -0.0220870971679688
0.0329551696777344 -0.0418281555175781 -0.14495849609375 -0.62860107421875
0.0244655609130859 0.0313568115234375 -0.7130126953125 -0.32470703125
0.0256156921386719 0.0578231811523438 -0.5301513671875 0.462615966796875
-0.00646018981933594 0.0244312286376953 0.08428955078125 0.61273193359375
-0.0570411682128906 -0.0349960327148437 0.34222412109375 0.361846923828125
-0.0695953369140625 -0.073028564453125 0.297027587890625 -0.00146484375
-0.0243759155273438 -0.0668601989746094 0.117477416992188 -0.201309204101563
0.0172119140625 0.0313682556152344 -0.15020751953125 0.146072387695313
0.0659294128417969 0.0613937377929688 -0.307830810546875 -0.0631713867187499
0.097503662109375 0.0135650634765625 -0.303558349609375 -0.4041748046875
0.0476837158203125 -0.0278167724609375 0.0604248046875 -0.621337890625
-0.0381011962890625 -0.0319175720214844 0.59832763671875 -0.29736328125
-0.0831069946289062 -0.048065185546875 0.6539306640625 0.352294921875
-0.0276031494140625 -0.0124740600585938 0.16619873046875 0.54388427734375
-0.001220703125 0.0101327896118164 0.0661087036132813 -0.0144195556640625
-0.0327129364013672 -0.0257129669189453 -0.1695556640625 -0.619384765625
-0.0650634765625 -0.0488395690917969 -0.74908447265625 -0.3006591796875
-0.0427436828613281 -0.0354385375976562 -0.543487548828125 0.470703125
0.0377388000488281 -0.0307044982910156 0.0744018554687501 0.5859375
0.0918426513671875 0.0197677612304688 0.35400390625 0.316741943359375
0.0527992248535156 0.0550346374511719 0.31121826171875 -0.017181396484375
0.0171909332275391 0.0241680145263672 0.119415283203125 -0.202560424804688
0.0077972412109375 0.027008056640625 -0.155715942382813 0.139907836914063
0.0529632568359375 0.0645027160644531 -0.312286376953125 -0.081878662109375
0.0936431884765625 0.0226516723632813 -0.28466796875 -0.410369873046875
0.0527420043945312 -0.0230445861816406 0.11138916015625 -0.59234619140625
-0.0312843322753906 -0.0326824188232422 0.64459228515625 -0.222412109375
-0.0777053833007812 -0.052642822265625 0.65020751953125 0.42205810546875
-0.0249881744384766 -0.0180778503417969 0.15179443359375 0.5537109375
0.0031440258026123 0.00392985343933105 0.08026123046875 -0.0355606079101562
-0.0338344573974609 -0.0250740051269531 -0.18524169921875 -0.60650634765625
-0.0656318664550781 -0.037811279296875 -0.73187255859375 -0.23291015625
-0.0467300415039063 -0.0275077819824219 -0.475677490234375 0.519439697265625
0.0263519287109375 -0.0342311859130859 0.130615234375 0.59051513671875
0.08294677734375 0.00333404541015625 0.368896484375 0.309906005859375
0.0493888854980469 0.0426101684570312 0.30572509765625 -0.0262451171875
0.0115146636962891 0.0179405212402344 0.114364624023438 -0.205963134765625
0.000832557678222655 0.0118732452392578 -0.160537719726563 0.133010864257812
0.0385704040527344 0.0470390319824219 -0.3209228515625 -0.0991821289062499
0.0774002075195312 0.0184249877929687 -0.274200439453125 -0.414764404296875
0.0498275756835938 -0.0127449035644531 0.1455078125 -0.564208984375
-0.0251426696777344 -0.0226650238037109 0.67083740234375 -0.16094970703125
-0.0664749145507813 -0.0479927062988281 0.646728515625 0.4779052734375
-0.0166816711425781 -0.0222034454345703 0.141876220703125 0.56048583984375
0.00931262969970703 -0.00869083404541016 0.0918502807617188 -0.0543594360351563
-0.0298576354980469 -0.0237483978271484 -0.1976318359375 -0.59844970703125
-0.0583724975585938 -0.0234832763671875 -0.7164306640625 -0.1854248046875
-0.0401954650878906 -0.0138435363769531 -0.416046142578125 0.55047607421875
0.0173816680908203 -0.0299873352050781 0.17791748046875 0.5927734375
0.0631599426269531 -0.00834274291992187 0.382049560546875 0.30712890625
0.0332241058349609 0.0249004364013672 0.30413818359375 -0.0325927734375
0.00369501113891602 0.00637960433959961 0.11260986328125 -0.2073974609375
-0.00243949890136719 -0.00920772552490234 -0.164688110351562 0.1298828125
0.0199165344238281 0.0176963806152344 -0.32489013671875 -0.112701416015625
0.0518951416015625 0.0009002685546875 -0.278717041015625 -0.417938232421875
0.03851318359375 -0.008941650390625 0.15869140625 -0.545196533203125
-0.0197677612304688 -0.00273513793945312 0.6871337890625 -0.125732421875
-0.0552978515625 -0.0312843322753906 0.6494140625 0.51171875
-0.00469207763671875 -0.0278377532958984 0.1414794921875 0.5638427734375
0.0227699279785156 -0.0244178771972656 0.100135803222656 -0.067108154296875
-0.0208415985107422 -0.0253734588623047 -0.20318603515625 -0.59564208984375
-0.0420494079589844 -0.0079803466796875 -0.70751953125 -0.16229248046875
-0.0269584655761719 0.000303268432617182 -0.384521484375 0.5638427734375
0.0110301971435547 -0.0230503082275391 0.20623779296875 0.592529296875
0.0364646911621094 -0.0155677795410156 0.390777587890625 0.3070068359375
0.0100593566894531 0.00616264343261719 0.301177978515625 -0.036407470703125
-0.00605297088623047 -0.00986385345458985 0.110092163085938 -0.206802368164062
-0.000314712524414061 -0.0296649932861328 -0.163742065429688 0.125747680664063
0.000389099121093749 -0.019927978515625 -0.332000732421875 -0.11627197265625
0.0233783721923828 -0.0244464874267578 -0.285980224609375 -0.41387939453125
0.0197162628173828 -0.00444984436035156 0.155364990234375 -0.53753662109375
-0.0174036026000977 0.0174713134765625 0.68865966796875 -0.12554931640625
-0.0443687438964844 -0.0108909606933594 0.65643310546875 0.51055908203125
0.0104084014892578 -0.0333938598632813 0.14569091796875 0.560546875
0.0387802124023438 -0.0406265258789063 0.101325988769531 -0.0706253051757813
-0.00699996948242188 -0.0286655426025391 -0.20184326171875 -0.59893798828125
-0.0217456817626953 0.00487709045410156 -0.7037353515625 -0.16461181640625
-0.00823974609375 0.0143413543701172 -0.378997802734375 0.561553955078125
0.007965087890625 -0.0108261108398438 0.20941162109375 0.59600830078125
0.00870132446289063 -0.0189170837402344 0.392242431640625 0.31494140625
-0.0170249938964844 -0.0126667022705078 0.30072021484375 -0.034088134765625
-0.0168170928955078 -0.0254058837890625 0.111160278320313 -0.205902099609375
-0.000473022460937497 -0.0483779907226563 -0.163955688476563 0.12677001953125
-0.0173072814941406 -0.0555610656738281 -0.33880615234375 -0.10723876953125
-0.00913619995117188 -0.0456657409667969 -0.297760009765625 -0.39996337890625
0.00505638122558594 -9.5367431640625E-06 0.136627197265625 -0.546539306640625
-0.0127601623535156 0.0392951965332031 0.67803955078125 -0.1629638671875
-0.0316314697265625 0.0125961303710938 0.67010498046875 0.475341796875
0.0228652954101563 -0.0374755859375 0.15997314453125 0.553619384765625
0.0545997619628906 -0.05718994140625 0.0968475341796875 -0.0624237060546875
0.00681686401367187 -0.0344791412353516 -0.18853759765625 -0.6060791015625
-0.000658035278320314 0.0147590637207031 -0.70562744140625 -0.1961669921875
0.0102005004882813 0.0289440155029297 -0.406982421875 0.54766845703125
0.0050349235534668 0.00204372406005859 0.188232421875 0.60455322265625
-0.0176448822021484 -0.0202369689941406 0.382720947265625 0.32769775390625
-0.0418014526367188 -0.0314826965332031 0.299072265625 -0.0267333984375
-0.0257949829101563 -0.0420188903808594 0.112442016601563 -0.204086303710938
-0.000614166259765632 -0.0619239807128906 -0.163787841796875 0.132659912109375
-0.035125732421875 -0.08123779296875 -0.342529296875 -0.0880432128906251
-0.0381813049316406 -0.0554924011230469 -0.312103271484375 -0.378875732421875
-0.007232666015625 0.00918388366699219 0.101226806640625 -0.560028076171875
-0.00413894653320312 0.0585517883300781 0.6500244140625 -0.2275390625
-0.0158195495605469 0.0292854309082031 0.68304443359375 0.41192626953125
0.0349922180175781 -0.0414352416992188 0.176788330078125 0.54156494140625
0.067413330078125 -0.0693588256835938 0.0876617431640625 -0.0450820922851563
0.0201225280761719 -0.0386123657226563 -0.16851806640625 -0.61669921875
0.0168266296386719 0.0245475769042969 -0.71136474609375 -0.25048828125
0.0224952697753906 0.043365478515625 -0.461029052734375 0.51611328125
0.001495361328125 0.0147266387939453 0.14361572265625 0.61346435546875
-0.0410003662109375 -0.0259590148925781 0.366485595703125 0.346710205078125
-0.0627326965332031 -0.0523414611816406 0.29736328125 -0.014923095703125
-0.0283393859863281 -0.0556411743164062 0.113677978515625 -0.202850341796875
-0.000850677490234371 -0.0690765380859375 -0.159393310546875 0.140045166015625
-0.0535507202148438 -0.0891494750976563 -0.341461181640625 -0.0657653808593749
-0.0589408874511719 -0.0504608154296875 -0.328887939453125 -0.361968994140625
-0.00981330871582031 0.0206756591796875 0.04937744140625 -0.5845947265625
0.0103874206542969 0.0684814453125 0.60614013671875 -0.30670166015625
-0.000652313232421871 0.040740966796875 0.6861572265625 0.332763671875
0.0404014587402344 -0.0441093444824219 0.1961669921875 0.5289306640625
0.0766525268554688 -0.07635498046875 0.0739288330078125 -0.02227783203125
0.0340194702148438 -0.0414657592773438 -0.14337158203125 -0.6298828125
0.0257453918457031 0.0328617095947266 -0.71502685546875 -0.324951171875
0.0272140502929688 0.059173583984375 -0.530792236328125 0.462493896484375
-0.00665473937988281 0.024261474609375 0.08319091796875 0.61395263671875
-0.05780029296875 -0.0352821350097656 0.343536376953125 0.36248779296875
-0.0702590942382812 -0.074798583984375 0.2989501953125 -0.001800537109375
-0.023773193359375 -0.0663719177246094 0.117889404296875 -0.201080322265625
0.0165805816650391 0.0313625335693359 -0.151199340820313 0.14788818359375
0.0666160583496094 0.0613174438476563 -0.30950927734375 -0.063934326171875
0.0999679565429688 0.0125656127929688 -0.30462646484375 -0.4049072265625
0.0477371215820312 -0.0285568237304688 0.0591430664062501 -0.622314453125
-0.0387954711914063 -0.0315742492675781 0.602294921875 -0.29852294921875
-0.0842208862304688 -0.0491485595703125 0.65582275390625 0.35589599609375
-0.029052734375 -0.0116672515869141 0.164031982421875 0.54754638671875
0.00027179718017578 0.00958728790283203 0.0671310424804687 -0.0137481689453125
-0.0339527130126953 -0.0260372161865234 -0.1680908203125 -0.6212158203125
-0.064117431640625 -0.0497283935546875 -0.7513427734375 -0.3048095703125
-0.0442085266113281 -0.0356369018554688 -0.547698974609375 0.471405029296875
0.03662109375 -0.0322990417480469 0.0755615234375 0.58807373046875
0.092254638671875 0.0192337036132812 0.354888916015625 0.319091796875
0.0525131225585938 0.0553092956542969 0.3133544921875 -0.017059326171875
0.0162944793701172 0.0248394012451172 0.12042236328125 -0.203994750976563
0.00727081298828125 0.0277805328369141 -0.15509033203125 0.142898559570313
0.0546875 0.0644111633300781 -0.31585693359375 -0.081268310546875
0.0957870483398438 0.0225982666015625 -0.287322998046875 -0.41131591796875
0.0524063110351563 -0.0212249755859375 0.11126708984375 -0.59356689453125
-0.0312519073486328 -0.031768798828125 0.646728515625 -0.22344970703125
-0.0786056518554688 -0.0527420043945312 0.65264892578125 0.4254150390625
-0.0251083374023438 -0.0174293518066406 0.14892578125 0.556427001953125
0.00146698951721191 0.00337457656860352 0.0793533325195313 -0.03564453125
-0.0340137481689453 -0.0250091552734375 -0.18377685546875 -0.609375
-0.06707763671875 -0.0395278930664062 -0.734619140625 -0.23516845703125
-0.0473518371582031 -0.0260581970214844 -0.478271484375 0.521942138671875
0.02734375 -0.036285400390625 0.13067626953125 0.59393310546875
0.0833358764648438 0.00342559814453125 0.36981201171875 0.31365966796875
0.0485801696777344 0.0429496765136719 0.306396484375 -0.02752685546875
0.0120983123779297 0.0182781219482422 0.115814208984375 -0.20751953125
0.00233936309814453 0.0129814147949219 -0.16259765625 0.135086059570312
0.0394248962402344 0.0479164123535156 -0.320648193359375 -0.097808837890625
0.0778427124023438 0.019195556640625 -0.27447509765625 -0.4173583984375
0.0503425598144531 -0.0146331787109375 0.14715576171875 -0.5657958984375
-0.0249462127685547 -0.0225620269775391 0.67388916015625 -0.16290283203125
-0.0675621032714844 -0.0473861694335938 0.64794921875 0.48199462890625
-0.0183258056640625 -0.021942138671875 0.139373779296875 0.5606689453125
0.00960636138916016 -0.00832557678222656 0.0928421020507813 -0.0551071166992188
-0.0305366516113281 -0.0250167846679687 -0.19561767578125 -0.60162353515625
-0.0603065490722656 -0.0237045288085938 -0.72027587890625 -0.18829345703125
-0.0399322509765625 -0.0138282775878906 -0.418670654296875 0.5499267578125
0.0168952941894531 -0.0314388275146484 0.176513671875 0.59564208984375
0.0632400512695312 -0.00983810424804688 0.381866455078125 0.307952880859375
0.0335044860839844 0.0249195098876953 0.3052978515625 -0.032257080078125
0.00307321548461914 0.00658178329467773 0.113723754882812 -0.206787109375
-0.00137519836425781 -0.00975608825683594 -0.166213989257813 0.12884521484375
0.0192680358886719 0.0176467895507813 -0.32830810546875 -0.11199951171875
0.0526161193847656 0.00135421752929687 -0.2794189453125 -0.42047119140625
0.0384559631347656 -0.00893783569335938 0.158111572265625 -0.547119140625
-0.0195407867431641 -0.00369644165039063 0.68878173828125 -0.12689208984375
-0.0561027526855469 -0.0320625305175781 0.648681640625 0.51458740234375
-0.00415229797363281 -0.0266323089599609 0.13946533203125 0.56500244140625
0.022247314453125 -0.0226593017578125 0.0997695922851563 -0.0661697387695313
-0.0201950073242188 -0.0256214141845703 -0.2020263671875 -0.59930419921875
-0.0433197021484375 -0.00894165039062501 -0.70751953125 -0.16351318359375
-0.0259723663330078 -0.000297546386718745 -0.38494873046875 0.564697265625
0.0112323760986328 -0.0231914520263672 0.20697021484375 0.59625244140625
0.0369529724121094 -0.0162086486816406 0.3929443359375 0.309600830078125
0.00939464569091797 0.00592327117919922 0.301300048828125 -0.03607177734375
-0.00739574432373047 -0.0089569091796875 0.11181640625 -0.207305908203125
0.000173568725585937 -0.0294551849365234 -0.164871215820313 0.127029418945312
0.000261306762695312 -0.0209865570068359 -0.3343505859375 -0.1156005859375
0.0237026214599609 -0.0245800018310547 -0.287567138671875 -0.413665771484375
0.0208187103271484 -0.00600814819335937 0.154754638671875 -0.540557861328125
-0.0175838470458984 0.0181102752685547 0.69219970703125 -0.12432861328125
-0.0443038940429687 -0.0108871459960937 0.65643310546875 0.51434326171875
0.00966835021972657 -0.0334606170654297 0.143524169921875 0.562255859375
0.038665771484375 -0.0410194396972656 0.101638793945313 -0.0707244873046875
-0.00736427307128906 -0.0302028656005859 -0.1998291015625 -0.602783203125
-0.0218639373779297 0.00398063659667968 -0.706787109375 -0.167236328125
-0.00830268859863282 0.0142335891723633 -0.37957763671875 0.5634765625
0.00768947601318359 -0.0116643905639648 0.2110595703125 0.60052490234375
0.00932884216308594 -0.0190143585205078 0.39556884765625 0.31781005859375
-0.017578125 -0.0126571655273438 0.30169677734375 -0.034515380859375
-0.0162925720214844 -0.0252456665039063 0.111785888671875 -0.207229614257813
-0.00203704833984375 -0.0491905212402344 -0.166000366210938 0.127975463867187
-0.0181503295898438 -0.0562477111816406 -0.34100341796875 -0.107208251953125
-0.00798797607421875 -0.046295166015625 -0.29974365234375 -0.400482177734375
0.00476694107055664 -0.000259876251220703 0.137420654296875 -0.54736328125
-0.012786865234375 0.0398216247558594 0.679931640625 -0.16253662109375
-0.0325450897216797 0.0114898681640625 0.6710205078125 0.48004150390625
0.023345947265625 -0.0385284423828125 0.157562255859375 0.555084228515625
0.0542068481445312 -0.0563926696777344 0.09765625 -0.0629806518554688
0.00658607482910156 -0.0337810516357422 -0.18841552734375 -0.60968017578125
0.000163078308105469 0.0149078369140625 -0.70819091796875 -0.197509765625
0.0101337432861328 0.0295658111572266 -0.40814208984375 0.549041748046875
0.00515651702880859 0.00228357315063477 0.18731689453125 0.607421875
-0.016754150390625 -0.0209083557128906 0.384429931640625 0.33056640625
-0.0424728393554688 -0.0320968627929687 0.300201416015625 -0.028350830078125
-0.0255928039550781 -0.0413360595703125 0.11297607421875 -0.206069946289063
-0.000770568847656249 -0.0629463195800781 -0.165115356445312 0.133865356445313
-0.0358657836914063 -0.0807647705078125 -0.34527587890625 -0.087493896484375
-0.0381622314453125 -0.0560150146484375 -0.31378173828125 -0.38128662109375
-0.00682163238525391 0.0100879669189453 0.10064697265625 -0.56341552734375
-0.00374984741210938 0.0594940185546875 0.65338134765625 -0.2276611328125
-0.0171909332275391 0.030731201171875 0.6829833984375 0.4161376953125
0.0348930358886719 -0.0400161743164062 0.17572021484375 0.545684814453125
0.0676307678222656 -0.068878173828125 0.08740234375 -0.045867919921875
0.0218887329101563 -0.0404815673828125 -0.16668701171875 -0.61920166015625
0.0157833099365234 0.0248527526855469 -0.71246337890625 -0.25079345703125
0.02313232421875 0.0452537536621094 -0.462890625 0.51519775390625
0.00227928161621094 0.0143852233886719 0.1429443359375 0.61688232421875
-0.0410385131835938 -0.0257377624511719 0.36846923828125 0.34796142578125
-0.0623321533203125 -0.0533599853515625 0.29949951171875 -0.0155029296875
-0.0287055969238281 -0.0563468933105469 0.115005493164062 -0.20574951171875
-0.00197601318359376 -0.070281982421875 -0.160293579101563 0.13995361328125
-0.05279541015625 -0.0904617309570313 -0.3453369140625 -0.06463623046875
-0.0592575073242188 -0.050537109375 -0.330291748046875 -0.360992431640625
-0.00931930541992188 0.0212459564208984 0.0500488281249999 -0.58734130859375
0.00965118408203124 0.0705490112304688 0.60809326171875 -0.30694580078125
-0.00138092041015625 0.0397605895996094 0.6893310546875 0.33428955078125
0.0407791137695313 -0.0439720153808594 0.196807861328125 0.529876708984375
0.0776596069335938 -0.0776519775390625 0.0747833251953125 -0.021270751953125
0.0334243774414063 -0.041351318359375 -0.14208984375 -0.63092041015625
0.0258083343505859 0.0313892364501953 -0.71722412109375 -0.32818603515625
0.0284385681152344 0.058868408203125 -0.5338134765625 0.463043212890625
-0.0067596435546875 0.0239543914794922 0.0833740234375 0.6151123046875
-0.0591583251953125 -0.0363502502441406 0.345367431640625 0.364105224609375
-0.0729141235351563 -0.0743408203125 0.299407958984375 -0.000885009765625005
-0.0249404907226562 -0.0669937133789062 0.119277954101562 -0.202194213867188
0.017608642578125 0.0325698852539063 -0.151840209960938 0.149581909179687
0.0678329467773438 0.0615882873535156 -0.31207275390625 -0.064422607421875
0.100074768066406 0.0129165649414063 -0.307525634765625 -0.405548095703125
0.0471382141113281 -0.0286788940429688 0.0574951171875 -0.62408447265625
-0.0392723083496094 -0.0321197509765625 0.6044921875 -0.29974365234375
-0.0843048095703125 -0.0482177734375 0.65802001953125 0.35797119140625
-0.0290393829345703 -0.0118961334228516 0.16400146484375 0.549713134765625
-0.00128746032714844 0.009796142578125 0.0672950744628906 -0.0134963989257812
-0.0345420837402344 -0.0257682800292969 -0.1690673828125 -0.62353515625
-0.0661773681640625 -0.049957275390625 -0.75445556640625 -0.30419921875
-0.0447540283203125 -0.0351142883300781 -0.54901123046875 0.47491455078125
0.0358161926269531 -0.03253173828125 0.0759887695312499 0.59051513671875
0.09375 0.0185775756835937 0.358367919921875 0.32012939453125
0.0530433654785156 0.0560951232910156 0.3140869140625 -0.017059326171875
0.0155525207519531 0.0253849029541016 0.121612548828125 -0.2066650390625
0.00817489624023437 0.0280075073242188 -0.157608032226563 0.143798828125
0.0549850463867188 0.0647850036621094 -0.316802978515625 -0.082550048828125
0.0952377319335938 0.0229721069335937 -0.29132080078125 -0.412322998046875
0.0521392822265625 -0.0217857360839844 0.11016845703125 -0.59503173828125
-0.0311012268066406 -0.0311145782470703 0.6494140625 -0.2225341796875
-0.078643798828125 -0.0530319213867188 0.6549072265625 0.42999267578125
-0.0262279510498047 -0.0164947509765625 0.148101806640625 0.559051513671875
0.00135898590087891 0.00356507301330566 0.0798187255859375 -0.0378570556640625
-0.035858154296875 -0.0252723693847656 -0.18389892578125 -0.61328125
-0.0678749084472656 -0.0377120971679688 -0.73828125 -0.23626708984375
-0.0476303100585938 -0.026641845703125 -0.480377197265625 0.523651123046875
0.025634765625 -0.0357856750488281 0.13116455078125 0.59716796875
0.0844955444335938 0.00186920166015625 0.3717041015625 0.312774658203125
0.04925537109375 0.0429458618164063 0.3109130859375 -0.02679443359375
0.0107498168945313 0.0200672149658203 0.116485595703125 -0.208023071289063
0.00071430206298828 0.0127067565917969 -0.16278076171875 0.134552001953125
0.0383415222167969 0.0479278564453125 -0.32257080078125 -0.09820556640625
0.0787429809570312 0.0191192626953125 -0.27703857421875 -0.419769287109375
0.0505409240722656 -0.0152473449707031 0.14666748046875 -0.5687255859375
-0.0258922576904297 -0.0212631225585938 0.67742919921875 -0.160888671875
-0.0674095153808594 -0.0500030517578125 0.65045166015625 0.486083984375
-0.0168209075927734 -0.0215167999267578 0.13787841796875 0.564453125
0.0102500915527344 -0.00778770446777344 0.0934677124023438 -0.054840087890625
-0.0306549072265625 -0.0236053466796875 -0.19879150390625 -0.602783203125
-0.0606040954589844 -0.0235786437988281 -0.72344970703125 -0.1885986328125
-0.041717529296875 -0.0138282775878906 -0.421905517578125 0.553375244140625
0.0170707702636719 -0.0301399230957031 0.17962646484375 0.5985107421875
0.0629997253417969 -0.00825881958007812 0.388275146484375 0.30889892578125
0.034637451171875 0.0236454010009766 0.305908203125 -0.03289794921875
0.00243139266967773 0.00676774978637695 0.11346435546875 -0.210556030273437
-0.00345993041992188 -0.00955390930175781 -0.167617797851562 0.131301879882813
0.0190792083740234 0.018585205078125 -0.329620361328125 -0.111480712890625
0.0541496276855469 0.0012054443359375 -0.283050537109375 -0.420196533203125
0.0382270812988281 -0.00817489624023437 0.157470703125 -0.54974365234375
-0.0214519500732422 -0.00538253784179688 0.69354248046875 -0.12738037109375
-0.05682373046875 -0.0320358276367187 0.6519775390625 0.51678466796875
-0.00463104248046875 -0.0271244049072266 0.1390380859375 0.5684814453125
0.0227146148681641 -0.0229072570800781 0.100914001464844 -0.0686111450195313
-0.0210590362548828 -0.0261249542236328 -0.202880859375 -0.60205078125
-0.0430908203125 -0.00709152221679688 -0.71307373046875 -0.16290283203125
-0.0275154113769531 -0.000171661376953128 -0.3870849609375 0.56866455078125
0.010650634765625 -0.022918701171875 0.20941162109375 0.5997314453125
0.0366058349609375 -0.0167961120605469 0.397308349609375 0.31072998046875
0.0102481842041016 0.00638008117675781 0.30401611328125 -0.0372314453125
-0.00633716583251953 -0.00772953033447266 0.111557006835938 -0.20953369140625
-0.000616073608398435 -0.0291175842285156 -0.166763305664063 0.129791259765625
-0.000253677368164061 -0.02105712890625 -0.33673095703125 -0.114227294921875
0.0236454010009766 -0.0250663757324219 -0.289398193359375 -0.41497802734375
0.0210247039794922 -0.00497627258300781 0.155548095703125 -0.54248046875
-0.0180034637451172 0.0184192657470703 0.69451904296875 -0.12420654296875
-0.0451202392578125 -0.0107307434082031 0.65899658203125 0.51934814453125
0.00941848754882813 -0.0332279205322266 0.14373779296875 0.56671142578125
0.0382728576660156 -0.0402908325195313 0.102569580078125 -0.0707168579101563
-0.0076141357421875 -0.0290889739990234 -0.2008056640625 -0.6060791015625
-0.0224838256835938 0.004791259765625 -0.709228515625 -0.16766357421875
-0.00828838348388672 0.0144929885864258 -0.38214111328125 0.56573486328125
0.00711727142333984 -0.0116062164306641 0.2122802734375 0.603515625
0.00946044921875 -0.0195827484130859 0.39697265625 0.31842041015625
-0.01690673828125 -0.0122957229614258 0.303192138671875 -0.034637451171875
-0.0177402496337891 -0.0253486633300781 0.113693237304688 -0.209762573242188
-0.00100326538085937 -0.0495452880859375 -0.1673583984375 0.130081176757812
-0.01812744140625 -0.0556869506835938 -0.3441162109375 -0.10638427734375
-0.00719833374023438 -0.0459136962890625 -0.3037109375 -0.402069091796875
0.00481653213500976 -0.000133991241455078 0.13531494140625 -0.548675537109375
-0.0121612548828125 0.0407752990722656 0.68353271484375 -0.16253662109375
-0.0311756134033203 0.0106220245361328 0.673095703125 0.48443603515625
0.0231285095214844 -0.0381011962890625 0.15802001953125 0.557891845703125
0.0550460815429688 -0.0571784973144531 0.0983428955078125 -0.0636520385742188
0.0081634521484375 -0.0346660614013672 -0.187744140625 -0.61370849609375
-0.000425338745117188 0.0141992568969727 -0.710693359375 -0.19732666015625
0.0103816986083984 0.02984619140625 -0.410858154296875 0.55120849609375
0.00470829010009766 0.00260066986083984 0.190185546875 0.61181640625
-0.0174045562744141 -0.0206050872802734 0.38824462890625 0.33233642578125
-0.0430335998535156 -0.0323219299316406 0.301666259765625 -0.028594970703125
-0.0254707336425781 -0.0413131713867188 0.112930297851562 -0.208160400390625
-0.00151062011718749 -0.0635948181152344 -0.166885375976563 0.134567260742188
-0.0367431640625 -0.0822296142578125 -0.34722900390625 -0.086669921875
-0.0378341674804688 -0.0559158325195313 -0.3179931640625 -0.382354736328125
-0.00751495361328125 0.00941085815429687 0.0999755859374999 -0.5654296875
-0.00361633300781249 0.05999755859375 0.6563720703125 -0.22845458984375
-0.0157585144042969 0.0299568176269531 0.68548583984375 0.4183349609375
0.034027099609375 -0.0410232543945313 0.174224853515625 0.547821044921875
0.067626953125 -0.0706253051757813 0.0884017944335938 -0.046600341796875
0.0217552185058594 -0.0396156311035156 -0.16766357421875 -0.622802734375
0.0169620513916016 0.0245952606201172 -0.71673583984375 -0.2515869140625
0.0256576538085938 0.0437088012695313 -0.4644775390625 0.5198974609375
-0.000164985656738282 0.0140228271484375 0.14508056640625 0.619384765625
-0.0422592163085938 -0.0265312194824219 0.372100830078125 0.349456787109375
-0.063507080078125 -0.0530014038085938 0.301666259765625 -0.015625
-0.0299530029296875 -0.0564155578613281 0.115753173828125 -0.2069091796875
-0.00107192993164062 -0.0699081420898438 -0.161727905273438 0.142929077148437
-0.0546875 -0.089935302734375 -0.34637451171875 -0.0631408691406249
-0.0602989196777344 -0.0517082214355469 -0.33306884765625 -0.36370849609375
-0.0106143951416016 0.0209980010986328 0.0499267578125 -0.58984375
0.0108184814453125 0.0712203979492188 0.61090087890625 -0.306884765625
0.000415802001953126 0.0407257080078125 0.692138671875 0.33636474609375
0.0407562255859375 -0.0453643798828125 0.19537353515625 0.532928466796875
0.078521728515625 -0.077667236328125 0.0742034912109375 -0.0231170654296875
0.0355567932128906 -0.0424385070800781 -0.14263916015625 -0.63482666015625
0.0259056091308594 0.0312938690185547 -0.72186279296875 -0.32952880859375
0.0280494689941406 0.0597152709960938 -0.535186767578125 0.4647216796875
-0.0064239501953125 0.0245132446289063 0.085693359375 0.61993408203125
-0.0587692260742188 -0.0368728637695312 0.349090576171875 0.36724853515625
-0.07318115234375 -0.0750885009765625 0.30169677734375 -0.001495361328125
-0.025482177734375 -0.0655403137207031 0.118988037109375 -0.205245971679688
0.0175933837890625 0.0328960418701172 -0.154296875 0.151199340820313
0.0686454772949219 0.0621566772460938 -0.315155029296875 -0.0626220703125
0.101226806640625 0.0133056640625 -0.311370849609375 -0.406982421875
0.0476417541503906 -0.0288467407226563 0.05523681640625 -0.6297607421875
-0.0396575927734375 -0.0324516296386719 0.60980224609375 -0.29974365234375
-0.0863265991210937 -0.0487594604492188 0.6619873046875 0.361083984375
-0.0291938781738281 -0.0124053955078125 0.164703369140625 0.5540771484375
-0.00152301788330078 0.0107202529907227 0.0675468444824219 -0.01483154296875
-0.0358428955078125 -0.02557373046875 -0.1683349609375 -0.62957763671875
-0.0668983459472656 -0.0504570007324219 -0.760009765625 -0.3079833984375
-0.0457687377929688 -0.0365486145019531 -0.553558349609375 0.47998046875
0.0355796813964844 -0.0329017639160156 0.078125 0.5947265625
0.0940322875976563 0.0189437866210938 0.3612060546875 0.32122802734375
0.0536994934082031 0.0561561584472656 0.316131591796875 -0.01702880859375
0.0167732238769531 0.0253124237060547 0.122390747070313 -0.208984375
0.00754356384277344 0.0278949737548828 -0.159210205078125 0.145355224609375
0.0569839477539062 0.0653762817382813 -0.318603515625 -0.0799560546874999
0.0965423583984375 0.0234603881835937 -0.292388916015625 -0.41339111328125
0.0526046752929688 -0.0235214233398438 0.1090087890625 -0.59967041015625
-0.0335731506347656 -0.0325260162353516 0.65582275390625 -0.22369384765625
-0.0796432495117188 -0.0535354614257812 0.6585693359375 0.43182373046875
-0.0272159576416016 -0.0170326232910156 0.150634765625 0.56365966796875
0.000925302505493164 0.00253629684448242 0.0811233520507813 -0.0374374389648438
-0.0365409851074219 -0.0246925354003906 -0.18682861328125 -0.6160888671875
-0.0696067810058594 -0.0381507873535156 -0.7449951171875 -0.2366943359375
-0.0494956970214844 -0.0275001525878906 -0.48065185546875 0.527130126953125
0.0251960754394531 -0.0370101928710938 0.13494873046875 0.59942626953125
0.08447265625 0.0012664794921875 0.374664306640625 0.313995361328125
0.0499801635742188 0.0430984497070313 0.312042236328125 -0.028533935546875
0.0113525390625 0.0188694000244141 0.116302490234375 -0.210769653320313
0.000878334045410155 0.0121145248413086 -0.165054321289063 0.138137817382812
0.0397987365722656 0.0476531982421875 -0.325469970703125 -0.0969238281249999
0.0796279907226563 0.0190963745117188 -0.28179931640625 -0.420257568359375
0.0506668090820313 -0.0150108337402344 0.143310546875 -0.57098388671875
-0.0252094268798828 -0.0228385925292969 0.6827392578125 -0.16204833984375
-0.0678329467773437 -0.0491104125976563 0.6524658203125 0.48907470703125
-0.0175094604492188 -0.0224151611328125 0.138671875 0.5694580078125
0.0081639289855957 -0.00710058212280273 0.0940322875976562 -0.0556640625
-0.0306549072265625 -0.023712158203125 -0.1976318359375 -0.61077880859375
-0.0615234375 -0.0212860107421875 -0.7281494140625 -0.19012451171875
-0.0424232482910156 -0.0124015808105469 -0.42254638671875 0.559722900390625
0.0168266296386719 -0.0319156646728516 0.18182373046875 0.6004638671875
0.06378173828125 -0.0103645324707031 0.38909912109375 0.309814453125
0.0337371826171875 0.0252532958984375 0.307342529296875 -0.03472900390625
0.0018315315246582 0.00754880905151367 0.114990234375 -0.212005615234375
-0.00193023681640625 -0.00858592987060547 -0.168899536132813 0.134262084960938
0.0202369689941406 0.0172672271728516 -0.332183837890625 -0.11181640625
0.0545921325683594 0.001190185546875 -0.286346435546875 -0.42205810546875
0.0387992858886719 -0.00962066650390625 0.15771484375 -0.553619384765625
-0.0208492279052734 -0.00225257873535156 0.696044921875 -0.126708984375
-0.0569496154785156 -0.0318984985351563 0.65521240234375 0.52276611328125
-0.00521659851074219 -0.0278453826904297 0.1387939453125 0.571044921875
0.0222930908203125 -0.0231094360351563 0.101486206054688 -0.0697708129882813
-0.0212936401367188 -0.0265426635742188 -0.20513916015625 -0.6048583984375
-0.0437088012695313 -0.00889968872070313 -0.7169189453125 -0.16455078125
-0.0273780822753906 0.000419616699218751 -0.388427734375 0.57269287109375
0.00992012023925781 -0.0230560302734375 0.2105712890625 0.6031494140625
0.0368766784667969 -0.0165786743164063 0.3990478515625 0.311553955078125
0.0099029541015625 0.00453758239746094 0.305419921875 -0.037445068359375
-0.00800514221191406 -0.00795412063598633 0.114303588867187 -0.2122802734375
-0.000860214233398436 -0.0305042266845703 -0.168624877929687 0.131790161132813
-0.000740051269531248 -0.0210533142089844 -0.33966064453125 -0.114532470703125
0.0244064331054688 -0.0248203277587891 -0.293243408203125 -0.417938232421875
0.0216464996337891 -0.0055389404296875 0.154266357421875 -0.5452880859375
-0.0183467864990234 0.0184345245361328 0.70001220703125 -0.12445068359375
-0.0453262329101563 -0.0121307373046875 0.66522216796875 0.522216796875
0.00995063781738282 -0.0334739685058594 0.1451416015625 0.5693359375
0.0384788513183594 -0.04083251953125 0.102813720703125 -0.0727691650390625
-0.00710678100585938 -0.0298824310302734 -0.201416015625 -0.60992431640625
-0.0221157073974609 0.00434494018554688 -0.71441650390625 -0.168212890625
-0.00835895538330078 0.015045166015625 -0.38482666015625 0.57177734375
0.00701141357421875 -0.0114526748657227 0.215087890625 0.60546875
0.00939178466796875 -0.0191440582275391 0.40118408203125 0.319091796875
-0.0181484222412109 -0.0116748809814453 0.304779052734375 -0.03741455078125
-0.0189285278320312 -0.0246829986572266 0.112945556640625 -0.211212158203125
-0.00193405151367187 -0.0496482849121094 -0.16876220703125 0.133331298828125
-0.0189437866210938 -0.0576171875 -0.34649658203125 -0.105743408203125
-0.0079345703125 -0.0466232299804688 -0.306976318359375 -0.403167724609375
0.00443410873413086 -0.000180244445800781 0.134857177734375 -0.55389404296875
-0.0136871337890625 0.0415840148925781 0.687744140625 -0.16448974609375
-0.0308322906494141 0.0115795135498047 0.67816162109375 0.48553466796875
0.0229988098144531 -0.0386199951171875 0.15765380859375 0.561676025390625
0.0541877746582031 -0.0570411682128906 0.0985260009765625 -0.064666748046875
0.00778579711914063 -0.0350799560546875 -0.1895751953125 -0.61700439453125
-3.71932983398433E-05 0.014796257019043 -0.716796875 -0.19989013671875
0.0115756988525391 0.0296401977539063 -0.411468505859375 0.55560302734375
0.00421524047851562 0.000900745391845703 0.19287109375 0.6141357421875
-0.0179405212402344 -0.0214347839355469 0.39154052734375 0.333770751953125
-0.0442657470703125 -0.0313224792480469 0.30419921875 -0.030059814453125
-0.0267868041992187 -0.0411949157714844 0.113296508789063 -0.211196899414063
-0.00273513793945312 -0.0641326904296875 -0.167587280273438 0.138076782226563
-0.0367507934570313 -0.0823822021484375 -0.35089111328125 -0.086090087890625
-0.0386772155761719 -0.0568809509277344 -0.32269287109375 -0.381591796875
-0.00744819641113281 0.0102596282958984 0.0994873046875 -0.56884765625
-0.00356674194335937 0.0609207153320312 0.6612548828125 -0.2303466796875
-0.0151729583740234 0.0291976928710938 0.69140625 0.421142578125
0.0347213745117188 -0.0420265197753906 0.1763916015625 0.55218505859375
0.0682373046875 -0.0701751708984375 0.0890731811523438 -0.0467605590820313
0.0226898193359375 -0.0400848388671875 -0.16973876953125 -0.62542724609375
0.0177364349365234 0.0241622924804687 -0.720703125 -0.25299072265625
0.0254135131835937 0.0454177856445313 -0.4669189453125 0.5245361328125
4.19616699218747E-05 0.0152006149291992 0.1484375 0.62091064453125
-0.0416488647460938 -0.0273818969726562 0.37481689453125 0.350067138671875
-0.0640296936035156 -0.0545997619628906 0.303924560546875 -0.0174560546875
-0.0297508239746094 -0.055511474609375 0.115463256835938 -0.209091186523437
-0.00240325927734375 -0.0707244873046875 -0.16326904296875 0.144882202148438
-0.0554351806640625 -0.0923919677734375 -0.34881591796875 -0.063995361328125
-0.0606460571289063 -0.0508308410644531 -0.336181640625 -0.3653564453125
-0.0108852386474609 0.0217552185058594 0.0482177734375001 -0.5924072265625
0.00982666015625 0.07232666015625 0.61328125 -0.310791015625
0.00148391723632813 0.0397834777832031 0.6986083984375 0.3385009765625
0.0407295227050781 -0.0453147888183594 0.195526123046875 0.537841796875
0.0784225463867188 -0.0786666870117188 0.0742874145507813 -0.0226821899414063
0.0349159240722656 -0.0435562133789063 -0.1414794921875 -0.6390380859375
0.0276679992675781 0.0320339202880859 -0.72613525390625 -0.33056640625
0.02911376953125 0.0605201721191406 -0.539764404296875 0.469970703125
-0.00746536254882813 0.0240364074707031 0.08660888671875 0.62237548828125
-0.0598068237304687 -0.0360031127929687 0.3526611328125 0.367340087890625
-0.0731277465820313 -0.0759811401367187 0.30401611328125 -0.002532958984375
-0.0261344909667969 -0.0675277709960938 0.119338989257813 -0.205947875976563
0.0171375274658203 0.0337810516357422 -0.1556396484375 0.152999877929688
0.0694122314453125 0.062957763671875 -0.319488525390625 -0.060638427734375
0.1015625 0.012847900390625 -0.318450927734375 -0.408843994140625
0.0476875305175781 -0.0287399291992188 0.052978515625 -0.63427734375
-0.0404281616210937 -0.0329475402832031 0.61260986328125 -0.3037109375
-0.0869293212890625 -0.0500335693359375 0.66815185546875 0.3631591796875
-0.0305385589599609 -0.0125522613525391 0.1656494140625 0.55853271484375
-0.00294589996337891 0.0102348327636719 0.0686378479003906 -0.0151290893554688
-0.0366706848144531 -0.0249481201171875 -0.1724853515625 -0.63275146484375
-0.0679435729980469 -0.05096435546875 -0.764892578125 -0.3074951171875
-0.0454444885253906 -0.0363502502441406 -0.556671142578125 0.48309326171875
0.0358695983886719 -0.0341377258300781 0.07989501953125 0.600341796875
0.0952835083007813 0.0187149047851563 0.36444091796875 0.322479248046875
0.0555686950683594 0.0578041076660156 0.318572998046875 -0.019805908203125
0.0154151916503906 0.0270824432373047 0.123245239257812 -0.21148681640625
0.00825309753417969 0.0290470123291016 -0.161056518554688 0.146240234375
0.0584220886230469 0.0656585693359375 -0.3232421875 -0.078338623046875
0.0983810424804688 0.0223770141601563 -0.298492431640625 -0.4149169921875
0.0538444519042969 -0.0238075256347656 0.107421875 -0.60162353515625
-0.0343265533447266 -0.0334625244140625 0.65863037109375 -0.2291259765625
-0.0798416137695313 -0.0558624267578125 0.6651611328125 0.4351806640625
-0.0289382934570312 -0.0167942047119141 0.149658203125 0.56768798828125
-8.98838043212887E-05 0.00414228439331055 0.0818328857421875 -0.039215087890625
-0.0368461608886719 -0.0246849060058594 -0.18902587890625 -0.618408203125
-0.07061767578125 -0.03704833984375 -0.74725341796875 -0.2369384765625
-0.0497856140136719 -0.0265350341796875 -0.483184814453125 0.53326416015625
0.0241889953613281 -0.03692626953125 0.13531494140625 0.60504150390625
0.085693359375 0.000640869140625 0.378631591796875 0.31658935546875
0.0518264770507813 0.0441322326660156 0.313751220703125 -0.0299072265625
0.0109844207763672 0.0205459594726563 0.116378784179688 -0.21343994140625
0.00190639495849609 0.0124111175537109 -0.167465209960938 0.139755249023438
0.0396728515625 0.0485420227050781 -0.32952880859375 -0.09539794921875
0.0812911987304688 0.0193405151367188 -0.288360595703125 -0.421356201171875
0.0493621826171875 -0.0158233642578125 0.14227294921875 -0.57562255859375
-0.0263786315917969 -0.0232601165771484 0.6865234375 -0.16558837890625
-0.0686569213867187 -0.0481643676757813 0.6622314453125 0.49169921875
-0.0174427032470703 -0.0210189819335938 0.139892578125 0.573974609375
0.00727367401123047 -0.00696992874145508 0.0937347412109375 -0.0572662353515625
-0.0329151153564453 -0.0242233276367188 -0.20098876953125 -0.6114501953125
-0.062042236328125 -0.0228462219238281 -0.73529052734375 -0.187255859375
-0.0425682067871094 -0.013336181640625 -0.423919677734375 0.561859130859375
0.0142097473144531 -0.0337028503417969 0.18597412109375 0.60675048828125
0.0649833679199219 -0.0111160278320313 0.39501953125 0.311370849609375
0.0350151062011719 0.0257110595703125 0.3106689453125 -0.034637451171875
0.00342607498168945 0.00769472122192383 0.115020751953125 -0.214370727539063
-0.00398159027099609 -0.00965785980224609 -0.170639038085938 0.13751220703125
0.0187397003173828 0.0179347991943359 -0.33624267578125 -0.109466552734375
0.0554618835449219 0.001617431640625 -0.290985107421875 -0.424835205078125
0.0391883850097656 -0.00881576538085937 0.15704345703125 -0.556854248046875
-0.0220928192138672 -0.0021209716796875 0.7017822265625 -0.1295166015625
-0.0578727722167969 -0.03338623046875 0.66314697265625 0.52532958984375
-0.00617790222167969 -0.0278263092041016 0.13848876953125 0.5755615234375
0.0227928161621094 -0.0233440399169922 0.101333618164063 -0.0691452026367188
-0.0225028991699219 -0.0258369445800781 -0.207763671875 -0.6112060546875
-0.0429191589355469 -0.00762176513671875 -0.7239990234375 -0.1632080078125
-0.0282535552978516 6.67572021484366E-05 -0.38958740234375 0.5787353515625
0.00915908813476562 -0.0244960784912109 0.21343994140625 0.60711669921875
0.0371360778808594 -0.017547607421875 0.404388427734375 0.31231689453125
0.00962162017822266 0.00598621368408203 0.307586669921875 -0.039337158203125
-0.00846767425537109 -0.0089254379272461 0.114105224609375 -0.215530395507813
-0.00115394592285156 -0.0308837890625 -0.16998291015625 0.134628295898438
0.000738143920898436 -0.0203762054443359 -0.343170166015625 -0.11322021484375
0.0237903594970703 -0.0255641937255859 -0.30035400390625 -0.417236328125
0.0212841033935547 -0.0047149658203125 0.15399169921875 -0.549041748046875
-0.0190963745117188 0.0190753936767578 0.7044677734375 -0.12835693359375
-0.0454597473144531 -0.0119132995605469 0.66986083984375 0.5245361328125
0.00963020324707031 -0.0338802337646484 0.144775390625 0.5732421875
0.0386505126953125 -0.0419082641601563 0.103431701660156 -0.0730972290039062
-0.00785255432128906 -0.0295619964599609 -0.20452880859375 -0.61248779296875
-0.0217227935791016 0.00398635864257812 -0.72003173828125 -0.16876220703125
-0.00796222686767578 0.0153112411499023 -0.38592529296875 0.575927734375
0.00620937347412109 -0.0115604400634766 0.2198486328125 0.6092529296875
0.00881576538085937 -0.0207252502441406 0.405242919921875 0.319305419921875
-0.0182857513427734 -0.0131664276123047 0.306793212890625 -0.03717041015625
-0.0183372497558594 -0.0256328582763672 0.11328125 -0.214263916015625
-0.002655029296875 -0.0515937805175781 -0.170440673828125 0.135726928710937
-0.0190391540527344 -0.0572700500488281 -0.35125732421875 -0.10528564453125
-0.00786972045898437 -0.047454833984375 -0.310943603515625 -0.405426025390625
0.00456809997558594 0.000347137451171875 0.133941650390625 -0.555938720703125
-0.0138626098632813 0.0432090759277344 0.6925048828125 -0.1669921875
-0.0310859680175781 0.0111560821533203 0.6829833984375 0.48883056640625
0.0236434936523438 -0.0391387939453125 0.15960693359375 0.56610107421875
0.0555267333984375 -0.0586700439453125 0.0994110107421875 -0.0654144287109375
0.007568359375 -0.0351028442382813 -0.19403076171875 -0.6220703125
-6.38961791992174E-05 0.0150766372680664 -0.72418212890625 -0.2003173828125
0.0116653442382812 0.0301246643066406 -0.4139404296875 0.562255859375
0.00398659706115723 0.00124192237854004 0.19720458984375 0.6185302734375
-0.0177497863769531 -0.02130126953125 0.397003173828125 0.3343505859375
-0.0456199645996094 -0.0329208374023437 0.305908203125 -0.030670166015625
-0.0278587341308594 -0.0416374206542969 0.11407470703125 -0.213134765625
-0.00315093994140625 -0.0650100708007813 -0.170074462890625 0.140228271484375
-0.0385513305664062 -0.0837326049804688 -0.35406494140625 -0.0849304199218751
-0.0386276245117188 -0.0567550659179687 -0.326324462890625 -0.382843017578125
-0.00606727600097656 0.0102376937866211 0.0968017578125 -0.57122802734375
-0.00332641601562499 0.0619735717773437 0.66546630859375 -0.2330322265625
-0.0145549774169922 0.0296497344970703 0.6966552734375 0.4239501953125
0.0351638793945313 -0.0433464050292969 0.1767578125 0.554656982421875
0.0699005126953125 -0.0715713500976563 0.0878524780273438 -0.0481033325195313
0.0222396850585937 -0.039520263671875 -0.170654296875 -0.6307373046875
0.0194320678710938 0.0242996215820313 -0.72711181640625 -0.25250244140625
0.0243301391601563 0.0458755493164063 -0.4688720703125 0.5283203125
8.96453857421869E-05 0.014897346496582 0.1512451171875 0.62738037109375
-0.0419349670410156 -0.0256996154785156 0.3798828125 0.351715087890625
-0.0652961730957031 -0.0541343688964844 0.305511474609375 -0.0189208984375
-0.030426025390625 -0.0560188293457031 0.116592407226563 -0.212432861328125
-0.003204345703125 -0.0717315673828125 -0.164382934570313 0.147994995117188
-0.0570068359375 -0.0935592651367188 -0.352294921875 -0.0606689453125001
-0.0607719421386719 -0.0513954162597656 -0.3421630859375 -0.3642578125
-0.00982666015625 0.0242347717285156 0.0450439453125 -0.597412109375
0.01031494140625 0.0717926025390625 0.61761474609375 -0.3133544921875
0.0015106201171875 0.0396804809570312 0.7022705078125 0.34112548828125
0.0417556762695313 -0.0451202392578125 0.197357177734375 0.5421142578125
0.0793304443359375 -0.07867431640625 0.07415771484375 -0.0229568481445313
0.035064697265625 -0.0426216125488281 -0.14593505859375 -0.64312744140625
0.0279598236083984 0.0310134887695313 -0.733154296875 -0.33123779296875
0.0285835266113281 0.0609779357910156 -0.539031982421875 0.4752197265625
-0.00830078125 0.0253372192382812 0.0887451171875 0.626953125
-0.059539794921875 -0.0357627868652344 0.355499267578125 0.370361328125
-0.07568359375 -0.0764694213867188 0.3065185546875 -0.004791259765625
-0.0265884399414063 -0.0654678344726562 0.121719360351563 -0.210006713867188
0.0177021026611328 0.0337696075439453 -0.156631469726563 0.1558837890625
0.0714645385742188 0.063079833984375 -0.3214111328125 -0.059173583984375
0.10260009765625 0.0117340087890625 -0.320892333984375 -0.40869140625
0.0475273132324219 -0.029815673828125 0.0480957031249999 -0.6383056640625
-0.0420455932617188 -0.0326728820800781 0.61676025390625 -0.30963134765625
-0.0872573852539062 -0.0500717163085938 0.6748046875 0.3642578125
-0.030670166015625 -0.0111141204833984 0.16754150390625 0.5634765625
-0.00305843353271484 0.0120296478271484 0.0670433044433594 -0.0159950256347656
-0.0368270874023438 -0.0245742797851562 -0.17474365234375 -0.637451171875
-0.06927490234375 -0.0513114929199219 -0.77508544921875 -0.3052978515625
-0.0471534729003906 -0.0351676940917969 -0.558837890625 0.49053955078125
0.0358314514160156 -0.0343589782714844 0.0828857421875 0.60406494140625
0.09698486328125 0.0168075561523438 0.369903564453125 0.323577880859375
0.0558090209960937 0.0586662292480469 0.321685791015625 -0.020233154296875
0.0154705047607422 0.0279788970947266 0.122940063476563 -0.2158203125
0.00853729248046875 0.0280914306640625 -0.161270141601563 0.150726318359375
0.0584602355957031 0.0665283203125 -0.32666015625 -0.0759582519531249
0.100303649902344 0.0225296020507812 -0.30389404296875 -0.417144775390625
0.0535659790039063 -0.0233345031738281 0.104248046875 -0.60845947265625
-0.0338459014892578 -0.0326137542724609 0.66180419921875 -0.23309326171875
-0.0813217163085938 -0.0543212890625 0.67095947265625 0.43743896484375
-0.0279884338378906 -0.0179119110107422 0.15380859375 0.57269287109375
0.000625133514404297 0.00371718406677246 0.0823287963867188 -0.039306640625
-0.0385398864746094 -0.0238456726074219 -0.19403076171875 -0.62353515625
-0.0710296630859375 -0.0376968383789063 -0.75616455078125 -0.236083984375
-0.0504837036132813 -0.0262222290039063 -0.484405517578125 0.53997802734375
0.0240821838378906 -0.0388679504394531 0.140625 0.6107177734375
0.0872268676757812 -6.866455078125E-05 0.383575439453125 0.316619873046875
0.0521087646484375 0.0437965393066406 0.316131591796875 -0.032867431640625
0.0100440979003906 0.0207653045654297 0.11669921875 -0.2166748046875
0.000449180603027343 0.012690544128418 -0.167861938476563 0.142547607421875
0.0417098999023438 0.0469703674316406 -0.334869384765625 -0.0945129394531251
0.083038330078125 0.0194168090820313 -0.294342041015625 -0.423248291015625
0.0504379272460938 -0.015899658203125 0.13836669921875 -0.5816650390625
-0.0278911590576172 -0.0223159790039063 0.69158935546875 -0.16839599609375
-0.07061767578125 -0.049896240234375 0.666748046875 0.49420166015625
-0.0186939239501953 -0.0211906433105469 0.1435546875 0.576416015625
0.00771093368530274 -0.00729846954345703 0.094146728515625 -0.0594863891601562
-0.0333938598632812 -0.0248908996582031 -0.20697021484375 -0.61572265625
-0.0618667602539062 -0.0216789245605469 -0.741943359375 -0.18682861328125
-0.0432662963867188 -0.013092041015625 -0.4232177734375 0.57086181640625
0.0147838592529297 -0.0336933135986328 0.1912841796875 0.6121826171875
0.0640945434570313 -0.0128021240234375 0.40008544921875 0.31121826171875
0.0355339050292969 0.0247955322265625 0.31304931640625 -0.0369873046875
0.00309562683105469 0.00883865356445313 0.115020751953125 -0.2174072265625
-0.00273799896240234 -0.00938606262207031 -0.172103881835937 0.139892578125
0.0204315185546875 0.0181007385253906 -0.339874267578125 -0.107513427734375
0.0548667907714844 -0.000934600830078125 -0.296356201171875 -0.424560546875
0.0386810302734375 -0.00928115844726563 0.15484619140625 -0.56298828125
-0.0232982635498047 -0.00333595275878906 0.70587158203125 -0.134521484375
-0.05767822265625 -0.0352020263671875 0.6700439453125 0.52606201171875
-0.00673103332519532 -0.0280094146728516 0.14117431640625 0.5789794921875
0.0220375061035156 -0.0229282379150391 0.101829528808594 -0.0706100463867188
-0.0227165222167969 -0.0250911712646484 -0.21221923828125 -0.61419677734375
-0.0442047119140625 -0.00789642333984376 -0.73138427734375 -0.1612548828125
-0.0286102294921875 0.000934600830078123 -0.3907470703125 0.58453369140625
0.0100059509277344 -0.0247821807861328 0.2218017578125 0.611083984375
0.0391082763671875 -0.0180816650390625 0.410919189453125 0.3128662109375
0.00988960266113281 0.00560283660888672 0.311737060546875 -0.041107177734375
-0.00881671905517578 -0.00848388671875 0.113845825195313 -0.2191162109375
-0.0014801025390625 -0.0304756164550781 -0.172164916992188 0.137298583984375
-0.000905990600585937 -0.0209827423095703 -0.349090576171875 -0.111480712890625
0.0245094299316406 -0.0266284942626953 -0.30584716796875 -0.420013427734375
0.0214729309082031 -0.00503158569335938 0.1512451171875 -0.554931640625
-0.0187625885009766 0.0196609497070313 0.70953369140625 -0.13287353515625
-0.0451087951660156 -0.0127525329589844 0.676513671875 0.5289306640625
0.00975608825683593 -0.0333518981933594 0.14837646484375 0.57611083984375
0.0386428833007813 -0.0416717529296875 0.104949951171875 -0.0741424560546875
-0.00807952880859375 -0.0302906036376953 -0.20953369140625 -0.61798095703125
-0.0214519500732422 0.00546646118164063 -0.72625732421875 -0.1661376953125
-0.00779533386230468 0.0157365798950195 -0.3851318359375 0.58441162109375
0.00514698028564453 -0.0119237899780273 0.2237548828125 0.61383056640625
0.00869178771972656 -0.0210800170898438 0.41162109375 0.321014404296875
-0.0184192657470703 -0.0121402740478516 0.309600830078125 -0.040496826171875
-0.0195884704589844 -0.0250892639160156 0.113906860351563 -0.217849731445312
-0.00360488891601563 -0.0521888732910156 -0.172210693359375 0.139984130859375
-0.0201759338378906 -0.0581893920898438 -0.354644775390625 -0.102691650390625
-0.00867462158203125 -0.0477523803710938 -0.31756591796875 -0.404388427734375
0.00413775444030762 0.000363349914550781 0.130859375 -0.56280517578125
-0.0137138366699219 0.0434532165527344 0.69732666015625 -0.1708984375
-0.0318546295166016 0.0106735229492188 0.69244384765625 0.4906005859375
0.0236320495605469 -0.0396194458007813 0.16021728515625 0.56817626953125
0.056060791015625 -0.0592041015625 0.098968505859375 -0.0667648315429688
0.00783157348632813 -0.0357208251953125 -0.1951904296875 -0.62548828125
0.00172615051269531 0.0154142379760742 -0.728515625 -0.19549560546875
0.0118389129638672 0.0315933227539063 -0.4151611328125 0.56744384765625
0.00471735000610352 0.00174713134765625 0.2030029296875 0.621337890625
-0.0181751251220703 -0.0218391418457031 0.403076171875 0.335205078125
-0.0458106994628906 -0.0323524475097656 0.308013916015625 -0.032501220703125
-0.0282325744628906 -0.0421562194824219 0.113357543945312 -0.216644287109375
-0.00360107421875 -0.0663566589355469 -0.170318603515625 0.144119262695313
-0.0403976440429688 -0.0847549438476563 -0.35711669921875 -0.0821533203125
-0.0400161743164063 -0.0579948425292969 -0.331512451171875 -0.384857177734375
-0.00799751281738281 0.0122852325439453 0.09490966796875 -0.57708740234375
-0.0026092529296875 0.0629425048828125 0.66986083984375 -0.23681640625
-0.0153446197509766 0.0304794311523437 0.70391845703125 0.4244384765625
0.0344886779785156 -0.0442428588867187 0.179351806640625 0.55877685546875
0.0708541870117187 -0.0723037719726563 0.0893707275390625 -0.0494766235351563
0.0217170715332031 -0.040679931640625 -0.1754150390625 -0.63543701171875
0.0200862884521484 0.0235137939453125 -0.73443603515625 -0.252197265625
0.02447509765625 0.0465660095214844 -0.470062255859375 0.535491943359375
-0.000598907470703124 0.0158634185791016 0.1563720703125 0.63018798828125
-0.0434417724609375 -0.0269432067871094 0.38531494140625 0.3533935546875
-0.0659866333007813 -0.05401611328125 0.308441162109375 -0.021148681640625
-0.0310134887695313 -0.0567893981933594 0.116912841796875 -0.214859008789063
-0.00482177734374999 -0.0726547241210938 -0.166854858398438 0.151153564453125
-0.0582504272460937 -0.0943756103515625 -0.357086181640625 -0.0586547851562501
-0.0631866455078125 -0.0511283874511719 -0.34820556640625 -0.365325927734375
-0.0100002288818359 0.0232105255126953 0.0413818359375 -0.60186767578125
0.0111923217773437 0.0736160278320313 0.621337890625 -0.31884765625
0.00239181518554688 0.0392265319824219 0.71002197265625 0.34039306640625
0.0419731140136719 -0.0464973449707031 0.199615478515625 0.54547119140625
0.0796585083007812 -0.0801467895507813 0.0744781494140625 -0.0243301391601563
0.0360145568847656 -0.0448570251464844 -0.148681640625 -0.64935302734375
0.0288467407226563 0.0306644439697266 -0.73992919921875 -0.33160400390625
0.0305709838867187 0.0619087219238281 -0.541961669921875 0.4833984375
-0.00712776184082031 0.0258216857910156 0.09478759765625 0.63128662109375
-0.0617866516113281 -0.0360603332519531 0.36260986328125 0.3721923828125
-0.0771636962890625 -0.0762252807617187 0.308074951171875 -0.004791259765625
-0.0278282165527344 -0.0675201416015625 0.120468139648437 -0.213027954101563
0.0175056457519531 0.0339756011962891 -0.158157348632813 0.160202026367187
0.0737457275390625 0.0630645751953125 -0.32611083984375 -0.05657958984375
0.104690551757813 0.012359619140625 -0.329925537109375 -0.4100341796875
0.0471420288085938 -0.0317649841308594 0.0443115234374999 -0.64471435546875
-0.0429801940917969 -0.0329475402832031 0.61993408203125 -0.31591796875
-0.0886993408203125 -0.04852294921875 0.68414306640625 0.36383056640625
-0.0318965911865234 -0.009124755859375 0.1695556640625 0.5673828125
-0.00360679626464844 0.0113554000854492 0.0670242309570313 -0.0156402587890625
-0.0380287170410156 -0.0244865417480469 -0.18035888671875 -0.640625
-0.0694503784179688 -0.0494232177734375 -0.78387451171875 -0.3038330078125
-0.0476493835449219 -0.036651611328125 -0.559600830078125 0.499481201171875
0.0343971252441406 -0.03717041015625 0.0890502929687499 0.60968017578125
0.09808349609375 0.0159072875976563 0.377410888671875 0.322113037109375
0.0569915771484375 0.0576667785644531 0.325531005859375 -0.02349853515625
0.0168781280517578 0.0292854309082031 0.122970581054688 -0.218841552734375
0.00773429870605469 0.0304756164550781 -0.163192749023438 0.154022216796875
0.0605964660644531 0.066497802734375 -0.331298828125 -0.07476806640625
0.10137939453125 0.0210494995117188 -0.310455322265625 -0.417266845703125
0.0546531677246094 -0.0236778259277344 0.1009521484375 -0.61431884765625
-0.036285400390625 -0.0330238342285156 0.66656494140625 -0.23712158203125
-0.082794189453125 -0.0553359985351562 0.6781005859375 0.4375
-0.0294265747070313 -0.0156307220458984 0.15667724609375 0.5767822265625
-0.00166893005371094 0.00325179100036621 0.0815277099609375 -0.0396804809570313
-0.0384407043457031 -0.0233497619628906 -0.19781494140625 -0.6278076171875
-0.0722274780273438 -0.0371627807617188 -0.7657470703125 -0.23114013671875
-0.0518264770507813 -0.02630615234375 -0.486114501953125 0.54827880859375
0.0225410461425781 -0.038787841796875 0.14630126953125 0.6138916015625
0.0876922607421875 -0.00223541259765625 0.39117431640625 0.31658935546875
0.053924560546875 0.0450553894042969 0.31903076171875 -0.034820556640625
0.0106010437011719 0.0212478637695312 0.117645263671875 -0.220046997070313
0.000574111938476562 0.0128250122070313 -0.169876098632813 0.146896362304687
0.0418624877929688 0.0480766296386719 -0.338165283203125 -0.09185791015625
0.082855224609375 0.0182876586914063 -0.30084228515625 -0.424835205078125
0.051116943359375 -0.0169601440429688 0.13580322265625 -0.58673095703125
-0.0271816253662109 -0.0231113433837891 0.6971435546875 -0.17547607421875
-0.0706939697265625 -0.0499496459960938 0.67730712890625 0.4957275390625
-0.0199527740478516 -0.0206813812255859 0.14642333984375 0.58111572265625
0.0071110725402832 -0.0070185661315918 0.0938186645507812 -0.0601882934570313
-0.0339202880859375 -0.0246067047119141 -0.209716796875 -0.620849609375
-0.0638809204101563 -0.0217475891113281 -0.749267578125 -0.18304443359375
-0.0449256896972656 -0.012725830078125 -0.42431640625 0.578857421875
0.0148658752441406 -0.0333518981933594 0.1961669921875 0.614501953125
0.0643692016601563 -0.0127601623535156 0.40771484375 0.31048583984375
0.0361213684082031 0.0248451232910156 0.31671142578125 -0.04071044921875
0.00177764892578125 0.0103998184204102 0.115524291992187 -0.220809936523438
-0.00418567657470703 -0.01031494140625 -0.172592163085938 0.142791748046875
0.0206680297851563 0.0176181793212891 -0.34368896484375 -0.106231689453125
0.0559616088867188 0.000888824462890625 -0.303558349609375 -0.427001953125
0.0384559631347656 -0.0104751586914063 0.15185546875 -0.568603515625
-0.0226364135742187 -0.002716064453125 0.71185302734375 -0.13916015625
-0.0587997436523437 -0.0342216491699219 0.67987060546875 0.529541015625
-0.00531196594238281 -0.0277462005615234 0.147216796875 0.5836181640625
0.0217247009277344 -0.0244693756103516 0.103096008300781 -0.073516845703125
-0.0220623016357422 -0.0245075225830078 -0.21728515625 -0.61907958984375
-0.0438232421875 -0.00727844238281249 -0.73687744140625 -0.15802001953125
-0.0291538238525391 0.00253105163574218 -0.388427734375 0.59381103515625
0.00792694091796875 -0.0253276824951172 0.22723388671875 0.61456298828125
0.0375938415527344 -0.0193138122558594 0.41729736328125 0.313720703125
0.00946044921875 0.00745677947998047 0.313568115234375 -0.043701171875
-0.00880718231201172 -0.00711727142333985 0.112045288085938 -0.221633911132813
-0.00243759155273437 -0.0321216583251953 -0.172637939453125 0.142471313476563
-0.000619888305664061 -0.0215873718261719 -0.352691650390625 -0.108978271484375
0.0248584747314453 -0.0263614654541016 -0.312225341796875 -0.419891357421875
0.0219020843505859 -0.00646209716796875 0.148223876953125 -0.5618896484375
-0.0191001892089844 0.0203132629394531 0.71612548828125 -0.1357421875
-0.0449867248535156 -0.0121726989746094 0.6873779296875 0.52825927734375
0.00861930847167969 -0.0336589813232422 0.1513671875 0.5806884765625
0.038848876953125 -0.0420608520507813 0.104804992675781 -0.0765609741210938
-0.0085296630859375 -0.0300388336181641 -0.21466064453125 -0.6234130859375
-0.0211963653564453 0.005279541015625 -0.733642578125 -0.16339111328125
-0.00839424133300781 0.0168428421020508 -0.38482666015625 0.5904541015625
0.00528526306152344 -0.0128078460693359 0.23138427734375 0.61578369140625
0.0086517333984375 -0.02154541015625 0.417205810546875 0.320709228515625
-0.0189952850341797 -0.0122394561767578 0.312225341796875 -0.043701171875
-0.0196418762207031 -0.0248603820800781 0.113265991210937 -0.222000122070313
-0.00408554077148437 -0.0530853271484375 -0.173690795898437 0.14239501953125
-0.0213546752929688 -0.0573158264160156 -0.35882568359375 -0.0989990234375
-0.00827407836914062 -0.0485916137695313 -0.324066162109375 -0.406494140625
0.0048670768737793 0.000949382781982422 0.1275634765625 -0.5662841796875
-0.0130195617675781 0.0438385009765625 0.70233154296875 -0.1763916015625
-0.0303268432617187 0.0105152130126953 0.70159912109375 0.49237060546875
0.0239105224609375 -0.0392837524414063 0.16607666015625 0.57318115234375
0.0560493469238281 -0.0600204467773437 0.100303649902344 -0.0688018798828125
0.0071868896484375 -0.036224365234375 -0.20196533203125 -0.63055419921875
0.00219345092773437 0.0151395797729492 -0.737548828125 -0.19476318359375
0.0103645324707031 0.0306282043457031 -0.41400146484375 0.57659912109375
0.00335407257080078 0.00191044807434082 0.2093505859375 0.62603759765625
-0.0187664031982422 -0.0224514007568359 0.4100341796875 0.3350830078125
-0.0475120544433594 -0.0321731567382812 0.31158447265625 -0.035247802734375
-0.0284538269042969 -0.0408477783203125 0.113540649414063 -0.221298217773438
-0.0049591064453125 -0.0662002563476562 -0.171478271484375 0.147567749023438
-0.0414505004882812 -0.0854949951171875 -0.36322021484375 -0.079254150390625
-0.0410118103027344 -0.0586585998535156 -0.338775634765625 -0.386138916015625
-0.0076894760131836 0.0120325088500977 0.091552734375 -0.58233642578125
-0.00268936157226562 0.0646133422851563 0.6734619140625 -0.2437744140625
-0.0144271850585938 0.0302906036376953 0.71435546875 0.42620849609375
0.0344619750976563 -0.0437240600585938 0.18218994140625 0.56390380859375
0.0712203979492188 -0.0730438232421875 0.089752197265625 -0.05059814453125
0.0219039916992188 -0.0414695739746094 -0.18023681640625 -0.64044189453125
0.0198192596435547 0.0235042572021484 -0.74310302734375 -0.24951171875
0.0264816284179688 0.0467605590820313 -0.470672607421875 0.542999267578125
-0.000560760498046875 0.0162277221679688 0.1634521484375 0.63397216796875
-0.0432090759277344 -0.0267372131347656 0.393402099609375 0.35321044921875
-0.0682525634765625 -0.0548439025878906 0.311004638671875 -0.023651123046875
-0.0322914123535156 -0.0558547973632813 0.115692138671875 -0.218276977539063
-0.00404357910156249 -0.0740203857421875 -0.167800903320313 0.155807495117188
-0.060333251953125 -0.0948944091796875 -0.36004638671875 -0.054840087890625
-0.0632781982421875 -0.0511856079101563 -0.355255126953125 -0.365325927734375
-0.00976943969726562 0.0244617462158203 0.03668212890625 -0.6053466796875
0.0125885009765625 0.0759201049804688 0.62432861328125 -0.32208251953125
0.0027313232421875 0.0396614074707031 0.72015380859375 0.34100341796875
0.0422897338867188 -0.0496101379394531 0.2022705078125 0.549102783203125
0.0809326171875 -0.0816116333007813 0.0747833251953125 -0.0251388549804688
0.0353889465332031 -0.0449905395507813 -0.1544189453125 -0.6536865234375
0.0315361022949219 0.0321540832519531 -0.7489013671875 -0.3289794921875
0.0312461853027344 0.0613441467285156 -0.545135498046875 0.489776611328125
-0.00910758972167969 0.0264186859130859 0.0986328125 0.6376953125
-0.063079833984375 -0.0354423522949219 0.36981201171875 0.372222900390625
-0.0782928466796875 -0.076995849609375 0.311553955078125 -0.00814819335937501
-0.0281524658203125 -0.0665740966796875 0.12103271484375 -0.21795654296875
0.0195770263671875 0.0329322814941406 -0.158828735351562 0.162796020507813
0.0754013061523438 0.0638427734375 -0.330810546875 -0.0524291992187501
0.106483459472656 0.0102996826171875 -0.33746337890625 -0.411224365234375
0.0476417541503906 -0.0309104919433594 0.03863525390625 -0.64739990234375
-0.0444488525390625 -0.032073974609375 0.6202392578125 -0.3233642578125
-0.090240478515625 -0.048828125 0.69091796875 0.36248779296875
-0.0328025817871094 -0.00990676879882813 0.1771240234375 0.5723876953125
-0.00445461273193359 0.0123872756958008 0.0670318603515625 -0.0172920227050781
-0.0393486022949219 -0.0239334106445312 -0.18804931640625 -0.64630126953125
-0.0709381103515625 -0.0511550903320312 -0.79290771484375 -0.29949951171875
-0.049468994140625 -0.0360145568847656 -0.559112548828125 0.51019287109375
0.0337066650390625 -0.0369148254394531 0.095947265625 0.6131591796875
0.0994644165039063 0.0135650634765625 0.38336181640625 0.32293701171875
0.05810546875 0.0588455200195313 0.326873779296875 -0.027984619140625
0.0172176361083984 0.0282783508300781 0.120620727539063 -0.224258422851562
0.00882148742675781 0.0291271209716797 -0.164276123046875 0.158248901367188
0.0622024536132812 0.0660133361816406 -0.33526611328125 -0.07073974609375
0.103561401367187 0.0201187133789062 -0.318389892578125 -0.41644287109375
0.0554466247558594 -0.0267410278320313 0.0948486328125 -0.61895751953125
-0.036956787109375 -0.0336647033691406 0.67138671875 -0.2449951171875
-0.0843124389648438 -0.0550308227539063 0.69024658203125 0.4359130859375
-0.0302085876464844 -0.0163440704345703 0.16064453125 0.58062744140625
-0.00023651123046875 0.00492763519287109 0.0826034545898438 -0.0418167114257813
-0.0399627685546875 -0.0218849182128906 -0.20416259765625 -0.63262939453125
-0.0727767944335938 -0.0366744995117187 -0.77435302734375 -0.22784423828125
-0.0528678894042969 -0.025787353515625 -0.48583984375 0.557861328125
0.0214195251464844 -0.04150390625 0.1558837890625 0.6187744140625
0.0887069702148438 -0.00244140625 0.3980712890625 0.313812255859375
0.0536155700683594 0.0446014404296875 0.320831298828125 -0.03790283203125
0.0129203796386719 0.0215930938720703 0.11651611328125 -0.224105834960938
0.00126934051513672 0.013092041015625 -0.170669555664062 0.150802612304688
0.0428924560546875 0.0490036010742188 -0.343017578125 -0.08819580078125
0.0850753784179688 0.0170745849609375 -0.308929443359375 -0.42620849609375
0.0519981384277344 -0.0173721313476563 0.13153076171875 -0.59283447265625
-0.0295677185058594 -0.0229129791259766 0.701171875 -0.180908203125
-0.0735855102539063 -0.0496063232421875 0.68780517578125 0.49407958984375
-0.0215377807617188 -0.0209503173828125 0.1524658203125 0.58538818359375
0.00800228118896484 -0.00613641738891602 0.0950393676757813 -0.061798095703125
-0.0354995727539063 -0.0225906372070313 -0.21697998046875 -0.6239013671875
-0.0649604797363281 -0.022247314453125 -0.75640869140625 -0.17803955078125
-0.0447731018066406 -0.0125389099121094 -0.42230224609375 0.58758544921875
0.0132484436035156 -0.0355339050292969 0.2060546875 0.617431640625
0.0660400390625 -0.0139846801757813 0.413665771484375 0.309295654296875
0.0353012084960938 0.0254402160644531 0.31939697265625 -0.044403076171875
0.00226974487304688 0.00900459289550781 0.114212036132812 -0.22467041015625
-0.00468635559082031 -0.00994777679443359 -0.174850463867188 0.147781372070313
0.0210189819335938 0.0184478759765625 -0.349945068359375 -0.10235595703125
0.0568580627441406 -0.00140762329101562 -0.312591552734375 -0.425384521484375
0.0379486083984375 -0.0103607177734375 0.146728515625 -0.5745849609375
-0.0236167907714844 -0.00317573547363281 0.7183837890625 -0.145751953125
-0.0602302551269531 -0.033905029296875 0.69000244140625 0.52838134765625
-0.00666618347167969 -0.0273628234863281 0.15069580078125 0.58929443359375
0.0219974517822266 -0.0236721038818359 0.102546691894531 -0.0758590698242188
-0.0245018005371094 -0.0248908996582031 -0.2244873046875 -0.623291015625
-0.0452804565429688 -0.00723648071289063 -0.74456787109375 -0.15130615234375
-0.0283660888671875 0.00143623352050782 -0.38531494140625 0.6033935546875
0.00616836547851562 -0.0259342193603516 0.23492431640625 0.619140625
0.0382003784179688 -0.019805908203125 0.4234619140625 0.312652587890625
0.00979995727539063 0.00631046295166016 0.316314697265625 -0.04815673828125
-0.00974559783935547 -0.00690460205078125 0.112564086914063 -0.22589111328125
-0.00237464904785156 -0.0326328277587891 -0.173797607421875 0.1466064453125
-0.00101470947265625 -0.0212135314941406 -0.35809326171875 -0.105804443359375
0.0243377685546875 -0.0279369354248047 -0.320098876953125 -0.42041015625
0.0216426849365234 -0.00555419921875 0.143310546875 -0.56500244140625
-0.0196876525878906 0.0218334197998047 0.7216796875 -0.1456298828125
-0.0465354919433594 -0.0120697021484375 0.69732666015625 0.52630615234375
0.00844001770019531 -0.0343112945556641 0.15692138671875 0.586181640625
0.0386276245117188 -0.0422325134277344 0.104011535644531 -0.0783309936523437
-0.0077056884765625 -0.0305004119873047 -0.2200927734375 -0.62664794921875
-0.0212955474853516 0.00584793090820313 -0.74139404296875 -0.1578369140625
-0.00772571563720703 0.0164499282836914 -0.38128662109375 0.6004638671875
0.00501251220703125 -0.013005256652832 0.23974609375 0.61956787109375
0.00917625427246094 -0.021484375 0.4266357421875 0.3184814453125
-0.0199394226074219 -0.0127811431884766 0.314666748046875 -0.046783447265625
-0.0201930999755859 -0.0246067047119141 0.112091064453125 -0.225875854492188
-0.00434494018554687 -0.0531692504882812 -0.17449951171875 0.147445678710938
-0.0220413208007813 -0.0575675964355469 -0.363983154296875 -0.09619140625
-0.0101776123046875 -0.0497894287109375 -0.332977294921875 -0.404449462890625
0.00455617904663086 0.000952243804931641 0.12396240234375 -0.57232666015625
-0.0133590698242188 0.0448112487792969 0.70806884765625 -0.1832275390625
-0.0305061340332031 0.0117568969726563 0.7109375 0.4893798828125
0.0237998962402344 -0.0405731201171875 0.171630859375 0.5789794921875
0.0564918518066406 -0.0608406066894531 0.098785400390625 -0.0703048706054688
0.0071868896484375 -0.0376930236816406 -0.20892333984375 -0.63458251953125
0.00336360931396484 0.0152406692504883 -0.74395751953125 -0.190185546875
0.0133247375488281 0.0323715209960938 -0.41119384765625 0.584228515625
0.00267744064331055 0.000780105590820313 0.21649169921875 0.630126953125
-0.0203266143798828 -0.0219783782958984 0.417388916015625 0.334136962890625
-0.048126220703125 -0.0317497253417969 0.31402587890625 -0.040435791015625
-0.0310630798339844 -0.0418319702148438 0.11273193359375 -0.224075317382813
-0.00589752197265625 -0.0666732788085937 -0.173919677734375 0.153396606445313
-0.0427627563476562 -0.0852508544921875 -0.36810302734375 -0.075408935546875
-0.04119873046875 -0.0580940246582031 -0.347259521484375 -0.38433837890625
-0.00754737854003906 0.0127677917480469 0.0844726562500001 -0.58831787109375
-0.00171279907226562 0.0651092529296875 0.67779541015625 -0.2513427734375
-0.0132102966308594 0.0291957855224609 0.72308349609375 0.42315673828125
0.0348052978515625 -0.0463104248046875 0.18829345703125 0.56719970703125
0.0710296630859375 -0.0746536254882813 0.0895614624023438 -0.0511932373046875
0.0248031616210938 -0.0421142578125 -0.18609619140625 -0.6431884765625
0.0209178924560547 0.0235118865966797 -0.75091552734375 -0.24554443359375
0.0264701843261719 0.0479736328125 -0.4698486328125 0.553955078125
-0.000976562500000001 0.0156917572021484 0.17120361328125 0.63812255859375
-0.0450477600097656 -0.02679443359375 0.400909423828125 0.352142333984375
-0.06866455078125 -0.053436279296875 0.3134765625 -0.025970458984375
-0.0337142944335937 -0.0570602416992187 0.115524291992188 -0.223342895507812
-0.0062408447265625 -0.0757217407226563 -0.168487548828125 0.160171508789063
-0.0622940063476563 -0.095245361328125 -0.36492919921875 -0.0509033203125
-0.0650978088378906 -0.0506515502929687 -0.362091064453125 -0.363433837890625
-0.00931930541992187 0.0250358581542969 0.03192138671875 -0.61004638671875
0.0133590698242188 0.075897216796875 0.62811279296875 -0.332275390625
0.00339126586914063 0.0388946533203125 0.728759765625 0.33984375
0.0431938171386719 -0.0487136840820313 0.20770263671875 0.55267333984375
0.0810317993164063 -0.0826416015625 0.0740814208984375 -0.0259017944335938
0.0378341674804688 -0.0459136962890625 -0.1607666015625 -0.6578369140625
0.0315303802490234 0.0321197509765625 -0.7559814453125 -0.32452392578125
0.031341552734375 0.062347412109375 -0.543792724609375 0.49920654296875
-0.00884628295898437 0.0266685485839844 0.10491943359375 0.64129638671875
-0.0626792907714844 -0.0359268188476563 0.37652587890625 0.371673583984375
-0.081298828125 -0.076904296875 0.31475830078125 -0.0107421875
-0.0314178466796875 -0.0676994323730469 0.118789672851563 -0.223068237304688
0.0184707641601562 0.0339717864990234 -0.159042358398438 0.16754150390625
0.0768966674804688 0.0637893676757813 -0.335601806640625 -0.048095703125
0.108924865722656 0.009002685546875 -0.345703125 -0.407684326171875
0.0471763610839844 -0.0324134826660156 0.03167724609375 -0.6534423828125
-0.0458984375 -0.0325393676757813 0.62274169921875 -0.331298828125
-0.0920257568359375 -0.0493011474609375 0.70208740234375 0.36212158203125
-0.0339336395263672 -0.00812149047851562 0.181884765625 0.573486328125
-0.00518798828125 0.0122833251953125 0.0670623779296875 -0.01837158203125
-0.0404815673828125 -0.0225334167480469 -0.1939697265625 -0.6474609375
-0.0737991333007812 -0.049041748046875 -0.79949951171875 -0.2935791015625
-0.0501136779785156 -0.0351829528808594 -0.559478759765625 0.5203857421875
0.0332756042480469 -0.0388336181640625 0.10235595703125 0.6187744140625
0.100845336914063 0.0135650634765625 0.39190673828125 0.320770263671875
0.059356689453125 0.0589332580566406 0.33135986328125 -0.030487060546875
0.0176124572753906 0.0299758911132813 0.120620727539063 -0.226394653320313
0.00969123840332031 0.0299263000488281 -0.165695190429688 0.16290283203125
0.063262939453125 0.0674057006835938 -0.339324951171875 -0.06640625
0.104782104492188 0.0188446044921875 -0.327056884765625 -0.4163818359375
0.0543708801269531 -0.0266380310058594 0.08831787109375 -0.62493896484375
-0.0389137268066406 -0.0329208374023437 0.6756591796875 -0.25421142578125
-0.086700439453125 -0.05584716796875 0.70025634765625 0.43316650390625
-0.0303192138671875 -0.0151348114013672 0.1661376953125 0.58416748046875
-0.00171422958374024 0.00595378875732422 0.0828399658203125 -0.0430831909179687
-0.0404281616210938 -0.0215263366699219 -0.2122802734375 -0.6363525390625
-0.074188232421875 -0.036041259765625 -0.7822265625 -0.21990966796875
-0.0532569885253906 -0.0251731872558594 -0.48162841796875 0.56732177734375
0.0211067199707031 -0.0418548583984375 0.1622314453125 0.62030029296875
0.0894012451171875 -0.0037841796875 0.406646728515625 0.313995361328125
0.0554428100585938 0.0458831787109375 0.32470703125 -0.04156494140625
0.0109748840332031 0.0224132537841797 0.11663818359375 -0.22955322265625
0.00184917449951172 0.012115478515625 -0.172073364257812 0.15679931640625
0.0443382263183594 0.0478973388671875 -0.34783935546875 -0.0843200683593749
0.087127685546875 0.0162277221679688 -0.3179931640625 -0.425567626953125
0.0515823364257813 -0.018585205078125 0.12579345703125 -0.597412109375
-0.0311336517333984 -0.0217208862304687 0.70526123046875 -0.19091796875
-0.0742568969726562 -0.0502548217773438 0.6966552734375 0.491943359375
-0.0219821929931641 -0.0215301513671875 0.15631103515625 0.588623046875
0.00723791122436523 -0.00672006607055664 0.0945816040039063 -0.0644378662109375
-0.0360565185546875 -0.022186279296875 -0.2239990234375 -0.62689208984375
-0.0654792785644531 -0.020416259765625 -0.7662353515625 -0.17144775390625
-0.0461578369140625 -0.0110435485839844 -0.41986083984375 0.5970458984375
0.012603759765625 -0.0354537963867188 0.2137451171875 0.620849609375
0.0671157836914063 -0.0162734985351563 0.421478271484375 0.307281494140625
0.0377082824707031 0.0249977111816406 0.321136474609375 -0.050445556640625
0.00246620178222656 0.00989532470703125 0.112564086914063 -0.229217529296875
-0.00546073913574219 -0.0103759765625 -0.17413330078125 0.15350341796875
0.0219516754150391 0.0189247131347656 -0.3543701171875 -0.098297119140625
0.0585403442382813 -0.00179672241210937 -0.32073974609375 -0.426483154296875
0.038848876953125 -0.011505126953125 0.1409912109375 -0.5787353515625
-0.0236492156982422 -0.00246620178222657 0.722412109375 -0.1541748046875
-0.0605926513671875 -0.0336761474609375 0.7017822265625 0.5263671875
-0.0078277587890625 -0.0277843475341797 0.15753173828125 0.5908203125
0.0219287872314453 -0.0233039855957031 0.103240966796875 -0.0766372680664063
-0.024871826171875 -0.0245246887207031 -0.23040771484375 -0.626220703125
-0.0459480285644531 -0.00619125366210938 -0.75360107421875 -0.1456298828125
-0.0300235748291016 0.00241851806640625 -0.381591796875 0.6124267578125
0.00669288635253906 -0.0256175994873047 0.24578857421875 0.62005615234375
0.0377311706542969 -0.0209426879882813 0.431427001953125 0.309326171875
0.0103969573974609 0.00724220275878906 0.318695068359375 -0.05169677734375
-0.00968456268310547 -0.00774288177490235 0.111557006835938 -0.229400634765625
-0.00408172607421875 -0.0331287384033203 -0.174087524414063 0.150405883789063
-0.00205230712890625 -0.0210628509521484 -0.36358642578125 -0.101531982421875
0.0247268676757813 -0.0280284881591797 -0.3282470703125 -0.419189453125
0.0216827392578125 -0.00570869445800781 0.1375732421875 -0.5714111328125
-0.0194816589355469 0.0217838287353516 0.72454833984375 -0.15185546875
-0.0466995239257813 -0.0125808715820312 0.70794677734375 0.52679443359375
0.00843620300292969 -0.0344314575195313 0.1624755859375 0.58807373046875
0.0389251708984375 -0.0438232421875 0.104057312011719 -0.08050537109375
-0.00872421264648438 -0.0304851531982422 -0.22943115234375 -0.6298828125
-0.0207672119140625 0.0059356689453125 -0.750244140625 -0.1510009765625
-0.00813961029052735 0.0170631408691406 -0.3779296875 0.6077880859375
0.00421714782714844 -0.0125484466552734 0.2481689453125 0.62347412109375
0.00790786743164063 -0.0219898223876953 0.432891845703125 0.316864013671875
-0.0201225280761719 -0.0118465423583984 0.316802978515625 -0.05181884765625
-0.0213584899902344 -0.0244255065917969 0.110992431640625 -0.2308349609375
-0.00568389892578125 -0.053619384765625 -0.174835205078125 0.151763916015625
-0.0234184265136719 -0.0583839416503906 -0.369293212890625 -0.0925292968749999
-0.01055908203125 -0.0497245788574219 -0.34088134765625 -0.404205322265625
0.00411510467529297 0.000416040420532227 0.11627197265625 -0.5771484375
-0.01251220703125 0.0457572937011719 0.7130126953125 -0.1927490234375
-0.0310802459716797 0.0106353759765625 0.7230224609375 0.48895263671875
0.0236244201660156 -0.0414848327636719 0.17657470703125 0.58026123046875
0.0554428100585938 -0.062347412109375 0.100120544433594 -0.0724716186523438
0.00774765014648437 -0.0367660522460938 -0.21636962890625 -0.63775634765625
0.00256538391113281 0.0152320861816406 -0.751220703125 -0.183837890625
0.0137290954589844 0.0325775146484375 -0.40887451171875 0.59417724609375
0.00287151336669922 0.00213861465454102 0.227783203125 0.63238525390625
-0.0205841064453125 -0.0227012634277344 0.426544189453125 0.330810546875
-0.0501060485839844 -0.0310592651367188 0.316741943359375 -0.043792724609375
-0.0312957763671875 -0.0402565002441406 0.110977172851563 -0.228347778320313
-0.00828933715820312 -0.0679893493652344 -0.173797607421875 0.157791137695312
-0.0447998046875 -0.0868988037109375 -0.371856689453125 -0.0709533691406249
-0.0426406860351563 -0.0583419799804688 -0.356201171875 -0.38226318359375
-0.00730323791503906 0.0122613906860352 0.079345703125 -0.59161376953125
-0.00212478637695312 0.0662994384765625 0.6815185546875 -0.258544921875
-0.0130157470703125 0.0301837921142578 0.73431396484375 0.41998291015625
0.0350685119628906 -0.0471229553222656 0.19268798828125 0.56982421875
0.0710372924804688 -0.0756454467773438 0.0891189575195313 -0.053314208984375
0.0233650207519531 -0.0436592102050781 -0.1943359375 -0.64892578125
0.0228424072265625 0.0240268707275391 -0.7587890625 -0.23919677734375
0.0278205871582031 0.0478057861328125 -0.466888427734375 0.562286376953125
-0.00103855133056641 0.0163755416870117 0.1802978515625 0.64251708984375
-0.0463600158691406 -0.0256080627441406 0.4072265625 0.349456787109375
-0.071136474609375 -0.0528945922851563 0.317169189453125 -0.03082275390625
-0.0353507995605469 -0.0579299926757813 0.113677978515625 -0.22711181640625
-0.007568359375 -0.0759811401367188 -0.16717529296875 0.165481567382813
-0.0646209716796875 -0.0962677001953125 -0.371124267578125 -0.04638671875
-0.0655708312988281 -0.05096435546875 -0.370849609375 -0.362823486328125
-0.00981903076171875 0.0265331268310547 0.025390625 -0.6153564453125
0.014068603515625 0.0769882202148438 0.62762451171875 -0.34063720703125
0.00393295288085938 0.0383834838867188 0.73809814453125 0.33447265625
0.0419502258300781 -0.0512428283691406 0.215240478515625 0.557373046875
0.0810317993164063 -0.084686279296875 0.0744857788085938 -0.0273971557617188
0.0376777648925781 -0.0469703674316406 -0.1668701171875 -0.66162109375
0.0346546173095703 0.0310249328613281 -0.76678466796875 -0.3187255859375
0.0337448120117187 0.0625686645507813 -0.542724609375 0.50958251953125
-0.00788497924804688 0.0268402099609375 0.11492919921875 0.64422607421875
-0.0657501220703125 -0.0360183715820313 0.386505126953125 0.370269775390625
-0.0826873779296875 -0.0754241943359375 0.317962646484375 -0.01495361328125
-0.0314826965332031 -0.0690040588378906 0.117874145507812 -0.227294921875
0.0202522277832031 0.0349864959716797 -0.157943725585938 0.173507690429687
0.0788955688476563 0.0620269775390625 -0.339141845703125 -0.043487548828125
0.109039306640625 0.00714874267578125 -0.35601806640625 -0.40582275390625
0.0477294921875 -0.0339546203613281 0.01995849609375 -0.66015625
-0.0478591918945313 -0.0327072143554687 0.62249755859375 -0.3419189453125
-0.0945663452148437 -0.0495758056640625 0.71185302734375 0.354248046875
-0.0348396301269531 -0.00868988037109374 0.18951416015625 0.578857421875
-0.00523757934570312 0.013493537902832 0.0669059753417969 -0.0198707580566406
-0.0420608520507813 -0.0224609375 -0.20257568359375 -0.6494140625
-0.0745391845703125 -0.0472793579101563 -0.81109619140625 -0.28271484375
-0.0518608093261719 -0.0349998474121094 -0.556304931640625 0.530731201171875
0.0324630737304688 -0.0397987365722656 0.11199951171875 0.62164306640625
0.101570129394531 0.0115509033203125 0.39862060546875 0.31732177734375
0.062896728515625 0.0590782165527344 0.331756591796875 -0.036529541015625
0.0177955627441406 0.02947998046875 0.118621826171875 -0.230209350585938
0.00906562805175782 0.0289955139160156 -0.163726806640625 0.166534423828125
0.0650787353515625 0.0674514770507813 -0.344482421875 -0.061370849609375
0.107666015625 0.0170822143554688 -0.33538818359375 -0.41595458984375
0.05377197265625 -0.0269660949707031 0.0791015625 -0.6304931640625
-0.0391883850097656 -0.032440185546875 0.6763916015625 -0.26483154296875
-0.0873184204101562 -0.05523681640625 0.70977783203125 0.4287109375
-0.031036376953125 -0.0143661499023437 0.17486572265625 0.58892822265625
-0.00271701812744141 0.00498199462890625 0.080902099609375 -0.0447616577148438
-0.0427780151367188 -0.0200576782226562 -0.22161865234375 -0.63702392578125
-0.0744171142578125 -0.0343475341796875 -0.79248046875 -0.21295166015625
-0.05352783203125 -0.0240592956542969 -0.4781494140625 0.5789794921875
0.0211563110351563 -0.0424041748046875 0.1732177734375 0.62408447265625
0.0884170532226563 -0.00565338134765625 0.414093017578125 0.309417724609375
0.0559959411621094 0.0443229675292969 0.326416015625 -0.047821044921875
0.0125007629394531 0.0242767333984375 0.113449096679687 -0.234390258789063
0.00307846069335938 0.0145454406738281 -0.169692993164062 0.160186767578125
0.0451622009277344 0.049713134765625 -0.35369873046875 -0.078765869140625
0.0882492065429688 0.0150527954101563 -0.327484130859375 -0.422393798828125
0.0513763427734375 -0.0179786682128906 0.11785888671875 -0.6038818359375
-0.0300235748291016 -0.0225181579589844 0.7078857421875 -0.19744873046875
-0.0762710571289063 -0.0489044189453125 0.7086181640625 0.48974609375
-0.0215568542480469 -0.0197429656982422 0.16375732421875 0.59271240234375
0.00649023056030273 -0.00765562057495117 0.0946807861328125 -0.0650558471679688
-0.0370521545410156 -0.0204200744628906 -0.2344970703125 -0.62860107421875
-0.0654830932617188 -0.0183830261230469 -0.77166748046875 -0.1629638671875
-0.045257568359375 -0.0106468200683594 -0.412109375 0.60858154296875
0.0103950500488281 -0.036376953125 0.2247314453125 0.62164306640625
0.0671577453613281 -0.0169143676757813 0.429412841796875 0.304046630859375
0.0386466979980469 0.0244598388671875 0.323272705078125 -0.054718017578125
0.00112819671630859 0.0114927291870117 0.109909057617187 -0.23443603515625
-0.00573348999023437 -0.0102825164794922 -0.174453735351563 0.157669067382812
0.0223808288574219 0.0182704925537109 -0.359222412109375 -0.09381103515625
0.0593299865722656 -0.00300216674804687 -0.328582763671875 -0.423583984375
0.0402450561523438 -0.0111846923828125 0.13140869140625 -0.58453369140625
-0.0244770050048828 -0.00278663635253906 0.7247314453125 -0.16363525390625
-0.0616683959960937 -0.033599853515625 0.71258544921875 0.52142333984375
-0.008758544921875 -0.0276546478271484 0.16363525390625 0.59356689453125
0.0211277008056641 -0.0242824554443359 0.101982116699219 -0.0790786743164063
-0.0244407653808594 -0.0236873626708984 -0.24151611328125 -0.62677001953125
-0.0453872680664062 -0.00466156005859375 -0.759521484375 -0.13714599609375
-0.0302028656005859 0.00462532043457031 -0.37664794921875 0.62091064453125
0.00657081604003907 -0.0268535614013672 0.2564697265625 0.62078857421875
0.0379524230957031 -0.0230674743652344 0.44049072265625 0.3038330078125
0.0105447769165039 0.00606536865234375 0.319854736328125 -0.058074951171875
-0.0115165710449219 -0.00614738464355469 0.107681274414063 -0.234832763671875
-0.00474929809570312 -0.033843994140625 -0.174606323242188 0.156417846679687
-0.00219154357910156 -0.0206794738769531 -0.368621826171875 -0.0954589843750001
0.0239505767822266 -0.0293045043945313 -0.336822509765625 -0.417449951171875
0.0216064453125 -0.005645751953125 0.13037109375 -0.57666015625
-0.0195198059082031 0.0222053527832031 0.72930908203125 -0.162353515625
-0.0464706420898438 -0.0118255615234375 0.72021484375 0.52191162109375
0.00775337219238281 -0.0348587036132813 0.17010498046875 0.591796875
0.0377845764160156 -0.0435829162597656 0.10345458984375 -0.0846099853515625
-0.00908851623535156 -0.030059814453125 -0.23797607421875 -0.63134765625
-0.0211029052734375 0.00646781921386719 -0.756591796875 -0.142578125
-0.00736713409423828 0.0165376663208008 -0.372314453125 0.61737060546875
0.00380992889404297 -0.0135297775268555 0.259521484375 0.6243896484375
0.00829124450683594 -0.0231800079345703 0.441864013671875 0.311920166015625
-0.0215854644775391 -0.0107479095458984 0.31903076171875 -0.057373046875
-0.0224132537841797 -0.0233402252197266 0.10888671875 -0.234588623046875
-0.00669479370117188 -0.0535964965820312 -0.174148559570312 0.157623291015625
-0.0248641967773438 -0.0588493347167969 -0.37408447265625 -0.085693359375
-0.0108261108398438 -0.0511054992675781 -0.349273681640625 -0.401031494140625
0.0033867359161377 0.00131702423095703 0.111083984375 -0.5830078125
-0.0120773315429687 0.0469551086425781 0.71563720703125 -0.20257568359375
-0.0304222106933594 0.0113697052001953 0.73309326171875 0.48248291015625
0.0220565795898438 -0.0424346923828125 0.1834716796875 0.58306884765625
0.0557861328125 -0.06268310546875 0.0992507934570312 -0.0749893188476563
0.007354736328125 -0.0377159118652344 -0.22552490234375 -0.64019775390625
0.00301647186279297 0.0152492523193359 -0.75775146484375 -0.17425537109375
0.0139541625976563 0.0309867858886719 -0.4029541015625 0.60394287109375
0.00275993347167969 0.00166773796081543 0.23834228515625 0.6351318359375
-0.0203685760498047 -0.0221309661865234 0.434478759765625 0.327056884765625
-0.0509681701660156 -0.0311622619628906 0.318023681640625 -0.04901123046875
-0.0328788757324219 -0.0409164428710938 0.109146118164062 -0.232940673828125
-0.00794601440429688 -0.0686531066894531 -0.174270629882812 0.1640625
-0.0474166870117188 -0.0863265991210937 -0.376068115234375 -0.0658874511718751
-0.0444412231445312 -0.0592308044433594 -0.362701416015625 -0.378692626953125
-0.007354736328125 0.0135087966918945 0.07098388671875 -0.59521484375
-0.000953674316406246 0.0665702819824219 0.68243408203125 -0.2698974609375
-0.0126399993896484 0.0297012329101563 0.744384765625 0.4163818359375
0.0351715087890625 -0.0485000610351563 0.2008056640625 0.57196044921875
0.0712738037109375 -0.0782318115234375 0.0889205932617188 -0.0552902221679688
0.0235671997070312 -0.0442123413085938 -0.2034912109375 -0.65069580078125
0.0227413177490234 0.0247097015380859 -0.767578125 -0.2318115234375
0.0291900634765625 0.0489082336425781 -0.46258544921875 0.572021484375
-0.00135421752929687 0.0164995193481445 0.19207763671875 0.64459228515625
-0.0464057922363281 -0.0252037048339844 0.41864013671875 0.348052978515625
-0.0732345581054688 -0.0516586303710937 0.318878173828125 -0.03631591796875
-0.0370597839355469 -0.0568809509277344 0.110763549804687 -0.230728149414063
-0.0088348388671875 -0.0762710571289063 -0.167770385742188 0.1697998046875
-0.06695556640625 -0.0954513549804688 -0.37506103515625 -0.04071044921875
-0.0669288635253906 -0.0510902404785156 -0.381256103515625 -0.359222412109375
-0.00811004638671875 0.0268440246582031 0.0162353515625 -0.61822509765625
0.0168914794921875 0.0783309936523438 0.63116455078125 -0.3531494140625
0.00652313232421875 0.0384864807128906 0.74627685546875 0.32891845703125
0.0406608581542969 -0.0515632629394531 0.220947265625 0.557830810546875
0.0794906616210937 -0.0865478515625 0.0748825073242188 -0.0290985107421875
0.0358428955078125 -0.0474281311035156 -0.17547607421875 -0.6640625
0.0347061157226563 0.0316085815429687 -0.7764892578125 -0.311767578125
0.0362052917480469 0.0636177062988281 -0.540496826171875 0.518829345703125
-0.00779533386230469 0.0281982421875 0.12506103515625 0.64691162109375
-0.0659408569335938 -0.0355644226074219 0.39263916015625 0.36724853515625
-0.0850143432617188 -0.0762939453125 0.31951904296875 -0.021148681640625
-0.0335578918457031 -0.0691757202148438 0.116058349609375 -0.22900390625
0.0205841064453125 0.0341567993164063 -0.156829833984375 0.177886962890625
0.0800857543945313 0.06207275390625 -0.341552734375 -0.0371704101562499
0.110054016113281 0.00514984130859375 -0.363433837890625 -0.401580810546875
0.0467987060546875 -0.0337409973144531 0.01080322265625 -0.6611328125
-0.0474662780761719 -0.031219482421875 0.62060546875 -0.3529052734375
-0.0969619750976562 -0.0486679077148438 0.72052001953125 0.34686279296875
-0.0352973937988281 -0.008209228515625 0.19793701171875 0.579345703125
-0.00680160522460937 0.0133895874023438 0.0657272338867188 -0.0196456909179688
-0.0432968139648438 -0.0202980041503906 -0.21478271484375 -0.65252685546875
-0.0744476318359375 -0.0474777221679688 -0.821044921875 -0.27362060546875
-0.0531005859375 -0.0347709655761719 -0.552215576171875 0.542083740234375
0.0311660766601563 -0.0395126342773437 0.1239013671875 0.62347412109375
0.102691650390625 0.00951385498046875 0.40704345703125 0.312103271484375
0.0645103454589844 0.0582656860351563 0.33514404296875 -0.041595458984375
0.0174198150634766 0.030487060546875 0.114852905273438 -0.237213134765625
0.0100688934326172 0.0289077758789063 -0.16265869140625 0.172195434570313
0.0672035217285156 0.0661468505859375 -0.34771728515625 -0.0555419921875001
0.108726501464844 0.0158538818359375 -0.346282958984375 -0.410308837890625
0.0546951293945313 -0.0293502807617188 0.0695190429687499 -0.63616943359375
-0.0408058166503906 -0.0326728820800781 0.677490234375 -0.27752685546875
-0.0892868041992188 -0.0537643432617188 0.7213134765625 0.4207763671875
-0.0331268310546875 -0.0132217407226562 0.18109130859375 0.588134765625
-0.00220823287963867 0.0060887336730957 0.0807571411132813 -0.04669189453125
-0.0433273315429688 -0.0186653137207031 -0.23297119140625 -0.63763427734375
-0.0760879516601563 -0.0332183837890625 -0.797119140625 -0.2022705078125
-0.0545883178710938 -0.0240135192871094 -0.471923828125 0.5902099609375
0.0183219909667969 -0.0432929992675781 0.18572998046875 0.6239013671875
0.0896530151367187 -0.007720947265625 0.42144775390625 0.304443359375
0.0585441589355469 0.0437469482421875 0.3291015625 -0.05224609375
0.0132369995117188 0.0241146087646484 0.109481811523438 -0.237274169921875
0.00183868408203125 0.0123004913330078 -0.171218872070313 0.164657592773438
0.0465278625488281 0.0481605529785156 -0.355743408203125 -0.071929931640625
0.0900039672851563 0.01177978515625 -0.336639404296875 -0.4195556640625
0.051544189453125 -0.02001953125 0.10736083984375 -0.60833740234375
-0.0306663513183594 -0.0217742919921875 0.71002197265625 -0.21270751953125
-0.0768051147460938 -0.05029296875 0.7193603515625 0.4813232421875
-0.0231914520263672 -0.0193271636962891 0.1734619140625 0.593505859375
0.0062708854675293 -0.00580358505249023 0.0929107666015625 -0.0684738159179688
-0.036865234375 -0.0195960998535156 -0.24481201171875 -0.6287841796875
-0.0664901733398438 -0.0187721252441406 -0.77874755859375 -0.15228271484375
-0.0476455688476563 -0.00954818725585936 -0.4072265625 0.6182861328125
0.0096282958984375 -0.0384254455566406 0.2353515625 0.6214599609375
0.0665740966796875 -0.0186500549316406 0.438018798828125 0.29925537109375
0.0393028259277344 0.0253753662109375 0.323944091796875 -0.0604248046875
0.00180339813232422 0.0113382339477539 0.10736083984375 -0.23944091796875
-0.00539112091064453 -0.009429931640625 -0.174606323242188 0.163375854492187
0.0238513946533203 0.0189437866210938 -0.363433837890625 -0.087127685546875
0.0605735778808594 -0.00373077392578125 -0.33917236328125 -0.419342041015625
0.0400886535644531 -0.0116958618164063 0.12603759765625 -0.5899658203125
-0.025665283203125 -0.00185012817382812 0.7286376953125 -0.17498779296875
-0.0627670288085937 -0.0330924987792969 0.722900390625 0.5146484375
-0.00851821899414062 -0.0279006958007813 0.171142578125 0.59423828125
0.0201492309570313 -0.0232391357421875 0.0997161865234375 -0.0806045532226563
-0.0256614685058594 -0.0227584838867187 -0.251220703125 -0.62847900390625
-0.0464553833007813 -0.00391006469726563 -0.7655029296875 -0.12823486328125
-0.03009033203125 0.00443840026855469 -0.3682861328125 0.630126953125
0.00397109985351562 -0.0267696380615234 0.26763916015625 0.62200927734375
0.037384033203125 -0.02349853515625 0.447296142578125 0.299285888671875
0.0114154815673828 0.00579547882080078 0.322418212890625 -0.0631103515625
-0.0106096267700195 -0.00589179992675781 0.107315063476562 -0.240066528320313
-0.005859375 -0.0331859588623047 -0.17388916015625 0.161468505859375
-0.00204277038574219 -0.0209083557128906 -0.3714599609375 -0.090087890625
0.024505615234375 -0.029632568359375 -0.347625732421875 -0.4127197265625
0.0212516784667969 -0.00711250305175781 0.12255859375 -0.5806884765625
-0.019012451171875 0.0241432189941406 0.73126220703125 -0.1734619140625
-0.0471992492675781 -0.0118637084960938 0.73297119140625 0.51397705078125
0.00719833374023438 -0.0357131958007813 0.17919921875 0.5919189453125
0.0376052856445313 -0.0443344116210938 0.10272216796875 -0.0857696533203125
-0.00960922241210938 -0.0297451019287109 -0.2476806640625 -0.6314697265625
-0.020599365234375 0.00617218017578125 -0.76275634765625 -0.1331787109375
-0.00669097900390625 0.0186367034912109 -0.3648681640625 0.62652587890625
0.00227451324462891 -0.0130462646484375 0.2724609375 0.6246337890625
0.00799942016601563 -0.0233078002929688 0.449859619140625 0.30615234375
-0.0215702056884766 -0.0114517211914063 0.32086181640625 -0.063140869140625
-0.0224571228027344 -0.0229778289794922 0.10565185546875 -0.238510131835938
-0.00860977172851563 -0.0544395446777344 -0.173721313476563 0.162307739257812
-0.0257720947265625 -0.0587196350097656 -0.379119873046875 -0.07843017578125
-0.011505126953125 -0.0520210266113281 -0.35968017578125 -0.39776611328125
0.00378322601318359 0.000699996948242188 0.10028076171875 -0.58612060546875
-0.0116310119628906 0.047576904296875 0.71722412109375 -0.2138671875
-0.0306835174560547 0.0110206604003906 0.745361328125 0.47625732421875
0.0210342407226562 -0.0429191589355469 0.19232177734375 0.58489990234375
0.0549850463867188 -0.0647964477539063 0.0990676879882812 -0.0775299072265625
0.00732040405273438 -0.0372123718261719 -0.23614501953125 -0.6405029296875
0.00537300109863281 0.015589714050293 -0.76580810546875 -0.164306640625
0.0142345428466797 0.0326175689697266 -0.3956298828125 0.61279296875
0.00216007232666016 0.00223803520202637 0.25006103515625 0.63482666015625
-0.0210628509521484 -0.0224761962890625 0.442840576171875 0.321929931640625
-0.0515060424804688 -0.0295448303222656 0.318756103515625 -0.055206298828125
-0.0335655212402344 -0.0406417846679688 0.105499267578125 -0.237335205078125
-0.00941085815429687 -0.0689430236816406 -0.172454833984375 0.168624877929687
-0.0495147705078125 -0.086944580078125 -0.38092041015625 -0.0582275390625001
-0.0450820922851562 -0.0590934753417969 -0.372528076171875 -0.374420166015625
-0.00753116607666016 0.0132808685302734 0.062255859375 -0.60247802734375
0.00154495239257813 0.0685691833496094 0.68341064453125 -0.2816162109375
-0.0110054016113281 0.0283145904541016 0.75299072265625 0.40765380859375
0.0343742370605469 -0.0493354797363281 0.20831298828125 0.57318115234375
0.071136474609375 -0.078216552734375 0.0880661010742188 -0.0565872192382813
0.0231285095214844 -0.0443229675292969 -0.2149658203125 -0.651611328125
0.0250759124755859 0.0227317810058594 -0.7738037109375 -0.22137451171875
0.0305976867675781 0.0483551025390625 -0.4556884765625 0.5828857421875
-0.000621795654296873 0.0162582397460938 0.200439453125 0.64532470703125
-0.0485115051269531 -0.0254287719726563 0.426605224609375 0.341827392578125
-0.0750808715820312 -0.0519943237304688 0.320953369140625 -0.0408935546875
-0.0372238159179688 -0.0559425354003906 0.108062744140625 -0.235641479492188
-0.00961303710937501 -0.0770111083984375 -0.166885375976563 0.175506591796875
-0.0709686279296875 -0.0965652465820313 -0.377471923828125 -0.0322875976562499
-0.0700569152832031 -0.0510444641113281 -0.38885498046875 -0.3536376953125
-0.00847434997558594 0.0284957885742188 0.00518798828125002 -0.6231689453125
0.0177001953125 0.0788040161132812 0.62841796875 -0.36273193359375
0.00646209716796875 0.0383720397949219 0.75567626953125 0.3197021484375
0.0417022705078125 -0.0531539916992188 0.229248046875 0.55780029296875
0.0811920166015625 -0.0887222290039063 0.0749664306640625 -0.0306243896484375
0.0368728637695313 -0.0497817993164063 -0.18682861328125 -0.66485595703125
0.0364875793457031 0.030517578125 -0.78302001953125 -0.30303955078125
0.0369529724121094 0.0646324157714844 -0.535308837890625 0.531341552734375
-0.00850677490234375 0.0274467468261719 0.136474609375 0.650634765625
-0.0676498413085937 -0.0339698791503906 0.404266357421875 0.363250732421875
-0.087493896484375 -0.0761642456054688 0.322357177734375 -0.025238037109375
-0.0350303649902344 -0.0685348510742188 0.11236572265625 -0.23443603515625
0.0217666625976563 0.0355873107910156 -0.156295776367188 0.181747436523438
0.0821533203125 0.06182861328125 -0.3447265625 -0.029022216796875
0.112823486328125 0.0029296875 -0.374298095703125 -0.394775390625
0.0482063293457031 -0.035003662109375 -0.00109863281249993 -0.664794921875
-0.0481948852539062 -0.0302658081054688 0.61907958984375 -0.36334228515625
-0.0972747802734375 -0.046295166015625 0.72784423828125 0.337158203125
-0.0355110168457031 -0.00658035278320312 0.208251953125 0.58013916015625
-0.00595855712890625 0.0144872665405273 0.0645027160644531 -0.022491455078125
-0.0437660217285156 -0.0186843872070312 -0.2249755859375 -0.64971923828125
-0.0768661499023438 -0.046600341796875 -0.82550048828125 -0.260498046875
-0.0529899597167969 -0.0327224731445312 -0.542755126953125 0.55413818359375
0.0307807922363281 -0.0418853759765625 0.1356201171875 0.6236572265625
0.103256225585938 0.00751495361328125 0.414825439453125 0.305755615234375
0.0658607482910156 0.0570487976074219 0.33642578125 -0.047607421875
0.0196647644042969 0.0316295623779297 0.112884521484375 -0.23968505859375
0.0114936828613281 0.0299415588378906 -0.161285400390625 0.176651000976563
0.0689506530761719 0.06683349609375 -0.351165771484375 -0.047637939453125
0.109298706054688 0.0134506225585938 -0.35638427734375 -0.405426025390625
0.0539436340332031 -0.0301589965820312 0.059814453125 -0.63665771484375
-0.0410346984863281 -0.0318145751953125 0.6748046875 -0.288330078125
-0.0917434692382813 -0.0531082153320312 0.7310791015625 0.4136962890625
-0.0341205596923828 -0.0129508972167969 0.1910400390625 0.589599609375
-0.00263690948486328 0.00620031356811523 0.0792770385742188 -0.0478591918945313
-0.0440711975097656 -0.0184288024902344 -0.2423095703125 -0.63690185546875
-0.0778656005859375 -0.0317306518554688 -0.8043212890625 -0.18890380859375
-0.0564117431640625 -0.023040771484375 -0.46319580078125 0.6002197265625
0.0173530578613281 -0.0445518493652344 0.19586181640625 0.62493896484375
0.0893783569335938 -0.00882720947265625 0.42999267578125 0.297821044921875
0.0605850219726562 0.0430145263671875 0.329132080078125 -0.05902099609375
0.0125694274902344 0.0234851837158203 0.107330322265625 -0.240875244140625
0.00115585327148438 0.0132207870483398 -0.168930053710938 0.171035766601562
0.0475120544433594 0.0503883361816406 -0.35870361328125 -0.0651855468750001
0.089813232421875 0.011566162109375 -0.34710693359375 -0.41363525390625
0.0523147583007813 -0.0221176147460938 0.0986938476562501 -0.61029052734375
-0.0321979522705078 -0.0204086303710938 0.70672607421875 -0.2239990234375
-0.079132080078125 -0.0486602783203125 0.7322998046875 0.47418212890625
-0.0248985290527344 -0.0191631317138672 0.18170166015625 0.5919189453125
0.00768613815307617 -0.00592660903930664 0.0935592651367188 -0.0704269409179688
-0.037841796875 -0.0181846618652344 -0.25543212890625 -0.62908935546875
-0.0679435729980469 -0.0151176452636719 -0.7838134765625 -0.14129638671875
-0.0479011535644531 -0.00901794433593751 -0.39898681640625 0.62628173828125
0.00855636596679688 -0.0383758544921875 0.24871826171875 0.619873046875
0.0675888061523437 -0.0204544067382812 0.444793701171875 0.290618896484375
0.039215087890625 0.0255928039550781 0.3245849609375 -0.066162109375
0.00282764434814453 0.0117149353027344 0.10382080078125 -0.241744995117188
-0.00577735900878906 -0.00929737091064453 -0.172882080078125 0.168304443359375
0.0230522155761719 0.018585205078125 -0.366302490234375 -0.08111572265625
0.0600090026855469 -0.00589752197265625 -0.350189208984375 -0.415771484375
0.0397186279296875 -0.0138473510742188 0.11431884765625 -0.59356689453125
-0.0250625610351562 -0.00106239318847656 0.72882080078125 -0.18798828125
-0.0634651184082031 -0.0327415466308594 0.734619140625 0.50506591796875
-0.00942611694335937 -0.0258903503417969 0.18353271484375 0.595703125
0.0211734771728516 -0.0241146087646484 0.0994033813476563 -0.0836410522460938
-0.0256500244140625 -0.0220813751220703 -0.260986328125 -0.62738037109375
-0.046173095703125 -0.00384902954101563 -0.77001953125 -0.1171875
-0.0292510986328125 0.00492858886718749 -0.35919189453125 0.638427734375
0.0041351318359375 -0.0262413024902344 0.2799072265625 0.61944580078125
0.0375404357910156 -0.0240325927734375 0.456298828125 0.29217529296875
0.00975322723388672 0.00763130187988281 0.322357177734375 -0.06927490234375
-0.0106058120727539 -0.00551033020019531 0.102920532226562 -0.2430419921875
-0.00644874572753906 -0.0332622528076172 -0.172561645507812 0.166351318359375
-0.0025177001953125 -0.0213661193847656 -0.375518798828125 -0.082305908203125
0.0239276885986328 -0.0304279327392578 -0.358795166015625 -0.408233642578125
0.0210132598876953 -0.00712013244628906 0.11083984375 -0.58453369140625
-0.0189056396484375 0.023956298828125 0.7303466796875 -0.186767578125
-0.0483589172363281 -0.0112113952636719 0.7423095703125 0.50616455078125
0.00580215454101563 -0.0363388061523438 0.18756103515625 0.5919189453125
0.0371551513671875 -0.0453300476074219 0.100982666015625 -0.0881729125976563
-0.00913238525390625 -0.0296745300292969 -0.259521484375 -0.63055419921875
-0.0199012756347656 0.00728416442871094 -0.76641845703125 -0.1187744140625
-0.00687789916992188 0.0188655853271484 -0.35565185546875 0.63568115234375
0.00117588043212891 -0.0128059387207031 0.28521728515625 0.62066650390625
0.00722503662109375 -0.0240669250488281 0.4573974609375 0.300048828125
-0.0222263336181641 -0.0104084014892578 0.322021484375 -0.0693359375
-0.0231971740722656 -0.0230083465576172 0.102127075195313 -0.241775512695313
-0.0077056884765625 -0.0558433532714844 -0.172134399414062 0.167510986328125
-0.0272674560546875 -0.0586013793945312 -0.381683349609375 -0.0715942382812501
-0.012939453125 -0.0514945983886719 -0.368408203125 -0.391021728515625
0.0034945011138916 0.000959157943725586 0.09051513671875 -0.590087890625
-0.010955810546875 0.04827880859375 0.71710205078125 -0.226318359375
-0.0296630859375 0.0119533538818359 0.756103515625 0.46539306640625
0.0209808349609375 -0.0440559387207031 0.20111083984375 0.58245849609375
0.0543403625488281 -0.0655860900878906 0.0969085693359375 -0.0783920288085938
0.00677108764648437 -0.0384902954101562 -0.2471923828125 -0.63995361328125
0.00467300415039063 0.0159826278686523 -0.76904296875 -0.15264892578125
0.0158958435058594 0.0315914154052734 -0.38677978515625 0.62188720703125
0.0018460750579834 0.00251913070678711 0.26153564453125 0.6309814453125
-0.0220088958740234 -0.0216903686523438 0.45037841796875 0.315460205078125
-0.05279541015625 -0.0292472839355469 0.320587158203125 -0.061309814453125
-0.0348968505859375 -0.0399360656738281 0.1029052734375 -0.240631103515625
-0.0127754211425781 -0.0690879821777344 -0.171615600585938 0.174179077148438
-0.050994873046875 -0.0860137939453125 -0.38494873046875 -0.0504150390625001
-0.0479660034179687 -0.0573692321777344 -0.3819580078125 -0.3687744140625
-0.00766181945800782 0.014012336730957 0.0504150390625 -0.6044921875
0.00158309936523437 0.0694541931152344 0.68212890625 -0.29315185546875
-0.010284423828125 0.0291347503662109 0.76434326171875 0.3963623046875
0.0338401794433594 -0.050201416015625 0.2176513671875 0.5703125
0.0699005126953125 -0.0810699462890625 0.087005615234375 -0.0597381591796875
0.022918701171875 -0.0442085266113281 -0.22637939453125 -0.65032958984375
0.0265312194824219 0.0243587493896484 -0.7803955078125 -0.2103271484375
0.0329856872558594 0.047271728515625 -0.44683837890625 0.591796875
-0.000993728637695313 0.0174264907836914 0.21380615234375 0.64410400390625
-0.0491523742675781 -0.0251693725585937 0.434417724609375 0.3355712890625
-0.0760879516601563 -0.0503082275390625 0.32208251953125 -0.04803466796875
-0.0398712158203125 -0.0558090209960937 0.105545043945312 -0.239761352539062
-0.0110092163085938 -0.0780487060546875 -0.164810180664063 0.18133544921875
-0.0726547241210937 -0.0946731567382813 -0.380706787109375 -0.0259704589843749
-0.0700492858886719 -0.0492630004882812 -0.3963623046875 -0.346405029296875
-0.00743865966796875 0.0282573699951172 -0.00286865234375004 -0.62396240234375
0.0191192626953125 0.0789031982421875 0.62298583984375 -0.3756103515625
0.00817108154296875 0.0371932983398438 0.76312255859375 0.30975341796875
0.0412063598632813 -0.0533447265625 0.23773193359375 0.55560302734375
0.0788955688476563 -0.0903091430664063 0.0733184814453125 -0.0309524536132813
0.0363960266113281 -0.0491294860839844 -0.19879150390625 -0.6641845703125
0.037994384765625 0.029541015625 -0.79071044921875 -0.28948974609375
0.0382308959960938 0.0629959106445313 -0.5283203125 0.542724609375
-0.00769996643066406 0.0303955078125 0.1484375 0.65032958984375
-0.0687713623046875 -0.033050537109375 0.4105224609375 0.3577880859375
-0.0884246826171875 -0.0729522705078125 0.324920654296875 -0.031158447265625
-0.037200927734375 -0.0692863464355469 0.109619140625 -0.237869262695313
0.0219039916992187 0.0344886779785156 -0.153701782226563 0.187057495117187
0.084381103515625 0.0613021850585937 -0.346099853515625 -0.0228881835937499
0.113670349121094 0.00118255615234375 -0.3812255859375 -0.3880615234375
0.0462646484375 -0.0381355285644531 -0.01507568359375 -0.66339111328125
-0.0498809814453125 -0.0288810729980469 0.61468505859375 -0.37432861328125
-0.0998001098632813 -0.0459747314453125 0.735107421875 0.3262939453125
-0.0363807678222656 -0.00557708740234374 0.2174072265625 0.57672119140625
-0.00671577453613281 0.0149936676025391 0.0641212463378906 -0.0228652954101563
-0.04425048828125 -0.0180625915527344 -0.23626708984375 -0.646728515625
-0.0779876708984375 -0.0435562133789062 -0.83172607421875 -0.24755859375
-0.0536231994628906 -0.0323829650878906 -0.5338134765625 0.565673828125
0.0283355712890625 -0.0434722900390625 0.14739990234375 0.621337890625
0.103302001953125 0.00530242919921875 0.420654296875 0.2999267578125
0.0672035217285156 0.056732177734375 0.335784912109375 -0.054901123046875
0.0194110870361328 0.0306606292724609 0.108261108398438 -0.242935180664063
0.0113639831542969 0.0306148529052734 -0.159271240234375 0.182479858398438
0.0711517333984375 0.0649185180664063 -0.351715087890625 -0.04119873046875
0.111175537109375 0.01263427734375 -0.364715576171875 -0.39617919921875
0.0531425476074219 -0.0321273803710938 0.04656982421875 -0.6396484375
-0.0421676635742188 -0.0323944091796875 0.67059326171875 -0.298583984375
-0.092742919921875 -0.051422119140625 0.7388916015625 0.40252685546875
-0.0348968505859375 -0.0111484527587891 0.200927734375 0.58697509765625
-0.00440454483032227 0.00752639770507813 0.0772323608398438 -0.0493011474609375
-0.0452613830566406 -0.0158729553222656 -0.2520751953125 -0.63372802734375
-0.0784454345703125 -0.0302810668945312 -0.80853271484375 -0.176513671875
-0.0564651489257813 -0.0234565734863281 -0.4539794921875 0.60760498046875
0.0162315368652344 -0.0429954528808594 0.20831298828125 0.62152099609375
0.0904312133789063 -0.011932373046875 0.435882568359375 0.288909912109375
0.0610733032226563 0.0419998168945313 0.328704833984375 -0.06549072265625
0.0149078369140625 0.0245399475097656 0.102584838867188 -0.244125366210938
0.00148296356201172 0.0133085250854492 -0.166854858398437 0.178298950195313
0.0490455627441406 0.04864501953125 -0.3609619140625 -0.0561828613281251
0.0916519165039063 0.0094146728515625 -0.3565673828125 -0.4072265625
0.0520248413085938 -0.0229721069335938 0.086181640625 -0.6121826171875
-0.032135009765625 -0.0204868316650391 0.70751953125 -0.23504638671875
-0.0792312622070313 -0.0479049682617187 0.7398681640625 0.4613037109375
-0.0238819122314453 -0.0184364318847656 0.19256591796875 0.590576171875
0.00637578964233398 -0.00519895553588867 0.0905075073242188 -0.0716476440429688
-0.037078857421875 -0.0159797668457031 -0.26531982421875 -0.625244140625
-0.0676689147949219 -0.0156784057617188 -0.78680419921875 -0.12554931640625
-0.0466842651367187 -0.00840377807617187 -0.3868408203125 0.6348876953125
0.00632095336914062 -0.0379409790039063 0.25897216796875 0.61572265625
0.0664443969726563 -0.0223274230957031 0.45111083984375 0.283294677734375
0.0407295227050781 0.0247611999511719 0.324066162109375 -0.0726318359375
0.00277519226074219 0.0125513076782227 0.0992431640625 -0.246353149414063
-0.00576019287109375 -0.00944709777832031 -0.171615600585938 0.174484252929688
0.0235805511474609 0.0180950164794922 -0.369354248046875 -0.07122802734375
0.0607109069824219 -0.00764846801757812 -0.358734130859375 -0.407562255859375
0.0392494201660156 -0.0140724182128906 0.1031494140625 -0.594482421875
-0.0257148742675781 0.000379562377929686 0.72625732421875 -0.201171875
-0.0649261474609375 -0.0321426391601562 0.74462890625 0.49481201171875
-0.0113506317138672 -0.0284576416015625 0.19073486328125 0.59326171875
0.0188655853271484 -0.0250148773193359 0.0977783203125 -0.0873489379882813
-0.0263843536376953 -0.0209751129150391 -0.271240234375 -0.62249755859375
-0.0454139709472656 -0.00146865844726563 -0.77215576171875 -0.101318359375
-0.0293502807617187 0.00545310974121094 -0.34735107421875 0.64581298828125
0.00288200378417969 -0.0275382995605469 0.2926025390625 0.6136474609375
0.0363235473632813 -0.0252647399902344 0.461761474609375 0.283111572265625
0.01171875 0.00726795196533203 0.322540283203125 -0.077117919921875
-0.0108175277709961 -0.00440311431884766 0.0982208251953125 -0.245223999023437
-0.00719261169433593 -0.0344448089599609 -0.170547485351562 0.17181396484375
-0.00291061401367188 -0.0211906433105469 -0.37786865234375 -0.07354736328125
0.0247077941894531 -0.0322933197021484 -0.36590576171875 -0.400665283203125
0.0211200714111328 -0.00714874267578125 0.1014404296875 -0.5872802734375
-0.0182132720947266 0.0249366760253906 0.73138427734375 -0.199462890625
-0.0479660034179688 -0.00959396362304688 0.7529296875 0.4932861328125
0.00513076782226563 -0.0364608764648438 0.197509765625 0.58837890625
0.0361289978027344 -0.0465202331542969 0.0994796752929687 -0.0896682739257812
-0.009735107421875 -0.0290641784667969 -0.2705078125 -0.6253662109375
-0.0195121765136719 0.007720947265625 -0.769287109375 -0.107666015625
-0.005889892578125 0.0190505981445313 -0.34185791015625 0.642333984375
0.000624656677246094 -0.0134830474853516 0.29815673828125 0.615478515625
0.00643157958984375 -0.0247726440429688 0.46441650390625 0.291229248046875
-0.0226001739501953 -0.0102500915527344 0.320556640625 -0.076568603515625
-0.0243206024169922 -0.0227680206298828 0.0976409912109375 -0.246124267578125
-0.0120468139648438 -0.0551223754882813 -0.170211791992187 0.17340087890625
-0.0279922485351563 -0.0577316284179688 -0.3853759765625 -0.0627746582031251
-0.0141716003417969 -0.0523414611816406 -0.377349853515625 -0.38470458984375
0.00423789024353027 0.00195837020874023 0.0794067382812499 -0.5921630859375
-0.0100746154785156 0.0495567321777344 0.71392822265625 -0.23699951171875
-0.0290470123291016 0.0112152099609375 0.764404296875 0.45355224609375
0.0202369689941406 -0.0442733764648438 0.21044921875 0.58074951171875
0.0530014038085938 -0.0658226013183594 0.095062255859375 -0.0815353393554688
0.00675201416015625 -0.0370941162109375 -0.25848388671875 -0.63665771484375
0.00621891021728516 0.0147380828857422 -0.77130126953125 -0.14019775390625
0.0176258087158203 0.0329971313476563 -0.37493896484375 0.62847900390625
0.00110960006713867 0.00261092185974121 0.2742919921875 0.62799072265625
-0.0222511291503906 -0.0221462249755859 0.45721435546875 0.306854248046875
-0.0537261962890625 -0.0278396606445313 0.32086181640625 -0.068206787109375
-0.0355415344238281 -0.0391731262207031 0.09796142578125 -0.244033813476563
-0.0122947692871094 -0.069488525390625 -0.168701171875 0.179840087890625
-0.0535125732421875 -0.08447265625 -0.387298583984375 -0.04217529296875
-0.0487823486328125 -0.0584640502929688 -0.391937255859375 -0.3612060546875
-0.00543975830078125 0.0144290924072266 0.04132080078125 -0.60455322265625
0.00283050537109375 0.068817138671875 0.67742919921875 -0.30584716796875
-0.00922203063964844 0.0289859771728516 0.7723388671875 0.384765625
0.0332717895507813 -0.0504684448242188 0.22564697265625 0.568603515625
0.0685882568359375 -0.083160400390625 0.0858840942382813 -0.0603179931640625
0.0230941772460937 -0.0452995300292969 -0.235595703125 -0.64794921875
0.0271549224853516 0.0223617553710937 -0.78314208984375 -0.19671630859375
0.033599853515625 0.0472259521484375 -0.4365234375 0.60186767578125
-0.0011892318725586 0.0174722671508789 0.22760009765625 0.63934326171875
-0.0495681762695313 -0.023895263671875 0.4415283203125 0.327606201171875
-0.0792007446289063 -0.04888916015625 0.32177734375 -0.054443359375
-0.0409927368164063 -0.0552444458007813 0.101852416992188 -0.243804931640625
-0.0135498046875 -0.0775070190429688 -0.162734985351563 0.1859130859375
-0.075897216796875 -0.0926895141601563 -0.381256103515625 -0.0172119140624999
-0.070770263671875 -0.04913330078125 -0.405609130859375 -0.3388671875
-0.007293701171875 0.0288352966308594 -0.0159912109375 -0.62420654296875
0.0208740234375 0.0798721313476563 0.6190185546875 -0.38616943359375
0.009368896484375 0.0377120971679688 0.771484375 0.298095703125
0.0397796630859375 -0.0559501647949219 0.24627685546875 0.554534912109375
0.0787734985351562 -0.0916519165039062 0.0727386474609375 -0.0336456298828125
0.0365219116210938 -0.0523490905761719 -0.21136474609375 -0.66278076171875
0.0395774841308594 0.0288925170898438 -0.79461669921875 -0.2767333984375
0.0401802062988281 0.0636711120605469 -0.517791748046875 0.552734375
-0.00795364379882813 0.0294742584228516 0.1595458984375 0.6485595703125
-0.0699996948242188 -0.032562255859375 0.4205322265625 0.347869873046875
-0.0928192138671875 -0.0723800659179687 0.32489013671875 -0.037811279296875
-0.0377426147460937 -0.0686798095703125 0.10589599609375 -0.2418212890625
0.0222587585449219 0.0338668823242188 -0.150955200195312 0.189971923828125
0.0865859985351563 0.059417724609375 -0.346710205078125 -0.013397216796875
0.113166809082031 -0.00119781494140625 -0.3890380859375 -0.379150390625
0.0463600158691406 -0.0381965637207031 -0.0252685546875 -0.66168212890625
-0.05078125 -0.0285873413085937 0.604736328125 -0.38604736328125
-0.101615905761719 -0.0443267822265625 0.74005126953125 0.31427001953125
-0.0368728637695312 -0.00390625000000001 0.225341796875 0.57489013671875
-0.0077056884765625 0.0161552429199219 0.0626182556152344 -0.0243949890136719
-0.0453720092773438 -0.0163612365722656 -0.2491455078125 -0.6414794921875
-0.077911376953125 -0.0424270629882812 -0.83355712890625 -0.233154296875
-0.0542144775390625 -0.0318031311035156 -0.52154541015625 0.57421875
0.0261268615722656 -0.0441398620605469 0.15814208984375 0.62030029296875
0.104522705078125 0.00188446044921875 0.427032470703125 0.291168212890625
0.0690231323242187 0.0566902160644531 0.33514404296875 -0.060943603515625
0.0194149017333984 0.030517578125 0.105133056640625 -0.246307373046875
0.0125484466552734 0.0300827026367188 -0.157638549804688 0.186386108398438
0.0731964111328125 0.0644073486328125 -0.35394287109375 -0.0310058593750001
0.111648559570312 0.0088653564453125 -0.37371826171875 -0.387847900390625
0.0534820556640625 -0.0323371887207031 0.0354003906250001 -0.637939453125
-0.04254150390625 -0.0310020446777344 0.6661376953125 -0.31048583984375
-0.0952377319335937 -0.051239013671875 0.744384765625 0.3878173828125
-0.0335674285888672 -0.00841903686523438 0.2105712890625 0.5814208984375
-0.00335884094238281 0.00747156143188477 0.0753555297851563 -0.0519638061523438
-0.0440711975097656 -0.0154647827148438 -0.264404296875 -0.6282958984375
-0.0785598754882812 -0.0296630859375 -0.8096923828125 -0.15966796875
-0.0585403442382812 -0.0211906433105469 -0.4407958984375 0.6151123046875
0.0144920349121094 -0.045745849609375 0.21875 0.6171875
0.0914688110351562 -0.0128631591796875 0.441436767578125 0.281585693359375
0.0624885559082031 0.0421905517578125 0.326751708984375 -0.0728759765625
0.0147323608398438 0.0247173309326172 0.0977020263671875 -0.24774169921875
0.00208282470703125 0.0129594802856445 -0.164321899414062 0.180343627929688
0.0490188598632813 0.0471992492675781 -0.361785888671875 -0.0486450195312499
0.0948944091796875 0.007598876953125 -0.363739013671875 -0.399139404296875
0.0510673522949219 -0.0245018005371094 0.07373046875 -0.61248779296875
-0.0322647094726562 -0.0197505950927734 0.70172119140625 -0.2470703125
-0.0816726684570312 -0.0461578369140625 0.748046875 0.44781494140625
-0.0243854522705078 -0.0173187255859375 0.20159912109375 0.5875244140625
0.00508642196655273 -0.00495290756225586 0.0896835327148438 -0.0722503662109375
-0.0396652221679687 -0.0170211791992188 -0.27740478515625 -0.6201171875
-0.0682830810546875 -0.0142860412597656 -0.78662109375 -0.1116943359375
-0.0483512878417969 -0.00645828247070311 -0.37396240234375 0.639892578125
0.00547027587890625 -0.0397682189941406 0.271484375 0.61236572265625
0.0655555725097656 -0.0245018005371094 0.457305908203125 0.27532958984375
0.0422897338867188 0.0224800109863281 0.324188232421875 -0.079620361328125
0.004180908203125 0.0119895935058594 0.096099853515625 -0.248748779296875
-0.00665664672851563 -0.00816631317138672 -0.167373657226563 0.1787109375
0.0238933563232422 0.0187892913818359 -0.37152099609375 -0.06195068359375
0.0615310668945313 -0.0081329345703125 -0.367340087890625 -0.3988037109375
0.0390129089355469 -0.0140342712402344 0.0924072265625 -0.59613037109375
-0.0251941680908203 0.000352859497070317 0.722900390625 -0.21112060546875
-0.0661544799804688 -0.0320854187011719 0.752685546875 0.4820556640625
-0.0124778747558594 -0.0271644592285156 0.2017822265625 0.58966064453125
0.0201129913330078 -0.0247859954833984 0.0954055786132813 -0.088348388671875
-0.0267276763916016 -0.0202922821044922 -0.28271484375 -0.6170654296875
-0.0462112426757813 -0.00100708007812501 -0.77392578125 -0.0883789062499999
-0.0301437377929688 0.00601196289062501 -0.33441162109375 0.6507568359375
0.000713348388671875 -0.0269279479980469 0.3033447265625 0.6083984375
0.0363502502441406 -0.0264511108398438 0.46795654296875 0.273468017578125
0.0118379592895508 0.00646495819091797 0.321044921875 -0.08380126953125
-0.0107965469360352 -0.00508880615234375 0.0933685302734375 -0.249237060546875
-0.00820732116699219 -0.0342350006103516 -0.167251586914063 0.176010131835938
-0.00429153442382812 -0.0203666687011719 -0.38018798828125 -0.0653991699218751
0.0234947204589844 -0.0327510833740234 -0.37384033203125 -0.39239501953125
0.021270751953125 -0.00681304931640625 0.08941650390625 -0.5885009765625
-0.0171833038330078 0.0249595642089844 0.72491455078125 -0.2113037109375
-0.0490188598632813 -0.0103111267089844 0.76104736328125 0.47998046875
0.0044097900390625 -0.0365447998046875 0.20672607421875 0.584716796875
0.0356101989746094 -0.0462150573730469 0.0972671508789063 -0.092864990234375
-0.0104408264160156 -0.0281238555908203 -0.28277587890625 -0.62237548828125
-0.0194816589355469 0.00748825073242188 -0.77001953125 -0.0928955078124999
-0.00606918334960937 0.0195331573486328 -0.3309326171875 0.647705078125
-0.000393867492675781 -0.0133609771728516 0.3087158203125 0.610595703125
0.00514411926269531 -0.0246753692626953 0.46905517578125 0.28070068359375
-0.0222339630126953 -0.00964736938476563 0.318939208984375 -0.082550048828125
-0.0251598358154297 -0.0215473175048828 0.092681884765625 -0.249221801757813
-0.0123672485351563 -0.0547981262207031 -0.16705322265625 0.177810668945312
-0.0289382934570312 -0.0572547912597656 -0.385223388671875 -0.05438232421875
-0.014404296875 -0.0510177612304688 -0.385711669921875 -0.37432861328125
0.00474929809570312 0.00200843811035156 0.06964111328125 -0.5919189453125
-0.00780105590820313 0.0501213073730469 0.7103271484375 -0.249755859375
-0.0291042327880859 0.011962890625 0.772705078125 0.44024658203125
0.0201416015625 -0.044677734375 0.22003173828125 0.5765380859375
0.0520095825195312 -0.06707763671875 0.0926742553710938 -0.0831222534179688
0.00637054443359375 -0.0378799438476563 -0.26934814453125 -0.6302490234375
0.00783538818359375 0.0148429870605469 -0.77398681640625 -0.12701416015625
0.0177726745605469 0.0329170227050781 -0.3642578125 0.63433837890625
0.0012516975402832 0.00281667709350586 0.2879638671875 0.62109375
-0.0234928131103516 -0.0216598510742188 0.464508056640625 0.2969970703125
-0.0554695129394531 -0.0262832641601562 0.318511962890625 -0.074310302734375
-0.0368919372558594 -0.0389060974121094 0.0936431884765625 -0.246429443359375
-0.0146903991699219 -0.0696945190429687 -0.164947509765625 0.18389892578125
-0.05609130859375 -0.0843734741210938 -0.386810302734375 -0.0324096679687501
-0.0503654479980469 -0.0569992065429688 -0.397613525390625 -0.351806640625
-0.00659370422363281 0.0138978958129883 0.02923583984375 -0.60406494140625
0.00527954101562499 0.070953369140625 0.67169189453125 -0.31494140625
-0.00906753540039063 0.0281848907470703 0.7791748046875 0.3721923828125
0.0317802429199219 -0.0524177551269531 0.23614501953125 0.5633544921875
0.067138671875 -0.0859527587890625 0.0844650268554688 -0.0626602172851563
0.0219917297363281 -0.0463371276855469 -0.2484130859375 -0.64404296875
0.0267925262451172 0.0214653015136719 -0.78424072265625 -0.18231201171875
0.03460693359375 0.0477256774902344 -0.42486572265625 0.6072998046875
-0.000535964965820313 0.0178413391113281 0.2381591796875 0.635498046875
-0.0509834289550781 -0.0235710144042969 0.44921875 0.31890869140625
-0.0803680419921875 -0.0472183227539063 0.32037353515625 -0.06011962890625
-0.0415191650390625 -0.0545883178710937 0.09661865234375 -0.245590209960938
-0.0159454345703125 -0.0775222778320313 -0.158706665039063 0.190093994140625
-0.078338623046875 -0.0928115844726563 -0.38238525390625 -0.00851440429687501
-0.0726394653320313 -0.0471267700195313 -0.41058349609375 -0.327484130859375
-0.00848770141601562 0.0288677215576172 -0.02880859375 -0.62188720703125
0.0222625732421875 0.080108642578125 0.6112060546875 -0.39434814453125
0.00997543334960937 0.0371360778808594 0.775634765625 0.282958984375
0.038970947265625 -0.0567131042480469 0.254608154296875 0.54888916015625
0.0762557983398438 -0.0929031372070313 0.0703964233398438 -0.0345001220703125
0.0366325378417969 -0.0525856018066406 -0.2218017578125 -0.6558837890625
0.0390815734863281 0.0276412963867188 -0.79876708984375 -0.263427734375
0.042327880859375 0.0630874633789062 -0.507965087890625 0.560943603515625
-0.00757026672363281 0.0318794250488281 0.17236328125 0.64306640625
-0.0730209350585937 -0.0305862426757813 0.42755126953125 0.33837890625
-0.0939865112304687 -0.0701446533203125 0.324798583984375 -0.0465087890625
-0.0380516052246094 -0.065887451171875 0.100555419921875 -0.24603271484375
0.0237178802490234 0.0349578857421875 -0.146163940429688 0.194931030273438
0.08819580078125 0.0570220947265625 -0.346649169921875 -0.00769042968750006
0.1141357421875 -0.00492095947265625 -0.39605712890625 -0.368316650390625
0.0447235107421875 -0.0392875671386719 -0.03961181640625 -0.65850830078125
-0.0519027709960937 -0.0280876159667969 0.59771728515625 -0.39654541015625
-0.101638793945313 -0.042144775390625 0.7423095703125 0.3021240234375
-0.0372581481933594 -0.00390625 0.23291015625 0.56817626953125
-0.00607681274414063 0.0164127349853516 0.0625724792480469 -0.0251502990722656
-0.0449028015136719 -0.0146217346191406 -0.25653076171875 -0.6358642578125
-0.079925537109375 -0.0400466918945313 -0.83563232421875 -0.21575927734375
-0.0551033020019531 -0.0298347473144531 -0.51165771484375 0.57952880859375
0.0255813598632812 -0.043670654296875 0.17047119140625 0.61260986328125
0.104759216308594 0.0005645751953125 0.431915283203125 0.281707763671875
0.069580078125 0.0547561645507813 0.33343505859375 -0.06866455078125
0.0216903686523438 0.0320320129394531 0.0992889404296875 -0.250076293945313
0.0131015777587891 0.0292472839355469 -0.15447998046875 0.190704345703125
0.0757598876953125 0.063446044921875 -0.35308837890625 -0.025115966796875
0.112533569335938 0.0048980712890625 -0.3795166015625 -0.378631591796875
0.0522384643554688 -0.0348129272460938 0.0247192382812501 -0.63592529296875
-0.0448226928710938 -0.0288009643554688 0.65704345703125 -0.322021484375
-0.0951461791992188 -0.048553466796875 0.7496337890625 0.3760986328125
-0.0360870361328125 -0.010406494140625 0.2183837890625 0.57891845703125
-0.00465965270996094 0.00773763656616211 0.0752944946289063 -0.05303955078125
-0.0462799072265625 -0.0131149291992188 -0.27392578125 -0.620849609375
-0.0785293579101563 -0.027679443359375 -0.80865478515625 -0.1466064453125
-0.0571556091308594 -0.0197219848632813 -0.4287109375 0.62225341796875
0.0122642517089844 -0.0440940856933594 0.23016357421875 0.61077880859375
0.0896835327148438 -0.01605224609375 0.446258544921875 0.272186279296875
0.0632820129394531 0.0408134460449219 0.325469970703125 -0.078826904296875
0.0143795013427734 0.0245552062988281 0.0919342041015625 -0.249679565429688
0.00308513641357422 0.0142908096313477 -0.161407470703125 0.184463500976563
0.0519523620605469 0.0467567443847656 -0.363128662109375 -0.0422668457031249
0.093109130859375 0.00396728515625 -0.37152099609375 -0.38983154296875
0.0490188598632813 -0.0246353149414063 0.06146240234375 -0.61151123046875
-0.03448486328125 -0.018310546875 0.69464111328125 -0.25860595703125
-0.0818099975585938 -0.0456161499023437 0.75103759765625 0.43585205078125
-0.0251178741455078 -0.0167694091796875 0.2098388671875 0.58270263671875
0.00433492660522461 -0.00468969345092773 0.0859298706054688 -0.074920654296875
-0.03863525390625 -0.0140571594238281 -0.2847900390625 -0.6126708984375
-0.0666465759277344 -0.0117683410644531 -0.786865234375 -0.0992431640625001
-0.0480079650878906 -0.00657272338867188 -0.36126708984375 0.643798828125
0.00409698486328125 -0.0389938354492188 0.28363037109375 0.60394287109375
0.0645713806152344 -0.0261878967285156 0.46075439453125 0.265960693359375
0.0410537719726563 0.0232467651367188 0.321807861328125 -0.08660888671875
0.00354671478271484 0.0115108489990234 0.0904388427734375 -0.24951171875
-0.00690460205078125 -0.00909042358398438 -0.164810180664063 0.181976318359375
0.0254096984863281 0.0185966491699219 -0.3704833984375 -0.0552978515625
0.0612335205078125 -0.0102348327636719 -0.3746337890625 -0.390228271484375
0.0391731262207031 -0.0159797668457031 0.0797119140625 -0.59478759765625
-0.0250720977783203 0.000789642333984379 0.71820068359375 -0.22412109375
-0.0659561157226562 -0.0300827026367188 0.7587890625 0.46905517578125
-0.0119380950927734 -0.0251598358154297 0.208740234375 0.58258056640625
0.0198173522949219 -0.0242385864257812 0.0939865112304687 -0.0902328491210938
-0.0258922576904297 -0.0195751190185547 -0.29150390625 -0.6123046875
-0.0441055297851563 0.000228881835937494 -0.77056884765625 -0.0736083984375001
-0.0283622741699219 0.00606155395507813 -0.32080078125 0.6546630859375
0.000360488891601561 -0.0274620056152344 0.31390380859375 0.60150146484375
0.0360946655273438 -0.0281143188476563 0.472137451171875 0.262786865234375
0.0120983123779297 0.00631332397460937 0.318084716796875 -0.090667724609375
-0.011479377746582 -0.00555992126464844 0.088165283203125 -0.251617431640625
-0.00998115539550781 -0.0340576171875 -0.164154052734375 0.180450439453125
-0.00285530090332031 -0.0195293426513672 -0.380767822265625 -0.056976318359375
0.0226154327392578 -0.0332546234130859 -0.380950927734375 -0.3824462890625
0.0201148986816406 -0.00762939453125 0.0777587890625 -0.5859375
-0.0174674987792969 0.0262908935546875 0.72088623046875 -0.2237548828125
-0.0486526489257813 -0.00994491577148438 0.7669677734375 0.4676513671875
0.00395965576171875 -0.0361137390136719 0.21466064453125 0.580078125
0.0339927673339844 -0.0468368530273437 0.0946273803710938 -0.0935516357421875
-0.0107841491699219 -0.0285129547119141 -0.29010009765625 -0.614990234375
-0.0185260772705078 0.00863456726074219 -0.76739501953125 -0.08062744140625
-0.00559425354003906 0.0194149017333984 -0.3193359375 0.6505126953125
-0.000138282775878908 -0.0130062103271484 0.31842041015625 0.60198974609375
0.00583457946777343 -0.0250034332275391 0.473236083984375 0.271728515625
-0.0226955413818359 -0.00870895385742187 0.316619873046875 -0.08837890625
-0.0250587463378906 -0.0213413238525391 0.0877685546875 -0.250564575195312
-0.0133514404296875 -0.0552825927734375 -0.163772583007813 0.181976318359375
-0.0310745239257812 -0.0565948486328125 -0.38629150390625 -0.0467529296875
-0.0165863037109375 -0.0518341064453125 -0.391021728515625 -0.3656005859375
0.00446891784667969 0.00183773040771484 0.0577392578125 -0.59027099609375
-0.00711441040039063 0.04974365234375 0.70294189453125 -0.2596435546875
-0.0293979644775391 0.0121974945068359 0.776123046875 0.42864990234375
0.0202369689941406 -0.0452613830566406 0.22705078125 0.569580078125
0.05072021484375 -0.0681953430175781 0.0912017822265625 -0.0857467651367188
0.00595474243164062 -0.0370979309082031 -0.27813720703125 -0.62481689453125
0.00790119171142578 0.0139684677124023 -0.77239990234375 -0.112060546875
0.0191097259521484 0.0321159362792969 -0.349853515625 0.63970947265625
0.00011301040649414 0.00260162353515625 0.29705810546875 0.61468505859375
-0.0235252380371094 -0.0214786529541016 0.468292236328125 0.2861328125
-0.0555839538574219 -0.0253219604492188 0.317535400390625 -0.080810546875
-0.0382194519042969 -0.0376853942871094 0.0878448486328125 -0.249725341796875
-0.0163803100585938 -0.0706100463867188 -0.162506103515625 0.1885986328125
-0.0582351684570312 -0.0831146240234375 -0.386260986328125 -0.0242309570312501
-0.0510177612304687 -0.0579948425292969 -0.403472900390625 -0.341949462890625
-0.00678539276123047 0.0149402618408203 0.01727294921875 -0.60076904296875
0.00732421874999999 0.0712051391601563 0.6646728515625 -0.325927734375
-0.00703620910644531 0.0296459197998047 0.7830810546875 0.359375
0.0314788818359375 -0.053253173828125 0.243560791015625 0.56072998046875
0.0659561157226563 -0.085235595703125 0.0822219848632813 -0.065216064453125
0.0220184326171875 -0.0463829040527344 -0.25762939453125 -0.63690185546875
0.0298652648925781 0.0211353302001953 -0.7835693359375 -0.16973876953125
0.0359725952148438 0.0469970703125 -0.41241455078125 0.61279296875
-0.00074005126953125 0.0184783935546875 0.2496337890625 0.63037109375
-0.0512962341308594 -0.0221748352050781 0.45355224609375 0.30731201171875
-0.0807647705078125 -0.0457611083984375 0.31817626953125 -0.06781005859375
-0.0431137084960938 -0.05303955078125 0.0906982421875 -0.248306274414062
-0.0170745849609375 -0.0767135620117188 -0.15521240234375 0.194290161132813
-0.0796356201171875 -0.0903778076171875 -0.382568359375 -0.000274658203125065
-0.0746002197265625 -0.0464706420898438 -0.416290283203125 -0.318572998046875
-0.006317138671875 0.0279216766357422 -0.0393676757812501 -0.61846923828125
0.0258865356445312 0.0796432495117188 0.603759765625 -0.40374755859375
0.0108070373535156 0.0357551574707031 0.7779541015625 0.27105712890625
0.0389251708984375 -0.0569229125976563 0.26275634765625 0.54376220703125
0.0750885009765625 -0.0948104858398438 0.0694618225097656 -0.0358047485351563
0.0355491638183594 -0.0524711608886719 -0.23114013671875 -0.65252685546875
0.0419082641601563 0.0267601013183594 -0.800048828125 -0.248046875
0.0430374145507813 0.0628204345703125 -0.49530029296875 0.5673828125
-0.00741195678710937 0.0318679809570313 0.18450927734375 0.6395263671875
-0.0721817016601563 -0.0287933349609375 0.431854248046875 0.33050537109375
-0.0952911376953125 -0.068359375 0.322601318359375 -0.050750732421875
-0.0414962768554687 -0.0669822692871094 0.096221923828125 -0.247314453125
0.0249385833740234 0.0333824157714844 -0.14324951171875 0.197402954101563
0.088653564453125 0.0570297241210938 -0.3438720703125 0.00244140624999998
0.114044189453125 -0.005615234375 -0.402557373046875 -0.359893798828125
0.0432777404785156 -0.0405654907226563 -0.0498046875 -0.65386962890625
-0.0511665344238281 -0.0261383056640625 0.58685302734375 -0.402587890625
-0.103385925292969 -0.0407638549804688 0.74395751953125 0.28765869140625
-0.0386276245117188 -0.000469207763671867 0.241119384765625 0.561676025390625
-0.00721263885498047 0.0175361633300781 0.0596885681152344 -0.0250740051269531
-0.0446891784667969 -0.01275634765625 -0.26495361328125 -0.62603759765625
-0.0800094604492188 -0.0388565063476563 -0.83087158203125 -0.2012939453125
-0.0557098388671875 -0.0295562744140625 -0.49749755859375 0.58489990234375
0.0229949951171875 -0.0440940856933594 0.17987060546875 0.60662841796875
0.10302734375 -0.002471923828125 0.433837890625 0.27081298828125
0.0703811645507813 0.052947998046875 0.3304443359375 -0.07421875
0.0213794708251953 0.0327892303466797 0.094390869140625 -0.250503540039063
0.0121288299560547 0.0299968719482422 -0.149932861328125 0.194427490234375
0.0753631591796875 0.0616073608398437 -0.3536376953125 -0.0174255371093749
0.11297607421875 0.00421905517578125 -0.38421630859375 -0.36907958984375
0.0511703491210938 -0.0353851318359375 0.01177978515625 -0.6309814453125
-0.0436973571777344 -0.0284690856933594 0.64959716796875 -0.3304443359375
-0.097137451171875 -0.0480499267578125 0.752197265625 0.363037109375
-0.0371322631835938 -0.00725936889648438 0.22674560546875 0.5706787109375
-0.00435590744018555 0.00847673416137695 0.0721206665039062 -0.0521926879882813
-0.0448837280273438 -0.0119438171386719 -0.28271484375 -0.6114501953125
-0.0800552368164063 -0.02435302734375 -0.8043212890625 -0.1324462890625
-0.058135986328125 -0.0179023742675781 -0.41607666015625 0.62554931640625
0.0120315551757812 -0.0455131530761719 0.24114990234375 0.6036376953125
0.0880355834960938 -0.0180282592773437 0.448638916015625 0.262359619140625
0.0633430480957031 0.0395736694335938 0.324462890625 -0.084625244140625
0.0152206420898438 0.0235157012939453 0.0892333984375 -0.2510986328125
0.0024261474609375 0.015568733215332 -0.157470703125 0.188583374023437
0.0524101257324219 0.0459136962890625 -0.361358642578125 -0.03302001953125
0.092742919921875 0.00323486328125 -0.37738037109375 -0.381103515625
0.0484580993652344 -0.0270957946777344 0.05181884765625 -0.60968017578125
-0.0341377258300781 -0.019073486328125 0.68829345703125 -0.2686767578125
-0.0841140747070312 -0.0431671142578125 0.75567626953125 0.42242431640625
-0.0270786285400391 -0.0176219940185547 0.2164306640625 0.5777587890625
0.00505542755126953 -0.00455570220947266 0.0838241577148438 -0.0742645263671875
-0.0395774841308594 -0.0120620727539063 -0.29296875 -0.60406494140625
-0.0681610107421875 -0.010650634765625 -0.78204345703125 -0.0870971679687501
-0.0480613708496094 -0.00623703002929688 -0.3463134765625 0.64593505859375
0.0023651123046875 -0.0389213562011719 0.291748046875 0.59588623046875
0.0648612976074219 -0.0265045166015625 0.46307373046875 0.253570556640625
0.0420417785644531 0.0229568481445313 0.31744384765625 -0.092681884765625
0.00263404846191406 0.012150764465332 0.0845184326171875 -0.253646850585938
-0.00678539276123047 -0.00907039642333984 -0.159912109375 0.186386108398438
0.0261993408203125 0.0183143615722656 -0.370361328125 -0.0466918945312499
0.0606117248535156 -0.0113296508789063 -0.37835693359375 -0.381134033203125
0.0387992858886719 -0.0165252685546875 0.071533203125 -0.591552734375
-0.0248508453369141 0.00104713439941406 0.708984375 -0.2342529296875
-0.0662498474121094 -0.0291824340820313 0.7625732421875 0.45440673828125
-0.0126895904541016 -0.0250186920166016 0.21722412109375 0.57781982421875
0.0179119110107422 -0.0235271453857422 0.0919647216796875 -0.0917205810546875
-0.0256443023681641 -0.0177268981933594 -0.29925537109375 -0.60137939453125
-0.0461654663085938 0.00281906127929688 -0.76715087890625 -0.0625610351562501
-0.0282974243164063 0.00763511657714844 -0.3079833984375 0.65777587890625
-0.00197410583496094 -0.0276508331298828 0.32354736328125 0.59197998046875
0.0353050231933594 -0.0270156860351563 0.4744873046875 0.252899169921875
0.0109376907348633 0.00708484649658203 0.31396484375 -0.095672607421875
-0.0116252899169922 -0.00416851043701172 0.08416748046875 -0.252151489257813
-0.00977897644042968 -0.0344409942626953 -0.159317016601563 0.18487548828125
-0.00384140014648437 -0.0190219879150391 -0.37872314453125 -0.0484619140625001
0.0224380493164062 -0.0346012115478516 -0.385467529296875 -0.373504638671875
0.0202064514160156 -0.00787544250488281 0.068115234375 -0.5838623046875
-0.0166511535644531 0.0265827178955078 0.714111328125 -0.23236083984375
-0.0490760803222656 -0.00981521606445312 0.76885986328125 0.45233154296875
0.00355148315429687 -0.0355796813964844 0.22119140625 0.5732421875
0.0334053039550781 -0.0472602844238281 0.0916976928710938 -0.0956268310546875
-0.0107822418212891 -0.0277423858642578 -0.29931640625 -0.6070556640625
-0.0174875259399414 0.00814342498779297 -0.7640380859375 -0.0676879882812499
-0.00408172607421875 0.0192985534667969 -0.3038330078125 0.650634765625
-0.00157356262207031 -0.0124883651733398 0.3289794921875 0.59307861328125
0.00432205200195313 -0.0255908966064453 0.476898193359375 0.26153564453125
-0.0232734680175781 -0.0083465576171875 0.313751220703125 -0.095550537109375
-0.0248546600341797 -0.0212802886962891 0.0836181640625 -0.252243041992188
-0.0140800476074219 -0.0552940368652344 -0.160232543945313 0.1864013671875
-0.0308151245117188 -0.0562095642089844 -0.38433837890625 -0.03717041015625
-0.0171699523925781 -0.0510215759277344 -0.395294189453125 -0.355621337890625
0.00345396995544434 0.000772714614868164 0.04815673828125 -0.5870361328125
-0.0068511962890625 0.0509147644042969 0.6949462890625 -0.26934814453125
-0.0284175872802734 0.0117397308349609 0.78106689453125 0.41363525390625
0.0188674926757813 -0.0454978942871094 0.23443603515625 0.5625
0.0491294860839844 -0.0690269470214844 0.0887908935546875 -0.0852508544921875
0.00527572631835938 -0.037384033203125 -0.287109375 -0.6170654296875
0.00860118865966797 0.0150222778320312 -0.767333984375 -0.101318359375
0.0204200744628906 0.0307674407958984 -0.33642578125 0.64013671875
0.000504255294799805 0.00347352027893066 0.30706787109375 0.60455322265625
-0.0247459411621094 -0.0212383270263672 0.471893310546875 0.277496337890625
-0.0553741455078125 -0.0236930847167969 0.31353759765625 -0.0860595703125
-0.037567138671875 -0.0376663208007813 0.084259033203125 -0.24945068359375
-0.0165519714355469 -0.0685882568359375 -0.15667724609375 0.193710327148438
-0.0580673217773437 -0.082275390625 -0.385101318359375 -0.0164794921875001
-0.0523529052734375 -0.0553817749023438 -0.405853271484375 -0.33209228515625
-0.00807952880859375 0.0148715972900391 0.00787353515625002 -0.59808349609375
0.00966644287109376 0.0695877075195313 0.6546630859375 -0.33428955078125
-0.00819587707519531 0.0281009674072266 0.78265380859375 0.34442138671875
0.031036376953125 -0.0530548095703125 0.25 0.551788330078125
0.0640335083007813 -0.085357666015625 0.0805587768554688 -0.0655136108398438
0.0215606689453125 -0.0458450317382813 -0.26580810546875 -0.6292724609375
0.0303630828857422 0.0204296112060547 -0.78082275390625 -0.15447998046875
0.0371665954589844 0.0445289611816406 -0.39788818359375 0.6146240234375
-0.000722885131835936 0.0180149078369141 0.2587890625 0.6209716796875
-0.0518798828125 -0.0211830139160156 0.457000732421875 0.298004150390625
-0.0817794799804688 -0.0439682006835937 0.3165283203125 -0.073150634765625
-0.0431098937988281 -0.0511093139648438 0.085723876953125 -0.249862670898437
-0.01953125 -0.0782852172851563 -0.150543212890625 0.19866943359375
-0.0806503295898438 -0.0874404907226562 -0.381256103515625 0.00933837890625004
-0.0733184814453125 -0.043426513671875 -0.420440673828125 -0.309539794921875
-0.0065765380859375 0.029083251953125 -0.04827880859375 -0.61395263671875
0.0263900756835937 0.078125 0.59271240234375 -0.41217041015625
0.0116386413574219 0.0342502593994141 0.77825927734375 0.25872802734375
0.0381736755371094 -0.0581779479980469 0.268707275390625 0.5352783203125
0.073883056640625 -0.0966033935546875 0.0684089660644531 -0.0362167358398438
0.03656005859375 -0.0533103942871094 -0.24090576171875 -0.64422607421875
0.0425376892089844 0.026611328125 -0.79913330078125 -0.23321533203125
0.0443267822265625 0.0622062683105469 -0.4822998046875 0.57305908203125
-0.00684547424316407 0.0308666229248047 0.1943359375 0.63238525390625
-0.072967529296875 -0.0275115966796875 0.436737060546875 0.321136474609375
-0.0970687866210938 -0.0662612915039062 0.32080078125 -0.0567626953125
-0.0420799255371094 -0.0660171508789063 0.089111328125 -0.248367309570312
0.0248870849609375 0.0340309143066406 -0.139450073242188 0.20001220703125
0.0905838012695313 0.0552749633789062 -0.343536376953125 0.00866699218750002
0.114662170410156 -0.0091552734375 -0.404449462890625 -0.349029541015625
0.0424041748046875 -0.0420341491699219 -0.06048583984375 -0.64678955078125
-0.0521774291992188 -0.0258102416992187 0.5765380859375 -0.40887451171875
-0.103355407714844 -0.038787841796875 0.74224853515625 0.27606201171875
-0.0372238159179688 -0.00107192993164062 0.244659423828125 0.556549072265625
-0.00638961791992188 0.0169363021850586 0.0587310791015625 -0.0255508422851562
-0.0455474853515625 -0.0108070373535156 -0.27056884765625 -0.6148681640625
-0.08111572265625 -0.0363616943359375 -0.82806396484375 -0.18743896484375
-0.055908203125 -0.028656005859375 -0.484375 0.58746337890625
0.0219879150390625 -0.0452232360839844 0.18841552734375 0.59796142578125
0.101722717285156 -0.00403594970703125 0.435516357421875 0.26141357421875
0.0728912353515625 0.0527496337890625 0.3282470703125 -0.07928466796875
0.0231437683105469 0.0306663513183594 0.0902099609375 -0.250701904296875
0.0136375427246094 0.0284175872802734 -0.146881103515625 0.195968627929687
0.078277587890625 0.0601272583007813 -0.3505859375 -0.00915527343750006
0.112213134765625 0.000732421875 -0.38909912109375 -0.3583984375
0.0504150390625 -0.0364494323730469 0.00280761718749995 -0.624755859375
-0.0448226928710938 -0.0274162292480469 0.63946533203125 -0.3369140625
-0.0969009399414063 -0.0448760986328125 0.75042724609375 0.34912109375
-0.0362167358398437 -0.00725936889648438 0.23089599609375 0.564208984375
-0.00483131408691406 0.0100412368774414 0.0711135864257813 -0.0537033081054687
-0.0459442138671875 -0.011016845703125 -0.28765869140625 -0.60479736328125
-0.07916259765625 -0.0221176147460937 -0.799560546875 -0.11993408203125
-0.0579376220703125 -0.0170135498046875 -0.40142822265625 0.62554931640625
0.00907516479492188 -0.0452690124511719 0.2481689453125 0.5936279296875
0.0883026123046875 -0.0203628540039063 0.448638916015625 0.2515869140625
0.0649032592773438 0.0383872985839844 0.32012939453125 -0.09039306640625
0.0159740447998047 0.0242347717285156 0.0832977294921875 -0.25262451171875
0.00248241424560547 0.0143642425537109 -0.153961181640625 0.191757202148438
0.0533790588378906 0.0454635620117188 -0.359130859375 -0.02532958984375
0.0930938720703125 0.00018310546875 -0.3826904296875 -0.370697021484375
0.0475311279296875 -0.02764892578125 0.04132080078125 -0.60345458984375
-0.0350112915039063 -0.0179424285888672 0.677734375 -0.27508544921875
-0.0827407836914063 -0.041961669921875 0.75555419921875 0.40557861328125
-0.0269603729248047 -0.0151576995849609 0.22259521484375 0.56732177734375
0.00417232513427734 -0.00484228134155273 0.0833053588867187 -0.0761871337890625
-0.036956787109375 -0.0112724304199219 -0.2991943359375 -0.59613037109375
-0.0666885375976563 -0.00648117065429688 -0.7760009765625 -0.0736083984374999
-0.0474090576171875 -0.00472259521484375 -0.33526611328125 0.64837646484375
0.00133132934570312 -0.039306640625 0.29949951171875 0.58502197265625
0.0638084411621094 -0.0277786254882813 0.46368408203125 0.244415283203125
0.0415458679199219 0.0220489501953125 0.313995361328125 -0.09808349609375
0.00482082366943359 0.0118131637573242 0.080078125 -0.253494262695312
-0.00834417343139648 -0.00809955596923828 -0.155563354492188 0.190475463867188
0.0269279479980469 0.0173740386962891 -0.36785888671875 -0.0388183593749999
0.0606536865234375 -0.0134124755859375 -0.381805419921875 -0.369384765625
0.0383148193359375 -0.0175590515136719 0.0598754882812501 -0.58758544921875
-0.0244178771972656 0.0020599365234375 0.70037841796875 -0.2437744140625
-0.0664749145507813 -0.0285491943359375 0.76348876953125 0.43963623046875
-0.0131416320800781 -0.024322509765625 0.22113037109375 0.57012939453125
0.0169410705566406 -0.0244884490966797 0.08917236328125 -0.0924301147460938
-0.0251617431640625 -0.0165538787841797 -0.30499267578125 -0.5936279296875
-0.0447425842285156 0.00198364257812501 -0.759765625 -0.0515747070312499
-0.0282459259033203 0.00824737548828125 -0.29498291015625 0.653564453125
-0.00293922424316406 -0.0269756317138672 0.33111572265625 0.580322265625
0.0341815948486328 -0.0289134979248047 0.475250244140625 0.24322509765625
0.0119895935058594 0.00631427764892578 0.311492919921875 -0.100616455078125
-0.0109243392944336 -0.0037384033203125 0.078857421875 -0.253311157226563
-0.0106563568115234 -0.0335311889648438 -0.155364990234375 0.1876220703125
-0.00344657897949219 -0.0182991027832031 -0.375946044921875 -0.04058837890625
0.0210800170898438 -0.0348320007324219 -0.38873291015625 -0.362060546875
0.0194511413574219 -0.00772666931152344 0.058837890625 -0.5799560546875
-0.0161170959472656 0.0261611938476562 0.70538330078125 -0.241455078125
-0.0489959716796875 -0.00902557373046875 0.7716064453125 0.43719482421875
0.00275039672851562 -0.0354194641113281 0.226806640625 0.5657958984375
0.0317268371582031 -0.0474586486816406 0.0890579223632813 -0.0966796875
-0.0103893280029297 -0.0269870758056641 -0.3035888671875 -0.5972900390625
-0.0169610977172852 0.00955486297607422 -0.75872802734375 -0.0556640625000001
-0.00383758544921875 0.0200443267822266 -0.2899169921875 0.6507568359375
-0.00257968902587891 -0.0124292373657227 0.3355712890625 0.5831298828125
0.00310897827148437 -0.0255260467529297 0.476654052734375 0.2510986328125
-0.0227985382080078 -0.00733757019042969 0.3092041015625 -0.100006103515625
-0.0254840850830078 -0.0206356048583984 0.077911376953125 -0.252349853515625
-0.0147819519042969 -0.0547294616699219 -0.156082153320313 0.189712524414062
-0.0318069458007812 -0.05438232421875 -0.381378173828125 -0.029632568359375
-0.0173797607421875 -0.0517501831054687 -0.399566650390625 -0.34521484375
0.00381898880004883 0.00128293037414551 0.03912353515625 -0.58355712890625
-0.00521469116210938 0.0508613586425781 0.686279296875 -0.2789306640625
-0.0285301208496094 0.0117473602294922 0.780517578125 0.39892578125
0.0171928405761719 -0.04510498046875 0.23974609375 0.554534912109375
0.0471038818359375 -0.0684814453125 0.0850982666015625 -0.087799072265625
0.00568008422851563 -0.0380706787109375 -0.29296875 -0.6063232421875
0.00958728790283203 0.0141544342041016 -0.76275634765625 -0.0858764648437499
0.0204410552978516 0.0314445495605469 -0.32275390625 0.6407470703125
-0.000365018844604492 0.00305891036987305 0.31494140625 0.5946044921875
-0.0245456695556641 -0.0202159881591797 0.472442626953125 0.265777587890625
-0.0553398132324219 -0.0216331481933594 0.309814453125 -0.092010498046875
-0.0383682250976563 -0.035736083984375 0.078033447265625 -0.250839233398438
-0.0187644958496094 -0.0691413879394531 -0.154342651367188 0.19549560546875
-0.0622634887695313 -0.0802841186523438 -0.38323974609375 -0.00833129882812507
-0.053680419921875 -0.0549240112304687 -0.40985107421875 -0.319488525390625
-0.00644874572753906 0.014927864074707 -0.000793457031250039 -0.59222412109375
0.00967788696289063 0.0697593688964844 0.64471435546875 -0.34381103515625
-0.00646209716796875 0.0280380249023438 0.78240966796875 0.32977294921875
0.0297393798828125 -0.0529823303222656 0.25469970703125 0.54327392578125
0.0623855590820313 -0.0870742797851563 0.0781097412109375 -0.0667266845703125
0.0219917297363281 -0.0463447570800781 -0.2725830078125 -0.61846923828125
0.0310401916503906 0.0200653076171875 -0.77655029296875 -0.14349365234375
0.0380172729492188 0.0448226928710938 -0.38690185546875 0.6162109375
-0.000669479370117188 0.0191173553466797 0.26885986328125 0.61236572265625
-0.0512886047363281 -0.0196075439453125 0.45953369140625 0.2877197265625
-0.0828323364257813 -0.0421218872070312 0.314483642578125 -0.077484130859375
-0.0447998046875 -0.0516128540039062 0.0812835693359375 -0.250091552734375
-0.02001953125 -0.0768814086914063 -0.146286010742188 0.201583862304688
-0.0837936401367187 -0.0855331420898438 -0.37652587890625 0.0166015624999999
-0.0746536254882813 -0.0437240600585938 -0.421966552734375 -0.29974365234375
-0.00545692443847657 0.0298328399658203 -0.05914306640625 -0.607666015625
0.0288238525390625 0.0777511596679687 0.582275390625 -0.41644287109375
0.013519287109375 0.0334110260009766 0.776123046875 0.244384765625
0.0368423461914063 -0.0596771240234375 0.273040771484375 0.52960205078125
0.071380615234375 -0.0975799560546875 0.0655555725097656 -0.0367012023925781
0.0364227294921875 -0.053192138671875 -0.24700927734375 -0.6353759765625
0.04302978515625 0.02508544921875 -0.79510498046875 -0.22039794921875
0.0459213256835938 0.06005859375 -0.468994140625 0.575927734375
-0.00777435302734375 0.0309410095214844 0.2042236328125 0.62420654296875
-0.0735931396484375 -0.0260696411132812 0.439666748046875 0.3092041015625
-0.0988082885742188 -0.0652236938476562 0.316741943359375 -0.063720703125
-0.04254150390625 -0.0652427673339844 0.0857696533203125 -0.249679565429688
0.0269641876220703 0.0326957702636719 -0.13653564453125 0.201995849609375
0.0910263061523438 0.053070068359375 -0.33935546875 0.01519775390625
0.113990783691406 -0.0112762451171875 -0.407684326171875 -0.336883544921875
0.0425682067871094 -0.0434799194335938 -0.070068359375 -0.638671875
-0.0523185729980469 -0.024078369140625 0.566650390625 -0.41259765625
-0.104347229003906 -0.03765869140625 0.73834228515625 0.26507568359375
-0.0377044677734375 -0.000610351562500006 0.248260498046875 0.54888916015625
-0.00693893432617187 0.0181064605712891 0.0567665100097656 -0.0253448486328125
-0.0461807250976563 -0.00947189331054688 -0.27740478515625 -0.60699462890625
-0.0798263549804687 -0.0349807739257813 -0.82049560546875 -0.174560546875
-0.0546798706054688 -0.0281867980957031 -0.47265625 0.58990478515625
0.0210494995117187 -0.0455894470214844 0.19586181640625 0.59130859375
0.101188659667969 -0.00601959228515625 0.43609619140625 0.25244140625
0.0728378295898438 0.0510711669921875 0.324066162109375 -0.083892822265625
0.0228099822998047 0.0302448272705078 0.084686279296875 -0.250625610351562
0.0153713226318359 0.0283832550048828 -0.140838623046875 0.197402954101563
0.0789031982421875 0.0595016479492187 -0.347442626953125 -0.00259399414062503
0.111846923828125 -0.001220703125 -0.391357421875 -0.348419189453125
0.0482673645019531 -0.0379638671875 -0.00787353515625005 -0.6202392578125
-0.0450439453125 -0.0275192260742188 0.62713623046875 -0.34332275390625
-0.0975494384765625 -0.0426254272460938 0.74798583984375 0.337158203125
-0.0360908508300781 -0.00539398193359375 0.23480224609375 0.558258056640625
-0.00426673889160156 0.0101785659790039 0.0688819885253906 -0.0538444519042969
-0.0439682006835938 -0.0088958740234375 -0.29345703125 -0.59423828125
-0.0796279907226563 -0.0211639404296875 -0.79266357421875 -0.10748291015625
-0.0570259094238281 -0.0166702270507812 -0.3887939453125 0.62518310546875
0.00827789306640626 -0.0445785522460938 0.25518798828125 0.58624267578125
0.0877761840820313 -0.0205535888671875 0.448883056640625 0.242523193359375
0.0658988952636719 0.0373306274414062 0.3155517578125 -0.09466552734375
0.0159435272216797 0.0222206115722656 0.078216552734375 -0.251434326171875
0.00398731231689453 0.0121402740478516 -0.150390625 0.194351196289062
0.0543594360351563 0.0454483032226563 -0.356109619140625 -0.01873779296875
0.09320068359375 -0.001251220703125 -0.38311767578125 -0.360595703125
0.0476303100585938 -0.0279426574707031 0.03375244140625 -0.59783935546875
-0.0336284637451172 -0.0172519683837891 0.667724609375 -0.28338623046875
-0.0838241577148438 -0.0403060913085937 0.75335693359375 0.39666748046875
-0.027008056640625 -0.0153083801269531 0.22711181640625 0.559295654296875
0.00443220138549805 -0.00364065170288086 0.07952880859375 -0.0771713256835937
-0.0367164611816406 -0.00997543334960937 -0.30560302734375 -0.5850830078125
-0.0672836303710938 -0.00712966918945312 -0.76873779296875 -0.0621337890625
-0.0485458374023437 -0.00393295288085936 -0.32147216796875 0.64447021484375
7.62939453124616E-06 -0.0389747619628906 0.30548095703125 0.57696533203125
0.0623092651367188 -0.0287208557128906 0.46307373046875 0.234283447265625
0.04327392578125 0.0215377807617188 0.310546875 -0.1024169921875
0.00556564331054688 0.0108880996704102 0.076446533203125 -0.253646850585938
-0.00744199752807617 -0.00831365585327148 -0.15283203125 0.194198608398438
0.0265464782714844 0.0159168243408203 -0.365692138671875 -0.032318115234375
0.0593299865722656 -0.0142593383789063 -0.384552001953125 -0.3583984375
0.0369529724121094 -0.0182228088378906 0.0501708984375 -0.58349609375
-0.0232162475585938 0.00272750854492187 0.69122314453125 -0.24945068359375
-0.0662307739257813 -0.027923583984375 0.7615966796875 0.42767333984375
-0.0140533447265625 -0.0227127075195312 0.226531982421875 0.56146240234375
0.0166034698486328 -0.0239734649658203 0.0861663818359375 -0.0921707153320313
-0.0247344970703125 -0.0150833129882812 -0.3099365234375 -0.58367919921875
-0.0441513061523438 0.00270843505859376 -0.7523193359375 -0.0411987304687501
-0.028411865234375 0.00810241699218751 -0.2838134765625 0.6512451171875
-0.00341224670410156 -0.025177001953125 0.33447265625 0.5704345703125
0.0332221984863281 -0.0297966003417969 0.4749755859375 0.23388671875
0.0116653442382813 0.00624179840087891 0.30657958984375 -0.106292724609375
-0.0105276107788086 -0.00279140472412109 0.07318115234375 -0.252334594726563
-0.0111351013183594 -0.0325279235839844 -0.1519775390625 0.18939208984375
-0.0039520263671875 -0.0187168121337891 -0.373260498046875 -0.03326416015625
0.0208320617675781 -0.0354690551757813 -0.390716552734375 -0.352264404296875
0.0193023681640625 -0.00934982299804688 0.04998779296875 -0.57550048828125
-0.0158119201660156 0.0263290405273437 0.6961669921875 -0.24908447265625
-0.0481452941894531 -0.00774383544921876 0.769775390625 0.424560546875
0.00133705139160156 -0.034393310546875 0.232086181640625 0.556671142578125
0.03155517578125 -0.0475273132324219 0.0857620239257813 -0.0979385375976562
-0.0116138458251953 -0.025726318359375 -0.30975341796875 -0.5880126953125
-0.0162763595581055 0.00895786285400391 -0.7513427734375 -0.0458984375
-0.00330924987792969 0.0204734802246094 -0.2796630859375 0.64959716796875
-0.00335025787353516 -0.0118951797485352 0.34075927734375 0.572265625
0.00230979919433594 -0.0252132415771484 0.4754638671875 0.240997314453125
-0.0226402282714844 -0.00764274597167969 0.30487060546875 -0.104400634765625
-0.0260200500488281 -0.0193691253662109 0.073089599609375 -0.252792358398438
-0.0163955688476562 -0.0542373657226562 -0.1512451171875 0.19085693359375
-0.0338935852050781 -0.0528640747070313 -0.378814697265625 -0.021881103515625
-0.0194892883300781 -0.0517005920410156 -0.401214599609375 -0.3350830078125
0.00317502021789551 0.00149750709533691 0.03131103515625 -0.575439453125
-0.00419235229492188 0.0495529174804688 0.67633056640625 -0.286376953125
-0.0276660919189453 0.0119342803955078 0.7774658203125 0.38507080078125
0.0167579650878906 -0.0447425842285156 0.243255615234375 0.548065185546875
0.0463027954101562 -0.0690650939941406 0.0822525024414063 -0.0871963500976563
0.00513076782226563 -0.0372238159179688 -0.29815673828125 -0.59832763671875
0.0100555419921875 0.0135126113891602 -0.75775146484375 -0.0783081054687501
0.0200691223144531 0.0309944152832031 -0.31134033203125 0.63726806640625
-0.00109982490539551 0.00310707092285156 0.320068359375 0.5849609375
-0.0252742767333984 -0.0191593170166016 0.47265625 0.25775146484375
-0.0556449890136719 -0.0216293334960938 0.30596923828125 -0.0963134765625
-0.0384902954101563 -0.0351142883300781 0.0747528076171875 -0.25140380859375
-0.01971435546875 -0.0694160461425781 -0.148605346679687 0.199386596679688
-0.0632858276367188 -0.0784835815429688 -0.378814697265625 -0.000274658203124986
-0.0535354614257813 -0.0544776916503906 -0.41094970703125 -0.310455322265625
-0.00749397277832031 0.0155115127563477 -0.00970458984375005 -0.5855712890625
0.0112419128417969 0.0689544677734375 0.63525390625 -0.34771728515625
-0.00591468811035156 0.0263423919677734 0.77911376953125 0.3173828125
0.0283317565917969 -0.0545234680175781 0.258270263671875 0.536773681640625
0.0602264404296875 -0.0857315063476563 0.07489013671875 -0.0671920776367188
0.0209159851074219 -0.0460624694824219 -0.27825927734375 -0.60955810546875
0.0316829681396484 0.0192928314208984 -0.771484375 -0.13177490234375
0.0370445251464844 0.0442047119140625 -0.37274169921875 0.61456298828125
-0.00117874145507813 0.0198554992675781 0.2738037109375 0.6011962890625
-0.0527687072753906 -0.0183029174804687 0.458160400390625 0.2763671875
-0.082305908203125 -0.0408935546875 0.309173583984375 -0.082275390625
-0.0459251403808594 -0.0505523681640625 0.0760955810546875 -0.249481201171875
-0.0209884643554687 -0.07598876953125 -0.14239501953125 0.202850341796875
-0.08502197265625 -0.0839691162109375 -0.374542236328125 0.023468017578125
-0.0753936767578125 -0.041778564453125 -0.42156982421875 -0.287353515625
-0.00453948974609375 0.0292530059814453 -0.0643310546874999 -0.599853515625
0.029693603515625 0.07867431640625 0.57159423828125 -0.42120361328125
0.0132865905761719 0.0318717956542969 0.77227783203125 0.23309326171875
0.0360603332519531 -0.0608444213867187 0.2757568359375 0.520751953125
0.0700149536132813 -0.0966339111328125 0.0639877319335938 -0.0389175415039063
0.0357742309570313 -0.0545005798339844 -0.2515869140625 -0.62548828125
0.0435409545898438 0.0244102478027344 -0.7894287109375 -0.20849609375
0.0479049682617187 0.0603065490722656 -0.45751953125 0.5743408203125
-0.00625038146972656 0.0318355560302734 0.21124267578125 0.6160888671875
-0.0722198486328125 -0.0237655639648438 0.439422607421875 0.30145263671875
-0.100082397460938 -0.061431884765625 0.31402587890625 -0.067413330078125
-0.0433692932128906 -0.06329345703125 0.0800018310546875 -0.249435424804688
0.0256843566894531 0.0326442718505859 -0.131439208984375 0.202713012695312
0.091888427734375 0.0513153076171875 -0.33514404296875 0.0202331542968751
0.11260986328125 -0.0126800537109375 -0.4072265625 -0.32806396484375
0.0402641296386719 -0.0427780151367188 -0.076171875 -0.6312255859375
-0.0535354614257813 -0.0244903564453125 0.55426025390625 -0.413909912109375
-0.10479736328125 -0.0350418090820312 0.73455810546875 0.25311279296875
-0.0388450622558594 0.000659942626953119 0.2523193359375 0.539520263671875
-0.00633811950683594 0.0188426971435547 0.055572509765625 -0.0267143249511719
-0.04522705078125 -0.00733184814453124 -0.28131103515625 -0.597412109375
-0.0791854858398437 -0.0329742431640625 -0.81292724609375 -0.163818359375
-0.056488037109375 -0.0272979736328125 -0.46148681640625 0.58746337890625
0.0189094543457031 -0.0452728271484375 0.2017822265625 0.58367919921875
0.10052490234375 -0.00775146484375 0.4339599609375 0.2432861328125
0.0729217529296875 0.0499114990234375 0.319549560546875 -0.08831787109375
0.0234813690185547 0.0318088531494141 0.0806427001953125 -0.250717163085938
0.0143585205078125 0.0283012390136719 -0.1373291015625 0.200653076171875
0.07952880859375 0.0578460693359375 -0.34320068359375 0.00265502929687494
0.111351013183594 -0.00214385986328125 -0.391265869140625 -0.33917236328125
0.0482673645019531 -0.0387039184570313 -0.01397705078125 -0.61285400390625
-0.0455207824707031 -0.0268821716308594 0.6181640625 -0.34796142578125
-0.0983428955078125 -0.0423202514648438 0.744384765625 0.3248291015625
-0.0355453491210937 -0.00432586669921875 0.23779296875 0.548187255859375
-0.00553512573242188 0.0100412368774414 0.0670890808105469 -0.0532608032226563
-0.0454788208007813 -0.00768661499023438 -0.29583740234375 -0.583984375
-0.078155517578125 -0.0197067260742188 -0.784423828125 -0.0977783203125001
-0.0574531555175781 -0.0162200927734375 -0.37646484375 0.62298583984375
0.00665283203125 -0.0445327758789062 0.25958251953125 0.577392578125
0.0859146118164063 -0.0214614868164063 0.44873046875 0.23406982421875
0.0643272399902344 0.03631591796875 0.311004638671875 -0.098480224609375
0.0167465209960938 0.0222282409667969 0.07470703125 -0.250503540039063
0.00361061096191406 0.014063835144043 -0.145721435546875 0.1978759765625
0.0542221069335937 0.0451774597167969 -0.351837158203125 -0.013092041015625
0.0921173095703125 -0.0016632080078125 -0.38446044921875 -0.348876953125
0.0460968017578125 -0.0284194946289062 0.02496337890625 -0.5914306640625
-0.0344600677490234 -0.0168914794921875 0.6572265625 -0.2880859375
-0.0855178833007813 -0.0400161743164062 0.7506103515625 0.3826904296875
-0.0275974273681641 -0.01251220703125 0.22918701171875 0.55242919921875
0.00396037101745605 -0.00238680839538574 0.0778427124023438 -0.076812744140625
-0.0358734130859375 -0.00917053222656251 -0.307373046875 -0.5758056640625
-0.0653419494628906 -0.00571441650390626 -0.76171875 -0.05426025390625
-0.0471763610839844 -0.00348281860351561 -0.310791015625 0.6429443359375
-0.00138092041015625 -0.0377883911132812 0.3106689453125 0.5645751953125
0.0611686706542969 -0.0297126770019531 0.4615478515625 0.226318359375
0.0427055358886719 0.0205802917480469 0.30535888671875 -0.106201171875
0.00537967681884765 0.0133571624755859 0.072174072265625 -0.253250122070313
-0.00720882415771485 -0.0076298713684082 -0.148880004882813 0.195449829101562
0.0275669097900391 0.0171127319335938 -0.361053466796875 -0.0266418457031249
0.0597686767578125 -0.0164260864257813 -0.389404296875 -0.3499755859375
0.0355682373046875 -0.0176124572753906 0.04345703125 -0.57666015625
-0.0236587524414063 0.00172615051269531 0.68121337890625 -0.25421142578125
-0.0660362243652344 -0.0267105102539062 0.75787353515625 0.413818359375
-0.0152721405029297 -0.0228614807128906 0.231048583984375 0.553741455078125
0.0158958435058594 -0.0241146087646484 0.0837326049804688 -0.0933837890625
-0.0248622894287109 -0.0150394439697266 -0.31500244140625 -0.5731201171875
-0.0420455932617188 0.00416183471679687 -0.74627685546875 -0.0329589843750002
-0.0267333984375 0.00851249694824219 -0.273193359375 0.6484375
-0.00515937805175782 -0.0263214111328125 0.339569091796875 0.559906005859375
0.0326328277587891 -0.0301055908203125 0.47418212890625 0.22406005859375
0.0130729675292969 0.00683021545410156 0.302337646484375 -0.10888671875
-0.0109987258911133 -0.00378227233886719 0.069305419921875 -0.251876831054688
-0.0108470916748047 -0.0330104827880859 -0.147201538085938 0.191207885742187
-0.003814697265625 -0.0180892944335938 -0.369903564453125 -0.0275268554687499
0.0204010009765625 -0.03607177734375 -0.389984130859375 -0.342193603515625
0.0186538696289063 -0.00883293151855469 0.0430908203125 -0.5672607421875
-0.01446533203125 0.0267581939697266 0.6849365234375 -0.2523193359375
-0.0479812622070312 -0.00690841674804688 0.766845703125 0.41162109375
0.00128555297851563 -0.0344009399414063 0.234619140625 0.54913330078125
0.0301933288574219 -0.046905517578125 0.0833587646484375 -0.0968017578125
-0.0108375549316406 -0.0257244110107422 -0.3123779296875 -0.57843017578125
-0.0152616500854492 0.00948333740234375 -0.7425537109375 -0.0372924804687501
-0.00325965881347656 0.0190658569335938 -0.267822265625 0.6435546875
-0.00326824188232422 -0.0115823745727539 0.34490966796875 0.56182861328125
0.00246810913085937 -0.0243091583251953 0.476043701171875 0.231719970703125
-0.0232715606689453 -0.00622177124023438 0.30023193359375 -0.10784912109375
-0.0263633728027344 -0.0194454193115234 0.069366455078125 -0.251632690429688
-0.0166778564453125 -0.0531349182128906 -0.147369384765625 0.19378662109375
-0.0335044860839844 -0.0518836975097656 -0.3741455078125 -0.016021728515625
-0.0193672180175781 -0.051300048828125 -0.400054931640625 -0.324737548828125
0.00337481498718262 0.00140547752380371 0.02203369140625 -0.5716552734375
-0.00350189208984375 0.0490493774414062 0.6658935546875 -0.2884521484375
-0.0270099639892578 0.0110969543457031 0.77532958984375 0.37384033203125
0.0153045654296875 -0.0448493957519531 0.246124267578125 0.53887939453125
0.0445175170898438 -0.0689430236816406 0.0797500610351563 -0.0875778198242188
0.00501251220703125 -0.0367355346679688 -0.3006591796875 -0.5867919921875
0.0117702484130859 0.0130996704101563 -0.74798583984375 -0.0693359374999999
0.0216999053955078 0.0294952392578125 -0.29888916015625 0.6336669921875
-0.00087428092956543 0.00320816040039062 0.32427978515625 0.573974609375
-0.0252246856689453 -0.0192241668701172 0.4696044921875 0.246612548828125
-0.0554924011230469 -0.0202407836914062 0.301483154296875 -0.099700927734375
-0.0393905639648437 -0.0338592529296875 0.070526123046875 -0.249786376953125
-0.0207633972167969 -0.0672073364257812 -0.1451416015625 0.198211669921875
-0.0632247924804687 -0.0769500732421875 -0.37542724609375 0.005462646484375
-0.054290771484375 -0.0539131164550781 -0.40960693359375 -0.30023193359375
-0.00627040863037109 0.0155782699584961 -0.0166015625 -0.5791015625
0.012847900390625 0.0675811767578125 0.6241455078125 -0.35089111328125
-0.00570869445800782 0.0263767242431641 0.77423095703125 0.30609130859375
0.0284194946289063 -0.0533103942871094 0.259857177734375 0.526519775390625
0.0597991943359375 -0.0868148803710938 0.0739669799804688 -0.0671005249023437
0.0208091735839844 -0.0466079711914063 -0.2813720703125 -0.60052490234375
0.0322151184082031 0.0172348022460938 -0.76361083984375 -0.12335205078125
0.0388984680175781 0.0435104370117188 -0.3612060546875 0.6116943359375
-0.00148391723632812 0.0201225280761719 0.27935791015625 0.5902099609375
-0.05242919921875 -0.0169410705566406 0.45928955078125 0.26788330078125
-0.0834121704101563 -0.0388031005859375 0.3046875 -0.086669921875
-0.0453109741210937 -0.0501289367675781 0.0718536376953125 -0.249481201171875
-0.0219497680664062 -0.0759201049804688 -0.138381958007813 0.20458984375
-0.0854110717773438 -0.08154296875 -0.368499755859375 0.03021240234375
-0.0762939453125 -0.04132080078125 -0.421844482421875 -0.27789306640625
-0.00500679016113281 0.0297050476074219 -0.0711669921875 -0.5926513671875
0.031463623046875 0.0755767822265625 0.56085205078125 -0.422332763671875
0.0153884887695313 0.0305690765380859 0.76678466796875 0.2232666015625
0.0337638854980469 -0.0589942932128906 0.277099609375 0.5140380859375
0.066802978515625 -0.0975799560546875 0.061798095703125 -0.0369491577148438
0.0340194702148438 -0.0534591674804688 -0.2568359375 -0.61810302734375
0.046051025390625 0.0231285095214844 -0.78204345703125 -0.19671630859375
0.048248291015625 0.0578651428222656 -0.443603515625 0.572021484375
-0.00649070739746094 0.0325546264648437 0.21710205078125 0.6051025390625
-0.0726852416992188 -0.0243072509765625 0.439056396484375 0.289886474609375
-0.0997543334960938 -0.060302734375 0.309814453125 -0.072662353515625
-0.0442237854003906 -0.0629501342773438 0.0760498046875 -0.249176025390625
0.0268440246582031 0.0317096710205078 -0.128067016601563 0.204803466796875
0.09344482421875 0.0506591796875 -0.33111572265625 0.024932861328125
0.111427307128906 -0.0153579711914063 -0.407257080078125 -0.31927490234375
0.0381355285644531 -0.0424003601074219 -0.08184814453125 -0.62347412109375
-0.0532417297363281 -0.024627685546875 0.546295166015625 -0.4146728515625
-0.105003356933594 -0.0331268310546875 0.7274169921875 0.245849609375
-0.0370559692382813 0.00272369384765625 0.254180908203125 0.53399658203125
-0.00736427307128906 0.0196647644042969 0.0553169250488281 -0.025299072265625
-0.0451622009277344 -0.00625228881835938 -0.28289794921875 -0.58624267578125
-0.0786361694335938 -0.0320587158203125 -0.8043212890625 -0.154296875
-0.056427001953125 -0.0258560180664063 -0.45086669921875 0.58551025390625
0.0174331665039063 -0.0447044372558594 0.20269775390625 0.5740966796875
0.0994644165039063 -0.00879669189453125 0.433349609375 0.236724853515625
0.0729827880859375 0.0492630004882813 0.315765380859375 -0.091033935546875
0.0243606567382812 0.0302410125732422 0.077972412109375 -0.248336791992188
0.0161247253417969 0.0282554626464844 -0.134384155273438 0.199539184570313
0.08087158203125 0.056365966796875 -0.33819580078125 0.00692749023437495
0.111228942871094 -0.00595855712890625 -0.390106201171875 -0.329864501953125
0.0474472045898437 -0.0384941101074219 -0.0213623046875 -0.6064453125
-0.0439720153808594 -0.0256805419921875 0.60546875 -0.34783935546875
-0.0987472534179687 -0.0404510498046875 0.74005126953125 0.315673828125
-0.0372161865234375 -0.00379943847656249 0.23919677734375 0.541717529296875
-0.00614166259765625 0.0104913711547852 0.0647659301757813 -0.0526008605957031
-0.0443153381347656 -0.00498199462890624 -0.29803466796875 -0.5743408203125
-0.0777130126953125 -0.0186309814453125 -0.77581787109375 -0.08917236328125
-0.0564422607421875 -0.0156288146972656 -0.36517333984375 0.62054443359375
0.0051422119140625 -0.0441322326660156 0.263427734375 0.56768798828125
0.0866546630859375 -0.0231170654296875 0.4459228515625 0.225189208984375
0.0659255981445313 0.0351028442382813 0.306732177734375 -0.1007080078125
0.0171794891357422 0.0234699249267578 0.071197509765625 -0.25042724609375
0.00356578826904297 0.0139484405517578 -0.141448974609375 0.197265625
0.0554618835449219 0.0429229736328125 -0.34783935546875 -0.00836181640625007
0.092254638671875 -0.0028076171875 -0.385040283203125 -0.34063720703125
0.0449142456054688 -0.0278778076171875 0.01971435546875 -0.58612060546875
-0.0338706970214844 -0.0174636840820313 0.64990234375 -0.288818359375
-0.084075927734375 -0.03875732421875 0.74658203125 0.37298583984375
-0.0274124145507813 -0.0113315582275391 0.231536865234375 0.544342041015625
0.0034019947052002 -0.00324058532714844 0.0764083862304688 -0.076995849609375
-0.0369720458984375 -0.007659912109375 -0.30712890625 -0.565185546875
-0.0637664794921875 -0.00402450561523438 -0.75006103515625 -0.04632568359375
-0.0466957092285156 -0.00143814086914063 -0.3009033203125 0.63623046875
-0.0027008056640625 -0.0378189086914063 0.31280517578125 0.5565185546875
0.0597343444824219 -0.0303230285644531 0.459686279296875 0.217498779296875
0.0447235107421875 0.020263671875 0.3016357421875 -0.110107421875
0.00477218627929688 0.0129537582397461 0.0688018798828125 -0.251480102539063
-0.00707340240478516 -0.00660467147827148 -0.144927978515625 0.195159912109375
0.0271377563476563 0.0166187286376953 -0.358306884765625 -0.021209716796875
0.0586395263671875 -0.0173416137695313 -0.38580322265625 -0.34234619140625
0.0351791381835938 -0.0183906555175781 0.03765869140625 -0.57000732421875
-0.0235919952392578 0.00255775451660156 0.67169189453125 -0.2579345703125
-0.0671119689941406 -0.0251846313476562 0.7552490234375 0.40228271484375
-0.0152187347412109 -0.0222949981689453 0.229278564453125 0.5460205078125
0.0150279998779297 -0.0232658386230469 0.0802536010742188 -0.093505859375
-0.0250244140625 -0.0144557952880859 -0.313720703125 -0.56512451171875
-0.0427474975585938 0.00551605224609375 -0.73455810546875 -0.02655029296875
-0.0265769958496094 0.0100593566894531 -0.26202392578125 0.6424560546875
-0.00534629821777343 -0.0263290405273438 0.341461181640625 0.549896240234375
0.0311813354492187 -0.0310573577880859 0.469879150390625 0.215911865234375
0.0129432678222656 0.00633907318115234 0.298126220703125 -0.111297607421875
-0.0108203887939453 -0.0023040771484375 0.06622314453125 -0.251708984375
-0.0117397308349609 -0.0319805145263672 -0.143951416015625 0.192657470703125
-0.00248146057128906 -0.0175018310546875 -0.365142822265625 -0.022430419921875
0.0187034606933594 -0.0363731384277344 -0.39068603515625 -0.33349609375
0.0189781188964844 -0.00902366638183594 0.036376953125 -0.561553955078125
-0.0138587951660156 0.0259342193603516 0.67620849609375 -0.2567138671875
-0.0471000671386719 -0.00684356689453126 0.76177978515625 0.40032958984375
0.000253677368164066 -0.0340080261230469 0.234954833984375 0.540191650390625
0.0288124084472656 -0.0451812744140625 0.0811309814453125 -0.097076416015625
-0.0108470916748047 -0.0255088806152344 -0.313720703125 -0.56793212890625
-0.0142889022827148 0.00937747955322265 -0.73480224609375 -0.0297851562500001
-0.00230026245117187 0.0193729400634766 -0.258544921875 0.63726806640625
-0.00414562225341797 -0.010798454284668 0.34674072265625 0.55218505859375
0.00237274169921875 -0.0254898071289063 0.47113037109375 0.223602294921875
-0.0226535797119141 -0.0056304931640625 0.295654296875 -0.11090087890625
-0.0259361267089844 -0.0180702209472656 0.066619873046875 -0.250885009765625
-0.0188789367675781 -0.0524177551269531 -0.144271850585938 0.19464111328125
-0.03436279296875 -0.0511474609375 -0.370849609375 -0.011505126953125
-0.0210723876953125 -0.0519447326660156 -0.400787353515625 -0.317169189453125
0.00256800651550293 0.00163745880126953 0.0178527832031251 -0.56219482421875
-0.00286102294921875 0.0491142272949219 0.65692138671875 -0.2926025390625
-0.0266780853271484 0.0118446350097656 0.76959228515625 0.36297607421875
0.0152091979980469 -0.0445175170898438 0.2479248046875 0.5303955078125
0.0438575744628906 -0.0668106079101563 0.0777511596679688 -0.0872879028320312
0.00517654418945313 -0.0369377136230469 -0.3031005859375 -0.57781982421875
0.0115833282470703 0.0113468170166016 -0.73980712890625 -0.0615844726562498
0.0208473205566406 0.0288639068603516 -0.28955078125 0.62933349609375
-0.00130844116210938 0.00362896919250488 0.32659912109375 0.56451416015625
-0.0259552001953125 -0.0195159912109375 0.46868896484375 0.23883056640625
-0.0555381774902344 -0.0191993713378906 0.29693603515625 -0.102691650390625
-0.0392074584960938 -0.0338172912597656 0.0666656494140625 -0.249374389648438
-0.0215911865234375 -0.0667076110839844 -0.141738891601562 0.199310302734375
-0.0646438598632813 -0.0745315551757813 -0.3707275390625 0.00982666015624999
-0.0562057495117188 -0.0543899536132812 -0.408294677734375 -0.2908935546875
-0.00652217864990235 0.0160417556762695 -0.0216064453125001 -0.571044921875
0.0137557983398438 0.0686302185058594 0.615966796875 -0.353271484375
-0.00512123107910156 0.0264835357666016 0.771240234375 0.2958984375
0.027801513671875 -0.0535736083984375 0.261383056640625 0.51904296875
0.0584259033203125 -0.0857009887695313 0.0707626342773438 -0.0672378540039063
0.0215530395507812 -0.0456161499023438 -0.283203125 -0.5909423828125
0.0333499908447266 0.0164852142333984 -0.752685546875 -0.1138916015625
0.0392684936523438 0.0428848266601563 -0.35107421875 0.6068115234375
-0.0021820068359375 0.0200443267822266 0.281494140625 0.579345703125
-0.0515937805175781 -0.0171165466308594 0.45599365234375 0.259765625
-0.0836563110351563 -0.0379867553710938 0.301025390625 -0.089141845703125
-0.0471878051757812 -0.0486259460449219 0.067901611328125 -0.249008178710938
-0.023681640625 -0.073211669921875 -0.134567260742188 0.205535888671875
-0.0862197875976562 -0.0803375244140625 -0.3651123046875 0.0347290039062501
-0.0770111083984375 -0.0395965576171875 -0.420562744140625 -0.2679443359375
-0.00433540344238281 0.0314922332763672 -0.07720947265625 -0.58319091796875
0.031158447265625 0.0758056640625 0.5509033203125 -0.4219970703125
0.0136280059814453 0.0303688049316406 0.7615966796875 0.21282958984375
0.0350799560546875 -0.0600128173828125 0.2786865234375 0.503204345703125
0.0660858154296875 -0.09698486328125 0.0590057373046875 -0.0380401611328125
0.0345382690429688 -0.0546226501464844 -0.25860595703125 -0.605224609375
0.0458335876464844 0.021148681640625 -0.77569580078125 -0.18756103515625
0.0482101440429688 0.0571937561035156 -0.4342041015625 0.56988525390625
-0.00627326965332031 0.0321559906005859 0.22076416015625 0.59619140625
-0.074249267578125 -0.0231094360351563 0.43780517578125 0.28082275390625
-0.100662231445313 -0.0588455200195312 0.306121826171875 -0.07427978515625
-0.0453338623046875 -0.0622291564941406 0.072540283203125 -0.24884033203125
0.0260524749755859 0.0314579010009766 -0.125106811523437 0.204879760742188
0.0931396484375 0.0482940673828125 -0.328155517578125 0.0281066894531249
0.111358642578125 -0.0167694091796875 -0.405120849609375 -0.30999755859375
0.0376777648925781 -0.0424346923828125 -0.0858154296875 -0.615478515625
-0.0531349182128906 -0.0228080749511719 0.536376953125 -0.411773681640625
-0.103424072265625 -0.0317611694335937 0.72113037109375 0.2373046875
-0.0377159118652344 0.00280761718750001 0.2537841796875 0.52520751953125
-0.00684928894042969 0.0190505981445313 0.0532875061035156 -0.0252532958984375
-0.0436248779296875 -0.00378036499023437 -0.28179931640625 -0.57733154296875
-0.0784988403320313 -0.0299301147460938 -0.79498291015625 -0.1455078125
-0.0559463500976563 -0.0257797241210938 -0.4384765625 0.58056640625
0.0162086486816406 -0.044647216796875 0.20660400390625 0.56463623046875
0.099578857421875 -0.0093231201171875 0.42816162109375 0.229766845703125
0.073272705078125 0.0473709106445313 0.31085205078125 -0.093994140625
0.0249137878417969 0.0291061401367187 0.0746307373046875 -0.247695922851562
0.0148258209228516 0.0266838073730469 -0.1318359375 0.201324462890625
0.0814208984375 0.0563888549804688 -0.335601806640625 0.01202392578125
0.109634399414063 -0.0045928955078125 -0.389739990234375 -0.32269287109375
0.0454750061035156 -0.0395317077636719 -0.0244750976562499 -0.596435546875
-0.0448951721191406 -0.0262374877929687 0.59808349609375 -0.34869384765625
-0.0979461669921875 -0.0391845703125 0.734619140625 0.30767822265625
-0.0348091125488281 -0.00312614440917969 0.241607666015625 0.53375244140625
-0.0058135986328125 0.0117015838623047 0.0633811950683594 -0.0527076721191406
-0.0426826477050781 -0.00386810302734375 -0.29644775390625 -0.56536865234375
-0.0767364501953125 -0.0176010131835938 -0.76629638671875 -0.0830078125
-0.0566749572753906 -0.0146980285644531 -0.35723876953125 0.61419677734375
0.00403594970703125 -0.0440406799316406 0.2655029296875 0.558380126953125
0.082550048828125 -0.0245285034179688 0.441192626953125 0.218475341796875
0.0652084350585938 0.0353736877441406 0.302459716796875 -0.10418701171875
0.0170364379882813 0.0235595703125 0.0691680908203125 -0.249069213867188
0.00390434265136719 0.0133781433105469 -0.139511108398437 0.197616577148438
0.0558052062988281 0.0424919128417969 -0.3446044921875 -0.00579833984375003
0.0916595458984375 -0.0048980712890625 -0.384735107421875 -0.333038330078125
0.0448951721191406 -0.0285606384277344 0.0152587890625 -0.5770263671875
-0.0326499938964844 -0.0152378082275391 0.6412353515625 -0.29095458984375
-0.083251953125 -0.0362319946289062 0.73724365234375 0.3619384765625
-0.0280990600585938 -0.0121746063232422 0.23095703125 0.53887939453125
0.00348186492919922 -0.0028080940246582 0.0727310180664063 -0.0772247314453125
-0.0356674194335937 -0.00705718994140625 -0.306884765625 -0.5552978515625
-0.0642814636230469 -0.00304412841796874 -0.74127197265625 -0.0406494140625
-0.0468597412109375 -0.00235748291015625 -0.29132080078125 0.63043212890625
-0.005523681640625 -0.0363540649414063 0.3134765625 0.54693603515625
0.0590744018554688 -0.0318870544433594 0.455322265625 0.211029052734375
0.0431327819824219 0.0195350646972656 0.297882080078125 -0.11102294921875
0.00502204895019531 0.00986289978027344 0.0655059814453125 -0.251312255859375
-0.00799179077148438 -0.00713729858398438 -0.140396118164063 0.196121215820312
0.0278301239013672 0.0161991119384766 -0.352996826171875 -0.0172119140625
0.0577926635742188 -0.0179595947265625 -0.3837890625 -0.332733154296875
0.035369873046875 -0.0192756652832031 0.033111572265625 -0.5614013671875
-0.0228385925292969 0.00207138061523437 0.6612548828125 -0.25787353515625
-0.067138671875 -0.0252265930175781 0.74951171875 0.39337158203125
-0.0141353607177734 -0.0224800109863281 0.23175048828125 0.536590576171875
0.0146732330322266 -0.0223102569580078 0.0786666870117188 -0.0937423706054688
-0.0244541168212891 -0.0128993988037109 -0.313720703125 -0.555328369140625
-0.0407485961914063 0.00418472290039063 -0.7254638671875 -0.0221557617187501
-0.0273323059082031 0.00974464416503906 -0.25384521484375 0.63525390625
-0.00599479675292969 -0.0255870819091797 0.342620849609375 0.54052734375
0.0299892425537109 -0.0306167602539063 0.4664306640625 0.20770263671875
0.0127840042114258 0.00656414031982422 0.292266845703125 -0.113677978515625
-0.0109720230102539 -0.00273036956787109 0.0634765625 -0.250808715820313
-0.0123805999755859 -0.0318946838378906 -0.14007568359375 0.19232177734375
-0.00336074829101562 -0.0172958374023438 -0.361175537109375 -0.0175476074218749
0.0197067260742188 -0.0362281799316406 -0.389801025390625 -0.32476806640625
0.0186252593994141 -0.00840377807617188 0.0316162109375 -0.554931640625
-0.0132865905761719 0.0261135101318359 0.66607666015625 -0.25836181640625
-0.0471572875976563 -0.00614547729492187 0.75750732421875 0.389892578125
-0.000131607055664061 -0.0332603454589844 0.236419677734375 0.532989501953125
0.0280303955078125 -0.0456695556640625 0.0783920288085938 -0.0967178344726563
-0.009674072265625 -0.0250873565673828 -0.313323974609375 -0.558624267578125
-0.0127220153808594 0.00853824615478516 -0.72467041015625 -0.0249633789062499
-0.00109672546386719 0.0187530517578125 -0.2501220703125 0.63238525390625
-0.00470733642578125 -0.0111551284790039 0.34698486328125 0.5421142578125
0.00128936767578125 -0.0245895385742187 0.46929931640625 0.217529296875
-0.0225601196289063 -0.00533103942871094 0.2919921875 -0.11358642578125
-0.0258426666259766 -0.0181732177734375 0.0635833740234375 -0.249893188476562
-0.0186958312988281 -0.051910400390625 -0.140594482421875 0.195098876953125
-0.0331878662109375 -0.0506782531738281 -0.36627197265625 -0.00665283203124996
-0.0199546813964844 -0.0512237548828125 -0.398345947265625 -0.30877685546875
0.00255227088928223 0.0023343563079834 0.01226806640625 -0.55633544921875
-0.00160598754882813 0.0484695434570312 0.646728515625 -0.29473876953125
-0.0259952545166016 0.0120792388916016 0.76373291015625 0.35223388671875
0.0144577026367188 -0.0441703796386719 0.247711181640625 0.522857666015625
0.0425529479980469 -0.0674591064453125 0.0754241943359375 -0.0882492065429687
0.00525283813476563 -0.0361862182617188 -0.3038330078125 -0.56927490234375
0.0129079818725586 0.012176513671875 -0.7293701171875 -0.0556640624999999
0.0215167999267578 0.0281867980957031 -0.2808837890625 0.62384033203125
-0.00123882293701172 0.00496768951416016 0.327850341796875 0.555572509765625
-0.0261631011962891 -0.0181427001953125 0.46466064453125 0.231353759765625
-0.054931640625 -0.0185356140136719 0.29315185546875 -0.10540771484375
-0.03973388671875 -0.0328292846679688 0.0642547607421875 -0.248336791992187
-0.0216445922851563 -0.0667076110839844 -0.13775634765625 0.202178955078125
-0.0641937255859375 -0.0729293823242188 -0.366058349609375 0.014923095703125
-0.05645751953125 -0.0518608093261719 -0.406951904296875 -0.284423828125
-0.00539398193359375 0.0169143676757813 -0.02423095703125 -0.5645751953125
0.0134429931640625 0.06671142578125 0.60650634765625 -0.35272216796875
-0.00456619262695313 0.0244998931884766 0.763671875 0.2886962890625
0.0262832641601562 -0.0531196594238281 0.26214599609375 0.511505126953125
0.0561981201171875 -0.0857162475585938 0.0693321228027344 -0.0672836303710937
0.021087646484375 -0.0472526550292969 -0.28363037109375 -0.5823974609375
0.0345230102539063 0.0169296264648438 -0.74505615234375 -0.10760498046875
0.0396728515625 0.0419235229492188 -0.341552734375 0.6029052734375
-0.000890731811523436 0.0206871032714844 0.28509521484375 0.57232666015625
-0.0523185729980469 -0.0157203674316406 0.453826904296875 0.251861572265625
-0.0833358764648438 -0.0367584228515625 0.296478271484375 -0.09228515625
-0.0465660095214844 -0.0473403930664063 0.0662078857421875 -0.24847412109375
-0.0244293212890625 -0.0736770629882813 -0.130538940429687 0.206771850585938
-0.08563232421875 -0.0779495239257812 -0.3603515625 0.03997802734375
-0.0760879516601563 -0.0381927490234375 -0.41705322265625 -0.259796142578125
-0.00414657592773438 0.0297470092773438 -0.08038330078125 -0.57647705078125
0.0328140258789063 0.074859619140625 0.541717529296875 -0.42071533203125
0.0149154663085938 0.0291061401367188 0.75225830078125 0.207275390625
0.0326805114746094 -0.0600929260253906 0.277587890625 0.49652099609375
0.064300537109375 -0.0965805053710938 0.0588150024414063 -0.0377311706542969
0.0335350036621094 -0.0538597106933594 -0.260498046875 -0.59661865234375
0.0464019775390625 0.02044677734375 -0.764892578125 -0.179931640625
0.0495223999023438 0.0559806823730469 -0.42333984375 0.56689453125
-0.00618934631347656 0.0335674285888672 0.22296142578125 0.5860595703125
-0.072998046875 -0.0210113525390625 0.434783935546875 0.274566650390625
-0.101234436035156 -0.0564193725585938 0.301849365234375 -0.076812744140625
-0.046173095703125 -0.0610237121582031 0.0699615478515625 -0.246994018554688
0.0273094177246094 0.0313262939453125 -0.1234130859375 0.204483032226563
0.0935134887695313 0.048919677734375 -0.324462890625 0.03173828125
0.111381530761719 -0.0179367065429688 -0.4014892578125 -0.303070068359375
0.0366172790527344 -0.0439682006835938 -0.0882568359375 -0.60736083984375
-0.052032470703125 -0.0230216979980469 0.528594970703125 -0.410186767578125
-0.102912902832031 -0.0311279296875 0.7152099609375 0.233642578125
-0.0378837585449219 0.00428009033203125 0.2528076171875 0.518310546875
-0.00781631469726563 0.0201587677001953 0.0510025024414062 -0.0234718322753906
-0.0435752868652344 -0.0043487548828125 -0.2811279296875 -0.5679931640625
-0.0778045654296875 -0.0286636352539063 -0.78564453125 -0.14227294921875
-0.0550346374511719 -0.0242118835449219 -0.43115234375 0.57794189453125
0.0156211853027344 -0.0440788269042969 0.206634521484375 0.558013916015625
0.0975875854492188 -0.009979248046875 0.427093505859375 0.224365234375
0.0730743408203125 0.0470046997070312 0.307281494140625 -0.094757080078125
0.0248069763183594 0.0294570922851562 0.0722503662109375 -0.24658203125
0.0159473419189453 0.027740478515625 -0.12884521484375 0.202163696289063
0.0821685791015625 0.0551834106445313 -0.3311767578125 0.01397705078125
0.10986328125 -0.007843017578125 -0.385101318359375 -0.3133544921875
0.0446929931640625 -0.038818359375 -0.0279541015625 -0.58984375
-0.0444145202636719 -0.0249519348144531 0.5892333984375 -0.34857177734375
-0.09747314453125 -0.0379257202148437 0.72705078125 0.3011474609375
-0.0361900329589844 -0.0019683837890625 0.2393798828125 0.529022216796875
-0.00443267822265625 0.0126218795776367 0.0632286071777344 -0.0520782470703125
-0.0422248840332031 -0.00286102294921875 -0.296630859375 -0.55633544921875
-0.0763015747070313 -0.015625 -0.7568359375 -0.0803222656250001
-0.055206298828125 -0.0139923095703125 -0.34857177734375 0.60888671875
0.00333404541015625 -0.0432167053222656 0.26507568359375 0.550262451171875
0.0833587646484375 -0.0233230590820312 0.43939208984375 0.2138671875
0.066650390625 0.0343894958496094 0.298095703125 -0.105224609375
0.0168933868408203 0.0220623016357422 0.0656890869140625 -0.247909545898438
0.00445938110351562 0.0141201019287109 -0.135940551757813 0.2003173828125
0.0569877624511719 0.043182373046875 -0.34039306640625 -0.00119018554687495
0.0911178588867188 -0.00696563720703125 -0.380889892578125 -0.324462890625
0.0434150695800781 -0.0289802551269531 0.01116943359375 -0.571044921875
-0.0334053039550781 -0.0159282684326172 0.63116455078125 -0.28985595703125
-0.0837631225585938 -0.0352554321289062 0.7315673828125 0.35784912109375
-0.0282840728759766 -0.0117778778076172 0.230438232421875 0.53155517578125
0.00299739837646484 -0.00323104858398438 0.0707244873046875 -0.0750656127929688
-0.0353240966796875 -0.00666809082031249 -0.30523681640625 -0.5501708984375
-0.0620498657226563 -0.00261306762695313 -0.7340087890625 -0.0384521484375
-0.0456085205078125 -0.000679016113281253 -0.28515625 0.626953125
-0.00365829467773438 -0.0363883972167969 0.31243896484375 0.538299560546875
0.059173583984375 -0.0306854248046875 0.45220947265625 0.206329345703125
0.0423851013183594 0.0186424255371094 0.29376220703125 -0.113372802734375
0.00452041625976563 0.0112533569335938 0.062591552734375 -0.2501220703125
-0.00838375091552734 -0.0076594352722168 -0.138748168945313 0.197067260742187
0.0276260375976563 0.0147228240966797 -0.3480224609375 -0.01287841796875
0.057159423828125 -0.0177421569824219 -0.382720947265625 -0.3250732421875
0.0345630645751953 -0.0199203491210938 0.0297851562500001 -0.557769775390625
-0.0228233337402344 0.00240325927734375 0.65362548828125 -0.25823974609375
-0.0653305053710938 -0.0242195129394531 0.7420654296875 0.385986328125
-0.0146923065185547 -0.0217151641845703 0.23040771484375 0.531219482421875
0.0142459869384766 -0.0220050811767578 0.0774459838867188 -0.0913543701171875
-0.0234127044677734 -0.0129413604736328 -0.312530517578125 -0.54901123046875
-0.0391654968261719 0.00573348999023438 -0.7178955078125 -0.0172119140624999
-0.0268783569335938 0.00922966003417968 -0.24664306640625 0.62841796875
-0.00826454162597656 -0.0244693756103516 0.34173583984375 0.532928466796875
0.0290241241455078 -0.0297355651855469 0.462646484375 0.203948974609375
0.0121707916259766 0.00689792633056641 0.289703369140625 -0.11474609375
-0.0099334716796875 -0.0029611587524414 0.0598602294921875 -0.24969482421875
-0.0131435394287109 -0.0308628082275391 -0.137237548828125 0.193572998046875
-0.00271987915039063 -0.0165491104125977 -0.357666015625 -0.014923095703125
0.0187339782714844 -0.036651611328125 -0.386474609375 -0.31866455078125
0.0185642242431641 -0.00868034362792969 0.02813720703125 -0.548736572265625
-0.0139083862304688 0.0260753631591797 0.65887451171875 -0.25775146484375
-0.0460357666015625 -0.00553894042968749 0.75 0.3841552734375
-0.000268936157226562 -0.0327072143554688 0.234039306640625 0.525726318359375
0.0269393920898438 -0.0448455810546875 0.0764846801757812 -0.0958786010742188
-0.00996971130371094 -0.0248165130615234 -0.3111572265625 -0.550384521484375
-0.0129375457763672 0.00913238525390625 -0.71551513671875 -0.0222778320312499
-0.00153541564941406 0.0195064544677734 -0.2445068359375 0.62591552734375
-0.00532817840576172 -0.00987052917480469 0.346405029296875 0.5345458984375
0.00207901000976562 -0.0240345001220703 0.465606689453125 0.211273193359375
-0.0223598480224609 -0.005096435546875 0.2872314453125 -0.11328125
-0.0260868072509766 -0.0182418823242188 0.06060791015625 -0.24835205078125
-0.0182266235351563 -0.0511589050292969 -0.13848876953125 0.194671630859375
-0.0326461791992187 -0.0494880676269531 -0.361602783203125 -0.00350952148437508
-0.0208053588867188 -0.0514717102050781 -0.39544677734375 -0.30078125
0.00268435478210449 0.00178623199462891 0.00961303710937497 -0.55169677734375
-0.000606536865234375 0.0487785339355469 0.63934326171875 -0.293212890625
-0.0257682800292969 0.0106525421142578 0.75799560546875 0.3455810546875
0.014862060546875 -0.0440559387207031 0.24505615234375 0.517181396484375
0.0411529541015625 -0.0661849975585938 0.073150634765625 -0.0863037109375
0.00590896606445312 -0.0365791320800781 -0.30096435546875 -0.5587158203125
0.0119943618774414 0.0111789703369141 -0.721435546875 -0.0527954101562501
0.0225658416748047 0.0294876098632813 -0.27410888671875 0.617919921875
-0.00186586380004883 0.0047612190246582 0.327484130859375 0.546173095703125
-0.0256328582763672 -0.017364501953125 0.46173095703125 0.226837158203125
-0.0550537109375 -0.0175247192382813 0.288787841796875 -0.106231689453125
-0.0397567749023437 -0.0322952270507813 0.0610809326171875 -0.246597290039062
-0.0222816467285156 -0.0649986267089844 -0.134231567382813 0.201187133789063
-0.064971923828125 -0.0719070434570313 -0.3619384765625 0.0160217285156249
-0.0554733276367188 -0.0516319274902344 -0.402099609375 -0.277191162109375
-0.00730228424072265 0.0158615112304687 -0.0269775390625 -0.558502197265625
0.0145645141601562 0.0661964416503906 0.59686279296875 -0.35235595703125
-0.00284576416015625 0.0228996276855469 0.759033203125 0.28167724609375
0.0256690979003906 -0.0531730651855469 0.260223388671875 0.505401611328125
0.0547027587890625 -0.0863037109375 0.0667800903320312 -0.0665702819824219
0.0217552185058594 -0.0461311340332031 -0.2830810546875 -0.5738525390625
0.0340805053710938 0.0159435272216797 -0.73626708984375 -0.10345458984375
0.0407752990722656 0.0409660339355469 -0.336669921875 0.59661865234375
-0.00160789489746094 0.0217742919921875 0.28509521484375 0.5633544921875
-0.0521316528320313 -0.0152854919433594 0.450531005859375 0.248321533203125
-0.0827407836914063 -0.0344924926757813 0.294158935546875 -0.093902587890625
-0.0470237731933594 -0.0474128723144531 0.0624237060546875 -0.245880126953125
-0.0255279541015625 -0.0733642578125 -0.128341674804687 0.20654296875
-0.0857009887695312 -0.0767364501953125 -0.3564453125 0.040924072265625
-0.0745849609375 -0.0378952026367188 -0.41400146484375 -0.2537841796875
-0.00394821166992188 0.0297183990478516 -0.0817871093749999 -0.56939697265625
0.0331192016601563 0.0733566284179688 0.53497314453125 -0.418975830078125
0.0144119262695313 0.0285606384277344 0.74609375 0.201416015625
0.0314216613769531 -0.0594329833984375 0.277191162109375 0.490936279296875
0.062713623046875 -0.094970703125 0.0565109252929688 -0.0368728637695313
0.0345001220703125 -0.0529518127441406 -0.25604248046875 -0.58837890625
0.0475883483886719 0.0195083618164063 -0.75628662109375 -0.17584228515625
0.0493736267089844 0.0550537109375 -0.416351318359375 0.561004638671875
-0.00593757629394532 0.0317420959472656 0.2235107421875 0.57818603515625
-0.0732269287109375 -0.0212249755859375 0.430999755859375 0.2694091796875
-0.101303100585938 -0.054840087890625 0.298675537109375 -0.079193115234375
-0.0467643737792969 -0.0606536865234375 0.066864013671875 -0.245437622070313
0.0270938873291016 0.0314311981201172 -0.120819091796875 0.204513549804687
0.0953521728515625 0.0469131469726563 -0.3189697265625 0.0333251953125
0.110466003417969 -0.0177536010742187 -0.399261474609375 -0.297271728515625
0.0353355407714844 -0.0436019897460937 -0.08819580078125 -0.5989990234375
-0.0526275634765625 -0.0217857360839844 0.52239990234375 -0.407073974609375
-0.102119445800781 -0.0300750732421875 0.7081298828125 0.22845458984375
-0.0373039245605469 0.00420761108398437 0.2506103515625 0.513214111328125
-0.00769233703613281 0.0206069946289063 0.0509223937988281 -0.0234756469726562
-0.0430183410644531 -0.00253677368164063 -0.2791748046875 -0.561370849609375
-0.0765762329101563 -0.0285797119140625 -0.777587890625 -0.13812255859375
-0.0543594360351563 -0.0252113342285156 -0.42449951171875 0.57049560546875
0.015228271484375 -0.0442886352539063 0.20703125 0.55145263671875
0.0972061157226563 -0.0101165771484375 0.42193603515625 0.218231201171875
0.07421875 0.0466690063476563 0.303497314453125 -0.095367431640625
0.0237045288085938 0.0286045074462891 0.069610595703125 -0.245513916015625
0.0185508728027344 0.0263233184814453 -0.125564575195313 0.201370239257813
0.0816726684570313 0.052978515625 -0.3265380859375 0.015777587890625
0.108612060546875 -0.007843017578125 -0.383575439453125 -0.308502197265625
0.0454940795898438 -0.0388946533203125 -0.02978515625 -0.5836181640625
-0.0445175170898438 -0.0249290466308594 0.5836181640625 -0.34442138671875
-0.0965194702148438 -0.0362930297851563 0.7205810546875 0.29718017578125
-0.0357017517089844 -0.00173568725585938 0.237823486328125 0.522186279296875
-0.0061178207397461 0.013066291809082 0.0607223510742188 -0.0514602661132813
-0.0421829223632813 -0.00347137451171876 -0.291656494140625 -0.549835205078125
-0.0744171142578125 -0.0160369873046875 -0.74725341796875 -0.0780029296875001
-0.0548324584960938 -0.0139656066894531 -0.3450927734375 0.601806640625
0.0027313232421875 -0.043914794921875 0.263916015625 0.54412841796875
0.0812911987304687 -0.0235137939453125 0.43505859375 0.210693359375
0.0647048950195313 0.0342178344726563 0.29638671875 -0.105072021484375
0.0177097320556641 0.0226497650146484 0.0641632080078125 -0.246002197265625
0.00421714782714844 0.0130290985107422 -0.133010864257812 0.199188232421875
0.0559806823730469 0.0416450500488281 -0.335662841796875 0.000305175781250004
0.0896759033203125 -0.00818634033203125 -0.37908935546875 -0.319122314453125
0.042236328125 -0.0278892517089844 0.0111083984374999 -0.5654296875
-0.0325851440429687 -0.0154647827148438 0.6258544921875 -0.28692626953125
-0.0838851928710938 -0.035003662109375 0.72662353515625 0.3515625
-0.027252197265625 -0.00991630554199219 0.2279052734375 0.522430419921875
0.00353193283081055 -0.00213265419006348 0.0697479248046875 -0.0754776000976562
-0.0352287292480469 -0.00461196899414062 -0.30279541015625 -0.54144287109375
-0.0612335205078125 -0.00197601318359374 -0.7255859375 -0.03564453125
-0.0455818176269531 -0.00143432617187499 -0.2801513671875 0.61810302734375
-0.00449943542480469 -0.0348110198974609 0.31109619140625 0.53253173828125
0.0566940307617188 -0.0314826965332031 0.448150634765625 0.2015380859375
0.0431098937988281 0.0189361572265625 0.29071044921875 -0.113494873046875
0.00532817840576172 0.010711669921875 0.060882568359375 -0.248123168945313
-0.00700044631958008 -0.00575971603393555 -0.1358642578125 0.196578979492187
0.0275230407714844 0.0155582427978516 -0.34674072265625 -0.0106506347656249
0.0577239990234375 -0.01910400390625 -0.379180908203125 -0.320281982421875
0.0340099334716797 -0.0193939208984375 0.026885986328125 -0.5506591796875
-0.0221576690673828 0.00277328491210937 0.6475830078125 -0.2569580078125
-0.0658416748046875 -0.0234413146972656 0.73529052734375 0.38238525390625
-0.0154266357421875 -0.020660400390625 0.22802734375 0.524505615234375
0.0129547119140625 -0.0222587585449219 0.0738754272460938 -0.0910568237304688
-0.0218353271484375 -0.0133991241455078 -0.309906005859375 -0.539398193359375
-0.0392303466796875 0.00461196899414062 -0.70733642578125 -0.0166625976562501
-0.0262355804443359 0.00971984863281251 -0.24285888671875 0.62255859375
-0.0067291259765625 -0.0225276947021484 0.33978271484375 0.52557373046875
0.028900146484375 -0.0301742553710938 0.46002197265625 0.199951171875
0.0120859146118164 0.00656795501708984 0.2869873046875 -0.115631103515625
-0.0109243392944336 -0.00247573852539062 0.059356689453125 -0.248245239257813
-0.0125274658203125 -0.03076171875 -0.13531494140625 0.193222045898438
-0.00212192535400391 -0.0169172286987305 -0.352996826171875 -0.0136108398437499
0.0176010131835938 -0.0369491577148438 -0.384429931640625 -0.313507080078125
0.0174398422241211 -0.00830554962158203 0.0278930664062499 -0.541717529296875
-0.0130100250244141 0.0254688262939453 0.6510009765625 -0.25726318359375
-0.0461997985839844 -0.00613784790039063 0.74310302734375 0.37921142578125
-0.000728607177734373 -0.0319118499755859 0.231353759765625 0.518890380859375
0.0269317626953125 -0.0435867309570312 0.0744552612304687 -0.0940933227539063
-0.0091705322265625 -0.0238246917724609 -0.30865478515625 -0.543670654296875
-0.0111217498779297 0.00858783721923828 -0.70733642578125 -0.021484375
-0.000745773315429687 0.0188713073730469 -0.240478515625 0.61883544921875
-0.00502490997314453 -0.0105342864990234 0.34356689453125 0.52679443359375
0.00081443786621094 -0.0239906311035156 0.46112060546875 0.207733154296875
-0.0221138000488281 -0.00423622131347656 0.283935546875 -0.114837646484375
-0.0266742706298828 -0.0174674987792969 0.0587310791015625 -0.246932983398438
-0.0197525024414062 -0.0516891479492188 -0.134872436523438 0.196304321289063
-0.0335311889648437 -0.0493125915527344 -0.357177734375 -0.00143432617187498
-0.0208320617675781 -0.0510025024414063 -0.3914794921875 -0.29547119140625
0.00282955169677734 0.00255060195922852 0.00747680664062501 -0.5440673828125
-0.000850677490234371 0.0479202270507812 0.63153076171875 -0.29095458984375
-0.0253505706787109 0.0109119415283203 0.74920654296875 0.34027099609375
0.0149650573730469 -0.0432319641113281 0.243560791015625 0.510345458984375
0.0414505004882813 -0.0656242370605469 0.07177734375 -0.086639404296875
0.00626754760742187 -0.0361747741699219 -0.298126220703125 -0.55389404296875
0.0132074356079102 0.0105953216552734 -0.71331787109375 -0.0507812500000001
0.02288818359375 0.0285911560058594 -0.26727294921875 0.610595703125
-0.00121402740478516 0.00459194183349609 0.325103759765625 0.5389404296875
-0.0262870788574219 -0.0180397033691406 0.45831298828125 0.221588134765625
-0.054351806640625 -0.0171051025390625 0.28533935546875 -0.10650634765625
-0.0400962829589844 -0.0321617126464844 0.059356689453125 -0.245132446289063
-0.0223846435546875 -0.0648956298828125 -0.130905151367188 0.202438354492187
-0.063751220703125 -0.0714340209960938 -0.358673095703125 0.021453857421875
-0.0553627014160156 -0.0504608154296875 -0.4017333984375 -0.27325439453125
-0.00679206848144531 0.0157804489135742 -0.02996826171875 -0.550506591796875
0.0153770446777344 0.0664634704589844 0.5904541015625 -0.34820556640625
-0.0034637451171875 0.0237312316894531 0.750732421875 0.2777099609375
0.0251693725585937 -0.0530014038085938 0.256591796875 0.498382568359375
0.0538864135742187 -0.0847396850585938 0.0655632019042969 -0.0674209594726563
0.0211753845214844 -0.04681396484375 -0.28082275390625 -0.56805419921875
0.0348548889160156 0.0145702362060547 -0.7281494140625 -0.1029052734375
0.0404701232910156 0.0411300659179688 -0.32806396484375 0.5908203125
-0.00107383728027344 0.0206985473632813 0.283843994140625 0.5552978515625
-0.05194091796875 -0.0159683227539063 0.448272705078125 0.241790771484375
-0.0824050903320313 -0.0333175659179688 0.289154052734375 -0.093780517578125
-0.0469017028808594 -0.0470542907714844 0.060302734375 -0.244842529296875
-0.024566650390625 -0.0728912353515625 -0.125701904296875 0.206390380859375
-0.08642578125 -0.0741424560546875 -0.350067138671875 0.0449829101562499
-0.0760269165039062 -0.0383987426757813 -0.40972900390625 -0.248321533203125
-0.00449180603027343 0.0312519073486328 -0.0831298828125 -0.56256103515625
0.033355712890625 0.073822021484375 0.52703857421875 -0.417083740234375
0.0156631469726563 0.0279350280761719 0.736328125 0.1968994140625
0.0316848754882812 -0.0610847473144531 0.275238037109375 0.4857177734375
0.06146240234375 -0.0954742431640625 0.0554084777832031 -0.0368423461914063
0.0339927673339844 -0.0530204772949219 -0.2579345703125 -0.58221435546875
0.0492134094238281 0.0183372497558594 -0.74761962890625 -0.17193603515625
0.0506172180175781 0.0550689697265625 -0.41302490234375 0.553955078125
-0.00450706481933594 0.0336189270019531 0.2213134765625 0.57122802734375
-0.0721969604492188 -0.0181655883789062 0.427947998046875 0.262908935546875
-0.100067138671875 -0.05487060546875 0.296295166015625 -0.08013916015625
-0.0469512939453125 -0.0588302612304687 0.0654296875 -0.24407958984375
0.0273666381835938 0.0309600830078125 -0.119552612304687 0.204971313476563
0.0949554443359375 0.0465240478515625 -0.316436767578125 0.035308837890625
0.109024047851562 -0.0190200805664062 -0.39556884765625 -0.292388916015625
0.0362548828125 -0.0432052612304688 -0.08917236328125 -0.59295654296875
-0.0518836975097656 -0.0217552185058594 0.516387939453125 -0.40362548828125
-0.101760864257812 -0.0284423828125 0.70355224609375 0.2283935546875
-0.0383796691894531 0.00460052490234375 0.2470703125 0.50897216796875
-0.00795173645019531 0.0208988189697266 0.0498008728027344 -0.0225982666015625
-0.0421791076660156 -0.00266265869140625 -0.2760009765625 -0.55413818359375
-0.07550048828125 -0.0284271240234375 -0.76873779296875 -0.13818359375
-0.0546340942382813 -0.0243568420410156 -0.4188232421875 0.566650390625
0.0142784118652344 -0.0432472229003906 0.2061767578125 0.546661376953125
0.0965347290039063 -0.011077880859375 0.41925048828125 0.216094970703125
0.073822021484375 0.0469436645507813 0.302154541015625 -0.096466064453125
0.025054931640625 0.0278701782226563 0.0680694580078125 -0.244110107421875
0.0165004730224609 0.0267410278320313 -0.12408447265625 0.201828002929688
0.0827865600585938 0.0518112182617188 -0.32379150390625 0.0183715820312499
0.108970642089844 -0.009429931640625 -0.380126953125 -0.305023193359375
0.0431404113769531 -0.038665771484375 -0.02911376953125 -0.57757568359375
-0.0451202392578125 -0.0248260498046875 0.578125 -0.343505859375
-0.0970077514648438 -0.0369796752929687 0.713134765625 0.295166015625
-0.0365867614746094 0.00090789794921875 0.236297607421875 0.517608642578125
-0.00672149658203125 0.0128440856933594 0.0591468811035156 -0.0497894287109375
-0.040740966796875 -0.0023651123046875 -0.289154052734375 -0.542388916015625
-0.0730056762695313 -0.0145797729492188 -0.74072265625 -0.0772094726562498
-0.055084228515625 -0.0147171020507813 -0.3394775390625 0.59814453125
0.00183486938476562 -0.0425796508789063 0.261474609375 0.5374755859375
0.0804290771484375 -0.0254135131835938 0.43145751953125 0.20794677734375
0.0657005310058594 0.0339126586914062 0.29278564453125 -0.106842041015625
0.0169925689697266 0.021240234375 0.0628204345703125 -0.2452392578125
0.0051422119140625 0.0144977569580078 -0.130569458007813 0.199432373046875
0.0569190979003906 0.0420951843261719 -0.332275390625 0.00177001953125004
0.0894699096679688 -0.00957489013671875 -0.376953125 -0.312774658203125
0.0421218872070313 -0.0293922424316406 0.00979614257812506 -0.5574951171875
-0.0337390899658203 -0.0159683227539063 0.6214599609375 -0.28619384765625
-0.0831069946289062 -0.0347824096679688 0.72100830078125 0.34869384765625
-0.0290317535400391 -0.00808715820312501 0.225311279296875 0.519256591796875
0.00230169296264648 -0.000992536544799805 0.0681381225585938 -0.0738067626953125
-0.0345745086669922 -0.00393104553222657 -0.298919677734375 -0.53570556640625
-0.0600624084472656 -0.00149154663085938 -0.7156982421875 -0.03704833984375
-0.0451774597167969 -0.000774383544921881 -0.27716064453125 0.61199951171875
-0.00619888305664062 -0.0348320007324219 0.308929443359375 0.526153564453125
0.0562973022460938 -0.0314407348632813 0.4449462890625 0.19793701171875
0.0427284240722656 0.0183944702148438 0.28778076171875 -0.113983154296875
0.00382232666015625 0.0118074417114258 0.0601959228515625 -0.247833251953125
-0.00765705108642578 -0.00603961944580078 -0.134231567382813 0.19671630859375
0.0290622711181641 0.0154476165771484 -0.34332275390625 -0.010101318359375
0.0570755004882812 -0.0186195373535156 -0.3773193359375 -0.314605712890625
0.0331325531005859 -0.0196170806884766 0.0277709960937499 -0.545654296875
-0.0221900939941406 0.0028228759765625 0.64068603515625 -0.25543212890625
-0.06488037109375 -0.0236625671386719 0.7286376953125 0.37713623046875
-0.0156402587890625 -0.0206584930419922 0.22430419921875 0.51904296875
0.0136260986328125 -0.0201148986816406 0.073760986328125 -0.0895233154296875
-0.0224761962890625 -0.0124454498291016 -0.30584716796875 -0.53289794921875
-0.0389251708984375 0.00432968139648438 -0.69964599609375 -0.0164794921875
-0.0257644653320313 0.00988960266113282 -0.23883056640625 0.61614990234375
-0.00917243957519531 -0.0230617523193359 0.338134765625 0.5203857421875
0.0295963287353516 -0.0293045043945313 0.454803466796875 0.1971435546875
0.0125961303710938 0.00592231750488281 0.28277587890625 -0.11590576171875
-0.010472297668457 -0.00318622589111328 0.057830810546875 -0.2467041015625
-0.0133895874023437 -0.03070068359375 -0.133926391601563 0.19281005859375
-0.00220680236816406 -0.0167884826660156 -0.34954833984375 -0.01031494140625
0.0178985595703125 -0.0374107360839844 -0.38055419921875 -0.308807373046875
0.017186164855957 -0.00756549835205078 0.0267333984375 -0.53662109375
-0.0119152069091797 0.0248050689697266 0.64447021484375 -0.25543212890625
-0.0452346801757813 -0.00638198852539062 0.73712158203125 0.3746337890625
-0.000724792480468749 -0.0318508148193359 0.227783203125 0.514862060546875
0.0261650085449219 -0.0431900024414063 0.0740737915039063 -0.093780517578125
-0.00774765014648437 -0.0238533020019531 -0.30487060546875 -0.538299560546875
-0.0111217498779297 0.00893688201904297 -0.6995849609375 -0.02081298828125
-0.00100135803222656 0.0182056427001953 -0.2364501953125 0.61285400390625
-0.00517082214355469 -0.00943756103515625 0.34259033203125 0.521575927734375
0.000562667846679687 -0.0235977172851563 0.45733642578125 0.2052001953125
-0.0214729309082031 -0.00433349609375 0.279327392578125 -0.114700317382813
-0.0262165069580078 -0.0174903869628906 0.0575103759765625 -0.24566650390625
-0.0193061828613281 -0.05029296875 -0.133514404296875 0.195724487304687
-0.0337982177734375 -0.0483055114746094 -0.35479736328125 0.000457763671874976
-0.0219306945800781 -0.0508155822753906 -0.3892822265625 -0.289703369140625
0.00189614295959473 0.00301837921142578 0.00811767578125 -0.538421630859375
-0.00136184692382813 0.0480728149414063 0.6253662109375 -0.28839111328125
-0.0246505737304688 0.0113372802734375 0.7435302734375 0.33868408203125
0.0135116577148438 -0.0430717468261719 0.240081787109375 0.5057373046875
0.0404853820800781 -0.0650520324707031 0.0707321166992188 -0.0845794677734375
0.00617599487304688 -0.0350685119628906 -0.2928466796875 -0.548309326171875
0.0140666961669922 0.0109758377075195 -0.70538330078125 -0.0494384765625
0.0228595733642578 0.0279121398925781 -0.265869140625 0.603515625
-0.00151729583740234 0.00558614730834961 0.32305908203125 0.533416748046875
-0.0259990692138672 -0.0178203582763672 0.454742431640625 0.21722412109375
-0.0549430847167969 -0.0161361694335937 0.28155517578125 -0.10711669921875
-0.0391006469726562 -0.0314712524414063 0.05792236328125 -0.243850708007813
-0.0218429565429688 -0.0640525817871094 -0.131027221679688 0.203262329101562
-0.0635032653808594 -0.069915771484375 -0.353485107421875 0.021484375
-0.0569496154785156 -0.050628662109375 -0.397491455078125 -0.266998291015625
-0.00713920593261719 0.0158224105834961 -0.028076171875 -0.546051025390625
0.0163688659667969 0.065216064453125 0.586181640625 -0.3463134765625
-0.00349044799804688 0.0229778289794922 0.7431640625 0.27581787109375
0.025299072265625 -0.0531730651855469 0.25384521484375 0.494903564453125
0.0530624389648438 -0.0842666625976563 0.0649375915527344 -0.0653076171875
0.0216827392578125 -0.0468978881835938 -0.27825927734375 -0.55950927734375
0.0361289978027344 0.0129356384277344 -0.72119140625 -0.10302734375
0.0412330627441406 0.040924072265625 -0.32525634765625 0.58404541015625
-0.00154876708984375 0.0218601226806641 0.280975341796875 0.550506591796875
-0.0510292053222656 -0.0145759582519531 0.443084716796875 0.237548828125
-0.0828323364257813 -0.0332489013671875 0.28717041015625 -0.095458984375
-0.0477294921875 -0.0472030639648438 0.0594940185546875 -0.243743896484375
-0.0253448486328125 -0.0723800659179687 -0.123703002929687 0.206573486328125
-0.08563232421875 -0.0739059448242188 -0.34722900390625 0.0451049804687499
-0.074462890625 -0.038330078125 -0.40618896484375 -0.245086669921875
-0.00395774841308594 0.0317592620849609 -0.08203125 -0.555816650390625
0.0333633422851563 0.0726165771484375 0.522674560546875 -0.41131591796875
0.0163345336914063 0.0272140502929688 0.73114013671875 0.19598388671875
0.0315895080566406 -0.0595817565917969 0.271392822265625 0.479736328125
0.0614166259765625 -0.0947952270507813 0.0544967651367188 -0.0360374450683594
0.0347023010253906 -0.0544357299804688 -0.25347900390625 -0.57440185546875
0.0493392944335938 0.017486572265625 -0.7391357421875 -0.17242431640625
0.0507621765136719 0.0549125671386719 -0.40478515625 0.550262451171875
-0.00509262084960938 0.034271240234375 0.221435546875 0.56683349609375
-0.0723419189453125 -0.0198898315429687 0.424407958984375 0.259368896484375
-0.0999755859375 -0.053314208984375 0.29217529296875 -0.080810546875
-0.0464248657226563 -0.0594978332519531 0.0629730224609375 -0.241897583007813
0.0278911590576172 0.0311622619628906 -0.117996215820313 0.204864501953125
0.0954208374023438 0.0464019775390625 -0.31317138671875 0.03558349609375
0.109046936035156 -0.0187759399414063 -0.39306640625 -0.287841796875
0.0351181030273438 -0.0438194274902344 -0.0889892578125 -0.5885009765625
-0.0529899597167969 -0.0222015380859375 0.512786865234375 -0.39935302734375
-0.102058410644531 -0.0292510986328125 0.6973876953125 0.22662353515625
-0.0382041931152344 0.00537490844726562 0.245819091796875 0.506866455078125
-0.00813102722167969 0.0214214324951172 0.0475349426269531 -0.0235671997070313
-0.0422325134277344 -0.00165176391601562 -0.2701416015625 -0.55047607421875
-0.0745010375976563 -0.02734375 -0.76214599609375 -0.13714599609375
-0.0530853271484375 -0.0248680114746094 -0.417266845703125 0.55975341796875
0.01275634765625 -0.0432052612304688 0.204132080078125 0.54132080078125
0.0950546264648438 -0.0115585327148438 0.415771484375 0.21539306640625
0.0735321044921875 0.0463943481445313 0.299102783203125 -0.0968017578125
0.024566650390625 0.0288238525390625 0.0685272216796875 -0.243881225585938
0.0161952972412109 0.0281925201416016 -0.123794555664063 0.202041625976562
0.083740234375 0.05279541015625 -0.32037353515625 0.0200195312499999
0.107833862304687 -0.009979248046875 -0.37725830078125 -0.30035400390625
0.0422248840332031 -0.0382041931152344 -0.02880859375 -0.57244873046875
-0.0443649291992188 -0.0239639282226562 0.57440185546875 -0.33917236328125
-0.0968475341796875 -0.035980224609375 0.70611572265625 0.29302978515625
-0.0356597900390625 0.0012054443359375 0.233306884765625 0.513671875
-0.00570011138916016 0.0135011672973633 0.0589523315429688 -0.0494651794433594
-0.04071044921875 -0.00180053710937501 -0.2860107421875 -0.538818359375
-0.073516845703125 -0.0144500732421875 -0.73211669921875 -0.0782470703125
-0.0545272827148438 -0.0130233764648437 -0.33538818359375 0.59033203125
0.000949859619140626 -0.0412178039550781 0.261138916015625 0.532806396484375
0.08123779296875 -0.0254135131835938 0.4285888671875 0.206298828125
0.0648078918457031 0.0329246520996094 0.289886474609375 -0.107086181640625
0.0163002014160156 0.0221691131591797 0.0620574951171875 -0.244522094726563
0.00406360626220703 0.0133266448974609 -0.128372192382813 0.200210571289063
0.0580940246582031 0.0415840148925781 -0.331512451171875 0.00225830078124994
0.0886154174804687 -0.0102310180664062 -0.372528076171875 -0.311279296875
0.0428657531738281 -0.0294723510742188 0.010772705078125 -0.5535888671875
-0.032135009765625 -0.0156669616699219 0.61676025390625 -0.2825927734375
-0.0836181640625 -0.0340576171875 0.71435546875 0.34649658203125
-0.0286159515380859 -0.00976562499999999 0.222015380859375 0.516632080078125
0.0019298791885376 -0.000512242317199707 0.0679473876953125 -0.0735855102539063
-0.0323677062988281 -0.00413894653320312 -0.29486083984375 -0.531463623046875
-0.05902099609375 -0.00148391723632813 -0.70928955078125 -0.0371704101562501
-0.043731689453125 -0.00241851806640625 -0.27276611328125 0.60540771484375
-0.00611686706542969 -0.0340995788574219 0.30694580078125 0.52227783203125
0.0559196472167969 -0.0303726196289063 0.44183349609375 0.19580078125
0.0432624816894531 0.0192451477050781 0.284637451171875 -0.1131591796875
0.00346660614013672 0.0108833312988281 0.059173583984375 -0.24554443359375
-0.0091552734375 -0.00612926483154297 -0.132110595703125 0.1973876953125
0.0281963348388672 0.0150394439697266 -0.339080810546875 -0.00903320312499999
0.0553359985351563 -0.0197563171386719 -0.37457275390625 -0.31170654296875
0.0328006744384766 -0.018951416015625 0.026214599609375 -0.53936767578125
-0.0220851898193359 0.00209808349609375 0.6378173828125 -0.25360107421875
-0.0643157958984375 -0.023284912109375 0.7242431640625 0.374755859375
-0.0151023864746094 -0.0186672210693359 0.223297119140625 0.516571044921875
0.0128688812255859 -0.0197544097900391 0.072845458984375 -0.088897705078125
-0.0214786529541016 -0.0126838684082031 -0.30206298828125 -0.5299072265625
-0.0369644165039062 0.00583267211914063 -0.6929931640625 -0.017333984375
-0.0244960784912109 0.00867462158203125 -0.2379150390625 0.6103515625
-0.00775527954101562 -0.0222911834716797 0.335968017578125 0.514007568359375
0.0284843444824219 -0.0293712615966797 0.45172119140625 0.194915771484375
0.0121622085571289 0.00674247741699219 0.280715942382813 -0.116485595703125
-0.0108699798583984 -0.00212001800537109 0.0562591552734375 -0.246002197265625
-0.0124111175537109 -0.0308036804199219 -0.131790161132812 0.193939208984375
-0.00183868408203125 -0.0168752670288086 -0.348388671875 -0.00994873046874994
0.0165252685546875 -0.0379486083984375 -0.377716064453125 -0.30474853515625
0.0171709060668945 -0.00821018218994141 0.026123046875 -0.53167724609375
-0.0118904113769531 0.0247879028320312 0.6405029296875 -0.2528076171875
-0.0446853637695313 -0.00600051879882812 0.73028564453125 0.37255859375
-0.000337600708007812 -0.0311031341552734 0.22515869140625 0.51007080078125
0.0262794494628906 -0.0426788330078125 0.0723953247070313 -0.092864990234375
-0.00764083862304688 -0.0236968994140625 -0.30242919921875 -0.533111572265625
-0.00930213928222656 0.00787067413330078 -0.69378662109375 -0.021728515625
-0.00078582763671875 0.0182361602783203 -0.236083984375 0.607421875
-0.00574684143066406 -0.00888729095458984 0.340301513671875 0.51739501953125
0.000364303588867185 -0.0234203338623047 0.453399658203125 0.201751708984375
-0.0214691162109375 -0.0035247802734375 0.277420043945313 -0.114410400390625
-0.0265350341796875 -0.0170116424560547 0.05731201171875 -0.244781494140625
-0.0194969177246094 -0.0502662658691406 -0.132186889648438 0.196197509765625
-0.0322036743164063 -0.0483894348144531 -0.351348876953125 0.00115966796874997
-0.0216255187988281 -0.0510406494140625 -0.38507080078125 -0.28619384765625
0.0015709400177002 0.00295662879943848 0.00683593750000001 -0.533538818359375
-0.000854492187500004 0.0465736389160156 0.6214599609375 -0.28485107421875
-0.0245780944824219 0.0112552642822266 0.73828125 0.33685302734375
0.0135955810546875 -0.0420188903808594 0.236572265625 0.501708984375
0.0392875671386719 -0.0644874572753906 0.0693206787109375 -0.08404541015625
0.00593757629394532 -0.0350151062011719 -0.29058837890625 -0.5430908203125
0.0156583786010742 0.0104141235351563 -0.697265625 -0.0518798828125001
0.0221004486083984 0.0272140502929688 -0.2637939453125 0.597900390625
-0.00177431106567383 0.00571584701538086 0.319854736328125 0.527069091796875
-0.0257034301757813 -0.0176372528076172 0.4498291015625 0.21612548828125
-0.0540771484375 -0.0165328979492187 0.279266357421875 -0.106597900390625
-0.0392875671386719 -0.0305709838867188 0.057708740234375 -0.243560791015625
-0.0224342346191406 -0.063995361328125 -0.127914428710937 0.202362060546875
-0.063507080078125 -0.068634033203125 -0.351226806640625 0.0227966308593751
-0.055572509765625 -0.0501632690429688 -0.39593505859375 -0.26348876953125
-0.00718879699707031 0.0172758102416992 -0.02813720703125 -0.541290283203125
0.0165481567382812 0.0655555725097656 0.58087158203125 -0.34307861328125
-0.00176429748535156 0.0227584838867188 0.73834228515625 0.27447509765625
0.0243797302246094 -0.0532951354980469 0.25103759765625 0.49139404296875
0.05364990234375 -0.0825424194335937 0.0625038146972656 -0.0658645629882812
0.0222282409667969 -0.0470314025878906 -0.274444580078125 -0.556640625
0.0358734130859375 0.0130462646484375 -0.712890625 -0.1025390625
0.0411758422851563 0.0398292541503906 -0.32171630859375 0.57952880859375
-0.00142860412597656 0.0211200714111328 0.2779541015625 0.546051025390625
-0.0511398315429688 -0.0139694213867188 0.439117431640625 0.234527587890625
-0.0816116333007813 -0.0336151123046875 0.28436279296875 -0.09375
-0.0475273132324219 -0.0458755493164063 0.0593109130859375 -0.242919921875
-0.02557373046875 -0.0721359252929688 -0.123016357421875 0.206695556640625
-0.0849685668945313 -0.0728530883789062 -0.34478759765625 0.0464172363281251
-0.076324462890625 -0.0372695922851563 -0.403045654296875 -0.240631103515625
-0.00414276123046875 0.0316867828369141 -0.0818786621093749 -0.551666259765625
0.0349807739257813 0.0718612670898438 0.519683837890625 -0.40875244140625
0.0154304504394531 0.0268115997314453 0.7252197265625 0.1947021484375
0.0313301086425781 -0.0589790344238281 0.266754150390625 0.4775390625
0.0607757568359375 -0.09332275390625 0.0527801513671875 -0.0366744995117188
0.0347480773925781 -0.0544891357421875 -0.25140380859375 -0.568603515625
0.0494194030761719 0.0181846618652344 -0.7318115234375 -0.1719970703125
0.0512504577636719 0.0535087585449219 -0.401641845703125 0.54571533203125
-0.00459098815917968 0.034820556640625 0.22052001953125 0.561279296875
-0.0723648071289063 -0.0181427001953125 0.42156982421875 0.255096435546875
-0.100204467773438 -0.0519027709960938 0.289947509765625 -0.0809326171875
-0.0468673706054688 -0.0587005615234375 0.0631561279296875 -0.241744995117188
0.0271244049072266 0.0313682556152344 -0.116683959960937 0.204299926757813
0.0958786010742188 0.0459136962890625 -0.3115234375 0.03546142578125
0.10809326171875 -0.0200271606445313 -0.3900146484375 -0.28521728515625
0.035064697265625 -0.04205322265625 -0.0859375 -0.58319091796875
-0.0517196655273438 -0.022247314453125 0.509918212890625 -0.395843505859375
-0.100898742675781 -0.0273208618164063 0.69183349609375 0.2261962890625
-0.03717041015625 0.00720596313476563 0.241668701171875 0.50537109375
-0.00783538818359375 0.0216331481933594 0.0482826232910156 -0.0227279663085938
-0.0408134460449219 -0.00101089477539063 -0.267547607421875 -0.54541015625
-0.0739822387695313 -0.0263214111328125 -0.75537109375 -0.138427734375
-0.0535850524902344 -0.0236701965332031 -0.4146728515625 0.55694580078125
0.0120010375976562 -0.0438003540039063 0.20281982421875 0.538970947265625
0.0944442749023438 -0.0110626220703125 0.413970947265625 0.213958740234375
0.0735244750976563 0.0457534790039063 0.299072265625 -0.094970703125
0.0261650085449219 0.0274124145507813 0.068603515625 -0.242568969726562
0.0168037414550781 0.0263118743896484 -0.123519897460937 0.202743530273438
0.083251953125 0.0521163940429688 -0.318145751953125 0.01959228515625
0.106971740722656 -0.0105667114257812 -0.37457275390625 -0.2967529296875
0.0418624877929688 -0.0399322509765625 -0.02777099609375 -0.567626953125
-0.0439643859863281 -0.0247154235839844 0.570556640625 -0.33526611328125
-0.0974578857421875 -0.0353775024414062 0.7037353515625 0.29266357421875
-0.0353927612304688 0.000568389892578119 0.227996826171875 0.51129150390625
-0.00591850280761719 0.0152034759521484 0.0575218200683594 -0.0487327575683594
-0.0404205322265625 -0.00152587890625 -0.2808837890625 -0.53485107421875
-0.07171630859375 -0.0139083862304688 -0.7288818359375 -0.0794677734375001
-0.0536041259765625 -0.0138816833496094 -0.33660888671875 0.5855712890625
0.00102615356445313 -0.0416221618652344 0.25714111328125 0.530029296875
0.0806045532226562 -0.0250930786132812 0.425048828125 0.202545166015625
0.0664901733398438 0.0324172973632813 0.288330078125 -0.10601806640625
0.0175495147705078 0.0216331481933594 0.0627288818359375 -0.244232177734375
0.00523948669433594 0.0135297775268555 -0.129470825195313 0.200164794921875
0.0582733154296875 0.0413818359375 -0.328216552734375 0.00320434570312506
0.08795166015625 -0.00983428955078125 -0.370635986328125 -0.306549072265625
0.0415573120117187 -0.0280380249023438 0.01068115234375 -0.54852294921875
-0.0343952178955078 -0.0153560638427734 0.6121826171875 -0.2801513671875
-0.0818328857421875 -0.033660888671875 0.70977783203125 0.34710693359375
-0.0272750854492188 -0.00806427001953125 0.21875 0.513946533203125
0.0022575855255127 -1.83582305908203E-05 0.0670623779296875 -0.0737686157226562
-0.0317268371582031 -0.00406646728515625 -0.292236328125 -0.528106689453125
-0.0588874816894531 -0.00165176391601562 -0.70330810546875 -0.0396118164062501
-0.0452041625976563 -0.00280380249023437 -0.2738037109375 0.59979248046875
-0.0056304931640625 -0.0339164733886719 0.30523681640625 0.518829345703125
0.0556449890136719 -0.0311431884765625 0.43804931640625 0.196380615234375
0.0434951782226563 0.0198097229003906 0.282623291015625 -0.113861083984375
0.00442123413085938 0.0102653503417969 0.05908203125 -0.246566772460938
-0.00861406326293945 -0.00571346282958984 -0.1317138671875 0.197616577148438
0.0286903381347656 0.0152072906494141 -0.337158203125 -0.00790405273437495
0.0560646057128906 -0.0191802978515625 -0.371612548828125 -0.309295654296875
0.0332317352294922 -0.0179882049560547 0.02862548828125 -0.537017822265625
-0.0217399597167969 0.000888824462890622 0.6337890625 -0.25067138671875
-0.0646209716796875 -0.0221633911132812 0.7193603515625 0.375
-0.01513671875 -0.0193958282470703 0.21868896484375 0.51336669921875
0.0118560791015625 -0.0206413269042969 0.0714263916015625 -0.0872116088867188
-0.0206851959228516 -0.0114898681640625 -0.298065185546875 -0.52783203125
-0.0373191833496094 0.00538253784179688 -0.6883544921875 -0.0202636718749999
-0.02471923828125 0.00922775268554688 -0.2362060546875 0.6051025390625
-0.00852394104003906 -0.021759033203125 0.332733154296875 0.512969970703125
0.0279979705810547 -0.0290889739990234 0.449005126953125 0.193939208984375
0.0126209259033203 0.00700569152832031 0.27783203125 -0.115692138671875
-0.0103673934936523 -0.00202560424804688 0.0562286376953125 -0.24676513671875
-0.0131168365478516 -0.030029296875 -0.131103515625 0.193756103515625
-0.00176143646240234 -0.0168266296386719 -0.344085693359375 -0.00973510742187494
0.0160980224609375 -0.0382728576660156 -0.374847412109375 -0.3031005859375
0.0171384811401367 -0.00794506072998047 0.02783203125 -0.528564453125
-0.0123767852783203 0.0240840911865234 0.63916015625 -0.2489013671875
-0.0448188781738281 -0.00608062744140625 0.72607421875 0.372314453125
-3.4332275390625E-05 -0.0302619934082031 0.22222900390625 0.507415771484375
0.0258598327636719 -0.0411262512207031 0.0714111328125 -0.0923995971679688
-0.00766563415527344 -0.0237846374511719 -0.296539306640625 -0.5301513671875
-0.00869464874267578 0.00797414779663086 -0.68621826171875 -0.0243530273437499
-0.000732421875000002 0.0182399749755859 -0.234375 0.6024169921875
-0.00630426406860352 -0.00759649276733398 0.33636474609375 0.513427734375
0.000263214111328123 -0.0231132507324219 0.452056884765625 0.2017822265625
-0.0215892791748047 -0.00358772277832031 0.27587890625 -0.115219116210938
-0.0261745452880859 -0.0165271759033203 0.0566253662109375 -0.244277954101563
-0.0191459655761719 -0.0491752624511719 -0.130615234375 0.196243286132813
-0.0324554443359375 -0.0484771728515625 -0.348419189453125 0.00244140625000004
-0.0230751037597656 -0.0505714416503906 -0.383209228515625 -0.285186767578125
0.00152277946472168 0.00294351577758789 0.00955200195312502 -0.528656005859375
-0.000843048095703128 0.0473976135253906 0.617919921875 -0.28350830078125
-0.0232467651367188 0.0100307464599609 0.7322998046875 0.33673095703125
0.0145034790039063 -0.041229248046875 0.2327880859375 0.4993896484375
0.0401268005371094 -0.06298828125 0.0685195922851563 -0.082427978515625
0.00728034973144531 -0.0346832275390625 -0.2862548828125 -0.540130615234375
0.0157785415649414 0.00966453552246094 -0.69244384765625 -0.05322265625
0.0226898193359375 0.0274658203125 -0.26361083984375 0.59228515625
-0.00177669525146484 0.0065913200378418 0.3175048828125 0.52581787109375
-0.0257434844970703 -0.0167617797851563 0.44683837890625 0.214599609375
-0.0547294616699219 -0.0158042907714844 0.276718139648437 -0.1064453125
-0.0401802062988281 -0.0298919677734375 0.0562591552734375 -0.242919921875
-0.0228919982910156 -0.0639610290527344 -0.1273193359375 0.202407836914063
-0.0629196166992188 -0.0688018798828125 -0.348480224609375 0.023223876953125
-0.0570602416992188 -0.0520172119140625 -0.39080810546875 -0.259063720703125
-0.00780487060546875 0.0176830291748047 -0.027801513671875 -0.535247802734375
0.0165901184082031 0.0644798278808594 0.5787353515625 -0.33856201171875
-0.000669479370117187 0.0215568542480469 0.7320556640625 0.27227783203125
0.0249137878417969 -0.0524635314941406 0.246673583984375 0.489288330078125
0.0534820556640625 -0.0830001831054688 0.0611381530761719 -0.0637779235839844
0.0231857299804688 -0.0458984375 -0.270233154296875 -0.553985595703125
0.0374107360839844 0.0119705200195312 -0.70709228515625 -0.10498046875
0.0413017272949219 0.0406723022460937 -0.32183837890625 0.5748291015625
-0.00120735168457031 0.0214481353759766 0.27685546875 0.542938232421875
-0.0513076782226563 -0.0138130187988281 0.436492919921875 0.2353515625
-0.0818405151367188 -0.0325927734375 0.283203125 -0.095306396484375
-0.0469284057617188 -0.0450210571289063 0.0579833984375 -0.242111206054688
-0.0257415771484375 -0.070770263671875 -0.121902465820313 0.207992553710938
-0.0849227905273438 -0.0717544555664062 -0.342529296875 0.04730224609375
-0.0758209228515625 -0.0380096435546875 -0.400726318359375 -0.23846435546875
-0.00507926940917969 0.0309009552001953 -0.07855224609375 -0.547210693359375
0.0337371826171875 0.0707473754882813 0.516387939453125 -0.40472412109375
0.0157833099365234 0.02630615234375 0.72125244140625 0.1942138671875
0.0296249389648438 -0.0579261779785156 0.26220703125 0.475921630859375
0.0603103637695313 -0.092315673828125 0.0509452819824219 -0.0353279113769531
0.0359115600585938 -0.054962158203125 -0.2457275390625 -0.56610107421875
0.049957275390625 0.0161895751953125 -0.7265625 -0.17462158203125
0.0508842468261719 0.0536422729492188 -0.40106201171875 0.540618896484375
-0.00585174560546875 0.0353202819824219 0.2177734375 0.557373046875
-0.0726165771484375 -0.0180130004882812 0.418731689453125 0.255615234375
-0.100814819335938 -0.0522842407226562 0.287322998046875 -0.08197021484375
-0.0476646423339844 -0.0578765869140625 0.061737060546875 -0.24127197265625
0.027313232421875 0.0312862396240234 -0.116439819335938 0.206100463867187
0.0965347290039063 0.04681396484375 -0.3096923828125 0.0375061035156251
0.107925415039063 -0.0205001831054688 -0.386383056640625 -0.283721923828125
0.0336074829101563 -0.0427818298339844 -0.084716796875 -0.58123779296875
-0.0519294738769531 -0.0224418640136719 0.508819580078125 -0.390472412109375
-0.101058959960938 -0.0285415649414063 0.6885986328125 0.22882080078125
-0.0371971130371094 0.0066680908203125 0.237152099609375 0.50360107421875
-0.00867652893066406 0.0229110717773438 0.0473442077636719 -0.0203971862792969
-0.0400657653808594 0.000259399414062509 -0.26287841796875 -0.5443115234375
-0.0737762451171875 -0.027252197265625 -0.7498779296875 -0.1402587890625
-0.0541572570800781 -0.0248260498046875 -0.414154052734375 0.55328369140625
0.0123138427734375 -0.0432167053222656 0.201141357421875 0.537353515625
0.0948333740234375 -0.01116943359375 0.410888671875 0.21197509765625
0.0742340087890625 0.0466232299804687 0.2967529296875 -0.096099853515625
0.0250911712646484 0.0279712677001953 0.067840576171875 -0.242401123046875
0.0167179107666016 0.0268383026123047 -0.122222900390625 0.202041625976562
0.0849075317382812 0.0521240234375 -0.317474365234375 0.019866943359375
0.107398986816406 -0.0114822387695313 -0.373443603515625 -0.296844482421875
0.0424613952636719 -0.0390853881835938 -0.0257568359375 -0.56317138671875
-0.0445518493652344 -0.0251083374023437 0.569091796875 -0.33343505859375
-0.0952072143554687 -0.0348663330078125 0.70025634765625 0.29376220703125
-0.0363540649414063 0.00177764892578125 0.225311279296875 0.5096435546875
-0.00643539428710937 0.0157098770141602 0.0571975708007813 -0.0476493835449219
-0.0405158996582031 -0.00061416625976562 -0.27703857421875 -0.533447265625
-0.0712814331054688 -0.0147705078125 -0.7235107421875 -0.0808715820312499
-0.0544776916503906 -0.0133171081542969 -0.33538818359375 0.5811767578125
0.001861572265625 -0.0411186218261719 0.2542724609375 0.528472900390625
0.0807418823242187 -0.02520751953125 0.424102783203125 0.203643798828125
0.0663871765136719 0.0342826843261719 0.28826904296875 -0.106109619140625
0.0180034637451172 0.0210666656494141 0.06182861328125 -0.243484497070313
0.00519084930419922 0.0132541656494141 -0.129119873046875 0.201675415039063
0.0584335327148438 0.04071044921875 -0.32611083984375 0.00427246093749999
0.0884780883789063 -0.0104904174804688 -0.36932373046875 -0.306488037109375
0.0418815612792969 -0.027740478515625 0.012481689453125 -0.545013427734375
-0.0332241058349609 -0.0162925720214844 0.60955810546875 -0.27667236328125
-0.0826797485351563 -0.034027099609375 0.70440673828125 0.3482666015625
-0.02880859375 -0.00821304321289063 0.215423583984375 0.512298583984375
0.00225973129272461 0.00100517272949219 0.0655670166015625 -0.0715866088867188
-0.0322246551513672 -0.004180908203125 -0.285675048828125 -0.524505615234375
-0.0571784973144531 -0.00294876098632814 -0.69964599609375 -0.0407714843750001
-0.0435371398925781 -0.00204086303710937 -0.27203369140625 0.59661865234375
-0.00653076171875 -0.0331268310546875 0.301361083984375 0.517364501953125
0.0560073852539063 -0.029510498046875 0.436798095703125 0.195343017578125
0.0431900024414063 0.0186347961425781 0.28167724609375 -0.112884521484375
0.00389862060546875 0.0118932723999023 0.0587615966796875 -0.245147705078125
-0.00767135620117188 -0.00606489181518555 -0.13055419921875 0.199234008789062
0.0295314788818359 0.0154266357421875 -0.335296630859375 -0.00762939453124999
0.0553321838378906 -0.0211105346679687 -0.36920166015625 -0.307769775390625
0.0321407318115234 -0.0188140869140625 0.0301513671875 -0.534271240234375
-0.0222072601318359 0.00279808044433594 0.63214111328125 -0.24822998046875
-0.0639839172363281 -0.0224876403808594 0.71539306640625 0.3768310546875
-0.0150146484375 -0.0175247192382813 0.215301513671875 0.51226806640625
0.0130462646484375 -0.0177421569824219 0.0711822509765625 -0.0877685546875
-0.0197296142578125 -0.0120944976806641 -0.29376220703125 -0.526458740234375
-0.0354537963867187 0.00491714477539063 -0.68316650390625 -0.0238647460937499
-0.0246162414550781 0.00852394104003906 -0.23809814453125 0.60107421875
-0.00837135314941406 -0.0220127105712891 0.33074951171875 0.510009765625
0.0284023284912109 -0.0299053192138672 0.44635009765625 0.19384765625
0.0130424499511719 0.00743389129638672 0.277664184570313 -0.115081787109375
-0.0115995407104492 -0.00172519683837891 0.05584716796875 -0.245590209960938
-0.0133209228515625 -0.0303306579589844 -0.130401611328125 0.194351196289062
-0.000868797302246094 -0.0167436599731445 -0.3424072265625 -0.00921630859375006
0.0151405334472656 -0.0380134582519531 -0.3717041015625 -0.30169677734375
0.0172023773193359 -0.00785160064697266 0.030670166015625 -0.526214599609375
-0.0121726989746094 0.0248298645019531 0.63543701171875 -0.2447509765625
-0.0439643859863281 -0.00645065307617188 0.72088623046875 0.37188720703125
-0.00126838684082032 -0.0306243896484375 0.21783447265625 0.508026123046875
0.02587890625 -0.0404777526855469 0.0702972412109375 -0.0903091430664062
-0.00700569152832031 -0.0234317779541016 -0.293670654296875 -0.5281982421875
-0.00919437408447266 0.00721168518066406 -0.6834716796875 -0.0266113281250001
0.000177383422851563 0.0180797576904297 -0.2354736328125 0.597900390625
-0.00616693496704102 -0.00784635543823242 0.334228515625 0.51220703125
0.000535964965820315 -0.0234718322753906 0.449737548828125 0.1998291015625
-0.0214958190917969 -0.00302696228027343 0.274307250976563 -0.113983154296875
-0.0265464782714844 -0.0168914794921875 0.05712890625 -0.24432373046875
-0.0192832946777344 -0.0493927001953125 -0.13043212890625 0.196563720703125
-0.031494140625 -0.048675537109375 -0.346954345703125 0.00277709960937494
-0.0226898193359375 -0.05133056640625 -0.38104248046875 -0.282928466796875
0.00121617317199707 0.00328874588012695 0.00946044921875 -0.52716064453125
-0.000545501708984375 0.0467453002929687 0.61773681640625 -0.27960205078125
-0.0231971740722656 0.0101127624511719 0.7291259765625 0.33544921875
0.013519287109375 -0.0421905517578125 0.228790283203125 0.4984130859375
0.0393447875976562 -0.062744140625 0.0675811767578125 -0.08148193359375
0.00707626342773437 -0.0351600646972656 -0.28277587890625 -0.53924560546875
0.0160493850708008 0.00852870941162109 -0.6881103515625 -0.056640625
0.0232048034667969 0.0282516479492187 -0.2626953125 0.58941650390625
-0.00165081024169922 0.00622701644897461 0.31500244140625 0.523651123046875
-0.0257682800292969 -0.0163536071777344 0.44537353515625 0.213775634765625
-0.0545234680175781 -0.0158805847167969 0.276351928710938 -0.105865478515625
-0.0400466918945313 -0.0310287475585938 0.057586669921875 -0.242538452148437
-0.0227241516113281 -0.0645332336425781 -0.12762451171875 0.20318603515625
-0.0627326965332031 -0.0695915222167969 -0.345947265625 0.0240478515624999
-0.0565643310546875 -0.0506477355957031 -0.3887939453125 -0.258880615234375
-0.00702285766601562 0.0177154541015625 -0.025604248046875 -0.533172607421875
0.01611328125 0.0636100769042969 0.5787353515625 -0.336181640625
-0.00150299072265625 0.0212497711181641 0.72747802734375 0.27593994140625
0.0252609252929688 -0.0526237487792969 0.243072509765625 0.488800048828125
0.052886962890625 -0.0816650390625 0.0597152709960937 -0.0623703002929688
0.0230674743652344 -0.0472831726074219 -0.265167236328125 -0.5509033203125
0.03759765625 0.0110359191894531 -0.704345703125 -0.10833740234375
0.0412254333496094 0.0405006408691406 -0.3209228515625 0.5699462890625
-0.000843048095703124 0.0217494964599609 0.274322509765625 0.540496826171875
-0.0510139465332031 -0.0143699645996094 0.4342041015625 0.233642578125
-0.0832443237304688 -0.0319671630859375 0.28173828125 -0.09478759765625
-0.04742431640625 -0.0454177856445312 0.05810546875 -0.242080688476563
-0.025726318359375 -0.0710372924804688 -0.120758056640625 0.208648681640625
-0.0845947265625 -0.0723037719726563 -0.34002685546875 0.047760009765625
-0.0765380859375 -0.0381622314453125 -0.397064208984375 -0.2371826171875
-0.00411415100097657 0.0315437316894531 -0.077178955078125 -0.54534912109375
0.0347213745117188 0.0710830688476563 0.515472412109375 -0.400970458984375
0.016448974609375 0.025299072265625 0.71881103515625 0.197509765625
0.0297355651855469 -0.0586814880371094 0.259490966796875 0.474212646484375
0.0615692138671875 -0.0919036865234375 0.05078125 -0.0344619750976563
0.0366325378417969 -0.0554695129394531 -0.242919921875 -0.56378173828125
0.0519332885742188 0.0153656005859375 -0.72308349609375 -0.17431640625
0.0508613586425781 0.0542869567871094 -0.400390625 0.5340576171875
-0.00520706176757813 0.0365562438964844 0.215057373046875 0.554840087890625
-0.0708084106445313 -0.018341064453125 0.41748046875 0.254669189453125
-0.100624084472656 -0.0499038696289063 0.286712646484375 -0.08062744140625
-0.047698974609375 -0.0580825805664063 0.0620880126953125 -0.240005493164063
0.0273914337158203 0.0318870544433594 -0.11669921875 0.205322265625
0.0970535278320312 0.0457687377929687 -0.308197021484375 0.0377197265625
0.108489990234375 -0.0209808349609375 -0.384674072265625 -0.28326416015625
0.0342864990234375 -0.0437889099121094 -0.083251953125 -0.580322265625
-0.0522346496582031 -0.0227890014648437 0.50958251953125 -0.38873291015625
-0.101280212402344 -0.0281906127929687 0.68634033203125 0.231201171875
-0.0375595092773438 0.00776290893554688 0.23590087890625 0.503143310546875
-0.00805854797363281 0.0233078002929688 0.0471305847167969 -0.0185966491699219
-0.0394554138183594 9.15527343750059E-05 -0.259368896484375 -0.542388916015625
-0.07305908203125 -0.0270309448242187 -0.74725341796875 -0.1441650390625
-0.0538291931152344 -0.0251579284667969 -0.414215087890625 0.54937744140625
0.0123443603515625 -0.0426597595214844 0.199188232421875 0.53607177734375
0.0942611694335938 -0.0100936889648438 0.409698486328125 0.21173095703125
0.0755691528320313 0.0468215942382813 0.295867919921875 -0.095062255859375
0.0248317718505859 0.0280208587646484 0.0682373046875 -0.242050170898438
0.0159511566162109 0.0276107788085938 -0.121337890625 0.20465087890625
0.0856552124023438 0.05255126953125 -0.31640625 0.0192565917968751
0.108444213867187 -0.01202392578125 -0.37213134765625 -0.29461669921875
0.04144287109375 -0.0393028259277344 -0.02532958984375 -0.5643310546875
-0.0438079833984375 -0.0248641967773438 0.56982421875 -0.32958984375
-0.0956573486328125 -0.0357742309570313 0.6971435546875 0.29638671875
-0.0367240905761719 0.0019378662109375 0.22314453125 0.510894775390625
-0.00749397277832031 0.0165462493896484 0.0574951171875 -0.0468826293945313
-0.0380859375 -0.000511169433593749 -0.272552490234375 -0.532440185546875
-0.072052001953125 -0.0131988525390625 -0.71990966796875 -0.0855102539062499
-0.0541419982910156 -0.0135383605957031 -0.33673095703125 0.57977294921875
0.0001678466796875 -0.0418357849121094 0.254852294921875 0.528106689453125
0.0803985595703125 -0.0239028930664063 0.422332763671875 0.204742431640625
0.0660438537597656 0.0345306396484375 0.287994384765625 -0.106201171875
0.0179100036621094 0.0226097106933594 0.0633392333984375 -0.244003295898438
0.00458431243896484 0.0130205154418945 -0.127960205078125 0.201309204101563
0.059173583984375 0.0411529541015625 -0.326690673828125 0.00344848632812501
0.0891342163085938 -0.0110015869140625 -0.367767333984375 -0.305511474609375
0.0420188903808594 -0.0289268493652344 0.014495849609375 -0.543365478515625
-0.0325088500976563 -0.0161609649658203 0.61279296875 -0.27301025390625
-0.0826339721679688 -0.0336837768554688 0.703369140625 0.351806640625
-0.0284652709960938 -0.00661468505859374 0.21124267578125 0.51153564453125
0.000905871391296387 0.00132310390472412 0.0657882690429688 -0.0703659057617188
-0.0315036773681641 -0.00350952148437501 -0.282989501953125 -0.525909423828125
-0.0565299987792969 -0.00204849243164062 -0.69708251953125 -0.0465698242187499
-0.0437469482421875 -0.00259399414062499 -0.27447509765625 0.5943603515625
-0.00647354125976563 -0.0347766876220703 0.299285888671875 0.51739501953125
0.0556793212890625 -0.0308380126953125 0.4356689453125 0.1951904296875
0.0435943603515625 0.019134521484375 0.279891967773438 -0.113815307617188
0.00406932830810547 0.0103206634521484 0.058197021484375 -0.2462158203125
-0.00793075561523438 -0.0051722526550293 -0.130218505859375 0.199020385742188
0.0294284820556641 0.0152702331542969 -0.33544921875 -0.00753784179687501
0.0550651550292969 -0.0221633911132812 -0.368438720703125 -0.3067626953125
0.0331287384033203 -0.0185413360595703 0.032318115234375 -0.53228759765625
-0.0223331451416016 0.00125312805175782 0.6319580078125 -0.24359130859375
-0.0649452209472656 -0.0233116149902344 0.71270751953125 0.37957763671875
-0.014129638671875 -0.0182323455810547 0.211212158203125 0.511993408203125
0.0124053955078125 -0.0180339813232422 0.069305419921875 -0.0864486694335938
-0.0183906555175781 -0.0112495422363281 -0.289886474609375 -0.525238037109375
-0.0350666046142578 0.00504875183105469 -0.68121337890625 -0.0269775390624999
-0.0243759155273437 0.00993537902832032 -0.23907470703125 0.5977783203125
-0.00829887390136719 -0.0220508575439453 0.327117919921875 0.509613037109375
0.0280666351318359 -0.0304660797119141 0.44647216796875 0.194305419921875
0.0128059387207031 0.00698184967041016 0.276535034179688 -0.115264892578125
-0.0112676620483398 -0.00113105773925781 0.0552520751953125 -0.246063232421875
-0.0125522613525391 -0.0303401947021484 -0.1300048828125 0.194808959960938
-0.000885009765624999 -0.0172653198242188 -0.341094970703125 -0.00918579101562498
0.0154685974121094 -0.0379638671875 -0.370452880859375 -0.30181884765625
0.0161581039428711 -0.0072021484375 0.0306396484375 -0.52398681640625
-0.0125255584716797 0.0241222381591797 0.63677978515625 -0.24395751953125
-0.04443359375 -0.00670242309570313 0.71893310546875 0.37518310546875
-0.000404357910156251 -0.0301284790039063 0.214813232421875 0.5059814453125
0.0253524780273438 -0.0405158996582031 0.069091796875 -0.0903396606445313
-0.00656890869140625 -0.0231475830078125 -0.288970947265625 -0.5284423828125
-0.00827312469482422 0.00663328170776367 -0.68145751953125 -0.030517578125
7.43865966796871E-05 0.0181846618652344 -0.2366943359375 0.59442138671875
-0.00573921203613281 -0.00765228271484375 0.332794189453125 0.511260986328125
8.58306884765639E-05 -0.0229568481445313 0.4478759765625 0.2015380859375
-0.0215511322021484 -0.00346565246582031 0.273910522460938 -0.113449096679688
-0.0267658233642578 -0.0166797637939453 0.0564117431640625 -0.24420166015625
-0.01953125 -0.0501327514648437 -0.130294799804687 0.197891235351563
-0.0312423706054688 -0.0484390258789062 -0.3465576171875 0.00201416015624998
-0.0242958068847656 -0.051605224609375 -0.3795166015625 -0.283203125
0.00130796432495117 0.00434756278991699 0.0126342773437499 -0.526214599609375
-9.15527343749962E-05 0.0457382202148438 0.618896484375 -0.27581787109375
-0.0233154296875 0.00913619995117187 0.7255859375 0.33941650390625
0.0141983032226563 -0.0411224365234375 0.226531982421875 0.497650146484375
0.0403175354003906 -0.0616722106933594 0.066436767578125 -0.0811538696289063
0.009002685546875 -0.03564453125 -0.279205322265625 -0.537017822265625
0.0176620483398438 0.00888442993164063 -0.68609619140625 -0.0594482421874999
0.0235996246337891 0.0273857116699219 -0.26416015625 0.58795166015625
-0.00281572341918945 0.00785732269287109 0.312530517578125 0.522705078125
-0.0260601043701172 -0.0161781311035156 0.445556640625 0.214935302734375
-0.0546531677246094 -0.0143699645996094 0.274734497070313 -0.1055908203125
-0.0404396057128906 -0.0307998657226563 0.0575103759765625 -0.2427978515625
-0.0222969055175781 -0.0634269714355469 -0.127395629882813 0.20416259765625
-0.0641708374023437 -0.0697479248046875 -0.34625244140625 0.0237426757812499
-0.0569725036621094 -0.0507354736328125 -0.38726806640625 -0.25927734375
-0.00642585754394531 0.0189971923828125 -0.0227050781249999 -0.533050537109375
0.0154762268066406 0.0642585754394531 0.57867431640625 -0.33233642578125
-0.00130462646484375 0.0210685729980469 0.72607421875 0.27703857421875
0.0254554748535156 -0.0517807006835938 0.240142822265625 0.488372802734375
0.05352783203125 -0.0801315307617188 0.059173583984375 -0.0621223449707031
0.0243034362792969 -0.0477371215820313 -0.261260986328125 -0.549591064453125
0.0384750366210938 0.0114669799804687 -0.700439453125 -0.110595703125
0.0418319702148438 0.0403289794921875 -0.32244873046875 0.56671142578125
-0.000621795654296874 0.0232467651367188 0.271453857421875 0.539764404296875
-0.0510444641113281 -0.0131607055664062 0.431976318359375 0.233917236328125
-0.0836944580078125 -0.0316390991210937 0.280960083007813 -0.09478759765625
-0.0469322204589844 -0.0450057983398438 0.0575103759765625 -0.242034912109375
-0.0252456665039062 -0.07159423828125 -0.1201171875 0.20904541015625
-0.0838470458984375 -0.070831298828125 -0.33880615234375 0.0484313964843749
-0.07647705078125 -0.037445068359375 -0.39447021484375 -0.236968994140625
-0.00432205200195312 0.0324878692626953 -0.075042724609375 -0.54302978515625
0.0348052978515625 0.0709991455078125 0.51763916015625 -0.39898681640625
0.0163860321044922 0.0243911743164063 0.715087890625 0.199951171875
0.0310440063476563 -0.0593757629394531 0.255584716796875 0.4757080078125
0.0601959228515625 -0.090972900390625 0.0495262145996094 -0.032073974609375
0.0354423522949219 -0.0548248291015625 -0.2403564453125 -0.563232421875
0.0523567199707031 0.0148277282714844 -0.72052001953125 -0.17852783203125
0.0520782470703125 0.0542678833007813 -0.4014892578125 0.53253173828125
-0.00446319580078125 0.0350418090820313 0.21319580078125 0.554229736328125
-0.0719757080078125 -0.0174713134765625 0.415313720703125 0.254180908203125
-0.100936889648438 -0.0514450073242187 0.286590576171875 -0.08074951171875
-0.0481986999511719 -0.0592117309570313 0.061248779296875 -0.2418212890625
0.0278682708740234 0.0310096740722656 -0.116119384765625 0.2069091796875
0.09881591796875 0.0440139770507813 -0.307525634765625 0.036651611328125
0.109291076660156 -0.0219955444335938 -0.38421630859375 -0.28179931640625
0.03424072265625 -0.0440330505371094 -0.0791625976562501 -0.5791015625
-0.0532112121582031 -0.022247314453125 0.511138916015625 -0.38897705078125
-0.1009521484375 -0.0276031494140625 0.68609619140625 0.2347412109375
-0.0385246276855469 0.00880813598632813 0.2330322265625 0.505645751953125
-0.00975418090820313 0.0256290435791016 0.0458717346191406 -0.0184288024902344
-0.0407943725585938 0.00106048583984375 -0.256439208984375 -0.54205322265625
-0.073455810546875 -0.0271148681640625 -0.74542236328125 -0.1494140625
-0.0531082153320312 -0.0237960815429687 -0.4173583984375 0.5484619140625
0.0124626159667969 -0.0421981811523438 0.19805908203125 0.53717041015625
0.0955123901367188 -0.0111465454101563 0.409454345703125 0.214019775390625
0.0754013061523438 0.0478668212890625 0.296142578125 -0.095245361328125
0.0250129699707031 0.0298919677734375 0.06890869140625 -0.243804931640625
0.017608642578125 0.0287532806396484 -0.121261596679688 0.205596923828125
0.0861740112304687 0.0521240234375 -0.31549072265625 0.019927978515625
0.107810974121094 -0.0110397338867188 -0.370880126953125 -0.294830322265625
0.0414848327636719 -0.039581298828125 -0.02252197265625 -0.5640869140625
-0.0455474853515625 -0.0253562927246094 0.56988525390625 -0.3275146484375
-0.0958099365234375 -0.0352401733398438 0.6964111328125 0.3001708984375
-0.03680419921875 0.00316619873046875 0.22039794921875 0.51202392578125
-0.00658607482910156 0.0176162719726563 0.0558013916015625 -0.0456695556640625
-0.0385932922363281 0.000347137451171874 -0.2698974609375 -0.53387451171875
-0.0700645446777344 -0.0132293701171875 -0.7177734375 -0.08843994140625
-0.0526695251464844 -0.0143241882324219 -0.33856201171875 0.5753173828125
-9.53674316406271E-05 -0.041229248046875 0.25189208984375 0.529083251953125
0.0804519653320313 -0.0248641967773438 0.4215087890625 0.20526123046875
0.0668449401855469 0.0350112915039063 0.287445068359375 -0.106414794921875
0.0173740386962891 0.0225887298583984 0.06292724609375 -0.245742797851562
0.00514698028564453 0.0136213302612305 -0.126983642578125 0.203964233398437
0.0599861145019531 0.0420913696289063 -0.324249267578125 0.00503540039062498
0.0882949829101563 -0.0107040405273438 -0.3675537109375 -0.3048095703125
0.0412940979003906 -0.0290679931640625 0.014190673828125 -0.5447998046875
-0.0325584411621094 -0.0161399841308594 0.61248779296875 -0.2711181640625
-0.0814895629882813 -0.0345687866210938 0.7027587890625 0.35284423828125
-0.0284042358398438 -0.00729560852050781 0.2088623046875 0.51336669921875
0.000966072082519531 0.0021059513092041 0.0659255981445313 -0.0705795288085938
-0.0308456420898438 -0.00375747680664063 -0.279937744140625 -0.52667236328125
-0.0569915771484375 -0.00214385986328125 -0.69500732421875 -0.049560546875
-0.0443382263183594 -0.00128173828125001 -0.27655029296875 0.592529296875
-0.00704383850097656 -0.0341358184814453 0.29901123046875 0.5172119140625
0.0565414428710937 -0.031005859375 0.43511962890625 0.196807861328125
0.0437736511230469 0.0206146240234375 0.280075073242188 -0.112899780273437
0.00347042083740234 0.011927604675293 0.0595550537109375 -0.245590209960938
-0.00791025161743164 -0.00489616394042969 -0.130157470703125 0.202194213867188
0.0300559997558594 0.0161190032958984 -0.334716796875 -0.00912475585937498
0.0544586181640625 -0.0220870971679688 -0.36712646484375 -0.305023193359375
0.0319347381591797 -0.0176830291748047 0.0333251953125001 -0.53155517578125
-0.0222969055175781 0.00088310241699219 0.63287353515625 -0.241943359375
-0.063385009765625 -0.0242500305175781 0.71002197265625 0.38165283203125
-0.0148172378540039 -0.0168085098266602 0.208465576171875 0.5126953125
0.0121583938598633 -0.0167970657348633 0.0702056884765625 -0.0860366821289063
-0.0193328857421875 -0.0118446350097656 -0.286224365234375 -0.52545166015625
-0.0339908599853516 0.00480651855468749 -0.6785888671875 -0.0306396484375001
-0.0248355865478516 0.00938034057617187 -0.2398681640625 0.5987548828125
-0.00833892822265625 -0.0214385986328125 0.325958251953125 0.511138916015625
0.0290660858154297 -0.0290126800537109 0.44342041015625 0.195281982421875
0.0137310028076172 0.00760364532470703 0.2764892578125 -0.114883422851563
-0.0113506317138672 -0.00154685974121094 0.0572052001953125 -0.246612548828125
-0.0133647918701172 -0.0311203002929688 -0.129989624023437 0.196243286132813
0.000192642211914061 -0.0182209014892578 -0.341033935546875 -0.00930786132812501
0.015350341796875 -0.0387153625488281 -0.370330810546875 -0.300628662109375
0.0165233612060547 -0.00739192962646484 0.031463623046875 -0.52471923828125
-0.0125160217285156 0.0246124267578125 0.6363525390625 -0.2415771484375
-0.0434379577636719 -0.007843017578125 0.71856689453125 0.37750244140625
-0.000762939453124997 -0.0294685363769531 0.21124267578125 0.505767822265625
0.0255584716796875 -0.0400314331054688 0.0698471069335938 -0.08880615234375
-0.00669097900390625 -0.0237922668457031 -0.286163330078125 -0.5274658203125
-0.00791454315185547 0.0061488151550293 -0.67877197265625 -0.0334472656249999
0.000417709350585939 0.0178775787353516 -0.23651123046875 0.59356689453125
-0.00707530975341797 -0.00735187530517578 0.33013916015625 0.5128173828125
0.000892639160156248 -0.0232715606689453 0.446533203125 0.202056884765625
-0.0212554931640625 -0.003326416015625 0.273635864257813 -0.11407470703125
-0.0266513824462891 -0.0158767700195312 0.0569915771484375 -0.245071411132812
-0.0195388793945312 -0.0495567321777344 -0.13043212890625 0.199066162109375
-0.0317420959472656 -0.048919677734375 -0.345001220703125 0.00115966796874998
-0.0244865417480469 -0.05145263671875 -0.377471923828125 -0.283721923828125
0.00127410888671875 0.00514745712280274 0.013885498046875 -0.524932861328125
-0.000286102294921873 0.0471000671386719 0.61798095703125 -0.27398681640625
-0.0229759216308594 0.00927162170410156 0.72308349609375 0.34161376953125
0.0135383605957031 -0.0409355163574219 0.2222900390625 0.49810791015625
0.0399551391601562 -0.061248779296875 0.0657196044921875 -0.0803604125976563
0.00936508178710938 -0.0361213684082031 -0.275360107421875 -0.5372314453125
0.0171232223510742 0.00716686248779297 -0.6849365234375 -0.0624389648437501
0.0230655670166016 0.0274105072021484 -0.2659912109375 0.58514404296875
-0.00250530242919922 0.00757455825805664 0.312652587890625 0.52447509765625
-0.0256385803222656 -0.0169849395751953 0.4439697265625 0.215576171875
-0.0547103881835937 -0.0154571533203125 0.275192260742188 -0.106063842773438
-0.04052734375 -0.0301971435546875 0.05731201171875 -0.243606567382812
-0.0222969055175781 -0.064666748046875 -0.12652587890625 0.20513916015625
-0.0649490356445313 -0.0689849853515625 -0.34539794921875 0.02471923828125
-0.0582237243652344 -0.0512847900390625 -0.38629150390625 -0.258270263671875
-0.00748252868652344 0.0189762115478516 -0.021209716796875 -0.5306396484375
0.0149955749511719 0.0644912719726563 0.5794677734375 -0.33038330078125
-0.000854492187499998 0.0205612182617188 0.72674560546875 0.28021240234375
0.0243759155273437 -0.0523490905761719 0.237274169921875 0.48822021484375
0.0537872314453125 -0.0811004638671875 0.0593681335449219 -0.0614166259765625
0.024749755859375 -0.0485153198242188 -0.25885009765625 -0.5504150390625
0.0392265319824219 0.010772705078125 -0.69976806640625 -0.11346435546875
0.0429840087890625 0.039794921875 -0.32403564453125 0.56451416015625
-0.000598907470703127 0.023468017578125 0.270477294921875 0.540374755859375
-0.0512886047363281 -0.0124588012695312 0.433197021484375 0.234100341796875
-0.083465576171875 -0.0319595336914063 0.281051635742188 -0.0948638916015625
-0.0481033325195312 -0.0443611145019531 0.058380126953125 -0.2430419921875
-0.0257568359375 -0.0718002319335938 -0.12054443359375 0.210586547851563
-0.0853729248046875 -0.0709381103515625 -0.33953857421875 0.048370361328125
-0.0773086547851563 -0.0380172729492188 -0.39251708984375 -0.23626708984375
-0.00476264953613281 0.0335617065429688 -0.073486328125 -0.5426025390625
0.0359725952148437 0.0714492797851563 0.519439697265625 -0.397705078125
0.0160923004150391 0.0245952606201172 0.71649169921875 0.20172119140625
0.0303993225097656 -0.0588417053222656 0.253387451171875 0.477447509765625
0.0620193481445313 -0.0904922485351563 0.0479850769042969 -0.0318641662597656
0.0367393493652344 -0.0558204650878906 -0.236083984375 -0.562103271484375
0.0522956848144531 0.0148429870605469 -0.71881103515625 -0.18096923828125
0.0520591735839844 0.0539588928222656 -0.401824951171875 0.5302734375
-0.0042724609375 0.0359840393066406 0.21063232421875 0.55413818359375
-0.0722122192382813 -0.0177459716796875 0.41473388671875 0.254669189453125
-0.102409362792969 -0.0507278442382812 0.2860107421875 -0.0804443359375
-0.0482864379882813 -0.0582389831542969 0.0618743896484375 -0.241897583007813
0.0296478271484375 0.0322647094726563 -0.115707397460938 0.20904541015625
0.100250244140625 0.043487548828125 -0.309173583984375 0.03875732421875
0.109786987304688 -0.021881103515625 -0.38470458984375 -0.28289794921875
0.03369140625 -0.0439453125 -0.07940673828125 -0.5794677734375
-0.0523109436035156 -0.0232086181640625 0.513031005859375 -0.38714599609375
-0.101974487304688 -0.028961181640625 0.683837890625 0.2381591796875
-0.0384864807128906 0.00909805297851563 0.230499267578125 0.505950927734375
-0.00908851623535156 0.0250816345214844 0.0453071594238281 -0.0167427062988281
-0.0393753051757813 0.000579833984374999 -0.254638671875 -0.542633056640625
-0.0723876953125 -0.026214599609375 -0.74560546875 -0.1510009765625
-0.0536346435546875 -0.0264358520507812 -0.417724609375 0.54736328125
0.0125503540039063 -0.0422782897949219 0.19580078125 0.537628173828125
0.0949783325195313 -0.0107040405273438 0.41046142578125 0.2139892578125
0.0763626098632813 0.0466537475585938 0.297149658203125 -0.096099853515625
0.0256156921386719 0.0288486480712891 0.0699462890625 -0.244354248046875
0.0176582336425781 0.028228759765625 -0.12103271484375 0.207138061523438
0.0864486694335938 0.0518875122070313 -0.316619873046875 0.0211181640625
0.109031677246094 -0.0129776000976562 -0.370025634765625 -0.294342041015625
0.0432243347167969 -0.0385704040527344 -0.021759033203125 -0.562164306640625
-0.0454673767089844 -0.02606201171875 0.57281494140625 -0.32550048828125
-0.0954055786132813 -0.03515625 0.69757080078125 0.30303955078125
-0.0376663208007813 0.00345993041992188 0.21856689453125 0.512420654296875
-0.00655364990234375 0.0178565979003906 0.0563087463378906 -0.0450515747070312
-0.0380172729492188 0.000362396240234372 -0.265228271484375 -0.534271240234375
-0.0706634521484375 -0.0148239135742187 -0.71832275390625 -0.091796875
-0.0536117553710937 -0.0145187377929687 -0.33935546875 0.5762939453125
-0.000316619873046875 -0.0407600402832031 0.251617431640625 0.5299072265625
0.0809097290039063 -0.02532958984375 0.42236328125 0.206085205078125
0.0678558349609375 0.03436279296875 0.28851318359375 -0.106781005859375
0.0182704925537109 0.0228347778320313 0.06292724609375 -0.2464599609375
0.00520038604736328 0.0149974822998047 -0.12884521484375 0.205490112304688
0.0603790283203125 0.0402450561523438 -0.32489013671875 0.00393676757812497
0.0893783569335937 -0.0123367309570312 -0.367950439453125 -0.30511474609375
0.0426559448242188 -0.0282783508300781 0.017425537109375 -0.543426513671875
-0.0331192016601563 -0.0165462493896484 0.613525390625 -0.2705078125
-0.0816268920898438 -0.0354232788085938 0.70233154296875 0.356201171875
-0.0287570953369141 -0.00666999816894531 0.205596923828125 0.5147705078125
0.000901460647583008 0.00276637077331543 0.06439208984375 -0.0707931518554688
-0.0300827026367188 -0.0036163330078125 -0.277923583984375 -0.527435302734375
-0.05633544921875 -0.00243377685546876 -0.69671630859375 -0.0513305664062501
-0.0443687438964844 -0.003509521484375 -0.27777099609375 0.5909423828125
-0.00786209106445313 -0.0336208343505859 0.2979736328125 0.517974853515625
0.0563507080078125 -0.0298080444335938 0.433624267578125 0.19830322265625
0.0451164245605469 0.0201568603515625 0.2825927734375 -0.112823486328125
0.00445175170898438 0.0109167098999023 0.058563232421875 -0.248336791992188
-0.00700616836547851 -0.00535106658935547 -0.131301879882813 0.202621459960937
0.0287818908691406 0.0154342651367188 -0.33514404296875 -0.00814819335937504
0.0550308227539062 -0.0219230651855469 -0.367218017578125 -0.30645751953125
0.0320758819580078 -0.0169715881347656 0.03485107421875 -0.532073974609375
-0.0217475891113281 0.000734329223632811 0.63482666015625 -0.240478515625
-0.0635223388671875 -0.0239143371582031 0.7110595703125 0.3841552734375
-0.0151500701904297 -0.0179977416992187 0.206512451171875 0.514495849609375
0.0132761001586914 -0.0164251327514648 0.0693359375 -0.0850830078125
-0.0196456909179688 -0.0123825073242187 -0.285491943359375 -0.529266357421875
-0.0334548950195313 0.00498390197753906 -0.68035888671875 -0.0338745117187499
-0.025390625 0.00838279724121094 -0.24114990234375 0.59674072265625
-0.00855255126953125 -0.0209064483642578 0.32562255859375 0.513153076171875
0.0285453796386719 -0.0286350250244141 0.444549560546875 0.196502685546875
0.012904167175293 0.00726509094238281 0.275741577148438 -0.115493774414063
-0.0114564895629883 -0.000380516052246093 0.05712890625 -0.247772216796875
-0.0131397247314453 -0.0304431915283203 -0.129638671875 0.197952270507812
-0.000602722167968748 -0.0181484222412109 -0.3416748046875 -0.0105285644531249
0.0145111083984375 -0.0392837524414063 -0.368560791015625 -0.30108642578125
0.0164623260498047 -0.00628948211669922 0.035064697265625 -0.524200439453125
-0.0127887725830078 0.0240802764892578 0.638916015625 -0.24090576171875
-0.0439414978027344 -0.00826263427734375 0.71783447265625 0.3780517578125
-0.00125503540039063 -0.0293483734130859 0.20953369140625 0.508544921875
0.0259132385253906 -0.0386695861816406 0.069122314453125 -0.0881805419921875
-0.00580596923828125 -0.0239295959472656 -0.283935546875 -0.529937744140625
-0.0068821907043457 0.00626897811889648 -0.678955078125 -0.0364990234375001
0.000466346740722656 0.0173969268798828 -0.23876953125 0.59423828125
-0.006866455078125 -0.00734949111938477 0.3306884765625 0.514678955078125
0.000944137573242188 -0.0235404968261719 0.447479248046875 0.20343017578125
-0.0210704803466797 -0.00301170349121094 0.273773193359375 -0.114395141601563
-0.0278301239013672 -0.0164318084716797 0.0573883056640625 -0.247116088867188
-0.0196495056152344 -0.0501289367675781 -0.131179809570312 0.20166015625
-0.0326423645019531 -0.0493927001953125 -0.346405029296875 0.00216674804687493
-0.0247077941894531 -0.0526123046875 -0.376983642578125 -0.28350830078125
0.00120639801025391 0.00456380844116211 0.015594482421875 -0.525390625
-0.00012969970703125 0.0468368530273438 0.62078857421875 -0.27374267578125
-0.022613525390625 0.00885200500488281 0.726318359375 0.34478759765625
0.0139122009277344 -0.0406761169433594 0.219390869140625 0.501007080078125
0.0408744812011719 -0.0603218078613281 0.0654449462890625 -0.0799331665039063
0.00886917114257812 -0.0365982055664063 -0.272796630859375 -0.539276123046875
0.0187950134277344 0.00762557983398437 -0.6849365234375 -0.0665283203125001
0.0240802764892578 0.0272483825683594 -0.26715087890625 0.5860595703125
-0.00190305709838867 0.00866174697875977 0.3104248046875 0.525604248046875
-0.0254364013671875 -0.0170269012451172 0.44378662109375 0.217193603515625
-0.0556793212890625 -0.0150985717773438 0.275238037109375 -0.106216430664063
-0.0414505004882813 -0.0302200317382813 0.0569000244140625 -0.245895385742188
-0.0225868225097656 -0.0645027160644531 -0.12603759765625 0.208465576171875
-0.063995361328125 -0.0701904296875 -0.34625244140625 0.02410888671875
-0.0604820251464844 -0.0517616271972656 -0.385284423828125 -0.259368896484375
-0.00695228576660156 0.0196590423583984 -0.0196533203125 -0.532806396484375
0.0165481567382813 0.0653419494628906 0.58123779296875 -0.33026123046875
-0.00139617919921875 0.0207557678222656 0.72589111328125 0.2825927734375
0.0256385803222656 -0.0520362854003906 0.234771728515625 0.49017333984375
0.05419921875 -0.079742431640625 0.0578804016113281 -0.0608406066894531
0.0246086120605469 -0.04888916015625 -0.255218505859375 -0.552154541015625
0.0401344299316406 0.009368896484375 -0.7001953125 -0.11572265625
0.0435523986816406 0.03997802734375 -0.32476806640625 0.56494140625
-0.001312255859375 0.0240268707275391 0.267822265625 0.54205322265625
-0.0518302917480469 -0.0135726928710938 0.433807373046875 0.2340087890625
-0.08367919921875 -0.0302810668945312 0.27935791015625 -0.09393310546875
-0.0477371215820313 -0.0448493957519531 0.0576934814453125 -0.24298095703125
-0.0261001586914063 -0.0719680786132813 -0.11993408203125 0.212493896484375
-0.0868606567382813 -0.0718307495117188 -0.33856201171875 0.04937744140625
-0.078277587890625 -0.0380859375 -0.393463134765625 -0.23809814453125
-0.00342178344726562 0.03448486328125 -0.0719909667968749 -0.543548583984375
0.0355758666992187 0.0716934204101563 0.5225830078125 -0.39617919921875
0.0164031982421875 0.0236358642578125 0.7159423828125 0.20416259765625
0.03118896484375 -0.0592842102050781 0.249603271484375 0.479766845703125
0.0617141723632813 -0.089752197265625 0.0473480224609375 -0.0310401916503906
0.0384025573730469 -0.0561714172363281 -0.2344970703125 -0.56365966796875
0.0533943176269531 0.0126876831054688 -0.7171630859375 -0.185302734375
0.0538101196289063 0.0538406372070313 -0.404510498046875 0.531097412109375
-0.00424957275390625 0.03778076171875 0.208953857421875 0.5548095703125
-0.0737762451171875 -0.016571044921875 0.415740966796875 0.255706787109375
-0.102622985839844 -0.0504226684570313 0.286956787109375 -0.08123779296875
-0.0489425659179688 -0.0595054626464844 0.063262939453125 -0.24395751953125
