TRXV5
3
4
4
9
string Extension=J
integer IsArchMeasurement=1
integer IsSpherical=1
string Generator=SPM
string GeneratorVersion=1.3.1 Dev
double ArchRadius=0.449999988079071
integer FrequencyAxisIndex=0
integer AzimuthAxisIndex=1
integer ElevationAxisIndex=2
Frequency
5 201 700000000 800000000 LIN
Azimuth
7 8 0 2.74889357189107 LIN
Elevation
7 15 -2.74889357189107 2.74889357189107 LIN
Polar H Real Part
13
Polar H Imaginary Part
14
Polar V Real Part
13
Polar V Imaginary Part
14
Polar H Magnitude (dB)
12 0xC0000002 0 1
Polar H Phase
7 0xC0000003 0 1
Polar V Magnitude (dB)
12 0xC0000002 2 3
Polar V Phase
7 0xC0000003 2 3
0.038818359375 -0.00468826293945313 -0.22430419921875 -0.0687561035156251
0.00945377349853516 -0.0103626251220703 -0.117095947265625 -0.28851318359375
-0.00479316711425781 -0.00450372695922852 0.174041748046875 -0.426605224609375
-0.02557373046875 0.0245189666748047 0.546600341796875 -0.256134033203125
-0.0257835388183594 0.0411949157714844 0.60504150390625 0.29595947265625
-0.000980377197265622 0.0557327270507813 0.2242431640625 0.72320556640625
-0.00787353515625001 0.105941772460938 -0.18902587890625 0.54534912109375
-0.05474853515625 0.102973937988281 0.00750732421874999 0.0697479248046875
-0.0389404296875 0.100563049316406 0.372314453125 -0.4547119140625
0.00160980224609375 0.0828781127929688 0.06036376953125 -0.83544921875
-0.01812744140625 0.0408592224121094 -0.571533203125 -0.50732421875
-0.0363998413085938 0.00292587280273437 -0.60736083984375 0.12701416015625
-0.0128812789916992 -0.0175657272338867 -0.284942626953125 0.385345458984375
0.0116767883300781 -0.0264739990234375 0.08221435546875 0.286895751953125
0.0312690734863281 -0.0106601715087891 0.233840942382813 0.063720703125
0.0343875885009766 -0.00402641296386719 -0.214889526367188 -0.0704498291015625
0.00980377197265625 -0.00776863098144531 -0.07470703125 -0.28704833984375
0.00200319290161133 -0.00293684005737305 0.252960205078125 -0.399688720703125
-0.0150165557861328 0.0269145965576172 0.603515625 -0.16815185546875
-0.0190086364746094 0.0422096252441406 0.55706787109375 0.402740478515625
-0.00422286987304688 0.0619354248046875 0.09783935546875 0.7550048828125
-0.0284881591796875 0.115211486816406 -0.2415771484375 0.493560791015625
-0.0678329467773437 0.108283996582031 0.0401573181152344 0.0179023742675781
-0.04058837890625 0.106605529785156 0.31903076171875 -0.526458740234375
0.00785064697265624 0.085113525390625 -0.0838623046875 -0.8245849609375
-0.00488662719726562 0.0428619384765625 -0.630615234375 -0.38616943359375
-0.0254096984863281 0.00222206115722656 -0.54888916015625 0.217987060546875
-0.0072479248046875 -0.0179157257080078 -0.203125 0.420745849609375
0.0128803253173828 -0.0283241271972656 0.123046875 0.287750244140625
0.0271244049072266 -0.0122432708740234 0.24267578125 0.0603179931640625
0.0275115966796875 -0.00398063659667969 -0.205490112304687 -0.0767669677734375
0.0117559432983398 -0.00408935546875 -0.03424072265625 -0.284423828125
0.0132131576538086 0.00136566162109375 0.327423095703125 -0.360443115234375
-0.00607109069824219 0.0289936065673828 0.646484375 -0.06646728515625
-0.0149078369140625 0.0387687683105469 0.47808837890625 0.51104736328125
-0.0102424621582031 0.0548439025878906 -0.03857421875 0.76568603515625
-0.0435714721679687 0.104804992675781 -0.2864990234375 0.431182861328125
-0.066375732421875 0.0988845825195313 0.0761795043945313 -0.0348739624023438
-0.032379150390625 0.0949249267578125 0.2589111328125 -0.5909423828125
0.01568603515625 0.0728530883789063 -0.2186279296875 -0.7874755859375
0.00918197631835938 0.0368003845214844 -0.66259765625 -0.25927734375
-0.0127286911010742 0.000973701477050781 -0.4747314453125 0.299041748046875
-0.000635147094726562 -0.0158138275146484 -0.118316650390625 0.444976806640625
0.0112171173095703 -0.0292739868164063 0.162826538085938 0.279373168945313
0.0215930938720703 -0.0136814117431641 0.252761840820312 0.052642822265625
0.0219402313232422 -0.00316047668457031 -0.197921752929688 -0.08306884765625
0.0162172317504883 0.00310802459716797 0.000961303710937477 -0.279251098632812
0.0274009704589844 0.008575439453125 0.385406494140625 -0.31597900390625
0.00529670715332031 0.0290851593017578 0.6646728515625 0.03594970703125
-0.0139141082763672 0.0273876190185547 0.39013671875 0.59991455078125
-0.0138492584228516 0.0312423706054687 -0.1651611328125 0.7655029296875
-0.042083740234375 0.0758209228515625 -0.313629150390625 0.372894287109375
-0.0487594604492188 0.0718231201171875 0.107666015625 -0.0833892822265625
-0.0200157165527344 0.0656280517578125 0.197021484375 -0.64056396484375
0.0190505981445312 0.0470085144042969 -0.3287353515625 -0.7381591796875
0.0187950134277344 0.0257606506347656 -0.67291259765625 -0.14483642578125
0.00202298164367676 -0.0018538236618042 -0.40130615234375 0.358367919921875
0.00744342803955078 -0.0117330551147461 -0.046905517578125 0.453399658203125
0.00816535949707031 -0.0258293151855469 0.194656372070313 0.266448974609375
0.0138521194458008 -0.0144319534301758 0.258834838867188 0.0411834716796875
0.0157175064086914 -0.00233078002929688 -0.193954467773437 -0.09014892578125
0.0199928283691406 0.0102386474609375 0.0230865478515625 -0.274871826171875
0.0407981872558594 0.0161399841308594 0.420654296875 -0.28302001953125
0.0165786743164063 0.0287895202636719 0.6646728515625 0.10919189453125
-0.0110387802124023 0.00807857513427734 0.3118896484375 0.65765380859375
-0.00648307800292969 -0.00730705261230469 -0.2552490234375 0.74993896484375
-0.0225677490234375 0.0319194793701172 -0.325897216796875 0.329498291015625
-0.0170803070068359 0.0336284637451172 0.131309509277344 -0.115531921386719
-0.010406494140625 0.0233612060546875 0.150146484375 -0.66632080078125
0.0158863067626953 0.016357421875 -0.39892578125 -0.6925048828125
0.0225868225097656 0.0107173919677734 -0.67181396484375 -0.06744384765625
0.0159292221069336 -0.00539016723632813 -0.348846435546875 0.394561767578125
0.0159778594970703 -0.00485610961914062 0.00134277343749996 0.450469970703125
0.00431060791015625 -0.0204372406005859 0.215042114257813 0.253021240234375
0.00592136383056641 -0.0144615173339844 0.264968872070313 0.029266357421875
0.0134420394897461 -0.000932693481445313 -0.193374633789063 -0.0945281982421875
0.0231895446777344 0.0182628631591797 0.0265045166015625 -0.275497436523438
0.0529022216796875 0.0248947143554688 0.42718505859375 -0.268280029296875
0.0250205993652344 0.0254611968994141 0.65789794921875 0.13897705078125
-0.00785636901855469 -0.0153713226318359 0.27825927734375 0.67755126953125
0.00978851318359376 -0.0513725280761719 -0.28759765625 0.7430419921875
0.0147323608398438 -0.0189838409423828 -0.3238525390625 0.310394287109375
0.0250911712646484 -0.0136928558349609 0.141921997070312 -0.127273559570313
-0.000736236572265625 -0.0256233215332031 0.1298828125 -0.6719970703125
0.00513458251953125 -0.0180301666259766 -0.42529296875 -0.671630859375
0.0191097259521484 -0.00302314758300781 -0.67083740234375 -0.0338134765624999
0.027008056640625 -0.00792884826660156 -0.334503173828125 0.405731201171875
0.0257110595703125 0.00160598754882812 0.01373291015625 0.44525146484375
0.00124168395996094 -0.0139703750610352 0.220123291015625 0.24127197265625
0.000142097473144532 -0.012598991394043 0.264083862304688 0.018402099609375
0.0103645324707031 -0.000733375549316406 -0.19677734375 -0.100189208984375
0.0243854522705078 0.0229301452636719 0.0135498046875 -0.281463623046875
0.0592498779296875 0.0308799743652344 0.40728759765625 -0.281097412109375
0.0317764282226563 0.0219707489013672 0.65380859375 0.11749267578125
-0.00460433959960937 -0.0396003723144531 0.30517578125 0.66925048828125
0.0228347778320313 -0.09979248046875 -0.25714111328125 0.754638671875
0.0545654296875 -0.0693283081054688 -0.31866455078125 0.3260498046875
0.0689430236816406 -0.0590782165527344 0.135162353515625 -0.116867065429687
0.0114288330078125 -0.074249267578125 0.1444091796875 -0.6607666015625
-0.00748062133789063 -0.051300048828125 -0.40850830078125 -0.6815185546875
0.0106821060180664 -0.0157375335693359 -0.67840576171875 -0.0520629882812501
0.0330905914306641 -0.00918769836425781 -0.356231689453125 0.398773193359375
0.0349750518798828 0.00755119323730469 -0.00787353515624996 0.439605712890625
0.00157546997070313 -0.0066838264465332 0.209564208984375 0.23797607421875
-0.00306415557861328 -0.00966072082519531 0.26239013671875 0.014007568359375
0.00868654251098633 -0.00130748748779297 -0.205459594726562 -0.101577758789063
0.0241641998291016 0.0260677337646484 -0.016510009765625 -0.292266845703125
0.060089111328125 0.0328330993652344 0.361114501953125 -0.320465087890625
0.0333442687988281 0.0173454284667969 0.64410400390625 0.0474853515625
-0.00853729248046875 -0.0559043884277344 0.37603759765625 0.61767578125
0.0244064331054688 -0.138465881347656 -0.16888427734375 0.77008056640625
0.082489013671875 -0.115821838378906 -0.30133056640625 0.367767333984375
0.10955810546875 -0.0966110229492188 0.115028381347656 -0.0832748413085938
0.0290374755859375 -0.1160888671875 0.1849365234375 -0.6317138671875
-0.014862060546875 -0.0828323364257813 -0.3438720703125 -0.71539306640625
-0.00234603881835937 -0.0279178619384766 -0.68511962890625 -0.1163330078125
0.0332832336425781 -0.0099334716796875 -0.412322998046875 0.369781494140625
0.0415916442871094 0.0128974914550781 -0.061370849609375 0.436553955078125
0.00295114517211914 -0.000280380249023438 0.186065673828125 0.242645263671875
-0.00448322296142578 -0.00759553909301758 0.257156372070313 0.012481689453125
0.0376472473144531 -0.00452041625976563 -0.22515869140625 -0.066986083984375
0.009613037109375 -0.0102834701538086 -0.1175537109375 -0.2891845703125
-0.00384521484375 -0.00491809844970703 0.174591064453125 -0.429840087890625
-0.0247879028320313 0.0250740051269531 0.5487060546875 -0.256744384765625
-0.0251235961914062 0.0415573120117188 0.607421875 0.29833984375
-0.00169754028320313 0.0559616088867188 0.22344970703125 0.7271728515625
-0.00878906249999999 0.106559753417969 -0.192535400390625 0.547882080078125
-0.0550613403320313 0.103317260742188 0.0063018798828125 0.0706939697265625
-0.0390548706054688 0.102630615234375 0.372772216796875 -0.45709228515625
0.00247955322265625 0.0841140747070312 0.0625610351562499 -0.83868408203125
-0.0185279846191406 0.0407981872558594 -0.57244873046875 -0.50885009765625
-0.0368118286132813 0.00194931030273438 -0.609375 0.12628173828125
-0.0131912231445313 -0.0176715850830078 -0.2847900390625 0.387664794921875
0.0117931365966797 -0.0273704528808594 0.082244873046875 0.288665771484375
0.0304775238037109 -0.0114669799804688 0.236068725585938 0.06427001953125
0.0345630645751953 -0.00405693054199219 -0.215866088867188 -0.07025146484375
0.0095510482788086 -0.00835990905761719 -0.0755615234375 -0.287994384765625
0.00151944160461426 -0.00346899032592773 0.253936767578125 -0.401885986328125
-0.0164241790771484 0.0272445678710937 0.60693359375 -0.16888427734375
-0.0185966491699219 0.0422248840332031 0.558624267578125 0.40582275390625
-0.00349044799804688 0.0631484985351563 0.09783935546875 0.7574462890625
-0.0290374755859375 0.116165161132812 -0.24420166015625 0.495330810546875
-0.0686874389648437 0.110221862792969 0.0393714904785156 0.017974853515625
-0.0408782958984375 0.108283996582031 0.3231201171875 -0.528961181640625
0.00844573974609375 0.08624267578125 -0.0833740234375 -0.82781982421875
-0.00570297241210938 0.0437240600585938 -0.63311767578125 -0.38812255859375
-0.0266838073730469 0.00263595581054687 -0.55181884765625 0.21923828125
-0.00757217407226563 -0.0186214447021484 -0.202972412109375 0.421630859375
0.0128059387207031 -0.0288429260253906 0.12353515625 0.288604736328125
0.0269374847412109 -0.0116729736328125 0.24432373046875 0.0592498779296875
0.0283069610595703 -0.00387954711914063 -0.2056884765625 -0.0763702392578125
0.0130405426025391 -0.00359058380126953 -0.03363037109375 -0.28472900390625
0.0133991241455078 0.00116729736328125 0.32952880859375 -0.363037109375
-0.00645828247070312 0.0295085906982422 0.64923095703125 -0.06488037109375
-0.0157890319824219 0.0390739440917969 0.47857666015625 0.513458251953125
-0.0106735229492188 0.0557518005371094 -0.04083251953125 0.7713623046875
-0.0437774658203125 0.104728698730469 -0.28863525390625 0.432342529296875
-0.0674591064453125 0.099700927734375 0.0744476318359375 -0.0345687866210937
-0.0327606201171875 0.095123291015625 0.26025390625 -0.59136962890625
0.0166244506835938 0.07379150390625 -0.21685791015625 -0.79248046875
0.00789642333984375 0.0370216369628906 -0.6651611328125 -0.25933837890625
-0.0133438110351562 0.000998497009277346 -0.47650146484375 0.3006591796875
-3.24249267578125E-05 -0.0161561965942383 -0.119415283203125 0.44659423828125
0.0114574432373047 -0.0285873413085938 0.164382934570313 0.28082275390625
0.021209716796875 -0.0143394470214844 0.254241943359375 0.052703857421875
0.0221271514892578 -0.00279998779296875 -0.199737548828125 -0.0835418701171875
0.0170412063598633 0.00434398651123047 0.000106811523437491 -0.279006958007813
0.0267086029052734 0.00822639465332031 0.3878173828125 -0.318817138671875
0.00509071350097656 0.0304317474365234 0.667724609375 0.03643798828125
-0.0141220092773437 0.027130126953125 0.3892822265625 0.60272216796875
-0.0139732360839844 0.0310134887695313 -0.16741943359375 0.76922607421875
-0.0438995361328125 0.0761566162109375 -0.317535400390625 0.374114990234375
-0.0503616333007813 0.0729217529296875 0.1080322265625 -0.08282470703125
-0.0212974548339844 0.0671615600585938 0.197265625 -0.641845703125
0.0206031799316406 0.0493965148925781 -0.32781982421875 -0.7420654296875
0.0183391571044922 0.0258255004882812 -0.67584228515625 -0.14788818359375
0.00162827968597412 -0.0017552375793457 -0.403076171875 0.35986328125
0.00827503204345703 -0.0106344223022461 -0.047027587890625 0.455810546875
0.00742530822753906 -0.0264835357666016 0.195388793945313 0.267807006835938
0.0134944915771484 -0.0144386291503906 0.261306762695313 0.0413665771484375
0.0157470703125 -0.00231266021728516 -0.194061279296875 -0.089569091796875
0.0215644836425781 0.0108184814453125 0.0224609375 -0.275482177734375
0.0409889221191406 0.0160675048828125 0.422271728515625 -0.281585693359375
0.0163497924804688 0.0295658111572266 0.66741943359375 0.11273193359375
-0.010986328125 0.00806617736816406 0.31329345703125 0.66326904296875
-0.00762271881103516 -0.00690698623657226 -0.2591552734375 0.75445556640625
-0.0236892700195313 0.0326423645019531 -0.3287353515625 0.3297119140625
-0.0180072784423828 0.0338802337646484 0.131179809570313 -0.115959167480469
-0.0102214813232422 0.0248031616210938 0.15185546875 -0.6671142578125
0.0159263610839844 0.0178012847900391 -0.39642333984375 -0.69476318359375
0.0232448577880859 0.0110855102539063 -0.67425537109375 -0.0687255859375
0.0150260925292969 -0.00406551361083984 -0.351593017578125 0.39630126953125
0.0156211853027344 -0.00448131561279297 0.000854492187499968 0.45391845703125
0.00379562377929688 -0.0204792022705078 0.216400146484375 0.253692626953125
0.00498771667480469 -0.0136327743530273 0.266387939453125 0.0293121337890625
0.0132169723510742 -0.000920295715332031 -0.194000244140625 -0.095001220703125
0.0243721008300781 0.0186481475830078 0.0274200439453125 -0.2760009765625
0.0531654357910156 0.024749755859375 0.428863525390625 -0.267913818359375
0.0248985290527344 0.0266437530517578 0.66119384765625 0.14202880859375
-0.00737571716308594 -0.016087532043457 0.277587890625 0.68255615234375
0.00936508178710938 -0.0526084899902344 -0.28851318359375 0.74609375
0.0153064727783203 -0.0186920166015625 -0.326446533203125 0.311279296875
0.0252037048339844 -0.0124740600585938 0.142333984375 -0.127655029296875
-0.000289916992187502 -0.0255718231201172 0.132568359375 -0.67462158203125
0.0054779052734375 -0.0178050994873047 -0.42529296875 -0.67608642578125
0.0193119049072266 -0.00289535522460938 -0.675048828125 -0.0349121093749999
0.0260868072509766 -0.0078887939453125 -0.33575439453125 0.406494140625
0.0270309448242187 0.00147438049316406 0.013885498046875 0.446044921875
0.0015106201171875 -0.0131464004516602 0.2200927734375 0.242355346679688
0.000389099121093749 -0.0123758316040039 0.265335083007813 0.01806640625
0.00994205474853516 -0.000720024108886719 -0.197677612304688 -0.0998077392578125
0.0260372161865234 0.02490234375 0.01409912109375 -0.2823486328125
0.0600090026855469 0.0305099487304688 0.409271240234375 -0.2830810546875
0.0313358306884766 0.0217990875244141 0.65740966796875 0.11846923828125
-0.005584716796875 -0.0401115417480469 0.30548095703125 0.67181396484375
0.02362060546875 -0.10052490234375 -0.25927734375 0.7586669921875
0.0553207397460938 -0.0699501037597656 -0.32244873046875 0.3258056640625
0.0685615539550781 -0.059234619140625 0.134979248046875 -0.116432189941406
0.0119094848632813 -0.0731430053710938 0.14508056640625 -0.66448974609375
-0.00638198852539063 -0.0513191223144531 -0.40716552734375 -0.68511962890625
0.0101804733276367 -0.0156641006469727 -0.6806640625 -0.0532226562500001
0.0332527160644531 -0.00958633422851563 -0.358734130859375 0.398529052734375
0.0358352661132812 0.0083160400390625 -0.00765991210937502 0.44207763671875
0.000945091247558594 -0.00638675689697266 0.20965576171875 0.239501953125
-0.0033721923828125 -0.00945949554443359 0.26458740234375 0.0128173828125
0.00749826431274414 -0.000679969787597656 -0.207901000976563 -0.101577758789062
0.023895263671875 0.0262947082519531 -0.016021728515625 -0.292877197265625
0.0624122619628906 0.0329971313476563 0.3619384765625 -0.319488525390625
0.0342674255371094 0.0172863006591797 0.64825439453125 0.04815673828125
-0.00897216796875001 -0.0564918518066406 0.37640380859375 0.62237548828125
0.0246810913085938 -0.138633728027344 -0.17059326171875 0.774658203125
0.0832443237304688 -0.115959167480469 -0.30438232421875 0.369110107421875
0.109794616699219 -0.0977935791015625 0.115447998046875 -0.0839767456054688
0.0302658081054688 -0.115211486816406 0.18701171875 -0.6336669921875
-0.0132369995117187 -0.082672119140625 -0.34295654296875 -0.718017578125
-0.00245094299316406 -0.0285434722900391 -0.68609619140625 -0.11883544921875
0.0329856872558594 -0.0100021362304688 -0.4149169921875 0.36962890625
0.0420112609863281 0.0125198364257813 -0.060150146484375 0.43682861328125
0.00249576568603516 -0.000468015670776367 0.185745239257813 0.24432373046875
-0.00443887710571289 -0.00722265243530274 0.258834838867188 0.0113372802734375
0.0382766723632813 -0.00469589233398438 -0.226882934570313 -0.066925048828125
0.00993824005126953 -0.0103063583374023 -0.118927001953125 -0.29119873046875
-0.00408649444580078 -0.00521039962768555 0.174835205078125 -0.43133544921875
-0.0259742736816406 0.0262470245361328 0.55194091796875 -0.25836181640625
-0.0254592895507813 0.0412025451660156 0.614013671875 0.30181884765625
-0.00185012817382813 0.0561752319335938 0.223876953125 0.73431396484375
-0.00856781005859375 0.107582092285156 -0.1944580078125 0.55255126953125
-0.055877685546875 0.104408264160156 0.00504302978515624 0.0717544555664063
-0.0408859252929688 0.103256225585937 0.375518798828125 -0.457366943359375
0.0022125244140625 0.0854644775390625 0.0641479492187499 -0.84429931640625
-0.0182533264160156 0.0409011840820313 -0.57598876953125 -0.51312255859375
-0.0382423400878906 0.00233078002929687 -0.61346435546875 0.12646484375
-0.0139236450195312 -0.0181999206542969 -0.287841796875 0.389312744140625
0.0117855072021484 -0.0273571014404297 0.082672119140625 0.291107177734375
0.0309829711914063 -0.0109653472900391 0.238449096679687 0.0651397705078125
0.0342521667480469 -0.00413703918457031 -0.218338012695313 -0.070465087890625
0.0107879638671875 -0.00709915161132812 -0.0777587890625 -0.289306640625
0.00216984748840332 -0.00398683547973633 0.255340576171875 -0.40423583984375
-0.01690673828125 0.0279064178466797 0.61083984375 -0.16888427734375
-0.01934814453125 0.0425758361816406 0.561981201171875 0.409393310546875
-0.00439071655273437 0.0625190734863281 0.0980224609375 0.76312255859375
-0.0297317504882813 0.116531372070313 -0.247650146484375 0.497833251953125
-0.068939208984375 0.110244750976563 0.0391502380371094 0.0185585021972656
-0.041229248046875 0.109275817871094 0.323577880859375 -0.530120849609375
0.00904083251953125 0.0881195068359375 -0.0797119140624999 -0.83453369140625
-0.00513458251953125 0.0443344116210938 -0.63702392578125 -0.391845703125
-0.0282230377197266 0.00306129455566407 -0.553955078125 0.2222900390625
-0.00754356384277344 -0.0174617767333984 -0.20526123046875 0.425750732421875
0.0127449035644531 -0.0296306610107422 0.124267578125 0.29046630859375
0.0281753540039063 -0.0128307342529297 0.247238159179688 0.060791015625
0.0288906097412109 -0.00330543518066406 -0.20880126953125 -0.076751708984375
0.0131378173828125 -0.00246620178222656 -0.034942626953125 -0.285186767578125
0.0129165649414063 0.000836372375488281 0.331024169921875 -0.362701416015625
-0.00809669494628907 0.0293312072753906 0.65350341796875 -0.0650634765625
-0.0163612365722656 0.0394783020019531 0.481903076171875 0.51873779296875
-0.0103607177734375 0.0563392639160156 -0.0393676757812501 0.777099609375
-0.0445022583007812 0.105697631835937 -0.29345703125 0.4354248046875
-0.0682373046875 0.1002197265625 0.07470703125 -0.0356063842773437
-0.0328140258789063 0.0964736938476562 0.26318359375 -0.5948486328125
0.0166854858398438 0.07354736328125 -0.216552734375 -0.79742431640625
0.00944900512695313 0.0382041931152344 -0.6693115234375 -0.2628173828125
-0.0138568878173828 0.00196647644042969 -0.480224609375 0.3013916015625
2.57492065429674E-05 -0.0153846740722656 -0.12060546875 0.44903564453125
0.0109748840332031 -0.0288009643554687 0.164581298828125 0.282958984375
0.0207386016845703 -0.0140762329101563 0.256759643554688 0.052825927734375
0.02337646484375 -0.00245094299316406 -0.201034545898438 -0.082855224609375
0.0166473388671875 0.00440120697021484 0.00028991699218749 -0.280364990234375
0.0274944305419922 0.00797843933105469 0.38824462890625 -0.320037841796875
0.00497817993164063 0.030914306640625 0.6715087890625 0.03887939453125
-0.0146331787109375 0.0276527404785156 0.39141845703125 0.6090087890625
-0.0139999389648438 0.0314216613769531 -0.16900634765625 0.77410888671875
-0.0441741943359375 0.0763626098632813 -0.320098876953125 0.376373291015625
-0.051177978515625 0.07354736328125 0.107200622558594 -0.0832901000976563
-0.0218391418457031 0.0677146911621094 0.1995849609375 -0.64544677734375
0.02056884765625 0.0490875244140625 -0.327880859375 -0.74761962890625
0.0190944671630859 0.0255050659179688 -0.67913818359375 -0.150146484375
0.000911474227905273 -0.00163567066192627 -0.40655517578125 0.3609619140625
0.00694942474365234 -0.0112762451171875 -0.046905517578125 0.458740234375
0.00736045837402344 -0.0266838073730469 0.19708251953125 0.268844604492188
0.0127983093261719 -0.0155248641967773 0.263763427734375 0.0409698486328125
0.0156545639038086 -0.00212574005126953 -0.197463989257813 -0.089813232421875
0.0224361419677734 0.0109443664550781 0.02294921875 -0.276229858398438
0.0412559509277344 0.0160675048828125 0.424163818359375 -0.284698486328125
0.0151138305664063 0.0296154022216797 0.67315673828125 0.11328125
-0.0114278793334961 0.00852394104003906 0.31475830078125 0.667236328125
-0.00733518600463867 -0.00708150863647461 -0.2623291015625 0.758544921875
-0.0238666534423828 0.0317840576171875 -0.332489013671875 0.33099365234375
-0.0187702178955078 0.0347652435302734 0.131599426269531 -0.11639404296875
-0.0104446411132812 0.0252914428710937 0.15350341796875 -0.67181396484375
0.0170116424560547 0.0167207717895508 -0.3975830078125 -0.70111083984375
0.0236721038818359 0.0113601684570313 -0.678955078125 -0.0700683593749999
0.0149469375610352 -0.0037078857421875 -0.3541259765625 0.397674560546875
0.0170440673828125 -0.00526332855224609 0.000762939453124985 0.4569091796875
0.00431442260742188 -0.0204257965087891 0.217117309570313 0.254974365234375
0.00613021850585938 -0.0142631530761719 0.26947021484375 0.02825927734375
0.0138912200927734 -0.00154399871826172 -0.195999145507813 -0.0949554443359375
0.0252361297607422 0.0187225341796875 0.027069091796875 -0.276870727539063
0.0527687072753906 0.024261474609375 0.431060791015625 -0.26885986328125
0.0248126983642578 0.0271968841552734 0.66510009765625 0.14239501953125
-0.00751113891601563 -0.0161399841308594 0.27935791015625 0.68768310546875
0.00970077514648437 -0.0529289245605469 -0.29150390625 0.75128173828125
0.0140018463134766 -0.0190505981445313 -0.330718994140625 0.312103271484375
0.0248966217041016 -0.0129928588867187 0.142425537109375 -0.128280639648438
-0.00029754638671875 -0.0252799987792969 0.13287353515625 -0.67657470703125
0.0059356689453125 -0.0179214477539063 -0.4263916015625 -0.68133544921875
0.0200233459472656 -0.00348472595214844 -0.6781005859375 -0.03570556640625
0.0268669128417969 -0.00769996643066406 -0.338531494140625 0.408294677734375
0.0265083312988281 0.00205421447753906 0.012237548828125 0.449310302734375
0.00109291076660156 -0.0134744644165039 0.22210693359375 0.243896484375
0.000330924987792967 -0.0125951766967773 0.26904296875 0.0181121826171875
0.00993251800537109 -0.00162982940673828 -0.199417114257813 -0.099334716796875
0.0269813537597656 0.0242538452148438 0.013916015625 -0.284027099609375
0.0606613159179688 0.029541015625 0.410675048828125 -0.282379150390625
0.0315876007080078 0.021575927734375 0.66156005859375 0.12054443359375
-0.0042266845703125 -0.0409889221191406 0.30743408203125 0.6788330078125
0.0244140625 -0.100746154785156 -0.26226806640625 0.76336669921875
0.055633544921875 -0.0697097778320313 -0.324737548828125 0.327789306640625
0.0693359375 -0.0588493347167969 0.134788513183594 -0.116714477539063
0.0121078491210938 -0.0735702514648438 0.145751953125 -0.66741943359375
-0.00571823120117187 -0.0522651672363281 -0.4090576171875 -0.68994140625
0.0105476379394531 -0.0161628723144531 -0.68511962890625 -0.05523681640625
0.0322380065917969 -0.00930976867675781 -0.36248779296875 0.40155029296875
0.0355491638183594 0.00811767578125 -0.00857543945312495 0.44342041015625
0.00103187561035156 -0.00601339340209961 0.210723876953125 0.23968505859375
-0.00376415252685547 -0.00948905944824219 0.265579223632813 0.01251220703125
0.00770330429077149 -0.000558853149414063 -0.208084106445313 -0.102386474609375
0.0248489379882812 0.0264987945556641 -0.01641845703125 -0.29437255859375
0.0626907348632813 0.0328559875488281 0.365203857421875 -0.320770263671875
0.0334873199462891 0.0173149108886719 0.65032958984375 0.05029296875
-0.00921249389648438 -0.0570259094238281 0.3785400390625 0.62640380859375
0.0252914428710938 -0.139846801757813 -0.1741943359375 0.77838134765625
0.0842132568359375 -0.116676330566406 -0.30755615234375 0.372314453125
0.110816955566406 -0.096466064453125 0.114082336425781 -0.08355712890625
0.0308303833007812 -0.115631103515625 0.18927001953125 -0.63623046875
-0.0128021240234375 -0.0840606689453125 -0.34466552734375 -0.72412109375
-0.00232696533203125 -0.0283718109130859 -0.69317626953125 -0.11865234375
0.03271484375 -0.0109081268310547 -0.41766357421875 0.372772216796875
0.0429267883300781 0.0123252868652344 -0.062286376953125 0.43841552734375
0.00183093547821045 -0.000120639801025391 0.187637329101563 0.244537353515625
-0.00413274765014648 -0.00704240798950195 0.25994873046875 0.011749267578125
0.0377883911132812 -0.00444793701171875 -0.230178833007813 -0.0673065185546876
0.0115175247192383 -0.00853538513183594 -0.1217041015625 -0.291229248046875
-0.0052952766418457 -0.00809431076049805 0.17352294921875 -0.4354248046875
-0.0268039703369141 0.0253639221191406 0.555450439453125 -0.259368896484375
-0.0252494812011719 0.0416412353515625 0.61822509765625 0.3028564453125
-0.000827789306640629 0.0560989379882813 0.2281494140625 0.739990234375
-0.0088958740234375 0.107894897460937 -0.1962890625 0.55645751953125
-0.056365966796875 0.105125427246094 0.00456237792968749 0.0708541870117188
-0.0397567749023437 0.104537963867188 0.37908935546875 -0.46221923828125
0.0025787353515625 0.0855636596679688 0.06463623046875 -0.849365234375
-0.0179595947265625 0.0422554016113281 -0.578857421875 -0.51629638671875
-0.0390586853027344 0.00299835205078125 -0.61944580078125 0.12750244140625
-0.0136070251464844 -0.0184574127197266 -0.289825439453125 0.39093017578125
0.0120944976806641 -0.0280723571777344 0.084716796875 0.29388427734375
0.0303363800048828 -0.0122013092041016 0.241043090820313 0.0660552978515625
0.0348014831542969 -0.00452232360839844 -0.22027587890625 -0.0700836181640625
0.0112695693969727 -0.00676631927490234 -0.078857421875 -0.291961669921875
0.00115871429443359 -0.00383090972900391 0.255340576171875 -0.406036376953125
-0.0191383361816406 0.0288829803466797 0.61480712890625 -0.169921875
-0.0189323425292969 0.0439720153808594 0.56549072265625 0.41241455078125
-0.0027313232421875 0.0632514953613281 0.0991821289062499 0.76849365234375
-0.0290985107421875 0.117149353027344 -0.250244140625 0.501739501953125
-0.0716171264648437 0.111259460449219 0.0381927490234375 0.017822265625
-0.0417404174804688 0.111366271972656 0.32537841796875 -0.534698486328125
0.0104751586914062 0.0883865356445313 -0.0821533203124999 -0.83978271484375
-0.00486373901367187 0.0440483093261719 -0.64105224609375 -0.39453125
-0.0286636352539063 0.00352668762207031 -0.558502197265625 0.2237548828125
-0.00789070129394531 -0.0186042785644531 -0.205841064453125 0.42816162109375
0.01263427734375 -0.0290145874023438 0.126312255859375 0.291900634765625
0.0272045135498047 -0.0142498016357422 0.250015258789063 0.0613861083984375
0.0279312133789063 -0.00420188903808594 -0.21038818359375 -0.0758819580078125
0.0135822296142578 -0.00226020812988281 -0.03570556640625 -0.28790283203125
0.0134286880493164 0.000489234924316406 0.330535888671875 -0.3668212890625
-0.00732803344726563 0.029998779296875 0.65753173828125 -0.06439208984375
-0.016754150390625 0.0394821166992188 0.485626220703125 0.521942138671875
-0.00998687744140624 0.0547943115234375 -0.04071044921875 0.7843017578125
-0.045806884765625 0.106948852539063 -0.2960205078125 0.4384765625
-0.0689010620117187 0.101348876953125 0.0749435424804688 -0.0351486206054687
-0.03271484375 0.098388671875 0.26446533203125 -0.59832763671875
0.0185470581054688 0.0751419067382813 -0.21673583984375 -0.8033447265625
0.00917816162109375 0.0381317138671875 -0.6748046875 -0.26312255859375
-0.0142917633056641 0.00186538696289063 -0.483612060546875 0.30401611328125
-0.000247955322265624 -0.0152387619018555 -0.120330810546875 0.45245361328125
0.0111198425292969 -0.029541015625 0.167633056640625 0.28338623046875
0.0212306976318359 -0.0143260955810547 0.26043701171875 0.0532684326171875
0.0230541229248047 -0.00255012512207031 -0.202041625976563 -0.0828399658203124
0.0182781219482422 0.00403976440429688 -6.10351562500291E-05 -0.282257080078125
0.0266036987304687 0.00688362121582031 0.390411376953125 -0.322265625
0.00523185729980469 0.0311660766601563 0.677001953125 0.0377197265625
-0.0149726867675781 0.028106689453125 0.39520263671875 0.61328125
-0.0141010284423828 0.0311946868896484 -0.17120361328125 0.78082275390625
-0.0453262329101562 0.07659912109375 -0.3245849609375 0.37994384765625
-0.0518646240234375 0.074951171875 0.107490539550781 -0.0832366943359375
-0.0218276977539062 0.0688209533691406 0.20098876953125 -0.6480712890625
0.0215835571289063 0.0505599975585938 -0.33148193359375 -0.75341796875
0.0190563201904297 0.0264377593994141 -0.6846923828125 -0.14990234375
0.000541090965270996 -0.00152790546417236 -0.411468505859375 0.365966796875
0.007080078125 -0.0104160308837891 -0.0469970703125 0.461029052734375
0.00712013244628906 -0.0268383026123047 0.199813842773438 0.27001953125
0.0125617980957031 -0.0155487060546875 0.267288208007813 0.042266845703125
0.0164022445678711 -0.00177764892578125 -0.1993408203125 -0.0894622802734375
0.0223178863525391 0.0120735168457031 0.021697998046875 -0.278610229492188
0.0421524047851563 0.0165863037109375 0.425201416015625 -0.285797119140625
0.015594482421875 0.0301475524902344 0.67681884765625 0.11407470703125
-0.0118827819824219 0.00774669647216797 0.31707763671875 0.67144775390625
-0.0066380500793457 -0.00707387924194336 -0.2650146484375 0.7664794921875
-0.0244636535644531 0.0320167541503906 -0.335174560546875 0.334930419921875
-0.0190277099609375 0.0351104736328125 0.131576538085938 -0.116012573242188
-0.0102291107177734 0.0262050628662109 0.15460205078125 -0.677490234375
0.0164718627929688 0.0172214508056641 -0.40081787109375 -0.70843505859375
0.0227069854736328 0.0114860534667969 -0.6827392578125 -0.0715332031250001
0.0155191421508789 -0.00442695617675781 -0.35626220703125 0.39892578125
0.016209602355957 -0.00418758392333984 0.00189208984374999 0.45941162109375
0.00394058227539063 -0.0208797454833984 0.219253540039063 0.256454467773438
0.005157470703125 -0.0152740478515625 0.271835327148438 0.029266357421875
0.0141773223876953 -0.00176525115966797 -0.197998046875 -0.0949859619140625
0.0254478454589844 0.0189228057861328 0.0268707275390625 -0.277908325195313
0.054473876953125 0.0237350463867188 0.433258056640625 -0.2701416015625
0.0246829986572266 0.0287628173828125 0.671875 0.14410400390625
-0.00733757019042969 -0.0164346694946289 0.28240966796875 0.6947021484375
0.00951004028320313 -0.0531044006347656 -0.2952880859375 0.7586669921875
0.0138053894042969 -0.0190906524658203 -0.33245849609375 0.31512451171875
0.0249538421630859 -0.012481689453125 0.14154052734375 -0.129440307617188
-0.000900268554687501 -0.024017333984375 0.13427734375 -0.68109130859375
0.00726318359375 -0.0181198120117188 -0.4295654296875 -0.68731689453125
0.01983642578125 -0.002777099609375 -0.68328857421875 -0.0362548828125
0.0261859893798828 -0.00667572021484375 -0.339111328125 0.413177490234375
0.0259666442871094 0.000904083251953125 0.0148315429687501 0.4515380859375
0.000921249389648437 -0.0134754180908203 0.222686767578125 0.245223999023438
-0.00112247467041016 -0.0120983123779297 0.270706176757813 0.01739501953125
0.0109825134277344 -0.000353813171386719 -0.202468872070313 -0.0991973876953125
0.026519775390625 0.0244770050048828 0.013275146484375 -0.2860107421875
0.0609970092773438 0.0293922424316406 0.413818359375 -0.28546142578125
0.0320568084716797 0.0230026245117188 0.6668701171875 0.12060546875
-0.0056304931640625 -0.0407905578613281 0.30938720703125 0.68255615234375
0.0244216918945313 -0.102066040039062 -0.26226806640625 0.7679443359375
0.05535888671875 -0.07086181640625 -0.32843017578125 0.3316650390625
0.0699539184570313 -0.0569610595703125 0.134559631347656 -0.11767578125
0.012908935546875 -0.0745773315429687 0.146240234375 -0.6717529296875
-0.00578308105468751 -0.0520248413085938 -0.4114990234375 -0.69488525390625
0.0110378265380859 -0.0164737701416016 -0.689208984375 -0.0538330078124999
0.0331573486328125 -0.00958633422851563 -0.36273193359375 0.403594970703125
0.0357818603515625 0.00869369506835938 -0.00802612304687504 0.44769287109375
-5.72204589843756E-05 -0.00563144683837891 0.2132568359375 0.24249267578125
-0.00411701202392578 -0.00898361206054688 0.269485473632813 0.01068115234375
0.0089569091796875 -0.000782966613769531 -0.211593627929688 -0.101287841796875
0.0256938934326172 0.0274620056152344 -0.016510009765625 -0.2967529296875
0.0628242492675781 0.0318107604980469 0.36590576171875 -0.322723388671875
0.0346050262451172 0.0180988311767578 0.656494140625 0.04937744140625
-0.00830459594726563 -0.0575370788574219 0.3826904296875 0.63226318359375
0.0256500244140625 -0.1412353515625 -0.1729736328125 0.7861328125
0.0834503173828125 -0.118179321289063 -0.308197021484375 0.37445068359375
0.110908508300781 -0.0969314575195313 0.115676879882813 -0.0841140747070313
0.0312347412109375 -0.116737365722656 0.1903076171875 -0.64208984375
-0.0127182006835938 -0.0838165283203125 -0.34527587890625 -0.72784423828125
-0.00206756591796875 -0.0284214019775391 -0.6954345703125 -0.12060546875
0.0324192047119141 -0.0109214782714844 -0.420684814453125 0.37493896484375
0.0435791015625 0.0124893188476562 -0.06103515625 0.441741943359375
0.00217890739440918 0.000563502311706543 0.189712524414063 0.246322631835938
-0.00507879257202148 -0.00657129287719727 0.263198852539063 0.0100860595703125
0.0399208068847656 -0.0047454833984375 -0.233505249023438 -0.06549072265625
0.010615348815918 -0.00888442993164062 -0.123748779296875 -0.29327392578125
-0.00465154647827148 -0.00664615631103516 0.17352294921875 -0.43829345703125
-0.0263442993164062 0.0261783599853516 0.55877685546875 -0.263671875
-0.0263748168945313 0.0435981750488281 0.62408447265625 0.30621337890625
-0.000610351562499997 0.0566177368164062 0.23297119140625 0.74603271484375
-0.00931549072265625 0.108192443847656 -0.19805908203125 0.56243896484375
-0.0571823120117188 0.106781005859375 0.00433349609374999 0.0716323852539062
-0.0414199829101562 0.105499267578125 0.38031005859375 -0.465087890625
0.00339508056640625 0.0879058837890625 0.0654296875 -0.85638427734375
-0.0181846618652344 0.0434646606445313 -0.58551025390625 -0.518798828125
-0.0404930114746094 0.00242233276367188 -0.6241455078125 0.1309814453125
-0.0131359100341797 -0.0174045562744141 -0.28961181640625 0.39703369140625
0.0119991302490234 -0.0276699066162109 0.087921142578125 0.294342041015625
0.0300979614257813 -0.012115478515625 0.243789672851562 0.063720703125
0.0350704193115234 -0.00339508056640625 -0.223342895507813 -0.0693359375
0.0119113922119141 -0.00654506683349609 -0.0804443359375 -0.292083740234375
0.00225114822387695 -0.00436830520629883 0.255035400390625 -0.409332275390625
-0.018585205078125 0.0289592742919922 0.6201171875 -0.17315673828125
-0.0198287963867188 0.0438117980957031 0.57269287109375 0.4169921875
-0.00241470336914063 0.0645904541015625 0.1041259765625 0.77679443359375
-0.0299835205078125 0.11810302734375 -0.251922607421875 0.507415771484375
-0.0709609985351563 0.112823486328125 0.0374717712402344 0.0184364318847656
-0.042388916015625 0.112251281738281 0.326416015625 -0.53753662109375
0.010711669921875 0.0898284912109375 -0.0836791992187499 -0.84442138671875
-0.00454330444335937 0.046295166015625 -0.6480712890625 -0.39569091796875
-0.0280876159667969 0.00377655029296875 -0.560211181640625 0.226531982421875
-0.00837898254394531 -0.0187625885009766 -0.205322265625 0.43048095703125
0.0127506256103516 -0.0308990478515625 0.128204345703125 0.29437255859375
0.0263156890869141 -0.0135211944580078 0.253326416015625 0.060882568359375
0.0297164916992188 -0.00386619567871094 -0.214370727539062 -0.0747833251953124
0.0151290893554687 -0.00273704528808594 -0.0372314453125 -0.289398193359375
0.0138273239135742 -0.000199317932128906 0.332275390625 -0.3707275390625
-0.00666236877441406 0.0312442779541016 0.66339111328125 -0.068359375
-0.0161361694335937 0.0403633117675781 0.490631103515625 0.52655029296875
-0.0108757019042969 0.0556259155273438 -0.03875732421875 0.790771484375
-0.04498291015625 0.107589721679688 -0.29705810546875 0.4447021484375
-0.0696182250976563 0.102790832519531 0.0740966796875 -0.0367050170898437
-0.033294677734375 0.100135803222656 0.26593017578125 -0.60302734375
0.0177230834960937 0.0771636962890625 -0.22271728515625 -0.8087158203125
0.00992202758789063 0.0397109985351563 -0.67974853515625 -0.265380859375
-0.0144872665405273 0.00260353088378907 -0.48590087890625 0.308135986328125
-0.000797271728515624 -0.0162334442138672 -0.12109375 0.456939697265625
0.0110111236572266 -0.0301399230957031 0.169158935546875 0.285308837890625
0.0207443237304688 -0.0152568817138672 0.26348876953125 0.0519866943359375
0.0227985382080078 -0.00255584716796875 -0.206939697265625 -0.0820770263671875
0.0185565948486328 0.00429534912109375 -0.002288818359375 -0.284088134765625
0.0276012420654297 0.00669670104980469 0.39501953125 -0.32568359375
0.00496673583984375 0.0321788787841797 0.6832275390625 0.03619384765625
-0.0148658752441406 0.0286483764648438 0.39892578125 0.6192626953125
-0.0134944915771484 0.0318813323974609 -0.170654296875 0.7896728515625
-0.0452194213867187 0.0769119262695313 -0.32568359375 0.3829345703125
-0.0518646240234375 0.0751190185546875 0.106758117675781 -0.0848617553710938
-0.0218467712402344 0.0700187683105469 0.200439453125 -0.65374755859375
0.0222740173339844 0.0509376525878906 -0.33416748046875 -0.75811767578125
0.0202999114990234 0.0269412994384766 -0.69158935546875 -0.149169921875
0.00108760595321655 -0.000957250595092773 -0.412078857421875 0.369476318359375
0.00769901275634766 -0.0116376876831055 -0.045745849609375 0.4659423828125
0.00766944885253906 -0.0269775390625 0.201873779296875 0.271820068359375
0.0136899948120117 -0.0156888961791992 0.270797729492188 0.040802001953125
0.0181159973144531 -0.00155830383300781 -0.202239990234375 -0.08856201171875
0.0230560302734375 0.0124549865722656 0.020721435546875 -0.280075073242187
0.0423660278320313 0.0150299072265625 0.427337646484375 -0.2896728515625
0.0152397155761719 0.0305995941162109 0.68194580078125 0.114013671875
-0.0116901397705078 0.00874519348144531 0.32232666015625 0.67926025390625
-0.00739336013793945 -0.00760269165039062 -0.26593017578125 0.77392578125
-0.0243721008300781 0.0332107543945313 -0.33880615234375 0.33807373046875
-0.0188217163085938 0.0352363586425781 0.131423950195313 -0.117080688476562
-0.0115127563476563 0.0273208618164063 0.15380859375 -0.68035888671875
0.0176277160644531 0.0176563262939453 -0.40606689453125 -0.71124267578125
0.0236358642578125 0.0111637115478516 -0.6883544921875 -0.0687866210937501
0.0147428512573242 -0.00432682037353516 -0.358489990234375 0.404632568359375
0.0159921646118164 -0.00441074371337891 0.00332641601562497 0.46337890625
0.00333786010742187 -0.0201339721679687 0.223617553710938 0.257583618164063
0.00544071197509766 -0.0146646499633789 0.275344848632813 0.02752685546875
0.0141124725341797 -0.00201702117919922 -0.201202392578125 -0.0947113037109375
0.0275440216064453 0.0197372436523438 0.0257568359375 -0.280502319335938
0.0541877746582031 0.0237998962402344 0.435943603515625 -0.274658203125
0.0250968933105469 0.0283050537109375 0.67803955078125 0.142822265625
-0.00748062133789062 -0.0168666839599609 0.2872314453125 0.69818115234375
0.01025390625 -0.0538101196289063 -0.29620361328125 0.76531982421875
0.0136566162109375 -0.0182247161865234 -0.33599853515625 0.318511962890625
0.0240402221679688 -0.0124053955078125 0.14227294921875 -0.12994384765625
-0.00145721435546875 -0.0250492095947266 0.13360595703125 -0.68768310546875
0.00710487365722656 -0.017852783203125 -0.432861328125 -0.6904296875
0.0207252502441406 -0.00264167785644531 -0.6888427734375 -0.03607177734375
0.0268096923828125 -0.00792884826660156 -0.34173583984375 0.41705322265625
0.0264968872070313 0.0023193359375 0.01605224609375 0.455474853515625
-1.14440917968742E-05 -0.013153076171875 0.226470947265625 0.24578857421875
7.24792480468749E-05 -0.0123691558837891 0.274826049804688 0.01708984375
0.0109195709228516 -0.000530242919921875 -0.205276489257813 -0.0999755859375
0.0274829864501953 0.0248336791992188 0.011932373046875 -0.28814697265625
0.061676025390625 0.0301437377929687 0.4154052734375 -0.287750244140625
0.0316696166992188 0.0230216979980469 0.673583984375 0.119384765625
-0.00513076782226562 -0.0416145324707031 0.312744140625 0.6883544921875
0.0243148803710938 -0.102569580078125 -0.2646484375 0.77691650390625
0.055511474609375 -0.07147216796875 -0.3306884765625 0.335479736328125
0.069244384765625 -0.0576095581054688 0.135498046875 -0.118377685546875
0.0116119384765625 -0.0743637084960937 0.145751953125 -0.67767333984375
-0.00543594360351563 -0.0532302856445313 -0.41644287109375 -0.7005615234375
0.0108270645141602 -0.0169353485107422 -0.6959228515625 -0.0527954101562499
0.0336589813232422 -0.0091094970703125 -0.36614990234375 0.408233642578125
0.0365219116210938 0.00790786743164062 -0.00665283203124997 0.450469970703125
4.43458557128902E-05 -0.00558137893676758 0.216110229492188 0.242416381835937
-0.004119873046875 -0.00882816314697265 0.272003173828125 0.0097808837890625
0.00726604461669922 -0.000338554382324219 -0.213241577148438 -0.101333618164062
0.0259933471679688 0.0269699096679688 -0.01904296875 -0.297882080078125
0.0628776550292969 0.0324745178222656 0.368011474609375 -0.32513427734375
0.03533935546875 0.0184783935546875 0.6629638671875 0.0489501953125
-0.0100593566894531 -0.05841064453125 0.386474609375 0.63677978515625
0.0255126953125 -0.143173217773437 -0.17279052734375 0.79217529296875
0.0840530395507812 -0.118843078613281 -0.311859130859375 0.378936767578125
0.112358093261719 -0.096771240234375 0.114089965820313 -0.084442138671875
0.0323715209960938 -0.116462707519531 0.19012451171875 -0.6473388671875
-0.0130462646484375 -0.084564208984375 -0.35125732421875 -0.73406982421875
-0.00294876098632812 -0.0287799835205078 -0.7015380859375 -0.11895751953125
0.0328121185302734 -0.0104598999023438 -0.422943115234375 0.379364013671875
0.0433425903320313 0.0124282836914062 -0.0606689453125 0.4461669921875
0.00281000137329102 0.000637292861938477 0.191879272460938 0.247512817382813
-0.00560331344604492 -0.00702524185180664 0.266952514648438 0.0099334716796875
0.0392417907714844 -0.00585556030273437 -0.236709594726563 -0.0642547607421875
0.0122833251953125 -0.00895214080810547 -0.12762451171875 -0.294097900390625
-0.00499963760375976 -0.00687313079833984 0.17095947265625 -0.44293212890625
-0.0272789001464844 0.0280532836914063 0.561920166015625 -0.268402099609375
-0.02691650390625 0.0422554016113281 0.6300048828125 0.30517578125
0.000442504882812496 0.0569000244140625 0.237060546875 0.75262451171875
-0.00834655761718751 0.109512329101563 -0.19659423828125 0.568359375
-0.0577239990234375 0.108169555664063 0.00360870361328124 0.0724639892578125
-0.0408172607421875 0.107818603515625 0.380462646484375 -0.469146728515625
0.0052032470703125 0.0893402099609375 0.0628662109375 -0.86468505859375
-0.0178108215332031 0.0437049865722656 -0.59185791015625 -0.52197265625
-0.0400466918945313 0.00337219238281249 -0.62713623046875 0.1361083984375
-0.0137615203857422 -0.0183811187744141 -0.2901611328125 0.4007568359375
0.0123710632324219 -0.0281944274902344 0.087982177734375 0.295623779296875
0.0315780639648438 -0.0130081176757813 0.247512817382812 0.0638580322265625
0.0351200103759766 -0.00452041625976563 -0.22637939453125 -0.06646728515625
0.0120134353637695 -0.00609016418457031 -0.084625244140625 -0.294708251953125
0.00169134140014648 -0.00495719909667969 0.25445556640625 -0.4150390625
-0.0187835693359375 0.0297069549560547 0.62432861328125 -0.17852783203125
-0.0204277038574219 0.0452766418457031 0.57928466796875 0.41607666015625
-0.00246429443359376 0.0643196105957031 0.10931396484375 0.7843017578125
-0.0294113159179688 0.118927001953125 -0.25262451171875 0.513702392578125
-0.07147216796875 0.115371704101563 0.0369644165039062 0.0181655883789063
-0.0417098999023437 0.115074157714844 0.327392578125 -0.54351806640625
0.0121002197265625 0.09088134765625 -0.086669921875 -0.8525390625
-0.0042266845703125 0.0454483032226563 -0.654296875 -0.39776611328125
-0.0294532775878906 0.00451469421386719 -0.56597900390625 0.23089599609375
-0.00856971740722656 -0.0188713073730469 -0.2061767578125 0.437042236328125
0.0127048492431641 -0.0304126739501953 0.131103515625 0.296234130859375
0.0274581909179688 -0.0141334533691406 0.256134033203125 0.0596923828125
0.0301856994628906 -0.0040740966796875 -0.216903686523438 -0.0742034912109375
0.0146322250366211 -0.00265789031982422 -0.040435791015625 -0.291656494140625
0.0125999450683594 -0.00119781494140625 0.331817626953125 -0.375274658203125
-0.00771331787109375 0.0313091278076172 0.66754150390625 -0.0709228515625
-0.0162734985351563 0.0404701232910156 0.49908447265625 0.52825927734375
-0.0106353759765625 0.0564765930175781 -0.0357666015625 0.79876708984375
-0.0461502075195313 0.108512878417969 -0.29876708984375 0.4481201171875
-0.0700759887695313 0.1041259765625 0.0734329223632813 -0.036529541015625
-0.033721923828125 0.101181030273438 0.263916015625 -0.60986328125
0.0193710327148437 0.076873779296875 -0.22711181640625 -0.8143310546875
0.00883865356445313 0.0395088195800781 -0.688232421875 -0.2652587890625
-0.0149574279785156 0.00188255310058594 -0.490875244140625 0.314483642578125
-0.00106334686279297 -0.0165281295776367 -0.1190185546875 0.462646484375
0.0101909637451172 -0.0302848815917969 0.173065185546875 0.28753662109375
0.0207710266113281 -0.0156421661376953 0.26617431640625 0.052001953125
0.0237884521484375 -0.00317955017089844 -0.209320068359375 -0.0805816650390625
0.0188541412353516 0.00413703918457031 -0.00463867187499998 -0.286041259765625
0.0281581878662109 0.00645828247070312 0.393798828125 -0.330718994140625
0.00440788269042968 0.0332241058349609 0.68994140625 0.03375244140625
-0.0147571563720703 0.0287036895751953 0.40679931640625 0.623291015625
-0.0138301849365234 0.0325775146484375 -0.169189453125 0.7969970703125
-0.0468826293945313 0.0771102905273437 -0.328338623046875 0.388763427734375
-0.053009033203125 0.0771484375 0.107063293457031 -0.0855941772460938
-0.0211334228515625 0.0716476440429688 0.19921875 -0.659912109375
0.0224800109863281 0.0514411926269531 -0.34039306640625 -0.76519775390625
0.0191478729248047 0.0264034271240234 -0.6983642578125 -0.147705078125
0.000612378120422363 -0.000677585601806641 -0.4149169921875 0.374847412109375
0.00712108612060547 -0.0110692977905273 -0.042877197265625 0.46954345703125
0.00716590881347656 -0.0269031524658203 0.204864501953125 0.2740478515625
0.0126972198486328 -0.0154581069946289 0.273529052734375 0.038665771484375
0.0164823532104492 -0.00170326232910156 -0.205810546875 -0.087554931640625
0.0236701965332031 0.0124340057373047 0.01806640625 -0.282501220703125
0.0416641235351563 0.0154342651367188 0.4293212890625 -0.29351806640625
0.0169563293457031 0.0313549041748047 0.688720703125 0.11114501953125
-0.0126628875732422 0.00920677185058594 0.327392578125 0.68212890625
-0.00722599029541016 -0.00592899322509766 -0.26226806640625 0.78094482421875
-0.0260772705078125 0.0329475402832031 -0.341461181640625 0.343414306640625
-0.0200233459472656 0.0367088317871094 0.130828857421875 -0.119644165039063
-0.0104274749755859 0.0268383026123047 0.1514892578125 -0.6861572265625
0.01788330078125 0.0180492401123047 -0.4129638671875 -0.7156982421875
0.0238609313964844 0.0109024047851563 -0.69500732421875 -0.0667724609375
0.0144557952880859 -0.00420951843261719 -0.36029052734375 0.410003662109375
0.0162239074707031 -0.00452518463134766 0.00616455078124995 0.467498779296875
0.00336456298828125 -0.0209064483642578 0.226669311523437 0.258148193359375
0.00583362579345703 -0.0149755477905273 0.276702880859375 0.0269012451171875
0.0143709182739258 -0.00115966796875 -0.203948974609375 -0.0938720703125
0.0274467468261719 0.0185070037841797 0.023468017578125 -0.282867431640625
0.05474853515625 0.0238418579101562 0.43695068359375 -0.277008056640625
0.0256919860839844 0.0290050506591797 0.6859130859375 0.14141845703125
-0.00777339935302734 -0.0160675048828125 0.292724609375 0.7044677734375
0.0105781555175781 -0.0551948547363281 -0.29461669921875 0.77337646484375
0.0127544403076172 -0.0188312530517578 -0.3392333984375 0.32305908203125
0.0234870910644531 -0.0116195678710938 0.142349243164063 -0.131729125976563
-0.000261306762695313 -0.0243587493896484 0.1312255859375 -0.693603515625
0.00731468200683594 -0.0183258056640625 -0.44073486328125 -0.695068359375
0.0204372406005859 -0.0041046142578125 -0.6956787109375 -0.0325927734375001
0.0272598266601563 -0.00732803344726563 -0.343841552734375 0.42144775390625
0.0272636413574219 0.00186729431152344 0.01861572265625 0.457855224609375
0.000288963317871094 -0.0125761032104492 0.229324340820313 0.246841430664063
-0.000993728637695313 -0.0123128890991211 0.277359008789063 0.0155792236328125
0.0108547210693359 -6.77108764648437E-05 -0.208328247070313 -0.0983123779296875
0.028778076171875 0.0248622894287109 0.00973510742187498 -0.290130615234375
0.06231689453125 0.0300407409667969 0.417388916015625 -0.291839599609375
0.0331230163574219 0.0235710144042969 0.6787109375 0.117919921875
-0.00567245483398438 -0.0410270690917969 0.320068359375 0.693115234375
0.0245819091796875 -0.103843688964844 -0.2625732421875 0.78515625
0.0544586181640625 -0.07183837890625 -0.332305908203125 0.33941650390625
0.0699844360351563 -0.0584716796875 0.134391784667969 -0.120635986328125
0.0120620727539062 -0.0744781494140625 0.1451416015625 -0.68109130859375
-0.00549697875976562 -0.0522117614746094 -0.42352294921875 -0.70550537109375
0.0109777450561523 -0.0168466567993164 -0.70233154296875 -0.0507202148437499
0.0325260162353516 -0.00928878784179687 -0.366241455078125 0.41363525390625
0.0379257202148438 0.00787734985351563 -0.00305175781250002 0.454315185546875
0.00033259391784668 -0.00433969497680664 0.21990966796875 0.243057250976563
-0.00452899932861328 -0.00920295715332031 0.274658203125 0.0085296630859375
0.00755453109741211 -0.000483036041259766 -0.217544555664062 -0.1015625
0.0278263092041016 0.0267982482910156 -0.020355224609375 -0.30047607421875
0.0637779235839844 0.0315704345703125 0.369140625 -0.32916259765625
0.0355644226074219 0.0187454223632813 0.66876220703125 0.04571533203125
-0.00907516479492187 -0.0586128234863281 0.39306640625 0.6414794921875
0.025665283203125 -0.144210815429688 -0.17041015625 0.8001708984375
0.0831756591796875 -0.119720458984375 -0.31378173828125 0.38433837890625
0.11163330078125 -0.0975799560546875 0.114097595214844 -0.0844955444335937
0.0316848754882812 -0.117774963378906 0.18853759765625 -0.6522216796875
-0.01324462890625 -0.0845260620117188 -0.355712890625 -0.740234375
-0.00185966491699219 -0.0290946960449219 -0.70849609375 -0.11822509765625
0.0335464477539063 -0.0110054016113281 -0.424896240234375 0.384735107421875
0.0437202453613281 0.0120162963867188 -0.058380126953125 0.44854736328125
0.00266146659851074 0.00152683258056641 0.19384765625 0.24853515625
-0.00616884231567383 -0.0071873664855957 0.269119262695313 0.0081939697265625
0.0402565002441406 -0.00562286376953125 -0.241775512695313 -0.0610504150390625
0.011866569519043 -0.00958538055419922 -0.130889892578125 -0.2967529296875
-0.00448036193847656 -0.00790309906005859 0.17010498046875 -0.44775390625
-0.0279293060302734 0.0283584594726563 0.56378173828125 -0.27423095703125
-0.0268745422363281 0.0444793701171875 0.63787841796875 0.30450439453125
0.000209808349609376 0.0554389953613281 0.24566650390625 0.75653076171875
-0.00831604003906249 0.110786437988281 -0.1956787109375 0.57501220703125
-0.0583038330078125 0.1102294921875 0.00265502929687499 0.07366943359375
-0.0411376953125 0.109687805175781 0.380584716796875 -0.4755859375
0.00521850585937501 0.089691162109375 0.0565185546875001 -0.87225341796875
-0.0166053771972656 0.0450935363769531 -0.601806640625 -0.521728515625
-0.0408096313476562 0.00414276123046876 -0.6326904296875 0.14129638671875
-0.0148906707763672 -0.0186996459960938 -0.28948974609375 0.40753173828125
0.0108680725097656 -0.0294075012207031 0.091644287109375 0.29931640625
0.0310001373291016 -0.0137310028076172 0.25103759765625 0.0612335205078125
0.0359649658203125 -0.00553131103515625 -0.230026245117187 -0.066375732421875
0.012354850769043 -0.00686931610107422 -0.088104248046875 -0.2950439453125
0.001861572265625 -0.0064845085144043 0.25390625 -0.419769287109375
-0.0194892883300781 0.03057861328125 0.6279296875 -0.18243408203125
-0.0202865600585938 0.0452384948730469 0.5877685546875 0.41802978515625
-0.00240707397460937 0.066009521484375 0.11474609375 0.79107666015625
-0.029693603515625 0.11968994140625 -0.25146484375 0.5191650390625
-0.0727157592773437 0.117279052734375 0.0364532470703125 0.0190200805664063
-0.04180908203125 0.115325927734375 0.3275146484375 -0.550323486328125
0.0123977661132813 0.0922775268554688 -0.0942993164062499 -0.85980224609375
-0.0034637451171875 0.0459365844726563 -0.66302490234375 -0.395751953125
-0.0292797088623047 0.00486564636230469 -0.5703125 0.23895263671875
-0.00853919982910156 -0.018463134765625 -0.204132080078125 0.443084716796875
0.0119915008544922 -0.0305995941162109 0.134735107421875 0.297607421875
0.0263442993164063 -0.0145130157470703 0.260726928710938 0.05810546875
0.0305938720703125 -0.0040435791015625 -0.220062255859375 -0.0717010498046875
0.0161962509155273 -0.00232315063476563 -0.04290771484375 -0.292144775390625
0.0137557983398437 -0.00107192993164063 0.331634521484375 -0.37969970703125
-0.00760650634765625 0.0324821472167969 0.67413330078125 -0.076171875
-0.0170059204101563 0.0416946411132813 0.5079345703125 0.53033447265625
-0.00928497314453125 0.0568504333496094 -0.02960205078125 0.806640625
-0.0454559326171875 0.109138488769531 -0.29925537109375 0.456695556640625
-0.0715103149414063 0.107109069824219 0.0733642578125 -0.0368804931640625
-0.0328292846679687 0.103515625 0.26287841796875 -0.6156005859375
0.0202255249023437 0.0781173706054688 -0.23333740234375 -0.82037353515625
0.00965118408203125 0.0398979187011719 -0.6956787109375 -0.26239013671875
-0.0140457153320313 0.0030355453491211 -0.491180419921875 0.3206787109375
-0.00180912017822266 -0.015594482421875 -0.115142822265625 0.46697998046875
0.0104331970214844 -0.0300922393798828 0.17578125 0.289031982421875
0.0203437805175781 -0.0163707733154297 0.269500732421875 0.0489044189453125
0.0243663787841797 -0.00359153747558594 -0.212692260742188 -0.079681396484375
0.0191287994384766 0.00482368469238281 -0.00674438476562497 -0.287200927734375
0.0282630920410156 0.00634002685546875 0.3941650390625 -0.334503173828125
0.00499534606933594 0.0333232879638672 0.69366455078125 0.02911376953125
-0.0146255493164062 0.029937744140625 0.4139404296875 0.625732421875
-0.0132484436035156 0.0327110290527344 -0.16217041015625 0.80670166015625
-0.04742431640625 0.0787353515625 -0.329437255859375 0.394012451171875
-0.053192138671875 0.0791778564453125 0.106468200683594 -0.0865554809570313
-0.0211639404296875 0.0724868774414063 0.19677734375 -0.66546630859375
0.0241584777832031 0.0512313842773438 -0.34954833984375 -0.7677001953125
0.0208721160888672 0.0265121459960938 -0.7049560546875 -0.14471435546875
0.000173270702362061 -0.000504791736602783 -0.41510009765625 0.38201904296875
0.00738811492919922 -0.0118236541748047 -0.039031982421875 0.47381591796875
0.00607872009277344 -0.0274887084960937 0.209884643554687 0.274566650390625
0.0122814178466797 -0.0161113739013672 0.276611328125 0.0373382568359375
0.0178852081298828 -0.00061798095703125 -0.209320068359375 -0.08697509765625
0.0243911743164063 0.0109958648681641 0.015655517578125 -0.2847900390625
0.0426254272460937 0.0153465270996094 0.430511474609375 -0.2984619140625
0.0160865783691406 0.0326957702636719 0.69677734375 0.10687255859375
-0.0131502151489258 0.00872230529785156 0.335205078125 0.68682861328125
-0.0071873664855957 -0.00692653656005859 -0.26153564453125 0.7921142578125
-0.0265998840332031 0.0339527130126953 -0.34344482421875 0.34783935546875
-0.0202827453613281 0.0380172729492188 0.129928588867188 -0.120834350585938
-0.0102138519287109 0.0273933410644531 0.14910888671875 -0.69256591796875
0.0183486938476563 0.01873779296875 -0.42010498046875 -0.7208251953125
0.0242424011230469 0.0108470916748047 -0.70245361328125 -0.06292724609375
0.0145206451416016 -0.00327587127685547 -0.36004638671875 0.41552734375
0.0177822113037109 -0.00504493713378906 0.00942993164062495 0.4705810546875
0.00345230102539063 -0.0199832916259766 0.23004150390625 0.259841918945313
0.00482940673828125 -0.0150279998779297 0.281219482421875 0.02423095703125
0.0145750045776367 -0.00145053863525391 -0.207931518554688 -0.092498779296875
0.0282764434814453 0.0191898345947266 0.021453857421875 -0.284881591796875
0.05548095703125 0.0228500366210938 0.439910888671875 -0.283355712890625
0.025909423828125 0.0291786193847656 0.691650390625 0.1378173828125
-0.00757694244384765 -0.0170202255249023 0.297607421875 0.71148681640625
0.0103988647460937 -0.05615234375 -0.292236328125 0.7833251953125
0.0120506286621094 -0.0188808441162109 -0.3399658203125 0.328887939453125
0.0236434936523438 -0.0114841461181641 0.142013549804688 -0.1336669921875
-0.000562667846679687 -0.0239048004150391 0.1287841796875 -0.69976806640625
0.00766563415527344 -0.0171232223510742 -0.45013427734375 -0.69964599609375
0.020843505859375 -0.00331306457519531 -0.70166015625 -0.0288696289062499
0.0269374847412109 -0.00769615173339844 -0.3436279296875 0.4276123046875
0.0274124145507813 0.00162696838378906 0.02362060546875 0.463287353515625
0.00103282928466797 -0.0132923126220703 0.234481811523438 0.246429443359375
-0.000883102416992188 -0.012969970703125 0.280593872070313 0.012603759765625
0.0103120803833008 -0.000367164611816406 -0.2117919921875 -0.0978546142578125
0.0294017791748047 0.0242919921875 0.00772094726562501 -0.29144287109375
0.063262939453125 0.0287971496582031 0.419952392578125 -0.297515869140625
0.0335350036621094 0.0235462188720703 0.68780517578125 0.11572265625
-0.00678634643554688 -0.0426025390625 0.32720947265625 0.6976318359375
0.023773193359375 -0.10498046875 -0.2608642578125 0.79547119140625
0.0541229248046875 -0.0715713500976563 -0.333709716796875 0.34454345703125
0.070587158203125 -0.0590286254882813 0.135086059570313 -0.120986938476563
0.0118331909179687 -0.07489013671875 0.141845703125 -0.68975830078125
-0.00568008422851563 -0.0534629821777344 -0.43023681640625 -0.70904541015625
0.0115747451782227 -0.0170583724975586 -0.710205078125 -0.0466308593749999
0.0342655181884766 -0.0100364685058594 -0.367828369140625 0.42083740234375
0.038330078125 0.00762939453125 0.000305175781249969 0.457916259765625
-0.000995635986328125 -0.00528812408447266 0.222137451171875 0.244232177734375
-0.00470542907714844 -0.00997352600097656 0.277664184570313 0.005126953125
0.0080714225769043 -0.000399589538574219 -0.220260620117188 -0.0994720458984375
0.0278053283691406 0.0270500183105469 -0.024139404296875 -0.301788330078125
0.064697265625 0.0304832458496094 0.371124267578125 -0.33502197265625
0.0358047485351562 0.0201034545898438 0.67388916015625 0.04132080078125
-0.00934982299804687 -0.0601310729980469 0.40093994140625 0.6441650390625
0.02545166015625 -0.146209716796875 -0.16583251953125 0.8095703125
0.0837173461914063 -0.120613098144531 -0.314971923828125 0.39007568359375
0.111907958984375 -0.0992584228515625 0.114219665527344 -0.086151123046875
0.031585693359375 -0.11785888671875 0.186767578125 -0.657958984375
-0.0141754150390625 -0.0850677490234375 -0.36248779296875 -0.74365234375
-0.0030670166015625 -0.0290660858154297 -0.71417236328125 -0.11480712890625
0.0340747833251953 -0.0113716125488281 -0.427642822265625 0.391357421875
0.0449028015136719 0.0121078491210938 -0.055389404296875 0.45404052734375
0.00221133232116699 0.000899314880371094 0.198165893554688 0.249359130859375
-0.00523185729980469 -0.00670337677001953 0.27142333984375 0.0057373046875
0.0403480529785156 -0.00628662109375 -0.243240356445313 -0.0583953857421875
0.0135221481323242 -0.00971412658691406 -0.135986328125 -0.296783447265625
-0.0065922737121582 -0.00778484344482422 0.164337158203125 -0.45263671875
-0.0281200408935547 0.0300540924072266 0.56622314453125 -0.27984619140625
-0.0263595581054688 0.0446319580078125 0.6474609375 0.3017578125
0.00130081176757812 0.0569229125976563 0.25408935546875 0.76409912109375
-0.0081329345703125 0.110092163085937 -0.19366455078125 0.58148193359375
-0.0575027465820313 0.112632751464844 0.00261688232421875 0.0736923217773438
-0.0395965576171875 0.111656188964844 0.3817138671875 -0.48309326171875
0.00604248046875 0.0917816162109375 0.0501708984375 -0.88128662109375
-0.0159797668457031 0.0453453063964844 -0.610595703125 -0.52337646484375
-0.0408287048339844 0.00406265258789063 -0.63623046875 0.1492919921875
-0.0149669647216797 -0.0187854766845703 -0.287811279296875 0.413909912109375
0.0103569030761719 -0.0289840698242188 0.09552001953125 0.301483154296875
0.03082275390625 -0.0143222808837891 0.25579833984375 0.060394287109375
0.0361480712890625 -0.00632476806640625 -0.23345947265625 -0.064178466796875
0.0145359039306641 -0.0071258544921875 -0.09088134765625 -0.296844482421875
0.00105714797973633 -0.0063014030456543 0.2515869140625 -0.424896240234375
-0.0199184417724609 0.0321941375732422 0.63299560546875 -0.1904296875
-0.01947021484375 0.0462226867675781 0.59796142578125 0.41748046875
-0.000694274902343747 0.0646209716796875 0.12213134765625 0.7979736328125
-0.0282135009765625 0.121917724609375 -0.249755859375 0.52752685546875
-0.0723037719726563 0.118865966796875 0.0354843139648437 0.0195121765136719
-0.0411148071289063 0.117721557617188 0.3260498046875 -0.556304931640625
0.0143890380859375 0.09320068359375 -0.10150146484375 -0.86688232421875
-0.00286865234375 0.0478591918945313 -0.6732177734375 -0.3935546875
-0.0305385589599609 0.00475502014160156 -0.57257080078125 0.24456787109375
-0.00909233093261719 -0.0186271667480469 -0.201995849609375 0.44781494140625
0.0114154815673828 -0.0309104919433594 0.138824462890625 0.2991943359375
0.0264472961425781 -0.0147857666015625 0.263778686523437 0.0572662353515625
0.0304584503173828 -0.00441932678222656 -0.224136352539063 -0.0697174072265625
0.0155611038208008 -0.00165271759033203 -0.04766845703125 -0.293792724609375
0.0133380889892578 -0.00194835662841797 0.33050537109375 -0.385772705078125
-0.00741958618164063 0.0329799652099609 0.67919921875 -0.083251953125
-0.0165252685546875 0.0427093505859375 0.516693115234375 0.531707763671875
-0.00811767578125 0.0574607849121094 -0.02386474609375 0.81451416015625
-0.04638671875 0.111900329589844 -0.298675537109375 0.460968017578125
-0.0728912353515625 0.108497619628906 0.0726089477539063 -0.0376663208007812
-0.0329742431640625 0.105064392089844 0.260009765625 -0.62286376953125
0.0216751098632813 0.0795135498046875 -0.24053955078125 -0.826416015625
0.0108375549316406 0.0395927429199219 -0.70489501953125 -0.25872802734375
-0.0165424346923828 0.00281047821044922 -0.495025634765625 0.32763671875
-0.00152111053466797 -0.0167760848999023 -0.113250732421875 0.4713134765625
0.00983810424804688 -0.0309467315673828 0.18115234375 0.289886474609375
0.0206623077392578 -0.0160312652587891 0.273818969726563 0.0480194091796875
0.0246715545654297 -0.00394821166992188 -0.216201782226563 -0.07672119140625
0.0201549530029297 0.00399398803710938 -0.00991821289062503 -0.2899169921875
0.0284919738769531 0.00557708740234375 0.394134521484375 -0.341949462890625
0.00603866577148437 0.03375244140625 0.7015380859375 0.02294921875
-0.0148124694824219 0.0307750701904297 0.42364501953125 0.62713623046875
-0.0137557983398438 0.0334415435791016 -0.15887451171875 0.81500244140625
-0.0466461181640625 0.0793914794921875 -0.330413818359375 0.400177001953125
-0.0533065795898438 0.0808486938476563 0.105476379394531 -0.0881423950195312
-0.020355224609375 0.0744705200195313 0.19366455078125 -0.67156982421875
0.0255088806152344 0.0528907775878906 -0.35821533203125 -0.77459716796875
0.0211238861083984 0.02801513671875 -0.71307373046875 -0.13922119140625
-0.00060659646987915 -0.000458598136901855 -0.41534423828125 0.388885498046875
0.0068359375 -0.0120067596435547 -0.034515380859375 0.48004150390625
0.00585556030273438 -0.0268192291259766 0.214431762695312 0.274978637695312
0.0111713409423828 -0.0156316757202148 0.28070068359375 0.0348968505859375
0.0170965194702148 -0.00136947631835938 -0.2119140625 -0.08441162109375
0.0241832733154297 0.0120086669921875 0.012359619140625 -0.287353515625
0.0437355041503906 0.0139999389648438 0.43182373046875 -0.305450439453125
0.017791748046875 0.0335350036621094 0.70404052734375 0.1031494140625
-0.0118942260742188 0.00909328460693359 0.343017578125 0.69049072265625
-0.00698661804199219 -0.00780630111694336 -0.2569580078125 0.800048828125
-0.0270347595214844 0.0344257354736328 -0.34344482421875 0.352874755859375
-0.0206031799316406 0.0389213562011719 0.130424499511719 -0.122642517089844
-0.00995445251464844 0.0288295745849609 0.144775390625 -0.7001953125
0.0188026428222656 0.0184383392333984 -0.4306640625 -0.72515869140625
0.0240268707275391 0.0119991302490234 -0.7098388671875 -0.0579833984374999
0.0146961212158203 -0.00469017028808594 -0.360321044921875 0.42236328125
0.0171785354614258 -0.00421333312988281 0.01251220703125 0.47479248046875
0.00172615051269531 -0.0204200744628906 0.234649658203125 0.258682250976563
0.00422573089599609 -0.0156698226928711 0.28399658203125 0.020477294921875
0.0156764984130859 -0.00138282775878906 -0.211654663085938 -0.09100341796875
0.0294475555419922 0.0182533264160156 0.01751708984375 -0.287750244140625
0.0564498901367188 0.0222549438476562 0.44024658203125 -0.289093017578125
0.0272083282470703 0.0306529998779297 0.6986083984375 0.13323974609375
-0.00797843933105469 -0.0174131393432617 0.3070068359375 0.7138671875
0.010040283203125 -0.056793212890625 -0.2890625 0.7923583984375
0.0110950469970703 -0.0188789367675781 -0.3419189453125 0.33355712890625
0.0235118865966797 -0.0113563537597656 0.141250610351563 -0.135665893554688
-0.00090789794921875 -0.0242271423339844 0.12396240234375 -0.70660400390625
0.00749015808105469 -0.0177345275878906 -0.45849609375 -0.70159912109375
0.0209922790527344 -0.00330352783203125 -0.70849609375 -0.0240478515625001
0.0273189544677734 -0.00834274291992188 -0.34356689453125 0.43572998046875
0.0279903411865234 0.00114250183105469 0.028167724609375 0.467254638671875
-3.81469726562604E-06 -0.0125017166137695 0.238601684570313 0.246444702148437
-0.00184535980224609 -0.0124521255493164 0.283843994140625 0.009185791015625
0.0119142532348633 9.5367431640625E-07 -0.215438842773437 -0.0940399169921875
0.0296897888183594 0.0243015289306641 0.00399780273437503 -0.29376220703125
0.0630569458007813 0.0282211303710938 0.419830322265625 -0.303680419921875
0.0341167449951172 0.0238437652587891 0.69427490234375 0.11083984375
-0.00627899169921875 -0.0425910949707031 0.33587646484375 0.70147705078125
0.0228729248046875 -0.106819152832031 -0.25726318359375 0.80328369140625
0.05316162109375 -0.0731735229492188 -0.3343505859375 0.350555419921875
0.0694389343261719 -0.059600830078125 0.133979797363281 -0.122482299804688
0.0119476318359375 -0.0749130249023437 0.13739013671875 -0.696533203125
-0.00584793090820313 -0.0532035827636719 -0.43878173828125 -0.711669921875
0.010920524597168 -0.0174779891967773 -0.71478271484375 -0.0423583984374999
0.0330410003662109 -0.0100421905517578 -0.3673095703125 0.427886962890625
0.0385513305664063 0.00761795043945313 0.00485229492187498 0.46160888671875
-0.00073099136352539 -0.00462055206298828 0.227432250976563 0.243682861328125
-0.00547647476196289 -0.00862550735473633 0.280410766601563 0.0030975341796875
0.00747013092041016 0.0018916130065918 -0.223419189453125 -0.0982208251953125
0.0290699005126953 0.0270862579345703 -0.0279541015625 -0.30401611328125
0.0644912719726563 0.030731201171875 0.368682861328125 -0.338897705078125
0.0370864868164063 0.0205116271972656 0.68218994140625 0.03729248046875
-0.0104293823242188 -0.0603408813476563 0.40997314453125 0.64727783203125
0.0248260498046875 -0.146408081054688 -0.162353515625 0.8179931640625
0.0826492309570313 -0.122489929199219 -0.31427001953125 0.3955078125
0.113059997558594 -0.0990753173828125 0.1129150390625 -0.0868453979492188
0.0314407348632813 -0.119232177734375 0.18377685546875 -0.66497802734375
-0.0141448974609375 -0.0860443115234375 -0.37139892578125 -0.74798583984375
-0.00267791748046875 -0.0313510894775391 -0.72454833984375 -0.10943603515625
0.0325355529785156 -0.0115966796875 -0.42633056640625 0.39837646484375
0.0454597473144531 0.0120124816894531 -0.050933837890625 0.4588623046875
0.00152778625488281 0.00144541263580322 0.202377319335938 0.249313354492187
-0.0074925422668457 -0.00678682327270508 0.27581787109375 0.002716064453125
0.0405387878417969 -0.0063934326171875 -0.247146606445312 -0.056549072265625
0.0134954452514648 -0.00928878784179688 -0.140960693359375 -0.296356201171875
-0.00453281402587891 -0.00697898864746094 0.159942626953125 -0.457763671875
-0.0282936096191406 0.0309524536132812 0.56829833984375 -0.2899169921875
-0.0259628295898437 0.0468482971191406 0.65716552734375 0.29925537109375
0.00214385986328125 0.0580406188964844 0.2642822265625 0.7667236328125
-0.00605010986328124 0.112564086914063 -0.19036865234375 0.58758544921875
-0.0577545166015625 0.115402221679688 0.001678466796875 0.0737838745117188
-0.0384063720703125 0.112815856933594 0.378997802734375 -0.490478515625
0.00865936279296874 0.0926666259765625 0.044189453125 -0.88983154296875
-0.0167427062988281 0.0460853576660156 -0.62017822265625 -0.51885986328125
-0.0411949157714844 0.00508117675781249 -0.64263916015625 0.157470703125
-0.0150356292724609 -0.0180072784423828 -0.285491943359375 0.42095947265625
0.0107383728027344 -0.0284023284912109 0.099853515625 0.30224609375
0.030975341796875 -0.014556884765625 0.258041381835938 0.0579681396484375
0.0364341735839844 -0.00685501098632812 -0.238800048828125 -0.060272216796875
0.0136137008666992 -0.00670623779296875 -0.097442626953125 -0.2972412109375
0.00153970718383789 -0.00645780563354492 0.24688720703125 -0.43170166015625
-0.0186214447021484 0.0340766906738281 0.6357421875 -0.20001220703125
-0.0199966430664062 0.0475540161132813 0.60552978515625 0.41265869140625
0.000877380371093748 0.0654563903808594 0.1317138671875 0.8046875
-0.028289794921875 0.122177124023437 -0.24774169921875 0.534149169921875
-0.072662353515625 0.120811462402344 0.0362129211425781 0.0192794799804688
-0.0405349731445313 0.120140075683594 0.3221435546875 -0.56414794921875
0.0157928466796875 0.0935592651367188 -0.1087646484375 -0.8731689453125
-0.00204849243164062 0.0482215881347656 -0.68206787109375 -0.3895263671875
-0.0305118560791016 0.00571250915527344 -0.57574462890625 0.25262451171875
-0.00940704345703125 -0.0187244415283203 -0.1982421875 0.4542236328125
0.0108642578125 -0.0316848754882812 0.143585205078125 0.299957275390625
0.026214599609375 -0.0160369873046875 0.267257690429688 0.0528411865234375
0.0304775238037109 -0.00528717041015625 -0.228073120117188 -0.06640625
0.0171499252319336 -0.00164127349853516 -0.050872802734375 -0.295379638671875
0.0135841369628906 -0.002410888671875 0.328338623046875 -0.3924560546875
-0.00743484497070312 0.0348358154296875 0.68499755859375 -0.09027099609375
-0.0157623291015625 0.0427169799804687 0.525787353515625 0.531768798828125
-0.0075531005859375 0.0577354431152344 -0.0148315429687501 0.82293701171875
-0.0455398559570312 0.111618041992188 -0.296417236328125 0.469818115234375
-0.0711669921875 0.111335754394531 0.0713348388671875 -0.0384750366210937
-0.03173828125 0.107025146484375 0.25457763671875 -0.63079833984375
0.022735595703125 0.0799484252929688 -0.25018310546875 -0.83154296875
0.0120048522949219 0.0398712158203125 -0.7127685546875 -0.2540283203125
-0.0164785385131836 0.00395011901855468 -0.49395751953125 0.335845947265625
-0.00234603881835937 -0.0166187286376953 -0.107940673828125 0.475616455078125
0.00872993469238281 -0.0312786102294922 0.1856689453125 0.28997802734375
0.019561767578125 -0.0170326232910156 0.277313232421875 0.0450592041015625
0.0255241394042969 -0.00381851196289062 -0.219772338867187 -0.074310302734375
0.0211143493652344 0.00395965576171875 -0.014556884765625 -0.2911376953125
0.0291061401367188 0.00518798828125 0.391845703125 -0.3470458984375
0.00575637817382813 0.0353279113769531 0.7098388671875 0.0162353515625
-0.0147418975830078 0.0298671722412109 0.4339599609375 0.62921142578125
-0.0122776031494141 0.0331401824951172 -0.15167236328125 0.823974609375
-0.0477828979492188 0.0819320678710937 -0.329071044921875 0.40838623046875
-0.0533447265625 0.0822067260742188 0.1043701171875 -0.0897674560546875
-0.0202255249023438 0.0756683349609375 0.1888427734375 -0.67974853515625
0.0269050598144531 0.053131103515625 -0.36767578125 -0.776123046875
0.0221385955810547 0.02655029296875 -0.71990966796875 -0.1339111328125
-0.000428617000579834 -0.00030854344367981 -0.416107177734375 0.397369384765625
0.007354736328125 -0.0122919082641602 -0.0297851562499999 0.4825439453125
0.00536346435546875 -0.0274772644042969 0.218902587890625 0.274612426757813
0.0109138488769531 -0.0167655944824219 0.284149169921875 0.031890869140625
0.0190792083740234 -0.00199127197265625 -0.21685791015625 -0.0824432373046875
0.0261287689208984 0.0115318298339844 0.00900268554687498 -0.289215087890625
0.0433387756347656 0.0135459899902344 0.4310302734375 -0.309844970703125
0.0174617767333984 0.0335674285888672 0.71075439453125 0.0963134765625
-0.0112380981445313 0.00940704345703125 0.35296630859375 0.6929931640625
-0.00739526748657227 -0.00708198547363281 -0.25018310546875 0.811279296875
-0.0262870788574219 0.0344409942626953 -0.34429931640625 0.360809326171875
-0.0203208923339844 0.0403213500976562 0.128753662109375 -0.123741149902344
-0.00982284545898438 0.0302314758300781 0.13885498046875 -0.70635986328125
0.0203914642333984 0.0198001861572266 -0.43988037109375 -0.72698974609375
0.0250129699707031 0.0108375549316406 -0.71429443359375 -0.0502929687500001
0.0149526596069336 -0.00351047515869141 -0.359588623046875 0.4306640625
0.0172843933105469 -0.00604057312011719 0.018096923828125 0.4776611328125
0.00102996826171875 -0.0198478698730469 0.239166259765625 0.259048461914062
0.00345230102539063 -0.0144739151000977 0.2872314453125 0.017333984375
0.0148200988769531 -0.00125026702880859 -0.214859008789062 -0.0880584716796875
0.0297756195068359 0.0180091857910156 0.015106201171875 -0.289459228515625
0.0573654174804688 0.0211410522460938 0.43975830078125 -0.295562744140625
0.0285930633544922 0.0295505523681641 0.70556640625 0.12628173828125
-0.00806808471679688 -0.0170021057128906 0.31573486328125 0.71685791015625
0.00901794433593751 -0.0579643249511719 -0.28436279296875 0.80120849609375
0.0108928680419922 -0.0195541381835938 -0.342987060546875 0.3404541015625
0.0229530334472656 -0.0114536285400391 0.139114379882813 -0.138786315917969
-0.00146484375 -0.0223808288574219 0.11822509765625 -0.71246337890625
0.00751495361328125 -0.0177593231201172 -0.46893310546875 -0.70306396484375
0.0214309692382813 -0.00394439697265625 -0.71514892578125 -0.01593017578125
0.02703857421875 -0.00845718383789063 -0.34136962890625 0.441925048828125
0.0282821655273437 0.00178909301757812 0.03326416015625 0.471954345703125
-0.000959396362304688 -0.0120334625244141 0.242599487304688 0.24627685546875
-0.00155544281005859 -0.0128250122070312 0.287078857421875 0.006072998046875
0.0104827880859375 -0.000482559204101563 -0.2186279296875 -0.0926055908203125
0.0304050445556641 0.0236339569091797 0.000518798828125023 -0.295440673828125
0.0649261474609375 0.0277366638183594 0.419525146484375 -0.309051513671875
0.0348320007324219 0.0247135162353516 0.701904296875 0.1046142578125
-0.00701904296875 -0.0433349609375 0.345947265625 0.70599365234375
0.0214157104492187 -0.10736083984375 -0.25079345703125 0.8134765625
0.054046630859375 -0.0741958618164063 -0.335174560546875 0.35943603515625
0.0697250366210937 -0.059539794921875 0.132575988769531 -0.124351501464844
0.0109786987304688 -0.0749740600585938 0.13043212890625 -0.7037353515625
-0.00649642944335938 -0.0537109375 -0.4498291015625 -0.7130126953125
0.0107192993164063 -0.0188064575195313 -0.720947265625 -0.0344848632812501
0.0342178344726563 -0.0115776062011719 -0.365509033203125 0.435272216796875
0.0388832092285156 0.00674057006835938 0.00939941406250005 0.465118408203125
-0.000705718994140625 -0.00465679168701172 0.231887817382813 0.243408203125
-0.00526285171508789 -0.00809526443481445 0.284881591796875 -0.000793457031250001
0.00996112823486328 0.00297164916992188 -0.227569580078125 -0.0954742431640625
0.0288734436035156 0.0261116027832031 -0.030792236328125 -0.30535888671875
0.0663681030273438 0.03057861328125 0.3695068359375 -0.344207763671875
0.0373497009277344 0.0184707641601563 0.68829345703125 0.0308837890625
-0.01171875 -0.0610466003417969 0.42236328125 0.6507568359375
0.0227813720703125 -0.150009155273438 -0.1522216796875 0.82684326171875
0.0811080932617188 -0.123374938964844 -0.314422607421875 0.402984619140625
0.11334228515625 -0.100387573242188 0.112785339355469 -0.0880279541015625
0.030120849609375 -0.11907958984375 0.177490234375 -0.672607421875
-0.0150985717773438 -0.0867767333984375 -0.38299560546875 -0.7506103515625
-0.00307655334472656 -0.0309982299804688 -0.73065185546875 -0.10174560546875
0.0335636138916016 -0.0132427215576172 -0.427459716796875 0.40753173828125
0.0457611083984375 0.0113029479980469 -0.046112060546875 0.46392822265625
0.000865340232849121 0.00188302993774414 0.20654296875 0.2489013671875
-0.00598526000976563 -0.00643205642700195 0.2783203125 -0.0010986328125
0.0416984558105469 -0.00829696655273437 -0.250595092773438 -0.0523834228515625
0.0138063430786133 -0.0103921890258789 -0.1470947265625 -0.296295166015625
-0.005828857421875 -0.00906085968017578 0.15478515625 -0.4630126953125
-0.027740478515625 0.0319023132324219 0.56878662109375 -0.29876708984375
-0.0255203247070313 0.0468940734863281 0.6650390625 0.2919921875
0.00307083129882813 0.0573081970214844 0.27655029296875 0.7696533203125
-0.00546264648437499 0.112579345703125 -0.18365478515625 0.59423828125
-0.0556411743164062 0.115837097167969 0.00128173828124999 0.0749969482421875
-0.0379257202148437 0.115325927734375 0.375335693359375 -0.498260498046875
0.0104827880859375 0.0928573608398438 0.0328369140625 -0.894287109375
-0.0151519775390625 0.04693603515625 -0.63140869140625 -0.5152587890625
-0.0429878234863281 0.00540924072265625 -0.64544677734375 0.166259765625
-0.0152702331542969 -0.0193099975585938 -0.28277587890625 0.428375244140625
0.00980186462402344 -0.0299968719482422 0.104034423828125 0.30340576171875
0.0300273895263672 -0.0159568786621094 0.261367797851562 0.053558349609375
0.0373611450195313 -0.00745010375976563 -0.239852905273438 -0.0566864013671875
0.014826774597168 -0.00722217559814453 -0.101715087890625 -0.296966552734375
0.00116825103759766 -0.00645780563354492 0.241973876953125 -0.436126708984375
-0.01910400390625 0.0348854064941406 0.63787841796875 -0.207763671875
-0.0190696716308594 0.0488090515136719 0.61627197265625 0.4091796875
0.00152969360351563 0.0651321411132812 0.14410400390625 0.80859375
-0.0270919799804688 0.1239013671875 -0.24420166015625 0.541656494140625
-0.071441650390625 0.123123168945313 0.0347805023193359 0.0185604095458984
-0.0397186279296875 0.122245788574219 0.3173828125 -0.57147216796875
0.01800537109375 0.0953826904296875 -0.12017822265625 -0.876953125
-0.001556396484375 0.0479621887207031 -0.69171142578125 -0.38360595703125
-0.0322189331054688 0.00626945495605468 -0.57623291015625 0.2620849609375
-0.00962448120117188 -0.0186595916748047 -0.194366455078125 0.460845947265625
0.0104408264160156 -0.0316181182861328 0.14862060546875 0.29937744140625
0.0259037017822266 -0.0161800384521484 0.271835327148438 0.050811767578125
0.0314140319824219 -0.00502395629882813 -0.2313232421875 -0.0630950927734375
0.0174188613891602 -0.00267410278320312 -0.057403564453125 -0.296417236328125
0.0132884979248047 -0.0027008056640625 0.32373046875 -0.398834228515625
-0.00650787353515625 0.0352745056152344 0.6871337890625 -0.10076904296875
-0.0158843994140625 0.0436820983886719 0.537017822265625 0.527557373046875
-0.00656890869140626 0.0582466125488281 -0.00616455078125002 0.8289794921875
-0.0445938110351563 0.1136474609375 -0.294464111328125 0.476776123046875
-0.0706253051757812 0.112556457519531 0.0699081420898438 -0.0395431518554687
-0.0311279296875 0.108551025390625 0.24981689453125 -0.635986328125
0.0242233276367187 0.0812606811523438 -0.262451171875 -0.833984375
0.0122642517089844 0.0404014587402344 -0.721435546875 -0.2467041015625
-0.0165672302246094 0.00241851806640625 -0.493072509765625 0.345947265625
-0.00156497955322266 -0.0161027908325195 -0.101165771484375 0.480194091796875
0.0083465576171875 -0.0309562683105469 0.190765380859375 0.2891845703125
0.0186386108398438 -0.0172023773193359 0.28192138671875 0.04132080078125
0.0238075256347656 -0.00395393371582031 -0.22332763671875 -0.0713958740234375
0.0211029052734375 0.00411796569824219 -0.01910400390625 -0.29278564453125
0.0292758941650391 0.00487327575683594 0.389862060546875 -0.354644775390625
0.00612258911132813 0.0359153747558594 0.71368408203125 0.00732421875
-0.0141773223876953 0.0308113098144531 0.44415283203125 0.62957763671875
-0.0121479034423828 0.0327587127685547 -0.14105224609375 0.832275390625
-0.0467529296875 0.0825424194335938 -0.32830810546875 0.415191650390625
-0.05279541015625 0.083892822265625 0.103370666503906 -0.09124755859375
-0.0203857421875 0.0765914916992188 0.18218994140625 -0.68634033203125
0.0279960632324219 0.0524024963378906 -0.3782958984375 -0.77728271484375
0.0230922698974609 0.0271816253662109 -0.72552490234375 -0.12469482421875
1.41710042953491E-05 0.000242993235588074 -0.41265869140625 0.40594482421875
0.00685310363769531 -0.0122718811035156 -0.022674560546875 0.484954833984375
0.00536727905273437 -0.02789306640625 0.223617553710938 0.273284912109375
0.0119428634643555 -0.0173301696777344 0.287384033203125 0.027587890625
0.0181427001953125 -0.00259590148925781 -0.220077514648438 -0.0785980224609374
0.0261383056640625 0.0110912322998047 0.00500488281250002 -0.2901611328125
0.0438804626464844 0.0132637023925781 0.42974853515625 -0.318206787109375
0.0183296203613281 0.0343265533447266 0.7176513671875 0.08831787109375
-0.0121126174926758 0.00983905792236328 0.3643798828125 0.69451904296875
-0.0074925422668457 -0.0076446533203125 -0.2415771484375 0.81915283203125
-0.0273113250732422 0.03509521484375 -0.341217041015625 0.36810302734375
-0.0199356079101563 0.0412864685058594 0.126716613769531 -0.12689208984375
-0.00899505615234375 0.0303859710693359 0.131103515625 -0.71319580078125
0.0211963653564453 0.0197544097900391 -0.45111083984375 -0.7259521484375
0.0256614685058594 0.0115013122558594 -0.7197265625 -0.0426025390625
0.0151100158691406 -0.00454235076904297 -0.355316162109375 0.4384765625
0.0171709060668945 -0.00539016723632813 0.026214599609375 0.4815673828125
0.00138282775878906 -0.0208110809326172 0.243865966796875 0.25714111328125
0.00269031524658203 -0.0154619216918945 0.291351318359375 0.013671875
0.0150823593139648 -0.00201892852783203 -0.218276977539063 -0.085540771484375
0.0304489135742187 0.0181732177734375 0.01068115234375 -0.2904052734375
0.0579376220703125 0.0208053588867188 0.437591552734375 -0.300750732421875
0.0289039611816406 0.0308055877685547 0.71295166015625 0.11895751953125
-0.00837516784667969 -0.0167226791381836 0.3280029296875 0.71856689453125
0.00824737548828125 -0.0583038330078125 -0.27508544921875 0.81048583984375
0.0107231140136719 -0.0192375183105469 -0.340087890625 0.3463134765625
0.0236015319824219 -0.0103855133056641 0.137527465820313 -0.139778137207031
-0.0010528564453125 -0.0224971771240234 0.109130859375 -0.71966552734375
0.00819301605224609 -0.0174417495727539 -0.48046875 -0.702392578125
0.0218544006347656 -0.00459861755371094 -0.71990966796875 -0.00671386718749997
0.0263519287109375 -0.00893020629882813 -0.33782958984375 0.45062255859375
0.0288162231445313 0.00096893310546875 0.040802001953125 0.47320556640625
-0.00138378143310547 -0.0117177963256836 0.2489013671875 0.244400024414062
-0.0035247802734375 -0.0125494003295898 0.289764404296875 0.00140380859375
0.0110864639282227 -0.00182151794433594 -0.222076416015625 -0.0899963378906249
0.0323085784912109 0.0224514007568359 -0.00256347656249997 -0.297515869140625
0.0657997131347656 0.0277481079101563 0.417327880859375 -0.314605712890625
0.0360946655273438 0.0243644714355469 0.70904541015625 0.096923828125
-0.007598876953125 -0.0427474975585938 0.35626220703125 0.7064208984375
0.0210037231445313 -0.109306335449219 -0.241943359375 0.82080078125
0.0524749755859375 -0.0749740600585938 -0.332611083984375 0.364501953125
0.0703659057617188 -0.0604400634765625 0.130821228027344 -0.125015258789063
0.01068115234375 -0.0755157470703125 0.12371826171875 -0.7088623046875
-0.00649261474609375 -0.0529975891113281 -0.4610595703125 -0.71337890625
0.0117082595825195 -0.01678466796875 -0.7286376953125 -0.0246582031249998
0.0343799591064453 -0.0111560821533203 -0.36212158203125 0.44232177734375
0.0391426086425781 0.00626754760742188 0.018157958984375 0.467498779296875
-0.00101423263549805 -0.00284671783447266 0.237091064453125 0.241256713867188
-0.00610446929931641 -0.00939464569091797 0.285888671875 -0.00482177734375
0.00853681564331055 -0.000270366668701172 -0.230194091796875 -0.0911865234375
0.0294342041015625 0.0261287689208984 -0.034912109375 -0.307525634765625
0.066253662109375 0.0293693542480469 0.365234375 -0.351043701171875
0.0395965576171875 0.019500732421875 0.69293212890625 0.02056884765625
-0.0126876831054687 -0.0605010986328125 0.42999267578125 0.6474609375
0.02069091796875 -0.15167236328125 -0.14410400390625 0.83453369140625
0.0801315307617187 -0.126533508300781 -0.312774658203125 0.410797119140625
0.113250732421875 -0.101783752441406 0.111473083496094 -0.0890960693359375
0.0290679931640625 -0.120208740234375 0.171875 -0.677490234375
-0.0157546997070312 -0.0864639282226563 -0.3931884765625 -0.75164794921875
-0.0027923583984375 -0.0316982269287109 -0.7374267578125 -0.09326171875
0.0336723327636719 -0.0123100280761719 -0.423919677734375 0.414093017578125
0.0468673706054688 0.0111885070800781 -0.041412353515625 0.466461181640625
0.00139379501342773 0.00265121459960938 0.211669921875 0.247802734375
-0.00669288635253906 -0.0066065788269043 0.279754638671875 -0.0052032470703125
0.0414924621582031 -0.00838088989257813 -0.253204345703125 -0.047515869140625
0.0137195587158203 -0.00992202758789063 -0.15301513671875 -0.295074462890625
-0.00566387176513672 -0.00855588912963867 0.147430419921875 -0.46673583984375
-0.0279521942138672 0.0342483520507812 0.56719970703125 -0.3087158203125
-0.0253677368164063 0.0475616455078125 0.6719970703125 0.2860107421875
0.00409317016601563 0.0580711364746094 0.28765869140625 0.768310546875
-0.00485992431640624 0.113121032714844 -0.17828369140625 0.60211181640625
-0.0544052124023438 0.118255615234375 0.002044677734375 0.07598876953125
-0.0365524291992188 0.117301940917969 0.371307373046875 -0.5048828125
0.0123748779296875 0.0928573608398438 0.02264404296875 -0.8997802734375
-0.0145187377929687 0.0473594665527344 -0.64208984375 -0.5093994140625
-0.0440025329589844 0.006591796875 -0.6456298828125 0.17657470703125
-0.01531982421875 -0.0180816650390625 -0.277191162109375 0.434600830078125
0.00992393493652344 -0.0293731689453125 0.109405517578125 0.302825927734375
0.0292835235595703 -0.0160617828369141 0.264068603515625 0.0502166748046875
0.0373764038085938 -0.0080718994140625 -0.243881225585938 -0.05224609375
0.0144290924072266 -0.00743675231933594 -0.108428955078125 -0.2974853515625
0.00131654739379883 -0.00727081298828125 0.23529052734375 -0.441192626953125
-0.0190391540527344 0.0355491638183594 0.63702392578125 -0.2174072265625
-0.0191650390625 0.0496711730957031 0.6268310546875 0.403564453125
0.00183105468749999 0.0655632019042969 0.1563720703125 0.80999755859375
-0.0254745483398438 0.125007629394531 -0.238006591796875 0.54791259765625
-0.0697174072265625 0.125831604003906 0.0351486206054687 0.0189247131347656
-0.0371322631835937 0.123550415039063 0.31201171875 -0.578125
0.0189971923828125 0.0963821411132813 -0.1312255859375 -0.880615234375
-0.000274658203125 0.0492706298828125 -0.7003173828125 -0.37689208984375
-0.0305919647216797 0.00724983215332031 -0.575927734375 0.27301025390625
-0.0104808807373047 -0.0184001922607422 -0.18792724609375 0.465972900390625
0.0094757080078125 -0.0315456390380859 0.152801513671875 0.300201416015625
0.0252704620361328 -0.0167865753173828 0.274459838867188 0.0462646484375
0.0312900543212891 -0.00587844848632812 -0.232864379882812 -0.05999755859375
0.0181293487548828 -0.00185394287109375 -0.06170654296875 -0.2965087890625
0.01397705078125 -0.00322055816650391 0.319091796875 -0.4053955078125
-0.00625991821289062 0.0364418029785156 0.688720703125 -0.10992431640625
-0.01580810546875 0.0440826416015625 0.5462646484375 0.524017333984375
-0.00541305541992187 0.0583610534667969 0.00561523437500002 0.83416748046875
-0.0443115234375 0.114952087402344 -0.291046142578125 0.48358154296875
-0.0696792602539062 0.115028381347656 0.0690193176269531 -0.0397872924804687
-0.029388427734375 0.110633850097656 0.24261474609375 -0.64288330078125
0.026702880859375 0.0807647705078125 -0.27392578125 -0.83447265625
0.0128135681152344 0.0408935546875 -0.72705078125 -0.2379150390625
-0.0165376663208008 0.00473594665527344 -0.490570068359375 0.352386474609375
-0.00246429443359375 -0.0179805755615234 -0.095611572265625 0.485870361328125
0.00794792175292968 -0.0312709808349609 0.196990966796875 0.2880859375
0.0181331634521484 -0.0178852081298828 0.283905029296875 0.036865234375
0.0251140594482422 -0.00512313842773438 -0.226547241210937 -0.067138671875
0.0219459533691406 0.00315284729003906 -0.0238037109375 -0.29351806640625
0.0290870666503906 0.00337409973144531 0.386627197265625 -0.362060546875
0.00664520263671875 0.0364036560058594 0.71600341796875 -0.00225830078125
-0.0143108367919922 0.0322666168212891 0.45428466796875 0.62542724609375
-0.0122470855712891 0.0334644317626953 -0.13226318359375 0.8369140625
-0.0466537475585937 0.0830841064453125 -0.3245849609375 0.42083740234375
-0.0528182983398438 0.086212158203125 0.101463317871094 -0.0923614501953125
-0.0182571411132812 0.07855224609375 0.1727294921875 -0.69146728515625
0.0285758972167969 0.0540275573730469 -0.39031982421875 -0.7762451171875
0.0233974456787109 0.0270843505859375 -0.73321533203125 -0.1141357421875
-0.000897228717803955 0.000199854373931885 -0.409027099609375 0.412933349609375
0.00689506530761719 -0.0124359130859375 -0.01629638671875 0.489654541015625
0.00438308715820312 -0.0276393890380859 0.229751586914063 0.2716064453125
0.0105819702148438 -0.0177059173583984 0.289581298828125 0.022308349609375
0.0189647674560547 -0.00307655334472656 -0.22308349609375 -0.0748138427734375
0.0269794464111328 0.0106563568115234 0.000244140624999974 -0.290374755859375
0.0446662902832031 0.0126075744628906 0.4276123046875 -0.325775146484375
0.0190658569335938 0.03533935546875 0.72015380859375 0.0784912109375
-0.0125360488891602 0.00947284698486328 0.375 0.69329833984375
-0.00802850723266602 -0.0082392692565918 -0.23236083984375 0.8260498046875
-0.0276641845703125 0.0365257263183594 -0.34014892578125 0.375
-0.0194091796875 0.0419120788574219 0.124992370605469 -0.127937316894531
-0.007965087890625 0.0322895050048828 0.12261962890625 -0.718017578125
0.0217819213867188 0.0198020935058594 -0.4625244140625 -0.7236328125
0.0267353057861328 0.0109939575195313 -0.72406005859375 -0.0326538085937501
0.0138301849365234 -0.0042266845703125 -0.35113525390625 0.446044921875
0.0171651840209961 -0.00537014007568359 0.034088134765625 0.483489990234375
0.00117301940917969 -0.0198726654052734 0.250701904296875 0.254043579101563
0.00168037414550781 -0.0157356262207031 0.292999267578125 0.00927734375
0.0147285461425781 -0.00252056121826172 -0.221511840820313 -0.082061767578125
0.0310573577880859 0.0173072814941406 0.00662231445312497 -0.291839599609375
0.058074951171875 0.0201225280761719 0.43695068359375 -0.31103515625
0.0300846099853516 0.0319423675537109 0.7197265625 0.1103515625
-0.00890445709228516 -0.0170984268188477 0.33880615234375 0.72137451171875
0.0069732666015625 -0.0591964721679688 -0.26837158203125 0.81951904296875
0.00939750671386719 -0.0186004638671875 -0.33990478515625 0.352630615234375
0.0231208801269531 -0.0101242065429687 0.13555908203125 -0.14166259765625
-0.00191116333007812 -0.0212554931640625 0.10174560546875 -0.72442626953125
0.00798606872558594 -0.0178356170654297 -0.4923095703125 -0.6995849609375
0.0213890075683594 -0.00466728210449219 -0.722900390625 0.00158691406249988
0.0264682769775391 -0.00858497619628906 -0.333099365234375 0.456512451171875
0.0288200378417969 0.000242233276367187 0.04742431640625 0.475860595703125
-0.00145053863525391 -0.0121278762817383 0.252395629882813 0.241943359375
-0.00328350067138672 -0.0130758285522461 0.290863037109375 -0.002410888671875
0.0115594863891602 -0.00127029418945313 -0.225296020507813 -0.087127685546875
0.0333766937255859 0.022247314453125 -0.00772094726562503 -0.298309326171875
0.065673828125 0.0259971618652344 0.4141845703125 -0.321807861328125
0.03778076171875 0.0247154235839844 0.71307373046875 0.087158203125
-0.00855255126953125 -0.0434913635253906 0.367919921875 0.7044677734375
0.0198898315429687 -0.110992431640625 -0.23260498046875 0.82781982421875
0.051361083984375 -0.0761489868164063 -0.33111572265625 0.371337890625
0.0701522827148438 -0.0601615905761719 0.130134582519531 -0.127525329589844
0.00927734375 -0.0745315551757813 0.1143798828125 -0.71087646484375
-0.00665283203125 -0.0538253784179687 -0.47357177734375 -0.71185302734375
0.0104646682739258 -0.0175628662109375 -0.7313232421875 -0.0168457031249999
0.0341091156005859 -0.0122146606445313 -0.359344482421875 0.4495849609375
0.0402069091796875 0.00617218017578125 0.02362060546875 0.470458984375
-0.00208425521850586 -0.00301575660705566 0.2427978515625 0.2398681640625
-0.0066075325012207 -0.00832653045654297 0.288360595703125 -0.01025390625
0.00878190994262695 -0.000748634338378906 -0.233123779296875 -0.089202880859375
0.0299301147460938 0.0250434875488281 -0.041015625 -0.307708740234375
0.0671653747558594 0.0282135009765625 0.36334228515625 -0.357635498046875
0.0393905639648438 0.01861572265625 0.6973876953125 0.0108642578125
-0.0144119262695313 -0.0615997314453125 0.4425048828125 0.6473388671875
0.019378662109375 -0.152969360351562 -0.134033203125 0.84051513671875
0.0784912109375 -0.127494812011719 -0.309814453125 0.41668701171875
0.112640380859375 -0.103225708007813 0.110198974609375 -0.0904388427734375
0.0279922485351562 -0.121116638183594 0.162841796875 -0.6826171875
-0.016815185546875 -0.0868988037109375 -0.4066162109375 -0.75030517578125
-0.00414657592773438 -0.0309944152832031 -0.744140625 -0.0853271484375
0.03314208984375 -0.0135326385498047 -0.42193603515625 0.423858642578125
0.0475196838378906 0.010406494140625 -0.034027099609375 0.469970703125
0.00214266777038574 0.00275564193725586 0.216720581054688 0.246109008789062
-0.0064702033996582 -0.00694894790649414 0.2822265625 -0.00982666015625
0.040618896484375 -0.0096435546875 -0.2559814453125 -0.0436859130859375
0.0154342651367187 -0.0106620788574219 -0.158416748046875 -0.292022705078125
-0.00650501251220703 -0.00947093963623047 0.1400146484375 -0.47027587890625
-0.0276203155517578 0.0345287322998047 0.56390380859375 -0.31829833984375
-0.0244674682617188 0.0481605529785156 0.6798095703125 0.27685546875
0.00550079345703125 0.0567283630371094 0.30419921875 0.76904296875
-0.00391387939453126 0.113426208496094 -0.16998291015625 0.60577392578125
-0.054168701171875 0.12017822265625 0.0036773681640625 0.07684326171875
-0.0348587036132812 0.1197509765625 0.363983154296875 -0.511444091796875
0.0142669677734375 0.0938796997070313 0.0108032226562501 -0.9014892578125
-0.0137786865234375 0.0484886169433594 -0.65008544921875 -0.5018310546875
-0.0436592102050781 0.00742340087890625 -0.6458740234375 0.18865966796875
-0.016143798828125 -0.0185260772705078 -0.27069091796875 0.44122314453125
0.00810813903808594 -0.0293998718261719 0.115692138671875 0.302978515625
0.0293312072753906 -0.0178947448730469 0.266952514648437 0.0457916259765625
0.0381126403808594 -0.00882720947265625 -0.245773315429687 -0.04791259765625
0.0144329071044922 -0.00793647766113281 -0.113677978515625 -0.294097900390625
0.000655651092529297 -0.00815916061401367 0.228973388671875 -0.44549560546875
-0.0179061889648438 0.0360107421875 0.63623046875 -0.2286376953125
-0.0184059143066406 0.04949951171875 0.63299560546875 0.39617919921875
0.00336456298828125 0.0657081604003906 0.16876220703125 0.81146240234375
-0.0257110595703125 0.126167297363281 -0.231170654296875 0.552642822265625
-0.0676727294921875 0.128059387207031 0.034149169921875 0.0192432403564453
-0.0363998413085937 0.125022888183594 0.30474853515625 -0.58282470703125
0.0212554931640625 0.095947265625 -0.143310546875 -0.88250732421875
-0.000213623046875004 0.0489501953125 -0.70697021484375 -0.36712646484375
-0.0321235656738281 0.00772285461425781 -0.5728759765625 0.28314208984375
-0.0106601715087891 -0.0192127227783203 -0.180450439453125 0.46966552734375
0.00882911682128906 -0.0315513610839844 0.159271240234375 0.297149658203125
0.0252513885498047 -0.0165653228759766 0.276397705078125 0.0417327880859375
0.0319480895996094 -0.00736427307128906 -0.2353515625 -0.05572509765625
0.0175933837890625 -0.00359153747558594 -0.067413330078125 -0.295654296875
0.0128536224365234 -0.00406837463378906 0.313262939453125 -0.409698486328125
-0.00547409057617188 0.0377998352050781 0.68963623046875 -0.12158203125
-0.0148468017578125 0.0450248718261719 0.558258056640625 0.51904296875
-0.00524520874023438 0.0577964782714844 0.01806640625 0.83575439453125
-0.0430221557617188 0.116401672363281 -0.285125732421875 0.488616943359375
-0.06817626953125 0.115325927734375 0.0683364868164063 -0.0404434204101562
-0.02764892578125 0.111541748046875 0.23443603515625 -0.64703369140625
0.0294113159179687 0.0810089111328125 -0.287353515625 -0.83343505859375
0.0132369995117188 0.04071044921875 -0.7327880859375 -0.22845458984375
-0.0161514282226563 0.00443840026855469 -0.485595703125 0.362274169921875
-0.00330734252929688 -0.0168600082397461 -0.087982177734375 0.48773193359375
0.00758743286132813 -0.0311985015869141 0.20123291015625 0.28564453125
0.0182781219482422 -0.0182094573974609 0.28594970703125 0.032501220703125
0.0245113372802734 -0.00525283813476563 -0.228744506835938 -0.063232421875
0.0224037170410156 0.00328826904296875 -0.029022216796875 -0.29290771484375
0.0287818908691406 0.003143310546875 0.38201904296875 -0.368438720703125
0.00787353515625 0.0370330810546875 0.7191162109375 -0.01373291015625
-0.0141124725341797 0.0319328308105469 0.46649169921875 0.62152099609375
-0.0116329193115234 0.0326194763183594 -0.119873046875 0.84326171875
-0.046112060546875 0.0845794677734375 -0.3199462890625 0.42877197265625
-0.0508651733398438 0.087158203125 0.098968505859375 -0.0934295654296875
-0.0173416137695312 0.0797119140625 0.16314697265625 -0.69537353515625
0.0302848815917969 0.053375244140625 -0.40301513671875 -0.77294921875
0.0246162414550781 0.0269184112548828 -0.7362060546875 -0.106689453125
-0.000853121280670166 -0.000300884246826172 -0.40380859375 0.420318603515625
0.00662899017333984 -0.0130529403686523 -0.00872802734375001 0.490631103515625
0.00403594970703125 -0.0266036987304688 0.235565185546875 0.268218994140625
0.00995826721191406 -0.0176181793212891 0.29156494140625 0.018341064453125
0.0184249877929687 -0.00375175476074219 -0.225418090820313 -0.069976806640625
0.0276527404785156 0.00979804992675781 -0.00604248046874999 -0.29296875
0.043975830078125 0.0106544494628906 0.420928955078125 -0.3314208984375
0.0199012756347656 0.0354461669921875 0.726318359375 0.06915283203125
-0.0129976272583008 0.0102367401123047 0.3868408203125 0.68988037109375
-0.00831413269042969 -0.0085291862487793 -0.221923828125 0.83294677734375
-0.0279121398925781 0.0366325378417969 -0.336761474609375 0.381011962890625
-0.0187721252441406 0.0431480407714844 0.122581481933594 -0.130180358886719
-0.00799942016601562 0.0328102111816406 0.1114501953125 -0.721435546875
0.0224704742431641 0.0189971923828125 -0.47454833984375 -0.71868896484375
0.0270595550537109 0.00979804992675781 -0.728515625 -0.02392578125
0.0142250061035156 -0.004730224609375 -0.345367431640625 0.451812744140625
0.0168724060058594 -0.00660896301269531 0.0411376953125 0.48394775390625
0.000839233398437498 -0.0197067260742188 0.254562377929688 0.251556396484375
0.00217151641845703 -0.0151901245117187 0.295501708984375 0.002838134765625
0.0156288146972656 -0.00275707244873047 -0.223922729492188 -0.0779571533203125
0.0318279266357422 0.0161609649658203 0.00158691406249999 -0.29156494140625
0.0587539672851563 0.0181732177734375 0.432647705078125 -0.315704345703125
0.0303726196289063 0.0308055877685547 0.72406005859375 0.10064697265625
-0.00939273834228516 -0.0162591934204102 0.35003662109375 0.7169189453125
0.00698471069335938 -0.0598335266113281 -0.2554931640625 0.824462890625
0.00862312316894531 -0.0187931060791016 -0.33709716796875 0.35980224609375
0.0231189727783203 -0.00962066650390625 0.13360595703125 -0.143524169921875
-0.00153732299804688 -0.0206642150878906 0.0906982421875 -0.72637939453125
0.00834083557128906 -0.0179634094238281 -0.50360107421875 -0.69439697265625
0.0215187072753906 -0.00523185729980469 -0.725830078125 0.0112915039062501
0.0268173217773437 -0.00917243957519531 -0.32586669921875 0.46380615234375
0.0289840698242188 -0.0009918212890625 0.054962158203125 0.4749755859375
-0.00145816802978516 -0.011810302734375 0.257217407226563 0.238021850585937
-0.00364494323730469 -0.012486457824707 0.292938232421875 -0.00885009765625
0.011357307434082 -0.00121879577636719 -0.227020263671875 -0.082489013671875
0.0332450866699219 0.0224456787109375 -0.012786865234375 -0.299468994140625
0.0662117004394531 0.0239028930664063 0.411895751953125 -0.3282470703125
0.0384292602539063 0.0246086120605469 0.71661376953125 0.07806396484375
-0.00859832763671875 -0.0437088012695313 0.3795166015625 0.70147705078125
0.0182266235351563 -0.11077880859375 -0.221435546875 0.83453369140625
0.0488739013671875 -0.0759735107421875 -0.325897216796875 0.37750244140625
0.0694351196289063 -0.0610694885253906 0.127593994140625 -0.12884521484375
0.00907897949218749 -0.0747451782226563 0.10589599609375 -0.71636962890625
-0.00762176513671875 -0.052825927734375 -0.48541259765625 -0.70550537109375
0.0105705261230469 -0.0181293487548828 -0.7353515625 -0.00598144531250015
0.0333518981933594 -0.0128536224365234 -0.354461669921875 0.45745849609375
0.040130615234375 0.00528717041015625 0.031585693359375 0.473114013671875
-0.00137138366699219 -0.00221490859985352 0.24658203125 0.236526489257813
-0.00677633285522461 -0.00857210159301758 0.2891845703125 -0.01470947265625
0.00990200042724609 -0.00110721588134766 -0.236526489257813 -0.0851593017578125
0.0311660766601563 0.0243186950683594 -0.0457763671875 -0.305999755859375
0.0681800842285156 0.0266571044921875 0.358856201171875 -0.363555908203125
0.0417556762695313 0.018310546875 0.699462890625 0.0015869140625
-0.0152969360351562 -0.0618362426757812 0.453369140625 0.64263916015625
0.016632080078125 -0.154129028320313 -0.12188720703125 0.84625244140625
0.0766143798828125 -0.127548217773438 -0.304840087890625 0.42291259765625
0.110977172851563 -0.103866577148438 0.107696533203125 -0.091949462890625
0.0274505615234375 -0.120819091796875 0.15374755859375 -0.68682861328125
-0.0171585083007813 -0.087799072265625 -0.41815185546875 -0.746826171875
-0.0040740966796875 -0.0314464569091797 -0.745849609375 -0.0745239257812499
0.03240966796875 -0.0143756866455078 -0.41619873046875 0.432098388671875
0.0471305847167969 0.010009765625 -0.025177001953125 0.472198486328125
0.00210475921630859 0.00378680229187012 0.221084594726563 0.243392944335937
-0.00711679458618164 -0.00564908981323242 0.283966064453125 -0.015869140625
0.0424995422363281 -0.00946426391601562 -0.2564697265625 -0.0381011962890625
0.014984130859375 -0.0101327896118164 -0.163787841796875 -0.28973388671875
-0.00734043121337891 -0.0103092193603516 0.1322021484375 -0.471527099609375
-0.0259246826171875 0.035858154296875 0.558502197265625 -0.3272705078125
-0.0233726501464844 0.0488319396972656 0.6865234375 0.26593017578125
0.00618362426757812 0.0561103820800781 0.31280517578125 0.7647705078125
-0.002471923828125 0.114738464355469 -0.162109375 0.60943603515625
-0.051849365234375 0.121688842773437 0.00284576416015624 0.0771865844726563
-0.0328521728515625 0.120903015136719 0.35882568359375 -0.515289306640625
0.0147705078125 0.0945053100585937 -0.00408935546874998 -0.90557861328125
-0.0131568908691406 0.0490074157714844 -0.659423828125 -0.49114990234375
-0.0434837341308594 0.00832366943359374 -0.64404296875 0.19952392578125
-0.0171585083007813 -0.0199108123779297 -0.264495849609375 0.4462890625
0.00853538513183594 -0.0283966064453125 0.11981201171875 0.301177978515625
0.0287380218505859 -0.0162467956542969 0.269775390625 0.04156494140625
0.0372123718261719 -0.00920486450195313 -0.247817993164063 -0.0446014404296875
0.016413688659668 -0.00842475891113281 -0.11846923828125 -0.291839599609375
-0.00157737731933594 -0.00787115097045898 0.221435546875 -0.450592041015625
-0.0168228149414062 0.0368270874023438 0.63299560546875 -0.2384033203125
-0.0180091857910156 0.05023193359375 0.64129638671875 0.38623046875
0.00450134277343749 0.064483642578125 0.182373046875 0.80841064453125
-0.0235061645507813 0.127006530761719 -0.223175048828125 0.557830810546875
-0.0674819946289063 0.129844665527344 0.0347080230712891 0.0190200805664063
-0.0347824096679688 0.127548217773438 0.296630859375 -0.58856201171875
0.0242233276367187 0.0955810546875 -0.15936279296875 -0.88067626953125
0.00188064575195312 0.0507926940917969 -0.7149658203125 -0.35546875
-0.0319366455078125 0.008209228515625 -0.5687255859375 0.291748046875
-0.0104160308837891 -0.0186672210693359 -0.171875 0.47430419921875
0.00847434997558594 -0.0321617126464844 0.165252685546875 0.29705810546875
0.0258979797363281 -0.0181617736816406 0.279129028320313 0.0366973876953125
0.0325164794921875 -0.00699424743652344 -0.237548828125 -0.0496978759765625
0.0182609558105469 -0.00396537780761719 -0.07183837890625 -0.294158935546875
0.0129003524780273 -0.00458431243896484 0.30657958984375 -0.4154052734375
-0.00540924072265625 0.0383262634277344 0.6868896484375 -0.13201904296875
-0.0140800476074219 0.045501708984375 0.56390380859375 0.51055908203125
-0.00455474853515625 0.0577659606933594 0.0289306640625 0.83636474609375
-0.0415420532226562 0.116737365722656 -0.278167724609375 0.494964599609375
-0.0668869018554687 0.117515563964844 0.0681304931640625 -0.0410385131835938
-0.0271682739257812 0.113227844238281 0.22442626953125 -0.65142822265625
0.0304336547851563 0.0818328857421875 -0.2994384765625 -0.82989501953125
0.0138359069824219 0.0409889221191406 -0.73846435546875 -0.21734619140625
-0.0173883438110352 0.00438499450683594 -0.481842041015625 0.371307373046875
-0.00323867797851562 -0.0176200866699219 -0.079681396484375 0.48883056640625
0.00628280639648438 -0.0312290191650391 0.2059326171875 0.282745361328125
0.0172271728515625 -0.0185585021972656 0.2886962890625 0.026885986328125
0.0249767303466797 -0.00613975524902344 -0.23028564453125 -0.0587158203125
0.0234718322753906 0.00235366821289063 -0.03363037109375 -0.29278564453125
0.0281238555908203 0.00231361389160156 0.37457275390625 -0.373077392578125
0.00975799560546875 0.0381240844726563 0.7193603515625 -0.02337646484375
-0.013275146484375 0.0322513580322266 0.47686767578125 0.61444091796875
-0.0110874176025391 0.0334205627441406 -0.107421875 0.84503173828125
-0.0461883544921875 0.0860824584960937 -0.314605712890625 0.4339599609375
-0.05084228515625 0.088897705078125 0.0975875854492188 -0.0934982299804688
-0.0155105590820313 0.0810012817382813 0.1531982421875 -0.69873046875
0.0320167541503906 0.0523033142089844 -0.4156494140625 -0.767578125
0.0241680145263672 0.026275634765625 -0.73846435546875 -0.0956420898437501
-0.00148200988769531 0.00072777271270752 -0.3974609375 0.426910400390625
0.00618934631347656 -0.0126152038574219 0.000610351562500021 0.491607666015625
0.00290107727050781 -0.0276565551757813 0.23974609375 0.265487670898438
0.00839424133300781 -0.0179328918457031 0.293243408203125 0.0133056640625
0.0189933776855469 -0.00270271301269531 -0.227294921875 -0.0658416748046875
0.0279293060302734 0.00909996032714844 -0.010223388671875 -0.29034423828125
0.0454673767089844 0.0107040405273438 0.41766357421875 -0.33868408203125
0.0214309692382812 0.0348834991455078 0.72613525390625 0.05743408203125
-0.0122489929199219 0.011652946472168 0.39666748046875 0.68621826171875
-0.00783681869506836 -0.00808143615722656 -0.21026611328125 0.8375244140625
-0.0284233093261719 0.0374755859375 -0.330810546875 0.3868408203125
-0.0184059143066406 0.0440711975097656 0.119796752929688 -0.131088256835938
-0.00824737548828125 0.0336170196533203 0.10302734375 -0.72216796875
0.0236930847167969 0.0198650360107422 -0.48455810546875 -0.7161865234375
0.0264701843261719 0.00964546203613281 -0.730712890625 -0.01165771484375
0.0140810012817383 -0.00479507446289063 -0.337188720703125 0.45855712890625
0.0173826217651367 -0.00586700439453125 0.048736572265625 0.484344482421875
0.000400543212890625 -0.0200996398925781 0.258941650390625 0.246688842773437
0.00105857849121094 -0.0151987075805664 0.295379638671875 -0.002471923828125
0.0164079666137695 -0.00349998474121094 -0.225570678710938 -0.07379150390625
0.0321006774902344 0.0152244567871094 -0.00314331054687503 -0.29150390625
0.0586471557617188 0.0173606872558594 0.42816162109375 -0.3226318359375
0.0317821502685547 0.0313892364501953 0.72454833984375 0.08831787109375
-0.0106801986694336 -0.0171937942504883 0.36163330078125 0.71087646484375
0.00508499145507812 -0.0598487854003906 -0.2454833984375 0.82989501953125
0.00824165344238281 -0.0182323455810547 -0.331817626953125 0.36602783203125
0.022430419921875 -0.00854110717773438 0.129776000976563 -0.144638061523438
-0.0014190673828125 -0.0198516845703125 0.0804443359375 -0.7286376953125
0.00851631164550781 -0.0176792144775391 -0.51458740234375 -0.6871337890625
0.0217838287353516 -0.00527572631835937 -0.724853515625 0.0225219726562499
0.02581787109375 -0.0101547241210937 -0.320068359375 0.4683837890625
0.0290927886962891 -0.00133132934570312 0.062530517578125 0.474517822265625
-0.00207233428955078 -0.0104446411132812 0.262710571289063 0.234207153320313
-0.00527763366699219 -0.0122528076171875 0.293487548828125 -0.013946533203125
0.0117473602294922 -0.000871658325195312 -0.23016357421875 -0.07891845703125
0.0318679809570313 0.0221443176269531 -0.018035888671875 -0.297210693359375
0.0664253234863281 0.0243377685546875 0.406524658203125 -0.33392333984375
0.0394744873046875 0.0231208801269531 0.71807861328125 0.06640625
-0.0101776123046875 -0.0433769226074219 0.3914794921875 0.698486328125
0.0151519775390625 -0.112419128417969 -0.20904541015625 0.83843994140625
0.0481643676757813 -0.0758438110351563 -0.324249267578125 0.384063720703125
0.0679702758789063 -0.0621871948242188 0.124969482421875 -0.129440307617188
0.00772094726562499 -0.0752029418945313 0.09503173828125 -0.71771240234375
-0.00724411010742188 -0.053985595703125 -0.4954833984375 -0.70001220703125
0.0117683410644531 -0.0191650390625 -0.735107421875 0.00433349609374998
0.0332107543945313 -0.0136604309082031 -0.34619140625 0.46368408203125
0.0400047302246094 0.00406646728515625 0.0389404296875 0.47259521484375
-0.000725984573364258 -0.00240492820739746 0.250778198242187 0.231353759765625
-0.00727272033691406 -0.0083770751953125 0.28857421875 -0.019287109375
0.0104169845581055 -0.00103092193603516 -0.238327026367188 -0.0794830322265625
0.0312347412109375 0.02398681640625 -0.051116943359375 -0.30548095703125
0.0687065124511719 0.02587890625 0.352996826171875 -0.368988037109375
0.0416603088378906 0.0179214477539063 0.70050048828125 -0.00982666015625
-0.016326904296875 -0.0611152648925781 0.46319580078125 0.63629150390625
0.013641357421875 -0.154769897460938 -0.109130859375 0.84674072265625
0.074676513671875 -0.128692626953125 -0.298248291015625 0.429473876953125
0.109458923339844 -0.104965209960937 0.107421875 -0.0923843383789063
0.0253524780273437 -0.121208190917969 0.14324951171875 -0.68914794921875
-0.0187835693359375 -0.0871353149414063 -0.428955078125 -0.7408447265625
-0.00380516052246094 -0.0309066772460938 -0.74859619140625 -0.06243896484375
0.0334243774414063 -0.0151824951171875 -0.411468505859375 0.4390869140625
0.0489845275878906 0.00928497314453125 -0.0179443359375 0.47283935546875
0.00282573699951172 0.00443458557128906 0.224578857421875 0.24102783203125
-0.00791263580322266 -0.00626230239868164 0.2835693359375 -0.019927978515625
0.0424118041992188 -0.0113945007324219 -0.258010864257813 -0.0338287353515625
0.0163984298706055 -0.0107126235961914 -0.16754150390625 -0.28497314453125
-0.00791263580322265 -0.0102128982543945 0.123138427734375 -0.471405029296875
-0.027069091796875 0.0366020202636719 0.554290771484375 -0.332855224609375
-0.0240058898925781 0.0498313903808594 0.687744140625 0.25555419921875
0.00597763061523437 0.0557937622070312 0.325439453125 0.7586669921875
-0.000740051269531258 0.114219665527344 -0.15435791015625 0.6107177734375
-0.0499267578125 0.123245239257812 0.00369262695312499 0.077667236328125
-0.030609130859375 0.121238708496094 0.350982666015625 -0.520416259765625
0.0177459716796875 0.0935821533203125 -0.0153198242187499 -0.90313720703125
-0.0108489990234375 0.0501785278320313 -0.66571044921875 -0.4796142578125
-0.0435371398925781 0.009490966796875 -0.63873291015625 0.2080078125
-0.0179176330566406 -0.0178298950195312 -0.256439208984375 0.448516845703125
0.00755691528320313 -0.0293254852294922 0.124908447265625 0.29827880859375
0.0288619995117187 -0.0174369812011719 0.270050048828125 0.0373382568359375
0.0371856689453125 -0.0107765197753906 -0.248489379882812 -0.0375823974609375
0.0165920257568359 -0.00817012786865234 -0.123260498046875 -0.28955078125
-0.000527381896972656 -0.00828838348388672 0.212371826171875 -0.45172119140625
-0.0160484313964844 0.0382461547851563 0.62579345703125 -0.24725341796875
-0.0176658630371094 0.0509033203125 0.64617919921875 0.3759765625
0.00494384765625 0.0640182495117188 0.19317626953125 0.804443359375
-0.0222320556640625 0.127540588378906 -0.21636962890625 0.56005859375
-0.0637969970703125 0.130485534667969 0.0334815979003906 0.0195064544677734
-0.0322418212890625 0.127433776855469 0.286865234375 -0.5908203125
0.0256881713867188 0.0957489013671875 -0.169677734375 -0.87701416015625
0.00220108032226562 0.0505905151367188 -0.7177734375 -0.345703125
-0.0320110321044922 0.00882339477539063 -0.56524658203125 0.30059814453125
-0.0113887786865234 -0.0195598602294922 -0.163726806640625 0.4766845703125
0.0082550048828125 -0.0308647155761719 0.16839599609375 0.29254150390625
0.0236015319824219 -0.0178165435791016 0.280136108398438 0.0316925048828125
0.0322647094726563 -0.00731849670410156 -0.238327026367187 -0.0451507568359375
0.0185546875 -0.00412750244140625 -0.077484130859375 -0.291412353515625
0.0134420394897461 -0.00396537780761719 0.30010986328125 -0.419097900390625
-0.00376510620117188 0.0388946533203125 0.68475341796875 -0.1419677734375
-0.0135231018066406 0.0457725524902344 0.57257080078125 0.50238037109375
-0.00402450561523438 0.0573844909667969 0.0435791015625 0.83331298828125
-0.0406265258789062 0.118087768554688 -0.2691650390625 0.498382568359375
-0.0647430419921875 0.119575500488281 0.0661659240722656 -0.0416526794433594
-0.0244369506835937 0.113861083984375 0.21563720703125 -0.65203857421875
0.0326080322265625 0.0817489624023438 -0.310302734375 -0.82427978515625
0.0149116516113281 0.041412353515625 -0.73919677734375 -0.20611572265625
-0.0178031921386719 0.0058135986328125 -0.47418212890625 0.379058837890625
-0.00304794311523438 -0.0177688598632812 -0.072845458984375 0.489501953125
0.00654411315917969 -0.0307846069335937 0.210601806640625 0.279449462890625
0.0167713165283203 -0.0188179016113281 0.289306640625 0.021514892578125
0.0257225036621094 -0.00613975524902344 -0.23126220703125 -0.0542755126953125
0.02392578125 0.00198554992675781 -0.0382080078125 -0.290496826171875
0.0286960601806641 0.00150680541992187 0.36962890625 -0.377532958984375
0.009674072265625 0.0376052856445313 0.7177734375 -0.0347900390625
-0.0128192901611328 0.0327320098876953 0.485107421875 0.608154296875
-0.0109825134277344 0.0324878692626953 -0.0944213867187499 0.84503173828125
-0.0443572998046875 0.0859146118164063 -0.3072509765625 0.43743896484375
-0.04876708984375 0.0904388427734375 0.095245361328125 -0.0951690673828125
-0.0145950317382813 0.0809783935546875 0.143310546875 -0.69854736328125
0.0332450866699219 0.0532417297363281 -0.42474365234375 -0.76104736328125
0.0243377685546875 0.0260334014892578 -0.73895263671875 -0.0854492187500002
-0.00204849243164063 0.000488996505737305 -0.3909912109375 0.433502197265625
0.00647354125976562 -0.0126752853393555 0.007904052734375 0.49090576171875
0.00263595581054688 -0.0267925262451172 0.243728637695312 0.261062622070313
0.00868034362792969 -0.0180473327636719 0.2935791015625 0.00762939453125
0.0184116363525391 -0.00317764282226563 -0.228103637695313 -0.0615386962890625
0.02777099609375 0.00819969177246094 -0.0157470703125 -0.289825439453125
0.0448532104492188 0.00949478149414063 0.411895751953125 -0.342071533203125
0.0224399566650391 0.0348052978515625 0.72784423828125 0.04534912109375
-0.0120553970336914 0.0109519958496094 0.4068603515625 0.6800537109375
-0.00842475891113281 -0.0082554817199707 -0.19757080078125 0.83837890625
-0.0277214050292969 0.0386848449707031 -0.326171875 0.39166259765625
-0.0184135437011719 0.0455360412597656 0.116806030273438 -0.131782531738281
-0.0077667236328125 0.0353469848632813 0.09014892578125 -0.7235107421875
0.0236988067626953 0.0189933776855469 -0.49505615234375 -0.706298828125
0.0269908905029297 0.00970649719238281 -0.7288818359375 -0.000732421874999989
0.0136184692382813 -0.00442314147949219 -0.331268310546875 0.46270751953125
0.0177059173583984 -0.00655746459960937 0.058685302734375 0.48236083984375
-0.00114250183105469 -0.0184669494628906 0.2620849609375 0.24224853515625
0.00167083740234375 -0.0165205001831055 0.29644775390625 -0.007293701171875
0.0150785446166992 -0.00287437438964844 -0.227493286132813 -0.068817138671875
0.0324115753173828 0.0145397186279297 -0.00860595703125002 -0.29132080078125
0.0589179992675781 0.016265869140625 0.4239501953125 -0.328521728515625
0.0334453582763672 0.0298080444335938 0.7259521484375 0.07830810546875
-0.0102767944335938 -0.016693115234375 0.3712158203125 0.70556640625
0.002899169921875 -0.06121826171875 -0.23321533203125 0.832275390625
0.00734329223632813 -0.0180320739746094 -0.327392578125 0.3709716796875
0.0235767364501953 -0.00909233093261719 0.126907348632813 -0.145950317382813
-0.00239181518554688 -0.0192127227783203 0.0692138671875001 -0.7271728515625
0.00909042358398438 -0.0177879333496094 -0.521484375 -0.68115234375
0.0229434967041016 -0.00606155395507813 -0.723876953125 0.0347290039062501
0.0248985290527344 -0.00999069213867188 -0.312255859375 0.4730224609375
0.0295314788818359 -0.00185966491699219 0.06988525390625 0.473297119140625
-0.00201225280761719 -0.0104570388793945 0.265731811523437 0.230438232421875
-0.00424861907958984 -0.0119438171386719 0.293670654296875 -0.01983642578125
0.0118923187255859 -0.00191402435302734 -0.230499267578125 -0.0745849609375
0.0340995788574219 0.0205001831054688 -0.02313232421875 -0.29632568359375
0.0663986206054688 0.022369384765625 0.401153564453125 -0.34027099609375
0.0397834777832031 0.0232353210449219 0.71795654296875 0.0557861328125
-0.0115814208984375 -0.0436897277832031 0.40020751953125 0.6903076171875
0.013275146484375 -0.112693786621094 -0.1978759765625 0.83917236328125
0.0463714599609375 -0.0766067504882813 -0.31732177734375 0.38763427734375
0.0670356750488281 -0.0612831115722656 0.122215270996094 -0.131690979003906
0.00702667236328125 -0.0753097534179688 0.0852050781250001 -0.71783447265625
-0.00770568847656251 -0.0524330139160156 -0.50567626953125 -0.6922607421875
0.0108871459960938 -0.0185489654541016 -0.73663330078125 0.0158081054687499
0.0332355499267578 -0.0134029388427734 -0.339141845703125 0.4683837890625
0.0400276184082031 0.00427627563476563 0.046234130859375 0.470001220703125
-0.00117349624633789 -0.00188493728637695 0.2537841796875 0.2281494140625
-0.00869083404541016 -0.00794029235839844 0.289215087890625 -0.02587890625
0.00905132293701172 -0.000737190246582031 -0.24005126953125 -0.0770111083984375
0.0313606262207031 0.0239143371582031 -0.05694580078125 -0.303955078125
0.0685691833496094 0.0259056091308594 0.346588134765625 -0.373138427734375
0.04327392578125 0.0171966552734375 0.70147705078125 -0.02008056640625
-0.0170097351074219 -0.0608901977539063 0.47216796875 0.62799072265625
0.01043701171875 -0.155075073242187 -0.0969238281249999 0.84820556640625
0.0719070434570313 -0.128402709960938 -0.29278564453125 0.431427001953125
0.109634399414063 -0.105674743652344 0.104316711425781 -0.0930252075195312
0.024566650390625 -0.12060546875 0.13214111328125 -0.68841552734375
-0.0200347900390625 -0.0871124267578125 -0.44036865234375 -0.7349853515625
-0.00421524047851562 -0.0317821502685547 -0.7470703125 -0.0513305664062501
0.0326023101806641 -0.0155029296875 -0.403167724609375 0.444122314453125
0.0480079650878906 0.00847244262695313 -0.010894775390625 0.471221923828125
0.0019230842590332 0.00471401214599609 0.229095458984375 0.236862182617188
-0.00822925567626953 -0.00504016876220703 0.282806396484375 -0.0250244140625
0.0405235290527344 -0.0124130249023438 -0.257705688476563 -0.0282135009765626
0.0158796310424805 -0.0117893218994141 -0.173095703125 -0.281494140625
-0.00716018676757812 -0.0099334716796875 0.115203857421875 -0.471160888671875
-0.024749755859375 0.0375022888183594 0.5450439453125 -0.3404541015625
-0.0234870910644531 0.0494422912597656 0.689697265625 0.2452392578125
0.00755691528320313 0.0551986694335938 0.3349609375 0.75091552734375
0.000984191894531239 0.113746643066406 -0.1448974609375 0.61279296875
-0.04815673828125 0.124481201171875 0.0051422119140625 0.0782241821289063
-0.029266357421875 0.122093200683594 0.341552734375 -0.52288818359375
0.019866943359375 0.0937423706054687 -0.028076171875 -0.89874267578125
-0.00966262817382813 0.0487937927246094 -0.67095947265625 -0.4683837890625
-0.0440750122070313 0.00997161865234374 -0.63494873046875 0.21856689453125
-0.0172653198242188 -0.0186443328857422 -0.247772216796875 0.45123291015625
0.00846481323242188 -0.0291213989257813 0.1290283203125 0.295745849609375
0.0279941558837891 -0.0185089111328125 0.270950317382813 0.03240966796875
0.0373153686523438 -0.0104751586914062 -0.2481689453125 -0.0330047607421875
0.0152711868286133 -0.00857353210449219 -0.12811279296875 -0.285888671875
-0.00135517120361328 -0.00843143463134766 0.205078125 -0.45172119140625
-0.0145988464355469 0.0384712219238281 0.62060546875 -0.2557373046875
-0.0161972045898437 0.051177978515625 0.64935302734375 0.36627197265625
0.00593185424804687 0.06365966796875 0.20465087890625 0.800537109375
-0.019927978515625 0.12628173828125 -0.20770263671875 0.5626220703125
-0.0627822875976562 0.131889343261719 0.033599853515625 0.0188255310058594
-0.0301361083984375 0.129013061523438 0.2777099609375 -0.59283447265625
0.028106689453125 0.09588623046875 -0.17950439453125 -0.8720703125
0.0029296875 0.0494842529296875 -0.7210693359375 -0.33331298828125
-0.0322685241699219 0.00949478149414063 -0.558380126953125 0.30914306640625
-0.0111045837402344 -0.0191268920898438 -0.15716552734375 0.476776123046875
0.00709915161132813 -0.0312557220458984 0.172821044921875 0.290496826171875
0.0232658386230469 -0.0185585021972656 0.2802734375 0.02685546875
0.0326023101806641 -0.00950050354003906 -0.238861083984375 -0.0406341552734375
0.0193595886230469 -0.00425338745117188 -0.082550048828125 -0.2889404296875
0.0118875503540039 -0.00520801544189453 0.2918701171875 -0.42059326171875
-0.00320053100585937 0.0390396118164063 0.681640625 -0.15069580078125
-0.0130424499511719 0.0459365844726563 0.57891845703125 0.491943359375
-0.00317001342773438 0.0572891235351563 0.0541381835937499 0.8311767578125
-0.0394744873046875 0.118026733398437 -0.26318359375 0.5003662109375
-0.0627975463867188 0.120567321777344 0.0638160705566406 -0.040863037109375
-0.0224227905273437 0.115440368652344 0.2054443359375 -0.65374755859375
0.0340118408203125 0.08050537109375 -0.32061767578125 -0.81866455078125
0.0167274475097656 0.0419273376464844 -0.74053955078125 -0.1942138671875
-0.0180377960205078 0.00641441345214844 -0.467926025390625 0.38397216796875
-0.00386142730712891 -0.0166559219360352 -0.0640258789062501 0.4912109375
0.00597381591796875 -0.0316505432128906 0.215469360351562 0.274734497070312
0.0155353546142578 -0.0189952850341797 0.289459228515625 0.017486572265625
0.0248794555664063 -0.007354736328125 -0.23236083984375 -0.048919677734375
0.0236854553222656 0.000743865966796875 -0.043914794921875 -0.288848876953125
0.0285606384277344 0.000944137573242188 0.362457275390625 -0.381591796875
0.0109596252441406 0.0378532409667969 0.7152099609375 -0.04571533203125
-0.0123805999755859 0.0330238342285156 0.49114990234375 0.59912109375
-0.0104503631591797 0.0323963165283203 -0.0838012695312499 0.84417724609375
-0.043365478515625 0.0862655639648438 -0.3013916015625 0.44091796875
-0.0477752685546875 0.0919876098632812 0.0930709838867188 -0.0950927734375
-0.0127334594726563 0.0825424194335938 0.1318359375 -0.697998046875
0.0342483520507813 0.0527267456054688 -0.4366455078125 -0.7537841796875
0.0248813629150391 0.0262813568115234 -0.7376708984375 -0.0739135742187499
-0.00165581703186035 0.000969171524047852 -0.383819580078125 0.438873291015625
0.00631332397460938 -0.0124883651733398 0.016143798828125 0.48828125
0.00279426574707031 -0.0265426635742188 0.247238159179687 0.256134033203125
0.00826072692871094 -0.0182991027832031 0.2938232421875 0.003082275390625
0.0186195373535156 -0.00386428833007812 -0.228805541992187 -0.0570678710937499
0.0279045104980469 0.00862503051757813 -0.02056884765625 -0.2874755859375
0.044525146484375 0.00964736938476563 0.40533447265625 -0.347259521484375
0.0230388641357422 0.0351276397705078 0.72540283203125 0.0352783203125
-0.0125017166137695 0.0114784240722656 0.41595458984375 0.67156982421875
-0.00911235809326172 -0.007720947265625 -0.1844482421875 0.8380126953125
-0.0266380310058594 0.0396995544433594 -0.320526123046875 0.395599365234375
-0.0175628662109375 0.0466041564941406 0.113494873046875 -0.131988525390625
-0.00690460205078125 0.0352516174316406 0.0797119140625 -0.72137451171875
0.0243129730224609 0.0183334350585938 -0.504638671875 -0.69952392578125
0.0263462066650391 0.00905418395996094 -0.7264404296875 0.00885009765624987
0.0130214691162109 -0.00444316864013672 -0.322662353515625 0.4677734375
0.0169095993041992 -0.00758552551269531 0.06390380859375 0.4796142578125
-0.0011138916015625 -0.0182056427001953 0.266326904296875 0.237747192382813
0.00014019012451172 -0.0153055191040039 0.2952880859375 -0.012359619140625
0.0155220031738281 -0.00347328186035156 -0.227859497070313 -0.0652313232421875
0.0321331024169922 0.0143585205078125 -0.013671875 -0.288238525390625
0.0583648681640625 0.0157203674316406 0.417083740234375 -0.33209228515625
0.0349082946777344 0.0297889709472656 0.72467041015625 0.06781005859375
-0.0105037689208984 -0.0166101455688477 0.38037109375 0.70013427734375
0.00300979614257813 -0.0609664916992188 -0.22125244140625 0.83331298828125
0.00745010375976562 -0.0177211761474609 -0.321807861328125 0.372955322265625
0.0223102569580078 -0.00884628295898438 0.123458862304688 -0.146499633789063
-0.00121879577636719 -0.0194206237792969 0.059326171875 -0.725830078125
0.00916099548339844 -0.0180797576904297 -0.53082275390625 -0.67193603515625
0.0219268798828125 -0.00581550598144531 -0.7216796875 0.04364013671875
0.0249233245849609 -0.0107555389404297 -0.305206298828125 0.4775390625
0.0282440185546875 -0.00133514404296875 0.079345703125 0.469451904296875
-0.00189495086669922 -0.00966739654541016 0.268264770507813 0.22479248046875
-0.00589561462402344 -0.0120172500610352 0.292083740234375 -0.02459716796875
0.0113058090209961 -0.00209140777587891 -0.232406616210937 -0.0698394775390625
0.0336170196533203 0.0198478698730469 -0.027496337890625 -0.29449462890625
0.0671348571777344 0.0213470458984375 0.394622802734375 -0.342559814453125
0.0413360595703125 0.0219459533691406 0.71722412109375 0.04437255859375
-0.0112342834472656 -0.0433425903320312 0.40789794921875 0.68463134765625
0.011566162109375 -0.113227844238281 -0.1845703125 0.84130859375
0.0443572998046875 -0.0761260986328125 -0.310699462890625 0.393402099609375
0.0667724609375 -0.06219482421875 0.120124816894531 -0.130455017089844
0.00673675537109375 -0.0738906860351563 0.0747680664062501 -0.71710205078125
-0.00819015502929687 -0.052734375 -0.51324462890625 -0.683837890625
0.0100021362304688 -0.0195198059082031 -0.73101806640625 0.0270996093749999
0.0319995880126953 -0.0142765045166016 -0.33148193359375 0.472564697265625
0.0408439636230469 0.00299835205078125 0.055389404296875 0.468292236328125
-0.00149106979370117 -0.00231838226318359 0.256134033203125 0.222793579101563
-0.00814676284790039 -0.00684928894042969 0.28778076171875 -0.03076171875
0.00987434387207031 -0.000925064086914063 -0.241546630859375 -0.07159423828125
0.0314502716064453 0.0224227905273438 -0.0615234375 -0.30194091796875
0.0688972473144531 0.0239944458007813 0.341522216796875 -0.37554931640625
0.042724609375 0.0160446166992188 0.69921875 -0.03021240234375
-0.0188064575195313 -0.060821533203125 0.4808349609375 0.62139892578125
0.00788879394531251 -0.155715942382813 -0.0850219726562499 0.84698486328125
0.069976806640625 -0.128097534179688 -0.285552978515625 0.43560791015625
0.107376098632813 -0.106582641601562 0.102210998535156 -0.0929412841796875
0.023223876953125 -0.120468139648438 0.123779296875 -0.689208984375
-0.0194625854492188 -0.0859146118164063 -0.44830322265625 -0.72698974609375
-0.00421142578125 -0.0312633514404297 -0.74774169921875 -0.0410156250000001
0.0314540863037109 -0.0154457092285156 -0.394561767578125 0.449737548828125
0.0495376586914063 0.00737762451171875 -0.00378417968750002 0.471160888671875
0.00153875350952148 0.004852294921875 0.23095703125 0.23236083984375
-0.00846958160400391 -0.00534343719482422 0.282073974609375 -0.029266357421875
0.0416412353515625 -0.0127830505371094 -0.258224487304688 -0.023193359375
0.0150012969970703 -0.0119304656982422 -0.176513671875 -0.275650024414062
-0.00772285461425781 -0.00989627838134766 0.10693359375 -0.47003173828125
-0.0236968994140625 0.0383377075195313 0.539337158203125 -0.3460693359375
-0.0221748352050781 0.0505218505859375 0.69012451171875 0.2347412109375
0.00796890258789063 0.0545463562011719 0.343994140625 0.74615478515625
0.00248718261718751 0.113197326660156 -0.1351318359375 0.613037109375
-0.0460052490234375 0.124099731445313 0.00502014160156249 0.07781982421875
-0.0276565551757813 0.122512817382813 0.333160400390625 -0.52276611328125
0.0216598510742187 0.0940780639648438 -0.0391845703125 -0.895751953125
-0.0101890563964844 0.049346923828125 -0.6719970703125 -0.45880126953125
-0.0442657470703125 0.0105857849121094 -0.62823486328125 0.2257080078125
-0.0184669494628906 -0.0180397033691406 -0.23931884765625 0.452178955078125
0.00746345520019531 -0.02899169921875 0.13232421875 0.29400634765625
0.0268211364746094 -0.0191764831542969 0.271072387695313 0.0276031494140625
0.0380744934082031 -0.010955810546875 -0.248886108398437 -0.0294342041015625
0.0164108276367188 -0.00961494445800781 -0.13134765625 -0.281707763671875
-0.000833988189697266 -0.00785541534423828 0.19647216796875 -0.452789306640625
-0.0142936706542969 0.0391082763671875 0.61602783203125 -0.26202392578125
-0.0143356323242188 0.0518341064453125 0.65264892578125 0.35638427734375
0.0061798095703125 0.0634002685546875 0.21368408203125 0.79266357421875
-0.0187835693359375 0.126899719238281 -0.19891357421875 0.56414794921875
-0.0607147216796875 0.132545471191406 0.0314750671386719 0.0185813903808594
-0.027252197265625 0.12957763671875 0.2677001953125 -0.5941162109375
0.0300369262695312 0.095123291015625 -0.19110107421875 -0.865478515625
0.00400924682617188 0.0501632690429688 -0.721923828125 -0.32171630859375
-0.0325698852539063 0.010223388671875 -0.55224609375 0.31500244140625
-0.0118656158447266 -0.0191879272460938 -0.148712158203125 0.478057861328125
0.00610733032226563 -0.0313701629638672 0.176605224609375 0.285736083984375
0.0219783782958984 -0.0189380645751953 0.279998779296875 0.0216217041015625
0.0314598083496094 -0.00957489013671875 -0.239547729492187 -0.0362243652343749
0.0190715789794922 -0.00502395629882813 -0.086517333984375 -0.285919189453125
0.0121011734008789 -0.00540542602539063 0.2835693359375 -0.421142578125
-0.001617431640625 0.039642333984375 0.67724609375 -0.15802001953125
-0.0127792358398438 0.0466079711914063 0.58251953125 0.4814453125
-0.00255966186523438 0.0563011169433594 0.06573486328125 0.8280029296875
-0.037872314453125 0.11798095703125 -0.2578125 0.502899169921875
-0.0612258911132813 0.121551513671875 0.0628585815429688 -0.041595458984375
-0.020904541015625 0.115455627441406 0.19525146484375 -0.653564453125
0.0354080200195312 0.0794219970703125 -0.3297119140625 -0.81097412109375
0.0168228149414063 0.0404853820800781 -0.7398681640625 -0.1827392578125
-0.0176525115966797 0.0063629150390625 -0.46026611328125 0.389068603515625
-0.00369548797607422 -0.0170497894287109 -0.055694580078125 0.489013671875
0.0062713623046875 -0.0306663513183594 0.217559814453125 0.271636962890625
0.0150775909423828 -0.0191211700439453 0.288665771484375 0.01202392578125
0.0248947143554688 -0.00732231140136719 -0.232162475585938 -0.045074462890625
0.0234165191650391 0.000783920288085938 -0.04791259765625 -0.28607177734375
0.0275096893310547 0.000585556030273438 0.3551025390625 -0.384063720703125
0.0122795104980469 0.0374717712402344 0.71185302734375 -0.0546875
-0.0125885009765625 0.0331878662109375 0.49749755859375 0.591796875
-0.0100898742675781 0.0327930450439453 -0.07183837890625 0.84100341796875
-0.0427017211914063 0.0885543823242188 -0.295806884765625 0.44342041015625
-0.0458450317382812 0.0913009643554688 0.09088134765625 -0.0952682495117188
-0.0121231079101562 0.0827102661132813 0.12384033203125 -0.695556640625
0.0350456237792969 0.0522308349609375 -0.44293212890625 -0.7447509765625
0.0252571105957031 0.0254917144775391 -0.7353515625 -0.0642089843749999
-0.00260233879089355 0.00130271911621094 -0.376007080078125 0.440704345703125
0.00407314300537109 -0.0123386383056641 0.023101806640625 0.486419677734375
0.00196266174316406 -0.0266380310058594 0.25018310546875 0.25177001953125
0.00688934326171875 -0.0180377960205078 0.292449951171875 -0.001983642578125
0.0189361572265625 -0.00475311279296875 -0.229095458984375 -0.0530548095703125
0.0284805297851562 0.00743675231933594 -0.023895263671875 -0.285308837890625
0.0441207885742188 0.007415771484375 0.398895263671875 -0.35064697265625
0.0233497619628906 0.0345096588134766 0.7232666015625 0.02490234375
-0.0118303298950195 0.011012077331543 0.4222412109375 0.66278076171875
-0.00993633270263672 -0.00866413116455078 -0.1741943359375 0.8360595703125
-0.0273170471191406 0.0393409729003906 -0.31500244140625 0.39788818359375
-0.0163497924804688 0.0464897155761719 0.111335754394531 -0.131919860839844
-0.00562667846679687 0.0351982116699219 0.0717773437500001 -0.71954345703125
0.0242767333984375 0.0187034606933594 -0.51123046875 -0.6888427734375
0.0273017883300781 0.00868988037109375 -0.72296142578125 0.0173950195312501
0.0125188827514648 -0.00508785247802734 -0.314971923828125 0.469451904296875
0.0169544219970703 -0.00792980194091797 0.071197509765625 0.47613525390625
-0.000608444213867188 -0.0183620452880859 0.268295288085938 0.232940673828125
-0.00142669677734375 -0.0151662826538086 0.293487548828125 -0.01690673828125
0.0155391693115234 -0.00364208221435547 -0.228042602539063 -0.0601959228515625
0.0323715209960937 0.0134258270263672 -0.01788330078125 -0.287139892578125
0.0580787658691406 0.0136756896972656 0.411651611328125 -0.336334228515625
0.0352439880371094 0.028289794921875 0.72271728515625 0.05828857421875
-0.00998687744140625 -0.0164260864257813 0.38787841796875 0.692138671875
0.000648498535156248 -0.0615577697753906 -0.2099609375 0.83319091796875
0.00550651550292969 -0.0170297622680664 -0.317413330078125 0.37646484375
0.0218830108642578 -0.00662040710449219 0.120925903320313 -0.14666748046875
-0.00225067138671875 -0.0180721282958984 0.0497436523437501 -0.7225341796875
0.00900650024414062 -0.017791748046875 -0.53790283203125 -0.6627197265625
0.0214347839355469 -0.00649070739746094 -0.71856689453125 0.0523681640624999
0.0238037109375 -0.0103054046630859 -0.298126220703125 0.47918701171875
0.0286312103271484 -0.00217247009277344 0.08441162109375 0.467254638671875
-0.00220012664794922 -0.00934505462646484 0.270065307617188 0.220458984375
-0.00566768646240234 -0.0127334594726563 0.29144287109375 -0.0286865234375
0.0113096237182617 -0.00204944610595703 -0.232452392578125 -0.0659027099609375
0.0334873199462891 0.0186595916748047 -0.031524658203125 -0.291595458984375
0.0667457580566406 0.0206642150878906 0.388641357421875 -0.3460693359375
0.042755126953125 0.0218505859375 0.7164306640625 0.0350341796875
-0.01214599609375 -0.0434532165527344 0.4154052734375 0.67529296875
0.00912475585937499 -0.112472534179688 -0.17205810546875 0.8377685546875
0.0430755615234375 -0.0762405395507813 -0.3048095703125 0.39471435546875
0.0667037963867188 -0.0621871948242187 0.116462707519531 -0.130523681640625
0.005889892578125 -0.0728836059570312 0.06353759765625 -0.71258544921875
-0.00856781005859376 -0.05230712890625 -0.51971435546875 -0.6751708984375
0.0108642578125 -0.0199794769287109 -0.72845458984375 0.0343017578125001
0.0310955047607422 -0.0147018432617188 -0.323699951171875 0.4754638671875
0.0406761169433594 0.00316619873046875 0.061187744140625 0.464324951171875
-0.000687062740325928 -0.0009041428565979 0.258560180664063 0.218856811523437
-0.00976276397705078 -0.00663185119628906 0.28643798828125 -0.0355224609375
0.00875616073608398 -0.000594615936279297 -0.241867065429687 -0.0671844482421875
0.0311298370361328 0.0216827392578125 -0.064544677734375 -0.298126220703125
0.069244384765625 0.0217094421386719 0.33489990234375 -0.377532958984375
0.0442619323730469 0.0150032043457031 0.69635009765625 -0.04071044921875
-0.0198936462402344 -0.0604362487792969 0.48779296875 0.6114501953125
0.005462646484375 -0.155349731445313 -0.0734252929687499 0.84271240234375
0.0677642822265625 -0.12774658203125 -0.279571533203125 0.4384765625
0.105789184570312 -0.106704711914063 0.100006103515625 -0.0936050415039063
0.0221481323242188 -0.120407104492188 0.1158447265625 -0.68560791015625
-0.0203399658203125 -0.084930419921875 -0.4547119140625 -0.7186279296875
-0.00518226623535156 -0.0318336486816406 -0.74383544921875 -0.0331420898437501
0.0301666259765625 -0.0159397125244141 -0.387115478515625 0.4522705078125
0.0489883422851563 0.007476806640625 0.00454711914062502 0.467864990234375
0.00196218490600586 0.0047459602355957 0.23370361328125 0.227127075195312
-0.00910186767578125 -0.00436878204345703 0.280166625976563 -0.0347442626953125
0.0418205261230469 -0.013916015625 -0.256973266601563 -0.0193023681640625
0.0154619216918945 -0.0125646591186523 -0.178298950195313 -0.272109985351563
-0.00767135620117188 -0.0100898742675781 0.098724365234375 -0.46685791015625
-0.0233917236328125 0.0382575988769531 0.531158447265625 -0.351043701171875
-0.0230560302734375 0.0515365600585938 0.68853759765625 0.22509765625
0.00874710083007813 0.0540885925292969 0.350830078125 0.73455810546875
0.00304412841796874 0.112930297851563 -0.12945556640625 0.6092529296875
-0.0436782836914063 0.124900817871094 0.00439453125 0.078460693359375
-0.0251846313476563 0.122024536132812 0.324432373046875 -0.525390625
0.0233917236328125 0.0929794311523438 -0.0477294921875001 -0.88873291015625
-0.00933456420898438 0.0486679077148438 -0.67340087890625 -0.44744873046875
-0.0441436767578125 0.0124626159667969 -0.62078857421875 0.23309326171875
-0.018280029296875 -0.0178985595703125 -0.233062744140625 0.452667236328125
0.00712966918945313 -0.0286598205566406 0.135894775390625 0.28973388671875
0.0264530181884766 -0.0182323455810547 0.269882202148437 0.0237274169921875
0.0370597839355469 -0.0121498107910156 -0.247406005859375 -0.0243377685546875
0.0163650512695313 -0.00969505310058594 -0.135955810546875 -0.277740478515625
-0.00166511535644531 -0.00960540771484375 0.18902587890625 -0.451904296875
-0.0137557983398438 0.0386161804199219 0.60870361328125 -0.2685546875
-0.0147590637207031 0.0517044067382812 0.6524658203125 0.34588623046875
0.00680923461914063 0.0616607666015625 0.2203369140625 0.7861328125
-0.0169906616210938 0.126327514648437 -0.1920166015625 0.56256103515625
-0.0590438842773437 0.132011413574219 0.0313968658447266 0.019622802734375
-0.0257720947265625 0.129051208496094 0.260986328125 -0.59234619140625
0.031158447265625 0.0937423706054687 -0.19927978515625 -0.8572998046875
0.003997802734375 0.0496978759765625 -0.72222900390625 -0.31207275390625
-0.0328769683837891 0.0107765197753906 -0.54388427734375 0.32025146484375
-0.0119247436523438 -0.0183582305908203 -0.141998291015625 0.47760009765625
0.00684356689453125 -0.0313091278076172 0.179107666015625 0.28173828125
0.0214633941650391 -0.0199356079101563 0.2781982421875 0.018798828125
0.0309581756591797 -0.0104808807373047 -0.238601684570313 -0.031463623046875
0.0191287994384766 -0.00470161437988281 -0.09002685546875 -0.28240966796875
0.0110034942626953 -0.00573539733886719 0.276397705078125 -0.422607421875
-0.000202178955078125 0.0390129089355469 0.67041015625 -0.1656494140625
-0.01190185546875 0.0466728210449219 0.58319091796875 0.47235107421875
-0.00211334228515625 0.05633544921875 0.0758056640625 0.82159423828125
-0.0360031127929688 0.119087219238281 -0.24957275390625 0.501983642578125
-0.0592041015625 0.12213134765625 0.0610923767089844 -0.0416946411132812
-0.019439697265625 0.114700317382812 0.1871337890625 -0.65081787109375
0.037109375 0.07904052734375 -0.3382568359375 -0.8028564453125
0.0174026489257813 0.0401420593261719 -0.73638916015625 -0.17364501953125
-0.0179462432861328 0.00706863403320312 -0.452728271484375 0.39385986328125
-0.0043792724609375 -0.0171527862548828 -0.0496826171874999 0.485809326171875
0.00526237487792969 -0.0303459167480469 0.220443725585938 0.266372680664063
0.0139961242675781 -0.0191211700439453 0.28802490234375 0.007415771484375
0.0251483917236328 -0.00832557678222656 -0.232131958007813 -0.040252685546875
0.02386474609375 0.00012969970703125 -0.05157470703125 -0.282379150390625
0.0279731750488281 -0.0001373291015625 0.34661865234375 -0.384674072265625
0.0127105712890625 0.0383529663085938 0.70758056640625 -0.0628662109375
-0.0123367309570312 0.0333824157714844 0.5006103515625 0.58245849609375
-0.00984382629394532 0.0318241119384766 -0.0629272460937501 0.837890625
-0.0418014526367187 0.0878448486328125 -0.28826904296875 0.443572998046875
-0.04400634765625 0.0925445556640625 0.0883026123046875 -0.0953826904296875
-0.01055908203125 0.0831451416015625 0.114013671875 -0.6925048828125
0.0357322692871094 0.0517501831054687 -0.44757080078125 -0.73480224609375
0.0255489349365234 0.0248813629150391 -0.73162841796875 -0.0532226562500001
-0.00284838676452637 0.00207352638244629 -0.3668212890625 0.44342041015625
0.00700283050537109 -0.0127964019775391 0.029541015625 0.4827880859375
0.00239753723144531 -0.0254096984863281 0.251708984375 0.246505737304688
0.00612258911132813 -0.0177650451660156 0.29107666015625 -0.0057373046875
0.0181846618652344 -0.00409317016601562 -0.227920532226562 -0.0487823486328125
0.0282382965087891 0.00704383850097656 -0.028411865234375 -0.281982421875
0.0438346862792969 0.00654983520507813 0.39202880859375 -0.35162353515625
0.0244960784912109 0.0334014892578125 0.71978759765625 0.01617431640625
-0.0119075775146484 0.0114822387695313 0.42657470703125 0.65484619140625
-0.010045051574707 -0.00769233703613281 -0.16168212890625 0.8349609375
-0.0269393920898437 0.04107666015625 -0.310028076171875 0.399932861328125
-0.0159835815429687 0.0466499328613281 0.10748291015625 -0.131851196289062
-0.00467681884765625 0.0360183715820313 0.06182861328125 -0.71502685546875
0.0270900726318359 0.0189208984375 -0.51605224609375 -0.67926025390625
0.0264053344726563 0.00837326049804688 -0.71759033203125 0.0269165039062501
0.0117864608764648 -0.00421714782714844 -0.307769775390625 0.4698486328125
0.0165624618530273 -0.00626754760742188 0.0772705078125 0.47088623046875
-0.000728607177734376 -0.0180034637451172 0.270401000976563 0.226394653320313
-0.00158309936523437 -0.014500617980957 0.2923583984375 -0.021697998046875
0.0143890380859375 -0.00243377685546875 -0.228485107421875 -0.0566253662109375
0.0319290161132813 0.0131549835205078 -0.02130126953125 -0.284698486328125
0.0581398010253906 0.0132102966308594 0.40386962890625 -0.337738037109375
0.0367507934570313 0.028076171875 0.71923828125 0.0489501953125
-0.0115337371826172 -0.0165481567382813 0.393310546875 0.68402099609375
-0.000213623046874996 -0.0607528686523438 -0.197998046875 0.82952880859375
0.005950927734375 -0.0163450241088867 -0.3118896484375 0.377838134765625
0.0227146148681641 -0.00763511657714844 0.117141723632813 -0.146255493164063
-0.00036907196044922 -0.0174875259399414 0.03955078125 -0.71966552734375
0.00906944274902344 -0.0179672241210938 -0.54156494140625 -0.6524658203125
0.0214042663574219 -0.00719833374023438 -0.71282958984375 0.06170654296875
0.0242786407470703 -0.0105953216552734 -0.290008544921875 0.47967529296875
0.0284042358398437 -0.00222015380859375 0.091156005859375 0.4615478515625
-0.00304317474365234 -0.0091705322265625 0.271011352539063 0.2152099609375
-0.00719165802001953 -0.0108489990234375 0.28912353515625 -0.03271484375
0.0115060806274414 -0.00218391418457031 -0.233154296875 -0.0621185302734375
0.0328598022460938 0.01861572265625 -0.035797119140625 -0.28924560546875
0.0672149658203125 0.0192794799804688 0.38299560546875 -0.34881591796875
0.0422096252441406 0.0199241638183594 0.713623046875 0.02581787109375
-0.0133171081542969 -0.0423698425292969 0.4219970703125 0.66717529296875
0.00698089599609376 -0.113021850585938 -0.161865234375 0.83514404296875
0.0421905517578125 -0.0753326416015625 -0.2987060546875 0.395660400390625
0.0656394958496094 -0.0618934631347656 0.113723754882812 -0.130607604980469
0.00577545166015625 -0.0717620849609375 0.0557250976562501 -0.70806884765625
-0.008636474609375 -0.0513191223144531 -0.52471923828125 -0.66522216796875
0.0103282928466797 -0.0200824737548828 -0.72418212890625 0.0441894531249999
0.0304298400878906 -0.0144138336181641 -0.316162109375 0.476165771484375
0.0401077270507813 0.00301361083984375 0.0672607421875 0.46038818359375
-0.000907778739929199 -0.000182449817657471 0.259445190429688 0.213973999023437
-0.00912284851074219 -0.00661087036132813 0.28521728515625 -0.038482666015625
0.00974369049072266 -0.000701904296875 -0.241226196289063 -0.0638427734375
0.0308246612548828 0.0218906402587891 -0.068572998046875 -0.296142578125
0.0676498413085938 0.0219841003417969 0.328582763671875 -0.378662109375
0.0453720092773438 0.0138511657714844 0.6912841796875 -0.04693603515625
-0.0197830200195313 -0.0596084594726563 0.49090576171875 0.6026611328125
0.00366210937499999 -0.153656005859375 -0.06402587890625 0.83917236328125
0.0656204223632812 -0.128082275390625 -0.273529052734375 0.43829345703125
0.105125427246094 -0.10693359375 0.0982437133789063 -0.09234619140625
0.0205307006835938 -0.118820190429688 0.10540771484375 -0.6832275390625
-0.0207138061523438 -0.0849456787109375 -0.45977783203125 -0.7088623046875
-0.00563621520996094 -0.0317497253417969 -0.73883056640625 -0.02294921875
0.0298385620117188 -0.0162563323974609 -0.379180908203125 0.454986572265625
0.0481529235839844 0.00624847412109375 0.010284423828125 0.46417236328125
0.00253105163574219 0.00506925582885742 0.235397338867188 0.22314453125
-0.00921344757080078 -0.00410366058349609 0.278854370117187 -0.038818359375
0.0412559509277344 -0.0141029357910156 -0.255172729492188 -0.014617919921875
0.0157976150512695 -0.0128078460693359 -0.181365966796875 -0.267242431640625
-0.00840187072753906 -0.00960350036621094 0.091766357421875 -0.463836669921875
-0.022003173828125 0.0387115478515625 0.522247314453125 -0.353363037109375
-0.0216827392578125 0.0517044067382813 0.68780517578125 0.21783447265625
0.00878143310546875 0.0518722534179688 0.35565185546875 0.72747802734375
0.00412750244140626 0.113113403320313 -0.12103271484375 0.60791015625
-0.0417709350585937 0.124870300292969 0.0050811767578125 0.0775604248046875
-0.0232162475585938 0.123405456542969 0.316192626953125 -0.5233154296875
0.0250473022460937 0.0923690795898438 -0.056884765625 -0.8826904296875
-0.00722122192382813 0.0492668151855469 -0.6744384765625 -0.43792724609375
-0.0442619323730469 0.0117683410644531 -0.6148681640625 0.2366943359375
-0.0175189971923828 -0.0184974670410156 -0.226837158203125 0.452362060546875
0.00727462768554688 -0.0289134979248047 0.138671875 0.28515625
0.0257930755615234 -0.0192890167236328 0.269027709960938 0.0201873779296875
0.0369415283203125 -0.013275146484375 -0.245697021484375 -0.02056884765625
0.0155935287475586 -0.00995635986328125 -0.137359619140625 -0.272491455078125
-0.00255012512207031 -0.00884532928466797 0.183135986328125 -0.450347900390625
-0.0121612548828125 0.0397186279296875 0.60052490234375 -0.2745361328125
-0.0146827697753906 0.0518569946289063 0.65167236328125 0.3363037109375
0.00653457641601563 0.0609321594238281 0.22821044921875 0.777587890625
-0.0156478881835938 0.126625061035156 -0.18499755859375 0.561248779296875
-0.055908203125 0.132972717285156 0.0314884185791016 0.0193157196044922
-0.0238876342773438 0.129295349121094 0.25311279296875 -0.5902099609375
0.0322418212890625 0.0932540893554687 -0.2052001953125 -0.85113525390625
0.00555038452148438 0.0494537353515625 -0.7166748046875 -0.30255126953125
-0.033111572265625 0.0114650726318359 -0.53643798828125 0.32421875
-0.0125503540039062 -0.0188961029052734 -0.13458251953125 0.474578857421875
0.00667953491210938 -0.0303554534912109 0.181137084960938 0.278244018554688
0.0213108062744141 -0.0194225311279297 0.278656005859375 0.014739990234375
0.0311927795410156 -0.0112323760986328 -0.23760986328125 -0.0286407470703124
0.0191268920898438 -0.00650787353515625 -0.0922698974609375 -0.277679443359375
0.0102634429931641 -0.00561141967773437 0.269287109375 -0.421539306640625
-0.000156402587890625 0.0389022827148438 0.66357421875 -0.17156982421875
-0.0119552612304688 0.0461616516113281 0.58526611328125 0.46380615234375
-0.00208663940429687 0.055389404296875 0.0837402343749999 0.81549072265625
-0.0352859497070313 0.117942810058594 -0.24322509765625 0.501220703125
-0.057220458984375 0.121978759765625 0.0595207214355469 -0.0411720275878906
-0.016845703125 0.115753173828125 0.17913818359375 -0.64886474609375
0.0381851196289062 0.077423095703125 -0.34271240234375 -0.79296875
0.017852783203125 0.0399818420410156 -0.73358154296875 -0.16552734375
-0.0185585021972656 0.00751686096191406 -0.4454345703125 0.3955078125
-0.00410652160644531 -0.0168905258178711 -0.043975830078125 0.48236083984375
0.00503921508789062 -0.0305118560791016 0.2225341796875 0.261520385742188
0.0138607025146484 -0.0192451477050781 0.286468505859375 0.003814697265625
0.0249347686767578 -0.00838851928710938 -0.230682373046875 -0.037628173828125
0.0226669311523438 -0.000734329223632813 -0.0550994873046875 -0.278594970703125
0.0273780822753906 -0.00133323669433594 0.34075927734375 -0.386199951171875
0.0133438110351562 0.0374603271484375 0.70123291015625 -0.07080078125
-0.0116615295410156 0.0335559844970703 0.50335693359375 0.57110595703125
-0.0102272033691406 0.0315074920654297 -0.05279541015625 0.83001708984375
-0.0400772094726563 0.0881423950195313 -0.28216552734375 0.4453125
-0.0430831909179688 0.0926361083984375 0.0860671997070312 -0.0945663452148438
-0.00925445556640624 0.08349609375 0.10638427734375 -0.68841552734375
0.0368461608886719 0.051239013671875 -0.4508056640625 -0.7247314453125
0.0259571075439453 0.024658203125 -0.72735595703125 -0.0458984375000001
-0.00301742553710938 0.00138282775878906 -0.360137939453125 0.44451904296875
0.00541591644287109 -0.0127964019775391 0.0360107421875 0.4786376953125
0.0015411376953125 -0.0251598358154297 0.252548217773438 0.241867065429688
0.00626373291015625 -0.0178108215332031 0.290069580078125 -0.01068115234375
0.0193042755126953 -0.00527381896972656 -0.227584838867187 -0.0441131591796875
0.0281467437744141 0.00550651550292969 -0.0310211181640625 -0.279373168945313
0.0434799194335937 0.00659561157226562 0.383697509765625 -0.353729248046875
0.0259304046630859 0.0339107513427734 0.7144775390625 0.00701904296875
-0.0120763778686523 0.0117616653442383 0.42999267578125 0.64593505859375
-0.0107278823852539 -0.00821685791015625 -0.15362548828125 0.8311767578125
-0.0253105163574219 0.0409088134765625 -0.30340576171875 0.400054931640625
-0.0158500671386719 0.0479087829589844 0.105422973632813 -0.130836486816406
-0.00388717651367187 0.0367546081542969 0.0538330078125 -0.710205078125
0.0269203186035156 0.0182933807373047 -0.51812744140625 -0.6705322265625
0.0276851654052734 0.00813102722167969 -0.71282958984375 0.0344238281250001
0.0113668441772461 -0.00428867340087891 -0.300811767578125 0.469268798828125
0.0166473388671875 -0.00744533538818359 0.08453369140625 0.467193603515625
-0.000820159912109374 -0.0177421569824219 0.269973754882813 0.223342895507813
-0.00201416015625 -0.0136175155639648 0.290069580078125 -0.025360107421875
0.0130615234375 -0.00527477264404297 -0.227752685546875 -0.053619384765625
0.0321998596191406 0.0119762420654297 -0.024810791015625 -0.280853271484375
0.0574951171875 0.0124244689941406 0.39849853515625 -0.338531494140625
0.0364913940429688 0.0271110534667969 0.7156982421875 0.04034423828125
-0.011744499206543 -0.0156593322753906 0.3970947265625 0.67596435546875
-0.00143051147460937 -0.0610618591308594 -0.19091796875 0.82476806640625
0.00489521026611328 -0.0156078338623047 -0.305938720703125 0.379180908203125
0.0227546691894531 -0.00744247436523437 0.114486694335938 -0.145401000976563
-0.0014495849609375 -0.0169954299926758 0.03460693359375 -0.71343994140625
0.00929450988769531 -0.0177555084228516 -0.54443359375 -0.64324951171875
0.0215854644775391 -0.00658226013183594 -0.70819091796875 0.06866455078125
0.0230064392089844 -0.00997543334960937 -0.2813720703125 0.479888916015625
0.0283927917480469 -0.00205421447753906 0.095489501953125 0.457733154296875
-0.00214385986328125 -0.00911903381347656 0.270904541015625 0.21112060546875
-0.00730514526367188 -0.0104160308837891 0.28680419921875 -0.035308837890625
0.0118331909179688 -0.00213241577148438 -0.231903076171875 -0.0581817626953125
0.0335502624511719 0.0178794860839844 -0.03826904296875 -0.28594970703125
0.0668754577636719 0.0175361633300781 0.376251220703125 -0.350006103515625
0.0435829162597656 0.0200080871582031 0.70831298828125 0.01727294921875
-0.0142402648925781 -0.0422630310058594 0.4249267578125 0.6583251953125
0.00595855712890624 -0.111572265625 -0.15399169921875 0.8316650390625
0.0405349731445313 -0.0741653442382812 -0.293792724609375 0.396759033203125
0.0639419555664063 -0.0616645812988281 0.1103515625 -0.130844116210938
0.00510406494140625 -0.07049560546875 0.0494384765625 -0.705322265625
-0.00910186767578125 -0.0519371032714844 -0.52734375 -0.65576171875
0.0089111328125 -0.0197544097900391 -0.718505859375 0.051513671875
0.0299263000488281 -0.0152683258056641 -0.308837890625 0.476287841796875
0.0398445129394531 0.00230789184570313 0.0712890625 0.456634521484375
-0.000538468360900879 -0.000978827476501465 0.25970458984375 0.20904541015625
-0.009796142578125 -0.00566387176513672 0.281951904296875 -0.04193115234375
0.00986766815185547 -0.000958442687988281 -0.241180419921875 -0.0594329833984375
0.0306415557861328 0.0211200714111328 -0.071563720703125 -0.292816162109375
0.0684852600097656 0.0211181640625 0.321929931640625 -0.378082275390625
0.0457420349121094 0.013946533203125 0.6864013671875 -0.054443359375
-0.02130126953125 -0.0586395263671875 0.49365234375 0.59295654296875
0.000686645507812493 -0.153472900390625 -0.0562133789062501 0.835205078125
0.0641555786132813 -0.127189636230469 -0.26776123046875 0.439697265625
0.103126525878906 -0.106475830078125 0.09686279296875 -0.0922393798828125
0.0196914672851562 -0.117111206054688 0.09814453125 -0.67913818359375
-0.0212860107421875 -0.0844497680664063 -0.46484375 -0.6995849609375
-0.00564956665039062 -0.0320796966552734 -0.7353515625 -0.0164794921875001
0.0300884246826172 -0.0165786743164062 -0.371429443359375 0.45709228515625
0.0479316711425781 0.00532150268554688 0.015472412109375 0.460906982421875
0.00275373458862305 0.00578498840332031 0.236221313476563 0.218292236328125
-0.00882339477539063 -0.00355720520019531 0.276687622070313 -0.0413360595703125
0.0404586791992188 -0.0146827697753906 -0.253662109375 -0.0114440917968749
0.015233039855957 -0.0134773254394531 -0.182937622070312 -0.262420654296875
-0.00927352905273438 -0.00980758666992187 0.087493896484375 -0.459564208984375
-0.0209884643554687 0.0388832092285156 0.51690673828125 -0.354583740234375
-0.0204048156738281 0.0517196655273438 0.683349609375 0.20806884765625
0.00881576538085937 0.0516395568847656 0.35809326171875 0.717529296875
0.00500488281250001 0.112167358398437 -0.1156005859375 0.60394287109375
-0.0389938354492188 0.124259948730469 0.00527191162109375 0.0770111083984375
-0.022613525390625 0.122970581054688 0.31024169921875 -0.52239990234375
0.0266036987304688 0.0918655395507812 -0.0618896484375001 -0.874755859375
-0.00732803344726563 0.0500373840332031 -0.67022705078125 -0.42706298828125
-0.0441665649414062 0.0128402709960937 -0.607421875 0.2406005859375
-0.0185909271240234 -0.0183696746826172 -0.221466064453125 0.4501953125
0.005950927734375 -0.0281620025634766 0.139556884765625 0.282135009765625
0.0253276824951172 -0.0194091796875 0.267745971679688 0.016632080078125
0.0367584228515625 -0.01361083984375 -0.244644165039062 -0.016143798828125
0.0157575607299805 -0.0107669830322266 -0.138916015625 -0.269607543945313
-0.00195598602294922 -0.00958538055419922 0.17657470703125 -0.44769287109375
-0.0115699768066406 0.0392341613769531 0.59393310546875 -0.27557373046875
-0.0137252807617187 0.0516777038574219 0.6488037109375 0.32855224609375
0.00741958618164062 0.0598220825195313 0.23333740234375 0.77056884765625
-0.0143051147460938 0.125457763671875 -0.178436279296875 0.55853271484375
-0.055419921875 0.133148193359375 0.0306949615478516 0.0198459625244141
-0.0227127075195313 0.129348754882813 0.24505615234375 -0.588134765625
0.0340194702148438 0.0935287475585938 -0.21173095703125 -0.84197998046875
0.00618743896484375 0.0487823486328125 -0.7149658203125 -0.29400634765625
-0.0324020385742188 0.0119647979736328 -0.53057861328125 0.326904296875
-0.0131626129150391 -0.0185756683349609 -0.1297607421875 0.472076416015625
0.00630760192871093 -0.0305404663085937 0.182540893554688 0.273422241210938
0.0203895568847656 -0.0198268890380859 0.277313232421875 0.0112762451171875
0.030731201171875 -0.0112190246582031 -0.235671997070313 -0.0247344970703125
0.0187664031982422 -0.00656509399414063 -0.09515380859375 -0.274642944335938
0.011021614074707 -0.00656032562255859 0.262359619140625 -0.419525146484375
0.00103759765625 0.0385017395019531 0.656982421875 -0.1759033203125
-0.0107955932617188 0.0470314025878906 0.58489990234375 0.4542236328125
-0.00147247314453125 0.0546531677246094 0.0871582031250001 0.8067626953125
-0.0338821411132813 0.116973876953125 -0.236419677734375 0.501190185546875
-0.0549163818359375 0.12225341796875 0.0585784912109375 -0.0402565002441406
-0.0158767700195312 0.11614990234375 0.1727294921875 -0.64385986328125
0.0392532348632812 0.0779037475585938 -0.34613037109375 -0.78619384765625
0.0180282592773438 0.0399589538574219 -0.7294921875 -0.15789794921875
-0.0182819366455078 0.00823020935058594 -0.43804931640625 0.396575927734375
-0.00479316711425781 -0.0171413421630859 -0.037200927734375 0.4798583984375
0.00434684753417969 -0.0298404693603516 0.2225341796875 0.257354736328125
0.0135135650634766 -0.0188217163085938 0.284423828125 0.000305175781249999
0.0244941711425781 -0.00882911682128906 -0.229171752929688 -0.0339813232421875
0.0234546661376953 -0.00115776062011719 -0.057373046875 -0.275711059570312
0.0270652770996094 -0.000764846801757812 0.33441162109375 -0.384185791015625
0.0147857666015625 0.0368919372558594 0.6951904296875 -0.07537841796875
-0.0114898681640625 0.0330314636230469 0.505218505859375 0.562225341796875
-0.00988006591796875 0.031097412109375 -0.0471801757812501 0.82513427734375
-0.0400772094726562 0.0883712768554687 -0.276611328125 0.443634033203125
-0.0409774780273437 0.0922164916992187 0.084259033203125 -0.0938796997070313
-0.00778961181640625 0.0832672119140625 0.0992431640625001 -0.68292236328125
0.0377197265625 0.0501213073730469 -0.45452880859375 -0.71673583984375
0.0262355804443359 0.0233306884765625 -0.721923828125 -0.0408935546875002
-0.00310969352722168 0.00180673599243164 -0.353302001953125 0.4443359375
0.00515079498291016 -0.0134077072143555 0.03985595703125 0.47442626953125
0.00148963928222656 -0.0256290435791016 0.253036499023438 0.237380981445313
0.00530624389648438 -0.0175914764404297 0.287322998046875 -0.01409912109375
0.0190219879150391 -0.00562286376953125 -0.226776123046875 -0.04180908203125
0.0274467468261719 0.0052337646484375 -0.03399658203125 -0.276031494140625
0.0433845520019531 0.00570297241210938 0.37908935546875 -0.354156494140625
0.0257987976074219 0.0327339172363281 0.70965576171875 0.0029296875
-0.0110263824462891 0.0126991271972656 0.4326171875 0.63861083984375
-0.0107755661010742 -0.00878715515136719 -0.1466064453125 0.82440185546875
-0.0265235900878906 0.0407333374023438 -0.29730224609375 0.4002685546875
-0.0137939453125 0.0481758117675781 0.10296630859375 -0.131141662597656
-0.00304794311523437 0.0368537902832031 0.04876708984375 -0.70477294921875
0.0271053314208984 0.0183334350585938 -0.519775390625 -0.6612548828125
0.0274257659912109 0.00744819641113281 -0.7069091796875 0.0397949218750001
0.0108137130737305 -0.00400257110595703 -0.294219970703125 0.4696044921875
0.0163793563842773 -0.00799846649169922 0.087371826171875 0.463165283203125
-0.000925064086914062 -0.0165586471557617 0.26995849609375 0.218353271484375
-0.00290203094482422 -0.014256477355957 0.287933349609375 -0.027984619140625
0.0152587890625 -0.00448799133300781 -0.226898193359375 -0.0503692626953125
0.0317230224609375 0.0118942260742188 -0.0268096923828125 -0.278564453125
0.0571517944335938 0.0115203857421875 0.392303466796875 -0.339508056640625
0.0374946594238281 0.0267524719238281 0.71002197265625 0.03363037109375
-0.0113706588745117 -0.0159101486206055 0.40057373046875 0.66656494140625
-0.00312423706054687 -0.0597457885742188 -0.1822509765625 0.82110595703125
0.00488376617431641 -0.0156240463256836 -0.30145263671875 0.379058837890625
0.0232963562011719 -0.00674629211425781 0.11114501953125 -0.143936157226563
-0.000446319580078124 -0.0161027908325195 0.02862548828125 -0.70843505859375
0.00919151306152344 -0.0177631378173828 -0.54583740234375 -0.6346435546875
0.0216922760009766 -0.0076751708984375 -0.701171875 0.0723876953125001
0.022796630859375 -0.0100250244140625 -0.275787353515625 0.478668212890625
0.0285720825195313 -0.00339698791503906 0.0989990234375 0.453125
-0.00319242477416992 -0.008392333984375 0.271148681640625 0.206207275390625
-0.0068511962890625 -0.0101804733276367 0.284393310546875 -0.0396728515625
0.011693000793457 -0.0023345947265625 -0.231338500976563 -0.0548553466796875
0.0326614379882813 0.0174102783203125 -0.040740966796875 -0.2838134765625
0.0654830932617188 0.0168952941894531 0.37176513671875 -0.3492431640625
0.0437088012695313 0.018310546875 0.702880859375 0.0128173828125
-0.0139617919921875 -0.0413932800292969 0.42779541015625 0.6492919921875
0.00376892089843751 -0.110748291015625 -0.14556884765625 0.8265380859375
0.040069580078125 -0.073577880859375 -0.288665771484375 0.39703369140625
0.0640945434570313 -0.0617828369140625 0.108871459960938 -0.128044128417969
0.00545120239257812 -0.0699958801269531 0.04248046875 -0.69842529296875
-0.00951385498046875 -0.0517082214355469 -0.5291748046875 -0.64630126953125
0.00925636291503906 -0.0204010009765625 -0.7127685546875 0.05712890625
0.0294666290283203 -0.0138072967529297 -0.300994873046875 0.475494384765625
0.0396652221679688 0.00218963623046875 0.07525634765625 0.451080322265625
-0.000876188278198242 7.9631805419922E-05 0.260177612304688 0.2064208984375
-0.010014533996582 -0.00491619110107422 0.279617309570312 -0.045135498046875
0.00977039337158203 -0.0003662109375 -0.240188598632813 -0.056243896484375
0.030364990234375 0.0205783843994141 -0.074462890625 -0.2891845703125
0.068084716796875 0.0195541381835938 0.3175048828125 -0.37750244140625
0.04461669921875 0.0127639770507813 0.682373046875 -0.06060791015625
-0.0218353271484375 -0.0580940246582031 0.49371337890625 0.58563232421875
-0.00152587890624999 -0.152084350585938 -0.04803466796875 0.829345703125
0.0625686645507813 -0.125503540039063 -0.26239013671875 0.437957763671875
0.1021728515625 -0.106246948242188 0.0944061279296875 -0.0916290283203125
0.0196990966796875 -0.116943359375 0.0922241210937499 -0.6739501953125
-0.0214767456054687 -0.0833892822265625 -0.46636962890625 -0.69097900390625
-0.00596427917480469 -0.0308570861816406 -0.72833251953125 -0.00848388671874989
0.0285778045654297 -0.0160598754882813 -0.365631103515625 0.4559326171875
0.0481071472167969 0.00483322143554687 0.02001953125 0.457305908203125
0.00278425216674805 0.00625228881835938 0.2354736328125 0.2142333984375
-0.00995159149169922 -0.00242328643798828 0.273406982421875 -0.044189453125
0.0406379699707031 -0.0151748657226563 -0.25140380859375 -0.00843811035156248
0.0153312683105469 -0.0132532119750977 -0.183624267578125 -0.25860595703125
-0.00911617279052734 -0.00998592376708984 0.0831298828125 -0.455535888671875
-0.0203056335449219 0.0387001037597656 0.5086669921875 -0.35595703125
-0.0203514099121094 0.0508956909179688 0.6796875 0.202880859375
0.00777435302734375 0.051605224609375 0.36102294921875 0.70892333984375
0.00640106201171875 0.11151123046875 -0.11138916015625 0.59979248046875
-0.0381011962890625 0.124702453613281 0.00524902343750001 0.0777511596679688
-0.0204544067382812 0.12261962890625 0.305999755859375 -0.518798828125
0.027679443359375 0.0910186767578125 -0.06719970703125 -0.86871337890625
-0.006256103515625 0.04888916015625 -0.6678466796875 -0.41827392578125
-0.0441513061523438 0.013580322265625 -0.60125732421875 0.24346923828125
-0.0183258056640625 -0.0175457000732422 -0.214630126953125 0.448760986328125
0.00707244873046875 -0.0289039611816406 0.141098022460938 0.278564453125
0.0229721069335938 -0.0194435119628906 0.266876220703125 0.0143585205078125
0.0366783142089844 -0.0138778686523438 -0.24334716796875 -0.0139923095703124
0.0151233673095703 -0.0108642578125 -0.1407470703125 -0.26568603515625
-0.00184345245361328 -0.00921535491943359 0.172210693359375 -0.444671630859375
-0.0113563537597656 0.0387115478515625 0.5885009765625 -0.2772216796875
-0.0127716064453125 0.0522041320800781 0.6456298828125 0.32159423828125
0.00738906860351562 0.0590705871582031 0.2362060546875 0.76153564453125
-0.0140914916992187 0.1246337890625 -0.17498779296875 0.55401611328125
-0.0540542602539062 0.132980346679688 0.0304355621337891 0.0204830169677734
-0.02099609375 0.12847900390625 0.23956298828125 -0.5836181640625
0.0352859497070313 0.09271240234375 -0.21478271484375 -0.83465576171875
0.00693893432617187 0.0484428405761719 -0.711669921875 -0.2879638671875
-0.0329837799072266 0.0121612548828125 -0.523040771484375 0.327606201171875
-0.0128650665283203 -0.0187034606933594 -0.125946044921875 0.468902587890625
0.00618743896484375 -0.0299053192138672 0.18402099609375 0.269439697265625
0.0201129913330078 -0.0194473266601563 0.275909423828125 0.008941650390625
0.0303115844726563 -0.0113258361816406 -0.234329223632813 -0.0216064453125
0.0188179016113281 -0.00705337524414063 -0.0960540771484375 -0.27081298828125
0.00935840606689453 -0.00622272491455078 0.258392333984375 -0.417877197265625
0.00143814086914063 0.0385322570800781 0.64923095703125 -0.17816162109375
-0.0109329223632812 0.0468902587890625 0.5816650390625 0.44769287109375
-0.00193023681640626 0.054901123046875 0.0933837890625 0.7996826171875
-0.0325164794921875 0.116905212402344 -0.2322998046875 0.49658203125
-0.0546188354492188 0.122505187988281 0.0559959411621094 -0.0398139953613281
-0.014678955078125 0.11541748046875 0.167724609375 -0.6392822265625
0.0404586791992187 0.0765533447265625 -0.3485107421875 -0.7764892578125
0.0183753967285156 0.0396461486816406 -0.72406005859375 -0.15191650390625
-0.0181350708007813 0.00844383239746094 -0.431549072265625 0.3966064453125
-0.00472164154052734 -0.0165386199951172 -0.033294677734375 0.475067138671875
0.00477981567382812 -0.0295200347900391 0.222732543945313 0.253585815429688
0.0125579833984375 -0.0188350677490234 0.28216552734375 -0.00213623046875
0.0236358642578125 -0.00901222229003906 -0.227920532226563 -0.0313873291015625
0.0234851837158203 -0.000995635986328125 -0.058990478515625 -0.273086547851563
0.0267677307128906 -0.00173377990722656 0.328582763671875 -0.382904052734375
0.0154151916503906 0.0359077453613281 0.68939208984375 -0.07965087890625
-0.0111560821533203 0.0337848663330078 0.503265380859375 0.555633544921875
-0.0105819702148438 0.0311717987060547 -0.04144287109375 0.81829833984375
-0.0395355224609375 0.0877761840820313 -0.2734375 0.441864013671875
-0.0400543212890625 0.0927810668945313 0.0821533203125 -0.0923309326171875
-0.006317138671875 0.0835342407226563 0.09539794921875 -0.6787109375
0.0384407043457031 0.0499649047851563 -0.45556640625 -0.7081298828125
0.0260658264160156 0.0235328674316406 -0.71649169921875 -0.0339965820312499
-0.00390958786010742 0.0019686222076416 -0.34759521484375 0.443511962890625
0.00544071197509766 -0.0124692916870117 0.0433349609375 0.469573974609375
0.000598907470703126 -0.0252475738525391 0.253036499023438 0.234237670898438
0.00443267822265625 -0.0172357559204102 0.2862548828125 -0.015533447265625
0.019805908203125 -0.00516700744628906 -0.22467041015625 -0.0377044677734375
0.0273399353027344 0.00513839721679688 -0.0362091064453125 -0.2728271484375
0.0436820983886719 0.0044708251953125 0.373870849609375 -0.35308837890625
0.0268764495849609 0.0325489044189453 0.70556640625 -0.00164794921875
-0.0112714767456055 0.0115976333618164 0.43341064453125 0.62939453125
-0.0116567611694336 -0.00815486907958984 -0.1400146484375 0.81964111328125
-0.0257720947265625 0.04107666015625 -0.29443359375 0.398193359375
-0.0137252807617187 0.0473747253417969 0.101577758789063 -0.129249572753906
-0.0020599365234375 0.037322998046875 0.0439453125000001 -0.699951171875
0.0281791687011719 0.0167865753173828 -0.5191650390625 -0.65362548828125
0.0263385772705078 0.00684356689453125 -0.70123291015625 0.04345703125
0.0111246109008789 -0.00326251983642578 -0.2884521484375 0.46868896484375
0.0165023803710938 -0.00833988189697266 0.09033203125 0.456939697265625
-0.000832557678222657 -0.0165567398071289 0.2689208984375 0.2152099609375
-0.00421810150146484 -0.0135774612426758 0.285430908203125 -0.030792236328125
0.014958381652832 -0.00356101989746094 -0.226470947265625 -0.0476837158203125
0.0313301086425781 0.0118274688720703 -0.02911376953125 -0.275619506835937
0.0568008422851562 0.0104522705078125 0.388885498046875 -0.338531494140625
0.037567138671875 0.0257568359375 0.705810546875 0.02874755859375
-0.0115900039672852 -0.0157613754272461 0.40142822265625 0.6590576171875
-0.00381088256835937 -0.0597686767578125 -0.17626953125 0.815185546875
0.00398540496826172 -0.014958381652832 -0.297760009765625 0.378448486328125
0.0232048034667969 -0.00634574890136719 0.109466552734375 -0.142623901367188
-0.000390052795410155 -0.015716552734375 0.0224609375 -0.70147705078125
0.00987434387207031 -0.0176067352294922 -0.54608154296875 -0.62725830078125
0.0212821960449219 -0.00742149353027344 -0.6962890625 0.0791015625000001
0.0215282440185547 -0.0102519989013672 -0.27081298828125 0.47650146484375
0.0285205841064453 -0.00360488891601563 0.101715087890625 0.44842529296875
-0.00196504592895508 -0.00777101516723633 0.27093505859375 0.202560424804688
-0.0072774887084961 -0.00969123840332031 0.281082153320313 -0.0412750244140625
0.0118799209594727 -0.00151729583740234 -0.230316162109375 -0.0518951416015625
0.0328540802001953 0.0169601440429688 -0.043121337890625 -0.280014038085938
0.0658073425292969 0.0161209106445313 0.36676025390625 -0.348724365234375
0.0438766479492188 0.0174903869628906 0.69818115234375 0.0076904296875
-0.0133895874023438 -0.0412139892578125 0.42742919921875 0.642578125
0.00249481201171875 -0.110557556152344 -0.14007568359375 0.82037353515625
0.03900146484375 -0.072235107421875 -0.283172607421875 0.396331787109375
0.0640716552734375 -0.0604972839355469 0.107177734375 -0.127716064453125
0.00494384765625 -0.069244384765625 0.0384521484375001 -0.6943359375
-0.00888824462890625 -0.051177978515625 -0.52880859375 -0.63983154296875
0.00947952270507812 -0.0202274322509766 -0.70758056640625 0.0603637695312501
0.0284938812255859 -0.01422119140625 -0.29718017578125 0.473724365234375
0.0398101806640625 0.00104904174804688 0.078216552734375 0.446624755859375
-0.000120341777801514 0.000913083553314209 0.259231567382812 0.201934814453125
-0.0112934112548828 -0.00427150726318359 0.27655029296875 -0.0468292236328125
0.00868654251098633 -0.00117969512939453 -0.239410400390625 -0.053802490234375
0.0301494598388672 0.0205020904541016 -0.076263427734375 -0.28509521484375
0.0680274963378906 0.0185661315917969 0.31268310546875 -0.376922607421875
0.0459671020507813 0.0116462707519531 0.676513671875 -0.0640869140625
-0.0223922729492188 -0.0573387145996094 0.49462890625 0.578125
-0.00253295898437499 -0.150619506835938 -0.04339599609375 0.82257080078125
0.0610198974609375 -0.124977111816406 -0.257537841796875 0.436370849609375
0.102485656738281 -0.10614013671875 0.0932540893554688 -0.0904006958007812
0.0190505981445313 -0.115646362304688 0.0868530273437501 -0.6678466796875
-0.0208053588867188 -0.0828170776367188 -0.4671630859375 -0.6824951171875
-0.00605392456054687 -0.0313434600830078 -0.72381591796875 -0.00378417968750001
0.0285568237304687 -0.0164699554443359 -0.359039306640625 0.4559326171875
0.0474166870117188 0.00490951538085938 0.023956298828125 0.45294189453125
0.00302934646606445 0.00643301010131836 0.235809326171875 0.211654663085938
-0.0102682113647461 -0.00179386138916015 0.270980834960938 -0.0459747314453125
0.0394668579101563 -0.0155448913574219 -0.249176025390625 -0.00634765624999999
0.0154457092285156 -0.0131778717041016 -0.183944702148438 -0.254531860351562
-0.00959968566894532 -0.0101537704467773 0.079376220703125 -0.45257568359375
-0.0205230712890625 0.0394134521484375 0.50408935546875 -0.35516357421875
-0.0195274353027344 0.0514678955078125 0.6748046875 0.19744873046875
0.00848388671875 0.0503501892089844 0.361572265625 0.70233154296875
0.00544738769531249 0.110397338867188 -0.10784912109375 0.595947265625
-0.0370712280273438 0.123664855957031 0.00527954101562499 0.0776519775390625
-0.019256591796875 0.122817993164063 0.29888916015625 -0.51519775390625
0.0279922485351562 0.0906448364257813 -0.07000732421875 -0.86248779296875
-0.00594329833984375 0.0482597351074219 -0.66461181640625 -0.41278076171875
-0.0443000793457031 0.0134048461914062 -0.59527587890625 0.24530029296875
-0.0191993713378906 -0.0170783996582031 -0.21002197265625 0.446319580078125
0.0068511962890625 -0.0287380218505859 0.141281127929688 0.27532958984375
0.0229110717773438 -0.0192146301269531 0.263992309570313 0.0122222900390625
0.0361442565917969 -0.0140953063964844 -0.241424560546875 -0.012115478515625
0.0156660079956055 -0.0110921859741211 -0.140762329101562 -0.261764526367188
-0.00311851501464844 -0.00890636444091797 0.167999267578125 -0.441131591796875
-0.0103340148925781 0.0398979187011719 0.58251953125 -0.27801513671875
-0.0128097534179688 0.0513801574707031 0.64178466796875 0.3153076171875
0.00714874267578125 0.058502197265625 0.23828125 0.7548828125
-0.01239013671875 0.123908996582031 -0.171722412109375 0.551605224609375
-0.0522232055664063 0.132560729980469 0.0295734405517578 0.0190315246582031
-0.0199661254882812 0.129043579101563 0.23626708984375 -0.58013916015625
0.0357131958007813 0.0912094116210938 -0.2171630859375 -0.82684326171875
0.00680923461914063 0.0483245849609375 -0.7056884765625 -0.28173828125
-0.0324897766113281 0.0124015808105469 -0.5181884765625 0.329864501953125
-0.0127792358398438 -0.0188713073730469 -0.12060546875 0.465911865234375
0.00638008117675781 -0.0296955108642578 0.1834716796875 0.267135620117188
0.0189304351806641 -0.0191192626953125 0.274383544921875 0.006011962890625
0.03045654296875 -0.0123767852783203 -0.233062744140625 -0.0199432373046875
0.0188503265380859 -0.0074462890625 -0.0982666015625 -0.267333984375
0.00896739959716797 -0.00693511962890625 0.25347900390625 -0.414764404296875
0.00177383422851563 0.03802490234375 0.6461181640625 -0.18060302734375
-0.0102806091308594 0.0464096069335938 0.57928466796875 0.4417724609375
-0.0019073486328125 0.0531845092773438 0.09564208984375 0.79339599609375
-0.03265380859375 0.115982055664063 -0.228912353515625 0.495849609375
-0.0524368286132812 0.121498107910156 0.0555877685546875 -0.038116455078125
-0.0139007568359375 0.115592956542969 0.16265869140625 -0.63427734375
0.0404281616210937 0.0764236450195313 -0.3489990234375 -0.77056884765625
0.0184288024902344 0.0385093688964844 -0.7181396484375 -0.1473388671875
-0.0188503265380859 0.00871658325195312 -0.42706298828125 0.39617919921875
-0.00541210174560547 -0.0169181823730469 -0.031982421875 0.47235107421875
0.00496292114257812 -0.0296878814697266 0.223312377929687 0.250656127929688
0.0117912292480469 -0.0184879302978516 0.28070068359375 -0.004119873046875
0.0245895385742188 -0.00927543640136719 -0.226821899414063 -0.0292816162109375
0.0228652954101562 -0.001617431640625 -0.060272216796875 -0.269760131835938
0.0253334045410156 -0.00227737426757813 0.324127197265625 -0.382568359375
0.0152549743652344 0.0360870361328125 0.684326171875 -0.0819091796875
-0.0113010406494141 0.0329875946044922 0.50250244140625 0.54864501953125
-0.0107994079589844 0.0303802490234375 -0.03631591796875 0.81134033203125
-0.0388717651367188 0.087005615234375 -0.269134521484375 0.441375732421875
-0.0389251708984375 0.0923004150390625 0.0802536010742188 -0.0915908813476563
-0.00586700439453125 0.0826644897460938 0.091552734375 -0.6734619140625
0.0391731262207031 0.0496673583984375 -0.454833984375 -0.70062255859375
0.0257320404052734 0.023529052734375 -0.71002197265625 -0.03192138671875
-0.00362658500671387 0.00234150886535645 -0.342681884765625 0.4420166015625
0.00430107116699219 -0.0125274658203125 0.045867919921875 0.465728759765625
0.00162696838378907 -0.0248584747314453 0.251907348632813 0.22998046875
0.00389957427978515 -0.0164098739624023 0.283721923828125 -0.018035888671875
0.0186004638671875 -0.00558280944824219 -0.223739624023438 -0.03570556640625
0.0271568298339844 0.0055999755859375 -0.03802490234375 -0.270294189453125
0.04193115234375 0.0041656494140625 0.369659423828125 -0.35150146484375
0.0276470184326172 0.0319309234619141 0.69842529296875 -0.00653076171875
-0.0115394592285156 0.0114994049072266 0.43212890625 0.6224365234375
-0.0116119384765625 -0.008331298828125 -0.13531494140625 0.81463623046875
-0.0259857177734375 0.0414581298828125 -0.28948974609375 0.397796630859375
-0.0130043029785156 0.0478134155273438 0.098846435546875 -0.127838134765625
-0.00184249877929688 0.0377388000488281 0.0410156250000001 -0.69415283203125
0.0273609161376953 0.017425537109375 -0.52008056640625 -0.646484375
0.0274658203125 0.00774574279785156 -0.6971435546875 0.04681396484375
0.0101680755615234 -0.00399875640869141 -0.284393310546875 0.46588134765625
0.015869140625 -0.00734138488769531 0.090667724609375 0.4530029296875
-0.00103664398193359 -0.0161113739013672 0.268661499023438 0.21075439453125
-0.00330543518066406 -0.0128402709960938 0.283233642578125 -0.032257080078125
0.0145263671875 -0.00453758239746094 -0.224578857421875 -0.0447845458984375
0.0308475494384766 0.0109977722167969 -0.0314788818359375 -0.273025512695313
0.056121826171875 0.00983810424804687 0.383544921875 -0.33734130859375
0.0380058288574219 0.0247344970703125 0.69976806640625 0.02471923828125
-0.012110710144043 -0.0146341323852539 0.39990234375 0.65338134765625
-0.00423049926757813 -0.0597877502441406 -0.1727294921875 0.80963134765625
0.00452709197998047 -0.0146341323852539 -0.29339599609375 0.378082275390625
0.0226268768310547 -0.0067596435546875 0.10748291015625 -0.140357971191406
0.000304222106933595 -0.0150785446166992 0.01995849609375 -0.6973876953125
0.00964164733886719 -0.0177097320556641 -0.54345703125 -0.6182861328125
0.0207271575927734 -0.0065155029296875 -0.69110107421875 0.0810546875
0.0220298767089844 -0.00981330871582031 -0.265960693359375 0.474822998046875
0.028228759765625 -0.00308799743652344 0.10247802734375 0.4439697265625
-0.00237941741943359 -0.00765609741210937 0.269638061523438 0.200302124023438
-0.0087122917175293 -0.00830888748168945 0.279586791992188 -0.0439605712890625
0.0119285583496094 -0.00160598754882812 -0.229476928710938 -0.0500335693359375
0.0325775146484375 0.0165863037109375 -0.044586181640625 -0.277145385742188
0.0655784606933594 0.0158004760742187 0.362213134765625 -0.347381591796875
0.044403076171875 0.0167999267578125 0.692626953125 0.00469970703125
-0.0152091979980469 -0.0413551330566406 0.4273681640625 0.6351318359375
0.00170135498046876 -0.109153747558594 -0.135986328125 0.8165283203125
0.0377426147460938 -0.0724716186523438 -0.280670166015625 0.39422607421875
0.0636329650878906 -0.0602149963378906 0.105033874511719 -0.125984191894531
0.00546646118164062 -0.0680351257324219 0.0337524414062501 -0.68695068359375
-0.00833511352539062 -0.0506515502929688 -0.52728271484375 -0.63153076171875
0.00925254821777344 -0.0202846527099609 -0.70050048828125 0.063720703125
0.0284938812255859 -0.0138416290283203 -0.29046630859375 0.472625732421875
0.0390052795410156 0.0007476806640625 0.079620361328125 0.443145751953125
-0.000320523977279663 0.000492006540298462 0.258071899414063 0.198455810546875
-0.0106000900268555 -0.00450420379638672 0.275177001953125 -0.0484619140625
0.00993156433105469 -0.000578880310058594 -0.237808227539062 -0.0515594482421875
0.0301284790039063 0.0198192596435547 -0.07733154296875 -0.282073974609375
0.0670547485351563 0.0180397033691406 0.3104248046875 -0.37542724609375
0.0454559326171875 0.0108718872070313 0.67095947265625 -0.06646728515625
-0.0226593017578125 -0.0571022033691406 0.49359130859375 0.57208251953125
-0.00399780273437498 -0.149429321289063 -0.0386962890624999 0.81634521484375
0.0605545043945312 -0.123329162597656 -0.25445556640625 0.4345703125
0.101005554199219 -0.105018615722656 0.0920257568359375 -0.0892257690429688
0.0188751220703125 -0.114601135253906 0.08428955078125 -0.66278076171875
-0.0213546752929688 -0.0825271606445313 -0.46661376953125 -0.6761474609375
-0.00575828552246094 -0.0307731628417969 -0.7181396484375 8.60595871036693E-17
0.0274982452392578 -0.016082763671875 -0.353759765625 0.45477294921875
0.0476188659667969 0.00403213500976562 0.02484130859375 0.449981689453125
0.00279045104980469 0.00691986083984375 0.2349853515625 0.209243774414063
-0.0104751586914063 -0.00155448913574219 0.269287109375 -0.047760009765625
0.0399360656738281 -0.0169258117675781 -0.248489379882813 -0.00485229492187501
0.0158147811889648 -0.0138158798217773 -0.184249877929687 -0.251541137695313
-0.00983142852783203 -0.0108919143676758 0.077117919921875 -0.448272705078125
-0.0196990966796875 0.038909912109375 0.498382568359375 -0.353790283203125
-0.019744873046875 0.0514869689941406 0.6705322265625 0.19622802734375
0.00733184814453125 0.0495796203613281 0.3612060546875 0.6971435546875
0.00722503662109374 0.109878540039062 -0.10662841796875 0.59320068359375
-0.0362701416015625 0.124069213867188 0.00525665283203125 0.0771255493164063
-0.0187835693359375 0.122390747070313 0.29583740234375 -0.5133056640625
0.0290679931640625 0.0889358520507813 -0.07171630859375 -0.8563232421875
-0.00634002685546875 0.0492401123046875 -0.6602783203125 -0.41021728515625
-0.0439643859863281 0.0143661499023438 -0.590087890625 0.24652099609375
-0.0189075469970703 -0.017669677734375 -0.207611083984375 0.444000244140625
0.00626754760742188 -0.0282478332519531 0.142059326171875 0.273712158203125
0.0224056243896484 -0.0190467834472656 0.264068603515625 0.011199951171875
0.0364151000976563 -0.0147247314453125 -0.239898681640625 -0.010528564453125
0.0163860321044922 -0.0113334655761719 -0.140869140625 -0.258255004882813
-0.00378608703613281 -0.0100259780883789 0.1640625 -0.43768310546875
-0.0106773376464844 0.0390167236328125 0.5775146484375 -0.2774658203125
-0.012939453125 0.0517005920410156 0.63983154296875 0.31365966796875
0.00656890869140625 0.0580673217773438 0.2369384765625 0.75048828125
-0.0127334594726563 0.123634338378906 -0.169036865234375 0.549041748046875
-0.050140380859375 0.132469177246094 0.0292129516601562 0.02069091796875
-0.0183792114257813 0.128822326660156 0.23272705078125 -0.57635498046875
0.0354461669921875 0.0906906127929688 -0.21636962890625 -0.82049560546875
0.00722503662109375 0.0484886169433594 -0.70257568359375 -0.2783203125
-0.0326385498046875 0.0137405395507812 -0.513275146484375 0.329376220703125
-0.0134830474853516 -0.0183353424072266 -0.118621826171875 0.462646484375
0.00669288635253906 -0.0300979614257813 0.183502197265625 0.265121459960938
0.0180759429931641 -0.0193691253662109 0.272506713867187 0.0048828125
0.0300788879394531 -0.0126876831054688 -0.231826782226563 -0.01922607421875
0.0183887481689453 -0.008056640625 -0.0976715087890625 -0.26556396484375
0.00897789001464844 -0.00635814666748047 0.251312255859375 -0.41278076171875
0.0021209716796875 0.0379066467285156 0.6402587890625 -0.18170166015625
-0.0106163024902344 0.0467338562011719 0.57647705078125 0.43743896484375
-0.001708984375 0.0527763366699219 0.0972290039062501 0.78826904296875
-0.0311508178710938 0.115432739257813 -0.22735595703125 0.49200439453125
-0.0516433715820312 0.121452331542969 0.0550498962402344 -0.0381622314453125
-0.0124893188476563 0.115699768066406 0.159423828125 -0.63079833984375
0.0409317016601563 0.075042724609375 -0.34918212890625 -0.7637939453125
0.0185661315917969 0.0384750366210938 -0.7144775390625 -0.1441650390625
-0.0189399719238281 0.00911331176757812 -0.422332763671875 0.3951416015625
-0.00536823272705078 -0.0167627334594727 -0.028350830078125 0.4697265625
0.00434494018554688 -0.0293617248535156 0.222259521484375 0.24761962890625
0.0110454559326172 -0.0184822082519531 0.279205322265625 -0.0052947998046875
0.0245628356933594 -0.00977134704589844 -0.225173950195312 -0.027496337890625
0.0222301483154297 -0.00220870971679688 -0.06170654296875 -0.267410278320313
0.0254058837890625 -0.00214767456054688 0.321929931640625 -0.37957763671875
0.0158729553222656 0.0353584289550781 0.6788330078125 -0.0833740234375
-0.0110740661621094 0.0334300994873047 0.500701904296875 0.544464111328125
-0.0106582641601563 0.0303382873535156 -0.03521728515625 0.80657958984375
-0.0385665893554688 0.0871429443359375 -0.266876220703125 0.43890380859375
-0.0385513305664063 0.0926513671875 0.080108642578125 -0.0902175903320313
-0.00476074218750001 0.0832672119140625 0.0885009765625 -0.66943359375
0.0388984680175781 0.0491981506347656 -0.45318603515625 -0.69659423828125
0.0263786315917969 0.0233573913574219 -0.70489501953125 -0.0301513671875
-0.00442695617675781 0.00264120101928711 -0.338836669921875 0.440673828125
0.00505447387695312 -0.0133504867553711 0.047576904296875 0.462371826171875
0.00109481811523438 -0.0247783660888672 0.25152587890625 0.227676391601563
0.00381278991699219 -0.0157852172851563 0.281951904296875 -0.019866943359375
0.0178508758544922 -0.00583839416503906 -0.2222900390625 -0.035064697265625
0.0269489288330078 0.00481986999511719 -0.037811279296875 -0.267410278320313
0.0409698486328125 0.00386810302734375 0.365692138671875 -0.35064697265625
0.0275402069091797 0.0315151214599609 0.6953125 -0.00653076171875
-0.0115938186645508 0.0121307373046875 0.431884765625 0.61859130859375
-0.0119848251342773 -0.00880050659179687 -0.134033203125 0.8092041015625
-0.0257301330566406 0.0416641235351563 -0.28839111328125 0.3961181640625
-0.01300048828125 0.0481224060058594 0.097808837890625 -0.125251770019531
-0.000560760498046877 0.0375442504882812 0.03753662109375 -0.6893310546875
0.028045654296875 0.0164318084716797 -0.5181884765625 -0.640625
0.0271129608154297 0.00654983520507813 -0.6910400390625 0.0467529296875001
0.0102148056030273 -0.00278091430664063 -0.280670166015625 0.464385986328125
0.0155725479125977 -0.00784873962402344 0.0931396484375 0.448883056640625
-0.00131988525390625 -0.0161914825439453 0.267333984375 0.20867919921875
-0.00338554382324219 -0.0132360458374023 0.282135009765625 -0.03521728515625
0.0151243209838867 -0.00412750244140625 -0.22406005859375 -0.0429229736328125
0.0302867889404297 0.0110054016113281 -0.0322418212890625 -0.270401000976563
0.0556297302246094 0.00977706909179688 0.3800048828125 -0.3365478515625
0.0381736755371094 0.0239601135253906 0.69525146484375 0.0228271484375
-0.0118494033813477 -0.0153303146362305 0.40057373046875 0.64898681640625
-0.00548934936523438 -0.0590705871582031 -0.171630859375 0.80609130859375
0.00430965423583984 -0.0141925811767578 -0.291412353515625 0.37518310546875
0.0233039855957031 -0.00676727294921875 0.106788635253906 -0.139297485351563
0.00125217437744141 -0.0150890350341797 0.01971435546875 -0.69195556640625
0.0103893280029297 -0.0178070068359375 -0.541259765625 -0.61383056640625
0.0208854675292969 -0.008026123046875 -0.68548583984375 0.0813598632812499
0.0221939086914063 -0.00975227355957031 -0.262237548828125 0.474151611328125
0.0282840728759766 -0.00308418273925781 0.104522705078125 0.44049072265625
-0.00231027603149414 -0.00741910934448242 0.2684326171875 0.197341918945312
-0.00899982452392578 -0.00787353515625 0.278091430664063 -0.0447998046875
0.0114927291870117 -0.00206661224365234 -0.228012084960938 -0.048095703125
0.0320987701416016 0.0168952941894531 -0.0457000732421875 -0.274307250976563
0.0638961791992188 0.0147933959960938 0.360137939453125 -0.34637451171875
0.0443687438964844 0.0159034729003906 0.6904296875 0.00201416015625
-0.0157585144042969 -0.0404243469238281 0.4266357421875 0.62982177734375
0.000907897949218757 -0.107978820800781 -0.13519287109375 0.81024169921875
0.0378952026367188 -0.0715255737304688 -0.277984619140625 0.39202880859375
0.0629310607910156 -0.0592308044433594 0.104484558105469 -0.124191284179688
0.0062103271484375 -0.0672073364257813 0.03204345703125 -0.68194580078125
-0.00872039794921875 -0.0506019592285156 -0.52618408203125 -0.62738037109375
0.00945472717285156 -0.020751953125 -0.69635009765625 0.0653076171874999
0.0281658172607422 -0.0136623382568359 -0.288360595703125 0.47064208984375
0.0391998291015625 0.001678466796875 0.0813293457031251 0.44012451171875
0.000165224075317383 0.00149393081665039 0.257080078125 0.196258544921875
-0.0117769241333008 -0.0035543441772461 0.2716064453125 -0.050018310546875
0.00997257232666016 -0.000476837158203125 -0.237640380859375 -0.049072265625
0.0296688079833984 0.0198020935058594 -0.0783233642578125 -0.27984619140625
0.0659370422363281 0.01806640625 0.307403564453125 -0.373382568359375
0.0459976196289063 0.0105476379394531 0.66650390625 -0.06866455078125
-0.0220756530761719 -0.0571937561035156 0.49041748046875 0.5660400390625
-0.00526428222656248 -0.148391723632813 -0.03851318359375 0.80938720703125
0.0595703125 -0.121963500976563 -0.2509765625 0.433685302734375
0.100776672363281 -0.104156494140625 0.0904998779296875 -0.0874404907226563
0.0192108154296875 -0.114250183105469 0.08074951171875 -0.6578369140625
-0.0209732055664063 -0.0815505981445313 -0.46441650390625 -0.67132568359375
-0.00650787353515625 -0.0306186676025391 -0.7138671875 0.00115966796875013
0.0274505615234375 -0.0157966613769531 -0.35009765625 0.451904296875
0.0477104187011719 0.00450515747070313 0.027557373046875 0.446990966796875
0.0033879280090332 0.00678825378417969 0.234024047851562 0.205825805664063
-0.0109663009643555 -0.00158309936523437 0.266860961914062 -0.0495147705078125
0.0397186279296875 -0.0169219970703125 -0.245941162109375 -0.00457763671875002
0.0150861740112305 -0.0141181945800781 -0.183670043945312 -0.249374389648438
-0.0115270614624023 -0.0103235244750977 0.076019287109375 -0.44482421875
-0.0187301635742187 0.0385932922363281 0.494598388671875 -0.3526611328125
-0.0195999145507813 0.0512237548828125 0.66680908203125 0.19293212890625
0.00825119018554688 0.049285888671875 0.35943603515625 0.69036865234375
0.00714874267578124 0.108718872070312 -0.10430908203125 0.5885009765625
-0.0347442626953125 0.123390197753906 0.00506591796875 0.077362060546875
-0.0186538696289063 0.121788024902344 0.293914794921875 -0.5106201171875
0.029266357421875 0.0893402099609375 -0.07171630859375 -0.850830078125
-0.00643539428710938 0.0485877990722656 -0.6572265625 -0.40618896484375
-0.0443992614746094 0.0150718688964844 -0.58563232421875 0.247802734375
-0.0193748474121094 -0.0173664093017578 -0.20465087890625 0.4410400390625
0.00631332397460938 -0.0280284881591797 0.141067504882813 0.271484375
0.0221118927001953 -0.0184898376464844 0.261550903320312 0.0091400146484375
0.0358123779296875 -0.0141677856445313 -0.238800048828125 -0.00935363769531249
0.0156087875366211 -0.0113639831542969 -0.140945434570313 -0.256256103515625
-0.00406455993652344 -0.00910758972167969 0.162017822265625 -0.43621826171875
-0.00874710083007812 0.0388832092285156 0.5732421875 -0.27777099609375
-0.0128631591796875 0.051971435546875 0.634521484375 0.310791015625
0.00626754760742188 0.0572509765625 0.2374267578125 0.74407958984375
-0.0125198364257812 0.123092651367188 -0.168365478515625 0.546356201171875
-0.04913330078125 0.132003784179688 0.0282192230224609 0.0206928253173828
-0.01806640625 0.129417419433594 0.23004150390625 -0.57257080078125
0.0370712280273438 0.089752197265625 -0.21697998046875 -0.816650390625
0.0072021484375 0.0471458435058594 -0.6988525390625 -0.27545166015625
-0.03338623046875 0.0134029388427734 -0.509521484375 0.326416015625
-0.0133838653564453 -0.0181522369384766 -0.117523193359375 0.45977783203125
0.00644683837890625 -0.0301704406738281 0.18341064453125 0.262405395507813
0.0182991027832031 -0.0196456909179688 0.27069091796875 0.0039520263671875
0.0297985076904297 -0.0127124786376953 -0.230575561523438 -0.017364501953125
0.01824951171875 -0.00823020935058594 -0.0991363525390625 -0.26239013671875
0.00896453857421875 -0.0074462890625 0.247589111328125 -0.410552978515625
0.00263595581054687 0.03814697265625 0.635986328125 -0.1802978515625
-0.0105323791503906 0.0468063354492188 0.57366943359375 0.43414306640625
-0.00220489501953125 0.0521697998046875 0.09686279296875 0.78216552734375
-0.0304412841796875 0.116165161132813 -0.2254638671875 0.489288330078125
-0.0515823364257812 0.120758056640625 0.0540542602539062 -0.0371818542480469
-0.0117263793945312 0.115974426269531 0.158447265625 -0.62646484375
0.0416717529296875 0.0755462646484375 -0.34649658203125 -0.75958251953125
0.0179443359375 0.0385055541992188 -0.7093505859375 -0.142822265625
-0.0194244384765625 0.0100021362304687 -0.4189453125 0.393280029296875
-0.00563430786132813 -0.0169448852539063 -0.025726318359375 0.46612548828125
0.00462913513183594 -0.0291767120361328 0.221710205078125 0.24615478515625
0.0114040374755859 -0.0177879333496094 0.27838134765625 -0.006988525390625
0.0237655639648438 -0.010162353515625 -0.22515869140625 -0.027069091796875
0.0230464935302734 -0.00160598754882813 -0.0613555908203125 -0.265457153320313
0.0247325897216797 -0.003265380859375 0.3189697265625 -0.37744140625
0.0161209106445313 0.0357170104980469 0.67578125 -0.08514404296875
-0.0110988616943359 0.0338935852050781 0.49700927734375 0.542388916015625
-0.0112285614013672 0.0298023223876953 -0.0346069335937499 0.80145263671875
-0.0379180908203125 0.0872421264648438 -0.2647705078125 0.43560791015625
-0.0373458862304688 0.0914154052734375 0.0785980224609375 -0.0893936157226562
-0.00502777099609375 0.0829620361328125 0.0891113281249999 -0.66571044921875
0.0395698547363281 0.0487518310546875 -0.4517822265625 -0.692138671875
0.0261058807373047 0.0226974487304688 -0.702392578125 -0.0291137695312499
-0.00369739532470703 0.00333809852600098 -0.336761474609375 0.438568115234375
0.00523853302001953 -0.0127649307250977 0.047576904296875 0.458831787109375
0.00108528137207031 -0.0242137908935547 0.2503662109375 0.226516723632813
0.00230884552001953 -0.0164890289306641 0.279754638671875 -0.020721435546875
0.019012451171875 -0.0063934326171875 -0.2220458984375 -0.03369140625
0.0263538360595703 0.00383377075195313 -0.0386199951171875 -0.263809204101563
0.0413551330566406 0.00345230102539062 0.36273193359375 -0.349151611328125
0.0272407531738281 0.0304450988769531 0.69122314453125 -0.00897216796875
-0.0123376846313477 0.0118694305419922 0.43023681640625 0.6151123046875
-0.0114622116088867 -0.00792026519775391 -0.1331787109375 0.80401611328125
-0.026092529296875 0.0415725708007813 -0.286529541015625 0.394439697265625
-0.0117149353027344 0.0471115112304688 0.0963897705078125 -0.124137878417969
-0.000701904296874999 0.0380935668945312 0.03759765625 -0.68426513671875
0.0289573669433594 0.01678466796875 -0.51568603515625 -0.63677978515625
0.0272674560546875 0.00679969787597656 -0.68670654296875 0.04876708984375
0.0107145309448242 -0.00273609161376953 -0.27911376953125 0.462982177734375
0.0156927108764648 -0.00791168212890625 0.0943603515625 0.44708251953125
-0.0013284683227539 -0.0159206390380859 0.26666259765625 0.206558227539063
-0.00494861602783203 -0.0120706558227539 0.2802734375 -0.0351409912109375
0.0151596069335938 -0.00514125823974609 -0.223358154296875 -0.0424346923828125
0.0302581787109375 0.0111064910888672 -0.0330963134765625 -0.267547607421875
0.0552482604980469 0.00937271118164063 0.378021240234375 -0.335174560546875
0.0387802124023438 0.02337646484375 0.6923828125 0.02099609375
-0.012791633605957 -0.0148191452026367 0.39801025390625 0.64453125
-0.00582504272460938 -0.0581130981445312 -0.16925048828125 0.8018798828125
0.00353145599365234 -0.0137739181518555 -0.2899169921875 0.374267578125
0.0246047973632813 -0.00592422485351563 0.10540771484375 -0.137992858886719
0.000943183898925781 -0.0138454437255859 0.0172119140625001 -0.68670654296875
0.0104808807373047 -0.0184841156005859 -0.53961181640625 -0.61083984375
0.0201015472412109 -0.00785255432128906 -0.68121337890625 0.0809326171875
0.0221004486083984 -0.00939559936523438 -0.259735107421875 0.4710693359375
0.0277957916259766 -0.003265380859375 0.105072021484375 0.436676025390625
-0.0020604133605957 -0.00680208206176758 0.2672119140625 0.195465087890625
-0.00915622711181641 -0.00708484649658203 0.2757568359375 -0.0456695556640625
0.0107707977294922 -0.00189685821533203 -0.227615356445313 -0.0462799072265625
0.0316791534423828 0.0154933929443359 -0.045989990234375 -0.272537231445313
0.0638961791992187 0.0154266357421875 0.357696533203125 -0.34466552734375
0.0451164245605469 0.0157127380371094 0.68634033203125 -0.000244140624999999
-0.0157966613769531 -0.0401077270507813 0.42523193359375 0.627197265625
0.000183105468749994 -0.107521057128906 -0.1326904296875 0.80548095703125
0.0369491577148437 -0.070526123046875 -0.277130126953125 0.389617919921875
0.0639801025390625 -0.0589866638183594 0.102981567382812 -0.123619079589844
0.00680923461914062 -0.0669059753417969 0.0309448242187499 -0.6771240234375
-0.00780105590820312 -0.0498428344726562 -0.5235595703125 -0.6231689453125
0.00890159606933594 -0.0194988250732422 -0.69219970703125 0.0644531249999998
0.027099609375 -0.0139751434326172 -0.285919189453125 0.468994140625
0.0390625 0.000415802001953125 0.08154296875 0.437042236328125
0.000558972358703613 0.00130343437194824 0.256011962890625 0.195343017578125
-0.0110702514648438 -0.00337696075439453 0.270126342773438 -0.05084228515625
0.0102014541625977 -0.000741958618164063 -0.236236572265625 -0.0481109619140625
0.0288906097412109 0.0202178955078125 -0.07745361328125 -0.27789306640625
0.0665397644042969 0.01739501953125 0.305084228515625 -0.37213134765625
0.0458183288574219 0.009124755859375 0.6617431640625 -0.06915283203125
-0.0220985412597656 -0.0570182800292969 0.48834228515625 0.5643310546875
-0.00628662109375001 -0.1483154296875 -0.0374145507812499 0.80584716796875
0.0590286254882813 -0.121749877929688 -0.249053955078125 0.430816650390625
0.1007080078125 -0.103477478027344 0.09039306640625 -0.0869903564453125
0.020538330078125 -0.112586975097656 0.08074951171875 -0.65386962890625
-0.0212860107421875 -0.0814590454101563 -0.4630126953125 -0.66815185546875
-0.00649070739746094 -0.0305995941162109 -0.708251953125 0.00109863281249993
0.0271320343017578 -0.0158119201660156 -0.34747314453125 0.449737548828125
0.0470352172851563 0.00415802001953125 0.02716064453125 0.443115234375
0.00346088409423828 0.00684690475463867 0.232879638671875 0.20452880859375
-0.0108213424682617 -0.000480651855468751 0.264862060546875 -0.050323486328125
0.0394363403320313 -0.0161056518554688 -0.246109008789063 -0.00271606445312505
0.0139274597167969 -0.0143146514892578 -0.1839599609375 -0.247726440429688
-0.0105991363525391 -0.00989437103271484 0.07373046875 -0.44293212890625
-0.01861572265625 0.0384902954101562 0.492523193359375 -0.35052490234375
-0.02032470703125 0.0516624450683594 0.66461181640625 0.19287109375
0.00704193115234376 0.0486068725585938 0.35675048828125 0.687744140625
0.0069427490234375 0.109077453613281 -0.10479736328125 0.58782958984375
-0.0358123779296875 0.122528076171875 0.00529479980468749 0.0764617919921875
-0.0175399780273438 0.122215270996094 0.292266845703125 -0.507232666015625
0.0294189453125 0.088226318359375 -0.0694580078124999 -0.8470458984375
-0.00531768798828125 0.0485496520996094 -0.65460205078125 -0.40386962890625
-0.0440025329589844 0.0149421691894531 -0.58343505859375 0.245849609375
-0.0198955535888672 -0.0175666809082031 -0.203460693359375 0.439697265625
0.00704002380371093 -0.0278835296630859 0.14093017578125 0.26995849609375
0.0223598480224609 -0.0184993743896484 0.261886596679688 0.0082244873046875
0.0357170104980469 -0.015625 -0.237503051757812 -0.00808715820312505
0.0151462554931641 -0.0121679306030273 -0.141021728515625 -0.255172729492187
-0.00413799285888672 -0.00950813293457031 0.161285400390625 -0.431854248046875
-0.00773239135742187 0.0391426086425781 0.57037353515625 -0.2752685546875
-0.013397216796875 0.051483154296875 0.631103515625 0.30828857421875
0.00640869140625 0.0576286315917969 0.23565673828125 0.74078369140625
-0.0123825073242187 0.122154235839844 -0.16717529296875 0.54425048828125
-0.0492401123046875 0.13153076171875 0.0282936096191406 0.0208969116210938
-0.017425537109375 0.129463195800781 0.2281494140625 -0.5692138671875
0.0374069213867188 0.0896453857421875 -0.21380615234375 -0.812744140625
0.00778579711914063 0.04852294921875 -0.69549560546875 -0.27374267578125
-0.0331821441650391 0.014129638671875 -0.507415771484375 0.326751708984375
-0.0139808654785156 -0.0181350708007812 -0.115997314453125 0.457794189453125
0.0057830810546875 -0.0297508239746094 0.181854248046875 0.261383056640625
0.0178260803222656 -0.0177345275878906 0.27081298828125 0.00439453125
0.0293865203857422 -0.0129318237304688 -0.22991943359375 -0.016510009765625
0.0185985565185547 -0.00757408142089844 -0.0974578857421875 -0.261688232421875
0.00870800018310547 -0.00734186172485352 0.245086669921875 -0.40869140625
0.00298690795898437 0.0379066467285156 0.633056640625 -0.1822509765625
-0.0104255676269531 0.0475387573242187 0.5726318359375 0.43170166015625
-0.00313568115234375 0.0527267456054688 0.0964355468750001 0.7791748046875
-0.031219482421875 0.114677429199219 -0.224365234375 0.48870849609375
-0.0503082275390625 0.120590209960937 0.0537796020507813 -0.0349655151367187
-0.0115127563476563 0.11578369140625 0.15728759765625 -0.62408447265625
0.0415725708007812 0.0748825073242188 -0.34454345703125 -0.75775146484375
0.0193367004394531 0.0377082824707031 -0.70660400390625 -0.14202880859375
-0.0195121765136719 0.0103893280029297 -0.418212890625 0.39208984375
-0.005157470703125 -0.017125129699707 -0.026397705078125 0.46392822265625
0.00467300415039063 -0.0295543670654297 0.22149658203125 0.244888305664063
0.0103855133056641 -0.0169525146484375 0.277130126953125 -0.0075836181640625
0.0235118865966797 -0.0102386474609375 -0.224822998046875 -0.0252532958984375
0.0224819183349609 -0.00218772888183594 -0.0615692138671875 -0.263931274414063
0.0241794586181641 -0.00293922424316406 0.31640625 -0.37603759765625
0.0172157287597656 0.0351104736328125 0.6732177734375 -0.0845947265625
-0.0112762451171875 0.0331363677978516 0.49468994140625 0.53900146484375
-0.0111045837402344 0.0297317504882812 -0.0364990234375 0.79815673828125
-0.0379104614257813 0.0864486694335938 -0.264007568359375 0.434295654296875
-0.0374298095703125 0.0906982421875 0.0780868530273438 -0.0880966186523438
-0.00342559814453125 0.0835342407226563 0.08721923828125 -0.6605224609375
0.0398025512695313 0.0479888916015625 -0.4486083984375 -0.6875
0.0253868103027344 0.0236911773681641 -0.6983642578125 -0.02862548828125
-0.00448083877563477 0.0037531852722168 -0.33349609375 0.437713623046875
0.00414943695068359 -0.0130672454833984 0.048431396484375 0.455718994140625
0.00149154663085938 -0.0240497589111328 0.249191284179687 0.22467041015625
0.00249862670898438 -0.0147867202758789 0.27911376953125 -0.0217132568359375
0.0183753967285156 -0.00604248046875 -0.22149658203125 -0.0322723388671875
0.0276813507080078 0.00428581237792969 -0.0388031005859375 -0.262588500976563
0.0415496826171875 0.00336456298828125 0.362213134765625 -0.346221923828125
0.0279903411865234 0.0305213928222656 0.6878662109375 -0.00946044921875
-0.0113601684570312 0.0125207901000977 0.4278564453125 0.61126708984375
-0.0122394561767578 -0.00783061981201172 -0.1336669921875 0.799560546875
-0.0258140563964844 0.0414505004882813 -0.285400390625 0.392425537109375
-0.0111961364746094 0.0475234985351562 0.0962066650390625 -0.123054504394531
7.62939453124958E-05 0.0383758544921875 0.035400390625 -0.6815185546875
0.0284461975097656 0.0161533355712891 -0.5123291015625 -0.63519287109375
0.0258502960205078 0.00704002380371094 -0.6844482421875 0.0469970703124999
0.00958824157714844 -0.00258541107177734 -0.277496337890625 0.460723876953125
0.0153169631958008 -0.00899410247802734 0.092681884765625 0.44287109375
-0.00158786773681641 -0.015904426574707 0.264434814453125 0.205337524414062
-0.00457191467285156 -0.0110788345336914 0.278915405273438 -0.035980224609375
0.0146417617797852 -0.00457859039306641 -0.222747802734375 -0.041259765625
0.0300426483154297 0.0108070373535156 -0.0333099365234375 -0.266937255859375
0.0547218322753906 0.00928115844726562 0.37762451171875 -0.333160400390625
0.0390090942382812 0.0227127075195313 0.68902587890625 0.0198974609375
-0.012455940246582 -0.0153617858886719 0.39630126953125 0.6448974609375
-0.00665664672851563 -0.0588340759277344 -0.1695556640625 0.798095703125
0.00330638885498047 -0.0130271911621094 -0.287994384765625 0.37579345703125
0.0240592956542969 -0.00550651550292969 0.104171752929688 -0.135902404785156
0.00225353240966797 -0.0141382217407227 0.0169677734375001 -0.68359375
0.010467529296875 -0.0178279876708984 -0.5374755859375 -0.6082763671875
0.0200157165527344 -0.00794029235839844 -0.67803955078125 0.07965087890625
0.0210094451904297 -0.00918006896972656 -0.25909423828125 0.468597412109375
0.0279655456542969 -0.00369834899902344 0.10565185546875 0.434112548828125
-0.00248336791992188 -0.00749397277832031 0.266220092773438 0.19476318359375
-0.00938796997070313 -0.00742340087890625 0.275100708007813 -0.045867919921875
0.0109100341796875 -0.00212383270263672 -0.22711181640625 -0.045379638671875
0.0316352844238281 0.0157604217529297 -0.04705810546875 -0.270172119140625
0.0628280639648437 0.0146713256835937 0.356292724609375 -0.34246826171875
0.0448646545410156 0.0148582458496094 0.68310546875 0.000610351562500001
-0.0147285461425781 -0.0399703979492188 0.42236328125 0.62371826171875
-0.000885009765624997 -0.106613159179688 -0.133544921875 0.80126953125
0.0377273559570313 -0.0702171325683594 -0.275604248046875 0.388580322265625
0.064117431640625 -0.0575408935546875 0.103355407714844 -0.122467041015625
0.00772094726562499 -0.0662155151367188 0.0338134765625 -0.67303466796875
-0.00801849365234375 -0.0505104064941406 -0.52117919921875 -0.6212158203125
0.00954246520996094 -0.0199527740478516 -0.69061279296875 0.0645751953124999
0.02813720703125 -0.0132904052734375 -0.284637451171875 0.467254638671875
0.0386505126953125 -0.000148773193359375 0.08123779296875 0.43304443359375
-0.000123023986816406 0.00130343437194824 0.254852294921875 0.19317626953125
-0.0120458602905273 -0.00189113616943359 0.269332885742188 -0.0512237548828125
0.00974082946777344 -0.00017547607421875 -0.235336303710938 -0.04742431640625
0.028900146484375 0.0193901062011719 -0.0785675048828125 -0.2750244140625
0.0670585632324219 0.0171546936035156 0.303497314453125 -0.37017822265625
0.0456008911132813 0.00905990600585938 0.6605224609375 -0.0706787109375
-0.0225639343261719 -0.0563926696777344 0.4862060546875 0.561553955078125
-0.006500244140625 -0.14599609375 -0.0374755859375 0.8026123046875
0.0587158203125 -0.119819641113281 -0.2498779296875 0.428955078125
0.099853515625 -0.102523803710938 0.0887832641601563 -0.0856857299804688
0.0202560424804688 -0.113075256347656 0.0805664062499999 -0.65020751953125
-0.02069091796875 -0.0810928344726563 -0.4603271484375 -0.66363525390625
-0.00645828247070312 -0.029754638671875 -0.7059326171875 0.00146484374999989
0.0270061492919922 -0.0162601470947266 -0.346221923828125 0.4482421875
0.0467987060546875 0.00320816040039063 0.027557373046875 0.43994140625
0.00377511978149414 0.0072941780090332 0.232711791992188 0.203460693359375
-0.0105066299438477 -0.000493049621582032 0.263137817382813 -0.0513458251953125
0.0393142700195313 -0.017425537109375 -0.24560546875 -0.00230407714843751
0.0144386291503906 -0.0145378112792969 -0.18353271484375 -0.245956420898438
-0.0103998184204102 -0.0105342864990234 0.072967529296875 -0.43994140625
-0.0182533264160156 0.0392379760742188 0.492034912109375 -0.348602294921875
-0.0195045471191406 0.0518760681152344 0.66241455078125 0.19049072265625
0.00732040405273438 0.0484161376953125 0.35528564453125 0.68487548828125
0.00765991210937499 0.108497619628906 -0.1051025390625 0.58441162109375
-0.0337448120117188 0.122222900390625 0.0048675537109375 0.0772552490234375
-0.0166244506835938 0.122550964355469 0.2919921875 -0.505523681640625
0.0310287475585938 0.0884475708007812 -0.06866455078125 -0.84466552734375
-0.00531387329101563 0.0485572814941406 -0.64984130859375 -0.4029541015625
-0.0435409545898438 0.0150070190429687 -0.58209228515625 0.24359130859375
-0.0194625854492188 -0.0179901123046875 -0.202789306640625 0.437652587890625
0.00649833679199219 -0.0285606384277344 0.141250610351562 0.268844604492188
0.0220890045166016 -0.0181617736816406 0.260726928710938 0.008697509765625
0.0351314544677734 -0.0165195465087891 -0.237228393554688 -0.00747680664062497
0.0157804489135742 -0.0121173858642578 -0.140609741210937 -0.254531860351563
-0.00484466552734375 -0.00915145874023438 0.16107177734375 -0.42999267578125
-0.00838088989257812 0.0388069152832031 0.5689697265625 -0.27508544921875
-0.0127296447753906 0.0522575378417969 0.6304931640625 0.3095703125
0.00632095336914063 0.05712890625 0.2342529296875 0.739013671875
-0.0124435424804687 0.121986389160156 -0.166229248046875 0.5413818359375
-0.049041748046875 0.131004333496094 0.0273189544677734 0.0215873718261719
-0.01702880859375 0.129173278808594 0.22869873046875 -0.56793212890625
0.0380859375 0.0902328491210937 -0.21160888671875 -0.81109619140625
0.00727081298828125 0.0477523803710938 -0.6927490234375 -0.27410888671875
-0.0335807800292969 0.0145816802978516 -0.505767822265625 0.326751708984375
-0.0138168334960937 -0.0190620422363281 -0.114959716796875 0.4544677734375
0.00617027282714844 -0.0298385620117187 0.181549072265625 0.26025390625
0.0174636840820313 -0.0179729461669922 0.26898193359375 0.0019683837890625
0.0295963287353516 -0.0137653350830078 -0.229415893554687 -0.0153350830078125
0.0183925628662109 -0.00794219970703125 -0.0983123779296875 -0.25994873046875
0.00775861740112305 -0.00734996795654297 0.245330810546875 -0.405853271484375
0.00389480590820312 0.0367393493652344 0.6312255859375 -0.1793212890625
-0.0101127624511719 0.0472373962402344 0.57000732421875 0.432373046875
-0.00340652465820313 0.0518341064453125 0.0941162109375 0.7764892578125
-0.0315170288085937 0.114364624023438 -0.224700927734375 0.487060546875
-0.0501251220703125 0.120521545410156 0.0533447265625 -0.0362472534179687
-0.0106658935546875 0.115592956542969 0.15814208984375 -0.62005615234375
0.0425033569335938 0.0745925903320313 -0.34429931640625 -0.75347900390625
0.0186424255371094 0.03839111328125 -0.7056884765625 -0.14263916015625
-0.0189685821533203 0.0100727081298828 -0.41534423828125 0.390167236328125
-0.00486564636230469 -0.0171890258789062 -0.02655029296875 0.46148681640625
0.00456428527832031 -0.028839111328125 0.219924926757813 0.244293212890625
0.0106754302978516 -0.0172433853149414 0.276504516601562 -0.0080718994140625
0.023284912109375 -0.0107002258300781 -0.224075317382813 -0.0235137939453125
0.0225925445556641 -0.00315284729003906 -0.062408447265625 -0.262374877929688
0.0244235992431641 -0.00288963317871094 0.315704345703125 -0.375
0.0170917510986328 0.0346851348876953 0.6708984375 -0.0831298828125
-0.00996589660644531 0.0336818695068359 0.493133544921875 0.537567138671875
-0.0131015777587891 0.0293235778808594 -0.0369873046875 0.79498291015625
-0.03887939453125 0.0861587524414063 -0.262298583984375 0.433502197265625
-0.036651611328125 0.0909576416015625 0.0772628784179688 -0.086517333984375
-0.00321960449218749 0.0836868286132813 0.08758544921875 -0.65875244140625
0.0401611328125 0.0482940673828125 -0.4471435546875 -0.688720703125
0.0258655548095703 0.0229072570800781 -0.6956787109375 -0.0289916992187499
-0.00420379638671875 0.00413751602172851 -0.334075927734375 0.435791015625
0.00473117828369141 -0.0128087997436523 0.047119140625 0.45556640625
0.00147247314453125 -0.024017333984375 0.249130249023438 0.224151611328125
0.00263118743896484 -0.015172004699707 0.2783203125 -0.021881103515625
0.0180225372314453 -0.00676918029785156 -0.220779418945313 -0.0316314697265625
0.0264072418212891 0.00486373901367188 -0.039215087890625 -0.262649536132813
0.0400733947753906 0.00390243530273438 0.36126708984375 -0.345733642578125
0.0284805297851563 0.029327392578125 0.68609619140625 -0.0091552734375
-0.0117969512939453 0.0126829147338867 0.42388916015625 0.610107421875
-0.0132007598876953 -0.00819110870361328 -0.13323974609375 0.79742431640625
-0.0268630981445312 0.0419425964355469 -0.284454345703125 0.39111328125
-0.0109024047851563 0.0482864379882812 0.0952911376953125 -0.12158203125
0.00143814086914062 0.0383644104003906 0.037353515625 -0.67816162109375
0.0287742614746094 0.0162487030029297 -0.51092529296875 -0.63336181640625
0.0269660949707031 0.00725173950195312 -0.6829833984375 0.0480957031250001
0.00991344451904297 -0.00165843963623047 -0.275146484375 0.459686279296875
0.0154476165771484 -0.00789833068847656 0.094970703125 0.4412841796875
-0.000337600708007814 -0.0161161422729492 0.26434326171875 0.205093383789063
-0.00524234771728516 -0.011256217956543 0.2769775390625 -0.03643798828125
0.0146989822387695 -0.00522708892822266 -0.22186279296875 -0.0396881103515625
0.0296573638916016 0.0106391906738281 -0.03326416015625 -0.265182495117188
0.0549430847167969 0.00854110717773438 0.37518310546875 -0.33245849609375
0.0390586853027344 0.02215576171875 0.6876220703125 0.01995849609375
-0.0122947692871094 -0.0137844085693359 0.39447021484375 0.64227294921875
-0.007537841796875 -0.057586669921875 -0.17120361328125 0.7957763671875
0.00257205963134766 -0.0128908157348633 -0.2896728515625 0.373443603515625
0.0239486694335938 -0.00564956665039063 0.103469848632812 -0.1351318359375
0.00236034393310547 -0.0130529403686523 0.017578125 -0.6817626953125
0.0104951858520508 -0.0172910690307617 -0.53546142578125 -0.6083984375
0.0207557678222656 -0.00795364379882813 -0.67767333984375 0.081298828125
0.0209274291992188 -0.00839042663574219 -0.258026123046875 0.46820068359375
0.0275516510009766 -0.00311279296875 0.103240966796875 0.432708740234375
-0.0015411376953125 -0.00655841827392578 0.265090942382813 0.194137573242188
-0.0094451904296875 -0.00597667694091797 0.2734375 -0.045867919921875
0.0114774703979492 -0.00213909149169922 -0.227828979492188 -0.045501708984375
0.0306148529052734 0.0159225463867188 -0.04736328125 -0.269760131835938
0.0637168884277344 0.01409912109375 0.35614013671875 -0.340362548828125
0.0446510314941406 0.0150604248046875 0.681396484375 0.000427246093750001
-0.0152702331542969 -0.039764404296875 0.42010498046875 0.62255859375
-0.001190185546875 -0.106048583984375 -0.13482666015625 0.7982177734375
0.0366973876953125 -0.0696830749511719 -0.275482177734375 0.38702392578125
0.0642585754394531 -0.0581512451171875 0.102348327636719 -0.12103271484375
0.0087127685546875 -0.0661849975585938 0.0315551757812499 -0.67315673828125
-0.00794219970703125 -0.0498886108398438 -0.51934814453125 -0.6192626953125
0.00904273986816406 -0.0205612182617187 -0.6868896484375 0.0626831054687499
0.0272674560546875 -0.0128326416015625 -0.282684326171875 0.46636962890625
0.0394210815429688 0.000568389892578125 0.08087158203125 0.432220458984375
0.000463604927062988 0.00145256519317627 0.254104614257813 0.192626953125
-0.0109138488769531 -0.00122356414794922 0.267288208007812 -0.0515899658203125
0.0101184844970703 -0.000270843505859375 -0.2364501953125 -0.0456695556640625
0.0280418395996094 0.0199012756347656 -0.0783843994140625 -0.273818969726563
0.0656929016113281 0.0170059204101563 0.30322265625 -0.368743896484375
0.0457344055175781 0.00897216796875 0.6588134765625 -0.070068359375
-0.0231132507324219 -0.0560226440429687 0.483673095703125 0.55975341796875
-0.00735473632812499 -0.144454956054688 -0.03985595703125 0.80023193359375
0.0582656860351563 -0.119148254394531 -0.24835205078125 0.42718505859375
0.100738525390625 -0.102279663085937 0.089447021484375 -0.0841751098632813
0.0206985473632813 -0.113334655761719 0.0805053710937499 -0.64727783203125
-0.0197830200195313 -0.0812835693359375 -0.45977783203125 -0.66192626953125
-0.00596427917480469 -0.029754638671875 -0.704833984375 0.00103759765625004
0.0277748107910156 -0.0151424407958984 -0.345458984375 0.448333740234375
0.0464630126953125 0.00378036499023438 0.028900146484375 0.438812255859375
0.00371217727661133 0.00709867477416992 0.231033325195312 0.202285766601563
-0.0109329223632813 0.00127506256103516 0.263259887695313 -0.0500640869140625
0.0396499633789063 -0.0174827575683594 -0.244873046875 -0.00219726562500005
0.0149507522583008 -0.0152616500854492 -0.183029174804688 -0.245407104492188
-0.012263298034668 -0.0104084014892578 0.073699951171875 -0.440765380859375
-0.0175247192382812 0.0384063720703125 0.4910888671875 -0.347320556640625
-0.0196990966796875 0.0520706176757813 0.66094970703125 0.19287109375
0.0062408447265625 0.0488777160644531 0.35321044921875 0.6842041015625
0.00641632080078124 0.108749389648438 -0.10723876953125 0.5849609375
-0.0337677001953125 0.1219482421875 0.00382232666015625 0.0768280029296875
-0.0160446166992187 0.122703552246094 0.293182373046875 -0.50335693359375
0.0309906005859375 0.0882797241210938 -0.06591796875 -0.843505859375
-0.00504302978515625 0.0484199523925781 -0.65057373046875 -0.40478515625
-0.0452728271484375 0.0159149169921875 -0.58160400390625 0.2445068359375
-0.0192394256591797 -0.0179157257080078 -0.2017822265625 0.43719482421875
0.00678825378417968 -0.0293064117431641 0.139968872070312 0.267959594726563
0.0217132568359375 -0.0176601409912109 0.261215209960938 0.00787353515625
0.0354499816894531 -0.0165367126464844 -0.236129760742188 -0.00708007812499996
0.0155839920043945 -0.0126314163208008 -0.141326904296875 -0.253005981445313
-0.00538730621337891 -0.0095987319946289 0.16107177734375 -0.429840087890625
-0.00823593139648437 0.0391616821289063 0.56866455078125 -0.27337646484375
-0.0129470825195312 0.0530014038085938 0.629150390625 0.3101806640625
0.00469207763671875 0.0567970275878906 0.23175048828125 0.73834228515625
-0.0126419067382813 0.122116088867188 -0.16864013671875 0.541168212890625
-0.0473480224609375 0.131195068359375 0.0273323059082031 0.0218601226806641
-0.0168838500976562 0.128402709960938 0.2301025390625 -0.56683349609375
0.0372238159179688 0.0893783569335938 -0.21112060546875 -0.80999755859375
0.00724029541015625 0.0485572814941406 -0.69049072265625 -0.27532958984375
-0.0339813232421875 0.0153121948242188 -0.5062255859375 0.32525634765625
-0.0143508911132812 -0.0186748504638672 -0.11541748046875 0.455718994140625
0.00664901733398438 -0.0303993225097656 0.181900024414063 0.260650634765625
0.0171356201171875 -0.01763916015625 0.268997192382813 0.0023345947265625
0.02978515625 -0.0144309997558594 -0.228897094726562 -0.014678955078125
0.0181407928466797 -0.00850296020507812 -0.09796142578125 -0.259124755859375
0.00732564926147461 -0.00753974914550781 0.24530029296875 -0.405059814453125
0.00441741943359375 0.0372543334960938 0.6314697265625 -0.1798095703125
-0.0103302001953125 0.0466575622558594 0.5677490234375 0.43280029296875
-0.00405502319335937 0.0523567199707031 0.0912475585937499 0.7752685546875
-0.0316619873046875 0.113876342773438 -0.2265625 0.48577880859375
-0.0494766235351562 0.119873046875 0.0532112121582031 -0.0351409912109375
-0.00994110107421874 0.115684509277344 0.15948486328125 -0.61944580078125
0.0423812866210938 0.0746078491210938 -0.34161376953125 -0.7550048828125
0.0194015502929688 0.0384368896484375 -0.7037353515625 -0.14312744140625
-0.0195941925048828 0.0104999542236328 -0.416046142578125 0.390380859375
-0.00513744354248047 -0.0171365737915039 -0.027557373046875 0.461029052734375
0.00355148315429688 -0.0283279418945313 0.219970703125 0.24346923828125
0.0103244781494141 -0.0162229537963867 0.276168823242188 -0.0089263916015625
0.0243263244628906 -0.01025390625 -0.2242431640625 -0.0243682861328125
0.0222434997558594 -0.00252342224121094 -0.0617218017578125 -0.26068115234375
0.0229816436767578 -0.00395584106445313 0.315826416015625 -0.373870849609375
0.0169639587402344 0.0346603393554688 0.67010498046875 -0.0814208984375
-0.0105133056640625 0.0335483551025391 0.492401123046875 0.53851318359375
-0.0127315521240234 0.0294933319091797 -0.0390625000000001 0.79461669921875
-0.03839111328125 0.0867462158203125 -0.26483154296875 0.43243408203125
-0.0360260009765625 0.0908203125 0.0775375366210938 -0.08624267578125
-0.00295257568359375 0.084075927734375 0.0890502929687499 -0.6578369140625
0.0406074523925781 0.048980712890625 -0.445556640625 -0.68853759765625
0.0261249542236328 0.0234279632568359 -0.69488525390625 -0.0306396484374999
-0.00461053848266602 0.00539398193359375 -0.332916259765625 0.435028076171875
0.00422000885009766 -0.0133609771728516 0.047454833984375 0.45416259765625
0.0008087158203125 -0.0247573852539063 0.2486572265625 0.223663330078125
0.00259971618652344 -0.0141963958740234 0.27850341796875 -0.0221405029296875
0.0182304382324219 -0.00580024719238281 -0.221832275390625 -0.03082275390625
0.0272674560546875 0.00440216064453125 -0.039154052734375 -0.261627197265625
0.0404739379882813 0.00415802001953125 0.360015869140625 -0.343658447265625
0.0279636383056641 0.0296401977539062 0.6861572265625 -0.0069580078125
-0.0115375518798828 0.0115365982055664 0.42333984375 0.61224365234375
-0.0140066146850586 -0.00824165344238281 -0.13739013671875 0.7950439453125
-0.0266609191894531 0.0423545837402344 -0.2855224609375 0.390716552734375
-0.00920486450195312 0.0476150512695313 0.0944366455078125 -0.120521545410156
0.0013580322265625 0.0390701293945312 0.0374755859375 -0.67694091796875
0.0298309326171875 0.0166473388671875 -0.509033203125 -0.63372802734375
0.0264701843261719 0.00762939453125 -0.68072509765625 0.0449218750000001
0.0094461441040039 -0.00164699554443359 -0.276336669921875 0.45758056640625
0.0152664184570313 -0.00808429718017578 0.09246826171875 0.441131591796875
-0.00148296356201172 -0.0153560638427734 0.264053344726563 0.204742431640625
-0.00522232055664062 -0.0113449096679688 0.27740478515625 -0.0359649658203125
0.0147571563720703 -0.00487422943115234 -0.22210693359375 -0.0396728515625
0.0292453765869141 0.01068115234375 -0.033905029296875 -0.264083862304688
0.053619384765625 0.00883102416992188 0.376495361328125 -0.3304443359375
0.0394439697265625 0.0225143432617188 0.68603515625 0.02215576171875
-0.0122299194335938 -0.0149478912353516 0.3922119140625 0.6435546875
-0.00848770141601563 -0.0569648742675781 -0.17138671875 0.7940673828125
0.00280475616455078 -0.0129795074462891 -0.290313720703125 0.37261962890625
0.0239238739013672 -0.00518226623535156 0.103713989257813 -0.133636474609375
0.00363445281982422 -0.0131072998046875 0.01824951171875 -0.67926025390625
0.01141357421875 -0.0181350708007812 -0.5340576171875 -0.60797119140625
0.0199222564697266 -0.00750541687011719 -0.67767333984375 0.0806274414062499
0.0205764770507813 -0.00811386108398438 -0.258758544921875 0.467193603515625
0.0276584625244141 -0.00352287292480469 0.1053466796875 0.431884765625
-0.00206470489501953 -0.00750494003295898 0.264801025390625 0.19403076171875
-0.00929927825927734 -0.00585842132568359 0.273361206054688 -0.045928955078125
0.0117998123168945 -0.00191402435302734 -0.228118896484375 -0.0449371337890625
0.0306205749511719 0.0160312652587891 -0.04681396484375 -0.26885986328125
0.0628700256347656 0.014129638671875 0.35540771484375 -0.33953857421875
0.0440673828125 0.0147018432617187 0.6806640625 0.000305175781250001
-0.0150260925292969 -0.0399703979492188 0.42022705078125 0.62322998046875
-0.0012054443359375 -0.105010986328125 -0.13677978515625 0.799072265625
0.0364227294921875 -0.0689926147460938 -0.276214599609375 0.386688232421875
0.0644264221191406 -0.0573692321777344 0.102622985839844 -0.119659423828125
0.00873565673828126 -0.0660896301269531 0.034423828125 -0.6708984375
-0.00664901733398438 -0.0500602722167969 -0.51812744140625 -0.6202392578125
0.00888442993164063 -0.0199851989746094 -0.68603515625 0.0625610351562502
0.0269985198974609 -0.0124149322509766 -0.284027099609375 0.464935302734375
0.0383529663085937 0.00046539306640625 0.081298828125 0.431884765625
0.000568151473999024 0.00128400325775146 0.25396728515625 0.193283081054688
-0.0116920471191406 -0.00122451782226563 0.268234252929688 -0.051361083984375
0.00980091094970703 -0.000313758850097656 -0.235824584960938 -0.0454254150390625
0.0287857055664062 0.0199737548828125 -0.0782928466796875 -0.272918701171875
0.0663032531738281 0.01690673828125 0.3043212890625 -0.3682861328125
0.0459709167480469 0.0079193115234375 0.65899658203125 -0.068115234375
-0.0228080749511719 -0.0562515258789062 0.48291015625 0.56121826171875
-0.00762939453125 -0.144500732421875 -0.0411376953125 0.79998779296875
0.05792236328125 -0.119552612304688 -0.25030517578125 0.426849365234375
0.10137939453125 -0.102127075195313 0.0900115966796875 -0.0825729370117188
0.0212554931640625 -0.112236022949219 0.0816650390625 -0.64654541015625
-0.0199661254882812 -0.0805130004882813 -0.4564208984375 -0.663818359375
-0.00619125366210938 -0.0301342010498047 -0.702392578125 -0.000122070312500056
0.0277271270751953 -0.0146427154541016 -0.345703125 0.44677734375
0.0463104248046875 0.00333023071289062 0.0274658203125 0.43890380859375
0.00296497344970703 0.00761556625366211 0.23028564453125 0.20330810546875
-0.010706901550293 0.00191211700439453 0.262649536132813 -0.0514068603515625
0.0394973754882813 -0.0176544189453125 -0.244857788085938 -0.00115966796875001
0.0148229598999023 -0.0145425796508789 -0.1829833984375 -0.245254516601563
-0.0114536285400391 -0.0101833343505859 0.072540283203125 -0.4388427734375
-0.0179634094238281 0.0390396118164063 0.49188232421875 -0.346832275390625
-0.0196304321289062 0.0520706176757813 0.6610107421875 0.193603515625
0.00516891479492188 0.0484809875488281 0.35125732421875 0.68634033203125
0.00624847412109374 0.108314514160156 -0.10760498046875 0.58477783203125
-0.0336151123046875 0.122833251953125 0.0031890869140625 0.0777435302734375
-0.0156478881835938 0.122940063476563 0.29278564453125 -0.50372314453125
0.0310287475585938 0.0886306762695313 -0.0655517578125 -0.84423828125
-0.00457763671875 0.0488204956054688 -0.64898681640625 -0.40509033203125
-0.0452461242675781 0.0168724060058594 -0.5814208984375 0.24468994140625
-0.0187263488769531 -0.0184669494628906 -0.201995849609375 0.437103271484375
0.00662994384765625 -0.0282020568847656 0.14019775390625 0.268768310546875
0.0216522216796875 -0.0179462432861328 0.262344360351562 0.0061798095703125
0.0356826782226563 -0.0169601440429688 -0.236953735351563 -0.00570678710937504
0.0152063369750977 -0.0123052597045898 -0.141189575195312 -0.253311157226563
-0.00532913208007812 -0.00938987731933594 0.160797119140625 -0.428741455078125
-0.00795745849609375 0.0381927490234375 0.568359375 -0.27337646484375
-0.011993408203125 0.052764892578125 0.6275634765625 0.30938720703125
0.004730224609375 0.0569992065429687 0.23028564453125 0.7401123046875
-0.0128555297851562 0.121269226074219 -0.16796875 0.5430908203125
-0.0478744506835937 0.130699157714844 0.0269031524658203 0.0216350555419922
-0.0159683227539062 0.129051208496094 0.23065185546875 -0.56494140625
0.0380783081054688 0.0897140502929687 -0.208251953125 -0.81170654296875
0.007659912109375 0.0475883483886719 -0.691162109375 -0.27618408203125
-0.0337238311767578 0.0152702331542969 -0.50543212890625 0.323822021484375
-0.0141429901123047 -0.0181674957275391 -0.114959716796875 0.455718994140625
0.00667381286621094 -0.0301761627197266 0.180908203125 0.2596435546875
0.0175046920776367 -0.0174360275268555 0.269912719726563 0.0013427734375
0.0304851531982422 -0.0145015716552734 -0.2293701171875 -0.0144500732421875
0.0182075500488281 -0.00971031188964844 -0.098602294921875 -0.25933837890625
0.00728321075439453 -0.0074462890625 0.2462158203125 -0.40374755859375
0.00360107421875 0.0369224548339844 0.6317138671875 -0.1781005859375
-0.0103912353515625 0.0470046997070313 0.5662841796875 0.43353271484375
-0.0043182373046875 0.0518150329589844 0.09088134765625 0.77587890625
-0.031585693359375 0.114326477050781 -0.227325439453125 0.48602294921875
-0.0487442016601562 0.119865417480469 0.0531997680664063 -0.0344505310058594
-0.00977325439453126 0.115646362304688 0.16021728515625 -0.61944580078125
0.0425949096679688 0.0750350952148438 -0.340087890625 -0.75616455078125
0.0192985534667969 0.03857421875 -0.70330810546875 -0.1446533203125
-0.0197887420654297 0.0108890533447266 -0.4173583984375 0.391265869140625
-0.00608348846435547 -0.0172214508056641 -0.026611328125 0.4605712890625
0.00423431396484375 -0.0288047790527344 0.219863891601563 0.244033813476563
0.00959968566894531 -0.0168743133544922 0.276443481445313 -0.0095977783203125
0.024139404296875 -0.0104408264160156 -0.223739624023437 -0.023651123046875
0.022430419921875 -0.00240135192871094 -0.06298828125 -0.261245727539063
0.0233573913574219 -0.00306129455566406 0.31707763671875 -0.37298583984375
0.0178565979003906 0.0345058441162109 0.67059326171875 -0.0811767578125
-0.0108203887939453 0.0342350006103516 0.4912109375 0.539459228515625
-0.0134239196777344 0.0292110443115234 -0.0413818359375 0.794189453125
-0.0391159057617187 0.087249755859375 -0.266448974609375 0.432373046875
-0.036224365234375 0.0908126831054688 0.0764541625976562 -0.0853958129882812
-0.0028076171875 0.0843963623046875 0.0888671875 -0.65692138671875
0.0411605834960938 0.0476608276367188 -0.44549560546875 -0.68963623046875
0.0257244110107422 0.0235805511474609 -0.69720458984375 -0.0306396484375001
-0.00427818298339844 0.00575637817382812 -0.334014892578125 0.434783935546875
0.00425148010253906 -0.01324462890625 0.0479736328125 0.454254150390625
0.00180816650390625 -0.0250415802001953 0.24847412109375 0.224319458007813
0.00214767456054688 -0.0143537521362305 0.27813720703125 -0.021453857421875
0.0187320709228516 -0.00641632080078125 -0.221237182617187 -0.0303192138671875
0.027069091796875 0.00407600402832031 -0.03961181640625 -0.260726928710937
0.0398674011230469 0.00333786010742188 0.361724853515625 -0.343994140625
0.0291194915771484 0.0296554565429687 0.68603515625 -0.0079345703125
-0.0120916366577148 0.0124931335449219 0.421630859375 0.61199951171875
-0.0150613784790039 -0.00842857360839843 -0.13897705078125 0.79608154296875
-0.0268898010253906 0.0418472290039063 -0.286529541015625 0.389923095703125
-0.0105133056640625 0.0465469360351563 0.0945663452148438 -0.119194030761719
0.00180816650390625 0.0387153625488281 0.038330078125 -0.6767578125
0.0297107696533203 0.015777587890625 -0.50836181640625 -0.6376953125
0.0269031524658203 0.00704002380371094 -0.68084716796875 0.0461425781250001
0.00998497009277344 -0.00140666961669922 -0.278411865234375 0.4581298828125
0.015812873840332 -0.00797748565673828 0.091522216796875 0.44146728515625
-0.00119781494140625 -0.0157155990600586 0.263778686523438 0.2049560546875
-0.00604820251464844 -0.0105514526367187 0.276885986328125 -0.03680419921875
0.0147905349731445 -0.00486469268798828 -0.222976684570313 -0.0388946533203125
0.0299568176269531 0.0109062194824219 -0.0328216552734375 -0.263900756835938
0.053802490234375 0.0099639892578125 0.375946044921875 -0.331390380859375
0.0398788452148438 0.0211906433105469 0.6865234375 0.0233154296875
-0.0116424560546875 -0.0148153305053711 0.39105224609375 0.64361572265625
-0.00864410400390625 -0.05670166015625 -0.1739501953125 0.79571533203125
0.00252246856689453 -0.0124292373657227 -0.291656494140625 0.3721923828125
0.0254154205322266 -0.00481605529785156 0.104141235351563 -0.132843017578125
0.00355148315429687 -0.0127286911010742 0.0194702148437501 -0.67974853515625
0.0114650726318359 -0.0177173614501953 -0.53240966796875 -0.61102294921875
0.0204315185546875 -0.00787925720214844 -0.67767333984375 0.0782470703125001
0.0207672119140625 -0.00731658935546875 -0.257904052734375 0.467041015625
0.0274295806884766 -0.00389289855957031 0.10418701171875 0.433624267578125
-0.00191402435302734 -0.00717878341674805 0.264816284179688 0.195175170898437
-0.00975704193115234 -0.00481224060058594 0.273757934570313 -0.0464935302734375
0.0111083984375 -0.00195121765136719 -0.227935791015625 -0.0438232421875
0.0305843353271484 0.0164794921875 -0.0466766357421875 -0.26837158203125
0.0632171630859375 0.0142898559570313 0.356719970703125 -0.33990478515625
0.0448112487792969 0.0130233764648438 0.68109130859375 0.00213623046875
-0.0152320861816406 -0.0405654907226562 0.418212890625 0.62542724609375
-0.00222015380859374 -0.104942321777344 -0.1375732421875 0.79876708984375
0.0361671447753906 -0.0683326721191406 -0.277099609375 0.38671875
0.0646591186523437 -0.0575981140136719 0.102371215820313 -0.119155883789063
0.0093841552734375 -0.0658340454101562 0.03533935546875 -0.66925048828125
-0.00635528564453125 -0.0507545471191406 -0.51593017578125 -0.6209716796875
0.0093994140625 -0.0197563171386719 -0.68719482421875 0.0617675781250001
0.0270938873291016 -0.0120143890380859 -0.28369140625 0.464019775390625
0.0395240783691406 -4.1961669921875E-05 0.0798645019531249 0.43170166015625
0.00052344799041748 0.00160205364227295 0.253189086914063 0.194320678710938
-0.0112380981445313 -0.00136661529541015 0.268417358398438 -0.0515289306640625
0.00994014739990234 0.000412940979003906 -0.237152099609375 -0.04449462890625
0.0276584625244141 0.0201930999755859 -0.078125 -0.273345947265625
0.0657806396484375 0.01678466796875 0.30523681640625 -0.367095947265625
0.0464057922363281 0.00724029541015625 0.65814208984375 -0.0679931640625
-0.0226707458496094 -0.0553512573242188 0.4820556640625 0.56280517578125
-0.00755310058593751 -0.143600463867188 -0.0420532226562499 0.7994384765625
0.0587387084960937 -0.118301391601563 -0.250762939453125 0.426483154296875
0.101524353027344 -0.101936340332031 0.088958740234375 -0.082763671875
0.022735595703125 -0.112411499023438 0.08270263671875 -0.64599609375
-0.01898193359375 -0.0812454223632813 -0.4569091796875 -0.66448974609375
-0.00664710998535156 -0.0307083129882813 -0.70318603515625 -0.00152587890624988
0.0270214080810547 -0.0149154663085938 -0.34552001953125 0.447113037109375
0.0467872619628906 0.00397872924804688 0.027984619140625 0.43829345703125
0.00480413436889648 0.00717926025390625 0.230499267578125 0.202957153320313
-0.0104131698608398 0.00219249725341797 0.262863159179688 -0.050567626953125
0.03985595703125 -0.0185623168945313 -0.2454833984375 -0.00122070312500002
0.0146312713623047 -0.0149955749511719 -0.184478759765625 -0.245391845703125
-0.011012077331543 -0.00954055786132812 0.07403564453125 -0.4383544921875
-0.0169868469238281 0.0381622314453125 0.493682861328125 -0.346832275390625
-0.0192756652832031 0.0526924133300781 0.6602783203125 0.1966552734375
0.00524139404296875 0.0490455627441406 0.3526611328125 0.6876220703125
0.0061492919921875 0.108787536621094 -0.10870361328125 0.5858154296875
-0.0340042114257813 0.123573303222656 0.00377655029296875 0.0785675048828125
-0.0150299072265625 0.123870849609375 0.29620361328125 -0.503173828125
0.03131103515625 0.089691162109375 -0.06378173828125 -0.8466796875
-0.00443649291992188 0.0491485595703125 -0.64971923828125 -0.40618896484375
-0.0453834533691406 0.0174179077148437 -0.58331298828125 0.2427978515625
-0.0204734802246094 -0.0190753936767578 -0.202789306640625 0.437896728515625
0.00690650939941406 -0.0294246673583984 0.139923095703125 0.269989013671875
0.0212230682373047 -0.017852783203125 0.262435913085938 0.0078582763671875
0.0349502563476563 -0.0161952972412109 -0.237960815429687 -0.0069732666015625
0.0153627395629883 -0.0127716064453125 -0.140609741210938 -0.252716064453125
-0.00605106353759766 -0.0101795196533203 0.1607666015625 -0.428955078125
-0.0078582763671875 0.0379409790039063 0.57061767578125 -0.27252197265625
-0.0120124816894531 0.0534553527832031 0.62860107421875 0.31201171875
0.00391006469726563 0.0563697814941406 0.228759765625 0.74127197265625
-0.0144729614257813 0.122444152832031 -0.170684814453125 0.541748046875
-0.0474472045898438 0.130477905273438 0.0271110534667969 0.0230312347412109
-0.0148696899414062 0.129325866699219 0.2315673828125 -0.5654296875
0.0384902954101563 0.0896835327148438 -0.2069091796875 -0.81317138671875
0.00772476196289062 0.0485458374023438 -0.69183349609375 -0.27813720703125
-0.0336360931396484 0.0158214569091797 -0.506622314453125 0.32550048828125
-0.0133094787597656 -0.0192890167236328 -0.11431884765625 0.456207275390625
0.00699615478515625 -0.0299701690673828 0.181961059570313 0.260986328125
0.0164604187011719 -0.0164299011230469 0.271209716796875 0.001861572265625
0.0292892456054687 -0.0142784118652344 -0.2305908203125 -0.013580322265625
0.0185394287109375 -0.00855255126953125 -0.09881591796875 -0.259628295898438
0.00679540634155273 -0.00738334655761719 0.245391845703125 -0.404327392578125
0.00458526611328125 0.0363883972167969 0.63427734375 -0.17901611328125
-0.0101966857910156 0.048065185546875 0.5677490234375 0.43536376953125
-0.00491714477539063 0.0513954162597656 0.0888671874999999 0.77716064453125
-0.0328369140625 0.114761352539063 -0.228271484375 0.487060546875
-0.04949951171875 0.119956970214844 0.0530967712402344 -0.0345687866210937
-0.00937652587890625 0.11700439453125 0.160400390625 -0.61962890625
0.0426101684570313 0.0744171142578125 -0.34027099609375 -0.75830078125
0.0200767517089844 0.0385398864746094 -0.7049560546875 -0.146484375
-0.0199985504150391 0.0123405456542969 -0.418914794921875 0.390838623046875
-0.00589370727539062 -0.0176944732666016 -0.027069091796875 0.461456298828125
0.00465011596679688 -0.0293865203857422 0.220535278320313 0.244949340820312
0.00983238220214844 -0.0157232284545898 0.276626586914063 -0.009796142578125
0.0239124298095703 -0.0105953216552734 -0.224945068359375 -0.02349853515625
0.0218696594238281 -0.00387001037597656 -0.0626678466796875 -0.261093139648438
0.0231590270996094 -0.00295829772949219 0.318359375 -0.373382568359375
0.0176601409912109 0.0331592559814453 0.67205810546875 -0.08184814453125
-0.0110321044921875 0.0354499816894531 0.48956298828125 0.54180908203125
-0.013671875 0.0297222137451172 -0.04205322265625 0.79608154296875
-0.0402450561523437 0.0862579345703125 -0.266387939453125 0.432708740234375
-0.0366363525390625 0.09100341796875 0.076873779296875 -0.085113525390625
-0.00193786621093751 0.0844879150390625 0.0910644531250001 -0.65740966796875
0.0410346984863281 0.0489387512207031 -0.4443359375 -0.693115234375
0.0260334014892578 0.0238704681396484 -0.696533203125 -0.0328979492187501
-0.00426626205444336 0.00592851638793945 -0.336029052734375 0.435333251953125
0.00432968139648438 -0.0139665603637695 0.04803466796875 0.45526123046875
0.00149345397949219 -0.0235767364501953 0.248687744140625 0.225143432617188
0.00233554840087891 -0.0136203765869141 0.280181884765625 -0.022186279296875
0.0187034606933594 -0.00646781921386719 -0.2216796875 -0.03106689453125
0.0259761810302734 0.0047607421875 -0.0399017333984375 -0.260543823242188
0.0403251647949219 0.00303268432617188 0.3634033203125 -0.34332275390625
0.0293750762939453 0.0296249389648438 0.6875 -0.0064697265625
-0.0119256973266602 0.0118808746337891 0.42156982421875 0.6141357421875
-0.0153913497924805 -0.00727748870849609 -0.140380859375 0.79791259765625
-0.027252197265625 0.0422096252441406 -0.28741455078125 0.390838623046875
-0.00967788696289062 0.0470924377441406 0.0948410034179688 -0.118545532226563
0.0023345947265625 0.0385818481445312 0.0408325195312499 -0.67840576171875
0.0301036834716797 0.0165252685546875 -0.508056640625 -0.63787841796875
0.0277290344238281 0.00748825073242188 -0.68377685546875 0.0436401367187501
0.00969219207763672 -0.00081634521484375 -0.27734375 0.460601806640625
0.0150222778320313 -0.00838279724121094 0.09344482421875 0.442962646484375
-0.000405311584472656 -0.0167837142944336 0.26409912109375 0.20556640625
-0.0059356689453125 -0.00920200347900391 0.278106689453125 -0.0372314453125
0.0152816772460938 -0.00488471984863281 -0.224380493164062 -0.038299560546875
0.0291709899902344 0.0104255676269531 -0.03387451171875 -0.263748168945313
0.054443359375 0.008453369140625 0.377288818359375 -0.3319091796875
0.0402374267578125 0.0215492248535156 0.68939208984375 0.02301025390625
-0.0121965408325195 -0.0131301879882813 0.3912353515625 0.6466064453125
-0.00907516479492187 -0.0570259094238281 -0.1763916015625 0.7967529296875
0.00229072570800781 -0.0119333267211914 -0.292022705078125 0.372955322265625
0.0256404876708984 -0.00530433654785156 0.104461669921875 -0.131446838378906
0.00361156463623047 -0.0126638412475586 0.0206298828125 -0.679443359375
0.0118808746337891 -0.0183448791503906 -0.53271484375 -0.61297607421875
0.0199222564697266 -0.00732421875 -0.67901611328125 0.0764160156250001
0.0205898284912109 -0.00740814208984375 -0.26116943359375 0.46832275390625
0.0274391174316406 -0.00406265258789063 0.10321044921875 0.432281494140625
-0.00119209289550781 -0.00642538070678711 0.265365600585938 0.194839477539063
-0.00981807708740234 -0.00472640991210938 0.27423095703125 -0.046478271484375
0.0121698379516602 -0.00150871276855469 -0.228744506835938 -0.0436248779296875
0.0298404693603516 0.0166130065917969 -0.046783447265625 -0.268341064453125
0.0635528564453125 0.0136146545410156 0.358154296875 -0.34100341796875
0.0461883544921875 0.0128974914550781 0.682373046875 0.001708984375
-0.0152206420898437 -0.0406303405761719 0.41705322265625 0.62725830078125
-0.00223541259765626 -0.104896545410156 -0.140380859375 0.8001708984375
0.0371208190917969 -0.067901611328125 -0.278289794921875 0.3870849609375
0.06524658203125 -0.0579948425292969 0.101669311523438 -0.118949890136719
0.0107650756835938 -0.0672340393066406 0.03680419921875 -0.67205810546875
-0.00584030151367188 -0.0511093139648438 -0.51727294921875 -0.62542724609375
0.00896072387695312 -0.0199317932128906 -0.6890869140625 0.0601806640624999
0.0275135040283203 -0.0127105712890625 -0.285308837890625 0.465606689453125
0.0391654968261719 0.000217437744140625 0.081085205078125 0.432708740234375
0.00010979175567627 0.00185632705688477 0.2537841796875 0.1949462890625
-0.0109672546386719 0.000684738159179686 0.26885986328125 -0.051788330078125
0.0100870132446289 -0.000225067138671875 -0.237213134765625 -0.04412841796875
0.0274391174316406 0.0201950073242188 -0.078948974609375 -0.272781372070312
0.0658493041992188 0.0176811218261719 0.306915283203125 -0.367340087890625
0.0448074340820313 0.00714874267578125 0.6614990234375 -0.06707763671875
-0.0228614807128906 -0.0561714172363281 0.48297119140625 0.56597900390625
-0.00872802734375001 -0.143783569335937 -0.044677734375 0.80035400390625
0.0586090087890625 -0.117828369140625 -0.25201416015625 0.42626953125
0.102493286132813 -0.102241516113281 0.0881729125976563 -0.0820236206054688
0.0236053466796875 -0.111892700195313 0.08526611328125 -0.64617919921875
-0.0197372436523437 -0.0824432373046875 -0.4564208984375 -0.6673583984375
-0.00576210021972656 -0.0310134887695313 -0.70550537109375 -0.00323486328125003
0.0263729095458984 -0.0145969390869141 -0.346435546875 0.4483642578125
0.0463523864746094 0.00371170043945312 0.026702880859375 0.438751220703125
0.00415277481079101 0.00819110870361328 0.230972290039063 0.20440673828125
-0.0101127624511719 0.00271511077880859 0.263351440429688 -0.051116943359375
0.0394783020019531 -0.0184974670410156 -0.247406005859375 -0.00111389160156249
0.0155477523803711 -0.0154132843017578 -0.185302734375 -0.246017456054687
-0.0122222900390625 -0.00982666015625 0.074676513671875 -0.438812255859375
-0.0169181823730469 0.038726806640625 0.495147705078125 -0.348541259765625
-0.0198860168457031 0.0537872314453125 0.66387939453125 0.1986083984375
0.00463485717773438 0.0491867065429688 0.35223388671875 0.6904296875
0.00599670410156251 0.109275817871094 -0.10980224609375 0.5888671875
-0.0329055786132812 0.122947692871094 0.0027313232421875 0.0794448852539063
-0.0154037475585937 0.123748779296875 0.295684814453125 -0.50384521484375
0.0325241088867188 0.0892257690429688 -0.06097412109375 -0.84893798828125
-0.00508880615234375 0.0498275756835938 -0.6513671875 -0.410400390625
-0.0465965270996094 0.0171852111816406 -0.586181640625 0.24365234375
-0.0204582214355469 -0.0186500549316406 -0.20367431640625 0.439788818359375
0.00716018676757812 -0.0290470123291016 0.141586303710938 0.270095825195313
0.0220623016357422 -0.0174407958984375 0.263717651367188 0.0068817138671875
0.0359725952148438 -0.0174942016601562 -0.239013671875 -0.00654602050781254
0.0158452987670898 -0.013096809387207 -0.142547607421875 -0.253463745117188
-0.00615596771240234 -0.00976848602294922 0.161529541015625 -0.42950439453125
-0.00787734985351562 0.0381736755371094 0.57354736328125 -0.2730712890625
-0.0130538940429687 0.0536422729492188 0.63201904296875 0.3172607421875
0.00384140014648438 0.0577163696289062 0.22894287109375 0.74346923828125
-0.0142440795898438 0.122077941894531 -0.17340087890625 0.545867919921875
-0.048492431640625 0.130462646484375 0.0269489288330078 0.0238227844238281
-0.01544189453125 0.130416870117188 0.23406982421875 -0.567138671875
0.039337158203125 0.09002685546875 -0.20782470703125 -0.81854248046875
0.00791549682617187 0.0492668151855469 -0.6954345703125 -0.2811279296875
-0.0346660614013672 0.016357421875 -0.50909423828125 0.3270263671875
-0.0142688751220703 -0.0193328857421875 -0.116241455078125 0.458160400390625
0.00625228881835937 -0.0307083129882813 0.181991577148438 0.261810302734375
0.0167465209960938 -0.0166339874267578 0.27239990234375 0.0018310546875
0.0301456451416016 -0.0152149200439453 -0.231399536132813 -0.01446533203125
0.0181694030761719 -0.00870513916015625 -0.100326538085938 -0.25958251953125
0.0065765380859375 -0.00831508636474609 0.247528076171875 -0.403961181640625
0.00494384765625 0.0364151000976563 0.63629150390625 -0.17840576171875
-0.00983428955078125 0.0479087829589844 0.5679931640625 0.440185546875
-0.00583648681640625 0.0521011352539063 0.08880615234375 0.78033447265625
-0.0328521728515625 0.114776611328125 -0.23040771484375 0.488555908203125
-0.0490951538085937 0.120613098144531 0.0529937744140625 -0.0338325500488281
-0.00925445556640625 0.117111206054688 0.162109375 -0.62164306640625
0.0442276000976563 0.0760726928710938 -0.339599609375 -0.76397705078125
0.0194587707519531 0.0391731262207031 -0.70709228515625 -0.1480712890625
-0.0203495025634766 0.0121688842773438 -0.42071533203125 0.392791748046875
-0.00664997100830078 -0.0169248580932617 -0.0267333984375 0.4635009765625
0.00410079956054688 -0.0292739868164062 0.221298217773438 0.245697021484375
0.00979328155517578 -0.0156984329223633 0.278411865234375 -0.0088958740234375
0.0242938995361328 -0.0112953186035156 -0.225814819335938 -0.0225830078125
0.0227432250976563 -0.00285530090332031 -0.06353759765625 -0.261993408203125
0.0229053497314453 -0.0036163330078125 0.320037841796875 -0.37274169921875
0.0182609558105469 0.0340385437011719 0.6756591796875 -0.08099365234375
-0.0107631683349609 0.0338096618652344 0.491119384765625 0.545989990234375
-0.0145931243896484 0.0303955078125 -0.0447998046874999 0.7994384765625
-0.0401611328125 0.0872268676757813 -0.270782470703125 0.433502197265625
-0.0366592407226563 0.0918121337890625 0.078155517578125 -0.0846176147460938
-0.000610351562499996 0.084686279296875 0.09210205078125 -0.66046142578125
0.0421676635742188 0.048675537109375 -0.445556640625 -0.69744873046875
0.0262165069580078 0.0238800048828125 -0.70062255859375 -0.03424072265625
-0.00469446182250977 0.00647687911987305 -0.337249755859375 0.439239501953125
0.00401973724365234 -0.0138187408447266 0.047576904296875 0.457427978515625
0.00153541564941406 -0.0243911743164063 0.2503662109375 0.226669311523438
0.00247478485107422 -0.0137853622436523 0.281036376953125 -0.0234527587890625
0.0188751220703125 -0.00611114501953125 -0.223312377929688 -0.029388427734375
0.0268669128417969 0.003662109375 -0.0399627685546875 -0.262451171875
0.0397605895996094 0.0019683837890625 0.36474609375 -0.34442138671875
0.0293540954589844 0.0288772583007812 0.69189453125 -0.00518798828125
-0.0113563537597656 0.0121269226074219 0.421142578125 0.6168212890625
-0.0152587890625 -0.00772953033447266 -0.14312744140625 0.80084228515625
-0.0273933410644531 0.0425910949707031 -0.289886474609375 0.39373779296875
-0.009979248046875 0.0475578308105469 0.0957489013671875 -0.118278503417969
0.00292587280273437 0.0393028259277344 0.04107666015625 -0.6787109375
0.0312156677246094 0.0161190032958984 -0.510498046875 -0.641845703125
0.0270118713378906 0.00768852233886719 -0.686279296875 0.0416870117187501
0.00974750518798828 -0.000672340393066406 -0.280059814453125 0.461456298828125
0.0155782699584961 -0.00897121429443359 0.09307861328125 0.4427490234375
-0.00300407409667969 -0.0162296295166016 0.26519775390625 0.206893920898438
-0.00435209274291992 -0.00873470306396484 0.278762817382813 -0.0374603271484375
0.0157833099365234 -0.00493431091308594 -0.224563598632813 -0.0380401611328125
0.0294170379638672 0.0102424621582031 -0.0349884033203125 -0.264144897460938
0.0533447265625 0.008575439453125 0.38104248046875 -0.333099365234375
0.0404891967773438 0.0210838317871094 0.6934814453125 0.02215576171875
-0.0113458633422852 -0.0145978927612305 0.392578125 0.6507568359375
-0.00943374633789062 -0.0565147399902344 -0.1778564453125 0.79864501953125
0.00173568725585937 -0.0113210678100586 -0.29547119140625 0.374664306640625
0.0257320404052734 -0.00489997863769531 0.105110168457031 -0.130996704101563
0.00537872314453125 -0.0135726928710938 0.0225219726562499 -0.68218994140625
0.0126399993896484 -0.0184211730957031 -0.5347900390625 -0.61639404296875
0.0200328826904297 -0.00803565979003906 -0.68182373046875 0.0755004882812501
0.0211505889892578 -0.00743675231933594 -0.262115478515625 0.47021484375
0.0278682708740234 -0.00431251525878906 0.104583740234375 0.43475341796875
-0.00121879577636719 -0.00627231597900391 0.265426635742188 0.196502685546875
-0.00961971282958984 -0.00430870056152344 0.274383544921875 -0.0472869873046875
0.0109109878540039 -0.00164127349853516 -0.229446411132813 -0.043670654296875
0.0304431915283203 0.0160923004150391 -0.0475006103515625 -0.26885986328125
0.0632057189941406 0.0139312744140625 0.360076904296875 -0.34197998046875
0.0448760986328125 0.01239013671875 0.68572998046875 0.00311279296875
-0.01470947265625 -0.0404739379882813 0.4178466796875 0.630859375
-0.00221252441406251 -0.105308532714844 -0.142822265625 0.80352783203125
0.0363349914550781 -0.0673904418945313 -0.280303955078125 0.38848876953125
0.0663375854492188 -0.0572319030761719 0.102928161621094 -0.118064880371094
0.0107994079589844 -0.0669631958007813 0.0383911132812501 -0.67242431640625
-0.00567626953125 -0.0509910583496094 -0.51934814453125 -0.6279296875
0.00906562805175781 -0.0201530456542969 -0.69342041015625 0.05877685546875
0.0281143188476563 -0.0121536254882813 -0.28692626953125 0.4671630859375
0.0390357971191406 6.4849853515625E-05 0.08062744140625 0.433624267578125
0.000560998916625976 0.00236082077026367 0.254898071289063 0.195205688476563
-0.0106849670410156 0.00111198425292969 0.269439697265625 -0.05169677734375
0.0106182098388672 -3.71932983398437E-05 -0.238906860351562 -0.044342041015625
0.027740478515625 0.0204944610595703 -0.0789947509765625 -0.273895263671875
0.0654792785644531 0.0176963806152344 0.309112548828125 -0.37005615234375
0.0468025207519531 0.00742340087890625 0.66534423828125 -0.067626953125
-0.0221900939941406 -0.0555610656738281 0.48455810546875 0.56829833984375
-0.00839233398437501 -0.14422607421875 -0.0465087890624999 0.80438232421875
0.0586929321289063 -0.117942810058594 -0.254669189453125 0.4287109375
0.103736877441406 -0.102012634277344 0.0897750854492188 -0.0815277099609375
0.0243377685546875 -0.114433288574219 0.08636474609375 -0.6478271484375
-0.0182647705078125 -0.0828933715820313 -0.45867919921875 -0.6702880859375
-0.00601577758789063 -0.0308609008789063 -0.70867919921875 -0.00366210937499989
0.0277938842773438 -0.0138130187988281 -0.34942626953125 0.44927978515625
0.0467796325683594 0.00368881225585938 0.027191162109375 0.441162109375
0.00399494171142578 0.00758171081542969 0.23187255859375 0.205673217773438
-0.010004997253418 0.0033111572265625 0.263824462890625 -0.05145263671875
0.0397796630859375 -0.0188102722167969 -0.2481689453125 0.000427246093749993
0.0154714584350586 -0.0152740478515625 -0.18804931640625 -0.247177124023437
-0.0126228332519531 -0.0110616683959961 0.073944091796875 -0.440582275390625
-0.016632080078125 0.0385513305664063 0.498931884765625 -0.349853515625
-0.0190048217773438 0.0544357299804688 0.6673583984375 0.19879150390625
0.00437164306640625 0.0498619079589844 0.35443115234375 0.695068359375
0.005767822265625 0.110488891601562 -0.11065673828125 0.59246826171875
-0.0322341918945312 0.123817443847656 0.00180816650390625 0.0783157348632813
-0.0150299072265625 0.124282836914063 0.298248291015625 -0.506744384765625
0.0336532592773438 0.0899810791015625 -0.060791015625 -0.8565673828125
-0.004364013671875 0.0500907897949219 -0.6539306640625 -0.41162109375
-0.0463790893554687 0.0190200805664063 -0.58905029296875 0.246337890625
-0.0204544067382813 -0.0186901092529297 -0.2052001953125 0.441314697265625
0.00734519958496094 -0.0293140411376953 0.141738891601563 0.272659301757813
0.0223255157470703 -0.0175113677978516 0.265777587890625 0.0056304931640625
0.0355644226074219 -0.0173873901367188 -0.240081787109375 -0.00527954101562498
0.0158662796020508 -0.0141801834106445 -0.144729614257813 -0.255661010742188
-0.00633907318115234 -0.0109481811523438 0.1624755859375 -0.431884765625
-0.00745773315429687 0.0377731323242187 0.57666015625 -0.27337646484375
-0.0134010314941406 0.0542488098144531 0.63427734375 0.31756591796875
0.00272750854492188 0.0578269958496094 0.23046875 0.7486572265625
-0.0146026611328125 0.12335205078125 -0.172454833984375 0.547027587890625
-0.0483474731445312 0.13177490234375 0.0261821746826172 0.0236778259277344
-0.0142974853515625 0.131828308105469 0.23492431640625 -0.5694580078125
0.0399551391601562 0.090606689453125 -0.20654296875 -0.82373046875
0.00848770141601562 0.0498771667480469 -0.6982421875 -0.28106689453125
-0.0343208312988281 0.0172958374023438 -0.512298583984375 0.328033447265625
-0.0151863098144531 -0.0193347930908203 -0.115570068359375 0.45953369140625
0.00708961486816406 -0.0313434600830078 0.184158325195313 0.262741088867188
0.017298698425293 -0.0171222686767578 0.273651123046875 0.000167846679687499
0.0299282073974609 -0.0146808624267578 -0.232864379882813 -0.0123138427734375
0.0184669494628906 -0.00908660888671875 -0.101318359375 -0.260498046875
0.00603389739990234 -0.00873517990112305 0.248077392578125 -0.407470703125
0.00498199462890625 0.0364761352539063 0.64031982421875 -0.17877197265625
-0.0101242065429688 0.0479965209960938 0.571044921875 0.4403076171875
-0.00641250610351563 0.0531578063964844 0.08697509765625 0.7855224609375
-0.0338821411132813 0.11688232421875 -0.232391357421875 0.4915771484375
-0.0494766235351563 0.120758056640625 0.0524101257324219 -0.0332794189453125
-0.00813293457031249 0.118026733398438 0.16400146484375 -0.6248779296875
0.0445022583007813 0.075836181640625 -0.34283447265625 -0.7681884765625
0.0198822021484375 0.0398712158203125 -0.71142578125 -0.149169921875
-0.0201358795166016 0.0127754211425781 -0.421966552734375 0.39605712890625
-0.00601577758789063 -0.0179595947265625 -0.0260009765625 0.4654541015625
0.00439453125 -0.0288562774658203 0.222991943359375 0.24713134765625
0.0101728439331055 -0.0152254104614258 0.280853271484375 -0.0099029541015625
0.0246829986572266 -0.0114002227783203 -0.227828979492188 -0.0217742919921875
0.0220317840576172 -0.00364875793457031 -0.0646820068359375 -0.262924194335937
0.0227775573730469 -0.00383186340332031 0.32073974609375 -0.37542724609375
0.0184650421142578 0.0332775115966797 0.6795654296875 -0.08038330078125
-0.0103931427001953 0.0345668792724609 0.494171142578125 0.54742431640625
-0.0153236389160156 0.0309677124023438 -0.0451049804687499 0.803955078125
-0.0405960083007813 0.0878067016601562 -0.27069091796875 0.43621826171875
-0.0361328125 0.0913314819335938 0.0777664184570313 -0.08453369140625
-0.00129699707031251 0.0857696533203125 0.09307861328125 -0.66375732421875
0.043243408203125 0.04876708984375 -0.44873046875 -0.70098876953125
0.0270061492919922 0.0242633819580078 -0.70330810546875 -0.0350952148437498
-0.00557613372802734 0.00655460357666016 -0.339263916015625 0.4405517578125
0.00359916687011719 -0.0134601593017578 0.047821044921875 0.45880126953125
0.000852584838867186 -0.0241909027099609 0.251571655273438 0.226806640625
0.00170803070068359 -0.0135889053344727 0.282318115234375 -0.02392578125
0.0194416046142578 -0.00670051574707031 -0.224716186523438 -0.0297088623046875
0.0266075134277344 0.00304794311523438 -0.041168212890625 -0.262466430664063
0.0398330688476563 0.00324249267578125 0.365478515625 -0.346466064453125
0.0302963256835937 0.0274753570556641 0.69464111328125 -0.00653076171875
-0.0112161636352539 0.0125026702880859 0.4259033203125 0.62335205078125
-0.0164422988891602 -0.00787162780761719 -0.1463623046875 0.80523681640625
-0.0276718139648437 0.0435295104980469 -0.291473388671875 0.393310546875
-0.0102729797363281 0.0485916137695312 0.0954360961914063 -0.118156433105469
0.002777099609375 0.03936767578125 0.0402832031249999 -0.6837158203125
0.0305347442626953 0.01641845703125 -0.51348876953125 -0.645263671875
0.0259418487548828 0.00780677795410156 -0.69158935546875 0.04180908203125
0.00951290130615234 4.57763671875E-05 -0.28009033203125 0.465484619140625
0.0146007537841797 -0.00872898101806641 0.094268798828125 0.4456787109375
-0.00116920471191406 -0.0152626037597656 0.266860961914063 0.20855712890625
-0.00604534149169922 -0.00894737243652344 0.280975341796875 -0.0377655029296875
0.0155010223388672 -0.00536727905273438 -0.227523803710938 -0.0376129150390625
0.0290718078613281 0.00985527038574219 -0.0347442626953125 -0.264663696289063
0.0536918640136719 0.00838851928710938 0.381683349609375 -0.33447265625
0.0414009094238281 0.0207099914550781 0.6976318359375 0.02410888671875
-0.0126008987426758 -0.0147991180419922 0.3961181640625 0.6551513671875
-0.0105934143066406 -0.0558319091796875 -0.1790771484375 0.80450439453125
0.00151252746582031 -0.0112247467041016 -0.2967529296875 0.376495361328125
0.0257968902587891 -0.00492668151855469 0.104484558105469 -0.131683349609375
0.005615234375 -0.0137453079223633 0.0216674804687499 -0.685791015625
0.012847900390625 -0.0190143585205078 -0.53936767578125 -0.62115478515625
0.02056884765625 -0.0072174072265625 -0.6868896484375 0.0770263671875001
0.0207576751708984 -0.00658607482910156 -0.262847900390625 0.474761962890625
0.0276088714599609 -0.00429916381835938 0.105804443359375 0.436859130859375
-0.0018463134765625 -0.0063629150390625 0.26837158203125 0.197921752929687
-0.010004997253418 -0.00410366058349609 0.277252197265625 -0.048309326171875
0.0118932723999023 -0.00227069854736328 -0.231765747070313 -0.0422515869140625
0.0296840667724609 0.0164966583251953 -0.048492431640625 -0.269577026367188
0.0639610290527344 0.0135765075683594 0.3636474609375 -0.345062255859375
0.0455474853515625 0.0119171142578125 0.6903076171875 0.00262451171875
-0.0153427124023438 -0.0396194458007812 0.4200439453125 0.63702392578125
-0.00281524658203124 -0.10479736328125 -0.14337158203125 0.8079833984375
0.0355758666992187 -0.0671005249023437 -0.28118896484375 0.38909912109375
0.0665245056152344 -0.0580253601074219 0.103561401367188 -0.117874145507813
0.0114250183105469 -0.0675811767578125 0.03778076171875 -0.67669677734375
-0.00526809692382813 -0.0525398254394531 -0.52294921875 -0.63336181640625
0.0084686279296875 -0.0203704833984375 -0.697509765625 0.0601806640624999
0.0276432037353516 -0.0114250183105469 -0.288116455078125 0.470672607421875
0.0394668579101563 0.000156402587890625 0.0830993652343751 0.43670654296875
0.000381946563720703 0.00244855880737305 0.255966186523438 0.196868896484375
-0.0107593536376953 0.000327110290527342 0.270553588867188 -0.052520751953125
0.0113534927368164 0.000220298767089844 -0.241073608398438 -0.04315185546875
0.0277557373046875 0.0206508636474609 -0.0810089111328125 -0.274017333984375
0.0662155151367188 0.0173759460449219 0.310821533203125 -0.3729248046875
0.0472259521484375 0.00613021850585938 0.66961669921875 -0.06842041015625
-0.0234565734863281 -0.0569839477539063 0.48785400390625 0.57183837890625
-0.00866699218750001 -0.144485473632813 -0.04644775390625 0.8111572265625
0.0589447021484375 -0.117385864257812 -0.255706787109375 0.431427001953125
0.104721069335937 -0.10205078125 0.089996337890625 -0.0820770263671875
0.024993896484375 -0.114654541015625 0.088134765625 -0.6512451171875
-0.018096923828125 -0.0839157104492187 -0.460205078125 -0.67657470703125
-0.00647544860839844 -0.0319576263427734 -0.71240234375 -0.00354003906250007
0.0272674560546875 -0.0141239166259766 -0.350616455078125 0.453094482421875
0.0476455688476562 0.0036773681640625 0.027496337890625 0.44329833984375
0.00423479080200195 0.00876617431640625 0.233718872070313 0.206344604492188
-0.0106525421142578 0.00403499603271484 0.265533447265625 -0.0511016845703125
0.0394630432128906 -0.0198593139648438 -0.251678466796875 0.00151062011718753
0.0156469345092773 -0.0161619186401367 -0.190536499023437 -0.2470703125
-0.0134572982788086 -0.0105104446411133 0.073211669921875 -0.443145751953125
-0.0162467956542969 0.0392990112304688 0.501312255859375 -0.352813720703125
-0.0194282531738281 0.0552215576171875 0.6728515625 0.19927978515625
0.00405502319335938 0.0488662719726563 0.35675048828125 0.70086669921875
0.00616455078125 0.110710144042969 -0.1109619140625 0.594970703125
-0.0326690673828125 0.124702453613281 0.00185394287109376 0.0797576904296875
-0.0133590698242188 0.126274108886719 0.29962158203125 -0.509063720703125
0.0351104736328125 0.089385986328125 -0.0634765625000001 -0.86077880859375
-0.00403594970703125 0.0504150390625 -0.6585693359375 -0.4150390625
-0.0472259521484375 0.0187759399414063 -0.59259033203125 0.24993896484375
-0.021148681640625 -0.0187797546386719 -0.205169677734375 0.4459228515625
0.00725555419921875 -0.0297622680664063 0.143630981445313 0.273681640625
0.0218753814697266 -0.0181236267089844 0.266937255859375 0.005462646484375
0.0360450744628906 -0.0181541442871094 -0.242630004882813 -0.00451660156249995
0.0155296325683594 -0.0138158798217773 -0.146774291992188 -0.25518798828125
-0.00606060028076172 -0.0103273391723633 0.162353515625 -0.434234619140625
-0.00696945190429688 0.0384140014648438 0.5811767578125 -0.27740478515625
-0.0122299194335938 0.0552024841308594 0.6405029296875 0.31988525390625
0.00307464599609375 0.0584716796875 0.230712890625 0.75482177734375
-0.014556884765625 0.123069763183594 -0.17437744140625 0.552001953125
-0.0479812622070313 0.132949829101563 0.0270938873291016 0.0240039825439453
-0.0138473510742187 0.133094787597656 0.2353515625 -0.57354736328125
0.04095458984375 0.0913009643554688 -0.21087646484375 -0.82855224609375
0.00907135009765625 0.0500564575195313 -0.70263671875 -0.2838134765625
-0.0346832275390625 0.0175838470458984 -0.516143798828125 0.332550048828125
-0.0149936676025391 -0.0194644927978516 -0.115692138671875 0.4635009765625
0.00586318969726562 -0.0314559936523438 0.185577392578125 0.265579223632813
0.0168094635009766 -0.0173854827880859 0.276031494140625 -0.000442504882812501
0.0301151275634766 -0.0156078338623047 -0.23468017578125 -0.0115203857421875
0.0180549621582031 -0.00928878784179688 -0.103408813476562 -0.261825561523437
0.00599575042724609 -0.00903987884521484 0.249542236328125 -0.4097900390625
0.00538253784179687 0.0365371704101563 0.64569091796875 -0.18109130859375
-0.0103378295898438 0.0497779846191406 0.57733154296875 0.4437255859375
-0.00610733032226563 0.0533180236816406 0.0868530273437501 0.789794921875
-0.0340652465820312 0.117034912109375 -0.23284912109375 0.49603271484375
-0.0479583740234375 0.121925354003906 0.0526695251464844 -0.0332298278808594
-0.007293701171875 0.118515014648438 0.16204833984375 -0.62884521484375
0.0456466674804687 0.0765380859375 -0.34405517578125 -0.77276611328125
0.0195503234863281 0.0397453308105469 -0.717041015625 -0.1488037109375
-0.0205364227294922 0.0136833190917969 -0.424957275390625 0.399078369140625
-0.00651931762695313 -0.0182132720947266 -0.024932861328125 0.468841552734375
0.00480079650878906 -0.0295829772949219 0.224655151367188 0.24884033203125
0.0100555419921875 -0.0166244506835938 0.2828369140625 -0.0115966796875
0.0245895385742188 -0.0121669769287109 -0.229827880859375 -0.0218963623046875
0.0222797393798828 -0.00359153747558594 -0.0662384033203125 -0.26336669921875
0.0220794677734375 -0.00411605834960938 0.323211669921875 -0.379425048828125
0.0188980102539062 0.0333766937255859 0.68511962890625 -0.08489990234375
-0.0107975006103516 0.0348129272460938 0.499603271484375 0.553802490234375
-0.0153160095214844 0.0311317443847656 -0.04559326171875 0.81005859375
-0.041259765625 0.0883712768554688 -0.274383544921875 0.439117431640625
-0.035675048828125 0.0928497314453125 0.0773391723632813 -0.0846328735351562
-0.000534057617187497 0.0858917236328125 0.0919799804687499 -0.66729736328125
0.0442085266113281 0.0478515625 -0.45233154296875 -0.70562744140625
0.0276451110839844 0.0238494873046875 -0.7098388671875 -0.0338134765625001
-0.00498390197753906 0.00695466995239258 -0.340179443359375 0.444793701171875
0.00440406799316406 -0.0140819549560547 0.050994873046875 0.461944580078125
0.00108528137207031 -0.0253829956054688 0.254104614257813 0.2274169921875
0.00181865692138672 -0.0127382278442383 0.284423828125 -0.024200439453125
0.0194854736328125 -0.0077362060546875 -0.226974487304688 -0.0287628173828125
0.0265655517578125 0.00331878662109375 -0.042083740234375 -0.264053344726563
0.0398025512695313 0.00191879272460937 0.3681640625 -0.34967041015625
0.0304145812988281 0.0278511047363281 0.7001953125 -0.00750732421875
-0.0117702484130859 0.0129623413085938 0.42889404296875 0.6265869140625
-0.0166234970092773 -0.00734424591064453 -0.1453857421875 0.810791015625
-0.0288238525390625 0.0442733764648438 -0.29461669921875 0.397430419921875
-0.00886154174804688 0.0479621887207031 0.0959396362304688 -0.119491577148438
0.004791259765625 0.0397758483886719 0.0408935546874999 -0.687255859375
0.0327720642089844 0.0163993835449219 -0.51824951171875 -0.6500244140625
0.0275516510009766 0.00719070434570312 -0.69598388671875 0.0441284179687501
0.0100383758544922 0.000338554382324219 -0.282440185546875 0.467926025390625
0.0153627395629883 -0.00905513763427734 0.0965576171875 0.44744873046875
-0.0010833740234375 -0.0161342620849609 0.268905639648438 0.2081298828125
-0.00514745712280274 -0.00795269012451172 0.28253173828125 -0.03973388671875
0.0152082443237305 -0.00591754913330078 -0.228652954101563 -0.036651611328125
0.0291728973388672 0.0102901458740234 -0.0373077392578125 -0.2662353515625
0.0542411804199219 0.00825119018554687 0.384979248046875 -0.33831787109375
0.0410499572753906 0.0193939208984375 0.70263671875 0.0203857421875
-0.012969970703125 -0.0149641036987305 0.4005126953125 0.66021728515625
-0.0105552673339844 -0.055572509765625 -0.18048095703125 0.8096923828125
0.000773429870605468 -0.0109882354736328 -0.29876708984375 0.37969970703125
0.0264053344726563 -0.00566482543945313 0.104835510253906 -0.131645202636719
0.00671005249023438 -0.0134391784667969 0.02093505859375 -0.68780517578125
0.0128669738769531 -0.0182666778564453 -0.54241943359375 -0.6246337890625
0.0213813781738281 -0.00863075256347656 -0.69158935546875 0.0774536132812501
0.0212345123291016 -0.00708770751953125 -0.263580322265625 0.47833251953125
0.0280075073242188 -0.00398826599121094 0.108184814453125 0.4383544921875
-0.00222444534301758 -0.00697088241577148 0.271026611328125 0.19775390625
-0.00929737091064453 -0.00330829620361328 0.278594970703125 -0.0488739013671875
0.0116548538208008 -0.00183582305908203 -0.233749389648438 -0.04150390625
0.0303821563720703 0.0164852142333984 -0.0491790771484375 -0.270126342773438
0.0637168884277344 0.013946533203125 0.364166259765625 -0.347747802734375
0.0466880798339844 0.0115928649902344 0.69586181640625 6.10351562500007E-05
-0.0153923034667969 -0.0405731201171875 0.42510986328125 0.63983154296875
-0.00383758544921875 -0.105979919433594 -0.14385986328125 0.8140869140625
0.0362968444824219 -0.0668067932128906 -0.284149169921875 0.3936767578125
0.0672874450683594 -0.0589942932128906 0.10345458984375 -0.118789672851563
0.012664794921875 -0.0683250427246094 0.03704833984375 -0.68115234375
-0.00588226318359375 -0.0532875061035156 -0.527587890625 -0.63555908203125
0.0089263916015625 -0.0201549530029297 -0.70220947265625 0.0628051757812499
0.0273780822753906 -0.0119266510009766 -0.288665771484375 0.474609375
0.0389862060546875 0.00067901611328125 0.082550048828125 0.439453125
0.000481247901916504 0.00163030624389648 0.258575439453125 0.197219848632812
-0.0116968154907227 0.00165271759033203 0.272705078125 -0.054534912109375
0.0105705261230469 -0.000111579895019531 -0.24334716796875 -0.0433502197265625
0.0279788970947266 0.0209083557128906 -0.0823974609375 -0.275421142578125
0.0662498474121094 0.0168952941894531 0.312255859375 -0.375640869140625
0.0477981567382813 0.00532913208007813 0.67303466796875 -0.07159423828125
-0.0228614807128906 -0.0578956604003906 0.49169921875 0.57574462890625
-0.00885009765624999 -0.145217895507812 -0.0458984375 0.81671142578125
0.05853271484375 -0.117172241210937 -0.256683349609375 0.435272216796875
0.105995178222656 -0.103897094726563 0.0898513793945312 -0.0810928344726562
0.02587890625 -0.115440368652344 0.0875244140625 -0.65521240234375
-0.0186233520507813 -0.0839385986328125 -0.4654541015625 -0.68115234375
-0.006072998046875 -0.0310745239257813 -0.7193603515625 -0.00274658203125012
0.0275001525878906 -0.0140590667724609 -0.35174560546875 0.45697021484375
0.0475196838378906 0.0042877197265625 0.028656005859375 0.445892333984375
0.00531101226806641 0.00884437561035156 0.235137939453125 0.207748413085938
-0.00949859619140625 0.00452518463134766 0.267410278320313 -0.0534515380859375
0.0404586791992188 -0.0214691162109375 -0.253143310546875 0.00236511230468751
0.0155372619628906 -0.0163888931274414 -0.192474365234375 -0.248550415039063
-0.0138149261474609 -0.0106878280639648 0.072296142578125 -0.44744873046875
-0.0164566040039062 0.0399589538574219 0.506072998046875 -0.355621337890625
-0.0186614990234375 0.0555305480957031 0.677978515625 0.199951171875
0.00388717651367187 0.0507392883300781 0.3626708984375 0.70440673828125
0.00616455078124999 0.111824035644531 -0.1094970703125 0.601318359375
-0.0309677124023437 0.125846862792969 0.002349853515625 0.0805587768554688
-0.0123825073242188 0.1260986328125 0.30047607421875 -0.513702392578125
0.0359573364257812 0.0900726318359375 -0.0642700195312501 -0.86956787109375
-0.00330352783203125 0.050689697265625 -0.66705322265625 -0.41632080078125
-0.046722412109375 0.0204238891601563 -0.59600830078125 0.25396728515625
-0.0210800170898438 -0.0193576812744141 -0.2049560546875 0.449493408203125
0.00677490234375 -0.0301628112792969 0.145782470703125 0.2762451171875
0.0219593048095703 -0.0176448822021484 0.27117919921875 0.00433349609375
0.0367965698242188 -0.0193710327148438 -0.24444580078125 -0.00309753417968751
0.0165338516235352 -0.0146636962890625 -0.14886474609375 -0.257095336914063
-0.00716304779052734 -0.0103778839111328 0.160888671875 -0.437347412109375
-0.00720977783203125 0.0387039184570313 0.583740234375 -0.28179931640625
-0.0125694274902344 0.05548095703125 0.6453857421875 0.32000732421875
0.001800537109375 0.0580368041992187 0.23583984375 0.75726318359375
-0.0142593383789063 0.124420166015625 -0.175079345703125 0.55615234375
-0.0467529296875 0.133964538574219 0.0268955230712891 0.0241222381591797
-0.0128021240234375 0.133705139160156 0.23565673828125 -0.577880859375
0.0429229736328125 0.0915374755859375 -0.2152099609375 -0.83502197265625
0.00905609130859375 0.0511054992675781 -0.70916748046875 -0.28253173828125
-0.0358161926269531 0.0188713073730469 -0.518890380859375 0.33721923828125
-0.0156116485595703 -0.0192203521728516 -0.115081787109375 0.468505859375
0.00611686706542968 -0.0323905944824219 0.188522338867188 0.266952514648438
0.0170936584472656 -0.0177288055419922 0.279022216796875 -0.0023956298828125
0.0296897888183594 -0.0164947509765625 -0.236434936523438 -0.0106658935546875
0.01837158203125 -0.0102806091308594 -0.1060791015625 -0.262588500976563
0.00535917282104492 -0.00860977172851563 0.248626708984375 -0.414764404296875
0.00565338134765625 0.0373764038085938 0.6492919921875 -0.18572998046875
-0.0102005004882812 0.0489158630371094 0.5828857421875 0.4459228515625
-0.00717544555664062 0.0539512634277344 0.09100341796875 0.797119140625
-0.0348281860351563 0.117950439453125 -0.234619140625 0.499847412109375
-0.0488357543945312 0.123443603515625 0.0528564453125 -0.0329742431640625
-0.00610351562499999 0.119308471679688 0.1624755859375 -0.63372802734375
0.0469436645507813 0.07574462890625 -0.34979248046875 -0.77880859375
0.0204658508300781 0.0406455993652344 -0.7235107421875 -0.1490478515625
-0.0213413238525391 0.0145092010498047 -0.424957275390625 0.405670166015625
-0.0068359375 -0.0179576873779297 -0.024871826171875 0.472686767578125
0.00431060791015625 -0.0304031372070313 0.227676391601563 0.249298095703125
0.0105152130126953 -0.0155344009399414 0.28521728515625 -0.01300048828125
0.0241127014160156 -0.0119514465332031 -0.2314453125 -0.0198822021484375
0.0225124359130859 -0.0047454833984375 -0.0689697265625 -0.264892578125
0.0221614837646484 -0.00467300415039063 0.32415771484375 -0.3831787109375
0.0197200775146484 0.0335941314697266 0.68988037109375 -0.0863037109375
-0.0105476379394531 0.0356483459472656 0.506103515625 0.55682373046875
-0.0159511566162109 0.0311050415039063 -0.0443115234375 0.8153076171875
-0.04193115234375 0.089813232421875 -0.27392578125 0.443756103515625
-0.03558349609375 0.093536376953125 0.0771636962890625 -0.0846633911132813
0.00125885009765626 0.08685302734375 0.0902099609375 -0.673583984375
0.0454216003417969 0.0493354797363281 -0.45794677734375 -0.70953369140625
0.0277729034423828 0.0246639251708984 -0.7164306640625 -0.0335693359374998
-0.00603914260864258 0.00679540634155274 -0.3408203125 0.44964599609375
0.00340461730957031 -0.014251708984375 0.051910400390625 0.46636962890625
0.000867843627929688 -0.0252456665039063 0.256805419921875 0.228424072265625
0.00156307220458984 -0.0123996734619141 0.2861328125 -0.02667236328125
0.0197200775146484 -0.00787353515625 -0.227523803710938 -0.0274505615234375
0.0274715423583984 0.00277519226074219 -0.045013427734375 -0.264144897460937
0.03973388671875 0.00188827514648438 0.370697021484375 -0.35394287109375
0.0313091278076172 0.0272502899169922 0.70697021484375 -0.0113525390625
-0.011199951171875 0.0126533508300781 0.43414306640625 0.63262939453125
-0.0177574157714844 -0.00675392150878906 -0.144775390625 0.818359375
-0.0290451049804688 0.0453910827636719 -0.294708251953125 0.400726318359375
-0.00945281982421876 0.0480842590332031 0.096649169921875 -0.118820190429687
0.0064544677734375 0.040008544921875 0.03802490234375 -0.6910400390625
0.0324726104736328 0.0161399841308594 -0.5255126953125 -0.65478515625
0.0275096893310547 0.00665664672851562 -0.70220947265625 0.0454711914062501
0.0097503662109375 0.000138282775878906 -0.28240966796875 0.47467041015625
0.0149669647216797 -0.00858688354492188 0.09814453125 0.451995849609375
-0.00136280059814453 -0.0154285430908203 0.2725830078125 0.20977783203125
-0.00411128997802735 -0.007354736328125 0.28558349609375 -0.041259765625
0.0148963928222656 -0.00487518310546875 -0.230545043945312 -0.0351715087890625
0.0294647216796875 0.0100364685058594 -0.0383758544921875 -0.267913818359375
0.0542716979980469 0.007568359375 0.387542724609375 -0.342193603515625
0.0421028137207031 0.0196876525878906 0.70733642578125 0.01959228515625
-0.0124130249023437 -0.015655517578125 0.40655517578125 0.66436767578125
-0.0117683410644531 -0.0557975769042969 -0.18157958984375 0.8175048828125
0.00157737731933594 -0.0100221633911133 -0.300323486328125 0.38446044921875
0.0261192321777344 -0.00587272644042969 0.103889465332031 -0.132980346679688
0.00676536560058594 -0.0143537521362305 0.0196533203124999 -0.69415283203125
0.0138473510742188 -0.0190086364746094 -0.54901123046875 -0.629150390625
0.0209598541259766 -0.00758743286132812 -0.69732666015625 0.08111572265625
0.0214138031005859 -0.00570869445800781 -0.26214599609375 0.48321533203125
0.0280399322509766 -0.00396347045898438 0.111175537109375 0.4422607421875
-0.00161027908325195 -0.00644063949584961 0.272994995117188 0.199996948242187
-0.00853300094604492 -0.00286149978637695 0.280914306640625 -0.0504608154296875
0.0132484436035156 -0.00214672088623047 -0.236373901367188 -0.039886474609375
0.0301570892333984 0.0166358947753906 -0.051727294921875 -0.271011352539062
0.0648994445800781 0.0135459899902344 0.36785888671875 -0.351348876953125
0.0471649169921875 0.0112075805664062 0.701416015625 -0.00286865234375
-0.0161323547363281 -0.0409355163574219 0.429931640625 0.64556884765625
-0.00476837158203126 -0.105735778808594 -0.1439208984375 0.82098388671875
0.0366897583007813 -0.0664634704589844 -0.2840576171875 0.397125244140625
0.0682106018066406 -0.0600471496582031 0.104072570800781 -0.117645263671875
0.0128593444824219 -0.0679817199707031 0.0364379882812499 -0.6851806640625
-0.00528335571289063 -0.0527763366699219 -0.53466796875 -0.63897705078125
0.00959968566894531 -0.0206584930419922 -0.708251953125 0.0639648437499999
0.0274658203125 -0.0119419097900391 -0.288848876953125 0.4805908203125
0.0399589538574219 0.000202178955078125 0.085296630859375 0.442291259765625
0.000521183013916016 0.00241708755493164 0.26202392578125 0.197769165039063
-0.0104923248291016 0.00169849395751953 0.274765014648438 -0.056610107421875
0.0116186141967773 -5.53131103515625E-05 -0.244659423828125 -0.0411834716796875
0.0279197692871094 0.0213871002197266 -0.084075927734375 -0.2757568359375
0.0676765441894531 0.0168190002441406 0.313262939453125 -0.379638671875
0.0478057861328125 0.00477218627929687 0.6778564453125 -0.07440185546875
-0.0232162475585937 -0.0569953918457031 0.49749755859375 0.5802001953125
-0.0106201171875 -0.145416259765625 -0.04595947265625 0.82281494140625
0.0592269897460938 -0.118148803710938 -0.258758544921875 0.438079833984375
0.106369018554687 -0.104248046875 0.0916824340820312 -0.081085205078125
0.025634765625 -0.116241455078125 0.0863037109375 -0.65997314453125
-0.0179824829101562 -0.0850677490234375 -0.47149658203125 -0.68365478515625
-0.00690460205078125 -0.0321884155273438 -0.724365234375 -0.00177001953124989
0.0274734497070313 -0.0135250091552734 -0.352294921875 0.462310791015625
0.0482368469238281 0.00321197509765625 0.030975341796875 0.44915771484375
0.00461626052856445 0.00852441787719727 0.238021850585938 0.208648681640625
-0.0100336074829102 0.00435066223144531 0.268112182617188 -0.054962158203125
0.0396614074707031 -0.0210189819335938 -0.255050659179687 0.0045928955078125
0.015711784362793 -0.0169763565063477 -0.196273803710938 -0.248580932617187
-0.0139846801757812 -0.0111150741577148 0.07012939453125 -0.4495849609375
-0.01611328125 0.0397415161132813 0.507659912109375 -0.363006591796875
-0.0182685852050781 0.0572586059570313 0.6864013671875 0.1998291015625
0.00374221801757813 0.0515480041503906 0.36578369140625 0.708740234375
0.00702667236328126 0.112464904785156 -0.10760498046875 0.60791015625
-0.03173828125 0.126800537109375 0.0024871826171875 0.081878662109375
-0.0118484497070312 0.128448486328125 0.299774169921875 -0.5191650390625
0.0368728637695313 0.089996337890625 -0.06890869140625 -0.8740234375
-0.00308990478515625 0.0513343811035156 -0.67291259765625 -0.41607666015625
-0.0474586486816406 0.0209236145019531 -0.59906005859375 0.26031494140625
-0.0215377807617188 -0.0192546844482422 -0.20220947265625 0.454010009765625
0.00719451904296875 -0.0310020446777344 0.149520874023438 0.27685546875
0.0219993591308594 -0.0180606842041016 0.272842407226563 0.00164794921875
0.0364303588867188 -0.0196876525878906 -0.247268676757813 -0.00109863281250003
0.0162057876586914 -0.0150833129882813 -0.152206420898438 -0.256988525390625
-0.00760746002197266 -0.0103540420532227 0.15948486328125 -0.442779541015625
-0.0062255859375 0.0389175415039063 0.58892822265625 -0.2874755859375
-0.0116958618164062 0.0564460754394531 0.65399169921875 0.32061767578125
0.00233459472656249 0.058502197265625 0.24072265625 0.7640380859375
-0.0136260986328125 0.126060485839844 -0.17315673828125 0.56243896484375
-0.0465011596679688 0.134857177734375 0.0267105102539062 0.0247993469238281
-0.0109024047851563 0.135185241699219 0.23382568359375 -0.583740234375
0.0437393188476563 0.0919876098632812 -0.2215576171875 -0.84088134765625
0.00938034057617188 0.0515518188476563 -0.71746826171875 -0.28179931640625
-0.0362777709960938 0.0193901062011719 -0.5203857421875 0.34326171875
-0.0157146453857422 -0.0197982788085938 -0.112152099609375 0.47113037109375
0.006317138671875 -0.0318660736083984 0.192184448242188 0.26776123046875
0.0175933837890625 -0.0174064636230469 0.280609130859375 -0.004425048828125
0.0311164855957031 -0.0169849395751953 -0.238662719726563 -0.00912475585937499
0.0182609558105469 -0.010498046875 -0.1082763671875 -0.26287841796875
0.00522947311401367 -0.00877189636230469 0.249481201171875 -0.418487548828125
0.00638580322265625 0.0366134643554688 0.65460205078125 -0.1904296875
-0.00921249389648438 0.0497817993164062 0.590576171875 0.4478759765625
-0.00684738159179688 0.0545082092285156 0.0933837890625 0.80364990234375
-0.0344390869140625 0.119598388671875 -0.232818603515625 0.504913330078125
-0.0483245849609375 0.123626708984375 0.0526695251464844 -0.0330276489257812
-0.00508880615234376 0.121620178222656 0.16119384765625 -0.6390380859375
0.0490264892578125 0.0762786865234375 -0.35614013671875 -0.78387451171875
0.0215492248535156 0.040924072265625 -0.73095703125 -0.146728515625
-0.0204944610595703 0.0147933959960937 -0.42706298828125 0.411590576171875
-0.00774574279785156 -0.0180702209472656 -0.02142333984375 0.47686767578125
0.00452804565429688 -0.0310897827148438 0.2315673828125 0.249801635742188
0.00993061065673828 -0.016082763671875 0.287506103515625 -0.01483154296875
0.0244865417480469 -0.0130844116210938 -0.234115600585938 -0.01812744140625
0.0215167999267578 -0.00480842590332031 -0.07122802734375 -0.266464233398438
0.0214595794677734 -0.00448036193847656 0.324981689453125 -0.387725830078125
0.0198211669921875 0.0327701568603516 0.69610595703125 -0.09014892578125
-0.0102462768554688 0.0355644226074219 0.511444091796875 0.55914306640625
-0.0166435241699219 0.0322723388671875 -0.04180908203125 0.82354736328125
-0.0422515869140625 0.0907211303710938 -0.274627685546875 0.4495849609375
-0.0348129272460937 0.0942840576171875 0.0775604248046875 -0.0848464965820313
0.00223541259765624 0.0877227783203125 0.08740234375 -0.677490234375
0.0466156005859375 0.0492477416992188 -0.4659423828125 -0.7137451171875
0.0283164978027344 0.0244789123535156 -0.7220458984375 -0.0292968750000001
-0.00491762161254883 0.00808382034301758 -0.341644287109375 0.45513916015625
0.00319957733154297 -0.0144023895263672 0.05517578125 0.46759033203125
0.00139045715332031 -0.0253467559814453 0.26129150390625 0.230194091796875
0.00112342834472656 -0.013087272644043 0.289276123046875 -0.028717041015625
0.0191249847412109 -0.00806617736816406 -0.23138427734375 -0.0261383056640625
0.0271663665771484 0.00244903564453125 -0.04669189453125 -0.266036987304688
0.0399436950683594 0.00174331665039063 0.371124267578125 -0.359710693359375
0.0319747924804688 0.02740478515625 0.7115478515625 -0.0145263671875
-0.0113391876220703 0.0119733810424805 0.4417724609375 0.63427734375
-0.0178871154785156 -0.00627517700195313 -0.14251708984375 0.8275146484375
-0.0300712585449219 0.0463371276855469 -0.296844482421875 0.40618896484375
-0.0086517333984375 0.0495872497558594 0.09613037109375 -0.118560791015625
0.00564193725585938 0.0402450561523438 0.03643798828125 -0.6988525390625
0.0342674255371094 0.0155506134033203 -0.53173828125 -0.65924072265625
0.0286083221435547 0.00667572021484375 -0.70703125 0.0497436523437499
0.0104398727416992 0.000460624694824219 -0.282135009765625 0.480072021484375
0.0151081085205078 -0.00934314727783203 0.102691650390625 0.45428466796875
-0.00102138519287109 -0.0158491134643555 0.276763916015625 0.20965576171875
-0.0056767463684082 -0.00725698471069336 0.287445068359375 -0.043731689453125
0.0157136917114258 -0.00592422485351563 -0.2333984375 -0.0338592529296875
0.0288734436035156 0.0103664398193359 -0.03985595703125 -0.268661499023438
0.0545425415039063 0.00786972045898438 0.388153076171875 -0.346527099609375
0.0421562194824219 0.0185890197753906 0.7144775390625 0.01507568359375
-0.0130596160888672 -0.0155029296875 0.4130859375 0.6688232421875
-0.0119247436523437 -0.0547332763671875 -0.1793212890625 0.8248291015625
0.00070953369140625 -0.00960159301757812 -0.30108642578125 0.38836669921875
0.0265369415283203 -0.00547027587890625 0.104812622070313 -0.133209228515625
0.00752925872802734 -0.0144252777099609 0.01702880859375 -0.7000732421875
0.0135574340820313 -0.019317626953125 -0.5592041015625 -0.63189697265625
0.0225181579589844 -0.0079803466796875 -0.7021484375 0.0857543945312498
0.0213794708251953 -0.00643539428710938 -0.26202392578125 0.4893798828125
0.0283203125 -0.00457763671875 0.11297607421875 0.445037841796875
-0.00164651870727539 -0.00644588470458984 0.277999877929688 0.19915771484375
-0.00888633728027344 -0.00300216674804688 0.2833251953125 -0.0538330078125
0.0121498107910156 -0.001922607421875 -0.23876953125 -0.0389556884765625
0.029815673828125 0.0161628723144531 -0.0536956787109375 -0.272384643554688
0.0643424987792969 0.0130538940429688 0.369659423828125 -0.356658935546875
0.0477447509765625 0.010162353515625 0.7076416015625 -0.0059814453125
-0.0164070129394531 -0.0418510437011719 0.4368896484375 0.64947509765625
-0.0055999755859375 -0.105400085449219 -0.141357421875 0.82891845703125
0.0359649658203125 -0.0668601989746094 -0.286376953125 0.40167236328125
0.0687599182128906 -0.0603485107421875 0.103515625 -0.120246887207031
0.0131683349609375 -0.070068359375 0.0332031249999999 -0.6922607421875
-0.00551986694335937 -0.0536613464355469 -0.54278564453125 -0.6441650390625
0.00933074951171875 -0.0213737487792969 -0.71319580078125 0.0687255859375001
0.028533935546875 -0.0114097595214844 -0.290985107421875 0.48663330078125
0.0400047302246094 -0.000446319580078125 0.089874267578125 0.445220947265625
0.00032496452331543 0.00276756286621094 0.265762329101563 0.198623657226563
-0.0109405517578125 0.00223159790039063 0.277725219726563 -0.05889892578125
0.0113525390625 -0.000519752502441406 -0.248306274414063 -0.039794921875
0.0280055999755859 0.0216178894042969 -0.0867919921875 -0.277481079101563
0.0677528381347656 0.0155563354492188 0.31475830078125 -0.384674072265625
0.04876708984375 0.00362396240234375 0.683837890625 -0.07965087890625
-0.024322509765625 -0.0585708618164062 0.50457763671875 0.5836181640625
-0.0106048583984375 -0.146148681640625 -0.0429077148437501 0.83135986328125
0.0593185424804687 -0.118270874023438 -0.258148193359375 0.443115234375
0.10723876953125 -0.10589599609375 0.0912551879882813 -0.0818939208984375
0.02606201171875 -0.11859130859375 0.0832519531250001 -0.66552734375
-0.0188980102539062 -0.0856246948242188 -0.478759765625 -0.6885986328125
-0.0054473876953125 -0.0321426391601563 -0.730224609375 0.00335693359375
0.0283260345458984 -0.0141315460205078 -0.35321044921875 0.467498779296875
0.0487174987792969 0.00310134887695312 0.033416748046875 0.45172119140625
0.0049748420715332 0.00854110717773438 0.241897583007813 0.208755493164062
-0.0099945068359375 0.00543785095214844 0.271102905273438 -0.057708740234375
0.0405120849609375 -0.0215950012207031 -0.257720947265625 0.0069580078125
0.0153093338012695 -0.0172195434570313 -0.200714111328125 -0.248703002929687
-0.0149116516113281 -0.0108041763305664 0.067352294921875 -0.453582763671875
-0.0161018371582031 0.0403022766113281 0.509796142578125 -0.36865234375
-0.0189323425292969 0.0590782165527344 0.69451904296875 0.1959228515625
0.0041656494140625 0.0516395568847656 0.37481689453125 0.712158203125
0.00732421875000001 0.113563537597656 -0.10467529296875 0.61224365234375
-0.02960205078125 0.127670288085938 0.00218200683593749 0.0826263427734375
-0.0101089477539062 0.129043579101563 0.298187255859375 -0.524932861328125
0.0387039184570312 0.0910873413085938 -0.07476806640625 -0.8828125
-0.00201797485351563 0.0523452758789063 -0.6817626953125 -0.41632080078125
-0.0476303100585938 0.0218620300292969 -0.6026611328125 0.26617431640625
-0.0233707427978516 -0.0197257995605469 -0.200958251953125 0.45892333984375
0.00722503662109375 -0.0317935943603516 0.151626586914063 0.277969360351563
0.0215053558349609 -0.0191631317138672 0.275482177734375 -0.000793457031250001
0.0356178283691406 -0.0206375122070312 -0.248825073242188 0.0015716552734375
0.0157070159912109 -0.0147285461425781 -0.156906127929688 -0.257827758789062
-0.00820541381835938 -0.0106573104858398 0.158782958984375 -0.445281982421875
-0.00592041015625 0.0391082763671875 0.59136962890625 -0.29290771484375
-0.0108718872070313 0.0568733215332031 0.66162109375 0.318603515625
0.00275802612304687 0.0605583190917969 0.24713134765625 0.770263671875
-0.0129928588867188 0.127090454101562 -0.17156982421875 0.56744384765625
-0.0454635620117187 0.136680603027344 0.0260658264160156 0.0251693725585938
-0.0100479125976563 0.136253356933594 0.23370361328125 -0.5889892578125
0.0459213256835937 0.0917587280273438 -0.22650146484375 -0.84686279296875
0.0104293823242188 0.0522918701171875 -0.7255859375 -0.28009033203125
-0.0361518859863281 0.0201988220214844 -0.521453857421875 0.350860595703125
-0.0172595977783203 -0.0197467803955078 -0.1094970703125 0.475860595703125
0.00613784790039063 -0.0331478118896484 0.196182250976563 0.2677001953125
0.0170879364013672 -0.0173978805541992 0.28399658203125 -0.007080078125
0.0307884216308594 -0.0171298980712891 -0.242050170898438 -0.00721740722656246
0.0181961059570313 -0.0114059448242188 -0.111663818359375 -0.264358520507813
0.00487899780273438 -0.00932216644287109 0.248046875 -0.42413330078125
0.00623321533203125 0.0367927551269531 0.6585693359375 -0.196044921875
-0.00844573974609375 0.0508384704589844 0.59954833984375 0.4490966796875
-0.00651931762695312 0.0551872253417969 0.099365234375 0.81085205078125
-0.0338897705078125 0.120872497558594 -0.231719970703125 0.51104736328125
-0.0475311279296875 0.124824523925781 0.052154541015625 -0.0331192016601562
-0.00398254394531249 0.122779846191406 0.158447265625 -0.64520263671875
0.0499191284179688 0.0772171020507813 -0.36639404296875 -0.7894287109375
0.0220756530761719 0.041259765625 -0.737060546875 -0.1434326171875
-0.0211811065673828 0.0162906646728516 -0.428253173828125 0.418060302734375
-0.00827598571777344 -0.018951416015625 -0.0174560546875 0.480438232421875
0.00350379943847656 -0.0315036773681641 0.236038208007813 0.250473022460938
0.0100946426391602 -0.0159816741943359 0.2901611328125 -0.018035888671875
0.0249900817871094 -0.0141429901123047 -0.23663330078125 -0.0164947509765625
0.0219802856445313 -0.00508689880371094 -0.074615478515625 -0.267547607421875
0.0219478607177734 -0.00459480285644531 0.324310302734375 -0.3931884765625
0.0203742980957031 0.0331573486328125 0.7017822265625 -0.09619140625
-0.0100021362304688 0.0364456176757813 0.518768310546875 0.5609130859375
-0.0170936584472656 0.0332813262939453 -0.037841796875 0.83184814453125
-0.0420303344726562 0.0928878784179688 -0.274169921875 0.454864501953125
-0.0347366333007813 0.095184326171875 0.0774307250976563 -0.0854339599609375
0.00354003906249999 0.0884246826171875 0.0852661132812501 -0.683837890625
0.0473861694335938 0.049072265625 -0.475830078125 -0.7196044921875
0.0295219421386719 0.0252189636230469 -0.72900390625 -0.0252075195312499
-0.00477123260498047 0.0088653564453125 -0.340728759765625 0.464202880859375
0.00249290466308594 -0.0146865844726563 0.06072998046875 0.4727783203125
0.000329971313476561 -0.0264644622802734 0.265899658203125 0.229110717773437
0.00234699249267578 -0.0127477645874023 0.2916259765625 -0.03204345703125
0.0194644927978516 -0.00848770141601563 -0.233779907226562 -0.0232086181640625
0.0269737243652344 0.00217056274414063 -0.0492401123046875 -0.267074584960938
0.0390739440917969 -7.62939453125E-06 0.37225341796875 -0.364959716796875
0.031646728515625 0.0269508361816406 0.71990966796875 -0.01934814453125
-0.0119342803955078 0.0128231048583984 0.44927978515625 0.6383056640625
-0.0189609527587891 -0.00619125366210938 -0.13916015625 0.8338623046875
-0.0289878845214844 0.0475540161132812 -0.29730224609375 0.411712646484375
-0.00798797607421874 0.0493202209472656 0.0959396362304688 -0.121719360351562
0.00658798217773438 0.0406761169433594 0.03192138671875 -0.704345703125
0.0346488952636719 0.0147323608398438 -0.5423583984375 -0.66107177734375
0.0284862518310547 0.00677680969238281 -0.7137451171875 0.0554199218750001
0.0105829238891602 0.000928878784179687 -0.28045654296875 0.487091064453125
0.0149927139282227 -0.00919723510742188 0.10699462890625 0.4561767578125
-0.00155830383300781 -0.0169448852539063 0.281524658203125 0.20916748046875
-0.00525283813476563 -0.00679159164428711 0.288421630859375 -0.04693603515625
0.0156755447387695 -0.00548839569091797 -0.236114501953125 -0.03125
0.0296745300292969 0.0108718872070312 -0.0431671142578125 -0.270309448242188
0.05462646484375 0.00678253173828125 0.390655517578125 -0.353851318359375
0.0425910949707031 0.0183372497558594 0.72113037109375 0.010009765625
-0.0130472183227539 -0.0154619216918945 0.42034912109375 0.67138671875
-0.012847900390625 -0.0553207397460937 -0.17657470703125 0.83343505859375
0.000700473785400391 -0.00878572463989258 -0.301971435546875 0.393798828125
0.0277233123779297 -0.00627326965332031 0.104148864746094 -0.134674072265625
0.0080108642578125 -0.0154457092285156 0.0119018554687501 -0.70458984375
0.0140953063964844 -0.0199108123779297 -0.56732177734375 -0.63372802734375
0.0224113464355469 -0.0085296630859375 -0.70892333984375 0.09149169921875
0.0216102600097656 -0.006683349609375 -0.262176513671875 0.495635986328125
0.0283527374267578 -0.00512504577636719 0.11767578125 0.447998046875
-0.00224685668945312 -0.00656461715698242 0.28277587890625 0.198577880859375
-0.00879764556884766 -0.00245189666748047 0.285064697265625 -0.055816650390625
0.0136756896972656 -0.00288963317871094 -0.241043090820313 -0.0362091064453125
0.0308551788330078 0.0170841217041016 -0.05731201171875 -0.275161743164063
0.0650558471679688 0.0129241943359375 0.36993408203125 -0.361419677734375
0.0475692749023438 0.00936508178710938 0.7135009765625 -0.0123291015625
-0.0166435241699219 -0.0416221618652344 0.4464111328125 0.65106201171875
-0.006195068359375 -0.105880737304688 -0.13922119140625 0.8365478515625
0.0354499816894531 -0.0670013427734375 -0.286712646484375 0.40728759765625
0.0694808959960938 -0.0609016418457031 0.104354858398438 -0.120094299316406
0.0127105712890625 -0.0716552734375 0.02911376953125 -0.69598388671875
-0.00494384765625 -0.0541763305664063 -0.55126953125 -0.645263671875
0.009307861328125 -0.0215911865234375 -0.720947265625 0.0745849609375001
0.0291824340820312 -0.0119266510009766 -0.288177490234375 0.4937744140625
0.0404129028320312 -0.0007476806640625 0.094818115234375 0.447784423828125
0.00143814086914063 0.00253438949584961 0.270828247070313 0.19842529296875
-0.0111522674560547 0.00256252288818359 0.279342651367188 -0.061614990234375
0.0117053985595703 9.1552734375E-05 -0.251663208007812 -0.038177490234375
0.0283756256103516 0.0214748382568359 -0.089813232421875 -0.27813720703125
0.0686759948730469 0.0152168273925781 0.315460205078125 -0.39044189453125
0.0484580993652344 0.00336456298828125 0.68988037109375 -0.08489990234375
-0.0252914428710938 -0.0592308044433594 0.514404296875 0.585205078125
-0.0121307373046875 -0.146804809570313 -0.0381469726562501 0.83984375
0.05859375 -0.118972778320313 -0.258209228515625 0.448150634765625
0.108055114746094 -0.107307434082031 0.0908660888671875 -0.0830001831054688
0.02557373046875 -0.120529174804687 0.079833984375 -0.6719970703125
-0.0192184448242188 -0.0871734619140625 -0.4869384765625 -0.690185546875
-0.00595283508300781 -0.0320644378662109 -0.7381591796875 0.00756835937499986
0.0285587310791016 -0.0147380828857422 -0.353485107421875 0.475128173828125
0.0491065979003906 0.00316619873046875 0.03753662109375 0.45623779296875
0.00519609451293945 0.00855207443237305 0.245651245117188 0.209487915039063
-0.0102729797363281 0.00526046752929688 0.272140502929688 -0.0596160888671875
0.04083251953125 -0.023101806640625 -0.260009765625 0.010589599609375
0.0160026550292969 -0.0180702209472656 -0.206832885742188 -0.2476806640625
-0.0145988464355469 -0.0104665756225586 0.063690185546875 -0.4564208984375
-0.0152511596679688 0.0402870178222656 0.51104736328125 -0.37652587890625
-0.0175209045410156 0.0586280822753906 0.70281982421875 0.19189453125
0.00373458862304688 0.0515823364257813 0.38494873046875 0.715576171875
0.00806427001953124 0.114334106445312 -0.1005859375 0.61944580078125
-0.0281906127929688 0.128883361816406 0.00259399414062499 0.0835342407226563
-0.00852203369140624 0.129798889160156 0.29705810546875 -0.530181884765625
0.0402603149414062 0.0908966064453125 -0.0853271484374999 -0.89154052734375
-0.00146484375 0.0537986755371094 -0.68994140625 -0.4151611328125
-0.0484733581542969 0.023193359375 -0.604248046875 0.2744140625
-0.0230045318603516 -0.0200939178466797 -0.197845458984375 0.46490478515625
0.00635910034179687 -0.0323524475097656 0.156234741210938 0.279403686523438
0.0222110748291016 -0.0189533233642578 0.2774658203125 -0.003143310546875
0.0365409851074219 -0.0216522216796875 -0.25146484375 0.00477600097656251
0.0155868530273438 -0.0160760879516602 -0.1611328125 -0.257400512695312
-0.00866317749023438 -0.0108470916748047 0.155364990234375 -0.45159912109375
-0.00506210327148438 0.0382537841796875 0.59478759765625 -0.30194091796875
-0.0106773376464844 0.0581436157226562 0.67144775390625 0.316650390625
0.00284194946289062 0.0611076354980469 0.25408935546875 0.77459716796875
-0.012664794921875 0.128639221191406 -0.16839599609375 0.57501220703125
-0.0444717407226563 0.138008117675781 0.0265007019042969 0.0256862640380859
-0.00837707519531249 0.138153076171875 0.22918701171875 -0.5955810546875
0.0469970703125 0.0922927856445313 -0.236572265625 -0.85443115234375
0.0112419128417969 0.051971435546875 -0.73388671875 -0.2764892578125
-0.0358238220214844 0.0227241516113281 -0.523529052734375 0.3590087890625
-0.0172996520996094 -0.0203819274902344 -0.105926513671875 0.481689453125
0.00542640686035156 -0.0338954925537109 0.2000732421875 0.269149780273438
0.0174236297607422 -0.0177516937255859 0.286285400390625 -0.00994873046875
0.0308189392089844 -0.0179214477539063 -0.244293212890625 -0.00308227539062501
0.0178318023681641 -0.0120010375976563 -0.116653442382813 -0.264846801757813
0.00445175170898437 -0.00947761535644531 0.246002197265625 -0.429779052734375
0.00701904296875 0.0369415283203125 0.6640625 -0.203857421875
-0.00872421264648438 0.0513076782226563 0.60748291015625 0.44732666015625
-0.00775909423828125 0.0562515258789062 0.107421875 0.81634521484375
-0.0338821411132812 0.12249755859375 -0.231048583984375 0.51702880859375
-0.0468292236328125 0.12628173828125 0.0528297424316406 -0.033905029296875
-0.0021514892578125 0.123153686523438 0.15478515625 -0.65142822265625
0.0514297485351563 0.076202392578125 -0.37603759765625 -0.7930908203125
0.0231361389160156 0.0414848327636719 -0.74542236328125 -0.13671875
-0.0211334228515625 0.01593017578125 -0.427642822265625 0.42706298828125
-0.00788688659667969 -0.0185470581054688 -0.01153564453125 0.48419189453125
0.0038604736328125 -0.0321903228759766 0.240829467773438 0.250701904296875
0.00984573364257812 -0.016139030456543 0.292816162109375 -0.0205078125
0.0236911773681641 -0.0146961212158203 -0.237869262695313 -0.0130615234375
0.02197265625 -0.00629806518554688 -0.0782928466796875 -0.26800537109375
0.0220165252685547 -0.00540924072265625 0.323638916015625 -0.398345947265625
0.0206737518310547 0.0331764221191406 0.70819091796875 -0.1053466796875
-0.00993728637695313 0.0367507934570313 0.529541015625 0.5633544921875
-0.0171737670898437 0.0339946746826172 -0.0309448242187499 0.83935546875
-0.0410079956054688 0.0933456420898438 -0.2734375 0.461395263671875
-0.033782958984375 0.0955963134765625 0.0767059326171875 -0.0863571166992188
0.00469207763671876 0.0891571044921875 0.0799560546875 -0.68902587890625
0.0491790771484375 0.0484733581542969 -0.486328125 -0.72100830078125
0.0296001434326172 0.0243740081787109 -0.73724365234375 -0.0196533203124998
-0.00547361373901367 0.00872564315795898 -0.337677001953125 0.470733642578125
0.00312328338623047 -0.0148429870605469 0.0642089843749999 0.475189208984375
0.000518798828125001 -0.0262165069580078 0.270172119140625 0.229782104492187
0.00212860107421875 -0.012120246887207 0.294158935546875 -0.0352783203125
0.0198421478271484 -0.0096282958984375 -0.2352294921875 -0.021392822265625
0.0270767211914063 0.00257682800292969 -0.052734375 -0.267974853515625
0.039337158203125 0.0009002685546875 0.372406005859375 -0.37005615234375
0.032623291015625 0.0261020660400391 0.72442626953125 -0.02734375
-0.0114965438842773 0.0126028060913086 0.458984375 0.63934326171875
-0.0195331573486328 -0.00502967834472656 -0.13555908203125 0.84210205078125
-0.029449462890625 0.0484771728515625 -0.296478271484375 0.416656494140625
-0.007598876953125 0.0493202209472656 0.0960693359375 -0.121650695800781
0.0076904296875 0.0403556823730469 0.02685546875 -0.709228515625
0.0349998474121094 0.0152854919433594 -0.55255126953125 -0.66241455078125
0.0302200317382813 0.00712013244628906 -0.71978759765625 0.0609130859375
0.0099029541015625 0.000348091125488281 -0.279327392578125 0.493133544921875
0.0149497985839844 -0.00976085662841797 0.11248779296875 0.459716796875
-0.00238800048828125 -0.0174713134765625 0.28521728515625 0.20745849609375
-0.00533914566040039 -0.00648593902587891 0.291412353515625 -0.050994873046875
0.0162496566772461 -0.00605583190917969 -0.239425659179688 -0.0296783447265625
0.0296421051025391 0.0100498199462891 -0.0463104248046875 -0.270523071289063
0.0546417236328125 0.00658035278320313 0.3902587890625 -0.35882568359375
0.0427589416503906 0.0175323486328125 0.72802734375 0.0030517578125
-0.0135889053344727 -0.0154752731323242 0.429931640625 0.676513671875
-0.0140800476074219 -0.0550346374511719 -0.17193603515625 0.84307861328125
-0.000416278839111329 -0.00841236114501953 -0.301025390625 0.398895263671875
0.0288734436035156 -0.00619888305664063 0.10400390625 -0.135093688964844
0.00876140594482422 -0.0146017074584961 0.00677490234374996 -0.71148681640625
0.014190673828125 -0.0203685760498047 -0.5789794921875 -0.63507080078125
0.02288818359375 -0.00870704650878906 -0.7147216796875 0.0970458984374998
0.0217723846435547 -0.0056304931640625 -0.25848388671875 0.5025634765625
0.0287132263183594 -0.00467491149902344 0.12347412109375 0.450531005859375
-0.00134372711181641 -0.00619697570800781 0.2864990234375 0.19879150390625
-0.00931358337402344 -0.00181293487548828 0.286773681640625 -0.059722900390625
0.0124292373657227 -0.00153732299804687 -0.24395751953125 -0.0346527099609375
0.0308094024658203 0.0164318084716797 -0.059051513671875 -0.2745361328125
0.0661125183105469 0.0116615295410156 0.370758056640625 -0.36920166015625
0.0490684509277344 0.00830078125 0.72100830078125 -0.01922607421875
-0.0178909301757813 -0.0423851013183594 0.455322265625 0.6529541015625
-0.00711059570312501 -0.106346130371094 -0.13177490234375 0.8443603515625
0.0359649658203125 -0.0669822692871094 -0.286376953125 0.4111328125
0.0697097778320313 -0.0622940063476563 0.104019165039063 -0.121505737304687
0.012176513671875 -0.0720748901367188 0.0236816406250001 -0.7015380859375
-0.005859375 -0.0551795959472656 -0.56182861328125 -0.646484375
0.00939369201660156 -0.0217647552490234 -0.7269287109375 0.08135986328125
0.0285530090332031 -0.0127429962158203 -0.285430908203125 0.5015869140625
0.0409317016601563 -0.000591278076171875 0.099884033203125 0.451385498046875
0.00123715400695801 0.0030360221862793 0.274078369140625 0.19793701171875
-0.0106058120727539 0.00343513488769531 0.2802734375 -0.0649566650390625
0.0122737884521484 -0.000518798828125 -0.253616333007813 -0.03326416015625
0.0279598236083984 0.0221805572509766 -0.093963623046875 -0.278228759765625
0.0686988830566406 0.0147361755371094 0.3145751953125 -0.3978271484375
0.0489578247070313 0.00286102294921875 0.69512939453125 -0.09130859375
-0.0264244079589844 -0.0587921142578125 0.52496337890625 0.58636474609375
-0.013671875 -0.147598266601563 -0.0317993164062501 0.8455810546875
0.0579681396484375 -0.120964050292969 -0.257904052734375 0.455780029296875
0.108001708984375 -0.109451293945313 0.0913848876953125 -0.0834732055664063
0.02490234375 -0.122344970703125 0.07537841796875 -0.6783447265625
-0.0196990966796875 -0.0875167846679688 -0.49859619140625 -0.69488525390625
-0.00730133056640625 -0.0325908660888672 -0.74566650390625 0.0137939453125001
0.0288734436035156 -0.0147190093994141 -0.351837158203125 0.483001708984375
0.0494422912597656 0.00240325927734375 0.041412353515625 0.45928955078125
0.00556850433349609 0.00909709930419922 0.250625610351563 0.2083740234375
-0.00963306427001953 0.00581455230712891 0.2750244140625 -0.0638427734375
0.0412216186523438 -0.0243988037109375 -0.26220703125 0.0137481689453124
0.0147228240966797 -0.0186347961425781 -0.21075439453125 -0.246994018554688
-0.0154266357421875 -0.0106515884399414 0.059112548828125 -0.461578369140625
-0.0150985717773437 0.0410881042480469 0.51129150390625 -0.38458251953125
-0.0168342590332031 0.0599212646484375 0.71002197265625 0.1871337890625
0.00453948974609375 0.0534324645996094 0.3934326171875 0.7169189453125
0.00917816162109374 0.115653991699219 -0.095458984375 0.62542724609375
-0.0267562866210937 0.129898071289063 0.00433349609375001 0.0835647583007813
-0.00553131103515625 0.132049560546875 0.294708251953125 -0.537872314453125
0.0412826538085938 0.0911102294921875 -0.0927734375 -0.89764404296875
-0.000137329101562497 0.0539207458496094 -0.70037841796875 -0.40936279296875
-0.0480308532714844 0.025390625 -0.60675048828125 0.28472900390625
-0.0235614776611328 -0.0189628601074219 -0.194000244140625 0.47125244140625
0.00532913208007813 -0.0327091217041016 0.16119384765625 0.280029296875
0.0219211578369141 -0.019287109375 0.2796630859375 -0.007232666015625
0.0360755920410156 -0.0221176147460938 -0.254074096679687 0.00825500488281253
0.0155878067016602 -0.016444206237793 -0.165634155273438 -0.256973266601563
-0.00923919677734375 -0.0103178024291992 0.151123046875 -0.4534912109375
-0.00566864013671875 0.0399131774902344 0.59515380859375 -0.31121826171875
-0.00992584228515625 0.0592002868652344 0.67919921875 0.3126220703125
0.00395584106445312 0.061859130859375 0.265869140625 0.775146484375
-0.0107040405273437 0.130439758300781 -0.16375732421875 0.57940673828125
-0.0422821044921875 0.138893127441406 0.027191162109375 0.0255146026611328
-0.00673675537109374 0.13916015625 0.2239990234375 -0.6025390625
0.0493087768554688 0.0922927856445313 -0.24859619140625 -0.85760498046875
0.0127143859863281 0.0529403686523438 -0.74261474609375 -0.27020263671875
-0.0358238220214844 0.0226364135742187 -0.52386474609375 0.3677978515625
-0.0169162750244141 -0.0198535919189453 -0.101104736328125 0.487030029296875
0.00518226623535156 -0.0339260101318359 0.2047119140625 0.268997192382813
0.0168819427490234 -0.0184154510498047 0.28887939453125 -0.0140380859375
0.0307121276855469 -0.0192394256591797 -0.246078491210938 -0.000854492187500011
0.0178585052490234 -0.0120716094970703 -0.120452880859375 -0.264312744140625
0.00338554382324219 -0.00931072235107422 0.244110107421875 -0.433563232421875
0.00747299194335937 0.0368194580078125 0.6663818359375 -0.2139892578125
-0.00839233398437499 0.0516700744628906 0.61871337890625 0.4451904296875
-0.00696182250976562 0.056884765625 0.1160888671875 0.82220458984375
-0.03204345703125 0.123374938964844 -0.226654052734375 0.5228271484375
-0.0452194213867187 0.1280517578125 0.0519332885742188 -0.0341033935546875
-0.00018310546875 0.123878479003906 0.1485595703125 -0.656494140625
0.0530242919921875 0.0758514404296875 -0.38592529296875 -0.79522705078125
0.0240707397460937 0.041473388671875 -0.7532958984375 -0.13067626953125
-0.0207672119140625 0.0176296234130859 -0.425933837890625 0.43377685546875
-0.00864982604980469 -0.0187416076660156 -0.00729370117187503 0.489044189453125
0.00291061401367188 -0.0324878692626953 0.245452880859375 0.249588012695313
0.0102596282958984 -0.0158853530883789 0.295135498046875 -0.025177001953125
0.0244712829589844 -0.0149097442626953 -0.241195678710938 -0.0107879638671875
0.0216464996337891 -0.00609779357910156 -0.08245849609375 -0.269134521484375
0.0207614898681641 -0.00551414489746094 0.32220458984375 -0.405181884765625
0.0202808380126953 0.0322589874267578 0.712646484375 -0.11505126953125
-0.00929641723632812 0.0371017456054687 0.540252685546875 0.5614013671875
-0.0169525146484375 0.0344944000244141 -0.0241699218749999 0.843505859375
-0.0409393310546875 0.0953826904296875 -0.27056884765625 0.466552734375
-0.0323486328125 0.0970535278320313 0.0766372680664063 -0.0872116088867188
0.00606536865234376 0.08917236328125 0.0740966796875 -0.6954345703125
0.0507736206054687 0.0478935241699219 -0.4976806640625 -0.72235107421875
0.0305843353271484 0.0247154235839844 -0.74127197265625 -0.01116943359375
-0.00464916229248047 0.00995922088623047 -0.336700439453125 0.479888916015625
0.00221347808837891 -0.0150222778320313 0.071563720703125 0.4779052734375
-0.000471115112304689 -0.0265026092529297 0.275772094726563 0.228775024414063
0.00129795074462891 -0.0120363235473633 0.2967529296875 -0.039337158203125
0.0194187164306641 -0.0100212097167969 -0.23846435546875 -0.018280029296875
0.0265617370605469 0.00190162658691406 -0.056640625 -0.269638061523438
0.0396728515625 -9.918212890625E-05 0.373748779296875 -0.37841796875
0.0337028503417969 0.0262413024902344 0.73187255859375 -0.03729248046875
-0.0118312835693359 0.0126504898071289 0.4698486328125 0.6395263671875
-0.0204696655273438 -0.00557899475097656 -0.1268310546875 0.85009765625
-0.029205322265625 0.0493698120117188 -0.29461669921875 0.42413330078125
-0.00677490234375 0.0500946044921875 0.095367431640625 -0.123428344726563
0.00772857666015625 0.0404701232910156 0.02032470703125 -0.71514892578125
0.0361900329589844 0.0139122009277344 -0.56512451171875 -0.66107177734375
0.0307292938232422 0.00660133361816406 -0.725341796875 0.0698852539062501
0.00985431671142578 0.00179862976074219 -0.27520751953125 0.5009765625
0.0151700973510742 -0.00929546356201172 0.119140625 0.46209716796875
-0.00179767608642578 -0.0169754028320313 0.2900390625 0.2073974609375
-0.00568532943725586 -0.00713205337524414 0.292449951171875 -0.054351806640625
0.0152502059936523 -0.00739097595214844 -0.241851806640625 -0.0262603759765625
0.03021240234375 0.00919723510742188 -0.0498046875 -0.271591186523437
0.0553855895996094 0.00580978393554688 0.390045166015625 -0.366363525390625
0.0434150695800781 0.0160369873046875 0.7333984375 -0.005859375
-0.0141115188598633 -0.0160655975341797 0.4432373046875 0.6768798828125
-0.0146560668945313 -0.0544548034667969 -0.163330078125 0.85302734375
-0.000400066375732422 -0.00779390335083008 -0.298583984375 0.40631103515625
0.0280590057373047 -0.00618362426757813 0.103179931640625 -0.136550903320313
0.00880050659179688 -0.0156688690185547 0.000244140625000008 -0.717041015625
0.01409912109375 -0.020416259765625 -0.590087890625 -0.634521484375
0.0235080718994141 -0.00907135009765625 -0.720458984375 0.10443115234375
0.0229034423828125 -0.00632286071777344 -0.25628662109375 0.509368896484375
0.0288505554199219 -0.00571823120117188 0.130706787109375 0.4521484375
-0.00177764892578125 -0.00697708129882813 0.29107666015625 0.1968994140625
-0.00921535491943359 -0.00146484375 0.2889404296875 -0.06329345703125
0.0127725601196289 -0.00334644317626953 -0.247055053710938 -0.0312347412109375
0.0306606292724609 0.0166225433349609 -0.06329345703125 -0.275253295898438
0.0668754577636719 0.0114097595214844 0.3687744140625 -0.37652587890625
0.0491790771484375 0.00732421875 0.72625732421875 -0.0286865234375
-0.018463134765625 -0.0429306030273437 0.4669189453125 0.65386962890625
-0.00847625732421875 -0.106788635253906 -0.12628173828125 0.85302734375
0.0352859497070313 -0.0673446655273438 -0.283966064453125 0.4183349609375
0.0699729919433594 -0.0634841918945313 0.103271484375 -0.122596740722656
0.012542724609375 -0.073211669921875 0.0173339843750001 -0.70770263671875
-0.00629043579101563 -0.0560798645019531 -0.5743408203125 -0.64630126953125
0.00959014892578125 -0.0217628479003906 -0.7314453125 0.0903320312500001
0.0296859741210938 -0.0122184753417969 -0.281829833984375 0.50775146484375
0.0415382385253906 -0.00136184692382813 0.10504150390625 0.453155517578125
0.000743627548217773 0.00237488746643066 0.27899169921875 0.196197509765625
-0.010772705078125 0.00341129302978515 0.282562255859375 -0.06866455078125
0.0123662948608398 -8.392333984375E-05 -0.255996704101563 -0.0309600830078125
0.0282459259033203 0.0220680236816406 -0.09735107421875 -0.2786865234375
0.0693550109863281 0.0148239135742187 0.312530517578125 -0.4041748046875
0.0494346618652344 0.000885009765625 0.70025634765625 -0.10125732421875
-0.0272102355957031 -0.059478759765625 0.53448486328125 0.5858154296875
-0.0156707763671875 -0.147796630859375 -0.0213623046875 0.85491943359375
0.0578689575195313 -0.121261596679688 -0.254364013671875 0.46099853515625
0.1083984375 -0.111251831054688 0.0908126831054688 -0.0849685668945313
0.0243759155273438 -0.123641967773437 0.0692138671875 -0.68475341796875
-0.0217971801757813 -0.0899276733398438 -0.509765625 -0.694091796875
-0.00675201416015625 -0.0324974060058594 -0.7501220703125 0.0231933593749999
0.0295810699462891 -0.0145797729492187 -0.34857177734375 0.49334716796875
0.0502777099609375 0.00202560424804688 0.04736328125 0.46270751953125
0.00535869598388672 0.00942325592041016 0.255447387695313 0.20758056640625
-0.00927162170410156 0.00678157806396485 0.275924682617188 -0.067291259765625
0.0400772094726562 -0.0243682861328125 -0.264053344726563 0.01824951171875
0.0148983001708984 -0.0196247100830078 -0.215866088867188 -0.24432373046875
-0.0161838531494141 -0.0106592178344727 0.05291748046875 -0.4632568359375
-0.0151748657226562 0.0408515930175781 0.510284423828125 -0.393463134765625
-0.0159263610839844 0.0606575012207031 0.7166748046875 0.17901611328125
0.00435638427734375 0.0540237426757813 0.40472412109375 0.71624755859375
0.0104522705078125 0.116058349609375 -0.08856201171875 0.63043212890625
-0.025604248046875 0.130828857421875 0.00420379638671875 0.0846176147460938
-0.0037841796875 0.132545471191406 0.289886474609375 -0.544830322265625
0.0436248779296875 0.0908279418945312 -0.10455322265625 -0.90185546875
0.000686645507812498 0.0530509948730469 -0.7099609375 -0.40435791015625
-0.0486869812011719 0.0262298583984375 -0.605712890625 0.29559326171875
-0.0247364044189453 -0.0195636749267578 -0.18963623046875 0.4754638671875
0.00537300109863281 -0.0340404510498047 0.166366577148438 0.279251098632813
0.0221786499023438 -0.0188674926757813 0.28118896484375 -0.0123291015625
0.03631591796875 -0.0224380493164062 -0.2552490234375 0.011627197265625
0.0156278610229492 -0.0167169570922852 -0.17083740234375 -0.2559814453125
-0.0100955963134766 -0.0100984573364258 0.1463623046875 -0.458160400390625
-0.00554275512695313 0.0390701293945312 0.5966796875 -0.31884765625
-0.00948715209960938 0.0592193603515625 0.68756103515625 0.3065185546875
0.00385665893554688 0.0621566772460938 0.275634765625 0.77947998046875
-0.010528564453125 0.131462097167969 -0.15875244140625 0.58465576171875
-0.0409164428710938 0.139549255371094 0.0273494720458984 0.0259380340576172
-0.00402832031249999 0.139900207519531 0.21990966796875 -0.6094970703125
0.0515823364257813 0.0911941528320312 -0.25860595703125 -0.85919189453125
0.0138320922851563 0.052490234375 -0.75030517578125 -0.26446533203125
-0.03631591796875 0.0238265991210937 -0.521392822265625 0.37774658203125
-0.0186119079589844 -0.0198287963867187 -0.0958251953125 0.49127197265625
0.00510406494140625 -0.0347213745117187 0.21063232421875 0.267135620117188
0.0171661376953125 -0.0187397003173828 0.29034423828125 -0.019317626953125
0.0303058624267578 -0.0199718475341797 -0.248153686523438 0.00325012207031254
0.0177230834960938 -0.0132694244384766 -0.124847412109375 -0.264312744140625
0.00234794616699219 -0.00965785980224609 0.2398681640625 -0.439208984375
0.00786972045898437 0.0364990234375 0.66827392578125 -0.22393798828125
-0.00704193115234375 0.0518684387207031 0.62615966796875 0.4420166015625
-0.0063934326171875 0.058074951171875 0.126220703125 0.82586669921875
-0.03131103515625 0.125213623046875 -0.223052978515625 0.527984619140625
-0.0437469482421875 0.129104614257813 0.0527458190917969 -0.0348434448242188
0.00162506103515624 0.124748229980469 0.1417236328125 -0.66278076171875
0.0558395385742187 0.07586669921875 -0.3983154296875 -0.79534912109375
0.0252761840820312 0.041473388671875 -0.76068115234375 -0.1226806640625
-0.0210380554199219 0.0187473297119141 -0.4237060546875 0.44287109375
-0.00926589965820312 -0.0187969207763672 3.05175781249668E-05 0.491485595703125
0.00279426574707032 -0.0331897735595703 0.250656127929687 0.248046875
0.00966072082519531 -0.0166339874267578 0.2967529296875 -0.029144287109375
0.0240535736083984 -0.0153064727783203 -0.243057250976563 -0.00669860839843748
0.0211811065673828 -0.00654411315917969 -0.0862884521484375 -0.269012451171875
0.0213108062744141 -0.00629234313964844 0.31878662109375 -0.41119384765625
0.0220890045166016 0.0314960479736328 0.71630859375 -0.123291015625
-0.00933837890625 0.0372314453125 0.5506591796875 0.5576171875
-0.0168666839599609 0.0351047515869141 -0.013916015625 0.849365234375
-0.0405807495117188 0.096710205078125 -0.2681884765625 0.47137451171875
-0.0313339233398438 0.0975875854492188 0.075225830078125 -0.0881271362304688
0.00772857666015626 0.0895843505859375 0.0665283203125001 -0.69964599609375
0.0515518188476563 0.0471534729003906 -0.509521484375 -0.7198486328125
0.0317001342773438 0.0239353179931641 -0.747314453125 -0.00244140624999998
-0.00410270690917969 0.0105276107788086 -0.33135986328125 0.486236572265625
0.00270652770996094 -0.0146541595458984 0.077850341796875 0.4794921875
-4.76837158203134E-05 -0.0272026062011719 0.280166625976563 0.226333618164063
0.001922607421875 -0.0122013092041016 0.298675537109375 -0.044586181640625
0.0194454193115234 -0.00952339172363281 -0.24066162109375 -0.014862060546875
0.0266628265380859 0.00106239318847656 -0.0603179931640625 -0.268753051757813
0.0398521423339844 -0.000942230224609375 0.369873046875 -0.385650634765625
0.0343875885009766 0.0244464874267578 0.7359619140625 -0.0477294921875
-0.0125370025634766 0.0128917694091797 0.480712890625 0.6395263671875
-0.0207347869873047 -0.00423049926757812 -0.11907958984375 0.85760498046875
-0.0295944213867187 0.0508689880371094 -0.291900634765625 0.427734375
-0.00565338134765625 0.0510177612304688 0.0946426391601563 -0.124763488769531
0.00922775268554688 0.0398597717285156 0.0117187499999999 -0.71978759765625
0.0369644165039063 0.0131797790527344 -0.57672119140625 -0.65911865234375
0.0302562713623047 0.00571632385253906 -0.73004150390625 0.0787963867187499
0.0110006332397461 0.00188636779785156 -0.269134521484375 0.50823974609375
0.0155353546142578 -0.0108242034912109 0.12591552734375 0.462890625
-0.00288200378417969 -0.0177669525146484 0.2950439453125 0.204254150390625
-0.00531339645385742 -0.00531482696533203 0.294036865234375 -0.060028076171875
0.0157814025878906 -0.00693225860595703 -0.243179321289063 -0.0224609375
0.0294933319091797 0.00965690612792969 -0.053619384765625 -0.271484375
0.0559234619140625 0.00541305541992188 0.3880615234375 -0.374542236328125
0.0438117980957031 0.016082763671875 0.73876953125 -0.01422119140625
-0.0143280029296875 -0.01617431640625 0.45343017578125 0.67584228515625
-0.015655517578125 -0.0540580749511719 -0.1539306640625 0.860595703125
0.000335693359375 -0.00722312927246094 -0.295989990234375 0.41241455078125
0.0290412902832031 -0.006744384765625 0.102523803710937 -0.137619018554688
0.0088491439819336 -0.0161342620849609 -0.00848388671874995 -0.72039794921875
0.014404296875 -0.0215244293212891 -0.60235595703125 -0.6300048828125
0.0230159759521484 -0.00989341735839844 -0.7222900390625 0.11480712890625
0.0230655670166016 -0.00604820251464844 -0.250091552734375 0.51690673828125
0.0288734436035156 -0.00618362426757813 0.13690185546875 0.454193115234375
-0.00177431106567383 -0.00658416748046875 0.295654296875 0.194183349609375
-0.00889205932617188 -0.00131130218505859 0.28973388671875 -0.06793212890625
0.0131101608276367 -0.00298595428466797 -0.249862670898438 -0.0265960693359375
0.0303401947021484 0.0163116455078125 -0.0677032470703125 -0.274917602539063
0.066925048828125 0.0105934143066406 0.3660888671875 -0.383697509765625
0.0493659973144531 0.0065155029296875 0.72979736328125 -0.036865234375
-0.0191535949707031 -0.0427627563476563 0.47784423828125 0.6517333984375
-0.00985717773437499 -0.106346130371094 -0.1170654296875 0.862060546875
0.0353584289550781 -0.0677909851074219 -0.282257080078125 0.4249267578125
0.0699577331542969 -0.0650901794433594 0.102142333984375 -0.123779296875
0.0124053955078125 -0.07440185546875 0.00988769531249997 -0.71221923828125
-0.00671768188476562 -0.0565757751464844 -0.58428955078125 -0.64312744140625
0.0095062255859375 -0.0229396820068359 -0.7354736328125 0.0975341796875
0.0291519165039063 -0.0128192901611328 -0.27752685546875 0.51611328125
0.0411224365234375 -0.00239944458007813 0.11016845703125 0.455078125
0.00132894515991211 0.0028681755065918 0.28302001953125 0.1939697265625
-0.0102901458740234 0.00434017181396484 0.282470703125 -0.072998046875
0.0124073028564453 -0.000469207763671875 -0.258682250976563 -0.0275573730468751
0.0289535522460938 0.0222454071044922 -0.102157592773437 -0.278106689453125
0.0702362060546875 0.0126953125 0.310638427734375 -0.409576416015625
0.0496177673339844 0.000148773193359375 0.7025146484375 -0.11077880859375
-0.0286178588867188 -0.0595130920410156 0.54443359375 0.58203125
-0.0179901123046875 -0.148483276367188 -0.012939453125 0.85845947265625
0.056884765625 -0.120986938476563 -0.251800537109375 0.46636962890625
0.107765197753906 -0.113517761230469 0.0911865234375 -0.0854568481445313
0.0232391357421875 -0.124809265136719 0.06207275390625 -0.68731689453125
-0.0217056274414062 -0.08978271484375 -0.5213623046875 -0.69329833984375
-0.00748825073242187 -0.0333576202392578 -0.7552490234375 0.03192138671875
0.0294151306152344 -0.0153560638427734 -0.34326171875 0.5003662109375
0.0509147644042969 0.00067138671875 0.0550231933593749 0.464111328125
0.00534915924072266 0.00884914398193359 0.259445190429687 0.20587158203125
-0.0090646743774414 0.00697135925292969 0.276412963867188 -0.0715484619140625
0.0401420593261719 -0.0258750915527344 -0.264907836914063 0.023345947265625
0.0140819549560547 -0.0195503234863281 -0.221725463867188 -0.242172241210938
-0.0167007446289063 -0.00951194763183593 0.0458984375 -0.46630859375
-0.0143013000488281 0.0416030883789063 0.507537841796875 -0.40264892578125
-0.0152359008789063 0.0611076354980469 0.7235107421875 0.17022705078125
0.00347137451171875 0.0550994873046875 0.415283203125 0.7154541015625
0.011810302734375 0.116981506347656 -0.0809326171875 0.63238525390625
-0.0233383178710938 0.131538391113281 0.00495147705078125 0.084747314453125
-0.00139617919921875 0.13299560546875 0.282379150390625 -0.54901123046875
0.0460433959960938 0.090240478515625 -0.11627197265625 -0.906005859375
0.00195693969726563 0.0543785095214844 -0.72064208984375 -0.39678955078125
-0.0475006103515625 0.0280227661132813 -0.60455322265625 0.30548095703125
-0.0252971649169922 -0.0191459655761719 -0.1837158203125 0.482177734375
0.00520896911621093 -0.0346641540527344 0.170974731445313 0.27984619140625
0.0213584899902344 -0.0200080871582031 0.283660888671875 -0.015838623046875
0.0351905822753906 -0.0235404968261719 -0.256500244140625 0.016143798828125
0.0145664215087891 -0.0169582366943359 -0.175506591796875 -0.25408935546875
-0.0101737976074219 -0.0102319717407227 0.140625 -0.462310791015625
-0.00479888916015625 0.0394134521484375 0.59490966796875 -0.32928466796875
-0.00902557373046874 0.0597305297851563 0.69573974609375 0.297607421875
0.00363922119140625 0.062408447265625 0.28656005859375 0.7791748046875
-0.00836181640624998 0.132713317871094 -0.15216064453125 0.58966064453125
-0.03851318359375 0.140762329101563 0.0277061462402344 0.0252017974853516
-0.00181579589843749 0.140609741210937 0.21185302734375 -0.61334228515625
0.0535812377929687 0.0903396606445312 -0.27288818359375 -0.8624267578125
0.0150642395019531 0.0527381896972656 -0.75823974609375 -0.25494384765625
-0.0355796813964844 0.0250625610351563 -0.51873779296875 0.38726806640625
-0.01922607421875 -0.0193958282470703 -0.088226318359375 0.49462890625
0.00428009033203125 -0.0349960327148438 0.21600341796875 0.266067504882813
0.0165290832519531 -0.0184650421142578 0.2919921875 -0.022308349609375
0.0304775238037109 -0.0208320617675781 -0.249740600585938 0.00698852539062501
0.0175256729125977 -0.0132856369018555 -0.131072998046875 -0.26324462890625
0.00272846221923828 -0.00886631011962891 0.234588623046875 -0.4451904296875
0.00926971435546875 0.0366096496582031 0.670166015625 -0.2347412109375
-0.00709533691406249 0.052886962890625 0.63665771484375 0.435546875
-0.006561279296875 0.0584945678710938 0.137451171875 0.8292236328125
-0.0298919677734375 0.126457214355469 -0.21746826171875 0.534088134765625
-0.0420455932617187 0.129623413085938 0.0513114929199219 -0.0350418090820313
0.00441741943359376 0.124855041503906 0.132568359375 -0.666748046875
0.0567626953125 0.0755615234375 -0.412353515625 -0.7952880859375
0.02593994140625 0.0409355163574219 -0.76470947265625 -0.1121826171875
-0.0205039978027344 0.019622802734375 -0.418701171875 0.450531005859375
-0.0102558135986328 -0.0192699432373047 0.00689697265625003 0.493255615234375
0.002105712890625 -0.03314208984375 0.255599975585938 0.245437622070313
0.00957679748535156 -0.0161104202270508 0.298248291015625 -0.035552978515625
0.0244808197021484 -0.0162220001220703 -0.2452392578125 -0.00277709960937498
0.0211372375488281 -0.00743865966796875 -0.091400146484375 -0.26824951171875
0.0207080841064453 -0.00605392456054688 0.313934326171875 -0.41705322265625
0.0221939086914063 0.0316143035888672 0.7178955078125 -0.13409423828125
-0.00880050659179688 0.0377655029296875 0.561614990234375 0.5537109375
-0.0170707702636719 0.0363807678222656 -0.00347900390624991 0.85491943359375
-0.0395736694335938 0.09832763671875 -0.262908935546875 0.477935791015625
-0.0298080444335938 0.0979537963867188 0.0752105712890625 -0.0891571044921875
0.00913238525390624 0.0898284912109375 0.0562133789062499 -0.7044677734375
0.0532760620117188 0.0467643737792969 -0.52117919921875 -0.7176513671875
0.0324993133544922 0.0241260528564453 -0.7523193359375 0.00799560546875007
-0.00468254089355469 0.0110235214233398 -0.3258056640625 0.4942626953125
0.00129032135009766 -0.0153732299804688 0.0855102539062501 0.480560302734375
-0.000738143920898437 -0.0267925262451172 0.28564453125 0.2225341796875
0.00182914733886719 -0.0122089385986328 0.298858642578125 -0.048583984375
0.0191135406494141 -0.0109272003173828 -0.241775512695313 -0.010650634765625
0.0262813568115234 0.00108909606933594 -0.0648345947265625 -0.267654418945313
0.03961181640625 -0.00083160400390625 0.36480712890625 -0.3924560546875
0.033538818359375 0.023895263671875 0.73919677734375 -0.05645751953125
-0.0114383697509766 0.012873649597168 0.49188232421875 0.63629150390625
-0.0210590362548828 -0.00339317321777344 -0.10894775390625 0.8631591796875
-0.0287933349609375 0.0519523620605469 -0.288238525390625 0.434600830078125
-0.00492477416992187 0.049957275390625 0.0928726196289063 -0.126266479492188
0.0104446411132813 0.0399017333984375 0.000305175781249974 -0.7218017578125
0.0375900268554688 0.0128402709960938 -0.58892822265625 -0.65582275390625
0.0317173004150391 0.00504875183105469 -0.732177734375 0.0899658203125
0.0109415054321289 0.00164985656738281 -0.26422119140625 0.51416015625
0.0144414901733398 -0.0109024047851563 0.13287353515625 0.463897705078125
-0.00247764587402344 -0.0179538726806641 0.30059814453125 0.200775146484375
-0.00539302825927734 -0.00666522979736328 0.294830322265625 -0.064208984375
0.0153875350952148 -0.00770187377929688 -0.24566650390625 -0.0183563232421875
0.0293388366699219 0.00870132446289063 -0.0583953857421875 -0.271270751953125
0.0559005737304688 0.00473403930664063 0.38543701171875 -0.381378173828125
0.0438041687011719 0.0144233703613281 0.74176025390625 -0.02642822265625
-0.0148792266845703 -0.0159006118774414 0.4659423828125 0.67315673828125
-0.016845703125 -0.0536537170410156 -0.14508056640625 0.86456298828125
-0.000490188598632812 -0.00683355331420898 -0.2933349609375 0.417266845703125
0.0290546417236328 -0.00827407836914063 0.100341796875 -0.1385498046875
0.00897693634033203 -0.0164785385131836 -0.01873779296875 -0.723876953125
0.0155963897705078 -0.022003173828125 -0.61395263671875 -0.62530517578125
0.0237464904785156 -0.0102252960205078 -0.72576904296875 0.12579345703125
0.0232067108154297 -0.00655555725097656 -0.24334716796875 0.524383544921875
0.0287609100341797 -0.0066070556640625 0.14434814453125 0.452545166015625
-0.00213050842285156 -0.00664615631103516 0.300506591796875 0.19091796875
-0.00867938995361328 -0.0010991096496582 0.290313720703125 -0.07318115234375
0.0134134292602539 -0.00298118591308594 -0.251556396484375 -0.02313232421875
0.0305919647216797 0.0166778564453125 -0.071990966796875 -0.27520751953125
0.0662689208984375 0.0093231201171875 0.363983154296875 -0.391357421875
0.0494117736816406 0.00554275512695313 0.73284912109375 -0.04937744140625
-0.0207290649414063 -0.0432968139648438 0.489501953125 0.64935302734375
-0.01123046875 -0.106346130371094 -0.10675048828125 0.86761474609375
0.0335960388183594 -0.06805419921875 -0.277587890625 0.4293212890625
0.0695762634277344 -0.06597900390625 0.101585388183594 -0.12530517578125
0.0116729736328125 -0.0756912231445313 -0.000732421875000019 -0.71466064453125
-0.00703048706054688 -0.05743408203125 -0.59619140625 -0.63934326171875
0.00949668884277343 -0.0229129791259766 -0.7374267578125 0.11004638671875
0.0299930572509766 -0.0135517120361328 -0.271820068359375 0.522552490234375
0.0413703918457031 -0.002777099609375 0.118438720703125 0.4539794921875
0.00122237205505371 0.00250959396362305 0.28839111328125 0.1907958984375
-0.0101947784423828 0.00488948822021484 0.283843994140625 -0.077972412109375
0.012944221496582 -0.000931739807128906 -0.260833740234375 -0.0235748291015625
0.0288715362548828 0.0220298767089844 -0.10614013671875 -0.277938842773438
0.0702972412109375 0.012603759765625 0.305755615234375 -0.41754150390625
0.0498847961425781 -0.0006103515625 0.7059326171875 -0.12225341796875
-0.0304031372070312 -0.0596656799316406 0.5557861328125 0.5782470703125
-0.02008056640625 -0.147918701171875 -0.00396728515624998 0.862060546875
0.0553970336914063 -0.122222900390625 -0.24664306640625 0.472503662109375
0.107444763183594 -0.115760803222656 0.0901412963867187 -0.0868606567382813
0.0219802856445312 -0.126739501953125 0.05242919921875 -0.69195556640625
-0.0232467651367187 -0.0908584594726563 -0.5341796875 -0.689208984375
-0.00736427307128906 -0.0334663391113281 -0.75860595703125 0.04217529296875
0.0293426513671875 -0.0160560607910156 -0.33758544921875 0.50640869140625
0.0509414672851562 0.000148773193359375 0.06109619140625 0.466796875
0.00548171997070313 0.00905323028564453 0.263626098632812 0.202789306640625
-0.00877189636230469 0.00784683227539063 0.276779174804688 -0.0763092041015625
0.0401992797851563 -0.0275535583496094 -0.26556396484375 0.02740478515625
0.0142631530761719 -0.0205478668212891 -0.226058959960938 -0.237930297851563
-0.0173931121826172 -0.009765625 0.0389404296875 -0.467376708984375
-0.0138702392578125 0.0408096313476563 0.50372314453125 -0.413360595703125
-0.0140533447265625 0.0619544982910156 0.72747802734375 0.16070556640625
0.005157470703125 0.0550308227539063 0.42755126953125 0.713623046875
0.0140914916992188 0.116729736328125 -0.07318115234375 0.6363525390625
-0.0207748413085938 0.13201904296875 0.00682067871093749 0.0848541259765625
0.000488281250000002 0.132667541503906 0.276092529296875 -0.554901123046875
0.04840087890625 0.08917236328125 -0.13116455078125 -0.905517578125
0.00299835205078125 0.054443359375 -0.728515625 -0.3863525390625
-0.0478172302246094 0.0295944213867187 -0.6019287109375 0.3157958984375
-0.0257644653320312 -0.0189361572265625 -0.176177978515625 0.484954833984375
0.00452041625976563 -0.0347156524658203 0.175949096679687 0.276840209960938
0.0216121673583984 -0.0210895538330078 0.28436279296875 -0.0211181640625
0.0350875854492188 -0.0248508453369141 -0.25750732421875 0.0208892822265625
0.0150566101074219 -0.0182094573974609 -0.180679321289063 -0.2501220703125
-0.0109262466430664 -0.0102596282958984 0.13348388671875 -0.4649658203125
-0.0040283203125 0.0391654968261719 0.59100341796875 -0.3399658203125
-0.00762176513671875 0.0610084533691406 0.70245361328125 0.2890625
0.00356292724609375 0.0634536743164063 0.29840087890625 0.77813720703125
-0.00729370117187499 0.13311767578125 -0.14324951171875 0.592041015625
-0.0364990234375 0.141372680664063 0.0277099609375 0.0260658264160156
0.000946044921875002 0.140701293945313 0.203857421875 -0.61761474609375
0.0549774169921875 0.0906448364257813 -0.28582763671875 -0.86029052734375
0.0163726806640625 0.053466796875 -0.765869140625 -0.2447509765625
-0.0355453491210938 0.0264663696289063 -0.5135498046875 0.39544677734375
-0.0189914703369141 -0.0202407836914063 -0.079925537109375 0.49761962890625
0.003448486328125 -0.0353164672851562 0.22052001953125 0.263595581054688
0.0165748596191406 -0.0193901062011719 0.29339599609375 -0.028594970703125
0.0298118591308594 -0.0217037200927734 -0.251129150390625 0.0112152099609374
0.0163717269897461 -0.0140495300292969 -0.134445190429687 -0.260543823242188
0.00217056274414063 -0.00924587249755859 0.227508544921875 -0.450103759765625
0.00842666625976562 0.0363845825195313 0.6678466796875 -0.24444580078125
-0.00567245483398438 0.0527801513671875 0.64581298828125 0.4266357421875
-0.00589370727539063 0.0591964721679688 0.1483154296875 0.82830810546875
-0.0294189453125 0.127700805664063 -0.210235595703125 0.538818359375
-0.0395355224609375 0.130050659179688 0.0510025024414063 -0.0358924865722656
0.00638580322265625 0.125411987304688 0.1240234375 -0.67181396484375
0.058807373046875 0.0746841430664063 -0.4239501953125 -0.79193115234375
0.0273551940917969 0.0405426025390625 -0.76971435546875 -0.102294921875
-0.0198211669921875 0.0199947357177734 -0.411224365234375 0.45880126953125
-0.0101833343505859 -0.0186386108398438 0.014251708984375 0.495269775390625
0.00162696838378906 -0.0338897705078125 0.260696411132813 0.242767333984375
0.00921249389648438 -0.0165205001831055 0.298248291015625 -0.040313720703125
0.0239677429199219 -0.0168647766113281 -0.245941162109375 0.00141906738281255
0.0204200744628906 -0.0073699951171875 -0.09527587890625 -0.266098022460938
0.0199489593505859 -0.00687980651855469 0.30987548828125 -0.423309326171875
0.0230178833007813 0.0306015014648438 0.71728515625 -0.14697265625
-0.0074005126953125 0.0379676818847656 0.57147216796875 0.5479736328125
-0.0167694091796875 0.0372505187988281 0.00701904296874992 0.85797119140625
-0.0386734008789063 0.0997848510742188 -0.2578125 0.483489990234375
-0.0284194946289063 0.0989303588867188 0.0737457275390625 -0.08935546875
0.011444091796875 0.0898590087890625 0.0452880859375 -0.70648193359375
0.0541152954101563 0.0448875427246094 -0.53387451171875 -0.71209716796875
0.0329170227050781 0.0235042572021484 -0.75408935546875 0.0196533203125
-0.00349617004394531 0.0112199783325195 -0.31817626953125 0.500701904296875
0.00169277191162109 -0.0157709121704102 0.093170166015625 0.48101806640625
-0.000946044921875 -0.0267601013183594 0.289581298828125 0.21942138671875
0.00183296203613281 -0.0121383666992188 0.29949951171875 -0.053680419921875
0.0191116333007813 -0.0118007659912109 -0.243377685546875 -0.00669860839843755
0.0254840850830078 0.000432968139648438 -0.069061279296875 -0.26715087890625
0.0391807556152344 -0.0023040771484375 0.360321044921875 -0.39874267578125
0.0354995727539063 0.0238151550292969 0.73980712890625 -0.06927490234375
-0.0117378234863281 0.0128355026245117 0.5018310546875 0.63055419921875
-0.0217437744140625 -0.00357627868652344 -0.09722900390625 0.8671875
-0.0273818969726563 0.0519523620605469 -0.28179931640625 0.44036865234375
-0.00469589233398438 0.049896240234375 0.0909271240234375 -0.127700805664062
0.0114555358886719 0.0395240783691406 -0.00939941406249995 -0.72430419921875
0.038177490234375 0.0127029418945313 -0.60009765625 -0.64892578125
0.0318202972412109 0.0046234130859375 -0.7344970703125 0.1005859375
0.0117835998535156 0.00107383728027344 -0.255615234375 0.520965576171875
0.0140419006347656 -0.0108928680419922 0.14141845703125 0.46270751953125
-0.00291061401367187 -0.0180454254150391 0.304229736328125 0.1966552734375
-0.00528049468994141 -0.00564050674438476 0.295166015625 -0.068695068359375
0.0158805847167969 -0.00775146484375 -0.24700927734375 -0.01373291015625
0.029266357421875 0.0088653564453125 -0.0631866455078125 -0.270233154296875
0.0561294555664062 0.00370407104492187 0.3804931640625 -0.3897705078125
0.0446891784667969 0.0128860473632813 0.74407958984375 -0.03631591796875
-0.0156936645507813 -0.0159168243408203 0.47772216796875 0.6685791015625
-0.0175743103027344 -0.0531387329101563 -0.13519287109375 0.8699951171875
-7.10487365722656E-05 -0.00683736801147461 -0.28692626953125 0.42315673828125
0.0292682647705078 -0.00786590576171875 0.0986251831054688 -0.140159606933594
0.00975513458251953 -0.0173873901367188 -0.0288085937499999 -0.72589111328125
0.0146083831787109 -0.0235004425048828 -0.62664794921875 -0.61920166015625
0.0234279632568359 -0.0109539031982422 -0.72662353515625 0.1378173828125
0.0232791900634766 -0.00724983215332031 -0.235443115234375 0.528778076171875
0.0296230316162109 -0.00738906860351563 0.151641845703125 0.452545166015625
-0.00241947174072266 -0.00697231292724609 0.30517578125 0.18646240234375
-0.00856447219848633 2.90870666503915E-05 0.289886474609375 -0.077545166015625
0.0129165649414062 -0.00386238098144531 -0.252761840820313 -0.018035888671875
0.0312099456787109 0.0160388946533203 -0.0759735107421875 -0.273696899414063
0.0669174194335938 0.00800704956054688 0.35992431640625 -0.398040771484375
0.0500411987304688 0.00424575805664063 0.73394775390625 -0.06011962890625
-0.0204277038574219 -0.0432281494140625 0.5006103515625 0.64556884765625
-0.0134735107421875 -0.10595703125 -0.0946044921875001 0.87091064453125
0.0333709716796875 -0.0680313110351563 -0.272735595703125 0.435943603515625
0.0698585510253906 -0.0680656433105469 0.0996475219726563 -0.126785278320313
0.0106048583984375 -0.0764541625976563 -0.0114746093750001 -0.7166748046875
-0.00870895385742188 -0.0580863952636719 -0.60784912109375 -0.6326904296875
0.00942039489746094 -0.0236473083496094 -0.73907470703125 0.1204833984375
0.0300216674804687 -0.0140056610107422 -0.2623291015625 0.5277099609375
0.0414314270019531 -0.00264739990234375 0.12689208984375 0.455230712890625
0.000982284545898438 0.00278997421264648 0.292755126953125 0.186859130859375
-0.00995159149169922 0.00507926940917969 0.283660888671875 -0.08294677734375
0.0126686096191406 -0.000957489013671875 -0.262542724609375 -0.01904296875
0.0288715362548828 0.0224151611328125 -0.11041259765625 -0.276077270507812
0.0711135864257813 0.0108566284179688 0.300994873046875 -0.42425537109375
0.0498733520507813 -0.0022125244140625 0.7052001953125 -0.13323974609375
-0.0304412841796875 -0.0597267150878906 0.5657958984375 0.57220458984375
-0.0224151611328125 -0.147598266601563 0.01031494140625 0.8668212890625
0.0541000366210938 -0.122627258300781 -0.241455078125 0.4761962890625
0.106094360351563 -0.117393493652344 0.0888214111328125 -0.0882492065429688
0.0202865600585937 -0.12738037109375 0.044189453125 -0.69464111328125
-0.024505615234375 -0.0906600952148438 -0.54559326171875 -0.68524169921875
-0.00785064697265625 -0.0346488952636719 -0.75982666015625 0.0550537109375001
0.0287742614746094 -0.0159778594970703 -0.33026123046875 0.5140380859375
0.0512886047363281 -9.918212890625E-05 0.068267822265625 0.467010498046875
0.00509071350097656 0.00865936279296875 0.269256591796875 0.19989013671875
-0.00925731658935547 0.00833892822265625 0.27679443359375 -0.0811920166015625
0.0394096374511719 -0.0282249450683594 -0.265655517578125 0.0312347412109375
0.0134258270263672 -0.0220394134521484 -0.231231689453125 -0.234130859375
-0.0174999237060547 -0.00972461700439453 0.032470703125 -0.4671630859375
-0.0130691528320312 0.0411033630371094 0.496307373046875 -0.420318603515625
-0.0125236511230469 0.0614891052246094 0.73187255859375 0.14990234375
0.00579452514648438 0.0550460815429688 0.43927001953125 0.70538330078125
0.0155563354492187 0.116813659667969 -0.0621337890625 0.63861083984375
-0.0182723999023438 0.131278991699219 0.00726318359375 0.0860366821289063
0.00330352783203125 0.1331787109375 0.26824951171875 -0.559173583984375
0.0500030517578125 0.0888671875 -0.145263671875 -0.90350341796875
0.00405502319335938 0.0545501708984375 -0.73406982421875 -0.37518310546875
-0.0467681884765625 0.0303230285644531 -0.59588623046875 0.3271484375
-0.0259418487548828 -0.0187034606933594 -0.169708251953125 0.48858642578125
0.00371170043945313 -0.0357398986816406 0.179840087890625 0.274566650390625
0.0216255187988281 -0.0212917327880859 0.284271240234375 -0.025848388671875
0.0347671508789062 -0.0260543823242188 -0.257171630859375 0.0255432128906249
0.0142745971679688 -0.0188980102539063 -0.186599731445313 -0.247268676757813
-0.0111474990844727 -0.0101490020751953 0.12603759765625 -0.467620849609375
-0.00323104858398437 0.040069580078125 0.58795166015625 -0.3499755859375
-0.00675201416015625 0.0604972839355469 0.70892333984375 0.27923583984375
0.004913330078125 0.0637359619140625 0.30999755859375 0.77386474609375
-0.00553894042968751 0.133384704589844 -0.13568115234375 0.597412109375
-0.033447265625 0.141677856445313 0.028076171875 0.0256557464599609
0.00340270996093749 0.141082763671875 0.19415283203125 -0.62176513671875
0.0574417114257813 0.0892791748046875 -0.2989501953125 -0.8565673828125
0.0173377990722656 0.0518150329589844 -0.769287109375 -0.232177734375
-0.0354194641113281 0.0278892517089844 -0.507354736328125 0.405792236328125
-0.0195999145507812 -0.0204143524169922 -0.072265625 0.499176025390625
0.00323867797851563 -0.0363883972167969 0.2247314453125 0.260116577148438
0.0161151885986328 -0.0186901092529297 0.292449951171875 -0.033355712890625
0.0298919677734375 -0.0223636627197266 -0.250701904296875 0.0166015625
0.0171327590942383 -0.0145759582519531 -0.139785766601562 -0.25775146484375
0.00119400024414062 -0.00936412811279297 0.2222900390625 -0.452728271484375
0.00969314575195312 0.0355644226074219 0.66522216796875 -0.25799560546875
-0.00458145141601562 0.0534248352050781 0.65338134765625 0.41815185546875
-0.00484085083007813 0.0601119995117187 0.15899658203125 0.82684326171875
-0.0267105102539063 0.128883361816406 -0.20318603515625 0.541900634765625
-0.0374832153320312 0.130332946777344 0.0506019592285156 -0.0363388061523437
0.00856781005859374 0.124977111816406 0.11334228515625 -0.6719970703125
0.0603866577148437 0.0724105834960938 -0.43719482421875 -0.78515625
0.0279884338378906 0.0404281616210938 -0.7730712890625 -0.0900878906250002
-0.0198726654052734 0.0217456817626953 -0.40484619140625 0.46697998046875
-0.0106430053710938 -0.0187854766845703 0.02301025390625 0.496490478515625
0.000795364379882815 -0.0340938568115234 0.26507568359375 0.23809814453125
0.00850582122802734 -0.016963005065918 0.298248291015625 -0.04510498046875
0.0240345001220703 -0.0173149108886719 -0.246444702148437 0.00668334960937498
0.0209846496582031 -0.00827407836914063 -0.10009765625 -0.264389038085938
0.0198783874511719 -0.00656509399414063 0.302520751953125 -0.428680419921875
0.0231723785400391 0.0298595428466797 0.71917724609375 -0.15740966796875
-0.008087158203125 0.0386810302734375 0.580810546875 0.53955078125
-0.0168495178222656 0.0381240844726563 0.01934814453125 0.85955810546875
-0.0373687744140625 0.100006103515625 -0.250762939453125 0.487274169921875
-0.0267486572265625 0.0995712280273438 0.0722122192382813 -0.09100341796875
0.01348876953125 0.0894775390625 0.03411865234375 -0.7076416015625
0.0552825927734375 0.0441780090332031 -0.5478515625 -0.70574951171875
0.0337409973144531 0.0224018096923828 -0.7547607421875 0.0316162109374998
-0.00313949584960937 0.0118989944458008 -0.311920166015625 0.5069580078125
0.000934600830078123 -0.0156259536743164 0.102020263671875 0.47979736328125
-0.00227546691894531 -0.0272579193115234 0.29400634765625 0.21435546875
0.00126361846923828 -0.0120449066162109 0.2987060546875 -0.0595703125
0.0191764831542969 -0.0113601684570313 -0.242401123046875 -0.0018157958984375
0.0256671905517578 -0.000202178955078125 -0.07293701171875 -0.265304565429688
0.0391197204589844 -0.0025634765625 0.355133056640625 -0.404083251953125
0.0345287322998047 0.0220527648925781 0.74072265625 -0.08062744140625
-0.0115365982055664 0.0126495361328125 0.51263427734375 0.62518310546875
-0.0216712951660156 -0.00224685668945312 -0.08514404296875 0.86956787109375
-0.0268707275390625 0.0541763305664063 -0.277923583984375 0.445068359375
-0.00308609008789063 0.0504264831542969 0.0898056030273437 -0.128105163574219
0.0119972229003906 0.0388679504394531 -0.0203247070312499 -0.724609375
0.0390777587890625 0.0105247497558594 -0.6124267578125 -0.64251708984375
0.0318412780761719 0.00457954406738281 -0.7322998046875 0.11212158203125
0.0123319625854492 0.00103950500488281 -0.2491455078125 0.526275634765625
0.0139026641845703 -0.0118656158447266 0.14849853515625 0.46044921875
-0.0033111572265625 -0.0179576873779297 0.30859375 0.1922607421875
-0.00525760650634766 -0.00521993637084961 0.29522705078125 -0.075103759765625
0.0148944854736328 -0.00849246978759766 -0.24725341796875 -0.00863647460937501
0.0294036865234375 0.00873184204101563 -0.0671234130859375 -0.2685546875
0.0554237365722656 0.00274658203125 0.374847412109375 -0.394866943359375
0.0447120666503906 0.0121040344238281 0.7435302734375 -0.05023193359375
-0.0163936614990234 -0.0162630081176758 0.48931884765625 0.6636962890625
-0.0186538696289063 -0.0523147583007812 -0.1214599609375 0.87353515625
-0.000971794128417969 -0.005523681640625 -0.282501220703125 0.428314208984375
0.0292072296142578 -0.00878524780273438 0.09698486328125 -0.141647338867188
0.0102100372314453 -0.0178318023681641 -0.0411376953124999 -0.72607421875
0.0146942138671875 -0.0236988067626953 -0.637939453125 -0.61126708984375
0.0237445831298828 -0.0115299224853516 -0.72662353515625 0.14801025390625
0.0236492156982422 -0.00788116455078125 -0.226470947265625 0.53387451171875
0.0281143188476563 -0.00710296630859375 0.160736083984375 0.450042724609375
-0.00354766845703125 -0.0066828727722168 0.308868408203125 0.182586669921875
-0.00842380523681641 -0.000138282775878906 0.2889404296875 -0.083465576171875
0.0133705139160156 -0.00449275970458984 -0.254058837890625 -0.013580322265625
0.0306930541992188 0.0158290863037109 -0.0807342529296875 -0.272537231445313
0.0677337646484375 0.00721359252929688 0.353240966796875 -0.403106689453125
0.0493698120117188 0.00283050537109375 0.73651123046875 -0.07196044921875
-0.0224723815917969 -0.042144775390625 0.5118408203125 0.63873291015625
-0.0150985717773438 -0.105934143066406 -0.0842285156250001 0.873291015625
0.0329475402832031 -0.0677833557128906 -0.26776123046875 0.439117431640625
0.0684738159179688 -0.0693855285644531 0.0977554321289063 -0.127487182617188
0.00964355468749999 -0.0772018432617187 -0.0217285156249999 -0.71551513671875
-0.00857543945312501 -0.0579605102539063 -0.6212158203125 -0.62371826171875
0.008819580078125 -0.0235500335693359 -0.7376708984375 0.13372802734375
0.0304317474365234 -0.0139122009277344 -0.254425048828125 0.53369140625
0.0412979125976563 -0.0046234130859375 0.1348876953125 0.453094482421875
0.000300884246826172 0.00256133079528809 0.29608154296875 0.182952880859375
-0.00990867614746094 0.00549793243408203 0.28173828125 -0.088409423828125
0.0127534866333008 -0.00140190124511719 -0.263778686523438 -0.013397216796875
0.0286064147949219 0.0214290618896484 -0.116287231445313 -0.274246215820313
0.0703582763671875 0.0104751586914062 0.294830322265625 -0.42889404296875
0.0492744445800781 -0.00334930419921875 0.704345703125 -0.144287109375
-0.0319290161132813 -0.0589714050292969 0.57562255859375 0.56463623046875
-0.0240936279296875 -0.146759033203125 0.0221557617187501 0.867919921875
0.0521697998046875 -0.123283386230469 -0.236083984375 0.48175048828125
0.105110168457031 -0.119682312011719 0.087677001953125 -0.0890655517578125
0.0185546875 -0.129241943359375 0.033203125 -0.69482421875
-0.0261154174804688 -0.09075927734375 -0.5587158203125 -0.67559814453125
-0.00844955444335938 -0.0338897705078125 -0.76116943359375 0.0670776367187499
0.0295314788818359 -0.0171527862548828 -0.322479248046875 0.52069091796875
0.0509605407714844 -0.001617431640625 0.077362060546875 0.465240478515625
0.00526332855224609 0.00876331329345703 0.271835327148438 0.195877075195313
-0.00812911987304688 0.00871753692626953 0.27587890625 -0.0862884521484375
0.0393142700195313 -0.0288352966308594 -0.265350341796875 0.036773681640625
0.0132160186767578 -0.0209293365478516 -0.235122680664063 -0.228302001953125
-0.0180931091308594 -0.00866889953613281 0.02508544921875 -0.465301513671875
-0.0127449035644531 0.0409278869628906 0.491607666015625 -0.428314208984375
-0.0123214721679687 0.0618057250976563 0.7342529296875 0.138427734375
0.00653076171875 0.0540695190429688 0.45001220703125 0.69915771484375
0.0175704956054688 0.116661071777344 -0.05364990234375 0.638427734375
-0.0160369873046875 0.131950378417969 0.00836944580078125 0.0856094360351563
0.00624847412109375 0.132339477539063 0.258544921875 -0.56341552734375
0.0513381958007813 0.0867385864257813 -0.1583251953125 -0.9027099609375
0.00548171997070312 0.0543746948242188 -0.74066162109375 -0.36541748046875
-0.0452957153320312 0.0316848754882813 -0.59075927734375 0.33502197265625
-0.026275634765625 -0.0186328887939453 -0.1600341796875 0.490325927734375
0.00271224975585937 -0.036163330078125 0.184738159179688 0.270858764648438
0.0201892852783203 -0.0215167999267578 0.283172607421875 -0.030364990234375
0.0341224670410156 -0.0263843536376953 -0.25762939453125 0.030242919921875
0.0137729644775391 -0.0187721252441406 -0.189422607421875 -0.2432861328125
-0.0110559463500977 -0.0100669860839844 0.1187744140625 -0.468353271484375
-0.00268173217773438 0.0395698547363281 0.581787109375 -0.35894775390625
-0.00600051879882813 0.0600433349609375 0.713623046875 0.2674560546875
0.00547790527343749 0.0641860961914063 0.3214111328125 0.76983642578125
-0.00352478027343751 0.133979797363281 -0.1273193359375 0.5985107421875
-0.0310211181640625 0.141769409179688 0.0268936157226562 0.025177001953125
0.00655364990234375 0.140220642089844 0.18341064453125 -0.62249755859375
0.058868408203125 0.087310791015625 -0.31121826171875 -0.8524169921875
0.0185775756835938 0.0515899658203125 -0.7720947265625 -0.21966552734375
-0.0333995819091797 0.0288047790527344 -0.50042724609375 0.414031982421875
-0.0206489562988281 -0.0193653106689453 -0.063690185546875 0.499176025390625
0.00174331665039063 -0.0370597839355469 0.229385375976562 0.25653076171875
0.0154819488525391 -0.0192222595214844 0.29193115234375 -0.038848876953125
0.0298233032226563 -0.0229701995849609 -0.250350952148438 0.021087646484375
0.0164670944213867 -0.0150442123413086 -0.14422607421875 -0.25421142578125
0.00118064880371094 -0.00915050506591797 0.214385986328125 -0.456878662109375
0.0104827880859375 0.0353813171386719 0.66070556640625 -0.26849365234375
-0.0041351318359375 0.053619384765625 0.6605224609375 0.40618896484375
-0.00468826293945313 0.0608634948730469 0.17132568359375 0.82513427734375
-0.0250778198242188 0.129074096679688 -0.195068359375 0.544219970703125
-0.035125732421875 0.130783081054688 0.049224853515625 -0.037017822265625
0.0114669799804688 0.124969482421875 0.101806640625 -0.67327880859375
0.0622940063476563 0.0709381103515625 -0.4510498046875 -0.777587890625
0.0294685363769531 0.0401535034179688 -0.77203369140625 -0.0778808593749999
-0.0189743041992187 0.02166748046875 -0.397064208984375 0.475067138671875
-0.0114860534667969 -0.0191726684570313 0.03240966796875 0.49505615234375
0.000585556030273437 -0.0344886779785156 0.268463134765625 0.234176635742187
0.00871658325195313 -0.0164518356323242 0.297576904296875 -0.05059814453125
0.0234928131103516 -0.0172176361083984 -0.246505737304688 0.0104827880859375
0.0192356109619141 -0.00854873657226562 -0.104888916015625 -0.261016845703125
0.0196456909179687 -0.00802993774414063 0.29681396484375 -0.43292236328125
0.0241413116455078 0.0297107696533203 0.71514892578125 -0.16937255859375
-0.00748825073242188 0.0381202697753906 0.58819580078125 0.53106689453125
-0.0162696838378906 0.0379447937011719 0.0316772460937499 0.85919189453125
-0.0358810424804688 0.101341247558594 -0.244232177734375 0.491790771484375
-0.0249176025390625 0.099456787109375 0.0703811645507813 -0.09112548828125
0.0151138305664063 0.0893707275390625 0.0245361328125 -0.70721435546875
0.0566520690917969 0.0429191589355469 -0.55694580078125 -0.69622802734375
0.0342731475830078 0.0220680236816406 -0.75384521484375 0.0430297851562499
-0.00267124176025391 0.011958122253418 -0.3021240234375 0.511688232421875
0.000474929809570313 -0.016169548034668 0.109893798828125 0.47796630859375
-0.00279808044433594 -0.0271968841552734 0.29742431640625 0.20867919921875
0.00157928466796875 -0.0116472244262695 0.297760009765625 -0.064605712890625
0.0192966461181641 -0.0122661590576172 -0.244216918945313 0.00291442871093755
0.0254783630371094 -0.00100517272949219 -0.0777435302734375 -0.263580322265625
0.0383834838867188 -0.0024871826171875 0.349639892578125 -0.41082763671875
0.0354957580566406 0.0220527648925781 0.73760986328125 -0.09344482421875
-0.0121545791625977 0.0136508941650391 0.5230712890625 0.61553955078125
-0.0219802856445313 -0.00132179260253907 -0.07354736328125 0.87066650390625
-0.0257835388183594 0.0543632507324219 -0.27056884765625 0.448944091796875
-0.00209808349609375 0.0496101379394531 0.08709716796875 -0.128608703613281
0.0135688781738281 0.0385055541992187 -0.0308227539062499 -0.72296142578125
0.0390434265136719 0.0102005004882813 -0.62115478515625 -0.63287353515625
0.0319271087646484 0.00328445434570312 -0.73187255859375 0.1253662109375
0.0118703842163086 0.00118827819824219 -0.23907470703125 0.52880859375
0.0135049819946289 -0.0121927261352539 0.155303955078125 0.457550048828125
-0.00419044494628906 -0.0174379348754883 0.310577392578125 0.18756103515625
-0.00569868087768555 -0.00558948516845703 0.292266845703125 -0.080169677734375
0.0149812698364258 -0.00839900970458984 -0.248443603515625 -0.0048370361328125
0.0287265777587891 0.00839042663574219 -0.0709991455078125 -0.266998291015625
0.0547828674316406 0.001983642578125 0.369537353515625 -0.4031982421875
0.0443763732910156 0.011138916015625 0.74365234375 -0.06298828125
-0.0172500610351562 -0.0158615112304688 0.49957275390625 0.653564453125
-0.0190849304199219 -0.0508041381835938 -0.1080322265625 0.87554931640625
4.00543212890626E-05 -0.00475645065307617 -0.27569580078125 0.432464599609375
0.0295467376708984 -0.00939559936523438 0.094573974609375 -0.141799926757813
0.00967025756835938 -0.0190505981445312 -0.0528564453125001 -0.7232666015625
0.0146923065185547 -0.0236701965332031 -0.64605712890625 -0.60162353515625
0.0233936309814453 -0.0118999481201172 -0.72210693359375 0.16094970703125
0.0239067077636719 -0.00794601440429688 -0.218231201171875 0.537109375
0.028228759765625 -0.00821304321289063 0.1673583984375 0.4478759765625
-0.00319004058837891 -0.00678873062133789 0.311920166015625 0.17706298828125
-0.00891208648681641 0.000182151794433595 0.287109375 -0.088409423828125
0.0131492614746094 -0.00403404235839844 -0.254364013671875 -0.00898742675781248
0.0311126708984375 0.01568603515625 -0.08551025390625 -0.27020263671875
0.0670433044433594 0.0063934326171875 0.34735107421875 -0.410369873046875
0.0493316650390625 0.00233078002929688 0.73358154296875 -0.084228515625
-0.022735595703125 -0.0428924560546875 0.52252197265625 0.630126953125
-0.0167465209960938 -0.104965209960938 -0.0697631835937499 0.87353515625
0.0319252014160156 -0.0670661926269531 -0.26141357421875 0.443023681640625
0.0675277709960938 -0.070648193359375 0.0954360961914063 -0.128959655761719
0.00793457031249999 -0.0776519775390625 -0.03106689453125 -0.71612548828125
-0.00909042358398437 -0.0583953857421875 -0.6287841796875 -0.61419677734375
0.00862884521484375 -0.0242748260498047 -0.73486328125 0.1448974609375
0.0306053161621094 -0.0142669677734375 -0.246673583984375 0.53790283203125
0.0412101745605469 -0.00472259521484375 0.1419677734375 0.45037841796875
0.00110507011413574 0.00226807594299316 0.298248291015625 0.17718505859375
-0.0100870132446289 0.00556182861328125 0.280105590820313 -0.0925445556640625
0.012908935546875 -0.00183582305908203 -0.262741088867187 -0.00827026367187505
0.0291481018066406 0.0216350555419922 -0.120513916015625 -0.270416259765625
0.0709609985351563 0.0096435546875 0.288360595703125 -0.43438720703125
0.0493736267089844 -0.00509262084960938 0.70281982421875 -0.15594482421875
-0.0338592529296875 -0.0580596923828125 0.58612060546875 0.55517578125
-0.0267791748046875 -0.145706176757813 0.0349121093749999 0.8662109375
0.0513916015625 -0.123641967773438 -0.2291259765625 0.483062744140625
0.103340148925781 -0.121467590332031 0.0858535766601563 -0.08941650390625
0.0160140991210938 -0.130279541015625 0.0225830078125 -0.696044921875
-0.0277633666992188 -0.0904388427734375 -0.5682373046875 -0.66888427734375
-0.00832557678222656 -0.0338935852050781 -0.76043701171875 0.0787353515624999
0.0293464660644531 -0.0171566009521484 -0.31329345703125 0.524627685546875
0.0506210327148438 -0.00270462036132813 0.08447265625 0.4642333984375
0.00584125518798828 0.00914573669433594 0.27520751953125 0.190933227539063
-0.00796222686767578 0.00911903381347656 0.274383544921875 -0.089813232421875
0.0374984741210938 -0.0302581787109375 -0.26422119140625 0.041748046875
0.0128536224365234 -0.0214805603027344 -0.238555908203125 -0.223419189453125
-0.0185127258300781 -0.00885963439941406 0.016571044921875 -0.464752197265625
-0.0120582580566406 0.041473388671875 0.4847412109375 -0.435302734375
-0.0103340148925781 0.0621070861816406 0.7369384765625 0.12744140625
0.00883865356445313 0.0553245544433594 0.4571533203125 0.69317626953125
0.019195556640625 0.117393493652344 -0.0455932617187499 0.6368408203125
-0.0135421752929688 0.131126403808594 0.0087890625 0.085479736328125
0.00820159912109376 0.13165283203125 0.24969482421875 -0.56378173828125
0.0534820556640625 0.08526611328125 -0.17022705078125 -0.8978271484375
0.00654602050781249 0.0540275573730469 -0.7432861328125 -0.3531494140625
-0.0445365905761719 0.0324325561523437 -0.5833740234375 0.34423828125
-0.0276393890380859 -0.0180721282958984 -0.153472900390625 0.490753173828125
0.0016937255859375 -0.0353126525878906 0.1893310546875 0.268020629882813
0.0203895568847656 -0.0214805603027344 0.28179931640625 -0.035308837890625
0.034210205078125 -0.0273513793945313 -0.25628662109375 0.03509521484375
0.0130043029785156 -0.0196685791015625 -0.194183349609375 -0.238082885742188
-0.0128116607666016 -0.00945758819580078 0.111724853515625 -0.468963623046875
-0.0020599365234375 0.0390472412109375 0.57568359375 -0.36676025390625
-0.00445556640625 0.0603370666503906 0.7156982421875 0.25628662109375
0.00652694702148438 0.0644378662109375 0.33160400390625 0.7630615234375
-0.00137329101562499 0.133377075195313 -0.11962890625 0.59954833984375
-0.02874755859375 0.141311645507813 0.0272197723388672 0.0248622894287109
0.00817871093750001 0.13922119140625 0.1748046875 -0.62384033203125
0.0606918334960938 0.0858993530273438 -0.3240966796875 -0.84503173828125
0.0198287963867188 0.051513671875 -0.77435302734375 -0.2080078125
-0.0330753326416016 0.0296821594238281 -0.4906005859375 0.420013427734375
-0.0212268829345703 -0.0192546844482422 -0.05682373046875 0.49957275390625
0.00150680541992188 -0.0375595092773438 0.2325439453125 0.25238037109375
0.0157699584960938 -0.0196857452392578 0.2904052734375 -0.043182373046875
0.028564453125 -0.0234870910644531 -0.249969482421875 0.025390625
0.0151548385620117 -0.0153064727783203 -0.148147583007812 -0.251007080078125
0.00126171112060547 -0.00937271118164063 0.207305908203125 -0.457122802734375
0.0108203887939453 0.0349388122558594 0.65631103515625 -0.27752685546875
-0.00341415405273437 0.0528182983398438 0.6646728515625 0.39715576171875
-0.0040435791015625 0.0602226257324219 0.18170166015625 0.8197021484375
-0.0238876342773437 0.130149841308594 -0.187774658203125 0.545684814453125
-0.0328292846679688 0.129997253417969 0.0487098693847656 -0.036651611328125
0.0129928588867188 0.122947692871094 0.0938720703125 -0.6719970703125
0.0631599426269531 0.0698394775390625 -0.45941162109375 -0.77020263671875
0.0297470092773438 0.0390090942382813 -0.77325439453125 -0.0635986328124999
-0.0180454254150391 0.0226421356201172 -0.388763427734375 0.479461669921875
-0.011444091796875 -0.0189990997314453 0.039581298828125 0.4923095703125
-0.000675201416015623 -0.0343589782714844 0.272537231445313 0.228851318359375
0.00893783569335937 -0.0163259506225586 0.296051025390625 -0.055389404296875
0.0231552124023438 -0.0185565948486328 -0.2459716796875 0.015655517578125
0.0194377899169922 -0.00901222229003906 -0.109039306640625 -0.257766723632813
0.0181941986083984 -0.00790023803710938 0.289337158203125 -0.436981201171875
0.0243072509765625 0.0291023254394531 0.71099853515625 -0.18035888671875
-0.0067291259765625 0.0379600524902344 0.5946044921875 0.5203857421875
-0.0161056518554688 0.0390548706054687 0.0427246093749999 0.85626220703125
-0.0345077514648437 0.1011962890625 -0.237030029296875 0.492523193359375
-0.02362060546875 0.0988006591796875 0.0689620971679688 -0.0916213989257813
0.0165252685546875 0.0881195068359375 0.01361083984375 -0.7052001953125
0.0567283630371094 0.0419120788574219 -0.5655517578125 -0.6878662109375
0.0346088409423828 0.0214881896972656 -0.7515869140625 0.0556640625000001
-0.00220966339111328 0.0122604370117188 -0.29278564453125 0.5159912109375
-4.95910644531261E-05 -0.0158853530883789 0.117034912109375 0.47412109375
-0.00362014770507812 -0.0273799896240234 0.30047607421875 0.203521728515625
0.00143623352050781 -0.0118646621704102 0.295440673828125 -0.070404052734375
0.0191287994384766 -0.0135688781738281 -0.2432861328125 0.00703430175781248
0.0253925323486328 -0.00139808654785156 -0.0822601318359375 -0.2606201171875
0.0376014709472656 -0.00329971313476562 0.3406982421875 -0.415069580078125
0.0359916687011719 0.0207061767578125 0.73504638671875 -0.10430908203125
-0.0117864608764648 0.0131454467773438 0.52996826171875 0.6070556640625
-0.0221996307373047 0.000457763671874996 -0.0619506835937501 0.87103271484375
-0.0254936218261719 0.0544586181640625 -0.26495361328125 0.45037841796875
-0.00064468383789063 0.0491905212402344 0.0839691162109375 -0.129135131835938
0.0142784118652344 0.03765869140625 -0.04266357421875 -0.72088623046875
0.0398445129394531 0.00934982299804688 -0.63043212890625 -0.6207275390625
0.0320472717285156 0.00237083435058594 -0.72845458984375 0.13543701171875
0.0123519897460938 0.00116920471191406 -0.230255126953125 0.5330810546875
0.0137147903442383 -0.0121164321899414 0.163665771484375 0.453826904296875
-0.00443363189697266 -0.0170984268188477 0.313873291015625 0.182098388671875
-0.00648689270019531 -0.00431537628173828 0.29071044921875 -0.085296630859375
0.0148277282714844 -0.00912857055664063 -0.247406005859375 -0.000305175781249999
0.0290241241455078 0.00758171081542969 -0.07501220703125 -0.265029907226563
0.0544319152832031 0.000885009765625 0.361846923828125 -0.407379150390625
0.0444259643554688 0.00957107543945313 0.740234375 -0.07421875
-0.0172033309936523 -0.0156669616699219 0.5081787109375 0.6441650390625
-0.0199203491210937 -0.050323486328125 -0.0953369140625 0.87530517578125
-0.000667572021484375 -0.00431203842163086 -0.2698974609375 0.433685302734375
0.0294589996337891 -0.00985908508300781 0.09197998046875 -0.1419677734375
0.00955963134765625 -0.0187721252441406 -0.0618286132812501 -0.720703125
0.0144500732421875 -0.0245037078857422 -0.65545654296875 -0.58831787109375
0.023406982421875 -0.0131015777587891 -0.719482421875 0.17144775390625
0.024261474609375 -0.00831031799316406 -0.208587646484375 0.53961181640625
0.0280208587646484 -0.00885200500488281 0.174224853515625 0.4429931640625
-0.00278329849243164 -0.00686454772949219 0.31396484375 0.17120361328125
-0.00838899612426758 0.000532627105712889 0.285247802734375 -0.093170166015625
0.0127944946289063 -0.00438785552978516 -0.254287719726563 -0.00379943847656248
0.0307712554931641 0.0148487091064453 -0.088836669921875 -0.267654418945313
0.0676460266113281 0.00482940673828125 0.341644287109375 -0.414337158203125
0.0488548278808594 0.000644683837890625 0.730712890625 -0.09661865234375
-0.0231781005859375 -0.0421829223632813 0.52996826171875 0.620361328125
-0.0178604125976563 -0.104072570800781 -0.05792236328125 0.87286376953125
0.0317420959472656 -0.0668792724609375 -0.255767822265625 0.44586181640625
0.066436767578125 -0.0722198486328125 0.0931015014648438 -0.12896728515625
0.00740814208984376 -0.0783233642578125 -0.0422363281250001 -0.71209716796875
-0.0106658935546875 -0.058319091796875 -0.63720703125 -0.605224609375
0.0082244873046875 -0.0250453948974609 -0.73211669921875 0.1568603515625
0.0295867919921875 -0.0148124694824219 -0.235076904296875 0.54058837890625
0.0414199829101562 -0.00594711303710937 0.14874267578125 0.44659423828125
0.00094914436340332 0.00267243385314941 0.302154541015625 0.172149658203125
-0.00973987579345703 0.00615024566650391 0.278488159179688 -0.0976409912109375
0.0123662948608398 -0.00165081024169922 -0.263336181640625 -0.00332641601562494
0.0293903350830078 0.0210456848144531 -0.123458862304687 -0.2669677734375
0.0705108642578125 0.007598876953125 0.281768798828125 -0.43670654296875
0.0496635437011719 -0.006378173828125 0.69818115234375 -0.16754150390625
-0.0350570678710938 -0.0576210021972656 0.59075927734375 0.54571533203125
-0.0287933349609375 -0.144638061523438 0.0475463867187501 0.86566162109375
0.04962158203125 -0.122970581054688 -0.221710205078125 0.486663818359375
0.10205078125 -0.1229248046875 0.084228515625 -0.0899429321289063
0.014862060546875 -0.130538940429688 0.0137939453125 -0.69281005859375
-0.0285873413085937 -0.0901718139648438 -0.5767822265625 -0.65716552734375
-0.00919914245605469 -0.0338840484619141 -0.75799560546875 0.09063720703125
0.0289859771728516 -0.0175971984863281 -0.302978515625 0.529693603515625
0.0506706237792969 -0.0037841796875 0.092864990234375 0.460052490234375
0.00552082061767578 0.00904941558837891 0.278244018554688 0.186737060546875
-0.00844001770019531 0.00997543334960938 0.27130126953125 -0.09368896484375
0.0380134582519531 -0.0302848815917969 -0.263015747070313 0.0464324951171875
0.0119533538818359 -0.0223960876464844 -0.240371704101563 -0.217742919921875
-0.0192775726318359 -0.00858497619628906 0.01068115234375 -0.462371826171875
-0.011444091796875 0.0416259765625 0.475372314453125 -0.44024658203125
-0.0100555419921875 0.0622024536132813 0.73333740234375 0.11767578125
0.0073394775390625 0.0561103820800781 0.4654541015625 0.6839599609375
0.0206756591796875 0.115814208984375 -0.0347900390625 0.6351318359375
-0.01165771484375 0.130195617675781 0.00981140136718749 0.085052490234375
0.0103073120117187 0.130844116210938 0.24041748046875 -0.56524658203125
0.0544586181640625 0.083526611328125 -0.18414306640625 -0.8924560546875
0.00847244262695313 0.053314208984375 -0.74481201171875 -0.3392333984375
-0.0441207885742188 0.0343513488769531 -0.5750732421875 0.35272216796875
-0.0272216796875 -0.0176544189453125 -0.14385986328125 0.491455078125
0.00121688842773437 -0.0367355346679688 0.19195556640625 0.263351440429688
0.0194759368896484 -0.0228290557861328 0.279678344726563 -0.0401153564453125
0.0327053070068359 -0.0277729034423828 -0.254226684570313 0.038116455078125
0.0125522613525391 -0.0198154449462891 -0.197128295898438 -0.233322143554687
-0.0122995376586914 -0.00847530364990235 0.103363037109375 -0.466827392578125
-0.00119400024414062 0.0386772155761719 0.5677490234375 -0.37457275390625
-0.0040740966796875 0.0608253479003906 0.7161865234375 0.2457275390625
0.00680923461914063 0.063873291015625 0.3397216796875 0.75518798828125
0.000869750976562493 0.133651733398438 -0.11004638671875 0.59588623046875
-0.026519775390625 0.140899658203125 0.0272102355957031 0.0250911712646484
0.0114364624023437 0.138252258300781 0.16412353515625 -0.62322998046875
0.0620651245117188 0.0848007202148438 -0.3348388671875 -0.8382568359375
0.020751953125 0.051177978515625 -0.7725830078125 -0.1954345703125
-0.031982421875 0.0306739807128906 -0.48199462890625 0.42620849609375
-0.0206260681152344 -0.0192928314208984 -0.04876708984375 0.4959716796875
0.000682830810546873 -0.0368118286132813 0.236404418945313 0.247024536132813
0.0148887634277344 -0.0204944610595703 0.2884521484375 -0.047760009765625
0.0279712677001953 -0.0242538452148438 -0.248443603515625 0.0293579101562499
0.01446533203125 -0.0161848068237305 -0.151138305664063 -0.245941162109375
6.67572021484379E-05 -0.00939273834228516 0.200164794921875 -0.45660400390625
0.0105190277099609 0.0345630645751953 0.64874267578125 -0.28570556640625
-0.00311660766601562 0.0532913208007813 0.66839599609375 0.38525390625
-0.00349426269531251 0.0611038208007813 0.19158935546875 0.81597900390625
-0.0212249755859375 0.12982177734375 -0.17950439453125 0.545135498046875
-0.0306243896484375 0.129364013671875 0.0471000671386719 -0.037017822265625
0.0160903930664063 0.123100280761719 0.0844116210937501 -0.6697998046875
0.0642356872558594 0.0683975219726563 -0.46966552734375 -0.75982666015625
0.0311317443847656 0.0384597778320313 -0.770263671875 -0.0545654296874999
-0.0173912048339844 0.0228538513183594 -0.378631591796875 0.482208251953125
-0.0124130249023438 -0.0181446075439453 0.0467529296875 0.489410400390625
-0.0013885498046875 -0.0345993041992187 0.27484130859375 0.223220825195312
0.00809478759765625 -0.0165243148803711 0.293487548828125 -0.06005859375
0.0219306945800781 -0.0189304351806641 -0.24481201171875 0.019805908203125
0.0187149047851563 -0.00905799865722656 -0.111846923828125 -0.253799438476563
0.0184841156005859 -0.00798416137695313 0.280975341796875 -0.43731689453125
0.0244655609130859 0.0279426574707031 0.704833984375 -0.19024658203125
-0.00604248046875 0.0380592346191406 0.6002197265625 0.509521484375
-0.0160865783691406 0.0397148132324219 0.0530395507812499 0.85162353515625
-0.0328903198242188 0.102066040039062 -0.22906494140625 0.49444580078125
-0.0211181640625 0.0978164672851562 0.0672836303710938 -0.0917282104492188
0.0177078247070313 0.0869674682617188 0.00531005859375003 -0.7015380859375
0.0578842163085938 0.0397796630859375 -0.573974609375 -0.67755126953125
0.0346527099609375 0.0204601287841797 -0.74798583984375 0.06585693359375
-0.00205898284912109 0.012578010559082 -0.282440185546875 0.51776123046875
0.000144958496093749 -0.0156087875366211 0.123809814453125 0.46923828125
-0.00390434265136719 -0.0276260375976563 0.3023681640625 0.19793701171875
0.000756263732910157 -0.0114803314208984 0.293212890625 -0.07427978515625
0.0174179077148438 -0.0126142501831055 -0.241561889648438 0.0106048583984375
0.0244579315185547 -0.00217628479003906 -0.0857086181640625 -0.2578125
0.0374565124511719 -0.0048065185546875 0.33416748046875 -0.4180908203125
0.0358428955078125 0.0191612243652344 0.73004150390625 -0.11517333984375
-0.0128107070922852 0.0132808685302734 0.536865234375 0.59674072265625
-0.0223655700683594 0.000768661499023433 -0.04949951171875 0.8671875
-0.0246009826660156 0.0555458068847656 -0.2572021484375 0.451904296875
0.000194549560546877 0.0482368469238281 0.0816574096679688 -0.129676818847656
0.0148506164550781 0.0370330810546875 -0.0541381835937499 -0.7159423828125
0.040130615234375 0.00785446166992188 -0.63623046875 -0.609375
0.0324630737304687 0.0016632080078125 -0.72320556640625 0.14581298828125
0.0124568939208984 0.00107192993164063 -0.2188720703125 0.533203125
0.01263427734375 -0.0121755599975586 0.16888427734375 0.448760986328125
-0.00505638122558594 -0.0177440643310547 0.31585693359375 0.175384521484375
-0.00606298446655273 -0.00437355041503906 0.287872314453125 -0.089019775390625
0.0152645111083984 -0.00944042205810547 -0.24700927734375 0.00431823730468747
0.028228759765625 0.00758743286132813 -0.0781707763671875 -0.26031494140625
0.0550498962402344 -0.000186920166015625 0.353790283203125 -0.4100341796875
0.0448646545410156 0.00893783569335938 0.73492431640625 -0.083984375
-0.0177707672119141 -0.0155773162841797 0.5135498046875 0.634033203125
-0.01971435546875 -0.0487403869628906 -0.082763671875 0.87237548828125
0.000651121139526367 -0.0032804012298584 -0.264129638671875 0.43646240234375
0.0292873382568359 -0.0106258392333984 0.0891265869140625 -0.141265869140625
0.00815391540527344 -0.0194606781005859 -0.072021484375 -0.71502685546875
0.0141696929931641 -0.0247879028320313 -0.6612548828125 -0.5775146484375
0.0228042602539063 -0.0135002136230469 -0.7142333984375 0.18109130859375
0.0236568450927734 -0.00868606567382813 -0.19921875 0.54052734375
0.0276775360107422 -0.00958442687988281 0.18023681640625 0.438079833984375
-0.00355195999145508 -0.00687551498413086 0.31536865234375 0.16644287109375
-0.00841951370239258 0.000983238220214844 0.28179931640625 -0.097900390625
0.0129814147949219 -0.00444984436035156 -0.2530517578125 0.00114440917968749
0.0307216644287109 0.0152969360351563 -0.0924835205078125 -0.262985229492188
0.0662078857421875 0.00370407104492188 0.333251953125 -0.4176025390625
0.0496482849121094 -0.00014495849609375 0.72576904296875 -0.10711669921875
-0.0247535705566406 -0.0419769287109375 0.53546142578125 0.61029052734375
-0.01947021484375 -0.101707458496094 -0.04693603515625 0.870849609375
0.0300636291503906 -0.0670356750488281 -0.248626708984375 0.44781494140625
0.0658035278320313 -0.0723114013671875 0.0905609130859375 -0.129180908203125
0.00642395019531251 -0.0783157348632813 -0.051513671875 -0.70843505859375
-0.0107345581054687 -0.0579109191894531 -0.64349365234375 -0.59149169921875
0.00736236572265625 -0.0253944396972656 -0.7255859375 0.16717529296875
0.0294246673583984 -0.0156974792480469 -0.2252197265625 0.540618896484375
0.0413932800292969 -0.00624847412109375 0.1558837890625 0.440826416015625
0.000615596771240234 0.00261259078979492 0.303253173828125 0.16766357421875
-0.00892353057861328 0.00666141510009766 0.275360107421875 -0.101608276367188
0.0125007629394531 -0.00218296051025391 -0.262481689453125 0.000289916992187473
0.0293769836425781 0.0207614898681641 -0.127243041992188 -0.2626953125
0.0704193115234375 0.00655364990234375 0.2735595703125 -0.440032958984375
0.0489387512207031 -0.00688934326171875 0.69293212890625 -0.17779541015625
-0.0356559753417969 -0.0570030212402344 0.59844970703125 0.53326416015625
-0.031402587890625 -0.143218994140625 0.05877685546875 0.86151123046875
0.0484085083007813 -0.122451782226563 -0.21392822265625 0.487701416015625
0.0994338989257812 -0.124008178710937 0.0824966430664063 -0.0902633666992188
0.0120391845703125 -0.130813598632813 0.00335693359375002 -0.68853759765625
-0.0298690795898438 -0.0906829833984375 -0.583740234375 -0.6458740234375
-0.00972557067871093 -0.0344047546386719 -0.752197265625 0.10107421875
0.0295333862304688 -0.0183982849121094 -0.293121337890625 0.53155517578125
0.05084228515625 -0.00468826293945313 0.098785400390625 0.456695556640625
0.00588750839233398 0.00877857208251953 0.2794189453125 0.181167602539062
-0.00724601745605469 0.00963973999023438 0.268035888671875 -0.09796142578125
0.036529541015625 -0.0316886901855469 -0.261688232421875 0.05035400390625
0.0120582580566406 -0.0225601196289063 -0.243499755859375 -0.212448120117187
-0.0188198089599609 -0.00818824768066406 0.00485229492187498 -0.458282470703125
-0.0108108520507813 0.0415000915527344 0.4664306640625 -0.444671630859375
-0.00901412963867188 0.0620079040527344 0.730224609375 0.10540771484375
0.00788497924804687 0.0566062927246094 0.47064208984375 0.67431640625
0.0219268798828125 0.114913940429688 -0.0281982421874999 0.63067626953125
-0.0094451904296875 0.128799438476562 0.0106430053710937 0.0838470458984375
0.0123748779296875 0.129722595214844 0.2308349609375 -0.56353759765625
0.0550308227539063 0.0821304321289063 -0.1920166015625 -0.882080078125
0.00902938842773438 0.0529632568359375 -0.74566650390625 -0.3270263671875
-0.0422592163085937 0.03497314453125 -0.56573486328125 0.35552978515625
-0.0279560089111328 -0.0175533294677734 -0.136444091796875 0.49066162109375
0.000251770019531248 -0.0361709594726563 0.194747924804688 0.259078979492188
0.0189876556396484 -0.0217876434326172 0.277267456054688 -0.0441131591796875
0.0327053070068359 -0.0278759002685547 -0.252792358398438 0.04266357421875
0.0116138458251953 -0.0204639434814453 -0.199432373046875 -0.227890014648437
-0.0127162933349609 -0.00852489471435547 0.097198486328125 -0.465484619140625
-0.0010986328125 0.0393524169921875 0.55999755859375 -0.3804931640625
-0.00270462036132812 0.0598678588867188 0.71527099609375 0.23388671875
0.00766754150390625 0.0641975402832031 0.34686279296875 0.74737548828125
0.00234222412109374 0.132637023925781 -0.10333251953125 0.59307861328125
-0.0242385864257813 0.139076232910156 0.0271282196044922 0.0241184234619141
0.0130996704101562 0.136589050292969 0.15618896484375 -0.62054443359375
0.0624465942382812 0.0821151733398437 -0.34295654296875 -0.82672119140625
0.02215576171875 0.0504684448242188 -0.7706298828125 -0.184326171875
-0.0312061309814453 0.0302772521972656 -0.47418212890625 0.4307861328125
-0.0215187072753906 -0.0189800262451172 -0.041015625 0.493896484375
-0.00025177001953125 -0.0368461608886719 0.238174438476563 0.242843627929688
0.0143756866455078 -0.0201301574707031 0.285888671875 -0.052398681640625
0.0276527404785156 -0.024383544921875 -0.246337890625 0.032806396484375
0.0140962600708008 -0.0157175064086914 -0.153961181640625 -0.24090576171875
0.000158309936523437 -0.00945377349853516 0.192779541015625 -0.45745849609375
0.0117473602294922 0.0342922210693359 0.64154052734375 -0.29205322265625
-0.00247573852539063 0.052886962890625 0.667724609375 0.3760986328125
-0.0025634765625 0.0611152648925781 0.2017822265625 0.80767822265625
-0.0195770263671875 0.128555297851563 -0.17169189453125 0.54241943359375
-0.028717041015625 0.128753662109375 0.0465469360351563 -0.0371170043945312
0.0174942016601562 0.1217041015625 0.07196044921875 -0.665771484375
0.0652084350585938 0.0668525695800781 -0.47625732421875 -0.7493896484375
0.0315017700195313 0.0376434326171875 -0.76580810546875 -0.04364013671875
-0.016845703125 0.0232162475585938 -0.3697509765625 0.486480712890625
-0.0120258331298828 -0.0188007354736328 0.0543212890625 0.485076904296875
-0.00227928161621094 -0.0338821411132813 0.27691650390625 0.218215942382813
0.00751399993896484 -0.016779899597168 0.29071044921875 -0.064300537109375
0.0215396881103516 -0.0191936492919922 -0.243896484375 0.0238189697265625
0.0187263488769531 -0.0095062255859375 -0.114700317382813 -0.250442504882812
0.0178699493408203 -0.00739860534667969 0.274932861328125 -0.439697265625
0.0250358581542969 0.0271167755126953 0.69842529296875 -0.1995849609375
-0.00586700439453125 0.0378074645996094 0.60369873046875 0.49853515625
-0.0149688720703125 0.0399742126464844 0.0654296874999999 0.84527587890625
-0.03094482421875 0.102378845214844 -0.222930908203125 0.491943359375
-0.0204315185546875 0.0968093872070313 0.0653533935546875 -0.0914230346679688
0.0189743041992188 0.0857620239257813 -0.00457763671875003 -0.69683837890625
0.0582084655761719 0.0387916564941406 -0.5789794921875 -0.66485595703125
0.0358352661132813 0.0190582275390625 -0.741943359375 0.0753173828125001
-0.000889778137207033 0.0128364562988281 -0.273834228515625 0.51776123046875
-0.000641822814941407 -0.0158090591430664 0.13018798828125 0.4642333984375
-0.00398445129394532 -0.0279922485351563 0.303863525390625 0.192535400390625
0.000284194946289062 -0.0117969512939453 0.29046630859375 -0.078460693359375
0.0174808502197266 -0.0136451721191406 -0.240219116210937 0.015106201171875
0.0240879058837891 -0.00165367126464844 -0.0875701904296875 -0.253524780273438
0.037109375 -0.00536727905273437 0.32745361328125 -0.419403076171875
0.035491943359375 0.0186080932617188 0.72296142578125 -0.124267578125
-0.0117740631103516 0.01336669921875 0.540283203125 0.5865478515625
-0.02227783203125 0.00132179260253906 -0.0399169921874999 0.86322021484375
-0.0235824584960937 0.0555534362792969 -0.2515869140625 0.45355224609375
0.000778198242187495 0.0477180480957031 0.0800323486328125 -0.12908935546875
0.0156135559082031 0.0369491577148438 -0.06109619140625 -0.70977783203125
0.0406455993652344 0.00631332397460938 -0.63787841796875 -0.59661865234375
0.0331630706787109 0.000904083251953125 -0.71759033203125 0.1544189453125
0.0131692886352539 0.000530242919921875 -0.21038818359375 0.53204345703125
0.0139217376708984 -0.0123348236083984 0.17529296875 0.442962646484375
-0.00482749938964844 -0.0175971984863281 0.316375732421875 0.1697998046875
-0.00541782379150391 -0.00427007675170898 0.28466796875 -0.092529296875
0.0137624740600586 -0.00899791717529297 -0.245834350585938 0.00830078124999997
0.0275917053222656 0.00713920593261719 -0.081329345703125 -0.256973266601563
0.0549049377441406 -0.000354766845703125 0.34649658203125 -0.412689208984375
0.0445022583007812 0.00758743286132812 0.729736328125 -0.0938720703125
-0.0183868408203125 -0.0147380828857422 0.52056884765625 0.62567138671875
-0.0207557678222656 -0.0483932495117187 -0.07208251953125 0.8681640625
0.00021052360534668 -0.00302433967590332 -0.256500244140625 0.437255859375
0.0286788940429688 -0.0112972259521484 0.0870208740234375 -0.1417236328125
0.00919151306152344 -0.0200347900390625 -0.0814208984374999 -0.70855712890625
0.0146160125732422 -0.0254707336425781 -0.66302490234375 -0.564453125
0.0227127075195313 -0.01385498046875 -0.7060546875 0.189208984375
0.0237827301025391 -0.00872993469238281 -0.18914794921875 0.53900146484375
0.0270004272460938 -0.00992965698242188 0.185699462890625 0.43255615234375
-0.00339174270629883 -0.00633430480957031 0.316131591796875 0.15985107421875
-0.00815773010253906 0.00208663940429687 0.279205322265625 -0.101455688476563
0.0130643844604492 -0.00523185729980469 -0.251861572265625 0.00494384765625004
0.0300769805908203 0.01470947265625 -0.09503173828125 -0.259597778320313
0.0662422180175781 0.0028076171875 0.325225830078125 -0.420867919921875
0.048675537109375 -0.00174713134765625 0.7200927734375 -0.1165771484375
-0.0262565612792969 -0.0409660339355469 0.54058837890625 0.59942626953125
-0.0204315185546875 -0.100975036621094 -0.0345458984375001 0.86651611328125
0.0292167663574219 -0.06585693359375 -0.24346923828125 0.4473876953125
0.0645294189453125 -0.0734329223632813 0.089385986328125 -0.128868103027344
0.00482177734374999 -0.078582763671875 -0.06097412109375 -0.70208740234375
-0.0116996765136719 -0.0588531494140625 -0.64697265625 -0.5792236328125
0.00786590576171875 -0.0253086090087891 -0.71966552734375 0.17694091796875
0.0293922424316406 -0.0159816741943359 -0.215240478515625 0.540740966796875
0.0408058166503906 -0.00738906860351562 0.161224365234375 0.4365234375
0.000766515731811523 0.00315546989440918 0.304168701171875 0.1617431640625
-0.00924301147460938 0.00640583038330078 0.271820068359375 -0.104324340820313
0.0125646591186523 -0.00297451019287109 -0.260879516601563 0.00637817382812498
0.0290966033935547 0.0208587646484375 -0.129669189453125 -0.259048461914063
0.06988525390625 0.00590133666992188 0.265960693359375 -0.442047119140625
0.0484771728515625 -0.0078277587890625 0.68609619140625 -0.18536376953125
-0.0357933044433594 -0.056671142578125 0.60186767578125 0.52288818359375
-0.0324249267578125 -0.141448974609375 0.07037353515625 0.8543701171875
0.046630859375 -0.121559143066406 -0.207977294921875 0.486083984375
0.0974884033203125 -0.125144958496094 0.080291748046875 -0.0896682739257813
0.0110702514648437 -0.130096435546875 -0.00659179687500002 -0.68408203125
-0.0307998657226563 -0.089111328125 -0.58843994140625 -0.63433837890625
-0.0100212097167969 -0.0341281890869141 -0.74554443359375 0.11114501953125
0.0289173126220703 -0.0189323425292969 -0.284942626953125 0.531524658203125
0.0500640869140625 -0.00526046752929688 0.104278564453125 0.45111083984375
0.00595283508300781 0.00871849060058594 0.280380249023438 0.176315307617188
-0.00717735290527344 0.0100288391113281 0.264999389648438 -0.101593017578125
0.0356292724609375 -0.0315475463867188 -0.258590698242187 0.0530242919921875
0.0114173889160156 -0.0224761962890625 -0.244583129882813 -0.206130981445313
-0.0194206237792969 -0.00741767883300781 -0.00140380859374996 -0.453399658203125
-0.0102958679199219 0.0409698486328125 0.457855224609375 -0.4466552734375
-0.00847244262695313 0.0621528625488281 0.7269287109375 0.09674072265625
0.00847244262695312 0.0560340881347656 0.47296142578125 0.66302490234375
0.0229034423828125 0.114509582519531 -0.0215454101562501 0.6268310546875
-0.00699615478515625 0.127487182617187 0.010650634765625 0.0834426879882813
0.0145950317382812 0.128128051757813 0.222991943359375 -0.56170654296875
0.0553970336914063 0.0801925659179688 -0.20050048828125 -0.8734130859375
0.00974655151367188 0.0521011352539063 -0.74285888671875 -0.3167724609375
-0.0417098999023438 0.0355682373046875 -0.556243896484375 0.360565185546875
-0.0278701782226562 -0.0173225402832031 -0.129180908203125 0.487823486328125
0.000118255615234379 -0.0360870361328125 0.196456909179687 0.254913330078125
0.0178680419921875 -0.0214595794677734 0.275283813476563 -0.0475311279296875
0.0315704345703125 -0.0289859771728516 -0.250717163085938 0.0458984375
0.0110416412353516 -0.0202274322509766 -0.200729370117188 -0.222702026367188
-0.0129709243774414 -0.00877094268798828 0.09161376953125 -0.461181640625
-0.000270843505859371 0.038787841796875 0.54937744140625 -0.384368896484375
-0.00246810913085937 0.0596961975097656 0.71240234375 0.22369384765625
0.0080413818359375 0.0639762878417969 0.35137939453125 0.73876953125
0.00337982177734374 0.131874084472656 -0.09490966796875 0.58935546875
-0.02294921875 0.138023376464844 0.0265426635742188 0.0248622894287109
0.0145111083984375 0.135421752929688 0.1473388671875 -0.6160888671875
0.0631027221679688 0.0804443359375 -0.34979248046875 -0.81640625
0.0223312377929688 0.0495567321777344 -0.76580810546875 -0.17291259765625
-0.0300312042236328 0.0312576293945313 -0.46295166015625 0.43280029296875
-0.0222568511962891 -0.0181407928466797 -0.033599853515625 0.4913330078125
-0.0010986328125 -0.0373001098632813 0.239944458007813 0.237136840820313
0.0140399932861328 -0.0198020935058594 0.28289794921875 -0.056060791015625
0.0263538360595703 -0.0249290466308594 -0.244216918945312 0.0373382568359375
0.0135116577148437 -0.0161857604980469 -0.155960083007813 -0.236434936523437
-0.000416755676269531 -0.00867986679077148 0.18603515625 -0.453948974609375
0.0115928649902344 0.0329608917236328 0.6337890625 -0.2996826171875
-0.00120925903320312 0.0525665283203125 0.66796875 0.36444091796875
-0.00164413452148437 0.0606193542480469 0.20782470703125 0.8001708984375
-0.0184097290039063 0.128334045410156 -0.1650390625 0.54095458984375
-0.026947021484375 0.127120971679688 0.0453109741210938 -0.0374984741210937
0.0191802978515625 0.119766235351563 0.06524658203125 -0.66217041015625
0.0659751892089844 0.0650138854980469 -0.47955322265625 -0.73968505859375
0.0321006774902344 0.0367012023925781 -0.7603759765625 -0.0323486328125001
-0.0153579711914062 0.0234794616699219 -0.359832763671875 0.484954833984375
-0.0124645233154297 -0.0181045532226563 0.05859375 0.480438232421875
-0.00276565551757813 -0.0347843170166016 0.277328491210938 0.213302612304687
0.007171630859375 -0.016108512878418 0.288604736328125 -0.067657470703125
0.0213336944580078 -0.0194282531738281 -0.241958618164063 0.026580810546875
0.0177803039550781 -0.00947189331054688 -0.116928100585938 -0.245269775390625
0.0175609588623047 -0.00743961334228516 0.2677001953125 -0.437744140625
0.0250263214111328 0.0263862609863281 0.69085693359375 -0.2060546875
-0.00570297241210937 0.0373878479003906 0.6041259765625 0.48760986328125
-0.0149803161621094 0.0402412414550781 0.0731201171875 0.83856201171875
-0.0293960571289062 0.101692199707031 -0.2169189453125 0.49102783203125
-0.0179977416992188 0.0952682495117187 0.06341552734375 -0.09100341796875
0.020050048828125 0.0844192504882813 -0.0126953125 -0.690185546875
0.0588607788085938 0.0374870300292969 -0.58221435546875 -0.65179443359375
0.035430908203125 0.0184707641601562 -0.734375 0.0849609374999998
-0.000138282775878907 0.0124645233154297 -0.263763427734375 0.51873779296875
-0.000967025756835936 -0.0162286758422852 0.135772705078125 0.458099365234375
-0.005096435546875 -0.0275077819824219 0.303741455078125 0.18756103515625
0.00104141235351562 -0.0112323760986328 0.28741455078125 -0.08203125
0.0169429779052734 -0.0137119293212891 -0.238174438476563 0.0184478759765625
0.0236473083496094 -0.0015106201171875 -0.090484619140625 -0.249374389648437
0.0366172790527344 -0.00455856323242188 0.31976318359375 -0.420562744140625
0.0368156433105469 0.01715087890625 0.718017578125 -0.13232421875
-0.0122213363647461 0.0136632919311523 0.543212890625 0.57562255859375
-0.0218582153320313 0.00138664245605468 -0.0296630859375 0.85821533203125
-0.0214881896972656 0.0559196472167969 -0.24468994140625 0.452301025390625
0.00127410888671875 0.0461616516113281 0.0774307250976563 -0.128135681152344
0.0162391662597656 0.0353164672851563 -0.0688476562499999 -0.70294189453125
0.0402412414550781 0.00584030151367188 -0.64239501953125 -0.58441162109375
0.0318927764892578 0.00109481811523438 -0.708984375 0.1619873046875
0.0130186080932617 0.000482559204101562 -0.2030029296875 0.531646728515625
0.0128660202026367 -0.0125312805175781 0.179046630859375 0.437896728515625
-0.00562191009521484 -0.0171375274658203 0.315704345703125 0.16510009765625
-0.00539255142211914 -0.00374269485473633 0.280960083007813 -0.0955963134765625
0.0144119262695312 -0.0102558135986328 -0.24346923828125 0.0124664306640625
0.0277824401855469 0.00744438171386719 -0.0829315185546875 -0.253707885742188
0.0534286499023437 -0.00139617919921875 0.339874267578125 -0.413848876953125
0.0439071655273437 0.0072479248046875 0.72332763671875 -0.10223388671875
-0.0184974670410156 -0.0143909454345703 0.52435302734375 0.61419677734375
-0.0209197998046875 -0.0472412109375 -0.0626831054687499 0.86224365234375
0.000295162200927735 -0.00255346298217773 -0.2509765625 0.4361572265625
0.0292510986328125 -0.0115890502929688 0.085113525390625 -0.141159057617188
0.00882148742675781 -0.0206356048583984 -0.0885009765625001 -0.70379638671875
0.0141391754150391 -0.0265178680419922 -0.66558837890625 -0.5543212890625
0.0224761962890625 -0.0142459869384766 -0.698486328125 0.19744873046875
0.0242710113525391 -0.00841903686523438 -0.182220458984375 0.537322998046875
0.0267162322998047 -0.00968551635742188 0.1884765625 0.42669677734375
-0.00349760055541992 -0.00617408752441406 0.31640625 0.15496826171875
-0.00842475891113281 0.00151443481445313 0.2757568359375 -0.103530883789063
0.0125284194946289 -0.00520515441894531 -0.249847412109375 0.00883483886718747
0.0295219421386719 0.0148334503173828 -0.0977630615234375 -0.25567626953125
0.0649795532226563 0.001800537109375 0.318756103515625 -0.420684814453125
0.0486831665039063 -0.00240325927734375 0.71270751953125 -0.12548828125
-0.0263099670410156 -0.0396919250488281 0.543212890625 0.58892822265625
-0.0223846435546875 -0.0995559692382812 -0.0254516601562499 0.8599853515625
0.0287017822265625 -0.0665054321289063 -0.236572265625 0.446990966796875
0.062835693359375 -0.0743179321289063 0.08648681640625 -0.128707885742188
0.00379180908203125 -0.0782394409179688 -0.068115234375 -0.69525146484375
-0.0113410949707031 -0.0579757690429688 -0.65081787109375 -0.5673828125
0.00728988647460938 -0.0254116058349609 -0.71173095703125 0.182861328125
0.0292205810546875 -0.0165195465087891 -0.2056884765625 0.53814697265625
0.0396041870117188 -0.00751113891601563 0.164794921875 0.4307861328125
0.000725269317626953 0.0024111270904541 0.30352783203125 0.15692138671875
-0.00833320617675781 0.00709104537963867 0.268051147460937 -0.106903076171875
0.0134344100952148 -0.00316810607910156 -0.25909423828125 0.00949096679687498
0.028289794921875 0.0213985443115234 -0.1314697265625 -0.254379272460938
0.0688705444335938 0.00494384765625 0.25909423828125 -0.44207763671875
0.0478782653808594 -0.00931549072265625 0.67724609375 -0.19281005859375
-0.0376052856445313 -0.0552558898925781 0.60260009765625 0.51141357421875
-0.033905029296875 -0.138999938964844 0.0777587890625 0.8477783203125
0.0452728271484375 -0.121376037597656 -0.202117919921875 0.48583984375
0.0960311889648438 -0.125907897949219 0.0793533325195313 -0.0902481079101563
0.00894165039062501 -0.129379272460938 -0.01251220703125 -0.67926025390625
-0.03179931640625 -0.0890655517578125 -0.5921630859375 -0.622802734375
-0.00989151000976563 -0.0337715148925781 -0.73883056640625 0.1195068359375
0.0287437438964844 -0.0189590454101563 -0.27490234375 0.53167724609375
0.0498695373535156 -0.00566864013671875 0.107025146484375 0.445892333984375
0.00562095642089844 0.00843620300292969 0.28131103515625 0.171142578125
-0.00641441345214844 0.0107641220092773 0.2618408203125 -0.103713989257813
0.0346508026123047 -0.0321540832519531 -0.256027221679688 0.05633544921875
0.0106925964355469 -0.0226593017578125 -0.244110107421875 -0.200485229492188
-0.0195941925048828 -0.00720024108886719 -0.00466918945312502 -0.449798583984375
-0.00974655151367188 0.0412254333496094 0.449951171875 -0.44915771484375
-0.0076751708984375 0.0612449645996094 0.722412109375 0.087890625
0.00920867919921875 0.0558357238769531 0.474365234375 0.65362548828125
0.0237960815429687 0.113395690917969 -0.0156860351562501 0.62060546875
-0.00660705566406249 0.125411987304688 0.0111236572265625 0.0827407836914063
0.015716552734375 0.125831604003906 0.215087890625 -0.55706787109375
0.0566177368164063 0.0779876708984375 -0.2066650390625 -0.864501953125
0.00994110107421875 0.05126953125 -0.73773193359375 -0.3057861328125
-0.0402793884277344 0.0354042053222656 -0.54742431640625 0.36395263671875
-0.0280094146728516 -0.0163650512695313 -0.123138427734375 0.484588623046875
-0.00152969360351563 -0.0369224548339844 0.198104858398438 0.250396728515625
0.0174713134765625 -0.0221443176269531 0.271881103515625 -0.0500946044921875
0.0308799743652344 -0.0295295715332031 -0.247756958007812 0.049072265625
0.0105075836181641 -0.0197010040283203 -0.2012939453125 -0.2181396484375
-0.0135231018066406 -0.00824928283691406 0.087188720703125 -0.45904541015625
2.67028808593717E-05 0.038055419921875 0.542938232421875 -0.38671875
-0.00142288208007812 0.0598793029785156 0.70770263671875 0.216064453125
0.00879287719726562 0.0646286010742187 0.35498046875 0.7279052734375
0.00489044189453124 0.130470275878906 -0.08953857421875 0.58392333984375
-0.0211334228515625 0.136138916015625 0.0261001586914062 0.0244312286376953
0.0162277221679687 0.13360595703125 0.14044189453125 -0.612060546875
0.063720703125 0.0786285400390625 -0.3533935546875 -0.80755615234375
0.0233154296875 0.04901123046875 -0.76202392578125 -0.164306640625
-0.0291805267333984 0.0321464538574219 -0.45458984375 0.432891845703125
-0.0223941802978516 -0.0184421539306641 -0.028656005859375 0.486572265625
-0.00132369995117188 -0.0378608703613281 0.239471435546875 0.23321533203125
0.0110321044921875 -0.0196571350097656 0.280242919921875 -0.0584716796875
0.0261898040771484 -0.0249214172363281 -0.242324829101563 0.0388641357421875
0.0128011703491211 -0.0158548355102539 -0.157821655273438 -0.232223510742188
-0.00149345397949219 -0.00899600982666016 0.180145263671875 -0.4520263671875
0.0124034881591797 0.0330314636230469 0.62481689453125 -0.30291748046875
-0.00101852416992187 0.0531845092773438 0.66534423828125 0.354248046875
-0.00107574462890625 0.0613784790039062 0.21270751953125 0.79180908203125
-0.0161972045898438 0.128143310546875 -0.16082763671875 0.539154052734375
-0.0255203247070313 0.126091003417969 0.0440101623535156 -0.0370521545410156
0.019866943359375 0.118049621582031 0.05841064453125 -0.65582275390625
0.0663490295410156 0.0631484985351563 -0.4832763671875 -0.72802734375
0.0325889587402344 0.0357742309570313 -0.7537841796875 -0.0243530273437501
-0.0147800445556641 0.0232582092285156 -0.35125732421875 0.485015869140625
-0.0128364562988281 -0.0178318023681641 0.064208984375 0.474456787109375
-0.00322723388671875 -0.0344200134277344 0.277496337890625 0.208450317382813
0.00705909729003906 -0.0157003402709961 0.284454345703125 -0.070281982421875
0.0207080841064453 -0.0196323394775391 -0.239471435546875 0.0296630859375
0.0174770355224609 -0.00939464569091797 -0.118194580078125 -0.241714477539062
0.0161705017089844 -0.00824451446533203 0.262298583984375 -0.437255859375
0.0255756378173828 0.0261974334716797 0.68255615234375 -0.2113037109375
-0.00544357299804687 0.0379142761230469 0.60333251953125 0.4788818359375
-0.0142898559570313 0.0408859252929688 0.0778198242187499 0.83154296875
-0.0285797119140625 0.101951599121094 -0.210784912109375 0.489013671875
-0.0169525146484375 0.0950088500976563 0.0616531372070313 -0.0908966064453125
0.0210113525390625 0.0830154418945312 -0.018310546875 -0.6846923828125
0.0603294372558594 0.0345115661621094 -0.583251953125 -0.64263916015625
0.0355987548828125 0.0178451538085937 -0.72686767578125 0.0908203124999999
-0.00059795379638672 0.0127897262573242 -0.257049560546875 0.51513671875
-0.000645637512207031 -0.0160293579101563 0.139068603515625 0.453582763671875
-0.00569534301757813 -0.02691650390625 0.302947998046875 0.182586669921875
0.00110721588134766 -0.010258674621582 0.283233642578125 -0.084259033203125
0.0172367095947266 -0.013458251953125 -0.237274169921875 0.0202789306640625
0.0232181549072266 -0.00244331359863281 -0.0922393798828125 -0.245880126953125
0.0349483489990234 -0.00480461120605469 0.314361572265625 -0.42041015625
0.0361366271972656 0.0170745849609375 0.7105712890625 -0.1395263671875
-0.0115394592285156 0.0140285491943359 0.54364013671875 0.56573486328125
-0.0216503143310547 0.00218772888183593 -0.02264404296875 0.84906005859375
-0.0212783813476563 0.0542221069335938 -0.23974609375 0.4501953125
0.00182723999023437 0.045928955078125 0.07574462890625 -0.127052307128906
0.0170001983642578 0.0345973968505859 -0.07562255859375 -0.6951904296875
0.0397987365722656 0.00524139404296875 -0.641357421875 -0.57421875
0.0319385528564453 -0.000169754028320313 -0.7017822265625 0.1668701171875
0.013092041015625 0.000522613525390625 -0.1951904296875 0.528350830078125
0.0128717422485352 -0.0120553970336914 0.182830810546875 0.431182861328125
-0.00615978240966797 -0.0172758102416992 0.31622314453125 0.16033935546875
-0.00500583648681641 -0.00344610214233398 0.278549194335938 -0.0987091064453125
0.0136985778808594 -0.0103864669799805 -0.241363525390625 0.0148162841796875
0.0270919799804688 0.00761795043945313 -0.08551025390625 -0.249679565429687
0.0533790588378906 -0.00189971923828125 0.333343505859375 -0.413421630859375
0.0431098937988281 0.00600814819335938 0.715576171875 -0.10888671875
-0.0190391540527344 -0.0141353607177734 0.52490234375 0.60400390625
-0.0218353271484375 -0.0459403991699219 -0.05572509765625 0.8553466796875
0.000648260116577149 -0.00211763381958008 -0.245330810546875 0.435638427734375
0.0287342071533203 -0.0123443603515625 0.0825958251953125 -0.138969421386719
0.0086517333984375 -0.0206089019775391 -0.09332275390625 -0.69659423828125
0.0141487121582031 -0.02667236328125 -0.6658935546875 -0.5423583984375
0.0224647521972656 -0.0149898529052734 -0.69085693359375 0.20245361328125
0.0236759185791016 -0.00947189331054688 -0.1734619140625 0.5335693359375
0.0269241333007813 -0.0102939605712891 0.19268798828125 0.419952392578125
-0.00406312942504883 -0.00556087493896484 0.3148193359375 0.15057373046875
-0.00821018218994141 0.00266790390014648 0.272354125976563 -0.106033325195313
0.0125494003295898 -0.00575637817382813 -0.24920654296875 0.0119476318359375
0.0289936065673828 0.0147361755371094 -0.0984039306640625 -0.252044677734375
0.0647048950195313 0.00118255615234375 0.311676025390625 -0.42059326171875
0.0480804443359375 -0.0041961669921875 0.70526123046875 -0.13018798828125
-0.0261764526367188 -0.0394515991210938 0.54388427734375 0.5787353515625
-0.02264404296875 -0.0978240966796875 -0.01824951171875 0.85369873046875
0.0279922485351562 -0.0656700134277344 -0.231170654296875 0.44549560546875
0.0623855590820312 -0.0733108520507813 0.0841140747070313 -0.127723693847656
0.00293731689453126 -0.078277587890625 -0.0732421874999999 -0.6885986328125
-0.0122222900390625 -0.0586471557617188 -0.64837646484375 -0.556640625
0.00716018676757813 -0.0251483917236328 -0.7034912109375 0.18853759765625
0.0293922424316406 -0.0165767669677734 -0.19915771484375 0.53662109375
0.0400848388671875 -0.00763702392578125 0.167572021484375 0.424591064453125
0.000197172164916992 0.00314688682556152 0.30267333984375 0.152008056640625
-0.00840377807617188 0.00809049606323242 0.264205932617188 -0.109649658203125
0.0127048492431641 -0.00357723236083984 -0.256134033203125 0.0129852294921875
0.0283336639404297 0.0209503173828125 -0.132583618164063 -0.249923706054687
0.0686302185058594 0.00334930419921875 0.252471923828125 -0.44122314453125
0.047515869140625 -0.010406494140625 0.66937255859375 -0.19866943359375
-0.0374221801757812 -0.0548744201660156 0.60272216796875 0.502197265625
-0.0347671508789062 -0.136802673339844 0.0838012695312501 0.84027099609375
0.04425048828125 -0.119461059570313 -0.196380615234375 0.482757568359375
0.093719482421875 -0.125999450683594 0.0771560668945313 -0.0890350341796875
0.00720977783203126 -0.129669189453125 -0.0184326171874999 -0.67315673828125
-0.032196044921875 -0.0884323120117188 -0.5914306640625 -0.61181640625
-0.0105361938476563 -0.0335445404052734 -0.7310791015625 0.12530517578125
0.0281429290771484 -0.0195770263671875 -0.26495361328125 0.529510498046875
0.0492095947265625 -0.0056610107421875 0.1123046875 0.44061279296875
0.00580978393554688 0.00884819030761719 0.281494140625 0.1669921875
-0.00561809539794922 0.0120058059692383 0.25897216796875 -0.106246948242187
0.0345096588134766 -0.0324764251708984 -0.252593994140625 0.0585937500000001
0.00908470153808594 -0.0234317779541016 -0.243301391601563 -0.196304321289062
-0.019775390625 -0.00750732421875 -0.00796508789062499 -0.445404052734375
-0.00904464721679688 0.040435791015625 0.441802978515625 -0.4490966796875
-0.00713729858398438 0.0610771179199219 0.717529296875 0.08099365234375
0.0092010498046875 0.0565948486328125 0.4744873046875 0.6435546875
0.0249252319335937 0.113471984863281 -0.01190185546875 0.614501953125
-0.00464630126953125 0.123870849609375 0.0117416381835937 0.0819244384765625
0.0168838500976563 0.12420654296875 0.209991455078125 -0.554718017578125
0.0568161010742188 0.0767669677734375 -0.2110595703125 -0.85601806640625
0.010833740234375 0.0507659912109375 -0.7333984375 -0.29693603515625
-0.0407905578613281 0.0358352661132813 -0.540313720703125 0.364959716796875
-0.0281791687011719 -0.0171909332275391 -0.117279052734375 0.479736328125
-0.00154876708984375 -0.0356483459472656 0.197891235351563 0.246505737304688
0.0176773071289063 -0.0210971832275391 0.269454956054688 -0.0518035888671875
0.0302238464355469 -0.0304794311523437 -0.245407104492188 0.0513916015625001
0.00952911376953125 -0.0207767486572266 -0.200057983398437 -0.213577270507813
-0.0136709213256836 -0.0079345703125 0.08270263671875 -0.453704833984375
-0.000400543212890622 0.0372505187988281 0.535186767578125 -0.387725830078125
-0.00088882446289062 0.0587959289550781 0.7042236328125 0.2091064453125
0.00872421264648438 0.0647850036621094 0.3560791015625 0.72149658203125
0.00543975830078125 0.129951477050781 -0.0856323242187501 0.58050537109375
-0.0197677612304687 0.134544372558594 0.0255527496337891 0.0232658386230469
0.017791748046875 0.132110595703125 0.13433837890625 -0.6075439453125
0.0646286010742188 0.0774688720703125 -0.3565673828125 -0.797119140625
0.0230140686035156 0.0481414794921875 -0.75372314453125 -0.157470703125
-0.0281124114990234 0.0321464538574219 -0.446502685546875 0.43255615234375
-0.0219974517822266 -0.0178375244140625 -0.023193359375 0.48126220703125
-0.00252151489257813 -0.0370521545410156 0.2393798828125 0.228729248046875
0.0124721527099609 -0.0224323272705078 0.277877807617188 -0.0601654052734375
0.0257053375244141 -0.0258579254150391 -0.24066162109375 0.0420074462890625
0.0128316879272461 -0.0154075622558594 -0.157272338867187 -0.228622436523437
-0.000953674316406251 -0.00917816162109375 0.17559814453125 -0.4503173828125
0.0137405395507813 0.0326194763183594 0.61688232421875 -0.30499267578125
-0.000843048095703125 0.0519866943359375 0.662841796875 0.34521484375
-0.000858306884765623 0.0614356994628906 0.2164306640625 0.78363037109375
-0.015777587890625 0.12713623046875 -0.157196044921875 0.533905029296875
-0.0246734619140625 0.124420166015625 0.0431556701660156 -0.0367546081542969
0.02130126953125 0.116912841796875 0.0523681640624999 -0.648193359375
0.0655288696289063 0.0615653991699219 -0.4852294921875 -0.7181396484375
0.0324459075927734 0.0348186492919922 -0.746826171875 -0.0202636718749999
-0.0143871307373047 0.0233001708984375 -0.344482421875 0.4835205078125
-0.0131282806396484 -0.018310546875 0.069061279296875 0.46923828125
-0.00348281860351563 -0.0345897674560547 0.276473999023437 0.202987670898438
0.00774669647216797 -0.0152435302734375 0.282073974609375 -0.073150634765625
0.0210971832275391 -0.0205974578857422 -0.237289428710937 0.03167724609375
0.0166425704956055 -0.00874233245849609 -0.118972778320313 -0.237762451171875
0.0163936614990234 -0.00806903839111328 0.2557373046875 -0.43572998046875
0.0250606536865234 0.0248355865478516 0.67510986328125 -0.2164306640625
-0.00446319580078125 0.0378036499023438 0.6024169921875 0.47064208984375
-0.0133209228515625 0.0409927368164063 0.0823974609375 0.82373046875
-0.027557373046875 0.101997375488281 -0.20684814453125 0.486724853515625
-0.0165252685546875 0.0932159423828125 0.0606002807617188 -0.09002685546875
0.0224227905273438 0.0819091796875 -0.0235595703125001 -0.6781005859375
0.05670166015625 0.0354843139648438 -0.58306884765625 -0.63140869140625
0.0350818634033203 0.0171833038330078 -0.7200927734375 0.0946655273437501
-0.00033092498779297 0.0121679306030273 -0.249786376953125 0.51275634765625
-0.00107955932617187 -0.0162420272827148 0.14141845703125 0.44677734375
-0.00557899475097656 -0.0264472961425781 0.303314208984375 0.178741455078125
-4.95910644531248E-05 -0.0107078552246094 0.281585693359375 -0.08642578125
0.0170650482177734 -0.0140762329101563 -0.235549926757812 0.0233612060546876
0.0222072601318359 -0.00217056274414063 -0.0923614501953125 -0.243392944335938
0.0359382629394531 -0.00621414184570312 0.308441162109375 -0.4183349609375
0.0362052917480469 0.0154685974121094 0.70208740234375 -0.14398193359375
-0.0117321014404297 0.0129470825195313 0.54254150390625 0.558685302734375
-0.0216312408447266 0.0032501220703125 -0.0162353515625 0.84326171875
-0.0212440490722656 0.05621337890625 -0.235504150390625 0.449432373046875
0.00249099731445312 0.0452461242675781 0.07305908203125 -0.126091003417969
0.0167140960693359 0.033294677734375 -0.07940673828125 -0.6881103515625
0.0395393371582031 0.00428009033203125 -0.64202880859375 -0.56549072265625
0.0325222015380859 -0.000406265258789063 -0.69390869140625 0.1710205078125
0.0137310028076172 0.000196456909179688 -0.186767578125 0.524688720703125
0.0118246078491211 -0.0128297805786133 0.18450927734375 0.425323486328125
-0.00536155700683594 -0.0168657302856445 0.314788818359375 0.1558837890625
-0.00481891632080078 -0.00290966033935547 0.275054931640625 -0.100006103515625
0.0135326385498047 -0.0103826522827148 -0.239730834960938 0.018341064453125
0.0263175964355469 0.00686454772949219 -0.085723876953125 -0.247177124023438
0.0519638061523437 -0.00289535522460938 0.326934814453125 -0.41400146484375
0.0437088012695312 0.00558090209960938 0.708740234375 -0.11492919921875
-0.0192108154296875 -0.0140609741210938 0.52618408203125 0.59381103515625
-0.0211753845214844 -0.0453948974609375 -0.0493774414062499 0.8499755859375
0.000986218452453613 -0.00175762176513672 -0.240814208984375 0.43408203125
0.0290088653564453 -0.0130786895751953 0.0808563232421875 -0.137969970703125
0.00852394104003906 -0.0211162567138672 -0.0968017578125001 -0.68780517578125
0.0128917694091797 -0.026519775390625 -0.66375732421875 -0.53167724609375
0.0230140686035156 -0.0152778625488281 -0.6842041015625 0.2060546875
0.0240097045898438 -0.00973129272460938 -0.16680908203125 0.529876708984375
0.0266017913818359 -0.0103549957275391 0.194091796875 0.415374755859375
-0.00433349609375 -0.00641059875488281 0.314422607421875 0.146575927734375
-0.00690364837646484 0.00189685821533203 0.269363403320312 -0.10687255859375
0.0128498077392578 -0.00587177276611328 -0.246200561523437 0.0143890380859375
0.0293617248535156 0.0139503479003906 -0.100616455078125 -0.248489379882813
0.0636444091796875 0.00121688842773437 0.306915283203125 -0.418853759765625
0.0472221374511719 -0.00508499145507813 0.69854736328125 -0.13653564453125
-0.0266876220703125 -0.0390853881835938 0.5445556640625 0.57086181640625
-0.022857666015625 -0.0968551635742188 -0.0128173828124999 0.8453369140625
0.0280265808105469 -0.0642204284667969 -0.22711181640625 0.44384765625
0.0613632202148438 -0.0752792358398438 0.08270263671875 -0.126365661621094
0.00267791748046875 -0.0780181884765625 -0.07867431640625 -0.68072509765625
-0.0132179260253906 -0.0582695007324219 -0.64849853515625 -0.5482177734375
0.00703239440917969 -0.0259323120117188 -0.6956787109375 0.19293212890625
0.0285606384277344 -0.0174579620361328 -0.1915283203125 0.533477783203125
0.0387992858886719 -0.00811386108398438 0.168914794921875 0.41943359375
0.000166177749633789 0.00345063209533691 0.3017578125 0.148681640625
-0.00751209259033203 0.00847148895263672 0.261993408203125 -0.109634399414063
0.0129108428955078 -0.00384521484375 -0.254348754882813 0.0149688720703125
0.0282497406005859 0.0207996368408203 -0.132766723632812 -0.247161865234375
0.0679588317871094 0.00299835205078125 0.246978759765625 -0.439300537109375
0.0469207763671875 -0.0111007690429688 0.66314697265625 -0.2017822265625
-0.0382881164550781 -0.0533828735351563 0.60125732421875 0.4930419921875
-0.0352401733398437 -0.134841918945313 0.0886840820312501 0.830322265625
0.043121337890625 -0.119026184082031 -0.192047119140625 0.48223876953125
0.091827392578125 -0.125358581542969 0.0762710571289063 -0.088165283203125
0.00566101074218751 -0.128494262695312 -0.024169921875 -0.664306640625
-0.0325851440429687 -0.0881271362304688 -0.592529296875 -0.60272216796875
-0.0107402801513672 -0.0341663360595703 -0.72357177734375 0.1295166015625
0.0281352996826172 -0.0201358795166016 -0.259735107421875 0.52630615234375
0.04901123046875 -0.00626373291015625 0.115020751953125 0.436279296875
0.00589799880981445 0.0087122917175293 0.28045654296875 0.16302490234375
-0.00525093078613281 0.0119037628173828 0.25555419921875 -0.106704711914062
0.0330162048339844 -0.0331935882568359 -0.2513427734375 0.059967041015625
0.00915336608886719 -0.0231952667236328 -0.243118286132813 -0.192611694335938
-0.0201530456542969 -0.00643539428710938 -0.011199951171875 -0.440399169921875
-0.00904846191406251 0.0402488708496094 0.435882568359375 -0.44659423828125
-0.006134033203125 0.060394287109375 0.7109375 0.0770263671875
0.00908660888671875 0.0556755065917969 0.47491455078125 0.63677978515625
0.0255279541015625 0.112358093261719 -0.0103149414062499 0.6102294921875
-0.0040740966796875 0.12091064453125 0.0104904174804688 0.0808181762695313
0.0175552368164063 0.123138427734375 0.2052001953125 -0.549407958984375
0.0563125610351563 0.07586669921875 -0.213134765625 -0.84686279296875
0.0113029479980469 0.0497398376464844 -0.72686767578125 -0.28961181640625
-0.0383949279785156 0.0353584289550781 -0.531158447265625 0.3646240234375
-0.0283088684082031 -0.0164337158203125 -0.11456298828125 0.47552490234375
-0.00156021118164062 -0.0360603332519531 0.196945190429688 0.2431640625
0.0170249938964844 -0.0213127136230469 0.266265869140625 -0.0527191162109375
0.0297641754150391 -0.0300312042236328 -0.243453979492188 0.0527191162109375
0.00963592529296875 -0.0203037261962891 -0.2001953125 -0.209945678710938
-0.0137510299682617 -0.00787925720214844 0.079376220703125 -0.452301025390625
0.000705718994140628 0.0370254516601563 0.528350830078125 -0.387939453125
-0.000526428222656244 0.0587081909179687 0.6998291015625 0.2025146484375
0.00896835327148437 0.0640869140625 0.3575439453125 0.7113037109375
0.00565338134765624 0.129524230957031 -0.083251953125 0.57666015625
-0.018768310546875 0.133262634277344 0.0254936218261719 0.0234889984130859
0.0182266235351563 0.130683898925781 0.13250732421875 -0.60125732421875
0.0645523071289063 0.0757217407226563 -0.35711669921875 -0.79058837890625
0.0240669250488281 0.0471992492675781 -0.74853515625 -0.1519775390625
-0.026885986328125 0.0317344665527344 -0.439422607421875 0.43212890625
-0.0229969024658203 -0.0185832977294922 -0.02142333984375 0.4769287109375
-0.00284957885742187 -0.0368156433105469 0.23974609375 0.2257080078125
0.0124568939208984 -0.0197467803955078 0.274856567382813 -0.0615692138671875
0.0249366760253906 -0.0266628265380859 -0.238494873046875 0.0427093505859375
0.011897087097168 -0.0164098739624023 -0.157272338867188 -0.223983764648438
-0.00159931182861328 -0.00942039489746094 0.173492431640625 -0.44866943359375
0.0129203796386719 0.0314807891845703 0.610595703125 -0.30706787109375
-8.01086425781197E-05 0.0520668029785156 0.66015625 0.34112548828125
-0.00128936767578125 0.0609550476074219 0.2181396484375 0.77679443359375
-0.0145416259765625 0.126419067382813 -0.1522216796875 0.53057861328125
-0.0232009887695312 0.122459411621094 0.0421524047851563 -0.0356826782226562
0.0217666625976563 0.115249633789063 0.0493164062500001 -0.64251708984375
0.0662155151367188 0.0597991943359375 -0.48455810546875 -0.71014404296875
0.0320186614990234 0.034698486328125 -0.7406005859375 -0.01580810546875
-0.0138339996337891 0.0238666534423828 -0.33758544921875 0.480377197265625
-0.0129919052124023 -0.0167922973632812 0.06951904296875 0.465545654296875
-0.00495147705078125 -0.0336341857910156 0.275253295898437 0.200393676757812
0.00658893585205078 -0.0161762237548828 0.278732299804688 -0.07427978515625
0.0194473266601563 -0.0202312469482422 -0.2357177734375 0.033233642578125
0.0165367126464844 -0.00992965698242188 -0.119415283203125 -0.23468017578125
0.0161638259887695 -0.00807857513427734 0.251068115234375 -0.433807373046875
0.0252685546875 0.024444580078125 0.66839599609375 -0.21844482421875
-0.00497817993164063 0.037261962890625 0.5992431640625 0.461669921875
-0.01348876953125 0.0411796569824219 0.0853881835937499 0.818359375
-0.0268096923828125 0.100547790527344 -0.20318603515625 0.483245849609375
-0.015380859375 0.0919952392578125 0.058990478515625 -0.088653564453125
0.0218276977539062 0.0812835693359375 -0.0256347656249999 -0.67132568359375
0.0585594177246094 0.033843994140625 -0.58154296875 -0.62432861328125
0.0359039306640625 0.0158157348632813 -0.71368408203125 0.099365234375
0.000622749328613281 0.0125370025634766 -0.244110107421875 0.510467529296875
-0.00151157379150391 -0.0159730911254883 0.1429443359375 0.44219970703125
-0.00670814514160156 -0.0268650054931641 0.301544189453125 0.173919677734375
0.000393867492675781 -0.0110616683959961 0.277236938476563 -0.0875091552734375
0.016209602355957 -0.0145225524902344 -0.233108520507813 0.02471923828125
0.0217628479003906 -0.00208091735839844 -0.0921173095703125 -0.23944091796875
0.0345592498779297 -0.00595664978027344 0.30340576171875 -0.4169921875
0.0361785888671875 0.014892578125 0.69842529296875 -0.14666748046875
-0.0123195648193359 0.0136270523071289 0.54229736328125 0.54962158203125
-0.0211162567138672 0.00336265563964844 -0.0133056640625 0.83721923828125
-0.0210151672363281 0.0561904907226563 -0.231964111328125 0.446014404296875
0.00219345092773437 0.0446739196777344 0.0725326538085937 -0.124603271484375
0.0163402557373047 0.0324039459228516 -0.080810546875 -0.68109130859375
0.0395355224609375 0.00323486328125 -0.6405029296875 -0.55596923828125
0.0316352844238281 -0.00117874145507813 -0.68804931640625 0.17431640625
0.013951301574707 0.000658988952636719 -0.182586669921875 0.520965576171875
0.0117597579956055 -0.0127639770507812 0.187103271484375 0.42059326171875
-0.00605201721191406 -0.0164699554443359 0.312744140625 0.15277099609375
-0.00489711761474609 -0.00328350067138672 0.27215576171875 -0.101760864257813
0.0136661529541016 -0.0104141235351563 -0.23748779296875 0.019317626953125
0.0270233154296875 0.00741195678710938 -0.0863189697265625 -0.242950439453125
0.0521430969238281 -0.00301742553710938 0.322296142578125 -0.412445068359375
0.0427894592285156 0.00394058227539063 0.70068359375 -0.1187744140625
-0.0191307067871094 -0.0140609741210938 0.524169921875 0.5843505859375
-0.0212860107421875 -0.0442276000976563 -0.0460205078125001 0.8421630859375
0.0014958381652832 -0.00124156475067139 -0.235992431640625 0.43084716796875
0.0282230377197266 -0.0133686065673828 0.0788650512695312 -0.136848449707031
0.00841712951660156 -0.0212860107421875 -0.1016845703125 -0.6805419921875
0.0140285491943359 -0.0271377563476563 -0.66131591796875 -0.52496337890625
0.0220832824707031 -0.0146427154541016 -0.67578125 0.20733642578125
0.0236186981201172 -0.0105876922607422 -0.1630859375 0.526824951171875
0.0258712768554688 -0.0109481811523438 0.195404052734375 0.410003662109375
-0.00421142578125 -0.00655698776245117 0.3125 0.14251708984375
-0.00751018524169922 0.00240850448608398 0.266311645507813 -0.108596801757813
0.0113744735717773 -0.00664329528808594 -0.244140625 0.0161437988281249
0.0286369323730469 0.0145931243896484 -0.100326538085937 -0.245529174804688
0.0626068115234375 0.00011444091796875 0.30096435546875 -0.41851806640625
0.0465583801269531 -0.00574874877929688 0.691650390625 -0.13873291015625
-0.0270843505859375 -0.0380859375 0.541656494140625 0.561309814453125
-0.02337646484375 -0.0954360961914063 -0.009521484375 0.8380126953125
0.027557373046875 -0.0632476806640625 -0.223876953125 0.4407958984375
0.0597763061523438 -0.0740203857421875 0.0809478759765625 -0.124916076660156
0.00200653076171876 -0.0777130126953125 -0.0808715820312499 -0.675048828125
-0.0126914978027344 -0.0584602355957031 -0.6458740234375 -0.54205322265625
0.00663185119628906 -0.0263786315917969 -0.6898193359375 0.19598388671875
0.0282268524169922 -0.0176811218261719 -0.187713623046875 0.52923583984375
0.0382843017578125 -0.00890731811523438 0.171875 0.4149169921875
-0.000391721725463867 0.00375461578369141 0.3006591796875 0.144683837890625
-0.00707626342773438 0.00867128372192383 0.259231567382812 -0.111434936523437
0.0129566192626953 -0.00387287139892578 -0.252029418945313 0.0172882080078125
0.0286827087402344 0.0213127136230469 -0.132904052734375 -0.243011474609375
0.0681991577148438 0.00225067138671875 0.2440185546875 -0.43756103515625
0.0450859069824219 -0.0115890502929688 0.65496826171875 -0.20556640625
-0.0378990173339844 -0.0532760620117188 0.59881591796875 0.48602294921875
-0.0357666015625 -0.133544921875 0.0904541015625 0.8260498046875
0.04296875 -0.118522644042969 -0.188720703125 0.47918701171875
0.0905990600585938 -0.125732421875 0.0737533569335938 -0.087310791015625
0.00481414794921874 -0.127937316894531 -0.02581787109375 -0.6588134765625
-0.0331802368164062 -0.0870361328125 -0.59100341796875 -0.594970703125
-0.0109939575195312 -0.0344734191894531 -0.71429443359375 0.1337890625
0.0281352996826172 -0.0197238922119141 -0.25244140625 0.522064208984375
0.0486793518066406 -0.00677108764648438 0.117340087890625 0.431060791015625
0.00564670562744141 0.00842714309692383 0.278793334960937 0.1597900390625
-0.00527572631835937 0.0115337371826172 0.252578735351563 -0.107757568359375
0.0330047607421875 -0.0328330993652344 -0.250137329101563 0.06048583984375
0.00878715515136719 -0.0231037139892578 -0.240753173828125 -0.18902587890625
-0.0203590393066406 -0.00643348693847656 -0.01025390625 -0.437774658203125
-0.00822067260742187 0.0404930114746094 0.430633544921875 -0.4462890625
-0.0062255859375 0.0604057312011719 0.70721435546875 0.0736083984375
0.00947952270507813 0.0562362670898438 0.47125244140625 0.6314697265625
0.025238037109375 0.111305236816406 -0.00897216796874999 0.6060791015625
-0.00473785400390626 0.120414733886719 0.0102081298828125 0.0795822143554688
0.0173187255859375 0.121101379394531 0.2012939453125 -0.54486083984375
0.0559768676757813 0.0752105712890625 -0.21478271484375 -0.84088134765625
0.0116462707519531 0.0495185852050781 -0.72119140625 -0.2869873046875
-0.0368194580078125 0.0359725952148437 -0.525177001953125 0.36322021484375
-0.0295581817626953 -0.0162105560302734 -0.1121826171875 0.4722900390625
-0.00236129760742188 -0.0369377136230469 0.197921752929688 0.240280151367188
0.0165996551513672 -0.0217742919921875 0.263931274414063 -0.054779052734375
0.0291404724121094 -0.0304107666015625 -0.242233276367187 0.053619384765625
0.009674072265625 -0.0206871032714844 -0.199859619140625 -0.20611572265625
-0.0137863159179688 -0.00782012939453125 0.077667236328125 -0.448394775390625
0.000423431396484374 0.03607177734375 0.522430419921875 -0.38800048828125
0.000183105468749997 0.0585670471191406 0.6959228515625 0.19989013671875
0.00917434692382812 0.0634498596191406 0.35595703125 0.707763671875
0.0067596435546875 0.128700256347656 -0.08258056640625 0.5721435546875
-0.0182266235351563 0.131202697753906 0.0244674682617188 0.0229911804199219
0.0186233520507813 0.129226684570313 0.12847900390625 -0.59674072265625
0.0642776489257812 0.0746307373046875 -0.35784912109375 -0.7818603515625
0.0231819152832031 0.0460205078125 -0.7425537109375 -0.1475830078125
-0.0261859893798828 0.03192138671875 -0.434173583984375 0.430206298828125
-0.0222606658935547 -0.0178813934326172 -0.020294189453125 0.4727783203125
-0.00281906127929688 -0.0371475219726563 0.2386474609375 0.223098754882813
0.0124683380126953 -0.0203132629394531 0.27239990234375 -0.0626678466796875
0.0239372253417969 -0.02667236328125 -0.236190795898438 0.0443115234375
0.0113124847412109 -0.0162801742553711 -0.156875610351563 -0.220352172851563
-0.00127506256103516 -0.00878381729125977 0.168121337890625 -0.443389892578125
0.0127220153808594 0.0311050415039063 0.60565185546875 -0.30718994140625
-0.000251770019531249 0.0510902404785156 0.6551513671875 0.33575439453125
-0.000839233398437495 0.0609626770019531 0.21661376953125 0.77020263671875
-0.0150299072265625 0.126045227050781 -0.15045166015625 0.527496337890625
-0.022735595703125 0.121589660644531 0.0410385131835938 -0.0357437133789063
0.0218734741210938 0.114227294921875 0.0471801757812499 -0.63861083984375
0.065826416015625 0.0587501525878906 -0.4837646484375 -0.70147705078125
0.0331459045410156 0.0330543518066406 -0.73358154296875 -0.0131835937500001
-0.0140819549560547 0.0231456756591797 -0.331878662109375 0.4783935546875
-0.0137777328491211 -0.0171356201171875 0.07122802734375 0.460357666015625
-0.0045318603515625 -0.0345821380615234 0.27410888671875 0.196670532226563
0.00714492797851562 -0.0157537460327148 0.276748657226562 -0.07501220703125
0.019073486328125 -0.0203304290771484 -0.2330322265625 0.0350494384765625
0.0157747268676758 -0.00932788848876953 -0.11871337890625 -0.231719970703125
0.0156030654907227 -0.00848388671875 0.249755859375 -0.431396484375
0.0252761840820313 0.0235137939453125 0.6627197265625 -0.2196044921875
-0.00409317016601563 0.0369224548339844 0.594970703125 0.458251953125
-0.0133514404296875 0.0411109924316406 0.0851440429687501 0.81085205078125
-0.0264358520507813 0.100326538085938 -0.2012939453125 0.479949951171875
-0.0157241821289062 0.090362548828125 0.0576629638671875 -0.0875930786132813
0.022125244140625 0.0794830322265625 -0.02850341796875 -0.66436767578125
0.0590057373046875 0.0326766967773438 -0.57958984375 -0.617431640625
0.0355453491210938 0.0159111022949219 -0.70751953125 0.0989990234374999
0.000710487365722656 0.0118703842163086 -0.238525390625 0.507110595703125
-0.00132369995117187 -0.015833854675293 0.143951416015625 0.437652587890625
-0.0069732666015625 -0.0266494750976562 0.299835205078125 0.17254638671875
-0.000547409057617187 -0.0107240676879883 0.275970458984375 -0.08880615234375
0.0159692764282227 -0.0143404006958008 -0.231307983398438 0.0265960693359375
0.021514892578125 -0.00159645080566406 -0.0919647216796875 -0.236328125
0.0345649719238281 -0.006378173828125 0.30059814453125 -0.415252685546875
0.0363426208496094 0.0149574279785156 0.6910400390625 -0.1485595703125
-0.0115756988525391 0.0130958557128906 0.53936767578125 0.54473876953125
-0.0204372406005859 0.00450706481933594 -0.01025390625 0.828369140625
-0.0193367004394531 0.0561676025390625 -0.23016357421875 0.443572998046875
0.00271987915039062 0.0429954528808594 0.0710525512695313 -0.124153137207031
0.0167655944824219 0.0316390991210938 -0.0818481445312499 -0.6754150390625
0.0391921997070313 0.00293350219726563 -0.63824462890625 -0.5518798828125
0.0314559936523438 -0.00137901306152344 -0.68206787109375 0.1741943359375
0.013768196105957 -0.00035858154296875 -0.178131103515625 0.51739501953125
0.0116367340087891 -0.0137805938720703 0.1849365234375 0.4166259765625
-0.00636100769042969 -0.0164003372192383 0.310272216796875 0.149993896484375
-0.00511074066162109 -0.00308418273925781 0.268386840820313 -0.101943969726563
0.0140295028686523 -0.010533332824707 -0.23638916015625 0.020782470703125
0.0266323089599609 0.00792884826660156 -0.08648681640625 -0.240478515625
0.051544189453125 -0.00249862670898438 0.317108154296875 -0.41064453125
0.0430755615234375 0.003753662109375 0.69525146484375 -0.119140625
-0.0199527740478516 -0.0132789611816406 0.5213623046875 0.57904052734375
-0.0212745666503906 -0.0442276000976563 -0.0443115234374999 0.83563232421875
0.000989913940429688 -0.000338971614837646 -0.23486328125 0.428497314453125
0.0280113220214844 -0.0137786865234375 0.0783615112304688 -0.13494873046875
0.00722885131835938 -0.0212783813476563 -0.1025390625 -0.67584228515625
0.0141315460205078 -0.0271930694580078 -0.6588134765625 -0.51800537109375
0.02142333984375 -0.0155181884765625 -0.6707763671875 0.20892333984375
0.0241374969482422 -0.0102214813232422 -0.158172607421875 0.523406982421875
0.0250530242919922 -0.0110740661621094 0.195343017578125 0.40582275390625
-0.00486278533935547 -0.00617170333862305 0.311248779296875 0.140167236328125
-0.00658702850341797 0.00297164916992188 0.264144897460938 -0.109542846679688
0.0119504928588867 -0.00603866577148438 -0.242828369140625 0.0175018310546875
0.0284042358398438 0.0151462554931641 -0.100479125976563 -0.242019653320313
0.0633773803710938 -0.0002593994140625 0.297637939453125 -0.416900634765625
0.0462760925292969 -0.0063323974609375 0.68560791015625 -0.14117431640625
-0.0270156860351562 -0.037811279296875 0.540496826171875 0.55572509765625
-0.0235443115234375 -0.093780517578125 -0.00775146484375009 0.83197021484375
0.0279884338378906 -0.0631523132324219 -0.22137451171875 0.43902587890625
0.0589218139648438 -0.0741348266601563 0.0800552368164063 -0.123497009277344
0.0011749267578125 -0.0775604248046875 -0.08251953125 -0.6683349609375
-0.0130767822265625 -0.0582122802734375 -0.64215087890625 -0.53436279296875
0.00624847412109375 -0.0253982543945313 -0.68304443359375 0.195556640625
0.0294075012207031 -0.0172519683837891 -0.183502197265625 0.524200439453125
0.0389938354492188 -0.00905227661132813 0.17010498046875 0.410430908203125
-0.000291585922241211 0.00304126739501953 0.298736572265625 0.142120361328125
-0.00642490386962891 0.00849056243896485 0.2559814453125 -0.112030029296875
0.0112361907958984 -0.00320720672607422 -0.25091552734375 0.017791748046875
0.0287380218505859 0.0211734771728516 -0.132095336914063 -0.240142822265625
0.0671348571777344 0.00239944458007813 0.23846435546875 -0.435211181640625
0.046173095703125 -0.0128822326660156 0.64990234375 -0.2069091796875
-0.0382881164550781 -0.051513671875 0.59478759765625 0.4803466796875
-0.036041259765625 -0.131904602050781 0.09271240234375 0.81939697265625
0.0425262451171875 -0.115890502929688 -0.186279296875 0.474884033203125
0.0895919799804688 -0.125717163085937 0.0731353759765625 -0.0858917236328125
0.00429534912109374 -0.127227783203125 -0.0283203125 -0.65472412109375
-0.0336227416992187 -0.0872039794921875 -0.5887451171875 -0.58929443359375
-0.0103607177734375 -0.0338020324707031 -0.7100830078125 0.13433837890625
0.027313232421875 -0.0199298858642578 -0.248443603515625 0.51934814453125
0.0482978820800781 -0.00739288330078125 0.11737060546875 0.427703857421875
0.00496912002563477 0.00776290893554687 0.278289794921875 0.158035278320313
-0.0050506591796875 0.0110645294189453 0.249710083007813 -0.107040405273438
0.0323276519775391 -0.0336685180664062 -0.246414184570313 0.06256103515625
0.0076904296875 -0.0230674743652344 -0.240097045898438 -0.18597412109375
-0.0195293426513672 -0.00708961486816406 -0.011474609375 -0.433349609375
-0.0087738037109375 0.0394821166992188 0.428131103515625 -0.44488525390625
-0.00533294677734376 0.0603370666503906 0.70184326171875 0.0716552734375
0.00875091552734376 0.0564727783203125 0.470703125 0.6275634765625
0.0254135131835937 0.110588073730469 -0.00842285156250002 0.60186767578125
-0.00335693359375 0.118820190429688 0.00951385498046874 0.0805511474609375
0.0179672241210938 0.119659423828125 0.198028564453125 -0.5406494140625
0.0559616088867187 0.0731353759765625 -0.21441650390625 -0.833984375
0.0117607116699219 0.04876708984375 -0.71588134765625 -0.28326416015625
-0.0372352600097656 0.0357475280761719 -0.51983642578125 0.361572265625
-0.0286617279052734 -0.0165538787841797 -0.1090087890625 0.46875
-0.00332260131835937 -0.0372314453125 0.197830200195313 0.237396240234375
0.0160541534423828 -0.0213718414306641 0.26239013671875 -0.0550537109375
0.0287017822265625 -0.0310192108154297 -0.239700317382812 0.0536041259765625
0.00938224792480469 -0.0201778411865234 -0.198837280273437 -0.203598022460938
-0.0143442153930664 -0.00728607177734375 0.0770263671875 -0.444976806640625
0.000793457031249997 0.03546142578125 0.519012451171875 -0.386322021484375
-0.000495910644531256 0.0577964782714844 0.69183349609375 0.19647216796875
0.00917434692382812 0.0639762878417969 0.3533935546875 0.70159912109375
0.00634765625000001 0.127487182617187 -0.0803833007812501 0.5697021484375
-0.0181655883789063 0.129570007324219 0.0240573883056641 0.0234203338623047
0.0190277099609375 0.12725830078125 0.12640380859375 -0.59259033203125
0.0642547607421875 0.0731277465820313 -0.35614013671875 -0.77679443359375
0.023773193359375 0.0456123352050781 -0.73626708984375 -0.14422607421875
-0.0256423950195312 0.0315093994140625 -0.42938232421875 0.427703857421875
-0.0228710174560547 -0.0185165405273438 -0.017425537109375 0.470001220703125
-0.00400543212890625 -0.0373344421386719 0.2374267578125 0.219970703125
0.0120754241943359 -0.0184555053710938 0.270156860351563 -0.06304931640625
0.0251808166503906 -0.026580810546875 -0.234649658203125 0.0446014404296875
0.0104904174804688 -0.0159950256347656 -0.155853271484375 -0.218231201171875
-0.00122737884521484 -0.00824880599975586 0.167449951171875 -0.44158935546875
0.0131855010986328 0.03070068359375 0.59991455078125 -0.3070068359375
-0.000179290771484372 0.0510978698730469 0.6510009765625 0.33123779296875
5.72204589843752E-05 0.0605812072753906 0.216796875 0.76507568359375
-0.0149002075195312 0.125267028808594 -0.1507568359375 0.52392578125
-0.0223007202148438 0.119651794433594 0.0408706665039063 -0.0350151062011719
0.0220489501953125 0.112594604492188 0.0439453124999999 -0.633056640625
0.0655593872070313 0.0585708618164063 -0.48077392578125 -0.6962890625
0.0333404541015625 0.0327587127685547 -0.72747802734375 -0.0108642578125
-0.0125198364257812 0.0228500366210938 -0.328704833984375 0.474273681640625
-0.0132846832275391 -0.0188941955566406 0.071746826171875 0.455718994140625
-0.00477981567382812 -0.0342388153076172 0.273193359375 0.195388793945313
0.00619029998779297 -0.0157279968261719 0.274688720703125 -0.0752105712890625
0.0195693969726563 -0.0211982727050781 -0.232192993164063 0.035400390625
0.0143833160400391 -0.00933456420898438 -0.118942260742188 -0.228897094726563
0.0156421661376953 -0.00822257995605469 0.245361328125 -0.429107666015625
0.0254859924316406 0.0226173400878906 0.657958984375 -0.219970703125
-0.00448989868164063 0.0371932983398438 0.5941162109375 0.45281982421875
-0.012969970703125 0.0417137145996094 0.08624267578125 0.8062744140625
-0.025238037109375 0.100906372070313 -0.200103759765625 0.47772216796875
-0.015655517578125 0.0894317626953125 0.0569534301757813 -0.0871658325195313
0.0225601196289063 0.0794296264648438 -0.0299072265625 -0.659912109375
0.0580902099609375 0.0316047668457031 -0.57745361328125 -0.6123046875
0.0348033905029297 0.0152606964111328 -0.70172119140625 0.10064697265625
0.00169754028320313 0.0118694305419922 -0.236358642578125 0.502899169921875
-0.00249004364013672 -0.015711784362793 0.1435546875 0.434844970703125
-0.00669288635253906 -0.0272083282470703 0.297882080078125 0.169647216796875
-0.000281333923339843 -0.00974273681640625 0.274246215820313 -0.0881500244140625
0.0159950256347656 -0.0148725509643555 -0.22894287109375 0.0278472900390625
0.0214500427246094 -0.00224685668945313 -0.0926971435546875 -0.234390258789062
0.0341701507568359 -0.00591468811035156 0.29681396484375 -0.413726806640625
0.0351276397705078 0.0139751434326172 0.68475341796875 -0.15020751953125
-0.0113277435302734 0.0137500762939453 0.537445068359375 0.54010009765625
-0.0216007232666016 0.00478172302246094 -0.011962890625 0.822998046875
-0.0190391540527344 0.0564079284667969 -0.228973388671875 0.44012451171875
0.00250625610351562 0.0424575805664063 0.0699005126953125 -0.123077392578125
0.0157699584960938 0.0323085784912109 -0.08355712890625 -0.67041015625
0.0395698547363281 0.001708984375 -0.63427734375 -0.54632568359375
0.0313892364501953 -0.00131607055664062 -0.6744384765625 0.17352294921875
0.0134963989257813 -0.000798225402832031 -0.176361083984375 0.5137939453125
0.0108194351196289 -0.0136375427246094 0.18603515625 0.41143798828125
-0.00681304931640625 -0.0158023834228516 0.3092041015625 0.1474609375
-0.00498199462890625 -0.00310039520263672 0.26776123046875 -0.10186767578125
0.0126829147338867 -0.0105142593383789 -0.234878540039063 0.022003173828125
0.0252056121826172 0.00777626037597656 -0.0860443115234375 -0.237899780273438
0.0507926940917969 -0.00317764282226563 0.313873291015625 -0.408660888671875
0.0424156188964844 0.00225448608398438 0.69036865234375 -0.12005615234375
-0.0195808410644531 -0.0135021209716797 0.51904296875 0.57366943359375
-0.02056884765625 -0.0432662963867187 -0.0432128906250001 0.830078125
0.00171196460723877 -0.000265240669250488 -0.23260498046875 0.426605224609375
0.0279312133789063 -0.0137386322021484 0.07763671875 -0.133262634277344
0.00787162780761719 -0.0218391418457031 -0.1024169921875 -0.66937255859375
0.0141716003417969 -0.0275077819824219 -0.6561279296875 -0.51312255859375
0.0214157104492188 -0.0161628723144531 -0.6640625 0.20819091796875
0.0231170654296875 -0.0101356506347656 -0.155059814453125 0.5184326171875
0.0255165100097656 -0.0112552642822266 0.194580078125 0.40191650390625
-0.00451278686523437 -0.0053706169128418 0.30926513671875 0.138641357421875
-0.00694608688354492 0.0033259391784668 0.261138916015625 -0.109329223632813
0.0117950439453125 -0.0057830810546875 -0.240615844726563 0.0190277099609375
0.0285167694091797 0.0147647857666016 -0.100143432617187 -0.239410400390625
0.0617141723632813 -0.000179290771484375 0.29498291015625 -0.41632080078125
0.0459556579589844 -0.00745773315429688 0.68121337890625 -0.141357421875
-0.0273284912109375 -0.0378379821777344 0.53814697265625 0.551513671875
-0.0228424072265625 -0.0927276611328125 -0.00671386718750005 0.82696533203125
0.0277137756347656 -0.0624351501464844 -0.2193603515625 0.437042236328125
0.0591278076171875 -0.0748291015625 0.0787429809570313 -0.122413635253906
0.000183105468749995 -0.0779876708984375 -0.0838623046874999 -0.663330078125
-0.0136871337890625 -0.0582084655761719 -0.64056396484375 -0.52880859375
0.00615501403808594 -0.0266513824462891 -0.67633056640625 0.194091796875
0.0287609100341797 -0.0169658660888672 -0.181060791015625 0.521484375
0.0377922058105469 -0.0086822509765625 0.170928955078125 0.405731201171875
-0.000185728073120118 0.00360846519470215 0.297637939453125 0.140167236328125
-0.00651216506958008 0.00840616226196289 0.254013061523438 -0.1123046875
0.0133142471313477 -0.00410270690917969 -0.249404907226563 0.0199737548828125
0.0273761749267578 0.0211277008056641 -0.132064819335937 -0.238327026367188
0.0654716491699219 0.00181198120117187 0.236785888671875 -0.4334716796875
0.0451469421386719 -0.0127105712890625 0.64447021484375 -0.20843505859375
-0.0386009216308594 -0.0511093139648438 0.591796875 0.4764404296875
-0.0349349975585937 -0.130973815917969 0.09466552734375 0.8125
0.0423049926757812 -0.115882873535156 -0.184967041015625 0.471893310546875
0.08795166015625 -0.125656127929688 0.072265625 -0.0850448608398438
0.00320434570312501 -0.127243041992188 -0.029541015625 -0.648193359375
-0.0334854125976563 -0.0871505737304688 -0.58587646484375 -0.583984375
-0.0114078521728516 -0.0338668823242188 -0.70489501953125 0.134765625
0.0274696350097656 -0.0208892822265625 -0.24560546875 0.516632080078125
0.0471000671386719 -0.00780868530273438 0.117034912109375 0.422637939453125
0.00493335723876953 0.00925922393798828 0.27703857421875 0.15576171875
-0.00374126434326172 0.0118999481201172 0.247787475585938 -0.108016967773438
0.0322837829589844 -0.0327587127685547 -0.245590209960937 0.0616607666015625
0.00805282592773438 -0.0235481262207031 -0.238555908203125 -0.183395385742188
-0.0200691223144531 -0.00696945190429688 -0.011749267578125 -0.429840087890625
-0.00864791870117188 0.0385093688964844 0.4241943359375 -0.4423828125
-0.00582504272460938 0.060028076171875 0.69793701171875 0.07220458984375
0.00936508178710938 0.05609130859375 0.4666748046875 0.62548828125
0.02593994140625 0.109413146972656 -0.00860595703124993 0.59869384765625
-0.00344085693359376 0.116676330566406 0.00946044921874999 0.0795974731445313
0.017181396484375 0.119415283203125 0.198211669921875 -0.5364990234375
0.0568771362304688 0.0719451904296875 -0.2132568359375 -0.83013916015625
0.0113639831542969 0.0487785339355469 -0.7115478515625 -0.280517578125
-0.0371856689453125 0.0347785949707031 -0.517486572265625 0.359619140625
-0.0292377471923828 -0.0168933868408203 -0.108673095703125 0.465057373046875
-0.00395965576171875 -0.0369491577148438 0.196273803710938 0.23614501953125
0.0155220031738281 -0.0212440490722656 0.26129150390625 -0.0544281005859375
0.0281009674072266 -0.0304412841796875 -0.239532470703125 0.0544891357421875
0.00860595703125 -0.0205287933349609 -0.19708251953125 -0.201736450195312
-0.0145502090454102 -0.00859642028808594 0.076629638671875 -0.44219970703125
0.000545501708984376 0.0355224609375 0.515716552734375 -0.385833740234375
-0.000251770019531246 0.0582847595214844 0.68695068359375 0.195068359375
0.00976943969726562 0.0640182495117188 0.35125732421875 0.69842529296875
0.00696563720703126 0.127250671386719 -0.08148193359375 0.56536865234375
-0.0188217163085938 0.128303527832031 0.0226173400878906 0.0230846405029297
0.0193252563476563 0.126228332519531 0.1259765625 -0.5869140625
0.064239501953125 0.0730514526367188 -0.3541259765625 -0.7716064453125
0.0229835510253906 0.0450248718261719 -0.73211669921875 -0.14385986328125
-0.0258655548095703 0.0310535430908203 -0.425628662109375 0.424560546875
-0.0220127105712891 -0.0182151794433594 -0.0173645019531251 0.467071533203125
-0.00410079956054687 -0.0377311706542969 0.236236572265625 0.217727661132812
0.0124301910400391 -0.0192222595214844 0.268539428710938 -0.0626068115234375
0.0233135223388672 -0.0271759033203125 -0.233505249023438 0.044830322265625
0.0100564956665039 -0.0158319473266602 -0.1553955078125 -0.215850830078125
-0.00144147872924805 -0.00827360153198242 0.165313720703125 -0.439453125
0.0123081207275391 0.0302619934082031 0.59600830078125 -0.30548095703125
-0.000568389892578126 0.0506134033203125 0.647705078125 0.33062744140625
-0.000339508056640629 0.0619354248046875 0.2152099609375 0.76116943359375
-0.013458251953125 0.124961853027344 -0.150970458984375 0.5225830078125
-0.0223770141601563 0.1182861328125 0.0403861999511719 -0.03515625
0.021881103515625 0.111343383789063 0.0453491210937501 -0.6285400390625
0.0651130676269531 0.0576591491699219 -0.47821044921875 -0.69256591796875
0.032501220703125 0.0317878723144531 -0.723388671875 -0.01031494140625
-0.0123767852783203 0.0225734710693359 -0.324188232421875 0.474395751953125
-0.0141611099243164 -0.0175619125366211 0.07177734375 0.45220947265625
-0.00526046752929688 -0.0345478057861328 0.27197265625 0.19342041015625
0.00602626800537109 -0.0151882171630859 0.272369384765625 -0.075836181640625
0.0191917419433594 -0.0205612182617188 -0.230545043945312 0.036468505859375
0.0150318145751953 -0.00897312164306641 -0.1177978515625 -0.22711181640625
0.0151195526123047 -0.00820446014404297 0.24444580078125 -0.427581787109375
0.0255908966064453 0.0227336883544922 0.65301513671875 -0.22015380859375
-0.00440216064453125 0.0362663269042969 0.5906982421875 0.45001220703125
-0.0126266479492188 0.0420150756835937 0.0856933593750001 0.8018798828125
-0.0253982543945313 0.0996932983398438 -0.20098876953125 0.475311279296875
-0.0152587890625 0.089141845703125 0.0560836791992187 -0.0860671997070313
0.021942138671875 0.078460693359375 -0.02923583984375 -0.65545654296875
0.057647705078125 0.0311775207519531 -0.57513427734375 -0.6094970703125
0.0355453491210938 0.0143203735351563 -0.6953125 0.10052490234375
0.00105381011962891 0.0119104385375977 -0.2332763671875 0.499755859375
-0.00170707702636719 -0.0168190002441406 0.1424560546875 0.4300537109375
-0.00737762451171875 -0.0262851715087891 0.297027587890625 0.167724609375
7.43865966796885E-05 -0.0101652145385742 0.27227783203125 -0.088653564453125
0.0143280029296875 -0.0148296356201172 -0.229339599609375 0.0272369384765625
0.0205230712890625 -0.002288818359375 -0.09112548828125 -0.232177734375
0.03314208984375 -0.0068817138671875 0.295684814453125 -0.411407470703125
0.0354576110839844 0.012298583984375 0.680908203125 -0.14862060546875
-0.0121393203735352 0.0134220123291016 0.5345458984375 0.535919189453125
-0.0214519500732422 0.00542640686035157 -0.0118408203124999 0.82086181640625
-0.0193214416503906 0.05511474609375 -0.22833251953125 0.439117431640625
0.00278091430664062 0.0405921936035156 0.0699310302734375 -0.120384216308594
0.0161781311035156 0.0315341949462891 -0.08233642578125 -0.66650390625
0.0390892028808594 0.00150680541992188 -0.63079833984375 -0.5419921875
0.03125 -0.0025787353515625 -0.6719970703125 0.176025390625
0.0132923126220703 -0.000569343566894531 -0.173583984375 0.510650634765625
0.0109272003173828 -0.0130319595336914 0.1844482421875 0.408416748046875
-0.00720691680908203 -0.0167903900146484 0.308990478515625 0.14642333984375
-0.00486373901367187 -0.00258445739746094 0.264846801757813 -0.100509643554687
0.0124998092651367 -0.0100870132446289 -0.232818603515625 0.02264404296875
0.0256919860839844 0.00766372680664063 -0.0861053466796875 -0.235992431640625
0.0498542785644531 -0.00377655029296875 0.3116455078125 -0.407012939453125
0.0417098999023438 0.0020904541015625 0.6856689453125 -0.1201171875
-0.0191555023193359 -0.0132884979248047 0.5140380859375 0.57177734375
-0.0205497741699219 -0.0420875549316406 -0.0419921875 0.82769775390625
0.00184047222137451 -0.000490903854370117 -0.23223876953125 0.424530029296875
0.0278415679931641 -0.0146808624267578 0.0776443481445313 -0.131858825683594
0.00718116760253906 -0.0224533081054688 -0.10186767578125 -0.66436767578125
0.01348876953125 -0.0286521911621094 -0.6534423828125 -0.5093994140625
0.0216922760009766 -0.0162639617919922 -0.6602783203125 0.2080078125
0.0235366821289063 -0.00978660583496094 -0.15350341796875 0.514739990234375
0.0251808166503906 -0.0115756988525391 0.194488525390625 0.398834228515625
-0.00446605682373047 -0.00582265853881836 0.308868408203125 0.1375732421875
-0.00651359558105469 0.00330829620361328 0.259628295898438 -0.109207153320313
0.0113630294799805 -0.00666236877441406 -0.238861083984375 0.0187530517578125
0.0281257629394531 0.0161571502685547 -0.0993804931640625 -0.23736572265625
0.0612449645996094 -0.000835418701171875 0.293609619140625 -0.412872314453125
0.045013427734375 -0.00730133056640625 0.6761474609375 -0.1417236328125
-0.0275039672851562 -0.0371284484863281 0.534576416015625 0.54833984375
-0.023040771484375 -0.0920333862304688 -0.00793457031249993 0.82281494140625
0.027618408203125 -0.0614509582519531 -0.219207763671875 0.4351806640625
0.058502197265625 -0.0742416381835938 0.0779876708984375 -0.12091064453125
0.000633239746093745 -0.0778579711914063 -0.0814208984375 -0.65863037109375
-0.0130271911621094 -0.0583305358886719 -0.6365966796875 -0.52618408203125
0.00689697265625 -0.0262451171875 -0.6729736328125 0.19342041015625
0.0277271270751953 -0.0174331665039063 -0.178253173828125 0.51971435546875
0.0373764038085937 -0.0095367431640625 0.17071533203125 0.404327392578125
-0.000540494918823242 0.00313735008239746 0.296356201171875 0.140228271484375
-0.00522613525390625 0.00889873504638672 0.252471923828125 -0.111419677734375
0.0116424560546875 -0.00369644165039063 -0.247802734375 0.021148681640625
0.0270462036132813 0.0207595825195313 -0.130508422851562 -0.23529052734375
0.0652809143066406 0.00209426879882812 0.23504638671875 -0.43218994140625
0.0449943542480469 -0.0133399963378906 0.64013671875 -0.205810546875
-0.0380783081054688 -0.0512046813964844 0.59014892578125 0.47430419921875
-0.035125732421875 -0.129295349121094 0.0933837890624999 0.80975341796875
0.04296875 -0.113693237304688 -0.18524169921875 0.4715576171875
0.0876617431640625 -0.124900817871094 0.0719528198242188 -0.0843582153320313
0.00269317626953124 -0.126594543457031 -0.02880859375 -0.6456298828125
-0.033416748046875 -0.0873184204101562 -0.5819091796875 -0.57818603515625
-0.0101108551025391 -0.0347785949707031 -0.6995849609375 0.13397216796875
0.0279655456542969 -0.0207557678222656 -0.244537353515625 0.5120849609375
0.0472831726074219 -0.00762176513671875 0.1173095703125 0.419769287109375
0.00562191009521485 0.00902366638183594 0.27490234375 0.15435791015625
-0.00486373901367188 0.0125064849853516 0.246170043945312 -0.108047485351563
0.0312213897705078 -0.0339088439941406 -0.245223999023437 0.06231689453125
0.00751495361328125 -0.0234718322753906 -0.237945556640625 -0.182708740234375
-0.0196361541748047 -0.0068359375 -0.011260986328125 -0.428009033203125
-0.00852203369140625 0.0380706787109375 0.4234619140625 -0.441253662109375
-0.0055389404296875 0.0599136352539063 0.695068359375 0.07122802734375
0.00931549072265624 0.0563926696777344 0.46466064453125 0.62127685546875
0.0254135131835937 0.109413146972656 -0.01025390625 0.595458984375
-0.00415802001953124 0.116065979003906 0.00878143310546876 0.0796356201171875
0.0181427001953125 0.117988586425781 0.197296142578125 -0.533660888671875
0.0559921264648438 0.071685791015625 -0.2103271484375 -0.82647705078125
0.0118141174316406 0.0474319458007813 -0.70648193359375 -0.279541015625
-0.0357742309570312 0.0355682373046875 -0.5135498046875 0.35797119140625
-0.0293903350830078 -0.0173606872558594 -0.109283447265625 0.4630126953125
-0.00348663330078125 -0.0368461608886719 0.194091796875 0.235183715820313
0.0156688690185547 -0.0208282470703125 0.259796142578125 -0.0547332763671875
0.0279369354248047 -0.0310707092285156 -0.238693237304688 0.0543670654296875
0.00763320922851563 -0.02178955078125 -0.197784423828125 -0.199691772460937
-0.0141935348510742 -0.00733757019042969 0.077056884765625 -0.439117431640625
0.00114822387695312 0.0349655151367188 0.513397216796875 -0.384765625
0.000175476074218745 0.0579109191894531 0.68463134765625 0.1943359375
0.00893020629882813 0.065155029296875 0.3494873046875 0.69671630859375
0.00618743896484376 0.126335144042969 -0.0814208984375 0.5640869140625
-0.018402099609375 0.126968383789063 0.0223579406738281 0.0237369537353516
0.0188217163085937 0.125495910644531 0.124755859375 -0.5855712890625
0.0632095336914063 0.0716476440429688 -0.35211181640625 -0.767578125
0.0238037109375 0.0443229675292969 -0.728271484375 -0.14483642578125
-0.0249385833740234 0.0308456420898438 -0.422576904296875 0.422637939453125
-0.0230140686035156 -0.0186233520507812 -0.017578125 0.4635009765625
-0.00406265258789063 -0.0373764038085938 0.236083984375 0.217269897460938
0.0123233795166016 -0.0195331573486328 0.26708984375 -0.063140869140625
0.0228481292724609 -0.0267066955566406 -0.233001708984375 0.0454559326171875
0.0105352401733398 -0.0160093307495117 -0.154373168945313 -0.21527099609375
-0.0024266242980957 -0.00870323181152344 0.166015625 -0.43804931640625
0.0126018524169922 0.0295276641845703 0.59344482421875 -0.3057861328125
6.86645507812499E-05 0.05078125 0.64581298828125 0.327880859375
-0.000740051269531244 0.0617408752441406 0.2119140625 0.75823974609375
-0.0136489868164063 0.125038146972656 -0.149169921875 0.519683837890625
-0.022430419921875 0.116981506347656 0.0389671325683594 -0.0336952209472656
0.0223541259765625 0.111221313476563 0.04443359375 -0.6248779296875
0.0655174255371094 0.0564002990722656 -0.4764404296875 -0.6893310546875
0.0324611663818359 0.0315933227539063 -0.71978759765625 -0.0118408203125
-0.0120792388916016 0.0223407745361328 -0.322662353515625 0.47027587890625
-0.0145282745361328 -0.0183753967285156 0.07122802734375 0.4508056640625
-0.00554084777832031 -0.0342903137207031 0.270492553710937 0.192413330078125
0.00687217712402344 -0.0157403945922852 0.271942138671875 -0.075469970703125
0.0187282562255859 -0.0212593078613281 -0.22998046875 0.036407470703125
0.014613151550293 -0.00900936126708984 -0.116912841796875 -0.225082397460937
0.0147027969360352 -0.00774860382080078 0.24365234375 -0.42559814453125
0.0249309539794922 0.0211830139160156 0.65032958984375 -0.218505859375
-0.00514984130859375 0.0367660522460938 0.58782958984375 0.44818115234375
-0.0130729675292969 0.0421867370605469 0.0847167968750001 0.79864501953125
-0.0256729125976563 0.0998153686523437 -0.19989013671875 0.47308349609375
-0.01605224609375 0.0870590209960938 0.0557785034179688 -0.0844192504882813
0.022216796875 0.0770111083984375 -0.02960205078125 -0.651611328125
0.0576744079589844 0.0315666198730469 -0.57110595703125 -0.60662841796875
0.0354156494140625 0.0152702331542969 -0.6947021484375 0.0982666015625001
0.00161361694335938 0.0114068984985352 -0.232513427734375 0.49725341796875
-0.00240898132324219 -0.0159387588500977 0.142730712890625 0.428314208984375
-0.00752830505371094 -0.0268135070800781 0.29583740234375 0.16656494140625
0.000327110290527344 -0.0102338790893555 0.2705078125 -0.0883026123046875
0.0152149200439453 -0.0149259567260742 -0.228195190429688 0.0281219482421875
0.0213718414306641 -0.00234413146972656 -0.091156005859375 -0.2298583984375
0.0348930358886719 -0.00610542297363281 0.295562744140625 -0.410125732421875
0.0353164672851563 0.0123176574707031 0.67779541015625 -0.14996337890625
-0.0123157501220703 0.0132436752319336 0.5302734375 0.5352783203125
-0.0211639404296875 0.00571632385253906 -0.0139770507812501 0.8177490234375
-0.0189018249511719 0.0560722351074219 -0.22711181640625 0.43743896484375
0.00211715698242187 0.0401496887207031 0.06866455078125 -0.119537353515625
0.0164661407470703 0.0306930541992188 -0.0819091796875 -0.65997314453125
0.0388221740722656 0.000396728515625 -0.6290283203125 -0.53985595703125
0.0311870574951172 -0.00310134887695313 -0.66802978515625 0.173095703125
0.0136852264404297 -0.000208854675292969 -0.17303466796875 0.5076904296875
0.0109491348266602 -0.0135421752929688 0.18505859375 0.405914306640625
-0.00726509094238282 -0.0162858963012695 0.307342529296875 0.144805908203125
-0.00348734855651856 -0.00237226486206055 0.264663696289063 -0.102615356445313
0.0126934051513672 -0.0100851058959961 -0.232818603515625 0.023406982421875
0.0247440338134766 0.00762557983398438 -0.0850067138671875 -0.234710693359375
0.0500030517578125 -0.00316238403320313 0.311737060546875 -0.405548095703125
0.0416374206542969 0.001068115234375 0.68341064453125 -0.12109375
-0.0200119018554688 -0.0128898620605469 0.51397705078125 0.56854248046875
-0.0207099914550781 -0.0422248840332031 -0.04376220703125 0.8232421875
0.00284051895141602 -7.70092010498047E-05 -0.231536865234375 0.4228515625
0.0282783508300781 -0.0147113800048828 0.0764236450195313 -0.131378173828125
0.00782394409179688 -0.0222434997558594 -0.10101318359375 -0.66046142578125
0.0138607025146484 -0.0284309387207031 -0.649169921875 -0.50909423828125
0.0216808319091797 -0.0160369873046875 -0.6566162109375 0.206298828125
0.0235633850097656 -0.0108642578125 -0.153350830078125 0.512298583984375
0.0242233276367188 -0.0114574432373047 0.192108154296875 0.397125244140625
-0.00528526306152344 -0.00505256652832031 0.306427001953125 0.136566162109375
-0.00655841827392578 0.00360393524169922 0.259201049804688 -0.108795166015625
0.0117168426513672 -0.00637722015380859 -0.23760986328125 0.0198211669921875
0.0275936126708984 0.0161228179931641 -0.098175048828125 -0.236328125
0.0606880187988281 -0.00140762329101563 0.292724609375 -0.412994384765625
0.044525146484375 -0.00803375244140625 0.6734619140625 -0.1422119140625
-0.0273208618164063 -0.0372657775878906 0.532867431640625 0.5472412109375
-0.0222320556640625 -0.0921401977539062 -0.00842285156249998 0.81884765625
0.0285530090332031 -0.0617103576660156 -0.220001220703125 0.43408203125
0.0581436157226562 -0.0746536254882812 0.0780029296875 -0.119972229003906
0.000488281249999995 -0.0786666870117188 -0.0821533203125 -0.6546630859375
-0.0128555297851563 -0.0590248107910156 -0.6331787109375 -0.5228271484375
0.00639724731445312 -0.0263614654541016 -0.66961669921875 0.1943359375
0.0286331176757813 -0.0179805755615234 -0.176727294921875 0.51544189453125
0.0369300842285156 -0.00912857055664063 0.170013427734375 0.4014892578125
0.000225305557250977 0.00401520729064941 0.295257568359375 0.13824462890625
-0.00610160827636719 0.00880527496337891 0.251174926757813 -0.111221313476563
0.0122203826904297 -0.00375080108642578 -0.247406005859375 0.021728515625
0.0273971557617188 0.0221786499023438 -0.12994384765625 -0.234344482421875
0.0655593872070313 0.0009765625 0.23468017578125 -0.430908203125
0.04425048828125 -0.0146675109863281 0.63702392578125 -0.20672607421875
-0.0383262634277344 -0.051300048828125 0.58660888671875 0.47174072265625
-0.0335922241210938 -0.129318237304688 0.0903320312500001 0.80535888671875
0.0429229736328125 -0.113777160644531 -0.184295654296875 0.4693603515625
0.0872802734375 -0.124649047851563 0.0714645385742188 -0.0827789306640625
0.00279998779296874 -0.126274108886719 -0.02838134765625 -0.64093017578125
-0.0332183837890625 -0.0876617431640625 -0.58074951171875 -0.57684326171875
-0.0114364624023437 -0.0343647003173828 -0.69580078125 0.1336669921875
0.02679443359375 -0.0211429595947266 -0.242156982421875 0.509918212890625
0.0464439392089844 -0.00798416137695313 0.116241455078125 0.41796875
0.00519466400146484 0.00879669189453125 0.275177001953125 0.152877807617188
-0.00380706787109375 0.0118436813354492 0.245498657226563 -0.106948852539063
0.0317001342773438 -0.0344047546386719 -0.244033813476563 0.0633087158203125
0.00684547424316406 -0.0236988067626953 -0.236572265625 -0.180862426757813
-0.0207176208496094 -0.00692367553710937 -0.00967407226562501 -0.42706298828125
-0.00876617431640625 0.0373497009277344 0.421600341796875 -0.440032958984375
-0.00531387329101563 0.0597343444824219 0.6943359375 0.0721435546875
0.00918197631835938 0.0571861267089844 0.46197509765625 0.62054443359375
0.0248031616210938 0.109573364257812 -0.0122070312499999 0.5947265625
-0.004608154296875 0.115402221679688 0.00811004638671875 0.0791015625
0.0177688598632812 0.117485046386719 0.196533203125 -0.53106689453125
0.0557708740234375 0.0716934204101563 -0.21087646484375 -0.82464599609375
0.0129470825195313 0.0474166870117187 -0.70404052734375 -0.28131103515625
-0.0361747741699219 0.0352706909179687 -0.50994873046875 0.355072021484375
-0.0289077758789063 -0.0177650451660156 -0.10858154296875 0.46075439453125
-0.00438690185546875 -0.03704833984375 0.19482421875 0.234375
0.0152778625488281 -0.0208721160888672 0.258316040039062 -0.0546417236328125
0.0280551910400391 -0.0306415557861328 -0.238357543945312 0.054840087890625
0.00745773315429688 -0.0206012725830078 -0.195892333984375 -0.19866943359375
-0.0141658782958984 -0.00826263427734375 0.078125 -0.438262939453125
0.0010986328125 0.0347652435302734 0.511962890625 -0.383453369140625
-0.000358581542968754 0.0578346252441406 0.68267822265625 0.1949462890625
0.00918579101562499 0.0649795532226563 0.34564208984375 0.69525146484375
0.00552368164062501 0.126411437988281 -0.08245849609375 0.561431884765625
-0.0187301635742188 0.126022338867188 0.0212211608886719 0.0233249664306641
0.0193557739257813 0.124656677246094 0.12567138671875 -0.58245849609375
0.06427001953125 0.0708694458007812 -0.35089111328125 -0.7667236328125
0.023712158203125 0.0441780090332031 -0.72406005859375 -0.14483642578125
-0.0249118804931641 0.0308322906494141 -0.4222412109375 0.42059326171875
-0.0233821868896484 -0.0185546875 -0.01788330078125 0.461273193359375
-0.0052490234375 -0.0376472473144531 0.234725952148438 0.2166748046875
0.0129547119140625 -0.0185394287109375 0.267608642578125 -0.0629730224609375
0.02276611328125 -0.0271053314208984 -0.233062744140625 0.0454254150390625
0.00949192047119141 -0.0159063339233398 -0.154769897460937 -0.213882446289063
-0.00222873687744141 -0.00907802581787109 0.165863037109375 -0.4361572265625
0.0125236511230469 0.0281829833984375 0.5921630859375 -0.30438232421875
0.000301361083984371 0.0508880615234375 0.6429443359375 0.328857421875
-0.000396728515624996 0.0621147155761719 0.21026611328125 0.75732421875
-0.0137481689453125 0.124900817871094 -0.15185546875 0.518341064453125
-0.023223876953125 0.116218566894531 0.0386505126953125 -0.0333671569824219
0.021759033203125 0.109901428222656 0.04681396484375 -0.62298583984375
0.0655326843261719 0.0564460754394531 -0.47320556640625 -0.68865966796875
0.0324039459228516 0.0321178436279297 -0.7178955078125 -0.01318359375
-0.0122127532958984 0.0225429534912109 -0.322265625 0.467742919921875
-0.0146408081054688 -0.0182552337646484 0.070556640625 0.4493408203125
-0.006256103515625 -0.0339889526367188 0.270309448242188 0.192474365234375
0.00729560852050781 -0.0151853561401367 0.271728515625 -0.0751190185546875
0.0186119079589844 -0.0212917327880859 -0.229995727539063 0.0366973876953125
0.0142526626586914 -0.00912570953369141 -0.116867065429688 -0.223892211914062
0.0142726898193359 -0.00841712951660156 0.245147705078125 -0.423492431640625
0.0248031616210938 0.0210971832275391 0.6484375 -0.21954345703125
-0.00504684448242187 0.0361747741699219 0.58599853515625 0.44842529296875
-0.0125389099121094 0.0419960021972656 0.0823974609374999 0.79693603515625
-0.0253219604492187 0.100296020507812 -0.20184326171875 0.47265625
-0.0160446166992188 0.0862503051757813 0.0556411743164063 -0.0844192504882813
0.02142333984375 0.0772552490234375 -0.0283203125 -0.64862060546875
0.0579338073730469 0.0297966003417969 -0.56927490234375 -0.60589599609375
0.0352363586425781 0.0143318176269531 -0.6900634765625 0.0974121093749999
0.00188541412353516 0.0113582611083984 -0.232208251953125 0.49493408203125
-0.00272750854492187 -0.0160083770751953 0.143280029296875 0.4267578125
-0.00769615173339844 -0.0268516540527344 0.29522705078125 0.166778564453125
0.000479698181152344 -0.00951480865478516 0.27001953125 -0.0890655517578125
0.0146656036376953 -0.0162115097045898 -0.227447509765625 0.02886962890625
0.0211257934570313 -0.00156021118164063 -0.0902252197265625 -0.22906494140625
0.0328598022460937 -0.0058746337890625 0.293609619140625 -0.4091796875
0.0343685150146484 0.0115509033203125 0.67608642578125 -0.14923095703125
-0.0127334594726563 0.0131826400756836 0.530181884765625 0.533203125
-0.0206413269042969 0.00706672668457032 -0.0155029296875 0.81475830078125
-0.0187492370605469 0.0556182861328125 -0.228485107421875 0.4349365234375
0.00152969360351563 0.0398979187011719 0.06842041015625 -0.118522644042969
0.0156021118164063 0.0300273895263672 -0.0807495117187499 -0.65936279296875
0.0387611389160156 0.000835418701171875 -0.62542724609375 -0.539306640625
0.0321025848388672 -0.00274467468261719 -0.66656494140625 0.171875
0.0146617889404297 -0.00037384033203125 -0.172607421875 0.5052490234375
0.0105209350585938 -0.0140085220336914 0.1824951171875 0.40521240234375
-0.00776576995849609 -0.017303466796875 0.306060791015625 0.1448974609375
-0.00368666648864746 -0.00239944458007812 0.263946533203125 -0.101959228515625
0.0122032165527344 -0.0101413726806641 -0.231781005859375 0.02337646484375
0.0251064300537109 0.00850868225097656 -0.084930419921875 -0.23406982421875
0.0491294860839844 -0.0037078857421875 0.311248779296875 -0.404022216796875
0.0411567687988281 9.1552734375E-05 0.68023681640625 -0.1195068359375
-0.0201911926269531 -0.0124778747558594 0.51104736328125 0.5679931640625
-0.0202102661132813 -0.0419540405273438 -0.0451049804687499 0.82073974609375
0.0032191276550293 0.000173330307006836 -0.232452392578125 0.420989990234375
0.0280742645263672 -0.0149040222167969 0.0767288208007813 -0.128898620605469
0.00653648376464843 -0.0228672027587891 -0.09967041015625 -0.65948486328125
0.0137653350830078 -0.0296840667724609 -0.6473388671875 -0.50762939453125
0.0215053558349609 -0.0165214538574219 -0.65582275390625 0.20465087890625
0.0228099822998047 -0.0110721588134766 -0.1531982421875 0.50994873046875
0.0240650177001953 -0.0113029479980469 0.192352294921875 0.395294189453125
-0.0051584243774414 -0.00563621520996094 0.306915283203125 0.135589599609375
-0.00618600845336914 0.00284242630004883 0.257980346679688 -0.108932495117187
0.0120525360107422 -0.00631141662597656 -0.2379150390625 0.0203399658203125
0.0275154113769531 0.0171566009521484 -0.0981292724609375 -0.235870361328125
0.0607490539550781 -0.0011444091796875 0.29229736328125 -0.41070556640625
0.0444793701171875 -0.00927352905273438 0.671142578125 -0.14208984375
-0.0275077819824219 -0.0370101928710938 0.530303955078125 0.546600341796875
-0.0223159790039062 -0.0900802612304687 -0.0103759765624999 0.81689453125
0.0279617309570312 -0.0600738525390625 -0.218505859375 0.4320068359375
0.0577621459960938 -0.0745468139648438 0.0769882202148438 -0.118873596191406
-0.0006561279296875 -0.0773849487304688 -0.0795898437499999 -0.65313720703125
-0.0132827758789063 -0.059234619140625 -0.6304931640625 -0.52154541015625
0.005889892578125 -0.0262470245361328 -0.6690673828125 0.19061279296875
0.0286159515380859 -0.0183162689208984 -0.175872802734375 0.513580322265625
0.0373497009277344 -0.00935745239257813 0.16961669921875 0.39892578125
0.000167131423950195 0.00365304946899414 0.29522705078125 0.137908935546875
-0.00635528564453125 0.00899887084960938 0.250503540039063 -0.110931396484375
0.012324333190918 -0.00398349761962891 -0.246200561523438 0.0213775634765625
0.0270557403564453 0.0226211547851563 -0.129653930664062 -0.232467651367188
0.0654869079589844 0.00054168701171875 0.235443115234375 -0.42950439453125
0.0437164306640625 -0.0154151916503906 0.63580322265625 -0.20556640625
-0.0389022827148438 -0.0511207580566406 0.58563232421875 0.470458984375
-0.0342636108398437 -0.127037048339844 0.0888671875 0.80291748046875
0.0440521240234375 -0.113975524902344 -0.183807373046875 0.46868896484375
0.087677001953125 -0.124496459960938 0.071197509765625 -0.0821151733398438
0.00293731689453126 -0.126152038574219 -0.02777099609375 -0.638427734375
-0.032958984375 -0.0880050659179687 -0.5789794921875 -0.57684326171875
-0.0105113983154297 -0.0340576171875 -0.69488525390625 0.1300048828125
0.0273456573486328 -0.0211944580078125 -0.240997314453125 0.506622314453125
0.0460014343261719 -0.00746917724609375 0.115020751953125 0.417144775390625
0.00491905212402344 0.00883674621582031 0.2742919921875 0.152908325195312
-0.00276660919189453 0.0121431350708008 0.244583129882813 -0.106414794921875
0.0306987762451172 -0.0339794158935547 -0.244491577148438 0.0632476806640625
0.0060272216796875 -0.0238113403320312 -0.236190795898437 -0.180511474609375
-0.0205707550048828 -0.00752830505371094 -0.00918579101562503 -0.42626953125
-0.00830841064453125 0.0367660522460938 0.422027587890625 -0.439544677734375
-0.0057525634765625 0.0593490600585938 0.69384765625 0.072509765625
0.00871658325195312 0.0580062866210938 0.45965576171875 0.62237548828125
0.024688720703125 0.110298156738281 -0.012939453125 0.59417724609375
-0.004486083984375 0.1143798828125 0.006622314453125 0.0793075561523438
0.01727294921875 0.117256164550781 0.196533203125 -0.52978515625
0.055145263671875 0.0704498291015625 -0.2073974609375 -0.8218994140625
0.0122756958007813 0.0472679138183594 -0.702392578125 -0.282958984375
-0.03485107421875 0.0351638793945313 -0.51116943359375 0.35400390625
-0.0290851593017578 -0.0179710388183594 -0.109161376953125 0.459228515625
-0.00461196899414062 -0.0376510620117187 0.193695068359375 0.23394775390625
0.0146369934082031 -0.0217914581298828 0.258331298828125 -0.0540313720703125
0.02679443359375 -0.0319232940673828 -0.238327026367188 0.0551910400390625
0.00620460510253906 -0.0210990905761719 -0.195693969726562 -0.198104858398437
-0.0146074295043945 -0.00775718688964844 0.077880859375 -0.438018798828125
0.00130653381347656 0.0343360900878906 0.510955810546875 -0.38189697265625
3.8146972656246E-06 0.0573043823242188 0.6824951171875 0.19671630859375
0.00921630859375 0.0653190612792969 0.34368896484375 0.69635009765625
0.00579833984374999 0.127098083496094 -0.0857849121093751 0.560943603515625
-0.0195846557617188 0.124984741210938 0.0205631256103516 0.0237045288085938
0.0184326171875 0.12451171875 0.12567138671875 -0.5797119140625
0.063690185546875 0.0708847045898437 -0.3487548828125 -0.76544189453125
0.0231361389160156 0.043701171875 -0.7236328125 -0.1466064453125
-0.0249500274658203 0.0308399200439453 -0.4207763671875 0.419219970703125
-0.0240459442138672 -0.0187301635742187 -0.018829345703125 0.46051025390625
-0.00511932373046875 -0.0371360778808594 0.23443603515625 0.216629028320313
0.0116653442382813 -0.0194759368896484 0.266677856445313 -0.06353759765625
0.0229644775390625 -0.0272598266601563 -0.232757568359375 0.0460357666015625
0.00921249389648438 -0.0160341262817383 -0.153594970703125 -0.213058471679687
-0.00166130065917969 -0.00913524627685547 0.1676025390625 -0.434967041015625
0.0129222869873047 0.028533935546875 0.5924072265625 -0.3040771484375
-0.000591278076171877 0.0510940551757813 0.6424560546875 0.32989501953125
-0.000885009765625002 0.0622978210449219 0.20745849609375 0.75848388671875
-0.0133285522460937 0.123893737792969 -0.152923583984375 0.517181396484375
-0.0238113403320312 0.115509033203125 0.03778076171875 -0.0326118469238281
0.0221481323242187 0.110336303710937 0.0457763671875001 -0.6209716796875
0.0644454956054688 0.0557975769042969 -0.47259521484375 -0.6895751953125
0.0329551696777344 0.0313358306884766 -0.71392822265625 -0.0141601562499999
-0.0119056701660156 0.0230121612548828 -0.32171630859375 0.466094970703125
-0.0146465301513672 -0.0191688537597656 0.069549560546875 0.44915771484375
-0.00677299499511718 -0.0340099334716797 0.269821166992188 0.192596435546875
0.00666427612304688 -0.0149497985839844 0.271133422851563 -0.0754852294921875
0.0180397033691406 -0.0219860076904297 -0.230072021484375 0.0370635986328125
0.0132913589477539 -0.0092315673828125 -0.116531372070313 -0.223648071289063
0.0138225555419922 -0.00801658630371094 0.245269775390625 -0.4244384765625
0.0250434875488281 0.020477294921875 0.6488037109375 -0.2178955078125
-0.0048828125 0.0365333557128906 0.583984375 0.45050048828125
-0.0130271911621094 0.0430755615234375 0.0794677734375 0.7967529296875
-0.025421142578125 0.100448608398438 -0.20257568359375 0.471221923828125
-0.0160903930664063 0.0855941772460938 0.0548782348632813 -0.0833206176757813
0.0222549438476562 0.0763015747070313 -0.0257568359375 -0.64788818359375
0.057403564453125 0.0297164916992187 -0.567138671875 -0.6068115234375
0.0357551574707031 0.0133056640625 -0.690185546875 0.0961303710937499
0.0015716552734375 0.0118827819824219 -0.232635498046875 0.493255615234375
-0.00284099578857422 -0.0167760848999023 0.141632080078125 0.426971435546875
-0.00782203674316406 -0.0269088745117188 0.295074462890625 0.1661376953125
0.000255584716796875 -0.00961017608642578 0.270278930664063 -0.089752197265625
0.0153484344482422 -0.015192985534668 -0.2275390625 0.0286865234375
0.0197772979736328 -0.000957489013671875 -0.0890960693359375 -0.228744506835937
0.0329532623291016 -0.00617218017578125 0.2955322265625 -0.408233642578125
0.0338935852050781 0.0109004974365234 0.67584228515625 -0.14727783203125
-0.0114955902099609 0.0134429931640625 0.527740478515625 0.535491943359375
-0.0208454132080078 0.00620079040527344 -0.0174560546875001 0.81500244140625
-0.0183525085449219 0.0563125610351563 -0.22979736328125 0.435760498046875
0.001800537109375 0.039276123046875 0.068939208984375 -0.118110656738281
0.0154800415039063 0.0298900604248047 -0.078857421875 -0.657470703125
0.0389747619628906 -0.000362396240234375 -0.62469482421875 -0.5406494140625
0.0314807891845703 -0.00330734252929688 -0.6629638671875 0.1702880859375
0.0138950347900391 -0.000472068786621094 -0.17413330078125 0.5045166015625
0.00993537902832031 -0.0136127471923828 0.183013916015625 0.40460205078125
-0.0076904296875 -0.0166339874267578 0.306640625 0.145355224609375
-0.00337100028991699 -0.00274109840393066 0.263381958007813 -0.102005004882812
0.0120315551757812 -0.0107879638671875 -0.231842041015625 0.0232391357421875
0.0248012542724609 0.00914764404296875 -0.08343505859375 -0.232711791992188
0.0492782592773437 -0.00305938720703125 0.3118896484375 -0.40386962890625
0.04052734375 -0.00041961669921875 0.679931640625 -0.12060546875
-0.0197982788085938 -0.0120830535888672 0.50946044921875 0.567626953125
-0.019683837890625 -0.0416793823242188 -0.0469360351562499 0.81939697265625
0.00387144088745117 0.000971555709838867 -0.234222412109375 0.420989990234375
0.0277690887451172 -0.0156097412109375 0.0765609741210938 -0.128700256347656
0.00747489929199219 -0.0236415863037109 -0.0969848632812501 -0.65765380859375
0.0134849548339844 -0.0295028686523438 -0.64520263671875 -0.50823974609375
0.02191162109375 -0.0174198150634766 -0.65557861328125 0.20318603515625
0.0237598419189453 -0.01092529296875 -0.153289794921875 0.50921630859375
0.0236091613769531 -0.0110549926757813 0.19134521484375 0.3941650390625
-0.00560808181762695 -0.0055546760559082 0.306304931640625 0.135772705078125
-0.00574636459350586 0.00364160537719727 0.258056640625 -0.108001708984375
0.0115118026733398 -0.00654029846191406 -0.238052368164062 0.0206146240234375
0.0266780853271484 0.0168571472167969 -0.096710205078125 -0.234619140625
0.0603370666503906 -0.00128936767578125 0.29241943359375 -0.410552978515625
0.0440292358398438 -0.010498046875 0.66998291015625 -0.1405029296875
-0.0282058715820313 -0.0369987487792969 0.5289306640625 0.54718017578125
-0.0214157104492187 -0.0905914306640625 -0.0134887695312501 0.8165283203125
0.0285224914550781 -0.0602874755859375 -0.220489501953125 0.431640625
0.0569000244140625 -0.0754852294921875 0.077423095703125 -0.118118286132812
-0.000251770019531251 -0.0774993896484375 -0.07940673828125 -0.6513671875
-0.0134201049804687 -0.0598487854003906 -0.630126953125 -0.52301025390625
0.00694084167480469 -0.0274486541748047 -0.666748046875 0.18896484375
0.0281238555908203 -0.0187206268310547 -0.176513671875 0.511749267578125
0.03656005859375 -0.0101509094238281 0.1685791015625 0.398712158203125
-0.000481843948364258 0.00399684906005859 0.29510498046875 0.138702392578125
-0.00570011138916015 0.00937271118164063 0.249740600585938 -0.1109619140625
0.0118741989135742 -0.00420570373535156 -0.246322631835938 0.020965576171875
0.0264129638671875 0.0233478546142578 -0.128372192382813 -0.232254028320312
0.0645866394042969 0.00171661376953125 0.23553466796875 -0.427764892578125
0.0433502197265625 -0.0159988403320313 0.63543701171875 -0.20587158203125
-0.0387458801269531 -0.0506515502929688 0.58270263671875 0.47137451171875
-0.0334625244140625 -0.127944946289063 0.08868408203125 0.8031005859375
0.0448989868164063 -0.112838745117188 -0.1865234375 0.46795654296875
0.0869293212890625 -0.125251770019531 0.0710678100585938 -0.0816879272460938
0.00244903564453126 -0.126266479492187 -0.02630615234375 -0.63641357421875
-0.03289794921875 -0.0878448486328125 -0.5770263671875 -0.576171875
-0.0109443664550781 -0.0350570678710938 -0.6937255859375 0.12896728515625
0.0265159606933594 -0.0214424133300781 -0.240386962890625 0.50579833984375
0.0463790893554688 -0.00815200805664063 0.116363525390625 0.416107177734375
0.00423431396484375 0.00897312164306641 0.27386474609375 0.15203857421875
-0.00279140472412109 0.011932373046875 0.244613647460938 -0.106292724609375
0.0308303833007813 -0.0345573425292969 -0.245864868164063 0.0617828369140625
0.00531959533691406 -0.0243453979492188 -0.237380981445313 -0.179824829101562
-0.0205154418945313 -0.00773811340332031 -0.00686645507812496 -0.4267578125
-0.0079803466796875 0.0371131896972656 0.42333984375 -0.437774658203125
-0.00636672973632813 0.0601425170898438 0.694091796875 0.0758056640625
0.00814819335937501 0.05810546875 0.4580078125 0.6248779296875
0.0246734619140625 0.110580444335938 -0.015380859375 0.5947265625
-0.00585174560546876 0.113746643066406 0.00521850585937501 0.0797805786132813
0.0166854858398437 0.117149353027344 0.19805908203125 -0.529510498046875
0.0552444458007813 0.071014404296875 -0.20599365234375 -0.8245849609375
0.0117111206054688 0.0461959838867188 -0.70062255859375 -0.28656005859375
-0.0354766845703125 0.0345497131347656 -0.511322021484375 0.3511962890625
-0.0310554504394531 -0.0179481506347656 -0.10955810546875 0.459625244140625
-0.00551986694335937 -0.0376853942871094 0.194580078125 0.234512329101563
0.0160808563232422 -0.0207691192626953 0.259368896484375 -0.0533905029296875
0.0272579193115234 -0.0320720672607422 -0.23828125 0.0545196533203125
0.00644874572753906 -0.0217666625976563 -0.195297241210938 -0.197555541992187
-0.0143098831176758 -0.00862598419189453 0.078857421875 -0.437530517578125
0.000444412231445314 0.0337295532226562 0.51312255859375 -0.382843017578125
-1.14440917968702E-05 0.0579605102539063 0.682861328125 0.1976318359375
0.0087432861328125 0.0651969909667969 0.34234619140625 0.697998046875
0.00597381591796874 0.127304077148438 -0.0870361328125 0.5614013671875
-0.01947021484375 0.12445068359375 0.0203227996826172 0.0248050689697266
0.0179595947265625 0.123863220214844 0.1275634765625 -0.5791015625
0.0633544921875 0.0704879760742188 -0.34649658203125 -0.76837158203125
0.0232582092285156 0.0436248779296875 -0.72381591796875 -0.14935302734375
-0.0255546569824219 0.0308513641357422 -0.421875 0.4169921875
-0.0242919921875 -0.01910400390625 -0.018463134765625 0.4603271484375
-0.00629806518554687 -0.0379371643066406 0.234237670898438 0.21734619140625
0.0121574401855469 -0.0195331573486328 0.267608642578125 -0.062896728515625
0.0226421356201172 -0.0273590087890625 -0.233078002929687 0.046142578125
0.00866413116455078 -0.0156078338623047 -0.152938842773437 -0.212646484375
-0.00273895263671875 -0.00905132293701172 0.1671142578125 -0.435333251953125
0.0127162933349609 0.0280685424804688 0.5921630859375 -0.30419921875
-1.52587890624962E-05 0.050567626953125 0.64263916015625 0.3310546875
-0.00082778930664062 0.0631599426269531 0.20550537109375 0.7578125
-0.0144119262695313 0.124908447265625 -0.154296875 0.51861572265625
-0.0238876342773437 0.114448547363281 0.0383987426757813 -0.0322113037109375
0.0219192504882812 0.110038757324219 0.0485229492187501 -0.62091064453125
0.0649681091308594 0.0554618835449219 -0.4708251953125 -0.69189453125
0.0327377319335938 0.0313949584960938 -0.71588134765625 -0.01593017578125
-0.0115795135498047 0.0227546691894531 -0.321746826171875 0.465850830078125
-0.0153064727783203 -0.0184459686279297 0.0694580078125 0.44781494140625
-0.00641441345214843 -0.0349178314208984 0.270355224609375 0.191940307617188
0.0065765380859375 -0.0148820877075195 0.272506713867188 -0.075469970703125
0.0184974670410156 -0.0217361450195312 -0.230377197265625 0.0368499755859375
0.0132513046264648 -0.00894546508789063 -0.11627197265625 -0.223587036132813
0.0140190124511719 -0.00866889953613281 0.244873046875 -0.42376708984375
0.0246677398681641 0.0195465087890625 0.64898681640625 -0.2177734375
-0.00505447387695312 0.0367202758789063 0.58282470703125 0.452880859375
-0.01361083984375 0.0437278747558594 0.07623291015625 0.79901123046875
-0.0246200561523437 0.100425720214844 -0.205230712890625 0.47064208984375
-0.01702880859375 0.084808349609375 0.0548553466796875 -0.0824356079101563
0.0221633911132812 0.0768966674804688 -0.0240478515625001 -0.64678955078125
0.0577049255371094 0.0296401977539063 -0.5662841796875 -0.607421875
0.0352096557617188 0.0141372680664063 -0.6905517578125 0.0953369140624999
0.00151920318603516 0.0109901428222656 -0.23223876953125 0.493621826171875
-0.00288867950439453 -0.0168981552124023 0.14141845703125 0.4261474609375
-0.00830078125 -0.0265693664550781 0.295440673828125 0.166961669921875
0.00082874298095703 -0.0094146728515625 0.270675659179688 -0.0895843505859375
0.0149574279785156 -0.0152559280395508 -0.228179931640625 0.0286102294921875
0.0196857452392578 -0.00111770629882813 -0.089263916015625 -0.228668212890625
0.0331096649169922 -0.00603675842285156 0.29693603515625 -0.40997314453125
0.0337314605712891 0.0104637145996094 0.6768798828125 -0.148193359375
-0.0124797821044922 0.0133256912231445 0.52691650390625 0.537109375
-0.0195770263671875 0.00629043579101563 -0.0196533203125 0.81585693359375
-0.0184783935546875 0.0559883117675781 -0.231353759765625 0.435638427734375
0.001068115234375 0.039306640625 0.0684661865234375 -0.117546081542969
0.015899658203125 0.0295810699462891 -0.0772705078125 -0.65606689453125
0.0384597778320313 -0.000919342041015625 -0.62335205078125 -0.54193115234375
0.0316982269287109 -0.00374984741210938 -0.66583251953125 0.16827392578125
0.0146608352661133 -0.000677108764648438 -0.172454833984375 0.502838134765625
0.010075569152832 -0.0137300491333008 0.182861328125 0.405242919921875
-0.00829124450683594 -0.0168285369873047 0.30596923828125 0.145172119140625
-0.00344944000244141 -0.00314402580261231 0.264312744140625 -0.101348876953125
0.0119075775146484 -0.0107231140136719 -0.23236083984375 0.0239715576171876
0.0245990753173828 0.00872611999511719 -0.083251953125 -0.2322998046875
0.0496025085449219 -0.0033721923828125 0.3115234375 -0.40277099609375
0.0411224365234375 -0.000652313232421875 0.68194580078125 -0.11907958984375
-0.0201339721679688 -0.0118675231933594 0.50885009765625 0.56976318359375
-0.0187950134277344 -0.041290283203125 -0.0507202148437499 0.8212890625
0.00395774841308594 0.00126528739929199 -0.235015869140625 0.42218017578125
0.0269756317138672 -0.0161724090576172 0.0767059326171875 -0.127761840820313
0.00726318359375 -0.0230960845947266 -0.09625244140625 -0.65625
0.0139617919921875 -0.0306949615478516 -0.64691162109375 -0.5096435546875
0.0214519500732422 -0.0174198150634766 -0.6556396484375 0.200927734375
0.0240154266357422 -0.0121135711669922 -0.153717041015625 0.50921630859375
0.0236530303955078 -0.0115070343017578 0.1922607421875 0.39556884765625
-0.00562572479248047 -0.00560712814331055 0.307281494140625 0.13671875
-0.00525999069213867 0.00429677963256836 0.258560180664063 -0.109207153320312
0.0119619369506836 -0.00676155090332031 -0.238662719726563 0.021209716796875
0.0274620056152344 0.0171337127685547 -0.096282958984375 -0.234817504882813
0.0597267150878906 -0.0009002685546875 0.29364013671875 -0.411590576171875
0.0447349548339844 -0.0110282897949219 0.67120361328125 -0.14031982421875
-0.0277290344238281 -0.0367965698242188 0.526947021484375 0.54876708984375
-0.0207748413085938 -0.0900726318359375 -0.01495361328125 0.815185546875
0.0299415588378906 -0.0597152709960937 -0.22332763671875 0.43133544921875
0.0574951171875 -0.07464599609375 0.0772628784179688 -0.117469787597656
3.81469726562546E-05 -0.0781707763671875 -0.0770263671875 -0.6512451171875
-0.0136070251464844 -0.0600013732910156 -0.6304931640625 -0.5244140625
0.00682449340820312 -0.0274829864501953 -0.6685791015625 0.1883544921875
0.0277481079101563 -0.0184764862060547 -0.178253173828125 0.5115966796875
0.0367088317871094 -0.00975418090820313 0.16802978515625 0.39886474609375
-0.00201606750488281 0.00366425514221191 0.29449462890625 0.13897705078125
-0.00558280944824219 0.00972557067871094 0.251129150390625 -0.110580444335938
0.0121364593505859 -0.00378608703613281 -0.246810913085938 0.0219268798828125
0.0266857147216797 0.0236091613769531 -0.128448486328125 -0.232131958007813
0.0642051696777344 0.00124359130859375 0.235626220703125 -0.430572509765625
0.0430450439453125 -0.0167236328125 0.63470458984375 -0.20391845703125
-0.0378952026367188 -0.0509223937988281 0.583251953125 0.47314453125
-0.0333023071289063 -0.127639770507813 0.0848388671875 0.80389404296875
0.0451736450195313 -0.113151550292969 -0.18780517578125 0.467315673828125
0.08673095703125 -0.124946594238281 0.071380615234375 -0.0808792114257813
0.00240325927734374 -0.12579345703125 -0.02349853515625 -0.636962890625
-0.0332794189453125 -0.089080810546875 -0.5771484375 -0.578125
-0.0106430053710938 -0.0355911254882813 -0.69525146484375 0.12835693359375
0.0273361206054688 -0.0220928192138672 -0.242034912109375 0.505828857421875
0.0463066101074219 -0.00870895385742187 0.11553955078125 0.415130615234375
0.0042572021484375 0.00939464569091797 0.274856567382813 0.152786254882813
-0.00235080718994141 0.0123462677001953 0.245208740234375 -0.107177734375
0.0301475524902344 -0.0353126525878906 -0.246337890625 0.0632476806640625
0.00580978393554688 -0.0240440368652344 -0.237472534179687 -0.180099487304688
-0.0214767456054688 -0.00756645202636719 -0.00897216796874998 -0.4278564453125
-0.00877761840820313 0.0363349914550781 0.425933837890625 -0.44097900390625
-0.0062103271484375 0.0600433349609375 0.694580078125 0.07513427734375
0.00937271118164063 0.0585899353027344 0.4593505859375 0.62689208984375
0.0249176025390625 0.110382080078125 -0.017333984375 0.59661865234375
-0.00548553466796875 0.113189697265625 0.0051422119140625 0.0808792114257813
0.01715087890625 0.117080688476562 0.1995849609375 -0.52783203125
0.0548171997070313 0.0693626403808594 -0.205322265625 -0.82659912109375
0.0122451782226563 0.0464401245117188 -0.7005615234375 -0.28802490234375
-0.0354690551757813 0.0353584289550781 -0.511993408203125 0.350921630859375
-0.0312786102294922 -0.0180244445800781 -0.111785888671875 0.460357666015625
-0.006256103515625 -0.037445068359375 0.194976806640625 0.23663330078125
0.0154743194580078 -0.0208644866943359 0.260986328125 -0.053863525390625
0.0266304016113281 -0.0323028564453125 -0.23974609375 0.055267333984375
0.0058746337890625 -0.0206565856933594 -0.196670532226562 -0.197708129882813
-0.0156764984130859 -0.0083761215209961 0.079071044921875 -0.438934326171875
0.000408172607421877 0.0328884124755859 0.514984130859375 -0.383209228515625
-0.000572204589843756 0.0584068298339844 0.68389892578125 0.197509765625
0.00852203369140625 0.0665817260742188 0.34326171875 0.7020263671875
0.00551605224609376 0.127784729003906 -0.0892333984375 0.56280517578125
-0.0204620361328125 0.124053955078125 0.0199241638183594 0.0246963500976563
0.0180816650390625 0.124313354492188 0.12896728515625 -0.58001708984375
0.063018798828125 0.0706024169921875 -0.34490966796875 -0.77044677734375
0.0236320495605469 0.0440139770507813 -0.72418212890625 -0.1502685546875
-0.0244922637939453 0.0311870574951172 -0.42425537109375 0.418182373046875
-0.0244369506835938 -0.0191249847412109 -0.0194091796875 0.460235595703125
-0.00616073608398437 -0.0381317138671875 0.234954833984375 0.21697998046875
0.0124092102050781 -0.0195102691650391 0.267669677734375 -0.0637969970703125
0.0218944549560547 -0.0277805328369141 -0.234451293945312 0.0469970703124999
0.00845527648925781 -0.0168170928955078 -0.154067993164062 -0.213577270507813
-0.00366497039794922 -0.00941562652587891 0.16986083984375 -0.4376220703125
0.01239013671875 0.0268821716308594 0.59423828125 -0.30413818359375
-0.001007080078125 0.0507659912109375 0.64251708984375 0.33306884765625
-0.00102996826171875 0.0637245178222656 0.20489501953125 0.7628173828125
-0.0145187377929687 0.1251220703125 -0.157318115234375 0.5201416015625
-0.0244522094726563 0.114463806152344 0.0371360778808594 -0.0322380065917969
0.0215911865234375 0.109947204589844 0.04974365234375 -0.621337890625
0.0651741027832031 0.0550956726074219 -0.4718017578125 -0.6932373046875
0.0320644378662109 0.0312423706054687 -0.71673583984375 -0.0194091796874999
-0.0119495391845703 0.02264404296875 -0.323760986328125 0.466461181640625
-0.0156078338623047 -0.0188732147216797 0.069854736328125 0.448822021484375
-0.00735092163085937 -0.0351409912109375 0.2703857421875 0.19232177734375
0.00669574737548828 -0.0146970748901367 0.272415161132813 -0.07562255859375
0.0176639556884766 -0.0221977233886719 -0.231521606445313 0.038116455078125
0.0130996704101563 -0.00814151763916016 -0.115676879882813 -0.22332763671875
0.0135650634765625 -0.00870418548583984 0.24725341796875 -0.42486572265625
0.0245532989501953 0.0189247131347656 0.649658203125 -0.21722412109375
-0.00503921508789063 0.0362472534179688 0.58404541015625 0.452880859375
-0.0134658813476563 0.0435714721679688 0.0742187500000001 0.80072021484375
-0.0250930786132813 0.100936889648438 -0.206878662109375 0.47344970703125
-0.0174026489257812 0.0853652954101563 0.0552902221679688 -0.08184814453125
0.0217666625976563 0.076019287109375 -0.0240478515625 -0.64886474609375
0.0574111938476562 0.0287895202636719 -0.56793212890625 -0.60906982421875
0.0352516174316406 0.0137062072753906 -0.6917724609375 0.0922241210937501
0.00234222412109375 0.0116329193115234 -0.232757568359375 0.493438720703125
-0.00362586975097656 -0.0166959762573242 0.141571044921875 0.427154541015625
-0.00856781005859375 -0.0265254974365234 0.296478271484375 0.16748046875
0.000920295715332031 -0.00952529907226563 0.271224975585938 -0.0887908935546875
0.0151081085205078 -0.0150747299194336 -0.22802734375 0.02947998046875
0.019866943359375 -0.000919342041015625 -0.089202880859375 -0.229019165039063
0.0318088531494141 -0.0070343017578125 0.298004150390625 -0.4090576171875
0.0342655181884766 0.00916290283203125 0.67706298828125 -0.14794921875
-0.0128259658813477 0.0132226943969727 0.52655029296875 0.53936767578125
-0.0197811126708984 0.00726318359375 -0.0211181640625001 0.81817626953125
-0.0180130004882813 0.0565567016601563 -0.2330322265625 0.435638427734375
0.000766754150390624 0.0389671325683594 0.0688705444335938 -0.117172241210938
0.0154972076416016 0.0291767120361328 -0.0770263671874999 -0.65899658203125
0.0398788452148437 -0.00121307373046875 -0.62481689453125 -0.54449462890625
0.0318698883056641 -0.00301551818847656 -0.6669921875 0.1669921875
0.014373779296875 -0.000795364379882813 -0.17498779296875 0.503997802734375
0.00999832153320313 -0.0137300491333008 0.1822509765625 0.406158447265625
-0.00790214538574219 -0.0174293518066406 0.30731201171875 0.1453857421875
-0.00368452072143555 -0.00233244895935059 0.26446533203125 -0.103225708007812
0.012425422668457 -0.0109024047851563 -0.23260498046875 0.02423095703125
0.0242729187011719 0.00977134704589844 -0.0833282470703125 -0.233596801757813
0.0486946105957031 -0.0038909912109375 0.313201904296875 -0.404449462890625
0.040283203125 -0.00135421752929688 0.6827392578125 -0.1177978515625
-0.0203323364257813 -0.0113811492919922 0.5079345703125 0.57159423828125
-0.0192222595214844 -0.0406913757324219 -0.05303955078125 0.82293701171875
0.00479888916015625 0.00125503540039062 -0.236785888671875 0.42230224609375
0.0268192291259766 -0.0164718627929688 0.0775146484375 -0.127037048339844
0.00701141357421875 -0.0244216918945313 -0.0950927734375 -0.65771484375
0.0136432647705078 -0.0313339233398438 -0.6463623046875 -0.51226806640625
0.0215282440185547 -0.0172328948974609 -0.6575927734375 0.2010498046875
0.0236797332763672 -0.0111064910888672 -0.154296875 0.509033203125
0.0237312316894531 -0.0108413696289063 0.192169189453125 0.3953857421875
-0.00610828399658203 -0.00532341003417969 0.308349609375 0.13641357421875
-0.00578784942626953 0.00351905822753906 0.25927734375 -0.1090087890625
0.0114707946777344 -0.00612163543701172 -0.239425659179687 0.0210418701171875
0.0278606414794922 0.0179309844970703 -0.0953216552734375 -0.234771728515625
0.0593910217285156 -0.00122451782226563 0.293731689453125 -0.41168212890625
0.0434646606445313 -0.0110931396484375 0.67230224609375 -0.1400146484375
-0.02862548828125 -0.0367889404296875 0.529815673828125 0.5498046875
-0.020172119140625 -0.0895919799804688 -0.0162353515625001 0.82025146484375
0.0304756164550781 -0.059783935546875 -0.223663330078125 0.432830810546875
0.057373046875 -0.0752410888671875 0.07708740234375 -0.116012573242188
-0.001251220703125 -0.0785140991210938 -0.076416015625 -0.65252685546875
-0.0138320922851563 -0.0614051818847656 -0.6314697265625 -0.52716064453125
0.00731658935546875 -0.0279502868652344 -0.66937255859375 0.18646240234375
0.0287113189697266 -0.0189857482910156 -0.179351806640625 0.510589599609375
0.03692626953125 -0.0101432800292969 0.168670654296875 0.400115966796875
-0.00163435935974121 0.00410604476928711 0.295806884765625 0.138427734375
-0.00513744354248047 0.00929164886474609 0.251144409179688 -0.110809326171875
0.0120735168457031 -0.00400447845458984 -0.247467041015625 0.0224151611328125
0.027008056640625 0.0241966247558594 -0.1279296875 -0.23309326171875
0.0644989013671875 0.000911712646484375 0.23712158203125 -0.43121337890625
0.0425376892089844 -0.0176811218261719 0.63861083984375 -0.20562744140625
-0.0389862060546875 -0.050750732421875 0.58392333984375 0.4754638671875
-0.0326766967773438 -0.127365112304688 0.0822753906249999 0.80633544921875
0.0457229614257813 -0.112892150878906 -0.190185546875 0.4698486328125
0.0879440307617188 -0.125144958496094 0.0701370239257813 -0.0802993774414063
0.00189971923828124 -0.126731872558594 -0.0214843749999999 -0.63800048828125
-0.0338897705078125 -0.0898361206054688 -0.576904296875 -0.5799560546875
-0.0104446411132813 -0.0357780456542969 -0.6971435546875 0.12762451171875
0.0268669128417969 -0.0221519470214844 -0.24200439453125 0.50604248046875
0.0460166931152344 -0.00867843627929688 0.114898681640625 0.41778564453125
0.00439357757568359 0.00964736938476563 0.274871826171875 0.154312133789063
-0.00230598449707031 0.0120830535888672 0.24591064453125 -0.106292724609375
0.029815673828125 -0.0361328125 -0.246795654296875 0.06365966796875
0.00526046752929687 -0.0249843597412109 -0.2379150390625 -0.180084228515625
-0.0217838287353516 -0.00831031799316407 -0.00701904296875002 -0.430328369140625
-0.00912857055664063 0.0358428955078125 0.42730712890625 -0.44244384765625
-0.00651931762695313 0.0606346130371094 0.69952392578125 0.076171875
0.0095977783203125 0.0595169067382813 0.45965576171875 0.63177490234375
0.0246200561523437 0.111297607421875 -0.0194091796875001 0.600341796875
-0.00610351562500001 0.112579345703125 0.0037384033203125 0.0810470581054688
0.0167999267578125 0.11669921875 0.201873779296875 -0.530303955078125
0.0554237365722656 0.0695419311523438 -0.20465087890625 -0.82843017578125
0.0119361877441406 0.04730224609375 -0.70281982421875 -0.289306640625
-0.0353622436523438 0.0348777770996094 -0.514251708984375 0.35174560546875
-0.0313835144042969 -0.018157958984375 -0.1119384765625 0.460174560546875
-0.00644683837890625 -0.0378684997558594 0.194229125976563 0.2364501953125
0.0155563354492187 -0.0206680297851562 0.26165771484375 -0.05474853515625
0.0264911651611328 -0.0328464508056641 -0.240951538085938 0.0557861328125
0.00529670715332031 -0.0212860107421875 -0.19775390625 -0.1973876953125
-0.0160694122314453 -0.00847053527832031 0.08074951171875 -0.44158935546875
-0.000213623046874998 0.0326099395751953 0.517578125 -0.3856201171875
-0.000354766845703129 0.05914306640625 0.68780517578125 0.2010498046875
0.00885772705078125 0.0673751831054688 0.34246826171875 0.70458984375
0.00607299804687501 0.128425598144531 -0.091552734375 0.56524658203125
-0.0210189819335938 0.123580932617188 0.0193729400634766 0.025390625
0.017974853515625 0.1241455078125 0.12896728515625 -0.58148193359375
0.062957763671875 0.0704879760742188 -0.3465576171875 -0.7740478515625
0.0241508483886719 0.0434417724609375 -0.72540283203125 -0.1529541015625
-0.0241870880126953 0.0318813323974609 -0.424346923828125 0.418060302734375
-0.0255947113037109 -0.0198860168457031 -0.020904541015625 0.462799072265625
-0.00690460205078125 -0.0384063720703125 0.236114501953125 0.217926025390625
0.0115261077880859 -0.0187416076660156 0.270156860351563 -0.06353759765625
0.0220375061035156 -0.0281524658203125 -0.236312866210938 0.0470733642578125
0.00821208953857422 -0.0169343948364258 -0.15399169921875 -0.212615966796875
-0.00347614288330078 -0.00945186614990234 0.170806884765625 -0.438262939453125
0.0124263763427734 0.0265960693359375 0.59710693359375 -0.3060302734375
-0.00042343139648437 0.0521049499511719 0.6451416015625 0.33660888671875
-0.00088882446289062 0.0646743774414063 0.20355224609375 0.76483154296875
-0.0147323608398437 0.126220703125 -0.159088134765625 0.520782470703125
-0.0255584716796875 0.113853454589844 0.0369873046875 -0.0315170288085937
0.02215576171875 0.110023498535156 0.0504150390625 -0.623046875
0.0650405883789063 0.0550804138183594 -0.472900390625 -0.69677734375
0.0326519012451172 0.0310497283935547 -0.71923828125 -0.0186767578125
-0.0109920501708984 0.0230541229248047 -0.324737548828125 0.466827392578125
-0.0164337158203125 -0.0195293426513672 0.069305419921875 0.451019287109375
-0.007659912109375 -0.0351123809814453 0.272048950195313 0.1934814453125
0.00641250610351563 -0.0149421691894531 0.273117065429688 -0.07672119140625
0.0181446075439453 -0.0217704772949219 -0.231796264648438 0.0385589599609375
0.0131444931030273 -0.00824356079101563 -0.116363525390625 -0.223648071289062
0.0133523941040039 -0.00884056091308594 0.25042724609375 -0.427093505859375
0.0245037078857422 0.0186138153076172 0.6531982421875 -0.2177734375
-0.00585556030273437 0.0368385314941406 0.58685302734375 0.45562744140625
-0.0133247375488281 0.04461669921875 0.0725097656249999 0.80438232421875
-0.0246658325195313 0.100959777832031 -0.20782470703125 0.474700927734375
-0.0178298950195312 0.0840835571289063 0.0550689697265625 -0.0812530517578125
0.0216445922851563 0.0756607055664063 -0.022216796875 -0.6492919921875
0.0575027465820313 0.0290031433105469 -0.56884765625 -0.61376953125
0.0360946655273438 0.0137825012207031 -0.69427490234375 0.0927124023437502
0.00211524963378906 0.0113868713378906 -0.234344482421875 0.494140625
-0.00380325317382813 -0.0169429779052734 0.140899658203125 0.427642822265625
-0.00898933410644531 -0.0274524688720703 0.2969970703125 0.1683349609375
0.00122451782226563 -0.00977134704589844 0.272415161132813 -0.0899505615234375
0.0151548385620117 -0.0162467956542969 -0.23004150390625 0.0308074951171875
0.0192966461181641 -0.000432968139648438 -0.0886688232421875 -0.229202270507813
0.0319004058837891 -0.00661849975585938 0.29949951171875 -0.41259765625
0.0340499877929688 0.0093841552734375 0.68035888671875 -0.1488037109375
-0.0123920440673828 0.014190673828125 0.528656005859375 0.54119873046875
-0.0193042755126953 0.0071258544921875 -0.02294921875 0.82220458984375
-0.0177879333496094 0.056610107421875 -0.234527587890625 0.438568115234375
0.000293731689453121 0.0381507873535156 0.068511962890625 -0.115760803222656
0.0153388977050781 0.0287971496582031 -0.074951171875 -0.661376953125
0.039398193359375 -0.00137710571289063 -0.6273193359375 -0.547607421875
0.0316619873046875 -0.00473213195800781 -0.66937255859375 0.16571044921875
0.0154523849487305 -0.00129985809326172 -0.173126220703125 0.505279541015625
0.00957202911376953 -0.014378547668457 0.183868408203125 0.404876708984375
-0.00828361511230469 -0.0171623229980469 0.308868408203125 0.1461181640625
-0.0030968189239502 -0.00311994552612305 0.266220092773438 -0.103164672851563
0.0120868682861328 -0.0108661651611328 -0.234298706054688 0.0248565673828125
0.0242099761962891 0.00934219360351563 -0.08258056640625 -0.233352661132813
0.0485305786132813 -0.003692626953125 0.316162109375 -0.406982421875
0.0399894714355469 -0.00228118896484375 0.6842041015625 -0.118896484375
-0.020416259765625 -0.0116710662841797 0.51019287109375 0.5733642578125
-0.0188674926757813 -0.0407180786132813 -0.05419921875 0.82647705078125
0.00509262084960938 0.00117349624633789 -0.23883056640625 0.4246826171875
0.0275306701660156 -0.0168056488037109 0.076751708984375 -0.125755310058594
0.00694656372070312 -0.0244960784912109 -0.0931396484374999 -0.65972900390625
0.0137081146240234 -0.0313568115234375 -0.64849853515625 -0.5155029296875
0.0217437744140625 -0.0183544158935547 -0.66015625 0.2001953125
0.0236415863037109 -0.0115871429443359 -0.154144287109375 0.51092529296875
0.0231685638427734 -0.0119724273681641 0.19268798828125 0.394805908203125
-0.00641298294067383 -0.00451278686523438 0.308929443359375 0.136505126953125
-0.005401611328125 0.0036463737487793 0.260162353515625 -0.109237670898438
0.011591911315918 -0.00612068176269531 -0.240707397460938 0.0224151611328125
0.0273761749267578 0.0185337066650391 -0.0965576171875 -0.235504150390625
0.0594558715820313 -0.00103759765625 0.296630859375 -0.414794921875
0.0430564880371094 -0.0120620727539062 0.67474365234375 -0.14129638671875
-0.0282859802246094 -0.0368232727050781 0.52978515625 0.55377197265625
-0.02099609375 -0.0902099609375 -0.01837158203125 0.82440185546875
0.0310516357421875 -0.0597381591796875 -0.225799560546875 0.434539794921875
0.0574874877929687 -0.0761795043945313 0.0780029296875 -0.115997314453125
-0.000724792480468757 -0.0790481567382813 -0.0739135742187501 -0.65435791015625
-0.0142059326171875 -0.0613555908203125 -0.63262939453125 -0.53076171875
0.00628471374511719 -0.0281944274902344 -0.672119140625 0.1868896484375
0.0280075073242188 -0.0193290710449219 -0.180694580078125 0.512725830078125
0.0363082885742188 -0.0100059509277344 0.169097900390625 0.400787353515625
-0.00116729736328125 0.00458097457885742 0.298065185546875 0.1392822265625
-0.00500774383544922 0.00971126556396485 0.2530517578125 -0.111282348632813
0.0120754241943359 -0.00481700897216797 -0.248672485351562 0.02423095703125
0.0271720886230469 0.0244846343994141 -0.129135131835937 -0.232894897460938
0.0641098022460937 0.000324249267578125 0.2386474609375 -0.434783935546875
0.0422172546386719 -0.0182037353515625 0.63946533203125 -0.206298828125
-0.0392303466796875 -0.0509834289550781 0.58544921875 0.47808837890625
-0.0323486328125 -0.127235412597656 0.08160400390625 0.80987548828125
0.046630859375 -0.112648010253906 -0.189788818359375 0.471343994140625
0.0877838134765625 -0.126083374023438 0.0721511840820313 -0.079376220703125
0.00191497802734376 -0.127952575683594 -0.021728515625 -0.63909912109375
-0.0345306396484375 -0.090576171875 -0.57818603515625 -0.58349609375
-0.0106849670410156 -0.0361862182617188 -0.69842529296875 0.126220703125
0.0270442962646484 -0.0230960845947266 -0.245513916015625 0.50653076171875
0.0467147827148437 -0.0082244873046875 0.114715576171875 0.41754150390625
0.00433063507080078 0.0102682113647461 0.27606201171875 0.153961181640625
-0.00124073028564453 0.0126113891601563 0.247711181640625 -0.106887817382813
0.0298995971679688 -0.0357284545898438 -0.248855590820313 0.0649414062499999
0.00404739379882813 -0.0246925354003906 -0.2398681640625 -0.179595947265625
-0.0222053527832031 -0.00857162475585937 -0.00750732421875004 -0.432098388671875
-0.009521484375 0.0355224609375 0.42852783203125 -0.44476318359375
-0.00606918334960937 0.0617446899414063 0.70343017578125 0.076904296875
0.00922012329101562 0.0606880187988281 0.462646484375 0.6337890625
0.0252227783203125 0.112129211425781 -0.0191650390625001 0.60205078125
-0.00687408447265624 0.113182067871094 0.00289154052734376 0.0818099975585938
0.01702880859375 0.117431640625 0.2030029296875 -0.53173828125
0.0548934936523438 0.0704193115234375 -0.205322265625 -0.83349609375
0.0122756958007813 0.0466842651367188 -0.70562744140625 -0.29058837890625
-0.0348472595214844 0.0354995727539063 -0.516632080078125 0.353912353515625
-0.0317058563232422 -0.0183277130126953 -0.1136474609375 0.462432861328125
-0.00667953491210937 -0.037811279296875 0.196182250976562 0.2373046875
0.0159091949462891 -0.0210247039794922 0.263351440429688 -0.0547332763671875
0.0267734527587891 -0.0332527160644531 -0.243499755859375 0.0574188232421875
0.00544357299804687 -0.0211372375488281 -0.197921752929687 -0.197372436523438
-0.0165901184082031 -0.00925064086914063 0.081146240234375 -0.44451904296875
-0.00025749206542969 0.0327339172363281 0.518951416015625 -0.387451171875
-0.000331878662109369 0.0590171813964844 0.69219970703125 0.200927734375
0.00982284545898438 0.0688400268554688 0.34326171875 0.70928955078125
0.00641632080078124 0.129234313964844 -0.0924072265625 0.56951904296875
-0.0212020874023437 0.123764038085937 0.0185470581054687 0.02618408203125
0.0174636840820313 0.123924255371094 0.12921142578125 -0.5830078125
0.0636024475097656 0.070037841796875 -0.34857177734375 -0.779052734375
0.0240516662597656 0.0436935424804688 -0.729736328125 -0.15435791015625
-0.0240116119384766 0.0312652587890625 -0.425079345703125 0.420135498046875
-0.0257148742675781 -0.0192184448242188 -0.020233154296875 0.4642333984375
-0.00710296630859375 -0.0383796691894531 0.237350463867188 0.219482421875
0.0116004943847656 -0.0194568634033203 0.27105712890625 -0.0652313232421875
0.0218658447265625 -0.0284557342529297 -0.23724365234375 0.0483551025390625
0.00817012786865234 -0.0160808563232422 -0.155166625976563 -0.213592529296875
-0.00463962554931641 -0.00932407379150391 0.17169189453125 -0.44091796875
0.0119476318359375 0.0265445709228516 0.60052490234375 -0.3077392578125
-0.000358581542968746 0.0524520874023438 0.65081787109375 0.337646484375
-0.000991821289062506 0.0650978088378906 0.205078125 0.76971435546875
-0.0138473510742187 0.127365112304688 -0.160919189453125 0.52484130859375
-0.0263900756835937 0.114547729492188 0.0370903015136719 -0.0312156677246094
0.0210189819335938 0.11029052734375 0.0510253906250001 -0.62567138671875
0.0659523010253906 0.054779052734375 -0.47442626953125 -0.69976806640625
0.03289794921875 0.0306663513183594 -0.7230224609375 -0.01898193359375
-0.0115985870361328 0.0223712921142578 -0.327239990234375 0.469329833984375
-0.0166969299316406 -0.0187664031982422 0.07110595703125 0.45263671875
-0.0085601806640625 -0.0351524353027344 0.27325439453125 0.1943359375
0.00654983520507813 -0.0152978897094727 0.274871826171875 -0.077362060546875
0.0175514221191406 -0.0217266082763672 -0.234100341796875 0.0398406982421875
0.0125570297241211 -0.00852870941162109 -0.117233276367188 -0.22381591796875
0.0125007629394531 -0.00872898101806641 0.24981689453125 -0.430084228515625
0.0235652923583984 0.0180835723876953 0.6553955078125 -0.22003173828125
-0.00568389892578125 0.0374374389648437 0.59033203125 0.4578857421875
-0.0127296447753906 0.0444145202636719 0.0739135742187501 0.80926513671875
-0.025054931640625 0.102371215820313 -0.209808349609375 0.4769287109375
-0.0183639526367187 0.0846786499023438 0.0550079345703125 -0.0812301635742188
0.0215682983398437 0.0760421752929688 -0.02301025390625 -0.65338134765625
0.0582618713378906 0.0280609130859375 -0.57196044921875 -0.6160888671875
0.0357475280761719 0.0130462646484375 -0.69744873046875 0.0917358398437499
0.00242424011230469 0.0112209320068359 -0.235260009765625 0.496124267578125
-0.00442886352539062 -0.0174131393432617 0.142486572265625 0.42974853515625
-0.0100059509277344 -0.0273227691650391 0.2999267578125 0.16796875
0.000487327575683595 -0.00929069519042969 0.274078369140625 -0.091217041015625
0.0154399871826172 -0.0158376693725586 -0.231307983398438 0.030853271484375
0.0189285278320313 -0.000497817993164063 -0.0894927978515625 -0.230484008789062
0.0309123992919922 -0.00712203979492187 0.300567626953125 -0.41497802734375
0.0330333709716797 0.00837326049804688 0.68304443359375 -0.1497802734375
-0.013153076171875 0.0139141082763672 0.532257080078125 0.5450439453125
-0.0196399688720703 0.00813674926757812 -0.0247192382812501 0.8270263671875
-0.017242431640625 0.0578041076660156 -0.237060546875 0.440826416015625
3.05175781250025E-05 0.0381088256835937 0.0688095092773438 -0.116539001464844
0.0156974792480469 0.0288219451904297 -0.07745361328125 -0.66253662109375
0.0390052795410156 -0.0020904541015625 -0.63055419921875 -0.55157470703125
0.0323352813720703 -0.00432395935058594 -0.6727294921875 0.16705322265625
0.0145606994628906 -0.00129604339599609 -0.176239013671875 0.507232666015625
0.00907993316650391 -0.0145168304443359 0.1859130859375 0.407989501953125
-0.00922298431396484 -0.0174217224121094 0.310089111328125 0.14617919921875
-0.00385642051696777 -0.00206899642944336 0.267120361328125 -0.103927612304688
0.0120363235473633 -0.0111093521118164 -0.236175537109375 0.0268707275390625
0.0247478485107422 0.0100288391113281 -0.083343505859375 -0.233749389648438
0.0486793518066406 -0.00385284423828125 0.31671142578125 -0.4097900390625
0.0399551391601563 -0.00267791748046875 0.68853759765625 -0.11920166015625
-0.0209770202636719 -0.0117721557617187 0.5125732421875 0.57763671875
-0.0190277099609375 -0.0410385131835938 -0.0556030273437501 0.83056640625
0.00572633743286133 0.000921726226806641 -0.239654541015625 0.42669677734375
0.02764892578125 -0.0169086456298828 0.0781402587890625 -0.126197814941406
0.00652694702148438 -0.0254936218261719 -0.09307861328125 -0.66168212890625
0.0135040283203125 -0.0326862335205078 -0.65277099609375 -0.5174560546875
0.0222301483154297 -0.0177764892578125 -0.664306640625 0.2012939453125
0.0240497589111328 -0.0112533569335938 -0.155487060546875 0.511810302734375
0.0233802795410156 -0.0116939544677734 0.194427490234375 0.39776611328125
-0.00643014907836914 -0.00472116470336914 0.3115234375 0.136810302734375
-0.0049443244934082 0.0040583610534668 0.2615966796875 -0.110763549804688
0.0115880966186523 -0.00635051727294922 -0.24200439453125 0.0233612060546875
0.0272369384765625 0.0192794799804688 -0.09661865234375 -0.23638916015625
0.0596427917480469 -0.00192642211914063 0.2982177734375 -0.417449951171875
0.043212890625 -0.0129470825195313 0.677490234375 -0.1424560546875
-0.0280876159667969 -0.0367279052734375 0.533660888671875 0.55633544921875
-0.02032470703125 -0.09112548828125 -0.020751953125 0.82708740234375
0.0310783386230469 -0.0600433349609375 -0.227752685546875 0.437774658203125
0.0570220947265625 -0.0766525268554688 0.0783309936523438 -0.115402221679688
-0.00144195556640625 -0.0802841186523438 -0.07373046875 -0.6578369140625
-0.014129638671875 -0.062469482421875 -0.63543701171875 -0.53265380859375
0.00672340393066406 -0.0290298461914063 -0.67626953125 0.18682861328125
0.0281620025634766 -0.0196723937988281 -0.180450439453125 0.51446533203125
0.0365142822265625 -0.00999832153320312 0.169097900390625 0.402557373046875
-0.00193977355957031 0.00504207611083984 0.299713134765625 0.139617919921875
-0.00448322296142578 0.00985336303710938 0.253860473632813 -0.112396240234375
0.0121927261352539 -0.00361347198486328 -0.250137329101563 0.0244903564453125
0.027618408203125 0.0249919891357422 -0.128555297851562 -0.233688354492188
0.0642585754394531 0.00090789794921875 0.239044189453125 -0.436309814453125
0.0413703918457031 -0.0185432434082031 0.644287109375 -0.2066650390625
-0.0393638610839844 -0.0509414672851563 0.59014892578125 0.48150634765625
-0.0318222045898438 -0.128158569335938 0.08148193359375 0.816162109375
0.0476760864257813 -0.114578247070313 -0.191864013671875 0.475311279296875
0.087921142578125 -0.127105712890625 0.0716400146484375 -0.0793075561523438
0.00135040283203124 -0.128585815429688 -0.0223999023437501 -0.6424560546875
-0.03460693359375 -0.0914230346679688 -0.58172607421875 -0.58526611328125
-0.01092529296875 -0.0368423461914063 -0.7020263671875 0.126953125
0.0273323059082031 -0.0231685638427734 -0.2451171875 0.50958251953125
0.0464897155761719 -0.00861740112304688 0.116241455078125 0.4195556640625
0.00412845611572266 0.0109634399414063 0.278244018554688 0.154647827148438
-0.00151252746582031 0.0127553939819336 0.247390747070313 -0.108047485351563
0.030181884765625 -0.0363655090332031 -0.25115966796875 0.0668334960937499
0.00386619567871094 -0.0251502990722656 -0.241409301757813 -0.17987060546875
-0.0224876403808594 -0.00862312316894531 -0.00839233398437504 -0.435516357421875
-0.00957870483398437 0.0361137390136719 0.4307861328125 -0.449066162109375
-0.00587081909179688 0.0621604919433594 0.707275390625 0.0755615234375
0.00981903076171875 0.0617256164550781 0.46624755859375 0.63848876953125
0.0255203247070313 0.112632751464844 -0.0204467773437501 0.6080322265625
-0.00783538818359374 0.112701416015625 0.002777099609375 0.08258056640625
0.0172653198242187 0.116775512695313 0.2039794921875 -0.534210205078125
0.055389404296875 0.0701408386230469 -0.2056884765625 -0.83880615234375
0.0117759704589844 0.0467796325683594 -0.7105712890625 -0.2945556640625
-0.0351905822753906 0.0354957580566406 -0.518463134765625 0.35626220703125
-0.0330142974853516 -0.0179595947265625 -0.11334228515625 0.465362548828125
-0.00783157348632812 -0.0386428833007812 0.198287963867188 0.23883056640625
0.0153350830078125 -0.0215625762939453 0.264739990234375 -0.0565185546875
0.025726318359375 -0.0334949493408203 -0.243637084960938 0.0589141845703125
0.00488853454589844 -0.0220584869384766 -0.200515747070313 -0.198348999023438
-0.0169591903686523 -0.00917530059814453 0.0814208984375 -0.446624755859375
0.000125885009765628 0.0323085784912109 0.5228271484375 -0.392181396484375
0.000175476074218756 0.0607032775878906 0.697021484375 0.20166015625
0.0093231201171875 0.0694160461425781 0.3463134765625 0.71392822265625
0.00628662109374999 0.130012512207031 -0.09271240234375 0.5726318359375
-0.0223312377929688 0.123634338378906 0.0185642242431641 0.0268363952636719
0.0183181762695312 0.124549865722656 0.132080078125 -0.5859375
0.0638580322265625 0.07037353515625 -0.349853515625 -0.7822265625
0.0245742797851563 0.0436363220214844 -0.73211669921875 -0.1551513671875
-0.0239887237548828 0.0311431884765625 -0.427093505859375 0.421966552734375
-0.0267047882080078 -0.0195655822753906 -0.01910400390625 0.467681884765625
-0.00797653198242187 -0.0391616821289062 0.239334106445312 0.220779418945312
0.0122356414794922 -0.0197830200195313 0.27325439453125 -0.06500244140625
0.0217952728271484 -0.0286788940429688 -0.238937377929688 0.0498809814453125
0.00801658630371094 -0.0166645050048828 -0.15655517578125 -0.213775634765625
-0.00528717041015625 -0.00927448272705078 0.1719970703125 -0.44464111328125
0.0118732452392578 0.0264663696289063 0.60296630859375 -0.31109619140625
-0.000488281249999999 0.05230712890625 0.65478515625 0.33929443359375
-0.000804901123046882 0.0658493041992188 0.20654296875 0.7757568359375
-0.014190673828125 0.128158569335938 -0.1597900390625 0.52789306640625
-0.0266952514648437 0.114608764648438 0.0355987548828125 -0.0305328369140625
0.0217971801757813 0.110710144042969 0.05029296875 -0.627685546875
0.0664558410644531 0.054534912109375 -0.4788818359375 -0.7042236328125
0.0325412750244141 0.0310497283935547 -0.72589111328125 -0.0200805664062499
-0.0106849670410156 0.0228271484375 -0.3289794921875 0.470367431640625
-0.0173969268798828 -0.0192909240722656 0.0718994140625 0.455230712890625
-0.00837135314941406 -0.0350780487060547 0.275588989257813 0.195297241210938
0.00703334808349609 -0.0151004791259766 0.276626586914063 -0.0785064697265625
0.0177040100097656 -0.0229568481445313 -0.235992431640625 0.041259765625
0.0121784210205078 -0.00833225250244141 -0.11767578125 -0.224212646484375
0.0128364562988281 -0.00931835174560547 0.2503662109375 -0.433837890625
0.0235061645507813 0.0180740356445313 0.6607666015625 -0.222412109375
-0.00569534301757813 0.0376205444335938 0.5933837890625 0.45904541015625
-0.0131072998046875 0.0465774536132813 0.0734252929687499 0.81597900390625
-0.02490234375 0.102798461914062 -0.211822509765625 0.482666015625
-0.0181427001953125 0.0846786499023438 0.054534912109375 -0.081207275390625
0.022064208984375 0.076751708984375 -0.0227050781250001 -0.65484619140625
0.05816650390625 0.0273017883300781 -0.57684326171875 -0.62005615234375
0.0359725952148438 0.0125694274902344 -0.70245361328125 0.09283447265625
0.0018768310546875 0.0111045837402344 -0.236297607421875 0.499725341796875
-0.00488471984863281 -0.0172138214111328 0.14361572265625 0.43304443359375
-0.0100059509277344 -0.026702880859375 0.302093505859375 0.1678466796875
-0.000195503234863281 -0.00951099395751953 0.275894165039063 -0.0926361083984375
0.0148515701293945 -0.0157127380371094 -0.23309326171875 0.0321807861328125
0.0197505950927734 -0.000278472900390625 -0.090087890625 -0.229736328125
0.0318260192871094 -0.00677299499511719 0.303680419921875 -0.418365478515625
0.0332298278808594 0.00775909423828125 0.688232421875 -0.15185546875
-0.0138320922851563 0.0150604248046875 0.535675048828125 0.547943115234375
-0.0191574096679688 0.00826072692871094 -0.0246582031249999 0.83404541015625
-0.0173797607421875 0.0580329895019531 -0.238189697265625 0.4439697265625
-0.000339508056640628 0.0377273559570312 0.0692825317382812 -0.115692138671875
0.0159435272216797 0.0299091339111328 -0.07745361328125 -0.6673583984375
0.0396614074707031 -0.00250244140625 -0.63543701171875 -0.55352783203125
0.0319652557373047 -0.00411033630371094 -0.6763916015625 0.16680908203125
0.014002799987793 -0.00199031829833984 -0.17498779296875 0.511383056640625
0.00919532775878906 -0.0143146514892578 0.18597412109375 0.410736083984375
-0.0095682144165039 -0.0166635513305664 0.313140869140625 0.14599609375
-0.0036005973815918 -0.00181508064270019 0.268112182617188 -0.105545043945312
0.0122547149658203 -0.0113086700439453 -0.23736572265625 0.02764892578125
0.0248699188232422 0.0101814270019531 -0.083953857421875 -0.235076904296875
0.0485877990722656 -0.00348281860351563 0.319580078125 -0.412750244140625
0.0403213500976563 -0.00323104858398438 0.6912841796875 -0.12188720703125
-0.0206928253173828 -0.0110702514648437 0.51654052734375 0.580810546875
-0.0189247131347656 -0.0408935546875 -0.0556030273437501 0.83624267578125
0.00653886795043945 0.00172996520996094 -0.241943359375 0.4300537109375
0.0268383026123047 -0.0173988342285156 0.07830810546875 -0.126716613769531
0.00666427612304687 -0.0252952575683594 -0.0947265624999999 -0.665283203125
0.0136737823486328 -0.0330944061279297 -0.65728759765625 -0.5201416015625
0.0223865509033203 -0.0190010070800781 -0.66729736328125 0.201904296875
0.0240287780761719 -0.0125846862792969 -0.155517578125 0.515533447265625
0.0232028961181641 -0.0123195648193359 0.1962890625 0.40032958984375
-0.00747823715209961 -0.00477266311645508 0.3138427734375 0.13690185546875
-0.00532341003417969 0.00405168533325195 0.26239013671875 -0.112716674804687
0.0118389129638672 -0.006683349609375 -0.2440185546875 0.02447509765625
0.0279731750488281 0.0198173522949219 -0.0968475341796875 -0.236923217773438
0.0596961975097656 -0.00186538696289063 0.299530029296875 -0.422607421875
0.0426559448242188 -0.0133132934570313 0.6827392578125 -0.14483642578125
-0.0288238525390625 -0.0370292663574219 0.537567138671875 0.55877685546875
-0.020263671875 -0.0910873413085937 -0.01953125 0.83270263671875
0.0326271057128906 -0.0603713989257812 -0.228271484375 0.44097900390625
0.0573806762695313 -0.0772705078125 0.0785903930664063 -0.1160888671875
-0.0016021728515625 -0.0804672241210937 -0.07489013671875 -0.66021728515625
-0.0155830383300781 -0.0631866455078125 -0.64227294921875 -0.53472900390625
0.006317138671875 -0.0291976928710938 -0.68011474609375 0.18902587890625
0.0282382965087891 -0.0200061798095703 -0.1812744140625 0.51751708984375
0.035980224609375 -0.0102996826171875 0.17138671875 0.4034423828125
-0.00229215621948242 0.00473833084106445 0.302734375 0.140106201171875
-0.00384044647216797 0.00933265686035156 0.255950927734375 -0.1138916015625
0.0127296447753906 -0.00422382354736328 -0.252227783203125 0.025299072265625
0.0280838012695313 0.0260257720947266 -0.129623413085938 -0.235015869140625
0.0645904541015625 0.000942230224609375 0.24053955078125 -0.441070556640625
0.04150390625 -0.0197868347167969 0.64697265625 -0.21063232421875
-0.0404739379882813 -0.0510940551757813 0.5921630859375 0.4825439453125
-0.0321884155273438 -0.128837585449219 0.0839233398437499 0.82061767578125
0.0481185913085937 -0.114097595214844 -0.19146728515625 0.477569580078125
0.0880966186523438 -0.127716064453125 0.0715103149414063 -0.0785293579101563
0.00154876708984376 -0.129158020019531 -0.02130126953125 -0.646240234375
-0.0359573364257813 -0.091796875 -0.58587646484375 -0.58880615234375
-0.0110054016113281 -0.03790283203125 -0.7071533203125 0.12725830078125
0.0273990631103516 -0.0240497589111328 -0.24688720703125 0.511932373046875
0.0465240478515625 -0.00909423828125 0.11676025390625 0.421234130859375
0.00399112701416016 0.0110416412353516 0.28082275390625 0.155197143554688
-0.00109577178955078 0.0129241943359375 0.249130249023438 -0.108749389648438
0.0296745300292969 -0.0367622375488281 -0.252700805664063 0.0683135986328124
0.00307464599609375 -0.0244674682617188 -0.244796752929688 -0.179489135742188
-0.0236625671386719 -0.008636474609375 -0.00830078125000001 -0.438079833984375
-0.00955963134765625 0.0359306335449219 0.43206787109375 -0.454345703125
-0.00504684448242188 0.0625457763671875 0.71258544921875 0.07464599609375
0.0100898742675781 0.062744140625 0.471435546875 0.640869140625
0.0260696411132812 0.113555908203125 -0.01806640625 0.6123046875
-0.00708007812500001 0.113616943359375 0.0022430419921875 0.0835494995117188
0.01800537109375 0.118270874023438 0.202484130859375 -0.537994384765625
0.0558242797851563 0.0702285766601563 -0.21038818359375 -0.8443603515625
0.0123443603515625 0.0471076965332031 -0.71490478515625 -0.2945556640625
-0.0352096557617188 0.0356101989746094 -0.521484375 0.360137939453125
-0.0333423614501953 -0.0186767578125 -0.112701416015625 0.469207763671875
-0.00872802734375 -0.0395736694335938 0.20098876953125 0.23992919921875
0.0149173736572266 -0.0216884613037109 0.26708984375 -0.0574493408203125
0.0255928039550781 -0.03411865234375 -0.246246337890625 0.061431884765625
0.00406265258789063 -0.0217227935791016 -0.20306396484375 -0.198028564453125
-0.0178623199462891 -0.00931167602539063 0.079681396484375 -0.451751708984375
-0.000349044799804689 0.0321712493896484 0.525177001953125 -0.39593505859375
4.57763671874961E-05 0.0606002807617188 0.7030029296875 0.2010498046875
0.00972366333007813 0.0698356628417969 0.35113525390625 0.71978759765625
0.00732421875000001 0.131263732910156 -0.09283447265625 0.57672119140625
-0.0218353271484375 0.124252319335938 0.0179843902587891 0.0275249481201172
0.0187606811523437 0.125450134277344 0.1302490234375 -0.589111328125
0.0643081665039063 0.0704116821289063 -0.35400390625 -0.787109375
0.0245285034179688 0.0439605712890625 -0.73809814453125 -0.154541015625
-0.0245857238769531 0.0318870544433594 -0.4290771484375 0.42840576171875
-0.0274658203125 -0.0201339721679688 -0.017852783203125 0.470916748046875
-0.00900650024414063 -0.0392875671386719 0.242446899414063 0.22088623046875
0.0122890472412109 -0.0196132659912109 0.274627685546875 -0.067901611328125
0.0218696594238281 -0.0294380187988281 -0.241348266601562 0.0518035888671875
0.00709342956542969 -0.015934944152832 -0.158935546875 -0.214187622070313
-0.00586414337158203 -0.00997066497802734 0.171234130859375 -0.4482421875
0.0113449096679688 0.0258159637451172 0.6068115234375 -0.31573486328125
-6.10351562500024E-05 0.0530128479003906 0.66064453125 0.3402099609375
0.000396728515624994 0.0676498413085938 0.2093505859375 0.781982421875
-0.0134735107421875 0.129096984863281 -0.16131591796875 0.53302001953125
-0.0269012451171875 0.11474609375 0.0362434387207031 -0.02947998046875
0.0220489501953125 0.111351013183594 0.0494384765625 -0.6318359375
0.0665855407714844 0.0546112060546875 -0.48333740234375 -0.70721435546875
0.0334300994873047 0.0306415557861328 -0.7313232421875 -0.0180053710937501
-0.0111846923828125 0.0227546691894531 -0.325164794921875 0.47467041015625
-0.0179824829101563 -0.0191116333007813 0.0743408203125 0.45758056640625
-0.009613037109375 -0.0357627868652344 0.278839111328125 0.194976806640625
0.00623512268066406 -0.01580810546875 0.27862548828125 -0.0812530517578125
0.0173263549804688 -0.0232372283935547 -0.237823486328125 0.042999267578125
0.0119466781616211 -0.0083160400390625 -0.1199951171875 -0.225692749023438
0.012354850769043 -0.00902557373046875 0.252044677734375 -0.437957763671875
0.0230350494384766 0.017303466796875 0.66424560546875 -0.22894287109375
-0.00593185424804688 0.0382270812988281 0.6005859375 0.46270751953125
-0.0120697021484375 0.0464210510253906 0.0769042968749999 0.822998046875
-0.0247573852539062 0.1041259765625 -0.2115478515625 0.485382080078125
-0.01934814453125 0.0844955444335938 0.0544281005859375 -0.0806961059570313
0.0218048095703125 0.0775375366210938 -0.02423095703125 -0.65985107421875
0.0589866638183594 0.0276603698730469 -0.58203125 -0.62261962890625
0.036407470703125 0.0131111145019531 -0.70794677734375 0.0951538085937499
0.00279140472412109 0.0112733840942383 -0.235870361328125 0.504425048828125
-0.0056610107421875 -0.01751708984375 0.14642333984375 0.434478759765625
-0.0111007690429688 -0.0274925231933594 0.304656982421875 0.168731689453125
0.0013427734375 -0.00896167755126953 0.277114868164063 -0.095367431640625
0.0150747299194336 -0.0154390335083008 -0.235488891601563 0.0344696044921875
0.0191421508789063 0.000474929809570313 -0.09112548828125 -0.231948852539063
0.0316562652587891 -0.00705337524414062 0.3038330078125 -0.422607421875
0.0332660675048828 0.00680160522460937 0.69244384765625 -0.1566162109375
-0.0131454467773437 0.0150136947631836 0.540191650390625 0.550872802734375
-0.0198917388916016 0.00857734680175781 -0.0208740234375001 0.8397216796875
-0.0167198181152344 0.0593376159667969 -0.2392578125 0.44854736328125
-0.00054931640625 0.0374870300292969 0.0690841674804688 -0.116470336914063
0.015960693359375 0.0289974212646484 -0.078125 -0.6702880859375
0.0397529602050781 -0.00406265258789063 -0.6416015625 -0.55389404296875
0.0323238372802734 -0.00501251220703125 -0.6820068359375 0.17120361328125
0.0156002044677734 -0.00128650665283203 -0.175323486328125 0.514068603515625
0.00923728942871094 -0.0141897201538086 0.188995361328125 0.41168212890625
-0.00970268249511719 -0.0168914794921875 0.316497802734375 0.145599365234375
-0.0027461051940918 -0.0013878345489502 0.269760131835937 -0.107391357421875
0.0129575729370117 -0.011073112487793 -0.239761352539063 0.02947998046875
0.0245685577392578 0.0113887786865234 -0.0846710205078125 -0.235427856445313
0.04827880859375 -0.00383377075195313 0.32025146484375 -0.41778564453125
0.0396499633789063 -0.00385665893554688 0.69744873046875 -0.1251220703125
-0.0213127136230469 -0.0112552642822266 0.52349853515625 0.58258056640625
-0.0184783935546875 -0.0410804748535156 -0.0538330078125 0.84307861328125
0.00731611251831055 0.00147247314453125 -0.241851806640625 0.434722900390625
0.0273551940917969 -0.0181713104248047 0.0790023803710938 -0.126258850097656
0.00627517700195312 -0.0256080627441406 -0.0970458984374999 -0.669677734375
0.0138587951660156 -0.0336799621582031 -0.664306640625 -0.5208740234375
0.022430419921875 -0.0197296142578125 -0.67120361328125 0.20452880859375
0.0243511199951172 -0.0128688812255859 -0.154754638671875 0.52032470703125
0.0234050750732422 -0.0121021270751953 0.1990966796875 0.4012451171875
-0.0074615478515625 -0.00420713424682617 0.317535400390625 0.136138916015625
-0.00518465042114258 0.00420379638671875 0.264175415039063 -0.11480712890625
0.0122852325439453 -0.00680160522460938 -0.245193481445312 0.026458740234375
0.0283699035644531 0.02020263671875 -0.0982818603515625 -0.238174438476563
0.0597419738769531 -0.00165557861328125 0.300323486328125 -0.42822265625
0.0415916442871094 -0.0141563415527344 0.6865234375 -0.14990234375
-0.0294876098632813 -0.037139892578125 0.5421142578125 0.562255859375
-0.0203170776367188 -0.0918197631835938 -0.01971435546875 0.83990478515625
0.0335464477539062 -0.0608367919921875 -0.22918701171875 0.445465087890625
0.0574417114257812 -0.0791854858398438 0.079345703125 -0.116249084472656
-0.00219726562500001 -0.0805740356445313 -0.076904296875 -0.6641845703125
-0.016082763671875 -0.06451416015625 -0.64813232421875 -0.53680419921875
0.00677680969238281 -0.0296802520751953 -0.6856689453125 0.19256591796875
0.0289192199707031 -0.0205841064453125 -0.179718017578125 0.522674560546875
0.0359268188476563 -0.0100975036621094 0.17327880859375 0.405975341796875
-0.0023651123046875 0.00565624237060547 0.3052978515625 0.139068603515625
-0.00409603118896484 0.00999927520751953 0.257095336914063 -0.115829467773438
0.0135583877563477 -0.00470066070556641 -0.254287719726563 0.027374267578125
0.0279712677001953 0.0269832611083984 -0.131301879882813 -0.2359619140625
0.0647163391113281 0.00095367431640625 0.240753173828125 -0.446563720703125
0.0405540466308594 -0.0204963684082031 0.64892578125 -0.21527099609375
-0.0403556823730469 -0.0516891479492187 0.60076904296875 0.48529052734375
-0.0328369140625 -0.129570007324219 0.0841064453124999 0.82733154296875
0.0489959716796875 -0.115249633789062 -0.19158935546875 0.483062744140625
0.0875244140625 -0.12921142578125 0.0721511840820313 -0.0793914794921875
0.000282287597656248 -0.13116455078125 -0.0227050781249999 -0.64788818359375
-0.03680419921875 -0.09246826171875 -0.59210205078125 -0.5916748046875
-0.0119667053222656 -0.0381393432617188 -0.7117919921875 0.1307373046875
0.0278568267822266 -0.0242900848388672 -0.246337890625 0.5155029296875
0.0464363098144531 -0.00922012329101563 0.1195068359375 0.424835205078125
0.00390052795410156 0.0110626220703125 0.284454345703125 0.15521240234375
-0.00100517272949219 0.0130043029785156 0.251174926757813 -0.111434936523438
0.0296211242675781 -0.0380935668945313 -0.255081176757813 0.0714874267578125
0.00264739990234375 -0.0253562927246094 -0.24761962890625 -0.178909301757813
-0.0244178771972656 -0.00933456420898437 -0.010650634765625 -0.44091796875
-0.0096893310546875 0.0359039306640625 0.432952880859375 -0.45928955078125
-0.00519180297851563 0.063873291015625 0.7198486328125 0.0704345703125
0.010986328125 0.0641517639160156 0.47784423828125 0.6455078125
0.0279617309570313 0.114028930664063 -0.0152587890625 0.61785888671875
-0.00797271728515624 0.113906860351563 0.00197601318359374 0.084808349609375
0.0182113647460938 0.117805480957031 0.203277587890625 -0.54144287109375
0.056427001953125 0.0703582763671875 -0.2156982421875 -0.8507080078125
0.0122718811035156 0.0468521118164063 -0.72088623046875 -0.2935791015625
-0.0349807739257813 0.0359344482421875 -0.522857666015625 0.364593505859375
-0.0347976684570313 -0.0185832977294922 -0.111358642578125 0.47442626953125
-0.00913238525390625 -0.0397529602050781 0.204086303710938 0.240890502929688
0.0152683258056641 -0.0220432281494141 0.26898193359375 -0.060089111328125
0.0257835388183594 -0.0354347229003906 -0.247833251953125 0.063140869140625
0.00332450866699219 -0.0219783782958984 -0.206146240234375 -0.198333740234375
-0.0182228088378906 -0.0091094970703125 0.078338623046875 -0.45440673828125
-0.000223159790039062 0.0321025848388672 0.526702880859375 -0.4014892578125
0.000759124755859376 0.0617332458496094 0.709716796875 0.198974609375
0.0106048583984375 0.071533203125 0.357421875 0.7242431640625
0.00827789306640626 0.133064270019531 -0.0906982421875 0.5841064453125
-0.0224761962890625 0.124725341796875 0.0176162719726563 0.0280990600585938
0.0200424194335938 0.125953674316406 0.12847900390625 -0.59356689453125
0.0650444030761719 0.0698699951171875 -0.36212158203125 -0.7918701171875
0.025115966796875 0.0430335998535156 -0.7445068359375 -0.1546630859375
-0.024627685546875 0.0326042175292969 -0.4300537109375 0.432830810546875
-0.0279827117919922 -0.0200138092041016 -0.015411376953125 0.473602294921875
-0.00982666015625 -0.0397911071777344 0.245819091796875 0.22088623046875
0.0120315551757813 -0.0198402404785156 0.276687622070312 -0.0693359375
0.0213756561279297 -0.0301589965820313 -0.242813110351562 0.0540008544921875
0.00612163543701172 -0.0159902572631836 -0.16094970703125 -0.21392822265625
-0.00609683990478515 -0.0104827880859375 0.17083740234375 -0.45379638671875
0.01104736328125 0.0255050659179687 0.609375 -0.32147216796875
0.000907897949218749 0.0536155700683594 0.6693115234375 0.339111328125
0.00111770629882812 0.0681686401367188 0.21435546875 0.786376953125
-0.012603759765625 0.130416870117188 -0.160247802734375 0.5380859375
-0.026702880859375 0.115242004394531 0.0360832214355469 -0.0293922424316406
0.02239990234375 0.111320495605469 0.0468139648437501 -0.63690185546875
0.0670051574707031 0.0535697937011719 -0.49078369140625 -0.71099853515625
0.0335731506347656 0.0304527282714844 -0.73895263671875 -0.0169067382812499
-0.0108070373535156 0.0234012603759766 -0.326812744140625 0.4803466796875
-0.0185565948486328 -0.0197620391845703 0.075775146484375 0.459625244140625
-0.0105209350585938 -0.0355682373046875 0.28216552734375 0.195556640625
0.00605201721191406 -0.0153579711914063 0.28021240234375 -0.0830078125
0.0179977416992187 -0.0230178833007813 -0.239456176757812 0.0448455810546875
0.012059211730957 -0.00799846649169922 -0.121917724609375 -0.225341796875
0.0114765167236328 -0.00936222076416015 0.252349853515625 -0.44293212890625
0.0227890014648438 0.0168552398681641 0.66790771484375 -0.23388671875
-0.00556182861328125 0.0389060974121094 0.607177734375 0.46337890625
-0.0117874145507812 0.0473480224609375 0.0787963867187501 0.8297119140625
-0.0237808227539062 0.105377197265625 -0.21246337890625 0.49072265625
-0.0197219848632812 0.0846633911132813 0.0543365478515625 -0.0813369750976563
0.02215576171875 0.0778656005859375 -0.02801513671875 -0.66326904296875
0.0589179992675781 0.0272636413574219 -0.59002685546875 -0.6260986328125
0.0366554260253906 0.012298583984375 -0.7117919921875 0.0997924804687499
0.00317764282226562 0.0112323760986328 -0.23468017578125 0.508392333984375
-0.00640487670898438 -0.0171403884887695 0.15045166015625 0.436767578125
-0.0117626190185547 -0.0279884338378906 0.308837890625 0.16845703125
0.00138759613037109 -0.00905609130859375 0.278976440429688 -0.098175048828125
0.0158653259277344 -0.0170230865478516 -0.236923217773437 0.0371398925781249
0.0189533233642578 0.000722885131835938 -0.093475341796875 -0.23284912109375
0.0307483673095703 -0.00766563415527344 0.303680419921875 -0.427764892578125
0.0324878692626953 0.00662422180175781 0.69610595703125 -0.16009521484375
-0.0132513046264648 0.0148582458496094 0.549530029296875 0.552978515625
-0.0189857482910156 0.00920295715332031 -0.0209960937500001 0.847412109375
-0.0158767700195313 0.0592231750488281 -0.23876953125 0.45306396484375
-0.000316619873046875 0.03814697265625 0.0690994262695312 -0.116355895996094
0.0155467987060547 0.0291671752929688 -0.0824584960937501 -0.673828125
0.039642333984375 -0.00386428833007813 -0.64990234375 -0.55596923828125
0.032257080078125 -0.00537300109863281 -0.6866455078125 0.1744384765625
0.0154190063476563 -0.00190544128417969 -0.174468994140625 0.5191650390625
0.00851345062255859 -0.0147438049316406 0.192840576171875 0.413909912109375
-0.0103912353515625 -0.0168008804321289 0.31964111328125 0.145263671875
-0.00263071060180664 -0.00162076950073242 0.27191162109375 -0.110885620117188
0.0122308731079102 -0.0113191604614258 -0.24163818359375 0.0312042236328125
0.0249271392822266 0.0117588043212891 -0.0870513916015625 -0.236587524414063
0.0487632751464844 -0.00450515747070313 0.320892333984375 -0.423980712890625
0.0387039184570313 -0.00557327270507813 0.70220947265625 -0.12969970703125
-0.0218105316162109 -0.0116729736328125 0.52947998046875 0.58502197265625
-0.0193367004394531 -0.0406761169433594 -0.0516967773437501 0.84967041015625
0.00714826583862305 0.000791072845458984 -0.241424560546875 0.4390869140625
0.0267658233642578 -0.0192527770996094 0.078643798828125 -0.126754760742188
0.0054473876953125 -0.0261402130126953 -0.1014404296875 -0.67364501953125
0.0129203796386719 -0.0346946716308594 -0.671875 -0.52239990234375
0.0223865509033203 -0.0200271606445313 -0.6756591796875 0.209716796875
0.0241603851318359 -0.0123825073242187 -0.152618408203125 0.524871826171875
0.0226688385009766 -0.0123920440673828 0.20220947265625 0.403076171875
-0.0073246955871582 -0.00385665893554688 0.32073974609375 0.13543701171875
-0.0055241584777832 0.00429821014404297 0.2664794921875 -0.117568969726563
0.0122289657592773 -0.00727748870849609 -0.24774169921875 0.0285797119140625
0.0287017822265625 0.0206546783447266 -0.100326538085937 -0.238815307617188
0.0595779418945312 -0.0019073486328125 0.300933837890625 -0.433380126953125
0.0410308837890625 -0.0147323608398437 0.69097900390625 -0.154052734375
-0.0304298400878906 -0.0365371704101563 0.5496826171875 0.564697265625
-0.0201187133789062 -0.091888427734375 -0.0161132812500001 0.84716796875
0.033233642578125 -0.0615234375 -0.23046875 0.44970703125
0.0570602416992188 -0.0800857543945313 0.078765869140625 -0.115814208984375
-0.00284576416015625 -0.081085205078125 -0.08026123046875 -0.6688232421875
-0.0164794921875 -0.0652694702148438 -0.6566162109375 -0.537841796875
0.00620079040527344 -0.0305461883544922 -0.6895751953125 0.19635009765625
0.0292835235595703 -0.0216083526611328 -0.17974853515625 0.5267333984375
0.036529541015625 -0.01080322265625 0.1778564453125 0.40875244140625
-0.00188589096069336 0.00539875030517578 0.30828857421875 0.138214111328125
-0.00380992889404297 0.0101985931396484 0.258712768554688 -0.118743896484375
0.0133686065673828 -0.00403499603271484 -0.2564697265625 0.02978515625
0.0291042327880859 0.0273818969726563 -0.133468627929688 -0.236053466796875
0.0650978088378906 0.000396728515625 0.24066162109375 -0.450897216796875
0.0395126342773438 -0.021270751953125 0.65350341796875 -0.2196044921875
-0.04150390625 -0.0510520935058594 0.60693359375 0.48651123046875
-0.0338973999023438 -0.130867004394531 0.08782958984375 0.83203125
0.0492172241210938 -0.116813659667969 -0.19256591796875 0.48797607421875
0.0875244140625 -0.130935668945313 0.0725173950195313 -0.078857421875
-0.000885009765625001 -0.132041931152344 -0.0261230468749999 -0.6533203125
-0.0373916625976563 -0.0941543579101563 -0.6007080078125 -0.59295654296875
-0.0116958618164063 -0.0390853881835938 -0.71783447265625 0.13482666015625
0.0274600982666016 -0.0248756408691406 -0.246429443359375 0.5196533203125
0.0459403991699219 -0.00900650024414063 0.12152099609375 0.426849365234375
0.00375938415527344 0.0115165710449219 0.28778076171875 0.155242919921875
-0.000281333923339845 0.013453483581543 0.252700805664063 -0.113037109375
0.0291976928710938 -0.0387916564941406 -0.25665283203125 0.0744476318359375
0.00184249877929687 -0.0248908996582031 -0.250579833984375 -0.177383422851562
-0.0249996185302734 -0.00912094116210938 -0.013885498046875 -0.444488525390625
-0.0102691650390625 0.0353431701660156 0.43255615234375 -0.466461181640625
-0.00488662719726562 0.0642318725585938 0.7271728515625 0.06781005859375
0.0121917724609375 0.0643692016601563 0.48663330078125 0.6488037109375
0.0286407470703125 0.115249633789062 -0.0139770507812501 0.6220703125
-0.00708770751953124 0.114021301269531 0.00201416015624999 0.0860977172851563
0.0187759399414062 0.118560791015625 0.202117919921875 -0.5478515625
0.0570907592773438 0.0700645446777344 -0.2210693359375 -0.85528564453125
0.0129470825195313 0.0472869873046875 -0.72906494140625 -0.293701171875
-0.0351219177246094 0.0374183654785156 -0.524688720703125 0.369415283203125
-0.035430908203125 -0.0183372497558594 -0.108123779296875 0.47821044921875
-0.0103645324707031 -0.0405006408691406 0.207290649414063 0.24114990234375
0.015594482421875 -0.0227756500244141 0.271331787109375 -0.0631103515625
0.0250282287597656 -0.0354499816894531 -0.24981689453125 0.0666656494140625
0.00251388549804688 -0.0220527648925781 -0.208648681640625 -0.197219848632812
-0.0192642211914063 -0.00920295715332031 0.07708740234375 -0.459930419921875
-0.00104904174804687 0.0320262908935547 0.52789306640625 -0.40960693359375
0.000988006591796878 0.0611724853515625 0.71685791015625 0.19732666015625
0.0111465454101563 0.0723800659179688 0.36407470703125 0.72955322265625
0.00971984863281251 0.133865356445313 -0.08807373046875 0.58978271484375
-0.0226821899414063 0.12554931640625 0.0181255340576172 0.0285415649414063
0.0209503173828125 0.126800537109375 0.1273193359375 -0.59918212890625
0.0657882690429688 0.0694541931152344 -0.36810302734375 -0.7952880859375
0.0255699157714844 0.043853759765625 -0.75225830078125 -0.15142822265625
-0.0243816375732422 0.0328731536865234 -0.4310302734375 0.43829345703125
-0.0290737152099609 -0.0203075408935547 -0.01263427734375 0.477508544921875
-0.0107612609863281 -0.0398674011230469 0.249313354492188 0.22021484375
0.0117855072021484 -0.0203380584716797 0.27935791015625 -0.072723388671875
0.0210647583007813 -0.0300216674804688 -0.246017456054687 0.0571746826171875
0.00597763061523438 -0.0157022476196289 -0.164474487304688 -0.21392822265625
-0.0066986083984375 -0.0104026794433594 0.170379638671875 -0.45928955078125
0.0108795166015625 0.0255165100097656 0.6131591796875 -0.328125
0.000579833984375002 0.054046630859375 0.67608642578125 0.33782958984375
0.00169754028320312 0.0694160461425781 0.22125244140625 0.79327392578125
-0.0116424560546875 0.132148742675781 -0.158782958984375 0.5450439453125
-0.0265960693359375 0.115806579589844 0.0357704162597656 -0.029510498046875
0.0234146118164063 0.112419128417969 0.044189453125 -0.64141845703125
0.0676307678222656 0.0543632507324219 -0.5009765625 -0.7142333984375
0.0339775085449219 0.0304527282714844 -0.74365234375 -0.0125732421875
-0.0102424621582031 0.0238838195800781 -0.327301025390625 0.485992431640625
-0.0195274353027344 -0.0191764831542969 0.08038330078125 0.463134765625
-0.0115547180175781 -0.0359077453613281 0.286041259765625 0.194305419921875
0.00649547576904297 -0.0151739120483398 0.28265380859375 -0.08599853515625
0.0179576873779297 -0.0234813690185547 -0.241561889648438 0.0474090576171875
0.0119228363037109 -0.00767135620117188 -0.123382568359375 -0.225982666015625
0.0113105773925781 -0.00979042053222656 0.25213623046875 -0.44873046875
0.0226535797119141 0.0155410766601563 0.67279052734375 -0.2391357421875
-0.00505447387695313 0.0392837524414063 0.6158447265625 0.4647216796875
-0.0114059448242187 0.0482635498046875 0.0848388671875 0.835693359375
-0.0228118896484375 0.106475830078125 -0.21087646484375 0.497406005859375
-0.0201187133789063 0.0851898193359375 0.0538482666015625 -0.0816574096679688
0.0230331420898437 0.0781021118164063 -0.0299682617187501 -0.66845703125
0.0596160888671875 0.0264739990234375 -0.59930419921875 -0.6265869140625
0.0368194580078125 0.0121421813964844 -0.71636962890625 0.1026611328125
0.0026092529296875 0.0110635757446289 -0.233062744140625 0.513153076171875
-0.00638008117675781 -0.0177211761474609 0.154815673828125 0.438720703125
-0.0125045776367187 -0.0273017883300781 0.31256103515625 0.16680908203125
0.000444412231445312 -0.0088653564453125 0.281402587890625 -0.1011962890625
0.0151615142822266 -0.0164546966552734 -0.23858642578125 0.0392608642578125
0.0185928344726563 0.000776290893554688 -0.0951995849609375 -0.233154296875
0.0312843322753906 -0.0074005126953125 0.304046630859375 -0.434112548828125
0.0329074859619141 0.00585556030273438 0.70068359375 -0.16693115234375
-0.012812614440918 0.0152692794799805 0.555816650390625 0.554656982421875
-0.0190219879150391 0.00972175598144531 -0.0153198242187501 0.855712890625
-0.0161552429199219 0.0601654052734375 -0.23956298828125 0.45977783203125
-0.00125503540039062 0.0376663208007813 0.06829833984375 -0.117362976074219
0.0153045654296875 0.029266357421875 -0.08642578125 -0.677734375
0.039703369140625 -0.00508499145507812 -0.658203125 -0.558349609375
0.0324192047119141 -0.00655937194824219 -0.6912841796875 0.18017578125
0.0157432556152344 -0.00208663940429688 -0.172027587890625 0.523956298828125
0.00907325744628906 -0.0152978897094727 0.197723388671875 0.415740966796875
-0.0110445022583008 -0.016545295715332 0.322662353515625 0.143463134765625
-0.0025477409362793 -0.00244307518005371 0.273574829101563 -0.112442016601563
0.0125703811645508 -0.0116996765136719 -0.243667602539062 0.0345306396484375
0.0244789123535156 0.0117263793945312 -0.0888671875 -0.237991333007813
0.0485038757324219 -0.00520706176757813 0.320465087890625 -0.429901123046875
0.0385398864746094 -0.00560760498046875 0.7069091796875 -0.13592529296875
-0.0221977233886719 -0.0112056732177734 0.5369873046875 0.58587646484375
-0.0188179016113281 -0.0408515930175781 -0.0476684570312501 0.8582763671875
0.00804281234741211 0.00128936767578125 -0.241058349609375 0.4453125
0.026519775390625 -0.0198249816894531 0.078948974609375 -0.128349304199219
0.00587844848632812 -0.0262832641601563 -0.10479736328125 -0.67828369140625
0.0120849609375 -0.035247802734375 -0.6812744140625 -0.523193359375
0.0221824645996094 -0.0206871032714844 -0.68084716796875 0.21563720703125
0.0243473052978516 -0.0135707855224609 -0.15032958984375 0.529449462890625
0.0222129821777344 -0.0126304626464844 0.207275390625 0.403778076171875
-0.00873899459838867 -0.0034642219543457 0.325469970703125 0.134521484375
-0.00485563278198242 0.00443935394287109 0.267623901367188 -0.1207275390625
0.0119962692260742 -0.00757408142089844 -0.249954223632813 0.032012939453125
0.0286674499511719 0.0217494964599609 -0.101959228515625 -0.239456176757813
0.0596427917480469 -0.00295639038085938 0.29998779296875 -0.438873291015625
0.0412330627441406 -0.01568603515625 0.6956787109375 -0.16015625
-0.0299110412597656 -0.0371131896972656 0.55963134765625 0.56549072265625
-0.0207443237304688 -0.0925521850585937 -0.0104370117187501 0.85528564453125
0.0339851379394531 -0.0623016357421875 -0.228057861328125 0.4564208984375
0.0560531616210938 -0.080780029296875 0.0785751342773438 -0.116775512695313
-0.00350189208984375 -0.0823898315429688 -0.08502197265625 -0.67352294921875
-0.0176162719726563 -0.0659675598144531 -0.66400146484375 -0.5391845703125
0.00561141967773438 -0.0310516357421875 -0.69451904296875 0.20257568359375
0.0291252136230469 -0.0214004516601562 -0.177886962890625 0.53125
0.0362319946289063 -0.0107841491699219 0.181793212890625 0.4105224609375
-0.00214815139770508 0.00623416900634766 0.312652587890625 0.136016845703125
-0.00363063812255859 0.0105705261230469 0.259902954101563 -0.121078491210938
0.0133132934570313 -0.00519371032714844 -0.258529663085938 0.0328216552734375
0.0294532775878906 0.0274143218994141 -0.135711669921875 -0.237014770507813
0.0648422241210938 0.000202178955078125 0.238616943359375 -0.45684814453125
0.0393486022949219 -0.0216789245605469 0.65826416015625 -0.22686767578125
-0.0421905517578125 -0.051971435546875 0.614990234375 0.48638916015625
-0.0338134765625 -0.131309509277344 0.09295654296875 0.83984375
0.0498886108398438 -0.117630004882813 -0.191436767578125 0.493682861328125
0.0871047973632813 -0.132415771484375 0.0728836059570313 -0.0794525146484375
-0.00218200683593751 -0.133430480957031 -0.0296630859375 -0.6578369140625
-0.03863525390625 -0.09503173828125 -0.6077880859375 -0.59515380859375
-0.0125617980957031 -0.0394973754882813 -0.72198486328125 0.140869140625
0.0268707275390625 -0.0252265930175781 -0.244873046875 0.5263671875
0.0468330383300781 -0.0102043151855469 0.12518310546875 0.427703857421875
0.00431442260742188 0.0120010375976563 0.291351318359375 0.153350830078125
-0.000622749328613283 0.0129766464233398 0.254547119140625 -0.116226196289063
0.0282707214355469 -0.0391006469726563 -0.258331298828125 0.0789337158203125
0.00099945068359375 -0.0241527557373047 -0.2547607421875 -0.175506591796875
-0.0265445709228516 -0.00925636291503906 -0.01837158203125 -0.4483642578125
-0.0102157592773438 0.0360794067382813 0.432861328125 -0.4749755859375
-0.00419616699218749 0.0647392272949219 0.7333984375 0.06024169921875
0.0131149291992188 0.065643310546875 0.4940185546875 0.65057373046875
0.0294723510742187 0.116813659667969 -0.00799560546874994 0.62860107421875
-0.00686645507812499 0.114662170410156 0.0011749267578125 0.0871124267578125
0.019866943359375 0.119361877441406 0.197052001953125 -0.55108642578125
0.0577011108398437 0.0699806213378906 -0.2308349609375 -0.859375
0.012725830078125 0.047393798828125 -0.73583984375 -0.29107666015625
-0.0345954895019531 0.0370407104492188 -0.5255126953125 0.376495361328125
-0.0358848571777344 -0.0187644958496094 -0.105438232421875 0.48236083984375
-0.0111541748046875 -0.0400314331054688 0.211517333984375 0.240493774414063
0.0150527954101563 -0.0228004455566406 0.273239135742188 -0.0664215087890625
0.0254974365234375 -0.0356788635253906 -0.251663208007813 0.0696868896484375
0.00178146362304687 -0.0213584899902344 -0.211929321289063 -0.1954345703125
-0.0203914642333984 -0.009521484375 0.074310302734375 -0.4637451171875
-0.00119209289550781 0.0321731567382813 0.527862548828125 -0.4190673828125
0.00215530395507812 0.0623435974121094 0.7252197265625 0.1910400390625
0.0124969482421875 0.0736770629882812 0.3726806640625 0.7313232421875
0.01141357421875 0.134590148925781 -0.08428955078125 0.59637451171875
-0.022064208984375 0.126335144042969 0.0172138214111328 0.0300693511962891
0.0213623046875 0.127410888671875 0.12261962890625 -0.603759765625
0.0662422180175781 0.0702552795410156 -0.37841796875 -0.799560546875
0.025634765625 0.0443191528320313 -0.7584228515625 -0.14605712890625
-0.0238094329833984 0.0328693389892578 -0.428466796875 0.44415283203125
-0.0295486450195312 -0.0198841094970703 -0.00897216796875005 0.4805908203125
-0.0109024047851563 -0.0408554077148438 0.253143310546875 0.221038818359375
0.0115470886230469 -0.0206489562988281 0.280303955078125 -0.0764312744140625
0.0213375091552734 -0.0312938690185547 -0.24725341796875 0.0610656738281249
0.00561618804931641 -0.015772819519043 -0.166854858398437 -0.212890625
-0.00775527954101563 -0.00998401641845703 0.16864013671875 -0.463958740234375
0.0108985900878906 0.0254840850830078 0.61468505859375 -0.3377685546875
0.00142288208007813 0.0553016662597656 0.6839599609375 0.33416748046875
0.0026092529296875 0.0698089599609375 0.2283935546875 0.79962158203125
-0.00999450683593748 0.133491516113281 -0.156219482421875 0.551025390625
-0.0265884399414062 0.116348266601563 0.0351104736328125 -0.0293235778808594
0.0247116088867187 0.112579345703125 0.04083251953125 -0.64483642578125
0.0686531066894531 0.0529670715332031 -0.5089111328125 -0.716064453125
0.0344390869140625 0.0293159484863281 -0.7498779296875 -0.00701904296875016
-0.010223388671875 0.0232791900634766 -0.32464599609375 0.492095947265625
-0.0208053588867188 -0.0198268890380859 0.085723876953125 0.465484619140625
-0.0131988525390625 -0.0353813171386719 0.290130615234375 0.192901611328125
0.00671100616455078 -0.0156764984130859 0.2830810546875 -0.090179443359375
0.0168819427490234 -0.0233345031738281 -0.243240356445312 0.0515289306640625
0.011805534362793 -0.00686740875244141 -0.126815795898437 -0.226547241210938
0.0106182098388672 -0.0105428695678711 0.25048828125 -0.455718994140625
0.0226211547851563 0.0151424407958984 0.674560546875 -0.24859619140625
-0.00407791137695312 0.039276123046875 0.6236572265625 0.46282958984375
-0.0107917785644531 0.0490226745605469 0.0921630859375 0.8441162109375
-0.021087646484375 0.1075439453125 -0.208770751953125 0.504150390625
-0.0204849243164063 0.0866317749023437 0.05322265625 -0.0817947387695312
0.0235214233398438 0.0776748657226563 -0.0375366210937499 -0.671875
0.0598602294921875 0.0255699157714844 -0.60870361328125 -0.62628173828125
0.0375595092773437 0.0112648010253906 -0.72216796875 0.10919189453125
0.00365447998046875 0.011937141418457 -0.2294921875 0.519561767578125
-0.00703716278076172 -0.0174722671508789 0.160369873046875 0.439849853515625
-0.0128555297851562 -0.0274486541748047 0.31634521484375 0.1650390625
0.000828742980957032 -0.00970458984375 0.282440185546875 -0.105010986328125
0.0151939392089844 -0.0163059234619141 -0.241500854492188 0.042694091796875
0.0191097259521484 0.000814437866210938 -0.0973663330078125 -0.234054565429688
0.0305099487304687 -0.00822639465332031 0.30322265625 -0.4412841796875
0.0327053070068359 0.00562095642089844 0.7039794921875 -0.17559814453125
-0.0135593414306641 0.0160551071166992 0.56573486328125 0.55303955078125
-0.0190086364746094 0.0100669860839844 -0.00970458984375 0.86376953125
-0.0140419006347656 0.0610542297363281 -0.236785888671875 0.46514892578125
-0.000885009765625002 0.0365753173828125 0.0680313110351563 -0.118217468261719
0.0170993804931641 0.0296611785888672 -0.0916748046875 -0.6807861328125
0.0393600463867188 -0.0050201416015625 -0.668701171875 -0.55633544921875
0.0323581695556641 -0.00713348388671875 -0.6953125 0.1873779296875
0.0149335861206055 -0.00233554840087891 -0.16827392578125 0.529571533203125
0.00823307037353516 -0.0145072937011719 0.202056884765625 0.416107177734375
-0.0121574401855469 -0.0163955688476562 0.328033447265625 0.14129638671875
-0.00269508361816406 -0.0010530948638916 0.274490356445313 -0.11712646484375
0.0129728317260742 -0.0127115249633789 -0.2452392578125 0.0374755859375
0.0261001586914063 0.0128612518310547 -0.0916595458984375 -0.238449096679688
0.0483589172363281 -0.005218505859375 0.318695068359375 -0.43603515625
0.0384407043457031 -0.00669479370117187 0.71112060546875 -0.14373779296875
-0.0225715637207031 -0.0109310150146484 0.5462646484375 0.58685302734375
-0.0191230773925781 -0.0409431457519531 -0.0412597656249999 0.86590576171875
0.00840568542480469 0.000277519226074219 -0.23883056640625 0.45001220703125
0.0256118774414063 -0.0200901031494141 0.0783615112304688 -0.128822326660156
0.00466156005859375 -0.0264835357666016 -0.110595703125 -0.68084716796875
0.0114479064941406 -0.0364723205566406 -0.69036865234375 -0.5191650390625
0.0216636657714844 -0.0220146179199219 -0.68511962890625 0.22265625
0.0247173309326172 -0.0137481689453125 -0.149261474609375 0.533966064453125
0.0221786499023438 -0.0134315490722656 0.212188720703125 0.405670166015625
-0.00848674774169922 -0.00289106369018554 0.329620361328125 0.131500244140625
-0.00449275970458984 0.00477457046508789 0.268539428710938 -0.1239013671875
0.0124568939208984 -0.00737380981445313 -0.251052856445313 0.035125732421875
0.0288124084472656 0.0215511322021484 -0.105377197265625 -0.24005126953125
0.0607566833496094 -0.00244140625 0.299346923828125 -0.445892333984375
0.040802001953125 -0.0167388916015625 0.6993408203125 -0.1671142578125
-0.031524658203125 -0.0372200012207031 0.5670166015625 0.56549072265625
-0.02197265625 -0.092559814453125 -0.00476074218749994 0.86334228515625
0.0345535278320313 -0.0632400512695312 -0.226318359375 0.46063232421875
0.0563735961914063 -0.0821914672851563 0.0783843994140625 -0.117477416992187
-0.00475311279296875 -0.0830764770507812 -0.0899658203124999 -0.67694091796875
-0.0186882019042969 -0.0662689208984375 -0.675537109375 -0.53607177734375
0.00536918640136719 -0.0319900512695313 -0.69744873046875 0.20880126953125
0.0292110443115234 -0.0224151611328125 -0.174285888671875 0.536163330078125
0.036346435546875 -0.0111618041992188 0.186767578125 0.409942626953125
-0.00248050689697266 0.00654172897338867 0.317535400390625 0.1343994140625
-0.00287151336669922 0.0101184844970703 0.2608642578125 -0.124755859375
0.0138883590698242 -0.00510692596435547 -0.259796142578125 0.0366363525390625
0.0305004119873047 0.0282058715820313 -0.139190673828125 -0.23687744140625
0.0654563903808594 -0.00103378295898438 0.236419677734375 -0.46539306640625
0.0393447875976562 -0.0225944519042969 0.66046142578125 -0.2342529296875
-0.042388916015625 -0.0512466430664062 0.62603759765625 0.4864501953125
-0.0350494384765625 -0.132537841796875 0.1015625 0.84576416015625
0.0492019653320312 -0.119361877441406 -0.188140869140625 0.4979248046875
0.0865097045898438 -0.13409423828125 0.0724105834960938 -0.0794677734375
-0.00328826904296874 -0.133712768554688 -0.0360717773437501 -0.661376953125
-0.040557861328125 -0.0954132080078125 -0.6187744140625 -0.59454345703125
-0.0134696960449219 -0.0400390625 -0.7274169921875 0.1474609375
0.0274181365966797 -0.0259056091308594 -0.241912841796875 0.530731201171875
0.0467071533203125 -0.00973892211914063 0.130706787109375 0.4310302734375
0.00404930114746094 0.0124282836914063 0.295989990234375 0.1513671875
0.000467300415039064 0.0132503509521484 0.2552490234375 -0.119491577148438
0.0282058715820313 -0.03948974609375 -0.259353637695313 0.0821533203125
0.000579833984375002 -0.0249748229980469 -0.258438110351563 -0.1734619140625
-0.0273361206054688 -0.00817108154296875 -0.022216796875 -0.451324462890625
-0.0106468200683594 0.0361061096191406 0.4300537109375 -0.482421875
-0.00291442871093751 0.0660171508789062 0.7412109375 0.05462646484375
0.0145988464355469 0.0663414001464844 0.50616455078125 0.651123046875
0.03179931640625 0.116172790527344 -0.00231933593750004 0.63311767578125
-0.00684356689453126 0.114944458007813 0.00222778320312499 0.088287353515625
0.0213775634765625 0.119491577148438 0.194671630859375 -0.555206298828125
0.0583305358886719 0.0691871643066406 -0.2403564453125 -0.8638916015625
0.0134353637695313 0.0470809936523438 -0.74359130859375 -0.28643798828125
-0.0341796875 0.0380859375 -0.52410888671875 0.38409423828125
-0.0379142761230469 -0.0177497863769531 -0.100067138671875 0.486328125
-0.0128288269042969 -0.0397453308105469 0.215713500976563 0.240249633789063
0.0147457122802734 -0.0230178833007813 0.273757934570313 -0.0693817138671875
0.0243911743164062 -0.0367431640625 -0.253326416015625 0.073883056640625
0.00133705139160156 -0.0214080810546875 -0.215652465820313 -0.193756103515625
-0.0210189819335938 -0.00922393798828125 0.070220947265625 -0.46820068359375
-0.00169944763183594 0.0314121246337891 0.52813720703125 -0.427001953125
0.00322341918945312 0.0639419555664063 0.732666015625 0.186279296875
0.0145111083984375 0.07440185546875 0.38250732421875 0.73211669921875
0.0128021240234375 0.135490417480469 -0.0796508789062501 0.60040283203125
-0.0219039916992188 0.126609802246094 0.0165691375732422 0.0300197601318359
0.0228805541992187 0.127433776855469 0.11712646484375 -0.608154296875
0.06689453125 0.0695114135742188 -0.388671875 -0.8006591796875
0.0257987976074219 0.0435829162597656 -0.76434326171875 -0.14166259765625
-0.0232410430908203 0.0329875946044922 -0.428314208984375 0.449981689453125
-0.0309391021728516 -0.0191593170166016 -0.00402832031250002 0.483123779296875
-0.0128059387207031 -0.0400047302246094 0.258316040039063 0.219085693359375
0.0116004943847656 -0.0202388763427734 0.281768798828125 -0.080047607421875
0.0202121734619141 -0.0313796997070313 -0.247604370117188 0.0648956298828125
0.00459194183349609 -0.0153102874755859 -0.17047119140625 -0.211837768554687
-0.00819778442382813 -0.0100078582763672 0.164581298828125 -0.46954345703125
0.0105361938476563 0.0245208740234375 0.61444091796875 -0.3460693359375
0.002532958984375 0.0554122924804688 0.69305419921875 0.33087158203125
0.00363922119140625 0.070648193359375 0.2388916015625 0.80413818359375
-0.00927734374999999 0.133804321289063 -0.151641845703125 0.555999755859375
-0.0265884399414063 0.116592407226563 0.0350017547607422 -0.0291423797607422
0.025970458984375 0.112815856933594 0.0333862304687501 -0.6480712890625
0.0691947937011719 0.0521926879882813 -0.5194091796875 -0.7164306640625
0.0352745056152344 0.0300025939941406 -0.75396728515625 6.1035156250045E-05
-0.0102634429931641 0.0239372253417969 -0.3218994140625 0.49859619140625
-0.0209751129150391 -0.0190105438232422 0.090087890625 0.468017578125
-0.0135536193847656 -0.0360984802246094 0.29541015625 0.190338134765625
0.00633907318115234 -0.0151958465576172 0.28533935546875 -0.093963623046875
0.0171928405761719 -0.0247344970703125 -0.244766235351563 0.0550384521484375
0.0106430053710938 -0.00740623474121094 -0.130462646484375 -0.225265502929688
0.0101318359375 -0.00946712493896484 0.24700927734375 -0.461212158203125
0.0225830078125 0.0153141021728516 0.6761474609375 -0.25701904296875
-0.00431060791015625 0.0401039123535156 0.63287353515625 0.45916748046875
-0.00945281982421874 0.0503158569335938 0.10015869140625 0.8477783203125
-0.02105712890625 0.107818603515625 -0.205291748046875 0.508697509765625
-0.0197677612304687 0.086212158203125 0.0524520874023438 -0.0817108154296875
0.0242538452148437 0.0776138305664063 -0.04278564453125 -0.67486572265625
0.0602951049804688 0.0250473022460938 -0.61883544921875 -0.62420654296875
0.0386581420898438 0.0109901428222656 -0.72509765625 0.11602783203125
0.00362014770507812 0.011601448059082 -0.226226806640625 0.524932861328125
-0.00732994079589844 -0.0177249908447266 0.16510009765625 0.44036865234375
-0.0141849517822266 -0.0271415710449219 0.320404052734375 0.161895751953125
0.000927925109863282 -0.00968742370605469 0.282073974609375 -0.10870361328125
0.0152873992919922 -0.0174474716186523 -0.242156982421875 0.045745849609375
0.0191192626953125 0.00140571594238281 -0.09991455078125 -0.233627319335937
0.0304298400878906 -0.00739097595214844 0.300872802734375 -0.4481201171875
0.0317897796630859 0.00445938110351563 0.70703125 -0.1851806640625
-0.0140199661254883 0.0165596008300781 0.5748291015625 0.55279541015625
-0.0178661346435547 0.0106887817382813 -0.00268554687500009 0.87066650390625
-0.0135269165039063 0.0610237121582031 -0.234161376953125 0.470489501953125
-0.001434326171875 0.0371246337890625 0.0674362182617188 -0.118217468261719
0.0172481536865234 0.0287284851074219 -0.0981445312499999 -0.68499755859375
0.0399208068847656 -0.00615692138671875 -0.67791748046875 -0.55279541015625
0.0331935882568359 -0.00769615173339844 -0.697998046875 0.1937255859375
0.0161600112915039 -0.00247955322265625 -0.163116455078125 0.53326416015625
0.00825023651123047 -0.0145797729492188 0.20928955078125 0.41534423828125
-0.0120429992675781 -0.0159645080566406 0.33184814453125 0.138427734375
-0.00237369537353516 -0.00111699104309082 0.2742919921875 -0.121200561523437
0.0126142501831055 -0.0128517150878906 -0.24664306640625 0.041168212890625
0.0259380340576172 0.0127754211425781 -0.093719482421875 -0.238632202148438
0.0482864379882813 -0.00527191162109375 0.31689453125 -0.44305419921875
0.0375328063964844 -0.00706863403320313 0.71392822265625 -0.15252685546875
-0.0223541259765625 -0.01025390625 0.55572509765625 0.5860595703125
-0.0198554992675781 -0.0404701232910156 -0.0322875976562499 0.87255859375
0.00948333740234375 0.000502586364746094 -0.237396240234375 0.455291748046875
0.0257511138916016 -0.0214099884033203 0.0784988403320313 -0.129951477050781
0.00465011596679687 -0.0271568298339844 -0.11737060546875 -0.68475341796875
0.0109672546386719 -0.0374679565429688 -0.7000732421875 -0.51556396484375
0.0218238830566406 -0.0220584869384766 -0.68701171875 0.23095703125
0.0247631072998047 -0.0145206451416016 -0.143524169921875 0.5382080078125
0.0219669342041016 -0.0127811431884766 0.218597412109375 0.40521240234375
-0.00895118713378906 -0.00374507904052734 0.333251953125 0.12908935546875
-0.00369071960449219 0.00447320938110351 0.268402099609375 -0.127914428710938
0.012603759765625 -0.00787067413330078 -0.252700805664063 0.039215087890625
0.0299835205078125 0.0224399566650391 -0.1075439453125 -0.240631103515625
0.0605087280273438 -0.0032501220703125 0.295013427734375 -0.45416259765625
0.0394515991210937 -0.0180130004882813 0.7008056640625 -0.17718505859375
-0.0324249267578125 -0.0363044738769531 0.57666015625 0.5643310546875
-0.0221099853515625 -0.0935897827148437 0.00445556640624996 0.86865234375
0.0344390869140625 -0.0646553039550781 -0.223876953125 0.46612548828125
0.0556716918945313 -0.0836029052734375 0.0780563354492188 -0.118843078613281
-0.00550079345703125 -0.0836257934570313 -0.09576416015625 -0.68060302734375
-0.0202178955078125 -0.0671653747558594 -0.6845703125 -0.5330810546875
0.0052947998046875 -0.0332393646240234 -0.7020263671875 0.218505859375
0.0285930633544922 -0.0230312347412109 -0.16937255859375 0.541473388671875
0.0368614196777344 -0.0113525390625 0.19207763671875 0.412078857421875
-0.00289630889892578 0.00695896148681641 0.320281982421875 0.1322021484375
-0.00220680236816406 0.0107336044311523 0.2606201171875 -0.12933349609375
0.013972282409668 -0.00537776947021484 -0.261245727539063 0.040435791015625
0.0306720733642578 0.0287017822265625 -0.141342163085937 -0.236984252929687
0.0655250549316406 -9.1552734375E-05 0.233856201171875 -0.471221923828125
0.0381240844726563 -0.0235786437988281 0.66107177734375 -0.2427978515625
-0.0438690185546875 -0.0513114929199219 0.63372802734375 0.48193359375
-0.0362014770507812 -0.132949829101563 0.10882568359375 0.85052490234375
0.0486526489257813 -0.120811462402344 -0.18505859375 0.50396728515625
0.0848617553710938 -0.136146545410156 0.072052001953125 -0.0802154541015625
-0.00516510009765624 -0.135284423828125 -0.04095458984375 -0.66485595703125
-0.043060302734375 -0.0964736938476563 -0.62835693359375 -0.59124755859375
-0.0141944885253906 -0.0404853820800781 -0.73077392578125 0.1546630859375
0.0270824432373047 -0.0264625549316406 -0.2374267578125 0.5384521484375
0.0471153259277344 -0.0106468200683594 0.135040283203125 0.4324951171875
0.00362873077392578 0.0131006240844727 0.299560546875 0.14892578125
0.00146293640136719 0.0132074356079102 0.255767822265625 -0.123687744140625
0.0279884338378906 -0.0408859252929688 -0.259933471679688 0.0865325927734376
-0.000764846801757815 -0.0238914489746094 -0.261672973632813 -0.170272827148438
-0.0280799865722656 -0.00782012939453125 -0.029327392578125 -0.454345703125
-0.0109024047851562 0.036285400390625 0.427825927734375 -0.490753173828125
-0.0015716552734375 0.067108154296875 0.74639892578125 0.04547119140625
0.0156021118164062 0.0673408508300781 0.51519775390625 0.64996337890625
0.03375244140625 0.116348266601562 0.00543212890625005 0.6376953125
-0.00581359863281249 0.115074157714844 0.00257110595703126 0.0892562866210938
0.0226058959960938 0.11981201171875 0.19061279296875 -0.560638427734375
0.05908203125 0.0694732666015625 -0.25 -0.866943359375
0.0145378112792969 0.0480537414550781 -0.75030517578125 -0.28106689453125
-0.0340003967285156 0.037841796875 -0.522735595703125 0.39154052734375
-0.0386123657226563 -0.0180892944335937 -0.097381591796875 0.48919677734375
-0.014068603515625 -0.0401763916015625 0.219375610351563 0.239151000976563
0.0141315460205078 -0.0228347778320313 0.274917602539063 -0.0738372802734375
0.0240592956542969 -0.0378913879394531 -0.2542724609375 0.0780181884765625
0.000452041625976564 -0.0214347839355469 -0.218917846679688 -0.191452026367188
-0.0223960876464844 -0.00836753845214844 0.06439208984375 -0.4713134765625
-0.00104331970214843 0.0318450927734375 0.52630615234375 -0.435943603515625
0.0040740966796875 0.06427001953125 0.73870849609375 0.177490234375
0.0154266357421875 0.075408935546875 0.39324951171875 0.7349853515625
0.0148544311523438 0.136520385742188 -0.073974609375 0.60577392578125
-0.0206680297851563 0.127052307128906 0.0168514251708984 0.0304927825927734
0.0244064331054687 0.128120422363281 0.111328125 -0.61029052734375
0.0682525634765625 0.0683059692382813 -0.39898681640625 -0.80059814453125
0.0266990661621094 0.0433921813964844 -0.76947021484375 -0.13525390625
-0.0230064392089844 0.0344200134277344 -0.426055908203125 0.45733642578125
-0.0321197509765625 -0.0191631317138672 0.00152587890625002 0.486297607421875
-0.0142478942871094 -0.0402107238769531 0.26220703125 0.216110229492188
0.011749267578125 -0.0210227966308594 0.282318115234375 -0.084381103515625
0.0203647613525391 -0.0321254730224609 -0.248931884765625 0.0693511962890625
0.00454425811767578 -0.0151252746582031 -0.173599243164063 -0.209579467773437
-0.00949859619140625 -0.00977993011474609 0.161163330078125 -0.475738525390625
0.0104446411132813 0.0241909027099609 0.61444091796875 -0.35516357421875
0.00256729125976563 0.0562553405761719 0.7010498046875 0.32379150390625
0.00489807128906249 0.0711288452148437 0.24810791015625 0.806396484375
-0.00669097900390625 0.135147094726563 -0.147003173828125 0.561065673828125
-0.0255279541015625 0.117523193359375 0.0345439910888672 -0.0292587280273437
0.0277862548828125 0.113212585449219 0.0276489257812499 -0.6527099609375
0.070404052734375 0.0518264770507813 -0.5311279296875 -0.71429443359375
0.0358772277832031 0.0288734436035156 -0.7581787109375 0.00720214843750001
-0.0101394653320312 0.0243015289306641 -0.3187255859375 0.5029296875
-0.0208053588867187 -0.0192012786865234 0.095245361328125 0.467742919921875
-0.0145187377929688 -0.0358428955078125 0.29888916015625 0.188385009765625
0.00603389739990234 -0.0158138275146484 0.285247802734375 -0.098419189453125
0.0169849395751953 -0.0253219604492187 -0.24609375 0.05938720703125
0.0111865997314453 -0.00706386566162109 -0.133163452148438 -0.224212646484375
0.00953388214111328 -0.00990486145019531 0.244720458984375 -0.467803955078125
0.0219211578369141 0.0146980285644531 0.676513671875 -0.2672119140625
-0.00381851196289062 0.0405387878417969 0.6422119140625 0.45556640625
-0.00871658325195313 0.0505714416503906 0.10955810546875 0.85284423828125
-0.018890380859375 0.1087646484375 -0.20263671875 0.514404296875
-0.0189208984375 0.0867919921875 0.052581787109375 -0.0820999145507813
0.025482177734375 0.077911376953125 -0.0505371093749999 -0.6766357421875
0.060882568359375 0.0243797302246094 -0.62896728515625 -0.623291015625
0.0382080078125 0.0099945068359375 -0.7291259765625 0.1234130859375
0.0040597915649414 0.0116634368896484 -0.22174072265625 0.5284423828125
-0.00794410705566406 -0.017277717590332 0.17095947265625 0.44012451171875
-0.0143756866455078 -0.0271739959716797 0.3245849609375 0.15899658203125
0.000410079956054688 -0.00913238525390625 0.28289794921875 -0.114349365234375
0.0155582427978516 -0.0177478790283203 -0.243377685546875 0.0504302978515625
0.0197181701660156 0.00176048278808594 -0.103179931640625 -0.233154296875
0.0300350189208984 -0.00811004638671875 0.297454833984375 -0.45489501953125
0.0322494506835937 0.00383949279785156 0.70916748046875 -0.192626953125
-0.0132083892822266 0.0175666809082031 0.58575439453125 0.5498046875
-0.0177764892578125 0.0113468170166016 0.00677490234374999 0.87615966796875
-0.0123672485351562 0.0618247985839844 -0.229766845703125 0.476959228515625
-0.00136566162109375 0.0376319885253906 0.0666656494140625 -0.118888854980469
0.0166912078857422 0.0292396545410156 -0.10699462890625 -0.68768310546875
0.0394248962402344 -0.00690078735351563 -0.6903076171875 -0.54718017578125
0.0332660675048828 -0.00847053527832031 -0.7030029296875 0.20208740234375
0.0158271789550781 -0.00242519378662109 -0.158294677734375 0.53814697265625
0.00753116607666015 -0.0156335830688477 0.21405029296875 0.41522216796875
-0.012786865234375 -0.0148801803588867 0.3360595703125 0.13604736328125
-0.00269985198974609 -0.000346660614013671 0.274581909179688 -0.1256103515625
0.0127706527709961 -0.0127468109130859 -0.247894287109375 0.0455322265625
0.0259780883789063 0.0135135650634766 -0.0969085693359375 -0.238433837890625
0.0487060546875 -0.00597000122070313 0.3150634765625 -0.450469970703125
0.0368156433105469 -0.00858688354492187 0.71661376953125 -0.16082763671875
-0.0228691101074219 -0.0105056762695313 0.566650390625 0.58489990234375
-0.0199241638183594 -0.0408058166503906 -0.026123046875 0.87969970703125
0.00944805145263672 -4.86373901367187E-05 -0.233367919921875 0.459625244140625
0.0251331329345703 -0.0226173400878906 0.0775070190429687 -0.130844116210938
0.00441169738769532 -0.0273532867431641 -0.12457275390625 -0.688720703125
0.01031494140625 -0.0382652282714844 -0.71112060546875 -0.5123291015625
0.0211029052734375 -0.0230712890625 -0.68939208984375 0.23858642578125
0.0241851806640625 -0.0143070220947266 -0.1365966796875 0.541839599609375
0.0224475860595703 -0.0128192901611328 0.223663330078125 0.404144287109375
-0.00841283798217773 -0.00197315216064453 0.336181640625 0.12567138671875
-0.00337028503417969 0.00496482849121094 0.268844604492188 -0.1329345703125
0.0127153396606445 -0.00806903839111328 -0.25341796875 0.0426483154296875
0.0304279327392578 0.0228233337402344 -0.1107177734375 -0.239959716796875
0.0606040954589844 -0.00409317016601563 0.2928466796875 -0.461090087890625
0.0393943786621094 -0.0184097290039063 0.70306396484375 -0.18548583984375
-0.0321578979492187 -0.0362586975097656 0.58740234375 0.5604248046875
-0.0231475830078125 -0.0937881469726563 0.0126953125 0.87451171875
0.0344314575195313 -0.0650444030761719 -0.218841552734375 0.471527099609375
0.0544052124023437 -0.085113525390625 0.0774154663085938 -0.118797302246094
-0.006683349609375 -0.0841751098632813 -0.10418701171875 -0.68115234375
-0.0208740234375 -0.0669059753417969 -0.69537353515625 -0.52899169921875
0.0042877197265625 -0.0338001251220703 -0.703857421875 0.226806640625
0.0287399291992187 -0.0231876373291016 -0.164642333984375 0.54644775390625
0.0361137390136719 -0.01171875 0.1976318359375 0.410552978515625
-0.00242471694946289 0.00823020935058594 0.3245849609375 0.128753662109375
-0.00231170654296875 0.010960578918457 0.26104736328125 -0.133285522460938
0.0144739151000977 -0.00560569763183594 -0.262496948242188 0.0443572998046875
0.0314140319824219 0.0292224884033203 -0.143936157226563 -0.2362060546875
0.065704345703125 -0.001922607421875 0.23016357421875 -0.477081298828125
0.0374946594238281 -0.0244560241699219 0.66229248046875 -0.25250244140625
-0.0441093444824219 -0.0502853393554688 0.642822265625 0.47772216796875
-0.0379104614257813 -0.132820129394531 0.12109375 0.85595703125
0.0482025146484375 -0.122291564941406 -0.1802978515625 0.50897216796875
0.0837936401367188 -0.139053344726563 0.0717010498046875 -0.081390380859375
-0.00714111328125001 -0.135757446289063 -0.04833984375 -0.66796875
-0.0442352294921875 -0.0965118408203125 -0.63800048828125 -0.58770751953125
-0.0146751403808594 -0.0412445068359375 -0.735107421875 0.1644287109375
0.0267982482910156 -0.0271930694580078 -0.234619140625 0.542022705078125
0.0476226806640625 -0.0117111206054688 0.141510009765625 0.43194580078125
0.00429534912109375 0.0134372711181641 0.302825927734375 0.1463623046875
0.00181388854980469 0.0134687423706055 0.256027221679687 -0.127609252929687
0.0268783569335937 -0.0418739318847656 -0.260543823242188 0.0919189453124999
-0.00127983093261719 -0.0249519348144531 -0.265411376953125 -0.16754150390625
-0.0294132232666016 -0.00784492492675781 -0.03460693359375 -0.45556640625
-0.0108833312988281 0.0357017517089844 0.4237060546875 -0.49847412109375
-0.00138092041015626 0.0667343139648438 0.74993896484375 0.03564453125
0.0171432495117187 0.0675086975097656 0.52777099609375 0.64727783203125
0.0348052978515625 0.116752624511719 0.0128173828125 0.64154052734375
-0.00476074218750001 0.114631652832031 0.00301361083984374 0.0903778076171875
0.0239715576171875 0.119171142578125 0.18450927734375 -0.56402587890625
0.0599403381347656 0.0687484741210937 -0.2613525390625 -0.86773681640625
0.0144081115722656 0.0480461120605469 -0.758056640625 -0.2755126953125
-0.0341262817382813 0.0385475158691406 -0.519989013671875 0.399078369140625
-0.0399208068847656 -0.0173377990722656 -0.09027099609375 0.492584228515625
-0.0153923034667969 -0.0396690368652344 0.224166870117187 0.236618041992187
0.0151538848876953 -0.0239791870117187 0.275833129882813 -0.078369140625
0.0225906372070313 -0.0375022888183594 -0.255203247070313 0.083099365234375
-0.000125885009765626 -0.0215377807617188 -0.222732543945312 -0.1885986328125
-0.0228309631347656 -0.00853157043457031 0.059112548828125 -0.47528076171875
-0.00182533264160156 0.0326137542724609 0.522003173828125 -0.445892333984375
0.0051727294921875 0.06427001953125 0.744873046875 0.1693115234375
0.0172805786132813 0.0762863159179688 0.40386962890625 0.73388671875
0.0172576904296875 0.136695861816406 -0.0673217773437501 0.60943603515625
-0.0191650390625 0.127265930175781 0.0167179107666016 0.0315876007080078
0.0263442993164063 0.12847900390625 0.1051025390625 -0.61395263671875
0.0686988830566406 0.0680961608886719 -0.41064453125 -0.79901123046875
0.0280265808105469 0.043914794921875 -0.77459716796875 -0.126220703125
-0.0228023529052734 0.0345134735107422 -0.422607421875 0.465850830078125
-0.0319900512695313 -0.0187320709228516 0.00784301757812502 0.48748779296875
-0.0144577026367187 -0.0404815673828125 0.265975952148438 0.214614868164062
0.0108394622802734 -0.0204792022705078 0.2828369140625 -0.088958740234375
0.0202808380126953 -0.0324344635009766 -0.249099731445312 0.0736236572265626
0.00374412536621094 -0.0152139663696289 -0.176925659179688 -0.20892333984375
-0.00970935821533203 -0.009552001953125 0.154815673828125 -0.47991943359375
0.0106487274169922 0.0240116119384766 0.61279296875 -0.36590576171875
0.00373458862304687 0.0562820434570312 0.70965576171875 0.31512451171875
0.00628662109375001 0.0729904174804688 0.26019287109375 0.8074951171875
-0.00479125976562501 0.135284423828125 -0.14093017578125 0.56597900390625
-0.0249557495117187 0.11871337890625 0.0341434478759766 -0.0291748046875
0.0290985107421875 0.112541198730469 0.01898193359375 -0.65478515625
0.0708389282226563 0.0507888793945313 -0.54205322265625 -0.7108154296875
0.0365333557128906 0.028656005859375 -0.76373291015625 0.015625
-0.0085601806640625 0.0245628356933594 -0.312896728515625 0.51055908203125
-0.0222263336181641 -0.0184726715087891 0.1024169921875 0.468353271484375
-0.0150527954101563 -0.0356369018554688 0.30255126953125 0.184783935546875
0.00625324249267578 -0.0160350799560547 0.284912109375 -0.103759765625
0.0163860321044922 -0.0253543853759766 -0.245925903320312 0.0643768310546875
0.0108394622802734 -0.006500244140625 -0.136627197265625 -0.222640991210938
0.00923728942871094 -0.00940799713134766 0.237762451171875 -0.47314453125
0.0214176177978516 0.0138187408447266 0.67535400390625 -0.27862548828125
-0.0023040771484375 0.0411567687988281 0.649658203125 0.4478759765625
-0.00830078125000001 0.0510444641113281 0.11993408203125 0.8565673828125
-0.0180740356445312 0.109626770019531 -0.19549560546875 0.51953125
-0.0187530517578125 0.0872650146484375 0.0511932373046875 -0.0821914672851563
0.0265655517578125 0.0769577026367187 -0.05853271484375 -0.67950439453125
0.0610084533691406 0.0227012634277344 -0.6409912109375 -0.6160888671875
0.0382614135742188 0.010345458984375 -0.731689453125 0.1336669921875
0.00487518310546875 0.0113916397094727 -0.216217041015625 0.533843994140625
-0.00811386108398437 -0.0174198150634766 0.176727294921875 0.439666748046875
-0.0158653259277344 -0.0264263153076172 0.327850341796875 0.154876708984375
0.000863075256347656 -0.00903797149658203 0.282989501953125 -0.117919921875
0.0152626037597656 -0.0186214447021484 -0.243316650390625 0.0546417236328125
0.0192298889160156 0.00130081176757813 -0.106277465820313 -0.231903076171875
0.0298728942871094 -0.00861740112304688 0.292938232421875 -0.461669921875
0.0312900543212891 0.00343513488769531 0.70953369140625 -0.2039794921875
-0.0134000778198242 0.0175380706787109 0.5943603515625 0.5438232421875
-0.0174674987792969 0.011591911315918 0.0181274414062499 0.880126953125
-0.0112533569335938 0.0618782043457031 -0.225982666015625 0.481414794921875
-0.00162887573242188 0.0376853942871094 0.0651016235351563 -0.119537353515625
0.0173091888427734 0.0295696258544922 -0.11407470703125 -0.68853759765625
0.0386772155761719 -0.00764846801757812 -0.700927734375 -0.54168701171875
0.0327358245849609 -0.00920486450195313 -0.7027587890625 0.213134765625
0.0161657333374023 -0.00327587127685547 -0.152801513671875 0.54278564453125
0.00764751434326172 -0.0146827697753906 0.219696044921875 0.413330078125
-0.0139074325561523 -0.0146551132202148 0.33837890625 0.13177490234375
-0.00173389911651611 -0.000684022903442383 0.273757934570313 -0.130325317382813
0.0132837295532227 -0.0131845474243164 -0.248260498046875 0.0502166748046875
0.0263767242431641 0.0133819580078125 -0.100067138671875 -0.237777709960938
0.0487022399902344 -0.0067291259765625 0.310546875 -0.457763671875
0.0365219116210938 -0.00881576538085938 0.71771240234375 -0.1697998046875
-0.0227317810058594 -0.00894355773925781 0.57568359375 0.57928466796875
-0.0206756591796875 -0.0406875610351563 -0.0152587890624999 0.883544921875
0.00992298126220703 0.000212669372558594 -0.22796630859375 0.466094970703125
0.0248279571533203 -0.0224838256835937 0.0762710571289063 -0.131401062011719
0.0032806396484375 -0.0283145904541016 -0.132568359375 -0.68768310546875
0.00888442993164062 -0.0381393432617188 -0.721923828125 -0.505859375
0.0209140777587891 -0.0235271453857422 -0.68878173828125 0.250244140625
0.0246658325195313 -0.0151405334472656 -0.1319580078125 0.54833984375
0.022186279296875 -0.0125999450683594 0.22991943359375 0.40362548828125
-0.00894927978515625 -0.00211524963378906 0.340057373046875 0.12103271484375
-0.00357532501220703 0.00547981262207031 0.268753051757813 -0.137863159179688
0.0131435394287109 -0.00848388671875 -0.254852294921875 0.047454833984375
0.031494140625 0.0225696563720703 -0.113189697265625 -0.23919677734375
0.0607795715332031 -0.0040283203125 0.28662109375 -0.467681884765625
0.03814697265625 -0.019195556640625 0.7039794921875 -0.195068359375
-0.032958984375 -0.036285400390625 0.59637451171875 0.55633544921875
-0.0237808227539062 -0.0941390991210938 0.0220947265625 0.8780517578125
0.0344619750976563 -0.0653800964355469 -0.2147216796875 0.476898193359375
0.0528106689453125 -0.0860366821289063 0.0762100219726563 -0.119674682617188
-0.00793457031249999 -0.0838623046875 -0.11248779296875 -0.681396484375
-0.0226020812988281 -0.0678253173828125 -0.7056884765625 -0.5201416015625
0.00412178039550781 -0.0343284606933594 -0.70166015625 0.2352294921875
0.0289745330810547 -0.0238456726074219 -0.1591796875 0.550567626953125
0.0367965698242188 -0.0122871398925781 0.205047607421875 0.410125732421875
-0.00239229202270508 0.00757169723510742 0.327362060546875 0.124176025390625
-0.00135898590087891 0.010467529296875 0.260665893554688 -0.1378173828125
0.0144071578979492 -0.00660228729248047 -0.262924194335938 0.0494384765625
0.0328578948974609 0.0297069549560547 -0.148330688476562 -0.234893798828125
0.0660820007324219 -0.0024871826171875 0.2230224609375 -0.484588623046875
0.0365257263183594 -0.0247268676757812 0.66241455078125 -0.26348876953125
-0.0454673767089844 -0.0495147705078125 0.65191650390625 0.471923828125
-0.0383987426757813 -0.132759094238281 0.130615234375 0.8585205078125
0.047637939453125 -0.123634338378906 -0.173614501953125 0.513763427734375
0.0809860229492188 -0.139869689941406 0.07110595703125 -0.0809402465820313
-0.00901031494140626 -0.135780334472656 -0.055908203125 -0.66986083984375
-0.0458984375 -0.09625244140625 -0.64862060546875 -0.58258056640625
-0.0158500671386719 -0.041259765625 -0.735595703125 0.17327880859375
0.0266704559326172 -0.028167724609375 -0.2274169921875 0.54803466796875
0.0471687316894531 -0.0118331909179688 0.14654541015625 0.432159423828125
0.00439071655273438 0.014373779296875 0.306793212890625 0.14215087890625
0.00251483917236328 0.0139636993408203 0.2554931640625 -0.130767822265625
0.0258903503417969 -0.041900634765625 -0.2596435546875 0.096954345703125
-0.00198554992675781 -0.0236186981201172 -0.268295288085938 -0.162124633789063
-0.0297527313232422 -0.00671577453613281 -0.040069580078125 -0.456390380859375
-0.011322021484375 0.0358810424804688 0.417236328125 -0.50714111328125
0.000553131103515623 0.0670700073242188 0.753173828125 0.02349853515625
0.018646240234375 0.0676689147949219 0.537353515625 0.64276123046875
0.037261962890625 0.117507934570313 0.02130126953125 0.64166259765625
-0.00394439697265626 0.115310668945313 0.00424194335937499 0.0906906127929688
0.0263137817382813 0.119537353515625 0.177001953125 -0.567138671875
0.0609817504882813 0.0676765441894531 -0.273193359375 -0.866943359375
0.0154151916503906 0.0474510192871094 -0.76385498046875 -0.264892578125
-0.0334434509277344 0.039642333984375 -0.51702880859375 0.40728759765625
-0.0400047302246094 -0.0166702270507813 -0.0850830078125 0.495147705078125
-0.0158615112304687 -0.0398330688476563 0.228103637695313 0.2335205078125
0.0143508911132813 -0.02362060546875 0.275253295898438 -0.08251953125
0.0234413146972656 -0.0384902954101563 -0.25421142578125 0.088165283203125
-0.00120353698730469 -0.0206851959228516 -0.225616455078125 -0.18487548828125
-0.0240650177001953 -0.00811004638671875 0.0533447265625 -0.476959228515625
-0.00188827514648438 0.0315666198730469 0.517669677734375 -0.453826904296875
0.00621795654296874 0.0654563903808594 0.75164794921875 0.16021728515625
0.0189132690429687 0.0763931274414062 0.4156494140625 0.7318115234375
0.0186004638671875 0.136665344238281 -0.0598144531250001 0.6116943359375
-0.0185317993164063 0.127845764160156 0.0170307159423828 0.0316658020019531
0.0281829833984375 0.12823486328125 0.09832763671875 -0.61724853515625
0.0696754455566406 0.0675048828125 -0.4222412109375 -0.796875
0.0282402038574219 0.0428810119628906 -0.77923583984375 -0.11749267578125
-0.0220890045166016 0.0349025726318359 -0.4156494140625 0.472747802734375
-0.0330829620361328 -0.01806640625 0.015380859375 0.488555908203125
-0.0162162780761719 -0.0400199890136719 0.269805908203125 0.211395263671875
0.0109786987304688 -0.0207672119140625 0.28314208984375 -0.09368896484375
0.0190486907958984 -0.0332069396972656 -0.249343872070312 0.07794189453125
0.00323104858398438 -0.0147943496704102 -0.179855346679688 -0.205398559570312
-0.0103158950805664 -0.00839805603027344 0.148162841796875 -0.483428955078125
0.00943565368652344 0.023895263671875 0.608642578125 -0.3756103515625
0.00458145141601563 0.0562973022460937 0.715087890625 0.30670166015625
0.00869750976562499 0.0734405517578125 0.27117919921875 0.80609130859375
-0.00184631347656249 0.136123657226562 -0.134033203125 0.56964111328125
-0.024505615234375 0.118881225585937 0.0334987640380859 -0.0281658172607422
0.0298843383789063 0.112846374511719 0.0123291015624999 -0.65582275390625
0.0712127685546875 0.050140380859375 -0.55279541015625 -0.706298828125
0.0373802185058594 0.0290031433105469 -0.7662353515625 0.0252685546875001
-0.00839424133300781 0.024932861328125 -0.30712890625 0.515594482421875
-0.0230350494384766 -0.018890380859375 0.109710693359375 0.46783447265625
-0.0167274475097656 -0.0355110168457031 0.30596923828125 0.180816650390625
0.00653457641601562 -0.0156364440917969 0.28472900390625 -0.108673095703125
0.0159416198730469 -0.0253944396972656 -0.245819091796875 0.068695068359375
0.0106134414672852 -0.00639533996582031 -0.140335083007813 -0.220703125
0.00899124145507813 -0.00928306579589844 0.231719970703125 -0.478057861328125
0.0210590362548828 0.0145378112792969 0.6741943359375 -0.28802490234375
-0.00249481201171875 0.0416526794433594 0.660888671875 0.4417724609375
-0.00710296630859375 0.0513763427734375 0.13250732421875 0.8582763671875
-0.015350341796875 0.110092163085937 -0.18963623046875 0.52423095703125
-0.017822265625 0.0869598388671875 0.0503616333007812 -0.0824737548828125
0.0272140502929687 0.0778884887695312 -0.0670166015624999 -0.67803955078125
0.0611724853515625 0.0221710205078125 -0.64984130859375 -0.6099853515625
0.0378913879394531 0.0089569091796875 -0.7318115234375 0.1427001953125
0.00468349456787109 0.0113210678100586 -0.210845947265625 0.537994384765625
-0.00961112976074219 -0.0165071487426758 0.184844970703125 0.4390869140625
-0.0163650512695313 -0.0254764556884766 0.332611083984375 0.150482177734375
0.00126075744628906 -0.00891399383544922 0.281494140625 -0.123291015625
0.0145282745361328 -0.0192070007324219 -0.24322509765625 0.059234619140625
0.0196819305419922 0.00193595886230469 -0.10894775390625 -0.231369018554687
0.0304603576660156 -0.00840187072753906 0.28741455078125 -0.46832275390625
0.0309028625488281 0.0030670166015625 0.7083740234375 -0.21435546875
-0.0136051177978516 0.0179424285888672 0.603759765625 0.53631591796875
-0.0159988403320313 0.0118989944458008 0.0296020507812501 0.8843994140625
-0.00998687744140625 0.0622329711914062 -0.220306396484375 0.486236572265625
-0.000942230224609377 0.0373458862304688 0.0644073486328125 -0.120613098144531
0.0177841186523437 0.0288505554199219 -0.12359619140625 -0.6875
0.0384521484375 -0.008087158203125 -0.70916748046875 -0.53509521484375
0.0327587127685547 -0.00969505310058594 -0.7012939453125 0.2220458984375
0.0168781280517578 -0.00366592407226563 -0.14532470703125 0.544464111328125
0.00654888153076172 -0.0140886306762695 0.22601318359375 0.412078857421875
-0.013798713684082 -0.0141801834106445 0.34161376953125 0.12811279296875
-0.00140929222106934 -0.000881552696228027 0.27325439453125 -0.13421630859375
0.0126724243164063 -0.0127677917480469 -0.247955322265625 0.0548248291015625
0.0271434783935547 0.0130176544189453 -0.103179931640625 -0.23681640625
0.0487327575683594 -0.00730514526367188 0.30401611328125 -0.4635009765625
0.0357475280761719 -0.0091552734375 0.71697998046875 -0.18170166015625
-0.0231876373291016 -0.00910568237304687 0.58428955078125 0.5733642578125
-0.0203323364257812 -0.0401840209960938 -0.00494384765624996 0.88629150390625
0.0112695693969727 -0.000835418701171875 -0.223602294921875 0.46917724609375
0.0244827270507813 -0.0235080718994141 0.0753860473632813 -0.132400512695313
0.00284767150878906 -0.0286006927490234 -0.14068603515625 -0.68670654296875
0.00868606567382813 -0.0393409729003906 -0.72918701171875 -0.49749755859375
0.0203628540039062 -0.0242576599121094 -0.6885986328125 0.25811767578125
0.02545166015625 -0.0157814025878906 -0.125 0.54998779296875
0.0213413238525391 -0.0140743255615234 0.235931396484375 0.4000244140625
-0.00946807861328125 -0.00106716156005859 0.3441162109375 0.117156982421875
-0.00272893905639648 0.00502920150756836 0.267257690429688 -0.141815185546875
0.0134038925170898 -0.00870990753173828 -0.253662109375 0.0508728027343749
0.0323829650878906 0.0227489471435547 -0.116317749023438 -0.238479614257813
0.0606803894042969 -0.00475311279296875 0.281402587890625 -0.47491455078125
0.0373382568359375 -0.0200920104980469 0.70233154296875 -0.2064208984375
-0.0339088439941406 -0.0354156494140625 0.60595703125 0.55023193359375
-0.0251998901367187 -0.0930938720703125 0.0328979492187501 0.88079833984375
0.0333328247070313 -0.0674057006835938 -0.208984375 0.48199462890625
0.0518112182617187 -0.087310791015625 0.0750350952148438 -0.1197509765625
-0.00995635986328126 -0.0847854614257813 -0.119384765625 -0.68359375
-0.0241355895996094 -0.0676307678222656 -0.7149658203125 -0.51446533203125
0.00305366516113281 -0.0341148376464844 -0.70184326171875 0.24591064453125
0.0274925231933594 -0.0251045227050781 -0.152496337890625 0.55426025390625
0.0359153747558594 -0.01318359375 0.209564208984375 0.4080810546875
-0.00266265869140625 0.0087132453918457 0.33123779296875 0.120941162109375
-0.00125694274902344 0.0105867385864258 0.25958251953125 -0.142059326171875
0.0147762298583984 -0.00664710998535156 -0.262863159179688 0.0536041259765625
0.0337123870849609 0.0298061370849609 -0.150985717773438 -0.234649658203125
0.0658988952636719 -0.00345993041992187 0.218017578125 -0.489288330078125
0.0355987548828125 -0.0258560180664063 0.6622314453125 -0.2738037109375
-0.0464553833007813 -0.0492019653320313 0.66082763671875 0.46337890625
-0.0403900146484375 -0.133064270019531 0.14105224609375 0.85870361328125
0.0462799072265625 -0.1248779296875 -0.16815185546875 0.51800537109375
0.079864501953125 -0.141189575195313 0.0706863403320313 -0.0816116333007813
-0.0110702514648438 -0.136344909667969 -0.06329345703125 -0.6707763671875
-0.0483322143554688 -0.0961837768554688 -0.65771484375 -0.57391357421875
-0.0166549682617187 -0.0416030883789063 -0.7364501953125 0.18328857421875
0.0264072418212891 -0.0281829833984375 -0.22259521484375 0.551513671875
0.0468826293945313 -0.0130386352539062 0.151885986328125 0.432281494140625
0.00509071350097656 0.0139741897583008 0.309967041015625 0.13848876953125
0.00317668914794922 0.0146055221557617 0.254608154296875 -0.135269165039063
0.0256767272949219 -0.0423316955566406 -0.259033203125 0.101226806640625
-0.00234222412109375 -0.0226573944091797 -0.270462036132813 -0.158798217773437
-0.0301246643066406 -0.00576019287109375 -0.047271728515625 -0.45709228515625
-0.0112953186035156 0.0362052917480469 0.4093017578125 -0.513519287109375
0.00189590454101563 0.0677375793457031 0.755859375 0.01422119140625
0.020782470703125 0.0680389404296875 0.546875 0.6368408203125
0.038482666015625 0.1168212890625 0.0277099609375001 0.64398193359375
-0.00328826904296875 0.116020202636719 0.0041351318359375 0.0916061401367188
0.027099609375 0.118751525878906 0.17034912109375 -0.56805419921875
0.0621376037597656 0.0672492980957031 -0.28466796875 -0.86456298828125
0.015533447265625 0.0477447509765625 -0.76763916015625 -0.2581787109375
-0.0327262878417969 0.0403671264648438 -0.511993408203125 0.413665771484375
-0.0402183532714844 -0.015472412109375 -0.07952880859375 0.496246337890625
-0.016754150390625 -0.0391349792480469 0.231536865234375 0.231109619140625
0.0139961242675781 -0.0231380462646484 0.275192260742188 -0.087158203125
0.0225067138671875 -0.0396537780761719 -0.25433349609375 0.0926971435546875
-0.00118827819824219 -0.0192279815673828 -0.228485107421875 -0.1815185546875
-0.0247631072998047 -0.00747108459472657 0.046356201171875 -0.479705810546875
-0.00165939331054688 0.0322856903076172 0.51214599609375 -0.462738037109375
0.00749969482421875 0.0644416809082031 0.75244140625 0.14984130859375
0.0209426879882813 0.0764312744140625 0.4259033203125 0.72735595703125
0.0209274291992188 0.13690185546875 -0.0519409179687499 0.61273193359375
-0.0177764892578125 0.128654479980469 0.0176181793212891 0.0325851440429688
0.0298843383789063 0.127479553222656 0.09149169921875 -0.61700439453125
0.07049560546875 0.06634521484375 -0.43267822265625 -0.7926025390625
0.0293312072753906 0.0422096252441406 -0.7828369140625 -0.1072998046875
-0.020751953125 0.0356101989746094 -0.4112548828125 0.476654052734375
-0.0346050262451172 -0.0176677703857422 0.01983642578125 0.489654541015625
-0.0171241760253906 -0.0391654968261719 0.274322509765625 0.20660400390625
0.0110588073730469 -0.0212421417236328 0.28155517578125 -0.0980224609375
0.0189456939697266 -0.0339088439941406 -0.2489013671875 0.082916259765625
0.00371265411376953 -0.0141944885253906 -0.182479858398437 -0.201980590820313
-0.0101528167724609 -0.00827693939208984 0.142913818359375 -0.48681640625
0.0107650756835937 0.0235767364501953 0.60516357421875 -0.38494873046875
0.00555038452148437 0.0571098327636719 0.72039794921875 0.2977294921875
0.00939941406250001 0.073272705078125 0.28228759765625 0.80609130859375
-0.000831604003906239 0.136253356933594 -0.12725830078125 0.57293701171875
-0.0224685668945313 0.118637084960937 0.0334205627441406 -0.0276832580566406
0.0313491821289062 0.113243103027344 0.00445556640625006 -0.6568603515625
0.0721054077148438 0.0494003295898438 -0.56341552734375 -0.6993408203125
0.0366592407226563 0.0281333923339844 -0.7666015625 0.03533935546875
-0.00848960876464844 0.0248565673828125 -0.299163818359375 0.519317626953125
-0.024017333984375 -0.0178356170654297 0.1151123046875 0.466064453125
-0.0164165496826172 -0.0345897674560547 0.3096923828125 0.176605224609375
0.00536918640136719 -0.0157814025878906 0.284332275390625 -0.11273193359375
0.0158882141113281 -0.0263385772705078 -0.245376586914062 0.0723876953125
0.0102577209472656 -0.00579261779785156 -0.142227172851563 -0.218765258789063
0.00790977478027344 -0.00949478149414063 0.224639892578125 -0.4844970703125
0.0203876495361328 0.0132961273193359 0.67095947265625 -0.298583984375
-0.00185012817382813 0.0417823791503906 0.66534423828125 0.431640625
-0.00564956665039062 0.0519142150878906 0.1422119140625 0.85882568359375
-0.0135116577148438 0.110527038574219 -0.18414306640625 0.526214599609375
-0.0173721313476563 0.0871429443359375 0.04913330078125 -0.0827255249023438
0.028533935546875 0.0774307250976563 -0.0745239257812499 -0.67877197265625
0.0616111755371094 0.0219459533691406 -0.6590576171875 -0.6024169921875
0.038116455078125 0.0084381103515625 -0.7313232421875 0.1534423828125
0.004364013671875 0.0105762481689453 -0.202423095703125 0.541015625
-0.00992488861083984 -0.0159816741943359 0.190338134765625 0.4356689453125
-0.0168056488037109 -0.0247383117675781 0.33453369140625 0.14678955078125
0.00107145309448242 -0.0087738037109375 0.280410766601563 -0.127883911132813
0.0149250030517578 -0.0187206268310547 -0.242630004882813 0.063690185546875
0.0204067230224609 0.00244903564453125 -0.112701416015625 -0.230636596679687
0.0288639068603516 -0.00879096984863281 0.28076171875 -0.473907470703125
0.0303974151611328 0.00205421447753906 0.70721435546875 -0.22454833984375
-0.0135040283203125 0.0186443328857422 0.61163330078125 0.5299072265625
-0.0162773132324219 0.0125274658203125 0.0391235351562501 0.88555908203125
-0.00910186767578125 0.0607872009277344 -0.214263916015625 0.49078369140625
-0.000408172607421873 0.0370254516601562 0.0622024536132813 -0.119155883789063
0.0178775787353516 0.0282783508300781 -0.13037109375 -0.68634033203125
0.038330078125 -0.0084381103515625 -0.718017578125 -0.52593994140625
0.0322475433349609 -0.0105133056640625 -0.70037841796875 0.232666015625
0.0163364410400391 -0.00401210784912109 -0.138824462890625 0.5482177734375
0.00634002685546875 -0.0150995254516602 0.231536865234375 0.41021728515625
-0.0136203765869141 -0.0138072967529297 0.344940185546875 0.123199462890625
-0.00100827217102051 3.43918800354003E-05 0.271942138671875 -0.138992309570313
0.0130558013916016 -0.0140132904052734 -0.247817993164063 0.0592193603515625
0.0279083251953125 0.0137577056884766 -0.106552124023438 -0.235488891601563
0.0480613708496094 -0.00699996948242187 0.29815673828125 -0.4698486328125
0.0353279113769531 -0.00962066650390625 0.7161865234375 -0.19073486328125
-0.0229072570800781 -0.00846672058105468 0.59375 0.56732177734375
-0.0206680297851562 -0.0403556823730469 0.00653076171874993 0.88897705078125
0.0106000900268555 -0.00124073028564453 -0.2174072265625 0.473297119140625
0.0232181549072266 -0.0239295959472656 0.073272705078125 -0.131904602050781
0.00247383117675781 -0.0282001495361328 -0.15057373046875 -0.686767578125
0.00782012939453125 -0.0395965576171875 -0.73602294921875 -0.4896240234375
0.0204353332519531 -0.0249881744384766 -0.6865234375 0.26812744140625
0.0243129730224609 -0.0164833068847656 -0.117340087890625 0.551177978515625
0.0213432312011719 -0.0136547088623047 0.241119384765625 0.39739990234375
-0.00915718078613281 -0.000660896301269532 0.344573974609375 0.1121826171875
-0.0030670166015625 0.00554609298706055 0.265975952148438 -0.14599609375
0.013392448425293 -0.00845527648925781 -0.254287719726563 0.0566558837890625
0.0328998565673828 0.0231971740722656 -0.120361328125 -0.237228393554688
0.0599327087402344 -0.0052032470703125 0.275115966796875 -0.4796142578125
0.0363693237304688 -0.0199966430664062 0.70037841796875 -0.21636962890625
-0.0342121124267578 -0.0351047515869141 0.6143798828125 0.5423583984375
-0.0254364013671875 -0.0935897827148438 0.0451660156250001 0.88262939453125
0.033111572265625 -0.0680427551269531 -0.203521728515625 0.48431396484375
0.0503158569335938 -0.0876235961914062 0.0742645263671875 -0.120460510253906
-0.01123046875 -0.0843124389648438 -0.129150390625 -0.681640625
-0.0244064331054688 -0.0671958923339844 -0.72296142578125 -0.50286865234375
0.00301361083984375 -0.0344791412353516 -0.7010498046875 0.2548828125
0.0275650024414062 -0.0251674652099609 -0.1453857421875 0.557647705078125
0.0359840393066406 -0.0131454467773438 0.21575927734375 0.4056396484375
-0.00181674957275391 0.00961685180664063 0.3336181640625 0.115447998046875
1.90734863281133E-06 0.0109014511108398 0.257568359375 -0.146148681640625
0.0148277282714844 -0.00744533538818359 -0.262832641601563 0.057830810546875
0.0348186492919922 0.0299644470214844 -0.154434204101563 -0.23223876953125
0.0659294128417969 -0.00407791137695313 0.211151123046875 -0.493133544921875
0.0348949432373047 -0.0262889862060547 0.65777587890625 -0.28302001953125
-0.0466575622558594 -0.0492706298828125 0.6680908203125 0.45770263671875
-0.0422515869140625 -0.132698059082031 0.15289306640625 0.85784912109375
0.0457000732421875 -0.125885009765625 -0.160888671875 0.52081298828125
0.0782318115234375 -0.142364501953125 0.0695037841796875 -0.0827560424804688
-0.0131454467773438 -0.13641357421875 -0.072021484375 -0.669921875
-0.0500946044921875 -0.0951461791992188 -0.66766357421875 -0.56573486328125
-0.0174751281738281 -0.0420799255371094 -0.73468017578125 0.1937255859375
0.0259876251220703 -0.0290775299072266 -0.214752197265625 0.55615234375
0.0464439392089844 -0.012420654296875 0.158538818359375 0.42987060546875
0.00518417358398437 0.0149650573730469 0.31353759765625 0.1336669921875
0.00377559661865234 0.0136470794677734 0.2530517578125 -0.140151977539063
0.0244865417480469 -0.0430374145507813 -0.257858276367188 0.105361938476563
-0.00294303894042969 -0.0220890045166016 -0.271575927734375 -0.153564453125
-0.0312671661376953 -0.00569915771484375 -0.053802490234375 -0.4564208984375
-0.0112266540527344 0.0366783142089844 0.40228271484375 -0.519989013671875
0.002716064453125 0.0674858093261719 0.75482177734375 0.00177001953125
0.0224037170410156 0.0679550170898437 0.5555419921875 0.62945556640625
0.0412826538085938 0.115287780761719 0.037841796875 0.642333984375
-0.00222015380859376 0.114875793457031 0.00527191162109375 0.0925216674804688
0.02838134765625 0.118255615234375 0.16363525390625 -0.5704345703125
0.06207275390625 0.066375732421875 -0.295654296875 -0.8609619140625
0.0167503356933594 0.047210693359375 -0.77203369140625 -0.24725341796875
-0.032257080078125 0.0405120849609375 -0.506500244140625 0.41900634765625
-0.0409355163574219 -0.0151100158691406 -0.0728759765625 0.49749755859375
-0.0188560485839844 -0.0391311645507813 0.235214233398438 0.227493286132813
0.0123538970947266 -0.0240898132324219 0.274139404296875 -0.090545654296875
0.0213699340820312 -0.0393562316894531 -0.252151489257813 0.0968475341796876
-0.00175285339355469 -0.0195884704589844 -0.231460571289063 -0.176971435546875
-0.0251941680908203 -0.00641441345214844 0.039459228515625 -0.4803466796875
-0.00217247009277344 0.0314216613769531 0.50616455078125 -0.469482421875
0.00862121582031251 0.0652618408203125 0.75384521484375 0.13720703125
0.022430419921875 0.0764541625976563 0.435546875 0.72265625
0.0231857299804687 0.136405944824219 -0.04412841796875 0.61407470703125
-0.016632080078125 0.127861022949219 0.0176906585693359 0.0329837799072266
0.0311050415039063 0.126785278320313 0.0829467773437499 -0.6185302734375
0.0711212158203125 0.0649490356445313 -0.44378662109375 -0.7860107421875
0.029632568359375 0.0424728393554688 -0.78448486328125 -0.0979003906249998
-0.0208816528320313 0.0352363586425781 -0.404327392578125 0.481964111328125
-0.0349082946777344 -0.0166282653808594 0.026031494140625 0.489105224609375
-0.0178604125976563 -0.0386924743652344 0.27679443359375 0.202804565429688
0.0106468200683594 -0.0212497711181641 0.279144287109375 -0.102462768554688
0.0179176330566406 -0.0337104797363281 -0.247055053710938 0.0873870849609375
0.00246620178222656 -0.0134658813476562 -0.185577392578125 -0.198928833007812
-0.0120687484741211 -0.0082550048828125 0.134185791015625 -0.48846435546875
0.00881004333496094 0.0233058929443359 0.59765625 -0.39227294921875
0.006561279296875 0.0570831298828125 0.72430419921875 0.28802490234375
0.0109634399414063 0.0732269287109375 0.2923583984375 0.80224609375
0.00182342529296875 0.135238647460938 -0.11846923828125 0.57452392578125
-0.0213699340820313 0.118583679199219 0.0327129364013672 -0.0276527404785156
0.033294677734375 0.111824035644531 -0.00408935546875003 -0.6529541015625
0.0728912353515625 0.0483474731445313 -0.57232666015625 -0.6915283203125
0.0375518798828125 0.0273208618164063 -0.765869140625 0.0455322265625001
-0.00764274597167969 0.0253276824951172 -0.292938232421875 0.522369384765625
-0.0242137908935547 -0.0164070129394531 0.12103271484375 0.464935302734375
-0.0181560516357422 -0.0341510772705078 0.31146240234375 0.17193603515625
0.00547122955322266 -0.0160856246948242 0.282073974609375 -0.117584228515625
0.0153903961181641 -0.0263633728027344 -0.244522094726563 0.0771484375
0.00959587097167969 -0.00521183013916016 -0.145523071289062 -0.215957641601563
0.00750637054443359 -0.00917530059814453 0.219146728515625 -0.48773193359375
0.0199089050292969 0.0135440826416016 0.6654052734375 -0.30743408203125
-0.001251220703125 0.0420646667480469 0.67083740234375 0.42352294921875
-0.00476837158203125 0.0522994995117188 0.155029296875 0.85711669921875
-0.0118026733398438 0.110923767089844 -0.1766357421875 0.529022216796875
-0.01641845703125 0.0869522094726563 0.04779052734375 -0.0816802978515625
0.0295639038085937 0.0768661499023438 -0.08465576171875 -0.6778564453125
0.0618667602539063 0.0206108093261719 -0.66766357421875 -0.5926513671875
0.03839111328125 0.0077056884765625 -0.729736328125 0.1614990234375
0.0052194595336914 0.0108871459960938 -0.19561767578125 0.54376220703125
-0.0100650787353516 -0.0168600082397461 0.195159912109375 0.433258056640625
-0.0173110961914063 -0.0242958068847656 0.33642578125 0.141082763671875
0.000538349151611328 -0.00842189788818359 0.278579711914063 -0.1318359375
0.0153903961181641 -0.0198211669921875 -0.242324829101563 0.0679779052734375
0.0194091796875 0.00217247009277344 -0.116012573242188 -0.228073120117188
0.0295829772949219 -0.00851631164550781 0.2742919921875 -0.47906494140625
0.0293922424316406 0.001983642578125 0.70257568359375 -0.234375
-0.0128631591796875 0.0181999206542969 0.6187744140625 0.52227783203125
-0.0161371231079102 0.012669563293457 0.0512695312500001 0.88543701171875
-0.00780487060546875 0.0615921020507812 -0.207550048828125 0.49200439453125
-0.000617980957031251 0.0365829467773437 0.0613555908203125 -0.119697570800781
0.0180702209472656 0.0268707275390625 -0.14190673828125 -0.683837890625
0.0388031005859375 -0.0098114013671875 -0.725341796875 -0.516357421875
0.0324058532714844 -0.0107021331787109 -0.6968994140625 0.23992919921875
0.0170269012451172 -0.00411033630371094 -0.132598876953125 0.54925537109375
0.00578403472900391 -0.014622688293457 0.23828125 0.4056396484375
-0.0148220062255859 -0.0123786926269531 0.346893310546875 0.11700439453125
-0.000863790512084961 -0.000338077545166016 0.269699096679688 -0.14276123046875
0.0131168365478516 -0.0139360427856445 -0.246734619140625 0.063140869140625
0.0281581878662109 0.0141963958740234 -0.108779907226563 -0.233642578125
0.0480422973632813 -0.00740814208984375 0.291656494140625 -0.475067138671875
0.0336837768554688 -0.0106048583984375 0.71185302734375 -0.20098876953125
-0.0232028961181641 -0.00802230834960937 0.6009521484375 0.5587158203125
-0.0214500427246094 -0.0400924682617188 0.016845703125 0.88671875
0.0117578506469727 -0.00207996368408203 -0.212371826171875 0.4747314453125
0.0233516693115234 -0.0244064331054688 0.0721282958984375 -0.13275146484375
0.00165176391601562 -0.0284461975097656 -0.1573486328125 -0.68212890625
0.00683975219726563 -0.0395469665527344 -0.74298095703125 -0.47760009765625
0.0196437835693359 -0.0254707336425781 -0.6827392578125 0.2769775390625
0.0243930816650391 -0.0171833038330078 -0.1107177734375 0.552825927734375
0.0203914642333984 -0.0133247375488281 0.24737548828125 0.393798828125
-0.00927639007568359 0.000287055969238282 0.346893310546875 0.1068115234375
-0.00250911712646484 0.00550699234008789 0.263839721679688 -0.149932861328125
0.0130844116210938 -0.00956344604492188 -0.25347900390625 0.0612335205078125
0.0333709716796875 0.0233745574951172 -0.122772216796875 -0.235183715820312
0.0599555969238281 -0.00634384155273438 0.268280029296875 -0.48345947265625
0.0358963012695313 -0.0198287963867188 0.69683837890625 -0.22705078125
-0.0352134704589844 -0.0345649719238281 0.6219482421875 0.5333251953125
-0.0276260375976563 -0.0934524536132813 0.05767822265625 0.88134765625
0.0326347351074219 -0.0685157775878906 -0.19635009765625 0.4869384765625
0.048980712890625 -0.0879135131835937 0.0721206665039063 -0.119483947753906
-0.0125732421875 -0.0847702026367188 -0.1368408203125 -0.67889404296875
-0.0269088745117188 -0.0671730041503906 -0.72808837890625 -0.4951171875
0.0022125244140625 -0.0353279113769531 -0.69757080078125 0.266357421875
0.0287952423095703 -0.0262527465820313 -0.135528564453125 0.55712890625
0.0353164672851563 -0.013671875 0.2225341796875 0.40264892578125
-0.00225257873535156 0.00991630554199219 0.335479736328125 0.11102294921875
0.000144958496093749 0.0107669830322266 0.256072998046875 -0.149948120117188
0.0150728225708008 -0.00749874114990234 -0.262100219726562 0.062835693359375
0.0361289978027344 0.0300750732421875 -0.157028198242187 -0.229660034179687
0.0661888122558594 -0.00421524047851562 0.203155517578125 -0.4954833984375
0.0336933135986328 -0.0268459320068359 0.65386962890625 -0.29180908203125
-0.0470428466796875 -0.0478935241699219 0.673828125 0.44696044921875
-0.043792724609375 -0.132011413574219 0.16339111328125 0.8560791015625
0.0429840087890625 -0.1270751953125 -0.156219482421875 0.5223388671875
0.0760040283203125 -0.143569946289063 0.0689926147460938 -0.0818710327148438
-0.014862060546875 -0.136222839355469 -0.079833984375 -0.66796875
-0.051910400390625 -0.0947723388671875 -0.67498779296875 -0.556640625
-0.0177841186523437 -0.040924072265625 -0.73126220703125 0.20269775390625
0.0256538391113281 -0.0298862457275391 -0.20684814453125 0.55816650390625
0.0464401245117188 -0.0134086608886719 0.16485595703125 0.427734375
0.00576400756835938 0.0152673721313477 0.315155029296875 0.129730224609375
0.00442981719970703 0.0131378173828125 0.250564575195313 -0.143157958984375
0.0237579345703125 -0.0438575744628906 -0.255722045898438 0.110076904296875
-0.00346565246582031 -0.0217399597167969 -0.272933959960937 -0.148788452148438
-0.0310630798339844 -0.00485038757324219 -0.058929443359375 -0.4559326171875
-0.0117378234863281 0.0375556945800781 0.39532470703125 -0.52252197265625
0.00408172607421875 0.0685310363769531 0.75341796875 -0.0084228515625
0.023529052734375 0.0680046081542969 0.5621337890625 0.6217041015625
0.043182373046875 0.114456176757813 0.0462646484375 0.640869140625
-0.00129699707031251 0.115036010742187 0.00689697265625 0.0930862426757813
0.0296249389648438 0.118377685546875 0.156494140625 -0.56915283203125
0.0627708435058594 0.0654792785644531 -0.30413818359375 -0.85491943359375
0.0173225402832031 0.0475807189941406 -0.77435302734375 -0.239501953125
-0.0316810607910156 0.0403633117675781 -0.50006103515625 0.4246826171875
-0.0414047241210937 -0.0141334533691406 -0.0657043457031251 0.49700927734375
-0.0197792053222656 -0.0379409790039062 0.238357543945312 0.224273681640625
0.0130863189697266 -0.0239677429199219 0.272109985351562 -0.095184326171875
0.020355224609375 -0.0401763916015625 -0.250015258789063 0.10137939453125
-0.00149726867675781 -0.0187797546386719 -0.232192993164062 -0.17236328125
-0.0250930786132812 -0.00617790222167969 0.032867431640625 -0.480926513671875
-0.00173759460449218 0.0311470031738281 0.497802734375 -0.476348876953125
0.00942230224609376 0.0651092529296875 0.7545166015625 0.1278076171875
0.0231857299804688 0.076629638671875 0.4443359375 0.7149658203125
0.0249404907226563 0.135421752929688 -0.0362548828125 0.61407470703125
-0.0155029296875 0.127792358398438 0.0176582336425781 0.0337944030761719
0.0327835083007813 0.127090454101563 0.0747070312499999 -0.61724853515625
0.0722427368164063 0.0645523071289062 -0.4512939453125 -0.77874755859375
0.030242919921875 0.0429878234863281 -0.78411865234375 -0.0892333984375
-0.0193557739257813 0.0352859497070313 -0.396759033203125 0.485870361328125
-0.0354423522949219 -0.0157356262207031 0.0322265625 0.487030029296875
-0.018463134765625 -0.0373992919921875 0.278289794921875 0.19830322265625
0.0100879669189453 -0.0216846466064453 0.278152465820313 -0.106719970703125
0.0182609558105469 -0.0345630645751953 -0.244873046875 0.0923004150390625
0.00322055816650391 -0.013340950012207 -0.187026977539063 -0.195587158203125
-0.0122776031494141 -0.00766563415527344 0.128326416015625 -0.491485595703125
0.00897598266601563 0.02325439453125 0.5919189453125 -0.3997802734375
0.00786590576171875 0.0573348999023438 0.7269287109375 0.27801513671875
0.0117034912109375 0.0731887817382812 0.3021240234375 0.79608154296875
0.0035247802734375 0.135139465332031 -0.1123046875 0.5753173828125
-0.0202789306640625 0.118293762207031 0.0319309234619141 -0.0278759002685547
0.0353622436523438 0.111358642578125 -0.01165771484375 -0.65142822265625
0.0727691650390625 0.046539306640625 -0.58001708984375 -0.68408203125
0.0376396179199219 0.0271873474121094 -0.7640380859375 0.0541381835937498
-0.00713920593261719 0.0248069763183594 -0.286163330078125 0.523712158203125
-0.0242938995361328 -0.0168609619140625 0.1280517578125 0.461822509765625
-0.0192794799804688 -0.0336894989013672 0.313232421875 0.16802978515625
0.00589466094970703 -0.0155010223388672 0.279281616210937 -0.121810913085937
0.015045166015625 -0.0273551940917969 -0.242172241210938 0.0819549560546875
0.0109786987304688 -0.00490188598632813 -0.14703369140625 -0.2132568359375
0.0076899528503418 -0.00866842269897461 0.21124267578125 -0.490142822265625
0.0191688537597656 0.0129184722900391 0.66015625 -0.31671142578125
-0.000595092773437499 0.0415840148925781 0.6756591796875 0.414306640625
-0.00387191772460937 0.0522575378417969 0.1649169921875 0.85345458984375
-0.010284423828125 0.110244750976563 -0.1702880859375 0.530364990234375
-0.0161819458007812 0.0868072509765625 0.0461959838867188 -0.0811233520507812
0.0307998657226562 0.0757293701171875 -0.0921630859375 -0.6717529296875
0.0621833801269531 0.0195732116699219 -0.67401123046875 -0.58428955078125
0.0382003784179688 0.00765609741210938 -0.7266845703125 0.170654296875
0.00561046600341797 0.0107889175415039 -0.186126708984375 0.54351806640625
-0.0104942321777344 -0.0156822204589844 0.20245361328125 0.429290771484375
-0.0176410675048828 -0.0240879058837891 0.337371826171875 0.13653564453125
0.0018162727355957 -0.0082545280456543 0.276458740234375 -0.135574340820313
0.014617919921875 -0.0195331573486328 -0.240249633789063 0.0716552734375
0.0208473205566406 0.00189018249511719 -0.118453979492187 -0.225967407226563
0.0292453765869141 -0.00814247131347656 0.26617431640625 -0.482025146484375
0.0293331146240234 0.00237083435058594 0.69781494140625 -0.24395751953125
-0.0123805999755859 0.0190639495849609 0.62457275390625 0.51239013671875
-0.0156955718994141 0.013218879699707 0.06292724609375 0.884765625
-0.00679397583007813 0.0615348815917969 -0.200653076171875 0.495330810546875
-0.000911712646484371 0.0361099243164062 0.0600433349609375 -0.119384765625
0.0185508728027344 0.0278339385986328 -0.1497802734375 -0.67901611328125
0.0377197265625 -0.0105094909667969 -0.7310791015625 -0.50433349609375
0.0329914093017578 -0.0116119384765625 -0.69195556640625 0.249267578125
0.0162525177001953 -0.0041046142578125 -0.1243896484375 0.54864501953125
0.00530338287353516 -0.0142078399658203 0.24249267578125 0.401763916015625
-0.014561653137207 -0.0119295120239258 0.347442626953125 0.111846923828125
-0.000936508178710938 -0.000805497169494629 0.266845703125 -0.146636962890625
0.0133199691772461 -0.0144863128662109 -0.2454833984375 0.0675506591796875
0.0288200378417969 0.0136756896972656 -0.1121826171875 -0.231414794921875
0.047943115234375 -0.00848388671875 0.28277587890625 -0.47760009765625
0.0336799621582031 -0.0120582580566406 0.7081298828125 -0.20916748046875
-0.0234947204589844 -0.00739860534667969 0.60650634765625 0.5478515625
-0.0215873718261719 -0.0392494201660156 0.03009033203125 0.88714599609375
0.0119047164916992 -0.00226974487304688 -0.20550537109375 0.476898193359375
0.0227317810058594 -0.0246601104736328 0.0700836181640625 -0.131851196289063
0.0013427734375 -0.0285472869873047 -0.166259765625 -0.67803955078125
0.00600051879882812 -0.0401344299316406 -0.7484130859375 -0.466552734375
0.0199508666992188 -0.02587890625 -0.67864990234375 0.28515625
0.0247421264648437 -0.0169143676757813 -0.101043701171875 0.553070068359375
0.0205039978027344 -0.0135593414306641 0.2513427734375 0.389678955078125
-0.0089569091796875 0.00101280212402344 0.348175048828125 0.101104736328125
-0.00182723999023437 0.00553798675537109 0.260772705078125 -0.153305053710938
0.0139636993408203 -0.0104904174804688 -0.251480102539062 0.065093994140625
0.0352592468261719 0.022552490234375 -0.125152587890625 -0.233627319335937
0.0604133605957031 -0.00701904296875 0.260284423828125 -0.486175537109375
0.035186767578125 -0.021453857421875 0.69219970703125 -0.2362060546875
-0.0351753234863281 -0.0323104858398438 0.627685546875 0.52496337890625
-0.0277633666992187 -0.0919723510742188 0.06622314453125 0.8802490234375
0.0320396423339844 -0.0694313049316406 -0.18951416015625 0.486968994140625
0.0476837158203125 -0.08880615234375 0.0706787109375 -0.11993408203125
-0.0140914916992187 -0.084228515625 -0.14569091796875 -0.6751708984375
-0.0274658203125 -0.066436767578125 -0.73431396484375 -0.48394775390625
0.00103759765625 -0.035247802734375 -0.693115234375 0.27410888671875
0.0274543762207031 -0.0263042449951172 -0.129974365234375 0.557037353515625
0.0353813171386719 -0.0130767822265625 0.2271728515625 0.397857666015625
-0.00144004821777344 0.0107460021972656 0.336700439453125 0.105438232421875
0.000484466552734374 0.0110063552856445 0.2532958984375 -0.152252197265625
0.0154581069946289 -0.00840473175048828 -0.259780883789063 0.066650390625
0.0363731384277344 0.0299453735351563 -0.159805297851562 -0.226730346679688
0.0661544799804688 -0.00506591796875 0.194610595703125 -0.4989013671875
0.0323734283447266 -0.0274314880371094 0.64794921875 -0.29998779296875
-0.0481376647949219 -0.0470314025878906 0.67730712890625 0.43804931640625
-0.0451736450195313 -0.13116455078125 0.17364501953125 0.85400390625
0.0424118041992188 -0.127403259277344 -0.14715576171875 0.522796630859375
0.0730438232421875 -0.1436767578125 0.0681686401367188 -0.0818405151367188
-0.0175552368164063 -0.135391235351563 -0.0883178710937501 -0.66510009765625
-0.0525588989257813 -0.0939559936523438 -0.67999267578125 -0.5477294921875
-0.0191726684570313 -0.0415191650390625 -0.72894287109375 0.2122802734375
0.0247554779052734 -0.0301494598388672 -0.200531005859375 0.561126708984375
0.0464401245117188 -0.0138511657714844 0.170196533203125 0.423858642578125
0.00593090057373047 0.0160465240478516 0.316986083984375 0.12506103515625
0.00455474853515625 0.0132284164428711 0.24847412109375 -0.146591186523438
0.0235443115234375 -0.0439567565917969 -0.25408935546875 0.113540649414062
-0.00336265563964844 -0.0219993591308594 -0.27362060546875 -0.14276123046875
-0.0319862365722656 -0.00445365905761719 -0.066162109375 -0.452728271484375
-0.01190185546875 0.0371971130371094 0.385894775390625 -0.527069091796875
0.00523757934570313 0.0677947998046875 0.75079345703125 -0.01690673828125
0.0244483947753906 0.0682182312011719 0.5682373046875 0.61273193359375
0.04486083984375 0.113670349121094 0.05450439453125 0.639892578125
-0.000251770019531241 0.113494873046875 0.006988525390625 0.0932693481445313
0.0321197509765625 0.116371154785156 0.14886474609375 -0.568359375
0.0622291564941406 0.0648994445800781 -0.31414794921875 -0.84918212890625
0.0182151794433594 0.0469627380371094 -0.77386474609375 -0.23114013671875
-0.030029296875 0.0411033630371094 -0.493011474609375 0.429290771484375
-0.0425758361816406 -0.0136070251464844 -0.061553955078125 0.496795654296875
-0.0201187133789062 -0.0375328063964844 0.240814208984375 0.219833374023438
0.0124607086181641 -0.0233707427978516 0.2694091796875 -0.0984649658203125
0.0196647644042969 -0.0405540466308594 -0.248062133789063 0.105148315429687
-0.00222015380859375 -0.0183563232421875 -0.233062744140625 -0.168487548828125
-0.0256996154785156 -0.005828857421875 0.0267333984375 -0.478668212890625
-0.00238227844238281 0.0311222076416016 0.49029541015625 -0.48114013671875
0.0108299255371094 0.0644111633300781 0.75543212890625 0.1181640625
0.0249404907226563 0.0757598876953125 0.4515380859375 0.70977783203125
0.0271987915039063 0.1346435546875 -0.0284423828125 0.6134033203125
-0.0136947631835937 0.126930236816406 0.0179519653320312 0.0340652465820313
0.03399658203125 0.124954223632813 0.0684204101562501 -0.6141357421875
0.07208251953125 0.0627822875976563 -0.459716796875 -0.77032470703125
0.0300369262695313 0.0417327880859375 -0.78216552734375 -0.0804443359375
-0.0188980102539062 0.0358352661132813 -0.388275146484375 0.48797607421875
-0.0354461669921875 -0.0149154663085937 0.039276123046875 0.483978271484375
-0.0191268920898438 -0.0378341674804688 0.280868530273438 0.194366455078125
0.00995063781738281 -0.0215663909912109 0.275482177734375 -0.110687255859375
0.0173130035400391 -0.0347461700439453 -0.242965698242187 0.094970703125
0.0028524398803711 -0.0128402709960938 -0.188385009765625 -0.191558837890625
-0.0123653411865234 -0.00757598876953125 0.121734619140625 -0.492218017578125
0.00825691223144531 0.0233631134033203 0.58349609375 -0.40826416015625
0.00878143310546875 0.0564918518066406 0.72821044921875 0.26666259765625
0.0132369995117187 0.0723648071289062 0.3096923828125 0.79144287109375
0.00603485107421874 0.134552001953125 -0.10546875 0.57501220703125
-0.0198211669921875 0.117874145507813 0.0307998657226563 -0.0269660949707031
0.0366439819335937 0.110122680664063 -0.01898193359375 -0.64874267578125
0.0723037719726563 0.0458145141601563 -0.587890625 -0.67431640625
0.0380592346191406 0.0258331298828125 -0.76080322265625 0.0625610351562501
-0.00633811950683594 0.0248508453369141 -0.279541015625 0.526824951171875
-0.0251026153564453 -0.0161037445068359 0.1317138671875 0.45892333984375
-0.0190315246582031 -0.0321578979492188 0.315643310546875 0.16241455078125
0.00574302673339844 -0.0156335830688477 0.276077270507812 -0.1248779296875
0.0159435272216797 -0.02716064453125 -0.240463256835938 0.0857086181640625
0.0116844177246094 -0.00439071655273438 -0.148239135742188 -0.210342407226562
0.00641250610351562 -0.00872373580932617 0.20477294921875 -0.49139404296875
0.0197257995605469 0.0132732391357422 0.65338134765625 -0.32452392578125
0.000518798828125004 0.042022705078125 0.6778564453125 0.40325927734375
-0.00272369384765625 0.0525894165039063 0.17431640625 0.84881591796875
-0.00816345214843749 0.108863830566406 -0.163299560546875 0.530731201171875
-0.0158309936523437 0.0868988037109375 0.0457229614257813 -0.080841064453125
0.0322341918945312 0.0745010375976563 -0.10028076171875 -0.66986083984375
0.06109619140625 0.0195236206054688 -0.68035888671875 -0.57403564453125
0.037933349609375 0.00672149658203125 -0.72265625 0.17816162109375
0.00584506988525391 0.0106410980224609 -0.179656982421875 0.5452880859375
-0.011286735534668 -0.0147609710693359 0.205718994140625 0.425445556640625
-0.0184040069580078 -0.0227031707763672 0.33892822265625 0.131256103515625
0.000597000122070312 -0.00820016860961914 0.272933959960938 -0.138809204101563
0.0150070190429688 -0.0200347900390625 -0.2379150390625 0.0760955810546875
0.0210380554199219 0.00279617309570313 -0.119430541992188 -0.22308349609375
0.0286159515380859 -0.00888824462890625 0.259490966796875 -0.482513427734375
0.0282249450683594 0.000774383544921875 0.69073486328125 -0.25244140625
-0.0118293762207031 0.0197792053222656 0.6280517578125 0.50372314453125
-0.0150308609008789 0.0137834548950195 0.0738525390625 0.88153076171875
-0.00526428222656249 0.0613861083984375 -0.19378662109375 0.495391845703125
-0.000820159912109378 0.0364723205566406 0.0581130981445313 -0.118362426757813
0.0195274353027344 0.0271472930908203 -0.15704345703125 -0.6749267578125
0.0375785827636719 -0.0111579895019531 -0.73358154296875 -0.493896484375
0.0316658020019531 -0.0120124816894531 -0.68804931640625 0.2567138671875
0.0166492462158203 -0.00505828857421875 -0.116302490234375 0.547882080078125
0.00542354583740234 -0.0137014389038086 0.2471923828125 0.396240234375
-0.0143642425537109 -0.0116777420043945 0.347869873046875 0.10772705078125
7.76052474975586E-05 -0.000314801931381226 0.263397216796875 -0.150665283203125
0.0122823715209961 -0.0144567489624023 -0.241943359375 0.0719909667968749
0.0294589996337891 0.0142860412597656 -0.113128662109375 -0.229049682617187
0.0467681884765625 -0.008209228515625 0.275970458984375 -0.48199462890625
0.0323638916015625 -0.0103340148925781 0.7020263671875 -0.21966552734375
-0.0228900909423828 -0.00614356994628906 0.611083984375 0.5404052734375
-0.0216560363769531 -0.0389022827148438 0.0388183593749999 0.883544921875
0.0118122100830078 -0.00295543670654297 -0.199432373046875 0.47808837890625
0.0218887329101562 -0.0259017944335937 0.0686416625976563 -0.132057189941406
0.000921249389648434 -0.0286445617675781 -0.17144775390625 -0.67236328125
0.0052490234375 -0.0392684936523438 -0.75140380859375 -0.45526123046875
0.0189723968505859 -0.0266532897949219 -0.6732177734375 0.293701171875
0.024139404296875 -0.0177745819091797 -0.095947265625 0.552459716796875
0.0207099914550781 -0.0134391784667969 0.25537109375 0.3837890625
-0.00980758666992188 0.00149154663085938 0.349456787109375 0.09564208984375
-0.0013585090637207 0.00549602508544922 0.257186889648437 -0.157272338867187
0.0134897232055664 -0.0103158950805664 -0.248626708984375 0.0685882568359375
0.0360107421875 0.0237236022949219 -0.127426147460938 -0.230316162109375
0.0603828430175781 -0.00723648071289063 0.252716064453125 -0.48944091796875
0.0338611602783203 -0.0209541320800781 0.68511962890625 -0.24285888671875
-0.0358772277832031 -0.0326652526855469 0.63238525390625 0.515625
-0.0293197631835938 -0.0921401977539063 0.0782470703125 0.8759765625
0.0315170288085938 -0.0693473815917969 -0.183441162109375 0.488525390625
0.0454788208007812 -0.0893020629882813 0.0697097778320313 -0.119430541992188
-0.0147857666015625 -0.08416748046875 -0.1551513671875 -0.67132568359375
-0.0283050537109375 -0.0673027038574219 -0.73779296875 -0.47247314453125
0.000177383422851563 -0.0350456237792969 -0.6873779296875 0.28289794921875
0.0270309448242188 -0.0271816253662109 -0.1219482421875 0.557861328125
0.03472900390625 -0.0139541625976563 0.2308349609375 0.393585205078125
-0.000666618347167968 0.0111637115478516 0.337921142578125 0.10028076171875
0.00200653076171875 0.0103282928466797 0.250747680664063 -0.156143188476562
0.0148801803588867 -0.00924205780029297 -0.25811767578125 0.0709381103515625
0.0380363464355469 0.03009033203125 -0.162368774414063 -0.22314453125
0.0651130676269531 -0.00571441650390625 0.18731689453125 -0.50103759765625
0.0313529968261719 -0.0275630950927734 0.6395263671875 -0.30853271484375
-0.0490913391113281 -0.0463752746582031 0.680908203125 0.425537109375
-0.0459442138671875 -0.130409240722656 0.18511962890625 0.84820556640625
0.041290283203125 -0.128921508789063 -0.140228271484375 0.52288818359375
0.071136474609375 -0.144363403320313 0.066375732421875 -0.0807876586914063
-0.0191268920898438 -0.1353759765625 -0.095458984375 -0.660888671875
-0.0545120239257812 -0.0924911499023437 -0.68414306640625 -0.53717041015625
-0.0193710327148438 -0.0411415100097656 -0.7237548828125 0.22125244140625
0.0241336822509766 -0.0307807922363281 -0.19158935546875 0.56060791015625
0.045989990234375 -0.0135841369628906 0.174163818359375 0.421539306640625
0.00669765472412109 0.0162935256958008 0.31817626953125 0.119293212890625
0.00615978240966797 0.0131673812866211 0.24615478515625 -0.14923095703125
0.0219192504882812 -0.0449447631835938 -0.2503662109375 0.117431640625
-0.0036163330078125 -0.0206527709960938 -0.274307250976563 -0.138534545898437
-0.0322399139404297 -0.00355911254882813 -0.069488525390625 -0.450042724609375
-0.0113105773925781 0.037109375 0.377960205078125 -0.529052734375
0.00667572021484375 0.0666847229003906 0.7457275390625 -0.02587890625
0.0264129638671875 0.0677757263183594 0.57440185546875 0.6046142578125
0.0456161499023438 0.112373352050781 0.060302734375 0.6363525390625
0.000778198242187509 0.112777709960937 0.00768280029296876 0.0933685302734375
0.0328598022460938 0.116340637207031 0.14251708984375 -0.56640625
0.0635757446289063 0.0635528564453125 -0.32110595703125 -0.8399658203125
0.0188446044921875 0.0470314025878906 -0.77191162109375 -0.22149658203125
-0.0286674499511719 0.0407295227050781 -0.48565673828125 0.43133544921875
-0.04266357421875 -0.0124015808105469 -0.05474853515625 0.49383544921875
-0.0203399658203125 -0.0368309020996094 0.24176025390625 0.216171264648438
0.0123672485351563 -0.0240840911865234 0.267562866210938 -0.101791381835938
0.0194206237792969 -0.0401115417480469 -0.245513916015625 0.10894775390625
-0.00186252593994141 -0.0172815322875977 -0.234283447265625 -0.164199829101563
-0.0256671905517578 -0.0048828125 0.021942138671875 -0.47796630859375
-0.00189018249511719 0.0317115783691406 0.481170654296875 -0.48516845703125
0.0114326477050781 0.0637168884277344 0.75225830078125 0.108154296875
0.0265960693359375 0.0752029418945312 0.45703125 0.70147705078125
0.028411865234375 0.133720397949219 -0.02105712890625 0.6092529296875
-0.0130386352539063 0.126373291015625 0.0170383453369141 0.0344524383544922
0.0353927612304688 0.123977661132812 0.06146240234375 -0.611083984375
0.0723953247070313 0.062286376953125 -0.4652099609375 -0.76324462890625
0.0303153991699219 0.0406951904296875 -0.778564453125 -0.0710449218750001
-0.0184783935546875 0.0354156494140625 -0.381256103515625 0.4893798828125
-0.0364570617675781 -0.0144805908203125 0.04376220703125 0.48065185546875
-0.0208778381347656 -0.0361175537109375 0.28192138671875 0.189483642578125
0.0100002288818359 -0.020660400390625 0.273086547851563 -0.113555908203125
0.0171318054199219 -0.035247802734375 -0.240280151367188 0.0988311767578124
0.00265312194824219 -0.0114049911499023 -0.18951416015625 -0.188522338867188
-0.0119466781616211 -0.00661182403564453 0.115142822265625 -0.4908447265625
0.00889015197753906 0.0230979919433594 0.576416015625 -0.412353515625
0.00919723510742187 0.0568695068359375 0.72784423828125 0.25640869140625
0.01483154296875 0.0727157592773437 0.318603515625 0.782958984375
0.00738525390624999 0.134086608886719 -0.0987548828125 0.5726318359375
-0.0187911987304688 0.118057250976562 0.0304584503173828 -0.0259323120117187
0.0368881225585938 0.108726501464844 -0.0269775390624999 -0.64453125
0.0732879638671875 0.0448226928710937 -0.59027099609375 -0.66400146484375
0.0378684997558594 0.0261383056640625 -0.75665283203125 0.0706787109374998
-0.00649642944335938 0.0244693756103516 -0.269805908203125 0.52630615234375
-0.0250568389892578 -0.0158424377441406 0.1361083984375 0.455078125
-0.0197277069091797 -0.0319156646728516 0.316070556640625 0.157196044921875
0.00491523742675781 -0.0155019760131836 0.274505615234375 -0.128067016601563
0.0145339965820313 -0.0275173187255859 -0.238052368164062 0.089080810546875
0.010563850402832 -0.00379753112792969 -0.150558471679687 -0.2069091796875
0.00650405883789063 -0.00788211822509766 0.197723388671875 -0.491485595703125
0.0190353393554687 0.0129604339599609 0.64544677734375 -0.32781982421875
0.000644683837890625 0.0421066284179687 0.67950439453125 0.3935546875
-0.0015716552734375 0.0526657104492188 0.182861328125 0.84564208984375
-0.00641632080078126 0.108489990234375 -0.156097412109375 0.53070068359375
-0.0145111083984375 0.0859603881835938 0.0449447631835938 -0.0803909301757813
0.0318450927734375 0.0743484497070313 -0.10736083984375 -0.66326904296875
0.0609016418457031 0.0180130004882812 -0.683837890625 -0.5625
0.0380630493164063 0.00563812255859375 -0.71783447265625 0.18536376953125
0.00646018981933594 0.0107955932617188 -0.173187255859375 0.5428466796875
-0.0112209320068359 -0.0153942108154297 0.208404541015625 0.420074462890625
-0.0188159942626953 -0.0224018096923828 0.33819580078125 0.127044677734375
0.000925540924072266 -0.00821113586425781 0.270050048828125 -0.142669677734375
0.0134639739990234 -0.0201759338378906 -0.235671997070313 0.0795440673828125
0.0202980041503906 0.00265693664550781 -0.123001098632812 -0.21966552734375
0.02880859375 -0.00864601135253906 0.25177001953125 -0.484832763671875
0.0283889770507812 -0.000188827514648438 0.68646240234375 -0.2587890625
-0.0118923187255859 0.0200939178466797 0.632080078125 0.494384765625
-0.0148181915283203 0.0137138366699219 0.0814208984375001 0.8760986328125
-0.00453948974609375 0.0607223510742188 -0.188873291015625 0.494232177734375
-0.00101470947265625 0.0353355407714844 0.0574951171875 -0.1171875
0.0190773010253906 0.0270957946777344 -0.16156005859375 -0.6683349609375
0.0372772216796875 -0.0109100341796875 -0.7354736328125 -0.482666015625
0.0315380096435547 -0.0119514465332031 -0.68170166015625 0.2637939453125
0.0166301727294922 -0.00504016876220703 -0.110107421875 0.546539306640625
0.00520133972167969 -0.0140161514282227 0.249786376953125 0.391876220703125
-0.0150880813598633 -0.0104036331176758 0.347900390625 0.10235595703125
0.000328660011291504 -0.000262320041656494 0.260635375976563 -0.152206420898438
0.0122919082641602 -0.0149545669555664 -0.24066162109375 0.0749359130859375
0.0300140380859375 0.01422119140625 -0.115280151367188 -0.226425170898438
0.0468864440917969 -0.00932693481445313 0.268707275390625 -0.481658935546875
0.0320243835449219 -0.0119190216064453 0.6973876953125 -0.22698974609375
-0.0230255126953125 -0.00615501403808593 0.61383056640625 0.53021240234375
-0.02239990234375 -0.0379066467285156 0.04864501953125 0.8790283203125
0.0122146606445313 -0.00367927551269531 -0.192474365234375 0.478668212890625
0.0205974578857422 -0.0261306762695313 0.06719970703125 -0.131385803222656
0.000156402587890622 -0.0283699035644531 -0.17828369140625 -0.66729736328125
0.00503158569335937 -0.0399093627929688 -0.7535400390625 -0.445556640625
0.0186691284179688 -0.0261306762695312 -0.6671142578125 0.2996826171875
0.0233860015869141 -0.018035888671875 -0.089324951171875 0.54998779296875
0.0205173492431641 -0.0133190155029297 0.257904052734375 0.378570556640625
-0.0084066390991211 0.00156307220458985 0.348388671875 0.0914306640625
-0.00069284439086914 0.0054779052734375 0.2542724609375 -0.159194946289063
0.0128412246704102 -0.0111551284790039 -0.247512817382813 0.07208251953125
0.0363273620605469 0.0232276916503906 -0.129257202148438 -0.227874755859375
0.0603446960449219 -0.0077972412109375 0.244415283203125 -0.491668701171875
0.0329475402832031 -0.0214614868164063 0.67950439453125 -0.2513427734375
-0.0357513427734375 -0.0312080383300781 0.635009765625 0.50567626953125
-0.0296173095703125 -0.091278076171875 0.0858154296874999 0.8724365234375
0.0309562683105469 -0.0693435668945313 -0.178009033203125 0.489654541015625
0.04486083984375 -0.089691162109375 0.0676345825195313 -0.118362426757812
-0.0158233642578125 -0.0834121704101563 -0.15802001953125 -0.66485595703125
-0.0298233032226563 -0.0653076171875 -0.737548828125 -0.46099853515625
0.000537872314453125 -0.0357093811035156 -0.68017578125 0.2891845703125
0.0265216827392578 -0.0280437469482422 -0.115997314453125 0.555908203125
0.0343723297119141 -0.0131111145019531 0.23297119140625 0.389129638671875
-0.000622749328613282 0.0119943618774414 0.337982177734375 0.095703125
0.00240707397460937 0.0105562210083008 0.246780395507813 -0.158660888671875
0.0150346755981445 -0.00955295562744141 -0.255844116210938 0.074432373046875
0.0391578674316406 0.0289955139160156 -0.163406372070313 -0.219894409179687
0.0655097961425781 -0.006072998046875 0.17999267578125 -0.4996337890625
0.0309982299804688 -0.0274372100830078 0.63330078125 -0.3131103515625
-0.0488510131835938 -0.0452041625976562 0.68304443359375 0.41680908203125
-0.0482559204101562 -0.128959655761719 0.1910400390625 0.84246826171875
0.0393905639648437 -0.128814697265625 -0.134124755859375 0.5216064453125
0.069366455078125 -0.145248413085938 0.0665130615234375 -0.08074951171875
-0.0208282470703125 -0.134201049804687 -0.10107421875 -0.65545654296875
-0.055999755859375 -0.09149169921875 -0.68560791015625 -0.52606201171875
-0.0195579528808594 -0.0413627624511719 -0.71685791015625 0.22802734375
0.0239181518554688 -0.0307769775390625 -0.184906005859375 0.558837890625
0.04583740234375 -0.0140838623046875 0.178009033203125 0.416473388671875
0.00727462768554688 0.0161428451538086 0.317535400390625 0.1153564453125
0.00610637664794922 0.0130529403686523 0.243408203125 -0.152191162109375
0.0210037231445313 -0.0446739196777344 -0.246505737304688 0.12017822265625
-0.00409317016601563 -0.0189628601074219 -0.274093627929688 -0.132827758789063
-0.0326652526855469 -0.00251960754394531 -0.07537841796875 -0.448638916015625
-0.0122261047363281 0.0374298095703125 0.3712158203125 -0.530303955078125
0.00710296630859374 0.0662193298339844 0.7412109375 -0.0345458984375
0.0283393859863281 0.0665016174316406 0.57623291015625 0.5965576171875
0.0475997924804687 0.112571716308594 0.0664062499999999 0.630859375
0.00139617919921876 0.113296508789062 0.00871276855468751 0.0942535400390625
0.033538818359375 0.1146240234375 0.136962890625 -0.5638427734375
0.0631866455078125 0.0638198852539063 -0.32757568359375 -0.8319091796875
0.0181312561035156 0.0473060607910156 -0.7689208984375 -0.21246337890625
-0.0283355712890625 0.041351318359375 -0.478424072265625 0.434906005859375
-0.043060302734375 -0.0116615295410156 -0.05010986328125 0.49273681640625
-0.0221138000488281 -0.0352973937988281 0.242416381835937 0.212188720703125
0.0115814208984375 -0.0235958099365234 0.264785766601563 -0.104278564453125
0.0183601379394531 -0.0406150817871094 -0.242340087890625 0.1123046875
-0.00301456451416016 -0.0165138244628906 -0.233642578125 -0.159576416015625
-0.0262489318847656 -0.00396156311035156 0.015655517578125 -0.476318359375
-0.00220108032226563 0.0319118499755859 0.474273681640625 -0.48614501953125
0.0121078491210938 0.0636215209960938 0.74835205078125 0.10052490234375
0.0277633666992188 0.0739974975585938 0.460693359375 0.69281005859375
0.0302658081054688 0.131591796875 -0.0153198242187499 0.60723876953125
-0.0126571655273438 0.125808715820313 0.017120361328125 0.0342864990234375
0.0372161865234375 0.123802185058594 0.05621337890625 -0.607421875
0.0723648071289063 0.060333251953125 -0.469970703125 -0.7530517578125
0.0305557250976563 0.0401840209960938 -0.77618408203125 -0.0631713867187499
-0.0168037414550781 0.0351600646972656 -0.376007080078125 0.48944091796875
-0.0363540649414063 -0.0146331787109375 0.04644775390625 0.4775390625
-0.0201606750488281 -0.0355300903320313 0.2828369140625 0.1859130859375
0.00902557373046875 -0.021728515625 0.2706298828125 -0.115402221679688
0.0162410736083984 -0.0347003936767578 -0.238235473632813 0.10125732421875
0.00269508361816406 -0.0109138488769531 -0.190139770507812 -0.184402465820313
-0.0123929977416992 -0.00600337982177735 0.108917236328125 -0.4893798828125
0.00816154479980469 0.0229969024658203 0.5682373046875 -0.4178466796875
0.00958251953125 0.0555801391601563 0.725341796875 0.2491455078125
0.0165863037109375 0.0714111328125 0.32470703125 0.7781982421875
0.00896453857421876 0.132522583007813 -0.0924682617187499 0.570556640625
-0.0169143676757813 0.117210388183594 0.02935791015625 -0.0252761840820312
0.0371475219726563 0.108261108398437 -0.03021240234375 -0.6412353515625
0.0721969604492187 0.0445632934570312 -0.593505859375 -0.65411376953125
0.03790283203125 0.02587890625 -0.7515869140625 0.0759277343749999
-0.00505447387695313 0.0255031585693359 -0.265869140625 0.52655029296875
-0.0253124237060547 -0.0148506164550781 0.139984130859375 0.449859619140625
-0.0206508636474609 -0.0309581756591797 0.3153076171875 0.15362548828125
0.00623703002929688 -0.0152597427368164 0.271942138671875 -0.13092041015625
0.0140647888183594 -0.0271739959716797 -0.234771728515625 0.092529296875
0.0112247467041016 -0.00419425964355469 -0.1510009765625 -0.203109741210938
0.00626420974731445 -0.00809669494628906 0.190826416015625 -0.49139404296875
0.0181179046630859 0.0118064880371094 0.63775634765625 -0.3349609375
0.0015869140625 0.041900634765625 0.6807861328125 0.38397216796875
-0.000885009765625005 0.0527114868164063 0.1910400390625 0.83953857421875
-0.00639343261718749 0.108924865722656 -0.1500244140625 0.52764892578125
-0.0149383544921875 0.0856857299804688 0.0427398681640625 -0.0791473388671875
0.0326919555664063 0.0729751586914063 -0.1104736328125 -0.6597900390625
0.0617561340332031 0.0179023742675781 -0.68310546875 -0.5521240234375
0.0382957458496094 0.00600433349609375 -0.7127685546875 0.19293212890625
0.00598621368408203 0.0106105804443359 -0.16644287109375 0.541748046875
-0.0109691619873047 -0.0139436721801758 0.211669921875 0.4151611328125
-0.0188999176025391 -0.0216808319091797 0.338623046875 0.122161865234375
0.00100564956665039 -0.00799226760864258 0.267059326171875 -0.14459228515625
0.0132675170898438 -0.0201854705810547 -0.233917236328125 0.0818634033203125
0.0218868255615234 0.00440788269042969 -0.1229248046875 -0.21856689453125
0.0280113220214844 -0.00839805603027344 0.2449951171875 -0.485809326171875
0.0270748138427734 0.000921249389648438 0.6778564453125 -0.26605224609375
-0.0113410949707031 0.0208969116210938 0.63262939453125 0.48590087890625
-0.0138492584228516 0.0135993957519531 0.0907592773437499 0.87091064453125
-0.00306320190429688 0.0596427917480469 -0.183685302734375 0.494598388671875
-0.000755310058593748 0.0353775024414063 0.0552597045898437 -0.115913391113281
0.0198459625244141 0.0267410278320312 -0.16796875 -0.66448974609375
0.03582763671875 -0.0113372802734375 -0.73651123046875 -0.47479248046875
0.0312290191650391 -0.0126667022705078 -0.67742919921875 0.26885986328125
0.0168037414550781 -0.00551128387451172 -0.10296630859375 0.54534912109375
0.00436496734619141 -0.0132951736450195 0.252227783203125 0.386993408203125
-0.0144338607788086 -0.00889778137207031 0.347686767578125 0.098236083984375
-0.000326961278915405 -0.000110328197479248 0.257308959960938 -0.155349731445313
0.0126628875732422 -0.0149364471435547 -0.2381591796875 0.0772857666015625
0.0305805206298828 0.0148963928222656 -0.11669921875 -0.224136352539062
0.0463485717773437 -0.00891876220703125 0.261016845703125 -0.482940673828125
0.0296115875244141 -0.0118370056152344 0.69158935546875 -0.23187255859375
-0.0230007171630859 -0.00540161132812501 0.615234375 0.52166748046875
-0.0219268798828125 -0.0382423400878906 0.05621337890625 0.87408447265625
0.0125827789306641 -0.00342845916748047 -0.187255859375 0.477996826171875
0.0195388793945313 -0.0259914398193359 0.06512451171875 -0.130226135253906
-9.72747802734373E-05 -0.0290641784667969 -0.1824951171875 -0.66143798828125
0.00402450561523438 -0.0392646789550781 -0.7523193359375 -0.43499755859375
0.0174274444580078 -0.0268020629882812 -0.65966796875 0.30389404296875
0.02435302734375 -0.0186538696289063 -0.082733154296875 0.548187255859375
0.0192852020263672 -0.0127773284912109 0.260589599609375 0.375732421875
-0.00894069671630859 0.00360393524169922 0.347991943359375 0.086090087890625
-0.00109672546386719 0.00554084777832031 0.251861572265625 -0.161575317382813
0.0130033493041992 -0.0116786956787109 -0.244903564453125 0.0753326416015625
0.0361251831054688 0.0232887268066406 -0.130813598632813 -0.225082397460938
0.0596275329589844 -0.008148193359375 0.2379150390625 -0.490875244140625
0.0328254699707031 -0.0215969085693359 0.67254638671875 -0.2562255859375
-0.0360946655273438 -0.0319747924804687 0.634765625 0.4967041015625
-0.0305862426757812 -0.0897140502929688 0.0956420898437501 0.8662109375
0.0296783447265625 -0.0707015991210938 -0.171905517578125 0.487396240234375
0.0428085327148437 -0.090057373046875 0.0678176879882813 -0.11749267578125
-0.0170669555664062 -0.081939697265625 -0.16400146484375 -0.6583251953125
-0.029815673828125 -0.0645713806152344 -0.7374267578125 -0.45233154296875
0.000473022460937504 -0.03570556640625 -0.67462158203125 0.2935791015625
0.0262107849121094 -0.0278606414794922 -0.1102294921875 0.55377197265625
0.0348300933837891 -0.0127410888671875 0.2374267578125 0.385406494140625
-5.43594360351567E-05 0.0116186141967773 0.337554931640625 0.092132568359375
0.00359725952148438 0.0103378295898438 0.244049072265625 -0.160888671875
0.0148334503173828 -0.00951862335205078 -0.252792358398437 0.0777587890625
0.0383834838867188 0.0292816162109375 -0.164413452148437 -0.217819213867188
0.0650787353515625 -0.00712203979492188 0.172210693359375 -0.499542236328125
0.0295944213867188 -0.0272369384765625 0.62628173828125 -0.3175048828125
-0.0495452880859375 -0.0452079772949219 0.682373046875 0.408447265625
-0.0481491088867188 -0.127395629882812 0.19921875 0.83563232421875
0.0381622314453125 -0.127967834472656 -0.127716064453125 0.521484375
0.06640625 -0.14349365234375 0.0658950805664062 -0.0798416137695313
-0.0220565795898437 -0.132926940917969 -0.10626220703125 -0.65008544921875
-0.0561065673828125 -0.0906219482421875 -0.6875 -0.51727294921875
-0.0207633972167969 -0.0414237976074219 -0.711181640625 0.23260498046875
0.0232467651367188 -0.0312919616699219 -0.17974853515625 0.55621337890625
0.0455093383789063 -0.015289306640625 0.18206787109375 0.410980224609375
0.00743007659912109 0.0167322158813477 0.316497802734375 0.110992431640625
0.00704097747802734 0.0134773254394531 0.2391357421875 -0.153961181640625
0.021759033203125 -0.0434226989746094 -0.24462890625 0.1224365234375
-0.00365829467773437 -0.0188484191894531 -0.271820068359375 -0.129226684570312
-0.0322017669677734 -0.00201034545898438 -0.078460693359375 -0.4434814453125
-0.0110740661621094 0.0367393493652344 0.36297607421875 -0.531158447265625
0.00838851928710938 0.0665168762207031 0.7366943359375 -0.0399169921875
0.0290451049804688 0.066436767578125 0.5775146484375 0.5863037109375
0.0480728149414063 0.110260009765625 0.06982421875 0.62652587890625
0.00159454345703124 0.1107177734375 0.00929260253906251 0.0939407348632813
0.033660888671875 0.113822937011719 0.131591796875 -0.560577392578125
0.0626869201660156 0.0617942810058594 -0.33087158203125 -0.8251953125
0.0195274353027344 0.0471229553222656 -0.7666015625 -0.205078125
-0.0291748046875 0.0398330688476562 -0.471527099609375 0.432373046875
-0.0427932739257813 -0.0104446411132813 -0.0455322265625 0.488189697265625
-0.0220546722412109 -0.0350475311279297 0.24249267578125 0.208419799804687
0.0120449066162109 -0.0235939025878906 0.262039184570313 -0.10577392578125
0.0181121826171875 -0.0413856506347656 -0.23956298828125 0.114044189453125
-0.00249004364013672 -0.0156126022338867 -0.233505249023438 -0.156021118164062
-0.0259857177734375 -0.00353813171386719 0.0106201171875 -0.4736328125
-0.00241661071777344 0.0318508148193359 0.466705322265625 -0.48974609375
0.0133628845214844 0.0630912780761719 0.7442626953125 0.092529296875
0.028228759765625 0.0736618041992188 0.46600341796875 0.68414306640625
0.0320205688476563 0.131301879882813 -0.0120849609375 0.60406494140625
-0.0114822387695313 0.125267028808594 0.0171623229980469 0.0354652404785156
0.0366134643554688 0.122123718261719 0.0507812499999999 -0.6031494140625
0.0724411010742188 0.0603790283203125 -0.4735107421875 -0.7452392578125
0.0308074951171875 0.0392799377441406 -0.77252197265625 -0.0580444335937501
-0.0180130004882812 0.0356903076171875 -0.371246337890625 0.490325927734375
-0.0363273620605469 -0.0131607055664063 0.051177978515625 0.475494384765625
-0.0213584899902344 -0.0347461700439453 0.2818603515625 0.1815185546875
0.00916099548339844 -0.0201454162597656 0.266921997070312 -0.118057250976562
0.0155563354492187 -0.0357627868652344 -0.235321044921875 0.104080200195312
0.00267601013183594 -0.0110311508178711 -0.190460205078125 -0.181411743164062
-0.0131969451904297 -0.00582695007324218 0.104095458984375 -0.488494873046875
0.00824165344238282 0.0225467681884766 0.561279296875 -0.419097900390625
0.0105972290039063 0.0564460754394531 0.72491455078125 0.240966796875
0.0171737670898438 0.0719223022460938 0.3297119140625 0.7701416015625
0.0105361938476563 0.131492614746094 -0.0882568359374999 0.5694580078125
-0.017364501953125 0.115623474121094 0.0297431945800781 -0.0241813659667969
0.03924560546875 0.106582641601563 -0.0366210937500001 -0.63592529296875
0.0728836059570313 0.0434341430664063 -0.59527587890625 -0.6456298828125
0.0380973815917969 0.0247650146484375 -0.74505615234375 0.0799560546874999
-0.00520515441894531 0.0242824554443359 -0.259307861328125 0.523956298828125
-0.025543212890625 -0.0140914916992188 0.142791748046875 0.447967529296875
-0.0207462310791016 -0.0296707153320313 0.3153076171875 0.14923095703125
0.00537681579589844 -0.0151023864746094 0.2684326171875 -0.132522583007812
0.0131893157958984 -0.0273189544677734 -0.233154296875 0.0944213867187501
0.0114002227783203 -0.00326347351074219 -0.151611328125 -0.2005615234375
0.00659990310668945 -0.00826930999755859 0.18511962890625 -0.491058349609375
0.018798828125 0.0104045867919922 0.631591796875 -0.33807373046875
0.00110626220703125 0.041534423828125 0.67852783203125 0.3778076171875
0.000232696533203121 0.0519256591796875 0.19451904296875 0.8316650390625
-0.00402069091796874 0.107353210449219 -0.14532470703125 0.5272216796875
-0.0135421752929688 0.084869384765625 0.0433120727539063 -0.0779571533203125
0.0334243774414063 0.0730361938476563 -0.11566162109375 -0.652099609375
0.0609397888183594 0.0172653198242188 -0.68402099609375 -0.54296875
0.0384101867675781 0.00569534301757812 -0.7064208984375 0.1966552734375
0.00639247894287109 0.0103797912597656 -0.161956787109375 0.539031982421875
-0.0123310089111328 -0.0134181976318359 0.21392822265625 0.411590576171875
-0.0191154479980469 -0.0207195281982422 0.33856201171875 0.11871337890625
0.00222539901733398 -0.00778388977050781 0.263397216796875 -0.146896362304688
0.0140037536621094 -0.0204620361328125 -0.231735229492188 0.08465576171875
0.0213394165039063 0.00447845458984375 -0.12420654296875 -0.215255737304687
0.0281562805175781 -0.00942039489746094 0.23931884765625 -0.48486328125
0.0267601013183594 -0.000410079956054687 0.67193603515625 -0.26861572265625
-0.0105667114257813 0.0201377868652344 0.63287353515625 0.47760009765625
-0.0132169723510742 0.0144586563110352 0.0970458984375 0.864990234375
-0.00247573852539062 0.0598716735839844 -0.1785888671875 0.493408203125
-0.00128746032714844 0.0342483520507813 0.054229736328125 -0.114471435546875
0.0193576812744141 0.0254344940185547 -0.1712646484375 -0.65679931640625
0.0365371704101563 -0.0116157531738281 -0.7359619140625 -0.4642333984375
0.0302371978759766 -0.0140323638916016 -0.66986083984375 0.2720947265625
0.0168008804321289 -0.00601005554199219 -0.0998840332031249 0.54290771484375
0.00472927093505859 -0.0124101638793945 0.2529296875 0.381805419921875
-0.0146026611328125 -0.00884437561035156 0.346405029296875 0.09423828125
0.00131356716156006 -0.000107765197753906 0.254119873046875 -0.155715942382813
0.0122642517089844 -0.0155925750732422 -0.235595703125 0.08013916015625
0.0316753387451172 0.0143642425537109 -0.116989135742187 -0.220382690429688
0.0467185974121094 -0.0088348388671875 0.254974365234375 -0.48095703125
0.0306243896484375 -0.0125370025634766 0.68341064453125 -0.23590087890625
-0.0225582122802734 -0.00574493408203125 0.6158447265625 0.5130615234375
-0.0218887329101562 -0.0371894836425781 0.06292724609375 0.868896484375
0.0106658935546875 -0.00374221801757813 -0.182098388671875 0.47607421875
0.0188064575195313 -0.0263404846191406 0.064300537109375 -0.129837036132813
-0.00039863586425781 -0.028350830078125 -0.1866455078125 -0.6549072265625
0.00391387939453125 -0.0393295288085938 -0.75103759765625 -0.42755126953125
0.0170059204101563 -0.0266075134277344 -0.65283203125 0.3087158203125
0.0240917205810547 -0.0190544128417969 -0.077850341796875 0.54351806640625
0.0199394226074219 -0.0131740570068359 0.2620849609375 0.3697509765625
-0.00846481323242188 0.00292634963989258 0.346649169921875 0.082916259765625
0.000570774078369141 0.00476551055908203 0.247787475585938 -0.162979125976563
0.0139141082763672 -0.0116147994995117 -0.24237060546875 0.07818603515625
0.0381088256835938 0.0228462219238281 -0.131546020507813 -0.221939086914063
0.0594902038574219 -0.00832748413085938 0.230682373046875 -0.4912109375
0.0307083129882813 -0.0216808319091797 0.665771484375 -0.26068115234375
-0.035400390625 -0.0294990539550781 0.63421630859375 0.48919677734375
-0.030548095703125 -0.089385986328125 0.10052490234375 0.8614501953125
0.0291900634765625 -0.0703582763671875 -0.16656494140625 0.485809326171875
0.0415573120117188 -0.0898971557617188 0.065704345703125 -0.115898132324219
-0.0173416137695313 -0.0821151733398438 -0.16668701171875 -0.65240478515625
-0.0311775207519531 -0.0643196105957031 -0.73681640625 -0.4434814453125
-0.000236511230468747 -0.0357589721679688 -0.66802978515625 0.29656982421875
0.0260562896728516 -0.0278587341308594 -0.103729248046875 0.55145263671875
0.0340671539306641 -0.0144500732421875 0.238983154296875 0.381011962890625
1.43051147460941E-05 0.0127630233764648 0.335235595703125 0.08758544921875
0.00333976745605469 0.0101833343505859 0.241134643554688 -0.16204833984375
0.0157136917114258 -0.0107002258300781 -0.251083374023438 0.08099365234375
0.0400886535644531 0.0290794372558594 -0.164871215820312 -0.21441650390625
0.0655632019042969 -0.00627517700195313 0.166748046875 -0.498809814453125
0.0282840728759766 -0.0279998779296875 0.6199951171875 -0.3212890625
-0.0491180419921875 -0.0431251525878906 0.6817626953125 0.4010009765625
-0.0485687255859375 -0.127830505371094 0.20465087890625 0.8304443359375
0.0369720458984375 -0.127838134765625 -0.124176025390625 0.516815185546875
0.065032958984375 -0.144424438476563 0.0640029907226563 -0.079681396484375
-0.0233993530273438 -0.1318359375 -0.11004638671875 -0.64556884765625
-0.0572433471679688 -0.0897674560546875 -0.68853759765625 -0.5069580078125
-0.0209922790527344 -0.0406761169433594 -0.70404052734375 0.23876953125
0.0226173400878906 -0.0318260192871094 -0.17315673828125 0.556671142578125
0.044891357421875 -0.01434326171875 0.18365478515625 0.406707763671875
0.00861930847167969 0.0171566009521484 0.316741943359375 0.1072998046875
0.00702667236328125 0.0120925903320313 0.237457275390625 -0.15570068359375
0.0204429626464844 -0.0444488525390625 -0.242462158203125 0.1256103515625
-0.00364303588867187 -0.0181369781494141 -0.27154541015625 -0.127044677734375
-0.0329360961914062 -0.00162506103515626 -0.08184814453125 -0.442108154296875
-0.0110588073730469 0.0373420715332031 0.35760498046875 -0.5308837890625
0.00816726684570312 0.0662307739257813 0.73309326171875 -0.04541015625
0.0297470092773437 0.0661048889160156 0.57977294921875 0.58056640625
0.049285888671875 0.108985900878906 0.07501220703125 0.62237548828125
0.00287628173828126 0.110916137695313 0.00887298583984374 0.0927047729492188
0.0345001220703125 0.111534118652344 0.127532958984375 -0.5577392578125
0.0634422302246094 0.0618972778320312 -0.3321533203125 -0.8194580078125
0.0195770263671875 0.0469741821289063 -0.76324462890625 -0.200439453125
-0.0271110534667969 0.041412353515625 -0.46685791015625 0.43359375
-0.0434303283691406 -0.0104026794433594 -0.042938232421875 0.48663330078125
-0.0218143463134766 -0.034881591796875 0.243927001953125 0.205596923828125
0.0114517211914062 -0.0232429504394531 0.260971069335938 -0.108489990234375
0.017486572265625 -0.0407829284667969 -0.237289428710938 0.116180419921875
-0.00221920013427735 -0.0153446197509766 -0.232421875 -0.153106689453125
-0.0260982513427734 -0.00299453735351563 0.00762939453125002 -0.47039794921875
-0.0023651123046875 0.0319557189941406 0.46014404296875 -0.488525390625
0.0130195617675781 0.0629501342773438 0.74267578125 0.087158203125
0.0294723510742187 0.07366943359375 0.46697998046875 0.67901611328125
0.0320816040039063 0.130294799804688 -0.00695800781250004 0.6004638671875
-0.011474609375 0.124099731445313 0.0173759460449219 0.036163330078125
0.0378189086914063 0.119834899902344 0.0482177734374999 -0.59893798828125
0.0729598999023438 0.0595169067382813 -0.472900390625 -0.7381591796875
0.0318870544433594 0.0400428771972656 -0.767333984375 -0.0541381835937501
-0.016815185546875 0.0352973937988281 -0.36431884765625 0.48883056640625
-0.0363960266113281 -0.0121841430664063 0.05511474609375 0.471405029296875
-0.0225772857666016 -0.0344047546386719 0.28265380859375 0.1787109375
0.00889205932617188 -0.0203571319580078 0.264999389648438 -0.119155883789062
0.0152435302734375 -0.0357093811035156 -0.23291015625 0.106155395507813
0.00310611724853516 -0.00972461700439453 -0.190261840820313 -0.178604125976563
-0.0132780075073242 -0.00533485412597656 0.099365234375 -0.486083984375
0.00795745849609375 0.0229301452636719 0.554840087890625 -0.419647216796875
0.0112953186035156 0.0557861328125 0.72015380859375 0.23565673828125
0.017608642578125 0.071685791015625 0.33245849609375 0.76531982421875
0.0118789672851563 0.130241394042969 -0.0836181640625 0.566650390625
-0.0170822143554688 0.114913940429688 0.0294227600097656 -0.0239524841308594
0.039276123046875 0.105842590332031 -0.03790283203125 -0.63031005859375
0.073638916015625 0.0427627563476562 -0.59649658203125 -0.64019775390625
0.0381965637207031 0.024444580078125 -0.74176025390625 0.0863647460937499
-0.00480270385742188 0.0237884521484375 -0.253814697265625 0.52142333984375
-0.0256996154785156 -0.013397216796875 0.144744873046875 0.44342041015625
-0.0202922821044922 -0.0292644500732422 0.314788818359375 0.146270751953125
0.00594997406005859 -0.0153684616088867 0.265411376953125 -0.133819580078125
0.0130653381347656 -0.0281639099121094 -0.2303466796875 0.09619140625
0.0117654800415039 -0.00297737121582031 -0.151473999023438 -0.19818115234375
0.00612115859985352 -0.00755882263183594 0.180938720703125 -0.489837646484375
0.0174369812011719 0.012451171875 0.62677001953125 -0.340087890625
0.00241851806640625 0.0421257019042969 0.67852783203125 0.37139892578125
0.000335693359375003 0.0518455505371094 0.1982421875 0.828125
-0.00339508056640626 0.106452941894531 -0.1417236328125 0.524658203125
-0.0142745971679687 0.084136962890625 0.042388916015625 -0.0765914916992188
0.0334014892578125 0.0722732543945313 -0.11767578125 -0.64788818359375
0.06060791015625 0.0166130065917969 -0.6822509765625 -0.536865234375
0.0380783081054688 0.00458908081054688 -0.702392578125 0.199462890625
0.00700283050537109 0.00923824310302734 -0.15887451171875 0.536834716796875
-0.0120935440063477 -0.0136222839355469 0.21563720703125 0.407989501953125
-0.0195217132568359 -0.0203590393066406 0.33660888671875 0.114715576171875
0.00208044052124023 -0.00803661346435547 0.2611083984375 -0.147308349609375
0.0139369964599609 -0.0214614868164063 -0.229721069335938 0.0861968994140625
0.0224647521972656 0.00430679321289063 -0.12518310546875 -0.212310791015625
0.0279903411865234 -0.00898170471191406 0.234466552734375 -0.485198974609375
0.0251960754394531 0.000118255615234375 0.6661376953125 -0.27117919921875
-0.0103721618652344 0.0213260650634766 0.63201904296875 0.47064208984375
-0.0131902694702148 0.014561653137207 0.10150146484375 0.86083984375
-0.00176239013671875 0.0590667724609375 -0.174835205078125 0.491424560546875
-0.00140762329101562 0.0347633361816406 0.0536956787109375 -0.1134033203125
0.0192737579345703 0.0253829956054688 -0.1737060546875 -0.6513671875
0.0352592468261719 -0.0113983154296875 -0.73394775390625 -0.4564208984375
0.0309982299804688 -0.0136508941650391 -0.66461181640625 0.27447509765625
0.0168056488037109 -0.00555610656738281 -0.09490966796875 0.53826904296875
0.00451469421386719 -0.0124645233154297 0.254241943359375 0.37860107421875
-0.0146417617797852 -0.00868701934814453 0.34552001953125 0.090911865234375
0.000544041395187378 -0.000235766172409058 0.251739501953125 -0.157806396484375
0.0121173858642578 -0.0155534744262695 -0.23388671875 0.08221435546875
0.0320453643798828 0.0140914916992188 -0.11712646484375 -0.218856811523438
0.0461311340332031 -0.0095367431640625 0.25091552734375 -0.48199462890625
0.0292892456054687 -0.0126705169677734 0.6778564453125 -0.239501953125
-0.0224285125732422 -0.00563430786132812 0.6143798828125 0.50738525390625
-0.0218544006347656 -0.0367584228515625 0.0653686523437501 0.86456298828125
0.0121040344238281 -0.00469207763671875 -0.18035888671875 0.473052978515625
0.0178699493408203 -0.0268268585205078 0.064178466796875 -0.128524780273438
-0.00104904174804688 -0.0285873413085938 -0.18707275390625 -0.650634765625
0.00296783447265625 -0.0392837524414062 -0.74981689453125 -0.42010498046875
0.0171260833740234 -0.0275535583496094 -0.648681640625 0.31036376953125
0.022918701171875 -0.0190372467041016 -0.074432373046875 0.5406494140625
0.0188865661621094 -0.0125236511230469 0.263671875 0.365570068359375
-0.00826120376586914 0.00371217727661133 0.34576416015625 0.08056640625
0.000629425048828124 0.00549602508544922 0.24517822265625 -0.163162231445313
0.0130529403686523 -0.0121450424194336 -0.240020751953125 0.080108642578125
0.0389175415039063 0.0226707458496094 -0.131805419921875 -0.219528198242187
0.0596961975097656 -0.00879669189453125 0.225128173828125 -0.4901123046875
0.0301246643066406 -0.0216598510742188 0.65985107421875 -0.2620849609375
-0.03607177734375 -0.0299263000488281 0.63397216796875 0.482666015625
-0.03094482421875 -0.0890121459960938 0.10467529296875 0.85638427734375
0.0289764404296875 -0.070953369140625 -0.162933349609375 0.484649658203125
0.0412826538085938 -0.0895538330078125 0.0654754638671875 -0.114173889160156
-0.0181427001953125 -0.082122802734375 -0.16912841796875 -0.6483154296875
-0.0313453674316406 -0.0642776489257813 -0.7362060546875 -0.4345703125
-0.00104904174804687 -0.0353965759277344 -0.66253662109375 0.30072021484375
0.0249176025390625 -0.0276298522949219 -0.100067138671875 0.549072265625
0.0349845886230469 -0.0138607025146484 0.238983154296875 0.37725830078125
0.000406265258789063 0.0126934051513672 0.335235595703125 0.085235595703125
0.00386714935302735 0.00971508026123047 0.23883056640625 -0.162628173828125
0.0148382186889648 -0.0108327865600586 -0.247787475585937 0.082183837890625
0.0411911010742188 0.0289573669433594 -0.164810180664063 -0.2122802734375
0.0643043518066406 -0.007293701171875 0.162994384765625 -0.496856689453125
0.0281772613525391 -0.02752685546875 0.612548828125 -0.32366943359375
-0.0486869812011719 -0.0431556701660156 0.6795654296875 0.3935546875
-0.0489425659179687 -0.125831604003906 0.2071533203125 0.825439453125
0.0367355346679687 -0.127830505371094 -0.119354248046875 0.51690673828125
0.06353759765625 -0.144119262695313 0.0641250610351563 -0.0779266357421875
-0.0244979858398438 -0.131340026855469 -0.11248779296875 -0.64215087890625
-0.0579910278320312 -0.0887985229492188 -0.68609619140625 -0.4991455078125
-0.0206947326660156 -0.0405693054199219 -0.6986083984375 0.23974609375
0.0220203399658203 -0.0313663482666016 -0.169403076171875 0.554443359375
0.0448188781738281 -0.0144500732421875 0.18634033203125 0.40509033203125
0.00857639312744141 0.0169553756713867 0.316650390625 0.103363037109375
0.00769710540771484 0.0113353729248047 0.235595703125 -0.155776977539063
0.0197105407714844 -0.0447196960449219 -0.23956298828125 0.125045776367187
-0.00338268280029297 -0.0175390243530273 -0.27020263671875 -0.12322998046875
-0.0328330993652344 -0.00145530700683594 -0.082550048828125 -0.439483642578125
-0.0113677978515625 0.0370750427246094 0.35162353515625 -0.530059814453125
0.00889968872070312 0.0652542114257812 0.7279052734375 -0.04833984375
0.0306510925292969 0.0649833679199219 0.57794189453125 0.57598876953125
0.0492935180664063 0.107490539550781 0.07476806640625 0.61944580078125
0.00158691406250001 0.109817504882812 0.00940704345703125 0.0938720703125
0.03448486328125 0.111183166503906 0.125030517578125 -0.554168701171875
0.0628280639648438 0.0608482360839844 -0.336669921875 -0.81195068359375
0.0199394226074219 0.0455245971679688 -0.76007080078125 -0.196044921875
-0.0264739990234375 0.0409393310546875 -0.4627685546875 0.43292236328125
-0.0433616638183594 -0.0097503662109375 -0.040802001953125 0.48431396484375
-0.0228004455566406 -0.0335903167724609 0.243316650390625 0.202560424804687
0.0116748809814453 -0.0243320465087891 0.258041381835938 -0.1083984375
0.0171966552734375 -0.0408973693847656 -0.234893798828125 0.118011474609375
-0.00145149230957031 -0.0151758193969727 -0.23138427734375 -0.149169921875
-0.0265789031982422 -0.00270652770996094 0.00582885742187497 -0.46826171875
-0.00284385681152344 0.0316047668457031 0.4539794921875 -0.48907470703125
0.0142898559570313 0.062591552734375 0.73663330078125 0.082763671875
0.0308151245117188 0.0731048583984375 0.46807861328125 0.67333984375
0.033447265625 0.128578186035156 -0.00366210937499995 0.596923828125
-0.0112686157226562 0.123214721679688 0.0177078247070312 0.0364265441894531
0.03790283203125 0.119697570800781 0.0443115234374999 -0.595458984375
0.072601318359375 0.0588302612304687 -0.47406005859375 -0.73150634765625
0.030975341796875 0.0394172668457031 -0.76275634765625 -0.0510253906250002
-0.0161552429199219 0.0351448059082031 -0.359954833984375 0.48577880859375
-0.03680419921875 -0.0121574401855469 0.054901123046875 0.46832275390625
-0.0222854614257812 -0.0340156555175781 0.282470703125 0.176544189453125
0.00915908813476562 -0.0204124450683594 0.262542724609375 -0.12066650390625
0.0149040222167969 -0.0352745056152344 -0.230941772460938 0.107620239257813
0.00386619567871094 -0.00939464569091797 -0.188995361328125 -0.175796508789062
-0.0135860443115234 -0.00447559356689453 0.096832275390625 -0.483917236328125
0.00700187683105469 0.0228137969970703 0.548736572265625 -0.4210205078125
0.0110397338867188 0.0556602478027344 0.71673583984375 0.2310791015625
0.0179672241210937 0.0710678100585938 0.33245849609375 0.7596435546875
0.0125656127929688 0.129402160644531 -0.08062744140625 0.56268310546875
-0.0171585083007813 0.114151000976563 0.0297794342041016 -0.0228271484375
0.0392684936523438 0.104667663574219 -0.0406494140625 -0.62530517578125
0.0724411010742188 0.042205810546875 -0.59478759765625 -0.6318359375
0.0382270812988281 0.0245170593261719 -0.73907470703125 0.0880737304687499
-0.00458526611328125 0.0242347717285156 -0.25054931640625 0.520660400390625
-0.0257129669189453 -0.0141239166259766 0.1456298828125 0.43927001953125
-0.0212745666503906 -0.0292263031005859 0.31396484375 0.1436767578125
0.00539302825927734 -0.0145473480224609 0.262741088867188 -0.134689331054688
0.0135841369628906 -0.0282249450683594 -0.228866577148438 0.09808349609375
0.0125226974487305 -0.0020751953125 -0.1522216796875 -0.195907592773438
0.00529670715332031 -0.00729465484619141 0.17681884765625 -0.488555908203125
0.0167837142944336 0.0124597549438477 0.62054443359375 -0.34246826171875
0.00164413452148437 0.0417633056640625 0.67401123046875 0.36529541015625
0.000762939453124995 0.05120849609375 0.20220947265625 0.8223876953125
-0.0025634765625 0.105545043945313 -0.139312744140625 0.5235595703125
-0.013885498046875 0.0837173461914063 0.0419387817382813 -0.0759735107421875
0.0340652465820313 0.0707473754882812 -0.1182861328125 -0.64337158203125
0.0601539611816406 0.0163002014160156 -0.6810302734375 -0.5311279296875
0.0371551513671875 0.0045318603515625 -0.697265625 0.20172119140625
0.00662803649902344 0.0095977783203125 -0.15484619140625 0.53399658203125
-0.0116710662841797 -0.0129213333129883 0.216033935546875 0.40374755859375
-0.0191307067871094 -0.0196170806884766 0.33599853515625 0.11224365234375
0.00221061706542969 -0.0081639289855957 0.258453369140625 -0.148834228515625
0.0130157470703125 -0.021728515625 -0.2276611328125 0.088226318359375
0.0226840972900391 0.00464820861816406 -0.124099731445313 -0.210403442382813
0.0278720855712891 -0.00895881652832031 0.23004150390625 -0.482818603515625
0.0257968902587891 0.000429153442382813 0.659912109375 -0.27386474609375
-0.0103912353515625 0.0203819274902344 0.6295166015625 0.46417236328125
-0.0127983093261719 0.0152359008789062 0.10284423828125 0.85455322265625
-0.00207138061523437 0.0582160949707031 -0.170623779296875 0.489532470703125
-0.00133895874023438 0.0344791412353516 0.0533218383789063 -0.112533569335937
0.0198211669921875 0.0247249603271484 -0.1737060546875 -0.6466064453125
0.0357894897460938 -0.0123519897460938 -0.73236083984375 -0.4498291015625
0.0300884246826172 -0.0138397216796875 -0.66009521484375 0.2779541015625
0.0170412063598633 -0.00683498382568359 -0.092041015625 0.536712646484375
0.00454044342041016 -0.0128631591796875 0.25543212890625 0.37384033203125
-0.0151433944702148 -0.00831985473632812 0.344024658203125 0.088775634765625
0.00146746635437012 -0.000317931175231934 0.248886108398438 -0.15887451171875
0.0119132995605469 -0.0167789459228516 -0.231918334960937 0.0836181640625
0.032470703125 0.0147190093994141 -0.11834716796875 -0.216781616210938
0.0459823608398438 -0.010162353515625 0.24462890625 -0.480560302734375
0.0289325714111328 -0.012054443359375 0.67333984375 -0.2423095703125
-0.0224857330322266 -0.00443267822265625 0.61370849609375 0.50048828125
-0.0222015380859375 -0.036346435546875 0.0689697265624999 0.860107421875
0.0124177932739258 -0.00487709045410156 -0.174285888671875 0.47125244140625
0.0182380676269531 -0.0272293090820312 0.063262939453125 -0.126762390136719
-0.00146484375 -0.0284805297851563 -0.1895751953125 -0.64447021484375
0.00229263305664062 -0.0390357971191406 -0.74676513671875 -0.4140625
0.0163612365722656 -0.0273838043212891 -0.64306640625 0.3118896484375
0.0228767395019531 -0.0190391540527344 -0.07061767578125 0.539154052734375
0.0189743041992188 -0.0126609802246094 0.26397705078125 0.362640380859375
-0.0075078010559082 0.00438976287841797 0.34521484375 0.07806396484375
0.00108242034912109 0.00483608245849609 0.242721557617188 -0.1639404296875
0.0131874084472656 -0.0126676559448242 -0.23797607421875 0.0813446044921875
0.0392646789550781 0.0224990844726563 -0.132278442382813 -0.21783447265625
0.0583076477050781 -0.00913619995117188 0.2225341796875 -0.48931884765625
0.0295181274414063 -0.0219039916992188 0.65484619140625 -0.2645263671875
-0.0354118347167969 -0.0294151306152344 0.63238525390625 0.47698974609375
-0.0312118530273438 -0.0879058837890625 0.108154296875 0.85211181640625
0.0288162231445313 -0.070098876953125 -0.159942626953125 0.482574462890625
0.0390853881835938 -0.0898895263671875 0.0644378662109375 -0.1136474609375
-0.0185317993164062 -0.0806808471679688 -0.17059326171875 -0.64251708984375
-0.0318031311035156 -0.06292724609375 -0.7342529296875 -0.42901611328125
-0.00115585327148437 -0.0358123779296875 -0.65631103515625 0.30255126953125
0.0252971649169922 -0.0286884307861328 -0.09716796875 0.546966552734375
0.0337467193603516 -0.0132637023925781 0.23907470703125 0.373077392578125
0.00103569030761719 0.0131607055664062 0.334197998046875 0.081329345703125
0.00390434265136719 0.00964546203613281 0.236495971679688 -0.163040161132813
0.014887809753418 -0.0113410949707031 -0.245925903320313 0.0843505859374999
0.0417594909667969 0.0287551879882812 -0.165145874023438 -0.209259033203125
0.0646438598632813 -0.00750350952148438 0.157806396484375 -0.4970703125
0.0272941589355469 -0.0276660919189453 0.60736083984375 -0.32501220703125
-0.0486793518066406 -0.0413322448730469 0.67919921875 0.38739013671875
-0.0497894287109375 -0.125373840332031 0.2113037109375 0.81964111328125
0.0351638793945312 -0.127677917480469 -0.115966796875 0.5133056640625
0.0618133544921875 -0.143630981445313 0.063751220703125 -0.0772705078125
-0.0254745483398438 -0.1302490234375 -0.11480712890625 -0.63555908203125
-0.0579986572265625 -0.087554931640625 -0.68402099609375 -0.4930419921875
-0.0212364196777344 -0.0401268005371094 -0.69305419921875 0.24334716796875
0.0223884582519531 -0.0320549011230469 -0.166168212890625 0.550506591796875
0.0446853637695313 -0.0147361755371094 0.18682861328125 0.401702880859375
0.00929069519042969 0.0179653167724609 0.315673828125 0.10150146484375
0.00844097137451172 0.0109996795654297 0.2333984375 -0.15740966796875
0.0192642211914062 -0.0446853637695312 -0.237579345703125 0.1265869140625
-0.00329780578613281 -0.0171880722045898 -0.268447875976563 -0.121414184570313
-0.03326416015625 -0.000631332397460933 -0.0843505859375 -0.43634033203125
-0.0120010375976562 0.0375442504882813 0.347808837890625 -0.528106689453125
0.00954055786132812 0.0657806396484375 0.72454833984375 -0.0516357421875
0.0311241149902344 0.0644760131835938 0.57769775390625 0.57061767578125
0.0507965087890625 0.106575012207031 0.0780029296874999 0.61663818359375
0.00255584716796874 0.109123229980469 0.00946807861328124 0.0938720703125
0.03570556640625 0.110420227050781 0.123138427734375 -0.549346923828125
0.0630722045898438 0.0610198974609375 -0.3375244140625 -0.8057861328125
0.0200233459472656 0.0458106994628906 -0.75732421875 -0.1937255859375
-0.0260162353515625 0.0404052734375 -0.458831787109375 0.4320068359375
-0.0434532165527344 -0.00930404663085936 -0.037994384765625 0.481842041015625
-0.0232830047607422 -0.0332393646240234 0.243576049804688 0.200210571289063
0.0108776092529297 -0.0233478546142578 0.256744384765625 -0.110214233398437
0.0164833068847656 -0.0408248901367188 -0.232589721679688 0.119430541992187
-0.00136661529541016 -0.0142860412597656 -0.23040771484375 -0.147369384765625
-0.0265789031982422 -0.001861572265625 0.00265502929687503 -0.465728759765625
-0.00323486328125 0.0311203002929688 0.449676513671875 -0.48785400390625
0.0148048400878906 0.06207275390625 0.73321533203125 0.07891845703125
0.0302734375 0.0731658935546875 0.46875 0.66741943359375
0.0334930419921875 0.128486633300781 -0.00341796875000003 0.59478759765625
-0.0106964111328125 0.122177124023437 0.0182609558105469 0.0366706848144531
0.0379867553710938 0.118675231933594 0.043701171875 -0.591064453125
0.0722732543945313 0.0589141845703125 -0.47515869140625 -0.726318359375
0.0322914123535156 0.0392608642578125 -0.760498046875 -0.0479125976562501
-0.0152359008789063 0.0355567932128906 -0.355743408203125 0.48565673828125
-0.0372200012207031 -0.0116004943847656 0.0557861328125 0.465423583984375
-0.0220489501953125 -0.0326557159423828 0.28125 0.17413330078125
0.00923347473144531 -0.0199565887451172 0.26092529296875 -0.121994018554687
0.0147514343261719 -0.0355033874511719 -0.229248046875 0.109024047851562
0.00427913665771484 -0.00902366638183594 -0.188812255859375 -0.172637939453125
-0.0134525299072266 -0.00534152984619141 0.094085693359375 -0.482391357421875
0.00719833374023437 0.0228252410888672 0.54345703125 -0.420989990234375
0.0116920471191406 0.0553703308105469 0.71282958984375 0.226318359375
0.0188140869140625 0.0711898803710938 0.3358154296875 0.75531005859375
0.0129318237304688 0.128105163574219 -0.0781555175781249 0.560943603515625
-0.0169219970703125 0.112945556640625 0.0290317535400391 -0.0218944549560547
0.0394668579101562 0.103927612304687 -0.0411987304687499 -0.62213134765625
0.072967529296875 0.04241943359375 -0.59381103515625 -0.62603759765625
0.0382957458496094 0.0237922668457031 -0.73492431640625 0.0895996093749999
-0.00350189208984375 0.0243568420410156 -0.246978759765625 0.518218994140625
-0.0270671844482422 -0.0122566223144531 0.14642333984375 0.437042236328125
-0.0212917327880859 -0.028839111328125 0.3135986328125 0.1414794921875
0.00541973114013672 -0.015345573425293 0.26177978515625 -0.135452270507813
0.0129947662353516 -0.0283317565917969 -0.226318359375 0.09869384765625
0.0133047103881836 -0.00240516662597656 -0.151229858398437 -0.193878173828125
0.00532960891723633 -0.00722408294677734 0.172332763671875 -0.48626708984375
0.0168485641479492 0.0116329193115234 0.615234375 -0.34222412109375
0.00273895263671875 0.0422554016113281 0.674072265625 0.361083984375
0.00107955932617187 0.051483154296875 0.201416015625 0.8182373046875
-0.00183868408203126 0.104080200195313 -0.13739013671875 0.52191162109375
-0.0141983032226562 0.0825271606445313 0.0421371459960938 -0.0743331909179688
0.03387451171875 0.0704879760742188 -0.11944580078125 -0.6387939453125
0.0602798461914063 0.0158843994140625 -0.68060302734375 -0.52496337890625
0.0373077392578125 0.00379180908203125 -0.693115234375 0.20220947265625
0.00738239288330078 0.00886154174804688 -0.15185546875 0.5321044921875
-0.0117454528808594 -0.012019157409668 0.21661376953125 0.400421142578125
-0.019561767578125 -0.0186862945556641 0.3345947265625 0.1097412109375
0.00265693664550781 -0.00787067413330078 0.256546020507812 -0.149307250976563
0.0131931304931641 -0.0211353302001953 -0.225311279296875 0.0897979736328125
0.0224189758300781 0.00464439392089844 -0.124649047851563 -0.207733154296875
0.02728271484375 -0.00882911682128906 0.225830078125 -0.482391357421875
0.0252494812011719 -0.000196456909179688 0.656982421875 -0.2734375
-0.00975799560546875 0.0213203430175781 0.62908935546875 0.4598388671875
-0.0118885040283203 0.0154523849487305 0.1065673828125 0.85040283203125
-0.00151443481445312 0.0576248168945313 -0.167755126953125 0.487762451171875
-0.00257682800292969 0.0335807800292969 0.0524673461914063 -0.110992431640625
0.0191993713378906 0.0247173309326172 -0.17291259765625 -0.64178466796875
0.0354537963867188 -0.0119400024414063 -0.72930908203125 -0.444580078125
0.0300731658935547 -0.013214111328125 -0.65618896484375 0.2769775390625
0.0170965194702148 -0.00592899322509766 -0.08978271484375 0.534698486328125
0.00430870056152344 -0.0123062133789063 0.25537109375 0.37139892578125
-0.014561653137207 -0.00734901428222656 0.3426513671875 0.086639404296875
0.00203704833984375 -4.66108322143555E-05 0.246871948242188 -0.158538818359375
0.0121345520019531 -0.0168828964233398 -0.229354858398438 0.0851287841796875
0.0328350067138672 0.0151309967041016 -0.118194580078125 -0.215606689453125
0.0457725524902344 -0.0101432800292969 0.2425537109375 -0.479736328125
0.0280532836914063 -0.0118122100830078 0.66961669921875 -0.24224853515625
-0.0218086242675781 -0.00421714782714843 0.611572265625 0.4952392578125
-0.0216217041015625 -0.0359230041503906 0.073486328125 0.8548583984375
0.0122461318969727 -0.0054473876953125 -0.174285888671875 0.46917724609375
0.0170326232910156 -0.0274543762207031 0.0631484985351563 -0.1258544921875
-0.00127220153808594 -0.0288028717041016 -0.19171142578125 -0.6407470703125
0.00244903564453125 -0.0387687683105469 -0.745361328125 -0.40869140625
0.0171909332275391 -0.0275173187255859 -0.63916015625 0.3131103515625
0.0228652954101562 -0.0193023681640625 -0.06854248046875 0.536590576171875
0.0191917419433594 -0.0119171142578125 0.263946533203125 0.35931396484375
-0.00771141052246094 0.00461530685424805 0.34381103515625 0.074920654296875
0.00120115280151367 0.00586462020874023 0.2412109375 -0.165374755859375
0.0129966735839844 -0.0131692886352539 -0.235946655273438 0.082855224609375
0.03997802734375 0.0218238830566406 -0.13165283203125 -0.216094970703125
0.0581321716308594 -0.00880813598632812 0.217315673828125 -0.48809814453125
0.0295028686523438 -0.0225086212158203 0.65020751953125 -0.265380859375
-0.0347881317138672 -0.0282459259033203 0.63116455078125 0.471923828125
-0.0311126708984375 -0.0873184204101563 0.11029052734375 0.84600830078125
0.0281143188476563 -0.0704803466796875 -0.157318115234375 0.481109619140625
0.0382843017578125 -0.089141845703125 0.0652542114257813 -0.112754821777344
-0.0190811157226562 -0.0810699462890625 -0.17156982421875 -0.6385498046875
-0.0319633483886719 -0.0629768371582031 -0.73321533203125 -0.4244384765625
-0.0011749267578125 -0.0362472534179688 -0.65216064453125 0.3033447265625
0.02496337890625 -0.0277442932128906 -0.095062255859375 0.542724609375
0.0342807769775391 -0.0133075714111328 0.240478515625 0.3704833984375
0.00170326232910156 0.0139951705932617 0.333770751953125 0.0789794921875
0.00430393218994141 0.00902080535888672 0.235641479492187 -0.163589477539063
0.0150508880615234 -0.0115594863891602 -0.244415283203125 0.0857391357421875
0.0421028137207031 0.0285453796386719 -0.164871215820312 -0.2076416015625
0.0642356872558594 -0.00775146484375 0.15484619140625 -0.4932861328125
0.0269374847412109 -0.0280017852783203 0.6029052734375 -0.3245849609375
-0.047576904296875 -0.0409736633300781 0.67669677734375 0.38262939453125
-0.0493545532226562 -0.124603271484375 0.2117919921875 0.81414794921875
0.0343704223632813 -0.126869201660156 -0.1141357421875 0.510498046875
0.0610809326171875 -0.142730712890625 0.063690185546875 -0.0762481689453125
-0.0263595581054688 -0.129684448242188 -0.11370849609375 -0.630859375
-0.0580673217773437 -0.0862808227539063 -0.68255615234375 -0.4891357421875
-0.02099609375 -0.0406570434570313 -0.689697265625 0.24432373046875
0.0223197937011719 -0.0327949523925781 -0.1640625 0.549591064453125
0.0444488525390625 -0.0138969421386719 0.188140869140625 0.399444580078125
0.00858497619628906 0.0183868408203125 0.314849853515625 0.097625732421875
0.00849437713623047 0.0110769271850586 0.23175048828125 -0.156997680664063
0.0191841125488281 -0.044891357421875 -0.235687255859375 0.128768920898437
-0.00251197814941406 -0.016850471496582 -0.26690673828125 -0.117904663085937
-0.03253173828125 -0.00109481811523438 -0.086639404296875 -0.435150146484375
-0.0117301940917969 0.0378532409667969 0.345672607421875 -0.526763916015625
0.00931930541992188 0.0656013488769531 0.7200927734375 -0.05401611328125
0.0318870544433594 0.0648231506347656 0.57623291015625 0.566650390625
0.05035400390625 0.106422424316406 0.0782470703125 0.61279296875
0.00189208984375001 0.108161926269531 0.00955963134765626 0.0939559936523438
0.0350723266601563 0.109367370605469 0.122467041015625 -0.54736328125
0.0619087219238281 0.0606269836425781 -0.3353271484375 -0.80181884765625
0.0208320617675781 0.0458488464355469 -0.7537841796875 -0.191650390625
-0.0254783630371094 0.0401725769042969 -0.455322265625 0.430877685546875
-0.0435142517089844 -0.00861358642578125 -0.03778076171875 0.479949951171875
-0.0226020812988281 -0.0326213836669922 0.244888305664063 0.198989868164063
0.0119228363037109 -0.0231990814208984 0.255050659179688 -0.110488891601563
0.015716552734375 -0.0421714782714844 -0.2308349609375 0.12066650390625
-0.000890731811523438 -0.014277458190918 -0.2301025390625 -0.145858764648438
-0.0266246795654297 -0.00157928466796875 0.000305175781250041 -0.4637451171875
-0.00323295593261718 0.0314292907714844 0.447021484375 -0.486968994140625
0.0146713256835938 0.0623779296875 0.7315673828125 0.0762939453125
0.03118896484375 0.072357177734375 0.4669189453125 0.664306640625
0.0348739624023438 0.127037048339844 -0.001708984375 0.59234619140625
-0.0107345581054687 0.120895385742187 0.0177726745605469 0.03759765625
0.039459228515625 0.117744445800781 0.04412841796875 -0.58734130859375
0.0713348388671875 0.0581817626953125 -0.47430419921875 -0.7235107421875
0.0321426391601563 0.039642333984375 -0.75732421875 -0.0471801757812501
-0.0162124633789063 0.0339870452880859 -0.353729248046875 0.4840087890625
-0.0367889404296875 -0.01080322265625 0.0570068359375 0.46417236328125
-0.022674560546875 -0.0328483581542969 0.281097412109375 0.172821044921875
0.00957870483398438 -0.0208663940429688 0.259353637695313 -0.122695922851562
0.0146484375 -0.035369873046875 -0.227371215820313 0.110122680664063
0.00429058074951172 -0.00870513916015625 -0.187942504882812 -0.170684814453125
-0.0136394500732422 -0.00529003143310547 0.09185791015625 -0.479766845703125
0.00671577453613281 0.0226020812988281 0.540924072265625 -0.420745849609375
0.0120620727539062 0.0556640625 0.709716796875 0.22283935546875
0.0190849304199219 0.0699195861816406 0.3331298828125 0.75115966796875
0.0139617919921875 0.128082275390625 -0.077056884765625 0.558135986328125
-0.0170974731445313 0.11297607421875 0.0298480987548828 -0.0213375091552734
0.0405044555664063 0.102737426757813 -0.0411987304687501 -0.61871337890625
0.0724258422851563 0.0416259765625 -0.59228515625 -0.6236572265625
0.0384712219238281 0.0234146118164063 -0.731201171875 0.0913696289062501
-0.00461196899414062 0.0236167907714844 -0.245147705078125 0.517486572265625
-0.0259552001953125 -0.0122528076171875 0.146514892578125 0.435333251953125
-0.0217914581298828 -0.0282840728759766 0.313934326171875 0.140411376953125
0.00593852996826172 -0.0152750015258789 0.2598876953125 -0.135269165039062
0.0124130249023438 -0.0292930603027344 -0.225173950195313 0.100662231445312
0.0127162933349609 -0.00229358673095703 -0.150802612304688 -0.192184448242188
0.00499391555786133 -0.00702810287475586 0.16998291015625 -0.484619140625
0.0164709091186523 0.012415885925293 0.6123046875 -0.3427734375
0.00226593017578125 0.0417671203613281 0.6702880859375 0.35858154296875
0.001708984375 0.0510063171386719 0.2041015625 0.8138427734375
-0.00185394287109374 0.103317260742187 -0.13409423828125 0.51934814453125
-0.014617919921875 0.082427978515625 0.0422897338867188 -0.072967529296875
0.0340652465820313 0.0699958801269531 -0.119140625 -0.633544921875
0.0590553283691406 0.0157661437988281 -0.67926025390625 -0.5213623046875
0.037139892578125 0.00388336181640625 -0.68951416015625 0.20269775390625
0.00815677642822265 0.00886917114257812 -0.149658203125 0.5306396484375
-0.0124473571777344 -0.0118513107299805 0.216064453125 0.398712158203125
-0.0194187164306641 -0.0185432434082031 0.333984375 0.107513427734375
0.00247287750244141 -0.00833797454833984 0.2548828125 -0.150100708007813
0.0124645233154297 -0.0214748382568359 -0.223739624023438 0.090850830078125
0.0228309631347656 0.00536346435546875 -0.123626708984375 -0.2076416015625
0.0271663665771484 -0.00780105590820313 0.224029541015625 -0.481170654296875
0.0243129730224609 0.000286102294921875 0.64923095703125 -0.2745361328125
-0.00993919372558593 0.0206756591796875 0.62664794921875 0.45556640625
-0.0119552612304688 0.014948844909668 0.10772705078125 0.84765625
-0.000865936279296879 0.0570831298828125 -0.16693115234375 0.486602783203125
-0.00264930725097656 0.0329132080078125 0.0531997680664062 -0.110267639160156
0.0195884704589844 0.0242347717285156 -0.17388916015625 -0.637939453125
0.0355224609375 -0.0118522644042969 -0.72882080078125 -0.4443359375
0.0293121337890625 -0.0136909484863281 -0.65289306640625 0.27703857421875
0.0164003372192383 -0.00583267211914063 -0.087982177734375 0.531646728515625
0.00369930267333984 -0.0115346908569336 0.2554931640625 0.369171142578125
-0.0139665603637695 -0.00621700286865234 0.34234619140625 0.08447265625
0.00215435028076172 -0.000654935836791992 0.245223999023437 -0.159637451171875
0.0119104385375977 -0.0169219970703125 -0.22833251953125 0.0869140625
0.0342826843261719 0.0143241882324219 -0.117172241210937 -0.21282958984375
0.0449333190917969 -0.0105819702148438 0.23919677734375 -0.477996826171875
0.0270786285400391 -0.0118751525878906 0.66571044921875 -0.24365234375
-0.0211067199707031 -0.00362205505371094 0.611083984375 0.4913330078125
-0.0219573974609375 -0.035919189453125 0.0733642578125001 0.85107421875
0.012486457824707 -0.00600528717041016 -0.17242431640625 0.46734619140625
0.0169563293457031 -0.0274410247802734 0.0627212524414063 -0.123939514160156
-0.00193405151367188 -0.0281696319580078 -0.1905517578125 -0.6358642578125
0.00175094604492188 -0.0387344360351563 -0.74365234375 -0.4058837890625
0.0159320831298828 -0.0284652709960938 -0.63690185546875 0.31219482421875
0.0224285125732422 -0.0190620422363281 -0.0690002441406249 0.533905029296875
0.0198554992675781 -0.011505126953125 0.264556884765625 0.358184814453125
-0.00731182098388672 0.00564432144165039 0.342376708984375 0.073333740234375
0.00171566009521484 0.00494861602783203 0.238372802734375 -0.165130615234375
0.0122890472412109 -0.0128984451293945 -0.234176635742187 0.0843505859375
0.0409812927246094 0.0224266052246094 -0.131378173828125 -0.21435546875
0.0583648681640625 -0.009521484375 0.21417236328125 -0.487152099609375
0.0284233093261719 -0.0217704772949219 0.6468505859375 -0.26617431640625
-0.0345344543457031 -0.0283317565917969 0.63043212890625 0.4677734375
-0.0311203002929688 -0.0868148803710938 0.11297607421875 0.8427734375
0.0280838012695312 -0.0706710815429688 -0.155670166015625 0.478851318359375
0.0373382568359375 -0.0896530151367187 0.0650787353515625 -0.111618041992187
-0.0200653076171875 -0.0807113647460938 -0.17108154296875 -0.635498046875
-0.0321159362792969 -0.0619888305664063 -0.728759765625 -0.420166015625
-0.00142669677734375 -0.0361137390136719 -0.64886474609375 0.30267333984375
0.0243492126464844 -0.0286273956298828 -0.094512939453125 0.540283203125
0.0342731475830078 -0.0132579803466797 0.240692138671875 0.36834716796875
0.00176143646240234 0.0136632919311523 0.332763671875 0.07861328125
0.00592756271362305 0.00804567337036133 0.2333984375 -0.164276123046875
0.0138893127441406 -0.0123081207275391 -0.242645263671875 0.0863037109375
0.0436210632324219 0.02813720703125 -0.164520263671875 -0.20654296875
0.0638351440429687 -0.00865554809570312 0.15093994140625 -0.492401123046875
0.0264167785644531 -0.0279312133789063 0.59954833984375 -0.3255615234375
-0.0472335815429687 -0.0403938293457031 0.67486572265625 0.38018798828125
-0.0492095947265625 -0.12353515625 0.211181640625 0.81036376953125
0.0340805053710937 -0.127349853515625 -0.11181640625 0.50872802734375
0.0601348876953125 -0.142333984375 0.0637283325195313 -0.0749893188476563
-0.026214599609375 -0.129257202148438 -0.11395263671875 -0.6275634765625
-0.0574722290039063 -0.086273193359375 -0.6806640625 -0.48406982421875
-0.02093505859375 -0.0405311584472656 -0.68524169921875 0.24432373046875
0.0220108032226563 -0.0324516296386719 -0.162017822265625 0.546600341796875
0.0448570251464844 -0.0146942138671875 0.18817138671875 0.397186279296875
0.00975990295410156 0.017791748046875 0.315460205078125 0.096832275390625
0.00908088684082031 0.00986289978027344 0.230087280273437 -0.157440185546875
0.0184974670410156 -0.0449562072753906 -0.234375 0.129547119140625
-0.0025482177734375 -0.0166397094726562 -0.266983032226563 -0.117416381835938
-0.0340652465820313 -0.000665664672851568 -0.087890625 -0.432159423828125
-0.0123329162597656 0.0374374389648438 0.34332275390625 -0.526092529296875
0.009765625 0.0646324157714844 0.71875 -0.05462646484375
0.0324134826660156 0.064727783203125 0.57586669921875 0.56390380859375
0.0509109497070312 0.105247497558594 0.07904052734375 0.6114501953125
0.00189971923828125 0.107948303222656 0.0097503662109375 0.0939788818359375
0.03533935546875 0.109321594238281 0.122222900390625 -0.544830322265625
0.0628166198730469 0.0605392456054688 -0.33526611328125 -0.79974365234375
0.0202903747558594 0.0457649230957031 -0.7523193359375 -0.19158935546875
-0.0256538391113281 0.0400924682617187 -0.453857421875 0.430572509765625
-0.04339599609375 -0.00867843627929687 -0.036224365234375 0.478363037109375
-0.0228233337402344 -0.0327529907226563 0.243331909179688 0.197463989257813
0.0117511749267578 -0.0236968994140625 0.2540283203125 -0.111618041992188
0.0161018371582031 -0.0412750244140625 -0.229995727539062 0.12139892578125
-0.000216484069824218 -0.0134258270263672 -0.228897094726563 -0.143646240234375
-0.0272216796875 -0.00137710571289062 -0.000152587890625003 -0.462646484375
-0.00399017333984375 0.0317287445068359 0.443756103515625 -0.48699951171875
0.0152549743652344 0.0617027282714844 0.72857666015625 0.0751953125
0.0320510864257813 0.0723495483398438 0.46661376953125 0.662353515625
0.0350265502929688 0.126556396484375 -0.00152587890624994 0.58966064453125
-0.0112228393554687 0.120849609375 0.01788330078125 0.0377273559570313
0.0387344360351563 0.116668701171875 0.04254150390625 -0.58526611328125
0.071746826171875 0.0586395263671875 -0.47412109375 -0.72064208984375
0.0316390991210938 0.038604736328125 -0.75616455078125 -0.0454711914062499
-0.0155277252197266 0.0346431732177734 -0.352264404296875 0.482635498046875
-0.037017822265625 -0.0110588073730469 0.0576171875 0.46209716796875
-0.0223770141601562 -0.0321884155273438 0.281021118164063 0.1705322265625
0.00866508483886719 -0.0199375152587891 0.258453369140625 -0.121749877929688
0.0145339965820313 -0.0359306335449219 -0.225677490234375 0.11090087890625
0.00491523742675781 -0.00818252563476562 -0.1871337890625 -0.169891357421875
-0.0139436721801758 -0.00393581390380859 0.0885009765624999 -0.479736328125
0.00624465942382812 0.0232372283935547 0.5386962890625 -0.421295166015625
0.012542724609375 0.055084228515625 0.70941162109375 0.22198486328125
0.0203781127929688 0.0704803466796875 0.334716796875 0.7486572265625
0.0142288208007813 0.126930236816406 -0.076904296875 0.55657958984375
-0.0171585083007813 0.112258911132813 0.0292434692382813 -0.0199470520019531
0.0399169921875 0.102310180664062 -0.0418701171875 -0.614013671875
0.072509765625 0.0416183471679687 -0.59161376953125 -0.6214599609375
0.0385475158691406 0.0229682922363281 -0.72991943359375 0.0916748046874999
-0.00388717651367188 0.0243320465087891 -0.24407958984375 0.514801025390625
-0.0260391235351563 -0.0114192962646484 0.14715576171875 0.43310546875
-0.0213680267333984 -0.0272388458251953 0.31256103515625 0.138885498046875
0.00651836395263672 -0.014857292175293 0.258834838867188 -0.136810302734375
0.0122432708740234 -0.0287609100341797 -0.223648071289062 0.10125732421875
0.0139236450195312 -0.00148105621337891 -0.15057373046875 -0.189834594726563
0.00491666793823242 -0.00736427307128906 0.169586181640625 -0.484588623046875
0.015904426574707 0.0120830535888672 0.60809326171875 -0.34197998046875
0.00320816040039062 0.0418624877929688 0.66796875 0.3560791015625
0.00270462036132812 0.0513076782226562 0.20501708984375 0.8126220703125
-0.00107574462890625 0.102622985839844 -0.133697509765625 0.517852783203125
-0.0143966674804688 0.0818099975585938 0.0416107177734375 -0.0724258422851563
0.0335807800292969 0.0694808959960937 -0.120361328125 -0.631591796875
0.0590400695800781 0.0157470703125 -0.6783447265625 -0.51898193359375
0.0376968383789063 0.00360107421875 -0.68798828125 0.203857421875
0.008148193359375 0.00871992111206055 -0.14849853515625 0.528900146484375
-0.0122566223144531 -0.0112543106079102 0.217132568359375 0.397216796875
-0.0187892913818359 -0.0180854797363281 0.33416748046875 0.10675048828125
0.00289201736450195 -0.0080876350402832 0.25341796875 -0.14971923828125
0.0129642486572266 -0.0217304229736328 -0.222900390625 0.0917510986328125
0.0238609313964844 0.00495529174804687 -0.123550415039063 -0.206283569335938
0.026763916015625 -0.00811195373535156 0.22027587890625 -0.4793701171875
0.0235843658447266 0.000341415405273438 0.6494140625 -0.27716064453125
-0.00928688049316406 0.0221290588378906 0.62548828125 0.45452880859375
-0.0110807418823242 0.0144710540771484 0.1085205078125 0.8450927734375
-0.000789642333984377 0.0559921264648437 -0.165069580078125 0.48504638671875
-0.00362968444824219 0.0328102111816406 0.0537338256835937 -0.107772827148438
0.0196590423583984 0.0240306854248047 -0.173828125 -0.63482666015625
0.0355644226074219 -0.0114593505859375 -0.72760009765625 -0.43988037109375
0.0299892425537109 -0.0143470764160156 -0.6517333984375 0.27783203125
0.0172996520996094 -0.00631809234619141 -0.087005615234375 0.530548095703125
0.00457382202148437 -0.0113954544067383 0.25506591796875 0.368011474609375
-0.0139532089233398 -0.00622081756591797 0.342803955078125 0.083526611328125
0.00286293029785156 0.00047612190246582 0.244918823242188 -0.159011840820313
0.0114936828613281 -0.0176162719726563 -0.227203369140625 0.0873565673828125
0.0344715118408203 0.0148086547851563 -0.116973876953125 -0.212448120117188
0.0446701049804688 -0.0101242065429688 0.236602783203125 -0.478515625
0.0266475677490234 -0.0118122100830078 0.6622314453125 -0.2437744140625
-0.0214633941650391 -0.00334548950195312 0.609619140625 0.49169921875
-0.020416259765625 -0.0358085632324219 0.0742797851562499 0.84918212890625
0.0111169815063477 -0.00649833679199219 -0.1712646484375 0.467620849609375
0.0153141021728516 -0.0275173187255859 0.0625839233398437 -0.123298645019531
-0.00195503234863281 -0.0281047821044922 -0.18939208984375 -0.63336181640625
0.0026397705078125 -0.0381088256835938 -0.741455078125 -0.40252685546875
0.0162220001220703 -0.0282554626464844 -0.63250732421875 0.31414794921875
0.0229206085205078 -0.0200576782226562 -0.0668640136718751 0.532745361328125
0.0194206237792969 -0.0114784240722656 0.2637939453125 0.356170654296875
-0.00713968276977539 0.00594711303710938 0.3433837890625 0.0718994140625
0.00237321853637695 0.00452470779418945 0.23846435546875 -0.164566040039063
0.0127201080322266 -0.0144214630126953 -0.233566284179688 0.08575439453125
0.04156494140625 0.022216796875 -0.131439208984375 -0.212615966796875
0.0578422546386719 -0.0093841552734375 0.212615966796875 -0.485931396484375
0.0284290313720703 -0.0218009948730469 0.64459228515625 -0.26678466796875
-0.0342636108398438 -0.0282020568847656 0.6278076171875 0.46612548828125
-0.030914306640625 -0.0860671997070313 0.11181640625 0.8411865234375
0.0280990600585938 -0.0711517333984375 -0.154876708984375 0.47747802734375
0.0367889404296875 -0.0887222290039063 0.0657958984375 -0.110382080078125
-0.01953125 -0.0803680419921875 -0.170654296875 -0.6319580078125
-0.0320549011230469 -0.0620002746582031 -0.72760009765625 -0.4178466796875
-0.00199508666992187 -0.036407470703125 -0.6455078125 0.302978515625
0.0243682861328125 -0.0288314819335938 -0.09332275390625 0.53900146484375
0.0343875885009766 -0.0126209259033203 0.2403564453125 0.36614990234375
0.00223445892333984 0.0144872665405273 0.332489013671875 0.076904296875
0.00521135330200195 0.00878286361694336 0.23175048828125 -0.16448974609375
0.0146818161010742 -0.0129423141479492 -0.24127197265625 0.0878753662109375
0.0436553955078125 0.0280799865722656 -0.164108276367187 -0.2047119140625
0.0638236999511719 -0.00835800170898438 0.149017333984375 -0.491851806640625
0.0248069763183594 -0.0273075103759766 0.59674072265625 -0.325927734375
-0.0481033325195313 -0.0403022766113281 0.67266845703125 0.37811279296875
-0.049041748046875 -0.122390747070313 0.212158203125 0.8072509765625
0.0347442626953125 -0.127525329589844 -0.112274169921875 0.506500244140625
0.059295654296875 -0.1424560546875 0.0643386840820313 -0.074066162109375
-0.0269241333007812 -0.128761291503906 -0.11407470703125 -0.6263427734375
-0.0580215454101563 -0.0858154296875 -0.6800537109375 -0.48187255859375
-0.0211067199707031 -0.0405082702636719 -0.6822509765625 0.2452392578125
0.0214920043945312 -0.0325222015380859 -0.160614013671875 0.545196533203125
0.0446281433105469 -0.0139312744140625 0.188140869140625 0.395660400390625
0.0100650787353516 0.0186920166015625 0.31439208984375 0.095123291015625
0.00924396514892578 0.00981712341308594 0.228713989257813 -0.157806396484375
0.0187149047851563 -0.0451583862304688 -0.233642578125 0.130020141601563
-0.00158309936523437 -0.0162210464477539 -0.266357421875 -0.115829467773438
-0.0340576171875 0.000272750854492185 -0.087554931640625 -0.431854248046875
-0.0127792358398438 0.0375785827636719 0.340911865234375 -0.52606201171875
0.0104217529296875 0.0650634765625 0.71649169921875 -0.055419921875
0.0329208374023438 0.0653114318847656 0.574951171875 0.56103515625
0.051483154296875 0.1044921875 0.0791015625 0.610595703125
0.00151062011718749 0.107276916503906 0.00996398925781249 0.0949935913085938
0.0352401733398438 0.108711242675781 0.12078857421875 -0.542633056640625
0.0625228881835938 0.0600700378417969 -0.33526611328125 -0.79803466796875
0.0205802917480469 0.0452308654785156 -0.75115966796875 -0.190673828125
-0.0251083374023437 0.0397529602050781 -0.452606201171875 0.4285888671875
-0.0439491271972656 -0.00864791870117188 -0.0366516113281249 0.47833251953125
-0.0235748291015625 -0.0325756072998047 0.243270874023438 0.197357177734375
0.0121688842773438 -0.0235195159912109 0.254241943359375 -0.110946655273438
0.0159492492675781 -0.0419578552246094 -0.229476928710938 0.122207641601562
8.96453857421881E-05 -0.0127315521240234 -0.2286376953125 -0.142868041992187
-0.0275497436523437 -0.000909805297851568 -0.00256347656250001 -0.4627685546875
-0.00412940979003906 0.03228759765625 0.44244384765625 -0.48651123046875
0.0154685974121094 0.0620841979980469 0.7269287109375 0.07427978515625
0.0329818725585937 0.07305908203125 0.46728515625 0.66119384765625
0.0349044799804688 0.125694274902344 -0.00103759765625001 0.58990478515625
-0.0118484497070312 0.119865417480469 0.0179367065429687 0.0387420654296875
0.03857421875 0.1170654296875 0.04290771484375 -0.58245849609375
0.0719451904296875 0.058502197265625 -0.4725341796875 -0.71746826171875
0.0319595336914063 0.0389862060546875 -0.753662109375 -0.0444335937499998
-0.0147571563720703 0.0345172882080078 -0.3519287109375 0.482208251953125
-0.0371246337890625 -0.00999832153320313 0.057830810546875 0.461822509765625
-0.0227851867675781 -0.0312023162841797 0.2799072265625 0.170333862304688
0.0097503662109375 -0.0205631256103516 0.2578125 -0.12286376953125
0.0140800476074219 -0.0361900329589844 -0.22552490234375 0.112091064453125
0.00507307052612305 -0.0079660415649414 -0.186431884765625 -0.168991088867188
-0.0137538909912109 -0.00363540649414062 0.086944580078125 -0.478851318359375
0.00613212585449219 0.0232467651367188 0.53594970703125 -0.420867919921875
0.013031005859375 0.0553398132324219 0.70654296875 0.22076416015625
0.0204238891601563 0.070709228515625 0.33551025390625 0.7476806640625
0.014404296875 0.126380920410156 -0.076385498046875 0.556427001953125
-0.0175704956054688 0.112068176269531 0.0295581817626953 -0.0189361572265625
0.0402908325195313 0.102027893066406 -0.0414428710937499 -0.61322021484375
0.0720901489257813 0.0416412353515625 -0.5904541015625 -0.61920166015625
0.0385284423828125 0.0234718322753906 -0.7279052734375 0.0921020507812501
-0.00274467468261719 0.0236396789550781 -0.24365234375 0.513519287109375
-0.0262088775634766 -0.0110511779785156 0.14691162109375 0.432403564453125
-0.021942138671875 -0.026885986328125 0.312255859375 0.1376953125
0.00679492950439453 -0.014765739440918 0.257858276367188 -0.13720703125
0.0122776031494141 -0.0297756195068359 -0.222564697265625 0.102554321289063
0.0139942169189453 -0.00178241729736328 -0.149810791015625 -0.19012451171875
0.00483512878417969 -0.00703525543212891 0.1676025390625 -0.483642578125
0.0154972076416016 0.0127964019775391 0.60748291015625 -0.343505859375
0.00443267822265625 0.0421333312988281 0.6669921875 0.356201171875
0.00261688232421875 0.0513267517089844 0.20538330078125 0.81036376953125
-0.000289916992187509 0.102523803710937 -0.13323974609375 0.51641845703125
-0.0152053833007813 0.0815048217773438 0.042327880859375 -0.071044921875
0.0337448120117188 0.0696258544921875 -0.11883544921875 -0.6297607421875
0.0598869323730469 0.0158920288085938 -0.676025390625 -0.51611328125
0.0381126403808594 0.00308990478515625 -0.6859130859375 0.20355224609375
0.00799083709716797 0.00876569747924805 -0.149017333984375 0.528472900390625
-0.0122137069702148 -0.0109348297119141 0.21710205078125 0.39605712890625
-0.0191993713378906 -0.0172386169433594 0.333648681640625 0.10675048828125
0.00328779220581055 -0.00809097290039063 0.25274658203125 -0.151016235351563
0.0128803253173828 -0.0222835540771484 -0.220932006835938 0.0927734375
0.0242195129394531 0.00535774230957031 -0.123321533203125 -0.204544067382813
0.0265712738037109 -0.00858116149902344 0.219940185546875 -0.47967529296875
0.0233592987060547 -0.000246047973632813 0.646484375 -0.2760009765625
-0.00925064086914062 0.0213069915771484 0.625732421875 0.4534912109375
-0.0104284286499023 0.0148687362670898 0.11041259765625 0.84307861328125
-0.000617980957031251 0.054931640625 -0.165008544921875 0.483428955078125
-0.00345230102539063 0.0328826904296875 0.0536270141601563 -0.10797119140625
0.0185775756835938 0.0242805480957031 -0.17388916015625 -0.6339111328125
0.0355720520019531 -0.0120887756347656 -0.72564697265625 -0.43878173828125
0.0298957824707031 -0.0144767761230469 -0.64849853515625 0.27874755859375
0.0163993835449219 -0.00676345825195313 -0.0859375 0.5301513671875
0.0040435791015625 -0.0108556747436523 0.2559814453125 0.367034912109375
-0.0141839981079102 -0.00602531433105468 0.34228515625 0.082611083984375
0.00255632400512695 -0.000516891479492188 0.243255615234375 -0.159286499023438
0.0115203857421875 -0.0180530548095703 -0.22613525390625 0.08746337890625
0.0358123779296875 0.0142021179199219 -0.117523193359375 -0.211502075195313
0.0447959899902344 -0.00951766967773438 0.23681640625 -0.47674560546875
0.0262680053710937 -0.0121974945068359 0.66131591796875 -0.24505615234375
-0.0206565856933594 -0.00328636169433594 0.6087646484375 0.4903564453125
-0.0206565856933594 -0.0350914001464844 0.07342529296875 0.84844970703125
0.0116777420043945 -0.00667762756347656 -0.171295166015625 0.466583251953125
0.015533447265625 -0.0279388427734375 0.06378173828125 -0.122108459472656
-0.0021209716796875 -0.0282058715820312 -0.1875 -0.63262939453125
0.00165939331054687 -0.0389480590820313 -0.7401123046875 -0.400146484375
0.0157871246337891 -0.0279445648193359 -0.63189697265625 0.31353759765625
0.0224456787109375 -0.0195846557617188 -0.06591796875 0.532196044921875
0.0201911926269531 -0.0113449096679688 0.264862060546875 0.355255126953125
-0.00690174102783203 0.00659799575805664 0.34326171875 0.0706787109375
0.00283265113830566 0.00402140617370605 0.237823486328125 -0.165115356445313
0.0124826431274414 -0.0144987106323242 -0.231979370117188 0.0861968994140625
0.0423202514648438 0.022430419921875 -0.130599975585937 -0.212142944335938
0.0581169128417969 -0.0098114013671875 0.21142578125 -0.486328125
0.0281352996826172 -0.0216407775878906 0.64306640625 -0.2664794921875
-0.0346279144287109 -0.0268192291259766 0.62579345703125 0.46539306640625
-0.0303955078125 -0.0860824584960938 0.11224365234375 0.83966064453125
0.027557373046875 -0.070770263671875 -0.15472412109375 0.476348876953125
0.0359039306640625 -0.0885696411132812 0.06536865234375 -0.109344482421875
-0.0194549560546875 -0.0798568725585938 -0.16876220703125 -0.6298828125
-0.03271484375 -0.0617637634277344 -0.72796630859375 -0.41632080078125
-0.00239181518554687 -0.0359687805175781 -0.64501953125 0.3038330078125
0.0247154235839844 -0.0295829772949219 -0.091552734375 0.5380859375
0.0340671539306641 -0.0126018524169922 0.2403564453125 0.365509033203125
0.00254249572753906 0.0150384902954102 0.3323974609375 0.07537841796875
0.00635242462158203 0.0091094970703125 0.231369018554687 -0.164535522460937
0.0142059326171875 -0.0128974914550781 -0.240158081054687 0.0890655517578125
0.0449028015136719 0.0277786254882813 -0.162994384765625 -0.203948974609375
0.0635261535644531 -0.00836944580078125 0.146240234375 -0.490814208984375
0.0253276824951172 -0.0273799896240234 0.59576416015625 -0.32574462890625
-0.047027587890625 -0.0396537780761719 0.67205810546875 0.37652587890625
-0.0484542846679687 -0.122383117675781 0.21240234375 0.80694580078125
0.0337753295898438 -0.127609252929688 -0.11090087890625 0.506103515625
0.0582122802734375 -0.1427001953125 0.0650711059570313 -0.073211669921875
-0.027191162109375 -0.128677368164063 -0.11358642578125 -0.62310791015625
-0.0586471557617188 -0.0854949951171875 -0.67889404296875 -0.48065185546875
-0.0214271545410156 -0.0400428771972656 -0.68109130859375 0.24639892578125
0.0210075378417969 -0.0326061248779297 -0.15972900390625 0.545654296875
0.0447540283203125 -0.0140724182128906 0.188385009765625 0.394317626953125
0.0107517242431641 0.0193767547607422 0.31494140625 0.094696044921875
0.0100059509277344 0.00988006591796875 0.228851318359375 -0.158096313476563
0.0177993774414063 -0.0458946228027344 -0.233322143554688 0.131057739257812
-0.00116920471191406 -0.0153474807739258 -0.26593017578125 -0.115036010742188
-0.0345191955566406 0.000261306762695306 -0.088623046875 -0.43145751953125
-0.0131454467773438 0.0382080078125 0.34014892578125 -0.52508544921875
0.0105934143066406 0.0644950866699219 0.71539306640625 -0.056396484375
0.0340499877929688 0.0643959045410156 0.57684326171875 0.56243896484375
0.0516204833984375 0.104248046875 0.0797119140625 0.609619140625
0.000953674316406245 0.107162475585938 0.0100936889648438 0.0954513549804688
0.0358123779296875 0.109001159667969 0.12274169921875 -0.542724609375
0.0634346008300781 0.0606536865234375 -0.33477783203125 -0.7999267578125
0.02166748046875 0.0459136962890625 -0.75213623046875 -0.19219970703125
-0.0249290466308594 0.040008544921875 -0.453125 0.429229736328125
-0.0445899963378906 -0.00819778442382811 -0.037109375 0.47808837890625
-0.023345947265625 -0.0320930480957031 0.243545532226562 0.197006225585938
0.0113372802734375 -0.0228042602539063 0.253677368164063 -0.111465454101563
0.0158348083496094 -0.0417251586914063 -0.229217529296875 0.123260498046875
0.000576019287109374 -0.0130901336669922 -0.227691650390625 -0.1414794921875
-0.0277385711669922 -0.00129890441894532 -0.00122070312499999 -0.462005615234375
-0.00453567504882813 0.0325298309326172 0.44287109375 -0.485931396484375
0.0155906677246094 0.0627593994140625 0.72662353515625 0.072021484375
0.0328292846679688 0.0727920532226563 0.46783447265625 0.6614990234375
0.036224365234375 0.124961853027344 0.00164794921875006 0.58905029296875
-0.0123443603515625 0.119964599609375 0.0177192687988281 0.0396881103515625
0.0390625 0.116157531738281 0.0440673828125 -0.58172607421875
0.0724029541015625 0.0583648681640625 -0.472900390625 -0.71759033203125
0.0326499938964844 0.0383834838867188 -0.754638671875 -0.0441284179687498
-0.0146770477294922 0.0350246429443359 -0.351776123046875 0.48077392578125
-0.037322998046875 -0.00988006591796876 0.058319091796875 0.46270751953125
-0.0228748321533203 -0.0313758850097656 0.28155517578125 0.169952392578125
0.00996780395507812 -0.0196437835693359 0.257644653320313 -0.123809814453125
0.013519287109375 -0.0365791320800781 -0.224212646484375 0.1134033203125
0.00604915618896484 -0.00826454162597656 -0.186920166015625 -0.168350219726562
-0.0144224166870117 -0.00417041778564453 0.08807373046875 -0.47979736328125
0.005096435546875 0.0237216949462891 0.535888671875 -0.419677734375
0.012969970703125 0.0551567077636719 0.70721435546875 0.22021484375
0.020904541015625 0.0712966918945313 0.3363037109375 0.74932861328125
0.0148544311523438 0.126266479492188 -0.07574462890625 0.55706787109375
-0.0185394287109375 0.111335754394531 0.0295372009277344 -0.0182647705078125
0.0402679443359375 0.101661682128906 -0.03985595703125 -0.613037109375
0.07281494140625 0.0409011840820312 -0.5897216796875 -0.6195068359375
0.0392112731933594 0.02349853515625 -0.72906494140625 0.0903930664062501
-0.00286102294921875 0.0233535766601563 -0.2442626953125 0.514434814453125
-0.0260505676269531 -0.0114803314208984 0.147216796875 0.431884765625
-0.0215740203857422 -0.0262546539306641 0.313018798828125 0.136993408203125
0.00617122650146484 -0.0150852203369141 0.25738525390625 -0.136993408203125
0.0126171112060547 -0.0297012329101562 -0.22247314453125 0.10357666015625
0.0157632827758789 -0.00150108337402344 -0.14990234375 -0.189178466796875
0.00417518615722656 -0.00715875625610351 0.165374755859375 -0.484710693359375
0.0150213241577148 0.0123128890991211 0.6065673828125 -0.34197998046875
0.00374603271484375 0.0426597595214844 0.66827392578125 0.35595703125
0.00304031372070312 0.0525283813476563 0.20526123046875 0.810791015625
-0.000549316406249992 0.101478576660156 -0.134613037109375 0.51605224609375
-0.0155792236328125 0.0812530517578125 0.0418319702148438 -0.0697479248046875
0.0343742370605469 0.0689735412597656 -0.1185302734375 -0.62884521484375
0.0598106384277344 0.0157089233398438 -0.67535400390625 -0.51617431640625
0.0378761291503906 0.00339508056640625 -0.68731689453125 0.20452880859375
0.00825595855712891 0.00873088836669922 -0.147491455078125 0.528289794921875
-0.0124969482421875 -0.010655403137207 0.217681884765625 0.39654541015625
-0.0188941955566406 -0.0164432525634766 0.33551025390625 0.10589599609375
0.00393581390380859 -0.00849533081054688 0.252548217773437 -0.1502685546875
0.0121002197265625 -0.0226898193359375 -0.22076416015625 0.0943145751953125
0.0254173278808594 0.00478935241699219 -0.122955322265625 -0.204193115234375
0.0263843536376953 -0.00866508483886719 0.219024658203125 -0.480010986328125
0.0230998992919922 0.000562667846679688 0.64788818359375 -0.27606201171875
-0.009307861328125 0.0219497680664063 0.62493896484375 0.454345703125
-0.00989437103271485 0.0151214599609375 0.1083984375 0.84356689453125
-0.00090789794921875 0.0554122924804688 -0.16497802734375 0.48406982421875
-0.00421905517578125 0.0327796936035156 0.0537796020507813 -0.106117248535156
0.0191688537597656 0.0239238739013672 -0.17205810546875 -0.63165283203125
0.0353965759277344 -0.0119514465332031 -0.72503662109375 -0.4365234375
0.0298309326171875 -0.0141468048095703 -0.64984130859375 0.278564453125
0.0171651840209961 -0.007568359375 -0.0853271484375 0.529998779296875
0.00521564483642578 -0.0104408264160156 0.255279541015625 0.366485595703125
-0.0142374038696289 -0.00502395629882813 0.34283447265625 0.08123779296875
0.00345134735107422 -0.00034785270690918 0.2435302734375 -0.158905029296875
0.0112667083740234 -0.0185470581054688 -0.225494384765625 0.0892333984375
0.0358734130859375 0.01422119140625 -0.116744995117188 -0.211456298828125
0.0447349548339844 -0.00960922241210938 0.235595703125 -0.47772216796875
0.0261688232421875 -0.0112876892089844 0.6605224609375 -0.2442626953125
-0.0206756591796875 -0.00244331359863281 0.60894775390625 0.4893798828125
-0.0201854705810547 -0.0350494384765625 0.0736083984374999 0.84625244140625
0.0119361877441406 -0.00710201263427734 -0.171844482421875 0.466064453125
0.0144004821777344 -0.0284519195556641 0.063323974609375 -0.121528625488281
-0.00213813781738281 -0.0278339385986328 -0.1881103515625 -0.632568359375
0.00188827514648437 -0.0388298034667969 -0.74029541015625 -0.40008544921875
0.0159835815429687 -0.0287532806396484 -0.6318359375 0.313232421875
0.0229854583740234 -0.0206775665283203 -0.065521240234375 0.531829833984375
0.0200252532958984 -0.0117759704589844 0.26385498046875 0.35498046875
-0.00628089904785156 0.00702524185180664 0.34326171875 0.070404052734375
0.00305557250976563 0.00449085235595703 0.236984252929687 -0.165802001953125
0.0123558044433594 -0.014984130859375 -0.231704711914062 0.0873260498046875
0.0423469543457031 0.0219078063964844 -0.130844116210938 -0.21173095703125
0.0577621459960938 -0.0090789794921875 0.21240234375 -0.48577880859375
0.0265998840332031 -0.0215187072753906 0.64251708984375 -0.26715087890625
-0.0339031219482422 -0.0261383056640625 0.6270751953125 0.46502685546875
-0.030029296875 -0.0861434936523437 0.11236572265625 0.838623046875
0.0278244018554688 -0.0706710815429688 -0.154541015625 0.47711181640625
0.0349578857421875 -0.0889663696289063 0.0666656494140625 -0.108856201171875
-0.0198822021484375 -0.080322265625 -0.16717529296875 -0.6285400390625
-0.032745361328125 -0.0620079040527344 -0.7265625 -0.41326904296875
-0.00198745727539063 -0.0364265441894531 -0.64483642578125 0.303955078125
0.0243911743164062 -0.029693603515625 -0.09228515625 0.53887939453125
0.0347576141357422 -0.0123367309570312 0.241302490234375 0.3656005859375
0.00301074981689453 0.015772819519043 0.332977294921875 0.07421875
0.00608539581298828 0.00812721252441406 0.2315673828125 -0.164840698242188
0.0142621994018555 -0.0139608383178711 -0.23919677734375 0.0902862548828125
0.0463066101074219 0.0272903442382813 -0.1634521484375 -0.203414916992188
0.0630912780761719 -0.00851821899414063 0.1470947265625 -0.49200439453125
0.0245532989501953 -0.0269374847412109 0.595458984375 -0.32403564453125
-0.0471267700195313 -0.0394973754882813 0.6710205078125 0.37689208984375
-0.048736572265625 -0.122276306152344 0.21319580078125 0.8074951171875
0.0337448120117187 -0.127861022949219 -0.110382080078125 0.505523681640625
0.05792236328125 -0.141433715820313 0.0657958984375 -0.0724639892578125
-0.0277862548828125 -0.128807067871094 -0.11224365234375 -0.6217041015625
-0.0594558715820313 -0.0854034423828125 -0.67822265625 -0.47979736328125
-0.0216255187988281 -0.0408973693847656 -0.681396484375 0.24591064453125
0.0208053588867188 -0.0334224700927734 -0.1591796875 0.545745849609375
0.0452651977539063 -0.0144462585449219 0.188873291015625 0.3946533203125
0.0117893218994141 0.0190486907958984 0.314788818359375 0.0938720703125
0.0104227066040039 0.00970554351806641 0.229049682617188 -0.158309936523438
0.01861572265625 -0.0461540222167969 -0.23333740234375 0.131576538085937
7.91549682617173E-05 -0.0149440765380859 -0.26556396484375 -0.1142578125
-0.0349617004394531 0.000175476074218752 -0.088653564453125 -0.4307861328125
-0.01336669921875 0.0380439758300781 0.341400146484375 -0.526824951171875
0.0112342834472656 0.0657997131347656 0.7166748046875 -0.05621337890625
0.0343246459960937 0.0651473999023438 0.5767822265625 0.56402587890625
0.052001953125 0.104133605957031 0.08026123046875 0.6109619140625
0.000442504882812497 0.106674194335937 0.0099639892578125 0.0969161987304688
0.0357818603515625 0.108680725097656 0.12310791015625 -0.54034423828125
0.0629959106445313 0.0613594055175781 -0.33587646484375 -0.80010986328125
0.0212287902832031 0.0453987121582031 -0.752197265625 -0.19110107421875
-0.0242919921875 0.0395469665527344 -0.45391845703125 0.428466796875
-0.0442848205566406 -0.00740814208984374 -0.036041259765625 0.47808837890625
-0.0238265991210937 -0.0316791534423828 0.244064331054688 0.196533203125
0.0121212005615234 -0.0241470336914063 0.253082275390625 -0.112655639648438
0.0161018371582031 -0.0425567626953125 -0.228271484375 0.124191284179687
0.00121212005615234 -0.0136041641235352 -0.227432250976562 -0.140670776367188
-0.0288276672363281 -0.000453948974609378 -0.002960205078125 -0.46234130859375
-0.00463485717773437 0.0326728820800781 0.441802978515625 -0.487640380859375
0.0159416198730469 0.0629768371582031 0.7257080078125 0.0751953125
0.0342864990234375 0.0728607177734375 0.466796875 0.66094970703125
0.0351104736328125 0.125144958496094 -0.000549316406249989 0.5894775390625
-0.0128250122070313 0.119155883789063 0.0180778503417969 0.0409622192382813
0.0392913818359375 0.115333557128906 0.0438232421875 -0.58221435546875
0.0723953247070313 0.059051513671875 -0.47119140625 -0.717529296875
0.0324211120605469 0.0387763977050781 -0.75579833984375 -0.0452270507812499
-0.0148048400878906 0.0340499877929688 -0.35198974609375 0.481292724609375
-0.0376853942871094 -0.00990676879882812 0.0587158203125 0.462158203125
-0.0230922698974609 -0.0312290191650391 0.282958984375 0.169891357421875
0.0095062255859375 -0.0205307006835937 0.257827758789063 -0.1246337890625
0.0138587951660156 -0.0369338989257813 -0.224380493164063 0.114212036132812
0.00652217864990234 -0.00747013092041016 -0.186325073242188 -0.167587280273438
-0.015131950378418 -0.00392627716064453 0.08721923828125 -0.479522705078125
0.00531768798828125 0.0238265991210938 0.535552978515625 -0.421356201171875
0.0130119323730469 0.0558662414550781 0.707275390625 0.220458984375
0.0212326049804688 0.0713424682617188 0.33502197265625 0.7501220703125
0.0143966674804687 0.125198364257813 -0.0769348144531249 0.556365966796875
-0.01904296875 0.111114501953125 0.0297355651855469 -0.017242431640625
0.0399093627929687 0.102119445800781 -0.041015625 -0.612548828125
0.0726699829101563 0.04144287109375 -0.5908203125 -0.6181640625
0.0392875671386719 0.0233078002929688 -0.72998046875 0.0932006835937499
-0.0030364990234375 0.0228652954101563 -0.243896484375 0.514404296875
-0.0272216796875 -0.0101337432861328 0.14825439453125 0.4322509765625
-0.0221290588378906 -0.0262584686279297 0.31365966796875 0.1361083984375
0.00618457794189453 -0.0149059295654297 0.2574462890625 -0.13775634765625
0.0118503570556641 -0.0307464599609375 -0.221832275390625 0.105148315429688
0.0159235000610352 -0.0013580322265625 -0.14947509765625 -0.188751220703125
0.00409936904907227 -0.00577974319458008 0.165313720703125 -0.484161376953125
0.0143833160400391 0.0129375457763672 0.6072998046875 -0.3424072265625
0.00372314453125 0.0424957275390625 0.66845703125 0.35528564453125
0.00400161743164063 0.0524139404296875 0.2049560546875 0.81024169921875
-0.000663757324218743 0.101936340332031 -0.13323974609375 0.51708984375
-0.016082763671875 0.0818328857421875 0.0429649353027344 -0.0697975158691406
0.0341644287109375 0.0686149597167969 -0.116943359375 -0.62890625
0.0602569580078125 0.0152587890625 -0.67657470703125 -0.5150146484375
0.0380706787109375 0.00386428833007813 -0.6878662109375 0.204345703125
0.00846433639526367 0.00873804092407226 -0.14788818359375 0.5289306640625
-0.0117855072021484 -0.010746955871582 0.2171630859375 0.3955078125
-0.0189857482910156 -0.016387939453125 0.334503173828125 0.10479736328125
0.00357723236083984 -0.00830984115600586 0.25201416015625 -0.152130126953125
0.0124282836914063 -0.0230579376220703 -0.221038818359375 0.0944976806640625
0.0249366760253906 0.00528907775878906 -0.12249755859375 -0.203109741210938
0.0263862609863281 -0.00762176513671875 0.218170166015625 -0.48016357421875
0.0229244232177734 0.000993728637695312 0.64752197265625 -0.27532958984375
-0.00828361511230469 0.0223274230957031 0.62310791015625 0.454833984375
-0.00993061065673828 0.0153102874755859 0.109130859375 0.84423828125
-0.000419616699218752 0.0544471740722656 -0.165557861328125 0.48419189453125
-0.00517654418945313 0.0327739715576172 0.05474853515625 -0.105575561523438
0.0188484191894531 0.0234928131103516 -0.17108154296875 -0.6328125
0.0351333618164062 -0.0123157501220703 -0.7252197265625 -0.4361572265625
0.0296478271484375 -0.0144939422607422 -0.64990234375 0.2786865234375
0.0170364379882813 -0.00720500946044922 -0.08685302734375 0.52984619140625
0.00450611114501953 -0.0105047225952148 0.256256103515625 0.36688232421875
-0.0132846832275391 -0.00521278381347656 0.343475341796875 0.08087158203125
0.0032958984375 0.000130414962768555 0.242691040039063 -0.159805297851563
0.0115070343017578 -0.01904296875 -0.22503662109375 0.0901641845703125
0.0364456176757813 0.0144233703613281 -0.116455078125 -0.211288452148438
0.0452690124511719 -0.00992584228515625 0.235626220703125 -0.47802734375
0.0255355834960937 -0.0114841461181641 0.6627197265625 -0.246337890625
-0.0207729339599609 -0.00275993347167968 0.6090087890625 0.4906005859375
-0.0205879211425781 -0.0348834991455078 0.07196044921875 0.84844970703125
0.0117130279541016 -0.00768375396728516 -0.172454833984375 0.466278076171875
0.0135841369628906 -0.0281124114990234 0.0645828247070312 -0.120552062988281
-0.00195693969726562 -0.0281791687011719 -0.18634033203125 -0.63189697265625
0.00174331665039062 -0.0382728576660156 -0.74151611328125 -0.40008544921875
0.0158348083496094 -0.0279483795166016 -0.6329345703125 0.31365966796875
0.0228691101074219 -0.0206699371337891 -0.0656127929687499 0.532867431640625
0.0201473236083984 -0.0109386444091797 0.265289306640625 0.3546142578125
-0.00539302825927734 0.00740194320678711 0.343536376953125 0.06976318359375
0.00330781936645508 0.00453424453735352 0.23699951171875 -0.166305541992188
0.0126848220825195 -0.0156564712524414 -0.231719970703125 0.0880279541015625
0.0433769226074219 0.0218849182128906 -0.131576538085937 -0.212081909179688
0.0577507019042969 -0.0096588134765625 0.210540771484375 -0.485107421875
0.0266914367675781 -0.0217037200927734 0.6427001953125 -0.26776123046875
-0.0333309173583984 -0.0264816284179687 0.628173828125 0.4659423828125
-0.0302047729492187 -0.0859832763671875 0.11126708984375 0.839599609375
0.0274276733398438 -0.0716629028320313 -0.1544189453125 0.4765625
0.034454345703125 -0.0883026123046875 0.0669784545898438 -0.107521057128906
-0.0207595825195312 -0.079986572265625 -0.16790771484375 -0.6295166015625
-0.0325927734375 -0.0611457824707031 -0.7261962890625 -0.41455078125
-0.00226211547851563 -0.03704833984375 -0.64471435546875 0.30462646484375
0.0244064331054688 -0.0297660827636719 -0.0920715332031249 0.53924560546875
0.0345420837402344 -0.0124397277832031 0.241790771484375 0.3665771484375
0.00374984741210937 0.0159740447998047 0.333709716796875 0.072784423828125
0.00602054595947266 0.00833702087402344 0.231185913085937 -0.165252685546875
0.0141077041625977 -0.0136404037475586 -0.239990234375 0.09014892578125
0.0464935302734375 0.0271110534667969 -0.16326904296875 -0.20294189453125
0.0635147094726563 -0.0075531005859375 0.14691162109375 -0.4908447265625
0.0239391326904297 -0.0273284912109375 0.59625244140625 -0.326904296875
-0.0467987060546875 -0.0397415161132813 0.67266845703125 0.3770751953125
-0.0480804443359375 -0.122383117675781 0.21282958984375 0.80780029296875
0.0336151123046875 -0.128425598144531 -0.110748291015625 0.506072998046875
0.0566253662109375 -0.14178466796875 0.0661087036132813 -0.0720138549804688
-0.0274200439453125 -0.128349304199219 -0.1103515625 -0.622802734375
-0.0590133666992187 -0.0849380493164063 -0.67919921875 -0.4798583984375
-0.0222015380859375 -0.0412025451660156 -0.68218994140625 0.24517822265625
0.0213603973388672 -0.0330963134765625 -0.160247802734375 0.54534912109375
0.0459060668945312 -0.0145492553710938 0.189422607421875 0.394622802734375
0.0118389129638672 0.0202808380126953 0.315093994140625 0.0919189453125
0.0107154846191406 0.00892448425292969 0.228668212890625 -0.158950805664063
0.0182762145996094 -0.046234130859375 -0.23272705078125 0.133056640625
0.000240325927734374 -0.0153036117553711 -0.26654052734375 -0.112991333007813
-0.0354194641113281 0.001312255859375 -0.089141845703125 -0.43231201171875
-0.0139579772949219 0.0380821228027344 0.341766357421875 -0.527740478515625
0.0115699768066406 0.0660629272460938 0.718505859375 -0.056884765625
0.0353736877441406 0.064788818359375 0.57867431640625 0.56195068359375
0.0528564453125 0.104026794433594 0.0800170898437501 0.61163330078125
0.000259399414062503 0.10650634765625 0.0102767944335938 0.0974578857421875
0.0361328125 0.108695983886719 0.125213623046875 -0.541290283203125
0.0637626647949219 0.0615425109863281 -0.3358154296875 -0.80096435546875
0.021392822265625 0.0463523864746094 -0.75494384765625 -0.19287109375
-0.0248222351074219 0.0396232604980469 -0.45538330078125 0.428924560546875
-0.044189453125 -0.0076141357421875 -0.03619384765625 0.480499267578125
-0.0247898101806641 -0.0309829711914062 0.2447509765625 0.196319580078125
0.0117740631103516 -0.0228977203369141 0.254623413085938 -0.113067626953125
0.0157012939453125 -0.0424995422363281 -0.227951049804687 0.125396728515625
0.00165367126464844 -0.0122318267822266 -0.2283935546875 -0.140182495117188
-0.0288887023925781 -0.000135421752929682 -0.002471923828125 -0.463165283203125
-0.00511932373046875 0.0328140258789063 0.441131591796875 -0.488677978515625
0.0163803100585937 0.0629425048828125 0.7294921875 0.07427978515625
0.0349502563476563 0.073760986328125 0.46826171875 0.6627197265625
0.0360565185546875 0.124778747558594 0.000427246093749939 0.591796875
-0.013671875 0.119857788085938 0.0186347961425781 0.0413436889648438
0.03961181640625 0.1158447265625 0.04449462890625 -0.58099365234375
0.0730667114257812 0.0592117309570312 -0.47161865234375 -0.719970703125
0.0334587097167969 0.0384178161621094 -0.75726318359375 -0.0469970703125001
-0.0139045715332031 0.0344772338867188 -0.3525390625 0.48455810546875
-0.0379409790039063 -0.00939178466796876 0.05792236328125 0.46368408203125
-0.0240764617919922 -0.0307579040527344 0.2835693359375 0.169158935546875
0.00996017456054688 -0.0202560424804688 0.25799560546875 -0.12506103515625
0.0134239196777344 -0.0378532409667969 -0.223709106445312 0.114944458007813
0.00688076019287109 -0.00817251205444336 -0.18646240234375 -0.167510986328125
-0.0150270462036133 -0.00347423553466797 0.085784912109375 -0.47967529296875
0.00505256652832031 0.0239334106445313 0.536651611328125 -0.422821044921875
0.0140533447265625 0.0562705993652344 0.70733642578125 0.2200927734375
0.0219955444335938 0.0715866088867188 0.33642578125 0.7510986328125
0.0145645141601563 0.125686645507813 -0.0763549804687501 0.55853271484375
-0.01922607421875 0.111335754394531 0.0304336547851563 -0.0167369842529297
0.0403518676757813 0.101547241210938 -0.03863525390625 -0.613037109375
0.072998046875 0.0417556762695313 -0.592529296875 -0.6182861328125
0.0390625 0.0236740112304688 -0.7308349609375 0.0924072265625002
-0.00258255004882812 0.0227603912353516 -0.24444580078125 0.516082763671875
-0.0264873504638672 -0.0101909637451172 0.148834228515625 0.433441162109375
-0.0216941833496094 -0.0257911682128906 0.315093994140625 0.136138916015625
0.00695514678955078 -0.0149288177490234 0.257598876953125 -0.139129638671875
0.0120086669921875 -0.0309200286865234 -0.221847534179688 0.1053466796875
0.0166177749633789 -0.00116348266601562 -0.149749755859375 -0.18798828125
0.00399017333984375 -0.00614833831787109 0.16546630859375 -0.486175537109375
0.0143623352050781 0.0130901336669922 0.6068115234375 -0.34326171875
0.00401687622070313 0.0431556701660156 0.6685791015625 0.35638427734375
0.00397872924804687 0.0519447326660156 0.20458984375 0.81341552734375
-6.10351562499895E-05 0.101547241210938 -0.134918212890625 0.51885986328125
-0.0170974731445312 0.080718994140625 0.0436248779296875 -0.0680961608886719
0.03369140625 0.068572998046875 -0.115966796875 -0.62823486328125
0.0604171752929688 0.0157356262207031 -0.678466796875 -0.51544189453125
0.038543701171875 0.00337982177734375 -0.68927001953125 0.20660400390625
0.00755643844604492 0.00842666625976563 -0.149078369140625 0.52947998046875
-0.0116100311279297 -0.00925254821777344 0.218597412109375 0.397857666015625
-0.0193672180175781 -0.0161724090576172 0.336700439453125 0.104217529296875
0.00383758544921875 -0.00803136825561523 0.252227783203125 -0.152618408203125
0.0122661590576172 -0.0233364105224609 -0.220748901367188 0.0961761474609375
0.0257167816162109 0.00526237487792969 -0.123291015625 -0.204086303710938
0.0257072448730469 -0.00820159912109375 0.219207763671875 -0.48077392578125
0.0213642120361328 0.000192642211914063 0.649169921875 -0.27691650390625
-0.00826835632324219 0.0232143402099609 0.624755859375 0.45562744140625
-0.00972843170166016 0.0161848068237305 0.1085205078125 0.846435546875
-0.000492095947265627 0.0537490844726563 -0.166229248046875 0.48504638671875
-0.00577354431152344 0.0326004028320313 0.0553436279296875 -0.105453491210937
0.0195751190185547 0.0229282379150391 -0.16961669921875 -0.63323974609375
0.0353126525878906 -0.0124015808105469 -0.72698974609375 -0.436767578125
0.0296249389648438 -0.0147056579589844 -0.65179443359375 0.280517578125
0.0172262191772461 -0.00757789611816406 -0.086395263671875 0.531890869140625
0.00485038757324219 -0.0103673934936523 0.256988525390625 0.3673095703125
-0.0136728286743164 -0.00373554229736328 0.345001220703125 0.080902099609375
0.00394582748413086 -0.00101757049560547 0.242996215820312 -0.160629272460937
0.0112438201904297 -0.0190753936767578 -0.224884033203125 0.09130859375
0.0375785827636719 0.0144462585449219 -0.116668701171875 -0.2113037109375
0.0447044372558594 -0.00952911376953125 0.235260009765625 -0.47943115234375
0.0247573852539063 -0.0110111236572266 0.66265869140625 -0.24664306640625
-0.0199108123779297 -0.00208854675292969 0.610107421875 0.49169921875
-0.019744873046875 -0.0342197418212891 0.072998046875 0.85211181640625
0.0118675231933594 -0.00757217407226562 -0.172332763671875 0.467254638671875
0.0126686096191406 -0.0283584594726562 0.0652999877929688 -0.119888305664063
-0.00278282165527344 -0.0290756225585938 -0.18511962890625 -0.63330078125
0.0017852783203125 -0.0388755798339844 -0.7420654296875 -0.3992919921875
0.0158271789550781 -0.0292625427246094 -0.63226318359375 0.3138427734375
0.0219898223876953 -0.0208053588867188 -0.064849853515625 0.533355712890625
0.0206947326660156 -0.0100879669189453 0.264801025390625 0.354156494140625
-0.00521659851074219 0.00744724273681641 0.34429931640625 0.068206787109375
0.00376582145690918 0.00425219535827637 0.23785400390625 -0.166763305664063
0.0117588043212891 -0.0163583755493164 -0.231658935546875 0.0894012451171875
0.043975830078125 0.0219268798828125 -0.131134033203125 -0.212112426757813
0.0574378967285156 -0.009124755859375 0.208740234375 -0.486541748046875
0.0258598327636719 -0.0217933654785156 0.64410400390625 -0.2691650390625
-0.0330410003662109 -0.0265464782714844 0.6307373046875 0.46673583984375
-0.0307693481445312 -0.0864181518554688 0.112060546875 0.84088134765625
0.0270919799804687 -0.0728225708007813 -0.155731201171875 0.47833251953125
0.0341949462890625 -0.0885238647460937 0.0683135986328125 -0.106422424316406
-0.0209579467773438 -0.0809555053710938 -0.16534423828125 -0.62896728515625
-0.0325469970703125 -0.0617332458496094 -0.72802734375 -0.4151611328125
-0.00252914428710938 -0.037078857421875 -0.6466064453125 0.3046875
0.0239467620849609 -0.0297622680664062 -0.09130859375 0.540191650390625
0.0354652404785156 -0.0125236511230469 0.242950439453125 0.366455078125
0.00450229644775391 0.01611328125 0.33544921875 0.07244873046875
0.00663995742797852 0.00768375396728516 0.231887817382813 -0.166000366210938
0.0138816833496094 -0.014338493347168 -0.238662719726563 0.0919189453125
0.0472984313964844 0.0270881652832031 -0.164016723632813 -0.203659057617188
0.0637054443359375 -0.00796127319335938 0.146087646484375 -0.49163818359375
0.0239543914794922 -0.0270481109619141 0.59649658203125 -0.32830810546875
-0.0464324951171875 -0.0391654968261719 0.67333984375 0.3787841796875
-0.0473785400390625 -0.122817993164063 0.21282958984375 0.80804443359375
0.0336227416992187 -0.128997802734375 -0.11016845703125 0.50750732421875
0.0561981201171875 -0.141754150390625 0.0674057006835938 -0.072021484375
-0.0278778076171875 -0.128166198730469 -0.11090087890625 -0.62371826171875
-0.0589981079101563 -0.0855560302734375 -0.6796875 -0.48089599609375
-0.022796630859375 -0.0413093566894531 -0.68231201171875 0.24676513671875
0.0210971832275391 -0.0335636138916016 -0.159637451171875 0.54754638671875
0.0459823608398437 -0.0136146545410156 0.19012451171875 0.395751953125
0.0124607086181641 0.0205345153808594 0.31689453125 0.09161376953125
0.0107336044311523 0.00803089141845703 0.228744506835937 -0.159164428710938
0.0180854797363281 -0.0468826293945312 -0.23358154296875 0.134063720703125
0.000855445861816406 -0.0151653289794922 -0.266677856445313 -0.1119384765625
-0.0359573364257813 0.000885009765625001 -0.09149169921875 -0.433258056640625
-0.0141716003417969 0.0395698547363281 0.34088134765625 -0.531036376953125
0.012451171875 0.0660820007324219 0.72149658203125 -0.05743408203125
0.0366554260253906 0.065277099609375 0.58148193359375 0.5648193359375
0.0528411865234375 0.103874206542969 0.0820922851562499 0.61376953125
-0.000923156738281256 0.106903076171875 0.010345458984375 0.0981597900390625
0.036590576171875 0.108627319335938 0.12451171875 -0.542694091796875
0.0638618469238281 0.0618553161621094 -0.3363037109375 -0.8033447265625
0.0222816467285156 0.0455055236816406 -0.7572021484375 -0.19171142578125
-0.0244903564453125 0.0398292541503906 -0.45654296875 0.43157958984375
-0.0447959899902344 -0.00704956054687499 -0.0357666015625 0.48223876953125
-0.0245914459228516 -0.0307350158691406 0.247039794921875 0.195632934570313
0.0115337371826172 -0.0231685638427734 0.255462646484375 -0.114471435546875
0.0144500732421875 -0.0432319641113281 -0.227951049804688 0.126678466796875
0.00195407867431641 -0.0125274658203125 -0.228744506835937 -0.13958740234375
-0.0291271209716797 0.00027275085449219 -0.00601196289062499 -0.463714599609375
-0.00564384460449218 0.0333251953125 0.443023681640625 -0.49066162109375
0.0169448852539063 0.0629119873046875 0.72991943359375 0.07269287109375
0.03546142578125 0.07366943359375 0.47125244140625 0.66363525390625
0.0367813110351562 0.124488830566406 -0.00177001953124994 0.5936279296875
-0.0141372680664063 0.1199951171875 0.0183334350585938 0.0423164367675781
0.0392074584960937 0.115516662597656 0.04547119140625 -0.58349609375
0.0732650756835938 0.0593795776367188 -0.47467041015625 -0.7208251953125
0.0332832336425781 0.0391921997070313 -0.76055908203125 -0.04510498046875
-0.0137119293212891 0.0340919494628906 -0.35333251953125 0.484130859375
-0.0377311706542969 -0.00861358642578124 0.060302734375 0.46484375
-0.0239429473876953 -0.0302543640136719 0.28466796875 0.169281005859375
0.0103702545166016 -0.020721435546875 0.258270263671875 -0.126541137695313
0.0127677917480469 -0.0379409790039063 -0.224685668945313 0.117141723632812
0.00815916061401367 -0.00738859176635742 -0.187286376953125 -0.166290283203125
-0.0159311294555664 -0.00293827056884765 0.0854187011718749 -0.481781005859375
0.004638671875 0.0241012573242188 0.537689208984375 -0.425079345703125
0.014678955078125 0.0567855834960938 0.71112060546875 0.22186279296875
0.023040771484375 0.0721359252929688 0.33905029296875 0.7535400390625
0.0157012939453125 0.12518310546875 -0.07647705078125 0.55914306640625
-0.020172119140625 0.111503601074219 0.0306529998779297 -0.0158901214599609
0.0407562255859375 0.101226806640625 -0.0380859375 -0.61529541015625
0.0737380981445312 0.0417938232421875 -0.59393310546875 -0.61956787109375
0.0391349792480469 0.0228309631347656 -0.7342529296875 0.0941772460937502
-0.00192070007324219 0.0220394134521484 -0.245758056640625 0.518310546875
-0.0265445709228516 -0.00982475280761719 0.149169921875 0.434539794921875
-0.0226364135742188 -0.0251426696777344 0.316558837890625 0.1358642578125
0.00687885284423828 -0.015629768371582 0.258087158203125 -0.140625
0.0118961334228516 -0.0311641693115234 -0.221649169921875 0.107208251953125
0.017460823059082 -0.00178909301757813 -0.150405883789062 -0.1878662109375
0.00493192672729492 -0.00658035278320313 0.16448974609375 -0.48870849609375
0.0140056610107422 0.012883186340332 0.6080322265625 -0.347412109375
0.00479507446289063 0.0430145263671875 0.67138671875 0.35693359375
0.00472640991210938 0.0529136657714844 0.2061767578125 0.81597900390625
-0.000137329101562501 0.10101318359375 -0.135986328125 0.521453857421875
-0.0173110961914063 0.081146240234375 0.0442695617675781 -0.068145751953125
0.0336647033691406 0.0688705444335938 -0.115478515625 -0.631103515625
0.0607872009277344 0.0157051086425781 -0.68133544921875 -0.51812744140625
0.0381393432617188 0.0030059814453125 -0.6912841796875 0.20697021484375
0.00854921340942383 0.0075078010559082 -0.150177001953125 0.531982421875
-0.0117959976196289 -0.00941562652587891 0.21942138671875 0.397857666015625
-0.0188560485839844 -0.0158634185791016 0.3385009765625 0.103851318359375
0.00461483001708984 -0.00828790664672852 0.25299072265625 -0.153411865234375
0.0120925903320313 -0.0237884521484375 -0.221115112304688 0.097869873046875
0.0276699066162109 0.00518417358398438 -0.123565673828125 -0.204315185546875
0.0257053375244141 -0.00855255126953125 0.218017578125 -0.484039306640625
0.0214366912841797 0.00058746337890625 0.6507568359375 -0.279052734375
-0.00831031799316406 0.02386474609375 0.62994384765625 0.45611572265625
-0.00938701629638672 0.0153837203979492 0.10919189453125 0.84954833984375
0.0001983642578125 0.0545120239257813 -0.16668701171875 0.487640380859375
-0.00631904602050781 0.0332965850830078 0.05609130859375 -0.10491943359375
0.0182895660400391 0.02294921875 -0.1712646484375 -0.6339111328125
0.0356063842773438 -0.0117568969726563 -0.729248046875 -0.4373779296875
0.0296478271484375 -0.0152835845947266 -0.6533203125 0.28289794921875
0.017364501953125 -0.00838756561279297 -0.086517333984375 0.533355712890625
0.00357627868652344 -0.0100946426391602 0.259735107421875 0.367034912109375
-0.0132951736450195 -0.00354099273681641 0.346099853515625 0.079498291015625
0.00383114814758301 -0.00108861923217773 0.24334716796875 -0.161758422851563
0.0106086730957031 -0.0192909240722656 -0.225006103515625 0.0936431884765625
0.0389328002929688 0.0141067504882813 -0.116912841796875 -0.211502075195313
0.0446548461914063 -0.00970458984375 0.23529052734375 -0.4822998046875
0.0250301361083984 -0.0106086730957031 0.6646728515625 -0.2490234375
-0.0199356079101563 -0.00223541259765625 0.61346435546875 0.49249267578125
-0.0191688537597656 -0.0350360870361328 0.07354736328125 0.8533935546875
0.0110893249511719 -0.00835132598876953 -0.172393798828125 0.46875
0.0117511749267578 -0.0288658142089844 0.0647811889648437 -0.119743347167969
-0.00296401977539063 -0.0289440155029297 -0.185546875 -0.6361083984375
0.00186920166015625 -0.0388259887695313 -0.7459716796875 -0.39996337890625
0.0156154632568359 -0.0293483734130859 -0.6353759765625 0.31781005859375
0.0222282409667969 -0.0209369659423828 -0.06561279296875 0.535186767578125
0.0207653045654297 -0.0109710693359375 0.26824951171875 0.35626220703125
-0.00482034683227539 0.0083003044128418 0.346832275390625 0.067138671875
0.00387430191040039 0.00390124320983887 0.237823486328125 -0.168136596679687
0.0115718841552734 -0.016392707824707 -0.232421875 0.090667724609375
0.0461540222167969 0.0213508605957031 -0.131179809570313 -0.2122802734375
0.0580253601074219 -0.00880813598632813 0.20733642578125 -0.489959716796875
0.0258827209472656 -0.020904541015625 0.64556884765625 -0.27197265625
-0.0328788757324219 -0.0262413024902344 0.63323974609375 0.4674072265625
-0.029541015625 -0.0864334106445313 0.11322021484375 0.84393310546875
0.0272674560546875 -0.0728225708007813 -0.154327392578125 0.479766845703125
0.0331192016601563 -0.0892181396484375 0.0690765380859375 -0.107101440429688
-0.021026611328125 -0.0816421508789063 -0.1668701171875 -0.63104248046875
-0.0332298278808594 -0.0617828369140625 -0.7310791015625 -0.415771484375
-0.0030975341796875 -0.0370216369628906 -0.6490478515625 0.30706787109375
0.0242099761962891 -0.0301837921142578 -0.091552734375 0.54302978515625
0.0357627868652344 -0.0126609802246094 0.244171142578125 0.36688232421875
0.00460433959960938 0.016204833984375 0.33697509765625 0.07183837890625
0.00678062438964844 0.00762510299682617 0.232528686523438 -0.166656494140625
0.0140724182128906 -0.0152759552001953 -0.239974975585937 0.093353271484375
0.0482521057128906 0.0275840759277344 -0.163528442382813 -0.203231811523438
0.064117431640625 -0.00838088989257813 0.14593505859375 -0.4957275390625
0.0224399566650391 -0.0272006988525391 0.59698486328125 -0.32891845703125
-0.0461959838867188 -0.0391197204589844 0.6763916015625 0.37982177734375
-0.0477218627929688 -0.12310791015625 0.21405029296875 0.8123779296875
0.0332870483398438 -0.129371643066406 -0.110260009765625 0.50897216796875
0.055816650390625 -0.1429443359375 0.0686416625976563 -0.0712814331054688
-0.0289306640625 -0.129409790039062 -0.11260986328125 -0.625244140625
-0.05950927734375 -0.0856170654296875 -0.68170166015625 -0.48101806640625
-0.02301025390625 -0.0422477722167969 -0.68499755859375 0.2489013671875
0.0210628509521484 -0.0340023040771484 -0.160675048828125 0.5498046875
0.0468482971191406 -0.0138626098632812 0.1904296875 0.396209716796875
0.0137863159179688 0.0204334259033203 0.319244384765625 0.0902099609375
0.0109834671020508 0.00796890258789063 0.23016357421875 -0.160400390625
0.0184135437011719 -0.0467147827148438 -0.23309326171875 0.136962890625
0.00111198425292969 -0.015101432800293 -0.267669677734375 -0.111846923828125
-0.0368499755859375 0.00201416015624999 -0.093017578125 -0.43499755859375
-0.0143890380859375 0.0397415161132813 0.341552734375 -0.533233642578125
0.0126457214355469 0.0666236877441406 0.7235107421875 -0.05975341796875
0.03759765625 0.0665550231933594 0.58636474609375 0.56646728515625
0.0530242919921875 0.102760314941406 0.0814208984375 0.61602783203125
-0.000480651855468761 0.106704711914063 0.0112228393554688 0.0991134643554688
0.0363693237304688 0.108207702636719 0.123504638671875 -0.544647216796875
0.0647239685058594 0.0620498657226563 -0.34027099609375 -0.8052978515625
0.0226516723632812 0.045928955078125 -0.76214599609375 -0.193603515625
-0.0241584777832031 0.0398139953613281 -0.4583740234375 0.43585205078125
-0.0452804565429688 -0.00673675537109374 -0.0347900390625 0.484344482421875
-0.0250492095947266 -0.0306816101074219 0.248794555664062 0.196945190429688
0.0113811492919922 -0.0244464874267578 0.254913330078125 -0.116348266601562
0.01519775390625 -0.0435028076171875 -0.228927612304688 0.12890625
0.00266647338867187 -0.012904167175293 -0.230422973632813 -0.139739990234375
-0.0306110382080078 0.000108718872070307 -0.00781249999999999 -0.46588134765625
-0.00530052185058594 0.0342216491699219 0.444061279296875 -0.494964599609375
0.0177841186523438 0.0633468627929688 0.73443603515625 0.07196044921875
0.0369491577148437 0.0740432739257813 0.47613525390625 0.66632080078125
0.0373306274414063 0.12457275390625 0.000671386718750056 0.59600830078125
-0.0144500732421875 0.120346069335938 0.0191383361816406 0.0432052612304688
0.039764404296875 0.115768432617187 0.0462646484375 -0.58526611328125
0.0741500854492188 0.0595321655273438 -0.479248046875 -0.724609375
0.0334434509277344 0.0392951965332031 -0.7647705078125 -0.043212890625
-0.0144691467285156 0.0340538024902344 -0.354461669921875 0.48773193359375
-0.0384025573730469 -0.00846481323242188 0.060638427734375 0.46697998046875
-0.0239391326904297 -0.0308990478515625 0.287322998046875 0.16790771484375
0.0100193023681641 -0.0207710266113281 0.25970458984375 -0.127593994140625
0.0127830505371094 -0.0388946533203125 -0.224365234375 0.118667602539063
0.00888252258300781 -0.00853824615478516 -0.188247680664062 -0.166366577148438
-0.0166969299316406 -0.00231647491455078 0.084716796875 -0.483551025390625
0.00403785705566406 0.0247440338134766 0.5389404296875 -0.42840576171875
0.0149002075195313 0.0570602416992188 0.71588134765625 0.22198486328125
0.02374267578125 0.07244873046875 0.34136962890625 0.75634765625
0.01568603515625 0.125396728515625 -0.075927734375 0.5633544921875
-0.0210800170898438 0.112022399902344 0.0308494567871094 -0.0159530639648437
0.041046142578125 0.102249145507813 -0.04046630859375 -0.61614990234375
0.07427978515625 0.0419692993164063 -0.59881591796875 -0.6231689453125
0.0397453308105469 0.0232925415039063 -0.73748779296875 0.0947875976562501
-0.00214576721191406 0.0229244232177734 -0.244720458984375 0.521575927734375
-0.0263442993164063 -0.00953102111816406 0.15191650390625 0.436767578125
-0.0217914581298828 -0.0249347686767578 0.31915283203125 0.134979248046875
0.00744152069091797 -0.0158395767211914 0.258926391601563 -0.141708374023438
0.0115547180175781 -0.0313739776611328 -0.2218017578125 0.108734130859375
0.0177097320556641 -0.00164031982421875 -0.15093994140625 -0.188629150390625
0.00298929214477539 -0.00627756118774414 0.16461181640625 -0.489410400390625
0.0138444900512695 0.0135335922241211 0.61083984375 -0.3504638671875
0.00567245483398437 0.0440788269042969 0.6749267578125 0.358642578125
0.00524520874023438 0.0529327392578125 0.20989990234375 0.82049560546875
0.000663757324218747 0.101791381835938 -0.133880615234375 0.52325439453125
-0.01812744140625 0.0811004638671875 0.043975830078125 -0.0687828063964844
0.0341148376464844 0.0684013366699219 -0.118408203125 -0.63372802734375
0.06170654296875 0.0153846740722656 -0.685546875 -0.517822265625
0.0383567810058594 0.00291824340820313 -0.69537353515625 0.209716796875
0.0086812973022461 0.00843477249145508 -0.14813232421875 0.534393310546875
-0.0121850967407227 -0.00961780548095703 0.2230224609375 0.397735595703125
-0.0190410614013672 -0.0150051116943359 0.341400146484375 0.103240966796875
0.00456523895263672 -0.00886631011962891 0.253585815429688 -0.155059814453125
0.0124797821044922 -0.0252895355224609 -0.221786499023437 0.10003662109375
0.0283164978027344 0.00513839721679687 -0.1246337890625 -0.203781127929688
0.0249309539794922 -0.00790214538574219 0.216583251953125 -0.48651123046875
0.0207843780517578 0.000766754150390625 0.65264892578125 -0.28155517578125
-0.00784683227539063 0.0238819122314453 0.6337890625 0.45806884765625
-0.00870132446289063 0.0154943466186523 0.11328125 0.8543701171875
-0.000839233398437504 0.0535697937011719 -0.166015625 0.4893798828125
-0.00599288940429688 0.0328655242919922 0.0565948486328125 -0.10467529296875
0.0180492401123047 0.0222740173339844 -0.1722412109375 -0.636474609375
0.0358009338378906 -0.0123558044433594 -0.734375 -0.43682861328125
0.0299091339111328 -0.0160961151123047 -0.6573486328125 0.2840576171875
0.0172348022460938 -0.00824451446533203 -0.086029052734375 0.536346435546875
0.00549983978271484 -0.00996685028076172 0.26123046875 0.36932373046875
-0.0130214691162109 -0.0033254623413086 0.34881591796875 0.078826904296875
0.00514364242553711 -0.00147914886474609 0.244674682617187 -0.164031982421875
0.0104312896728516 -0.0198478698730469 -0.225250244140625 0.0950469970703125
0.0396347045898438 0.0140228271484375 -0.118270874023437 -0.212570190429688
0.0444679260253906 -0.00992202758789063 0.2332763671875 -0.4853515625
0.0238895416259766 -0.01153564453125 0.6689453125 -0.2508544921875
-0.0187435150146484 -0.00127983093261719 0.61773681640625 0.49542236328125
-0.0193920135498047 -0.0350723266601563 0.07501220703125 0.85870361328125
0.010655403137207 -0.00841331481933594 -0.17266845703125 0.470458984375
0.0109481811523438 -0.0286674499511719 0.06671142578125 -0.120140075683594
-0.00320625305175781 -0.0298004150390625 -0.1885986328125 -0.637451171875
0.000988006591796876 -0.0394058227539063 -0.74859619140625 -0.40020751953125
0.0151615142822266 -0.0296249389648438 -0.63800048828125 0.319091796875
0.0235080718994141 -0.0219974517822266 -0.063690185546875 0.5379638671875
0.0207138061523438 -0.0105304718017578 0.26995849609375 0.35693359375
-0.00403499603271484 0.00814962387084961 0.34954833984375 0.066253662109375
0.00466489791870117 0.00336027145385742 0.238357543945312 -0.170516967773437
0.0112953186035156 -0.0169811248779297 -0.231719970703125 0.092987060546875
0.0469398498535156 0.0216255187988281 -0.132827758789063 -0.212539672851563
0.0581779479980469 -0.00931549072265625 0.207977294921875 -0.492645263671875
0.0254535675048828 -0.0212478637695312 0.64678955078125 -0.2734375
-0.0326900482177734 -0.0266685485839844 0.63751220703125 0.468994140625
-0.0302200317382812 -0.0865325927734375 0.11492919921875 0.84912109375
0.0282135009765625 -0.0736160278320313 -0.155181884765625 0.4814453125
0.0332260131835937 -0.089508056640625 0.0698471069335938 -0.107276916503906
-0.0227127075195313 -0.0815200805664063 -0.16754150390625 -0.633544921875
-0.0332298278808594 -0.0624313354492188 -0.7359619140625 -0.41607666015625
-0.00307083129882812 -0.0381431579589844 -0.65228271484375 0.30950927734375
0.0242996215820313 -0.0312442779541016 -0.090850830078125 0.546234130859375
0.0362548828125 -0.0120964050292969 0.246429443359375 0.367523193359375
0.00558662414550781 0.0162839889526367 0.339324951171875 0.069610595703125
0.00689458847045898 0.00759458541870117 0.232635498046875 -0.168899536132813
0.0131435394287109 -0.0159778594970703 -0.239837646484375 0.0955200195312499
0.0495262145996094 0.0267715454101563 -0.165130615234375 -0.20391845703125
0.0639152526855469 -0.00806045532226563 0.144287109375 -0.4976806640625
0.0225315093994141 -0.0270938873291016 0.599365234375 -0.33258056640625
-0.0457534790039063 -0.0394859313964844 0.68182373046875 0.3795166015625
-0.0492477416992188 -0.123771667480469 0.216552734375 0.81634521484375
0.0328750610351562 -0.130546569824219 -0.110137939453125 0.511322021484375
0.05523681640625 -0.143173217773438 0.0692825317382813 -0.0714569091796875
-0.0297927856445312 -0.129570007324219 -0.11260986328125 -0.6275634765625
-0.0601119995117188 -0.086456298828125 -0.68658447265625 -0.4813232421875
-0.0230140686035156 -0.042816162109375 -0.6876220703125 0.25091552734375
0.0199317932128906 -0.0352439880371094 -0.159912109375 0.552703857421875
0.0470046997070313 -0.0142974853515625 0.19354248046875 0.39752197265625
0.0138416290283203 0.0211982727050781 0.321136474609375 0.089141845703125
0.011143684387207 0.00774574279785156 0.230545043945312 -0.162002563476563
0.0172042846679688 -0.0480918884277344 -0.23309326171875 0.138931274414063
0.00217056274414062 -0.0158166885375977 -0.269775390625 -0.110015869140625
-0.0372428894042969 0.003082275390625 -0.09619140625 -0.4364013671875
-0.0147476196289063 0.0412940979003906 0.34197998046875 -0.538543701171875
0.0134010314941406 0.0663070678710938 0.72674560546875 -0.06317138671875
0.0388832092285156 0.0663185119628906 0.59075927734375 0.5657958984375
0.0540847778320313 0.103759765625 0.08660888671875 0.6202392578125
-0.000541687011718754 0.107643127441406 0.0116806030273437 0.101325988769531
0.0370330810546875 0.107826232910156 0.125030517578125 -0.548187255859375
0.0661277770996094 0.0623779296875 -0.34527587890625 -0.809814453125
0.0230751037597656 0.0466461181640625 -0.76605224609375 -0.192626953125
-0.0242347717285156 0.0403785705566406 -0.45867919921875 0.4395751953125
-0.0448989868164062 -0.00588607788085938 -0.033599853515625 0.488433837890625
-0.025177001953125 -0.0297183990478516 0.251708984375 0.195999145507812
0.0113067626953125 -0.0239372253417969 0.255844116210938 -0.117889404296875
0.0151710510253906 -0.0439109802246094 -0.228561401367188 0.131378173828125
0.00313949584960938 -0.0127372741699219 -0.23236083984375 -0.139419555664063
-0.0307388305664063 0.000717163085937499 -0.00811767578125004 -0.46826171875
-0.00608634948730469 0.0344104766845703 0.445037841796875 -0.498382568359375
0.0183258056640625 0.063690185546875 0.7384033203125 0.070556640625
0.03839111328125 0.0740890502929687 0.4803466796875 0.6676025390625
0.0379180908203125 0.124603271484375 0.00305175781250002 0.599365234375
-0.0145187377929688 0.120193481445313 0.0196571350097656 0.0444259643554688
0.0396957397460938 0.116477966308594 0.0450439453125 -0.58837890625
0.0752182006835938 0.0595703125 -0.48382568359375 -0.72625732421875
0.0346183776855469 0.039642333984375 -0.76861572265625 -0.0432128906250001
-0.0139102935791016 0.0346450805664062 -0.354827880859375 0.491607666015625
-0.0385093688964844 -0.00832748413085937 0.0625 0.469451904296875
-0.0236148834228516 -0.0296058654785156 0.2896728515625 0.16778564453125
0.0110206604003906 -0.0212345123291016 0.260635375976563 -0.129562377929688
0.0128250122070313 -0.0388298034667969 -0.22503662109375 0.121917724609375
0.00934886932373047 -0.00756645202636719 -0.190338134765625 -0.165481567382813
-0.0162620544433594 -0.00160789489746093 0.082427978515625 -0.487396240234375
0.00388717651367188 0.0251712799072266 0.54058837890625 -0.431243896484375
0.0154953002929687 0.0573081970214844 0.71942138671875 0.21856689453125
0.0250320434570312 0.0723190307617187 0.344970703125 0.7584228515625
0.0166015625 0.126792907714844 -0.073486328125 0.56695556640625
-0.02081298828125 0.112350463867187 0.0311527252197266 -0.0143680572509766
0.0418472290039062 0.101448059082031 -0.04052734375 -0.61749267578125
0.0748443603515625 0.0417022705078125 -0.6036376953125 -0.622802734375
0.0402984619140625 0.02288818359375 -0.7430419921875 0.0978393554687499
-0.00160598754882812 0.0224819183349609 -0.244232177734375 0.525115966796875
-0.0267238616943359 -0.00922966003417969 0.154449462890625 0.438720703125
-0.0221061706542969 -0.0244960784912109 0.3214111328125 0.13397216796875
0.00784683227539063 -0.0159473419189453 0.25860595703125 -0.143386840820313
0.0110988616943359 -0.0327072143554688 -0.222366333007813 0.111465454101562
0.0186195373535156 -0.0026092529296875 -0.152130126953125 -0.188705444335938
0.00287342071533203 -0.00605869293212891 0.162078857421875 -0.494354248046875
0.0140895843505859 0.0137434005737305 0.6153564453125 -0.35369873046875
0.00645065307617188 0.0439720153808594 0.68011474609375 0.35845947265625
0.0061187744140625 0.0531234741210938 0.2142333984375 0.82513427734375
8.39233398437449E-05 0.101081848144531 -0.132415771484375 0.52734375
-0.0189437866210937 0.0817489624023438 0.0445175170898438 -0.0672721862792969
0.0350990295410156 0.0691146850585938 -0.11920166015625 -0.63653564453125
0.0619964599609375 0.0156021118164063 -0.69122314453125 -0.51983642578125
0.0389823913574219 0.0030059814453125 -0.69866943359375 0.2122802734375
0.00811100006103515 0.00708723068237305 -0.147308349609375 0.538787841796875
-0.0123186111450195 -0.00940895080566406 0.22515869140625 0.400421142578125
-0.0191421508789063 -0.0144596099853516 0.34381103515625 0.100799560546875
0.00507354736328125 -0.00896072387695313 0.254241943359375 -0.156723022460938
0.0117912292480469 -0.0256309509277344 -0.222198486328125 0.1031494140625
0.0295009613037109 0.0048675537109375 -0.124557495117188 -0.204833984375
0.0260162353515625 -0.0082855224609375 0.215484619140625 -0.48895263671875
0.0213546752929688 0.0011749267578125 0.6551513671875 -0.28662109375
-0.00791740417480469 0.0237941741943359 0.63836669921875 0.4591064453125
-0.00847244262695313 0.0154790878295898 0.11383056640625 0.86004638671875
-0.000495910644531244 0.0540199279785156 -0.1663818359375 0.491912841796875
-0.00762176513671875 0.0331363677978516 0.0568084716796875 -0.104949951171875
0.0183734893798828 0.0225582122802734 -0.17437744140625 -0.63958740234375
0.0363845825195313 -0.0121498107910156 -0.7421875 -0.4376220703125
0.0299701690673828 -0.0156097412109375 -0.66046142578125 0.28936767578125
0.0174655914306641 -0.00823593139648438 -0.08489990234375 0.54034423828125
0.00537204742431641 -0.00959014892578125 0.263702392578125 0.370330810546875
-0.0128850936889648 -0.00356006622314453 0.3505859375 0.0770263671875
0.00453424453735352 -0.00183820724487305 0.245330810546875 -0.164779663085937
0.0100135803222656 -0.0203609466552734 -0.226394653320313 0.0975341796875
0.0406532287597656 0.0130233764648438 -0.119094848632813 -0.213119506835938
0.0446815490722656 -0.00938796997070313 0.23333740234375 -0.489349365234375
0.0241203308105469 -0.0104713439941406 0.669189453125 -0.2584228515625
-0.0190448760986328 -0.00199317932128906 0.62445068359375 0.4967041015625
-0.0194015502929688 -0.0351943969726563 0.0772705078125001 0.8642578125
0.0114097595214844 -0.00956344604492188 -0.17401123046875 0.4752197265625
0.00977134704589844 -0.0288581848144531 0.0673751831054687 -0.120262145996094
-0.00405311584472656 -0.0294094085693359 -0.18963623046875 -0.6400146484375
0.00131988525390625 -0.0384292602539062 -0.755615234375 -0.400390625
0.0155277252197266 -0.0298309326171875 -0.64007568359375 0.32305908203125
0.0223560333251953 -0.0229244232177734 -0.062225341796875 0.541595458984375
0.0209236145019531 -0.0103034973144531 0.27337646484375 0.357421875
-0.00412750244140625 0.00906467437744141 0.35260009765625 0.064453125
0.00400328636169434 0.00262451171875 0.239608764648438 -0.170974731445313
0.0112590789794922 -0.0182609558105469 -0.23175048828125 0.0958099365234375
0.0478706359863281 0.020965576171875 -0.132965087890625 -0.213027954101562
0.0579452514648438 -0.00925064086914063 0.20697021484375 -0.49609375
0.0253772735595703 -0.0211029052734375 0.64971923828125 -0.28021240234375
-0.0322132110595703 -0.0258045196533203 0.64208984375 0.4700927734375
-0.0300750732421875 -0.0869827270507812 0.117431640625 0.85357666015625
0.026519775390625 -0.0743484497070313 -0.154754638671875 0.484771728515625
0.0316162109375 -0.0897445678710938 0.07110595703125 -0.107284545898438
-0.0231781005859375 -0.0820083618164062 -0.169189453125 -0.636962890625
-0.0342369079589844 -0.0626602172851563 -0.739990234375 -0.4154052734375
-0.0031890869140625 -0.0383377075195313 -0.65313720703125 0.31365966796875
0.0240116119384766 -0.0320491790771484 -0.09027099609375 0.549041748046875
0.037109375 -0.0130043029785156 0.249359130859375 0.369781494140625
0.00626564025878906 0.0177726745605469 0.341796875 0.067779541015625
0.00786447525024414 0.00624179840087891 0.233139038085937 -0.170791625976563
0.0133562088012695 -0.0162134170532227 -0.240646362304688 0.09710693359375
0.0506362915039063 0.0261344909667969 -0.166732788085938 -0.203445434570312
0.0640487670898438 -0.00862503051757813 0.141204833984375 -0.50250244140625
0.0227718353271484 -0.0270576477050781 0.6026611328125 -0.33880615234375
-0.0462608337402344 -0.0399742126464844 0.6864013671875 0.38128662109375
-0.0488739013671875 -0.123489379882812 0.21685791015625 0.8209228515625
0.0320205688476563 -0.131324768066406 -0.108154296875 0.513214111328125
0.0543212890625 -0.143310546875 0.0698471069335938 -0.0705184936523438
-0.0308380126953125 -0.130638122558594 -0.1142578125 -0.62982177734375
-0.0609588623046875 -0.08599853515625 -0.69097900390625 -0.48236083984375
-0.0237388610839844 -0.0421791076660156 -0.6907958984375 0.25390625
0.0205421447753906 -0.0360679626464844 -0.158447265625 0.557373046875
0.0481834411621094 -0.0145034790039062 0.19671630859375 0.399169921875
0.0145969390869141 0.0214424133300781 0.323394775390625 0.087677001953125
0.0116968154907227 0.00713729858398437 0.231277465820313 -0.16387939453125
0.0171089172363281 -0.0487899780273438 -0.234375 0.14373779296875
0.00296401977539063 -0.0162572860717773 -0.272048950195313 -0.109420776367187
-0.0375137329101563 0.003143310546875 -0.097320556640625 -0.438568115234375
-0.0150909423828125 0.0413665771484375 0.34124755859375 -0.543670654296875
0.0140304565429687 0.067413330078125 0.73175048828125 -0.065185546875
0.0397987365722656 0.066497802734375 0.59808349609375 0.56878662109375
0.0553359985351563 0.103553771972656 0.0885009765625 0.62359619140625
-0.001007080078125 0.108467102050781 0.0123977661132813 0.101425170898438
0.0380172729492187 0.108810424804688 0.123016357421875 -0.551239013671875
0.0669631958007813 0.0622062683105469 -0.34930419921875 -0.81317138671875
0.02349853515625 0.0465621948242188 -0.7720947265625 -0.1904296875
-0.0234870910644531 0.0398292541503906 -0.46087646484375 0.442230224609375
-0.0449714660644531 -0.00603485107421875 -0.029296875 0.492340087890625
-0.0257186889648438 -0.0302352905273438 0.254623413085938 0.195404052734375
0.0125408172607422 -0.0248203277587891 0.258209228515625 -0.120559692382812
0.0144004821777344 -0.045379638671875 -0.2294921875 0.133926391601563
0.00467014312744141 -0.0129375457763672 -0.233062744140625 -0.136749267578125
-0.0312767028808594 0.00125312805175781 -0.011260986328125 -0.47119140625
-0.00660324096679688 0.0352859497070313 0.444671630859375 -0.504150390625
0.0192527770996094 0.064208984375 0.7437744140625 0.06695556640625
0.0391921997070312 0.07452392578125 0.4871826171875 0.6712646484375
0.0393524169921875 0.124488830566406 0.00598144531249996 0.6026611328125
-0.0142745971679688 0.121795654296875 0.0198516845703125 0.0453414916992188
0.0412445068359375 0.115814208984375 0.0416259765625001 -0.5921630859375
0.0762863159179688 0.0591049194335937 -0.49005126953125 -0.72991943359375
0.0356674194335938 0.0392990112304688 -0.77447509765625 -0.0399169921875
-0.0133209228515625 0.0345058441162109 -0.35595703125 0.49615478515625
-0.0387916564941406 -0.0075531005859375 0.065582275390625 0.472442626953125
-0.0245552062988281 -0.0297660827636719 0.29254150390625 0.1673583984375
0.00988006591796875 -0.0212535858154297 0.261474609375 -0.133010864257813
0.0124092102050781 -0.0398139953613281 -0.22467041015625 0.124725341796875
0.00948429107666015 -0.00931930541992188 -0.191558837890625 -0.165557861328125
-0.0171718597412109 -0.00128078460693359 0.0806884765625 -0.491241455078125
0.00383186340332031 0.0251750946044922 0.542388916015625 -0.43780517578125
0.0160064697265625 0.0576515197753906 0.72589111328125 0.21881103515625
0.0258407592773438 0.0730209350585938 0.3511962890625 0.7620849609375
0.0168304443359375 0.125770568847656 -0.07220458984375 0.570068359375
-0.020599365234375 0.113143920898438 0.0327301025390625 -0.0140762329101562
0.0426025390625 0.10205078125 -0.04241943359375 -0.6221923828125
0.0758514404296875 0.0419845581054688 -0.613525390625 -0.6251220703125
0.040496826171875 0.0217399597167969 -0.745361328125 0.10174560546875
-0.00241470336914063 0.0229263305664063 -0.243896484375 0.529876708984375
-0.0265579223632813 -0.00886344909667968 0.157440185546875 0.4395751953125
-0.0226535797119141 -0.0241546630859375 0.3248291015625 0.132476806640625
0.00777816772460938 -0.0163068771362305 0.260696411132813 -0.146240234375
0.0103530883789063 -0.0327777862548828 -0.22283935546875 0.114791870117188
0.0193576812744141 -0.00237083435058594 -0.153472900390625 -0.188156127929688
0.00324010848999023 -0.00461816787719727 0.160858154296875 -0.498382568359375
0.0131559371948242 0.0149917602539062 0.61566162109375 -0.35986328125
0.00621414184570313 0.0450019836425781 0.68524169921875 0.3587646484375
0.00693130493164062 0.0541038513183594 0.21771240234375 0.82989501953125
0.00083160400390626 0.101081848144531 -0.1317138671875 0.53057861328125
-0.019805908203125 0.0828018188476563 0.0457839965820313 -0.0674858093261719
0.0353164672851563 0.0674781799316406 -0.12261962890625 -0.639892578125
0.0626487731933594 0.0152854919433594 -0.69915771484375 -0.51934814453125
0.0394477844238281 0.001678466796875 -0.70294189453125 0.21771240234375
0.00873327255249023 0.00720882415771484 -0.14617919921875 0.541259765625
-0.0111560821533203 -0.00911045074462891 0.228973388671875 0.402191162109375
-0.0187397003173828 -0.0139236450195313 0.34625244140625 0.099365234375
0.00549793243408203 -0.00941371917724609 0.255035400390625 -0.159957885742188
0.0102748870849609 -0.0263557434082031 -0.222198486328125 0.104949951171875
0.0297870635986328 0.00370216369628906 -0.127227783203125 -0.204620361328125
0.0252647399902344 -0.00796127319335938 0.214385986328125 -0.494384765625
0.0203571319580078 0.00102806091308594 0.6593017578125 -0.291015625
-0.00660324096679688 0.0249290466308594 0.64483642578125 0.46136474609375
-0.00859642028808594 0.0155029296875 0.12066650390625 0.8656005859375
-9.53674316406201E-05 0.05401611328125 -0.164825439453125 0.496917724609375
-0.00843238830566406 0.0334072113037109 0.0582504272460937 -0.104339599609375
0.0183181762695313 0.0230064392089844 -0.17828369140625 -0.64215087890625
0.0363845825195313 -0.0130996704101563 -0.74749755859375 -0.4364013671875
0.0292644500732422 -0.0167465209960938 -0.662353515625 0.2935791015625
0.0177898406982422 -0.00928115844726563 -0.0825805664062499 0.545135498046875
0.00599193572998047 -0.0104360580444336 0.269012451171875 0.37115478515625
-0.0121040344238281 -0.00205898284912109 0.35430908203125 0.07427978515625
0.00542593002319336 -0.0018458366394043 0.245086669921875 -0.168045043945313
0.00997543334960937 -0.0214672088623047 -0.226470947265625 0.09991455078125
0.0417098999023438 0.012542724609375 -0.120407104492188 -0.21295166015625
0.0451087951660156 -0.00914764404296875 0.23248291015625 -0.493896484375
0.0239124298095703 -0.0104427337646484 0.67364501953125 -0.26318359375
-0.0188331604003906 -0.00136756896972656 0.63006591796875 0.49676513671875
-0.0192089080810547 -0.0346488952636719 0.0800170898437501 0.868408203125
0.0102310180664063 -0.00943851470947266 -0.17254638671875 0.47833251953125
0.00879287719726563 -0.0291633605957031 0.0677947998046875 -0.120338439941406
-0.00463294982910157 -0.0296764373779297 -0.194091796875 -0.64227294921875
0.001007080078125 -0.0402374267578125 -0.7620849609375 -0.39886474609375
0.0152587890625 -0.0305805206298828 -0.64227294921875 0.3297119140625
0.0224666595458984 -0.0224971771240234 -0.0614013671875 0.547088623046875
0.0217914581298828 -0.0106010437011719 0.27716064453125 0.358184814453125
-0.00239372253417969 0.00994682312011719 0.35455322265625 0.062591552734375
0.00503110885620117 0.00286769866943359 0.239791870117187 -0.174362182617188
0.0106906890869141 -0.0186824798583984 -0.232589721679688 0.0984344482421875
0.0489730834960938 0.0198898315429688 -0.134979248046875 -0.213638305664063
0.0587844848632812 -0.00921630859375 0.203582763671875 -0.501129150390625
0.0257091522216797 -0.0216865539550781 0.6524658203125 -0.2841796875
-0.0321464538574219 -0.0269584655761719 0.6480712890625 0.4691162109375
-0.0308380126953125 -0.0874786376953125 0.123046875 0.85919189453125
0.0261001586914063 -0.0751876831054688 -0.153472900390625 0.4881591796875
0.0310287475585938 -0.0896453857421875 0.0710906982421875 -0.108001708984375
-0.0237045288085938 -0.0824050903320313 -0.17413330078125 -0.63909912109375
-0.0340538024902344 -0.0622291564941406 -0.7464599609375 -0.4134521484375
-0.0035247802734375 -0.0388679504394531 -0.65618896484375 0.31964111328125
0.0240707397460938 -0.0320224761962891 -0.0867919921875 0.55377197265625
0.037628173828125 -0.0136604309082031 0.25439453125 0.370849609375
0.00695610046386719 0.0176143646240234 0.3453369140625 0.066162109375
0.00776052474975586 0.00629758834838867 0.234771728515625 -0.173553466796875
0.0127592086791992 -0.0170164108276367 -0.241287231445313 0.100051879882812
0.0520133972167969 0.0257225036621094 -0.168075561523438 -0.204010009765625
0.0652847290039063 -0.00862503051757813 0.1392822265625 -0.5052490234375
0.0219459533691406 -0.0272998809814453 0.60455322265625 -0.34375
-0.04638671875 -0.0395774841308594 0.6934814453125 0.37860107421875
-0.0496292114257812 -0.124862670898437 0.22479248046875 0.82373046875
0.0318984985351563 -0.13238525390625 -0.109466552734375 0.51800537109375
0.0530548095703125 -0.145050048828125 0.0714874267578125 -0.0714035034179688
-0.0317611694335938 -0.130996704101563 -0.116455078125 -0.63330078125
-0.0618209838867188 -0.0867462158203125 -0.6978759765625 -0.48101806640625
-0.024078369140625 -0.0426788330078125 -0.693115234375 0.2596435546875
0.0202827453613281 -0.0359878540039062 -0.15728759765625 0.56170654296875
0.0484428405761719 -0.014739990234375 0.200225830078125 0.400634765625
0.0153369903564453 0.0221347808837891 0.326507568359375 0.085540771484375
0.0125494003295898 0.00706100463867188 0.231796264648438 -0.166412353515625
0.0170326232910156 -0.0500564575195313 -0.233749389648438 0.14569091796875
0.00352954864501953 -0.0166425704956055 -0.274063110351562 -0.107391357421875
-0.0387725830078125 0.00400161743164063 -0.10382080078125 -0.441070556640625
-0.0149497985839844 0.0417861938476563 0.340423583984375 -0.549896240234375
0.0151901245117188 0.0676765441894531 0.73590087890625 -0.07159423828125
0.0420646667480469 0.0656967163085938 0.6058349609375 0.5673828125
0.056488037109375 0.103218078613281 0.0914306640625 0.62664794921875
-0.00135040283203126 0.108139038085938 0.0139312744140625 0.10302734375
0.0391769409179688 0.108657836914063 0.122161865234375 -0.554840087890625
0.0684051513671875 0.0630607604980469 -0.35577392578125 -0.81671142578125
0.0246315002441406 0.046600341796875 -0.7786865234375 -0.1871337890625
-0.0241355895996094 0.0405921936035156 -0.46258544921875 0.449371337890625
-0.0464668273925781 -0.0051727294921875 -0.027313232421875 0.49530029296875
-0.0252552032470703 -0.0288181304931641 0.2578125 0.194412231445312
0.0120353698730469 -0.0243015289306641 0.258941650390625 -0.12310791015625
0.0147438049316406 -0.045806884765625 -0.229385375976563 0.137451171875
0.00463676452636719 -0.0133514404296875 -0.234970092773437 -0.136825561523438
-0.0313472747802734 0.00256729125976562 -0.01361083984375 -0.474395751953125
-0.00699615478515625 0.0362129211425781 0.4453125 -0.51220703125
0.0202102661132813 0.0647773742675781 0.74884033203125 0.06396484375
0.0408401489257812 0.0751876831054688 0.49249267578125 0.67279052734375
0.0397567749023437 0.1243896484375 0.00927734375000002 0.60650634765625
-0.0143051147460938 0.12200927734375 0.0213470458984375 0.0455513000488281
0.042205810546875 0.116119384765625 0.041015625 -0.59722900390625
0.077392578125 0.0596542358398438 -0.495361328125 -0.7313232421875
0.0355567932128906 0.0392265319824219 -0.78094482421875 -0.0369873046875001
-0.012420654296875 0.0341739654541016 -0.354461669921875 0.50323486328125
-0.0394058227539063 -0.00732040405273437 0.0702514648437501 0.476593017578125
-0.0244350433349609 -0.0297317504882813 0.29736328125 0.165008544921875
0.0106658935546875 -0.0218086242675781 0.262374877929688 -0.134963989257813
0.0120124816894531 -0.0402145385742188 -0.225799560546875 0.12762451171875
0.0098276138305664 -0.00932121276855469 -0.192947387695313 -0.164535522460938
-0.0178680419921875 -0.00113105773925781 0.078125 -0.494781494140625
0.00377464294433594 0.0253772735595703 0.543121337890625 -0.444366455078125
0.016998291015625 0.0582618713378906 0.73309326171875 0.21588134765625
0.0267257690429688 0.0732269287109375 0.356689453125 0.76654052734375
0.0183486938476562 0.125724792480469 -0.06927490234375 0.5738525390625
-0.0213851928710938 0.113929748535156 0.033203125 -0.0145301818847656
0.0433197021484375 0.101860046386719 -0.04571533203125 -0.62603759765625
0.0781631469726562 0.0410079956054687 -0.619384765625 -0.62615966796875
0.0408706665039063 0.0227737426757813 -0.75128173828125 0.10662841796875
-0.00106430053710937 0.0228767395019531 -0.242431640625 0.534027099609375
-0.0267581939697266 -0.00806808471679688 0.1605224609375 0.44244384765625
-0.0217056274414063 -0.0238800048828125 0.32867431640625 0.13165283203125
0.00828170776367188 -0.0163249969482422 0.2611083984375 -0.149520874023438
0.0105171203613281 -0.0335006713867188 -0.223892211914063 0.117034912109375
0.0200557708740234 -0.00279998779296875 -0.155563354492188 -0.1884765625
0.00174140930175781 -0.00455093383789063 0.159515380859375 -0.50274658203125
0.0134057998657227 0.0145292282104492 0.61749267578125 -0.3663330078125
0.00765228271484375 0.04498291015625 0.69488525390625 0.35675048828125
0.00787353515625 0.0541572570800781 0.2244873046875 0.8323974609375
0.00183105468750001 0.101585388183594 -0.130950927734375 0.53564453125
-0.0199813842773438 0.0831680297851562 0.0465164184570313 -0.06805419921875
0.0356216430664063 0.0678062438964844 -0.126220703125 -0.642822265625
0.0628852844238281 0.0143623352050781 -0.7071533203125 -0.51678466796875
0.0397453308105469 0.00156021118164063 -0.7061767578125 0.22259521484375
0.00879096984863281 0.00661563873291016 -0.1434326171875 0.54803466796875
-0.0115928649902344 -0.00897407531738281 0.23345947265625 0.40362548828125
-0.0190143585205078 -0.0136318206787109 0.3504638671875 0.09716796875
0.00545310974121094 -0.00983428955078125 0.255691528320313 -0.162322998046875
0.0114040374755859 -0.0261821746826172 -0.22222900390625 0.107345581054687
0.0312156677246094 0.00360107421875 -0.128387451171875 -0.20458984375
0.0250091552734375 -0.00744819641113281 0.213104248046875 -0.498748779296875
0.0194759368896484 0.00142288208007813 0.66107177734375 -0.29803466796875
-0.00610542297363281 0.0245990753173828 0.65264892578125 0.459716796875
-0.0082855224609375 0.0159902572631836 0.12481689453125 0.86956787109375
-0.000762939453124999 0.0536270141601563 -0.16455078125 0.500274658203125
-0.00921058654785156 0.0341644287109375 0.0578536987304688 -0.104667663574219
0.0190696716308594 0.0220108032226563 -0.1817626953125 -0.64520263671875
0.0366897583007813 -0.0134239196777344 -0.75677490234375 -0.435302734375
0.0298194885253906 -0.0177211761474609 -0.6651611328125 0.3001708984375
0.0170116424560547 -0.00943851470947266 -0.078521728515625 0.54864501953125
0.00553226470947266 -0.00906944274902344 0.272064208984375 0.372314453125
-0.0118494033813477 -0.00212001800537109 0.3580322265625 0.072845458984375
0.00495290756225586 -0.00263404846191406 0.2462158203125 -0.17041015625
0.00972557067871094 -0.0218257904052734 -0.22723388671875 0.102706909179688
0.0422210693359375 0.0118789672851563 -0.121780395507812 -0.213821411132813
0.0450210571289063 -0.00978851318359375 0.23046875 -0.5001220703125
0.023468017578125 -0.0106163024902344 0.67803955078125 -0.2691650390625
-0.0182418823242187 -0.00193595886230469 0.636962890625 0.497314453125
-0.0187759399414063 -0.0352287292480469 0.0870361328125001 0.87371826171875
0.0100336074829102 -0.0102472305297852 -0.169891357421875 0.48297119140625
0.00793838500976563 -0.0285129547119141 0.06744384765625 -0.120452880859375
-0.00484848022460938 -0.0300636291503906 -0.19781494140625 -0.6456298828125
0.00110626220703125 -0.0398521423339844 -0.76904296875 -0.3961181640625
0.0150489807128906 -0.0317535400390625 -0.64495849609375 0.3369140625
0.022674560546875 -0.0234336853027344 -0.056121826171875 0.550201416015625
0.022705078125 -0.0106754302978516 0.28204345703125 0.358489990234375
-0.00218391418457031 0.00985050201416016 0.35772705078125 0.059661865234375
0.00551366806030273 0.00241231918334961 0.239883422851563 -0.177337646484375
0.00998306274414063 -0.0190200805664062 -0.233413696289063 0.101242065429687
0.0497894287109375 0.0196151733398437 -0.13616943359375 -0.213775634765625
0.0592842102050781 -0.00934982299804687 0.202545166015625 -0.505706787109375
0.0256385803222656 -0.0210514068603516 0.65618896484375 -0.2911376953125
-0.0328369140625 -0.0258064270019531 0.65606689453125 0.4696044921875
-0.0307464599609375 -0.087310791015625 0.12786865234375 0.86480712890625
0.025909423828125 -0.075958251953125 -0.1513671875 0.49273681640625
0.029937744140625 -0.090911865234375 0.0725784301757812 -0.1082763671875
-0.0248641967773437 -0.0830917358398438 -0.178466796875 -0.6429443359375
-0.03594970703125 -0.0637092590332031 -0.75445556640625 -0.4111328125
-0.00463485717773438 -0.0394325256347656 -0.6578369140625 0.3255615234375
0.0241336822509766 -0.03277587890625 -0.0844726562499999 0.558319091796875
0.0386466979980469 -0.0125732421875 0.257537841796875 0.37066650390625
0.00680732727050781 0.0183963775634766 0.34814453125 0.06390380859375
0.00879287719726563 0.00634288787841797 0.2347412109375 -0.17633056640625
0.0121736526489258 -0.0174560546875 -0.242141723632813 0.103927612304688
0.0533447265625 0.0244178771972656 -0.170654296875 -0.204635620117188
0.0661582946777344 -0.0085296630859375 0.137298583984375 -0.51104736328125
0.0213489532470703 -0.0273647308349609 0.60760498046875 -0.34912109375
-0.0462837219238281 -0.039703369140625 0.70166015625 0.3770751953125
-0.0504913330078125 -0.125030517578125 0.23077392578125 0.82891845703125
0.0305252075195313 -0.13336181640625 -0.10601806640625 0.521636962890625
0.0515289306640625 -0.14569091796875 0.0717849731445313 -0.0724563598632813
-0.033477783203125 -0.13189697265625 -0.1209716796875 -0.63629150390625
-0.0630340576171875 -0.08624267578125 -0.70501708984375 -0.4791259765625
-0.0247879028320313 -0.0436248779296875 -0.69757080078125 0.26495361328125
0.0198974609375 -0.0367164611816406 -0.15380859375 0.5665283203125
0.0497817993164063 -0.0156021118164063 0.204010009765625 0.401519775390625
0.0163974761962891 0.0214118957519531 0.329864501953125 0.0830078125
0.0120782852172852 0.00671005249023438 0.233413696289063 -0.16949462890625
0.0164260864257813 -0.050323486328125 -0.233673095703125 0.149139404296875
0.00287628173828125 -0.0172710418701172 -0.27581787109375 -0.104766845703125
-0.0386123657226563 0.00493621826171874 -0.107421875 -0.443817138671875
-0.0160446166992188 0.0426597595214844 0.33831787109375 -0.55633544921875
0.0169944763183594 0.0674819946289063 0.7403564453125 -0.07611083984375
0.0430679321289063 0.0663833618164063 0.6141357421875 0.5667724609375
0.0582122802734375 0.102874755859375 0.0986328124999999 0.63031005859375
-0.000755310058593761 0.109214782714844 0.014801025390625 0.1041259765625
0.0396804809570313 0.10882568359375 0.11944580078125 -0.5587158203125
0.07000732421875 0.06231689453125 -0.36541748046875 -0.81964111328125
0.0250816345214844 0.0468482971191406 -0.78692626953125 -0.1824951171875
-0.0231971740722656 0.04083251953125 -0.4608154296875 0.4556884765625
-0.0462226867675781 -0.00458908081054688 -0.02349853515625 0.5
-0.0266914367675781 -0.0296688079833984 0.261749267578125 0.192428588867188
0.0124530792236328 -0.0248088836669922 0.260116577148438 -0.126998901367188
0.0137062072753906 -0.0466575622558594 -0.228912353515625 0.141891479492188
0.00493907928466797 -0.0139331817626953 -0.23760986328125 -0.13409423828125
-0.0328941345214844 0.00318717956542969 -0.018798828125 -0.477752685546875
-0.006561279296875 0.0356559753417969 0.4447021484375 -0.518463134765625
0.0211143493652344 0.06488037109375 0.753173828125 0.0587158203125
0.0421524047851563 0.074676513671875 0.502685546875 0.67376708984375
0.0413894653320313 0.124832153320313 0.0140380859375 0.610107421875
-0.01416015625 0.123069763183594 0.0223464965820313 0.04644775390625
0.0431747436523438 0.117294311523437 0.03704833984375 -0.5999755859375
0.0790557861328125 0.0594940185546875 -0.50787353515625 -0.73187255859375
0.0368537902832031 0.0389328002929688 -0.78741455078125 -0.02960205078125
-0.0128154754638672 0.0344715118408203 -0.3533935546875 0.5098876953125
-0.03936767578125 -0.00721359252929687 0.073760986328125 0.47930908203125
-0.0249805450439453 -0.0287055969238281 0.300262451171875 0.164306640625
0.0110549926757813 -0.0221652984619141 0.263320922851562 -0.138748168945312
0.0117149353027344 -0.0410995483398438 -0.22515869140625 0.131668090820313
0.0110645294189453 -0.00975704193115234 -0.195785522460938 -0.163986206054687
-0.0185165405273438 -0.000761032104492184 0.072296142578125 -0.499267578125
0.00381660461425781 0.0267219543457031 0.5435791015625 -0.453338623046875
0.018798828125 0.05889892578125 0.739501953125 0.212890625
0.0287551879882813 0.0739593505859375 0.36578369140625 0.76959228515625
0.0194549560546875 0.126579284667969 -0.06597900390625 0.578857421875
-0.021575927734375 0.114830017089844 0.0335884094238281 -0.0140666961669922
0.0435791015625 0.101829528808594 -0.0521240234375 -0.6290283203125
0.0786895751953125 0.0413589477539063 -0.62847900390625 -0.6243896484375
0.0413970947265625 0.0220947265625 -0.75494384765625 0.114501953125
-0.00182533264160156 0.0227546691894531 -0.23980712890625 0.541534423828125
-0.0266590118408203 -0.00844573974609375 0.165863037109375 0.444671630859375
-0.0228099822998047 -0.0234317779541016 0.33160400390625 0.1285400390625
0.00759506225585937 -0.0164833068847656 0.26190185546875 -0.153106689453125
0.0101947784423828 -0.0347957611083984 -0.223052978515625 0.121017456054687
0.0209827423095703 -0.00356101989746094 -0.15753173828125 -0.188201904296875
0.00230765342712402 -0.00363683700561523 0.1544189453125 -0.506805419921875
0.0122976303100586 0.0144071578979492 0.6187744140625 -0.37353515625
0.00774002075195313 0.0460929870605469 0.70068359375 0.35406494140625
0.00882339477539063 0.0544776916503906 0.23089599609375 0.83770751953125
0.00235748291015624 0.10223388671875 -0.1280517578125 0.539337158203125
-0.0197601318359375 0.0840072631835938 0.0467338562011719 -0.0679092407226563
0.036376953125 0.0682716369628906 -0.13037109375 -0.64581298828125
0.0640068054199219 0.0134620666503906 -0.71429443359375 -0.517333984375
0.0397872924804687 0.000640869140625 -0.7095947265625 0.23095703125
0.010157585144043 0.00634956359863281 -0.139312744140625 0.553192138671875
-0.0112934112548828 -0.00865936279296875 0.23779296875 0.4046630859375
-0.0183868408203125 -0.0139389038085938 0.354461669921875 0.0938720703125
0.00540065765380859 -0.0102176666259766 0.2557373046875 -0.166015625
0.0101985931396484 -0.0273246765136719 -0.22344970703125 0.110260009765625
0.0313339233398438 0.00287628173828125 -0.13092041015625 -0.204483032226563
0.0253524780273437 -0.00838470458984375 0.21014404296875 -0.5042724609375
0.0200595855712891 0.00141334533691406 0.6640625 -0.305419921875
-0.00580787658691406 0.0240440368652344 0.66064453125 0.45758056640625
-0.00699806213378906 0.0160846710205078 0.1317138671875 0.874755859375
-0.000293731689453127 0.0547103881835938 -0.16180419921875 0.5062255859375
-0.0104274749755859 0.0340137481689453 0.0574722290039063 -0.106231689453125
0.0182476043701172 0.0225620269775391 -0.18701171875 -0.64825439453125
0.0376434326171875 -0.0138092041015625 -0.76373291015625 -0.43011474609375
0.0302047729492188 -0.0177841186523438 -0.668701171875 0.30767822265625
0.0169410705566406 -0.00951290130615235 -0.0745849609375 0.554595947265625
0.00619029998779297 -0.00920963287353516 0.27691650390625 0.37249755859375
-0.0111255645751953 -0.00118541717529297 0.36029052734375 0.06903076171875
0.00471019744873047 -0.0025324821472168 0.246170043945312 -0.174118041992188
0.008941650390625 -0.0228481292724609 -0.226776123046875 0.1065673828125
0.0430526733398438 0.0113029479980469 -0.124221801757812 -0.213882446289063
0.0454292297363281 -0.00944137573242188 0.227325439453125 -0.505126953125
0.0228900909423828 -0.01043701171875 0.6790771484375 -0.27752685546875
-0.017974853515625 -0.00121116638183594 0.64642333984375 0.49713134765625
-0.0186843872070313 -0.0359458923339844 0.093994140625 0.87896728515625
0.0099639892578125 -0.0102691650390625 -0.16864013671875 0.48590087890625
0.00699234008789063 -0.0291328430175781 0.0677871704101562 -0.122154235839844
-0.00626945495605468 -0.0312938690185547 -0.20404052734375 -0.64892578125
0.000232696533203126 -0.0413475036621094 -0.77801513671875 -0.3912353515625
0.0155735015869141 -0.0318660736083984 -0.6473388671875 0.34375
0.02264404296875 -0.0244426727294922 -0.0521850585937499 0.55517578125
0.022369384765625 -0.0110454559326172 0.288360595703125 0.3580322265625
-0.00189590454101563 0.0102682113647461 0.361114501953125 0.0555419921875
0.00559043884277344 0.00169563293457031 0.239883422851563 -0.181716918945313
0.0101413726806641 -0.0199546813964844 -0.23333740234375 0.104705810546875
0.0510368347167969 0.0188827514648438 -0.138778686523437 -0.2149658203125
0.0597991943359375 -0.0096282958984375 0.1995849609375 -0.510986328125
0.0240211486816406 -0.0207939147949219 0.65789794921875 -0.298583984375
-0.0329208374023437 -0.0264663696289063 0.66485595703125 0.46826171875
-0.03125 -0.0878982543945313 0.13525390625 0.8695068359375
0.0249710083007813 -0.077667236328125 -0.148956298828125 0.4970703125
0.0280838012695312 -0.0911102294921875 0.0728073120117188 -0.109756469726563
-0.0271148681640625 -0.0835494995117188 -0.1817626953125 -0.64654541015625
-0.0358848571777344 -0.0634498596191406 -0.76129150390625 -0.40679931640625
-0.00541305541992187 -0.0397453308105469 -0.66143798828125 0.33258056640625
0.0230560302734375 -0.0338287353515625 -0.079833984375 0.56317138671875
0.038482666015625 -0.0137443542480469 0.263275146484375 0.3717041015625
0.00867462158203125 0.0178031921386719 0.350830078125 0.060211181640625
0.00838470458984375 0.00529241561889648 0.23504638671875 -0.180145263671875
0.0116939544677734 -0.0186252593994141 -0.242095947265625 0.107391357421875
0.055084228515625 0.024017333984375 -0.172454833984375 -0.20416259765625
0.0649070739746094 -0.00941848754882813 0.13250732421875 -0.5147705078125
0.0209064483642578 -0.02679443359375 0.60723876953125 -0.35760498046875
-0.0471229553222656 -0.0401649475097656 0.71002197265625 0.37542724609375
-0.0510940551757812 -0.126144409179688 0.23828125 0.8331298828125
0.029388427734375 -0.135581970214844 -0.10296630859375 0.526031494140625
0.049957275390625 -0.146255493164063 0.072906494140625 -0.0723419189453125
-0.0360031127929688 -0.1322021484375 -0.125 -0.6407470703125
-0.0643310546875 -0.0865936279296875 -0.7125244140625 -0.4783935546875
-0.0253143310546875 -0.0439491271972656 -0.70013427734375 0.2728271484375
0.0198822021484375 -0.0371551513671875 -0.15045166015625 0.571533203125
0.0502052307128906 -0.0161476135253906 0.20965576171875 0.403778076171875
0.0182304382324219 0.0219097137451172 0.332977294921875 0.080474853515625
0.012730598449707 0.00580692291259766 0.232986450195313 -0.173675537109375
0.0149078369140625 -0.0518379211425781 -0.232864379882813 0.154220581054688
0.00445365905761719 -0.0178089141845703 -0.278457641601563 -0.101364135742187
-0.0390777587890625 0.00593566894531251 -0.11224365234375 -0.44476318359375
-0.0155677795410156 0.0435295104980469 0.33477783203125 -0.56329345703125
0.0170097351074219 0.0681915283203125 0.744384765625 -0.0831298828125
0.0455436706542969 0.0665245056152344 0.6219482421875 0.56353759765625
0.0600128173828125 0.102836608886719 0.10467529296875 0.6334228515625
-0.001220703125 0.109664916992187 0.0162811279296875 0.10546875
0.0400161743164063 0.10858154296875 0.11639404296875 -0.56256103515625
0.0709075927734375 0.0623703002929688 -0.37371826171875 -0.821533203125
0.0259590148925781 0.0468368530273438 -0.79364013671875 -0.17706298828125
-0.023529052734375 0.04052734375 -0.459716796875 0.4630126953125
-0.0470085144042969 -0.00410461425781249 -0.018280029296875 0.50286865234375
-0.0265827178955078 -0.0300445556640625 0.266036987304688 0.190292358398438
0.0117454528808594 -0.0264625549316406 0.26092529296875 -0.130828857421875
0.012847900390625 -0.0478134155273438 -0.2288818359375 0.145004272460938
0.00535869598388672 -0.0145912170410156 -0.2396240234375 -0.131790161132813
-0.0331821441650391 0.00487899780273437 -0.024169921875 -0.480010986328125
-0.006439208984375 0.03668212890625 0.4417724609375 -0.525390625
0.0228843688964844 0.0652427673339844 0.7606201171875 0.05316162109375
0.0441513061523438 0.0748519897460938 0.510986328125 0.673583984375
0.0427932739257812 0.124908447265625 0.0186767578125001 0.6146240234375
-0.0139312744140625 0.123390197753906 0.0233726501464844 0.0467262268066406
0.0449752807617188 0.115821838378906 0.0341796875 -0.60382080078125
0.0813980102539063 0.0594100952148437 -0.51849365234375 -0.73150634765625
0.0372543334960938 0.0390739440917969 -0.79266357421875 -0.0231323242187501
-0.0130844116210938 0.0336933135986328 -0.351226806640625 0.51531982421875
-0.0382652282714844 -0.00712585449218751 0.078704833984375 0.4815673828125
-0.0255851745605469 -0.028411865234375 0.304473876953125 0.16058349609375
0.0104808807373047 -0.0224838256835938 0.263259887695313 -0.142379760742188
0.0100593566894531 -0.0429153442382813 -0.225204467773438 0.135284423828125
0.0116806030273438 -0.0104341506958008 -0.197799682617188 -0.162200927734375
-0.0188751220703125 9.53674316406007E-06 0.068115234375 -0.5030517578125
0.00272369384765625 0.0267677307128906 0.541534423828125 -0.46142578125
0.0191650390625 0.0586509704589844 0.74530029296875 0.20684814453125
0.0304489135742188 0.0739822387695313 0.37542724609375 0.7724609375
0.0203094482421875 0.126335144042969 -0.06103515625 0.5821533203125
-0.0209426879882813 0.115768432617188 0.0350208282470703 -0.0144443511962891
0.0448532104492188 0.101959228515625 -0.0557861328125 -0.63250732421875
0.0788955688476563 0.040008544921875 -0.63800048828125 -0.62396240234375
0.042144775390625 0.0213203430175781 -0.7598876953125 0.1221923828125
-0.00148391723632813 0.0214214324951172 -0.235687255859375 0.54638671875
-0.0272998809814453 -0.00742912292480469 0.1715087890625 0.445159912109375
-0.0228290557861328 -0.0236549377441406 0.335662841796875 0.125213623046875
0.00798797607421875 -0.0178470611572266 0.261856079101563 -0.156814575195313
0.00923538208007813 -0.0354881286621094 -0.22247314453125 0.124557495117187
0.0213165283203125 -0.00467681884765625 -0.160873413085938 -0.187149047851563
0.00162577629089355 -0.00432133674621582 0.149993896484375 -0.51251220703125
0.0127878189086914 0.0148677825927734 0.62017822265625 -0.38262939453125
0.00930404663085938 0.0460586547851563 0.70843505859375 0.349609375
0.0103836059570312 0.0555152893066406 0.24151611328125 0.84173583984375
0.00286865234375 0.102096557617187 -0.123443603515625 0.5440673828125
-0.0199356079101563 0.08477783203125 0.0469093322753906 -0.0681266784667969
0.03692626953125 0.0679244995117188 -0.13751220703125 -0.64874267578125
0.0641403198242188 0.013458251953125 -0.72515869140625 -0.512939453125
0.0396766662597656 3.0517578125E-05 -0.71221923828125 0.23822021484375
0.008941650390625 0.00571918487548828 -0.1358642578125 0.5576171875
-0.0115871429443359 -0.00883769989013672 0.24420166015625 0.4053955078125
-0.0180454254150391 -0.0132045745849609 0.357452392578125 0.09051513671875
0.00559902191162109 -0.0109777450561523 0.255142211914063 -0.169967651367187
0.00905990600585937 -0.0283527374267578 -0.222137451171875 0.114776611328125
0.0323448181152344 0.00234603881835938 -0.133102416992187 -0.205764770507813
0.0255851745605469 -0.00742149353027344 0.2060546875 -0.509765625
0.0197601318359375 0.00234603881835938 0.6661376953125 -0.3134765625
-0.00482749938964844 0.0255184173583984 0.66900634765625 0.4556884765625
-0.00684547424316406 0.0168523788452148 0.1407470703125 0.8797607421875
0.000179290771484376 0.0547752380371094 -0.157196044921875 0.51031494140625
-0.00977325439453125 0.0350303649902344 0.0586090087890625 -0.1072998046875
0.0188407897949219 0.0214900970458984 -0.1927490234375 -0.6495361328125
0.0367469787597656 -0.0147247314453125 -0.77239990234375 -0.42547607421875
0.0298061370849609 -0.018096923828125 -0.6695556640625 0.31622314453125
0.0176219940185547 -0.00968551635742188 -0.069366455078125 0.55792236328125
0.00593376159667969 -0.00979995727539062 0.284088134765625 0.37139892578125
-0.0117502212524414 -0.000920295715332033 0.36419677734375 0.064483642578125
0.00612926483154297 -0.00356340408325195 0.246490478515625 -0.178329467773437
0.00830459594726562 -0.0230560302734375 -0.226959228515625 0.11083984375
0.0448989868164062 0.0102806091308594 -0.1268310546875 -0.213699340820312
0.0451622009277344 -0.00954055786132812 0.22406005859375 -0.5103759765625
0.0229530334472656 -0.0107059478759766 0.68212890625 -0.28533935546875
-0.0177402496337891 -0.00178718566894531 0.65570068359375 0.494140625
-0.0184288024902344 -0.0354537963867188 0.10302734375 0.88470458984375
0.00990104675292969 -0.0105361938476563 -0.166168212890625 0.491851806640625
0.00663948059082031 -0.0290908813476562 0.0680389404296875 -0.123260498046875
-0.00584983825683594 -0.0307674407958984 -0.21026611328125 -0.64898681640625
0.000553131103515625 -0.0413475036621094 -0.784912109375 -0.3868408203125
0.0152187347412109 -0.0326881408691406 -0.64788818359375 0.35333251953125
0.0220832824707031 -0.0243473052978516 -0.047637939453125 0.5594482421875
0.0233001708984375 -0.0105762481689453 0.292388916015625 0.3568115234375
-0.00145149230957031 0.0105009078979492 0.364013671875 0.051910400390625
0.00543451309204101 0.000982761383056641 0.240447998046875 -0.185012817382813
0.00850486755371094 -0.0203914642333984 -0.233627319335937 0.10845947265625
0.0522651672363281 0.018310546875 -0.141067504882812 -0.213912963867187
0.0598030090332031 -0.0103073120117187 0.19610595703125 -0.516937255859375
0.0234241485595703 -0.0212936401367188 0.66107177734375 -0.30621337890625
-0.0324344635009766 -0.0257167816162109 0.6741943359375 0.465087890625
-0.031768798828125 -0.089080810546875 0.14227294921875 0.87353515625
0.0241241455078125 -0.0779571533203125 -0.14630126953125 0.5003662109375
0.0263442993164062 -0.0920181274414062 0.0721969604492188 -0.110099792480469
-0.0285263061523437 -0.0826644897460938 -0.18902587890625 -0.6484375
-0.0368728637695313 -0.0628623962402344 -0.7696533203125 -0.4034423828125
-0.00531005859375 -0.04034423828125 -0.663330078125 0.34228515625
0.0233039855957031 -0.0345649719238281 -0.07501220703125 0.56744384765625
0.0391502380371094 -0.0148544311523438 0.268310546875 0.37017822265625
0.00973129272460938 0.0181674957275391 0.353240966796875 0.05596923828125
0.00850009918212891 0.00436639785766602 0.234603881835937 -0.183517456054688
0.0105934143066406 -0.0198497772216797 -0.24200439453125 0.11114501953125
0.0557861328125 0.0230331420898438 -0.175460815429688 -0.203323364257812
0.0663681030273438 -0.00958633422851562 0.1278076171875 -0.51995849609375
0.0205307006835938 -0.0268058776855469 0.60894775390625 -0.36669921875
-0.0465126037597656 -0.0385360717773437 0.71734619140625 0.3709716796875
-0.052459716796875 -0.126220703125 0.24609375 0.83697509765625
0.0280303955078125 -0.136940002441406 -0.099029541015625 0.529632568359375
0.0484619140625 -0.147842407226563 0.0735626220703125 -0.073822021484375
-0.0377120971679687 -0.132575988769531 -0.13092041015625 -0.64288330078125
-0.0655059814453125 -0.0864639282226563 -0.7218017578125 -0.4720458984375
-0.0257759094238281 -0.04437255859375 -0.70159912109375 0.280517578125
0.0189208984375 -0.0377655029296875 -0.14556884765625 0.57696533203125
0.0501823425292969 -0.0174560546875 0.215362548828125 0.40411376953125
0.0188407897949219 0.0218925476074219 0.33642578125 0.0770263671875
0.0127458572387695 0.0055694580078125 0.233291625976563 -0.176712036132813
0.0146255493164062 -0.0528488159179688 -0.23321533203125 0.157623291015625
0.00376129150390625 -0.0185680389404297 -0.28057861328125 -0.0981445312499999
-0.0402145385742188 0.00709915161132812 -0.118316650390625 -0.445892333984375
-0.0150184631347656 0.0440101623535156 0.3310546875 -0.57183837890625
0.0189361572265625 0.0685768127441406 0.748779296875 -0.09149169921875
0.0468826293945312 0.0656852722167969 0.63287353515625 0.56103515625
0.0601043701171875 0.102073669433594 0.11181640625 0.63568115234375
0.000419616699218755 0.109642028808594 0.0173568725585938 0.105552673339844
0.041656494140625 0.108444213867188 0.11077880859375 -0.56640625
0.0720138549804688 0.0619125366210938 -0.385498046875 -0.82110595703125
0.0268745422363281 0.0465660095214844 -0.800537109375 -0.170654296875
-0.0220222473144531 0.0412216186523438 -0.4564208984375 0.471649169921875
-0.0469818115234375 -0.0038299560546875 -0.01300048828125 0.505889892578125
-0.0270805358886719 -0.0285053253173828 0.269607543945313 0.188583374023437
0.0121860504150391 -0.0267333984375 0.260604858398438 -0.134674072265625
0.0114059448242187 -0.0484580993652344 -0.22784423828125 0.149917602539063
0.00569915771484375 -0.015472412109375 -0.241683959960938 -0.129562377929688
-0.0331535339355469 0.00489807128906251 -0.030792236328125 -0.482147216796875
-0.00647735595703125 0.0374069213867188 0.4385986328125 -0.5341796875
0.0245094299316406 0.0650100708007813 0.7646484375 0.0439453125
0.0464248657226562 0.0749282836914063 0.520751953125 0.6715087890625
0.0441818237304687 0.123992919921875 0.0259399414062499 0.6163330078125
-0.0134201049804688 0.124061584472656 0.0238609313964844 0.0476913452148438
0.045867919921875 0.116432189941406 0.02679443359375 -0.6064453125
0.0816574096679688 0.0582122802734375 -0.52728271484375 -0.729248046875
0.03839111328125 0.0388221740722656 -0.79656982421875 -0.0149536132812498
-0.0120220184326172 0.0346794128417969 -0.348114013671875 0.523101806640625
-0.0394554138183594 -0.00642013549804687 0.086456298828125 0.4814453125
-0.0257472991943359 -0.0282688140869141 0.3076171875 0.157958984375
0.0107765197753906 -0.023651123046875 0.26300048828125 -0.146347045898438
0.00976562500000001 -0.0436630249023438 -0.224594116210938 0.138534545898437
0.0122041702270508 -0.0108413696289063 -0.200531005859375 -0.159896850585938
-0.0193595886230469 0.000972747802734379 0.06256103515625 -0.50616455078125
0.00280952453613281 0.0276012420654297 0.53955078125 -0.47015380859375
0.0205650329589844 0.0581932067871094 0.75299072265625 0.20135498046875
0.03240966796875 0.07403564453125 0.38720703125 0.77215576171875
0.021881103515625 0.126388549804688 -0.0549926757812499 0.587158203125
-0.0204544067382812 0.116165161132812 0.0340538024902344 -0.0136699676513672
0.045989990234375 0.101425170898437 -0.0618896484374999 -0.63482666015625
0.0809097290039063 0.040191650390625 -0.6478271484375 -0.61761474609375
0.0427780151367188 0.0209732055664063 -0.76324462890625 0.13153076171875
-0.000936508178710936 0.0216751098632813 -0.230499267578125 0.551727294921875
-0.0278987884521484 -0.00707817077636718 0.179168701171875 0.4454345703125
-0.0237236022949219 -0.0229015350341797 0.339874267578125 0.12078857421875
0.00829887390136719 -0.0176715850830078 0.261734008789063 -0.161102294921875
0.00909805297851562 -0.0360641479492187 -0.222488403320312 0.128662109375
0.0217838287353516 -0.005096435546875 -0.162918090820313 -0.185897827148438
0.00159573554992676 -0.00378680229187012 0.14630126953125 -0.51751708984375
0.0123577117919922 0.0155830383300781 0.6195068359375 -0.3917236328125
0.0103034973144531 0.0461654663085938 0.7169189453125 0.34393310546875
0.0106315612792969 0.0552330017089844 0.25103759765625 0.845703125
0.00413513183593749 0.102127075195313 -0.11810302734375 0.548126220703125
-0.0205078125 0.0851821899414062 0.0469093322753906 -0.0683860778808594
0.0371818542480469 0.0678138732910156 -0.14508056640625 -0.649169921875
0.0650863647460938 0.0122871398925781 -0.73394775390625 -0.50506591796875
0.039947509765625 0.0001068115234375 -0.71307373046875 0.24908447265625
0.00931549072265625 0.00538730621337891 -0.1292724609375 0.56317138671875
-0.012141227722168 -0.00837421417236328 0.251068115234375 0.403778076171875
-0.0184555053710937 -0.012908935546875 0.36041259765625 0.085784912109375
0.00572299957275391 -0.0112028121948242 0.255355834960938 -0.174545288085937
0.00830841064453125 -0.0287551879882812 -0.221694946289062 0.11865234375
0.0318088531494141 0.00118064880371094 -0.13494873046875 -0.203750610351563
0.0249004364013672 -0.00704193115234375 0.199981689453125 -0.5162353515625
0.0187397003173828 0.00132560729980469 0.6641845703125 -0.3233642578125
-0.00422477722167969 0.0269317626953125 0.67919921875 0.450927734375
-0.00667476654052734 0.0160045623779297 0.150634765625 0.88421630859375
0.000965118408203123 0.0538597106933594 -0.15264892578125 0.5126953125
-0.0103263854980469 0.0352363586425781 0.05816650390625 -0.106185913085938
0.0170173645019531 0.0217533111572266 -0.201171875 -0.65069580078125
0.0363426208496094 -0.0156822204589844 -0.78228759765625 -0.4197998046875
0.0296058654785156 -0.0197658538818359 -0.66943359375 0.3255615234375
0.0165853500366211 -0.0108022689819336 -0.0640869140625 0.560821533203125
0.00684452056884766 -0.00939559936523438 0.2894287109375 0.369293212890625
-0.0107879638671875 -0.00133132934570313 0.36737060546875 0.059814453125
0.00659799575805664 -0.0040278434753418 0.245681762695313 -0.1827392578125
0.00775146484375 -0.0236434936523437 -0.2261962890625 0.114532470703125
0.0450935363769531 0.00917816162109375 -0.129257202148438 -0.212646484375
0.0460548400878906 -0.00977706909179688 0.21893310546875 -0.516571044921875
0.022857666015625 -0.0101547241210938 0.680908203125 -0.296630859375
-0.0167713165283203 -0.00109386444091797 0.666748046875 0.48974609375
-0.0193862915039063 -0.0360946655273438 0.1138916015625 0.8892822265625
0.00872802734375 -0.0109348297119141 -0.161224365234375 0.4952392578125
0.00423049926757812 -0.0284328460693359 0.06732177734375 -0.123626708984375
-0.00780105590820313 -0.03094482421875 -0.21710205078125 -0.65142822265625
-0.00106430053710937 -0.0410995483398437 -0.7935791015625 -0.37933349609375
0.0136489868164063 -0.0332489013671875 -0.648681640625 0.361083984375
0.0219650268554688 -0.0258331298828125 -0.04156494140625 0.56268310546875
0.0234794616699219 -0.0120353698730469 0.299774169921875 0.3560791015625
-0.000560760498046874 0.0107192993164063 0.367218017578125 0.04656982421875
0.00542879104614258 0.000811576843261719 0.23919677734375 -0.189071655273438
0.00892448425292969 -0.0209026336669922 -0.232315063476563 0.112167358398438
0.0537872314453125 0.0163154602050781 -0.144805908203125 -0.213699340820312
0.0605697631835938 -0.0108604431152344 0.189117431640625 -0.522369384765625
0.0233688354492188 -0.0209026336669922 0.65997314453125 -0.31732177734375
-0.0326519012451172 -0.0249195098876953 0.6824951171875 0.45977783203125
-0.0330123901367188 -0.0888519287109375 0.15313720703125 0.87750244140625
0.0230712890625 -0.0786056518554688 -0.14276123046875 0.504669189453125
0.0257492065429687 -0.091583251953125 0.071746826171875 -0.111495971679688
-0.0305557250976563 -0.0837478637695313 -0.19610595703125 -0.65008544921875
-0.038421630859375 -0.0634574890136719 -0.77850341796875 -0.39752197265625
-0.00635528564453125 -0.0410423278808594 -0.66015625 0.3509521484375
0.0222816467285156 -0.0350399017333984 -0.06707763671875 0.57177734375
0.0395584106445313 -0.0145072937011719 0.276123046875 0.368865966796875
0.0103206634521484 0.0189170837402344 0.3570556640625 0.05157470703125
0.00871753692626953 0.00439453125 0.234390258789063 -0.187423706054688
0.0101299285888672 -0.0201282501220703 -0.241043090820312 0.115097045898438
0.0564231872558594 0.0213623046875 -0.178634643554688 -0.202285766601563
0.0668487548828125 -0.0102729797363281 0.1219482421875 -0.524383544921875
0.0197296142578125 -0.0270748138427734 0.6077880859375 -0.3751220703125
-0.0466728210449219 -0.0391845703125 0.7271728515625 0.365478515625
-0.0535812377929688 -0.127105712890625 0.257080078125 0.8365478515625
0.0261611938476563 -0.136978149414063 -0.094268798828125 0.533447265625
0.0464630126953125 -0.147964477539062 0.0740127563476563 -0.074462890625
-0.0404891967773438 -0.132865905761719 -0.13812255859375 -0.64532470703125
-0.0669174194335938 -0.08660888671875 -0.72930908203125 -0.46771240234375
-0.0270233154296875 -0.0434684753417969 -0.7025146484375 0.29095458984375
0.018707275390625 -0.038177490234375 -0.13958740234375 0.58331298828125
0.0504989624023438 -0.0180816650390625 0.2220458984375 0.4033203125
0.0198917388916016 0.0224628448486328 0.338897705078125 0.0716552734375
0.0131330490112305 0.00454616546630859 0.232986450195312 -0.179885864257813
0.0137252807617188 -0.05426025390625 -0.231277465820313 0.16217041015625
0.00466728210449219 -0.0186138153076172 -0.2818603515625 -0.0942993164062499
-0.0404891967773438 0.00802993774414062 -0.123870849609375 -0.4451904296875
-0.0147972106933594 0.0455780029296875 0.3260498046875 -0.57781982421875
0.0200386047363281 0.0684242248535156 0.75067138671875 -0.10296630859375
0.0488357543945313 0.0651168823242188 0.6417236328125 0.55645751953125
0.0624160766601563 0.100807189941406 0.12042236328125 0.6361083984375
0.000877380371093741 0.109992980957031 0.0191802978515625 0.106185913085937
0.04339599609375 0.107780456542969 0.1044921875 -0.5703125
0.0742568969726563 0.06121826171875 -0.39727783203125 -0.81964111328125
0.028106689453125 0.0464630126953125 -0.80645751953125 -0.1617431640625
-0.0218734741210938 0.0411300659179687 -0.453765869140625 0.47796630859375
-0.04779052734375 -0.00259780883789062 -0.00808715820312503 0.50762939453125
-0.0279903411865234 -0.0279159545898438 0.274200439453125 0.1842041015625
0.0120525360107422 -0.0264816284179688 0.260360717773438 -0.13818359375
0.0114479064941406 -0.0503387451171875 -0.225662231445313 0.153778076171875
0.00600337982177734 -0.0168485641479492 -0.244735717773438 -0.125930786132812
-0.0338249206542969 0.00639915466308593 -0.03564453125 -0.484161376953125
-0.00609970092773438 0.0379753112792969 0.43426513671875 -0.54345703125
0.0257110595703125 0.0654830932617188 0.7698974609375 0.0347900390625
0.0476913452148437 0.0739212036132813 0.53125 0.66741943359375
0.0468215942382812 0.123748779296875 0.03375244140625 0.6197509765625
-0.0128555297851563 0.124801635742188 0.024444580078125 0.0477256774902344
0.0472640991210937 0.1153564453125 0.02081298828125 -0.608154296875
0.0830307006835938 0.0574111938476563 -0.5372314453125 -0.7257080078125
0.0391044616699219 0.0382919311523438 -0.80084228515625 -0.00640869140625002
-0.0114345550537109 0.0340652465820312 -0.342132568359375 0.529144287109375
-0.0400543212890625 -0.00561523437499999 0.092193603515625 0.484283447265625
-0.0262069702148438 -0.0275764465332031 0.311767578125 0.15380859375
0.0103034973144531 -0.0238857269287109 0.262130737304688 -0.15130615234375
0.00907135009765625 -0.0440902709960937 -0.223312377929688 0.14288330078125
0.0127620697021484 -0.0119380950927734 -0.202484130859375 -0.158340454101563
-0.0190830230712891 0.00176048278808593 0.0570068359375 -0.510040283203125
0.0032196044921875 0.0275211334228516 0.5364990234375 -0.478790283203125
0.0216712951660156 0.0589141845703125 0.75848388671875 0.19097900390625
0.0331497192382813 0.0738372802734375 0.3956298828125 0.76953125
0.0238876342773438 0.126434326171875 -0.0491943359375 0.5894775390625
-0.0197219848632813 0.11700439453125 0.0354957580566406 -0.0135765075683594
0.0472793579101563 0.100410461425781 -0.06964111328125 -0.63580322265625
0.0822601318359375 0.0383453369140625 -0.65789794921875 -0.6134033203125
0.0434112548828125 0.0206260681152344 -0.76483154296875 0.1405029296875
-0.000312805175781251 0.0220146179199219 -0.224761962890625 0.557220458984375
-0.0266628265380859 -0.00748634338378907 0.186004638671875 0.44549560546875
-0.0229244232177734 -0.0221481323242188 0.342987060546875 0.11651611328125
0.00884819030761719 -0.0183238983154297 0.26068115234375 -0.165206909179688
0.00780868530273437 -0.0371322631835938 -0.221389770507812 0.133026123046875
0.0223407745361328 -0.00561332702636719 -0.165451049804688 -0.184341430664063
0.00183224678039551 -0.00282454490661621 0.138702392578125 -0.5208740234375
0.0123844146728516 0.0153932571411133 0.61724853515625 -0.40228271484375
0.0109214782714844 0.0460891723632813 0.72479248046875 0.3372802734375
0.0117607116699219 0.0554656982421875 0.26129150390625 0.84552001953125
0.00447845458984375 0.102073669433594 -0.1112060546875 0.552276611328125
-0.0198516845703125 0.085479736328125 0.0480575561523438 -0.0689125061035156
0.0379295349121094 0.0666160583496094 -0.15191650390625 -0.6485595703125
0.0659828186035156 0.0111045837402344 -0.7415771484375 -0.50006103515625
0.0401535034179688 -0.0010986328125 -0.71356201171875 0.25872802734375
0.0089263916015625 0.00518989562988281 -0.12127685546875 0.56634521484375
-0.011383056640625 -0.0080881118774414 0.25787353515625 0.40142822265625
-0.0182514190673828 -0.0119209289550781 0.36358642578125 0.080718994140625
0.00582027435302734 -0.0111351013183594 0.253936767578125 -0.17950439453125
0.00808143615722656 -0.0292243957519531 -0.220565795898437 0.121932983398438
0.0333347320556641 0.00022125244140625 -0.138137817382813 -0.202545166015625
0.0256748199462891 -0.00730133056640625 0.194305419921875 -0.522308349609375
0.0193901062011719 0.002044677734375 0.6661376953125 -0.3336181640625
-0.00360870361328125 0.0252437591552734 0.68792724609375 0.44354248046875
-0.0047760009765625 0.0168037414550781 0.1632080078125 0.8870849609375
0.000846862792968752 0.0545310974121094 -0.147247314453125 0.51953125
-0.0112323760986328 0.0348625183105469 0.0574874877929688 -0.106903076171875
0.0188083648681641 0.0212593078613281 -0.20758056640625 -0.6517333984375
0.0370750427246094 -0.01715087890625 -0.7899169921875 -0.41204833984375
0.0296421051025391 -0.0204448699951172 -0.66778564453125 0.33331298828125
0.0171136856079102 -0.0121183395385742 -0.05804443359375 0.56390380859375
0.00639724731445313 -0.00971412658691406 0.29718017578125 0.367218017578125
-0.0104293823242188 -8.48770141601563E-05 0.369873046875 0.05487060546875
0.00635671615600586 -0.00475358963012695 0.244735717773437 -0.185928344726563
0.00752639770507812 -0.024688720703125 -0.224136352539063 0.118392944335937
0.0464286804199219 0.00747299194335937 -0.132904052734375 -0.212646484375
0.045654296875 -0.0103759765625 0.21240234375 -0.521453857421875
0.0223236083984375 -0.0099334716796875 0.68109130859375 -0.30755615234375
-0.0170907974243164 -0.000806808471679689 0.6756591796875 0.48358154296875
-0.0189056396484375 -0.0355377197265625 0.12353515625 0.8905029296875
0.00844669342041015 -0.0105962753295898 -0.155975341796875 0.5003662109375
0.00389671325683594 -0.0282745361328125 0.067291259765625 -0.124282836914062
-0.00879478454589844 -0.0307521820068359 -0.2257080078125 -0.65240478515625
-0.001007080078125 -0.0418052673339844 -0.80133056640625 -0.37139892578125
0.0133876800537109 -0.0336341857910156 -0.6473388671875 0.3719482421875
0.0214481353759766 -0.0261383056640625 -0.033935546875 0.56597900390625
0.0240116119384766 -0.0121631622314453 0.30584716796875 0.353759765625
0.000815391540527344 0.0110015869140625 0.369537353515625 0.041656494140625
0.00637722015380859 0.000345230102539062 0.237350463867188 -0.192916870117188
0.007781982421875 -0.0217761993408203 -0.230926513671875 0.116897583007813
0.0542449951171875 0.0149497985839844 -0.146774291992188 -0.211700439453125
0.0607376098632813 -0.0114288330078125 0.1832275390625 -0.526885986328125
0.0231761932373047 -0.0209751129150391 0.65899658203125 -0.32781982421875
-0.0327949523925781 -0.0258750915527344 0.69305419921875 0.45440673828125
-0.0336456298828125 -0.0894393920898438 0.1627197265625 0.879638671875
0.021881103515625 -0.0785980224609375 -0.135833740234375 0.50909423828125
0.0237884521484375 -0.0913772583007813 0.0723037719726562 -0.11224365234375
-0.0316848754882813 -0.0829010009765625 -0.204833984375 -0.64959716796875
-0.0388450622558594 -0.0633773803710938 -0.78607177734375 -0.38922119140625
-0.00673294067382813 -0.0408134460449219 -0.65997314453125 0.3604736328125
0.0219650268554688 -0.0347824096679687 -0.0611572265625 0.5751953125
0.0399093627929688 -0.0161705017089844 0.281402587890625 0.3663330078125
0.0118980407714844 0.0181484222412109 0.35955810546875 0.045654296875
0.00889968872070313 0.00340938568115234 0.231597900390625 -0.192001342773438
0.00942611694335938 -0.0201587677001953 -0.23956298828125 0.119415283203125
0.056671142578125 0.0204811096191406 -0.181259155273437 -0.199920654296875
0.0677032470703125 -0.0108489990234375 0.115966796875 -0.528411865234375
0.0195732116699219 -0.0271587371826172 0.6029052734375 -0.385986328125
-0.0471725463867188 -0.0387458801269531 0.73406982421875 0.357177734375
-0.0550613403320312 -0.126869201660156 0.26837158203125 0.83905029296875
0.024688720703125 -0.1383056640625 -0.088226318359375 0.53790283203125
0.0441741943359375 -0.148406982421875 0.07391357421875 -0.07574462890625
-0.0422210693359375 -0.132118225097656 -0.145263671875 -0.64642333984375
-0.0680007934570312 -0.0863189697265625 -0.73687744140625 -0.46002197265625
-0.0275115966796875 -0.0439796447753906 -0.70172119140625 0.30194091796875
0.0180892944335938 -0.0390701293945313 -0.13275146484375 0.58642578125
0.0511894226074219 -0.0193023681640625 0.230133056640625 0.400970458984375
0.0212268829345703 0.0218048095703125 0.341064453125 0.06683349609375
0.013249397277832 0.00420475006103516 0.231155395507813 -0.185943603515625
0.0118980407714844 -0.055511474609375 -0.228302001953125 0.167373657226563
0.00446319580078125 -0.0196552276611328 -0.28399658203125 -0.09033203125
-0.040863037109375 0.0101737976074219 -0.13140869140625 -0.444915771484375
-0.0147285461425781 0.0458908081054687 0.31878662109375 -0.58441162109375
0.0223655700683594 0.0684127807617188 0.7508544921875 -0.1142578125
0.0513534545898437 0.0648689270019531 0.649169921875 0.54888916015625
0.0635910034179688 0.100021362304688 0.12921142578125 0.63623046875
0.00152587890625 0.110374450683594 0.0205230712890625 0.106758117675781
0.0443572998046875 0.107246398925781 0.098876953125 -0.5714111328125
0.0754165649414063 0.0601730346679688 -0.40740966796875 -0.817626953125
0.0294456481933594 0.0466766357421875 -0.8109130859375 -0.15338134765625
-0.0218849182128906 0.0414352416992188 -0.4493408203125 0.4857177734375
-0.048187255859375 -0.00186538696289062 -0.000244140624999954 0.509735107421875
-0.0286407470703125 -0.0274982452392578 0.276626586914063 0.180267333984375
0.0116100311279297 -0.0277862548828125 0.258331298828125 -0.143142700195313
0.0101242065429688 -0.0505752563476563 -0.224441528320313 0.158416748046875
0.00695419311523438 -0.0173215866088867 -0.24652099609375 -0.12237548828125
-0.0344810485839844 0.00707244873046876 -0.042755126953125 -0.484527587890625
-0.00644683837890625 0.0386619567871094 0.42926025390625 -0.551971435546875
0.0265922546386719 0.0650863647460938 0.77105712890625 0.02691650390625
0.05010986328125 0.0740509033203125 0.540771484375 0.66302490234375
0.0484771728515625 0.123130798339844 0.0416870117187499 0.62091064453125
-0.0123214721679687 0.125709533691406 0.02655029296875 0.0476837158203125
0.0483169555664062 0.114532470703125 0.0133056640625 -0.61114501953125
0.0845794677734375 0.0559463500976563 -0.54937744140625 -0.72039794921875
0.0398101806640625 0.0385856628417969 -0.80401611328125 0.00622558593749995
-0.0109691619873047 0.0347843170166016 -0.33709716796875 0.535980224609375
-0.03997802734375 -0.00492095947265625 0.100250244140625 0.483856201171875
-0.0262374877929687 -0.027008056640625 0.3148193359375 0.148773193359375
0.0102500915527344 -0.0243988037109375 0.261123657226563 -0.15521240234375
0.00847244262695313 -0.0459213256835938 -0.221221923828125 0.148117065429687
0.0128145217895508 -0.0132112503051758 -0.204605102539063 -0.155014038085938
-0.019317626953125 0.00308990478515625 0.049896240234375 -0.511474609375
0.00376319885253906 0.0279159545898438 0.532867431640625 -0.488372802734375
0.0230903625488281 0.0590438842773438 0.76495361328125 0.18194580078125
0.0355300903320312 0.073822021484375 0.40655517578125 0.76806640625
0.02532958984375 0.125991821289063 -0.0421142578125 0.59185791015625
-0.0191802978515625 0.118453979492187 0.0357208251953125 -0.0139961242675781
0.0486907958984375 0.09954833984375 -0.07806396484375 -0.63690185546875
0.0833969116210938 0.0370941162109375 -0.66729736328125 -0.60498046875
0.0447807312011719 0.019866943359375 -0.765869140625 0.15289306640625
-0.00101280212402344 0.0211811065673828 -0.21673583984375 0.561737060546875
-0.0279541015625 -0.00720977783203125 0.19287109375 0.443939208984375
-0.0230236053466797 -0.0220985412597656 0.3450927734375 0.11114501953125
0.00904083251953125 -0.0188522338867188 0.258529663085938 -0.17034912109375
0.00672531127929688 -0.0378761291503906 -0.218978881835937 0.137313842773438
0.0226535797119141 -0.00753021240234375 -0.167999267578125 -0.182296752929688
0.00142264366149902 -0.00245165824890137 0.1319580078125 -0.52423095703125
0.01190185546875 0.016047477722168 0.61260986328125 -0.412109375
0.0120735168457031 0.0456733703613281 0.7330322265625 0.32965087890625
0.014129638671875 0.0550308227539063 0.27337646484375 0.84686279296875
0.00595092773437499 0.101463317871094 -0.105072021484375 0.554901123046875
-0.019561767578125 0.086700439453125 0.0465812683105469 -0.0694541931152344
0.038330078125 0.0667076110839844 -0.1612548828125 -0.64886474609375
0.066436767578125 0.00979995727539063 -0.75048828125 -0.49066162109375
0.0401039123535156 -0.00191497802734375 -0.7117919921875 0.26763916015625
0.00920295715332031 0.00488471984863281 -0.114501953125 0.56939697265625
-0.011713981628418 -0.00816822052001953 0.263885498046875 0.399261474609375
-0.0174541473388672 -0.0123891830444336 0.36572265625 0.075164794921875
0.00589752197265625 -0.0123701095581055 0.2518310546875 -0.183349609375
0.00684356689453125 -0.0303726196289063 -0.21905517578125 0.125747680664063
0.0340862274169922 -0.000841140747070313 -0.14129638671875 -0.20098876953125
0.0255050659179688 -0.00760459899902344 0.188446044921875 -0.52606201171875
0.0187854766845703 0.00141525268554688 0.66162109375 -0.344970703125
-0.00286865234375 0.0256252288818359 0.6956787109375 0.435546875
-0.00505828857421875 0.017054557800293 0.1729736328125 0.88592529296875
0.00121688842773438 0.0527305603027344 -0.140380859375 0.5216064453125
-0.0116672515869141 0.03485107421875 0.0579910278320313 -0.107872009277344
0.0182037353515625 0.0209751129150391 -0.21697998046875 -0.651123046875
0.036529541015625 -0.0173759460449219 -0.79730224609375 -0.40191650390625
0.0292167663574219 -0.0206089019775391 -0.665771484375 0.34478759765625
0.0162830352783203 -0.0119132995605469 -0.05023193359375 0.56793212890625
0.00633430480957031 -0.0105018615722656 0.3023681640625 0.36566162109375
-0.00935935974121094 -0.000217437744140626 0.371795654296875 0.048553466796875
0.00692367553710938 -0.00446176528930664 0.241790771484375 -0.190567016601563
0.00641632080078125 -0.0251235961914063 -0.222854614257813 0.122634887695312
0.0462265014648438 0.0070343017578125 -0.1357421875 -0.210723876953125
0.0462760925292969 -0.0107192993164063 0.2064208984375 -0.526611328125
0.0218372344970703 -0.00983238220214844 0.67864990234375 -0.31787109375
-0.0163335800170898 -0.000390052795410155 0.68310546875 0.47576904296875
-0.0194625854492188 -0.0356979370117187 0.13494873046875 0.89202880859375
0.00833797454833984 -0.0118999481201172 -0.1510009765625 0.5032958984375
0.00243759155273438 -0.0283012390136719 0.0668487548828125 -0.125808715820313
-0.00903892517089843 -0.0310516357421875 -0.23419189453125 -0.65032958984375
-0.00177383422851563 -0.0419731140136719 -0.8077392578125 -0.36181640625
0.0124835968017578 -0.0349254608154297 -0.64324951171875 0.381591796875
0.0210151672363281 -0.0261974334716797 -0.02685546875 0.56689453125
0.0243244171142578 -0.013031005859375 0.311920166015625 0.348846435546875
0.00121784210205078 0.011164665222168 0.3720703125 0.035308837890625
0.00569629669189453 0.000336647033691406 0.235610961914062 -0.197906494140625
0.00647354125976563 -0.0220375061035156 -0.230194091796875 0.120162963867188
0.0547409057617187 0.0138626098632812 -0.150421142578125 -0.21026611328125
0.0605506896972656 -0.0119667053222656 0.175567626953125 -0.5311279296875
0.0219573974609375 -0.0206432342529297 0.6561279296875 -0.33660888671875
-0.0326461791992188 -0.0255393981933594 0.70172119140625 0.446044921875
-0.034881591796875 -0.0893173217773438 0.17547607421875 0.8802490234375
0.02093505859375 -0.0793914794921875 -0.130157470703125 0.512115478515625
0.0213088989257813 -0.0917282104492188 0.0721206665039063 -0.112838745117188
-0.0336151123046875 -0.082763671875 -0.21173095703125 -0.64892578125
-0.0403480529785156 -0.0632286071777344 -0.7926025390625 -0.379150390625
-0.00765228271484375 -0.0415802001953125 -0.6566162109375 0.37109375
0.0204582214355469 -0.0370330810546875 -0.053955078125 0.57696533203125
0.0403327941894531 -0.0164108276367188 0.287200927734375 0.36328125
0.0128116607666016 0.0184173583984375 0.3599853515625 0.040008544921875
0.00869369506835937 0.00340366363525391 0.23077392578125 -0.195343017578125
0.00786781311035156 -0.0212516784667969 -0.23846435546875 0.1241455078125
0.0578765869140625 0.0193634033203125 -0.183761596679687 -0.197952270507813
0.06756591796875 -0.0116500854492187 0.1080322265625 -0.531463623046875
0.0187053680419922 -0.0266799926757813 0.6007080078125 -0.3951416015625
-0.0473976135253906 -0.0378074645996094 0.74224853515625 0.34869384765625
-0.0567169189453125 -0.126312255859375 0.27923583984375 0.83782958984375
0.022186279296875 -0.13836669921875 -0.0818176269531251 0.539825439453125
0.041961669921875 -0.148666381835938 0.0740890502929687 -0.0768508911132813
-0.0454177856445312 -0.131904602050781 -0.15216064453125 -0.64569091796875
-0.0696945190429687 -0.0858993530273438 -0.7459716796875 -0.4510498046875
-0.0291023254394531 -0.0437583923339844 -0.69915771484375 0.31109619140625
0.0167198181152344 -0.0396385192871094 -0.1253662109375 0.59027099609375
0.0515365600585938 -0.0201416015625 0.2353515625 0.399322509765625
0.0218963623046875 0.0218601226806641 0.34368896484375 0.061248779296875
0.0124750137329102 0.00355720520019531 0.229400634765625 -0.189971923828125
0.0113868713378906 -0.0565414428710938 -0.22589111328125 0.170806884765625
0.00479507446289063 -0.0200462341308594 -0.284149169921875 -0.085052490234375
-0.0411834716796875 0.0110931396484375 -0.136932373046875 -0.44329833984375
-0.0142097473144531 0.0466575622558594 0.31024169921875 -0.5916748046875
0.0231246948242187 0.0687789916992188 0.75048828125 -0.1217041015625
0.052825927734375 0.0634918212890625 0.65765380859375 0.54058837890625
0.0651016235351563 0.09844970703125 0.13677978515625 0.634521484375
0.0019683837890625 0.111053466796875 0.02294921875 0.106475830078125
0.04473876953125 0.105758666992187 0.09197998046875 -0.57366943359375
0.0758895874023438 0.0593185424804688 -0.41754150390625 -0.8128662109375
0.0302352905273438 0.0461692810058594 -0.814453125 -0.140625
-0.0215530395507813 0.0420188903808594 -0.44244384765625 0.491912841796875
-0.0481033325195313 -0.00169372558593751 0.00759887695312496 0.510528564453125
-0.0278377532958984 -0.0266952514648438 0.28082275390625 0.17608642578125
0.0114326477050781 -0.027923583984375 0.257980346679687 -0.148147583007813
0.0084381103515625 -0.0516471862792969 -0.222122192382813 0.162002563476562
0.00638771057128906 -0.0176219940185547 -0.247879028320313 -0.117813110351563
-0.03399658203125 0.00900840759277343 -0.049957275390625 -0.484283447265625
-0.00534820556640625 0.039337158203125 0.421844482421875 -0.557342529296875
0.0274200439453125 0.0645256042480469 0.77252197265625 0.0152587890625
0.0515289306640625 0.0727691650390625 0.5509033203125 0.65667724609375
0.0493087768554687 0.121658325195312 0.0496826171874999 0.62078857421875
-0.0107269287109375 0.125144958496094 0.0276107788085938 0.0475807189941406
0.050140380859375 0.114112854003906 0.00494384765624998 -0.6114501953125
0.0859527587890625 0.0540771484375 -0.55755615234375 -0.71533203125
0.0410003662109375 0.0373497009277344 -0.80340576171875 0.0160522460937499
-0.0107955932617187 0.0340061187744141 -0.328399658203125 0.540618896484375
-0.0396080017089844 -0.00421524047851562 0.10693359375 0.482208251953125
-0.0274200439453125 -0.0266685485839844 0.317413330078125 0.14459228515625
0.0102176666259766 -0.0249214172363281 0.258270263671875 -0.159988403320313
0.00709152221679688 -0.0463409423828125 -0.218185424804688 0.150924682617188
0.0126113891601563 -0.0140800476074219 -0.207000732421875 -0.15032958984375
-0.0200271606445312 0.00385093688964844 0.04388427734375 -0.513702392578125
0.0033111572265625 0.0284996032714844 0.525604248046875 -0.4981689453125
0.0251350402832031 0.0587539672851563 0.769287109375 0.17242431640625
0.036956787109375 0.0734100341796875 0.417724609375 0.76177978515625
0.0265274047851563 0.126075744628906 -0.0340576171875 0.5941162109375
-0.0187759399414063 0.117767333984375 0.0365409851074219 -0.0139732360839844
0.0494232177734375 0.0993499755859375 -0.0848388671875 -0.6361083984375
0.0843887329101563 0.0358505249023438 -0.6748046875 -0.59649658203125
0.0440826416015625 0.0187149047851562 -0.76409912109375 0.16094970703125
-0.000326156616210936 0.0214977264404297 -0.20989990234375 0.5654296875
-0.0278110504150391 -0.00609970092773438 0.19842529296875 0.442108154296875
-0.0231475830078125 -0.0218162536621094 0.34814453125 0.10589599609375
0.0074920654296875 -0.0196647644042969 0.256011962890625 -0.174224853515625
0.0058441162109375 -0.0381736755371094 -0.216201782226563 0.140792846679688
0.0227832794189453 -0.00855255126953125 -0.16998291015625 -0.179794311523438
0.00100374221801758 -0.0020824670791626 0.12493896484375 -0.5274658203125
0.0124139785766602 0.0159463882446289 0.60760498046875 -0.421142578125
0.0137939453125 0.0456657409667969 0.738525390625 0.3204345703125
0.0150146484375 0.0552330017089844 0.284912109375 0.84295654296875
0.00700378417968749 0.10162353515625 -0.09759521484375 0.557464599609375
-0.01947021484375 0.0870742797851563 0.0467376708984375 -0.0694122314453125
0.0385360717773437 0.0657806396484375 -0.1683349609375 -0.64739990234375
0.0672760009765625 0.00862884521484375 -0.758544921875 -0.48095703125
0.0403099060058594 -0.00270843505859375 -0.70904541015625 0.279052734375
0.00960636138916016 0.00472068786621094 -0.10791015625 0.57220458984375
-0.0118494033813477 -0.00785541534423828 0.269622802734375 0.3956298828125
-0.0178470611572266 -0.0115909576416016 0.367431640625 0.069580078125
0.00585365295410156 -0.0127983093261719 0.249008178710938 -0.187408447265625
0.00566482543945313 -0.0306396484375 -0.216842651367188 0.131057739257812
0.0332012176513672 -0.00164031982421875 -0.14288330078125 -0.1983642578125
0.0257396697998047 -0.00569343566894531 0.18023681640625 -0.5281982421875
0.0191135406494141 0.00241851806640625 0.65789794921875 -0.35406494140625
-0.00255012512207031 0.0263957977294922 0.703369140625 0.42681884765625
-0.00383281707763672 0.0166788101196289 0.183837890625 0.886474609375
0.000843048095703128 0.0529594421386719 -0.13592529296875 0.5244140625
-0.0119857788085938 0.0363616943359375 0.0568161010742187 -0.108833312988281
0.0174007415771484 0.0205364227294922 -0.225341796875 -0.64898681640625
0.0369834899902344 -0.0183372497558594 -0.80352783203125 -0.39044189453125
0.0287876129150391 -0.0215301513671875 -0.6610107421875 0.35626220703125
0.0157356262207031 -0.0122861862182617 -0.04229736328125 0.5687255859375
0.00700664520263672 -0.00975799560546875 0.309173583984375 0.360382080078125
-0.00887012481689453 0.00037670135498047 0.373687744140625 0.042510986328125
0.00568008422851563 -0.00564908981323242 0.24005126953125 -0.194808959960938
0.00433158874511719 -0.0260963439941406 -0.220932006835938 0.126571655273438
0.0464439392089844 0.00537490844726562 -0.138442993164063 -0.20843505859375
0.0460090637207031 -0.0105361938476563 0.19696044921875 -0.531158447265625
0.0218505859375 -0.00921058654785156 0.6748046875 -0.328369140625
-0.0162782669067383 -0.000829696655273434 0.692138671875 0.46661376953125
-0.0198707580566406 -0.03546142578125 0.145263671875 0.89349365234375
0.00754070281982422 -0.0115985870361328 -0.14520263671875 0.505767822265625
0.00137901306152344 -0.0273761749267578 0.0654449462890625 -0.126136779785156
-0.0105381011962891 -0.0293464660644531 -0.24224853515625 -0.64752197265625
-0.00319671630859375 -0.0424537658691406 -0.8138427734375 -0.3507080078125
0.01153564453125 -0.0349445343017578 -0.6397705078125 0.3919677734375
0.0201148986816406 -0.0274505615234375 -0.01861572265625 0.56939697265625
0.0239105224609375 -0.0136127471923828 0.316650390625 0.3458251953125
0.00276088714599609 0.0111532211303711 0.372772216796875 0.028778076171875
0.00596427917480469 -0.000196456909179688 0.232940673828125 -0.201766967773438
0.00541877746582031 -0.0220355987548828 -0.227798461914063 0.125396728515625
0.0547256469726563 0.0120964050292969 -0.15264892578125 -0.208602905273438
0.06097412109375 -0.0120964050292969 0.168487548828125 -0.53619384765625
0.0225334167480469 -0.0214900970458984 0.65191650390625 -0.3485107421875
-0.0328578948974609 -0.0246868133544922 0.71002197265625 0.43682861328125
-0.0360565185546875 -0.0891265869140625 0.18634033203125 0.879638671875
0.0198211669921875 -0.080169677734375 -0.12506103515625 0.514678955078125
0.0203094482421875 -0.0918731689453125 0.0713043212890625 -0.113975524902344
-0.0352783203125 -0.0818939208984375 -0.22027587890625 -0.64617919921875
-0.0410346984863281 -0.0632286071777344 -0.7979736328125 -0.368408203125
-0.00854492187500001 -0.0409049987792969 -0.6534423828125 0.38018798828125
0.0201797485351562 -0.0372772216796875 -0.04498291015625 0.57867431640625
0.0400390625 -0.0170402526855469 0.29315185546875 0.35931396484375
0.0140552520751953 0.01837158203125 0.361175537109375 0.034027099609375
0.00955486297607422 0.00215244293212891 0.227264404296875 -0.200088500976562
0.00768089294433593 -0.0217857360839844 -0.23583984375 0.127670288085938
0.0585403442382812 0.0177803039550781 -0.187225341796875 -0.1956787109375
0.0682373046875 -0.0124053955078125 0.099578857421875 -0.533447265625
0.018463134765625 -0.0265216827392578 0.5950927734375 -0.405517578125
-0.0474624633789063 -0.0377998352050781 0.7479248046875 0.33758544921875
-0.0578994750976563 -0.126625061035156 0.29071044921875 0.83428955078125
0.0196914672851563 -0.138999938964844 -0.075439453125 0.540985107421875
0.0394744873046875 -0.148696899414063 0.0737152099609375 -0.077301025390625
-0.0472259521484375 -0.131362915039062 -0.16204833984375 -0.64453125
-0.0715866088867187 -0.0851593017578125 -0.752197265625 -0.4427490234375
-0.0300216674804688 -0.0436058044433594 -0.6954345703125 0.3209228515625
0.0160598754882813 -0.0405387878417969 -0.11651611328125 0.5926513671875
0.0511970520019531 -0.0209732055664063 0.24066162109375 0.39593505859375
0.0232295989990234 0.0211067199707031 0.343994140625 0.056243896484375
0.0129594802856445 0.00288295745849609 0.227249145507813 -0.193283081054688
0.00964736938476563 -0.0570449829101562 -0.223388671875 0.174697875976562
0.00405311584472656 -0.0211048126220703 -0.285064697265625 -0.08001708984375
-0.0401992797851563 0.0124931335449219 -0.142547607421875 -0.442108154296875
-0.0137939453125 0.0472869873046875 0.302490234375 -0.595703125
0.0249671936035156 0.0676956176757813 0.74957275390625 -0.13287353515625
0.0537796020507812 0.0624465942382812 0.66522216796875 0.53411865234375
0.0660552978515625 0.096893310546875 0.14483642578125 0.632080078125
0.00273132324218749 0.110153198242188 0.024566650390625 0.106781005859375
0.0463790893554688 0.104995727539063 0.08544921875 -0.57403564453125
0.0774612426757813 0.0579147338867187 -0.42779541015625 -0.807373046875
0.0312767028808594 0.0455322265625 -0.81658935546875 -0.1302490234375
-0.0203018188476562 0.0413589477539063 -0.435302734375 0.496917724609375
-0.0482025146484375 0.00010681152343749 0.01446533203125 0.510894775390625
-0.0284481048583984 -0.0262603759765625 0.281768798828125 0.17181396484375
0.0111732482910156 -0.0292549133300781 0.255020141601562 -0.151931762695313
0.00765228271484375 -0.0530357360839844 -0.218612670898438 0.166351318359375
0.00604057312011719 -0.0192031860351563 -0.249130249023438 -0.113723754882813
-0.0340709686279297 0.0100841522216797 -0.056304931640625 -0.48406982421875
-0.00507736206054688 0.0400581359863281 0.41339111328125 -0.56536865234375
0.0296211242675781 0.0638847351074219 0.7735595703125 0.003662109375
0.053558349609375 0.0718460083007812 0.55841064453125 0.64996337890625
0.050384521484375 0.121208190917969 0.0576171874999999 0.61962890625
-0.0100326538085938 0.125343322753906 0.0288352966308594 0.0476760864257813
0.0506744384765625 0.112617492675781 -0.00128173828125005 -0.610107421875
0.0867919921875 0.05303955078125 -0.56585693359375 -0.7071533203125
0.0415763854980469 0.0361328125 -0.8055419921875 0.0262451171875
-0.0100154876708984 0.0338039398193359 -0.3201904296875 0.544647216796875
-0.040130615234375 -0.00358963012695312 0.1136474609375 0.48101806640625
-0.0271320343017578 -0.0261135101318359 0.31976318359375 0.1395263671875
0.0100917816162109 -0.0252857208251953 0.25628662109375 -0.163925170898438
0.00568771362304688 -0.0462188720703125 -0.215347290039062 0.155548095703125
0.0122842788696289 -0.0144424438476563 -0.2086181640625 -0.14837646484375
-0.0201530456542969 0.00470733642578125 0.0355224609375 -0.513946533203125
0.00382614135742188 0.0289402008056641 0.51849365234375 -0.50439453125
0.0261344909667969 0.0574798583984375 0.77032470703125 0.1597900390625
0.0385894775390625 0.0714492797851563 0.42657470703125 0.75811767578125
0.0278549194335938 0.123489379882813 -0.0264282226562499 0.5921630859375
-0.017913818359375 0.118400573730469 0.0360336303710938 -0.014434814453125
0.0505447387695312 0.0985488891601563 -0.09259033203125 -0.63531494140625
0.0849456787109375 0.0347518920898438 -0.6837158203125 -0.5880126953125
0.0445175170898438 0.0179252624511719 -0.76324462890625 0.17279052734375
-0.000398635864257814 0.0212059020996094 -0.2025146484375 0.56903076171875
-0.0279388427734375 -0.00517082214355468 0.204559326171875 0.438873291015625
-0.0232372283935547 -0.0209579467773438 0.348663330078125 0.1007080078125
0.00738716125488281 -0.0204410552978516 0.254058837890625 -0.178024291992188
0.00477218627929687 -0.0391616821289063 -0.213134765625 0.144668579101563
0.02276611328125 -0.00859451293945313 -0.172012329101563 -0.1763916015625
0.00207722187042236 -0.00166177749633789 0.117340087890625 -0.52960205078125
0.0120649337768555 0.0169601440429688 0.60382080078125 -0.43060302734375
0.0149154663085938 0.0453987121582031 0.7432861328125 0.30853271484375
0.0158042907714844 0.0541343688964844 0.2950439453125 0.8397216796875
0.0081024169921875 0.101524353027344 -0.09100341796875 0.558013916015625
-0.0187301635742188 0.0876922607421875 0.0458145141601563 -0.0697898864746094
0.0390090942382813 0.0654640197753906 -0.177001953125 -0.643798828125
0.0673599243164063 0.00811004638671875 -0.7642822265625 -0.4698486328125
0.0401420593261719 -0.00301742553710937 -0.70574951171875 0.28961181640625
0.0090789794921875 0.00437450408935547 -0.09991455078125 0.5743408203125
-0.0120410919189453 -0.00857353210449219 0.275543212890625 0.391754150390625
-0.0170116424560547 -0.0114383697509766 0.368804931640625 0.063201904296875
0.00673675537109375 -0.012730598449707 0.2462158203125 -0.19140625
0.00480270385742187 -0.0316505432128906 -0.214126586914063 0.134536743164062
0.0345668792724609 -0.00326156616210938 -0.145217895507813 -0.196868896484375
0.0252895355224609 -0.0070648193359375 0.171356201171875 -0.5313720703125
0.0191707611083984 0.002532958984375 0.65283203125 -0.36578369140625
-0.000854492187499999 0.0261745452880859 0.71063232421875 0.416748046875
-0.00393390655517578 0.0170373916625977 0.19439697265625 0.88226318359375
0.00204086303710938 0.0531425476074219 -0.12939453125 0.52679443359375
-0.0120277404785156 0.0368881225585938 0.0566558837890625 -0.109580993652344
0.0172996520996094 0.0205459594726563 -0.2342529296875 -0.6435546875
0.0360527038574219 -0.01910400390625 -0.806396484375 -0.3795166015625
0.0277519226074219 -0.0222053527832031 -0.65643310546875 0.36334228515625
0.0154600143432617 -0.0130462646484375 -0.03228759765625 0.56890869140625
0.00716018676757813 -0.0108785629272461 0.3135986328125 0.355743408203125
-0.00911235809326172 1.11590516193131E-18 0.373687744140625 0.0362548828125
0.00634574890136719 -0.00641107559204102 0.235824584960938 -0.198516845703125
0.00400733947753906 -0.0262355804443359 -0.218231201171875 0.13037109375
0.0466957092285156 0.004150390625 -0.140869140625 -0.2069091796875
0.0464706420898438 -0.0113754272460938 0.187652587890625 -0.533905029296875
0.0211830139160156 -0.00968551635742188 0.6700439453125 -0.3385009765625
-0.0154733657836914 -0.00073051452636719 0.69744873046875 0.45465087890625
-0.0201988220214844 -0.0354537963867188 0.15850830078125 0.891845703125
0.0071258544921875 -0.0115337371826172 -0.138671875 0.5087890625
8.20159912109393E-05 -0.0264682769775391 0.0636672973632812 -0.127151489257813
-0.0121212005615234 -0.0299854278564453 -0.25006103515625 -0.642333984375
-0.0031585693359375 -0.0425682067871094 -0.818359375 -0.33990478515625
0.0109939575195313 -0.0353660583496094 -0.6326904296875 0.3994140625
0.0194492340087891 -0.0275745391845703 -0.01116943359375 0.56817626953125
0.0249176025390625 -0.0134735107421875 0.321441650390625 0.34124755859375
0.00308036804199219 0.0114212036132813 0.372314453125 0.022674560546875
0.00616216659545898 -0.00129127502441406 0.230697631835938 -0.20538330078125
0.00414276123046875 -0.0233955383300781 -0.224761962890625 0.12896728515625
0.0553855895996094 0.0106658935546875 -0.155105590820313 -0.206497192382812
0.06158447265625 -0.012786865234375 0.15960693359375 -0.537384033203125
0.0217437744140625 -0.0207233428955078 0.644775390625 -0.35870361328125
-0.0320587158203125 -0.0244884490966797 0.715576171875 0.42706298828125
-0.0366973876953125 -0.08892822265625 0.19830322265625 0.8770751953125
0.0176849365234375 -0.0804367065429688 -0.1181640625 0.51495361328125
0.0182037353515625 -0.0915908813476563 0.0704727172851562 -0.114166259765625
-0.0367355346679688 -0.0805587768554688 -0.228515625 -0.6429443359375
-0.0420799255371094 -0.0624885559082031 -0.8031005859375 -0.3564453125
-0.00957489013671875 -0.0414886474609375 -0.64752197265625 0.38873291015625
0.0194015502929688 -0.03741455078125 -0.03680419921875 0.57977294921875
0.0401763916015625 -0.0180587768554688 0.298492431640625 0.355987548828125
0.0146608352661133 0.0174007415771484 0.3614501953125 0.027801513671875
0.00834560394287109 0.00167274475097656 0.224960327148438 -0.203323364257813
0.00672149658203125 -0.0226268768310547 -0.233108520507813 0.131912231445312
0.0587348937988281 0.0153770446777344 -0.188751220703125 -0.1927490234375
0.0686187744140625 -0.013397216796875 0.092926025390625 -0.53399658203125
0.01806640625 -0.0262622833251953 0.58905029296875 -0.4146728515625
-0.0473175048828125 -0.0376434326171875 0.75201416015625 0.328125
-0.0596466064453125 -0.125633239746094 0.29974365234375 0.83154296875
0.0179443359375 -0.139533996582031 -0.0682067871093749 0.540863037109375
0.037200927734375 -0.148544311523438 0.0732955932617188 -0.078643798828125
-0.0501708984375 -0.129478454589844 -0.16815185546875 -0.6416015625
-0.0728836059570312 -0.0835113525390625 -0.75689697265625 -0.43218994140625
-0.0301322937011719 -0.0439643859863281 -0.6912841796875 0.32952880859375
0.0147514343261719 -0.0401992797851563 -0.1077880859375 0.5943603515625
0.051483154296875 -0.0219230651855469 0.246612548828125 0.39166259765625
0.0242919921875 0.0212326049804687 0.344635009765625 0.049591064453125
0.0127134323120117 0.00200080871582031 0.223495483398438 -0.196945190429688
0.00781249999999999 -0.0574798583984375 -0.219100952148437 0.178787231445313
0.00445556640625 -0.0223045349121094 -0.28509521484375 -0.07550048828125
-0.0406532287597656 0.0135498046875 -0.14935302734375 -0.438629150390625
-0.0133552551269531 0.0481414794921875 0.2935791015625 -0.59881591796875
0.0266532897949219 0.0667839050292969 0.74609375 -0.14398193359375
0.0555458068847656 0.060638427734375 0.67034912109375 0.523193359375
0.0663528442382813 0.094879150390625 0.1527099609375 0.62982177734375
0.00342559814453124 0.109306335449219 0.0266494750976563 0.106391906738281
0.0480194091796875 0.103530883789063 0.0783691406249999 -0.573974609375
0.0788040161132813 0.056060791015625 -0.4390869140625 -0.798095703125
0.031463623046875 0.0449905395507813 -0.8150634765625 -0.12005615234375
-0.0202980041503906 0.0417289733886719 -0.427734375 0.504486083984375
-0.0483016967773438 -0.000419616699218741 0.02166748046875 0.509124755859375
-0.0294437408447266 -0.0258750915527344 0.28411865234375 0.1666259765625
0.0104904174804688 -0.0291976928710938 0.2525634765625 -0.15570068359375
0.00550460815429687 -0.0528640747070313 -0.21478271484375 0.16900634765625
0.00666236877441406 -0.0195217132568359 -0.249176025390625 -0.110443115234375
-0.0337638854980469 0.0109748840332031 -0.06298828125 -0.48175048828125
-0.005035400390625 0.0405349731445313 0.4041748046875 -0.56939697265625
0.0307693481445312 0.0635795593261719 0.77313232421875 -0.00738525390625
0.0548324584960938 0.0706405639648438 0.5665283203125 0.64227294921875
0.0514144897460938 0.119155883789063 0.0659790039062501 0.61737060546875
-0.00957489013671876 0.125663757324219 0.0293846130371094 0.0476417541503906
0.052001953125 0.1119384765625 -0.00750732421875004 -0.607421875
0.0875625610351563 0.0513839721679687 -0.57452392578125 -0.69915771484375
0.0415916442871094 0.0357513427734375 -0.80230712890625 0.0377197265625
-0.0100212097167969 0.0335330963134766 -0.313018798828125 0.547088623046875
-0.0396614074707031 -0.002899169921875 0.1212158203125 0.47833251953125
-0.0274772644042969 -0.0253849029541016 0.321685791015625 0.133514404296875
0.0095367431640625 -0.0261516571044922 0.253875732421875 -0.168243408203125
0.0038604736328125 -0.0465202331542969 -0.211715698242188 0.158187866210937
0.0126361846923828 -0.0153141021728516 -0.208984375 -0.144378662109375
-0.0195045471191406 0.00612449645996094 0.028564453125 -0.51348876953125
0.00340652465820313 0.0300350189208984 0.510345458984375 -0.51226806640625
0.0271339416503906 0.0574722290039063 0.7716064453125 0.15228271484375
0.0403976440429688 0.0705490112304688 0.4359130859375 0.751953125
0.0287551879882812 0.123550415039063 -0.01824951171875 0.59112548828125
-0.0171051025390625 0.117706298828125 0.0364494323730469 -0.0139312744140625
0.051544189453125 0.0973663330078125 -0.100341796875 -0.63067626953125
0.0852737426757812 0.0331268310546875 -0.6893310546875 -0.577880859375
0.0458183288574219 0.0167579650878906 -0.75750732421875 0.18121337890625
0.000165939331054688 0.0199966430664063 -0.19476318359375 0.57061767578125
-0.0278434753417969 -0.00587081909179688 0.211029052734375 0.433349609375
-0.0234909057617188 -0.0199108123779297 0.349334716796875 0.095062255859375
0.00791168212890625 -0.0205955505371094 0.250564575195313 -0.181915283203125
0.00316238403320312 -0.0397109985351562 -0.2103271484375 0.147811889648437
0.0224132537841797 -0.0103187561035156 -0.173583984375 -0.17315673828125
0.0013730525970459 -0.00106561183929443 0.10833740234375 -0.52960205078125
0.0122919082641602 0.0171384811401367 0.59539794921875 -0.4385986328125
0.0156135559082031 0.0452156066894531 0.74591064453125 0.2999267578125
0.017822265625 0.0541801452636719 0.30560302734375 0.833984375
0.00890350341796875 0.100456237792969 -0.0839233398437499 0.556976318359375
-0.0185623168945313 0.0877151489257813 0.0458946228027344 -0.0701866149902344
0.039825439453125 0.0642356872558594 -0.1844482421875 -0.64129638671875
0.0671424865722656 0.006683349609375 -0.76873779296875 -0.45819091796875
0.0397453308105469 -0.00455474853515625 -0.70025634765625 0.29840087890625
0.0083928108215332 0.00389671325683594 -0.0914916992187501 0.57275390625
-0.0117931365966797 -0.0072793960571289 0.279388427734375 0.38665771484375
-0.0173330307006836 -0.0103921890258789 0.367645263671875 0.057159423828125
0.00549602508544922 -0.0139751434326172 0.2431640625 -0.194381713867188
0.00362014770507813 -0.0322265625 -0.2108154296875 0.138519287109375
0.0333175659179688 -0.00453376770019531 -0.147079467773438 -0.194137573242188
0.0253982543945313 -0.00683212280273438 0.164459228515625 -0.5341796875
0.0159482955932617 0.00324058532714844 0.6455078125 -0.3743896484375
-0.000667572021484377 0.0255680084228516 0.71514892578125 0.40740966796875
-0.00286960601806641 0.0164270401000977 0.20654296875 0.87835693359375
0.00215911865234375 0.0524330139160156 -0.121490478515625 0.52667236328125
-0.0119171142578125 0.0364761352539063 0.05426025390625 -0.109329223632813
0.01702880859375 0.0203742980957031 -0.24029541015625 -0.63922119140625
0.0360832214355469 -0.0197868347167969 -0.80938720703125 -0.36883544921875
0.0273933410644531 -0.0224456787109375 -0.64935302734375 0.37152099609375
0.0144529342651367 -0.0131988525390625 -0.02496337890625 0.567626953125
0.00642490386962891 -0.0101099014282227 0.317596435546875 0.34979248046875
-0.00869989395141602 0.000267028808593748 0.373565673828125 0.031005859375
0.00570106506347656 -0.00751018524169922 0.2340087890625 -0.201934814453125
0.00282859802246094 -0.0265064239501953 -0.214889526367188 0.1337890625
0.04705810546875 0.00250625610351563 -0.143035888671875 -0.204925537109375
0.046630859375 -0.0120277404785156 0.1806640625 -0.536224365234375
0.0211238861083984 -0.00911712646484375 0.6636962890625 -0.348876953125
-0.0149126052856445 -0.000397682189941407 0.7044677734375 0.4444580078125
-0.0197677612304688 -0.0355339050292969 0.16961669921875 0.88751220703125
0.00665950775146485 -0.0120639801025391 -0.132720947265625 0.5087890625
-0.000841140747070312 -0.0259475708007813 0.063262939453125 -0.127197265625
-0.0127067565917969 -0.0293521881103516 -0.2579345703125 -0.63818359375
-0.00365829467773438 -0.0424652099609375 -0.8204345703125 -0.32733154296875
0.0103816986083984 -0.0349922180175781 -0.62640380859375 0.4083251953125
0.0187530517578125 -0.0284080505371094 -0.0010986328125 0.56768798828125
0.0244522094726563 -0.0138015747070313 0.32611083984375 0.335235595703125
0.00392246246337891 0.0106601715087891 0.3720703125 0.017364501953125
0.00579595565795898 -0.00128746032714844 0.226394653320313 -0.208969116210938
0.00221443176269531 -0.0233592987060547 -0.22198486328125 0.132308959960937
0.0554275512695313 0.0092926025390625 -0.157028198242188 -0.203933715820313
0.0614356994628906 -0.0136985778808594 0.15093994140625 -0.53765869140625
0.0204811096191406 -0.0198287963867188 0.63873291015625 -0.3663330078125
-0.0320281982421875 -0.0242595672607422 0.720458984375 0.41558837890625
-0.0373992919921875 -0.0877914428710938 0.20751953125 0.87396240234375
0.0164947509765625 -0.0797271728515625 -0.110321044921875 0.516082763671875
0.0161972045898437 -0.090423583984375 0.069610595703125 -0.114700317382813
-0.0388717651367187 -0.0807418823242187 -0.23614501953125 -0.63824462890625
-0.0430908203125 -0.0627326965332031 -0.80426025390625 -0.344482421875
-0.0102996826171875 -0.0410957336425781 -0.64019775390625 0.39654541015625
0.0184555053710937 -0.0379180908203125 -0.02783203125 0.57843017578125
0.0401115417480469 -0.0188751220703125 0.303558349609375 0.348785400390625
0.0158987045288086 0.0175142288208008 0.36102294921875 0.0220947265625
0.00781917572021484 0.00111579895019531 0.221267700195313 -0.206588745117188
0.00465965270996094 -0.0223541259765625 -0.22991943359375 0.135635375976563
0.0595207214355469 0.0136871337890625 -0.190231323242188 -0.189712524414063
0.068603515625 -0.014434814453125 0.0829467773437499 -0.53668212890625
0.0176811218261719 -0.0257434844970703 0.58331298828125 -0.42352294921875
-0.0478324890136719 -0.0374679565429688 0.755126953125 0.31561279296875
-0.060516357421875 -0.124275207519531 0.31097412109375 0.82562255859375
0.01531982421875 -0.13897705078125 -0.060516357421875 0.540985107421875
0.03485107421875 -0.147140502929688 0.072906494140625 -0.0792694091796875
-0.0520401000976563 -0.127754211425781 -0.1768798828125 -0.63812255859375
-0.0748291015625 -0.083160400390625 -0.76092529296875 -0.41845703125
-0.0310897827148437 -0.0432472229003906 -0.68426513671875 0.3389892578125
0.0142631530761719 -0.0406341552734375 -0.09991455078125 0.59490966796875
0.0511016845703125 -0.0237388610839844 0.252227783203125 0.386810302734375
0.0251140594482422 0.0200557708740234 0.343902587890625 0.044219970703125
0.0125865936279297 0.00153255462646484 0.220565795898437 -0.200027465820312
0.00666427612304687 -0.0580215454101563 -0.215667724609375 0.181304931640625
0.00467300415039063 -0.0228710174560547 -0.284271240234375 -0.07037353515625
-0.0399703979492187 0.0146446228027344 -0.154327392578125 -0.43365478515625
-0.0126152038574219 0.048370361328125 0.2860107421875 -0.6019287109375
0.0273094177246094 0.0660514831542969 0.74200439453125 -0.15130615234375
0.05743408203125 0.0594062805175781 0.67333984375 0.513671875
0.0675506591796875 0.0938720703125 0.15948486328125 0.62451171875
0.00396728515625001 0.109382629394531 0.0279617309570313 0.105110168457031
0.0487213134765625 0.10247802734375 0.07080078125 -0.572021484375
0.0789871215820313 0.0548782348632813 -0.4466552734375 -0.7894287109375
0.0320358276367187 0.0443305969238281 -0.81396484375 -0.11065673828125
-0.0190315246582031 0.0408897399902344 -0.419891357421875 0.507232666015625
-0.0475349426269531 0.000499725341796884 0.029205322265625 0.505889892578125
-0.0291271209716797 -0.0250625610351563 0.285308837890625 0.161285400390625
0.0108261108398438 -0.0295505523681641 0.249725341796875 -0.158660888671875
0.00469207763671875 -0.0537261962890625 -0.210250854492187 0.172683715820313
0.0059661865234375 -0.0195293426513672 -0.248443603515625 -0.10546875
-0.0337963104248047 0.0122280120849609 -0.06890869140625 -0.47882080078125
-0.0047607421875 0.0416717529296875 0.3956298828125 -0.57366943359375
0.0317726135253906 0.0624046325683594 0.77056884765625 -0.016845703125
0.056488037109375 0.0694351196289063 0.57269287109375 0.63311767578125
0.0529098510742187 0.117454528808594 0.0731201171875 0.6142578125
-0.0085296630859375 0.1248779296875 0.0303268432617188 0.0474624633789063
0.0530319213867187 0.110374450683594 -0.01611328125 -0.60504150390625
0.08819580078125 0.0497512817382813 -0.57965087890625 -0.68731689453125
0.0424270629882813 0.0345344543457031 -0.79766845703125 0.0471191406249999
-0.00998497009277343 0.0335235595703125 -0.30438232421875 0.549530029296875
-0.0398902893066406 -0.00252532958984374 0.127899169921875 0.4747314453125
-0.0274696350097656 -0.0244598388671875 0.321746826171875 0.1279296875
0.00901985168457031 -0.0268802642822266 0.250045776367188 -0.171188354492188
0.00249481201171875 -0.0476417541503906 -0.208602905273437 0.16192626953125
0.0118541717529297 -0.0165996551513672 -0.20928955078125 -0.14031982421875
-0.0191307067871094 0.00664138793945312 0.021728515625 -0.5111083984375
0.00424575805664062 0.0297183990478516 0.5020751953125 -0.516998291015625
0.0278778076171875 0.0562629699707031 0.77117919921875 0.14013671875
0.0418319702148437 0.0703125 0.44342041015625 0.7432861328125
0.0306243896484375 0.121826171875 -0.0104980468750001 0.59027099609375
-0.0170135498046875 0.117935180664063 0.0371360778808594 -0.0143661499023437
0.0520477294921875 0.095611572265625 -0.1075439453125 -0.62762451171875
0.0852813720703125 0.0315399169921875 -0.6923828125 -0.56658935546875
0.0450935363769531 0.0162162780761719 -0.75408935546875 0.19097900390625
-0.000608444213867189 0.0203399658203125 -0.18603515625 0.57171630859375
-0.0281200408935547 -0.00534439086914062 0.215484619140625 0.429412841796875
-0.0231742858886719 -0.0193004608154297 0.350311279296875 0.0880126953125
0.007232666015625 -0.0211734771728516 0.24658203125 -0.185379028320313
0.00196075439453125 -0.0395126342773438 -0.207077026367188 0.151275634765625
0.02252197265625 -0.0116195678710938 -0.174972534179687 -0.169891357421875
0.0016791820526123 -0.000816583633422852 0.101287841796875 -0.531097412109375
0.013005256652832 0.0170679092407227 0.58721923828125 -0.4454345703125
0.0168800354003906 0.0447845458984375 0.74853515625 0.28729248046875
0.01904296875 0.0536918640136719 0.31414794921875 0.82684326171875
0.010589599609375 0.099517822265625 -0.076416015625 0.556640625
-0.0179672241210938 0.0879669189453125 0.0453567504882813 -0.0703048706054688
0.0392417907714844 0.0634574890136719 -0.1895751953125 -0.6357421875
0.0672416687011719 0.00505447387695313 -0.77093505859375 -0.44793701171875
0.039794921875 -0.00482940673828125 -0.6937255859375 0.30523681640625
0.00875091552734375 0.0033564567565918 -0.0822753906250001 0.57122802734375
-0.0115118026733398 -0.0074005126953125 0.283935546875 0.38031005859375
-0.0173377990722656 -0.0101871490478516 0.36761474609375 0.050811767578125
0.00505542755126953 -0.0145111083984375 0.239273071289063 -0.1971435546875
0.00307083129882813 -0.0321865081787109 -0.20733642578125 0.141220092773437
0.0333232879638672 -0.00635719299316406 -0.14898681640625 -0.191177368164063
0.0250930786132813 -0.00686836242675781 0.15606689453125 -0.533660888671875
0.0189857482910156 0.00311851501464844 0.63751220703125 -0.3812255859375
0.000274658203125 0.0262622833251953 0.7177734375 0.3963623046875
-0.00286293029785156 0.0165004730224609 0.2171630859375 0.87310791015625
0.00275802612304687 0.0513763427734375 -0.114898681640625 0.52569580078125
-0.0116767883300781 0.0374755859375 0.0540771484375 -0.108894348144531
0.016815185546875 0.0203399658203125 -0.2469482421875 -0.6328125
0.0347766876220703 -0.0210227966308594 -0.81103515625 -0.3558349609375
0.0267257690429688 -0.0227336883544922 -0.6429443359375 0.37933349609375
0.014225959777832 -0.0135707855224609 -0.01678466796875 0.5662841796875
0.00661468505859375 -0.0110502243041992 0.3212890625 0.34307861328125
-0.00779867172241211 0.000369071960449218 0.372650146484375 0.024749755859375
0.00607824325561523 -0.00727701187133789 0.229644775390625 -0.203811645507813
0.00124740600585937 -0.0271358489990234 -0.2115478515625 0.136688232421875
0.0474586486816406 0.00103759765625 -0.14447021484375 -0.201751708984375
0.0461654663085938 -0.0120277404785156 0.1712646484375 -0.535369873046875
0.0207691192626953 -0.00889968872070313 0.6541748046875 -0.3560791015625
-0.0151042938232422 -0.000397682189941405 0.706787109375 0.433837890625
-0.0204238891601562 -0.0352363586425781 0.17974853515625 0.88299560546875
0.00570106506347656 -0.0119915008544922 -0.125579833984375 0.5096435546875
-0.00203514099121094 -0.02520751953125 0.0620193481445312 -0.126876831054688
-0.0134067535400391 -0.0291633605957031 -0.26434326171875 -0.63372802734375
-0.00527572631835937 -0.04229736328125 -0.81927490234375 -0.31512451171875
0.00922012329101563 -0.036224365234375 -0.618408203125 0.41241455078125
0.0178737640380859 -0.0283489227294922 0.00610351562500001 0.564697265625
0.0239772796630859 -0.014007568359375 0.329986572265625 0.32745361328125
0.00422954559326172 0.0101556777954102 0.37078857421875 0.0101318359375
0.00583457946777344 -0.00254344940185547 0.222412109375 -0.211135864257813
0.00213623046875 -0.0236244201660156 -0.218215942382813 0.135650634765625
0.0552864074707031 0.00775527954101563 -0.158828735351562 -0.200607299804688
0.0613517761230469 -0.0142440795898438 0.143951416015625 -0.53900146484375
0.0200080871582031 -0.0196762084960937 0.6314697265625 -0.37493896484375
-0.0318222045898438 -0.0239048004150391 0.72381591796875 0.405517578125
-0.0382614135742188 -0.08758544921875 0.217529296875 0.8675537109375
0.0144577026367187 -0.0796432495117187 -0.1025390625 0.51544189453125
0.0147323608398438 -0.0898895263671875 0.0685348510742188 -0.115531921386719
-0.0402603149414063 -0.0787429809570312 -0.241943359375 -0.6328125
-0.0443267822265625 -0.0611038208007813 -0.80517578125 -0.33392333984375
-0.0109748840332031 -0.0413398742675781 -0.63287353515625 0.403564453125
0.0182304382324219 -0.0380630493164063 -0.02117919921875 0.57720947265625
0.0393028259277344 -0.0201683044433594 0.307098388671875 0.342498779296875
0.0172891616821289 0.0166778564453125 0.35968017578125 0.01531982421875
0.0084996223449707 0.000638008117675781 0.217422485351563 -0.209197998046875
0.00332069396972657 -0.0224571228027344 -0.226730346679688 0.139450073242187
0.0595016479492187 0.0123481750488281 -0.191864013671875 -0.186492919921875
0.0681991577148438 -0.0148963928222656 0.0767822265625 -0.535308837890625
0.0168647766113281 -0.0255107879638672 0.57354736328125 -0.42864990234375
-0.0475006103515625 -0.0364570617675781 0.7568359375 0.30633544921875
-0.0623626708984375 -0.123184204101562 0.3192138671875 0.81982421875
0.0136795043945313 -0.138496398925781 -0.05419921875 0.538604736328125
0.031890869140625 -0.146255493164063 0.0721817016601563 -0.07904052734375
-0.0543289184570313 -0.126472473144531 -0.1839599609375 -0.632568359375
-0.0751571655273437 -0.0810546875 -0.762451171875 -0.40936279296875
-0.0322799682617188 -0.0429611206054687 -0.67724609375 0.3465576171875
0.01336669921875 -0.0405197143554688 -0.09051513671875 0.59228515625
0.0511970520019531 -0.0233688354492187 0.255706787109375 0.382293701171875
0.026458740234375 0.0194950103759766 0.342926025390625 0.038482666015625
0.0130529403686523 0.001190185546875 0.216934204101563 -0.202789306640625
0.00449371337890625 -0.0588226318359375 -0.210891723632812 0.184051513671875
0.00382041931152344 -0.0235157012939453 -0.28228759765625 -0.06622314453125
-0.0401573181152344 0.0157928466796875 -0.15924072265625 -0.43048095703125
-0.011993408203125 0.0484352111816406 0.27734375 -0.60247802734375
0.0280952453613281 0.0648880004882813 0.73638916015625 -0.1595458984375
0.0586433410644531 0.0586776733398438 0.67730712890625 0.50238037109375
0.0673065185546875 0.0911331176757813 0.16583251953125 0.61865234375
0.00463867187500001 0.109031677246094 0.029754638671875 0.104232788085937
0.0488967895507813 0.101020812988281 0.0633544921875 -0.56939697265625
0.0796432495117188 0.0530166625976563 -0.4525146484375 -0.78076171875
0.0336227416992188 0.0427017211914063 -0.8109130859375 -0.0997924804687498
-0.0193367004394531 0.041351318359375 -0.4114990234375 0.50933837890625
-0.04754638671875 0.000965118408203133 0.034088134765625 0.50152587890625
-0.0292739868164062 -0.0247535705566406 0.284759521484375 0.156280517578125
0.008758544921875 -0.0300750732421875 0.246170043945313 -0.1614990234375
0.00210952758789063 -0.0535850524902344 -0.20806884765625 0.1754150390625
0.00562095642089844 -0.0216007232666016 -0.247665405273437 -0.101654052734375
-0.0330162048339844 0.0133056640625 -0.074859619140625 -0.475494384765625
-0.00409317016601563 0.0413284301757813 0.38726806640625 -0.57562255859375
0.0329780578613281 0.0612411499023437 0.76690673828125 -0.025146484375
0.0578575134277344 0.0678024291992187 0.57733154296875 0.623046875
0.0533370971679688 0.116317749023438 0.0785522460937499 0.61065673828125
-0.00765228271484375 0.124618530273438 0.0311813354492188 0.0466537475585938
0.0538101196289062 0.108848571777344 -0.02197265625 -0.6002197265625
0.0892105102539062 0.0489501953125 -0.5858154296875 -0.6767578125
0.0426292419433594 0.0336227416992188 -0.795166015625 0.05548095703125
-0.0097198486328125 0.0328273773193359 -0.296142578125 0.55218505859375
-0.0398025512695313 -0.00226211547851562 0.13177490234375 0.47052001953125
-0.0270919799804687 -0.0243434906005859 0.320953369140625 0.121368408203125
0.00881195068359375 -0.0272045135498047 0.246505737304688 -0.173934936523438
0.000881195068359372 -0.0477256774902344 -0.204574584960938 0.16375732421875
0.0118646621704102 -0.0172281265258789 -0.209075927734375 -0.136810302734375
-0.0188617706298828 0.00708389282226563 0.0137939453125 -0.509124755859375
0.00432968139648437 0.0298976898193359 0.492340087890625 -0.52032470703125
0.0288848876953125 0.055206298828125 0.76849365234375 0.13043212890625
0.0432815551757813 0.0686492919921875 0.4501953125 0.73529052734375
0.0311965942382812 0.119606018066406 -0.00396728515624997 0.58642578125
-0.01544189453125 0.117263793945313 0.0369186401367188 -0.01483154296875
0.0515289306640625 0.09454345703125 -0.11419677734375 -0.62322998046875
0.0849990844726563 0.0294342041015625 -0.6966552734375 -0.55535888671875
0.0453758239746094 0.0148887634277344 -0.7474365234375 0.1990966796875
-0.000133514404296876 0.0198268890380859 -0.177001953125 0.57025146484375
-0.0271873474121094 -0.00461959838867187 0.220855712890625 0.423736572265625
-0.022979736328125 -0.0194797515869141 0.347869873046875 0.082977294921875
0.00637626647949219 -0.0216484069824219 0.24310302734375 -0.18731689453125
0.000514984130859378 -0.0397377014160156 -0.203460693359375 0.15374755859375
0.0222415924072266 -0.0120525360107422 -0.174179077148438 -0.166900634765625
0.00163364410400391 -0.000724911689758301 0.09295654296875 -0.527130126953125
0.0116462707519531 0.0176372528076172 0.578857421875 -0.45166015625
0.0170135498046875 0.0435638427734375 0.7474365234375 0.27606201171875
0.0200119018554688 0.0529212951660156 0.32373046875 0.81927490234375
0.0110549926757812 0.0989303588867188 -0.0696716308593751 0.5550537109375
-0.0177841186523438 0.0877532958984375 0.0455551147460937 -0.0696487426757813
0.0395774841308594 0.0627098083496094 -0.1964111328125 -0.63104248046875
0.0669021606445313 0.00355148315429688 -0.77239990234375 -0.4351806640625
0.0393753051757813 -0.00646209716796875 -0.68695068359375 0.31268310546875
0.00842618942260742 0.00356483459472656 -0.0753173828125 0.56939697265625
-0.0115470886230469 -0.00766277313232422 0.287567138671875 0.37579345703125
-0.0159521102905273 -0.0102472305297852 0.36590576171875 0.045623779296875
0.00463199615478516 -0.0149765014648438 0.234649658203125 -0.199234008789062
0.00115585327148437 -0.0315723419189453 -0.2039794921875 0.14324951171875
0.0335578918457031 -0.00590324401855469 -0.15020751953125 -0.188446044921875
0.0258617401123047 -0.00745201110839844 0.1484375 -0.532989501953125
0.0184345245361328 0.00301551818847656 0.629150390625 -0.3885498046875
0.00136375427246094 0.0252494812011719 0.71795654296875 0.3861083984375
-0.0026693344116211 0.0165338516235352 0.22601318359375 0.86737060546875
0.00274658203125 0.0514907836914063 -0.1082763671875 0.5245361328125
-0.0126304626464844 0.038116455078125 0.0532073974609375 -0.108863830566406
0.0163383483886719 0.0206050872802734 -0.25323486328125 -0.62725830078125
0.0351486206054688 -0.0209846496582031 -0.812744140625 -0.34503173828125
0.0253028869628906 -0.0223293304443359 -0.635009765625 0.3841552734375
0.0141420364379883 -0.0138397216796875 -0.01055908203125 0.5626220703125
0.0064849853515625 -0.0103034973144531 0.324554443359375 0.33660888671875
-0.00682687759399414 0.000221252441406249 0.370819091796875 0.0191650390625
0.00557088851928711 -0.00809431076049805 0.22479248046875 -0.20611572265625
-0.000507354736328127 -0.0264987945556641 -0.207763671875 0.138748168945312
0.0464553833007813 0.0003509521484375 -0.145751953125 -0.198394775390625
0.0463409423828125 -0.0127296447753906 0.164031982421875 -0.53680419921875
0.0211677551269531 -0.00870513916015625 0.64862060546875 -0.3638916015625
-0.0147237777709961 -7.24792480468779E-05 0.708740234375 0.42083740234375
-0.0199050903320313 -0.0352020263671875 0.1884765625 0.87646484375
0.0043182373046875 -0.0117759704589844 -0.118865966796875 0.50701904296875
-0.00329971313476562 -0.0250034332275391 0.0607757568359375 -0.126495361328125
-0.0143566131591797 -0.0287227630615234 -0.2685546875 -0.62548828125
-0.0052337646484375 -0.0419998168945313 -0.81884765625 -0.303955078125
0.00917434692382812 -0.0362739562988281 -0.60943603515625 0.4193115234375
0.0172824859619141 -0.0283222198486328 0.01263427734375 0.5621337890625
0.0241165161132813 -0.0147609710693359 0.33251953125 0.322235107421875
0.00542449951171875 0.0106573104858398 0.368865966796875 0.00482177734375
0.00515365600585938 -0.00238895416259766 0.218795776367187 -0.212783813476563
0.000751495361328123 -0.0232219696044922 -0.214691162109375 0.137725830078125
0.0547103881835937 0.00647735595703125 -0.15997314453125 -0.198104858398438
0.0614013671875 -0.0149612426757813 0.134796142578125 -0.53759765625
0.0202960968017578 -0.0192813873291016 0.6214599609375 -0.381103515625
-0.0315704345703125 -0.0236339569091797 0.723876953125 0.39324951171875
-0.03887939453125 -0.08624267578125 0.22894287109375 0.86041259765625
0.013275146484375 -0.079345703125 -0.09747314453125 0.51373291015625
0.0132904052734375 -0.0881195068359375 0.0675048828125 -0.115318298339844
-0.041778564453125 -0.0774383544921875 -0.248291015625 -0.625244140625
-0.0448150634765625 -0.0602951049804687 -0.80322265625 -0.321044921875
-0.0118408203125 -0.0410346984863281 -0.6243896484375 0.40838623046875
0.0166511535644531 -0.0377197265625 -0.0113525390625 0.57318115234375
0.0399856567382813 -0.0196914672851563 0.309967041015625 0.335418701171875
0.0177135467529297 0.0161552429199219 0.357879638671875 0.009979248046875
0.00866889953613281 0.000284194946289063 0.213790893554688 -0.21112060546875
0.00240135192871094 -0.0230216979980469 -0.22296142578125 0.141845703125
0.058837890625 0.0110702514648438 -0.19195556640625 -0.1827392578125
0.0677070617675781 -0.0161781311035156 0.068145751953125 -0.5330810546875
0.0166473388671875 -0.0249652862548828 0.5645751953125 -0.43426513671875
-0.0468559265136719 -0.0355644226074219 0.7574462890625 0.29278564453125
-0.062835693359375 -0.122047424316406 0.32916259765625 0.81195068359375
0.0104141235351562 -0.137893676757813 -0.047760009765625 0.53656005859375
0.029632568359375 -0.144973754882813 0.071502685546875 -0.0803146362304688
-0.0558090209960937 -0.12445068359375 -0.18939208984375 -0.62603759765625
-0.0756454467773438 -0.0801849365234375 -0.7625732421875 -0.3975830078125
-0.0328826904296875 -0.0430908203125 -0.67120361328125 0.35101318359375
0.0123519897460937 -0.0408973693847656 -0.083984375 0.59033203125
0.0507621765136719 -0.0251235961914063 0.2596435546875 0.37554931640625
0.0266933441162109 0.0187129974365234 0.34197998046875 0.032135009765625
0.0123109817504883 -0.000180244445800781 0.213623046875 -0.20458984375
0.0033416748046875 -0.0589027404785156 -0.20745849609375 0.185714721679687
0.00374412536621094 -0.0240898132324219 -0.280502319335937 -0.0613555908203125
-0.0393753051757813 0.0169754028320312 -0.162994384765625 -0.4266357421875
-0.0112152099609375 0.0488166809082031 0.2686767578125 -0.60186767578125
0.029266357421875 0.06396484375 0.73077392578125 -0.16778564453125
0.0597724914550781 0.056610107421875 0.6768798828125 0.49298095703125
0.0680084228515625 0.090362548828125 0.1705322265625 0.612548828125
0.00497436523437501 0.108230590820313 0.030487060546875 0.103691101074219
0.0484771728515625 0.0996780395507813 0.05859375 -0.564697265625
0.0797271728515625 0.0519180297851563 -0.45703125 -0.7718505859375
0.0330238342285156 0.042877197265625 -0.80780029296875 -0.0914306640625002
-0.0187110900878906 0.0408592224121094 -0.40301513671875 0.5096435546875
-0.0474777221679688 0.00152969360351562 0.0408325195312501 0.4989013671875
-0.0288581848144531 -0.0237712860107422 0.284423828125 0.1517333984375
0.00894355773925782 -0.0306529998779297 0.241943359375 -0.164230346679688
0.000930786132812498 -0.0543785095214844 -0.203155517578125 0.177230834960937
0.005218505859375 -0.0219402313232422 -0.2464599609375 -0.097625732421875
-0.0326461791992188 0.0135402679443359 -0.079437255859375 -0.47222900390625
-0.0048828125 0.0417098999023438 0.378173828125 -0.5767822265625
0.0340805053710938 0.06036376953125 0.7615966796875 -0.03289794921875
0.0591964721679688 0.0667037963867188 0.57958984375 0.61334228515625
0.0539474487304688 0.114021301269531 0.08428955078125 0.60595703125
-0.00724029541015625 0.123695373535156 0.0319175720214844 0.045928955078125
0.0537948608398438 0.107589721679688 -0.0264282226562499 -0.5968017578125
0.08868408203125 0.0471725463867187 -0.5888671875 -0.66748046875
0.0431022644042969 0.0330772399902344 -0.78948974609375 0.06201171875
-0.00877571105957031 0.0335273742675781 -0.288909912109375 0.55059814453125
-0.0401611328125 -0.000827789306640617 0.135986328125 0.464935302734375
-0.0268325805664063 -0.0235252380371094 0.3206787109375 0.117034912109375
0.00815200805664063 -0.0272903442382813 0.243438720703125 -0.175460815429688
-0.000461578369140629 -0.0474166870117188 -0.201278686523438 0.166290283203125
0.011505126953125 -0.0181331634521484 -0.209182739257813 -0.132904052734375
-0.0181446075439453 0.00789451599121094 0.00833129882812497 -0.507293701171875
0.00506401062011718 0.0308074951171875 0.483673095703125 -0.52435302734375
0.0297279357910156 0.0542869567871094 0.76593017578125 0.123291015625
0.0445022583007812 0.0672035217285156 0.45306396484375 0.726318359375
0.0318679809570313 0.118865966796875 0.0018310546875 0.58343505859375
-0.0156784057617188 0.117767333984375 0.0365943908691406 -0.0144615173339844
0.0520858764648438 0.0929794311523438 -0.1175537109375 -0.61663818359375
0.0850677490234375 0.0281448364257812 -0.69671630859375 -0.54400634765625
0.0449790954589844 0.0150947570800781 -0.7410888671875 0.20452880859375
0.00071907043457031 0.0199012756347656 -0.17138671875 0.5682373046875
-0.0276203155517578 -0.00399589538574219 0.2237548828125 0.418212890625
-0.0227432250976563 -0.0192928314208984 0.347076416015625 0.0772705078125
0.00642776489257812 -0.0223979949951172 0.239883422851562 -0.189041137695312
-0.00135421752929687 -0.0400123596191406 -0.199356079101562 0.155181884765625
0.0216197967529297 -0.0130348205566406 -0.17523193359375 -0.1632080078125
0.00209403038024902 0.00044858455657959 0.088043212890625 -0.52740478515625
0.0121536254882813 0.0176563262939453 0.5693359375 -0.4560546875
0.01849365234375 0.0432014465332031 0.74700927734375 0.267822265625
0.0208816528320313 0.0517005920410156 0.32891845703125 0.81195068359375
0.010986328125 0.0979537963867187 -0.064971923828125 0.55328369140625
-0.0177459716796875 0.0876846313476563 0.0447044372558594 -0.0698165893554688
0.0398216247558594 0.0622291564941406 -0.20172119140625 -0.62335205078125
0.0666465759277344 0.00317001342773437 -0.7705078125 -0.42340087890625
0.0389595031738281 -0.0061187744140625 -0.67864990234375 0.3175048828125
0.00880718231201172 0.00297260284423828 -0.0694580078125 0.56683349609375
-0.011387825012207 -0.00681018829345703 0.290130615234375 0.3690185546875
-0.015899658203125 -0.0100364685058594 0.363800048828125 0.040252685546875
0.00408554077148437 -0.0152482986450195 0.231063842773437 -0.20184326171875
-0.000787734985351564 -0.0322780609130859 -0.200119018554687 0.145477294921875
0.0326328277587891 -0.00750923156738281 -0.150543212890625 -0.18560791015625
0.0251846313476563 -0.00702667236328125 0.140869140625 -0.531402587890625
0.0173578262329102 0.00385856628417969 0.6209716796875 -0.39306640625
0.00226402282714844 0.0248584747314453 0.716552734375 0.375732421875
-0.0018157958984375 0.0150270462036133 0.23333740234375 0.85931396484375
0.002471923828125 0.0516700744628906 -0.1025390625 0.52325439453125
-0.0127830505371094 0.0383377075195313 0.052398681640625 -0.108695983886719
0.0161228179931641 0.0193710327148438 -0.25701904296875 -0.62054443359375
0.0346488952636719 -0.0207290649414063 -0.80889892578125 -0.33465576171875
0.0259323120117188 -0.0241432189941406 -0.627685546875 0.3895263671875
0.0126914978027344 -0.0139007568359375 -0.00225830078124996 0.558380126953125
0.00691318511962891 -0.0107641220092773 0.324981689453125 0.330413818359375
-0.00674104690551758 0.000230789184570313 0.36785888671875 0.01336669921875
0.00436878204345703 -0.00886821746826172 0.221908569335938 -0.20892333984375
-0.00127220153808594 -0.0266933441162109 -0.203826904296875 0.141616821289063
0.0463447570800781 -0.00174331665039063 -0.1456298828125 -0.196243286132813
0.0461502075195313 -0.01348876953125 0.1572265625 -0.535552978515625
0.0204734802246094 -0.0089874267578125 0.63861083984375 -0.36895751953125
-0.0140085220336914 -0.000496864318847656 0.707763671875 0.412109375
-0.0199718475341797 -0.034759521484375 0.1961669921875 0.8699951171875
0.00422191619873047 -0.0116434097290039 -0.1124267578125 0.505096435546875
-0.00427436828613281 -0.023040771484375 0.0590744018554688 -0.126625061035156
-0.0154705047607422 -0.0274372100830078 -0.27386474609375 -0.6199951171875
-0.005828857421875 -0.0421791076660156 -0.81597900390625 -0.293701171875
0.007598876953125 -0.0361557006835938 -0.60205078125 0.42303466796875
0.0165081024169922 -0.0282649993896484 0.018157958984375 0.558441162109375
0.0240325927734375 -0.0150203704833984 0.334014892578125 0.31591796875
0.00597476959228516 0.0101146697998047 0.366363525390625 -0.000183105468749999
0.00421833992004395 -0.0032050609588623 0.214080810546875 -0.214508056640625
-0.00186920166015625 -0.0235576629638672 -0.211212158203125 0.14068603515625
0.0543289184570313 0.00554275512695312 -0.159500122070313 -0.19439697265625
0.0612106323242188 -0.0160560607910156 0.12896728515625 -0.535003662109375
0.0200386047363281 -0.0194740295410156 0.61346435546875 -0.3836669921875
-0.0316562652587891 -0.0235958099365234 0.72314453125 0.38250732421875
-0.0389633178710937 -0.0857009887695313 0.234130859375 0.85321044921875
0.0115509033203125 -0.0790252685546875 -0.0915832519531249 0.51129150390625
0.0114822387695313 -0.0879974365234375 0.0663681030273438 -0.114707946777344
-0.0425186157226563 -0.0764083862304688 -0.2515869140625 -0.6192626953125
-0.0456161499023437 -0.0592536926269531 -0.80322265625 -0.312744140625
-0.0123405456542969 -0.041534423828125 -0.6158447265625 0.41192626953125
0.0162353515625 -0.0376205444335938 -0.00604248046875004 0.56988525390625
0.0397605895996094 -0.0207366943359375 0.31121826171875 0.3314208984375
0.0178928375244141 0.0165386199951172 0.355010986328125 0.005279541015625
0.00719118118286133 0.00016021728515625 0.209671020507813 -0.212554931640625
0.000602722167968748 -0.0225257873535156 -0.218826293945313 0.14404296875
0.0582618713378906 0.0100021362304688 -0.192520141601562 -0.17919921875
0.0685539245605469 -0.016204833984375 0.060760498046875 -0.531097412109375
0.0168743133544922 -0.0249557495117187 0.555816650390625 -0.437286376953125
-0.0474090576171875 -0.0351066589355469 0.7562255859375 0.28350830078125
-0.0641708374023437 -0.121742248535156 0.33294677734375 0.8043212890625
0.00934600830078126 -0.136383056640625 -0.0426635742187499 0.53363037109375
0.027587890625 -0.143310546875 0.0709686279296875 -0.0805206298828125
-0.056854248046875 -0.122734069824219 -0.19342041015625 -0.6199951171875
-0.0768814086914063 -0.0784988403320313 -0.76068115234375 -0.387939453125
-0.0337905883789063 -0.0422515869140625 -0.66217041015625 0.356689453125
0.0112838745117187 -0.0407600402832031 -0.0753173828125 0.5877685546875
0.0502128601074219 -0.0252342224121094 0.262298583984375 0.370025634765625
0.0274620056152344 0.0176296234130859 0.33929443359375 0.028106689453125
0.0110111236572266 5.53131103515625E-05 0.2093505859375 -0.206298828125
0.00112152099609375 -0.0586929321289063 -0.203826904296875 0.18768310546875
0.00303077697753906 -0.0243453979492187 -0.278854370117188 -0.0583038330078125
-0.0385627746582031 0.0174560546875 -0.16571044921875 -0.4210205078125
-0.0108680725097656 0.0497970581054688 0.2607421875 -0.6007080078125
0.0301322937011719 0.0631179809570313 0.724609375 -0.17340087890625
0.0602073669433594 0.0546531677246094 0.677734375 0.48443603515625
0.0678863525390625 0.0886306762695313 0.1754150390625 0.6070556640625
0.00521087646484374 0.107658386230469 0.0312347412109375 0.101936340332031
0.0484085083007813 0.0988311767578125 0.054931640625 -0.561859130859375
0.0799636840820313 0.0499496459960938 -0.46026611328125 -0.76202392578125
0.0336875915527344 0.0413742065429688 -0.80145263671875 -0.0838623046875001
-0.0188369750976563 0.0406494140625 -0.394927978515625 0.509185791015625
-0.0478515625 0.00230789184570313 0.04473876953125 0.49517822265625
-0.0294933319091797 -0.0238609313964844 0.283721923828125 0.146514892578125
0.00803565979003907 -0.0305671691894531 0.238601684570313 -0.165878295898437
-0.000450134277343745 -0.05401611328125 -0.199600219726562 0.178741455078125
0.00436782836914062 -0.0219516754150391 -0.244903564453125 -0.0933990478515625
-0.0326404571533203 0.0148677825927734 -0.08349609375 -0.468536376953125
-0.00312042236328125 0.0418205261230469 0.37017822265625 -0.57781982421875
0.0345687866210938 0.0587921142578125 0.75787353515625 -0.04046630859375
0.0599784851074219 0.0651741027832031 0.580322265625 0.603515625
0.053802490234375 0.113227844238281 0.0897216796875 0.60076904296875
-0.00679779052734376 0.123046875 0.0326766967773438 0.0458602905273438
0.053619384765625 0.105926513671875 -0.03009033203125 -0.5914306640625
0.0887908935546875 0.0451812744140625 -0.58941650390625 -0.6561279296875
0.0429496765136719 0.0322647094726563 -0.78350830078125 0.0688476562499998
-0.0093841552734375 0.0326290130615234 -0.28240966796875 0.54901123046875
-0.039794921875 -0.000316619873046873 0.139617919921875 0.460601806640625
-0.0268917083740234 -0.0235424041748047 0.31903076171875 0.112823486328125
0.00751686096191406 -0.0277194976806641 0.239517211914063 -0.177780151367188
-0.00178909301757813 -0.0478248596191406 -0.19696044921875 0.167144775390625
0.0110588073730469 -0.0188827514648438 -0.208023071289063 -0.130050659179688
-0.0184459686279297 0.00850868225097656 0.00326538085937497 -0.503173828125
0.00440025329589844 0.0307579040527344 0.476226806640625 -0.525634765625
0.0305404663085937 0.0536003112792969 0.7615966796875 0.1148681640625
0.0453300476074219 0.0668907165527344 0.45758056640625 0.71728515625
0.0319671630859375 0.117622375488281 0.00531005859374995 0.5794677734375
-0.0156021118164063 0.116889953613281 0.0371246337890625 -0.0143966674804687
0.0522384643554687 0.0921554565429687 -0.123046875 -0.61083984375
0.0849227905273438 0.0273208618164063 -0.69635009765625 -0.5343017578125
0.0446853637695313 0.0138473510742188 -0.7332763671875 0.21051025390625
-0.000171661376953124 0.0191287994384766 -0.16375732421875 0.56536865234375
-0.0271720886230469 -0.0039825439453125 0.2257080078125 0.4127197265625
-0.0225830078125 -0.0181694030761719 0.3453369140625 0.07305908203125
0.00512123107910156 -0.0224246978759766 0.235137939453125 -0.190689086914063
-0.0023651123046875 -0.0399169921875 -0.195968627929688 0.1571044921875
0.0211811065673828 -0.0141181945800781 -0.173782348632812 -0.16046142578125
0.00258445739746094 0.000475883483886719 0.080596923828125 -0.524169921875
0.0125102996826172 0.0178966522216797 0.561553955078125 -0.45709228515625
0.0192718505859375 0.0426712036132813 0.74365234375 0.25909423828125
0.021881103515625 0.0509223937988281 0.33331298828125 0.8038330078125
0.0117874145507813 0.097320556640625 -0.060333251953125 0.54852294921875
-0.0177993774414063 0.087799072265625 0.0440902709960937 -0.0688247680664063
0.0395278930664063 0.0610694885253906 -0.20428466796875 -0.616455078125
0.0658416748046875 0.00184249877929688 -0.76837158203125 -0.41510009765625
0.0385169982910156 -0.00658416748046875 -0.67071533203125 0.32147216796875
0.00720405578613281 0.00294828414916992 -0.0625000000000001 0.56390380859375
-0.0119590759277344 -0.00683975219726562 0.2911376953125 0.362701416015625
-0.015568733215332 -0.00965404510498047 0.361480712890625 0.03564453125
0.00381374359130859 -0.016021728515625 0.22760009765625 -0.202835083007813
-0.00209617614746094 -0.0324764251708984 -0.1961669921875 0.146728515625
0.0315399169921875 -0.00802421569824219 -0.150131225585938 -0.183029174804687
0.0255203247070313 -0.00711631774902344 0.133514404296875 -0.52972412109375
0.0172767639160156 0.003692626953125 0.61212158203125 -0.39654541015625
0.0023193359375 0.0246353149414063 0.718505859375 0.3663330078125
-0.00124931335449219 0.0160503387451172 0.23828125 0.8524169921875
0.00263214111328125 0.0500984191894531 -0.0982666015625 0.520233154296875
-0.0141944885253906 0.0382499694824219 0.0511322021484375 -0.107505798339844
0.0151958465576172 0.0193042755126953 -0.25921630859375 -0.61370849609375
0.0345706939697266 -0.0219135284423828 -0.80438232421875 -0.32427978515625
0.0244407653808594 -0.024566650390625 -0.619140625 0.391357421875
0.0120420455932617 -0.0143833160400391 0.00186157226562505 0.5545654296875
0.00627803802490234 -0.010136604309082 0.32708740234375 0.324981689453125
-0.0064234733581543 0.000657081604003906 0.365386962890625 0.00921630859375
0.00517845153808594 -0.00934314727783203 0.217300415039063 -0.208236694335937
-0.00267982482910156 -0.0265235900878906 -0.200469970703125 0.142410278320313
0.0451698303222656 -0.00226974487304688 -0.146041870117187 -0.193466186523438
0.0464820861816406 -0.0136375427246094 0.149749755859375 -0.53302001953125
0.0208168029785156 -0.00847816467285156 0.6300048828125 -0.37384033203125
-0.0135517120361328 -0.000798225402832033 0.70635986328125 0.4017333984375
-0.0201454162597656 -0.0344600677490234 0.200439453125 0.863525390625
0.00401878356933594 -0.0117111206054688 -0.10870361328125 0.503509521484375
-0.00472831726074219 -0.0222301483154297 0.0580215454101563 -0.126007080078125
-0.0159702301025391 -0.0264530181884766 -0.2755126953125 -0.61212158203125
-0.00638961791992187 -0.041961669921875 -0.814208984375 -0.2841796875
0.0071868896484375 -0.0363731384277344 -0.59271240234375 0.42449951171875
0.0158920288085938 -0.0283050537109375 0.024017333984375 0.55389404296875
0.0238227844238281 -0.01544189453125 0.334197998046875 0.310516357421875
0.00717353820800781 0.00986289978027344 0.3634033203125 -0.00439453125
0.00452136993408203 -0.00326776504516602 0.210357666015625 -0.214935302734375
-0.00223541259765625 -0.0228195190429688 -0.207412719726563 0.14117431640625
0.0538101196289063 0.00410842895507813 -0.160598754882812 -0.192520141601563
0.0606803894042969 -0.0163917541503906 0.121246337890625 -0.533355712890625
0.0196342468261719 -0.0184135437011719 0.60406494140625 -0.38818359375
-0.0309772491455078 -0.0233917236328125 0.7220458984375 0.37298583984375
-0.0397720336914063 -0.0853195190429688 0.23980712890625 0.84625244140625
0.0110549926757813 -0.0784454345703125 -0.08673095703125 0.50897216796875
0.0105819702148437 -0.0862884521484375 0.065338134765625 -0.1153564453125
-0.0435028076171875 -0.0743560791015625 -0.25408935546875 -0.61279296875
-0.0460700988769531 -0.05908203125 -0.80010986328125 -0.30328369140625
-0.01312255859375 -0.0412216186523438 -0.607421875 0.41363525390625
0.0149154663085937 -0.0379219055175781 -0.00164794921874998 0.56524658203125
0.0395965576171875 -0.0210075378417969 0.3116455078125 0.323455810546875
0.0191364288330078 0.0154094696044922 0.352752685546875 0.000793457031250001
0.00668430328369141 -0.000693798065185547 0.205276489257813 -0.21295166015625
-0.000179290771484374 -0.0219573974609375 -0.214981079101563 0.145553588867187
0.0579414367675781 0.0085906982421875 -0.1929931640625 -0.176773071289063
0.0675773620605469 -0.0170364379882813 0.055694580078125 -0.527191162109375
0.0164051055908203 -0.0240592956542969 0.5472412109375 -0.440032958984375
-0.0466499328613281 -0.0355033874511719 0.753173828125 0.27545166015625
-0.0642242431640625 -0.120269775390625 0.33935546875 0.796142578125
0.00801849365234374 -0.1353759765625 -0.036590576171875 0.530364990234375
0.0255889892578125 -0.142135620117188 0.0706100463867188 -0.0803298950195313
-0.0588455200195312 -0.120384216308594 -0.19683837890625 -0.6142578125
-0.0767440795898438 -0.077606201171875 -0.75909423828125 -0.378173828125
-0.0343742370605469 -0.0419578552246094 -0.65277099609375 0.35986328125
0.0110511779785156 -0.0401229858398438 -0.0694580078125001 0.585205078125
0.0494384765625 -0.0260772705078125 0.26312255859375 0.365447998046875
0.0278835296630859 0.0171928405761719 0.33740234375 0.023406982421875
0.011444091796875 -0.000791549682617188 0.2054443359375 -0.206802368164062
-0.000179290771484376 -0.0586090087890625 -0.199996948242188 0.188583374023438
0.00304031372070313 -0.0253143310546875 -0.27593994140625 -0.055023193359375
-0.038421630859375 0.0180320739746094 -0.168731689453125 -0.41632080078125
-0.0104637145996094 0.0499382019042969 0.2545166015625 -0.60015869140625
0.0310096740722656 0.0612907409667969 0.71875 -0.17608642578125
0.0611495971679688 0.0537796020507813 0.6766357421875 0.47491455078125
0.0679855346679688 0.0869979858398438 0.1773681640625 0.602294921875
0.00481414794921876 0.107261657714844 0.0324020385742188 0.101669311523438
0.0491561889648438 0.0974807739257813 0.0504150390625 -0.557464599609375
0.0794296264648438 0.0497894287109375 -0.46148681640625 -0.7532958984375
0.0344467163085938 0.0410423278808594 -0.7982177734375 -0.0792236328124999
-0.0188026428222656 0.0409202575683594 -0.389495849609375 0.509185791015625
-0.0469398498535156 0.00247955322265625 0.04718017578125 0.490875244140625
-0.0291690826416016 -0.0234451293945312 0.28436279296875 0.142120361328125
0.00797080993652344 -0.0310440063476562 0.235427856445313 -0.166748046875
-0.00205612182617187 -0.0538902282714844 -0.195266723632813 0.178726196289063
0.00476264953613281 -0.0226078033447266 -0.242630004882813 -0.090423583984375
-0.0325603485107422 0.0150814056396484 -0.086151123046875 -0.46453857421875
-0.00340652465820312 0.0422401428222656 0.363525390625 -0.57794189453125
0.0348320007324219 0.0581817626953125 0.7510986328125 -0.0460205078125
0.0616950988769531 0.0637474060058594 0.5802001953125 0.59490966796875
0.0544281005859375 0.112373352050781 0.09100341796875 0.59552001953125
-0.0066680908203125 0.122909545898438 0.0323257446289063 0.0447235107421875
0.05328369140625 0.103889465332031 -0.0343017578125 -0.587646484375
0.0887069702148438 0.0444259643554688 -0.58978271484375 -0.64776611328125
0.0429496765136719 0.0311355590820313 -0.7777099609375 0.0740356445312501
-0.009307861328125 0.0324840545654297 -0.274261474609375 0.546966552734375
-0.0399971008300781 -0.000694274902343752 0.141510009765625 0.456787109375
-0.0265178680419922 -0.0228862762451172 0.3172607421875 0.10821533203125
0.00644683837890625 -0.0279197692871094 0.235687255859375 -0.178115844726562
-0.00375747680664062 -0.0473594665527344 -0.193283081054688 0.169052124023438
0.0103931427001953 -0.0193767547607422 -0.206298828125 -0.127777099609375
-0.0181465148925781 0.00848770141601562 -0.000793457031249974 -0.500640869140625
0.00469589233398438 0.0309276580810547 0.469390869140625 -0.526885986328125
0.0312423706054688 0.052764892578125 0.75897216796875 0.10833740234375
0.0457344055175781 0.0653762817382812 0.458740234375 0.7103271484375
0.0324249267578125 0.116867065429688 0.00909423828124999 0.57537841796875
-0.0153656005859375 0.116897583007813 0.0368881225585938 -0.0143470764160156
0.0523300170898437 0.0914840698242188 -0.12542724609375 -0.60552978515625
0.0847244262695313 0.0258255004882813 -0.694580078125 -0.5245361328125
0.0445594787597656 0.0132865905761719 -0.72821044921875 0.21380615234375
-0.000770568847656252 0.0192203521728516 -0.15911865234375 0.562042236328125
-0.0273876190185547 -0.00327873229980469 0.22662353515625 0.40814208984375
-0.0223178863525391 -0.018829345703125 0.34344482421875 0.06903076171875
0.00548362731933594 -0.0231266021728516 0.232513427734375 -0.191268920898438
-0.00347900390625 -0.0390129089355469 -0.192916870117188 0.157882690429688
0.0210018157958984 -0.0150775909423828 -0.173675537109375 -0.15771484375
0.00275874137878418 0.00108122825622559 0.077392578125 -0.5211181640625
0.0128192901611328 0.0182991027832031 0.55401611328125 -0.460235595703125
0.0193099975585938 0.0413055419921875 0.74102783203125 0.2523193359375
0.022857666015625 0.0499153137207031 0.3359375 0.79583740234375
0.0122451782226562 0.0957870483398437 -0.055511474609375 0.5450439453125
-0.0171051025390625 0.0880661010742188 0.044158935546875 -0.0689926147460937
0.0391960144042969 0.0608673095703125 -0.2059326171875 -0.6124267578125
0.0651664733886719 0.000888824462890625 -0.765380859375 -0.40667724609375
0.0378036499023438 -0.007049560546875 -0.665283203125 0.32440185546875
0.00758934020996094 0.00292158126831055 -0.0582275390625 0.56024169921875
-0.0107851028442383 -0.0062551498413086 0.292236328125 0.357513427734375
-0.0149765014648438 -0.010066032409668 0.359039306640625 0.031341552734375
0.00282859802246094 -0.0162143707275391 0.22344970703125 -0.203704833984375
-0.00317764282226562 -0.0321063995361328 -0.193588256835938 0.147445678710938
0.0320873260498047 -0.00933265686035156 -0.15032958984375 -0.18011474609375
0.0255985260009766 -0.00756454467773438 0.1290283203125 -0.5274658203125
0.0173072814941406 0.00443744659423828 0.6036376953125 -0.400390625
0.00329399108886719 0.0243492126464844 0.7149658203125 0.357177734375
0.000207901000976562 0.0151128768920898 0.24224853515625 0.84552001953125
0.00279617309570312 0.0506629943847656 -0.0942382812500001 0.516754150390625
-0.0137786865234375 0.0385017395019531 0.0512313842773438 -0.106971740722656
0.0150203704833984 0.02008056640625 -0.26129150390625 -0.607666015625
0.03302001953125 -0.0222644805908203 -0.802001953125 -0.3155517578125
0.0243721008300781 -0.0242347717285156 -0.6136474609375 0.39349365234375
0.0123004913330078 -0.0143022537231445 0.00592041015625006 0.551055908203125
0.00613212585449219 -0.0109882354736328 0.3271484375 0.319488525390625
-0.00549793243408203 0.000206947326660155 0.3634033203125 0.005462646484375
0.00386142730712891 -0.00907039642333984 0.213760375976563 -0.209930419921875
-0.00473976135253906 -0.0263652801513672 -0.197372436523438 0.143997192382813
0.044708251953125 -0.00334548950195312 -0.145645141601562 -0.191650390625
0.04608154296875 -0.0135040283203125 0.144378662109375 -0.53094482421875
0.0202960968017578 -0.00748825073242187 0.62109375 -0.37640380859375
-0.0128459930419922 -0.00103092193603516 0.70489501953125 0.3931884765625
-0.0204315185546875 -0.0346641540527344 0.20556640625 0.85589599609375
0.00358676910400391 -0.0111427307128906 -0.104339599609375 0.501007080078125
-0.005859375 -0.0215263366699219 0.0577392578125 -0.124076843261719
-0.0164413452148437 -0.0260696411132812 -0.278076171875 -0.60650634765625
-0.00772857666015625 -0.0418701171875 -0.810546875 -0.276123046875
0.0062103271484375 -0.0361862182617188 -0.58807373046875 0.42608642578125
0.0155200958251953 -0.0286407470703125 0.02789306640625 0.550048828125
0.0239620208740234 -0.0161190032958984 0.33331298828125 0.30364990234375
0.00734710693359375 0.00904464721679688 0.360137939453125 -0.008209228515625
0.00299954414367676 -0.00395607948303223 0.2066650390625 -0.214523315429687
-0.00327110290527344 -0.0219917297363281 -0.20294189453125 0.142333984375
0.0531883239746094 0.00302886962890625 -0.160263061523438 -0.190017700195312
0.0609474182128906 -0.0167045593261719 0.115814208984375 -0.53057861328125
0.0191745758056641 -0.0190048217773437 0.59844970703125 -0.39105224609375
-0.0302009582519531 -0.0231456756591797 0.7198486328125 0.364990234375
-0.0396881103515625 -0.0850448608398438 0.24359130859375 0.8392333984375
0.00956726074218749 -0.0778274536132813 -0.083221435546875 0.505584716796875
0.00930023193359374 -0.0849075317382813 0.0649032592773438 -0.114456176757813
-0.045013427734375 -0.073638916015625 -0.25592041015625 -0.6070556640625
-0.0462455749511719 -0.0581741333007813 -0.794189453125 -0.2952880859375
-0.0137367248535156 -0.0410957336425781 -0.60015869140625 0.41534423828125
0.0139808654785156 -0.0378074645996094 0.00390625000000006 0.561798095703125
0.0392227172851563 -0.0216484069824219 0.313568115234375 0.32000732421875
0.0195446014404297 0.0144405364990234 0.349700927734375 -0.00238037109375
0.00655031204223633 -0.00101041793823242 0.202438354492188 -0.213241577148438
-0.00155258178710937 -0.0216159820556641 -0.211090087890625 0.146408081054688
0.0571746826171875 0.00825119018554688 -0.191848754882812 -0.174652099609375
0.0671310424804688 -0.0174102783203125 0.0503234863281251 -0.52362060546875
0.0159206390380859 -0.0238761901855469 0.53887939453125 -0.442596435546875
-0.0458984375 -0.0344085693359375 0.7486572265625 0.26666259765625
-0.0645294189453125 -0.119880676269531 0.33966064453125 0.7894287109375
0.00673675537109376 -0.133338928222656 -0.03411865234375 0.5283203125
0.02410888671875 -0.1396484375 0.0698928833007813 -0.0796279907226563
-0.0586700439453125 -0.117729187011719 -0.198486328125 -0.60894775390625
-0.0772018432617188 -0.0765304565429688 -0.75506591796875 -0.369384765625
-0.034881591796875 -0.0413742065429687 -0.64630126953125 0.36224365234375
0.00978469848632812 -0.0408515930175781 -0.0651245117187501 0.58062744140625
0.0491828918457031 -0.0265007019042969 0.26422119140625 0.360809326171875
0.0282211303710938 0.0160427093505859 0.3349609375 0.02001953125
0.0102825164794922 -0.00118541717529297 0.202926635742188 -0.207290649414063
-0.00262069702148437 -0.0586204528808594 -0.19580078125 0.189254760742188
0.00253105163574219 -0.0261116027832031 -0.27423095703125 -0.0523834228515625
-0.0378341674804688 0.0187606811523437 -0.168701171875 -0.413787841796875
-0.009918212890625 0.0504112243652344 0.24798583984375 -0.597412109375
0.0308494567871094 0.0607986450195313 0.71295166015625 -0.1793212890625
0.0612068176269531 0.0526275634765625 0.67340087890625 0.4700927734375
0.0672988891601563 0.0862045288085938 0.1796875 0.59600830078125
0.00504302978515624 0.106758117675781 0.03253173828125 0.100357055664063
0.0484695434570312 0.0961074829101563 0.0484008789062499 -0.55291748046875
0.0793304443359375 0.04840087890625 -0.4610595703125 -0.74591064453125
0.0340080261230469 0.0401573181152344 -0.79290771484375 -0.0736083984374999
-0.0185089111328125 0.0397224426269531 -0.38275146484375 0.50665283203125
-0.0470771789550781 0.0030059814453125 0.050079345703125 0.487060546875
-0.0292472839355469 -0.0233726501464844 0.28204345703125 0.13916015625
0.00745391845703125 -0.0312042236328125 0.232147216796875 -0.167587280273438
-0.00281906127929688 -0.0533599853515625 -0.192581176757813 0.180328369140625
0.00330924987792969 -0.0240726470947266 -0.240509033203125 -0.089263916015625
-0.0313472747802734 0.0158557891845703 -0.0889892578125 -0.459686279296875
-0.0034332275390625 0.0428199768066406 0.3570556640625 -0.57525634765625
0.0358047485351563 0.0571060180664062 0.74609375 -0.050537109375
0.0616950988769531 0.0628929138183594 0.57855224609375 0.58880615234375
0.0536880493164063 0.109687805175781 0.0949096679687499 0.59088134765625
-0.00753021240234374 0.122261047363281 0.0324478149414063 0.0446128845214844
0.053375244140625 0.103187561035156 -0.03607177734375 -0.58233642578125
0.0886688232421875 0.0430145263671875 -0.587890625 -0.64141845703125
0.0423660278320313 0.0305023193359375 -0.77069091796875 0.0773925781249999
-0.00922203063964844 0.0322551727294922 -0.269744873046875 0.544525146484375
-0.0395927429199219 -0.000946044921874995 0.142730712890625 0.452972412109375
-0.0265617370605469 -0.0223979949951172 0.315216064453125 0.104827880859375
0.006378173828125 -0.028411865234375 0.233123779296875 -0.178482055664063
-0.00455093383789062 -0.047210693359375 -0.1900634765625 0.169082641601562
0.0100784301757813 -0.0203475952148437 -0.204879760742188 -0.125381469726563
-0.0172901153564453 0.00949478149414062 -0.00332641601562495 -0.49658203125
0.00493431091308594 0.0311031341552734 0.461822509765625 -0.526824951171875
0.0313796997070313 0.0521888732910156 0.75347900390625 0.10272216796875
0.0467071533203125 0.0635147094726563 0.45965576171875 0.70263671875
0.0318603515625 0.115005493164063 0.0115966796875 0.57208251953125
-0.0147781372070313 0.116455078125 0.03704833984375 -0.0138130187988281
0.0514450073242188 0.0901336669921875 -0.12646484375 -0.60076904296875
0.0841598510742187 0.0247116088867187 -0.69134521484375 -0.5191650390625
0.0442924499511719 0.0127105712890625 -0.72210693359375 0.21514892578125
-0.00121879577636719 0.0194149017333984 -0.154876708984375 0.557830810546875
-0.0272750854492187 -0.00297927856445313 0.228912353515625 0.40386962890625
-0.0219364166259766 -0.0179996490478516 0.34088134765625 0.0653076171875
0.00465583801269531 -0.0233325958251953 0.228775024414063 -0.192245483398438
-0.00500106811523438 -0.0392684936523438 -0.189605712890625 0.15765380859375
0.0199527740478516 -0.0150508880615234 -0.172698974609375 -0.155654907226563
0.00289130210876465 0.000155210494995117 0.07318115234375 -0.5174560546875
0.0124759674072266 0.0182361602783203 0.5462646484375 -0.461639404296875
0.0200271606445312 0.0415229797363281 0.7374267578125 0.244873046875
0.0235977172851563 0.0488090515136719 0.337646484375 0.7908935546875
0.0123748779296875 0.0946807861328125 -0.05267333984375 0.54254150390625
-0.0174026489257813 0.08770751953125 0.0432281494140625 -0.0687675476074219
0.0384368896484375 0.0599594116210938 -0.20703125 -0.60552978515625
0.0655097961425781 0.000812530517578125 -0.762451171875 -0.399169921875
0.03680419921875 -0.0076751708984375 -0.657958984375 0.3238525390625
0.00693845748901367 0.00257253646850586 -0.054931640625 0.555816650390625
-0.0114059448242187 -0.00647926330566406 0.29296875 0.354400634765625
-0.0147504806518555 -0.0092306137084961 0.35699462890625 0.028076171875
0.00299930572509766 -0.0167083740234375 0.220443725585938 -0.20306396484375
-0.00465202331542969 -0.0314598083496094 -0.1903076171875 0.147994995117188
0.0309009552001953 -0.0100727081298828 -0.1494140625 -0.178314208984375
0.0253276824951172 -0.00714683532714844 0.125335693359375 -0.52447509765625
0.0169038772583008 0.00454616546630859 0.5980224609375 -0.40020751953125
0.00299072265625 0.0240688323974609 0.71343994140625 0.351318359375
-0.000392913818359375 0.0150566101074219 0.2449951171875 0.8382568359375
0.00211715698242187 0.0500907897949219 -0.091552734375 0.513427734375
-0.0146331787109375 0.0394058227539063 0.0502853393554687 -0.106109619140625
0.0140457153320313 0.0194854736328125 -0.261962890625 -0.60089111328125
0.0330238342285156 -0.0222892761230469 -0.79705810546875 -0.3101806640625
0.0227012634277344 -0.0239639282226563 -0.60577392578125 0.39385986328125
0.0114717483520508 -0.0137929916381836 0.00891113281249994 0.54681396484375
0.00661468505859375 -0.0109214782714844 0.326904296875 0.31524658203125
-0.00497817993164063 0.00016021728515625 0.36090087890625 0.001953125
0.00370311737060547 -0.00980091094970703 0.210678100585937 -0.209625244140625
-0.00489234924316406 -0.0253982543945312 -0.193878173828125 0.145065307617188
0.0434608459472656 -0.00398635864257813 -0.146011352539063 -0.188873291015625
0.0458183288574219 -0.0138092041015625 0.139373779296875 -0.52783203125
0.0202541351318359 -0.007415771484375 0.6146240234375 -0.3780517578125
-0.0130395889282227 -0.000903129577636721 0.70196533203125 0.38671875
-0.0195884704589844 -0.0347537994384766 0.20794677734375 0.849609375
0.00337696075439453 -0.0108623504638672 -0.100738525390625 0.497955322265625
-0.00559043884277344 -0.0211429595947266 0.0571136474609375 -0.1240234375
-0.0167369842529297 -0.0254707336425781 -0.27838134765625 -0.60052490234375
-0.00811767578125 -0.0413398742675781 -0.8037109375 -0.270263671875
0.00632095336914063 -0.0360031127929688 -0.57958984375 0.425537109375
0.0148468017578125 -0.0281429290771484 0.031646728515625 0.54461669921875
0.0240707397460938 -0.0158939361572266 0.3338623046875 0.298919677734375
0.00842571258544922 0.00889301300048828 0.357757568359375 -0.011260986328125
0.00277829170227051 -0.00425958633422852 0.203659057617188 -0.215469360351563
-0.00475311279296875 -0.0217742919921875 -0.200576782226562 0.144134521484375
0.0526847839355469 0.00181198120117187 -0.159271240234375 -0.187286376953125
0.0606727600097656 -0.0163497924804688 0.111053466796875 -0.527801513671875
0.0198879241943359 -0.0184154510498047 0.59136962890625 -0.3922119140625
-0.0304527282714844 -0.0233745574951172 0.71710205078125 0.35894775390625
-0.040252685546875 -0.0843429565429688 0.245361328125 0.83184814453125
0.009429931640625 -0.076873779296875 -0.080535888671875 0.503875732421875
0.0082244873046875 -0.0829925537109375 0.064788818359375 -0.113006591796875
-0.0447006225585937 -0.0710372924804688 -0.257080078125 -0.60113525390625
-0.0464935302734375 -0.0571556091308594 -0.788818359375 -0.28741455078125
-0.014556884765625 -0.0399894714355469 -0.593017578125 0.4163818359375
0.0139007568359375 -0.0369453430175781 0.00689697265624996 0.55718994140625
0.0385627746582031 -0.0219650268554688 0.3118896484375 0.314544677734375
0.0200939178466797 0.0140666961669922 0.347320556640625 -0.005218505859375
0.00581598281860352 -0.000983238220214844 0.198944091796875 -0.212966918945313
-0.0030975341796875 -0.0202846527099609 -0.20819091796875 0.148117065429688
0.0566978454589844 0.00783920288085938 -0.190658569335938 -0.172454833984375
0.0672683715820313 -0.0185279846191406 0.04632568359375 -0.520355224609375
0.0156841278076172 -0.02313232421875 0.533203125 -0.441497802734375
-0.0455970764160156 -0.035247802734375 0.74627685546875 0.2606201171875
-0.0639114379882813 -0.11822509765625 0.341796875 0.78375244140625
0.00523376464843749 -0.132843017578125 -0.030914306640625 0.523223876953125
0.02239990234375 -0.138015747070313 0.0692596435546875 -0.0800857543945313
-0.0601272583007813 -0.116371154785156 -0.19873046875 -0.60174560546875
-0.07733154296875 -0.0753326416015625 -0.750732421875 -0.3631591796875
-0.0343093872070313 -0.0406684875488281 -0.63983154296875 0.36199951171875
0.00975799560546875 -0.0402717590332031 -0.0611572265625 0.5760498046875
0.0490646362304687 -0.0269622802734375 0.264678955078125 0.35638427734375
0.0284290313720703 0.0160732269287109 0.331756591796875 0.017608642578125
0.00980854034423828 -0.000825881958007813 0.199615478515625 -0.207122802734375
-0.00305938720703125 -0.0584907531738281 -0.19342041015625 0.189300537109375
0.00188636779785156 -0.0267391204833984 -0.2708740234375 -0.0507659912109375
-0.0369377136230469 0.0189781188964844 -0.170318603515625 -0.40985107421875
-0.0103569030761719 0.0505409240722656 0.2442626953125 -0.596923828125
0.0315818786621094 0.059814453125 0.70648193359375 -0.182373046875
0.0621490478515625 0.0511207580566406 0.6689453125 0.4638671875
0.0667343139648438 0.08538818359375 0.18072509765625 0.5899658203125
0.004180908203125 0.106094360351563 0.0325698852539063 0.0998611450195313
0.0475997924804687 0.0954742431640625 0.046295166015625 -0.5489501953125
0.0799484252929688 0.0469818115234375 -0.4586181640625 -0.7403564453125
0.0337295532226563 0.039886474609375 -0.78631591796875 -0.0700073242187499
-0.0185508728027344 0.0396080017089844 -0.37841796875 0.505218505859375
-0.0474357604980469 0.00376510620117187 0.0517578125 0.48309326171875
-0.029022216796875 -0.0228328704833984 0.279937744140625 0.13580322265625
0.006378173828125 -0.0314044952392578 0.229507446289063 -0.167404174804688
-0.00494384765625 -0.0534210205078125 -0.189773559570312 0.1800537109375
0.00354766845703125 -0.0241641998291016 -0.238922119140625 -0.08642578125
-0.0306129455566406 0.0163764953613281 -0.09063720703125 -0.457672119140625
-0.00271987915039063 0.0428276062011719 0.3519287109375 -0.5753173828125
0.0358085632324219 0.0567359924316406 0.7410888671875 -0.05169677734375
0.0618972778320313 0.0609397888183594 0.57745361328125 0.58270263671875
0.0542984008789063 0.109474182128906 0.0946044921875 0.58685302734375
-0.0073089599609375 0.122406005859375 0.0335502624511719 0.0446205139160156
0.0526657104492188 0.102699279785156 -0.03839111328125 -0.57916259765625
0.0877456665039063 0.0423202514648438 -0.58636474609375 -0.63494873046875
0.0422630310058594 0.030975341796875 -0.7664794921875 0.07891845703125
-0.00976371765136719 0.032073974609375 -0.266937255859375 0.541046142578125
-0.0393562316894531 0.000320434570312502 0.14404296875 0.448211669921875
-0.0262355804443359 -0.0222263336181641 0.31353759765625 0.102386474609375
0.00538444519042969 -0.02886962890625 0.229782104492187 -0.179718017578125
-0.00630569458007813 -0.0471115112304688 -0.187973022460938 0.16937255859375
0.00962638854980469 -0.0206127166748047 -0.203521728515625 -0.123214721679687
-0.0166130065917969 0.00995826721191406 -0.006561279296875 -0.494720458984375
0.00550651550292969 0.0320472717285156 0.45660400390625 -0.524169921875
0.0319061279296875 0.0511016845703125 0.7489013671875 0.098876953125
0.0470390319824219 0.0629692077636719 0.4586181640625 0.697265625
0.0325088500976562 0.114311218261719 0.013671875 0.5670166015625
-0.01556396484375 0.116218566894531 0.0375785827636719 -0.0146102905273437
0.0505752563476563 0.0891876220703125 -0.12786865234375 -0.594482421875
0.0833206176757813 0.0248336791992188 -0.68890380859375 -0.5123291015625
0.0429344177246094 0.012359619140625 -0.716064453125 0.2174072265625
-0.000699996948242187 0.0189189910888672 -0.151580810546875 0.556121826171875
-0.0264835357666016 -0.00265121459960938 0.227630615234375 0.399322509765625
-0.0219230651855469 -0.0181102752685547 0.338531494140625 0.063018798828125
0.00410079956054687 -0.0235805511474609 0.226486206054688 -0.191482543945313
-0.00656509399414062 -0.0390396118164063 -0.186508178710938 0.158905029296875
0.0191307067871094 -0.0162944793701172 -0.171920776367188 -0.15380859375
0.00258207321166992 0.00109529495239258 0.0687255859375001 -0.514862060546875
0.0121040344238281 0.0189323425292969 0.539764404296875 -0.4600830078125
0.0206108093261719 0.0404510498046875 0.73333740234375 0.24127197265625
0.0243721008300781 0.0483856201171875 0.3375244140625 0.7833251953125
0.0120010375976562 0.0945053100585938 -0.050079345703125 0.539154052734375
-0.018341064453125 0.0881423950195313 0.0433845520019531 -0.06744384765625
0.0385055541992187 0.0600013732910156 -0.20733642578125 -0.60028076171875
0.0645828247070313 -0.000591278076171875 -0.7578125 -0.3939208984375
0.0370101928710937 -0.00743484497070312 -0.65301513671875 0.32464599609375
0.00736141204833984 0.00314140319824219 -0.051025390625 0.552337646484375
-0.0112161636352539 -0.00649452209472657 0.2913818359375 0.3492431640625
-0.0142602920532227 -0.00994586944580078 0.35400390625 0.026092529296875
0.0020599365234375 -0.0169773101806641 0.21734619140625 -0.203506469726563
-0.00551795959472656 -0.0312767028808594 -0.187362670898438 0.148788452148437
0.0304794311523438 -0.0102596282958984 -0.148178100585938 -0.1767578125
0.0257701873779297 -0.00788688659667969 0.1204833984375 -0.5225830078125
0.0169000625610352 0.00451850891113281 0.59161376953125 -0.400634765625
0.00373458862304688 0.0232963562011719 0.7078857421875 0.3465576171875
-0.000156402587890624 0.0141067504882813 0.24755859375 0.8323974609375
0.00204086303710938 0.0498466491699219 -0.088897705078125 0.511566162109375
-0.0142135620117188 0.0402450561523438 0.0507736206054688 -0.105415344238281
0.0138168334960938 0.0196704864501953 -0.2603759765625 -0.5965576171875
0.0316486358642578 -0.0218849182128906 -0.79205322265625 -0.30450439453125
0.0230236053466797 -0.0242900848388672 -0.60064697265625 0.3939208984375
0.0114526748657227 -0.0136013031005859 0.012725830078125 0.543243408203125
0.00660419464111328 -0.0104084014892578 0.325225830078125 0.311279296875
-0.00390386581420898 -0.000380516052246093 0.357086181640625 -0.000335693359375
0.00272083282470703 -0.0107212066650391 0.207916259765625 -0.208969116210937
-0.00586891174316406 -0.0247097015380859 -0.191177368164062 0.144912719726563
0.0432510375976562 -0.004638671875 -0.144744873046875 -0.187454223632812
0.0458564758300781 -0.0138740539550781 0.13525390625 -0.52490234375
0.0202465057373047 -0.00745773315429688 0.60797119140625 -0.3779296875
-0.0119142532348633 -0.00141716003417969 0.69781494140625 0.38226318359375
-0.0194263458251953 -0.0348911285400391 0.207763671875 0.84356689453125
0.00328350067138672 -0.0110979080200195 -0.099029541015625 0.494873046875
-0.00639152526855469 -0.0193958282470703 0.056610107421875 -0.122932434082031
-0.0179805755615234 -0.0247688293457031 -0.27880859375 -0.59490966796875
-0.00782394409179687 -0.0407257080078125 -0.7996826171875 -0.26556396484375
0.0046844482421875 -0.0359535217285156 -0.57574462890625 0.42498779296875
0.0140895843505859 -0.0281791687011719 0.034149169921875 0.54168701171875
0.0241374969482422 -0.0157508850097656 0.332550048828125 0.295562744140625
0.00820064544677734 0.00824689865112305 0.353912353515625 -0.0135498046875
0.00285053253173828 -0.0045313835144043 0.200607299804688 -0.215255737304688
-0.0057220458984375 -0.0209217071533203 -0.197036743164063 0.144134521484375
0.0520553588867188 0.0019073486328125 -0.159194946289062 -0.185989379882813
0.0600204467773438 -0.0181884765625 0.106903076171875 -0.525482177734375
0.0193042755126953 -0.0183010101318359 0.58251953125 -0.3919677734375
-0.0297946929931641 -0.0230140686035156 0.712890625 0.3525390625
-0.0403213500976562 -0.0839691162109375 0.24554443359375 0.82598876953125
0.00800323486328125 -0.0757827758789063 -0.07781982421875 0.50018310546875
0.0076446533203125 -0.081329345703125 0.0641860961914063 -0.112747192382813
-0.0450592041015625 -0.0701141357421875 -0.25628662109375 -0.59588623046875
-0.0468940734863281 -0.0571365356445313 -0.78662109375 -0.283935546875
-0.0146064758300781 -0.0400657653808594 -0.587890625 0.41522216796875
0.0130500793457031 -0.0370445251464844 0.00778198242187504 0.55303955078125
0.0380897521972656 -0.022003173828125 0.3115234375 0.31097412109375
0.0203151702880859 0.0132942199707031 0.3443603515625 -0.007843017578125
0.0059514045715332 -0.00128793716430664 0.19647216796875 -0.212936401367188
-0.00437355041503906 -0.0204124450683594 -0.204254150390625 0.147628784179687
0.0558853149414063 0.00731658935546875 -0.1895751953125 -0.170455932617187
0.0672416687011719 -0.0191383361816406 0.042694091796875 -0.516448974609375
0.0157680511474609 -0.0226879119873047 0.52557373046875 -0.440765380859375
-0.0450668334960938 -0.0351715087890625 0.7427978515625 0.2562255859375
-0.0647964477539062 -0.117393493652344 0.34173583984375 0.7772216796875
0.00406646728515626 -0.131431579589844 -0.028717041015625 0.5198974609375
0.022247314453125 -0.136146545410156 0.0694503784179688 -0.0793228149414063
-0.0607070922851563 -0.114326477050781 -0.1995849609375 -0.5975341796875
-0.0768966674804688 -0.075042724609375 -0.7471923828125 -0.3592529296875
-0.0347213745117188 -0.0406913757324219 -0.63409423828125 0.3621826171875
0.00907135009765625 -0.0387344360351563 -0.0588378906250001 0.57147216796875
0.0490455627441406 -0.0270347595214844 0.26519775390625 0.351837158203125
0.0298385620117188 0.0146694183349609 0.328399658203125 0.01507568359375
0.00907230377197265 -0.00117588043212891 0.197479248046875 -0.2069091796875
-0.00461959838867188 -0.0577163696289063 -0.190277099609375 0.189010620117188
0.00164985656738281 -0.0280132293701172 -0.268692016601563 -0.0484313964843751
-0.0363082885742188 0.0196456909179688 -0.1695556640625 -0.407073974609375
-0.009857177734375 0.0504989624023438 0.2398681640625 -0.59381103515625
0.0316925048828125 0.0591964721679688 0.70220947265625 -0.1826171875
0.0626754760742188 0.0498619079589844 0.66632080078125 0.46112060546875
0.06573486328125 0.0842132568359375 0.1793212890625 0.58746337890625
0.00339508056640625 0.105278015136719 0.0331192016601562 0.09893798828125
0.0475234985351563 0.0942535400390625 0.045440673828125 -0.54437255859375
0.0793685913085938 0.0460433959960938 -0.4586181640625 -0.73370361328125
0.0344276428222656 0.0388603210449219 -0.78143310546875 -0.0695190429687499
-0.0189933776855469 0.0400009155273438 -0.3758544921875 0.502685546875
-0.0469169616699219 0.00382232666015625 0.05224609375 0.480499267578125
-0.0284690856933594 -0.0223712921142578 0.27740478515625 0.134109497070313
0.00581741333007812 -0.0316581726074219 0.22784423828125 -0.168106079101563
-0.00632095336914062 -0.0526084899902344 -0.186874389648438 0.180007934570313
0.00278091430664063 -0.0250053405761719 -0.236709594726563 -0.0844879150390625
-0.0300369262695313 0.0168533325195313 -0.09149169921875 -0.45550537109375
-0.00293731689453126 0.043426513671875 0.34661865234375 -0.5718994140625
0.0359001159667969 0.0559616088867188 0.73583984375 -0.05352783203125
0.0622100830078125 0.0596771240234375 0.57366943359375 0.57977294921875
0.053802490234375 0.10797119140625 0.09405517578125 0.58221435546875
-0.00814819335937499 0.121360778808594 0.0330886840820313 0.0433998107910156
0.0524520874023437 0.101959228515625 -0.03826904296875 -0.5728759765625
0.0874404907226563 0.04107666015625 -0.5838623046875 -0.628662109375
0.0422019958496094 0.0304222106933594 -0.76025390625 0.0796508789062498
-0.00914955139160157 0.0314121246337891 -0.2623291015625 0.538482666015625
-0.039337158203125 0.000202178955078127 0.14410400390625 0.44500732421875
-0.0264606475830078 -0.0221958160400391 0.311737060546875 0.099334716796875
0.0049591064453125 -0.0285835266113281 0.227188110351562 -0.179962158203125
-0.00777435302734375 -0.0467414855957031 -0.185394287109375 0.16925048828125
0.00736427307128906 -0.0208110809326172 -0.201431274414063 -0.121109008789062
-0.0162630081176758 0.00979042053222656 -0.00653076171874996 -0.491058349609375
0.00506210327148437 0.0320415496826172 0.451812744140625 -0.52398681640625
0.0308723449707031 0.0496482849121094 0.7462158203125 0.09649658203125
0.0477752685546875 0.0619888305664063 0.45770263671875 0.6923828125
0.0317230224609375 0.113067626953125 0.01275634765625 0.56512451171875
-0.0155029296875 0.115730285644531 0.0378875732421875 -0.01416015625
0.0504074096679687 0.0878677368164063 -0.1273193359375 -0.59039306640625
0.084259033203125 0.02294921875 -0.68475341796875 -0.5069580078125
0.0434455871582031 0.0119056701660156 -0.71038818359375 0.21685791015625
-0.00113868713378906 0.0186691284179688 -0.148529052734375 0.551788330078125
-0.0264530181884766 -0.00260543823242187 0.22760009765625 0.395782470703125
-0.0214157104492187 -0.0182285308837891 0.336395263671875 0.060333251953125
0.00315475463867188 -0.0235691070556641 0.223464965820313 -0.191482543945312
-0.00787353515625 -0.0381011962890625 -0.183807373046875 0.15838623046875
0.0196685791015625 -0.0161666870117188 -0.1690673828125 -0.152755737304687
0.00314950942993164 0.00237298011779785 0.066375732421875 -0.51263427734375
0.012664794921875 0.0192756652832031 0.535614013671875 -0.459991455078125
0.0201377868652344 0.0401268005371094 0.7296142578125 0.23736572265625
0.0241050720214844 0.0463752746582031 0.33795166015625 0.77850341796875
0.0118026733398438 0.0932998657226563 -0.049774169921875 0.53729248046875
-0.018890380859375 0.0874862670898438 0.0432624816894531 -0.0672569274902344
0.0377006530761719 0.0591964721679687 -0.20623779296875 -0.595947265625
0.0636749267578125 -0.0001220703125 -0.75457763671875 -0.39056396484375
0.0364265441894531 -0.007904052734375 -0.64874267578125 0.32354736328125
0.00629806518554688 0.00260019302368164 -0.0507202148437501 0.54779052734375
-0.0101041793823242 -0.00649356842041016 0.29058837890625 0.346466064453125
-0.013392448425293 -0.00950813293457031 0.3511962890625 0.02337646484375
0.000844001770019531 -0.0170421600341797 0.21539306640625 -0.203125
-0.0070037841796875 -0.0312862396240234 -0.184844970703125 0.148895263671875
0.0300407409667969 -0.0104808807373047 -0.147613525390625 -0.175094604492188
0.0260581970214844 -0.00677490234375 0.117828369140625 -0.51861572265625
0.0178108215332031 0.00522422790527344 0.5869140625 -0.39892578125
0.00432395935058594 0.0227203369140625 0.7044677734375 0.3419189453125
0.000345230102539064 0.0134687423706055 0.2462158203125 0.82720947265625
0.00167083740234375 0.0490455627441406 -0.087493896484375 0.508056640625
-0.0141067504882812 0.0413055419921875 0.0503997802734375 -0.104843139648438
0.0133132934570313 0.0200710296630859 -0.25958251953125 -0.592041015625
0.0322170257568359 -0.0224933624267578 -0.78778076171875 -0.29986572265625
0.0227680206298828 -0.0245380401611328 -0.59588623046875 0.3917236328125
0.0104789733886719 -0.0143985748291016 0.012908935546875 0.53790283203125
0.00650119781494141 -0.0109233856201172 0.322967529296875 0.30780029296875
-0.00396990776062012 -9.65595245361322E-05 0.35491943359375 -0.001190185546875
0.00219345092773437 -0.00953006744384766 0.205795288085938 -0.208740234375
-0.00753974914550781 -0.0237064361572266 -0.18817138671875 0.145111083984375
0.0433006286621094 -0.0047760009765625 -0.144027709960938 -0.185028076171875
0.0457496643066406 -0.014556884765625 0.13226318359375 -0.522857666015625
0.0208015441894531 -0.00647354125976563 0.60162353515625 -0.377685546875
-0.0117902755737305 -0.00159740447998047 0.69439697265625 0.3765869140625
-0.0199470520019531 -0.03515625 0.2115478515625 0.8372802734375
0.00190067291259766 -0.0104827880859375 -0.097747802734375 0.4923095703125
-0.00629043579101562 -0.0181655883789063 0.0564041137695312 -0.121955871582031
-0.0179634094238281 -0.0233325958251953 -0.2760009765625 -0.58941650390625
-0.00861740112304687 -0.0411148071289063 -0.7947998046875 -0.261962890625
0.00467300415039062 -0.0362968444824219 -0.5694580078125 0.4232177734375
0.0139198303222656 -0.026885986328125 0.034393310546875 0.536529541015625
0.0243625640869141 -0.0155487060546875 0.3311767578125 0.292572021484375
0.00900554656982422 0.00814247131347656 0.35186767578125 -0.015228271484375
0.00209903717041016 -0.00452423095703125 0.199005126953125 -0.215179443359375
-0.00717544555664063 -0.0204849243164062 -0.194381713867188 0.14434814453125
0.05120849609375 0.00159454345703125 -0.1580810546875 -0.1846923828125
0.06085205078125 -0.0186347961425781 0.104827880859375 -0.521881103515625
0.0196094512939453 -0.0174007415771484 0.577880859375 -0.39117431640625
-0.0296955108642578 -0.0235862731933594 0.707763671875 0.3475341796875
-0.0395355224609375 -0.0834426879882813 0.24609375 0.82159423828125
0.00743865966796875 -0.0755157470703125 -0.07647705078125 0.497833251953125
0.00730133056640625 -0.0802841186523437 0.06390380859375 -0.112442016601563
-0.0453720092773437 -0.0693817138671875 -0.2545166015625 -0.59173583984375
-0.0467796325683594 -0.0560111999511719 -0.779296875 -0.28033447265625
-0.01507568359375 -0.0398483276367188 -0.582763671875 0.41436767578125
0.0131683349609375 -0.0365333557128906 0.00997924804687503 0.548828125
0.0384902954101563 -0.0228347778320313 0.310455322265625 0.307464599609375
0.0209217071533203 0.0126419067382813 0.341156005859375 -0.00958251953125
0.00505256652832031 -0.00148582458496094 0.1939697265625 -0.212020874023438
-0.00482177734375 -0.0198078155517578 -0.202316284179687 0.148361206054688
0.0551528930664063 0.00669479370117188 -0.188339233398438 -0.168670654296875
0.0671195983886719 -0.0189781188964844 0.0408020019531251 -0.5135498046875
0.0160655975341797 -0.0218906402587891 0.519500732421875 -0.440338134765625
-0.0450668334960938 -0.0351524353027344 0.73931884765625 0.25274658203125
-0.0645675659179688 -0.116981506347656 0.3416748046875 0.77056884765625
0.00439453125 -0.130165100097656 -0.027496337890625 0.51593017578125
0.0211029052734375 -0.134056091308594 0.0692672729492188 -0.079010009765625
-0.0609130859375 -0.1134033203125 -0.19915771484375 -0.5924072265625
-0.0768051147460937 -0.073455810546875 -0.74151611328125 -0.3541259765625
-0.0349578857421875 -0.04058837890625 -0.62872314453125 0.3602294921875
0.00853729248046875 -0.0385932922363281 -0.05670166015625 0.56744384765625
0.0483856201171875 -0.0277023315429688 0.2635498046875 0.34912109375
0.0294456481933594 0.0141944885253906 0.326202392578125 0.013092041015625
0.0077672004699707 -0.00133132934570312 0.195205688476563 -0.20623779296875
-0.006439208984375 -0.0567741394042969 -0.188491821289062 0.189712524414062
0.00103759765625 -0.0272655487060547 -0.265655517578125 -0.0474090576171875
-0.0364875793457031 0.0198974609375 -0.169464111328125 -0.404083251953125
-0.00986480712890625 0.0517196655273438 0.2384033203125 -0.593017578125
0.0321502685546875 0.0584945678710938 0.69879150390625 -0.18194580078125
0.0636482238769531 0.048614501953125 0.6641845703125 0.45672607421875
0.0653152465820313 0.0834808349609375 0.17938232421875 0.584228515625
0.00234985351562501 0.105682373046875 0.0329818725585937 0.098968505859375
0.0466995239257813 0.0940170288085938 0.0454711914062499 -0.541351318359375
0.0784530639648438 0.0452194213867188 -0.455810546875 -0.730712890625
0.0346908569335938 0.0387115478515625 -0.77978515625 -0.0686035156249999
-0.01904296875 0.0393562316894531 -0.37237548828125 0.499664306640625
-0.04705810546875 0.00419998168945313 0.053436279296875 0.47760009765625
-0.0281391143798828 -0.0216464996337891 0.276168823242188 0.132278442382813
0.00512313842773438 -0.031707763671875 0.226699829101563 -0.167495727539063
-0.00788116455078125 -0.0523147583007812 -0.184814453125 0.179840087890625
0.00227546691894531 -0.0249118804931641 -0.234664916992187 -0.0836029052734375
-0.0299930572509766 0.0168724060058594 -0.091644287109375 -0.45062255859375
-0.00284957885742187 0.0431861877441406 0.34466552734375 -0.57080078125
0.0364532470703125 0.0549812316894531 0.73199462890625 -0.05462646484375
0.0631446838378906 0.0585975646972656 0.5740966796875 0.576416015625
0.0529861450195313 0.106742858886719 0.095947265625 0.57830810546875
-0.00933837890625001 0.121238708496094 0.0333900451660156 0.0434989929199219
0.0521240234375 0.101394653320312 -0.03814697265625 -0.5704345703125
0.0865097045898438 0.0403976440429688 -0.58123779296875 -0.62640380859375
0.0422782897949219 0.0297088623046875 -0.756591796875 0.07977294921875
-0.00966262817382812 0.0318050384521484 -0.2607421875 0.535491943359375
-0.0394935607910156 0.000503540039062493 0.14483642578125 0.442352294921875
-0.0260906219482422 -0.0223045349121094 0.309844970703125 0.09844970703125
0.00394439697265625 -0.0290031433105469 0.226150512695312 -0.178558349609375
-0.00890731811523438 -0.0464859008789063 -0.182327270507812 0.170028686523438
0.00820541381835938 -0.0215702056884766 -0.199691772460938 -0.120773315429687
-0.0165510177612305 0.0100021362304687 -0.00955200195312504 -0.48834228515625
0.00500869750976563 0.0324573516845703 0.447113037109375 -0.52288818359375
0.0323982238769531 0.0502166748046875 0.7418212890625 0.0943603515625
0.0482101440429688 0.0610504150390625 0.45391845703125 0.68963623046875
0.0318679809570313 0.111686706542969 0.0147705078125 0.560577392578125
-0.0164031982421875 0.115180969238281 0.0375289916992188 -0.0140533447265625
0.0502090454101563 0.088226318359375 -0.12646484375 -0.5872802734375
0.0830535888671875 0.02166748046875 -0.68310546875 -0.50445556640625
0.0432472229003906 0.0115242004394531 -0.70751953125 0.21630859375
-0.000955581665039061 0.0192794799804688 -0.146514892578125 0.548004150390625
-0.0263137817382813 -0.00244140625 0.22747802734375 0.39434814453125
-0.0208148956298828 -0.0180244445800781 0.333770751953125 0.05889892578125
0.0021209716796875 -0.023651123046875 0.221633911132813 -0.191162109375
-0.00942230224609375 -0.0385055541992188 -0.181610107421875 0.159011840820313
0.0181064605712891 -0.0169639587402344 -0.168380737304688 -0.151931762695313
0.0035240650177002 0.00191378593444824 0.065093994140625 -0.509796142578125
0.0127925872802734 0.0194931030273438 0.53094482421875 -0.459075927734375
0.0210762023925781 0.0391998291015625 0.72735595703125 0.2347412109375
0.0242958068847656 0.0467071533203125 0.3369140625 0.77337646484375
0.01123046875 0.0931549072265625 -0.0491943359375 0.532257080078125
-0.0181732177734375 0.0881881713867188 0.043243408203125 -0.0669212341308594
0.0374794006347656 0.0590400695800781 -0.20489501953125 -0.59130859375
0.0635948181152344 -0.00081634521484375 -0.749267578125 -0.3880615234375
0.0358734130859375 -0.00768280029296875 -0.64373779296875 0.323974609375
0.00660276412963867 0.00295209884643555 -0.0501098632812501 0.545257568359375
-0.0104475021362305 -0.00590991973876953 0.289031982421875 0.342742919921875
-0.0134372711181641 -0.0101585388183594 0.34814453125 0.0223388671875
0.00098896026611328 -0.0171003341674805 0.213775634765625 -0.202789306640625
-0.00802803039550781 -0.0293922424316406 -0.182907104492188 0.148635864257813
0.0294265747070313 -0.0100727081298828 -0.146484375 -0.174057006835938
0.0257606506347656 -0.00712203979492187 0.11553955078125 -0.517059326171875
0.0172119140625 0.00597858428955078 0.58123779296875 -0.40081787109375
0.00441741943359375 0.0230274200439453 0.7022705078125 0.33831787109375
0.000819206237792968 0.0128774642944336 0.2464599609375 0.8240966796875
0.00150299072265625 0.0482597351074219 -0.087127685546875 0.5059814453125
-0.0152359008789063 0.0412750244140625 0.0509567260742187 -0.104843139648438
0.0134315490722656 0.0198230743408203 -0.25860595703125 -0.58740234375
0.0310268402099609 -0.0233364105224609 -0.78253173828125 -0.298095703125
0.0215568542480469 -0.0237236022949219 -0.5926513671875 0.39111328125
0.0106925964355469 -0.0144844055175781 0.0139465332031251 0.534942626953125
0.00669956207275391 -0.0106201171875 0.3233642578125 0.305389404296875
-0.00341582298278809 -0.00057077407836914 0.351898193359375 -0.003692626953125
0.00155830383300781 -0.0105133056640625 0.2039794921875 -0.207138061523437
-0.00825119018554687 -0.0239162445068359 -0.185821533203125 0.14453125
0.041534423828125 -0.00518798828125 -0.1431884765625 -0.184417724609375
0.0457000732421875 -0.0147590637207031 0.13018798828125 -0.520263671875
0.0208244323730469 -0.00649642944335938 0.5975341796875 -0.37725830078125
-0.0121011734008789 -0.00173473358154297 0.692138671875 0.37457275390625
-0.0195751190185547 -0.0349578857421875 0.21014404296875 0.83441162109375
0.00147724151611328 -0.00994491577148438 -0.096832275390625 0.4913330078125
-0.00709438323974609 -0.0171375274658203 0.0563583374023437 -0.120895385742188
-0.0183544158935547 -0.022705078125 -0.275634765625 -0.5865478515625
-0.0089111328125 -0.0410614013671875 -0.79107666015625 -0.2598876953125
0.00394439697265625 -0.0358619689941406 -0.5662841796875 0.42169189453125
0.0133514404296875 -0.0270786285400391 0.0352783203125 0.533447265625
0.0243549346923828 -0.0160026550292969 0.330535888671875 0.289764404296875
0.0101404190063477 0.00702476501464844 0.3494873046875 -0.016571044921875
0.00165605545043945 -0.00444841384887695 0.1966552734375 -0.214248657226563
-0.00750160217285156 -0.0198554992675781 -0.191787719726563 0.144393920898438
0.0510177612304688 0.00121307373046875 -0.157318115234375 -0.1827392578125
0.0609512329101563 -0.0166969299316406 0.103851318359375 -0.5203857421875
0.0195178985595703 -0.0172386169433594 0.57342529296875 -0.3914794921875
-0.0290203094482422 -0.0232772827148437 0.70526123046875 0.3447265625
-0.039031982421875 -0.083343505859375 0.24603271484375 0.81646728515625
0.00730895996093751 -0.07489013671875 -0.075714111328125 0.494476318359375
0.00685119628906251 -0.07928466796875 0.0642852783203125 -0.111610412597656
-0.045318603515625 -0.0685005187988281 -0.2537841796875 -0.5875244140625
-0.0475425720214844 -0.0568809509277344 -0.77569580078125 -0.27825927734375
-0.0154876708984375 -0.0395126342773438 -0.57879638671875 0.4114990234375
0.0126914978027344 -0.0357398986816406 0.0120849609375 0.545074462890625
0.0389328002929687 -0.0226287841796875 0.30975341796875 0.3052978515625
0.0209999084472656 0.0124378204345703 0.338714599609375 -0.010833740234375
0.00454616546630859 -0.00122785568237305 0.192489624023438 -0.211929321289063
-0.00597953796386719 -0.0184497833251953 -0.198989868164063 0.147598266601562
0.054168701171875 0.00613784790039063 -0.18707275390625 -0.168045043945313
0.0668144226074219 -0.0193557739257813 0.038970947265625 -0.510650634765625
0.0158443450927734 -0.021392822265625 0.517120361328125 -0.439422607421875
-0.0445327758789063 -0.0347404479980469 0.7344970703125 0.24853515625
-0.064605712890625 -0.116859436035156 0.34063720703125 0.76544189453125
0.00410461425781249 -0.128730773925781 -0.026611328125 0.514404296875
0.0206680297851562 -0.132293701171875 0.0688705444335938 -0.0784225463867188
-0.0606460571289063 -0.111190795898438 -0.19696044921875 -0.58966064453125
-0.0772323608398438 -0.0732421875 -0.7379150390625 -0.3509521484375
-0.0348854064941406 -0.039764404296875 -0.62603759765625 0.35992431640625
0.00809478759765625 -0.03851318359375 -0.05596923828125 0.56439208984375
0.0483436584472656 -0.027313232421875 0.262115478515625 0.345611572265625
0.0302219390869141 0.0136890411376953 0.32379150390625 0.0118408203125
0.0080718994140625 -0.00159645080566406 0.192855834960938 -0.20574951171875
-0.00878524780273438 -0.0568962097167969 -0.1864013671875 0.18975830078125
-3.43322753906265E-05 -0.0274448394775391 -0.264205932617188 -0.046478271484375
-0.0351142883300781 0.0199451446533203 -0.17041015625 -0.402130126953125
-0.0102500915527344 0.05206298828125 0.23687744140625 -0.59027099609375
0.0324363708496094 0.058013916015625 0.69744873046875 -0.1820068359375
0.0635757446289062 0.0477485656738281 0.66162109375 0.45587158203125
0.0647659301757813 0.082977294921875 0.177490234375 0.5826416015625
0.00257873535156251 0.105789184570313 0.03271484375 0.0985794067382813
0.04571533203125 0.0940628051757812 0.0445556640625 -0.539093017578125
0.078765869140625 0.0453567504882813 -0.45440673828125 -0.7269287109375
0.0342445373535156 0.0387916564941406 -0.777099609375 -0.0669555664062498
-0.01873779296875 0.0398712158203125 -0.370086669921875 0.49627685546875
-0.0467376708984375 0.00396728515624999 0.052642822265625 0.474700927734375
-0.0288238525390625 -0.0229969024658203 0.275146484375 0.130615234375
0.00485992431640625 -0.0319290161132813 0.224395751953125 -0.166946411132813
-0.00886917114257813 -0.0519599914550781 -0.182266235351563 0.18023681640625
0.00137138366699219 -0.025665283203125 -0.232666015625 -0.0829010009765625
-0.0298957824707031 0.0170154571533203 -0.09271240234375 -0.450439453125
-0.002777099609375 0.0440330505371094 0.34161376953125 -0.569580078125
0.0362205505371094 0.0544281005859375 0.73095703125 -0.05560302734375
0.0635185241699219 0.0567703247070313 0.57159423828125 0.5750732421875
0.0524673461914062 0.106529235839844 0.09375 0.57672119140625
-0.0088653564453125 0.121421813964844 0.0331916809082031 0.0430679321289063
0.050537109375 0.100822448730469 -0.0379638671875 -0.56744384765625
0.086273193359375 0.04052734375 -0.5775146484375 -0.624267578125
0.0419044494628906 0.0291938781738281 -0.7545166015625 0.0791015624999999
-0.00985527038574218 0.0319404602050781 -0.260009765625 0.532745361328125
-0.0387458801269531 0.00141525268554687 0.14312744140625 0.4395751953125
-0.0257587432861328 -0.0222244262695312 0.3074951171875 0.096588134765625
0.00311088562011719 -0.0297355651855469 0.224349975585937 -0.178787231445312
-0.00963211059570313 -0.0458297729492188 -0.181015014648438 0.1697998046875
0.0071258544921875 -0.0217437744140625 -0.197952270507813 -0.1195068359375
-0.0161161422729492 0.0103559494018555 -0.010040283203125 -0.4859619140625
0.00590896606445313 0.0335140228271484 0.44476318359375 -0.521575927734375
0.0325469970703125 0.0493545532226563 0.739990234375 0.093017578125
0.04833984375 0.0597610473632813 0.456298828125 0.68695068359375
0.0312576293945312 0.111740112304688 0.0135498046875 0.558624267578125
-0.0173568725585938 0.115699768066406 0.0374526977539063 -0.0140914916992187
0.0489273071289063 0.088226318359375 -0.1251220703125 -0.58502197265625
0.0823135375976563 0.0222396850585938 -0.67950439453125 -0.50250244140625
0.0424957275390625 0.0120162963867187 -0.7037353515625 0.21575927734375
-0.00126838684082031 0.0190219879150391 -0.145294189453125 0.545806884765625
-0.0260639190673828 -0.00293159484863281 0.226898193359375 0.390533447265625
-0.0211696624755859 -0.018280029296875 0.332275390625 0.05755615234375
0.00246620178222656 -0.0240306854248047 0.220138549804688 -0.190963745117188
-0.00992965698242188 -0.0374412536621094 -0.179672241210937 0.159011840820313
0.0176868438720703 -0.0170383453369141 -0.167816162109375 -0.151290893554687
0.00411415100097656 0.00215744972229004 0.064239501953125 -0.509063720703125
0.0131797790527344 0.0198249816894531 0.528076171875 -0.45782470703125
0.0211067199707031 0.0384368896484375 0.7227783203125 0.2330322265625
0.0249824523925781 0.0456962585449219 0.33544921875 0.7734375
0.0106964111328125 0.0923233032226563 -0.04931640625 0.532318115234375
-0.01922607421875 0.0882797241210938 0.0437240600585938 -0.066497802734375
0.0365409851074219 0.0590171813964844 -0.20330810546875 -0.58984375
0.0634689331054688 -0.00164413452148438 -0.747314453125 -0.38543701171875
0.0363578796386719 -0.0081939697265625 -0.6412353515625 0.3226318359375
0.00618171691894531 0.00331020355224609 -0.049224853515625 0.543487548828125
-0.0105218887329102 -0.00603580474853515 0.289306640625 0.340606689453125
-0.0132560729980469 -0.0102672576904297 0.347137451171875 0.020721435546875
-1.14440917968747E-05 -0.0179920196533203 0.21136474609375 -0.202392578125
-0.00805091857910156 -0.0297260284423828 -0.181259155273438 0.149215698242188
0.0289669036865234 -0.0107364654541016 -0.146011352539063 -0.173721313476563
0.0259170532226563 -0.00677871704101563 0.113525390625 -0.51446533203125
0.0172700881958008 0.00516986846923828 0.57891845703125 -0.39825439453125
0.00479698181152344 0.0223426818847656 0.6990966796875 0.33612060546875
0.00117778778076172 0.0122795104980469 0.24420166015625 0.82073974609375
0.00101089477539062 0.0485954284667969 -0.08563232421875 0.504638671875
-0.0160102844238281 0.0419769287109375 0.0508499145507813 -0.103775024414063
0.0122432708740234 0.0202980041503906 -0.2587890625 -0.58612060546875
0.0311698913574219 -0.0230140686035156 -0.7781982421875 -0.29541015625
0.0214385986328125 -0.0247726440429688 -0.58978271484375 0.3878173828125
0.0101127624511719 -0.0130529403686523 0.0135498046875 0.533203125
0.00751590728759766 -0.0114870071411133 0.320892333984375 0.30328369140625
-0.00294017791748047 -0.00149035453796387 0.349365234375 -0.00457763671875
0.000853538513183594 -0.0107078552246094 0.202911376953125 -0.20751953125
-0.00929832458496094 -0.022735595703125 -0.184188842773438 0.144638061523438
0.0420112609863281 -0.00587081909179688 -0.143142700195313 -0.184463500976562
0.0454139709472656 -0.0149497985839844 0.12750244140625 -0.518218994140625
0.0207576751708984 -0.00618934631347656 0.59320068359375 -0.37713623046875
-0.0106477737426758 -0.00200653076171875 0.68798828125 0.37176513671875
-0.0194664001464844 -0.035186767578125 0.208251953125 0.8304443359375
0.00216865539550781 -0.00999355316162109 -0.097137451171875 0.48968505859375
-0.00766372680664063 -0.0160036087036133 0.0567398071289062 -0.119918823242187
-0.01812744140625 -0.0218467712402344 -0.27325439453125 -0.584228515625
-0.00945281982421875 -0.0409431457519531 -0.785400390625 -0.2579345703125
0.00382614135742188 -0.0349597930908203 -0.56378173828125 0.41973876953125
0.0135498046875 -0.0270900726318359 0.034637451171875 0.531890869140625
0.0242500305175781 -0.0160083770751953 0.328216552734375 0.287994384765625
0.00914955139160156 0.00652408599853516 0.34637451171875 -0.01702880859375
0.000563144683837891 -0.0047459602355957 0.195709228515625 -0.212677001953125
-0.008392333984375 -0.0189094543457031 -0.189788818359375 0.144210815429688
0.0506629943847656 0.000598907470703125 -0.156509399414063 -0.183380126953125
0.0603904724121094 -0.018707275390625 0.101226806640625 -0.51751708984375
0.0191688537597656 -0.01708984375 0.57049560546875 -0.3885498046875
-0.0281543731689453 -0.0236415863037109 0.70263671875 0.34246826171875
-0.0398406982421875 -0.083282470703125 0.244140625 0.8145751953125
0.00727844238281251 -0.073699951171875 -0.07562255859375 0.493865966796875
0.00754547119140625 -0.0773849487304688 0.0640792846679687 -0.111198425292969
-0.0453567504882812 -0.0672950744628906 -0.251953125 -0.5849609375
-0.0471534729003906 -0.0560836791992188 -0.7718505859375 -0.27740478515625
-0.016204833984375 -0.0398216247558594 -0.5772705078125 0.4097900390625
0.0124168395996094 -0.0358657836914063 0.01177978515625 0.54400634765625
0.0390625 -0.0222740173339844 0.308135986328125 0.303741455078125
0.0210704803466797 0.0115680694580078 0.33685302734375 -0.011871337890625
0.00375986099243164 -0.00133800506591797 0.19122314453125 -0.210800170898437
-0.00669670104980469 -0.0180835723876953 -0.197433471679688 0.147537231445312
0.0543441772460938 0.0059661865234375 -0.18634033203125 -0.16741943359375
0.0667762756347656 -0.0198707580566406 0.037811279296875 -0.50982666015625
0.0163974761962891 -0.0214748382568359 0.51361083984375 -0.43768310546875
-0.0446205139160156 -0.0352554321289063 0.7320556640625 0.2484130859375
-0.0644607543945313 -0.117210388183594 0.33721923828125 0.764892578125
0.00344085693359374 -0.127555847167969 -0.026519775390625 0.513702392578125
0.0212326049804688 -0.130889892578125 0.0690994262695313 -0.078125
-0.0607757568359375 -0.109931945800781 -0.19573974609375 -0.587890625
-0.0769577026367188 -0.0726470947265625 -0.73394775390625 -0.351318359375
-0.035430908203125 -0.0396995544433594 -0.62164306640625 0.35760498046875
0.0078125 -0.0382575988769531 -0.0543823242187501 0.56414794921875
0.0483665466308594 -0.0287551879882812 0.261444091796875 0.3441162109375
0.0298233032226563 0.0132656097412109 0.32196044921875 0.01104736328125
0.0068817138671875 -0.00118255615234375 0.191909790039063 -0.205062866210937
-0.00838088989257812 -0.0561256408691406 -0.18505859375 0.189712524414062
-0.000341415405273434 -0.0290203094482422 -0.262924194335938 -0.0467376708984375
-0.0355567932128906 0.0197486877441406 -0.168975830078125 -0.402191162109375
-0.00934219360351563 0.0519866943359375 0.2359619140625 -0.58978271484375
0.0320663452148438 0.0575103759765625 0.69598388671875 -0.1812744140625
0.0640716552734375 0.0460052490234375 0.659912109375 0.4571533203125
0.0645980834960937 0.0828704833984375 0.17626953125 0.5799560546875
0.000930786132812492 0.105934143066406 0.0318756103515625 0.0980072021484375
0.04571533203125 0.0932693481445313 0.0477600097656251 -0.538360595703125
0.078521728515625 0.0443267822265625 -0.45123291015625 -0.72650146484375
0.0337257385253906 0.0389137268066406 -0.77471923828125 -0.0701904296875
-0.0191192626953125 0.0396194458007813 -0.371337890625 0.49560546875
-0.0470199584960937 0.00413131713867188 0.053497314453125 0.47357177734375
-0.0283184051513672 -0.0219478607177734 0.273223876953125 0.13092041015625
0.00388336181640625 -0.0324859619140625 0.222579956054688 -0.167160034179688
-0.0101432800292969 -0.0518035888671875 -0.181991577148437 0.180374145507813
0.00104141235351563 -0.0268516540527344 -0.23162841796875 -0.0824737548828125
-0.0294265747070313 0.0175514221191406 -0.09283447265625 -0.448394775390625
-0.00297164916992188 0.04376220703125 0.34161376953125 -0.56988525390625
0.0373458862304688 0.0544281005859375 0.72833251953125 -0.0550537109375
0.0645256042480469 0.0572166442871094 0.5703125 0.57562255859375
0.0516738891601562 0.106613159179688 0.0935668945312499 0.57574462890625
-0.0103530883789062 0.121757507324219 0.0332984924316406 0.0438919067382813
0.0502395629882812 0.100723266601563 -0.03619384765625 -0.56634521484375
0.0869979858398438 0.0395431518554688 -0.576171875 -0.62335205078125
0.0418281555175781 0.0291671752929687 -0.75311279296875 0.0784912109375001
-0.00995445251464843 0.0321006774902344 -0.259613037109375 0.53082275390625
-0.0391387939453125 0.00136947631835937 0.142059326171875 0.437835693359375
-0.0257415771484375 -0.0219230651855469 0.3065185546875 0.095245361328125
0.00304412841796875 -0.02960205078125 0.223403930664063 -0.17822265625
-0.0114517211914062 -0.0456695556640625 -0.179824829101563 0.17022705078125
0.00632095336914062 -0.0228462219238281 -0.196762084960938 -0.118911743164063
-0.015899658203125 0.0105533599853516 -0.00888061523437499 -0.4859619140625
0.00543212890625 0.0328197479248047 0.4442138671875 -0.5223388671875
0.0327796936035156 0.0490188598632813 0.7384033203125 0.09307861328125
0.0486907958984375 0.0591163635253906 0.45257568359375 0.68695068359375
0.0301055908203125 0.111602783203125 0.013519287109375 0.557952880859375
-0.01788330078125 0.116279602050781 0.0375404357910156 -0.0139694213867187
0.0491104125976562 0.0878829956054688 -0.12359619140625 -0.58392333984375
0.0821762084960938 0.0215682983398438 -0.67681884765625 -0.50189208984375
0.0424308776855469 0.0122604370117188 -0.70159912109375 0.21441650390625
-0.00139045715332031 0.0195064544677734 -0.146270751953125 0.54400634765625
-0.0264606475830078 -0.00227546691894531 0.226776123046875 0.38995361328125
-0.0209693908691406 -0.0182743072509766 0.330841064453125 0.05657958984375
0.00139427185058594 -0.0240154266357422 0.2193603515625 -0.191070556640625
-0.0105209350585938 -0.0376434326171875 -0.17974853515625 0.158843994140625
0.0170297622680664 -0.0171012878417969 -0.166717529296875 -0.15032958984375
0.00289177894592285 0.00182294845581055 0.0628662109375001 -0.507720947265625
0.0125904083251953 0.0204448699951172 0.52685546875 -0.4578857421875
0.0214385986328125 0.0381240844726563 0.72021484375 0.23309326171875
0.0252227783203125 0.0452003479003906 0.33453369140625 0.7728271484375
0.0102691650390625 0.091552734375 -0.048828125 0.531402587890625
-0.0200881958007813 0.0887832641601562 0.0439109802246094 -0.0661392211914063
0.03546142578125 0.0596809387207031 -0.20257568359375 -0.5872802734375
0.0625190734863281 -0.00148391723632813 -0.742919921875 -0.38568115234375
0.0357513427734375 -0.00791549682617188 -0.64056396484375 0.32110595703125
0.0058746337890625 0.00336313247680664 -0.04736328125 0.54107666015625
-0.0100917816162109 -0.00636386871337891 0.286895751953125 0.34002685546875
-0.0130195617675781 -0.0106334686279297 0.3448486328125 0.020599365234375
0.00022125244140625 -0.0175142288208008 0.21099853515625 -0.20147705078125
-0.00948905944824219 -0.029022216796875 -0.17919921875 0.149276733398437
0.0282878875732422 -0.0113391876220703 -0.14544677734375 -0.173660278320313
0.0259952545166016 -0.00677680969238281 0.112823486328125 -0.5137939453125
0.0181827545166016 0.00575065612792969 0.5765380859375 -0.3997802734375
0.00504875183105469 0.0219249725341797 0.6971435546875 0.33599853515625
0.000998497009277344 0.0119295120239258 0.2447509765625 0.82110595703125
0.000270843505859376 0.0487632751464844 -0.086151123046875 0.5023193359375
-0.0161399841308594 0.0432662963867188 0.0511703491210938 -0.102874755859375
0.0116901397705078 0.0205230712890625 -0.25537109375 -0.58331298828125
0.0307140350341797 -0.0236873626708984 -0.77825927734375 -0.29656982421875
0.0207424163818359 -0.0234737396240234 -0.58837890625 0.38653564453125
0.0102128982543945 -0.0132770538330078 0.0146484375 0.53076171875
0.00712203979492187 -0.0106353759765625 0.32086181640625 0.301177978515625
-0.00270247459411621 -0.00249266624450684 0.348419189453125 -0.0054931640625
0.000395774841308595 -0.0104875564575195 0.201522827148437 -0.205764770507813
-0.0103321075439453 -0.0223464965820313 -0.182388305664063 0.144393920898438
0.0411033630371094 -0.00637435913085938 -0.14117431640625 -0.183441162109375
0.0457687377929688 -0.0142440795898438 0.126129150390625 -0.51629638671875
0.0209121704101562 -0.00597190856933594 0.5894775390625 -0.37652587890625
-0.0115785598754883 -0.00211906433105469 0.6864013671875 0.3709716796875
-0.0193595886230469 -0.0357170104980469 0.20672607421875 0.82952880859375
0.00209712982177734 -0.00908660888671875 -0.0970458984375 0.488739013671875
-0.00702857971191406 -0.0151615142822266 0.0568084716796875 -0.11907958984375
-0.0188713073730469 -0.0218124389648438 -0.2711181640625 -0.58343505859375
-0.00938034057617188 -0.0408782958984375 -0.78558349609375 -0.2581787109375
0.00395011901855468 -0.0344333648681641 -0.56207275390625 0.41766357421875
0.0132484436035156 -0.0268115997314453 0.0350952148437501 0.5303955078125
0.0241909027099609 -0.0161819458007813 0.327239990234375 0.286529541015625
0.0104265213012695 0.00590896606445313 0.345977783203125 -0.017425537109375
0.000103473663330078 -0.00406551361083984 0.193984985351563 -0.212600708007813
-0.00945091247558594 -0.0181236267089844 -0.189010620117188 0.143936157226563
0.0500068664550781 0.0003814697265625 -0.155380249023438 -0.182693481445313
0.0604972839355469 -0.0188484191894531 0.100982666015625 -0.515716552734375
0.0199642181396484 -0.0168914794921875 0.56732177734375 -0.38934326171875
-0.0289554595947266 -0.0237846374511719 0.6998291015625 0.34234619140625
-0.0390243530273438 -0.0833511352539063 0.24346923828125 0.81451416015625
0.00734710693359375 -0.0739974975585938 -0.07623291015625 0.492156982421875
0.00646209716796875 -0.0761260986328125 0.0646438598632812 -0.110244750976562
-0.045623779296875 -0.0660667419433594 -0.2493896484375 -0.5830078125
-0.0471763610839844 -0.0558624267578125 -0.76995849609375 -0.27728271484375
-0.0165824890136719 -0.03961181640625 -0.576904296875 0.4085693359375
0.0123329162597656 -0.03558349609375 0.011962890625 0.54119873046875
0.038970947265625 -0.0224761962890625 0.307159423828125 0.30157470703125
0.0208473205566406 0.0109004974365234 0.335052490234375 -0.01123046875
0.00329232215881348 -0.00102782249450684 0.190582275390625 -0.210189819335937
-0.00759696960449219 -0.0171184539794922 -0.1959228515625 0.148284912109375
0.0532646179199219 0.00555419921875 -0.185760498046875 -0.167327880859375
0.0664939880371094 -0.0199089050292969 0.036407470703125 -0.506805419921875
0.016510009765625 -0.0216770172119141 0.51104736328125 -0.43719482421875
-0.0439529418945313 -0.0359039306640625 0.73028564453125 0.24603271484375
-0.064361572265625 -0.116600036621094 0.33636474609375 0.76348876953125
0.00363922119140624 -0.127166748046875 -0.028564453125 0.5113525390625
0.0204010009765625 -0.129730224609375 0.069549560546875 -0.078033447265625
-0.060699462890625 -0.108688354492187 -0.1937255859375 -0.5859375
-0.0777740478515625 -0.0725250244140625 -0.7314453125 -0.35150146484375
-0.0357322692871094 -0.0399513244628906 -0.6214599609375 0.35675048828125
0.00731658935546875 -0.0376396179199219 -0.0545654296875 0.561767578125
0.0483551025390625 -0.028289794921875 0.260589599609375 0.34234619140625
0.0299167633056641 0.0122776031494141 0.320709228515625 0.010650634765625
0.00637388229370117 -0.00104951858520508 0.191680908203125 -0.2041015625
-0.00986099243164063 -0.0559577941894531 -0.183837890625 0.190155029296875
-0.000799179077148435 -0.0283584594726563 -0.261062622070313 -0.046600341796875
-0.0352745056152344 0.0201911926269531 -0.168487548828125 -0.40216064453125
-0.0099029541015625 0.0531158447265625 0.2349853515625 -0.59161376953125
0.03277587890625 0.0570564270019531 0.697021484375 -0.1810302734375
0.0649375915527344 0.0455245971679688 0.65960693359375 0.45635986328125
0.0647048950195313 0.082489013671875 0.17584228515625 0.5809326171875
0.000755310058593748 0.106803894042969 0.0317459106445312 0.0977401733398437
0.0444564819335937 0.093353271484375 0.04852294921875 -0.535736083984375
0.0784759521484375 0.0444869995117187 -0.4498291015625 -0.72686767578125
0.0342788696289063 0.0386085510253906 -0.7735595703125 -0.0720214843749999
-0.0192527770996094 0.0397071838378906 -0.371734619140625 0.494171142578125
-0.0472412109375 0.00418472290039062 0.05126953125 0.473297119140625
-0.0283203125 -0.0217266082763672 0.272293090820313 0.12884521484375
0.00368118286132812 -0.0326766967773438 0.22357177734375 -0.167190551757813
-0.0116615295410156 -0.0514144897460938 -0.181045532226563 0.180374145507812
-6.10351562500027E-05 -0.0266876220703125 -0.230972290039063 -0.0822601318359375
-0.0296783447265625 0.0175590515136719 -0.0917358398437499 -0.4483642578125
-0.00220108032226562 0.0448417663574219 0.3397216796875 -0.569580078125
0.036041259765625 0.0535697937011719 0.72808837890625 -0.05426025390625
0.0645599365234375 0.0563774108886719 0.56866455078125 0.575439453125
0.0517425537109375 0.106986999511719 0.09259033203125 0.5767822265625
-0.0107574462890625 0.122413635253906 0.0333900451660156 0.0440559387207031
0.0501556396484375 0.100593566894531 -0.03485107421875 -0.56549072265625
0.0863723754882813 0.03936767578125 -0.57476806640625 -0.62353515625
0.0421104431152344 0.0290031433105469 -0.752685546875 0.0782470703125001
-0.0109977722167969 0.0318832397460937 -0.259490966796875 0.530731201171875
-0.0394630432128906 0.000896453857421876 0.14141845703125 0.438323974609375
-0.0254421234130859 -0.0228061676025391 0.304931640625 0.096038818359375
0.0029754638671875 -0.0294818878173828 0.222915649414063 -0.178482055664063
-0.0121307373046875 -0.0449028015136719 -0.178009033203125 0.170166015625
0.006622314453125 -0.0218982696533203 -0.196060180664062 -0.11932373046875
-0.0153617858886719 0.0111980438232422 -0.010589599609375 -0.48614501953125
0.0050811767578125 0.0339260101318359 0.442474365234375 -0.522430419921875
0.0324897766113281 0.048736572265625 0.7381591796875 0.09576416015625
0.049072265625 0.0586471557617188 0.4510498046875 0.68719482421875
0.0307998657226563 0.111152648925781 0.013214111328125 0.558441162109375
-0.0188446044921875 0.116554260253906 0.0374107360839844 -0.0131111145019531
0.0484161376953125 0.0877227783203125 -0.12274169921875 -0.5836181640625
0.0816802978515625 0.0210494995117188 -0.67547607421875 -0.5025634765625
0.0414390563964844 0.0114822387695313 -0.70355224609375 0.2125244140625
-0.0015106201171875 0.0195484161376953 -0.146636962890625 0.54388427734375
-0.0261249542236328 -0.00284576416015625 0.2254638671875 0.389984130859375
-0.0207157135009766 -0.0181217193603516 0.3291015625 0.057159423828125
0.000804901123046873 -0.0249977111816406 0.218917846679688 -0.19085693359375
-0.011749267578125 -0.0371322631835938 -0.177841186523437 0.15960693359375
0.016693115234375 -0.0176429748535156 -0.165618896484375 -0.151138305664063
0.00340628623962402 0.00153923034667969 0.0641784667968749 -0.5078125
0.0134716033935547 0.0210037231445313 0.52593994140625 -0.458221435546875
0.0211868286132813 0.037872314453125 0.72119140625 0.23297119140625
0.0257530212402344 0.0445709228515625 0.3345947265625 0.7733154296875
0.0101547241210937 0.0920944213867188 -0.050994873046875 0.530975341796875
-0.020751953125 0.0893936157226563 0.0440826416015625 -0.0653152465820313
0.0352554321289062 0.060028076171875 -0.2001953125 -0.588134765625
0.0621566772460938 -0.00223922729492188 -0.74285888671875 -0.3857421875
0.0348091125488281 -0.00848388671875 -0.640625 0.31866455078125
0.00545215606689453 0.00276279449462891 -0.04833984375 0.54046630859375
-0.0099029541015625 -0.00621509552001953 0.2874755859375 0.33941650390625
-0.0124387741088867 -0.0111064910888672 0.344970703125 0.019073486328125
-0.00146007537841797 -0.0172710418701172 0.210433959960938 -0.201141357421875
-0.0111865997314453 -0.0273380279541016 -0.178573608398438 0.149063110351563
0.0282249450683594 -0.0127773284912109 -0.144638061523438 -0.1741943359375
0.0259513854980469 -0.00692558288574219 0.1124267578125 -0.512786865234375
0.0180816650390625 0.00669288635253906 0.57476806640625 -0.39837646484375
0.00464820861816406 0.0219802856445313 0.69598388671875 0.33624267578125
0.00141620635986328 0.0120706558227539 0.24285888671875 0.82073974609375
-2.670288085938E-05 0.0491294860839844 -0.08740234375 0.502685546875
-0.0163307189941406 0.0433769226074219 0.052764892578125 -0.1024169921875
0.0112476348876953 0.0224361419677734 -0.2525634765625 -0.58380126953125
0.0307083129882812 -0.0220985412597656 -0.7762451171875 -0.29669189453125
0.0202751159667969 -0.024444580078125 -0.58978271484375 0.385986328125
0.0102806091308594 -0.0127487182617188 0.013397216796875 0.531219482421875
0.00800037384033203 -0.0101995468139648 0.320465087890625 0.30169677734375
-0.00292682647705078 -0.00213408470153809 0.347900390625 -0.005523681640625
-0.000824928283691405 -0.010650634765625 0.202224731445313 -0.207244873046875
-0.0106220245361328 -0.0216293334960938 -0.181640625 0.1451416015625
0.041168212890625 -0.00524520874023438 -0.140625 -0.184844970703125
0.0456428527832031 -0.0150718688964844 0.12677001953125 -0.51715087890625
0.0209197998046875 -0.00551605224609375 0.59039306640625 -0.374755859375
-0.011012077331543 -0.0025634765625 0.6846923828125 0.3709716796875
-0.0194091796875 -0.0352973937988281 0.2056884765625 0.83099365234375
0.00120639801025391 -0.00934696197509766 -0.0975646972656251 0.48797607421875
-0.00772762298583985 -0.014251708984375 0.0576019287109375 -0.119224548339844
-0.0197277069091797 -0.0207939147949219 -0.2689208984375 -0.58209228515625
-0.00938034057617188 -0.0410346984863281 -0.78350830078125 -0.25921630859375
0.00337791442871094 -0.0346450805664063 -0.5633544921875 0.41741943359375
0.0128746032714844 -0.026275634765625 0.03564453125 0.52874755859375
0.0245399475097656 -0.0164222717285156 0.32647705078125 0.286224365234375
0.0111408233642578 0.00536632537841797 0.345367431640625 -0.01800537109375
-0.000442028045654297 -0.00381135940551758 0.194778442382812 -0.2127685546875
-0.0095663070678711 -0.0168533325195313 -0.187835693359375 0.144302368164063
0.0494346618652344 0.000225067138671875 -0.155380249023437 -0.18280029296875
0.060791015625 -0.0192794799804688 0.10003662109375 -0.51385498046875
0.0195960998535156 -0.0168380737304688 0.56793212890625 -0.38897705078125
-0.0283946990966797 -0.0241756439208984 0.6995849609375 0.3428955078125
-0.038726806640625 -0.083740234375 0.24188232421875 0.81463623046875
0.00721740722656249 -0.0735092163085937 -0.0753173828125 0.491973876953125
0.00700378417968749 -0.0749969482421875 0.0658493041992188 -0.109443664550781
-0.0463027954101562 -0.0651168823242188 -0.24896240234375 -0.5836181640625
-0.0477790832519531 -0.055328369140625 -0.76959228515625 -0.27728271484375
-0.0168571472167969 -0.039703369140625 -0.57598876953125 0.407470703125
0.0123100280761719 -0.0349178314208984 0.011688232421875 0.541229248046875
0.039642333984375 -0.0228614807128906 0.3067626953125 0.301849365234375
0.0217990875244141 0.0102958679199219 0.334564208984375 -0.012237548828125
0.00308418273925781 -0.000403165817260742 0.190322875976562 -0.209716796875
-0.0080728530883789 -0.0160284042358398 -0.195877075195313 0.147186279296875
0.0543289184570313 0.00546646118164063 -0.184661865234375 -0.167205810546875
0.0666007995605469 -0.0207176208496094 0.035919189453125 -0.507965087890625
0.0168399810791016 -0.0215625762939453 0.51007080078125 -0.4366455078125
-0.0433158874511719 -0.0362548828125 0.72967529296875 0.2470703125
-0.0637283325195313 -0.1171875 0.33599853515625 0.7635498046875
0.0030670166015625 -0.126495361328125 -0.02935791015625 0.5120849609375
0.0214309692382812 -0.128288269042969 0.0694808959960938 -0.0776596069335938
-0.0602645874023438 -0.108543395996094 -0.19134521484375 -0.58624267578125
-0.0779190063476563 -0.0722274780273437 -0.73095703125 -0.35174560546875
-0.0353927612304688 -0.0396919250488281 -0.6219482421875 0.3553466796875
0.00801467895507812 -0.0377082824707031 -0.05548095703125 0.56011962890625
0.0486831665039063 -0.0284652709960938 0.26068115234375 0.34130859375
0.030059814453125 0.0119209289550781 0.320068359375 0.010284423828125
0.00655174255371094 -0.00165653228759766 0.19122314453125 -0.204360961914062
-0.0115089416503906 -0.0547561645507813 -0.182327270507812 0.189804077148438
-0.00119972229003906 -0.0301895141601563 -0.260665893554688 -0.0472564697265625
-0.0345325469970703 0.0212593078613281 -0.16986083984375 -0.4017333984375
-0.00918579101562499 0.053497314453125 0.23468017578125 -0.59149169921875
0.0327224731445312 0.0555839538574219 0.69775390625 -0.18231201171875
0.0647850036621094 0.0443534851074219 0.659912109375 0.459716796875
0.0637741088867188 0.083343505859375 0.17608642578125 0.58148193359375
-0.000526428222656257 0.107772827148438 0.0320968627929688 0.0977401733398438
0.044158935546875 0.0934906005859375 0.0502319335937501 -0.5355224609375
0.0785598754882813 0.0443038940429688 -0.44921875 -0.7269287109375
0.0336875915527344 0.0391044616699219 -0.7767333984375 -0.0727539062499999
-0.0195732116699219 0.0400543212890625 -0.37139892578125 0.495208740234375
-0.0474853515625 0.00476837158203125 0.05218505859375 0.473846435546875
-0.0277900695800781 -0.0218467712402344 0.272445678710938 0.129104614257813
0.002532958984375 -0.0326290130615234 0.223678588867188 -0.167465209960938
-0.0125350952148438 -0.0512123107910156 -0.179428100585938 0.181121826171875
-9.15527343749985E-05 -0.0268745422363281 -0.228866577148438 -0.0828399658203125
-0.0292739868164063 0.0182971954345703 -0.092254638671875 -0.45013427734375
-0.00200653076171875 0.0458450317382813 0.3397216796875 -0.57171630859375
0.0363960266113281 0.0530738830566406 0.73065185546875 -0.053955078125
0.0649223327636719 0.0554580688476563 0.56854248046875 0.5775146484375
0.0510177612304688 0.106483459472656 0.09033203125 0.57635498046875
-0.0119094848632812 0.123672485351563 0.0337104797363281 0.0442428588867188
0.0487518310546875 0.100761413574219 -0.03240966796875 -0.5662841796875
0.0865631103515625 0.0391998291015625 -0.57330322265625 -0.625
0.0417366027832031 0.0292892456054688 -0.75421142578125 0.0758056640624999
-0.0108242034912109 0.0325107574462891 -0.260986328125 0.530120849609375
-0.039093017578125 0.00111389160156251 0.140899658203125 0.437774658203125
-0.0253124237060547 -0.0219688415527344 0.3048095703125 0.095794677734375
0.0022125244140625 -0.0297126770019531 0.222869873046875 -0.178924560546875
-0.0138778686523438 -0.0439109802246094 -0.177383422851563 0.171188354492187
0.00550460815429688 -0.0229454040527344 -0.195648193359375 -0.11907958984375
-0.0156488418579102 0.0109157562255859 -0.01031494140625 -0.48712158203125
0.00634193420410157 0.0341758728027344 0.44342041015625 -0.523162841796875
0.0332756042480469 0.0484962463378906 0.73876953125 0.093994140625
0.0496253967285156 0.0576934814453125 0.45184326171875 0.68963623046875
0.0302505493164063 0.110771179199219 0.011199951171875 0.5584716796875
-0.0196609497070313 0.117469787597656 0.0389785766601563 -0.0131301879882812
0.04730224609375 0.0881729125976563 -0.1199951171875 -0.58251953125
0.0818710327148438 0.0206069946289063 -0.6729736328125 -0.5045166015625
0.0425071716308594 0.0114173889160156 -0.7044677734375 0.2119140625
-0.00192642211914062 0.0189208984375 -0.148529052734375 0.5440673828125
-0.0261135101318359 -0.00223922729492188 0.22503662109375 0.39019775390625
-0.0196533203125 -0.0188922882080078 0.3297119140625 0.055999755859375
0.000299453735351562 -0.0245113372802734 0.21868896484375 -0.190383911132812
-0.0124397277832031 -0.0359840393066406 -0.176132202148438 0.160415649414062
0.0155410766601563 -0.0182857513427734 -0.165420532226563 -0.150970458984375
0.0037226676940918 0.00131034851074219 0.0631103515625 -0.507110595703125
0.0132675170898438 0.0211200714111328 0.52459716796875 -0.458648681640625
0.0217475891113281 0.03875732421875 0.722412109375 0.234619140625
0.025848388671875 0.0442619323730469 0.33270263671875 0.7757568359375
0.00967407226562499 0.0918045043945313 -0.0520324707031251 0.531158447265625
-0.0206680297851562 0.0904769897460938 0.0449867248535156 -0.0653114318847656
0.0351448059082031 0.0600471496582031 -0.1995849609375 -0.5885009765625
0.0625534057617187 -0.00146102905273437 -0.74285888671875 -0.3873291015625
0.0344886779785156 -0.00761032104492188 -0.64154052734375 0.31988525390625
0.00481319427490234 0.00339937210083008 -0.04937744140625 0.5406494140625
-0.0106716156005859 -0.00576972961425781 0.287841796875 0.3389892578125
-0.0123281478881836 -0.0111684799194336 0.344879150390625 0.01971435546875
-0.00141525268554688 -0.0179119110107422 0.21026611328125 -0.201889038085938
-0.0116710662841797 -0.0273590087890625 -0.177886962890625 0.1495361328125
0.0272579193115234 -0.0124740600585938 -0.143463134765625 -0.173965454101563
0.0259246826171875 -0.00730705261230469 0.11212158203125 -0.514801025390625
0.0184001922607422 0.0084381103515625 0.57464599609375 -0.3988037109375
0.00613021850585937 0.0217666625976563 0.69647216796875 0.337158203125
0.00221538543701172 0.0106391906738281 0.24273681640625 0.8218994140625
0.000556945800781249 0.0494728088378906 -0.08856201171875 0.503692626953125
-0.0172080993652344 0.0438880920410156 0.052276611328125 -0.102737426757813
0.0120220184326172 0.021453857421875 -0.254638671875 -0.5845947265625
0.0295963287353516 -0.0229568481445313 -0.77557373046875 -0.2984619140625
0.0214347839355469 -0.0238132476806641 -0.58978271484375 0.38665771484375
0.00911045074462891 -0.0124683380126953 0.0117187499999999 0.531768798828125
0.00747585296630859 -0.0110387802124023 0.320068359375 0.301239013671875
-0.00236082077026367 -0.00256538391113281 0.347930908203125 -0.006195068359375
-0.00092315673828125 -0.0106782913208008 0.201126098632813 -0.206222534179688
-0.0113468170166016 -0.0203647613525391 -0.181182861328125 0.14581298828125
0.0404701232910156 -0.005950927734375 -0.140792846679688 -0.184661865234375
0.0452690124511719 -0.0152091979980469 0.12591552734375 -0.516693115234375
0.0219841003417969 -0.00561141967773437 0.58892822265625 -0.3758544921875
-0.0102519989013672 -0.00275039672851563 0.68548583984375 0.371826171875
-0.0194282531738281 -0.0359954833984375 0.2044677734375 0.83306884765625
0.000807762145996094 -0.00904178619384766 -0.097381591796875 0.488739013671875
-0.00773715972900391 -0.0128345489501953 0.058380126953125 -0.118438720703125
-0.0189743041992188 -0.0202674865722656 -0.2684326171875 -0.58282470703125
-0.0105667114257813 -0.0406303405761719 -0.7841796875 -0.2608642578125
0.00285720825195313 -0.0352668762207031 -0.56451416015625 0.4173583984375
0.0126476287841797 -0.0257434844970703 0.034759521484375 0.529296875
0.0248756408691406 -0.0170516967773438 0.328033447265625 0.286102294921875
0.0104818344116211 0.00639915466308594 0.344329833984375 -0.018585205078125
-0.000997543334960937 -0.00392031669616699 0.193984985351563 -0.21258544921875
-0.0112295150756836 -0.0159063339233398 -0.1864013671875 0.144256591796875
0.0495796203613281 0.000484466552734375 -0.154541015625 -0.183624267578125
0.0601119995117188 -0.018585205078125 0.099639892578125 -0.516693115234375
0.0205669403076172 -0.0167198181152344 0.56744384765625 -0.38812255859375
-0.0277233123779297 -0.0243244171142578 0.700439453125 0.34320068359375
-0.0395431518554687 -0.0844497680664063 0.2403564453125 0.81610107421875
0.006744384765625 -0.0725784301757812 -0.07733154296875 0.49310302734375
0.00630950927734375 -0.0743484497070313 0.0661773681640625 -0.109283447265625
-0.04595947265625 -0.0641899108886719 -0.24835205078125 -0.58428955078125
-0.0488166809082031 -0.0568771362304687 -0.7685546875 -0.2772216796875
-0.0169296264648438 -0.0389823913574219 -0.57745361328125 0.408203125
0.0126171112060547 -0.0350589752197266 0.00994873046874997 0.541107177734375
0.0396842956542969 -0.02349853515625 0.305755615234375 0.30157470703125
0.0219650268554688 0.00971221923828125 0.33392333984375 -0.013092041015625
0.00155150890350342 -0.000533938407897949 0.190170288085938 -0.210906982421875
-0.00968742370605469 -0.0147705078125 -0.194061279296875 0.14776611328125
0.0529289245605469 0.00568389892578125 -0.184036254882813 -0.168350219726563
0.067138671875 -0.0204582214355469 0.03631591796875 -0.507904052734375
0.0169601440429688 -0.021392822265625 0.509613037109375 -0.4365234375
-0.0438461303710938 -0.0358085632324219 0.72833251953125 0.247802734375
-0.064727783203125 -0.117408752441406 0.33416748046875 0.76483154296875
0.00380706787109375 -0.126029968261719 -0.029083251953125 0.51226806640625
0.021484375 -0.127113342285156 0.0705795288085938 -0.0774765014648438
-0.0607452392578125 -0.107254028320312 -0.1907958984375 -0.58636474609375
-0.0774307250976563 -0.0720367431640625 -0.73089599609375 -0.35302734375
-0.0357933044433594 -0.0396156311035156 -0.62335205078125 0.355224609375
0.00756072998046875 -0.0376510620117187 -0.0558776855468751 0.562255859375
0.0484046936035156 -0.0290641784667969 0.260009765625 0.341094970703125
0.0311355590820313 0.0115280151367187 0.318756103515625 0.00982666015625
0.00581598281860352 -0.000945091247558594 0.190963745117188 -0.204132080078125
-0.0120964050292969 -0.0546150207519531 -0.1820068359375 0.191085815429688
-0.00179862976074219 -0.0304355621337891 -0.260101318359375 -0.0467987060546875
-0.0353736877441406 0.021484375 -0.170654296875 -0.4039306640625
-0.00896072387695312 0.0541000366210938 0.23480224609375 -0.59442138671875
0.0327262878417969 0.0563392639160156 0.70098876953125 -0.18182373046875
0.0656509399414063 0.0438804626464844 0.66259765625 0.46075439453125
0.063018798828125 0.082977294921875 0.175048828125 0.5828857421875
-0.00115203857421876 0.109207153320312 0.03216552734375 0.0987777709960937
0.0440292358398438 0.0941848754882813 0.051239013671875 -0.53857421875
0.078582763671875 0.044525146484375 -0.4478759765625 -0.729736328125
0.0347328186035156 0.0388603210449219 -0.7769775390625 -0.0743408203125
-0.0197868347167969 0.0405807495117188 -0.37310791015625 0.49444580078125
-0.0478401184082031 0.00472259521484375 0.049835205078125 0.47393798828125
-0.0284023284912109 -0.0227260589599609 0.27166748046875 0.12994384765625
0.00178718566894531 -0.0323638916015625 0.222930908203125 -0.167694091796875
-0.0137443542480469 -0.0509872436523438 -0.179519653320313 0.182693481445313
-0.00135421752929687 -0.0273609161376953 -0.22955322265625 -0.0828094482421875
-0.0293693542480469 0.0184707641601563 -0.093536376953125 -0.450775146484375
-0.00176620483398438 0.0467109680175781 0.3409423828125 -0.5731201171875
0.0378570556640625 0.0530624389648438 0.73370361328125 -0.05487060546875
0.0656013488769531 0.0540542602539063 0.5694580078125 0.5804443359375
0.0505218505859375 0.105941772460938 0.091552734375 0.57763671875
-0.0119705200195313 0.123931884765625 0.0335617065429687 0.0443763732910156
0.0492706298828125 0.101852416992188 -0.0315551757812499 -0.56597900390625
0.0865859985351563 0.0391464233398438 -0.575439453125 -0.626953125
0.041748046875 0.0295257568359375 -0.75665283203125 0.0750732421875
-0.0107135772705078 0.032928466796875 -0.26165771484375 0.530975341796875
-0.0389976501464844 0.00116348266601562 0.14178466796875 0.43865966796875
-0.0255146026611328 -0.0224170684814453 0.3055419921875 0.09527587890625
0.00133895874023438 -0.0298290252685547 0.222915649414063 -0.17877197265625
-0.0146636962890625 -0.0436172485351562 -0.177108764648438 0.172515869140625
0.00595664978027344 -0.0233058929443359 -0.195358276367188 -0.119873046875
-0.0156173706054688 0.0110177993774414 -0.00964355468749999 -0.4879150390625
0.00609779357910156 0.0350303649902344 0.443389892578125 -0.524383544921875
0.0331954956054688 0.0486412048339844 0.7406005859375 0.0955810546875
0.0498619079589844 0.0565910339355469 0.45233154296875 0.6922607421875
0.02978515625 0.111488342285156 0.01116943359375 0.560272216796875
-0.0199966430664063 0.118728637695312 0.0383071899414063 -0.0121307373046875
0.0469894409179688 0.0892486572265625 -0.11907958984375 -0.58477783203125
0.08197021484375 0.0219192504882812 -0.67572021484375 -0.5052490234375
0.0420188903808594 0.0119361877441406 -0.70654296875 0.21197509765625
-0.0017852783203125 0.0197334289550781 -0.147308349609375 0.54498291015625
-0.0266799926757812 -0.00251197814941406 0.225555419921875 0.3912353515625
-0.0203170776367188 -0.0192050933837891 0.330230712890625 0.056121826171875
-0.000925064086914064 -0.0248889923095703 0.219146728515625 -0.191375732421875
-0.0142745971679688 -0.0349750518798828 -0.175338745117187 0.160934448242188
0.0156803131103516 -0.0180854797363281 -0.16534423828125 -0.151077270507813
0.00416302680969238 0.00205326080322266 0.063446044921875 -0.51025390625
0.0136241912841797 0.0220241546630859 0.524993896484375 -0.459686279296875
0.0217399597167969 0.03790283203125 0.72406005859375 0.235595703125
0.02581787109375 0.0433921813964844 0.332763671875 0.778564453125
0.010040283203125 0.0924606323242188 -0.05218505859375 0.5335693359375
-0.0218124389648437 0.0920562744140625 0.0450248718261719 -0.0652961730957031
0.0350418090820313 0.0611228942871094 -0.19915771484375 -0.5897216796875
0.0627975463867188 -0.00188446044921875 -0.74468994140625 -0.38897705078125
0.0344638824462891 -0.0083770751953125 -0.64447021484375 0.3194580078125
0.0057220458984375 0.00340700149536133 -0.0499267578125 0.541748046875
-0.00971126556396484 -0.00667381286621094 0.2880859375 0.3392333984375
-0.0123014450073242 -0.0110797882080078 0.3450927734375 0.01922607421875
-0.00196552276611328 -0.0170936584472656 0.210250854492188 -0.201950073242188
-0.0125961303710938 -0.0265026092529297 -0.177230834960937 0.149703979492188
0.0271110534667969 -0.0116806030273438 -0.1427001953125 -0.175369262695312
0.0261440277099609 -0.00738334655761719 0.111419677734375 -0.515869140625
0.0184211730957031 0.00703811645507813 0.57476806640625 -0.3992919921875
0.00621986389160156 0.0216751098632813 0.69854736328125 0.33770751953125
0.00207424163818359 0.0111465454101563 0.24334716796875 0.82568359375
0.000343322753906248 0.0491371154785156 -0.089141845703125 0.50604248046875
-0.0171241760253906 0.0456085205078125 0.05401611328125 -0.1021728515625
0.0110435485839844 0.0218143463134766 -0.25390625 -0.586181640625
0.0292739868164063 -0.0236873626708984 -0.7763671875 -0.2991943359375
0.0213260650634766 -0.0245227813720703 -0.5927734375 0.38702392578125
0.00980472564697266 -0.0122957229614258 0.01300048828125 0.5313720703125
0.00795936584472656 -0.0107097625732422 0.3212890625 0.30169677734375
-0.00249648094177246 -0.00221729278564453 0.34808349609375 -0.0062255859375
-0.0018310546875 -0.0106287002563477 0.201263427734375 -0.207107543945313
-0.0128536224365234 -0.0198516845703125 -0.180007934570313 0.146072387695313
0.039398193359375 -0.00558853149414063 -0.139541625976563 -0.1854248046875
0.046173095703125 -0.0146560668945312 0.125396728515625 -0.518035888671875
0.0217208862304688 -0.0057373046875 0.58905029296875 -0.37677001953125
-0.0101995468139648 -0.00296401977539062 0.6866455078125 0.37347412109375
-0.0192375183105469 -0.037139892578125 0.2052001953125 0.8348388671875
0.000430583953857423 -0.00872421264648438 -0.098358154296875 0.49072265625
-0.00815963745117188 -0.0124473571777344 0.05914306640625 -0.118026733398438
-0.0200023651123047 -0.0198574066162109 -0.26800537109375 -0.584716796875
-0.0100250244140625 -0.0408134460449219 -0.783935546875 -0.26116943359375
0.00230979919433594 -0.0351085662841797 -0.56689453125 0.418212890625
0.0128650665283203 -0.025970458984375 0.0341796875 0.53155517578125
0.0256004333496094 -0.0173969268798828 0.327301025390625 0.28619384765625
0.0107412338256836 0.00474452972412109 0.34454345703125 -0.018402099609375
-0.00221085548400879 -0.00345039367675781 0.194366455078125 -0.212600708007813
-0.0118236541748047 -0.0147895812988281 -0.186172485351563 0.143936157226562
0.0495414733886719 3.0517578125E-05 -0.153976440429688 -0.184402465820313
0.0611457824707031 -0.0199050903320312 0.09869384765625 -0.517333984375
0.0217723846435547 -0.0162544250488281 0.5692138671875 -0.390380859375
-0.0279655456542969 -0.0250587463378906 0.70166015625 0.34423828125
-0.0400543212890625 -0.0850677490234375 0.24053955078125 0.8177490234375
0.00641632080078125 -0.0726776123046875 -0.0775756835937499 0.49365234375
0.0068817138671875 -0.0734634399414063 0.0670013427734375 -0.109481811523438
-0.0462265014648438 -0.0639801025390625 -0.24591064453125 -0.58465576171875
-0.0478057861328125 -0.0556602478027344 -0.770751953125 -0.2796630859375
-0.017578125 -0.039520263671875 -0.57916259765625 0.4088134765625
0.0122318267822266 -0.0350189208984375 0.010772705078125 0.54229736328125
0.0403213500976563 -0.0241966247558594 0.3060302734375 0.3021240234375
0.0229454040527344 0.00946044921875 0.334228515625 -0.0133056640625
0.00108397006988525 -0.00128483772277832 0.1907958984375 -0.211105346679688
-0.00915718078613281 -0.0145654678344727 -0.193893432617188 0.1484375
0.0533370971679688 0.00621414184570312 -0.18487548828125 -0.169021606445312
0.0674591064453125 -0.0213432312011719 0.03570556640625 -0.508026123046875
0.0173091888427734 -0.0212860107421875 0.509521484375 -0.4376220703125
-0.0435867309570312 -0.0367393493652344 0.7303466796875 0.2489013671875
-0.0644378662109375 -0.117591857910156 0.33489990234375 0.76702880859375
0.00315856933593749 -0.125900268554688 -0.031158447265625 0.51312255859375
0.0225906372070313 -0.127052307128906 0.0711441040039063 -0.077667236328125
-0.0612564086914063 -0.106246948242187 -0.18963623046875 -0.58837890625
-0.07763671875 -0.0730514526367188 -0.7305908203125 -0.35357666015625
-0.0370826721191406 -0.0396156311035156 -0.6251220703125 0.3560791015625
0.0081024169921875 -0.0375137329101563 -0.0552978515625 0.562255859375
0.0495567321777344 -0.0297660827636719 0.261810302734375 0.343505859375
0.0312137603759766 0.0106449127197266 0.319091796875 0.009674072265625
0.00457620620727539 -0.000768661499023438 0.192245483398438 -0.205245971679688
-0.0130462646484375 -0.054046630859375 -0.181854248046875 0.193130493164063
-0.00323295593261719 -0.0305213928222656 -0.260208129882813 -0.0466766357421875
-0.0353775024414063 0.0213661193847656 -0.17120361328125 -0.405181884765625
-0.00838470458984375 0.0547904968261719 0.23406982421875 -0.59686279296875
0.0334396362304687 0.0558624267578125 0.70343017578125 -0.183349609375
0.0665245056152344 0.0430984497070312 0.665283203125 0.4615478515625
0.06390380859375 0.083740234375 0.17462158203125 0.58502197265625
-0.001220703125 0.109878540039063 0.0318832397460938 0.0987777709960938
0.04339599609375 0.0946426391601563 0.052947998046875 -0.539276123046875
0.0784988403320313 0.0440673828125 -0.45062255859375 -0.7342529296875
0.0351486206054688 0.038787841796875 -0.78082275390625 -0.0753784179687499
-0.0198516845703125 0.04107666015625 -0.3758544921875 0.496368408203125
-0.0480079650878906 0.00498199462890625 0.05078125 0.47607421875
-0.0282917022705078 -0.0227279663085937 0.272857666015625 0.12896728515625
0.00110626220703125 -0.0326175689697266 0.223770141601562 -0.169647216796875
-0.0145912170410156 -0.0495567321777344 -0.179244995117188 0.183395385742187
-0.001373291015625 -0.0278835296630859 -0.2291259765625 -0.0824737548828125
-0.0286788940429688 0.0188579559326172 -0.093994140625 -0.45294189453125
-0.00173568725585938 0.0466499328613281 0.34027099609375 -0.576416015625
0.0372123718261719 0.0526580810546875 0.73602294921875 -0.05584716796875
0.0659332275390625 0.053985595703125 0.57421875 0.58416748046875
0.051239013671875 0.107192993164063 0.09130859375 0.5811767578125
-0.0126800537109375 0.125030517578125 0.033660888671875 0.0444679260253906
0.0487442016601563 0.101455688476563 -0.03143310546875 -0.5684814453125
0.0863113403320313 0.0386123657226563 -0.576171875 -0.6302490234375
0.0423088073730469 0.0290946960449219 -0.76007080078125 0.0734863281249999
-0.0107383728027344 0.0328903198242188 -0.262115478515625 0.531890869140625
-0.0396766662597656 0.000896453857421874 0.1427001953125 0.43927001953125
-0.0257301330566406 -0.0233993530273438 0.305938720703125 0.09478759765625
0.000555038452148435 -0.0301322937011719 0.2227783203125 -0.18035888671875
-0.0141410827636719 -0.0431060791015625 -0.176437377929688 0.172317504882812
0.00445175170898437 -0.023956298828125 -0.195526123046875 -0.119857788085938
-0.0154275894165039 0.0117311477661133 -0.011077880859375 -0.48992919921875
0.00659561157226563 0.0349960327148438 0.444915771484375 -0.526885986328125
0.0333213806152344 0.0476417541503906 0.74420166015625 0.0946044921875
0.0503921508789063 0.0563926696777344 0.4561767578125 0.69647216796875
0.02947998046875 0.112342834472656 0.0108642578125 0.56341552734375
-0.0199508666992188 0.119468688964844 0.0387535095214844 -0.0128898620605469
0.0470657348632812 0.0894241333007813 -0.11798095703125 -0.586181640625
0.081939697265625 0.0207748413085937 -0.67962646484375 -0.509033203125
0.0429458618164063 0.0117111206054688 -0.70928955078125 0.2130126953125
-0.00165176391601562 0.0195693969726562 -0.148284912109375 0.54705810546875
-0.0261802673339844 -0.00317192077636719 0.226654052734375 0.39227294921875
-0.0202484130859375 -0.0200710296630859 0.331024169921875 0.05584716796875
-0.000946044921875002 -0.0245494842529297 0.219085693359375 -0.191680908203125
-0.0152053833007813 -0.0353355407714844 -0.175430297851562 0.1617431640625
0.0151939392089844 -0.0188007354736328 -0.165542602539063 -0.15234375
0.00408792495727539 0.00173354148864746 0.062042236328125 -0.511688232421875
0.0137386322021484 0.0224437713623047 0.52728271484375 -0.462677001953125
0.0217552185058594 0.0377616882324219 0.72674560546875 0.23577880859375
0.0261001586914063 0.0429229736328125 0.3363037109375 0.78265380859375
0.00939941406250001 0.09228515625 -0.05206298828125 0.534881591796875
-0.0221328735351562 0.0923843383789062 0.0453033447265625 -0.0646553039550781
0.0354347229003906 0.0610580444335938 -0.1995849609375 -0.59033203125
0.0626716613769531 -0.00259017944335938 -0.74737548828125 -0.39129638671875
0.0346946716308594 -0.00762748718261719 -0.64593505859375 0.3199462890625
0.00533151626586914 0.00365638732910156 -0.05035400390625 0.5445556640625
-0.00951099395751953 -0.00605392456054687 0.290618896484375 0.341156005859375
-0.0124082565307617 -0.0122566223144531 0.34564208984375 0.017852783203125
-0.00243568420410156 -0.0167236328125 0.210968017578125 -0.202682495117188
-0.0144882202148437 -0.0260124206542969 -0.176620483398437 0.15130615234375
0.0265541076660156 -0.0122528076171875 -0.142974853515625 -0.176116943359375
0.0263957977294922 -0.00696563720703125 0.112091064453125 -0.51806640625
0.0185794830322266 0.00857734680175781 0.5751953125 -0.40130615234375
0.00594139099121094 0.0205554962158203 0.70330810546875 0.33746337890625
0.00167274475097656 0.00990676879882813 0.2431640625 0.82965087890625
-0.000473022460937503 0.0492362976074219 -0.0888671875 0.5076904296875
-0.0180549621582031 0.0463104248046875 0.0537338256835938 -0.102470397949219
0.0103797912597656 0.0232524871826172 -0.25244140625 -0.587890625
0.0301761627197266 -0.0239315032958984 -0.78167724609375 -0.3018798828125
0.0202064514160156 -0.0237197875976563 -0.59417724609375 0.38800048828125
0.010009765625 -0.0120649337768555 0.013763427734375 0.5340576171875
0.00859260559082031 -0.0118246078491211 0.3218994140625 0.30072021484375
-0.00280261039733887 -0.00298571586608887 0.348297119140625 -0.006866455078125
-0.00253105163574219 -0.00978565216064453 0.201751708984375 -0.20794677734375
-0.0129585266113281 -0.0191497802734375 -0.179611206054687 0.146728515625
0.0401878356933594 -0.00603103637695312 -0.140182495117187 -0.187210083007812
0.0462646484375 -0.015838623046875 0.124755859375 -0.520263671875
0.0215797424316406 -0.00485610961914063 0.5894775390625 -0.37908935546875
-0.0102424621582031 -0.00322246551513672 0.689697265625 0.37249755859375
-0.01983642578125 -0.0377082824707031 0.20477294921875 0.838134765625
0.00112199783325195 -0.00844287872314453 -0.0987548828125 0.49285888671875
-0.00801944732666016 -0.0116405487060547 0.06011962890625 -0.117919921875
-0.0194568634033203 -0.0188961029052734 -0.26898193359375 -0.5870361328125
-0.0101661682128906 -0.041259765625 -0.78778076171875 -0.262939453125
0.00190544128417969 -0.0348281860351563 -0.5689697265625 0.41943359375
0.0129280090332031 -0.0265769958496094 0.034942626953125 0.53289794921875
0.0256900787353516 -0.0179958343505859 0.32977294921875 0.287200927734375
0.0111083984375 0.00394821166992188 0.34539794921875 -0.01995849609375
-0.00159931182861328 -0.00290632247924805 0.19366455078125 -0.213592529296875
-0.0122213363647461 -0.0144844055175781 -0.185287475585938 0.14593505859375
0.049407958984375 0.000171661376953125 -0.154937744140625 -0.18524169921875
0.0615196228027344 -0.0199737548828125 0.098358154296875 -0.518402099609375
0.0213146209716797 -0.0162754058837891 0.5682373046875 -0.39105224609375
-0.0283241271972656 -0.0265922546386719 0.703857421875 0.344970703125
-0.0398406982421875 -0.0853805541992188 0.24188232421875 0.8216552734375
0.00620269775390625 -0.0728607177734375 -0.078216552734375 0.496551513671875
0.00696563720703126 -0.0728683471679688 0.0680923461914063 -0.110237121582031
-0.0459251403808594 -0.0636329650878906 -0.2459716796875 -0.58734130859375
-0.0492897033691406 -0.0556373596191406 -0.77288818359375 -0.2816162109375
-0.017547607421875 -0.0399131774902344 -0.5823974609375 0.40960693359375
0.0128364562988281 -0.0351905822753906 0.0100097656249999 0.544830322265625
0.0396728515625 -0.0257644653320313 0.30889892578125 0.302459716796875
0.0218143463134766 0.00875282287597656 0.335540771484375 -0.01263427734375
0.000942826271057129 -0.000869512557983398 0.190933227539063 -0.21160888671875
-0.0102033615112305 -0.01385498046875 -0.193145751953125 0.148605346679688
0.053070068359375 0.00504684448242188 -0.185577392578125 -0.17022705078125
0.0684432983398438 -0.0210609436035156 0.034088134765625 -0.509552001953125
0.0174961090087891 -0.0211238861083984 0.50982666015625 -0.440093994140625
-0.0433273315429688 -0.0371627807617188 0.732666015625 0.24932861328125
-0.0647201538085938 -0.119003295898437 0.3355712890625 0.77215576171875
0.00327301025390625 -0.125350952148438 -0.0310058593750001 0.514129638671875
0.02264404296875 -0.126014709472656 0.0717926025390625 -0.0782470703125
-0.0611495971679688 -0.105804443359375 -0.19073486328125 -0.59027099609375
-0.0786361694335938 -0.0726165771484375 -0.734130859375 -0.3551025390625
-0.0371627807617188 -0.0399856567382812 -0.62744140625 0.3551025390625
0.00802993774414063 -0.0371360778808594 -0.05499267578125 0.56378173828125
0.049835205078125 -0.0304336547851562 0.262725830078125 0.343963623046875
0.0316886901855469 0.00957679748535156 0.32012939453125 0.00933837890625
0.0041961669921875 0.000744104385375977 0.19207763671875 -0.205947875976563
-0.0146827697753906 -0.0537986755371094 -0.181396484375 0.19476318359375
-0.0034942626953125 -0.0312747955322266 -0.260452270507812 -0.0467529296875
-0.0355453491210938 0.0227699279785156 -0.173065185546875 -0.407073974609375
-0.0084075927734375 0.056121826171875 0.2344970703125 -0.60107421875
0.0331573486328125 0.0564117431640625 0.70721435546875 -0.18634033203125
0.0674362182617188 0.042572021484375 0.669189453125 0.465576171875
0.06341552734375 0.0835342407226563 0.1761474609375 0.5885009765625
-0.00155639648437499 0.110916137695313 0.0321502685546875 0.0993499755859375
0.0434341430664062 0.0945892333984375 0.053924560546875 -0.54193115234375
0.0789642333984375 0.0439376831054688 -0.45379638671875 -0.73724365234375
0.0341377258300781 0.0393943786621094 -0.78564453125 -0.0747070312500001
-0.0203132629394531 0.0416030883789063 -0.376617431640625 0.498809814453125
-0.0484809875488281 0.00418853759765625 0.050537109375 0.479339599609375
-0.0286808013916016 -0.0228271484375 0.273605346679688 0.129257202148438
0.000442504882812499 -0.0331268310546875 0.22412109375 -0.169998168945313
-0.0156898498535156 -0.0489730834960937 -0.178329467773438 0.185699462890625
-0.00167274475097656 -0.0278778076171875 -0.230026245117188 -0.082916259765625
-0.0290737152099609 0.0190296173095703 -0.09637451171875 -0.4549560546875
-0.00125503540039063 0.0480194091796875 0.3406982421875 -0.58026123046875
0.0378837585449219 0.0527534484863281 0.7403564453125 -0.056396484375
0.0670013427734375 0.0535964965820313 0.5777587890625 0.58660888671875
0.0512008666992188 0.107467651367188 0.09173583984375 0.5841064453125
-0.0141677856445312 0.126258850097656 0.034088134765625 0.0453834533691406
0.0480575561523437 0.102653503417969 -0.0322875976562501 -0.5709228515625
0.0865249633789063 0.038604736328125 -0.58026123046875 -0.63165283203125
0.0427589416503906 0.0296554565429688 -0.76202392578125 0.07470703125
-0.0111236572265625 0.0338802337646484 -0.26324462890625 0.535552978515625
-0.0402488708496094 0.00220870971679688 0.144073486328125 0.442840576171875
-0.0255470275878906 -0.0236549377441406 0.306549072265625 0.094451904296875
-0.000247955322265622 -0.0297584533691406 0.223556518554688 -0.181747436523438
-0.0164337158203125 -0.042877197265625 -0.176055908203125 0.174468994140625
0.00438308715820313 -0.023773193359375 -0.195938110351563 -0.1212158203125
-0.0152788162231445 0.011439323425293 -0.0120849609375 -0.493011474609375
0.00685882568359375 0.0364952087402344 0.444488525390625 -0.530548095703125
0.03387451171875 0.0476722717285156 0.74932861328125 0.09320068359375
0.0505142211914063 0.0559768676757813 0.45843505859375 0.699462890625
0.0291748046875 0.111961364746094 0.01171875 0.56512451171875
-0.0202713012695312 0.121192932128906 0.038818359375 -0.0128860473632812
0.0477142333984375 0.0897293090820313 -0.11944580078125 -0.58929443359375
0.0823898315429687 0.0209503173828125 -0.68096923828125 -0.509033203125
0.0423927307128906 0.0120048522949219 -0.7127685546875 0.2132568359375
-0.00223922729492188 0.0198154449462891 -0.148193359375 0.549530029296875
-0.0260181427001953 -0.0023345947265625 0.22821044921875 0.39263916015625
-0.0207500457763672 -0.0195674896240234 0.33184814453125 0.054962158203125
-0.00221633911132812 -0.0245647430419922 0.219970703125 -0.193832397460937
-0.0162448883056641 -0.0340003967285156 -0.174545288085937 0.162841796875
0.0142040252685547 -0.0186729431152344 -0.165634155273438 -0.152908325195312
0.00508975982666016 0.00179147720336914 0.0595703125 -0.51434326171875
0.0145187377929687 0.0221023559570312 0.5281982421875 -0.465728759765625
0.023040771484375 0.0373306274414063 0.7318115234375 0.235595703125
0.026336669921875 0.0421562194824219 0.337890625 0.78643798828125
0.00847625732421875 0.0928497314453125 -0.051513671875 0.538970947265625
-0.0225372314453125 0.0935821533203125 0.0469093322753906 -0.0649337768554688
0.0350494384765625 0.0619049072265625 -0.20098876953125 -0.5948486328125
0.0628623962402344 -0.00287246704101563 -0.751220703125 -0.39263916015625
0.0347881317138672 -0.00811004638671875 -0.6497802734375 0.3221435546875
0.00512027740478516 0.00423336029052734 -0.05047607421875 0.54632568359375
-0.00958919525146485 -0.00651836395263672 0.2913818359375 0.3414306640625
-0.0125894546508789 -0.0122432708740234 0.34686279296875 0.017730712890625
-0.00365352630615234 -0.0169429779052734 0.211029052734375 -0.20477294921875
-0.01495361328125 -0.0250263214111328 -0.176040649414063 0.15203857421875
0.0260963439941406 -0.0124034881591797 -0.144317626953125 -0.17724609375
0.0268516540527344 -0.0074310302734375 0.110595703125 -0.520263671875
0.0187606811523438 0.00830459594726563 0.57916259765625 -0.40655517578125
0.00682258605957031 0.0216045379638672 0.7056884765625 0.33843994140625
0.00163841247558594 0.00928306579589844 0.24639892578125 0.8338623046875
-0.0016326904296875 0.0496330261230469 -0.088897705078125 0.510772705078125
-0.0184402465820313 0.047821044921875 0.054931640625 -0.102890014648437
0.0110435485839844 0.0233592987060547 -0.25372314453125 -0.59088134765625
0.0294704437255859 -0.024078369140625 -0.78338623046875 -0.30206298828125
0.0207271575927734 -0.0245494842529297 -0.596923828125 0.3905029296875
0.00978183746337891 -0.0121049880981445 0.01422119140625 0.537017822265625
0.00859642028808594 -0.0121383666992188 0.32513427734375 0.3031005859375
-0.000995159149169921 -0.00401902198791504 0.350250244140625 -0.00830078125
-0.00253868103027344 -0.00917911529541016 0.202957153320313 -0.2099609375
-0.0134372711181641 -0.0177669525146484 -0.178497314453125 0.1478271484375
0.0394363403320313 -0.00706100463867188 -0.141372680664063 -0.18756103515625
0.0464744567871094 -0.0162086486816406 0.123626708984375 -0.522064208984375
0.0224456787109375 -0.00498199462890625 0.5892333984375 -0.3814697265625
-0.00974750518798828 -0.00402927398681641 0.69378662109375 0.37384033203125
-0.0200462341308594 -0.0382499694824219 0.2080078125 0.84393310546875
0.000539779663085938 -0.00833606719970703 -0.0982055664062499 0.4970703125
-0.00896644592285156 -0.00985336303710938 0.060882568359375 -0.118049621582031
-0.0204429626464844 -0.0184192657470703 -0.2694091796875 -0.59051513671875
-0.0108642578125 -0.0413818359375 -0.7916259765625 -0.26336669921875
0.00145339965820312 -0.0354652404785156 -0.57177734375 0.422607421875
0.0133018493652344 -0.0260047912597656 0.0359802246093751 0.53466796875
0.0262699127197266 -0.0179042816162109 0.330352783203125 0.287078857421875
0.0113315582275391 0.00397586822509766 0.345458984375 -0.02093505859375
-0.00257563591003418 -0.00256872177124023 0.194564819335938 -0.215286254882812
-0.0126886367797852 -0.0135421752929688 -0.185043334960938 0.146575927734375
0.0489158630371094 -3.0517578125E-05 -0.155929565429688 -0.185943603515625
0.0613822937011719 -0.0206451416015625 0.096832275390625 -0.521484375
0.0222969055175781 -0.0166339874267578 0.56854248046875 -0.394287109375
-0.0275726318359375 -0.0265769958496094 0.707275390625 0.345458984375
-0.0406494140625 -0.0863189697265625 0.2451171875 0.82586669921875
0.00576019287109374 -0.0727767944335938 -0.0774230957031249 0.4989013671875
0.00681304931640625 -0.0722427368164062 0.0688705444335938 -0.110366821289062
-0.0470542907714844 -0.0630760192871094 -0.2476806640625 -0.59130859375
-0.0495109558105469 -0.0561027526855469 -0.7772216796875 -0.28106689453125
-0.0176315307617188 -0.0403213500976563 -0.58465576171875 0.41143798828125
0.0121040344238281 -0.0347423553466797 0.01129150390625 0.54644775390625
0.0407676696777344 -0.0258445739746094 0.310394287109375 0.30230712890625
0.0234565734863281 0.00796890258789063 0.336456298828125 -0.0146484375
0.000312566757202148 0.000634610652923584 0.191848754882813 -0.21356201171875
-0.0101022720336914 -0.0118341445922852 -0.192474365234375 0.1497802734375
0.053497314453125 0.00510025024414062 -0.185958862304688 -0.171173095703125
0.0678520202636719 -0.022216796875 0.032958984375 -0.513885498046875
0.0183506011962891 -0.0216693878173828 0.51226806640625 -0.44244384765625
-0.0434379577636719 -0.03814697265625 0.7373046875 0.2481689453125
-0.0655059814453125 -0.119834899902344 0.33856201171875 0.77691650390625
0.00270843505859375 -0.126167297363281 -0.029815673828125 0.518341064453125
0.0225601196289063 -0.125534057617188 0.0731964111328125 -0.078338623046875
-0.0612869262695313 -0.105110168457031 -0.19073486328125 -0.593505859375
-0.0800323486328125 -0.0725479125976563 -0.73675537109375 -0.357421875
-0.03753662109375 -0.0401611328125 -0.631103515625 0.358642578125
0.00782012939453125 -0.0378150939941406 -0.0552978515625 0.56597900390625
0.049346923828125 -0.0314483642578125 0.26397705078125 0.345367431640625
0.0318717956542969 0.00962448120117188 0.3204345703125 0.00860595703125
0.00387001037597656 0.000423431396484375 0.19232177734375 -0.207168579101563
-0.0159950256347656 -0.0532760620117187 -0.17999267578125 0.196807861328125
-0.00505256652832031 -0.0313205718994141 -0.262069702148438 -0.0450286865234375
-0.0351638793945313 0.0224647521972656 -0.175567626953125 -0.407989501953125
-0.00778961181640624 0.0565299987792969 0.2327880859375 -0.6060791015625
0.0336685180664063 0.0557327270507813 0.71240234375 -0.1895751953125
0.0681076049804688 0.0414619445800781 0.6754150390625 0.46697998046875
0.0650253295898438 0.0841064453125 0.17852783203125 0.59185791015625
-0.00212860107421876 0.112464904785156 0.0324020385742188 0.099212646484375
0.0443191528320313 0.0960922241210938 0.05194091796875 -0.543487548828125
0.079803466796875 0.0437164306640625 -0.4569091796875 -0.740478515625
0.0355606079101563 0.0392494201660156 -0.7913818359375 -0.0741577148437501
-0.0203590393066406 0.0423393249511719 -0.378143310546875 0.50341796875
-0.0484123229980469 0.00460052490234375 0.052337646484375 0.480682373046875
-0.0293388366699219 -0.0228595733642578 0.27545166015625 0.128997802734375
-0.000524520874023437 -0.0326404571533203 0.224578857421875 -0.172607421875
-0.0169792175292969 -0.0485877990722656 -0.17742919921875 0.18701171875
-0.00284957885742188 -0.0279884338378906 -0.230194091796875 -0.0832366943359375
-0.0292072296142578 0.0196475982666016 -0.097747802734375 -0.45599365234375
-0.000926971435546871 0.0487251281738281 0.33929443359375 -0.5853271484375
0.0378379821777344 0.0525627136230469 0.74456787109375 -0.0592041015625
0.0675201416015625 0.052520751953125 0.5849609375 0.5888671875
0.0509185791015625 0.107833862304688 0.0937499999999999 0.5885009765625
-0.0135879516601562 0.128028869628906 0.0348052978515625 0.0454330444335938
0.0483474731445313 0.10357666015625 -0.032470703125 -0.5743408203125
0.0876235961914063 0.0387725830078125 -0.58349609375 -0.6351318359375
0.0427055358886719 0.0296134948730469 -0.7677001953125 0.0770263671875
-0.0112762451171875 0.0344352722167969 -0.263763427734375 0.53863525390625
-0.0396995544433594 0.00206375122070313 0.14654541015625 0.444183349609375
-0.0266323089599609 -0.0241870880126953 0.30853271484375 0.093963623046875
-0.00110626220703125 -0.0294513702392578 0.223785400390625 -0.183975219726563
-0.01776123046875 -0.0421066284179688 -0.174636840820312 0.176498413085938
0.00323677062988281 -0.0248603820800781 -0.196884155273437 -0.120880126953125
-0.0152397155761719 0.0112075805664062 -0.014251708984375 -0.495025634765625
0.00774765014648438 0.0361442565917969 0.44525146484375 -0.53826904296875
0.03466796875 0.0474357604980469 0.75372314453125 0.0914306640625
0.0516319274902344 0.055328369140625 0.4637451171875 0.7034912109375
0.029541015625 0.112907409667969 0.0138549804687501 0.56988525390625
-0.0214614868164063 0.123153686523438 0.0390281677246094 -0.0125732421875
0.0476303100585938 0.09039306640625 -0.12115478515625 -0.5921630859375
0.082244873046875 0.0210952758789063 -0.68841552734375 -0.51171875
0.0425910949707031 0.0122299194335937 -0.71722412109375 0.21685791015625
-0.00226783752441406 0.0208015441894531 -0.147674560546875 0.552093505859375
-0.0270729064941406 -0.00290298461914062 0.230804443359375 0.394805908203125
-0.0207424163818359 -0.0201129913330078 0.33349609375 0.05303955078125
-0.00267219543457031 -0.0244560241699219 0.2203369140625 -0.195816040039063
-0.0170459747314453 -0.0332126617431641 -0.1746826171875 0.16497802734375
0.0135345458984375 -0.0185165405273438 -0.166748046875 -0.154006958007813
0.00455141067504883 0.00194835662841797 0.058837890625 -0.516845703125
0.0144596099853516 0.02276611328125 0.530059814453125 -0.471832275390625
0.0223274230957031 0.0375480651855469 0.7386474609375 0.2344970703125
0.0263824462890625 0.0420150756835938 0.34246826171875 0.79132080078125
0.00872802734374999 0.0941696166992188 -0.04925537109375 0.5428466796875
-0.0232467651367188 0.0950241088867188 0.0469970703125 -0.0650978088378906
0.0349693298339844 0.0626487731933594 -0.20233154296875 -0.5972900390625
0.0628509521484375 -0.00246047973632812 -0.756103515625 -0.39111328125
0.0344429016113281 -0.00753593444824219 -0.65289306640625 0.32672119140625
0.00535106658935547 0.00421524047851562 -0.047821044921875 0.550384521484375
-0.00940799713134766 -0.00713634490966797 0.29412841796875 0.34246826171875
-0.0128669738769531 -0.013524055480957 0.348114013671875 0.016204833984375
-0.00401592254638672 -0.0167579650878906 0.21112060546875 -0.206298828125
-0.0156898498535156 -0.024566650390625 -0.175811767578125 0.153900146484375
0.0261192321777344 -0.0125827789306641 -0.145004272460938 -0.177902221679687
0.0261802673339844 -0.0079193115234375 0.108062744140625 -0.52435302734375
0.0196495056152344 0.00811195373535156 0.58074951171875 -0.41156005859375
0.00682830810546875 0.0198707580566406 0.71142578125 0.33843994140625
0.00141429901123047 0.00967884063720703 0.249755859375 0.83856201171875
-0.00133895874023438 0.0501289367675781 -0.08831787109375 0.515228271484375
-0.0185508728027344 0.0493736267089844 0.0552139282226562 -0.102783203125
0.0103836059570312 0.0247402191162109 -0.255859375 -0.593505859375
0.0299606323242188 -0.0240688323974609 -0.78973388671875 -0.30194091796875
0.0196056365966797 -0.0243568420410156 -0.599853515625 0.39532470703125
0.00969696044921875 -0.0123319625854492 0.0146789550781251 0.53912353515625
0.00888633728027344 -0.0121393203735352 0.3271484375 0.303680419921875
-0.00257730484008789 -0.00462627410888672 0.35089111328125 -0.00946044921875
-0.00279331207275391 -0.00969505310058594 0.202117919921875 -0.211959838867187
-0.0142507553100586 -0.0174541473388672 -0.178665161132813 0.149078369140625
0.0396232604980469 -0.0069122314453125 -0.142074584960938 -0.188674926757813
0.0467681884765625 -0.0157470703125 0.123321533203125 -0.526397705078125
0.0232563018798828 -0.00478172302246094 0.5921630859375 -0.38623046875
-0.00971508026123047 -0.00415897369384766 0.69781494140625 0.37408447265625
-0.0202598571777344 -0.0382347106933594 0.212890625 0.84771728515625
0.00038290023803711 -0.00796651840209961 -0.097564697265625 0.498046875
-0.00820636749267578 -0.00918006896972656 0.0623550415039062 -0.118644714355469
-0.0207328796386719 -0.0180435180664063 -0.27203369140625 -0.5924072265625
-0.0113372802734375 -0.0419654846191406 -0.79827880859375 -0.2635498046875
0.00100326538085937 -0.0354690551757813 -0.57275390625 0.4251708984375
0.0131263732910156 -0.0258121490478516 0.038665771484375 0.53729248046875
0.0263996124267578 -0.0191783905029297 0.3333740234375 0.28863525390625
0.0114574432373047 0.00237655639648438 0.34814453125 -0.021942138671875
-0.00289154052734375 -0.00247597694396973 0.194854736328125 -0.216751098632812
-0.012908935546875 -0.0118141174316406 -0.184768676757813 0.147262573242188
0.0489082336425781 6.866455078125E-05 -0.157928466796875 -0.188079833984375
0.0614013671875 -0.0218467712402344 0.09600830078125 -0.5247802734375
0.0221138000488281 -0.0163326263427734 0.5711669921875 -0.3984375
-0.0279312133789063 -0.0266399383544922 0.71392822265625 0.3463134765625
-0.0418243408203125 -0.0865707397460938 0.24761962890625 0.8309326171875
0.004974365234375 -0.0723037719726562 -0.077606201171875 0.5015869140625
0.00728607177734375 -0.0708847045898438 0.0688858032226563 -0.110893249511719
-0.04705810546875 -0.0622673034667969 -0.24920654296875 -0.5938720703125
-0.0504722595214844 -0.056549072265625 -0.78240966796875 -0.28302001953125
-0.0191154479980469 -0.0402145385742188 -0.587646484375 0.41705322265625
0.0123481750488281 -0.0353507995605469 0.012054443359375 0.5496826171875
0.0414237976074219 -0.0262222290039063 0.311004638671875 0.303985595703125
0.0234279632568359 0.00730133056640625 0.337158203125 -0.015625
0.000190883874893188 0.000541239976882935 0.1915283203125 -0.21502685546875
-0.0106391906738281 -0.0112628936767578 -0.192886352539063 0.1514892578125
0.0538139343261719 0.0047454833984375 -0.18756103515625 -0.172409057617187
0.0687675476074219 -0.0221023559570313 0.03106689453125 -0.515625
0.0187664031982422 -0.021209716796875 0.51226806640625 -0.447509765625
-0.043701171875 -0.0385475158691406 0.7432861328125 0.247314453125
-0.0668869018554688 -0.120536804199219 0.34344482421875 0.78094482421875
0.00254058837890625 -0.127029418945312 -0.027740478515625 0.520416259765625
0.0225372314453125 -0.125755310058594 0.0739822387695313 -0.07830810546875
-0.06243896484375 -0.104232788085937 -0.19244384765625 -0.596435546875
-0.0803680419921875 -0.0730819702148438 -0.74267578125 -0.3546142578125
-0.0379714965820312 -0.0403213500976563 -0.633544921875 0.36358642578125
0.00777053833007812 -0.037811279296875 -0.0552978515625 0.5699462890625
0.0507087707519531 -0.0320854187011719 0.26556396484375 0.3458251953125
0.0319633483886719 0.00906181335449219 0.322540283203125 0.00726318359375
0.00410628318786621 0.00078129768371582 0.193572998046875 -0.210037231445313
-0.0171318054199219 -0.0524215698242188 -0.179031372070313 0.19921875
-0.00522994995117187 -0.0314311981201172 -0.263046264648438 -0.0450592041015625
-0.034820556640625 0.0232868194580078 -0.179107666015625 -0.41082763671875
-0.0077056884765625 0.0572433471679688 0.2305908203125 -0.612060546875
0.0346488952636719 0.055633544921875 0.7166748046875 -0.1949462890625
0.0688552856445313 0.0408744812011719 0.683349609375 0.468017578125
0.06427001953125 0.0839614868164063 0.18316650390625 0.59637451171875
-0.00138092041015626 0.114410400390625 0.0333480834960938 0.100547790527344
0.0433120727539063 0.096832275390625 0.050689697265625 -0.5489501953125
0.0797653198242188 0.0438003540039063 -0.462646484375 -0.7467041015625
0.036376953125 0.0389556884765625 -0.79827880859375 -0.0711669921874999
-0.0200080871582031 0.0420646667480469 -0.37939453125 0.509246826171875
-0.0495986938476562 0.00579071044921875 0.054840087890625 0.48468017578125
-0.0291557312011719 -0.0234222412109375 0.27685546875 0.129287719726562
-0.000988006591796877 -0.0324153900146484 0.225204467773437 -0.17462158203125
-0.0179443359375 -0.0484085083007813 -0.176513671875 0.1903076171875
-0.00393867492675781 -0.0287799835205078 -0.232681274414063 -0.0833892822265625
-0.0289802551269531 0.0203285217285156 -0.100616455078125 -0.460113525390625
9.15527343750007E-05 0.0493507385253906 0.34039306640625 -0.5933837890625
0.0390205383300781 0.0528678894042969 0.7508544921875 -0.0648193359375
0.068695068359375 0.0511398315429688 0.589599609375 0.59173583984375
0.0522689819335938 0.108367919921875 0.0966796874999999 0.5914306640625
-0.0125579833984375 0.12982177734375 0.0352897644042969 0.0456161499023438
0.0489425659179688 0.103309631347656 -0.03350830078125 -0.57794189453125
0.0884017944335938 0.0381240844726562 -0.59124755859375 -0.63818359375
0.0431747436523438 0.0294418334960938 -0.773681640625 0.0800170898437499
-0.0110645294189453 0.03466796875 -0.26434326171875 0.543304443359375
-0.04052734375 0.00177001953125 0.14715576171875 0.4476318359375
-0.0271110534667969 -0.0241641998291016 0.309967041015625 0.092315673828125
-0.00242233276367188 -0.0300750732421875 0.22381591796875 -0.185867309570313
-0.019195556640625 -0.041473388671875 -0.174758911132813 0.17864990234375
0.00226593017578125 -0.0238876342773438 -0.197967529296875 -0.121902465820313
-0.0152168273925781 0.0124063491821289 -0.0171203613281251 -0.499237060546875
0.008087158203125 0.037353515625 0.44482421875 -0.5435791015625
0.0352859497070313 0.0478286743164063 0.76153564453125 0.087890625
0.0523300170898438 0.0545501708984375 0.47113037109375 0.70697021484375
0.0302734375 0.113441467285156 0.0155029296875 0.57464599609375
-0.0212173461914063 0.124618530273438 0.0399589538574219 -0.0126800537109375
0.0484848022460938 0.0915985107421875 -0.123046875 -0.59539794921875
0.0835037231445312 0.0203857421875 -0.6943359375 -0.5128173828125
0.0431938171386719 0.0118637084960937 -0.7215576171875 0.22021484375
-0.00134468078613281 0.0203819274902344 -0.147369384765625 0.55780029296875
-0.027313232421875 -0.00310134887695312 0.2330322265625 0.396331787109375
-0.0215549468994141 -0.0209503173828125 0.334930419921875 0.053070068359375
-0.00342369079589844 -0.024383544921875 0.2208251953125 -0.19818115234375
-0.0182418823242188 -0.0330429077148437 -0.173919677734375 0.166900634765625
0.0136146545410156 -0.0198554992675781 -0.167678833007812 -0.1544189453125
0.00455904006958008 0.00234127044677734 0.057098388671875 -0.521240234375
0.0146560668945313 0.0236186981201172 0.529510498046875 -0.478271484375
0.0228958129882813 0.0374069213867188 0.74371337890625 0.23297119140625
0.0274009704589844 0.0410499572753906 0.348876953125 0.79595947265625
0.00917816162109376 0.0947341918945313 -0.049896240234375 0.54693603515625
-0.022247314453125 0.0972976684570313 0.0476837158203125 -0.065643310546875
0.034881591796875 0.0629844665527344 -0.20416259765625 -0.60198974609375
0.06298828125 -0.00368499755859375 -0.76275634765625 -0.39215087890625
0.0343818664550781 -0.00821304321289063 -0.65765380859375 0.3309326171875
0.00501489639282227 0.00476169586181641 -0.04644775390625 0.553863525390625
-0.00893878936767578 -0.00734233856201172 0.29791259765625 0.34375
-0.0128421783447266 -0.0136432647705078 0.349822998046875 0.014495849609375
-0.00515556335449219 -0.0164051055908203 0.21136474609375 -0.20867919921875
-0.0163345336914063 -0.0239391326904297 -0.174819946289062 0.15521240234375
0.0255775451660156 -0.0141677856445312 -0.146774291992188 -0.17938232421875
0.0268707275390625 -0.00814628601074219 0.10650634765625 -0.528228759765625
0.0198535919189453 0.00831031799316406 0.58123779296875 -0.41766357421875
0.00648307800292969 0.0204238891601563 0.71875 0.33770751953125
0.00153350830078125 0.00881290435791015 0.25518798828125 0.844482421875
-0.00171279907226563 0.0507888793945313 -0.08782958984375 0.518829345703125
-0.0176811218261719 0.0499229431152344 0.05633544921875 -0.103630065917969
0.0109424591064453 0.0249652862548828 -0.258544921875 -0.59735107421875
0.0285358428955078 -0.0258159637451172 -0.79754638671875 -0.30120849609375
0.0192508697509766 -0.0243301391601562 -0.60205078125 0.40020751953125
0.00960636138916016 -0.0120782852172852 0.01806640625 0.542999267578125
0.00844383239746094 -0.0130109786987305 0.329925537109375 0.304473876953125
-0.00256586074829102 -0.00513029098510742 0.35333251953125 -0.011199951171875
-0.00433540344238281 -0.00969886779785156 0.202224731445312 -0.2144775390625
-0.0155668258666992 -0.0161590576171875 -0.178604125976562 0.151153564453125
0.0394515991210938 -0.00653457641601563 -0.144561767578125 -0.189743041992188
0.0470237731933594 -0.0160293579101563 0.1212158203125 -0.5303955078125
0.0237960815429688 -0.00508499145507813 0.59521484375 -0.39141845703125
-0.00997734069824219 -0.00464820861816406 0.7047119140625 0.37359619140625
-0.0206565856933594 -0.038909912109375 0.21624755859375 0.85498046875
-0.000223159790039062 -0.00729799270629883 -0.096221923828125 0.5030517578125
-0.00754451751708984 -0.00905036926269531 0.0628738403320313 -0.119163513183594
-0.0208797454833984 -0.0168647766113281 -0.2752685546875 -0.5968017578125
-0.0124664306640625 -0.0414772033691406 -0.8028564453125 -0.26190185546875
0.000759124755859378 -0.0363311767578125 -0.57635498046875 0.43115234375
0.0135841369628906 -0.026397705078125 0.0401611328125 0.541961669921875
0.0266819000244141 -0.0198688507080078 0.3370361328125 0.2884521484375
0.0105819702148438 0.00223064422607422 0.349395751953125 -0.02423095703125
-0.00402379035949707 -0.00157737731933594 0.195053100585938 -0.219573974609375
-0.0134944915771484 -0.0109214782714844 -0.1846923828125 0.1490478515625
0.0486984252929688 0.000385284423828125 -0.159225463867187 -0.188644409179688
0.0624847412109375 -0.0221633911132813 0.09222412109375 -0.52850341796875
0.0224647521972656 -0.0162258148193359 0.57232666015625 -0.40478515625
-0.0280876159667969 -0.0268898010253906 0.7197265625 0.345947265625
-0.0433578491210937 -0.0881423950195313 0.25164794921875 0.83624267578125
0.0053558349609375 -0.0728683471679688 -0.0744628906250001 0.506439208984375
0.0077972412109375 -0.0714645385742188 0.0711135864257812 -0.112541198730469
-0.0483512878417969 -0.0619964599609375 -0.253173828125 -0.5965576171875
-0.0519218444824219 -0.0568962097167969 -0.78826904296875 -0.2823486328125
-0.0195846557617187 -0.0399551391601563 -0.590576171875 0.4205322265625
0.0121040344238281 -0.0355682373046875 0.0152587890625 0.553863525390625
0.040557861328125 -0.0268669128417969 0.3160400390625 0.3040771484375
0.0228252410888672 0.00671768188476563 0.33941650390625 -0.01751708984375
-0.000120639801025391 0.00125336647033691 0.191940307617187 -0.217254638671875
-0.0113334655761719 -0.0108146667480469 -0.192642211914063 0.152862548828125
0.0539627075195313 0.00511550903320313 -0.189727783203125 -0.17279052734375
0.0689353942871094 -0.0233306884765625 0.02880859375 -0.520233154296875
0.0188064575195313 -0.0219211578369141 0.514007568359375 -0.451873779296875
-0.0443344116210938 -0.0390853881835937 0.74920654296875 0.2467041015625
-0.0681228637695312 -0.121376037597656 0.3475341796875 0.7850341796875
0.00208282470703124 -0.126556396484375 -0.0263366699218749 0.52545166015625
0.0232009887695312 -0.12530517578125 0.07513427734375 -0.0798110961914063
-0.0632553100585938 -0.104209899902344 -0.19488525390625 -0.59967041015625
-0.0821151733398438 -0.0731582641601562 -0.7491455078125 -0.35791015625
-0.038909912109375 -0.0404243469238281 -0.63836669921875 0.3673095703125
0.00793838500976563 -0.0382499694824219 -0.05157470703125 0.5740966796875
0.0504646301269531 -0.0330123901367188 0.269378662109375 0.345977783203125
0.0317096710205078 0.00799751281738281 0.32373046875 0.00653076171875
0.00317263603210449 0.0018155574798584 0.193618774414063 -0.21209716796875
-0.0183639526367187 -0.051544189453125 -0.178787231445312 0.2021484375
-0.00648689270019531 -0.032379150390625 -0.264801025390625 -0.0439910888671875
-0.0347003936767578 0.0239410400390625 -0.18243408203125 -0.411956787109375
-0.00676727294921875 0.0588455200195313 0.22930908203125 -0.618896484375
0.0359992980957031 0.0549964904785156 0.72125244140625 -0.2012939453125
0.0694236755371094 0.0383186340332031 0.691650390625 0.4678955078125
0.0652008056640625 0.0844802856445313 0.1871337890625 0.59912109375
-0.00162506103515626 0.1163330078125 0.034332275390625 0.101089477539063
0.0445632934570313 0.0976943969726562 0.0503234863281249 -0.553131103515625
0.08135986328125 0.0427627563476563 -0.4708251953125 -0.748779296875
0.0364189147949219 0.0392570495605469 -0.8055419921875 -0.0679931640625
-0.0204353332519531 0.0435714721679687 -0.379913330078125 0.513214111328125
-0.0497817993164063 0.00628280639648436 0.058258056640625 0.4871826171875
-0.0298805236816406 -0.0233974456787109 0.278717041015625 0.12786865234375
-0.00140190124511718 -0.032379150390625 0.225128173828125 -0.1773681640625
-0.01947021484375 -0.0476760864257813 -0.175430297851563 0.19268798828125
-0.00484466552734375 -0.0291862487792969 -0.234237670898438 -0.0822601318359375
-0.0290431976318359 0.0207653045654297 -0.1060791015625 -0.46234130859375
-4.57763671874991E-05 0.0501060485839844 0.33758544921875 -0.6009521484375
0.039764404296875 0.0522499084472656 0.75677490234375 -0.06951904296875
0.0694351196289063 0.0503883361816406 0.59857177734375 0.59320068359375
0.0528030395507812 0.108489990234375 0.10015869140625 0.595703125
-0.0132827758789062 0.132057189941406 0.0358238220214844 0.0467147827148438
0.0497283935546875 0.104042053222656 -0.0361328125 -0.58209228515625
0.089569091796875 0.0382156372070313 -0.5972900390625 -0.640380859375
0.04376220703125 0.02972412109375 -0.78009033203125 0.0855102539062499
-0.0106544494628906 0.0350399017333984 -0.2633056640625 0.5498046875
-0.0407905578613281 0.00180816650390625 0.152099609375 0.449432373046875
-0.0273323059082031 -0.0241661071777344 0.312530517578125 0.0914306640625
-0.00299072265625 -0.02960205078125 0.2244873046875 -0.189376831054688
-0.0198707580566406 -0.0413856506347656 -0.173126220703125 0.180923461914063
0.00163841247558594 -0.0252513885498047 -0.19976806640625 -0.121444702148438
-0.0153474807739258 0.0125312805175781 -0.0210266113281251 -0.50274658203125
0.00924301147460937 0.0377960205078125 0.444000244140625 -0.55059814453125
0.036712646484375 0.0482826232910156 0.7659912109375 0.08465576171875
0.0537147521972656 0.0543022155761719 0.478271484375 0.7119140625
0.0303268432617187 0.113815307617188 0.0189208984375 0.57867431640625
-0.0207138061523437 0.126724243164063 0.0411033630371094 -0.0121307373046875
0.0489044189453125 0.091644287109375 -0.12664794921875 -0.599365234375
0.0835952758789063 0.0195388793945313 -0.701171875 -0.51318359375
0.043701171875 0.0118637084960938 -0.72705078125 0.22711181640625
-0.00210952758789063 0.02117919921875 -0.14453125 0.5626220703125
-0.0263462066650391 -0.0032501220703125 0.2374267578125 0.39691162109375
-0.0216083526611328 -0.0209999084472656 0.33770751953125 0.050537109375
-0.00410270690917969 -0.0237998962402344 0.219802856445313 -0.199600219726563
-0.0186367034912109 -0.0323295593261719 -0.172653198242187 0.169418334960938
0.0129985809326172 -0.0193614959716797 -0.1697998046875 -0.1551513671875
0.00459671020507812 0.00232458114624023 0.052825927734375 -0.524810791015625
0.0162734985351562 0.0233039855957031 0.52789306640625 -0.48583984375
0.0242576599121094 0.0370750427246094 0.749755859375 0.2293701171875
0.0278778076171875 0.0413894653320313 0.35693359375 0.80023193359375
0.00930023193359374 0.0950164794921875 -0.04595947265625 0.55059814453125
-0.0223388671875 0.0991744995117188 0.0481834411621094 -0.0667228698730469
0.0353355407714844 0.0640525817871094 -0.20928955078125 -0.6044921875
0.062744140625 -0.00396728515625 -0.77008056640625 -0.39117431640625
0.0349578857421875 -0.0086669921875 -0.6607666015625 0.33685302734375
0.00554180145263672 0.00442171096801758 -0.043182373046875 0.557586669921875
-0.00958061218261719 -0.00766277313232422 0.3013916015625 0.34393310546875
-0.0138826370239258 -0.0140151977539063 0.3516845703125 0.01226806640625
-0.00568294525146484 -0.016627311706543 0.211318969726563 -0.211639404296875
-0.0173091888427734 -0.023040771484375 -0.172897338867187 0.158447265625
0.0262413024902344 -0.0136604309082031 -0.148468017578125 -0.179656982421875
0.0270137786865234 -0.00907135009765625 0.10296630859375 -0.534332275390625
0.0204753875732422 0.0077362060546875 0.580810546875 -0.42236328125
0.00678253173828125 0.0200481414794922 0.7249755859375 0.3353271484375
0.00145626068115234 0.00765848159790039 0.262451171875 0.849365234375
-0.00135040283203125 0.051177978515625 -0.083892822265625 0.52386474609375
-0.0176277160644531 0.0516319274902344 0.0559616088867188 -0.104583740234375
0.0110359191894531 0.025726318359375 -0.26348876953125 -0.6004638671875
0.0289382934570313 -0.0254173278808594 -0.80511474609375 -0.2991943359375
0.0199680328369141 -0.0247230529785156 -0.60711669921875 0.405517578125
0.00995063781738281 -0.012120246887207 0.0227661132812501 0.5472412109375
0.00895500183105469 -0.0143957138061523 0.333831787109375 0.30340576171875
-0.00230932235717773 -0.00554466247558594 0.3546142578125 -0.014678955078125
-0.0044560432434082 -0.00830554962158203 0.20245361328125 -0.215911865234375
-0.0160360336303711 -0.0147609710693359 -0.177398681640625 0.15277099609375
0.0395965576171875 -0.00719070434570312 -0.146148681640625 -0.190811157226562
0.0470390319824219 -0.01727294921875 0.116973876953125 -0.53460693359375
0.0237483978271484 -0.005126953125 0.59478759765625 -0.39697265625
-0.00970077514648438 -0.00497627258300781 0.71038818359375 0.37335205078125
-0.0216064453125 -0.0392341613769531 0.22198486328125 0.859619140625
0.000241279602050781 -0.00662755966186523 -0.0933837890625001 0.506011962890625
-0.00786876678466797 -0.00767278671264649 0.0633697509765625 -0.120780944824219
-0.0210800170898438 -0.0164127349853516 -0.279296875 -0.5982666015625
-0.0125007629394531 -0.0413627624511719 -0.81207275390625 -0.260009765625
0.000568389892578124 -0.0354194641113281 -0.57867431640625 0.4368896484375
0.0136013031005859 -0.0270919799804688 0.044097900390625 0.544586181640625
0.0266647338867188 -0.0204429626464844 0.340118408203125 0.287445068359375
0.0107593536376953 0.00147533416748047 0.350799560546875 -0.026763916015625
-0.003814697265625 -0.00205636024475098 0.194320678710938 -0.221878051757813
-0.0143260955810547 -0.00973701477050781 -0.183425903320312 0.151321411132813
0.0488204956054688 -0.000766754150390625 -0.161300659179688 -0.189178466796875
0.0627021789550781 -0.0226974487304688 0.089630126953125 -0.532470703125
0.0229721069335938 -0.0162010192871094 0.57305908203125 -0.4102783203125
-0.0287799835205078 -0.0277595520019531 0.726806640625 0.343017578125
-0.0438613891601562 -0.0879669189453125 0.25897216796875 0.8426513671875
0.00441741943359375 -0.0730361938476562 -0.0728759765625 0.509918212890625
0.00693130493164063 -0.0701560974121094 0.07147216796875 -0.113029479980469
-0.0491371154785156 -0.0609169006347656 -0.258056640625 -0.59967041015625
-0.0529899597167969 -0.0564460754394531 -0.79571533203125 -0.279541015625
-0.0197906494140625 -0.0399284362792969 -0.5924072265625 0.42626953125
0.0127639770507813 -0.0362548828125 0.019317626953125 0.556396484375
0.0415000915527344 -0.0283355712890625 0.32025146484375 0.30328369140625
0.0231647491455078 0.00593185424804687 0.341217041015625 -0.019927978515625
-0.000985026359558105 0.00219404697418213 0.191986083984375 -0.219680786132813
-0.0115756988525391 -0.00902938842773438 -0.191909790039063 0.154617309570312
0.0545196533203125 0.00475311279296875 -0.192108154296875 -0.17352294921875
0.0696449279785156 -0.0243415832519531 0.025115966796875 -0.521514892578125
0.0190029144287109 -0.0220966339111328 0.51446533203125 -0.457305908203125
-0.044036865234375 -0.0395774841308594 0.7537841796875 0.24383544921875
-0.0698776245117187 -0.121734619140625 0.35638427734375 0.7899169921875
0.00118255615234376 -0.126953125 -0.02276611328125 0.52960205078125
0.0229949951171875 -0.125381469726563 0.0748443603515625 -0.0807418823242188
-0.0644607543945312 -0.103874206542969 -0.19927978515625 -0.6043701171875
-0.0832366943359375 -0.073089599609375 -0.7567138671875 -0.3565673828125
-0.03955078125 -0.0399017333984375 -0.6412353515625 0.373291015625
0.00797271728515625 -0.0382728576660156 -0.05126953125 0.57855224609375
0.0498466491699219 -0.0338211059570313 0.273040771484375 0.346710205078125
0.0313987731933594 0.00802993774414063 0.325775146484375 0.0032958984375
0.00308108329772949 0.00224614143371582 0.193283081054688 -0.214584350585937
-0.0191917419433594 -0.0513381958007813 -0.176620483398438 0.204055786132813
-0.00728797912597656 -0.0324478149414062 -0.266281127929688 -0.0424041748046875
-0.0355110168457031 0.0247802734375 -0.189971923828125 -0.411651611328125
-0.00603485107421874 0.0595626831054688 0.2249755859375 -0.6265869140625
0.0365524291992188 0.0544776916503906 0.7261962890625 -0.20953369140625
0.0705413818359375 0.0383224487304688 0.70172119140625 0.4681396484375
0.0666885375976563 0.0843505859375 0.19317626953125 0.601806640625
-0.000396728515624997 0.117691040039063 0.0349273681640625 0.10223388671875
0.0450592041015625 0.098114013671875 0.046722412109375 -0.55755615234375
0.0817337036132813 0.0426864624023438 -0.47882080078125 -0.75067138671875
0.0374946594238281 0.0396385192871094 -0.810546875 -0.0637207031249999
-0.0191917419433594 0.0439529418945313 -0.378997802734375 0.51983642578125
-0.0499725341796875 0.00626754760742187 0.060821533203125 0.490447998046875
-0.0305862426757813 -0.0233955383300781 0.2813720703125 0.126251220703125
-0.00345230102539063 -0.0322437286376953 0.224868774414063 -0.180923461914063
-0.0208511352539063 -0.0462455749511719 -0.174453735351562 0.195266723632813
-0.00556182861328125 -0.0295505523681641 -0.235305786132813 -0.0804595947265625
-0.0294170379638672 0.0210037231445312 -0.110626220703125 -0.465728759765625
0.0013885498046875 0.0513496398925781 0.33319091796875 -0.60821533203125
0.0407257080078125 0.0517463684082031 0.76324462890625 -0.07586669921875
0.0700531005859375 0.0490951538085938 0.6103515625 0.59381103515625
0.0534133911132813 0.109367370605469 0.10638427734375 0.599365234375
-0.0126876831054688 0.133865356445313 0.0367202758789063 0.045684814453125
0.051025390625 0.105010986328125 -0.0399169921875 -0.58563232421875
0.0901031494140625 0.0371932983398438 -0.6085205078125 -0.63916015625
0.0445976257324219 0.0292625427246094 -0.7861328125 0.09130859375
-0.0109024047851563 0.0353736877441406 -0.26123046875 0.55523681640625
-0.0405044555664063 0.00197982788085938 0.156158447265625 0.4501953125
-0.0275497436523438 -0.0250053405761719 0.31451416015625 0.089111328125
-0.00386619567871093 -0.0297718048095703 0.224716186523438 -0.19219970703125
-0.0204277038574219 -0.0408859252929688 -0.172073364257812 0.184783935546875
0.000494003295898438 -0.0255775451660156 -0.201873779296875 -0.120803833007812
-0.0149507522583008 0.0133047103881836 -0.026947021484375 -0.50555419921875
0.00909423828125 0.0377273559570313 0.441497802734375 -0.558624267578125
0.0366287231445312 0.0469627380371094 0.77374267578125 0.078857421875
0.0538177490234375 0.0535469055175781 0.488037109375 0.7132568359375
0.0310440063476563 0.1148681640625 0.0245361328125 0.58233642578125
-0.0206756591796875 0.128173828125 0.0410995483398438 -0.01312255859375
0.0497055053710937 0.0927352905273438 -0.1312255859375 -0.6021728515625
0.0844650268554688 0.018524169921875 -0.7100830078125 -0.51220703125
0.0442161560058594 0.0121078491210937 -0.73297119140625 0.234375
-0.00163650512695312 0.0217552185058594 -0.1416015625 0.5675048828125
-0.0261859893798828 -0.0025177001953125 0.24188232421875 0.397705078125
-0.0224723815917969 -0.0213050842285156 0.33990478515625 0.047760009765625
-0.00514411926269531 -0.0239658355712891 0.220108032226563 -0.204116821289063
-0.0198154449462891 -0.0316429138183594 -0.171600341796875 0.17181396484375
0.0122432708740234 -0.0200786590576172 -0.171279907226563 -0.155563354492187
0.00483798980712891 0.00280189514160156 0.04840087890625 -0.52880859375
0.0165729522705078 0.0237636566162109 0.5286865234375 -0.49359130859375
0.0245437622070313 0.0368690490722656 0.75958251953125 0.226318359375
0.0284042358398438 0.0404472351074219 0.36724853515625 0.80316162109375
0.00955963134765625 0.0962142944335938 -0.043304443359375 0.555328369140625
-0.0223541259765625 0.100944519042969 0.0490951538085938 -0.0665473937988281
0.0360221862792969 0.0645065307617188 -0.21368408203125 -0.60833740234375
0.0633888244628906 -0.00428009033203125 -0.77984619140625 -0.39013671875
0.0348243713378906 -0.00867652893066406 -0.6640625 0.34393310546875
0.00594091415405273 0.0052495002746582 -0.040435791015625 0.56097412109375
-0.00887775421142578 -0.00804519653320313 0.30621337890625 0.343719482421875
-0.0132322311401367 -0.0148067474365234 0.353515625 0.009002685546875
-0.00611305236816406 -0.0159387588500977 0.210662841796875 -0.213653564453125
-0.0177936553955078 -0.0218524932861328 -0.172821044921875 0.160293579101563
0.0245437622070313 -0.0141181945800781 -0.149765014648437 -0.180526733398438
0.0270233154296875 -0.00855064392089844 0.099029541015625 -0.536468505859375
0.0215187072753906 0.0076446533203125 0.58160400390625 -0.43060302734375
0.00735092163085938 0.0197677612304688 0.7322998046875 0.33251953125
0.00164937973022461 0.00791835784912109 0.27056884765625 0.85491943359375
-0.00148391723632812 0.0517158508300781 -0.08087158203125 0.528228759765625
-0.017120361328125 0.0525054931640625 0.0571670532226563 -0.105743408203125
0.0108470916748047 0.0266342163085938 -0.268310546875 -0.6029052734375
0.0286464691162109 -0.0246829986572266 -0.81231689453125 -0.29473876953125
0.0191402435302734 -0.0242176055908203 -0.60888671875 0.41314697265625
0.0101509094238281 -0.0120716094970703 0.0262451171875 0.551300048828125
0.00960350036621094 -0.0151815414428711 0.3387451171875 0.30255126953125
-0.00320339202880859 -0.00644016265869141 0.356292724609375 -0.01678466796875
-0.00516891479492188 -0.00822210311889648 0.201644897460937 -0.21881103515625
-0.016932487487793 -0.0141077041625977 -0.1766357421875 0.155548095703125
0.0392799377441406 -0.00733184814453125 -0.149337768554687 -0.192001342773438
0.0475502014160156 -0.0182151794433594 0.112152099609375 -0.539703369140625
0.0240612030029297 -0.0054779052734375 0.59381103515625 -0.40350341796875
-0.00939750671386719 -0.00522518157958984 0.71942138671875 0.37060546875
-0.0220108032226563 -0.0398216247558594 0.23065185546875 0.86669921875
-0.000779151916503906 -0.00685787200927734 -0.091033935546875 0.511474609375
-0.00781583786010742 -0.00667619705200195 0.0639114379882813 -0.122047424316406
-0.0218105316162109 -0.0158882141113281 -0.2857666015625 -0.60174560546875
-0.0135650634765625 -0.0420265197753906 -0.8179931640625 -0.25543212890625
-0.000534057617187503 -0.0359153747558594 -0.57958984375 0.4447021484375
0.0139083862304688 -0.0271453857421875 0.0484924316406251 0.547943115234375
0.0267333984375 -0.0212326049804688 0.345947265625 0.2864990234375
0.0112066268920898 0.000864982604980469 0.3521728515625 -0.0294189453125
-0.00498008728027344 -0.000751495361328124 0.194366455078125 -0.225418090820312
-0.0149316787719727 -0.00967121124267578 -0.183059692382812 0.154022216796875
0.0496749877929688 -0.000888824462890625 -0.163421630859375 -0.190277099609375
0.0627899169921875 -0.0232734680175781 0.0837402343750001 -0.53680419921875
0.0228290557861328 -0.0170478820800781 0.57281494140625 -0.41668701171875
-0.0288772583007812 -0.0283107757568359 0.7342529296875 0.339111328125
-0.0450210571289062 -0.0890579223632813 0.26702880859375 0.84539794921875
0.00384521484375 -0.0724639892578125 -0.069000244140625 0.514068603515625
0.00697326660156251 -0.0702857971191406 0.0712661743164063 -0.114204406738281
-0.0498580932617187 -0.0600547790527344 -0.26336669921875 -0.60357666015625
-0.0536651611328125 -0.0559730529785156 -0.8018798828125 -0.2763671875
-0.0206413269042969 -0.0402984619140625 -0.59307861328125 0.434326171875
0.0125656127929687 -0.0361785888671875 0.024017333984375 0.560302734375
0.0411796569824219 -0.0289230346679688 0.32452392578125 0.303497314453125
0.0236530303955078 0.00548362731933594 0.342498779296875 -0.0228271484375
-0.000550746917724609 0.00266408920288086 0.191741943359375 -0.223907470703125
-0.0120515823364258 -0.00790691375732422 -0.19085693359375 0.157760620117188
0.054595947265625 0.00428390502929688 -0.195281982421875 -0.173370361328125
0.0694007873535156 -0.0247955322265625 0.01983642578125 -0.526123046875
0.0192623138427734 -0.0220127105712891 0.512664794921875 -0.46563720703125
-0.0449943542480469 -0.03973388671875 0.76153564453125 0.2392578125
-0.0718917846679687 -0.1226806640625 0.3629150390625 0.7928466796875
0.000350952148437507 -0.127357482910156 -0.017059326171875 0.53271484375
0.0231399536132812 -0.125587463378906 0.075439453125 -0.0824356079101563
-0.0652618408203125 -0.103736877441406 -0.2054443359375 -0.60711669921875
-0.0847091674804688 -0.0720596313476563 -0.76324462890625 -0.35284423828125
-0.0399284362792969 -0.04034423828125 -0.6439208984375 0.3804931640625
0.008148193359375 -0.0386199951171875 -0.0465087890625 0.58258056640625
0.0496406555175781 -0.03546142578125 0.276885986328125 0.347259521484375
0.0319671630859375 0.00664520263671875 0.327850341796875 0.002166748046875
0.00325942039489746 0.00289344787597656 0.193145751953125 -0.218368530273438
-0.0207138061523437 -0.0496025085449219 -0.174789428710938 0.20794677734375
-0.00825881958007813 -0.0326747894287109 -0.266998291015625 -0.0405731201171875
-0.0350151062011719 0.0258293151855469 -0.194610595703125 -0.41339111328125
-0.00465011596679688 0.0602340698242187 0.21856689453125 -0.6331787109375
0.03692626953125 0.0544853210449219 0.72833251953125 -0.2188720703125
0.0708770751953125 0.0363922119140625 0.7100830078125 0.46417236328125
0.0672149658203125 0.0848617553710937 0.19970703125 0.60400390625
0.000259399414062488 0.119003295898438 0.0360336303710938 0.102226257324219
0.046630859375 0.098388671875 0.04339599609375 -0.5615234375
0.0830154418945313 0.0430450439453125 -0.48974609375 -0.74957275390625
0.0386962890625 0.0395355224609375 -0.81878662109375 -0.0564575195312501
-0.0190048217773438 0.0447998046875 -0.3775634765625 0.527435302734375
-0.0504570007324219 0.00716400146484374 0.066436767578125 0.494049072265625
-0.0317821502685547 -0.0233058929443359 0.283538818359375 0.124481201171875
-0.00384140014648438 -0.0321788787841797 0.224273681640625 -0.184295654296875
-0.0218391418457031 -0.0458831787109375 -0.172332763671875 0.198410034179688
-0.00617790222167968 -0.02947998046875 -0.237472534179688 -0.079925537109375
-0.0290050506591797 0.0221099853515625 -0.114837646484375 -0.467010498046875
0.00150299072265624 0.0515251159667969 0.3289794921875 -0.61553955078125
0.0414085388183594 0.0519142150878906 0.765625 -0.0848388671875
0.0707855224609375 0.0483779907226563 0.6182861328125 0.59130859375
0.0543975830078125 0.109359741210937 0.11248779296875 0.60284423828125
-0.01190185546875 0.135520935058594 0.0374412536621094 0.0464935302734375
0.051483154296875 0.10552978515625 -0.0439453125 -0.58935546875
0.0905532836914063 0.0361785888671875 -0.61627197265625 -0.6387939453125
0.0454483032226563 0.0297470092773438 -0.7908935546875 0.0984497070312502
-0.0104751586914062 0.0359992980957031 -0.25860595703125 0.561553955078125
-0.0411758422851563 0.00233078002929688 0.15972900390625 0.451904296875
-0.0280838012695313 -0.0252857208251953 0.31683349609375 0.086822509765625
-0.00461769104003906 -0.0289077758789063 0.224029541015625 -0.195541381835938
-0.0219573974609375 -0.0394973754882812 -0.170394897460937 0.18646240234375
5.53131103515637E-05 -0.0253410339355469 -0.2037353515625 -0.119705200195312
-0.0154895782470703 0.0136356353759766 -0.0321044921875 -0.50970458984375
0.0098114013671875 0.0389060974121094 0.437744140625 -0.5684814453125
0.0375137329101563 0.0466156005859375 0.77923583984375 0.07037353515625
0.0549354553222656 0.0518608093261719 0.4998779296875 0.71246337890625
0.0317306518554688 0.115280151367187 0.0288085937499999 0.5872802734375
-0.0187530517578125 0.130218505859375 0.0419387817382813 -0.0130386352539062
0.050689697265625 0.092803955078125 -0.13665771484375 -0.606201171875
0.085784912109375 0.0177230834960938 -0.719970703125 -0.50799560546875
0.0438880920410156 0.0116119384765625 -0.73468017578125 0.240966796875
-0.00231170654296875 0.022003173828125 -0.13818359375 0.57159423828125
-0.0272388458251953 -0.00261497497558594 0.247100830078125 0.39910888671875
-0.0227222442626953 -0.0216960906982422 0.342041015625 0.04498291015625
-0.00638771057128906 -0.0232124328613281 0.21942138671875 -0.206680297851562
-0.0211162567138672 -0.0301094055175781 -0.1702880859375 0.174896240234375
0.011688232421875 -0.021026611328125 -0.17437744140625 -0.154159545898437
0.00474786758422852 0.00249576568603516 0.0426025390625 -0.53387451171875
0.0172233581542969 0.0235881805419922 0.526336669921875 -0.50018310546875
0.0250701904296875 0.0362396240234375 0.765380859375 0.21929931640625
0.0285377502441406 0.0400390625 0.3751220703125 0.806396484375
0.0107345581054687 0.0966720581054688 -0.0370178222656249 0.5595703125
-0.0212326049804687 0.102485656738281 0.0491790771484375 -0.0682487487792969
0.0370063781738281 0.0644073486328125 -0.22052001953125 -0.608642578125
0.0629806518554687 -0.00542449951171875 -0.7889404296875 -0.38385009765625
0.0349445343017578 -0.00929069519042969 -0.66546630859375 0.3529052734375
0.00619268417358398 0.00487232208251953 -0.034423828125 0.56488037109375
-0.00903892517089844 -0.00798511505126953 0.310211181640625 0.34246826171875
-0.0143957138061523 -0.0148487091064453 0.355255126953125 0.00634765625
-0.00628566741943359 -0.0150442123413086 0.210205078125 -0.218475341796875
-0.0182209014892578 -0.0206661224365234 -0.1722412109375 0.16229248046875
0.0249786376953125 -0.0133571624755859 -0.152572631835938 -0.180740356445313
0.0273590087890625 -0.009521484375 0.092864990234375 -0.542327880859375
0.0216045379638672 0.00869560241699219 0.57952880859375 -0.43865966796875
0.008056640625 0.0202503204345703 0.7420654296875 0.3289794921875
0.001312255859375 0.00680398941040039 0.28021240234375 0.8568115234375
-0.001617431640625 0.0525474548339844 -0.07598876953125 0.531890869140625
-0.0167160034179688 0.0540008544921875 0.0574188232421875 -0.107734680175781
0.0111026763916016 0.0266914367675781 -0.275390625 -0.60308837890625
0.0288467407226563 -0.0254859924316406 -0.819580078125 -0.28875732421875
0.0191764831542969 -0.0244941711425781 -0.6090087890625 0.4227294921875
0.00992488861083984 -0.0127048492431641 0.03204345703125 0.554168701171875
0.0088968276977539 -0.0149335861206055 0.3441162109375 0.3017578125
-0.00310945510864258 -0.00719833374023437 0.35858154296875 -0.02069091796875
-0.00616455078125 -0.00838518142700195 0.201263427734375 -0.222732543945312
-0.017024040222168 -0.0122127532958984 -0.174911499023438 0.158309936523437
0.0392799377441406 -0.00827407836914063 -0.151885986328125 -0.19195556640625
0.0476531982421875 -0.0184555053710938 0.10809326171875 -0.543609619140625
0.0242118835449219 -0.00593376159667969 0.59442138671875 -0.41217041015625
-0.0101585388183594 -0.00594520568847656 0.72686767578125 0.364990234375
-0.0225105285644531 -0.0395622253417969 0.24066162109375 0.87042236328125
-0.000689029693603516 -0.00638866424560547 -0.08575439453125 0.515716552734375
-0.00750350952148438 -0.00519943237304688 0.0650100708007813 -0.123153686523438
-0.0214595794677734 -0.0152721405029297 -0.29205322265625 -0.6026611328125
-0.0136642456054688 -0.0420913696289063 -0.8267822265625 -0.24951171875
-0.000469207763671872 -0.0362052917480469 -0.580322265625 0.45318603515625
0.0133094787597656 -0.0267829895019531 0.052978515625 0.550079345703125
0.0266590118408203 -0.0222568511962891 0.350341796875 0.285308837890625
0.010737419128418 0.000401496887207031 0.353607177734375 -0.033966064453125
-0.0049443244934082 -0.000234603881835937 0.1932373046875 -0.22802734375
-0.0150880813598633 -0.00768566131591797 -0.181076049804688 0.156280517578125
0.0492820739746094 -0.001312255859375 -0.167251586914062 -0.19024658203125
0.0630569458007813 -0.0246620178222656 0.079498291015625 -0.54046630859375
0.0229301452636719 -0.0185050964355469 0.5706787109375 -0.42529296875
-0.0282230377197266 -0.0283641815185547 0.74176025390625 0.3355712890625
-0.0463409423828125 -0.088348388671875 0.27679443359375 0.85028076171875
0.00310516357421876 -0.072479248046875 -0.06463623046875 0.518890380859375
0.00638580322265625 -0.0694313049316406 0.0714111328125 -0.115646362304687
-0.0504570007324219 -0.0594024658203125 -0.27099609375 -0.60589599609375
-0.0548629760742188 -0.0555000305175781 -0.81072998046875 -0.26953125
-0.0210151672363281 -0.0398216247558594 -0.59375 0.4429931640625
0.0126419067382813 -0.036529541015625 0.029052734375 0.56494140625
0.0411224365234375 -0.0304756164550781 0.32977294921875 0.301544189453125
0.0227794647216797 0.00426673889160156 0.34356689453125 -0.026153564453125
-0.0013127326965332 0.00307774543762207 0.18963623046875 -0.226943969726563
-0.0119247436523438 -0.00671482086181641 -0.189987182617188 0.15997314453125
0.0546035766601563 0.00303268432617188 -0.198318481445313 -0.173477172851563
0.0697097778320313 -0.026275634765625 0.015106201171875 -0.529754638671875
0.0193538665771484 -0.0225028991699219 0.51031494140625 -0.47198486328125
-0.0456390380859375 -0.0407485961914063 0.76904296875 0.23455810546875
-0.0736465454101563 -0.122505187988281 0.37371826171875 0.79583740234375
-0.00101470947265624 -0.127555847167969 -0.0156860351562499 0.53704833984375
0.0225296020507813 -0.125503540039063 0.0759048461914063 -0.0836029052734375
-0.0665283203125 -0.102790832519531 -0.2105712890625 -0.6082763671875
-0.0865936279296875 -0.0719223022460938 -0.7728271484375 -0.34844970703125
-0.0411567687988281 -0.0396156311035156 -0.6441650390625 0.3887939453125
0.00804519653320312 -0.0389900207519531 -0.0411376953125 0.5867919921875
0.0493850708007813 -0.0367851257324219 0.28192138671875 0.34735107421875
0.0320510864257813 0.00586700439453125 0.329803466796875 -0.00115966796875
0.00239014625549316 0.00374841690063477 0.192291259765625 -0.221420288085938
-0.02215576171875 -0.0496063232421875 -0.172866821289063 0.211044311523438
-0.0093994140625 -0.0326633453369141 -0.268829345703125 -0.0373687744140625
-0.0345249176025391 0.0264873504638672 -0.1998291015625 -0.41326904296875
-0.00402450561523438 0.0608291625976563 0.2115478515625 -0.64105224609375
0.0381355285644531 0.0545310974121094 0.73175048828125 -0.22906494140625
0.0724945068359375 0.034912109375 0.72021484375 0.459716796875
0.0684814453125 0.0844879150390625 0.20635986328125 0.60552978515625
0.000846862792968751 0.120262145996094 0.0378265380859375 0.102760314941406
0.047210693359375 0.09881591796875 0.0379638671875 -0.56488037109375
0.083587646484375 0.0415420532226562 -0.4974365234375 -0.74969482421875
0.038848876953125 0.0390892028808594 -0.825439453125 -0.0487670898437501
-0.0189552307128906 0.0458221435546875 -0.3740234375 0.53216552734375
-0.0509033203125 0.00663757324218751 0.07257080078125 0.495391845703125
-0.0324001312255859 -0.0235919952392578 0.285430908203125 0.1221923828125
-0.00547599792480469 -0.0317878723144531 0.22357177734375 -0.18792724609375
-0.0230941772460937 -0.0451278686523438 -0.169387817382812 0.201751708984375
-0.00775909423828125 -0.0293331146240234 -0.239791870117188 -0.077239990234375
-0.0287113189697266 0.0231132507324219 -0.123077392578125 -0.4688720703125
0.00284957885742187 0.052215576171875 0.3233642578125 -0.623046875
0.0424575805664063 0.0510520935058594 0.76995849609375 -0.09521484375
0.0725555419921875 0.0468597412109375 0.62921142578125 0.5882568359375
0.0557937622070312 0.109153747558594 0.11834716796875 0.60479736328125
-0.0108184814453125 0.137672424316406 0.0384025573730469 0.046539306640625
0.0532760620117187 0.106437683105469 -0.0499267578125 -0.59222412109375
0.0914764404296875 0.0354766845703125 -0.628173828125 -0.6368408203125
0.0461692810058594 0.029571533203125 -0.7952880859375 0.10784912109375
-0.00970458984375 0.0365409851074219 -0.2535400390625 0.56591796875
-0.0418510437011719 0.0028228759765625 0.165771484375 0.454010009765625
-0.0296421051025391 -0.0242061614990234 0.318359375 0.0836181640625
-0.00556182861328125 -0.0287704467773437 0.223388671875 -0.198959350585937
-0.0233497619628906 -0.0384063720703125 -0.167709350585937 0.189285278320313
-0.0009613037109375 -0.0251846313476562 -0.205673217773438 -0.117996215820312
-0.0148687362670898 0.0141105651855469 -0.039459228515625 -0.512725830078125
0.0103263854980469 0.0393600463867188 0.43353271484375 -0.57647705078125
0.0380897521972656 0.0462112426757812 0.7852783203125 0.0609130859375
0.0566482543945313 0.0513038635253906 0.50982666015625 0.71246337890625
0.033477783203125 0.11566162109375 0.0345458984375 0.5899658203125
-0.0183639526367187 0.131706237792969 0.0424385070800781 -0.01275634765625
0.0506668090820312 0.0937576293945313 -0.1434326171875 -0.60699462890625
0.0857162475585938 0.017364501953125 -0.73046875 -0.50421142578125
0.0450592041015625 0.0107765197753906 -0.7379150390625 0.251708984375
-0.000823974609375002 0.0223197937011719 -0.13250732421875 0.57623291015625
-0.0268783569335938 -0.00255203247070313 0.251983642578125 0.3980712890625
-0.0241184234619141 -0.0216178894042969 0.3431396484375 0.0408935546875
-0.006683349609375 -0.0230064392089844 0.218002319335938 -0.2113037109375
-0.0225105285644531 -0.0291557312011719 -0.167266845703125 0.17779541015625
0.0107955932617187 -0.0206069946289063 -0.176651000976563 -0.154403686523438
0.00514078140258789 0.00302600860595703 0.03656005859375 -0.535919189453125
0.0180797576904297 0.0241127014160156 0.522491455078125 -0.510101318359375
0.0258522033691406 0.0360260009765625 0.773193359375 0.21087646484375
0.0291099548339844 0.0395355224609375 0.3861083984375 0.80731201171875
0.0109939575195313 0.09759521484375 -0.03204345703125 0.56390380859375
-0.0204010009765625 0.103874206542969 0.0493507385253906 -0.0686988830566406
0.0374259948730469 0.06585693359375 -0.22625732421875 -0.61090087890625
0.0632820129394531 -0.00617599487304688 -0.796630859375 -0.37652587890625
0.034942626953125 -0.00940322875976563 -0.66595458984375 0.361572265625
0.00577592849731445 0.00456523895263672 -0.02972412109375 0.5687255859375
-0.00953292846679688 -0.0086984634399414 0.315582275390625 0.342437744140625
-0.0151958465576172 -0.0154533386230469 0.3570556640625 0.001800537109375
-0.00749301910400391 -0.0149984359741211 0.208343505859375 -0.221160888671875
-0.0197429656982422 -0.0203456878662109 -0.169769287109375 0.165191650390625
0.0238857269287109 -0.0152263641357422 -0.155868530273437 -0.18121337890625
0.0273418426513672 -0.00948715209960938 0.086334228515625 -0.545867919921875
0.0223579406738281 0.00811004638671875 0.577392578125 -0.448486328125
0.00929832458496094 0.0191287994384766 0.749267578125 0.32171630859375
0.00120782852172852 0.00674200057983398 0.29083251953125 0.85955810546875
-0.001007080078125 0.0535926818847656 -0.070068359375 0.535797119140625
-0.016143798828125 0.0556144714355469 0.0570907592773438 -0.108978271484375
0.0117683410644531 0.0276012420654297 -0.28179931640625 -0.60577392578125
0.0288124084472656 -0.0264568328857422 -0.82769775390625 -0.28302001953125
0.0191802978515625 -0.0255889892578125 -0.60711669921875 0.4315185546875
0.00998687744140625 -0.0127677917480469 0.037811279296875 0.555206298828125
0.00788307189941406 -0.0163230895996094 0.349212646484375 0.299102783203125
-0.00358152389526367 -0.00697946548461914 0.359832763671875 -0.025177001953125
-0.0064854621887207 -0.00616884231567383 0.199691772460938 -0.226959228515625
-0.0172109603881836 -0.0113496780395508 -0.173828125 0.160140991210938
0.038909912109375 -0.00874710083007813 -0.154159545898437 -0.19183349609375
0.0474586486816406 -0.019439697265625 0.10052490234375 -0.546844482421875
0.0253047943115234 -0.00641822814941406 0.5919189453125 -0.42254638671875
-0.00940418243408203 -0.00657939910888672 0.73480224609375 0.357666015625
-0.0243263244628906 -0.0406837463378906 0.25079345703125 0.87200927734375
-0.000657558441162109 -0.00575685501098633 -0.08233642578125 0.52099609375
-0.00768136978149414 -0.0043177604675293 0.0642471313476563 -0.124565124511719
-0.0214290618896484 -0.0137977600097656 -0.29931640625 -0.604248046875
-0.0153541564941406 -0.0415382385253906 -0.83270263671875 -0.2427978515625
-0.000877380371093752 -0.0362472534179688 -0.57867431640625 0.4619140625
0.0132923126220703 -0.0273818969726563 0.059783935546875 0.55291748046875
0.0264530181884766 -0.0235652923583984 0.354278564453125 0.282257080078125
0.0104169845581055 -0.000449180603027344 0.355010986328125 -0.038330078125
-0.004852294921875 0.000561714172363281 0.19171142578125 -0.23211669921875
-0.0152511596679687 -0.00652885437011719 -0.180450439453125 0.158660888671875
0.0492401123046875 -0.00169754028320313 -0.169815063476563 -0.189651489257812
0.0626449584960938 -0.0253334045410156 0.074371337890625 -0.544281005859375
0.0233898162841797 -0.0173606872558594 0.56903076171875 -0.43426513671875
-0.0292835235595703 -0.0287036895751953 0.74969482421875 0.3294677734375
-0.0486679077148438 -0.08831787109375 0.28607177734375 0.8526611328125
0.0019378662109375 -0.0724029541015625 -0.060791015625 0.522216796875
0.00637054443359375 -0.0697975158691406 0.0717620849609375 -0.117942810058594
-0.0509681701660156 -0.0579071044921875 -0.27783203125 -0.6060791015625
-0.0556831359863281 -0.055389404296875 -0.8179931640625 -0.26361083984375
-0.0224075317382812 -0.0396804809570313 -0.5928955078125 0.4522705078125
0.0122718811035156 -0.0367050170898438 0.034912109375 0.5662841796875
0.040679931640625 -0.0321578979492188 0.334197998046875 0.299957275390625
0.0227203369140625 0.00363540649414062 0.34429931640625 -0.03125
-0.000828981399536133 0.00411272048950195 0.189544677734375 -0.230255126953125
-0.0125522613525391 -0.00566005706787109 -0.188232421875 0.16229248046875
0.0546875 0.00291061401367188 -0.200897216796875 -0.172393798828125
0.0702896118164062 -0.027069091796875 0.00778198242187499 -0.531646728515625
0.0195827484130859 -0.0230140686035156 0.50689697265625 -0.480377197265625
-0.0463218688964844 -0.0406265258789063 0.77728271484375 0.22698974609375
-0.0764007568359375 -0.122810363769531 0.3839111328125 0.79705810546875
-0.00229644775390626 -0.127784729003906 -0.00845336914062504 0.5394287109375
0.021697998046875 -0.125633239746094 0.0764617919921875 -0.0851364135742188
-0.0669631958007812 -0.101799011230469 -0.21722412109375 -0.61224365234375
-0.087310791015625 -0.0711441040039062 -0.7794189453125 -0.3427734375
-0.0425987243652344 -0.0391883850097656 -0.6436767578125 0.39715576171875
0.00738906860351562 -0.0396842956542969 -0.0360107421875001 0.59039306640625
0.0494537353515625 -0.0377616882324219 0.287017822265625 0.34552001953125
0.0325279235839844 0.00576972961425781 0.33087158203125 -0.005462646484375
0.00332498550415039 0.00396370887756348 0.190750122070313 -0.224380493164063
-0.0235214233398438 -0.0488700866699219 -0.169204711914063 0.214324951171875
-0.0108070373535156 -0.0333023071289063 -0.270111083984375 -0.0340576171875
-0.0342540740966797 0.0277481079101562 -0.20745849609375 -0.413177490234375
-0.00316238403320313 0.062164306640625 0.20367431640625 -0.64703369140625
0.0382957458496094 0.0539169311523438 0.73150634765625 -0.239990234375
0.0727920532226563 0.0332260131835938 0.730712890625 0.4525146484375
0.0691299438476563 0.0840301513671875 0.21636962890625 0.60498046875
0.0025634765625 0.121841430664063 0.0392837524414063 0.102218627929688
0.0483322143554688 0.0988540649414062 0.0317382812499999 -0.569091796875
0.0848541259765625 0.0406265258789063 -0.51043701171875 -0.74908447265625
0.0398826599121094 0.0393638610839844 -0.83038330078125 -0.0390625000000001
-0.018035888671875 0.0458106994628906 -0.370147705078125 0.539642333984375
-0.0513992309570313 0.00820159912109374 0.07550048828125 0.497100830078125
-0.0331935882568359 -0.022674560546875 0.28887939453125 0.118743896484375
-0.00626754760742188 -0.0315608978271484 0.222702026367187 -0.191940307617187
-0.0245895385742188 -0.0442657470703125 -0.16607666015625 0.20513916015625
-0.00861549377441406 -0.0300502777099609 -0.2408447265625 -0.0749206542968749
-0.0280055999755859 0.0235385894775391 -0.130218505859375 -0.46795654296875
0.00360488891601563 0.0525856018066406 0.3153076171875 -0.63189697265625
0.0432357788085938 0.0509452819824219 0.77392578125 -0.10626220703125
0.0727005004882813 0.0450439453125 0.64019775390625 0.5841064453125
0.0567169189453125 0.108787536621094 0.1275634765625 0.6064453125
-0.00867462158203124 0.138999938964844 0.0394134521484375 0.0464668273925781
0.0543289184570313 0.106132507324219 -0.05718994140625 -0.59423828125
0.092254638671875 0.0341110229492188 -0.63787841796875 -0.63140869140625
0.0471076965332031 0.0284309387207031 -0.79901123046875 0.117431640625
-0.0092010498046875 0.0376739501953125 -0.24774169921875 0.573974609375
-0.0416374206542969 0.00285720825195312 0.173004150390625 0.453399658203125
-0.0303516387939453 -0.0245876312255859 0.320770263671875 0.08013916015625
-0.0065460205078125 -0.0282192230224609 0.221343994140625 -0.203201293945312
-0.0242233276367187 -0.0369834899902344 -0.165603637695313 0.192413330078125
-0.00185775756835937 -0.0254058837890625 -0.20806884765625 -0.117218017578125
-0.0142993927001953 0.0151901245117187 -0.046478271484375 -0.513092041015625
0.0123023986816406 0.0389366149902344 0.42718505859375 -0.58526611328125
0.03863525390625 0.045562744140625 0.78887939453125 0.05242919921875
0.057037353515625 0.0498237609863281 0.5224609375 0.7105712890625
0.0342559814453125 0.115852355957031 0.04388427734375 0.5928955078125
-0.0164871215820312 0.133560180664063 0.0427513122558594 -0.0144615173339844
0.0528945922851563 0.0929794311523438 -0.15179443359375 -0.6082763671875
0.0860366821289063 0.0156478881835938 -0.739013671875 -0.49981689453125
0.0448265075683594 0.0109519958496094 -0.738037109375 0.2603759765625
-0.000450134277343752 0.0229339599609375 -0.12591552734375 0.58026123046875
-0.0273418426513672 -0.00236892700195312 0.25775146484375 0.3974609375
-0.0246524810791016 -0.0222568511962891 0.345062255859375 0.03741455078125
-0.00755500793457031 -0.0226039886474609 0.216049194335938 -0.214981079101562
-0.0223617553710938 -0.0282154083251953 -0.165145874023438 0.18096923828125
0.00987815856933594 -0.0211391448974609 -0.179061889648438 -0.152786254882813
0.00487947463989258 0.00257539749145508 0.03021240234375 -0.5394287109375
0.0190372467041016 0.0243892669677734 0.51788330078125 -0.52032470703125
0.0264205932617188 0.0353813171386719 0.77923583984375 0.20135498046875
0.0295181274414063 0.0384979248046875 0.39910888671875 0.80755615234375
0.0130615234375 0.0973587036132813 -0.0234985351562501 0.568603515625
-0.0195541381835938 0.105690002441406 0.0493927001953125 -0.0690536499023438
0.0380897521972656 0.0658531188964844 -0.2347412109375 -0.6103515625
0.0635986328125 -0.00703811645507812 -0.806396484375 -0.36968994140625
0.0347766876220703 -0.00909423828125 -0.66497802734375 0.37152099609375
0.0064854621887207 0.00483942031860352 -0.0225830078125 0.5726318359375
-0.00963687896728515 -0.00833320617675781 0.32061767578125 0.338165283203125
-0.015955924987793 -0.0153026580810547 0.35809326171875 -0.003143310546875
-0.00810432434082031 -0.0143823623657227 0.206588745117188 -0.225189208984375
-0.0205554962158203 -0.0184154510498047 -0.167449951171875 0.168624877929688
0.0233001708984375 -0.0155696868896484 -0.158493041992187 -0.179977416992188
0.0273933410644531 -0.00975799560546875 0.07867431640625 -0.54986572265625
0.0230426788330078 0.00748443603515625 0.5726318359375 -0.45849609375
0.00908660888671875 0.0189476013183594 0.7564697265625 0.31243896484375
0.000768661499023437 0.00581121444702149 0.30322265625 0.8607177734375
-0.00141525268554687 0.0542793273925781 -0.0640869140625 0.53936767578125
-0.0158920288085937 0.0570068359375 0.0570907592773437 -0.110069274902344
0.0118350982666016 0.0286083221435547 -0.2908935546875 -0.60382080078125
0.0273113250732422 -0.0270671844482422 -0.836181640625 -0.27337646484375
0.0185718536376953 -0.0252056121826172 -0.6070556640625 0.4398193359375
0.0109710693359375 -0.0132904052734375 0.043975830078125 0.557708740234375
0.0076913833618164 -0.0170669555664063 0.3548583984375 0.296417236328125
-0.0035557746887207 -0.00755643844604492 0.3607177734375 -0.029083251953125
-0.00674819946289063 -0.00670576095581055 0.197113037109375 -0.230560302734375
-0.0181884765625 -0.0104293823242188 -0.171920776367188 0.163070678710938
0.0386161804199219 -0.0092315673828125 -0.15826416015625 -0.19097900390625
0.0481109619140625 -0.0200881958007813 0.093780517578125 -0.551300048828125
0.0245647430419922 -0.00731277465820313 0.58709716796875 -0.43023681640625
-0.00971317291259766 -0.00654411315917969 0.74237060546875 0.35150146484375
-0.0248641967773438 -0.040802001953125 0.26263427734375 0.87445068359375
-0.000620365142822266 -0.00550270080566406 -0.07470703125 0.523101806640625
-0.00783205032348633 -0.00318813323974609 0.0641937255859375 -0.125778198242187
-0.0219955444335938 -0.0135784149169922 -0.30810546875 -0.60235595703125
-0.0159225463867188 -0.0420494079589844 -0.83819580078125 -0.2342529296875
-0.00142288208007813 -0.0360908508300781 -0.57611083984375 0.47100830078125
0.0132846832275391 -0.0278549194335937 0.0668334960937501 0.553466796875
0.0259819030761719 -0.0244560241699219 0.360748291015625 0.277801513671875
0.0102405548095703 -0.00084686279296875 0.35546875 -0.042877197265625
-0.00488948822021484 0.00161552429199219 0.189544677734375 -0.235214233398437
-0.0155534744262695 -0.00537204742431641 -0.17840576171875 0.161285400390625
0.0489616394042969 -0.00244140625 -0.1734619140625 -0.189483642578125
0.0631828308105469 -0.0268440246582031 0.066802978515625 -0.54742431640625
0.0231666564941406 -0.0184555053710938 0.56439208984375 -0.44140625
-0.0297336578369141 -0.0289077758789062 0.756591796875 0.320068359375
-0.0500946044921875 -0.08837890625 0.29803466796875 0.85394287109375
0.00106048583984375 -0.0722503662109375 -0.054046630859375 0.526031494140625
0.0066375732421875 -0.0687713623046875 0.0716934204101562 -0.119636535644531
-0.0518646240234375 -0.0578079223632812 -0.2857666015625 -0.60577392578125
-0.0572700500488281 -0.054779052734375 -0.82598876953125 -0.25628662109375
-0.0230369567871094 -0.0396881103515625 -0.590576171875 0.4610595703125
0.012298583984375 -0.0378799438476563 0.04119873046875 0.56951904296875
0.0400543212890625 -0.0334663391113281 0.339263916015625 0.296234130859375
0.0221996307373047 0.00321388244628906 0.34625244140625 -0.035064697265625
-0.0013885498046875 0.00504398345947266 0.187332153320312 -0.233551025390625
-0.0129480361938477 -0.00481796264648438 -0.186935424804688 0.16571044921875
0.0547714233398438 0.00225067138671875 -0.204605102539063 -0.171676635742188
0.0699577331542969 -0.0288124084472656 0.000335693359375036 -0.533721923828125
0.0189590454101562 -0.0234012603759766 0.5029296875 -0.489593505859375
-0.0476531982421875 -0.04071044921875 0.78179931640625 0.2177734375
-0.0775604248046875 -0.122108459472656 0.396728515625 0.79840087890625
-0.00374603271484375 -0.1279296875 -0.00234985351562505 0.542144775390625
0.0206298828125 -0.125396728515625 0.076507568359375 -0.0872268676757813
-0.0691146850585937 -0.100326538085938 -0.2237548828125 -0.61248779296875
-0.0895614624023438 -0.0700302124023437 -0.789306640625 -0.336669921875
-0.0430412292480469 -0.0399398803710938 -0.6427001953125 0.40692138671875
0.00740432739257812 -0.0400886535644531 -0.0289306640624999 0.593505859375
0.0491561889648438 -0.0394020080566406 0.291778564453125 0.34344482421875
0.0324382781982422 0.00438499450683594 0.33245849609375 -0.00982666015625
0.00356626510620117 0.00506305694580078 0.189498901367188 -0.22821044921875
-0.0250511169433594 -0.0480003356933594 -0.166336059570313 0.2171630859375
-0.0121803283691406 -0.0338020324707031 -0.270950317382813 -0.0309143066406251
-0.0343780517578125 0.0284004211425781 -0.214691162109375 -0.411346435546875
-0.00182723999023438 0.0624885559082031 0.1956787109375 -0.65301513671875
0.0392684936523438 0.0532608032226563 0.73052978515625 -0.25396728515625
0.0736770629882812 0.0307846069335937 0.74041748046875 0.44354248046875
0.0706863403320313 0.0833969116210938 0.2244873046875 0.60626220703125
0.00342559814453126 0.122879028320313 0.0405349731445313 0.103134155273438
0.0494766235351562 0.099395751953125 0.02655029296875 -0.57135009765625
0.0851058959960938 0.0396499633789063 -0.52166748046875 -0.74322509765625
0.0406761169433594 0.0385360717773438 -0.83355712890625 -0.0294189453125002
-0.0180130004882812 0.0466461181640625 -0.36492919921875 0.546539306640625
-0.0510444641113281 0.00911712646484375 0.0845947265625 0.498260498046875
-0.0341224670410156 -0.0230674743652344 0.290557861328125 0.114837646484375
-0.00698280334472656 -0.0305500030517578 0.220123291015625 -0.196670532226563
-0.0256538391113281 -0.0436897277832031 -0.163818359375 0.207260131835938
-0.0101222991943359 -0.0300045013427734 -0.241683959960938 -0.0716552734375
-0.0277214050292969 0.0247993469238281 -0.13739013671875 -0.46954345703125
0.00533676147460937 0.0530853271484375 0.306396484375 -0.638671875
0.0437355041503906 0.0490226745605469 0.77471923828125 -0.119873046875
0.0737152099609375 0.04296875 0.651611328125 0.57720947265625
0.0584182739257812 0.108917236328125 0.1361083984375 0.60723876953125
-0.00703430175781251 0.14031982421875 0.0397415161132813 0.04608154296875
0.055938720703125 0.106483459472656 -0.0667724609374999 -0.59613037109375
0.0930633544921875 0.0329132080078125 -0.6494140625 -0.62579345703125
0.0472984313964844 0.0286979675292969 -0.80072021484375 0.12835693359375
-0.0082550048828125 0.0372810363769531 -0.24090576171875 0.5780029296875
-0.0421066284179688 0.00363159179687499 0.178863525390625 0.452301025390625
-0.0315208435058594 -0.0245380401611328 0.321929931640625 0.07550048828125
-0.00713729858398437 -0.0274658203125 0.218963623046875 -0.206314086914063
-0.0251388549804687 -0.0363273620605469 -0.162338256835937 0.195632934570313
-0.00251388549804688 -0.0265235900878906 -0.209625244140625 -0.114364624023437
-0.0143365859985352 0.0154819488525391 -0.054168701171875 -0.514495849609375
0.0121726989746094 0.0396766662597656 0.41845703125 -0.594482421875
0.0396804809570313 0.0448875427246094 0.79510498046875 0.04010009765625
0.0571250915527344 0.0487022399902344 0.5341796875 0.705322265625
0.0359115600585938 0.116043090820313 0.0509033203125 0.5936279296875
-0.0147552490234375 0.13507080078125 0.0427474975585938 -0.0143051147460937
0.0537109375 0.093597412109375 -0.159423828125 -0.60919189453125
0.0865631103515625 0.0145339965820313 -0.748046875 -0.49102783203125
0.04583740234375 0.0106048583984375 -0.73919677734375 0.2711181640625
-0.000205993652343752 0.0219058990478516 -0.11798095703125 0.5843505859375
-0.0278186798095703 -0.00233268737792969 0.2645263671875 0.395416259765625
-0.0246715545654297 -0.0221061706542969 0.346038818359375 0.031585693359375
-0.00897598266601562 -0.0217494964599609 0.21356201171875 -0.218414306640625
-0.0238151550292969 -0.0274105072021484 -0.161468505859375 0.182449340820312
0.00928878784179688 -0.0212860107421875 -0.181488037109375 -0.151077270507813
0.00561714172363281 0.00263786315917969 0.0207519531249999 -0.541778564453125
0.0186176300048828 0.0243053436279297 0.510772705078125 -0.528656005859375
0.02740478515625 0.0351829528808594 0.7841796875 0.1922607421875
0.0297355651855469 0.0379447937011719 0.41180419921875 0.8038330078125
0.013031005859375 0.0976943969726563 -0.0173950195312499 0.5692138671875
-0.0177459716796875 0.107383728027344 0.049072265625 -0.0702095031738281
0.0395469665527344 0.0656166076660156 -0.24249267578125 -0.61065673828125
0.0627975463867187 -0.008392333984375 -0.812255859375 -0.35986328125
0.03515625 -0.0100479125976563 -0.66357421875 0.382568359375
0.00622034072875977 0.00467443466186523 -0.013916015625 0.57373046875
-0.0101747512817383 -0.00930404663085937 0.327056884765625 0.334808349609375
-0.0164346694946289 -0.0120820999145508 0.358734130859375 -0.007232666015625
-0.00856494903564453 -0.0131082534790039 0.203948974609375 -0.228485107421875
-0.0206794738769531 -0.0171566009521484 -0.165069580078125 0.170364379882813
0.0225181579589844 -0.0159740447998047 -0.16021728515625 -0.179641723632813
0.0274009704589844 -0.0108280181884766 0.0714111328125 -0.552337646484375
0.0227394104003906 0.00714874267578125 0.56768798828125 -0.46697998046875
0.0102119445800781 0.0185203552246094 0.763916015625 0.3023681640625
0.000614643096923829 0.00591659545898437 0.3148193359375 0.8583984375
-0.000114440917968747 0.0544395446777344 -0.056640625 0.54180908203125
-0.01422119140625 0.0587081909179688 0.05560302734375 -0.111839294433594
0.0119819641113281 0.0287494659423828 -0.2989501953125 -0.60333251953125
0.0273342132568359 -0.0271472930908203 -0.84271240234375 -0.26300048828125
0.0186481475830078 -0.0266704559326172 -0.60345458984375 0.450439453125
0.0101947784423828 -0.0131206512451172 0.05145263671875 0.559173583984375
0.00792694091796875 -0.0175895690917969 0.358978271484375 0.290283203125
-0.00428962707519531 -0.00769186019897461 0.360748291015625 -0.034759521484375
-0.00733661651611328 -0.00598621368408203 0.194778442382813 -0.233474731445313
-0.0180644989013672 -0.00934219360351562 -0.1688232421875 0.1651611328125
0.03851318359375 -0.01043701171875 -0.161392211914063 -0.190032958984375
0.0478477478027344 -0.0208091735839844 0.086883544921875 -0.554168701171875
0.0250988006591797 -0.00770378112792969 0.58306884765625 -0.44024658203125
-0.00959682464599609 -0.00732898712158203 0.75128173828125 0.342041015625
-0.0253410339355469 -0.040008544921875 0.2742919921875 0.87579345703125
-0.00127696990966797 -0.00511550903320312 -0.067535400390625 0.52569580078125
-0.00689220428466797 -0.00235366821289063 0.0630035400390625 -0.127738952636719
-0.0219135284423828 -0.01214599609375 -0.316650390625 -0.60076904296875
-0.0170707702636719 -0.0415916442871094 -0.84625244140625 -0.222900390625
-0.00262832641601563 -0.0360298156738281 -0.573486328125 0.47998046875
0.0129203796386719 -0.0282611846923828 0.0745849609375 0.55426025390625
0.025177001953125 -0.0257644653320313 0.36578369140625 0.2744140625
0.00976181030273438 -0.00140094757080078 0.355804443359375 -0.04742431640625
-0.00498437881469727 0.00218772888183594 0.186782836914063 -0.239013671875
-0.0158195495605469 -0.00410652160644531 -0.17596435546875 0.164154052734375
0.0495262145996094 -0.00339508056640625 -0.176620483398438 -0.187835693359375
0.0628585815429688 -0.0277214050292969 0.058624267578125 -0.549957275390625
0.0237808227539063 -0.0192070007324219 0.559326171875 -0.45172119140625
-0.0297508239746094 -0.0285835266113281 0.76470947265625 0.31072998046875
-0.0517959594726562 -0.088226318359375 0.31060791015625 0.853271484375
0.000556945800781256 -0.0709686279296875 -0.047760009765625 0.527679443359375
0.00566482543945312 -0.0686683654785156 0.0704879760742188 -0.121109008789063
-0.0532073974609375 -0.0560302734375 -0.2939453125 -0.6048583984375
-0.0584030151367188 -0.0537109375 -0.83099365234375 -0.2449951171875
-0.023406982421875 -0.0393409729003906 -0.58795166015625 0.470703125
0.0113601684570313 -0.0379867553710938 0.0484619140625 0.5692138671875
0.0393638610839844 -0.0343742370605469 0.344329833984375 0.291961669921875
0.0223331451416016 0.00200843811035156 0.345977783203125 -0.040374755859375
-0.000888347625732422 0.00541353225708008 0.184463500976563 -0.237228393554688
-0.0131950378417969 -0.00323104858398438 -0.184341430664063 0.167953491210938
0.0547561645507812 0.00158309936523437 -0.20831298828125 -0.169677734375
0.0697746276855469 -0.0306777954101562 -0.00628662109375003 -0.53564453125
0.0191116333007813 -0.0239963531494141 0.495330810546875 -0.496429443359375
-0.0481910705566406 -0.0409698486328125 0.78814697265625 0.20751953125
-0.0802993774414063 -0.121940612792969 0.40771484375 0.794189453125
-0.005645751953125 -0.127517700195313 0.00561523437500003 0.5433349609375
0.0193405151367187 -0.125274658203125 0.0761871337890625 -0.0887680053710938
-0.0704879760742188 -0.0989303588867187 -0.23431396484375 -0.61065673828125
-0.09124755859375 -0.068328857421875 -0.79376220703125 -0.326171875
-0.0443572998046875 -0.0391120910644531 -0.63983154296875 0.4178466796875
0.00725555419921875 -0.0407562255859375 -0.02044677734375 0.59521484375
0.0477867126464844 -0.0408897399902344 0.298614501953125 0.3409423828125
0.0313529968261719 0.003692626953125 0.332122802734375 -0.014404296875
0.00316333770751953 0.00596046447753906 0.1871337890625 -0.232086181640625
-0.0257186889648437 -0.0462150573730469 -0.162353515625 0.220733642578125
-0.0130195617675781 -0.032928466796875 -0.271621704101563 -0.027496337890625
-0.0336322784423828 0.0295867919921875 -0.22076416015625 -0.408294677734375
-0.000602722167968748 0.0630416870117188 0.183837890625 -0.65802001953125
0.0400848388671875 0.0522499084472656 0.73089599609375 -0.262939453125
0.073272705078125 0.0296783447265625 0.7490234375 0.4356689453125
0.0717086791992188 0.0831451416015625 0.233154296875 0.6029052734375
0.00582122802734374 0.123130798339844 0.0422134399414063 0.102348327636719
0.0515518188476562 0.09893798828125 0.019287109375 -0.572021484375
0.0861740112304688 0.0389404296875 -0.53326416015625 -0.73895263671875
0.0418586730957031 0.0384864807128906 -0.8369140625 -0.0169677734374999
-0.0164260864257813 0.047271728515625 -0.35791015625 0.55364990234375
-0.0514755249023438 0.00924682617187501 0.091156005859375 0.49713134765625
-0.0358543395996094 -0.0226669311523437 0.291778564453125 0.11151123046875
-0.00806427001953125 -0.0296268463134766 0.217483520507813 -0.199859619140625
-0.026580810546875 -0.0419998168945312 -0.159622192382813 0.210403442382812
-0.0113010406494141 -0.0296497344970703 -0.243026733398438 -0.0685577392578125
-0.0274486541748047 0.0251426696777344 -0.144775390625 -0.467987060546875
0.00592803955078126 0.0530967712402344 0.29632568359375 -0.64459228515625
0.0441818237304688 0.0483894348144531 0.77362060546875 -0.1314697265625
0.074066162109375 0.042022705078125 0.66082763671875 0.57012939453125
0.0601043701171875 0.108818054199219 0.145751953125 0.6064453125
-0.00471496582031249 0.141204833984375 0.0418853759765625 0.0450668334960938
0.0572891235351562 0.1060791015625 -0.07232666015625 -0.59686279296875
0.09295654296875 0.03118896484375 -0.65838623046875 -0.618408203125
0.048004150390625 0.0278129577636719 -0.80078125 0.14044189453125
-0.00775909423828125 0.0381736755371094 -0.235595703125 0.58251953125
-0.042266845703125 0.00403976440429688 0.186431884765625 0.452606201171875
-0.0324077606201172 -0.0245151519775391 0.323455810546875 0.071868896484375
-0.00820159912109375 -0.0272960662841797 0.215972900390625 -0.21038818359375
-0.0270290374755859 -0.0349521636962891 -0.158721923828125 0.197418212890625
-0.00382804870605469 -0.0263519287109375 -0.21112060546875 -0.11187744140625
-0.0135707855224609 0.015620231628418 -0.06201171875 -0.514434814453125
0.0131988525390625 0.0390586853027344 0.40966796875 -0.60205078125
0.0406532287597656 0.0439567565917969 0.7972412109375 0.02880859375
0.0580940246582031 0.0470314025878906 0.54638671875 0.69873046875
0.0364532470703125 0.115814208984375 0.06005859375 0.5948486328125
-0.0126266479492188 0.136322021484375 0.0436248779296875 -0.0157623291015625
0.0548553466796875 0.09393310546875 -0.166259765625 -0.60955810546875
0.0870437622070313 0.01300048828125 -0.756103515625 -0.48236083984375
0.0457496643066406 0.00983810424804688 -0.73626708984375 0.281494140625
0.000692367553710935 0.0221652984619141 -0.110107421875 0.58831787109375
-0.0277938842773438 -0.0020904541015625 0.268798828125 0.391510009765625
-0.0263748168945313 -0.0220508575439453 0.345733642578125 0.027313232421875
-0.0092926025390625 -0.0211925506591797 0.21063232421875 -0.221755981445313
-0.02410888671875 -0.0252609252929688 -0.158859252929688 0.185302734375
0.008514404296875 -0.02166748046875 -0.183517456054688 -0.149368286132813
0.00524997711181641 0.00243043899536133 0.01202392578125 -0.5428466796875
0.0201320648193359 0.0239238739013672 0.50335693359375 -0.538543701171875
0.0272998809814453 0.0339088439941406 0.78839111328125 0.18084716796875
0.029937744140625 0.0371017456054688 0.42523193359375 0.80084228515625
0.0142059326171875 0.097900390625 -0.00921630859374995 0.57122802734375
-0.0161209106445313 0.108451843261719 0.0486526489257813 -0.0712432861328125
0.041107177734375 0.0663909912109375 -0.251220703125 -0.60906982421875
0.0635948181152344 -0.00861358642578125 -0.8194580078125 -0.34881591796875
0.0354499816894531 -0.0105667114257813 -0.6610107421875 0.392578125
0.00656604766845703 0.00445222854614258 -0.00708007812500001 0.57476806640625
-0.0108137130737305 -0.00933456420898438 0.331390380859375 0.33087158203125
-0.0172443389892578 -0.0162115097045898 0.358367919921875 -0.01275634765625
-0.00997543334960938 -0.0128726959228516 0.200698852539063 -0.231277465820313
-0.021728515625 -0.0165882110595703 -0.162384033203125 0.172882080078125
0.0219764709472656 -0.0152397155761719 -0.165267944335938 -0.177536010742187
0.0278759002685547 -0.0104408264160156 0.063385009765625 -0.554107666015625
0.0234279632568359 0.00727272033691406 0.56109619140625 -0.474884033203125
0.0100917816162109 0.0179309844970703 0.769287109375 0.2906494140625
0.000459671020507813 0.00590419769287109 0.327392578125 0.85772705078125
-0.000198364257812506 0.0555877685546875 -0.048980712890625 0.542510986328125
-0.0131607055664063 0.0587196350097656 0.0557708740234375 -0.112220764160156
0.0122184753417969 0.0283718109130859 -0.30780029296875 -0.6009521484375
0.0265712738037109 -0.0286521911621094 -0.84796142578125 -0.25372314453125
0.0179080963134766 -0.0264358520507813 -0.59954833984375 0.459716796875
0.0108375549316406 -0.0137300491333008 0.058319091796875 0.559356689453125
0.00650978088378906 -0.0181617736816406 0.362060546875 0.286468505859375
-0.00538301467895508 -0.00824785232543945 0.359954833984375 -0.039794921875
-0.00744771957397461 -0.00473737716674805 0.191879272460938 -0.236785888671875
-0.0186290740966797 -0.00761032104492188 -0.166549682617187 0.167816162109375
0.0377883911132813 -0.0106658935546875 -0.164474487304688 -0.188858032226563
0.0474891662597656 -0.0217437744140625 0.07763671875 -0.556610107421875
0.0252342224121094 -0.00741767883300781 0.57684326171875 -0.44976806640625
-0.00948238372802734 -0.00731086730957031 0.75396728515625 0.33111572265625
-0.0262260437011719 -0.0392189025878906 0.2874755859375 0.87225341796875
-0.000786781311035156 -0.00487232208251953 -0.0616455078125 0.52679443359375
-0.00650978088378906 -0.00156831741333008 0.062591552734375 -0.128364562988281
-0.0220985412597656 -0.0111846923828125 -0.32611083984375 -0.59832763671875
-0.0185165405273438 -0.0415115356445313 -0.8505859375 -0.21258544921875
-0.0031280517578125 -0.0363922119140625 -0.567626953125 0.4893798828125
0.0133399963378906 -0.0290870666503906 0.081634521484375 0.55474853515625
0.0239315032958984 -0.0260410308837891 0.369049072265625 0.269317626953125
0.00899791717529297 -0.00176715850830078 0.355255126953125 -0.05291748046875
-0.0057830810546875 0.00296592712402344 0.183700561523438 -0.24237060546875
-0.0156993865966797 -0.00259876251220703 -0.173751831054688 0.166397094726562
0.0486640930175781 -0.00418472290039063 -0.180404663085938 -0.186279296875
0.0623512268066406 -0.0291671752929688 0.0498046875 -0.551361083984375
0.0235843658447266 -0.0192184448242188 0.553466796875 -0.45904541015625
-0.0305099487304687 -0.02880859375 0.77105712890625 0.30078125
-0.0536270141601563 -0.08758544921875 0.322509765625 0.85107421875
-0.000549316406249993 -0.0713043212890625 -0.040252685546875 0.528411865234375
0.00621795654296875 -0.0677452087402344 0.0701141357421875 -0.122520446777344
-0.0533065795898438 -0.0546989440917969 -0.30218505859375 -0.6016845703125
-0.0597801208496094 -0.0532951354980469 -0.83453369140625 -0.23541259765625
-0.0244865417480469 -0.0390510559082031 -0.58258056640625 0.47998046875
0.0115203857421875 -0.0382308959960938 0.0576171875000001 0.56939697265625
0.0387077331542969 -0.036346435546875 0.348663330078125 0.288818359375
0.0221900939941406 0.00188255310058594 0.346771240234375 -0.0447998046875
-0.000539302825927735 0.00683355331420898 0.181381225585938 -0.240097045898438
-0.0131368637084961 -0.00170326232910157 -0.181991577148438 0.170562744140625
0.0551948547363281 0.000461578369140625 -0.210983276367187 -0.166824340820313
0.0693016052246094 -0.0310745239257813 -0.0162353515625 -0.537628173828125
0.0190010070800781 -0.0242977142333984 0.489532470703125 -0.505096435546875
-0.0487632751464844 -0.0409011840820313 0.79193115234375 0.1953125
-0.0821990966796875 -0.121063232421875 0.4193115234375 0.79193115234375
-0.00695037841796876 -0.1265869140625 0.01214599609375 0.5439453125
0.018524169921875 -0.126007080078125 0.0751495361328125 -0.0907821655273438
-0.07196044921875 -0.097503662109375 -0.24267578125 -0.609375
-0.092041015625 -0.0671157836914063 -0.8006591796875 -0.3175048828125
-0.0444908142089844 -0.0386009216308594 -0.6357421875 0.42828369140625
0.00635910034179687 -0.0413551330566406 -0.0142822265625 0.59661865234375
0.0471038818359375 -0.0422210693359375 0.303253173828125 0.33673095703125
0.0312747955322266 0.00312423706054688 0.332000732421875 -0.019073486328125
0.00348663330078125 0.00664663314819336 0.183700561523438 -0.235641479492188
-0.0269927978515625 -0.0452804565429688 -0.158157348632813 0.222763061523437
-0.0145359039306641 -0.0330734252929688 -0.271408081054688 -0.0232391357421875
-0.0325641632080078 0.0298061370849609 -0.227447509765625 -0.405853271484375
0.00127410888671874 0.0635566711425781 0.17169189453125 -0.66192626953125
0.0410537719726563 0.0519828796386719 0.72515869140625 -0.27642822265625
0.0739364624023438 0.0272369384765625 0.75634765625 0.42291259765625
0.0731430053710938 0.0816268920898437 0.24163818359375 0.6007080078125
0.00787353515625001 0.125045776367188 0.0431060791015625 0.1019287109375
0.0524826049804688 0.0985260009765625 0.010498046875 -0.5728759765625
0.08636474609375 0.036224365234375 -0.5443115234375 -0.7320556640625
0.0428237915039063 0.0380897521972656 -0.8387451171875 -0.00518798828124994
-0.0153388977050781 0.04754638671875 -0.35028076171875 0.5584716796875
-0.0524749755859375 0.0103340148925781 0.098114013671875 0.496307373046875
-0.0358619689941406 -0.022003173828125 0.29302978515625 0.10809326171875
-0.00852012634277344 -0.0291271209716797 0.214157104492188 -0.202606201171875
-0.02777099609375 -0.0404853820800781 -0.155426025390625 0.212783813476563
-0.0122528076171875 -0.0298652648925781 -0.243484497070313 -0.0654449462890625
-0.0266361236572266 0.0263538360595703 -0.151641845703125 -0.466461181640625
0.00735855102539063 0.0539093017578125 0.28619384765625 -0.649169921875
0.0455474853515625 0.0478057861328125 0.77215576171875 -0.1434326171875
0.0748291015625 0.039306640625 0.6722412109375 0.56121826171875
0.060699462890625 0.107627868652344 0.15301513671875 0.60382080078125
-0.00288391113281249 0.1422119140625 0.0423698425292969 0.044647216796875
0.059295654296875 0.104873657226563 -0.0797119140625001 -0.594970703125
0.0945587158203125 0.02947998046875 -0.66668701171875 -0.608642578125
0.0485610961914063 0.0277557373046875 -0.80096435546875 0.15045166015625
-0.0070037841796875 0.0381240844726563 -0.22662353515625 0.5850830078125
-0.0429573059082031 0.00512313842773438 0.19110107421875 0.4478759765625
-0.0331954956054688 -0.0240039825439453 0.324005126953125 0.066864013671875
-0.0084228515625 -0.026031494140625 0.212326049804688 -0.213851928710938
-0.0273818969726562 -0.0338344573974609 -0.154556274414062 0.199386596679688
-0.00436782836914063 -0.0258769989013672 -0.213211059570313 -0.109283447265625
-0.0133638381958008 0.0166826248168945 -0.070953369140625 -0.512603759765625
0.013916015625 0.0395088195800781 0.39892578125 -0.60882568359375
0.0411338806152344 0.0427017211914062 0.79541015625 0.01605224609375
0.0586776733398438 0.0462722778320313 0.55609130859375 0.69158935546875
0.03875732421875 0.115325927734375 0.0684814453125 0.593994140625
-0.0110092163085938 0.137451171875 0.0437965393066406 -0.0162277221679687
0.05609130859375 0.0926666259765625 -0.17437744140625 -0.6060791015625
0.0869674682617187 0.0117263793945312 -0.7640380859375 -0.47125244140625
0.046051025390625 0.00927734375 -0.7335205078125 0.29248046875
0.0009002685546875 0.0225143432617188 -0.10296630859375 0.5887451171875
-0.028533935546875 -0.00153732299804688 0.27520751953125 0.387115478515625
-0.0271873474121094 -0.0212650299072266 0.346099853515625 0.0224609375
-0.0100002288818359 -0.0204277038574219 0.206375122070313 -0.224563598632813
-0.0256538391113281 -0.0246219635009766 -0.155426025390625 0.186981201171875
0.00694847106933594 -0.0217666625976563 -0.185348510742188 -0.146835327148438
0.00594758987426758 0.00232219696044922 0.00363159179687501 -0.542327880859375
0.0206012725830078 0.0240097045898437 0.491851806640625 -0.54632568359375
0.0289897918701172 0.0336170196533203 0.79107666015625 0.16790771484375
0.0308456420898438 0.0361328125 0.43603515625 0.79400634765625
0.0154647827148437 0.0990371704101562 -0.000549316406249994 0.56903076171875
-0.0145187377929688 0.109161376953125 0.047607421875 -0.07244873046875
0.041656494140625 0.0656356811523438 -0.2581787109375 -0.60455322265625
0.0631332397460937 -0.0104598999023437 -0.8251953125 -0.33831787109375
0.0349159240722656 -0.00995254516601563 -0.6534423828125 0.4002685546875
0.00701999664306641 0.00420188903808594 0.00177001953125001 0.5743408203125
-0.0110387802124023 -0.00938796997070313 0.337371826171875 0.32568359375
-0.01800537109375 -0.0155372619628906 0.357391357421875 -0.018798828125
-0.00959491729736328 -0.0123271942138672 0.196701049804688 -0.235031127929688
-0.0216598510742187 -0.0145816802978516 -0.15850830078125 0.174942016601563
0.0211544036865234 -0.0160713195800781 -0.166183471679687 -0.174514770507813
0.0279617309570313 -0.0115985870361328 0.053802490234375 -0.553924560546875
0.0231666564941406 0.00637245178222656 0.55126953125 -0.48406982421875
0.010655403137207 0.0171098709106445 0.7735595703125 0.280029296875
0.000514507293701172 0.00554466247558594 0.34027099609375 0.85382080078125
0.000907897949218745 0.0555458068847656 -0.0413818359375 0.54412841796875
-0.0124320983886719 0.0605583190917969 0.05322265625 -0.112480163574219
0.0126132965087891 0.0289173126220703 -0.3154296875 -0.59735107421875
0.0261440277099609 -0.0286769866943359 -0.8509521484375 -0.2408447265625
0.0175838470458984 -0.0265140533447266 -0.59130859375 0.468505859375
0.00993633270263672 -0.0131330490112305 0.0667419433593751 0.557708740234375
0.007110595703125 -0.0192070007324219 0.367645263671875 0.2811279296875
-0.00668859481811523 -0.00858879089355469 0.35992431640625 -0.045379638671875
-0.00784158706665039 -0.00438404083251953 0.188079833984375 -0.239776611328125
-0.0188312530517578 -0.00661468505859375 -0.16314697265625 0.169387817382812
0.0369033813476562 -0.0113410949707031 -0.1666259765625 -0.1865234375
0.0476608276367188 -0.0231132507324219 0.06976318359375 -0.5562744140625
0.0250282287597656 -0.00801277160644531 0.56842041015625 -0.456787109375
-0.00922775268554688 -0.00798416137695313 0.75927734375 0.32110595703125
-0.0275230407714844 -0.0394287109375 0.29974365234375 0.86920166015625
-0.00104928016662598 -0.00406765937805176 -0.052215576171875 0.528076171875
-0.00585222244262695 -0.000616073608398439 0.0615692138671875 -0.1297607421875
-0.0229682922363281 -0.0108795166015625 -0.3333740234375 -0.592529296875
-0.0180625915527344 -0.0412788391113281 -0.85504150390625 -0.2005615234375
-0.0034637451171875 -0.0360832214355469 -0.560089111328125 0.498077392578125
0.012664794921875 -0.0295753479003906 0.0892028808593751 0.552642822265625
0.0240898132324219 -0.0280017852783203 0.372283935546875 0.264373779296875
0.00873947143554688 -0.00226402282714844 0.354522705078125 -0.058868408203125
-0.00484800338745117 0.00349998474121094 0.179351806640625 -0.244842529296875
-0.0163259506225586 -0.00145626068115234 -0.170440673828125 0.1683349609375
0.0484886169433594 -0.00500106811523438 -0.18359375 -0.184249877929687
0.0622596740722656 -0.0308876037597656 0.04229736328125 -0.552642822265625
0.0227260589599609 -0.0200920104980469 0.54443359375 -0.467376708984375
-0.0309925079345703 -0.0286693572998047 0.7730712890625 0.28875732421875
-0.0544815063476563 -0.0870590209960938 0.33465576171875 0.8466796875
-0.00119781494140625 -0.0702972412109375 -0.031585693359375 0.530120849609375
0.00495147705078125 -0.0673255920410156 0.0678634643554688 -0.12408447265625
-0.0538520812988281 -0.0527687072753906 -0.31085205078125 -0.5975341796875
-0.06109619140625 -0.0517349243164062 -0.83978271484375 -0.22259521484375
-0.0250015258789063 -0.0390281677246094 -0.57684326171875 0.48944091796875
0.0106620788574219 -0.0386085510253906 0.06524658203125 0.5677490234375
0.0379104614257813 -0.0363731384277344 0.352264404296875 0.28289794921875
0.0217838287353516 0.00170707702636719 0.344940185546875 -0.049652099609375
-0.000790596008300781 0.00727272033691406 0.17681884765625 -0.242767333984375
-0.0130653381347656 -0.000805854797363279 -0.179611206054688 0.173568725585938
0.0547332763671875 -0.000179290771484375 -0.213958740234375 -0.164764404296875
0.0685577392578125 -0.0327949523925781 -0.024078369140625 -0.53558349609375
0.0189113616943359 -0.0245628356933594 0.48028564453125 -0.5111083984375
-0.0495109558105469 -0.040374755859375 0.7938232421875 0.18505859375
-0.0850372314453125 -0.119491577148438 0.431396484375 0.78643798828125
-0.00875854492187499 -0.125617980957031 0.01934814453125 0.54364013671875
0.017791748046875 -0.12469482421875 0.0738754272460938 -0.0916976928710938
-0.0731430053710937 -0.0959091186523438 -0.25152587890625 -0.606201171875
-0.0935440063476563 -0.0661239624023438 -0.80560302734375 -0.304931640625
-0.0455894470214844 -0.0379447937011719 -0.6300048828125 0.43768310546875
0.00558853149414063 -0.0413970947265625 -0.00494384765625002 0.5968017578125
0.0455589294433594 -0.0433921813964844 0.3079833984375 0.33294677734375
0.0311450958251953 0.0028533935546875 0.33203125 -0.02362060546875
0.00350618362426758 0.00684547424316406 0.180160522460938 -0.238525390625
-0.0279579162597656 -0.0438385009765625 -0.153167724609375 0.22314453125
-0.0149688720703125 -0.0328884124755859 -0.270736694335938 -0.0190887451171875
-0.0321426391601563 0.0305328369140625 -0.2325439453125 -0.400848388671875
0.00174713134765625 0.0635299682617188 0.15972900390625 -0.66168212890625
0.0415687561035156 0.0501785278320312 0.72015380859375 -0.29022216796875
0.0740280151367188 0.0250473022460938 0.76007080078125 0.40985107421875
0.0735549926757813 0.0812149047851563 0.2496337890625 0.5958251953125
0.0098876953125 0.125274658203125 0.0446929931640625 0.100845336914063
0.0537643432617188 0.0975875854492188 0.00341796875000006 -0.57037353515625
0.0865249633789063 0.0357208251953125 -0.55364990234375 -0.72265625
0.0436019897460937 0.0370025634765625 -0.83709716796875 0.00689697265624992
-0.0146980285644531 0.0477638244628906 -0.34161376953125 0.561492919921875
-0.0519828796386719 0.0117607116699219 0.104461669921875 0.4949951171875
-0.0367279052734375 -0.0213127136230469 0.2928466796875 0.103607177734375
-0.00951194763183593 -0.0276451110839844 0.2100830078125 -0.205657958984375
-0.0294265747070313 -0.0394630432128906 -0.149978637695313 0.2138671875
-0.013458251953125 -0.0291728973388672 -0.243560791015625 -0.0611114501953125
-0.0259666442871094 0.0261440277099609 -0.15985107421875 -0.461090087890625
0.00829696655273438 0.0534553527832031 0.27252197265625 -0.653564453125
0.0455322265625 0.0461654663085938 0.76837158203125 -0.1572265625
0.0746612548828125 0.0372161865234375 0.67742919921875 0.54901123046875
0.0625686645507812 0.106651306152344 0.16265869140625 0.6007080078125
-0.000457763671874987 0.142486572265625 0.0425491333007813 0.0440254211425781
0.0594100952148437 0.104110717773438 -0.0883789062500001 -0.59307861328125
0.0935211181640625 0.0280990600585938 -0.67425537109375 -0.59942626953125
0.0491371154785156 0.0265464782714844 -0.79705810546875 0.16192626953125
-0.0058441162109375 0.0373153686523437 -0.21746826171875 0.58734130859375
-0.0430259704589844 0.00574111938476563 0.19708251953125 0.44378662109375
-0.0342273712158203 -0.0234355926513672 0.323455810546875 0.062042236328125
-0.00954246520996094 -0.0258064270019531 0.208572387695313 -0.216400146484375
-0.0280647277832031 -0.0323371887207031 -0.150131225585937 0.201995849609375
-0.00621414184570313 -0.0258140563964844 -0.21368408203125 -0.10589599609375
-0.0128583908081055 0.0164527893066406 -0.0789794921875 -0.510650634765625
0.0149917602539062 0.0394134521484375 0.38653564453125 -0.6126708984375
0.0414466857910156 0.0420761108398438 0.79437255859375 0.00238037109375
0.059417724609375 0.0435523986816406 0.56512451171875 0.68133544921875
0.0400848388671875 0.114471435546875 0.0771484375 0.59112548828125
-0.00848388671874999 0.138526916503906 0.0443916320800781 -0.0174636840820312
0.0573577880859375 0.0918502807617188 -0.18218994140625 -0.60247802734375
0.0867462158203125 0.00957489013671875 -0.76873779296875 -0.458740234375
0.0470199584960937 0.00812530517578125 -0.72784423828125 0.30291748046875
0.000749588012695312 0.0219230651855469 -0.0943603515624999 0.58868408203125
-0.0286293029785156 -0.00205230712890625 0.279815673828125 0.38262939453125
-0.0286617279052734 -0.0209445953369141 0.3453369140625 0.016937255859375
-0.0102901458740234 -0.0189895629882813 0.203262329101563 -0.22796630859375
-0.0260200500488281 -0.0226860046386719 -0.151504516601563 0.188125610351562
0.00599479675292969 -0.0220146179199219 -0.187484741210938 -0.14410400390625
0.00629568099975586 0.00303316116333008 -0.00488281250000005 -0.541595458984375
0.020904541015625 0.0239028930664063 0.48175048828125 -0.550689697265625
0.0285854339599609 0.0322036743164063 0.7923583984375 0.1558837890625
0.030364990234375 0.0351905822753906 0.4464111328125 0.78656005859375
0.0170440673828125 0.0984725952148437 0.00805664062499999 0.56915283203125
-0.0124359130859375 0.109939575195313 0.0472183227539062 -0.0730209350585937
0.0418586730957031 0.0650062561035156 -0.26776123046875 -0.60040283203125
0.0626907348632812 -0.0113182067871094 -0.8277587890625 -0.326416015625
0.0345859527587891 -0.0114898681640625 -0.64678955078125 0.410888671875
0.00755691528320313 0.00424098968505859 0.00964355468750001 0.57208251953125
-0.0114936828613281 -0.0100374221801758 0.339874267578125 0.320281982421875
-0.0187606811523438 -0.0148868560791016 0.35662841796875 -0.023345947265625
-0.010462760925293 -0.0110626220703125 0.193603515625 -0.237350463867187
-0.0216503143310547 -0.0130081176757813 -0.155349731445313 0.176742553710938
0.0208454132080078 -0.0162200927734375 -0.169448852539063 -0.172409057617188
0.0281352996826172 -0.0118827819824219 0.045318603515625 -0.553192138671875
0.0231246948242188 0.00657463073730469 0.54266357421875 -0.491485595703125
0.0102653503417969 0.016261100769043 0.77545166015625 0.26739501953125
-0.00051736831665039 0.00562667846679688 0.3529052734375 0.8458251953125
0.00262069702148438 0.0550613403320313 -0.0335693359375 0.5421142578125
-0.0107917785644531 0.0611610412597656 0.0532684326171875 -0.114952087402344
0.0129795074462891 0.0289745330810547 -0.322998046875 -0.59014892578125
0.0253562927246094 -0.0281944274902344 -0.85089111328125 -0.228271484375
0.0178947448730469 -0.0261478424072266 -0.58551025390625 0.47625732421875
0.0100336074829102 -0.0140771865844727 0.0753173828125 0.555938720703125
0.00617027282714843 -0.0198802947998047 0.369293212890625 0.27581787109375
-0.00705671310424805 -0.00770092010498047 0.35711669921875 -0.051055908203125
-0.00803899765014649 -0.00305604934692383 0.18310546875 -0.242218017578125
-0.0187549591064453 -0.0057373046875 -0.159271240234375 0.171188354492187
0.03656005859375 -0.0121307373046875 -0.169342041015625 -0.184402465820313
0.0474739074707031 -0.0240745544433594 0.059326171875 -0.555816650390625
0.0254230499267578 -0.00832939147949219 0.558837890625 -0.46246337890625
-0.0101404190063477 -0.00786495208740235 0.76141357421875 0.30804443359375
-0.0284004211425781 -0.0396308898925781 0.31256103515625 0.86236572265625
-0.000702142715454102 -0.00401639938354492 -0.044708251953125 0.52752685546875
-0.00441312789916992 -0.000159740447998046 0.0597686767578125 -0.130828857421875
-0.0226554870605469 -0.00966262817382812 -0.34063720703125 -0.587890625
-0.0191116333007813 -0.0409889221191406 -0.85357666015625 -0.1868896484375
-0.00423049926757813 -0.03558349609375 -0.552642822265625 0.506439208984375
0.0110225677490234 -0.0299777984619141 0.097900390625 0.549652099609375
0.0233745574951172 -0.0284366607666016 0.3763427734375 0.256561279296875
0.00751781463623047 -0.0026249885559082 0.3521728515625 -0.063140869140625
-0.00446224212646484 0.00470352172851563 0.175994873046875 -0.24664306640625
-0.0159063339233398 0.00069713592529297 -0.167007446289062 0.1708984375
0.0480079650878906 -0.0047454833984375 -0.184768676757813 -0.180740356445313
0.0610694885253906 -0.0316276550292969 0.033294677734375 -0.5506591796875
0.0227260589599609 -0.0209159851074219 0.535491943359375 -0.473602294921875
-0.0323352813720703 -0.0296497344970703 0.7745361328125 0.2755126953125
-0.0561065673828125 -0.0857162475585938 0.3463134765625 0.8414306640625
-0.00237274169921876 -0.0698127746582031 -0.023834228515625 0.527984619140625
0.00471878051757813 -0.0665512084960938 0.0666732788085937 -0.125312805175781
-0.0544700622558594 -0.0512657165527344 -0.3189697265625 -0.5908203125
-0.0617599487304687 -0.0511627197265625 -0.84002685546875 -0.2100830078125
-0.0256996154785156 -0.0379219055175781 -0.56829833984375 0.49688720703125
0.00970840454101562 -0.0395469665527344 0.0716552734375 0.56494140625
0.0367240905761719 -0.0376167297363281 0.355316162109375 0.275665283203125
0.0206356048583984 0.000608444213867188 0.3427734375 -0.054595947265625
-0.00115156173706055 0.00748729705810547 0.173385620117187 -0.245880126953125
-0.0131187438964844 0.000621795654296877 -0.176239013671875 0.17474365234375
0.0536689758300781 -0.000278472900390625 -0.215866088867188 -0.160812377929688
0.0681266784667969 -0.0342216491699219 -0.032745361328125 -0.533538818359375
0.0184879302978516 -0.0255889892578125 0.470306396484375 -0.51654052734375
-0.0499992370605469 -0.0405807495117187 0.79315185546875 0.17169189453125
-0.0871429443359375 -0.1182861328125 0.44195556640625 0.77996826171875
-0.0106735229492187 -0.124916076660156 0.0275573730468751 0.5416259765625
0.0166168212890625 -0.123649597167969 0.0728607177734375 -0.0934524536132813
-0.0735015869140625 -0.0935134887695313 -0.258544921875 -0.60125732421875
-0.094573974609375 -0.06439208984375 -0.80743408203125 -0.29400634765625
-0.0456161499023438 -0.0373649597167969 -0.62249755859375 0.444091796875
0.00555038452148438 -0.0419387817382813 0.00335693359375002 0.59552001953125
0.0440139770507813 -0.0440711975097656 0.31170654296875 0.326568603515625
0.0303688049316406 0.00262832641601563 0.33050537109375 -0.028961181640625
0.00396394729614258 0.00742959976196289 0.175857543945313 -0.239959716796875
-0.0285873413085938 -0.0421257019042969 -0.148193359375 0.22467041015625
-0.017120361328125 -0.0326042175292969 -0.269073486328125 -0.0162353515625
-0.0308570861816406 0.0313453674316406 -0.237762451171875 -0.395538330078125
0.00338363647460938 0.0635337829589844 0.14739990234375 -0.66107177734375
0.0408096313476563 0.0488014221191406 0.71142578125 -0.29840087890625
0.073394775390625 0.0230636596679688 0.76324462890625 0.39788818359375
0.0745697021484375 0.0800399780273438 0.25738525390625 0.58966064453125
0.0125045776367188 0.124801635742188 0.0457305908203125 0.0997390747070313
0.0550460815429687 0.0963211059570313 -0.00372314453125005 -0.56884765625
0.085723876953125 0.0334396362304688 -0.56060791015625 -0.7127685546875
0.0442733764648438 0.036590576171875 -0.8333740234375 0.0177612304687501
-0.0137100219726562 0.0472869873046875 -0.33319091796875 0.5634765625
-0.0524482727050781 0.0121002197265625 0.111114501953125 0.4903564453125
-0.0377388000488281 -0.0205497741699219 0.29266357421875 0.098907470703125
-0.0104866027832031 -0.0266532897949219 0.206771850585938 -0.20745849609375
-0.0295982360839844 -0.0378494262695312 -0.146408081054688 0.214065551757813
-0.0148887634277344 -0.0287303924560547 -0.243545532226563 -0.0575714111328125
-0.0249996185302734 0.0261611938476562 -0.16534423828125 -0.457275390625
0.00973129272460938 0.0532760620117187 0.26129150390625 -0.65484619140625
0.0460853576660156 0.0451240539550781 0.76324462890625 -0.1678466796875
0.0749893188476562 0.0346450805664063 0.6829833984375 0.536865234375
0.0636749267578125 0.105628967285156 0.17010498046875 0.59454345703125
0.00161743164062501 0.143264770507813 0.0439300537109375 0.0435371398925781
0.0607376098632812 0.103187561035156 -0.09521484375 -0.58929443359375
0.0941009521484375 0.0263824462890625 -0.67962646484375 -0.58648681640625
0.0493011474609375 0.0256538391113281 -0.79290771484375 0.17333984375
-0.00489425659179688 0.0376129150390625 -0.20989990234375 0.5877685546875
-0.0433197021484375 0.00575637817382812 0.203155517578125 0.441070556640625
-0.0351428985595703 -0.0223865509033203 0.322967529296875 0.056732177734375
-0.00963592529296875 -0.0239601135253906 0.204071044921875 -0.218093872070312
-0.0286026000976562 -0.0307197570800781 -0.145904541015625 0.2015380859375
-0.00717926025390625 -0.0255374908447266 -0.213287353515625 -0.103256225585938
-0.0122404098510742 0.0160160064697266 -0.08544921875 -0.506439208984375
0.0161399841308594 0.0393447875976563 0.37579345703125 -0.6142578125
0.0417098999023437 0.0404434204101563 0.7906494140625 -0.01025390625
0.0586204528808594 0.0424995422363281 0.57293701171875 0.6708984375
0.0411148071289063 0.11309814453125 0.085205078125 0.5885009765625
-0.00666046142578125 0.138137817382813 0.0434761047363281 -0.0179061889648437
0.0587005615234375 0.090606689453125 -0.18865966796875 -0.5980224609375
0.0861587524414063 0.00829315185546875 -0.77178955078125 -0.4459228515625
0.0468940734863281 0.0076141357421875 -0.71978759765625 0.3128662109375
0.00181961059570313 0.0226020812988281 -0.0867919921875 0.5870361328125
-0.0294971466064453 -0.0016937255859375 0.2840576171875 0.376068115234375
-0.0288238525390625 -0.0202198028564453 0.344696044921875 0.0123291015625
-0.0109519958496094 -0.0183811187744141 0.197830200195313 -0.229690551757813
-0.0257720947265625 -0.0215263366699219 -0.147689819335938 0.189422607421875
0.00531005859375 -0.02203369140625 -0.188629150390625 -0.14068603515625
0.00652647018432617 0.0019073486328125 -0.012786865234375 -0.53826904296875
0.0213470458984375 0.0230598449707031 0.470672607421875 -0.555694580078125
0.0289688110351563 0.0320072174072266 0.7904052734375 0.14337158203125
0.0308952331542969 0.0337104797363281 0.4564208984375 0.77880859375
0.0182037353515625 0.0979537963867188 0.01654052734375 0.56597900390625
-0.0105209350585938 0.110679626464844 0.0463485717773438 -0.0738525390625
0.0426254272460938 0.0645523071289062 -0.27410888671875 -0.5946044921875
0.0618324279785156 -0.0125694274902344 -0.82879638671875 -0.3134765625
0.0337810516357422 -0.0113105773925781 -0.64044189453125 0.41912841796875
0.0072178840637207 0.00370883941650391 0.01800537109375 0.56951904296875
-0.0123586654663086 -0.0100812911987305 0.3419189453125 0.31292724609375
-0.0191307067871094 -0.0155277252197266 0.353912353515625 -0.0274658203125
-0.0109577178955078 -0.0103158950805664 0.189315795898438 -0.238250732421875
-0.0220394134521484 -0.0119056701660156 -0.15203857421875 0.17681884765625
0.0188751220703125 -0.0171566009521484 -0.170700073242188 -0.1702880859375
0.0275955200195313 -0.01251220703125 0.03765869140625 -0.550811767578125
0.0238819122314453 0.00589561462402344 0.532257080078125 -0.496856689453125
0.0108661651611328 0.0155010223388672 0.7750244140625 0.25592041015625
-0.0005340576171875 0.00455665588378906 0.36297607421875 0.8370361328125
0.0032196044921875 0.0552558898925781 -0.0255126953124999 0.540191650390625
-0.00963973999023437 0.0622673034667969 0.0514907836914062 -0.11468505859375
0.0146217346191406 0.0292949676513672 -0.32928466796875 -0.5836181640625
0.0243263244628906 -0.0292911529541016 -0.8521728515625 -0.2154541015625
0.0174484252929688 -0.0264759063720703 -0.575927734375 0.4840087890625
0.00956249237060547 -0.0142440795898438 0.0810241699218751 0.55120849609375
0.00576972961425781 -0.0201416015625 0.371368408203125 0.26812744140625
-0.00699996948242188 -0.00787353515625 0.3544921875 -0.055267333984375
-0.00776290893554688 -0.0032048225402832 0.179458618164063 -0.2430419921875
-0.0188999176025391 -0.00298309326171875 -0.155792236328125 0.172698974609375
0.0351142883300781 -0.0127811431884766 -0.171478271484375 -0.181533813476562
0.0459442138671875 -0.0244293212890625 0.05072021484375 -0.55267333984375
0.0250530242919922 -0.00870323181152344 0.549102783203125 -0.46685791015625
-0.0100479125976562 -0.00843620300292969 0.76300048828125 0.29754638671875
-0.0292892456054687 -0.0389862060546875 0.32196044921875 0.8546142578125
-0.000808238983154297 -0.0034947395324707 -0.037506103515625 0.526580810546875
-0.0040745735168457 0.000531435012817383 0.0587539672851563 -0.131370544433594
-0.0220241546630859 -0.00882911682128906 -0.345947265625 -0.58013916015625
-0.0198974609375 -0.0403251647949219 -0.85382080078125 -0.17462158203125
-0.00487518310546875 -0.0356254577636719 -0.54486083984375 0.51104736328125
0.0114669799804688 -0.0298404693603516 0.103851318359375 0.5458984375
0.0220355987548828 -0.0285396575927734 0.37689208984375 0.252197265625
0.00737571716308594 -0.00233650207519531 0.349761962890625 -0.0682373046875
-0.00441312789916992 0.00512361526489258 0.171463012695313 -0.248336791992188
-0.0158252716064453 0.00203704833984375 -0.163619995117187 0.171737670898438
0.0472068786621094 -0.0058135986328125 -0.187728881835938 -0.17779541015625
0.0613059997558594 -0.0328483581542969 0.024932861328125 -0.547210693359375
0.0220241546630859 -0.0206947326660156 0.525909423828125 -0.477935791015625
-0.0320301055908203 -0.0289192199707031 0.77532958984375 0.2646484375
-0.0572967529296875 -0.084503173828125 0.3558349609375 0.83258056640625
-0.00356292724609374 -0.0688323974609375 -0.0181884765625 0.525421142578125
0.00442123413085938 -0.06597900390625 0.0652694702148438 -0.12603759765625
-0.0543937683105469 -0.0496597290039062 -0.3236083984375 -0.58599853515625
-0.0623283386230469 -0.0494613647460938 -0.8406982421875 -0.1993408203125
-0.0264358520507813 -0.0380859375 -0.558685302734375 0.501708984375
0.009674072265625 -0.0393714904785156 0.07989501953125 0.5635986328125
0.034759521484375 -0.0388259887695313 0.3570556640625 0.271331787109375
0.0202503204345703 0.000705718994140625 0.34100341796875 -0.059112548828125
0.000100135803222657 0.00888156890869141 0.169387817382813 -0.246978759765625
-0.0128707885742188 0.001861572265625 -0.172714233398438 0.176467895507812
0.0540618896484375 -0.00131607055664062 -0.2176513671875 -0.157394409179687
0.067596435546875 -0.0359420776367188 -0.038543701171875 -0.53009033203125
0.0185470581054688 -0.0257892608642578 0.460296630859375 -0.520233154296875
-0.0506362915039063 -0.0399703979492188 0.79437255859375 0.1600341796875
-0.0884628295898437 -0.116668701171875 0.45025634765625 0.7703857421875
-0.0118255615234375 -0.12359619140625 0.03350830078125 0.537872314453125
0.01605224609375 -0.123191833496094 0.0712966918945313 -0.09393310546875
-0.074462890625 -0.0920562744140625 -0.2646484375 -0.59637451171875
-0.0952682495117188 -0.0619583129882813 -0.80780029296875 -0.28118896484375
-0.0459327697753906 -0.036956787109375 -0.614990234375 0.45294189453125
0.00506973266601562 -0.0420722961425781 0.01055908203125 0.59185791015625
0.0430908203125 -0.0456581115722656 0.314483642578125 0.32171630859375
0.030609130859375 0.00170707702636719 0.328704833984375 -0.03350830078125
0.00381278991699219 0.00783824920654297 0.1715087890625 -0.242324829101562
-0.029296875 -0.0405311584472656 -0.143600463867187 0.225357055664063
-0.0180988311767578 -0.0313816070556641 -0.26800537109375 -0.0114898681640625
-0.0306930541992188 0.0306148529052734 -0.241973876953125 -0.3900146484375
0.00513458251953125 0.0641517639160156 0.137451171875 -0.65924072265625
0.0412559509277344 0.0486602783203125 0.7032470703125 -0.30755615234375
0.0735015869140625 0.0209884643554688 0.76629638671875 0.385986328125
0.0753631591796875 0.0788116455078125 0.26373291015625 0.58203125
0.0139617919921875 0.125228881835938 0.0476150512695313 0.0980377197265625
0.0554351806640625 0.0946578979492188 -0.01104736328125 -0.56622314453125
0.085968017578125 0.0323486328125 -0.56689453125 -0.70263671875
0.0447540283203125 0.0348281860351563 -0.82977294921875 0.0287475585937499
-0.0124778747558594 0.04730224609375 -0.324462890625 0.5643310546875
-0.0521888732910156 0.0127639770507812 0.11669921875 0.4866943359375
-0.0381317138671875 -0.0198249816894531 0.29168701171875 0.0953369140625
-0.0105361938476563 -0.0257339477539063 0.202056884765625 -0.209869384765625
-0.0301666259765625 -0.0355300903320313 -0.141403198242188 0.21490478515625
-0.0161571502685547 -0.0288925170898437 -0.24169921875 -0.054718017578125
-0.0239944458007812 0.0266227722167969 -0.17071533203125 -0.450714111328125
0.0103187561035156 0.0527801513671875 0.25103759765625 -0.6546630859375
0.046539306640625 0.0443878173828125 0.7557373046875 -0.1778564453125
0.074462890625 0.0335617065429688 0.6866455078125 0.52392578125
0.064666748046875 0.104118347167969 0.17510986328125 0.591064453125
0.00344848632812501 0.1429443359375 0.0432777404785156 0.0423774719238281
0.0621109008789063 0.102317810058594 -0.10125732421875 -0.5849609375
0.0928878784179688 0.025146484375 -0.6837158203125 -0.5748291015625
0.0498046875 0.0246658325195312 -0.78692626953125 0.182861328125
-0.00518035888671875 0.03753662109375 -0.20184326171875 0.58673095703125
-0.0436286926269531 0.00571823120117188 0.20648193359375 0.435516357421875
-0.0360870361328125 -0.0217552185058594 0.320709228515625 0.05291748046875
-0.0106487274169922 -0.0233554840087891 0.200515747070313 -0.219985961914063
-0.0291309356689453 -0.0284576416015625 -0.141494750976563 0.202301025390625
-0.008087158203125 -0.0252132415771484 -0.21343994140625 -0.0995635986328125
-0.0115213394165039 0.0161676406860352 -0.0927124023437499 -0.50341796875
0.0165290832519531 0.0389442443847656 0.36407470703125 -0.61761474609375
0.0424156188964844 0.039581298828125 0.78546142578125 -0.0208740234375
0.0591926574707031 0.040618896484375 0.57830810546875 0.6588134765625
0.0422821044921875 0.1124267578125 0.0914306640625 0.5830078125
-0.00401306152343751 0.138534545898438 0.0431938171386719 -0.0174331665039062
0.0595245361328125 0.0898971557617188 -0.196044921875 -0.59124755859375
0.0851058959960938 0.00714111328125 -0.7742919921875 -0.4337158203125
0.0468902587890625 0.00737380981445313 -0.71441650390625 0.3199462890625
0.00234794616699219 0.0215702056884766 -0.07733154296875 0.584716796875
-0.0292530059814453 -0.00156211853027344 0.28759765625 0.37066650390625
-0.0295085906982422 -0.020294189453125 0.3414306640625 0.0079345703125
-0.0112695693969727 -0.0173482894897461 0.194427490234375 -0.231185913085938
-0.0268230438232422 -0.0201416015625 -0.142547607421875 0.189727783203125
0.00401687622070313 -0.0208683013916016 -0.188629150390625 -0.138565063476563
0.00657892227172852 0.0019068717956543 -0.020050048828125 -0.533905029296875
0.0222206115722656 0.0227184295654297 0.45965576171875 -0.55859375
0.0285263061523437 0.0312957763671875 0.7867431640625 0.13055419921875
0.0307979583740234 0.0327835083007813 0.464599609375 0.76727294921875
0.0196762084960938 0.0973968505859375 0.02301025390625 0.5625
-0.00860595703125 0.111137390136719 0.0456466674804687 -0.0741500854492188
0.0421791076660156 0.0641288757324219 -0.27880859375 -0.58642578125
0.0616111755371094 -0.0136070251464844 -0.82830810546875 -0.3004150390625
0.0346031188964844 -0.0121116638183594 -0.6329345703125 0.42352294921875
0.00679874420166016 0.00356483459472656 0.0235595703125 0.5662841796875
-0.0121030807495117 -0.00971412658691406 0.345428466796875 0.30657958984375
-0.0205669403076172 -0.0144996643066406 0.35101318359375 -0.032196044921875
-0.0101709365844727 -0.00943183898925782 0.183181762695312 -0.240249633789062
-0.0224437713623047 -0.0105724334716797 -0.148117065429688 0.177322387695312
0.0179710388183594 -0.0164127349853516 -0.172348022460938 -0.167800903320312
0.0271778106689453 -0.0126419067382812 0.02923583984375 -0.547088623046875
0.0241718292236328 0.00514602661132813 0.522064208984375 -0.499725341796875
0.0113449096679688 0.014836311340332 0.77215576171875 0.24261474609375
-0.000181674957275391 0.00420069694519043 0.3720703125 0.82940673828125
0.0030517578125 0.0550537109375 -0.0198974609375 0.53839111328125
-0.0081024169921875 0.0623779296875 0.0499954223632813 -0.115127563476563
0.0143489837646484 0.0300045013427734 -0.33441162109375 -0.57635498046875
0.0237960815429687 -0.0296707153320312 -0.8505859375 -0.20208740234375
0.0164279937744141 -0.0268669128417969 -0.5670166015625 0.4866943359375
0.0100059509277344 -0.0143795013427734 0.089080810546875 0.5452880859375
0.00487899780273438 -0.0200653076171875 0.373687744140625 0.2607421875
-0.00823402404785156 -0.0078272819519043 0.3515625 -0.059478759765625
-0.00821495056152344 -0.00180196762084961 0.174301147460938 -0.244613647460938
-0.0190601348876953 -0.00236701965332031 -0.152450561523438 0.172958374023438
0.0348243713378906 -0.012115478515625 -0.173507690429688 -0.177780151367188
0.0453071594238281 -0.0252113342285156 0.04217529296875 -0.5499267578125
0.0252799987792969 -0.00917625427246094 0.539703369140625 -0.471893310546875
-0.00971031188964844 -0.00862216949462891 0.7608642578125 0.28533935546875
-0.0293960571289062 -0.0388946533203125 0.33184814453125 0.8466796875
-0.000349521636962891 -0.00327515602111816 -0.0308837890625 0.522857666015625
-0.00326848030090332 0.00110960006713867 0.0567779541015625 -0.131729125976563
-0.0223770141601563 -0.00755882263183593 -0.35150146484375 -0.57269287109375
-0.0210189819335938 -0.0393524169921875 -0.85101318359375 -0.16339111328125
-0.00530242919921875 -0.0352935791015625 -0.53460693359375 0.51641845703125
0.0103034973144531 -0.0303459167480469 0.109954833984375 0.540618896484375
0.0213298797607422 -0.0296363830566406 0.37750244140625 0.2435302734375
0.00690460205078125 -0.0030827522277832 0.346343994140625 -0.072052001953125
-0.00418567657470703 0.00556850433349609 0.166351318359375 -0.249114990234375
-0.0150089263916016 0.00346946716308594 -0.160293579101563 0.173004150390625
0.0458717346191406 -0.00627899169921875 -0.189041137695312 -0.175323486328125
0.0600013732910156 -0.0339431762695313 0.0177307128906251 -0.54302978515625
0.0224361419677734 -0.0218391418457031 0.51654052734375 -0.4808349609375
-0.0313625335693359 -0.0295658111572266 0.77386474609375 0.25225830078125
-0.0588455200195313 -0.0834503173828125 0.3643798828125 0.82305908203125
-0.00349426269531251 -0.0670166015625 -0.010711669921875 0.522674560546875
0.004791259765625 -0.064208984375 0.0640029907226562 -0.126487731933594
-0.0543708801269531 -0.0482139587402344 -0.329833984375 -0.5792236328125
-0.0625953674316406 -0.0483779907226563 -0.83642578125 -0.186279296875
-0.0261917114257813 -0.0369911193847656 -0.55029296875 0.50543212890625
0.0090789794921875 -0.0399169921875 0.085723876953125 0.557830810546875
0.0340652465820312 -0.0388221740722656 0.359039306640625 0.26324462890625
0.019744873046875 0.000219345092773438 0.33819580078125 -0.06365966796875
-9.82284545898447E-05 0.00921344757080078 0.165206909179688 -0.247238159179688
-0.0122976303100586 0.00345897674560547 -0.168380737304688 0.1771240234375
0.05291748046875 -0.00165557861328125 -0.219284057617188 -0.154617309570313
0.067047119140625 -0.0368576049804688 -0.0457763671875 -0.526275634765625
0.0183238983154297 -0.0258808135986328 0.450653076171875 -0.521942138671875
-0.0509033203125 -0.0399703979492187 0.7904052734375 0.14886474609375
-0.089630126953125 -0.114273071289063 0.4569091796875 0.7601318359375
-0.01324462890625 -0.122108459472656 0.041046142578125 0.5350341796875
0.0150833129882813 -0.122711181640625 0.0701217651367188 -0.095123291015625
-0.0739898681640625 -0.0899429321289063 -0.27056884765625 -0.59039306640625
-0.096099853515625 -0.0599594116210938 -0.80712890625 -0.2701416015625
-0.0462913513183594 -0.035614013671875 -0.6055908203125 0.457275390625
0.00378036499023437 -0.0423164367675781 0.01849365234375 0.58782958984375
0.0411796569824219 -0.0460128784179687 0.31683349609375 0.315460205078125
0.0295467376708984 0.00159454345703125 0.32659912109375 -0.0372314453125
0.0049443244934082 0.00856924057006836 0.166854858398438 -0.243667602539063
-0.0298309326171875 -0.0386314392089844 -0.138473510742188 0.223709106445312
-0.0194225311279297 -0.0311450958251953 -0.264739990234375 -0.00933837890625
-0.0294342041015625 0.0315036773681641 -0.244720458984375 -0.382720947265625
0.006072998046875 0.063140869140625 0.12689208984375 -0.65716552734375
0.0417594909667969 0.0475082397460937 0.69342041015625 -0.31463623046875
0.0723648071289062 0.0194931030273438 0.76318359375 0.3724365234375
0.0757064819335938 0.0772781372070313 0.266845703125 0.57550048828125
0.0157470703125 0.124832153320313 0.0477294921875 0.0966262817382813
0.0557937622070312 0.0949020385742188 -0.016082763671875 -0.56195068359375
0.0861587524414063 0.0304489135742188 -0.56915283203125 -0.68951416015625
0.0453033447265625 0.034271240234375 -0.824951171875 0.0375366210937502
-0.0122032165527344 0.0472335815429688 -0.31658935546875 0.56292724609375
-0.0517005920410156 0.0131645202636719 0.120941162109375 0.482025146484375
-0.0388221740722656 -0.0197677612304687 0.2913818359375 0.091583251953125
-0.0110263824462891 -0.0254974365234375 0.197372436523438 -0.210906982421875
-0.0309219360351562 -0.0344886779785156 -0.137588500976562 0.21466064453125
-0.0170536041259766 -0.0283203125 -0.239669799804687 -0.051544189453125
-0.0236129760742187 0.0262641906738281 -0.176239013671875 -0.445648193359375
0.0116043090820312 0.053375244140625 0.2392578125 -0.65289306640625
0.0464439392089844 0.04302978515625 0.74786376953125 -0.18707275390625
0.0739898681640625 0.0315399169921875 0.6883544921875 0.51324462890625
0.0652008056640625 0.102500915527344 0.18133544921875 0.583984375
0.0056610107421875 0.142929077148438 0.0438003540039063 0.0409278869628906
0.0626449584960938 0.100479125976563 -0.10565185546875 -0.5811767578125
0.0929336547851563 0.0235519409179688 -0.68548583984375 -0.5638427734375
0.0500259399414063 0.0234603881835938 -0.77947998046875 0.19012451171875
-0.003662109375 0.0373497009277344 -0.193359375 0.5828857421875
-0.0430450439453125 0.00625991821289063 0.209320068359375 0.430755615234375
-0.0369377136230469 -0.0210609436035156 0.318939208984375 0.048919677734375
-0.0109100341796875 -0.0224342346191406 0.196426391601563 -0.220062255859375
-0.0300445556640625 -0.0272579193115234 -0.137847900390625 0.20294189453125
-0.00936698913574219 -0.0246200561523438 -0.212753295898438 -0.096771240234375
-0.0114593505859375 0.0161361694335938 -0.098663330078125 -0.497772216796875
0.0167694091796875 0.0376548767089844 0.35382080078125 -0.61566162109375
0.0426406860351563 0.0386772155761719 0.7794189453125 -0.0302734375
0.0585975646972656 0.0391578674316406 0.58258056640625 0.6480712890625
0.0438613891601563 0.111190795898437 0.098388671875 0.578125
-0.00256347656250001 0.137870788574219 0.0427169799804688 -0.0189933776855469
0.0597000122070313 0.0884857177734375 -0.19976806640625 -0.58502197265625
0.0849609375 0.00597381591796875 -0.7724609375 -0.423583984375
0.0462875366210938 0.00674819946289062 -0.7071533203125 0.32666015625
0.00215530395507812 0.0218238830566406 -0.0710449218749999 0.5797119140625
-0.0298862457275391 -0.00177383422851563 0.288970947265625 0.3653564453125
-0.0301322937011719 -0.0193214416503906 0.338897705078125 0.003509521484375
-0.0108652114868164 -0.0160589218139648 0.189971923828125 -0.231414794921875
-0.0271434783935547 -0.0182952880859375 -0.138748168945312 0.189956665039063
0.00295448303222656 -0.0213184356689453 -0.189468383789063 -0.135543823242187
0.00685453414916992 0.00156736373901367 -0.0274658203125001 -0.52960205078125
0.0222568511962891 0.0224094390869141 0.447235107421875 -0.558349609375
0.0290813446044922 0.0298271179199219 0.7811279296875 0.120361328125
0.0312862396240234 0.0315055847167969 0.46966552734375 0.7572021484375
0.0201416015625 0.096435546875 0.029937744140625 0.5577392578125
-0.00681304931640624 0.110298156738281 0.0448379516601563 -0.0743255615234375
0.0433578491210938 0.0632858276367188 -0.28399658203125 -0.57977294921875
0.060302734375 -0.0139579772949219 -0.82635498046875 -0.29022216796875
0.0340976715087891 -0.0120334625244141 -0.62249755859375 0.4290771484375
0.00762128829956055 0.0036468505859375 0.03045654296875 0.560394287109375
-0.0126218795776367 -0.00973224639892578 0.345123291015625 0.2999267578125
-0.0207901000976563 -0.0139732360839844 0.348236083984375 -0.035797119140625
-0.010737419128418 -0.00919246673583984 0.17938232421875 -0.240463256835938
-0.0228614807128906 -0.00886154174804688 -0.144134521484375 0.177597045898438
0.0179462432861328 -0.0163440704345703 -0.17303466796875 -0.164871215820313
0.027191162109375 -0.0136528015136719 0.02154541015625 -0.5433349609375
0.0242652893066406 0.00580787658691406 0.50897216796875 -0.50164794921875
0.0112876892089844 0.0145483016967773 0.76898193359375 0.23162841796875
-0.000892162322998046 0.00375747680664062 0.3790283203125 0.8201904296875
0.004180908203125 0.0552902221679687 -0.0126953125 0.534088134765625
-0.00691604614257812 0.0625190734863281 0.048583984375 -0.114784240722656
0.0146217346191406 0.0296115875244141 -0.3394775390625 -0.5684814453125
0.0230197906494141 -0.0290985107421875 -0.8472900390625 -0.192138671875
0.0158729553222656 -0.0260181427001953 -0.5577392578125 0.490264892578125
0.00947475433349609 -0.0144224166870117 0.09417724609375 0.540985107421875
0.00353431701660156 -0.0197887420654297 0.37371826171875 0.256011962890625
-0.00784492492675781 -0.00774049758911133 0.3487548828125 -0.06329345703125
-0.00743389129638672 -0.00148534774780273 0.171524047851563 -0.2440185546875
-0.0187149047851563 -0.000711441040039062 -0.148117065429688 0.173095703125
0.0341739654541016 -0.0126609802246094 -0.17413330078125 -0.1751708984375
0.0445022583007813 -0.02606201171875 0.0359497070312499 -0.546539306640625
0.0249919891357422 -0.00980567932128906 0.528533935546875 -0.47418212890625
-0.0105113983154297 -0.0092458724975586 0.75775146484375 0.2735595703125
-0.0301437377929688 -0.0377998352050781 0.33917236328125 0.8377685546875
-0.000422477722167969 -0.0031888484954834 -0.025177001953125 0.519256591796875
-0.0029904842376709 0.00181341171264648 0.0553054809570312 -0.132347106933594
-0.0224571228027344 -0.00686454772949219 -0.35498046875 -0.565185546875
-0.0219268798828125 -0.0391349792480469 -0.84649658203125 -0.15240478515625
-0.00643157958984375 -0.0356559753417969 -0.52630615234375 0.517669677734375
0.0107784271240234 -0.0302276611328125 0.1151123046875 0.53631591796875
0.0197849273681641 -0.0294113159179687 0.378082275390625 0.236724853515625
0.0057525634765625 -0.00257301330566406 0.34234619140625 -0.0750732421875
-0.00385808944702148 0.00636053085327148 0.162750244140625 -0.248931884765625
-0.0150547027587891 0.0044698715209961 -0.1573486328125 0.172653198242188
0.0461807250976563 -0.00669479370117188 -0.19012451171875 -0.172195434570313
0.0585899353027344 -0.0349502563476563 0.00961303710937504 -0.539703369140625
0.0217800140380859 -0.0219554901123047 0.5050048828125 -0.484100341796875
-0.03265380859375 -0.0293235778808594 0.771240234375 0.24176025390625
-0.0596847534179687 -0.0821990966796875 0.37103271484375 0.8140869140625
-0.00400543212890625 -0.0672187805175781 -0.00384521484374996 0.518280029296875
0.004119873046875 -0.063690185546875 0.0618438720703125 -0.126976013183594
-0.0538673400878906 -0.0468940734863281 -0.3328857421875 -0.57073974609375
-0.0633354187011719 -0.0469322204589844 -0.83294677734375 -0.17584228515625
-0.0275001525878906 -0.0367889404296875 -0.5411376953125 0.50946044921875
0.00835800170898438 -0.0402641296386719 0.0904846191406251 0.55303955078125
0.0324630737304688 -0.0393218994140625 0.3590087890625 0.257904052734375
0.0189571380615234 -0.000169754028320312 0.334320068359375 -0.066986083984375
0.000994682312011719 0.00990104675292969 0.159500122070313 -0.2476806640625
-0.011723518371582 0.00450706481933594 -0.16485595703125 0.1788330078125
0.0527725219726563 -0.00277328491210938 -0.219924926757812 -0.150344848632813
0.0650901794433594 -0.0380363464355469 -0.05419921875 -0.52081298828125
0.0181427001953125 -0.0260200500488281 0.440338134765625 -0.522796630859375
-0.0509376525878906 -0.0393600463867188 0.78643798828125 0.13995361328125
-0.0905303955078125 -0.112297058105469 0.4625244140625 0.75054931640625
-0.0136184692382812 -0.120933532714844 0.046539306640625 0.530517578125
0.0148544311523437 -0.122001647949219 0.0687484741210938 -0.0960693359375
-0.0740966796875 -0.0872802734375 -0.27593994140625 -0.58154296875
-0.0962982177734375 -0.0585174560546875 -0.80517578125 -0.25830078125
-0.0472068786621094 -0.0357170104980469 -0.5966796875 0.459716796875
0.00289535522460937 -0.0422477722167969 0.0233154296875 0.58447265625
0.0400314331054688 -0.0462913513183594 0.318359375 0.309967041015625
0.0287570953369141 0.00119400024414062 0.324127197265625 -0.041168212890625
0.00468158721923828 0.00928497314453125 0.16314697265625 -0.243743896484375
-0.0305366516113281 -0.0370445251464844 -0.134994506835937 0.223312377929688
-0.0199623107910156 -0.0300788879394531 -0.262313842773438 -0.00663757324218749
-0.0286102294921875 0.0306339263916016 -0.246978759765625 -0.3778076171875
0.00679397583007812 0.0629196166992188 0.1180419921875 -0.652587890625
0.0420684814453125 0.0457572937011719 0.68414306640625 -0.3184814453125
0.0714797973632813 0.0169754028320313 0.76141357421875 0.36456298828125
0.075225830078125 0.075531005859375 0.27191162109375 0.5679931640625
0.0170516967773438 0.124099731445313 0.04833984375 0.0952987670898438
0.0556793212890625 0.0931472778320313 -0.020843505859375 -0.556793212890625
0.0853805541992188 0.0292739868164063 -0.5723876953125 -0.679443359375
0.0448951721191406 0.033447265625 -0.8177490234375 0.0450439453125001
-0.011505126953125 0.0465202331542969 -0.310546875 0.56219482421875
-0.0514755249023438 0.0135002136230469 0.12371826171875 0.4783935546875
-0.0391082763671875 -0.0181388854980469 0.2889404296875 0.088043212890625
-0.010528564453125 -0.0237064361572266 0.193710327148437 -0.210067749023438
-0.0307636260986328 -0.0325489044189453 -0.1334228515625 0.214157104492188
-0.0179042816162109 -0.0266933441162109 -0.238311767578125 -0.0497283935546875
-0.0226345062255859 0.0268211364746094 -0.179473876953125 -0.4407958984375
0.0121994018554687 0.0521812438964844 0.23040771484375 -0.6480712890625
0.0460739135742188 0.0417251586914063 0.73822021484375 -0.1937255859375
0.0734176635742188 0.0297088623046875 0.68634033203125 0.502197265625
0.0660247802734375 0.101112365722656 0.18572998046875 0.57769775390625
0.00686645507812499 0.141647338867188 0.0440864562988281 0.0405960083007813
0.0630416870117187 0.0999755859375 -0.1102294921875 -0.57452392578125
0.0920181274414063 0.0225601196289062 -0.6832275390625 -0.55389404296875
0.0498466491699219 0.0227928161621094 -0.77227783203125 0.19647216796875
-0.0039215087890625 0.0370941162109375 -0.1883544921875 0.5809326171875
-0.0430412292480469 0.00706863403320313 0.211822509765625 0.425048828125
-0.0364418029785156 -0.0203475952148438 0.3167724609375 0.04571533203125
-0.0108413696289062 -0.0213241577148438 0.191940307617188 -0.220474243164063
-0.0300579071044922 -0.0265254974365234 -0.133758544921875 0.201187133789063
-0.0102195739746094 -0.0241336822509766 -0.211013793945312 -0.0941619873046875
-0.0106592178344727 0.0156726837158203 -0.101531982421875 -0.49139404296875
0.0184974670410156 0.0382919311523438 0.3431396484375 -0.61346435546875
0.0421829223632812 0.0380630493164063 0.77191162109375 -0.03717041015625
0.0582008361816406 0.0373878479003906 0.58343505859375 0.6378173828125
0.0444107055664062 0.109672546386719 0.10162353515625 0.57232666015625
-0.000465393066406236 0.137306213378906 0.0423622131347656 -0.0199661254882812
0.0597381591796875 0.0878982543945313 -0.202880859375 -0.57940673828125
0.0839614868164063 0.00469207763671875 -0.76983642578125 -0.41259765625
0.0463027954101563 0.00552749633789063 -0.6983642578125 0.32806396484375
0.00260353088378906 0.0215091705322266 -0.06658935546875 0.57568359375
-0.0292167663574219 -0.000738143920898437 0.28900146484375 0.360137939453125
-0.0308589935302734 -0.0188579559326172 0.335906982421875 0.001190185546875
-0.0112056732177734 -0.0157651901245117 0.185791015625 -0.231109619140625
-0.0276451110839844 -0.017303466796875 -0.135543823242188 0.18817138671875
0.00224113464355469 -0.0206432342529297 -0.18841552734375 -0.132461547851563
0.00636863708496094 0.00124549865722656 -0.03173828125 -0.524810791015625
0.0227108001708984 0.0218620300292969 0.438018798828125 -0.557037353515625
0.0298633575439453 0.0290966033935547 0.77630615234375 0.1126708984375
0.0306968688964844 0.0305290222167969 0.47216796875 0.7459716796875
0.0216827392578125 0.0953826904296875 0.034637451171875 0.5533447265625
-0.00570678710937501 0.109855651855469 0.0431976318359375 -0.0742721557617188
0.0437507629394531 0.0632972717285156 -0.285400390625 -0.572998046875
0.0592002868652344 -0.0151176452636719 -0.822021484375 -0.27972412109375
0.0338459014892578 -0.0127162933349609 -0.61505126953125 0.43048095703125
0.00732994079589844 0.00309896469116211 0.034271240234375 0.554779052734375
-0.0135154724121094 -0.0100936889648437 0.345611572265625 0.29461669921875
-0.0215587615966797 -0.0134620666503906 0.34490966796875 -0.038787841796875
-0.0101871490478516 -0.00801372528076172 0.175628662109375 -0.239990234375
-0.0228328704833984 -0.00754928588867187 -0.14117431640625 0.177810668945313
0.0172395706176758 -0.0161104202270508 -0.173187255859375 -0.162933349609375
0.0267486572265625 -0.0137729644775391 0.015716552734375 -0.53814697265625
0.0237770080566406 0.00572013854980469 0.50238037109375 -0.50152587890625
0.011322021484375 0.0133342742919922 0.7637939453125 0.22314453125
-0.000785112380981445 0.00418281555175781 0.382080078125 0.8092041015625
0.00482940673828125 0.0554046630859375 -0.00698852539062497 0.528564453125
-0.00548171997070312 0.0628395080566406 0.048370361328125 -0.115516662597656
0.0147914886474609 0.0293540954589844 -0.33868408203125 -0.561676025390625
0.0220317840576172 -0.0300865173339844 -0.841064453125 -0.18450927734375
0.0154857635498047 -0.0265350341796875 -0.5496826171875 0.490936279296875
0.00918388366699219 -0.0146045684814453 0.09600830078125 0.535247802734375
0.00240707397460937 -0.0199966430664063 0.37261962890625 0.249114990234375
-0.009124755859375 -0.00675392150878906 0.3447265625 -0.065216064453125
-0.00739812850952148 -0.000413894653320313 0.166824340820313 -0.244003295898438
-0.0183811187744141 0.000864028930664061 -0.1451416015625 0.173446655273438
0.0331859588623047 -0.0134143829345703 -0.174224853515625 -0.173004150390625
0.0443229675292969 -0.0270271301269531 0.028289794921875 -0.542877197265625
0.0244636535644531 -0.0104598999023438 0.51959228515625 -0.473297119140625
-0.0102252960205078 -0.00978374481201172 0.7535400390625 0.26727294921875
-0.0302581787109375 -0.03729248046875 0.34295654296875 0.82867431640625
0.000622272491455078 -0.00310826301574707 -0.0206298828125 0.51495361328125
-0.00214004516601562 0.00233292579650879 0.0538558959960938 -0.131782531738281
-0.0214176177978516 -0.00611686706542969 -0.356170654296875 -0.557098388671875
-0.0218658447265625 -0.0383033752441406 -0.84039306640625 -0.14483642578125
-0.00617790222167969 -0.0345745086669922 -0.51763916015625 0.518585205078125
0.00966453552246094 -0.0310306549072266 0.11822509765625 0.5301513671875
0.0190219879150391 -0.0296173095703125 0.375823974609375 0.23199462890625
0.00583362579345703 -0.00265741348266602 0.338653564453125 -0.078216552734375
-0.00372457504272461 0.00674772262573242 0.158309936523438 -0.248809814453125
-0.0145730972290039 0.00528526306152343 -0.153839111328125 0.172882080078125
0.0447807312011719 -0.00673675537109375 -0.190811157226563 -0.169342041015625
0.0576248168945313 -0.0358009338378906 0.004425048828125 -0.535919189453125
0.0215263366699219 -0.0223274230957031 0.498992919921875 -0.48309326171875
-0.0320377349853516 -0.0287666320800781 0.76458740234375 0.23406982421875
-0.0599441528320313 -0.0810089111328125 0.37518310546875 0.80621337890625
-0.00439834594726563 -0.0654983520507813 0.000213623046874953 0.514556884765625
0.00509643554687501 -0.0627059936523437 0.06011962890625 -0.127105712890625
-0.0540695190429688 -0.0450363159179688 -0.33551025390625 -0.56341552734375
-0.0636100769042969 -0.0450859069824219 -0.8277587890625 -0.166748046875
-0.0271377563476563 -0.0367851257324219 -0.5322265625 0.510589599609375
0.00693511962890625 -0.0401763916015625 0.0947570800781249 0.5469970703125
0.0310859680175781 -0.0391502380371094 0.35760498046875 0.25201416015625
0.0188694000244141 0.000410079956054688 0.3309326171875 -0.0684814453125
0.000749588012695312 0.0103950500488281 0.156143188476563 -0.248046875
-0.0114173889160156 0.00558090209960937 -0.162673950195313 0.178207397460937
0.0509681701660156 -0.00204086303710938 -0.219223022460938 -0.147506713867188
0.0644569396972656 -0.0385932922363281 -0.05731201171875 -0.5146484375
0.0174236297607422 -0.0259971618652344 0.433502197265625 -0.522186279296875
-0.0511016845703125 -0.0395164489746094 0.7789306640625 0.13153076171875
-0.0914535522460938 -0.110488891601562 0.4656982421875 0.7413330078125
-0.0141754150390625 -0.119819641113281 0.051849365234375 0.526824951171875
0.0139312744140625 -0.119850158691406 0.067108154296875 -0.09539794921875
-0.07373046875 -0.085723876953125 -0.27728271484375 -0.5762939453125
-0.0966796875 -0.0565414428710937 -0.80120849609375 -0.24896240234375
-0.0468368530273438 -0.0353431701660156 -0.58868408203125 0.4635009765625
0.00250244140625 -0.0422325134277344 0.0281982421875 0.5794677734375
0.0385551452636719 -0.0458984375 0.317840576171875 0.303466796875
0.0279788970947266 0.00112533569335938 0.3203125 -0.04412841796875
0.00508308410644531 0.00970649719238281 0.159210205078125 -0.24322509765625
-0.0305709838867187 -0.0358390808105469 -0.13055419921875 0.222259521484375
-0.0213603973388672 -0.0300235748291016 -0.259429931640625 -0.00456237792968745
-0.0282974243164062 0.0305328369140625 -0.247894287109375 -0.3717041015625
0.00700759887695313 0.0618438720703125 0.11181640625 -0.64605712890625
0.0415687561035156 0.0450973510742188 0.6744384765625 -0.32183837890625
0.0710220336914063 0.0152587890625 0.75726318359375 0.35308837890625
0.0760421752929688 0.0748214721679688 0.273223876953125 0.561614990234375
0.0178680419921875 0.122932434082031 0.0489654541015625 0.0942916870117188
0.0564804077148438 0.0925140380859375 -0.023590087890625 -0.553131103515625
0.0842056274414063 0.0281600952148437 -0.5716552734375 -0.67144775390625
0.0453872680664062 0.0327110290527344 -0.8125 0.05072021484375
-0.0109939575195313 0.046356201171875 -0.304046630859375 0.55889892578125
-0.0516395568847656 0.0138587951660156 0.125518798828125 0.4736328125
-0.0400924682617188 -0.017578125 0.287109375 0.08599853515625
-0.0105533599853516 -0.0222740173339844 0.190383911132813 -0.21044921875
-0.0317859649658203 -0.0311470031738281 -0.13037109375 0.2125244140625
-0.0187149047851563 -0.0259838104248047 -0.236099243164063 -0.0462799072265625
-0.0224494934082031 0.0263004302978516 -0.179779052734375 -0.435699462890625
0.0129318237304687 0.0525970458984375 0.22119140625 -0.64495849609375
0.0463142395019531 0.040863037109375 0.72906494140625 -0.1962890625
0.0721435546875 0.0281753540039063 0.68572998046875 0.493408203125
0.0656585693359375 0.0997390747070313 0.1895751953125 0.5699462890625
0.0089874267578125 0.140914916992188 0.0438270568847656 0.0393257141113281
0.0634231567382812 0.0986404418945312 -0.11260986328125 -0.56781005859375
0.0911102294921875 0.0211868286132813 -0.68280029296875 -0.54376220703125
0.0505218505859375 0.0222320556640625 -0.76544189453125 0.19879150390625
-0.00297164916992187 0.0363693237304688 -0.18267822265625 0.5767822265625
-0.042999267578125 0.00772094726562499 0.2130126953125 0.4193115234375
-0.0374259948730469 -0.0200424194335938 0.314208984375 0.043975830078125
-0.0104713439941406 -0.0197963714599609 0.188796997070313 -0.220687866210938
-0.0304450988769531 -0.0248069763183594 -0.130218505859375 0.20062255859375
-0.0115451812744141 -0.0235137939453125 -0.210479736328125 -0.091644287109375
-0.0103874206542969 0.0151996612548828 -0.106109619140625 -0.487091064453125
0.01861572265625 0.0375251770019531 0.33355712890625 -0.6126708984375
0.0414237976074219 0.0364646911621094 0.7650146484375 -0.04400634765625
0.0576362609863281 0.0356407165527344 0.58349609375 0.62799072265625
0.044403076171875 0.109962463378906 0.10552978515625 0.56768798828125
0.0010833740234375 0.137321472167969 0.041900634765625 -0.0194053649902344
0.0600738525390625 0.0872344970703125 -0.20611572265625 -0.5728759765625
0.0833053588867188 0.00372314453125 -0.766357421875 -0.4046630859375
0.0467453002929688 0.00516891479492188 -0.691162109375 0.33172607421875
0.00326919555664062 0.0207653045654297 -0.06256103515625 0.57086181640625
-0.0304164886474609 -0.000705718994140629 0.289459228515625 0.35443115234375
-0.0308952331542969 -0.0175075531005859 0.332244873046875 -0.0018310546875
-0.0108041763305664 -0.0150356292724609 0.182846069335938 -0.231475830078125
-0.0271701812744141 -0.0148448944091797 -0.13232421875 0.188079833984375
0.00142860412597656 -0.0201969146728516 -0.187789916992188 -0.130157470703125
0.0066828727722168 0.000315666198730469 -0.0367431640625 -0.5205078125
0.0226078033447266 0.0215625762939453 0.427581787109375 -0.557220458984375
0.0296344757080078 0.0285358428955078 0.7703857421875 0.10491943359375
0.0297775268554688 0.029388427734375 0.473876953125 0.7369384765625
0.02166748046875 0.0948028564453125 0.038909912109375 0.548919677734375
-0.00388336181640626 0.110000610351562 0.0435638427734375 -0.0741958618164063
0.0442085266113281 0.0630645751953125 -0.28570556640625 -0.56689453125
0.058074951171875 -0.0150146484375 -0.81781005859375 -0.27069091796875
0.0335502624511719 -0.0132999420166016 -0.607177734375 0.43218994140625
0.0076756477355957 0.00313043594360352 0.03778076171875 0.551025390625
-0.0141878128051758 -0.0102224349975586 0.34368896484375 0.290191650390625
-0.0219707489013672 -0.0133132934570312 0.340423583984375 -0.041168212890625
-0.0100221633911133 -0.00668811798095703 0.172760009765625 -0.239288330078125
-0.0226688385009766 -0.00581932067871094 -0.137664794921875 0.177215576171875
0.0155677795410156 -0.0164909362792969 -0.172760009765625 -0.160690307617188
0.0261878967285156 -0.0146369934082031 0.0113525390625 -0.533050537109375
0.0238590240478516 0.00417518615722656 0.490936279296875 -0.499847412109375
0.0110254287719727 0.0132570266723633 0.75860595703125 0.2142333984375
-0.00160932540893555 0.0046238899230957 0.38421630859375 0.8006591796875
0.00563049316406249 0.0548248291015625 -0.00405883789062495 0.524658203125
-0.00429153442382813 0.0624961853027344 0.0467910766601563 -0.114120483398438
0.0142173767089844 0.031005859375 -0.339996337890625 -0.555145263671875
0.0213947296142578 -0.0297565460205078 -0.83514404296875 -0.1761474609375
0.0152359008789063 -0.0269794464111328 -0.54119873046875 0.492584228515625
0.00880908966064453 -0.0151615142822266 0.099212646484375 0.52947998046875
0.00317192077636719 -0.01959228515625 0.371795654296875 0.24444580078125
-0.00942420959472656 -0.00719833374023438 0.341949462890625 -0.0677490234375
-0.00665044784545899 0.000744819641113281 0.163375854492188 -0.243484497070313
-0.0179862976074219 0.00252342224121094 -0.142623901367187 0.171478271484375
0.0321140289306641 -0.0120105743408203 -0.174072265625 -0.170196533203125
0.0434112548828125 -0.0275993347167969 0.025634765625 -0.53668212890625
0.0250186920166016 -0.0105667114257813 0.510467529296875 -0.4722900390625
-0.0099334716796875 -0.00972366333007813 0.74920654296875 0.2572021484375
-0.0312767028808594 -0.0375213623046875 0.34747314453125 0.8197021484375
0.000194311141967773 -0.00254011154174805 -0.016082763671875 0.5111083984375
-0.00228810310363769 0.00212788581848145 0.0526962280273438 -0.131813049316406
-0.0215415954589844 -0.00510406494140625 -0.358306884765625 -0.5504150390625
-0.0228347778320312 -0.0377693176269531 -0.83538818359375 -0.13739013671875
-0.0063323974609375 -0.0353927612304688 -0.508697509765625 0.51873779296875
0.0101222991943359 -0.0309333801269531 0.119720458984375 0.523681640625
0.0178565979003906 -0.0303211212158203 0.375 0.22747802734375
0.00413823127746582 -0.00232601165771484 0.33514404296875 -0.079833984375
-0.00315952301025391 0.00725746154785156 0.155441284179687 -0.247406005859375
-0.0139875411987305 0.00677490234375 -0.150177001953125 0.172210693359375
0.0440483093261719 -0.0064849853515625 -0.190109252929688 -0.166152954101563
0.0565147399902344 -0.0365867614746094 0.000213623046875015 -0.52947998046875
0.0211753845214844 -0.0217437744140625 0.488616943359375 -0.482086181640625
-0.0328693389892578 -0.0289802551269531 0.7603759765625 0.225830078125
-0.0608291625976563 -0.0799026489257812 0.37799072265625 0.79583740234375
-0.0042724609375 -0.0647621154785156 0.00335693359375005 0.509918212890625
0.00569534301757813 -0.0622596740722656 0.0592803955078125 -0.126388549804688
-0.0533409118652344 -0.0441551208496094 -0.3370361328125 -0.5577392578125
-0.0638160705566406 -0.0450019836425781 -0.82257080078125 -0.16131591796875
-0.0274772644042969 -0.0360679626464844 -0.525421142578125 0.509521484375
0.00722122192382813 -0.0401153564453125 0.09765625 0.542938232421875
0.03033447265625 -0.0391082763671875 0.356048583984375 0.24725341796875
0.017512321472168 1.04904174804688E-05 0.327606201171875 -0.071380615234375
0.00191211700439453 0.0105733871459961 0.1531982421875 -0.246566772460938
-0.0105571746826172 0.00736045837402344 -0.159149169921875 0.1778564453125
0.0512123107910156 -0.002593994140625 -0.218505859375 -0.14508056640625
0.0632514953613281 -0.0391159057617188 -0.060821533203125 -0.5101318359375
0.0172309875488281 -0.0256481170654297 0.4237060546875 -0.5203857421875
-0.0519218444824219 -0.0388717651367188 0.773193359375 0.1251220703125
-0.0919952392578125 -0.109085083007812 0.46771240234375 0.7313232421875
-0.0143356323242188 -0.117599487304688 0.05352783203125 0.520599365234375
0.0145263671875 -0.118324279785156 0.065643310546875 -0.0955734252929688
-0.073455810546875 -0.0839996337890625 -0.27838134765625 -0.56982421875
-0.0965805053710937 -0.0558242797851563 -0.7947998046875 -0.24163818359375
-0.0467529296875 -0.0344200134277344 -0.580078125 0.46337890625
0.00210952758789063 -0.0422286987304688 0.0328979492187501 0.574462890625
0.0373191833496094 -0.0462493896484375 0.317657470703125 0.298583984375
0.0268783569335938 0.00129508972167969 0.317474365234375 -0.045928955078125
0.00631237030029297 0.00976276397705078 0.156051635742188 -0.242843627929688
-0.0301704406738281 -0.0350685119628906 -0.127349853515625 0.220947265625
-0.0215053558349609 -0.0282669067382812 -0.256591796875 -0.00347900390625006
-0.0274677276611328 0.0303802490234375 -0.24871826171875 -0.36798095703125
0.00751113891601562 0.0618095397949219 0.10504150390625 -0.642333984375
0.0415153503417969 0.0455360412597656 0.66656494140625 -0.32373046875
0.0693511962890625 0.0145454406738281 0.75372314453125 0.3460693359375
0.0751953125 0.0739288330078125 0.2728271484375 0.55517578125
0.019683837890625 0.122322082519531 0.0484542846679688 0.0927658081054688
0.0558242797851562 0.0912551879882813 -0.027984619140625 -0.547271728515625
0.0839920043945313 0.0270462036132813 -0.57098388671875 -0.6612548828125
0.04510498046875 0.0317420959472656 -0.80712890625 0.0557250976562502
-0.0101089477539062 0.0458755493164063 -0.298126220703125 0.55596923828125
-0.0510063171386719 0.0142478942871094 0.12872314453125 0.469451904296875
-0.0396575927734375 -0.0166893005371094 0.285186767578125 0.08306884765625
-0.0112266540527344 -0.0219554901123047 0.18780517578125 -0.210128784179688
-0.0315532684326172 -0.0301017761230469 -0.126678466796875 0.2110595703125
-0.0194492340087891 -0.0255794525146484 -0.233749389648438 -0.0449981689453125
-0.0219554901123047 0.0256614685058594 -0.181976318359375 -0.429901123046875
0.0136528015136719 0.0510520935058594 0.214599609375 -0.6400146484375
0.0454483032226563 0.0406875610351563 0.721923828125 -0.2001953125
0.0708999633789063 0.0265274047851563 0.68310546875 0.485107421875
0.0657424926757813 0.09893798828125 0.19061279296875 0.56524658203125
0.00992584228515626 0.140464782714844 0.0438461303710938 0.0390396118164063
0.062896728515625 0.0975723266601563 -0.1141357421875 -0.56365966796875
0.0911636352539062 0.0208282470703125 -0.6805419921875 -0.53741455078125
0.0507049560546875 0.0213088989257813 -0.75921630859375 0.20172119140625
-0.00290679931640625 0.0365753173828125 -0.178955078125 0.57281494140625
-0.0433120727539063 0.0078887939453125 0.21356201171875 0.415496826171875
-0.0377044677734375 -0.0193405151367188 0.3115234375 0.040924072265625
-0.0108242034912109 -0.0188083648681641 0.18505859375 -0.219253540039063
-0.0298919677734375 -0.023101806640625 -0.126800537109375 0.198348999023438
-0.0116939544677734 -0.0229568481445312 -0.208694458007813 -0.09063720703125
-0.0101518630981445 0.01507568359375 -0.107391357421875 -0.4814453125
0.0189437866210938 0.037322998046875 0.32623291015625 -0.6080322265625
0.04180908203125 0.0358734130859375 0.7568359375 -0.048583984375
0.056488037109375 0.0342483520507813 0.58233642578125 0.61822509765625
0.0457229614257813 0.107589721679687 0.107574462890625 0.56182861328125
0.00160980224609375 0.136138916015625 0.0414924621582031 -0.0199928283691406
0.06011962890625 0.08636474609375 -0.2066650390625 -0.56829833984375
0.081939697265625 0.0034027099609375 -0.7620849609375 -0.396728515625
0.0461883544921875 0.00499725341796875 -0.68536376953125 0.33203125
0.00334548950195312 0.020355224609375 -0.05908203125 0.56573486328125
-0.0306453704833984 -0.00117301940917968 0.28973388671875 0.350677490234375
-0.0318222045898437 -0.0174484252929688 0.3299560546875 -0.003692626953125
-0.0108880996704102 -0.0133829116821289 0.179656982421875 -0.229598999023438
-0.0269412994384766 -0.0138301849365234 -0.12969970703125 0.186614990234375
0.000850677490234377 -0.0201072692871094 -0.186477661132813 -0.128662109375
0.00653743743896484 0.000319957733154297 -0.040557861328125 -0.515289306640625
0.0232658386230469 0.0205249786376953 0.420135498046875 -0.55291748046875
0.0292987823486328 0.027801513671875 0.7623291015625 0.0986328125
0.0302276611328125 0.0285587310791016 0.47467041015625 0.728515625
0.0224990844726562 0.093231201171875 0.040985107421875 0.54278564453125
-0.00270080566406249 0.109397888183594 0.0426406860351562 -0.07489013671875
0.0438880920410156 0.0621452331542969 -0.286865234375 -0.5589599609375
0.0577354431152344 -0.0160331726074219 -0.8106689453125 -0.2645263671875
0.0333309173583984 -0.0135440826416016 -0.59918212890625 0.43115234375
0.0073246955871582 0.0018610954284668 0.03924560546875 0.5455322265625
-0.0151796340942383 -0.0100460052490234 0.342864990234375 0.2850341796875
-0.0219802856445313 -0.0127658843994141 0.3375244140625 -0.0433349609375
-0.00986480712890625 -0.00580883026123047 0.169281005859375 -0.23870849609375
-0.0215473175048828 -0.00474739074707032 -0.135589599609375 0.175811767578125
0.0150146484375 -0.0150918960571289 -0.173187255859375 -0.158172607421875
0.0262374877929688 -0.0151596069335937 0.00802612304687497 -0.528289794921875
0.0241184234619141 0.00429344177246094 0.48486328125 -0.49713134765625
0.0108480453491211 0.0129947662353516 0.75238037109375 0.20831298828125
-0.00152230262756348 0.00332522392272949 0.386474609375 0.79180908203125
0.00582504272460937 0.0532798767089844 -0.00158691406249997 0.519195556640625
-0.00374603271484375 0.0620918273925781 0.0460433959960938 -0.1141357421875
0.015594482421875 0.0301837921142578 -0.34124755859375 -0.548431396484375
0.0197467803955078 -0.0291652679443359 -0.829833984375 -0.1700439453125
0.0150947570800781 -0.0273494720458984 -0.534332275390625 0.491607666015625
0.00911903381347656 -0.0151844024658203 0.101409912109375 0.524749755859375
0.00131034851074219 -0.0206985473632813 0.36962890625 0.24139404296875
-0.0106191635131836 -0.00585079193115234 0.33721923828125 -0.0694580078125
-0.00629234313964844 0.000961780548095703 0.160079956054688 -0.241485595703125
-0.0176143646240234 0.00348091125488281 -0.14013671875 0.171112060546875
0.0314254760742188 -0.0121307373046875 -0.17462158203125 -0.168243408203125
0.0426292419433594 -0.02825927734375 0.0215148925781251 -0.53204345703125
0.0243186950683594 -0.0104885101318359 0.50262451171875 -0.470672607421875
-0.0106105804443359 -0.0103473663330078 0.7423095703125 0.25042724609375
-0.0312538146972656 -0.0373611450195312 0.34906005859375 0.81072998046875
-0.000436782836914063 -0.00195825099945068 -0.0135498046875 0.506195068359375
-0.000447988510131836 0.0025479793548584 0.0524139404296875 -0.132110595703125
-0.0203113555908203 -0.00530624389648438 -0.357269287109375 -0.54437255859375
-0.0232963562011719 -0.0369300842285156 -0.82965087890625 -0.13165283203125
-0.00630569458007813 -0.0342998504638672 -0.5020751953125 0.51806640625
0.00934028625488281 -0.0303001403808594 0.12249755859375 0.5191650390625
0.0165958404541016 -0.0294876098632812 0.373565673828125 0.22222900390625
0.0044398307800293 -0.00270652770996094 0.3319091796875 -0.08148193359375
-0.00260686874389648 0.00779104232788086 0.151947021484375 -0.247344970703125
-0.0134353637695313 0.00768947601318359 -0.147735595703125 0.170989990234375
0.0433807373046875 -0.00687789916992188 -0.189987182617188 -0.163726806640625
0.0560073852539063 -0.0367851257324219 -0.00350952148437503 -0.5244140625
0.0211620330810547 -0.0223178863525391 0.48028564453125 -0.481170654296875
-0.0325164794921875 -0.0294113159179687 0.754150390625 0.2183837890625
-0.0608139038085938 -0.0781173706054688 0.38018798828125 0.78765869140625
-0.003936767578125 -0.0635414123535156 0.00689697265625001 0.506378173828125
0.00565338134765625 -0.0615425109863281 0.057830810546875 -0.126350402832031
-0.0526046752929688 -0.0432014465332031 -0.33721923828125 -0.549835205078125
-0.0636177062988281 -0.0434341430664063 -0.81683349609375 -0.1533203125
-0.0281448364257813 -0.0363426208496094 -0.518157958984375 0.509063720703125
0.00726699829101563 -0.0411643981933594 0.0993041992187501 0.535064697265625
0.0289192199707031 -0.0393714904785156 0.3544921875 0.242431640625
0.0173206329345703 0.000181198120117188 0.324737548828125 -0.073028564453125
0.00213050842285156 0.0110721588134766 0.151077270507813 -0.246139526367188
-0.00992488861083984 0.00770759582519531 -0.156448364257812 0.177017211914063
0.0503425598144531 -0.00262451171875 -0.217819213867188 -0.142532348632812
0.0622444152832031 -0.0394020080566406 -0.06475830078125 -0.5052490234375
0.0173511505126953 -0.0261516571044922 0.417388916015625 -0.517333984375
-0.0517234802246094 -0.0390625 0.76654052734375 0.11749267578125
-0.0919647216796875 -0.107490539550781 0.46710205078125 0.72332763671875
-0.0155105590820312 -0.116500854492188 0.055145263671875 0.51617431640625
0.0144424438476563 -0.117706298828125 0.0645751953125 -0.0952377319335938
-0.0727615356445313 -0.08209228515625 -0.28082275390625 -0.56341552734375
-0.0957794189453125 -0.0544815063476562 -0.7886962890625 -0.2369384765625
-0.0478935241699219 -0.0344009399414063 -0.5745849609375 0.46417236328125
0.00107955932617188 -0.0422248840332031 0.0339355468749999 0.56903076171875
0.0355987548828125 -0.0459442138671875 0.315948486328125 0.293853759765625
0.0270423889160156 0.00096893310546875 0.314453125 -0.046478271484375
0.00611495971679688 0.0102663040161133 0.152359008789063 -0.242141723632813
-0.0306739807128906 -0.0332813262939453 -0.124755859375 0.219757080078125
-0.0230331420898437 -0.0285053253173828 -0.254196166992188 -0.00175476074218749
-0.0278301239013672 0.0297985076904297 -0.247344970703125 -0.362640380859375
0.00896453857421875 0.0618972778320313 0.0994873046875 -0.63739013671875
0.0408058166503906 0.0442695617675781 0.658447265625 -0.32562255859375
0.0682487487792969 0.0134201049804687 0.74932861328125 0.33856201171875
0.0754165649414063 0.0718994140625 0.27392578125 0.549041748046875
0.0199661254882812 0.121307373046875 0.0478363037109375 0.0914993286132813
0.0557708740234375 0.0906295776367188 -0.028228759765625 -0.5433349609375
0.0831680297851563 0.027069091796875 -0.57012939453125 -0.65509033203125
0.0453681945800781 0.0312843322753906 -0.799560546875 0.0570678710937501
-0.0100059509277344 0.0455665588378906 -0.296630859375 0.552734375
-0.0519905090332031 0.0148391723632813 0.129364013671875 0.464263916015625
-0.0399665832519531 -0.0153732299804688 0.282684326171875 0.08099365234375
-0.00994110107421875 -0.0208301544189453 0.184356689453125 -0.209182739257813
-0.0320854187011719 -0.0285243988037109 -0.124298095703125 0.209457397460938
-0.0200881958007812 -0.0249843597412109 -0.232254028320313 -0.044219970703125
-0.0217113494873047 0.0254364013671875 -0.181854248046875 -0.424560546875
0.0144424438476562 0.0514183044433594 0.207763671875 -0.6348876953125
0.0449981689453125 0.0399436950683594 0.71295166015625 -0.20263671875
0.07037353515625 0.0252914428710938 0.68011474609375 0.47808837890625
0.0661239624023438 0.0980072021484375 0.19244384765625 0.559295654296875
0.0108184814453125 0.140022277832031 0.0432662963867188 0.0381851196289063
0.06158447265625 0.0968399047851563 -0.115264892578125 -0.5577392578125
0.089813232421875 0.0193710327148438 -0.67706298828125 -0.52838134765625
0.0507659912109375 0.02117919921875 -0.75079345703125 0.20355224609375
-0.00244903564453125 0.03582763671875 -0.17547607421875 0.5692138671875
-0.0436782836914062 0.00794219970703125 0.212677001953125 0.411773681640625
-0.0386390686035156 -0.0183792114257812 0.3087158203125 0.040008544921875
-0.0109062194824219 -0.0183906555175781 0.1822509765625 -0.218490600585938
-0.0299949645996094 -0.0220985412597656 -0.124710083007812 0.197158813476563
-0.0132179260253906 -0.0225620269775391 -0.207321166992187 -0.0892791748046875
-0.010289192199707 0.0148239135742188 -0.109527587890625 -0.476898193359375
0.0195541381835938 0.036224365234375 0.31982421875 -0.60321044921875
0.0414047241210938 0.0348930358886719 0.7498779296875 -0.05181884765625
0.0559310913085938 0.0335197448730469 0.58148193359375 0.61114501953125
0.0453338623046875 0.106842041015625 0.1107177734375 0.5570068359375
0.00369262695312499 0.135284423828125 0.0415306091308594 -0.0197372436523437
0.0593719482421875 0.0859222412109375 -0.20751953125 -0.5625
0.0812759399414063 0.00284576416015625 -0.75653076171875 -0.3905029296875
0.0462226867675781 0.00408554077148438 -0.67669677734375 0.333251953125
0.00303840637207031 0.0202579498291016 -0.0572509765625 0.56195068359375
-0.0301609039306641 -0.000698089599609372 0.287872314453125 0.346282958984375
-0.0319042205810547 -0.0166511535644531 0.326629638671875 -0.004180908203125
-0.0107040405273438 -0.0136604309082031 0.176132202148438 -0.228683471679688
-0.0263633728027344 -0.0127086639404297 -0.127334594726563 0.18536376953125
-0.000211715698242188 -0.0190200805664062 -0.1865234375 -0.127517700195313
0.00590753555297852 0.000463962554931641 -0.04168701171875 -0.509613037109375
0.0227947235107422 0.0207958221435547 0.4130859375 -0.549652099609375
0.0294589996337891 0.0265064239501953 0.75555419921875 0.09503173828125
0.0293254852294922 0.0281696319580078 0.47247314453125 0.71978759765625
0.0222625732421875 0.0921249389648438 0.04351806640625 0.538330078125
-0.00119781494140624 0.108718872070313 0.0415878295898438 -0.0739517211914063
0.0444221496582031 0.0617294311523437 -0.287261962890625 -0.55523681640625
0.0563507080078125 -0.0160484313964844 -0.80645751953125 -0.25885009765625
0.0334491729736328 -0.0135040283203125 -0.5941162109375 0.431396484375
0.0075535774230957 0.00200080871582031 0.040740966796875 0.538787841796875
-0.0154314041137695 -0.00974369049072266 0.34228515625 0.28118896484375
-0.0227832794189453 -0.0114707946777344 0.334930419921875 -0.044036865234375
-0.00899887084960938 -0.00526618957519531 0.166366577148438 -0.23675537109375
-0.0215110778808594 -0.00292778015136718 -0.13262939453125 0.174758911132813
0.013859748840332 -0.0149002075195313 -0.171829223632813 -0.156112670898437
0.0247707366943359 -0.0151710510253906 0.00497436523437501 -0.52374267578125
0.0241508483886719 0.00426292419433594 0.476898193359375 -0.4947509765625
0.0108785629272461 0.0117998123168945 0.746826171875 0.20440673828125
-0.00125479698181152 0.00263452529907227 0.38531494140625 0.78289794921875
0.00587081909179687 0.0538558959960938 0.00167846679687499 0.51416015625
-0.00219345092773437 0.0624656677246094 0.04486083984375 -0.114044189453125
0.0151405334472656 0.0308170318603516 -0.340362548828125 -0.54315185546875
0.0201568603515625 -0.0285663604736328 -0.82354736328125 -0.166015625
0.0144405364990234 -0.0267543792724609 -0.5283203125 0.490631103515625
0.00876331329345703 -0.0161361694335938 0.104827880859375 0.51983642578125
0.000942230224609376 -0.0197582244873047 0.36688232421875 0.236846923828125
-0.00975131988525391 -0.00582313537597656 0.33428955078125 -0.070281982421875
-0.0063624382019043 0.00122594833374023 0.157806396484375 -0.24053955078125
-0.0161991119384766 0.00402545928955078 -0.137527465820313 0.170242309570313
0.0300636291503906 -0.0119953155517578 -0.173919677734375 -0.1666259765625
0.0416717529296875 -0.027862548828125 0.01806640625 -0.526824951171875
0.0239715576171875 -0.0110378265380859 0.49554443359375 -0.469482421875
-0.0108461380004883 -0.0108451843261719 0.73712158203125 0.2462158203125
-0.0313186645507813 -0.0366020202636719 0.34783935546875 0.80303955078125
0.000387907028198242 -0.00278997421264648 -0.011505126953125 0.500885009765625
-0.000153541564941406 0.0028378963470459 0.0515365600585938 -0.131324768066406
-0.0202655792236328 -0.004119873046875 -0.356475830078125 -0.53924560546875
-0.0238990783691406 -0.0369110107421875 -0.8221435546875 -0.12823486328125
-0.0072479248046875 -0.0335350036621094 -0.49542236328125 0.515228271484375
0.00862693786621094 -0.0313739776611328 0.121856689453125 0.511810302734375
0.0163459777832031 -0.0296077728271484 0.370025634765625 0.219085693359375
0.00300383567810059 -0.00142836570739746 0.3289794921875 -0.08203125
-0.00170373916625977 0.00819110870361328 0.149520874023438 -0.2457275390625
-0.0131978988647461 0.00876426696777344 -0.14581298828125 0.169845581054687
0.0425643920898438 -0.00670623779296875 -0.189300537109375 -0.161849975585937
0.0550613403320312 -0.037109375 -0.00604248046875001 -0.519805908203125
0.0208263397216797 -0.0223960876464844 0.474761962890625 -0.47650146484375
-0.0321407318115234 -0.0293560028076172 0.74884033203125 0.21441650390625
-0.0611495971679687 -0.077850341796875 0.3807373046875 0.78131103515625
-0.00408554077148437 -0.0636444091796875 0.00814819335937498 0.50054931640625
0.00615692138671875 -0.0605621337890625 0.0567855834960938 -0.126136779785156
-0.0520248413085937 -0.0416450500488281 -0.335052490234375 -0.544097900390625
-0.0637474060058594 -0.0432777404785156 -0.8106689453125 -0.15093994140625
-0.0278701782226563 -0.0358963012695313 -0.512359619140625 0.5062255859375
0.00632858276367187 -0.0407867431640625 0.1005859375 0.53179931640625
0.0275726318359375 -0.0393486022949219 0.353179931640625 0.23858642578125
0.0172719955444336 0.00106525421142578 0.321197509765625 -0.074462890625
0.00226783752441406 0.0113344192504883 0.147354125976563 -0.244476318359375
-0.00943088531494141 0.00944042205810547 -0.154022216796875 0.176177978515625
0.049468994140625 -0.00273513793945313 -0.2166748046875 -0.140487670898438
0.0611038208007813 -0.0401458740234375 -0.0665893554687501 -0.500396728515625
0.0169315338134766 -0.0269489288330078 0.41058349609375 -0.513916015625
-0.0517768859863281 -0.0396881103515625 0.76080322265625 0.11492919921875
-0.0923385620117188 -0.106048583984375 0.46685791015625 0.7164306640625
-0.01446533203125 -0.11505126953125 0.057769775390625 0.511871337890625
0.0140457153320312 -0.116989135742188 0.063934326171875 -0.0958633422851563
-0.0715560913085938 -0.0801925659179688 -0.27984619140625 -0.557342529296875
-0.0961456298828125 -0.0527572631835937 -0.78369140625 -0.2320556640625
-0.0474205017089844 -0.0336532592773438 -0.56744384765625 0.46221923828125
0.00153350830078125 -0.0420074462890625 0.03546142578125 0.563232421875
0.0354728698730469 -0.0453147888183594 0.31463623046875 0.290496826171875
0.0268516540527344 0.00134849548339844 0.3115234375 -0.048492431640625
0.00648212432861328 0.0109176635742188 0.150726318359375 -0.241744995117188
-0.0304794311523438 -0.0319671630859375 -0.123367309570313 0.218460083007813
-0.0236091613769531 -0.0276546478271484 -0.252349853515625 -0.00146484374999997
-0.0272235870361328 0.02984619140625 -0.24871826171875 -0.358306884765625
0.0098876953125 0.0611953735351563 0.09576416015625 -0.6317138671875
0.0410728454589844 0.0434379577636719 0.65179443359375 -0.3248291015625
0.0671730041503906 0.0118484497070313 0.7464599609375 0.33544921875
0.0751190185546875 0.0715103149414063 0.273101806640625 0.54437255859375
0.0203781127929688 0.121238708496094 0.0481796264648438 0.0906448364257813
0.0555953979492188 0.0901565551757813 -0.028533935546875 -0.53985595703125
0.0820999145507813 0.0260467529296875 -0.566162109375 -0.64630126953125
0.0462875366210937 0.030670166015625 -0.79302978515625 0.05963134765625
-0.009552001953125 0.0450630187988281 -0.293243408203125 0.548583984375
-0.0519065856933594 0.0148391723632812 0.12860107421875 0.46124267578125
-0.0397911071777344 -0.0154800415039062 0.280166625976563 0.08013916015625
-0.0107021331787109 -0.0201339721679687 0.182693481445313 -0.208572387695313
-0.0309848785400391 -0.0268993377685547 -0.121673583984375 0.20819091796875
-0.0214424133300781 -0.0246505737304688 -0.22955322265625 -0.0439605712890625
-0.02154541015625 0.0252323150634766 -0.182342529296875 -0.42138671875
0.0144920349121094 0.0509185791015625 0.203857421875 -0.63006591796875
0.0455436706542969 0.038604736328125 0.7073974609375 -0.202392578125
0.0690650939941406 0.0242080688476563 0.67572021484375 0.4715576171875
0.06610107421875 0.0968093872070313 0.191070556640625 0.553192138671875
0.0116424560546875 0.138214111328125 0.04345703125 0.0374107360839844
0.062042236328125 0.0964736938476563 -0.116058349609375 -0.55389404296875
0.0877456665039063 0.0186233520507813 -0.6717529296875 -0.5238037109375
0.0503158569335938 0.0204238891601563 -0.74676513671875 0.20465087890625
-0.0023345947265625 0.0360565185546875 -0.17388916015625 0.56451416015625
-0.0434150695800781 0.00794601440429688 0.213287353515625 0.40875244140625
-0.0382614135742187 -0.0176506042480469 0.306396484375 0.038604736328125
-0.0101842880249023 -0.0174884796142578 0.180221557617188 -0.217391967773438
-0.0296344757080078 -0.0193099975585938 -0.122756958007813 0.196853637695313
-0.0138473510742188 -0.0216617584228516 -0.205459594726563 -0.0880126953125
-0.00978469848632812 0.0144329071044922 -0.109619140625 -0.471771240234375
0.01983642578125 0.0364303588867188 0.315185546875 -0.598876953125
0.041229248046875 0.0343208312988281 0.74359130859375 -0.05413818359375
0.0549774169921875 0.0323486328125 0.5771484375 0.60430908203125
0.0455551147460938 0.105781555175781 0.110260009765625 0.552093505859375
0.00392913818359376 0.134147644042969 0.0410919189453125 -0.0203819274902344
0.0593948364257812 0.0850372314453125 -0.2059326171875 -0.557586669921875
0.0801773071289063 0.00177001953125 -0.752685546875 -0.38507080078125
0.0460243225097656 0.00385665893554688 -0.6708984375 0.33416748046875
0.00337982177734375 0.0198001861572266 -0.055999755859375 0.5572509765625
-0.0309123992919922 -0.000152587890625001 0.28704833984375 0.343109130859375
-0.0325717926025391 -0.0161514282226563 0.32403564453125 -0.005126953125
-0.0101947784423828 -0.0120944976806641 0.174179077148438 -0.228118896484375
-0.0271148681640625 -0.0111942291259766 -0.12554931640625 0.184585571289063
-0.000879287719726563 -0.0186767578125 -0.18511962890625 -0.125946044921875
0.00615596771240234 -0.000304698944091797 -0.043487548828125 -0.505462646484375
0.0232658386230469 0.0199413299560547 0.40728759765625 -0.546722412109375
0.0292205810546875 0.0268974304199219 0.7486572265625 0.09100341796875
0.028411865234375 0.0275478363037109 0.47174072265625 0.71337890625
0.0224990844726563 0.0918121337890625 0.044647216796875 0.5325927734375
-0.00028991699218751 0.108161926269531 0.0415115356445312 -0.0744400024414063
0.043914794921875 0.0612602233886719 -0.28607177734375 -0.549957275390625
0.0557365417480469 -0.0157241821289063 -0.80023193359375 -0.2559814453125
0.0329456329345703 -0.0137443542480469 -0.5877685546875 0.428955078125
0.00758028030395508 0.00144863128662109 0.042083740234375 0.53717041015625
-0.0154380798339844 -0.00966262817382813 0.3387451171875 0.2791748046875
-0.0227489471435547 -0.0117321014404297 0.331634521484375 -0.04473876953125
-0.00902557373046875 -0.00500965118408203 0.164474487304687 -0.235504150390625
-0.0208110809326172 -0.00191879272460938 -0.131271362304687 0.174057006835938
0.014185905456543 -0.0143661499023438 -0.17095947265625 -0.156082153320312
0.0244941711425781 -0.0151443481445313 0.00326538085937502 -0.519561767578125
0.0247173309326172 0.00319480895996094 0.4718017578125 -0.492706298828125
0.0117006301879883 0.0109148025512695 0.74078369140625 0.198974609375
-0.00177097320556641 0.00267958641052246 0.386962890625 0.7757568359375
0.00580215454101562 0.0526046752929688 0.0028076171875 0.5111083984375
-0.00196838378906249 0.0616607666015625 0.04437255859375 -0.114112854003906
0.0164203643798828 0.0295696258544922 -0.337738037109375 -0.536865234375
0.0190010070800781 -0.0295143127441406 -0.81744384765625 -0.16326904296875
0.0140571594238281 -0.0270671844482422 -0.52386474609375 0.489105224609375
0.00895500183105469 -0.0153293609619141 0.102752685546875 0.514984130859375
-0.000221252441406252 -0.0194606781005859 0.36492919921875 0.2330322265625
-0.0102701187133789 -0.00604820251464844 0.330963134765625 -0.071075439453125
-0.00522851943969726 0.00283432006835938 0.1551513671875 -0.239486694335938
-0.0161113739013672 0.00597381591796875 -0.135345458984375 0.169509887695312
0.0296077728271484 -0.0110435485839844 -0.173233032226563 -0.164779663085937
0.0412216186523438 -0.0283126831054688 0.016204833984375 -0.5216064453125
0.0237827301025391 -0.0109767913818359 0.490692138671875 -0.465545654296875
-0.0109472274780273 -0.0111980438232422 0.73260498046875 0.24212646484375
-0.0320167541503906 -0.0365486145019531 0.3468017578125 0.797119140625
0.000757098197937012 -0.0018155574798584 -0.010650634765625 0.4971923828125
0.000774621963500977 0.00237512588500977 0.0507431030273438 -0.130859375
-0.0199775695800781 -0.00266265869140625 -0.3546142578125 -0.5340576171875
-0.0239791870117187 -0.0361900329589844 -0.81658935546875 -0.12530517578125
-0.00714302062988281 -0.0345535278320313 -0.492401123046875 0.51239013671875
0.009033203125 -0.0312252044677734 0.121917724609375 0.509674072265625
0.0148162841796875 -0.0298099517822266 0.36846923828125 0.2161865234375
0.00331807136535645 -0.00142502784729004 0.325531005859375 -0.082733154296875
-0.001739501953125 0.00916767120361328 0.147491455078125 -0.244735717773438
-0.0117931365966797 0.0101766586303711 -0.143569946289063 0.169418334960938
0.0421638488769531 -0.00646209716796875 -0.188552856445313 -0.16064453125
0.0535850524902344 -0.0371818542480469 -0.00808715820312495 -0.515533447265625
0.0202350616455078 -0.0228614807128906 0.4691162109375 -0.472869873046875
-0.0323905944824219 -0.03009033203125 0.74261474609375 0.21075439453125
-0.0611495971679688 -0.0771026611328125 0.37957763671875 0.77410888671875
-0.00447463989257812 -0.0626373291015625 0.008453369140625 0.497344970703125
0.00675582885742188 -0.0600204467773438 0.0568618774414062 -0.125572204589844
-0.0514907836914063 -0.0409469604492188 -0.334503173828125 -0.539794921875
-0.0634193420410156 -0.0419158935546875 -0.803955078125 -0.14752197265625
-0.0280838012695313 -0.035736083984375 -0.5069580078125 0.505096435546875
0.00557708740234375 -0.0402183532714844 0.100189208984375 0.52679443359375
0.0271720886230469 -0.0388526916503906 0.3507080078125 0.235931396484375
0.0161800384521484 0.000810623168945313 0.318939208984375 -0.075225830078125
0.00329017639160156 0.0115852355957031 0.146011352539063 -0.243331909179688
-0.00891304016113281 0.0100383758544922 -0.151992797851563 0.175674438476563
0.0490760803222656 -0.00187301635742187 -0.215972900390625 -0.139205932617188
0.059783935546875 -0.0402679443359375 -0.067901611328125 -0.49542236328125
0.0168533325195312 -0.0263404846191406 0.40606689453125 -0.512054443359375
-0.0516891479492187 -0.0395164489746094 0.75482177734375 0.11248779296875
-0.0922470092773438 -0.104499816894531 0.46435546875 0.71026611328125
-0.0144729614257812 -0.113479614257813 0.058624267578125 0.5067138671875
0.0145797729492187 -0.115608215332031 0.063079833984375 -0.0958099365234375
-0.0715866088867188 -0.0788345336914063 -0.277618408203125 -0.553558349609375
-0.0955352783203125 -0.05230712890625 -0.779296875 -0.22930908203125
-0.0479011535644531 -0.0338592529296875 -0.56365966796875 0.458984375
0.00135421752929688 -0.0418930053710938 0.03594970703125 0.560211181640625
0.0336380004882813 -0.045623779296875 0.312896728515625 0.28717041015625
0.0263519287109375 0.00144004821777344 0.30926513671875 -0.049530029296875
0.00795841217041016 0.0107412338256836 0.148422241210938 -0.23974609375
-0.0300731658935547 -0.0308723449707031 -0.12103271484375 0.216751098632812
-0.0238418579101562 -0.0267505645751953 -0.24951171875 -0.00122070312499995
-0.0269069671630859 0.0293655395507812 -0.246246337890625 -0.355865478515625
0.0100860595703125 0.0606765747070313 0.09259033203125 -0.62615966796875
0.0398445129394531 0.042449951171875 0.64581298828125 -0.3245849609375
0.0662002563476563 0.0111923217773438 0.74090576171875 0.331298828125
0.0739059448242188 0.0714187622070313 0.27099609375 0.54034423828125
0.0211944580078125 0.120414733886719 0.0468826293945312 0.0905380249023438
0.0551223754882813 0.0900115966796875 -0.0294189453125 -0.536285400390625
0.081512451171875 0.0260467529296875 -0.56292724609375 -0.6436767578125
0.0454521179199219 0.0299568176269531 -0.78839111328125 0.0606079101562501
-0.00881576538085938 0.0448532104492188 -0.2908935546875 0.546630859375
-0.0520095825195313 0.0149459838867187 0.128204345703125 0.458404541015625
-0.0401802062988281 -0.014678955078125 0.278778076171875 0.0785064697265625
-0.0104351043701172 -0.0190963745117188 0.180770874023438 -0.20703125
-0.0317344665527344 -0.0259857177734375 -0.1202392578125 0.206497192382813
-0.0216331481933594 -0.0241222381591797 -0.226776123046875 -0.0432586669921875
-0.0214996337890625 0.0249843597412109 -0.181732177734375 -0.4171142578125
0.01458740234375 0.0505409240722656 0.20098876953125 -0.6263427734375
0.044464111328125 0.0387153625488281 0.70233154296875 -0.2041015625
0.0684394836425781 0.0239601135253906 0.67156982421875 0.46783447265625
0.0659408569335938 0.0954666137695313 0.190704345703125 0.551116943359375
0.0118255615234375 0.138069152832031 0.04302978515625 0.0369758605957031
0.0613327026367188 0.0954513549804688 -0.114532470703125 -0.549835205078125
0.0876617431640625 0.0182342529296875 -0.669677734375 -0.51934814453125
0.0501518249511719 0.0200462341308594 -0.741943359375 0.20355224609375
-0.00311851501464844 0.0348587036132813 -0.173095703125 0.56103515625
-0.0437545776367188 0.00840377807617187 0.21124267578125 0.404541015625
-0.03839111328125 -0.016693115234375 0.30450439453125 0.03814697265625
-0.0102653503417969 -0.0171718597412109 0.178207397460938 -0.217254638671875
-0.0301933288574219 -0.0194149017333984 -0.121185302734375 0.194671630859375
-0.0145664215087891 -0.0212116241455078 -0.20379638671875 -0.08709716796875
-0.00956344604492188 0.0150537490844727 -0.11065673828125 -0.469482421875
0.0194129943847656 0.0359573364257813 0.30999755859375 -0.59588623046875
0.0412445068359375 0.0337066650390625 0.7362060546875 -0.05517578125
0.0541305541992187 0.0312995910644531 0.5751953125 0.601806640625
0.0455169677734375 0.105171203613281 0.109771728515625 0.54754638671875
0.00461578369140626 0.133674621582031 0.0407752990722656 -0.0193748474121094
0.0595626831054688 0.0838699340820313 -0.20416259765625 -0.555145263671875
0.079254150390625 0.0021209716796875 -0.7481689453125 -0.384033203125
0.0454177856445313 0.00368499755859375 -0.6676025390625 0.33172607421875
0.00342178344726563 0.0192852020263672 -0.055877685546875 0.55340576171875
-0.0316028594970703 -0.000579833984375004 0.2852783203125 0.3397216796875
-0.0328693389892578 -0.0153713226318359 0.32232666015625 -0.00640869140625
-0.00957393646240234 -0.0111608505249023 0.172286987304687 -0.226882934570312
-0.0262107849121094 -0.00954055786132813 -0.123626708984375 0.182510375976563
-0.00211143493652344 -0.0179996490478516 -0.183624267578125 -0.12506103515625
0.0063014030456543 -0.000378131866455078 -0.043975830078125 -0.502105712890625
0.0226650238037109 0.0199222564697266 0.404022216796875 -0.54205322265625
0.0283699035644531 0.0256576538085937 0.74273681640625 0.08941650390625
0.0280075073242188 0.0264492034912109 0.46881103515625 0.70751953125
0.0220413208007813 0.0910263061523438 0.0450439453125 0.52996826171875
0.000160217285156258 0.107269287109375 0.0414352416992188 -0.0746688842773438
0.0438575744628906 0.0611457824707031 -0.284393310546875 -0.547119140625
0.0549697875976563 -0.0159111022949219 -0.79583740234375 -0.25347900390625
0.0319023132324219 -0.0142135620117188 -0.58538818359375 0.42767333984375
0.00771379470825195 0.00156879425048828 0.0403442382812501 0.53314208984375
-0.0161199569702148 -0.00949764251708984 0.336395263671875 0.2762451171875
-0.0236721038818359 -0.0114822387695313 0.32958984375 -0.044830322265625
-0.00818872451782227 -0.00408172607421875 0.162689208984375 -0.234481811523438
-0.0206661224365234 -0.000795364379882811 -0.130157470703125 0.172332763671875
0.0135688781738281 -0.0145483016967773 -0.170578002929688 -0.154861450195312
0.0242290496826172 -0.0156631469726563 0.00390624999999997 -0.517364501953125
0.0234127044677734 0.00340652465820313 0.466705322265625 -0.488922119140625
0.0113391876220703 0.0109348297119141 0.735595703125 0.19769287109375
-0.00281476974487305 0.00234389305114746 0.382568359375 0.771240234375
0.00617218017578125 0.0524101257324219 0.00451660156249997 0.5081787109375
-0.000659942626953123 0.0608711242675781 0.0447845458984375 -0.11309814453125
0.0157203674316406 0.0300865173339844 -0.3358154296875 -0.53375244140625
0.0193843841552734 -0.0290756225585938 -0.8116455078125 -0.161376953125
0.0143108367919922 -0.0272407531738281 -0.519256591796875 0.485504150390625
0.00898170471191406 -0.0159759521484375 0.10162353515625 0.512481689453125
-0.000684738159179688 -0.018341064453125 0.361053466796875 0.229949951171875
-0.0111789703369141 -0.00594520568847656 0.328826904296875 -0.07049560546875
-0.00498485565185547 0.00236082077026367 0.15478515625 -0.238510131835937
-0.0155582427978516 0.00659561157226563 -0.1346435546875 0.167938232421875
0.0290451049804688 -0.0110263824462891 -0.172348022460938 -0.164520263671875
0.0399436950683594 -0.0286369323730469 0.01544189453125 -0.518768310546875
0.0240554809570313 -0.0115451812744141 0.48443603515625 -0.462249755859375
-0.010899543762207 -0.0112333297729492 0.72760009765625 0.2393798828125
-0.032073974609375 -0.0356979370117188 0.34649658203125 0.79132080078125
0.000589847564697266 -0.00212657451629639 -0.00958251953124999 0.494659423828125
0.00116443634033203 0.00247550010681152 0.0499496459960938 -0.130653381347656
-0.0188426971435547 -0.00311279296875 -0.351837158203125 -0.53082275390625
-0.024444580078125 -0.0357398986816406 -0.81036376953125 -0.12139892578125
-0.00744056701660156 -0.0340251922607422 -0.48968505859375 0.50933837890625
0.00823974609375 -0.0315418243408203 0.1226806640625 0.50604248046875
0.014312744140625 -0.0299034118652344 0.365234375 0.21307373046875
0.00327730178833008 -0.00193405151367188 0.3240966796875 -0.08258056640625
-0.000721931457519532 0.00893115997314453 0.146408081054688 -0.242935180664063
-0.0109748840332031 0.0113420486450195 -0.142059326171875 0.167953491210938
0.0423736572265625 -0.00556182861328125 -0.187530517578125 -0.159774780273438
0.0530128479003906 -0.0375328063964844 -0.00842285156250002 -0.511688232421875
0.0203590393066406 -0.0225963592529297 0.46575927734375 -0.469573974609375
-0.0326309204101563 -0.0303363800048828 0.73773193359375 0.20941162109375
-0.061492919921875 -0.0763626098632813 0.3768310546875 0.770263671875
-0.00384902954101562 -0.0619964599609375 0.00976562500000001 0.492431640625
0.00699615478515625 -0.0603103637695313 0.0554046630859375 -0.125564575195313
-0.0505180358886719 -0.0400886535644531 -0.332275390625 -0.53680419921875
-0.0641632080078125 -0.0413856506347656 -0.7999267578125 -0.14752197265625
-0.0282173156738281 -0.0354537963867188 -0.50347900390625 0.502777099609375
0.00531387329101563 -0.0405464172363281 0.097930908203125 0.5223388671875
0.0262527465820313 -0.0386962890625 0.34783935546875 0.234161376953125
0.0154323577880859 0.00128650665283203 0.317047119140625 -0.0748291015625
0.00409984588623047 0.0122499465942383 0.143951416015625 -0.242172241210938
-0.00780200958251953 0.0107583999633789 -0.15032958984375 0.17431640625
0.0487861633300781 -0.00178909301757813 -0.215133666992188 -0.138015747070313
0.058624267578125 -0.0405654907226563 -0.06854248046875 -0.491485595703125
0.0166187286376953 -0.0267181396484375 0.40283203125 -0.508026123046875
-0.0518608093261719 -0.0395889282226563 0.74749755859375 0.10888671875
-0.091949462890625 -0.103927612304688 0.4635009765625 0.70556640625
-0.0149459838867188 -0.113395690917969 0.05841064453125 0.502471923828125
0.0151290893554688 -0.115364074707031 0.0621337890625 -0.0961532592773438
-0.0707244873046875 -0.0782470703125 -0.2772216796875 -0.549041748046875
-0.0955886840820313 -0.0508346557617188 -0.7738037109375 -0.22662353515625
-0.0482254028320313 -0.0336685180664062 -0.558807373046875 0.457183837890625
0.0007171630859375 -0.0420341491699219 0.0357666015625 0.555999755859375
0.0328865051269531 -0.0461769104003906 0.31109619140625 0.285400390625
0.0255355834960938 0.0009765625 0.307373046875 -0.048675537109375
0.00838279724121094 0.0106983184814453 0.147216796875 -0.239044189453125
-0.0305557250976563 -0.0292415618896484 -0.120590209960937 0.2149658203125
-0.0246334075927734 -0.0257644653320313 -0.24798583984375 -0.00114440917968746
-0.0268268585205078 0.0290565490722656 -0.24517822265625 -0.35296630859375
0.0104141235351562 0.060516357421875 0.09210205078125 -0.62335205078125
0.0403938293457031 0.0425643920898438 0.6409912109375 -0.32208251953125
0.0648880004882813 0.01007080078125 0.73760986328125 0.330078125
0.0738677978515625 0.0708541870117187 0.269500732421875 0.53790283203125
0.0209732055664063 0.11981201171875 0.0470199584960938 0.0893325805664063
0.0546646118164062 0.0893325805664063 -0.027740478515625 -0.533721923828125
0.0805892944335938 0.0251312255859375 -0.55816650390625 -0.64044189453125
0.0458908081054688 0.0295562744140625 -0.784912109375 0.0617675781250001
-0.00909423828125 0.0434341430664063 -0.289886474609375 0.54290771484375
-0.0519561767578125 0.0160064697265625 0.127838134765625 0.456329345703125
-0.0406227111816406 -0.0144004821777344 0.277175903320313 0.07891845703125
-0.00982475280761719 -0.0183620452880859 0.179397583007813 -0.206298828125
-0.0316200256347656 -0.0253257751464844 -0.118896484375 0.2052001953125
-0.0225429534912109 -0.0232467651367187 -0.226669311523438 -0.043609619140625
-0.0216617584228516 0.0247459411621094 -0.1810302734375 -0.41607666015625
0.0156135559082031 0.0504798889160156 0.1986083984375 -0.6214599609375
0.0443801879882813 0.0380783081054688 0.69610595703125 -0.2025146484375
0.0676116943359375 0.0225143432617187 0.66766357421875 0.46453857421875
0.065521240234375 0.0953216552734375 0.18951416015625 0.547088623046875
0.0128250122070313 0.137176513671875 0.0422554016113281 0.0369377136230469
0.0612716674804688 0.0948028564453125 -0.11480712890625 -0.54833984375
0.0862045288085938 0.018402099609375 -0.6644287109375 -0.51654052734375
0.0500106811523437 0.0199127197265625 -0.7384033203125 0.20306396484375
-0.00286865234375 0.0347518920898438 -0.1729736328125 0.5589599609375
-0.0440597534179688 0.00845718383789063 0.209320068359375 0.402740478515625
-0.0387229919433594 -0.0164833068847656 0.3026123046875 0.03759765625
-0.0100078582763672 -0.0161104202270508 0.177047729492188 -0.215988159179688
-0.0303802490234375 -0.017730712890625 -0.119903564453125 0.193557739257813
-0.0151538848876953 -0.020843505859375 -0.202926635742187 -0.087188720703125
-0.00957393646240234 0.0139150619506836 -0.11090087890625 -0.467254638671875
0.0196914672851563 0.0359077453613281 0.30792236328125 -0.5909423828125
0.0406608581542969 0.0334281921386719 0.73150634765625 -0.0540771484375
0.0533638000488281 0.0308876037597656 0.57220458984375 0.59747314453125
0.0452194213867187 0.104301452636719 0.1104736328125 0.543121337890625
0.00497436523437499 0.133369445800781 0.0406379699707031 -0.0201301574707031
0.0584259033203125 0.0845794677734375 -0.202484130859375 -0.551361083984375
0.07891845703125 0.0013427734375 -0.743408203125 -0.3802490234375
0.0461540222167969 0.00339126586914062 -0.66510009765625 0.33013916015625
0.00322341918945313 0.0194320678710938 -0.0558776855468751 0.549560546875
-0.0319175720214844 6.10351562500035E-05 0.2843017578125 0.337982177734375
-0.0322456359863281 -0.0149955749511719 0.3199462890625 -0.00592041015625
-0.00910472869873047 -0.0112228393554688 0.171768188476563 -0.225784301757813
-0.0260047912597656 -0.0085601806640625 -0.121963500976562 0.18145751953125
-0.00283527374267578 -0.0173768997192383 -0.181838989257812 -0.124862670898438
0.00514650344848633 -0.000188827514648438 -0.04302978515625 -0.4986572265625
0.0232143402099609 0.0202865600585938 0.400177001953125 -0.5394287109375
0.0276851654052734 0.0256195068359375 0.73895263671875 0.0902099609375
0.0269546508789062 0.0261459350585938 0.4677734375 0.70452880859375
0.02191162109375 0.090545654296875 0.04547119140625 0.5267333984375
0.00122833251953125 0.106414794921875 0.04095458984375 -0.073516845703125
0.0435523986816406 0.060791015625 -0.281890869140625 -0.54345703125
0.0540275573730469 -0.0160942077636719 -0.7906494140625 -0.252197265625
0.0320396423339844 -0.0139923095703125 -0.5826416015625 0.42584228515625
0.00742816925048828 0.000734806060791016 0.039276123046875 0.5301513671875
-0.0170249938964844 -0.00936222076416016 0.33441162109375 0.2750244140625
-0.0237350463867188 -0.0103721618652344 0.327911376953125 -0.0445556640625
-0.00768756866455078 -0.00365829467773438 0.16119384765625 -0.233108520507813
-0.0195636749267578 0.000400543212890624 -0.128189086914063 0.170501708984375
0.0127897262573242 -0.0126132965087891 -0.169723510742188 -0.154708862304687
0.0229282379150391 -0.0161056518554688 0.00332641601562498 -0.51251220703125
0.0230789184570313 0.00314521789550781 0.46453857421875 -0.484832763671875
0.0104942321777344 0.00984954833984375 0.7296142578125 0.1956787109375
-0.00332522392272949 0.00174117088317871 0.38104248046875 0.7679443359375
0.00583648681640625 0.0525550842285156 0.002899169921875 0.5040283203125
-0.000774383544921879 0.061065673828125 0.043670654296875 -0.113456726074219
0.0171680450439453 0.0305347442626953 -0.33380126953125 -0.5313720703125
0.0181560516357422 -0.0290718078613281 -0.80584716796875 -0.16033935546875
0.0145721435546875 -0.0270805358886719 -0.51763916015625 0.48345947265625
0.00823211669921875 -0.0162668228149414 0.100799560546875 0.5096435546875
-3.24249267578104E-05 -0.0194969177246094 0.359466552734375 0.229217529296875
-0.010772705078125 -0.00528621673583984 0.327850341796875 -0.0712890625
-0.00425314903259277 0.00288486480712891 0.153427124023438 -0.236862182617188
-0.0149126052856445 0.00766849517822265 -0.13330078125 0.166229248046875
0.0287609100341797 -0.0106277465820313 -0.171661376953125 -0.163726806640625
0.0400123596191406 -0.0285263061523438 0.0142211914062499 -0.515472412109375
0.0236282348632813 -0.0119647979736328 0.482269287109375 -0.45928955078125
-0.0112447738647461 -0.0123691558837891 0.7220458984375 0.239013671875
-0.032867431640625 -0.0356559753417969 0.3438720703125 0.78778076171875
0.000904798507690429 -0.00242733955383301 -0.00888061523437505 0.49005126953125
0.00215721130371094 0.00325870513916016 0.050079345703125 -0.130828857421875
-0.01849365234375 -0.00223541259765625 -0.350311279296875 -0.527984619140625
-0.0246067047119141 -0.0351161956787109 -0.80615234375 -0.1224365234375
-0.00723457336425782 -0.0342464447021484 -0.486724853515625 0.507904052734375
0.00847816467285156 -0.0317440032958984 0.1202392578125 0.503997802734375
0.0138301849365234 -0.0291919708251953 0.363037109375 0.212127685546875
0.00273680686950684 -8.03470611572265E-05 0.322052001953125 -0.082489013671875
-0.000612258911132812 0.0096282958984375 0.144515991210938 -0.241668701171875
-0.010340690612793 0.0118999481201172 -0.141098022460937 0.16778564453125
0.0416831970214844 -0.0057373046875 -0.1868896484375 -0.159622192382813
0.0518989562988281 -0.0376625061035156 -0.00839233398437502 -0.507781982421875
0.0198040008544922 -0.0231151580810547 0.463531494140625 -0.4658203125
-0.0321159362792969 -0.0312519073486328 0.73126220703125 0.2066650390625
-0.0612640380859375 -0.0756378173828125 0.37646484375 0.76666259765625
-0.00339889526367187 -0.0616531372070313 0.00964355468749995 0.49041748046875
0.0081939697265625 -0.059356689453125 0.0553512573242188 -0.125144958496094
-0.0499382019042969 -0.0391159057617187 -0.330169677734375 -0.534027099609375
-0.0636558532714844 -0.0415534973144531 -0.79498291015625 -0.14544677734375
-0.0278759002685547 -0.0350456237792969 -0.501861572265625 0.498779296875
0.0057220458984375 -0.0406684875488281 0.09759521484375 0.521209716796875
0.0252723693847656 -0.0387649536132813 0.345367431640625 0.231903076171875
0.0162134170532227 0.00158500671386719 0.3150634765625 -0.074615478515625
0.00434207916259766 0.0118465423583984 0.14324951171875 -0.240814208984375
-0.00742053985595703 0.0114984512329102 -0.149429321289063 0.173568725585938
0.0478973388671875 -0.00157928466796875 -0.214584350585938 -0.137481689453125
0.0579605102539062 -0.0405769348144531 -0.065765380859375 -0.488433837890625
0.0170383453369141 -0.02764892578125 0.4010009765625 -0.50445556640625
-0.0517501831054687 -0.0405731201171875 0.74365234375 0.10882568359375
-0.0917434692382812 -0.103012084960938 0.46051025390625 0.703125
-0.0136260986328125 -0.11224365234375 0.056793212890625 0.5
0.0157699584960937 -0.115081787109375 0.0611953735351563 -0.0950164794921875
-0.069488525390625 -0.077178955078125 -0.275634765625 -0.547149658203125
-0.09527587890625 -0.0500106811523438 -0.76800537109375 -0.22607421875
-0.0472869873046875 -0.0334854125976563 -0.556396484375 0.45465087890625
0.000331878662109371 -0.0424919128417969 0.034881591796875 0.5543212890625
0.0320625305175781 -0.0447616577148438 0.309906005859375 0.28350830078125
0.0257282257080078 0.00214004516601563 0.30621337890625 -0.049407958984375
0.00895786285400391 0.0111274719238281 0.146713256835938 -0.237579345703125
-0.0302848815917969 -0.0285472869873047 -0.118820190429687 0.213607788085938
-0.0252971649169922 -0.0249061584472656 -0.246047973632812 -0.00167846679687503
-0.0270805358886719 0.0291538238525391 -0.24249267578125 -0.353363037109375
0.0110206604003906 0.0599746704101563 0.08966064453125 -0.62103271484375
0.0398674011230469 0.0417289733886719 0.6390380859375 -0.32196044921875
0.0643196105957031 0.00893783569335938 0.73486328125 0.329833984375
0.07427978515625 0.0704421997070313 0.26812744140625 0.5347900390625
0.0214996337890625 0.120155334472656 0.0464935302734375 0.0884780883789063
0.05474853515625 0.08917236328125 -0.026824951171875 -0.5302734375
0.0798873901367187 0.025390625 -0.55657958984375 -0.63873291015625
0.0450019836425781 0.0291709899902344 -0.78411865234375 0.05767822265625
-0.00860977172851563 0.0438880920410156 -0.291351318359375 0.54083251953125
-0.0517654418945313 0.0154571533203125 0.125823974609375 0.4560546875
-0.0409660339355469 -0.0137138366699219 0.276092529296875 0.0789642333984375
-0.00899887084960937 -0.0184726715087891 0.1788330078125 -0.205276489257812
-0.0311679840087891 -0.0234909057617188 -0.117782592773437 0.2041015625
-0.0229377746582031 -0.0224895477294922 -0.225433349609375 -0.0440216064453125
-0.0215129852294922 0.0243625640869141 -0.18084716796875 -0.414703369140625
0.0150527954101563 0.05023193359375 0.19744873046875 -0.618896484375
0.0440711975097656 0.0382423400878906 0.69305419921875 -0.20245361328125
0.0667228698730469 0.0215835571289062 0.6658935546875 0.46435546875
0.065155029296875 0.0947341918945313 0.1893310546875 0.5452880859375
0.0123977661132813 0.136642456054688 0.0419464111328125 0.0362472534179688
0.060333251953125 0.0949020385742188 -0.11322021484375 -0.54656982421875
0.0863265991210938 0.0189666748046875 -0.66241455078125 -0.516845703125
0.0500335693359375 0.02001953125 -0.73748779296875 0.20159912109375
-0.00235557556152344 0.0339450836181641 -0.173370361328125 0.55572509765625
-0.0441169738769531 0.00925445556640626 0.209197998046875 0.4012451171875
-0.0390357971191406 -0.0160903930664063 0.3011474609375 0.0380859375
-0.00952816009521485 -0.0149364471435547 0.176727294921875 -0.21417236328125
-0.0298404693603516 -0.0168094635009766 -0.118911743164063 0.192153930664062
-0.0152454376220703 -0.0194206237792969 -0.20074462890625 -0.0883941650390625
-0.00992870330810547 0.0137310028076172 -0.109100341796875 -0.464630126953125
0.019561767578125 0.0358924865722656 0.30523681640625 -0.588134765625
0.0410041809082031 0.0333023071289063 0.72747802734375 -0.05487060546875
0.0523338317871094 0.0304222106933594 0.5693359375 0.59747314453125
0.04473876953125 0.103462219238281 0.108123779296875 0.54144287109375
0.00576019287109376 0.132553100585938 0.0397300720214844 -0.0209846496582031
0.0585250854492188 0.0843276977539063 -0.201568603515625 -0.549346923828125
0.07757568359375 0.0020751953125 -0.74017333984375 -0.3818359375
0.0450553894042969 0.00308990478515625 -0.66265869140625 0.32830810546875
0.00356864929199219 0.0192203521728516 -0.05792236328125 0.549407958984375
-0.0317573547363281 -6.29425048828164E-05 0.28033447265625 0.337890625
-0.0331306457519531 -0.014404296875 0.318939208984375 -0.0054931640625
-0.00863456726074219 -0.0104656219482422 0.171310424804687 -0.224822998046875
-0.0251750946044922 -0.00754165649414063 -0.121429443359375 0.180374145507813
-0.00256252288818359 -0.017094612121582 -0.182022094726563 -0.12664794921875
0.00504827499389648 -0.00098419189453125 -0.04266357421875 -0.497161865234375
0.0232715606689453 0.0192947387695313 0.398773193359375 -0.536529541015625
0.0281238555908203 0.0244579315185547 0.73480224609375 0.09039306640625
0.0266017913818359 0.0253849029541016 0.46429443359375 0.70172119140625
0.0221481323242187 0.08953857421875 0.042694091796875 0.524871826171875
0.000183105468750004 0.106307983398438 0.040802001953125 -0.0736236572265625
0.0439376831054688 0.0614891052246094 -0.280029296875 -0.542633056640625
0.0538063049316406 -0.0159454345703125 -0.78668212890625 -0.25262451171875
0.0317707061767578 -0.0138092041015625 -0.58056640625 0.42303466796875
0.00701379776000977 0.000895500183105469 0.0386962890625 0.52777099609375
-0.0166444778442383 -0.00931262969970703 0.332366943359375 0.273406982421875
-0.0241050720214844 -0.0100383758544922 0.3267822265625 -0.0445556640625
-0.00709247589111328 -0.00326633453369141 0.16156005859375 -0.231643676757813
-0.0191383361816406 0.00160026550292968 -0.127792358398437 0.169586181640625
0.0119333267211914 -0.0129241943359375 -0.168746948242188 -0.154464721679687
0.0229339599609375 -0.0165576934814453 0.00323486328124998 -0.509490966796875
0.0236301422119141 0.00272941589355469 0.462921142578125 -0.4825439453125
0.0108871459960937 0.00939846038818359 0.72515869140625 0.1976318359375
-0.00325798988342285 0.00164937973022461 0.378173828125 0.7642822265625
0.00620651245117188 0.0527572631835938 0.00256347656250004 0.50274658203125
0.000450134277343751 0.0605239868164063 0.0449905395507812 -0.11383056640625
0.0166454315185547 0.0309505462646484 -0.33294677734375 -0.530609130859375
0.0183315277099609 -0.0281600952148438 -0.80322265625 -0.16131591796875
0.0138168334960938 -0.0275173187255859 -0.516143798828125 0.48211669921875
0.00830459594726563 -0.0159568786621094 0.09808349609375 0.506622314453125
-0.00133895874023438 -0.0188789367675781 0.35980224609375 0.229278564453125
-0.0118484497070313 -0.00431728363037109 0.326934814453125 -0.06951904296875
-0.00341486930847168 0.00355648994445801 0.153427124023438 -0.236328125
-0.014155387878418 0.00866794586181641 -0.132415771484375 0.165664672851563
0.0275688171386719 -0.01025390625 -0.171173095703125 -0.163986206054688
0.0392112731933594 -0.0293655395507813 0.0147705078124999 -0.51287841796875
0.0240459442138672 -0.0115261077880859 0.4814453125 -0.455780029296875
-0.01171875 -0.0128927230834961 0.7176513671875 0.23773193359375
-0.0334396362304688 -0.0354232788085937 0.3426513671875 0.78570556640625
0.00149452686309814 -0.00214672088623047 -0.010986328125 0.48956298828125
0.00216388702392578 0.00269985198974609 0.0502166748046875 -0.130714416503906
-0.0180816650390625 -0.00156974792480469 -0.346893310546875 -0.526611328125
-0.0240001678466797 -0.0350799560546875 -0.80242919921875 -0.1253662109375
-0.00793838500976563 -0.0347423553466797 -0.485321044921875 0.505584716796875
0.00779914855957032 -0.0318450927734375 0.116302490234375 0.50067138671875
0.0142478942871094 -0.0289249420166016 0.362152099609375 0.212127685546875
0.00295519828796387 -0.000989913940429688 0.320709228515625 -0.0823974609375
0.000508308410644531 0.00950908660888672 0.14508056640625 -0.240219116210938
-0.00970935821533203 0.012181282043457 -0.14044189453125 0.166183471679688
0.0404205322265625 -0.00537490844726563 -0.186325073242188 -0.15924072265625
0.0513534545898437 -0.0376777648925781 -0.00781249999999997 -0.506011962890625
0.0205478668212891 -0.0236244201660156 0.4625244140625 -0.46331787109375
-0.0330276489257813 -0.0317764282226563 0.7288818359375 0.20831298828125
-0.0615615844726563 -0.0749053955078125 0.37384033203125 0.7640380859375
-0.00339508056640624 -0.061248779296875 0.00775146484374999 0.48809814453125
0.0079345703125 -0.0599517822265625 0.0550460815429688 -0.124771118164063
-0.0491714477539062 -0.0390815734863281 -0.3277587890625 -0.533477783203125
-0.0640220642089844 -0.0406913757324219 -0.79095458984375 -0.1483154296875
-0.0287704467773438 -0.0354232788085937 -0.5001220703125 0.49774169921875
0.00527191162109375 -0.0408134460449219 0.095458984375 0.51959228515625
0.0252037048339844 -0.0378875732421875 0.34442138671875 0.23162841796875
0.0156335830688477 0.00225257873535156 0.31427001953125 -0.074310302734375
0.00512981414794922 0.0123319625854492 0.143096923828125 -0.240264892578125
-0.00624370574951172 0.0123214721679687 -0.148452758789062 0.172119140625
0.0483207702636719 -0.00127029418945313 -0.213714599609375 -0.137054443359375
0.0572547912597656 -0.0404434204101562 -0.065948486328125 -0.48712158203125
0.0165786743164062 -0.0276126861572266 0.399078369140625 -0.500823974609375
-0.0521507263183594 -0.0411148071289062 0.741455078125 0.1094970703125
-0.0921478271484375 -0.103134155273438 0.4586181640625 0.70123291015625
-0.0136337280273438 -0.11151123046875 0.05682373046875 0.49945068359375
0.0164031982421875 -0.114311218261719 0.0614776611328125 -0.0950088500976563
-0.0686492919921875 -0.0765838623046875 -0.2735595703125 -0.54473876953125
-0.09515380859375 -0.0504150390625 -0.7664794921875 -0.22772216796875
-0.0480155944824219 -0.0336227416992188 -0.55670166015625 0.452239990234375
5.34057617187466E-05 -0.0425376892089844 0.032196044921875 0.553497314453125
0.0317459106445313 -0.0443000793457031 0.307586669921875 0.282928466796875
0.0255680084228516 0.00270843505859375 0.304107666015625 -0.04925537109375
0.00947189331054688 0.0115976333618164 0.1461181640625 -0.2369384765625
-0.0298805236816406 -0.0274543762207031 -0.11749267578125 0.212509155273437
-0.0261402130126953 -0.0247211456298828 -0.245407104492188 -0.0035247802734375
-0.0277061462402344 0.02911376953125 -0.241973876953125 -0.351348876953125
0.0108985900878906 0.0603256225585937 0.08978271484375 -0.61737060546875
0.0400352478027344 0.0423660278320313 0.63592529296875 -0.32073974609375
0.0631217956542969 0.00917434692382812 0.73211669921875 0.33001708984375
0.0736465454101563 0.0699920654296875 0.265899658203125 0.53460693359375
0.0213546752929687 0.119560241699219 0.0454864501953125 0.0889816284179688
0.0535812377929687 0.0894775390625 -0.02618408203125 -0.530364990234375
0.0792312622070313 0.0253372192382813 -0.553466796875 -0.63873291015625
0.0456390380859375 0.0291824340820312 -0.782470703125 0.056884765625
-0.00904464721679688 0.043853759765625 -0.2933349609375 0.540496826171875
-0.0523719787597656 0.0157699584960937 0.124481201171875 0.45526123046875
-0.0406570434570312 -0.013336181640625 0.27496337890625 0.0794525146484375
-0.00848674774169922 -0.0175247192382813 0.177642822265625 -0.204193115234375
-0.0310955047607422 -0.0227470397949219 -0.117401123046875 0.202774047851563
-0.0237712860107422 -0.0213127136230469 -0.224105834960938 -0.044769287109375
-0.0218830108642578 0.0245151519775391 -0.17828369140625 -0.412689208984375
0.0153465270996094 0.0499687194824219 0.19598388671875 -0.61669921875
0.04437255859375 0.0378379821777344 0.69232177734375 -0.2001953125
0.0656089782714844 0.0214157104492188 0.661865234375 0.46392822265625
0.0644607543945313 0.0943374633789063 0.187255859375 0.544158935546875
0.01287841796875 0.136383056640625 0.0409774780273438 0.0362396240234375
0.0605087280273438 0.0948104858398438 -0.1121826171875 -0.54425048828125
0.0856094360351563 0.0184326171875 -0.6580810546875 -0.5157470703125
0.0497055053710937 0.0193328857421875 -0.73687744140625 0.2010498046875
-0.00251960754394532 0.0342845916748047 -0.1756591796875 0.555023193359375
-0.0443878173828125 0.00900268554687499 0.206268310546875 0.400726318359375
-0.0394744873046875 -0.0159339904785156 0.3004150390625 0.038177490234375
-0.00870704650878906 -0.0151891708374023 0.1761474609375 -0.213638305664063
-0.0291862487792969 -0.0158481597900391 -0.1177978515625 0.191192626953125
-0.0157012939453125 -0.018310546875 -0.200424194335938 -0.0887908935546875
-0.0112724304199219 0.0130224227905273 -0.108489990234375 -0.463043212890625
0.0203323364257813 0.0352325439453125 0.3040771484375 -0.58599853515625
0.0401191711425781 0.0328559875488281 0.7257080078125 -0.05322265625
0.0512199401855469 0.0291709899902344 0.5660400390625 0.595947265625
0.0439300537109375 0.103073120117188 0.107147216796875 0.539703369140625
0.00630950927734374 0.131965637207031 0.0404510498046875 -0.0212669372558594
0.0579757690429688 0.0848922729492188 -0.201812744140625 -0.5487060546875
0.077911376953125 0.00266265869140625 -0.73785400390625 -0.3822021484375
0.045501708984375 0.00313568115234375 -0.6634521484375 0.32733154296875
0.00337600708007812 0.0183639526367187 -0.059539794921875 0.54791259765625
-0.0320930480957031 -5.53131103515663E-05 0.279876708984375 0.336456298828125
-0.0335178375244141 -0.0139942169189453 0.317779541015625 -0.004913330078125
-0.00869941711425781 -0.0100679397583008 0.170883178710938 -0.222869873046875
-0.0251407623291016 -0.00653076171875 -0.12091064453125 0.179367065429688
-0.00311851501464844 -0.0161895751953125 -0.1802978515625 -0.12664794921875
0.00481128692626953 -0.00116539001464844 -0.042755126953125 -0.494110107421875
0.0234031677246094 0.0198802947998047 0.398345947265625 -0.5338134765625
0.0278034210205078 0.0238780975341797 0.73309326171875 0.090087890625
0.0260887145996094 0.0248756408691406 0.46185302734375 0.70263671875
0.0220108032226562 0.0893325805664063 0.042999267578125 0.523712158203125
0.00118255615234376 0.106224060058594 0.0412063598632813 -0.0739593505859375
0.0436477661132813 0.0615310668945312 -0.2786865234375 -0.54217529296875
0.0533599853515625 -0.0160026550292969 -0.78338623046875 -0.2540283203125
0.0322933197021484 -0.0146446228027344 -0.58026123046875 0.42205810546875
0.00707197189331055 0.000653266906738281 0.0357360839843751 0.52740478515625
-0.0168609619140625 -0.00928783416748047 0.33087158203125 0.27386474609375
-0.0237884521484375 -0.00985908508300782 0.32513427734375 -0.043701171875
-0.00670385360717773 -0.00328254699707031 0.1611328125 -0.231857299804687
-0.01861572265625 0.00182914733886719 -0.126007080078125 0.169891357421875
0.0114154815673828 -0.0118703842163086 -0.169113159179688 -0.1551513671875
0.0228424072265625 -0.0174579620361328 0.00335693359375002 -0.508056640625
0.0239810943603516 0.00278282165527344 0.4615478515625 -0.479248046875
0.0104618072509766 0.00902652740478515 0.7232666015625 0.19757080078125
-0.00418877601623535 0.00166845321655273 0.37664794921875 0.76422119140625
0.00655746459960938 0.052398681640625 0.00125122070312503 0.500244140625
0.00019073486328125 0.0607757568359375 0.0445785522460937 -0.11358642578125
0.0161914825439453 0.0308609008789063 -0.32989501953125 -0.5299072265625
0.0173721313476563 -0.0282802581787109 -0.80133056640625 -0.162841796875
0.0138339996337891 -0.0282573699951172 -0.516998291015625 0.4796142578125
0.00802230834960938 -0.0163106918334961 0.096710205078125 0.50628662109375
-0.00170326232910156 -0.0194988250732422 0.356903076171875 0.228973388671875
-0.0111761093139648 -0.0033416748046875 0.325531005859375 -0.070098876953125
-0.00312209129333496 0.00396847724914551 0.15325927734375 -0.2353515625
-0.0129671096801758 0.0106334686279297 -0.131561279296875 0.164871215820312
0.0281887054443359 -0.0091705322265625 -0.170562744140625 -0.163619995117188
0.0387458801269531 -0.0286750793457031 0.015380859375 -0.51092529296875
0.0242290496826172 -0.0114612579345703 0.48028564453125 -0.45294189453125
-0.0117340087890625 -0.0134048461914063 0.71392822265625 0.24017333984375
-0.0334091186523438 -0.0357093811035156 0.3397216796875 0.78460693359375
0.000945091247558594 -0.00150430202484131 -0.01019287109375 0.48760986328125
0.00277876853942871 0.00245285034179687 0.05078125 -0.130416870117187
-0.0178699493408203 -0.00191307067871093 -0.34625244140625 -0.525787353515625
-0.0246143341064453 -0.0346336364746094 -0.7996826171875 -0.125732421875
-0.00777435302734375 -0.0343608856201172 -0.486846923828125 0.50311279296875
0.00784683227539063 -0.0321693420410156 0.115997314453125 0.500823974609375
0.0136203765869141 -0.0290622711181641 0.35980224609375 0.210479736328125
0.00242900848388672 5.50746917724609E-05 0.319976806640625 -0.08135986328125
0.00141143798828125 0.00980663299560547 0.144790649414063 -0.239776611328125
-0.00885009765625 0.013798713684082 -0.1397705078125 0.165740966796875
0.04046630859375 -0.0044403076171875 -0.186111450195313 -0.159210205078125
0.0503616333007813 -0.0373115539550781 -0.00744628906250004 -0.504852294921875
0.0203609466552734 -0.0232219696044922 0.461151123046875 -0.46148681640625
-0.0327091217041016 -0.0318984985351563 0.72686767578125 0.20819091796875
-0.0615081787109375 -0.07550048828125 0.37139892578125 0.763916015625
-0.002716064453125 -0.0609359741210938 0.00787353515625002 0.486175537109375
0.00900650024414062 -0.0595130920410156 0.0550079345703125 -0.125282287597656
-0.0485916137695313 -0.0381660461425781 -0.326141357421875 -0.530914306640625
-0.0638999938964844 -0.0410270690917969 -0.78985595703125 -0.14837646484375
-0.0291290283203125 -0.0356597900390625 -0.50152587890625 0.494384765625
0.00453948974609375 -0.0409622192382813 0.09405517578125 0.51885986328125
0.02447509765625 -0.0384063720703125 0.342254638671875 0.23150634765625
0.0160961151123047 0.00226974487304688 0.312774658203125 -0.07391357421875
0.00611114501953125 0.012568473815918 0.142868041992188 -0.2388916015625
-0.00560474395751953 0.0126504898071289 -0.147903442382812 0.171707153320313
0.0480842590332031 -0.000701904296875 -0.213531494140625 -0.137786865234375
0.0563430786132813 -0.0401268005371094 -0.0655212402343751 -0.485198974609375
0.0161800384521484 -0.0275897979736328 0.39923095703125 -0.497711181640625
-0.0519027709960937 -0.040985107421875 0.7388916015625 0.11114501953125
-0.0914154052734375 -0.102714538574219 0.4560546875 0.70208740234375
-0.013092041015625 -0.111312866210937 0.055633544921875 0.496978759765625
0.0170822143554688 -0.113624572753906 0.0609130859375 -0.0955810546875
-0.0679550170898438 -0.0760574340820312 -0.27294921875 -0.5439453125
-0.0947418212890625 -0.04949951171875 -0.763427734375 -0.228271484375
-0.04803466796875 -0.0340385437011719 -0.555145263671875 0.450439453125
-0.000152587890624997 -0.0429039001464844 0.03143310546875 0.55242919921875
0.0314178466796875 -0.0442657470703125 0.305755615234375 0.282257080078125
0.02545166015625 0.00305938720703125 0.304107666015625 -0.049163818359375
0.0097198486328125 0.0110549926757813 0.145339965820312 -0.236236572265625
-0.0294246673583984 -0.0261745452880859 -0.117233276367188 0.21197509765625
-0.0273399353027344 -0.0236644744873047 -0.244216918945313 -0.00396728515624999
-0.0275764465332031 0.0284976959228516 -0.241912841796875 -0.351165771484375
0.0118370056152344 0.0602302551269531 0.08984375 -0.61712646484375
0.0393142700195313 0.0420379638671875 0.6353759765625 -0.3173828125
0.0622406005859375 0.00835418701171875 0.729248046875 0.33148193359375
0.0740127563476563 0.0695953369140625 0.2645263671875 0.53460693359375
0.0219573974609375 0.119247436523438 0.0455551147460937 0.0887451171875
0.0537796020507812 0.0895309448242188 -0.02410888671875 -0.53021240234375
0.079010009765625 0.0265655517578125 -0.552490234375 -0.64019775390625
0.0456428527832031 0.0284042358398438 -0.78216552734375 0.0570678710937501
-0.0090179443359375 0.0429420471191406 -0.294891357421875 0.538238525390625
-0.0528678894042969 0.0162239074707031 0.123992919921875 0.45562744140625
-0.041534423828125 -0.0128135681152344 0.27349853515625 0.080108642578125
-0.00854682922363281 -0.0171957015991211 0.178619384765625 -0.203826904296875
-0.0308628082275391 -0.0220184326171875 -0.116531372070312 0.201461791992188
-0.0243606567382813 -0.0209808349609375 -0.222763061523437 -0.045501708984375
-0.0223636627197266 0.0238800048828125 -0.1788330078125 -0.412689208984375
0.0163764953613281 0.0499305725097656 0.19671630859375 -0.61590576171875
0.0440826416015625 0.0373420715332031 0.69012451171875 -0.198974609375
0.0643882751464844 0.0209846496582031 0.66033935546875 0.46514892578125
0.0637359619140625 0.0940780639648437 0.18621826171875 0.54296875
0.0132369995117188 0.136123657226562 0.0413551330566406 0.0357894897460938
0.0603408813476562 0.0955047607421875 -0.109527587890625 -0.54559326171875
0.0850753784179688 0.0186309814453125 -0.655517578125 -0.51812744140625
0.0500068664550781 0.0189704895019531 -0.7364501953125 0.19927978515625
-0.003173828125 0.0334892272949219 -0.176849365234375 0.5543212890625
-0.0449981689453125 0.00957107543945314 0.206268310546875 0.401519775390625
-0.0391197204589844 -0.0152969360351562 0.300048828125 0.038726806640625
-0.00878429412841797 -0.0149927139282227 0.17633056640625 -0.213180541992188
-0.0292339324951172 -0.0137157440185547 -0.118438720703125 0.190078735351563
-0.0164337158203125 -0.0184955596923828 -0.199966430664062 -0.0895843505859375
-0.0113935470581055 0.0132255554199219 -0.108184814453125 -0.462188720703125
0.0206069946289063 0.0354042053222656 0.30657958984375 -0.58465576171875
0.0402641296386719 0.0322036743164063 0.72491455078125 -0.052734375
0.0509872436523437 0.0292320251464844 0.5645751953125 0.59619140625
0.0434799194335938 0.102790832519531 0.1064453125 0.539825439453125
0.0057220458984375 0.132827758789062 0.0397758483886719 -0.021209716796875
0.0583038330078125 0.0844879150390625 -0.1993408203125 -0.548736572265625
0.0765533447265625 0.0016937255859375 -0.7373046875 -0.384033203125
0.0455284118652344 0.00259017944335938 -0.662109375 0.3258056640625
0.00317192077636719 0.0178165435791016 -0.061553955078125 0.54608154296875
-0.0330352783203125 0.000362396240234371 0.27874755859375 0.33697509765625
-0.0338020324707031 -0.0136775970458984 0.31768798828125 -0.0042724609375
-0.00788593292236328 -0.00971508026123047 0.170989990234375 -0.222854614257813
-0.0243911743164063 -0.00512123107910156 -0.120590209960938 0.178421020507813
-0.0040903091430664 -0.015777587890625 -0.180404663085938 -0.127029418945313
0.00464391708374023 -0.00151157379150391 -0.042633056640625 -0.494873046875
0.0234279632568359 0.0196514129638672 0.399688720703125 -0.5308837890625
0.0274982452392578 0.0237102508544922 0.73046875 0.09124755859375
0.0253410339355469 0.0246429443359375 0.4605712890625 0.70257568359375
0.022003173828125 0.0887222290039063 0.042083740234375 0.5223388671875
0.00138092041015626 0.106246948242188 0.04083251953125 -0.0741195678710938
0.0437698364257812 0.0618247985839844 -0.27606201171875 -0.54205322265625
0.0527305603027344 -0.0151519775390625 -0.7828369140625 -0.25640869140625
0.0320796966552734 -0.0148429870605469 -0.58148193359375 0.4210205078125
0.00749540328979492 0.000403881072998047 0.0340576171875 0.526611328125
-0.0176658630371094 -0.00893211364746094 0.329864501953125 0.2744140625
-0.0242118835449219 -0.00882530212402344 0.325592041015625 -0.043426513671875
-0.00568103790283203 -0.00279378890991211 0.162109375 -0.230514526367188
-0.0182647705078125 0.00366973876953125 -0.126083374023437 0.1697998046875
0.0119390487670898 -0.0118522644042969 -0.168289184570313 -0.155685424804688
0.0216178894042969 -0.0169124603271484 0.00628662109374995 -0.506805419921875
0.0238742828369141 0.00309181213378906 0.460479736328125 -0.4779052734375
0.0101451873779297 0.00761222839355469 0.7208251953125 0.19793701171875
-0.00497674942016602 0.00199985504150391 0.373779296875 0.76483154296875
0.0064239501953125 0.051971435546875 0.000732421874999977 0.500457763671875
0.00127792358398437 0.059814453125 0.0444259643554688 -0.113555908203125
0.0168819427490234 0.0309677124023437 -0.327392578125 -0.5323486328125
0.0168190002441406 -0.0281009674072266 -0.80029296875 -0.1646728515625
0.0136528015136719 -0.0268497467041016 -0.517333984375 0.476898193359375
0.00751590728759766 -0.0171737670898438 0.094146728515625 0.505706787109375
-0.00211143493652344 -0.0187587738037109 0.354705810546875 0.2298583984375
-0.0115165710449219 -0.00304317474365235 0.325531005859375 -0.07012939453125
-0.00252962112426758 0.00310540199279785 0.153839111328125 -0.235198974609375
-0.0124530792236328 0.0107917785644531 -0.131744384765625 0.1634521484375
0.0274257659912109 -0.00858497619628906 -0.17041015625 -0.165084838867188
0.0381393432617187 -0.0289802551269531 0.0164489746093749 -0.510589599609375
0.0241661071777344 -0.0122184753417969 0.480682373046875 -0.451507568359375
-0.0120449066162109 -0.0133848190307617 0.71240234375 0.24346923828125
-0.0341415405273438 -0.0349388122558594 0.33831787109375 0.786376953125
0.00101804733276367 -0.00196444988250732 -0.012054443359375 0.486907958984375
0.00325942039489746 0.00238990783691406 0.0513076782226563 -0.130424499511719
-0.0167789459228516 -0.00126934051513672 -0.343170166015625 -0.526458740234375
-0.0252704620361328 -0.0346775054931641 -0.79925537109375 -0.1268310546875
-0.00801658630371094 -0.0346813201904297 -0.486541748046875 0.50146484375
0.0075836181640625 -0.0326118469238281 0.112457275390625 0.50079345703125
0.0130290985107422 -0.0285224914550781 0.358123779296875 0.21246337890625
0.00282597541809082 5.24520874023438E-05 0.320709228515625 -0.080718994140625
0.00147914886474609 0.00980281829833985 0.14544677734375 -0.239608764648438
-0.00764942169189453 0.0143556594848633 -0.1397705078125 0.164901733398438
0.040679931640625 -0.00406265258789062 -0.185867309570312 -0.160263061523438
0.0504913330078125 -0.0373191833496094 -0.00775146484374995 -0.504119873046875
0.0202388763427734 -0.0232563018798828 0.46209716796875 -0.458740234375
-0.0333442687988281 -0.0326824188232422 0.72430419921875 0.21160888671875
-0.0619430541992188 -0.0746688842773438 0.36968994140625 0.76580810546875
-0.00279617309570312 -0.0605354309082031 0.00640869140624999 0.485443115234375
0.009063720703125 -0.0597305297851563 0.0553817749023437 -0.125129699707031
-0.0473403930664063 -0.03778076171875 -0.324981689453125 -0.531158447265625
-0.0633659362792969 -0.0405807495117188 -0.789306640625 -0.15081787109375
-0.0296096801757813 -0.0352973937988281 -0.50115966796875 0.49334716796875
0.00463485717773438 -0.0414848327636719 0.0921630859375 0.518585205078125
0.0237960815429688 -0.0377464294433594 0.3421630859375 0.231353759765625
0.0159873962402344 0.00267601013183594 0.313262939453125 -0.073486328125
0.00619316101074219 0.0121831893920898 0.143890380859375 -0.239547729492188
-0.00537967681884766 0.0142917633056641 -0.147186279296875 0.170913696289062
0.04718017578125 -9.918212890625E-05 -0.213241577148438 -0.138137817382812
0.0559234619140625 -0.0404319763183594 -0.0643310546875001 -0.484130859375
0.0164089202880859 -0.0278682708740234 0.400634765625 -0.496612548828125
-0.0528144836425781 -0.0419883728027344 0.737060546875 0.11309814453125
-0.091949462890625 -0.10186767578125 0.45452880859375 0.70147705078125
-0.0118942260742188 -0.110572814941406 0.054840087890625 0.49591064453125
0.0178451538085937 -0.113685607910156 0.0610809326171875 -0.0951156616210938
-0.0667190551757813 -0.0762100219726563 -0.269927978515625 -0.545806884765625
-0.0943222045898438 -0.0495834350585937 -0.76123046875 -0.23114013671875
-0.0488929748535156 -0.0343246459960938 -0.55657958984375 0.4493408203125
-0.000209808349609378 -0.0434455871582031 0.0303955078125001 0.551849365234375
0.0310592651367188 -0.043609619140625 0.304718017578125 0.28271484375
0.0251674652099609 0.00299644470214844 0.3033447265625 -0.048614501953125
0.0106000900268555 0.0110301971435547 0.14569091796875 -0.23583984375
-0.0291976928710938 -0.025238037109375 -0.117263793945313 0.211334228515625
-0.0265121459960938 -0.0228595733642578 -0.244384765625 -0.00469970703125
-0.0283164978027344 0.028228759765625 -0.241546630859375 -0.352783203125
0.011688232421875 0.0601234436035156 0.09088134765625 -0.6170654296875
0.0394973754882813 0.0417900085449219 0.63531494140625 -0.31787109375
0.0611305236816406 0.00844192504882812 0.73016357421875 0.3323974609375
0.0739898681640625 0.0699234008789063 0.26470947265625 0.535003662109375
0.0222320556640625 0.11944580078125 0.0444564819335938 0.0888595581054688
0.0532913208007813 0.0898895263671875 -0.023193359375 -0.530364990234375
0.0790023803710938 0.0255126953125 -0.54986572265625 -0.64263916015625
0.0458259582519531 0.0285263061523438 -0.78338623046875 0.0549316406250002
-0.00944900512695312 0.043212890625 -0.297210693359375 0.537933349609375
-0.0525131225585938 0.0163459777832031 0.1220703125 0.455535888671875
-0.0417251586914062 -0.0122604370117188 0.274444580078125 0.0804901123046875
-0.00820446014404297 -0.0163707733154297 0.178466796875 -0.204299926757813
-0.0305004119873047 -0.021270751953125 -0.116226196289062 0.2015380859375
-0.0237159729003906 -0.0208396911621094 -0.223114013671875 -0.0471343994140625
-0.0230083465576172 0.0234012603759766 -0.177398681640625 -0.412506103515625
0.0160636901855469 0.0505714416503906 0.1971435546875 -0.6151123046875
0.0428810119628906 0.0377235412597656 0.68975830078125 -0.19677734375
0.0645790100097656 0.0205268859863281 0.66070556640625 0.46795654296875
0.0643234252929688 0.09405517578125 0.184967041015625 0.543792724609375
0.0130996704101562 0.136772155761719 0.0410575866699219 0.0353012084960938
0.0600967407226562 0.0956268310546875 -0.109130859375 -0.547088623046875
0.0852737426757813 0.0184860229492188 -0.65582275390625 -0.5216064453125
0.0501213073730469 0.019073486328125 -0.737548828125 0.1964111328125
-0.002655029296875 0.0333499908447266 -0.181365966796875 0.553985595703125
-0.0452117919921875 0.00927734375 0.20440673828125 0.402740478515625
-0.039093017578125 -0.0145034790039063 0.30035400390625 0.03997802734375
-0.0080881118774414 -0.014439582824707 0.176773071289063 -0.213241577148438
-0.0292243957519531 -0.0129756927490234 -0.117706298828125 0.1898193359375
-0.0166225433349609 -0.0173807144165039 -0.200347900390625 -0.0899810791015625
-0.0114173889160156 0.0131263732910156 -0.106964111328125 -0.46392822265625
0.0207405090332031 0.0356636047363281 0.30584716796875 -0.58367919921875
0.0396156311035156 0.0318527221679688 0.72430419921875 -0.04998779296875
0.0502777099609375 0.0291900634765625 0.5648193359375 0.59942626953125
0.0435943603515625 0.103179931640625 0.104827880859375 0.5404052734375
0.00599670410156251 0.132026672363281 0.0396308898925781 -0.0207138061523437
0.0583038330078125 0.085205078125 -0.195648193359375 -0.549774169921875
0.0767669677734375 0.00214385986328125 -0.73748779296875 -0.38763427734375
0.0448532104492188 0.00228118896484375 -0.66510009765625 0.32415771484375
0.00305747985839844 0.0174951553344727 -0.0653076171875 0.54718017578125
-0.0331077575683594 0.00109672546386719 0.27850341796875 0.338623046875
-0.0335311889648438 -0.0129795074462891 0.3179931640625 -0.003204345703125
-0.00740814208984375 -0.00971412658691406 0.172286987304688 -0.2222900390625
-0.0250110626220703 -0.00394439697265625 -0.12042236328125 0.177841186523437
-0.00424861907958984 -0.0149393081665039 -0.180206298828125 -0.12872314453125
0.00398159027099609 -0.000931978225708008 -0.0413818359375 -0.496429443359375
0.0243453979492188 0.0193729400634766 0.39959716796875 -0.53131103515625
0.0274200439453125 0.0230503082275391 0.73046875 0.09283447265625
0.0249862670898438 0.0243015289306641 0.45977783203125 0.70489501953125
0.0218048095703125 0.08868408203125 0.04034423828125 0.52288818359375
0.00141906738281251 0.105552673339844 0.0413436889648437 -0.074249267578125
0.0438385009765625 0.0620765686035156 -0.274383544921875 -0.54296875
0.0526847839355469 -0.0153541564941406 -0.7841796875 -0.25762939453125
0.0314598083496094 -0.0143013000488281 -0.584716796875 0.4200439453125
0.00680351257324219 -0.000349998474121094 0.033233642578125 0.52642822265625
-0.0184688568115234 -0.00921821594238281 0.328216552734375 0.274749755859375
-0.0242919921875 -0.00914764404296875 0.3258056640625 -0.04168701171875
-0.00570297241210938 -0.00206327438354492 0.16168212890625 -0.230865478515625
-0.01666259765625 0.00438117980957031 -0.127212524414063 0.168167114257813
0.0115127563476563 -0.0113296508789063 -0.168441772460938 -0.1575927734375
0.0225067138671875 -0.0167007446289063 0.00665283203125003 -0.507781982421875
0.0244064331054688 0.00322914123535156 0.462677001953125 -0.47698974609375
0.00974369049072265 0.00745868682861328 0.72265625 0.2010498046875
-0.00555276870727539 0.00125503540039063 0.37200927734375 0.76593017578125
0.00646591186523437 0.0520553588867187 0.000305175781250025 0.499908447265625
0.00222396850585938 0.0597763061523438 0.0445556640625 -0.112991333007813
0.0168933868408203 0.0315532684326172 -0.327178955078125 -0.53143310546875
0.0168018341064453 -0.0283412933349609 -0.80133056640625 -0.166748046875
0.0135021209716797 -0.0274772644042969 -0.519195556640625 0.476165771484375
0.00767898559570313 -0.0182399749755859 0.092132568359375 0.506591796875
-0.002166748046875 -0.0187854766845703 0.354461669921875 0.231658935546875
-0.0116653442382813 -0.00258445739746093 0.326202392578125 -0.06884765625
-0.00143527984619141 0.0040135383605957 0.154647827148438 -0.234237670898438
-0.0117349624633789 0.0115060806274414 -0.131744384765625 0.163955688476563
0.0278148651123047 -0.00799179077148438 -0.170654296875 -0.165740966796875
0.0377082824707031 -0.029205322265625 0.016937255859375 -0.511077880859375
0.0240573883056641 -0.0126991271972656 0.481231689453125 -0.449859619140625
-0.01263427734375 -0.0146732330322266 0.7127685546875 0.24462890625
-0.0341911315917969 -0.0358085632324219 0.33709716796875 0.786376953125
0.00139105319976807 -0.00212323665618896 -0.014556884765625 0.487060546875
0.00359296798706055 0.00281906127929688 0.0510635375976562 -0.131690979003906
-0.0171003341674805 -0.00121212005615234 -0.342926025390625 -0.528778076171875
-0.0245590209960937 -0.0344104766845703 -0.8013916015625 -0.1312255859375
-0.00829124450683593 -0.0348701477050781 -0.489227294921875 0.501373291015625
0.00696182250976563 -0.03228759765625 0.11376953125 0.502166748046875
0.0124359130859375 -0.0285682678222656 0.358795166015625 0.21343994140625
0.00235891342163086 0.000929355621337891 0.320709228515625 -0.080230712890625
0.00197315216064453 0.0100812911987305 0.145843505859375 -0.239608764648437
-0.00713253021240234 0.0152816772460937 -0.139480590820312 0.164031982421875
0.0403099060058594 -0.00331878662109375 -0.185653686523438 -0.161041259765625
0.0496139526367187 -0.0376014709472656 -0.00692749023437494 -0.504302978515625
0.0202007293701172 -0.023712158203125 0.46246337890625 -0.457611083984375
-0.0340862274169922 -0.0332908630371094 0.72454833984375 0.212646484375
-0.0616912841796875 -0.0753631591796875 0.367431640625 0.76824951171875
-0.00215911865234375 -0.0609893798828125 0.00607299804687497 0.48638916015625
0.009918212890625 -0.059844970703125 0.0552139282226562 -0.126029968261719
-0.0473594665527344 -0.0384635925292969 -0.3226318359375 -0.533935546875
-0.0633621215820313 -0.0397872924804688 -0.7891845703125 -0.1529541015625
-0.0292320251464844 -0.0356063842773438 -0.5050048828125 0.49371337890625
0.00439834594726563 -0.0421714782714844 0.0902099609375 0.520233154296875
0.0241317749023438 -0.0380859375 0.341156005859375 0.23284912109375
0.0155315399169922 0.00358486175537109 0.314483642578125 -0.072998046875
0.00696277618408203 0.0128393173217773 0.1436767578125 -0.239151000976563
-0.0041961669921875 0.0146951675415039 -0.147659301757813 0.171249389648437
0.0480155944824219 0.00048828125 -0.213577270507813 -0.138916015625
0.0559234619140625 -0.0400962829589844 -0.06353759765625 -0.484954833984375
0.0166702270507813 -0.0284194946289063 0.401275634765625 -0.495880126953125
-0.0536079406738281 -0.0428886413574219 0.73699951171875 0.11553955078125
-0.092376708984375 -0.102333068847656 0.45330810546875 0.7044677734375
-0.0115890502929688 -0.110893249511719 0.052276611328125 0.496185302734375
0.0190200805664063 -0.114051818847656 0.0606842041015625 -0.095733642578125
-0.0660476684570313 -0.0755996704101562 -0.2708740234375 -0.54583740234375
-0.0955657958984375 -0.0493392944335938 -0.76287841796875 -0.23260498046875
-0.0491790771484375 -0.03448486328125 -0.558135986328125 0.4482421875
-0.000850677490234373 -0.0437965393066406 0.027435302734375 0.551300048828125
0.0306434631347656 -0.0427818298339844 0.303955078125 0.28375244140625
0.0257720947265625 0.00331687927246094 0.304351806640625 -0.04754638671875
0.0110359191894531 0.0111761093139648 0.146224975585937 -0.23651123046875
-0.0289230346679688 -0.0244216918945313 -0.117156982421875 0.212020874023438
-0.0274410247802734 -0.0223941802978516 -0.24468994140625 -0.00529479980468755
-0.0284481048583984 0.0290241241455078 -0.24114990234375 -0.353485107421875
0.0122146606445313 0.0604324340820313 0.0900878906249999 -0.61859130859375
0.0394554138183594 0.0419654846191406 0.636474609375 -0.31756591796875
0.0609893798828125 0.00857925415039063 0.7325439453125 0.33502197265625
0.0738296508789063 0.06976318359375 0.26373291015625 0.535797119140625
0.0221023559570312 0.1199951171875 0.0438079833984375 0.08892822265625
0.053619384765625 0.090667724609375 -0.0218505859375 -0.532806396484375
0.0789566040039063 0.0263671875 -0.55157470703125 -0.64520263671875
0.0457611083984375 0.0284004211425781 -0.786376953125 0.0537719726562501
-0.00983047485351562 0.0429649353027344 -0.30108642578125 0.539337158203125
-0.0533981323242188 0.0161476135253906 0.121337890625 0.4576416015625
-0.0421257019042969 -0.0123329162597656 0.274185180664063 0.0807647705078125
-0.00707149505615234 -0.0168256759643555 0.178909301757813 -0.20501708984375
-0.0299034118652344 -0.0197029113769531 -0.115951538085938 0.202072143554687
-0.0256824493408203 -0.0200481414794922 -0.222503662109375 -0.0477752685546875
-0.0235996246337891 0.0247001647949219 -0.17791748046875 -0.415557861328125
0.0162696838378906 0.0498771667480469 0.19696044921875 -0.6151123046875
0.0439224243164063 0.0371551513671875 0.691162109375 -0.1968994140625
0.0629997253417969 0.02056884765625 0.66217041015625 0.46990966796875
0.0643768310546875 0.0942153930664063 0.18560791015625 0.544830322265625
0.0131301879882813 0.136985778808594 0.0405616760253906 0.0360298156738281
0.0597457885742188 0.0967483520507813 -0.107513427734375 -0.548004150390625
0.0855941772460938 0.0186080932617188 -0.6583251953125 -0.52398681640625
0.0497894287109375 0.0182762145996094 -0.740234375 0.19610595703125
-0.00234222412109375 0.0332527160644531 -0.1810302734375 0.556884765625
-0.0457878112792969 0.0101242065429687 0.205078125 0.404327392578125
-0.0393905639648437 -0.0138282775878906 0.30078125 0.04022216796875
-0.00697708129882813 -0.0140981674194336 0.177444458007813 -0.213714599609375
-0.0286216735839844 -0.0132312774658203 -0.118331909179688 0.189956665039062
-0.0173635482788086 -0.0169029235839844 -0.2001953125 -0.092193603515625
-0.0122671127319336 0.0129461288452148 -0.10723876953125 -0.46466064453125
0.020538330078125 0.0355262756347656 0.307861328125 -0.58441162109375
0.040130615234375 0.0314979553222656 0.72509765625 -0.05023193359375
0.0497856140136719 0.0282249450683594 0.56494140625 0.60174560546875
0.0429611206054688 0.10272216796875 0.105682373046875 0.5413818359375
0.00655364990234375 0.132392883300781 0.0398483276367188 -0.0215110778808594
0.0579376220703125 0.086090087890625 -0.196197509765625 -0.552215576171875
0.076263427734375 0.00238800048828125 -0.7376708984375 -0.3895263671875
0.0451850891113281 0.00263214111328125 -0.6683349609375 0.3245849609375
0.00304222106933594 0.0176124572753906 -0.066650390625 0.550445556640625
-0.0334491729736328 0.000736236572265628 0.2786865234375 0.340301513671875
-0.0340766906738281 -0.012603759765625 0.3184814453125 -0.00299072265625
-0.00634002685546875 -0.00957298278808594 0.172073364257813 -0.22381591796875
-0.0237407684326172 -0.00360298156738281 -0.1201171875 0.178421020507812
-0.00449943542480469 -0.0142946243286133 -0.181488037109375 -0.1295166015625
0.00367426872253418 -0.00191664695739746 -0.04058837890625 -0.49688720703125
0.0237636566162109 0.0190658569335938 0.401611328125 -0.532073974609375
0.0278053283691406 0.0225467681884766 0.73126220703125 0.09478759765625
0.0235481262207031 0.023895263671875 0.459716796875 0.7081298828125
0.0219650268554688 0.0896377563476563 0.039703369140625 0.522735595703125
0.00177764892578126 0.1064453125 0.0405731201171875 -0.0747909545898438
0.0443458557128906 0.0624046325683594 -0.273895263671875 -0.546142578125
0.052703857421875 -0.0157089233398438 -0.78350830078125 -0.26104736328125
0.0321140289306641 -0.0145797729492187 -0.58746337890625 0.420654296875
0.00678873062133789 -0.000324249267578125 0.0304565429687499 0.528778076171875
-0.01873779296875 -0.00808525085449219 0.330108642578125 0.276214599609375
-0.0242462158203125 -0.00783538818359375 0.326934814453125 -0.04241943359375
-0.00489282608032227 -0.00293111801147461 0.163238525390625 -0.231277465820313
-0.01611328125 0.0048980712890625 -0.127227783203125 0.167495727539062
0.0115299224853516 -0.0101728439331055 -0.168899536132813 -0.158905029296875
0.0226898193359375 -0.01629638671875 0.00656127929687496 -0.509307861328125
0.0244350433349609 0.00298690795898438 0.464263916015625 -0.47674560546875
0.00976657867431641 0.00661563873291016 0.72320556640625 0.20172119140625
-0.00588703155517578 0.00143146514892578 0.37237548828125 0.76837158203125
0.00628280639648438 0.0516891479492188 -0.00180053710937504 0.501068115234375
0.00208282470703125 0.0597496032714844 0.0445327758789063 -0.11407470703125
0.0175685882568359 0.0318012237548828 -0.32720947265625 -0.534881591796875
0.016876220703125 -0.0273761749267578 -0.80230712890625 -0.16961669921875
0.0129299163818359 -0.0275821685791016 -0.523193359375 0.476959228515625
0.008056640625 -0.0177555084228516 0.090484619140625 0.508514404296875
-0.00360107421875 -0.0185909271240234 0.354827880859375 0.232208251953125
-0.0116796493530273 -0.00282478332519531 0.3267822265625 -0.068389892578125
-0.00142002105712891 0.00320219993591309 0.154510498046875 -0.235275268554687
-0.0105352401733398 0.0121841430664063 -0.131484985351563 0.163528442382812
0.0276107788085938 -0.0076904296875 -0.1717529296875 -0.16650390625
0.0371513366699219 -0.029052734375 0.0179443359375 -0.51214599609375
0.0239372253417969 -0.0120372772216797 0.483154296875 -0.449310302734375
-0.0125713348388672 -0.014744758605957 0.71392822265625 0.24627685546875
-0.0346412658691406 -0.0354347229003906 0.33465576171875 0.7906494140625
0.00129532814025879 -0.00261712074279785 -0.013946533203125 0.487548828125
0.00367903709411621 0.00260400772094727 0.0511627197265625 -0.132080078125
-0.0168704986572266 -0.000601768493652344 -0.342864990234375 -0.53076171875
-0.0245800018310547 -0.0340251922607422 -0.80181884765625 -0.13201904296875
-0.00837135314941406 -0.0350093841552734 -0.491455078125 0.502105712890625
0.00691413879394531 -0.0332489013671875 0.110382080078125 0.503662109375
0.0124683380126953 -0.0284328460693359 0.358551025390625 0.21392822265625
0.00282382965087891 0.00125217437744141 0.321380615234375 -0.080780029296875
0.00296306610107422 0.00997257232666016 0.146514892578125 -0.240432739257812
-0.0063009262084961 0.0165748596191406 -0.139846801757813 0.165496826171875
0.0407218933105469 -0.00310897827148438 -0.187088012695312 -0.161666870117188
0.0497627258300781 -0.0374755859375 -0.00454711914062496 -0.50592041015625
0.0201225280761719 -0.0242748260498047 0.4658203125 -0.45697021484375
-0.0342464447021484 -0.0339183807373047 0.7255859375 0.21380615234375
-0.0623016357421875 -0.0753631591796875 0.36663818359375 0.76971435546875
-0.0016021728515625 -0.0610542297363281 0.00402832031250005 0.486724853515625
0.0104942321777344 -0.0600128173828125 0.0556488037109375 -0.1258544921875
-0.0469551086425781 -0.0374946594238281 -0.323486328125 -0.53729248046875
-0.06463623046875 -0.0395050048828125 -0.79241943359375 -0.15545654296875
-0.0298652648925781 -0.03656005859375 -0.50628662109375 0.49432373046875
0.00403976440429688 -0.0425300598144531 0.0882568359374999 0.52239990234375
0.0237617492675781 -0.0378341674804688 0.342071533203125 0.23382568359375
0.0164918899536133 0.00314140319824219 0.314117431640625 -0.072967529296875
0.00750446319580078 0.0120315551757813 0.144790649414063 -0.240249633789063
-0.00318813323974609 0.0159225463867188 -0.148513793945313 0.170883178710937
0.0482101440429688 0.0013427734375 -0.214920043945313 -0.139816284179688
0.0552711486816406 -0.0406608581542969 -0.061676025390625 -0.486236572265625
0.0167045593261719 -0.0287437438964844 0.40277099609375 -0.496185302734375
-0.053192138671875 -0.0432853698730469 0.737548828125 0.116943359375
-0.0926589965820313 -0.102409362792969 0.45458984375 0.7076416015625
-0.0103607177734375 -0.110992431640625 0.0516357421875001 0.497406005859375
0.019622802734375 -0.114921569824219 0.0609817504882812 -0.0961685180664063
-0.0664901733398438 -0.0760726928710938 -0.26849365234375 -0.549346923828125
-0.0954513549804688 -0.049591064453125 -0.76513671875 -0.23492431640625
-0.0492401123046875 -0.0352096557617188 -0.561309814453125 0.449188232421875
-0.000652313232421873 -0.0440864562988281 0.0260009765625001 0.5548095703125
0.0307121276855469 -0.0431098937988281 0.30419921875 0.286102294921875
0.0260887145996094 0.00393867492675781 0.305328369140625 -0.04901123046875
0.0115118026733398 0.0114555358886719 0.147171020507812 -0.236907958984375
-0.0292186737060547 -0.0235996246337891 -0.11712646484375 0.212127685546875
-0.0280857086181641 -0.0219650268554688 -0.245849609375 -0.00679016113281248
-0.0290069580078125 0.0286064147949219 -0.243377685546875 -0.35540771484375
0.0125541687011719 0.0603523254394531 0.090087890625 -0.62060546875
0.0388069152832031 0.0420150756835938 0.63916015625 -0.31982421875
0.0594482421875 0.00774002075195313 0.7359619140625 0.33685302734375
0.0739898681640625 0.0702133178710938 0.26580810546875 0.53961181640625
0.02276611328125 0.120552062988281 0.0436553955078125 0.0891342163085938
0.0535430908203125 0.0909347534179687 -0.0220031738281251 -0.534942626953125
0.0775375366210938 0.026458740234375 -0.55316162109375 -0.64849853515625
0.0462150573730469 0.0279960632324219 -0.7901611328125 0.0532226562499998
-0.00996780395507812 0.0420722961425781 -0.30328369140625 0.54095458984375
-0.0539627075195313 0.01727294921875 0.12091064453125 0.46002197265625
-0.0421104431152344 -0.0111770629882812 0.276321411132813 0.0815582275390625
-0.00698089599609375 -0.0169563293457031 0.180145263671875 -0.2056884765625
-0.0300369262695313 -0.018310546875 -0.1165771484375 0.202423095703125
-0.0254745483398438 -0.0190505981445312 -0.224212646484375 -0.0486907958984375
-0.0236968994140625 0.0236587524414063 -0.179718017578125 -0.41754150390625
0.0171012878417969 0.0499763488769531 0.19915771484375 -0.61895751953125
0.0436592102050781 0.0370216369628906 0.69366455078125 -0.19830322265625
0.0630607604980469 0.0202713012695313 0.66497802734375 0.47216796875
0.0638656616210938 0.0950851440429687 0.18536376953125 0.546966552734375
0.0137710571289063 0.137489318847656 0.0410575866699219 0.0364723205566406
0.0605697631835937 0.0967636108398438 -0.10821533203125 -0.55023193359375
0.0845108032226563 0.0195693969726563 -0.66064453125 -0.52850341796875
0.0504989624023438 0.0182113647460937 -0.74591064453125 0.1988525390625
-0.00324630737304688 0.0327281951904297 -0.18572998046875 0.5587158203125
-0.0465164184570313 0.0103034973144531 0.205291748046875 0.40643310546875
-0.0401268005371094 -0.0136642456054687 0.30255126953125 0.0408935546875
-0.00686168670654297 -0.0144996643066406 0.178146362304688 -0.2144775390625
-0.0278053283691406 -0.0115222930908203 -0.117996215820313 0.190185546875
-0.0177402496337891 -0.0162506103515625 -0.20050048828125 -0.093536376953125
-0.012664794921875 0.0130643844604492 -0.1072998046875 -0.4677734375
0.0211715698242188 0.0353050231933594 0.308349609375 -0.5859375
0.0402565002441406 0.0316696166992187 0.7283935546875 -0.0496826171875
0.04901123046875 0.0284767150878906 0.56622314453125 0.6026611328125
0.0434494018554687 0.103080749511719 0.10479736328125 0.543609619140625
0.00631713867187501 0.1339111328125 0.03973388671875 -0.0220527648925781
0.0582046508789063 0.0858688354492188 -0.1961669921875 -0.555938720703125
0.0766143798828125 0.002410888671875 -0.7401123046875 -0.391357421875
0.04571533203125 0.00210952758789063 -0.6722412109375 0.32586669921875
0.00301361083984375 0.0177135467529297 -0.0675048828125 0.552581787109375
-0.0339183807373047 0.00115013122558594 0.279296875 0.341156005859375
-0.0348587036132813 -0.0117969512939453 0.3199462890625 -0.003265380859375
-0.005828857421875 -0.00909042358398438 0.17303466796875 -0.224746704101563
-0.0230236053466797 -0.00217819213867187 -0.12078857421875 0.178466796875
-0.00447845458984375 -0.0134391784667969 -0.1812744140625 -0.131057739257812
0.00294089317321777 -0.00161862373352051 -0.040008544921875 -0.499908447265625
0.0250873565673828 0.0191230773925781 0.402984619140625 -0.53179931640625
0.0273628234863281 0.0225448608398438 0.73455810546875 0.09759521484375
0.0231819152832031 0.0240116119384766 0.46087646484375 0.71185302734375
0.0218582153320312 0.0894546508789062 0.03961181640625 0.524749755859375
0.00250244140625 0.106422424316406 0.0413284301757813 -0.0761260986328125
0.0447273254394531 0.0631370544433594 -0.276611328125 -0.548675537109375
0.0524978637695313 -0.0156059265136719 -0.78863525390625 -0.2640380859375
0.0323123931884766 -0.014923095703125 -0.58929443359375 0.4219970703125
0.00655698776245117 -0.0011143684387207 0.0299072265625 0.5311279296875
-0.0192108154296875 -0.008697509765625 0.330047607421875 0.277679443359375
-0.0239524841308594 -0.00737190246582031 0.32818603515625 -0.04278564453125
-0.00454854965209961 -0.00271034240722656 0.164169311523437 -0.232315063476563
-0.0159311294555664 0.00601863861083985 -0.12652587890625 0.169097900390625
0.0106334686279297 -0.00980949401855469 -0.170379638671875 -0.160446166992187
0.0211753845214844 -0.0174369812011719 0.00765991210937501 -0.5107421875
0.0242500305175781 0.00272178649902344 0.4661865234375 -0.4781494140625
0.00910377502441406 0.00645637512207031 0.7254638671875 0.203857421875
-0.00688028335571289 0.00133419036865234 0.3746337890625 0.773193359375
0.0060882568359375 0.0522117614746094 -0.00103759765625002 0.50213623046875
0.00142288208007813 0.0594215393066406 0.0452194213867188 -0.11517333984375
0.0177249908447266 0.0317859649658203 -0.32781982421875 -0.536651611328125
0.0158557891845703 -0.0274162292480469 -0.806396484375 -0.17034912109375
0.0136070251464844 -0.0280513763427734 -0.52532958984375 0.479278564453125
0.00761032104492188 -0.0181198120117188 0.090423583984375 0.5106201171875
-0.00286674499511719 -0.0183792114257813 0.357208251953125 0.23248291015625
-0.0106315612792969 -0.00237560272216797 0.329376220703125 -0.069427490234375
-0.000762462615966797 0.00413417816162109 0.155792236328125 -0.236099243164063
-0.00968074798583984 0.0131855010986328 -0.131927490234375 0.164077758789063
0.0277233123779297 -0.00744819641113281 -0.173065185546875 -0.168487548828125
0.0374717712402344 -0.0291061401367187 0.019195556640625 -0.5140380859375
0.0242710113525391 -0.0133304595947266 0.484893798828125 -0.45098876953125
-0.0129804611206055 -0.0159788131713867 0.7181396484375 0.24884033203125
-0.035430908203125 -0.0358810424804687 0.33636474609375 0.793701171875
0.00208795070648193 -0.00204849243164063 -0.0146484375 0.48956298828125
0.00458097457885742 0.002197265625 0.052001953125 -0.133094787597656
-0.0156307220458984 -0.00039482116699219 -0.343902587890625 -0.535400390625
-0.0255317687988281 -0.0346012115478516 -0.80487060546875 -0.13348388671875
-0.00865936279296875 -0.0353965759277344 -0.493988037109375 0.50469970703125
0.00702285766601562 -0.0335903167724609 0.10955810546875 0.50537109375
0.0122661590576172 -0.0287494659423828 0.36041259765625 0.214996337890625
0.00312685966491699 0.00136280059814453 0.323150634765625 -0.080902099609375
0.00419998168945312 0.010441780090332 0.147247314453125 -0.241622924804688
-0.0043487548828125 0.0167970657348633 -0.140121459960937 0.164901733398438
0.0411376953125 -0.00206375122070313 -0.188125610351562 -0.1634521484375
0.0492668151855469 -0.037689208984375 -0.00512695312499996 -0.50750732421875
0.0204639434814453 -0.0238437652587891 0.46722412109375 -0.45965576171875
-0.0346946716308594 -0.0353012084960938 0.726318359375 0.21728515625
-0.0629348754882813 -0.0755081176757812 0.36993408203125 0.77520751953125
-0.00151824951171876 -0.0611991882324219 0.00433349609374999 0.488616943359375
0.0110549926757813 -0.0599365234375 0.0557785034179687 -0.127189636230469
-0.0465660095214844 -0.0381622314453125 -0.324310302734375 -0.54107666015625
-0.0648841857910156 -0.0396881103515625 -0.79522705078125 -0.15771484375
-0.0306053161621094 -0.0365371704101563 -0.51116943359375 0.4969482421875
0.003875732421875 -0.0424537658691406 0.0880126953125 0.52490234375
0.0237159729003906 -0.0377998352050781 0.34246826171875 0.2359619140625
0.0160808563232422 0.00398635864257813 0.316162109375 -0.07342529296875
0.00836658477783203 0.0118160247802734 0.145248413085938 -0.24078369140625
-0.00197219848632812 0.016148567199707 -0.148574829101563 0.171707153320312
0.048797607421875 0.00160598754882813 -0.21630859375 -0.141143798828125
0.0552139282226563 -0.0412788391113281 -0.062591552734375 -0.488555908203125
0.0163688659667969 -0.0294723510742187 0.405792236328125 -0.498199462890625
-0.0546836853027344 -0.0444183349609375 0.742431640625 0.11968994140625
-0.0936813354492188 -0.102714538574219 0.45501708984375 0.7122802734375
-0.0111312866210938 -0.111648559570313 0.05072021484375 0.49945068359375
0.0196685791015625 -0.115158081054687 0.060882568359375 -0.0965423583984375
-0.0657730102539063 -0.0765380859375 -0.269989013671875 -0.550750732421875
-0.0958404541015625 -0.0486831665039063 -0.7664794921875 -0.23681640625
-0.0498924255371094 -0.0355339050292969 -0.56488037109375 0.45111083984375
-0.00118637084960938 -0.0450286865234375 0.025543212890625 0.559326171875
0.0309486389160156 -0.0429039001464844 0.305877685546875 0.285980224609375
0.0264110565185547 0.00365829467773437 0.30596923828125 -0.04913330078125
0.0121297836303711 0.0116205215454102 0.147262573242188 -0.23846435546875
-0.0290431976318359 -0.0224170684814453 -0.116973876953125 0.213943481445312
-0.0284671783447266 -0.0213394165039063 -0.24609375 -0.00718688964843746
-0.0298671722412109 0.0291500091552734 -0.244232177734375 -0.35699462890625
0.0130081176757813 0.0610237121582031 0.0897216796875 -0.6236572265625
0.0388908386230469 0.0422210693359375 0.640869140625 -0.32086181640625
0.0596427917480469 0.007598876953125 0.739501953125 0.33709716796875
0.0746078491210938 0.07000732421875 0.2677001953125 0.541412353515625
0.0229644775390625 0.120521545410156 0.0439224243164063 0.089752197265625
0.0535507202148438 0.0916824340820312 -0.02264404296875 -0.538116455078125
0.0784988403320313 0.0279006958007812 -0.55645751953125 -0.6536865234375
0.0472526550292969 0.0278968811035156 -0.79595947265625 0.05364990234375
-0.00970458984375 0.0431480407714844 -0.305023193359375 0.5465087890625
-0.0544395446777344 0.0182304382324219 0.12164306640625 0.462249755859375
-0.0416641235351563 -0.0100250244140625 0.2772216796875 0.0820770263671875
-0.00624656677246094 -0.0170135498046875 0.180709838867188 -0.206710815429688
-0.0299510955810547 -0.0178432464599609 -0.116729736328125 0.204010009765625
-0.0261878967285156 -0.018707275390625 -0.2244873046875 -0.049468994140625
-0.0239639282226563 0.0243339538574219 -0.1802978515625 -0.41888427734375
0.0176277160644531 0.05010986328125 0.1978759765625 -0.62030029296875
0.0438041687011719 0.0367851257324219 0.69622802734375 -0.20025634765625
0.0625991821289063 0.0196495056152344 0.668701171875 0.47412109375
0.064239501953125 0.0942611694335938 0.186798095703125 0.549163818359375
0.0140838623046875 0.138351440429687 0.0402641296386719 0.0353965759277344
0.0605392456054687 0.0977630615234375 -0.10833740234375 -0.553741455078125
0.0853042602539063 0.0198822021484375 -0.6632080078125 -0.53082275390625
0.0509910583496094 0.0184326171875 -0.7506103515625 0.19891357421875
-0.00314521789550781 0.0333881378173828 -0.18707275390625 0.56378173828125
-0.0472450256347656 0.0105094909667969 0.207275390625 0.409759521484375
-0.0402679443359375 -0.0127525329589844 0.302886962890625 0.040679931640625
-0.00646877288818359 -0.0145263671875 0.179412841796875 -0.216537475585938
-0.0274772644042969 -0.0101261138916016 -0.11822509765625 0.192214965820313
-0.0185871124267578 -0.0158729553222656 -0.20269775390625 -0.09478759765625
-0.0130863189697266 0.0134811401367188 -0.108184814453125 -0.469390869140625
0.0213394165039063 0.0354995727539063 0.3094482421875 -0.58935546875
0.0397911071777344 0.0313339233398438 0.73236083984375 -0.04998779296875
0.0488433837890625 0.0282173156738281 0.5711669921875 0.60772705078125
0.0433425903320312 0.103500366210937 0.105804443359375 0.546600341796875
0.0065765380859375 0.13330078125 0.0398521423339844 -0.0229415893554687
0.0591278076171875 0.0871047973632813 -0.19781494140625 -0.5582275390625
0.0769882202148438 0.00225067138671875 -0.7451171875 -0.3929443359375
0.0458488464355469 0.00193405151367188 -0.6761474609375 0.3277587890625
0.00255012512207031 0.0176544189453125 -0.069091796875 0.556732177734375
-0.0343589782714844 0.00136184692382813 0.281219482421875 0.343017578125
-0.0348129272460938 -0.0115070343017578 0.322113037109375 -0.003204345703125
-0.00591182708740234 -0.00927543640136719 0.1739501953125 -0.225906372070313
-0.0227375030517578 -0.00238227844238281 -0.1207275390625 0.179672241210938
-0.00469112396240234 -0.012904167175293 -0.183273315429687 -0.13214111328125
0.0021522045135498 -0.00184977054595947 -0.0411376953125 -0.5020751953125
0.0253067016601563 0.0190200805664063 0.404754638671875 -0.535797119140625
0.0273971557617188 0.0226306915283203 0.73858642578125 0.0965576171875
0.0228900909423828 0.0240306854248047 0.46307373046875 0.71533203125
0.0215377807617188 0.0899658203125 0.0406494140625 0.528045654296875
0.0030364990234375 0.106986999511719 0.0417938232421875 -0.07659912109375
0.0443801879882813 0.0630149841308594 -0.2781982421875 -0.551361083984375
0.0524177551269531 -0.0147933959960938 -0.7938232421875 -0.26446533203125
0.0324001312255859 -0.0155525207519531 -0.5933837890625 0.42425537109375
0.00645065307617188 -0.00159597396850586 0.03009033203125 0.53466796875
-0.019134521484375 -0.0085296630859375 0.332855224609375 0.279541015625
-0.0242996215820313 -0.00679969787597656 0.330841064453125 -0.0430908203125
-0.00395917892456055 -0.00226426124572754 0.164276123046875 -0.233489990234375
-0.0144548416137695 0.00701713562011719 -0.127410888671875 0.169937133789063
0.0107555389404297 -0.00953578948974609 -0.171188354492187 -0.161605834960938
0.0201663970947266 -0.0170040130615234 0.00628662109374997 -0.51470947265625
0.0250453948974609 0.00266075134277344 0.46685791015625 -0.481719970703125
0.00925350189208984 0.00563335418701172 0.729248046875 0.20501708984375
-0.00802803039550781 0.00131464004516602 0.37774658203125 0.7781982421875
0.00590896606445313 0.0525588989257812 -0.00210571289062495 0.504425048828125
0.00166320800781249 0.0603981018066406 0.045196533203125 -0.116119384765625
0.01812744140625 0.0322742462158203 -0.329559326171875 -0.540924072265625
0.0164318084716797 -0.0279655456542969 -0.81060791015625 -0.172119140625
0.0133171081542969 -0.0286216735839844 -0.526336669921875 0.483673095703125
0.00637435913085938 -0.0181732177734375 0.0906677246093751 0.51446533203125
-0.00345230102539062 -0.0189094543457031 0.357818603515625 0.235015869140625
-0.00973415374755859 -0.00162982940673828 0.33074951171875 -0.070281982421875
-0.000438690185546875 0.00328493118286133 0.155548095703125 -0.238296508789063
-0.00864982604980469 0.0145711898803711 -0.132369995117188 0.164596557617188
0.0279903411865234 -0.00708961486816406 -0.174331665039063 -0.170028686523437
0.0368766784667969 -0.0293083190917969 0.0191650390625 -0.515838623046875
0.0243587493896484 -0.0129375457763672 0.487823486328125 -0.45269775390625
-0.0138168334960938 -0.0168085098266602 0.72198486328125 0.25042724609375
-0.0363197326660156 -0.0354843139648438 0.33984375 0.80084228515625
0.00199043750762939 -0.00201630592346191 -0.0137939453125 0.4913330078125
0.00530052185058594 0.00266408920288086 0.0516815185546875 -0.134513854980469
-0.015345573425293 -9.34600830078135E-05 -0.34637451171875 -0.53704833984375
-0.0261421203613281 -0.0344638824462891 -0.81085205078125 -0.135009765625
-0.009429931640625 -0.0359115600585938 -0.498809814453125 0.509033203125
0.00638389587402344 -0.0345306396484375 0.11083984375 0.51043701171875
0.01123046875 -0.0286960601806641 0.36224365234375 0.216461181640625
0.00285148620605469 0.00177454948425293 0.3255615234375 -0.082855224609375
0.00429821014404297 0.0102767944335938 0.14666748046875 -0.242584228515625
-0.00418663024902344 0.0181217193603516 -0.139602661132813 0.165969848632813
0.0414276123046875 -0.00202560424804688 -0.190048217773437 -0.164108276367188
0.0492401123046875 -0.0381813049316406 -0.00598144531250005 -0.51116943359375
0.0208187103271484 -0.024322509765625 0.47100830078125 -0.461334228515625
-0.0355072021484375 -0.03515625 0.7333984375 0.217529296875
-0.0639266967773438 -0.0755538940429687 0.3724365234375 0.7783203125
-0.001129150390625 -0.0617179870605469 0.00448608398437503 0.491424560546875
0.0114517211914062 -0.0601043701171875 0.055419921875 -0.128349304199219
-0.0463790893554687 -0.0382194519042969 -0.3271484375 -0.543701171875
-0.0650672912597656 -0.0395431518554688 -0.7998046875 -0.158203125
-0.0309562683105469 -0.0374069213867187 -0.51324462890625 0.499114990234375
0.00330352783203125 -0.0440635681152344 0.086822509765625 0.528076171875
0.0234642028808594 -0.0373382568359375 0.344970703125 0.2366943359375
0.0166349411010742 0.00334644317626953 0.318084716796875 -0.0755615234375
0.00909328460693359 0.0123805999755859 0.145843505859375 -0.243118286132813
-0.000912666320800782 0.017364501953125 -0.14862060546875 0.173095703125
0.0490264892578125 0.00138092041015625 -0.217819213867187 -0.141921997070313
0.0558853149414063 -0.041259765625 -0.064300537109375 -0.491668701171875
0.0164775848388672 -0.0301342010498047 0.407989501953125 -0.50042724609375
-0.0556106567382812 -0.0450973510742188 0.7445068359375 0.1202392578125
-0.09478759765625 -0.102607727050781 0.4581298828125 0.71551513671875
-0.0103759765625 -0.112197875976563 0.052398681640625 0.502532958984375
0.020263671875 -0.115821838378906 0.0604705810546875 -0.0972900390625
-0.0655593872070312 -0.0761947631835938 -0.2713623046875 -0.553466796875
-0.0967636108398438 -0.0491180419921875 -0.77227783203125 -0.23919677734375
-0.0506668090820312 -0.0358734130859375 -0.5687255859375 0.45379638671875
-0.00167465209960937 -0.0450286865234375 0.0255126953125 0.56231689453125
0.0302848815917969 -0.04327392578125 0.3062744140625 0.28863525390625
0.0264835357666016 0.00381851196289063 0.308746337890625 -0.0498046875
0.0128383636474609 0.0108757019042969 0.147811889648438 -0.240768432617187
-0.0296230316162109 -0.0215625762939453 -0.1168212890625 0.214248657226563
-0.0286960601806641 -0.0199794769287109 -0.247650146484375 -0.00712585449218755
-0.0304813385009766 0.0293998718261719 -0.2479248046875 -0.35906982421875
0.0140151977539062 0.0611152648925781 0.0879516601562499 -0.62762451171875
0.0395431518554688 0.0421905517578125 0.64453125 -0.32501220703125
0.059051513671875 0.00672531127929687 0.74517822265625 0.34075927734375
0.0750656127929688 0.0706710815429688 0.27093505859375 0.544036865234375
0.023651123046875 0.121635437011719 0.0440902709960937 0.0906448364257813
0.0549774169921875 0.0925445556640625 -0.02166748046875 -0.54071044921875
0.0796279907226562 0.0261001586914062 -0.56134033203125 -0.65960693359375
0.0470123291015625 0.0275382995605469 -0.80267333984375 0.0545654296875
-0.00951004028320313 0.0432319641113281 -0.30902099609375 0.551605224609375
-0.055206298828125 0.018096923828125 0.1240234375 0.467254638671875
-0.0428123474121094 -0.00996398925781249 0.279678344726563 0.08245849609375
-0.00582122802734375 -0.0163393020629883 0.182144165039062 -0.208541870117187
-0.0296077728271484 -0.0165290832519531 -0.115921020507813 0.2041015625
-0.0266036987304688 -0.0177841186523438 -0.226593017578125 -0.0509796142578125
-0.0252265930175781 0.0253810882568359 -0.182861328125 -0.420867919921875
0.0180625915527344 0.0503082275390625 0.19732666015625 -0.6260986328125
0.0443763732910156 0.0375823974609375 0.70062255859375 -0.20135498046875
0.0622749328613281 0.0192832946777344 0.6739501953125 0.47711181640625
0.0653457641601563 0.0950927734375 0.18853759765625 0.55340576171875
0.0148849487304688 0.138778686523438 0.0403556823730469 0.035491943359375
0.0615692138671875 0.0986480712890625 -0.1104736328125 -0.558990478515625
0.0860977172851563 0.0190200805664063 -0.66925048828125 -0.53399658203125
0.0516624450683594 0.0181503295898438 -0.75616455078125 0.201416015625
-0.00314903259277344 0.0324993133544922 -0.189453125 0.56842041015625
-0.0481719970703125 0.0111961364746094 0.20770263671875 0.412261962890625
-0.0408287048339844 -0.0124549865722656 0.306427001953125 0.040435791015625
-0.00611114501953125 -0.0144052505493164 0.17987060546875 -0.217971801757813
-0.0272541046142578 -0.00946807861328124 -0.117507934570312 0.192657470703125
-0.0184402465820312 -0.0153312683105469 -0.203353881835938 -0.095703125
-0.0136661529541016 0.0130853652954102 -0.109283447265625 -0.4732666015625
0.0222282409667969 0.0357933044433594 0.30889892578125 -0.59320068359375
0.0405540466308594 0.0313758850097656 0.73614501953125 -0.05108642578125
0.0489234924316406 0.028106689453125 0.57568359375 0.6121826171875
0.0440139770507812 0.103973388671875 0.107086181640625 0.54913330078125
0.00744628906249999 0.134246826171875 0.0397491455078125 -0.0228080749511719
0.06024169921875 0.0873641967773438 -0.19976806640625 -0.5621337890625
0.0771255493164063 0.0017242431640625 -0.75152587890625 -0.39495849609375
0.0470390319824219 0.00194549560546875 -0.679931640625 0.3323974609375
0.00232315063476563 0.01715087890625 -0.070159912109375 0.56085205078125
-0.0344715118408203 0.00157737731933594 0.28253173828125 0.345306396484375
-0.0346641540527344 -0.0110607147216797 0.3248291015625 -0.0040283203125
-0.00562191009521484 -0.00957202911376953 0.17474365234375 -0.227371215820313
-0.0222625732421875 -0.000617980957031245 -0.12054443359375 0.180557250976563
-0.00571918487548828 -0.0125551223754883 -0.185089111328125 -0.133560180664062
0.00227952003479004 -0.00170445442199707 -0.042572021484375 -0.50439453125
0.0254306793212891 0.0192947387695313 0.405914306640625 -0.539398193359375
0.0275421142578125 0.0217151641845703 0.74298095703125 0.09619140625
0.0216960906982422 0.0240592956542969 0.4693603515625 0.719482421875
0.0218124389648437 0.0900039672851563 0.042236328125 0.53155517578125
0.00302886962890626 0.107574462890625 0.0411529541015625 -0.0767745971679688
0.0457038879394531 0.0640182495117187 -0.27984619140625 -0.55499267578125
0.0527305603027344 -0.0152702331542969 -0.80047607421875 -0.26556396484375
0.0329227447509766 -0.0156269073486328 -0.59765625 0.4285888671875
0.00639533996582031 -0.00151205062866211 0.029876708984375 0.540557861328125
-0.0196914672851563 -0.0076751708984375 0.335540771484375 0.281280517578125
-0.02484130859375 -0.00696372985839844 0.3328857421875 -0.044189453125
-0.00285744667053223 -0.00204944610595703 0.165435791015625 -0.235992431640625
-0.0134105682373047 0.00792980194091797 -0.126235961914063 0.170562744140625
0.0115814208984375 -0.00869464874267578 -0.173751831054687 -0.163192749023438
0.0212364196777344 -0.0175971984863281 0.00433349609375006 -0.518157958984375
0.0250701904296875 0.00236701965332031 0.47027587890625 -0.484283447265625
0.00870990753173828 0.00593376159667969 0.733642578125 0.20599365234375
-0.00758457183837891 0.00107812881469726 0.3809814453125 0.7850341796875
0.00688552856445313 0.0528755187988281 -0.00109863281250005 0.508392333984375
0.00289535522460937 0.0602569580078125 0.045562744140625 -0.117256164550781
0.0187892913818359 0.0326194763183594 -0.3341064453125 -0.54437255859375
0.0170516967773438 -0.0282783508300781 -0.81585693359375 -0.173095703125
0.0126361846923828 -0.0289173126220703 -0.531158447265625 0.487762451171875
0.00703239440917969 -0.0193576812744141 0.090972900390625 0.519256591796875
-0.00468635559082031 -0.0184268951416016 0.36029052734375 0.23480224609375
-0.0105409622192383 -0.00141716003417969 0.3328857421875 -0.071044921875
-0.000269412994384766 0.00374650955200195 0.156021118164063 -0.240402221679688
-0.00743389129638672 0.0153179168701172 -0.1322021484375 0.165328979492188
0.0278129577636719 -0.00587654113769531 -0.1763916015625 -0.171127319335938
0.0367469787597656 -0.0294456481933594 0.018341064453125 -0.52105712890625
0.0247535705566406 -0.0137233734130859 0.491302490234375 -0.455780029296875
-0.0143651962280273 -0.0174942016601563 0.7259521484375 0.2520751953125
-0.0369224548339844 -0.0362052917480469 0.3428955078125 0.80535888671875
0.00180745124816895 -0.00214242935180664 -0.0137939453125 0.495452880859375
0.00543832778930664 0.00181674957275391 0.0511856079101562 -0.135795593261719
-0.0148601531982422 0.000354766845703128 -0.348480224609375 -0.542022705078125
-0.0266685485839844 -0.0338344573974609 -0.81787109375 -0.1351318359375
-0.0092926025390625 -0.0360450744628906 -0.501678466796875 0.512969970703125
0.00590133666992188 -0.0352706909179688 0.110321044921875 0.512939453125
0.0114974975585937 -0.0289402008056641 0.364501953125 0.21697998046875
0.00309514999389648 0.00255322456359863 0.327850341796875 -0.084197998046875
0.00499057769775391 0.0102558135986328 0.14849853515625 -0.244903564453125
-0.00233650207519531 0.0185623168945313 -0.141159057617188 0.166641235351563
0.042572021484375 -0.00231170654296875 -0.192184448242188 -0.166061401367188
0.0489578247070313 -0.0380592346191406 -0.0062255859375 -0.5137939453125
0.0203018188476563 -0.025543212890625 0.472412109375 -0.465606689453125
-0.0367050170898438 -0.0366401672363281 0.7374267578125 0.2183837890625
-0.0648651123046875 -0.0754623413085938 0.3756103515625 0.7845458984375
-0.000602722167968757 -0.062042236328125 0.00585937499999997 0.494171142578125
0.0114631652832031 -0.0607795715332031 0.0561294555664062 -0.129409790039063
-0.0464553833007813 -0.0377540588378906 -0.330352783203125 -0.546722412109375
-0.066009521484375 -0.0388259887695312 -0.8052978515625 -0.1595458984375
-0.0316505432128906 -0.037261962890625 -0.5159912109375 0.504302978515625
0.00273895263671875 -0.0442390441894531 0.088714599609375 0.53277587890625
0.0243759155273438 -0.0381584167480469 0.34747314453125 0.23797607421875
0.0169429779052734 0.00368881225585938 0.320068359375 -0.076690673828125
0.0101156234741211 0.0121822357177734 0.14605712890625 -0.245254516601562
-1.71661376953115E-05 0.0180931091308594 -0.14892578125 0.174087524414062
0.049896240234375 0.00244903564453125 -0.219940185546875 -0.143280029296875
0.0553627014160156 -0.0416030883789062 -0.0654296875 -0.495086669921875
0.0166130065917969 -0.0305461883544922 0.409576416015625 -0.505126953125
-0.0569839477539062 -0.0463447570800781 0.74957275390625 0.1204833984375
-0.09564208984375 -0.103111267089844 0.46337890625 0.72222900390625
-0.0109329223632812 -0.112106323242188 0.053070068359375 0.50555419921875
0.0216598510742188 -0.116836547851563 0.0606765747070313 -0.098541259765625
-0.0653152465820312 -0.07659912109375 -0.274932861328125 -0.558624267578125
-0.0970611572265625 -0.0492630004882812 -0.777587890625 -0.24267578125
-0.0519142150878906 -0.0362434387207031 -0.57171630859375 0.45855712890625
-0.002471923828125 -0.0463981628417969 0.02508544921875 0.5660400390625
0.0303955078125 -0.0440940856933594 0.30987548828125 0.29071044921875
0.0269203186035156 0.00370025634765625 0.30987548828125 -0.051116943359375
0.013300895690918 0.0113029479980469 0.149459838867187 -0.2427978515625
-0.0285301208496094 -0.0208797454833984 -0.115631103515625 0.216339111328125
-0.0294609069824219 -0.0199184417724609 -0.24896240234375 -0.00679016113281251
-0.0307464599609375 0.0300045013427734 -0.25067138671875 -0.361175537109375
0.0141487121582031 0.0609321594238281 0.0859985351562501 -0.63104248046875
0.0400505065917969 0.0422210693359375 0.6485595703125 -0.3314208984375
0.0584945678710938 0.00668716430664063 0.75189208984375 0.3397216796875
0.0753402709960938 0.071044921875 0.27374267578125 0.547607421875
0.025146484375 0.123069763183594 0.0445098876953125 0.0903167724609375
0.0553359985351563 0.0935440063476563 -0.0254821777343749 -0.54644775390625
0.0803909301757813 0.0266571044921875 -0.568603515625 -0.660888671875
0.0480766296386719 0.0271568298339844 -0.80914306640625 0.0589599609375001
-0.0103912353515625 0.0432472229003906 -0.31048583984375 0.557037353515625
-0.0555419921875 0.0195960998535156 0.12640380859375 0.470367431640625
-0.0425643920898438 -0.00880050659179687 0.281082153320312 0.0821380615234375
-0.00565242767333984 -0.0167789459228516 0.182388305664063 -0.2115478515625
-0.0293903350830078 -0.0155067443847656 -0.115081787109375 0.205963134765625
-0.0277919769287109 -0.0167236328125 -0.228897094726563 -0.0507354736328125
-0.0254325866699219 0.0245780944824219 -0.185821533203125 -0.424407958984375
0.0187454223632813 0.0510749816894531 0.19635009765625 -0.6300048828125
0.0444755554199219 0.0367813110351563 0.7037353515625 -0.20660400390625
0.0610923767089844 0.0186614990234375 0.68206787109375 0.47930908203125
0.0662689208984375 0.095489501953125 0.192230224609375 0.55694580078125
0.015655517578125 0.139366149902344 0.0408096313476562 0.036407470703125
0.0624618530273437 0.0990753173828125 -0.112335205078125 -0.562164306640625
0.08685302734375 0.0191574096679687 -0.67620849609375 -0.5350341796875
0.05230712890625 0.0174598693847656 -0.7613525390625 0.2059326171875
-0.00333404541015625 0.0329742431640625 -0.1890869140625 0.57464599609375
-0.0480918884277344 0.011322021484375 0.21063232421875 0.41497802734375
-0.0408210754394531 -0.01171875 0.308502197265625 0.038787841796875
-0.00536346435546875 -0.0143413543701172 0.180877685546875 -0.220138549804688
-0.02655029296875 -0.00846290588378907 -0.117080688476563 0.194091796875
-0.0193767547607422 -0.0141716003417969 -0.204788208007813 -0.096405029296875
-0.0137844085693359 0.013458251953125 -0.1131591796875 -0.476409912109375
0.0224533081054688 0.0356826782226563 0.309326171875 -0.59796142578125
0.0399246215820313 0.0313949584960938 0.7413330078125 -0.0543212890625
0.0479087829589844 0.0278244018554688 0.58258056640625 0.61492919921875
0.0440673828125 0.104301452636719 0.11029052734375 0.550689697265625
0.00809478759765624 0.134788513183594 0.0395278930664063 -0.0241317749023437
0.0601806640625 0.0873031616210938 -0.203857421875 -0.5655517578125
0.0777053833007813 0.00246429443359375 -0.7591552734375 -0.39617919921875
0.0462493896484375 0.00079345703125 -0.6861572265625 0.3372802734375
0.00225734710693359 0.0167636871337891 -0.06793212890625 0.56695556640625
-0.03564453125 0.00262451171874999 0.28607177734375 0.3466796875
-0.0348987579345703 -0.0104026794433594 0.326690673828125 -0.005828857421875
-0.0050053596496582 -0.00876665115356445 0.174850463867187 -0.230758666992188
-0.0217685699462891 0.000648498535156251 -0.121170043945312 0.181732177734375
-0.00525856018066406 -0.0114784240722656 -0.186614990234375 -0.134201049804687
0.00182175636291504 -0.00223302841186523 -0.04541015625 -0.508880615234375
0.0257377624511719 0.0190963745117188 0.40557861328125 -0.543121337890625
0.0276203155517578 0.0213127136230469 0.74810791015625 0.09405517578125
0.0219745635986328 0.0239353179931641 0.4739990234375 0.723876953125
0.0218658447265625 0.0908126831054688 0.04327392578125 0.534027099609375
0.00360107421875 0.108688354492188 0.0412445068359375 -0.0779571533203125
0.0458908081054688 0.0639991760253906 -0.28387451171875 -0.559661865234375
0.0533981323242188 -0.0155601501464844 -0.806396484375 -0.264892578125
0.0326881408691406 -0.0157375335693359 -0.6002197265625 0.4346923828125
0.00545406341552734 -0.00169277191162109 0.03094482421875 0.54388427734375
-0.0203628540039063 -0.0082855224609375 0.337249755859375 0.282135009765625
-0.0248756408691406 -0.00632667541503906 0.3353271484375 -0.046234130859375
-0.00245356559753418 -0.00232291221618652 0.165512084960938 -0.238540649414063
-0.0130987167358398 0.00899505615234375 -0.127471923828125 0.172164916992187
0.0108184814453125 -0.0074005126953125 -0.1771240234375 -0.164306640625
0.0205001831054688 -0.0179405212402344 0.00360107421875003 -0.521820068359375
0.0250358581542969 0.00214958190917969 0.472076416015625 -0.488433837890625
0.00869274139404297 0.00475454330444336 0.74163818359375 0.2039794921875
-0.00898170471191406 0.000988006591796875 0.3870849609375 0.78814697265625
0.00656509399414062 0.0529327392578125 0.00207519531250003 0.512420654296875
0.00386810302734375 0.0609207153320313 0.0440139770507812 -0.119171142578125
0.0197582244873047 0.0325508117675781 -0.33721923828125 -0.548919677734375
0.0167427062988281 -0.0282554626464844 -0.8236083984375 -0.1729736328125
0.0128459930419922 -0.0290908813476562 -0.534454345703125 0.493438720703125
0.00670814514160156 -0.0195045471191406 0.093902587890625 0.52313232421875
-0.00416755676269531 -0.01763916015625 0.365509033203125 0.235595703125
-0.0110445022583008 -0.00134944915771484 0.335418701171875 -0.073455810546875
0.000536441802978516 0.00341439247131348 0.1556396484375 -0.243682861328125
-0.0063323974609375 0.015894889831543 -0.1328125 0.166107177734375
0.0285263061523438 -0.0065460205078125 -0.1783447265625 -0.172378540039063
0.0358161926269531 -0.0306930541992188 0.015106201171875 -0.524261474609375
0.0248603820800781 -0.0150890350341797 0.4930419921875 -0.46148681640625
-0.0156307220458984 -0.0177040100097656 0.7320556640625 0.2513427734375
-0.03790283203125 -0.0353775024414063 0.3492431640625 0.8114013671875
0.00237298011779785 -0.00216794013977051 -0.01287841796875 0.498779296875
0.00597333908081055 0.00158786773681641 0.0513153076171875 -0.137641906738281
-0.0150442123413086 0.000279426574707033 -0.353515625 -0.54473876953125
-0.0266017913818359 -0.0341815948486328 -0.82586669921875 -0.13336181640625
-0.0105094909667969 -0.0361328125 -0.5025634765625 0.5198974609375
0.00543975830078125 -0.0353889465332031 0.11224365234375 0.518096923828125
0.011444091796875 -0.0288257598876953 0.367218017578125 0.217620849609375
0.00466823577880859 0.0026087760925293 0.3299560546875 -0.086456298828125
0.00510787963867188 0.00951480865478515 0.14849853515625 -0.24713134765625
-0.00142860412597656 0.0192642211914062 -0.141189575195312 0.168685913085938
0.0423736572265625 -0.00188446044921875 -0.19500732421875 -0.167434692382813
0.048797607421875 -0.0387191772460938 -0.00778198242187504 -0.517669677734375
0.0209293365478516 -0.0263710021972656 0.473876953125 -0.471160888671875
-0.037811279296875 -0.0368766784667969 0.74261474609375 0.21728515625
-0.0665512084960938 -0.0750350952148438 0.38177490234375 0.789794921875
-0.000602722167968756 -0.062347412109375 0.00796508789062495 0.49761962890625
0.012481689453125 -0.0621337890625 0.05535888671875 -0.130264282226563
-0.0457916259765625 -0.0379447937011719 -0.3343505859375 -0.5496826171875
-0.0669746398925781 -0.0389976501464844 -0.8131103515625 -0.15740966796875
-0.0327186584472656 -0.0382575988769531 -0.519287109375 0.5093994140625
0.00199127197265625 -0.0451736450195312 0.091766357421875 0.536590576171875
0.0230140686035156 -0.038482666015625 0.351318359375 0.23822021484375
0.0182819366455078 0.00417709350585938 0.321868896484375 -0.079376220703125
0.0105295181274414 0.0124874114990234 0.146408081054688 -0.247283935546875
0.00168609619140625 0.0186614990234375 -0.149276733398437 0.175796508789063
0.0506134033203125 0.00229263305664063 -0.223175048828125 -0.143569946289063
0.0553207397460937 -0.0422592163085937 -0.068267822265625 -0.49713134765625
0.0165996551513672 -0.0316200256347656 0.40869140625 -0.5093994140625
-0.0579185485839844 -0.046844482421875 0.75506591796875 0.1177978515625
-0.0967788696289063 -0.103179931640625 0.47015380859375 0.72528076171875
-0.00987243652343751 -0.113502502441406 0.05584716796875 0.50714111328125
0.0210723876953125 -0.117950439453125 0.0601043701171875 -0.0996856689453125
-0.065399169921875 -0.0763702392578125 -0.27789306640625 -0.5626220703125
-0.0979537963867187 -0.0492095947265625 -0.785400390625 -0.2403564453125
-0.0525016784667969 -0.0357437133789063 -0.57452392578125 0.463623046875
-0.00286865234375 -0.0470542907714844 0.0273437500000001 0.57159423828125
0.0300369262695313 -0.0434684753417969 0.31390380859375 0.292633056640625
0.0278263092041016 0.00398063659667969 0.31268310546875 -0.053070068359375
0.0138082504272461 0.0108070373535156 0.148849487304688 -0.246047973632813
-0.0282077789306641 -0.0196514129638672 -0.114761352539063 0.21759033203125
-0.030303955078125 -0.0190410614013672 -0.251235961914063 -0.00714111328125005
-0.0310878753662109 0.0310611724853516 -0.25439453125 -0.3623046875
0.0147018432617188 0.0615577697753906 0.0823974609375 -0.6370849609375
0.0407066345214844 0.0414352416992188 0.651123046875 -0.335205078125
0.0587120056152344 0.00570297241210938 0.76007080078125 0.33709716796875
0.0767974853515625 0.0705184936523438 0.27874755859375 0.549560546875
0.0260467529296875 0.122993469238281 0.0445327758789063 0.0908126831054688
0.0567855834960938 0.0942001342773438 -0.027313232421875 -0.5501708984375
0.0812530517578125 0.0268478393554688 -0.57513427734375 -0.6641845703125
0.0480766296386719 0.02740478515625 -0.814697265625 0.0627441406249998
-0.0101280212402344 0.0435104370117188 -0.310546875 0.56475830078125
-0.056915283203125 0.0198173522949219 0.12872314453125 0.474517822265625
-0.0437049865722656 -0.00818252563476563 0.2847900390625 0.080780029296875
-0.00554370880126953 -0.0171527862548828 0.182632446289063 -0.214065551757813
-0.0296249389648438 -0.0145549774169922 -0.114669799804688 0.207962036132813
-0.0279579162597656 -0.0165348052978516 -0.23077392578125 -0.0512847900390625
-0.0255699157714844 0.0253181457519531 -0.190521240234375 -0.426177978515625
0.019775390625 0.0507125854492188 0.19342041015625 -0.635986328125
0.04443359375 0.0368499755859375 0.70770263671875 -0.2125244140625
0.061859130859375 0.0189743041992188 0.6910400390625 0.47930908203125
0.0668106079101563 0.0950393676757813 0.19677734375 0.558807373046875
0.0172882080078125 0.140838623046875 0.0404815673828125 0.0351524353027344
0.0633316040039062 0.100555419921875 -0.11480712890625 -0.566650390625
0.0872421264648438 0.0185317993164063 -0.684814453125 -0.53680419921875
0.0531501770019531 0.0170745849609375 -0.76617431640625 0.21246337890625
-0.00338363647460938 0.0329799652099609 -0.18780517578125 0.57958984375
-0.0487022399902344 0.01226806640625 0.214599609375 0.418060302734375
-0.0412368774414063 -0.0104446411132813 0.311126708984375 0.037841796875
-0.00510501861572265 -0.0143470764160156 0.18048095703125 -0.223861694335937
-0.0265884399414062 -0.00728988647460938 -0.116958618164063 0.195404052734375
-0.0200424194335938 -0.0136032104492188 -0.208694458007812 -0.0963134765625
-0.0139827728271484 0.0141315460205078 -0.116546630859375 -0.478729248046875
0.0235214233398438 0.0362472534179688 0.30792236328125 -0.60345458984375
0.0412101745605469 0.0307121276855469 0.74456787109375 -0.05755615234375
0.0473251342773438 0.0279426574707031 0.59130859375 0.615966796875
0.0451507568359375 0.10467529296875 0.1151123046875 0.554931640625
0.00952911376953124 0.136329650878906 0.0394020080566406 -0.0237579345703125
0.0615692138671875 0.0882492065429687 -0.2071533203125 -0.56964111328125
0.0775985717773438 0.0014190673828125 -0.76629638671875 -0.39532470703125
0.0470008850097656 7.62939453125E-06 -0.68951416015625 0.34344482421875
0.00165748596191406 0.0171899795532227 -0.0667724609375 0.5731201171875
-0.0365638732910156 0.0029144287109375 0.28973388671875 0.348663330078125
-0.0345840454101563 -0.00988960266113281 0.329193115234375 -0.007965087890625
-0.00419425964355469 -0.00952816009521484 0.1748046875 -0.233230590820312
-0.0200939178466797 0.00183486938476563 -0.120162963867188 0.18316650390625
-0.00510215759277344 -0.0106182098388672 -0.189605712890625 -0.135574340820313
0.00161600112915039 -0.00195693969726563 -0.049346923828125 -0.512054443359375
0.0262527465820313 0.0185203552246094 0.404754638671875 -0.549560546875
0.0270519256591797 0.0212440490722656 0.75384521484375 0.091796875
0.0208473205566406 0.0242710113525391 0.48248291015625 0.72760009765625
0.0223770141601562 0.0916366577148438 0.04779052734375 0.53857421875
0.0045013427734375 0.10894775390625 0.0405044555664063 -0.0797119140625
0.0472297668457031 0.0647010803222656 -0.289794921875 -0.560638427734375
0.0523414611816406 -0.0165824890136719 -0.8153076171875 -0.26348876953125
0.0325088500976563 -0.0161457061767578 -0.60552978515625 0.441162109375
0.00614643096923828 -0.0019989013671875 0.0330810546875 0.548736572265625
-0.0211639404296875 -0.00771522521972656 0.342376708984375 0.281097412109375
-0.0246868133544922 -0.00610160827636719 0.338226318359375 -0.048492431640625
-0.0022273063659668 -0.00252461433410644 0.164810180664062 -0.241043090820312
-0.0119638442993164 0.0106954574584961 -0.127151489257813 0.173919677734375
0.0108327865600586 -0.00715732574462891 -0.179840087890625 -0.1644287109375
0.0207538604736328 -0.0177249908447266 0.000244140625000048 -0.525360107421875
0.0260410308837891 0.00200271606445313 0.471588134765625 -0.496307373046875
0.00829792022705078 0.00438499450683594 0.7464599609375 0.20391845703125
-0.00988674163818359 0.00128269195556641 0.39422607421875 0.7930908203125
0.00704574584960938 0.0537338256835937 0.003204345703125 0.514739990234375
0.00380706787109375 0.0609359741210937 0.044403076171875 -0.120376586914062
0.0196514129638672 0.0329246520996094 -0.34332275390625 -0.55059814453125
0.0166873931884766 -0.0278377532958984 -0.83221435546875 -0.16845703125
0.0130672454833984 -0.02978515625 -0.536376953125 0.500579833984375
0.00588417053222656 -0.0199203491210938 0.09576416015625 0.527496337890625
-0.00484657287597656 -0.0188999176025391 0.3682861328125 0.236053466796875
-0.0105524063110352 3.81469726562664E-06 0.33673095703125 -0.076904296875
0.00132441520690918 0.00377392768859863 0.1573486328125 -0.2459716796875
-0.00518512725830078 0.0169105529785156 -0.131790161132813 0.168136596679688
0.0287208557128906 -0.005706787109375 -0.181289672851563 -0.172149658203125
0.0365829467773438 -0.0304718017578125 0.012481689453125 -0.5281982421875
0.024810791015625 -0.0153007507324219 0.4937744140625 -0.467529296875
-0.0162487030029297 -0.0185012817382812 0.73919677734375 0.25048828125
-0.0392532348632812 -0.0348854064941406 0.357421875 0.81488037109375
0.00296211242675781 -0.00258970260620117 -0.010162353515625 0.502197265625
0.00657796859741211 0.00183010101318359 0.050262451171875 -0.138839721679688
-0.0144548416137695 0.000243186950683592 -0.360382080078125 -0.547271728515625
-0.0268573760986328 -0.0338497161865234 -0.83154296875 -0.1292724609375
-0.0101432800292969 -0.0364532470703125 -0.504791259765625 0.52667236328125
0.00500106811523438 -0.0359840393066406 0.116943359375 0.522003173828125
0.0107746124267578 -0.0286502838134766 0.37255859375 0.2171630859375
0.0038454532623291 0.00292778015136719 0.3319091796875 -0.088226318359375
0.00616645812988281 0.00948905944824219 0.148773193359375 -0.250900268554688
0.00020027160644531 0.0196857452392578 -0.140777587890625 0.16973876953125
0.0427017211914062 -0.0012664794921875 -0.197738647460937 -0.167388916015625
0.0483932495117188 -0.0388946533203125 -0.0113525390625 -0.522186279296875
0.02117919921875 -0.0266132354736328 0.475860595703125 -0.475982666015625
-0.0388603210449219 -0.0374794006347656 0.7498779296875 0.2154541015625
-0.067291259765625 -0.0758209228515625 0.38946533203125 0.7940673828125
-0.000934600830078124 -0.0626945495605469 0.00885009765625005 0.49957275390625
0.0126228332519531 -0.0626106262207031 0.0547409057617188 -0.132537841796875
-0.0462112426757813 -0.0376853942871094 -0.339630126953125 -0.552154541015625
-0.0673789978027344 -0.0389900207519531 -0.8201904296875 -0.1549072265625
-0.0332984924316406 -0.0378913879394531 -0.522003173828125 0.516815185546875
0.00156784057617188 -0.0456085205078125 0.094268798828125 0.5416259765625
0.0226669311523437 -0.0385322570800781 0.35455322265625 0.23760986328125
0.0174341201782227 0.00443840026855469 0.32464599609375 -0.08172607421875
0.0107326507568359 0.011347770690918 0.14569091796875 -0.250930786132813
0.00323677062988281 0.0196247100830078 -0.14862060546875 0.176773071289063
0.0509872436523438 0.0027313232421875 -0.225753784179687 -0.1441650390625
0.0551109313964844 -0.0425987243652344 -0.071533203125 -0.501434326171875
0.0167675018310547 -0.0322704315185547 0.41046142578125 -0.51397705078125
-0.0600242614746094 -0.0472564697265625 0.76263427734375 0.11492919921875
-0.0990676879882813 -0.103286743164063 0.47918701171875 0.7286376953125
-0.0109024047851563 -0.113685607910156 0.057220458984375 0.510986328125
0.0215225219726563 -0.118423461914063 0.059722900390625 -0.101158142089844
-0.0658340454101563 -0.0764999389648438 -0.2835693359375 -0.56439208984375
-0.0995635986328125 -0.048309326171875 -0.79296875 -0.2384033203125
-0.0538291931152344 -0.0366668701171875 -0.57806396484375 0.4700927734375
-0.00440597534179687 -0.0478897094726563 0.02935791015625 0.5771484375
0.0304145812988281 -0.0448074340820313 0.317657470703125 0.29254150390625
0.0285053253173828 0.00396347045898438 0.3145751953125 -0.056121826171875
0.0145587921142578 0.0106954574584961 0.14874267578125 -0.249237060546875
-0.0278415679931641 -0.0188350677490234 -0.112945556640625 0.22021484375
-0.0301322937011719 -0.0180244445800781 -0.253250122070313 -0.00579833984374997
-0.0317001342773438 0.0314044952392578 -0.26031494140625 -0.363494873046875
0.016326904296875 0.0618782043457031 0.0765380859375 -0.6417236328125
0.040618896484375 0.0420417785644531 0.6512451171875 -0.34234619140625
0.05810546875 0.00574111938476563 0.76995849609375 0.334716796875
0.0780715942382813 0.0699615478515625 0.2855224609375 0.55169677734375
0.02752685546875 0.123809814453125 0.044921875 0.0915374755859375
0.0569305419921875 0.0943374633789063 -0.0313720703125 -0.55450439453125
0.0820693969726563 0.026611328125 -0.58453369140625 -0.66546630859375
0.049285888671875 0.0258827209472656 -0.8218994140625 0.0697631835937499
-0.0102577209472656 0.043182373046875 -0.31048583984375 0.57147216796875
-0.0568695068359375 0.0214347839355469 0.1336669921875 0.47698974609375
-0.04364013671875 -0.00722122192382812 0.28656005859375 0.07977294921875
-0.00508308410644531 -0.0170202255249023 0.182525634765625 -0.217330932617188
-0.0286674499511719 -0.0134067535400391 -0.113357543945313 0.209930419921875
-0.0276203155517578 -0.0151157379150391 -0.232437133789063 -0.0500030517578125
-0.025909423828125 0.0261058807373047 -0.1942138671875 -0.428009033203125
0.0204849243164063 0.050872802734375 0.18841552734375 -0.64080810546875
0.0456466674804688 0.0367393493652344 0.7110595703125 -0.21759033203125
0.0610618591308594 0.0181312561035156 0.699462890625 0.4776611328125
0.067779541015625 0.0953750610351563 0.202545166015625 0.561431884765625
0.0181427001953125 0.141677856445313 0.0399932861328125 0.0355339050292969
0.0644378662109375 0.1004638671875 -0.11993408203125 -0.56988525390625
0.08734130859375 0.0181655883789063 -0.6951904296875 -0.53790283203125
0.0532341003417969 0.0159454345703125 -0.7711181640625 0.21868896484375
-0.00327491760253906 0.0329437255859375 -0.1866455078125 0.58660888671875
-0.0495643615722656 0.0133705139160156 0.21905517578125 0.41986083984375
-0.0408515930175781 -0.0100975036621094 0.313446044921875 0.036163330078125
-0.00483322143554688 -0.0144987106323242 0.180679321289063 -0.226898193359375
-0.0253276824951172 -0.0058441162109375 -0.1162109375 0.197052001953125
-0.0199832916259766 -0.0134563446044922 -0.210769653320312 -0.0967254638671875
-0.0146017074584961 0.0143365859985352 -0.121185302734375 -0.480926513671875
0.0238723754882813 0.0356483459472656 0.3046875 -0.60968017578125
0.0409812927246094 0.0304489135742187 0.750732421875 -0.0643310546875
0.0476760864257813 0.0273818969726563 0.599365234375 0.61669921875
0.0467605590820313 0.104629516601562 0.1204833984375 0.5579833984375
0.010955810546875 0.136322021484375 0.0389404296875 -0.0246429443359375
0.0642013549804688 0.088775634765625 -0.2132568359375 -0.57452392578125
0.0779800415039063 0.00121307373046875 -0.77459716796875 -0.39556884765625
0.0467910766601563 -0.00026702880859375 -0.6939697265625 0.35064697265625
0.00148582458496094 0.0161361694335938 -0.0648193359375 0.57708740234375
-0.0357894897460937 0.00319671630859374 0.2947998046875 0.350555419921875
-0.0349521636962891 -0.00909996032714844 0.33148193359375 -0.009613037109375
-0.00458908081054688 -0.00943279266357422 0.175079345703125 -0.236587524414063
-0.0190448760986328 0.00258827209472656 -0.1195068359375 0.1846923828125
-0.00588798522949219 -0.0102729797363281 -0.192123413085937 -0.135772705078125
0.000656485557556152 -0.00176072120666504 -0.0527954101562499 -0.51580810546875
0.0266036987304688 0.0184459686279297 0.404937744140625 -0.556365966796875
0.0279350280761719 0.0202579498291016 0.76116943359375 0.0870361328125
0.020416259765625 0.0243396759033203 0.4918212890625 0.727294921875
0.0233383178710938 0.091094970703125 0.0518798828125 0.54046630859375
0.0055084228515625 0.109024047851563 0.0395584106445313 -0.0803604125976563
0.0481338500976562 0.06475830078125 -0.29559326171875 -0.56494140625
0.0532722473144531 -0.0163154602050781 -0.82391357421875 -0.26068115234375
0.0326194763183594 -0.0169219970703125 -0.60650634765625 0.44952392578125
0.00504875183105469 -0.0027461051940918 0.036590576171875 0.553070068359375
-0.0216655731201172 -0.00749015808105469 0.346893310546875 0.282684326171875
-0.0238533020019531 -0.00539779663085938 0.340423583984375 -0.051971435546875
-0.00222969055175781 -0.00313901901245117 0.165634155273438 -0.244293212890625
-0.0101528167724609 0.0108270645141602 -0.125137329101563 0.17510986328125
0.011347770690918 -0.00694751739501953 -0.182205200195313 -0.165603637695312
0.0193386077880859 -0.0180511474609375 -0.00405883789062503 -0.530609130859375
0.0263118743896484 0.000677108764648438 0.4725341796875 -0.50213623046875
0.00779867172241211 0.00431299209594727 0.754638671875 0.1998291015625
-0.0101919174194336 0.00115489959716797 0.4033203125 0.796142578125
0.00689697265625 0.0532608032226563 0.00848388671875005 0.51715087890625
0.00445556640624999 0.0609283447265625 0.0435028076171875 -0.122001647949219
0.0208053588867188 0.0336570739746094 -0.34954833984375 -0.553131103515625
0.0158061981201172 -0.0290412902832031 -0.83953857421875 -0.16595458984375
0.0121135711669922 -0.0302619934082031 -0.5369873046875 0.507843017578125
0.00493621826171875 -0.0206546783447266 0.100006103515625 0.530029296875
-0.00463485717773438 -0.0185260772705078 0.374664306640625 0.234954833984375
-0.0106897354125977 -0.000602722167968752 0.339141845703125 -0.08087158203125
0.00127029418945313 0.00300025939941406 0.156234741210938 -0.249526977539063
-0.00355243682861328 0.0174961090087891 -0.131317138671875 0.170440673828125
0.0287685394287109 -0.00489044189453125 -0.185134887695313 -0.174331665039063
0.0360679626464844 -0.0311050415039063 0.00836181640624999 -0.532073974609375
0.0244274139404297 -0.0157375335693359 0.493896484375 -0.4727783203125
-0.0168380737304687 -0.0184555053710938 0.74737548828125 0.2462158203125
-0.0397529602050781 -0.0349006652832031 0.36328125 0.82000732421875
0.00278496742248535 -0.00257730484008789 -0.00634765625000001 0.505096435546875
0.0062260627746582 0.000930309295654297 0.049896240234375 -0.140960693359375
-0.0142850875854492 0.000267982482910157 -0.3670654296875 -0.54833984375
-0.0275917053222656 -0.0342540740966797 -0.84027099609375 -0.12469482421875
-0.0118026733398437 -0.0365333557128906 -0.505645751953125 0.532684326171875
0.00433349609375 -0.0367507934570313 0.120452880859375 0.52642822265625
0.0101032257080078 -0.0289783477783203 0.37646484375 0.2159423828125
0.00415396690368652 0.00284028053283691 0.333709716796875 -0.093048095703125
0.00678348541259766 0.00980091094970703 0.147201538085938 -0.253646850585937
0.00228500366210938 0.0203857421875 -0.140533447265625 0.172042846679687
0.0439643859863281 -0.00194549560546875 -0.202041625976562 -0.16796875
0.0483932495117188 -0.0397224426269531 -0.01605224609375 -0.525909423828125
0.0213050842285156 -0.0279388427734375 0.47509765625 -0.48382568359375
-0.0404930114746094 -0.0382232666015625 0.75665283203125 0.21221923828125
-0.06915283203125 -0.0751800537109375 0.39813232421875 0.797119140625
-0.0007476806640625 -0.0630722045898438 0.013397216796875 0.502716064453125
0.0122032165527344 -0.0633697509765625 0.0526504516601563 -0.1341552734375
-0.0463142395019531 -0.0379714965820313 -0.345947265625 -0.5543212890625
-0.0688209533691406 -0.0381660461425781 -0.82635498046875 -0.152099609375
-0.034271240234375 -0.0381431579589844 -0.5234375 0.52435302734375
0.000278472900390625 -0.0458908081054688 0.09814453125 0.546234130859375
0.0224494934082031 -0.0386886596679688 0.359283447265625 0.236572265625
0.0181980133056641 0.00404739379882813 0.32623291015625 -0.084991455078125
0.0112991333007813 0.0115518569946289 0.144546508789063 -0.254119873046875
0.00481796264648437 0.0200557708740234 -0.14862060546875 0.179946899414063
0.0520439147949219 0.00233078002929688 -0.22991943359375 -0.142898559570312
0.0548362731933594 -0.0430145263671875 -0.07659912109375 -0.50506591796875
0.0159244537353516 -0.0328712463378906 0.410919189453125 -0.522247314453125
-0.0617828369140625 -0.0476226806640625 0.7684326171875 0.1092529296875
-0.100906372070313 -0.102745056152344 0.4874267578125 0.732666015625
-0.0112533569335938 -0.114654541015625 0.0629882812500001 0.515106201171875
0.0214004516601563 -0.120391845703125 0.0587081909179687 -0.102027893066406
-0.0667724609375 -0.0765304565429688 -0.2890625 -0.5677490234375
-0.100334167480469 -0.0471038818359375 -0.800537109375 -0.235107421875
-0.0548439025878906 -0.0367469787597656 -0.57952880859375 0.47845458984375
-0.00503921508789062 -0.0477142333984375 0.03350830078125 0.583251953125
0.0297164916992187 -0.044952392578125 0.320892333984375 0.291290283203125
0.0294418334960938 0.0037841796875 0.31707763671875 -0.05999755859375
0.0152177810668945 0.0101852416992188 0.14788818359375 -0.25244140625
-0.0277557373046875 -0.0179290771484375 -0.111114501953125 0.221588134765625
-0.0309009552001953 -0.0170783996582031 -0.254501342773438 -0.00375366210937496
-0.0320777893066406 0.0323371887207031 -0.264404296875 -0.36334228515625
0.0172157287597656 0.0619544982910156 0.0709228515625 -0.64642333984375
0.0416717529296875 0.0414886474609375 0.65338134765625 -0.35064697265625
0.0573921203613281 0.00513458251953125 0.7786865234375 0.33062744140625
0.0788726806640625 0.069366455078125 0.291839599609375 0.551727294921875
0.0289840698242188 0.124053955078125 0.0451812744140625 0.0904769897460938
0.058746337890625 0.0943222045898438 -0.03662109375 -0.558380126953125
0.082275390625 0.0258560180664062 -0.5960693359375 -0.6651611328125
0.0505447387695313 0.025604248046875 -0.82879638671875 0.0773925781250001
-0.00966644287109375 0.0433158874511719 -0.3092041015625 0.57855224609375
-0.0573616027832031 0.0225677490234375 0.139129638671875 0.480804443359375
-0.0439491271972656 -0.00717544555664062 0.289886474609375 0.07781982421875
-0.00470256805419922 -0.0174589157104492 0.180862426757813 -0.220474243164063
-0.0286083221435547 -0.0120182037353516 -0.1109619140625 0.211105346679688
-0.0286445617675781 -0.0146427154541016 -0.235366821289062 -0.048828125
-0.0269489288330078 0.0268383026123047 -0.20001220703125 -0.43023681640625
0.0206375122070313 0.0510063171386719 0.183837890625 -0.6473388671875
0.0457878112792969 0.0362586975097656 0.71417236328125 -0.22540283203125
0.0610542297363281 0.0179443359375 0.70855712890625 0.4747314453125
0.0689849853515625 0.0950241088867188 0.2099609375 0.5638427734375
0.020599365234375 0.141571044921875 0.0407028198242188 0.0359573364257813
0.0663070678710938 0.100669860839844 -0.1280517578125 -0.57342529296875
0.088653564453125 0.0170135498046875 -0.7037353515625 -0.5352783203125
0.053985595703125 0.0158767700195313 -0.77557373046875 0.2261962890625
-0.00332260131835938 0.0327739715576172 -0.1829833984375 0.593994140625
-0.0498695373535156 0.0142364501953125 0.223663330078125 0.420074462890625
-0.0415611267089844 -0.00893020629882812 0.3157958984375 0.03277587890625
-0.00426197052001953 -0.0147390365600586 0.17901611328125 -0.230056762695313
-0.0252532958984375 -0.00543594360351562 -0.1143798828125 0.19927978515625
-0.019866943359375 -0.0113868713378906 -0.21343994140625 -0.0967254638671875
-0.0151472091674805 0.0146274566650391 -0.12554931640625 -0.483673095703125
0.0250434875488281 0.0354385375976563 0.301025390625 -0.616455078125
0.0420722961425781 0.0300178527832031 0.754638671875 -0.071533203125
0.0470924377441406 0.0270462036132813 0.609130859375 0.6153564453125
0.047210693359375 0.105438232421875 0.125244140625 0.56048583984375
0.012237548828125 0.137115478515625 0.0390586853027344 -0.02557373046875
0.0649642944335938 0.0889892578125 -0.219482421875 -0.57562255859375
0.0795974731445313 0.00046539306640625 -0.78472900390625 -0.39080810546875
0.0480270385742188 -0.000682830810546875 -0.69659423828125 0.3590087890625
0.00157451629638672 0.0169868469238281 -0.060546875 0.58349609375
-0.0369644165039063 0.00382995605468751 0.299652099609375 0.350494384765625
-0.0354537963867187 -0.00804519653320313 0.333984375 -0.01373291015625
-0.0037078857421875 -0.00973987579345703 0.17431640625 -0.241180419921875
-0.0192222595214844 0.00380516052246093 -0.118240356445312 0.186630249023438
-0.00600814819335938 -0.00907802581787109 -0.19573974609375 -0.136184692382813
0.000864386558532715 -0.00169968605041504 -0.0576171875 -0.5189208984375
0.0270309448242188 0.0183181762695313 0.40179443359375 -0.564453125
0.0266590118408203 0.0203475952148437 0.76483154296875 0.08349609375
0.0204238891601563 0.024383544921875 0.5 0.7294921875
0.0242156982421875 0.09161376953125 0.0567626953125 0.543243408203125
0.00587463378906249 0.109779357910156 0.0387496948242187 -0.081756591796875
0.0499076843261719 0.0653419494628906 -0.30316162109375 -0.56671142578125
0.0532341003417969 -0.0164642333984375 -0.83184814453125 -0.255859375
0.0325851440429687 -0.0183296203613281 -0.60760498046875 0.456787109375
0.00469112396240234 -0.00272941589355469 0.041534423828125 0.558074951171875
-0.0218353271484375 -0.00673294067382812 0.352325439453125 0.281768798828125
-0.0243167877197266 -0.00524139404296876 0.3416748046875 -0.05615234375
-0.000924825668334961 -0.0032198429107666 0.163986206054687 -0.247970581054687
-0.00884532928466797 0.0121517181396484 -0.124053955078125 0.177459716796875
0.0120277404785156 -0.00599575042724609 -0.186111450195313 -0.165496826171875
0.0188808441162109 -0.0178089141845703 -0.00711059570312503 -0.533447265625
0.0268669128417969 0.000982284545898437 0.471343994140625 -0.51019287109375
0.00763511657714844 0.00307130813598633 0.75958251953125 0.19573974609375
-0.0110874176025391 0.00234699249267578 0.41351318359375 0.7984619140625
0.0078582763671875 0.053619384765625 0.01336669921875 0.52191162109375
0.00505447387695313 0.0611457824707031 0.041656494140625 -0.124114990234375
0.0211391448974609 0.0332508087158203 -0.35711669921875 -0.554168701171875
0.0151157379150391 -0.0284423828125 -0.84747314453125 -0.15814208984375
0.0125408172607422 -0.0305633544921875 -0.537445068359375 0.5169677734375
0.0047454833984375 -0.0207595825195312 0.10504150390625 0.534515380859375
-0.00570487976074219 -0.0180320739746094 0.378936767578125 0.233673095703125
-0.010004997253418 -5.05447387695303E-05 0.34075927734375 -0.08502197265625
0.0021967887878418 0.0031590461730957 0.1549072265625 -0.252532958984375
-0.00236129760742188 0.0180950164794922 -0.130630493164063 0.172500610351562
0.0293846130371094 -0.0054168701171875 -0.188690185546875 -0.17437744140625
0.0360946655273438 -0.0313796997070313 0.00296020507812505 -0.536163330078125
0.0252113342285156 -0.0170059204101563 0.493927001953125 -0.481719970703125
-0.0182590484619141 -0.0189456939697266 0.75213623046875 0.24249267578125
-0.0407028198242188 -0.0343437194824219 0.37542724609375 0.8233642578125
0.00245285034179688 -0.00323820114135742 -0.00234985351562505 0.507720947265625
0.0067291259765625 0.000750064849853516 0.0478668212890625 -0.14276123046875
-0.0137128829956055 0.000546455383300782 -0.3743896484375 -0.55096435546875
-0.0283145904541016 -0.0335292816162109 -0.8482666015625 -0.1199951171875
-0.0114669799804688 -0.0377960205078125 -0.505859375 0.541656494140625
0.00330734252929688 -0.0369949340820312 0.12567138671875 0.53106689453125
0.00983238220214843 -0.0289878845214844 0.3804931640625 0.2142333984375
0.00452423095703125 0.00230932235717773 0.33502197265625 -0.09722900390625
0.00760984420776367 0.00864028930664063 0.145645141601563 -0.256988525390625
0.00327301025390625 0.0210514068603516 -0.139144897460938 0.173095703125
0.0444412231445313 -0.00119400024414063 -0.205551147460938 -0.167144775390625
0.0475044250488281 -0.0403480529785156 -0.01983642578125 -0.5296630859375
0.0212230682373047 -0.0286350250244141 0.474334716796875 -0.490753173828125
-0.0416374206542969 -0.0386619567871094 0.76336669921875 0.20721435546875
-0.0707931518554688 -0.0746002197265625 0.40771484375 0.80023193359375
-0.001007080078125 -0.0635604858398438 0.018341064453125 0.5068359375
0.0119972229003906 -0.0635757446289062 0.0517196655273437 -0.136177062988281
-0.0461921691894531 -0.0376853942871094 -0.3541259765625 -0.55767822265625
-0.069488525390625 -0.0379142761230469 -0.83648681640625 -0.14483642578125
-0.0357246398925781 -0.0379219055175781 -0.521820068359375 0.53436279296875
9.15527343749993E-05 -0.0467414855957031 0.1025390625 0.54931640625
0.021820068359375 -0.0382537841796875 0.3646240234375 0.236083984375
0.0188007354736328 0.00423240661621094 0.328094482421875 -0.089263916015625
0.0122976303100586 0.0106401443481445 0.143218994140625 -0.25787353515625
0.00693511962890625 0.019744873046875 -0.147659301757813 0.182113647460937
0.05303955078125 0.00213623046875 -0.233612060546875 -0.14300537109375
0.0538673400878906 -0.0441131591796875 -0.081878662109375 -0.507415771484375
0.0160846710205078 -0.0336666107177734 0.409088134765625 -0.5294189453125
-0.0629386901855469 -0.0475845336914062 0.77264404296875 0.10546875
-0.102767944335938 -0.101783752441406 0.4984130859375 0.73236083984375
-0.0120010375976562 -0.115684509277344 0.0675048828125 0.516082763671875
0.0202102661132813 -0.121368408203125 0.0573272705078125 -0.103607177734375
-0.067718505859375 -0.076385498046875 -0.29620361328125 -0.56890869140625
-0.101943969726563 -0.0467147827148437 -0.80914306640625 -0.23040771484375
-0.0562019348144531 -0.0363922119140625 -0.580810546875 0.48748779296875
-0.0062103271484375 -0.0485801696777344 0.039306640625 0.5872802734375
0.0295448303222656 -0.0449142456054688 0.326263427734375 0.29150390625
0.0301780700683594 0.00356292724609375 0.3187255859375 -0.062835693359375
0.0158319473266602 0.0100059509277344 0.14654541015625 -0.256027221679688
-0.0273952484130859 -0.0173664093017578 -0.109329223632812 0.223983764648438
-0.0314521789550781 -0.0154953002929688 -0.257476806640625 -0.00225830078125003
-0.03173828125 0.033203125 -0.270904541015625 -0.3629150390625
0.01812744140625 0.0628509521484375 0.0638427734375 -0.6507568359375
0.0417022705078125 0.0418014526367188 0.6519775390625 -0.3594970703125
0.0577163696289063 0.0045166015625 0.78668212890625 0.32452392578125
0.079986572265625 0.0687408447265625 0.2999267578125 0.551971435546875
0.030731201171875 0.124473571777344 0.0465469360351563 0.0919647216796875
0.0602493286132813 0.0947341918945312 -0.044525146484375 -0.5621337890625
0.0828857421875 0.0252838134765625 -0.60595703125 -0.663330078125
0.0508003234863281 0.0248947143554688 -0.83319091796875 0.0859985351562499
-0.00981521606445313 0.0443077087402344 -0.30535888671875 0.5894775390625
-0.0570144653320312 0.0236396789550781 0.143524169921875 0.48223876953125
-0.0438461303710938 -0.00572967529296876 0.29290771484375 0.07440185546875
-0.00464248657226562 -0.0172882080078125 0.180923461914063 -0.224502563476563
-0.0269393920898437 -0.0116081237792969 -0.108749389648438 0.2132568359375
-0.0284709930419922 -0.013275146484375 -0.238021850585938 -0.0475616455078125
-0.0270862579345703 0.0277919769287109 -0.20654296875 -0.4296875
0.0222320556640625 0.0510520935058594 0.17767333984375 -0.6522216796875
0.0462303161621094 0.0362014770507812 0.7149658203125 -0.2344970703125
0.0606269836425781 0.0172195434570313 0.7193603515625 0.470458984375
0.0708847045898438 0.0945587158203125 0.2174072265625 0.56378173828125
0.0214996337890625 0.14202880859375 0.0413665771484375 0.0352935791015625
0.0678787231445313 0.100700378417969 -0.13421630859375 -0.57586669921875
0.0886611938476563 0.0167465209960938 -0.71337890625 -0.531982421875
0.0548591613769531 0.0145721435546875 -0.7784423828125 0.23724365234375
-0.00361442565917969 0.0333938598632813 -0.1798095703125 0.5999755859375
-0.0498695373535156 0.0156173706054687 0.2298583984375 0.422454833984375
-0.041900634765625 -0.00827407836914063 0.31903076171875 0.03009033203125
-0.00422382354736328 -0.0151634216308594 0.17803955078125 -0.234054565429688
-0.0238800048828125 -0.00400352478027343 -0.111114501953125 0.200698852539063
-0.0203876495361328 -0.0104427337646484 -0.217071533203125 -0.0947113037109376
-0.0150642395019531 0.015167236328125 -0.1328125 -0.48504638671875
0.0255527496337891 0.034912109375 0.29644775390625 -0.6229248046875
0.0421867370605469 0.0293540954589844 0.75738525390625 -0.0787353515625
0.046783447265625 0.0269584655761719 0.61962890625 0.61346435546875
0.0492477416992188 0.105300903320313 0.1322021484375 0.56158447265625
0.0141983032226562 0.138221740722656 0.0380935668945312 -0.0255241394042969
0.0658645629882813 0.08917236328125 -0.22821044921875 -0.57720947265625
0.07952880859375 0.00011444091796875 -0.79486083984375 -0.38580322265625
0.0479774475097656 -0.0015716552734375 -0.697998046875 0.369873046875
0.00113201141357422 0.0171499252319336 -0.0545654296875 0.58941650390625
-0.0376815795898438 0.00468444824218749 0.305572509765625 0.349334716796875
-0.0348415374755859 -0.00811767578125001 0.336883544921875 -0.017608642578125
-0.00329017639160156 -0.00998115539550781 0.172134399414063 -0.2437744140625
-0.017364501953125 0.00466060638427734 -0.115982055664063 0.188156127929688
-0.00600147247314453 -0.008697509765625 -0.198959350585937 -0.134796142578125
0.000355005264282227 -0.00131845474243164 -0.06304931640625 -0.52105712890625
0.0272560119628906 0.0169506072998047 0.398681640625 -0.57183837890625
0.0282192230224609 0.0197257995605469 0.771240234375 0.07366943359375
0.0206851959228516 0.0241489410400391 0.51287841796875 0.730712890625
0.0253524780273437 0.0918121337890625 0.062469482421875 0.545166015625
0.00920867919921874 0.10955810546875 0.0378265380859375 -0.082794189453125
0.0505905151367188 0.0647811889648438 -0.3099365234375 -0.56640625
0.05267333984375 -0.017578125 -0.8408203125 -0.24798583984375
0.0326328277587891 -0.0185966491699219 -0.60906982421875 0.4686279296875
0.00439095497131348 -0.00301384925842285 0.0472412109375 0.56182861328125
-0.0222759246826172 -0.00629997253417968 0.357269287109375 0.279449462890625
-0.0245933532714844 -0.00387763977050781 0.343475341796875 -0.060333251953125
-0.00119161605834961 -0.00324058532714844 0.161972045898438 -0.2513427734375
-0.0079355239868164 0.0121908187866211 -0.123764038085938 0.178939819335938
0.0124549865722656 -0.00603103637695313 -0.19122314453125 -0.165786743164063
0.0182380676269531 -0.0189704895019531 -0.01409912109375 -0.536224365234375
0.0271263122558594 -7.05718994140625E-05 0.469329833984375 -0.516754150390625
0.00702857971191406 0.00301790237426758 0.76702880859375 0.188720703125
-0.0109453201293945 0.00211906433105469 0.4241943359375 0.7989501953125
0.00770950317382812 0.0539131164550781 0.018707275390625 0.5234375
0.00590896606445313 0.0607376098632813 0.040985107421875 -0.124992370605469
0.0217227935791016 0.0341205596923828 -0.3653564453125 -0.5548095703125
0.0153465270996094 -0.0298824310302734 -0.85565185546875 -0.15179443359375
0.01141357421875 -0.0318279266357422 -0.53765869140625 0.527435302734375
0.00347900390625 -0.0211811065673828 0.11175537109375 0.538970947265625
-0.00568771362304687 -0.0182228088378906 0.38323974609375 0.23028564453125
-0.0091094970703125 0.000493049621582031 0.343170166015625 -0.08837890625
0.00246953964233398 0.00316262245178223 0.152908325195313 -0.257095336914062
-0.000432968139648437 0.0190029144287109 -0.129425048828125 0.17425537109375
0.0299797058105469 -0.00489616394042969 -0.193435668945313 -0.173477172851562
0.0352783203125 -0.0321083068847656 -0.00228881835937497 -0.53826904296875
0.0250434875488281 -0.0168781280517578 0.4920654296875 -0.48858642578125
-0.0183677673339844 -0.0197696685791016 0.7611083984375 0.236083984375
-0.0417366027832031 -0.0334701538085938 0.3865966796875 0.82470703125
0.0029752254486084 -0.00338411331176758 0.00415039062500002 0.510589599609375
0.00765037536621094 0.00106048583984375 0.0462799072265625 -0.144256591796875
-0.0128850936889648 0.000310897827148436 -0.382080078125 -0.54998779296875
-0.029022216796875 -0.0334663391113281 -0.8546142578125 -0.11224365234375
-0.0134391784667969 -0.0379676818847656 -0.50445556640625 0.552276611328125
0.002197265625 -0.037567138671875 0.130828857421875 0.532806396484375
0.00955963134765625 -0.0293350219726563 0.385528564453125 0.211700439453125
0.00518512725830078 0.00332307815551758 0.336944580078125 -0.10223388671875
0.00837612152099609 0.00831127166748047 0.14404296875 -0.260894775390625
0.00528144836425781 0.0211982727050781 -0.138442993164062 0.176544189453125
0.0455970764160156 -0.00188446044921875 -0.209884643554687 -0.1661376953125
0.0473365783691406 -0.0415840148925781 -0.027191162109375 -0.531829833984375
0.0202598571777344 -0.0297336578369141 0.472503662109375 -0.49884033203125
-0.0432853698730469 -0.03851318359375 0.7716064453125 0.2025146484375
-0.0720138549804688 -0.0739669799804688 0.4200439453125 0.8038330078125
-0.00200653076171875 -0.0634269714355469 0.0234375 0.509124755859375
0.0121917724609375 -0.0646934509277344 0.0502243041992188 -0.136947631835938
-0.0466842651367188 -0.0368537902832031 -0.36358642578125 -0.55572509765625
-0.0701370239257812 -0.0377311706542969 -0.84368896484375 -0.13836669921875
-0.0361862182617188 -0.038360595703125 -0.520477294921875 0.543182373046875
-0.001678466796875 -0.0474357604980469 0.11004638671875 0.552276611328125
0.02130126953125 -0.03900146484375 0.36932373046875 0.23370361328125
0.0195732116699219 0.00396156311035156 0.32855224609375 -0.09368896484375
0.0126724243164063 0.0105447769165039 0.141555786132813 -0.261917114257813
0.00811767578125 0.0207672119140625 -0.14654541015625 0.184432983398437
0.0538063049316406 0.00156021118164063 -0.237289428710937 -0.1409912109375
0.0534400939941406 -0.0448265075683594 -0.087738037109375 -0.510528564453125
0.0156097412109375 -0.034393310546875 0.40582275390625 -0.5367431640625
-0.0643692016601563 -0.0470848083496094 0.78076171875 0.0972900390625
-0.104583740234375 -0.101417541503906 0.5087890625 0.7320556640625
-0.0131378173828125 -0.115882873535156 0.0711364746093749 0.519287109375
0.0193710327148437 -0.122825622558594 0.056610107421875 -0.105133056640625
-0.0675735473632813 -0.0768508911132813 -0.3040771484375 -0.570068359375
-0.102813720703125 -0.0468292236328125 -0.8182373046875 -0.22369384765625
-0.0581130981445313 -0.0367813110351562 -0.58087158203125 0.49609375
-0.00772476196289062 -0.0482025146484375 0.0447998046875 0.5916748046875
0.0294151306152344 -0.0458602905273438 0.3319091796875 0.291046142578125
0.0309772491455078 0.00317192077636719 0.320587158203125 -0.067352294921875
0.0161647796630859 0.00984573364257813 0.144393920898438 -0.259857177734375
-0.0265045166015625 -0.0161991119384766 -0.106353759765625 0.226364135742187
-0.0312461853027344 -0.0148277282714844 -0.25799560546875 -0.000213623046875046
-0.0320167541503906 0.034454345703125 -0.276275634765625 -0.36236572265625
0.0191802978515625 0.062744140625 0.0565185546875 -0.6546630859375
0.0428276062011719 0.0406455993652344 0.65045166015625 -0.369140625
0.0571517944335938 0.00377655029296875 0.79644775390625 0.3170166015625
0.0817718505859375 0.0680007934570313 0.307373046875 0.55145263671875
0.0329513549804688 0.124481201171875 0.0473861694335938 0.0917129516601563
0.0624847412109375 0.0954818725585937 -0.0496826171875 -0.564697265625
0.0839614868164063 0.0242538452148438 -0.618408203125 -0.66259765625
0.0510482788085938 0.0239067077636719 -0.83819580078125 0.0972290039062499
-0.00951004028320313 0.0446052551269531 -0.30096435546875 0.59521484375
-0.0577964782714844 0.0251960754394531 0.151702880859375 0.4835205078125
-0.0434799194335937 -0.00498580932617188 0.294891357421875 0.07147216796875
-0.00503349304199219 -0.0180492401123047 0.178451538085938 -0.227706909179688
-0.0263233184814453 -0.0103607177734375 -0.1068115234375 0.215225219726563
-0.0295619964599609 -0.0128555297851562 -0.239944458007812 -0.0463714599609375
-0.0271835327148438 0.0281925201416016 -0.21282958984375 -0.43023681640625
0.0235519409179688 0.0509681701660156 0.171630859375 -0.65740966796875
0.0470314025878906 0.0357322692871094 0.716064453125 -0.2449951171875
0.0601081848144531 0.0168952941894531 0.72900390625 0.46490478515625
0.0721359252929688 0.0947952270507813 0.223876953125 0.5654296875
0.024169921875 0.142578125 0.0410614013671875 0.0353851318359375
0.0694427490234375 0.100143432617188 -0.14239501953125 -0.577392578125
0.0896835327148438 0.0159683227539063 -0.72467041015625 -0.52801513671875
0.055419921875 0.0143585205078125 -0.781005859375 0.2491455078125
-0.002899169921875 0.0336799621582031 -0.17388916015625 0.60748291015625
-0.0506706237792969 0.0163993835449219 0.236358642578125 0.421417236328125
-0.0420150756835938 -0.00770950317382812 0.32110595703125 0.026336669921875
-0.00431442260742188 -0.0149831771850586 0.1767578125 -0.237258911132813
-0.0235576629638672 -0.00399017333984374 -0.109466552734375 0.203201293945313
-0.020416259765625 -0.00996780395507813 -0.21966552734375 -0.0946502685546874
-0.0159645080566406 0.0152130126953125 -0.139892578125 -0.486724853515625
0.0261096954345703 0.0348320007324219 0.29052734375 -0.63006591796875
0.0425834655761719 0.0289764404296875 0.76104736328125 -0.08837890625
0.0466346740722656 0.0276145935058594 0.6318359375 0.6107177734375
0.0503463745117188 0.104866027832031 0.13861083984375 0.563720703125
0.0160980224609375 0.138084411621094 0.0375099182128906 -0.0265769958496094
0.067626953125 0.0890350341796875 -0.23553466796875 -0.578857421875
0.0790557861328125 -0.00127410888671875 -0.80511474609375 -0.3792724609375
0.0483169555664063 -0.0024871826171875 -0.6981201171875 0.38140869140625
0.00128746032714844 0.0164270401000977 -0.048828125 0.59454345703125
-0.0376548767089844 0.00566482543945313 0.311187744140625 0.34918212890625
-0.0351295471191406 -0.00651359558105469 0.33782958984375 -0.02081298828125
-0.00264835357666016 -0.0103664398193359 0.169876098632812 -0.247894287109375
-0.0162677764892578 0.0048208236694336 -0.114242553710937 0.190338134765625
-0.00633859634399414 -0.00826501846313477 -0.202285766601563 -0.134658813476562
-0.000242352485656738 -0.00116968154907227 -0.070831298828125 -0.523895263671875
0.0282211303710937 0.0167560577392578 0.39349365234375 -0.57781982421875
0.0276870727539063 0.0194282531738281 0.77587890625 0.06561279296875
0.0199508666992188 0.0242385864257813 0.52655029296875 0.72894287109375
0.0266876220703125 0.0915603637695313 0.06878662109375 0.5477294921875
0.00934600830078124 0.110260009765625 0.036590576171875 -0.0835418701171875
0.0523796081542969 0.0654525756835937 -0.31805419921875 -0.56622314453125
0.0522689819335937 -0.0182342529296875 -0.8492431640625 -0.24114990234375
0.0326309204101563 -0.0196094512939453 -0.6064453125 0.47821044921875
0.0043492317199707 -0.00275635719299316 0.0532226562500001 0.56524658203125
-0.0221099853515625 -0.00576019287109375 0.3631591796875 0.2781982421875
-0.0243358612060547 -0.00355720520019531 0.345672607421875 -0.06402587890625
-4.91142272949218E-05 -0.00385308265686035 0.159439086914063 -0.25482177734375
-0.00620651245117187 0.0131874084472656 -0.121673583984375 0.180877685546875
0.0123386383056641 -0.005767822265625 -0.193634033203125 -0.165618896484375
0.0182971954345703 -0.0193614959716797 -0.020477294921875 -0.5391845703125
0.0267581939697266 -0.000896453857421875 0.46612548828125 -0.525848388671875
0.00708246231079102 0.00292015075683594 0.77386474609375 0.180419921875
-0.0116567611694336 0.00264835357666016 0.43682861328125 0.8006591796875
0.00915145874023437 0.0532722473144531 0.0250244140625 0.526458740234375
0.00618362426757812 0.06182861328125 0.0383224487304687 -0.125541687011719
0.0237979888916016 0.0333309173583984 -0.37359619140625 -0.551605224609375
0.0141448974609375 -0.0290985107421875 -0.863037109375 -0.14520263671875
0.0108394622802734 -0.0315780639648437 -0.533905029296875 0.5360107421875
0.00391197204589844 -0.0215682983398438 0.119140625 0.540252685546875
-0.00713920593261719 -0.0179367065429688 0.38775634765625 0.227691650390625
-0.0105371475219727 0.000801086425781252 0.344390869140625 -0.09381103515625
0.00339174270629883 0.00235414505004883 0.150680541992187 -0.259353637695313
0.00137138366699219 0.01885986328125 -0.128524780273437 0.176437377929688
0.0303211212158203 -0.00471687316894531 -0.197021484375 -0.172286987304687
0.0344657897949219 -0.0318603515625 -0.00857543945312502 -0.54156494140625
0.0249443054199219 -0.0184135437011719 0.489105224609375 -0.496002197265625
-0.0196342468261719 -0.0193939208984375 0.7689208984375 0.2298583984375
-0.0427398681640625 -0.032440185546875 0.39801025390625 0.825439453125
0.00291752815246582 -0.00285243988037109 0.01129150390625 0.513397216796875
0.00792837142944336 0.000766754150390625 0.043975830078125 -0.146682739257813
-0.0126104354858398 0.000888824462890627 -0.391082763671875 -0.54901123046875
-0.0297698974609375 -0.03289794921875 -0.863037109375 -0.10333251953125
-0.0137596130371094 -0.0382232666015625 -0.500823974609375 0.5616455078125
0.00140380859375 -0.0381851196289063 0.137451171875 0.5355224609375
0.00873184204101563 -0.0293235778808594 0.390777587890625 0.208709716796875
0.00553131103515625 0.00300407409667969 0.3367919921875 -0.106536865234375
0.00874137878417969 0.00793743133544922 0.141754150390625 -0.264999389648438
0.00691604614257813 0.0216007232666016 -0.137191772460937 0.179275512695313
0.0457801818847656 -0.002227783203125 -0.213897705078125 -0.166351318359375
0.0467948913574219 -0.0415382385253906 -0.03271484375 -0.535003662109375
0.0199756622314453 -0.030517578125 0.4691162109375 -0.505615234375
-0.0438003540039063 -0.0376319885253906 0.7774658203125 0.19427490234375
-0.0732040405273438 -0.0732803344726562 0.43304443359375 0.800537109375
-0.00243759155273438 -0.0638580322265625 0.029083251953125 0.512359619140625
0.0112266540527344 -0.0654678344726563 0.0483779907226562 -0.13848876953125
-0.0464744567871094 -0.0374412536621094 -0.371856689453125 -0.5540771484375
-0.0717239379882813 -0.03631591796875 -0.85198974609375 -0.12884521484375
-0.0370407104492187 -0.0385971069335938 -0.518157958984375 0.552093505859375
-0.0021209716796875 -0.0472259521484375 0.115447998046875 0.5567626953125
0.0217208862304688 -0.0396614074707031 0.37371826171875 0.231658935546875
0.0196323394775391 0.00382232666015625 0.33050537109375 -0.098602294921875
0.0138626098632812 0.010584831237793 0.138839721679688 -0.2646484375
0.0102500915527344 0.0203094482421875 -0.144607543945313 0.187210083007813
0.0545539855957031 0.000988006591796875 -0.241973876953125 -0.14007568359375
0.0533714294433594 -0.0456085205078125 -0.093994140625 -0.5113525390625
0.0154685974121094 -0.0353660583496094 0.40423583984375 -0.544677734375
-0.0662155151367188 -0.0466842651367188 0.78570556640625 0.08935546875
-0.106666564941406 -0.099609375 0.5218505859375 0.73162841796875
-0.01336669921875 -0.116813659667969 0.07928466796875 0.51995849609375
0.0188446044921875 -0.123634338378906 0.05487060546875 -0.10565185546875
-0.068634033203125 -0.0759353637695313 -0.31304931640625 -0.5709228515625
-0.104141235351563 -0.0448150634765625 -0.82550048828125 -0.21588134765625
-0.0584564208984375 -0.0356674194335938 -0.5780029296875 0.5078125
-0.00860595703124999 -0.0490608215332031 0.0521240234375 0.595947265625
0.0283889770507813 -0.0460090637207031 0.33782958984375 0.288604736328125
0.0305328369140625 0.00298690795898437 0.321685791015625 -0.072509765625
0.0172567367553711 0.00901603698730469 0.141983032226562 -0.26373291015625
-0.0256118774414062 -0.0151443481445313 -0.103057861328125 0.227432250976563
-0.031646728515625 -0.0135498046875 -0.259918212890625 0.00201416015624994
-0.0323505401611328 0.0350418090820312 -0.28387451171875 -0.359954833984375
0.0204200744628906 0.0621566772460937 0.046630859375 -0.6556396484375
0.0423927307128906 0.0405540466308594 0.648193359375 -0.37890625
0.0561294555664062 0.00401687622070313 0.80584716796875 0.3067626953125
0.0825881958007813 0.0670013427734375 0.31707763671875 0.549285888671875
0.0343780517578125 0.123954772949219 0.0472259521484375 0.0909347534179688
0.0636062622070313 0.0947036743164062 -0.05816650390625 -0.56597900390625
0.0843505859375 0.0234146118164063 -0.62774658203125 -0.65631103515625
0.0516738891601563 0.0232467651367188 -0.84124755859375 0.1092529296875
-0.00954055786132812 0.04461669921875 -0.294189453125 0.60406494140625
-0.05828857421875 0.0263290405273437 0.157684326171875 0.485870361328125
-0.0438232421875 -0.00413894653320312 0.29730224609375 0.06903076171875
-0.00454902648925781 -0.0176601409912109 0.176361083984375 -0.231613159179688
-0.0253353118896484 -0.0095977783203125 -0.102890014648437 0.216751098632813
-0.0294628143310547 -0.0109081268310547 -0.241851806640625 -0.04345703125
-0.0273303985595703 0.0297088623046875 -0.220733642578125 -0.429107666015625
0.0244026184082031 0.0505752563476563 0.16278076171875 -0.661865234375
0.0472259521484375 0.0344047546386719 0.71478271484375 -0.2530517578125
0.0603828430175781 0.0158309936523438 0.7384033203125 0.45587158203125
0.0738372802734375 0.0932083129882813 0.233642578125 0.56402587890625
0.0261688232421875 0.142257690429688 0.0416717529296875 0.0349311828613281
0.0718307495117188 0.0990219116210938 -0.14996337890625 -0.577392578125
0.0890350341796875 0.014434814453125 -0.73590087890625 -0.51971435546875
0.0564994812011719 0.01226806640625 -0.781005859375 0.2613525390625
-0.00310325622558593 0.0336246490478516 -0.167236328125 0.61285400390625
-0.0508003234863281 0.0172576904296875 0.24322509765625 0.42083740234375
-0.04217529296875 -0.007354736328125 0.323089599609375 0.022613525390625
-0.00394535064697266 -0.0152931213378906 0.173797607421875 -0.240325927734375
-0.0220127105712891 -0.00247573852539063 -0.106765747070312 0.204833984375
-0.0203456878662109 -0.0091094970703125 -0.2220458984375 -0.092132568359375
-0.0161504745483398 0.0163259506225586 -0.14630126953125 -0.48699951171875
0.0265941619873047 0.0346260070800781 0.28228759765625 -0.6351318359375
0.0421524047851563 0.0285110473632813 0.7625732421875 -0.099853515625
0.0465583801269531 0.0266036987304687 0.6435546875 0.6031494140625
0.0519561767578125 0.103851318359375 0.148193359375 0.5626220703125
0.0187149047851562 0.138038635253906 0.0367889404296875 -0.0271148681640625
0.06976318359375 0.088104248046875 -0.24383544921875 -0.57781982421875
0.0794448852539063 -0.0024261474609375 -0.8140869140625 -0.3695068359375
0.0485610961914063 -0.00372695922851563 -0.696044921875 0.39166259765625
0.000652313232421874 0.0171222686767578 -0.0421142578125 0.59857177734375
-0.038116455078125 0.00624465942382813 0.316650390625 0.346405029296875
-0.0347347259521484 -0.00683593750000001 0.33837890625 -0.026519775390625
-0.003387451171875 -0.0112018585205078 0.167449951171875 -0.251602172851563
-0.0147113800048828 0.00564861297607422 -0.112060546875 0.192306518554687
-0.00590229034423828 -0.0072321891784668 -0.205810546875 -0.1328125
-0.00113260746002197 -0.000834465026855469 -0.078216552734375 -0.524658203125
0.0292167663574219 0.01629638671875 0.387451171875 -0.585693359375
0.0275917053222656 0.0187606811523438 0.7801513671875 0.05523681640625
0.0197639465332031 0.0247135162353516 0.53753662109375 0.725341796875
0.0283889770507813 0.0915985107421875 0.077117919921875 0.54803466796875
0.01153564453125 0.11083984375 0.0355453491210937 -0.0841445922851563
0.0539512634277344 0.0639190673828125 -0.32867431640625 -0.56353759765625
0.05279541015625 -0.0186653137207031 -0.8560791015625 -0.231201171875
0.0322265625 -0.0202407836914063 -0.60382080078125 0.48883056640625
0.00322222709655762 -0.0033113956451416 0.0609130859375001 0.5694580078125
-0.0233974456787109 -0.00555610656738282 0.36767578125 0.27459716796875
-0.024261474609375 -0.00312995910644532 0.34552001953125 -0.0694580078125
0.000149965286254883 -0.00362753868103027 0.156692504882813 -0.259323120117188
-0.004119873046875 0.0126514434814453 -0.118698120117188 0.182266235351563
0.0127706527709961 -0.00447368621826172 -0.198699951171875 -0.163619995117187
0.0168647766113281 -0.018035888671875 -0.028167724609375 -0.541290283203125
0.0272502899169922 -0.00020599365234375 0.459320068359375 -0.532196044921875
0.00633382797241211 0.00195980072021484 0.7772216796875 0.17120361328125
-0.0127840042114258 0.00377750396728516 0.44940185546875 0.7957763671875
0.0100250244140625 0.0538101196289062 0.0325927734375 0.52716064453125
0.00756454467773438 0.0621337890625 0.0363845825195313 -0.126869201660156
0.0241184234619141 0.0325374603271484 -0.3839111328125 -0.548919677734375
0.0138568878173828 -0.0290546417236328 -0.86956787109375 -0.13226318359375
0.00998878479003906 -0.0329189300537109 -0.530548095703125 0.546142578125
0.00324630737304687 -0.0212860107421875 0.125518798828125 0.543548583984375
-0.00650215148925781 -0.0178737640380859 0.3924560546875 0.224700927734375
-0.00980472564697266 0.000706672668457031 0.34466552734375 -0.099334716796875
0.00333428382873535 0.00224971771240234 0.148391723632812 -0.264190673828125
0.00319862365722656 0.019195556640625 -0.126449584960937 0.17828369140625
0.0311527252197266 -0.00514602661132813 -0.200637817382813 -0.170425415039063
0.0337295532226563 -0.0328788757324219 -0.015411376953125 -0.54351806640625
0.0247535705566406 -0.0191936492919922 0.4837646484375 -0.50482177734375
-0.0208244323730469 -0.0195674896240234 0.77349853515625 0.22088623046875
-0.04376220703125 -0.0310325622558594 0.41192626953125 0.82391357421875
0.00266742706298828 -0.00313973426818848 0.015350341796875 0.514678955078125
0.00815057754516602 -0.0003204345703125 0.042724609375 -0.14813232421875
-0.0120697021484375 0.000338554382324218 -0.399810791015625 -0.544647216796875
-0.0304794311523438 -0.0324783325195312 -0.8675537109375 -0.09271240234375
-0.0147209167480469 -0.0382575988769531 -0.4954833984375 0.5704345703125
0.000297546386718754 -0.0380439758300781 0.14459228515625 0.535858154296875
0.00872230529785156 -0.0294513702392578 0.394927978515625 0.20404052734375
0.00607442855834961 0.00281763076782227 0.33734130859375 -0.111968994140625
0.00895023345947266 0.00794696807861328 0.1378173828125 -0.268081665039062
0.00899505615234375 0.0212764739990234 -0.13482666015625 0.181228637695313
0.0462265014648438 -0.00249481201171875 -0.218551635742187 -0.163375854492188
0.0457725524902344 -0.0428657531738281 -0.03961181640625 -0.536376953125
0.0189552307128906 -0.0306472778320313 0.465667724609375 -0.51422119140625
-0.0456466674804687 -0.0383453369140625 0.783447265625 0.18524169921875
-0.0747146606445313 -0.0721817016601562 0.4453125 0.7999267578125
-0.002899169921875 -0.0648918151855469 0.03704833984375 0.51287841796875
0.0109138488769531 -0.0655479431152344 0.046783447265625 -0.140129089355469
-0.0471878051757812 -0.0367774963378906 -0.379791259765625 -0.55242919921875
-0.0727691650390625 -0.0357208251953125 -0.85662841796875 -0.12060546875
-0.0385856628417969 -0.0382308959960938 -0.51336669921875 0.56390380859375
-0.0039520263671875 -0.0477066040039063 0.124114990234375 0.558258056640625
0.0210838317871094 -0.0403633117675781 0.379058837890625 0.227813720703125
0.0204124450683594 0.00379753112792969 0.329864501953125 -0.1048583984375
0.0139398574829102 0.00931644439697266 0.135528564453125 -0.268722534179688
0.0115337371826172 0.0204524993896484 -0.142898559570313 0.189498901367187
0.0561103820800781 0.000492095947265625 -0.245452880859375 -0.137496948242188
0.052703857421875 -0.0457916259765625 -0.100799560546875 -0.51202392578125
0.0146751403808594 -0.0362777709960937 0.396728515625 -0.551361083984375
-0.06817626953125 -0.0467910766601563 0.7908935546875 0.0794677734375
-0.107948303222656 -0.0989913940429687 0.53436279296875 0.72857666015625
-0.0155715942382812 -0.116920471191406 0.0852661132812499 0.52117919921875
0.0176849365234375 -0.124488830566406 0.0532608032226562 -0.106842041015625
-0.069580078125 -0.0756607055664063 -0.321533203125 -0.56854248046875
-0.105583190917969 -0.043212890625 -0.831298828125 -0.20648193359375
-0.0602531433105469 -0.03533935546875 -0.57415771484375 0.51666259765625
-0.00930023193359376 -0.0492477416992188 0.060791015625 0.5985107421875
0.0283927917480469 -0.0462837219238281 0.342529296875 0.285491943359375
0.0310497283935547 0.00185585021972656 0.321502685546875 -0.077239990234375
0.0181713104248047 0.009033203125 0.138458251953125 -0.266571044921875
-0.0247535705566406 -0.0134410858154297 -0.099517822265625 0.227554321289062
-0.0316715240478516 -0.0127391815185547 -0.260360717773438 0.00570678710937495
-0.0322685241699219 0.0358238220214844 -0.2884521484375 -0.35662841796875
0.0220870971679687 0.0618019104003906 0.036865234375 -0.65643310546875
0.0441436767578125 0.0403366088867188 0.64404296875 -0.38824462890625
0.0561676025390625 0.00316238403320312 0.8109130859375 0.29693603515625
0.0843124389648438 0.06536865234375 0.326202392578125 0.54449462890625
0.036346435546875 0.124031066894531 0.0486068725585938 0.0914535522460938
0.0656661987304688 0.0935287475585938 -0.0660400390625 -0.56585693359375
0.0843887329101563 0.02239990234375 -0.64093017578125 -0.6497802734375
0.0522499084472656 0.0221710205078125 -0.84161376953125 0.1217041015625
-0.00867462158203125 0.0446853637695313 -0.28875732421875 0.61016845703125
-0.057830810546875 0.0278511047363281 0.164337158203125 0.484344482421875
-0.0439262390136719 -0.00338363647460938 0.298858642578125 0.064117431640625
-0.00416374206542969 -0.0182209014892578 0.173248291015625 -0.23486328125
-0.0248336791992188 -0.00846290588378906 -0.100387573242188 0.218353271484375
-0.0296802520751953 -0.0103416442871094 -0.2427978515625 -0.0413818359375
-0.0272655487060547 0.0301303863525391 -0.227752685546875 -0.426788330078125
0.0253372192382813 0.0501365661621094 0.15289306640625 -0.663818359375
0.047882080078125 0.0342025756835938 0.71240234375 -0.264404296875
0.0599746704101563 0.0155029296875 0.74755859375 0.44683837890625
0.0746307373046875 0.0918502807617188 0.241119384765625 0.5599365234375
0.0283660888671875 0.141754150390625 0.0409736633300781 0.0338630676269531
0.0734634399414063 0.099090576171875 -0.158935546875 -0.57720947265625
0.0901260375976562 0.0126495361328125 -0.74298095703125 -0.51123046875
0.055938720703125 0.0116767883300781 -0.7811279296875 0.27197265625
-0.00296401977539063 0.0334720611572266 -0.159912109375 0.61761474609375
-0.0505523681640625 0.018341064453125 0.249176025390625 0.419158935546875
-0.042633056640625 -0.006103515625 0.323211669921875 0.01702880859375
-0.00338077545166016 -0.015202522277832 0.170074462890625 -0.244308471679687
-0.0212612152099609 -0.00104904174804687 -0.103652954101563 0.205825805664063
-0.0212955474853516 -0.00745201110839844 -0.22454833984375 -0.090728759765625
-0.0163421630859375 0.0171785354614258 -0.154296875 -0.485015869140625
0.0278224945068359 0.0334358215332031 0.27288818359375 -0.6407470703125
0.0430793762207031 0.0265274047851562 0.76129150390625 -0.1075439453125
0.0465621948242187 0.0265388488769531 0.65240478515625 0.59552001953125
0.053985595703125 0.103408813476563 0.156219482421875 0.561248779296875
0.019775390625 0.138504028320313 0.0362815856933594 -0.0272178649902344
0.0711135864257813 0.087127685546875 -0.25262451171875 -0.57330322265625
0.079559326171875 -0.003814697265625 -0.820556640625 -0.359130859375
0.048309326171875 -0.00468063354492188 -0.6925048828125 0.4024658203125
0.00112533569335938 0.0159797668457031 -0.033203125 0.60162353515625
-0.03790283203125 0.00695037841796875 0.322418212890625 0.3427734375
-0.0351448059082031 -0.00550651550292968 0.33929443359375 -0.032073974609375
-0.00286674499511719 -0.0117053985595703 0.1639404296875 -0.253982543945313
-0.0133743286132812 0.00694561004638672 -0.109619140625 0.193206787109375
-0.0055842399597168 -0.00698184967041016 -0.209442138671875 -0.13128662109375
-0.00105786323547363 -0.000675857067108155 -0.08502197265625 -0.524322509765625
0.0291576385498047 0.0151042938232422 0.3787841796875 -0.59222412109375
0.0277194976806641 0.0180511474609375 0.7801513671875 0.045166015625
0.0196437835693359 0.0246238708496094 0.548828125 0.71942138671875
0.02899169921875 0.09130859375 0.0845947265625 0.54669189453125
0.0130615234375 0.110122680664063 0.0337753295898438 -0.084930419921875
0.054962158203125 0.0628204345703125 -0.336883544921875 -0.561370849609375
0.0517234802246094 -0.0194969177246094 -0.862548828125 -0.21966552734375
0.0318202972412109 -0.0206642150878906 -0.59771728515625 0.4990234375
0.00247287750244141 -0.00293540954589844 0.0675048828125 0.57037353515625
-0.0229988098144531 -0.00498199462890625 0.372283935546875 0.269561767578125
-0.0239486694335937 -0.00267601013183594 0.34588623046875 -0.074920654296875
0.000221967697143554 -0.00428295135498047 0.153640747070313 -0.262008666992188
-0.00265121459960938 0.0136241912841797 -0.117218017578125 0.183822631835938
0.0133657455444336 -0.00501632690429688 -0.202102661132813 -0.161773681640625
0.0170421600341797 -0.0187206268310547 -0.03509521484375 -0.5411376953125
0.0275039672851563 -0.00232315063476563 0.453277587890625 -0.540374755859375
0.00543880462646484 0.00237035751342773 0.78125 0.1630859375
-0.0135126113891602 0.00409317016601563 0.46173095703125 0.7923583984375
0.0109214782714844 0.0533943176269531 0.0390625 0.526611328125
0.00965881347656249 0.0601463317871094 0.035064697265625 -0.128395080566406
0.0254917144775391 0.0322532653808594 -0.390869140625 -0.547210693359375
0.0131950378417969 -0.0308818817138672 -0.87237548828125 -0.12078857421875
0.00944328308105469 -0.0328712463378906 -0.525146484375 0.5550537109375
0.00246620178222656 -0.0222702026367188 0.132904052734375 0.542572021484375
-0.00671482086181641 -0.0170927047729492 0.396453857421875 0.21990966796875
-0.00946521759033203 0.000440597534179687 0.343719482421875 -0.1048583984375
0.00443363189697266 0.00199794769287109 0.144729614257812 -0.266403198242188
0.00548362731933594 0.0193977355957031 -0.1239013671875 0.1796875
0.0314292907714844 -0.00537490844726562 -0.204803466796875 -0.1685791015625
0.0330543518066406 -0.0332889556884766 -0.0244140625 -0.54461669921875
0.0241756439208984 -0.0200519561767578 0.478363037109375 -0.511566162109375
-0.0219917297363281 -0.0192737579345703 0.7781982421875 0.2117919921875
-0.0445060729980469 -0.0307426452636719 0.4234619140625 0.821533203125
0.00254344940185547 -0.00300812721252441 0.024261474609375 0.5147705078125
0.00815773010253906 -0.000244140625 0.0390472412109375 -0.148391723632813
-0.011652946472168 0.000728607177734375 -0.410308837890625 -0.54132080078125
-0.0311241149902344 -0.0317878723144531 -0.87213134765625 -0.0814819335937502
-0.0159683227539063 -0.0379486083984375 -0.49053955078125 0.5791015625
-3.05175781249999E-05 -0.0383529663085938 0.15325927734375 0.53656005859375
0.00773048400878907 -0.0298728942871094 0.397705078125 0.19989013671875
0.00645351409912109 0.00286006927490234 0.33624267578125 -0.117767333984375
0.00939178466796875 0.00772666931152344 0.134963989257813 -0.270858764648438
0.0105133056640625 0.0213127136230469 -0.13226318359375 0.182708740234375
0.0468521118164063 -0.00303268432617187 -0.22210693359375 -0.1610107421875
0.0452308654785156 -0.0431900024414063 -0.047882080078125 -0.536041259765625
0.01934814453125 -0.0322017669677734 0.458984375 -0.521270751953125
-0.0472984313964844 -0.0383262634277344 0.787109375 0.173828125
-0.0755691528320313 -0.0697708129882813 0.45965576171875 0.795654296875
-0.00403976440429687 -0.0644340515136719 0.0426025390625 0.51190185546875
0.0102996826171875 -0.0662498474121094 0.0438690185546875 -0.140037536621094
-0.0473365783691406 -0.0362396240234375 -0.388519287109375 -0.54852294921875
-0.0734939575195313 -0.0335235595703125 -0.86187744140625 -0.10870361328125
-0.0401115417480469 -0.0378227233886719 -0.50689697265625 0.5704345703125
-0.00539779663085937 -0.047607421875 0.1314697265625 0.5594482421875
0.0203056335449219 -0.0406646728515625 0.381561279296875 0.221832275390625
0.0212955474853516 0.00279998779296875 0.328643798828125 -0.110107421875
0.0142354965209961 0.00922012329101562 0.133804321289063 -0.270248413085938
0.0141048431396484 0.0196819305419922 -0.140090942382813 0.191543579101562
0.0560035705566406 0 -0.248291015625 -0.1337890625
0.0515518188476563 -0.0463333129882813 -0.10858154296875 -0.511871337890625
0.0143661499023437 -0.0369071960449219 0.3895263671875 -0.556732177734375
-0.0695953369140625 -0.0457801818847656 0.79315185546875 0.06884765625
-0.110153198242187 -0.0963668823242188 0.54656982421875 0.71942138671875
-0.016510009765625 -0.117057800292969 0.094146728515625 0.51971435546875
0.0157699584960937 -0.125419616699219 0.0516128540039063 -0.107368469238281
-0.0697479248046875 -0.075164794921875 -0.33154296875 -0.5645751953125
-0.106361389160156 -0.0411300659179688 -0.83758544921875 -0.19573974609375
-0.0619659423828125 -0.0351371765136719 -0.568603515625 0.5269775390625
-0.0102615356445313 -0.0494842529296875 0.068359375 0.5992431640625
0.02716064453125 -0.0473976135253906 0.347320556640625 0.280792236328125
0.03155517578125 0.00126266479492188 0.320831298828125 -0.08270263671875
0.0175838470458984 0.00811767578125 0.13470458984375 -0.269088745117188
-0.0244579315185547 -0.0129013061523438 -0.0953521728515625 0.229248046875
-0.0315742492675781 -0.0121631622314453 -0.261505126953125 0.00910949707031245
-0.0321884155273438 0.0366783142089844 -0.29559326171875 -0.353118896484375
0.0233192443847656 0.0613594055175781 0.02679443359375 -0.65826416015625
0.0447616577148438 0.0391044616699219 0.63812255859375 -0.39837646484375
0.0550460815429688 0.0024871826171875 0.8162841796875 0.283447265625
0.0850753784179688 0.0636444091796875 0.331207275390625 0.538665771484375
0.0385284423828125 0.123222351074219 0.049041748046875 0.0908432006835938
0.0671234130859375 0.0931625366210938 -0.07525634765625 -0.56365966796875
0.0847320556640625 0.020843505859375 -0.6517333984375 -0.64068603515625
0.0526695251464844 0.0204849243164062 -0.84014892578125 0.13421630859375
-0.00872039794921876 0.0446395874023438 -0.278564453125 0.6165771484375
-0.0565910339355469 0.0286369323730469 0.172088623046875 0.481689453125
-0.0437088012695313 -0.00257873535156251 0.2998046875 0.059600830078125
-0.00479316711425781 -0.0179367065429688 0.168548583984375 -0.237548828125
-0.0237808227539063 -0.00766563415527344 -0.0966949462890625 0.21868896484375
-0.0296058654785156 -0.00866317749023437 -0.24481201171875 -0.038482666015625
-0.0269432067871094 0.0307445526123047 -0.232635498046875 -0.422576904296875
0.0263252258300781 0.049285888671875 0.14337158203125 -0.66552734375
0.0485267639160156 0.0331306457519531 0.70831298828125 -0.27288818359375
0.0597114562988281 0.0154495239257813 0.755126953125 0.43658447265625
0.0767135620117188 0.0905075073242188 0.249298095703125 0.55694580078125
0.0302734375 0.141494750976563 0.0414657592773438 0.0340805053710938
0.0745010375976563 0.0979385375976563 -0.16802978515625 -0.5733642578125
0.0895538330078125 0.0125808715820313 -0.7525634765625 -0.4996337890625
0.0560951232910156 0.0107574462890625 -0.77752685546875 0.2840576171875
-0.00284957885742187 0.0335464477539063 -0.1519775390625 0.62005615234375
-0.0500679016113281 0.0197563171386719 0.25518798828125 0.41680908203125
-0.0416603088378906 -0.00508880615234374 0.323944091796875 0.01263427734375
-0.00372219085693359 -0.0158500671386719 0.166473388671875 -0.247833251953125
-0.0192623138427734 -0.000490188598632808 -0.100448608398437 0.206619262695313
-0.0200614929199219 -0.00631523132324219 -0.226669311523438 -0.0870819091796875
-0.016571044921875 0.0172128677368164 -0.160980224609375 -0.482666015625
0.0286998748779297 0.0328121185302734 0.2623291015625 -0.64373779296875
0.0430755615234375 0.0266342163085938 0.75982666015625 -0.11956787109375
0.0459442138671875 0.0260009765625 0.662353515625 0.5859375
0.0556182861328125 0.102279663085938 0.16387939453125 0.558746337890625
0.0225372314453125 0.137344360351563 0.0350284576416016 -0.0284404754638672
0.0732955932617188 0.0855865478515625 -0.2620849609375 -0.571044921875
0.0792236328125 -0.00510406494140625 -0.8251953125 -0.34906005859375
0.0489006042480469 -0.00516510009765625 -0.6881103515625 0.41326904296875
0.000830650329589842 0.016423225402832 -0.02593994140625 0.60296630859375
-0.0381088256835938 0.00786590576171874 0.32769775390625 0.34039306640625
-0.0348663330078125 -0.00481986999511719 0.3389892578125 -0.036712646484375
-0.00266742706298828 -0.011387825012207 0.160064697265625 -0.256561279296875
-0.0114355087280273 0.00731658935546875 -0.105682373046875 0.194595336914063
-0.00608301162719727 -0.00627660751342773 -0.212158203125 -0.128646850585937
-0.00191867351531982 0.000301361083984375 -0.095306396484375 -0.522369384765625
0.0294933319091797 0.0144901275634766 0.37066650390625 -0.5965576171875
0.0271816253662109 0.0175323486328125 0.781005859375 0.0340576171875
0.0195770263671875 0.0248203277587891 0.5604248046875 0.71197509765625
0.0304794311523437 0.0906829833984375 0.0927124023437501 0.54498291015625
0.0153045654296875 0.109779357910156 0.0321197509765625 -0.0854263305664063
0.0567359924316406 0.0620613098144531 -0.345947265625 -0.556854248046875
0.0516204833984375 -0.020843505859375 -0.86663818359375 -0.20751953125
0.0312519073486328 -0.0217952728271484 -0.59039306640625 0.5079345703125
0.00257134437561035 -0.00294208526611328 0.07684326171875 0.56903076171875
-0.0236549377441406 -0.00432205200195313 0.37725830078125 0.265655517578125
-0.0240802764892578 -0.00246047973632813 0.344451904296875 -0.080810546875
0.000460624694824218 -0.0043494701385498 0.149581909179688 -0.264419555664063
-0.000455856323242187 0.0140953063964844 -0.113128662109375 0.185333251953125
0.0137424468994141 -0.00475978851318359 -0.205535888671875 -0.158538818359375
0.0156402587890625 -0.0190658569335938 -0.043701171875 -0.54095458984375
0.02716064453125 -0.00246429443359375 0.444915771484375 -0.54620361328125
0.00519132614135742 0.00190544128417969 0.78369140625 0.1513671875
-0.0134963989257813 0.0045461654663086 0.4742431640625 0.78607177734375
0.0116767883300781 0.0536575317382813 0.0478515624999999 0.5255126953125
0.0102081298828125 0.0606193542480469 0.0322113037109375 -0.128746032714844
0.0255069732666016 0.0324840545654297 -0.3997802734375 -0.540740966796875
0.0120658874511719 -0.0300045013427734 -0.8773193359375 -0.11053466796875
0.00858879089355469 -0.0334720611572266 -0.5169677734375 0.56329345703125
0.00161933898925781 -0.0216026306152344 0.14093017578125 0.5408935546875
-0.00739479064941406 -0.017669677734375 0.40008544921875 0.21307373046875
-0.00847291946411133 0.000523090362548827 0.34130859375 -0.11065673828125
0.00370597839355469 0.00073695182800293 0.14068603515625 -0.268447875976563
0.00710105895996094 0.0192222595214844 -0.120468139648438 0.18109130859375
0.0320396423339844 -0.00531387329101562 -0.209030151367187 -0.165176391601563
0.0321331024169922 -0.0339908599853516 -0.03070068359375 -0.54473876953125
0.0240612030029297 -0.0212593078613281 0.471893310546875 -0.516937255859375
-0.0231113433837891 -0.0191936492919922 0.7818603515625 0.19915771484375
-0.0450477600097656 -0.0291976928710938 0.43701171875 0.81463623046875
0.00305032730102539 -0.00338244438171387 0.029510498046875 0.513214111328125
0.00809192657470703 -0.000276088714599609 0.0365753173828125 -0.14892578125
-0.011474609375 -0.000177383422851562 -0.41717529296875 -0.53497314453125
-0.0323543548583984 -0.0311088562011719 -0.87200927734375 -0.0684204101562501
-0.016937255859375 -0.0380516052246094 -0.481201171875 0.589111328125
-0.00143814086914062 -0.0379676818847656 0.16064453125 0.5350341796875
0.00741958618164063 -0.0291862487792969 0.401824951171875 0.19378662109375
0.00614452362060547 0.00324773788452148 0.33441162109375 -0.123077392578125
0.00918006896972656 0.00713253021240234 0.130264282226562 -0.272567749023438
0.0131187438964844 0.0208568572998047 -0.12884521484375 0.18414306640625
0.0477027893066406 -0.003143310546875 -0.225112915039063 -0.156967163085937
0.0443115234375 -0.04412841796875 -0.055755615234375 -0.536529541015625
0.0183334350585938 -0.0332050323486328 0.450531005859375 -0.529022216796875
-0.0487442016601563 -0.0372390747070313 0.78961181640625 0.16497802734375
-0.0773773193359375 -0.0689010620117187 0.46990966796875 0.78875732421875
-0.004058837890625 -0.0649642944335938 0.04962158203125 0.51055908203125
0.0103187561035156 -0.0673179626464844 0.04119873046875 -0.14068603515625
-0.0474319458007813 -0.03570556640625 -0.396759033203125 -0.541015625
-0.0746002197265625 -0.03265380859375 -0.86358642578125 -0.0950317382812499
-0.0412139892578125 -0.0371856689453125 -0.4986572265625 0.57861328125
-0.00639724731445312 -0.0474853515625 0.13970947265625 0.55633544921875
0.0189552307128906 -0.0406227111816406 0.386077880859375 0.217559814453125
0.0208168029785156 0.00256919860839844 0.327606201171875 -0.115753173828125
0.0151348114013672 0.00848960876464844 0.128189086914063 -0.273880004882813
0.0158710479736328 0.0193424224853516 -0.136627197265625 0.193389892578125
0.0570030212402344 -0.00120925903320313 -0.251968383789063 -0.129837036132813
0.0508842468261719 -0.0475959777832031 -0.1162109375 -0.5091552734375
0.0136184692382813 -0.0381355285644531 0.38189697265625 -0.5645751953125
-0.0712356567382813 -0.0450363159179688 0.7960205078125 0.058837890625
-0.111312866210937 -0.0944671630859375 0.55694580078125 0.71417236328125
-0.0174331665039063 -0.117019653320313 0.09979248046875 0.517730712890625
0.0149917602539062 -0.12542724609375 0.0495681762695313 -0.108169555664063
-0.0701675415039063 -0.07427978515625 -0.339569091796875 -0.55908203125
-0.107322692871094 -0.0393295288085938 -0.8416748046875 -0.18328857421875
-0.0628814697265625 -0.0335845947265625 -0.56158447265625 0.536712646484375
-0.011962890625 -0.0495491027832031 0.0771484375 0.599609375
0.0266647338867188 -0.0477714538574219 0.352447509765625 0.275543212890625
0.0325927734375 0.000524520874023437 0.319854736328125 -0.08795166015625
0.0186424255371094 0.00798797607421875 0.130599975585938 -0.2713623046875
-0.0227069854736328 -0.0124416351318359 -0.090972900390625 0.22955322265625
-0.0314655303955078 -0.0109996795654297 -0.261581420898438 0.011566162109375
-0.0314407348632813 0.038299560546875 -0.30035400390625 -0.346954345703125
0.0247154235839844 0.06109619140625 0.01556396484375 -0.65533447265625
0.0449142456054688 0.0378761291503906 0.6295166015625 -0.40618896484375
0.0541648864746094 0.00191879272460938 0.81927490234375 0.2696533203125
0.0852279663085937 0.0618972778320312 0.3409423828125 0.53277587890625
0.0406417846679687 0.121894836425781 0.0497207641601562 0.0904159545898438
0.068939208984375 0.0912017822265625 -0.08331298828125 -0.56298828125
0.0842361450195313 0.0196990966796875 -0.65985107421875 -0.6297607421875
0.0529937744140625 0.0192832946777344 -0.8380126953125 0.145263671875
-0.00828933715820313 0.0457496643066406 -0.2701416015625 0.6197509765625
-0.0570335388183594 0.0297355651855469 0.17877197265625 0.480682373046875
-0.0428314208984375 -0.00157546997070312 0.300018310546875 0.054901123046875
-0.00418281555175781 -0.0184879302978516 0.165237426757813 -0.239715576171875
-0.0224075317382813 -0.00644493103027344 -0.0927734375 0.219436645507813
-0.0290489196777344 -0.00783157348632812 -0.2452392578125 -0.034759521484375
-0.0266323089599609 0.0319461822509766 -0.238739013671875 -0.418060302734375
0.0275688171386719 0.0482521057128906 0.1304931640625 -0.66583251953125
0.0487442016601563 0.0316543579101563 0.70220947265625 -0.2830810546875
0.0588302612304688 0.0147209167480469 0.75933837890625 0.42559814453125
0.0772171020507813 0.088897705078125 0.257354736328125 0.549835205078125
0.032745361328125 0.140594482421875 0.0410423278808594 0.0339279174804688
0.0765457153320313 0.0967864990234375 -0.17608642578125 -0.56927490234375
0.0896072387695313 0.0104827880859375 -0.7611083984375 -0.48809814453125
0.0558395385742188 0.00951385498046875 -0.77227783203125 0.29656982421875
-0.0030059814453125 0.033660888671875 -0.1429443359375 0.62322998046875
-0.0504264831542969 0.0204048156738281 0.26153564453125 0.41339111328125
-0.0413818359375 -0.00397109985351563 0.323455810546875 0.00714111328125
-0.00412082672119141 -0.0165472030639648 0.161972045898438 -0.249679565429688
-0.0179328918457031 0.000354766845703127 -0.09686279296875 0.20703125
-0.0206661224365234 -0.00613975524902344 -0.229034423828125 -0.0847015380859375
-0.0166492462158203 0.0182933807373047 -0.169036865234375 -0.479461669921875
0.0292339324951172 0.0319423675537109 0.25311279296875 -0.644775390625
0.0426826477050781 0.0258522033691406 0.7564697265625 -0.13018798828125
0.0459060668945313 0.025390625 0.6712646484375 0.57623291015625
0.0563583374023437 0.101722717285156 0.17047119140625 0.55291748046875
0.0236968994140625 0.136917114257813 0.0344104766845703 -0.0282306671142578
0.0742340087890625 0.0850067138671875 -0.27008056640625 -0.56634521484375
0.0782546997070313 -0.0059661865234375 -0.83087158203125 -0.33685302734375
0.0482139587402344 -0.00622177124023437 -0.681884765625 0.4239501953125
0.000396728515625 0.0172643661499023 -0.01678466796875 0.60284423828125
-0.0386886596679687 0.00947952270507812 0.3323974609375 0.334503173828125
-0.0339641571044922 -0.00408172607421875 0.33782958984375 -0.04144287109375
-0.00226116180419922 -0.0107746124267578 0.15643310546875 -0.258926391601563
-0.00994682312011719 0.00753116607666016 -0.10308837890625 0.1947021484375
-0.0048828125 -0.0050196647644043 -0.214523315429688 -0.125595092773437
-0.00206518173217773 0.000305533409118652 -0.101837158203125 -0.5203857421875
0.0299015045166016 0.0136184692382813 0.361083984375 -0.6007080078125
0.0271854400634766 0.0167407989501953 0.7794189453125 0.024169921875
0.0195026397705078 0.0244865417480469 0.5703125 0.7001953125
0.0313949584960938 0.0895919799804687 0.099212646484375 0.541351318359375
0.0170135498046875 0.109832763671875 0.0304183959960938 -0.0858230590820313
0.0574455261230469 0.0616607666015625 -0.353546142578125 -0.55029296875
0.0506057739257813 -0.0209007263183594 -0.86871337890625 -0.19403076171875
0.0305156707763672 -0.0224418640136719 -0.58251953125 0.5162353515625
0.00160002708435059 -0.00332355499267578 0.0852050781250001 0.56866455078125
-0.0240383148193359 -0.00425910949707031 0.379547119140625 0.25750732421875
-0.0241336822509766 -0.00156211853027344 0.342498779296875 -0.08599853515625
0.000189781188964844 -0.0050501823425293 0.145492553710938 -0.266647338867188
0.00118446350097656 0.0133695602416992 -0.11090087890625 0.186248779296875
0.0129909515380859 -0.00441265106201172 -0.208831787109375 -0.156661987304687
0.0156574249267578 -0.0196342468261719 -0.05230712890625 -0.541717529296875
0.0273323059082031 -0.00360107421875 0.436126708984375 -0.550872802734375
0.00541019439697266 0.00158405303955078 0.78271484375 0.138671875
-0.0137615203857422 0.00511360168457031 0.48419189453125 0.77862548828125
0.0132560729980469 0.0525093078613281 0.053314208984375 0.52337646484375
0.0110359191894531 0.0605888366699219 0.0290679931640625 -0.128936767578125
0.0272293090820313 0.0319480895996094 -0.407623291015625 -0.532257080078125
0.0118541717529297 -0.0298271179199219 -0.87725830078125 -0.0958251953125
0.00802993774414062 -0.0340843200683594 -0.50811767578125 0.57073974609375
0.00122642517089844 -0.0217170715332031 0.148101806640625 0.53973388671875
-0.00855255126953125 -0.0171747207641602 0.40185546875 0.206085205078125
-0.00854396820068359 0.000220298767089844 0.3389892578125 -0.1171875
0.00498104095458984 0.000648021697998047 0.1358642578125 -0.271255493164063
0.00903511047363281 0.0187492370605469 -0.118392944335938 0.181976318359375
0.0326786041259766 -0.00508689880371094 -0.211441040039063 -0.162368774414063
0.0312862396240234 -0.0344123840332031 -0.04095458984375 -0.5430908203125
0.0233192443847656 -0.0221214294433594 0.46337890625 -0.5238037109375
-0.0235652923583984 -0.0186824798583984 0.7828369140625 0.18988037109375
-0.0454978942871094 -0.0289459228515625 0.4486083984375 0.80755615234375
0.00289177894592285 -0.00337457656860352 0.0379638671875 0.51165771484375
0.00876569747924805 -0.000775337219238281 0.0334625244140625 -0.149307250976562
-0.0106868743896484 0.000630378723144529 -0.424713134765625 -0.52825927734375
-0.0323753356933594 -0.0304183959960938 -0.872802734375 -0.05548095703125
-0.0179100036621094 -0.0373573303222656 -0.473388671875 0.59429931640625
-0.00272750854492187 -0.0381126403808594 0.1683349609375 0.53302001953125
0.00670814514160156 -0.0295925140380859 0.402740478515625 0.18743896484375
0.00732040405273438 0.00216770172119141 0.3323974609375 -0.128997802734375
0.0101766586303711 0.00609016418457031 0.1258544921875 -0.27392578125
0.0145282745361328 0.0208473205566406 -0.126434326171875 0.186065673828125
0.0479736328125 -0.0042877197265625 -0.228622436523438 -0.153472900390625
0.0437469482421875 -0.0440711975097656 -0.063385009765625 -0.533203125
0.01788330078125 -0.0334281921386719 0.443267822265625 -0.534912109375
-0.0497207641601562 -0.0366249084472656 0.78997802734375 0.1541748046875
-0.0780868530273438 -0.0676345825195313 0.48101806640625 0.78057861328125
-0.00443649291992188 -0.0651397705078125 0.0577392578125001 0.508392333984375
0.00944900512695313 -0.0672378540039063 0.0384368896484375 -0.141769409179687
-0.0475349426269531 -0.034881591796875 -0.404876708984375 -0.534881591796875
-0.0746841430664063 -0.0310440063476563 -0.86480712890625 -0.0831909179687502
-0.0421981811523438 -0.0374221801757813 -0.48956298828125 0.58673095703125
-0.00773239135742187 -0.0473556518554688 0.1473388671875 0.55657958984375
0.0183448791503906 -0.0408897399902344 0.38873291015625 0.20989990234375
0.0215339660644531 0.00222206115722656 0.3253173828125 -0.120697021484375
0.0156002044677734 0.00805950164794922 0.122955322265625 -0.275650024414063
0.0176200866699219 0.0182991027832031 -0.133621215820313 0.1939697265625
0.0571670532226563 -0.00211334228515625 -0.25482177734375 -0.125564575195312
0.0496826171875 -0.0481796264648437 -0.124603271484375 -0.507049560546875
0.0123863220214844 -0.0386695861816406 0.3734130859375 -0.5665283203125
-0.0732040405273437 -0.04388427734375 0.79364013671875 0.0472412109375
-0.112686157226563 -0.09222412109375 0.5667724609375 0.70391845703125
-0.0188217163085938 -0.117080688476563 0.10870361328125 0.515472412109375
0.0135116577148438 -0.125389099121094 0.0470657348632813 -0.108367919921875
-0.0710296630859375 -0.0725021362304688 -0.347503662109375 -0.554290771484375
-0.107856750488281 -0.0372467041015625 -0.84442138671875 -0.170654296875
-0.064239501953125 -0.0328254699707031 -0.552215576171875 0.542938232421875
-0.0122566223144531 -0.0491600036621094 0.086181640625 0.59912109375
0.0261421203613281 -0.0477714538574219 0.356414794921875 0.270416259765625
0.0327873229980469 -0.0005035400390625 0.31787109375 -0.09356689453125
0.0186233520507813 0.00753593444824219 0.126068115234375 -0.2740478515625
-0.0220623016357422 -0.0117015838623047 -0.087127685546875 0.229248046875
-0.0304450988769531 -0.00906753540039063 -0.2615966796875 0.0150451660156251
-0.0309486389160156 0.0394058227539063 -0.302825927734375 -0.340667724609375
0.0258293151855469 0.0594558715820313 0.00811767578124993 -0.65252685546875
0.0448722839355469 0.0376396179199219 0.6219482421875 -0.4134521484375
0.0533065795898438 0.001861572265625 0.82012939453125 0.2584228515625
0.0854949951171875 0.06011962890625 0.34564208984375 0.523773193359375
0.0423965454101563 0.120903015136719 0.05023193359375 0.0896530151367188
0.069488525390625 0.0904998779296875 -0.0908203125 -0.560211181640625
0.0841827392578125 0.0183258056640625 -0.665283203125 -0.6177978515625
0.0536994934082031 0.0185279846191406 -0.83349609375 0.1583251953125
-0.00782012939453124 0.0450630187988281 -0.26104736328125 0.6229248046875
-0.0563011169433594 0.0307540893554687 0.18548583984375 0.476409912109375
-0.0423698425292969 -0.00109100341796874 0.298675537109375 0.05059814453125
-0.00461006164550781 -0.0184574127197266 0.160598754882813 -0.24151611328125
-0.0215950012207031 -0.00662994384765625 -0.0893402099609375 0.218734741210938
-0.0289211273193359 -0.00639724731445312 -0.245681762695312 -0.03204345703125
-0.0265960693359375 0.0326519012451172 -0.244873046875 -0.413482666015625
0.0285911560058594 0.0476531982421875 0.12176513671875 -0.664306640625
0.0483169555664063 0.0313148498535156 0.69525146484375 -0.29156494140625
0.05804443359375 0.0141372680664063 0.76361083984375 0.41082763671875
0.0781097412109375 0.0876083374023437 0.263153076171875 0.54290771484375
0.03424072265625 0.139366149902344 0.0408744812011719 0.0329055786132813
0.0779190063476563 0.0951385498046875 -0.1839599609375 -0.5648193359375
0.089874267578125 0.00928497314453125 -0.76409912109375 -0.4757080078125
0.0559501647949219 0.00867462158203125 -0.7669677734375 0.30548095703125
-0.00211715698242187 0.0339088439941406 -0.13397216796875 0.624755859375
-0.049591064453125 0.021331787109375 0.2652587890625 0.40826416015625
-0.0404586791992188 -0.00353240966796875 0.321990966796875 0.002349853515625
-0.00372505187988281 -0.0165157318115234 0.158798217773438 -0.251205444335938
-0.0164947509765625 0.000247955322265622 -0.0934600830078125 0.2064208984375
-0.0195426940917969 -0.00499725341796875 -0.22998046875 -0.080718994140625
-0.0163059234619141 0.0192089080810547 -0.175933837890625 -0.475341796875
0.0301628112792969 0.0311565399169922 0.242919921875 -0.64544677734375
0.0428810119628906 0.0251312255859375 0.75018310546875 -0.1397705078125
0.0457916259765625 0.0253677368164063 0.67718505859375 0.564453125
0.0573577880859375 0.100044250488281 0.178131103515625 0.549530029296875
0.0265960693359375 0.136054992675781 0.0330314636230469 -0.0285568237304687
0.0757369995117188 0.0832672119140625 -0.277374267578125 -0.560394287109375
0.0782012939453125 -0.00685882568359375 -0.83319091796875 -0.32183837890625
0.0475044250488281 -0.00750732421875 -0.6728515625 0.43182373046875
0.000679969787597656 0.0168571472167969 -0.00866699218750003 0.602783203125
-0.0379905700683594 0.00986862182617188 0.3360595703125 0.32818603515625
-0.0346260070800781 -0.00388336181640626 0.336151123046875 -0.04693603515625
-0.00287151336669922 -0.0120306015014648 0.151611328125 -0.260269165039062
-0.00810050964355469 0.00759458541870117 -0.0988311767578125 0.195114135742188
-0.00488424301147461 -0.00507402420043945 -0.216690063476563 -0.1217041015625
-0.00229668617248535 0.000697135925292969 -0.109130859375 -0.516876220703125
0.0296611785888672 0.0130062103271484 0.352294921875 -0.6015625
0.0266017913818359 0.0166397094726563 0.77764892578125 0.012451171875
0.0194149017333984 0.0248565673828125 0.57879638671875 0.69140625
0.0323028564453125 0.0885848999023438 0.107269287109375 0.537811279296875
0.0184173583984375 0.108078002929688 0.028106689453125 -0.0857925415039063
0.058197021484375 0.0606765747070313 -0.360015869140625 -0.544464111328125
0.0500831604003906 -0.0214424133300781 -0.86810302734375 -0.1822509765625
0.0300712585449219 -0.0235157012939453 -0.57403564453125 0.52423095703125
0.00139904022216797 -0.00334262847900391 0.09259033203125 0.5662841796875
-0.0238418579101562 -0.0033416748046875 0.3824462890625 0.253509521484375
-0.0225906372070313 -0.00164604187011718 0.339752197265625 -0.0906982421875
0.000898361206054688 -0.00561904907226563 0.140594482421875 -0.267898559570313
0.00351619720458984 0.012965202331543 -0.107986450195313 0.186248779296875
0.0137567520141602 -0.00396919250488281 -0.211746215820312 -0.15277099609375
0.0153541564941406 -0.019744873046875 -0.0601501464843751 -0.53887939453125
0.0274448394775391 -0.00563240051269531 0.426605224609375 -0.55535888671875
0.00386381149291992 0.000551939010620117 0.78131103515625 0.129150390625
-0.014439582824707 0.00581073760986328 0.4949951171875 0.7681884765625
0.0135421752929688 0.0521430969238281 0.060028076171875 0.51995849609375
0.0121688842773437 0.0594902038574219 0.0274581909179688 -0.127342224121094
0.0273532867431641 0.0303955078125 -0.41278076171875 -0.5255126953125
0.0111160278320312 -0.0298900604248047 -0.87591552734375 -0.0853271484375001
0.00766372680664063 -0.0345535278320313 -0.49652099609375 0.57720947265625
-0.000387191772460938 -0.0215244293212891 0.15606689453125 0.534698486328125
-0.00895595550537109 -0.0170698165893555 0.404876708984375 0.200347900390625
-0.00835990905761719 0.000782489776611326 0.33575439453125 -0.121368408203125
0.00472593307495117 0.000692844390869141 0.131179809570313 -0.272064208984375
0.0107097625732422 0.0179119110107422 -0.11468505859375 0.182785034179688
0.0326747894287109 -0.00509834289550781 -0.214004516601563 -0.158432006835938
0.0303993225097656 -0.03387451171875 -0.04705810546875 -0.53997802734375
0.0226421356201172 -0.0228366851806641 0.453643798828125 -0.528167724609375
-0.0245037078857422 -0.0186214447021484 0.78192138671875 0.17987060546875
-0.0461158752441406 -0.0277061462402344 0.4600830078125 0.79754638671875
0.00350785255432129 -0.00382137298583984 0.04534912109375 0.50775146484375
0.00892925262451172 -0.00147056579589844 0.0308837890625 -0.149169921875
-0.0101203918457031 0.000395774841308594 -0.43011474609375 -0.51983642578125
-0.0329570770263672 -0.0291080474853516 -0.8692626953125 -0.0438842773437501
-0.0184059143066406 -0.0377769470214844 -0.46282958984375 0.59979248046875
-0.0039520263671875 -0.0378456115722656 0.175048828125 0.528778076171875
0.00601959228515625 -0.0292472839355469 0.4036865234375 0.180389404296875
0.00729894638061523 0.00203371047973633 0.329193115234375 -0.13323974609375
0.0105018615722656 0.0056610107421875 0.12152099609375 -0.2750244140625
0.0166797637939453 0.0194358825683594 -0.123321533203125 0.185012817382813
0.0482444763183594 -0.00457763671875 -0.231033325195313 -0.149337768554688
0.042633056640625 -0.0448226928710938 -0.070831298828125 -0.530426025390625
0.0170726776123047 -0.0344524383544922 0.43524169921875 -0.536956787109375
-0.0505409240722656 -0.0359382629394531 0.7890625 0.1424560546875
-0.0789718627929688 -0.0651397705078125 0.49017333984375 0.7711181640625
-0.00515747070312501 -0.0642127990722656 0.06292724609375 0.505126953125
0.00934982299804688 -0.0671615600585938 0.0355072021484375 -0.140777587890625
-0.0475502014160156 -0.0340843200683594 -0.4111328125 -0.527008056640625
-0.0747909545898438 -0.0297317504882812 -0.86376953125 -0.0708007812500002
-0.0429878234863281 -0.0358428955078125 -0.4815673828125 0.5908203125
-0.0086517333984375 -0.0465431213378906 0.154937744140625 0.552490234375
0.0176277160644531 -0.0403633117675781 0.39007568359375 0.20330810546875
0.0219535827636719 0.00127220153808594 0.3221435546875 -0.1260986328125
0.0158185958862305 0.00735378265380859 0.11810302734375 -0.276611328125
0.0192832946777344 0.0176658630371094 -0.129852294921875 0.19573974609375
0.0574073791503906 -0.00286102294921875 -0.255477905273438 -0.121139526367187
0.0487480163574219 -0.0484390258789063 -0.13092041015625 -0.5032958984375
0.0117034912109375 -0.0394096374511719 0.36334228515625 -0.5697021484375
-0.0737762451171875 -0.0427398681640625 0.79095458984375 0.037109375
-0.114044189453125 -0.0894393920898438 0.57568359375 0.69354248046875
-0.0195693969726562 -0.11590576171875 0.113555908203125 0.511474609375
0.0119171142578125 -0.125770568847656 0.0451736450195313 -0.108001708984375
-0.0714111328125 -0.0716552734375 -0.3538818359375 -0.546417236328125
-0.108283996582031 -0.035858154296875 -0.843017578125 -0.158447265625
-0.0650901794433594 -0.0318183898925781 -0.542205810546875 0.55010986328125
-0.0145988464355469 -0.0483245849609375 0.0943603515625 0.59722900390625
0.0243949890136719 -0.0478897094726563 0.35845947265625 0.2646484375
0.0321197509765625 -0.00069427490234375 0.314971923828125 -0.09820556640625
0.0193672180175781 0.00652313232421875 0.12078857421875 -0.274795532226563
-0.0206146240234375 -0.0114765167236328 -0.082916259765625 0.228057861328125
-0.0312671661376953 -0.00817680358886719 -0.259231567382813 0.0179443359375
-0.030242919921875 0.0394744873046875 -0.306793212890625 -0.334716796875
0.0261344909667969 0.0589485168457031 -0.00134277343749994 -0.647705078125
0.0452308654785156 0.0369110107421875 0.6119384765625 -0.419921875
0.0517044067382813 0.0012664794921875 0.81964111328125 0.24615478515625
0.0863113403320313 0.0587844848632813 0.3505859375 0.51556396484375
0.04339599609375 0.119216918945313 0.0505218505859375 0.0890579223632813
0.070770263671875 0.0893325805664063 -0.0977783203125 -0.553619384765625
0.08428955078125 0.0169830322265625 -0.6695556640625 -0.606201171875
0.0526046752929688 0.0181198120117188 -0.825927734375 0.16839599609375
-0.0077362060546875 0.0447616577148438 -0.2508544921875 0.623779296875
-0.0553131103515625 0.0316925048828125 0.1898193359375 0.47308349609375
-0.0424385070800781 0.000179290771484373 0.29803466796875 0.04638671875
-0.00457000732421875 -0.0180587768554688 0.155487060546875 -0.24188232421875
-0.0196323394775391 -0.0057525634765625 -0.0851287841796875 0.21826171875
-0.0283489227294922 -0.00530052185058594 -0.245758056640625 -0.0293731689453125
-0.0264053344726562 0.0333347320556641 -0.248931884765625 -0.407684326171875
0.0287284851074219 0.0463218688964844 0.11199951171875 -0.6611328125
0.0486335754394531 0.0308265686035156 0.6868896484375 -0.29913330078125
0.0571365356445313 0.0134353637695313 0.7645263671875 0.3994140625
0.0799789428710938 0.085540771484375 0.26898193359375 0.535888671875
0.036346435546875 0.1383056640625 0.0405654907226563 0.0329322814941406
0.0786895751953125 0.093170166015625 -0.18927001953125 -0.559906005859375
0.0884780883789063 0.00811767578125 -0.7664794921875 -0.4635009765625
0.055999755859375 0.0075836181640625 -0.759033203125 0.31494140625
-0.00211524963378906 0.0335483551025391 -0.12548828125 0.62396240234375
-0.049285888671875 0.022216796875 0.270599365234375 0.40179443359375
-0.040191650390625 -0.00292587280273438 0.320770263671875 -0.00103759765625
-0.00414276123046875 -0.0165042877197266 0.153564453125 -0.25201416015625
-0.0148134231567383 0.00142288208007813 -0.089447021484375 0.206008911132813
-0.0192852020263672 -0.00424003601074219 -0.230819702148438 -0.0783233642578125
-0.0166034698486328 0.01953125 -0.181243896484375 -0.4691162109375
0.0297393798828125 0.0306339263916016 0.2340087890625 -0.644287109375
0.0426559448242188 0.0243949890136719 0.74444580078125 -0.14849853515625
0.0456886291503906 0.0248031616210938 0.6787109375 0.55224609375
0.0581741333007812 0.0984344482421875 0.1832275390625 0.5419921875
0.02813720703125 0.134162902832031 0.0320911407470703 -0.0282211303710937
0.0765304565429687 0.0811996459960938 -0.282958984375 -0.55218505859375
0.0765380859375 -0.0076904296875 -0.83294677734375 -0.30987548828125
0.04754638671875 -0.0075836181640625 -0.66326904296875 0.43743896484375
0.000825881958007811 0.0169591903686523 -0.00170898437500005 0.600341796875
-0.0382843017578125 0.0101242065429688 0.33978271484375 0.322113037109375
-0.0334148406982422 -0.00318717956542969 0.3336181640625 -0.051483154296875
-0.00220394134521484 -0.0122737884521484 0.147262573242188 -0.260894775390625
-0.00633668899536133 0.00747966766357422 -0.0963134765625 0.194107055664063
-0.00400161743164063 -0.00425148010253906 -0.218338012695313 -0.119110107421875
-0.0023036003112793 0.000650882720947266 -0.114501953125 -0.51226806640625
0.0297603607177734 0.01251220703125 0.34332275390625 -0.60302734375
0.0268192291259766 0.0162696838378906 0.77325439453125 0.0052490234375
0.0191192626953125 0.0254592895507813 0.583251953125 0.6795654296875
0.0334930419921875 0.0877609252929688 0.112457275390625 0.53253173828125
0.0198516845703125 0.106765747070313 0.026397705078125 -0.0853271484375
0.0589599609375 0.0587120056152344 -0.363800048828125 -0.53692626953125
0.0493240356445313 -0.0220108032226563 -0.86724853515625 -0.169189453125
0.0297107696533203 -0.023834228515625 -0.5648193359375 0.52923583984375
0.0018010139465332 -0.00302004814147949 0.0994873046875 0.561676025390625
-0.0237770080566406 -0.002777099609375 0.384613037109375 0.246429443359375
-0.0227508544921875 -0.00127601623535156 0.336639404296875 -0.095123291015625
0.000840187072753906 -0.00612115859985352 0.136871337890625 -0.267852783203125
0.00450515747070313 0.0127859115600586 -0.105377197265625 0.186782836914062
0.0143337249755859 -0.00365257263183594 -0.213729858398438 -0.148880004882812
0.0143337249755859 -0.0189228057861328 -0.0663452148437501 -0.534393310546875
0.0267505645751953 -0.00592041015625 0.417144775390625 -0.557159423828125
0.00362539291381836 0.00140380859375 0.77825927734375 0.11700439453125
-0.0141410827636719 0.00708675384521484 0.50201416015625 0.75823974609375
0.013824462890625 0.0513496398925781 0.06683349609375 0.51629638671875
0.013153076171875 0.0587272644042969 0.0248031616210938 -0.127716064453125
0.0279808044433594 0.0304336547851563 -0.417694091796875 -0.517913818359375
0.0104484558105469 -0.0294456481933594 -0.87139892578125 -0.0708618164062498
0.00600814819335938 -0.0343055725097656 -0.48638916015625 0.580078125
-0.0003204345703125 -0.0209064483642578 0.16156005859375 0.532562255859375
-0.00874805450439453 -0.0157203674316406 0.403778076171875 0.193389892578125
-0.00798368453979492 0.000661373138427735 0.33203125 -0.125244140625
0.00477695465087891 -0.000895500183105469 0.127471923828125 -0.273086547851563
0.0130290985107422 0.0176982879638672 -0.111557006835938 0.182388305664063
0.0331897735595703 -0.00566864013671875 -0.2164306640625 -0.154983520507812
0.0295524597167969 -0.0341567993164063 -0.053497314453125 -0.536773681640625
0.0220451354980469 -0.0236759185791016 0.44476318359375 -0.53082275390625
-0.0250320434570313 -0.0179672241210938 0.78045654296875 0.16705322265625
-0.0458602905273438 -0.0254364013671875 0.46923828125 0.78875732421875
0.0034329891204834 -0.0039365291595459 0.05157470703125 0.504730224609375
0.00947284698486328 -0.00138187408447266 0.0282135009765625 -0.148406982421875
-0.0097198486328125 0.000602722167968751 -0.43475341796875 -0.51043701171875
-0.0335674285888672 -0.0284271240234375 -0.86761474609375 -0.0330200195312498
-0.0189437866210938 -0.0368080139160156 -0.4534912109375 0.60198974609375
-0.00479888916015625 -0.0375137329101563 0.180694580078125 0.525787353515625
0.00539970397949219 -0.0288543701171875 0.404327392578125 0.173980712890625
0.0072474479675293 0.00199079513549805 0.325286865234375 -0.13775634765625
0.0111255645751953 0.00627517700195313 0.116806030273437 -0.275787353515625
0.0181694030761719 0.0188369750976563 -0.120193481445313 0.18634033203125
0.0482559204101563 -0.00505828857421875 -0.233352661132813 -0.144912719726562
0.0413284301757813 -0.0446357727050781 -0.0782470703125 -0.5269775390625
0.015594482421875 -0.0349025726318359 0.424591064453125 -0.541015625
-0.0515365600585937 -0.0356063842773438 0.78631591796875 0.132080078125
-0.0791244506835938 -0.062469482421875 0.49957275390625 0.760498046875
-0.00589370727539062 -0.0643768310546875 0.069061279296875 0.499908447265625
0.00825881958007812 -0.0669212341308594 0.0340728759765625 -0.140579223632813
-0.0470657348632813 -0.0341873168945312 -0.415252685546875 -0.519134521484375
-0.0750503540039063 -0.028106689453125 -0.85845947265625 -0.05743408203125
-0.0434455871582031 -0.0353736877441406 -0.4691162109375 0.5958251953125
-0.00934219360351562 -0.0463523864746094 0.160491943359375 0.54913330078125
0.01666259765625 -0.0405158996582031 0.391326904296875 0.197784423828125
0.0220394134521484 0.000841140747070313 0.31842041015625 -0.129791259765625
0.0160341262817383 0.00674915313720703 0.113265991210938 -0.2762451171875
0.0205192565917969 0.0163516998291016 -0.126373291015625 0.1961669921875
0.0584716796875 -0.00365066528320313 -0.258071899414063 -0.116378784179687
0.0480728149414063 -0.0481681823730469 -0.13665771484375 -0.499725341796875
0.0104255676269531 -0.0403213500976563 0.35418701171875 -0.57159423828125
-0.0741424560546875 -0.0414657592773437 0.78765869140625 0.0263671875
-0.114013671875 -0.0864181518554687 0.5819091796875 0.6827392578125
-0.0210723876953125 -0.115310668945312 0.11962890625 0.506439208984375
0.010345458984375 -0.125656127929688 0.0422210693359375 -0.10791015625
-0.071136474609375 -0.0703887939453125 -0.358856201171875 -0.538848876953125
-0.108139038085937 -0.0339508056640625 -0.84197998046875 -0.14715576171875
-0.0655403137207031 -0.0300254821777344 -0.53350830078125 0.555511474609375
-0.0150566101074219 -0.0475273132324219 0.100341796875 0.5936279296875
0.0240669250488281 -0.0474510192871094 0.360992431640625 0.259033203125
0.0319976806640625 -0.00153350830078125 0.311981201171875 -0.102935791015625
0.0192546844482422 0.00639724731445313 0.117401123046875 -0.274520874023438
-0.0196399688720703 -0.0107612609863281 -0.0796051025390625 0.226455688476563
-0.0305233001708984 -0.00748062133789062 -0.259506225585938 0.0210723876953125
-0.0299453735351563 0.0406570434570313 -0.309051513671875 -0.32989501953125
0.0277290344238281 0.0577163696289063 -0.00848388671875005 -0.642822265625
0.04498291015625 0.0360107421875 0.60333251953125 -0.42401123046875
0.0517616271972656 0.00106430053710938 0.81768798828125 0.2353515625
0.086517333984375 0.0572509765625 0.353668212890625 0.507171630859375
0.0445327758789063 0.117507934570313 0.0510635375976562 0.0879440307617188
0.0714492797851563 0.0872726440429688 -0.103607177734375 -0.55023193359375
0.0832672119140625 0.0157852172851563 -0.67218017578125 -0.593505859375
0.0522537231445313 0.016876220703125 -0.8194580078125 0.1766357421875
-0.0069580078125 0.0447769165039063 -0.24273681640625 0.6248779296875
-0.0549240112304688 0.0328407287597656 0.194976806640625 0.46759033203125
-0.0415687561035156 0.000534057617187495 0.29736328125 0.04351806640625
-0.0050506591796875 -0.0188655853271484 0.152359008789063 -0.242706298828125
-0.0187492370605469 -0.00507545471191406 -0.082122802734375 0.216476440429688
-0.0281200408935547 -0.0050048828125 -0.244781494140625 -0.0266265869140625
-0.0251846313476562 0.0338897705078125 -0.252777099609375 -0.402435302734375
0.029815673828125 0.0456466674804688 0.10369873046875 -0.65765380859375
0.0477714538574219 0.0292434692382813 0.6787109375 -0.3046875
0.0569419860839844 0.0130996704101563 0.76446533203125 0.388671875
0.0788726806640625 0.0840377807617188 0.27215576171875 0.52825927734375
0.0382843017578125 0.136360168457031 0.039459228515625 0.0324859619140625
0.079437255859375 0.0918045043945313 -0.195159912109375 -0.5543212890625
0.087615966796875 0.0072021484375 -0.76708984375 -0.45306396484375
0.0555763244628906 0.00682449340820313 -0.75079345703125 0.321533203125
-0.00240707397460938 0.0336837768554688 -0.11767578125 0.622802734375
-0.0490684509277344 0.0228271484375 0.27362060546875 0.3980712890625
-0.0399322509765625 -0.0023956298828125 0.31829833984375 -0.0048828125
-0.0041046142578125 -0.016718864440918 0.150161743164062 -0.251434326171875
-0.0132455825805664 0.0012664794921875 -0.087188720703125 0.205123901367188
-0.0185813903808594 -0.00337791442871094 -0.230667114257813 -0.075103759765625
-0.0158767700195312 0.0190353393554688 -0.1851806640625 -0.4649658203125
0.0301380157470703 0.0291690826416016 0.2239990234375 -0.642333984375
0.0423622131347656 0.0240898132324219 0.7379150390625 -0.15472412109375
0.0446701049804688 0.0247001647949219 0.68115234375 0.54071044921875
0.0585784912109375 0.0961761474609375 0.187713623046875 0.535400390625
0.02923583984375 0.132362365722656 0.0309295654296875 -0.0283184051513672
0.0766067504882813 0.0798416137695313 -0.287841796875 -0.54620361328125
0.0764846801757813 -0.008636474609375 -0.832275390625 -0.2982177734375
0.0466117858886719 -0.0084075927734375 -0.6558837890625 0.44354248046875
0.000874519348144531 0.0165529251098633 0.00543212890624997 0.59735107421875
-0.0376739501953125 0.0111427307128906 0.340545654296875 0.3162841796875
-0.0334911346435547 -0.00284194946289063 0.330108642578125 -0.05535888671875
-0.00257110595703125 -0.0121736526489258 0.142868041992188 -0.2611083984375
-0.00411033630371094 0.008026123046875 -0.0931854248046875 0.193435668945313
-0.00405263900756836 -0.00296854972839355 -0.219680786132812 -0.116180419921875
-0.00327253341674805 0.00126862525939941 -0.119964599609375 -0.50830078125
0.0296535491943359 0.0107288360595703 0.3333740234375 -0.60260009765625
0.0263652801513672 0.0152835845947266 0.7664794921875 -0.00445556640625
0.018585205078125 0.0251979827880859 0.59027099609375 0.668701171875
0.034332275390625 0.086181640625 0.116668701171875 0.526611328125
0.0208969116210937 0.105964660644531 0.0245895385742188 -0.0844879150390625
0.0597572326660156 0.0577507019042969 -0.368316650390625 -0.528167724609375
0.0485687255859375 -0.021759033203125 -0.8636474609375 -0.15814208984375
0.0288562774658203 -0.0233898162841797 -0.55462646484375 0.5333251953125
0.000428199768066407 -0.00335049629211426 0.104248046875 0.5589599609375
-0.0239753723144531 -0.00213813781738281 0.38555908203125 0.2408447265625
-0.0223960876464844 -0.00143051147460938 0.3338623046875 -0.098846435546875
0.0010223388671875 -0.00564289093017578 0.132247924804688 -0.268203735351563
0.007171630859375 0.0120115280151367 -0.102188110351563 0.185699462890625
0.0158615112304688 -0.00296974182128906 -0.215576171875 -0.145172119140625
0.0131492614746094 -0.0183811187744141 -0.071380615234375 -0.52960205078125
0.0264091491699219 -0.0062713623046875 0.4071044921875 -0.5565185546875
0.00299978256225586 0.00138473510742188 0.77490234375 0.1082763671875
-0.0133466720581055 0.00706291198730469 0.5064697265625 0.7452392578125
0.0141677856445312 0.0508308410644531 0.070526123046875 0.510345458984375
0.013427734375 0.0576324462890625 0.0233078002929688 -0.126365661621094
0.0280570983886719 0.0291652679443359 -0.421173095703125 -0.509185791015625
0.00968551635742188 -0.0292930603027344 -0.86822509765625 -0.0621948242187501
0.00648880004882813 -0.033966064453125 -0.47821044921875 0.5841064453125
-0.00113868713378906 -0.0208930969238281 0.166290283203125 0.52801513671875
-0.00924491882324219 -0.015904426574707 0.404144287109375 0.187255859375
-0.00820827484130859 0.000557422637939454 0.32958984375 -0.128936767578125
0.00519132614135742 -0.000659942626953125 0.122970581054687 -0.272857666015625
0.0141839981079102 0.0165834426879883 -0.109619140625 0.18255615234375
0.0332660675048828 -0.00621414184570312 -0.218551635742188 -0.15185546875
0.0286178588867188 -0.0340137481689453 -0.0589599609375 -0.531890869140625
0.020660400390625 -0.0241260528564453 0.435760498046875 -0.53106689453125
-0.0255107879638672 -0.0177745819091797 0.77685546875 0.15716552734375
-0.046417236328125 -0.0240135192871094 0.473876953125 0.7783203125
0.00305724143981934 -0.00418233871459961 0.054962158203125 0.499786376953125
0.00902843475341797 -0.00235080718994141 0.0256500244140625 -0.147781372070313
-0.00947284698486328 0.000499725341796877 -0.438018798828125 -0.50286865234375
-0.0335788726806641 -0.0279483795166016 -0.862548828125 -0.0222778320312499
-0.0196723937988281 -0.03607177734375 -0.444580078125 0.60406494140625
-0.00531387329101562 -0.0371017456054688 0.18646240234375 0.519989013671875
0.0050811767578125 -0.0287075042724609 0.404266357421875 0.16845703125
0.00701904296875 0.00170612335205078 0.32183837890625 -0.140411376953125
0.0111942291259766 0.00488376617431641 0.112884521484375 -0.275970458984375
0.020111083984375 0.0169811248779297 -0.117355346679688 0.186126708984375
0.0489082336425781 -0.00582122802734375 -0.235122680664063 -0.141098022460938
0.0403099060058594 -0.0440025329589844 -0.0836181640625 -0.523223876953125
0.01513671875 -0.0353202819824219 0.416412353515625 -0.541473388671875
-0.05242919921875 -0.0340843200683594 0.782958984375 0.1229248046875
-0.0796737670898437 -0.0610427856445313 0.50506591796875 0.75048828125
-0.00640487670898438 -0.0641593933105469 0.07415771484375 0.49591064453125
0.00792694091796874 -0.0669059753417969 0.0319137573242187 -0.13916015625
-0.0464820861816406 -0.0328254699707031 -0.417388916015625 -0.51007080078125
-0.0750732421875 -0.0266571044921875 -0.85430908203125 -0.0480346679687499
-0.0443992614746094 -0.0348091125488281 -0.46148681640625 0.59527587890625
-0.0106620788574219 -0.0464286804199219 0.166534423828125 0.54425048828125
0.0160140991210938 -0.0400352478027344 0.389129638671875 0.193603515625
0.0213050842285156 0.0005035400390625 0.314788818359375 -0.132659912109375
0.0164890289306641 0.00619697570800781 0.109832763671875 -0.276473999023438
0.0230007171630859 0.0154933929443359 -0.12347412109375 0.195785522460937
0.0587005615234375 -0.00465011596679688 -0.2584228515625 -0.11285400390625
0.0473480224609375 -0.0491752624511719 -0.14154052734375 -0.49444580078125
0.00984954833984375 -0.0404205322265625 0.3466796875 -0.57354736328125
-0.0747833251953125 -0.040435791015625 0.78326416015625 0.0179443359375
-0.11376953125 -0.0848617553710938 0.58642578125 0.6719970703125
-0.021759033203125 -0.11444091796875 0.124176025390625 0.50213623046875
0.00986480712890625 -0.125289916992188 0.041168212890625 -0.107154846191406
-0.071136474609375 -0.0692138671875 -0.36407470703125 -0.53094482421875
-0.107719421386719 -0.031341552734375 -0.83819580078125 -0.13629150390625
-0.0663299560546875 -0.0296211242675781 -0.52557373046875 0.557647705078125
-0.0163459777832031 -0.0471458435058594 0.107421875 0.59051513671875
0.0232734680175781 -0.0471992492675781 0.3621826171875 0.25189208984375
0.0324726104736328 -0.00171470642089844 0.30877685546875 -0.106536865234375
0.01934814453125 0.00581932067871094 0.111587524414063 -0.2750244140625
-0.0182609558105469 -0.0108737945556641 -0.076202392578125 0.22454833984375
-0.0301952362060547 -0.00714111328125 -0.257980346679687 0.02252197265625
-0.0300140380859375 0.0405387878417969 -0.310089111328125 -0.324188232421875
0.0285072326660156 0.055816650390625 -0.0147705078124999 -0.63690185546875
0.0446853637695313 0.0349807739257813 0.5946044921875 -0.4248046875
0.0508079528808594 0.000835418701171875 0.81256103515625 0.2247314453125
0.0858154296875 0.05523681640625 0.356109619140625 0.49908447265625
0.0457000732421875 0.116386413574219 0.0508270263671875 0.0868911743164063
0.0722427368164063 0.0859756469726563 -0.106903076171875 -0.544525146484375
0.08331298828125 0.0150222778320313 -0.67523193359375 -0.58306884765625
0.0526275634765625 0.01605224609375 -0.812744140625 0.18450927734375
-0.00664901733398438 0.044769287109375 -0.23455810546875 0.621826171875
-0.0544815063476563 0.0331535339355469 0.19866943359375 0.462982177734375
-0.0413093566894531 0.000652313232421884 0.29541015625 0.03961181640625
-0.00511932373046875 -0.0189113616943359 0.14923095703125 -0.241867065429688
-0.0175666809082031 -0.00559329986572266 -0.07928466796875 0.21478271484375
-0.0272960662841797 -0.00383377075195312 -0.244705200195313 -0.023040771484375
-0.0258312225341797 0.0346031188964844 -0.254119873046875 -0.39666748046875
0.0301055908203125 0.0455894470214844 0.0970458984375 -0.65301513671875
0.0484046936035156 0.0284576416015625 0.67156982421875 -0.30755615234375
0.0561943054199219 0.0132217407226562 0.7626953125 0.3775634765625
0.0791778564453125 0.0822906494140625 0.27447509765625 0.521881103515625
0.03961181640625 0.134597778320313 0.0402565002441406 0.031982421875
0.0797271728515625 0.0907211303710937 -0.19873046875 -0.546844482421875
0.0870208740234375 0.00688934326171875 -0.76434326171875 -0.44207763671875
0.0551033020019531 0.00607681274414062 -0.74224853515625 0.3277587890625
-0.00238609313964844 0.0337181091308594 -0.10968017578125 0.62091064453125
-0.0484390258789063 0.0235404968261719 0.2762451171875 0.391845703125
-0.03924560546875 -0.00178146362304687 0.316253662109375 -0.008331298828125
-0.00438213348388672 -0.0162696838378906 0.145339965820313 -0.2510986328125
-0.0119838714599609 0.00133037567138672 -0.0843963623046875 0.203506469726563
-0.0180492401123047 -0.00260162353515625 -0.231399536132813 -0.072967529296875
-0.0161247253417969 0.0202846527099609 -0.188385009765625 -0.46014404296875
0.0301246643066406 0.0284461975097656 0.2171630859375 -0.6395263671875
0.0418167114257813 0.0228691101074219 0.731201171875 -0.16082763671875
0.0444602966308594 0.0249404907226562 0.68255615234375 0.52978515625
0.058807373046875 0.0952606201171875 0.19171142578125 0.5283203125
0.0309982299804688 0.130851745605469 0.0299129486083984 -0.0280818939208984
0.0764312744140625 0.0783615112304688 -0.29156494140625 -0.53802490234375
0.0757369995117188 -0.0089111328125 -0.8287353515625 -0.28851318359375
0.0461387634277344 -0.00912094116210938 -0.64678955078125 0.44671630859375
0.000228881835937501 0.0172996520996094 0.0108032226562499 0.59234619140625
-0.0377655029296875 0.0116424560546875 0.33935546875 0.311492919921875
-0.0325908660888672 -0.00290489196777343 0.327972412109375 -0.05816650390625
-0.00245952606201172 -0.0125102996826172 0.139511108398438 -0.26025390625
-0.00319671630859375 0.00765562057495117 -0.09039306640625 0.192626953125
-0.00392341613769531 -0.00354838371276855 -0.220733642578125 -0.1129150390625
-0.00283694267272949 0.00197768211364746 -0.1246337890625 -0.50238037109375
0.02947998046875 0.00993156433105469 0.32501220703125 -0.60064697265625
0.0258598327636719 0.0151882171630859 0.76104736328125 -0.011474609375
0.0184917449951172 0.0256710052490234 0.5908203125 0.6573486328125
0.0342254638671875 0.0844802856445313 0.122283935546875 0.52020263671875
0.0221939086914062 0.104232788085938 0.0240859985351563 -0.0839004516601563
0.059906005859375 0.0567626953125 -0.371734619140625 -0.520843505859375
0.047515869140625 -0.0221138000488281 -0.85711669921875 -0.14801025390625
0.0286312103271484 -0.0234375 -0.54638671875 0.534332275390625
0.000283241271972656 -0.0025632381439209 0.1097412109375 0.55572509765625
-0.0238590240478516 -0.0013275146484375 0.385345458984375 0.23358154296875
-0.0227222442626953 -0.000696182250976564 0.330322265625 -0.1014404296875
0.000626564025878906 -0.00627040863037109 0.129043579101563 -0.267120361328125
0.00822734832763672 0.0114116668701172 -0.09954833984375 0.1844482421875
0.0149221420288086 -0.00354385375976563 -0.216156005859375 -0.141799926757813
0.0123538970947266 -0.0184612274169922 -0.07635498046875 -0.525634765625
0.0261459350585938 -0.00641441345214844 0.39959716796875 -0.558502197265625
0.00293612480163574 0.000240564346313477 0.77008056640625 0.10101318359375
-0.0136089324951172 0.00831031799316406 0.5103759765625 0.73614501953125
0.0148200988769531 0.0501976013183594 0.075469970703125 0.504364013671875
0.0146751403808594 0.0570602416992188 0.0208053588867188 -0.125259399414063
0.0280551910400391 0.0288219451904297 -0.4229736328125 -0.499237060546875
0.00969886779785156 -0.0286426544189453 -0.86138916015625 -0.0520019531249999
0.0046234130859375 -0.0334968566894531 -0.4691162109375 0.5841064453125
-0.00152969360351562 -0.0210113525390625 0.169097900390625 0.522979736328125
-0.00986957550048828 -0.0156421661376953 0.4029541015625 0.181884765625
-0.00810432434082031 0.00132656097412109 0.325531005859375 -0.1309814453125
0.00504302978515625 -0.000467777252197266 0.119140625 -0.271224975585938
0.0156412124633789 0.0151166915893555 -0.106964111328125 0.181686401367188
0.0337448120117188 -0.00572776794433594 -0.219284057617188 -0.14727783203125
0.0277767181396484 -0.0339450836181641 -0.0640869140625 -0.52838134765625
0.0201511383056641 -0.0238208770751953 0.428497314453125 -0.531097412109375
-0.0259437561035156 -0.0169563293457031 0.7735595703125 0.14990234375
-0.0459938049316406 -0.0234832763671875 0.4781494140625 0.7679443359375
0.00364494323730469 -0.00438046455383301 0.060302734375 0.495025634765625
0.009368896484375 -0.00238800048828125 0.0235595703125 -0.146102905273438
-0.00934028625488281 0.000221252441406248 -0.4390869140625 -0.494293212890625
-0.0336589813232422 -0.0270500183105469 -0.85650634765625 -0.0145263671875
-0.0204620361328125 -0.0360145568847656 -0.434814453125 0.605712890625
-0.00603485107421875 -0.036163330078125 0.190338134765625 0.51458740234375
0.00469589233398437 -0.0280494689941406 0.402923583984375 0.163970947265625
0.00784826278686523 0.00142240524291992 0.317291259765625 -0.144195556640625
0.0112342834472656 0.00395965576171875 0.10894775390625 -0.273971557617187
0.0215415954589844 0.0158748626708984 -0.114410400390625 0.185165405273438
0.0486030578613281 -0.00603485107421875 -0.23516845703125 -0.1378173828125
0.0391883850097656 -0.0442123413085938 -0.08819580078125 -0.517486572265625
0.0142173767089844 -0.0361518859863281 0.409576416015625 -0.541656494140625
-0.0533103942871094 -0.0329933166503906 0.77752685546875 0.11431884765625
-0.0793304443359375 -0.05902099609375 0.509521484375 0.7392578125
-0.00622177124023438 -0.0642929077148438 0.077392578125 0.490478515625
0.00678634643554687 -0.0671615600585938 0.029510498046875 -0.1376953125
-0.0462608337402344 -0.0326194763183594 -0.42083740234375 -0.5020751953125
-0.0746688842773438 -0.0253677368164062 -0.85040283203125 -0.0395507812500001
-0.0450286865234375 -0.0332145690917969 -0.45281982421875 0.5977783203125
-0.01116943359375 -0.0452919006347656 0.170745849609375 0.54022216796875
0.015899658203125 -0.0404205322265625 0.3890380859375 0.18707275390625
0.0217189788818359 2.6702880859375E-05 0.311431884765625 -0.135986328125
0.0161590576171875 0.00633525848388672 0.10638427734375 -0.2752685546875
0.0240154266357422 0.0140895843505859 -0.12078857421875 0.195953369140625
0.0585594177246094 -0.00487136840820313 -0.2589111328125 -0.10888671875
0.0459556579589844 -0.0485649108886719 -0.144927978515625 -0.48809814453125
0.00832366943359375 -0.04071044921875 0.3380126953125 -0.57220458984375
-0.0752792358398438 -0.0390777587890625 0.77734375 0.01007080078125
-0.114128112792969 -0.0823745727539062 0.58856201171875 0.66070556640625
-0.0224761962890625 -0.112754821777344 0.1278076171875 0.495941162109375
0.0086822509765625 -0.124351501464844 0.0392990112304687 -0.106292724609375
-0.0707015991210938 -0.0684280395507813 -0.36590576171875 -0.523712158203125
-0.107559204101562 -0.0299530029296875 -0.833740234375 -0.1285400390625
-0.0664901733398437 -0.02862548828125 -0.51641845703125 0.558441162109375
-0.0173377990722656 -0.0463104248046875 0.11309814453125 0.58563232421875
0.0228118896484375 -0.0470504760742188 0.361724853515625 0.24639892578125
0.0317478179931641 -0.00279998779296875 0.30517578125 -0.108978271484375
0.0199298858642578 0.0049591064453125 0.108474731445313 -0.273406982421875
-0.0168437957763672 -0.0107879638671875 -0.07440185546875 0.223159790039063
-0.0292396545410156 -0.00647544860839844 -0.255996704101563 0.0240325927734375
-0.028778076171875 0.0414695739746094 -0.30963134765625 -0.31805419921875
0.0284805297851562 0.0558891296386719 -0.02117919921875 -0.631591796875
0.0450706481933594 0.0345878601074219 0.58660888671875 -0.42498779296875
0.0498466491699219 0.000926971435546875 0.808349609375 0.21514892578125
0.085784912109375 0.0539321899414063 0.355682373046875 0.49163818359375
0.0473098754882813 0.11492919921875 0.0507049560546875 0.0869903564453125
0.0716476440429688 0.0846328735351563 -0.112579345703125 -0.5389404296875
0.082061767578125 0.0146636962890625 -0.67315673828125 -0.573486328125
0.0523681640625 0.0147819519042969 -0.80389404296875 0.18902587890625
-0.006988525390625 0.0445899963378906 -0.22784423828125 0.621826171875
-0.0543174743652344 0.0339508056640625 0.201080322265625 0.458099365234375
-0.0402946472167969 0.00125122070312501 0.293487548828125 0.0369873046875
-0.00479698181152344 -0.0183010101318359 0.14447021484375 -0.242080688476563
-0.015355110168457 -0.00512218475341797 -0.076446533203125 0.213058471679687
-0.0271129608154297 -0.00344657897949218 -0.243576049804688 -0.0213470458984375
-0.0246963500976563 0.0352630615234375 -0.2564697265625 -0.391357421875
0.0300636291503906 0.0436782836914063 0.0892333984375 -0.64703369140625
0.047882080078125 0.0281791687011719 0.6624755859375 -0.31170654296875
0.0558509826660156 0.0128021240234375 0.76092529296875 0.36688232421875
0.0791168212890625 0.079833984375 0.276763916015625 0.5135498046875
0.0405044555664063 0.132904052734375 0.0386848449707031 0.0321922302246094
0.08001708984375 0.0887298583984375 -0.201446533203125 -0.542327880859375
0.0859451293945313 0.00585174560546875 -0.7633056640625 -0.43231201171875
0.0543785095214844 0.0048828125 -0.73590087890625 0.331787109375
-0.00200271606445313 0.0333156585693359 -0.1048583984375 0.61749267578125
-0.04803466796875 0.0244979858398438 0.276275634765625 0.387420654296875
-0.0390586853027344 -0.0015716552734375 0.31317138671875 -0.010711669921875
-0.00437450408935547 -0.0165824890136719 0.142913818359375 -0.25054931640625
-0.00993156433105469 0.00130271911621094 -0.08209228515625 0.202133178710938
-0.0174808502197266 -0.00245094299316406 -0.231216430664062 -0.0703887939453125
-0.0162277221679688 0.0206623077392578 -0.190460205078125 -0.455230712890625
0.0303401947021484 0.0279083251953125 0.210205078125 -0.6346435546875
0.0416374206542969 0.0218391418457031 0.72332763671875 -0.16375732421875
0.0433883666992188 0.0242156982421875 0.68115234375 0.5179443359375
0.0590744018554688 0.0930328369140625 0.1939697265625 0.52166748046875
0.0314788818359375 0.129890441894531 0.0292911529541016 -0.0275363922119141
0.0770950317382813 0.0770111083984375 -0.292022705078125 -0.531341552734375
0.0744781494140625 -0.0089874267578125 -0.8245849609375 -0.2791748046875
0.0459442138671875 -0.0100593566894531 -0.638427734375 0.45037841796875
0.000415802001953126 0.0167388916015625 0.01531982421875 0.5904541015625
-0.0381355285644531 0.0124702453613281 0.341827392578125 0.3062744140625
-0.0323314666748047 -0.00267791748046876 0.325103759765625 -0.060791015625
-0.00197410583496094 -0.0124025344848633 0.1358642578125 -0.259765625
-0.00170230865478516 0.00595521926879883 -0.0884246826171875 0.191604614257812
-0.00313758850097656 -0.00329470634460449 -0.220245361328125 -0.110137939453125
-0.0027153491973877 0.00231337547302246 -0.127899169921875 -0.498291015625
0.0293655395507813 0.00946807861328125 0.31793212890625 -0.595947265625
0.0256824493408203 0.0153369903564453 0.755126953125 -0.01641845703125
0.0189609527587891 0.0261611938476563 0.59161376953125 0.64697265625
0.0349044799804688 0.0836410522460938 0.124969482421875 0.51580810546875
0.0232925415039063 0.102996826171875 0.0224609375 -0.0829849243164063
0.0602836608886719 0.0556716918945312 -0.373046875 -0.5123291015625
0.0476417541503906 -0.0219917297363281 -0.853515625 -0.1405029296875
0.0276641845703125 -0.0245552062988281 -0.53826904296875 0.535491943359375
0.000104069709777832 -0.00175321102142334 0.1124267578125 0.550933837890625
-0.0239620208740234 -0.000938415527343746 0.383636474609375 0.230133056640625
-0.0219898223876953 -0.00113868713378906 0.325958251953125 -0.104736328125
0.000399112701416015 -0.00710439682006836 0.125503540039063 -0.266616821289063
0.00960254669189453 0.0103645324707031 -0.097503662109375 0.183563232421875
0.0160036087036133 -0.00350475311279297 -0.217315673828125 -0.138031005859375
0.0117816925048828 -0.0168342590332031 -0.079833984375 -0.521392822265625
0.0251636505126953 -0.00763130187988281 0.392791748046875 -0.555450439453125
0.00187873840332031 0.00161075592041016 0.76312255859375 0.09515380859375
-0.0139427185058594 0.00915336608886719 0.5125732421875 0.725341796875
0.0149688720703125 0.0496406555175781 0.076812744140625 0.499267578125
0.0151901245117188 0.0561256408691406 0.0198211669921875 -0.123908996582031
0.028076171875 0.0280380249023438 -0.423614501953125 -0.492279052734375
0.00773239135742187 -0.0284786224365234 -0.857421875 -0.04449462890625
0.00433921813964843 -0.0326251983642578 -0.46136474609375 0.58349609375
-0.00126457214355469 -0.0205230712890625 0.173004150390625 0.517852783203125
-0.00975322723388672 -0.0152072906494141 0.401092529296875 0.17755126953125
-0.00720024108886719 0.000926017761230469 0.321380615234375 -0.13330078125
0.00492334365844727 -0.00111198425292969 0.1153564453125 -0.270523071289063
0.0179347991943359 0.0135307312011719 -0.104736328125 0.181320190429688
0.0336322784423828 -0.00623321533203125 -0.220367431640625 -0.143936157226562
0.0271987915039063 -0.0330238342285156 -0.0686950683593751 -0.5234375
0.0194206237792969 -0.0254669189453125 0.42095947265625 -0.53045654296875
-0.0266838073730469 -0.0164203643798828 0.768310546875 0.1422119140625
-0.0458946228027344 -0.0223731994628906 0.481201171875 0.757568359375
0.00316476821899414 -0.00516843795776367 0.0626525878906251 0.490142822265625
0.00956249237060547 -0.00279617309570313 0.0217132568359375 -0.14453125
-0.00828409194946289 0.000349998474121094 -0.4405517578125 -0.486175537109375
-0.0336055755615234 -0.0254440307617187 -0.85009765625 -0.00646972656250011
-0.0212249755859375 -0.0356330871582031 -0.42755126953125 0.602783203125
-0.00681304931640625 -0.0362014770507813 0.19195556640625 0.51104736328125
0.00434684753417969 -0.0281696319580078 0.4017333984375 0.15771484375
0.0079803466796875 0.00132894515991211 0.3140869140625 -0.145660400390625
0.0114917755126953 0.00434207916259766 0.106155395507812 -0.272811889648438
0.0224380493164063 0.01495361328125 -0.11279296875 0.185195922851563
0.0491790771484375 -0.00656890869140625 -0.235137939453125 -0.134078979492187
0.0389328002929688 -0.0446434020996094 -0.09197998046875 -0.5135498046875
0.0135078430175781 -0.0364570617675781 0.4012451171875 -0.540496826171875
-0.0528182983398437 -0.0327415466308594 0.77093505859375 0.1083984375
-0.079254150390625 -0.057647705078125 0.51116943359375 0.72943115234375
-0.00737380981445313 -0.0635490417480469 0.08026123046875 0.48565673828125
0.00747680664062501 -0.0665855407714844 0.0282669067382812 -0.136131286621094
-0.0467033386230469 -0.0323524475097656 -0.42095947265625 -0.494293212890625
-0.074066162109375 -0.0239791870117188 -0.8436279296875 -0.0335693359375
-0.0451431274414062 -0.0327835083007813 -0.44488525390625 0.59918212890625
-0.0116348266601562 -0.0444068908691406 0.173858642578125 0.53448486328125
0.0150604248046875 -0.0397720336914062 0.387847900390625 0.1827392578125
0.0219020843505859 -0.000631332397460937 0.306732177734375 -0.138214111328125
0.0165233612060547 0.00589275360107422 0.103271484375 -0.273727416992188
0.0249919891357422 0.0128517150878906 -0.117660522460937 0.19451904296875
0.058502197265625 -0.00588607788085937 -0.258056640625 -0.104583740234375
0.0441856384277344 -0.0484352111816406 -0.14739990234375 -0.484222412109375
0.00740432739257812 -0.0410690307617187 0.33172607421875 -0.56951904296875
-0.0760955810546875 -0.038055419921875 0.77001953125 0.00640869140625
-0.113143920898438 -0.0796737670898437 0.58929443359375 0.65057373046875
-0.0230026245117188 -0.113143920898438 0.12890625 0.489776611328125
0.00760650634765625 -0.123748779296875 0.0377349853515625 -0.104225158691406
-0.0707015991210938 -0.0671844482421875 -0.367462158203125 -0.51617431640625
-0.106895446777344 -0.0279693603515625 -0.829345703125 -0.119384765625
-0.0663375854492188 -0.0275535583496094 -0.507476806640625 0.560302734375
-0.0173568725585938 -0.0460128784179688 0.1163330078125 0.57977294921875
0.0223007202148437 -0.04705810546875 0.361175537109375 0.24176025390625
0.0321063995361328 -0.00289726257324219 0.3018798828125 -0.111572265625
0.0205326080322266 0.00454902648925781 0.105270385742187 -0.27276611328125
-0.0152063369750977 -0.0109109878540039 -0.07208251953125 0.220382690429688
-0.0289554595947266 -0.00616645812988282 -0.255035400390625 0.0250701904296875
-0.0285186767578125 0.0422630310058594 -0.309722900390625 -0.3135986328125
0.0290336608886719 0.054840087890625 -0.0250854492187499 -0.6248779296875
0.0447273254394531 0.0335922241210938 0.5777587890625 -0.42529296875
0.0496292114257813 0.00152587890625 0.8043212890625 0.207763671875
0.085479736328125 0.0525665283203125 0.35675048828125 0.484771728515625
0.0477676391601563 0.113204956054688 0.0506439208984375 0.0853500366210938
0.07275390625 0.083648681640625 -0.113800048828125 -0.5330810546875
0.0808258056640625 0.0142898559570313 -0.671630859375 -0.56475830078125
0.0518531799316406 0.0141525268554688 -0.7967529296875 0.19256591796875
-0.00619125366210938 0.0443038940429688 -0.2218017578125 0.62054443359375
-0.0534744262695312 0.0346717834472656 0.202117919921875 0.454132080078125
-0.0403976440429688 0.00171661376953125 0.291229248046875 0.035125732421875
-0.00505828857421875 -0.0183162689208984 0.142166137695313 -0.2412109375
-0.0139827728271484 -0.00508785247802734 -0.0749664306640625 0.210601806640625
-0.0266933441162109 -0.00304031372070312 -0.24261474609375 -0.0205230712890625
-0.0248947143554688 0.0349273681640625 -0.255584716796875 -0.38714599609375
0.0304527282714844 0.042724609375 0.08544921875 -0.64080810546875
0.0475540161132813 0.0272026062011719 0.65478515625 -0.3118896484375
0.0548095703125 0.0130271911621094 0.7572021484375 0.3590087890625
0.0792312622070313 0.079010009765625 0.275970458984375 0.50714111328125
0.0406646728515625 0.131599426269531 0.0384368896484375 0.0321769714355469
0.0801925659179688 0.0872116088867188 -0.203125 -0.535369873046875
0.0852127075195313 0.00616455078125 -0.76055908203125 -0.4229736328125
0.0536155700683594 0.0042572021484375 -0.72698974609375 0.33392333984375
-0.00191688537597656 0.0331802368164063 -0.10064697265625 0.61358642578125
-0.0474586486816406 0.0251502990722656 0.276702880859375 0.382965087890625
-0.0387115478515625 -0.000320434570312501 0.31121826171875 -0.01287841796875
-0.00404071807861328 -0.0162696838378906 0.139846801757813 -0.249435424804688
-0.00825214385986328 0.000587463378906251 -0.07989501953125 0.199935913085938
-0.0172977447509766 -0.00185394287109375 -0.23065185546875 -0.0675048828125
-0.0159149169921875 0.0213356018066406 -0.191497802734375 -0.449462890625
0.0299224853515625 0.0267925262451172 0.20526123046875 -0.6302490234375
0.0408668518066406 0.0221824645996094 0.71551513671875 -0.16693115234375
0.0433731079101563 0.0245628356933594 0.68133544921875 0.51177978515625
0.0594253540039063 0.0918121337890625 0.194976806640625 0.515167236328125
0.0323028564453125 0.12811279296875 0.0284500122070313 -0.0275115966796875
0.076751708984375 0.0756378173828125 -0.293670654296875 -0.525054931640625
0.0734329223632813 -0.0086517333984375 -0.82049560546875 -0.271728515625
0.0450210571289062 -0.0103797912597656 -0.630859375 0.45062255859375
0.000302314758300781 0.0169620513916016 0.01971435546875 0.58563232421875
-0.0371894836425781 0.0122909545898438 0.339385986328125 0.302520751953125
-0.0318412780761719 -0.00173187255859375 0.32177734375 -0.062469482421875
-0.002593994140625 -0.0127630233764648 0.133438110351563 -0.258468627929688
-0.000165462493896485 0.00573158264160156 -0.08660888671875 0.189529418945313
-0.00223231315612793 -0.00275135040283203 -0.220626831054688 -0.1072998046875
-0.00280618667602539 0.00253105163574219 -0.130645751953125 -0.493743896484375
0.0282974243164063 0.00875473022460938 0.31170654296875 -0.5936279296875
0.0251293182373047 0.0146217346191406 0.7476806640625 -0.02117919921875
0.0184326171875 0.0260009765625 0.59063720703125 0.63787841796875
0.035186767578125 0.0818099975585937 0.1263427734375 0.509063720703125
0.0239410400390625 0.101791381835938 0.0210418701171875 -0.0819473266601563
0.0598258972167969 0.0549392700195313 -0.373565673828125 -0.50482177734375
0.0462913513183594 -0.0219879150390625 -0.84906005859375 -0.1336669921875
0.0270881652832031 -0.0238761901855469 -0.530731201171875 0.534820556640625
-5.12599945068376E-06 -0.0017859935760498 0.115753173828125 0.547332763671875
-0.0235671997070313 -0.00053977966308594 0.381378173828125 0.225128173828125
-0.02142333984375 -0.000722885131835936 0.322540283203125 -0.106109619140625
0.000927448272705078 -0.00693035125732422 0.122283935546875 -0.264358520507813
0.0109405517578125 0.00932121276855469 -0.0952301025390625 0.182998657226562
0.0156707763671875 -0.00394630432128906 -0.218643188476563 -0.135040283203125
0.0122108459472656 -0.0179672241210938 -0.082855224609375 -0.515411376953125
0.0251445770263672 -0.00832176208496094 0.3856201171875 -0.553070068359375
0.00225043296813965 0.00131797790527344 0.7578125 0.090087890625
-0.0143547058105469 0.00927543640136719 0.51409912109375 0.716796875
0.0153694152832031 0.0482025146484375 0.07965087890625 0.494049072265625
0.0158042907714844 0.0550117492675781 0.0186080932617187 -0.123291015625
0.02862548828125 0.0275535583496094 -0.422698974609375 -0.4849853515625
0.00783348083496094 -0.0276565551757813 -0.8504638671875 -0.0387573242187501
0.00448226928710938 -0.0328845977783203 -0.45361328125 0.58087158203125
-0.00262069702148438 -0.0194492340087891 0.174407958984375 0.514434814453125
-0.009918212890625 -0.0150108337402344 0.3990478515625 0.1737060546875
-0.00699996948242188 0.000263214111328125 0.318145751953125 -0.13458251953125
0.005218505859375 -0.000454902648925781 0.113418579101563 -0.268280029296875
0.0187053680419922 0.0132675170898438 -0.103195190429687 0.180145263671875
0.0342025756835938 -0.00596809387207031 -0.219650268554688 -0.1407470703125
0.0261917114257813 -0.0325508117675781 -0.071014404296875 -0.518310546875
0.0184192657470703 -0.0254421234130859 0.41387939453125 -0.527435302734375
-0.0267181396484375 -0.0158252716064453 0.76336669921875 0.136474609375
-0.0456047058105469 -0.021209716796875 0.4837646484375 0.748291015625
0.00351285934448242 -0.00452518463134766 0.06640625 0.48590087890625
0.00983905792236328 -0.003326416015625 0.0200653076171875 -0.142593383789063
-0.00809764862060547 0.000466346740722657 -0.440155029296875 -0.479095458984375
-0.0340328216552734 -0.0253944396972656 -0.84320068359375 0.00122070312499986
-0.0216941833496094 -0.0351600646972656 -0.41888427734375 0.60235595703125
-0.00683212280273438 -0.0357894897460938 0.19342041015625 0.505767822265625
0.00369644165039063 -0.0271186828613281 0.39862060546875 0.15411376953125
0.00781917572021484 0.00129079818725586 0.3099365234375 -0.147247314453125
0.0116109848022461 0.00376605987548828 0.103713989257813 -0.271835327148438
0.0241794586181641 0.0135574340820313 -0.110931396484375 0.185028076171875
0.0493659973144531 -0.00675582885742188 -0.234634399414063 -0.130142211914063
0.037994384765625 -0.0441970825195313 -0.09381103515625 -0.508087158203125
0.0127677917480469 -0.0367240905761719 0.393768310546875 -0.538482666015625
-0.0535087585449219 -0.0314750671386719 0.766845703125 0.10284423828125
-0.0786285400390625 -0.056488037109375 0.51165771484375 0.7203369140625
-0.00748825073242187 -0.0631484985351563 0.082550048828125 0.480194091796875
0.00702285766601563 -0.0666847229003906 0.0261917114257813 -0.134368896484375
-0.0454483032226563 -0.0321121215820313 -0.42047119140625 -0.4873046875
-0.0744171142578125 -0.02325439453125 -0.83807373046875 -0.0266113281249999
-0.0456352233886719 -0.0319900512695312 -0.43634033203125 0.59625244140625
-0.0125389099121094 -0.0442657470703125 0.174652099609375 0.529876708984375
0.01409912109375 -0.0397682189941406 0.385467529296875 0.177734375
0.0210762023925781 -0.000131607055664062 0.304168701171875 -0.13995361328125
0.0164384841918945 0.00449275970458984 0.100128173828125 -0.27301025390625
0.0254478454589844 0.0110321044921875 -0.115798950195312 0.1934814453125
0.0585899353027344 -0.007232666015625 -0.257034301757813 -0.101715087890625
0.0441665649414063 -0.0483551025390625 -0.150115966796875 -0.479400634765625
0.00664520263671875 -0.041107177734375 0.32513427734375 -0.56683349609375
-0.075836181640625 -0.037445068359375 0.76397705078125 0.000427246093749998
-0.113174438476563 -0.07806396484375 0.590576171875 0.6422119140625
-0.0232009887695313 -0.112113952636719 0.130950927734375 0.483612060546875
0.00671386718749999 -0.12286376953125 0.03643798828125 -0.10333251953125
-0.0699920654296875 -0.0664138793945312 -0.36712646484375 -0.508056640625
-0.10601806640625 -0.0271759033203125 -0.8233642578125 -0.11376953125
-0.0679397583007812 -0.0270957946777344 -0.49945068359375 0.558685302734375
-0.0180854797363281 -0.0451393127441406 0.11895751953125 0.5748291015625
0.0210342407226563 -0.0463790893554688 0.3594970703125 0.237060546875
0.0315341949462891 -0.00341224670410156 0.298736572265625 -0.11376953125
0.0201015472412109 0.003997802734375 0.101394653320312 -0.272186279296875
-0.0142736434936523 -0.0110397338867188 -0.07025146484375 0.218353271484375
-0.0286216735839844 -0.00547599792480469 -0.253341674804687 0.02667236328125
-0.0286445617675781 0.0423774719238281 -0.308868408203125 -0.308837890625
0.0294113159179688 0.0538787841796875 -0.0269775390625 -0.6195068359375
0.0443038940429688 0.0335845947265625 0.5714111328125 -0.42547607421875
0.0492286682128906 0.001220703125 0.7994384765625 0.2027587890625
0.08551025390625 0.05108642578125 0.354736328125 0.47906494140625
0.0476150512695312 0.111854553222656 0.0509567260742188 0.0857162475585938
0.072509765625 0.08203125 -0.1158447265625 -0.526763916015625
0.0802459716796875 0.0139846801757813 -0.66864013671875 -0.5562744140625
0.0514678955078125 0.0132980346679687 -0.7889404296875 0.19598388671875
-0.0058746337890625 0.0440216064453125 -0.218994140625 0.61602783203125
-0.0528221130371094 0.0350723266601563 0.2020263671875 0.4498291015625
-0.0399284362792969 0.00246810913085938 0.288970947265625 0.0335693359375
-0.00527572631835937 -0.0181045532226563 0.139892578125 -0.240127563476563
-0.0123767852783203 -0.00583171844482422 -0.0726776123046875 0.209197998046875
-0.0257644653320313 -0.00232315063476562 -0.241943359375 -0.0185546875
-0.0245933532714844 0.0359611511230469 -0.25604248046875 -0.382293701171875
0.0307121276855469 0.0423316955566406 0.08148193359375 -0.63720703125
0.0471458435058594 0.0271873474121094 0.64788818359375 -0.31317138671875
0.0540847778320312 0.0129051208496094 0.752685546875 0.35137939453125
0.078643798828125 0.0769119262695313 0.276641845703125 0.501617431640625
0.04119873046875 0.129402160644531 0.0375556945800781 0.0317153930664063
0.0802078247070313 0.0854949951171875 -0.204559326171875 -0.52935791015625
0.0848007202148437 0.00495147705078125 -0.75689697265625 -0.41632080078125
0.0537452697753906 0.00304031372070313 -0.7197265625 0.33306884765625
-0.00203895568847656 0.0328273773193359 -0.09674072265625 0.61126708984375
-0.0471153259277344 0.0252571105957031 0.2767333984375 0.379119873046875
-0.0377273559570312 -0.00138092041015626 0.30877685546875 -0.01507568359375
-0.00470256805419922 -0.016688346862793 0.137115478515625 -0.248382568359375
-0.00732755661010742 -0.000255107879638672 -0.0785064697265625 0.198272705078125
-0.0161809921264648 -0.00117874145507812 -0.230545043945313 -0.0661773681640624
-0.0154705047607422 0.0212745666503906 -0.1922607421875 -0.4449462890625
0.0300426483154297 0.0257663726806641 0.199951171875 -0.62640380859375
0.0404701232910156 0.021240234375 0.70965576171875 -0.1683349609375
0.0433616638183594 0.0248260498046875 0.67706298828125 0.5030517578125
0.0592422485351562 0.0901107788085937 0.1953125 0.510528564453125
0.0329742431640625 0.12652587890625 0.0274257659912109 -0.0269336700439453
0.0765304565429688 0.0748367309570313 -0.294189453125 -0.519866943359375
0.07269287109375 -0.009185791015625 -0.8160400390625 -0.264892578125
0.0448074340820313 -0.0101470947265625 -0.6239013671875 0.45196533203125
0.000238418579101563 0.0170354843139648 0.02276611328125 0.58306884765625
-0.0366401672363281 0.0125885009765625 0.33837890625 0.2982177734375
-0.0320110321044922 -0.00164985656738281 0.318389892578125 -0.063446044921875
-0.00280475616455078 -0.0123414993286133 0.131103515625 -0.25732421875
0.00103950500488281 0.00543117523193359 -0.0852813720703125 0.188629150390625
-0.00147199630737305 -0.00255370140075684 -0.220016479492187 -0.104766845703125
-0.0032191276550293 0.00330352783203125 -0.130859375 -0.488555908203125
0.0276298522949219 0.00796318054199219 0.30670166015625 -0.59039306640625
0.0243396759033203 0.0147342681884766 0.7421875 -0.0238037109375
0.0174636840820313 0.0260715484619141 0.58929443359375 0.6298828125
0.0351181030273438 0.0812149047851563 0.127685546875 0.504669189453125
0.0242843627929687 0.100723266601563 0.020477294921875 -0.08087158203125
0.0594711303710937 0.0534591674804688 -0.37127685546875 -0.498565673828125
0.0454216003417969 -0.0216522216796875 -0.84332275390625 -0.12786865234375
0.0265712738037109 -0.0239391326904297 -0.5245361328125 0.533905029296875
-0.000113725662231445 -0.00198554992675781 0.116943359375 0.54144287109375
-0.0232944488525391 0.000394821166992182 0.3795166015625 0.2216796875
-0.0213584899902344 -0.000337600708007808 0.320343017578125 -0.10675048828125
0.0011601448059082 -0.00709056854248047 0.120285034179687 -0.263153076171875
0.0125837326049805 0.00827121734619141 -0.0933380126953125 0.180816650390625
0.0167102813720703 -0.00391292572021484 -0.217880249023437 -0.132400512695313
0.0104274749755859 -0.0168304443359375 -0.085540771484375 -0.511322021484375
0.0243072509765625 -0.00787353515625 0.381622314453125 -0.549224853515625
0.00115692615509033 0.000862956047058105 0.75079345703125 0.08721923828125
-0.0135860443115234 0.00987815856933593 0.51348876953125 0.70880126953125
0.0158958435058594 0.0474281311035156 0.080902099609375 0.489013671875
0.0158538818359375 0.0533599853515625 0.0170669555664062 -0.12139892578125
0.0281085968017578 0.0276355743408203 -0.422637939453125 -0.47991943359375
0.00775909423828125 -0.0274085998535156 -0.8446044921875 -0.0354614257812499
0.00319290161132813 -0.0327987670898438 -0.44775390625 0.5811767578125
-0.00342941284179687 -0.0198612213134766 0.17578125 0.509918212890625
-0.0106010437011719 -0.0139808654785156 0.396392822265625 0.171234130859375
-0.0068817138671875 0.00034809112548828 0.31488037109375 -0.1358642578125
0.00520133972167969 -0.00138187408447266 0.110458374023437 -0.267410278320312
0.0198249816894531 0.0116539001464844 -0.101516723632812 0.1783447265625
0.0342330932617187 -0.00638961791992187 -0.219833374023438 -0.137725830078125
0.0254344940185547 -0.0324001312255859 -0.073333740234375 -0.515045166015625
0.0180759429931641 -0.0249423980712891 0.408477783203125 -0.526153564453125
-0.0270652770996094 -0.0158710479736328 0.7576904296875 0.13446044921875
-0.0447196960449219 -0.0200386047363281 0.4842529296875 0.73980712890625
0.00290298461914063 -0.00502824783325195 0.06671142578125 0.479766845703125
0.0101385116577148 -0.00385951995849609 0.018585205078125 -0.141433715820313
-0.00800609588623047 -0.000217437744140624 -0.43798828125 -0.472808837890625
-0.0344448089599609 -0.0241794586181641 -0.83734130859375 0.00347900390625013
-0.0220203399658203 -0.0346012115478516 -0.41400146484375 0.6011962890625
-0.00763702392578125 -0.0348663330078125 0.19500732421875 0.502227783203125
0.00362014770507813 -0.0269889831542969 0.39739990234375 0.15167236328125
0.00757646560668945 0.00113201141357422 0.307037353515625 -0.148681640625
0.0116443634033203 0.00340938568115234 0.100845336914062 -0.269332885742188
0.0245800018310547 0.0111637115478516 -0.1085205078125 0.183441162109375
0.0494194030761719 -0.00745773315429688 -0.235366821289063 -0.127197265625
0.0368309020996094 -0.043060302734375 -0.0961608886718749 -0.5048828125
0.0115432739257813 -0.0361366271972656 0.389892578125 -0.53558349609375
-0.0535888671875 -0.0313491821289062 0.76177978515625 0.1002197265625
-0.078155517578125 -0.0546417236328125 0.51123046875 0.71136474609375
-0.00722885131835937 -0.0624580383300781 0.0831604003906249 0.475250244140625
0.0067596435546875 -0.066864013671875 0.0254592895507812 -0.133918762207031
-0.0452346801757812 -0.0314102172851563 -0.419036865234375 -0.480438232421875
-0.0741043090820312 -0.0212783813476562 -0.829833984375 -0.0219726562500001
-0.0458221435546875 -0.0311927795410156 -0.43145751953125 0.5946044921875
-0.0130081176757813 -0.043487548828125 0.176971435546875 0.5250244140625
0.0138359069824219 -0.0385971069335938 0.3834228515625 0.17449951171875
0.0216236114501953 -0.0008392333984375 0.300262451171875 -0.1407470703125
0.016453742980957 0.00500392913818359 0.0977020263671875 -0.271255493164063
0.0266094207763672 0.00934219360351563 -0.113800048828125 0.192840576171875
0.0589981079101562 -0.00718307495117188 -0.25689697265625 -0.0978851318359375
0.0438385009765625 -0.047821044921875 -0.151397705078125 -0.474395751953125
0.00552749633789062 -0.0407676696777344 0.31982421875 -0.56280517578125
-0.0759429931640625 -0.0367507934570313 0.7584228515625 -0.00189208984375
-0.111839294433594 -0.0763397216796875 0.58953857421875 0.6339111328125
-0.0231781005859375 -0.11126708984375 0.1318359375 0.478668212890625
0.00743103027343751 -0.122634887695313 0.0353622436523438 -0.102165222167969
-0.0699424743652344 -0.0655441284179688 -0.366607666015625 -0.501373291015625
-0.106071472167969 -0.0256805419921875 -0.81634521484375 -0.1090087890625
-0.0668411254882813 -0.0251083374023438 -0.49468994140625 0.55767822265625
-0.0185203552246094 -0.0453987121582031 0.12103271484375 0.5716552734375
0.0212516784667969 -0.0464096069335938 0.358245849609375 0.234100341796875
0.0315437316894531 -0.00317573547363281 0.295440673828125 -0.114166259765625
0.0202255249023438 0.00408935546875 0.099212646484375 -0.270248413085938
-0.0132474899291992 -0.0116205215454102 -0.069488525390625 0.215927124023437
-0.0275039672851562 -0.00483131408691407 -0.252273559570313 0.0270538330078125
-0.0276870727539062 0.0425300598144531 -0.30810546875 -0.306304931640625
0.0293998718261719 0.0527229309082031 -0.0283203125000001 -0.614013671875
0.0442733764648438 0.0334014892578125 0.56524658203125 -0.4241943359375
0.0482025146484375 0.00179290771484375 0.794189453125 0.19775390625
0.0847854614257813 0.0494384765625 0.352874755859375 0.473876953125
0.0475540161132813 0.110519409179688 0.0497589111328125 0.0858154296875
0.0718460083007813 0.0805435180664063 -0.1181640625 -0.523529052734375
0.0794601440429688 0.0136642456054688 -0.666259765625 -0.5487060546875
0.0511322021484375 0.0127067565917969 -0.7852783203125 0.1983642578125
-0.00547027587890625 0.0439682006835938 -0.21624755859375 0.6142578125
-0.0529289245605469 0.0355453491210938 0.20263671875 0.44635009765625
-0.0389328002929688 0.00217437744140626 0.28680419921875 0.031585693359375
-0.00477218627929687 -0.0186843872070313 0.138336181640625 -0.238632202148438
-0.0112752914428711 -0.00630474090576172 -0.0720977783203125 0.20703125
-0.0250034332275391 -0.00179481506347656 -0.240814208984375 -0.0181732177734375
-0.0241584777832031 0.0363349914550781 -0.255279541015625 -0.37811279296875
0.0306510925292969 0.0414199829101563 0.080810546875 -0.63250732421875
0.0471992492675781 0.026397705078125 0.6422119140625 -0.3118896484375
0.0533676147460938 0.0134811401367188 0.7496337890625 0.3466796875
0.0786819458007813 0.0757064819335938 0.275177001953125 0.49591064453125
0.0415725708007813 0.128372192382813 0.0375785827636719 0.0325584411621094
0.0801467895507813 0.08502197265625 -0.206787109375 -0.525146484375
0.0833511352539063 0.00506591796875 -0.75408935546875 -0.4093017578125
0.0531005859375 0.00325775146484375 -0.71307373046875 0.33477783203125
-0.00133895874023438 0.0327968597412109 -0.0928955078125 0.6070556640625
-0.0466270446777344 0.0253410339355469 0.2760009765625 0.375396728515625
-0.0377578735351562 -0.000602722167968743 0.306243896484375 -0.01605224609375
-0.00389671325683594 -0.0166969299316406 0.135589599609375 -0.24688720703125
-0.00598812103271484 -0.00102806091308594 -0.077301025390625 0.197509765625
-0.0159873962402344 -0.000678062438964843 -0.229721069335937 -0.0652618408203125
-0.0155296325683594 0.0217723846435547 -0.193511962890625 -0.440704345703125
0.0296993255615234 0.0257797241210937 0.19610595703125 -0.6214599609375
0.0405502319335938 0.0214500427246094 0.70379638671875 -0.16943359375
0.0423355102539063 0.0244178771972656 0.672607421875 0.495849609375
0.0590667724609375 0.0887908935546875 0.1953125 0.505950927734375
0.0329818725585937 0.124656677246094 0.0271549224853516 -0.0251407623291016
0.0767745971679688 0.0739593505859375 -0.294097900390625 -0.51409912109375
0.0715408325195312 -0.00910186767578125 -0.81146240234375 -0.260498046875
0.0449295043945313 -0.010406494140625 -0.61834716796875 0.45037841796875
-3.81469726562371E-06 0.016819953918457 0.0225830078125 0.57952880859375
-0.0368309020996094 0.0136184692382813 0.338043212890625 0.295928955078125
-0.0318279266357422 -0.00223731994628907 0.316314697265625 -0.064422607421875
-0.00249290466308594 -0.0126409530639648 0.129486083984375 -0.255599975585938
0.0021522045135498 0.00412082672119141 -0.0840606689453125 0.187576293945312
-0.00155317783355713 -0.00182807445526123 -0.220260620117188 -0.10284423828125
-0.00363540649414062 0.00337648391723633 -0.13201904296875 -0.4849853515625
0.0281314849853516 0.00794410705566406 0.3013916015625 -0.58642578125
0.0243663787841797 0.0135440826416016 0.735107421875 -0.024658203125
0.0181007385253906 0.0255546569824219 0.5880126953125 0.6219482421875
0.0351638793945313 0.0809402465820313 0.12847900390625 0.498382568359375
0.0241012573242188 0.0996932983398438 0.0192718505859375 -0.0796585083007813
0.0594520568847656 0.0529823303222656 -0.37127685546875 -0.494659423828125
0.0443954467773437 -0.0217475891113281 -0.8367919921875 -0.1241455078125
0.0263786315917969 -0.0243301391601563 -0.518157958984375 0.53125
-0.000267267227172852 -0.00143897533416748 0.117889404296875 0.53961181640625
-0.0237064361572266 2.09808349609426E-05 0.377777099609375 0.219696044921875
-0.0209770202636719 -0.000444412231445313 0.317413330078125 -0.10791015625
0.000768184661865234 -0.00714683532714844 0.118148803710938 -0.262451171875
0.0138921737670898 0.00644683837890625 -0.0921783447265625 0.181320190429688
0.0171623229980469 -0.00367259979248047 -0.217742919921875 -0.130142211914063
0.0110483169555664 -0.0165472030639648 -0.0860900878906251 -0.50885009765625
0.0236282348632813 -0.00870704650878906 0.376739501953125 -0.5467529296875
0.000893235206604004 0.00162625312805176 0.7464599609375 0.08355712890625
-0.0125007629394531 0.0103635787963867 0.51220703125 0.69976806640625
0.0160293579101563 0.0468902587890625 0.083099365234375 0.4840087890625
0.015594482421875 0.053314208984375 0.0162200927734375 -0.119842529296875
0.0273361206054687 0.0266532897949219 -0.42095947265625 -0.474029541015625
0.00793647766113281 -0.0263576507568359 -0.8399658203125 -0.0311889648437502
0.00250816345214843 -0.0329303741455078 -0.4439697265625 0.57867431640625
-0.00236892700195312 -0.0193519592285156 0.176300048828125 0.50726318359375
-0.01019287109375 -0.0133962631225586 0.394927978515625 0.167633056640625
-0.00740385055541992 0.00046062469482422 0.312530517578125 -0.1365966796875
0.00573253631591797 -0.00206470489501953 0.109100341796875 -0.266754150390625
0.0207538604736328 0.00956535339355469 -0.0994873046875 0.1781005859375
0.0349998474121094 -0.00647735595703125 -0.219100952148438 -0.13531494140625
0.0262660980224609 -0.0320014953613281 -0.074188232421875 -0.5108642578125
0.0169391632080078 -0.0257148742675781 0.40411376953125 -0.523193359375
-0.0272598266601563 -0.0147476196289062 0.75311279296875 0.131103515625
-0.04388427734375 -0.0198173522949219 0.4832763671875 0.73297119140625
0.00290870666503906 -0.00581455230712891 0.06817626953125 0.476043701171875
0.0106773376464844 -0.00386810302734375 0.018218994140625 -0.139991760253906
-0.00742101669311523 -0.000498294830322267 -0.4371337890625 -0.468048095703125
-0.0338306427001953 -0.0232200622558594 -0.8326416015625 0.00726318359374981
-0.0224285125732422 -0.0336704254150391 -0.4097900390625 0.599365234375
-0.00740814208984375 -0.0342369079589844 0.1954345703125 0.498931884765625
0.00262260437011718 -0.0269851684570313 0.39471435546875 0.149261474609375
0.00728750228881836 0.000519275665283203 0.30487060546875 -0.1488037109375
0.0119667053222656 0.00324726104736328 0.0990142822265625 -0.268112182617188
0.0253562927246094 0.0097808837890625 -0.107391357421875 0.182876586914063
0.0491676330566406 -0.007659912109375 -0.234344482421875 -0.12481689453125
0.0364952087402344 -0.042724609375 -0.09783935546875 -0.500762939453125
0.0107192993164063 -0.0366096496582031 0.38604736328125 -0.53338623046875
-0.0539970397949219 -0.030029296875 0.75616455078125 0.0977783203125
-0.0771713256835938 -0.0535049438476562 0.5096435546875 0.7054443359375
-0.00796508789062501 -0.0624885559082031 0.0850219726562501 0.47027587890625
0.00668334960937499 -0.0669326782226563 0.0248565673828125 -0.132041931152344
-0.0447463989257813 -0.0311393737792969 -0.41839599609375 -0.476348876953125
-0.0733718872070313 -0.0207748413085938 -0.82440185546875 -0.0181884765625
-0.0463638305664063 -0.0302658081054688 -0.42620849609375 0.593505859375
-0.0129661560058594 -0.0428810119628906 0.17718505859375 0.521942138671875
0.0132560729980469 -0.0383453369140625 0.383148193359375 0.171630859375
0.0216445922851563 -0.00102806091308594 0.29754638671875 -0.141357421875
0.0168476104736328 0.00450897216796875 0.0959014892578125 -0.26971435546875
0.0268707275390625 0.00847816467285156 -0.112106323242188 0.192214965820312
0.0589828491210938 -0.00750350952148438 -0.256072998046875 -0.09613037109375
0.0428657531738281 -0.0478286743164063 -0.15191650390625 -0.471832275390625
0.00478744506835938 -0.0413589477539063 0.316497802734375 -0.56072998046875
-0.0758438110351563 -0.0358505249023438 0.751953125 -0.00372314453125
-0.111213684082031 -0.0747146606445313 0.58685302734375 0.62615966796875
-0.0227279663085938 -0.110855102539062 0.13177490234375 0.474639892578125
0.00711059570312501 -0.122459411621094 0.0346603393554688 -0.100921630859375
-0.0692214965820312 -0.0649452209472656 -0.365814208984375 -0.495452880859375
-0.104934692382813 -0.0246353149414063 -0.81353759765625 -0.10443115234375
-0.067596435546875 -0.0250244140625 -0.4903564453125 0.555633544921875
-0.0184745788574219 -0.0437088012695312 0.12298583984375 0.56707763671875
0.0204696655273438 -0.0457878112792969 0.356842041015625 0.230224609375
0.0317268371582031 -0.00446510314941406 0.29278564453125 -0.115753173828125
0.0207996368408203 0.00373458862304688 0.0974884033203125 -0.269088745117188
-0.0123786926269531 -0.012425422668457 -0.0683746337890625 0.213943481445313
-0.0274295806884766 -0.00501060485839843 -0.251968383789063 0.0271759033203125
-0.02740478515625 0.0432243347167969 -0.306060791015625 -0.302825927734375
0.0289497375488281 0.0517311096191406 -0.03009033203125 -0.60968017578125
0.0440177917480469 0.032623291015625 0.561859130859375 -0.42205810546875
0.0482597351074219 0.0018157958984375 0.7899169921875 0.194580078125
0.0837631225585937 0.0491790771484375 0.350555419921875 0.469024658203125
0.0481948852539062 0.108810424804688 0.049468994140625 0.0853347778320313
0.071533203125 0.0803909301757813 -0.115325927734375 -0.51922607421875
0.0794677734375 0.013763427734375 -0.66351318359375 -0.545166015625
0.0503768920898437 0.0131034851074219 -0.77838134765625 0.1981201171875
-0.00532150268554687 0.0439834594726563 -0.2138671875 0.611328125
-0.0519371032714844 0.0353355407714844 0.20220947265625 0.4437255859375
-0.0391883850097656 0.00175857543945313 0.285369873046875 0.03131103515625
-0.00476837158203125 -0.0182075500488281 0.137222290039062 -0.237380981445313
-0.0100946426391602 -0.00732040405273438 -0.071319580078125 0.20489501953125
-0.0245342254638672 -0.00166130065917969 -0.240997314453125 -0.0175018310546875
-0.0240859985351563 0.0366058349609375 -0.25543212890625 -0.375152587890625
0.0297355651855469 0.0406570434570313 0.07745361328125 -0.62835693359375
0.0468521118164063 0.0256500244140625 0.638916015625 -0.3121337890625
0.0533065795898438 0.0136833190917969 0.7440185546875 0.3427734375
0.077911376953125 0.0746078491210938 0.273956298828125 0.491302490234375
0.0417251586914063 0.127105712890625 0.03759765625 0.0322761535644531
0.0793533325195313 0.0837631225585938 -0.20526123046875 -0.52056884765625
0.0829391479492188 0.00557708740234375 -0.74774169921875 -0.4068603515625
0.0522804260253906 0.0029144287109375 -0.70806884765625 0.33514404296875
-0.0021209716796875 0.0330677032470703 -0.09185791015625 0.60552978515625
-0.0466194152832031 0.0262374877929688 0.276214599609375 0.37359619140625
-0.0375518798828125 -0.000705718994140631 0.30340576171875 -0.0162353515625
-0.00414657592773437 -0.0167646408081055 0.134323120117188 -0.245437622070313
-0.00465536117553711 -0.0022430419921875 -0.0767974853515625 0.195693969726563
-0.0154991149902344 -0.00106620788574219 -0.2298583984375 -0.06390380859375
-0.0156497955322266 0.0225448608398438 -0.192474365234375 -0.438751220703125
0.0298175811767578 0.0251197814941406 0.1942138671875 -0.61700439453125
0.0401649475097656 0.0210609436035156 0.70062255859375 -0.167236328125
0.0417022705078125 0.0250396728515625 0.6717529296875 0.4915771484375
0.0584716796875 0.087310791015625 0.1944580078125 0.50048828125
0.0333251953125 0.123619079589844 0.0265693664550781 -0.0245246887207031
0.0760498046875 0.0731582641601563 -0.29205322265625 -0.510040283203125
0.071044921875 -0.00894927978515625 -0.806396484375 -0.25653076171875
0.0442657470703125 -0.0106658935546875 -0.6131591796875 0.4493408203125
-0.000125885009765625 0.0167646408081055 0.0241699218750001 0.576416015625
-0.037017822265625 0.0135002136230469 0.336334228515625 0.293426513671875
-0.0317802429199219 -0.000822067260742183 0.31475830078125 -0.06549072265625
-0.00202083587646484 -0.012908935546875 0.127532958984375 -0.254364013671875
0.00361752510070801 0.00274348258972168 -0.08355712890625 0.185379028320313
-0.00133049488067627 -0.00163447856903076 -0.220123291015625 -0.102203369140625
-0.00378847122192383 0.00432610511779785 -0.132904052734375 -0.480987548828125
0.0275325775146484 0.007415771484375 0.30072021484375 -0.58367919921875
0.0246429443359375 0.0140647888183594 0.7318115234375 -0.02581787109375
0.0177631378173828 0.0269184112548828 0.58612060546875 0.61663818359375
0.0352325439453125 0.0793380737304688 0.126373291015625 0.494903564453125
0.0246734619140625 0.098114013671875 0.0186538696289063 -0.0786819458007813
0.0596160888671875 0.0521392822265625 -0.369659423828125 -0.48956298828125
0.0443115234375 -0.0207366943359375 -0.83319091796875 -0.1226806640625
0.0253143310546875 -0.02392578125 -0.513885498046875 0.53125
-0.00088733434677124 -0.000792145729064942 0.1182861328125 0.536529541015625
-0.0241718292236328 0.000741958618164058 0.376556396484375 0.2171630859375
-0.0209369659423828 -0.000419616699218754 0.31512451171875 -0.1082763671875
0.00108098983764648 -0.00702047348022461 0.117889404296875 -0.2607421875
0.0147514343261719 0.00547409057617188 -0.092071533203125 0.178848266601563
0.0175371170043945 -0.00301742553710938 -0.217453002929688 -0.12884521484375
0.0110759735107422 -0.0159521102905273 -0.086669921875 -0.505157470703125
0.0235157012939453 -0.00863838195800781 0.373687744140625 -0.5430908203125
0.0011441707611084 0.000568032264709473 0.74169921875 0.08294677734375
-0.0133333206176758 0.0117692947387695 0.5106201171875 0.69635009765625
0.0159873962402344 0.0462417602539063 0.08099365234375 0.480621337890625
0.0163612365722656 0.0525970458984375 0.0156021118164063 -0.118515014648438
0.0279407501220703 0.0263900756835937 -0.41876220703125 -0.470001220703125
0.00666046142578125 -0.0260162353515625 -0.83331298828125 -0.02935791015625
0.00212860107421875 -0.0324630737304688 -0.439208984375 0.5775146484375
-0.00296401977539062 -0.0190334320068359 0.17608642578125 0.503265380859375
-0.0103874206542969 -0.0124273300170898 0.391357421875 0.166259765625
-0.00684642791748047 0.000392913818359376 0.3099365234375 -0.136810302734375
0.00605535507202148 -0.00304555892944336 0.108627319335938 -0.265426635742188
0.0219841003417969 0.00794219970703125 -0.0992889404296875 0.17724609375
0.0350246429443359 -0.006591796875 -0.21942138671875 -0.133392333984375
0.0254917144775391 -0.0312786102294922 -0.074371337890625 -0.50909423828125
0.0167217254638672 -0.0253753662109375 0.4013671875 -0.520416259765625
-0.0272903442382813 -0.0150966644287109 0.74786376953125 0.1278076171875
-0.0441207885742188 -0.0182342529296875 0.4830322265625 0.72698974609375
0.00332832336425781 -0.00510883331298828 0.066925048828125 0.47222900390625
0.0104312896728516 -0.00459098815917969 0.017120361328125 -0.137680053710938
-0.00775766372680664 -0.00050973892211914 -0.43438720703125 -0.4627685546875
-0.0337238311767578 -0.0222301483154297 -0.82763671875 0.00805664062500004
-0.0230274200439453 -0.0328922271728516 -0.40545654296875 0.59686279296875
-0.00790977478027344 -0.0340251922607422 0.194427490234375 0.496368408203125
0.00317573547363282 -0.0261650085449219 0.393157958984375 0.146728515625
0.00777769088745117 0.000408172607421875 0.301055908203125 -0.148345947265625
0.0122184753417969 0.00264644622802734 0.0986175537109375 -0.26776123046875
0.0262870788574219 0.0084075927734375 -0.106369018554687 0.18157958984375
0.0497970581054688 -0.00773239135742188 -0.233749389648438 -0.12274169921875
0.035797119140625 -0.042449951171875 -0.0982666015625 -0.497406005859375
0.0100212097167969 -0.0367774963378906 0.38201904296875 -0.530853271484375
-0.0537986755371094 -0.0301055908203125 0.75128173828125 0.09613037109375
-0.0765151977539063 -0.0526275634765625 0.50909423828125 0.69940185546875
-0.00679016113281251 -0.062469482421875 0.083404541015625 0.46759033203125
0.0067596435546875 -0.0666580200195312 0.0245590209960938 -0.130210876464844
-0.0444793701171875 -0.0304336547851563 -0.417572021484375 -0.472076416015625
-0.0730667114257813 -0.019622802734375 -0.820556640625 -0.01702880859375
-0.0468063354492188 -0.0299606323242188 -0.42230224609375 0.5902099609375
-0.0132980346679687 -0.0428314208984375 0.179443359375 0.519744873046875
0.0134124755859375 -0.0384063720703125 0.379669189453125 0.17095947265625
0.0213375091552734 -0.00104522705078125 0.29571533203125 -0.1417236328125
0.0171728134155273 0.00365161895751953 0.0949554443359375 -0.267898559570312
0.0275745391845703 0.00723457336425781 -0.1107177734375 0.190765380859375
0.0586585998535156 -0.00794601440429688 -0.256195068359375 -0.0942230224609374
0.0425338745117187 -0.0467758178710938 -0.151763916015625 -0.468017578125
0.0037841796875 -0.0412864685058594 0.31317138671875 -0.55828857421875
-0.07659912109375 -0.0357818603515625 0.74859619140625 -0.00408935546875
-0.110015869140625 -0.0748291015625 0.584716796875 0.622802734375
-0.022491455078125 -0.110458374023438 0.13067626953125 0.470947265625
0.00635528564453126 -0.122367858886719 0.0350189208984375 -0.100532531738281
-0.0683021545410156 -0.0643844604492188 -0.36370849609375 -0.492462158203125
-0.103675842285156 -0.0234146118164063 -0.80810546875 -0.1033935546875
-0.06719970703125 -0.0243721008300781 -0.485626220703125 0.552459716796875
-0.0187644958496094 -0.0438919067382812 0.123779296875 0.5655517578125
0.02001953125 -0.0458755493164063 0.35479736328125 0.229217529296875
0.0316505432128906 -0.00397109985351563 0.290374755859375 -0.11553955078125
0.0206947326660156 0.00312995910644531 0.09613037109375 -0.267776489257812
-0.00993061065673828 -0.0127763748168945 -0.0684814453125 0.211654663085938
-0.0265483856201172 -0.00382614135742188 -0.251251220703125 0.028045654296875
-0.0269241333007812 0.0440444946289063 -0.305389404296875 -0.30145263671875
0.0292816162109375 0.0516777038574219 -0.0296630859375 -0.60546875
0.0439834594726563 0.0321617126464844 0.55914306640625 -0.41986083984375
0.0479087829589844 0.00238418579101563 0.7860107421875 0.191650390625
0.0834121704101563 0.0476455688476562 0.348358154296875 0.4649658203125
0.048095703125 0.108268737792969 0.049041748046875 0.0853424072265625
0.0715713500976563 0.0796432495117188 -0.117279052734375 -0.5159912109375
0.0782699584960938 0.0138778686523438 -0.6605224609375 -0.5396728515625
0.050140380859375 0.0129051208496094 -0.77545166015625 0.19720458984375
-0.00576019287109375 0.0439605712890625 -0.2110595703125 0.609130859375
-0.0522270202636719 0.0363082885742187 0.202972412109375 0.44287109375
-0.0383796691894531 0.00228118896484376 0.2841796875 0.03045654296875
-0.00558853149414063 -0.0179710388183594 0.136199951171875 -0.236053466796875
-0.00896739959716797 -0.00761222839355469 -0.071380615234375 0.20355224609375
-0.0240249633789063 -0.00103759765625 -0.240463256835938 -0.0161590576171875
-0.0241279602050781 0.0371856689453125 -0.253326416015625 -0.373626708984375
0.0297698974609375 0.0401191711425781 0.078125 -0.62481689453125
0.0463790893554687 0.0262527465820313 0.634765625 -0.30810546875
0.0531349182128906 0.0134201049804688 0.7410888671875 0.3409423828125
0.0766448974609375 0.0739898681640625 0.271484375 0.48779296875
0.0415496826171875 0.125755310058594 0.0371246337890625 0.0330047607421875
0.0786590576171875 0.0830841064453125 -0.204010009765625 -0.5174560546875
0.082244873046875 0.005096435546875 -0.7467041015625 -0.40338134765625
0.0529251098632813 0.003143310546875 -0.7041015625 0.3336181640625
-0.00154495239257812 0.0331325531005859 -0.0916748046875 0.60418701171875
-0.0463981628417969 0.0265617370605469 0.274993896484375 0.371856689453125
-0.0369682312011719 -0.000865936279296869 0.302337646484375 -0.01739501953125
-0.00440502166748047 -0.0163459777832031 0.133346557617188 -0.244522094726563
-0.00355887413024902 -0.00289416313171387 -0.0756988525390625 0.193466186523438
-0.0142669677734375 -6.1988830566408E-05 -0.229202270507812 -0.062286376953125
-0.0154609680175781 0.0228729248046875 -0.192535400390625 -0.436004638671875
0.0290451049804688 0.0242557525634766 0.192626953125 -0.614013671875
0.0400047302246094 0.0213356018066406 0.69384765625 -0.1685791015625
0.0413475036621094 0.024993896484375 0.66827392578125 0.4888916015625
0.0582656860351563 0.0865859985351563 0.193267822265625 0.496490478515625
0.0332565307617188 0.122283935546875 0.0260753631591797 -0.0244388580322266
0.076690673828125 0.0727157592773438 -0.291046142578125 -0.50628662109375
0.0706558227539063 -0.008636474609375 -0.80242919921875 -0.25335693359375
0.0431327819824219 -0.0109024047851563 -0.60858154296875 0.44805908203125
-3.24249267578133E-05 0.0170822143554688 0.025634765625 0.57501220703125
-0.0371360778808594 0.0141983032226563 0.33465576171875 0.290924072265625
-0.0312480926513672 -0.00128555297851562 0.3126220703125 -0.0657958984375
-0.00133514404296875 -0.0125312805175781 0.126312255859375 -0.253036499023438
0.00451374053955078 0.00224018096923828 -0.083831787109375 0.183914184570313
-7.00950622558593E-05 -0.00158607959747314 -0.219390869140625 -0.100296020507812
-0.00359582901000977 0.00496912002563477 -0.132720947265625 -0.478912353515625
0.027557373046875 0.00725555419921875 0.2965087890625 -0.5806884765625
0.023651123046875 0.0144195556640625 0.72821044921875 -0.02520751953125
0.0177650451660156 0.0269527435302734 0.58282470703125 0.61273193359375
0.0350570678710938 0.0781097412109375 0.125091552734375 0.49163818359375
0.0247573852539062 0.0973587036132813 0.0189743041992188 -0.0776443481445312
0.0598258972167969 0.0516929626464844 -0.3690185546875 -0.486419677734375
0.0436935424804688 -0.020904541015625 -0.82879638671875 -0.11944580078125
0.0246868133544922 -0.0238571166992187 -0.5113525390625 0.527679443359375
-0.000772595405578613 -0.00146949291229248 0.118316650390625 0.5333251953125
-0.0237274169921875 0.000902175903320308 0.37445068359375 0.216217041015625
-0.0203933715820313 -6.48498535156228E-05 0.313232421875 -0.108184814453125
0.00158357620239258 -0.00708150863647461 0.11651611328125 -0.259796142578125
0.015172004699707 0.00445938110351563 -0.0906219482421875 0.1771240234375
0.0184974670410156 -0.00357437133789063 -0.217971801757812 -0.126541137695312
0.0107955932617188 -0.0156288146972656 -0.08636474609375 -0.501800537109375
0.0220394134521484 -0.00953102111816406 0.369842529296875 -0.5416259765625
-2.58088111877441E-05 0.000904560089111328 0.74029541015625 0.08258056640625
-0.0128955841064453 0.010986328125 0.5087890625 0.6917724609375
0.0159950256347656 0.0454139709472656 0.0823669433593751 0.4776611328125
0.0166168212890625 0.0522499084472656 0.015380859375 -0.11712646484375
0.0287399291992188 0.0259494781494141 -0.416961669921875 -0.465911865234375
0.00695419311523438 -0.0252037048339844 -0.82891845703125 -0.0271606445312501
0.00176048278808594 -0.0324668884277344 -0.43798828125 0.57464599609375
-0.00243377685546875 -0.0189437866210938 0.17578125 0.501708984375
-0.010310173034668 -0.0129842758178711 0.391021728515625 0.165283203125
-0.00739192962646484 3.95774841308581E-05 0.308197021484375 -0.1373291015625
0.00631332397460938 -0.0017390251159668 0.107208251953125 -0.263916015625
0.0226402282714844 0.00777435302734375 -0.0984649658203125 0.176559448242188
0.0347003936767578 -0.00699234008789063 -0.2193603515625 -0.1318359375
0.0250415802001953 -0.0304012298583984 -0.075225830078125 -0.504547119140625
0.0153751373291016 -0.02545166015625 0.39898681640625 -0.51800537109375
-0.0275402069091797 -0.0142574310302734 0.74456787109375 0.1280517578125
-0.0434799194335938 -0.0179405212402344 0.48095703125 0.72174072265625
0.00333833694458008 -0.00572967529296875 0.0675048828125 0.4681396484375
0.0104055404663086 -0.00469589233398438 0.01708984375 -0.136695861816406
-0.00793170928955078 -0.000786304473876951 -0.432159423828125 -0.460968017578125
-0.0339317321777344 -0.0222530364990234 -0.82318115234375 0.00982666015625007
-0.0230846405029297 -0.0332679748535156 -0.404052734375 0.59466552734375
-0.00823211669921875 -0.0335350036621094 0.19451904296875 0.494140625
0.00321578979492187 -0.0261249542236328 0.3900146484375 0.1461181640625
0.00761508941650391 0.00037384033203125 0.2996826171875 -0.148529052734375
0.0122804641723633 0.00217437744140625 0.097564697265625 -0.265792846679688
0.0265827178955078 0.00723648071289063 -0.105316162109375 0.1817626953125
0.0495414733886719 -0.00897216796875 -0.233688354492187 -0.120849609375
0.0358619689941406 -0.0419998168945312 -0.097869873046875 -0.494476318359375
0.00913238525390625 -0.0361061096191406 0.379425048828125 -0.52789306640625
-0.0542793273925781 -0.0299873352050781 0.7476806640625 0.09466552734375
-0.0757522583007813 -0.0518875122070313 0.5062255859375 0.6943359375
-0.00697326660156251 -0.0623550415039062 0.0836181640625 0.4642333984375
0.00679779052734375 -0.0666961669921875 0.0239486694335938 -0.129356384277344
-0.0429306030273438 -0.0309562683105469 -0.414398193359375 -0.468231201171875
-0.072723388671875 -0.0190277099609375 -0.81787109375 -0.0164794921875001
-0.0471038818359375 -0.0290985107421875 -0.42059326171875 0.58837890625
-0.0136985778808594 -0.0421981811523438 0.1776123046875 0.5189208984375
0.0131797790527344 -0.0377044677734375 0.37811279296875 0.169525146484375
0.0217456817626953 -0.00159454345703125 0.2930908203125 -0.14190673828125
0.0175180435180664 0.00298309326171875 0.09429931640625 -0.266815185546875
0.0276679992675781 0.00515365600585938 -0.110458374023438 0.190200805664063
0.058746337890625 -0.00898361206054688 -0.254852294921875 -0.092437744140625
0.0419540405273438 -0.046966552734375 -0.15234375 -0.464813232421875
0.00360870361328125 -0.0405616760253906 0.313262939453125 -0.554962158203125
-0.0761871337890625 -0.0352783203125 0.746337890625 -0.00482177734375
-0.108718872070313 -0.0731658935546875 0.58245849609375 0.61688232421875
-0.022491455078125 -0.110214233398438 0.130615234375 0.466888427734375
0.00662231445312499 -0.121673583984375 0.03424072265625 -0.099151611328125
-0.06817626953125 -0.0640602111816406 -0.36126708984375 -0.488128662109375
-0.103431701660156 -0.0220794677734375 -0.80389404296875 -0.10223388671875
-0.0673370361328125 -0.0239334106445312 -0.483001708984375 0.550750732421875
-0.0186653137207031 -0.0435752868652344 0.12310791015625 0.5638427734375
0.0198860168457031 -0.0444831848144531 0.352142333984375 0.227081298828125
0.0311756134033203 -0.00454139709472656 0.28814697265625 -0.116241455078125
0.021087646484375 0.00271224975585937 0.0953216552734375 -0.266586303710938
-0.00967121124267578 -0.0139923095703125 -0.0682830810546875 0.210357666015625
-0.0259208679199219 -0.00445365905761719 -0.2509765625 0.0274810791015625
-0.0273170471191406 0.0440101623535156 -0.304473876953125 -0.29974365234375
0.0281944274902344 0.0507125854492188 -0.02984619140625 -0.6021728515625
0.0435333251953125 0.03240966796875 0.556610107421875 -0.41766357421875
0.0474853515625 0.002655029296875 0.78192138671875 0.18963623046875
0.0827102661132813 0.0467987060546875 0.346282958984375 0.461761474609375
0.0480117797851563 0.107124328613281 0.0479278564453125 0.0858993530273438
0.0718536376953125 0.0788497924804687 -0.1165771484375 -0.5126953125
0.0780563354492188 0.0141372680664063 -0.65850830078125 -0.5384521484375
0.0499038696289063 0.0115318298339844 -0.7708740234375 0.19744873046875
-0.00564956665039062 0.0437431335449219 -0.2100830078125 0.6077880859375
-0.051300048828125 0.0360984802246094 0.202117919921875 0.44110107421875
-0.0378265380859375 0.00274276733398438 0.28216552734375 0.030609130859375
-0.0045928955078125 -0.0186977386474609 0.135528564453125 -0.235260009765625
-0.00854587554931641 -0.00903224945068359 -0.070770263671875 0.201644897460938
-0.0237903594970703 -0.0015869140625 -0.2396240234375 -0.015380859375
-0.0232734680175781 0.0370941162109375 -0.253936767578125 -0.37115478515625
0.0295448303222656 0.0397605895996094 0.076416015625 -0.62078857421875
0.0466766357421875 0.0258522033691406 0.63275146484375 -0.3082275390625
0.0525245666503906 0.01422119140625 0.73828125 0.3385009765625
0.0762710571289063 0.07330322265625 0.26947021484375 0.4842529296875
0.0415115356445313 0.124336242675781 0.0360488891601563 0.034027099609375
0.0780563354492188 0.08245849609375 -0.2030029296875 -0.51361083984375
0.08197021484375 0.00637054443359375 -0.74212646484375 -0.40130615234375
0.0516510009765625 0.00239181518554688 -0.701904296875 0.3323974609375
-0.00146675109863281 0.0328044891357422 -0.0909423828124999 0.603515625
-0.0462226867675781 0.0264930725097656 0.27435302734375 0.36993408203125
-0.0370979309082031 8.77380371093719E-05 0.3011474609375 -0.016845703125
-0.00369644165039063 -0.0169172286987305 0.133041381835938 -0.24432373046875
-0.00287532806396484 -0.00411581993103027 -0.076202392578125 0.192535400390625
-0.0139255523681641 -0.000185966491699217 -0.229583740234375 -0.060943603515625
-0.0153865814208984 0.0237407684326172 -0.192413330078125 -0.432464599609375
0.0284671783447266 0.0237350463867187 0.1922607421875 -0.61138916015625
0.0397071838378906 0.0210342407226563 0.69293212890625 -0.16693115234375
0.0421676635742188 0.0268325805664063 0.66448974609375 0.4859619140625
0.05767822265625 0.0862579345703125 0.191864013671875 0.494720458984375
0.0335540771484375 0.1219482421875 0.0256404876708984 -0.0238990783691406
0.0756378173828125 0.0714645385742188 -0.2890625 -0.503814697265625
0.0701217651367188 -0.00814437866210938 -0.7979736328125 -0.25360107421875
0.0435905456542969 -0.0110282897949219 -0.60791015625 0.4464111328125
6.67572021484386E-05 0.0173664093017578 0.0235595703125 0.573486328125
-0.0362968444824219 0.0141868591308594 0.333831787109375 0.29046630859375
-0.0307731628417969 -0.00150108337402343 0.311004638671875 -0.06591796875
-0.00212478637695313 -0.0128889083862305 0.125701904296875 -0.25250244140625
0.00591897964477539 0.000221729278564453 -0.0823211669921875 0.183624267578125
-0.000362277030944824 -0.00156509876251221 -0.219390869140625 -0.0998687744140625
-0.0035395622253418 0.00453805923461914 -0.1329345703125 -0.477294921875
0.0257835388183594 0.00737953186035156 0.29779052734375 -0.57843017578125
0.0233592987060547 0.0138988494873047 0.72540283203125 -0.024169921875
0.0177459716796875 0.0271053314208984 0.5810546875 0.61138916015625
0.034088134765625 0.0777664184570313 0.125091552734375 0.488433837890625
0.0246353149414062 0.0963668823242188 0.0188140869140625 -0.0769500732421875
0.0580635070800781 0.0511627197265625 -0.366851806640625 -0.483306884765625
0.043487548828125 -0.0199661254882813 -0.82330322265625 -0.11932373046875
0.0254840850830078 -0.0235023498535156 -0.508758544921875 0.5263671875
-0.000568151473999023 -0.000976920127868652 0.116607666015625 0.533111572265625
-0.0238971710205078 0.000907897949218747 0.371734619140625 0.21612548828125
-0.0204620361328125 -0.000587463378906247 0.312225341796875 -0.108154296875
0.00144195556640625 -0.00732421875 0.116043090820313 -0.258758544921875
0.0155982971191406 0.00213146209716797 -0.0908660888671875 0.1778564453125
0.0193614959716797 -0.003692626953125 -0.217742919921875 -0.125381469726563
0.0106067657470703 -0.0155391693115234 -0.087066650390625 -0.500396728515625
0.0221118927001953 -0.00895500183105469 0.369903564453125 -0.5379638671875
0.000578522682189942 0.0014798641204834 0.7340087890625 0.08367919921875
-0.0132732391357422 0.0119476318359375 0.5068359375 0.688232421875
0.0160980224609375 0.0452423095703125 0.0804443359375 0.4749755859375
0.01556396484375 0.0514793395996094 0.01531982421875 -0.116561889648438
0.0282249450683594 0.0259323120117188 -0.415130615234375 -0.4658203125
0.00599861145019531 -0.0241947174072266 -0.82550048828125 -0.02752685546875
0.0018310546875 -0.0317592620849609 -0.4356689453125 0.57196044921875
-0.00299453735351563 -0.0186405181884766 0.174713134765625 0.500823974609375
-0.0103082656860352 -0.0126180648803711 0.389556884765625 0.16357421875
-0.00640678405761719 0.000788211822509767 0.306671142578125 -0.13720703125
0.00606679916381836 -0.00245857238769531 0.106399536132813 -0.262741088867188
0.022369384765625 0.00556564331054687 -0.0987548828125 0.175933837890625
0.0352439880371094 -0.00758743286132812 -0.218475341796875 -0.130355834960937
0.0251655578613281 -0.0303974151611328 -0.0749511718749999 -0.50262451171875
0.0144462585449219 -0.0254669189453125 0.3968505859375 -0.51593017578125
-0.0279273986816406 -0.0138797760009766 0.7430419921875 0.1280517578125
-0.0430679321289062 -0.01751708984375 0.47918701171875 0.7196044921875
0.00270175933837891 -0.00623703002929688 0.066375732421875 0.4656982421875
0.0109634399414063 -0.00560569763183594 0.0167465209960938 -0.135719299316406
-0.00706386566162109 -0.000672817230224608 -0.430450439453125 -0.4581298828125
-0.0330467224121094 -0.0216293334960938 -0.818359375 0.00830078125000001
-0.0227260589599609 -0.0324630737304688 -0.4034423828125 0.59295654296875
-0.00791549682617188 -0.0329132080078125 0.1944580078125 0.494384765625
0.00272178649902344 -0.0258216857910156 0.388580322265625 0.145263671875
0.0077214241027832 0.000392436981201172 0.298736572265625 -0.1488037109375
0.0125675201416016 0.00218486785888672 0.09759521484375 -0.264724731445313
0.0276908874511719 0.005767822265625 -0.10675048828125 0.181060791015625
0.0499267578125 -0.00826644897460938 -0.233261108398437 -0.11968994140625
0.03594970703125 -0.0414199829101563 -0.098602294921875 -0.4931640625
0.00852584838867187 -0.0365333557128906 0.378448486328125 -0.525482177734375
-0.0543403625488281 -0.0300788879394531 0.7449951171875 0.0963134765625
-0.075347900390625 -0.0514068603515625 0.50531005859375 0.69122314453125
-0.00740051269531251 -0.0626716613769531 0.083892822265625 0.460693359375
0.00698471069335937 -0.0662994384765625 0.02349853515625 -0.128318786621094
-0.04345703125 -0.0307044982910156 -0.412139892578125 -0.46429443359375
-0.0717620849609375 -0.018157958984375 -0.81353759765625 -0.0167236328125001
-0.0462532043457031 -0.0292816162109375 -0.41851806640625 0.5855712890625
-0.0136566162109375 -0.042083740234375 0.177398681640625 0.516998291015625
0.0133552551269531 -0.0373115539550781 0.375244140625 0.167205810546875
0.0212326049804688 -0.00185775756835938 0.29180908203125 -0.14202880859375
0.0171604156494141 0.00308799743652344 0.093902587890625 -0.266006469726563
0.0282363891601563 0.00400543212890625 -0.109771728515625 0.190292358398438
0.0591468811035156 -0.0091552734375 -0.254013061523438 -0.0908050537109375
0.0420951843261719 -0.0470123291015625 -0.15240478515625 -0.464263916015625
0.00223159790039063 -0.0408363342285156 0.310760498046875 -0.5538330078125
-0.0768280029296875 -0.0346908569335938 0.74273681640625 -0.003662109375
-0.107688903808594 -0.0730743408203125 0.580810546875 0.6131591796875
-0.0229034423828125 -0.109718322753906 0.129241943359375 0.46563720703125
0.0064239501953125 -0.121208190917969 0.0340805053710938 -0.0978164672851563
-0.0679206848144531 -0.0643081665039063 -0.360107421875 -0.486358642578125
-0.10235595703125 -0.0216751098632813 -0.8001708984375 -0.1011962890625
-0.0682907104492188 -0.0234756469726563 -0.481292724609375 0.54913330078125
-0.0192070007324219 -0.042877197265625 0.1224365234375 0.5618896484375
0.0198936462402344 -0.0445022583007813 0.351470947265625 0.224945068359375
0.0315017700195313 -0.00407028198242188 0.286529541015625 -0.11724853515625
0.0215225219726563 0.00252342224121094 0.0945892333984375 -0.265975952148437
-0.00898075103759766 -0.0140371322631836 -0.0682220458984375 0.209579467773438
-0.0253448486328125 -0.00390625 -0.250808715820313 0.0283660888671875
-0.0266304016113281 0.0440139770507812 -0.303436279296875 -0.2994384765625
0.0284194946289062 0.0503959655761719 -0.02935791015625 -0.6009521484375
0.0434989929199219 0.0322761535644531 0.55572509765625 -0.416229248046875
0.0477066040039063 0.003387451171875 0.78033447265625 0.19036865234375
0.0825729370117188 0.0466079711914063 0.344573974609375 0.46051025390625
0.0477447509765625 0.106521606445313 0.0479049682617187 0.08599853515625
0.0709304809570313 0.0787429809570313 -0.115997314453125 -0.51153564453125
0.0780181884765625 0.0148239135742187 -0.656982421875 -0.53802490234375
0.0492362976074219 0.0120429992675781 -0.770263671875 0.19720458984375
-0.00600433349609375 0.0442428588867188 -0.21002197265625 0.60797119140625
-0.0516433715820313 0.0369224548339844 0.200164794921875 0.43975830078125
-0.0382308959960938 0.00244903564453125 0.282196044921875 0.02947998046875
-0.00383567810058594 -0.0178604125976563 0.135772705078125 -0.23492431640625
-0.00759220123291016 -0.00963783264160156 -0.071502685546875 0.200576782226563
-0.0228691101074219 -0.000795364379882814 -0.240081787109375 -0.0157318115234375
-0.0230636596679688 0.038238525390625 -0.2523193359375 -0.371826171875
0.029022216796875 0.0389289855957031 0.077880859375 -0.6204833984375
0.0459098815917969 0.0260124206542969 0.6307373046875 -0.3038330078125
0.0525054931640625 0.0141944885253906 0.73516845703125 0.33642578125
0.0759201049804688 0.0724334716796875 0.2685546875 0.481658935546875
0.0408172607421875 0.123069763183594 0.0360107421875 0.0335464477539063
0.0788040161132813 0.0827255249023438 -0.201141357421875 -0.5118408203125
0.0814590454101563 0.0062103271484375 -0.7401123046875 -0.40093994140625
0.0515975952148438 0.00232315063476563 -0.7001953125 0.33123779296875
-0.00170326232910157 0.0334358215332031 -0.0906982421875 0.60125732421875
-0.0463180541992187 0.0269241333007813 0.273040771484375 0.370086669921875
-0.036468505859375 -0.000392913818359383 0.300323486328125 -0.01708984375
-0.00372791290283203 -0.0162200927734375 0.132522583007813 -0.243209838867188
-0.00191354751586914 -0.00483512878417969 -0.07598876953125 0.192062377929688
-0.0145368576049805 -0.000117301940917968 -0.228851318359375 -0.0608367919921875
-0.0150814056396484 0.0236244201660156 -0.19049072265625 -0.4334716796875
0.028778076171875 0.0243988037109375 0.1927490234375 -0.60980224609375
0.0400161743164063 0.0201263427734375 0.69036865234375 -0.1646728515625
0.0418586730957031 0.0257072448730469 0.6624755859375 0.4840087890625
0.0576400756835938 0.0852508544921875 0.189697265625 0.4918212890625
0.0332260131835938 0.120681762695313 0.0258388519287109 -0.022918701171875
0.0760116577148438 0.071807861328125 -0.289642333984375 -0.502105712890625
0.0698623657226563 -0.0079193115234375 -0.7969970703125 -0.2518310546875
0.042694091796875 -0.0112800598144531 -0.60552978515625 0.444580078125
-0.000324249267578125 0.0177211761474609 0.0241088867187499 0.5733642578125
-0.0367393493652344 0.0147018432617187 0.33306884765625 0.2900390625
-0.03009033203125 -0.00168228149414062 0.311187744140625 -0.066009521484375
-0.00186920166015625 -0.0125579833984375 0.126129150390625 -0.251739501953125
0.00640249252319336 -0.000569343566894531 -0.0829620361328125 0.18280029296875
0.0003814697265625 -0.0019601583480835 -0.219589233398438 -0.09869384765625
-0.0037989616394043 0.00621986389160156 -0.13067626953125 -0.475982666015625
0.0264301300048828 0.00677871704101563 0.2965087890625 -0.576171875
0.0233383178710938 0.0142078399658203 0.72247314453125 -0.0240478515625
0.0180988311767578 0.0274524688720703 0.57867431640625 0.60931396484375
0.0342254638671875 0.0767059326171875 0.12310791015625 0.486358642578125
0.0245437622070312 0.0955581665039063 0.0186386108398437 -0.0756759643554688
0.0589065551757813 0.0510139465332031 -0.365509033203125 -0.482177734375
0.0434799194335938 -0.019134521484375 -0.82269287109375 -0.119140625
0.0248851776123047 -0.0242156982421875 -0.50921630859375 0.525604248046875
-0.000268638134002685 -0.000681579113006592 0.11810302734375 0.533416748046875
-0.0242500305175781 0.0012969970703125 0.37249755859375 0.214996337890625
-0.0208587646484375 -0.000324249267578121 0.311187744140625 -0.10821533203125
0.00200510025024414 -0.00737380981445313 0.116500854492188 -0.25799560546875
0.0164327621459961 0.00142192840576172 -0.0913238525390625 0.1763916015625
0.0191993713378906 -0.00358009338378906 -0.217987060546875 -0.12445068359375
0.0107097625732422 -0.0150852203369141 -0.0876159667968749 -0.49957275390625
0.021636962890625 -0.00865554809570313 0.370208740234375 -0.5379638671875
0.000389695167541504 0.00160646438598633 0.73211669921875 0.08514404296875
-0.0123767852783203 0.011998176574707 0.50396728515625 0.68597412109375
0.0153617858886719 0.0447540283203125 0.0797119140625 0.472503662109375
0.0158004760742188 0.0505638122558594 0.0156478881835937 -0.115264892578125
0.0282993316650391 0.0262012481689453 -0.4146728515625 -0.46380615234375
0.00647354125976562 -0.0233535766601562 -0.823486328125 -0.0280761718750002
0.00216293334960938 -0.0320720672607422 -0.4351806640625 0.5703125
-0.00291633605957031 -0.01800537109375 0.173583984375 0.50140380859375
-0.0111093521118164 -0.0116376876831055 0.3870849609375 0.16302490234375
-0.00634860992431641 0.000281810760498047 0.30596923828125 -0.137054443359375
0.00627851486206055 -0.00319194793701172 0.105514526367187 -0.26214599609375
0.0234451293945313 0.00478172302246094 -0.0981903076171875 0.17486572265625
0.0354537963867188 -0.00737762451171875 -0.21905517578125 -0.129318237304687
0.0254669189453125 -0.0297393798828125 -0.075164794921875 -0.501129150390625
0.0147609710693359 -0.0252799987792969 0.397369384765625 -0.5146484375
-0.0279560089111328 -0.0144844055175781 0.739990234375 0.12738037109375
-0.0422172546386719 -0.0171318054199219 0.4779052734375 0.71563720703125
0.00310134887695312 -0.00661230087280273 0.065460205078125 0.46417236328125
0.0105962753295898 -0.00597476959228516 0.0169448852539062 -0.134368896484375
-0.00701618194580078 -0.00118589401245117 -0.42962646484375 -0.456085205078125
-0.033447265625 -0.0207271575927734 -0.81781005859375 0.00860595703124985
-0.0238933563232422 -0.0324115753173828 -0.40167236328125 0.5909423828125
-0.0083770751953125 -0.0337333679199219 0.19366455078125 0.49371337890625
0.00310897827148438 -0.0250949859619141 0.386810302734375 0.145477294921875
0.00783443450927734 0.000557899475097656 0.297515869140625 -0.148712158203125
0.0128993988037109 0.00182151794433594 0.096954345703125 -0.2640380859375
0.0269832611083984 0.00478553771972656 -0.1041259765625 0.180130004882812
0.0509681701660156 -0.00854110717773438 -0.232742309570313 -0.118484497070313
0.0360107421875 -0.040435791015625 -0.097991943359375 -0.492156982421875
0.00804519653320312 -0.0367279052734375 0.376953125 -0.524627685546875
-0.0539703369140625 -0.0293197631835937 0.743408203125 0.0968017578125
-0.0746917724609375 -0.050994873046875 0.50323486328125 0.6900634765625
-0.0071868896484375 -0.0626945495605469 0.08160400390625 0.460174560546875
0.00704193115234376 -0.0671234130859375 0.0237503051757813 -0.127273559570313
-0.0430679321289063 -0.0311546325683594 -0.410247802734375 -0.46368408203125
-0.0721435546875 -0.017578125 -0.810791015625 -0.0167236328125001
-0.0471763610839844 -0.0286712646484375 -0.41790771484375 0.58453369140625
-0.0136299133300781 -0.0421485900878906 0.1767578125 0.5159912109375
0.0134429931640625 -0.0371322631835938 0.374908447265625 0.168121337890625
0.0218467712402344 -0.0017852783203125 0.291259765625 -0.14166259765625
0.0182571411132813 0.0029296875 0.093170166015625 -0.265548706054688
0.02874755859375 0.0028839111328125 -0.109390258789062 0.1890869140625
0.0594367980957031 -0.00972366333007813 -0.25384521484375 -0.0893096923828125
0.0422439575195313 -0.04620361328125 -0.151458740234375 -0.46136474609375
0.00213241577148438 -0.0405044555664063 0.310455322265625 -0.55120849609375
-0.0755386352539063 -0.0338287353515625 0.74041748046875 -0.00244140625
-0.107391357421875 -0.0721588134765625 0.57952880859375 0.61187744140625
-0.0222320556640625 -0.109779357910156 0.128509521484375 0.4622802734375
0.00670623779296874 -0.1214599609375 0.0341567993164063 -0.0975799560546875
-0.0675086975097656 -0.0644454956054688 -0.358428955078125 -0.485137939453125
-0.102035522460938 -0.0214004516601562 -0.79931640625 -0.10009765625
-0.06829833984375 -0.0227584838867188 -0.480255126953125 0.546875
-0.019561767578125 -0.0435638427734375 0.12255859375 0.562042236328125
0.0199775695800781 -0.0440216064453125 0.350555419921875 0.22601318359375
0.0313091278076172 -0.004364013671875 0.285369873046875 -0.116119384765625
0.0215549468994141 0.00167274475097656 0.0950775146484375 -0.26531982421875
-0.00890445709228516 -0.0157766342163086 -0.06890869140625 0.208602905273438
-0.024871826171875 -0.00335502624511719 -0.251144409179687 0.028106689453125
-0.0274314880371094 0.0445747375488281 -0.30255126953125 -0.29986572265625
0.0282669067382813 0.0501480102539063 -0.0274658203125 -0.6007080078125
0.0432205200195313 0.0317535400390625 0.55499267578125 -0.414794921875
0.0471382141113281 0.00348663330078125 0.7796630859375 0.19097900390625
0.0812606811523438 0.046142578125 0.34161376953125 0.460174560546875
0.047943115234375 0.105827331542969 0.0472869873046875 0.0867156982421875
0.0715713500976563 0.078125 -0.114044189453125 -0.509674072265625
0.0771865844726563 0.0148544311523438 -0.6534423828125 -0.53778076171875
0.0499496459960938 0.0116462707519531 -0.76959228515625 0.1953125
-0.00612258911132813 0.0444221496582031 -0.21099853515625 0.60870361328125
-0.05145263671875 0.0369720458984375 0.198699951171875 0.441497802734375
-0.0380058288574219 0.00290298461914062 0.281341552734375 0.03045654296875
-0.00469589233398438 -0.0186767578125 0.135833740234375 -0.234390258789063
-0.0065460205078125 -0.0108718872070312 -0.070831298828125 0.200225830078125
-0.0226936340332031 -0.000707626342773442 -0.240310668945313 -0.0153656005859375
-0.0233612060546875 0.0381851196289063 -0.251739501953125 -0.37066650390625
0.0291290283203125 0.0390205383300781 0.0789794921875 -0.61737060546875
0.0463104248046875 0.0255126953125 0.6302490234375 -0.3031005859375
0.0521011352539062 0.0146408081054687 0.73468017578125 0.3359375
0.075775146484375 0.0722198486328125 0.265899658203125 0.48223876953125
0.041656494140625 0.123832702636719 0.0356979370117188 0.0342369079589844
0.0783843994140625 0.0822219848632812 -0.2015380859375 -0.511749267578125
0.080810546875 0.0065460205078125 -0.73876953125 -0.39996337890625
0.0520172119140625 0.00191497802734375 -0.7008056640625 0.3302001953125
-0.00230216979980469 0.0340709686279297 -0.09234619140625 0.6025390625
-0.0461082458496094 0.0275039672851563 0.273101806640625 0.369598388671875
-0.0363388061523438 0.000167846679687496 0.300628662109375 -0.0172119140625
-0.00335597991943359 -0.0169286727905273 0.13299560546875 -0.243087768554688
-0.00158977508544922 -0.00571918487548828 -0.076568603515625 0.191192626953125
-0.0136470794677734 0.000583648681640622 -0.230255126953125 -0.060760498046875
-0.0150375366210937 0.0244865417480469 -0.190216064453125 -0.431610107421875
0.02783203125 0.0241622924804688 0.19384765625 -0.6063232421875
0.0397415161132813 0.0208244323730469 0.69012451171875 -0.16082763671875
0.0416450500488281 0.0263023376464844 0.66192626953125 0.48486328125
0.0563583374023438 0.0850601196289063 0.188262939453125 0.492034912109375
0.03265380859375 0.119895935058594 0.0256404876708984 -0.0220527648925781
0.0759963989257813 0.0716094970703125 -0.2874755859375 -0.499755859375
0.070404052734375 -0.00711822509765625 -0.7957763671875 -0.25341796875
0.0428657531738281 -0.0113410949707031 -0.606201171875 0.444091796875
-0.000364303588867186 0.0182323455810547 0.02264404296875 0.57373046875
-0.0367317199707031 0.0154075622558594 0.33282470703125 0.29046630859375
-0.0308723449707031 -0.00145339965820312 0.310028076171875 -0.065582275390625
-0.00165271759033203 -0.0131320953369141 0.126449584960938 -0.252151489257813
0.006988525390625 -0.00165367126464844 -0.0829315185546875 0.181838989257813
0.000815272331237793 -0.00167334079742432 -0.22027587890625 -0.0976409912109375
-0.00322389602661133 0.00648164749145508 -0.13079833984375 -0.475982666015625
0.0258102416992188 0.00682258605957031 0.29888916015625 -0.5732421875
0.0230159759521484 0.0144004821777344 0.72161865234375 -0.01983642578125
0.0179100036621094 0.0272789001464844 0.57659912109375 0.6090087890625
0.0332565307617188 0.07598876953125 0.1224365234375 0.484588623046875
0.0239181518554688 0.0948867797851563 0.0185317993164063 -0.0754470825195313
0.0593528747558594 0.0505752563476563 -0.36322021484375 -0.48028564453125
0.0432395935058594 -0.0191726684570313 -0.8212890625 -0.12091064453125
0.0245571136474609 -0.0240821838378906 -0.509521484375 0.524200439453125
-0.000899195671081543 -0.000629961490631104 0.11602783203125 0.532867431640625
-0.0236892700195313 0.00235939025878906 0.371429443359375 0.21502685546875
-0.0198459625244141 -0.000213623046874998 0.310577392578125 -0.108123779296875
0.00216531753540039 -0.00848054885864258 0.115631103515625 -0.257553100585938
0.0164241790771484 8.67843627929688E-05 -0.090667724609375 0.176162719726563
0.0193824768066406 -0.00421524047851563 -0.218734741210938 -0.124069213867188
0.0100631713867188 -0.0139007568359375 -0.086639404296875 -0.499908447265625
0.0213203430175781 -0.00951004028320313 0.368743896484375 -0.53558349609375
3.48687171936036E-05 0.000672996044158935 0.732421875 0.08526611328125
-0.0123014450073242 0.0124197006225586 0.502197265625 0.685302734375
0.0141258239746094 0.043365478515625 0.0783691406249999 0.4713134765625
0.0155487060546875 0.0503616333007812 0.0150299072265625 -0.114730834960937
0.0282135009765625 0.0255184173583984 -0.412506103515625 -0.46197509765625
0.00688743591308594 -0.0236053466796875 -0.8233642578125 -0.0294189453125001
0.00140571594238281 -0.0309352874755859 -0.4339599609375 0.56982421875
-0.00339889526367188 -0.0181732177734375 0.17388916015625 0.50152587890625
-0.0106716156005859 -0.0110683441162109 0.38677978515625 0.163055419921875
-0.00611686706542969 0.000957489013671874 0.306304931640625 -0.137725830078125
0.00664138793945313 -0.00289106369018555 0.107437133789063 -0.262069702148438
0.0232696533203125 0.00329399108886719 -0.0982513427734375 0.174880981445313
0.0366134643554688 -0.00753402709960938 -0.219146728515625 -0.127975463867188
0.0247325897216797 -0.0293712615966797 -0.0736389160156249 -0.501373291015625
0.0140953063964844 -0.0254001617431641 0.39739990234375 -0.5126953125
-0.0287284851074219 -0.0144462585449219 0.73968505859375 0.13177490234375
-0.0420722961425781 -0.0172119140625 0.47662353515625 0.71539306640625
0.00339221954345703 -0.00678300857543945 0.06585693359375 0.46258544921875
0.0102834701538086 -0.00603866577148438 0.0177993774414063 -0.133476257324219
-0.00711965560913086 -0.00167608261108399 -0.427734375 -0.455718994140625
-0.0322475433349609 -0.0202312469482422 -0.816650390625 0.00775146484375015
-0.0240058898925781 -0.0315761566162109 -0.40142822265625 0.59100341796875
-0.00841331481933594 -0.0333938598632813 0.193450927734375 0.4927978515625
0.00320625305175781 -0.0251102447509766 0.3870849609375 0.14520263671875
0.00794744491577148 0.000856399536132813 0.297271728515625 -0.149383544921875
0.012700080871582 0.00122642517089844 0.097320556640625 -0.264328002929688
0.0274887084960937 0.00292015075683594 -0.104705810546875 0.179580688476563
0.0505867004394531 -0.00865936279296875 -0.23370361328125 -0.1173095703125
0.036590576171875 -0.0408477783203125 -0.098175048828125 -0.49078369140625
0.00722122192382813 -0.0362052917480469 0.3780517578125 -0.523223876953125
-0.0549850463867188 -0.0290679931640625 0.743408203125 0.09649658203125
-0.0742111206054688 -0.0507888793945312 0.50238037109375 0.68963623046875
-0.00669479370117187 -0.0626220703125 0.08056640625 0.45782470703125
0.00670623779296875 -0.0675468444824219 0.0242538452148437 -0.126869201660156
-0.0428504943847656 -0.0305213928222656 -0.408233642578125 -0.463043212890625
-0.0710906982421875 -0.017669677734375 -0.8104248046875 -0.0172119140625
-0.0471267700195313 -0.0279769897460937 -0.4178466796875 0.5843505859375
-0.0135078430175781 -0.042694091796875 0.1761474609375 0.517303466796875
0.0136260986328125 -0.0368881225585938 0.374176025390625 0.168731689453125
0.0221881866455078 -0.00236320495605469 0.2896728515625 -0.14208984375
0.0176963806152344 0.00229263305664062 0.093658447265625 -0.2650146484375
0.028411865234375 0.0019073486328125 -0.109237670898437 0.188995361328125
0.0594444274902344 -0.00992202758789062 -0.253265380859375 -0.0881500244140625
0.0421524047851562 -0.0457649230957031 -0.15087890625 -0.462860107421875
0.000831604003906248 -0.0409011840820313 0.31146240234375 -0.5496826171875
-0.0750274658203125 -0.0333404541015625 0.739990234375 -0.0010986328125
-0.107048034667969 -0.071929931640625 0.577880859375 0.61083984375
-0.0224990844726563 -0.109420776367188 0.12677001953125 0.46282958984375
0.00676727294921876 -0.122024536132813 0.034088134765625 -0.0958938598632813
-0.0662879943847656 -0.0641212463378906 -0.356048583984375 -0.4840087890625
-0.102096557617188 -0.0204315185546875 -0.79803466796875 -0.10205078125
-0.0686073303222656 -0.02215576171875 -0.480316162109375 0.547515869140625
-0.0198898315429688 -0.0427665710449219 0.122650146484375 0.56195068359375
0.0204238891601563 -0.0443344116210938 0.348968505859375 0.2252197265625
0.0319805145263672 -0.00470924377441406 0.28497314453125 -0.116302490234375
0.0216274261474609 0.00168609619140625 0.094940185546875 -0.264999389648437
-0.00772285461425781 -0.016413688659668 -0.0689697265625 0.208267211914063
-0.0249691009521484 -0.00375938415527344 -0.25238037109375 0.02813720703125
-0.02685546875 0.0450439453125 -0.30242919921875 -0.300506591796875
0.0278511047363281 0.0500030517578125 -0.0267333984375 -0.601318359375
0.0435295104980469 0.0317916870117188 0.55767822265625 -0.412445068359375
0.0479507446289063 0.00365447998046875 0.778564453125 0.1910400390625
0.0811691284179687 0.0452041625976563 0.340484619140625 0.4609375
0.047882080078125 0.104484558105469 0.0478286743164063 0.087249755859375
0.0712661743164063 0.0779571533203125 -0.1142578125 -0.5091552734375
0.0779037475585937 0.0159988403320312 -0.6536865234375 -0.5384521484375
0.0501632690429688 0.0113334655761719 -0.77044677734375 0.195556640625
-0.00569915771484375 0.0444450378417969 -0.21087646484375 0.60870361328125
-0.0517082214355469 0.0373878479003906 0.19940185546875 0.44122314453125
-0.0377006530761719 0.00236892700195312 0.280715942382813 0.0307769775390625
-0.00378227233886719 -0.0182647705078125 0.135848999023437 -0.234115600585938
-0.00570964813232422 -0.0113983154296875 -0.0716552734375 0.200531005859375
-0.0227088928222656 -0.000598907470703122 -0.241470336914063 -0.015625
-0.0228538513183594 0.0392417907714844 -0.252471923828125 -0.37255859375
0.0284690856933594 0.0392570495605469 0.078369140625 -0.61737060546875
0.0459747314453125 0.0261192321777344 0.63177490234375 -0.30279541015625
0.0518684387207031 0.01495361328125 0.73529052734375 0.33837890625
0.0753250122070313 0.0713958740234375 0.2655029296875 0.48199462890625
0.040863037109375 0.122703552246094 0.0353431701660156 0.0349502563476563
0.0784912109375 0.0822677612304688 -0.19915771484375 -0.510284423828125
0.081878662109375 0.00768280029296875 -0.7374267578125 -0.4017333984375
0.0515289306640625 0.00213623046875 -0.70068359375 0.33111572265625
-0.00143051147460937 0.0333366394042969 -0.09259033203125 0.60400390625
-0.0459480285644531 0.0282173156738281 0.27294921875 0.371826171875
-0.0366592407226563 -0.00102615356445313 0.300262451171875 -0.01727294921875
-0.00295162200927735 -0.0173349380493164 0.133041381835938 -0.242843627929687
-0.00113058090209961 -0.00693988800048828 -0.076995849609375 0.190948486328125
-0.0130090713500977 0.000324249267578124 -0.230636596679688 -0.0605010986328125
-0.0147876739501953 0.0245704650878906 -0.190643310546875 -0.433135986328125
0.0278453826904297 0.0242347717285156 0.19439697265625 -0.607421875
0.0390968322753906 0.0202178955078125 0.69189453125 -0.1614990234375
0.0419845581054688 0.0265884399414063 0.661865234375 0.48724365234375
0.0565948486328125 0.0845565795898437 0.18597412109375 0.490325927734375
0.0329666137695313 0.120048522949219 0.02545166015625 -0.0218086242675781
0.0755615234375 0.071197509765625 -0.287353515625 -0.501953125
0.0698623657226562 -0.00632476806640625 -0.79412841796875 -0.2532958984375
0.0430221557617187 -0.0109672546386719 -0.6070556640625 0.44268798828125
-0.000566482543945313 0.0179347991943359 0.02294921875 0.5736083984375
-0.0370292663574219 0.0156822204589844 0.333038330078125 0.290679931640625
-0.030242919921875 -0.00102996826171875 0.31024169921875 -0.06536865234375
-0.00181484222412109 -0.0132293701171875 0.126815795898437 -0.251861572265625
0.00722217559814453 -0.00284385681152344 -0.083770751953125 0.18206787109375
0.00115537643432617 -0.0019218921661377 -0.220947265625 -0.097808837890625
-0.00355100631713867 0.00624704360961914 -0.131317138671875 -0.47650146484375
0.025177001953125 0.007232666015625 0.29779052734375 -0.5740966796875
0.0233650207519531 0.0143566131591797 0.722900390625 -0.0194091796875
0.0182323455810547 0.0281047821044922 0.57574462890625 0.6083984375
0.0334014892578125 0.0760498046875 0.1214599609375 0.484588623046875
0.0243453979492188 0.0941238403320313 0.0184783935546875 -0.0745468139648438
0.0587730407714844 0.0505714416503906 -0.361968994140625 -0.482452392578125
0.0433387756347656 -0.0181350708007813 -0.82208251953125 -0.12127685546875
0.0242900848388672 -0.0236873626708984 -0.5096435546875 0.52423095703125
-0.000857174396514893 -2.92658805847167E-05 0.116119384765625 0.53424072265625
-0.0244045257568359 0.0026092529296875 0.37060546875 0.21527099609375
-0.0189456939697266 -0.000131607055664061 0.310638427734375 -0.10833740234375
0.00159502029418945 -0.00842809677124023 0.11676025390625 -0.258270263671875
0.0162878036499023 -0.001312255859375 -0.091400146484375 0.176162719726563
0.0196914672851563 -0.00394058227539063 -0.21917724609375 -0.122314453125
0.0112028121948242 -0.0143575668334961 -0.086639404296875 -0.4989013671875
0.0206623077392578 -0.00965499877929688 0.369873046875 -0.536346435546875
4.17232513427736E-05 0.00173270702362061 0.7327880859375 0.0877685546875
-0.0117692947387695 0.0131750106811523 0.50152587890625 0.68463134765625
0.0151557922363281 0.0431175231933594 0.07745361328125 0.47039794921875
0.0152702331542969 0.0500526428222656 0.015899658203125 -0.114303588867188
0.0276699066162109 0.0260353088378906 -0.411041259765625 -0.461181640625
0.00763130187988281 -0.0226116180419922 -0.82318115234375 -0.0272216796874999
0.0011749267578125 -0.0317840576171875 -0.43572998046875 0.5692138671875
-0.0032806396484375 -0.0178890228271484 0.173797607421875 0.50323486328125
-0.010594367980957 -0.0116567611694336 0.387054443359375 0.1650390625
-0.00648689270019531 0.000936508178710937 0.30584716796875 -0.13726806640625
0.00649404525756836 -0.00393581390380859 0.106643676757813 -0.262374877929688
0.0236263275146484 0.00168991088867188 -0.097991943359375 0.174346923828125
0.0369873046875 -0.007598876953125 -0.219650268554687 -0.128707885742188
0.0249614715576172 -0.0288028717041016 -0.07281494140625 -0.502593994140625
0.0140151977539063 -0.0252475738525391 0.398712158203125 -0.512298583984375
-0.0288047790527344 -0.0142917633056641 0.7410888671875 0.1317138671875
-0.0416450500488281 -0.0167045593261719 0.47576904296875 0.71563720703125
0.00308322906494141 -0.00675249099731445 0.063812255859375 0.461517333984375
0.0105276107788086 -0.00662422180175781 0.0173492431640625 -0.133506774902344
-0.00710678100585938 -0.00146675109863281 -0.426727294921875 -0.454864501953125
-0.0332050323486328 -0.0195350646972656 -0.81768798828125 0.00701904296874996
-0.0241031646728516 -0.0320873260498047 -0.4031982421875 0.58868408203125
-0.00846099853515625 -0.0328578948974609 0.193206787109375 0.495086669921875
0.00311088562011719 -0.0244007110595703 0.386962890625 0.146240234375
0.00835704803466797 0.000460624694824219 0.296783447265625 -0.1500244140625
0.0133914947509766 0.000723838806152344 0.097991943359375 -0.264617919921875
0.0274181365966797 0.00244140625 -0.104934692382812 0.179641723632813
0.0508499145507813 -0.00967025756835938 -0.232757568359375 -0.116729736328125
0.0359420776367188 -0.0411949157714844 -0.097015380859375 -0.4910888671875
0.00641632080078125 -0.0365524291992188 0.3792724609375 -0.52325439453125
-0.0555763244628906 -0.0292167663574219 0.74407958984375 0.1009521484375
-0.0736541748046875 -0.0508270263671875 0.50128173828125 0.688232421875
-0.00720596313476562 -0.063568115234375 0.07940673828125 0.457611083984375
0.00687026977539062 -0.0673713684082031 0.0246505737304687 -0.126296997070313
-0.042510986328125 -0.0310249328613281 -0.40972900390625 -0.463043212890625
-0.0714263916015625 -0.0174713134765625 -0.81170654296875 -0.0178222656249998
-0.0480117797851563 -0.0285072326660156 -0.4188232421875 0.58355712890625
-0.014007568359375 -0.041595458984375 0.17523193359375 0.5191650390625
0.0133934020996094 -0.0363311767578125 0.37445068359375 0.169586181640625
0.0217685699462891 -0.00209808349609375 0.29071044921875 -0.1431884765625
0.0181865692138672 0.00186920166015625 0.0937042236328125 -0.266448974609375
0.0280036926269531 0.00051116943359375 -0.108978271484375 0.189254760742187
0.0597953796386719 -0.0106849670410156 -0.254287719726563 -0.0881195068359375
0.0420188903808594 -0.0451736450195313 -0.1510009765625 -0.4622802734375
0.000499725341796876 -0.0401115417480469 0.31085205078125 -0.549468994140625
-0.0776290893554688 -0.0344772338867187 0.7401123046875 0.000610351562499998
-0.106636047363281 -0.0716323852539063 0.575927734375 0.6142578125
-0.0219955444335938 -0.110176086425781 0.12530517578125 0.461456298828125
0.00736236572265626 -0.121925354003906 0.0342559814453125 -0.0960540771484375
-0.0668220520019531 -0.0645408630371094 -0.357330322265625 -0.483612060546875
-0.1009521484375 -0.0203170776367188 -0.7989501953125 -0.10137939453125
-0.0685920715332031 -0.0218238830566406 -0.480499267578125 0.548370361328125
-0.0193443298339844 -0.0428886413574219 0.12213134765625 0.56341552734375
0.02044677734375 -0.0435523986816406 0.34869384765625 0.226776123046875
0.0317134857177734 -0.00445747375488281 0.284912109375 -0.11737060546875
0.0216445922851562 0.000614166259765625 0.094635009765625 -0.265518188476563
-0.00788688659667969 -0.0179996490478516 -0.07000732421875 0.207992553710938
-0.0243778228759766 -0.00359916687011719 -0.253463745117188 0.028594970703125
-0.0269775390625 0.0454750061035156 -0.303253173828125 -0.3017578125
0.0277061462402344 0.0502166748046875 -0.02587890625 -0.6004638671875
0.0435066223144531 0.0321617126464844 0.559173583984375 -0.413421630859375
0.0481300354003906 0.00396728515625 0.78070068359375 0.1920166015625
0.081146240234375 0.0450057983398438 0.339813232421875 0.460784912109375
0.0474090576171875 0.104721069335937 0.047698974609375 0.087982177734375
0.0712661743164063 0.0783309936523438 -0.113983154296875 -0.509246826171875
0.07745361328125 0.0160980224609375 -0.653076171875 -0.5404052734375
0.0488700866699219 0.01080322265625 -0.77276611328125 0.19403076171875
-0.00642776489257813 0.0448837280273438 -0.21331787109375 0.61053466796875
-0.0518836975097656 0.0385589599609375 0.2003173828125 0.443359375
-0.0376930236816406 0.00272369384765624 0.2816162109375 0.03045654296875
-0.00395393371582031 -0.0184593200683594 0.1356201171875 -0.235153198242188
-0.00585365295410156 -0.0126743316650391 -0.0723114013671875 0.199722290039062
-0.0218448638916016 -0.000297546386718748 -0.242828369140625 -0.015106201171875
-0.0229949951171875 0.0396995544433594 -0.252349853515625 -0.372467041015625
0.0293350219726563 0.0389404296875 0.079345703125 -0.61810302734375
0.0464553833007813 0.0256919860839844 0.63348388671875 -0.30181884765625
0.0526885986328125 0.0149116516113281 0.73583984375 0.33831787109375
0.0742721557617188 0.071563720703125 0.264801025390625 0.482147216796875
0.04132080078125 0.122261047363281 0.0353431701660156 0.0357894897460938
0.0783157348632813 0.0815582275390625 -0.20074462890625 -0.512298583984375
0.0815353393554688 0.0081939697265625 -0.73931884765625 -0.403564453125
0.0513572692871094 0.0015411376953125 -0.70269775390625 0.33050537109375
-0.00193023681640625 0.0342864990234375 -0.09344482421875 0.60650634765625
-0.0460014343261719 0.0282096862792969 0.272216796875 0.372589111328125
-0.0360374450683594 0.000434875488281256 0.30120849609375 -0.01678466796875
-0.00321197509765625 -0.0172519683837891 0.134201049804688 -0.243728637695313
-0.000218391418457031 -0.00757694244384766 -0.077056884765625 0.190811157226563
-0.0124778747558594 -8.86917114257836E-05 -0.232101440429688 -0.060882568359375
-0.015411376953125 0.0254592895507813 -0.190948486328125 -0.43414306640625
0.0281620025634766 0.0242958068847656 0.19586181640625 -0.60919189453125
0.0397415161132813 0.0204277038574219 0.69329833984375 -0.16094970703125
0.0417709350585938 0.0268707275390625 0.66217041015625 0.48687744140625
0.0566482543945313 0.0842819213867188 0.18609619140625 0.491058349609375
0.0324630737304688 0.119369506835938 0.0259819030761719 -0.0212669372558594
0.0751113891601562 0.0712356567382813 -0.285430908203125 -0.501953125
0.0698699951171875 -0.00626373291015625 -0.797607421875 -0.25506591796875
0.0430374145507813 -0.0117454528808594 -0.608642578125 0.4447021484375
-0.000175476074218751 0.0184535980224609 0.02276611328125 0.57904052734375
-0.0361747741699219 0.0155448913574219 0.333160400390625 0.293060302734375
-0.0299892425537109 -0.000471115112304693 0.310516357421875 -0.066680908203125
-0.0015869140625 -0.0133523941040039 0.12786865234375 -0.252426147460938
0.00789070129394531 -0.0037531852722168 -0.0838470458984375 0.18267822265625
0.0016639232635498 -0.00214719772338867 -0.22259521484375 -0.0972900390625
-0.00331306457519531 0.00671768188476563 -0.130615234375 -0.476348876953125
0.0247707366943359 0.00739669799804688 0.299072265625 -0.574951171875
0.0229949951171875 0.0142726898193359 0.72576904296875 -0.0179443359375
0.0184326171875 0.0289192199707031 0.57806396484375 0.61090087890625
0.0327987670898438 0.0759201049804688 0.11956787109375 0.484588623046875
0.0240936279296875 0.0944137573242188 0.0191802978515625 -0.0744400024414063
0.0587882995605469 0.050750732421875 -0.3634033203125 -0.4818115234375
0.0441741943359375 -0.0181159973144531 -0.822998046875 -0.12176513671875
0.0241355895996094 -0.023834228515625 -0.51116943359375 0.52532958984375
-0.000299245119094849 5.09917736053466E-05 0.115570068359375 0.537750244140625
-0.0235691070556641 0.00231170654296875 0.372100830078125 0.21771240234375
-0.0210113525390625 -0.000110626220703126 0.311737060546875 -0.108978271484375
0.00183629989624023 -0.00825977325439453 0.1162109375 -0.2584228515625
0.0177211761474609 -0.00222969055175781 -0.0920257568359375 0.176406860351563
0.0202751159667969 -0.00455284118652344 -0.220046997070312 -0.12152099609375
0.0100688934326172 -0.0131206512451172 -0.0864257812499999 -0.501953125
0.0205440521240234 -0.0087127685546875 0.370574951171875 -0.53515625
-0.00114798545837402 0.000987887382507324 0.735595703125 0.0889892578125
-0.0116310119628906 0.0132961273193359 0.5013427734375 0.6885986328125
0.0143928527832031 0.0422134399414063 0.076873779296875 0.47003173828125
0.0153274536132812 0.0493011474609375 0.015533447265625 -0.113906860351562
0.0288162231445313 0.0249824523925781 -0.41241455078125 -0.461944580078125
0.00681114196777344 -0.0230236053466797 -0.82440185546875 -0.02886962890625
0.001922607421875 -0.0316123962402344 -0.43768310546875 0.57208251953125
-0.00245285034179688 -0.0186061859130859 0.17388916015625 0.50579833984375
-0.00997257232666016 -0.01080322265625 0.387786865234375 0.16546630859375
-0.00656223297119141 0.0002899169921875 0.305755615234375 -0.13983154296875
0.00749588012695312 -0.00420093536376953 0.108062744140625 -0.263198852539063
0.0241680145263672 0.000629425048828125 -0.09906005859375 0.17559814453125
0.037109375 -0.0077056884765625 -0.2208251953125 -0.127593994140625
0.0249252319335938 -0.0293350219726563 -0.074310302734375 -0.503326416015625
0.0134162902832031 -0.0247440338134766 0.40087890625 -0.512237548828125
-0.0288333892822266 -0.014739990234375 0.7423095703125 0.13330078125
-0.0411605834960937 -0.0167236328125 0.47760009765625 0.71697998046875
0.00290536880493164 -0.00759649276733398 0.06292724609375 0.462371826171875
0.0108728408813477 -0.00757026672363281 0.0170059204101562 -0.132469177246094
-0.00675058364868164 -0.0015568733215332 -0.427154541015625 -0.456817626953125
-0.0330009460449219 -0.0195465087890625 -0.819091796875 0.00695800781249995
-0.0246601104736328 -0.0319690704345703 -0.40472412109375 0.59112548828125
-0.00848388671875 -0.0327377319335938 0.194610595703125 0.49798583984375
0.00317955017089844 -0.0249347686767578 0.385772705078125 0.14642333984375
0.00823736190795899 0.000532150268554688 0.297821044921875 -0.150299072265625
0.0132961273193359 0.000288963317871094 0.097076416015625 -0.265518188476563
0.0283279418945312 0.00030517578125 -0.104660034179688 0.179794311523437
0.0515365600585938 -0.00983428955078125 -0.23486328125 -0.115859985351562
0.0360908508300781 -0.0403099060058594 -0.096527099609375 -0.492431640625
0.0061798095703125 -0.0362968444824219 0.381134033203125 -0.52301025390625
-0.0552024841308594 -0.0294113159179687 0.7464599609375 0.10040283203125
-0.0734786987304688 -0.0505447387695313 0.50091552734375 0.69110107421875
-0.0067901611328125 -0.0632400512695313 0.079071044921875 0.45892333984375
0.00610733032226562 -0.0686531066894531 0.0246200561523438 -0.125877380371094
-0.042572021484375 -0.0312080383300781 -0.408721923828125 -0.463287353515625
-0.0708236694335938 -0.01654052734375 -0.813232421875 -0.018310546875
-0.0485115051269531 -0.0276641845703125 -0.42120361328125 0.58746337890625
-0.0145683288574219 -0.0412139892578125 0.1763916015625 0.519683837890625
0.0141029357910156 -0.0368728637695313 0.374298095703125 0.16949462890625
0.0221805572509766 -0.00177574157714844 0.290802001953125 -0.143585205078125
0.0182857513427734 0.00163650512695313 0.0936431884765625 -0.265975952148438
0.0287990570068359 -0.00116920471191406 -0.10882568359375 0.189376831054688
0.0605316162109375 -0.0110740661621094 -0.254714965820313 -0.087188720703125
0.0425071716308594 -0.0458297729492188 -0.15142822265625 -0.462921142578125
0.000408172607421873 -0.0403861999511719 0.3126220703125 -0.551666259765625
-0.0778427124023438 -0.0345535278320312 0.74298095703125 -0.000610351562500002
-0.106185913085938 -0.0719375610351563 0.5777587890625 0.6142578125
-0.0220260620117188 -0.110992431640625 0.126495361328125 0.462860107421875
0.00707244873046876 -0.122955322265625 0.0350189208984375 -0.0951614379882813
-0.0663337707519531 -0.064117431640625 -0.3560791015625 -0.484588623046875
-0.101837158203125 -0.0197830200195313 -0.8006591796875 -0.10321044921875
-0.0692291259765625 -0.0219917297363281 -0.482391357421875 0.549041748046875
-0.0196495056152344 -0.0427207946777344 0.122314453125 0.5660400390625
0.0206031799316406 -0.0435028076171875 0.34942626953125 0.227203369140625
0.0324287414550781 -0.00486946105957031 0.28533935546875 -0.117950439453125
0.0224037170410156 0.00042724609375 0.09490966796875 -0.266632080078125
-0.00755882263183594 -0.0187358856201172 -0.0703125 0.208358764648438
-0.0245571136474609 -0.00414466857910157 -0.255111694335938 0.029052734375
-0.0261764526367188 0.0462837219238281 -0.305328369140625 -0.302215576171875
0.0279922485351563 0.05023193359375 -0.0255126953125001 -0.60443115234375
0.0436820983886719 0.0309219360351562 0.560882568359375 -0.41595458984375
0.0478744506835938 0.00428009033203125 0.78485107421875 0.1923828125
0.0805892944335938 0.0451507568359375 0.3411865234375 0.46197509765625
0.0480499267578125 0.105339050292969 0.0482406616210938 0.0893020629882813
0.0714340209960938 0.0785369873046875 -0.11578369140625 -0.509857177734375
0.0781936645507813 0.0162429809570313 -0.6556396484375 -0.5408935546875
0.0496826171875 0.0113563537597656 -0.77520751953125 0.19537353515625
-0.00557708740234374 0.0454139709472656 -0.21343994140625 0.61492919921875
-0.0515594482421875 0.0387039184570313 0.200164794921875 0.4459228515625
-0.0373611450195313 0.00320053100585938 0.282958984375 0.03106689453125
-0.00316047668457031 -0.0184326171875 0.136962890625 -0.235885620117188
-0.00533866882324219 -0.0142707824707031 -0.0726776123046875 0.200546264648438
-0.0219039916992188 -0.000814437866210936 -0.2442626953125 -0.014312744140625
-0.0230369567871094 0.0404853820800781 -0.253997802734375 -0.373931884765625
0.0289192199707031 0.0390548706054688 0.0802612304687499 -0.62213134765625
0.0464248657226563 0.0260009765625 0.6361083984375 -0.30462646484375
0.0523643493652344 0.0156707763671875 0.7386474609375 0.33905029296875
0.0743331909179688 0.0713272094726563 0.26513671875 0.48406982421875
0.04168701171875 0.122535705566406 0.0358047485351563 0.0370330810546875
0.0789794921875 0.082000732421875 -0.201019287109375 -0.512939453125
0.081573486328125 0.00875091552734375 -0.74322509765625 -0.40545654296875
0.0520477294921875 0.00212860107421875 -0.70458984375 0.33319091796875
-0.0014495849609375 0.0347518920898437 -0.0949707031250001 0.61090087890625
-0.0472526550292969 0.029296875 0.27313232421875 0.3746337890625
-0.0369529724121094 0.000522613525390628 0.301910400390625 -0.0167236328125
-0.0030517578125 -0.0174274444580078 0.134475708007813 -0.245407104492188
0.000344276428222657 -0.00908756256103516 -0.077789306640625 0.19207763671875
-0.0123739242553711 0.000220298767089846 -0.233917236328125 -0.05938720703125
-0.0154666900634766 0.0258769989013672 -0.19244384765625 -0.435821533203125
0.0274314880371094 0.0248928070068359 0.19671630859375 -0.611328125
0.0395622253417969 0.021026611328125 0.6971435546875 -0.16192626953125
0.0417098999023438 0.0275497436523438 0.6634521484375 0.48834228515625
0.0562210083007812 0.0846710205078125 0.186798095703125 0.492279052734375
0.0324478149414062 0.11883544921875 0.0254173278808594 -0.0207633972167969
0.0755767822265625 0.0712966918945312 -0.288238525390625 -0.50347900390625
0.0704269409179688 -0.00555419921875 -0.80029296875 -0.2568359375
0.0430564880371094 -0.0113983154296875 -0.61199951171875 0.44683837890625
0.000606536865234374 0.0181388854980469 0.02301025390625 0.5814208984375
-0.0370597839355469 0.0165748596191406 0.334136962890625 0.29412841796875
-0.0300331115722656 -0.000867843627929681 0.311553955078125 -0.067138671875
-0.00174045562744141 -0.0134258270263672 0.128097534179688 -0.253631591796875
0.0081629753112793 -0.00511932373046875 -0.084075927734375 0.18310546875
0.00203347206115723 -0.00224995613098145 -0.22418212890625 -0.0960845947265624
-0.00297832489013672 0.00738525390625 -0.13232421875 -0.47857666015625
0.0245475769042969 0.00707817077636719 0.30108642578125 -0.57745361328125
0.0226345062255859 0.0141696929931641 0.7296142578125 -0.0185546875
0.0182018280029297 0.0290317535400391 0.5799560546875 0.61199951171875
0.0328140258789063 0.075714111328125 0.120086669921875 0.485992431640625
0.0237579345703125 0.0942153930664062 0.0180740356445312 -0.0737762451171875
0.0591392517089844 0.0513687133789063 -0.364990234375 -0.48333740234375
0.0439872741699219 -0.0178070068359375 -0.82684326171875 -0.12139892578125
0.0239086151123047 -0.0233898162841797 -0.513916015625 0.529144287109375
-0.000707864761352539 -0.000180244445800781 0.116790771484375 0.539886474609375
-0.0235729217529297 0.00333404541015625 0.37322998046875 0.218292236328125
-0.0199260711669922 -0.000244140624999999 0.312896728515625 -0.1104736328125
0.00176429748535156 -0.00941085815429688 0.117568969726563 -0.259872436523437
0.0167875289916992 -0.00391578674316406 -0.0924835205078125 0.177947998046875
0.0212917327880859 -0.00445747375488281 -0.221694946289063 -0.12176513671875
0.00984096527099609 -0.0127229690551758 -0.087799072265625 -0.50115966796875
0.020904541015625 -0.00936698913574219 0.372528076171875 -0.537384033203125
-0.00129926204681396 0.00131082534790039 0.737548828125 0.08935546875
-0.0121250152587891 0.0131940841674805 0.50341796875 0.6895751953125
0.0141067504882812 0.0431480407714844 0.074981689453125 0.473419189453125
0.0158576965332031 0.0495071411132813 0.0162429809570312 -0.113449096679688
0.0284004211425781 0.0259685516357422 -0.41131591796875 -0.46533203125
0.00661277770996094 -0.0215930938720703 -0.82916259765625 -0.0296630859375002
0.000900268554687498 -0.0312671661376953 -0.439453125 0.5736083984375
-0.00278663635253906 -0.0180683135986328 0.17364501953125 0.508270263671875
-0.0100622177124023 -0.0105056762695313 0.389129638671875 0.166900634765625
-0.00622701644897461 0.000555515289306642 0.306610107421875 -0.140228271484375
0.00647497177124023 -0.00478744506835938 0.107955932617188 -0.264251708984375
0.0243854522705078 -0.000532150268554688 -0.09869384765625 0.176376342773438
0.0378608703613281 -0.008087158203125 -0.222137451171875 -0.126174926757813
0.0255966186523438 -0.029083251953125 -0.074737548828125 -0.50543212890625
0.012481689453125 -0.0250511169433594 0.400726318359375 -0.515777587890625
-0.0287895202636719 -0.0142116546630859 0.745361328125 0.13446044921875
-0.0416450500488281 -0.0168609619140625 0.47900390625 0.71905517578125
0.00325965881347656 -0.00793838500976563 0.06378173828125 0.463134765625
0.0104904174804688 -0.00789642333984375 0.0167312622070313 -0.132568359375
-0.00742387771606445 -0.00128507614135742 -0.428131103515625 -0.458038330078125
-0.0324459075927734 -0.0189628601074219 -0.82318115234375 0.00750732421875017
-0.0246677398681641 -0.0313014984130859 -0.40521240234375 0.595703125
-0.00845527648925781 -0.0334358215332031 0.194000244140625 0.500732421875
0.00357437133789063 -0.0246715545654297 0.388427734375 0.148345947265625
0.0086359977722168 0.000965118408203125 0.299072265625 -0.151702880859375
0.0136938095092773 -0.000605583190917969 0.097686767578125 -0.266799926757813
0.0279083251953125 -0.000566482543945313 -0.104827880859375 0.181137084960937
0.0519523620605469 -0.0104179382324219 -0.235397338867188 -0.115234375
0.0363578796386719 -0.0405387878417969 -0.0980224609375 -0.4945068359375
0.006256103515625 -0.0364990234375 0.383453369140625 -0.52642822265625
-0.0564537048339844 -0.0295829772949219 0.748291015625 0.102294921875
-0.0736770629882812 -0.0507659912109375 0.50372314453125 0.69427490234375
-0.00728988647460938 -0.0646095275878906 0.078948974609375 0.459503173828125
0.00651931762695313 -0.0686798095703125 0.024566650390625 -0.125518798828125
-0.0425453186035156 -0.0311050415039062 -0.409271240234375 -0.465301513671875
-0.0709915161132813 -0.014984130859375 -0.81536865234375 -0.0192260742187501
-0.0487174987792969 -0.0271034240722656 -0.42218017578125 0.58905029296875
-0.0140342712402344 -0.0411224365234375 0.17840576171875 0.52398681640625
0.0145416259765625 -0.0367317199707031 0.375885009765625 0.170135498046875
0.0223350524902344 -0.00184440612792969 0.291839599609375 -0.145599365234375
0.0189895629882813 0.00104141235351563 0.0939788818359375 -0.267959594726563
0.0289382934570313 -0.00235176086425781 -0.109161376953125 0.189849853515625
0.061248779296875 -0.011474609375 -0.255722045898438 -0.085845947265625
0.0426712036132813 -0.0455131530761719 -0.152374267578125 -0.4659423828125
-0.000595092773437499 -0.0401115417480469 0.3150634765625 -0.55413818359375
-0.0788726806640625 -0.034576416015625 0.7476806640625 0.0020751953125
-0.106246948242187 -0.0723724365234375 0.580078125 0.6158447265625
-0.0222320556640625 -0.111518859863281 0.12579345703125 0.46258544921875
0.00744628906250001 -0.123741149902344 0.0352325439453125 -0.0959625244140625
-0.0663642883300781 -0.0642013549804688 -0.356964111328125 -0.485992431640625
-0.101776123046875 -0.0198211669921875 -0.803955078125 -0.103515625
-0.0698699951171875 -0.0215187072753906 -0.485687255859375 0.55126953125
-0.0202217102050781 -0.0432815551757812 0.123046875 0.5693359375
0.0211982727050781 -0.0441055297851563 0.350738525390625 0.2276611328125
0.0324802398681641 -0.00500297546386719 0.28558349609375 -0.1190185546875
0.0218505859375 -0.000125885009765625 0.094970703125 -0.267410278320312
-0.00695610046386719 -0.0195541381835938 -0.069793701171875 0.208877563476563
-0.0242481231689453 -0.00375938415527344 -0.256866455078125 0.0299530029296876
-0.0267448425292969 0.0478363037109375 -0.306549072265625 -0.302734375
0.0280075073242188 0.0505752563476563 -0.0269775390625 -0.6068115234375
0.044097900390625 0.0316162109375 0.5626220703125 -0.418701171875
0.0483856201171875 0.00394821166992188 0.78826904296875 0.19091796875
0.0812301635742188 0.0445709228515625 0.34185791015625 0.462127685546875
0.04779052734375 0.104377746582031 0.0480422973632812 0.0906982421875
0.0716552734375 0.077789306640625 -0.114288330078125 -0.512786865234375
0.0788345336914063 0.0172119140625 -0.6593017578125 -0.54327392578125
0.0497322082519531 0.0105094909667969 -0.78021240234375 0.19757080078125
-0.00561141967773438 0.0454254150390625 -0.21331787109375 0.62042236328125
-0.0516471862792969 0.0397834777832031 0.201995849609375 0.448944091796875
-0.0381813049316406 0.00342559814453125 0.28460693359375 0.029754638671875
-0.00356101989746094 -0.0188713073730469 0.136962890625 -0.237991333007813
-0.00514411926269531 -0.0149927139282227 -0.0730743408203125 0.201187133789062
-0.0213909149169922 -0.000471115112304683 -0.246002197265625 -0.01348876953125
-0.0227012634277344 0.0413436889648438 -0.2559814453125 -0.37628173828125
0.0290985107421875 0.0390739440917969 0.08038330078125 -0.625244140625
0.0465621948242188 0.025543212890625 0.63916015625 -0.3060302734375
0.0531196594238281 0.0158958435058594 0.74420166015625 0.33941650390625
0.074371337890625 0.070648193359375 0.265869140625 0.485382080078125
0.0415496826171875 0.122245788574219 0.0358390808105469 0.0370826721191406
0.0790863037109375 0.082550048828125 -0.201507568359375 -0.513763427734375
0.08245849609375 0.00858306884765625 -0.74530029296875 -0.404296875
0.0517768859863281 0.0021209716796875 -0.70880126953125 0.33477783203125
-0.00191497802734375 0.0350303649902344 -0.0928955078125 0.614501953125
-0.0465850830078125 0.0298652648925781 0.275665283203125 0.37701416015625
-0.0365066528320313 0.000328063964843747 0.304168701171875 -0.018524169921875
-0.00281524658203125 -0.0179195404052734 0.13543701171875 -0.247055053710937
0.000210762023925781 -0.0105276107788086 -0.0771636962890625 0.191436767578125
-0.0125694274902344 0.000199317932128906 -0.235076904296875 -0.0588531494140624
-0.014892578125 0.0267009735107422 -0.193206787109375 -0.438995361328125
0.0279521942138672 0.0250244140625 0.197021484375 -0.61395263671875
0.0399589538574219 0.02069091796875 0.70098876953125 -0.162841796875
0.0428123474121094 0.0275917053222656 0.66827392578125 0.4892578125
0.055694580078125 0.0841064453125 0.1876220703125 0.49407958984375
0.0330734252929687 0.11932373046875 0.0254573822021484 -0.0203914642333984
0.0755462646484375 0.0711822509765625 -0.289459228515625 -0.50445556640625
0.0710372924804688 -0.00548553466796875 -0.8055419921875 -0.25689697265625
0.0430870056152344 -0.0117111206054688 -0.61383056640625 0.4510498046875
0.000154495239257814 0.0189647674560547 0.024169921875 0.5850830078125
-0.0371780395507813 0.0174102783203125 0.33551025390625 0.29595947265625
-0.0303230285644531 -0.000869750976562506 0.313262939453125 -0.0679931640625
-0.00118255615234375 -0.0147476196289063 0.128219604492188 -0.255722045898438
0.00841856002807617 -0.00647401809692383 -0.08447265625 0.183837890625
0.00253176689147949 -0.00154495239257813 -0.225738525390625 -0.0956878662109375
-0.00347185134887695 0.00794219970703125 -0.133514404296875 -0.482025146484375
0.0247993469238281 0.00724411010742187 0.3021240234375 -0.58062744140625
0.0231571197509766 0.0145015716552734 0.7314453125 -0.018798828125
0.0189590454101563 0.0291080474853516 0.581787109375 0.6158447265625
0.03192138671875 0.075469970703125 0.121368408203125 0.48828125
0.0243606567382813 0.0943374633789063 0.019317626953125 -0.0738525390625
0.0594711303710937 0.0506057739257812 -0.365081787109375 -0.483367919921875
0.0445594787597656 -0.0172920227050781 -0.8299560546875 -0.12091064453125
0.0237979888916016 -0.0240116119384766 -0.516448974609375 0.53204345703125
-0.00048258900642395 0.00040435791015625 0.11859130859375 0.545257568359375
-0.0246086120605469 0.00346946716308594 0.3758544921875 0.219512939453125
-0.019683837890625 0.000307083129882815 0.3140869140625 -0.111480712890625
0.00198173522949219 -0.00936222076416016 0.117813110351562 -0.26171875
0.0177459716796875 -0.00547981262207031 -0.0921478271484375 0.178359985351563
0.0213699340820313 -0.00451087951660156 -0.223800659179688 -0.120468139648437
0.0102519989013672 -0.0124197006225586 -0.08935546875 -0.5050048828125
0.0200595855712891 -0.00921821594238281 0.373626708984375 -0.54144287109375
-0.00120127201080322 0.000949978828430176 0.7430419921875 0.09027099609375
-0.0116062164306641 0.0135469436645508 0.505615234375 0.6927490234375
0.014129638671875 0.0417671203613281 0.075225830078125 0.473297119140625
0.0146331787109375 0.0489578247070313 0.015594482421875 -0.113082885742188
0.0281867980957031 0.026031494140625 -0.4151611328125 -0.465362548828125
0.00733566284179687 -0.0214500427246094 -0.8333740234375 -0.0278930664062499
0.000619888305664063 -0.0313472747802734 -0.4412841796875 0.57867431640625
-0.00306892395019531 -0.0176029205322266 0.17572021484375 0.511383056640625
-0.0103340148925781 -0.0102109909057617 0.3914794921875 0.167236328125
-0.00630092620849609 0.000200271606445313 0.307281494140625 -0.142303466796875
0.00680303573608398 -0.00497674942016601 0.108306884765625 -0.266860961914063
0.0250148773193359 -0.00162887573242187 -0.0986480712890625 0.176910400390625
0.0382728576660156 -0.00829315185546875 -0.223922729492188 -0.125839233398437
0.0253963470458984 -0.0290565490722656 -0.075927734375 -0.5067138671875
0.0120086669921875 -0.0248947143554688 0.4024658203125 -0.518524169921875
-0.0293064117431641 -0.0144424438476562 0.7486572265625 0.13427734375
-0.0416412353515625 -0.0166206359863281 0.4808349609375 0.72235107421875
0.00228786468505859 -0.0078272819519043 0.06341552734375 0.46368408203125
0.0105819702148437 -0.00816249847412109 0.016845703125 -0.132583618164063
-0.00693655014038086 -0.00115442276000977 -0.43011474609375 -0.45904541015625
-0.0324230194091797 -0.0183868408203125 -0.8271484375 0.00836181640625003
-0.0251140594482422 -0.0317230224609375 -0.40704345703125 0.59912109375
-0.00869560241699219 -0.0335330963134766 0.19635009765625 0.50421142578125
0.00299644470214844 -0.0240726470947266 0.389801025390625 0.14801025390625
0.00902557373046875 0.000314712524414063 0.29925537109375 -0.153167724609375
0.0139284133911133 -0.000590324401855469 0.0972900390625 -0.268341064453125
0.0279254913330078 -0.00199317932128906 -0.10516357421875 0.182083129882813
0.0529136657714844 -0.0115089416503906 -0.236846923828125 -0.115127563476563
0.0360260009765625 -0.0405807495117188 -0.099822998046875 -0.496429443359375
0.00579071044921875 -0.0363883972167969 0.383636474609375 -0.5279541015625
-0.0564002990722656 -0.0299644470214844 0.754638671875 0.1026611328125
-0.0731048583984375 -0.050506591796875 0.50714111328125 0.6953125
-0.00696563720703125 -0.0647506713867188 0.078521728515625 0.460479736328125
0.00665283203124999 -0.0696830749511719 0.0248794555664062 -0.126274108886719
-0.0430908203125 -0.0312385559082031 -0.41180419921875 -0.467315673828125
-0.0706558227539063 -0.0151748657226563 -0.82098388671875 -0.01605224609375
-0.048614501953125 -0.0273017883300781 -0.424560546875 0.59332275390625
-0.0145530700683594 -0.0417823791503906 0.17913818359375 0.52703857421875
0.014129638671875 -0.0361900329589844 0.378326416015625 0.1693115234375
0.0232372283935547 -0.00205421447753906 0.291900634765625 -0.147125244140625
0.0185394287109375 0.000835418701171875 0.0945587158203125 -0.269683837890625
0.0287857055664063 -0.00348281860351563 -0.109085083007812 0.190902709960938
0.0615463256835938 -0.0122146606445312 -0.258056640625 -0.0848388671875
0.0430984497070313 -0.0461578369140625 -0.1539306640625 -0.467803955078125
-0.000858306884765626 -0.0400657653808594 0.315521240234375 -0.55621337890625
-0.0796661376953125 -0.0338897705078125 0.75079345703125 0.00244140625
-0.106414794921875 -0.0721359252929688 0.5826416015625 0.618896484375
-0.0230865478515625 -0.111869812011719 0.124847412109375 0.464599609375
0.00751495361328126 -0.124580383300781 0.0351486206054688 -0.0957717895507813
-0.06640625 -0.0649528503417969 -0.35894775390625 -0.48699951171875
-0.102188110351563 -0.0184555053710937 -0.80694580078125 -0.1031494140625
-0.0704803466796875 -0.0209274291992188 -0.486907958984375 0.55621337890625
-0.0202903747558594 -0.0436477661132813 0.1260986328125 0.57177734375
0.0210380554199219 -0.0441703796386719 0.35308837890625 0.229278564453125
0.0330448150634766 -0.00535202026367188 0.286224365234375 -0.1212158203125
0.0222492218017578 -0.000545501708984375 0.0948028564453125 -0.2694091796875
-0.00739479064941406 -0.020721435546875 -0.070892333984375 0.210128784179688
-0.0245933532714844 -0.00390052795410157 -0.25921630859375 0.031158447265625
-0.0262832641601563 0.0483894348144531 -0.310882568359375 -0.304351806640625
0.0285797119140625 0.0511283874511719 -0.02886962890625 -0.610107421875
0.0441360473632813 0.0318946838378906 0.566650390625 -0.4212646484375
0.0484848022460938 0.00463485717773438 0.7923583984375 0.1890869140625
0.08172607421875 0.044219970703125 0.344879150390625 0.4638671875
0.0493240356445312 0.105110168457031 0.048309326171875 0.0912094116210937
0.072265625 0.078948974609375 -0.11669921875 -0.513519287109375
0.0795364379882813 0.0172653198242188 -0.6650390625 -0.5447998046875
0.05035400390625 0.0108604431152344 -0.78363037109375 0.2003173828125
-0.0051422119140625 0.0460128784179687 -0.21142578125 0.6246337890625
-0.0518989562988281 0.0404014587402344 0.205474853515625 0.451324462890625
-0.0376358032226563 0.00423049926757812 0.28558349609375 0.02923583984375
-0.00407600402832031 -0.0197162628173828 0.13739013671875 -0.240692138671875
-0.00513076782226563 -0.0158796310424805 -0.07281494140625 0.202316284179687
-0.0213241577148438 -0.000455856323242186 -0.248138427734375 -0.0120697021484375
-0.0225906372070312 0.0419502258300781 -0.2584228515625 -0.376129150390625
0.0288505554199219 0.0395965576171875 0.07965087890625 -0.627685546875
0.0468788146972656 0.0258598327636719 0.64251708984375 -0.30963134765625
0.0539588928222656 0.0157051086425781 0.74847412109375 0.3389892578125
0.07476806640625 0.0709457397460938 0.267669677734375 0.486053466796875
0.0415802001953125 0.12176513671875 0.0362091064453125 0.0375251770019531
0.0792922973632813 0.082916259765625 -0.205108642578125 -0.515838623046875
0.0831832885742188 0.0087432861328125 -0.7501220703125 -0.40447998046875
0.052276611328125 0.00146865844726562 -0.71319580078125 0.33941650390625
-0.00149154663085937 0.0349769592285156 -0.09112548828125 0.61822509765625
-0.047119140625 0.0304069519042969 0.278717041015625 0.3782958984375
-0.0367279052734375 0.000450134277343749 0.304443359375 -0.018218994140625
-0.0034332275390625 -0.0177078247070312 0.134429931640625 -0.249069213867188
0.000599861145019531 -0.0118541717529297 -0.0779266357421875 0.1939697265625
-0.0113906860351563 0.000777244567871095 -0.236648559570313 -0.058441162109375
-0.0147266387939453 0.0277118682861328 -0.1971435546875 -0.44146728515625
0.0281963348388672 0.0243568420410156 0.19659423828125 -0.61785888671875
0.0398635864257813 0.0205764770507813 0.704833984375 -0.1663818359375
0.0423622131347656 0.0283050537109375 0.6729736328125 0.49029541015625
0.055511474609375 0.0839004516601562 0.18896484375 0.49517822265625
0.0333099365234375 0.119407653808594 0.0258140563964844 -0.0202960968017578
0.0764617919921875 0.071685791015625 -0.292999267578125 -0.505096435546875
0.0715560913085938 -0.0050811767578125 -0.80963134765625 -0.2545166015625
0.0427207946777344 -0.0121917724609375 -0.61614990234375 0.45428466796875
1.17067852885394E-18 0.0191192626953125 0.0262451171875001 0.5889892578125
-0.0369644165039063 0.0174064636230469 0.339141845703125 0.2965087890625
-0.0296669006347656 0.00014114379882813 0.314910888671875 -0.070281982421875
-0.000978469848632813 -0.0147027969360352 0.12847900390625 -0.25689697265625
0.00884723663330078 -0.00707340240478516 -0.08489990234375 0.184661865234375
0.00274562835693359 -0.00152730941772461 -0.227615356445313 -0.094268798828125
-0.0028223991394043 0.008575439453125 -0.135711669921875 -0.48443603515625
0.0251235961914063 0.00738906860351563 0.3018798828125 -0.58355712890625
0.0235214233398438 0.0146827697753906 0.73712158203125 -0.020751953125
0.0187339782714844 0.0290107727050781 0.58740234375 0.615966796875
0.0325088500976563 0.07489013671875 0.12188720703125 0.49017333984375
0.0244979858398438 0.0938873291015625 0.0188446044921875 -0.0737533569335938
0.059783935546875 0.0507240295410156 -0.36993408203125 -0.4854736328125
0.0448036193847656 -0.0164451599121094 -0.83563232421875 -0.11883544921875
0.0246334075927734 -0.0239219665527344 -0.5177001953125 0.538421630859375
-0.00070875883102417 0.000260591506958008 0.121368408203125 0.548980712890625
-0.0247135162353516 0.004425048828125 0.37762451171875 0.21856689453125
-0.0198173522949219 -6.29425048828099E-05 0.31488037109375 -0.113739013671875
0.00203514099121094 -0.00969409942626953 0.117172241210938 -0.26324462890625
0.0178661346435547 -0.0059356689453125 -0.0920257568359375 0.179489135742188
0.0227508544921875 -0.00519561767578125 -0.225509643554687 -0.11895751953125
0.0104885101318359 -0.0119419097900391 -0.0898132324218751 -0.507415771484375
0.0199069976806641 -0.0088348388671875 0.374114990234375 -0.54437255859375
-0.000835180282592773 0.00164592266082764 0.7454833984375 0.09075927734375
-0.0110149383544922 0.0138406753540039 0.5111083984375 0.693603515625
0.0143470764160156 0.0421638488769531 0.07757568359375 0.474761962890625
0.0159568786621094 0.0483322143554688 0.0157852172851562 -0.113883972167969
0.029083251953125 0.0255222320556641 -0.418060302734375 -0.46551513671875
0.00771331787109375 -0.0210361480712891 -0.83782958984375 -0.0243530273437501
4.38690185546869E-05 -0.0317764282226563 -0.4415283203125 0.58258056640625
-0.00397491455078125 -0.0175895690917969 0.179473876953125 0.51422119140625
-0.00979042053222656 -0.0102272033691406 0.393890380859375 0.1663818359375
-0.00613021850585938 0.000838756561279296 0.30877685546875 -0.144134521484375
0.00659465789794922 -0.00569677352905273 0.108230590820313 -0.268966674804688
0.0250339508056641 -0.00318336486816406 -0.0984039306640625 0.178146362304688
0.0387725830078125 -0.00895309448242188 -0.225143432617188 -0.123947143554688
0.0254859924316406 -0.0286102294921875 -0.078704833984375 -0.509552001953125
0.0128021240234375 -0.0248088836669922 0.404052734375 -0.5216064453125
-0.0298976898193359 -0.0144462585449219 0.755615234375 0.133056640625
-0.0412788391113281 -0.0161094665527344 0.48699951171875 0.724365234375
0.00185251235961914 -0.0085597038269043 0.0645751953125 0.466400146484375
0.00989055633544922 -0.00836658477783203 0.0168075561523438 -0.133384704589844
-0.0068058967590332 -0.00199317932128906 -0.435150146484375 -0.4586181640625
-0.0324935913085937 -0.0179271697998047 -0.83123779296875 0.0121459960937502
-0.0249614715576172 -0.0316581726074219 -0.408447265625 0.603759765625
-0.00912284851074219 -0.0329151153564453 0.199188232421875 0.507720947265625
0.00323295593261719 -0.0244789123535156 0.393157958984375 0.14703369140625
0.00910186767578125 9.25064086914063E-05 0.30029296875 -0.1561279296875
0.0138492584228516 -0.00146484375 0.097686767578125 -0.270645141601562
0.0278434753417969 -0.00274276733398438 -0.10455322265625 0.183212280273438
0.0531654357910156 -0.0119590759277344 -0.238540649414063 -0.113006591796875
0.0366897583007813 -0.0407257080078125 -0.101959228515625 -0.4993896484375
0.0052032470703125 -0.0360641479492187 0.384246826171875 -0.533233642578125
-0.0577774047851563 -0.0294723510742187 0.75701904296875 0.0997314453125
-0.0733184814453125 -0.0502395629882812 0.5125732421875 0.69635009765625
-0.00766754150390624 -0.0652542114257813 0.079986572265625 0.462646484375
0.006317138671875 -0.0708084106445313 0.0248031616210938 -0.126167297363281
-0.0427894592285156 -0.0315933227539062 -0.414398193359375 -0.46875
-0.0709075927734375 -0.0145721435546875 -0.8251953125 -0.0142822265625001
-0.049652099609375 -0.0271835327148438 -0.425048828125 0.5966796875
-0.0150794982910156 -0.0422935485839844 0.181854248046875 0.52960205078125
0.0143241882324219 -0.0363311767578125 0.380615234375 0.170623779296875
0.0233955383300781 -0.00279045104980469 0.2935791015625 -0.1494140625
0.0191307067871094 -0.000307083129882813 0.0934295654296875 -0.272201538085938
0.028564453125 -0.00474929809570313 -0.108306884765625 0.192977905273438
0.0619392395019531 -0.0128211975097656 -0.259567260742188 -0.0831298828125
0.0426101684570313 -0.0460853576660156 -0.156768798828125 -0.469329833984375
-0.000961303710937497 -0.0402069091796875 0.314422607421875 -0.562286376953125
-0.08074951171875 -0.0344467163085938 0.7554931640625 -0.00189208984375
-0.107223510742188 -0.0716094970703125 0.58978271484375 0.618896484375
-0.023345947265625 -0.112632751464844 0.1270751953125 0.465850830078125
0.00628662109374999 -0.125328063964844 0.0352935791015625 -0.0955657958984375
-0.0662765502929688 -0.0655364990234375 -0.362152099609375 -0.488983154296875
-0.101570129394531 -0.0182723999023438 -0.8111572265625 -0.10101318359375
-0.0711746215820313 -0.0206451416015625 -0.487823486328125 0.56097412109375
-0.0209426879882813 -0.0431098937988281 0.1282958984375 0.57586669921875
0.0211868286132813 -0.0445518493652344 0.355377197265625 0.2296142578125
0.0333251953125 -0.00551223754882813 0.287017822265625 -0.12384033203125
0.0228443145751953 -0.000804901123046875 0.0936279296875 -0.2713623046875
-0.0072784423828125 -0.0221595764160156 -0.069854736328125 0.2109375
-0.0242881774902344 -0.00362586975097656 -0.261383056640625 0.034423828125
-0.0261001586914062 0.0493736267089844 -0.314727783203125 -0.304931640625
0.0286521911621094 0.0510025024414062 -0.0306396484375 -0.61383056640625
0.0446586608886719 0.0317955017089844 0.5655517578125 -0.42584228515625
0.0488662719726563 0.0038604736328125 0.7994384765625 0.18682861328125
0.0804901123046875 0.0439300537109375 0.347808837890625 0.463958740234375
0.0499420166015625 0.1044921875 0.0496749877929687 0.0916366577148438
0.07342529296875 0.0786666870117188 -0.119384765625 -0.515716552734375
0.0797348022460938 0.0180892944335938 -0.669921875 -0.54345703125
0.0501213073730469 0.0107002258300781 -0.78717041015625 0.20611572265625
-0.00506973266601563 0.04620361328125 -0.21124267578125 0.63128662109375
-0.0521469116210938 0.0415306091308594 0.208648681640625 0.452606201171875
-0.0377883911132813 0.00439453125000001 0.28729248046875 0.02752685546875
-0.00351905822753906 -0.0198764801025391 0.136871337890625 -0.242645263671875
-0.00516986846923828 -0.0174903869628906 -0.0720672607421875 0.203887939453125
-0.0209064483642578 0.000118255615234371 -0.250839233398438 -0.0100708007812501
-0.0226821899414063 0.0430107116699219 -0.262664794921875 -0.377655029296875
0.0293540954589844 0.0396804809570313 0.0772705078125001 -0.6319580078125
0.0467681884765625 0.025726318359375 0.64532470703125 -0.31396484375
0.054168701171875 0.0156402587890625 0.7542724609375 0.33685302734375
0.0751800537109375 0.0703582763671875 0.270660400390625 0.48675537109375
0.042327880859375 0.122764587402344 0.0365715026855469 0.0387458801269531
0.08038330078125 0.082275390625 -0.208221435546875 -0.51776123046875
0.0837020874023438 0.0087127685546875 -0.75689697265625 -0.40301513671875
0.0526885986328125 0.0013427734375 -0.71466064453125 0.34442138671875
-0.00117683410644531 0.0348968505859375 -0.088134765625 0.62518310546875
-0.0462989807128906 0.0314178466796875 0.281524658203125 0.37982177734375
-0.0361137390136719 0.000637054443359379 0.30670166015625 -0.0211181640625
-0.00313186645507813 -0.0182628631591797 0.134567260742187 -0.250900268554688
0.00123691558837891 -0.0127506256103516 -0.07720947265625 0.194564819335937
-0.0116128921508789 0.000287055969238284 -0.239852905273437 -0.0555572509765625
-0.0148124694824219 0.0284805297851562 -0.19989013671875 -0.441009521484375
0.0277347564697266 0.0243911743164063 0.1954345703125 -0.62286376953125
0.0402336120605469 0.0203514099121094 0.707763671875 -0.1695556640625
0.0435371398925781 0.0277481079101563 0.67919921875 0.488525390625
0.0556716918945313 0.08392333984375 0.190765380859375 0.49591064453125
0.0333328247070313 0.118759155273437 0.0263919830322266 -0.0189762115478516
0.077392578125 0.071533203125 -0.29730224609375 -0.506927490234375
0.0719451904296875 -0.00495147705078125 -0.81396484375 -0.25384521484375
0.0431137084960938 -0.0123405456542969 -0.618408203125 0.4600830078125
0.000452041625976564 0.0191917419433594 0.02935791015625 0.59405517578125
-0.0374183654785156 0.018707275390625 0.342620849609375 0.296875
-0.0307903289794922 -0.000318527221679683 0.315948486328125 -0.072113037109375
-0.00157642364501953 -0.0154352188110352 0.128524780273438 -0.260223388671875
0.00900840759277344 -0.00905895233154297 -0.0837554931640625 0.186187744140625
0.00348687171936035 -0.00202417373657227 -0.22991943359375 -0.0933074951171875
-0.00310325622558594 0.00887966156005859 -0.1392822265625 -0.487060546875
0.0250263214111328 0.00800132751464844 0.30126953125 -0.5867919921875
0.0233535766601563 0.0138339996337891 0.74407958984375 -0.02410888671875
0.0197772979736328 0.0297012329101563 0.59375 0.61578369140625
0.0325241088867188 0.075469970703125 0.125091552734375 0.4898681640625
0.0243759155273437 0.093719482421875 0.018829345703125 -0.0738449096679688
0.0607109069824219 0.0506172180175781 -0.373016357421875 -0.4864501953125
0.0453910827636719 -0.0168724060058594 -0.84039306640625 -0.11639404296875
0.0242729187011719 -0.0240936279296875 -0.518890380859375 0.5430908203125
-0.000257045030593872 0.000286132097244263 0.1256103515625 0.55218505859375
-0.0237064361572266 0.00428581237792968 0.3817138671875 0.219390869140625
-0.0198497772216797 0.000488281250000004 0.316925048828125 -0.116973876953125
0.00226306915283203 -0.0104312896728516 0.11700439453125 -0.266036987304688
0.0178813934326172 -0.00769996643066406 -0.091278076171875 0.181396484375
0.0227222442626953 -0.00583267211914063 -0.228607177734375 -0.116867065429688
0.0102787017822266 -0.0121450424194336 -0.0946350097656251 -0.51104736328125
0.0204296112060547 -0.00946426391601563 0.3751220703125 -0.549224853515625
-0.00128960609436035 0.00195455551147461 0.75299072265625 0.08758544921875
-0.0115137100219727 0.0149679183959961 0.51806640625 0.696533203125
0.0132560729980469 0.0422439575195313 0.0789184570312501 0.476959228515625
0.0155029296875 0.0482521057128906 0.01568603515625 -0.113845825195313
0.0289669036865234 0.0255851745605469 -0.422821044921875 -0.466583251953125
0.00722694396972656 -0.0211448669433594 -0.8441162109375 -0.02276611328125
0.000337600708007809 -0.0314674377441406 -0.44244384765625 0.5885009765625
-0.00298690795898438 -0.0188503265380859 0.184234619140625 0.518829345703125
-0.00980567932128906 -0.00992202758789063 0.397613525390625 0.166778564453125
-0.00514888763427734 0.000422477722167969 0.3095703125 -0.147552490234375
0.00720548629760742 -0.0051426887512207 0.108535766601562 -0.27081298828125
0.0252456665039063 -0.004791259765625 -0.0985870361328125 0.18011474609375
0.0390243530273438 -0.00964736938476563 -0.227737426757813 -0.123077392578125
0.0249080657958984 -0.0285682678222656 -0.081024169921875 -0.51409912109375
0.0118350982666016 -0.0245113372802734 0.404296875 -0.52691650390625
-0.0308742523193359 -0.0143947601318359 0.7598876953125 0.13037109375
-0.0414237976074219 -0.0159454345703125 0.49127197265625 0.72528076171875
0.00177383422851562 -0.00866603851318359 0.06756591796875 0.467559814453125
0.00915241241455078 -0.00887393951416016 0.0163726806640625 -0.13330078125
-0.0072932243347168 -0.0020756721496582 -0.43975830078125 -0.4599609375
-0.0323772430419922 -0.0176486968994141 -0.8385009765625 0.0161743164062501
-0.0260543823242188 -0.0309619903564453 -0.40802001953125 0.609619140625
-0.00922393798828125 -0.0330829620361328 0.20391845703125 0.51092529296875
0.00374412536621094 -0.024017333984375 0.395721435546875 0.14837646484375
0.00976181030273437 0.000607490539550781 0.301666259765625 -0.15966796875
0.0135459899902344 -0.001922607421875 0.097381591796875 -0.272476196289063
0.0284233093261719 -0.00414276123046875 -0.104141235351563 0.185333251953125
0.0533943176269531 -0.0117912292480469 -0.2412109375 -0.111175537109375
0.0369911193847656 -0.0410804748535156 -0.104766845703125 -0.501861572265625
0.00486373901367188 -0.0368614196777344 0.385223388671875 -0.536773681640625
-0.0580825805664063 -0.0291900634765625 0.76324462890625 0.0985107421875
-0.0748672485351562 -0.0498275756835937 0.51837158203125 0.69952392578125
-0.00847244262695313 -0.0657272338867188 0.0810546875 0.463958740234375
0.00602722167968749 -0.0715408325195313 0.0243148803710938 -0.126708984375
-0.0435104370117188 -0.0317344665527344 -0.419403076171875 -0.467437744140625
-0.0716629028320313 -0.0142288208007812 -0.829833984375 -0.0110473632812501
-0.0499038696289062 -0.0260047912597656 -0.4249267578125 0.60321044921875
-0.0151596069335938 -0.0423583984375 0.187286376953125 0.532989501953125
0.0142974853515625 -0.0369186401367188 0.383819580078125 0.169708251953125
0.0236339569091797 -0.002349853515625 0.293060302734375 -0.15191650390625
0.0187129974365234 -0.00104331970214844 0.092529296875 -0.274520874023438
0.0291595458984375 -0.00561714172363281 -0.108047485351562 0.194656372070313
0.0630569458007813 -0.0139579772949219 -0.260955810546875 -0.0819549560546875
0.0434494018554688 -0.0463943481445313 -0.15948486328125 -0.47149658203125
-0.00162124633789062 -0.0404396057128906 0.31439208984375 -0.56561279296875
-0.081939697265625 -0.0338897705078125 0.7613525390625 -0.00537109375
-0.107620239257813 -0.07183837890625 0.5943603515625 0.62054443359375
-0.0238494873046875 -0.113616943359375 0.12884521484375 0.466522216796875
0.00592803955078126 -0.127250671386719 0.0347976684570313 -0.0957412719726563
-0.0670051574707031 -0.0651016235351563 -0.366607666015625 -0.489471435546875
-0.102210998535156 -0.0170135498046875 -0.81829833984375 -0.0974731445312499
-0.0720367431640625 -0.0198898315429687 -0.48944091796875 0.56634521484375
-0.0214614868164063 -0.0435523986816406 0.13287353515625 0.58056640625
0.0215339660644531 -0.0450973510742188 0.358795166015625 0.22894287109375
0.0338153839111328 -0.00591087341308594 0.287567138671875 -0.1260986328125
0.0226879119873047 -0.00141716003417969 0.093048095703125 -0.273422241210938
-0.00733375549316406 -0.0231342315673828 -0.069976806640625 0.212936401367188
-0.0236721038818359 -0.00374794006347656 -0.263290405273438 0.03619384765625
-0.02520751953125 0.0504531860351563 -0.317626953125 -0.30450439453125
0.0295181274414063 0.0506668090820313 -0.037109375 -0.617919921875
0.044891357421875 0.0312576293945313 0.56964111328125 -0.4317626953125
0.048614501953125 0.00429916381835938 0.80548095703125 0.181640625
0.0808639526367188 0.0428619384765625 0.351959228515625 0.465240478515625
0.0501785278320313 0.103866577148438 0.049652099609375 0.092193603515625
0.0741653442382813 0.0778732299804688 -0.1231689453125 -0.517547607421875
0.0809783935546875 0.0174942016601563 -0.677734375 -0.54248046875
0.0500755310058594 0.0101814270019531 -0.7908935546875 0.21246337890625
-0.00490951538085938 0.0462493896484375 -0.2081298828125 0.63824462890625
-0.0517387390136719 0.0421409606933594 0.213470458984375 0.455078125
-0.0377349853515625 0.00384902954101563 0.28985595703125 0.0262451171875
-0.0036773681640625 -0.0197257995605469 0.136810302734375 -0.245132446289063
-0.00519752502441406 -0.0178890228271484 -0.0722503662109375 0.205368041992188
-0.0210800170898438 -0.000404357910156249 -0.25164794921875 -0.00801086425781252
-0.0217971801757812 0.0442543029785156 -0.267059326171875 -0.379150390625
0.0297012329101563 0.0404434204101563 0.07366943359375 -0.635498046875
0.0474395751953125 0.025421142578125 0.646484375 -0.32012939453125
0.0547828674316406 0.0158500671386719 0.75994873046875 0.33544921875
0.0754165649414062 0.0701828002929688 0.2740478515625 0.487152099609375
0.0435409545898437 0.121940612792969 0.0370979309082031 0.0397148132324219
0.081390380859375 0.0821533203125 -0.211273193359375 -0.518218994140625
0.0842437744140625 0.00904083251953125 -0.7640380859375 -0.40228271484375
0.0525741577148438 0.0010833740234375 -0.717529296875 0.3516845703125
-0.000820159912109373 0.0364112854003906 -0.08538818359375 0.63006591796875
-0.0463752746582031 0.0323638916015625 0.286163330078125 0.38134765625
-0.0364189147949219 0.000598907470703127 0.308563232421875 -0.023284912109375
-0.00341415405273438 -0.0188655853271484 0.133377075195313 -0.254013061523438
0.000570297241210936 -0.0138359069824219 -0.0771331787109375 0.19671630859375
-0.0111064910888672 0.000366210937500002 -0.242050170898438 -0.055023193359375
-0.0146198272705078 0.0297355651855469 -0.204681396484375 -0.44317626953125
0.0284481048583984 0.0249118804931641 0.19281005859375 -0.62664794921875
0.0403327941894531 0.0202751159667969 0.71173095703125 -0.175537109375
0.0435638427734375 0.0284080505371094 0.6861572265625 0.48822021484375
0.0560836791992188 0.0844497680664063 0.19464111328125 0.4976806640625
0.0347976684570313 0.118667602539063 0.0258102416992188 -0.0191097259521484
0.078460693359375 0.0714874267578125 -0.300262451171875 -0.506805419921875
0.072418212890625 -0.00531005859375 -0.822509765625 -0.25140380859375
0.0429649353027344 -0.0125732421875 -0.619384765625 0.46734619140625
0.000913619995117187 0.0200519561767578 0.03363037109375 0.59967041015625
-0.0369148254394531 0.0193710327148437 0.347625732421875 0.29754638671875
-0.0297050476074219 0.000324249267578131 0.317230224609375 -0.0748291015625
-0.000686645507812501 -0.0157184600830078 0.127822875976563 -0.262969970703125
0.00832176208496094 -0.0100622177124023 -0.08349609375 0.188491821289063
0.00359892845153809 -0.00185871124267578 -0.232635498046875 -0.0916595458984375
-0.00254154205322266 0.0103883743286133 -0.144195556640625 -0.488037109375
0.0251598358154297 0.00813484191894531 0.2999267578125 -0.59283447265625
0.0230846405029297 0.014373779296875 0.746337890625 -0.0281982421875
0.0203723907470703 0.0305595397949219 0.6019287109375 0.61541748046875
0.0328445434570313 0.0753936767578125 0.127288818359375 0.4925537109375
0.0249557495117188 0.0936431884765625 0.0178375244140625 -0.0739593505859375
0.0610466003417969 0.0507888793945313 -0.3785400390625 -0.485443115234375
0.0455245971679688 -0.0163612365722656 -0.846923828125 -0.11187744140625
0.0240325927734375 -0.0245132446289062 -0.51904296875 0.54962158203125
-0.000234365463256836 0.000579237937927246 0.13018798828125 0.55474853515625
-0.0240135192871094 0.00506210327148437 0.38555908203125 0.21795654296875
-0.0195484161376953 -3.05175781249978E-05 0.318145751953125 -0.11962890625
0.00187778472900391 -0.0100059509277344 0.11614990234375 -0.268875122070313
0.0183486938476563 -0.00875663757324219 -0.091217041015625 0.182785034179688
0.0220775604248047 -0.00539970397949219 -0.230194091796875 -0.115005493164062
0.0106372833251953 -0.0116157531738281 -0.09881591796875 -0.513153076171875
0.0195331573486328 -0.0082855224609375 0.375640869140625 -0.555511474609375
-0.00167512893676758 0.00139153003692627 0.75738525390625 0.0826416015625
-0.0110855102539063 0.0148162841796875 0.52410888671875 0.69732666015625
0.0141258239746094 0.0420303344726563 0.08160400390625 0.478057861328125
0.0160102844238281 0.0481796264648438 0.01611328125 -0.114265441894531
0.0299339294433594 0.0258998870849609 -0.42926025390625 -0.466033935546875
0.00762748718261719 -0.0201969146728516 -0.84967041015625 -0.0178222656250002
-0.000755310058593752 -0.0317821502685547 -0.44061279296875 0.5958251953125
-0.00268745422363281 -0.018524169921875 0.1881103515625 0.5213623046875
-0.0100030899047852 -0.00952339172363281 0.401123046875 0.1651611328125
-0.00576972961425781 0.000874042510986328 0.310089111328125 -0.15020751953125
0.0074162483215332 -0.00590133666992187 0.107131958007813 -0.273941040039063
0.0250396728515625 -0.00601577758789063 -0.0979461669921875 0.182525634765625
0.0395545959472656 -0.0100631713867188 -0.2294921875 -0.121475219726563
0.0255317687988281 -0.0286674499511719 -0.0859375 -0.51495361328125
0.0114288330078125 -0.0247344970703125 0.4039306640625 -0.533111572265625
-0.0314044952392578 -0.0139522552490234 0.7657470703125 0.12603759765625
-0.0410957336425781 -0.0156745910644531 0.50018310546875 0.72711181640625
0.00130653381347656 -0.00928401947021484 0.06951904296875 0.468719482421875
0.00990962982177734 -0.0101222991943359 0.0155792236328125 -0.133407592773437
-0.00736141204833984 -0.00160837173461914 -0.443023681640625 -0.459197998046875
-0.0316505432128906 -0.0167484283447266 -0.8424072265625 0.02001953125
-0.0266532897949219 -0.0303859710693359 -0.406982421875 0.61578369140625
-0.00975608825683594 -0.0337734222412109 0.209503173828125 0.5140380859375
0.00360679626464843 -0.0248584747314453 0.39935302734375 0.1455078125
0.00956821441650391 -6.67572021484375E-06 0.3011474609375 -0.162841796875
0.0135078430175781 -0.00245475769042969 0.0952911376953125 -0.275619506835937
0.0285015106201172 -0.00487899780273438 -0.103164672851562 0.187088012695313
0.0542411804199219 -0.0132637023925781 -0.243179321289063 -0.109466552734375
0.037506103515625 -0.0415992736816406 -0.10858154296875 -0.50360107421875
0.00398635864257813 -0.0367889404296875 0.38348388671875 -0.5435791015625
-0.0590591430664063 -0.0285987854003906 0.77069091796875 0.0948486328125
-0.0749130249023438 -0.0500717163085938 0.52532958984375 0.70123291015625
-0.00917816162109375 -0.066009521484375 0.084503173828125 0.465057373046875
0.00492095947265624 -0.0718917846679688 0.0237960815429688 -0.127143859863281
-0.0436172485351563 -0.0312347412109375 -0.4246826171875 -0.4676513671875
-0.0710296630859375 -0.01318359375 -0.83502197265625 -0.00659179687500007
-0.0512886047363281 -0.0259971618652344 -0.42449951171875 0.6103515625
-0.0156173706054688 -0.0425758361816406 0.1915283203125 0.536346435546875
0.0144157409667969 -0.0375595092773438 0.387451171875 0.169036865234375
0.0239524841308594 -0.00263023376464844 0.2939453125 -0.155517578125
0.0187435150146484 -0.00114059448242188 0.0919036865234375 -0.276885986328125
0.0288028717041016 -0.00653266906738281 -0.10711669921875 0.19610595703125
0.0630340576171875 -0.0148963928222656 -0.26336669921875 -0.0794525146484375
0.0432777404785156 -0.0465126037597656 -0.165130615234375 -0.473297119140625
-0.00251388549804687 -0.0399856567382813 0.31463623046875 -0.571533203125
-0.0826644897460938 -0.0335693359375 0.76654052734375 -0.00933837890625
-0.108680725097656 -0.0721359252929687 0.60284423828125 0.62017822265625
-0.0252838134765625 -0.113784790039063 0.132080078125 0.469482421875
0.00541687011718749 -0.128044128417969 0.03466796875 -0.09588623046875
-0.0676651000976562 -0.0656242370605469 -0.37127685546875 -0.489013671875
-0.101737976074219 -0.0161590576171875 -0.8243408203125 -0.0925903320312501
-0.0727310180664063 -0.019012451171875 -0.4881591796875 0.5736083984375
-0.0217933654785156 -0.0434799194335938 0.13677978515625 0.58453369140625
0.021728515625 -0.0453109741210938 0.362579345703125 0.228515625
0.0341262817382813 -0.00637626647949219 0.287384033203125 -0.128662109375
0.0227317810058594 -0.00212860107421875 0.091461181640625 -0.27630615234375
-0.00805091857910156 -0.0240211486816406 -0.0684814453125 0.213592529296875
-0.0238227844238281 -0.00379180908203125 -0.264602661132813 0.039459228515625
-0.0251426696777344 0.0516700744628906 -0.32281494140625 -0.304168701171875
0.0300712585449219 0.0510940551757813 -0.0391845703125 -0.62103271484375
0.0457534790039063 0.0315093994140625 0.5687255859375 -0.44012451171875
0.0488815307617188 0.00360870361328125 0.8109130859375 0.17791748046875
0.0812759399414062 0.0425949096679688 0.3548583984375 0.4637451171875
0.051055908203125 0.103775024414062 0.0511627197265625 0.0933837890625
0.0754318237304688 0.0782852172851563 -0.12677001953125 -0.5177001953125
0.08184814453125 0.0172119140625 -0.68524169921875 -0.541015625
0.050750732421875 0.00960540771484375 -0.79437255859375 0.21795654296875
-0.00441360473632813 0.0468940734863281 -0.20489501953125 0.6439208984375
-0.0512962341308594 0.0432548522949219 0.21771240234375 0.4581298828125
-0.0379638671875 0.004180908203125 0.2911376953125 0.024322509765625
-0.00415802001953125 -0.0203952789306641 0.134521484375 -0.248367309570313
-0.00542259216308594 -0.0192127227783203 -0.0707855224609375 0.20672607421875
-0.0206184387207031 2.52494710632704E-18 -0.253738403320313 -0.00511169433593749
-0.0216751098632813 0.0446014404296875 -0.270599365234375 -0.378509521484375
0.0298728942871094 0.0398674011230469 0.06982421875 -0.64141845703125
0.0474510192871094 0.02447509765625 0.650146484375 -0.3262939453125
0.0551681518554688 0.0155715942382812 0.7681884765625 0.3309326171875
0.0747909545898438 0.069488525390625 0.27740478515625 0.487335205078125
0.0442047119140625 0.121795654296875 0.0379257202148438 0.0394058227539063
0.0831069946289063 0.081695556640625 -0.216552734375 -0.519256591796875
0.0853805541992188 0.00853729248046875 -0.77020263671875 -0.39910888671875
0.0531654357910156 -6.4849853515625E-05 -0.71917724609375 0.35968017578125
-0.000377655029296871 0.0360298156738281 -0.0819091796875 0.6348876953125
-0.0465087890625 0.0330314636230469 0.290069580078125 0.382080078125
-0.0371665954589844 0.00168991088867188 0.3087158203125 -0.025970458984375
-0.00282096862792969 -0.0190830230712891 0.131423950195313 -0.256378173828125
0.000398635864257812 -0.0150041580200195 -0.0756988525390625 0.198104858398438
-0.0104207992553711 0.000112533569335936 -0.24365234375 -0.051910400390625
-0.0141124725341797 0.0297584533691406 -0.209503173828125 -0.4447021484375
0.0283985137939453 0.0253410339355469 0.1893310546875 -0.63201904296875
0.0403671264648438 0.0204391479492188 0.7147216796875 -0.18060302734375
0.0447959899902344 0.0276107788085937 0.69354248046875 0.48577880859375
0.0561676025390625 0.0831832885742188 0.19842529296875 0.498870849609375
0.0348281860351563 0.1190185546875 0.0262622833251953 -0.0190753936767578
0.0790863037109375 0.0706710815429688 -0.3056640625 -0.5072021484375
0.0728378295898438 -0.0054931640625 -0.828125 -0.2462158203125
0.0431404113769531 -0.0134010314941406 -0.61944580078125 0.47369384765625
0.00120735168457031 0.019561767578125 0.03875732421875 0.602783203125
-0.0370597839355469 0.0203208923339844 0.350067138671875 0.297271728515625
-0.03057861328125 -0.000289916992187502 0.31805419921875 -0.077239990234375
-0.00107002258300781 -0.0162057876586914 0.126296997070313 -0.265029907226563
0.00879001617431641 -0.010955810546875 -0.0821685791015625 0.189422607421875
0.00418615341186523 -0.00191140174865723 -0.234375 -0.0889739990234375
-0.00273036956787109 0.0103416442871094 -0.148345947265625 -0.490234375
0.0249481201171875 0.00815582275390625 0.299072265625 -0.59967041015625
0.0230655670166016 0.0142936706542969 0.74957275390625 -0.03302001953125
0.0198745727539063 0.0301418304443359 0.6099853515625 0.61553955078125
0.032196044921875 0.0754318237304688 0.129669189453125 0.4937744140625
0.0256500244140625 0.0932083129882813 0.0181121826171875 -0.0738143920898438
0.0618782043457031 0.0509872436523438 -0.383941650390625 -0.486419677734375
0.0461349487304688 -0.0170326232910156 -0.85284423828125 -0.10693359375
0.0245132446289063 -0.0248298645019531 -0.517120361328125 0.555877685546875
-0.000138968229293823 0.000419139862060547 0.134674072265625 0.55828857421875
-0.0241622924804688 0.00521278381347656 0.388824462890625 0.218292236328125
-0.0199031829833984 0.000583648681640626 0.317657470703125 -0.122406005859375
0.00159931182861328 -0.0117416381835938 0.115386962890625 -0.27203369140625
0.0180225372314453 -0.00996971130371094 -0.0896759033203125 0.184555053710938
0.0234184265136719 -0.00681495666503906 -0.233184814453125 -0.113113403320313
0.0107078552246094 -0.0110073089599609 -0.10498046875 -0.514984130859375
0.0198154449462891 -0.0094146728515625 0.3726806640625 -0.5599365234375
-0.00176787376403809 0.00180506706237793 0.7633056640625 0.07806396484375
-0.0103263854980469 0.0148391723632812 0.53125 0.69671630859375
0.0146026611328125 0.0417823791503906 0.08349609375 0.480194091796875
0.0157508850097656 0.0483474731445313 0.0141372680664062 -0.114738464355469
0.0297584533691406 0.0253505706787109 -0.434173583984375 -0.4639892578125
0.00768661499023438 -0.0201530456542969 -0.85516357421875 -0.0117797851562499
-0.000797271728515628 -0.0321331024169922 -0.439208984375 0.6024169921875
-0.00418472290039063 -0.0183944702148438 0.19366455078125 0.522613525390625
-0.010040283203125 -0.00928211212158203 0.403961181640625 0.16290283203125
-0.00605297088623047 0.00109958648681641 0.31134033203125 -0.1539306640625
0.00642490386962891 -0.0068516731262207 0.10552978515625 -0.27593994140625
0.0251941680908203 -0.0072479248046875 -0.09661865234375 0.18310546875
0.0405082702636719 -0.0108871459960938 -0.23260498046875 -0.119598388671875
0.0255241394042969 -0.0287189483642578 -0.089599609375 -0.51824951171875
0.0113849639892578 -0.0243053436279297 0.403472900390625 -0.538360595703125
-0.0316677093505859 -0.0136642456054688 0.77203369140625 0.12298583984375
-0.041656494140625 -0.0154037475585938 0.50726318359375 0.7257080078125
0.00142765045166016 -0.00897693634033203 0.072021484375 0.469268798828125
0.00917816162109375 -0.0105228424072266 0.014739990234375 -0.133636474609375
-0.00705528259277344 -0.00217962265014648 -0.44903564453125 -0.457855224609375
-0.0325794219970703 -0.0161418914794922 -0.844970703125 0.0258789062499998
-0.0266799926757813 -0.0304336547851562 -0.4049072265625 0.623291015625
-0.00960159301757813 -0.0336265563964844 0.214569091796875 0.5157470703125
0.00353431701660156 -0.0244998931884766 0.402679443359375 0.14385986328125
0.00993156433105469 0.000324249267578125 0.30096435546875 -0.16668701171875
0.0140962600708008 -0.00257587432861328 0.094451904296875 -0.277542114257812
0.0276947021484375 -0.00654220581054688 -0.10198974609375 0.188796997070313
0.0543098449707031 -0.0139846801757813 -0.244674682617188 -0.107391357421875
0.0371437072753906 -0.041778564453125 -0.111907958984375 -0.50567626953125
0.0032806396484375 -0.0359878540039063 0.382568359375 -0.548858642578125
-0.0603561401367188 -0.0287208557128906 0.77484130859375 0.08905029296875
-0.0751266479492188 -0.0495452880859375 0.53228759765625 0.70001220703125
-0.00884246826171875 -0.0665512084960937 0.087371826171875 0.466156005859375
0.004638671875 -0.0730972290039063 0.0232086181640625 -0.127510070800781
-0.0442314147949219 -0.0319023132324219 -0.42877197265625 -0.466552734375
-0.0709152221679688 -0.0123367309570313 -0.84124755859375 -0.000183105468750106
-0.0514869689941406 -0.0251541137695312 -0.4228515625 0.617919921875
-0.0165481567382813 -0.042327880859375 0.1976318359375 0.539093017578125
0.0143890380859375 -0.03753662109375 0.390533447265625 0.1656494140625
0.0240917205810547 -0.0033111572265625 0.293487548828125 -0.1593017578125
0.0185585021972656 -0.00178909301757813 0.090057373046875 -0.27923583984375
0.0284919738769531 -0.00773429870605469 -0.106399536132812 0.198654174804688
0.0634422302246094 -0.016326904296875 -0.2647705078125 -0.0764617919921875
0.0432548522949219 -0.047454833984375 -0.169281005859375 -0.474090576171875
-0.00294876098632812 -0.0407638549804688 0.31146240234375 -0.576904296875
-0.08349609375 -0.0329971313476563 0.77142333984375 -0.01605224609375
-0.109107971191406 -0.0707321166992187 0.60955810546875 0.6199951171875
-0.0257034301757813 -0.1146240234375 0.134002685546875 0.470428466796875
0.003631591796875 -0.128890991210938 0.0345611572265625 -0.0960311889648438
-0.06878662109375 -0.0650596618652344 -0.376617431640625 -0.4891357421875
-0.102775573730469 -0.0154037475585938 -0.82806396484375 -0.0888671874999999
-0.073516845703125 -0.0186386108398438 -0.486328125 0.5789794921875
-0.0224037170410156 -0.0437507629394531 0.142578125 0.58758544921875
0.0213813781738281 -0.0457572937011719 0.3665771484375 0.227325439453125
0.0344352722167969 -0.00703620910644531 0.2880859375 -0.131744384765625
0.0222949981689453 -0.00310516357421875 0.089874267578125 -0.278793334960938
-0.00823020935058594 -0.0254631042480469 -0.0680999755859375 0.215103149414063
-0.0235271453857422 -0.00353050231933594 -0.265975952148438 0.0428314208984375
-0.0244865417480469 0.0527000427246094 -0.32696533203125 -0.303070068359375
0.0302963256835938 0.0519142150878906 -0.0447998046875 -0.6236572265625
0.0464096069335938 0.030670166015625 0.56793212890625 -0.44775390625
0.0498924255371094 0.00410842895507813 0.8172607421875 0.1707763671875
0.0816268920898438 0.041748046875 0.3604736328125 0.462738037109375
0.0516128540039062 0.103836059570313 0.05242919921875 0.09375
0.0768280029296875 0.077239990234375 -0.13226318359375 -0.519622802734375
0.08245849609375 0.0175628662109375 -0.69354248046875 -0.53790283203125
0.0508079528808594 0.009307861328125 -0.79833984375 0.22747802734375
-0.00390625 0.0470161437988281 -0.1993408203125 0.64990234375
-0.0511856079101562 0.0448074340820313 0.222991943359375 0.458984375
-0.0378684997558594 0.00467300415039063 0.292633056640625 0.021820068359375
-0.00425148010253906 -0.0205535888671875 0.133331298828125 -0.25091552734375
-0.00600051879882812 -0.0204448699951172 -0.0697021484375 0.208053588867188
-0.0201358795166016 0.000389099121093747 -0.256271362304688 -0.00273132324218756
-0.0210952758789062 0.0461273193359375 -0.276947021484375 -0.378997802734375
0.0309486389160156 0.0401115417480469 0.0655517578125 -0.64532470703125
0.0485916137695313 0.0252037048339844 0.651611328125 -0.3326416015625
0.0554771423339844 0.0154075622558594 0.774169921875 0.32708740234375
0.0757522583007813 0.0687103271484375 0.283233642578125 0.48675537109375
0.0452880859375 0.121841430664063 0.0385322570800781 0.0394554138183594
0.08404541015625 0.0815658569335938 -0.22113037109375 -0.519317626953125
0.0867996215820313 0.00855255126953125 -0.77789306640625 -0.395263671875
0.0536270141601563 -0.000518798828125 -0.7208251953125 0.3665771484375
0.000247955322265625 0.0367889404296875 -0.07476806640625 0.64044189453125
-0.04644775390625 0.0342063903808594 0.29510498046875 0.382568359375
-0.0370521545410156 0.00230789184570313 0.310760498046875 -0.028961181640625
-0.00346755981445312 -0.0195083618164063 0.131011962890625 -0.259841918945313
-0.000281333923339844 -0.0159511566162109 -0.074371337890625 0.200027465820313
-0.0107250213623047 0.000592231750488283 -0.246170043945313 -0.0494384765625
-0.0138015747070313 0.0303478240966797 -0.215362548828125 -0.4456787109375
0.0289382934570313 0.0252532958984375 0.18658447265625 -0.6376953125
0.0413169860839844 0.0197181701660156 0.7177734375 -0.1871337890625
0.0442733764648438 0.0282859802246094 0.7017822265625 0.4832763671875
0.0568466186523438 0.0831146240234375 0.2015380859375 0.498504638671875
0.035980224609375 0.1185302734375 0.0259895324707031 -0.0184288024902344
0.0806884765625 0.0708770751953125 -0.310943603515625 -0.5074462890625
0.0740585327148438 -0.0055999755859375 -0.83563232421875 -0.241455078125
0.0430107116699219 -0.01373291015625 -0.6201171875 0.482421875
0.00127410888671875 0.0200977325439453 0.0453491210937501 0.60601806640625
-0.0370826721191406 0.0207786560058594 0.355987548828125 0.29632568359375
-0.0303573608398438 0.000699996948242183 0.319000244140625 -0.080902099609375
-0.00173568725585938 -0.0161218643188477 0.125030517578125 -0.268600463867188
0.00856781005859375 -0.0120229721069336 -0.08148193359375 0.191650390625
0.00454616546630859 -0.00261163711547852 -0.237091064453125 -0.0872802734375
-0.00240802764892578 0.0109758377075195 -0.153900146484375 -0.49114990234375
0.0257625579833984 0.00781440734863281 0.294921875 -0.60565185546875
0.0237636566162109 0.0138320922851563 0.75701904296875 -0.0413818359375
0.0207061767578125 0.0308017730712891 0.6160888671875 0.6153564453125
0.032928466796875 0.0750885009765625 0.135772705078125 0.494354248046875
0.0258560180664063 0.0931243896484375 0.0180435180664063 -0.0740814208984375
0.0623283386230469 0.0501289367675781 -0.3895263671875 -0.48480224609375
0.04632568359375 -0.0163803100585937 -0.859375 -0.1014404296875
0.0235157012939453 -0.0254402160644531 -0.51629638671875 0.5645751953125
0.000204354524612427 0.000446051359176636 0.141082763671875 0.5618896484375
-0.0245304107666016 0.00619316101074219 0.392852783203125 0.2159423828125
-0.0195827484130859 0.000923156738281252 0.317962646484375 -0.127105712890625
0.0013885498046875 -0.0116491317749023 0.113296508789063 -0.274612426757813
0.0178356170654297 -0.0113391876220703 -0.0890655517578125 0.1859130859375
0.0237789154052734 -0.0074005126953125 -0.234695434570313 -0.11102294921875
0.0104770660400391 -0.0102453231811523 -0.108642578125 -0.516845703125
0.0191001892089844 -0.009246826171875 0.3704833984375 -0.56622314453125
-0.00187301635742188 0.00217342376708984 0.7684326171875 0.07342529296875
-0.0110616683959961 0.0160350799560547 0.54241943359375 0.69757080078125
0.0139503479003906 0.0414962768554688 0.087371826171875 0.4801025390625
0.0152359008789062 0.0475120544433594 0.0137405395507812 -0.115547180175781
0.0301837921142578 0.0251750946044922 -0.44122314453125 -0.464202880859375
0.0087432861328125 -0.0205745697021484 -0.85858154296875 -0.00384521484374995
-0.00130462646484375 -0.0324230194091797 -0.4385986328125 0.61041259765625
-0.00391387939453125 -0.0185356140136719 0.20025634765625 0.525360107421875
-0.0102739334106445 -0.0091543197631836 0.4078369140625 0.16082763671875
-0.00545310974121094 0.000986576080322267 0.31085205078125 -0.158050537109375
0.00627660751342774 -0.00734376907348633 0.10272216796875 -0.278900146484375
0.0246429443359375 -0.00857734680175781 -0.0951080322265625 0.185699462890625
0.0406341552734375 -0.0120964050292969 -0.234481811523437 -0.1175537109375
0.0255107879638672 -0.0286540985107422 -0.0949401855468749 -0.519866943359375
0.0108356475830078 -0.0241680145263672 0.40118408203125 -0.544403076171875
-0.0316371917724609 -0.0134487152099609 0.77642822265625 0.1162109375
-0.0420722961425781 -0.0147972106933594 0.5166015625 0.72491455078125
0.000834465026855469 -0.00994968414306641 0.07574462890625 0.47039794921875
0.00863456726074219 -0.0113439559936523 0.0146484375 -0.133575439453125
-0.00661230087280273 -0.00184726715087891 -0.454437255859375 -0.455810546875
-0.0323257446289063 -0.0151214599609375 -0.85174560546875 0.0349731445312499
-0.0275745391845703 -0.0298080444335938 -0.402099609375 0.6309814453125
-0.0103969573974609 -0.0337238311767578 0.219940185546875 0.515838623046875
0.00304222106933594 -0.0241794586181641 0.40478515625 0.140380859375
0.00991630554199219 -0.000720977783203125 0.30145263671875 -0.170379638671875
0.0136022567749023 -0.00348186492919922 0.0922088623046875 -0.280487060546875
0.0276527404785156 -0.00802421569824219 -0.10089111328125 0.19097900390625
0.05517578125 -0.0150985717773438 -0.247177124023438 -0.104827880859375
0.0371665954589844 -0.0415000915527344 -0.11737060546875 -0.5084228515625
0.00322341918945312 -0.0365486145019531 0.379791259765625 -0.556396484375
-0.061126708984375 -0.0283775329589844 0.781005859375 0.08343505859375
-0.0753860473632813 -0.0485992431640625 0.542236328125 0.69976806640625
-0.0104904174804687 -0.0668258666992188 0.089813232421875 0.46759033203125
0.00376129150390625 -0.0742568969726563 0.0223159790039062 -0.127593994140625
-0.044586181640625 -0.0315132141113281 -0.43560791015625 -0.467071533203125
-0.0708160400390625 -0.0114593505859375 -0.8458251953125 0.00744628906250016
-0.0524673461914063 -0.024658203125 -0.41973876953125 0.62445068359375
-0.0172500610351563 -0.0431709289550781 0.204345703125 0.541046142578125
0.0144691467285156 -0.0380668640136719 0.393890380859375 0.165008544921875
0.0244178771972656 -0.00378227233886719 0.29364013671875 -0.163055419921875
0.0193939208984375 -0.00262832641601563 0.08734130859375 -0.2816162109375
0.0282478332519531 -0.00902366638183594 -0.10455322265625 0.200668334960937
0.0643692016601563 -0.017242431640625 -0.266891479492188 -0.0736541748046875
0.04278564453125 -0.0480308532714844 -0.174530029296875 -0.474273681640625
-0.003692626953125 -0.0402183532714844 0.30859375 -0.58282470703125
-0.0844879150390625 -0.0327529907226563 0.7767333984375 -0.021728515625
-0.110305786132813 -0.0698394775390625 0.61920166015625 0.617919921875
-0.0267791748046875 -0.115234375 0.1392822265625 0.471466064453125
0.00266265869140625 -0.130050659179688 0.0344085693359375 -0.096954345703125
-0.0694961547851563 -0.0647811889648438 -0.382110595703125 -0.48773193359375
-0.10247802734375 -0.0139846801757813 -0.83453369140625 -0.0820312499999999
-0.074188232421875 -0.0172271728515625 -0.4854736328125 0.58807373046875
-0.0239715576171875 -0.0435523986816406 0.14862060546875 0.58990478515625
0.0212936401367187 -0.0465431213378906 0.3697509765625 0.226654052734375
0.0351753234863281 -0.0076446533203125 0.28765869140625 -0.13592529296875
0.0225505828857422 -0.00341987609863281 0.08837890625 -0.281219482421875
-0.00912284851074219 -0.0266246795654297 -0.0666656494140625 0.217239379882813
-0.0237598419189453 -0.00304412841796875 -0.26727294921875 0.04656982421875
-0.0234718322753906 0.0537338256835938 -0.3326416015625 -0.3004150390625
0.0308990478515625 0.0514297485351563 -0.05010986328125 -0.62591552734375
0.0466766357421875 0.0303421020507813 0.568359375 -0.4542236328125
0.0502662658691406 0.00351715087890625 0.82196044921875 0.164306640625
0.0819244384765625 0.0407791137695313 0.365875244140625 0.45989990234375
0.0535736083984375 0.103279113769531 0.0538558959960937 0.094329833984375
0.0772781372070313 0.076629638671875 -0.138092041015625 -0.519134521484375
0.0831832885742187 0.0171356201171875 -0.70166015625 -0.533203125
0.0513877868652344 0.008544921875 -0.799072265625 0.23565673828125
-0.00275802612304688 0.0474090576171875 -0.19293212890625 0.65557861328125
-0.0504798889160156 0.0459251403808594 0.229248046875 0.460052490234375
-0.0381202697753906 0.00526428222656249 0.29443359375 0.018951416015625
-0.00403022766113281 -0.0209312438964844 0.13140869140625 -0.253646850585938
-0.00620079040527344 -0.0209865570068359 -0.068145751953125 0.20965576171875
-0.019775390625 0.000341415405273438 -0.257003784179688 0.000518798828124981
-0.0201148986816406 0.0469970703125 -0.2825927734375 -0.377471923828125
0.0308341979980469 0.0401954650878906 0.05926513671875 -0.64874267578125
0.048126220703125 0.0236892700195312 0.64990234375 -0.34173583984375
0.0559654235839844 0.015655517578125 0.78131103515625 0.31951904296875
0.0762176513671875 0.0682601928710938 0.28875732421875 0.485260009765625
0.046417236328125 0.120796203613281 0.0388374328613281 0.0404510498046875
0.0847625732421875 0.0808563232421875 -0.227813720703125 -0.5181884765625
0.0868148803710938 0.00799560546875 -0.78509521484375 -0.38836669921875
0.0532875061035156 -0.00117874145507813 -0.72021484375 0.3753662109375
0.000350952148437503 0.0367355346679687 -0.06842041015625 0.644775390625
-0.0463218688964844 0.0357894897460938 0.30120849609375 0.382415771484375
-0.0363273620605469 0.00160980224609375 0.31097412109375 -0.032745361328125
-0.00413894653320313 -0.0197811126708984 0.128997802734375 -0.263015747070313
0.000369071960449218 -0.0173673629760742 -0.0729522705078125 0.202133178710938
-0.00991153717041016 0.000174522399902345 -0.247879028320313 -0.0460357666015625
-0.0129928588867188 0.0316753387451172 -0.22052001953125 -0.444915771484375
0.0297966003417969 0.0247478485107422 0.181640625 -0.6424560546875
0.0412101745605469 0.0199546813964844 0.720703125 -0.1964111328125
0.0449447631835938 0.02777099609375 0.70941162109375 0.47576904296875
0.0574951171875 0.0823516845703125 0.207855224609375 0.497894287109375
0.0362014770507812 0.118629455566406 0.0264472961425781 -0.0187091827392578
0.0812301635742188 0.06939697265625 -0.316558837890625 -0.50531005859375
0.0746307373046875 -0.00601959228515625 -0.84014892578125 -0.2325439453125
0.0437393188476563 -0.0139503479003906 -0.618408203125 0.49212646484375
0.00212478637695312 0.0203895568847656 0.052001953125 0.61041259765625
-0.0362586975097656 0.0215911865234375 0.3603515625 0.29510498046875
-0.0296478271484375 0.000585556030273437 0.3189697265625 -0.086151123046875
-0.00177097320556641 -0.0167055130004883 0.122665405273438 -0.27130126953125
0.00839519500732422 -0.0130853652954102 -0.0798492431640625 0.19281005859375
0.00478076934814453 -0.00219058990478516 -0.239547729492188 -0.0837860107421875
-0.00208091735839844 0.0110721588134766 -0.15985107421875 -0.49176025390625
0.0252532958984375 0.007415771484375 0.29034423828125 -0.61114501953125
0.0232467651367188 0.0141391754150391 0.75909423828125 -0.04815673828125
0.0215797424316406 0.0306148529052734 0.6251220703125 0.60870361328125
0.0337448120117188 0.0752105712890625 0.138580322265625 0.494171142578125
0.0263519287109375 0.092376708984375 0.0169143676757813 -0.074371337890625
0.0631942749023438 0.0492286682128906 -0.395660400390625 -0.481475830078125
0.0467147827148438 -0.0167427062988281 -0.86383056640625 -0.0924072265624998
0.0231761932373047 -0.0259017944335938 -0.5115966796875 0.5733642578125
0.000286281108856201 0.000597715377807617 0.14715576171875 0.5635986328125
-0.0240211486816406 0.00653266906738281 0.397186279296875 0.213623046875
-0.0192852020263672 0.00147438049316406 0.318084716796875 -0.1317138671875
0.00120735168457031 -0.0115547180175781 0.110931396484375 -0.276535034179688
0.0172328948974609 -0.0134220123291016 -0.0874786376953125 0.188705444335938
0.0239124298095703 -0.00856781005859375 -0.23779296875 -0.10888671875
0.0107202529907227 -0.0103549957275391 -0.11553955078125 -0.517120361328125
0.0194072723388672 -0.00976181030273438 0.36767578125 -0.5716552734375
-0.00192177295684814 0.00159478187561035 0.7728271484375 0.065185546875
-0.0108413696289063 0.015838623046875 0.55126953125 0.69354248046875
0.0137557983398438 0.0416946411132813 0.093658447265625 0.4813232421875
0.0157966613769531 0.0471420288085938 0.0120391845703125 -0.115089416503906
0.0306587219238281 0.0243568420410156 -0.444915771484375 -0.460052490234375
0.0082550048828125 -0.0194854736328125 -0.862060546875 0.00476074218749983
-0.00153541564941407 -0.0314731597900391 -0.4337158203125 0.61688232421875
-0.00423240661621094 -0.0179386138916016 0.206787109375 0.527801513671875
-0.0110092163085938 -0.00827598571777344 0.411407470703125 0.15814208984375
-0.00495243072509766 0.00131940841674805 0.309906005859375 -0.16253662109375
0.00682353973388672 -0.00789022445678711 0.09954833984375 -0.2822265625
0.0240802764892578 -0.00929832458496094 -0.0933685302734375 0.18719482421875
0.0407867431640625 -0.0128211975097656 -0.236434936523437 -0.114578247070313
0.0254325866699219 -0.0298995971679687 -0.100982666015625 -0.521392822265625
0.0102519989013672 -0.024444580078125 0.396575927734375 -0.549774169921875
-0.0326614379882813 -0.013275146484375 0.7808837890625 0.1092529296875
-0.0418701171875 -0.0141181945800781 0.527587890625 0.72216796875
0.000233650207519532 -0.0100030899047852 0.08111572265625 0.47161865234375
0.00820350646972656 -0.0122127532958984 0.0130844116210938 -0.134056091308594
-0.00741672515869141 -0.00223302841186523 -0.4609375 -0.453369140625
-0.0321807861328125 -0.0142898559570312 -0.8551025390625 0.0436401367187501
-0.0279521942138672 -0.0295448303222656 -0.39898681640625 0.63726806640625
-0.0107765197753906 -0.0337543487548828 0.226959228515625 0.5194091796875
0.00325393676757813 -0.0247344970703125 0.408660888671875 0.138763427734375
0.0107460021972656 -0.000468254089355469 0.29974365234375 -0.175262451171875
0.0135669708251953 -0.00400352478027344 0.090545654296875 -0.282623291015625
0.0274066925048828 -0.00861740112304687 -0.0991363525390625 0.192840576171875
0.0550651550292969 -0.0162467956542969 -0.24981689453125 -0.101974487304688
0.0369644165039063 -0.0424728393554688 -0.12445068359375 -0.5086669921875
0.00215911865234375 -0.0368309020996094 0.37725830078125 -0.560882568359375
-0.0619010925292969 -0.0275192260742188 0.78582763671875 0.0753173828125
-0.0759353637695313 -0.0475997924804688 0.55108642578125 0.6961669921875
-0.0113639831542969 -0.0676040649414063 0.0938720703125 0.46771240234375
0.00249481201171876 -0.0747528076171875 0.0213165283203125 -0.128150939941406
-0.044891357421875 -0.0309677124023438 -0.4407958984375 -0.46148681640625
-0.0707168579101563 -0.0101470947265625 -0.8487548828125 0.0158691406250001
-0.0521812438964844 -0.023681640625 -0.4156494140625 0.63275146484375
-0.0176315307617187 -0.0432510375976563 0.211700439453125 0.54119873046875
0.0141525268554688 -0.0383224487304688 0.397796630859375 0.161865234375
0.0248737335205078 -0.00426673889160156 0.2916259765625 -0.16741943359375
0.0189170837402344 -0.00255775451660156 0.084625244140625 -0.283966064453125
0.0275287628173828 -0.0103225708007813 -0.10302734375 0.201889038085938
0.0641860961914063 -0.018951416015625 -0.2686767578125 -0.07012939453125
0.0432815551757813 -0.0486717224121094 -0.18048095703125 -0.475067138671875
-0.00461959838867188 -0.0403060913085938 0.304931640625 -0.58782958984375
-0.0863265991210938 -0.0313796997070313 0.78070068359375 -0.03106689453125
-0.111221313476563 -0.0692062377929688 0.62957763671875 0.61248779296875
-0.0285263061523437 -0.115463256835938 0.143707275390625 0.471527099609375
0.00101470947265624 -0.130630493164063 0.033172607421875 -0.0970993041992188
-0.069793701171875 -0.0645980834960938 -0.387359619140625 -0.485504150390625
-0.10205078125 -0.01239013671875 -0.83941650390625 -0.072021484375
-0.075042724609375 -0.016021728515625 -0.48175048828125 0.595947265625
-0.0249214172363281 -0.0436058044433594 0.156982421875 0.59283447265625
0.0219993591308594 -0.0465202331542969 0.375091552734375 0.2236328125
0.0349311828613281 -0.00834465026855469 0.2867431640625 -0.140228271484375
0.0221652984619141 -0.00442123413085938 0.085174560546875 -0.28326416015625
-0.00957870483398437 -0.027130126953125 -0.063873291015625 0.218399047851563
-0.0236244201660156 -0.00290298461914062 -0.267990112304688 0.0505523681640625
-0.0222702026367188 0.0547142028808594 -0.33746337890625 -0.298065185546875
0.0324821472167969 0.0510749816894531 -0.0576782226562501 -0.62750244140625
0.0476150512695313 0.0304641723632813 0.56463623046875 -0.4625244140625
0.0504875183105469 0.003143310546875 0.82598876953125 0.152587890625
0.0818405151367188 0.0402069091796875 0.370697021484375 0.45703125
0.0544052124023438 0.102249145507813 0.0555343627929687 0.0940322875976562
0.0788650512695313 0.0764312744140625 -0.14422607421875 -0.518463134765625
0.0844192504882812 0.0157699584960937 -0.7088623046875 -0.526611328125
0.0513458251953125 0.00793075561523438 -0.79833984375 0.24420166015625
-0.00257492065429687 0.0475997924804688 -0.18621826171875 0.6612548828125
-0.0502548217773438 0.0469474792480469 0.234954833984375 0.458282470703125
-0.0373420715332031 0.00557327270507813 0.2947998046875 0.01519775390625
-0.00434112548828125 -0.0214195251464844 0.12896728515625 -0.256546020507813
-0.00650405883789063 -0.0222187042236328 -0.065826416015625 0.2110595703125
-0.0198574066162109 0.000562667846679683 -0.258956909179688 0.00418090820312504
-0.019775390625 0.0474205017089844 -0.2886962890625 -0.375701904296875
0.032196044921875 0.0405426025390625 0.05316162109375 -0.6514892578125
0.0488739013671875 0.0235366821289063 0.64990234375 -0.349853515625
0.0565757751464844 0.0151023864746094 0.78802490234375 0.31146240234375
0.0768508911132813 0.0674057006835938 0.29376220703125 0.48443603515625
0.047607421875 0.121162414550781 0.03973388671875 0.0405693054199219
0.0858917236328125 0.0799179077148438 -0.234710693359375 -0.5172119140625
0.0877304077148438 0.00740814208984375 -0.7930908203125 -0.379638671875
0.05303955078125 -0.0014495849609375 -0.71868896484375 0.38568115234375
0.0017242431640625 0.0365333557128906 -0.06182861328125 0.649658203125
-0.0452346801757813 0.036529541015625 0.30670166015625 0.38067626953125
-0.0363044738769531 0.00279617309570312 0.311309814453125 -0.03680419921875
-0.00431632995605469 -0.0201854705810547 0.126449584960938 -0.265243530273438
-0.000659942626953124 -0.0176486968994141 -0.0708465576171875 0.202377319335938
-0.00997829437255859 0.000441551208496093 -0.249679565429688 -0.0422515869140625
-0.012725830078125 0.0323886871337891 -0.227935791015625 -0.443328857421875
0.0297279357910156 0.0252094268798828 0.172607421875 -0.647216796875
0.0412101745605469 0.0192985534667969 0.7197265625 -0.2049560546875
0.0459861755371094 0.0272178649902344 0.7171630859375 0.46954345703125
0.057952880859375 0.081939697265625 0.214569091796875 0.496978759765625
0.0385055541992188 0.117630004882813 0.0265312194824219 -0.0188064575195312
0.0825881958007813 0.0690460205078125 -0.323516845703125 -0.50250244140625
0.0749435424804688 -0.0062255859375 -0.84808349609375 -0.2235107421875
0.0429191589355469 -0.0151634216308594 -0.61468505859375 0.50146484375
0.00229644775390625 0.0195503234863281 0.0592651367187501 0.61444091796875
-0.0364646911621094 0.0223579406738281 0.363525390625 0.292327880859375
-0.0301837921142578 0.00125885009765624 0.318756103515625 -0.089019775390625
-0.00221443176269531 -0.0172080993652344 0.119003295898438 -0.273513793945313
0.00771331787109375 -0.0145492553710938 -0.0778350830078125 0.195037841796875
0.00541400909423828 -0.00271463394165039 -0.240951538085938 -0.0800323486328125
-0.0017251968383789 0.0120925903320313 -0.166107177734375 -0.493072509765625
0.0256538391113281 0.00813484191894531 0.28411865234375 -0.61614990234375
0.0235385894775391 0.0132198333740234 0.761962890625 -0.05572509765625
0.0216350555419922 0.0307579040527344 0.6343994140625 0.60479736328125
0.0337753295898438 0.0749053955078125 0.144622802734375 0.495025634765625
0.0273208618164063 0.0923690795898438 0.0163955688476562 -0.0734024047851563
0.0643463134765625 0.0491790771484375 -0.401031494140625 -0.477935791015625
0.0466728210449219 -0.01702880859375 -0.86834716796875 -0.08392333984375
0.0239086151123047 -0.026031494140625 -0.5074462890625 0.580810546875
0.00014042854309082 0.000627279281616211 0.1568603515625 0.56524658203125
-0.02410888671875 0.00687980651855468 0.4012451171875 0.209136962890625
-0.0195674896240234 0.00150108337402344 0.317657470703125 -0.1357421875
0.00162696838378906 -0.0120019912719727 0.109024047851562 -0.279190063476563
0.0169811248779297 -0.0131673812866211 -0.0852508544921875 0.189422607421875
0.0234508514404297 -0.00947189331054687 -0.238983154296875 -0.104080200195313
0.0101175308227539 -0.0105371475219727 -0.121551513671875 -0.518463134765625
0.0202713012695313 -0.00895500183105469 0.361083984375 -0.579833984375
-0.00172746181488037 0.00194883346557617 0.77679443359375 0.05718994140625
-0.0108661651611328 0.0158557891845703 0.558837890625 0.689453125
0.0128860473632813 0.041900634765625 0.097900390625 0.48150634765625
0.0159759521484375 0.046661376953125 0.0121078491210937 -0.115829467773438
0.0313606262207031 0.0240974426269531 -0.451019287109375 -0.4560546875
0.00927925109863281 -0.0196590423583984 -0.86700439453125 0.01263427734375
-0.00161170959472656 -0.0316047668457031 -0.4266357421875 0.62518310546875
-0.0033416748046875 -0.0177402496337891 0.21392822265625 0.526702880859375
-0.0106077194213867 -0.00876140594482422 0.414215087890625 0.15496826171875
-0.0050816535949707 0.00121831893920899 0.30914306640625 -0.166839599609375
0.00606822967529297 -0.00769662857055664 0.09832763671875 -0.28472900390625
0.0236339569091797 -0.0107440948486328 -0.0918121337890625 0.189498901367188
0.0412940979003906 -0.0131721496582031 -0.238632202148437 -0.110870361328125
0.0258369445800781 -0.0290336608886719 -0.106964111328125 -0.52191162109375
0.0103473663330078 -0.0246658325195313 0.393096923828125 -0.55755615234375
-0.0331306457519531 -0.0121707916259766 0.78607177734375 0.10003662109375
-0.0417518615722656 -0.0134429931640625 0.536865234375 0.718505859375
-0.000466346740722656 -0.00951957702636719 0.086029052734375 0.471405029296875
0.00730991363525391 -0.0117950439453125 0.0121078491210937 -0.134323120117187
-0.00824642181396484 -0.00216579437255859 -0.46868896484375 -0.448944091796875
-0.0316638946533203 -0.0144405364990234 -0.85687255859375 0.05377197265625
-0.0288562774658203 -0.0297183990478516 -0.39190673828125 0.64581298828125
-0.0115432739257813 -0.0337314605712891 0.2354736328125 0.5181884765625
0.00282669067382813 -0.0244789123535156 0.4124755859375 0.134063720703125
0.0103969573974609 -0.000407218933105469 0.29852294921875 -0.17938232421875
0.0134477615356445 -0.00467967987060547 0.086944580078125 -0.2850341796875
0.0270824432373047 -0.00972938537597656 -0.0965728759765625 0.19500732421875
0.0555305480957031 -0.01702880859375 -0.250869750976562 -0.097991943359375
0.0361251831054688 -0.04327392578125 -0.131561279296875 -0.50921630859375
0.00184249877929688 -0.0362052917480469 0.37188720703125 -0.5672607421875
-0.0631217956542969 -0.0264663696289062 0.79046630859375 0.0675048828125
-0.0766372680664063 -0.0469284057617187 0.560546875 0.69281005859375
-0.0128974914550781 -0.0669631958007813 0.0994873046875 0.46807861328125
0.001220703125 -0.0752944946289062 0.0201568603515625 -0.128570556640625
-0.0453681945800781 -0.0309944152832031 -0.448211669921875 -0.45849609375
-0.070556640625 -0.00899505615234375 -0.8519287109375 0.02667236328125
-0.0534515380859375 -0.0224876403808594 -0.40972900390625 0.6402587890625
-0.0183868408203125 -0.0428924560546875 0.220672607421875 0.542205810546875
0.0141487121582031 -0.0384178161621094 0.400787353515625 0.158447265625
0.0246658325195313 -0.00493621826171875 0.290252685546875 -0.171783447265625
0.0182437896728516 -0.00376129150390625 0.081695556640625 -0.2857666015625
0.0271511077880859 -0.0111141204833984 -0.099884033203125 0.204071044921875
0.0639686584472656 -0.0201034545898437 -0.270309448242188 -0.0662689208984374
0.0430068969726563 -0.0490341186523438 -0.18798828125 -0.47393798828125
-0.00474166870117187 -0.0404014587402344 0.29779052734375 -0.59552001953125
-0.0873794555664063 -0.0299224853515625 0.78228759765625 -0.03851318359375
-0.112106323242188 -0.067626953125 0.6376953125 0.60760498046875
-0.0301513671875 -0.115394592285156 0.148529052734375 0.469696044921875
-0.000495910644531242 -0.131904602050781 0.0327377319335938 -0.0976409912109375
-0.0711212158203125 -0.0645675659179688 -0.39459228515625 -0.482818603515625
-0.102737426757813 -0.0110397338867188 -0.841552734375 -0.0634765625
-0.0752716064453125 -0.0148544311523438 -0.47607421875 0.60479736328125
-0.0252265930175781 -0.0436019897460937 0.16650390625 0.5938720703125
0.02081298828125 -0.0472221374511719 0.377716064453125 0.219696044921875
0.0349998474121094 -0.00896453857421875 0.285980224609375 -0.14434814453125
0.0227642059326172 -0.00470733642578125 0.08197021484375 -0.285491943359375
-0.0108642578125 -0.0278453826904297 -0.062164306640625 0.219650268554688
-0.0233192443847656 -0.00240898132324219 -0.2677001953125 0.0541839599609375
-0.0212478637695312 0.0556106567382813 -0.342529296875 -0.293731689453125
0.0331878662109375 0.0513839721679687 -0.06622314453125 -0.62945556640625
0.0475502014160156 0.0293235778808594 0.55792236328125 -0.47076416015625
0.0510520935058594 0.00274658203125 0.83056640625 0.1444091796875
0.082275390625 0.0384140014648438 0.376617431640625 0.453765869140625
0.0551223754882813 0.1011962890625 0.0560302734375 0.0939102172851563
0.0795822143554688 0.0749282836914063 -0.14935302734375 -0.517425537109375
0.0850601196289062 0.0161895751953125 -0.7149658203125 -0.5206298828125
0.0510330200195313 0.0071868896484375 -0.79718017578125 0.25616455078125
-0.00234603881835937 0.0476570129394531 -0.17840576171875 0.66583251953125
-0.0496025085449219 0.0481681823730469 0.241851806640625 0.458465576171875
-0.0371818542480469 0.00642776489257813 0.295684814453125 0.011962890625
-0.00516510009765625 -0.0209712982177734 0.12628173828125 -0.259307861328125
-0.00786972045898437 -0.0229949951171875 -0.0640411376953125 0.212417602539062
-0.0201625823974609 0.000482559204101565 -0.258834838867188 0.00895690917968747
-0.0188751220703125 0.0496711730957031 -0.29425048828125 -0.372711181640625
0.0328750610351563 0.0395774841308594 0.0437011718749999 -0.65386962890625
0.0496368408203125 0.0234489440917969 0.646728515625 -0.3597412109375
0.0560226440429688 0.0140953063964844 0.793212890625 0.30230712890625
0.0764999389648437 0.0666275024414063 0.298675537109375 0.48089599609375
0.0484237670898438 0.120010375976563 0.0403213500976563 0.0399932861328125
0.0865554809570313 0.07867431640625 -0.240234375 -0.514617919921875
0.0887908935546875 0.0069580078125 -0.79827880859375 -0.3717041015625
0.0531196594238281 -0.0025177001953125 -0.71697998046875 0.395263671875
0.0015716552734375 0.0367240905761719 -0.0526123046874999 0.65234375
-0.0452384948730469 0.0377349853515625 0.31341552734375 0.37811279296875
-0.0368804931640625 0.00309371948242187 0.311676025390625 -0.04071044921875
-0.0041351318359375 -0.020111083984375 0.123260498046875 -0.26763916015625
-0.00108146667480469 -0.0185184478759766 -0.0688018798828125 0.20367431640625
-0.00964641571044922 0.000754356384277343 -0.251296997070313 -0.0384674072265625
-0.0120124816894531 0.0329551696777344 -0.233154296875 -0.440673828125
0.0307655334472656 0.0246505737304688 0.1661376953125 -0.65069580078125
0.041534423828125 0.0183906555175781 0.7191162109375 -0.21435546875
0.0460128784179688 0.0273094177246094 0.724609375 0.463623046875
0.0586318969726563 0.0813446044921875 0.217864990234375 0.4932861328125
0.0387115478515625 0.116836547851563 0.0259914398193359 -0.0187892913818359
0.0836257934570313 0.0683135986328125 -0.32940673828125 -0.497833251953125
0.0752944946289063 -0.00656890869140625 -0.850830078125 -0.21337890625
0.0434989929199219 -0.0156211853027344 -0.61126708984375 0.51007080078125
0.00206375122070312 0.0204925537109375 0.0682983398437499 0.61419677734375
-0.035797119140625 0.0239639282226563 0.37060546875 0.29034423828125
-0.0298824310302734 0.00131416320800782 0.317779541015625 -0.093597412109375
-0.00302886962890625 -0.0173549652099609 0.116104125976563 -0.277084350585938
0.00686168670654297 -0.015411376953125 -0.0752105712890625 0.195785522460937
0.00579023361206055 -0.00270938873291016 -0.242538452148438 -0.0767974853515625
-0.00121593475341797 0.0125932693481445 -0.17437744140625 -0.491424560546875
0.0262184143066406 0.00784683227539063 0.27679443359375 -0.6199951171875
0.0239582061767578 0.0128002166748047 0.76171875 -0.06658935546875
0.0221271514892578 0.0308551788330078 0.64251708984375 0.597412109375
0.034637451171875 0.07415771484375 0.15020751953125 0.491302490234375
0.0281753540039063 0.091522216796875 0.0155258178710938 -0.073974609375
0.0648155212402344 0.0479621887207031 -0.40850830078125 -0.473876953125
0.0473556518554688 -0.0170822143554688 -0.87054443359375 -0.0714721679687499
0.0229263305664063 -0.0265865325927734 -0.50238037109375 0.58917236328125
0.000326395034790039 0.000929474830627441 0.1644287109375 0.56524658203125
-0.0237388610839844 0.00828742980957031 0.404327392578125 0.205535888671875
-0.0191936492919922 0.00132369995117187 0.315460205078125 -0.139984130859375
0.00171089172363281 -0.0121278762817383 0.10455322265625 -0.281951904296875
0.0161323547363281 -0.0149650573730469 -0.08245849609375 0.19171142578125
0.0237922668457031 -0.00914192199707031 -0.24072265625 -0.100982666015625
0.0118017196655273 -0.0102386474609375 -0.128814697265625 -0.517059326171875
0.0203456878662109 -0.00912857055664062 0.3555908203125 -0.58380126953125
-0.00291252136230469 0.00211238861083984 0.7786865234375 0.0478515625
-0.00968074798583985 0.0168943405151367 0.5693359375 0.6834716796875
0.0135917663574219 0.04107666015625 0.10491943359375 0.48101806640625
0.0152435302734375 0.0458450317382813 0.0103683471679688 -0.115287780761719
0.0318546295166016 0.0246562957763672 -0.457916259765625 -0.450042724609375
0.00923728942871094 -0.0188446044921875 -0.866943359375 0.0263671875000001
-0.00262451171875 -0.0316734313964844 -0.4215087890625 0.6336669921875
-0.00497817993164063 -0.0185604095458984 0.22222900390625 0.5257568359375
-0.0107917785644531 -0.00844478607177734 0.416748046875 0.14996337890625
-0.00426506996154785 0.000373125076293944 0.3057861328125 -0.17138671875
0.00638961791992188 -0.00786018371582031 0.093841552734375 -0.2857666015625
0.0237712860107422 -0.0119552612304688 -0.0898895263671875 0.190597534179687
0.0416946411132813 -0.014373779296875 -0.240921020507813 -0.107666015625
0.0254974365234375 -0.0296821594238281 -0.113525390625 -0.52008056640625
0.0102462768554687 -0.0249519348144531 0.3865966796875 -0.5621337890625
-0.0339717864990234 -0.0124130249023437 0.7896728515625 0.09039306640625
-0.041778564453125 -0.0125885009765625 0.5457763671875 0.712158203125
-0.000726699829101562 -0.00975990295410156 0.09051513671875 0.470184326171875
0.00702476501464844 -0.0120944976806641 0.0100936889648438 -0.133689880371094
-0.0078425407409668 -0.00205135345458985 -0.472564697265625 -0.4434814453125
-0.0314064025878906 -0.0140552520751953 -0.85919189453125 0.0651855468750001
-0.0288906097412109 -0.0287418365478516 -0.38482666015625 0.65191650390625
-0.0123653411865234 -0.0332927703857422 0.242706298828125 0.517669677734375
0.00276374816894531 -0.0246334075927734 0.414764404296875 0.129241943359375
0.0109395980834961 -0.00156784057617188 0.29638671875 -0.183319091796875
0.0131168365478516 -0.00487136840820313 0.083251953125 -0.287445068359375
0.026611328125 -0.010650634765625 -0.0941009521484375 0.196502685546875
0.0558853149414062 -0.0185890197753906 -0.252349853515625 -0.0942230224609374
0.0364227294921875 -0.0430068969726563 -0.137451171875 -0.507904052734375
0.0012359619140625 -0.0365943908691406 0.3656005859375 -0.5738525390625
-0.0639457702636719 -0.0258941650390625 0.79132080078125 0.0560302734375
-0.0764083862304687 -0.045623779296875 0.5701904296875 0.6849365234375
-0.0129890441894531 -0.0673561096191406 0.10479736328125 0.4656982421875
-0.000297546386718743 -0.0752334594726563 0.0185623168945312 -0.128486633300781
-0.0453643798828125 -0.0300941467285156 -0.453948974609375 -0.452484130859375
-0.07080078125 -0.00835418701171874 -0.85284423828125 0.0365600585937501
-0.0541191101074219 -0.0219306945800781 -0.4027099609375 0.64599609375
-0.0190696716308594 -0.042999267578125 0.227294921875 0.542022705078125
0.0133171081542969 -0.0388069152832031 0.40399169921875 0.153778076171875
0.0254096984863281 -0.0054779052734375 0.28839111328125 -0.175933837890625
0.0184574127197266 -0.0041351318359375 0.078399658203125 -0.287841796875
0.0267887115478516 -0.0121746063232422 -0.0973968505859375 0.205184936523438
0.0638694763183594 -0.0214767456054688 -0.271286010742187 -0.062957763671875
0.04229736328125 -0.0497894287109375 -0.193206787109375 -0.472015380859375
-0.00544357299804688 -0.0400733947753906 0.291748046875 -0.599365234375
-0.0886001586914063 -0.029327392578125 0.7850341796875 -0.05010986328125
-0.113105773925781 -0.0662002563476563 0.6468505859375 0.601318359375
-0.0313491821289062 -0.115623474121094 0.15325927734375 0.46844482421875
-0.003082275390625 -0.131820678710938 0.0315322875976563 -0.0972442626953125
-0.0717620849609375 -0.0631790161132813 -0.399658203125 -0.478912353515625
-0.102035522460938 -0.00988769531250002 -0.8458251953125 -0.0537109375
-0.0761184692382813 -0.0141372680664062 -0.4698486328125 0.61236572265625
-0.0262718200683594 -0.0430183410644531 0.17401123046875 0.5943603515625
0.0202903747558594 -0.0482864379882813 0.3822021484375 0.2166748046875
0.0352745056152344 -0.0098114013671875 0.2835693359375 -0.149749755859375
0.0221500396728516 -0.00466728210449219 0.077850341796875 -0.287384033203125
-0.0111408233642578 -0.0281333923339844 -0.0595855712890625 0.220199584960938
-0.0231742858886719 -0.00250625610351563 -0.268341064453125 0.0594024658203125
-0.0204277038574219 0.056549072265625 -0.346527099609375 -0.28887939453125
0.0343170166015625 0.0506782531738281 -0.0731811523437499 -0.627685546875
0.04754638671875 0.028717041015625 0.552734375 -0.4791259765625
0.0505409240722656 0.00184249877929688 0.83172607421875 0.13372802734375
0.0813827514648437 0.0371627807617188 0.38006591796875 0.4476318359375
0.0559463500976563 0.0994796752929687 0.0582275390625 0.0938262939453125
0.0804595947265625 0.0739974975585938 -0.156890869140625 -0.51422119140625
0.08563232421875 0.0148162841796875 -0.72381591796875 -0.5120849609375
0.0512199401855469 0.00616836547851563 -0.79486083984375 0.26605224609375
-0.00107955932617188 0.0478515625 -0.16796875 0.6705322265625
-0.04852294921875 0.0491065979003906 0.248626708984375 0.456939697265625
-0.0369644165039063 0.00678253173828125 0.2955322265625 0.00860595703125
-0.00508308410644531 -0.0211277008056641 0.122207641601562 -0.260696411132813
-0.00860786437988281 -0.0244350433349609 -0.0615234375 0.212814331054688
-0.019927978515625 0.00113105773925781 -0.259658813476563 0.013275146484375
-0.0174484252929688 0.0495567321777344 -0.299041748046875 -0.369354248046875
0.0334587097167969 0.0396804809570313 0.03662109375 -0.6558837890625
0.0497322082519531 0.0220718383789062 0.642822265625 -0.36700439453125
0.0568046569824219 0.0136489868164063 0.79644775390625 0.291748046875
0.0773544311523438 0.065521240234375 0.304473876953125 0.47821044921875
0.0496063232421875 0.118705749511719 0.0408973693847656 0.0406646728515625
0.0882339477539063 0.0774383544921875 -0.2459716796875 -0.509490966796875
0.08892822265625 0.00565338134765625 -0.80426025390625 -0.36016845703125
0.05401611328125 -0.0036468505859375 -0.71209716796875 0.406494140625
0.00196456909179688 0.0362815856933594 -0.0440063476562499 0.65460205078125
-0.0440025329589844 0.0385017395019531 0.3194580078125 0.37530517578125
-0.0360794067382813 0.0032196044921875 0.311248779296875 -0.04437255859375
-0.00468635559082031 -0.0201358795166016 0.120010375976563 -0.269500732421875
-0.00173568725585937 -0.0197925567626953 -0.06585693359375 0.205123901367188
-0.00948143005371094 0.00080108642578125 -0.251556396484375 -0.034637451171875
-0.0109806060791016 0.0340671539306641 -0.2403564453125 -0.439208984375
0.0311222076416016 0.0243721008300781 0.1588134765625 -0.65240478515625
0.0423088073730469 0.0176849365234375 0.7174072265625 -0.22344970703125
0.0467796325683594 0.0276412963867188 0.73126220703125 0.451904296875
0.0594482421875 0.079864501953125 0.224273681640625 0.4913330078125
0.040252685546875 0.115516662597656 0.0262413024902344 -0.0184707641601562
0.0839614868164063 0.0669631958007813 -0.3360595703125 -0.493194580078125
0.075531005859375 -0.007598876953125 -0.85357666015625 -0.20245361328125
0.0425186157226563 -0.0158157348632813 -0.60455322265625 0.51812744140625
0.00235366821289063 0.0201416015625 0.075927734375 0.61456298828125
-0.0359573364257812 0.0237693786621094 0.3740234375 0.28436279296875
-0.030029296875 0.002227783203125 0.31622314453125 -0.0989990234375
-0.00323963165283203 -0.0171318054199219 0.11260986328125 -0.278732299804688
0.0064544677734375 -0.0165443420410156 -0.072235107421875 0.196884155273438
0.00560379028320313 -0.00365257263183594 -0.244277954101563 -0.0720977783203125
-0.00058746337890625 0.0123271942138672 -0.180450439453125 -0.4871826171875
0.0266590118408203 0.00761795043945313 0.27130126953125 -0.62353515625
0.0241909027099609 0.0123805999755859 0.76123046875 -0.0758056640625
0.0227222442626953 0.0305805206298828 0.6513671875 0.58868408203125
0.035491943359375 0.0731277465820313 0.153900146484375 0.48919677734375
0.0286636352539063 0.0904617309570313 0.0148391723632812 -0.0733642578125
0.0651435852050781 0.0464286804199219 -0.4134521484375 -0.466888427734375
0.0474052429199219 -0.0173454284667969 -0.87310791015625 -0.0610961914062501
0.0224189758300781 -0.0261611938476563 -0.494384765625 0.59716796875
0.000527858734130859 8.83638858795166E-05 0.1717529296875 0.56512451171875
-0.0233573913574219 0.00835037231445312 0.408538818359375 0.20001220703125
-0.0186862945556641 0.00157546997070312 0.314117431640625 -0.1455078125
0.000388145446777344 -0.0131349563598633 0.101287841796875 -0.284088134765625
0.0158042907714844 -0.0155258178710938 -0.080078125 0.19207763671875
0.0234394073486328 -0.00968551635742188 -0.242721557617188 -0.0967559814453126
0.0112524032592773 -0.0106592178344727 -0.13580322265625 -0.51531982421875
0.0196475982666016 -0.00973320007324219 0.34967041015625 -0.5880126953125
-0.00255465507507324 0.00167012214660645 0.78192138671875 0.037109375
-0.00909805297851562 0.0167942047119141 0.57720947265625 0.67510986328125
0.0133819580078125 0.0404510498046875 0.10809326171875 0.478118896484375
0.0150146484375 0.045684814453125 0.00878143310546874 -0.114997863769531
0.0321197509765625 0.0234165191650391 -0.464691162109375 -0.44403076171875
0.00882911682128906 -0.0192298889160156 -0.8673095703125 0.0356445312500002
-0.00264358520507813 -0.0315608978271484 -0.41351318359375 0.63824462890625
-0.00535011291503906 -0.0189132690429687 0.228912353515625 0.523529052734375
-0.0103483200073242 -0.00758934020996094 0.420562744140625 0.14532470703125
-0.00451517105102539 0.00100088119506836 0.303619384765625 -0.17572021484375
0.00576019287109375 -0.00899219512939453 0.091094970703125 -0.28741455078125
0.0229454040527344 -0.0127716064453125 -0.08673095703125 0.191268920898438
0.0409965515136719 -0.0153388977050781 -0.24249267578125 -0.102813720703125
0.0249500274658203 -0.0295200347900391 -0.119720458984375 -0.518890380859375
0.0102901458740234 -0.0248622894287109 0.38018798828125 -0.56756591796875
-0.0343551635742188 -0.0120773315429687 0.79046630859375 0.08154296875
-0.0419387817382812 -0.0118064880371094 0.5540771484375 0.70635986328125
-0.000666618347167968 -0.009735107421875 0.094818115234375 0.468231201171875
0.00599384307861328 -0.0126743316650391 0.0084686279296875 -0.133026123046875
-0.00775337219238281 -0.00212621688842773 -0.479644775390625 -0.436431884765625
-0.0314674377441406 -0.0123996734619141 -0.8592529296875 0.0761108398437502
-0.0295562744140625 -0.0282344818115234 -0.37689208984375 0.65814208984375
-0.0128288269042969 -0.0333366394042969 0.251190185546875 0.514556884765625
0.00287437438964844 -0.0247402191162109 0.417022705078125 0.124542236328125
0.0110549926757813 -0.000935554504394531 0.293487548828125 -0.1888427734375
0.0126838684082031 -0.00494194030761719 0.079254150390625 -0.28863525390625
0.0265235900878906 -0.0116901397705078 -0.0916290283203125 0.197509765625
0.0558319091796875 -0.0198440551757813 -0.25311279296875 -0.08984375
0.0357666015625 -0.0433807373046875 -0.14447021484375 -0.5050048828125
0.000846862792968747 -0.03662109375 0.3587646484375 -0.5777587890625
-0.0645217895507813 -0.0252418518066406 0.7945556640625 0.04669189453125
-0.0776138305664063 -0.044647216796875 0.57965087890625 0.67730712890625
-0.0139923095703125 -0.0670509338378906 0.11029052734375 0.46405029296875
-0.00151824951171875 -0.0756759643554688 0.0176010131835937 -0.128303527832031
-0.0463981628417969 -0.0295982360839844 -0.459503173828125 -0.44622802734375
-0.0700225830078125 -0.00740432739257813 -0.8526611328125 0.0482177734374999
-0.0541915893554687 -0.0204696655273438 -0.39410400390625 0.65460205078125
-0.0198326110839844 -0.0424957275390625 0.234771728515625 0.539947509765625
0.0131492614746094 -0.0384712219238281 0.40557861328125 0.149017333984375
0.0251655578613281 -0.00591278076171875 0.28509521484375 -0.180328369140625
0.0181751251220703 -0.00435638427734375 0.07403564453125 -0.289764404296875
0.0259265899658203 -0.0130233764648437 -0.0946502685546875 0.20672607421875
0.0633583068847656 -0.0229873657226563 -0.272186279296875 -0.0586395263671875
0.0419807434082031 -0.0501976013183594 -0.199737548828125 -0.47039794921875
-0.00669097900390625 -0.0394439697265625 0.284912109375 -0.603271484375
-0.0892410278320313 -0.028106689453125 0.783203125 -0.05810546875
-0.113899230957031 -0.0643234252929688 0.65460205078125 0.59234619140625
-0.0331573486328125 -0.115226745605469 0.158111572265625 0.46527099609375
-0.00482177734375001 -0.13250732421875 0.0307083129882812 -0.0979080200195313
-0.0724411010742188 -0.0622177124023438 -0.40704345703125 -0.471588134765625
-0.101646423339844 -0.00821685791015627 -0.84661865234375 -0.0424804687500002
-0.0766067504882813 -0.0123825073242187 -0.46343994140625 0.618408203125
-0.027587890625 -0.0433006286621094 0.182373046875 0.5921630859375
0.0196495056152344 -0.048583984375 0.385772705078125 0.210845947265625
0.0355186462402344 -0.0108566284179688 0.281280517578125 -0.152557373046875
0.0217761993408203 -0.00578117370605469 0.0732421875 -0.2891845703125
-0.0121440887451172 -0.0283756256103516 -0.0562896728515625 0.220947265625
-0.0231437683105469 -0.00282478332519531 -0.266281127929687 0.0640716552734375
-0.0195045471191406 0.0572090148925781 -0.350738525390625 -0.2841796875
0.03466796875 0.0499534606933594 -0.081787109375 -0.6265869140625
0.0479316711425781 0.0279006958007813 0.548065185546875 -0.486724853515625
0.0507087707519531 0.00107192993164063 0.83441162109375 0.1209716796875
0.0820541381835938 0.0362777709960938 0.385711669921875 0.441680908203125
0.05743408203125 0.0984878540039063 0.0589752197265625 0.0932540893554688
0.0814132690429687 0.07196044921875 -0.163360595703125 -0.510467529296875
0.0862655639648438 0.0141983032226563 -0.7288818359375 -0.49871826171875
0.0515670776367188 0.00560760498046875 -0.79144287109375 0.277099609375
-0.000240325927734379 0.0473251342773438 -0.1590576171875 0.67156982421875
-0.0473213195800781 0.0505218505859375 0.253326416015625 0.452789306640625
-0.0368728637695313 0.00687789916992187 0.295318603515625 0.00408935546875
-0.0052947998046875 -0.0217151641845703 0.118789672851563 -0.262680053710938
-0.0088958740234375 -0.0240573883056641 -0.058135986328125 0.213668823242187
-0.0189857482910156 0.00103569030761719 -0.259231567382813 0.0167694091796875
-0.0163497924804687 0.0500526428222656 -0.30364990234375 -0.36383056640625
0.0338668823242188 0.0388298034667969 0.02850341796875 -0.65496826171875
0.0497055053710938 0.0211296081542969 0.6373291015625 -0.3758544921875
0.0571517944335937 0.0130882263183594 0.80072021484375 0.28179931640625
0.0773468017578125 0.0638504028320313 0.30914306640625 0.47186279296875
0.05072021484375 0.117546081542969 0.0413475036621094 0.0404090881347656
0.089263916015625 0.0763168334960938 -0.25213623046875 -0.504486083984375
0.0893020629882813 0.005523681640625 -0.80755615234375 -0.35052490234375
0.0532073974609375 -0.00397872924804688 -0.706298828125 0.4150390625
0.00268936157226563 0.0367240905761719 -0.0335693359375 0.65594482421875
-0.0435142517089844 0.0390205383300781 0.323333740234375 0.3714599609375
-0.0356597900390625 0.00374603271484376 0.309967041015625 -0.048858642578125
-0.00505638122558593 -0.0199527740478516 0.115875244140625 -0.270919799804688
-0.00302505493164063 -0.0202083587646484 -0.0637664794921875 0.205230712890625
-0.00901508331298828 0.000905990600585939 -0.251663208007813 -0.0296478271484375
-0.00999259948730468 0.03436279296875 -0.245391845703125 -0.43408203125
0.0312557220458984 0.0244560241699219 0.14971923828125 -0.65411376953125
0.0420989990234375 0.0164031982421875 0.71307373046875 -0.2342529296875
0.0471458435058594 0.0264968872070312 0.73529052734375 0.443115234375
0.0590133666992188 0.0792465209960938 0.22821044921875 0.48712158203125
0.0412673950195312 0.114501953125 0.02618408203125 -0.0178184509277344
0.0844879150390625 0.06549072265625 -0.341705322265625 -0.487274169921875
0.0760498046875 -0.00861358642578125 -0.855224609375 -0.19171142578125
0.0423965454101563 -0.0166549682617188 -0.5960693359375 0.5252685546875
0.00367164611816406 0.0197257995605469 0.0859375000000001 0.61444091796875
-0.0355567932128906 0.0253639221191406 0.37646484375 0.281219482421875
-0.0300960540771484 0.00196456909179688 0.314971923828125 -0.102935791015625
-0.00381278991699219 -0.01824951171875 0.108657836914062 -0.279403686523438
0.00518798828125 -0.0172090530395508 -0.0704193115234375 0.197845458984375
0.00600862503051758 -0.0037841796875 -0.244903564453125 -0.0679168701171875
0.000278472900390624 0.0133028030395508 -0.186248779296875 -0.48455810546875
0.0263156890869141 0.00731658935546875 0.26068115234375 -0.62646484375
0.0236358642578125 0.0122299194335938 0.76043701171875 -0.084228515625
0.0235595703125 0.0307216644287109 0.65704345703125 0.5787353515625
0.0347900390625 0.0725936889648438 0.159332275390625 0.485992431640625
0.028594970703125 0.0904006958007813 0.0140457153320312 -0.0731964111328125
0.0660362243652344 0.0461311340332031 -0.418487548828125 -0.45916748046875
0.0479965209960938 -0.0176200866699219 -0.87261962890625 -0.04840087890625
0.0224018096923828 -0.0267620086669922 -0.48779296875 0.6016845703125
0.000397384166717529 0.000133395195007324 0.1802978515625 0.561676025390625
-0.0231437683105469 0.00828742980957031 0.4095458984375 0.196990966796875
-0.0192050933837891 0.001861572265625 0.311614990234375 -0.1485595703125
0.000716209411621093 -0.0127696990966797 0.09698486328125 -0.285797119140625
0.0158510208129883 -0.0168819427490234 -0.0766754150390625 0.192642211914063
0.02410888671875 -0.0111522674560547 -0.24298095703125 -0.0923004150390625
0.0111980438232422 -0.00937652587890625 -0.141265869140625 -0.51220703125
0.0197105407714844 -0.00967216491699219 0.34149169921875 -0.5916748046875
-0.00341200828552246 0.00214290618896484 0.780517578125 0.0262451171875
-0.00902080535888672 0.0172576904296875 0.5853271484375 0.66827392578125
0.0139122009277344 0.0405387878417969 0.11328125 0.47528076171875
0.0161399841308594 0.04443359375 0.0078887939453125 -0.113998413085938
0.0321788787841797 0.023223876953125 -0.46917724609375 -0.435211181640625
0.00984954833984375 -0.0192241668701172 -0.8675537109375 0.0478515624999999
-0.00330924987792969 -0.0314731597900391 -0.40533447265625 0.6439208984375
-0.00520133972167968 -0.0188255310058594 0.235382080078125 0.522125244140625
-0.0106096267700195 -0.00868701934814453 0.42095947265625 0.139495849609375
-0.00473117828369141 0.000377655029296876 0.299530029296875 -0.179534912109375
0.00492286682128906 -0.00906658172607422 0.086944580078125 -0.288909912109375
0.0222225189208984 -0.0140590667724609 -0.0842437744140625 0.192733764648438
0.0412635803222656 -0.0162887573242188 -0.242584228515625 -0.0984039306640625
0.0251483917236328 -0.0297088623046875 -0.127227783203125 -0.517913818359375
0.00944137573242187 -0.0249862670898437 0.37188720703125 -0.57135009765625
-0.0351104736328125 -0.0113792419433594 0.79156494140625 0.07000732421875
-0.0417366027832031 -0.0113410949707031 0.56341552734375 0.69732666015625
-0.000846862792968751 -0.00942134857177734 0.09991455078125 0.46429443359375
0.00491046905517578 -0.0135774612426758 0.00770568847656251 -0.132850646972656
-0.00806379318237305 -0.00171041488647461 -0.482635498046875 -0.427825927734375
-0.0304031372070313 -0.0117568969726563 -0.85662841796875 0.0881958007812501
-0.0301723480224609 -0.0275726318359375 -0.369140625 0.66217041015625
-0.0129375457763672 -0.0336627960205078 0.25823974609375 0.511932373046875
0.00292205810546875 -0.0248374938964844 0.4178466796875 0.11956787109375
0.0112285614013672 -0.00186252593994141 0.28936767578125 -0.19256591796875
0.0121641159057617 -0.00606155395507813 0.074951171875 -0.289459228515625
0.0257682800292969 -0.0132827758789063 -0.0880584716796875 0.19830322265625
0.0557174682617188 -0.0215301513671875 -0.253921508789062 -0.0862579345703125
0.0354957580566406 -0.044647216796875 -0.149932861328125 -0.503509521484375
-0.000392913818359375 -0.0365638732910156 0.35150146484375 -0.5828857421875
-0.0648384094238281 -0.0241241455078125 0.794677734375 0.03704833984375
-0.0772247314453125 -0.043426513671875 0.587158203125 0.66961669921875
-0.0158805847167969 -0.0670242309570313 0.114715576171875 0.462066650390625
-0.00274658203125 -0.075439453125 0.0156936645507812 -0.128028869628906
-0.0461273193359375 -0.0289497375488281 -0.463287353515625 -0.438018798828125
-0.0694236755371094 -0.00559234619140625 -0.85247802734375 0.0595703125000002
-0.0548286437988281 -0.0199394226074219 -0.3863525390625 0.657470703125
-0.020782470703125 -0.0420570373535156 0.242645263671875 0.53729248046875
0.0127410888671875 -0.0393447875976563 0.408599853515625 0.1441650390625
0.0251884460449219 -0.00670051574707031 0.281982421875 -0.184661865234375
0.0175046920776367 -0.00516700744628906 0.0697021484375 -0.291107177734375
0.0253219604492188 -0.0140285491943359 -0.091400146484375 0.208236694335938
0.0633583068847656 -0.0241241455078125 -0.271011352539063 -0.0535430908203125
0.0412216186523438 -0.0506477355957031 -0.206390380859375 -0.46600341796875
-0.00664901733398437 -0.0399360656738281 0.27862548828125 -0.60626220703125
-0.089508056640625 -0.0272293090820313 0.7822265625 -0.0703125
-0.113021850585938 -0.0628509521484375 0.66107177734375 0.58245849609375
-0.0345611572265625 -0.114204406738281 0.16217041015625 0.46343994140625
-0.006927490234375 -0.1324462890625 0.0296173095703125 -0.097503662109375
-0.0731353759765625 -0.0611495971679687 -0.40997314453125 -0.46514892578125
-0.101402282714844 -0.00635528564453124 -0.84674072265625 -0.0310668945312501
-0.076629638671875 -0.0109100341796875 -0.45526123046875 0.6248779296875
-0.0284080505371094 -0.0426139831542969 0.1910400390625 0.59033203125
0.0200233459472656 -0.0486793518066406 0.38861083984375 0.20703125
0.0354194641113281 -0.0110626220703125 0.2779541015625 -0.156707763671875
0.0211524963378906 -0.00558090209960938 0.070281982421875 -0.29058837890625
-0.0130634307861328 -0.0291824340820313 -0.05389404296875 0.220748901367188
-0.0235519409179687 -0.00203704833984375 -0.265151977539062 0.0681915283203125
-0.0179939270019531 0.05694580078125 -0.353546142578125 -0.278533935546875
0.0357780456542969 0.0495452880859375 -0.08935546875 -0.6243896484375
0.0483512878417969 0.0274925231933594 0.538848876953125 -0.492462158203125
0.050567626953125 0.00112152099609375 0.83233642578125 0.11138916015625
0.0812149047851563 0.035186767578125 0.38800048828125 0.435546875
0.05792236328125 0.0970916748046875 0.0597457885742188 0.092987060546875
0.0819091796875 0.0712356567382813 -0.167938232421875 -0.5059814453125
0.086181640625 0.013336181640625 -0.7322998046875 -0.48944091796875
0.0510139465332031 0.004486083984375 -0.7855224609375 0.28570556640625
-6.48498535156296E-05 0.0470466613769531 -0.15008544921875 0.6737060546875
-0.04620361328125 0.0507736206054688 0.257659912109375 0.449462890625
-0.0369720458984375 0.0066375732421875 0.29400634765625 0.00128173828125
-0.00623703002929687 -0.0219020843505859 0.114700317382812 -0.262710571289063
-0.0102729797363281 -0.0253620147705078 -0.055877685546875 0.213363647460938
-0.0189399719238281 0.00138092041015625 -0.257781982421875 0.021026611328125
-0.015228271484375 0.0501937866210937 -0.307708740234375 -0.357757568359375
0.0350799560546875 0.0390739440917969 0.02069091796875 -0.65386962890625
0.0497589111328125 0.0206298828125 0.63104248046875 -0.3824462890625
0.057891845703125 0.0126724243164062 0.80072021484375 0.26812744140625
0.07733154296875 0.0624465942382813 0.31207275390625 0.467010498046875
0.0516510009765625 0.116859436035156 0.0418586730957031 0.0389404296875
0.08929443359375 0.0747222900390625 -0.257965087890625 -0.5003662109375
0.089324951171875 0.00444793701171875 -0.80859375 -0.33990478515625
0.0531349182128906 -0.00463485717773438 -0.69903564453125 0.4219970703125
0.00358200073242188 0.0366744995117187 -0.02496337890625 0.65557861328125
-0.0422859191894531 0.040008544921875 0.328460693359375 0.36724853515625
-0.036285400390625 0.00426864624023438 0.307952880859375 -0.051727294921875
-0.0055694580078125 -0.0202884674072266 0.111495971679687 -0.272125244140625
-0.0042266845703125 -0.0207347869873047 -0.0605621337890625 0.205276489257813
-0.00888824462890625 0.00055980682373047 -0.251739501953125 -0.0256500244140625
-0.00929069519042969 0.0344104766845703 -0.251312255859375 -0.43072509765625
0.0321674346923828 0.0235176086425781 0.141845703125 -0.655029296875
0.0416679382324219 0.0163917541503906 0.7081298828125 -0.241943359375
0.0472030639648438 0.0266265869140625 0.740478515625 0.4320068359375
0.0598373413085938 0.0780563354492188 0.23419189453125 0.4822998046875
0.0411911010742188 0.113929748535156 0.0255908966064453 -0.0181713104248047
0.0854110717773438 0.0640869140625 -0.346588134765625 -0.480743408203125
0.0762405395507813 -0.0094451904296875 -0.85455322265625 -0.18048095703125
0.0422706604003906 -0.0169639587402344 -0.58929443359375 0.53143310546875
0.00353240966796875 0.0196342468261719 0.0933837890625 0.61224365234375
-0.0343189239501953 0.0255794525146484 0.38037109375 0.274688720703125
-0.0297126770019531 0.0028228759765625 0.312286376953125 -0.1055908203125
-0.00412178039550781 -0.0174551010131836 0.10491943359375 -0.2806396484375
0.00551986694335938 -0.0186996459960938 -0.067596435546875 0.197341918945313
0.00614595413208008 -0.00442600250244141 -0.244903564453125 -0.0637969970703126
0.000217437744140624 0.0136528015136719 -0.19293212890625 -0.480712890625
0.0272998809814453 0.00723838806152344 0.25390625 -0.6279296875
0.0235805511474609 0.0116691589355469 0.75665283203125 -0.09588623046875
0.0241146087646484 0.0303287506103516 0.66302490234375 0.5693359375
0.0354995727539062 0.072235107421875 0.164886474609375 0.48138427734375
0.0298919677734375 0.089385986328125 0.0129165649414063 -0.0726242065429688
0.0659599304199219 0.0446014404296875 -0.4237060546875 -0.45196533203125
0.0481185913085937 -0.0181961059570313 -0.8707275390625 -0.0368652343749999
0.0217475891113281 -0.0268211364746094 -0.4783935546875 0.607421875
0.000404477119445801 -0.0002879798412323 0.186309814453125 0.558837890625
-0.0224208831787109 0.00951766967773437 0.410736083984375 0.192169189453125
-0.0187931060791016 0.00167655944824218 0.308013916015625 -0.153076171875
-0.000393867492675782 -0.0131731033325195 0.09326171875 -0.286102294921875
0.0144805908203125 -0.0183944702148438 -0.0745849609375 0.193145751953125
0.0242233276367188 -0.0119380950927734 -0.2437744140625 -0.087890625
0.0110340118408203 -0.00993061065673828 -0.14984130859375 -0.50970458984375
0.0190200805664062 -0.00977516174316406 0.33331298828125 -0.5947265625
-0.00327038764953613 0.00169658660888672 0.77947998046875 0.01824951171875
-0.00802421569824219 0.0173673629760742 0.59210205078125 0.6566162109375
0.0141944885253906 0.0403099060058594 0.117584228515625 0.47235107421875
0.0160484313964844 0.0443916320800781 0.00598907470703126 -0.112998962402344
0.03204345703125 0.0229015350341797 -0.470611572265625 -0.42840576171875
0.00957298278808594 -0.0181636810302734 -0.8634033203125 0.058837890625
-0.00383567810058594 -0.0306224822998047 -0.39556884765625 0.6473388671875
-0.00511360168457031 -0.0193443298339844 0.242889404296875 0.518157958984375
-0.00982284545898438 -0.00710010528564453 0.422943115234375 0.132904052734375
-0.00457477569580078 0.000523567199707031 0.29681396484375 -0.18341064453125
0.00483036041259766 -0.00940418243408203 0.082305908203125 -0.28961181640625
0.0216522216796875 -0.0150623321533203 -0.0807952880859375 0.193008422851563
0.0410575866699219 -0.0169601440429688 -0.243408203125 -0.094512939453125
0.0248622894287109 -0.0300216674804688 -0.133636474609375 -0.513092041015625
0.00890350341796875 -0.0248336791992188 0.36468505859375 -0.5751953125
-0.0354881286621094 -0.011199951171875 0.78948974609375 0.0606689453125
-0.0412826538085937 -0.0106430053710937 0.569091796875 0.68670654296875
-0.00180530548095703 -0.00977993011474609 0.1051025390625 0.46185302734375
0.00463485717773438 -0.0133943557739258 0.00614166259765624 -0.131561279296875
-0.00799322128295898 -0.00113439559936524 -0.48675537109375 -0.42047119140625
-0.0301513671875 -0.0122184753417969 -0.85479736328125 0.0975952148437499
-0.0300178527832031 -0.0271148681640625 -0.3594970703125 0.6673583984375
-0.0137367248535156 -0.0330715179443359 0.263763427734375 0.507965087890625
0.00249290466308594 -0.0247859954833984 0.419036865234375 0.1143798828125
0.0114574432373047 -0.00209617614746094 0.28607177734375 -0.19598388671875
0.0120010375976563 -0.00616836547851563 0.071075439453125 -0.289642333984375
0.024505615234375 -0.0141353607177734 -0.08514404296875 0.19842529296875
0.0549583435058594 -0.022552490234375 -0.254013061523438 -0.080841064453125
0.0349388122558594 -0.0441627502441406 -0.15740966796875 -0.4989013671875
-0.000545501708984372 -0.036041259765625 0.3431396484375 -0.583984375
-0.0659255981445313 -0.0231742858886719 0.792724609375 0.02630615234375
-0.077667236328125 -0.0425262451171875 0.5941162109375 0.658447265625
-0.0159759521484375 -0.0665626525878906 0.118316650390625 0.457916259765625
-0.004638671875 -0.0754623413085938 0.0138626098632813 -0.126937866210938
-0.0467071533203125 -0.0277786254882813 -0.46685791015625 -0.4300537109375
-0.0687675476074219 -0.00512695312500001 -0.8470458984375 0.0692138671874998
-0.0546531677246094 -0.0191802978515625 -0.3775634765625 0.66204833984375
-0.02197265625 -0.0418167114257813 0.249237060546875 0.5328369140625
0.0120620727539063 -0.039642333984375 0.408050537109375 0.1385498046875
0.0249481201171875 -0.00663948059082031 0.27801513671875 -0.187820434570313
0.0176258087158203 -0.00515365600585938 0.06591796875 -0.290435791015625
0.0245819091796875 -0.0152473449707031 -0.08807373046875 0.208053588867188
0.062164306640625 -0.025634765625 -0.270980834960937 -0.04925537109375
0.0411605834960938 -0.0513153076171875 -0.210296630859375 -0.46221923828125
-0.00730514526367188 -0.0397872924804688 0.269775390625 -0.6085205078125
-0.090728759765625 -0.0251235961914063 0.7801513671875 -0.07928466796875
-0.113853454589844 -0.0611801147460937 0.6661376953125 0.57159423828125
-0.0361557006835938 -0.113334655761719 0.1666259765625 0.459075927734375
-0.00923919677734374 -0.131156921386719 0.0285186767578125 -0.096893310546875
-0.0739898681640625 -0.0602035522460937 -0.413482666015625 -0.458404541015625
-0.100067138671875 -0.00489807128906249 -0.84576416015625 -0.0204467773437501
-0.076202392578125 -0.00963592529296874 -0.44683837890625 0.6275634765625
-0.0287361145019531 -0.0419349670410156 0.19915771484375 0.58575439453125
0.0184211730957031 -0.049102783203125 0.38861083984375 0.201751708984375
0.0354042053222656 -0.0125236511230469 0.275100708007812 -0.159439086914063
0.0210533142089844 -0.00650596618652344 0.064605712890625 -0.2901611328125
-0.0150642395019531 -0.0297603607177734 -0.050933837890625 0.220611572265625
-0.0222187042236328 -0.00209426879882813 -0.262832641601563 0.0713043212890625
-0.0167121887207031 0.0579986572265625 -0.356109619140625 -0.27386474609375
0.0354270935058594 0.0492095947265625 -0.0963134765625001 -0.6209716796875
0.0487174987792969 0.0267143249511719 0.532501220703125 -0.495269775390625
0.0503463745117188 0.00084686279296875 0.8304443359375 0.10040283203125
0.0808334350585937 0.0333709716796875 0.391326904296875 0.429931640625
0.0583114624023438 0.09576416015625 0.0608673095703125 0.09185791015625
0.0823822021484375 0.0688095092773438 -0.1724853515625 -0.500213623046875
0.086700439453125 0.0126113891601563 -0.73406982421875 -0.48004150390625
0.0504341125488281 0.00449371337890625 -0.7779541015625 0.29254150390625
0.000682830810546872 0.0472908020019531 -0.14007568359375 0.673583984375
-0.0456428527832031 0.0519180297851562 0.265228271484375 0.44586181640625
-0.0364761352539063 0.00826644897460938 0.292633056640625 -0.002410888671875
-0.0066986083984375 -0.0212764739990234 0.111846923828125 -0.263580322265625
-0.0103168487548828 -0.0249004364013672 -0.053955078125 0.212966918945312
-0.0189247131347656 0.00116539001464844 -0.256591796875 0.0252227783203125
-0.013916015625 0.0507278442382813 -0.31134033203125 -0.3536376953125
0.0350723266601563 0.0377731323242188 0.01385498046875 -0.651123046875
0.0489463806152344 0.0205268859863281 0.62310791015625 -0.3890380859375
0.0569114685058594 0.0121841430664063 0.79986572265625 0.25750732421875
0.0771560668945313 0.0615768432617187 0.31488037109375 0.460174560546875
0.0519638061523438 0.114631652832031 0.0430107116699219 0.0391426086425781
0.0899658203125 0.0732421875 -0.260955810546875 -0.493377685546875
0.0897979736328125 0.00360107421875 -0.81011962890625 -0.3292236328125
0.0522880554199219 -0.00501632690429688 -0.69110107421875 0.42950439453125
0.00445175170898438 0.0356254577636719 -0.0174560546875 0.6531982421875
-0.0420799255371094 0.0405960083007812 0.33074951171875 0.362335205078125
-0.0355110168457031 0.00497817993164063 0.30596923828125 -0.055694580078125
-0.00619888305664063 -0.0205268859863281 0.10797119140625 -0.2724609375
-0.004364013671875 -0.0221462249755859 -0.058258056640625 0.205230712890625
-0.00862264633178711 0.000566959381103514 -0.250518798828125 -0.021881103515625
-0.00839614868164063 0.0348377227783203 -0.255340576171875 -0.42486572265625
0.0327625274658203 0.0226593017578125 0.13330078125 -0.65301513671875
0.0413780212402344 0.0159950256347656 0.7021484375 -0.24945068359375
0.0480918884277344 0.0256118774414062 0.74078369140625 0.42083740234375
0.0598678588867187 0.0769577026367188 0.236480712890625 0.476287841796875
0.0419540405273438 0.112464904785156 0.0250473022460938 -0.0177173614501953
0.0853958129882813 0.0629501342773438 -0.34906005859375 -0.47406005859375
0.0766448974609375 -0.00955963134765625 -0.85455322265625 -0.1700439453125
0.0418777465820313 -0.01776123046875 -0.5811767578125 0.53619384765625
0.00356864929199219 0.0195388793945313 0.10052490234375 0.60980224609375
-0.0336723327636719 0.0262947082519531 0.382537841796875 0.27056884765625
-0.0287208557128906 0.00266456604003906 0.309600830078125 -0.1099853515625
-0.00431060791015625 -0.0178089141845703 0.101104736328125 -0.28118896484375
0.00464820861816406 -0.0187511444091797 -0.0650177001953125 0.19781494140625
0.00614690780639648 -0.00478887557983398 -0.244918823242187 -0.0595703125
0.000221252441406251 0.0138921737670898 -0.19769287109375 -0.475372314453125
0.0275058746337891 0.00694656372070313 0.2469482421875 -0.6280517578125
0.0237083435058594 0.0117321014404297 0.75244140625 -0.103759765625
0.0246315002441406 0.0305461883544922 0.6658935546875 0.55914306640625
0.0354156494140625 0.0713577270507813 0.168731689453125 0.47723388671875
0.030029296875 0.0884017944335938 0.0124740600585938 -0.0710601806640625
0.0662117004394531 0.0436973571777344 -0.4261474609375 -0.446868896484375
0.0477485656738281 -0.0179786682128906 -0.8662109375 -0.0281982421875
0.0210590362548828 -0.0271377563476562 -0.47021484375 0.6094970703125
-0.00025235116481781 0.000162944197654724 0.19305419921875 0.55487060546875
-0.0225868225097656 0.009521484375 0.412811279296875 0.186370849609375
-0.0185146331787109 0.00176429748535156 0.304229736328125 -0.15521240234375
-0.00124931335449219 -0.0131063461303711 0.089935302734375 -0.286224365234375
0.0131664276123047 -0.0186767578125 -0.0705718994140625 0.1923828125
0.0236434936523438 -0.0120124816894531 -0.242523193359375 -0.0838775634765625
0.0118732452392578 -0.00934028625488281 -0.154541015625 -0.5047607421875
0.0197868347167969 -0.0098876953125 0.3258056640625 -0.595703125
-0.00348758697509766 0.00193500518798828 0.7752685546875 0.00799560546875
-0.00775146484375 0.0176200866699219 0.5972900390625 0.648193359375
0.0139808654785156 0.0397453308105469 0.121673583984375 0.4678955078125
0.0159988403320312 0.0439071655273438 0.004119873046875 -0.112564086914063
0.0321559906005859 0.0224704742431641 -0.4732666015625 -0.420623779296875
0.0103092193603516 -0.019439697265625 -0.85870361328125 0.0689086914062501
-0.00458335876464844 -0.0310630798339844 -0.3868408203125 0.64898681640625
-0.00546836853027344 -0.0190219879150391 0.24798583984375 0.514434814453125
-0.00944709777832031 -0.00694942474365234 0.423095703125 0.1280517578125
-0.00458192825317383 0.000699996948242187 0.292572021484375 -0.18695068359375
0.00463676452636719 -0.009002685546875 0.078369140625 -0.290130615234375
0.0207920074462891 -0.0160083770751953 -0.078369140625 0.19342041015625
0.0406761169433594 -0.0178031921386719 -0.243087768554688 -0.0905609130859375
0.0243473052978516 -0.0304508209228516 -0.140411376953125 -0.5087890625
0.009185791015625 -0.0247287750244141 0.35662841796875 -0.57623291015625
-0.0362586975097656 -0.0110054016113281 0.7860107421875 0.0496826171875
-0.0411911010742188 -0.0101470947265625 0.57476806640625 0.67828369140625
-0.00178337097167969 -0.00991058349609375 0.10699462890625 0.457275390625
0.00363445281982422 -0.0134134292602539 0.00485992431640626 -0.130882263183594
-0.00775241851806641 -0.00149917602539063 -0.489166259765625 -0.41180419921875
-0.0286865234375 -0.0109977722167969 -0.84906005859375 0.107177734375
-0.0303726196289063 -0.0262832641601562 -0.35040283203125 0.6685791015625
-0.014556884765625 -0.0334644317626953 0.26953125 0.5025634765625
0.00188827514648438 -0.024566650390625 0.418853759765625 0.1087646484375
0.0115928649902344 -0.00184917449951172 0.28155517578125 -0.1993408203125
0.010869026184082 -0.00661468505859375 0.06689453125 -0.290069580078125
0.0240116119384766 -0.0149192810058594 -0.08270263671875 0.198379516601563
0.0547332763671875 -0.0237045288085938 -0.253494262695313 -0.077056884765625
0.0340652465820313 -0.0445632934570313 -0.162261962890625 -0.495086669921875
-0.00135040283203125 -0.0358390808105469 0.33612060546875 -0.5853271484375
-0.0659523010253906 -0.0219879150390625 0.78802490234375 0.0177001953125
-0.0770645141601563 -0.041107177734375 0.59735107421875 0.65032958984375
-0.0174484252929688 -0.0659675598144531 0.122833251953125 0.454376220703125
-0.00600433349609375 -0.0750808715820313 0.0127105712890625 -0.126136779785156
-0.04681396484375 -0.02740478515625 -0.468536376953125 -0.42333984375
-0.06829833984375 -0.00368881225585937 -0.84429931640625 0.0783081054687498
-0.05511474609375 -0.0179939270019531 -0.36834716796875 0.6641845703125
-0.0227317810058594 -0.0417823791503906 0.254852294921875 0.528228759765625
0.0116500854492187 -0.0392379760742188 0.409027099609375 0.13372802734375
0.0248317718505859 -0.00806808471679688 0.27362060546875 -0.19110107421875
0.016876220703125 -0.00530147552490234 0.061248779296875 -0.289764404296875
0.0238056182861328 -0.0160160064697266 -0.08465576171875 0.208450317382813
0.0622062683105469 -0.0273399353027344 -0.269851684570313 -0.0450439453125
0.0400161743164062 -0.0518112182617188 -0.21466064453125 -0.4569091796875
-0.008331298828125 -0.0395469665527344 0.26092529296875 -0.609375
-0.0912399291992188 -0.0248260498046875 0.7764892578125 -0.08807373046875
-0.114067077636719 -0.0596542358398438 0.66925048828125 0.560302734375
-0.0368881225585938 -0.112739562988281 0.170379638671875 0.45416259765625
-0.011627197265625 -0.131423950195312 0.0273895263671875 -0.0961227416992188
-0.0733795166015625 -0.0593414306640625 -0.416778564453125 -0.450897216796875
-0.09893798828125 -0.00350952148437501 -0.84088134765625 -0.0108642578125002
-0.0770492553710938 -0.00887298583984377 -0.4371337890625 0.6324462890625
-0.0293655395507813 -0.0417861938476563 0.20648193359375 0.5819091796875
0.0183029174804687 -0.0488090515136719 0.39111328125 0.196502685546875
0.0348587036132813 -0.0126552581787109 0.270126342773437 -0.163055419921875
0.0214309692382813 -0.00699615478515625 0.061431884765625 -0.29010009765625
-0.0154609680175781 -0.0289573669433594 -0.048675537109375 0.219085693359375
-0.0228710174560547 -0.002197265625 -0.261154174804688 0.0749053955078125
-0.0146408081054688 0.0575752258300781 -0.35711669921875 -0.267974853515625
0.0379753112792969 0.0471000671386719 -0.1031494140625 -0.61773681640625
0.0485267639160156 0.0260505676269531 0.523162841796875 -0.498565673828125
0.0502433776855469 0.0007781982421875 0.82659912109375 0.08953857421875
0.0798416137695313 0.0332565307617187 0.3919677734375 0.423309326171875
0.0581817626953125 0.094268798828125 0.0620498657226563 0.0909042358398438
0.08331298828125 0.067108154296875 -0.175445556640625 -0.495880126953125
0.087005615234375 0.01220703125 -0.73492431640625 -0.469970703125
0.0510826110839844 0.00320816040039062 -0.7720947265625 0.29864501953125
0.00157928466796875 0.0464706420898438 -0.13153076171875 0.671630859375
-0.044342041015625 0.0522651672363281 0.268035888671875 0.442535400390625
-0.0364112854003906 0.00865173339843749 0.291107177734375 -0.004974365234375
-0.00684547424316407 -0.0217247009277344 0.108001708984375 -0.264266967773438
-0.0115795135498047 -0.0253829956054688 -0.050933837890625 0.212677001953125
-0.0187568664550781 0.00154495239257812 -0.255035400390625 0.0282745361328125
-0.0126228332519531 0.0516014099121094 -0.31341552734375 -0.347930908203125
0.0356216430664063 0.0370597839355469 0.00494384765625005 -0.6480712890625
0.0493965148925781 0.0190391540527344 0.61541748046875 -0.394287109375
0.0566635131835937 0.0116806030273437 0.798095703125 0.24737548828125
0.0760269165039063 0.060455322265625 0.316314697265625 0.454132080078125
0.0520477294921875 0.112564086914063 0.04351806640625 0.0392494201660156
0.0897064208984375 0.0719833374023438 -0.26312255859375 -0.48651123046875
0.0901260375976563 0.0026397705078125 -0.80841064453125 -0.3187255859375
0.0517692565917969 -0.00636672973632812 -0.681884765625 0.43475341796875
0.00390243530273438 0.035980224609375 -0.00903320312499993 0.6507568359375
-0.0409660339355469 0.041473388671875 0.334136962890625 0.359039306640625
-0.0359420776367188 0.00546646118164063 0.3031005859375 -0.05889892578125
-0.00615501403808594 -0.0205097198486328 0.104385375976562 -0.272918701171875
-0.00404548645019531 -0.0217914581298828 -0.055694580078125 0.204391479492188
-0.00797033309936524 0.000846862792968751 -0.249069213867188 -0.0178680419921875
-0.00737762451171875 0.0354080200195313 -0.257659912109375 -0.420318603515625
0.0333137512207031 0.0224781036376953 0.12652587890625 -0.651611328125
0.0414772033691406 0.0153045654296875 0.696533203125 -0.255126953125
0.0480842590332031 0.0249748229980469 0.74188232421875 0.40997314453125
0.0598602294921875 0.0767440795898438 0.239349365234375 0.470794677734375
0.0422210693359375 0.111030578613281 0.0254325866699219 -0.0178890228271484
0.0857620239257813 0.0621414184570313 -0.352691650390625 -0.466461181640625
0.0765304565429687 -0.0100479125976563 -0.849609375 -0.1607666015625
0.0412750244140625 -0.0178794860839844 -0.5738525390625 0.54058837890625
0.00400543212890625 0.0193061828613281 0.10809326171875 0.60595703125
-0.0336093902587891 0.0272712707519531 0.384033203125 0.265411376953125
-0.0285511016845703 0.00326919555664063 0.30609130859375 -0.112518310546875
-0.00501060485839844 -0.0178508758544922 0.09698486328125 -0.28094482421875
0.00374412536621094 -0.0194950103759766 -0.0618896484375 0.197067260742187
0.0059666633605957 -0.00471687316894531 -0.242889404296875 -0.056121826171875
0.00118064880371094 0.0137605667114258 -0.2017822265625 -0.470703125
0.0273933410644531 0.00649452209472656 0.23822021484375 -0.62860107421875
0.0231246948242188 0.0111846923828125 0.74755859375 -0.1116943359375
0.0244350433349609 0.0299873352050781 0.66802978515625 0.5474853515625
0.0359573364257813 0.0701637268066406 0.170318603515625 0.472015380859375
0.0298614501953125 0.086883544921875 0.0117263793945313 -0.0710678100585938
0.0665779113769531 0.0431137084960938 -0.426910400390625 -0.436370849609375
0.0486831665039063 -0.0188522338867188 -0.86016845703125 -0.0180053710937502
0.0207386016845703 -0.0267143249511719 -0.4610595703125 0.6124267578125
0.000333666801452637 0.000163286924362183 0.19818115234375 0.55047607421875
-0.0227832794189453 0.00998306274414063 0.4129638671875 0.1812744140625
-0.0181541442871094 0.00274276733398438 0.300689697265625 -0.158203125
-0.000885963439941407 -0.0131435394287109 0.08551025390625 -0.286590576171875
0.0125942230224609 -0.0201740264892578 -0.0693817138671875 0.193267822265625
0.0234203338623047 -0.0129337310791016 -0.24261474609375 -0.07958984375
0.0117483139038086 -0.00872707366943359 -0.158721923828125 -0.499053955078125
0.0196876525878906 -0.0104789733886719 0.31781005859375 -0.5966796875
-0.00384092330932617 0.00150108337402344 0.77178955078125 6.10351562500001E-05
-0.00687980651855469 0.0176029205322266 0.59906005859375 0.6375732421875
0.0133323669433594 0.0394325256347656 0.12396240234375 0.46270751953125
0.0154266357421875 0.0434951782226563 0.00340270996093751 -0.111488342285156
0.0317401885986328 0.0221767425537109 -0.476165771484375 -0.412872314453125
0.00984954833984375 -0.0188350677490234 -0.85357666015625 0.0768432617187499
-0.00451278686523437 -0.0305099487304688 -0.3790283203125 0.65087890625
-0.00653457641601563 -0.0194358825683594 0.253082275390625 0.50921630859375
-0.0100202560424805 -0.00663471221923828 0.42242431640625 0.12432861328125
-0.00393199920654297 0.000638961791992188 0.288482666015625 -0.18951416015625
0.00342178344726562 -0.00888442993164063 0.074188232421875 -0.28900146484375
0.0198707580566406 -0.0168647766113281 -0.0755615234375 0.19305419921875
0.0406036376953125 -0.0185279846191406 -0.242324829101562 -0.0873107910156251
0.0246658325195313 -0.0295772552490234 -0.14404296875 -0.50433349609375
0.00872230529785156 -0.0250072479248047 0.3492431640625 -0.57672119140625
-0.0360450744628906 -0.00975799560546875 0.781982421875 0.04168701171875
-0.0404281616210937 -0.00916671752929687 0.5784912109375 0.6666259765625
-0.00225448608398437 -0.00901412963867188 0.11126708984375 0.453857421875
0.00304126739501953 -0.0137319564819336 0.00389862060546875 -0.130165100097656
-0.00723791122436523 -0.000873088836669923 -0.48919677734375 -0.403961181640625
-0.0285549163818359 -0.0102138519287109 -0.84307861328125 0.117919921875
-0.0310554504394531 -0.0261211395263672 -0.34124755859375 0.6690673828125
-0.0146942138671875 -0.0328445434570313 0.274169921875 0.498809814453125
0.00154495239257812 -0.0242862701416016 0.417205810546875 0.10333251953125
0.0109643936157227 -0.00248432159423828 0.2774658203125 -0.201080322265625
0.0111894607543945 -0.00656986236572266 0.063629150390625 -0.28948974609375
0.0237083435058594 -0.0153770446777344 -0.079559326171875 0.199264526367188
0.0538673400878906 -0.0241355895996094 -0.252120971679688 -0.0731506347656249
0.0344772338867188 -0.0452041625976563 -0.16668701171875 -0.49017333984375
-0.00142288208007813 -0.0359039306640625 0.32806396484375 -0.58612060546875
-0.0660972595214844 -0.021148681640625 0.7843017578125 0.00885009765625
-0.0774993896484375 -0.0394058227539063 0.6026611328125 0.63909912109375
-0.0179977416992188 -0.0655441284179688 0.124176025390625 0.449737548828125
-0.00753021240234376 -0.0744857788085938 0.0114669799804688 -0.124862670898438
-0.0464019775390625 -0.02655029296875 -0.47003173828125 -0.4150390625
-0.0670814514160156 -0.002655029296875 -0.83837890625 0.0875854492187499
-0.0550346374511719 -0.0169754028320312 -0.35845947265625 0.6646728515625
-0.0227508544921875 -0.0404243469238281 0.2611083984375 0.52349853515625
0.0116462707519531 -0.0388717651367188 0.407928466796875 0.12860107421875
0.0244884490966797 -0.00852584838867188 0.269195556640625 -0.193206787109375
0.0168476104736328 -0.00576305389404297 0.057861328125 -0.28857421875
0.0226631164550781 -0.0162296295166016 -0.0813751220703125 0.2078857421875
0.0602264404296875 -0.0279998779296875 -0.267974853515625 -0.0411529541015626
0.038726806640625 -0.0522689819335937 -0.217315673828125 -0.450897216796875
-0.0080718994140625 -0.0391349792480469 0.25408935546875 -0.60784912109375
-0.0910491943359375 -0.0223617553710938 0.77056884765625 -0.0958251953125
-0.113265991210938 -0.057342529296875 0.6712646484375 0.55133056640625
-0.0376129150390625 -0.111198425292969 0.173431396484375 0.449737548828125
-0.0132064819335937 -0.129714965820313 0.0259246826171875 -0.0955886840820313
-0.0739593505859375 -0.0581817626953125 -0.417877197265625 -0.444122314453125
-0.0985946655273438 -0.00225067138671876 -0.8341064453125 -0.00219726562500009
-0.0762939453125 -0.00683593749999999 -0.428466796875 0.6331787109375
-0.0299606323242188 -0.0415077209472656 0.21136474609375 0.57763671875
0.0180168151855469 -0.0484542846679688 0.390838623046875 0.19122314453125
0.0346908569335938 -0.0142993927001953 0.26641845703125 -0.165267944335938
0.0206031799316406 -0.00695419311523438 0.05694580078125 -0.28851318359375
-0.01617431640625 -0.029632568359375 -0.0470428466796875 0.218582153320313
-0.0223217010498047 -0.00177001953125 -0.258163452148438 0.0773162841796875
-0.0141105651855469 0.0581321716308594 -0.35662841796875 -0.26226806640625
0.0374946594238281 0.0470428466796875 -0.10797119140625 -0.61212158203125
0.0481071472167969 0.0249290466308594 0.5164794921875 -0.500762939453125
0.0504417419433594 0.000415802001953125 0.82293701171875 0.0816650390625
0.078887939453125 0.0320358276367188 0.391937255859375 0.41607666015625
0.0575332641601563 0.0920791625976563 0.0629196166992188 0.0902252197265625
0.0828781127929688 0.066314697265625 -0.179840087890625 -0.490570068359375
0.0868911743164063 0.0113677978515625 -0.73370361328125 -0.46148681640625
0.0506629943847656 0.0029754638671875 -0.7647705078125 0.30499267578125
0.00167083740234375 0.04608154296875 -0.12554931640625 0.67120361328125
-0.0434150695800781 0.0529098510742187 0.271636962890625 0.437896728515625
-0.0355453491210938 0.00825881958007813 0.288787841796875 -0.007568359375
-0.00713920593261719 -0.0212516784667969 0.103988647460937 -0.26324462890625
-0.0120353698730469 -0.0254631042480469 -0.04852294921875 0.211883544921875
-0.0182628631591797 0.00145912170410156 -0.253250122070313 0.0322723388671875
-0.0118522644042969 0.0513763427734375 -0.3148193359375 -0.34320068359375
0.0367240905761719 0.0363388061523438 -0.000671386718749956 -0.64324951171875
0.0494422912597656 0.0185890197753906 0.60858154296875 -0.395263671875
0.0568161010742188 0.010955810546875 0.79595947265625 0.23895263671875
0.0757369995117188 0.0595626831054687 0.318145751953125 0.447418212890625
0.0525741577148438 0.111442565917969 0.043487548828125 0.0389862060546875
0.089202880859375 0.070068359375 -0.266448974609375 -0.479461669921875
0.0898208618164063 0.00240325927734375 -0.80523681640625 -0.30963134765625
0.0508651733398438 -0.00655364990234375 -0.67529296875 0.43768310546875
0.00385284423828125 0.0348529815673828 -0.00213623046875002 0.64697265625
-0.0401573181152344 0.0413322448730469 0.33514404296875 0.353271484375
-0.0351314544677734 0.00570297241210937 0.30035400390625 -0.061767578125
-0.00732994079589844 -0.0200309753417969 0.100875854492188 -0.2724609375
-0.00604820251464844 -0.0219783782958984 -0.0534515380859375 0.203933715820313
-0.00830698013305664 3.81469726562482E-05 -0.247695922851563 -0.0158233642578125
-0.00661468505859375 0.0349521636962891 -0.26031494140625 -0.413848876953125
0.0329055786132813 0.0216312408447266 0.11944580078125 -0.6478271484375
0.0407638549804688 0.0145645141601563 0.68914794921875 -0.26025390625
0.047882080078125 0.0249595642089844 0.739501953125 0.399658203125
0.0592117309570313 0.0747756958007813 0.239501953125 0.46533203125
0.0422821044921875 0.109748840332031 0.0250034332275391 -0.0168704986572266
0.08544921875 0.0600051879882813 -0.35382080078125 -0.46038818359375
0.0762481689453125 -0.01007080078125 -0.8448486328125 -0.1514892578125
0.0410614013671875 -0.0179901123046875 -0.56427001953125 0.54241943359375
0.0038299560546875 0.0183563232421875 0.11175537109375 0.601806640625
-0.033233642578125 0.026641845703125 0.38531494140625 0.26177978515625
-0.0283584594726563 0.00379562377929688 0.3021240234375 -0.115081787109375
-0.00508308410644531 -0.0176753997802734 0.093658447265625 -0.281036376953125
0.00296974182128906 -0.0199718475341797 -0.0601806640625 0.196151733398438
0.00636577606201172 -0.00444221496582031 -0.242279052734375 -0.053070068359375
0.00189208984375 0.0141277313232422 -0.205291748046875 -0.46575927734375
0.0272598266601562 0.00615882873535156 0.2313232421875 -0.62640380859375
0.0230197906494141 0.0112133026123047 0.741455078125 -0.11761474609375
0.0250053405761719 0.0294933319091797 0.6673583984375 0.53790283203125
0.0357856750488281 0.06951904296875 0.172698974609375 0.466949462890625
0.029510498046875 0.0858688354492188 0.011444091796875 -0.0704879760742188
0.066497802734375 0.0422897338867188 -0.426910400390625 -0.42913818359375
0.0480613708496094 -0.0179290771484375 -0.85638427734375 -0.01171875
0.02056884765625 -0.0269317626953125 -0.4525146484375 0.61309814453125
4.7534704208374E-05 -3.65935266017914E-05 0.202728271484375 0.545806884765625
-0.0220203399658203 0.0105361938476562 0.413116455078125 0.177215576171875
-0.0184154510498047 0.00250816345214844 0.296356201171875 -0.160552978515625
-0.0010223388671875 -0.0132207870483398 0.08221435546875 -0.2855224609375
0.0111198425292969 -0.0198516845703125 -0.067047119140625 0.19183349609375
0.0233039855957031 -0.0135116577148438 -0.241607666015625 -0.0753326416015625
0.0118265151977539 -0.00856781005859375 -0.16229248046875 -0.493927001953125
0.0193386077880859 -0.0104942321777344 0.3111572265625 -0.59515380859375
-0.00461483001708984 0.00183486938476563 0.765625 -0.008056640625
-0.00615882873535156 0.0182113647460938 0.603271484375 0.62841796875
0.0126266479492187 0.0384178161621094 0.12628173828125 0.457061767578125
0.0149765014648438 0.0432090759277344 0.003082275390625 -0.109977722167969
0.0323772430419922 0.0216217041015625 -0.4747314453125 -0.40472412109375
0.00989341735839844 -0.0172824859619141 -0.84649658203125 0.08428955078125
-0.00517845153808594 -0.0300922393798828 -0.37091064453125 0.65069580078125
-0.00573348999023438 -0.0191173553466797 0.256195068359375 0.503173828125
-0.00982761383056641 -0.00621414184570313 0.421356201171875 0.119110107421875
-0.00408816337585449 -7.51018524169916E-05 0.28411865234375 -0.19097900390625
0.00336170196533203 -0.00899124145507813 0.0714111328125 -0.288238525390625
0.0188465118408203 -0.0170001983642578 -0.0730438232421875 0.192535400390625
0.0394668579101563 -0.0196113586425781 -0.24066162109375 -0.0825958251953125
0.0233230590820313 -0.0297431945800781 -0.1474609375 -0.49920654296875
0.00822067260742188 -0.0249061584472656 0.342041015625 -0.576416015625
-0.0363655090332031 -0.00967025756835937 0.77728271484375 0.03497314453125
-0.0400543212890625 -0.00912857055664063 0.57965087890625 0.65447998046875
-0.00281715393066406 -0.00961112976074219 0.113006591796875 0.44866943359375
0.00234508514404297 -0.0131378173828125 0.00213623046875001 -0.127983093261719
-0.00734901428222656 0.000267982482910155 -0.489349365234375 -0.39532470703125
-0.0275897979736328 -0.00983238220214844 -0.8370361328125 0.124267578125
-0.0313205718994141 -0.0253562927246094 -0.333984375 0.666748046875
-0.0152721405029297 -0.0325546264648438 0.2781982421875 0.494384765625
0.00133705139160156 -0.0238742828369141 0.416046142578125 0.100830078125
0.0109272003173828 -0.00262260437011719 0.273284912109375 -0.202377319335938
0.011164665222168 -0.00624465942382813 0.060821533203125 -0.288421630859375
0.0223922729492188 -0.0164909362792969 -0.0774993896484375 0.197769165039063
0.0523605346679688 -0.0256195068359375 -0.250289916992188 -0.0692901611328125
0.0328941345214844 -0.044830322265625 -0.169891357421875 -0.484710693359375
-0.0016326904296875 -0.0351943969726562 0.320556640625 -0.58685302734375
-0.0665359497070313 -0.0201301574707031 0.77923583984375 0.001708984375
-0.076385498046875 -0.0383834838867188 0.603271484375 0.6298828125
-0.0184783935546875 -0.0651702880859375 0.127532958984375 0.4454345703125
-0.00852966308593751 -0.0741729736328125 0.0103530883789063 -0.124153137207031
-0.0454483032226563 -0.0260810852050781 -0.470184326171875 -0.406646728515625
-0.0653610229492188 -0.00160980224609376 -0.83148193359375 0.0957031249999999
-0.0547866821289063 -0.0161209106445312 -0.351318359375 0.6636962890625
-0.0232467651367188 -0.0403976440429687 0.264739990234375 0.51861572265625
0.0111770629882812 -0.0393524169921875 0.406524658203125 0.1240234375
0.0250091552734375 -0.00866508483886719 0.265625 -0.194000244140625
0.0158538818359375 -0.00635147094726563 0.0546875 -0.2882080078125
0.0222034454345703 -0.01654052734375 -0.079132080078125 0.207290649414063
0.0597877502441406 -0.0286216735839844 -0.265914916992188 -0.0377807617187501
0.0386428833007813 -0.0520896911621094 -0.220916748046875 -0.44757080078125
-0.00834274291992188 -0.0391273498535156 0.2457275390625 -0.607666015625
-0.091278076171875 -0.0215072631835938 0.76397705078125 -0.101806640625
-0.113670349121094 -0.0561676025390625 0.67144775390625 0.5404052734375
-0.0391921997070313 -0.110588073730469 0.1744384765625 0.444580078125
-0.0142288208007812 -0.128547668457031 0.0260162353515625 -0.095062255859375
-0.0731430053710938 -0.0562057495117187 -0.417999267578125 -0.434356689453125
-0.0962066650390625 -0.00148773193359375 -0.8292236328125 0.00610351562500007
-0.0751113891601563 -0.00622558593749999 -0.4202880859375 0.633544921875
-0.0304794311523437 -0.0401382446289063 0.215576171875 0.57275390625
0.017181396484375 -0.0491485595703125 0.39044189453125 0.186370849609375
0.0342617034912109 -0.0144443511962891 0.262924194335938 -0.167282104492188
0.0201148986816406 -0.0071868896484375 0.0537109375 -0.287384033203125
-0.0170936584472656 -0.0286903381347656 -0.044921875 0.2174072265625
-0.0223255157470703 -0.00192070007324218 -0.255340576171875 0.07965087890625
-0.0131607055664063 0.05841064453125 -0.356689453125 -0.257598876953125
0.0371322631835938 0.0457839965820313 -0.11187744140625 -0.60675048828125
0.0481071472167969 0.024993896484375 0.507537841796875 -0.50164794921875
0.0497169494628906 0.00023651123046875 0.8167724609375 0.07354736328125
0.07891845703125 0.03118896484375 0.39154052734375 0.409942626953125
0.0574569702148438 0.0907745361328125 0.0636520385742188 0.089385986328125
0.0821685791015625 0.0651702880859375 -0.18072509765625 -0.483612060546875
0.0873260498046875 0.0100936889648438 -0.73150634765625 -0.44940185546875
0.0500030517578125 0.00272750854492188 -0.75714111328125 0.30902099609375
0.00239562988281249 0.0461311340332031 -0.116943359375 0.6668701171875
-0.0421028137207031 0.0525245666503906 0.273193359375 0.4332275390625
-0.0351676940917969 0.00878524780273437 0.286529541015625 -0.0098876953125
-0.00706863403320313 -0.0211219787597656 0.101272583007812 -0.262908935546875
-0.013031005859375 -0.0251750946044922 -0.046722412109375 0.2098388671875
-0.0177135467529297 0.001922607421875 -0.25042724609375 0.0343475341796876
-0.0110549926757813 0.0513572692871094 -0.3157958984375 -0.33819580078125
0.0365676879882813 0.0357818603515625 -0.00567626953125004 -0.6397705078125
0.0488243103027344 0.0182685852050781 0.5997314453125 -0.3985595703125
0.0566177368164063 0.0105094909667969 0.79205322265625 0.23046875
0.0748825073242188 0.0582122802734375 0.318206787109375 0.44085693359375
0.052581787109375 0.110122680664063 0.0432891845703125 0.0390357971191406
0.0893478393554688 0.0692672729492188 -0.2669677734375 -0.47332763671875
0.0898666381835938 0.00080108642578125 -0.80322265625 -0.30133056640625
0.0511703491210938 -0.0070343017578125 -0.6671142578125 0.43853759765625
0.00500106811523438 0.0353736877441406 0.00335693359375001 0.64361572265625
-0.0392532348632812 0.042633056640625 0.337066650390625 0.3497314453125
-0.0341758728027344 0.00581741333007813 0.297821044921875 -0.06292724609375
-0.00712203979492187 -0.0206851959228516 0.0980682373046875 -0.2713623046875
-0.00645065307617187 -0.0223979949951172 -0.051605224609375 0.201828002929688
-0.00756740570068359 -3.7193298339845E-05 -0.245376586914063 -0.01226806640625
-0.00571441650390625 0.0354728698730469 -0.261962890625 -0.409027099609375
0.033416748046875 0.0213451385498047 0.11376953125 -0.6461181640625
0.0410957336425781 0.0145683288574219 0.68133544921875 -0.26263427734375
0.0478515625 0.0244102478027344 0.73773193359375 0.39178466796875
0.0591659545898438 0.0743942260742188 0.242218017578125 0.459259033203125
0.0426177978515625 0.108299255371094 0.0254554748535156 -0.0165138244628906
0.0846176147460938 0.0585708618164063 -0.35430908203125 -0.45208740234375
0.0759201049804687 -0.0104827880859375 -0.840576171875 -0.14385986328125
0.0402717590332031 -0.0178756713867188 -0.555023193359375 0.5433349609375
0.00431442260742188 0.0189609527587891 0.11773681640625 0.59796142578125
-0.0319652557373047 0.0276699066162109 0.38446044921875 0.256256103515625
-0.0288734436035156 0.00380134582519531 0.2996826171875 -0.11578369140625
-0.00516223907470703 -0.0170459747314453 0.09063720703125 -0.27947998046875
0.00211334228515625 -0.0204200744628906 -0.0579681396484375 0.1951904296875
0.00596809387207031 -0.00528240203857422 -0.240280151367188 -0.0497283935546875
0.00258445739746094 0.0142278671264648 -0.20660400390625 -0.459686279296875
0.0274105072021484 0.0052490234375 0.22479248046875 -0.6236572265625
0.0228691101074219 0.0105628967285156 0.73529052734375 -0.12347412109375
0.0247764587402344 0.0298099517822266 0.6673583984375 0.5279541015625
0.0352935791015625 0.0689544677734375 0.17340087890625 0.46160888671875
0.0294189453125 0.0849227905273438 0.0100364685058594 -0.0689697265625
0.0659027099609375 0.04180908203125 -0.42706298828125 -0.4217529296875
0.0483856201171875 -0.0193023681640625 -0.849853515625 -0.00372314453125018
0.0199775695800781 -0.0267391204833984 -0.44537353515625 0.61175537109375
0.000106662511825562 -0.000467896461486816 0.2059326171875 0.541778564453125
-0.0213794708251953 0.0110626220703125 0.4111328125 0.17340087890625
-0.0181922912597656 0.00251960754394531 0.29302978515625 -0.16143798828125
-0.00156688690185547 -0.0128278732299805 0.0799560546875 -0.28411865234375
0.011138916015625 -0.0210971832275391 -0.0647735595703125 0.191162109375
0.0239753723144531 -0.0134963989257813 -0.24017333984375 -0.07275390625
0.0118303298950195 -0.00928306579589844 -0.164794921875 -0.487640380859375
0.0193119049072266 -0.0102653503417969 0.30352783203125 -0.5947265625
-0.00472927093505859 0.00208806991577149 0.7606201171875 -0.012939453125
-0.00632095336914062 0.0181713104248047 0.6004638671875 0.61871337890625
0.0134124755859375 0.0372543334960938 0.12701416015625 0.453338623046875
0.0146942138671875 0.0429649353027344 0.00263977050781251 -0.109092712402344
0.0325202941894531 0.0214805603027344 -0.473297119140625 -0.397186279296875
0.0110378265380859 -0.0179004669189453 -0.84088134765625 0.0909423828125001
-0.00564765930175781 -0.0295581817626953 -0.36346435546875 0.6485595703125
-0.00680923461914062 -0.0187835693359375 0.260284423828125 0.500244140625
-0.0100679397583008 -0.00644493103027344 0.4188232421875 0.115264892578125
-0.00419712066650391 0.00046539306640625 0.27923583984375 -0.191665649414063
0.00268650054931641 -0.00896167755126953 0.06866455078125 -0.2874755859375
0.0183925628662109 -0.0183849334716797 -0.070098876953125 0.192031860351563
0.0385322570800781 -0.0200424194335937 -0.23870849609375 -0.07928466796875
0.0236492156982422 -0.0297718048095703 -0.1502685546875 -0.494140625
0.00795364379882813 -0.0246601104736328 0.3365478515625 -0.57427978515625
-0.0367546081542969 -0.00819778442382813 0.77264404296875 0.0289306640625
-0.03936767578125 -0.00828933715820312 0.58013916015625 0.64727783203125
-0.00339031219482422 -0.00954151153564453 0.11505126953125 0.44354248046875
0.00145435333251953 -0.0129165649414063 0.00160980224609374 -0.127021789550781
-0.00773286819458008 -0.000496387481689455 -0.487091064453125 -0.388641357421875
-0.02764892578125 -0.00996017456054687 -0.82952880859375 0.1280517578125
-0.0308399200439453 -0.0243473052978516 -0.32696533203125 0.66619873046875
-0.0155220031738281 -0.0319328308105469 0.27984619140625 0.488128662109375
0.00152778625488281 -0.0236415863037109 0.41473388671875 0.096710205078125
0.0111837387084961 -0.00274372100830078 0.267990112304688 -0.2032470703125
0.0105829238891602 -0.00648212432861328 0.05712890625 -0.287017822265625
0.0214633941650391 -0.0170211791992188 -0.07421875 0.196792602539063
0.0523567199707031 -0.0260772705078125 -0.248382568359375 -0.06591796875
0.0329017639160156 -0.0446662902832031 -0.170867919921875 -0.48016357421875
-0.0019989013671875 -0.0352935791015625 0.31463623046875 -0.58355712890625
-0.067108154296875 -0.0192070007324219 0.77276611328125 -0.00482177734375
-0.075714111328125 -0.0381011962890625 0.60540771484375 0.620849609375
-0.0185623168945313 -0.0641403198242188 0.1278076171875 0.440826416015625
-0.00914764404296876 -0.0733871459960938 0.0100936889648437 -0.122596740722656
-0.0454673767089844 -0.0252532958984375 -0.46820068359375 -0.399810791015625
-0.0642204284667969 -0.00107192993164063 -0.82537841796875 0.10235595703125
-0.0546035766601562 -0.0152053833007812 -0.343505859375 0.6630859375
-0.023712158203125 -0.0392494201660156 0.266815185546875 0.513214111328125
0.0105209350585937 -0.0390510559082031 0.405059814453125 0.120086669921875
0.0239582061767578 -0.00833892822265625 0.2611083984375 -0.195297241210938
0.0155143737792969 -0.00647354125976562 0.05133056640625 -0.28704833984375
0.0214824676513672 -0.0173530578613281 -0.076202392578125 0.205825805664063
0.0592918395996094 -0.0301132202148438 -0.263992309570313 -0.0348968505859375
0.0382041931152344 -0.0516319274902344 -0.222747802734375 -0.441192626953125
-0.00989151000976562 -0.038238525390625 0.240478515625 -0.60577392578125
-0.0915145874023438 -0.0202865600585938 0.7572021484375 -0.10565185546875
-0.112129211425781 -0.055328369140625 0.67120361328125 0.53167724609375
-0.0399093627929688 -0.108863830566406 0.175201416015625 0.4395751953125
-0.0160293579101563 -0.127273559570312 0.0245208740234375 -0.0937423706054688
-0.0727310180664063 -0.0557479858398438 -0.41802978515625 -0.428863525390625
-0.094970703125 -0.000823974609375003 -0.8243408203125 0.0142822265625
-0.0765304565429688 -0.00531005859375001 -0.41326904296875 0.63385009765625
-0.0306472778320313 -0.0397491455078125 0.2196044921875 0.56634521484375
0.0166511535644531 -0.0489349365234375 0.38958740234375 0.183074951171875
0.0341606140136719 -0.0143337249755859 0.257705688476563 -0.167526245117188
0.0199069976806641 -0.00705337524414063 0.0511474609375 -0.28631591796875
-0.0175361633300781 -0.0289535522460938 -0.042510986328125 0.21649169921875
-0.0212345123291016 -0.00217437744140625 -0.252426147460938 0.08123779296875
-0.0115852355957031 0.0576591491699219 -0.357177734375 -0.2525634765625
0.0379638671875 0.0454330444335938 -0.11383056640625 -0.60345458984375
0.0475959777832031 0.0240974426269531 0.500640869140625 -0.5003662109375
0.0499801635742187 -0.0007476806640625 0.81304931640625 0.0672607421875
0.0772171020507813 0.0305328369140625 0.38983154296875 0.4044189453125
0.057098388671875 0.0896377563476563 0.0631484985351563 0.0886383056640625
0.0818099975585938 0.0638351440429688 -0.182098388671875 -0.478851318359375
0.0869140625 0.00986480712890625 -0.7288818359375 -0.44140625
0.0497055053710938 0.00249862670898438 -0.75079345703125 0.310791015625
0.00212478637695312 0.0456161499023438 -0.11224365234375 0.66400146484375
-0.0414237976074219 0.052978515625 0.2742919921875 0.428863525390625
-0.0344028472900391 0.00912666320800782 0.284088134765625 -0.011932373046875
-0.00721931457519532 -0.0205974578857422 0.09844970703125 -0.261627197265625
-0.0135555267333984 -0.0262374877929687 -0.0447998046875 0.208877563476563
-0.017578125 0.000856399536132814 -0.249008178710937 0.0358428955078124
-0.00951385498046875 0.0512161254882813 -0.316253662109375 -0.331878662109375
0.0376319885253906 0.0344924926757813 -0.00933837890625005 -0.6353759765625
0.0488319396972656 0.0177764892578125 0.59381103515625 -0.40020751953125
0.0572547912597656 0.0100212097167969 0.78759765625 0.2236328125
0.0742111206054688 0.0570068359375 0.3170166015625 0.43597412109375
0.0518264770507813 0.108634948730469 0.04351806640625 0.0390434265136719
0.0891342163085938 0.0673294067382813 -0.267425537109375 -0.467559814453125
0.0897140502929688 0.001068115234375 -0.79705810546875 -0.29248046875
0.0505218505859375 -0.00708389282226563 -0.6611328125 0.44122314453125
0.00475120544433594 0.03460693359375 0.00744628906249996 0.64013671875
-0.0387039184570312 0.0424766540527344 0.337127685546875 0.3458251953125
-0.0343093872070313 0.00602149963378905 0.294952392578125 -0.064208984375
-0.00752449035644531 -0.0194568634033203 0.09503173828125 -0.270401000976563
-0.00726509094238282 -0.0230312347412109 -0.0501708984375 0.200546264648437
-0.00741481781005859 -0.000134944915771485 -0.244171142578125 -0.00903320312499996
-0.00482177734375 0.0353927612304688 -0.262359619140625 -0.403106689453125
0.0331535339355469 0.0205745697021484 0.1082763671875 -0.640625
0.0395164489746094 0.0142593383789063 0.6741943359375 -0.26727294921875
0.0479927062988281 0.02386474609375 0.73388671875 0.3841552734375
0.0584335327148438 0.0730667114257813 0.240692138671875 0.45458984375
0.0421142578125 0.1068115234375 0.0252532958984375 -0.0161476135253906
0.0843429565429688 0.0581283569335938 -0.354278564453125 -0.446197509765625
0.0754928588867188 -0.0117416381835938 -0.83447265625 -0.13714599609375
0.0396385192871094 -0.0174026489257813 -0.54998779296875 0.54290771484375
0.00367927551269531 0.0183734893798828 0.1212158203125 0.59375
-0.0317649841308594 0.0278568267822266 0.383392333984375 0.251983642578125
-0.0277671813964844 0.00373458862304687 0.29632568359375 -0.1168212890625
-0.00574302673339844 -0.0164575576782227 0.0885162353515625 -0.278793334960938
0.00139808654785156 -0.0203800201416016 -0.056640625 0.194290161132813
0.00586748123168945 -0.00536012649536133 -0.238021850585938 -0.046417236328125
0.00275421142578125 0.0145301818847656 -0.20806884765625 -0.456085205078125
0.0274620056152344 0.00527763366699219 0.22076416015625 -0.62115478515625
0.0227718353271484 0.0102348327636719 0.728515625 -0.12603759765625
0.0252513885498047 0.0292625427246094 0.66534423828125 0.519775390625
0.03472900390625 0.0682029724121094 0.1741943359375 0.454986572265625
0.0293197631835937 0.0840682983398438 0.00909423828124999 -0.0682182312011719
0.065765380859375 0.0410232543945313 -0.42462158203125 -0.41595458984375
0.0487022399902344 -0.0188713073730469 -0.84417724609375 0.00109863281249986
0.0194339752197266 -0.0263080596923828 -0.4384765625 0.611572265625
0.000241518020629883 -0.000465512275695801 0.208404541015625 0.537841796875
-0.0216045379638672 0.0112667083740234 0.4111328125 0.169708251953125
-0.0178508758544922 0.00290489196777344 0.289215087890625 -0.162689208984375
-0.00142192840576172 -0.0130882263183594 0.077056884765625 -0.283447265625
0.0108680725097656 -0.0213050842285156 -0.06268310546875 0.189834594726563
0.0235671997070312 -0.0133914947509766 -0.2376708984375 -0.068939208984375
0.0115213394165039 -0.00858020782470703 -0.168121337890625 -0.48394775390625
0.0188655853271484 -0.0118389129638672 0.297607421875 -0.59332275390625
-0.00551748275756836 0.00308799743652344 0.7550048828125 -0.0167236328125
-0.00562477111816406 0.0185832977294922 0.599853515625 0.6099853515625
0.0128631591796875 0.0384063720703125 0.1295166015625 0.44805908203125
0.0146026611328125 0.0424842834472656 0.00187683105468751 -0.108314514160156
0.0327434539794922 0.0216350555419922 -0.4715576171875 -0.390167236328125
0.0112981796264648 -0.0170516967773438 -0.83514404296875 0.09552001953125
-0.00526237487792969 -0.0294094085693359 -0.357666015625 0.6483154296875
-0.0062103271484375 -0.0185089111328125 0.26251220703125 0.49578857421875
-0.00983047485351562 -0.00583457946777344 0.417755126953125 0.112030029296875
-0.00406742095947266 0.000773906707763672 0.27789306640625 -0.192779541015625
0.00365543365478516 -0.00953483581542969 0.06549072265625 -0.28656005859375
0.0172576904296875 -0.0184974670410156 -0.069091796875 0.1904296875
0.0387001037597656 -0.0203666687011719 -0.236953735351563 -0.0768890380859374
0.0239467620849609 -0.0297183990478516 -0.153045654296875 -0.488861083984375
0.00787162780761719 -0.0246524810791016 0.3309326171875 -0.57293701171875
-0.0368461608886719 -0.00865173339843751 0.76666259765625 0.0230712890625
-0.0387382507324219 -0.00734710693359375 0.57952880859375 0.63751220703125
-0.00378513336181641 -0.00913047790527344 0.115142822265625 0.4383544921875
0.000923156738281249 -0.0121946334838867 0.000885009765624988 -0.125015258789063
-0.00700283050537109 -0.000554084777832033 -0.48565673828125 -0.38165283203125
-0.0265769958496094 -0.00936508178710938 -0.822998046875 0.13470458984375
-0.0311393737792969 -0.0234432220458984 -0.32025146484375 0.664794921875
-0.0160083770751953 -0.0313606262207031 0.283203125 0.4837646484375
0.00157928466796875 -0.0231857299804688 0.4139404296875 0.09344482421875
0.0108814239501953 -0.00285053253173828 0.264938354492187 -0.204177856445313
0.00988388061523438 -0.00664234161376953 0.054840087890625 -0.285919189453125
0.0208110809326172 -0.0171356201171875 -0.072265625 0.195297241210938
0.0513839721679688 -0.0268630981445313 -0.246627807617187 -0.0638885498046875
0.0317535400390625 -0.0444984436035156 -0.1732177734375 -0.4739990234375
-0.00204086303710938 -0.0352249145507813 0.3072509765625 -0.58258056640625
-0.0669746398925781 -0.0191535949707031 0.76824951171875 -0.00897216796875
-0.075164794921875 -0.0369796752929688 0.6033935546875 0.6103515625
-0.0197830200195313 -0.063232421875 0.12860107421875 0.436065673828125
-0.01031494140625 -0.07269287109375 0.00898742675781249 -0.120849609375
-0.0455055236816406 -0.0245246887207031 -0.46575927734375 -0.393157958984375
-0.0633697509765625 -0.000190734863281261 -0.81915283203125 0.1051025390625
-0.0549697875976563 -0.0142936706542969 -0.3377685546875 0.66107177734375
-0.02484130859375 -0.0394172668457031 0.2686767578125 0.5087890625
0.0102310180664063 -0.0386886596679688 0.403350830078125 0.11749267578125
0.0241680145263672 -0.00927543640136719 0.2569580078125 -0.195877075195313
0.0148954391479492 -0.00598430633544922 0.049072265625 -0.285400390625
0.0207653045654297 -0.0177078247070313 -0.0739898681640625 0.205108642578125
0.058197021484375 -0.03009033203125 -0.261077880859375 -0.03216552734375
0.0377540588378906 -0.0517692565917969 -0.22406005859375 -0.4361572265625
-0.00965499877929687 -0.03887939453125 0.234619140625 -0.60101318359375
-0.0909576416015625 -0.0197372436523437 0.74993896484375 -0.11199951171875
-0.1107177734375 -0.0534896850585937 0.670654296875 0.52349853515625
-0.039337158203125 -0.107818603515625 0.1749267578125 0.434600830078125
-0.0169677734375 -0.126388549804688 0.0240249633789062 -0.0925369262695313
-0.0723876953125 -0.0539093017578125 -0.4173583984375 -0.422576904296875
-0.0942459106445313 -0.000404357910156267 -0.81866455078125 0.0179443359375
-0.0754852294921875 -0.00450897216796875 -0.40692138671875 0.63226318359375
-0.0317916870117187 -0.0394210815429688 0.222442626953125 0.56170654296875
0.0162696838378906 -0.0492210388183594 0.388427734375 0.1785888671875
0.0333976745605469 -0.0152359008789063 0.254806518554688 -0.168792724609375
0.0196800231933594 -0.00736618041992188 0.048614501953125 -0.284576416015625
-0.0181694030761719 -0.0287456512451172 -0.0421295166015625 0.215194702148438
-0.0213069915771484 -0.00228691101074218 -0.250625610351563 0.0829925537109376
-0.0117874145507812 0.0579490661621094 -0.35546875 -0.248504638671875
0.0376014709472656 0.0447578430175781 -0.11627197265625 -0.59796142578125
0.047210693359375 0.0239143371582031 0.49517822265625 -0.500823974609375
0.0495758056640625 -0.000530242919921875 0.8052978515625 0.06256103515625
0.0764541625976563 0.0299148559570313 0.387176513671875 0.39971923828125
0.0565414428710938 0.0883255004882813 0.0629730224609375 0.0877456665039063
0.0813140869140625 0.0629806518554688 -0.181610107421875 -0.47259521484375
0.0868988037109375 0.00939178466796875 -0.72503662109375 -0.43560791015625
0.0488014221191406 0.00188446044921875 -0.74310302734375 0.31414794921875
0.00188827514648438 0.0449295043945313 -0.10760498046875 0.6600341796875
-0.0405731201171875 0.05322265625 0.276153564453125 0.425994873046875
-0.0349903106689453 0.0104427337646484 0.281585693359375 -0.0125732421875
-0.00787162780761719 -0.0211677551269531 0.096343994140625 -0.261123657226563
-0.0144500732421875 -0.0254802703857422 -0.04376220703125 0.207916259765625
-0.0173940658569336 0.000891685485839843 -0.246231079101562 0.0376129150390625
-0.0084686279296875 0.0511016845703125 -0.315673828125 -0.3284912109375
0.0369224548339844 0.0339469909667969 -0.0128173828125 -0.63153076171875
0.048095703125 0.0175018310546875 0.58795166015625 -0.4005126953125
0.0566024780273438 0.0101699829101563 0.7833251953125 0.21966552734375
0.0743179321289063 0.0568466186523438 0.315460205078125 0.43048095703125
0.0526275634765625 0.107742309570312 0.0436935424804688 0.0381698608398438
0.088592529296875 0.0663528442382812 -0.26611328125 -0.464385986328125
0.0891647338867187 0.00066375732421875 -0.7943115234375 -0.28790283203125
0.0504875183105469 -0.00693893432617187 -0.65509033203125 0.44329833984375
0.00495147705078125 0.0345573425292969 0.01141357421875 0.6353759765625
-0.0374298095703125 0.0426025390625 0.33648681640625 0.342315673828125
-0.0338420867919922 0.00655364990234375 0.29217529296875 -0.065765380859375
-0.00779151916503906 -0.01983642578125 0.093780517578125 -0.269683837890625
-0.00793075561523438 -0.0227928161621094 -0.04876708984375 0.200149536132813
-0.00780820846557617 -0.000288009643554689 -0.241851806640625 -0.00756835937499996
-0.00468826293945312 0.0359077453613281 -0.26373291015625 -0.399505615234375
0.0333499908447266 0.0197620391845703 0.10479736328125 -0.63739013671875
0.0400009155273438 0.0138397216796875 0.66912841796875 -0.2662353515625
0.0484580993652344 0.0239410400390625 0.73126220703125 0.3760986328125
0.0577774047851562 0.071685791015625 0.239532470703125 0.449554443359375
0.0421218872070312 0.106346130371094 0.0251560211181641 -0.015716552734375
0.0849761962890625 0.0577621459960938 -0.350799560546875 -0.439605712890625
0.0753555297851563 -0.0113677978515625 -0.83087158203125 -0.1318359375
0.0390090942382812 -0.0184516906738281 -0.54443359375 0.5440673828125
0.00392341613769531 0.0181312561035156 0.123046875 0.58929443359375
-0.0309505462646484 0.0286636352539063 0.384185791015625 0.24981689453125
-0.0281829833984375 0.00370407104492188 0.293426513671875 -0.118408203125
-0.00600814819335937 -0.0173091888427734 0.085693359375 -0.277969360351563
0.000200271606445314 -0.0212173461914063 -0.055511474609375 0.193206787109375
0.00603246688842774 -0.00534486770629883 -0.23699951171875 -0.043365478515625
0.00325393676757812 0.0141668319702148 -0.20953369140625 -0.450958251953125
0.0271186828613281 0.00502204895019531 0.21588134765625 -0.61785888671875
0.0218524932861328 0.0107097625732422 0.7220458984375 -0.1290283203125
0.0258865356445313 0.0291843414306641 0.6624755859375 0.510986328125
0.0348396301269531 0.0680046081542969 0.173828125 0.451812744140625
0.0289306640625 0.0831146240234375 0.01055908203125 -0.0674667358398437
0.0654754638671875 0.0401382446289062 -0.423553466796875 -0.4102783203125
0.0489578247070313 -0.0180168151855469 -0.83868408203125 0.00592041015625012
0.0187015533447266 -0.0262699127197266 -0.43353271484375 0.6097412109375
-0.000355511903762817 1.57356262207031E-05 0.210601806640625 0.532470703125
-0.0206031799316406 0.0110969543457031 0.408843994140625 0.166900634765625
-0.0173053741455078 0.00265216827392578 0.28564453125 -0.1636962890625
-0.00204086303710938 -0.0123090744018555 0.074493408203125 -0.281494140625
0.0093841552734375 -0.021484375 -0.061859130859375 0.188919067382813
0.0219192504882813 -0.0138320922851563 -0.2352294921875 -0.0664062499999999
0.0119056701660156 -0.00799846649169922 -0.1676025390625 -0.4801025390625
0.0185337066650391 -0.0107479095458984 0.29400634765625 -0.58892822265625
-0.00508403778076172 0.00221967697143555 0.7496337890625 -0.02142333984375
-0.00440406799316406 0.0179462432861328 0.5986328125 0.601318359375
0.0131950378417969 0.0378265380859375 0.128082275390625 0.443939208984375
0.0134010314941406 0.0423774719238281 0.00164031982421876 -0.106124877929688
0.0329074859619141 0.0213298797607422 -0.468170166015625 -0.384490966796875
0.0117359161376953 -0.0178794860839844 -0.825927734375 0.10076904296875
-0.00642585754394531 -0.0299320220947266 -0.3507080078125 0.64532470703125
-0.00744819641113281 -0.0186824798583984 0.262847900390625 0.49102783203125
-0.00939178466796875 -0.00596427917480469 0.4154052734375 0.11016845703125
-0.00429129600524902 -0.000216007232666017 0.273696899414063 -0.1925048828125
0.00203895568847656 -0.00889205932617188 0.0638427734375 -0.28466796875
0.0172805786132813 -0.0192604064941406 -0.066070556640625 0.18896484375
0.0384788513183594 -0.0205879211425781 -0.23626708984375 -0.0739288330078125
0.0234394073486328 -0.0294170379638672 -0.152313232421875 -0.485565185546875
0.00783538818359375 -0.0243148803710938 0.32464599609375 -0.570556640625
-0.0373268127441406 -0.00766372680664062 0.760986328125 0.0205078125
-0.0383758544921875 -0.00768661499023437 0.5784912109375 0.62982177734375
-0.00360965728759766 -0.00923061370849609 0.11419677734375 0.433929443359375
0.000395774841308595 -0.0131349563598633 0.000923156738281259 -0.123687744140625
-0.00739240646362305 -0.000428676605224611 -0.48211669921875 -0.37506103515625
-0.0259666442871094 -0.00905609130859375 -0.81634521484375 0.13714599609375
-0.0316753387451172 -0.0233097076416016 -0.3145751953125 0.66259765625
-0.0165863037109375 -0.0313892364501953 0.28375244140625 0.480499267578125
0.00196075439453125 -0.0231456756591797 0.40985107421875 0.09014892578125
0.011627197265625 -0.00293540954589844 0.261520385742188 -0.204635620117188
0.00926399230957031 -0.00630092620849609 0.0533447265625 -0.283233642578125
0.0204982757568359 -0.0177040100097656 -0.071014404296875 0.19512939453125
0.0502777099609375 -0.0266342163085938 -0.244918823242188 -0.0612030029296875
0.0318107604980469 -0.0442924499511719 -0.174346923828125 -0.47222900390625
-0.00242233276367187 -0.0343074798583984 0.3026123046875 -0.57952880859375
-0.0671768188476563 -0.0178947448730469 0.7623291015625 -0.01202392578125
-0.0738449096679688 -0.0358734130859375 0.601806640625 0.60394287109375
-0.0194816589355469 -0.0632209777832031 0.1290283203125 0.433502197265625
-0.0108871459960938 -0.0719070434570313 0.00878143310546876 -0.119285583496094
-0.0440597534179688 -0.0243759155273438 -0.4642333984375 -0.388763427734375
-0.0619583129882813 -0.000762939453125013 -0.8133544921875 0.1103515625
-0.0545883178710938 -0.01373291015625 -0.33380126953125 0.65875244140625
-0.0249290466308594 -0.03857421875 0.271331787109375 0.503692626953125
0.0104713439941406 -0.0387153625488281 0.402008056640625 0.11444091796875
0.0243186950683594 -0.00883102416992188 0.253921508789063 -0.195022583007813
0.0151910781860352 -0.00581455230712891 0.047088623046875 -0.283599853515625
0.0196323394775391 -0.0179309844970703 -0.0722503662109375 0.20391845703125
0.0577011108398437 -0.0306625366210937 -0.258575439453125 -0.02984619140625
0.0375633239746094 -0.0518608093261719 -0.224609375 -0.432708740234375
-0.0101737976074219 -0.0382347106933594 0.2303466796875 -0.599365234375
-0.0915069580078125 -0.0182571411132812 0.7464599609375 -0.11474609375
-0.110008239746094 -0.05303955078125 0.667236328125 0.515380859375
-0.0411911010742188 -0.107192993164063 0.175048828125 0.4307861328125
-0.01763916015625 -0.124420166015625 0.0239105224609375 -0.0912857055664063
-0.0719680786132813 -0.0534133911132812 -0.4140625 -0.41571044921875
-0.0927276611328125 0.000839233398437503 -0.81256103515625 0.02239990234375
-0.0749588012695313 -0.00342559814453125 -0.40069580078125 0.6302490234375
-0.0316734313964844 -0.0386848449707031 0.224761962890625 0.55743408203125
0.0153617858886719 -0.0483741760253906 0.38641357421875 0.176727294921875
0.032928466796875 -0.0150184631347656 0.251205444335938 -0.169586181640625
0.0197811126708984 -0.0068511962890625 0.04705810546875 -0.2825927734375
-0.0191211700439453 -0.0287551879882813 -0.0409088134765625 0.213287353515625
-0.0210208892822266 -0.00167465209960938 -0.248550415039063 0.084228515625
-0.00983810424804687 0.0584030151367188 -0.354888916015625 -0.246246337890625
0.0382194519042969 0.0441665649414063 -0.1180419921875 -0.59503173828125
0.0467872619628906 0.0241661071777344 0.489105224609375 -0.498046875
0.0489921569824219 -0.000415802001953125 0.80010986328125 0.05902099609375
0.075286865234375 0.029815673828125 0.384765625 0.395721435546875
0.0562286376953125 0.0876235961914063 0.063018798828125 0.0870742797851562
0.081756591796875 0.0617752075195312 -0.1810302734375 -0.46832275390625
0.0865859985351563 0.00907135009765625 -0.7222900390625 -0.43035888671875
0.048828125 0.0018463134765625 -0.737548828125 0.31243896484375
0.00264739990234375 0.0456008911132813 -0.10504150390625 0.65679931640625
-0.0399551391601563 0.0530128479003906 0.276763916015625 0.422332763671875
-0.0343532562255859 0.00899314880371094 0.279678344726563 -0.0128326416015625
-0.00763893127441406 -0.0209922790527344 0.0944061279296875 -0.259750366210938
-0.0154590606689453 -0.0254421234130859 -0.04315185546875 0.207000732421875
-0.0170984268188477 0.000886917114257812 -0.24407958984375 0.039642333984375
-0.00836944580078125 0.0509300231933594 -0.315826416015625 -0.32562255859375
0.0372657775878906 0.0333251953125 -0.01434326171875 -0.626953125
0.0476455688476563 0.0175285339355469 0.5816650390625 -0.39898681640625
0.0560798645019531 0.00977706909179688 0.77801513671875 0.212646484375
0.0730361938476563 0.0558090209960938 0.3135986328125 0.427825927734375
0.0511093139648438 0.106658935546875 0.0439186096191406 0.038818359375
0.0880661010742188 0.0657806396484375 -0.265777587890625 -0.457855224609375
0.0891571044921875 0.00110626220703125 -0.7879638671875 -0.28216552734375
0.0497474670410156 -0.00703811645507812 -0.6484375 0.44097900390625
0.00478172302246094 0.0343647003173828 0.0142822265625001 0.63116455078125
-0.0374755859375 0.042327880859375 0.3363037109375 0.338104248046875
-0.0337924957275391 0.00677490234375 0.29034423828125 -0.065399169921875
-0.00773239135742187 -0.0195465087890625 0.0918426513671875 -0.268234252929687
-0.00840187072753906 -0.0229110717773438 -0.047760009765625 0.198776245117188
-0.007568359375 -0.000669479370117187 -0.240966796875 -0.00616455078125002
-0.0038299560546875 0.0355720520019531 -0.2628173828125 -0.395294189453125
0.0339031219482422 0.0196037292480469 0.10137939453125 -0.63482666015625
0.0396575927734375 0.0134429931640625 0.6636962890625 -0.2686767578125
0.0485954284667969 0.0237197875976563 0.72613525390625 0.3702392578125
0.0568771362304688 0.0717239379882813 0.238494873046875 0.444732666015625
0.0411529541015625 0.105148315429688 0.0254573822021484 -0.0151786804199219
0.08404541015625 0.0570526123046875 -0.35076904296875 -0.43572998046875
0.0762481689453125 -0.0112838745117188 -0.825927734375 -0.1279296875
0.0388526916503906 -0.0188865661621094 -0.539154052734375 0.541473388671875
0.00452232360839844 0.0183010101318359 0.126953125 0.58544921875
-0.0312213897705078 0.0283489227294922 0.38128662109375 0.248291015625
-0.02752685546875 0.00495338439941406 0.29052734375 -0.11834716796875
-0.00615024566650391 -0.0166025161743164 0.0847015380859375 -0.276321411132813
0.000385284423828123 -0.0212593078613281 -0.05340576171875 0.191787719726563
0.00593423843383789 -0.00568723678588867 -0.234786987304688 -0.0422515869140625
0.00370311737060547 0.0141496658325195 -0.2088623046875 -0.447174072265625
0.0270442962646484 0.00422286987304688 0.212646484375 -0.614501953125
0.0213546752929688 0.0108203887939453 0.7176513671875 -0.12908935546875
0.0260105133056641 0.0290546417236328 0.65966796875 0.50677490234375
0.0337371826171875 0.0665245056152344 0.173370361328125 0.44677734375
0.0284042358398437 0.0826187133789063 0.0104255676269531 -0.0666465759277344
0.0653190612792969 0.0397300720214844 -0.4212646484375 -0.4056396484375
0.0485382080078125 -0.0191841125488281 -0.83203125 0.00860595703125011
0.0184230804443359 -0.0261421203613281 -0.42889404296875 0.60821533203125
-0.000419825315475464 0.000146627426147461 0.2122802734375 0.530029296875
-0.0205802917480469 0.0120010375976562 0.407379150390625 0.165008544921875
-0.0172042846679688 0.0030364990234375 0.28302001953125 -0.16351318359375
-0.00217819213867187 -0.0123414993286133 0.0731658935546875 -0.280303955078125
0.00813865661621094 -0.0225505828857422 -0.0599365234375 0.18792724609375
0.0228500366210938 -0.0140953063964844 -0.233856201171875 -0.0645751953125
0.0123167037963867 -0.00761795043945313 -0.168731689453125 -0.474761962890625
0.0189762115478516 -0.0118923187255859 0.2908935546875 -0.5859375
-0.00545549392700195 0.00205039978027344 0.7452392578125 -0.0216064453125
-0.00460433959960937 0.0181846618652344 0.59490966796875 0.5938720703125
0.0127334594726563 0.0372657775878906 0.12823486328125 0.439788818359375
0.0131950378417969 0.0410614013671875 0.00113677978515625 -0.104972839355469
0.0326976776123047 0.0212879180908203 -0.465545654296875 -0.38018798828125
0.01275634765625 -0.0176849365234375 -0.821533203125 0.10162353515625
-0.00609970092773437 -0.028289794921875 -0.34735107421875 0.643310546875
-0.00745964050292969 -0.0184974670410156 0.2646484375 0.48736572265625
-0.00970077514648438 -0.00514411926269531 0.41363525390625 0.1082763671875
-0.00354671478271484 0.00140213966369629 0.271835327148437 -0.193374633789063
0.00236415863037109 -0.00907135009765625 0.062042236328125 -0.28289794921875
0.0158748626708984 -0.0195446014404297 -0.0659942626953125 0.188400268554688
0.03814697265625 -0.0212936401367188 -0.233627319335938 -0.0725555419921875
0.0228042602539062 -0.0288105010986328 -0.154998779296875 -0.4814453125
0.00733375549316406 -0.0243816375732422 0.322021484375 -0.5662841796875
-0.036773681640625 -0.00792312622070313 0.75384521484375 0.0166015625
-0.037689208984375 -0.00779342651367188 0.57537841796875 0.62274169921875
-0.00335025787353516 -0.00918960571289063 0.11492919921875 0.431304931640625
-0.000418663024902343 -0.0126008987426758 0.000541687011718758 -0.122566223144531
-0.00683689117431641 -0.000119686126708985 -0.47979736328125 -0.370025634765625
-0.0251121520996094 -0.00889778137207031 -0.8121337890625 0.138916015625
-0.0311546325683594 -0.0224514007568359 -0.3116455078125 0.65966796875
-0.0164985656738281 -0.0308666229248047 0.28448486328125 0.4761962890625
0.00151634216308594 -0.0231342315673828 0.409393310546875 0.08929443359375
0.0105695724487305 -0.00348949432373047 0.25848388671875 -0.204437255859375
0.00937461853027344 -0.0070343017578125 0.051239013671875 -0.282501220703125
0.0197010040283203 -0.0180721282958984 -0.068878173828125 0.193634033203125
0.050384521484375 -0.0269851684570313 -0.243179321289063 -0.0593414306640625
0.0313720703125 -0.0443916320800781 -0.17425537109375 -0.4669189453125
-0.002838134765625 -0.0346527099609375 0.30084228515625 -0.5771484375
-0.0666847229003906 -0.0169105529785156 0.7572021484375 -0.01483154296875
-0.0734176635742188 -0.0350494384765625 0.59857177734375 0.59747314453125
-0.0197486877441406 -0.0622825622558594 0.12725830078125 0.428802490234375
-0.0118484497070312 -0.07086181640625 0.00843811035156251 -0.118499755859375
-0.0445175170898438 -0.0233573913574219 -0.461822509765625 -0.383819580078125
-0.06170654296875 -8.39233398437607E-05 -0.8067626953125 0.1114501953125
-0.0542678833007813 -0.0132675170898438 -0.3287353515625 0.6556396484375
-0.0252952575683594 -0.0382194519042969 0.2705078125 0.499969482421875
0.0104942321777344 -0.0385589599609375 0.399169921875 0.112701416015625
0.0237827301025391 -0.00959968566894531 0.250747680664063 -0.195648193359375
0.0146141052246094 -0.00611209869384766 0.045745849609375 -0.28179931640625
0.0194320678710938 -0.0179576873779297 -0.070465087890625 0.202789306640625
0.0570411682128906 -0.0310401916503906 -0.256332397460938 -0.0282440185546875
0.0366134643554688 -0.0518608093261719 -0.22332763671875 -0.42877197265625
-0.010162353515625 -0.0378532409667969 0.22735595703125 -0.596435546875
-0.091400146484375 -0.0177536010742188 0.73992919921875 -0.11614990234375
-0.109130859375 -0.0519180297851563 0.66400146484375 0.51025390625
-0.0404129028320312 -0.106124877929687 0.1741943359375 0.4267578125
-0.0185165405273437 -0.123565673828125 0.02374267578125 -0.0903472900390625
-0.0711441040039063 -0.0531082153320313 -0.41094970703125 -0.4130859375
-0.0915374755859375 -0.000350952148437481 -0.8084716796875 0.0237426757812499
-0.0744705200195312 -0.00240325927734374 -0.39654541015625 0.62774658203125
-0.0310592651367188 -0.0382080078125 0.225677490234375 0.55413818359375
0.0151214599609375 -0.0484504699707031 0.384796142578125 0.17327880859375
0.0323410034179688 -0.0151443481445313 0.248428344726563 -0.167892456054688
0.0183963775634766 -0.00707054138183594 0.045166015625 -0.28106689453125
-0.0187778472900391 -0.0282573699951172 -0.04107666015625 0.212554931640625
-0.0209312438964844 -0.00193405151367187 -0.2457275390625 0.0845489501953124
-0.00978851318359374 0.0577011108398438 -0.353515625 -0.2427978515625
0.0376930236816406 0.0435791015625 -0.1187744140625 -0.5919189453125
0.0466346740722656 0.023193359375 0.485626220703125 -0.49658203125
0.0499534606933594 -0.00130462646484375 0.796142578125 0.05535888671875
0.0748748779296875 0.029541015625 0.38201904296875 0.391387939453125
0.0560684204101563 0.0868148803710938 0.063385009765625 0.0873031616210938
0.0808944702148437 0.061492919921875 -0.180633544921875 -0.465179443359375
0.0865478515625 0.00934600830078125 -0.71728515625 -0.42779541015625
0.0481224060058594 0.0018463134765625 -0.73468017578125 0.3128662109375
0.00207901000976563 0.0444526672363281 -0.1021728515625 0.654296875
-0.0390396118164063 0.0538215637207031 0.275390625 0.419342041015625
-0.03424072265625 0.00953102111816406 0.27911376953125 -0.0137939453125
-0.00761032104492188 -0.0209388732910156 0.0927734375 -0.2587890625
-0.0164260864257812 -0.0250282287597656 -0.0421600341796875 0.205520629882812
-0.0172348022460937 0.000914573669433591 -0.24273681640625 0.04052734375
-0.00775146484375 0.0511054992675781 -0.313385009765625 -0.32171630859375
0.0373153686523438 0.03289794921875 -0.0160522460937501 -0.625
0.0475883483886719 0.0172157287597656 0.57708740234375 -0.39666748046875
0.0561027526855469 0.0102729797363281 0.7730712890625 0.20947265625
0.0724105834960937 0.0558013916015625 0.311248779296875 0.423797607421875
0.0508804321289063 0.105224609375 0.0439529418945313 0.0389785766601563
0.0879287719726563 0.0651702880859375 -0.2647705078125 -0.4537353515625
0.0894012451171875 0.00055694580078125 -0.7852783203125 -0.2794189453125
0.0495719909667969 -0.00674819946289063 -0.6453857421875 0.43951416015625
0.00502777099609375 0.0340232849121094 0.01519775390625 0.63043212890625
-0.0367889404296875 0.0427474975585938 0.3363037109375 0.338470458984375
-0.0327949523925781 0.00670814514160156 0.28826904296875 -0.066436767578125
-0.00777244567871094 -0.0191707611083984 0.0907745361328125 -0.267547607421875
-0.00915908813476563 -0.0233135223388672 -0.04656982421875 0.197998046875
-0.00786161422729492 -0.000915050506591798 -0.238922119140625 -0.00503540039062495
-0.00351333618164062 0.0355682373046875 -0.26202392578125 -0.392303466796875
0.0340728759765625 0.0188026428222656 0.101318359375 -0.63043212890625
0.0394630432128906 0.0133934020996094 0.66009521484375 -0.2672119140625
0.0482025146484375 0.0233650207519531 0.721923828125 0.367431640625
0.0562515258789063 0.070831298828125 0.23565673828125 0.4410400390625
0.040740966796875 0.10443115234375 0.0247135162353516 -0.01507568359375
0.0836868286132812 0.0561141967773437 -0.3482666015625 -0.43109130859375
0.0755996704101562 -0.0115890502929687 -0.82049560546875 -0.12567138671875
0.0382728576660156 -0.0176963806152344 -0.534576416015625 0.538970947265625
0.00369453430175781 0.0179977416992188 0.12646484375 0.5830078125
-0.0300960540771484 0.028717041015625 0.381195068359375 0.245330810546875
-0.0276756286621094 0.00437164306640626 0.288360595703125 -0.117889404296875
-0.00615787506103516 -0.0163469314575195 0.082855224609375 -0.275009155273438
-0.000953674316406252 -0.0218086242675781 -0.053253173828125 0.191085815429688
0.00666427612304688 -0.00563383102416992 -0.233078002929687 -0.0410919189453125
0.00394058227539063 0.0147199630737305 -0.20831298828125 -0.444305419921875
0.0274887084960938 0.00390434265136719 0.21044921875 -0.61236572265625
0.0207920074462891 0.00974273681640625 0.71295166015625 -0.12872314453125
0.02606201171875 0.0286312103271484 0.65643310546875 0.50238037109375
0.0336723327636719 0.066162109375 0.170745849609375 0.443450927734375
0.0279388427734375 0.08203125 0.010040283203125 -0.065826416015625
0.064788818359375 0.038818359375 -0.41876220703125 -0.401153564453125
0.0496444702148438 -0.0192070007324219 -0.828857421875 0.0107421875
0.0187721252441406 -0.0258827209472656 -0.42498779296875 0.6075439453125
-0.000847041606903076 -0.000545024871826172 0.214019775390625 0.527679443359375
-0.0202903747558594 0.012420654296875 0.405975341796875 0.163299560546875
-0.0170679092407227 0.00290489196777344 0.281494140625 -0.163543701171875
-0.00237655639648437 -0.0124416351318359 0.071746826171875 -0.279632568359375
0.00789260864257812 -0.0215778350830078 -0.0592193603515625 0.187042236328125
0.02166748046875 -0.0149497985839844 -0.231414794921875 -0.062255859375
0.0126895904541016 -0.00837326049804688 -0.16717529296875 -0.472442626953125
0.0183258056640625 -0.0110969543457031 0.287841796875 -0.58233642578125
-0.00588321685791016 0.00212574005126953 0.74090576171875 -0.0240478515625
-0.0050506591796875 0.0178489685058594 0.59185791015625 0.58856201171875
0.0121307373046875 0.0371589660644531 0.125732421875 0.43743896484375
0.0124740600585937 0.0415306091308594 0.00078582763671875 -0.103904724121094
0.0317878723144531 0.0206146240234375 -0.463531494140625 -0.37646484375
0.0132026672363281 -0.0171356201171875 -0.81878662109375 0.103759765625
-0.00674057006835938 -0.0287017822265625 -0.3453369140625 0.6400146484375
-0.00766181945800781 -0.0183811187744141 0.263916015625 0.485260009765625
-0.00926113128662109 -0.00479698181152344 0.4119873046875 0.10675048828125
-0.00333714485168457 7.3194503784179E-05 0.268341064453125 -0.193206787109375
0.00290870666503906 -0.00940036773681641 0.06109619140625 -0.2822265625
0.0152530670166016 -0.0194377899169922 -0.0651092529296875 0.18719482421875
0.0375480651855469 -0.0213813781738281 -0.232528686523437 -0.0709686279296875
0.0229434967041016 -0.0285167694091797 -0.153533935546875 -0.478790283203125
0.00733184814453125 -0.0245800018310547 0.320068359375 -0.5650634765625
-0.0378837585449219 -0.00699996948242188 0.75067138671875 0.0157470703125
-0.0370864868164063 -0.00759506225585938 0.57208251953125 0.6185302734375
-0.00408935546875 -0.00923633575439453 0.112091064453125 0.428375244140625
-0.00146579742431641 -0.0122251510620117 0.000137329101562493 -0.120735168457031
-0.00642204284667969 0.000602245330810547 -0.477142333984375 -0.3673095703125
-0.0244045257568359 -0.0090179443359375 -0.8076171875 0.1416015625
-0.0308837890625 -0.0221233367919922 -0.3087158203125 0.65582275390625
-0.0166034698486328 -0.0302257537841797 0.283843994140625 0.47393798828125
0.00106048583984375 -0.0226726531982422 0.406951904296875 0.088043212890625
0.0110855102539063 -0.00331497192382813 0.256378173828125 -0.203704833984375
0.00949764251708984 -0.00614356994628906 0.0500030517578125 -0.280807495117187
0.0185585021972656 -0.0176067352294922 -0.0677032470703125 0.19244384765625
0.0498619079589844 -0.0272140502929688 -0.240921020507813 -0.05902099609375
0.0310592651367188 -0.0440750122070313 -0.173980712890625 -0.464569091796875
-0.00362777709960938 -0.0346317291259766 0.29852294921875 -0.57489013671875
-0.0673065185546875 -0.0175285339355469 0.7513427734375 -0.015869140625
-0.0720062255859375 -0.0353775024414062 0.59539794921875 0.59246826171875
-0.019989013671875 -0.0620956420898437 0.125518798828125 0.42535400390625
-0.0121917724609375 -0.0702857971191406 0.00885009765625 -0.11712646484375
-0.0431365966796875 -0.0243301391601562 -0.45751953125 -0.380218505859375
-0.0602493286132812 0.000251770019531263 -0.803466796875 0.1112060546875
-0.0541114807128906 -0.0134124755859375 -0.326171875 0.65240478515625
-0.0255699157714844 -0.038299560546875 0.271728515625 0.49737548828125
0.0101356506347656 -0.0376777648925781 0.397430419921875 0.111907958984375
0.0242099761962891 -0.00976943969726563 0.248550415039063 -0.195480346679688
0.0149374008178711 -0.00597000122070313 0.044647216796875 -0.28106689453125
0.0184192657470703 -0.0185012817382813 -0.070037841796875 0.20068359375
0.0562362670898437 -0.0317764282226563 -0.254058837890625 -0.0268096923828125
0.0360260009765625 -0.0512313842773438 -0.223297119140625 -0.4263916015625
-0.0102653503417969 -0.0383071899414063 0.22418212890625 -0.59368896484375
-0.0917510986328125 -0.01678466796875 0.73663330078125 -0.11480712890625
-0.108390808105469 -0.05120849609375 0.66033935546875 0.5048828125
-0.040374755859375 -0.104866027832031 0.171630859375 0.42401123046875
-0.0191421508789063 -0.12249755859375 0.023895263671875 -0.0899734497070313
-0.0707931518554688 -0.0522384643554687 -0.40850830078125 -0.4095458984375
-0.0899429321289062 0.000213623046874992 -0.80224609375 0.0264892578125001
-0.0748291015625 -0.00208282470703124 -0.39202880859375 0.62664794921875
-0.031646728515625 -0.0371208190917969 0.226776123046875 0.552093505859375
0.0155372619628906 -0.0486869812011719 0.383514404296875 0.17120361328125
0.0326290130615234 -0.0158767700195313 0.245437622070313 -0.167633056640625
0.0191841125488281 -0.00801849365234375 0.0435791015625 -0.279205322265625
-0.0205841064453125 -0.0282211303710938 -0.0403289794921875 0.21240234375
-0.0209140777587891 -0.00176048278808594 -0.244827270507813 0.0848846435546875
-0.00931549072265624 0.0581321716308594 -0.35211181640625 -0.240264892578125
0.0384445190429688 0.0428619384765625 -0.11932373046875 -0.5882568359375
0.0457229614257813 0.022979736328125 0.481597900390625 -0.49462890625
0.0485382080078125 -0.00120925903320313 0.7919921875 0.0548095703125
0.0741195678710938 0.0296096801757813 0.380096435546875 0.390167236328125
0.0545120239257812 0.0861129760742188 0.0634536743164063 0.0863189697265625
0.0800094604492188 0.0611190795898438 -0.177978515625 -0.460784912109375
0.0875930786132813 0.00907135009765625 -0.71588134765625 -0.42376708984375
0.0483016967773438 0.00133514404296875 -0.72900390625 0.3131103515625
0.00239181518554687 0.0444793701171875 -0.1007080078125 0.65301513671875
-0.0382652282714844 0.0535011291503906 0.27587890625 0.4189453125
-0.0333518981933594 0.00988197326660156 0.27685546875 -0.0138092041015625
-0.00825119018554688 -0.0203285217285156 0.092376708984375 -0.257186889648438
-0.0163059234619141 -0.0250225067138672 -0.04229736328125 0.204864501953125
-0.0167379379272461 0.000973701477050778 -0.241119384765625 0.040374755859375
-0.00713729858398438 0.0510215759277344 -0.313385009765625 -0.3197021484375
0.0366668701171875 0.0324630737304688 -0.0174560546875 -0.62109375
0.0474815368652344 0.01690673828125 0.57476806640625 -0.396728515625
0.0565567016601563 0.00980758666992188 0.76806640625 0.20733642578125
0.0713729858398438 0.0555801391601563 0.30938720703125 0.421539306640625
0.04949951171875 0.1048583984375 0.0441513061523438 0.0389862060546875
0.08746337890625 0.0648956298828125 -0.26239013671875 -0.4515380859375
0.09014892578125 0.0003662109375 -0.77978515625 -0.2777099609375
0.0493659973144531 -0.0069427490234375 -0.6407470703125 0.43975830078125
0.00481224060058594 0.0338001251220703 0.0162353515625 0.629150390625
-0.0361785888671875 0.0431747436523437 0.335235595703125 0.336822509765625
-0.0329933166503906 0.00703430175781249 0.28668212890625 -0.065643310546875
-0.00769615173339843 -0.0192317962646484 0.089202880859375 -0.266464233398438
-0.00978469848632813 -0.0235919952392578 -0.0473175048828125 0.196853637695313
-0.00677204132080078 -0.000195026397705078 -0.237091064453125 -0.00300598144531252
-0.00299453735351562 0.0353927612304688 -0.2611083984375 -0.39013671875
0.0337562561035156 0.0187911987304687 0.0989379882812501 -0.6290283203125
0.0390968322753906 0.013702392578125 0.65338134765625 -0.26507568359375
0.0481414794921875 0.0234298706054687 0.7198486328125 0.36328125
0.0558853149414062 0.07061767578125 0.234832763671875 0.4383544921875
0.0400848388671875 0.103660583496094 0.0252685546875 -0.0142288208007812
0.0826873779296875 0.056427001953125 -0.34454345703125 -0.428070068359375
0.0764541625976563 -0.0118789672851563 -0.81756591796875 -0.1231689453125
0.0382461547851563 -0.0176162719726563 -0.531646728515625 0.538848876953125
0.00341320037841797 0.0173358917236328 0.12738037109375 0.5809326171875
-0.0297393798828125 0.0296592712402344 0.380096435546875 0.245361328125
-0.0269680023193359 0.00414466857910157 0.28680419921875 -0.118682861328125
-0.00666332244873047 -0.0159692764282227 0.0831146240234375 -0.274444580078125
-0.00112152099609375 -0.0216712951660156 -0.052520751953125 0.190078735351563
0.00692319869995117 -0.00621795654296875 -0.231796264648438 -0.0398101806640625
0.00424766540527344 0.0144634246826172 -0.208221435546875 -0.440948486328125
0.026519775390625 0.00408172607421875 0.20892333984375 -0.6094970703125
0.0201797485351562 0.0102081298828125 0.7083740234375 -0.12994384765625
0.0260066986083984 0.0289859771728516 0.6527099609375 0.4991455078125
0.0326309204101563 0.0656204223632813 0.168792724609375 0.442047119140625
0.026641845703125 0.0819931030273437 0.00983810424804688 -0.06475830078125
0.0645828247070313 0.0396156311035156 -0.41534423828125 -0.39837646484375
0.0496711730957031 -0.0188941955566406 -0.82537841796875 0.0125122070312501
0.0180072784423828 -0.0260143280029297 -0.42352294921875 0.604736328125
-0.000922322273254395 -0.000427424907684326 0.212249755859375 0.525115966796875
-0.0193614959716797 0.0125102996826172 0.405120849609375 0.162567138671875
-0.0168485641479492 0.00286483764648438 0.279098510742188 -0.162933349609375
-0.00269126892089844 -0.0126495361328125 0.071258544921875 -0.278305053710938
0.00659561157226563 -0.0225505828857422 -0.058746337890625 0.186233520507812
0.0219154357910156 -0.0142879486083984 -0.23028564453125 -0.0620269775390625
0.012904167175293 -0.00791549682617188 -0.167938232421875 -0.470001220703125
0.0188007354736328 -0.0114173889160156 0.2867431640625 -0.5809326171875
-0.00600147247314453 0.00315475463867187 0.73638916015625 -0.024658203125
-0.00429725646972656 0.0189342498779297 0.5904541015625 0.58551025390625
0.0119171142578125 0.0371513366699219 0.124542236328125 0.434906005859375
0.0127220153808594 0.041534423828125 0.000694274902343744 -0.102981567382813
0.0334339141845703 0.0202484130859375 -0.459747314453125 -0.3739013671875
0.0138835906982422 -0.0168018341064453 -0.812744140625 0.1046142578125
-0.00606918334960937 -0.0282115936279297 -0.34295654296875 0.638427734375
-0.008026123046875 -0.0183238983154297 0.264862060546875 0.48321533203125
-0.00865888595581055 -0.0045771598815918 0.409881591796875 0.105804443359375
-0.00295639038085938 0.000217676162719726 0.265655517578125 -0.19232177734375
0.00225496292114258 -0.00854587554931641 0.0599517822265625 -0.280487060546875
0.0143814086914062 -0.0202045440673828 -0.0637054443359375 0.186569213867188
0.0365638732910156 -0.0216102600097656 -0.230148315429688 -0.0701446533203125
0.0232582092285156 -0.0282688140869141 -0.1541748046875 -0.4755859375
0.0074310302734375 -0.0248394012451172 0.318328857421875 -0.56231689453125
-0.0375862121582031 -0.00696563720703125 0.74755859375 0.01629638671875
-0.0370407104492188 -0.00697708129882813 0.5693359375 0.61370849609375
-0.00462532043457031 -0.00879764556884766 0.1107177734375 0.424713134765625
-0.000728607177734376 -0.0113058090209961 0.000732421874999998 -0.119613647460938
-0.00628328323364258 0.000860214233398437 -0.47344970703125 -0.364898681640625
-0.0233802795410156 -0.00862884521484375 -0.80224609375 0.141845703125
-0.0307712554931641 -0.0221652984619141 -0.305908203125 0.6552734375
-0.0171890258789063 -0.0306415557861328 0.284271240234375 0.47125244140625
0.00170707702636719 -0.0226383209228516 0.406036376953125 0.087249755859375
0.0114736557006836 -0.00377750396728516 0.253494262695313 -0.202651977539063
0.00925064086914062 -0.00594234466552734 0.050079345703125 -0.27978515625
0.0181064605712891 -0.0185604095458984 -0.06683349609375 0.191192626953125
0.0490455627441406 -0.0284652709960938 -0.238845825195312 -0.0572357177734375
0.0313720703125 -0.0438117980957031 -0.172882080078125 -0.460723876953125
-0.00427627563476563 -0.0354080200195313 0.29571533203125 -0.57366943359375
-0.0680809020996094 -0.0163955688476563 0.74908447265625 -0.01654052734375
-0.0719146728515625 -0.0342330932617188 0.59246826171875 0.58746337890625
-0.019927978515625 -0.0615501403808594 0.12481689453125 0.422515869140625
-0.0123481750488281 -0.0693893432617188 0.00843048095703126 -0.116035461425781
-0.043212890625 -0.0227432250976562 -0.455718994140625 -0.3770751953125
-0.05914306640625 -0.000820159912109366 -0.79876708984375 0.11297607421875
-0.0543365478515625 -0.0124664306640625 -0.32281494140625 0.6529541015625
-0.0255126953125 -0.0378570556640625 0.270965576171875 0.49432373046875
0.00955963134765625 -0.0380363464355469 0.3973388671875 0.110321044921875
0.0232486724853516 -0.0100269317626953 0.24627685546875 -0.194320678710938
0.0141582489013672 -0.00576019287109375 0.0434112548828125 -0.278793334960938
0.0179729461669922 -0.0180397033691406 -0.068878173828125 0.200210571289063
0.0551834106445313 -0.0313682556152344 -0.252655029296875 -0.0264129638671875
0.0362701416015625 -0.0514144897460937 -0.222625732421875 -0.423431396484375
-0.0111618041992187 -0.0373268127441406 0.2227783203125 -0.59124755859375
-0.0914459228515625 -0.01629638671875 0.732421875 -0.11505126953125
-0.107223510742188 -0.0508346557617187 0.6572265625 0.50201416015625
-0.0406265258789063 -0.105110168457031 0.169677734375 0.422119140625
-0.0189895629882813 -0.121566772460938 0.0241546630859375 -0.088958740234375
-0.07012939453125 -0.0518455505371094 -0.40625 -0.404876708984375
-0.0887985229492188 0.000251770019531269 -0.7982177734375 0.0279541015624998
-0.0739974975585938 -0.00154113769531249 -0.39111328125 0.62408447265625
-0.0321464538574219 -0.0373611450195313 0.226593017578125 0.54779052734375
0.0152397155761719 -0.0487861633300781 0.38232421875 0.17010498046875
0.0326004028320313 -0.0158653259277344 0.243240356445313 -0.167068481445313
0.0190105438232422 -0.00636672973632813 0.0439300537109375 -0.278213500976562
-0.0203590393066406 -0.0289020538330078 -0.0397796630859375 0.2110595703125
-0.0209903717041016 -0.00200271606445312 -0.24346923828125 0.0853729248046875
-0.00842666625976562 0.0578384399414062 -0.349945068359375 -0.239654541015625
0.0375442504882813 0.0422248840332031 -0.11846923828125 -0.58709716796875
0.0461463928222656 0.0233573913574219 0.4793701171875 -0.493408203125
0.0490989685058594 -0.00064849853515625 0.78912353515625 0.05242919921875
0.0730133056640625 0.0295486450195312 0.377349853515625 0.38751220703125
0.0546493530273437 0.0860214233398438 0.0638961791992188 0.0862808227539062
0.0797958374023437 0.0602569580078125 -0.177642822265625 -0.45867919921875
0.0869216918945313 0.00885772705078125 -0.71112060546875 -0.42095947265625
0.0485572814941406 0.00244903564453125 -0.72784423828125 0.31207275390625
0.00266265869140625 0.0446548461914063 -0.099853515625 0.64910888671875
-0.0385932922363281 0.0531959533691406 0.27581787109375 0.41754150390625
-0.0333232879638672 0.0095977783203125 0.274765014648438 -0.013275146484375
-0.00789642333984375 -0.0201625823974609 0.091461181640625 -0.256607055664062
-0.0165672302246094 -0.0257797241210938 -0.042572021484375 0.20391845703125
-0.0170154571533203 0.00104522705078125 -0.23980712890625 0.0412750244140626
-0.00716400146484375 0.0510826110839844 -0.311767578125 -0.318389892578125
0.0371856689453125 0.0319328308105469 -0.0163574218749999 -0.61810302734375
0.0470542907714844 0.0165252685546875 0.57232666015625 -0.39495849609375
0.0562896728515625 0.00997161865234375 0.76629638671875 0.2049560546875
0.0710906982421875 0.055389404296875 0.306915283203125 0.420135498046875
0.04974365234375 0.104377746582031 0.0445480346679688 0.0391578674316406
0.0870208740234375 0.0643844604492188 -0.25994873046875 -0.447967529296875
0.09027099609375 0.00017547607421875 -0.77587890625 -0.27587890625
0.048187255859375 -0.00673294067382813 -0.6390380859375 0.4366455078125
0.004302978515625 0.0335559844970703 0.01806640625 0.6253662109375
-0.0360565185546875 0.0428962707519531 0.335205078125 0.335174560546875
-0.032958984375 0.00705528259277344 0.284515380859375 -0.065765380859375
-0.00831985473632813 -0.0194187164306641 0.0888214111328125 -0.265640258789063
-0.0104923248291016 -0.0230789184570313 -0.045257568359375 0.196319580078125
-0.00771093368530273 -0.00110530853271485 -0.235733032226563 -0.00271606445312495
-0.00255584716796875 0.0359840393066406 -0.260498046875 -0.38763427734375
0.0333175659179688 0.0184822082519531 0.0977172851562499 -0.62591552734375
0.0381660461425781 0.0125923156738281 0.653076171875 -0.2647705078125
0.0483551025390625 0.0230369567871094 0.71685791015625 0.36224365234375
0.054656982421875 0.0701713562011719 0.233001708984375 0.4371337890625
0.0389328002929687 0.103118896484375 0.0254058837890625 -0.0140781402587891
0.0830154418945313 0.055419921875 -0.343841552734375 -0.426116943359375
0.0770263671875 -0.0110244750976562 -0.8133544921875 -0.1234130859375
0.0383834838867188 -0.0178184509277344 -0.53082275390625 0.537322998046875
0.00336265563964844 0.0179805755615234 0.12811279296875 0.5792236328125
-0.0294704437255859 0.0284500122070313 0.37896728515625 0.244354248046875
-0.0266532897949219 0.00492286682128907 0.284912109375 -0.118408203125
-0.00654411315917969 -0.016016960144043 0.0818634033203125 -0.273635864257813
-0.00183868408203125 -0.0220718383789063 -0.0525970458984375 0.189208984375
0.00607919692993164 -0.00623798370361328 -0.23052978515625 -0.0388946533203125
0.00460433959960937 0.0147743225097656 -0.207427978515625 -0.439178466796875
0.0269241333007813 0.0033416748046875 0.20855712890625 -0.6082763671875
0.0200481414794922 0.0100784301757813 0.7044677734375 -0.12939453125
0.0258827209472656 0.0289325714111328 0.65020751953125 0.49560546875
0.0323524475097656 0.0658836364746094 0.16815185546875 0.43914794921875
0.0264511108398437 0.0816497802734375 0.0101089477539063 -0.0640678405761719
0.0639801025390625 0.0390243530273438 -0.412841796875 -0.396026611328125
0.0498275756835938 -0.0188064575195313 -0.82073974609375 0.0122070312500001
0.0181083679199219 -0.0255241394042969 -0.4212646484375 0.6031494140625
-0.000547915697097778 -2.82824039459229E-05 0.212860107421875 0.5235595703125
-0.0192050933837891 0.0131683349609375 0.4046630859375 0.16180419921875
-0.0163974761962891 0.00287055969238281 0.276275634765625 -0.16241455078125
-0.003021240234375 -0.0120296478271484 0.0699920654296875 -0.277359008789063
0.00535202026367187 -0.0224552154541016 -0.0580291748046875 0.185516357421875
0.0213565826416016 -0.0145835876464844 -0.228713989257813 -0.0602569580078125
0.0126094818115234 -0.00694561004638672 -0.167877197265625 -0.46795654296875
0.0181503295898438 -0.0119380950927734 0.286376953125 -0.57977294921875
-0.00650835037231445 0.00263881683349609 0.733154296875 -0.0240478515625
-0.00349998474121094 0.0177688598632813 0.5882568359375 0.58306884765625
0.0114021301269531 0.0371627807617188 0.123138427734375 0.431640625
0.0122222900390625 0.0415534973144531 0.00128173828124999 -0.102279663085938
0.0327606201171875 0.0208568572998047 -0.457000732421875 -0.37139892578125
0.0149002075195313 -0.0176925659179688 -0.80999755859375 0.1038818359375
-0.00586700439453125 -0.0269241333007813 -0.343505859375 0.63671875
-0.00816535949707031 -0.0178718566894531 0.2647705078125 0.482086181640625
-0.00883960723876953 -0.00517082214355469 0.410247802734375 0.10552978515625
-0.00339984893798828 0.00118374824523926 0.264053344726563 -0.191696166992188
0.00147056579589844 -0.00851821899414063 0.06048583984375 -0.27947998046875
0.0136051177978516 -0.0204105377197266 -0.0634307861328125 0.185379028320313
0.0369148254394531 -0.0226554870605469 -0.22930908203125 -0.06842041015625
0.022857666015625 -0.0288066864013672 -0.1522216796875 -0.47247314453125
0.00756454467773438 -0.0251350402832031 0.318023681640625 -0.55950927734375
-0.0375862121582031 -0.00676727294921876 0.74407958984375 0.01580810546875
-0.0366859436035156 -0.00722885131835937 0.56640625 0.6103515625
-0.00422096252441406 -0.00881195068359375 0.108123779296875 0.422332763671875
-0.00237464904785156 -0.0114459991455078 0.000823974609375006 -0.118667602539063
-0.00611066818237305 0.000349998474121095 -0.470672607421875 -0.362030029296875
-0.0225734710693359 -0.00923347473144531 -0.79913330078125 0.14166259765625
-0.0306911468505859 -0.0213165283203125 -0.30609130859375 0.65313720703125
-0.0168781280517578 -0.0301589965820313 0.28436279296875 0.46929931640625
0.00207328796386719 -0.0224933624267578 0.404632568359375 0.086639404296875
0.0115022659301758 -0.00367641448974609 0.251800537109375 -0.202484130859375
0.0087890625 -0.00678348541259766 0.0487213134765625 -0.279403686523438
0.0172252655029297 -0.0188331604003906 -0.0662841796875 0.190444946289063
0.0490455627441406 -0.0280036926269531 -0.237091064453125 -0.0569915771484375
0.0308761596679688 -0.0437889099121094 -0.172821044921875 -0.459625244140625
-0.00351905822753907 -0.0342121124267578 0.29461669921875 -0.57012939453125
-0.0675811767578125 -0.015289306640625 0.74627685546875 -0.01629638671875
-0.0709609985351563 -0.034332275390625 0.5906982421875 0.5853271484375
-0.0203323364257813 -0.0620498657226563 0.12359619140625 0.420501708984375
-0.0128440856933594 -0.0686073303222656 0.00882720947265626 -0.114913940429687
-0.0424003601074219 -0.0231246948242187 -0.453460693359375 -0.374603271484375
-0.0585556030273438 -0.000526428222656258 -0.79486083984375 0.114013671875
-0.0538749694824219 -0.0116157531738281 -0.32232666015625 0.6512451171875
-0.0253753662109375 -0.0370254516601563 0.2716064453125 0.49542236328125
0.0102996826171875 -0.0375022888183594 0.394927978515625 0.1090087890625
0.0237770080566406 -0.00993156433105469 0.243972778320313 -0.194580078125
0.0140676498413086 -0.0061187744140625 0.043060302734375 -0.278488159179688
0.0172157287597656 -0.0184154510498047 -0.0683441162109375 0.198974609375
0.0551528930664063 -0.0313377380371094 -0.25030517578125 -0.0262451171875
0.035888671875 -0.0506629943847656 -0.221343994140625 -0.42156982421875
-0.0113410949707031 -0.037750244140625 0.22265625 -0.58856201171875
-0.0916976928710938 -0.0159225463867188 0.7301025390625 -0.11529541015625
-0.106544494628906 -0.0504150390625 0.6534423828125 0.50048828125
-0.0407562255859375 -0.104652404785156 0.168212890625 0.420928955078125
-0.0192718505859375 -0.120094299316406 0.0242385864257813 -0.08746337890625
-0.06982421875 -0.0517349243164062 -0.403564453125 -0.40325927734375
-0.0880126953125 -0.000404357910156253 -0.7945556640625 0.0270385742187501
-0.0734176635742188 -0.00090026855468749 -0.38818359375 0.62322998046875
-0.0324592590332031 -0.0371818542480469 0.226409912109375 0.54693603515625
0.0151252746582031 -0.0482330322265625 0.380706787109375 0.169921875
0.0326442718505859 -0.0159854888916016 0.24200439453125 -0.1666259765625
0.0189304351806641 -0.00745010375976562 0.0423583984375 -0.277252197265625
-0.0209617614746094 -0.0282402038574219 -0.0400543212890625 0.210342407226563
-0.0212936401367187 -0.00233650207519531 -0.242294311523438 0.0849456787109375
-0.00823593139648437 0.0578536987304688 -0.349456787109375 -0.23992919921875
0.0379905700683594 0.0418891906738281 -0.11724853515625 -0.5849609375
0.0457687377929687 0.0228500366210937 0.480560302734375 -0.49298095703125
0.0496597290039063 -0.00144577026367188 0.78570556640625 0.05413818359375
0.0728683471679688 0.0300979614257812 0.37445068359375 0.3876953125
0.0539093017578125 0.0849685668945313 0.0634765625 0.0861663818359375
0.0795059204101563 0.061187744140625 -0.174957275390625 -0.456268310546875
0.0876693725585938 0.0092010498046875 -0.70806884765625 -0.4222412109375
0.047943115234375 0.00189971923828125 -0.72540283203125 0.3111572265625
0.00216293334960937 0.0445098876953125 -0.098876953125 0.64898681640625
-0.0380592346191406 0.0536079406738281 0.275848388671875 0.417449951171875
-0.0331344604492188 0.0103893280029297 0.274734497070313 -0.013214111328125
-0.00793266296386719 -0.0207195281982422 0.0913543701171875 -0.256881713867188
-0.0178127288818359 -0.0255641937255859 -0.042022705078125 0.203094482421875
-0.0163450241088867 0.000931739807128904 -0.238037109375 0.0409088134765625
-0.00644683837890625 0.0508689880371094 -0.311279296875 -0.317901611328125
0.0373039245605469 0.0317153930664063 -0.016357421875 -0.61761474609375
0.046905517578125 0.0170211791992187 0.5711669921875 -0.39263916015625
0.0562400817871094 0.0097808837890625 0.76300048828125 0.203857421875
0.069732666015625 0.0556144714355469 0.30303955078125 0.41790771484375
0.048583984375 0.103660583496094 0.0441551208496094 0.0398483276367188
0.08685302734375 0.06317138671875 -0.258453369140625 -0.44580078125
0.0899200439453125 0.00041961669921875 -0.775146484375 -0.2755126953125
0.0491943359375 -0.0070648193359375 -0.63812255859375 0.436279296875
0.00467300415039063 0.0334415435791016 0.01727294921875 0.6258544921875
-0.0350723266601562 0.0438117980957031 0.334686279296875 0.334625244140625
-0.0327816009521484 0.00736236572265625 0.284637451171875 -0.065643310546875
-0.00827980041503906 -0.0191802978515625 0.0882568359375 -0.265029907226563
-0.0107040405273438 -0.0241069793701172 -0.0462799072265625 0.195602416992187
-0.00681924819946289 -0.0010838508605957 -0.2342529296875 -0.00260925292968746
-0.00259590148925781 0.0351333618164062 -0.259857177734375 -0.38677978515625
0.0331630706787109 0.0179271697998047 0.09912109375 -0.62445068359375
0.0377311706542969 0.0132293701171875 0.65081787109375 -0.26397705078125
0.0481452941894531 0.0226936340332031 0.7135009765625 0.36114501953125
0.0544052124023437 0.0704879760742187 0.229827880859375 0.433929443359375
0.0390396118164062 0.10321044921875 0.0254611968994141 -0.0131168365478516
0.0832748413085938 0.0555343627929688 -0.339813232421875 -0.423614501953125
0.0771560668945313 -0.0115585327148438 -0.81341552734375 -0.123046875
0.0377120971679687 -0.0177688598632813 -0.5299072265625 0.536285400390625
0.0030975341796875 0.0173988342285156 0.12774658203125 0.57794189453125
-0.0296401977539062 0.0287933349609375 0.380584716796875 0.2442626953125
-0.0265274047851563 0.00472831726074218 0.284576416015625 -0.1177978515625
-0.00692081451416016 -0.0164289474487305 0.081817626953125 -0.273422241210938
-0.00250816345214844 -0.0223789215087891 -0.0515594482421875 0.188858032226562
0.00623607635498047 -0.00645589828491211 -0.228866577148438 -0.0385284423828125
0.00445842742919922 0.0146627426147461 -0.20599365234375 -0.438262939453125
0.0265712738037109 0.00369071960449219 0.20770263671875 -0.6044921875
0.0196952819824219 0.0104331970214844 0.70263671875 -0.12811279296875
0.0261058807373047 0.0291252136230469 0.64715576171875 0.49371337890625
0.0320472717285156 0.0655784606933594 0.165557861328125 0.437713623046875
0.0255355834960937 0.0818099975585938 0.0100631713867188 -0.0628318786621094
0.0644416809082031 0.0391502380371094 -0.410308837890625 -0.39483642578125
0.0503692626953125 -0.0187568664550781 -0.8189697265625 0.0128173828125
0.0183887481689453 -0.0256404876708984 -0.42034912109375 0.601806640625
-0.00175607204437256 -0.000122547149658203 0.2130126953125 0.522705078125
-0.0194206237792969 0.0127944946289063 0.40264892578125 0.1619873046875
-0.0163373947143555 0.00300502777099609 0.275543212890625 -0.161849975585938
-0.00262928009033203 -0.0121192932128906 0.0707244873046875 -0.277481079101563
0.00507354736328125 -0.0231857299804688 -0.0577850341796875 0.184890747070313
0.02191162109375 -0.0154800415039063 -0.227691650390625 -0.0605010986328125
0.0130386352539063 -0.00680923461914063 -0.166961669921875 -0.467041015625
0.0182723999023438 -0.012054443359375 0.28466796875 -0.578857421875
-0.00696706771850586 0.00347280502319336 0.7314453125 -0.021728515625
-0.00393486022949219 0.0184478759765625 0.58447265625 0.58087158203125
0.0111198425292969 0.036590576171875 0.1209716796875 0.42926025390625
0.01068115234375 0.0409660339355469 0.00252532958984375 -0.100692749023437
0.0335979461669922 0.0205612182617187 -0.454742431640625 -0.37030029296875
0.0144681930541992 -0.0167760848999023 -0.80792236328125 0.10186767578125
-0.00651741027832031 -0.0265903472900391 -0.3427734375 0.636474609375
-0.00883865356445312 -0.0176010131835938 0.26470947265625 0.48150634765625
-0.00799846649169922 -0.00486421585083008 0.409271240234375 0.10552978515625
-0.00234031677246094 0.000279903411865234 0.262802124023437 -0.191513061523437
0.00248479843139648 -0.00861787796020508 0.059234619140625 -0.27935791015625
0.0134639739990234 -0.0207004547119141 -0.0631103515625 0.185195922851563
0.0365066528320313 -0.022216796875 -0.228179931640625 -0.068145751953125
0.0230541229248047 -0.0284900665283203 -0.1519775390625 -0.4720458984375
0.00693702697753907 -0.0248050689697266 0.317657470703125 -0.560089111328125
-0.0381317138671875 -0.00545120239257812 0.7410888671875 0.0166015625
-0.0360298156738281 -0.00706481933593751 0.56463623046875 0.6080322265625
-0.00488662719726563 -0.00887775421142578 0.105499267578125 0.419677734375
-0.00232505798339844 -0.0108652114868164 0.00151824951171875 -0.117835998535156
-0.00548028945922852 0.000627517700195313 -0.46771240234375 -0.3602294921875
-0.0217742919921875 -0.00918197631835938 -0.79705810546875 0.1405029296875
-0.0311470031738281 -0.0216884613037109 -0.30389404296875 0.65106201171875
-0.01763916015625 -0.0299263000488281 0.28387451171875 0.46893310546875
0.00185012817382813 -0.0220165252685547 0.402374267578125 0.086334228515625
0.0117864608764648 -0.00394916534423828 0.250991821289063 -0.201339721679688
0.0090017318725586 -0.00629234313964844 0.0490570068359375 -0.278472900390625
0.0165195465087891 -0.0185203552246094 -0.0662078857421875 0.18927001953125
0.04766845703125 -0.0282211303710938 -0.235671997070312 -0.056365966796875
0.0311470031738281 -0.04364013671875 -0.171417236328125 -0.457794189453125
-0.00372886657714844 -0.0342845916748047 0.2952880859375 -0.5682373046875
-0.0679359436035156 -0.0150718688964844 0.7420654296875 -0.01519775390625
-0.0705490112304688 -0.0341796875 0.58782958984375 0.583984375
-0.0201225280761719 -0.0608711242675781 0.120147705078125 0.41961669921875
-0.0134239196777344 -0.0677452087402344 0.00902557373046875 -0.113990783691406
-0.0422248840332031 -0.0231971740722656 -0.449493408203125 -0.37310791015625
-0.0574798583984375 -0.000633239746093751 -0.7952880859375 0.11248779296875
-0.0539436340332031 -0.0113906860351562 -0.32196044921875 0.6492919921875
-0.0252265930175781 -0.0368385314941406 0.270843505859375 0.493560791015625
0.00943756103515625 -0.0374488830566406 0.39508056640625 0.110321044921875
0.0240497589111328 -0.0102367401123047 0.242767333984375 -0.192947387695312
0.0143003463745117 -0.00588607788085938 0.0432586669921875 -0.278106689453125
0.0161571502685547 -0.0178852081298828 -0.068359375 0.197799682617188
0.053985595703125 -0.0314445495605469 -0.249420166015625 -0.0249176025390625
0.0358390808105469 -0.0507049560546875 -0.219879150390625 -0.421173095703125
-0.01153564453125 -0.0369834899902344 0.22259521484375 -0.5888671875
-0.0920639038085938 -0.015472412109375 0.7269287109375 -0.1143798828125
-0.105865478515625 -0.050140380859375 0.6519775390625 0.49725341796875
-0.040557861328125 -0.103668212890625 0.165924072265625 0.418731689453125
-0.019989013671875 -0.119972229003906 0.0243911743164063 -0.0866546630859375
-0.0691757202148438 -0.051300048828125 -0.400787353515625 -0.402557373046875
-0.0876388549804687 0.000381469726562515 -0.79217529296875 0.0264892578125
-0.0734329223632812 -0.000862121582031256 -0.38836669921875 0.620849609375
-0.0324134826660156 -0.0364952087402344 0.227752685546875 0.546356201171875
0.0152168273925781 -0.0475692749023437 0.379669189453125 0.17059326171875
0.0323772430419922 -0.0162696838378906 0.24072265625 -0.166458129882813
0.0186862945556641 -0.00685691833496094 0.042938232421875 -0.276535034179688
-0.0217323303222656 -0.0279655456542969 -0.040679931640625 0.209564208984375
-0.0211658477783203 -0.00257301330566406 -0.24102783203125 0.0857391357421875
-0.00754928588867188 0.0576095581054688 -0.348663330078125 -0.237548828125
0.0379447937011719 0.0410957336425781 -0.1185302734375 -0.58447265625
0.0453453063964844 0.0240058898925781 0.478668212890625 -0.4910888671875
0.0491752624511719 -0.00101089477539063 0.78521728515625 0.0533447265625
0.0717926025390625 0.0299911499023438 0.372222900390625 0.386993408203125
0.0529022216796875 0.0857315063476563 0.0638961791992188 0.0872268676757812
0.0790557861328125 0.0600357055664063 -0.17333984375 -0.454864501953125
0.0875244140625 0.009002685546875 -0.70709228515625 -0.4210205078125
0.0477066040039063 0.00195693969726563 -0.72552490234375 0.3104248046875
0.000999450683593747 0.0441703796386719 -0.0980224609374999 0.64874267578125
-0.0372543334960938 0.053741455078125 0.275482177734375 0.41754150390625
-0.0323848724365234 0.010040283203125 0.2742919921875 -0.013458251953125
-0.00863838195800781 -0.0206089019775391 0.09100341796875 -0.25531005859375
-0.01806640625 -0.0248470306396484 -0.042694091796875 0.202972412109375
-0.0167903900146484 0.000140190124511722 -0.23822021484375 0.0417938232421875
-0.00608062744140625 0.0512313842773437 -0.311004638671875 -0.31646728515625
0.0364875793457031 0.0317039489746094 -0.0159912109375 -0.61798095703125
0.0460929870605469 0.0171699523925781 0.5703125 -0.3929443359375
0.0559730529785156 0.00985336303710938 0.76177978515625 0.20343017578125
0.06964111328125 0.0556259155273438 0.302337646484375 0.418060302734375
0.0476531982421875 0.103874206542969 0.0440597534179688 0.0399742126464844
0.0865402221679688 0.0643844604492188 -0.2567138671875 -0.445709228515625
0.0908279418945313 -2.288818359375E-05 -0.773681640625 -0.2747802734375
0.0485763549804688 -0.0068817138671875 -0.63702392578125 0.436767578125
0.00458335876464844 0.0338401794433594 0.0191650390624999 0.6259765625
-0.0355186462402344 0.0444297790527344 0.335479736328125 0.335906982421875
-0.0319728851318359 0.00779724121093749 0.28375244140625 -0.0650634765625
-0.00860023498535156 -0.0191364288330078 0.0882415771484375 -0.265304565429688
-0.0113906860351563 -0.0235233306884766 -0.046875 0.195068359375
-0.0074467658996582 -0.00106000900268555 -0.23388671875 -0.00233459472656254
-0.00211334228515625 0.035919189453125 -0.25836181640625 -0.387237548828125
0.0333786010742188 0.0177421569824219 0.0993041992187499 -0.6240234375
0.03802490234375 0.0139961242675781 0.6500244140625 -0.262939453125
0.0481452941894531 0.0229301452636719 0.71185302734375 0.35894775390625
0.0535659790039063 0.0716934204101562 0.22845458984375 0.4344482421875
0.0376968383789063 0.103500366210938 0.025543212890625 -0.012359619140625
0.08258056640625 0.05511474609375 -0.33770751953125 -0.422943115234375
0.0776443481445313 -0.011871337890625 -0.8092041015625 -0.1231689453125
0.0380668640136719 -0.0180740356445313 -0.53033447265625 0.5360107421875
0.00344276428222656 0.018096923828125 0.128173828125 0.5792236328125
-0.0286731719970703 0.0295181274414063 0.3800048828125 0.243255615234375
-0.0264148712158203 0.00506210327148438 0.283050537109375 -0.117279052734375
-0.00667095184326172 -0.0156593322753906 0.081756591796875 -0.273193359375
-0.00337982177734375 -0.0223731994628906 -0.0517578125 0.187835693359375
0.00638771057128906 -0.00662136077880859 -0.228790283203125 -0.038238525390625
0.00501823425292969 0.015045166015625 -0.206268310546875 -0.43756103515625
0.0268535614013672 0.002655029296875 0.2071533203125 -0.60467529296875
0.0194244384765625 0.0108089447021484 0.70318603515625 -0.127197265625
0.0263614654541016 0.0287971496582031 0.6473388671875 0.4940185546875
0.0315399169921875 0.0654373168945313 0.16253662109375 0.43585205078125
0.0254745483398437 0.0814971923828125 0.0108528137207031 -0.0626945495605469
0.0640945434570312 0.0391616821289062 -0.408172607421875 -0.394989013671875
0.0510597229003906 -0.0193214416503906 -0.8177490234375 0.0115966796875
0.0180339813232422 -0.0252704620361328 -0.4219970703125 0.6014404296875
-0.00128078460693359 -0.000537514686584473 0.213653564453125 0.5223388671875
-0.0190467834472656 0.0128879547119141 0.404022216796875 0.16241455078125
-0.0163764953613281 0.00302982330322265 0.275146484375 -0.162109375
-0.00324058532714844 -0.0122842788696289 0.070709228515625 -0.2774658203125
0.00494384765625 -0.0226898193359375 -0.058074951171875 0.18426513671875
0.0214366912841797 -0.0149612426757813 -0.22662353515625 -0.0597381591796875
0.0137205123901367 -0.00709247589111328 -0.164794921875 -0.466033935546875
0.0180721282958984 -0.0112247467041016 0.28521728515625 -0.5770263671875
-0.00774002075195312 0.00373077392578125 0.72979736328125 -0.0220947265625
-0.003448486328125 0.0189495086669922 0.58343505859375 0.58038330078125
0.00983810424804687 0.0368461608886719 0.118499755859375 0.430572509765625
0.0101661682128906 0.04205322265625 0.00236511230468749 -0.100624084472656
0.0328922271728516 0.0208816528320313 -0.45306396484375 -0.3697509765625
0.0155115127563477 -0.0171699523925781 -0.8076171875 0.1038818359375
-0.00670814514160156 -0.0273876190185547 -0.3419189453125 0.6353759765625
-0.00905418395996094 -0.0179042816162109 0.26470947265625 0.47998046875
-0.00785541534423828 -0.00478982925415039 0.410125732421875 0.105621337890625
-0.00307512283325195 0.000734090805053711 0.261825561523438 -0.190338134765625
0.00152969360351563 -0.00820684432983398 0.0592193603515625 -0.278411865234375
0.0127315521240234 -0.0209121704101563 -0.0629730224609375 0.184356689453125
0.0362510681152344 -0.0227241516113281 -0.2274169921875 -0.0678253173828125
0.0229206085205078 -0.0284576416015625 -0.151123046875 -0.472198486328125
0.00635147094726563 -0.0252246856689453 0.319061279296875 -0.55914306640625
-0.0381889343261719 -0.00561904907226563 0.7412109375 0.01898193359375
-0.0355911254882812 -0.00667572021484375 0.56207275390625 0.60845947265625
-0.00526618957519531 -0.00927734375 0.103729248046875 0.42059326171875
-0.00239849090576172 -0.0106182098388672 0.00215148925781251 -0.117301940917969
-0.00518894195556641 0.000426769256591796 -0.465423583984375 -0.360076904296875
-0.0211143493652344 -0.00931739807128906 -0.7960205078125 0.1395263671875
-0.0313873291015625 -0.0206985473632813 -0.30499267578125 0.65118408203125
-0.0176277160644531 -0.0294342041015625 0.284637451171875 0.468353271484375
0.00227737426757813 -0.0220966339111328 0.404571533203125 0.086761474609375
0.0118827819824219 -0.00408840179443359 0.2501220703125 -0.201431274414063
0.00886821746826172 -0.00588512420654297 0.0489349365234375 -0.278182983398437
0.0162086486816406 -0.0188713073730469 -0.066070556640625 0.18914794921875
0.0477066040039063 -0.0288429260253906 -0.234954833984375 -0.0562744140625
0.0303382873535156 -0.0436859130859375 -0.16998291015625 -0.458648681640625
-0.00461387634277343 -0.0346870422363281 0.296142578125 -0.568603515625
-0.0683403015136719 -0.0147438049316406 0.74163818359375 -0.0118408203125
-0.070526123046875 -0.0342025756835938 0.58636474609375 0.58428955078125
-0.0199432373046875 -0.060760498046875 0.119537353515625 0.419036865234375
-0.01348876953125 -0.0673370361328125 0.00974273681640626 -0.113334655761719
-0.041717529296875 -0.0228233337402344 -0.446258544921875 -0.37274169921875
-0.0568466186523438 -0.00102615356445313 -0.79351806640625 0.1121826171875
-0.053741455078125 -0.010589599609375 -0.32171630859375 0.64813232421875
-0.0255966186523438 -0.0367698669433594 0.271240234375 0.4923095703125
0.0101127624511719 -0.0377922058105469 0.39495849609375 0.109771728515625
0.0239448547363281 -0.0103073120117188 0.2420654296875 -0.19305419921875
0.0142335891723633 -0.00553131103515625 0.04278564453125 -0.277023315429688
0.0163345336914062 -0.0181541442871094 -0.0677337646484375 0.196762084960938
0.0538406372070312 -0.0320625305175781 -0.248016357421875 -0.0250091552734376
0.0358848571777344 -0.0507850646972656 -0.21875 -0.42108154296875
-0.0117530822753906 -0.0371170043945312 0.22430419921875 -0.58721923828125
-0.0924224853515625 -0.0140533447265625 0.72705078125 -0.11248779296875
-0.105003356933594 -0.050933837890625 0.64959716796875 0.49688720703125
-0.0404586791992187 -0.103019714355469 0.164642333984375 0.417327880859375
-0.02001953125 -0.118927001953125 0.0251388549804688 -0.0863418579101563
-0.0687255859375 -0.0518531799316406 -0.399017333984375 -0.401214599609375
-0.0866165161132812 -0.000686645507812499 -0.792236328125 0.0267333984374999
-0.073577880859375 -0.000823974609375009 -0.388916015625 0.62255859375
-0.0318679809570312 -0.0363273620605469 0.22711181640625 0.546661376953125
0.015594482421875 -0.0476875305175781 0.379486083984375 0.168853759765625
0.0324878692626953 -0.0162506103515625 0.239501953125 -0.166244506835938
0.0184249877929688 -0.00625228881835937 0.042022705078125 -0.275833129882813
-0.0224380493164062 -0.0276298522949219 -0.040008544921875 0.209671020507813
-0.0208797454833984 -0.00226593017578125 -0.241668701171875 0.0859527587890624
-0.00782012939453126 0.0582084655761719 -0.349456787109375 -0.23907470703125
0.0367965698242188 0.0407676696777344 -0.11944580078125 -0.58575439453125
0.0450592041015625 0.0234451293945313 0.47998046875 -0.49078369140625
0.0495872497558594 -0.00034332275390625 0.7830810546875 0.05194091796875
0.0713119506835938 0.0301284790039062 0.37213134765625 0.387420654296875
0.05267333984375 0.0857315063476563 0.0641632080078125 0.0871963500976563
0.0790557861328125 0.0598373413085938 -0.171783447265625 -0.454437255859375
0.0890045166015625 0.00894927978515625 -0.70623779296875 -0.42193603515625
0.0482254028320313 0.00246047973632813 -0.72650146484375 0.31085205078125
0.00152587890625 0.0444602966308594 -0.0979003906249999 0.65045166015625
-0.0376777648925781 0.0541229248046875 0.277130126953125 0.418670654296875
-0.0320072174072266 0.0100135803222656 0.27386474609375 -0.01190185546875
-0.00839614868164063 -0.0203380584716797 0.0911712646484375 -0.256195068359375
-0.0181961059570313 -0.0251598358154297 -0.0421905517578125 0.203140258789063
-0.0165424346923828 0.000135421752929688 -0.237884521484375 0.0415802001953125
-0.00601577758789063 0.0513229370117187 -0.308990478515625 -0.31707763671875
0.0368766784667969 0.0316314697265625 -0.01568603515625 -0.61651611328125
0.0463638305664063 0.0172843933105469 0.5697021484375 -0.39251708984375
0.0560150146484375 0.00983047485351562 0.7608642578125 0.20428466796875
0.0688514709472656 0.0548667907714844 0.30169677734375 0.418060302734375
0.0469741821289063 0.103919982910156 0.0436477661132813 0.0399436950683594
0.085845947265625 0.06353759765625 -0.2550048828125 -0.44525146484375
0.0914077758789063 6.103515625E-05 -0.77294921875 -0.27783203125
0.0487823486328125 -0.00622177124023437 -0.63916015625 0.43609619140625
0.004150390625 0.0334720611572266 0.01885986328125 0.62628173828125
-0.0347900390625 0.0437202453613281 0.335205078125 0.33685302734375
-0.0324459075927734 0.00767135620117188 0.283538818359375 -0.06463623046875
-0.00805091857910157 -0.0186176300048828 0.0889129638671875 -0.26495361328125
-0.0124130249023438 -0.0237751007080078 -0.0465545654296875 0.194915771484375
-0.00736808776855469 -0.00098419189453125 -0.2332763671875 -0.00163269042968748
-0.00191497802734375 0.0368728637695312 -0.26043701171875 -0.38470458984375
0.0334854125976563 0.0179786682128906 0.10003662109375 -0.62518310546875
0.0376701354980469 0.0136184692382812 0.64874267578125 -0.26031494140625
0.0483055114746094 0.0229263305664063 0.71075439453125 0.3602294921875
0.05340576171875 0.0707855224609375 0.225830078125 0.43408203125
0.0370101928710937 0.103111267089844 0.0260887145996094 -0.0127830505371094
0.0827713012695313 0.0551300048828125 -0.33642578125 -0.421539306640625
0.077972412109375 -0.0123825073242188 -0.81219482421875 -0.12408447265625
0.0373153686523437 -0.0173797607421875 -0.5325927734375 0.533782958984375
0.00274848937988281 0.0179615020751953 0.12933349609375 0.5789794921875
-0.0286464691162109 0.0296726226806641 0.380096435546875 0.24542236328125
-0.0263938903808594 0.00529098510742187 0.28369140625 -0.11724853515625
-0.00667572021484375 -0.0152959823608398 0.0816192626953125 -0.273605346679687
-0.00366783142089844 -0.0224151611328125 -0.052734375 0.188018798828125
0.00602817535400391 -0.00690412521362305 -0.228256225585938 -0.0381317138671875
0.00507926940917969 0.0152254104614258 -0.20538330078125 -0.438934326171875
0.0271873474121094 0.00306320190429688 0.208740234375 -0.60400390625
0.0189247131347656 0.0110282897949219 0.70166015625 -0.12548828125
0.0264720916748047 0.0287132263183594 0.64453125 0.49285888671875
0.031005859375 0.0664558410644531 0.160614013671875 0.436309814453125
0.0244674682617187 0.0814666748046875 0.01092529296875 -0.0621566772460937
0.06463623046875 0.03912353515625 -0.4068603515625 -0.392669677734375
0.0516242980957031 -0.0195236206054688 -0.81890869140625 0.0109863281249999
0.0187931060791016 -0.0247993469238281 -0.4227294921875 0.6011962890625
-0.00177347660064697 0.000264048576354981 0.21331787109375 0.5235595703125
-0.0181884765625 0.0140018463134766 0.4039306640625 0.16290283203125
-0.015284538269043 0.00292301177978515 0.274826049804688 -0.160842895507813
-0.00362014770507813 -0.0112075805664063 0.07025146484375 -0.277618408203125
0.0035247802734375 -0.0232219696044922 -0.0585174560546875 0.184295654296875
0.0214786529541016 -0.0146312713623047 -0.225692749023438 -0.0597381591796875
0.0135526657104492 -0.00702190399169922 -0.164825439453125 -0.46588134765625
0.0178298950195313 -0.0123100280761719 0.2869873046875 -0.5767822265625
-0.00821781158447266 0.00406169891357422 0.7293701171875 -0.02191162109375
-0.00292778015136719 0.0182380676269531 0.58123779296875 0.58111572265625
0.0105361938476562 0.0367813110351563 0.117279052734375 0.4296875
0.00945281982421875 0.0417251586914062 0.00246429443359375 -0.0997695922851563
0.0325260162353516 0.020599365234375 -0.4515380859375 -0.36907958984375
0.0159511566162109 -0.0179157257080078 -0.8074951171875 0.102783203125
-0.006805419921875 -0.0264873504638672 -0.34405517578125 0.63671875
-0.00905513763427734 -0.0166559219360352 0.26519775390625 0.48126220703125
-0.00791072845458984 -0.00424432754516602 0.410064697265625 0.107757568359375
-0.00291657447814941 0.00063776969909668 0.262222290039063 -0.191116333007813
0.00248384475708008 -0.00822687149047852 0.0594482421875 -0.279403686523438
0.0123710632324219 -0.0208206176757813 -0.0626678466796875 0.184829711914063
0.0362167358398438 -0.0227279663085938 -0.226531982421875 -0.0680694580078125
0.0230998992919922 -0.0280342102050781 -0.15087890625 -0.471099853515625
0.00612068176269531 -0.0251789093017578 0.318817138671875 -0.558990478515625
-0.0388336181640625 -0.00527191162109375 0.73956298828125 0.02044677734375
-0.0359039306640625 -0.0071563720703125 0.55999755859375 0.6085205078125
-0.00553607940673828 -0.00904273986816406 0.103057861328125 0.420196533203125
-0.00327682495117187 -0.0107860565185547 0.00201416015625 -0.116706848144531
-0.00509881973266602 0.000470638275146484 -0.46490478515625 -0.36181640625
-0.0204753875732422 -0.00945472717285156 -0.7977294921875 0.14013671875
-0.0307178497314453 -0.0204753875732422 -0.30474853515625 0.65130615234375
-0.0175457000732422 -0.0293846130371094 0.284881591796875 0.469940185546875
0.00202560424804687 -0.0220584869384766 0.403656005859375 0.087188720703125
0.0113372802734375 -0.0041046142578125 0.249771118164063 -0.201446533203125
0.00871419906616211 -0.00608396530151367 0.04913330078125 -0.278976440429687
0.0151653289794922 -0.0188331604003906 -0.0660247802734375 0.188323974609375
0.0475425720214844 -0.0283393859863281 -0.234893798828125 -0.0558013916015625
0.0313072204589844 -0.0434303283691406 -0.17236328125 -0.458251953125
-0.00470161437988281 -0.0344715118408203 0.29632568359375 -0.56805419921875
-0.0686302185058594 -0.0144844055175781 0.74334716796875 -0.01165771484375
-0.0698776245117188 -0.0345802307128906 0.58441162109375 0.582763671875
-0.0200424194335938 -0.060638427734375 0.117645263671875 0.419189453125
-0.0134162902832031 -0.067535400390625 0.00972747802734375 -0.112533569335937
-0.0421943664550781 -0.0230369567871094 -0.44390869140625 -0.372100830078125
-0.0563583374023438 -0.00162506103515625 -0.79327392578125 0.1116943359375
-0.0535430908203125 -0.0105743408203125 -0.32244873046875 0.650390625
-0.0261383056640625 -0.0365562438964844 0.2720947265625 0.495025634765625
0.01080322265625 -0.0373725891113281 0.395355224609375 0.10919189453125
0.0240917205810547 -0.0103225708007813 0.24200439453125 -0.192123413085938
0.0142345428466797 -0.00471878051757813 0.04339599609375 -0.2772216796875
0.0154151916503906 -0.0190238952636719 -0.066986083984375 0.197097778320313
0.053497314453125 -0.0320396423339844 -0.247039794921875 -0.0254974365234375
0.0358734130859375 -0.0501174926757813 -0.218994140625 -0.420806884765625
-0.0124244689941406 -0.0369796752929688 0.22454833984375 -0.588134765625
-0.0930938720703125 -0.0134429931640625 0.72808837890625 -0.11090087890625
-0.10430908203125 -0.0504913330078125 0.64801025390625 0.4971923828125
-0.040069580078125 -0.103279113769531 0.162017822265625 0.418243408203125
-0.0199813842773438 -0.118980407714844 0.0253829956054687 -0.0858306884765625
-0.068878173828125 -0.0521392822265625 -0.39825439453125 -0.40203857421875
-0.086029052734375 -0.001220703125 -0.79132080078125 0.0263061523437501
-0.0732421875 -0.000434875488281255 -0.3885498046875 0.62237548828125
-0.0329170227050781 -0.0360031127929688 0.22723388671875 0.546844482421875
0.0154457092285156 -0.0475959777832031 0.380218505859375 0.1702880859375
0.0328159332275391 -0.0165653228759766 0.239166259765625 -0.165115356445313
0.0190563201904297 -0.00640487670898438 0.042816162109375 -0.276229858398438
-0.0224571228027344 -0.0272941589355469 -0.041351318359375 0.210983276367187
-0.0207290649414063 -0.00298881530761719 -0.241409301757812 0.086822509765625
-0.00809478759765625 0.057952880859375 -0.34954833984375 -0.238037109375
0.0368881225585938 0.0411796569824219 -0.1180419921875 -0.5860595703125
0.0454826354980469 0.0240249633789062 0.481414794921875 -0.49102783203125
0.0497817993164062 -0.00022125244140625 0.7843017578125 0.0523681640625
0.0716781616210938 0.0300064086914063 0.369873046875 0.388153076171875
0.0522994995117187 0.0858001708984375 0.0640716552734375 0.0879669189453125
0.0790176391601563 0.0599441528320313 -0.170013427734375 -0.454681396484375
0.089263916015625 0.009002685546875 -0.7076416015625 -0.42279052734375
0.0477027893066406 0.00271224975585938 -0.72833251953125 0.30987548828125
0.00142288208007812 0.0449562072753906 -0.09912109375 0.650634765625
-0.0367851257324219 0.0549087524414063 0.278167724609375 0.420684814453125
-0.0325202941894531 0.0102806091308594 0.274444580078125 -0.012054443359375
-0.00827217102050781 -0.0204067230224609 0.09112548828125 -0.256912231445313
-0.019378662109375 -0.0244789123535156 -0.0426483154296875 0.202865600585938
-0.0167732238769531 0.000412940979003909 -0.238311767578125 0.042694091796875
-0.00563430786132813 0.0517539978027344 -0.31121826171875 -0.317352294921875
0.0369377136230469 0.0311431884765625 -0.01513671875 -0.619140625
0.0460357666015625 0.0177574157714844 0.57177734375 -0.391357421875
0.0563240051269531 0.00994873046875 0.76092529296875 0.20355224609375
0.0685615539550781 0.0558700561523438 0.29998779296875 0.41839599609375
0.0465469360351563 0.103729248046875 0.0448036193847656 0.0401191711425781
0.0866546630859375 0.0639724731445313 -0.253143310546875 -0.44549560546875
0.0919265747070313 -0.0004425048828125 -0.774169921875 -0.27703857421875
0.049407958984375 -0.00665283203125 -0.6409912109375 0.4371337890625
0.00375747680664063 0.0338420867919922 0.0196533203125 0.628173828125
-0.0345840454101562 0.0440101623535156 0.33795166015625 0.337615966796875
-0.0318260192871094 0.00750732421875 0.2840576171875 -0.06439208984375
-0.00806045532226563 -0.0188236236572266 0.088348388671875 -0.26641845703125
-0.0127754211425781 -0.0238666534423828 -0.04620361328125 0.195281982421875
-0.00710582733154297 -0.000819683074951171 -0.233444213867188 -0.00198364257812497
-0.00189971923828125 0.0361557006835938 -0.258209228515625 -0.3885498046875
0.0324382781982422 0.0173130035400391 0.10113525390625 -0.62384033203125
0.0369071960449219 0.0147666931152344 0.65277099609375 -0.2601318359375
0.0480270385742188 0.0235710144042969 0.7105712890625 0.36077880859375
0.0530853271484375 0.071014404296875 0.224639892578125 0.43505859375
0.0369415283203125 0.103103637695313 0.0267143249511719 -0.0123176574707031
0.08270263671875 0.055633544921875 -0.335479736328125 -0.42352294921875
0.0792922973632813 -0.0116119384765625 -0.81195068359375 -0.12567138671875
0.0381622314453125 -0.0170402526855469 -0.531463623046875 0.536712646484375
0.00237274169921875 0.0174827575683594 0.12884521484375 0.58123779296875
-0.0283603668212891 0.0302104949951172 0.381439208984375 0.24639892578125
-0.0258979797363281 0.00486373901367187 0.284027099609375 -0.11749267578125
-0.0066823959350586 -0.015376091003418 0.081451416015625 -0.27392578125
-0.00443267822265625 -0.0225715637207031 -0.0529022216796875 0.187652587890625
0.00587844848632812 -0.0066227912902832 -0.228973388671875 -0.038238525390625
0.00496959686279297 0.0153799057006836 -0.20513916015625 -0.438507080078125
0.0266895294189453 0.00257110595703125 0.2108154296875 -0.60491943359375
0.0186195373535156 0.0110988616943359 0.70452880859375 -0.12225341796875
0.0268421173095703 0.0285625457763672 0.64520263671875 0.49444580078125
0.0305137634277344 0.0653228759765625 0.160247802734375 0.437042236328125
0.0240707397460938 0.0823974609375 0.0118408203125 -0.0620231628417969
0.0644798278808594 0.0390205383300781 -0.4052734375 -0.395263671875
0.0521049499511719 -0.0191230773925781 -0.8187255859375 0.01019287109375
0.0181312561035156 -0.0245742797851563 -0.42431640625 0.60400390625
-0.00184190273284912 6.28232955932617E-05 0.214813232421875 0.525177001953125
-0.0184955596923828 0.0136814117431641 0.40484619140625 0.163238525390625
-0.0154790878295898 0.00313282012939453 0.275344848632813 -0.161758422851563
-0.00318145751953125 -0.0119123458862305 0.070404052734375 -0.278594970703125
0.00318527221679687 -0.023406982421875 -0.0577239990234375 0.184524536132813
0.0207939147949219 -0.01544189453125 -0.2265625 -0.0599212646484375
0.013859748840332 -0.00686168670654297 -0.16326904296875 -0.46685791015625
0.0168333053588867 -0.0124893188476562 0.28851318359375 -0.57781982421875
-0.00762128829956055 0.00470876693725586 0.7313232421875 -0.02008056640625
-0.00285911560058594 0.0188503265380859 0.5838623046875 0.58245849609375
0.00987625122070312 0.0377845764160156 0.115447998046875 0.430816650390625
0.00920867919921875 0.0426216125488281 0.00360107421874999 -0.0991897583007813
0.0336666107177734 0.0213031768798828 -0.4503173828125 -0.3697509765625
0.0171737670898438 -0.0181636810302734 -0.80926513671875 0.10198974609375
-0.00660324096679688 -0.0261287689208984 -0.3448486328125 0.638916015625
-0.00929641723632812 -0.0170927047729492 0.264862060546875 0.48358154296875
-0.00773048400878906 -0.00336217880249024 0.410675048828125 0.106201171875
-0.00220513343811035 0.000674009323120117 0.26129150390625 -0.190048217773438
0.001190185546875 -0.00819110870361328 0.058990478515625 -0.280670166015625
0.0111618041992187 -0.0205497741699219 -0.0625762939453125 0.184066772460938
0.0360298156738281 -0.0230903625488281 -0.2259521484375 -0.06787109375
0.0231971740722656 -0.0276966094970703 -0.150726318359375 -0.47357177734375
0.00589942932128906 -0.0249042510986328 0.320587158203125 -0.560211181640625
-0.0386428833007813 -0.00429153442382813 0.7423095703125 0.02227783203125
-0.0351791381835938 -0.00683975219726563 0.56048583984375 0.610595703125
-0.0055384635925293 -0.00809621810913086 0.100372314453125 0.421051025390625
-0.00349617004394531 -0.0101356506347656 0.00330352783203125 -0.116401672363281
-0.00464105606079102 0.000291824340820312 -0.463897705078125 -0.362579345703125
-0.0207767486572266 -0.0103492736816406 -0.79827880859375 0.140380859375
-0.0315704345703125 -0.0202999114990234 -0.3072509765625 0.6552734375
-0.0181026458740234 -0.0294628143310547 0.285064697265625 0.47332763671875
0.00255203247070312 -0.0218086242675781 0.405914306640625 0.087860107421875
0.0125970840454102 -0.00387001037597656 0.2506103515625 -0.20172119140625
0.00844621658325195 -0.00519609451293945 0.048828125 -0.278396606445313
0.0148506164550781 -0.0195636749267578 -0.0655975341796875 0.18939208984375
0.0473403930664063 -0.0285224914550781 -0.234710693359375 -0.0558929443359375
0.0309562683105469 -0.0431480407714844 -0.169586181640625 -0.45977783203125
-0.00490570068359375 -0.0346164703369141 0.2984619140625 -0.569091796875
-0.0692138671875 -0.0136871337890625 0.74371337890625 -0.0108642578125
-0.0695877075195313 -0.0347557067871094 0.58343505859375 0.58453369140625
-0.0198173522949219 -0.061279296875 0.11572265625 0.41986083984375
-0.0138816833496094 -0.0670013427734375 0.01068115234375 -0.111984252929687
-0.0413970947265625 -0.0235595703125 -0.44415283203125 -0.374908447265625
-0.0557136535644531 -0.00162124633789062 -0.79522705078125 0.11138916015625
-0.0539474487304688 -0.0109405517578125 -0.32366943359375 0.65087890625
-0.0267219543457031 -0.0366744995117188 0.272247314453125 0.49713134765625
0.0104141235351563 -0.0374870300292969 0.3956298828125 0.11175537109375
0.0239658355712891 -0.0109024047851563 0.24151611328125 -0.19293212890625
0.0147628784179688 -0.004791259765625 0.042938232421875 -0.27825927734375
0.0149250030517578 -0.0180110931396484 -0.068206787109375 0.197494506835938
0.0537185668945313 -0.0322914123535156 -0.247970581054687 -0.0257415771484375
0.0358505249023438 -0.0507316589355469 -0.2181396484375 -0.4222412109375
-0.0125236511230469 -0.0375785827636719 0.2269287109375 -0.58978271484375
-0.0939178466796875 -0.0141983032226562 0.72674560546875 -0.11102294921875
-0.104324340820312 -0.0511398315429688 0.649658203125 0.49822998046875
-0.0397872924804688 -0.103202819824219 0.161163330078125 0.41949462890625
-0.0200119018554687 -0.118293762207031 0.0260238647460938 -0.0859756469726563
-0.0679244995117188 -0.0519752502441406 -0.396026611328125 -0.403564453125
-0.085418701171875 -0.00164031982421876 -0.79302978515625 0.0255126953125
-0.0735931396484375 0.000389099121093762 -0.390869140625 0.62359619140625
-0.0332298278808594 -0.0359687805175781 0.228790283203125 0.5491943359375
0.0160751342773438 -0.0478973388671875 0.380645751953125 0.170562744140625
0.0323696136474609 -0.0161991119384766 0.239028930664063 -0.1654052734375
0.0193996429443359 -0.00643730163574219 0.04217529296875 -0.276641845703125
-0.0234794616699219 -0.0269851684570313 -0.040679931640625 0.21142578125
-0.0211086273193359 -0.00244712829589844 -0.24310302734375 0.0873870849609375
-0.00702285766601563 0.0590667724609375 -0.350311279296875 -0.23883056640625
0.0370254516601563 0.04144287109375 -0.11883544921875 -0.587646484375
0.0451774597167969 0.0238265991210938 0.48272705078125 -0.493133544921875
0.0496749877929688 -0.0006256103515625 0.785400390625 0.05255126953125
0.0710678100585937 0.0311965942382812 0.37017822265625 0.3912353515625
0.0517730712890625 0.0857696533203125 0.0643768310546875 0.0874481201171875
0.0793685913085938 0.05987548828125 -0.169830322265625 -0.454345703125
0.0907974243164063 0.00835418701171875 -0.7093505859375 -0.42315673828125
0.0484771728515625 0.00229644775390625 -0.73187255859375 0.31085205078125
0.00143814086914063 0.0445404052734375 -0.09820556640625 0.65362548828125
-0.0366172790527344 0.0549125671386719 0.27984619140625 0.4222412109375
-0.0321712493896484 0.0109272003173828 0.275634765625 -0.012115478515625
-0.0082244873046875 -0.0200901031494141 0.090972900390625 -0.258453369140625
-0.0203742980957031 -0.0248088836669922 -0.0428619384765625 0.204376220703125
-0.0164251327514648 -0.000139236450195313 -0.238784790039063 0.0425872802734375
-0.00534439086914062 0.0518112182617188 -0.312103271484375 -0.318328857421875
0.0364875793457031 0.0307426452636719 -0.0158691406249999 -0.62139892578125
0.0456695556640625 0.0180473327636719 0.5736083984375 -0.393310546875
0.0568161010742188 0.009918212890625 0.7637939453125 0.20452880859375
0.0680465698242188 0.0561332702636719 0.298919677734375 0.4195556640625
0.0463104248046875 0.104385375976563 0.0450859069824219 0.0406608581542969
0.0864791870117188 0.0639114379882813 -0.253021240234375 -0.44537353515625
0.0926666259765625 -3.0517578125E-05 -0.7762451171875 -0.2774658203125
0.0488815307617188 -0.0064849853515625 -0.6424560546875 0.4390869140625
0.00372505187988281 0.0340557098388672 0.0213623046874999 0.63140869140625
-0.0350227355957031 0.0443992614746094 0.33935546875 0.338714599609375
-0.0314445495605469 0.00764274597167969 0.284515380859375 -0.06475830078125
-0.0074615478515625 -0.0189037322998047 0.088226318359375 -0.267013549804688
-0.0134124755859375 -0.0229740142822266 -0.0473175048828125 0.195938110351562
-0.00768852233886719 -0.00121593475341797 -0.234344482421875 -0.00128173828124995
-0.00162506103515625 0.0366172790527344 -0.2601318359375 -0.3878173828125
0.0328350067138672 0.0168170928955078 0.0999755859375001 -0.62744140625
0.0374794006347656 0.0142745971679688 0.65252685546875 -0.2625732421875
0.0485801696777344 0.0237007141113281 0.71337890625 0.361572265625
0.0528182983398438 0.0712051391601562 0.22308349609375 0.437103271484375
0.0361557006835937 0.103446960449219 0.0265159606933594 -0.0116157531738281
0.0827178955078125 0.0555648803710938 -0.334716796875 -0.423614501953125
0.0798263549804687 -0.0123291015625 -0.81488037109375 -0.1253662109375
0.0383644104003906 -0.017547607421875 -0.5338134765625 0.53973388671875
0.00133132934570312 0.0182914733886719 0.1309814453125 0.58502197265625
-0.0283260345458984 0.0308132171630859 0.382415771484375 0.24761962890625
-0.0258636474609375 0.0049896240234375 0.283935546875 -0.11810302734375
-0.00710868835449219 -0.0154914855957031 0.0813751220703125 -0.275634765625
-0.00470542907714844 -0.0225734710693359 -0.053131103515625 0.189254760742188
0.00581884384155273 -0.00698232650756836 -0.228317260742188 -0.0378875732421876
0.00540637969970703 0.0155515670776367 -0.206573486328125 -0.439849853515625
0.0262241363525391 0.00217247009277344 0.2117919921875 -0.6064453125
0.0189075469970703 0.0119552612304688 0.7064208984375 -0.12408447265625
0.0267467498779297 0.0294971466064453 0.645263671875 0.49407958984375
0.0301017761230469 0.0661277770996094 0.158294677734375 0.43743896484375
0.0234603881835937 0.082763671875 0.0119552612304688 -0.0618896484375
0.0647087097167969 0.0392723083496094 -0.405517578125 -0.395294189453125
0.0529937744140625 -0.0199470520019531 -0.8218994140625 0.0105590820312499
0.0185165405273438 -0.0247707366943359 -0.42584228515625 0.60662841796875
-0.00238871574401855 0.00040578842163086 0.218017578125 0.528778076171875
-0.0180816650390625 0.0138473510742188 0.40826416015625 0.16448974609375
-0.0156946182250977 0.00282096862792969 0.275741577148438 -0.162857055664062
-0.00346755981445313 -0.0117893218994141 0.07073974609375 -0.279129028320313
0.00170135498046875 -0.023834228515625 -0.05859375 0.184402465820312
0.0208530426025391 -0.015472412109375 -0.225677490234375 -0.059173583984375
0.0135250091552734 -0.00628852844238281 -0.1649169921875 -0.468170166015625
0.0171136856079102 -0.0124320983886719 0.289306640625 -0.58056640625
-0.00859642028808594 0.00518131256103516 0.73309326171875 -0.01922607421875
-0.00195693969726563 0.018096923828125 0.583251953125 0.58416748046875
0.00909805297851563 0.0375404357910156 0.11383056640625 0.43096923828125
0.00922012329101562 0.0424613952636719 0.00294494628906251 -0.0995941162109375
0.0329303741455078 0.0203990936279297 -0.44989013671875 -0.372406005859375
0.0175323486328125 -0.0184955596923828 -0.81256103515625 0.10174560546875
-0.00622367858886719 -0.0264835357666016 -0.34332275390625 0.64239501953125
-0.0102634429931641 -0.0171804428100586 0.268798828125 0.485443115234375
-0.00705957412719727 -0.0041966438293457 0.41253662109375 0.10699462890625
-0.00179553031921387 0.000297069549560547 0.262054443359375 -0.190750122070313
0.00213527679443359 -0.00732183456420899 0.059906005859375 -0.281982421875
0.0107250213623047 -0.0206642150878906 -0.0630035400390625 0.184494018554688
0.0360221862792969 -0.0228157043457031 -0.2261962890625 -0.067596435546875
0.0231800079345703 -0.0277042388916016 -0.15020751953125 -0.474029541015625
0.00582504272460937 -0.0251483917236328 0.321533203125 -0.56170654296875
-0.0397071838378906 -0.00360488891601562 0.7435302734375 0.02362060546875
-0.0350131988525391 -0.00675773620605469 0.56134033203125 0.60986328125
-0.00492525100708008 -0.0086817741394043 0.099212646484375 0.422088623046875
-0.00340175628662109 -0.00984001159667969 0.00330352783203125 -0.116310119628906
-0.00490713119506836 0.000124454498291016 -0.46392822265625 -0.362060546875
-0.0195846557617188 -0.010833740234375 -0.8009033203125 0.141357421875
-0.0304374694824219 -0.0198860168457031 -0.30859375 0.65618896484375
-0.0181522369384766 -0.0290985107421875 0.28717041015625 0.47320556640625
0.00312042236328125 -0.0215225219726563 0.406982421875 0.088623046875
0.0117454528808594 -0.00434398651123047 0.249954223632813 -0.202301025390625
0.00914478302001953 -0.00525760650634766 0.0494537353515625 -0.280868530273438
0.01458740234375 -0.0188941955566406 -0.066680908203125 0.189437866210938
0.0473747253417969 -0.0291328430175781 -0.234771728515625 -0.0559234619140625
0.0312881469726563 -0.0430679321289063 -0.170013427734375 -0.461669921875
-0.00535964965820313 -0.0340251922607422 0.29901123046875 -0.57183837890625
-0.0698318481445313 -0.0130577087402344 0.7459716796875 -0.0108642578125
-0.0690727233886719 -0.0347137451171875 0.58477783203125 0.5853271484375
-0.0203475952148437 -0.0609016418457031 0.11444091796875 0.420379638671875
-0.0146713256835937 -0.066650390625 0.011199951171875 -0.111991882324219
-0.0415458679199219 -0.0232963562011719 -0.444000244140625 -0.37554931640625
-0.0556678771972656 -0.00222396850585938 -0.79742431640625 0.11212158203125
-0.0542373657226563 -0.00990295410156251 -0.324462890625 0.65576171875
-0.0263442993164063 -0.0361557006835937 0.27490234375 0.498077392578125
0.0107421875 -0.0381317138671875 0.39764404296875 0.11090087890625
0.0243167877197266 -0.0105171203613281 0.241409301757813 -0.193511962890625
0.0153980255126953 -0.0051422119140625 0.0429534912109375 -0.28009033203125
0.0144939422607422 -0.0186729431152344 -0.067657470703125 0.19818115234375
0.0525245666503906 -0.0322608947753906 -0.24786376953125 -0.0259552001953125
0.0360527038574219 -0.0505523681640625 -0.21875 -0.422149658203125
-0.0130424499511719 -0.0375137329101563 0.2261962890625 -0.59149169921875
-0.0945205688476563 -0.0127792358398438 0.7303466796875 -0.111328125
-0.104843139648437 -0.0509490966796875 0.6492919921875 0.499755859375
-0.0403594970703125 -0.103485107421875 0.16015625 0.420654296875
-0.0201492309570313 -0.118392944335938 0.0266189575195312 -0.0850372314453125
-0.06854248046875 -0.0522117614746094 -0.397003173828125 -0.40350341796875
-0.0855255126953125 -0.00153350830078124 -0.79608154296875 0.0265502929687499
-0.0738983154296875 0.00098419189453124 -0.39154052734375 0.6273193359375
-0.0328712463378906 -0.036285400390625 0.229766845703125 0.5517578125
0.0157356262207031 -0.0488204956054687 0.3824462890625 0.172088623046875
0.0330142974853516 -0.0167446136474609 0.2396240234375 -0.166091918945313
0.0193939208984375 -0.005889892578125 0.0424346923828125 -0.277923583984375
-0.0233707427978516 -0.02752685546875 -0.0408172607421875 0.212432861328125
-0.0210533142089844 -0.00268745422363281 -0.243606567382813 0.0882110595703125
-0.0065765380859375 0.0590171813964844 -0.35198974609375 -0.2392578125
0.0370292663574219 0.0412673950195313 -0.1207275390625 -0.5914306640625
0.0457572937011719 0.0242691040039062 0.4832763671875 -0.49505615234375
0.0500564575195313 -0.00086212158203125 0.7890625 0.05023193359375
0.0712890625 0.0309829711914063 0.370849609375 0.391082763671875
0.0511932373046875 0.08587646484375 0.0651779174804688 0.0878829956054688
0.0793533325195312 0.06048583984375 -0.16998291015625 -0.45635986328125
0.0911331176757813 0.00838470458984375 -0.71124267578125 -0.42431640625
0.0489883422851563 0.00228118896484375 -0.7349853515625 0.31353759765625
0.00177764892578125 0.0447044372558594 -0.096923828125 0.658203125
-0.0364227294921875 0.0561103820800781 0.28204345703125 0.423828125
-0.0323104858398438 0.0108833312988281 0.276962280273437 -0.0121612548828125
-0.00886154174804688 -0.0197181701660156 0.091217041015625 -0.258682250976562
-0.02093505859375 -0.0247611999511719 -0.04327392578125 0.204986572265625
-0.016942024230957 8.96453857421864E-05 -0.238723754882813 0.043701171875
-0.00482940673828125 0.0529136657714844 -0.312896728515625 -0.319610595703125
0.0360832214355469 0.0306816101074219 -0.0167236328124999 -0.62274169921875
0.0461654663085937 0.0178184509277344 0.57440185546875 -0.3934326171875
0.0571022033691406 0.00970077514648438 0.76678466796875 0.203369140625
0.0681076049804688 0.056854248046875 0.298858642578125 0.421234130859375
0.045623779296875 0.10418701171875 0.045867919921875 0.0410728454589844
0.0868377685546875 0.0640869140625 -0.253692626953125 -0.446502685546875
0.093475341796875 -0.00066375732421875 -0.7789306640625 -0.2779541015625
0.0496368408203125 -0.00632476806640625 -0.64544677734375 0.44195556640625
0.00386810302734375 0.0347785949707031 0.02197265625 0.63372802734375
-0.0345687866210938 0.0462837219238281 0.34136962890625 0.341400146484375
-0.0320186614990234 0.00774574279785156 0.285430908203125 -0.064849853515625
-0.0092926025390625 -0.0185146331787109 0.0880584716796875 -0.267959594726562
-0.0152606964111328 -0.0236473083496094 -0.0473480224609375 0.196624755859375
-0.00713491439819336 -0.00110960006713867 -0.23486328125 -0.00123596191406253
-0.00187301635742187 0.0374412536621094 -0.2606201171875 -0.388885498046875
0.0329685211181641 0.0170364379882813 0.10015869140625 -0.62933349609375
0.0373191833496094 0.0150947570800781 0.65472412109375 -0.26324462890625
0.0491180419921875 0.0243072509765625 0.71539306640625 0.36212158203125
0.0526504516601563 0.071746826171875 0.223358154296875 0.438079833984375
0.0359954833984375 0.103805541992187 0.0276622772216797 -0.0116100311279297
0.0823898315429688 0.0561370849609375 -0.335601806640625 -0.4244384765625
0.0805587768554688 -0.012939453125 -0.8155517578125 -0.1243896484375
0.0385360717773437 -0.0175437927246094 -0.5361328125 0.542694091796875
0.00267791748046875 0.0184402465820313 0.13165283203125 0.58697509765625
-0.0279388427734375 0.0311031341552734 0.386322021484375 0.249420166015625
-0.0259933471679688 0.00584030151367187 0.2845458984375 -0.118743896484375
-0.00699996948242188 -0.0155391693115234 0.08172607421875 -0.2767333984375
-0.00586891174316406 -0.0228385925292969 -0.0525665283203125 0.189620971679688
0.00578641891479492 -0.00730562210083008 -0.2293701171875 -0.0375823974609376
0.00587940216064453 0.0160627365112305 -0.207061767578125 -0.441925048828125
0.0262794494628906 0.00221824645996094 0.21160888671875 -0.61065673828125
0.0185050964355469 0.0122203826904297 0.70758056640625 -0.12518310546875
0.0270347595214844 0.0294055938720703 0.64794921875 0.496826171875
0.0299034118652344 0.0659255981445313 0.157958984375 0.439910888671875
0.023284912109375 0.0832366943359375 0.0126800537109375 -0.0615615844726562
0.0650749206542969 0.0395736694335937 -0.406524658203125 -0.3974609375
0.0536003112792969 -0.0205078125 -0.824462890625 0.0117187499999999
0.0184383392333984 -0.0243167877197266 -0.42681884765625 0.6107177734375
-0.00270724296569824 0.000256538391113281 0.219024658203125 0.530303955078125
-0.0181007385253906 0.0143318176269531 0.4102783203125 0.1641845703125
-0.0150957107543945 0.00304508209228515 0.276626586914063 -0.16290283203125
-0.00365924835205078 -0.0110464096069336 0.070526123046875 -0.280929565429687
0.00185012817382813 -0.0234546661376953 -0.058807373046875 0.1851806640625
0.0212116241455078 -0.014739990234375 -0.226852416992188 -0.0583343505859375
0.0139732360839844 -0.00640964508056641 -0.1654052734375 -0.470672607421875
0.0176181793212891 -0.0131168365478516 0.28948974609375 -0.582763671875
-0.00912380218505859 0.00569343566894531 0.73675537109375 -0.01910400390625
-0.00243568420410156 0.0194873809814453 0.58538818359375 0.58538818359375
0.0094146728515625 0.037506103515625 0.112060546875 0.43243408203125
0.00880813598632812 0.0429191589355469 0.0032958984375 -0.0995025634765625
0.0342426300048828 0.0206966400146484 -0.45123291015625 -0.371124267578125
0.01806640625 -0.0182857513427734 -0.81414794921875 0.104248046875
-0.00647544860839844 -0.0255298614501953 -0.3455810546875 0.6453857421875
-0.00982666015625 -0.0171051025390625 0.270355224609375 0.487884521484375
-0.00762748718261719 -0.00374555587768555 0.4140625 0.107666015625
-0.00218760967254639 0.000271081924438477 0.261337280273438 -0.1922607421875
0.00169181823730469 -0.00735330581665039 0.059295654296875 -0.28289794921875
0.0100460052490234 -0.0212001800537109 -0.0630645751953125 0.186050415039062
0.0361289978027344 -0.0230255126953125 -0.226516723632813 -0.06756591796875
0.0233078002929687 -0.0272140502929687 -0.150421142578125 -0.47552490234375
0.00583076477050781 -0.0252132415771484 0.323486328125 -0.564453125
-0.0401992797851563 -0.00360488891601562 0.7454833984375 0.02227783203125
-0.0351181030273438 -0.00704574584960937 0.5621337890625 0.61260986328125
-0.00594043731689453 -0.00872898101806641 0.097625732421875 0.4234619140625
-0.00420665740966797 -0.00974845886230469 0.00337982177734374 -0.116302490234375
-0.00473260879516602 0.000505447387695313 -0.46441650390625 -0.3641357421875
-0.0194568634033203 -0.0111160278320312 -0.80291748046875 0.14312744140625
-0.0305442810058594 -0.0199794769287109 -0.30902099609375 0.66094970703125
-0.0188751220703125 -0.0291290283203125 0.28997802734375 0.47662353515625
0.00257301330566406 -0.0220470428466797 0.4097900390625 0.087066650390625
0.0120840072631836 -0.00481986999511719 0.250137329101563 -0.203948974609375
0.00908851623535156 -0.00530529022216797 0.04815673828125 -0.28155517578125
0.0132961273193359 -0.0195350646972656 -0.0665130615234375 0.1895751953125
0.0468673706054687 -0.0293121337890625 -0.235107421875 -0.055572509765625
0.0311546325683594 -0.0431442260742188 -0.1715087890625 -0.4625244140625
-0.00602531433105469 -0.0342922210693359 0.299560546875 -0.57464599609375
-0.0700531005859375 -0.0124320983886719 0.74853515625 -0.0101318359375
-0.0695304870605469 -0.034576416015625 0.58685302734375 0.58697509765625
-0.0209922790527344 -0.0607109069824219 0.11328125 0.421905517578125
-0.0151557922363281 -0.0661354064941406 0.0115585327148438 -0.111335754394531
-0.0410003662109375 -0.0230865478515625 -0.445587158203125 -0.376617431640625
-0.0558967590332031 -0.00317764282226562 -0.80072021484375 0.11566162109375
-0.0538749694824219 -0.00948333740234375 -0.32611083984375 0.65850830078125
-0.0267219543457031 -0.03594970703125 0.277740478515625 0.4990234375
0.0109100341796875 -0.0378799438476563 0.3997802734375 0.110992431640625
0.0245532989501953 -0.0115394592285156 0.241958618164063 -0.19390869140625
0.0154104232788086 -0.00426292419433594 0.042572021484375 -0.281494140625
0.0142440795898438 -0.0181503295898438 -0.068084716796875 0.199005126953125
0.0531044006347656 -0.0326919555664063 -0.248123168945312 -0.0251312255859376
0.035797119140625 -0.0510368347167969 -0.2197265625 -0.425933837890625
-0.0136604309082031 -0.03759765625 0.22698974609375 -0.593505859375
-0.0944671630859375 -0.0122528076171875 0.73333740234375 -0.1116943359375
-0.104827880859375 -0.0515289306640625 0.652587890625 0.50054931640625
-0.0402450561523437 -0.103843688964844 0.159454345703125 0.422821044921875
-0.0203323364257813 -0.118240356445312 0.026824951171875 -0.0856552124023438
-0.0679054260253906 -0.0527801513671875 -0.397430419921875 -0.406097412109375
-0.0851593017578125 -0.00229644775390627 -0.79974365234375 0.0269775390624999
-0.0743179321289063 0.000808715820312513 -0.392822265625 0.63177490234375
-0.0338172912597656 -0.0355682373046875 0.232452392578125 0.552581787109375
0.0152091979980469 -0.04833984375 0.38348388671875 0.17254638671875
0.0329170227050781 -0.0174388885498047 0.238998413085937 -0.166336059570313
0.0199508666992187 -0.00645065307617188 0.0415496826171875 -0.278656005859375
-0.0244789123535156 -0.026885986328125 -0.0407257080078125 0.213226318359375
-0.0213737487792969 -0.00274467468261719 -0.243621826171875 0.0895233154296875
-0.00649261474609376 0.0596199035644531 -0.354400634765625 -0.238800048828125
0.0370330810546875 0.0413055419921875 -0.122314453125 -0.5926513671875
0.0451164245605469 0.0247306823730469 0.484100341796875 -0.4989013671875
0.0501365661621094 -0.000591278076171875 0.7890625 0.04815673828125
0.0715408325195313 0.0318069458007813 0.373291015625 0.391937255859375
0.051788330078125 0.0858917236328125 0.0652542114257812 0.0882339477539063
0.080108642578125 0.0603179931640625 -0.170135498046875 -0.4569091796875
0.09210205078125 0.00769805908203125 -0.71453857421875 -0.42474365234375
0.0486602783203125 0.00238800048828125 -0.73712158203125 0.31707763671875
0.00141525268554687 0.0459365844726563 -0.09429931640625 0.66162109375
-0.0357818603515625 0.0563850402832031 0.285797119140625 0.4263916015625
-0.0315284729003906 0.0114116668701172 0.27777099609375 -0.0121307373046875
-0.00809478759765625 -0.0195369720458984 0.0908050537109375 -0.260833740234375
-0.0210914611816406 -0.0247859954833984 -0.0428009033203125 0.205947875976562
-0.0171823501586914 0.00045013427734375 -0.240615844726563 0.0445556640625
-0.00413894653320313 0.0529823303222656 -0.31494140625 -0.31903076171875
0.0363349914550781 0.031280517578125 -0.01922607421875 -0.6265869140625
0.0458755493164063 0.0180320739746094 0.57586669921875 -0.3974609375
0.0578804016113281 0.0101470947265625 0.7686767578125 0.20361328125
0.0686302185058594 0.0567131042480469 0.300628662109375 0.42120361328125
0.04620361328125 0.105110168457031 0.045989990234375 0.0414772033691406
0.0867691040039063 0.0642166137695313 -0.255889892578125 -0.448211669921875
0.0953292846679688 -0.0010986328125 -0.78277587890625 -0.2774658203125
0.0496139526367187 -0.00698471069335938 -0.64874267578125 0.44561767578125
0.00292205810546875 0.0347633361816406 0.02545166015625 0.6376953125
-0.0341224670410156 0.0468482971191406 0.344818115234375 0.341888427734375
-0.0315227508544922 0.00782394409179688 0.2862548828125 -0.065582275390625
-0.0088348388671875 -0.0186805725097656 0.08807373046875 -0.26995849609375
-0.015106201171875 -0.0235099792480469 -0.0471649169921875 0.197952270507813
-0.00761985778808594 -0.00125694274902344 -0.235809326171875 0.00024414062500003
-0.00106048583984375 0.0377578735351563 -0.264007568359375 -0.390716552734375
0.033660888671875 0.0170001983642578 0.0994873046875001 -0.63250732421875
0.0369224548339844 0.0151786804199219 0.6580810546875 -0.2647705078125
0.0491218566894531 0.023651123046875 0.71893310546875 0.36083984375
0.0524520874023437 0.0719833374023437 0.22430419921875 0.43951416015625
0.0361480712890625 0.104721069335938 0.0277538299560547 -0.0113563537597656
0.0833511352539063 0.0558547973632813 -0.33709716796875 -0.426666259765625
0.0815048217773437 -0.0130767822265625 -0.82196044921875 -0.12347412109375
0.0388717651367188 -0.0174064636230469 -0.538299560546875 0.5469970703125
0.00205230712890625 0.0187511444091797 0.13604736328125 0.5914306640625
-0.0279674530029297 0.0317287445068359 0.388641357421875 0.24945068359375
-0.0254497528076172 0.00540542602539063 0.285919189453125 -0.11932373046875
-0.00684452056884766 -0.015833854675293 0.0810394287109375 -0.279022216796875
-0.00683784484863282 -0.0230083465576172 -0.0529327392578125 0.18963623046875
0.00580120086669922 -0.00776147842407227 -0.230300903320313 -0.036285400390625
0.00580596923828125 0.0166091918945312 -0.209075927734375 -0.443267822265625
0.02593994140625 0.00224685668945313 0.21124267578125 -0.61395263671875
0.0187911987304688 0.0126552581787109 0.71136474609375 -0.125732421875
0.0274257659912109 0.0289630889892578 0.65106201171875 0.49725341796875
0.0303535461425781 0.0664901733398438 0.158233642578125 0.441253662109375
0.0226974487304688 0.0829620361328125 0.0132560729980469 -0.0611000061035156
0.0656661987304688 0.0395278930664062 -0.407470703125 -0.396484375
0.0541839599609375 -0.0213775634765625 -0.82891845703125 0.0144042968750002
0.0183792114257813 -0.0246944427490234 -0.4273681640625 0.6136474609375
-0.00250887870788574 0.000551223754882813 0.221832275390625 0.532470703125
-0.0178337097167969 0.0145549774169922 0.412139892578125 0.164520263671875
-0.0150680541992188 0.00391006469726563 0.2767333984375 -0.165420532226563
-0.00357246398925781 -0.0113010406494141 0.069854736328125 -0.282867431640625
0.0012359619140625 -0.0237903594970703 -0.0583648681640625 0.187210083007813
0.0201778411865234 -0.0162010192871094 -0.227554321289062 -0.0577850341796875
0.0134210586547852 -0.00603771209716797 -0.165008544921875 -0.472991943359375
0.0172977447509766 -0.0133266448974609 0.290283203125 -0.5865478515625
-0.00887870788574219 0.00652313232421875 0.73907470703125 -0.019775390625
-0.00237083435058593 0.0201301574707031 0.58746337890625 0.58636474609375
0.00868988037109375 0.0375289916992187 0.11322021484375 0.4346923828125
0.008453369140625 0.0434799194335938 0.00429534912109376 -0.0982666015625
0.0338001251220703 0.0211200714111328 -0.45220947265625 -0.373046875
0.0184726715087891 -0.0200271606445313 -0.8179931640625 0.1064453125
-0.00690269470214844 -0.0261955261230469 -0.34576416015625 0.64984130859375
-0.00954532623291015 -0.0174083709716797 0.27288818359375 0.49005126953125
-0.00657176971435547 -0.00321531295776367 0.418182373046875 0.107269287109375
-0.00203430652618408 0.000366330146789551 0.263381958007812 -0.193649291992187
0.00151586532592773 -0.0073394775390625 0.058135986328125 -0.2847900390625
0.00896072387695312 -0.0212211608886719 -0.062591552734375 0.186874389648438
0.03546142578125 -0.0237846374511719 -0.227981567382813 -0.067352294921875
0.0242176055908203 -0.0272846221923828 -0.15142822265625 -0.47705078125
0.00464439392089844 -0.0261135101318359 0.324462890625 -0.56744384765625
-0.0406455993652344 -0.00313949584960937 0.749755859375 0.02215576171875
-0.0351142883300781 -0.00721549987792969 0.565185546875 0.613525390625
-0.00599098205566407 -0.00893115997314453 0.096588134765625 0.42401123046875
-0.00425815582275391 -0.00925159454345703 0.00410461425781251 -0.116325378417969
-0.00461959838867188 5.38825988769524E-05 -0.4676513671875 -0.363616943359375
-0.0191764831542969 -0.0113391876220703 -0.80615234375 0.14453125
-0.0308990478515625 -0.0194053649902344 -0.309326171875 0.66607666015625
-0.0190639495849609 -0.0293064117431641 0.293487548828125 0.47772216796875
0.00236701965332031 -0.0220985412597656 0.4122314453125 0.087646484375
0.0130319595336914 -0.00502490997314453 0.2493896484375 -0.204193115234375
0.00916767120361328 -0.00474834442138672 0.0487060546875 -0.28369140625
0.0137062072753906 -0.0196189880371094 -0.06658935546875 0.190292358398438
0.046783447265625 -0.0293121337890625 -0.235153198242188 -0.0550079345703125
0.0319328308105469 -0.0431175231933594 -0.1724853515625 -0.464324951171875
-0.00617790222167969 -0.0345916748046875 0.3001708984375 -0.579833984375
-0.0709152221679688 -0.0118179321289063 0.75244140625 -0.01123046875
-0.0690383911132812 -0.034454345703125 0.58966064453125 0.5888671875
-0.0211677551269531 -0.061676025390625 0.112945556640625 0.42449951171875
-0.0160903930664062 -0.0665931701660156 0.01141357421875 -0.111770629882812
-0.04205322265625 -0.0238533020019531 -0.44781494140625 -0.37628173828125
-0.0550308227539063 -0.00307083129882813 -0.802734375 0.11566162109375
-0.054168701171875 -0.00899505615234375 -0.32562255859375 0.66424560546875
-0.0273017883300781 -0.0365943908691406 0.281585693359375 0.50238037109375
0.0109100341796875 -0.03851318359375 0.401519775390625 0.111053466796875
0.0252170562744141 -0.0122604370117188 0.241500854492188 -0.195220947265625
0.0149631500244141 -0.00451946258544922 0.04205322265625 -0.28289794921875
0.0134944915771484 -0.0185317993164063 -0.06756591796875 0.199111938476563
0.0531539916992188 -0.0331535339355469 -0.249420166015625 -0.0237274169921875
0.0361099243164063 -0.0514183044433594 -0.222015380859375 -0.42596435546875
-0.0138626098632812 -0.0376396179199219 0.22637939453125 -0.59783935546875
-0.0953292846679688 -0.010955810546875 0.73663330078125 -0.1146240234375
-0.104759216308594 -0.0510482788085937 0.65423583984375 0.50201416015625
-0.0407333374023438 -0.104629516601562 0.15948486328125 0.423492431640625
-0.0212478637695313 -0.118942260742188 0.0274429321289062 -0.0853652954101563
-0.0682296752929687 -0.0530319213867188 -0.39794921875 -0.406158447265625
-0.084930419921875 -0.00264739990234374 -0.8017578125 0.03118896484375
-0.0741424560546875 0.00180816650390626 -0.39361572265625 0.636962890625
-0.0338096618652344 -0.03564453125 0.235076904296875 0.55670166015625
0.0154762268066406 -0.0490684509277344 0.387603759765625 0.17236328125
0.0328941345214844 -0.0179405212402344 0.239334106445313 -0.1668701171875
0.0200176239013672 -0.00575637817382813 0.04132080078125 -0.280593872070313
-0.0254840850830078 -0.0270919799804688 -0.03985595703125 0.21484375
-0.0217933654785156 -0.00235366821289062 -0.244415283203125 0.0918579101562499
-0.00594329833984374 0.0602226257324219 -0.358001708984375 -0.23895263671875
0.0379791259765625 0.0408248901367188 -0.1259765625 -0.594970703125
0.0456733703613281 0.0249404907226563 0.484649658203125 -0.502532958984375
0.0513458251953125 -0.000732421875 0.7947998046875 0.04644775390625
0.0714874267578125 0.0308074951171875 0.373626708984375 0.393280029296875
0.05126953125 0.0864486694335937 0.066650390625 0.0886154174804687
0.0804595947265625 0.0591201782226563 -0.171539306640625 -0.459442138671875
0.0931854248046875 0.00737762451171875 -0.72186279296875 -0.42498779296875
0.0492591857910156 0.00278854370117188 -0.74005126953125 0.3223876953125
0.000999450683593749 0.0460166931152344 -0.0913085937500001 0.664794921875
-0.035736083984375 0.0567550659179688 0.28875732421875 0.4278564453125
-0.0317554473876953 0.0117607116699219 0.279495239257812 -0.0128936767578125
-0.0084381103515625 -0.0205287933349609 0.089874267578125 -0.261947631835938
-0.0217571258544922 -0.0245761871337891 -0.0424346923828125 0.206756591796875
-0.0170059204101563 0.000384330749511722 -0.2410888671875 0.0467376708984375
-0.00419616699218749 0.05377197265625 -0.317962646484375 -0.31982421875
0.0361099243164063 0.0302162170410156 -0.0203247070312499 -0.6295166015625
0.0460205078125 0.0187606811523438 0.5765380859375 -0.39996337890625
0.0578498840332031 0.00986480712890625 0.7725830078125 0.20001220703125
0.0686759948730469 0.0565757751464844 0.30194091796875 0.42315673828125
0.0458602905273438 0.105171203613281 0.0468635559082031 0.0412750244140625
0.0881423950195312 0.0639266967773437 -0.25628662109375 -0.44952392578125
0.0953216552734375 -0.0014190673828125 -0.78912353515625 -0.27557373046875
0.0507736206054688 -0.00687026977539063 -0.65093994140625 0.4512939453125
0.00342941284179688 0.0355186462402344 0.02703857421875 0.6417236328125
-0.0341224670410156 0.0469436645507812 0.34918212890625 0.34344482421875
-0.0316276550292969 0.00819015502929688 0.287139892578125 -0.0670166015625
-0.00842857360839844 -0.0189113616943359 0.0859832763671875 -0.272262573242188
-0.0157737731933594 -0.0229682922363281 -0.046630859375 0.198776245117188
-0.00754499435424805 -0.00196266174316406 -0.236892700195313 0.00163269042968754
-0.000919342041015622 0.0380935668945313 -0.265411376953125 -0.39141845703125
0.0324001312255859 0.0169887542724609 0.09765625 -0.63824462890625
0.0371170043945313 0.0154304504394531 0.6605224609375 -0.26751708984375
0.0498275756835938 0.0235557556152344 0.72149658203125 0.35992431640625
0.052581787109375 0.0715179443359375 0.225494384765625 0.441375732421875
0.0361785888671875 0.105049133300781 0.0280475616455078 -0.0115604400634766
0.084991455078125 0.055511474609375 -0.339447021484375 -0.427093505859375
0.0827255249023438 -0.0134506225585937 -0.825439453125 -0.11944580078125
0.0396270751953125 -0.0173416137695313 -0.538055419921875 0.5545654296875
0.00178718566894531 0.0195827484130859 0.139892578125 0.5933837890625
-0.0272102355957031 0.0319786071777344 0.393341064453125 0.249237060546875
-0.0255126953125 0.00570297241210938 0.286407470703125 -0.1214599609375
-0.00687503814697266 -0.0152492523193359 0.079925537109375 -0.281463623046875
-0.00722312927246094 -0.0228462219238281 -0.0518951416015625 0.192245483398438
0.00565385818481445 -0.00724220275878906 -0.231002807617187 -0.0346832275390625
0.00592231750488281 0.0165901184082031 -0.2109375 -0.4442138671875
0.0262832641601563 0.00152778625488281 0.210205078125 -0.61895751953125
0.0179042816162109 0.0134506225585938 0.714599609375 -0.12957763671875
0.0276775360107422 0.0295352935791016 0.65496826171875 0.4971923828125
0.0305747985839844 0.0662307739257813 0.15802001953125 0.44244384765625
0.0226287841796875 0.0836257934570313 0.0125923156738281 -0.0614891052246094
0.0662345886230469 0.0389900207519531 -0.41094970703125 -0.396392822265625
0.0551719665527344 -0.0212783813476562 -0.83355712890625 0.0180664062500002
0.0184535980224609 -0.0248813629150391 -0.428466796875 0.6197509765625
-0.00359916687011719 0.000878810882568359 0.2261962890625 0.535400390625
-0.0172958374023438 0.0149269104003906 0.418304443359375 0.163818359375
-0.0147409439086914 0.0033884048461914 0.276580810546875 -0.165557861328125
-0.00315093994140625 -0.0109825134277344 0.06854248046875 -0.28515625
-0.000106811523437498 -0.0237274169921875 -0.058197021484375 0.187698364257813
0.0202617645263672 -0.0162162780761719 -0.22784423828125 -0.057464599609375
0.014674186706543 -0.00622272491455078 -0.16900634765625 -0.473175048828125
0.016880989074707 -0.0135965347290039 0.2899169921875 -0.591064453125
-0.00932693481445313 0.00629520416259766 0.74224853515625 -0.022216796875
-0.00129890441894531 0.0192432403564453 0.59161376953125 0.585693359375
0.00871658325195312 0.0370216369628906 0.112457275390625 0.435638427734375
0.00809478759765624 0.0443115234375 0.00468444824218749 -0.099365234375
0.0346660614013672 0.0211238861083984 -0.455474853515625 -0.372161865234375
0.0186309814453125 -0.0200138092041016 -0.82208251953125 0.1114501953125
-0.0063934326171875 -0.0260524749755859 -0.34716796875 0.65625
-0.0106649398803711 -0.0165691375732422 0.277587890625 0.491455078125
-0.00586605072021484 -0.00384759902954102 0.42108154296875 0.10693359375
-0.00121760368347168 -0.000368237495422364 0.26324462890625 -0.19549560546875
0.00183868408203125 -0.00689125061035156 0.05755615234375 -0.286376953125
0.00795745849609375 -0.02178955078125 -0.062530517578125 0.1881103515625
0.0347270965576172 -0.0243701934814453 -0.22906494140625 -0.0660552978515625
0.0236225128173828 -0.0273551940917969 -0.154815673828125 -0.4796142578125
0.00477790832519531 -0.0253353118896484 0.32501220703125 -0.57305908203125
-0.0405960083007812 -0.00165939331054688 0.75396728515625 0.01947021484375
-0.0346221923828125 -0.00690650939941406 0.5687255859375 0.61376953125
-0.0065150260925293 -0.00843524932861328 0.09765625 0.426910400390625
-0.00475168228149414 -0.00841379165649414 0.0042724609375 -0.116668701171875
-0.00438427925109863 0.000593900680541992 -0.469207763671875 -0.364654541015625
-0.018798828125 -0.0118026733398437 -0.80987548828125 0.14935302734375
-0.0316543579101562 -0.0197372436523438 -0.30828857421875 0.673095703125
-0.019683837890625 -0.0289840698242188 0.2984619140625 0.48016357421875
0.00287818908691406 -0.0226173400878906 0.414031982421875 0.086090087890625
0.0126953125 -0.00517082214355469 0.249923706054688 -0.205673217773438
0.00919342041015625 -0.0049896240234375 0.046844482421875 -0.28558349609375
0.0124378204345703 -0.0191154479980469 -0.0657806396484375 0.191543579101563
0.0466461181640625 -0.0304450988769531 -0.2369384765625 -0.0543212890625
0.0316047668457031 -0.042877197265625 -0.17529296875 -0.466705322265625
-0.00640487670898438 -0.0347003936767578 0.30010986328125 -0.581787109375
-0.0715179443359375 -0.0108871459960938 0.7579345703125 -0.0130615234375
-0.06951904296875 -0.0351066589355469 0.59515380859375 0.58892822265625
-0.0217933654785156 -0.0616035461425781 0.11322021484375 0.425628662109375
-0.0165214538574219 -0.0666656494140625 0.0118255615234375 -0.112335205078125
-0.0412673950195313 -0.0233192443847656 -0.4503173828125 -0.376708984375
-0.0551528930664063 -0.00362014770507812 -0.8074951171875 0.11962890625
-0.0546836853027344 -0.00884628295898437 -0.32568359375 0.66949462890625
-0.0283164978027344 -0.0362167358398438 0.285675048828125 0.503204345703125
0.0108222961425781 -0.0391693115234375 0.40435791015625 0.10894775390625
0.0248603820800781 -0.01153564453125 0.241851806640625 -0.197555541992188
0.0152263641357422 -0.00510597229003906 0.04107666015625 -0.2845458984375
0.0128383636474609 -0.0179786682128906 -0.066680908203125 0.200302124023438
0.052276611328125 -0.0333442687988281 -0.249237060546875 -0.0233917236328125
0.0363006591796875 -0.0514335632324219 -0.224700927734375 -0.4285888671875
-0.0141258239746094 -0.0376930236816406 0.2254638671875 -0.6015625
-0.0967864990234375 -0.00949859619140623 0.74066162109375 -0.1158447265625
-0.105506896972656 -0.051300048828125 0.6610107421875 0.50189208984375
-0.0413589477539063 -0.104804992675781 0.16046142578125 0.425323486328125
-0.02117919921875 -0.118202209472656 0.0272979736328125 -0.0855712890625
-0.0685157775878906 -0.0528297424316406 -0.399688720703125 -0.406982421875
-0.0858001708984375 -0.00238037109374998 -0.8046875 0.0328369140625
-0.0753097534179687 0.00243377685546877 -0.3931884765625 0.6419677734375
-0.0345878601074219 -0.0352745056152344 0.239776611328125 0.557525634765625
0.0157203674316406 -0.0498237609863281 0.39105224609375 0.1705322265625
0.0328559875488281 -0.0186958312988281 0.239486694335938 -0.169692993164063
0.0201911926269531 -0.00601387023925781 0.039581298828125 -0.282745361328125
-0.0257949829101563 -0.0261306762695313 -0.03875732421875 0.21533203125
-0.0219631195068359 -0.00290679931640625 -0.24627685546875 0.09381103515625
-0.00444412231445312 0.0608634948730469 -0.36126708984375 -0.2381591796875
0.0376625061035156 0.0416450500488281 -0.12994384765625 -0.5985107421875
0.0457382202148437 0.024932861328125 0.48541259765625 -0.506744384765625
0.051300048828125 -0.0013885498046875 0.79840087890625 0.039794921875
0.0726089477539063 0.03131103515625 0.3760986328125 0.3934326171875
0.0517730712890625 0.08642578125 0.0675125122070313 0.088714599609375
0.0807342529296875 0.0592193603515625 -0.172943115234375 -0.459716796875
0.0945587158203125 0.00632476806640625 -0.7257080078125 -0.4229736328125
0.0496025085449219 0.00246047973632813 -0.742919921875 0.32806396484375
0.001434326171875 0.04669189453125 -0.088623046875 0.67047119140625
-0.0350990295410156 0.0582084655761719 0.295196533203125 0.4296875
-0.0311374664306641 0.0117092132568359 0.280624389648437 -0.0136260986328125
-0.00887870788574219 -0.0197563171386719 0.0886993408203125 -0.264373779296875
-0.0230369567871094 -0.0245380401611328 -0.0413055419921875 0.2081298828125
-0.0175876617431641 2.09808349609392E-05 -0.241989135742188 0.0480804443359375
-0.00260543823242188 0.054840087890625 -0.321044921875 -0.3182373046875
0.0368728637695313 0.03057861328125 -0.02520751953125 -0.63232421875
0.0458755493164063 0.0187492370605469 0.5792236328125 -0.40533447265625
0.0581626892089844 0.00943374633789063 0.77630615234375 0.19677734375
0.0691261291503906 0.0569953918457031 0.303558349609375 0.424774169921875
0.0465927124023438 0.105850219726563 0.0475234985351563 0.04132080078125
0.0888519287109375 0.0634231567382813 -0.258087158203125 -0.44854736328125
0.0969085693359375 -0.00331878662109375 -0.79388427734375 -0.27337646484375
0.0509796142578125 -0.00731277465820313 -0.65313720703125 0.45880126953125
0.00376510620117188 0.0357627868652344 0.0322265625 0.646484375
-0.0329246520996094 0.0480384826660156 0.35357666015625 0.343017578125
-0.0311927795410156 0.00867462158203126 0.2890625 -0.068206787109375
-0.00968551635742188 -0.0187435150146484 0.085662841796875 -0.274581909179688
-0.0170402526855469 -0.0235347747802734 -0.0465850830078125 0.20025634765625
-0.00732040405273438 -0.00207233428955078 -0.238449096679688 0.00373840332031253
0.000179290771484379 0.0389404296875 -0.26904296875 -0.391265869140625
0.0326728820800781 0.0165615081787109 0.0953369140625 -0.6419677734375
0.0376510620117188 0.0158805847167969 0.661376953125 -0.271240234375
0.0501937866210938 0.0231666564941406 0.72723388671875 0.357177734375
0.0528564453125 0.0723724365234375 0.225860595703125 0.44232177734375
0.0359649658203125 0.106231689453125 0.0286235809326172 -0.0112705230712891
0.0848617553710938 0.055328369140625 -0.342315673828125 -0.42681884765625
0.083099365234375 -0.0146865844726563 -0.8319091796875 -0.1163330078125
0.0391921997070313 -0.0177421569824219 -0.539398193359375 0.559112548828125
0.00206375122070313 0.019317626953125 0.14422607421875 0.5965576171875
-0.0270595550537109 0.0328216552734375 0.397308349609375 0.247802734375
-0.0251407623291016 0.00600814819335938 0.28717041015625 -0.123504638671875
-0.00745010375976562 -0.0147943496704102 0.078948974609375 -0.28302001953125
-0.00900650024414063 -0.0227413177490234 -0.0517120361328125 0.193389892578125
0.00509929656982422 -0.00726318359375 -0.233016967773438 -0.0337066650390625
0.00654125213623047 0.0172967910766602 -0.212921142578125 -0.44451904296875
0.0259456634521484 0.0016326904296875 0.2093505859375 -0.62353515625
0.018463134765625 0.0137596130371094 0.71844482421875 -0.13214111328125
0.0284843444824219 0.0295982360839844 0.660400390625 0.49786376953125
0.0303001403808594 0.0666160583496094 0.15966796875 0.444549560546875
0.0231475830078125 0.0843505859375 0.0130081176757812 -0.0611038208007813
0.0668144226074219 0.0391387939453125 -0.41448974609375 -0.396942138671875
0.0562629699707031 -0.0227317810058594 -0.8370361328125 0.0233764648437498
0.0189628601074219 -0.0251331329345703 -0.42913818359375 0.62799072265625
-0.00338888168334961 0.000342130661010742 0.2318115234375 0.537261962890625
-0.0175580978393555 0.0154199600219727 0.42071533203125 0.16241455078125
-0.0145931243896484 0.00361537933349609 0.277420043945313 -0.168594360351563
-0.00318527221679688 -0.0107078552246094 0.06719970703125 -0.2867431640625
-0.00101852416992187 -0.0228462219238281 -0.058135986328125 0.1883544921875
0.0208320617675781 -0.0173225402832031 -0.229293823242188 -0.055877685546875
0.0148792266845703 -0.00538825988769531 -0.17291259765625 -0.475006103515625
0.0169239044189453 -0.0131540298461914 0.28955078125 -0.59576416015625
-0.0093221664428711 0.00763320922851562 0.74725341796875 -0.023193359375
-0.00193405151367187 0.0197257995605469 0.59716796875 0.5860595703125
0.008453369140625 0.0384407043457031 0.1148681640625 0.436981201171875
0.00806808471679687 0.0449447631835938 0.00412750244140625 -0.099029541015625
0.0345897674560547 0.0200939178466797 -0.45904541015625 -0.37127685546875
0.0203857421875 -0.0206966400146484 -0.8255615234375 0.1162109375
-0.00656509399414062 -0.0259761810302734 -0.34283447265625 0.66326904296875
-0.0112066268920898 -0.0165205001831055 0.281951904296875 0.492462158203125
-0.00614213943481445 -0.00326681137084961 0.424102783203125 0.104705810546875
-0.000456422567367554 0.000209271907806396 0.261764526367188 -0.19866943359375
0.00195741653442383 -0.00752735137939453 0.05645751953125 -0.28826904296875
0.00845909118652344 -0.0215263366699219 -0.0620269775390625 0.188674926757812
0.0351676940917969 -0.0241241455078125 -0.230255126953125 -0.065032958984375
0.0238380432128906 -0.02801513671875 -0.1573486328125 -0.479644775390625
0.00482368469238281 -0.0256919860839844 0.32403564453125 -0.57904052734375
-0.0409202575683594 -0.000492095947265625 0.75738525390625 0.01702880859375
-0.0352897644042969 -0.00665664672851562 0.57366943359375 0.6148681640625
-0.00634860992431641 -0.00905513763427734 0.0997314453125 0.42950439453125
-0.00555610656738281 -0.00863504409790039 0.00432586669921874 -0.116172790527344
-0.0038454532623291 -0.000303745269775391 -0.471832275390625 -0.363372802734375
-0.0183887481689453 -0.0125236511230469 -0.81549072265625 0.15399169921875
-0.0312728881835938 -0.0188751220703125 -0.30670166015625 0.677978515625
-0.0200576782226562 -0.0288658142089844 0.30242919921875 0.480438232421875
0.00276756286621094 -0.0222587585449219 0.418365478515625 0.084503173828125
0.0128183364868164 -0.00513553619384766 0.25018310546875 -0.208587646484375
0.00941371917724609 -0.005035400390625 0.04498291015625 -0.28717041015625
0.0119171142578125 -0.01898193359375 -0.065765380859375 0.193313598632812
0.0468177795410156 -0.0306625366210938 -0.238128662109375 -0.0528564453125
0.0318603515625 -0.0434837341308594 -0.17852783203125 -0.468505859375
-0.00702285766601562 -0.0351276397705078 0.2991943359375 -0.58782958984375
-0.0721588134765625 -0.00981140136718749 0.76312255859375 -0.016845703125
-0.0694007873535156 -0.0340576171875 0.6002197265625 0.5892333984375
-0.0223007202148438 -0.0621299743652344 0.114715576171875 0.42718505859375
-0.015899658203125 -0.0654258728027344 0.0117645263671875 -0.112434387207031
-0.0416450500488281 -0.0237846374511719 -0.45355224609375 -0.377349853515625
-0.05548095703125 -0.00376892089843751 -0.8106689453125 0.126953125
-0.0544357299804688 -0.00898361206054688 -0.32403564453125 0.675048828125
-0.0287132263183594 -0.035736083984375 0.291259765625 0.50714111328125
0.0107078552246094 -0.0384559631347656 0.40802001953125 0.10723876953125
0.025604248046875 -0.013092041015625 0.241470336914063 -0.199996948242188
0.0153884887695313 -0.00467014312744141 0.0394287109375 -0.286285400390625
0.0130977630615234 -0.0190811157226563 -0.0660552978515625 0.201934814453125
0.0523223876953125 -0.0339393615722656 -0.250869750976563 -0.0223388671875
0.0362396240234375 -0.05126953125 -0.227508544921875 -0.4298095703125
-0.0150184631347656 -0.0375251770019531 0.2236328125 -0.60693359375
-0.0973358154296875 -0.00849914550781249 0.7440185546875 -0.119140625
-0.105064392089844 -0.0514450073242188 0.6656494140625 0.49932861328125
-0.0424957275390625 -0.104927062988281 0.162078857421875 0.42816162109375
-0.0226821899414063 -0.118972778320313 0.0277175903320312 -0.08551025390625
-0.0695991516113281 -0.0526046752929687 -0.40277099609375 -0.40838623046875
-0.0857696533203125 -0.00298309326171876 -0.8104248046875 0.03668212890625
-0.074859619140625 0.002899169921875 -0.39251708984375 0.64739990234375
-0.0350761413574219 -0.0354423522949219 0.24481201171875 0.560302734375
0.0158042907714844 -0.0500717163085938 0.39190673828125 0.169769287109375
0.0334663391113281 -0.0190963745117188 0.238922119140625 -0.17083740234375
0.0200309753417969 -0.00649070739746094 0.03851318359375 -0.2838134765625
-0.0270767211914063 -0.0261859893798828 -0.038330078125 0.21728515625
-0.0224571228027344 -0.00278282165527344 -0.246490478515625 0.0962524414062501
-0.00410842895507812 0.061309814453125 -0.363800048828125 -0.237030029296875
0.0374717712402344 0.0406723022460938 -0.13446044921875 -0.60137939453125
0.0462188720703125 0.0252265930175781 0.48443603515625 -0.513824462890625
0.0516815185546875 -0.00144577026367188 0.80194091796875 0.0369873046875
0.0733108520507812 0.0305709838867187 0.38031005859375 0.393585205078125
0.0522232055664062 0.0871047973632812 0.068878173828125 0.0893783569335938
0.0814285278320313 0.0590133666992188 -0.17572021484375 -0.460479736328125
0.0954742431640625 0.0054473876953125 -0.73291015625 -0.42108154296875
0.0500030517578125 0.002471923828125 -0.7449951171875 0.33551025390625
0.000816345214843752 0.0467109680175781 -0.0830078124999999 0.6751708984375
-0.0345077514648438 0.0585594177246094 0.2989501953125 0.430816650390625
-0.0317325592041016 0.0116786956787109 0.28167724609375 -0.015869140625
-0.00866508483886719 -0.0205345153808594 0.0868072509765625 -0.266708374023438
-0.0233974456787109 -0.0241851806640625 -0.0407562255859375 0.209976196289063
-0.0177326202392578 0.00024223327636719 -0.243133544921875 0.0504302978515625
-0.002593994140625 0.0548019409179688 -0.3255615234375 -0.31817626953125
0.0369873046875 0.030670166015625 -0.03021240234375 -0.63653564453125
0.0475654602050781 0.0192832946777344 0.5794677734375 -0.41064453125
0.0593376159667969 0.00960922241210938 0.780517578125 0.192626953125
0.0692100524902344 0.0565071105957031 0.306915283203125 0.424530029296875
0.047027587890625 0.106307983398438 0.0483779907226563 0.0418014526367188
0.08892822265625 0.0626678466796875 -0.259765625 -0.449554443359375
0.0982894897460938 -0.004302978515625 -0.798828125 -0.2703857421875
0.0508613586425781 -0.00718307495117188 -0.6536865234375 0.46441650390625
0.00345611572265625 0.0364456176757813 0.03680419921875 0.649658203125
-0.0327835083007813 0.0481300354003906 0.358673095703125 0.34295654296875
-0.0311279296875 0.00911140441894531 0.289306640625 -0.071044921875
-0.00895881652832031 -0.01776123046875 0.0844573974609375 -0.276840209960938
-0.0174560546875 -0.0231952667236328 -0.045013427734375 0.201400756835938
-0.00801753997802734 -0.00175285339355469 -0.239212036132812 0.00553894042968751
0.000473022460937501 0.0392608642578125 -0.271484375 -0.392303466796875
0.0328483581542969 0.0163116455078125 0.09271240234375 -0.64447021484375
0.0375213623046875 0.015716552734375 0.6634521484375 -0.27618408203125
0.0509147644042969 0.0235633850097656 0.7314453125 0.3558349609375
0.0532989501953125 0.0720138549804688 0.228179931640625 0.443756103515625
0.0367813110351563 0.10601806640625 0.028289794921875 -0.0108890533447266
0.0857315063476563 0.0545654296875 -0.345611572265625 -0.4259033203125
0.0836715698242188 -0.0158920288085938 -0.83563232421875 -0.11224365234375
0.0395355224609375 -0.0177154541015625 -0.540283203125 0.56689453125
0.00191116333007812 0.01947021484375 0.150146484375 0.59796142578125
-0.0270118713378906 0.0329647064208984 0.4013671875 0.247589111328125
-0.0248813629150391 0.00603294372558594 0.28802490234375 -0.125457763671875
-0.00745391845703125 -0.0150594711303711 0.07733154296875 -0.285736083984375
-0.00915908813476563 -0.0230388641357422 -0.051239013671875 0.194854736328125
0.00545024871826172 -0.00769186019897461 -0.23443603515625 -0.031768798828125
0.00701141357421875 0.0178127288818359 -0.217132568359375 -0.44586181640625
0.0262031555175781 0.00208663940429688 0.20556640625 -0.6280517578125
0.0181865692138672 0.0139579772949219 0.72076416015625 -0.136474609375
0.0288505554199219 0.0295562744140625 0.66522216796875 0.49481201171875
0.0304908752441406 0.0669212341308594 0.16168212890625 0.445770263671875
0.023223876953125 0.0849227905273438 0.0125656127929688 -0.0611381530761719
0.0666847229003906 0.0384330749511719 -0.415496826171875 -0.39501953125
0.0559234619140625 -0.0236434936523438 -0.8414306640625 0.0269775390625
0.0190238952636719 -0.0250358581542969 -0.42584228515625 0.63531494140625
-0.00356888771057129 0.00134611129760742 0.2369384765625 0.5400390625
-0.0168581008911133 0.0162181854248047 0.424285888671875 0.162109375
-0.0138692855834961 0.00315284729003907 0.276535034179688 -0.171722412109375
-0.003570556640625 -0.010859489440918 0.06610107421875 -0.28948974609375
-0.00270462036132813 -0.0240154266357422 -0.056304931640625 0.191818237304688
0.0202999114990234 -0.0171241760253906 -0.229751586914062 -0.0541534423828125
0.0158109664916992 -0.00498676300048828 -0.174560546875 -0.477020263671875
0.0162391662597656 -0.0135746002197266 0.28741455078125 -0.60137939453125
-0.0092325210571289 0.00842571258544922 0.7510986328125 -0.02850341796875
-0.001373291015625 0.0197887420654297 0.6031494140625 0.5869140625
0.00934982299804688 0.0375442504882813 0.11395263671875 0.43853759765625
0.00807571411132813 0.0454902648925781 0.00369262695312499 -0.0987014770507812
0.0356369018554688 0.0205078125 -0.462860107421875 -0.36968994140625
0.0198116302490234 -0.0207843780517578 -0.829345703125 0.12109375
-0.00638961791992187 -0.0261306762695312 -0.34295654296875 0.66986083984375
-0.0112037658691406 -0.0162010192871094 0.288543701171875 0.493743896484375
-0.00631856918334961 -0.00270366668701172 0.427520751953125 0.10272216796875
-0.00072711706161499 9.69767570495605E-05 0.262176513671875 -0.200469970703125
0.0017085075378418 -0.00760698318481445 0.0540771484375 -0.291534423828125
0.00708580017089844 -0.0219612121582031 -0.0618438720703125 0.190643310546875
0.0359573364257813 -0.0244178771972656 -0.231170654296875 -0.063262939453125
0.0241012573242188 -0.0280132293701172 -0.1607666015625 -0.4830322265625
0.00410842895507812 -0.0260219573974609 0.3223876953125 -0.58404541015625
-0.0410423278808594 0.000221252441406256 0.7620849609375 0.01422119140625
-0.0355033874511719 -0.00649642944335937 0.58013916015625 0.6143798828125
-0.00647258758544922 -0.00885009765625 0.10040283203125 0.430267333984375
-0.00560665130615234 -0.00824594497680664 0.00346374511718749 -0.1165771484375
-0.0040137767791748 5.98430633544931E-05 -0.4752197265625 -0.363067626953125
-0.0181789398193359 -0.012786865234375 -0.81744384765625 0.159912109375
-0.0313987731933594 -0.0191211700439453 -0.3040771484375 0.68524169921875
-0.0205955505371094 -0.0283355712890625 0.3077392578125 0.484039306640625
0.00297355651855469 -0.0225372314453125 0.420166015625 0.08258056640625
0.0132246017456055 -0.00591087341308594 0.248580932617187 -0.21148681640625
0.0100231170654297 -0.00516033172607422 0.042633056640625 -0.289459228515625
0.0115089416503906 -0.0192070007324219 -0.0646820068359375 0.195419311523438
0.0466804504394531 -0.0310783386230469 -0.239761352539063 -0.051239013671875
0.0317573547363281 -0.0443496704101563 -0.18109130859375 -0.470001220703125
-0.00786209106445313 -0.035064697265625 0.29693603515625 -0.5936279296875
-0.0728530883789063 -0.00885009765624999 0.7666015625 -0.02032470703125
-0.0700950622558594 -0.0342445373535156 0.60662841796875 0.58868408203125
-0.0226097106933594 -0.0617408752441406 0.11663818359375 0.429534912109375
-0.0172119140625 -0.0655632019042969 0.0115509033203125 -0.112991333007813
-0.0417709350585938 -0.0230827331542969 -0.455810546875 -0.37548828125
-0.0554161071777344 -0.00375747680664062 -0.81396484375 0.13092041015625
-0.054779052734375 -0.00738143920898438 -0.32147216796875 0.682373046875
-0.029083251953125 -0.0359306335449219 0.297393798828125 0.50689697265625
0.0102996826171875 -0.0394020080566406 0.411224365234375 0.10736083984375
0.0256576538085938 -0.0128345489501953 0.240493774414063 -0.202224731445313
0.0161943435668945 -0.00477790832519531 0.03741455078125 -0.288818359375
0.0123176574707031 -0.01806640625 -0.0650482177734375 0.203323364257813
0.0520172119140625 -0.0344200134277344 -0.251953125 -0.0201873779296875
0.0365982055664063 -0.052215576171875 -0.230743408203125 -0.43109130859375
-0.0155067443847656 -0.0372085571289062 0.2225341796875 -0.61260986328125
-0.0979537963867188 -0.0072174072265625 0.7490234375 -0.12335205078125
-0.106101989746094 -0.0511322021484375 0.67156982421875 0.49810791015625
-0.0430374145507812 -0.104804992675781 0.163970947265625 0.4293212890625
-0.0236740112304687 -0.118011474609375 0.0276260375976563 -0.0862197875976563
-0.0696372985839844 -0.0531959533691406 -0.406341552734375 -0.407135009765625
-0.0864334106445312 -0.00228118896484376 -0.81304931640625 0.0424804687500002
-0.0753631591796875 0.00413513183593748 -0.39019775390625 0.65460205078125
-0.0360908508300781 -0.0350341796875 0.251190185546875 0.561767578125
0.0155372619628906 -0.0506210327148438 0.396484375 0.169586181640625
0.0334739685058594 -0.0195903778076172 0.239120483398437 -0.17388916015625
0.0208358764648438 -0.00681304931640625 0.037017822265625 -0.286590576171875
-0.0272998809814453 -0.025177001953125 -0.037017822265625 0.21917724609375
-0.0223712921142578 -0.00265121459960937 -0.246505737304688 0.0993194580078125
-0.00320816040039063 0.0622749328613281 -0.368499755859375 -0.2342529296875
0.0379104614257813 0.0409698486328125 -0.1395263671875 -0.60272216796875
0.0470390319824219 0.0252227783203125 0.4835205078125 -0.519287109375
0.0517921447753906 -0.00218582153320313 0.80303955078125 0.029296875
0.0731964111328125 0.030670166015625 0.3829345703125 0.391387939453125
0.0531234741210938 0.0879592895507812 0.0695571899414062 0.0891189575195313
0.0821151733398438 0.0585479736328125 -0.1800537109375 -0.461700439453125
0.0959548950195313 0.00432586669921875 -0.73785400390625 -0.41693115234375
0.0511054992675781 0.00170516967773438 -0.74749755859375 0.3424072265625
0.00172042846679687 0.0475387573242188 -0.0793457031249999 0.6796875
-0.0344886779785156 0.0586051940917969 0.305206298828125 0.430816650390625
-0.0308933258056641 0.0115451812744141 0.2821044921875 -0.017578125
-0.00925064086914063 -0.0203838348388672 0.0854339599609375 -0.269500732421875
-0.0240554809570313 -0.0233917236328125 -0.039703369140625 0.211196899414063
-0.0182342529296875 0.000278472900390624 -0.244354248046875 0.052947998046875
-0.00214385986328124 0.0550155639648438 -0.327972412109375 -0.317840576171875
0.0368537902832031 0.0303611755371094 -0.032958984375 -0.63873291015625
0.0471420288085938 0.0185661315917969 0.57940673828125 -0.41644287109375
0.0599288940429688 0.00877761840820313 0.7867431640625 0.1861572265625
0.0701522827148438 0.0563850402832031 0.3096923828125 0.4267578125
0.0477218627929688 0.106437683105469 0.0487442016601563 0.0417098999023438
0.08935546875 0.0623779296875 -0.26531982421875 -0.4493408203125
0.098724365234375 -0.0050811767578125 -0.805908203125 -0.26544189453125
0.0516242980957031 -0.00720977783203125 -0.65386962890625 0.472412109375
0.00332260131835938 0.0365409851074219 0.0430297851562501 0.6524658203125
-0.0324630737304688 0.0499839782714844 0.363861083984375 0.343780517578125
-0.0305957794189453 0.00922203063964844 0.29052734375 -0.0723876953125
-0.00945281982421875 -0.0179653167724609 0.0815887451171875 -0.279144287109375
-0.0179481506347656 -0.0232887268066406 -0.0447998046875 0.204071044921875
-0.00772190093994141 -0.0012054443359375 -0.24041748046875 0.00738525390625004
0.00126266479492187 0.0397415161132813 -0.275787353515625 -0.390899658203125
0.0333595275878906 0.0160369873046875 0.0877075195312499 -0.65087890625
0.0381240844726563 0.0166740417480469 0.66693115234375 -0.28338623046875
0.0510330200195312 0.0231437683105469 0.73779296875 0.3509521484375
0.0532302856445313 0.0726699829101563 0.23150634765625 0.444244384765625
0.037078857421875 0.106719970703125 0.0293464660644531 -0.0114173889160156
0.0865402221679687 0.0543975830078125 -0.348358154296875 -0.42633056640625
0.0847625732421875 -0.0165557861328125 -0.84136962890625 -0.105712890625
0.0400466918945312 -0.0186691284179688 -0.5396728515625 0.5743408203125
0.00198173522949219 0.0200691223144531 0.154541015625 0.60223388671875
-0.0264148712158203 0.0340785980224609 0.406951904296875 0.2462158203125
-0.0246200561523438 0.00590324401855468 0.2880859375 -0.128326416015625
-0.00782203674316406 -0.0151405334472656 0.074676513671875 -0.28826904296875
-0.0101299285888672 -0.0225372314453125 -0.0502166748046875 0.195846557617188
0.00439023971557617 -0.0077977180480957 -0.235565185546875 -0.0295867919921875
0.00798988342285156 0.0179653167724609 -0.2208251953125 -0.447723388671875
0.025482177734375 0.00141525268554688 0.20355224609375 -0.63336181640625
0.0183734893798828 0.0147495269775391 0.724365234375 -0.1414794921875
0.0299758911132812 0.0296764373779297 0.671875 0.4915771484375
0.0308074951171875 0.0671234130859375 0.164154052734375 0.4461669921875
0.0236434936523438 0.0855789184570313 0.0129432678222656 -0.0604591369628906
0.0676498413085938 0.0377159118652344 -0.41949462890625 -0.394805908203125
0.0566749572753906 -0.0239448547363281 -0.846923828125 0.0338134765624999
0.0189838409423828 -0.0257530212402344 -0.4241943359375 0.6414794921875
-0.00323963165283203 0.00112485885620117 0.24334716796875 0.542144775390625
-0.0162458419799805 0.0156526565551758 0.428985595703125 0.15875244140625
-0.0142402648925781 0.00311374664306641 0.27667236328125 -0.173873901367188
-0.0032510757446289 -0.010493278503418 0.063079833984375 -0.29180908203125
-0.00287437438964844 -0.02252197265625 -0.056549072265625 0.191879272460938
0.0197219848632813 -0.0174674987792969 -0.231613159179688 -0.0526580810546875
0.015080451965332 -0.00573253631591797 -0.18011474609375 -0.477142333984375
0.0160179138183594 -0.0137977600097656 0.28460693359375 -0.6064453125
-0.00930213928222656 0.00809669494628906 0.7535400390625 -0.03314208984375
-0.000715255737304688 0.0201568603515625 0.61053466796875 0.5850830078125
0.008514404296875 0.036712646484375 0.117401123046875 0.43975830078125
0.008209228515625 0.0455245971679688 0.00320434570312501 -0.0994110107421875
0.0362930297851563 0.019989013671875 -0.4656982421875 -0.3687744140625
0.0201511383056641 -0.0214328765869141 -0.83282470703125 0.12872314453125
-0.0064697265625 -0.0255546569824219 -0.3392333984375 0.67694091796875
-0.011561393737793 -0.0162973403930664 0.293243408203125 0.495086669921875
-0.0064387321472168 -0.00247097015380859 0.430572509765625 0.099334716796875
-0.000319123268127442 -0.000476092100143433 0.262130737304688 -0.20330810546875
0.00214004516601562 -0.00721168518066406 0.051788330078125 -0.293853759765625
0.00635910034179687 -0.0217075347900391 -0.059722900390625 0.191055297851563
0.0348358154296875 -0.0258979797363281 -0.232437133789063 -0.0610809326171875
0.0244407653808594 -0.0280990600585937 -0.1630859375 -0.485321044921875
0.00372886657714844 -0.0256309509277344 0.32080078125 -0.58941650390625
-0.0420570373535156 0.00135421752929688 0.76806640625 0.00909423828125
-0.0348892211914062 -0.00584793090820313 0.58612060546875 0.6138916015625
-0.00677776336669922 -0.00934314727783203 0.10101318359375 0.432220458984375
-0.00602054595947266 -0.00740480422973633 0.0021514892578125 -0.117202758789063
-0.0033116340637207 -0.000604152679443359 -0.479278564453125 -0.36077880859375
-0.0183124542236328 -0.0130844116210937 -0.82073974609375 0.16754150390625
-0.0315761566162109 -0.0183067321777344 -0.3017578125 0.69232177734375
-0.0201568603515625 -0.0284252166748047 0.314971923828125 0.482513427734375
0.00334358215332031 -0.0222873687744141 0.424163818359375 0.07952880859375
0.0135250091552734 -0.00634574890136719 0.248306274414062 -0.214508056640625
0.0103282928466797 -0.00582695007324219 0.040985107421875 -0.291656494140625
0.0104389190673828 -0.0201015472412109 -0.062774658203125 0.19580078125
0.045867919921875 -0.0317649841308594 -0.239791870117188 -0.0502166748046875
0.0318832397460938 -0.0440444946289062 -0.1842041015625 -0.471221923828125
-0.00781822204589844 -0.0351028442382813 0.29473876953125 -0.59918212890625
-0.0737228393554688 -0.00736236572265624 0.772216796875 -0.024658203125
-0.0706787109375 -0.03399658203125 0.6131591796875 0.58782958984375
-0.0227165222167969 -0.0624008178710938 0.118011474609375 0.430511474609375
-0.0177345275878906 -0.0657730102539063 0.0113296508789062 -0.112419128417969
-0.0412979125976562 -0.0241355895996094 -0.460601806640625 -0.375091552734375
-0.05517578125 -0.00357055664062501 -0.817138671875 0.13812255859375
-0.0554962158203125 -0.00716781616210937 -0.31597900390625 0.68804931640625
-0.0293083190917969 -0.0354156494140625 0.303802490234375 0.507049560546875
0.0105476379394531 -0.0395545959472656 0.413543701171875 0.103729248046875
0.0255699157714844 -0.0133686065673828 0.239730834960938 -0.204437255859375
0.0168943405151367 -0.00501537322998047 0.035125732421875 -0.2900390625
0.011566162109375 -0.0186500549316406 -0.0640716552734375 0.205047607421875
0.0515365600585938 -0.0352134704589844 -0.253036499023437 -0.018218994140625
0.0364952087402344 -0.052276611328125 -0.234466552734375 -0.431854248046875
-0.0161018371582031 -0.0370635986328125 0.21844482421875 -0.6173095703125
-0.0983047485351562 -0.00556182861328123 0.75250244140625 -0.12945556640625
-0.10699462890625 -0.0506591796875 0.67852783203125 0.498046875
-0.0439453125 -0.105255126953125 0.16583251953125 0.430511474609375
-0.024322509765625 -0.118331909179688 0.0279769897460938 -0.0858001708984375
-0.0700187683105469 -0.053192138671875 -0.41064453125 -0.407318115234375
-0.0860519409179687 -0.00243377685546875 -0.81658935546875 0.0482177734375
-0.0751266479492188 0.00463104248046873 -0.3875732421875 0.661865234375
-0.0363693237304688 -0.0342636108398437 0.25799560546875 0.56292724609375
0.014862060546875 -0.0507354736328125 0.4007568359375 0.1669921875
0.0332393646240234 -0.0198841094970703 0.238693237304688 -0.175399780273438
0.0214138031005859 -0.007171630859375 0.034210205078125 -0.28729248046875
-0.00590153882219228 0.0104700181430888 -0.204604292381107 0.0840572213362955
0.033820465168388 0.00559863435205748 -0.205730163661094 -0.189985638525102
0.0942789803695809 -0.0199240136047822 0.0218023745877104 -0.475348070894454
0.0284174366070406 -0.0101378302870444 0.467879047603994 -0.408352873287151
-0.0549736863613354 0.00399737057949972 0.734584418954973 0.182224038744177
-0.113141654254112 -0.0561991893350117 0.304580273789525 0.744089721271236
-0.0301508803797966 -0.103372941027873 -0.262210359721009 0.492374999706572
0.0268184265016069 -0.0977389312677213 -0.0660167915079565 0.108433433028374
0.00751277359275615 -0.0694025247456888 0.350782686735647 -0.342865495696488
-0.0102476068426625 -0.0671558689964379 0.0176892964464656 -0.810675288666143
0.00671922970206199 -0.049365662239892 -0.670043952148092 -0.536717970858431
0.0465659303881841 -0.0678618535119714 -0.67307343027664 0.23641025661913
0.0528153860974103 -0.0533286211629239 -0.199398108708321 0.474414948247059
0.0120023807389115 0.0168147191668632 0.149368997016211 0.236288863254013
-0.0133245696526793 0.0291570172928413 0.25640605407113 -0.084633108536313
-0.004952387032045 0.00755450457871945 -0.19881474773531 0.0785344452063863
0.0335599793044636 0.00447757446121993 -0.161765047008608 -0.208705468641235
0.0868684690652674 -0.00934839647676443 0.121343922283962 -0.479754060690949
0.0108552892922047 0.0011413000802151 0.554181975036873 -0.326875168588551
-0.0707357893403594 -0.000598122647181239 0.690654778508517 0.326413343657191
-0.104473812854253 -0.083397900002598 0.153044712781083 0.794145793742732
-0.00122830029102792 -0.116398475390563 -0.319574731710888 0.427111579520595
0.0460852313053463 -0.102403764813581 -0.0300717336444472 0.0658149423422369
0.0121367561496391 -0.0767932636489517 0.306308103932088 -0.418518341052839
-0.0163346125633451 -0.0724666587945055 -0.141866237622203 -0.798796341035705
-0.00414109196844611 -0.0505852860834003 -0.747983160530852 -0.389397229847997
0.0299863842374118 -0.0617101339667894 -0.591769058921758 0.338936855651912
0.0392392700791238 -0.0432941318034187 -0.0955118564810419 0.47785430640108
0.00823070135292588 0.0200872520468985 0.201334558800678 0.217879499366165
-0.0124397927848874 0.0297972193240802 0.263610810259298 -0.0928810769920661
-0.00626457126579147 0.00322816527395299 -0.195436522533835 0.0699373575538407
0.0266864156753329 0.00225290814117209 -0.11713778786601 -0.223968046878886
0.0686859414956892 0.0048477459836605 0.221992925461944 -0.464026122488007
-0.00864314890386087 0.0169984637484905 0.626018981159909 -0.221730089054983
-0.0760893659654622 -0.00364017042424596 0.610888596774424 0.476330979209508
-0.0815726113729197 -0.101964348463452 -0.0173729402207986 0.815230962983321
0.0251142816016747 -0.110682753156322 -0.362744800527221 0.356694541254138
0.0547720733920339 -0.0915155644938762 0.0126223569101364 0.0220672749793839
0.0129820113237298 -0.0692599683075911 0.251495325455866 -0.488001249992256
-0.0190542740413912 -0.0630412278195575 -0.292294441962014 -0.758574631217911
-0.00961935645455453 -0.0405645633272002 -0.788487337726676 -0.233733592489858
0.0108724056749705 -0.0476501208665174 -0.489144304606133 0.422146746549145
0.0190085309974376 -0.0312597938303308 0.00895564791969592 0.463167335358784
0.00216225286147767 0.0210064954040484 0.24830880286337 0.189333841453349
-0.010255718005518 0.0267986998998967 0.265724333764978 -0.103952408385312
-0.0101439081154108 -0.00299249057268123 -0.192621811908129 0.062549164134852
0.0142927840770939 -0.00145048347230191 -0.080897531024133 -0.234047444012794
0.0434898712431498 0.0181746782610622 0.306484658894183 -0.436535468640234
-0.0261976296563105 0.0326264565001311 0.669733247493164 -0.109470383549748
-0.071740694076618 -0.00192112401488057 0.51135252238449 0.603738455265629
-0.0535863095459531 -0.101853089630642 -0.168996356620195 0.812481651391785
0.0371036565536629 -0.087592102078944 -0.383170285304868 0.290909978201124
0.0480204143751903 -0.0653755426422062 0.0559732751300704 -0.0160118736476268
0.0141765233747953 -0.0446279856521876 0.198847876515806 -0.54256568805218
-0.00837134140784223 -0.0443028823928007 -0.410489533754816 -0.701964232361262
-0.0059850676196425 -0.0250468327790994 -0.795536632973018 -0.0984721805125878
-0.00755549389609575 -0.0299376388007359 -0.390394792097831 0.476667236897943
-0.00308789961462854 -0.0203857071950595 0.0937763280029649 0.439355739256601
-0.00540170672535414 0.0159826077708497 0.282664208711884 0.159364267952503
-0.00768955660349497 0.0220455431565497 0.261544333371468 -0.115679340212941
-0.0136489552224688 -0.00897677281072439 -0.19333182013981 0.0564595971764909
-0.00271668134158548 -0.00604072497300727 -0.0588169898803626 -0.237186043816487
0.0161402907283825 0.0276799235611159 0.361903165484482 -0.405912575114034
-0.0405078964355114 0.0501162676235254 0.689960091306736 -0.0205156179949795
-0.0598178729030914 0.0135941872919308 0.42990072320542 0.684480405542678
-0.036018981350921 -0.0806947793150745 -0.27489121364472 0.79321881767786
0.0235284407891321 -0.0536057134094395 -0.386139689125871 0.2475362064616
0.0283790083218619 -0.0276386033398582 0.0927905879038269 -0.0418773562570344
0.0195766023407378 -0.008610328223361 0.160829588406275 -0.575218494465453
0.0141082244302175 -0.0218802789759309 -0.482127838256984 -0.652958899177742
0.00670247504159838 -0.00782685576794651 -0.786789653399107 -0.00435881377072059
-0.0210858980170791 -0.00877968810656506 -0.320860524025938 0.505437190840477
-0.0244490709997388 -0.00935633444364928 0.145371744499924 0.411908226335178
-0.0146371252117065 0.010247364583002 0.299538127495404 0.132371216893599
-0.00768742549216606 0.0151742273127591 0.256255989102116 -0.125659553746543
-0.0159641063067064 -0.0160548475892838 -0.196174619444164 0.0530114618182608
-0.018304243324432 -0.011732133980067 -0.0506838883319685 -0.238721839506465
-0.00903007889539585 0.0341593394825128 0.379788135178985 -0.392043465796051
-0.0460235263997514 0.067723571363354 0.695566514853069 0.016021800213478
-0.0458208065388604 0.0384994882071415 0.398740191057046 0.714433506412905
-0.0320511293475371 -0.041057539737015 -0.306420589819167 0.779435088844023
-0.00981641928848927 -0.0151151101522427 -0.376645627211362 0.234305503418676
-0.00187188550293536 0.0170557437455409 0.114827399283362 -0.0481212977324733
0.0244849948130816 0.0374680452336576 0.153131196330084 -0.586683530420511
0.0437014528055242 0.00208238232714227 -0.505600823195709 -0.627563635655664
0.0265324589285974 0.00500941241799189 -0.779263151623467 0.0360502072667155
-0.0282881235285602 0.00624608637816622 -0.297567725122656 0.517257815128447
-0.0439595031689633 -0.000747902009152715 0.1579305365219 0.39502611639065
-0.0265192598837841 0.00324710320680457 0.300973598253439 0.118015208592215
-0.00854874475202648 0.0086427733477972 0.247711589854279 -0.13278979092764
-0.0166341174396331 -0.0214501094343837 -0.201941371641375 0.0532154477012906
-0.0300415671826259 -0.0182791095650569 -0.0649431555935985 -0.237976960026727
-0.0261988023734449 0.0359180125067968 0.359860630853953 -0.400681089248032
-0.0440383227705129 0.0858098118701194 0.696919971423472 -0.012394512406005
-0.0289467495941781 0.0715557424216586 0.435995045854702 0.694237621239101
-0.0365432827479255 0.00497659580478559 -0.265587865605453 0.789754738925866
-0.0510902342541724 0.0259500210152285 -0.364194786976178 0.255542351166534
-0.0369059358642398 0.0606040774748 0.120884125065943 -0.0374723223293353
0.0236855918472283 0.0846830351147532 0.179050816885053 -0.575276114432574
0.0740985858878126 0.0270407212621388 -0.476378231861849 -0.642529553683655
0.0515004896282849 0.0161149195623041 -0.784435472797211 0.0160483075607858
-0.0279023196601956 0.0168101731121556 -0.323837268223666 0.519351904325938
-0.0597729174605773 0.00495645984714879 0.132809850578422 0.402505126465519
-0.0380320548311251 -0.00216187772817614 0.288642310387535 0.116012456909799
-0.0122569363140098 0.0034356173113505 0.241796431738453 -0.136489408644385
-0.0164138132769057 -0.0235700286153347 -0.21054005048702 0.057735797640417
-0.0358834534509798 -0.0241361742359839 -0.101119284136544 -0.234073485329272
-0.0322982620034929 0.032386254261948 0.299235462997844 -0.427103802711714
-0.0334274687009157 0.0944651491175266 0.67894036945717 -0.0927152874034362
-0.00798894270196629 0.0986396498374057 0.523023119814495 0.618246327169964
-0.034802831847256 0.0508948883377242 -0.150916409300611 0.805855054045002
-0.0818949161200812 0.0659872121794078 -0.341632859616365 0.304301449759114
-0.0729389006103246 0.0958676645501773 0.107441704748912 -0.0076053889771847
0.00938247352073236 0.125515416557468 0.233051584555794 -0.540212983307603
0.0948227343639383 0.0556320751416274 -0.395580099328174 -0.684745290162201
0.0765379790632364 0.0250794542896975 -0.789435353017393 -0.0662672833399516
-0.0204350054897753 0.0185067174166401 -0.396296909290861 0.501487565595709
-0.0690866849658985 0.0056323304639249 0.0742155950303265 0.426469284854871
-0.0479429448137214 -0.00650550862227934 0.261717375128864 0.129628882642459
-0.0159127088481377 0.000753381421652658 0.239500356067053 -0.136044718884054
