TRXV5
3
4
4
9
string Extension=J
integer IsArchMeasurement=1
integer IsSpherical=1
string Generator=SPM
string GeneratorVersion=1.3.1 Dev
double ArchRadius=0.449999988079071
integer FrequencyAxisIndex=0
integer AzimuthAxisIndex=1
integer ElevationAxisIndex=2
Frequency
5 201 900000000 1000000000 LIN
Azimuth
7 8 0 2.74889357189107 LIN
Elevation
7 15 -2.74889357189107 2.74889357189107 LIN
Polar H Real Part
13
Polar H Imaginary Part
14
Polar V Real Part
13
Polar V Imaginary Part
14
Polar H Magnitude (dB)
12 0xC0000002 0 1
Polar H Phase
7 0xC0000003 0 1
Polar V Magnitude (dB)
12 0xC0000002 2 3
Polar V Phase
7 0xC0000003 2 3
-0.0120170963589972 0.00124471583665374 -0.0501135485229272 0.0770328929974778
-0.00273352123953059 -0.0234773637787136 -0.123601518220301 -0.172104442813761
-0.00367046409070975 -0.0388398895169216 -0.0296800801340237 -0.439905690612509
-0.0318802676462591 -0.0265477393372562 0.440273370907158 -0.291893899123954
-0.0234065271164808 -0.0257455096506946 0.617461494868378 0.3493390027523
-0.0249189517002218 -0.0462823740935538 0.112731379013151 0.777265702147575
0.0374858703986432 -0.0942059848172422 -0.277366609542578 0.447367075555032
0.0627931241289001 -0.101941705277281 0.0550200474722811 0.0340850126662698
0.0229550112929185 -0.083206124174282 0.191957366755786 -0.478910858954724
-0.0493382243259369 -0.0271156557782786 -0.386512237354209 -0.670577449955593
-0.064790502510478 0.00378614114447438 -0.77407231819979 -0.0220292044154376
-0.0577200878118096 -0.0159498631998691 -0.308524974312503 0.53228592049647
-0.00643201267860875 -0.0275714603837902 0.1747366152836 0.403031803435809
0.0107036586928874 -0.0136414315184523 0.230917805810457 0.111448198476456
-0.0200921698931415 0.00692837224585086 0.096323223339795 -0.141334879616754
-0.0112156340325685 0.00443253191006386 -0.0522436146455965 0.0692967241307191
-0.00984551651710526 -0.0165160051693267 -0.108862649385757 -0.194698337989717
-0.000338963344377251 -0.0262148540006439 0.0316656188826168 -0.444025795359584
-0.0173401400288334 -0.0206753096286362 0.495779897129912 -0.19266758258052
-0.00202052640638626 -0.0243623922432118 0.544082023024438 0.496172753466219
-0.00782800622135654 -0.0409198296529419 -0.0306103719765636 0.803946815913191
0.0376283312162127 -0.0734937199557198 -0.316123689397181 0.396766298809681
0.0464537440874264 -0.0838951360417321 0.0815770244276489 -0.00132794085863188
0.0127349639422112 -0.0626155412668551 0.141013920283841 -0.515716809680169
-0.0365568645155642 -0.0130415513326782 -0.495454765453338 -0.585533498178712
-0.0501430897982181 0.00973931122114988 -0.75147523230238 0.127386649965474
-0.0453631719829076 -0.00366995047288234 -0.210088391488154 0.566528597860752
-0.00626137010506331 -0.0112199601166039 0.224231774604186 0.354794020950149
0.00514505216997312 -0.00508745679110008 0.239621387635858 0.0696538269425665
-0.0168578242475537 0.011366016743177 0.0973266738662749 -0.152635129963346
-0.0105822595633554 0.00835376878519222 -0.0538713677952723 0.0640072333644265
-0.0187211481119795 -0.00701691602547064 -0.0986967561468087 -0.205697956000395
0.0014470609244585 -0.0100514605921028 0.0751347223771014 -0.438325091774808
-0.00248038409539869 -0.0130208140891985 0.525279155931394 -0.116798901463576
0.0196479307612748 -0.0174935059831751 0.480429089099584 0.584431638655085
0.00150316422140619 -0.0211208338631685 -0.129581524152008 0.805757320176903
0.0189891924129764 -0.0435617668919387 -0.335752276721958 0.357133515662962
0.0192764626207815 -0.0555929890013035 0.100955454878584 -0.0271987885846584
0.00738701338686877 -0.0337590511959854 0.104802473581345 -0.539034610973946
-0.0145299962733567 -0.00334288860169263 -0.554630319427892 -0.523125510501056
-0.0281210440192149 0.010246139977149 -0.725258487519833 0.21950971912374
-0.0311051636685674 0.00751688824898076 -0.145915320304317 0.580420862289276
-0.00618938909711267 0.0056823577454432 0.249788547254659 0.3215443074792
-0.00192348792182178 0.0042045929723114 0.242782681253568 0.0421205332305958
-0.0123199781579447 0.0148291234341311 0.0959757639414565 -0.158277328550728
-0.00912933921982664 0.0128448143819874 -0.0568121529549593 0.0617798065020675
-0.0299829654519694 0.0049081572578573 -0.0966323993732696 -0.207504355594984
-0.000188846111788674 0.00578889954355574 0.0879875256192429 -0.435837299143493
0.012313540285391 -0.00607238463449849 0.536924401326515 -0.0928703700184928
0.0393342297205048 -0.00762678690546852 0.464544395928365 0.610491832706227
0.00274101156327614 0.00813953328738051 -0.155690105388315 0.804767858245621
-0.0125025476445191 -0.00718449977817699 -0.337332562642675 0.345511744041409
-0.0134589123001968 -0.0193895319934992 0.110189289309912 -0.0390862991840913
0.00656204590065941 -5.50807419575326E-05 0.093446256024893 -0.551332186253761
0.0123359655523944 0.00294723242558948 -0.569599545943738 -0.502905480774736
-0.00351756011564859 0.00415496769853551 -0.714416526476627 0.249946986505381
-0.017243296162321 0.0154893920872251 -0.128883692390903 0.585887549710237
-0.00848479745257988 0.022029368770996 0.256575794389983 0.310727816822646
-0.0104655835630238 0.0140224971320951 0.241727268060457 0.0334644879789443
-0.00668002563410889 0.0193585849398558 0.0920331484261624 -0.160729838785161
-0.0073648522395803 0.0163175339970459 -0.0597743392712378 0.0634274739132753
-0.0386265694261682 0.0160300658888619 -0.105153856398045 -0.199731550826222
-0.00308633557689876 0.0210584136626986 0.0703272887825157 -0.435626596887439
0.0255033243539601 -0.000725292467050355 0.533126286901213 -0.125586210442155
0.0584744498752424 -0.000361524289588631 0.501691280752613 0.57302671368352
0.00448312750598861 0.0394602355442322 -0.105776401267664 0.807503612137997
-0.0463901373106943 0.031017491100526 -0.326597931453462 0.35648317087534
-0.0481298365271949 0.0186250154295915 0.105412516828693 -0.0346338147233855
0.00300453896553476 0.0353775920581037 0.111893131184722 -0.550858538936962
0.0372788408211524 0.0107919679718385 -0.544989482029266 -0.535494511175838
0.0220529592915466 -0.00283625148709144 -0.725878721043884 0.210954514771213
-0.00407756344381016 0.018608874071922 -0.160074034330352 0.587987995311323
-0.0111736514187838 0.0357090884247869 0.241892541390318 0.330456296757109
-0.0191063858500612 0.0240223492808762 0.238289920237477 0.0456639173629149
-0.00134938093994234 0.0223964719979424 0.0870256708880995 -0.157505732153491
-0.00479111440961407 0.0179633014478018 -0.0609831310137547 0.0686807429883856
-0.0438285811046409 0.0239467678656611 -0.120405097920815 -0.181860534503165
-0.00529131320426559 0.0301882528280876 0.0211327656795048 -0.434247271329638
0.0347022033662851 0.00125311919503739 0.507876114990984 -0.203875913604094
0.0745113178249776 -0.0017074983097201 0.581453992260194 0.47365025319432
0.014749064648435 0.0658603351700692 0.0123508219596106 0.802899540721044
-0.0664778790905813 0.0682946389805618 -0.300726378365077 0.393036716686684
-0.0790563345251795 0.0530551180449567 0.0881364438493265 -0.0144471817353557
-0.00733156850372361 0.0682140269692997 0.156537665756663 -0.535432734408097
0.0543247917562476 0.0249835129969781 -0.469147991300901 -0.608034331464438
0.0454233122518532 -0.00767134483916464 -0.752956101790849 0.107746812030743
0.00592783386741706 0.0188743370667861 -0.233681954536616 0.576572273442651
-0.0169772818369154 0.0447043460625723 0.205285280181196 0.374044924407448
-0.0276762383625188 0.0322121382140533 0.230211353149825 0.0775549673071319
0.001694429770196 0.0264585611072182 0.0801408177278947 -0.149941919390163
-0.000699717494070341 0.0174396148366373 -0.0636461473812144 0.0773157497395196
-0.0446407450587893 0.0276563637829077 -0.141017892370669 -0.153895101163632
-0.00671291472898101 0.0356572059080935 -0.0470572299109225 -0.42038158041131
0.036632222688046 0.000268452466497419 0.446151120174709 -0.305594635265765
0.084552350955443 -0.0115201522805181 0.659271489440648 0.313507741978624
0.0350318047568084 0.0772455593342026 0.173461026430375 0.769894975118899
-0.0668408746921157 0.0953998025856078 -0.254949201367086 0.441816380999359
-0.101755418336067 0.076395018073433 0.0625314089278304 0.0187656650546555
-0.0276425820891233 0.0916819689438368 0.215058584960344 -0.49740642635772
0.0570076601579553 0.0427086333971996 -0.347997702887986 -0.699580788872954
0.0609483293277234 -0.00709332300272248 -0.765979122569038 -0.0570623436713373
0.0125458134853885 0.0149048465559936 -0.3433296831783 0.532989921756055
-0.0214352654679866 0.0490169666927231 0.147077060016974 0.425091020077863
-0.0350306037246403 0.037179136397099 0.218449923699975 0.123412477844091
0.00239436482566037 0.0277538811364389 0.0740024591861329 -0.138648094455421
0.00331095440657426 0.0161582060107132 -0.0653312660985926 0.0876215782786807
-0.0398907166177418 0.0260190572221853 -0.161031371586309 -0.119455976993399
-0.00792314644979136 0.0341947615286814 -0.121855896294697 -0.387286956225451
0.0317911541480913 -0.00422987544193382 0.356650859147638 -0.395903141816878
0.0822606833497666 -0.025798120955454 0.702385801579596 0.128069332754687
0.0520914396558167 0.0713669323792352 0.337219249044718 0.693527109917005
-0.0534264759992649 0.105791289362788 -0.194531824274552 0.491016724527651
-0.11146858779782 0.0851570164711729 0.0309595911814423 0.0582377592583317
-0.0512759856259361 0.0990632954585568 0.270773361526929 -0.438138974727413
0.0439751307661051 0.0607013203595936 -0.184077788321341 -0.775659045932005
0.0652940261881877 0.000202930068362542 -0.739161520543554 -0.259849563002431
0.0131401013827777 0.00821985192652589 -0.459181288480083 0.44779099174884
-0.0265488407463161 0.0447478896324491 0.071227752911047 0.46862335641424
-0.0395904147599827 0.0362973953858485 0.200555045174788 0.175132729293133
1.00269271354047E-05 0.0277438114178712 0.0723499785755028 -0.124436179275392
-0.0123070948577716 0.00111162343245118 -0.0512304454082652 0.0764250872067954
-0.00243438952009417 -0.0232016164129211 -0.123596488761715 -0.171597401289269
-0.00362962174439496 -0.0386150688294649 -0.0294373362539657 -0.43645352741888
-0.0318471095379397 -0.0260644641786493 0.440824144404635 -0.289236438981175
-0.023579590676833 -0.0255810138685332 0.61584446811204 0.351393805615093
-0.0246279855212401 -0.0464916772265155 0.113003787298489 0.774284732647111
0.0367109438899053 -0.0931136435247906 -0.276687157258486 0.446006106156985
0.0616716347052172 -0.101506165711764 0.0551519734300171 0.0342776876542766
0.0231681079622736 -0.0836685715218251 0.192169299570185 -0.47606021483202
-0.0484536467842062 -0.0270747094432042 -0.38656701665564 -0.667661443832024
-0.0639762926562076 0.00473830585985897 -0.772586940566035 -0.0221295472934484
-0.0572160907789896 -0.0161256756898843 -0.307382346099701 0.530708260620021
-0.00649972102797257 -0.0275249305796397 0.17435924966103 0.403179050532826
0.0101330489062334 -0.013802196820767 0.230591571985927 0.111904677706453
-0.0191304231409805 0.00790254289156009 0.0967541582399127 -0.140995968032567
-0.0112266524573958 0.00502591742995471 -0.051502877819473 0.0688419179375791
-0.0102985645541605 -0.0160259104477284 -0.108498559534973 -0.193460026751557
0.000258404738085926 -0.0259866292255819 0.0309436424158936 -0.441334526785507
-0.0179140505061804 -0.0201616803187189 0.495732234459562 -0.191013170451157
-0.00216817097592526 -0.0238743257141693 0.54373191491683 0.494979629157381
-0.00820540466553721 -0.0406999734089697 -0.0302356564895311 0.801665481722848
0.0379585706879842 -0.072908889185375 -0.314960384500172 0.395256344117054
0.0459952971579052 -0.0825401309644374 0.0818886140296253 -0.00134324490290232
0.0117902763502002 -0.0623985607247619 0.140992659769354 -0.514782464412637
-0.0360346366048784 -0.0142514645416542 -0.494083116827416 -0.584001281102491
-0.0495385647393066 0.0100694678617204 -0.749264918140511 0.127012393073208
-0.0447643679634785 -0.00348899013656255 -0.209653521958418 0.566071326920584
-0.00567748772893478 -0.0112190275260434 0.224304717994599 0.356275998436408
0.00456506263128161 -0.00513099005030709 0.240097433001151 0.0696009835262655
-0.0166536356482769 0.0116073980070324 0.0967470860857741 -0.151697899028583
-0.0104766358273484 0.00879407043727757 -0.0547804552605881 0.0630968199048588
-0.0196242187435447 -0.00628441632218772 -0.0984591197649632 -0.205296685906766
0.00119651052784465 -0.0100170252788734 0.0748527226971049 -0.43773177466886
-0.00224477144233857 -0.0124982958764446 0.524437122831078 -0.115662594256175
0.0191632722676315 -0.0175339664645097 0.479656258585556 0.584438321704164
0.00158827824012603 -0.0214615917849967 -0.128143807283158 0.80348347809768
0.0189813671881988 -0.0434448525023471 -0.334482223432968 0.356464223537755
0.0191998713160006 -0.05461388198872 0.100893609916152 -0.0272096466737945
0.00749093570500322 -0.0337136302793911 0.10574811319065 -0.537729497135912
-0.0146086120056083 -0.00448726898784838 -0.551898875624481 -0.52109718339569
-0.0284524879045025 0.00971638687818658 -0.722585505676558 0.218067710360243
-0.031113868253237 0.00791859719321388 -0.144250726491687 0.577968384617837
-0.00590428381664527 0.00574816433791578 0.250605779950414 0.320638107118946
-0.00254901587690728 0.00479673587908487 0.242999426031126 0.0429630264836977
-0.0123263306105015 0.0158656134226944 0.0969283381550386 -0.157336456597952
-0.0101781406493934 0.0130334907236031 -0.0581544322968263 0.0616193970945398
-0.0296215256898261 0.00501660766636491 -0.0969392886640048 -0.207042533691886
-0.000786680987265614 0.00581959061658606 0.0881494092505696 -0.434004068237858
0.0129693741612207 -0.00635549894558421 0.536319385881977 -0.0898565077966928
0.0397402030173994 -0.00812651186520942 0.461740835734271 0.610141254631342
0.0031266291716998 0.00778576742821245 -0.153465217847773 0.803406851692687
-0.0137229364356239 -0.00663545906760417 -0.337002550286312 0.344489672717389
-0.0138170142691966 -0.0182601289451422 0.109313990145262 -0.0391799216922863
0.00601733523835559 -0.000519223424020113 0.0947394620545791 -0.548914628642746
0.0126009813680922 0.00278263738244462 -0.569190375068368 -0.502779506648225
-0.00333280055311673 0.00386801408431608 -0.711524548788936 0.249386568613109
-0.0173865006275984 0.0148961243534575 -0.126812301980256 0.584291149700878
-0.00770968451656626 0.0217613277865032 0.256470931314275 0.309660435430288
-0.0114277024983806 0.0145745001487076 0.242628482054928 0.0343393798483465
-0.00606966626704402 0.0188052629183812 0.0928246814537326 -0.160143332606172
-0.00728598846659891 0.0161161989751947 -0.0605857644082871 0.0632369814714032
-0.0385004376134408 0.0163057516123316 -0.104649797217758 -0.199409101512196
-0.00290114022879876 0.020175297467349 0.0698235212469403 -0.432818318504393
0.0257411791657645 -0.00082047056126424 0.531079767416778 -0.123322980700142
0.0585023322568226 -0.000724886763498 0.500414513897871 0.573134734203819
0.00452491410823105 0.0392679225458122 -0.106455403166469 0.806346428721247
-0.0462470969425439 0.0311004645127342 -0.325618526210492 0.356439434193283
-0.0481522556229703 0.0187294212484202 0.104892879417889 -0.0352278104335779
0.00310751914306509 0.0353340321170955 0.110695205707062 -0.548355926137851
0.0379441929516948 0.0107479238268626 -0.540692758836553 -0.534436369847052
0.0225266663065761 -0.00316616352402501 -0.723744053059078 0.211526145106566
-0.00389512823088146 0.0189800768802742 -0.156285856993913 0.586020535865111
-0.0118536987589265 0.0358108063008771 0.240872732043326 0.330070108829167
-0.0191945912287089 0.0246183449218761 0.238150889510077 0.0456176406294576
-0.00100193501525974 0.022873861766387 0.0869117253483617 -0.157490437283292
-0.00411493760490342 0.0175863275341074 -0.0613993979740724 0.067774341995687
-0.0436126955738122 0.024646571796496 -0.120954843035925 -0.181413324665514
-0.00517994367679391 0.0309067627362228 0.0210341775974216 -0.431319285830155
0.0349079623806693 0.00129723667866339 0.505344380795181 -0.203020333751837
0.0746865042719557 -0.00148326685789703 0.579338682633856 0.471757862415294
0.0155428269574287 0.0650580385226587 0.0111594067396808 0.799444054683234
-0.0663847333812116 0.0680889659029292 -0.299602462222893 0.391528226884925
-0.0790025663483605 0.0522220195716077 0.0873329333365945 -0.0151643790740795
-0.00744940432746305 0.0676191369103718 0.157353950187285 -0.531862285307489
0.0540350328905099 0.0243934203904058 -0.469063681872273 -0.605448680744563
0.0456743285243567 -0.00740628887083433 -0.750155154960448 0.107657105412101
0.00587719637325682 0.0186935324412744 -0.233211844658352 0.573882683243118
-0.0171268192184108 0.0456456381160208 0.206535742466471 0.372317560496331
-0.0272298674162279 0.0319995997652466 0.230708908400172 0.0779428955037737
0.00259503845599678 0.0257075394514964 0.0799833469985418 -0.149346715963621
-0.000449040608997073 0.0174266367946041 -0.063299004743132 0.0768486681892614
-0.0445000946448057 0.0280392290161536 -0.141779482809951 -0.154038169197215
-0.00646380295717471 0.0358613028467713 -0.048456431666646 -0.418436730799273
0.0371936479021759 3.92497942165535E-05 0.447120196297005 -0.303761849983127
0.0845713578572122 -0.0118148632690643 0.658840215586659 0.313535313492595
0.0345842814585587 0.0763341417666335 0.172790033215817 0.767291197579538
-0.0676735847292177 0.0953296703331354 -0.25431946794798 0.441848701340046
-0.101848249980787 0.0763439072587832 0.0622389404904496 0.0196059035220215
-0.027253537965537 0.0913629538145627 0.215623589147784 -0.494794404935681
0.0565148380348942 0.0425611508056174 -0.346359517220226 -0.69883237898187
0.0612638488471033 -0.00666198698465312 -0.764986706589879 -0.0575484992313819
0.0117180305411223 0.0151265533138749 -0.341766833439194 0.531082449279667
-0.0224408539698228 0.0491326809820403 0.147803569510651 0.424432575804647
-0.0345443993719192 0.0367748103471306 0.219150848841962 0.123004888602137
0.00255113091717733 0.0276525116858305 0.0753621360624551 -0.137642875361823
0.00294380602150556 0.0161186493882825 -0.0650274098669704 0.088140983599409
-0.0397225998987625 0.0270859405957771 -0.161345177666388 -0.119230076403555
-0.00804263192339548 0.0337896462102028 -0.122255481570438 -0.383467246876715
0.0320145701046454 -0.00335880498055116 0.355378585889698 -0.393299539370889
0.08158891795835 -0.0266024562833617 0.702115713757694 0.128029780672354
0.0526652387656753 0.0709330034195818 0.335576925801547 0.691346990362444
-0.0546687871340146 0.106058504461464 -0.194272785098642 0.488848436315202
-0.110921150556451 0.0841308887043917 0.0307542306412339 0.0582561664208851
-0.0511696575506645 0.0983061889307497 0.271343812192614 -0.436806607940834
0.043275990044179 0.0600482178344278 -0.183113804836567 -0.773962669465681
0.0655361314452856 0.000318392946206496 -0.7375902970037 -0.257969646687152
0.0123776150127501 0.00941025168461636 -0.457983039205099 0.446815756929815
-0.0271677598154035 0.0454668060843468 0.0710077030628681 0.46766850660399
-0.0396804765884534 0.0369303471818662 0.200999836147986 0.174530515618506
-0.000150160823955646 0.0277263553433247 0.0727884665558407 -0.123881481214234
-0.0129854083227872 0.00133634872978593 -0.0510580734283825 0.0767131337690935
-0.00275152498508689 -0.0226900963189241 -0.124916434804823 -0.170874248066477
-0.00299894432171294 -0.0388860896759329 -0.0313334353569911 -0.434553657439126
-0.0318019906933571 -0.0261876711466963 0.439467294484142 -0.287604276992184
-0.0234564346283381 -0.0258641410939266 0.615938082920968 0.351002920272117
-0.0251205961143411 -0.0466114482785983 0.111297954981792 0.772100026683955
0.0373224696042934 -0.0934436006361831 -0.277552960805218 0.444372577900648
0.062095254024021 -0.100243847593427 0.054115518171959 0.0343412554603075
0.0229091297765279 -0.0834988789179088 0.192017108363595 -0.475092481610289
-0.0486624400622293 -0.0270729634481569 -0.386695354287429 -0.668106526045479
-0.0639270758536802 0.00553526504215501 -0.769358624473909 -0.0220014202885088
-0.0567098647707592 -0.0158232086800432 -0.305463199080604 0.530232035480396
-0.00627889316907216 -0.0277742097046399 0.173889387896534 0.402277541255091
0.010151080567832 -0.0134771966567574 0.230743142695212 0.111952100037627
-0.0195261271103839 0.00876551654828588 0.0965927612359049 -0.140378522153066
-0.011357245953104 0.00464609426036 -0.0528300349679167 0.0683591877004851
-0.00999323263265383 -0.0166145610270275 -0.109555115221561 -0.193027105542771
0.000436963041515076 -0.0260108719798731 0.0302870941501566 -0.438416632579665
-0.0174977529499202 -0.020121005024603 0.494634632803448 -0.190162795879491
-0.00219443299500489 -0.0248191598773686 0.541689682618486 0.494492286017109
-0.00782715468504551 -0.0410247205856167 -0.0310691118684264 0.801005938764552
0.036716050916596 -0.073242333609819 -0.31517650675816 0.393538558478556
0.0452748227314348 -0.0822851841621755 0.080528855765294 -0.000301318208644728
0.0118670395737711 -0.0623360282352547 0.141995304956423 -0.511634783402258
-0.036481664869598 -0.0141377387185012 -0.493307921766201 -0.583421875233946
-0.0495113229445258 0.00991389280274426 -0.748174645658797 0.126103627476433
-0.0450299528232658 -0.003251061485672 -0.207436177297485 0.564545745931646
-0.00567760495865717 -0.0115763272280146 0.223500984497961 0.354883765693593
0.00491223908646184 -0.00462940960865891 0.239186065049392 0.070469481222109
-0.0171495640315026 0.0121799733668568 0.0974318529515287 -0.151573057733327
-0.0110657230755816 0.00831656485135049 -0.055268420610253 0.0629028654324625
-0.0197304000795962 -0.0061960638856163 -0.0990164338626734 -0.203896346295858
0.00124315795049758 -0.0104980055145576 0.0738647372939168 -0.434340548734486
-0.00220190239050375 -0.01295412617214 0.523679621224612 -0.113819951955082
0.0190497983138295 -0.0179962459081447 0.47729567128655 0.584300411662021
0.00177025002375881 -0.0220561704828787 -0.12825318740664 0.801497599737865
0.019110579125408 -0.0426477942600909 -0.333144610266599 0.356264035007326
0.0192017633664491 -0.0539077269134161 0.101015121166471 -0.026467361513108
0.0071271415874219 -0.0332951747565921 0.106218507203106 -0.536493629937398
-0.0142650281540552 -0.00354563551217914 -0.551907207863661 -0.521163084946664
-0.027227647354822 0.00951434550492268 -0.721022595907253 0.217387799710627
-0.0315577621735304 0.00746988446749048 -0.144881095011648 0.576898662060014
-0.006316922757245 0.00537548316335058 0.251838423118512 0.319492172214717
-0.00265332282709645 0.00505294612117566 0.243457047312793 0.0435446956750189
-0.011470944088836 0.0162378313230995 0.096610469481747 -0.1577287471818
-0.00962285194530805 0.0131502245658766 -0.0582266711664005 0.0613834973299807
-0.0304954770839811 0.00532246446471359 -0.0975294992513687 -0.205903550610678
-0.000446574780762972 0.00571370252259192 0.0868453450742835 -0.43163205012898
0.0127245401282771 -0.00533516885768731 0.535508364290679 -0.0914164224603007
0.0394922959584036 -0.00845966622916941 0.460027328673471 0.610583218794219
0.00307734578401174 0.00773250231720484 -0.153932979178839 0.800550510699108
-0.012837293974154 -0.00696542046402592 -0.335167246074231 0.342763763675762
-0.0135736374172955 -0.0185546173323188 0.108867201344026 -0.038533904423404
0.00576349108045593 -0.00108572369782997 0.094080616978023 -0.547667377578188
0.0121136701447551 0.00234569543915018 -0.568378749069777 -0.501548260916164
-0.00288103139419084 0.00444105126667046 -0.710611392301508 0.248150644173264
-0.0172055144403339 0.0155068362350077 -0.125774603434038 0.583194547721328
-0.00835332309072666 0.021470598421151 0.257422660816904 0.308971216452694
-0.0110772727472431 0.0152262996554111 0.24203432579538 0.0339329361951101
-0.00546540287896675 0.01933847735291 0.0930152545584875 -0.159650987371148
-0.00754257965130235 0.0160789965879827 -0.060442534095635 0.0626541759979629
-0.0389320184174212 0.0165375483863206 -0.104959002587422 -0.198148441807843
-0.00247847303660206 0.0207885325188035 0.0691741967972141 -0.432129971009027
0.0260302205997986 -0.00112713901799413 0.531385052730019 -0.12320418698101
0.0577267829708879 -0.000983568770413175 0.498927503192068 0.572337890271769
0.00502776820509038 0.038918449266697 -0.106262531462969 0.803270321151153
-0.0465986579907678 0.0311257165511561 -0.324683946723045 0.354972605074982
-0.0479924104517221 0.0193787156490104 0.104665276393959 -0.0347169207786698
0.0020387608408432 0.0359812811242667 0.11263133787491 -0.546165126041634
0.0371136741565429 0.0104746017124901 -0.540512509073369 -0.533215440625767
0.0220560876598572 -0.00249236289881277 -0.721955492883 0.210268931111491
-0.00421674124747874 0.0189671503129957 -0.157815802590551 0.585218785142944
-0.0116986179288284 0.034919416935038 0.241940200212879 0.328697707757196
-0.0190988956261702 0.0254128885491124 0.239138042551177 0.0453464031313029
-0.000761174797510682 0.0228098079478084 0.0871334262403241 -0.156915456276209
-0.00357976308292745 0.0177750450155696 -0.0622160070565683 0.0684839287759271
-0.0443379274881571 0.0243669789776848 -0.122104535398043 -0.180782955629452
-0.00442070112981418 0.0307872776326732 0.020566402539552 -0.428256440794366
0.0339999511795431 0.00140337042923427 0.506039765168848 -0.202078008065487
0.074326546324978 -0.00203103205427279 0.578923848420789 0.472115175696762
0.0154399065851754 0.0647929189657539 0.0116825273297621 0.799040013870974
-0.0667413489776751 0.0675525262828641 -0.299486872503592 0.390498380168491
-0.078520089908828 0.0526178575927924 0.0873556229605398 -0.015306099817151
-0.00813556277113778 0.0674940163778404 0.155345884233181 -0.53117835232029
0.053644813745818 0.024207346624853 -0.469327943635462 -0.602739359219546
0.0459574153699451 -0.00709743174839826 -0.749307671457184 0.109372141859716
0.00614063878531795 0.0186814161282785 -0.233128583302313 0.573642762852794
-0.0171348761126268 0.0451858433644897 0.205656426314518 0.371713229850051
-0.0282311893870131 0.0330142409980533 0.231444066077287 0.0779647098989657
0.00288057989421991 0.0256267162129052 0.080422573146634 -0.149036881952035
-0.000453980892141675 0.0174021232291568 -0.0637751814211442 0.0763964057727013
-0.044567674351121 0.0275728518943014 -0.141296528901375 -0.152867214196112
-0.00612576672013236 0.0355777835842779 -0.0485495524880569 -0.417144919678054
0.0368759596959164 -0.00024373803136035 0.446256581128837 -0.302545268237512
0.0838867064345995 -0.0119371168631103 0.656146524383465 0.312634092866211
0.0347913337456769 0.0768299246431924 0.173756342992297 0.76468475264049
-0.0668420142816843 0.0950759471632617 -0.254078341923299 0.438860841387309
-0.10167196551945 0.0768835713654204 0.0614447420858959 0.0186955133620557
-0.027804968765213 0.0905391516759942 0.214551774572842 -0.493328831486306
0.0560549224361783 0.0427140921638395 -0.345677899234384 -0.69638090677539
0.0613373102089538 -0.00620552908381409 -0.763160131636791 -0.0553413210294216
0.0115190868861409 0.0148115842241475 -0.341781560956265 0.529810718619352
-0.0220795243168627 0.048300971465758 0.148128474004947 0.42231159571678
-0.0358375969828218 0.0378523844135117 0.218637713976814 0.123629985559109
0.00330866648309594 0.0276082202626728 0.0753706598836764 -0.137087475935895
0.00326869353445606 0.0160277470976422 -0.0658186313509397 0.0876305274759133
-0.0401034133044593 0.0268145959674247 -0.161103545430922 -0.119286673281795
-0.00773971490249654 0.0338734011343672 -0.122855377565973 -0.383180612827733
0.0321929371344112 -0.00314924335814347 0.356549543146547 -0.392233166206777
0.0807687289442133 -0.0265664715659796 0.699230349350114 0.127466190110518
0.0525106399098329 0.0710776195984577 0.334740643627231 0.688011895850682
-0.0542775828053432 0.105771296459393 -0.193192826139911 0.48721637616352
-0.110939776723807 0.0848872091793736 0.0299841834528876 0.0584226205140312
-0.0512404929523826 0.0992675946594788 0.269974117787846 -0.435729936433348
0.0428520369241329 0.0597661344664133 -0.181889670889329 -0.770655236074484
0.0652216559411115 0.000862508403887387 -0.736090028748744 -0.258647554518233
0.0124651751334038 0.00863872391061575 -0.457573607195187 0.446979845596338
-0.0267412931568529 0.0444269483240202 0.072022770127984 0.468944690182273
-0.040132680577189 0.0368713982919466 0.200856402795516 0.174976603685849
0.00105140341006925 0.0276272387801076 0.0733884142457801 -0.123902809439864
-0.0125368159616455 0.00253406723221008 -0.0519306845626231 0.0762128188201982
-0.0031267382741161 -0.0227613856036105 -0.125541146253538 -0.170691042384273
-0.00332276171762211 -0.0390760374661002 -0.0304225401652304 -0.433248428951039
-0.0320644270145241 -0.0254201020759471 0.437917773038375 -0.287254748235414
-0.0234054110657652 -0.0265902946013099 0.614610798656169 0.350390668527578
-0.024882848432028 -0.0467441174574093 0.112263534586141 0.772261972793078
0.0361000019286628 -0.0931342485194804 -0.277980137779233 0.442363317190741
0.0619552446680606 -0.0989244129070769 0.054271004541322 0.0343647496807033
0.0230176649550635 -0.0825101789306105 0.193323969561771 -0.473851475539952
-0.048758138896349 -0.0280609566919173 -0.382684076526411 -0.666781152308472
-0.0630201615808956 0.00552274901075292 -0.768526012852825 -0.0238818777352142
-0.056416569307463 -0.0152710373091317 -0.306224416234087 0.528520680129465
-0.00600196024898476 -0.0285239979883748 0.173231841410258 0.402213874669749
0.00947797377254131 -0.012925808219482 0.231179336383881 0.113069602913162
-0.0192272616524746 0.00970827640505044 0.0969930201862501 -0.140241321017567
-0.0119017495520529 0.00536895917376128 -0.0545103939191274 0.0688925744383261
-0.0102962803071959 -0.0149315386626685 -0.10981234033817 -0.193298639435359
0.00010438970823279 -0.0259457258677173 0.0315402818107359 -0.438297993326054
-0.0178769182772839 -0.0202837155916017 0.494073519887637 -0.187510752168714
-0.00270214166887837 -0.0245406084727995 0.539838330953957 0.495578750552113
-0.0073813087024966 -0.0410223108692806 -0.0321997849521958 0.799269427347333
0.0376333674889199 -0.0725365323414987 -0.315104443847655 0.392392791244451
0.0454953279292356 -0.0814184982638093 0.0809893463325948 -0.000372379840146774
0.0119488281504794 -0.0631254566452849 0.142183168897323 -0.512263905373607
-0.0363489324657411 -0.0152808801219325 -0.491118749891169 -0.581348360783849
-0.0485872321925571 0.0100589901353091 -0.747143536199857 0.125359670059875
-0.0452646866762958 -0.00436499357629484 -0.208651722728694 0.562771408551427
-0.0056423110016248 -0.0113954004585771 0.224611536616176 0.353300206751187
0.00440774952164863 -0.00465666981026991 0.239757630145571 0.071558463963928
-0.0154656127463065 0.0126995178907928 0.0976659774646788 -0.151189106758365
-0.0101373801974599 0.00843068946207449 -0.0571982137336732 0.0633987002856382
-0.019312068537556 -0.00531233178960111 -0.0997456757116667 -0.204120361281344
0.00250922783441888 -0.0108571874411497 0.0731885235837672 -0.432174644526191
-0.00182169433020362 -0.0126322908805743 0.524799216141423 -0.112417419424986
0.0185213831544325 -0.0181323597992688 0.47656261316755 0.584445119800494
0.0021453889429748 -0.0216004912864485 -0.130252029506609 0.800206992725071
0.0186517845782053 -0.0427229123584558 -0.333021702339517 0.355297870445328
0.0189327792712751 -0.053378467983471 0.100226123406355 -0.0260465942886134
0.00702355466874466 -0.033899141729481 0.10668959937457 -0.534115505759751
-0.0140527377044769 -0.00462822611013544 -0.550897282415361 -0.520362996594132
-0.0277101782138747 0.00991822334147314 -0.719957895285669 0.218104446633254
-0.0317282198148833 0.00770613710543395 -0.144035450676614 0.576945849703265
-0.00623168348388768 0.00546285771064448 0.249774623646745 0.319638476934065
-0.00344711280054524 0.00596686179685789 0.244116657655101 0.0438346123416675
-0.0117486234984141 0.0162504163836397 0.0970615553571916 -0.157002988722754
-0.00964348279510975 0.0131832332221743 -0.0590604256242711 0.0608083321796803
-0.0305611680861348 0.00578376154202113 -0.0978379329813378 -0.204915572504628
-0.000333510274561177 0.00549781097816883 0.0868586077879008 -0.429493189141186
0.0131518493204535 -0.00544122723470192 0.536554039756777 -0.0884618229009912
0.0386822708249837 -0.00877212365958482 0.459039299592742 0.610867387832813
0.00308543108037215 0.00752406107422217 -0.154669639886493 0.799516078765404
-0.013893100331756 -0.00767578656604811 -0.336158578053578 0.342347351980148
-0.0135444287577877 -0.0180157926600286 0.108925081496263 -0.0376040303280982
0.00555297174218391 -0.00060895415323353 0.0942888510887114 -0.547619843494977
0.0129061352629851 0.00243055889657884 -0.566573618283273 -0.501209331505016
-0.00276784999385117 0.00422500207376377 -0.710377461966007 0.248043946929251
-0.0175469221565221 0.0161788339210464 -0.127632327941674 0.583490712736018
-0.00814126158741431 0.0212391022415705 0.256683771463205 0.309873875345435
-0.0115300181414574 0.0150694974387684 0.242715246248795 0.0354000882718594
-0.00479081526496154 0.0194831824900848 0.0931985615932136 -0.159582880613369
-0.00703119152646803 0.0162687636152798 -0.0611294565408098 0.0630331843423698
-0.0392479461733317 0.016427171473329 -0.104589636389907 -0.197649037729008
-0.00276406296622855 0.0203397479252011 0.0692920951446434 -0.430601222955703
0.026054321180926 4.59415393115996E-05 0.532544557026315 -0.121035799438211
0.0574981472389239 -0.00176266742353989 0.498263222868819 0.573847111386475
0.00450557928948868 0.0392497241419399 -0.105826132156808 0.800866485994313
-0.0467533535163824 0.0313168402910816 -0.325471881853668 0.353438821929383
-0.047752933500458 0.0195962829454229 0.103970137288691 -0.0344460855510441
0.00207490974555203 0.0353076607755414 0.112077658885718 -0.546177554587579
0.0370446825759644 0.0101615065147177 -0.540419058572053 -0.530912034945688
0.0229046171822454 -0.00323798481288474 -0.721570658807972 0.209604460023202
-0.00430090486811387 0.0192500496984214 -0.157364171726292 0.583123437006224
-0.0125413079952036 0.0349042502020003 0.242303064187676 0.3294528057686
-0.0202035668718108 0.0252399013684585 0.238734946073282 0.0472481487394209
-3.23617445714512E-06 0.0225148443249963 0.0869102473010644 -0.15632597374932
-0.00472194013039269 0.0175380349816821 -0.0620493210586797 0.0672226413976173
-0.0442136973848769 0.0244689255410617 -0.122229457994288 -0.179977237008055
-0.00513001043736944 0.0303409220984346 0.0225873162953958 -0.427077566580931
0.0344039708626076 0.00164293079377584 0.506027548611708 -0.201695567490795
0.0738767068780431 -0.00144138444956808 0.580029804691767 0.473669032939571
0.0148066630873751 0.0647821420630443 0.0123838985059913 0.797279004627456
-0.0665879403729059 0.0686311463268339 -0.299842110857235 0.390212660906643
-0.0791739795233413 0.0533998161394778 0.0870847442025009 -0.0145388406665758
-0.00845764592742041 0.0677313604390289 0.156726669528167 -0.52871607116269
0.0533758766310717 0.0241404793973812 -0.467247036968253 -0.604022161744718
0.0456836405446297 -0.00730703228567785 -0.748053823452581 0.108342078748803
0.00557231055150469 0.018965555792295 -0.232044860610929 0.573194504142337
-0.017176222068751 0.0450693332932965 0.20611080256285 0.371458992749371
-0.0281177629456129 0.0329682315326192 0.231949242705723 0.0778385974625467
0.00276100658079051 0.0265413503985572 0.0813086115732505 -0.148131922727952
-0.000388792164701483 0.0170219306872567 -0.0645638859469946 0.0760508862072994
-0.0442747803780185 0.0279733366876406 -0.141103059983466 -0.152562100712621
-0.00666842441449767 0.0348774154302274 -0.0475651421053226 -0.415287068404067
0.0366747266725877 0.000950387642688921 0.44616934542765 -0.301931558604118
0.0833277313529894 -0.0118412555255936 0.656760858772408 0.314257037519205
0.0344043027172268 0.0766526826377762 0.173451149796978 0.763705984865486
-0.067217153132118 0.0948448044628302 -0.254636283154468 0.438127677295067
-0.100866541506315 0.0764626047094492 0.0612399067354367 0.0178465213394669
-0.0289906332798285 0.0906671719318884 0.214971793659678 -0.491126261487155
0.0565076326081017 0.0421339230784998 -0.342784015204499 -0.696351860277019
0.0616176688499243 -0.00580888661122108 -0.761218050937358 -0.0564096256033797
0.0113492064847153 0.0151976999753204 -0.340345753853779 0.528778363105506
-0.0215916157308161 0.0489268891122132 0.14790047102607 0.422850624420329
-0.0348936737997461 0.0382943823937636 0.219851588727839 0.122765467791843
0.00349631824470241 0.0271551671035527 0.0751613677943036 -0.137686115460202
0.00210461550623519 0.0159784083957537 -0.0663982629157889 0.0878706522662308
-0.0403399167327767 0.0272086993925953 -0.161974927297703 -0.119676107045552
-0.007970448247961 0.0335324301059113 -0.121301484887821 -0.382683401225662
0.031411984895364 -0.00389984101367627 0.357983791291589 -0.391153003847718
0.0807607765511143 -0.0262547520061274 0.698007053757225 0.128964695788157
0.0520302028567562 0.0708601431024958 0.336535159895445 0.688541576700283
-0.053571826844903 0.105295750637314 -0.194952255191203 0.485834200201226
-0.11077868096103 0.0840684630618076 0.0295839229066623 0.0587047706114048
-0.0517306485467756 0.0977733951172624 0.269671851665949 -0.433997053805058
0.0430377494615115 0.058672572934184 -0.179912881811658 -0.771664037653955
0.065887659465832 0.000284271324000378 -0.735032620030916 -0.259537615114835
0.0132026021155891 0.00904341927641143 -0.457166484584905 0.446270108053751
-0.0275762141080123 0.0440384183014399 0.0706668495527387 0.468229739256158
-0.0401424130451118 0.037240439660873 0.202047474773487 0.175213112148082
0.00161540305415594 0.0280478049081981 0.0734355717858081 -0.123218800131719
-0.0124465255242193 0.00227151912305556 -0.0538350882110743 0.0756543062324689
-0.003530325460661 -0.0223619150768941 -0.125921921576028 -0.171431721949684
-0.00321805262384406 -0.0387434215236264 -0.0307906059895969 -0.431343274167082
-0.0318690503173346 -0.0257428762023535 0.441822959654294 -0.285264906173629
-0.0230446675841241 -0.0263215378899177 0.611811954681727 0.351855930439989
-0.0236928351880134 -0.0459652417700887 0.110190185177494 0.770777171203614
0.0371766162639853 -0.0925062738993414 -0.278801599468736 0.440496712689484
0.0617615591037828 -0.0980335702667014 0.0527657266266015 0.0340630568276824
0.0228946886293055 -0.0836039826122625 0.192409605098012 -0.473488833246331
-0.0480820592658762 -0.0282607629174846 -0.385195011233961 -0.667179376656317
-0.0627661533955283 0.00493902591524573 -0.769542992200402 -0.0234357483224843
-0.0567621694169921 -0.0160577393058755 -0.307048994003703 0.528695109155311
-0.00614363070736831 -0.0283061037616352 0.173633828211227 0.402782658853649
0.00950925875063408 -0.0135170309892995 0.231913328064283 0.113796233402846
-0.0195251149909115 0.0102308112580452 0.0982402292532568 -0.1403313844438
-0.0117286497375268 0.00575557831714086 -0.054964430248178 0.0675862100719109
-0.0107437342366191 -0.0157330947298299 -0.110246333734321 -0.192582842297466
0.00148577446157851 -0.0257997488652502 0.031725899751414 -0.43579720433802
-0.017402695355029 -0.0198117662776384 0.49390136894391 -0.185935296010168
-0.00300706790102599 -0.0252888405373597 0.538660528581246 0.496758614766539
-0.00738312388162897 -0.040165314531009 -0.0312557980375174 0.797603214389208
0.0373079636244563 -0.0725336581595358 -0.31713064658186 0.391698084222552
0.0445220989616922 -0.0809351641407776 0.080923499466101 -0.000747991167336828
0.0123585909470247 -0.0629822110683315 0.143973787461643 -0.509842059208855
-0.0356324643506353 -0.0141111457599776 -0.491365460922194 -0.582631972015349
-0.0486439927680782 0.0105306477725366 -0.748691176945906 0.125200786598584
-0.0454995014247265 -0.00356776648516068 -0.208151448399221 0.564602630867455
-0.00526084052067047 -0.0116576889225855 0.224288426418845 0.353966889772949
0.00347432026471215 -0.00359553689233088 0.241393299027276 0.0716352385548946
-0.0157231091460932 0.0137084894997162 0.0988795699473162 -0.151509004998999
-0.0114610645990687 0.00961377483531001 -0.0573873517366611 0.0630130523334986
-0.020189303499176 -0.00630585648814244 -0.0999910947513793 -0.204366594219209
0.00206614237693998 -0.0106361099899645 0.0740101093181861 -0.431640060158039
-0.0018250012302498 -0.0131445083437574 0.524816065465597 -0.11145010634595
0.018349158291815 -0.0178967198757644 0.475465623379838 0.586275096878189
0.00177890142009303 -0.0210628861739986 -0.12946137756232 0.799823326569256
0.0194923092601371 -0.0429073788077114 -0.332015889379008 0.354041788653059
0.0190007127940415 -0.0531786345393349 0.10023927232776 -0.0259908170393122
0.00661951457639194 -0.0340859102722821 0.105844975325957 -0.53461873135099
-0.0141005227589727 -0.00476000727690485 -0.549582569768721 -0.519775250526544
-0.0265554224892214 0.00967867416682297 -0.720797263627136 0.217584039085481
-0.0313320975750675 0.00747955288177095 -0.14512390148697 0.575462654206768
-0.00584772103456831 0.00531513508492825 0.250895371209032 0.320785076019703
-0.00371511524426591 0.00625382635875845 0.244202224541223 0.0439231959295857
-0.0116979754207237 0.0162739387272253 0.0985262957798507 -0.157708956605
-0.00984312813477956 0.0138177490032462 -0.0596920769651315 0.060666565727722
-0.0303304136647445 0.00599034163730389 -0.0981428726834749 -0.204490090573816
-5.83039686217518E-05 0.00586971260606016 0.0867887898265745 -0.429247195192493
0.0130223366524111 -0.00594730426821437 0.536158218739068 -0.0868415026680864
0.0387213950081044 -0.00927934361586009 0.456946834535759 0.612316416191453
0.00249056989906994 0.00692230987465528 -0.154006338083569 0.798019356858291
-0.0135024667471586 -0.00724429227494101 -0.336911943819516 0.341306446611997
-0.0137126101648662 -0.0168225814697451 0.108686040957329 -0.0382678220959997
0.00501206967913548 -0.000217256498910278 0.0964281004980607 -0.54497313193267
0.0124294408294344 0.00232735889749322 -0.566734571624281 -0.502172321823468
-0.00239285995371725 0.0044699144395583 -0.710366559383596 0.246653240794173
-0.0170254114581884 0.0153024943951546 -0.126810164099521 0.582298435147483
-0.00825781242084796 0.0207753173573259 0.256921110377957 0.309863923154397
-0.0115735758031062 0.016040986170247 0.243341071150275 0.0348572661377975
-0.00511361006119131 0.0201875110747267 0.0937066926283786 -0.159056431598397
-0.00791984220836049 0.0167767578788211 -0.0616102026172139 0.0624209948554223
-0.0392440106205933 0.0169594085019474 -0.105173174069547 -0.197153304586175
-0.00192249546720879 0.0200259274882701 0.0696734685748798 -0.428986125362182
0.0258289365224379 -0.000550489003967309 0.533883410115244 -0.120011828734258
0.0573238638831393 -0.0016375341516752 0.495962551716542 0.574160473355732
0.00443608137475713 0.0391623837603457 -0.105604031374446 0.800465081058829
-0.046590731662029 0.0312420094740218 -0.326407352646082 0.352892959070529
-0.0481482180745098 0.020145028204467 0.104209217158907 -0.033237664130442
0.00251893963150029 0.0348172871717515 0.112775019367688 -0.545180655257495
0.0366297009748412 0.0096245983520887 -0.539508992749717 -0.532861728667109
0.022888377188734 -0.00276120096768601 -0.7212864078686 0.209513705544198
-0.00390159348728563 0.0187824773722087 -0.157093382998555 0.583392586718969
-0.0119447669750242 0.034490230777507 0.24124674970904 0.328805485039696
-0.0198824917506496 0.0257789118270944 0.239574080368556 0.0476312309707409
-0.000283927388424709 0.0236421965771385 0.0877116944196026 -0.155612847822817
-0.00428505253445846 0.0179945375192587 -0.0633223053227929 0.0680517353973418
-0.0447973829128316 0.0256098516080334 -0.121776449760003 -0.178880311440498
-0.00490435660949316 0.0302298877464669 0.0227175443637248 -0.427157228415067
0.0344471333484256 0.00148295697337422 0.507501504226842 -0.198296329434583
0.07373313031308 -0.00207718772677836 0.576908587735058 0.47388993515682
0.0148818107451109 0.0646544280127213 0.0114191075466587 0.796343802814047
-0.0657949346958292 0.0679509122292736 -0.298477051128795 0.389304301577015
-0.0786678724055624 0.0537750760963917 0.0870754761786973 -0.0135140344116664
-0.00829045156845946 0.0678294755894786 0.157960583777463 -0.528949646314776
0.0534960516844351 0.02445915777079 -0.465512753157832 -0.605053540801716
0.0461377576314372 -0.00630007174024497 -0.746895726598032 0.107980031892159
0.00614882386554279 0.0189215625641857 -0.233114767164142 0.573157454387745
-0.0169520857257847 0.0444603425388191 0.205686410304228 0.37080705366862
-0.0284935277707361 0.0339294585250993 0.231585142421174 0.0786467465013997
0.00290008775565112 0.0261122720939131 0.0824163568662977 -0.147737475845364
-0.000561694938330601 0.0170322624504301 -0.0651905557242813 0.0764018006992356
-0.0450303719222094 0.0280739852271359 -0.141714350283971 -0.152492689191883
-0.00652343440548872 0.0341845118379464 -0.0477863941846933 -0.412556064977049
0.0369947457185182 0.000868859294922805 0.446387033090148 -0.302461680226967
0.0827713128797296 -0.0114127324120272 0.654547773229806 0.314505523178859
0.0345725117155573 0.0761227116753654 0.171524393641687 0.762142364087352
-0.0679859043087394 0.0952521746848148 -0.255605815924368 0.439320002339471
-0.100567543952636 0.0762624385304755 0.0612151154634041 0.0190631009087052
-0.0286328987759227 0.0903325405306774 0.215282040742334 -0.490688644812263
0.0559707597682633 0.0417948735497281 -0.343771293408084 -0.696178549728586
0.0615734546192729 -0.00587320700072191 -0.761435137416985 -0.0586333243282499
0.0119863489809237 0.0152700351052133 -0.340547075979007 0.528852709279057
-0.0224290234001902 0.0484223808221027 0.148110321542065 0.422075176634303
-0.0352986344258821 0.0378908524456259 0.220385072371156 0.124392082131906
0.00463048266729186 0.0277166511629525 0.0767581018305675 -0.136637905916659
0.00280805692373127 0.0151411885184179 -0.0669390149359034 0.0868732555480608
-0.0407068190187229 0.0267576734661526 -0.161852068888607 -0.11928533090546
-0.00826473843742478 0.0330783174078136 -0.122604780310086 -0.381237674154828
0.0319870323776634 -0.00306277428429931 0.356818687203279 -0.391529400621767
0.0799666778425498 -0.0261918711501737 0.698979917456728 0.130926303213477
0.0525204174153319 0.070388934729669 0.335620978106976 0.688864760268579
-0.0545933174988217 0.105020346521881 -0.195437262475908 0.486480902569368
-0.111315746666298 0.0847144102056388 0.0296442117229279 0.0574809151788206
-0.0513997205459917 0.0980221027895379 0.270925168447045 -0.432224295174626
0.0429592996303961 0.0593352620011877 -0.179843231392799 -0.77126409812599
0.0652562081727172 0.00125265739754846 -0.733401767287871 -0.26100737635547
0.0130909825546034 0.00817271732150995 -0.457170378531815 0.44478646510739
-0.0271285683625296 0.0443609658982033 0.0721360367949444 0.467583826747947
-0.0404033548926739 0.0382454501865703 0.202756612567714 0.17549156577962
0.00136818821283281 0.0279304451952491 0.0751206453481394 -0.122477932152199
-0.0134608986479684 0.00222151842898841 -0.054262871877113 0.0760415718405382
-0.00425705764635666 -0.0221155103041946 -0.126500994299876 -0.171805389404485
-0.00135625769690531 -0.0386012798857883 -0.0316587781018813 -0.430492296636216
-0.0315095552860239 -0.0256614536079377 0.443935394895518 -0.285220062870589
-0.0239350716155746 -0.0264622307503224 0.612995353973875 0.354843740983089
-0.0239665692395324 -0.0457220703452387 0.109692821119158 0.772781974481922
0.0362523119435483 -0.0921861775296706 -0.278300097012738 0.442319322100123
0.0622068722033976 -0.0982014417804557 0.0528411642390755 0.0344793489843438
0.0221529746100642 -0.0840821762783133 0.194350061788896 -0.472122232869648
-0.0484485336336847 -0.0286775742043999 -0.38450698235472 -0.666747383812395
-0.062968175122197 0.00554476886904607 -0.770802860518743 -0.0241741905867995
-0.0569480551580407 -0.01626172675566 -0.307073857763145 0.528328202519645
-0.0061886799660549 -0.0287599994108328 0.173655870221638 0.403462391641159
0.00884902520902734 -0.0123441113842391 0.231953732559807 0.114114010077247
-0.0198562223803098 0.0111378718700434 0.0990119079337469 -0.13931086297868
-0.0113061756519798 0.00555677840804931 -0.0555250271222746 0.0676310503374964
-0.0109247053026282 -0.0157592390465513 -0.111360067946544 -0.192961529978919
0.00160823039860522 -0.0256541597577591 0.0316784150295958 -0.435809100957758
-0.017460527538617 -0.0192648320443226 0.496864325414354 -0.183482893053785
-0.00288682802070487 -0.0256042110668131 0.538925076965944 0.497678884533203
-0.00703010112793832 -0.040560892093204 -0.0332003343664585 0.798273693006352
0.037512587730862 -0.0725074041463635 -0.317690987134511 0.390546755495363
0.0450279620752955 -0.0805646086612053 0.0804704366334123 0.000337386830381829
0.0118669099950364 -0.0629719943198209 0.144558213492544 -0.509619851225962
-0.0357844974879448 -0.0140310615807983 -0.489565566705641 -0.584340182482203
-0.047597877105037 0.0107608965714286 -0.748949010555173 0.122822027102749
-0.0458378648903642 -0.00382791980318411 -0.208907515642833 0.56401932509765
-0.00540937074524413 -0.0118976413646626 0.223724883677557 0.355381815764613
0.00399201524374865 -0.00339724812897613 0.24224312256422 0.0729357021832096
-0.0157929141241583 0.0135700562398802 0.0998677963418063 -0.150513646411413
-0.0105468489668206 0.00951859854979803 -0.0579165673679273 0.0623304421963751
-0.0198174706728989 -0.00513503895325076 -0.100299438826514 -0.203514708135517
0.00267829835419929 -0.0111051041359271 0.0742361270773998 -0.431181816707988
-0.00126643850376951 -0.0123873959834285 0.526579974952783 -0.109549434509952
0.0181860940346931 -0.0187915103529521 0.473979318248057 0.585894949709979
0.00175715747741988 -0.0213917875453069 -0.132166028706641 0.799023860829849
0.0186402520720819 -0.042620114303616 -0.334169241027099 0.352939828928898
0.018776661954895 -0.0522660105824901 0.100240553909621 -0.0251834402543936
0.00600099362057133 -0.034345502079353 0.108359947195265 -0.533529599696581
-0.0148452342794099 -0.00496728610206279 -0.550055027573829 -0.522808253447337
-0.0265715411741025 0.009937685919428 -0.722376679831434 0.216191040830708
-0.0314717129529235 0.00755670463420203 -0.144779389268012 0.577634655214522
-0.00628704915736991 0.00477226224452388 0.250537810995901 0.32027768088747
-0.00414335171103516 0.00685124817961487 0.244807534132717 0.0449643716397289
-0.0103761043734911 0.0173622175038331 0.0986680694275391 -0.157652164367794
-0.0103274130919244 0.0135170319334671 -0.0606801778486446 0.0608856380208389
-0.0309087289215825 0.0062399526439296 -0.0977550610481111 -0.205701205399663
0.000430664049455394 0.00519011125721646 0.0883688492047594 -0.428382084860893
0.0130961865831132 -0.00599669846758826 0.538792097561903 -0.0854999186531874
0.0379278211483131 -0.00947889366060601 0.457809882196801 0.614873107111659
0.00284644718906175 0.00705003681008789 -0.156095990864785 0.797800815744801
-0.0128732771475939 -0.00705680234529138 -0.337681090153388 0.340127774012013
-0.0140811951761269 -0.0171064726939677 0.108199288803 -0.0371847646824268
0.00467855816045129 -0.000439279680159568 0.0974268740464788 -0.545576181472098
0.012371099128266 0.00223163984462873 -0.565691112790011 -0.503225832595244
-0.000990248036982933 0.00520505199593826 -0.710718487445269 0.245667483384216
-0.0176735707041014 0.0152844929222726 -0.12703639464605 0.582090753759392
-0.00867405445869882 0.0202587819911237 0.258010720961448 0.311250074714726
-0.0115317691811024 0.0166317352516086 0.244248088195324 0.0360820066626742
-0.00472750162987886 0.0204625779815179 0.0949112890845813 -0.159651863970055
-0.00748430914903511 0.0159038590839598 -0.063177702718346 0.0622089660503904
-0.0396821671362141 0.0173672908017531 -0.106255142754244 -0.197568052429819
-0.00216828871756815 0.0195485141951646 0.0702566684384751 -0.42764865054456
0.0257454429007041 -0.000379067378585647 0.534712208383845 -0.119791632325877
0.0567858101228063 -0.00209769865641719 0.496891694997868 0.575245702009197
0.00434546509554867 0.0386437216941746 -0.107933939203507 0.801525078286629
-0.0462500706197059 0.031318733020216 -0.32635855018866 0.351216507535659
-0.0477370211857133 0.0210155930194576 0.103782256734785 -0.0327773332716665
0.00112551170852735 0.0355321225524616 0.11410968099147 -0.543848241222228
0.0377351514491392 0.0107025559015842 -0.539061806977809 -0.53501066012915
0.0234235410372445 -0.00252200012618117 -0.723209771913369 0.21016198756123
-0.00465696040209312 0.0193593633817713 -0.157930261483642 0.584014616820736
-0.0127263887440199 0.0344840158132022 0.240965792682413 0.330624249702173
-0.0202030562337457 0.0259813708366791 0.241158341674201 0.0482693960554449
0.000778627576390845 0.0234379868536444 0.0891629606168977 -0.155714769105879
-0.00421275566192924 0.0173379670019176 -0.0644580515735028 0.0672094906838266
-0.0445662265121535 0.025176582912187 -0.12221375377998 -0.180581882279288
-0.00530007555506742 0.0300262891128742 0.0222158251817499 -0.426318252718701
0.0348675811958561 0.00179664840784818 0.509777091280259 -0.198904290320103
0.0733628184893198 -0.00178881286863958 0.576829555569999 0.476115557767485
0.0153801517955171 0.0638042630852298 0.0106141281480458 0.797505792506008
-0.0665844012407774 0.067977144667494 -0.299832958281012 0.389993474530724
-0.0790433440323009 0.0538081554170677 0.0871884608145413 -0.0130841594923014
-0.00946637008240117 0.0668640826873674 0.15983942134541 -0.527356201237249
0.0536011202634477 0.023511005929818 -0.466948630497051 -0.605973660380802
0.0463503880454088 -0.00679309761606932 -0.749711083160155 0.105872395779378
0.00592542353931285 0.0189707091227823 -0.233124930922923 0.573006803962315
-0.0170166951912475 0.0441409123002723 0.206877461740068 0.372586763848898
-0.0283840942253921 0.0340070795718377 0.233655016098433 0.0794035284462789
0.00425298408257136 0.0260860359230996 0.0818479812024255 -0.148499572667505
-0.000266235210419044 0.0170678088545718 -0.0658023162048017 0.0765479267884849
-0.0451922262648556 0.028833480398679 -0.141959583463233 -0.153437646775369
-0.00691060196559666 0.034643083342073 -0.0470130917889733 -0.414393223835216
0.0371947244215462 0.000579495156278472 0.449848535870881 -0.301236051817524
0.0826138582224917 -0.0115278089418806 0.656769936840505 0.315654638575148
0.0339427188823411 0.0764217683339707 0.172537624555586 0.763128110818561
-0.0681108584115343 0.0947672538641987 -0.256773184479499 0.438029609392016
-0.10162491497202 0.0772783111004365 0.0601880970169841 0.0188551055629024
-0.0291115751678042 0.0907830112627281 0.216774695429443 -0.489103346334656
0.0549459030951826 0.0420793166437175 -0.341180241590264 -0.6971328754675
0.062627635316886 -0.00563868239574675 -0.762457710913596 -0.0588483818980417
0.0118209215053977 0.014710422654088 -0.343345499899815 0.530290641631558
-0.0224502928271642 0.0492349718453185 0.147524282049479 0.423550468615312
-0.0350359305716609 0.0391636525188752 0.221109955322309 0.124918297135606
0.00456137751974414 0.0281966172492176 0.0770911914779844 -0.136914813423108
0.00289414073019255 0.0155142160231436 -0.067109547426683 0.086430615725797
-0.0403144266000073 0.0273180122413965 -0.161984907941723 -0.11967205883632
-0.0075672100736203 0.0333364509548626 -0.121090282032986 -0.381237797740706
0.0320586662568524 -0.00297477094367442 0.359031692278186 -0.389149915831537
0.0802935941360609 -0.0263334523428302 0.699361877335286 0.131146430451293
0.0526965675651821 0.071820548895837 0.335360661002452 0.690356193636481
-0.0545027653458848 0.105293923951836 -0.197519330162543 0.486857768848258
-0.111756609449112 0.0852126484670345 0.0293083716730321 0.0577181915769681
-0.0529765285128922 0.0976670726079284 0.270075195820626 -0.431846438530955
0.0421895453848324 0.0596881784831963 -0.178091107896213 -0.769968570510132
0.0657919059556445 0.00126487638905876 -0.733697404783179 -0.262137241815114
0.0128224276336936 0.00914535486446471 -0.457500989201791 0.444801432773686
-0.0277136458430307 0.0440248634866261 0.0721262177833885 0.468404611215843
-0.0401332787107223 0.0385792817395432 0.203679611970669 0.175024194861659
0.00164220036654099 0.0283818224712514 0.0753360871987865 -0.122045505685164
-0.012835859601387 0.00285767798756271 -0.0560084711772888 0.0757296680479386
-0.00377803065827954 -0.0228731877095435 -0.126817482159941 -0.172517507549681
-0.00166932602121824 -0.038807157388116 -0.0311522831985855 -0.431369578549582
-0.0315338417148534 -0.0259849740976029 0.443482994275212 -0.283173681369089
-0.0247042251572455 -0.0267890445426483 0.614933057513261 0.357265549788784
-0.0236010366703736 -0.0469133304654529 0.107954354755573 0.774526120301828
0.0361340879847655 -0.0932031815706397 -0.28202392128377 0.440702676181001
0.0622776100389131 -0.0962093416014003 0.0539355890504703 0.0342476049745936
0.02360231416492 -0.0835557742463149 0.196938212348219 -0.47311517118979
-0.048623751679651 -0.0280103953592488 -0.382298922376731 -0.669732604483456
-0.0631460515985996 0.0051782502853549 -0.77113787254078 -0.0273363031544887
-0.0577017414908095 -0.0164430352096925 -0.309083792671681 0.530442137101822
-0.00596870949417265 -0.0285543711627655 0.174267282449264 0.40314577886569
0.00828749109214997 -0.0121018687946954 0.233388485241862 0.115617157258528
-0.0181042110213562 0.011932919147739 0.0994317063855566 -0.139668058664306
-0.0118921374426347 0.00633042518181483 -0.0562962019830263 0.0682168751400167
-0.0106572460548162 -0.0152453797709558 -0.112283842220935 -0.192398497353852
0.0022061206950653 -0.0260716133488573 0.0315306470620558 -0.435788696775547
-0.0171211354058845 -0.0191433152661315 0.49981184796955 -0.182417074511503
-0.00328377443318037 -0.0262990739897643 0.538883292874701 0.501639104094819
-0.0068703319021117 -0.04163114768502 -0.0342565347365188 0.799411722221785
0.0368734523037354 -0.0729736581096146 -0.319509108675346 0.39104092471893
0.0444186828596419 -0.0798078876496354 0.079963407181719 -1.7599975827039E-05
0.0129023276993721 -0.0633746338364151 0.145488153545507 -0.510652385577909
-0.0356057170740978 -0.0153005243858196 -0.490290686866977 -0.58846889813803
-0.0469924754219918 0.0103080006070237 -0.75055170899723 0.121876857042051
-0.0459099280116213 -0.00312887010652919 -0.21002367492137 0.565593188933084
-0.00454724157067964 -0.0117921466378729 0.224957114672748 0.357120643839237
0.00445116122532989 -0.00250168739894218 0.243186464572509 0.0731094984400586
-0.0157538033899389 0.0154410298753492 0.100512443084331 -0.151399881436354
-0.0110396077310786 0.0100285515210618 -0.0596024723191242 0.0625032083240794
-0.0202789648153764 -0.0047359200748116 -0.0999180107734378 -0.205057432907944
0.00225628842771692 -0.0107247190387478 0.0745378403035608 -0.430036172543675
-0.00231249324509401 -0.0128122545710506 0.529502209138673 -0.108178219609491
0.0176736152254852 -0.0195938360312126 0.474729846930419 0.589348542083406
0.00138315056038647 -0.0211639453493309 -0.130931273399108 0.801673063935797
0.0200651563771498 -0.0420112749792793 -0.336133536196428 0.352443836716876
0.0189822574182088 -0.0517075383743982 0.0999052228662495 -0.0252188869356793
0.00737348892120729 -0.0351260907077331 0.109030887883545 -0.533027254297421
-0.014629774159379 -0.00455466950122257 -0.549608515692927 -0.525429722714043
-0.0252300489013071 0.0102295579133638 -0.72252509703736 0.216072937931045
-0.0322329845187948 0.00750571559259235 -0.14610276137218 0.578144289909741
-0.0065042197938388 0.00535159704158581 0.252153764696038 0.322019553640575
-0.00435571717619597 0.00750486663068056 0.246696576354932 0.0461665416348589
-0.0106295246399963 0.0173045120336094 0.0981806154271311 -0.157960637196207
-0.00953071886020968 0.0131088318177677 -0.0616897216427315 0.0596799924320849
-0.0310706238455072 0.00644134682912959 -0.098882924170625 -0.205728114705202
0.000832103693482686 0.0043259424291934 0.0894997093522289 -0.428470118552095
0.0132004786420025 -0.00616033316257761 0.540283375035945 -0.0853384291647987
0.0381714247564505 -0.00976079469677466 0.457227176345754 0.616810547743324
0.00309731921016334 0.0069971659988867 -0.159358991667489 0.799424318371066
-0.012864831803644 -0.0071595345735239 -0.339600150692003 0.339739413399793
-0.0134756697922614 -0.0175014843553975 0.108073814934024 -0.0365269099413192
0.00425720555028794 -0.00156445685969682 0.0985479691124639 -0.547060387115076
0.0121914857142256 0.00241316568441227 -0.564136154740691 -0.505133581476268
-0.00240863451067287 0.00519266794788681 -0.713169532454235 0.246096104234719
-0.0176137732024359 0.0154437217034057 -0.127528728416537 0.584427440074639
-0.00838144844649085 0.0206333012584917 0.258318612815778 0.311387344648528
-0.0131255056741169 0.016944848132307 0.245942849951746 0.0370977221301633
-0.00392376691905958 0.0204682015677793 0.0949757395583397 -0.159024300230306
-0.00763386217881933 0.016569511923725 -0.0636195206513645 0.0626727213042167
-0.0402279406397686 0.0184255271537981 -0.10615400238184 -0.198602987616179
-0.00226213596921553 0.0191753428248289 0.0719864339197536 -0.427773617240629
0.0255447647363637 -0.000878497884732534 0.537177497210383 -0.119185319737693
0.0564977407049222 -0.00269410507483902 0.496995120691156 0.579535871174583
0.00501201113664815 0.0382238462536175 -0.10876691608922 0.803622183579054
-0.0462348397834687 0.0309382160473093 -0.327937201209156 0.352116660656606
-0.0490996206906378 0.0208855928837851 0.104408690881554 -0.0331438886138185
0.00127842658879903 0.0348835480232634 0.11624577534478 -0.546222866277182
0.0360484074788886 0.010237112227228 -0.539522163938504 -0.535041134606146
0.0233700979257964 -0.0034045991541864 -0.724808809363546 0.208501822687379
-0.00545955542447358 0.0198334516490363 -0.158218157558302 0.584437377460675
-0.012489650425199 0.0348267226006552 0.242681290254267 0.332747070326407
-0.0202621826844984 0.0269781236153024 0.241904113970372 0.0490924065650931
-1.34724457874769E-05 0.0235779015346228 0.089737045465922 -0.156574219180381
-0.00407571427764058 0.0179594541326393 -0.0645252808009906 0.0669698515988301
-0.0457289803862797 0.025394506035511 -0.122781483848238 -0.181470151287373
-0.00495028292816413 0.0298103588011504 0.0225143508385515 -0.425408281994098
0.0342515428583091 0.00132032427589966 0.510120743780925 -0.198208203621231
0.0730092438784929 -0.00150099948510695 0.576339181993118 0.477540135403864
0.0151775980372713 0.0645332286622369 0.00822028460148493 0.798837694528137
-0.067023182522207 0.0684778512028421 -0.302597971556549 0.38948394857096
-0.0787146512913954 0.0535987365013136 0.0873486978569031 -0.012849772211887
-0.0102799140234693 0.0682330617600122 0.161027697044878 -0.528483500335552
0.0540080450983019 0.0229196210885025 -0.464648423453249 -0.608525122880682
0.0474978775557853 -0.00716324688124049 -0.752086036896445 0.107661874748045
0.00496117779178714 0.0188515287183975 -0.233602203111247 0.573797380148757
-0.0180272387552586 0.0440296384724263 0.207227789967248 0.373592193927946
-0.0288916828015408 0.0336308669580138 0.23488900599927 0.0807114463660341
0.00443800945989941 0.0257160780306302 0.0838056666635231 -0.148470963239455
-0.00048620565322323 0.0170871666379197 -0.0665713019304921 0.0757711339104527
-0.0453862579941178 0.029091650868015 -0.142385291624865 -0.153224747613777
-0.00685040502633849 0.034484949844348 -0.0466809691323055 -0.412232259036554
0.0374013389099975 0.000383519987615856 0.451313984702505 -0.300756848347526
0.0829376013725839 -0.011129600162497 0.657109041447813 0.317209918147995
0.0347296940933434 0.0768193393168957 0.171161410190963 0.763720940783484
-0.0683894093118712 0.095195580143756 -0.258049922038655 0.437091710815874
-0.101744758031545 0.0771549073734702 0.0604024962609784 0.0199905184167608
-0.0293605541847125 0.0900816296335199 0.216695587306299 -0.488751315902571
0.0559189328112909 0.041580884656742 -0.341229612957356 -0.699169916954478
0.0630625492728328 -0.00545297926340841 -0.762956918094067 -0.0604877266588126
0.0119177488900275 0.0154802073851398 -0.344521929020316 0.53065863029469
-0.0233201743119555 0.0482002175053286 0.148653734395282 0.424834550923124
-0.0354309066381407 0.040191062009721 0.221441913114907 0.126187210886626
0.00490889037960817 0.0281210955310827 0.078313117050731 -0.137075814104418
0.00335214577883588 0.015288824068828 -0.0678629179489259 0.0863625188810262
-0.0406868845288644 0.0281862581483667 -0.162989695692841 -0.119516495932299
-0.00842902207181833 0.0328678724898233 -0.122118145035318 -0.380418991388036
0.0323601772254399 -0.00322039543207277 0.362848725121943 -0.390817765258248
0.0796385743044735 -0.0257466340691243 0.700841139925363 0.131962886361056
0.0529321348479288 0.0709767611900856 0.333879877813436 0.69320375269437
-0.0553736232780367 0.105239437479459 -0.198365618099019 0.486004370997399
-0.112086546671386 0.0849984220413579 0.029169687997076 0.0583903666389771
-0.05360674953295 0.0982740070123083 0.273238424766411 -0.432626359434608
0.042237048138252 0.0599353018967715 -0.176985018688629 -0.771916112698207
0.0662247168709714 0.00133521875886251 -0.736101825657782 -0.262764710502919
0.0125432469680928 0.00969074673603407 -0.458641566225067 0.447035818681741
-0.0277212550247344 0.0440371942182357 0.0722970331065003 0.469031253635648
-0.0408389101787413 0.0387544936304342 0.204616973737179 0.177020204400396
0.00412826173078745 0.0282095156122356 0.0772276217033721 -0.121190959244581
-0.0137029153166978 0.00296595397684582 -0.056721157615098 0.0764096520739793
-0.00374440740943581 -0.0218394318398467 -0.128547767475033 -0.172876525059947
-0.00164652113948065 -0.0397263964830464 -0.0306629688403337 -0.43206355360509
-0.0317644078132745 -0.0265102144814822 0.4472845023252 -0.28303548522394
-0.0239019458930304 -0.027325904858165 0.615005452210623 0.360676463604871
-0.0236729759849729 -0.0464306115292422 0.107484489887433 0.777346798516749
0.036538811181736 -0.0927600260301531 -0.284392466790931 0.44292968321153
0.0618958168701965 -0.0969259855126712 0.0530480368663559 0.0353367212402732
0.0229596620634092 -0.0846644452412182 0.198119527800662 -0.47486350273681
-0.048460052248667 -0.0291596811682066 -0.382784327179852 -0.672932479285381
-0.0625528827456185 0.00586264415902713 -0.774561577183978 -0.0258754081018812
-0.0572691263637157 -0.0158871891932178 -0.310744892235182 0.532994852313613
-0.00632347019722578 -0.0294307227784401 0.175232787375857 0.405472338466325
0.00861825149960337 -0.0116222523893443 0.234618490527785 0.116318520222443
-0.0182183257360017 0.0124606191540661 0.100537973656029 -0.139599927459217
-0.0118903661765175 0.00639060326650142 -0.0582659433700055 0.0676375468153544
-0.0116245458206657 -0.0148647751793743 -0.11260149008519 -0.193751643956027
0.0024938016027472 -0.027202340778136 0.0319346896695711 -0.436755924290557
-0.0168000003014939 -0.0197702437833315 0.502853957698829 -0.18290622508658
-0.00327808244856965 -0.0257598035408976 0.541595635132282 0.503567115468347
-0.00663201816564845 -0.0413031698256359 -0.0357695743967458 0.803655635821107
0.0378754949980343 -0.0726600589669051 -0.321380869197131 0.392026843217462
0.0455079051197504 -0.079586708058763 0.0808672913833926 0.00062514313153293
0.0119757023896377 -0.0636134660185825 0.147741227103661 -0.511548237976948
-0.0359959670114585 -0.0158200087621444 -0.491622184153578 -0.589710811637562
-0.0476690432000593 0.011271976922878 -0.755495902769241 0.123557521764758
-0.0460756544469782 -0.00353859532814543 -0.210297112468602 0.568772450070717
-0.00555078651057373 -0.0134188615073661 0.226538675473105 0.359255219387371
0.00285228749552621 -0.00197991422034232 0.243957695155156 0.074467348317225
-0.0154958764527427 0.0152968627088365 0.101569216742658 -0.15132440896358
-0.0115292083665738 0.0105940392245591 -0.060166865853002 0.0635068270521639
-0.0202050672090363 -0.00423498444154549 -0.102024348101314 -0.205139628023076
0.00249736632290277 -0.0116711317805343 0.0757741728099703 -0.430246128093373
-0.00161231335540561 -0.012707337542077 0.531268283140467 -0.107248253124092
0.0177861914389698 -0.0192251784376064 0.476111450067957 0.592934645907764
0.00148689512461596 -0.0220918961014859 -0.134513656671914 0.803403840951698
0.0186197797227658 -0.0429772318345026 -0.338383680657541 0.353740562293422
0.0191338805800188 -0.0524667346961846 0.0999850214648695 -0.0249181349842332
0.00574351609040104 -0.0347409149820411 0.11102704233522 -0.535781813657232
-0.0145815272831047 -0.00564837206923842 -0.55161823661928 -0.526250926041246
-0.0259608698810222 0.0112605237685457 -0.726002799993272 0.216268699267835
-0.0322465377478885 0.00752444551011948 -0.1466527967621 0.580622959583352
-0.00610106611685693 0.00433093473369503 0.253690331843587 0.324507013696991
-0.0050547574336873 0.00704465601833489 0.247907647150662 0.0479304967527306
-0.00930024097904889 0.0187312680625618 0.100607855590577 -0.158589871278124
-0.00954434348923432 0.0137210297880034 -0.0628789903388783 0.0609385223661135
-0.0310851495006512 0.00719443456101953 -0.0989232815581347 -0.206422446964925
0.000830272419518541 0.0043345022468846 0.0900623474876936 -0.42811121505147
0.0134850071176051 -0.00537225575005659 0.543961561290793 -0.0857556081814084
0.0376465259532356 -0.00960072960663232 0.459249383474278 0.618451343643773
0.00280076203430408 0.00703412426471393 -0.15776876395693 0.801258310262041
-0.0136030942215982 -0.00676705048619977 -0.340187404041906 0.341555610760388
-0.0142567411479262 -0.0167511448584823 0.10871310589771 -0.0365406804114876
0.00436887845562611 -0.00037571437819703 0.0999020768625796 -0.548265573801418
0.0120956866760163 0.0010676285981842 -0.569046188385329 -0.506282747297086
-0.00161253985616978 0.00491700327574542 -0.714892904160948 0.246419688851107
-0.0180510708957563 0.0153261263715312 -0.12838555322962 0.585810291546818
-0.00894766100429639 0.0202711475976921 0.258037105940147 0.314105049833442
-0.0122369788604074 0.0169178630369058 0.247339686904371 0.037485775056401
-0.00380023719125169 0.0207818662875469 0.0965248731673736 -0.160770441487719
-0.0072042967236684 0.0167321745910899 -0.0643736154109137 0.0628969421135719
-0.0403319092519632 0.0178694058991605 -0.10680233078692 -0.198498775833234
-0.00193265209786396 0.0185206200924281 0.0732730335313846 -0.429557702785869
0.0266975997561896 -0.000146674715003458 0.54001681531831 -0.117750824107111
0.0559528045947117 -0.00260835366967725 0.497834651918962 0.581956133429999
0.00401511584470721 0.0389469712325932 -0.10859066854032 0.802734230352624
-0.0468115170543711 0.031148195237824 -0.329433396521874 0.352215311534264
-0.048631982156644 0.0207178867404859 0.104730152980588 -0.0319536911174854
0.000596320886064532 0.0354555318221356 0.118226105595579 -0.545097761008179
0.0370075256689428 0.00968014560952145 -0.541637785816269 -0.538714784589133
0.0245476026871471 -0.00238172381169096 -0.726022877147021 0.209082005317078
-0.00495009232843779 0.0197127815082697 -0.159405463692325 0.589242299084532
-0.0130268009909531 0.0346822048607198 0.242760547681543 0.333153957281999
-0.0199699075903526 0.0270196419716511 0.243227614945912 0.049837474498229
0.00136830565690799 0.0239135473945016 0.0906718044005301 -0.156730575269589
-0.0044516318049527 0.0179168889476362 -0.0653743032106605 0.0676302612962696
-0.0452178707402287 0.0257330110466147 -0.122868839075432 -0.180320520319307
-0.00566903010481048 0.029267331549365 0.0246474982536086 -0.426052232024785
0.0348561230559968 0.00261859987163216 0.513844720770575 -0.19808295026814
0.0727955179497272 -0.00239402538098017 0.579214483067909 0.480301024458014
0.014827836127095 0.064549529912886 0.00841894247479289 0.801837375933828
-0.0672316644523841 0.0681329404348416 -0.303657937255806 0.391709479364427
-0.0791547850038742 0.0537795116039362 0.0868938737499176 -0.0125476631312257
-0.00951509809720769 0.0682105073600398 0.161834467985338 -0.53057992175296
0.0532146598138695 0.0232575853074997 -0.467636662664074 -0.608191816422515
0.0472173633403434 -0.0066225479499696 -0.753208115273364 0.104868785834096
0.00524535147695805 0.0192511236262078 -0.234863513917765 0.577304679756496
-0.0182570322769893 0.0449321229789671 0.208537533746706 0.376311940242656
-0.0289585249229598 0.0349910795624685 0.235109828006445 0.0815604790339007
0.00484946913759691 0.0258138775109904 0.0842924694247672 -0.148455489545384
-0.000146884334949266 0.0169935971540735 -0.0666281973924115 0.0758459330839553
-0.0453949599616689 0.0296025391700676 -0.142759064019307 -0.15372403807921
-0.00594747716652651 0.0343554147501072 -0.0462959875701904 -0.41400255822377
0.0379270287902487 0.00139987699033207 0.454981702527857 -0.301680603964491
0.0826007969711198 -0.0114813204751547 0.660875709008178 0.320993375210125
0.0344310913384364 0.0770716617003456 0.170445910747422 0.767508487745016
-0.0692730298772002 0.0952904402473449 -0.259266314531417 0.439038727712897
-0.102074979224942 0.0770841945989299 0.0598255427133844 0.0202238776025989
-0.0299204638426872 0.0912288951041625 0.219548360395679 -0.491018741256211
0.0559370900480401 0.0418470106834548 -0.342010285128717 -0.701608107364587
0.0632547913793196 -0.00598393520775232 -0.76611379360496 -0.0607835276411949
0.0118794893240617 0.0154217045959283 -0.346366240573368 0.532683975358413
-0.0229388432512094 0.0484133136009538 0.148352971827368 0.426763101533831
-0.0356408887849693 0.0393929738935318 0.223327062815203 0.126637867871656
0.00539043988318977 0.0278690666116597 0.0791886158244014 -0.136910262032606
0.00263538220759815 0.0151055648041432 -0.0683347648330987 0.0861338352108342
-0.0402432347241162 0.0282679852461318 -0.163779166610824 -0.1206715165099
-0.00796677815728413 0.0336786516216116 -0.120474077857229 -0.381291097724539
0.0327689892710085 -0.00232275376371217 0.363967786078801 -0.391500030620343
0.0800441937114771 -0.0260915015520398 0.704884691868765 0.13502108293582
0.0531567974544316 0.0714385074497349 0.33449629663731 0.695552415686975
-0.0562986858900206 0.106757004318457 -0.198577599940157 0.487499262996834
-0.111940953414866 0.0860429446555479 0.0285287895320174 0.0584134684379201
-0.0533828653364652 0.0975503331319141 0.273295580124324 -0.43089426627914
0.0420975853314201 0.0591939105889245 -0.176529413455903 -0.775682682228054
0.0672838326569894 0.0012807792640388 -0.738925464924496 -0.265261929207374
0.0126767829788412 0.008954721978088 -0.461676460692159 0.447664099798995
-0.0275667441459252 0.0444220471485422 0.0716852833064567 0.470203731735758
-0.0410451263839163 0.0391966104460084 0.20498329502966 0.17756613334236
0.00302497822986549 0.029747135432649 0.0778288396025762 -0.12246519209325
-0.0132568453532626 0.0039301356018225 -0.0572897104100727 0.0760375300189007
-0.00426062030318154 -0.0222838274589342 -0.129890142998152 -0.173159544938083
-0.000921045529755065 -0.0401305290898141 -0.0309511195076384 -0.432056251464738
-0.0316363478722551 -0.0255442966716199 0.449186791373045 -0.282860408547654
-0.0248869581618141 -0.0278865254122381 0.619311115447911 0.363169113629723
-0.0236818034751207 -0.0476158483440605 0.108774334525428 0.780800967270495
0.0370562360978787 -0.0928874939551735 -0.285258752630823 0.442749766446642
0.0627548808193579 -0.0976452747395248 0.0529547021157242 0.0343255963859496
0.0222779617097051 -0.0850581421277858 0.199595121159868 -0.475692128429019
-0.0485223911419051 -0.0296268587674923 -0.386665099990062 -0.676076208388918
-0.0623197360318243 0.0058405292544352 -0.778012044700436 -0.02705001730515
-0.0574578474867988 -0.0153770347202099 -0.311477484728256 0.53306228727353
-0.00537488805392399 -0.029174236735029 0.17604935312921 0.407642677389613
0.00812483285176067 -0.0109178713696631 0.236809109513693 0.117924527971232
-0.018581082980961 0.0132529524610407 0.102220996658133 -0.14086826359995
-0.0122018768804553 0.006833957199816 -0.0589630775497244 0.0678617200306394
-0.0112891231942682 -0.0148630537137948 -0.113904893268728 -0.194036419395447
0.00276310659615885 -0.0270415569095522 0.0326380699214363 -0.436284232535156
-0.016246113734931 -0.0201863753956997 0.505450580988384 -0.182680217260498
-0.00407585629046248 -0.0266011368978049 0.543634402663801 0.507699175712202
-0.00678566106158638 -0.0415127935699028 -0.0353711854217921 0.806036059957241
0.0378283302421566 -0.0726037865088296 -0.322011141581759 0.393309008594852
0.0460661682940113 -0.0786832707527953 0.0805582580613907 0.000587213225122035
0.0115757616865249 -0.0640463011748093 0.148795101168966 -0.514538332597423
-0.0360496211601325 -0.0154686215407307 -0.493602525587809 -0.592417705764356
-0.0480181041380242 0.011203155950674 -0.757215221932874 0.122904135934993
-0.0463493881713068 -0.00364232944466155 -0.213327764837623 0.569156456468852
-0.00481412665239837 -0.0132912648133129 0.227674128535565 0.360520671773713
0.00189158562265053 -0.00142911379110481 0.247103333369195 0.0754840953830266
-0.0152530396439277 0.0158617059746211 0.102835043972139 -0.152538564917116
-0.0109075060105076 0.0110200535057968 -0.0607132181585274 0.0630154502144102
-0.0211937078517299 -0.00459679449669513 -0.102585144526334 -0.205516814520937
0.00254045480287475 -0.0117917128956652 0.0767791101499728 -0.431616876368252
-0.00134047823018938 -0.0125983238885616 0.535137035935184 -0.107184097896645
0.0178045535752995 -0.0198085070806329 0.477617573446402 0.59863466756731
0.00215807075230069 -0.0216038125377315 -0.134035483839993 0.806463724490938
0.0187789520167073 -0.0428788334860542 -0.339895857662525 0.356084126198573
0.0192858881036777 -0.0513436901366632 0.0999835949472717 -0.0251785303217668
0.00543403607438583 -0.0345912965320005 0.112744353258117 -0.537925677795671
-0.0145056768734803 -0.00583610632207743 -0.553121747009185 -0.529675971791533
-0.0257865472817307 0.0105843188159244 -0.730525285144769 0.216872479728955
-0.0324850345065599 0.00780753896114434 -0.148338582689979 0.584116695804229
-0.00575026113396066 0.00429629582256201 0.255472105401117 0.326413242863541
-0.00444988944554993 0.00790393022977648 0.24953314802712 0.048435664123389
-0.00944369430900524 0.0186633075421515 0.101069573215692 -0.158973797825367
-0.00901940405541407 0.014814599579342 -0.0639768879911047 0.0609059619616218
-0.031289327462268 0.00740679825596165 -0.100007711900117 -0.206763519640097
0.000879575678604766 0.00506174021698936 0.0908417657677244 -0.429014908728961
0.0137236558451361 -0.00576730658307151 0.546738603045928 -0.0842383261641975
0.037011206834625 -0.00984278903006564 0.459356647009321 0.622115101852441
0.00294720503494603 0.00709121419966473 -0.160901580881896 0.807463376899238
-0.0135417474957507 -0.00706643766093114 -0.342993240575875 0.341490218013464
-0.01316784072056 -0.0161434073503793 0.109724573484807 -0.036452515600504
0.0041565800028962 -0.000447736340550094 0.100229240303615 -0.549641131523203
0.0122418654837169 0.00137166083220177 -0.571091804816449 -0.510656017905689
-0.00130814855972803 0.00506281760592934 -0.718893582919329 0.247810484450974
-0.0184146569159665 0.0155662626787749 -0.128321728977063 0.59013056609082
-0.00867497496955828 0.0203106857811116 0.262048438533854 0.316659786947576
-0.0128469922438561 0.0180219464689589 0.248304704142357 0.0385863647644603
-0.0029114712098674 0.0216768923661137 0.097296165465077 -0.161569254417997
-0.00701904221992635 0.016742823610934 -0.0651497121220231 0.0617493777123626
-0.0405834260141254 0.018320321572576 -0.107706556118684 -0.19927188180652
-0.00211300178359487 0.0190301334018765 0.0737263854827166 -0.429951274202357
0.0257255089070837 -0.000108614605282823 0.544344797687353 -0.116873050688995
0.0560079374833066 -0.00216709673218192 0.50001657126472 0.585135550744861
0.00464561783530149 0.0382067433231155 -0.10970150876071 0.807431424271094
-0.0476293105326612 0.0314552117543169 -0.332071498588196 0.353425892881494
-0.048455428490977 0.021423674917914 0.105351389650782 -0.0321875723433766
0.000979779437048856 0.0360352000158838 0.119002062768372 -0.547723973842884
0.0363033190510144 0.0105138533842245 -0.542906586534836 -0.541525494909485
0.0249961519243448 -0.00293718309138842 -0.731197528634044 0.209622996773965
-0.00508502721129937 0.0190605155966964 -0.159891132552758 0.590911118838249
-0.0129264405866577 0.0340232298904247 0.244441616183734 0.336149976833304
-0.0206754538286782 0.0277821862989621 0.245555385296792 0.0506092401410481
0.00177049764550443 0.0237664848034454 0.0921131091538624 -0.157716533792637
-0.00384183547083866 0.0176226194007427 -0.0658358416547182 0.0668288954958726
-0.0449697795818474 0.0266727306658986 -0.124408410651766 -0.181372671589337
-0.00496726186446602 0.0292831462418999 0.0245231254913767 -0.428135647352057
0.035645847840219 0.00208079105675285 0.517605575837374 -0.198519560819724
0.0728078584793859 -0.00180453952050513 0.582583046472558 0.482332238671354
0.0155730951176102 0.0648913542335888 0.00804227050306682 0.803415820296859
-0.0682608650804548 0.06805982414196 -0.305798345393727 0.391054748237061
-0.079650490799683 0.0544406739049986 0.0876079332416793 -0.0126823065845738
-0.0108502693802713 0.0685723452251278 0.163702950310869 -0.531666432788678
0.0534331839331723 0.0233854045541052 -0.467726463291264 -0.611884408143288
0.0472463458632898 -0.00714433977544077 -0.755999732953895 0.104696329877572
0.0051203059305937 0.0199615058620402 -0.236801116455564 0.580452188713985
-0.0181089314606544 0.04468719493514 0.209490469163409 0.377996433745275
-0.0283561866203952 0.0353500636480366 0.237660630766624 0.0821743164702071
0.00551497669623538 0.0267157245277396 0.0852106578281595 -0.149190393898189
-2.01520898789271E-05 0.017092011429043 -0.0683765306993256 0.0763103035053539
-0.0457914346732126 0.0302747680746781 -0.144325646412929 -0.153809481351203
-0.00679014871760117 0.0348812506699409 -0.0457576754331099 -0.415445010208792
0.0381564954072884 0.00106292223671228 0.457383642846129 -0.302724672548827
0.082289905709623 -0.0119155299703107 0.662881525802778 0.323066907013535
0.034446610572617 0.0774142796126386 0.171825800399097 0.771031780636962
-0.0698334866807893 0.0952780012915908 -0.26086647110359 0.442377355227351
-0.10265254037179 0.0777911223136726 0.0601172658606115 0.0201461701995319
-0.0305252743284016 0.0913003791565083 0.221196888685223 -0.492160807394337
0.0555225522454566 0.0428134209813177 -0.342693065373656 -0.704299531806575
0.0633044659497815 -0.00550752551341457 -0.771429945246941 -0.0623533000695453
0.0114785790964684 0.0158737340411491 -0.346592723377969 0.535517114155894
-0.0238833704863946 0.048701825029835 0.14984887967622 0.428247328081293
-0.0355506912665928 0.041150486843473 0.225089754102057 0.12789207710276
0.00671280522810635 0.0276051296825423 0.079941644253598 -0.137050352130176
0.00304762319841278 0.0157658603543705 -0.0695533327290341 0.086676009641787
-0.0416831025478169 0.028303003678634 -0.164685092386155 -0.121122845234876
-0.00807901383788751 0.0331799304556032 -0.120341638386121 -0.383410375555311
0.0330219422477769 -0.0024483998380441 0.367716141254084 -0.393152092090953
0.0798601454362853 -0.0262135725147622 0.708635862675988 0.13740529442893
0.0529595824839679 0.0724459215996095 0.336516246148735 0.696041939297605
-0.0563617887607024 0.106631371297748 -0.201434510940264 0.489777761722679
-0.11207070210074 0.085586854688089 0.0283129736465559 0.0593023959315313
-0.0543977871844854 0.0980259020285458 0.275810643508085 -0.433845816140493
0.0417589292018724 0.0598220973468508 -0.177586375866521 -0.779342933421043
0.0675506975020616 0.00189794624339671 -0.742160926954821 -0.266817335216586
0.0121615523472246 0.00957731181193043 -0.465106034472556 0.450980677129453
-0.0286855310676113 0.0445493514837071 0.0711001383518868 0.47307698883694
-0.0416524649354504 0.0406958157010209 0.207415603442865 0.178593036702632
0.00439047777273526 0.0292737381857145 0.0787653226604157 -0.122730743519876
-0.0135529833483685 0.00405427845883375 -0.059139425328618 0.0765089011449127
-0.00398139687611446 -0.0215069452887245 -0.131900927977458 -0.174944154744607
-0.00107441674262689 -0.0401908152632737 -0.0306538000673796 -0.433230032136724
-0.0317277015277708 -0.0259438010553495 0.4532852885304 -0.284252885695454
-0.0248156550767243 -0.0280413830422436 0.623404917062843 0.365172112558617
-0.0231994992428144 -0.0473850908014463 0.108325621334812 0.786510709832837
0.0377504247278706 -0.0939116553664684 -0.287463887928604 0.446913035538731
0.062840408189998 -0.0974956084455827 0.0529837060355355 0.0349648992014185
0.0225801050569276 -0.0851790990073365 0.201332960204333 -0.477735371710862
-0.0485699752002436 -0.0302763785808718 -0.38779518238184 -0.680360888674033
-0.0618945734363584 0.00627612445188255 -0.783188807426147 -0.02727128777593
-0.0577267168074294 -0.0161018845345525 -0.314667835851175 0.537786505187319
-0.00546743636319361 -0.02943238205613 0.178297385717341 0.412357410437128
0.00676925192138177 -0.0112750617406422 0.238882685604145 0.119425796185566
-0.0179465440682721 0.0142762898478329 0.103161565964404 -0.142122317563161
-0.0123322917516144 0.00691408599984289 -0.0601059397133352 0.0680558404630133
-0.0119335324272254 -0.0144339253264714 -0.11529156908563 -0.195501341437716
0.00274537425848241 -0.0275786690346491 0.0332998995900293 -0.438273183856937
-0.0167751722407427 -0.0197192590132114 0.509771474390444 -0.183589590694165
-0.00377826130306962 -0.0265826352432594 0.547717039449206 0.512135879364716
-0.00706838612965148 -0.0419065717423406 -0.0359371691464232 0.811016826478444
0.0385429299861345 -0.0731521927433785 -0.324235644248912 0.395610076248338
0.0458985036841097 -0.0794036254378954 0.0811542369794791 0.00113182724938036
0.0117864822893555 -0.0643173012897794 0.150596063237449 -0.5168123784612
-0.0362423281939174 -0.0161979814780217 -0.496561678504578 -0.595518449459744
-0.0466852637184357 0.0118307732517906 -0.762515711523609 0.124894269593973
-0.0468286022854871 -0.00311327719368427 -0.212598416337233 0.572746056906172
-0.00511197809965239 -0.0130452797851334 0.229379124217362 0.3647209034755
0.00213090761463871 -0.00145347761354195 0.248739817185214 0.0762866076352966
-0.0146037801692143 0.0164757690181076 0.104124785078705 -0.152896205179894
-0.0111175148891081 0.0112229037366023 -0.0627614338671947 0.0634193004620446
-0.0208631636767198 -0.0045906814986887 -0.10358742636235 -0.20611651851295
0.00289195666041521 -0.011569860914289 0.077617398677736 -0.433291974032253
-0.00143663337990727 -0.0124194551335451 0.539519968442851 -0.10840429025947
0.0175670224367717 -0.0199434463883811 0.482069945027762 0.600840999927677
0.00212631360593973 -0.0223018230891939 -0.13631266070066 0.810936473678152
0.0190515768879663 -0.0427850647316983 -0.343651138708314 0.357451887993028
0.019679016050803 -0.0514391739052848 0.100159844538813 -0.0242615765255165
0.00559864020548402 -0.0338420268750987 0.114036586027722 -0.540593031539377
-0.0150536671347956 -0.00546213400875131 -0.557153785853402 -0.533187614850147
-0.0259848798185231 0.0108470733380486 -0.737265304431753 0.21778723462167
-0.0321728727364757 0.00750896099692649 -0.148835658788437 0.587102922152446
-0.00593049100372977 0.00422430191990022 0.256422727902621 0.328193130116834
-0.00488477719543018 0.00863843470408666 0.253065711931369 0.0487221060051101
-0.0092988253719665 0.0192369212426891 0.102181141810078 -0.160043331829486
-0.00897816531052172 0.0150575673538011 -0.0649082991851629 0.0616822243066163
-0.0316401410285301 0.00764780542585795 -0.101244275740727 -0.208048581621447
0.00140374529512672 0.00364980044623889 0.0912404605284247 -0.430109937990501
0.0134428615591672 -0.0053177465283107 0.551410073317962 -0.0826120474569095
0.0386951943002334 -0.0097152930048375 0.464727789208346 0.626240985936727
0.00287802716529843 0.00718230572826808 -0.160179933765978 0.808972526414545
-0.0132194518387038 -0.0069790255043873 -0.344320563061009 0.344017727988503
-0.014509768929085 -0.0160226114624827 0.109164845490162 -0.0364178611334138
0.00444205620020992 -0.000599819348868951 0.102501952869555 -0.552269389926174
0.0114687623996686 0.00157529322285344 -0.575185825460491 -0.511971095953123
-0.000198106590443545 0.00525597099131823 -0.723009103184283 0.249005702463787
-0.0186016968334529 0.0158751685784329 -0.13089364474587 0.593384766066043
-0.00903083127826618 0.0206082048955371 0.262401916863097 0.318604423165066
-0.0129568460386395 0.0187625900304535 0.251606760954353 0.039359334457225
-0.0030881749473305 0.0219182330908321 0.098242270841492 -0.162000442244991
-0.00727149048769778 0.0173036662209998 -0.0665619284776413 0.0630569085529524
-0.0405667421454982 0.0191400821286674 -0.108553024614203 -0.200186908479095
-0.00251253624371051 0.0190701180372504 0.0733969990848524 -0.431670845381359
0.0262712665891246 -0.000361182460213426 0.54767710325514 -0.117916584123294
0.0560387364583079 -0.00300549373468467 0.503118322567556 0.58971823628304
0.00445321373971555 0.0381149027520062 -0.110985386912171 0.8108961521765
-0.0476300647911649 0.0313256125711902 -0.333915566281477 0.356687352553554
-0.0489539169742927 0.0220254060540224 0.105154792091996 -0.0317612428380991
8.90732254335714E-05 0.0363137982887295 0.120179851761797 -0.550830153015064
0.0368597391315986 0.00947962443972198 -0.545783220443443 -0.54408249634247
0.026363536301972 -0.00294075009904412 -0.734946918828282 0.210170314584648
-0.00537019440839224 0.0201044999555516 -0.161167191978924 0.594401603703087
-0.0135984632345051 0.03471367953591 0.248240132084097 0.337326529321044
-0.0209408581696244 0.028192084518979 0.247224265258328 0.0510842776993556
0.00283385021680187 0.0247282514524542 0.0927158335609865 -0.15867632642038
-0.00379710518638322 0.0177390811613886 -0.067188636131844 0.0677251978975772
-0.0460354211776121 0.027593995430619 -0.124799089001061 -0.182321913624207
-0.00540720541668344 0.0291986350855093 0.0247675767178213 -0.428741182908792
0.0352392695502356 0.00344693043850168 0.521553152939941 -0.200224321326531
0.0735684614452389 -0.00261556845016841 0.586456813139383 0.487928573615975
0.0149523549441983 0.0648780393904691 0.00841535404648103 0.808895400562931
-0.0688410543072527 0.068702070715702 -0.30821791027063 0.392683738415162
-0.0801828957322386 0.054751439190706 0.0860313705817047 -0.0113081002473398
-0.010584470907662 0.0686032554117941 0.1653346090179 -0.533435886384668
0.0538682465109069 0.0236930602664951 -0.472748268857885 -0.618275016170972
0.0482395635456709 -0.00729903346966511 -0.762095147015378 0.105459396447833
0.00464422485934395 0.0203987095506279 -0.237592848586255 0.583348079328772
-0.0191115456685959 0.0451324503426808 0.212099422723718 0.379930157060161
-0.0295330223571065 0.0366566398886644 0.239100093499536 0.083067892667666
0.00571975793096636 0.0270853845475078 0.0867701881248298 -0.150244920738155
-0.00063618530088969 0.016840815504957 -0.0688293016866987 0.076220298731699
-0.0456921381596859 0.0306286058280821 -0.146057069861698 -0.156106219642226
-0.0067134508716522 0.0342932127082272 -0.0466373279177084 -0.416279213585032
0.0380201419038413 0.00170187588295584 0.46090795178907 -0.306731721676175
0.0827397957671677 -0.0126085602672205 0.66782385167366 0.324385864540358
0.0347355907018654 0.07728325195463 0.172090966483546 0.773735379366697
-0.0703427721555219 0.0963615173283682 -0.263484190760378 0.442888544314699
-0.102169689805628 0.0784543973999579 0.0606785900642237 0.0200758053351772
-0.0311587398143853 0.0921938654152588 0.223277182009401 -0.494250569935705
0.0555456279582019 0.0421530758320071 -0.343265385310543 -0.708499164128764
0.0638305496301136 -0.00624816247069163 -0.774402841477283 -0.0620473163077617
0.0116177391624756 0.0158567958734792 -0.349552069641077 0.53924263816938
-0.0236226665328567 0.0487154406200026 0.151258080072703 0.431752207686809
-0.0362289813921841 0.0419133514581382 0.227864702782147 0.129198887122758
0.00626013247727074 0.0284724400332751 0.0812729729145077 -0.137818814331551
0.00250491723918018 0.0158733005488106 -0.0708755101830174 0.0866461592412369
-0.0411496023139443 0.0287482994929411 -0.166727944203761 -0.122829701404434
-0.00814398865228303 0.0330174071740745 -0.122620502614356 -0.383844197526993
0.0328001946655111 -0.00287991656810899 0.370000801224633 -0.396461067307279
0.079990978003653 -0.0264905667301928 0.71315575040473 0.138843708447726
0.05341273955567 0.0726978616849755 0.339841767586877 0.700491182205501
-0.0558693352156846 0.106320276994257 -0.202508309416135 0.49278912773583
-0.112856402441511 0.0868757452210305 0.0279102693617419 0.0586826282464338
-0.0553266108972867 0.0992863360903295 0.278889841854761 -0.435727601481749
0.0423612625850655 0.0595184167646033 -0.177283540752189 -0.784600843321028
0.0689775761809842 0.00145665779449317 -0.746921136638655 -0.269464515972489
0.0135709340685073 0.00929885362784395 -0.46793672730378 0.452754723222083
-0.0288846511772403 0.0441085366862614 0.0730075617061804 0.47726292568459
-0.0415099997435842 0.0416422029161053 0.209132406028966 0.179779720757701
0.004734259264224 0.0292952966203589 0.0793947071941381 -0.122563675832898
-0.00947601927947679 0.0124419233651436 -0.00119293023983966 0.097681997608412
-0.0167438264354 -0.0142557051337122 -0.211145977143952 -0.0611286563629239
-0.0252844131912859 -0.0347007055584152 -0.281784636663796 -0.333444257720753
-0.039937432339456 -0.00532585423535874 0.19662925916114 -0.502098263013842
-0.0370426922200058 -0.0118358027930232 0.715222430641982 -0.0782531083838499
-0.0435680818519083 -0.0269376648994528 0.555946567840636 0.563936797707152
-0.0221020542606546 -0.0969639376279997 0.0359142537097558 0.535240733649496
-0.00661382126241144 -0.11584521618152 0.0641281142806036 -0.00321230644327595
-0.0340842671048728 -0.0873794114874832 -0.126629710271157 -0.505163962130535
-0.0606410384319115 0.00547677281130328 -0.72441882132563 -0.320185370671286
-0.0514721185318625 0.0480694686213869 -0.643700725371236 0.451625008949975
-0.0534637700666444 0.0261154943030612 0.073973941853593 0.625680920523677
-0.0169496466098682 -0.0201432111266575 0.395878643804373 0.219387325418314
0.00307955472483652 -0.0137721927407053 0.267856723791145 -0.0533861899094392
-0.00502830534589883 0.0214155557997767 -0.004364982173231 -0.181817563485099
-0.00558460630416366 0.0135889824482158 -0.00792530095490293 0.0917956299599335
-0.0176071510703735 -0.00506392829845673 -0.210162186589538 -0.0869906354283461
-0.0159294680537622 -0.0268234055567257 -0.231776652516819 -0.37463480454149
-0.024349531508209 -0.00977310491452306 0.303143352202045 -0.452954193105596
-0.0190818476842266 -0.0216110248285682 0.741185905932861 0.0839168536834499
-0.0261666323188402 -0.0315859052173273 0.456385925905324 0.670128688003225
-0.00967117899789472 -0.0808976664555507 -0.0250631334912099 0.51634945110322
-0.010176285768358 -0.0917747027376341 0.0657611984694439 -0.0472851474323658
-0.031758593896099 -0.0626817068894563 -0.188789931566229 -0.505735931424424
-0.0433437754125189 0.0105408829361213 -0.760967347143772 -0.184977132947983
-0.0343024576281332 0.0442231281467514 -0.535181961690835 0.56025877974615
-0.0358996455172129 0.0282981913169226 0.176364771130049 0.592872842430637
-0.00621668458772069 -0.00731980867683737 0.407610497569493 0.15109572536623
0.00465134827976169 -0.00322781631025432 0.249854778737264 -0.0936262392363838
-0.000179794486382365 0.0204829906475679 -0.0119543844046092 -0.191535340354551
-0.00311208821405366 0.0161114655499627 -0.0124613201762131 0.089094059865852
-0.0199059247488434 0.00889900052388174 -0.206370684046742 -0.10240417342368
-0.00545364518647904 -0.0147046418393511 -0.192515942320403 -0.396913871940224
-0.00794713693017391 -0.0120164150417032 0.373744859867114 -0.41126980632978
0.00296040245929831 -0.0291136797595646 0.742732547536778 0.194623060307832
-0.00846564989237681 -0.0217879553546751 0.377409109175837 0.729714564331422
-0.00667138703270998 -0.0448427546713377 -0.0619948420303969 0.496715467768476
-0.014544224601413 -0.0533418874802344 0.0666846911544883 -0.080031553113533
-0.0184993690462452 -0.0347990676472202 -0.23477150533567 -0.505444736233276
-0.0194181633643979 0.00611299130575952 -0.773334295247847 -0.0972327029589175
-0.0161830288295065 0.0306301337563884 -0.456338309776129 0.618532302188049
-0.0176107532803397 0.0292042903434094 0.237471955535086 0.564853362695593
0.0030984785711324 0.00671049326143514 0.40812713401666 0.105265539218326
0.00401603580168891 0.00876053824419194 0.234811424628988 -0.11829756236217
0.00561948623212557 0.0198888570109478 -0.016909858813189 -0.195957349611377
0.000607581580212366 0.0179197373404761 -0.0144151326320105 0.0888578697375892
-0.02192101373613 0.024006051736215 -0.204753025762767 -0.104532622114283
0.00155103439484155 5.31754462938855E-05 -0.177710450331851 -0.401581152139744
0.00802988409176929 -0.0145888507020389 0.397420037514878 -0.3993453190134
0.0246174184881315 -0.0323733679309228 0.743520134702859 0.225999950955268
0.00916981000749193 0.00119254792552714 0.355256777805954 0.744477308720834
-0.0120140016459747 0.00285128351013418 -0.0726721927445398 0.488812314437588
-0.0204511117685122 -0.00458325005601678 0.0663505103110115 -0.0935697769641844
0.000758651724143409 -0.00669290906053694 -0.251476928620547 -0.507368980233392
0.00808189792555951 -0.00414051055415034 -0.77448396787107 -0.0713966477117818
0.00202486996264507 0.0103145043336025 -0.428860097312948 0.63592149601308
0.000327716794129697 0.0265615839247155 0.256448643741029 0.557116645469161
0.0110705405879112 0.022916415037237 0.406214751540912 0.0919481986854784
0.00445628203180562 0.021905285651728 0.22735161766131 -0.126309901880769
0.0131510399540199 0.0171839618222792 -0.0221603738844898 -0.19457095851341
0.00399785320991347 0.0193429413742022 -0.0149705745126029 0.0903026827905523
-0.0227077923241414 0.0383501333917841 -0.207106793690194 -0.0935390432505737
0.0068523641220811 0.0133790836905622 -0.19153156964143 -0.391473241425912
0.0213659829137434 -0.0181878012658547 0.376761161220856 -0.426721262047113
0.0446447599556723 -0.0365051900023672 0.753723665650636 0.170161436930274
0.0288404916911214 0.0263716975095614 0.39795193467085 0.717043460701747
-0.0167879067261054 0.0529813093769733 -0.0552059727664233 0.491544645271544
-0.0264702692695167 0.046957872212509 0.0646259016214689 -0.0882580963863921
0.0190615067272243 0.026315880720266 -0.236776869919612 -0.515713859067823
0.0327077029529134 -0.0128460631016316 -0.770722885000674 -0.114657346936511
0.0172345497171812 -0.0118360653582111 -0.461934137689919 0.612238435816101
0.0133410284958618 0.0232684207518891 0.233067606252955 0.578984036953176
0.0170528376772259 0.0377351994986528 0.406649032320899 0.117465960374818
0.00384067338331605 0.0352002101422535 0.231541512964456 -0.114115380115995
0.0191003544298054 0.0169493199085037 -0.0248737910966564 -0.188348414367379
0.00704229813413747 0.0172431151588434 -0.013474393548679 0.094087247230253
-0.0223669901198258 0.0478727619683478 -0.210081347143728 -0.0689834908776267
0.00987679506393527 0.0241707051514614 -0.230761925909723 -0.361577709471898
0.0299044584680096 -0.0202563141970586 0.3064378159876 -0.476530471667139
0.0560199932768027 -0.0473308996632643 0.758904444114826 0.0397719058377919
0.0519380903922101 0.040997526042019 0.493037402074783 0.643565754883855
-0.0113251835635033 0.0946409348194989 -0.0108518180488888 0.508591836932589
-0.0311039222098592 0.0929991936045393 0.0632304214216591 -0.0622117181433677
0.0311034773596772 0.0591262576479968 -0.190665714233492 -0.528933430105173
0.0541396288953444 -0.0119658712323113 -0.753876096247021 -0.217690383518597
0.0318668449254073 -0.030076124886451 -0.547150522365637 0.544470136214851
0.0204088495172316 0.0177524370650474 0.163073042656999 0.615623026145702
0.0180282065885114 0.0500012986577919 0.40302294816099 0.173278972061086
0.00204168696659053 0.0471441538764809 0.244102105989294 -0.0845438912226092
0.0233661762278712 0.0163136654170009 -0.0250755815524822 -0.17702075130325
0.00885789609363291 0.0151492244284744 -0.00761862254064847 0.101496902792807
-0.0210321470029787 0.0509453448831512 -0.21127631265286 -0.0350760279137701
0.0110317146827499 0.0289168788548802 -0.279746840627197 -0.308933508231289
0.0303392930232416 -0.0229265560428817 0.193757889067242 -0.527023744566326
0.0580148307982396 -0.0589657606491807 0.728874599537888 -0.137452613678894
0.0744039768191208 0.0389410504984841 0.60398954149605 0.518646941379137
0.00366731735982132 0.117158233595429 0.0555851588679318 0.52200668443018
-0.0363370665150053 0.124371940152891 0.0605541752265225 -0.0204795757960253
0.0289787403690607 0.0913335461077814 -0.120175226348193 -0.532999127599953
0.0682662569000649 0.00130343118573369 -0.706929720029576 -0.36994522670534
0.0451337097906343 -0.0393235308699749 -0.659212243205937 0.417512786574888
0.0228391827737977 0.0114774298926316 0.0458063686926314 0.648168275870062
0.0169608055806637 0.0590294569629344 0.386799384585805 0.250373077506807
-0.00145380830254124 0.0555216328389863 0.263961728626579 -0.0396548494436159
0.0250515219519176 0.0171946874190905 -0.0209277594081005 -0.163455782172505
0.0109444131840882 0.0113057764084244 -0.00441055368317477 0.110952103902632
-0.0184253140407106 0.0467459320614251 -0.20647137425813 0.00441368439403869
0.00926714669147799 0.0305295632185479 -0.322498153460258 -0.239146637616701
0.0238129949669233 -0.0230999462906351 0.0624095575279985 -0.545028879571641
0.04703348537712 -0.0690203116691651 0.652561033609418 -0.316134563466711
0.0858456320697845 0.0229712679260789 0.69186055478681 0.359641904156301
0.0210006904846302 0.116988670845857 0.13533487413716 0.525608133318496
-0.0388368314640023 0.137345455145477 0.0575370625835634 0.0301062470974328
0.0137228037709922 0.110088267766671 -0.0406504346840652 -0.520240009656824
0.0668418503055452 0.0235829952820518 -0.615480963259255 -0.529662864590017
0.0506788857685609 -0.0374397499248189 -0.761552978835285 0.234426309747223
0.0185279010526718 0.00597879160708734 -0.1031765634047 0.652782720342751
0.0100746552934481 0.0595594017976086 0.350677011264362 0.334560530111579
-0.00424921907610477 0.0600210042639951 0.279773627649759 0.0119256232824861
0.022860421876315 0.0186728910770277 -0.0136283005607071 -0.151556891196156
-0.00883060435951457 0.0129569222644012 -0.00170407129135449 0.0985932359830011
-0.0163240111142709 -0.0143378390988079 -0.213727522402366 -0.0598554700887081
-0.02611945585755 -0.0351890663845284 -0.283618442705774 -0.335246955045097
-0.0406229374355577 -0.00574958929677408 0.199297301951577 -0.507622449000107
-0.0370752327335643 -0.0112578671106518 0.723468597282908 -0.0798823212243896
-0.0439984936474262 -0.0270349845235475 0.562290067775753 0.566229477032253
-0.0212614014740874 -0.0976210379240851 0.0385256522970952 0.538203654092492
-0.00701485705721096 -0.116478122727764 0.0635500120778065 -0.00293452348667596
-0.0347253444995406 -0.0875545905739689 -0.126996828101331 -0.510147357622829
-0.0627272138901995 0.00606619135249527 -0.731127288240145 -0.320735851206175
-0.0515315392833181 0.0488693507537723 -0.648636299993367 0.458661297593329
-0.0543041236856049 0.0272837197822306 0.0743430756921138 0.629811157536517
-0.0165479971735151 -0.0209549057054646 0.399718613224823 0.221483489133515
0.00359429623966095 -0.0137606255540332 0.27126728182941 -0.0550100152470152
-0.0036668956087571 0.0220366666016972 -0.00475916996845926 -0.184185460555947
-0.00533465943667848 0.0144950347313878 -0.00790911454166982 0.0926300884242044
-0.0185532513246461 -0.00421010554300546 -0.212397248508731 -0.0872588852187632
-0.0151360300703843 -0.0268232838436756 -0.233637309822843 -0.375367744486754
-0.0249440479670045 -0.00941918565201013 0.307122919155841 -0.458622245691885
-0.0196625569292928 -0.0223135275283364 0.747267949098613 0.0835545936677074
-0.0265259715827027 -0.0322807247871919 0.46077901131462 0.67431117544591
-0.00972150634415856 -0.0811891767020631 -0.0236163784863646 0.520335880016227
-0.00977129893438193 -0.0919418431878202 0.0658993085542885 -0.0464551231334508
-0.0320710140540825 -0.0632306116848173 -0.193312037911358 -0.509904565754857
-0.0433838736241537 0.0109363181158262 -0.768341949166486 -0.184642242319467
-0.034120140666575 0.0432642066543431 -0.539851199060081 0.56691986505934
-0.0363575993260219 0.0294298473873387 0.18016353265204 0.596655813940039
-0.00681597577973048 -0.00738583852837682 0.412461238738065 0.150381570403343
0.00498798391224629 -0.00303693891144386 0.251875915042573 -0.0958016605951612
0.000649370767950306 0.0215197266960068 -0.0114211403065798 -0.192948294277002
-0.00216596534425599 0.0158510038937806 -0.01267689396655 0.0902178429426306
-0.0199611925251445 0.0100487519010089 -0.209282691101256 -0.102713464747221
-0.00640596443362009 -0.0151048631515511 -0.19280397657932 -0.399979284154153
-0.00786280731898035 -0.0128338641358896 0.37773308264033 -0.416320627299694
0.00219036897324309 -0.0291710437341166 0.749923153503477 0.194950958895488
-0.00831897158269232 -0.0213152191440089 0.3819899049008 0.733708198531072
-0.00639864161492397 -0.0456639755501149 -0.0606603676927896 0.501413145040954
-0.0140085102703521 -0.0527611251960792 0.0668660582299158 -0.080545763599954
-0.0191523776677417 -0.0350605801263669 -0.237338423602877 -0.507163878913107
-0.0188143456853121 0.00563529504796351 -0.779122944786375 -0.0959657546477464
-0.0159485162651944 0.0303823599072886 -0.459309754227459 0.625017265150425
-0.0172006133096616 0.0296274684794718 0.240822763495156 0.567739057525065
0.00331621274747042 0.00681520252998082 0.412570670638885 0.105359900046306
0.00482350719436078 0.00985943800255364 0.23700054359695 -0.120096023078657
0.00693664083762493 0.0196985640306153 -0.0177965180667664 -0.198025916308516
0.00131398076013103 0.0180015284993676 -0.0147527453344681 0.0900432030239558
-0.0220996889771322 0.0244343585462013 -0.207291451238464 -0.104541913232551
0.000941971303842694 -0.000483542777031127 -0.180097608750292 -0.406299466571273
0.00845310860538961 -0.0150209130197481 0.402323353307138 -0.404415969303274
0.0242453223742821 -0.0320573163647488 0.750746923446378 0.226797024663596
0.00886504011944614 0.00189757518008083 0.360691986891285 0.749207088242613
-0.0129361186011244 0.00280010279950731 -0.0719272575098593 0.493523471565706
-0.0207184693756829 -0.0043931578366566 0.0673069736319377 -0.0948770274890311
0.000376587144240581 -0.00593231344651853 -0.255666345836628 -0.509719139372764
0.00709387575418965 -0.00423721665430229 -0.779595506379752 -0.0692473132469208
0.00163025475906286 0.0110786582107344 -0.429029945378835 0.642206702258199
-0.000598532555871759 0.0271409503071221 0.260512423634149 0.563305738409727
0.0112569285480451 0.0227420904303315 0.411274350732774 0.0935911431231624
0.00447802234349957 0.0224806604463861 0.22995906963087 -0.128127676942637
0.0129132891331262 0.0180514819464047 -0.0226138193915476 -0.197086878689048
0.00418108268873207 0.0185180847789436 -0.0153756761293113 0.0911214823604792
-0.0226816754122957 0.0386601897310448 -0.208317014713573 -0.0929084437760446
0.00685806193577733 0.0131622173284409 -0.194890372219713 -0.393868914835534
0.0212514565752478 -0.0182901543946834 0.379519597486837 -0.428530120637456
0.0440222089993149 -0.0367301749928779 0.761741272518825 0.171531205223966
0.0293770809213115 0.026892231026001 0.401182973171479 0.721663395594179
-0.0167041757247624 0.0537114855341828 -0.053953050949638 0.497591564098307
-0.0259213355851656 0.0477868472584118 0.06580148884474 -0.088316118971456
0.0201016319950229 0.0263687445294991 -0.239609760292697 -0.52067711622554
0.0328340110108791 -0.013123824214923 -0.776970254105712 -0.114017999296024
0.0175806294748049 -0.01210910678847 -0.466340008781245 0.619453350445632
0.0126473833318491 0.0231612413781203 0.234837397760111 0.58263085420853
0.0159314564234983 0.038382193941844 0.410075082487029 0.116607987887396
0.00426901205477696 0.0356576831707694 0.234099272912715 -0.116850380444719
0.0193689462220125 0.0162245458106056 -0.0251809072235393 -0.189610030670548
0.00731557556543952 0.0179086637472226 -0.0124024027481433 0.0955883773956587
-0.0224906840801793 0.0483188775685278 -0.211908261386375 -0.0691278926870152
0.0100108017655404 0.0239454626063428 -0.232342427593506 -0.362804557523209
0.0301264907777112 -0.0215061766170077 0.309661144318099 -0.48216830409329
0.0569270553367852 -0.0464664182081328 0.766383527525965 0.0375856676045532
0.0523511264873697 0.041315736481044 0.496898835797967 0.647920463609122
-0.0110809420733778 0.0946018030363572 -0.0111397482503963 0.512611546589347
-0.0312286884240802 0.0931030603576186 0.0625147422661274 -0.0631436343597124
0.0308024355178578 0.0605446457390203 -0.192821470322102 -0.533802649995993
0.0549751941023753 -0.0122333398636377 -0.760656117594023 -0.217170109758857
0.0327880117064097 -0.0309851215394409 -0.550723367178296 0.551379406220031
0.0210243583917847 0.0175922960328211 0.165012255896342 0.620942326705184
0.0182997917442716 0.0507734693770172 0.4076430310695 0.173796024411875
0.0032630101639645 0.0475911411197279 0.246839349320932 -0.085941629917506
0.0243676617957354 0.0156855223513291 -0.0253135477599028 -0.178874462159644
0.00907197917791808 0.0144766130346364 -0.00932974586615861 0.103348480298769
-0.0201103873707877 0.0510514352048443 -0.212064606485969 -0.0341394348685361
0.0116058605802937 0.0295400157044972 -0.282727795433171 -0.31130365476185
0.0304422192853183 -0.0234879391601031 0.1939933948521 -0.530819392370975
0.058395562903052 -0.0598822937462727 0.733347470829833 -0.141984381689358
0.0759309126957767 0.0391561470675157 0.609880949959555 0.520621695706375
0.00388391546756189 0.117777677501035 0.0573390754595364 0.526011996420953
-0.0350596696651832 0.126439827649506 0.0608294645065084 -0.0209554158826095
0.0287921244831915 0.0917152915553026 -0.121063791943709 -0.537518131295732
0.0679980866240681 0.00108113114665693 -0.712889287672738 -0.370452208802988
0.0453997272324752 -0.0408226178590536 -0.666314439946575 0.424203479306728
0.0232179634826765 0.0113071333605889 0.0481937092153921 0.654637626763626
0.0162383905896156 0.0593773585220094 0.390914077581992 0.251884098638881
0.000831169487622839 0.0564957793213729 0.265943454880483 -0.0417362508376069
0.0253892973663563 0.0174044532529383 -0.0206850248824396 -0.165467083099387
0.0108357820228107 0.0116685454852766 -0.00381558320911863 0.112016822552835
-0.0175189413623612 0.0472269747669652 -0.208913474430571 0.0048205187293382
0.00847348262036137 0.0296885966291508 -0.326362987393483 -0.239469169124254
0.0241441262360721 -0.023032510888726 0.0632407670389353 -0.548016957669752
0.0465530215201543 -0.0699314647948986 0.655999559315575 -0.320318096416739
0.0863894679689867 0.0231018952653552 0.699047834049321 0.360480455233898
0.0210499774317457 0.118461061068012 0.13873294578215 0.529820981124567
-0.0385124716926745 0.138483835653935 0.0577348917197094 0.0303893270722488
0.0136672384479115 0.110899624350354 -0.0407787990624943 -0.523408564571282
0.0666598835674707 0.023131722859869 -0.621541746547942 -0.534238739427881
0.0513809797584767 -0.0379918837027321 -0.767877103945969 0.238095616746707
0.0193264067788874 0.00627388622495146 -0.102262288358453 0.658463762712734
0.00969674539637032 0.0596297156177718 0.355326231133104 0.336433183742364
-0.00337940527292824 0.0606869303206729 0.282971935821552 0.0115956788104842
0.0236872669101527 0.0194820508444248 -0.0128693106079075 -0.152473171543101
-0.00781459039694559 0.0128975322743515 -0.00172522579631788 0.0993852900139826
-0.0166556151767469 -0.0135348200161037 -0.216025119511647 -0.0602835238242639
-0.0261307189243507 -0.0359565971867763 -0.286485776127013 -0.337322615734324
-0.0405914279946961 -0.00602368325531679 0.200463195537235 -0.512417577689542
-0.0380925249712386 -0.0109778202084315 0.728899541786024 -0.083447457980985
-0.0442972853634936 -0.0275600795890389 0.569007755251734 0.570113609705847
-0.0227259686277588 -0.0980580165624178 0.0393848377549412 0.544788508988613
-0.00697995353417624 -0.117161901288601 0.0640401758425785 -0.00248036735569319
-0.0360437940452982 -0.0889552857011406 -0.129788695878579 -0.51261028808502
-0.0623380570350855 0.00579226809794321 -0.737603011365188 -0.321417304520258
-0.051147840577684 0.0487597880123679 -0.653283081148899 0.464618328746361
-0.0544603021700382 0.0273788867016911 0.0778618943513826 0.635327658937653
-0.0175550136795578 -0.0207286535308365 0.405650545337729 0.22054253483239
0.00295108158773904 -0.0131851992294714 0.274525630071802 -0.0569601899491688
-0.00270992405178442 0.0219075939792541 -0.00537827415973075 -0.1854426033749
-0.00506846467873819 0.0148868147919016 -0.00794092480061375 0.093528527128831
-0.0183959560695374 -0.00392742946791649 -0.214430562348954 -0.0873092545864042
-0.0157591326055661 -0.028043586978374 -0.236482637352766 -0.378814204402766
-0.0247009961322458 -0.00897642364244015 0.309006394464663 -0.463273198871466
-0.0198210749760613 -0.0217408431562859 0.755686407789067 0.0816283501152893
-0.0274421145823258 -0.0326591989801906 0.46714804969221 0.677171096450869
-0.0103313158266494 -0.0822355837790025 -0.0230047740720189 0.525025578777759
-0.00975465142037076 -0.0929111886866802 0.0667421401367909 -0.0468660518572301
-0.0326698848602511 -0.0634665115107702 -0.194535092396566 -0.512907265683909
-0.0445217942767349 0.0108080582057225 -0.775989405217432 -0.184143736054721
-0.034209337809012 0.0444038079371938 -0.541903951903744 0.572682138315437
-0.0362470844041938 0.0300977003635224 0.183323740375056 0.601721312513453
-0.00755520175139794 -0.00840515393346545 0.41682562935446 0.150371281537088
0.00443941136747094 -0.00194763733137244 0.254587731629219 -0.0979985459880726
0.00173079090369747 0.0216840359796121 -0.0120984455339519 -0.195663536814416
-0.0019107753344496 0.0168385784613301 -0.0128108111886907 0.0910611577226288
-0.0195767365142515 0.00964260569012764 -0.212326262935109 -0.101968145859488
-0.00627258709132415 -0.015145170082223 -0.196295115299576 -0.400420906014934
-0.00811818842348758 -0.0124049099522188 0.379812194935771 -0.419723996539652
0.00215976691070059 -0.0291119268096375 0.758223289661593 0.195288247972166
-0.00866936610896627 -0.0216405292672831 0.386441848248416 0.739280325357766
-0.00751140101322548 -0.0454317463354227 -0.0607460223265295 0.506829302747131
-0.0145847046785597 -0.0534352126202296 0.0674067034699276 -0.0812157049593719
-0.0194104764287908 -0.0354523945030698 -0.240966162488675 -0.511273449410518
-0.0197456658878829 0.005214098048024 -0.78586751451915 -0.0939079562185874
-0.0152779972781949 0.0304063008006107 -0.46168421634821 0.631690407808173
-0.018072899587187 0.0305631499145376 0.246465510927966 0.573628196671359
0.00310260672906994 0.00693186088313091 0.416517844726387 0.103805940601512
0.00514110720027617 0.0103302414484775 0.239843573353154 -0.122954748819953
0.00729882053806822 0.0202608744420469 -0.0180689977478675 -0.199837518897737
0.00156659469189683 0.0183951160730196 -0.0149967597562312 0.090463213058869
-0.0219620172282379 0.0255172223221111 -0.208979972775782 -0.104746829960472
0.00122813931617733 -0.00111158457254385 -0.181679302515636 -0.407592740516747
0.00872204080432679 -0.0154664871339757 0.404982023543734 -0.40894312879476
0.024721174139296 -0.0328172783727394 0.759424913353349 0.224664603440283
0.00917881749290388 0.00151027822952681 0.364271241435222 0.753665014535678
-0.0119497800383407 0.00282904643207562 -0.0713104837663865 0.496831223344048
-0.020520664216358 -0.0045109229952508 0.0675445456982505 -0.0956902488712758
1.50507823519792E-05 -0.00572235924074441 -0.25826329573154 -0.513936440678379
0.006783889095 -0.00395071412855809 -0.788488302976918 -0.067725005196868
0.00185120390614203 0.0104294984459752 -0.432516090782403 0.650914486491067
-0.000497016795426594 0.0279475679725096 0.264141895213191 0.566708591606447
0.0109186368617657 0.0231219082110173 0.416374378775463 0.0920527501599834
0.00643768613022917 0.0230236390156462 0.231982984806362 -0.129761784401545
0.0140890574210016 0.0174231741483246 -0.023844972034271 -0.198400806506725
0.00469630174306067 0.0191384123260979 -0.0150029396542601 0.0927977744190146
-0.0225237133148552 0.0393530255283107 -0.211270391367336 -0.0941262968451726
0.00706336467129935 0.0134369325558463 -0.196067864798685 -0.397817786539505
0.0220198678983597 -0.0187098475149507 0.380189301835586 -0.435842007576238
0.0441300933016376 -0.0375736992297614 0.769956720805764 0.170467859514069
0.0287074878492394 0.0273773236944529 0.408399758225371 0.726007349744167
-0.016378868293197 0.0543735373591489 -0.0531620630555355 0.50159280275105
-0.0260727797317202 0.0479465023481713 0.0659135828333677 -0.0895401323299033
0.019735545311473 0.0264927167871598 -0.241716244463972 -0.523410422312592
0.0330947134484427 -0.0128993327123158 -0.784224854718179 -0.11065888784222
0.0177326656354852 -0.0120953158031897 -0.466311524070195 0.625889028026095
0.0128541822377658 0.0240929910978491 0.2389745563699 0.586856979942663
0.016103729763102 0.0380232853702231 0.413757585482905 0.116307616243022
0.00472065337738334 0.0363932803068416 0.23704851780537 -0.118348246971501
0.0206194270233212 0.015792772399071 -0.0257030674544574 -0.191201355374976
0.00726495250026122 0.018265563865839 -0.0140074334243338 0.0967786341727534
-0.0222940693776899 0.0490489736108383 -0.213683613144259 -0.0682787151920405
0.0101510684116762 0.0240426044255528 -0.235317455644817 -0.365673222826974
0.0297242362707416 -0.0223069020019136 0.309619189343913 -0.48770611229642
0.0573366267165134 -0.046895379454923 0.772781801412909 0.0357089147122854
0.0530863313903125 0.0411431133619054 0.502580291162048 0.651083777830953
-0.0105023713975272 0.0961318317088237 -0.00930616611124599 0.515821214140172
-0.031159436549637 0.094402498469944 0.0639850420496867 -0.0628100744423668
0.0316424401767667 0.0605982459167903 -0.194945621644812 -0.537051209859334
0.0552897989198381 -0.0123960003543487 -0.767384688684622 -0.216710883949609
0.0333901616468134 -0.0313321778170962 -0.551347503244858 0.557947101550437
0.0212630473923844 0.018001785979055 0.169921676421751 0.625879545164144
0.0183393399101189 0.0513902831357305 0.412784316879205 0.174171608156316
0.00359766292160327 0.0483097342804503 0.250867591500238 -0.0879639089249722
0.0249050817274512 0.0156236380491479 -0.0255348163561407 -0.180770974784687
0.00960595180305294 0.0151420742510532 -0.00912983029522765 0.103655052554053
-0.020132854687087 0.051692097045298 -0.213868640512711 -0.0337948885449722
0.0108838193995844 0.0298345376804074 -0.285688726542034 -0.312505878620618
0.0309473165874112 -0.0238451891713022 0.195706945287806 -0.536659265975312
0.0585352846072909 -0.060542010303577 0.740639992574211 -0.144246788305725
0.0761442238953513 0.0388722715578971 0.615777831785339 0.522973831491963
0.00447739777869315 0.118936647366718 0.059172206535574 0.529565460919847
-0.0349816919737272 0.127172333199987 0.0615138808394006 -0.0200453783264167
0.0290899692537772 0.0927789862840188 -0.124612457787676 -0.540923185823873
0.0684068580273633 0.00114471617983287 -0.721170270411074 -0.370741140440921
0.0457997223269952 -0.0404977727471955 -0.668672363030954 0.429009073237469
0.0238887383231444 0.0113939394620638 0.0513144584466742 0.660342364941846
0.0170661960236062 0.0593969058474443 0.395549386478856 0.253879988265291
0.000718005190876532 0.0582016726724091 0.268569626084679 -0.0430087135822224
0.0264869860213998 0.0161767774138707 -0.0211151669282638 -0.16679854895301
0.0120068275124122 0.0119508738419697 -0.00376399534899258 0.112705695239295
-0.0173942299233671 0.047689347584884 -0.211157028060926 0.00559900661787299
0.00906779353233352 0.0297764617899906 -0.329654679810358 -0.239653646840615
0.0239874484332712 -0.0233314108937747 0.0638238182229002 -0.554032895110351
0.0472713372442771 -0.070021992947738 0.662297867446501 -0.324860011103383
0.0876144144524106 0.0230974866767186 0.707053649828751 0.360167289080314
0.0212877141178466 0.119808319642928 0.139967426156489 0.534447918353855
-0.0378844074330385 0.139592567772696 0.0580555659107447 0.0310974750149028
0.0138584610829576 0.111937309654547 -0.0423192886547141 -0.526799162936293
0.067917236921484 0.0226103212241056 -0.627937533890223 -0.533865743841103
0.052632337308672 -0.0389573235035232 -0.773039435855243 0.242053780861045
0.0199615184874284 0.00625088802573742 -0.102184177182587 0.663791599582889
0.00983455172839272 0.0601652495008433 0.359624589998059 0.339285232252822
-0.00319093213453634 0.061645584975732 0.286936872671864 0.0111292239202179
0.0249619194666175 0.0186032640949575 -0.0130919065228608 -0.153956905728326
-0.00806037187828849 0.0139652002479718 -0.00274975204778793 0.100552428942501
-0.0165153381890673 -0.013706057584622 -0.219172932148521 -0.0585567064608734
-0.0267634087764441 -0.0362016008530536 -0.290043835126144 -0.337062977007376
-0.0413672843426999 -0.00480636288219015 0.199204293792233 -0.51850848736717
-0.0387696132665872 -0.0104704432145868 0.736359519660872 -0.0878875384292256
-0.0447307266845505 -0.0281882772250079 0.576719914710624 0.570345937710474
-0.0236525265742462 -0.0990340393606885 0.0426787427708153 0.549925533310437
-0.00700026076487274 -0.117742219628052 0.0647897893929 -0.00313325916689759
-0.0367964155935266 -0.0888413993559837 -0.134166447439123 -0.51797993866988
-0.0637963225952892 0.0061410189372453 -0.747328489543891 -0.319773855670507
-0.0505789886589891 0.0499061714416676 -0.657291922362984 0.473240191095395
-0.0549940072654363 0.028402558993317 0.0842439263982716 0.640195253049163
-0.0185459381646109 -0.0214324649083653 0.409766232156218 0.221457832786074
0.00284174935340027 -0.012685268402283 0.277073483900534 -0.0587148374892732
-0.00258984300011085 0.0222174243290792 -0.0059207297376958 -0.18820868624979
-0.005602958027285 0.0152554449574883 -0.00779918964824968 0.0944562648087905
-0.0180293074729783 -0.00373768370634423 -0.217610043726672 -0.0858971135920996
-0.0159305700742981 -0.0279138181364878 -0.239404002045413 -0.379274457883511
-0.0245300877009522 -0.00941286083371518 0.310624341759786 -0.469888482877245
-0.0200474174795811 -0.0225756416948408 0.764159219555688 0.0804931565290744
-0.0275020432265948 -0.0328378578658629 0.474174815060601 0.681079469707385
-0.0108858600044968 -0.0822595483710536 -0.0201751270839934 0.530735995355101
-0.0103511007461444 -0.0930858987521477 0.0668055830307284 -0.048313925362498
-0.0334944551181784 -0.0639480192695678 -0.199062643361768 -0.516469636935
-0.0451235366474972 0.0110773920137456 -0.782804935379185 -0.181326024965576
-0.033269685806466 0.0448317217971377 -0.543846039053038 0.581156211717606
-0.0370404289754719 0.030844440286403 0.189286521318348 0.606965274232235
-0.006530894448689 -0.00806775230173379 0.422718500270634 0.148819453361035
0.00527307669675749 -0.00165539802716227 0.257646387300447 -0.10039058255277
0.00245081132863011 0.0222993014976265 -0.0130773281325083 -0.197321801254427
-0.00126215225653754 0.0173541053721016 -0.0130917386931668 0.0923442323788308
-0.020069910340907 0.0101312432902002 -0.213860745133705 -0.101109335606895
-0.0065346750125472 -0.0152632405571751 -0.198321354396826 -0.402621929420358
-0.00763999762760106 -0.0124083162693698 0.383841753002464 -0.427400028201568
0.00206862820949037 -0.0295373821681282 0.767832995835056 0.192627704683458
-0.00900642152837511 -0.0224302340761 0.395302768764497 0.743061838995433
-0.00744880504332411 -0.0459782509631937 -0.0597877894255504 0.510655130209598
-0.015062898509834 -0.0532752548402807 0.0674668375426446 -0.0813001771472038
-0.0199616038862796 -0.0350348310396462 -0.246321360985651 -0.515514845300235
-0.0199802286332511 0.00597395602437448 -0.793931896636554 -0.0910263926384311
-0.0148033654884944 0.0308395988128911 -0.462877236206239 0.641333459906159
-0.0180943917531681 0.0309566930380338 0.251886056784832 0.577571708359462
0.00280295406275295 0.00655704102146411 0.422400979432057 0.102247838170882
0.00552412762181061 0.0111440453006489 0.242598483090658 -0.125736613005674
0.00819340691886254 0.0205568321597651 -0.0189922584549872 -0.201768262980347
0.00194947122112246 0.0183249211403542 -0.0149892879372189 0.0914861145943845
-0.0213758146761173 0.0256726473433246 -0.212289852902876 -0.104359968172872
0.00143108341682718 -0.0010917409328268 -0.184167764652716 -0.408812132868471
0.00832133712247903 -0.0158283446689258 0.408550016332878 -0.415323246091707
0.0244375769105559 -0.0331703630631297 0.767137969493301 0.223042031815023
0.00919970929690948 0.00124335285426735 0.370929660426121 0.759152762556473
-0.0126148742329695 0.00311486679722518 -0.069825403746311 0.501939288753095
-0.0197136555252285 -0.00405221898640952 0.0678501939287285 -0.0964853035760318
0.000510956750008116 -0.00543448645740949 -0.262647333736401 -0.516580785998207
0.00700301271769928 -0.00380636222902769 -0.794708539229354 -0.0638723398076598
0.00229761453881186 0.00971061387004076 -0.432920555946553 0.65828271594608
0.000493343808528493 0.0286632263210883 0.272438886675782 0.568764664761835
0.011271420231859 0.0237417733088795 0.420710609157068 0.090528022947719
0.00582724344693251 0.0236096227045934 0.234312207910532 -0.1322570343131
0.0144848083298441 0.0175840260629752 -0.0245480556666271 -0.201005114480239
0.00496814144189387 0.0187963329729119 -0.0157875754012753 0.0935055823572043
-0.0228278127671902 0.040366461399595 -0.21437090125065 -0.0926168625425756
0.00720133350466106 0.0133897796861086 -0.199674466653798 -0.398874842837177
0.0221126370885895 -0.0190823074817343 0.384278007399921 -0.442710008245172
0.0442307588744827 -0.0383148408389223 0.776870679034274 0.168871554323586
0.029479459025572 0.0265815346945264 0.414675156711574 0.730633826572998
-0.0166235324877721 0.0546084638530358 -0.0517308826883289 0.506057173968132
-0.025763468549795 0.0483472778247506 0.0660887009655206 -0.0903924553875986
0.0197511705123056 0.0271263785978342 -0.246938474215276 -0.526818523126892
0.0334180735731175 -0.0132766916105601 -0.791890646813173 -0.108300972562197
0.0182928575940211 -0.0125244606415917 -0.467822030401875 0.635438366928854
0.0138518356281086 0.0243459438286963 0.245726672694137 0.591257888381319
0.0164025431138471 0.0387839515657738 0.422056591087762 0.115246960711422
0.00557872679966697 0.0365341758472785 0.239160035650801 -0.120260797139737
0.0206322612603322 0.0156140253066831 -0.0269960785646598 -0.192910164429338
0.00727531210211738 0.0175691948330201 -0.0140671212579803 0.0976663525436328
-0.0216548579488998 0.0493858450624946 -0.216994070682185 -0.0673043356567664
0.0104030158925403 0.024134242585848 -0.238921048676956 -0.367552092082344
0.0304762227256296 -0.0225850751969393 0.310563973473735 -0.494620217048093
0.0569421267002953 -0.0477137589140633 0.781716990367033 0.0328683699702553
0.0534767568678919 0.041424557897674 0.511731488473655 0.652024704031618
-0.0110755483243687 0.0960892210712371 -0.00582229856537019 0.521619402930539
-0.0308560199543998 0.0958822844840473 0.0635163290967882 -0.0628918094819559
0.0320104531365045 0.0613988006905937 -0.199831574085015 -0.541424661287057
0.0552809190353505 -0.0122842490502816 -0.77617059797863 -0.214071548627914
0.0341458397498 -0.0324976164905837 -0.554882872410378 0.566735590419766
0.0220687935813954 0.0182141778536071 0.176827911682911 0.631247964139555
0.018459464428741 0.0522849179113282 0.418290168042459 0.17304536829532
0.00395594475540565 0.0488639694882283 0.252696959051024 -0.0899556331367583
0.02538808308691 0.0145736313749605 -0.0268036128555222 -0.181489350880772
0.00956024637737532 0.0145177564666244 -0.00932788975519729 0.104275155507234
-0.0206698109374985 0.052454691890597 -0.21695732769523 -0.0321476756528568
0.0104014744740734 0.0301334796775888 -0.289652763112659 -0.313759389175929
0.0314640177573705 -0.0244332757649586 0.195168971185869 -0.543652330612776
0.0587366614156421 -0.0605378180750942 0.746782676372578 -0.149839077493409
0.0770046660003727 0.038752226352134 0.625707653257362 0.523124235920372
0.00476100513583608 0.119491011404561 0.0622580094317692 0.536201847784036
-0.0337962364133245 0.128574645434256 0.0621157415673483 -0.0201820166205946
0.0296462984453028 0.0935017976499442 -0.128938349999898 -0.545626308387586
0.0689835944683597 0.000911250825567728 -0.729774554994957 -0.371334967715437
0.0462025451622798 -0.0417470666327205 -0.672810188630306 0.436039857572551
0.0238295932693829 0.0119243442410905 0.0555118904994933 0.666772737174438
0.0167200879217083 0.0600695985773184 0.402087582632626 0.2527502124321
0.00250213295686717 0.0579617247637403 0.272438374644811 -0.0448428468830844
0.0268251909952381 0.0158429291485093 -0.0229470216952907 -0.167621668851129
0.0109958178464819 0.0108110242622204 -0.00393030994854631 0.113615923141862
-0.0168420634118841 0.0487643928463951 -0.213703561595837 0.00727234704164689
0.00893882357960705 0.0302603525307858 -0.33383609409981 -0.24025571295896
0.0243007956183632 -0.0239708121115206 0.0605755663220937 -0.561052217391719
0.0472674512468108 -0.070683600412916 0.666138593172239 -0.331709591481469
0.0884768278913233 0.0229417832827562 0.715223697828624 0.360148497098334
0.0224562239968849 0.120665650310858 0.144742064073969 0.539443122140362
-0.0380893271375459 0.141200946410939 0.058242944573198 0.0314847580490964
0.0144160965975032 0.113139707674528 -0.0449408668057919 -0.531187022685218
0.0675425165221134 0.0225282266596672 -0.636622313295095 -0.537729317369074
0.0531787188651167 -0.0393315922100919 -0.780671320963824 0.249124086676047
0.0199311554126299 0.00635572474666618 -0.0978045610817737 0.670585364329942
0.00953300264823639 0.0611416876691243 0.366548299832929 0.339403547642126
-0.00175829428805738 0.0617101135990167 0.289242408213058 0.00879630052231948
0.0253348378206712 0.0180781670693292 -0.0135534944500926 -0.154530846288692
-0.0073364904105734 0.0141949451074506 -0.00212491472216592 0.102246560729291
-0.0172809272992242 -0.0135725282398735 -0.222298546160737 -0.0572672945549528
-0.0267684658107228 -0.0370632035924466 -0.29397835879418 -0.337823356212043
-0.0419283100565601 -0.00482053490356467 0.19927440432586 -0.525319452913726
-0.039431804559378 -0.0101419216583244 0.743636259108953 -0.0928986489972938
-0.0455611397510743 -0.0281613731306291 0.585967649647986 0.572936402129092
-0.0244125770555381 -0.0990793733005309 0.0451143682773206 0.555239013895447
-0.00751521590294731 -0.11898302457591 0.0652817422904332 -0.00381312670753373
-0.0379746608474386 -0.0892167562045209 -0.136863434425272 -0.520880483247591
-0.0647400186606449 0.00666786205813005 -0.754866723139188 -0.317583746080435
-0.0505582566924243 0.0501671761862532 -0.659780037116761 0.479412614690452
-0.0549632481401047 0.0291677266103803 0.0893395274105443 0.647515842569956
-0.0189765473704545 -0.0214964924237795 0.417243624481953 0.221062271684521
0.0035004723037526 -0.0121409215516184 0.281287997009223 -0.0610131587815555
-0.00114105504804915 0.0240014482792335 -0.00663316257131565 -0.191431361959518
-0.00417328051325254 0.0155977620665607 -0.00850634236578015 0.095700963163586
-0.0184564786115638 -0.00346533535133084 -0.220442473159863 -0.0835187166935975
-0.0164973554979887 -0.0289300824455132 -0.243374044774043 -0.380706223406288
-0.0252010852788987 -0.00945765064589095 0.311926543321934 -0.477470701431792
-0.02079945442743 -0.0224340710195616 0.773373125032952 0.0744598919743003
-0.0282076650405961 -0.03348244748992 0.484475728164916 0.684821546851634
-0.0122150022157907 -0.0827843869093008 -0.0177160240261052 0.534682208056591
-0.0106659747690275 -0.0937570390070102 0.0669825247736504 -0.0481789179996472
-0.0340287531140726 -0.063947597684594 -0.20405101635896 -0.521578212221373
-0.0456330762647868 0.0111868761038684 -0.790738241527506 -0.176400266151567
-0.0331700573064242 0.045704972430403 -0.545511502190063 0.589209313078723
-0.0366417361676608 0.0314737747808334 0.194346490497779 0.610456445280848
-0.00704210719442485 -0.00871077539413237 0.427112337393641 0.147542225241235
0.00561377355980392 -0.000909910417140477 0.260934564864026 -0.102950203224366
0.00302438928330952 0.0227264674443798 -0.0143347256562127 -0.199218447686929
-0.00104715030978836 0.0169397544875142 -0.0123168649996489 0.0932342815774551
-0.0202619612387507 0.0106348962184536 -0.217387701595887 -0.100460773404437
-0.00681479804522024 -0.0159493979880966 -0.201998680026343 -0.40442356449719
-0.00786702374107057 -0.0127490251870681 0.38528602315618 -0.434868978468364
0.00112945212536998 -0.0294180620033789 0.776790822839304 0.188949309053797
-0.00846506692686412 -0.0225779133474476 0.402040992106878 0.747822451963103
-0.00768976083119934 -0.0471943699875532 -0.055926155843831 0.516531252583531
-0.0149947145252218 -0.0543941258913794 0.0672102789220448 -0.0824426873906363
-0.0196728371819926 -0.0353593416406867 -0.251886674923984 -0.518570716005798
-0.019718536779916 0.00595932760557213 -0.801807854958406 -0.0857588916072454
-0.0142727469167782 0.0304666810247073 -0.463397076415727 0.649186475742863
-0.0176097595039315 0.0315548872741969 0.258388372226908 0.580312025766308
0.00275442599079026 0.00713838892133922 0.42757507203239 0.100454896908728
0.00558365352344988 0.0116793296799952 0.244102918612424 -0.127367914101058
0.00872536435213452 0.0196549625474302 -0.0210925905759336 -0.203936867328236
0.00273033137884825 0.0187208222941029 -0.016037377290525 0.092379959612949
-0.0217125238451116 0.0267877498959216 -0.214563544860559 -0.102599149668577
0.00144314354738176 -0.001369316307242 -0.188256681200096 -0.412131929375458
0.00865425551463671 -0.0156861281983837 0.410461346157126 -0.422984896029683
0.0241299886658774 -0.0335127902037653 0.778345422333744 0.221118112629398
0.00899664854508345 0.00143334206690262 0.381607125016703 0.762006948241554
-0.0127102116843118 0.00306905667902546 -0.0659624370493531 0.506438631077252
-0.0191632171592844 -0.00365002156679842 0.0673536406211381 -0.097791961378329
0.000215511668320349 -0.00498110716640744 -0.267791102688289 -0.519606960753706
0.00703724518285817 -0.00432042122466961 -0.802268758983065 -0.0596404346580204
0.00215823769293775 0.00954316457406583 -0.43191342117392 0.668004923040418
-1.23950489239709E-06 0.0289540841498081 0.278812778432007 0.573007343163737
0.0101308018349396 0.0228951570597535 0.42680814327406 0.0886678822263164
0.00679581981559706 0.0248440182762299 0.237054801559593 -0.136218729948416
0.0156853185261897 0.0170214214344277 -0.0273065221475293 -0.20214353363447
0.00509249503811636 0.0188622569460423 -0.0160510321705671 0.0940114374854062
-0.0221603681095239 0.0410409639236669 -0.215879561872897 -0.0913145855205982
0.00671864671784441 0.0131631750488664 -0.203407820276932 -0.401732964433405
0.0224081884279316 -0.0194928765133213 0.386196841202025 -0.450183913110124
0.0440132158315961 -0.0387038821058828 0.786853188132818 0.163429512999723
0.0296352121814911 0.0263429900589931 0.424754827663414 0.732944951699367
-0.0164749532492784 0.0551917880381244 -0.0487983390077375 0.510737950833454
-0.0249035724688735 0.0492500194077295 0.0664700589282088 -0.0911463878089429
0.0207677276885177 0.0269926517117674 -0.253183739123275 -0.529970806106432
0.0328868312706795 -0.01370854164047 -0.800716493566807 -0.101379228150146
0.0184893462672794 -0.0136262617684046 -0.467562528869933 0.645434405931428
0.0136635967188706 0.0249822611990206 0.254560627385346 0.596009101711509
0.0163525440324482 0.038444094523136 0.426186803388381 0.11439757696207
0.00621495082349977 0.0376402984798079 0.241090041673732 -0.124419680416281
0.0214310820348385 0.0145564062962347 -0.0284968488578861 -0.194342761559019
0.00802819148910456 0.0176494096738055 -0.0137226893338297 0.097836397597044
-0.0214481154553953 0.0501294932994825 -0.218910681912473 -0.0660828634795756
0.010333165136319 0.0246733024807662 -0.242154843442519 -0.369663126593898
0.0305008538205131 -0.0223635238545687 0.311654503058711 -0.503618045420279
0.0573448958740246 -0.0489048318942927 0.789017353692549 0.0279754685939295
0.0546596908146117 0.0414041079380103 0.521348651628387 0.654704244991948
-0.0106464440734244 0.0979983515594561 -0.00471169106569765 0.528299215401584
-0.0298880166159686 0.0961475156132244 0.0641056050194804 -0.0641253259148456
0.0327034468054541 0.0619895628086403 -0.203447879829523 -0.543859497600773
0.0552810834986461 -0.0136414506587405 -0.784671873837933 -0.211832138194853
0.0338174210208566 -0.0334818086393746 -0.555794468922771 0.573605827656848
0.0219737266217248 0.0184245914882339 0.182103527394364 0.636467204340323
0.0196797957812754 0.0523935741934349 0.424908296518917 0.17149213051338
0.00516787405409057 0.0501987215692269 0.256038667876643 -0.0932588095485097
0.0260946274734402 0.0148359349319845 -0.028131847516157 -0.183896310087609
0.0107124343051601 0.0146572818939774 -0.0097531442462578 0.105703775790468
-0.0199081152400823 0.0532377344116956 -0.219586585954662 -0.0309043077160711
0.0109967301345004 0.0299608185209729 -0.292690840899103 -0.313815185377428
0.0315989505924217 -0.0249801394899907 0.193619046973341 -0.552454324182359
0.0586368852381548 -0.061262457765562 0.753801727932395 -0.157968820401012
0.0781863512328295 0.0390048322120557 0.634219357972746 0.523699159789339
0.00520109869343025 0.121630185429328 0.066282890575246 0.539973856362825
-0.0341501740028032 0.129814919070143 0.0615724462961098 -0.0208342038414997
0.0303922176604556 0.0941070814106187 -0.132022859109351 -0.549901037758748
0.0695070147575114 0.000403371596798346 -0.739805662821415 -0.369247886674447
0.0463235728474606 -0.0428822028508254 -0.676405853479598 0.44624034847684
0.024304243113543 0.0117324509170263 0.0611717093241222 0.672325119747801
0.0172770426823491 0.0608752518325164 0.408013910686153 0.253363321800834
0.00316841228046988 0.0593730028411267 0.274152855724483 -0.0478625190262607
0.0272705137357917 0.0149582081908619 -0.0231142147697786 -0.169491959768351
0.0120624948240588 0.0111781657493103 -0.00399684471602777 0.114800123807379
-0.016822477355014 0.0506234107217293 -0.215885940185118 0.00980340378789288
0.00925234515994436 0.0301994810070959 -0.336622826862077 -0.239687341821812
0.0249184160622085 -0.0250922343530144 0.058330734616541 -0.56828920084554
0.0473427342821685 -0.0710742796487118 0.673218152061844 -0.341278272072035
0.0896083215608406 0.0220740203868038 0.72510216508768 0.357286957689429
0.0233509668212502 0.121461371440086 0.148027376259268 0.540987276361057
-0.0360150892666474 0.143477924052024 0.0586166753043914 0.0314279074534891
0.0151404526449253 0.114855452369708 -0.0488062803809306 -0.534887510514567
0.0687421823133869 0.0228193917014331 -0.647461968134655 -0.535944754004943
0.05338259507134 -0.0402050859994788 -0.785786696171454 0.257997586646988
0.0202454515419983 0.00636962733393652 -0.0937623979614217 0.677507684304589
0.00878947933790714 0.0618939249435653 0.373588035079125 0.34053776512054
-0.00122066312000236 0.0628853940344179 0.293942265579841 0.00562324233615667
0.0258111303393683 0.0173917750897805 -0.014012063939524 -0.156615461866283
-0.0065701082143171 0.0153521237607258 -0.00154358724105571 0.103228805169671
-0.0170916663867084 -0.0131176967882249 -0.225073118186348 -0.0548041988254592
-0.0274684940427896 -0.0370901628486113 -0.299371756223267 -0.336399220311114
-0.0418632798181841 -0.00485923911147663 0.198483250986222 -0.531916332915759
-0.0402844416534601 -0.00982556044460283 0.750058810678625 -0.101350576883472
-0.0463027600696755 -0.0282074312080395 0.597086789835116 0.573234211275619
-0.0255775677400412 -0.0998444638558683 0.0492622364672226 0.556581535048643
-0.00883765436636239 -0.120091234385676 0.0654453314912948 -0.00405082975743433
-0.0388909227807455 -0.0895103882778296 -0.142562926963334 -0.523260901388368
-0.0647369731139942 0.00758855409161838 -0.763495602501414 -0.313126785434114
-0.0504945347276293 0.0514052093214143 -0.662127151493937 0.491001025778813
-0.0558269713778031 0.0301860727522151 0.0942500633292087 0.652469485287479
-0.0197005776810966 -0.0213492062672649 0.422467311492935 0.218464485591886
0.00359905854932116 -0.0113099896839033 0.284099214692463 -0.0657618169318505
-0.000321225073866584 0.0236132124063511 -0.00836336462666102 -0.192526133412466
-0.00402374461214802 0.0158845941167902 -0.00700305070728818 0.097306578691574
-0.0188801044819768 -0.00306711081371472 -0.22330687965441 -0.0821019493918539
-0.0169201504950647 -0.0290558235245117 -0.248245366676665 -0.382335579634639
-0.0256489640253336 -0.00904471404398132 0.311361323066001 -0.483759924029532
-0.0218096672646216 -0.0221387567971308 0.780327935924386 0.0700781412548931
-0.0281618297469084 -0.0330887965496409 0.494071294455971 0.685949049673014
-0.0117090472679157 -0.0831250948247931 -0.0124463766892075 0.540323310249352
-0.0107072809139636 -0.0936244251764086 0.0664140920191659 -0.0497368128579956
-0.0353576692571583 -0.0643559198765709 -0.21091687603326 -0.524239630920902
-0.0459856522712569 0.011085467686548 -0.79941361466265 -0.172451762826485
-0.0327793008153342 0.0462310009085513 -0.545233043883029 0.601110424728413
-0.0375511598058568 0.0327551425723266 0.203158006053011 0.615912587524707
-0.00829393522903245 -0.00819504861573715 0.434433658881439 0.144152546004443
0.00602748560959024 0.000244490533895012 0.262669958619002 -0.106641977936946
0.00353352051579265 0.0229033917810225 -0.0173735664763291 -0.201067792621843
-0.000274789586375084 0.0170546318171243 -0.0128551234736426 0.0944264711317451
-0.0200335007836317 0.0115856183285039 -0.220233068608773 -0.0982489257731726
-0.00659379431198077 -0.0161296968512215 -0.207630799337121 -0.406191766122436
-0.00812290109750906 -0.0126484975150409 0.385118336632155 -0.442896751753415
0.00126417172232964 -0.0292238136860883 0.784597848548191 0.183770616530685
-0.00955769596293275 -0.0227130115363536 0.413398175277838 0.750427904167307
-0.0090817346436991 -0.0464134885208992 -0.0536326277552025 0.521688985185508
-0.015020395659559 -0.0542578323705557 0.0678022840860968 -0.0828764365605139
-0.0202336280995139 -0.0351008548014941 -0.257622421696076 -0.520708781709227
-0.0203117624021776 0.00656719669822389 -0.809933776477006 -0.0799610020734595
-0.0148291565698503 0.0314066297789998 -0.459826004213426 0.660835738582332
-0.0179310033631971 0.0326938694145323 0.267086021651997 0.5817868213226
0.00208429033618847 0.00721191754458501 0.433876292566941 0.0961330879314321
0.0063653710698847 0.0117931699935296 0.246907992848293 -0.132136599621818
0.00863267714133832 0.0198860628152838 -0.0231528732356995 -0.205643975733497
0.00272948594156764 0.0191015784415841 -0.0155944471796814 0.0944690157294996
-0.0212714175881457 0.0271368842352062 -0.218399928861061 -0.100420231134781
0.000374031651270439 -0.00111433944376731 -0.192231446710684 -0.414279982013427
0.00903484130331817 -0.0159980189871707 0.410151671344672 -0.431237136697781
0.023941888158535 -0.0340712372305852 0.789407887703538 0.215505500059261
0.00955263224410131 0.00129934930644195 0.390711345307402 0.765171557710845
-0.0131537931202453 0.0040184965187208 -0.0626820316768461 0.512673794586291
-0.0196836800405084 -0.00316354868772183 0.0677023326685596 -0.0985022996258237
-9.92871038260033E-05 -0.00451776400334322 -0.275291107815047 -0.522583578737764
0.006786541911305 -0.00526811718891186 -0.812147565496406 -0.0529183722517508
0.00329296614770267 0.00891449138717822 -0.430014780154091 0.679875939611867
-0.000340344127995391 0.0295004173161025 0.285781728784143 0.575927232776162
0.0107433829469982 0.0235411406735024 0.432653247801562 0.0847426469357281
0.00650853892153003 0.0253819777813108 0.239226372998403 -0.139840295498001
0.0160448105250793 0.0169685529826829 -0.0283245065174712 -0.204243672263056
0.00628975789365505 0.0185237792728317 -0.0163303412845264 0.0949563347873346
-0.021791945476578 0.041726711973895 -0.218831038777348 -0.0897736772283835
0.00666709577882989 0.0127744653273478 -0.207241792781404 -0.402702102843173
0.0222506949191868 -0.0200861487275204 0.385163878761676 -0.459256754516246
0.0439123742317422 -0.0388426476317605 0.795192805542177 0.158859996035642
0.0302352645957277 0.0269238290493689 0.432054344470252 0.735437330803629
-0.0153345799356525 0.0565467793162741 -0.0452090826147647 0.516813649522811
-0.0241565611258997 0.0499444804752382 0.0660210801719514 -0.0917782966607429
0.0208104517028077 0.0277365772465294 -0.259669171905639 -0.53303374852578
0.0331853154258785 -0.0139066804169275 -0.809972809956026 -0.0964738750369443
0.0184978916905107 -0.0142024191943074 -0.465344293572269 0.655325482151504
0.0146161528360547 0.0247834406616979 0.262433420223363 0.599187571926444
0.0175279343868176 0.0397918864135242 0.4323970365684 0.110418762422069
0.00657184658192846 0.0381574803565162 0.242550971588118 -0.127784235691162
0.0218527343077838 0.0143790742009921 -0.0299355655033394 -0.19583717506226
0.0090542712008014 0.0176019512270831 -0.0129665788202648 0.0991961728982829
-0.0209968688856032 0.0514158650255371 -0.221251557134715 -0.0646485619156676
0.0101250490740151 0.0240069032576928 -0.246890558382667 -0.369759292196727
0.0311390670348336 -0.0236703957261967 0.309363214418003 -0.510672428964015
0.0568972037812384 -0.0491497667800239 0.800422978866059 0.0194017529467123
0.0552729670917997 0.0415616986722108 0.531977093480956 0.656170280295121
-0.00987384063891971 0.0987719426691663 0.00196009148968455 0.531293228581907
-0.0293443645347423 0.0973432355202222 0.0638593058151162 -0.0646499830652469
0.0333672105970994 0.0621751166282134 -0.211664985011046 -0.547989540777886
0.0559016270972285 -0.0144017638705064 -0.794548225628074 -0.207088551433106
0.0332229028461526 -0.0340847841709269 -0.55679066971748 0.585210056720917
0.0225877233937769 0.0180722618544829 0.189822791638361 0.641148174488116
0.0195020793137756 0.0525338616777961 0.430841431372502 0.168561182497304
0.00592858276948096 0.0499940825903232 0.258306350798382 -0.0967953162109844
0.0265661476576497 0.0139736080435556 -0.0298315717448272 -0.185030225385315
0.0104135188721087 0.0148197017805656 -0.00876304041330636 0.106263671763154
-0.0183512405499227 0.0543728317815563 -0.221330114911241 -0.0292675322436577
0.0114121439993133 0.0301176397193438 -0.297401616518685 -0.314330782246311
0.0315129302806763 -0.0256437670128064 0.190279321264146 -0.559121380378037
0.0582282093181944 -0.0624086341034119 0.759741396381281 -0.16541658776384
0.0786128933016349 0.0381097769467345 0.644722212554114 0.521945661804522
0.00669458846850661 0.122790698369845 0.072342983715743 0.544514056329502
-0.0326120674908234 0.130556730445236 0.0614865707162727 -0.0207294139759533
0.0316441055532949 0.09497886783345 -0.138186827666547 -0.553256231451465
0.0696912460499332 -0.000596880137762618 -0.749551071004742 -0.365220317053319
0.046645104207728 -0.0443127097395696 -0.679241088492782 0.455537983725555
0.024507210530206 0.0125401905120677 0.0682272479163358 0.678729773247745
0.0173374929533327 0.0607325687408527 0.413692768066285 0.251221858529549
0.0037329541551858 0.0596305402625466 0.277398498418122 -0.0517056255219
0.028079143874847 0.0142856172114807 -0.0238772254119191 -0.170431139418924
0.0123792048506124 0.0114424854169291 -0.00344206109047553 0.115668282408412
-0.0171687905370332 0.0497851207786808 -0.217502239933363 0.0116515348769598
0.00911608758942273 0.029974679900436 -0.342618029699573 -0.23950273943226
0.0253249447866318 -0.0253060032333168 0.053524370707036 -0.576089827732002
0.0459031632743297 -0.0721960261731624 0.674376684213376 -0.350291522810389
0.0902208917383481 0.0213447248990036 0.734322315772474 0.352257531005454
0.0248870202766935 0.122953799894306 0.154713288474248 0.545604218511881
-0.0358706953700907 0.143906327408773 0.0595363362762422 0.0309594235488354
0.01649849266001 0.115827956709726 -0.0543630111520891 -0.53935431889788
0.0686609960771503 0.0222666697931374 -0.657197011047911 -0.537217379691806
0.0531195726310411 -0.041424113655512 -0.793827336892831 0.267010411605844
0.0205334005844894 0.0062847792982034 -0.0870848815788194 0.687245640793072
0.00938075983580897 0.0626191458037917 0.380745254222087 0.339704872455916
-0.000531583579818645 0.0638096907735422 0.296555247497879 0.00300039516166548
0.0267063109015112 0.016524193284836 -0.0155671162693472 -0.15777420837223
-0.00591192225432216 0.0151313636415791 -0.00173645997416534 0.103433211981725
-0.0169493626341093 -0.0125693227485785 -0.228049048148228 -0.0520507250072242
-0.0278500553392592 -0.0370033004459985 -0.304592897890297 -0.335698752092317
-0.0417492797232592 -0.00408822632767392 0.19373836195752 -0.54033254551789
-0.0405900387420603 -0.00924260213203773 0.756201659668311 -0.110658143412843
-0.0470917786265775 -0.027468409547402 0.608091895905419 0.57076934775844
-0.0268324695118726 -0.0999817838071343 0.0577618284318675 0.56189497895588
-0.00940706306355904 -0.120559364272475 0.06660979997681 -0.00407566756257221
-0.0405206367258176 -0.0902122585866767 -0.150167415943279 -0.525647734468173
-0.0656001387584097 0.00784680770729434 -0.772828680885076 -0.30751372668711
-0.0498149590579082 0.0519964871065856 -0.662390371175079 0.504031901957758
-0.0551918421236294 0.0310369227658613 0.103661045934567 0.658902312717008
-0.02011916496705 -0.0220690443449469 0.43020717103926 0.216782881684482
0.00430957091502612 -0.010234336979655 0.286639141017516 -0.0694628491613382
0.000562614368236309 0.0238903149503599 -0.0101965153137935 -0.194051464631295
-0.00343985098697646 0.0158373522257063 -0.00753883712405466 0.0986974643592043
-0.0183780558825823 -0.00238345351979863 -0.226839273364919 -0.0804197255866294
-0.0172892599427618 -0.0295242892252899 -0.253507125407572 -0.381965103475267
-0.0256772612042353 -0.00881258610003944 0.310024603853182 -0.493415205625552
-0.0222197884524904 -0.0222977341667731 0.789172184744097 0.0589104985022395
-0.0297035138624937 -0.033839607653984 0.506233576712294 0.686715617791089
-0.0133351416326041 -0.0830591503982714 -0.00892088108288651 0.544626681603032
-0.0114328149356549 -0.0950197009433834 0.0677416862815108 -0.0503939703794008
-0.0362298394562022 -0.0643279578660594 -0.217825889570875 -0.524478013629237
-0.0463463404859513 0.0116861145314815 -0.80820356174554 -0.164073016117716
-0.0326196234578136 0.0460751702106706 -0.543166993813344 0.613064564458119
-0.0373473746618019 0.0339469774430081 0.211200337350215 0.619649071172385
-0.00875499201508373 -0.00799039832687537 0.44081303996236 0.141594797043664
0.00531053965200779 -3.74566478463824E-06 0.265923567787586 -0.111364223069604
0.00503074509589826 0.0228599275970148 -0.0193324244290764 -0.203344222314106
2.1159871846001E-05 0.0179675329493652 -0.01191894515233 0.0958801636873217
-0.0196526398493425 0.0115421443451 -0.22367408100693 -0.0965730913134848
-0.00774552233836401 -0.0168039930164625 -0.21251468003622 -0.407267481501226
-0.00779960501426289 -0.012169034516289 0.385032464403023 -0.450746387148182
0.000562745331746682 -0.0298470206561999 0.794317037146947 0.175980145139114
-0.00987845728728763 -0.022556799571861 0.424891320671027 0.749831179081931
-0.0091014211054361 -0.0464710970586388 -0.0488774478234441 0.526197970644037
-0.0156414569839475 -0.0531845340675636 0.0668111067966228 -0.0846107794197692
-0.0211431289564788 -0.034751876657667 -0.265712867144153 -0.52215713923181
-0.0203591797287494 0.00637345598210808 -0.818218036923135 -0.0716630144095744
-0.0143690783650412 0.0309484073614875 -0.457435878998242 0.672747383596772
-0.0170597454629889 0.0330866423772685 0.275294819042143 0.586757689136394
0.00254236549410013 0.00728101866004596 0.439908013602625 0.0930754006750635
0.00752107521939856 0.012960545013264 0.248173999399605 -0.136298654775364
0.010558582174407 0.0196939801914489 -0.0256049349175216 -0.20798898883488
0.00318760806671709 0.0193558951101225 -0.0156208279105293 0.0949592247328292
-0.0211226299693389 0.0277310769038197 -0.220680343018245 -0.0987720180191678
0.000513289365238407 -0.00189196738425618 -0.198067778251921 -0.414453227195798
0.00878194411742946 -0.0168252139744075 0.41053803151173 -0.440051787652351
0.0238307206213715 -0.0344391716557658 0.795680400814531 0.209266896164155
0.00933031206202716 0.00153652231938983 0.401931493931316 0.767178121117602
-0.0128876685973401 0.00403513485040453 -0.05778043249722 0.518377008089193
-0.0197299859065209 -0.00288937325862766 0.06741441037335 -0.100180905100218
-0.000258491099851016 -0.00440617020966336 -0.283513692047499 -0.524157555283199
0.00673068098828798 -0.00476859175269996 -0.820007471595259 -0.0442575456805007
0.00355728186446158 0.00891668331459987 -0.426178257330931 0.688451933382143
0.000256816996848231 0.0295324837165608 0.295430414353929 0.580300366028101
0.0111780728847539 0.02356222331172 0.437799354512433 0.0798657896222609
0.00796554711985373 0.0260093827271462 0.240369807512099 -0.143714540985656
0.0170879611826631 0.0164826320551134 -0.0308609014340169 -0.205290510509319
0.00640930334924083 0.0188442404307443 -0.0152918853313185 0.096654242178586
-0.0212134041237559 0.0420665441291242 -0.22224726900161 -0.0885678094722166
0.00651229097917032 0.0124066613956336 -0.212322588693483 -0.402951169704011
0.0226070898199197 -0.0204019082184937 0.384561488387098 -0.465956521165878
0.0441687495577801 -0.0401165351231954 0.804340468106033 0.150619839560886
0.0302712288081253 0.0270020275162036 0.443851271236206 0.736477401402837
-0.0161235556983137 0.056936269021111 -0.0394481098276127 0.522002230183417
-0.0245445922548122 0.0508448070250574 0.0663109944567792 -0.0928118589285914
0.0213288436235912 0.0278961200597499 -0.266717495999834 -0.536730329778115
0.0336278863519079 -0.0151961293303906 -0.816216760789784 -0.0880775808583569
0.0193138326460614 -0.0146361564499228 -0.462937067735747 0.66564746649023
0.0146232312150466 0.0250315015911026 0.271866719513034 0.601575362336886
0.0176401070423319 0.0401623093289446 0.43766810802452 0.10546222428645
0.00759107538839686 0.0380565820818843 0.244993619030936 -0.131459998531063
0.0237811303363228 0.0142930515038729 -0.0326654804831885 -0.198236386518125
0.00924753947459887 0.0169228096309205 -0.0132307001882079 0.100083385337741
-0.0209995901471041 0.0522723734297731 -0.224402654541589 -0.0624309485552095
0.0103804617964464 0.0241435521099059 -0.252811697035463 -0.370262106121229
0.0311400270314574 -0.024151552536534 0.307892773537103 -0.520112028251112
0.0575228355086602 -0.0503598703453972 0.803563785961528 0.0115764479827011
0.0556884270323743 0.0407371964441776 0.544086884862856 0.654918286429894
-0.00883696925146132 0.0992916418490956 0.00637074971276812 0.536419534783989
-0.028990882913328 0.0980379004753641 0.0642408648188487 -0.0653637775596652
0.0346910927517592 0.0622359766507555 -0.218806696517572 -0.549979188004569
0.0562460298610366 -0.0145421135975182 -0.801248868542785 -0.201990247606656
0.0332303245204474 -0.0349145570363199 -0.555346674224336 0.596725622511807
0.0233727479557499 0.0186040042368048 0.199954520580165 0.645279093386196
0.0206507950309583 0.0540713188482498 0.437172026123437 0.165064122995183
0.00809388631325393 0.0511613769591035 0.26011829568243 -0.100667702460753
0.0274756746450322 0.012819100944009 -0.0317225050699553 -0.186361386551943
0.0111437269276989 0.0137951946789549 -0.00914303035201893 0.107298535722061
-0.0185874428375141 0.0552249183913567 -0.224247877221048 -0.0265922683417079
0.0115761983754832 0.0296695934284683 -0.303515271043907 -0.314248193613443
0.0318660093676389 -0.0258755006426529 0.186146974444471 -0.566699459543042
0.0581132670402849 -0.063352948888775 0.764258988022486 -0.175814306347116
0.0798432290793806 0.0375695599018086 0.656399317593111 0.518207767308795
0.00851064843082872 0.122756283749764 0.0777845657565623 0.547736862071456
-0.0315153415827607 0.132639987582426 0.0615365057943803 -0.0208558153940088
0.0329065459438267 0.0950642218738949 -0.144767706019737 -0.556160319869895
0.070323555428547 -0.00109503236241039 -0.759578141469143 -0.362624836878482
0.0464631557868532 -0.044661049719215 -0.681272965430761 0.466655554977562
0.0252402958195764 0.0121803751484454 0.077509252163954 0.683550882888466
0.0185451159924368 0.0621335379573441 0.422355506062518 0.24816912788212
0.0058694499610815 0.0597191428295642 0.279799786781956 -0.0540031867563822
0.0284858287018356 0.0132304833893378 -0.0261035322780421 -0.171717451527374
0.0124396320940517 0.0108754829689204 -0.00337753455375688 0.116441675247988
-0.0156226812992453 0.0511243393824088 -0.219154524867043 0.0142060549298408
0.00943728760389067 0.0305036205661193 -0.346994586598865 -0.237098311346772
0.0252332478171711 -0.0256199957742562 0.0488854696746251 -0.581957392984516
0.0463185985552285 -0.073213382304667 0.676472269536513 -0.36237039516482
0.0915857578398175 0.0210778819797275 0.742845807108615 0.347536640956169
0.0261077240319333 0.123196632247562 0.161757717766903 0.547916447222061
-0.0345239344563935 0.145926960943268 0.0593866023231199 0.0310544920592369
0.0176872758658755 0.11693760781854 -0.0594388373803673 -0.541816115755079
0.0692873972711403 0.0225080247542946 -0.667332849649346 -0.535271749172599
0.0537233305446585 -0.0435932618581058 -0.79634969456314 0.277744884213493
0.0208925704058916 0.0059966949222681 -0.080950202954638 0.69430993076257
0.0106658075195203 0.0632213147152119 0.387630205286354 0.33863299168709
0.000813310342353702 0.0647541049956054 0.300426988969385 -0.000227935698226029
0.0279835548084775 0.0159141371995211 -0.0162566258336142 -0.158639103786353
-0.00543009498938795 0.0155288226595941 -0.000903297491280013 0.104056976430938
-0.0166687862861601 -0.0121833795977645 -0.230649791096286 -0.0499042089538273
-0.0291639144408349 -0.0382098447525272 -0.311498968300986 -0.334661793993128
-0.0425665598602472 -0.0043579981125733 0.191339007446257 -0.546093181722994
-0.0411461044373001 -0.00889910378560563 0.759557894733567 -0.120543461080849
-0.0473920808169208 -0.0280640034428272 0.620426743790525 0.566160359581878
-0.0290779463386148 -0.0997300669662908 0.0642270898065757 0.564957579990376
-0.010367443568288 -0.120812098030604 0.0666877329430592 -0.00492110742405006
-0.0422562112581473 -0.0904957194356993 -0.156166974338005 -0.529339711401526
-0.0658948579973041 0.00780624962542786 -0.782515229688478 -0.301639704502667
-0.0494985629472323 0.0527010921609521 -0.663203966945177 0.51494195864199
-0.0548531526237621 0.0326709272317984 0.110376431914166 0.660821414241389
-0.0202356025083207 -0.0213535060251542 0.436009787339765 0.213310371606372
0.0051585835976485 -0.0105468538596391 0.289344312152943 -0.0743872822935426
0.00237586809973102 0.0239936707704989 -0.0120620962025269 -0.196000200356307
-0.00254172068287638 0.0169980353902301 -0.00735635860679455 0.0999608575919524
-0.0181378201962233 -0.00185209212567689 -0.22982333168229 -0.0773665267527282
-0.0181280867640216 -0.0304411476773673 -0.259772456657576 -0.381679223123361
-0.0260112703977494 -0.0086427744537877 0.307966050269523 -0.500983123884605
-0.0232147869706901 -0.0209938977406898 0.797454019352165 0.0511536894934052
-0.0296873026411327 -0.0337866008287479 0.518067633447171 0.683282407658936
-0.0143828486129799 -0.0843292041725612 -0.00131807074976399 0.549236426975738
-0.0124069002073001 -0.0949651296390743 0.0672298570406717 -0.0516329990443734
-0.0374192567826321 -0.0637168876991146 -0.225634026535769 -0.527626457723606
-0.0459095953383873 0.0122650338957295 -0.815833171556542 -0.157713310627469
-0.0317018120584366 0.0468638392193304 -0.539894036675353 0.622791524701579
-0.0364842195022635 0.0348175537761473 0.220880040439936 0.621086272548057
-0.00862439334769913 -0.0084527486385838 0.445365222634724 0.137078781099625
0.00694092167078883 0.000981673775783155 0.267229777345998 -0.116647768966249
0.00566245938113489 0.0234869320017398 -0.0214631344509648 -0.204609777998264
0.000217744463131283 0.0180196006711165 -0.0120745423830201 0.0964586037920265
-0.0197504256752783 0.0117077368730546 -0.226695026118904 -0.0947958311325629
-0.00760565732700224 -0.0175534936364902 -0.218761920521229 -0.407081395949179
-0.00843487818135608 -0.0123431186233644 0.383436447558935 -0.459959675074611
-4.19281442706097E-05 -0.0298262802718064 0.802306685575731 0.168078440064824
-0.0100803881607432 -0.022847043757772 0.43540451689623 0.750082701602391
-0.0102793951902982 -0.0467546837570398 -0.0408123190297875 0.531476009880454
-0.0158094863420146 -0.0538209633255785 0.0665435511865392 -0.0860046940859601
-0.0210235173538389 -0.0356485185323801 -0.273696351259946 -0.523397595179971
-0.0205449401970443 0.00686330636520974 -0.824239827903018 -0.0618244092684725
-0.0135383162275702 0.0308721625563595 -0.453586070760731 0.682853352986347
-0.0169219852959904 0.0342547314384402 0.284648890859454 0.586990356385062
0.00308986949734721 0.00703890233847716 0.444896380531572 0.0877188866425588
0.00786188186613994 0.0130553168032194 0.249455982358416 -0.140570913730945
0.0114788385933762 0.0194695596586184 -0.0287389342535706 -0.208997296366186
0.00390658239929877 0.0193072595576186 -0.0152290147856066 0.0960558120668607
-0.0206090465944235 0.0288073371227681 -0.224015771337957 -0.0966440261322968
0.000866274317479971 -0.00217147943534954 -0.202481220358635 -0.414498620727142
0.00859278594768969 -0.0170070461078734 0.409577427053732 -0.448105735330379
0.0236699760479012 -0.0347428194390604 0.804167996401472 0.201201351775769
0.00895562122926339 0.00104340360819343 0.414586626700857 0.767328047254039
-0.0132155948884795 0.00373285515608323 -0.0534092522266589 0.522114093937419
-0.0197836999729031 -0.00254856708714155 0.0656869885996324 -0.100706733808152
-3.67843725772865E-05 -0.00568175418512769 -0.291607862448623 -0.525296771547233
0.00671159181082827 -0.00481906620044052 -0.825806271536963 -0.034328644319556
0.00373707813196356 0.00955059727435047 -0.422145348103755 0.700221770662945
0.000731333679402322 0.0309153110603843 0.305397787378463 0.580905765924328
0.0112436861787304 0.0239960091619333 0.442365040938927 0.0758246859724521
0.00849557318531162 0.0257953537922383 0.241645711073687 -0.147847919429706
0.0180380087168951 0.0159781193046654 -0.0339414125353596 -0.206510200828038
0.00747202417277491 0.019483656940554 -0.015481204864965 0.0969808125403461
-0.0211382874601659 0.0430132976442704 -0.225503765598333 -0.0851420197140464
0.00624047383064839 0.0121039424151917 -0.218854127448747 -0.404227063088055
0.0228638012028084 -0.020232143801417 0.382193831988011 -0.47427212903171
0.0437643876309212 -0.0401680432506167 0.81213585217539 0.142737665849532
0.0311202534423873 0.0268473450423608 0.455825127434169 0.736438031815776
-0.0150732692957689 0.0575035701275828 -0.0352009131080118 0.525719604570122
-0.0242211542075294 0.0510222741322327 0.0648173778589251 -0.0947223811911025
0.0214178640553042 0.0274409417612432 -0.275360953889182 -0.534073046423807
0.0329393324695946 -0.0149339220389496 -0.825551701195127 -0.0780208594591057
0.0192608529893679 -0.0147523560637861 -0.457373198304023 0.675425884186472
0.0149103132323546 0.025681018690453 0.282482479985446 0.60341653198998
0.0174688747604494 0.0401014916844966 0.442220732643143 0.10193203055915
0.00924059144607051 0.0390772340629709 0.247107206815607 -0.136369714749079
0.0239134065398351 0.0141136154631072 -0.0345234222397054 -0.199790147032502
0.00960033238968491 0.0170723749574444 -0.0131561054311124 0.101883501976177
-0.0197746746470183 0.052044573771048 -0.2269414492161 -0.0593456284977913
0.0103292734487679 0.0242862107941295 -0.259193901160278 -0.370732326634734
0.0318580873956954 -0.0251649370865523 0.303352546022688 -0.527118395987498
0.056621518403534 -0.0513116115776962 0.810218718948689 0.00202877848897146
0.0564488930642327 0.0407413028072207 0.553010041820388 0.651682453805987
-0.00732320087549079 0.101122072588704 0.0117166508805396 0.539642980067713
-0.0283399635628744 0.0991238435770298 0.0639939327649022 -0.0670503875380486
0.0351606535642728 0.0622701616555964 -0.225996015084045 -0.55014291895823
0.0552896138932454 -0.0154599770317893 -0.809815998537256 -0.193261804662692
0.0336021036507327 -0.0356905201432711 -0.553566573039648 0.607850660290014
0.0230434348054342 0.0195785790873623 0.209498760109758 0.648140585340697
0.020673980760796 0.0538758178473711 0.443108472326915 0.160501236874972
0.00910034454694822 0.0511547939684543 0.261243232636991 -0.106372081400734
0.0279828351976939 0.0120010874071538 -0.0336652090820999 -0.186911225345255
0.0114442627332101 0.0137845322577521 -0.00879112467632854 0.108043543270385
-0.0178185251757482 0.0563736150692498 -0.22636555823995 -0.0236202702867449
0.0115592583389461 0.0299518121186442 -0.308634943025687 -0.312037210419077
0.0315947336999808 -0.0265739358341377 0.180940227595848 -0.57346272253832
0.0585613634435604 -0.0648604595468817 0.76851103108551 -0.187446856316722
0.0809907380341436 0.0368174993813044 0.667200293788923 0.515163147937546
0.0102079475755998 0.124631706789011 0.0842048101121943 0.549732423176317
-0.0303481471534833 0.133752377435093 0.0624456183172502 -0.0225587946012105
0.0339787641411914 0.0965235144828339 -0.152472662597844 -0.557329272959533
0.0705123991464157 -0.00242378518464745 -0.768135066287484 -0.354305097317389
0.0464087898824604 -0.0460215127387697 -0.679722629123068 0.478290714571446
0.0253708207786224 0.01111382607859 0.0869208938167925 0.688175352278309
0.0190414025083964 0.0627841143543552 0.429510941635635 0.24497376091306
0.00640220928600581 0.0606634896846151 0.281920258957694 -0.0592306936727725
0.0298550402393584 0.0132721914770436 -0.0275872056032087 -0.173143733126418
0.0128444444397133 0.0099280331403808 -0.00156066814426203 0.116703543305329
-0.0156358506043823 0.0510211861193442 -0.221171945872897 0.0174527107667308
0.00879951324671111 0.0311144560323297 -0.350807387259199 -0.235080270981358
0.0249526838306651 -0.0256459782954581 0.0415988626703561 -0.58736631513971
0.0454473312627269 -0.0740171986207159 0.678420109081545 -0.372265499317632
0.0921336427964224 0.0200295086573204 0.753202773864958 0.33970114937499
0.0273737256982697 0.124485098682673 0.169245719861531 0.550165137832792
-0.0316087772019913 0.147117199557389 0.0600766752947332 0.0306954559364725
0.0185143822081858 0.117028901340294 -0.0670705679568677 -0.545145933334652
0.0698825156191738 0.0208751522570234 -0.678307849936825 -0.530141750077828
0.0533013992516541 -0.0449396249605248 -0.79694538634119 0.291005740388819
0.0213681281520579 0.00623602808606471 -0.072963894808289 0.699595379758238
0.0115446356237398 0.0639954199834254 0.395264525675803 0.335441324213234
0.00179927778829499 0.0654131934096284 0.303053321799081 -0.00451275213048727
0.0281572276448227 0.014837827229208 -0.0177301056604471 -0.159278914377228
-0.00519895928779876 0.0160906795764425 0.000496556999181617 0.106296584329662
-0.0168881747352619 -0.0121699496114044 -0.23334392006537 -0.0460690607054016
-0.0291489776651073 -0.0380940645363632 -0.316246333455299 -0.331708321142147
-0.0429400726841143 -0.00346551759626348 0.18550620732544 -0.552265987005145
-0.0413689025215372 -0.00806102534975757 0.765837060211735 -0.129752589092857
-0.0478154026930846 -0.0271690500959008 0.630872588931927 0.562795225028009
-0.0302065605649062 -0.100333020897332 0.0706941842733906 0.568703784167569
-0.0121664496700035 -0.122487160488593 0.0665008845633996 -0.00579599099124132
-0.0435064402539956 -0.0901320745166885 -0.163527536682591 -0.530085832003404
-0.0675575620645842 0.00862131143313035 -0.793076303005584 -0.292030425509948
-0.0497490583843539 0.0524117756376095 -0.660403538186979 0.5284004013952
-0.0549987838830171 0.0334997778603444 0.120425432121752 0.666211979767077
-0.0215199362688336 -0.0214647096553456 0.443524788557443 0.20890930634109
0.00465793711686356 -0.0100867930952473 0.290652726521237 -0.0785803626323236
0.00271342779706308 0.0250718028595819 -0.0146126939754455 -0.196857957925034
-0.00192180714250436 0.0167030340389373 -0.00624880935962585 0.100102868461214
-0.0182471813763569 -0.00122938678820918 -0.232558537717759 -0.0742395329550803
-0.0182116630300391 -0.0308745023619239 -0.265608812639853 -0.380411141086185
-0.0260443571886428 -0.00785885523900219 0.303538366902939 -0.508066113029085
-0.0230336304715415 -0.0214322932277785 0.802842149544951 0.040576660430298
-0.0308983543012776 -0.0335606974957248 0.528018200786636 0.682145925817287
-0.0162294635191794 -0.0843654197305678 0.00493521464034919 0.553177444288804
-0.0132536031738013 -0.0955824904702417 0.066317116622454 -0.0523562122211736
-0.0386720128759991 -0.0638224532408658 -0.232519730175941 -0.528488452228199
-0.0464773873933093 0.0131069320347191 -0.826316635549577 -0.147958186390583
-0.0311002367643024 0.047492455208856 -0.536235937083959 0.634937510469199
-0.0361989386835197 0.0358131677628584 0.23055148072195 0.623555680733287
-0.00874079804436455 -0.00865637231938117 0.452172907360407 0.131871993698706
0.00760264059562869 0.00138914581178841 0.268212661705228 -0.119846106079239
0.00667916776314127 0.0227358620667534 -0.0238266391723503 -0.205775619044282
0.00110629575762417 0.0185261952956975 -0.0111947361489508 0.0973553044134755
-0.0194501488091041 0.0126123886079257 -0.228837605917986 -0.0916508754215407
-0.00726575260511949 -0.0176445425380919 -0.224184934311119 -0.406421121757102
-0.00887737461610656 -0.012626633664498 0.379893463951439 -0.468605187606569
-0.000903780784614759 -0.0294241447457443 0.811374812773298 0.158861673721384
-0.0109027019127316 -0.0229717542035349 0.448809070656495 0.751128285494437
-0.0112942509447127 -0.0470553337386698 -0.0363915815884313 0.534305450456753
-0.0166203522802914 -0.0538425224164279 0.066462171949936 -0.0866584276643336
-0.0228720787746237 -0.0351948127143985 -0.281471016287894 -0.522850871137253
-0.0205248349036843 0.00676469279442649 -0.831339726450644 -0.0514877865677624
-0.0129205857359164 0.0310728317009582 -0.44738282869801 0.692296144243083
-0.0166134118972855 0.0354874786995281 0.294895569026637 0.588368854903957
0.00213730966961091 0.00730694153135772 0.451318026895398 0.0822424713694924
0.00894438588497869 0.0135407709163996 0.250630311458668 -0.145799269921122
0.0126487305049855 0.0193898517195965 -0.03133309492934 -0.210334585199278
0.00504830085815412 0.0193799778887152 -0.0140336603172006 0.0973229072542928
-0.020608186669667 0.029186321642663 -0.227161480825781 -0.0944650409768821
0.000364314969653579 -0.00261510261415014 -0.209972026647017 -0.414358839006099
0.00838320133859961 -0.0171299774695049 0.407253454699873 -0.457695108743496
0.0229071565642354 -0.0347946758675723 0.811890190929138 0.19239988044271
0.00862257708020244 0.0012450630688483 0.426453722702127 0.76764336396651
-0.0127741138974805 0.00430342865417789 -0.0477372135539208 0.52553900416541
-0.020029959674581 -0.00261899234546016 0.0656284988857951 -0.101938281390721
-0.000390323729181814 -0.00468789359670054 -0.298929349228753 -0.524666918193755
0.00703459272740341 -0.0049260975824696 -0.831633370154108 -0.0252262814814775
0.0037779083421974 0.00834608278559207 -0.417159247186784 0.709593215691165
0.00161363061384956 0.0311292542977893 0.316894111068395 0.579039285496838
0.0115639068327166 0.0238337965384705 0.448293977672369 0.0693780148671234
0.00985687762753421 0.0261520874144032 0.242492048837635 -0.152022348875623
0.0188842065812228 0.0154630018352902 -0.0362470981931598 -0.207686414707337
0.00759387421193275 0.0188546129311529 -0.0154148087255947 0.0985057539959455
-0.0201124037974231 0.043955759734111 -0.226663310692952 -0.0824014737652772
0.00642958849091018 0.011862456093463 -0.224752011948652 -0.4035087587618
0.0229443969338079 -0.0212694426507667 0.380145040103273 -0.485413922182539
0.0432402632407661 -0.0414397163368732 0.821763452523488 0.130376384741143
0.031284080126534 0.0259903509605298 0.469818470056819 0.73352168382648
-0.0145814466005569 0.0582993115048649 -0.0289251536147086 0.530142720921067
-0.0232522037297875 0.0517313316491224 0.0644673098565132 -0.095911084937449
0.0222038841926275 0.0281088454183596 -0.284502214194394 -0.534154164938446
0.0327183286799865 -0.0159207374087607 -0.830635169922264 -0.0683704451131835
0.0194761762366782 -0.0164735961860577 -0.452515765014833 0.68645200403044
0.0156355331967771 0.0256059397045937 0.2933727153553 0.604725153515662
0.0175961783885267 0.0405983497850821 0.448420273646654 0.0969402022953481
0.0104706268561088 0.0398744080717491 0.246538943847099 -0.140192342274265
0.0249287461311122 0.0125382876214542 -0.0380714111602754 -0.199501287431225
0.00995189803664547 0.0172591515713404 -0.0121566796963042 0.102003427350353
-0.0192967178510087 0.0536759952353468 -0.228470938964562 -0.0573494077124223
0.0100335124179849 0.023820175608536 -0.264715472254802 -0.36885852976968
0.031007464847495 -0.0250026317435831 0.300438936548302 -0.537051613117353
0.0562521239183435 -0.0521925701026416 0.816976681703501 -0.00918585251639594
0.0576728642515934 0.0399533073794202 0.566193043406418 0.649722863127745
-0.00654113965547518 0.101133086474241 0.0182820885863299 0.544109801486216
-0.0264728944087566 0.100315951444447 0.0637058081125076 -0.0678256695955035
0.0367402948429512 0.0624622261643489 -0.23353784467451 -0.552337851365767
0.0559020328700102 -0.0164660219087328 -0.818527716485893 -0.182713905216326
0.0337580443187069 -0.0371008645683272 -0.549035729274094 0.6194477110589
0.0242951225427718 0.0185548827293147 0.218794836752691 0.649333343679374
0.0217303082704175 0.0540143282420759 0.449850964645925 0.15595475545659
0.0106197658632631 0.0517076752347284 0.262660959339815 -0.1094367126659
0.0288955590543549 0.0110783419849409 -0.0361108046252677 -0.187670050303551
0.0112950270463118 0.0137106382968373 -0.00718521822345837 0.108767948560015
-0.0166105136554767 0.0567501994561797 -0.227692408569859 -0.0206605775178842
0.0117541435839962 0.0301497749785065 -0.314621118232451 -0.309777625993015
0.0319803737747663 -0.0273816801183441 0.175127303043386 -0.580121143266755
0.0574186650341367 -0.0655590140917439 0.772146635832773 -0.198840336988489
0.0813020327222913 0.0366286365800515 0.676534664509714 0.508802155856775
0.0106493779618015 0.125240268723886 0.0911112325948972 0.554647366179734
-0.0280682684324664 0.134522121626732 0.0618667769735694 -0.0229780409851706
0.0363650125181611 0.0958264693426743 -0.160356828679533 -0.558671749908503
0.0705741972498583 -0.00289593936808209 -0.779475483418237 -0.347121981888658
0.0466122581889398 -0.0478784627743065 -0.678425587610082 0.49095371219943
0.0259861734977281 0.0118146212281746 0.0961520972326642 0.693574237016708
0.0198101536466078 0.0627565669881505 0.435865325315563 0.240857613264222
0.00779119105957856 0.061458733615745 0.283971406223796 -0.0634616512419376
0.0304566039767904 0.0118746162942237 -0.0297632489253609 -0.172859132917984
0.0122871973670674 0.0102832265757384 -0.00134424283540172 0.117876096906644
-0.0142185230575916 0.051737499004536 -0.22292102201558 0.0211413384941206
0.00900570562671043 0.0307073971427898 -0.355780930300133 -0.231266785208022
0.0250246962083478 -0.0274595242788965 0.0343718830713272 -0.594201651276549
0.0447263060206193 -0.075430516827789 0.678668704383821 -0.384134024357179
0.093332382651725 0.0181934918708567 0.762363368047582 0.33283522916958
0.029394264644519 0.124799090009666 0.177212581513313 0.551634355288594
-0.031034697143656 0.147809377590635 0.0606330385196414 0.0310808373553971
0.021115123863097 0.117633260799203 -0.0744621405992924 -0.546692305909109
0.0704744784897888 0.0204037233620658 -0.689014011549564 -0.526495716418312
0.0532193949928169 -0.0452386774045014 -0.801656154453815 0.301931763907871
0.021243054075989 0.00672102252472927 -0.0630581462053994 0.70600434561343
0.0122905858400612 0.0641438193659303 0.401718409604985 0.33372342328606
0.00350660106710992 0.065577800714558 0.305516772223819 -0.00863592448729103
0.0288822258022329 0.0132497626826053 -0.0191129026010983 -0.16066128149917
-0.00430063383478795 0.0160072812209857 0.00120008250573529 0.106559185200021
-0.017600293478568 -0.0112650812903874 -0.235551213799303 -0.0423522473342311
-0.0304689650001837 -0.0380975411925765 -0.32248986697748 -0.328731972795863
-0.0434664677160665 -0.00334556746508387 0.179079509468107 -0.558689499124836
-0.0421666997712757 -0.0079124043826689 0.768792664705442 -0.142682678438973
-0.0487766958508508 -0.0272672495584471 0.641684443525377 0.556222720540856
-0.0313873879395261 -0.10025413199262 0.0790818193221896 0.571353696159408
-0.0127543710036841 -0.121928308525019 0.0664656812260324 -0.00637858065457599
-0.044570140636343 -0.0903697027600926 -0.172577954497481 -0.53004633283399
-0.0665404312565534 0.0102968196813865 -0.80030454032206 -0.283436193857383
-0.0478923780039906 0.0542842099800235 -0.656105236450787 0.53664558382533
-0.0542129187735591 0.0352433994182242 0.13190419764974 0.666677546375799
-0.021890029934538 -0.022326276010664 0.448725973981389 0.20332425895962
0.00541218593795309 -0.00902376991306505 0.29161606780427 -0.0831804768555178
0.00361742666943551 0.0242126186231828 -0.0182981704082172 -0.19732236774488
-0.00136289467322235 0.0176382204691001 -0.00504022898146371 0.101199763066454
-0.0178244593355094 -0.00162450115253178 -0.235411554667677 -0.0704446944540659
-0.0192892523787724 -0.0299541517787699 -0.269790634752032 -0.377455447790171
-0.0265868452349501 -0.0077097084088688 0.298683016816 -0.516571735990096
-0.0237134808204389 -0.0213726768551465 0.806409204073457 0.0283951753493098
-0.0316658881873413 -0.0332662436909742 0.541103951245647 0.675698618286124
-0.0176438892969629 -0.0839612067080564 0.0105193721829308 0.554473432998061
-0.0143213071898251 -0.0959836636858389 0.0664507608379614 -0.0528080785684488
-0.0400218175594971 -0.0642434428675847 -0.24374046265994 -0.526625149870887
-0.0470762455946625 0.0135405900014247 -0.830066219854431 -0.136523681823766
-0.0297469564263132 0.0472728132153281 -0.529519460311106 0.644850360930448
-0.0359110393650106 0.0365554471212067 0.240628452207492 0.622696924636732
-0.00957144442641755 -0.0080354095232773 0.456076251479531 0.125783583936165
0.00801638421739626 0.0021401039959713 0.26903492310574 -0.124657193900639
0.00801468314300557 0.0227284871292911 -0.027810140671604 -0.206876944132228
0.00227114753532491 0.0176518422455218 -0.0107056087355175 0.0978263357838914
-0.019080939930333 0.0130998496504656 -0.231375264313948 -0.0869655809062294
-0.00892218432392306 -0.0181883728946987 -0.230159060759602 -0.405060056367723
-0.00882408970114886 -0.0121540044046062 0.376253861380221 -0.476408449638702
-0.0011794319374265 -0.0297652446440387 0.817820251113318 0.147756265804517
-0.0112024691585206 -0.0225461180107714 0.461115142556879 0.745276434187386
-0.0112771816037708 -0.0468603842293682 -0.0297811613302652 0.538311430574055
-0.0172204634853371 -0.054450913760823 0.0654526852062923 -0.087822853206551
-0.0230667921770794 -0.0344880049926083 -0.288680424631376 -0.521210549962385
-0.0210758227799061 0.00773657567751481 -0.835077866662549 -0.0404071857752569
-0.0120328123119367 0.0317035576206459 -0.439952797360523 0.70325810843672
-0.0156130985368718 0.0351563767838425 0.305873230328147 0.586542187987249
0.00211657379142114 0.00707368804552135 0.45447597341523 0.0768009267925724
0.00927673428188113 0.0140753797692484 0.25023288347837 -0.149762832399801
0.0135154652140407 0.0190824504047574 -0.0347950630445085 -0.210687192165454
0.00514828053656198 0.0193061270665895 -0.0140226715806439 0.0972305081310735
-0.0199866053030805 0.0297080841876061 -0.228799168572992 -0.0909136172232659
0.000183014615302998 -0.00221723140932849 -0.215101115582314 -0.414007093040888
0.0086536889041834 -0.0175451025056009 0.40413851481213 -0.466990700164202
0.0217246469841296 -0.0353618541691179 0.819497878761776 0.180656854616983
0.00916257223541283 0.000810823203324202 0.438972047347609 0.762396436119194
-0.0137301759968098 0.00415987384282972 -0.0396263181456093 0.529490469535047
-0.0197667749289371 -0.00246571633356376 0.0654672934921525 -0.102674787527427
-0.000174520154746925 -0.00495027462860431 -0.307034473985089 -0.521589275230644
0.00614842791714426 -0.0055789259682009 -0.836452366158193 -0.0134474343310811
0.00425171071179895 0.00794607914440813 -0.4065427520827 0.718895988375497
0.00215391313982635 0.0319494523446969 0.327311681427887 0.578587576003716
0.0117859829791619 0.0238542316788654 0.450388411526596 0.0633848122889939
0.0104491829762359 0.0268550216130278 0.242240547504428 -0.157009134557595
0.0190099080998498 0.0151464429941339 -0.0396146850089974 -0.207978213440532
0.00808648404935137 0.0185029253434356 -0.0146912953263206 0.0994356779128056
-0.0196104505184419 0.0446448647113977 -0.229248625918298 -0.0789606977859589
0.00685210851867835 0.0120390815590014 -0.231297853269314 -0.404134018620113
0.0227926631418615 -0.0214309728980531 0.375990054079263 -0.492651896194665
0.0430185560835782 -0.0424315676914876 0.828301510624137 0.120967721751765
0.0318014828081486 0.0260575371287581 0.481205052305734 0.728780638489827
-0.0140850061598321 0.0590875830485859 -0.0204311066672341 0.531932453794852
-0.0224095175074025 0.0521096102550844 0.0639590686405745 -0.0964715722296143
0.0226618574725416 0.0281949879911868 -0.291825341381606 -0.5330059428806
0.0321845423444883 -0.0163999209814174 -0.834486595590991 -0.0573366462695847
0.0189582808101572 -0.017136655540468 -0.445519017937073 0.697587165483462
0.0157476227274326 0.0257257022910563 0.303308380770191 0.601952294990791
0.0192952608329615 0.0406859634555226 0.453721114583186 0.0891976683876184
0.0120044696430925 0.0397364599093703 0.247148795721154 -0.145441718090512
0.024885142440413 0.0109646842047258 -0.0402451130675161 -0.200842764959061
0.0101643869639195 0.0167382201869374 -0.0115975554667822 0.102781316480427
-0.0183902560383941 0.0543461408189029 -0.230798357771634 -0.0533367816264754
0.0107500558667095 0.0235732469763745 -0.270598946193518 -0.368091207814411
0.0309791523801396 -0.0258500462730507 0.294253790003771 -0.543719975753439
0.0556233760032882 -0.0533521728315431 0.822290040792054 -0.0210970356945607
0.0581622676720725 0.0401550529584199 0.576900214147635 0.643365801775107
-0.00525178870892196 0.101941325963631 0.0269200330364145 0.545367342767722
-0.0244325176419072 0.100790387697087 0.0631676938777699 -0.0684297646125269
0.0371361850224555 0.0629880643411655 -0.242590104432067 -0.548981115434026
0.0559051176462598 -0.0162772963778443 -0.824796630723672 -0.172400807087762
0.0329732226888637 -0.038199603466577 -0.541097740246364 0.630294525535675
0.0241873126020187 0.0188984166105731 0.231004778175052 0.649823080468413
0.0223661136773445 0.0544156526412786 0.454207143127757 0.151514259606723
0.0113830556426681 0.0519592907417378 0.263267739773737 -0.114106612771607
0.0289890320569527 0.0103357198866077 -0.0384670844910817 -0.188126417249318
0.0121238495976779 0.0130636550269599 -0.00676858792712406 0.109371292036836
-0.0161512974640886 0.056497767442079 -0.229530547868513 -0.0174553673863735
0.0121630922914793 0.0301472699511895 -0.319242454672069 -0.308081414938018
0.0320597282250908 -0.0281481749026136 0.16801259343408 -0.587467508972908
0.0564163052844226 -0.0667221821734048 0.774151683404502 -0.209270388765042
0.0826267006343989 0.0348744075502387 0.68722505285186 0.499302659828829
0.0122899878027758 0.124769754755907 0.100452104643792 0.555250307797098
-0.0270033509231225 0.135309659686364 0.061491074104857 -0.0230995129654557
0.0370215037334698 0.0960670763806372 -0.168150872526399 -0.558906905999827
0.071123543360094 -0.00411919035424574 -0.785731207922415 -0.34095477750492
0.0457659611457396 -0.0487469646864305 -0.677191438757331 0.503287705728527
0.0270733032303094 0.0116959814793761 0.10673012924668 0.69491219006246
0.020696837459237 0.062972292905131 0.441224887634784 0.235782250681304
0.00923672532430881 0.0608083016371011 0.285475920997731 -0.0687892047401763
0.0306167622157497 0.0105618873197876 -0.0315545250043241 -0.173480452962742
0.0125970220660379 0.0099992788676175 -0.000574632780495586 0.118259751327341
-0.0132155621389175 0.0529643289426237 -0.22362154107482 0.0247690291713012
0.00930403042590432 0.030588876597724 -0.360325939533219 -0.227979085072877
0.0250311090150628 -0.0271949022926922 0.0242339672686969 -0.598649369132865
0.043870840756612 -0.0763987569624821 0.675751400011906 -0.396408169559372
0.0942627127218528 0.0174265655049778 0.769153407287786 0.322345974778421
0.030736528767458 0.125234084155114 0.185509473610901 0.552445388653806
-0.0291437991042144 0.148895322073027 0.0615570645662993 0.0305177814378699
0.0225047701361081 0.119181166757862 -0.0816997445056748 -0.547488518064676
0.0715691928164726 0.0198080833591887 -0.700153619072349 -0.519128128716173
0.053052484114904 -0.0464250610314759 -0.799884743298461 0.314073150029767
0.0217709042976085 0.00557789769372861 -0.0538884797669028 0.711128062880064
0.0135686076148111 0.0647337206257705 0.407706785809609 0.328014776872544
0.00470063376216252 0.0657159677433592 0.307641644068451 -0.0131192560383325
0.0300956564021199 0.0138114762504446 -0.0206667358867697 -0.161678268379075
-0.00335736240302957 0.0168969420055824 0.00222705264727223 0.107712066708998
-0.0176612388360501 -0.0105113308877491 -0.237198044841292 -0.0387955505919133
-0.0313979150455803 -0.0385077229195165 -0.327255207565267 -0.324499776227047
-0.0433716314040653 -0.00204087530753114 0.173415408746754 -0.563635882092748
-0.0425270523109211 -0.00711158153680225 0.767554856012053 -0.15428059910859
-0.0490406195264573 -0.0263687779936928 0.652016688544013 0.54803113015123
-0.0336943996408409 -0.100627226709043 0.087479637154864 0.569980121983386
-0.013795165475962 -0.121725892037561 0.0668288193393778 -0.00700874129992644
-0.0463510398329026 -0.0898152224720746 -0.180400579663434 -0.528267761851721
-0.0673259708802186 0.0108400154941741 -0.806755313859301 -0.273192413583962
-0.0473602795257548 0.0546931470257805 -0.651528204408915 0.551137460589797
-0.0540377372602577 0.0370686866577643 0.141804237626274 0.667559734906107
-0.0226356326215457 -0.0218031119874663 0.454082066206591 0.197550806189525
0.00575907429473918 -0.00881230469121382 0.292373737214059 -0.0885481076469806
0.0049866623435538 0.0243695954295559 -0.0206036235234511 -0.198364412724702
-0.000329210766846971 0.0176817997146972 -0.0037496908048786 0.101908110650321
-0.0175749328111903 -0.000385099556166676 -0.236532721007528 -0.0664792962277344
-0.0194647477033748 -0.0308318410055537 -0.275349545028401 -0.37412021671952
-0.0270646299901079 -0.00802452122638135 0.292678869301791 -0.523438270050229
-0.0242275591729564 -0.0204842333575144 0.811403884121355 0.0163488195013701
-0.031779884502635 -0.0325180979864914 0.553170638903564 0.668911932571573
-0.0185466240485942 -0.0841300633050259 0.0194525771116339 0.556442566043991
-0.0150816916072803 -0.0955655538586175 0.065588755372538 -0.0544265905556563
-0.0404230142571245 -0.0632012791976863 -0.249475432578113 -0.523979665796655
-0.0471129098847005 0.0146538197989511 -0.834551742850745 -0.125112978249715
-0.030188290900116 0.0480329392939674 -0.521275471876082 0.656329830912242
-0.0356585166924412 0.0380280645295323 0.252117438402123 0.621627621322984
-0.0101222047130002 -0.00819992440104368 0.460556438404725 0.11942934788956
0.00832773935666856 0.0020033067284239 0.268028443086971 -0.129691882011008
0.00912195654493653 0.0221203956326036 -0.0309976107073896 -0.207650549702364
0.00279378223787753 0.0180931562066996 -0.00952156641619261 0.0997356618215817
-0.0195192221568341 0.0140435098941221 -0.233774497993491 -0.083664949796596
-0.00930359962448706 -0.018084895657193 -0.236421111930618 -0.403137170475204
-0.00875183222286244 -0.0120414072013844 0.371268135569282 -0.484002570602497
-0.0014772270878425 -0.0302017679831609 0.82291003407019 0.13596581315049
-0.0115057187225723 -0.0223176382764689 0.472998931720152 0.741424481965638
-0.0118044531044668 -0.0460072449233545 -0.0208033605180713 0.539574472377239
-0.0175595932897013 -0.0546567649638904 0.0641533381115254 -0.0878664557507872
-0.0234259105640497 -0.0351793084064433 -0.297191142790307 -0.517978919893791
-0.0213837962190379 0.00732014849064655 -0.838299976531838 -0.0274574334088163
-0.0117160207191176 0.0320501729756664 -0.42990780864304 0.712786968659469
-0.0151105997174065 0.0363577145550688 0.316045376385611 0.584992116477174
0.00217958665121887 0.00678167685807644 0.458341834450471 0.0697413414752812
0.0100529467551894 0.0145276853613696 0.249636350577373 -0.154616252333336
0.0143589864774611 0.0182339661753463 -0.0369698261813868 -0.211084075137346
0.00565683366402796 0.0182517229345575 -0.0129714003642521 0.0980270287416912
-0.0184573560683244 0.0304316337861224 -0.231528311077092 -0.0870443452818198
0.000186298698958302 -0.00289073503329789 -0.221619395792746 -0.412248042441976
0.00815699156107039 -0.0173100042254558 0.398820352661172 -0.47447850910234
0.0213973996535159 -0.0358037916016372 0.825501039731576 0.170604670785954
0.00896425588047393 0.000388882854328709 0.45038634460713 0.758658277519985
-0.0134515150455837 0.00529886555584147 -0.0336197085718918 0.530258622657825
-0.0191740889617366 -0.00224023611391803 0.0639950496510785 -0.103701290002502
1.57187342890268E-05 -0.00438021101231339 -0.315391889311204 -0.51920825056341
0.00614977207411218 -0.00573539471627137 -0.839541039792018 0.000212797365401426
0.0042888336549462 0.00825673823928505 -0.398851162017195 0.727485848780212
0.0029432557445009 0.0319954728420569 0.336394263280791 0.574639237557786
0.0120410987499843 0.0237095537226026 0.455797266937591 0.0579154440072966
0.012011841445384 0.0274398620936043 0.241023758460472 -0.16209864157574
0.0209068846380322 0.0141211618283865 -0.0425887248640757 -0.20800720416097
0.008363372074199 0.0181761949471474 -0.0142247748186798 0.0986282236453842
-0.0184126134640145 0.044733854959204 -0.230226947665501 -0.0750430915974988
0.00638913600506167 0.0117097976573328 -0.235123178389836 -0.401395516626931
0.0220142951806785 -0.0223372540127903 0.367641234303609 -0.500627532850323
0.0424836030841243 -0.0431862088828588 0.831848044496047 0.108262481785504
0.032597924202231 0.0256900363127403 0.494031911138486 0.723554871783881
-0.013451276262308 0.0583651397302975 -0.0129921526369814 0.534712813121296
-0.0208481946334056 0.0529873981276875 0.0627400664570156 -0.0976143271751901
0.0235155112841417 0.0272969513449959 -0.301949655637648 -0.529855381112168
0.0322922927148136 -0.0169225500217992 -0.839642356632643 -0.0455134924389489
0.0188074130949238 -0.0173484721448081 -0.43679471107765 0.706046791776432
0.016393423985729 0.0256084583165531 0.313700639442977 0.601542156225977
0.0189336298089812 0.0406659377489983 0.456344876064832 0.0833995868678203
0.0135560298135298 0.0396366111354703 0.246064410597027 -0.150370007360814
0.0255226991347065 0.0106594990193001 -0.0436665103073161 -0.20077259168415
0.0105860756000535 0.0160587358174042 -0.0116985114865521 0.102765136552729
-0.0173172313797711 0.0539226766805901 -0.233047774681505 -0.0501357985269378
0.0101393660587208 0.0238461956862734 -0.275934329678531 -0.364667876515117
0.0312296978983654 -0.0262928382119541 0.28756540490146 -0.551427389057728
0.0551966927703349 -0.0545669109658319 0.824694900578159 -0.0350787538576693
0.0592481116365727 0.0387213116727592 0.588046855562445 0.636984220936695
-0.00318304992067682 0.10261140242426 0.0350381710415973 0.54741392430654
-0.0229869005295523 0.101640901169907 0.0618827965085919 -0.0690990835273868
0.0382501843362902 0.0620606650100402 -0.250479179326935 -0.547750642677807
0.0558569642080362 -0.0180941161595222 -0.829843054139565 -0.160713029401932
0.0326887982363116 -0.0388132502294151 -0.534362911046355 0.639642025024533
0.0249275843725985 0.0187780158986672 0.243376891700321 0.647852231375671
0.0231760537693919 0.0542680488992435 0.457762961830283 0.143966890617052
0.0133273686428797 0.0517114717482979 0.262452357433542 -0.119565780988708
0.0294970804518577 0.00922225654940369 -0.0418144621403828 -0.187945567896518
0.0121897190941794 0.0124637722658955 -0.00620099618044668 0.109031189646297
-0.0147598089093464 0.0577695633542031 -0.230521474639316 -0.0131524887852696
0.0114081052434474 0.0298680355363249 -0.324163302710293 -0.303045041372422
0.0315286626216793 -0.0286130027331388 0.159631361052234 -0.592504997814213
0.0554754994692623 -0.0678673716210399 0.773311598243719 -0.224267498232255
0.0828622996850491 0.0344204441172405 0.696979633902604 0.490936963448104
0.0143713072961701 0.125551197138999 0.109179990907997 0.555850762913221
-0.0249766066478828 0.136250429254768 0.0616573140693637 -0.0240279145582775
0.0392013851498067 0.0961452521328816 -0.176572581736322 -0.557565146391212
0.0704593818280211 -0.00492443044866803 -0.793317039490282 -0.328520164307158
0.0445439817173249 -0.0504347629897657 -0.669908675912899 0.514480253749493
0.0267275072107232 0.0110411861495453 0.119612490989371 0.696356689507611
0.0219778718737283 0.0631169691356589 0.446993593369066 0.230108314642959
0.0110115981036353 0.0610296080593195 0.286585847328039 -0.0740580142175792
0.0311379385574945 0.00896490005414614 -0.0339708222606008 -0.173375854285771
0.0135028614757887 0.0089243263695969 -0.000214353878117985 0.118446210176595
-0.0130755091067236 0.0532155647484269 -0.223919858079987 0.0286741043268198
0.00960149754035533 0.0304018535285441 -0.365028904395205 -0.223486854431309
0.0246069402662319 -0.0277186036183132 0.0176628059965562 -0.600926925270892
0.0431259750810129 -0.0771699440027028 0.672854610037576 -0.408077089300618
0.0941544909678312 0.0157068207392005 0.776535701792779 0.310769117488456
0.0323037846048686 0.12440619956402 0.193746678637545 0.552092548394676
-0.0262807309816146 0.149925836225298 0.0611659618634935 0.0303011228378041
0.0244657939152415 0.118393272738527 -0.0890905252620725 -0.547343259910683
0.0716781660024535 0.0180108294838531 -0.709268176833473 -0.510837107873794
0.0523568835721819 -0.047766663949997 -0.799106974025154 0.328911880374151
0.0218358274470205 0.00582487483030386 -0.0430400603934457 0.714675071350287
0.0141458354190964 0.0656207651198394 0.416453492295611 0.323242072638091
0.00708701573060243 0.0662739632606044 0.309016979322299 -0.018603874502262
0.0305306944559985 0.0117741857781897 -0.0233341939511023 -0.161253915208881
-0.00279215336764167 0.0162998200717709 0.00328799409468729 0.10711091955753
-0.017339202607933 -0.0103751795060874 -0.238400378143819 -0.0342840568783114
-0.0318666298960861 -0.0379999128516151 -0.329854577525068 -0.319226379586389
-0.0430879705521396 -0.00160980215686227 0.166566725801449 -0.56653483589412
-0.0427642107585236 -0.00624738585380927 0.768367991237449 -0.166614690327724
-0.0496661349944161 -0.0260145713931532 0.660262734731815 0.537647860216262
-0.0347125931278326 -0.0991564274204398 0.0944989334494558 0.570019918073891
-0.0153150672730427 -0.121745696797673 0.0669206721082412 -0.00725006579331415
-0.0486544204641829 -0.0889289419622714 -0.187424212528184 -0.526608028459962
-0.0675616426770095 0.0110952516142713 -0.810714395255035 -0.259823203803613
-0.0470150249217214 0.0552163929450526 -0.644294819318846 0.561067285632514
-0.0530491736176334 0.0373929791184446 0.151165350851638 0.666280716472944
-0.0231848664434512 -0.0213479345582927 0.45959614933723 0.189923157075559
0.00637016795040752 -0.00819810680939547 0.292232619563785 -0.092576124378601
0.00604134523589365 0.0252532388601267 -0.0238523540175514 -0.198328836326269
-0.000309356823680637 0.0167889589644539 -0.0036410702265592 0.10195113168227
-0.0178254360988795 -0.000257815302113819 -0.237649716799095 -0.06212546353067
-0.0208719040827725 -0.0310098158855832 -0.281429805354421 -0.370479115394483
-0.0264640865569081 -0.00766972817255685 0.287070985618245 -0.52896948952523
-0.0254228962259506 -0.0207306788650559 0.81317746242427 0.00554929909851256
-0.0326189004985503 -0.0327580211737749 0.563535798355622 0.660783272223656
-0.019500627426859 -0.083597337291184 0.0291762771162043 0.557210903306893
-0.016524364842212 -0.0953136203176121 0.0652947391836902 -0.0548070700155985
-0.0417333678002035 -0.0622515564457641 -0.257680516055229 -0.521645121880894
-0.0473260731145488 0.014713922052644 -0.83708058804755 -0.112739211834505
-0.0284214871784067 0.047990377776072 -0.512930342013378 0.664553215326011
-0.0346610887550994 0.0384605244877122 0.261592674041837 0.618485189064061
-0.0104854745979744 -0.00861145453051409 0.464663308989899 0.112053098642054
0.00869315325781798 0.00241080599057431 0.268077027259851 -0.133969169422818
0.0103883658419492 0.0225376616338451 -0.0340696178402801 -0.20680509587549
0.00355495231779721 0.0180653187153446 -0.00907761003603219 0.0994336161071577
-0.0182220542298834 0.0147289543681786 -0.234505263624186 -0.0796204321459153
-0.00974654968445234 -0.0189266882343331 -0.242250306492772 -0.400019835544416
-0.00938552124469731 -0.0119647001641044 0.365998544850001 -0.491016704529179
-0.00192997178094142 -0.0304971943504778 0.826834901072414 0.122746900931053
-0.0122472716340697 -0.0225600078183662 0.484086986600684 0.732932089479578
-0.0124890199901572 -0.0460232565728537 -0.0133764540621171 0.540220493464833
-0.0182144401859172 -0.0541953676051228 0.0632322410622398 -0.0886314227607883
-0.0243071180893295 -0.0341009204027985 -0.305091553265085 -0.515326332843766
-0.0213441154389269 0.0069359610638025 -0.840502881919297 -0.0168813360383201
-0.0108528586736269 0.0311014051324397 -0.419826199742389 0.719143539539689
-0.014792157173129 0.0364002500382162 0.326102274021593 0.580654376401196
0.00213657969124344 0.00742868769324794 0.462186579435467 0.0611971603060966
0.0106877121920083 0.0150574678506206 0.249105930767505 -0.159656903354159
0.0155566768911461 0.0185803093448872 -0.0410302762910933 -0.209873027522271
0.00667718265244588 0.0181120800854129 -0.0125274559720969 0.0985932170894362
-0.0184075162299767 0.0306974550108206 -0.232222865890558 -0.0834528842073918
-0.000942551477378332 -0.00293419940005301 -0.228326132941824 -0.409812994196854
0.00774411427853358 -0.0177954243940289 0.392500930048076 -0.481423555118595
0.0214575004272009 -0.0363857803563226 0.829343127750647 0.156331946345718
0.00874750886479006 0.000496216602507664 0.462487239989699 0.750816459810886
-0.0133990524215386 0.00561447100320639 -0.0241174533618984 0.532105743863768
-0.0193935674299819 -0.00150242836601147 0.0625257644929891 -0.104382836348056
-0.00038569585517987 -0.00423281329731673 -0.323104965964177 -0.514141309466079
0.00559727948899081 -0.00615867232212771 -0.840827142673685 0.0136635964581505
0.00504138493711561 0.00735352943773538 -0.386473528559221 0.733973529384943
0.00372184826088081 0.0322082274475816 0.347429978279904 0.570442819389075
0.0124849254324206 0.0231709025967899 0.458666613856042 0.0493962358721981
0.013084032257973 0.0271537585594141 0.241232677643311 -0.166257688375247
0.0213026348978668 0.0140784252617441 -0.0451756235968649 -0.208546789358545
0.00860364454206667 0.0173450215908997 -0.0123972104579417 0.0999866883132371
-0.0179323600650563 0.0450014085954912 -0.232133715917166 -0.0719525481133112
0.00638000014077221 0.011275109287015 -0.242623577166344 -0.398075689297368
0.0221956998138089 -0.0229913287917245 0.362163361396386 -0.508025915281351
0.0413080266951763 -0.0436144528708139 0.834832298042297 0.0977108358075552
0.0324917354815393 0.0252525658356451 0.505036522232668 0.717213552764437
-0.0123891027725928 0.0598538186529572 -0.00640599064142443 0.535156932434814
-0.021020861050589 0.0533739355757298 0.0615699851606753 -0.0982306432235827
0.0241081278705729 0.0276926699507121 -0.309524788986604 -0.527489943986828
0.0318654506335276 -0.0170170780296427 -0.840305408169875 -0.0328976307173365
0.018950087620417 -0.0184726193017628 -0.428462011306109 0.714397496490931
0.0171851965502562 0.0263705028791953 0.32504295655505 0.596323092609764
0.0195567502932715 0.0408535412309453 0.459562431113236 0.0762531596582641
0.0139459169394988 0.0397018661729046 0.244806232279206 -0.154137032250862
0.0263959691015759 0.00985631814658794 -0.0462133867782561 -0.199427107006138
0.0110618964169634 0.0155027105435973 -0.0104560067442366 0.102920841741333
-0.0162830129372245 0.0548716046893328 -0.23276758146022 -0.0461961956303081
0.0109535102820872 0.0226347183582147 -0.281297256367118 -0.361711143561931
0.0304142432279263 -0.0268857765796568 0.279559841136328 -0.555845082041132
0.0541474059881677 -0.0545941717564845 0.822891939140299 -0.0461800307599485
0.0600892362640425 0.0380683474594117 0.596074107240613 0.628577690765504
-0.00190109224652472 0.102651075953737 0.0434297346187641 0.54598783405247
-0.0213289780187491 0.101656102841337 0.0617799886617775 -0.0691637093532647
0.0393263479048625 0.0618620804258573 -0.258631543771671 -0.544222988736194
0.0546171161584865 -0.0184045086817685 -0.832811654915557 -0.147462536486295
0.0321156436830827 -0.0396349103332373 -0.527195914766171 0.649764585595565
0.02539862291298 0.0194735862748003 0.254402438438493 0.64590074109337
0.0238148345869029 0.0540968594014201 0.462115471202978 0.136532733542563
0.0147503411783919 0.051676536839177 0.262048806513125 -0.123988859621712
0.0303646047432067 0.00811039483515931 -0.0436142261384331 -0.187030178092804
0.0129698492840886 0.0119224914418288 -0.00559272191931329 0.109502901897741
-0.0143109398212272 0.057547294079876 -0.231009366970584 -0.00921117304641889
0.0121129078276337 0.0296234426569597 -0.329691795201967 -0.29964532994096
0.0308831547521418 -0.0297981815360526 0.149422623500309 -0.595730950898937
0.0540492361370483 -0.0690450562311716 0.769335652922017 -0.236425453337426
0.0835959680585648 0.0332074874874893 0.704151010805556 0.480174733916424
0.0164352509745453 0.125736615137693 0.118058443789259 0.555545325162383
-0.0224593881930937 0.136533887505339 0.0610589834930066 -0.0244181640115819
0.0399892888425226 0.0959915701252004 -0.183583263730926 -0.554568687013826
0.0698551205896686 -0.00576250879695435 -0.798808823372902 -0.316942597488183
0.0444216368344233 -0.0509877937091163 -0.664633880165159 0.524944746960076
0.0275276694358079 0.0108826488244438 0.130431313553028 0.695973371895233
0.0220495289504308 0.0630184615418386 0.452969231519512 0.223018773605398
0.0125110838272127 0.0612503620487724 0.285856794611786 -0.078191278876805
0.0314985510782989 0.00836825264294532 -0.0353871996320257 -0.173463541920072
0.0127722452935356 0.00885941551557067 0.00154908110144599 0.118950260532529
-0.0120359253239202 0.052776789264249 -0.224079131220564 0.0322162518215546
0.00982500889083584 0.0307996422643126 -0.367523660717996 -0.217331370532638
0.0242840015726302 -0.0285284837083254 0.00763954766201915 -0.603878133248693
0.0419911192902982 -0.0776418007709146 0.666636350602291 -0.41973963708214
0.0947648170794181 0.0144054850609571 0.781966837351487 0.300216792422008
0.0340695508118116 0.124505131035711 0.202450429268033 0.548582945435446
-0.0241324790098195 0.150123235626962 0.0621266876224358 0.0298475593781445
0.0258202995067651 0.118387777318332 -0.0972156343855636 -0.547594866017632
0.0721452410543784 0.0177491808299179 -0.717291581449865 -0.5013309370294
0.0519526622150932 -0.0491301576246774 -0.795806251229495 0.341085789834456
0.0221998904742615 0.00494264455603527 -0.032338988286514 0.716364445817976
0.014422128353371 0.0645090349945248 0.422515547570973 0.3171427980707
0.00845190888632669 0.0656435039940754 0.310727038790239 -0.0246691414657518
0.0307338563006663 0.0108171494457935 -0.0244852977864369 -0.161139796051616
-0.00204200038222543 0.0163564113677645 0.00414411869847101 0.107145479869653
-0.0176347319834278 -0.0099256817370961 -0.238618255415709 -0.0293772149580088
-0.0330873810847697 -0.0380410746635714 -0.334688771021877 -0.314906077089196
-0.043282714269111 -0.000277774904291988 0.156487424344774 -0.569417878859403
-0.0431507680574575 -0.00505697442469726 0.764565995562515 -0.179459592180575
-0.0497232069994528 -0.0249741517831194 0.668195437942714 0.526622460499008
-0.0363352589820235 -0.0989534040042655 0.10302083326345 0.569210363737744
-0.0171075340802423 -0.121013928848942 0.0666694864417765 -0.00884172061723923
-0.0496373605760598 -0.0882060767115864 -0.195972251857233 -0.523376552523757
-0.0676149479658248 0.012260857592847 -0.815891870065857 -0.247874521437267
-0.0445691546406186 0.0547580153148733 -0.635022537208004 0.57085079007343
-0.0521446504098163 0.0383795299558685 0.162702398834298 0.662851254114191
-0.0240973998660884 -0.0213854476286015 0.463585970413169 0.182489555870359
0.00621330011152012 -0.00734400476670411 0.293111815432497 -0.0978117945373666
0.00748935826578355 0.0245971750523479 -0.0259197819937545 -0.198069156048829
0.000662254065761844 0.0169402765899438 -0.00338850476106127 0.102716527632985
-0.0175795289479627 0.000300530655459694 -0.238727659828737 -0.0583202310755573
-0.0208687708003726 -0.0305786105550154 -0.286160015827944 -0.366447093715996
-0.0262590265037086 -0.00693964363297081 0.279680162517468 -0.534363907646771
-0.0250450708396283 -0.0202625475518522 0.811680825136876 -0.00800792751871079
-0.0328638848635322 -0.0318876300769376 0.571950508653902 0.651632210372962
-0.0210290056421701 -0.0830368845997704 0.0368839308546701 0.555940001055924
-0.0169033645752895 -0.0954367339533462 0.0639637755793804 -0.0551715029661207
-0.0422248885731302 -0.0617111468570127 -0.265392461417707 -0.51698634379223
-0.0471530182172585 0.0151773704389914 -0.838298950749518 -0.099272045905381
-0.0276304235854881 0.048177651269516 -0.503733978209373 0.672765722762613
-0.0339218306243084 0.0395623671941587 0.272136060746239 0.614243415990397
-0.0114527947618136 -0.00835527129743409 0.467106658940367 0.104244548952922
0.00930100244208964 0.00258165869827026 0.267310501479852 -0.138463838560377
0.0114644496170599 0.0212476523425694 -0.0367994924048335 -0.20600221534388
0.00371800666029211 0.0178533067174574 -0.00856248523490034 0.0999767886345339
-0.0174929804769325 0.0151158368678344 -0.236349644026376 -0.0765793092275913
-0.0102828122930978 -0.018553929201651 -0.246208935020488 -0.397155454757459
-0.00855813071628629 -0.0119560629748616 0.360392808555273 -0.496429436406327
-0.00327387787291407 -0.0301468762448478 0.82827181573574 0.110479004292551
-0.0120470483533964 -0.0220902450133753 0.494164918835559 0.725224582774869
-0.0139501441162905 -0.0457497865212962 -0.00694928516208777 0.5411278707442
-0.018332259280476 -0.0531346103846652 0.0631199734754379 -0.0886038676703021
-0.0249186717205259 -0.0335732383861943 -0.314514540487006 -0.510041860667916
-0.0214661037337478 0.0081839229712526 -0.839855626138041 -0.00203460131855049
-0.0102639397022724 0.0313894440550584 -0.409561426438334 0.724217493676224
-0.0139758249303734 0.0367240088946516 0.335845395088211 0.575430205125523
0.00184385114996381 0.00748344645949525 0.462719960969933 0.0545494871564032
0.012042424005561 0.0142125711166772 0.248460848932341 -0.163580779295141
0.0160334095604573 0.0169484826016433 -0.0447734447136229 -0.209637915950485
0.0066665017299136 0.0181392229731679 -0.0116517162984598 0.0990539621064753
-0.0176863450682806 0.0310841556429281 -0.233591485353331 -0.0791580246428388
-0.00117536224772031 -0.00344806895399601 -0.232674342353381 -0.404363418940159
0.00843101417802688 -0.0180380129480303 0.384566483534492 -0.488532617711293
0.020565980709794 -0.0362792514385327 0.830783503326361 0.144952396218576
0.0085862857732128 0.000581941540488788 0.472897285065052 0.744380784834919
-0.0130388970936217 0.00570120090795221 -0.0163228474432477 0.533479184669336
-0.018961339813153 -0.00149292170207657 0.0609432196306004 -0.104599866735724
-0.000490392662842003 -0.00410573379821502 -0.330884740912029 -0.510588780813258
0.00570353752107491 -0.00654821180597317 -0.83905082188072 0.0257114743042925
0.00520024985551275 0.00742532926239263 -0.374975937430447 0.740406385198451
0.00372842200181944 0.0323435019266432 0.356788851499097 0.566712139273314
0.0122579832970628 0.0240455099084116 0.460403817307615 0.0428923730878459
0.0143782448820447 0.0273258490599783 0.238220920229752 -0.170217949421864
0.0210574050831234 0.0132911024450604 -0.0484743073819879 -0.207793407219696
0.00938521464168019 0.0177276039699784 -0.0121261538558412 0.100248313529317
-0.0165705505088041 0.0462059316888757 -0.233731930283784 -0.0683719612630901
0.00615360479254402 0.011073739066372 -0.246574944653323 -0.393973063121662
0.0222823550972315 -0.0230997195259101 0.355969340021784 -0.514417188174414
0.0408203325080866 -0.0437070783902859 0.83468935698298 0.0834581339106162
0.0328636414230552 0.0246035132781036 0.513443174839188 0.7099094855
-0.0112926005376235 0.0597930099127234 0.00173631245111424 0.534356136284129
-0.0193040710865822 0.0533293546513756 0.0603479907252265 -0.0986845797423846
0.0242226339740375 0.0272163318103938 -0.315556815783795 -0.521984111846136
0.0309653406186804 -0.017956386475151 -0.840040252771774 -0.0200117344304441
0.0187134443311458 -0.0189003629459739 -0.41551899845628 0.720397308038127
0.0179167141272942 0.0255046864027363 0.335613099184757 0.591123849526116
0.0205722656320853 0.039999237523379 0.462157744322167 0.0673791189121066
0.0149767923459147 0.0397115905228034 0.243846476068245 -0.158097573438118
0.0269757899680152 0.00895884813635789 -0.0489094794121553 -0.198596255819145
0.0115274775009073 0.0151604390801913 -0.00946709706114074 0.10313053853345
-0.0149343775330461 0.0548167098886757 -0.233822028807225 -0.0422154895428013
0.0108068295775163 0.0228709503301413 -0.286082363451587 -0.356508315496674
0.0300010537521053 -0.0276227500764739 0.270471756779609 -0.561848435185631
0.0532660949381826 -0.0556835797513841 0.823043961324683 -0.0586322759740864
0.0597386355085984 0.0372038119327309 0.604599347421846 0.616700030997695
-0.000926116325284515 0.102706524241408 0.0509455719908212 0.546937506903459
-0.0197685298819565 0.101779709702434 0.0604386256651509 -0.0694381344174355
0.0403025699177381 0.0613015629431338 -0.267650596242926 -0.53930104633541
0.0538886794069005 -0.0193937814579774 -0.836435971294631 -0.13595989551953
0.031169906915642 -0.0404244031460522 -0.516256926349439 0.65770950448291
0.0253036071519015 0.0173188568386023 0.264067534039195 0.642585918173003
0.0233190671951023 0.0538689713501727 0.464884860009463 0.128498836479741
0.0154651692418643 0.050891259637502 0.261400706241316 -0.127819391542306
0.0301923909721309 0.00654131654121398 -0.0469428108482962 -0.186299299712033
0.0129044220317394 0.0112346469007101 -0.00485050842731306 0.109719996847079
-0.0127249427577969 0.0580934447117402 -0.231352520747051 -0.00625309436583163
0.0128138842978603 0.0300903791108988 -0.33302677797586 -0.294916652777335
0.0309700008448317 -0.0300527841313876 0.140710690503223 -0.600393066669197
0.0537936178295563 -0.0689483062377382 0.765786423847725 -0.24870554027517
0.0841711815851737 0.0316390467101265 0.708732798549168 0.46976175674345
0.017821004192139 0.126295546803197 0.125944623406633 0.553229473896831
-0.0208915264692484 0.136222099958547 0.0611556092729201 -0.0251898685881792
0.0417480969994386 0.0951023731424765 -0.19231759113831 -0.552113526676219
0.0698556166189837 -0.00592395020121999 -0.802804941344949 -0.304883848157728
0.0434853523399684 -0.052277553529978 -0.656695540802397 0.534675468268987
0.0270646582240859 0.011260288347823 0.140944645738296 0.69239828651919
0.0227885485787913 0.063297727378999 0.456002424322269 0.215745180377865
0.0144406368709581 0.0607112877189765 0.285015665183078 -0.0832181361994698
0.0323521176709203 0.00732464889575518 -0.0383833724875744 -0.171885714190383
0.0134345475721336 0.00812388231147257 0.00117315288800236 0.119403213155881
-0.0109856377531784 0.0534094520962764 -0.223347494876126 0.0352198856521678
0.00977018434286894 0.0305097982760945 -0.369114820595942 -0.213424858626839
0.0244189912900985 -0.0288494590695107 -0.000890892775970155 -0.603741989264784
0.040595244805802 -0.0779812144777777 0.660747042731103 -0.43039882285729
0.0948755252443141 0.0132829903892042 0.78673451145298 0.289114434899595
0.0356216828099032 0.124837077048254 0.211100179662017 0.544777512084712
-0.0223499983719643 0.149839501297684 0.0617032782785801 0.029365626869517
0.0277198214673088 0.118255913882497 -0.104218353674184 -0.544400527564484
0.0712215670449158 0.0175408734343376 -0.724239145196226 -0.491081670760282
0.0510208410225513 -0.0501655795853602 -0.791698906509099 0.351905770967618
0.0222538905142361 0.0051627446695873 -0.0206681674511903 0.716785096483378
0.0157045430057771 0.0651988958902398 0.427550743129782 0.310489622191304
0.00990957470422326 0.065253063258634 0.309766064865395 -0.0302358311633018
0.0307979016438278 0.00959131874743987 -0.0261076199584379 -0.160268602811045
-0.00131115148268801 0.0170052430437011 0.00514686405631252 0.107754822606871
-0.017297909280589 -0.00937694494349374 -0.239380081716141 -0.0259741134936196
-0.0331943400369078 -0.0382164917766548 -0.336733320079285 -0.308656976278634
-0.0432179359219901 -4.96438382534175E-05 0.14982886043829 -0.572900099979181
-0.0428177776790727 -0.00444674741087954 0.76104382793686 -0.190677959064335
-0.0503202575396669 -0.0245847287029152 0.674613635125989 0.516550130098202
-0.0380408032383994 -0.0972548872939164 0.111885248421157 0.565127965747809
-0.0176250625588936 -0.12009283985123 0.0663422715473211 -0.00846099610836564
-0.0510030250054835 -0.087243127745182 -0.203156256418769 -0.519062665990624
-0.0668213504057003 0.0138618819831265 -0.816653774784604 -0.234956514712014
-0.0441015624442476 0.0562729313546216 -0.626559834736793 0.57975163652908
-0.0523267182332832 0.0390792823793362 0.172012525654843 0.660973972151572
-0.024377916595866 -0.0212992566164468 0.464648288613748 0.174381371708752
0.00698460185115178 -0.00717830682706747 0.292498779231804 -0.102706924072827
0.00855608970747654 0.0234378535783377 -0.0292459929200519 -0.197270675949865
0.00127377666969312 0.0179858923673708 -0.00205926664317012 0.101984892355842
-0.0170906961904027 0.00113823137661493 -0.239202671674815 -0.0537571268258041
-0.0225632758416123 -0.0303920682403337 -0.289340357892504 -0.363254168316608
-0.0261867236867609 -0.00561459924357296 0.270535160370134 -0.538261398929371
-0.0254252764184068 -0.0186405454862763 0.810823387031889 -0.0212851610982159
-0.033603258921258 -0.0312583728491304 0.579916629656907 0.642732673196181
-0.0219616738027872 -0.0819431457393957 0.0445302263143599 0.554918523423499
-0.0181640063161407 -0.0951325680849854 0.0637912016956281 -0.0551621972621251
-0.0428713940812258 -0.0612950236478685 -0.273138431904181 -0.512393892432434
-0.0468608978563643 0.0158962320231575 -0.838565451243639 -0.0866871051975614
-0.0267002707799505 0.0482953789437944 -0.493919581609903 0.677411989388365
-0.0330761987437873 0.0405394197814099 0.279158897481503 0.610661079341151
-0.0112916747836229 -0.00823689067874819 0.468831046756897 0.0968462312318796
0.00994906065343968 0.00239119699829611 0.266136337129855 -0.143521710580833
0.0114381486990077 0.0211666121980069 -0.0404668453155325 -0.204891586771685
0.00480334056956528 0.0173729235408444 -0.00738749148833976 0.0997974355235312
-0.017025251309855 0.0156268964315963 -0.237474158190673 -0.0724035470610724
-0.0114490291180698 -0.0184380492335046 -0.250316857822257 -0.391882735169193
-0.00849356363466331 -0.0116523294401852 0.351630636428287 -0.502675580713375
-0.00263577266194389 -0.0297019427032079 0.828278124098325 0.0971457159161823
-0.0125169602648905 -0.0221556875291343 0.504144518627656 0.718298046114433
-0.0138189291403416 -0.0446935335426182 0.00116884844662503 0.539703231509399
-0.0193236352900823 -0.0530222750181369 0.0610507488487165 -0.0897234075812825
-0.0256593032217489 -0.0329703763833827 -0.318986867188297 -0.502617382351822
-0.0219812633688052 0.00857388881750078 -0.837057384028835 0.00961435412095494
-0.00995086542015354 0.0303658486891401 -0.397332325596784 0.729154142595168
-0.0133313272100967 0.0378653058334945 0.345402345810118 0.569735009197934
0.00223632000826334 0.00715262149073406 0.463642675111004 0.0473307990401253
0.0125032215119798 0.0150278746256253 0.246027958299309 -0.166390581083604
0.0167485829260594 0.0161528905394318 -0.0470845230491326 -0.209015136293175
0.00764194712099165 0.0182117870431987 -0.0104550371748824 0.0993422069296738
-0.0171947484913245 0.0313468940498846 -0.23340547483485 -0.0746243365618951
-0.00100083338127164 -0.00342580000038791 -0.236827131354673 -0.40228614214519
0.00801312458274551 -0.0178126182024691 0.378222233866384 -0.494144199077707
0.0198510149618875 -0.0372554457008643 0.832611493678401 0.131240516578984
0.00848888084946986 0.000554176716312945 0.481543130795685 0.734597924677803
-0.0137995683261722 0.0066166555604284 -0.00876173242107289 0.531630202750853
-0.0178123133024533 -0.0016453325578865 0.0596511780559609 -0.105340615408155
-0.000489406369132462 -0.00394660552794755 -0.336325886897986 -0.503768277231089
0.00499130654161788 -0.00591461764616202 -0.836321251335138 0.0368821730966974
0.00522559047991407 0.00660963326200244 -0.366432162441162 0.744149281006097
0.00526943215587652 0.0321216254569089 0.364545017625572 0.560477626616615
0.0132007819961684 0.0235184797627297 0.459585815922052 0.0348416907376373
0.0146808023777822 0.0270040067565957 0.236755940477387 -0.174159302974456
0.0228574896143478 0.0115546676499229 -0.0513188995938452 -0.205437299767221
0.00993457147597403 0.016510377260232 -0.0121620288734991 0.100340718919206
-0.0158318935879867 0.0461688501715469 -0.233602132286018 -0.064382092433415
0.00658677593986229 0.0112313831014303 -0.251056451511523 -0.390090773069614
0.0217538061072501 -0.0233666575781652 0.348369333152732 -0.518807073586863
0.0397385551187664 -0.0446247368564773 0.835681639059686 0.0719572477812329
0.0329421758456649 0.0244414668954489 0.521110834991546 0.698238422788107
-0.0106457267004696 0.0605037564389736 0.00949570724904402 0.534612490185874
-0.0186644895654385 0.0537933103286641 0.0596263182912199 -0.0976476212171818
0.0245421139221071 0.0265461280582032 -0.321902882692384 -0.51618580396615
0.0305456949842372 -0.0185960457949601 -0.840114124764573 -0.00887346895488213
0.0180393954365943 -0.019031366539748 -0.405715202859717 0.725457997721803
0.0185467517632148 0.0253015411099295 0.344514203621224 0.585355988769205
0.0205900021069963 0.0399792213517638 0.462564439563095 0.06078942103653
0.0165062382369021 0.0393331709922059 0.24145144973285 -0.161474815263631
0.0277677917334928 0.0076946952180483 -0.0517661395871506 -0.197918626930421
0.0114683726133192 0.0145615524421928 -0.00939524417859482 0.103204630831292
-0.0142641657440056 0.055585023773752 -0.233590515520702 -0.0396767259938346
0.0105957947994093 0.0227763522866389 -0.291351459952595 -0.35206723899738
0.0302444161543188 -0.0286407494364861 0.261455014394729 -0.565545644946479
0.052289436240596 -0.0562877250361685 0.820921500127294 -0.0708172299448861
0.0599346921217696 0.0361842149979215 0.613187656167189 0.608259674139538
0.000526573903383591 0.102888719678868 0.0589531608286655 0.543531823268989
-0.0185382253625347 0.102462778839329 0.0592227028387409 -0.0703197579788887
0.0412007486768775 0.0611188647394401 -0.273497183396157 -0.535602146234632
0.0544640474782708 -0.0197855860898204 -0.836457617240166 -0.124253543983742
0.0312075150760469 -0.0413996214126245 -0.506139024911219 0.663813684401564
0.0258230413523893 0.0184462395941927 0.274415295317181 0.637044245609399
0.0250695586870346 0.0535228348829776 0.466957294136345 0.122115353860194
0.0167988946037535 0.0510134737044104 0.259888511466922 -0.132177801263068
0.0303275735132259 0.0054624595673036 -0.0481302416406665 -0.185175001954109
0.0127849882251441 0.0110259563287102 -0.0042486858635787 0.109828251996144
-0.0121670449030715 0.0584529849014353 -0.230513505094828 -0.00285580966993959
0.0120537128792145 0.0291899914705051 -0.336052451387093 -0.28860591981347
0.0301099031655836 -0.0310190407526252 0.132498947780185 -0.601098385967463
0.0520244089187477 -0.0694792823204319 0.761611422425988 -0.257854432999629
0.0843000929564801 0.0300203498778237 0.71280409328575 0.457094374393975
0.0196340316039851 0.126044615519543 0.133203579966016 0.550316559500935
-0.0193376112037723 0.136104685038763 0.0604147287868828 -0.0253018708723795
0.0430363078136739 0.0942619908664942 -0.199159562456509 -0.546425138357931
0.0703543986780698 -0.00744072126051917 -0.806334932923141 -0.293063826822497
0.0427397503791951 -0.0529744714146269 -0.6464825277531 0.544568191333437
0.0271418259031704 0.0103280123717984 0.151486491986954 0.691361462588346
0.0235762288658443 0.0623499598779074 0.458682743866766 0.207525280672412
0.0145836105971998 0.0601264390348961 0.285350943318265 -0.0872346739229801
0.0321298408426951 0.00568492213256529 -0.0396569436774523 -0.170860460861921
0.0137530395970094 0.00738078937296373 0.0020678885473423 0.118266116214877
-0.00951446524844677 0.0534993949622469 -0.222447966881572 0.0385812261535874
0.00967668177492627 0.0309485767494742 -0.371435063333888 -0.207706469968258
0.0232822227705142 -0.028784189758731 -0.0114197535852706 -0.604057533334022
0.0401584505784114 -0.0780595386809232 0.653433195423301 -0.439369440476072
0.0947901181469055 0.0116556539856393 0.787484405674833 0.274919226697406
0.037753280310626 0.123511581832414 0.218494531523641 0.54246670954556
-0.0195527655172096 0.149895090216684 0.0627147128216712 0.0289555583292025
0.0298200869809779 0.117458681379979 -0.111704423712163 -0.54190813051985
0.0722336619189488 0.0160941429100531 -0.731172622975949 -0.480098341571593
0.0503957406077264 -0.0506614195080227 -0.785241316054669 0.363106548313115
0.0219579329060333 0.00465926485613543 -0.00785753765549673 0.715796327508042
0.0167272631926839 0.0650627814449191 0.431649938991823 0.302384828334076
0.011632122106385 0.0644350841106947 0.309499950300707 -0.0344389962528977
0.0305005799557804 0.0073838122408682 -0.0274414692431831 -0.159472911521645
-0.00131431440671282 0.0165441713270156 0.00568130640706009 0.107224807344842
-0.0174942452602016 -0.00896313857665457 -0.239404389022129 -0.0216687823174494
-0.0341097205119674 -0.0380795307611283 -0.34018921253453 -0.303663699819034
-0.0424139957209263 0.000616449343287973 0.142193511367429 -0.573741015605382
-0.0436222323116043 -0.00406591677212339 0.758159276845999 -0.20141159939796
-0.0503704865317783 -0.0239861274157221 0.677861572869977 0.504428760390187
-0.0395226796393148 -0.0959628455843649 0.118598947793229 0.56229124873927
-0.0194489847770387 -0.120992459112441 0.0654790404062012 -0.00936198874443475
-0.0513884741112033 -0.0862323332480504 -0.209084053901406 -0.514267347830984
-0.0665912138175269 0.0139907303240764 -0.817871916235363 -0.223750154729892
-0.0426575629807934 0.0558243388858614 -0.617032669983614 0.586945451403019
-0.0510148849865559 0.0405273803410142 0.180501046040766 0.657474504607283
-0.0241737480497832 -0.0197384503054724 0.466778233497684 0.168369881666971
0.00750681585115276 -0.00735337984831925 0.289476365860803 -0.107480018940864
0.00902051960415722 0.0234775860107664 -0.0310559064070646 -0.19640410200824
0.0021529457733825 0.0173257170121656 -0.00223892909446791 0.102321546476576
-0.0176287828575828 0.00125702204176561 -0.239585765802788 -0.0496022208606797
-0.0223985655190644 -0.0299016339420464 -0.293604950278133 -0.35650535490855
-0.0264783997115345 -0.0061783315306439 0.264985607488998 -0.540803446762402
-0.0267683093677674 -0.0192518780298893 0.810463078380359 -0.0317759416164768
-0.0342536275759562 -0.0304983517907425 0.586398634954214 0.631062846953182
-0.0232982482281863 -0.0815264030207947 0.0509945150918224 0.553393585207729
-0.019138537799805 -0.0939556263302488 0.0628059319922098 -0.0552257936586075
-0.0443237959701715 -0.0605076734303138 -0.277601306161842 -0.506540908927725
-0.0470865155986743 0.0161094988815871 -0.834842833336889 -0.0750058240827958
-0.0253486979574093 0.0479805218031782 -0.482526633521159 0.684301166814809
-0.0314359972293762 0.0399235928551442 0.288685237631786 0.603765925700792
-0.0107039612746524 -0.00776270947443509 0.46995239026581 0.0909090425148844
0.0113587758573156 0.00249729570006851 0.263976055793123 -0.146280202279166
0.012950553796924 0.0207821725664168 -0.0419207647802214 -0.204424922866367
0.0053520582152666 0.0173015417106303 -0.006221670339437 0.100109750874305
-0.0172455906511698 0.0158112695066995 -0.237076386023846 -0.0686850796482998
-0.011340183862796 -0.0183761795902219 -0.255039495375701 -0.387946383624337
-0.00947306987056546 -0.0120206619264379 0.344537326497956 -0.505452009374105
-0.00347579908910864 -0.0290504382193171 0.827037748075715 0.0861625494509057
-0.01290917051047 -0.021987279940193 0.510827794519381 0.708170125937269
-0.0151042058499749 -0.0444149136062 0.00908953262908248 0.538067479812027
-0.0194670762012137 -0.0531234272255927 0.0598256527952614 -0.0895981364334256
-0.0249267230130577 -0.0327429850271611 -0.324021985035416 -0.497209164682349
-0.0218826010934244 0.00868823586832288 -0.834760854833544 0.0190768217190959
-0.00938582277814169 0.030667059777101 -0.387816565080735 0.734319450249194
-0.0121475679020847 0.03759108849162 0.352278530669883 0.5632089907003
0.00147581572771654 0.00807890099302289 0.464129138845725 0.0400236860922786
0.0146414941532198 0.0138392479243297 0.243723946545799 -0.170277744324522
0.0169167729163296 0.0158230060262285 -0.0495276844787956 -0.206803912930508
0.00747196142515153 0.0170685921450656 -0.010720598591695 0.0997779635931089
-0.0164635307318457 0.031445090737353 -0.234160814967031 -0.071854582021509
-0.000999518618260681 -0.00448319543134205 -0.240769441915099 -0.398506137989009
0.00724143171520983 -0.0183767627763105 0.370392213214726 -0.499315051292493
0.0191277720536861 -0.0369289506324183 0.830608785423242 0.119977050170243
0.00880605583619087 -4.37875822190022E-05 0.490002141339846 0.72618814987313
-0.0128668560111773 0.00663168260334564 -0.00230336609465582 0.530471126051828
-0.0185723169323801 -0.000949147046254965 0.0579706832539074 -0.105166335358959
-7.57500647829007E-05 -0.00415968613496606 -0.342665503652993 -0.498009861790092
0.00528238445227528 -0.00604166964893552 -0.832693163842411 0.0468543685861141
0.00503220845671655 0.00642910907898393 -0.353965852834728 0.747904074626888
0.00565260901367309 0.0321209559623746 0.372194289066432 0.552407374784722
0.0126122352886504 0.0231348818693735 0.461562926492036 0.0268313940110392
0.0157961044416481 0.0264499046531234 0.234212336926723 -0.177892453493125
0.0223823740103467 0.0112213358090506 -0.0525079908159949 -0.204618560376551
0.0108115328765258 0.0167438877827938 -0.0115186642382177 0.100568954577335
-0.0153364828572152 0.0455388837939243 -0.233821557562092 -0.0604358134834265
0.00552745610702528 0.0108678032306717 -0.256781533696565 -0.384416373990135
0.0210951134673903 -0.0245897363186431 0.339344493336506 -0.524305353077923
0.0390927961973235 -0.0452406838795062 0.833508039114743 0.0585513160594012
0.0332854048639463 0.0235066315401731 0.527519858412072 0.688892136579899
-0.00938714173096851 0.0598508544741211 0.0167868236485845 0.531438560118962
-0.0178674744964226 0.0532504446101916 0.0575274088119335 -0.0986545090198545
0.0247123711008669 0.0271545100291029 -0.32845775812712 -0.509208987175117
0.0307606752427151 -0.0192835484639368 -0.835520064501685 0.0027544127326433
0.0179642131646802 -0.0193688644421245 -0.39287378232906 0.726987291592902
0.0186334716357737 0.0256271316074648 0.352605695044255 0.578678064628051
0.0211553998147303 0.0398371874024522 0.462215372373101 0.0527367703139696
0.0173609606942094 0.0385530156113444 0.240059743427633 -0.165989697399763
0.0270170740543094 0.0062765046506416 -0.0535081790497371 -0.196121078582713
0.0123086013378958 0.0140064128601508 -0.00866333808391596 0.102722383210695
-0.0131780490893303 0.0552257522291329 -0.233603825704329 -0.0356784787418769
0.0114725505065252 0.0223380397515949 -0.293462832361857 -0.34714157366323
0.0294139417825944 -0.0288653841203958 0.25328252175113 -0.568340107374589
0.051199894091888 -0.0560794471828916 0.816523255359866 -0.0817866906859335
0.0601516006312959 0.0349386209312365 0.617287131244319 0.596412747187322
0.00202335152488569 0.103214518642248 0.0663970615281758 0.540419034461367
-0.0164092686756534 0.101816028036379 0.0583925398065355 -0.0709518072243985
0.0413358317991903 0.0598250251649681 -0.280065293537495 -0.52937383767477
0.0541951520420737 -0.0207814964052431 -0.832887689447772 -0.112709265616381
0.0306050447949488 -0.0420684172974149 -0.495557653074442 0.668353569943052
0.0263450215490363 0.0168489434432557 0.281178673289951 0.631984269677553
0.0256920685254542 0.0542413786328367 0.468572408402769 0.114696610658875
0.0186566401634742 0.050013140232691 0.257185554209952 -0.136639350174806
0.0305694518622771 0.00414472623891642 -0.049335330790674 -0.183067304919961
0.0124681050817569 0.0103057465866954 -0.00397785864954006 0.109145502368841
-0.0106120819807356 0.0582164268935855 -0.230039119595067 0.000371972261219474
0.0122714689516852 0.0286873592575124 -0.337413724505965 -0.284064535596042
0.0300386001149836 -0.0315731062659211 0.123979644831906 -0.603207311562187
0.051356569646952 -0.069736949508843 0.753946350861275 -0.269132434328888
0.0858459254687148 0.0292979772528225 0.71896360364584 0.445060204028853
0.0215267772711704 0.124610040701259 0.139341621542904 0.547783033304095
-0.0168714976483067 0.135897615065973 0.0594604549045007 -0.0253148375613639
0.0441185228772128 0.0936559412683848 -0.205532776295102 -0.542512745382371
0.068954439960903 -0.00812660704630129 -0.808445235362249 -0.28130641906907
0.0410780987462195 -0.0530996875223305 -0.637588699756938 0.552073409070036
0.0278978376879103 0.00986834411947774 0.162470356786018 0.687549848131163
0.0240558644357293 0.0624267219542318 0.462354357819788 0.201313192970773
0.0175420340069805 0.0590266502291785 0.282296625724819 -0.0920434657537249
0.0320595621036073 0.00437236688152397 -0.0417251026894233 -0.170548015804681
0.0139008255419271 0.00789291471916651 0.0041881041358195 0.117710798816497
-0.00907934732416435 0.0534401170346085 -0.220840502486623 0.0423845775040939
0.0100220535762533 0.0310378832350896 -0.373317081123379 -0.202810791853841
0.0232941605958006 -0.029043512239368 -0.0185330442282082 -0.602333879766588
0.0380510010412334 -0.078691145179427 0.643497949917956 -0.44727106678345
0.094743138782722 0.00988358677582015 0.787759954266942 0.262460938527833
0.0393710344454439 0.122976353687493 0.225505548777447 0.535664998322936
-0.0180902700311617 0.149116148560631 0.0623909367198086 0.0288419704896173
0.030746042152618 0.117382826068495 -0.118275362052654 -0.539054771494631
0.0711046064519602 0.014994949491716 -0.73266650791835 -0.467218359734309
0.0492504888799844 -0.0518921948661099 -0.777979079261352 0.372943688148858
0.0224455653551836 0.00478489353130639 0.00147169340672875 0.714680756676813
0.0169560343315863 0.064299183087508 0.436275489057448 0.296465963329213
0.0126079375151878 0.0645592989076055 0.30779984919227 -0.0392586296554809
0.0301176424852742 0.00691707512784509 -0.0299978437578497 -0.158713674217662
-7.31518461021944E-05 0.0175914925162309 0.00573198681252497 0.106564830791998
-0.0170986332285811 -0.00839474148744551 -0.238648188535902 -0.0180177963016741
-0.0349364006184224 -0.0370651756596194 -0.341916658604932 -0.297424723413648
-0.0419897939309278 0.001350512413032 0.136361490180887 -0.574121361585611
-0.0428911213354068 -0.00337823396538451 0.750106829904562 -0.210654204250599
-0.0508114339247695 -0.0223417145958494 0.680423097860577 0.492319677104221
-0.0400406455255316 -0.0946430321936596 0.125865319833706 0.557981299304998
-0.0207945890818958 -0.119427803928888 0.0652014024391083 -0.00876201528319463
-0.0526741562784432 -0.0846666699738403 -0.213510082006688 -0.50966261912285
-0.0670033303105697 0.0146338273226156 -0.815911025093875 -0.213768809756282
-0.0422110496577523 0.0567179234473819 -0.606605663165375 0.590500193739547
-0.0496440714303003 0.0414081418415615 0.188909542725324 0.65249283433141
-0.0245209896198927 -0.0203259833667838 0.467121313552366 0.16139149196117
0.00825918512713711 -0.00656763338934114 0.288472058392372 -0.110923165258094
0.0102251801025704 0.0228748165973003 -0.0337289458526006 -0.195250180379485
0.00246994205007073 0.0177471376345487 -0.00111236149233748 0.101898095236702
-0.0169619513074131 0.00209372198579619 -0.239356355841734 -0.0466240002753366
-0.023557153851149 -0.0307822834179124 -0.294732961171341 -0.3508724508438
-0.0267681272302022 -0.00531547604541689 0.25691745647354 -0.541149159768796
-0.0258818091075198 -0.0182266724426256 0.804732351433669 -0.0420948017960302
-0.0343588590558168 -0.0306572185445747 0.590618430416 0.621067316181367
-0.0244853421450203 -0.0805793562023244 0.0577586568046482 0.549300006267548
-0.0206928557294526 -0.0927186679560875 0.060971058835771 -0.0565160633680263
-0.0445948766830851 -0.0591285387961661 -0.281768656584818 -0.500113332046834
-0.0464687960516715 0.0170189431571127 -0.833122360015178 -0.0640159444869061
-0.0247686804531907 0.0482277303989641 -0.471723271791234 0.68618725577691
-0.0307165668073393 0.041241567327958 0.295928679597118 0.599287007316251
-0.0113538729955971 -0.00687795479635494 0.470046004489679 0.0833908978707772
0.011349923637399 0.00319659330226915 0.26141292691304 -0.150132245014616
0.0138424668612513 0.0205634135701641 -0.044080121634944 -0.202740711169147
0.00570674737672145 0.0173992678850079 -0.00683027661052229 0.099507801158483
-0.0156905334569047 0.0168918077060805 -0.236728679416554 -0.0648398049934376
-0.0114659849160768 -0.0185557430086278 -0.257042446036034 -0.38338509882366
-0.00850042804141536 -0.0118594596732351 0.338219507612944 -0.509178316111877
-0.00442416270282475 -0.029121720539652 0.825722921245056 0.0749320414175549
-0.012634948215422 -0.0219979378300366 0.514973355107435 0.695725285535828
-0.0151404435803562 -0.0440852646474655 0.0152413446620544 0.536205579888946
-0.0193522301029211 -0.0520843674965207 0.0582403293710251 -0.0897642344874875
-0.0259761660464365 -0.0316016203795921 -0.328912350173299 -0.49118352640653
-0.0213422984605448 0.00891925564291034 -0.83227431116802 0.0309239723549158
-0.00890138205922876 0.0307799517371758 -0.376622676761217 0.735110129533851
-0.010768720810759 0.0380511764565415 0.357438927426583 0.557991347456124
0.00151267437650205 0.00711907765779518 0.463588019210716 0.0350327365428975
0.0145442357581873 0.0150094117621592 0.240621728022096 -0.174134084252994
0.0175892252946209 0.0153994904634602 -0.0513583132241857 -0.204979675329656
0.0084528169382739 0.0162455741363521 -0.0108727685276996 0.0991649244415363
-0.0156472454646432 0.032034756282126 -0.233157978297731 -0.0677889344324479
-0.00128518039211751 -0.00361138315270596 -0.244623863534196 -0.39230089980677
0.00740146506823355 -0.0183766377811336 0.364724108030806 -0.501519127570516
0.0184651698053117 -0.0366941750500295 0.829130949370244 0.109981780295865
0.00773544394828037 -7.14837123195703E-05 0.494817912941875 0.714431658354432
-0.012582104624748 0.00735607476771739 0.00588391866547081 0.528349092937274
-0.018280107094894 -0.000744684302718108 0.0564914835744999 -0.105594927760726
-0.000967274121742155 -0.00367875578893219 -0.34595910674191 -0.491498204174488
0.00419821878726052 -0.00630316375343983 -0.827871937915079 0.0576099137291842
0.00585012194326336 0.00610967840636769 -0.343758458433624 0.748289778136146
0.00633273372510544 0.0324815532499296 0.379464223827764 0.546506597553225
0.0127855181871141 0.0225496978674902 0.46004201205498 0.0209695615924688
0.017430300433473 0.0265494828652934 0.232534043414732 -0.180903544638583
0.0230322668538909 0.0102858732590525 -0.0551977866285851 -0.202852300971498
0.00969103209012222 0.0160842150060663 -0.0105225667940367 0.100504801785534
-0.0145625252000078 0.0459803571442366 -0.233548608804565 -0.0575782730023501
0.00555203604281725 0.0105257713311775 -0.25903002363161 -0.380504994691709
0.0208415186147376 -0.0242256047894945 0.332105202905478 -0.525431220517381
0.0386122356184427 -0.0445327251209172 0.830709560736111 0.0487603395308405
0.0328860849644621 0.0232339495852209 0.5343334555327 0.680102966842258
-0.00916428623967894 0.0603846110329894 0.0235097112573501 0.529010175845703
-0.0165070118757477 0.0534346410538644 0.0562767296184824 -0.0984680008893724
0.0246687050229603 0.0266459577332509 -0.331225672119893 -0.502687310630163
0.0298309754862912 -0.0187045032417347 -0.832526505798806 0.0136707130679549
0.0170684624775803 -0.020185203357964 -0.381964920536689 0.730750074835852
0.0198635035528965 0.0254877219274584 0.359195897576089 0.572163634571875
0.0210677091415325 0.0390587225167947 0.461991289066649 0.0475831170321431
0.0184453488374368 0.0382636121428526 0.237021159890039 -0.167863474181323
0.0272447741120475 0.00496113982927962 -0.0554757636698884 -0.194423793456569
0.0117852117771459 0.0139741378547883 -0.00872305775108203 0.103669433859399
-0.0118498288165704 0.05568436073856 -0.232918780990587 -0.0325415046527037
0.0103992353619166 0.0222598221948578 -0.295602011668005 -0.342904933704552
0.0290482159653331 -0.0294032644930567 0.245276628167938 -0.569264935445063
0.0501932248409255 -0.0567929090697525 0.813543401168814 -0.0923898865994135
0.0605339557050451 0.0347743868363955 0.621786315050456 0.585183051860809
0.00277432535331697 0.103204939523034 0.0729318962238997 0.539153289340611
-0.0152658692007277 0.101915667043076 0.0580948243135167 -0.0698316135575762
0.0421565993432664 0.0603180784327862 -0.285370846309587 -0.520814624904588
0.052989125356181 -0.0214602102461356 -0.832083060481371 -0.10099095233065
0.0297565426768815 -0.0428647723595433 -0.485270688870123 0.672501648640237
0.0269564463184628 0.0180117054328004 0.291250285768939 0.626055191866097
0.0260518161059801 0.0527346445671044 0.467815273416702 0.106014686137007
0.0196052882683663 0.0492175689610496 0.256026368713829 -0.139768970317832
0.0300388362355537 0.00283595723873048 -0.0511395164843833 -0.182468154611193
0.0125367462069024 0.010746728437626 -0.0033620007924957 0.108974798915554
-0.0103443637929045 0.0583031085928485 -0.229181439129495 0.00311377903118083
0.0125064085777669 0.0284765410481462 -0.340146344372808 -0.279755013425207
0.0297935095133242 -0.0313678246951554 0.115422158156858 -0.601931179992649
0.049431433521799 -0.0707373239993336 0.749542576108377 -0.278734488911298
0.0846261453993645 0.0273375510028023 0.720700929482951 0.434499832779825
0.0229675756990648 0.123831330011865 0.146024710400539 0.541196023041885
-0.0150897753304223 0.134843522081824 0.0597043180757327 -0.025632387998829
0.0446412504583036 0.0926906708703535 -0.210305743901109 -0.537253671981652
0.0687348744219278 -0.00961157051139732 -0.808107521572166 -0.270076370846153
0.0405562573653275 -0.0543682617795758 -0.628686471248221 0.558113124225356
0.0282456859520871 0.0100617127962705 0.17037345734445 0.68183282455024
0.0252851843892068 0.0624594613625284 0.462832873873274 0.193348518352365
0.0180045759715087 0.0588604488797197 0.281118267751501 -0.0966010299624633
0.0320796446147177 0.00345660067896342 -0.0421093253252144 -0.169129440256603
0.0135899756251982 0.00645339413671412 0.00380874978897091 0.118060555277008
-0.00812516977740694 0.0530765174802188 -0.220315969160257 0.044465421514211
0.00974709225383199 0.0303492843884713 -0.372909933148289 -0.195542323010781
0.0220041508845208 -0.0301255276769129 -0.0283354027691091 -0.601646054775858
0.0371129127310855 -0.0781746505664626 0.636354758855751 -0.453134423075689
0.0936305758556418 0.00920088161195348 0.786530381109043 0.251165645467299
0.0406849448235157 0.121722777166491 0.231124797380231 0.532962626309696
-0.0153726448802873 0.148935500700475 0.0631037532525021 0.0275574558949946
0.0325382020678 0.115638601951088 -0.124954239344954 -0.53350852833237
0.0707812887435476 0.0137411858006943 -0.735673997094272 -0.454920910731127
0.0480895229731105 -0.0521671274101159 -0.770400684576655 0.38114536236205
0.0226284333014116 0.00465182338193622 0.010465300006344 0.712452789467113
0.0182691524095566 0.0643807307743414 0.43792582548479 0.287197685611893
0.0142523545937056 0.0634797289060268 0.307583829035692 -0.0440201402778343
0.0314934855357577 0.00508763051277444 -0.0301817905450755 -0.156970944339676
0.000117412908129984 0.0163887095060204 0.00647123136281634 0.1068248543052
-0.0170877273232097 -0.00786052178580209 -0.237087032301265 -0.0147133522116087
-0.0353729876698412 -0.0369044165585618 -0.34244470308794 -0.291852405079952
-0.0417039399494156 0.00156226905092941 0.128883688696164 -0.573601334793019
-0.043206569403509 -0.00288600718863493 0.745290184918767 -0.219861830253799
-0.0507937529217714 -0.0219178787518237 0.682190537697197 0.48265650688347
-0.0404695216344976 -0.0944594615701787 0.129714112252054 0.553413641919396
-0.0212563884669827 -0.118222600506853 0.0651302576984542 -0.0102666579603494
-0.0535761946690577 -0.083776476675135 -0.217201824527944 -0.504703396662044
-0.0673758444631947 0.0157057560977107 -0.814265165434143 -0.203254996569856
-0.041354116350409 0.0559107447318228 -0.598239919351648 0.596253546078171
-0.0492565534965144 0.0418792780609614 0.19579734094217 0.647528222045185
-0.0254102508964247 -0.0202141149548574 0.468099489741743 0.15463117876649
0.00870213240893767 -0.00695545979338817 0.286208612657821 -0.1142420558677
0.0115484857322845 0.0231178009046 -0.0351914824605647 -0.193434312252302
0.00354369579910279 0.0169218164264337 -0.000967140624061192 0.101514773461998
-0.0159755908177095 0.00201946403168621 -0.238456226540748 -0.0428299824701235
-0.0244914904340273 -0.0304092154311654 -0.296547660165103 -0.34670010377967
-0.0264201682634196 -0.0054605220347206 0.250414238770898 -0.543884762346719
-0.0259038974235086 -0.0174993161525648 0.801890335608349 -0.0518514815367828
-0.0334555275142523 -0.030323214570934 0.594892597981613 0.611148248129775
-0.0241828486243205 -0.078511474148112 0.0638287840709924 0.547751370686569
-0.0206933269278835 -0.0925311636359752 0.0605912261852916 -0.0561161994638357
-0.0459927401762055 -0.0580725883523236 -0.28485736618144 -0.493994710707005
-0.0467973873626972 0.0179415807665873 -0.829466285280711 -0.0553854344479491
-0.023568166749006 0.0482802725825212 -0.462005254819804 0.689753083195949
-0.0297299702338271 0.0405527119137246 0.301487468334654 0.592552509498427
-0.0117916055333736 -0.00714196779502872 0.467831889541021 0.0772954116713261
0.0123422199727501 0.00341820156169266 0.259638036241234 -0.154017010323679
0.0143126428969375 0.01871518521677 -0.0457604189191655 -0.201205235233459
0.00571295630549845 0.0169342415175276 -0.00525804898970619 0.099494170691212
-0.0162501503789223 0.0161481029593145 -0.23645649633343 -0.0608098029847642
-0.0124132785343235 -0.0186661132681144 -0.258997324925216 -0.37842311818214
-0.00848163762894256 -0.0115813213654213 0.330959701288262 -0.510912974386923
-0.00563189030290363 -0.0296077963412547 0.820511856822051 0.0658533314914159
-0.0134954172119412 -0.0216657865697527 0.519396869594049 0.686790813022033
-0.0158947580825651 -0.0427742702735688 0.0205695510922619 0.532435871237187
-0.0195806203194563 -0.0519915515481732 0.0570573669266812 -0.0901724255927063
-0.0266175854909166 -0.0315039726497824 -0.332256250591525 -0.485027681554531
-0.0213022766284964 0.00857724164582028 -0.828555236043228 0.0402968180322789
-0.00799765001114304 0.0303583521736809 -0.365753310887336 0.736051833480048
-0.0106371702199108 0.0375850884010659 0.362343778189847 0.549926862477165
0.00182295494783743 0.00705937257897976 0.462911734296288 0.0282639740935714
0.0155220708073667 0.0150200710846457 0.238340634060563 -0.176932737565668
0.018292043410691 0.014321010818187 -0.0527842389566344 -0.2032437484089
0.00877195655193176 0.0165677508166029 -0.00985236399539307 0.0988300717909238
-0.0145062641724703 0.0326071795688853 -0.233852304721573 -0.0650842704103689
-0.0022231757829229 -0.00318284057913187 -0.246814798102041 -0.388185773103372
0.00776908119045874 -0.0185973215743793 0.355852077548138 -0.503448449213158
0.0182174032963479 -0.036647967031785 0.827082239745462 0.098667225924149
0.0084140819793084 0.000204527476749447 0.500227278811628 0.70650422693605
-0.0125314061221385 0.00719888016883398 0.0116154244457572 0.525285179504259
-0.0179205470346826 -0.00110392284090323 0.0556566667774763 -0.105052389136654
-0.000533378400763566 -0.00303493353195948 -0.348637271911762 -0.485055675557714
0.00431060461776872 -0.00638471247726943 -0.824207089142091 0.0666343175786136
0.0053895336830164 0.00582429202536906 -0.332266773311035 0.749439265746046
0.00722953172326904 0.0319004934385321 0.384023975091357 0.539921928296777
0.0131452456216201 0.0237294396596502 0.459156370755566 0.0147793058204343
0.0177846063675024 0.0261502522290407 0.229522058094518 -0.182515176833111
0.0223849660591309 0.00861950654614332 -0.0574282974475641 -0.201371227617716
0.0103075508876582 0.0159150666811366 -0.0100141478286267 0.0998764192234547
-0.01293399497761 0.0462533434080139 -0.232335036419745 -0.0550004839022415
0.00537212791378096 0.0105137907291752 -0.262357458642945 -0.376388896211819
0.0203740223424285 -0.0247641716190801 0.325254843066232 -0.52879697077567
0.0379084911200745 -0.0455853503399512 0.827436907056144 0.0387358819839463
0.0334039545452125 0.0228216217218636 0.537821847596633 0.669154611135098
-0.00789792839189041 0.0599339982824678 0.029642795430855 0.526237780025888
-0.0155316723197464 0.052674739229154 0.0548275230301998 -0.0978409034733905
0.0244974605663691 0.0264893156293855 -0.33581262963711 -0.496387264694555
0.0293158341441055 -0.01986079974882 -0.827185080708097 0.0225158417702075
0.0167190538420029 -0.0200646115778754 -0.372225177759646 0.73200260422525
0.0194945004701614 0.025001473802296 0.365446103369625 0.564707774682341
0.0214366405866326 0.0386920644952005 0.461832256482613 0.0410098746413459
0.0198322296266525 0.0379433764063558 0.234608684596129 -0.171359750823711
0.0265141615797438 0.00405640687231026 -0.055917604822679 -0.19270741062031
0.0120242614832115 0.0134966415338715 -0.00843879374407918 0.103304998777735
-0.0114386932006878 0.0551005191526058 -0.231823943661352 -0.0294439380107144
0.010588639450593 0.0226266195752054 -0.29770674737578 -0.337569724426078
0.0283341584180921 -0.0298746122779247 0.237725541747568 -0.570470785045099
0.0491025191661669 -0.0569842730757185 0.806743178546098 -0.100916321933513
0.0602972667847915 0.0334587296246492 0.624331443664339 0.575591344640434
0.00444585083454617 0.102043848744713 0.0778882494692658 0.534566312193763
-0.0147875993646557 0.101026074109917 0.0573300350335889 -0.0700685281225834
0.0428585716658961 0.0587856538083269 -0.289107090556908 -0.516881420858597
0.0514975327212779 -0.0218387544390687 -0.829079150850982 -0.0927340144666743
0.0282982132093231 -0.0427875960152589 -0.475428349753065 0.675574117074861
0.0269546527352703 0.0174510399842491 0.296836807141262 0.620589981783951
0.0265283847846557 0.0530989252012646 0.467496004435378 0.100387262828459
0.0200481726940101 0.0486287240500749 0.253501041591811 -0.141825930430411
0.0306615051495234 0.00184559147122028 -0.0529402933645005 -0.180657315835617
0.0129519324979308 0.00995049201620467 -0.00280958021113441 0.10904211508517
-0.00860404623420311 0.0584611015901858 -0.228151693624312 0.00550875920026293
0.0114549700925313 0.0289675010495742 -0.341499669853432 -0.27282447320662
0.0293607125249473 -0.0311075610882212 0.106913459792359 -0.601166392537944
0.0486197997178117 -0.070237107283248 0.741221083564274 -0.287346469624327
0.0844852985729169 0.0270238952253345 0.718755639454539 0.42450198654146
0.0244866279105118 0.122366811333749 0.150052840600941 0.537032948720243
-0.0133090362434689 0.134284333394628 0.0592794133865701 -0.0260080587278309
0.0458649162387371 0.0913612259631333 -0.216272273889733 -0.531860375745807
0.0675757732772191 -0.00949775333688355 -0.805272919103248 -0.260622926800347
0.0400959482873535 -0.0549016166146909 -0.619542208590176 0.560523023756844
0.0280106629266157 0.00926191679530552 0.178425689630033 0.676841706608837
0.026228357748683 0.062209445383221 0.462061553593801 0.185155299002202
0.0191570865783142 0.0577323868430666 0.278419862779505 -0.0991542338168634
0.0319851370688748 0.00143221599838179 -0.0434237450846058 -0.168011275931647
0.0133125839535571 0.00666858442589521 0.00450287677055188 0.117840218585106
-0.00786847099592762 0.0530900955031115 -0.218572705874053 0.0473232627951293
0.00989422044956677 0.0301691253995372 -0.374288425138891 -0.191561557643711
0.0219154604143751 -0.030137718244981 -0.0353911940784151 -0.59943788551805
0.0360152241916786 -0.0790947051901017 0.626432509249219 -0.458357692641859
0.0933262711553002 0.00749062351645695 0.786302510305587 0.241000496419871
0.0417229700960266 0.121233670562339 0.235607378482159 0.526364802621489
-0.0143031274662968 0.147868685313966 0.0621972058365808 0.0278215125744767
0.0323807489019361 0.115612998406856 -0.128876852574752 -0.529900346593364
0.0710788445086299 0.0125773300663255 -0.738106449698717 -0.447894216879688
0.0471144189436867 -0.0531611806920396 -0.762627867884489 0.385584962440352
0.0220776642186696 0.0036446027568724 0.0185132109816909 0.710006861721052
0.0183151438309063 0.0639552010214432 0.439676160741194 0.281089625647432
0.0153127588816991 0.062506800429116 0.305143865778236 -0.0476098338108927
0.0310480970971806 0.00441605122880646 -0.0306006982447755 -0.156710563353466
0.000985706275695436 0.0164954520029548 0.00743652411822153 0.106049301899133
-0.0168319010703665 -0.00743651263217241 -0.23665048828723 -0.0121324139065973
-0.035781518380264 -0.036585703722963 -0.342402164738569 -0.287421398901351
-0.0412086575921158 0.0017463753407749 0.123726217276795 -0.572519103535078
-0.0425108015253305 -0.00223979632996888 0.737981433373105 -0.225074948295096
-0.0508370950105705 -0.0222523923965193 0.682817456084817 0.47167851854021
-0.041776455531627 -0.0921675832172839 0.133540397386514 0.550050348055507
-0.0227273714602625 -0.117892423200804 0.0645574740499202 -0.0100927597049723
-0.0535996118622457 -0.0836857347770531 -0.220593519394041 -0.497478803295631
-0.0664399929290411 0.0165201446160498 -0.812649499931874 -0.193868026018664
-0.0394921387998207 0.0560256090601811 -0.588417702619139 0.597782675318845
-0.0474763368347555 0.0420710908856491 0.201956726385335 0.641120729653763
-0.0256882554810714 -0.0192385695836435 0.468066737940775 0.148662281364778
0.00903855647726828 -0.00646104163302576 0.284238103935554 -0.117163524975454
0.0129383561745234 0.0221893470417094 -0.0364353852851203 -0.192174718663822
0.003576777872884 0.0169281118574016 -0.000450301125636048 0.100726980565234
-0.0160486295056746 0.00287347109739009 -0.236658867997544 -0.0401508982690229
-0.0247030005732581 -0.0301200063333896 -0.29737069425384 -0.344278124884314
-0.0255222786427931 -0.00434539253238534 0.24424107148285 -0.543983443134715
-0.0264636854440046 -0.0169900626889149 0.795946997918805 -0.0582411697723552
-0.0343549129814638 -0.0293282845483707 0.595819057776315 0.602262800075795
-0.0253549576932371 -0.0784362269437338 0.0683103487639457 0.542714719921931
-0.0213512918196304 -0.0921797061492781 0.0603125322295342 -0.0568128338933001
-0.0453077641280069 -0.0583588936027798 -0.286800787888143 -0.488260212577035
-0.0462119960172548 0.0179986577534163 -0.826294364578196 -0.0468620821766968
-0.0234794617911717 0.0473665046209474 -0.4530583451332 0.690876238890499
-0.0284849938193779 0.0415052724284855 0.305975539008662 0.586788723665782
-0.0119940949275913 -0.00721343891348705 0.468242512408981 0.071025340919705
0.0125192661020644 0.00348003672759464 0.257346717177615 -0.155367315736651
0.0155848012520442 0.0186305800333443 -0.0479156450205992 -0.19921396874877
0.00623325143136313 0.0168689720057444 -0.00561457189075659 0.099804566956069
-0.0155307953971727 0.0165126882163856 -0.23547822920041 -0.057929072478879
-0.0128792276689692 -0.0183575316982177 -0.26051792013406 -0.373185186583536
-0.00855021736290348 -0.0116108791249732 0.324782591396411 -0.511080965327026
-0.00555799074435163 -0.0283457126655384 0.81779670752945 0.05594421176906
-0.0134947721445581 -0.0216102232784378 0.524419122606335 0.677513957777096
-0.0154868618510017 -0.0426824652029627 0.026566930499334 0.530441302812406
-0.0201728673072388 -0.052044820619611 0.0565558372593197 -0.089141142937967
-0.0262711895973611 -0.0305684600350905 -0.334909019307696 -0.479621726286818
-0.0218725505311948 0.00927324253689073 -0.822417748513069 0.0464570390883956
-0.00811696604906378 0.029460482456148 -0.357419521633934 0.735574674384509
-0.0102894128473724 0.0372719420713782 0.367417086432465 0.543962654798663
0.00102937458293684 0.00726119815568586 0.461403311539727 0.0238255126875028
0.0163920271651538 0.0143256469225932 0.236817344112985 -0.178774537073159
0.0189293320762307 0.01304702738868 -0.0546175814564762 -0.202022162542133
0.00935804919986957 0.0168441045907098 -0.00929212036674809 0.0990410739814088
-0.0142928410014056 0.0324902245759035 -0.232292149836763 -0.0624698190602814
-0.00211951719796111 -0.0041193042309525 -0.248597363972942 -0.383996182839599
0.00793221791687924 -0.0184114971007485 0.349837743972658 -0.504703463959633
0.016913739235124 -0.036080209337476 0.822306912907225 0.0905214490862358
0.0082263698860692 -0.000197829172629225 0.502696354016607 0.696527139389355
-0.0125779421446339 0.00782923270795087 0.0160593254982893 0.522434823944468
-0.0181966933173393 -0.000712250535817141 0.0548460507046626 -0.104494076722437
-0.000719972569737437 -0.004343513564476 -0.352001215401351 -0.477898662713335
0.00361857763562723 -0.00645872666127602 -0.819523180033943 0.0750609183888624
0.0049710686670858 0.00583026779537631 -0.323661599816799 0.747585268371078
0.00666409388943848 0.0322131161122689 0.387870161110625 0.532805971617274
0.0128873631778096 0.0232272564329619 0.457693395143466 0.0102851677830546
0.0185813217769484 0.0258095617469409 0.227293986733835 -0.184805782290836
0.0232314509626409 0.00809428136101539 -0.0587315541574862 -0.199178142344648
0.0112350353109047 0.0152871920873584 -0.0107575150396288 0.0997399736272423
-0.0123448943686806 0.0462778193669341 -0.232602275452833 -0.0519341154553333
0.00450875792235471 0.0100488914819008 -0.262581967778731 -0.371896728667528
0.0206060988850031 -0.0244231209769549 0.318509369563065 -0.528863660192472
0.0368028912425834 -0.0456363370798313 0.821753747648323 0.0290713234523894
0.0332436676137743 0.0222286195231336 0.541454915666186 0.660613856996822
-0.00725270973852453 0.0604247318788592 0.0339687891827769 0.523164922380392
-0.0153220526140478 0.0527029690240407 0.0552422947401081 -0.097326544835732
0.02555036028112 0.0250802765728017 -0.338452589162701 -0.490395775317817
0.0287356044901463 -0.0196617516712169 -0.82429003150189 0.0303913918811439
0.0164374692711606 -0.0208165529980277 -0.363827550483746 0.731002615216342
0.0199682834745547 0.0250257064220321 0.368697435958219 0.558680968822495
0.0215041649648963 0.0388511380200237 0.459944644762187 0.0356428900115017
0.0211459506427794 0.0370915539021208 0.232163905327931 -0.172976930958672
0.0270809907520099 0.00305756157470957 -0.0580358698415052 -0.191637227334846
0.011397697053703 0.0120156696926307 -0.00751140984080959 0.102906503569427
-0.0105001329459001 0.0546044726243522 -0.231618137522196 -0.0274709086119914
0.00957407095954976 0.021893433625856 -0.299491247166358 -0.333145117796305
0.0282983884597858 -0.0307223163313096 0.230862402930478 -0.570619212029672
0.0476626547272062 -0.0572007039182409 0.803155803326207 -0.108115404625369
0.0605085248735154 0.0324685968802402 0.626012908512692 0.566449721770177
0.00626169285570062 0.101582004681094 0.0823357344761772 0.529880881782106
-0.0132430449471393 0.100258926718664 0.0556982468673844 -0.0699244053606543
0.0425429123713014 0.0586912818055269 -0.291451775479677 -0.51141880983729
0.0512734955018165 -0.0220582317531132 -0.825899369638146 -0.0828580065524447
0.0281615783087123 -0.042914650336887 -0.466350843080204 0.674763562461644
0.0277613105657727 0.0170028886081053 0.302714427438342 0.61481199588043
0.0266698237330512 0.0526891804225856 0.468600345211553 0.093163623718435
0.0208923229851591 0.0480474440818538 0.25176326384539 -0.145114185573098
0.0297211100145115 3.80197989903255E-05 -0.0535612287394271 -0.178740167256272
0.0124997634612357 0.00943302119484422 -0.00333647907785342 0.10905667697149
-0.00818193136898331 0.0571824505933499 -0.22626592100445 0.00850912657785315
0.0114121408596141 0.0289887153403142 -0.341510250349195 -0.269886007354216
0.0280640806110078 -0.0323446495524378 0.10058629457931 -0.599515182961229
0.0475001497875975 -0.0704402571450992 0.734776185817308 -0.290644590462771
0.0835815331341213 0.0257954033891743 0.717985304939395 0.412889431623532
0.0252288140802582 0.122253288356506 0.155424807365637 0.531755426420618
-0.0111005987508671 0.132930008588466 0.0582523774361097 -0.0258473697816326
0.0458538499401095 0.0910319476829212 -0.218257673483534 -0.525350150319785
0.0676975083837492 -0.00998379083021373 -0.804154759642226 -0.251002211645325
0.0388576913750264 -0.0551070862145449 -0.611158579998883 0.565261351644855
0.0281354104904635 0.00897185882159908 0.1849238551479 0.671239413616643
0.0262171050375114 0.0617215577946632 0.462552867769804 0.180499724652397
0.0196167915385433 0.057018430584538 0.277862133502341 -0.101910699594878
0.0310241232136543 -6.47778463608627E-05 -0.04399317139467 -0.166189531110325
0.0133397975927425 0.00600927883843773 0.00427085177453012 0.117302698385029
-0.00709099134057741 0.0535819623664036 -0.216796694445799 0.0495948428707021
0.00930206532581063 0.03045586106597 -0.372838963475277 -0.186723837791521
0.0219213772231143 -0.0294748414416663 -0.0415306187111737 -0.594955475834092
0.0349989381898244 -0.0783412225328163 0.618310525459745 -0.461773687478468
0.093382246805174 0.00731026217602335 0.783205698956284 0.232494463504378
0.0423798787055354 0.120565919322466 0.23829653489961 0.521674656623588
-0.0123336073949348 0.146379831409612 0.0625150121093803 0.0274848769785121
0.0329346464891492 0.1148851352663 -0.132639657942087 -0.523195367328349
0.0691764366787898 0.0125299705542423 -0.737445611229666 -0.436446961831728
0.0459339691821016 -0.0538316614450735 -0.754556941640222 0.396242069736051
0.0228544393876779 0.00348637215400197 0.0274343928350762 0.705446346044761
0.0183629352993383 0.0639238835854453 0.441049246257395 0.27620758797009
0.0158585632174122 0.0618849975436393 0.304463394066278 -0.050561616707994
0.0302823494980652 0.00312887104483818 -0.0313344968394312 -0.155185344745912
0.00173683758909943 0.0173221850169549 0.00774779944288334 0.105308908601912
-0.0161044001045694 -0.00678684356062182 -0.23458849125961 -0.00821375046384272
-0.0365739232428534 -0.0360872688272998 -0.343608808821543 -0.283046179313307
-0.0411746226211535 0.00177745577448645 0.118617850889107 -0.570855353797072
-0.0425522409151689 -0.00201746442525961 0.733688558903518 -0.229258782085289
-0.0502071952001427 -0.0215150142946366 0.680925181189359 0.463818576919979
-0.0417574060004099 -0.0908216488031275 0.139063257626776 0.544493678109189
-0.0225931028923942 -0.116758538138681 0.0644426463783511 -0.0110223886566049
-0.0545628111323919 -0.0820545517852533 -0.222660087700624 -0.49367812735375
-0.0668305653451969 0.016594654815825 -0.808946847117239 -0.186815942732683
-0.0391274634049653 0.055743032480385 -0.579963919857725 0.59869063486674
-0.0468219382392549 0.0420737486234669 0.206562173675408 0.639569339697146
-0.0260813977699595 -0.0190773121526742 0.468107119643488 0.144139223016179
0.0102749475284897 -0.00682977446779575 0.282702738258622 -0.119953733237045
0.012935304342658 0.0214849574938265 -0.0377657070644339 -0.190435669031947
0.00339617271411016 0.016192087335593 -0.000385203114061273 0.101506546298005
-0.0158226996347715 0.0033739107691841 -0.236844872619634 -0.0372976353864515
-0.0248722457948255 -0.0294411975651722 -0.296978844759121 -0.338797645506143
-0.0256887083048192 -0.00452711689823419 0.238557941684543 -0.543311476753291
-0.0270240532725325 -0.017060998776643 0.788955114082902 -0.0661585007267401
-0.0343353970555942 -0.0296254316447788 0.596994498350646 0.592928928259227
-0.025475751951011 -0.0762020749976319 0.0721028371402237 0.538746716309176
-0.0220764879779238 -0.0909870185405184 0.0591353740987196 -0.0558176229498192
-0.0458269652012878 -0.0560732291966502 -0.290149441574468 -0.483289092744562
-0.0464377440135636 0.018160640290459 -0.82044306724598 -0.0406631507859061
-0.0229154258633728 0.0478247397117732 -0.443581531635538 0.691052173002961
-0.0282016619197126 0.0416951850570903 0.309012783980091 0.582156138078225
-0.0127194724433485 -0.00700753513873199 0.466624707744043 0.0673075851627328
0.0133456465385575 0.00355191255781242 0.255197310994027 -0.157264837458633
0.0160945230765082 0.0176752258776314 -0.0482498047178411 -0.197447106290611
0.00646808273512192 0.0162286952184866 -0.00542856851858029 0.0995758082505321
-0.014900646432067 0.0169591518797938 -0.235067927727539 -0.0558298412295546
-0.012761736327018 -0.0183956885925037 -0.263184495016037 -0.37104606004899
-0.00896508507532513 -0.0122698321972816 0.318397310909257 -0.513748781159074
-0.00569163841269118 -0.0284670985441196 0.813385775440893 0.0502680744716888
-0.0147416222136175 -0.0212439799705365 0.525498290928425 0.668043073863893
-0.0158606390945909 -0.0415270800767497 0.0297602363881954 0.526406954986363
-0.0205414327581535 -0.0513068791530494 0.0559200575442791 -0.0887832589735379
-0.0258482610826858 -0.0300743327614983 -0.334406359751371 -0.473910931048146
-0.0224698463093833 0.00871429351804128 -0.816899027088332 0.0545366861953194
-0.00795394279887917 0.0289851714660657 -0.349025446262145 0.734491122691873
-0.00912635967931563 0.0379576244252584 0.371270040687049 0.537832464923427
0.000968721466327124 0.00772522303769615 0.45856801749501 0.0195104484780977
0.0164517086261838 0.0142826235307989 0.233812359293938 -0.180959846056903
0.0191079094027407 0.012871019482133 -0.0552631183402785 -0.200029948736999
0.00894393315891662 0.0156057070132742 -0.00935368415972454 0.0983397196163005
-0.0134623912373954 0.0318242978409512 -0.232137773540432 -0.0599573318420463
-0.00288806733334888 -0.00416576538563346 -0.250595948900421 -0.378986741243136
0.0079118445063156 -0.0185131073769701 0.343694308108761 -0.506023429093713
0.0157720224915678 -0.0364596366357082 0.818548230249751 0.0832020311311974
0.00782396053550689 1.43578652848329E-05 0.505248832700959 0.688074654576122
-0.0124165848901214 0.00792880475624564 0.021492899949065 0.518563170796728
-0.0178872343218508 -0.000220317508913452 0.0540241587587769 -0.103983454473071
-0.000610421694589094 -0.00337492342508312 -0.352082404054594 -0.472613740654268
0.00287844674636742 -0.00617695842570663 -0.812967885098541 0.080837425099975
0.00511687685122163 0.00581158935137175 -0.314504965161513 0.747515395458921
0.00821150010229952 0.0318413126638445 0.392394808836589 0.526488666103638
0.0124220228377719 0.0224042389553194 0.454769413690007 0.00521687577572063
0.0192124586292352 0.0248380836490141 0.224926192615997 -0.186332956226803
0.0228193139709048 0.00640656538640483 -0.0588231662818399 -0.197090331824284
0.010889091358457 0.0141420822619231 -0.0100854933329266 0.0994684221868963
-0.0116238569865718 0.0454119562985558 -0.231513645025393 -0.0497278855267313
0.00425183094527135 0.0103714148066484 -0.263812812950715 -0.36692462874999
0.0200369928838468 -0.0244986167783592 0.31136853069185 -0.528349686057079
0.0359184648607781 -0.0447398537279267 0.817505391110001 0.0224636322349108
0.0330208520270218 0.0217629766255551 0.542121440221372 0.651763447850707
-0.00684677001493647 0.0597084221355747 0.0390260200895275 0.519451491430513
-0.0148132662397401 0.0528046282808232 0.0535368916955703 -0.0970342486121831
0.0252639560650764 0.0252206343747093 -0.34051892295047 -0.484630601865204
0.0283506466308182 -0.0185297633940246 -0.816489790914563 0.0353093172746844
0.01621500859818 -0.0216207543004336 -0.35464944668992 0.73005310491885
0.0204739766095724 0.0241403203735725 0.372635846532006 0.551898713404042
0.0218606284737788 0.0385271594111214 0.459220134177407 0.0305511282176761
0.0219460311318426 0.0360021156956036 0.230227884346491 -0.173783222854868
0.0271954636570989 0.00218877981938766 -0.0580993159117753 -0.189518207174827
0.0121605629669979 0.0118951270902191 -0.00809074055184495 0.102077334691796
-0.00956832357768739 0.0547588814664091 -0.229498930400407 -0.025080658150264
0.0101315624156405 0.0219258003723754 -0.299754028592459 -0.328623420622364
0.0271003101919029 -0.0303073449462949 0.224333632484149 -0.569043546353441
0.0475789121976162 -0.057843536461791 0.796544242664442 -0.114707225042064
0.0600271239338848 0.0316738400102225 0.624821430346701 0.55572057169359
0.00686837691462282 0.100553370390791 0.0861719548923486 0.525508471296642
-0.0119916542346956 0.0990123649938364 0.0553678560828112 -0.0702940527572214
0.0429154813088075 0.0579704843442703 -0.294198225975414 -0.505858249869081
0.0508187493655075 -0.0221626241311478 -0.821284341110371 -0.0767294645679552
0.0272379380512375 -0.0431082150865719 -0.457448401937236 0.675178485046417
0.0271318015287033 0.0165204936971192 0.306431699053828 0.608136647410574
0.0274537549674543 0.0523291053297251 0.466749913191215 0.0885605912449479
0.0212904735275289 0.0471007188489292 0.248639547536489 -0.146661083848965
0.0300718644234668 -0.000921476247850857 -0.054572425727363 -0.177830512395606
0.0129195290842208 0.00870400474951101 -0.00330488901111412 0.108506292029357
-0.00765604434941836 0.057307289600908 -0.22586097704477 0.0100249121340282
0.0118067680011095 0.0285582321586128 -0.341041991521496 -0.264656370719794
0.0279580993971588 -0.0329784016523409 0.0956420783058097 -0.597363165577866
0.0470134986852771 -0.0711054296019416 0.726277886751021 -0.296787045183284
0.0833446988066177 0.0242085445752036 0.717626608775585 0.404121614044281
0.026233352862027 0.121522857948631 0.15893960787501 0.528976971763624
-0.0108220964269454 0.133236697571235 0.0590360964250062 -0.0259709649000475
0.0469829724475017 0.0898963491370424 -0.221230411869527 -0.522135256058017
0.0663019339854908 -0.0105373626354415 -0.800123076619761 -0.243388587504926
0.0387671534606705 -0.0554836149667212 -0.601725294888723 0.567197993644412
0.0283968784596348 0.00857174289593703 0.189689590679568 0.666633324939768
0.0258906363191034 0.0617010099514089 0.461144527117012 0.175814970217311
0.0200713122253496 0.0562238239577184 0.276137958338371 -0.103538744211798
0.0313939107906484 -0.0003745079780488 -0.0442445971672077 -0.165060152403354
0.0130045688303634 0.00510017106176083 0.00516979925423594 0.115960274240607
-0.00609241444033491 0.0532700816501673 -0.215390464251774 0.0502914031670464
0.00959791588673171 0.0302106472333755 -0.372081605727623 -0.183089880502951
0.0210211797093999 -0.0304655374475777 -0.0469388079464951 -0.591774669726241
0.0340767310079741 -0.0781531936731287 0.610350786786567 -0.465335161104316
0.0920255717664791 0.00666243229759274 0.7794339085964 0.222748864898303
0.0427403739576251 0.119502654881162 0.241650467429341 0.514699354132641
-0.0114684269089104 0.145282706950634 0.0634807070200975 0.0272730279899355
0.0343194872539044 0.114095506439845 -0.135332852912934 -0.519417278948383
0.0693504459695427 0.0127035942041287 -0.736692299719762 -0.428607232571369
0.0459809370056088 -0.053982712020281 -0.745935365397166 0.397646957354656
0.0227257556261843 0.00304894986494059 0.033778894789909 0.699873440741677
0.0193503931650874 0.0639885889113602 0.439969464720234 0.269417217371923
0.0171890343020232 0.0612352715254325 0.302389596606711 -0.0534824811765372
0.0307203336060795 0.00177284929555177 -0.0309935908200773 -0.15405003423044
0.00174495285228685 0.0164986441242916 0.00720971284321014 0.105238097824735
-0.015956851152336 -0.0064587507779118 -0.234201377497335 -0.00731865433900775
-0.0370072408961855 -0.0356026340321382 -0.340755521400362 -0.278732678534701
-0.0404494213631497 0.00301101921434167 0.114242802460495 -0.570730197708818
-0.0419522871135314 -0.00143038894956307 0.72610179471936 -0.234448064724911
-0.0504145735587237 -0.0211471305339911 0.681088135021902 0.45614674183899
-0.0427659847328593 -0.0894915477476051 0.140147316011317 0.541864097201577
-0.0236077828084513 -0.115646857682579 0.0639041619582951 -0.0107753111320077
-0.0551929695281309 -0.0815112022646257 -0.224091728178309 -0.489414312823054
-0.0664149850228495 0.0167439820844646 -0.803760317681733 -0.180129657261061
-0.0389587655315099 0.0554802625453671 -0.572082040604452 0.602117695585365
-0.0464760288897558 0.0429792184331026 0.211586028645422 0.633281520155226
-0.0260394005407096 -0.0188680079003409 0.467290432433403 0.138890429604569
0.0108225123386685 -0.00574617667815043 0.280522294267556 -0.121199643028836
0.0137379507917304 0.0206136314858188 -0.0387009948527413 -0.188559636560713
0.00471603854921286 0.0162942575435762 0.000443543442760315 0.100613863799393
-0.0152885522689059 0.00365038319983068 -0.235168267373072 -0.0350515596079747
-0.0247808057021656 -0.0295398201914411 -0.298260483720859 -0.333420953713724
-0.0252967541926059 -0.00409679548305755 0.234433055130622 -0.541817194596642
-0.0263199306435001 -0.0167361821048784 0.783351248249304 -0.0717815596423253
-0.0344379173383491 -0.0283906459359671 0.5971979512977 0.583532845581271
-0.0264326139396283 -0.0760620288235903 0.0756138169511523 0.535460008989826
-0.0215191581341232 -0.091002699350971 0.0584442028626841 -0.0560365146243812
-0.0461268366101494 -0.0563164868771537 -0.29108936660078 -0.478531923135718
-0.0461514263247851 0.0185795197911754 -0.816228269947237 -0.0330104482081298
-0.0219758793883212 0.0468894840675616 -0.436497065002305 0.690284332267452
-0.0271857450353006 0.0421549730104748 0.313061547073156 0.576130485521809
-0.0126291954448316 -0.00692647718022693 0.466695997711038 0.0621019682736009
0.0143665734386542 0.00371994705796951 0.253083768413102 -0.159029201389249
0.0157881192087509 0.0171859920968703 -0.0486027712075568 -0.195849392257926
0.0071094748041746 0.016003866431934 -0.00563048150431662 0.0986626241656696
-0.0142438174708868 0.016469551822319 -0.233840534120283 -0.0522375747513812
-0.0136233456667236 -0.0184179633400045 -0.262994373400381 -0.366166908605063
-0.00892579124952925 -0.0119043839630738 0.313343749681824 -0.513717017584546
-0.00609297785886685 -0.0277384249726894 0.807651777022896 0.0431202987726292
-0.0142914756667438 -0.0206796816512405 0.527649727459904 0.661783868987392
-0.0152003565056414 -0.0415818788939367 0.034533141613191 0.521856699477465
-0.0206629750743951 -0.0507771388696415 0.0546638227553027 -0.087593797740908
-0.0264999366097899 -0.0295520018003367 -0.335746146753936 -0.469718469155814
-0.0217162446618324 0.00866033230233455 -0.811128423509082 0.0596568212413586
-0.00751287723389456 0.0293801879441899 -0.34154181009981 0.732420108200715
-0.00810337354990775 0.0373552980714516 0.371843797696292 0.531354971035687
0.000941204503759716 0.00750677794477336 0.45757335935958 0.0140437251642416
0.0180058940088831 0.01357765753626 0.232862733629575 -0.181118202838998
0.0197133189990753 0.0121920809138235 -0.0568671722665147 -0.197970537759635
0.00951701327094343 0.0150705206372918 -0.0100075679445526 0.0970992580416194
-0.0132705810359837 0.0327544780340932 -0.231257865218459 -0.0575660321519994
-0.00336241472727043 -0.0040765522547558 -0.249863650952998 -0.376117791232517
0.00745746702537019 -0.0189998975324034 0.338962490624371 -0.506387739668695
0.0153911564597592 -0.0364224092180201 0.814316798729691 0.0767826077230036
0.00768638235023253 -0.00062292743372425 0.507333193198545 0.678363542004739
-0.0117567252709952 0.00780174482834207 0.023140362948263 0.515286241416047
-0.0172901237116073 -1.3463284216363E-05 0.0528751114263778 -0.103613559842751
-0.000165873291698797 -0.00398347162382689 -0.354749801427497 -0.466122534998688
0.00283608164409672 -0.00585307317719513 -0.808141914903791 0.0853331264350672
0.0053767808043099 0.00446461662745186 -0.307435552881491 0.745243890574104
0.00815400973919095 0.0317223375802094 0.394147991856583 0.520717198964563
0.0129157238101708 0.0230547183845359 0.453771471444235 0.00180375692214767
0.0202848682486897 0.0247479667814634 0.222516444355121 -0.188005158750628
0.0234957334380829 0.00586324886839257 -0.0599650191867211 -0.195779110197515
0.0115624741947446 0.0141064653682815 -0.0110160596221557 0.0999017915926071
-0.0114252329605463 0.0457363412077341 -0.230431993652091 -0.0476471071640612
0.00451709559415541 0.0101595642007315 -0.264159822946385 -0.363584850390836
0.0194444873651993 -0.0256326831420706 0.305975741058143 -0.528085199124491
0.0351109559322613 -0.0453507201863058 0.81387012645314 0.0189759456851681
0.0326295114206667 0.0216211039345761 0.543456177086679 0.642290105174181
-0.00668152115152012 0.0602448723551947 0.0409337644578326 0.515178505854041
-0.0139516349503182 0.0519569716029177 0.0530652111047519 -0.0958485207850755
0.0253434061152135 0.0249111716367155 -0.34083990685183 -0.479134470649093
0.0273150431074997 -0.0187030170896535 -0.813358541646292 0.0411690852959582
0.0160718480344649 -0.0214506105044724 -0.347599687084953 0.727697058879537
0.0204694329241697 0.0244089339629916 0.375706624220819 0.547225514676576
0.0218620511386295 0.0377786616537599 0.457146647737065 0.0273042328396388
0.0218782118268605 0.0355385497046654 0.228263123468869 -0.176639722066978
0.0270348154960735 0.000506007855749481 -0.0588120654834107 -0.187554106970099
0.0121986725386673 0.0116964460814743 -0.00837731508498583 0.102372611984828
-0.00928088157868637 0.0545171135006786 -0.228285557016276 -0.0237903697420036
0.00987256546782989 0.0215281198321654 -0.299369879532879 -0.324238850329707
0.0273690140736861 -0.0311847508713208 0.218951104172437 -0.568131948955197
0.0463655133887966 -0.0566533502498965 0.790232178584267 -0.121277091554324
0.0596368163228074 0.0316529593618547 0.622868581134477 0.54871386607231
0.00703103518694514 0.100271531425224 0.0903771945213123 0.523422447519524
-0.0118167795132554 0.09883373427906 0.0547922253761995 -0.0696910445927273
0.0432197585576505 0.0573263673504888 -0.294298428729741 -0.498736835212318
0.05019953213194 -0.0215138080263752 -0.816165599688747 -0.0685744013894285
0.0267105947618584 -0.0436897362011545 -0.451282741620926 0.675576613388228
0.0281205251156991 0.0158556629613316 0.311926367971983 0.601141778218303
0.0268143910510131 0.0518232148849271 0.465289191750481 0.084698480678254
0.0221513109785142 0.0459117968924185 0.247392014544054 -0.147965094123962
0.0300496521497419 -0.00183155405397563 -0.054334450721094 -0.175709260291942
0.0125133062648756 0.00887733524866756 -0.00295731245789932 0.106908679377234
-0.00715789749915156 0.0566949880842689 -0.223872871681632 0.0123691909303169
0.0117520673789919 0.0283107280677505 -0.340558819709879 -0.260813040366631
0.0269349087220255 -0.0325318822212126 0.0893554667227724 -0.595669332385195
0.0453066073989178 -0.0702703013298374 0.720377557040489 -0.298776256673495
0.0833877777579681 0.0231528599525898 0.715112106243922 0.39620154630311
0.0268351328958734 0.120364273064062 0.161971481398647 0.524112391625775
-0.00914773243858701 0.13170920296522 0.0577542260459128 -0.0259474339269042
0.046762940349649 0.0892553535071288 -0.222853847421613 -0.515313654611285
0.0661496931405191 -0.0100264339961784 -0.797029688491758 -0.236251430298384
0.0376942153030358 -0.055637515532127 -0.595589448099575 0.56929183905477
0.027986554055731 0.0079950359776246 0.195068313885183 0.662263872691237
0.026710161227248 0.0606903936631023 0.461270504676298 0.168670664080289
0.0208723602512991 0.0548085346976387 0.273047147480811 -0.105670600130257
0.030352922928328 -0.00170206708490029 -0.0449696291980859 -0.164071479561236
0.012758881820176 0.00543653672920542 0.00486160176394728 0.116783424881381
-0.00609520471033094 0.0533118261260647 -0.21404057826556 0.05221525246031
0.00963321487946834 0.0303529583394052 -0.372003927221457 -0.180232846468672
0.0211344939245612 -0.0306462855421997 -0.0489929940696696 -0.58832284787311
0.0332968628533982 -0.078004528753932 0.60318234849175 -0.467587430367674
0.0921124365576401 0.00491411340710101 0.775105624863608 0.215073850012849
0.0435823780338948 0.117973189672612 0.243404001396232 0.51018656898037
-0.0108414594674389 0.144389094014334 0.0626427835106366 0.0272182616107683
0.0341231337821618 0.113304694392148 -0.137738657229206 -0.514352663727309
0.0689037126732655 0.0119270511762412 -0.735928677398065 -0.422284888372729
0.0449692311571466 -0.0540760478347523 -0.741801947599001 0.401793423642577
0.0226153655587816 0.0029555108737799 0.0389731185230429 0.698541999459054
0.0193645438699083 0.063299231210548 0.438661929407251 0.264614002814283
0.0177278158935098 0.0599165127739594 0.301716662546813 -0.0562497034623625
0.0293278094119269 -0.000161659704968714 -0.0319263942733056 -0.153172684750118
-0.00479115481506653 0.0164722696822126 -0.03661622574776 0.0975012636404434
-0.0109379663157614 -0.0124216761701741 -0.209679250789027 -0.104737795916687
-0.019386531581198 -0.0487411722327754 -0.192114355483506 -0.398187384583823
-0.0389234530099377 -0.0145114088185874 0.345882137300505 -0.472045989913982
-0.0437819059888927 -0.0193893126200685 0.754493740235569 0.101071958720637
-0.0375113141271238 -0.0420226134747218 0.41260625155088 0.699928496679914
0.000128775808975475 -0.0971536790841962 -0.104590657296014 0.546686143296892
0.0277870236853709 -0.114999183166068 0.0617197677328972 0.0175166399551914
-0.0194367544432485 -0.0969607370182807 0.00615684496852874 -0.533131289050708
-0.0696410793385812 -0.00624688837982422 -0.650554208386913 -0.505492054714527
-0.0550622161096208 0.0447567633382469 -0.765170953944347 0.293764746804508
-0.049523019747341 0.0212423198079352 -0.0821256516927233 0.658588174004803
-0.0103746506603141 -0.0319750584181481 0.360199210128697 0.31946395056872
0.0148622974038121 -0.00619338266383457 0.305107498274626 0.00511823571412448
0.00449946981668864 0.0215227109560075 0.0436156459403739 -0.187433338257199
-0.00264060697395652 0.0167842644953053 -0.0425585368286103 0.0904759649222721
-0.0149044592584615 -0.00349616141077763 -0.197941580551577 -0.131652780745196
-0.0122305502301596 -0.0380009064010992 -0.127744098551199 -0.429397924060724
-0.0232846476022204 -0.0149328478033525 0.445116496988808 -0.396742224976667
-0.0234363547103707 -0.0283031610350865 0.737186001104751 0.27262201343746
-0.0203157832824021 -0.0423310790535063 0.284850664136013 0.778833363495853
0.00890405416343256 -0.0780932824597154 -0.159883412382561 0.515833803071234
0.0181858866094989 -0.0911934429338739 0.0766786842943575 -0.0246059580468477
-0.02180690330335 -0.0711242963730524 -0.0590312142313722 -0.550612307345009
-0.0521112980787809 0.00394967860877245 -0.723470120522924 -0.377030548493045
-0.0349032313934715 0.0434306331681142 -0.680844647640653 0.43169104673276
-0.0336043476386592 0.0267996835902545 0.0369295230881739 0.651739034870667
-0.00362018768257758 -0.0154323536055602 0.389645170455115 0.252183856078588
0.0143375304422509 0.00388396272018144 0.295204954810208 -0.0405996435691643
0.00772602903863678 0.0190040029778727 0.0373888252784402 -0.197061096408027
-0.000210181285778742 0.0178124811858664 -0.0462239157561688 0.0852897508483947
-0.0198350932675252 0.00995202608371697 -0.188137046659213 -0.146014679282818
-0.00616323109573762 -0.023115270836063 -0.0824073546118483 -0.444700895729974
-0.00470382427652544 -0.0141791773360436 0.504325927351089 -0.338154841872244
9.32280337760131E-05 -0.0299160080728706 0.708053300968388 0.385589897479657
-0.00529713109198801 -0.0258829235999427 0.189014337611371 0.815996937688754
0.00291517301640558 -0.0428987835119769 -0.19274817328476 0.485347155889641
0.00307226972351056 -0.0540833045614509 0.0859632774993646 -0.0569688500991252
-0.0153742039369191 -0.0389155329679608 -0.103309371183183 -0.560781033790749
-0.0258262846053725 0.0057226322452237 -0.756891080962882 -0.289855597115722
-0.0131945412551344 0.0319467369678434 -0.614141161144011 0.509008206090033
-0.0145605066046577 0.0304039160872338 0.109892763530232 0.637382490863585
0.0030592569972707 0.000769136555574215 0.403744197974588 0.204292996856514
0.0122314153182295 0.0146727387272594 0.284715478103567 -0.0679277176677054
0.0124530590303692 0.015222309674254 0.0323271859785355 -0.202223394777683
0.000796688087515993 0.0185846807069076 -0.0499333209792612 0.0834268943195115
-0.0257547190130321 0.0235955883893386 -0.182724181778528 -0.149845495759335
-0.00290876160957535 -0.00591749145070582 -0.0658603066794807 -0.448992760479786
0.0118943692934635 -0.0129701662385927 0.523578063112248 -0.322325706798105
0.0229233966971303 -0.0279243933842912 0.698399013276637 0.416340174558134
0.00532177729716183 0.000823028334506055 0.163367684822452 0.82382025339854
-0.0144691801738128 0.00300436073477918 -0.198309306836715 0.475705555383933
-0.0147447327823071 -0.00777441503708332 0.091009986158837 -0.0696577937144621
-0.00315522577374634 -0.00424454224146346 -0.120819404389685 -0.567224919701062
0.00372315811486879 0.00199721550132725 -0.76700388038086 -0.264539918015567
0.0084998268414506 0.0142512379695674 -0.589812976566108 0.535863231495272
0.00342358345926401 0.0308373456129109 0.134245451613826 0.635435196745153
0.00659171608018639 0.0207558624381383 0.40593142031825 0.191892550857266
0.00977290352121287 0.0253231042505153 0.278626708701557 -0.076674667717542
0.0180887290442643 0.0108661068119675 0.0273769250344145 -0.201734211382051
0.00387736713907622 0.018096516920371 -0.0517775382127289 0.0839635053144205
-0.0298324852825853 0.0369169092325965 -0.185669277798346 -0.140088633585961
-0.00247326281809153 0.0101935171190527 -0.0829082394457578 -0.444074202910777
0.0262372206627979 -0.0131331259271967 0.503705528750953 -0.357046073178363
0.0436781528903903 -0.0266942658145225 0.725397768432528 0.360586523109235
0.0184011551850839 0.0308276785309955 0.213820591055053 0.805934534570621
-0.0314544051548105 0.0502967800581564 -0.181450379208175 0.485082489927654
-0.0347478588724948 0.040821210412026 0.0887448517908855 -0.0641429780800369
0.00871677532462834 0.0323176493411489 -0.104732415009568 -0.572470578227705
0.0310530174907503 -0.000261521640554999 -0.75069139671409 -0.307756033781701
0.0282947702891966 -0.00489660355828427 -0.616881152222661 0.502536645330319
0.018454270186224 0.0297444556919724 0.105991605870423 0.651137757883202
0.0103647379418654 0.0392672450717306 0.397589110399944 0.216555996951578
0.00799559855259754 0.0360324509432253 0.277028332533591 -0.0640050687177007
0.023129425680282 0.00795147270813857 0.0259162019958698 -0.193427743509874
0.00561366396885199 0.0165447163866641 -0.0508506554009236 0.0875103639827876
-0.0321060171055799 0.0449615758355399 -0.194388352832142 -0.117814235794229
-0.00211803470869896 0.0237384133569959 -0.131398354735576 -0.42495327870792
0.035532018250342 -0.0145397646919019 0.440003156403442 -0.430738379735919
0.0589509808215999 -0.0312082986861543 0.76144938371884 0.228577901032391
0.0371232764599507 0.0513671563070817 0.329030295510907 0.756768271629873
-0.0360668156141904 0.0922159401899364 -0.140214954420191 0.511311239461291
-0.0510919293153882 0.0836940850953005 0.0788688014490634 -0.0388001683381733
0.0122040121635866 0.0686331970914938 -0.0546421303137712 -0.569169504216156
0.0510161178682165 0.00622371091675807 -0.708558363683819 -0.409118496266212
0.045636479921685 -0.0201896396817719 -0.686485623629999 0.41212973552315
0.0272856522031915 0.0257648176483886 0.0254767799219988 0.673341037357845
0.0101408450778147 0.0536888888116443 0.379059525404036 0.271085205239674
0.00498743311980933 0.0458282853917161 0.283188280677041 -0.0310899988496479
0.0269194646069016 0.0062575712656989 0.0250151746975702 -0.180452109538148
0.0073831320903135 0.0130270309710097 -0.0486637809151692 0.0941362763494058
-0.0311649571880208 0.047476737169032 -0.203983659619493 -0.0842630749791609
-0.00352731467218627 0.0306869305098817 -0.195111236051324 -0.383980015817745
0.0368473686218169 -0.0154698321913842 0.33252573811 -0.509833299793442
0.0641143281681455 -0.0419925035828028 0.773445380128283 0.036200042414317
0.0611448972986454 0.0551069416615911 0.474440163897075 0.658793081823658
-0.0275149899395672 0.117923467563728 -0.0740364274125744 0.543673672370999
-0.0645292893333044 0.114053023522687 0.0638997242613072 0.00167336275181076
0.00210918246407682 0.0988467709427076 0.0158039082868836 -0.553922674071264
0.0597294142479242 0.0216704895427043 -0.619565018223715 -0.551891940782784
0.0575020051590584 -0.0252303142417771 -0.770290473502918 0.255332540619071
0.0308043167675295 0.0207908509340748 -0.104400621959156 0.677577223462742
0.00760284502735607 0.0622557908695189 0.33936168086821 0.346368618976023
0.00160596545242299 0.0535695945136229 0.289328060875191 0.0188643682698513
0.027167671324185 0.00668777471767066 0.03013410131866 -0.165816166105519
0.0093026903153389 0.0113758295594665 -0.0453227893594518 0.105171009155241
-0.0285911801445974 0.0442799566964717 -0.211858977201523 -0.0433862459382017
-0.00649125933284042 0.0309951582075523 -0.257883307079172 -0.324089500087563
0.0306373299694359 -0.0154356576339382 0.201707295949832 -0.563747264531491
0.056913794559778 -0.0527774164988631 0.739462393362928 -0.16621987443296
0.0763317037116414 0.0433402628719915 0.605658708829194 0.521459308248635
-0.0112526028877015 0.123436731746659 0.00426504479246413 0.566826691705748
-0.0687469876491244 0.126216090851053 0.0447710741907097 0.0509337979898946
-0.018104944664626 0.114689423302694 0.0910778769067789 -0.518062633147012
0.0527442889941677 0.043443655241012 -0.485184029504567 -0.692491068629807
0.0608980192031318 -0.0210544613444669 -0.828923468594741 0.0439581909181536
0.0275920688626261 0.0161527534295319 -0.260685109456377 0.644636521447464
-7.76871700578913E-05 0.0631431297148343 0.279932721706176 0.421306303010664
-0.00255189815037637 0.0569400739599921 0.293070269283306 0.0743496942032268
0.0259491312374736 0.00866397273514177 0.0366898975892825 -0.149940472510241
-0.0046278635875033 0.0161503008781611 -0.0367436580206044 0.0968519734562272
-0.0109879279944693 -0.012038664183124 -0.210338525582902 -0.103624634789309
-0.0189986237758789 -0.0488738978548189 -0.192409205414367 -0.394475020312237
-0.0386877376868378 -0.0136702847652767 0.343307330918096 -0.472799420259707
-0.0449464400573975 -0.0194329363104995 0.750862371410993 0.0968754806145614
-0.0371157277500052 -0.0417795098784353 0.414893222502138 0.694021757052154
-0.000250131937637638 -0.0962805202266294 -0.101059758306035 0.545638957649226
0.0275928567441914 -0.113801130857162 0.061372021890622 0.0178880156618087
-0.0196486575822379 -0.0967528316010287 0.00212293828347435 -0.530116959467136
-0.070322042569203 -0.00509447227736437 -0.649257440402744 -0.499517761196861
-0.0548292846580718 0.0448358631948758 -0.760897577047642 0.296198607883463
-0.0493212119261854 0.0215283489074511 -0.0762668688542332 0.657649345254013
-0.0112397253940523 -0.0318197134191243 0.360260399093118 0.317102937159197
0.0158507179114028 -0.00604550774944813 0.305207889563935 0.00385621424069282
0.0043378437963578 0.0210374890076552 0.0438854687087954 -0.186488979689139
-0.00267874729217358 0.0172439030006557 -0.0418477854526361 0.0904444121647554
-0.0141139193944924 -0.00229185579666861 -0.198118208097835 -0.130045633022059
-0.0117916023375769 -0.0387440890204411 -0.12838190875084 -0.425737578896374
-0.0225617045078081 -0.0151558719414553 0.442128453647925 -0.398775163334593
-0.0243494261660691 -0.0274621272805679 0.735552827456309 0.268485667706012
-0.019666473402657 -0.0420846622392059 0.287222048820049 0.77282514962991
0.00723568320920121 -0.0772121492582126 -0.157643675322768 0.512536394681806
0.0182080843360243 -0.0914550589258247 0.076130624494891 -0.025194329347557
-0.02216996232981 -0.0701355456660752 -0.0609412027008605 -0.548219744221403
-0.0523439953466219 0.00438274827540246 -0.721499088364101 -0.372911578060491
-0.0350813537566074 0.0423034118905305 -0.67395238155446 0.434801205002159
-0.0323347256967399 0.0276363729073818 0.0400433268058213 0.649350939436667
-0.00399607919354348 -0.0159322714876206 0.390770878475801 0.248708369886259
0.0143363345167973 0.00356947671168318 0.294912448655319 -0.0412740414610798
0.00787028157206405 0.0183910328467693 0.0369771372590885 -0.196827481045198
-0.000244226051853372 0.0185014767767885 -0.0464852914895503 0.0853069344180988
-0.0195187241140542 0.00985817018707578 -0.188715630717505 -0.144701547177885
-0.00614715261943301 -0.0236333174420823 -0.0839100722223772 -0.443055352295752
-0.00416912755585729 -0.0145280342619716 0.50111302094375 -0.339218030900715
-0.000310086251493291 -0.0303224632507225 0.706510595482229 0.380023477841365
-0.00565394808370405 -0.0269339341992163 0.190891746353278 0.810755552265758
0.00192416739776297 -0.041318981736516 -0.189673639315565 0.484530943619477
0.00214329981195764 -0.0545748272098951 0.085258815348645 -0.0555215923239488
-0.0160150535143231 -0.0380880348673245 -0.1060962891669 -0.556827166972375
-0.0261658382734281 0.00579597659244098 -0.755918605576076 -0.286346683968577
-0.0120940698060063 0.0327527239377579 -0.610642279021442 0.512028712115043
-0.0140024168999882 0.0293031450851013 0.112896243455626 0.634249530455933
0.00255966616763706 0.00172760956785822 0.40500990062022 0.202457439265407
0.0129592575355936 0.0150738374694578 0.283806071098235 -0.0687839809142965
0.0128122821046142 0.0140284756754532 0.0309990217763467 -0.202014900543719
0.0021278105763048 0.0181064760916091 -0.0501148184528447 0.0836284767155439
-0.0254925793046297 0.024504677331908 -0.182626490510909 -0.147556503801831
-0.00292772073246079 -0.00621782954615172 -0.0679066258815949 -0.446651218574692
0.0114646840616083 -0.0138467139638261 0.521230794336333 -0.321591592140363
0.0223271940706008 -0.0279867800034604 0.699292928623439 0.41136874614928
0.00462290552345242 0.00118433857970058 0.167149739446752 0.820791034918621
-0.0146489147369637 0.00291435003713952 -0.195505853727298 0.473636660070426
-0.0150818980896175 -0.00744885823054235 0.0913348819398705 -0.0694417839281783
-0.0035655474007956 -0.00447707586127412 -0.121171938326934 -0.563165523104572
0.00311733283481522 0.002057322278927 -0.76425734338895 -0.260754408528798
0.00831994696090345 0.0139925538826707 -0.585848157892556 0.53543642436533
0.00283890564280768 0.0309699143585823 0.137443372124741 0.632792585732441
0.00735351977215247 0.0206255338880703 0.405193821112303 0.189113116369577
0.0109162342012335 0.0253456162827982 0.277362119390723 -0.0785516321284877
0.0185624991668657 0.0104737108113062 0.0271339194866674 -0.201105952126043
0.00362850707621527 0.017301747197334 -0.0516419934264587 0.0838019190318124
-0.029259177354484 0.0364818514798916 -0.185119409800363 -0.138520534518507
-0.00326929736271815 0.0101214490146068 -0.0834271458901555 -0.439669601377183
0.0264826008288722 -0.0135503340899693 0.501714487137466 -0.360399606691322
0.0431600872397331 -0.0273735072872696 0.722326831739487 0.35693736255406
0.0183955883696085 0.0303048831307556 0.21664517955838 0.801645641861082
-0.0300166890951735 0.0506937913247733 -0.17837667300716 0.482110332835388
-0.0345257123338136 0.0407490490065086 0.088251416341349 -0.0637993709727206
0.00901323797922732 0.0319853924259829 -0.106332131063845 -0.567497267233943
0.0304287909108849 0.000342413334402655 -0.750929813460054 -0.301609712073711
0.0281787909784339 -0.00507571591558275 -0.611677164053182 0.504246332352941
0.0180997294552267 0.0300413322635815 0.109521509963205 0.648885782305548
0.00998120391785268 0.0390385451962692 0.397751492814247 0.213480452266206
0.0087803160180023 0.0358545469298 0.277928961861368 -0.0651105669428675
0.0225162154507777 0.00646898724237003 0.0264121834614682 -0.192365700527965
0.00525935260903357 0.0154945624636757 -0.0510301013951658 0.0872040796886716
-0.0309476995298507 0.0452529046408575 -0.193526677360162 -0.115882982709622
-0.00279401254581766 0.0234962176108394 -0.13320241583565 -0.421748478291956
0.0351281200866004 -0.0143301925185709 0.436112763725004 -0.432928927356576
0.0587022849474877 -0.0315847660182792 0.758872549725753 0.222430971382393
0.0375240582055652 0.0512166291559959 0.330106010669984 0.751403145329625
-0.0358657316626822 0.0911742190380953 -0.136602316929959 0.510821954692906
-0.0512770743581474 0.0836878055909905 0.0777970735887973 -0.0392946269306787
0.0119312404714939 0.0678837336117327 -0.0568759444205553 -0.567006778996676
0.0513758300973188 0.00587994309926237 -0.706588075014494 -0.404294375058261
0.0458666840570757 -0.0200724831313317 -0.681751382586456 0.413781760187357
0.0286291321897647 0.0254450923566226 0.0301800264933698 0.671596840011563
0.0104478931092342 0.0545214475199631 0.380496949157205 0.268212876473578
0.00567519181961834 0.0455527656154504 0.281937924288733 -0.032495813766788
0.0261711265338015 0.00541604685364686 0.0252842609446531 -0.179341841273685
0.00710494699830512 0.0137768095699651 -0.0486750436526856 0.0940303429201955
-0.0308117556320893 0.047543856841043 -0.204348802215784 -0.082283450319403
-0.00415751966696405 0.0300537559366961 -0.194241897232412 -0.381006788432487
0.0358847462669722 -0.015727132058603 0.328214277282849 -0.511196581844336
0.0637182136007348 -0.0420062048622315 0.771387181370979 0.0301889145357126
0.0604567568981395 0.0552157288820787 0.472902864113748 0.653364439799162
-0.026714000860547 0.118302463156471 -0.0725515619937734 0.541606699445689
-0.062815814652615 0.113199135381077 0.0622728749569979 0.00278941991996514
0.00161549167051952 0.0976589059583215 0.0122986178743777 -0.550665909651458
0.0594864451709213 0.0223066391517181 -0.618409673476927 -0.545740716552556
0.0577731113268668 -0.025835134872371 -0.765359216840725 0.257673881670569
0.0301803471540942 0.0204829490528511 -0.0997304439036034 0.675951558006527
0.00768405330001794 0.0635805053473362 0.34153428876474 0.34293089189753
0.00222532438547259 0.0528259651253644 0.288612785353774 0.0159744343174323
0.027460064372338 0.00564393793080246 0.0295216697299652 -0.165153608081114
0.00968068176831867 0.009481242729433 -0.0461283141309215 0.104593980724716
-0.0278315501021978 0.043941881852931 -0.212774590165831 -0.0417965522079615
-0.00592322272645906 0.0315411570636453 -0.256782281029837 -0.321646175097634
0.0307072557319511 -0.0166320277308562 0.197728226314457 -0.562750614683758
0.0561820316963265 -0.0521153281945041 0.736668775332303 -0.167746829288142
0.0761876814598554 0.0421716978221967 0.604142701070458 0.515081926632263
-0.0105949287144674 0.122376454388108 0.00748809879948762 0.56249515995312
-0.0690158944325674 0.125140295626217 0.0449918069688726 0.0506845180371789
-0.0175888698775553 0.113985700444775 0.087510551455976 -0.515336918997857
0.0523656704736623 0.0427554679755495 -0.48606219579915 -0.686679838509722
0.0617457878389543 -0.0209530290530752 -0.82525518503631 0.0489524239720106
0.0277036653417685 0.0149681325576278 -0.255509503283598 0.644362220589497
0.000515713166835048 0.0637719530979829 0.281870844238139 0.418078886223475
-0.00211205032735984 0.055800585773866 0.293240478125334 0.0715683437073454
0.0260762941175182 0.00745799031177632 0.0365552694557278 -0.148944602213053
-0.00399395355253425 0.0164064592518845 -0.0377917184145066 0.0968683978979985
-0.0104916887135312 -0.0110176516595526 -0.21033436296444 -0.100928473325273
-0.0196530477705485 -0.0488047676604171 -0.191293131670953 -0.392242582544764
-0.0387367066761626 -0.0140201972841082 0.33970914379405 -0.472278592170164
-0.0439430054214458 -0.0191779881699334 0.750260068125027 0.0935135589540125
-0.0383735596926866 -0.0412190243179272 0.417147856846123 0.688662353623243
-0.00130663106078825 -0.0953172822980835 -0.0987256002918957 0.543651341479838
0.0272721446288239 -0.114375320840028 0.0612230926856116 0.0180025211898044
-0.0202543313897165 -0.0961399064646108 0.00190767408580759 -0.527855682545404
-0.0702610431947534 -0.00507236137643436 -0.649327456187034 -0.496016529210813
-0.0543287498213608 0.0447828967721712 -0.758167880150243 0.298803792680496
-0.048262921835839 0.0221672910514582 -0.0737431522265442 0.65830042216145
-0.0115978287795759 -0.0316272839784782 0.361962008667479 0.313716355784683
0.015674454864383 -0.00504519388188786 0.304984289588071 0.00119774213429093
0.0052683043351396 0.0208533404446193 0.0428592551919629 -0.186169430596533
-0.00179656718872337 0.0168993123586173 -0.0428235180020159 0.089612694590216
-0.0143385931499144 -0.00278374065264848 -0.198528273829708 -0.127482220898624
-0.0118545812635211 -0.0386075557089156 -0.130417267103607 -0.42570385509599
-0.0228480461844703 -0.0141147523749705 0.439094358422972 -0.401216251522221
-0.0241615814534501 -0.0275003508491173 0.734894440892565 0.26320492968486
-0.0206357174095433 -0.0419984789364954 0.286451945008267 0.769989333123776
0.00794229399170915 -0.0766906404146642 -0.154047209382886 0.511714639011125
0.0177361675397926 -0.090345267221484 0.0765103965555 -0.0240731442437331
-0.0233558000542667 -0.0699274842241275 -0.0618992418529156 -0.545407479190148
-0.0519883646744169 0.00374402475422549 -0.720275249870883 -0.369130509062176
-0.0337190642682539 0.0422473093496915 -0.671678473061807 0.434021633722603
-0.0316006601384636 0.027344986260681 0.0451462827675963 0.64729268891847
-0.00433855818224473 -0.0162977211685605 0.392327115430698 0.245025555584114
0.0151398991348085 0.00477951494750913 0.29482938768389 -0.0429507715314902
0.00873038792650712 0.0178575729792169 0.0365898091281215 -0.195631770380984
-9.22744235293598E-05 0.0181585508883548 -0.0470203239076594 0.0852599814442462
-0.0189779031220203 0.0100567192847117 -0.187798159059193 -0.142839484559148
-0.00627428872514618 -0.0231893329422176 -0.0854594349603495 -0.439761033339238
-0.00507406455829401 -0.0139025914917729 0.498147468954019 -0.340651733271987
-0.00082590312388411 -0.0305072318771838 0.70583664102635 0.376592269940494
-0.00600706828561351 -0.0263041365308311 0.194350674503762 0.808293385727771
0.00229470705386008 -0.0420281591759332 -0.185140948951008 0.483987408041858
0.00273639450025146 -0.0543563529237664 0.0862224666021488 -0.0542137953104138
-0.0158343783679065 -0.0381021948081412 -0.107594669648201 -0.555213350017833
-0.0257625034379079 0.00694943580169401 -0.7538279211688 -0.283174390337257
-0.0127387042864153 0.0309304116006178 -0.606012786530527 0.511143379982958
-0.0135905029218395 0.0306191083687492 0.115292109654255 0.632537336405113
0.00203007946715855 0.00167755346743465 0.405055041118722 0.199889931143094
0.0144172895771834 0.0152572919852161 0.284183401061323 -0.0703411704598208
0.0127531100922468 0.0141227786561229 0.0313634400973743 -0.201013094805714
0.00235576782134622 0.0183921707820772 -0.0502406455424645 0.0833578869630424
-0.0245907836905627 0.02420233899047 -0.183261498040671 -0.14645891956748
-0.00348601066868501 -0.00592812586137933 -0.0669585613560148 -0.443387479910683
0.0121308379511302 -0.0139384697007586 0.518942058838635 -0.324654527074099
0.0220709515045886 -0.0274023804019779 0.697922192154871 0.408285417735349
0.00501500089600229 0.00107923042478713 0.167756793817983 0.816607417197138
-0.0143827110556474 0.00301854251787313 -0.192713344336949 0.472673806164007
-0.0151701832333782 -0.00838308194310149 0.0903536908567688 -0.0688536265810334
-0.0025450578298741 -0.00368455245020487 -0.125547452444045 -0.561024548296391
0.00311023820996964 0.00172583537637776 -0.763545594154664 -0.255909926171355
0.00910214361814679 0.0138494172793779 -0.580810644770644 0.536370159046735
0.00369896033808827 0.0309198500456995 0.139494784559792 0.631465582759316
0.00709239114964559 0.0208987803757018 0.405581812986533 0.185870225141791
0.0116965179424047 0.0249503370249893 0.27737921877483 -0.0791085249698179
0.0182413854465266 0.00922710700476474 0.0268209639262108 -0.200029171257371
0.00483121420812246 0.0171218220552575 -0.0529299097959564 0.0838665695822666
-0.028651359499884 0.036393827818498 -0.185193365395034 -0.137289171138847
-0.00232893233312918 0.0107149727896601 -0.0845406263962921 -0.438107525839199
0.025605201857391 -0.0137297612846212 0.497741708745986 -0.359224941129642
0.0426404345527129 -0.0274653366397393 0.720901032743786 0.351383980968035
0.0170210763950332 0.0302986294906114 0.218819106138867 0.797345067583125
-0.0308186136703877 0.050132929796942 -0.175772422908269 0.482358350864891
-0.0338526498150638 0.0405771956662482 0.0874952391381149 -0.0639950358749755
0.00944688429882263 0.0319550052573173 -0.108175133521067 -0.566580755213971
0.0293171533188125 -0.000221808266433733 -0.748341996256915 -0.297144949980234
0.0276009394424931 -0.00479106243626462 -0.608587737869771 0.503493356978913
0.0180333931940978 0.0284550971858837 0.113620232403861 0.648284802452058
0.00978135223055771 0.0381745265816016 0.399344714906247 0.209552898291303
0.00923768591567142 0.0352900957676682 0.276382059459668 -0.0665129258614476
0.022462016007024 0.00616232528496397 0.0249090183898704 -0.191451327331891
0.00601658077945717 0.0149265109228963 -0.0523315705192834 0.0869783987615178
-0.031283817237218 0.0453211676959019 -0.194652794694752 -0.114579576239275
-0.00293463602038025 0.0229450572332463 -0.132924420267333 -0.41942720523134
0.0348437409813148 -0.0144253898350398 0.434355473316025 -0.432696309402333
0.0579934905748723 -0.0321742250983515 0.756504236061039 0.220094943469096
0.0374278479635344 0.0511337532259606 0.330988774562664 0.746456545301131
-0.0351194594087075 0.0924701647289228 -0.135036365065136 0.508316333076568
-0.0505671690819789 0.0833860165046049 0.078485993879559 -0.0384212512977042
0.0125372099005197 0.0679661400471172 -0.0576052735381425 -0.563270529528508
0.0505437463026964 0.00601666817386721 -0.704442086196754 -0.399731858746969
0.0448373911825108 -0.0198336639093814 -0.677703678343905 0.414938497477195
0.0279237686011039 0.0248820970916218 0.0340155563142476 0.668404865798803
0.0095155867306404 0.054138147312717 0.380305017776931 0.26487356022376
0.00600887026141549 0.0451955011753803 0.281506424604016 -0.034133432465161
0.025536248437802 0.00454097077228682 0.02558007626641 -0.178824287419214
0.00795847393320205 0.0124125102156826 -0.0497468922804643 0.0940769743274314
-0.0304743480549786 0.0479524782156109 -0.20473818954523 -0.0820520253561843
-0.00359951182195175 0.0302793173675784 -0.19618696702035 -0.380545739955035
0.0362240284447827 -0.0160010742186862 0.325173459504441 -0.511028651078232
0.063444157953421 -0.0423712304681699 0.767028346012624 0.0267257868587182
0.0609356007379408 0.0548248608471776 0.476723602382682 0.648479217580849
-0.0260362624447644 0.117800606348384 -0.0675240448789088 0.539079210636107
-0.0625564657688453 0.113472929895664 0.0626126770296175 0.00145648000630124
0.00251108281085785 0.0981984015699035 0.012009541711542 -0.548128402315671
0.0592449447039027 0.0216331377080356 -0.622627594893854 -0.540415469637094
0.056923740740419 -0.0263377378059232 -0.764091625014849 0.260669075335806
0.0313428014934188 0.0203856391773316 -0.0955998446914209 0.674597611487351
0.00778291959919912 0.0629204176906527 0.342162493317373 0.34097219716587
0.00246016508564232 0.0530531507321239 0.289149175399817 0.0147626707300279
0.0268089930602476 0.00473779449738437 0.0289778678419496 -0.163423885066073
0.0096626860571788 0.00982669143344527 -0.0470469375858541 0.104984463412095
-0.027367683993858 0.0447630275153737 -0.212717101806724 -0.0410433221567209
-0.00654829985273028 0.0309860602316202 -0.257257317478962 -0.319607302162093
0.0298843466743025 -0.0167584049537895 0.193800553256218 -0.562794521011439
0.0556139511001001 -0.0521998915712388 0.733868387852525 -0.172009298244244
0.0754899532425255 0.0418502030744171 0.604873836380135 0.510760233664699
-0.00988673860880867 0.123145801957879 0.0101043318962096 0.561888034356897
-0.0680661524468365 0.124921148939676 0.0448073901767214 0.0503611074557933
-0.0170847281450469 0.113695011200754 0.0858771279516432 -0.513544099412566
0.0517492596712895 0.0429167185774139 -0.488331652438144 -0.681944620117013
0.0609438939078273 -0.0218269837940009 -0.823815370361205 0.0511218257193972
0.0282356280231518 0.015155963172692 -0.251359924368285 0.642604700448465
0.00121229259962118 0.0643530914387713 0.284683213007147 0.414500643151762
-0.00230616815520807 0.0557071532336816 0.292398908544109 0.0696610214169962
0.025610632207314 0.00764641492682413 0.0366943046958165 -0.14985076916872
-0.00359116221707209 0.0162249605645683 -0.0380966003046696 0.0960758518510007
-0.0108503508238855 -0.0106659258822577 -0.210758524445191 -0.0986982949508682
-0.0203504879014259 -0.0488871257500733 -0.194095737147216 -0.391558367318807
-0.039098481851568 -0.0138029429436678 0.338011843776968 -0.474248372719025
-0.0443864130504802 -0.0187479155414949 0.747854702985014 0.0898202294326618
-0.0382257403864147 -0.0410359449785304 0.416642591946259 0.685508476537394
-0.000785353763355765 -0.0948855936795739 -0.0966117038272147 0.541706381844759
0.0263948779995629 -0.113188624237873 0.060823326645639 0.0178025315699914
-0.0214544869566665 -0.0961430631685283 -0.000678131902379289 -0.526741175908394
-0.0708710211935255 -0.00495738407549214 -0.650041369547536 -0.491951817427851
-0.0534225400817868 0.0450712853238093 -0.754869284708874 0.300868302828282
-0.0479907979912114 0.0225313179365419 -0.0693596091477911 0.65817131994421
-0.0109906998900206 -0.0317770463713219 0.362505035231577 0.311179902621767
0.0157647206926739 -0.00523863546909171 0.305199713583684 -2.48033103667347E-05
0.00686050836831226 0.0202469417008743 0.042994656500981 -0.185461273858213
-0.0019000932622384 0.0163980152383849 -0.0433025375373229 0.0903981067896376
-0.013518728794596 -0.00154500815109426 -0.197836680855718 -0.125365995523213
-0.01285291213791 -0.0384252221535493 -0.130755736857036 -0.42335470999961
-0.0228471565575398 -0.0145251110359674 0.436761663321948 -0.401366187186173
-0.024304338010144 -0.0274346599904287 0.732238026323786 0.26105931861806
-0.0207151642267298 -0.0420045782907518 0.28989955061148 0.765205674041739
0.00752131174421073 -0.0755487793827231 -0.153695622819742 0.509592924905496
0.0173404912579011 -0.0900060634599004 0.0755233841325841 -0.024270727020601
-0.0234690387797346 -0.069623045132565 -0.0652378432405345 -0.54311644766458
-0.051703808205912 0.00498217630438167 -0.721624216850907 -0.36630169542663
-0.0345902505345367 0.0425975089063926 -0.669256144369748 0.434941253656111
-0.0313037151497186 0.0272522410885001 0.0439421509951521 0.648194618971771
-0.00464254359352063 -0.0161032969874195 0.393657589701821 0.243659186760568
0.0159701583848823 0.0045481961709948 0.295922928127288 -0.0438726553287802
0.00848815977449471 0.0172725997559706 0.0350413735099372 -0.195803543297234
0.00124246652697317 0.0179786760108975 -0.0475234911752371 0.0848242679941157
-0.0189916861065875 0.00981536001217223 -0.187738992653719 -0.141435853209124
-0.00710463134263906 -0.0234352795098423 -0.0849760337385888 -0.436960825754006
-0.00527254671504449 -0.0143612793102524 0.496611461324971 -0.342023388810646
-0.00133374447045499 -0.0306071320157092 0.70671817955105 0.372319984904735
-0.00597058676563837 -0.0269157919400907 0.194559580140716 0.805542213655923
0.00226012439372292 -0.0411400887375815 -0.184351158645769 0.482848630775258
0.00267930020056346 -0.0533977552755102 0.0848350900828665 -0.0550968564610303
-0.0161838895697875 -0.0381980513177464 -0.10953748961535 -0.552536889041185
-0.0265952380801243 0.00700160019702091 -0.753419273027995 -0.278708083309427
-0.0124689418486501 0.0305872820326753 -0.602237738627807 0.514924562784063
-0.0133018358475511 0.0307073041643931 0.119883044300552 0.630804106343056
0.00246727286350052 0.00182247870917915 0.405663454391167 0.197070591916323
0.0143266011779512 0.015698944795347 0.284003661537213 -0.0724712532368297
0.0133464445511507 0.0130026695561488 0.0313821886061291 -0.201329782698871
0.00300868088527467 0.0176567001235584 -0.0513329319114336 0.0826899511632213
-0.0239587373571258 0.0242006134226403 -0.182735044944762 -0.14543455397875
-0.00426608032187254 -0.00663373798261658 -0.0687225770822179 -0.442862236912231
0.0119284462029168 -0.014410030766879 0.517347506084073 -0.326694144831003
0.0218649030152432 -0.0277650914549592 0.696790633806896 0.402016612364826
0.00484017121817504 0.000786059302872497 0.173014920279197 0.813012218518098
-0.0137482236289294 0.0033156893146392 -0.188442612376264 0.473058669502013
-0.0148419035142967 -0.00733143585699566 0.0903736553631109 -0.0698379796282504
-0.00324615059640007 -0.0038624480204053 -0.125233782593162 -0.558476152493832
0.00284606007524346 0.00205850186691892 -0.763344944095451 -0.252545558861864
0.00886175991791766 0.0140919201462539 -0.577575667065235 0.537054134432089
0.00414667495888208 0.0309875389472639 0.144417276163149 0.628850902803039
0.00701801230797741 0.0204843783908498 0.406598714445043 0.183658051532764
0.0123672778169624 0.0248676031282185 0.277664973260618 -0.0808456615756155
0.0183000275090499 0.00959883385223254 0.027558435821729 -0.199279976277598
0.00475236698011844 0.0169039299487075 -0.0525239759618263 0.0829216848447342
-0.0283196618685939 0.0374847562905457 -0.18508660343027 -0.135660726658302
-0.00291236914389514 0.0102152981152555 -0.0854460819073547 -0.436964614722436
0.0258324517307377 -0.0136207917594903 0.495362582271825 -0.361327050296334
0.0425030037393115 -0.0279699118285573 0.721925402842622 0.34900369273846
0.0171035513341527 0.0302417932485072 0.221626129780087 0.794935210596383
-0.0293143260690071 0.0508842532257987 -0.174304367029428 0.481144103197018
-0.0329930261532834 0.0410189434371702 0.0876481600533543 -0.0631305535409112
0.00928065898786876 0.0319461079951707 -0.110251149544164 -0.563542960723035
0.0293311265606162 -0.000311754756407778 -0.746434740229428 -0.293033436937128
0.027735129809845 -0.00571406962022371 -0.605526520825752 0.507880793387699
0.0189631532420069 0.029343590053387 0.116986182167306 0.645032314160577
0.00989315528076551 0.0392721263501429 0.399446998549394 0.207537839766922
0.0098113876270521 0.0347810005675446 0.276928973896828 -0.0679666364401987
0.0230655536779834 0.00517628477390701 0.0249744690168993 -0.191489782010667
0.00552279360872064 0.0156083336131176 -0.0522840196164187 0.0874166011487525
-0.0307757812888454 0.0450188458792879 -0.194182916228758 -0.114178399529994
-0.00351374994672649 0.0233405831830334 -0.133906104363611 -0.41749105394426
0.0344995158617992 -0.0151320238706657 0.431100665024087 -0.435182700021334
0.0573970569333537 -0.0320337180008662 0.75724190677605 0.216771193069111
0.0376639006700229 0.0500994502793587 0.332643290566995 0.743288464902695
-0.0347578271325635 0.0924779248591444 -0.132724930604045 0.508013094525483
-0.0497585627237541 0.0832789705379735 0.0773071619329249 -0.0386170666694336
0.0120640411164032 0.0679653727876112 -0.0603383334766515 -0.562255420131054
0.0500194772584187 0.00587210528365402 -0.705841509928628 -0.395791352135707
0.044539719196594 -0.0212917075816324 -0.675943725697962 0.416583759380657
0.0285528893685541 0.0245923715412174 0.0355530377397831 0.669040480246023
0.0101694204622449 0.0531978718988324 0.381723978324624 0.262283292150393
0.0065108866090824 0.0437458277442603 0.281379321328971 -0.0351555549589594
0.025736247870904 0.00297712115980974 0.0254780009586725 -0.178910187682758
0.00848829185055994 0.0126014628225514 -0.0499689107444523 0.0944938732175447
-0.0300573110102934 0.0481162401372517 -0.204229680221075 -0.0807241813455458
-0.00471979549528666 0.0305556324657713 -0.197477069875787 -0.378679702248008
0.0362039742690676 -0.0162213896095173 0.322734566475006 -0.512182308568439
0.0628839720929878 -0.0423754994845847 0.767110386581485 0.0255823632354593
0.0603157602427364 0.0541170214176501 0.475863608807878 0.645317623896864
-0.0258639311690566 0.118554131465314 -0.0668356477264888 0.538203118170612
-0.0623565926317877 0.113186082280556 0.0626533980423021 0.00249781661296123
0.00286890705366892 0.0976810581845924 0.00955729217650445 -0.548566262014623
0.0590884983480799 0.0214817096573184 -0.620556670214699 -0.538707358424304
0.0568435556662543 -0.0268922165627343 -0.761175924128328 0.261963556017997
0.0317947445690532 0.0202146401212449 -0.0924664906375117 0.674774035236258
0.00756917592887343 0.0635275460387653 0.343960583206628 0.336544770496767
0.00270140102849039 0.0527513257229409 0.288943663258794 0.0139124392871232
0.0262469813816584 0.00369849020129715 0.0301165532463631 -0.163010059660313
0.0093961653261456 0.00916436285634984 -0.0469987506813836 0.10491786548351
-0.0270046040964135 0.044693621969543 -0.211618243218275 -0.0400595929158885
-0.0072850161017091 0.0313540405580892 -0.258384519790073 -0.318187052938558
0.0297296064766738 -0.0163706575580018 0.19111776058679 -0.562492608362144
0.0548741606676245 -0.0523375814294195 0.729725266657397 -0.174460732106297
0.0761754115167671 0.0418412435030839 0.605605499256488 0.506982966431149
-0.00930155172893149 0.122713938194523 0.0117771391422423 0.560322662825573
-0.0678353734364342 0.124420780477457 0.0454591686420147 0.0508330636576235
-0.0169583364611251 0.113561734900393 0.0842405460986605 -0.510909918190427
0.0515491625915505 0.0427970439545802 -0.488888613769235 -0.678197615370283
0.0602029912418748 -0.022012834322547 -0.82341753501754 0.0552927517703533
0.0277367820343459 0.0160676012850638 -0.248117041168727 0.642472369511491
0.00107137843242397 0.0642208412303738 0.284949078448808 0.412712814692026
-0.000502536677232822 0.0553562289327647 0.292167946465701 0.0689684809065022
0.0258591905923847 0.00620524233292674 0.038196003304876 -0.148918217992124
-0.00370842460886396 0.0169588548323493 -0.038321056279839 0.0966567606919222
-0.0101717021868683 -0.0101668716795758 -0.210583970190367 -0.0986206488137716
-0.0211015443518706 -0.0487073892657357 -0.192756290387897 -0.389934144458662
-0.0390761849152379 -0.0134826814510436 0.337009038930634 -0.475259793828229
-0.0456081333771921 -0.0181518464641852 0.748076203436208 0.0865392575454392
-0.0381925255129453 -0.0411894062222116 0.419341602224646 0.684678207275734
-0.000751562590814029 -0.094312323409793 -0.0946996971222349 0.541355983623044
0.0264541737062064 -0.113258299972001 0.0613421033292576 0.0173662237364292
-0.0204820583671061 -0.0959876809677067 -0.00149119131036278 -0.526576919918586
-0.0706759918480847 -0.00521467403537206 -0.650879926792244 -0.49108545196781
-0.0531608662212935 0.0449004897418683 -0.753562129635112 0.304552565019956
-0.0482538160098914 0.0223293086236414 -0.0680734830500159 0.656305412840926
-0.0117074512478132 -0.0319665728145646 0.365993570993868 0.309473726017795
0.0167016647316474 -0.00514456064918194 0.305992079299091 -0.0016465808154286
0.00668463794654513 0.0201860623399068 0.0433973061763401 -0.184841014636646
-0.0006793951560624 0.0166688319596553 -0.0434467985418696 0.0891890461002145
-0.0140875465241861 -0.00147379419902059 -0.199079108652406 -0.124910845678745
-0.0138189888075788 -0.0379088147623933 -0.133093027645022 -0.422996546284589
-0.0225613454490891 -0.0145265202859443 0.435822378356246 -0.403627039277285
-0.0243178327633935 -0.0269824434159403 0.734370814863082 0.256698834544129
-0.0212825124894408 -0.0422644909893731 0.290742047270029 0.762402200465405
0.00804697390741771 -0.0752874779003916 -0.150348267298565 0.51087505071619
0.016963776535023 -0.0899807714614795 0.075260251860609 -0.0246589108620489
-0.0237101545361303 -0.0693310294643866 -0.0654507217297115 -0.543831684415151
-0.0522056051757744 0.00484408457974718 -0.720492193251783 -0.363373198918581
-0.0340238800806846 0.0416137539765254 -0.667174082948538 0.438063913924746
-0.0318027551130437 0.0273677056264528 0.0500395228043595 0.646451357454346
-0.00448803670316616 -0.0161200136801089 0.395034306834356 0.241984921006491
0.0161581945678864 0.00400345122269951 0.295421628739475 -0.0459592075660455
0.00923195179422402 0.0168026554925197 0.0360334895827116 -0.194858117596421
0.00130523336413857 0.0172479659656718 -0.0481862121355173 0.0848870986782393
-0.0183935976013565 0.0108553656179166 -0.188449571345787 -0.140894330894043
-0.00821513680675522 -0.0240295974783342 -0.0852628154579747 -0.438405291166108
-0.00440259416584532 -0.0146021908883679 0.497642592938968 -0.343949050340681
-0.00142824536420655 -0.0294924466350437 0.707049740490622 0.370228512213246
-0.00656709226035922 -0.0261825178589626 0.197398479275165 0.801521065264378
0.00289002364924171 -0.0415689620802314 -0.181557890144085 0.483439332336992
0.00225252293038742 -0.053980740174659 0.0855135907834964 -0.0555929076129101
-0.0154953817482205 -0.0378387199106031 -0.110302337573898 -0.552886196418861
-0.0269464800870094 0.00631605006283148 -0.754853632478005 -0.276413579792093
-0.0127156602853469 0.0311582077046966 -0.599917694066162 0.51469480565461
-0.0131758617560234 0.029670393689862 0.123699414196439 0.63050880319581
0.00239138727831491 0.00187688219418342 0.407368416610369 0.193332961390867
0.014374074692986 0.0143685507138013 0.284866153776874 -0.0735853781125192
0.013516564492081 0.0126243053952695 0.0308206524599446 -0.200053065897313
0.00327365483917179 0.0176330229047008 -0.0517206051252255 0.0833410585616159
-0.0245473438566355 0.0245554048076823 -0.183653876726496 -0.143483884868789
-0.00448715222745474 -0.00616589596991635 -0.069329956518588 -0.44239506693126
0.0111385891977955 -0.0139101299044736 0.515637724208356 -0.32885133682801
0.0215671639842796 -0.0280375335731148 0.697801049812939 0.402124580214513
0.00409436134857284 0.00099095739745066 0.172213257163025 0.811404573131
-0.0137457564055336 0.00378330966042366 -0.187859183278308 0.473496293090764
-0.0148482770165926 -0.00805497199141164 0.089696571358013 -0.0689993292965468
-0.00250819104928428 -0.00381746595947573 -0.127106311190805 -0.5583234103388
0.00257942916508138 0.0024807758434543 -0.762864999748378 -0.249441170951789
0.00901351983816127 0.0135369900860166 -0.574939609320791 0.538785147466479
0.00473021536012816 0.0308134526514906 0.147635081403739 0.629421109560678
0.00689491071661068 0.0209558832910267 0.408765122615012 0.182357721542011
0.0132781040267856 0.0247854727402131 0.27798011859893 -0.0826559394812111
0.0182507276265331 0.00753720045073645 0.0266889808691259 -0.199196489943763
0.00496173966466408 0.0170332564977606 -0.0538534930697181 0.0837616919928735
-0.0283257730799658 0.0374965529227035 -0.185913889843062 -0.135694031203395
-0.00379541140042204 0.00986426372429807 -0.0866676322962244 -0.436855460860766
0.0253991722997424 -0.0140957890873852 0.493946560016856 -0.363369349725456
0.0420983238178784 -0.0272886305225585 0.721323341696803 0.346793554013288
0.0174946863394197 0.0298057954068593 0.222625315024874 0.792926006427539
-0.0292847801417194 0.0509815522512478 -0.171640934391902 0.481657956736292
-0.0337505276781271 0.0399100355503526 0.0874858904765969 -0.0627822635842064
0.0086282096944591 0.0320912171177488 -0.111166719029518 -0.562588462789095
0.0291436476275894 -0.000659548530988208 -0.749127536120814 -0.291582438985365
0.0278931744364095 -0.00629848138267288 -0.603391430955021 0.507982313359381
0.01813882197963 0.0292721604546064 0.1195419875359 0.644544335516734
0.0101157081543799 0.0384312545640463 0.400698724218426 0.205106118587756
0.0106080760045801 0.0343745578879637 0.277314138710654 -0.0704948263374104
0.0222056693467652 0.00406774248796381 0.0253126569971348 -0.191245370409402
0.00594895968307116 0.0135349996457103 -0.0529311451184912 0.0879204949746027
-0.0302317791818698 0.0456782793253539 -0.19425243286923 -0.113216602515233
-0.00305775491001629 0.0233312436666276 -0.135767847186096 -0.416887826953934
0.0346959048510409 -0.0156935940781622 0.428615134156834 -0.436545144926624
0.0565541124301082 -0.0318174952908225 0.757276714580355 0.212753028523307
0.0371112601353435 0.0507304096695882 0.334683433783229 0.741273321179329
-0.0339499962920425 0.0925437639805436 -0.12956252532456 0.50762096599228
-0.0499184484943607 0.0826095488508239 0.0773259007412554 -0.0375074704112712
0.0126333157074007 0.0675184687754053 -0.0621419600700377 -0.56161047716219
0.0505411318894113 0.00548901247208429 -0.706246077416547 -0.392981494159879
0.0446457017845955 -0.0215045645023545 -0.673300341785882 0.419531885970678
0.0290003907285088 0.0250916995089765 0.0392079302942646 0.668317126179026
0.00981280008480201 0.0539829533810427 0.38309822157029 0.260008939292846
0.00757490942761029 0.0441026355712677 0.282544682584208 -0.0362698515899393
0.0249073229471132 0.00229693149203959 0.0260434795153417 -0.17909393798704
0.00762480846523012 0.0115425530323138 -0.0514430985086588 0.0941799334111265
-0.0291392221235069 0.0468657015452855 -0.205285776492084 -0.0800126455776836
-0.00485181812801717 0.0299563424193646 -0.197535072891698 -0.377784182985882
0.0351782769607857 -0.0165797443055252 0.321094170044142 -0.511771271466952
0.0625054925185963 -0.0423589947693618 0.767389241192943 0.0204717943464243
0.0598510290389769 0.0533651908012219 0.478689358352968 0.642572208244557
-0.0248276009225601 0.11833367624909 -0.0652649205273858 0.538921848881739
-0.0611252181534758 0.113378811937792 0.0632460416237217 0.0022003135955604
0.00371040767708729 0.09759849653539 0.00783870021411987 -0.546151641992784
0.0587355939200536 0.0214593162849055 -0.622646440374131 -0.53601966436804
0.0574431556685132 -0.0266853950188058 -0.762067579168083 0.264776683778757
0.0320856893307286 0.0197729404533106 -0.090450467212321 0.674009204576912
0.00762765364026304 0.0631775006599398 0.34480039612503 0.336333451507941
0.00402877567837789 0.0510140046072808 0.289312467799856 0.0120725560817323
0.0262943328848078 0.00282529620938919 0.0308705800050385 -0.163460011511086
0.00991328424155022 0.00906270281381117 -0.047783721392099 0.105349089342279
-0.0262314047291594 0.0441714908090721 -0.211524582198468 -0.0404091545790964
-0.00739157792185124 0.0314660444208203 -0.260295847470871 -0.316723680952145
0.0298657857634023 -0.0167223290339702 0.188832292457627 -0.563867840790842
0.0550221554536197 -0.0527436759288987 0.730446836258193 -0.177772606946373
0.0754602620850394 0.0410764107768309 0.60589934300198 0.504593733786136
-0.00949200203585359 0.1230980353182 0.012978614100064 0.560537529534326
-0.0679182615789004 0.124439388410337 0.045280252339568 0.050491575135392
-0.0166579191875431 0.114768804941807 0.0832438139087802 -0.511302298157928
0.0519376656623875 0.042874013030743 -0.491406041333233 -0.677239626962174
0.0605617344733121 -0.0229179033837722 -0.821925916617779 0.0583454449300045
0.0282161710115308 0.0155717556341073 -0.244915826327257 0.643346760211441
0.00093584345693435 0.0644435272757589 0.286642815730912 0.411409638631041
-0.000504070871049398 0.0556456614978313 0.293326926035787 0.0679768249741006
0.0254066217056407 0.00523947314096496 0.0385959404153569 -0.149546040189283
-0.00270215722935907 0.0164318833715279 -0.0386744048840983 0.0968443191423687
-0.00993613564425111 -0.00990433957161646 -0.211495679491526 -0.0969075519217563
-0.0213848158377179 -0.0491392238185341 -0.19355083760307 -0.389724720213061
-0.0387971771819552 -0.0130537714804362 0.334684490530886 -0.478875802055253
-0.0447111552226693 -0.0187906948804562 0.747442824399262 0.0835035937529569
-0.03870290969889 -0.040957011975708 0.422022527788453 0.681714352648378
-0.00212275117488293 -0.094115766981932 -0.0932308123884691 0.541808134191491
0.0265307741141607 -0.113365313008335 0.061286399992108 0.0176170444616228
-0.0214133517257029 -0.0958854579599343 -0.00182291712074448 -0.52522741891147
-0.070958667927715 -0.00457540088961414 -0.652806094955193 -0.487041629106163
-0.0525709879889138 0.0446700238948098 -0.754460303884099 0.306973688356144
-0.0473409957794833 0.0224733922761651 -0.0645629022928465 0.657538711748122
-0.01256772470367 -0.0316427268519896 0.367860424799809 0.308122839781512
0.0178207824825224 -0.00410048271072044 0.306919610811167 -0.00308233153746857
0.00779221175077612 0.0196234664366952 0.0429832415630826 -0.185635085350785
-5.63261942764942E-05 0.0167618476256856 -0.044072499308601 0.0904331992840444
-0.0140056760216306 -0.00155820622258596 -0.19970398235362 -0.123533483006052
-0.0140837476319226 -0.0381923440658249 -0.130469980382535 -0.421229831452582
-0.0224717782753794 -0.0140364441443271 0.435495406105577 -0.405534994579862
-0.025120143489476 -0.0273952811950065 0.734612009046544 0.253866918090604
-0.0215045351482672 -0.0419771770146212 0.293757790684536 0.761061703273323
0.00722827097727033 -0.0756450688151919 -0.148911900260052 0.509716946896184
0.016920145629115 -0.0904012671432786 0.0754317802568329 -0.0243893545958093
-0.0239878226109005 -0.0694482906623975 -0.0672581784821382 -0.542691153975097
-0.052738784747069 0.00489533596519523 -0.72121765161987 -0.36010015282791
-0.0329597385876001 0.0420595031526755 -0.666050327804113 0.440269579911782
-0.0305180105829868 0.02683248165167 0.0527745254146519 0.647553511801567
-0.00496160299199946 -0.0163898134568082 0.396316733030078 0.239503110261811
0.0170038552253687 0.00442377690317181 0.296125142673746 -0.0470500253033306
0.00974598313820339 0.0154382494977281 0.0361296385925805 -0.194503008121333
0.00160833167211184 0.0175930522267591 -0.0487740226386111 0.0861038155765113
-0.0190158309321564 0.0106611190631702 -0.189214196219761 -0.139886985734115
-0.00811454551225519 -0.0238616899873475 -0.0862558935588076 -0.438451696130626
-0.00543126742274803 -0.014227538745287 0.494896907904818 -0.346058477516735
-0.00193836493384126 -0.0299959883062961 0.708095391663034 0.364717087353383
-0.00683202061974558 -0.0264049540001699 0.199716610730186 0.799028203584244
0.00303609201921476 -0.0404575274553689 -0.180289005895686 0.484749538317577
0.00238701952846777 -0.0538006671887825 0.0859612391428828 -0.0552939177155125
-0.0162657009889863 -0.03766476518457 -0.112485810972158 -0.551878078640375
-0.026139237680215 0.00679291493612921 -0.75648172946995 -0.274129438267785
-0.0119087129705095 0.0302456461905882 -0.598234566991567 0.517580660674871
-0.013044995769759 0.0309628513343454 0.126013842508371 0.630552464415514
0.0013602178004455 0.00150877624674256 0.409416941116355 0.192352033678757
0.01497114592381 0.0148907495208597 0.285612280737634 -0.074308248415238
0.0141238752417903 0.0119518872339874 0.0298943323204181 -0.200147362337089
0.00329552068639291 0.0170530248394154 -0.0517854157275024 0.0827819737780701
-0.0235473772483638 0.0250775633779211 -0.184146910466816 -0.143549004278035
-0.0045874957442033 -0.00622007444422134 -0.0697223084540203 -0.442616958292407
0.0116488329224205 -0.0144768968105487 0.51492447404609 -0.331803617414792
0.021473441844247 -0.0284371793190305 0.700113846434767 0.396873336208421
0.00443393531248977 0.000599444613364843 0.17537903890772 0.809375572607786
-0.013417406284467 0.00418997234776501 -0.18546401237126 0.472997521520464
-0.0151970518791093 -0.00673721387344025 0.0899919121087993 -0.0694455450190937
-0.00278852672175742 -0.00329956459725276 -0.12935659089899 -0.557689059867883
0.00223475903549569 0.0022504649477348 -0.763343595653639 -0.247686497244605
0.00872422565759689 0.0128689958125799 -0.573237505209732 0.5418183037642
0.0044803501264509 0.0317383615148756 0.151246061325513 0.628356882760053
0.00669604477081351 0.0206777144122539 0.410866726274456 0.17964815284925
0.01318593804906 0.0244947884320569 0.278070066318928 -0.0840507489904164
0.0184515380485621 0.00776216222399747 0.0259753034721865 -0.198868598595531
0.00430741183244826 0.0158517117020789 -0.0547239590954392 0.0844096471668363
-0.0271538574807538 0.0376574909575976 -0.186280543772561 -0.134343658880941
-0.00394361337492042 0.00967348891853453 -0.0883349680962784 -0.43648136622219
0.0259752778501574 -0.0147435602740998 0.4938732507384 -0.367151560325282
0.0414619255984983 -0.0283983102442475 0.7211013680058 0.342987060361755
0.0175485803724975 0.0295577565416266 0.223060807041314 0.790762394141136
-0.0293316474173527 0.0510668279640112 -0.170594451111983 0.481655525750228
-0.0336440115929983 0.0403490488968244 0.0880154826148825 -0.0636220131713955
0.00894904417460885 0.0328679650721664 -0.11287923962064 -0.561846924157491
0.0294253806181334 0.000276741680506488 -0.749935755622562 -0.289021748258116
0.028018882689872 -0.00623102074572631 -0.601834834532134 0.511358793781869
0.0183634732881613 0.0292639273302354 0.123732653471904 0.644571090304517
0.00943117318046646 0.0388834504003583 0.401803376769243 0.203741577917472
0.0103067128254696 0.0342501675130013 0.277637151557254 -0.0704954706075088
0.0229703843961848 0.00283160091444906 0.0251843161968963 -0.191760805497828
0.0063994752009731 0.0145171200423006 -0.0540856944402325 0.0872304376614495
-0.030253039719529 0.0458536887331305 -0.194886558618351 -0.113259791546277
-0.00409662738730256 0.023113586843187 -0.135033411181141 -0.41655727485147
0.034160199032019 -0.0158303277239419 0.427969985438331 -0.439732373807301
0.0565028976710059 -0.0322603977042157 0.757025085062203 0.210033217379304
0.0369763053848359 0.0503222990290872 0.336833009233287 0.73886705761568
-0.0336830546205743 0.0930843698128531 -0.127646631564529 0.508969559351279
-0.0501933779833536 0.0833109284843272 0.0783843674666038 -0.0380109206507112
0.0128924590495556 0.0679789425374424 -0.0634531912830339 -0.560519511641607
0.0496292177047961 0.00612734192394077 -0.706997522719126 -0.390887369189972
0.0442445279591086 -0.0212068442380806 -0.670968155681156 0.422276945018606
0.0281656437040339 0.025070018123309 0.0440011919910469 0.667734915134228
0.00996739698237329 0.054210890808136 0.385462093234842 0.258303237861487
0.00793880653191872 0.0435010276752683 0.283138761752389 -0.037282910336564
0.0254274501173638 0.00167513594816153 0.0254598621391649 -0.179117592476056
0.00787316634894021 0.0110148918952023 -0.0519996044877492 0.0941753149322133
-0.0294034392911453 0.048698566475014 -0.205368893151415 -0.0790501715089164
-0.00492212355254226 0.0313524104379541 -0.198029791168822 -0.377791324924089
0.0356425524255318 -0.017071303870437 0.319655404499376 -0.515374665680383
0.062098281566195 -0.0426393451210401 0.767249516888023 0.0184371895966183
0.0600056214587467 0.0528624054477444 0.479822019257507 0.640774520719656
-0.023885873393488 0.117999587454844 -0.0619149524907935 0.538211162889355
-0.0615511272532916 0.113165070007799 0.0630689075418768 0.00220233341960429
0.00366292431303976 0.0977841757852151 0.00626877529352564 -0.544544623841609
0.0585354155817475 0.0213397584572165 -0.625324456677775 -0.532991397502075
0.0560263916503464 -0.0279894489596255 -0.759918917323383 0.269084284016112
0.0312566640580073 0.0203418120279179 -0.0844479987427026 0.67573885894357
0.00833626141928246 0.0633651070291263 0.346443447376291 0.334484662199807
0.00395169383297952 0.0509413758153475 0.290659467879951 0.0111766586531806
0.0264737977167042 0.00160759829677494 0.0305869772889185 -0.162799791050416
0.00952784625446255 0.00813598161128975 -0.049009406262734 0.105571262002833
-0.0258953303065232 0.0446173089671834 -0.212781755522337 -0.0400547026487627
-0.00778763626458699 0.0322916608635573 -0.260090990763125 -0.316944315347204
0.0292699990646378 -0.0168559604900643 0.186931221085456 -0.566456197377003
0.0542780672986116 -0.0530276078360764 0.727969839000088 -0.18098319072254
0.0761595862824609 0.0410471952628501 0.607684330925718 0.502527077498031
-0.00875751821561941 0.123023699100247 0.0147309310785217 0.558340417960236
-0.0668909964857342 0.124447433532525 0.0457313679597685 0.0511011067604197
-0.0165522151836402 0.113736293411053 0.0811574625377835 -0.509749669762315
0.0516092852706578 0.0429008300456086 -0.492750634226881 -0.675706089252316
0.0606046043296127 -0.0233494900644348 -0.821654335602695 0.0600631731801444
0.0283438774295588 0.0147454925776642 -0.240834009646838 0.644374663976759
0.00139559995878499 0.0646942683849988 0.287891090905845 0.40920300018798
0.000753753683787077 0.0547327770125408 0.294826335430181 0.0657232454455861
0.0252530729507114 0.00391861774354354 0.0391305530493307 -0.148729146747504
-0.00248039662824769 0.0165614644186193 -0.0402849281697664 0.0965802915474863
-0.010251363511141 -0.009943351532758 -0.211599445769942 -0.0970284427190636
-0.0223496238655949 -0.0497805681146862 -0.196057282410692 -0.388967183860035
-0.0391287019827711 -0.0132091210068917 0.333945457645665 -0.48095187563098
-0.04503252667915 -0.0186004243287374 0.748559161495113 0.0795238152793373
-0.0391684147550405 -0.0410094690173941 0.425708834611489 0.679309093135666
-0.00183626017697957 -0.0929304831822031 -0.0908891277288333 0.543658201871489
0.0254034981861098 -0.114176037296415 0.0622126727561229 0.0180998170657882
-0.0221461453147891 -0.0962028619351757 -0.00549533116760904 -0.526200903515742
-0.0724114361169823 -0.00412324138269484 -0.655625701077964 -0.484374554319247
-0.052877716006771 0.0447059436739118 -0.753546625740106 0.311388711675273
-0.0471689828848193 0.0233286013185061 -0.059976487028218 0.658784645003068
-0.012805333916468 -0.0316921113260784 0.370219889322222 0.306138544020763
0.0181641607263913 -0.00483101292809392 0.308884396122456 -0.00483356834939121
0.00732568302171241 0.0193252666853457 0.0425224196751866 -0.185364889868275
-0.000401596639438814 0.0166767558036246 -0.0448805147911934 0.0901434719888622
-0.0131516700579891 -0.000826533341394697 -0.201353187625604 -0.122114563926404
-0.014555191955325 -0.0383546795932177 -0.1335095485382 -0.421615682736988
-0.023022183020824 -0.0139200726706634 0.433927653763218 -0.409207027902209
-0.0246942598605479 -0.027248514053784 0.735864753438365 0.250357032309317
-0.0215600214610376 -0.0415763037116867 0.29841052206155 0.761133171204623
0.00728822091353824 -0.0749651807722403 -0.146694293464278 0.511492405655992
0.0164229485917701 -0.0900097057520776 0.0759042194491801 -0.0243723979358421
-0.0244141752544573 -0.0687619652213542 -0.0696421087659319 -0.543385132502165
-0.0536499231030541 0.00619886091526524 -0.72481551480315 -0.357438604765853
-0.0327046508753316 0.0418186213084686 -0.664683941890108 0.445317349046616
-0.0304730243023946 0.0281757062506532 0.0574802453089146 0.648777631777728
-0.00545395036638555 -0.0158618599115823 0.400465186403146 0.236443774405813
0.0175889929853893 0.00430949263390938 0.29793898998158 -0.0496519744337691
0.00964445876534473 0.015591045444359 0.0361009593941287 -0.194872915716593
0.00195278115191338 0.0165335872135602 -0.0493713999691103 0.085776075413497
-0.0177588367470021 0.011614427619128 -0.190117761423948 -0.138578893498832
-0.00811200467269102 -0.0237209391786098 -0.0884271368678265 -0.437087053152181
-0.00510205297755457 -0.0141716345427302 0.494437105307106 -0.350566826983173
-0.00223851395438022 -0.0302602316756565 0.71045362433738 0.363922281915833
-0.00732138920412202 -0.0267980986005122 0.205806077232515 0.800230732855894
0.0024406446042935 -0.0392460520763429 -0.177214936960068 0.483874995683387
0.00239441404076956 -0.0533993777195563 0.0859413109525401 -0.0551368050821386
-0.0171940287161273 -0.0377527242904601 -0.115224784551314 -0.551190327616787
-0.0269133145622722 0.00712412468771286 -0.756864790185848 -0.271089165602946
-0.0116932018508631 0.0307914983634297 -0.596323968674378 0.521216127967443
-0.0125304573941574 0.030618959909778 0.130486981021426 0.631665084270403
0.00119032481220898 0.00215578372061569 0.41189804416166 0.188985830376734
0.0164241432065277 0.0146338611944694 0.286589775991179 -0.0774197344298223
0.0136641903898732 0.0112128306663246 0.0306365094068039 -0.20070938126868
0.00379901689544234 0.0171249293011335 -0.0531118650100398 0.0833080142582299
-0.0230442126818015 0.0252036728443003 -0.184509260885336 -0.142612207601556
-0.00491970697457959 -0.00610954396366166 -0.0710852802867045 -0.442054532608765
0.0115683831931311 -0.0144504123768046 0.513628836836845 -0.33501456560871
0.0209101299048729 -0.0279721718518214 0.703109976157879 0.39542857110375
0.00389775741552683 0.00074213885277586 0.179286235549358 0.808832709836812
-0.013500516383247 0.00450912815057397 -0.18325517281997 0.475339154583076
-0.0151164865467961 -0.00721629441381811 0.09024282460011 -0.0689608084765307
-0.00366090358549011 -0.00277712194936219 -0.131019663660217 -0.55658864159913
0.00203051260732022 0.00268297787193586 -0.765794318259567 -0.244275854761989
0.00905171326296022 0.0133687498576114 -0.571852408704256 0.546514322065206
0.00498017049394476 0.0307728803630223 0.156504531222032 0.628042295430773
0.00666211316682025 0.0204926989297696 0.412486311694428 0.176735653655574
0.0147962514808125 0.0248151069386975 0.279047145367398 -0.0857224666786468
0.0178693880386802 0.00718619117822366 0.0262892764835716 -0.199245888695368
0.00511808414848435 0.0160642537892696 -0.0546652303510671 0.0844295452505101
-0.0272975123045716 0.0374761213629155 -0.187734910620843 -0.133999877319676
-0.00409340453702882 0.00972978442741832 -0.0902920560906465 -0.436285925495276
0.0252913200313453 -0.0149156865754765 0.492380047365537 -0.369783088036988
0.0416316058918744 -0.0276432763485029 0.725822481749113 0.340713842368883
0.0169717067969075 0.0298105501446104 0.227223394166368 0.791396181105192
-0.0289600008655253 0.0516486504619996 -0.16693436482889 0.482616295639569
-0.0333529867800086 0.0405582040248476 0.086846497490214 -0.0626826017306171
0.00946746757229797 0.032499917234183 -0.115471869507416 -0.560533829671568
0.0287502425514135 -0.000260691968349339 -0.751375278102028 -0.285096206598973
0.0271184355652352 -0.00601739746262926 -0.600053611617068 0.515135607803549
0.0188026476461775 0.0289854282712084 0.128958993199079 0.64607573040264
0.00936146001191948 0.0390398425772908 0.404897555711607 0.200965530004185
0.011220442590241 0.0340295590602332 0.278795337031584 -0.0727194013407034
0.0223863551744482 0.00271288238079656 0.0247230116446094 -0.192151243380131
0.00663790152565706 0.0140050892551156 -0.0546472889479764 0.0883849001319074
-0.0290668825631676 0.0463201439149069 -0.195567119162623 -0.112522264296501
-0.00387569196956484 0.0235065166162496 -0.137295672874205 -0.415848318562761
0.0339984873166307 -0.0163641066349824 0.426958760615975 -0.441149428959246
0.0559712133694632 -0.0324037884179043 0.758180985253583 0.207314786078917
0.0371539896936011 0.0503727787789366 0.338745252531968 0.738770429162706
-0.0330171696327762 0.0926217894338325 -0.124333954959498 0.51021562524668
-0.0489335963766993 0.0835851925114444 0.0777792247582905 -0.0380092307026539
0.012730749275916 0.068062134185118 -0.0661590270674323 -0.559997216545308
0.0494637031733798 0.00573223025104957 -0.711680205299133 -0.388310305323943
0.0437771465188101 -0.0218750844085559 -0.671929701748975 0.42670354136428
0.0284424011582283 0.0248557071133826 0.0485960693776436 0.667519219297462
0.0100271331357884 0.0542142331494388 0.387147521750215 0.257923081907074
0.00860869319819639 0.0436047653823699 0.283904416633201 -0.0391272516755177
0.0241714841319536 0.00121875727535762 0.0264257472074637 -0.179296499421757
0.00829721893637853 0.0112484594530106 -0.0521161252144057 0.0941223512035654
-0.0287694919781608 0.0482037586867532 -0.205727759074385 -0.0786913882175513
-0.00505210813358927 0.0308438687314535 -0.199634135210037 -0.376713618577055
0.0354188786748285 -0.0172182836400864 0.315046742916726 -0.517341290383176
0.0617367870156096 -0.0429595510363043 0.766989996102976 0.0149542117025676
0.0605410201884931 0.0533636382207243 0.482669712670728 0.636614263950647
-0.0236617932616883 0.117906835732367 -0.0601358923663858 0.537479711724524
-0.061233308660742 0.113768018026833 0.0642618143372191 0.00175876427987894
0.00373171140493404 0.0978974858198182 0.00348349371442766 -0.545533108809438
0.0592674471460884 0.0217811185473486 -0.626641056142619 -0.532201716154533
0.0563231487731699 -0.028236550899257 -0.758984580856656 0.271900812096028
0.0314337616624579 0.0198345686884719 -0.0806551846481717 0.677508934037164
0.00829627290754761 0.0635165363250371 0.3499266276617 0.332650115067812
0.00502302059295899 0.0504457271821398 0.291285113875905 0.00927878127348145
0.0257376892172557 0.000394440479961685 0.0310253771010354 -0.163462634031061
0.00967046083382313 0.00805851478325419 -0.0485874900859003 0.106026321622294
-0.0266666573553207 0.0447727805644116 -0.213257946480981 -0.0384558475194615
-0.00733648655953608 0.0327248979674869 -0.260008054469817 -0.315636510184172
0.0295256703905791 -0.0174559902531183 0.182447804829011 -0.568933405370858
0.0542567795118261 -0.0529104113459432 0.727009000417908 -0.184008026240773
0.0761141335477566 0.0404565422774448 0.60995232749537 0.4982343568832
-0.00797125657674444 0.123018577417264 0.017873032743956 0.559583011661451
-0.0669089456639758 0.125300048930645 0.0457798986290039 0.0508533908948643
-0.0156994295446093 0.114115289645045 0.078356656481338 -0.509903611765346
0.0516152640456422 0.042643878385272 -0.497244552214602 -0.673692008813418
0.0604789202635945 -0.0239856889812599 -0.822399351362725 0.0645030544510052
0.0277607111223631 0.0149910692268687 -0.237636823332794 0.645555533465513
0.00200808101242482 0.0654234595386204 0.291869603026672 0.407826148421291
0.000402731249415438 0.0537709085045969 0.295478897146472 0.064583602731444
0.0252095213112032 0.00376968120460925 0.0393147839744209 -0.148813470701065
-0.00198058905937952 0.0165985145036727 -0.0394493785423966 0.0976172018874406
-0.00986077252971049 -0.00915544419869816 -0.213520439017377 -0.0939198116693943
-0.0228626210762818 -0.0491817992479193 -0.198104626373154 -0.388253517318607
-0.0392232011956645 -0.0132111492880784 0.332548253785763 -0.483824436970033
-0.045793550920442 -0.0176196909113443 0.751121791436317 0.0762790811859941
-0.0392703695915485 -0.0411507143301479 0.429113790885242 0.677670805959121
-0.00247647048453407 -0.0934505140866385 -0.0881252678362001 0.544545804643525
0.0256430209826114 -0.113733668710376 0.061509866658858 0.0172252780862897
-0.0233174695943074 -0.0959398982665552 -0.00755901842528299 -0.526863820455233
-0.0722746078794779 -0.0035683720033316 -0.658720981068862 -0.483594835045426
-0.0523408101033969 0.045164801285765 -0.752891120283103 0.314522532446073
-0.047394231998516 0.0232921220109916 -0.0570660141142053 0.662531680016286
-0.0134323208215547 -0.0316025827554827 0.374227154229366 0.305148871052081
0.0185998410535628 -0.00426806112667152 0.309701941586101 -0.00678214239907833
0.00833096179766135 0.0194218518548605 0.0422901065548164 -0.185763577952314
0.000685481454095135 0.0173140915817331 -0.0452722872693486 0.0904895078922277
-0.0131545936258173 8.78194723815849E-05 -0.201569525363026 -0.121004072037446
-0.0150037168065651 -0.0386061503599693 -0.135275195251183 -0.421290788398725
-0.0227792136924567 -0.0141460870012361 0.433138523458097 -0.412373781027636
-0.025986526530025 -0.0267134467771699 0.738612860447234 0.247802174374058
-0.0225840825353967 -0.0420360969182044 0.30136838332491 0.759089401298576
0.0067838927795236 -0.0742440258794375 -0.143430877156302 0.513093893146643
0.0156585166515252 -0.0902520224811326 0.0755912086369387 -0.0239505686293108
-0.025267320189255 -0.0702328793143929 -0.0719573635676807 -0.543805980995938
-0.053764831132763 0.0058730313518389 -0.727460332020046 -0.354446976487562
-0.0331275374213761 0.0419313773016896 -0.664654642916042 0.448690675172248
-0.0301954575653732 0.0279510392696877 0.0630253999512606 0.649579262007746
-0.00570549429569471 -0.0166002877011118 0.402065765034524 0.234248387961776
0.0175966765699 0.0045730717023352 0.298873325339586 -0.051317966357931
0.0105917817230551 0.0158274157081331 0.0348279190036939 -0.195789395594064
0.00226127170106485 0.0170839890371793 -0.0503760031293927 0.0872152190972815
-0.0178954199972233 0.0115379383840028 -0.191636148123196 -0.138042997782003
-0.00915751460908729 -0.023815324849939 -0.0901032416408669 -0.437237055866846
-0.00555712598224523 -0.0145024646529476 0.494341942801172 -0.354484699618702
-0.00268497291358648 -0.0293959001723989 0.71425820755024 0.361737376599907
-0.00703124653313891 -0.0269348293121635 0.208581992010546 0.800404651656483
0.00337650436476923 -0.0406850218203955 -0.176945189942261 0.485802067840898
0.00229790461731168 -0.0537532562898811 0.0857590777938838 -0.0553818522101329
-0.0167706147275953 -0.0373293498679795 -0.118167298698519 -0.552201122838433
-0.0278832284878176 0.00653495304074143 -0.761838217585842 -0.268371065677123
-0.0116862236232634 0.0312010489594036 -0.595187213295938 0.525630818393308
-0.0120167649143891 0.0311564087703297 0.136873668884064 0.631379713115943
0.00130591686450708 0.00159189444390962 0.414134293629228 0.186361691700327
0.0163459700945704 0.014405958602922 0.287174212222351 -0.0792712915637848
0.0135782134543375 0.0102030742752155 0.0293496539206195 -0.200266817992892
0.00441452912859703 0.0159661658940883 -0.0537945392795385 0.0838354437761602
-0.0229454701204039 0.0253840934354568 -0.186200956513175 -0.141558221027839
-0.00618732078118086 -0.00656366350204505 -0.0738468330992622 -0.443318617102424
0.0116873116021668 -0.0146780389162406 0.51353318953396 -0.33741701694627
0.020684805887319 -0.0287034106583429 0.705099802927656 0.392535089220865
0.00364447476213542 0.000322422335602788 0.183916919405242 0.807321156768332
-0.012620975266076 0.00456463425291385 -0.181822359453913 0.476195541883894
-0.0149583605354515 -0.00768002430446763 0.090001541809779 -0.0691011422695906
-0.00336653990744693 -0.0031710937985431 -0.135416608002165 -0.556723749577805
0.00123633128802471 0.00257628478826811 -0.768632414204175 -0.241401529037518
0.00941499469466028 0.013156477550886 -0.569869844960623 0.549758496620161
0.00485238607421382 0.0312532808180403 0.160080567193156 0.629140981557197
0.00645005844604383 0.0208360598028147 0.414870557837727 0.174788665726186
0.0141668167629388 0.0244675570757305 0.28053746714569 -0.0865426961658912
0.0173968185015149 0.0057891469992307 0.026548441143852 -0.199415473868959
0.00558529402912322 0.015596617173353 -0.0552253943807649 0.0840452038359728
-0.0278270447738046 0.0378306452176944 -0.188610250745808 -0.132767127354246
-0.00433240952902155 0.00988778308416451 -0.0918303201012902 -0.436126334142613
0.0246546105583174 -0.0155503844782942 0.491289265612756 -0.372248480315408
0.0416050021391131 -0.0275716344366884 0.72769847009375 0.337221867999657
0.0169325336165623 0.0303032715070913 0.231475195784029 0.791752103077843
-0.0285614454545848 0.0514273558897117 -0.163692830177016 0.483981786144413
-0.0333962810599681 0.0408826199861735 0.087227173647579 -0.0637438067682946
0.00957118870820886 0.0326163826363611 -0.117641337925435 -0.5598588948038
0.029337817505379 0.00061459088420214 -0.755767047554259 -0.283121764961884
0.027586830234862 -0.00704012215603972 -0.599408678497159 0.518421526884969
0.0195576958832967 0.0280983482740343 0.135413554243683 0.6457784067422
0.0100125343782566 0.0393782962447144 0.407735597430264 0.197148846831235
0.0122820588423354 0.0330031777184473 0.279210358506183 -0.0751199094448714
0.0223430051955167 0.00149676958174115 0.0247989905195653 -0.191657659075947
0.00708245428503844 0.0135124321062169 -0.0554279063737189 0.0888432920375789
-0.0295304496520687 0.0464586218140732 -0.196021515377038 -0.111204799076918
-0.00465944571141512 0.0231575392479312 -0.139362645951342 -0.417053532951797
0.0343524673424623 -0.0166058497329539 0.425181366247504 -0.444229750079642
0.0561530309038433 -0.0329934790863225 0.761613655995985 0.203285031908097
0.0370473285241459 0.0507033767322953 0.34402166379555 0.73748152726499
-0.0327354444343342 0.0934601498967554 -0.123419867778163 0.510619551853461
-0.0491856579693002 0.0836287877143474 0.0784813509064542 -0.0381269446072279
0.0133873668818513 0.0678304647364034 -0.0695490071465735 -0.561175463900661
0.0496763775268351 0.00544315933718483 -0.714051416876251 -0.385090781658606
0.0434361424241653 -0.0221710150649377 -0.67062976312316 0.429312056503746
0.0284271072889448 0.0246213127319992 0.0534770700749565 0.670087889562566
0.0104515275734237 0.05364935016522 0.390497371747393 0.254401487062322
0.00916058554100019 0.0427316688859747 0.284796828129834 -0.0419263454651677
0.0240696545206048 -0.000470999812326537 0.0262975467233499 -0.17910633737957
0.00833385153304423 0.0104553926554542 -0.0530745655178812 0.0961346178228494
-0.0286112536136509 0.0488473282294907 -0.206510190773125 -0.078430069910369
-0.0054734893003788 0.0311961184723506 -0.202268780834918 -0.375465488649459
0.0351252771820381 -0.0175092745454305 0.313284398856535 -0.521256136020989
0.0611322397728175 -0.0428627840110786 0.767220809220022 0.0112002605592954
0.060435592360462 0.0529521959378329 0.48680235555965 0.63521629298051
-0.0228794352384746 0.118339662714022 -0.0572708896531108 0.539648600240741
-0.0598867980328046 0.113645336962732 0.0647103502339373 0.0020812448339221
0.00503631678322356 0.098664508946016 0.00183210130349373 -0.547096608189869
0.0584987513638418 0.022080259917632 -0.630328200345037 -0.528674738371376
0.0565082709396655 -0.0287014468708817 -0.759739631335597 0.277969361036628
0.0317193422420562 0.0196272135547273 -0.076176931277098 0.678071011594346
0.00821526408680043 0.0643312140725583 0.352110521556087 0.330102148979591
0.0053145144456875 0.0506212264235972 0.292970670126538 0.00675815312474557
0.0257897864567436 -7.9780573054594E-05 0.0313552757161683 -0.164000812482672
0.00914704565120024 0.00769034625679815 -0.0494019154884248 0.106471320043606
-0.0251818327435635 0.0458032976907855 -0.213322897758191 -0.0370462690315185
-0.00780891025392817 0.0328101224673199 -0.264028331332177 -0.315604318169503
0.0290560826095161 -0.0178024104023464 0.17877561698827 -0.5704636625333
0.0542368537465901 -0.0533015257614398 0.72879176825658 -0.186999230796133
0.0771727493021125 0.0401014102233725 0.613202899205622 0.494087674185194
-0.00760803809288655 0.123688228261399 0.023086864193592 0.560946704164928
-0.0659826009768717 0.124365955888644 0.0461721200770798 0.0507998240992408
-0.0148117087927123 0.113980219010016 0.0755907830489413 -0.511644836720493
0.0518661000746403 0.0436407657910542 -0.501511553771209 -0.673064230212911
0.0597789437259269 -0.0240628557881532 -0.824492418631293 0.0692191510392644
0.028896420656988 0.014713980205913 -0.234525275958162 0.648856663519619
0.00143654931580544 0.0655049778914159 0.294550872455371 0.406445023240459
0.000493597607061027 0.0534272842542723 0.298123386476111 0.063225229144076
0.0244041851330128 0.00287826974368685 0.0390804633097729 -0.149838310233282
-0.00148112366253127 0.0166418976579321 -0.0399748718039623 0.0981456824252702
-0.00934669146953356 -0.00940916146336388 -0.214862371655286 -0.0931826346086354
-0.0230618429034141 -0.049553006394194 -0.200321656417159 -0.388384869940199
-0.0396308513349761 -0.0120687319595116 0.330513427497863 -0.485930883898305
-0.0464610020615022 -0.0169154147388717 0.752940855733671 0.0716292189926049
-0.0403727397891247 -0.0406559853392354 0.433022157924196 0.676523046011655
-0.00266320223191927 -0.0928226472670535 -0.0830210073708216 0.546188833040374
0.0238341547467401 -0.114611535708638 0.0621282662015758 0.0180159077566422
-0.0236349071103817 -0.0958890266413244 -0.0104661179527999 -0.526487625553696
-0.0726929301448217 -0.0024212992530499 -0.663712222955442 -0.481601111240301
-0.0521038652024797 0.0460532125081601 -0.751996231193978 0.322905414527607
-0.0466700590642096 0.0246742129869485 -0.0509391638612114 0.664140971786439
-0.0134790071435437 -0.0310696776423312 0.377991575848835 0.301671834423649
0.0188464428049333 -0.00485747066410918 0.310954008184475 -0.0100407815753708
0.00807402261782451 0.0181836043874724 0.04123789184621 -0.186436216409231
0.00128340394413114 0.0169532070655905 -0.0460069764725833 0.0911719164723315
-0.0130716753340824 0.000307974834061385 -0.203246794130072 -0.119620678796585
-0.015919311815659 -0.0388956510731078 -0.139180891423987 -0.422040926730273
-0.0237688176919089 -0.0139849409341193 0.43140499073343 -0.417338248671753
-0.025942646532143 -0.0265710900332412 0.741923598871663 0.242257232576701
-0.0225311021885863 -0.041891839059108 0.307558362580523 0.75938304114031
0.00670938554102987 -0.0740271644335297 -0.139953545394864 0.515483725212411
0.0156054713287192 -0.0908768635189894 0.0756977346322327 -0.0250955997583315
-0.0259828368015436 -0.0690017905351958 -0.0755179019582041 -0.543889722817256
-0.0533856320713821 0.00700201965973778 -0.732436201000777 -0.350823429979462
-0.0324599370546842 0.0427223523323771 -0.663899112282912 0.455580200349442
-0.0304588979065549 0.0287641006524832 0.0690260916337194 0.652395520700576
-0.00670692483549985 -0.0161254298548082 0.406602107417584 0.232626852858548
0.0183246007444767 0.00437748228148249 0.299731654264587 -0.0536974929477986
0.0103185303524403 0.0151449063044925 0.0344732874504234 -0.196053892516297
0.00282015398750059 0.017937958894604 -0.0506796339795072 0.0873062662807243
-0.0175243875550943 0.0127015940173957 -0.192855354222694 -0.136650727171418
-0.0103607539463726 -0.0238088492679238 -0.0914416339896077 -0.437772520813821
-0.00486697063657984 -0.0150717205731575 0.492675768080416 -0.357662640406243
-0.00262934726506486 -0.030220394554634 0.716410223884308 0.357319135630551
-0.00817234356235677 -0.0270043592430036 0.214204123755391 0.797977904225363
0.00279145211211028 -0.0396651463207191 -0.171912036103459 0.488182626008198
0.00141390613802933 -0.0539774757595815 0.085189251480968 -0.0556304143546934
-0.017335856301931 -0.0373821615278008 -0.121636225497103 -0.552520014679766
-0.0278443365090251 0.00700030273931987 -0.763985960677586 -0.263054217947032
-0.0112749246417359 0.0308518757928139 -0.593668846709183 0.532531280072234
-0.0121190826586952 0.0307926219687583 0.142811922526336 0.631625829781828
0.000129694760421988 0.00273448963092166 0.417537401861456 0.182883408061733
0.0172716324174475 0.0138392781792205 0.288333776930445 -0.0820602005324606
0.0133094703278702 0.00960505372774957 0.0296836524014124 -0.201508072550899
0.00436106843651136 0.0168777689518843 -0.0544746757955841 0.0852196710530092
-0.0232183977025949 0.0261843381636735 -0.187456559785888 -0.13982802877824
-0.00572345767809071 -0.00693908685447341 -0.0760530336901009 -0.443907375085614
0.0117902640251172 -0.0143819836285314 0.513352477774719 -0.343189940304032
0.0202983067026684 -0.0285871472221564 0.710437981786604 0.388219346633656
0.00316250638349708 0.000667262605883168 0.188987974416774 0.809929994376758
-0.0125267046857525 0.00462156348484021 -0.178029392594491 0.477456125489999
-0.016113544323015 -0.00720448560291207 0.0899862488115581 -0.0701457377281804
-0.00318626913742742 -0.00257669411082439 -0.138827262484191 -0.555780794793479
0.00144684358956669 0.00276145330314471 -0.771564945941985 -0.236992652696231
0.00919802526649104 0.0127337603201824 -0.568606902408821 0.556201737040535
0.00594155653048925 0.0313423288177598 0.166267830415061 0.630029458089706
0.00651145638683106 0.0214909033102762 0.418581934252024 0.171541413004741
0.0154919345693718 0.0241210542702778 0.280718416861553 -0.0911205293391383
0.0179523492978155 0.00531285190087146 0.0256182580633245 -0.200209834101036
0.00563283585673354 0.0150428267516695 -0.0560563923229794 0.0856384471201723
-0.0268436043398122 0.0384665693549355 -0.189796867944182 -0.131890007328431
-0.00463258643769774 0.0103536618991687 -0.094215404239518 -0.437839363889609
0.0251604649896333 -0.0156547370145676 0.490068375901415 -0.37740586958787
0.0409962296312533 -0.0285704209571985 0.731196345703777 0.334873926435436
0.0171761143742883 0.0297779528611169 0.236964395476178 0.7884149001625
-0.0277095822060696 0.0523026251687616 -0.162387237400053 0.48677535595355
-0.0327363332346526 0.0407738316696759 0.0875368568846482 -0.0639002975963847
0.00958460572561705 0.0326900837121432 -0.121525176868528 -0.562601686698217
0.0281883369094073 0.000353375622633396 -0.758657487519263 -0.277530895480686
0.0276181566319996 -0.00777588670656479 -0.597610780798535 0.522032627250485
0.0194570726995954 0.0287355564673585 0.140343720247239 0.646922909844894
0.00994048780392597 0.0391690038340348 0.410931904808777 0.195892658313698
0.0129121152661921 0.0321129065995436 0.280789900395138 -0.0766367703741557
0.0217906353264048 0.00154180751517123 0.0246425895097924 -0.192792265150259
0.00731902899767141 0.0120290247424795 -0.0558987814411413 0.0888999537851305
-0.02868355413697 0.0472301424028921 -0.198163821644182 -0.111197700835838
-0.00458262848769204 0.0234334876489385 -0.142245373592065 -0.416948081191024
0.0334641098795718 -0.0167293323172343 0.422624517947353 -0.448134318005739
0.055407743806878 -0.0330471497060113 0.764164795085866 0.198925721589964
0.0372873735191878 0.0498924766923404 0.34908942277997 0.733146691421244
-0.0322480747692782 0.0932146145438994 -0.117509966632537 0.511746519018449
-0.0484707578804869 0.0848741700263109 0.0782239995489601 -0.0388929177253698
0.0144792910919761 0.0677896829172578 -0.0734363606081332 -0.559956443230088
0.049343205592867 0.00494368799615285 -0.717806715650762 -0.381865488928249
0.044207258453173 -0.0229716700645964 -0.669823576484592 0.436985731389063
0.0295252024134938 0.025006954252369 0.0579058839426652 0.66980041938251
0.0111532935471576 0.0546484988483237 0.3939623971434 0.250484908376198
0.00966962177450122 0.0424600319108977 0.285892300783422 -0.042609379082417
0.0228322329331572 -0.00101412141843653 0.0258150438118932 -0.179790892141049
0.00891676206320795 0.0100526646435647 -0.0535374033426544 0.096450589131533
-0.0277438058702551 0.0489983855485703 -0.207399487868002 -0.077289388150939
-0.00484570448240712 0.0317737969770682 -0.205309003199027 -0.374902791204221
0.0350415649583284 -0.0171015756988487 0.310444005980165 -0.524990172831822
0.0606079109541057 -0.0433115359092584 0.770829006050751 0.00627037123647109
0.0607854874040507 0.0521279121965359 0.490195057431362 0.634265229375902
-0.0223018491362699 0.118566952686946 -0.0538287528059335 0.541410079645779
-0.0606509889021178 0.113961784916687 0.0646978046478415 0.00270376306702893
0.00499773658667907 0.0987771875155699 -0.00260897381667328 -0.547990402423712
0.059617329171103 0.0215949396543593 -0.636165122594098 -0.52733501815214
0.0555987672252754 -0.0290260628300932 -0.761787995108092 0.281828617800398
0.0324266309538704 0.0193755333331155 -0.0704053382378225 0.681178884895236
0.00901796519970652 0.0638767877016901 0.355476900858499 0.327817995028187
0.00542711713519821 0.0496971408422726 0.294150902255857 0.00438720686736967
0.0261150653579048 -0.000966709359006636 0.0313880586776833 -0.165402073175646
0.00990959847335279 0.00707647039975971 -0.049355598954765 0.10763404933606
-0.0245591220562291 0.0460742494863074 -0.214554615435246 -0.0362016178910405
-0.00783174913129696 0.0336125568324911 -0.26452858630757 -0.314192297274828
0.0286637991215941 -0.0176086701394956 0.175552466547798 -0.574830901212378
0.0530416660764014 -0.053424889150651 0.729263172133363 -0.195737063329101
0.0760690929331745 0.0397838363450792 0.615214849027936 0.493051496233677
-0.00648819749472276 0.124176182836906 0.0260204562598442 0.560339884095138
-0.0661646738453026 0.125136898172213 0.0465872054063331 0.0508225186931136
-0.0153546196446781 0.115074976496855 0.0734261418530089 -0.512397709877732
0.0519527843498186 0.0426367256483476 -0.506314177307993 -0.671323309140011
0.0595028168535164 -0.0251729055511648 -0.828549973916753 0.0742312287599739
0.02905925064515 0.0143390822900189 -0.228932921088036 0.653310200902762
0.00265873166235421 0.0651584834510913 0.29755704534162 0.405338013464301
0.00177507551365632 0.052839842841966 0.299111732470024 0.0605791724161589
0.0241867575221385 0.00201676276127255 0.0398717803246508 -0.149646815331594
-0.000531780074576557 0.0166095655690779 -0.0400696653800807 0.0992020737511491
-0.00944933566051916 -0.00846936201057814 -0.216022074979199 -0.0902686450264967
-0.024314968178055 -0.0502313421992124 -0.203395689577998 -0.386944668485726
-0.0395706938546702 -0.0120771090752343 0.328588340168331 -0.491475726980271
-0.0470005571061586 -0.0168532900928387 0.755587307317472 0.0663459299254617
-0.0401028637797005 -0.0404408726568313 0.441996004004713 0.67517091717775
-0.00272635972246862 -0.0930229780331279 -0.0799274455254031 0.548876290068026
0.0237931060304461 -0.114957092623421 0.0621640283445112 0.0172468352142929
-0.0247812392337942 -0.0959236832326709 -0.014066506910479 -0.526037271375674
-0.0729665207796385 -0.00283310330437661 -0.668109475491669 -0.477065867130807
-0.0520010308326018 0.0462367832606914 -0.752697665956783 0.32807823805946
-0.0471823816198947 0.0241837011472295 -0.046355737545752 0.666157096802225
-0.0151457833127772 -0.0310817974696262 0.383006633200362 0.299370142181986
0.0192987303566296 -0.00530709876600346 0.313011525519551 -0.0123460201126955
0.00962465770285637 0.0180385592254611 0.0406114485284295 -0.187614678693769
0.0014804268592219 0.0169607347120351 -0.0456117796236247 0.0919216002155815
-0.0134527883007431 0.000548042502085329 -0.204403649793167 -0.118572599982236
-0.0162441079089384 -0.0387068781735183 -0.141673347639122 -0.422321349021459
-0.0226668407857736 -0.0139930848201162 0.43147992808954 -0.422581763952653
-0.0269840769827079 -0.0264172638315789 0.745875785570077 0.237310463174883
-0.0233693170181785 -0.0416220129824089 0.313758299579788 0.75822926748313
0.00675297934193728 -0.0745372397624272 -0.136894744203951 0.517186690375655
0.0151767313286499 -0.0909964269707249 0.0755321380688682 -0.0250895203969273
-0.0258652135860219 -0.069270233016989 -0.0805005982080681 -0.544188410741918
-0.0544864402989108 0.00714077695530482 -0.735981672988852 -0.345531961441378
-0.0318604820920903 0.0434405401996381 -0.660550964125166 0.461593377949449
-0.0301862536321934 0.0286826882122452 0.074327065412005 0.653808863953402
-0.00703578030785607 -0.0157139807602493 0.40980169315797 0.23064791486148
0.0187305817895882 0.00403278564488069 0.301645817107605 -0.0572220233863523
0.0101649602428855 0.01397443758381 0.0345312161718207 -0.197025436526584
0.00300782287092475 0.0167463992124622 -0.0509686357199682 0.088639082844343
-0.017383029393039 0.0128117154100057 -0.194817090116066 -0.135041616980313
-0.00972341840698735 -0.0237870459348324 -0.0953012696709099 -0.437733656532517
-0.0060272514845872 -0.015070055492692 0.492422270803222 -0.363518144477145
-0.00408852168364743 -0.0294530938859656 0.721628678493574 0.351142798631701
-0.00847974588737634 -0.0270248185637955 0.218952299591586 0.800380219367406
0.00238843773896469 -0.0396689300343238 -0.167969809775507 0.490662925858426
0.0012515601774963 -0.0538254468757809 0.0860842143298613 -0.0561638206479879
-0.0178515852968336 -0.036789437759662 -0.126267970379121 -0.551375007649036
-0.0279974804387569 0.0078194861857285 -0.768881629282259 -0.257161814960131
-0.0113901844540602 0.0310138917278532 -0.591920744121913 0.536707974400664
-0.01162782721449 0.030857925867642 0.146980055057504 0.634291806561809
0.000396207455755907 0.00190007602732125 0.420953017899881 0.181220573862673
0.0182251477576877 0.0139455806353108 0.289219230494072 -0.0853053946982738
0.0142320329381937 0.0089426680073768 0.0288699630857119 -0.202663790687547
0.00486297592746435 0.015648211533505 -0.0549808453973055 0.0857882035123421
-0.0222196430144256 0.0268208390493659 -0.18858394015115 -0.1395244314703
-0.00636216269347967 -0.00647079067526834 -0.0777906372382289 -0.442298253526604
0.010766689969412 -0.0147732861329526 0.512243074169351 -0.348383501745254
0.0191991416017218 -0.0287015294816795 0.715098313304441 0.383696469564026
0.00276428828555803 0.000485246459390597 0.194613309091033 0.808573844567165
-0.0121771792290206 0.0051689918975492 -0.17505381561848 0.481366657858788
-0.0151426605860803 -0.00716587985627664 0.0901444754042317 -0.0702677087699024
-0.00352838589240095 -0.00333990715238555 -0.143078894996091 -0.55771072623536
0.000797769865216394 0.00346327606218915 -0.775262560403048 -0.230569671523203
0.00949287327424451 0.0126919776051775 -0.564928168601382 0.559890092786831
0.00519472357481781 0.0303670774375263 0.173354996593332 0.629822720870374
0.00648045868539175 0.0211583142590379 0.421623571387119 0.168491595531732
0.0156501232574907 0.023110265573359 0.28159162874654 -0.0933598160331046
0.0174975600603275 0.00483986758323103 0.0253592733648833 -0.201806296087859
0.00574963169327627 0.0143757779946087 -0.0565548190545275 0.0865375307775696
-0.02640545506785 0.0385715347170714 -0.191032782772802 -0.13060949400052
-0.00519405343035082 0.0104176207773146 -0.0980419373955418 -0.436813728654978
0.0254707686812024 -0.0157284896369728 0.489693259338863 -0.383625884915823
0.0399614783676833 -0.0289477012427408 0.736184211625942 0.329134007990984
0.0167229768019646 0.0298123384889629 0.241403309009166 0.789443794986879
-0.0273359464595673 0.0527309550393833 -0.157276035302648 0.488313568354467
-0.033403659963367 0.0414359702869911 0.0877159412524818 -0.064252022674043
0.0105355567333749 0.0323436896060687 -0.126293020099531 -0.561777931013705
0.0285206400747611 -0.000252687607471914 -0.763676897913363 -0.273444971403209
0.0272385865510037 -0.00692003913773087 -0.595290498271869 0.53031649937964
0.0206864554835195 0.0284685400026506 0.147068766067649 0.645633668039637
0.00983397942344798 0.0395382014586131 0.414250372539131 0.192876614847934
0.0130623809578218 0.0323947680116028 0.282043430673715 -0.0803420037474951
0.0214548114814069 -0.000587010619396029 0.0241167340352735 -0.193290554513293
0.00672048429499566 0.012257109814973 -0.0563341542037659 0.0900466504691088
-0.0279334760508075 0.0468627984126797 -0.19925940607426 -0.10891605992803
-0.00515418708834037 0.0242977458377135 -0.144931021027634 -0.416279911258632
0.0337894776897477 -0.0169275744274002 0.421901392202115 -0.454457009276565
0.0555082476454389 -0.0332916324876873 0.766769635764385 0.191209026026028
0.037580715286547 0.0500964124395284 0.355649138188782 0.733745974678165
-0.0311359320809877 0.0941223642249412 -0.11604507429121 0.513473379426456
-0.0477554138917793 0.0848643153067218 0.0792960514276676 -0.0387863610213306
0.01392752719292 0.0684989223174636 -0.0776208100331455 -0.560779375991405
0.0500163234869146 0.00501566472315726 -0.722535538434857 -0.376707131960584
0.0438678826597763 -0.0239476550901834 -0.666573629411873 0.441682936784324
0.0290905743330729 0.0245908667079876 0.0657308769593802 0.672968387091486
0.0109428264343918 0.0547191477380894 0.397152953055039 0.248825472370558
0.00958364463944453 0.0420656272017604 0.288181350337368 -0.0459166531683455
0.0230422672958911 -0.00250230192043213 0.0257603381395043 -0.180281247836967
0.00891206252487152 0.00950878595970218 -0.053909142042694 0.0967513967205193
-0.0277507335954889 0.0494170675125364 -0.209673931318103 -0.0760878002245498
-0.00545867581820392 0.0313442825465009 -0.208033388942578 -0.374207576214223
0.0345926496385391 -0.0178681442978017 0.30751496499527 -0.52895213417941
0.0611152716896546 -0.0446006888401544 0.771968703216936 0.000212648306209684
0.0610196933981318 0.0526933654733901 0.496760286888611 0.631688313613081
-0.0214697019504481 0.119871490221129 -0.0489356491667438 0.542168597921541
-0.0595752522989615 0.114162613298437 0.0638704616311591 0.00279359691717292
0.00604134789961071 0.0995541321869469 -0.00516139104555594 -0.548072616873022
0.0592840326850214 0.0214544915875117 -0.641148266050847 -0.522568181722223
0.0560162835647853 -0.0307195218639543 -0.76043110369648 0.290805089326384
0.0322021261310785 0.0194037535593208 -0.0648092865240929 0.681485419347145
0.00886143890117886 0.0643901693164034 0.360265797279682 0.325472548749902
0.00629962251384439 0.0494059896302561 0.29634150717236 0.00238720766252867
0.0245194050141142 -0.00131272601344894 0.0312539504850356 -0.165416153781825
0.009657786962582 0.00741688182763835 -0.050609146027862 0.107429649140731
-0.0243501750468872 0.0462212746738038 -0.215650786505182 -0.0350303375630788
-0.00772578596119407 0.0336547289237807 -0.269664984908689 -0.313578130094729
0.0287675613919779 -0.0180867700639857 0.171388765813374 -0.576632262172419
0.0527186969634674 -0.0538868854583488 0.728876804166471 -0.200390955912124
0.0763281539032964 0.0390617111210282 0.622230604731305 0.487945227353595
-0.00480403302900524 0.124699168142523 0.0302853669998034 0.56190965879614
-0.0653075842273703 0.126732676358875 0.047607110165013 0.0510218820453745
-0.0136218466914345 0.115838491163903 0.0707675681967156 -0.513287273362394
0.0525041656252657 0.0432707760398445 -0.513138953439106 -0.670457946052464
0.0592285407564618 -0.0257867735753542 -0.828107991913481 0.0810934251792014
0.0284397278157517 0.0142819373161495 -0.224397917953061 0.656393883696941
0.00218880437058103 0.0655117567132099 0.301714346944393 0.404370436304447
0.00235811142609094 0.0529734190036091 0.301876161290087 0.0578747556351935
0.0243030167918842 0.000406583186608835 0.0396346657475449 -0.152067269102458
0.000104869168164992 0.0169404167310766 -0.0401912326126182 0.100282815417075
-0.00938803191979633 -0.00786030812591071 -0.217153801132845 -0.0886759051952218
-0.025561886647754 -0.049227105348891 -0.206479233435213 -0.38726286524099
-0.0395059541028675 -0.0116047691133464 0.324823371267415 -0.49620226416616
-0.0472284353948262 -0.0161763663969004 0.757972329279557 0.0589091997890189
-0.0419114845693407 -0.0407032576806704 0.446012428481467 0.669564265486177
-0.00384428626349415 -0.0911710382182782 -0.075836793014849 0.55180952772042
0.0231567193558415 -0.115351451503466 0.0626382665927554 0.0168538881004623
-0.025842352120841 -0.0951094188766366 -0.0184603335661635 -0.52840221530878
-0.0738300470237432 -0.00111821770602634 -0.67474863832695 -0.471365863244906
-0.0523281342354922 0.0470529452131441 -0.75229085967033 0.337623458254857
-0.0468115216150798 0.0250238047211812 -0.0373751112292755 0.669193256519478
-0.015589962372924 -0.0313472790172578 0.385949399822221 0.297282186149521
0.0202024112516455 -0.00550013730157441 0.314742770655075 -0.0164305640826194
0.00962015930102439 0.017685267843443 0.0406177923732036 -0.188134584728704
0.00149512073707487 0.0163364072125682 -0.0461997413471782 0.0932126556797026
-0.0130872115527228 0.000284809967301047 -0.205893250433713 -0.115718040279549
-0.0176404616630481 -0.0390538144943369 -0.143941199062106 -0.423351228280971
-0.0237444176932581 -0.0133622426991323 0.428686377199519 -0.428141448628369
-0.0276945649978704 -0.0258779945710047 0.749210063008502 0.23148253123819
-0.0242232672362727 -0.0419360792894371 0.320727147818905 0.756880657479002
0.00669515970801854 -0.0750022811382779 -0.132960874553851 0.51974457051741
0.0141512390560141 -0.0913783109922367 0.0760490713912479 -0.0249435973206035
-0.0265225902231181 -0.0690448338963489 -0.085342492287265 -0.544307618094127
-0.0545137938673045 0.00737925589450445 -0.741122341673448 -0.340107517314244
-0.0322154424273958 0.0431355832417305 -0.65881024541776 0.469804612440955
-0.0300395178439835 0.0283937456835038 0.0808909471974824 0.654668158995691
-0.00719207863570436 -0.0156763980899978 0.415440168593986 0.224815860280697
0.0195365335213635 0.00387117458149162 0.30252968882305 -0.0602671771176029
0.0108271724225436 0.0139441559271005 0.0332903362730686 -0.197672091615451
0.00415428015231248 0.0164962226939816 -0.051512286628653 0.0887592186829723
-0.0167013361938609 0.0129981443219053 -0.196113430754032 -0.132532361985068
-0.0107788203677415 -0.0236348904159876 -0.0984883103168763 -0.439052602618115
-0.005911787733235 -0.0149574686797325 0.491381420902509 -0.370124838719099
-0.00438407767192131 -0.0295132207171939 0.726081933453915 0.346681980885661
-0.008687454580008 -0.0274843445765098 0.226647294358769 0.797717840390383
0.00270905306969275 -0.0404259793730639 -0.163638665693061 0.494065499610405
0.000642564037624036 -0.0538677563441328 0.0856814667238992 -0.0559093964674128
-0.0171256962955066 -0.037115596529731 -0.130328575236921 -0.55258815185681
-0.0277506039813127 0.0080185515403326 -0.771725621775116 -0.252366543236873
-0.010966257465375 0.0317784710209115 -0.587184041067318 0.54489280018792
-0.0112682230897603 0.031862794356431 0.156941923023397 0.632769345969276
-0.000277777215317358 0.00202615543713895 0.425174296655528 0.177424845431771
0.0180237793054777 0.0136396813932882 0.28957101756357 -0.0876593304786271
0.0141063940653659 0.00925032237610483 0.0275059741268571 -0.203806462471232
0.00536993784048808 0.0154521081100121 -0.0549318398690454 0.0865541462753193
-0.021657755276885 0.0271036748453201 -0.190791960817846 -0.137525087925985
-0.00744569167875468 -0.00669689539343488 -0.0841164388556383 -0.443145317679305
0.0107738369973733 -0.0161014152019624 0.5107509473405 -0.355599265761638
0.0189451377108485 -0.0290783393841032 0.721648029636049 0.376612490305749
0.0022559230415746 0.000200284034101163 0.201277964975441 0.808209981823759
-0.0124669453370998 0.00535029523648035 -0.170118909129539 0.481840824574563
-0.0158007808020567 -0.00711210140794029 0.0904679410902725 -0.071314021653482
-0.0038192926615001 -0.00265954347411059 -0.14825003006909 -0.55710178250678
0.000781917343087236 0.00343043640518569 -0.779364458080549 -0.224944189855363
0.00907116969365597 0.0122405251099025 -0.561796517578676 0.567087976424377
0.00591488742446081 0.0313395072820678 0.181615998508335 0.631098067571409
0.0058919598471232 0.020388728907221 0.425554713778042 0.16413452776119
0.0167975760168002 0.0235404989421649 0.282122094038668 -0.0955344547762512
0.0180303088326563 0.00327574165168249 0.0235578569314931 -0.202375791656032
0.00616765383126158 0.0147245606925242 -0.0569128135226488 0.0877593965894092
-0.0256237982615618 0.0394396715188807 -0.192507745484793 -0.129486731546923
-0.00549627127668921 0.0101038897155125 -0.100602183152728 -0.438999083435477
0.0246818783773957 -0.0163924890728636 0.485751812464898 -0.389017201618473
0.0399909688025708 -0.0288657514492915 0.738945483889698 0.325289310932395
0.0167350576645424 0.0299900277536662 0.248133053123807 0.78893752176713
-0.0263916798660851 0.0528140167569588 -0.15250401519556 0.491549104790842
-0.0329485876120484 0.0420542634638076 0.0877291394718876 -0.0648946189764149
0.0104510772748899 0.0326804204484976 -0.131470439319128 -0.561353826217331
0.0282344967843542 -0.000103588539058556 -0.767316102365663 -0.267795241380316
0.0274249278723115 -0.00813432117515426 -0.592916194812376 0.537616231948288
0.0204865994198042 0.0288753847788181 0.155851177546012 0.646184261489581
0.0102260596765615 0.0401197274780418 0.418797143548765 0.18858855084688
0.013529032993046 0.0326620293449202 0.283782546917405 -0.0829982623451979
0.0205714308127302 -0.000544143514655554 0.023234565227645 -0.19451056710342
0.00701801104403183 0.0114630092323173 -0.0561751451281658 0.0906634270944903
-0.0286398221865793 0.0466037141711495 -0.201262329793076 -0.107748927242988
-0.00491120330148282 0.024014295016915 -0.147620185984557 -0.415929784459588
0.0333816536086237 -0.018127350834019 0.417442226087149 -0.458855997299959
0.0549710185795261 -0.0336319515222765 0.771375567212769 0.187052276783724
0.0380409997439973 0.050069224219671 0.362840250066738 0.732503669387766
-0.0298912756889834 0.0947327384601543 -0.111782937014959 0.514439837190079
-0.0477558488013506 0.0842962183971255 0.0789335630065418 -0.0392812730476153
0.0150002464240789 0.0684027273291448 -0.0827418253222657 -0.56174253127677
0.0505132860808572 0.00508809775621997 -0.727173596095499 -0.373460469009208
0.0434705022104303 -0.0242956147684832 -0.66645240487998 0.451717359282044
0.030077031146213 0.0241674169610084 0.0742550151186836 0.673260004901354
0.0115346539867801 0.0546256293768923 0.400959957928869 0.246427972977237
0.010799428355762 0.0415714172747131 0.289253095257541 -0.0491029327609215
0.0230253146017722 -0.00291761295425217 0.0250092820390363 -0.181681859110896
0.0086764210798742 0.00920651787039939 -0.0542672218662582 0.0985785186467389
-0.0269607435308089 0.0495429770410921 -0.210307822602603 -0.0737030588444573
-0.00543420165552764 0.032455673128781 -0.210563553760717 -0.375058339396888
0.0349907445462629 -0.018257505598645 0.303926302791823 -0.533451131925005
0.0596851631957014 -0.0445697014960814 0.774924625998566 -0.00584927440367698
0.0618808714171805 0.0519883966078825 0.5034276352248 0.628068726029325
-0.0203739368225253 0.120018987109951 -0.0443143433953144 0.543532705566054
-0.0587737213897302 0.114741032060486 0.0649088150270313 0.00162686968863119
0.00687471050051689 0.0988003752146128 -0.0119607875220697 -0.547771592887971
0.0588838337526912 0.0215580599216937 -0.648349515235295 -0.51900898525512
0.0559887824798823 -0.0311834455932781 -0.761167406839472 0.296146676772032
0.0330151664599478 0.0188938870864715 -0.0576085529791906 0.68473646619184
0.00907815603548825 0.0650282966185479 0.365003281572843 0.322770460026887
0.00651383901789837 0.0489496689713916 0.298307871028989 -0.00169383890501764
0.0236960730825031 -0.0022723763159661 0.0312823874938525 -0.166832627258673
0.0100529387312255 0.00659473299858223 -0.0510786703818931 0.108473513155659
-0.0243700824576387 0.0467120741818498 -0.216288447763838 -0.0332292875360657
-0.00716037186551186 0.0334982409824799 -0.273037548662781 -0.313077888300604
0.0283007768081847 -0.0180981214147085 0.166092793603854 -0.581238161960711
0.0527228835049982 -0.0543242258381348 0.727321657841184 -0.206702611763756
0.0772007137279683 0.0384387890227085 0.627021442696428 0.483565167746984
-0.00383641057350774 0.125385815252987 0.0345263180201674 0.563949942560651
-0.0643435915508226 0.127020962607599 0.0476392399681755 0.0503304007877645
-0.0131750805322557 0.115428460836585 0.0657442599638022 -0.514471348416137
0.0525769201352075 0.0429233661480745 -0.520497603117835 -0.667210634527504
0.0590892768620065 -0.0262447468133088 -0.832270784722248 0.0904181650365785
0.0294879628900375 0.0140100699595978 -0.216326121949162 0.660464387667824
0.00277114377857268 0.0666160070053548 0.305330965110238 0.401863901674982
0.00230555392470182 0.0532254669337929 0.303146136482482 0.0555224617504607
0.0234730964441522 -0.000134551930245029 0.0403000007490062 -0.151922298319612
0.000479156980893554 0.0167698592646724 -0.0405813699238557 0.101529478567683
-0.00889891961696242 -0.00747975075271992 -0.219509378319786 -0.0859251826907158
-0.0265030627691446 -0.0492420786259749 -0.209205430459064 -0.387041672504955
-0.0402428593031216 -0.0119106478138996 0.319965596249457 -0.502500352785265
-0.0483531120353013 -0.0159668600910384 0.758783543907601 0.049632978994821
-0.0424257835740226 -0.0400737143386766 0.454025544018823 0.667259857195867
-0.00443568057477727 -0.0921217402465657 -0.0690415113675412 0.552235061456526
0.0216804329488697 -0.11528154486099 0.0634336741534546 0.0165838251435329
-0.0266918749334066 -0.0950339330380759 -0.0235810403243402 -0.529431784668812
-0.074552479810736 -0.00122435288158575 -0.681759989765525 -0.466000876391851
-0.0516114556638992 0.0471145619813741 -0.749177948207033 0.344962313315408
-0.0463050633208417 0.0261831136025593 -0.0292380561224004 0.672796277620414
-0.0154614858785019 -0.0316350339329522 0.391593512972957 0.292581833772468
0.0201962864655467 -0.00587234856980633 0.315833822507545 -0.0196409861392451
0.00979527306904085 0.0168169509317981 0.0389404701823367 -0.188717004368532
0.00206225160071986 0.0155621150884252 -0.046287875593498 0.0948509836967707
-0.0118969151198498 0.00164881741489124 -0.208308823842489 -0.114293473452056
-0.0178932961662307 -0.0387061451672562 -0.148980772616369 -0.420843260479681
-0.0239563309469358 -0.0133030905726256 0.424883520015551 -0.434179946586729
-0.0283847610824963 -0.0256450869213681 0.753792531193289 0.223564580212016
-0.0249524179171457 -0.0419011440050782 0.327334967349223 0.753138215668117
0.00681445732118707 -0.0743151868141712 -0.126832127347911 0.522626295801253
0.0131458868752176 -0.0917902419936988 0.0757145260960845 -0.0259354576471116
-0.0276361469000224 -0.0689346391287572 -0.0897257824612564 -0.544017970036174
-0.0543261672040859 0.0081243207845874 -0.745623208404367 -0.332225859148043
-0.0322814705611141 0.0443852374944899 -0.65649666202436 0.477657166778724
-0.029163980362426 0.0296975855981415 0.0894933527091063 0.655666018050455
-0.00755744328184278 -0.0158228776272099 0.418952061234261 0.220842577856112
0.0202513796181024 0.00322988168208975 0.302956283706322 -0.0632277560772996
0.0115553912284218 0.0134018980765562 0.0318803167418391 -0.198511683180941
0.004461036546419 0.0157072803940632 -0.0520175754850627 0.090058760973366
-0.0166112537312242 0.0134401913259074 -0.198176093813536 -0.131917020492075
-0.0121612753503838 -0.0227120283286493 -0.102964768715462 -0.438001217911983
-0.00596429842352433 -0.014559022490009 0.488382966100464 -0.376519198146726
-0.00505517933093784 -0.0299237054927184 0.733051392110992 0.338189635950353
-0.00987126051862974 -0.0268156608074858 0.236850297090478 0.796565369778316
0.00323224139339954 -0.0387821277552308 -0.159277878395083 0.495154700055119
-0.000192732179701766 -0.0538328736457016 0.0852682317005046 -0.0570167390791227
-0.0186542689867557 -0.0367083291102758 -0.136773175868252 -0.550557406139438
-0.0281972914717039 0.0091457806560459 -0.775393205094526 -0.244514175453375
-0.0110895187841062 0.0312932591015061 -0.584205248482884 0.552467509816451
-0.0100792647627665 0.0314276498270916 0.165424765886625 0.633393822615011
-0.000269524784720245 0.00184542854254303 0.429501505392264 0.17164320034946
0.0193243137776472 0.0131737541912142 0.291015156516966 -0.0910708929683922
0.0140658678698935 0.00834480740035673 0.0263057413773179 -0.204289974884322
0.00545820612004819 0.0152591548563447 -0.0547354845923837 0.0882235174576124
-0.0212866658787659 0.0271931149817839 -0.191847576416124 -0.134935213617471
-0.007613771562808 -0.00659490970058481 -0.0862490870719559 -0.442930386231176
0.0102511026761281 -0.0162472325699876 0.508289321494234 -0.362455365694969
0.0184722791724498 -0.029397265321531 0.725420640177827 0.372507287739193
0.00243267671594678 0.000328069208283571 0.209870050221672 0.807566094215407
-0.0114423354146884 0.00542814710741437 -0.165872163771526 0.485167662356138
-0.0158345119506334 -0.00767385851852683 0.0903197836404946 -0.070813859111177
-0.00328335296464534 -0.00247183578147207 -0.153048693399143 -0.556329561221344
0.00106363810381299 0.00332585268462875 -0.782134011723498 -0.218016796899302
0.00961570710860835 0.0120615927449356 -0.556459434846502 0.575559808179137
0.00738731456616473 0.0309097044890908 0.188874977349414 0.630398545946458
0.00602045757185053 0.0216651566720646 0.428225241342772 0.157297649453568
0.0167994825801121 0.0232533633265112 0.282944553035754 -0.0994874961688359
0.0173084465903485 0.00288643539530977 0.022372856011293 -0.203348827604478
0.00602615522374098 0.0139496839835515 -0.0578585972737976 0.0891963055362037
-0.0243743477021546 0.0395313766042758 -0.195194629512929 -0.128142497654025
-0.00566017811633466 0.0110463145313274 -0.10432029843869 -0.437308196475576
0.0246127138832532 -0.0168314054642491 0.484277280545848 -0.395131009766141
0.0391589734747058 -0.0287889583072628 0.745739758297081 0.31669086392782
0.0166055749267861 0.0298740672587312 0.258322606557567 0.788911902041253
-0.0258263445315874 0.054084668804735 -0.148457552264729 0.494097356082898
-0.0320646522536274 0.0423397182309442 0.0869714738293109 -0.0656963476276988
0.0104767549561948 0.0332896508942478 -0.138197457549317 -0.55969824894904
0.0284181130205104 0.000387995495027996 -0.771541324272208 -0.258339104045249
0.0276004371186067 -0.00808377146502548 -0.589240939405828 0.546134519429904
0.0207661901130236 0.0288394782864709 0.163180180464339 0.645250329052519
0.0102684426656124 0.0395039563560322 0.422075783072239 0.18514887265071
0.0138907975799936 0.0314558309989033 0.28255840861224 -0.0865997030160475
0.020465221070757 -0.00102619933071491 0.0228043028209691 -0.194467342012129
0.0072294994627966 0.0110235351118425 -0.0563693933969793 0.0920037690977898
-0.0268469701566648 0.0477480649260921 -0.202520666443831 -0.10629951571436
-0.00400136944019474 0.0249728758851081 -0.152109134967654 -0.416688662692348
0.0331002067840677 -0.0182641520056598 0.415419365755338 -0.465807899265735
0.0546227842034457 -0.034687820350593 0.7757126394983 0.179334293257261
0.038551780957549 0.0495728994997956 0.370122367162043 0.730391250785905
-0.0288307273152332 0.0946091836733814 -0.104222696610609 0.517188750598155
-0.0471036053450615 0.085671335983538 0.0794915729783086 -0.0395773986037273
0.0163754753552439 0.0687824064012121 -0.088107206022975 -0.559537346506661
0.0494909517604959 0.00384012816814258 -0.734248154652636 -0.363903961927696
0.0432213227450773 -0.02513920381216 -0.662033583394878 0.457918230603322
0.0305576903424091 0.0247787676337349 0.0813916521363776 0.67336670932114
0.0124106931281063 0.0555350506291633 0.404957211583811 0.241258996370553
0.0113244219357978 0.0411764958910612 0.289678969263542 -0.0530377242148288
0.0219053228740346 -0.00418192672125459 0.024112263427621 -0.181443278507219
0.00820935647853106 0.00808768462777259 -0.054032942330834 0.0995182313273688
-0.0268093350458233 0.0501984584613782 -0.211929247388265 -0.0722005300614257
-0.00548288744304875 0.0326620704712564 -0.21493221676035 -0.374487660970644
0.0342909890231656 -0.0188613564198568 0.298710254116431 -0.539438836711899
0.0596476124071121 -0.0451619127010533 0.775099377825813 -0.0145095632370401
0.0626412759494168 0.0517098626984009 0.509911037050297 0.623414367338999
-0.0187701480043571 0.120366882528107 -0.0375625551673938 0.544722170936989
-0.0579940543263262 0.116022726558424 0.0651882745126446 0.00247931795632983
0.00824300915952738 0.0990677876986642 -0.0166660609946914 -0.549377728882469
0.0601280852180858 0.0207247799766967 -0.654961740102195 -0.513354200899886
0.0556800778014476 -0.032072371203216 -0.759057612270106 0.30616188549137
0.0337090605628378 0.0190153445968167 -0.0491826431661523 0.687747136555816
0.00985168610493849 0.0655001413414353 0.369901091383716 0.320482458401932
0.00743339252714895 0.0485837435334244 0.299737587015223 -0.00448395586168232
0.0231786863544726 -0.00318388922906823 0.0305697284783165 -0.167631966896052
0.01010501211649 0.00557337294468637 -0.0500961345899175 0.110395147130878
-0.0232572346691525 0.0475119816739405 -0.218039726160966 -0.0313214163688308
-0.00732724074389676 0.0348764636284399 -0.27617320660143 -0.311704639491053
0.0277424355474058 -0.0187906353113258 0.160176494331242 -0.584711846723944
0.052036160929271 -0.05433730409619 0.726637130666737 -0.215836710118707
0.0775817401889237 0.0385574943016286 0.63187831762213 0.474969970718661
-0.00229883299444306 0.125518245827259 0.0420742256914478 0.562079127846383
-0.0635359532616358 0.12721724441851 0.0497940455433354 0.0509851255248564
-0.0121949485679629 0.116268308096272 0.061106233813915 -0.514857286218765
0.0533927879986502 0.0427752336312213 -0.528521319410278 -0.6617777544709
0.0582809400902915 -0.0279683536813587 -0.832034369531273 0.0991351681628492
0.0289799096416307 0.0136696181342063 -0.211589469516287 0.664632917140587
0.00396546822396556 0.067481278286373 0.312257855928432 0.399240751013522
0.00305518415110007 0.0526472441909642 0.305576973851184 0.0520733893061657
0.0227571123055532 -0.000895317496072985 0.0402018282769934 -0.153272159345882
0.000882725319862945 0.016468443045242 -0.0405035945902897 0.102889282885983
-0.00808950730853963 -0.00644107199904561 -0.220017694524992 -0.0839289214954657
-0.0274595464590747 -0.048016669824419 -0.21465427911411 -0.383952031144014
-0.0406627853171927 -0.0111507014181096 0.316242386331529 -0.507532419535345
-0.0488540660789323 -0.0156855385107599 0.762401617086936 0.0414976434319738
-0.0427874122297559 -0.0399446811419548 0.46129103448974 0.662396122099843
-0.00489856231359748 -0.0913274748612211 -0.0624135612421023 0.553263940091981
0.0208014532468034 -0.116350331519238 0.0634708979051266 0.0162547525581656
-0.0283426546991175 -0.0943943974532661 -0.029895952818786 -0.528973875260916
-0.0748862447735985 0.000999895168236561 -0.686982633228342 -0.457850947272049
-0.0505118098555825 0.0478148081611598 -0.748941745394202 0.354319710152605
-0.045042219328748 0.025949070189753 -0.0219846807632446 0.674837131189811
-0.0162134590051894 -0.0305762742796987 0.395372368750454 0.289422891679733
0.0199930759390578 -0.00566594165430438 0.317211927323216 -0.0243520973593575
0.0101085109580886 0.0166946184661452 0.0381852985150451 -0.189977010182915
0.00366545700189794 0.0163241197616217 -0.0467438632376236 0.094516539936972
-0.0125066246468851 0.000921493736108696 -0.209671357789115 -0.111316798194678
-0.0188736729269765 -0.0379181448681642 -0.153214603877606 -0.419902276700218
-0.0237664866531698 -0.0129550665439164 0.421403622044195 -0.43976958756138
-0.0285893103793268 -0.0254383716405983 0.756946156249755 0.215385860440709
-0.0257089535647699 -0.0413587014818314 0.337542311764004 0.750136881180349
0.00557639450939125 -0.0741411773929081 -0.119231971782474 0.524360597611427
0.0123867977529557 -0.0918066066343917 0.0759426130748548 -0.0271403656026231
-0.0287736661170402 -0.0688399487065682 -0.0965662514522111 -0.543531914847151
-0.0547486861088847 0.0091083947100698 -0.752034341027932 -0.325097711566455
-0.0305986706199725 0.044172765577618 -0.652587531200275 0.484761930245157
-0.028735491737235 0.0304351601065769 0.0987524490815396 0.656053189589066
-0.00869614103961024 -0.0159771443974513 0.42192010954374 0.216608868935467
0.020301631691559 0.00338773310925208 0.304398023528689 -0.0681035861008962
0.0115248077579175 0.0132997243089264 0.029229038408932 -0.198878254391711
0.00441251505040751 0.015546229450612 -0.0508458718149449 0.0915138714245498
-0.0160403600034568 0.0143418866629692 -0.199626514718589 -0.129242982332821
-0.0127648270620595 -0.0231597279267017 -0.108135589026891 -0.436892423369729
-0.00630743165642185 -0.0147812655394391 0.485417398399825 -0.383494477140239
-0.00588237039327209 -0.0290615194181974 0.735435001231132 0.332992540267939
-0.0102262422421143 -0.0264865317318451 0.243651931455086 0.794075958621255
0.00276192508520196 -0.0394148808890579 -0.152605951898989 0.498939644878945
-0.000288194409698549 -0.0536580313346805 0.085418222147258 -0.0584574325977773
-0.0188711418562 -0.0358376219953092 -0.142113339331638 -0.551212594902136
-0.0288012745646924 0.00858720969897435 -0.780416411878998 -0.237238461439935
-0.0095163644061105 0.0309714084728123 -0.578002439622635 0.560098632269432
-0.0092279340898887 0.0318117550436774 0.173453641188154 0.63283623293991
-0.00040098957611472 0.00180072803506696 0.432597656857626 0.166458221109886
0.0197125902801911 0.0132290192156012 0.290876185295158 -0.0954325355879675
0.0141539972184386 0.00751810225791825 0.0244850816269262 -0.204575710257687
0.00608470670867346 0.0149332809163579 -0.0551592487514885 0.0889318113170487
-0.0204658492021767 0.0281265451569705 -0.1945635882084 -0.133785932873529
-0.00823319998544561 -0.0054500100421988 -0.0920823156487259 -0.44318898762353
0.0105161113244664 -0.0158423059178997 0.505877701874972 -0.369086118582789
0.018460974079578 -0.0287328986053801 0.73029501684049 0.363090990119206
0.0017351768386548 0.000617841937604465 0.218875271149662 0.805744451917712
-0.0116239723157176 0.00645189357424453 -0.159563587311443 0.487021730953949
-0.0155792154184612 -0.00653033857412616 0.0895772356796536 -0.071823982392225
-0.00335229020046389 -0.0026318925188809 -0.160103543770679 -0.552502192258989
1.54128394972107E-05 0.00294619895705988 -0.786876196605064 -0.207154677769154
0.00881768590322276 0.0121682592868739 -0.550042199586801 0.583790959605821
0.00728347440461928 0.0308638198294734 0.198414659345528 0.628087082991822
0.00648984561044835 0.0217142483168206 0.432046244724425 0.154140117399284
0.0174951477325938 0.0219262063976771 0.283171468685894 -0.103742393790383
0.0170727215984107 0.00250394010321155 0.0212471682945676 -0.203465985939567
0.00692061622073821 0.0130920206894687 -0.0570727261318137 0.0900074826425904
-0.0244757604821342 0.0403140241247139 -0.196628703261937 -0.125562733722025
-0.00626743430205171 0.0109587653971264 -0.109325231826273 -0.438252537888145
0.0243576096383639 -0.0173884550603419 0.480993265677625 -0.402224960543811
0.0390781941967247 -0.029926390741552 0.749568078671534 0.309222743482861
0.0172965776798381 0.0295634048680488 0.267991584914284 0.784888232120086
-0.0253025626459886 0.0540579032531838 -0.143496040328473 0.494621131869663
-0.0317580004235469 0.042708846667931 0.0867335537924473 -0.0662227943751796
0.0109290048633148 0.0333615448317568 -0.143553374874333 -0.558687126738284
0.0283870620915533 0.000398001373826777 -0.775977260804503 -0.251083492528812
0.0273302321859723 -0.00943156657411604 -0.582788425138966 0.552676532854082
0.0221138594627038 0.027887798518192 0.171995908895771 0.644539598774547
0.0101665645186387 0.0404494253979813 0.425627694989814 0.179921405671296
0.0151516086583088 0.0316920063032354 0.28387470894277 -0.0901134746901434
0.0197505102670349 -0.00184344382887901 0.021183306932962 -0.195705866820369
0.00742422120422132 0.0105945917970685 -0.0574909734931256 0.0933841765902435
-0.0259451805604881 0.0477498924899479 -0.204470374695771 -0.103718989839908
-0.00514941965804191 0.0248219853542967 -0.156410342011909 -0.413952581152045
0.0329405854950729 -0.0186991602498096 0.409248502875319 -0.471859210219344
0.0537805135308772 -0.0352554924683431 0.776346642879418 0.171185892435447
0.0384829234882804 0.0487089778909332 0.378284954284485 0.726702984586137
-0.0277275509630617 0.0951142933755689 -0.0987990811645427 0.518565861536756
-0.0457453296714074 0.0862190698505759 0.0784284879801082 -0.0409848746071155
0.0168211336109359 0.0691481785381294 -0.0945052581502351 -0.55955382817066
0.0510600211221923 0.0049327707237968 -0.739483220247534 -0.356319332033109
0.0426229173258074 -0.0252091601317227 -0.658858508695236 0.468654559109541
0.0301457310215104 0.0233525574241822 0.0913222365386779 0.673747525582292
0.0125757876706239 0.0558946767797273 0.409837442111133 0.235717861293861
0.0111892379944 0.0399800551009576 0.290289813825835 -0.056020688645932
0.0220924022127538 -0.00417119247390772 0.0232176068974286 -0.18287476312585
0.00847153881447886 0.00761880245747426 -0.0541067811530343 0.100669111625981
-0.025318466494254 0.0501078336061473 -0.213535761682631 -0.0695018927317773
-0.00621787187221007 0.0333362965286209 -0.219833753355758 -0.372359831427267
0.0341209354371505 -0.019502691047189 0.291436475457322 -0.54368668690822
0.0585793000214335 -0.0451960311078583 0.775832051651449 -0.0246443203198425
0.0626058629723661 0.051360055759971 0.516332734565644 0.618201095714506
-0.0168913386324784 0.120861577453395 -0.0318646655457255 0.545139378894194
-0.0573252490451166 0.117453976241025 0.0658658528629114 0.000947888560145373
0.00872444106751295 0.0987954515566665 -0.0225493107986082 -0.548206254790964
0.0602274666892277 0.0215167110191487 -0.661672566422864 -0.506978951913944
0.054460038300985 -0.0326855342457794 -0.757065993394852 0.316790375121197
0.0334721099071094 0.0182914300300637 -0.0409131782592406 0.689581310379497
0.0109739385469624 0.0650673798254468 0.374008798103258 0.314296048846784
0.00774150725473579 0.0481393904436911 0.299617752868726 -0.00869900665446997
0.0227790157876658 -0.00371623490466183 0.02976935356503 -0.168581516771957
0.00994846395892164 0.00523066015653217 -0.0498015215201585 0.111077733617599
-0.0226042006122552 0.0475991699831808 -0.218165008384322 -0.0286786402278673
-0.00725566914503828 0.0350763044138193 -0.279603327717846 -0.30823159127618
0.0275409447317961 -0.0199585299878952 0.15196174214931 -0.586555441625559
0.0505763704291615 -0.0556617149298503 0.726367534190368 -0.224954473498425
0.0780832203651682 0.0375072373121631 0.638275311140097 0.469633312021431
-0.000598886026767433 0.126020953426395 0.04786516661177 0.563549007907869
-0.0627925070664374 0.128529148621096 0.0503074128362809 0.050899941936429
-0.0106412279885169 0.116421179543289 0.0544460180235177 -0.515874022963008
0.0533900423210037 0.0417913633241979 -0.537243419882061 -0.657355364520551
0.0589161369894248 -0.0282191908168379 -0.83217422042288 0.108399005588695
0.0292252838441904 0.0127892455300701 -0.201786181567217 0.667652047704812
0.0041704763785433 0.0673701391993915 0.315751029551492 0.395477721012439
0.00397773468691964 0.0515191706834421 0.305994914759902 0.0480985877467928
0.0236049320111057 -0.00158645253311821 0.0386081356131233 -0.153838805350042
0.00134759205270404 0.0164134954355782 -0.0395827096027359 0.103324199915954
-0.00911865191569065 -0.00654925569521969 -0.223131451193263 -0.0786101063846521
-0.0283504894020221 -0.0484904914452638 -0.219195597329817 -0.381851784589653
-0.0399048870762461 -0.00966035181595692 0.310767367757075 -0.513218801277653
-0.0495237963350409 -0.0143348835937766 0.762779252669613 0.0308800995264352
-0.0437419869083433 -0.0388430680329517 0.467963201288715 0.654733037876703
-0.0055294145200306 -0.0912420481833505 -0.0552684583020632 0.554580368414047
0.0187352469792565 -0.116195451274729 0.0641102316293766 0.0157005304746855
-0.0295708799822313 -0.0942080080900759 -0.0365351946240617 -0.527701622848017
-0.0754430769069683 0.00241265924759565 -0.692234332293967 -0.450001574020965
-0.0500739153143672 0.0484197261049515 -0.744198039886906 0.365472018678672
-0.044999733647272 0.026693911171596 -0.0123097614575345 0.673534892944974
-0.0172987906746574 -0.0307729073753337 0.400709333461246 0.281870129905272
0.021143309094955 -0.00641883797505505 0.317431724174416 -0.0284342586613483
0.0104522633447389 0.0158604561074546 0.0361113003487131 -0.190312784185356
0.00334842230669836 0.0157297455052792 -0.0453139865799065 0.0952598044538141
-0.0118765382678156 0.00123510594424955 -0.211403213095216 -0.109173264366504
-0.0197012779653151 -0.0380339697008664 -0.157587486860175 -0.417625887978631
-0.0237385847660459 -0.0128052594415527 0.415857961736559 -0.446871437646603
-0.0293880053843254 -0.0245936239731425 0.758044154263652 0.205933822388497
-0.026767536018845 -0.0414964264475187 0.345937496333631 0.74542984571383
0.00517774344198841 -0.0733949768390144 -0.112819873288482 0.52567446399913
0.0119365026966789 -0.0916435247924673 0.0759432637754357 -0.0271738596687567
-0.0295867235828828 -0.0680004696413833 -0.102774419152768 -0.542469383408531
-0.0562373453914597 0.00981784286708498 -0.755176291289199 -0.3174083289331
-0.0307213707857595 0.0440875852193054 -0.646301149802021 0.493320442028392
-0.0277439999425793 0.030767724700903 0.107594439603774 0.652530618976298
-0.00957780256514819 -0.0154426043029215 0.42546117098028 0.209570633875297
0.0213423462634922 0.00349488110439698 0.303808522658157 -0.0734133947736017
0.011326609929763 0.0125153479932542 0.0279912078915991 -0.200290419311646
0.00564319134085233 0.0148333801007173 -0.0514184328682981 0.0920513965899391
-0.0147302188101067 0.0149647895115188 -0.201306920123204 -0.126415791193023
-0.0122198968794455 -0.023215492384264 -0.112433060098443 -0.435952984637491
-0.0061639924396165 -0.0142704847947582 0.48153500887642 -0.389818066250961
-0.00637067437897045 -0.0290974399966984 0.738909230925274 0.322121469851042
-0.0111139112902945 -0.0260644046542675 0.253721327488349 0.791044238920556
0.00267123958504913 -0.0390840135591919 -0.145644527527406 0.498286611416713
-0.00133370694135141 -0.0534632484344325 0.0846850693097482 -0.0591776130719624
-0.0193734927386068 -0.0361491534566665 -0.149825456743675 -0.54738406345248
-0.0290382626303476 0.00978048293140621 -0.783949969020856 -0.22706321245953
-0.0102925023957049 0.0310664297315808 -0.571466300619858 0.566539229024099
-0.00965553239168187 0.0319253617311048 0.182490086948735 0.629955843598765
-0.000632507344431188 0.00273594340914806 0.436567507845729 0.160671926793059
0.0199728855125165 0.012825965519166 0.290657148319496 -0.100029128910543
0.0136206300881483 0.00678877481091073 0.022312094902841 -0.205639346838724
0.0063561954856866 0.0136881562432604 -0.0550284862483527 0.0902642973867367
-0.01978043039235 0.0278983175255738 -0.195981834708335 -0.131007993668254
-0.00886983297298159 -0.00556174807394001 -0.0958657834023794 -0.442682411091253
0.0107800611107357 -0.0155814495237527 0.5030160700935 -0.374526413355242
0.0171197604339671 -0.0288393608488786 0.736676416321632 0.354600014182036
0.0019185168213162 0.000805048537181816 0.227172575711269 0.799597552297829
-0.0113312348023005 0.0064966939531295 -0.15322633715307 0.489513697161126
-0.0159359029445968 -0.00627390010487607 0.0892041155757092 -0.073165862782451
-0.00319111935430239 -0.00212882799944784 -0.165567823605708 -0.550415187932212
0.000131601390616812 0.00382727886731152 -0.789077254173654 -0.198583251067671
0.00966740688089952 0.0117538079843916 -0.544731444109952 0.590947161052569
0.00723575675377842 0.0316940882713745 0.208137493582181 0.625185677839576
0.00590840526346575 0.0217013070034108 0.433978512898448 0.147392796143306
0.0184916456445368 0.0213048520752758 0.282752710386737 -0.108211491916033
0.0163817986520664 0.00187206115355604 0.0189645053693573 -0.203856978172248
0.00709756129639758 0.0130747257189422 -0.0568459956248268 0.0908574032553466
-0.0233322848014641 0.0404192694477876 -0.198733407110856 -0.123052746913454
-0.00567533559512432 0.0114324566050198 -0.11412722459922 -0.435881079215107
0.0239059480360003 -0.0179107931184668 0.475796273144817 -0.408558707051636
0.0381077725350388 -0.0300548731541303 0.752742017846414 0.299811553951898
0.0169226282106591 0.0296535438593699 0.276240756516095 0.779530705386718
-0.0240573638949134 0.0541710329272036 -0.136229342949719 0.495767145358159
-0.0315566006336728 0.0427871420489368 0.0869777340125927 -0.0674841707784718
0.0113316873312564 0.0326645447153874 -0.151050748533447 -0.556730689781624
0.0281759924651 -0.000297257525802602 -0.777182971038213 -0.241650752100103
0.0274616873753222 -0.00991664077953325 -0.576528787637696 0.562387926684299
0.0225309436509281 0.0279571991223849 0.181471598636445 0.64145845578525
0.0110493400750374 0.0402307347910857 0.42755383354051 0.171912407526334
0.0149226418596848 0.0309012735616566 0.282694285401094 -0.0939901917085555
0.0198422831622812 -0.00235754061604801 0.019170587993793 -0.196306813300821
0.00791493973542955 0.0105203901633078 -0.0561228078593731 0.0945649262235604
-0.0247102264630502 0.0483566716077871 -0.206365605414963 -0.101380499791366
-0.00497664538014865 0.0245836149455273 -0.162648007762864 -0.413546146874372
0.0327272969403569 -0.0192153823421474 0.402754051321126 -0.477822977873266
0.052973775068955 -0.035313650426187 0.779438066535737 0.161213561521229
0.0390705565215202 0.048591481590592 0.387124687102856 0.720451245293459
-0.0265349821858557 0.0953843180560072 -0.0923430606656758 0.519592314330412
-0.0453583494581355 0.086812316553115 0.0787507066609916 -0.0420960101531602
0.0173145557939593 0.0682942634652702 -0.100511186916586 -0.558838528697837
0.0500645929520593 0.0042961514875139 -0.74339126988593 -0.349523647768464
0.0427551130109785 -0.0268201963171116 -0.653417076629521 0.475721283041729
0.0309214740206006 0.0235833114477019 0.101311597690628 0.673033609967085
0.0133788383903705 0.0560548237577758 0.414221050735454 0.230384980662897
0.0125324457172136 0.0396443336082792 0.290363010441781 -0.0607865500054591
0.0208532198205773 -0.00502415970314267 0.0219399288273415 -0.183747458369448
0.00900567252660429 0.0072223350194691 -0.0537337286824559 0.101611382367384
-0.024266311025909 0.0509695996619907 -0.213735694641435 -0.0680653032408389
-0.00533837594658748 0.0331242195652827 -0.224191695785857 -0.369826073960376
0.0333341445419005 -0.0198075636700552 0.283617821881834 -0.5467371552161
0.0578378755228893 -0.0463239323951769 0.776620015105792 -0.0340511558509831
0.0633408167862897 0.0497660394060403 0.523246705696307 0.610765208775732
-0.0151619727660131 0.121689421346377 -0.0256307365374577 0.547084483187264
-0.0553934866477302 0.11665621343236 0.0656951024735034 -0.000337425322918566
0.0100380318567411 0.0984699408000473 -0.0286749257456582 -0.547562235797993
0.0605306076485807 0.0195673822836131 -0.66866923708748 -0.49717918783118
0.0531861601299003 -0.0337666162291017 -0.754839545366171 0.324677911477737
0.0337584446076306 0.0177959374121004 -0.0308124348447725 0.689189435043527
0.0111570018078674 0.0648357747177468 0.378221571587306 0.308791023226585
0.0087714232564225 0.0474407707575029 0.30044720183666 -0.0128282649554666
0.0219284297039362 -0.00560327802581497 0.0285828270353272 -0.169364281692122
0.0101066278523654 0.00495626844332471 -0.0497150160471376 0.112457170375128
-0.0224445441723148 0.0475004458033561 -0.219680766380436 -0.0266406781364609
-0.00694093680058215 0.0354342836596448 -0.283413415768705 -0.305682026403234
0.0278504284714532 -0.0198130001441686 0.143460351952215 -0.589483447373344
0.0500547225180569 -0.0563744076668028 0.721937909029271 -0.233504276719286
0.0785303715356857 0.0363173799039077 0.641797719033595 0.461562893785559
0.00169418941766543 0.125573303532413 0.0559803332053958 0.562790721039811
-0.0612858493646835 0.128577036368777 0.05045437847556 0.0507726983086456
-0.00864472230774206 0.116178285997314 0.0483408288900881 -0.515798145864106
0.0541316124495077 0.0413279335950045 -0.545231587764751 -0.649430284161506
0.0572950998806743 -0.0300146008082536 -0.832085477493232 0.119612753502421
0.0295916899925431 0.0128946098150961 -0.193765345416816 0.670895233445274
0.00492239036060439 0.0673880299854676 0.322926312204453 0.390277345757297
0.00412889551781629 0.0518348698952637 0.308837142192679 0.0431600888780584
0.0214616088040642 -0.00257837724137198 0.0391660700971261 -0.155085148336396
0.00198478747482987 0.0157883291752622 -0.0391972355711152 0.103674740290166
-0.00836327204687212 -0.00631775807291841 -0.222436820064634 -0.0760292169406452
-0.0291608038816752 -0.0476019083672891 -0.223163735286244 -0.378652553424267
-0.0404197453948272 -0.00913719766974028 0.302392678910919 -0.516687939514279
-0.048868102756237 -0.0132509434568881 0.759245346685324 0.0204016214080707
-0.044314661695122 -0.0387925411845985 0.477997147333209 0.64641151495435
-0.00634706456353165 -0.0907164816600519 -0.0489520045674488 0.553442554272399
0.0176602840223064 -0.115246584705153 0.0633065068803815 0.014815795177647
-0.0307089426770713 -0.0933591358420935 -0.0435202734028025 -0.525572899789049
-0.0752886201767299 0.00281265090764839 -0.695760183832362 -0.439517790033978
-0.0496546543269633 0.048438795169183 -0.738232454883508 0.373367441279097
-0.0446835170995442 0.0283258644202598 0.000122298226815605 0.674640923187002
-0.018676094731636 -0.0303171611413418 0.404604571846114 0.27496577589517
0.0216845220466327 -0.00632598138376243 0.316906422487602 -0.0341518953369939
0.0111998127473211 0.0153104746220241 0.0337060909366397 -0.191086260221791
0.0039790548892596 0.0153149884099937 -0.0457357569355356 0.0968952112900829
-0.0108682518217216 0.00228802158881464 -0.212454364217124 -0.104490108117575
-0.0211092637952838 -0.0374424614734799 -0.162971094430113 -0.415537036174581
-0.0240417848965144 -0.0116118337928989 0.410237346030022 -0.452136263821351
-0.0303170289953474 -0.024007216720178 0.762033456469966 0.195953243897421
-0.0271764507472096 -0.040372782085309 0.355327569006058 0.736917957328507
0.00391119780873933 -0.0726885039168829 -0.10582187364355 0.526233645506029
0.00999528361965526 -0.0921907541636527 0.0754284345681323 -0.0279058867360511
-0.0300605312497897 -0.0669399560294309 -0.109801377855332 -0.539224748986591
-0.0555044695166881 0.011165602086644 -0.757064959738646 -0.30558912216496
-0.0300078552059074 0.0443385184275187 -0.637502910741179 0.501751792904752
-0.0266626891346577 0.0310630530171441 0.117684771097113 0.652323268913596
-0.00915346267291613 -0.0150656164141978 0.430884260735411 0.202067227577478
0.0218788280285331 0.00248160692511592 0.303384352299385 -0.0777725376273363
0.0114908504796867 0.0113425347910981 0.0263209034525521 -0.199788791481693
0.00556822881337542 0.0143143378800034 -0.0497843777477151 0.0924874700660391
-0.0150235472164677 0.0147953594231607 -0.202812296592176 -0.12267977426987
-0.0135990545291936 -0.0228902117837316 -0.116877549737047 -0.434440195293997
-0.00668478815888946 -0.0142566181392323 0.475041129595714 -0.3976023759469
-0.00687836852240748 -0.0288754602237094 0.743877013470708 0.312606510314997
-0.0109618966980314 -0.0263832100253777 0.263292245834131 0.784585032382351
0.00227514234338328 -0.0392228317151387 -0.137373150480617 0.500389234133861
-0.00159665888018365 -0.0538999535713748 0.0844322595951052 -0.0598506080201792
-0.0204213736358682 -0.0357216686288232 -0.156980131752462 -0.544055043177178
-0.0286865726591677 0.0109144423854775 -0.784420665274395 -0.215398504823875
-0.00969157566476551 0.0317634324286087 -0.562616342460744 0.575724290919395
-0.00804662127740434 0.0319017337952932 0.193335088311887 0.626250769752695
-0.00151696186201289 0.00346329947470516 0.437616182229526 0.15248744744735
0.0201591611694244 0.0117663796291353 0.290175869386078 -0.104952637998191
0.0142363002746974 0.00665297093726541 0.0206709091960303 -0.205120312676809
0.00649039883888423 0.0136142378813541 -0.0544140321349627 0.0917308766027094
-0.0190869107686635 0.0284188671758167 -0.197804611074627 -0.1282179125357
-0.00842494141423393 -0.00530717654869286 -0.0998633399941704 -0.441813997083761
0.00998230758878471 -0.01667159370733 0.495413738361133 -0.382187889356586
0.0166109342341659 -0.0288279730531347 0.737956107269302 0.344365915947999
0.00198742109404846 0.00051213054368834 0.236981537760095 0.797800700686712
-0.0103468500020719 0.00678766930707415 -0.147230431509499 0.490049595659435
-0.015956772938733 -0.00603006569995957 0.0884376095417254 -0.0739180807403738
-0.00318698624476827 -0.00205747158157064 -0.17423413588989 -0.547954002388754
0.000201628065896995 0.00446984000935878 -0.792308473243418 -0.186069478473951
0.00984324132217992 0.0102200323008521 -0.535098999185429 0.597589720488356
0.008463991300093 0.0306169647573296 0.217535760139599 0.620849018669294
0.00606426010344435 0.0221124863234589 0.437179850795748 0.140236070491016
0.0182894173387317 0.0205322007013147 0.281716382811698 -0.11222568796835
0.016700637938555 0.00105849550383952 0.016618446383263 -0.204743683635731
0.00737973385826018 0.0124105296525654 -0.0567806427416236 0.0919587902242528
-0.0229820407059101 0.040932259931793 -0.199248820263916 -0.121267706791423
-0.00617824994170625 0.011845487402509 -0.119663715785343 -0.434300673384631
0.0246120145927639 -0.0179583239744433 0.469609360119187 -0.415225972816639
0.0375790218141139 -0.0296374149172963 0.758985783327169 0.288384315415647
0.0171465707185361 0.0292181365159629 0.287570439398932 0.773963273187409
-0.0223855548645353 0.0544492249656606 -0.127824596858111 0.497087191447129
-0.031010223989093 0.0434742757191282 0.0865592622968251 -0.0683007348064901
0.01179051119791 0.033024811550828 -0.157628863178018 -0.553404628293219
0.0273021317231431 -0.000661473849472256 -0.779943546927791 -0.229303421908448
0.0269689258537821 -0.0102733347384417 -0.566570176932437 0.567411983298334
0.0227325188355942 0.0276267347659653 0.1923386762251 0.638249263562946
0.0115471185279435 0.0398647862477749 0.431394227182819 0.165429640980987
0.0159441871438088 0.0301586712040614 0.282266883380723 -0.0982185123597673
0.0187603179627509 -0.00352224225366605 0.0170609407836991 -0.196439498485272
0.00777414033746978 0.00993765408905223 -0.0558909429502952 0.0948324627842067
-0.0239784023389456 0.0493767069463615 -0.207416481973912 -0.0983420244918185
-0.00467099093926305 0.0253284184599581 -0.167911882922613 -0.410439216168896
0.0323548977510617 -0.0195351619507001 0.396405926815306 -0.482668156226429
0.0525329245206485 -0.0362110696296682 0.782530633132303 0.148644002589429
0.0387865343424857 0.0483120752224289 0.395612145564136 0.712599279103254
-0.0244192105331376 0.095956458274827 -0.0846399658270221 0.520561191560135
-0.0442216160919948 0.0871301719893336 0.0780529516576812 -0.0424749528600699
0.018638453912286 0.0676956316991721 -0.10804074818048 -0.554507227095688
0.048643196538818 0.00402747122042079 -0.746865848684257 -0.337136360859549
0.0420572454721571 -0.0274697172714256 -0.646155513223544 0.485982714740956
0.0310576947226 0.0227866416118214 0.113261754367031 0.669792046833742
0.0134002616861395 0.0560743274477437 0.417186864345167 0.223005516232883
0.012859251409136 0.0388553091834508 0.289449889550609 -0.0653284997831827
0.0207899288502079 -0.00562707813650381 0.0193685775096815 -0.184059789294828
0.0088076404788871 0.00694115996484196 -0.0532469474902381 0.102687597328786
-0.0232161917635301 0.0509062667340744 -0.214439610128485 -0.0647295792969314
-0.00509874102389565 0.0335711640398526 -0.228386767812725 -0.365153314655327
0.0331078833341239 -0.0210544046512944 0.277011511842499 -0.550427795710031
0.057120981654739 -0.047011037609333 0.774429031187878 -0.045296907410497
0.0633050729403663 0.0492818908326592 0.530080566577084 0.601780155423415
-0.0126728963757607 0.120084843880311 -0.0184028231127931 0.543478147776252
-0.0548895599863446 0.117426695970797 0.0658580553849454 -0.00130994530598377
0.0106305334730622 0.0999984371414813 -0.0373880654911354 -0.544803041582547
0.0602849161767205 0.0192402391734405 -0.674784698848355 -0.487046311882338
0.0531703661904657 -0.0350727243026547 -0.750097366885177 0.335185763909701
0.0329641794132123 0.0174840818773942 -0.0186456543699627 0.688060592650671
0.0122204840379717 0.0654625414692921 0.382317941367902 0.303486899604387
0.00940484031793731 0.0465689797883961 0.300744121411002 -0.0172353522431032
0.0215428566048943 -0.00545877952743316 0.0268737064381798 -0.169044342663443
0.00962003937685729 0.00462605496097491 -0.0482936771093489 0.113196565820993
-0.0208219061897698 0.0473115856276341 -0.219226093802839 -0.0231377171661067
-0.00669613448491484 0.0359173115382294 -0.288070999914474 -0.301760923823116
0.0277697969370938 -0.0203477559219112 0.135879595662173 -0.589043445030831
0.0487438246708852 -0.0572913631365107 0.716625097754276 -0.243512859578482
0.0788076031326707 0.035084102980743 0.647622358016125 0.451851135264182
0.0027388446862878 0.125519970487841 0.0634315143537579 0.559651685932238
-0.0591748590606633 0.129323475824899 0.050729051011884 0.0496591590549256
-0.00784440704782445 0.117200504039296 0.0422868210076967 -0.514398022787787
0.0548012550082738 0.0408669431254523 -0.552528179424351 -0.64278212213243
0.0575226353268018 -0.0308101543060385 -0.82813553144541 0.130776033882892
0.0297093502272457 0.0128704504531343 -0.18272207040698 0.669754268992806
0.00629347896649274 0.0679936137581451 0.327377582554676 0.385834596239541
0.0047339170595924 0.051253870777704 0.310140883433977 0.038602517066603
0.0205255927664167 -0.00294090101215723 0.0372709025477896 -0.156144100734181
0.00296051912440795 0.0149949764910678 -0.0386733955774011 0.102757460443749
-0.00784065747377356 -0.00644222137037532 -0.223302927242273 -0.0721374876314494
-0.0308408524886688 -0.0463292464367854 -0.227485761782108 -0.372776448448712
-0.0402642983573352 -0.00874053653356323 0.294940930309349 -0.51953613331555
-0.0495513616888502 -0.0120094225107323 0.757712610157243 0.00998002249873515
-0.0448451770115225 -0.0376319645280284 0.484244695770395 0.637954080269177
-0.00755833354594138 -0.0890272415920562 -0.0375709202204048 0.551117041351649
0.0159739512132582 -0.115145210045071 0.0636899306277825 0.0147450311706468
-0.0324636217007341 -0.0928903378154899 -0.0499516905616264 -0.522012351183454
-0.0750339722245945 0.00424261138587593 -0.699385656537348 -0.427668374537143
-0.0486588937683879 0.0488243600597046 -0.729463680718568 0.382839195310827
-0.0437354771088494 0.0281323913503257 0.00922502172145626 0.67331403513197
-0.0187759063609258 -0.0292551164905565 0.407598017798937 0.26852928102715
0.0212045088410514 -0.00719328911676609 0.317101983736662 -0.0395513242229809
0.01055553810073 0.0150970013774797 0.0325928254579031 -0.190556563307626
0.00442062935736906 0.0156670509582041 -0.0443185507403386 0.0972582350426972
-0.00991812252684448 0.00282603394789788 -0.212386918637366 -0.100929170382196
-0.0217773510405341 -0.0375845074336344 -0.167324493218018 -0.411270527141656
-0.0249328644643725 -0.0119912697371372 0.402067673866822 -0.456860368862364
-0.0302743292768341 -0.0228723764892941 0.760626677283441 0.182320053502231
-0.028303477459552 -0.0399113368244525 0.364418729939922 0.730267991285111
0.00389284209844459 -0.0731940782403302 -0.0970995239823056 0.523706243008426
0.00841047315996959 -0.091180241465717 0.0759108425002187 -0.0282004104768322
-0.0312108066841466 -0.0662988372836362 -0.117141773496697 -0.535695562906207
-0.0556183358996861 0.0123628024218137 -0.761097810215286 -0.292877960268837
-0.0284471770228268 0.0443825181408049 -0.628832869642739 0.509367974889381
-0.0269342415080653 0.0314777461415032 0.128205008456926 0.647976129483075
-0.00983192308661135 -0.014685374899129 0.431890259215819 0.196337217100887
0.020821686866635 0.00269270786130847 0.301920555632679 -0.0818584244469823
0.0123351987955822 0.0113954339233369 0.0245127563932471 -0.200394312950969
0.00580383710060521 0.0142581227293832 -0.0499912410030492 0.0936705522714849
-0.0152126371602217 0.0157688337362805 -0.203908960790083 -0.118620392161396
-0.0141020831002757 -0.0226795752175723 -0.123215290899563 -0.431586802987729
-0.00728074796010785 -0.0143336462068347 0.468785714802084 -0.402944987951113
-0.00785119021332258 -0.0281650646911543 0.744941265819366 0.298919650079994
-0.0124328358522731 -0.0252945785926154 0.272413223135132 0.777495665194489
0.00263667004678789 -0.0385107901553459 -0.129924187862121 0.499818770325931
-0.00295854298446639 -0.0533434657996784 0.0828405937484599 -0.0604036859461634
-0.0199730112662888 -0.0359724702928086 -0.162779742726452 -0.538251209563115
-0.0288612108194369 0.0114633132582219 -0.784368564074337 -0.202917294440107
-0.00866417432613563 0.0303777289456092 -0.553186697469844 0.581637040618188
-0.00843569883933543 0.032758609928114 0.202892491986173 0.621764749046617
-0.00177325808510162 0.00410513180050095 0.438870288575982 0.14565380103654
0.0203270451253043 0.0109225725438507 0.288408201925055 -0.108584093541677
0.0136094803772317 0.00656099105568342 0.0186528250329139 -0.205498489125692
0.00702463034861214 0.0136567223123656 -0.0538113902794346 0.0929423597135835
-0.0179584292928206 0.0294245667492384 -0.198263482685242 -0.124938694969405
-0.0092687216632352 -0.00532101719938323 -0.106283399798339 -0.438480050963041
0.00926038269906647 -0.0165735746623881 0.488347871165356 -0.388161733329976
0.0155133683475631 -0.0291866330961897 0.739610101913135 0.333760438317087
0.00150777655238246 0.00117789382013289 0.247990688878626 0.789040353835811
-0.00994141311821804 0.00655620773603676 -0.137792523169296 0.489839659028741
-0.0162764940910607 -0.0062420912293159 0.0864350828774999 -0.0750787824671748
-0.00332700199629158 -0.00235794125378761 -0.179639465763766 -0.543522330368771
0.000201711582485168 0.00461733406390465 -0.791251688233105 -0.176163523130487
0.00904435976369607 0.0110955620697705 -0.525208342181163 0.603308179379099
0.00885817649214274 0.0312523160673503 0.228436641694749 0.61555857855475
0.00653173701591551 0.0222607535668148 0.439209369668791 0.133536237349006
0.0193417511561747 0.0200566679859901 0.278645569592972 -0.11601362448167
0.0160567034111118 0.000208280981001202 0.0150654520393718 -0.203524057763925
0.00757210091967075 0.0121869898811045 -0.0551706599774047 0.0929561032590381
-0.0212622742439282 0.0411482172950196 -0.200593454663952 -0.117765596714541
-0.00578853643080069 0.0118239184629583 -0.124877806948069 -0.43169854431857
0.0232836726519124 -0.0187458406677925 0.46217296844508 -0.421970192845975
0.036644532447436 -0.0299250597600933 0.756986624518914 0.276257143067839
0.0166427643680586 0.0298024490078681 0.294512554777115 0.768501899091315
-0.0216524785079684 0.0545332875387435 -0.120117538424744 0.495511467703295
-0.0299667481707916 0.0437310758857878 0.085591035574054 -0.0686210617688102
0.0129402019431242 0.0321996683686709 -0.164199390824308 -0.546558839655138
0.0274813551815575 -0.000611104296323425 -0.781144182357114 -0.217839438238741
0.0261540374302669 -0.0103019143411406 -0.558093619060416 0.57491862251422
0.0227414738229347 0.0273789945708762 0.200981934203438 0.633228677746452
0.0115300344331764 0.0397488175954059 0.431432632342711 0.157192790188049
0.0167467626527421 0.0287347976815243 0.281216691648161 -0.102421349191711
0.0177057384099707 -0.00372718949906585 0.014468185106526 -0.196261229168643
0.00724561801047667 0.00928028147508239 -0.0545382807865865 0.0962723926827077
-0.0229391952243855 0.0482952651783332 -0.208219948975437 -0.0955268262886643
-0.00434500921479371 0.0249374674771419 -0.172079296149424 -0.407728679697595
0.0315230658473804 -0.0199192037523389 0.38756778638876 -0.489085424289059
0.0515808449793344 -0.0363400664509544 0.780682834984385 0.139900467432524
0.0398953061382091 0.0476774192856771 0.401746180491409 0.704843296782212
-0.0229269784517504 0.0950411293062137 -0.0753248939631766 0.51824752757628
-0.0432339801236601 0.0869397373595118 0.077452283393443 -0.0434186776187789
0.0191460114906442 0.0673246476902087 -0.115724896574654 -0.550992113892823
0.0498321896291145 0.00231272113317522 -0.748033255102413 -0.324783182399005
0.0411813226373114 -0.0273113970243122 -0.636853217345486 0.492252128332698
0.0311619170897869 0.0219485265892729 0.12274632432505 0.662872471457206
0.0141554136272364 0.0556372443177695 0.417959251469658 0.214831912119566
0.0131297609004356 0.0390877649729574 0.288804167058816 -0.0695349074204663
0.0195976987323883 -0.00623497253823271 0.0177280145525453 -0.184651592358237
0.00819500621892577 0.00578553085839043 -0.0523217023647456 0.103609034221821
-0.0223735147358507 0.0513534353265103 -0.216238229662105 -0.0625217318025655
-0.00510533003520633 0.0341612602638118 -0.232532856125254 -0.362379268250024
0.0330506715133808 -0.0208168359394281 0.266927534219464 -0.554481701328216
0.0564620984659506 -0.0468767147403413 0.7702989897203 -0.0543912639693496
0.0644449055087692 0.0485734457720277 0.537894818169239 0.590716922955162
-0.0103059465488429 0.119805448306371 -0.00990604759063844 0.542371815088018
-0.0526306041126554 0.117654500305538 0.0658419376704997 -0.00139486206420313
0.01184191251326 0.0982333572514735 -0.0429888270812191 -0.54097026340508
0.0600790191696227 0.0184519854143121 -0.67986668809095 -0.475992953457538
0.0520038784704627 -0.0357700344073492 -0.740926540532648 0.345656579408666
0.0337019732038608 0.0167894762462839 -0.00950429593291789 0.685107363305192
0.0126142388112901 0.066478680302894 0.385848491172607 0.296385397845741
0.00926516687371054 0.0459868799383091 0.300363411923908 -0.0214843032028535
0.0205645640733571 -0.00633915021825084 0.0244668283252006 -0.169661848877651
0.00943981667960177 0.00409155820924644 -0.0481973965689574 0.113282256242299
-0.0206065869367149 0.0478437537338348 -0.220094936815928 -0.0208197416534288
-0.0065361997377615 0.0358356340564385 -0.291076710386493 -0.295233456652681
0.0273961913597527 -0.0197664518332822 0.12513926914213 -0.590398137091309
0.0475792308372566 -0.0573632213657669 0.709843672548603 -0.25273524923944
0.0788139158835462 0.0337368357775517 0.650696806814016 0.438811772659497
0.00383136066710675 0.124153014125987 0.0712452389999157 0.554691691571672
-0.058055882343083 0.128878923477376 0.0513738416545248 0.0486120974767239
-0.00675362614707884 0.116367167963503 0.0347557685527471 -0.512557979895876
0.0546049147476598 0.0399453519969676 -0.560318020167018 -0.630688312555673
0.056443113704946 -0.0318691648126466 -0.823845858154659 0.141300535331798
0.0303387382409047 0.0121488037010639 -0.172045227029577 0.670749821244941
0.00671467775451506 0.0671506996800373 0.332425041430647 0.379798702923998
0.0057931991522224 0.0505035059812744 0.309277588800528 0.0326771769822298
0.0205017938847157 -0.00411126807499621 0.03580710124187 -0.156060495469547
0.00292601791280168 0.014819304056817 -0.0368869582053363 0.104260902823671
-0.00782243194462764 -0.00537518201013081 -0.222523324750012 -0.0678800543961046
-0.030935685449858 -0.0452975581184496 -0.229530939807941 -0.369122898047932
-0.0401536600766153 -0.00824638110656293 0.285407358053105 -0.523103854057261
-0.0491906409953222 -0.0111906480462996 0.752071855845498 -0.00119665641715729
-0.0455901481019937 -0.0367864919664549 0.491237841903496 0.626428667704629
-0.00774577808249264 -0.0893614118296426 -0.0302445456151964 0.548881489761226
0.0146949956733587 -0.114865676440063 0.0644801365303816 0.0131445943336954
-0.0331582118281004 -0.0916275858328895 -0.0581072038291025 -0.518913047039614
-0.0755144136228707 0.0060788547746516 -0.702286939829172 -0.416809002015673
-0.0477468651367585 0.0500533129202647 -0.721758602153314 0.390757011160182
-0.0436779063175818 0.0281344498419888 0.0191480746843192 0.668313771132914
-0.0191784607298998 -0.0283261393814383 0.409674576482116 0.260448266173114
0.0215845330880473 -0.00768124578319095 0.315679728540631 -0.0437655177019925
0.0117000800357053 0.0142252416079397 0.0299947862931811 -0.190091486910084
0.00505190573995959 0.0147277716528571 -0.0436232260721222 0.0981636336158197
-0.00970356955873728 0.00303854753024681 -0.213620763066996 -0.0967749733659566
-0.0220565911622434 -0.0368227015221767 -0.170877149353805 -0.406729758978261
-0.024463335806397 -0.0111927229223025 0.393498673470321 -0.459098444602288
-0.0314816483508671 -0.0223009037972528 0.759273451984248 0.172666401547139
-0.0287076783705424 -0.0390090790774027 0.370796240779821 0.718899909720958
0.00303800816936267 -0.0716666595226275 -0.0880376709624619 0.522030281458705
0.00729895207078459 -0.0907751420664955 0.0747401575693396 -0.0287774748769294
-0.032143825875606 -0.0655252172916361 -0.124004552139239 -0.530281459030848
-0.054650905870784 0.0128171084515106 -0.759543687136694 -0.280580098676403
-0.0280406044486653 0.0444536502015913 -0.619044494396047 0.516791152483212
-0.0267015462608094 0.0317614817363266 0.137909177275688 0.642339451583103
-0.0104313719321386 -0.0142779849966815 0.433574126382183 0.186533990524371
0.0221625399557482 0.00117362484568 0.299379473233499 -0.0857462420211906
0.0117244307579811 0.010802874951269 0.0210398197734888 -0.198732842752286
0.00632373844744801 0.0134822982615418 -0.0490266209017776 0.0950795845077397
-0.0134887645377562 0.0158577386121168 -0.203464255450386 -0.11559280293507
-0.0152756678561275 -0.0224631266211101 -0.127774637899599 -0.425996786899461
-0.0071409834602766 -0.0142864413420946 0.459810089913383 -0.408341707886794
-0.00861063704422479 -0.027444353271165 0.746294174842334 0.287002260286936
-0.0122751870473503 -0.0249358045536973 0.281060379209449 0.76894994332684
0.00224371925269721 -0.0385241179806235 -0.121225697518817 0.497463465428975
-0.00298435293219147 -0.0526667711854019 0.0821654169774637 -0.0607947108030367
-0.0204441992838257 -0.0352805086737259 -0.170224265655365 -0.532815728858907
-0.0282489006769336 0.01117486557891 -0.783079814600866 -0.191115879613652
-0.00918716906999868 0.0308797098865322 -0.542673063346741 0.586976347992863
-0.00749757503601778 0.0318174208695418 0.211406230067587 0.615249135406908
-0.0014471894620033 0.00377754420812351 0.438795255825864 0.138429605019696
0.0212867853388738 0.0110210227584427 0.284703862307853 -0.112442476252216
0.0130271288588949 0.00649310802637114 0.0161427930022537 -0.204022858347852
0.00686281789051559 0.012464358254631 -0.05296004128464 0.092376660855075
-0.0171799613728481 0.0287303475520915 -0.198880711335231 -0.121440072836479
-0.00942274757026321 -0.00488102971631279 -0.112470547964966 -0.434358045456524
0.00942611486999446 -0.0167836653919469 0.480977387201696 -0.393203653531254
0.0149550590588823 -0.029167507887082 0.741521850355053 0.31893470992107
0.00096545211511588 0.000589482291594568 0.256877842205728 0.781716257964827
-0.00933832144612676 0.00639584773017862 -0.130931180249375 0.487639726079602
-0.0161935603343563 -0.00565398061026064 0.0862467762529277 -0.075288738898651
-0.00406164444244687 -0.00190862603728063 -0.186122644811751 -0.535660949957068
3.54033444461554E-05 0.00394927565753176 -0.789205250133204 -0.163937919348337
0.00976370895009283 0.0104317218259565 -0.513103627831558 0.608445710236367
0.00927085896167569 0.0310294250190892 0.236604066344374 0.608607329522435
0.00637051031039807 0.022257393575898 0.439385456725248 0.124697559206986
0.0193939396351927 0.0197383999548529 0.276675875581374 -0.120443701029711
0.015169322283089 -0.000195794724847192 0.0117189375387347 -0.203053955253711
0.00699021016446265 0.0109890713628577 -0.0551968300290669 0.0934093081789417
-0.0206786251639303 0.0408990474132319 -0.201318256254424 -0.114198382199492
-0.00646536797541433 0.0121767942195483 -0.129024368029865 -0.425497245842314
0.022785097566863 -0.0182581624294338 0.45447471722199 -0.425407047077206
0.0356018949718381 -0.0304508502107644 0.756735789019182 0.263523832090008
0.0168412100302283 0.0292770416754843 0.302280693149556 0.75761361289771
-0.0203836920925419 0.0549996727252719 -0.113066805833045 0.494244463655434
-0.0298741760590866 0.0438123300934799 0.0841870903032844 -0.0693102682544202
0.013017370417468 0.0320338377778166 -0.170096706781746 -0.541572044734288
0.0275328493134702 -0.000708201034762341 -0.778866163497358 -0.205455974973749
0.0254562462108575 -0.011399952962811 -0.545817351760499 0.581176815455627
0.0226771474421819 0.0268796238583803 0.211314222357251 0.625131780259958
0.0112244683890092 0.0400440317383158 0.434099307923933 0.149806414397272
0.0167126478562916 0.0289845689980478 0.27879024159645 -0.106719313524831
0.0175622704084805 -0.00459800909384871 0.0127713525908113 -0.195464536929154
0.00744938063239652 0.00849082039564731 -0.054154659961177 0.0973144354710513
-0.0210576110537716 0.048828766572292 -0.207430670879429 -0.0930084310822126
-0.00442656984789563 0.0257101127546526 -0.174374393667079 -0.402928528791406
0.0313955413476773 -0.0209163761271244 0.378417004383842 -0.490141915994222
0.050652249729984 -0.0365654285952184 0.776968740197803 0.126340630180854
0.039439786407682 0.0479295042789844 0.410389282502484 0.695301095545861
-0.0210791836733446 0.0947260780023296 -0.0680146557128639 0.515923622834412
-0.0421912587131914 0.0875202879895851 0.0763913620372005 -0.0443938881547716
0.0196427482654332 0.0666528095834746 -0.121999269359211 -0.544796633588769
0.0489072511957416 0.00273398043121769 -0.749883377857364 -0.31082184638673
0.040081153237803 -0.0279937104076962 -0.624503762509949 0.499770048869616
0.0313597972225327 0.0215557217314686 0.131678220002294 0.657426634765332
0.0140078120765563 0.0551615962441571 0.419412989208868 0.208417872524108
0.0136102455716581 0.0372976634555851 0.286669844855657 -0.0739336570983548
0.0195411247365841 -0.00720984293949298 0.0164197532698436 -0.183861929824372
0.00796753453940773 0.00578279214104861 -0.0513260380499128 0.104085060998998
-0.0210537614913593 0.0503478049029229 -0.215065883168549 -0.0589599437865624
-0.00506498306222096 0.0344441432339766 -0.236684902624876 -0.357596772244849
0.0323124643058325 -0.0209346393056606 0.257203964038708 -0.55513594579388
0.0547924577557085 -0.0474048760610506 0.763734270359247 -0.0655043124755425
0.0642345166068728 0.0477423434799549 0.540376335106688 0.581140598745195
-0.00972100425516395 0.11922133749615 -0.00171384271948357 0.538446778874091
-0.0508906442278139 0.118001750605196 0.0657074188318371 -0.00287882825108771
0.0138559526875006 0.0980416959898884 -0.0499961286755809 -0.536817481087656
0.0600514636823141 0.0182776032641741 -0.681079608830431 -0.463981750810202
0.0511763254559091 -0.0363777243735762 -0.730937968622446 0.354977890621662
0.0337737187261034 0.0162635819774136 0.00264004993970693 0.681575944045611
0.0134674876119796 0.0662516628314105 0.388280881570129 0.288977464921345
0.00980034653513249 0.045243168969682 0.298556055534998 -0.0269565160801541
0.0195847874964969 -0.00678569082759984 0.0245388666256904 -0.168994447696092
0.00983842549549674 0.00356141359885758 -0.0469767571210911 0.113396808278312
-0.0192767579374318 0.0484669421474689 -0.218389300439485 -0.0180799144522564
-0.00671660768411352 0.0362337269596122 -0.292599734831684 -0.291867256956697
0.0259057531719078 -0.0213470009063859 0.116204099768434 -0.590083106645876
0.0467210405631801 -0.057100485549594 0.700967009928948 -0.261181983235257
0.0790500582848608 0.032418805819715 0.653767117237193 0.428058616280034
0.00743433100679343 0.123551972770288 0.079081314156286 0.550371351681533
-0.0556450193277812 0.129003574615696 0.0522551193920837 0.0475833815078868
-0.00407165248546949 0.115603359451341 0.0285673891479767 -0.509805193433514
0.0559142426757952 0.039649497686012 -0.563839553271891 -0.620659232621928
0.0552794428857849 -0.0316742817906765 -0.816651787615831 0.152685010748129
0.0293046341891556 0.0111403878944611 -0.161568286603632 0.670217647298606
0.00705966332039602 0.0669220078147328 0.336595419781569 0.371972680628187
0.00613555092310326 0.0488888620931852 0.309238771291263 0.0283506969911463
0.0202449928388934 -0.00516745420291502 0.0344383785154721 -0.156234689014522
0.00379205135932458 0.0146202360913566 -0.036976809082669 0.104505918635964
-0.00706754350792015 -0.00523768605544461 -0.221380620648796 -0.0646235142739675
-0.0319463255859211 -0.0453978608400258 -0.234482720785836 -0.363458625859852
-0.0399625656594841 -0.00723140492950977 0.277098699771789 -0.522876770790611
-0.0496851965946991 -0.0103857822743001 0.746167296713826 -0.0105968286229433
-0.0457381570269623 -0.0356115397416094 0.494263445782414 0.614269594996517
-0.00848436669377668 -0.0878421591698471 -0.022528953900022 0.543901109477804
0.0125945210499655 -0.114293863695315 0.0637333961694618 0.0124858591358772
-0.0344150778506346 -0.0902818485939948 -0.0634725883403009 -0.511837684279878
-0.0745675159538027 0.00624689305711128 -0.702587731747983 -0.403740652283794
-0.0468382127281697 0.0494264707390135 -0.709410940514912 0.397730725078635
-0.0421092923776135 0.0290094262917305 0.0286228468288905 0.663340126420629
-0.0204967590381169 -0.0280395723898763 0.412273985031428 0.252387751345371
0.0218938738426108 -0.00676111117291046 0.313302304222901 -0.0479345024560221
0.0119360947795961 0.014210830997894 0.0279785795082515 -0.188977784079037
0.00478003071541216 0.0139894010774567 -0.0422857490548696 0.0986625140263632
-0.0094145035729254 0.00301476072264318 -0.212389313491168 -0.0933930226854431
-0.0229815342720876 -0.0351489037884074 -0.174691968379332 -0.403728598832835
-0.024655223436273 -0.0116301293725524 0.384844823928635 -0.461030405940332
-0.0311768598244392 -0.0213892236450241 0.75572637890889 0.15999183273617
-0.0292627983795068 -0.0381730485022561 0.376903829557896 0.708022771010659
0.00223329029080943 -0.071955050473167 -0.0819948484252416 0.519326240119395
0.00629919839455824 -0.0894019965523669 0.0743605868763808 -0.0299152887865856
-0.0325174587780551 -0.0647140356155907 -0.129341819557894 -0.524054282211178
-0.0550533842487732 0.0138893451207911 -0.757293853165271 -0.269099600737714
-0.027960978507571 0.0440923287763177 -0.605788287839636 0.52052576354072
-0.0254455267517656 0.0316710876236734 0.144928354089726 0.635622025140681
-0.0106873746884271 -0.0143110287683803 0.434069489131704 0.178243865253379
0.0217849837484789 0.000870364401586204 0.297609508169834 -0.0902634373824319
0.0114518973025982 0.0108864708252724 0.0191626947601584 -0.198502473205991
0.00702604184229434 0.0127711154586478 -0.0485883508342245 0.0951410698482543
-0.011997283838202 0.0149326521487709 -0.203997254397454 -0.111688393281913
-0.0154646530634693 -0.0209081401643058 -0.131362158418812 -0.421906783757031
-0.00762728907811132 -0.0143271934577576 0.452912219761953 -0.410961377628327
-0.00850534571825127 -0.0266038234214262 0.742180090935461 0.277321331030713
-0.0140724996426864 -0.0245381962018539 0.289173399378007 0.757677369668638
0.00290753736938299 -0.038112122820082 -0.115125015916593 0.495285086060011
-0.00400221682701562 -0.0522563391627884 0.0811379457921393 -0.0615013868205448
-0.0212034792356463 -0.0336045049064984 -0.174134858519014 -0.527387969630579
-0.0285988292838166 0.0121617279690404 -0.778746990223449 -0.178465067434203
-0.00839156394281254 0.0301880659950144 -0.529611703636399 0.587632074838991
-0.00763681301226109 0.0316571695894706 0.218700110530494 0.606728178021094
-0.00187482287697273 0.00330713248378962 0.439484328344904 0.130467632126192
0.0210205016144214 0.00986932212751364 0.282451389989036 -0.116680598809704
0.0127672754315281 0.00505522959496586 0.0144536796770055 -0.20341002936548
0.00731387947662179 0.0118534036604984 -0.0518423561634913 0.093545495487983
-0.016065512935774 0.0287841280606711 -0.198971649238014 -0.117515789858962
-0.00953492788345435 -0.00471221361938453 -0.114577121579048 -0.430660996522301
0.00851488482434503 -0.0166233118658681 0.471454437966341 -0.397932416548678
0.014571206332493 -0.0281344480613789 0.740579603239561 0.307844608106369
0.000264902020291348 0.00160754063691608 0.264839348268345 0.770550957949746
-0.00951468726402622 0.00699584890386262 -0.122906801187539 0.485488391946403
-0.0165219805894341 -0.00553144167091186 0.084644876350339 -0.0758473436416889
-0.00352138267804693 -0.00228354757509719 -0.19166567442006 -0.529518244946968
-0.000490975731968761 0.00455249083946443 -0.784527234467971 -0.151790999960981
0.00976441051630619 0.0096886503737485 -0.50235124846109 0.609376282568878
0.00955062975379777 0.0306213119620452 0.243267766515369 0.599797862232496
0.00659928409049633 0.0213193832283411 0.438476345191458 0.117542826086573
0.0194279757140818 0.0188301001566889 0.273497140350325 -0.124035614643079
0.0150560902319675 -0.000448421797319687 0.010117662239066 -0.202112386915845
0.00731525123690624 0.0107782345583625 -0.0539082600031901 0.0943742002195845
-0.0200182407004965 0.0410032176129849 -0.20049559745826 -0.110250302098357
-0.00632610243480295 0.0121249835388303 -0.134005182394553 -0.423509278339819
0.0214999248796306 -0.0189168508099498 0.443818851328673 -0.428457228102437
0.0350707856997818 -0.0306545534985506 0.75519034810374 0.252133502224409
0.0172698477153963 0.0283761381541927 0.311655893761144 0.748591960526918
-0.0187259181718548 0.0534858988881198 -0.104248882162162 0.491014254911523
-0.0288165627497002 0.0436929860861084 0.0827449958159744 -0.069493197148594
0.0128118891480767 0.0315121469709729 -0.175664861496364 -0.536134328298208
0.0267146156077043 -0.000876764984843507 -0.775821284935592 -0.195586549608114
0.0250007055246398 -0.0111268574525691 -0.534009749595305 0.58223279612797
0.0226948481349228 0.0266824490936791 0.218329231950015 0.616819406381002
0.0123831656987595 0.0394297042515404 0.431811860129195 0.14230201581737
0.0169829652310273 0.0282265851435267 0.275052547505402 -0.110003370448619
0.0165338233529204 -0.00516868019918844 0.010725790317307 -0.194367375827435
0.00725520751316811 0.00820251436920483 -0.0532828896367426 0.0975280596102469
-0.0209769393457926 0.0486820648131929 -0.207496102678147 -0.089198971280814
-0.0043056486116484 0.0255731956764514 -0.18001266805353 -0.398404396615292
0.0299777211493215 -0.0208023548384015 0.369031779949152 -0.492798936649297
0.0499901769768648 -0.0366918652972957 0.773071250059738 0.116052714155154
0.0397477946302786 0.045966023981932 0.415907716251219 0.684061182482269
-0.0192135186697654 0.0942525923097971 -0.0615522271968631 0.512541703302789
-0.0403471674987728 0.0874052279018042 0.0770335798588436 -0.0447722939607168
0.0206237407675356 0.066742045473771 -0.127561356312415 -0.538032295663769
0.0485119750915869 0.00186732752735312 -0.747969933794777 -0.29980534789151
0.0393674100504712 -0.028917794615254 -0.614705137718638 0.5029702470516
0.0315320938819026 0.0216235792353732 0.14126581284349 0.651298472782443
0.0153376884193636 0.0552366296035841 0.420086322288633 0.20064277473517
0.01340874837067 0.0367594599000206 0.28445337745117 -0.0763420641839199
0.0182498142372297 -0.00727439916385806 0.0139615583191646 -0.182383557325773
0.00821136933149711 0.0043386342971593 -0.051041178646047 0.104292275922479
-0.0204815097427146 0.050779011928838 -0.214566765439001 -0.0562266127989144
-0.00433141666542949 0.0339990819760944 -0.238398497061665 -0.352467138956109
0.0312317460533417 -0.0212109508907597 0.249300434183933 -0.553822094278345
0.0537568675920832 -0.0473363431466024 0.758872180134458 -0.0758526758394266
0.0637513142645175 0.0461756716315004 0.544649960927989 0.568543028534712
-0.00697508212390398 0.118964004108898 0.005309506018972 0.533321569759917
-0.04887502733753 0.116864282365256 0.0662024765010146 -0.00280545757272336
0.0148630083799802 0.096988354321437 -0.0554282556728851 -0.531279739095767
0.0605371842783122 0.0161159212748195 -0.682278782089093 -0.451106262159704
0.0501870505205046 -0.0369228889756374 -0.721922186942655 0.362448506403758
0.0338418709600294 0.0150970184502547 0.011425751768182 0.675727968925793
0.0141718242840253 0.0653808450039454 0.390754618176824 0.280674615213671
0.0105032804528527 0.0446521256461827 0.29777333418543 -0.0304930769565653
0.0189098044079371 -0.00719478932771687 0.0227481507422403 -0.168298021742429
0.00919303201103349 0.00247389798484522 -0.045627177529795 0.114546057198428
-0.0177439673153287 0.0473701583327008 -0.217566534155175 -0.0157287660495069
-0.00567575000543095 0.036233520880743 -0.294192097964526 -0.286628630254224
0.0255665914378323 -0.0211856910711775 0.106333666547023 -0.586461393400569
0.0452252367968365 -0.0571539713943446 0.694156039387151 -0.268739342447415
0.0787602100555957 0.031838292363337 0.65320372981683 0.4155161781059
0.00846091684510367 0.122176648491611 0.085723158363256 0.545139538469819
-0.0540377702185009 0.128917161510704 0.0520152266494254 0.0472482454697349
-0.00264558235418527 0.114902426194314 0.0222207057019167 -0.504284970818267
0.0555549537723686 0.0379965865511032 -0.569202552359169 -0.607175214028915
0.0535899174067413 -0.0329038712884234 -0.809768725342044 0.16298599284242
0.0293270963361871 0.0117090831266766 -0.151047387048085 0.667030635741209
0.00811584019129992 0.0674486162619378 0.338661612440907 0.362711623197676
0.00677371991214586 0.0488659659503171 0.307671498944576 0.0246925323283147
0.01858295559395 -0.00500534281895918 0.0329734460466 -0.155865030639894
0.00394066548380038 0.0138419673942181 -0.0354527115329789 0.10447650364329
-0.00655916400302221 -0.00502612918397987 -0.220412171429759 -0.0610069410490285
-0.0329194112896698 -0.0439693330105571 -0.235470123016098 -0.358050289704914
-0.0396385514688995 -0.00658149272974561 0.268173762943322 -0.521177631466339
-0.0496543177093507 -0.00931774936783925 0.739130017627223 -0.0193023055574578
-0.0463669580614946 -0.0348091639720994 0.49583602008523 0.602392464879135
-0.0096519374162275 -0.0864550686230006 -0.0169974344124824 0.539365134545757
0.0109912132872323 -0.113513394599739 0.0643304816401209 0.0118436246222479
-0.03493665739398 -0.0886242716687013 -0.0676273703081897 -0.505831897058653
-0.0739954143151218 0.00786964137341498 -0.70207700529167 -0.391560829898745
-0.0452974345623413 0.049488342862407 -0.699639428168998 0.403765846150693
-0.041161738386286 0.0299124821142446 0.0372164281882627 0.656962572421853
-0.0207406028966027 -0.0272934226588069 0.411472722155323 0.24364806199447
0.0218487256241602 -0.0078513819512236 0.309569291564297 -0.0516344244892054
0.0106844359866247 0.0136840560856531 0.0266952529014302 -0.1874068542758
0.00625896788909466 0.0136298572098906 -0.0413510057791812 0.0981537174819267
-0.00857272782455917 0.00379753382539343 -0.212217043269631 -0.0900019146621862
-0.0239951006578427 -0.0343563733689315 -0.175727818680689 -0.397503109118363
-0.0241979429974063 -0.0103855839933817 0.37494361334465 -0.464000706759054
-0.0316633975430583 -0.0198923898109095 0.750712406529849 0.149679751740846
-0.0293680785334059 -0.0371522269780051 0.381408152947942 0.698262649632136
0.00218556074213865 -0.0701439705725737 -0.0731582021320917 0.515106052999159
0.00508589829772776 -0.0889130406216416 0.0733575555808868 -0.0307011993862932
-0.033312548649313 -0.0636471962792254 -0.133260239612656 -0.515338679970775
-0.0546168477771786 0.0148887063611852 -0.751943639135623 -0.257904686643803
-0.0268590312999923 0.0442436467022914 -0.595527235138494 0.523002757054915
-0.0244528305086313 0.031802971062855 0.153088232813965 0.628558043848756
-0.0116894367636141 -0.0128230770829789 0.432434670726613 0.171922251442228
0.0213546958831019 0.000788059062633621 0.294248943209541 -0.0938989247515568
0.0107952350006191 0.0105653664387163 0.017441084283493 -0.197398042406983
0.00708226092362664 0.0123745872282676 -0.0466053911271839 0.0955781096788799
-0.0114665022403855 0.0148104856208161 -0.20275692306447 -0.10783514493491
-0.0156009495726909 -0.0203257548071752 -0.134207845542342 -0.417611461319399
-0.00779370887511099 -0.0136461576090924 0.442474046628022 -0.413018211777785
-0.00902567355177171 -0.0263969828812369 0.738636309651743 0.264055871199315
-0.0138576240524087 -0.0238098610057665 0.294336903080212 0.747680652863669
0.00137967936262372 -0.037835814551737 -0.107050121122141 0.491819342272051
-0.00456973402527186 -0.0516418387994349 0.0806512312930454 -0.0614681469274582
-0.0216525793727856 -0.0328285168555628 -0.179334772684488 -0.518010518609438
-0.0282060388422641 0.012213472332933 -0.772815541455149 -0.168654643657869
-0.00851100234520868 0.0310052821535436 -0.518159432223433 0.5900208825974
-0.00675249562121518 0.0320671329089377 0.224855770995529 0.597381818295079
-0.00208480692791133 0.00365817419955499 0.437652779731672 0.122457030200539
0.0217036312620903 0.00975310439209178 0.27886150448768 -0.119914144343292
0.0112538807698187 0.00536594430799514 0.0119015093487551 -0.20132740140755
0.00729075843257909 0.0111733467461806 -0.0517381893575225 0.0937249558885058
-0.0159120249393814 0.0284345972526715 -0.199091686871709 -0.113904310059914
-0.0101594794468385 -0.00422018182603127 -0.119227249329037 -0.425920876513482
0.00765518505577148 -0.0165345429277216 0.462543192790085 -0.400064895601072
0.0138562207540177 -0.0277441381598849 0.737497495030802 0.296603683641236
0.000924230494240389 0.00171011322430514 0.269713866168694 0.760284990213145
-0.00836761685388534 0.00683199384749768 -0.114713736087421 0.480784367372318
-0.0160428410414956 -0.00510690703775762 0.0832298243393472 -0.0757025498316468
-0.00274742903655065 -0.00165598996751918 -0.196247409748284 -0.520682427388374
-2.73437307596359E-05 0.00456111991470528 -0.77776275760622 -0.141636140737487
0.00928749420975187 0.0105002253909562 -0.489573867700426 0.611260731127902
0.0101243443836154 0.0298953763967877 0.248973342609037 0.59013962944038
0.00641061416786039 0.0220186835949528 0.435835459543017 0.109240504887685
0.0195763461923064 0.0180798318043853 0.270169094395709 -0.125737362539609
0.01403529488957 -0.00125195996434209 0.00856089959544952 -0.200497343690093
0.0067735724514227 0.00930797124936462 -0.0528113593983379 0.0939026311982414
-0.0184764247783305 0.040098258811362 -0.201210411617542 -0.107099362686655
-0.00637247205235326 0.0122344405553066 -0.136545835023155 -0.416897586953463
0.0219719285521525 -0.018444683675815 0.435641569053899 -0.429542507118844
0.0343561407799307 -0.0302362176510945 0.750695124288125 0.240630328581565
0.0171052182850561 0.0290238124133067 0.315614361493557 0.735505645888505
-0.0172728512631448 0.0534968879214594 -0.0980120099805547 0.488297108612372
-0.0280340554920796 0.0437806072716645 0.0808676280122062 -0.0700092507973928
0.0131476652840776 0.0305325480265108 -0.180472692504899 -0.526161095107267
0.0271296950444458 -0.000700318588713285 -0.769113288575088 -0.181143642432048
0.0246043004380033 -0.0119875517675957 -0.523773054404502 0.584144869416895
0.0229681363326938 0.0263234062467106 0.225053440615617 0.608236145147624
0.0118390351153483 0.0392479813351694 0.431056166287843 0.135014622772602
0.0171015404270058 0.0275990790244339 0.272206871394324 -0.112979733254618
0.0162460515614256 -0.00578486671261473 0.00924422660067358 -0.194403087474369
0.00705179992638714 0.00743847486621517 -0.0523386237888035 0.0979906146050401
-0.0197341454767887 0.0477888960342421 -0.206544875880116 -0.0851611491072199
-0.00423813536352999 0.0254586994979859 -0.18257476353937 -0.393076933186794
0.0293750499571924 -0.0206715119248363 0.359493797872292 -0.493083460180625
0.0481063273334883 -0.0364283178568806 0.767241982342835 0.103470099403363
0.0401627232850253 0.0449770949560063 0.420540601056479 0.672902622607971
-0.0182871658400885 0.0935143543347532 -0.053969951395972 0.506811447407155
-0.0389347108466289 0.0866718975891398 0.0753117582252273 -0.0444229150332532
0.0216274466388115 0.0649519052026625 -0.132894372270098 -0.53089300934968
0.0480492694113781 0.0022541141979725 -0.743955170497867 -0.287610749315824
0.0387291282421753 -0.0291218568769422 -0.603767765192922 0.507700177485882
0.031180620739552 0.0204763920181482 0.149378732690559 0.641209644485782
0.0156924580230808 0.0552974041911025 0.418956991237719 0.193037236014017
0.0140468307110453 0.0359417066075951 0.281184135721113 -0.0802967855160166
0.0169070728824449 -0.00733742644083647 0.0126034508227676 -0.181196211696252
0.00771017702961272 0.00468622077971239 -0.0490334507145095 0.104289028675999
-0.0198034244591355 0.0493771594815363 -0.213822671730564 -0.0528995806591545
-0.00386836405013992 0.0341789316325335 -0.241015251001129 -0.346585709604189
0.0306528297596554 -0.0218637628212172 0.238200008791852 -0.552640529564506
0.0529457758395146 -0.047770907545638 0.749638655284598 -0.0830644854484706
0.0641672379754561 0.0450701776828729 0.544301193871332 0.556707784952444
-0.00578890329052027 0.117274581226187 0.0119078387861743 0.526762940077639
-0.0477534736485008 0.117233021683495 0.0651973807358654 -0.00333822413696396
0.0160025403982725 0.0957197222508143 -0.0608479658654843 -0.524039504669847
0.0586771287395646 0.0171100563828062 -0.680193627990192 -0.439501714519727
0.0487671106562655 -0.0378170341619545 -0.710713398323183 0.3686497245205
0.033380005620417 0.0149815597082417 0.0198372922451832 0.669047354394564
0.0149129865095455 0.06423226587131 0.389749152875766 0.273195544398168
0.0106011465640342 0.0440427506870049 0.294267095880371 -0.033990704506378
0.0179749016213429 -0.00698366237974654 0.0213216043837102 -0.168336777445585
0.00869884209096618 0.00196302365616305 -0.0440803469517998 0.114296898948199
-0.0169901424669201 0.0459535343708214 -0.216910206899827 -0.01230602833053
-0.00603813215976304 0.0356049876597693 -0.294894696901029 -0.279868229134035
0.0248169958591017 -0.0207627674496454 0.0985025424570372 -0.581252020217243
0.0440474426868154 -0.0564704929786267 0.683810258113296 -0.275209008078771
0.0782716408933802 0.0305998341012675 0.650614724249488 0.402426511296547
0.0105793175713777 0.120791210013262 0.0907915674070474 0.538073633016087
-0.0521169654733085 0.1287109745255 0.053175650485737 0.0455694744621256
-0.00148117385258153 0.113919989529932 0.0163584101879052 -0.498965617607648
0.0559753944207729 0.0370234499848819 -0.571583313405809 -0.594670326392426
0.0528060498099754 -0.0330094251602594 -0.802214935322171 0.172876250132984
0.0283975383538189 0.0110658675905234 -0.141346239609414 0.66280496513844
0.0090765679568096 0.0667785221697021 0.339129145673316 0.355679413377657
0.00723957409270791 0.0470335517178748 0.304890557249184 0.0196026171632541
0.0186817327911512 -0.00539984684521138 0.0321616487796971 -0.155456933367906
0.0048040680127742 0.0138026065176797 -0.0347383566084365 0.103419365225621
-0.00579105271569149 -0.00510575691934791 -0.218311306797423 -0.0570310860446731
-0.0328574352194741 -0.0428101902159397 -0.235095826034395 -0.351425959831379
-0.0390298851277066 -0.00693005934984483 0.260336122516636 -0.518732704263577
-0.0492828440974218 -0.00837882100795536 0.731924857639591 -0.0270510294465575
-0.0465303405086802 -0.0336577988068354 0.49630321850086 0.589518802148762
-0.00978695294011558 -0.0857937629145592 -0.0100161347624006 0.531401588253129
0.00973893410264547 -0.111663937875387 0.0630342419462296 0.0118701262391218
-0.0353092682818949 -0.0873607845298421 -0.0712707865940491 -0.499182918004373
-0.0730317751058421 0.00857443396427796 -0.696109402770271 -0.379364901545235
-0.0441535898432644 0.0498893912967122 -0.687585428015323 0.40758235776717
-0.0404135389738539 0.0296094782206349 0.0460235613530706 0.649024017934971
-0.0205277657185646 -0.0266764421658647 0.409052133590569 0.235786206548786
0.0219016889387131 -0.00752157853365003 0.306941751916555 -0.0554596910786775
0.0116344280391995 0.0127700239754741 0.0250467863100725 -0.186237292996604
0.00563955909153721 0.0132950380522158 -0.0401786439782504 0.0984550190025183
-0.00829452341437716 0.00371241248931874 -0.210942924988657 -0.0862563650845807
-0.0239504770393109 -0.0337478126586992 -0.178433013421779 -0.392077588418001
-0.0244295418885175 -0.0101977087510701 0.36891838107872 -0.463853646320294
-0.0318189389510501 -0.0199467137840999 0.743620020404168 0.141578289493697
-0.0300649760058998 -0.0363130504151524 0.384418819290234 0.686289364452199
0.00215464866354267 -0.0698131007613115 -0.0670811650229471 0.508623146746416
0.00415778905977765 -0.0878285837481954 0.0726464633758427 -0.0303763957992961
-0.0333078240720881 -0.0619115107044568 -0.136515292362732 -0.508267301092418
-0.0542811933405711 0.0152146957047251 -0.747896009850174 -0.247618684894592
-0.0264340970794718 0.0439286921295901 -0.583114895418728 0.524589214396843
-0.0241390802277413 0.0314591953283971 0.161494658202113 0.619263523879082
-0.0115654625431891 -0.012954673742197 0.42976558232973 0.164226225582971
0.0221937288874496 0.000476845791781026 0.290301567113338 -0.0962390472769574
0.0108274224265462 0.0100205935785863 0.0166452552325337 -0.195107381443375
0.00713197807543576 0.0115541143513074 -0.0459786278945012 0.0953449236852414
-0.0109142228226909 0.0157402143660905 -0.202249218213904 -0.103909021282404
-0.0159657537135654 -0.0206992851029064 -0.136896775111024 -0.41133245443096
-0.0083202486757421 -0.0136279769735715 0.433524518739821 -0.413383480037806
-0.00929708739384541 -0.0255459141286914 0.732341401721412 0.254992175783758
-0.0141611550415045 -0.0232993224754262 0.297825844392384 0.735309365815483
0.00215637470807365 -0.0372691186124972 -0.101446799118365 0.48621283200986
-0.00532983215182976 -0.0507439737368815 0.0788590602353682 -0.0606479497402848
-0.0220816346398237 -0.0330919273683159 -0.181384504019868 -0.510336695978236
-0.0281183442144517 0.0128279052076125 -0.767451776552184 -0.158232086922239
-0.00785271878662471 0.0299701619705046 -0.505838197007263 0.588542117317404
-0.0056717174747939 0.0313072691365299 0.23042486074174 0.588394575188305
-0.00154184817211457 0.00384013783526638 0.435123852845082 0.116073983741799
0.0221409016069721 0.00983838581667532 0.275353970439881 -0.121775244426551
0.0122593767893447 0.00500472158376791 0.0100784497909508 -0.20002968087507
0.00699785759963579 0.0113925045479545 -0.0496737645178656 0.0937126879834575
-0.0148535638963478 0.0289472157974946 -0.198170026015389 -0.11093617559809
-0.00998511608441678 -0.00383499382088728 -0.120730276193698 -0.419010313696521
0.00761892101203504 -0.0168242322868633 0.453289655640666 -0.400163877100523
0.0128258376824051 -0.0274464550433835 0.732423829028289 0.285224752516622
0.00031217841080637 0.00149867875200628 0.273683792107231 0.748045257146876
-0.00805094986995193 0.00686481181195744 -0.108209119486919 0.477261017054275
-0.0157063551602504 -0.00452793485461076 0.0820530994038583 -0.0751738933973447
-0.00368477095809623 -0.00232428674445767 -0.199011002682797 -0.512734318111905
0.000500758422110158 0.00479243041277189 -0.771539257812807 -0.130810787640958
0.0091481478471007 0.00947513856702513 -0.478240064986966 0.608813808036988
0.0104666618504921 0.0299527013405362 0.254810685898156 0.580972984906769
0.00655206338134939 0.0223738254201039 0.433813795245458 0.104031303740713
0.0197207974172333 0.0175372087926501 0.26716427388255 -0.127964953194468
0.0139265609420708 -0.00139695853463297 0.00631412840476766 -0.198866358700975
0.00688224166227753 0.00978426802835638 -0.0517443426360737 0.0944572518783863
-0.0169652159018831 0.0398947039597551 -0.198823097086248 -0.104771543447146
-0.00620415892596989 0.0128660881772598 -0.139200508469603 -0.411650158916205
0.0206609099730802 -0.0189077318149007 0.425994168429637 -0.430728007739809
0.0330116213738852 -0.0296862065894796 0.745909637602245 0.23085142388436
0.0171462050165734 0.027760671488609 0.319280778915337 0.724805652804479
-0.0168679073629351 0.0529279686574427 -0.0918251093326995 0.482729731729664
-0.0275477632478011 0.0430060998825043 0.0806365207974405 -0.0694055531708017
0.014068369797114 0.0310241597258241 -0.183556347732068 -0.518866206924833
0.0256538552702692 -0.000934274473318137 -0.764166434991131 -0.172333935981526
0.0237598896336888 -0.0128565004191096 -0.511627425766945 0.582983119339205
0.0231863931373512 0.0254610465951794 0.229886682553681 0.598754255563731
0.0120428809591075 0.039594344860362 0.428327076779421 0.128544318882843
0.0167518001198975 0.0261929625667856 0.268447881345498 -0.113872993293002
0.0152989981144482 -0.0053018488971597 0.00773350171600254 -0.191662461785324
0.00726112769293966 0.00691332578246012 -0.0511390624553172 0.0976446864977323
-0.0186898942394578 0.048261758839556 -0.205827564981471 -0.0828890171688226
-0.00343900057237864 0.0259326370551506 -0.183477243940874 -0.38631739814178
0.0290344851133757 -0.02109330431369 0.350947977321369 -0.49043070642571
0.0471538251661191 -0.0359351880659451 0.760320855744694 0.0966313225369183
0.0397642796410678 0.0449565122358031 0.421187587860115 0.659742144912022
-0.0165633630076675 0.092582139556341 -0.048171906001463 0.501537577267857
-0.0382441508465641 0.0861781400486909 0.0740567595077504 -0.0449400288266275
0.0219696944611382 0.0638483690053225 -0.133468782180157 -0.521751750206678
0.0478541764472707 0.00103687232864148 -0.737661617366116 -0.276835038209695
0.0370259461924645 -0.0297507895917725 -0.592463273582615 0.508462873611069
0.0310043702416496 0.0198176049915528 0.154515327539764 0.634329643968014
0.0160841446806035 0.0545702464796798 0.416893496400001 0.185375590584098
0.0136901076485023 0.034647277729147 0.27812873338518 -0.0834187889564321
0.0164368684936441 -0.00790132705740055 0.0116579035016663 -0.181099405865459
0.00726826704250525 0.00373972591379347 -0.0479482316239577 0.10447147271776
-0.018390334857881 0.0496052735972535 -0.21206331379372 -0.049905848059286
-0.00363137993045992 0.0335405016636711 -0.241504772803004 -0.339658123978447
0.030592610146374 -0.0214986448055641 0.232223051419215 -0.549365918518758
0.0513871376570145 -0.0475900356176009 0.739343257487514 -0.0911973222482155
0.0634026600353985 0.0443028608556658 0.542686073950265 0.545826204814815
-0.00356360698837201 0.115060189187538 0.0170253712885555 0.52093604622163
-0.0454470806144848 0.115893619736694 0.0636442046898362 -0.00410653346591801
0.017555137979207 0.094009874800698 -0.0675110992342339 -0.518847728186138
0.0590925402176681 0.0161364367168917 -0.678279579664648 -0.42733504249379
0.0469961650981415 -0.0367920817810539 -0.699860082589374 0.372406602264215
0.0328677624751753 0.0148033372425301 0.0262154967322082 0.661140292893667
0.0153876197770474 0.0640160234236648 0.388443738132269 0.266096942232163
0.0105876783262567 0.0428607646878369 0.291619502620672 -0.0374347475461293
0.0174790923070261 -0.00751273359295639 0.0204056398758297 -0.167010640916356
0.00887868648641261 0.00133451273159475 -0.0432882893247816 0.114357645218017
-0.0164857800160897 0.0469274086858253 -0.214341748285353 -0.0112382738577948
-0.00500460140593475 0.0365333449095374 -0.295024848537851 -0.274657513017125
0.0245505752908533 -0.020328823869538 0.0913964110027679 -0.578264247663158
0.0433952793354071 -0.0562735957621383 0.67342783647647 -0.27897247416414
0.0779159365699491 0.0294719969882764 0.647190693681795 0.392494369789955
0.010990371370486 0.119093368319677 0.0962620314724293 0.532214028644472
-0.05006060954325 0.12724874986742 0.052588198992201 0.045092540617114
-3.34887947350919E-05 0.112363683758069 0.0108945755321859 -0.492120151102614
0.0556465469286029 0.0367909398929992 -0.570360766332528 -0.582414705764596
0.0517004673193007 -0.0337037128591645 -0.792156365592097 0.179054310161177
0.0297740268573365 0.010065894854723 -0.13212651883586 0.656512560961232
0.00968728863315375 0.0664205804131742 0.33950899688901 0.346853244587939
0.00795603478848816 0.0469369279475211 0.302654570695561 0.0159424176351401
0.0173709796761147 -0.00591054793926358 0.0308175522332096 -0.154475253059631
0.00646469272123834 0.0135332190423693 -0.024052717110317 0.105307003852512
-0.00743074363349596 -0.00348102807459646 -0.221105649500892 -0.0329547789203759
-0.0395505550151843 -0.0382313967381191 -0.268978186641143 -0.321233774317035
-0.038288084247348 -0.004774500001288 0.194638874408471 -0.544319403316232
-0.0477993263255224 0.000208832964289704 0.721347866669996 -0.106132344817841
-0.0464171878927248 -0.0295623589056291 0.550121556602052 0.535443126871501
-0.0154752550787582 -0.0799903743381264 0.0413459469639662 0.531530620765799
-0.0015282811248975 -0.110757216912546 0.0624073428585518 0.00419816531355102
-0.0446443198425106 -0.0804993682146817 -0.123449327451195 -0.484679681065728
-0.0679772218633227 0.0195808202282704 -0.727323538344406 -0.296811453761623
-0.0299661110254822 0.0525001412430613 -0.637266653165223 0.470210941088805
-0.0308736580848129 0.0282542985148281 0.112604314874512 0.640929233026116
-0.02396623249352 -0.0271645724379152 0.429163463492531 0.191561705230026
0.0174183521988105 -0.0133105136111241 0.29722686962418 -0.0894367742634812
0.0100833177421812 0.0107107971981731 0.00630123395166239 -0.187219947583494
0.00831951971016374 0.0124098282762919 -0.0313968007980345 0.101328102229725
-0.00827753543900909 0.00507176284920909 -0.215372102000301 -0.0614163747499053
-0.0295617024500244 -0.0309090150850864 -0.21653895042317 -0.367334146484855
-0.0238805394148596 -0.00953478679423071 0.307854944184839 -0.502391098807224
-0.0325883720518847 -0.0125191836720169 0.751020628475902 0.0568089761020775
-0.0303252422689889 -0.0325633191746996 0.448775723709591 0.639453685298131
-0.00246617279126361 -0.0658646208421231 -0.016967341483962 0.513106342997786
-0.00487637230192934 -0.0861152963113072 0.0673109649107753 -0.0379926001075013
-0.0404485905128048 -0.05614338278385 -0.187225449641058 -0.486422414867245
-0.0472607048261308 0.0237548936412174 -0.761620263583951 -0.160543733433538
-0.0133700847817169 0.0441040112643475 -0.52387218117719 0.574861218263476
-0.0155888231379978 0.0277194506445044 0.223624119927943 0.598607914179325
-0.013324115868976 -0.014790304286271 0.441145075299443 0.117937408614697
0.0191637879087932 -0.00546636621050182 0.275781609546188 -0.128821405548235
0.00902428095573999 0.00729293855086411 -0.00289913846671184 -0.195792993564985
0.00871408408741316 0.0116926189084464 -0.0364806605779943 0.098071020262512
-0.0098188001455277 0.0161560665347184 -0.210383214019433 -0.0817560319618523
-0.0202436185545412 -0.0189315536667515 -0.179681491654876 -0.391526051686993
-0.00778784667025095 -0.0138890201689869 0.376845158967975 -0.461710232792725
-0.0116729100361493 -0.0198426050538642 0.752363075686936 0.169209714457654
-0.0137724888233124 -0.0204919231373505 0.370918283863108 0.697683497194474
-0.000192289663822878 -0.0340645169782044 -0.0516428289507933 0.495028918379007
-0.00986638980380353 -0.04884198032328 0.0712913285888722 -0.0688387440119295
-0.0255088889229817 -0.0278888596785429 -0.231490773869468 -0.48391291991442
-0.0218632220655892 0.018014542110832 -0.772470684415725 -0.0725287687713214
0.00229804021592018 0.0271851423365204 -0.441155425858828 0.631047055335323
0.00103706100831606 0.0252680452795881 0.291439223115868 0.560932809304743
-0.00272480054918539 0.000601347699885173 0.442597486245017 0.0692220694150233
0.018848472186574 0.00331022024626004 0.258317753131326 -0.150392709064525
0.00923829203115956 0.00234278599497362 -0.0100579259015684 -0.199656266230932
0.00832992532189319 0.0108382841769192 -0.0413519337473657 0.0978548432122207
-0.0126098424011533 0.0297189379892682 -0.206912682880935 -0.0886998600475186
-0.0133029648822939 -0.00327753323173411 -0.164282772353423 -0.399545925113799
0.0071798271316622 -0.0176984450731462 0.398904825337113 -0.452236696842389
0.0102695190037822 -0.0239473729449152 0.754973884023345 0.200752671302627
0.00309250171566843 0.00223888644622577 0.345700165176384 0.712893355941697
-0.0054074347127921 0.0103918518193836 -0.0595581499795503 0.487301404397182
-0.0165642053234652 -0.00258553141772613 0.0729499665021523 -0.0824492974483236
-0.00470333637383658 0.000174407247930307 -0.247748346081407 -0.483509286881598
0.00372713203297152 0.00801689029145826 -0.771873295465829 -0.0447980414941161
0.0169121440739986 0.00594236955511454 -0.411675553667709 0.647469834242746
0.0166212184739909 0.0221344212154002 0.314677615051334 0.549220274746654
0.0071799837048501 0.0171579092246851 0.441413945148097 0.0579504192712512
0.0180663421185267 0.0122110120015884 0.251334527933219 -0.155203463203089
0.0101801900749538 -0.00288112745874753 -0.0129054866478236 -0.198733413362333
0.00749357347608948 0.00885473233113649 -0.0428288208968315 0.0988239042004107
-0.0145241802094004 0.0407511603583678 -0.208417804530178 -0.0823396112277278
-0.00807170225075455 0.0125581643581475 -0.180622311551279 -0.39338981243737
0.0204367068696039 -0.0219822900276627 0.367875058127841 -0.478176962560387
0.0297810196820341 -0.0286600949690621 0.760081890046104 0.144962297606079
0.0218375457035602 0.0268845913629533 0.390128869546814 0.682228370619968
-0.0102328361282931 0.0554530228610654 -0.0397331035198731 0.491774274906781
-0.0229574232944957 0.0451584579963997 0.0713324818957689 -0.0761684485828649
0.0153635878759183 0.0306136492125726 -0.230491737652139 -0.490934883012448
0.0294733459833285 -0.00151710003792812 -0.769017422324324 -0.0878886223181478
0.028676742714146 -0.0164190345576994 -0.445839098763034 0.625489949086112
0.0291842734594203 0.0162002393885303 0.290784668674796 0.57007605627743
0.0160411116544168 0.0334961000548853 0.437803085814521 0.083065261545992
0.0158785743426579 0.0206621785482908 0.253634703922534 -0.141997182116396
0.0108119859013228 -0.0071530424951707 -0.0108934064352307 -0.191616051593302
0.00693971322696198 0.00673967271327723 -0.0413814117272316 0.102107594346631
-0.0155393547071768 0.0487388398733388 -0.21210425890965 -0.0617012272019313
-0.00428549775812278 0.0260888317866319 -0.222122704515752 -0.365177551744234
0.0269091936891358 -0.0247171919679558 0.283616534278383 -0.528464350073504
0.0436508208097165 -0.0358337527545617 0.759257629738097 0.00974886833730414
0.0456148029359786 0.0404783317935747 0.485882406773837 0.607876834310916
-0.00550696261638544 0.0936342616694701 0.0057005223965937 0.50633713707497
-0.029118876196885 0.0882034492578055 0.0684463856049319 -0.0507195563820703
0.0267758750261181 0.0621821711019918 -0.185396846988545 -0.499357442058003
0.0496564410571855 -9.15407565666004E-05 -0.755759448606009 -0.193775562871177
0.0400016271369192 -0.0343653240693924 -0.534412045423773 0.55911963772661
0.0365550824118404 0.0116213649833346 0.218392749255452 0.609943886232006
0.0213361858404727 0.047475248768275 0.434336241289619 0.140836991705079
0.0147900137767999 0.0285299863240822 0.265867487087831 -0.112186511737774
0.0129978524404802 -0.00940070853832129 -0.00693942110490241 -0.180901207981008
0.00723245083846995 0.00393924194762955 -0.0382459881750941 0.107342394843913
-0.0145414142353516 0.051476612993064 -0.214744345849601 -0.0288704427031695
-0.0031672940868213 0.0341477626110393 -0.273970351614938 -0.313881143111679
0.028705925096085 -0.0254779582540048 0.1577547235605 -0.570891529547317
0.047302465049518 -0.0474776733020815 0.718811284350156 -0.174192698744892
0.0692582474006395 0.0370246569535042 0.595421638013577 0.481159595385978
0.00822961801133845 0.115789219511368 0.0730585402260647 0.519040346416206
-0.0336445420682934 0.118838008035272 0.0627835913973793 -0.00967790952218386
0.0244196906321481 0.0926893806538102 -0.114821678999895 -0.499642632267843
0.0613736459053201 0.0132279848310348 -0.711908512541919 -0.347410179419765
0.0497073675460356 -0.0408612713380796 -0.654984241388948 0.434673331155581
0.0392866252449326 0.00658662415333465 0.0964396187040113 0.652337860987469
0.0228052646686001 0.0566471548497654 0.414395352845523 0.222650206331787
0.0125304569916016 0.035724009375499 0.285085995744179 -0.0678272204567277
0.0127912405493291 -0.0100793771087589 0.00317723766340804 -0.168243949382091
0.00878509756338312 0.00157859311316176 -0.0315077891638839 0.118400997327462
-0.0120841940293066 0.0479013472505085 -0.211938214238325 0.0103166693717375
-0.00349535287105578 0.0371364043023077 -0.321253073564085 -0.241101303900907
0.0222208378027946 -0.024209285451489 0.01609691162204 -0.581542986741982
0.0385173202338448 -0.056196546009377 0.632617299932009 -0.349811591034336
0.0814582501098604 0.0200831916099955 0.679935741695383 0.318053707747999
0.0251504162897634 0.116645610265409 0.155026474923151 0.520244924256454
-0.0369112947891074 0.130400977970908 0.056332630338909 0.0389311005007316
0.0100346841342793 0.111585488990337 -0.0359495799583299 -0.483862009601268
0.05880692822511 0.0350482931987098 -0.621851154388466 -0.509230004614445
0.0537807040161862 -0.0360052336177703 -0.763035683725671 0.251015253963926
0.036140759240983 0.00379507553607768 -0.0631588912050625 0.664478353166027
0.017963036915776 0.0593014450569126 0.373599994523323 0.310177331215314
0.0102622154535343 0.0401840086658887 0.301327720208659 -0.0168521923058028
0.0137141376245064 -0.00761071515930851 0.0165247266254061 -0.157219662362632
0.00628677735328276 0.0136756323126208 -0.0236067941399 0.105291218970697
-0.00660722944923824 -0.00334319330611336 -0.218053327214404 -0.0303310145139257
-0.0391255995171722 -0.0377178320232577 -0.267443531891829 -0.315838087004061
-0.0374901597872169 -0.00414845682193174 0.187814271271932 -0.540607687622405
-0.0476555784043323 0.000867381136565126 0.711184388712525 -0.111422235561464
-0.04584734193593 -0.0283939251008171 0.545880494022208 0.52392015343892
-0.0144347058034516 -0.0789402651922783 0.0443029838534064 0.523157046747728
-0.0021929771752732 -0.109225637037352 0.0622301006775475 0.00406999363466686
-0.0451014039031145 -0.079623562220722 -0.124541179546419 -0.476949954734386
-0.0672210794165446 0.0205011756400412 -0.719780067054242 -0.288109820215529
-0.0305932740799112 0.0520429461422846 -0.627536585570876 0.468444454231772
-0.0302787831805431 0.0283885278478185 0.116940050902879 0.631749075497381
-0.0242120539151468 -0.0267796676057835 0.425660375794005 0.185026795573396
0.0183682814883688 -0.0140969143621021 0.292684896223257 -0.0911441477618983
0.00979497776143557 0.00983332813662979 0.00640172728952085 -0.184981536952618
0.00750473309938943 0.0118516320206863 -0.0296583848914594 0.100639858686999
-0.00818841365277446 0.00489860696376311 -0.213151053652302 -0.0593747690814209
-0.0295354765763611 -0.0298380429779384 -0.215985680317271 -0.361360986022096
-0.0244355820318675 -0.00884697999215205 0.300015529058403 -0.500170499941609
-0.0325989382553586 -0.0120482300284115 0.741429502457909 0.0509225598837217
-0.0304958603442634 -0.0315268647597417 0.445680380910662 0.630001555286575
-0.0026930576851025 -0.0647672087239009 -0.013936133377994 0.507524805966462
-0.00462546189958707 -0.0852421003327729 0.0664454526512258 -0.0373228552923083
-0.0402357987568748 -0.0546023986485884 -0.187167072038108 -0.478633889342477
-0.0464099338912061 0.0243087750247488 -0.753537387850358 -0.154791420307726
-0.0134615542263182 0.0431494379655035 -0.51381588365278 0.571251951062552
-0.0148074714687151 0.0271852332140288 0.225580364426481 0.588979025299766
-0.0138164289958444 -0.0143720436088241 0.437244425554926 0.112223651402623
0.0189122879494866 -0.00532120197122083 0.272992166571963 -0.128821020438391
0.00902439482434632 0.00684966102355089 -0.00394202568380067 -0.193479377462402
0.00846246278827851 0.0110372846943654 -0.0368228499897409 0.0979082849106933
-0.0100364959822649 0.0165668313076566 -0.207363589215861 -0.0784508970267429
-0.0208879097609632 -0.0182350508517088 -0.178864624451587 -0.387138650153881
-0.00812285595985891 -0.0134918733326217 0.371163366901136 -0.458051754728406
-0.0122107758755829 -0.0199021471518971 0.744060153350222 0.162398716404156
-0.0137505804507646 -0.0203747569250224 0.368384570999972 0.687331456172944
0.00076963742893926 -0.0331842993139344 -0.048541928862047 0.489075311597389
-0.0106549919958394 -0.0477374490335372 0.0702559784363824 -0.0674701268359261
-0.0250901220753027 -0.0280645625508849 -0.230722722568043 -0.476462805565668
-0.0227922849011536 0.0186641018619935 -0.762951040681562 -0.066697185110193
0.00298532052374037 0.0268176285135622 -0.432146471503938 0.627923970391095
0.000771369465755316 0.0249525701070873 0.292725694769305 0.551796634307239
-0.00337631700661974 0.0010644196457882 0.43776322717009 0.0651173651739695
0.0182571520227381 0.00279805125097378 0.255759117959798 -0.150967384930935
0.00880976978951823 0.00220431221220055 -0.0104403072152795 -0.197935412030393
0.00791060035313187 0.00955390060533482 -0.0400542410084623 0.0973583245517996
-0.0123874013712496 0.0290755984758376 -0.204339522829822 -0.0859313684622754
-0.0138098811195478 -0.00301754925644783 -0.163861643900816 -0.395867375573013
0.0069415028214185 -0.0172604072367641 0.391071266655807 -0.448597448190432
0.00966322599342832 -0.0232275633133904 0.74659404066205 0.193190584978171
0.00278716205010706 0.00241140852730017 0.346321560494589 0.700441772192265
-0.00542309731496348 0.00917151567203797 -0.0551428937789629 0.481640852237486
-0.0162415584278817 -0.00243494672619195 0.0718557019270816 -0.0817858179265028
-0.00502530867738839 0.000296747718754177 -0.246284028899501 -0.476051361606401
0.00356664530982947 0.00810454846524241 -0.762866015491547 -0.040652803188618
0.0159835009897391 0.00637743736450676 -0.402201598575191 0.641487621459725
0.01588967766511 0.0207208204082407 0.31307988411961 0.540179120367559
0.00714272415773118 0.0168591276726755 0.4361613469935 0.0541970443979603
0.0175468197485283 0.0112769234132672 0.247549727883757 -0.155939180231807
0.0094673617683435 -0.00329498159604221 -0.0138828992838058 -0.195992031722564
0.00774185866055298 0.00798196436008655 -0.0425639856797707 0.0976492915755802
-0.0136467510877339 0.0401155732251754 -0.205107202336481 -0.0795833959206056
-0.00824750489714359 0.0129524660785273 -0.180409725478895 -0.388806032341306
0.0192925862351083 -0.0217370307497415 0.359836885828744 -0.475249145468611
0.0289217646712349 -0.0279301023947265 0.750563864414213 0.137715617406579
0.0219403445785638 0.0261482892969395 0.387628018176656 0.671939110121095
-0.009271353958458 0.0544342013379448 -0.0373169343644516 0.485252037035742
-0.0222209622898582 0.0447383882360991 0.0704774097191354 -0.0760545885204888
0.0145421489186641 0.0298563689301076 -0.23152680171505 -0.482998993750817
0.0286843444451643 -0.00134695101647793 -0.759339893218615 -0.0820787889361622
0.0275332167580173 -0.0164041875618487 -0.437101818311549 0.62051325685652
0.0290817439281975 0.0166265576217264 0.292618649446051 0.560761619077252
0.0156689616085461 0.0333692078098732 0.434204488970781 0.0783268364289763
0.0163196667353775 0.0196906054410357 0.249388963769842 -0.142595878300757
0.0101903495900878 -0.00707586585392508 -0.0119297035247784 -0.189483808035824
0.00701083757423344 0.00634210768158057 -0.0407493943731601 0.102012171216218
-0.0141485702628399 0.0477174992415766 -0.209225393675898 -0.0593076665627377
-0.00393288600981039 0.0252801934170588 -0.223356543222113 -0.359043393109114
0.0266616048015154 -0.0243978567865795 0.276588714732052 -0.523009867205624
0.0424543893416755 -0.0356583908450351 0.749454559582829 0.00483395856965678
0.0452951396363755 0.0397907866073502 0.48144173138824 0.596082605182284
-0.00499015206302058 0.0920315557622722 0.00864607189415596 0.498845394761361
-0.0280882180738542 0.0872288274374689 0.0676783380437853 -0.0499642008138814
0.0269634808802472 0.0611711238816971 -0.183887106649036 -0.491242713436325
0.0489959306784485 -0.000136070595166588 -0.747618233564954 -0.186939323986078
0.0395894906488257 -0.0340089824296406 -0.522493633279097 0.554743673672576
0.0364322875265403 0.0109308528754606 0.221257823706198 0.601244637081593
0.0210901977665038 0.0469413500346693 0.428940085506873 0.137371330687661
0.014084993738634 0.02855277329797 0.262376216838336 -0.11263887028583
0.0111351561014058 -0.010150205228797 -0.00664940229974155 -0.178491704965461
0.00768099645808331 0.00324350794287429 -0.0370367131605361 0.107831662816687
-0.0136741421823184 0.0506752756184381 -0.211753642352359 -0.0276982625227643
-0.00308008373844652 0.0341657303313473 -0.273750379637723 -0.308403629233044
0.027750867141999 -0.0249742242158013 0.151662177838346 -0.56438304469247
0.0461931384273723 -0.0471457565338102 0.707058461612363 -0.17586410477454
0.0687555437281501 0.0364430055290472 0.587880347050139 0.469679980641586
0.00948547238171143 0.113039889921732 0.0762188167875406 0.511976546934608
-0.0330405541439643 0.116845364386699 0.0618387585297554 -0.0102602742024412
0.0247314968577568 0.090743117331907 -0.115447665305214 -0.492341944903292
0.060587652393753 0.0121481158209925 -0.70348209911052 -0.338209199394735
0.0481147446508474 -0.0410180314175558 -0.644890687137583 0.432688496143372
0.0392409046397501 0.00581572123939401 0.0996867331873139 0.642319202032946
0.0221792601147922 0.056248817368144 0.409979680645211 0.216725140462191
0.0124882635722837 0.0353670220997494 0.280570587572216 -0.0694735882208963
0.0127858740162259 -0.00973635842580906 0.00313985330150557 -0.166413584299616
0.00798497191821673 0.000328922894808959 -0.0312222020567708 0.116282426563332
-0.0112055039955045 0.0468854477081267 -0.210068793914957 0.0116552593415646
-0.00329214815159377 0.0364016389738116 -0.318987712570768 -0.237777090576008
0.0222461804231821 -0.0240609413083673 0.0112643880710815 -0.574951244027566
0.0378356953050679 -0.0556518094170931 0.621192281227803 -0.349867581891358
0.0803862296941599 0.0194429467989556 0.672955532891354 0.311326041842918
0.025883624907989 0.114365207144535 0.154896805170861 0.511179759064986
-0.0364365981224729 0.129117165701515 0.0558548026077997 0.0387604943285276
0.0105429752984927 0.109793503813543 -0.0382869547714418 -0.475395418563828
0.0581311214947964 0.0335654034348929 -0.617905836408157 -0.500855322717746
0.0525560026348839 -0.035387680722409 -0.753851754133395 0.255296159807214
0.0353619503918506 0.00374552845384814 -0.0562307028777215 0.6548054571862
0.0183089901645023 0.0580918393401124 0.371066432546289 0.304702997693991
0.0100308830129603 0.039327581586734 0.296501656195284 -0.0193013324424148
0.0133224603713354 -0.00754950567503003 0.0151899773762834 -0.156297902887202
0.00687167657985055 0.0132972257629312 -0.0233304886476685 0.104649231343615
-0.00587299662657443 -0.00320667439102184 -0.215553135851184 -0.0284847808664089
-0.0398047452402628 -0.0362235626424006 -0.265611308513859 -0.310316495400151
-0.0372433161663449 -0.00417346981381915 0.184521359826961 -0.535203104265857
-0.0469536708532509 0.000996591119376859 0.701030668101518 -0.111972952882889
-0.046068992902528 -0.0275822789379044 0.540536298334447 0.515102183357107
-0.0149974662268463 -0.077276190781112 0.0463016679305516 0.516924299503739
-0.00258509229234432 -0.107799540545782 0.0614278611726978 0.00328143409653291
-0.0448643448558628 -0.0773942041346347 -0.123696486989143 -0.470321120926439
-0.0659382124868012 0.0201531162923004 -0.711343274686839 -0.280613232593293
-0.0296797736787326 0.0516401644918858 -0.616184553721458 0.46571098578063
-0.0295117048993898 0.0272798410531335 0.117054696310221 0.622585450494737
-0.023812168222039 -0.0259803347040803 0.420550087775892 0.180882274550632
0.0173052284541205 -0.0129834556372204 0.289689939538728 -0.0919668489099633
0.00972656417806997 0.00983589096052 0.00534370323457541 -0.183656104882756
0.00798393769518024 0.0110268040023293 -0.03002971521435 0.0996810748980521
-0.00760320773764627 0.00499783598635318 -0.210887781107378 -0.0581096744985868
-0.0299981830241626 -0.0294934991796419 -0.216126641983517 -0.356828557721873
-0.0234978234582646 -0.00872227005144202 0.293443399209186 -0.493886418482463
-0.0321172135184934 -0.0115675022738467 0.732830504907944 0.0471680118253986
-0.0304421363101035 -0.0314035503642388 0.442515971288885 0.61897322827231
-0.0027349211237776 -0.064118384072127 -0.00955063446436609 0.499119037281511
-0.00536774120344462 -0.0840391340699731 0.0658060951083083 -0.0368385357312094
-0.0401105437409264 -0.0540939493969932 -0.186422854452241 -0.470813555572059
-0.0455700594730916 0.0243288827182406 -0.743874412957828 -0.150366618366807
-0.0133045269243667 0.0431516456390902 -0.503561866196197 0.568401379235714
-0.0150051566851647 0.026488903071612 0.225697514654257 0.580047071036492
-0.0134821497716263 -0.0137775834529716 0.43384402188726 0.108111456253465
0.0180794154375604 -0.00514556972460234 0.269335273324145 -0.128443455296273
0.00873465151938382 0.00674017810035729 -0.00441480449409786 -0.191715686593665
0.00790504846048789 0.00971408137646339 -0.035631082886459 0.0976230943901167
-0.00913014196684968 0.0160727542841048 -0.204722441194096 -0.077333885391399
-0.0208111438784064 -0.0172898546774712 -0.176931304134877 -0.381404586604843
-0.00852578543483295 -0.0138004590740908 0.363953808439598 -0.455534230546954
-0.0123129797927223 -0.0193460951920697 0.735672466834064 0.157783865434246
-0.0139962219189864 -0.0199945033716629 0.365695351435472 0.676726592055904
0.000290810082149678 -0.0337827249126241 -0.0451465788304189 0.4817302793831
-0.00969017974374409 -0.047399398311843 0.0688801856176105 -0.0678332561562726
-0.0251992909452455 -0.0277153222872043 -0.228586647326626 -0.468794359729479
-0.0216415056089877 0.0186074625528964 -0.753036027753495 -0.062694848983308
0.00269681518012753 0.0264876862736061 -0.423177721439837 0.620641009538138
0.00182450309988017 0.0249484811909855 0.29276731742054 0.542601400686486
-0.00332444559778557 0.00137367695737498 0.432322571157045 0.0614908388945199
0.0186892872624922 0.00294692135320018 0.252237638881141 -0.151232396336162
0.0085033487030678 0.00154604678029621 -0.0113947843577176 -0.194976451402016
0.00741127541608931 0.00929616465135511 -0.0395761092136525 0.0972130737663704
-0.011648433862066 0.0280891781401566 -0.202358592262731 -0.0841559255600506
-0.0132040702773819 -0.0021623097766927 -0.163328488547114 -0.389836962630662
0.00658994026270657 -0.0178651675332433 0.383761872607884 -0.446854982096065
0.00898121082588352 -0.0224486149798718 0.738582758519231 0.188551392893382
0.00319870283455207 0.00308304449268186 0.343543213066574 0.690151738335074
-0.0043628337222551 0.00874636743246833 -0.0535494645567628 0.47383282814043
-0.0156964227057887 -0.00243129647987291 0.0707045922822364 -0.0807995986372182
-0.00510443027493529 -0.000837872092589338 -0.244343121583661 -0.467887611348454
0.0035295368728048 0.00733028846394776 -0.753335707885672 -0.0368675804115441
0.0160247959039044 0.00539868154144142 -0.394475950870021 0.635569936126156
0.0164756378883832 0.0210659307363425 0.313229431128892 0.53131284015188
0.00638121050961042 0.0172927964302978 0.43104213254767 0.0502970436860814
0.0171628142765576 0.0111810053712818 0.243719933495968 -0.155231940152751
0.00955308809693005 -0.0024649906375219 -0.0145057026850717 -0.194371892521541
0.00686629248328423 0.00811017362085074 -0.041005064366153 0.0980341460823623
-0.0131221559382885 0.0397492197791631 -0.203579812403634 -0.0780787519123524
-0.00796408080810195 0.0124954987297328 -0.177656467787619 -0.382033031981342
0.0188972532531792 -0.0212139942288623 0.351687986061075 -0.470366824751181
0.0287409402846483 -0.0274617010881365 0.74236310229011 0.133294336369026
0.02161936024846 0.0265183324014304 0.385261159701976 0.660161356390209
-0.00938865163397302 0.0532209179680187 -0.0335902842281744 0.478454987751
-0.0216911547191854 0.0450289335923404 0.0700201093354728 -0.074885265233147
0.0149227928770261 0.0291608153641247 -0.229142710784525 -0.474405857661069
0.027991182416242 -0.00119418381245935 -0.752180785507344 -0.0768300239987613
0.0274899237857843 -0.01659409333808 -0.429658323536554 0.614824589356926
0.0282139339222477 0.0154682052404881 0.29225915130153 0.551489815388556
0.0153473374860611 0.0336312967429759 0.429168492559074 0.0748433852291685
0.0157026787495328 0.0194288668977848 0.246127462188293 -0.14256298204813
0.0108200480439571 -0.00747838335474265 -0.0120582033199891 -0.187883276069787
0.00675380442412606 0.00549205152231381 -0.0400701308029439 0.101271498642832
-0.0142512129903499 0.0468651510019928 -0.207171021924406 -0.057791040487302
-0.00449416254245713 0.025175785743084 -0.220206435957977 -0.354830462146106
0.0262158232529525 -0.0239676738464415 0.271627743489237 -0.519248590723357
0.0422295554106859 -0.035460204750675 0.739130015643276 9.7019112836307E-05
0.0453098497491856 0.0396275805765973 0.477005784802532 0.586389494451677
-0.00414109113067943 0.0898516682913282 0.0117229812254563 0.492030678062506
-0.0273009007037314 0.0867223949386431 0.0665889433739476 -0.0508180526232036
0.0269975468348785 0.0600339047628989 -0.184075459855686 -0.483596411267925
0.0481499139943995 -0.000336328514980682 -0.73697180612686 -0.179395262052928
0.0385894937344612 -0.0337438825144539 -0.514504129767648 0.552177460799416
0.0353258148947766 0.0105891279711633 0.222374724960705 0.591794135286753
0.0211250259961808 0.046745505172132 0.424547769667538 0.132679723855789
0.0144853917896952 0.028097192372569 0.259731828463031 -0.112848498271625
0.0113982158644303 -0.00939689630211852 -0.00668334161641449 -0.177223655578791
0.00634807448350234 0.00236510860212737 -0.037188180284235 0.107384773793257
-0.013827568674887 0.04935276374671 -0.209644972624606 -0.0265377579667061
-0.00246363804056367 0.0341822783785088 -0.271612852474793 -0.30301648373118
0.0274092532208692 -0.0253221479591698 0.147005465776773 -0.558994316170874
0.0459221085243955 -0.0462791673812798 0.698057107289972 -0.173836606070984
0.067066433085255 0.0351568154231331 0.582885060140874 0.461708509136163
0.0100862564104396 0.111816689315442 0.0768288841218954 0.504085782552748
-0.0316300466404807 0.115523599162034 0.0623168355790337 -0.0107499222315633
0.0253683643671995 0.0894730725307905 -0.115323438685772 -0.485007482977388
0.0601443619125232 0.0121940362910297 -0.694723745203588 -0.329808615865179
0.0473631299977094 -0.0417873163629563 -0.632585776370877 0.431566177218101
0.0379219418192696 0.0061855084796375 0.102235885465202 0.633035849341632
0.0225649561746372 0.0555058247291536 0.406154794928905 0.212832413474659
0.0124557847197994 0.0339596369200639 0.277351320594431 -0.0701765487923949
0.012238534204783 -0.00975433963604229 0.00348457014544027 -0.165622465007289
0.00778400402166689 0.000764790419639578 -0.0302372354591981 0.115634504626684
-0.011431698375413 0.0457811248253737 -0.207426050834666 0.012524472829916
-0.00286276275021 0.0359938216668018 -0.317302660517336 -0.231761723870116
0.0208551750659173 -0.0235489933818517 0.00789766687235828 -0.565843061378056
0.0374380365562654 -0.0548264033457516 0.6116755564898 -0.347311365672149
0.0783143883730521 0.0194084762384758 0.664757925036338 0.3033282162371
0.0258235800592978 0.112517665682806 0.155212783013175 0.504756460042191
-0.0350744882724177 0.127503742116566 0.0556660435000184 0.037895674524466
0.010599860004041 0.108523406355171 -0.0392901792128402 -0.468599007409543
0.0580912953578095 0.0338264406451514 -0.610776479269189 -0.490844402815996
0.0515152898672854 -0.0359768425693201 -0.742363202004123 0.254861105218067
0.0347492635460294 0.0035849296216695 -0.0520972270913658 0.645456717372796
0.018518589877041 0.0582755965849487 0.367147229237244 0.299177723976168
0.00927368602131719 0.0381527219182877 0.293340033101196 -0.0215078660230227
0.0128843981585914 -0.00714914726818987 0.0145750298755012 -0.155313475252532
0.00676007333047641 0.0110053225330489 -0.0231390974704096 0.103499661269005
-0.00612899515729677 -0.00306082054905371 -0.212967662796251 -0.0276217021014826
-0.0386066750238277 -0.0357481743581291 -0.263016835763594 -0.306708189640227
-0.0365388869788141 -0.00384871312661697 0.179169958488587 -0.528202711749608
-0.0463537120891584 0.0019100233732205 0.693116480547173 -0.112753336395647
-0.0449302910062782 -0.0266055445683674 0.533649028978825 0.506179470170429
-0.0139285674179954 -0.0764344848971209 0.0459773273468275 0.509207868805207
-0.00220138714482712 -0.106198875677419 0.0611519310290793 0.00388233654286029
-0.0440774590235806 -0.0766173253288261 -0.123231348729604 -0.463007810617901
-0.0654270272484592 0.020400854912151 -0.70345590439582 -0.276148767362937
-0.0288417771921482 0.0512613891437882 -0.608253581248146 0.461643200547154
-0.0293960135190018 0.0279366861885546 0.118370896815445 0.615026928339135
-0.0241086120039432 -0.0253039609559747 0.416293723765958 0.177803103804146
0.0183864671588163 -0.0136716960406337 0.286336584505978 -0.0932048849338669
0.00912313462451277 0.00916547875150753 0.00563792352245943 -0.180772338657426
0.00769837030049988 0.0110351710245708 -0.0295331424223385 0.099136293672378
-0.00692943732431513 0.00402510391613515 -0.207814910397023 -0.0570679476910716
-0.029268783059484 -0.0293185969943508 -0.212948408619081 -0.350207296263265
-0.0232643148098168 -0.00822607404344579 0.289352879040573 -0.489358332742292
-0.0316852967568782 -0.010681114477315 0.720966037007539 0.0459041449153098
-0.0301593426577733 -0.0297996688640654 0.438426341589958 0.609486705311043
-0.00165969774696056 -0.0630260874955446 -0.0096636767277527 0.492068156545714
-0.00546672473519719 -0.0819327367379622 0.0649031426130695 -0.0368455723186932
-0.0399626253322506 -0.05352812955465 -0.18521780150259 -0.464674445331889
-0.0448918219547535 0.0236586575901421 -0.734581226983657 -0.146730447180384
-0.013138311300677 0.0424937327191118 -0.498323956167899 0.56135812673419
-0.0143882079290719 0.0267345628521393 0.224936243700742 0.572377244875874
-0.0136954985982032 -0.0129417067538757 0.428967565630214 0.104908021815554
0.0190092231095854 -0.00543939447237425 0.266630082419302 -0.127897965850792
0.00884501471694373 0.00667600049264526 -0.00398903683574783 -0.188715589745682
0.00768812280079103 0.00991045122915542 -0.0345329648541124 0.0973815154348844
-0.00865369250902565 0.0157348565608852 -0.201748471287992 -0.0758932782229496
-0.0211587669872227 -0.0168231473744063 -0.174818491107188 -0.377428819221061
-0.00798970335654963 -0.0132657017375288 0.359307452003051 -0.451958970305438
-0.0116887164341919 -0.0183006418111898 0.725199027223143 0.154006856781152
-0.0137920410003146 -0.018849041796786 0.361683513033553 0.665322942454446
0.000318187104345299 -0.0325224594002441 -0.0441463369855061 0.475094081587167
-0.00995798168357953 -0.0461037683090534 0.0683603552435877 -0.0659873437387555
-0.0254372246523958 -0.0271146140673106 -0.226650637925858 -0.460853154288775
-0.021562569730843 0.017951471177835 -0.742258204762967 -0.0585670793429422
0.00287128395870033 0.0261551346719731 -0.417780100079988 0.6142983480237
0.00114739088744439 0.0242634376448195 0.290616821629383 0.534677348703978
-0.00288769395505415 0.00141577929132908 0.428120817180189 0.0593374497596316
0.0175058193039492 0.00268632760119011 0.249734130364963 -0.149685351005989
0.00887077799634825 0.00185804393112328 -0.0103733521639497 -0.193091336690181
0.00766733084581539 0.00887600322776879 -0.0387287850310408 0.0957394293109196
-0.0106788701590811 0.0281506214270657 -0.199697481627876 -0.0833042991439314
-0.0133858921727319 -0.00188806947775347 -0.162119592234331 -0.38589642121646
0.00622076938940133 -0.017700436535929 0.378681248728505 -0.440684779160868
0.00910704774113095 -0.0223415164868741 0.727068286777209 0.185377684143919
0.00302626191352376 0.00323662008476444 0.341292410279974 0.680460298046982
-0.00430812162025762 0.00840747244416695 -0.0509844440458461 0.466442808188452
-0.0157086508896194 -0.00209434828193161 0.0701778981789098 -0.0800691476044749
-0.00430036295670396 -4.1688891881159E-05 -0.241784377733756 -0.460772303344031
0.00367864159087452 0.00755657539385927 -0.744505459413961 -0.0360748992600017
0.0161205926604078 0.00523843800185054 -0.386629636298021 0.629142396329016
0.0167440584874304 0.0200683259098983 0.311584581711723 0.523643529438851
0.00615122153533716 0.0175844008063843 0.425709278911787 0.0480885188100662
0.0174654229099203 0.0107188874206961 0.240173899747183 -0.154296949741278
0.00862662084261008 -0.0034741241693282 -0.0133983865675473 -0.191737231984728
0.00632131787217805 0.00738838088767264 -0.0408185395122331 0.0966799740189163
-0.0129567558729006 0.0393033838384505 -0.200559457026725 -0.0775916086921773
-0.0080051707711511 0.0129292867214354 -0.178098453784534 -0.378010267103884
0.0180126562995955 -0.021041951268438 0.346544835256013 -0.465725672396917
0.0280967789009593 -0.027011023171576 0.732719079554313 0.130032114063837
0.0217814778177074 0.0261582918641123 0.380578172099937 0.651923029801368
-0.00851243533672277 0.0525918409249534 -0.0325079677149379 0.473014634958085
-0.0218128827305288 0.0439321795683624 0.06876519893153 -0.0737448016551744
0.0146514243500502 0.0285933265829537 -0.227216560397195 -0.468245430617665
0.0271681722652971 -0.00051083439390316 -0.740723909348819 -0.0741873262627352
0.0268285481952037 -0.0162667699312636 -0.420426925729034 0.609298165233877
0.0280317788131597 0.0160956844129088 0.290754988383766 0.542405180570024
0.0153501195141152 0.0332043833018103 0.425696511563484 0.0723785489629124
0.0157229549171443 0.0188433196200989 0.243934271909297 -0.141779083568422
0.00982284006987755 -0.00699117541437452 -0.0117828150453347 -0.185743505374442
0.00579916330307487 0.00448999443452098 -0.040603791070798 0.100228514167911
-0.0133932900657636 0.046762506873784 -0.204441655932079 -0.0570649520799718
-0.00386024621101168 0.0253542011302484 -0.218040325911064 -0.349062185722186
0.0255271348528324 -0.0246298550481979 0.265913470625885 -0.5118236909861
0.0418486611965231 -0.0349786405160537 0.728736163665049 0.00120783752498385
0.0446406834777272 0.0387883100740969 0.471050205301185 0.577554165930664
-0.00487527779249684 0.088209205544804 0.0114091807538543 0.485219670862087
-0.0267110845357623 0.0854168474871212 0.0655264525032134 -0.0488802302147315
0.0263742729505958 0.0594585396804345 -0.18116870517488 -0.475805641215152
0.0473318174863158 -0.000740820873567864 -0.728808708867177 -0.176647158925018
0.0379112316682049 -0.0332905315756888 -0.507587628281605 0.545270046547884
0.0350975273201999 0.010278742076314 0.221750577765958 0.583243623031808
0.0213071399831609 0.0462307317401849 0.419549110598997 0.12864444014984
0.0139225124342925 0.0265882319596336 0.256364742073594 -0.112826477977681
0.00979909173688644 -0.00943969537077641 -0.00712034736727096 -0.175436243972423
0.00627537494189273 0.00223132936919733 -0.036541522515807 0.105554599700338
-0.0126925318994126 0.0482482688910876 -0.207579603348782 -0.0250731318604143
-0.00263955707252427 0.0337099750075614 -0.267913917018958 -0.298995340696678
0.0269562630673256 -0.0250920591847571 0.144956670955798 -0.55277743630798
0.0445284981323571 -0.0457619463708656 0.689270014158878 -0.1740390365181
0.0666757958618062 0.0355087998618299 0.575785305294041 0.455308819248254
0.00980108083009299 0.10910888051051 0.0767609503430459 0.496215074855622
-0.0315627671636806 0.114591403620622 0.0612355951406137 -0.0102162309523643
0.0248974547852576 0.088303983017005 -0.113775777472728 -0.476658092676981
0.0598452126997807 0.0126021925806421 -0.688181942599069 -0.324665545407273
0.0462094021622886 -0.0403466486222606 -0.625006225534419 0.428276658286389
0.0374400287228623 0.00639286714616705 0.103106020437299 0.624297014050391
0.0222875264542269 0.0550901722582937 0.402457077667261 0.207945705779136
0.0121319323720451 0.0335505920584355 0.274216055546774 -0.0700941333817124
0.0114272121039201 -0.0101982929466401 0.00329958507011091 -0.164270828736027
0.00794357644844761 -0.000505345660525205 -0.0305863302219801 0.115240050638018
-0.0112828901242681 0.0453355710327683 -0.205872438823587 0.0121847381966292
-0.00303718660433983 0.0362585287464957 -0.312434465714629 -0.2304467187068
0.0209694990839859 -0.023437791571673 0.00817351503359197 -0.56017958303134
0.0369759837700027 -0.0535946798503056 0.602497455986644 -0.343337826031141
0.0795850171445738 0.0192047226879024 0.654501698380209 0.298875937232787
0.0252762665637576 0.110486163640595 0.152933461157231 0.496529053890417
-0.0346861686495178 0.125368531645918 0.0552603211632314 0.0370470641481437
0.010379454909279 0.107717621460499 -0.0390846917358068 -0.46262886475449
0.0574138595424454 0.0324663148652507 -0.604275361252249 -0.483139918253405
0.0499877032080304 -0.0349460510842743 -0.73134451618506 0.253489733214256
0.0343136591770641 0.00376852827210264 -0.0509421794937268 0.638698175392005
0.0184655363871318 0.0576546381908097 0.36290605794241 0.293291851007867
0.00925046463284678 0.0368401666178173 0.290611387069135 -0.0213861629778628
0.0122909088313904 -0.00702674977631833 0.0155710354987938 -0.154213082442897
0.00642087654774417 0.011817778224267 -0.023548297956706 0.103908072254326
-0.00502910925777614 -0.00314466056241745 -0.210129890794205 -0.0273197031792193
-0.0380821894731719 -0.035144665319089 -0.259446402193747 -0.301890618583262
-0.0361298131071667 -0.00358335417830993 0.176855526215046 -0.523550587404141
-0.0458908048971847 0.00264867584916635 0.682309462840219 -0.109665799658026
-0.0449280717591192 -0.0258141179692207 0.527018993633801 0.49872603716633
-0.013191453037494 -0.075442986460376 0.0470691445088595 0.502036929737824
-0.00235027707062316 -0.103334119563641 0.060298508416614 0.00410408023426864
-0.0435784955015933 -0.0756957983707354 -0.120585356390005 -0.457582939182837
-0.0641938929144756 0.0203109491022559 -0.694216220725893 -0.273527236238848
-0.0293168576601701 0.0502742435557673 -0.601240222214159 0.456036597161438
-0.0283984592705639 0.0272422439088899 0.117858861839771 0.606911277746363
-0.0230560509201114 -0.024544292089052 0.410925861657173 0.174355470634728
0.0175584929051784 -0.013748893552458 0.283028481009946 -0.0914961466156851
0.00903320784943377 0.00914311208308498 0.00670023684619764 -0.179185720739395
0.00749181692692947 0.0102895980296115 -0.0292698237905218 0.0989577792249964
-0.00655605422819512 0.00389673971627312 -0.20523277253807 -0.0556886952816603
-0.0294451919119382 -0.028147329641207 -0.210466194618504 -0.346760550380131
-0.022656544734021 -0.00860067209289771 0.285031673145471 -0.483010346189478
-0.031211319637823 -0.00982463064661908 0.711815780318535 0.0462753074684305
-0.0294155873952387 -0.0298599852908177 0.431479643511092 0.601497946873645
-0.00177789293371776 -0.0626261777740603 -0.00935934161241809 0.486286888689409
-0.00547227122487765 -0.0809710802186632 0.0643523750532143 -0.0353973625172498
-0.0391614855495292 -0.0528233416868122 -0.180910813444233 -0.457564679491279
-0.044707046232014 0.023708187939465 -0.725943893699309 -0.14516786954046
-0.0131253504245732 0.0422423905183248 -0.490565682310522 0.555418231205086
-0.0138437999022464 0.0257628493114335 0.224307959030373 0.565208532325581
-0.0134494565526048 -0.0127082371021245 0.421973255887449 0.105148735348037
0.0185558203258995 -0.00534123535946047 0.263548620398491 -0.127678158959298
0.00848241845138633 0.00653856544237546 -0.00318801997099663 -0.186377963139196
0.00750769283126877 0.00893864924972039 -0.0356853481051743 0.0959873233097759
-0.00754288523418835 0.0149114706603708 -0.199795430808367 -0.0753771063217483
-0.0206932556938618 -0.0165700802587138 -0.172288183576151 -0.372582038187599
-0.00822487933037899 -0.0132988331632567 0.353552191629242 -0.444926597530075
-0.0120243235430956 -0.0175008824595447 0.718114848519962 0.151634701850616
-0.0137616799414948 -0.0181170304284039 0.357203616245974 0.656513957251123
0.00118517494093562 -0.0339970851562984 -0.0431434895542911 0.468155795956313
-0.0102731186995628 -0.0458117615497369 0.0681481873192007 -0.065003150349439
-0.0246044904170796 -0.0265920960022276 -0.222303852994362 -0.454063278813858
-0.0214100084252377 0.0189273492158448 -0.733760176476944 -0.0599347822271384
0.00167036956249679 0.025992953173051 -0.410592956290587 0.606542071437996
0.0013816867045269 0.0238579556396172 0.287579880956832 0.526408577850062
-0.00338949938717183 0.00190508097762962 0.424081071471845 0.0590699928258514
0.0185329544650407 0.00220647290332066 0.246041920759363 -0.148586762799662
0.00804862036878803 0.00198469925349913 -0.0100184490777576 -0.190484326411839
0.00699652496713684 0.00753299954137495 -0.0389662205710357 0.0956876686453965
-0.0103714001302672 0.027284468050099 -0.197347720561523 -0.081595380772344
-0.01316536763334 -0.00212997031545793 -0.159600570614858 -0.382323517406832
0.0059078780926825 -0.016799479528032 0.372174860949478 -0.434527485474295
0.00938191718128968 -0.0217860136507206 0.717951593415194 0.182193631475661
0.00287693020539882 0.00350763237939496 0.335127904444287 0.671895298059789
-0.00425636957468106 0.00817776469312172 -0.0499198348783554 0.461126369250329
-0.0155970417117571 -0.00192067990420422 0.0694058049442168 -0.0785567760211423
-0.00387392193696305 0.000662788950067676 -0.236866470632546 -0.454055775490493
0.00357299749321846 0.00884128574554553 -0.733763485389344 -0.0351589411062873
0.015299674662306 0.00541172230686283 -0.382821634372064 0.621588383019076
0.0157141500610401 0.0205387702830213 0.307010139238222 0.516256903424577
0.00699830228371791 0.0177788594546179 0.420124009178987 0.0472694486521314
0.0164232347578466 0.0102136582022846 0.238406608818604 -0.152805176382518
0.00868561697794369 -0.00298995508189169 -0.0133492941517317 -0.190012811614204
0.00630062641351961 0.00694041701909707 -0.0409938048233296 0.0959484406408239
-0.012635191150504 0.0379671642330755 -0.199257416900586 -0.0759723202321513
-0.00782358435150479 0.0130941587728288 -0.174833440169372 -0.373461768140268
0.0185172577820642 -0.0207598611659275 0.343120847111909 -0.459334133411447
0.0276336749637512 -0.0262041437172061 0.723368052178675 0.128921299122114
0.0213722683641475 0.0258877250729591 0.375536197103306 0.644135460756655
-0.00837175143467157 0.0510451628810792 -0.0329381776304263 0.465241985210592
-0.0213521220612595 0.0443311726641375 0.0689240118527232 -0.0731152939780458
0.0146454363228915 0.0283669647349446 -0.22285364413982 -0.460788462609038
0.0273957014026396 -0.00124524204465074 -0.732183345748882 -0.0745581529449142
0.026770788605418 -0.0159326686516654 -0.415801885490283 0.601256667431898
0.0279250655879971 0.0155922215343287 0.287102972539223 0.534506738382652
0.0150384086563832 0.0325093556323396 0.419152109718701 0.0713842264711698
0.0151846076862841 0.0185808966198812 0.241675032278592 -0.140745005491368
0.00930712519020027 -0.00713176649192498 -0.0111266924160674 -0.184181956976523
0.00581895618202537 0.00500983726847099 -0.0407791939942523 0.0989564860870156
-0.013236066546731 0.0458266734860984 -0.203205015274904 -0.0569095254147462
-0.00486175685700082 0.0253932421913374 -0.214677294226621 -0.34559127986207
0.0253454283080601 -0.023466946578787 0.261834748717027 -0.506644632778265
0.0414491889163721 -0.0338537589524076 0.720332471155556 0.00119405410615676
0.0439286087697472 0.0385338445771029 0.464570656477096 0.569726102596023
-0.00386089744776568 0.0873653350002003 0.0118538983645962 0.477974096499005
-0.0266365707317334 0.0842116088701372 0.0652217605528576 -0.049012990925517
0.0252431275303973 0.0585228506747647 -0.177489266007377 -0.469029202524439
0.0472276057824764 3.15861867345221E-05 -0.719375777289771 -0.175282598764149
0.0370639592222235 -0.033271493348224 -0.500273127637072 0.53880932814327
0.0350001458745171 0.0103404547587311 0.218719663260842 0.574691552955632
0.021206224042386 0.0454537311671078 0.415274864483816 0.126154064611592
0.0132569738507161 0.025638706976936 0.253724254640465 -0.111976820244168
0.00893006842169372 -0.00907766904196846 -0.00573867649940572 -0.174000527983018
0.0060914705448335 0.0024859699284642 -0.0372381591630945 0.105339642334793
-0.0123395963334383 0.0478774032614844 -0.205693672640033 -0.0261333813864854
-0.00230828022585765 0.0338167882450552 -0.265054401049181 -0.296224324029219
0.0263157576056369 -0.0247743629526034 0.142268631332593 -0.544972928150091
0.0446871010255676 -0.0451839027281852 0.680178765100615 -0.172031452088938
0.0654176512528242 0.0355395869843955 0.56672317594137 0.448777935954559
0.00908647486089328 0.107765335373998 0.0772299567171099 0.489044695810832
-0.0307234676263459 0.113082192387405 0.0602451254216846 -0.00976825223826544
0.0244624480566258 0.0869641515907121 -0.111833135701485 -0.469900243912775
0.058275955043544 0.0117864564801823 -0.678660402022566 -0.320161454440928
0.0453439559972804 -0.0399672193717445 -0.616037149108743 0.421886378618194
0.0372998125963104 0.00580340776519405 0.102136343241045 0.616791568371148
0.0220652154361682 0.0539902671105467 0.397021989341427 0.205629721016572
0.0113899874151698 0.0330313577806905 0.272003038844074 -0.0704212216800955
0.01055048307686 -0.00948019878084501 0.00302972892351377 -0.162070662902563
0.00612553362032981 -0.00032474698950991 -0.0304627468422917 0.113723983380486
-0.011300988497497 0.0446226071105237 -0.203426635871646 0.0116818779413531
-0.00312099059130412 0.0358588711636773 -0.308401665421255 -0.227770995653856
0.0207467578388982 -0.022913272063927 0.00706093489977485 -0.553205562027922
0.0370538678060947 -0.0534543122300476 0.594827383805205 -0.339423884723479
0.0771838817591471 0.0188454949983423 0.647393188368328 0.29370298470728
0.0251761017711898 0.109156388368532 0.152423404671735 0.489750387814729
-0.0343087052971392 0.123673730153368 0.0544897761083138 0.0371664324787206
0.0103991516872582 0.106343399282745 -0.0370970685068963 -0.453355995369282
0.0566649705358096 0.0326421452570609 -0.595744451325253 -0.477613770458982
0.0489615516714476 -0.0347510349868067 -0.721468191269784 0.251327452420227
0.0333621694609733 0.00351318592397657 -0.0489211272456657 0.629740889256164
0.0186076815579746 0.0565119625806945 0.359633524408223 0.288669089833998
0.0095444203316992 0.0375962706911036 0.287732781245047 -0.0224007140824483
0.0110751348525718 -0.00783181252358018 0.0162176621297142 -0.152419461224538
0.0068344824072867 0.0108306643290966 -0.023379916663504 0.10195353316626
-0.00491349733676019 -0.00305723573722949 -0.207571904759364 -0.0276456869759036
-0.038257396498077 -0.0341364538904302 -0.255511206763238 -0.301142179329938
-0.0353613641392918 -0.00349727367389295 0.176546507973077 -0.516959950234441
-0.0454050074842731 0.00256600131283001 0.674713701121171 -0.105983470608561
-0.0444017925245175 -0.0250718579261705 0.519717467283158 0.495799864999677
-0.0122830801284572 -0.0750662315959027 0.0432220197632239 0.49640442832328
-0.00242995617125149 -0.102315644673535 0.0595245201672718 0.00468588331789121
-0.043043744898407 -0.0753365106202494 -0.116228907773022 -0.450290782932107
-0.0639701713118763 0.0201452136316346 -0.68496826810752 -0.275024196325264
-0.028651133855583 0.0497688575634281 -0.596326651550678 0.450143152444981
-0.0282597461441247 0.0263845278485143 0.115544526190617 0.600223113583941
-0.0226006740035235 -0.0238444789772894 0.405946562543323 0.172295114253637
0.0177079503849661 -0.0133315273621142 0.280514979834211 -0.0904299507178029
0.00891761729814948 0.00960159692561462 0.00705273886495075 -0.178329119839499
0.00714768017619849 0.00992449684158767 -0.0299516730844891 0.0984546729631182
-0.00492781752609599 0.0043473294104662 -0.203815766755121 -0.0554703393384844
-0.0295356950493419 -0.0277065281928473 -0.206894782691418 -0.34423900706619
-0.0222081165920502 -0.00902019659240318 0.28264449774473 -0.478736713201922
-0.0308747123044511 -0.0094149292388431 0.705648688868365 0.0482499373790881
-0.0294833882285545 -0.0293910936714659 0.423968292686425 0.595143655480993
-0.000630328512876701 -0.0614044277071562 -0.0105076392704272 0.479176414767782
-0.00550511394131027 -0.0797725651523281 0.0637456241891462 -0.0349667373030752
-0.0386705709080194 -0.0520542672917225 -0.177326330727361 -0.451984243028469
-0.0452647962104476 0.0238637232910931 -0.716711754574382 -0.146697853157306
-0.0126317227955209 0.0409952291639128 -0.486042290026353 0.548009039968613
-0.0141741354855697 0.0261595656953031 0.220913447209127 0.558009084455316
-0.012725696290546 -0.0113148636426943 0.417597869507762 0.102529329312141
0.0180165129841313 -0.00611067372719785 0.260784984132554 -0.126291631682933
0.00741981679858345 0.00628597011223208 -0.00198041000831313 -0.185402361535151
0.00765348041423341 0.0092372817437776 -0.0343401802052413 0.0964984735634215
-0.00679143985077396 0.0139095464063252 -0.197713442064922 -0.0750893239413786
-0.0202564496104827 -0.0162018201165101 -0.167965662937098 -0.368971828314394
-0.00819019093082897 -0.0134927526698841 0.350401558831679 -0.440132324884171
-0.0123506906469284 -0.0172012107287324 0.708883135128378 0.153459988127344
-0.0133068543777028 -0.0181394392203814 0.349508028322191 0.650013569036872
0.00184006637645082 -0.0325814386286915 -0.0447001281372542 0.46294845665911
-0.00927527488607425 -0.0448753813267692 0.0679776620612447 -0.0649901096371588
-0.0243825929891716 -0.0259963132851298 -0.21751933377549 -0.450035715392289
-0.0215893480709599 0.0182439610171015 -0.724765109119868 -0.0607598140400701
0.00243617366571936 0.0254874580817103 -0.40830569300566 0.599374851884874
0.00221916523333817 0.0242519645655048 0.284070812960629 0.521469585538529
-0.00325454270820937 0.00233236704443121 0.419485531587016 0.058191400993799
0.0185772344001971 0.00251789488784271 0.244183055628605 -0.147048977521986
0.00751671621720126 0.00152936694834687 -0.00919822917302556 -0.189285650736343
0.00662800723732038 0.00792266998054906 -0.0393071546787506 0.0940817354018101
-0.0101057596308834 0.0270284980715937 -0.194797591336519 -0.0817293220187292
-0.0128702924784362 -0.00177839679243006 -0.154545540786072 -0.377678161577426
0.00576544318048698 -0.0174169393887391 0.369765372811753 -0.431116786287092
0.00903076561553991 -0.0214527228706709 0.708490296138629 0.182387506628046
0.0021655544177727 0.00388730819199353 0.32966502618333 0.664685950821803
-0.00357456618742203 0.00750488108174049 -0.0517948067665282 0.453751375661584
-0.0152497436583148 -0.00233315220204587 0.0689073994276965 -0.0776744361201429
-0.00465909084443939 0.000226941741821751 -0.232029359239147 -0.449921580037842
0.00315397329488577 0.00823617038648336 -0.726417196930317 -0.0361499776165086
0.0153728183858486 0.00459350478195638 -0.380739987017411 0.614320029443265
0.0156552547593407 0.0203245370932929 0.306387697251534 0.5112468098869
0.00626720573747277 0.0178573244646625 0.41424370625292 0.0450541622298033
0.0168873808341871 0.00915631803429936 0.237816370598821 -0.150777451440425
0.00796485103296489 -0.003400577465545 -0.0115304423444613 -0.188150320130396
0.00537821196014343 0.00653933845173938 -0.0414317369033966 0.0954407146095218
-0.0120116341545906 0.0379934543693605 -0.19669349658028 -0.0753589257438294
-0.00808720701566015 0.0134316868435847 -0.173202059555259 -0.37137611245834
0.0179563518733476 -0.0205242652011039 0.340251433761465 -0.453840512648475
0.0284319853142118 -0.0256645883049387 0.713751130839855 0.12893156236758
0.0204556825447932 0.0260703158738909 0.369096767309637 0.63662542478436
-0.00831922163869177 0.050129729320797 -0.0335046966252088 0.458654563375206
-0.020611751059107 0.0438582786840846 0.0683125870758206 -0.0719246868231236
0.0148724262364088 0.0280669890087853 -0.218348876085091 -0.456375983245842
0.0261859200138642 0.00055502171271319 -0.72200196090743 -0.0747678438048743
0.0259124225556859 -0.0157287622263523 -0.413224705348799 0.592658748794671
0.0278074559647938 0.015690957038004 0.283561145766637 0.528296200001078
0.0144746807905374 0.0326109025745065 0.414257380953614 0.0704550655946576
0.0146757615642448 0.018171112416093 0.240135574647519 -0.139421246749721
0.00835649562430766 -0.00715630812705676 -0.010325080249986 -0.182038726756046
0.00565890408541305 0.00397913527227448 -0.0407278185821222 0.0980286585882746
-0.0130962071271807 0.0448382547765683 -0.202020269605197 -0.0570394433837483
-0.00395683674665228 0.0252310713858048 -0.211600849789381 -0.344069857699969
0.0250078701408126 -0.023116555050671 0.260813869929694 -0.499897135532815
0.0407276294735922 -0.0335748464692396 0.71274794172662 0.00224655040000059
0.0428065144201895 0.0387902626633268 0.45695664912754 0.565024048470798
-0.00475447885990655 0.0857916060799027 0.00984525846070919 0.472329249183031
-0.0271357023583675 0.0834294009069089 0.0648425983839733 -0.0471832924091036
0.0254042339525993 0.0574263346992115 -0.174182032115752 -0.462747620752514
0.0460383383618295 5.27748762450438E-05 -0.710162275350796 -0.176381690237483
0.0361522588357199 -0.0324036421631971 -0.496289412191106 0.531254014611704
0.0344320447366559 0.0104605340829375 0.216482905052909 0.569497075168583
0.0195923875075696 0.0457069586883648 0.410981271539831 0.126245730130501
0.0128119850020506 0.0257782259608707 0.252349091860109 -0.109914118709839
0.00937511942704764 -0.00998772754828809 -0.00479903918598079 -0.172005628262573
0.00507915918749016 0.00179124786614213 -0.0366501121663778 0.104333481259145
-0.0126644211681533 0.0465432510977353 -0.203815389187117 -0.0260105833030646
-0.0024767576777843 0.0330877012884734 -0.261436636402873 -0.293225996440286
0.0254108217242856 -0.0242710278444318 0.140960443720633 -0.537970224793138
0.0442649879289324 -0.0448073080226325 0.673581802826064 -0.168110853236206
0.0653385000245822 0.0348900421501509 0.559054530678299 0.445636483220865
0.00913340865829123 0.106450708345938 0.0736720890377363 0.483118415433356
-0.0312507170708243 0.111192078445539 0.0599627088907816 -0.0102781440831689
0.0239560600326905 0.0861141832757342 -0.108020895832302 -0.463953364968721
0.0573441242566808 0.0126336017444327 -0.67017665689012 -0.320952596795164
0.0446477624326423 -0.039145766519557 -0.611498551456592 0.416848549596784
0.0365429155812021 0.00588347432608474 0.0991234266980466 0.609176189778054
0.0217950829065134 0.0536839573736795 0.392520706209903 0.204359028344016
0.0108815390982826 0.0323890495781423 0.26896929571272 -0.0695831799627193
0.0101413709110988 -0.00873615685949099 0.00512766966655182 -0.161408686367916
0.0063676431866256 -0.000444661308857395 -0.0302814636396936 0.113465336779084
-0.0104723190619725 0.0433161564417385 -0.201347708789724 0.0103888485437288
-0.00284883097311419 0.0366232102715579 -0.304960767490485 -0.226335220152529
0.0211818277180801 -0.0228838879680165 0.0084843750935428 -0.548716841238336
0.0370015642141438 -0.0524751477934012 0.587869822723596 -0.333900600490432
0.0762822363774448 0.0192497840129268 0.637873722417356 0.292807482638193
0.0244650896706649 0.107562880268062 0.148092978041828 0.484291231334842
-0.0345203412062146 0.122538376473003 0.0537174401775747 0.036875456149059
0.00935853483583478 0.104260222182077 -0.0350566569535218 -0.448095282861924
0.0560356723256425 0.0319050275949338 -0.587699582748767 -0.474921935213534
0.0487584812661983 -0.034742198296522 -0.71556023054835 0.245539858621819
0.0336733142069015 0.00421383296542387 -0.0501845704702298 0.622201463161569
0.0184067882360894 0.0574178559023352 0.354743694233998 0.286352636263119
0.00883396599771794 0.0365048310325505 0.284915811891888 -0.0212813702255257
0.0109921322019554 -0.00681848722845836 0.0164428274152183 -0.150887130684966
0.00625451226008381 0.0110402993247118 -0.0238178096073273 0.101783728623634
-0.00424527864690861 -0.00391129707691365 -0.205778583933881 -0.0283412572258216
-0.0376243934707785 -0.0337110622419406 -0.251210035064081 -0.298302686609515
-0.0347029780846063 -0.00372099462530043 0.177020602900293 -0.512630366487252
-0.0449094759034808 0.00295926711439374 0.668437201984353 -0.10190500032807
-0.0436925582206755 -0.0254680083583454 0.509781854305834 0.492892057361478
-0.0114862774390325 -0.074318534078501 0.0418312981152082 0.489289556761355
-0.00110019654428059 -0.100962803219226 0.0590530375228638 0.003912557344442
-0.0420162730897225 -0.0744454299223488 -0.113642329073692 -0.445590211250747
-0.0631190646877994 0.020643023531048 -0.676571147133962 -0.274071808898763
-0.0287243321102386 0.048890141358028 -0.590901139817725 0.441781318188098
-0.0277705395754441 0.0264690315552876 0.113592202382319 0.59403829918857
-0.0228844453100215 -0.0233125475645589 0.401304560781902 0.172063020890127
0.0178570590858733 -0.0133344165114431 0.279146810512766 -0.0883569614814125
0.00966865480534597 0.00831352921709793 0.00839983011468048 -0.176448710243048
0.00684640311926893 0.00981420710836692 -0.0301029832358007 0.0978770562160857
-0.00578953840772974 0.00350118401211943 -0.20006380438894 -0.0562800744112025
-0.028761121255728 -0.0264947651978194 -0.202199650719814 -0.342657734503016
-0.0225293593381031 -0.00891287395059506 0.282171930606675 -0.471982521677633
-0.0306119938629846 -0.00957489493171923 0.697058223976393 0.0505179478065469
-0.0293881798576106 -0.0283247211133826 0.416460358822634 0.590082786063488
-0.000302143677520379 -0.0612163936900113 -0.0127293264149027 0.472856171516698
-0.00403176659673112 -0.0790786047581632 0.0642924197314127 -0.0340496344411438
-0.0381511751736703 -0.0521078978428549 -0.172432934189262 -0.448386694079263
-0.0439877753439231 0.0235978314682644 -0.709325819723197 -0.147077995120883
-0.0131838243542798 0.0405120594925476 -0.483802696035607 0.540453908809771
-0.0139427651268039 0.025585243859361 0.216596062716605 0.554334122908923
-0.01335328495319 -0.0113263116678787 0.414611365805348 0.10345765795661
0.0187741502636227 -0.00464733488501119 0.260515481432614 -0.123511660372276
0.00786089219573091 0.00612248201307784 -0.0010486960441519 -0.183551508230576
0.00713940285312281 0.00863403717154874 -0.0361280076815633 0.0947024609928166
-0.00763247417401816 0.01431276064292 -0.194979146630836 -0.074247913467655
-0.0200041578901338 -0.0159245169212185 -0.164500464983369 -0.366557682365233
-0.00755297629593732 -0.0132552823334093 0.349572882473263 -0.435170105983422
-0.0112459089826538 -0.0167454504827821 0.700872296459884 0.154613516303264
-0.0140095430677272 -0.0179537663860973 0.342001181788983 0.645952886235587
0.00198473288693327 -0.0327631872203804 -0.0460897793204533 0.456212554386823
-0.00852220344425648 -0.0443506992621275 0.0678434802353389 -0.0631763323334442
-0.023772711803668 -0.0257115922154118 -0.212843652903291 -0.445898885603257
-0.0214688518531262 0.0182787420712306 -0.716783818713196 -0.064319158941164
0.00204712409947925 0.0246438158227722 -0.40647704611204 0.592182140166726
0.00155428577512151 0.0234737906317396 0.279378244723205 0.516022985229053
-0.00312124867256127 0.00237503615629126 0.414429604019409 0.0584429340719635
0.0184279659278168 0.00173309086416893 0.243834357261109 -0.145063897673376
0.0073106053153207 0.0019513778426309 -0.00644899128541542 -0.187627449711589
0.00628794578534789 0.00745268860198574 -0.039836569779477 0.0940678185507376
-0.00951449908172252 0.0261161580960876 -0.192975278393869 -0.0819744571741223
-0.0131713023644256 -0.0019590771110758 -0.152594681722291 -0.375769102106737
0.00577820146325442 -0.016820791282809 0.368098102098531 -0.424705054033965
0.00935971220469927 -0.0210779054073752 0.701167175968188 0.185087491463334
0.00224858544039185 0.00426329755850469 0.32049712511834 0.660108505145156
-0.00397386505551641 0.00709648807961359 -0.052124722000181 0.448275094346387
-0.0147387254465232 -0.00154803304445102 0.0685953095946969 -0.0760882610350143
-0.00403736111543761 -0.000151786401276364 -0.227193302129875 -0.445611224464467
0.0031925444385526 0.00909182195409492 -0.716601540983939 -0.0394743264917214
0.0148572214408534 0.00462001342923391 -0.379339865542857 0.605486925360295
0.015512865419707 0.0199083502444173 0.300236863118115 0.506214671025952
0.00643212571378181 0.0184354645496664 0.413113274490777 0.0463252590996002
0.0160123185238693 0.0100207467802987 0.235488143599335 -0.149963161649723
0.00742411418470577 -0.00274945227083109 -0.00992991874068661 -0.186854713670062
0.00528216207777945 0.00558357043638265 -0.041616349485807 0.094554770615525
-0.0118479793117292 0.0368009269906344 -0.194294577960051 -0.0755991209574609
-0.00811703848446454 0.0128800097807572 -0.167310758363389 -0.366608744912738
0.0179370602226512 -0.020407596070033 0.338692529313105 -0.447744395673101
0.0275470167344861 -0.0248785030427733 0.706315510291155 0.131645275394233
0.0203821714031555 0.0259887094741518 0.363002236779717 0.631239677920608
-0.00812753724053063 0.049296585295125 -0.0354815031339875 0.453202657149126
-0.0211379292203726 0.042576921751015 0.0678520010786586 -0.0703822409632392
0.0133864436749325 0.0272612829073367 -0.213119548802198 -0.451236404640798
0.0267338435816126 0.00011199917186441 -0.7159659070998 -0.0778376473593259
0.0252682736814747 -0.0166831790192959 -0.410888963572306 0.586582142874772
0.0267315842937648 0.0159806586596702 0.280243627322976 0.52450988736157
0.0149402996227885 0.0326183990900472 0.409759932933427 0.0709778903827443
0.0147233131683573 0.0174306410017196 0.239036454837461 -0.137451023054989
0.00847043158944156 -0.00704086818078879 -0.00898139330464644 -0.181486633150569
0.0042205974322776 0.00409651091269227 -0.04058113336422 0.0984779780944671
-0.0131482941584491 0.0444763781451172 -0.19971792118285 -0.0570443000431897
-0.00487941531507471 0.0258167612607574 -0.208143120411367 -0.340234416033174
0.02469562173693 -0.0230177098106456 0.260796500242715 -0.496219953272622
0.040717025950544 -0.0325775105837464 0.70519854744207 0.00513979655045994
0.042396517627765 0.0389617591808601 0.449588901748737 0.562302174015123
-0.00526159465955018 0.0847034070262154 0.00865397399267721 0.467025987159862
-0.02688300194757 0.0819328931420528 0.0645243456324067 -0.0474547059651037
0.024556692006421 0.0575643319315807 -0.169093931490401 -0.458306846774378
0.0458681464056701 7.04056626498663E-05 -0.703493175578186 -0.177609716785154
0.035794093896157 -0.0314276055318376 -0.49270551159274 0.524723300119104
0.034382914090166 0.00986147742618144 0.211485149353814 0.563672721405529
0.0196265569551734 0.0457247775266052 0.40488962199089 0.126297149015098
0.0118363026020772 0.0248755113466773 0.25037441967576 -0.108532666908471
0.00852412904025198 -0.00898075394586035 -0.00291026209549376 -0.171044247316901
0.00471462262806455 0.00222298033289189 -0.0376390435081085 0.103076889632978
-0.0127871259804673 0.0461110574293163 -0.20149104085635 -0.0266453686781907
-0.00237546095682566 0.033349812589047 -0.257166896093624 -0.291238462866447
0.0254526335853302 -0.0236243766206691 0.143095837962397 -0.532284385716689
0.0444297986485686 -0.0432549967072144 0.666477426849969 -0.162879258509486
0.0642856399871354 0.0350791993660902 0.550536344931555 0.443328324541283
0.00824660510602492 0.104111700681355 0.0702075016841162 0.477370049703565
-0.0323035220565135 0.11006854566463 0.060048349220065 -0.00853678077892563
0.0234130512521413 0.0849791089535397 -0.104374504182999 -0.460987627195649
0.0561421858369355 0.0123973150135268 -0.66208343855719 -0.318996029073911
0.0446141711695063 -0.0383774427833598 -0.605037031267117 0.409299689299014
0.0360310053286481 0.00634336338860205 0.0950195849128333 0.604207968342374
0.021580174803395 0.0542961977152427 0.387156219393615 0.203663431019244
0.0100646554760093 0.0316060173463085 0.267213221618569 -0.0676191929954894
0.00960020812921067 -0.00930962737769003 0.0064842172182275 -0.160593307845921
0.00559652379999197 -0.000575524128966181 -0.0303851388037957 0.112281660554421
-0.0111155117819409 0.042478979078655 -0.200837153911162 0.00958096082002606
-0.00318614899950058 0.0358650507275659 -0.301325468168742 -0.226096741834843
0.0206828182754567 -0.0219434587541679 0.00977743693638455 -0.541471319297322
0.0356801385334869 -0.0515281724846143 0.58360945228504 -0.328374348950323
0.0749859697289229 0.0189386730312201 0.629603676308259 0.292503090520382
0.0239143052781213 0.106474935118999 0.145648003431442 0.47891970617361
-0.0347979641699539 0.121048056130236 0.0533616533839811 0.0360880032798478
0.00947548570352259 0.103876764883058 -0.0319695994952461 -0.443617320782805
0.0547085783711315 0.0322545290331517 -0.578491231741832 -0.471702598420317
0.0482217407587372 -0.0331558069715524 -0.70853819690636 0.240129443854019
0.0338465279480289 0.00374259121559355 -0.0535319157716421 0.614367423213037
0.0176549835151987 0.0571587441468757 0.349761697712888 0.285675062114063
0.00839427191318614 0.0356098598470291 0.282489970528205 -0.0205626155125682
0.0105528856298345 -0.00736587828506293 0.0176410651474232 -0.15031497642101
0.00624200313685674 0.0102194387605375 -0.0247662324894925 0.100788328602635
-0.00344253730012407 -0.00319215109770844 -0.20349814707233 -0.0290565852033046
-0.0363964674355798 -0.0335070193574169 -0.246656956697974 -0.298826918417196
-0.034268317259031 -0.00422920638286592 0.179491948962167 -0.506414939149184
-0.0442645479185457 0.0022807763016294 0.663413836647664 -0.0959367872143335
-0.0435287081431621 -0.0246168868784594 0.502319102334835 0.491579517712635
-0.0102086481165386 -0.0733394455487616 0.0376994423424536 0.486167124003506
-0.000139490964723035 -0.0995486680913493 0.0589463138865794 0.00492112032011946
-0.0414260281648609 -0.0740240535127035 -0.108807807356054 -0.442519189118928
-0.0628919781407309 0.0203172997834758 -0.670064370056954 -0.27611715693991
-0.0279324370195164 0.0479381341119718 -0.591906358843679 0.435390573409735
-0.0274375584475709 0.0258239816172405 0.108307430221889 0.589255386183227
-0.022113769639971 -0.0227897121050213 0.397076824289327 0.172715106424204
0.0179964728101867 -0.0126368693593476 0.27685121368573 -0.0867904684522849
0.00929607982744343 0.00870196172390908 0.0101634298347294 -0.17535813037569
0.00689160640490488 0.00871637389839341 -0.0307358931591237 0.0965288511926262
-0.00548737424483416 0.00409946430675659 -0.19882207354656 -0.0564776015664523
-0.0280133917723274 -0.0274620548073814 -0.198995232676312 -0.340847242285383
-0.0224017741934158 -0.00876529768839017 0.282212289053625 -0.467316038631204
-0.0294303381745075 -0.00921682164550268 0.691192691278797 0.0540481213102738
-0.0286496597376731 -0.0280556431809762 0.407768029137049 0.58861959743581
0.00135017829162325 -0.0609441537278238 -0.016486457669018 0.468611117745262
-0.00364430849614659 -0.0779616895978531 0.0639909672426408 -0.0335077554968143
-0.0370607787721865 -0.0518229869738599 -0.167856862159144 -0.443954032316362
-0.044425414568851 0.0233926894641345 -0.701226485435012 -0.150775994439934
-0.0132093871374052 0.0406176571022601 -0.483610344473867 0.534807123667444
-0.0138780631310257 0.0257459647471478 0.212889378763471 0.549857835490595
-0.0132031814736215 -0.0111305869852754 0.41136412592948 0.105073134152004
0.0185640256061154 -0.00651170386428567 0.258612458001468 -0.122114320430563
0.00738949704021588 0.00586458122109667 8.22573927803303E-05 -0.183196283344338
0.00691567457889657 0.00806567621882029 -0.0366199563973715 0.094205944077735
-0.00680553235264401 0.013813201437481 -0.19310590167836 -0.0753072825893868
-0.0200633090247278 -0.0154079297879037 -0.161683454618819 -0.363771000114502
-0.00760058198496052 -0.0130319293343074 0.349275375373834 -0.429348873148313
-0.0108520362528539 -0.0162954313172712 0.693879821806423 0.158235391803444
-0.0134337707526748 -0.0173120564372542 0.335786893776765 0.642321568993132
0.00269537503185932 -0.0322136468105679 -0.0481558661009789 0.451793124122444
-0.00787067720632819 -0.0441595570517992 0.0675046110291606 -0.0624786639690213
-0.0236071742353541 -0.0266766583138947 -0.207477633865559 -0.442444207350182
-0.0212031481232056 0.0184884145726638 -0.711189896501072 -0.0680718213966363
0.00220832371927924 0.0249392765879007 -0.406009472332337 0.58400955150346
0.000892287809166704 0.0233334476378188 0.273640332659896 0.512944160181392
-0.00222310623003991 0.00266819764814453 0.412152759732717 0.0588663877312594
0.0185267238149305 0.00205741303345278 0.243595698943777 -0.142296669176838
0.00683176890101121 0.00222311245023254 -0.0055304317814106 -0.186823131982337
0.00627131454001789 0.00657791656174026 -0.0403357453719777 0.0932939183734506
-0.00966566369292689 0.025688003119652 -0.191028880977505 -0.0819997719131346
-0.0133616966514642 -0.00124911129955619 -0.148188727029419 -0.373466975917443
0.00590815858074808 -0.0166795705921063 0.368796723870723 -0.417398310554368
0.00935734935053223 -0.0201824827326905 0.692686974659684 0.188001845906045
0.00214120234202053 0.00406162260493426 0.314196500281578 0.655623226393044
-0.0035393018171716 0.00734507331091309 -0.0544189327330501 0.444336894605633
-0.0150180453746685 -0.00103424864791091 0.0694083200408558 -0.0748197254434708
-0.00431735794038691 -0.000285832212971952 -0.222059809954665 -0.442727990029477
0.00309158352554639 0.00829109591430587 -0.713239005769403 -0.0440750481611359
0.0149606968524823 0.00445056646709044 -0.381126689608014 0.598855691575836
0.0156031938611334 0.0199059630014085 0.293827903995742 0.503815995082404
0.00627174591618658 0.0185365065327133 0.409656430335447 0.0482217176180978
0.0165465261888042 0.0102372887546381 0.234933137170031 -0.148081017137088
0.00780888625514287 -0.00296709080220681 -0.0083847565373844 -0.186406560079832
0.00515544073034822 0.00557511606849366 -0.0423395445503261 0.0936172319340578
-0.0126510080340242 0.0360636706875551 -0.192609352746172 -0.0775110697816824
-0.00810317737158009 0.0129216014425414 -0.163667995926745 -0.367085528770892
0.0174265205883191 -0.0197989796603667 0.338413591608719 -0.442898719515193
0.0274172911369092 -0.0239361553712652 0.699251791483872 0.134749278577577
0.0193594520376774 0.02640616601494 0.353877496759307 0.628038168411128
-0.00863750602053014 0.0480509127169956 -0.0385225997027393 0.448481629790391
-0.0211149762743484 0.0429253069393565 0.0682719730646212 -0.0699937322199669
0.0130733481452908 0.0273287668677458 -0.208144518065186 -0.448732589433164
0.0262110283253136 0.00028084501075727 -0.708412454217999 -0.0824153831412148
0.0253561787269529 -0.0157680977712485 -0.41225406093682 0.579932665568151
0.0269173501925083 0.0156467267567859 0.273535793175331 0.52088892316196
0.0142570211735098 0.0333501483154073 0.40696093833055 0.0728738654680749
0.0140945534465581 0.017079755953525 0.237246624223783 -0.135341588427708
0.00698609668653015 -0.0068893287503475 -0.00664173667433521 -0.180391795521996
0.00390819998409858 0.00377985377737424 -0.0411798280535385 0.0970450223218508
-0.0131393636457622 0.0433079721562226 -0.197130444632645 -0.0581713824680638
-0.00510957827233991 0.0247965666492746 -0.204390773744176 -0.338339756196147
0.024139499787918 -0.0225730133673854 0.261776827818529 -0.489042585579189
0.0407149084757563 -0.0323104585031988 0.699065526125818 0.011032025198192
0.0421785756335015 0.0384990694908499 0.44025696656831 0.560272542887439
-0.00572511998586866 0.0827812907207206 0.00605398147928897 0.463809879250301
-0.0270585662547191 0.0813615612462741 0.0641382454585324 -0.0465719158335064
0.0240042792332743 0.0564388892101632 -0.163859774777536 -0.456205676056898
0.0456356406975233 0.000817581730063466 -0.696767637734148 -0.179280890786512
0.0356314507505947 -0.0316019063475363 -0.49364824980872 0.517886231104057
0.0337007254137337 0.0106354849316598 0.207970563325061 0.559931007205573
0.0195838723225394 0.0457256585532113 0.402803814192919 0.126642655777171
0.0118059482046019 0.0245700579052481 0.250008820595008 -0.106983628535702
0.00867169218276551 -0.00882265560525558 -0.00165050462287125 -0.170953941649645
0.00348020770537384 0.00129390264948999 -0.0372285319681934 0.102329005898369
-0.0125900649562717 0.0451847384391645 -0.201005408012323 -0.0276870106325574
-0.00221183288594681 0.0333482276376944 -0.254291908560486 -0.291526829183033
0.0257663356744671 -0.0237023487409611 0.143664060873372 -0.527912450963296
0.0446857265162868 -0.0426829845607785 0.662403280460648 -0.157869556165795
0.0636544078355927 0.0348550180438272 0.542604492516412 0.441057658825377
0.00753639935447434 0.103110398463123 0.0662093308762003 0.474475656168087
-0.0320701269703931 0.109021102094067 0.0592968611268519 -0.00887831504569626
0.0221855190179202 0.0844697430440942 -0.0998783460868609 -0.455126399198431
0.0569134099678027 0.0128570317163636 -0.653524610159037 -0.320735089960343
0.0432718855094753 -0.0379837899744245 -0.604322824589678 0.400779091896272
0.0360250478904733 0.0062403491673368 0.0915453823077842 0.598186676675595
0.0213747496398058 0.0545026194556248 0.383157172517186 0.203971359984998
0.00944393098233808 0.0311934469720204 0.265904075186521 -0.0662740094035728
0.00923340336995099 -0.00831982993917238 0.00849946885092061 -0.158936635791518
0.00533140858954522 -0.00102687858530661 -0.031984647108746 0.111282521103263
-0.0114079120399685 0.0422194219844248 -0.199640886486815 0.00834833271005151
-0.00342205083836456 0.0355675608257274 -0.298575236172292 -0.225430005010266
0.0207145121559052 -0.0220867023464296 0.0121469020493911 -0.537620987706934
0.0367876760796265 -0.0502846005623928 0.580543574260441 -0.32078156700155
0.0745213050874733 0.0206295880526179 0.621929851862623 0.293492170276296
0.0230092252117637 0.105431359869351 0.139368963252853 0.476320306015148
-0.0356813299543764 0.119365570510058 0.0527573200690725 0.0364500600031632
0.00887520451843832 0.102743277034485 -0.0271357096137911 -0.439752708810685
0.0548966656415097 0.0330411170257789 -0.570687015419122 -0.472322301627107
0.0477748168355477 -0.0322556293588603 -0.70491684992586 0.232207314211847
0.0326677307441205 0.00440945203462473 -0.0563498624044392 0.608077410158761
0.0175140762272962 0.0572698279017015 0.345664328221344 0.284499793096469
0.0076406671446829 0.0357771510855374 0.281431136509207 -0.0195867780199897
0.0101307727801071 -0.00685859670099653 0.0195601552413788 -0.149050394963475
0.00537899645131583 0.0097317728596188 -0.0254485990400077 0.100733041023509
-0.0028072736589118 -0.00415853064941472 -0.202605524449597 -0.0297506538722148
-0.0361301405197233 -0.0337746991249509 -0.242353607591902 -0.298570261304827
-0.0342884987102608 -0.00421886490676823 0.181552761872032 -0.502027979781237
-0.0440517490979582 0.00242319777812546 0.65974883022425 -0.089581567288277
-0.042945914240383 -0.0251985333317307 0.493314287251697 0.49358613208585
-0.0094396458544301 -0.0739338648731436 0.0331983294385286 0.482262778426059
0.000715260689779148 -0.0991936130735495 0.0587208273566857 0.00567092849292194
-0.0398721990080447 -0.0735812856356114 -0.104381729279809 -0.44088077821446
-0.0623917001821101 0.0190809133391855 -0.66272770804957 -0.280531256191769
-0.0284811700871236 0.0480312246235065 -0.59283774283234 0.429629970076662
-0.0278156907463193 0.0255139341380107 0.104136218681694 0.588078163566785
-0.0218461529391325 -0.0228910071414964 0.394110479060018 0.173742147704554
0.0180613899474938 -0.0127582482866119 0.276902392118919 -0.0848166641749033
0.00879933327367494 0.00895149903933759 0.0116809945963436 -0.174701389333768
0.00651405765490699 0.00882223515313298 -0.0312912933933146 0.0960688032821793
-0.00422406336559022 0.00280154939576285 -0.197245208729917 -0.0564932981165373
-0.0278559081399639 -0.0264650476673393 -0.194050056855915 -0.341003524650995
-0.0218954153527714 -0.00883438297985023 0.285435883678763 -0.462958663497584
-0.0291275142182379 -0.00895919092399964 0.686830646890903 0.060115343731228
-0.0278394101053905 -0.0285466606163242 0.401283501212933 0.588027832840598
0.00170009427666853 -0.0612533024796013 -0.0191537431378747 0.465191454101352
-0.00249443111739974 -0.0769596049003397 0.064134760543304 -0.0322912474408343
-0.0364166699535964 -0.0517037488827088 -0.163658872199965 -0.442556709999891
-0.0437839396642763 0.0228498862711667 -0.697780486702112 -0.157316501118135
-0.012931492524001 0.040364930218024 -0.485895185111477 0.526464176927663
-0.01344158083398 0.0252862869076635 0.206454271686875 0.547316071801554
-0.0132525001232458 -0.0112263007900799 0.407679246973023 0.10778866478161
0.0191473927607323 -0.00537640664321182 0.259537566228065 -0.120008209750234
0.00763632485597792 0.00535496461203588 0.0032788862531464 -0.182237758367873
0.00655599093850366 0.00816178238420987 -0.0370956414442368 0.0941723839590661
-0.0070096775230344 0.0132338071581072 -0.191464079607901 -0.0765668921440588
-0.0198324015167581 -0.015743062149653 -0.156455321700404 -0.363978075405983
-0.0078370996607496 -0.0132894758424668 0.351414940612771 -0.424098459746197
-0.0105419306252534 -0.0165880465073222 0.689103969505035 0.163952361090975
-0.0127475457606966 -0.0165402353086453 0.327673811048895 0.639691564431901
0.00280668527528953 -0.0323465131719026 -0.0519598108070068 0.448683702641499
-0.00799262387064744 -0.0432307560132615 0.0685473934068245 -0.060206286408507
-0.0235184687344028 -0.0265352076234313 -0.202263244135961 -0.440245583572532
-0.020530008086755 0.018050304926694 -0.707234983715613 -0.0735600463378465
0.00150482746627106 0.0239185950805261 -0.40927946850306 0.578622913091642
0.00186929889099845 0.0233666798903038 0.270113555426228 0.511765322903057
-0.00291230967392173 0.00294449546689777 0.409802590939873 0.060807099453307
0.0177651628811661 0.00219645926121071 0.243510224451068 -0.140943541718423
0.00672376498331047 0.00146565298662867 -0.00328084928457895 -0.18621380011739
0.00574179393969332 0.00702249310519085 -0.0414023395151593 0.0927482116758961
-0.0100586192790776 0.0250222109513584 -0.18859852095456 -0.0832747914825638
-0.0133942381927897 -0.00143949051622814 -0.144412299341772 -0.371922529220653
0.00556504414340763 -0.0163110781964981 0.368857651512423 -0.413422011307382
0.00893209465263859 -0.0202541899870091 0.688697248712665 0.192961636289431
0.0019725970144575 0.0048398511791517 0.306454607857476 0.652953698350338
-0.00431006221183923 0.00621022681924477 -0.0584642562216723 0.441583395090302
-0.0146640524287021 -0.0014135222997312 0.0697370919001758 -0.0737569487661476
-0.00477118403941896 -0.000210597612479814 -0.215139354517117 -0.441386740077022
0.00275418591734549 0.00805753619282646 -0.708083445541877 -0.050220610975119
0.0145246099429546 0.00481696241928991 -0.382258619913617 0.594097138461297
0.0152502695800598 0.0197799672990665 0.289963266855711 0.501245881503725
0.006617086445314 0.0180763276692774 0.407813796410583 0.0502286629179379
0.0165752470731451 0.0102706186826707 0.234649595065919 -0.145144620353326
0.0063956731122731 -0.00288649094583166 -0.00712187657105 -0.185704088252814
0.00441120920996564 0.00504285796385299 -0.0429919186753351 0.0935996983062822
-0.0125940607667346 0.0358500167551438 -0.191464635324387 -0.0779470572629165
-0.00862092974586116 0.0137482347623102 -0.158461007612295 -0.364445742161475
0.017283119574617 -0.0199828019437547 0.341291120437942 -0.437404844477869
0.0273091464526096 -0.0239302080195701 0.694917785093285 0.140601708995379
0.0197543215852796 0.026906446898963 0.346212004918453 0.628510599332745
-0.00919584131592112 0.0470865012550853 -0.0410636078131361 0.444205967608662
-0.0212215485273017 0.0421805093864935 0.0683076562111386 -0.06879008340557
0.0135412214258607 0.027729052338268 -0.200871061415729 -0.446407162042205
0.0260870885032768 0.000912983814391003 -0.704800923951533 -0.0870786090579186
0.025631970735954 -0.0149294110728321 -0.413826818867684 0.572762105155888
0.0265034791950815 0.0160344094614575 0.269492691100328 0.519224324002732
0.0134058852341062 0.0339723398680897 0.405448594931051 0.0744611462889669
0.0138376405779456 0.0171612182613859 0.238704754266113 -0.132445281821829
0.00725083202923008 -0.00692494146865247 -0.00488485366664527 -0.179134227912984
0.00377520051575691 0.00374849209272503 -0.0427392079529414 0.096201075673156
-0.013619529455812 0.0427218451638478 -0.196861778194498 -0.0586839363262132
-0.00511849383630122 0.0246473423341433 -0.200308323718037 -0.33985294515687
0.0246181885413636 -0.0227111792450443 0.263986139344306 -0.483099329294725
0.0406583490060025 -0.0310868608911695 0.695035769981558 0.0162273790934577
0.0416980608967124 0.0389851782975659 0.432807507022847 0.558742287674219
-0.0066926094675869 0.0821179603827299 0.000673546732282737 0.459116778006728
-0.0279263987571215 0.0813636445347212 0.0645468344918596 -0.0460146996635262
0.0237769363566697 0.0568963989311042 -0.157985758169143 -0.453941528597039
0.0457032623406151 0.00127213794975326 -0.690209740861225 -0.183614938562433
0.0350419353737673 -0.0303918211667566 -0.493181833719737 0.510981226943519
0.0341874871573848 0.0111486414802605 0.201153960823338 0.55820375972308
0.0191930938214913 0.0456310651073632 0.398520505900021 0.128098040547686
0.0112962628007267 0.024016136437331 0.249413654941011 -0.104355548166476
0.00792425456889514 -0.00879381949000176 0.00054807901546898 -0.169676133658865
0.00408299658507187 0.0018693660127422 -0.039263007357848 0.102292094079441
-0.0130506843692961 0.0449902899200329 -0.200242029520905 -0.029523118185632
-0.00354318069063993 0.0336146345363442 -0.250128556372377 -0.292534112032162
0.0254925102639405 -0.0231559216163427 0.146854165787808 -0.523546105204337
0.0442429158207735 -0.0417675785263029 0.660396981486433 -0.149948712269827
0.0623357080155869 0.0362293869084253 0.536481802244671 0.447171403376768
0.00723759927850688 0.102592138485358 0.0623708080845412 0.471726009478269
-0.0331428213526017 0.108774448343878 0.0598452224529981 -0.00826574927386832
0.0208731778751178 0.0842081504364102 -0.0949829487682642 -0.453157229153421
0.0561837313688692 0.0136211423809667 -0.648069239964504 -0.325126912404014
0.0432279794061309 -0.0375682409209482 -0.605111724351436 0.395466087786916
0.036378684643342 0.0067012685194228 0.0864542182253443 0.594668647774994
0.0210070643124534 0.0538957318399869 0.379156471675315 0.205779110813934
0.00892324367200228 0.0315402449915219 0.265993244023511 -0.0641939753951502
0.00895372695039405 -0.00767681338042825 0.0101911329017793 -0.158972722250184
0.0052839266239678 -0.00103096045091676 -0.0337110356049423 0.110372171940413
-0.012109080986552 0.0409926221919646 -0.1989441745597 0.00590456515852483
-0.00289486219516008 0.035911022501079 -0.295532465452946 -0.228198169992807
0.0205223404160796 -0.0217238607004421 0.016533914523199 -0.533865147442706
0.0365606509266554 -0.0492803960245693 0.579695213406728 -0.31414486469137
0.074521032123318 0.0207150219569587 0.614342455840647 0.298302546579998
0.021977941173698 0.104248081394652 0.134874696410573 0.473140958536917
-0.0372704122188432 0.119056664440107 0.0520273039166948 0.0371294997975257
0.00782756840606078 0.102408116849758 -0.0238599384351431 -0.436367265278116
0.0545263814140152 0.0326861181415679 -0.563982905672549 -0.47358457147819
0.0472582271680789 -0.0325177422732363 -0.703374525644299 0.227869227624139
0.0325664205774772 0.00375996526294738 -0.0603455605413966 0.604671522495832
0.0170822781841567 0.0572916703870157 0.340364985572984 0.28644245363839
0.00700801360156031 0.0348936850561493 0.279231648961804 -0.0171803424208968
0.00986999729096425 -0.00735770530193335 0.0209292601453903 -0.149207088226134
0.00618057074114566 0.00973835746162531 -0.0265020000707527 0.101035421527715
-0.00272610943557625 -0.00350778428657734 -0.201417707779159 -0.0318724690204998
-0.036328385640613 -0.0328481810709477 -0.239160174056335 -0.300347339550285
-0.0342888567781493 -0.00502793533062524 0.184241867795546 -0.499814354034305
-0.0438066039365974 0.00202489225961324 0.658567589472227 -0.0827449855491908
-0.0426810619459222 -0.0254891876117616 0.487320716966295 0.494860995772409
-0.00792608949070034 -0.0740734767223272 0.0294148149667856 0.4801198320596
0.00202871441069986 -0.0982266936139648 0.0589744955504164 0.00674660254031999
-0.0395575730957694 -0.0734725542567577 -0.0985458925957346 -0.439097157903545
-0.0621018535313702 0.0183184919863314 -0.659341572577905 -0.284968526676122
-0.0293941497986445 0.047580844813496 -0.592614437482547 0.422134726113868
-0.0286223529198254 0.0253387572223915 0.099751416928883 0.585981782869061
-0.0210884668971399 -0.0219048463455121 0.391490780946511 0.176390580196222
0.0182252390000122 -0.0140346064533607 0.27695445986855 -0.0831628115109129
0.00926407696842322 0.00835270651840655 0.0147706962472529 -0.174185166176934
0.0063755744490271 0.00822703023881887 -0.0330468546978009 0.0959204144803194
-0.0045053644606863 0.00345235732139182 -0.196436954232532 -0.0590234469857573
-0.02759181682708 -0.0273269372642884 -0.189412811333333 -0.341137483647406
-0.0217686842990188 -0.00914550618448775 0.288876132410835 -0.459952971665455
-0.0292782392293083 -0.00887364125530259 0.682562200197343 0.06683464276629
-0.0287704641963321 -0.0281457738943257 0.393040158187477 0.588566495674744
0.00268000837503477 -0.0604228615416028 -0.023046690765083 0.462923191864221
-0.0015677190963379 -0.076291560843926 0.0651920919196736 -0.0319704395253558
-0.0357355567218559 -0.0501831704854591 -0.15813436114678 -0.441762672024863
-0.0442116174891483 0.0231532164472732 -0.692395163443162 -0.160917587710814
-0.0134082365618847 0.0401241042929574 -0.488814838554051 0.521717506555184
-0.0142665738919876 0.0249005309890787 0.204176566805021 0.547424937141144
-0.0125219932889894 -0.010450437391375 0.405295254710021 0.109209013789823
0.0187517291877213 -0.00518847722026957 0.259638318762945 -0.117919525759478
0.00781478573841509 0.00551000516754035 0.00503983238436473 -0.181282996418431
0.00585126956414431 0.00783959118817424 -0.0375634399734193 0.0937207748857774
-0.00623107495315941 0.0134063612774601 -0.190197109720276 -0.076818046291458
-0.0197481251573089 -0.0152700448012951 -0.152513286147861 -0.363822413158658
-0.00777015171141889 -0.0133208204398574 0.354147227275699 -0.42038581902239
-0.0102813392194147 -0.016162535795089 0.685090103207172 0.169981765825424
-0.0126892744645738 -0.0164202982456852 0.320469897621134 0.640021071918824
0.00375773265414722 -0.0328636350861678 -0.0552032516585853 0.445628579399388
-0.00770586156120018 -0.0431548306453476 0.0687536698015677 -0.0601498807003638
-0.0239500811439743 -0.0263613773381368 -0.196320261897672 -0.439490280121761
-0.0212042832203634 0.0182212669276992 -0.70293303396879 -0.080195241943924
0.00144124345425463 0.0250559753096512 -0.413415593128655 0.57398001631592
0.00105513891540824 0.0229568126978915 0.264736822124765 0.513982911283611
-0.00335112384491223 0.00301919550549971 0.406113844535454 0.0632213593816133
0.0176646591270202 0.00222263568203074 0.244564581011531 -0.138695279397762
0.00691775942432043 0.00144547082032197 -0.0011472192320883 -0.186293936607853
0.00499980698873067 0.00672609611908449 -0.0422785850966749 0.0916280680173022
-0.00926485506869536 0.024607290609451 -0.187942930365561 -0.084408863217906
-0.0129571493130033 -0.00165917968933451 -0.139932437540485 -0.373851729585435
0.00635231420344664 -0.0170688493314993 0.371649221470083 -0.409456005338912
0.00985480633667396 -0.0198051392948892 0.684565223506475 0.197776072461166
0.00238288619505058 0.0048057498957538 0.300326941510793 0.653291520931949
-0.00282409759761968 0.00571689444128011 -0.0623819306161868 0.437751487940161
-0.0143525810898532 -0.00206072836924696 0.0705767618923864 -0.0729115296005501
-0.00469924320566934 -0.000126552255434273 -0.210903839593877 -0.441262882606872
0.00325995108857648 0.00961429435871518 -0.705103700040281 -0.0556925500746619
0.0143450326025186 0.00539156497124228 -0.38641225519862 0.590171746542364
0.016024786360832 0.0192623201398922 0.284316870104225 0.501268821245066
0.0063563530413897 0.0188994528117395 0.405816482169597 0.052666789094977
0.0159929790675204 0.00954053984332739 0.236641940425079 -0.143826246742898
0.00651880326080964 -0.00238581418225267 -0.00376065923563262 -0.185289458193615
0.00388192430183088 0.00476350578508572 -0.0448869665334343 0.092504870509878
-0.0125872162043629 0.0354049692797888 -0.190338770958527 -0.0798769066971067
-0.00863681241993492 0.0131195394952678 -0.154914786277193 -0.367015267460286
0.0175998210410973 -0.0198707002892369 0.343056235668266 -0.433318697967317
0.027678161395748 -0.0231324357885798 0.690117540411101 0.146089796076274
0.0194575945793605 0.0272107712560166 0.337000591567072 0.62972278383803
-0.00975847461051638 0.0470590028436842 -0.046164437054315 0.442569431091176
-0.0210336536930527 0.0417233969777238 0.0693057793994174 -0.067684505001722
0.0125470290600629 0.0274231399008124 -0.195706653144834 -0.447873545604329
0.025501268108897 0.00125347886222638 -0.701905172210515 -0.0933604600655358
0.0254210652641248 -0.0149615868644461 -0.418116337820205 0.568092621785134
0.0266240797932615 0.0156927760434503 0.265167145843182 0.519517359422725
0.0139458881560071 0.0332239675458137 0.404020359079077 0.0769567764382785
0.0129507028060313 0.0171423860737162 0.23832582902123 -0.131307445847728
0.00658086859797646 -0.00629542435798536 -0.0031895755170806 -0.179433859064903
0.00267403862371623 0.00369907894734485 -0.0437385772386303 0.0966519794961202
-0.0133789078168521 0.0416484869865962 -0.195297244590276 -0.0610508909630745
-0.00549762830937148 0.0252970125855799 -0.195817401938527 -0.340647537706229
0.0238235083416438 -0.0229465059894369 0.265845543640478 -0.481282217552646
0.0408669297658827 -0.0307845613615596 0.693675333575871 0.0235751869415801
0.040753381613134 0.0393209774422059 0.426102622205604 0.559717571160563
-0.00703125106857175 0.0814881793970738 -0.00325735646799275 0.456070600090883
-0.0281215623866011 0.0803785790610654 0.0641518816910029 -0.0438944938557087
0.0234324668134082 0.0565358332354352 -0.15143345815381 -0.453775746218371
0.0447826621265078 0.00158143339466389 -0.685347769528706 -0.190420006622193
0.0353723936438011 -0.0306616560161874 -0.496684952685721 0.505294969725601
0.0333375338388669 0.0108086938964409 0.198142658437907 0.556210800928324
0.0186387753695783 0.0457139328687082 0.3973675715441 0.131339512257314
0.0103312364054244 0.0248770452045197 0.250325039575925 -0.103602655129267
0.00754053447083331 -0.00841799338885585 0.00214868789004541 -0.169649514711151
0.00334320597069869 0.0010726379734806 -0.0408016467000409 0.101724767744145
-0.0130422062685048 0.0441046958641596 -0.199406228892656 -0.0313253489776967
-0.00358704919818345 0.0328424902150896 -0.248138950601787 -0.293626938863507
0.0252911619821474 -0.0230051775126637 0.152151072819974 -0.520680609160433
0.0448556214624647 -0.0408016494619326 0.658489494754441 -0.143256355834928
0.0625830450376624 0.0369050286898154 0.528233007388946 0.447970899813748
0.00530465704362249 0.101341189854175 0.0590000530429839 0.468877494417098
-0.0338021864498322 0.107646933862954 0.0584701534749072 -0.00728286590550375
0.0201792517010929 0.08439521653693 -0.0904283992939284 -0.452040235298095
0.055620642961285 0.0142239251451427 -0.643852556431756 -0.327570993333021
0.0442520898565528 -0.0362803322139846 -0.605563902211343 0.388990833120975
0.0357768032801275 0.00628983334247255 0.0819798847669972 0.592405441845986
0.0205556591588127 0.0551470160541153 0.37579611651545 0.207355067626936
0.00838817829818123 0.0309563048295863 0.265537006519372 -0.0622175561645225
0.00881104953136253 -0.00878185710258498 0.0111515577605155 -0.158251928421241
0.0046431943336665 -0.00172028441050008 -0.0351597100133632 0.111074440504612
-0.0117632012747018 0.0406343664822345 -0.199319506064409 0.00383020721187075
-0.0034636739711387 0.0355510284462136 -0.292608581532459 -0.229553671330206
0.0210633139787503 -0.0218349660497436 0.0199716279492648 -0.532577985331405
0.0373371822221056 -0.0494241401780785 0.580754824182175 -0.307599595307972
0.0736903223432534 0.0211995553130411 0.609844284105128 0.301803202352599
0.0206933831999124 0.103127346731355 0.130182093772965 0.471906729687535
-0.0367601166282012 0.118130204987423 0.0509093698344532 0.037362667545929
0.00624572058896477 0.102152495995472 -0.0182837144027077 -0.434413211867919
0.0537003988251496 0.0344005605874671 -0.557639268084548 -0.477757929914739
0.0469529019407019 -0.0317216647337871 -0.704263438290341 0.220588694826365
0.0330625284086073 0.00488420724973998 -0.064622465018273 0.601914585062013
0.0171968511124346 0.0571367322172484 0.337872047181156 0.287868211023645
0.00681306546279889 0.0350073353236721 0.27859172143713 -0.0142719591087538
0.00938947744855905 -0.00786302945118979 0.022005919523546 -0.149539059056048
0.0056065100689139 0.00967396913268038 -0.0285814854027333 0.100715044004497
-0.00207189241359803 -0.00371254488453816 -0.201356060073068 -0.0333586791101535
-0.0355094635239014 -0.03349733543494 -0.236195646531348 -0.301570999068299
-0.0336490349437015 -0.00509277260933489 0.18960527369033 -0.497709193451899
-0.04400496433058 0.00216384792023624 0.658021752571636 -0.0788784783167384
-0.0427243667526743 -0.0250801057504277 0.481280877080674 0.499205655754502
-0.00721889050117836 -0.0734859835843137 0.0239778966931972 0.479168945895307
0.00315332047217411 -0.0977745977950819 0.0585475507659947 0.00688494101865092
-0.0386737221073995 -0.0740194205310928 -0.0938968180940116 -0.438842635675215
-0.0630708929253471 0.0182442346169119 -0.655622206373957 -0.289608580049329
-0.0293990738245222 0.0479647508647926 -0.594101377441389 0.416592892149308
-0.0280098204885411 0.0247017145733438 0.09592584109229 0.586632751083285
-0.0212756152017419 -0.0225699504264725 0.390329112467655 0.178908834031514
0.0183112472462754 -0.0134758667888478 0.278669935818517 -0.080830183863817
0.0085533840361629 0.00861617969975476 0.016132709056385 -0.174452875185763
0.0057939280424013 0.00827873941497687 -0.0336452413444614 0.0955013173532366
-0.00380127863655849 0.00305790898884389 -0.195040446896234 -0.0604441132919106
-0.0273749537469943 -0.0263047930733787 -0.185929919973097 -0.343849411250791
-0.0212588634011803 -0.00954849320842328 0.292255727749633 -0.456977439563177
-0.0290235338659032 -0.00869705489664844 0.682274189224286 0.071228571095562
-0.0277911026546147 -0.0276796670393661 0.385785508066537 0.592256936170161
0.00362422980736829 -0.0614561911970908 -0.0273869526212424 0.460608062143257
-0.000909732890772919 -0.0763548181045228 0.064557335849329 -0.0307780811215668
-0.0350003663726604 -0.0516616418968784 -0.15263386107778 -0.442332193419862
-0.043954017823803 0.0228371922418817 -0.691184626959707 -0.16726834156839
-0.014527569694081 0.0397243540282866 -0.49261548286196 0.516029032673023
-0.0137934600605187 0.0249045216569609 0.19920685513767 0.549008588506923
-0.0123267599487198 -0.0111545641044846 0.404239003297412 0.111970366542729
0.0182999560933754 -0.00502462077971813 0.26116288166814 -0.11554469372851
0.0067676006960523 0.0058154833060727 0.00717202656717753 -0.181831876457427
0.00575501158259161 0.00804654926682745 -0.0388117644461174 0.093426712496174
-0.00676461520671706 0.0128740217570706 -0.189625040705447 -0.0785307288104653
-0.0203325251584678 -0.015645574849506 -0.149961456737284 -0.36572881330732
-0.0075075607743892 -0.0134664784077178 0.355886339371077 -0.416481937100128
-0.0106479091194532 -0.0158424163282169 0.680567839120487 0.174771594734236
-0.0125956541278926 -0.0163520515195898 0.311079418687182 0.641532693182802
0.00488329525314553 -0.0327972379156412 -0.0595845647386179 0.443543855880789
-0.00635419503606113 -0.0427824792197075 0.0692618735738594 -0.0590687897391181
-0.0236403126092988 -0.0263846384908861 -0.191298272427605 -0.441068753715692
-0.0215722916802699 0.018163317438629 -0.701999837124185 -0.0871076006031909
0.0011618433269448 0.0246548727072089 -0.417364364982504 0.56902107746958
0.0013391353510037 0.0233465394154716 0.262987490560925 0.512611760343533
-0.00193769031484311 0.00387917566393556 0.40703148418501 0.0671813796746398
0.018179132270427 0.00239447240065044 0.246161718441629 -0.137041085485251
0.00705969071695924 0.0021689591051114 0.000622124783232268 -0.18709720666659
0.00500062309379558 0.00638530484189776 -0.0433418193806275 0.0913572530437268
-0.00996229512411828 0.024698288401757 -0.186973156565217 -0.0863927687343311
-0.0138223508855472 -0.00108863957616957 -0.135553382873567 -0.37366986169252
0.00598272653800078 -0.0165549785797784 0.376450385406031 -0.406327885004477
0.00968524623259759 -0.0193102399531031 0.680065888144775 0.204199491841435
0.00218129775449478 0.0053543148635843 0.293316402320939 0.654869542798288
-0.00271471416225558 0.00606219909174788 -0.0653800889783191 0.436669371855932
-0.0141949705342013 -0.00177994637452468 0.0716585509450032 -0.0718934280994771
-0.00489093967028679 -0.000355955572027099 -0.205658291787406 -0.443027463926723
0.00294693940483126 0.00897216580732806 -0.703225911983312 -0.0615362067106506
0.0133823829031013 0.00505766376815285 -0.391621920634598 0.58439196173558
0.0154949475907064 0.0209405380929918 0.281926518449268 0.503108659203337
0.00579625382320295 0.0186819490072283 0.405376959201865 0.0547263814961527
0.0162052024678729 0.00942475635074764 0.238370156144531 -0.141380027315043
0.00638233513999659 -0.00315654640290763 -0.00225293077684466 -0.185601551454947
0.00393502324133793 0.00486690686847449 -0.0459371525738314 0.0926792296045301
-0.0127574953936502 0.0341627286797915 -0.189738204825672 -0.0802595111282705
-0.00898501684475068 0.0128887230715869 -0.151595111086215 -0.368066591694171
0.0174844205631995 -0.0197691473448279 0.345933385356005 -0.429355312606323
0.0279121264709442 -0.0232890830281306 0.690097489566357 0.152384231699808
0.0191771512374511 0.0274304439886289 0.331010277086702 0.631089301839492
-0.0097445267361477 0.0457997592749611 -0.0500444055802824 0.441312257821694
-0.0225793671791031 0.0422651924979982 0.0700257500644124 -0.0665782596045272
0.012844292189409 0.028088680638767 -0.190377139800751 -0.447408865602016
0.0259149087572789 0.00172581884955295 -0.698826313624029 -0.0990832911109669
0.0255281530170984 -0.014588997267051 -0.422819407321876 0.564733460373451
0.0264530766800749 0.0163403641003513 0.260250216595514 0.519924656459466
0.0135129043284695 0.0336451909060674 0.402214808733154 0.0801933801715836
0.0131408459463157 0.0168745888783399 0.240512710720768 -0.129360294035633
0.006285994768234 -0.00634569300024878 -0.000726764224371836 -0.180195133572385
0.00285768202622352 0.00347678117573221 -0.0454403475743079 0.0958516665537477
-0.0137509128427779 0.0419451248795652 -0.196033364293745 -0.0624321260533025
-0.00589069704295361 0.0245743079526801 -0.193758758277878 -0.341292036860343
0.0249070114159957 -0.0222799606860975 0.271528092398578 -0.476926607662961
0.0411827833147777 -0.0298870663186065 0.690647564399848 0.0294349307441465
0.0408658446116529 0.0401024839766992 0.419733428758159 0.564759345012799
-0.00718793615749856 0.0808906861937437 -0.00769655088949319 0.455888015385624
-0.0295883311401472 0.0801664019576867 0.0656808425020013 -0.0445676263339999
0.0220242027117413 0.0567906540219911 -0.147778296965804 -0.454287405361859
0.0447048452537579 0.00237805866343008 -0.68272205607573 -0.196670709662508
0.0346081354099967 -0.030090682514595 -0.501569977631009 0.50090024563588
0.0338043079273911 0.012017458668194 0.192364298231281 0.557211244446495
0.0190896257712092 0.0470128106712658 0.395701977857666 0.133696493666482
0.0102082983647278 0.0246472663474061 0.251450881774204 -0.10066515641393
0.00740965479374815 -0.0080842823419946 0.00351138383322227 -0.16938720111119
0.00228930617859719 0.000710912383715246 -0.0416465002727298 0.100758905770643
-0.0137132964482306 0.0434561201661957 -0.200832404789296 -0.0331354254879923
-0.00328627728121122 0.0328260281680728 -0.244905240182913 -0.296318372633848
0.026121016232625 -0.0228460693394488 0.155331829806035 -0.518715141768232
0.0446337324296772 -0.040757217698269 0.659716325171063 -0.136186122335075
0.0617023680627163 0.0369144155733912 0.523227765465555 0.452548050960906
0.00460611085265247 0.100455831132015 0.0532490164520703 0.467653566544717
-0.0345680867624706 0.10678564077509 0.0591308327385553 -0.00657407216628603
0.0188681299413191 0.0842062249376121 -0.0836802185275617 -0.452036388072429
0.0551472576974875 0.0148384784511314 -0.639456973831013 -0.334609049465871
0.0434911839672876 -0.035887625435585 -0.608596950762157 0.382598948953813
0.0355689945348499 0.00786222262869336 0.0749959489590754 0.592729678713738
0.0201947976164413 0.0551770430295197 0.374852124463781 0.209996564384775
0.00779171788026877 0.030341633038292 0.266853455862742 -0.0605736550657353
0.00821878801960821 -0.00879773744537212 0.0132434023247682 -0.158963466124131
0.00440731503902413 -0.00105721144618205 -0.0363664222115876 0.11025634488544
-0.0123255122488758 0.040284774845218 -0.199967336357494 0.00238677463378788
-0.00410327245218915 0.0355304972271289 -0.290344036618266 -0.231387264631734
0.0204680846269759 -0.0221674144792923 0.0254278352019269 -0.531386753298414
0.0381790112496573 -0.0484424661859722 0.582540434166614 -0.301062751626892
0.0739100202064013 0.0217037635507816 0.605151857812803 0.307159822060474
0.0193245163834627 0.102368512225973 0.125478995130885 0.471450319575647
-0.0380403261019786 0.118216050692914 0.0506249675821377 0.037615000333253
0.00489769562624313 0.101731545439931 -0.0139409555984142 -0.432242951569091
0.0524657635360048 0.0342912267876128 -0.551523793063907 -0.480000729778803
0.0471999776371107 -0.0312820796197573 -0.704064416478279 0.213227951335223
0.0328557484572909 0.00508871529431065 -0.0704769315186209 0.59973190433381
0.0166129600942504 0.0568171682427767 0.334013323938394 0.289953322281252
0.00543088025680019 0.0344755734568537 0.279256542924074 -0.0123847186640875
0.00908217745862923 -0.00735164261975612 0.0246708189562448 -0.149722882324136
0.00578864795949891 0.00863901855124499 -0.0291538236661129 0.0999607101835442
-0.00234058698388479 -0.00323200998045833 -0.201041222901569 -0.035733203902979
-0.0354869821939141 -0.0340463651306309 -0.233663243406488 -0.305130670466331
-0.034424883411663 -0.00505856046153159 0.193049695448858 -0.496989683048649
-0.0434538073775826 0.00180410340936296 0.659967031704657 -0.0704100869614689
-0.0420894647141234 -0.0249596736941407 0.476826870326093 0.503014408294093
-0.00610348749325164 -0.0736549206030134 0.0192062253560043 0.479065419268539
0.00441976701186066 -0.0976235519590753 0.0581384853293439 0.00758198839342876
-0.0377125656598612 -0.0745833449255631 -0.0904063049899118 -0.440436169682319
-0.0622625785433331 0.0178961081999724 -0.653344062778851 -0.296528242678129
-0.0304770612433641 0.0466163126186674 -0.599919391641745 0.411245193173924
-0.0277936167885862 0.0249433249104852 0.09170009642864 0.586923352987559
-0.0203198736941928 -0.022644584875253 0.388940496337958 0.182014756222597
0.0188911055820201 -0.0131850493402389 0.280129997692481 -0.0786651805140855
0.00885319632254598 0.00899375019851656 0.0183998301881911 -0.175136051692956
0.00621080765445419 0.00798909385736699 -0.0345251074354781 0.0952328253657661
-0.00346005474149604 0.00272656023545226 -0.195014357492143 -0.0622770191023038
-0.0269140276639444 -0.0272003938364379 -0.183420977285474 -0.345738747640667
-0.0212262890799415 -0.00940758101038775 0.295288022163951 -0.454981500587551
-0.0289130106862515 -0.00912713679284675 0.682131630891025 0.0797483514141552
-0.0279216216757431 -0.0276728826712063 0.379645128087317 0.595148228944303
0.00518563661071017 -0.0618567090648247 -0.0316034605040864 0.459658637583893
0.00046313363481481 -0.0762375482141421 0.0655604618417181 -0.0296530291010674
-0.035333031106914 -0.0519094864782342 -0.148541109475596 -0.443309249044404
-0.0450454618517855 0.0225760260070418 -0.690015645102383 -0.174027534569861
-0.0140761558184556 0.0388669251368803 -0.496970693579855 0.513351270181015
-0.0145282699790369 0.0248551330090989 0.194952061862582 0.550170473791315
-0.0120749813525477 -0.0101429653413835 0.403778221352321 0.115308391310399
0.0191703162477822 -0.0053751501448057 0.262203480565075 -0.114406619757062
0.00755242640954217 0.00593375095233705 0.0085287134095064 -0.182682249579059
0.00571124282395329 0.00717810247795404 -0.0400404917221248 0.0932125497375323
-0.00617369044692573 0.0132585426276763 -0.189249024590076 -0.0801250945780831
-0.0194311979066485 -0.0161535395289875 -0.146185272411137 -0.36648367414912
-0.0074796825052199 -0.0134060558545662 0.3617054081562 -0.414199863849089
-0.00964280919459553 -0.0158749942421746 0.680525179628449 0.181616163683878
-0.0125303756623025 -0.0165977786127716 0.305978436374334 0.646871870458815
0.00549579252684791 -0.0330899619861119 -0.0628561431520463 0.441623941487031
-0.00611614268497488 -0.0427375210022398 0.0704217846108935 -0.0584175245751035
-0.0229521130043819 -0.0265252053977135 -0.185735264948539 -0.443398141115097
-0.0214471066738355 0.0183964344758972 -0.700285678744449 -0.0925069197838252
0.000802279453997985 0.0244432622403979 -0.423937719267761 0.567703849781176
0.00110862095683171 0.0233734038224433 0.257323837998803 0.515435255369806
-0.00246350087653961 0.00402444742037088 0.406415904705103 0.0680918651340368
0.0176354698317549 0.00137053064762361 0.247625583527769 -0.135947243220248
0.0064413761933631 0.00163455617084219 0.00266844141235814 -0.186250384120802
0.00499313282995379 0.00613619426203633 -0.0448683714037739 0.0921498940295747
-0.00941035460936975 0.0239642684178969 -0.187382689459284 -0.0884310100303037
-0.0134148655676381 -0.00153338388883595 -0.132841356323215 -0.37622317794493
0.00579671201372762 -0.0167394106799381 0.379432613160125 -0.402385394961115
0.0101084013905396 -0.0188958040124062 0.680384140539665 0.209869481628757
0.0021430253520969 0.00526034179570098 0.285954239268396 0.658517921375054
-0.00318223822736131 0.00515923026118004 -0.0701781824756344 0.435011086423574
-0.0142879111256196 -0.00195844973999424 0.0719624471856889 -0.0716697878211726
-0.00515940259183067 -0.000963707986669161 -0.200091037230798 -0.443222983150985
0.00296865561965947 0.00903638562659282 -0.702840219483803 -0.0684298531270844
0.0139132329184107 0.00499045182597464 -0.397691767992904 0.581301862183867
0.0148340344428283 0.0204599817185119 0.278530025908291 0.503896274536594
0.00558633113011194 0.0186207305677712 0.405363159761372 0.0581621140237304
0.0159611734320928 0.00938696826651596 0.239640687025776 -0.140789868489507
0.00566371853657052 -0.00240671880363629 -7.11763601568179E-05 -0.186684023714551
0.00318780536324661 0.00519235749755418 -0.0466449789690301 0.0922725833563628
-0.0132332272954899 0.0344437135191639 -0.190091646557157 -0.0828360103656014
-0.00913196149131334 0.0127908200935209 -0.149068598963606 -0.369826726015985
0.017494646014705 -0.0196305442720195 0.35135253508929 -0.428672544208823
0.028620676063314 -0.023021169563793 0.686572832162056 0.158400528611453
0.0187018085021308 0.0273410605396568 0.325283052223838 0.633936912154663
-0.0103002344819372 0.0461387012317258 -0.0525080794658992 0.441461164849566
-0.0222354361509277 0.0421653305616787 0.0708773555384443 -0.0663188673693229
0.0127734358210355 0.0274899957579143 -0.186451799532139 -0.450913239873012
0.0263896103783722 0.00172750528741479 -0.698377157177524 -0.105414874347538
0.0247895028390724 -0.0141307206276634 -0.427779781147831 0.56067984228935
0.0257483088091187 0.0168285436808464 0.256054061794407 0.522166163319726
0.0134928895657829 0.034013975841112 0.4028169171593 0.083193495792219
0.0127564157188414 0.0167789280285292 0.241762336096206 -0.12880516193675
0.00650045659467263 -0.00693701913249293 0.00135460552998361 -0.180580927289693
0.00267527669151998 0.00332256950884421 -0.0461160691039927 0.0952963864956619
-0.0142388633411095 0.0412843313085171 -0.195171624032397 -0.0648165929220887
-0.00624885646918551 0.0254300912326208 -0.18924666517892 -0.3435748864195
0.0247869680558801 -0.0219245117449674 0.275700308862316 -0.473964692153575
0.0424866104996302 -0.0300732950645819 0.690975778891571 0.0362224364282713
0.0408213567682714 0.0404037342584024 0.416576280600297 0.568796410215233
-0.00854449830585176 0.0798034219921393 -0.0123512823594259 0.45407820985949
-0.0300172321279728 0.0797289754675814 0.0662512061300543 -0.0431482251143194
0.0209621106850355 0.0567611400001602 -0.140973171341645 -0.454654698438039
0.044771205580683 0.00350818905859091 -0.680851448603444 -0.203488113523702
0.0354089269458214 -0.0300986659253743 -0.504647828239481 0.499313353336291
0.0334505404999774 0.01249571153189 0.188376234970403 0.557723211710518
0.0186101366763158 0.0473679699452937 0.394729856599622 0.136523502336482
0.00940566782705899 0.0236957228674525 0.253147610303378 -0.0996018790771756
0.0070954457668962 -0.00859258912259839 0.0057635137594151 -0.170894308629401
0.00220515408527069 0.000612387621665544 -0.0433489284679245 0.101476208806349
-0.0141435140864633 0.0429034518660584 -0.200355733343241 -0.0355127477144324
-0.004558518812229 0.0333622087360717 -0.241869186605778 -0.29954187388137
0.0268024320487302 -0.0226141243168432 0.16056367344207 -0.518493079768585
0.0461198427608682 -0.0403328306412954 0.660703981135295 -0.133277004943571
0.0618523619547419 0.0377543348725838 0.519950475800953 0.457419912200558
0.0036099728300864 0.0998114143616936 0.0499307392585956 0.468978716801533
-0.0356678396727389 0.106967818984635 0.0586864198913956 -0.00571187877380164
0.0180249914218776 0.0844638858505865 -0.0790567158516646 -0.450996287259996
0.0551369374762374 0.0151051596362314 -0.636482786583216 -0.341641663863925
0.0437389315140256 -0.0353100848509087 -0.612497442081365 0.378600160103247
0.0357165108500386 0.00772292488674019 0.0716875102213373 0.594780139694005
0.0199758334060601 0.0548534135926384 0.37098554344368 0.21373281073814
0.00737636682313461 0.0307327534278696 0.266791421039381 -0.0578660408762924
0.00911654965490229 -0.00816615362296079 0.015021206740649 -0.159289031761671
0.0034916395750722 -0.00113663021222821 -0.0378986577880965 0.110467830324258
-0.0123453518661639 0.0402164796290106 -0.200406585388489 0.000631595894419665
-0.00493641056670934 0.0356389462440673 -0.288673393860242 -0.235087990263497
0.0210049034403197 -0.0214697373875239 0.0293470807242326 -0.531065813893487
0.0383821181891873 -0.0478971891820366 0.585420684104611 -0.29629936244929
0.0732444557033477 0.0220850202167417 0.601571609719761 0.312051366358234
0.0187792644567281 0.103677900668711 0.11989186922792 0.472765944448952
-0.0390380898653073 0.11796181283416 0.0501238796734321 0.0394482172132429
0.00377471700752798 0.101996164623122 -0.00934505404514506 -0.432849138612176
0.0529124337272621 0.0339112120957336 -0.548676114744432 -0.48604689545208
0.0472138222894588 -0.0312507325155005 -0.70656925933697 0.206651016242743
0.0332195033950139 0.00508632629203432 -0.0762369674726213 0.599131794269909
0.0160256405273702 0.0565578453795736 0.33041673276043 0.294544864373612
0.00506568145015353 0.0342648235007944 0.279966596958467 -0.0101504627654718
0.00977959842541209 -0.0071929538161587 0.0260685833068642 -0.150041196223205
0.00513631138927358 0.00903349571833091 -0.0303153559635444 0.100414133832711
-0.00161973643873928 -0.00352850633608663 -0.201704156180047 -0.0371104555212797
-0.0347188072764715 -0.0342068113084778 -0.232195836331228 -0.30837375999532
-0.0339037327504471 -0.00550593066800881 0.198127414768432 -0.498371656213317
-0.0436291571123842 0.00155290785125826 0.661810441815492 -0.0657813956933614
-0.0418347982913809 -0.025959126206322 0.474678623468504 0.507967350008858
-0.00473057495704797 -0.0742369209052465 0.015943028765461 0.478901607052874
0.00575092629866145 -0.0975571284026853 0.058453756217379 0.00831473161404219
-0.0369193561111673 -0.0755592598169848 -0.0854719255991392 -0.440541055790345
-0.0628376310991992 0.0180151274737965 -0.652585036338147 -0.303267288348159
-0.0302728346272888 0.0460937954547631 -0.606507343419526 0.409770900350054
-0.0280932360333915 0.0246547689975449 0.0862630289781293 0.589229864510054
-0.0205285663533886 -0.0227533356058157 0.39010429208909 0.186194927578262
0.0195251867819273 -0.0132594483015399 0.282607278129483 -0.0778534018833428
0.00851162686193023 0.00847012374637406 0.0201824649787379 -0.17593878241781
0.00554236507604442 0.00788559779924221 -0.0359443013496826 0.0965890979384153
-0.00358150993046094 0.00247868755910371 -0.195230315819812 -0.064093860888188
-0.0269672768475786 -0.0281490468227067 -0.180475826286452 -0.348654326249809
-0.0213497881341862 -0.0100224696252374 0.301496029664548 -0.454435039382664
-0.0287869508991931 -0.00906222237608677 0.682420703954234 0.0848596348709223
-0.0273588663837218 -0.0282800149234923 0.376039504468725 0.601017709622163
0.00507637022693377 -0.0612222077790304 -0.0362050453721335 0.461666176401556
0.00103454746293228 -0.0760879917403282 0.0661922256244738 -0.0306575691914803
-0.0348055049083037 -0.053040427552711 -0.144038444133448 -0.445434822306145
-0.0457779517736663 0.0225020411613064 -0.689981387869336 -0.180186732865064
-0.0146090580960268 0.0394448717238029 -0.504419227289618 0.510489408101741
-0.0133920367282959 0.0253501853268031 0.193248202640778 0.553011077102636
-0.0117908376721611 -0.0103917684408816 0.405039229754812 0.118477280153777
0.0190720091654031 -0.00556143913103689 0.265230120564613 -0.114235017329982
0.00758871694715347 0.00600248831964814 0.00988427300658738 -0.183310633559305
0.00562666808575513 0.00720510711642824 -0.0416105880905015 0.0934705785642204
-0.00587097043952135 0.012444709990079 -0.189252948337493 -0.0821294550413871
-0.0194927148053293 -0.0157268546195361 -0.143646153644369 -0.371762258869816
-0.00739530171444268 -0.0135128912662385 0.365183085683015 -0.413420542731241
-0.00913971713242617 -0.0159107345515128 0.681129885702872 0.189113221399856
-0.0123528872357024 -0.015914755485877 0.301279204962942 0.65080760675191
0.00527689997021323 -0.0338786762758952 -0.0664328764107938 0.444329576004711
-0.00528216256652459 -0.0422980163581229 0.0718173229270531 -0.0576893103269949
-0.0225787355019834 -0.027578020503489 -0.183630852885363 -0.445606567457479
-0.0218252257797608 0.0183307073645144 -0.703233345910131 -0.0994457978661563
0.00023845894300201 0.0239931593730653 -0.429436079189157 0.564884836952756
0.00123504577025853 0.0237475543474236 0.256506318618123 0.51811323371018
-0.00233751366811381 0.00405637703827075 0.407381916277789 0.0728101985539965
0.0181488013030296 0.00243256459686232 0.250095358741353 -0.135422750799973
0.00540132039411538 0.00178341196797348 0.00465287441935425 -0.187445130492296
0.00437941972591095 0.0057868650257596 -0.0452725353011497 0.0918188324421352
-0.00968723657705855 0.0237992957999863 -0.187125099810045 -0.0898377985199557
-0.0133592838285261 -0.00125288279575555 -0.129774373483029 -0.379283427282377
0.00548235081285872 -0.0167378421922481 0.38453080071205 -0.401662027548264
0.0109644755097192 -0.0191765003296997 0.677844728081985 0.216132201284673
0.00241878367219791 0.00563384166222566 0.280775496847071 0.662045542680142
-0.00214460883909246 0.00468764250387495 -0.074058069272398 0.434623707448102
-0.0134622216518305 -0.00151048754610901 0.0737693381988479 -0.0710967048080512
-0.00520903399655231 -0.000494558631223036 -0.195892664740591 -0.446360480674167
0.00250002578973701 0.0093714598865207 -0.704622372798579 -0.0732553629559576
0.0142420934613562 0.0049097421765073 -0.401619888463702 0.581860549447699
0.0149990466518964 0.0207633941087701 0.276713057664434 0.50856894945854
0.00571478511041173 0.0196135916169733 0.40705140564235 0.0620480225542266
0.0157699436784248 0.00926363029488193 0.243105766360311 -0.140004183865377
0.00589304553949728 -0.00313799656573294 0.00180357285957587 -0.18706488979247
0.00277959904090344 0.00469100338505719 -0.0482060274247838 0.0927325872801269
-0.0130764545174122 0.0341918454684394 -0.190123571281312 -0.0846870622674959
-0.00884148395496429 0.01378125622675 -0.145905048968412 -0.372013411335227
0.0173621067991028 -0.0198524075791129 0.356317084938422 -0.425524394443243
0.0290413530001203 -0.0223120465681915 0.68850503382862 0.164639403243361
0.0187739906204717 0.0278767151673881 0.320901649637104 0.639080487864444
-0.0108641867009586 0.0454539816424627 -0.0582023800715897 0.439746875117417
-0.0226106830521506 0.0413189403678868 0.0715651615421903 -0.066222419514583
0.0111407691010839 0.0285052350889893 -0.182194881808487 -0.45119354116715
0.0260834437431054 0.00209840747542754 -0.701906857080884 -0.112375556673995
0.0249190681644867 -0.0145855622293305 -0.433220132641112 0.559806525636801
0.0260049114404695 0.0168101522551468 0.254344633261835 0.525623550209623
0.0126411835448715 0.0347815523227905 0.403746547098702 0.0867014582861265
0.0124645939444594 0.0167243854152067 0.246060216977083 -0.127412755863357
0.005687421794218 -0.00657704121084612 0.00308861739052062 -0.181379310663643
0.00224134146323231 0.00412161385924356 -0.047617817826262 0.0956442843323782
-0.015339007195702 0.0410661810441686 -0.195365430960832 -0.0666445057292643
-0.00557366304863394 0.0252774087482655 -0.187827331828043 -0.347076786328939
0.0247952265912808 -0.0220292562725047 0.280283056506879 -0.474853905929931
0.0426253548691803 -0.0294158347885861 0.693755296232566 0.0424411533418854
0.0402012521492035 0.0412498942508705 0.411656047928443 0.574779151550527
-0.00921767244091879 0.0795871193014514 -0.0178417758922249 0.456140643294946
-0.0306762138064063 0.0791631180268091 0.0663411445308408 -0.0428150407252486
0.0208354415220686 0.0574422318529052 -0.138707864167192 -0.45668094891557
0.0446675970738215 0.00346000867576477 -0.681729791748982 -0.209999618840835
0.0358821654558268 -0.0299058137292025 -0.510438786982111 0.495931274736067
0.0340959080667018 0.0121273850018449 0.184294401478077 0.563234177368525
0.0184465598132102 0.047278152793765 0.396214733770963 0.141235389082169
0.0104514695845844 0.0240653952483674 0.254838091885906 -0.0980337899233856
0.00727630661492397 -0.00906576361815713 0.00800361628215931 -0.172004868748027
0.00266379179477228 0.00139142942154544 -0.0448043935324113 0.100791687777484
-0.0143187591397494 0.0429998827337229 -0.201208641289803 -0.0377732725336419
-0.00471462183033396 0.0340482838740581 -0.240956989401513 -0.302592669801126
0.0261682197667558 -0.0226857100179277 0.164947127048971 -0.517705893718877
0.0463252050252012 -0.0402395034495901 0.662871817035501 -0.126507364812875
0.0616810340470551 0.0381076936884846 0.516031976137147 0.462329503677668
0.00292586705315774 0.100471316464027 0.045831745485679 0.469856292061601
-0.0369171400385586 0.107552267174358 0.0593057049131534 -0.0050844109802783
0.0169084084665873 0.0856748008480037 -0.0740023056901355 -0.45270675248244
0.0552790781239033 0.016266171421877 -0.63428088823665 -0.346779469147588
0.0439160426898899 -0.0355739051693166 -0.618053486736462 0.374407800034479
0.0362729233424526 0.00907577842339284 0.0668088972786815 0.593795215798586
0.0194160401990863 0.0561889604465901 0.372916977358964 0.217475510359442
0.00705989341171694 0.0307869992375226 0.269573057816707 -0.057043663823721
0.00832412765003952 -0.00856096257615974 0.017240830343887 -0.159631757383401
0.0030329034189194 -0.00102236399655588 -0.0394449401868236 0.110743688687968
-0.0131029008871623 0.0406472409975411 -0.201860477464394 -0.000779581417968924
-0.00493147359104061 0.0356911572793217 -0.289180192916694 -0.23937695365401
0.0211737553591067 -0.0215515477027575 0.0331910296765619 -0.531962763681768
0.0396033140767748 -0.0475528553742395 0.591261061303103 -0.292683999029526
0.0734338128266359 0.0235661909180906 0.602721352040531 0.318270128236746
0.0173161852786834 0.102640362322352 0.116181811065494 0.473871770856006
-0.0403815080049932 0.117559395661896 0.0503166659109015 0.0396685695835501
0.00300765064208273 0.102636636785548 -0.00407343337534622 -0.43219783634552
0.0530674664695285 0.0353995012655446 -0.54648781274266 -0.492680805312298
0.0475384907184246 -0.0304422030150898 -0.711005945126742 0.202474872147989
0.0324819417197843 0.00584211759027966 -0.0802018814690142 0.602346705527596
0.0160779639063313 0.0587052888863428 0.331345387713751 0.296754744669561
0.0043579497320905 0.0343175042978202 0.281170792070581 -0.00805792358611588
0.00867477708342679 -0.00703916475568812 0.0281142873639068 -0.151211347845685
0.00561517242819357 0.00870154850960594 -0.0322500534362587 0.101218240366656
-0.000547484001373262 -0.00478025626282531 -0.202967668099744 -0.0379773525944094
-0.0345570030129734 -0.0343202932717152 -0.230229559930841 -0.312649066411222
-0.0339699020095519 -0.00680510580485512 0.203602935377519 -0.500152225243835
-0.0435139674545201 0.00190074682651391 0.666205823723797 -0.0599758839724098
-0.0420538847677836 -0.0259676475752218 0.472001189187229 0.515567967346176
-0.00303454386929232 -0.0759262257897022 0.0117728492228774 0.482093986259643
0.00667700555822805 -0.0979598993372001 0.0596931495074782 0.00948924666564398
-0.0371659106275098 -0.0757607342133398 -0.0820448762896813 -0.44348385262773
-0.0640107447580812 0.018575692652245 -0.654679789303697 -0.310220301683142
-0.0305882051827591 0.0466166194393442 -0.612423610621198 0.4053807635723
-0.0278384053017671 0.0239797292823122 0.0840315725149072 0.593377913226887
-0.0205133748167429 -0.0222102027038378 0.389985172599522 0.189660682162944
0.0199164863470607 -0.0131411968138804 0.28451975730217 -0.0764322167996298
0.0085685538234564 0.00853542669728259 0.0221477623238744 -0.178166779757865
0.00544014614554962 0.00785332803834618 -0.0370870966850626 0.0963595459247399
-0.00338798938821248 0.00212861137002583 -0.195947929721643 -0.0657079260440121
-0.0269927362897318 -0.027097599893079 -0.178251939950872 -0.352220734497588
-0.0216259851663386 -0.0101191079035149 0.306154009015484 -0.455596959442612
-0.0288990332472819 -0.0088886084345274 0.684946885309541 0.0913014461832177
-0.0273905286948143 -0.0286244783639478 0.374109061720863 0.607004008506697
0.00656855665974767 -0.0621005454359604 -0.040126978724028 0.46279601121262
0.00161055204637632 -0.0758453059901116 0.0671294956538151 -0.0286302472931596
-0.0346158070779002 -0.0530413515779035 -0.139419254484249 -0.448983409288017
-0.0458867198041159 0.0224009947408713 -0.694019865073448 -0.186119581805258
-0.0148268719656228 0.039608538455256 -0.511938601413961 0.509906172050523
-0.0138319460582897 0.0239198777019389 0.189634221095858 0.555930702813411
-0.0112050497778528 -0.010329161637532 0.406945451350911 0.121483721548973
0.018953016930722 -0.00573373788721625 0.268300116515095 -0.11279259545348
0.00780669921479739 0.00534361478432756 0.0129648232006701 -0.184996631237922
0.00526141331773487 0.00679056475092559 -0.0428315846308773 0.0934007990743057
-0.00615735687408448 0.0112309600022086 -0.189610055764234 -0.0841179771843058
-0.0192839054782007 -0.0154136287903352 -0.140793211500789 -0.376294064736106
-0.00684592639534077 -0.0134932409682755 0.371020773653681 -0.413953877396962
-0.00961235070160992 -0.0168595544741416 0.681764033476953 0.194626465850072
-0.0119199592855277 -0.0159375463334334 0.29741714170656 0.655137089616816
0.00573176300203048 -0.0341480919202997 -0.0710512588131406 0.44406435327937
-0.00463346607447106 -0.0427668313717641 0.0729923539372341 -0.05678301529997
-0.0224063264201177 -0.0273698324243742 -0.180065720615877 -0.448835716450175
-0.0217362737923275 0.0183532592201631 -0.706379056400036 -0.104598026559141
-5.86816822270592E-05 0.0250322737047567 -0.435292485058155 0.564732047667128
0.000763035418580069 0.0234687123189939 0.253635139465711 0.521828560137061
-0.00259324161262764 0.0038210991143315 0.410378186048615 0.0753282315488305
0.0181764688265417 0.00208389335632596 0.253726145545524 -0.133917460495548
0.00568448306892105 0.00153059034620599 0.00554992456331466 -0.18931826479774
0.00389742785952729 0.00583535260016119 -0.0468894432551207 0.0917804519540297
-0.00969072416622953 0.0233395015174754 -0.187938143991178 -0.0905508282032726
-0.0135504175093884 -0.00121783931946277 -0.12675610938686 -0.382710720450881
0.00611135082433983 -0.0168798334533792 0.389840584065202 -0.401433604720468
0.0111078351763794 -0.0188240049771791 0.68177665730663 0.224430029395453
0.00227671969790798 0.00526365352969358 0.27623881607933 0.670333617834414
-0.00302424564157251 0.00415133027999342 -0.0782071460710382 0.43624529160822
-0.0133246869078133 -0.00156578348989236 0.0746193460671327 -0.0705904256287086
-0.00487399507125751 -6.3988804593699E-05 -0.193727472223131 -0.450543954279781
0.00272779525040678 0.00933891017286459 -0.708990782614487 -0.0802064767659241
0.0136556345729531 0.00598861777348087 -0.409717259037392 0.583616888559036
0.015026198375442 0.0205953478476241 0.274432520409674 0.513629272269971
0.00625438640435302 0.0205919568378807 0.409135909738014 0.0645038147099397
0.015345561639343 0.00933295911650839 0.245522424604109 -0.138988963124442
0.00585443283210923 -0.00282951386635943 0.00339502599760315 -0.188985559110655
0.00213801804759012 0.00469141302859895 -0.0496811532565155 0.09351435234593
-0.0132407586116196 0.0336914294172916 -0.190535832874505 -0.086915695167977
-0.00869286366644709 0.0136955209007471 -0.142881364168027 -0.375712970738352
0.0172858949114381 -0.0202280692644783 0.361887301893224 -0.42585552338624
0.0295566072642968 -0.0225835847825657 0.692258332373892 0.170181123819153
0.0184205154676112 0.0287312597315207 0.318529479036856 0.645008765190629
-0.0110237557163353 0.045050650579729 -0.0612682248983008 0.441668784572386
-0.0226279461666021 0.0413776976876928 0.0732745493256786 -0.0656131911493067
0.010694338844058 0.0281066394962592 -0.177333644666198 -0.455630553402146
0.0265597213175031 0.00317551304797458 -0.703921571086551 -0.117966014657866
0.0254340515593453 -0.0145630354057576 -0.440927818983547 0.559552705235066
0.0262659268410891 0.0174861663001375 0.251901441906886 0.530396060594202
0.0128094508284071 0.0348613847720577 0.405722053373644 0.0888778036178935
0.012757017566692 0.0163182449361393 0.246994259324995 -0.126328804776338
0.00591641591304818 -0.00631495244499203 0.00432650594824921 -0.183348507655164
0.00130816526362882 0.00318777604786611 -0.0486827356277546 0.096135759859389
-0.0151413389156052 0.0412017646678046 -0.197944989551559 -0.0683561221786138
-0.00695073673204545 0.0256281410067734 -0.186452709389519 -0.351242304388386
0.0252976750987249 -0.0218622808535964 0.286350645740008 -0.47459802759296
0.0431358570279103 -0.0296502865050329 0.696898549765246 0.0470441205789192
0.0401359450314488 0.0419229469845815 0.409712284606064 0.581000997613105
-0.00993793063951767 0.0791931834497814 -0.019216565498812 0.456681746479324
-0.031073225831787 0.0798812127036612 0.0684448271478326 -0.0423084436424341
0.0203786840669404 0.0584153155537752 -0.133375919301073 -0.459409739319052
0.045261611676035 0.00444831330950309 -0.682896134680023 -0.215195205171331
0.0360257714408195 -0.0293950408758257 -0.518138013540989 0.494200360957972
0.0333942984879401 0.0126995937443536 0.181632000392398 0.567039728263678
0.017604520733354 0.0477274901282973 0.397773475622153 0.143983277876883
0.00950901583945717 0.0244182201754067 0.258749275017405 -0.096682117281642
0.0071410450752174 -0.00808939255591013 0.0106068326754442 -0.173077562324155
0.00174762132118987 0.00150906369611808 -0.0461010028062723 0.101641698166683
-0.0148560329549454 0.0430688606972605 -0.203138028626439 -0.0388438053476234
-0.00525615118766493 0.0333080540269603 -0.239959041502462 -0.306244298518337
0.025904453210017 -0.0228670502870393 0.169396317711382 -0.521188423019465
0.047196537246175 -0.0398857104284099 0.67009211130566 -0.121181668666829
0.0623211454683804 0.0385788636561951 0.515462366809597 0.470083283750587
0.00124653820453714 0.100025968786554 0.0410930461608057 0.472849050963872
-0.038009331946603 0.106991720121382 0.0598878210437245 -0.00415960299657674
0.0170946400035819 0.0855169724318019 -0.0694507405472492 -0.45520020018843
0.0563757306055995 0.0164215696106196 -0.635551689153756 -0.354863040948809
0.0443052926315373 -0.0355744942226698 -0.623203963127528 0.372154160537558
0.036388840790548 0.00816296186757162 0.0628578092379308 0.599706529817175
0.0191634425380881 0.0570196541036875 0.372659444745536 0.221210202637905
0.0066314603222129 0.0305749137437298 0.271821714648786 -0.055641512117845
0.00772181590946145 -0.00867991849377048 0.0183808210067283 -0.161720809419346
0.00371064067439744 -0.00135450994024638 -0.0406787109466831 0.111729077081042
-0.0138614965962479 0.0399676943988673 -0.204104573566585 -0.00230201647519679
-0.00564866138467505 0.0367854962697565 -0.288384155946019 -0.243145684326255
0.0210779289995921 -0.021412926935321 0.0376617731088801 -0.536709462755278
0.0402645103731889 -0.048168452461272 0.595955406385955 -0.288136267243383
0.0738100847922326 0.0232537667222894 0.601663565734259 0.325292068833195
0.0165200163463264 0.103001692567998 0.112842675794222 0.478429157772982
-0.0410061612376162 0.11738518637616 0.0500635012905525 0.0396930712375101
0.0022011133265274 0.102685210991946 9.12863506140313E-05 -0.434082099600337
0.0529555644788681 0.0355716623681519 -0.545179333639909 -0.499512422010101
0.047970515777919 -0.0295200830089447 -0.716637308557248 0.199462156706298
0.0328746173619404 0.00657016045795181 -0.0859783619094734 0.604899517863639
0.0165446278828708 0.0585926842937342 0.330659775074577 0.301920330576788
0.00453583588858512 0.0346959601537381 0.283912601345174 -0.00714559206541308
0.00963283782388622 -0.0071601381055644 0.0301093491366971 -0.15181862566348
0.00528268048566407 0.00899740060109489 -0.0326109462364299 0.101786660767248
-0.000533601081698938 -0.0046501928276023 -0.203774798796294 -0.0403431462272343
-0.0343660177420361 -0.0348748067907571 -0.23027607211167 -0.316327276781852
-0.0342524111888452 -0.00696131372053681 0.20837690565224 -0.504284558111059
-0.0435389686798551 0.00150652732147983 0.671672418445364 -0.0565767507883474
-0.042283011757366 -0.0262019129274411 0.471776365972674 0.522931491699717
-0.00213379119966154 -0.0762187289430755 0.00837762624861771 0.484559809228675
0.00822356706273131 -0.0985498626164658 0.0596276687787981 0.00996079854089768
-0.0368717643993828 -0.0766414579139603 -0.0785257577651616 -0.447714745881166
-0.0643766490192614 0.0179554124920456 -0.657910767463381 -0.317751411431457
-0.0318450248838346 0.0470189488626681 -0.622327878653401 0.407000813502926
-0.0278588950435982 0.0244588452604096 0.079848425397683 0.598821425748554
-0.0209908416705331 -0.0223334588602296 0.393647478548597 0.194682577292183
0.0198614106004525 -0.0127219349713334 0.287820886088206 -0.0751083968197103
0.00873102678302719 0.00827404559653461 0.0245042672638764 -0.178527043255162
0.00550083653130577 0.00694532880090303 -0.0389393812437419 0.0976113147117517
-0.00291957469169716 0.00225655322568802 -0.196225175551257 -0.0677309813943794
-0.0267673265131112 -0.0280843287560344 -0.177426689842856 -0.357394110522757
-0.0219748666610173 -0.0106921298164496 0.312945101774683 -0.456910915494022
-0.0282792860743463 -0.00986485145238355 0.690280887865186 0.0972042816676522
-0.027204004674362 -0.0281527905792839 0.371265955866647 0.613612847436542
0.00732953303113614 -0.0632800543821294 -0.0434663102753098 0.465080411249028
0.00313390549967639 -0.0768659077318442 0.0677489787091623 -0.0288303993600256
-0.0341920497927635 -0.0536675456507916 -0.137296613156618 -0.452993753764983
-0.0466605221396209 0.0226374558521115 -0.698018274281625 -0.191020221596399
-0.0154922710698857 0.0397318475883495 -0.518547248982937 0.511012999613696
-0.0142441054226205 0.0249212080216083 0.188351603135207 0.563562983693522
-0.0116993337626733 -0.0102794197019472 0.411696717869447 0.124682249480587
0.0196753088360971 -0.00506442065330767 0.271477377402973 -0.112616586093899
0.00727145880154698 0.00643087046395586 0.0140983318633356 -0.186855748074951
0.00506606194227896 0.00642316246752848 -0.0444185497678379 0.0943081998823376
-0.00607287333630342 0.0117986945233686 -0.191205993075225 -0.0861701063426289
-0.0198682362553638 -0.0159222899667417 -0.138169119059958 -0.378559356698158
-0.00777542213652725 -0.0138081159658738 0.376590551122695 -0.415861645090243
-0.00902633306009555 -0.0160577811473213 0.686309387690342 0.201742855426461
-0.0122994184361862 -0.0160370771460698 0.293995327863735 0.663781009930284
0.00612437899894543 -0.0349201738958044 -0.0757300966083157 0.446174195142803
-0.00373421295653654 -0.0435015517404545 0.0735617475004959 -0.05800558441059
-0.0229453186350198 -0.0275605987629259 -0.178186066831052 -0.452915326255356
-0.022947701325791 0.0187995634722369 -0.711775034664384 -0.110396812816087
-0.000298802640390944 0.0249149511808683 -0.442700901814335 0.567469654485264
0.000538438625697162 0.0233598858605811 0.252513248446613 0.529613534940179
-0.0021421308433307 0.0045003995601978 0.413321173287872 0.0788673275715562
0.0179576584436451 0.00249894254270232 0.256405458491018 -0.134315044005043
0.00682797268835973 0.00138834193216596 0.00817370506987187 -0.191622910294605
0.00321230414384572 0.00547251837064483 -0.048825937921223 0.0936250248431254
-0.00927833356184406 0.0230227930486799 -0.18885862079172 -0.0935926778634982
-0.0138769846569884 -0.00154720429317067 -0.123866403948476 -0.388598958945198
0.00548834671098349 -0.0170120122322439 0.395446940574913 -0.401899500722439
0.0109043932847045 -0.0189707179989369 0.684646049864924 0.230034533880829
0.0024112884420047 0.0058970577688786 0.273225846060433 0.676371236950022
-0.00238536844211705 0.00385027331668396 -0.0803371276979389 0.438725035847467
-0.0130942118272476 -0.00168072498932047 0.0759967930012444 -0.0708481711879912
-0.00519007179296709 -0.000655625360882756 -0.190622832563932 -0.455079350981341
0.00235655736016367 0.00971470612779574 -0.712884015740407 -0.0851913080431314
0.0138398506884947 0.00526043788035111 -0.415678975381409 0.58456832756335
0.0148351481584533 0.0204768128895857 0.272963136564445 0.517252912273991
0.00567728078660356 0.0202898378556414 0.412203233847226 0.0673811523510959
0.0161327147041697 0.00926059854275973 0.249332252562028 -0.13961349135663
0.00608888854145821 -0.00309069551779386 0.00512825899343954 -0.190684484189092
0.00235880338794405 0.00451102102540394 -0.0513377274584084 0.0938617487370601
-0.0137620811096312 0.0337380877748498 -0.192327553095667 -0.0884119047039596
-0.0103991717245527 0.0135475444019555 -0.143592991023374 -0.381039315696589
0.017472113552125 -0.0197492820043851 0.3674217119642 -0.427847627772535
0.0303854998682001 -0.0216452470832246 0.69566560231519 0.179797035792284
0.0191898103401291 0.0288574754471822 0.315294818527077 0.654056135276644
-0.0112648314472945 0.0445948688110118 -0.065271950684922 0.443020150365874
-0.0231555937401535 0.0416340807682791 0.0743306160811996 -0.0653450646539517
0.0119248916061078 0.028323291901017 -0.175566713123208 -0.459965205257388
0.0265457619810796 0.00269159744812942 -0.707839693283677 -0.12490579621649
0.0258425838691564 -0.0141511951063281 -0.447064260887179 0.563467387604979
0.0256855972905392 0.0176323715760034 0.248998163769658 0.534880563734578
0.0127651761603197 0.0362592461448391 0.407853487109685 0.0919439085216
0.0124855001381355 0.0167021962256971 0.250678862245775 -0.126331299154075
0.00598748156235885 -0.00603869213281643 0.00642971952972369 -0.185519994538367
0.000783781810122373 0.00328359730718061 -0.0502594168878752 0.0963886486292046
-0.0159648713661207 0.0406423950381671 -0.198742211086091 -0.070173234302698
-0.00674496723738116 0.0258693766456082 -0.186007100881691 -0.356416836203246
0.0254094512206554 -0.0223199661957477 0.291721956431579 -0.478611739026708
0.0432269116742623 -0.0288841978454471 0.702363840628318 0.0537573776758749
0.0403477506096928 0.0419568125187643 0.407544378434963 0.587446182902078
-0.0111213497732134 0.080085684915308 -0.0226657339326478 0.461025099996819
-0.032321477694751 0.0808363055084846 0.0693009885419118 -0.0424082720385744
0.0191738473010611 0.0582546164064507 -0.131989829426763 -0.465657910037479
0.0453314812857458 0.00523929785980082 -0.687367250133483 -0.220121396785477
0.0360283918532888 -0.029573268450548 -0.525685573321173 0.496075403875861
0.0338976248527428 0.0128414136628127 0.17905024769018 0.572288462676545
0.0184973878178146 0.0488974446344444 0.39951162528129 0.148115008363683
0.00900784894837033 0.0246126809740483 0.261073821713339 -0.0976672817136043
0.00688020300993339 -0.00812159013152824 0.0113118380923542 -0.17489992485089
0.000947155479239764 0.00127103738852558 -0.0470383460582979 0.102390297863411
-0.015460001394102 0.0425129597542848 -0.204856883141557 -0.0401853682975863
-0.00493885305316489 0.0346046990878931 -0.240089544519635 -0.31099081890416
0.0271114774717261 -0.0232471885968603 0.173874849456159 -0.52463254078542
0.0475303803383737 -0.0399180365612899 0.674882450357825 -0.117657828326985
0.0623367565572236 0.040050350067948 0.515993686646089 0.476244935377446
0.000381131669030544 0.100656655369049 0.0379379180169491 0.475464635561918
-0.0385035351352907 0.107839657852765 0.0601984265545875 -0.00511816998322607
0.0158215509769392 0.0867239998664137 -0.0660920772916347 -0.459737340913303
0.0563367957197579 0.0173162607038078 -0.637703333335338 -0.361123685009258
0.0444755692163213 -0.0358037937589218 -0.632834809257866 0.371807965187683
0.0365036254551459 0.00915670273838419 0.0616640616407845 0.603552544981814
0.0187995627892971 0.0575274325904322 0.375026353798194 0.22421885090912
0.00668101824353618 0.0311863929462804 0.275322326666096 -0.0551972456290447
0.00799067052455291 -0.00864374379560738 0.0206886624302615 -0.164215874657314
0.00208302733825831 -0.00177017201972082 -0.0418799165637751 0.112064846109082
-0.0139479776533343 0.0395190510286268 -0.205953833614211 -0.0047521621004835
-0.00512494068298569 0.0362325834131475 -0.289885923943359 -0.247686545728819
0.0220606347143865 -0.0212146088350443 0.0395416302857701 -0.541074530746873
0.040725081661741 -0.0478530811346689 0.602635717572345 -0.28640018452065
0.0743040050133356 0.0245568269983126 0.60386632054782 0.332175285185505
0.0158493987584824 0.104422811136983 0.10970232224752 0.48216504934667
-0.0432591352494575 0.118281677427694 0.0503941371148776 0.0412226114218256
0.0011575045121971 0.103839203994353 0.00400108528718011 -0.438032241919756
0.0521548654740625 0.0367572524309749 -0.545438067252256 -0.508127878969149
0.0482650714257767 -0.0302960724796394 -0.724428867366814 0.194899970792528
0.0335095345791466 0.00548497662322804 -0.0909799928839061 0.608880650063182
0.0163105614775589 0.0593007087524389 0.329593863174674 0.307089623268919
0.00425499058114345 0.0357529830238247 0.286298439579777 -0.00671622911909897
0.00882773505519088 -0.00668052608680754 0.031712752296446 -0.152979211410641
0.00562785880568291 0.00858501653091671 -0.0340177454286452 0.102570680507248
0.000587351081591037 -0.00506734098533385 -0.205303946042472 -0.0408631240594822
-0.0352752108031409 -0.0353084138258027 -0.230442054930428 -0.320686841921486
-0.0341242482975855 -0.00738978084005293 0.212631380011609 -0.507983294454975
-0.0438861823885589 0.0019373990590294 0.679011252524073 -0.0526375944832898
-0.0422708434075943 -0.0262756876212287 0.471346685846403 0.530269632709635
-0.0014759781813339 -0.0772492721274209 0.00539228707986919 0.489008173109067
0.00927474327268263 -0.0998406967890072 0.0600402653257781 0.00978207367092458
-0.0364164600297098 -0.0776715084948546 -0.0772764423289046 -0.450247547728893
-0.0651538878831699 0.0175394920966147 -0.662333376699825 -0.325461531256958
-0.0325986258738253 0.0472438686470279 -0.629874318054804 0.407792226734502
-0.0287375706384179 0.024643915654454 0.079745787454226 0.605250031437876
-0.0204086498464869 -0.0230876663638156 0.397553419051799 0.196862464346076
0.020275033515676 -0.0134919468905164 0.292013210234546 -0.076386581430616
0.00967166187742937 0.00823448633053915 0.0255331499463542 -0.181146170508635
0.00540513934320351 0.00770136206139633 -0.0400983249775206 0.0979909427349576
-0.00175994336481952 0.00192705879754365 -0.199253272538782 -0.0692139368363686
-0.0274067148364817 -0.028199924566311 -0.177313436025618 -0.361440723329437
-0.0220793216867122 -0.0110449778292018 0.316324299886974 -0.461089381930225
-0.0289471659398956 -0.00993070081604199 0.696282131215999 0.101422981249349
-0.0273502455555697 -0.028542409645443 0.368671383369266 0.621880971412372
0.00796327674322666 -0.063825702171727 -0.0471432135108253 0.469118123263495
0.00413346738091424 -0.0774582860135275 0.069288983739424 -0.027832450993965
-0.0347890993439483 -0.0538238519856063 -0.13564813140948 -0.45911615097625
-0.0469178233729545 0.0225318120841941 -0.703955537505701 -0.199405161162006
-0.0158985898284139 0.0398203677227899 -0.527684576099993 0.514062122231824
-0.0141360900089585 0.0248484256508188 0.187320002135251 0.568253200027812
-0.0119411442009506 -0.0101165519989539 0.414730998032738 0.127384544674522
0.0201202121582709 -0.00575567082814106 0.275799584578996 -0.112806391665976
0.0069694423663299 0.00620068468765852 0.0167285223368561 -0.189841329330047
0.00548746780846639 0.0066323247730952 -0.0455871220913454 0.0955893956899191
-0.00612505631736753 0.0116004204924336 -0.192648945856544 -0.0878298081213383
-0.020397889059343 -0.0157617445959889 -0.138174470968116 -0.383776403548768
-0.00822004049561987 -0.014378512229859 0.384432110640074 -0.416484356709881
-0.00870949450771969 -0.0167510493313691 0.691177163036318 0.208322621297025
-0.0120063533908877 -0.0155130542229036 0.29126794388829 0.672093847384737
0.00677646682259954 -0.0353501075156023 -0.0779823958106798 0.449072728028532
-0.00326079451200387 -0.0438256987623804 0.0755523444465793 -0.0572572303510726
-0.0219632489464405 -0.0283762794846684 -0.176405263938058 -0.457972704713487
-0.0229056339660476 0.0193683729161402 -0.717719936532074 -0.116243909132727
-0.000411403738351747 0.0252735372679436 -0.451156550979848 0.571099360519779
0.000398486519408727 0.0236237338417321 0.253049812176127 0.534304398770837
-0.00210866862936476 0.00488365514778306 0.417193991569938 0.0806537279385008
0.0182751726975036 0.00199150008240788 0.261078550342774 -0.134659035079815
0.00582975231698161 0.00187748394315062 0.0105177379891214 -0.193807240358798
0.00296279176281305 0.00611924381570445 -0.0494495138098814 0.0940519146690085
-0.00982534402384354 0.0234745690986559 -0.190336311408566 -0.0955534669895587
-0.0143439039580729 -0.00104743119080337 -0.12478797339335 -0.392342954973927
0.00577708508708888 -0.0172335299597742 0.403227589087225 -0.403974026665969
0.0116717613878804 -0.0196478777023882 0.689796003151273 0.235649290765616
0.00245333328934231 0.00632472701826612 0.271010586470373 0.68314572071484
-0.00247585435596601 0.00315275782060358 -0.0845407386290578 0.442084956658482
-0.0132362918790483 -0.00133053506781755 0.0777615091525782 -0.0711361112606202
-0.00514223040979402 -0.00094105704963541 -0.190263582418484 -0.459403992645483
0.00319229864933172 0.0101616939026454 -0.720398097756162 -0.0910614741358921
0.0139909126121998 0.00584793183485817 -0.423223431310612 0.588548722240706
0.0155961382528312 0.0214708900403344 0.275016332097024 0.524554192489325
0.00619809283409364 0.0211007331161028 0.41589199634585 0.0686635977729724
0.0159587880569593 0.0095026533694485 0.252088078357512 -0.140373767930815
0.00471003879034003 -0.00261191786406435 0.00594136196590133 -0.19313662429857
0.0020309696972892 0.0048505980358471 -0.0528039420811722 0.0943375060573
-0.014124921286707 0.0337206568452296 -0.194399159114211 -0.0907316686087042
-0.00985745322601169 0.0139203570706388 -0.14242275668394 -0.386553018985642
0.0180471768719116 -0.0201830076574376 0.373559343404489 -0.42970579090934
0.0307021042648747 -0.022194883506086 0.700969119246056 0.18397069669276
0.0185683499402409 0.0298397760426603 0.314321335978758 0.660033791463405
-0.0121443813941591 0.044805556258584 -0.0667268929805595 0.44668901880995
-0.0235019804247248 0.041865303860605 0.0755714284113047 -0.0655657227739667
0.011147827382585 0.0292366378327358 -0.174621636914586 -0.464518308907641
0.0264277498547995 0.0031797439320411 -0.714892920088097 -0.128288316378774
0.026678281578051 -0.0143286417002267 -0.45481211578347 0.566268279166664
0.0264536186997101 0.0173538039350123 0.250265257412056 0.540661796224543
0.0132750170880259 0.0364906867244975 0.412773093566226 0.0935540887086541
0.0117751187148418 0.0171701157019151 0.2551561846948 -0.125927593148828
0.00549543029390702 -0.00586103490552325 0.00789806850445332 -0.186975425617028
0.000290984244774763 0.00246019097751664 -0.0520096985941598 0.0978087058337027
-0.0160673777854444 0.0406937984756474 -0.200989773790491 -0.0723945199989683
-0.00693417041820784 0.0268472799376318 -0.185016163120742 -0.36108176589912
0.0251915169080662 -0.0220534377864566 0.298634851916355 -0.481514123395307
0.0440994714248742 -0.0291368260688399 0.708227486271697 0.0584455360595229
0.040261492965468 0.0432786273152808 0.407655970181841 0.59636576813104
-0.0112869470688437 0.0803814215935722 -0.0268851713377715 0.463606980667873
-0.0326296583743083 0.0813200450562081 0.0702246256580994 -0.0423859551853657
0.0191912469778559 0.0596555766955824 -0.129401988268366 -0.468993458111566
0.0461839445671582 0.00507167540840149 -0.694230135939317 -0.22782856626379
0.0363513931773246 -0.0294976848296525 -0.533235680066027 0.497233989675184
0.033750472176332 0.0131671657870042 0.179756277642557 0.577592424257125
0.0183017513133793 0.0495669236594004 0.403133693649809 0.14964404046708
0.00782690563624389 0.0249164897409189 0.265505169271187 -0.0977316287818534
0.00636535351289419 -0.00843509146559161 0.0127949003166645 -0.17726699708015
0.000805799842196769 0.000318314484877469 -0.0497088140216182 0.103721758923477
-0.0155760199129387 0.0438163670635544 -0.207783314429857 -0.0418666586641845
-0.00525836527876437 0.035187630049817 -0.241314852410538 -0.31576911580401
0.0267963334523101 -0.0226442298417524 0.178778896363125 -0.529476501308882
0.0490266866753045 -0.0400776393254781 0.683342488058641 -0.114577965288402
0.0625722243400265 0.0401581229144723 0.516672698801053 0.483903460553031
-0.000822567543547217 0.101325368688494 0.0348400788702187 0.480963370768261
-0.0393978435052761 0.108288551836346 0.0609537432951211 -0.00435108682052134
0.0160792497738735 0.0872265146221771 -0.0635435907268351 -0.464366515266248
0.0562485338366049 0.0179469966565898 -0.641422104928006 -0.36931848926349
0.0459967277314623 -0.0350104819197646 -0.640393338825718 0.372659745573259
0.0363528298715869 0.00921381692268827 0.0583501777631687 0.610433398096419
0.0192379868838816 0.0573357167914062 0.378346882612302 0.229143756270213
0.0057808545122363 0.0316581287273613 0.278267513598521 -0.0537182253468548
0.00735864443070238 -0.0078498590502868 0.0221313760853148 -0.165220738525164
0.00224665597739491 -0.00132586656398292 -0.0436594160123036 0.113066387424665
-0.0146523947848002 0.0395308489795478 -0.209635899360506 -0.00552503538589323
-0.00581797477914224 0.037463913145264 -0.29196143901545 -0.250964540953171
0.0218856687376756 -0.0221332365462284 0.0437249621650264 -0.545517383042932
0.0413167494754024 -0.0490363337003256 0.609200240185962 -0.285196183111518
0.0750028344335202 0.0242895678257911 0.607710343492169 0.338444857302858
0.0159673813763414 0.104309233825023 0.106828405172449 0.48677562094775
-0.0438622583665363 0.119195587924947 0.0504476842327597 0.0414682449885667
0.00140120157651578 0.104907577319267 0.00792570313544458 -0.441865734735776
0.0531121944829072 0.0370814142722155 -0.548579578715351 -0.514756286135396
0.0486525641854175 -0.0290471705363752 -0.733688277472134 0.195011467647177
0.0337660453480017 0.00594223095861267 -0.0938210138608815 0.61341847516339
0.016310046147379 0.0600068336911148 0.332697345784168 0.309631712526357
0.00412911974443555 0.0355964045726206 0.290014516950016 -0.00481303107228888
0.00871550696914167 -0.00773895687054548 0.033622445862029 -0.156304021851672
0.00525770432944234 0.00832285321791836 -0.0353846469685493 0.104249618162121
-8.39198260447192E-05 -0.00563176927191084 -0.207725896892926 -0.0431818420218947
-0.0346646366125811 -0.0354186222659781 -0.232739392415597 -0.326053016129812
-0.0348036143828538 -0.00782946411279233 0.215678568274937 -0.512376460723771
-0.0442437720840591 0.00162341250128213 0.68823644669011 -0.0503368399838319
-0.0423644444964999 -0.0260610397253172 0.473619103453177 0.538122605014333
-0.00108826158099927 -0.0777706364771701 0.0041296873157802 0.493737379074508
0.0102259109094593 -0.100500930815917 0.0603479431139661 0.011119849859526
-0.0370925532462227 -0.0784236278206633 -0.0743276570897393 -0.456676527312063
-0.0664006898575824 0.0178235211826331 -0.669213414040394 -0.331234655025346
-0.0328528795647138 0.0476937665740773 -0.639821573584838 0.410435286554943
-0.0287053187297462 0.0242073043742479 0.0798324177763294 0.612215484839403
-0.0196845393406122 -0.0223217359687413 0.400698626661311 0.200403364967683
0.0213567008186967 -0.0134234731640245 0.296993275790854 -0.0751074446314525
0.00861018068446144 0.00861592328896341 0.0269918632971467 -0.18415940972298
0.00549053182809191 0.00721254309900555 -0.0418520482000378 0.0981827499735422
-0.00190727232915733 0.0011559403276564 -0.200904795681352 -0.0705289629584287
-0.0272381592588079 -0.0285450686542133 -0.178343097407184 -0.367071402128129
-0.0222733296064335 -0.0108191180763695 0.323240950621127 -0.464952811956558
-0.0289003579555668 -0.00997577699101939 0.704900041617485 0.105617976880515
-0.0277659077801757 -0.0285856014082332 0.372508813659715 0.630965786627588
0.008951405616103 -0.0656625050757195 -0.049928034292745 0.473609302975
0.00492701085286215 -0.0777348355114753 0.070692380294182 -0.0288867331750448
-0.0345481006629713 -0.0554256631485576 -0.135198168869176 -0.46286129356849
-0.0471919271662061 0.0224046494558151 -0.711745314307611 -0.20381198511952
-0.0163219053084201 0.0404390207791825 -0.535557212061426 0.51975950398834
-0.0150426067424687 0.0251376839026862 0.188317686524378 0.576051487240819
-0.0115011221176879 -0.0100743073809504 0.419317547048505 0.130687003880012
0.0205601854639246 -0.00543184627916881 0.280508534554509 -0.114324299333718
0.00759888685093291 0.00554757655019222 0.0172829408594735 -0.191789603112488
0.00399964938077986 0.00594080616929984 -0.0468225490806476 0.0963981529939449
-0.00605729291415526 0.0117879957360468 -0.194444945967151 -0.0898815579881371
-0.0195473012326526 -0.0162593739372154 -0.138023339319426 -0.390898766487005
-0.00760876543311598 -0.014842581883822 0.389416827406882 -0.420438059100397
-0.00889667861469563 -0.0165928909070225 0.700003766041857 0.213860543429034
-0.0115157014421672 -0.0150566361918106 0.293040082483139 0.680940596263484
0.007157283676883 -0.036344484490994 -0.0811192501365669 0.45423849702849
-0.00343572939708332 -0.0444836216452898 0.0752355521145716 -0.0578756077946112
-0.0233394750996241 -0.0283301291025781 -0.175564603420572 -0.463112735618372
-0.0232000136269289 0.0199667264095777 -0.724880906718168 -0.118745501851796
6.37462059919908E-05 0.0260550466243583 -0.458127491137081 0.576285069022167
0.0010936667904366 0.0236233947384356 0.255084046872635 0.540665133166713
-0.00224510705678804 0.0046702249500905 0.423710404856752 0.0829540831102183
0.0191671489836318 0.00252436183460473 0.264433483518187 -0.135246188534791
0.00547309720615382 0.0017521782635634 0.0103377076351967 -0.195829601287265
0.00261514665710803 0.00608994347632099 -0.0510558513154402 0.0953350023376476
-0.00998265237246694 0.0225858223340375 -0.192911916074853 -0.097441507792956
-0.0138618827443575 -0.00141841045063012 -0.124950962976781 -0.397420945510853
0.00591862691354155 -0.0176042776817357 0.410006746578191 -0.40794586668312
0.0123744697636483 -0.0191826833307584 0.69870652464565 0.243502821639217
0.00307024552010898 0.00682536827037948 0.27376832939362 0.69268491580565
-0.00325653356014686 0.00377087064300457 -0.0885631888458523 0.444881749884348
-0.0140040414569738 -0.00234990158096368 0.078434377581261 -0.0713163566702694
-0.00612354595154907 -0.000509322791255767 -0.189567249083178 -0.466380124876367
0.00225296372782203 0.0110695688904896 -0.730274111447402 -0.0951540402114876
0.0139956097278472 0.0061738846115825 -0.430506290831793 0.596566179079955
0.0156239684506924 0.0217922713777834 0.277201175327427 0.532052074555228
0.00570042578273272 0.0228118716275862 0.42243914088226 0.0706839287959811
0.0163871532186216 0.0094362950045005 0.256613641544386 -0.140940507108471
0.00600210658969297 -0.00292042061505436 0.00801296273947621 -0.195377384642843
0.00114662139217409 0.00556621161665933 -0.0539533776102746 0.0957435955770904
-0.0140135124938565 0.0335210440777194 -0.1957988365141 -0.0926116966862592
-0.0104967858188463 0.0141699020208948 -0.141227844710085 -0.392031875694648
0.0174237255300661 -0.0202761703673813 0.379652610441429 -0.433039340238475
0.0307180950420006 -0.0221413204788321 0.707881647650744 0.189791913387924
0.0187377671469006 0.0305185257032542 0.313703657940874 0.668223888621734
-0.0124157648626932 0.045097750766992 -0.0705879826074602 0.451661939263312
-0.0242061318438672 0.0421403587898224 0.0764130937888432 -0.06641901377061
0.0106639118137296 0.0292800868762943 -0.173204651481382 -0.47099226844566
0.0269981348641463 0.0035228484675067 -0.722470714680571 -0.1328718682573
0.026081846602305 -0.013990664135957 -0.463247592104233 0.57107692451103
0.0264329020344987 0.0186613363426402 0.253293137671863 0.548091661644697
0.0130543145974165 0.0375509189762456 0.41731930309032 0.09635472299624
0.0119621491794664 0.017077131448443 0.258763830937299 -0.127604913273945
0.00566502958774102 -0.005983879452294 0.00867686332155015 -0.18945310295597
-0.000128211071559104 0.00302167686118819 -0.0542833906930182 0.09865508432898
-0.0163723538065965 0.0406421712450934 -0.204656476217713 -0.0736111623547438
-0.00750516761439809 0.0277288783873103 -0.186357301390198 -0.366775832764535
0.0256418844061617 -0.0225626584208721 0.302745991452736 -0.486483959964948
0.0444338332542052 -0.0297702598673807 0.716335128271685 0.0609184418536323
0.0409931712309761 0.0440966262821654 0.407175761513099 0.605270785815954
-0.0121781095161563 0.0806088194443476 -0.0295419745505181 0.46812859089048
-0.0344447981980425 0.0811591781241721 0.0709965893227565 -0.0414988679859829
0.0197314002210726 0.0600129486582062 -0.128435237751777 -0.476589001123019
0.0466531809105521 0.00579411979839005 -0.702358492762065 -0.233515877039046
0.0369903290894922 -0.0293647478807506 -0.541930934604914 0.502548283146552
0.0350105021882595 0.0135462117443072 0.177115300570821 0.584372120059357
0.0178409122282575 0.0507993794870167 0.408638708905396 0.153274286350237
0.00853208309822787 0.0252439626878095 0.268993749967906 -0.0986748972451121
0.00658192058258969 -0.00817285492698515 0.0146203565749477 -0.180200506402329
0.000109108011753405 0.000704687190764106 -0.0502635737552497 0.105199773973339
-0.0165860305182497 0.0436016323835488 -0.21007702905816 -0.0432505461498012
-0.00560101805746302 0.035556551709136 -0.242882463423345 -0.320043044225129
0.0269882523447034 -0.0234011925252892 0.182917201628361 -0.533804654163701
0.0493970568802255 -0.0397156325497114 0.690398048577845 -0.11247496279756
0.063637013566258 0.0405935209873202 0.521748498172217 0.49358458987708
-0.000328557761131565 0.101762652761067 0.033513788453359 0.48525367522101
-0.0404142856588114 0.109967790481781 0.061843746958144 -0.00486966427339553
0.0155136043420577 0.088788420782799 -0.0618075485814774 -0.4694622348181
0.0570115759094399 0.0194259212885462 -0.647385339028682 -0.376835237978984
0.0456430390135956 -0.0348599884200085 -0.650582974151853 0.375086449683436
0.0366067847091892 0.00938938172138587 0.0559093825409302 0.617544154014196
0.019623455176163 0.0593874214286337 0.381591094440371 0.232359470931506
0.00601055027557281 0.0329141733417951 0.282370938834859 -0.0545992275047027
0.00731890584752615 -0.00817802886893584 0.023152575317553 -0.168176396436941
0.00128378966977445 -0.00174992560459855 -0.0454388221556267 0.11504046474702
-0.0154048736372676 0.0397488709308419 -0.211842897219571 -0.00620771648203705
-0.0055525796281597 0.0374683263811282 -0.295470889202101 -0.255340844930141
0.022239057620497 -0.0221254066150315 0.0471611047599095 -0.55363246500842
0.0424333269405901 -0.0491948210177238 0.617597111607017 -0.286430568260087
0.0760212973184771 0.0254149411362253 0.612285955752223 0.345064047411999
0.0154820264560003 0.104737514930249 0.108265101893185 0.49260823308526
-0.0449598803599669 0.120384808565107 0.0506603963664824 0.0424943614502962
-0.00046578786051003 0.10607575178823 0.0104802472258549 -0.445761024742406
0.0544279254865581 0.0379678314850612 -0.5533208757782 -0.523892741910546
0.0501755405961336 -0.0298124659989167 -0.741985273123866 0.193433032761748
0.0342918382835765 0.00749172878990347 -0.0971387742050886 0.619894766535584
0.0166866513706523 0.0616428140377838 0.335106891344779 0.314207346172812
0.00276076569776217 0.0358486670337109 0.292908344921519 -0.00413137708166518
0.00820579891605274 -0.00782809191553077 0.0355307372790778 -0.15798999932635
0.00535209908721445 0.00825277281441952 -0.0360432676628201 0.106157451289012
0.000448553691140417 -0.00518029064893061 -0.211557871811443 -0.0434886349913172
-0.0350165786970579 -0.0359752956401088 -0.235231764478755 -0.330954311670825
-0.0348186869844905 -0.00749311612453691 0.219927256297414 -0.519636121252709
-0.0449410930692604 0.000894903731132768 0.696071927315049 -0.0492185793704852
-0.0428852982114395 -0.0266280040308734 0.480160516815709 0.545244213595806
3.44140677651372E-05 -0.0794535679726787 0.00397641884422054 0.498776282983055
0.0107156144426118 -0.101124533812243 0.062235304508324 0.0117329020714155
-0.0366825867339307 -0.0794157169703545 -0.0751084820212921 -0.46075118537269
-0.0663493592489139 0.0181025876277146 -0.678184687091433 -0.336479927845876
-0.0331779007097529 0.0479716986414667 -0.647713327390156 0.415907928572739
-0.0288639693156456 0.0249560407295844 0.0796827739314432 0.620203122139222
-0.0200314623424935 -0.0226106454738579 0.407321823852043 0.204519053747991
0.0216394868134813 -0.01340322071809 0.301896350627089 -0.0774784741119208
0.00917380689368228 0.00850535662552857 0.0282133427834334 -0.186381800067856
0.00482649479519419 0.00723986763640313 -0.0420107607272973 0.10115445630572
-0.00133771675921289 0.00150334447838731 -0.203332432527682 -0.0717723577538318
-0.0277036150734304 -0.0289623172853697 -0.180471048985715 -0.372016882941701
-0.0230092172300828 -0.0117700574490908 0.328287766469594 -0.471429840057992
-0.0286999604784463 -0.00992576088084105 0.71302135539699 0.11004144210181
-0.0274981932348447 -0.0286667028263371 0.37550915732907 0.640439834321592
0.0088835061307342 -0.0662636623970635 -0.0508719753303112 0.477695187531419
0.00597858378793282 -0.0788083735049755 0.0713193421178337 -0.029033337034688
-0.035334677030638 -0.0568982351119199 -0.135434601551634 -0.469501171460343
-0.048229982729613 0.023625027981395 -0.721412787737803 -0.2082306865469
-0.0160790723605455 0.0406423911401819 -0.543917358377163 0.52483804040898
-0.0146268811902097 0.0257283183119102 0.191456421789126 0.583210558311004
-0.0116910558993819 -0.0100960654207953 0.424702642669187 0.130826555756078
0.0210080722245763 -0.00611371544081439 0.283765489452942 -0.116018306478113
0.00681973548805438 0.00649444532834486 0.0179283767153929 -0.194746609976956
0.0050546892036468 0.00652235392594589 -0.0484089356157095 0.097808461193119
-0.00496426136118178 0.0110693679469754 -0.197442404304834 -0.0900111120547655
-0.0202660441386662 -0.0159895305568425 -0.139201653983061 -0.394219539108535
-0.00838350239937304 -0.014932779006981 0.395830799651628 -0.425912758835299
-0.00889570400526715 -0.0175778185406729 0.708669702995889 0.218966007791162
-0.0122234155974845 -0.0157610534489486 0.294104258119864 0.68928794285459
0.0073005702262285 -0.0369573312977239 -0.0828057132791727 0.457335933678994
-0.00286818021006468 -0.0450686482989363 0.0769659789095255 -0.0587742077177557
-0.0226362183720558 -0.0289602707243452 -0.176286477032226 -0.469922658040181
-0.0229529478344135 0.0198466402410974 -0.735914291341423 -0.123066263967171
-0.000189943980798416 0.0251703964720059 -0.465990569823399 0.583999281885806
0.000329947002381535 0.0234930225270848 0.259561572402841 0.547364950580617
-0.00270773641701554 0.00503264612376809 0.428841783917269 0.0843726571664125
0.0191022990996851 0.00230850514668357 0.269147287308055 -0.139641550711846
0.00550711525078948 0.00114755591527759 0.0119039060413794 -0.199170025580721
0.00333746629107464 0.00527827604696262 -0.0534966339207174 0.0965901706509399
-0.0104409512171728 0.0230338555185361 -0.195182248114864 -0.0987331942320352
-0.0149883654450146 -0.000966860190794454 -0.123987325985999 -0.403126406709046
0.00562467565753091 -0.0180238864491173 0.416052538896156 -0.412434006217948
0.0117142086641464 -0.019284841294014 0.706801783365329 0.250076675206475
0.00241601306197324 0.006686467406348 0.27270730098003 0.702298074224655
-0.00235717858837522 0.00284240716704591 -0.0895471355764424 0.45189403529815
-0.0129750536337458 -0.00122529837901078 0.0799657748863222 -0.0717122182380004
-0.00580875993676852 -3.83028787940081E-05 -0.191076630821552 -0.47164928018571
0.00293573602468505 0.0114592510334884 -0.738614383825603 -0.0983087977421671
0.0132245945852775 0.00585162706364989 -0.437374746393279 0.60260680671282
0.0156909932480634 0.0221740731779169 0.280072934369786 0.53696055197364
0.00677274460198983 0.0216942148661782 0.427437034453459 0.073007504221766
0.0159451242308805 0.00924053735564974 0.261377523736201 -0.143496628458146
0.00562975820576011 -0.00272478684361085 0.00743408281286888 -0.199188255713653
0.00115681202807313 0.00472813850073743 -0.0554837777573858 0.0966073540457593
-0.0146257111240188 0.0339382876299333 -0.199813791471056 -0.0932856630308038
-0.0106605396616774 0.0146354868914485 -0.142728502260621 -0.396790858009059
0.0184965532219129 -0.0203343263364999 0.386711641789663 -0.438233021374112
0.0315420866131719 -0.0223665807711693 0.717889496666867 0.193668711824028
0.0193049770279638 0.0317361461517684 0.317217524229781 0.678862801633039
-0.0132664282158828 0.0447456190728778 -0.0725561441970334 0.456197823772481
-0.0247472286655183 0.0432094784222966 0.0790426743938444 -0.0666879790541058
0.01115498284055 0.0301914698415645 -0.174432691213979 -0.476444958639783
0.0278558974798075 0.00423260653995852 -0.733204856520673 -0.137260875822453
0.0260040370070425 -0.0150412158124812 -0.468941159434484 0.577229610230647
0.0270733064605372 0.0181435985619351 0.255442756014448 0.55613152660402
0.0137040130334107 0.0379609619680721 0.423182444789024 0.0974640967964196
0.0123900629101776 0.0172233379265958 0.262828453675272 -0.130192195838625
0.00609815340936085 -0.00644221611330908 0.00945361296100141 -0.192281718045097
1.16691063253155E-06 0.00269656693084412 -0.0549955017946228 0.100553063025159
-0.0168071484332703 0.0411527377671137 -0.207704636929687 -0.0753858793934195
-0.00781960149347474 0.0274782643473866 -0.187862384897717 -0.372391177986191
0.0255680009345682 -0.0222630130108741 0.306440117644332 -0.492647115907143
0.0462221682063351 -0.0296056567704758 0.726475047623555 0.0630528172427329
0.0407155503993778 0.0446114116491838 0.41225637326212 0.613497302901056
-0.0128830965621932 0.0813232650771483 -0.0297797624973987 0.474048278354938
-0.0340395963724895 0.0822288119648804 0.071397416944759 -0.042595456229808
0.0192741214820399 0.0609346664850345 -0.12713660458344 -0.480465224753953
0.0475324395690689 0.00596252818228711 -0.710590604758348 -0.238133902865153
0.0378869113001046 -0.0296805894499006 -0.550494423398586 0.507740430908721
0.0350779669329298 0.0141389030885879 0.181514113373946 0.592148690215664
0.0181789243456694 0.051483054724533 0.412461250517056 0.155456394566557
0.00827491296950214 0.0251435680651561 0.274724183964053 -0.0997292515753712
0.005769938976284 -0.00844621523474307 0.0153214936870013 -0.183485249999034
-0.000615903383747798 0.000757908263189294 -0.052458459696082 0.10629945135742
-0.0170777089376733 0.0431562925515992 -0.214573095969903 -0.0439325547675999
-0.00521329444428205 0.0363931212599339 -0.24634899777156 -0.325487940623358
0.0274913333785418 -0.0235390415244591 0.185906966598172 -0.540730825135528
0.0502246797765161 -0.0403817999285967 0.69998527363707 -0.114609522490239
0.0640668410467951 0.0412225033816128 0.527296086030068 0.499041780414756
-0.00159543916028626 0.102498052960177 0.0321344917437277 0.489577036606526
-0.0412378334586521 0.110638628266302 0.0621406762205835 -0.00407286776552558
0.0152180216240926 0.0899456947363715 -0.0603729525173616 -0.475196807533839
0.0581145209735373 0.0183631170778307 -0.657503011267728 -0.381845706725857
0.0461781181977909 -0.0358155641856022 -0.657778465239383 0.379382660031502
0.0371672872858535 0.00949027292198449 0.0560529670990898 0.625604549802254
0.020279545604623 0.0602414194181982 0.38646459879517 0.236756026452835
0.00547008103592145 0.0316848448406988 0.287444501026943 -0.0550256631500359
0.00790704534966396 -0.0090052192520275 0.0242686428100668 -0.17167497931954
0.00102090314388527 -0.00132321076278791 -0.0473684464655681 0.116216578736795
-0.0148830155948233 0.0401496873620227 -0.215748309312538 -0.00737317330770798
-0.00618740525560944 0.0382156870977287 -0.299934339124854 -0.259463856585004
0.022583056388826 -0.0221381296963851 0.0474228303855275 -0.559021585442182
0.0428064960218391 -0.0497208585189312 0.628076822428056 -0.290731506835778
0.0774101648296367 0.0264130864473429 0.620031668317906 0.349698336065133
0.0141334223180765 0.106792780517552 0.107894697594385 0.498951423177404
-0.045375042228135 0.121630967434226 0.0515278577859352 0.0435416839416364
-0.000662732962275044 0.107314323179967 0.0113748703141612 -0.451382920203763
0.0548758422108478 0.0390825122800463 -0.559860944405685 -0.531979144997277
0.0495007016582511 -0.0299338901919715 -0.752942521955251 0.195761505773657
0.0339485114073588 0.00707506451969288 -0.101532276177041 0.627618627580847
0.0162026137707016 0.0625014658953635 0.340117278342855 0.320562752907723
0.00357234780614499 0.0362377417579135 0.297631589858799 -0.00498347732223256
0.00910622084811557 -0.00698019639545729 0.035603883200408 -0.160585470370658
0.00513578409718183 0.00815022739397538 -0.0370387827143916 0.107340202248199
0.00124442045670389 -0.00601299484349326 -0.214941368750396 -0.0429820720449613
-0.0358677228315976 -0.0363744791452842 -0.238858490284354 -0.33635888437956
-0.0359933634392319 -0.00839291033693279 0.222247382117335 -0.529593208114544
-0.0452349316766212 0.000988795813882636 0.706477175991894 -0.051236998085058
-0.0430046171877 -0.0269794790721178 0.486697711913165 0.552987868949495
0.0002371840885276 -0.0818443867102418 0.00332374845496899 0.506391992033227
0.0119132655847366 -0.102340905876136 0.0631376369122942 0.0113707592298328
-0.0376479214150055 -0.0805266043715926 -0.0758930468300504 -0.468688127247076
-0.0681700881155677 0.019164978736321 -0.68777086822926 -0.340845958957298
-0.0336611618713902 0.0494662035837267 -0.659136197045387 0.422825106555522
-0.028999197374488 0.0256212507111664 0.0828376670441948 0.630437838630298
-0.0197352561614681 -0.0231434405512313 0.413748866872851 0.205032230216447
0.022287491423673 -0.0144951359233079 0.305732209797447 -0.0798729125123749
0.0092587629320061 0.00918012254674743 0.0283337602458309 -0.189956632964996
0.00467560635301538 0.00735434968927173 -0.0433624898453472 0.101999756118629
-0.00198767918001563 0.000890848397398736 -0.207267740297373 -0.0715936995739796
-0.0282395387183637 -0.0292835382210069 -0.18362720371031 -0.377492687281182
-0.0227643088036965 -0.0116248063080222 0.333720911452684 -0.479556616512017
-0.0297937596813789 -0.0101192052129031 0.724602633669963 0.110002140510776
-0.0278439886773944 -0.0290280697696826 0.381301423466101 0.648411034607139
0.0094892848098781 -0.0683188815562432 -0.0523596707125445 0.483471140375704
0.00587123974034516 -0.0805938029131787 0.0729540667540275 -0.0284782350484382
-0.0354377558265251 -0.0563017976431001 -0.137732958277767 -0.474330043103704
-0.0485878221323159 0.0242429219959895 -0.73306088559122 -0.210261392566351
-0.0170226649522972 0.0414537134894642 -0.550552574888536 0.534658694245517
-0.0145843318283537 0.0256323856904836 0.194336718800968 0.590336252345444
-0.0113562290240067 -0.0103650048149679 0.432529775695194 0.13265864366348
0.0219681381285039 -0.00643675325604275 0.288286802995342 -0.118872465083197
0.00723448804971118 0.00561632537497521 0.0183140875762527 -0.197186595086109
0.00385997989878125 0.00636223342279363 -0.0491874738219958 0.0996372983285281
-0.00555898970092345 0.0108336814072886 -0.201591904985492 -0.0917832479303723
-0.0208396287956528 -0.0160693207342833 -0.141783965632007 -0.401595696999121
-0.00815569613315831 -0.014981383300227 0.400840884208713 -0.432622573356708
-0.00933180272874835 -0.0157059422436455 0.719964031863965 0.221433000603595
-0.0119140538309135 -0.016025700261011 0.299019975170333 0.699173312678197
0.0076821039233053 -0.0382180100973111 -0.0854145055678688 0.464385277749618
-0.00232220582688606 -0.0451263212968669 0.0789082781074816 -0.0597111050718198
-0.0240765087701755 -0.028822260158661 -0.179291883514833 -0.477255524325116
-0.0236788785386528 0.0205077329460138 -0.747386946623724 -0.124182330335565
4.77921162985763E-06 0.0262802983556519 -0.471350865886053 0.593540900905166
0.00147800986542582 0.024556810148114 0.263843665942461 0.555185941834768
-0.00152331735594331 0.00561324332459592 0.436689186401709 0.0832882814432196
0.0203759021729403 0.00220968987651326 0.272995243039186 -0.141732139887169
0.0050683623973957 0.00163751013651005 0.0117303927628845 -0.202348194143591
0.00312762201449289 0.00583958551264136 -0.0542801030382554 0.0979196257300911
-0.0106899297778595 0.0225047459174927 -0.198404568400548 -0.1001337935254
-0.0148214100701089 -0.000569272551302344 -0.127033418490775 -0.410383964076541
0.00550191367617997 -0.0177564759977708 0.420227526131334 -0.420956388840779
0.0125370770551437 -0.0195116948252935 0.717680531925181 0.251266148751987
0.00298912622388878 0.00722234014538659 0.278659501934105 0.713603167444319
-0.00248343893406431 0.00216974138951097 -0.0917566385881331 0.457044331444892
-0.0129914421409826 -0.00232966285245911 0.0820083698659 -0.073348024879439
-0.00593388578064807 -8.28382437901205E-05 -0.192785172811499 -0.477724016872107
0.00290843329927864 0.0116569887618415 -0.749957459611845 -0.0982836950273681
0.0135227117771787 0.00604292159156238 -0.444410129371345 0.613480881439805
0.016142746103689 0.021928999949129 0.286522139710852 0.544525976415214
0.00637272009708559 0.0224890924080637 0.434777377645421 0.0710451033804516
0.0161320095519515 0.00982123080668072 0.265232909898426 -0.146344286704608
0.00477275804897041 -0.00279499343724216 0.00916815496588716 -0.2023010212471
0.000731663410033069 0.004649063385982 -0.0574668915286725 0.0979784292509237
-0.0143396850607716 0.0335429853897102 -0.202482746994346 -0.0951091490969317
-0.0105022020163683 0.0152762407670863 -0.144985023278253 -0.404222234414917
0.018007769357608 -0.0203965467591278 0.391284087473791 -0.446717888960314
0.0319135614351191 -0.0228174597115108 0.730447403661213 0.195628678932045
0.0195104339280084 0.0317583069213773 0.321952006976878 0.687795193840312
-0.0127172466114538 0.0449791408735214 -0.074202410209793 0.462000418640071
-0.0242942773699715 0.0428198738043514 0.0795559047209162 -0.0675613482707645
0.0109119413438757 0.0299165285574879 -0.174387240701254 -0.484497307402883
0.0281004501450697 0.00383854655761359 -0.743289989059655 -0.138540963354603
0.0264735383033509 -0.0142281824575005 -0.475625133206711 0.586294293664557
0.0280161660182545 0.018009271644204 0.260077130721088 0.562014629278074
0.0134689268169692 0.0391344075419198 0.430491771099868 0.0981985248294321
0.0119758368507388 0.017058894055281 0.267129832397849 -0.132980481678147
0.00520619294542568 -0.00664852085902055 0.0102649851818702 -0.196317775966914
-0.000341262547327122 0.00301164189030562 -0.0566194640079235 0.101945429523952
-0.0170346787178749 0.0413779545377019 -0.210862872225646 -0.0756710705249309
-0.00766759268541849 0.0280281818802361 -0.192027948909881 -0.378044719860233
0.0257664567522838 -0.0229485869407337 0.31123941222114 -0.500626770711507
0.0462961940136537 -0.0300671408337081 0.737195955644183 0.064952278411772
0.0421389535581669 0.0455546970708998 0.418621360537754 0.621299793168451
-0.0133092878579569 0.0820467442353792 -0.0301327513509978 0.479404948652198
-0.0350446208714998 0.0833489750814035 0.0732581717493796 -0.0436159198791535
0.0196338075011323 0.0625169618581448 -0.128701231388441 -0.488253416719693
0.0491554755578823 0.00585166950247413 -0.721243216862068 -0.240143065731752
0.037481567189474 -0.0301910872459293 -0.558420850557254 0.516393165237189
0.0356428841125991 0.0145385330484779 0.183974630170166 0.599613158451315
0.0184662850795 0.0522326516659865 0.420028386722968 0.157681201162579
0.00889760908244941 0.0255684069356247 0.277704412268622 -0.101879751263167
0.00622063678215759 -0.00959728297565491 0.0151531411191287 -0.185700060316601
-0.000615778118717957 0.00109328036065526 -0.053757065603701 0.108726587159273
-0.0174511235554088 0.0431576894330149 -0.218269324303768 -0.0447529628021185
-0.00593256903669613 0.0366519320205766 -0.250417484031827 -0.330242302696899
0.0269126065028549 -0.0250912971469039 0.18932220727499 -0.550333676976971
0.0513376761576102 -0.0420438610493794 0.710517886153658 -0.116553596739407
0.0651123757860722 0.0422314438775842 0.534992171944208 0.505744224446541
-0.00136891148535547 0.104170525430412 0.0330548353749667 0.496706009503613
-0.0417487533812895 0.112156737116336 0.0639411572811828 -0.00398358119697011
0.0155416380136598 0.0908996575837242 -0.0619320480644732 -0.480784396849028
0.0590570472748271 0.0194004896494494 -0.666740726448265 -0.387216679578901
0.0477893318522602 -0.0359976345340359 -0.668634879589675 0.38519102596938
0.0381376437016335 0.00988572154239334 0.0587617848479789 0.632975390928209
0.0205017131101306 0.0615381887361805 0.392657998378859 0.238791498611278
0.0048335629629408 0.0328745272598663 0.292310571813854 -0.0571840434745139
0.00745805006619663 -0.00868032494834853 0.0251912309486078 -0.174598077539289
0.000445512448243865 -0.00208571744416036 -0.0485318597824175 0.118486354446258
-0.0158348879517616 0.0405435716984672 -0.219705604564204 -0.00607108399376867
-0.0059972048430425 0.0393496854979569 -0.304118014374889 -0.262507455418899
0.0221314729617869 -0.0224725113959165 0.0459956597879772 -0.56745864559664
0.0429345920797609 -0.0503637865958072 0.636818771538989 -0.2945505855417
0.0788197857154333 0.025448350851495 0.62900192551737 0.354791887574406
0.0146780614793494 0.107309710938304 0.109112415950552 0.505692944819931
-0.0462297758249493 0.123688550992226 0.0518711641045294 0.0437273995595142
-0.00036484327475789 0.109576648313538 0.0131997285018967 -0.458034676512495
0.0556541922707557 0.0402323523022008 -0.567462952772544 -0.5385294520782
0.0506154585496402 -0.0301992009959331 -0.764220854131221 0.198231451005506
0.034763764170801 0.00707143529190407 -0.101970398017254 0.637987153004422
0.0173660934257471 0.0632763587413514 0.344484320899915 0.324732354812265
0.00367245842144754 0.0369309089229996 0.302844270775205 -0.00458256295184864
0.00869828384595947 -0.00791122393030793 0.0366804492311501 -0.163972816056505
0.00490305773679002 0.00768220757632593 -0.0376759497468309 0.109539726353867
0.00157374010326593 -0.0064342667599953 -0.218886597258273 -0.04215610894313
-0.0360658243964602 -0.0361969709746146 -0.245273248043807 -0.340317056569928
-0.0360678489042891 -0.00831197389193296 0.224215806462483 -0.539147708339238
-0.0454988201563683 0.00186348472511647 0.718107583787891 -0.0551527409371991
-0.0436145763289417 -0.0265841653259329 0.494731362465438 0.55719937535869
-0.000120228335430933 -0.0829898075239557 0.00520368666863541 0.512036036935461
0.0109709337105167 -0.104192070934179 0.0644516840210829 0.0114549593353266
-0.0390344994274746 -0.0817647273119759 -0.0789210465109313 -0.474795149671972
-0.0685362064505396 0.0193683263427882 -0.699841260313992 -0.34150462329203
-0.0333167985898863 0.048982636946037 -0.666465995451548 0.434467897848028
-0.0287209987501303 0.0256744652355786 0.0886995951587089 0.63886808800864
-0.0209423055448727 -0.0226888178755272 0.42137651938719 0.205199869413495
0.0228213465951007 -0.0145995140732233 0.310991173649937 -0.0827754442621461
0.00892498702692885 0.00823987713382632 0.0287148931934704 -0.193710379377844
0.005002021150246 0.00606021760911615 -0.0435431005538104 0.104200296037879
-0.00196756138234167 -6.56351354918864E-05 -0.211773466359067 -0.0715051941759948
-0.0281185596354899 -0.0288613894326467 -0.188061305169083 -0.383921376414917
-0.0235154491026826 -0.0120686395865517 0.33446192532196 -0.487166752906806
-0.0298179038006672 -0.00963098782088501 0.735700187751554 0.109133800981093
-0.0276325175785422 -0.0285439603214509 0.388429728057586 0.655393992429714
0.00969960312967131 -0.068828979221541 -0.0508945821793289 0.491229750888059
0.00590677610010424 -0.0819446640860294 0.0746060071722711 -0.0293962512956474
-0.0366362376703367 -0.0578775660040059 -0.14134289773553 -0.481821633894637
-0.0493021617509726 0.0251809662866805 -0.742920635301727 -0.209047579718698
-0.0165326474678061 0.0422013783147082 -0.557155114668944 0.546626108165583
-0.0136302815163018 0.0262074636175721 0.203422078112285 0.600814214316679
-0.0112784405715286 -0.00925785737073219 0.440474315599915 0.131195676712502
0.0223092333850022 -0.00698139678076365 0.292796596340897 -0.123344256409517
0.00692035833485569 0.00544107883578999 0.0187968827934799 -0.201513773059181
0.00398871457943993 0.0062273633409903 -0.0498548105514549 0.101548954440162
-0.00546373213641355 0.0101180102879282 -0.205274555225053 -0.0927247178017457
-0.0212051896383043 -0.0163880802942394 -0.145535056306637 -0.407087121466513
-0.00974095523836558 -0.0157259706541817 0.406914311756593 -0.443338026801277
-0.00913839932822112 -0.0178779257312443 0.731814879780224 0.222742645784318
-0.0123125800425047 -0.0157439756403775 0.306319676341046 0.710195284010568
0.00761218088189699 -0.0392366828873194 -0.0828972899428441 0.471278164916091
-0.00189651386926059 -0.0459373089848015 0.0802112188960385 -0.0605490523776604
-0.0242500996368362 -0.0289017858496959 -0.182466244263879 -0.483101550724247
-0.0233605010220622 0.0207829779038619 -0.758173122503215 -0.123438274132358
-0.000358595633859975 0.026876724252479 -0.476425768291385 0.607928891096961
0.00113413796792832 0.0248437423313612 0.272591635047184 0.562183126958788
-0.00174357032582006 0.00545340466592323 0.443279661026989 0.0814641491707164
0.0206930278678638 0.00169947509234917 0.277272329305218 -0.145146724476573
0.00513714775242385 0.00126843174436123 0.0112267520483704 -0.206410528269753
0.00218028024168909 0.00556769166487677 -0.0553575345467485 0.0998232321885417
-0.0101095677606244 0.0237321396839012 -0.20205015700368 -0.100844577065238
-0.0149750714088165 -0.000561395371164392 -0.132035451962321 -0.415752831509973
0.00506386275351166 -0.0187981103456858 0.426376604914918 -0.429288533086836
0.0123218967088074 -0.0197795619612825 0.729445190543374 0.252713991852697
0.00243029556368397 0.0072550723692888 0.285351303801575 0.722658153724912
-0.00255453695159643 0.00182817434040313 -0.090276745006811 0.465052547921475
-0.0129579312833686 -0.00225026296719442 0.0830505382876301 -0.0745300119736043
-0.00644692316073918 -0.000109145363119502 -0.197389870468123 -0.485392095459912
0.00260997480709927 0.0115465264722614 -0.762087551299098 -0.095359606859695
0.0142998846774267 0.00621227608397971 -0.446738777174943 0.625451828495428
0.0159915292094044 0.0225621097230238 0.293676953880609 0.550965142844564
0.00703696997331357 0.0225618227230304 0.440810446376422 0.0697845245952588
0.0170563902343089 0.00910435290302742 0.268744652167324 -0.151062477924449
0.0047190794700275 -0.00315415942670793 0.00858547055462388 -0.205945056164141
0.000966343485868045 0.00417534321129261 -0.0584480767018097 0.100485043025747
-0.0142355356944066 0.0346296578946184 -0.206747284506992 -0.0955824702278324
-0.0106992108539378 0.0152253017851782 -0.150675576461313 -0.410070942129115
0.0176541186245769 -0.0207323794815351 0.394638761555209 -0.45636407759482
0.0324132128089971 -0.0228949040879142 0.740638405918908 0.196629742436464
0.0200210712662515 0.0322034814578717 0.331111593367238 0.697099536482035
-0.0128292510408442 0.0449859734452113 -0.0718418794663245 0.468029571746302
-0.02446740514856 0.0447699078043013 0.081142696801211 -0.0694223030700613
0.0108427550263689 0.0300857220961953 -0.179215858860896 -0.489993803691845
0.028603297598743 0.00443658286104574 -0.756396939534992 -0.136704905757983
0.0266506145100168 -0.0149560773202825 -0.479994143307312 0.600217023766101
0.0288354849840297 0.0189515879437458 0.267241982560744 0.569584951134501
0.0141753825377259 0.0396967465568792 0.437067977022727 0.0953825098080468
0.0124714146448155 0.0175377359518183 0.271565428043826 -0.136821783284883
0.00474402204431715 -0.0074742707184101 0.00951973822782914 -0.200002587950404
-0.00112849606070182 0.00342743685654673 -0.0574319802256901 0.103900636199792
-0.0168836155126267 0.0420320229512945 -0.215938072268442 -0.075326798196662
-0.00808549356489193 0.0286041627094912 -0.195703402658365 -0.385316182868662
0.0263701949025735 -0.0242725551369813 0.31400574026591 -0.51061181161276
0.0472541391585482 -0.030953048534163 0.749068099289961 0.0611247142103977
0.0428359075361388 0.0458295915930207 0.428975234638855 0.630042808644129
-0.0130627685510004 0.0828245432461392 -0.0293578141272892 0.487256863439409
-0.0341203404519015 0.0849714494613673 0.0743380289177252 -0.0442543700881159
0.0196409592604128 0.0632397960800416 -0.131831275104258 -0.495260770138158
0.0490862791434012 0.00595605125902842 -0.7335241964987 -0.239676945608402
0.0380324541756777 -0.0312711447746322 -0.56398320644664 0.52846493542709
0.0356038935566982 0.0135449075515954 0.191675763295738 0.608080119733236
0.0198367199027031 0.0533556200838995 0.427136673914298 0.156143548066145
0.00869586345712423 0.0254696100291257 0.282634482958748 -0.104619535333717
0.00637288021097047 -0.00867865487119798 0.0153790083546212 -0.190430864476143
-0.00092543761798825 0.00124570280400075 -0.0548732113968729 0.110918105865109
-0.017643783978084 0.043901648314255 -0.221958350464545 -0.0432867272430127
-0.0059354555521948 0.0371666773681378 -0.256492839612411 -0.335432751819633
0.0279574192866642 -0.0240038730982005 0.187510997240682 -0.559428472119611
0.0515760981937345 -0.0424373922183501 0.721464469688304 -0.12028476409629
0.0668338730295448 0.0423506216310801 0.545455955286387 0.511749200027232
-0.000680413302654323 0.104525632636846 0.0363927728112275 0.504245398488319
-0.0426213347208895 0.113579263217648 0.0653183669945881 -0.00379325740022317
0.0162848869816324 0.0920450084522878 -0.0633015602589642 -0.487899039400916
0.0601245910397449 0.0189284547425277 -0.679070033542397 -0.389316387690112
0.0472589038569803 -0.0368647118812946 -0.676548024713174 0.395338254021986
0.0395465184105162 0.0091498785159982 0.0624645199514662 0.643008457437886
0.0216250027754265 0.062674153818441 0.400796163790001 0.239885706489249
0.00562664047475581 0.0327031557703559 0.29627257490145 -0.0593202661660029
0.00663304868030422 -0.00920184390332789 0.025497995580411 -0.177984079815264
7.48444637663024E-05 -0.00232884292881727 -0.0480716821342782 0.121526764580142
-0.0156914078378956 0.0410174020024637 -0.224961634278001 -0.00498351230160884
-0.0061543235629497 0.0399858648161518 -0.310526392815647 -0.266143832218205
0.0228319560963861 -0.0231058088053443 0.043305852927231 -0.577186152265321
0.0444914785326427 -0.0516026124619129 0.645020055242822 -0.301588665681745
0.0796498188132382 0.0263581958559032 0.640473509063988 0.357982940850614
0.0145486294629719 0.108818960670765 0.112357434393726 0.512524551160995
-0.0464940162797711 0.125008239075476 0.0529324340811871 0.0449386170234458
-0.00010342806395398 0.110983462413208 0.0116103745804322 -0.463316712311972
0.0566221798770086 0.0395460626628697 -0.577217343764471 -0.543992419124366
0.0509526931044053 -0.0309659680327574 -0.776551246150982 0.207245713568582
0.0362898431061819 0.00703872231208431 -0.100913136429766 0.648276125049956
0.0178697640031305 0.0649804235764145 0.352334608947049 0.328653371506158
0.00325041523718777 0.0372663277529781 0.307750500345696 -0.00760189452029845
0.00800038828332691 -0.00783904877248398 0.0370829442221673 -0.166595737895348
0.00513827743960323 0.00576652830955939 -0.025734579563552 0.116234453591567
0.00320837622566307 -0.00850484187314867 -0.227291754756496 -0.015500814119138
-0.0365472665306914 -0.0317999324395046 -0.289737294939926 -0.315275079311633
-0.0333665017193509 0.00106743194002047 0.152387277423773 -0.574352555484175
-0.0464563255710317 0.0158509157635164 0.720050603079059 -0.149943508212297
-0.0520416005157425 -0.0237438958208561 0.571965066657404 0.506509299699972
-0.00895376755089555 -0.0848759972947287 0.0717756681524125 0.525693208706923
0.000103917068499128 -0.105736106108995 0.0660287917917405 0.00520709901642544
-0.0447626483187295 -0.0772452807433035 -0.132247623095107 -0.470970394526151
-0.0617220252341618 0.0232137545677547 -0.747159928777572 -0.264998742632546
-0.0284962077941155 0.044597694161989 -0.628015401464094 0.515295279898968
-0.0270770471175688 0.0243351032346458 0.164980455279429 0.637971139528813
-0.0241754947143682 -0.020640929735005 0.450363461207286 0.160069116128292
0.0199048636556631 -0.016088993888965 0.303164736830784 -0.121802142671693
0.0097702840606969 0.00777993498248085 0.00760823513549358 -0.199662919693678
0.00544375988655794 0.00543934937881484 -0.0323147316782923 0.111802026904733
0.000645045884428013 -0.00104170979344862 -0.223028669255631 -0.0467688925054444
-0.0279486193232827 -0.024667379514198 -0.238044835883067 -0.366038039930465
-0.0219109105465372 -0.00351767926854667 0.271285848600899 -0.53847246421514
-0.0344736370971022 0.00216274790544388 0.758993528238679 0.0141862266738304
-0.0367937475409797 -0.0284085844058385 0.473980497656199 0.618696139305252
0.00251053400831926 -0.0725596351703205 0.0115847906457004 0.510988726096413
-0.00238050021276229 -0.0822524894788037 0.0703168650223137 -0.0373973390724505
-0.0397814501264198 -0.0543613932747969 -0.196663587866159 -0.471248676793447
-0.0421692019711819 0.0259439358498158 -0.776035866534881 -0.126560372157679
-0.013444147001475 0.0360161076858251 -0.502958645108896 0.617376467925821
-0.0133276837829223 0.0238480559439005 0.276252668665948 0.585406726303841
-0.0139599102572789 -0.00737797319439115 0.461143743180495 0.0805861413768721
0.019660778373307 -0.00818454194986611 0.281039221093694 -0.15913484263512
0.00702561372260305 0.00567513119568635 -0.00300508930943621 -0.206478805103227
0.0040598192256775 0.00422791851405327 -0.0385314095740758 0.109749568131083
-0.00201577199010207 0.0101218610092308 -0.21938691607174 -0.0679789618568894
-0.0193135995203524 -0.0118466390790945 -0.196269233407714 -0.396564739526021
-0.00839857525980039 -0.00827257259018669 0.346946773141963 -0.500206402983386
-0.0150409360541881 -0.00674980179277407 0.768762700911748 0.127541995728349
-0.0189373882200931 -0.0172391442044656 0.397205064202539 0.680635121119183
0.00324501859154158 -0.0418447882655092 -0.0252840000096014 0.494011810289629
-0.00750560251863684 -0.045790276399782 0.0741585868020111 -0.0693999155093669
-0.0245860736025046 -0.0283036079252997 -0.240250402351208 -0.467947646543754
-0.018938557247477 0.0180121259559598 -0.78157452488298 -0.0349402968149731
-0.000180797576594588 0.0189454378266549 -0.415698527613348 0.669616072897514
0.00187582182122549 0.0211626063712726 0.34028408404587 0.539660904529477
-0.00235906258722605 0.00617301006809463 0.459270829238389 0.0304833692170923
0.0188113687598735 -0.000402590169327079 0.26234324428132 -0.18079123431672
0.00449269917583742 0.00253913142793561 -0.0107759277039996 -0.211608404726706
0.00203322592787392 0.00408997441776828 -0.0440201482319967 0.109095268579403
-0.00593409214634938 0.023156956250379 -0.219049011098258 -0.0775984452534366
-0.011620082630812 0.00401142437532689 -0.184217184946795 -0.408297315337617
0.00532913499373985 -0.0123819591034523 0.368724922213629 -0.48951730472832
0.00581141417946196 -0.0121273428475398 0.771697653777514 0.159300089374993
-0.00124395797711072 0.00424659419019634 0.375955048239269 0.695060178546614
-0.00337113158771765 8.74841932889253E-05 -0.0316543352464477 0.485985186576554
-0.0132000702234998 -0.00036326957576524 0.0743223079457374 -0.0847503206885548
-0.00369561454626574 -0.00119325317167015 -0.255236004552289 -0.468828563454504
0.00709151007116593 0.00701373966406728 -0.780816971522162 -0.00786378418867081
0.0119478432654361 -0.00285853316655768 -0.383570710377665 0.683910074181561
0.0166375813009576 0.0174896863014472 0.362532388216826 0.524566946883233
0.00926028531709873 0.0230626055202645 0.456761695331187 0.0175201686060588
0.0158067903872724 0.00810969195631796 0.254451225241274 -0.184809916903472
0.0030454017626609 -0.00230027733311916 -0.0140578756501105 -0.210458473213454
0.000185673855661027 0.00345185314234567 -0.0475000594330375 0.110866806439356
-0.00995333234081643 0.0348156908930945 -0.222830992489378 -0.0727023661054392
-0.00541232971640028 0.0191176319886965 -0.202826114536412 -0.399974528034638
0.0178672923319258 -0.0163796563249606 0.334231013977025 -0.512550262283207
0.0266609975679834 -0.0181620967347955 0.773300694760133 0.102211952758439
0.0189717056753828 0.0279077455554837 0.41817601293158 0.66371435762885
-0.0098023484167521 0.0460309031984672 -0.011366258203722 0.488836509983165
-0.0196143471455678 0.0469703144955066 0.0734240674379079 -0.0784411757608256
0.0178924096972199 0.0281925003614935 -0.23675595570864 -0.476103349170626
0.0321361231175107 -0.00433354391564832 -0.780698814485592 -0.0513615587266843
0.0219331491770328 -0.0255639639555041 -0.42004116136746 0.662873429905946
0.0287853368667598 0.0124605815937962 0.337157316979746 0.546131939114598
0.0183079166099966 0.0385109549539831 0.454800039697375 0.0447826447295713
0.0114743193521492 0.0167799682560631 0.258381644722746 -0.171814890313181
0.00279912658359338 -0.00608604559499302 -0.011988073125982 -0.204377727742828
-0.00174118598448663 0.00236281380716944 -0.0466186816928585 0.114020451025712
-0.0119308178468385 0.0434361855015026 -0.228922378465251 -0.0514895393423036
-0.000690624969089807 0.0319453682014001 -0.24883147899776 -0.367936443897266
0.0267342378138225 -0.0206139190671184 0.243932487367526 -0.555464173131214
0.0411967928227267 -0.0263423201242422 0.762833149867814 -0.032312652273581
0.0433934508813958 0.0397094370589047 0.509043851472568 0.58484456317561
-0.00664812998644763 0.0829906920390818 0.0361508155832727 0.499764775592128
-0.0261982591448433 0.0902434967391364 0.0705708544322441 -0.0533732556697252
0.0311027788081133 0.0601213261259303 -0.189900823725285 -0.486427375243424
0.0535026925753999 -0.00434919838953649 -0.770942928885753 -0.157861438650691
0.0322797536482695 -0.0431902147623485 -0.512664658841852 0.599185342224519
0.0372387546106928 0.00667513118271636 0.26398174710126 0.59442851069716
0.0256069653697071 0.0512282996186806 0.453572504485665 0.10556765386637
0.00892594526798604 0.0250739492225798 0.27358444616371 -0.139818701768218
0.00357148378354701 -0.00934374294106462 -0.00557517178591763 -0.194409949628646
-0.00183788512133992 -0.000470182743817454 -0.0422250697844985 0.12007975444002
-0.0109575677985266 0.0451646073642945 -0.23169452835845 -0.0184224332263983
0.00232720098278939 0.03947228561916 -0.303683218101055 -0.311047019880304
0.0300066929159857 -0.0233775885155269 0.109690271880411 -0.587978712516509
0.0481619713538794 -0.0376597181567057 0.711889787779716 -0.214132686623497
0.0663196995986952 0.0355053515578166 0.611383307394202 0.450078253387963
0.0075342863243232 0.104890620052399 0.105027095901531 0.507832361672948
-0.0311113483383742 0.119441401129745 0.0647248908124321 -0.0125572814359259
0.0309435853935698 0.0902966189842703 -0.118573722744832 -0.486888392159992
0.0668314955454469 0.00857388506970581 -0.731247198514314 -0.313620759074098
0.0430597932965279 -0.0499776227551937 -0.643021035627015 0.477456610757936
0.038702026591051 0.00159743408828973 0.135844544052732 0.645268459522479
0.0273781191044376 0.060169088884971 0.435118909946868 0.194980335694686
0.00673710384586825 0.0330070652234222 0.293647699996704 -0.0949453193944249
0.00454926407536419 -0.00938040245988853 0.00585845280405804 -0.183234940026578
-0.000921093746497207 -0.00251072983420686 -0.0348090769960878 0.129517362014459
-0.0101670224617082 0.0413826575797833 -0.229856059892313 0.0211161785691204
0.00279752412247934 0.0415552242741282 -0.352527462589303 -0.234382561679917
0.0260018723332067 -0.0219188690717015 -0.036438767090755 -0.586859531448936
0.0416475951704505 -0.047076097498074 0.609195320734952 -0.388079748057231
0.0778077257100374 0.0178809827558115 0.687550386266563 0.283232295182163
0.0244163029214834 0.107138599010849 0.18425212361194 0.505818788066674
-0.0328254319250632 0.131479663753114 0.0592990445802107 0.037751758555074
0.0165272457636461 0.110893175429789 -0.0404574532765506 -0.471538573949997
0.0658639007645889 0.0308663430250093 -0.649188015412229 -0.483812700668807
0.0490122428449636 -0.0442501497081152 -0.764716760610924 0.298046825995392
0.036405592376112 -0.00136698183091234 -0.0268380317900518 0.670135886214642
0.024763540839837 0.0621774604497499 0.39607611222057 0.290216260435363
0.00490807318809198 0.0365750510333322 0.310016922688476 -0.0433446020577209
0.00576680681932021 -0.00827310217089033 0.020005474409193 -0.174416030375736
0.00570623632758056 0.00625319306509955 -0.0255099643179588 0.118351801894901
0.00346395051984912 -0.00911668122720115 -0.231233239851822 -0.0125045260342502
-0.0372722954199727 -0.031458565242252 -0.297120583759395 -0.317311943985738
-0.0336011092531618 0.000878661053399696 0.14863834325226 -0.583725260256107
-0.0471535885415706 0.0167918859465698 0.727618350268241 -0.159207501827468
-0.0533175026850311 -0.0232791092159197 0.58513924334674 0.507275591467996
-0.00997238419987859 -0.0864926061739336 0.0780132036737486 0.531628686509124
0.000276486663800095 -0.107399729972025 0.0674469786158376 0.0038209580063176
-0.0464752544882479 -0.0779548136264868 -0.139415250642387 -0.474981927011801
-0.0621704345437076 0.0244038132427866 -0.760866070910962 -0.258634525390057
-0.0284106714933703 0.0465229359768226 -0.630733956873827 0.531759734937281
-0.0269697515522984 0.0253432093417144 0.174099219970699 0.644829230468945
-0.024627172548204 -0.02044633334804 0.458601870105143 0.156134395929562
0.0193025305469555 -0.0169024671879908 0.307188079562199 -0.127033743501599
0.00918894941286939 0.00758689692156108 0.00716606692161143 -0.202960151915556
0.00517024008964295 0.00493647217167892 -0.031948106811379 0.113870454732708
0.00131234601991883 -0.00207694410969047 -0.227595570239183 -0.0445064120808565
-0.0287557494753292 -0.0242085841634543 -0.244467457760288 -0.37053064117319
-0.022202680101095 -0.003824571928005 0.268149863778352 -0.55010769479482
-0.0340577381916241 0.0027349680587286 0.771156586102407 0.0051931979326627
-0.0372864543581371 -0.0281759163073645 0.489219730898253 0.621216482049663
0.00174882578916352 -0.0742483355275287 0.018137722138119 0.516967881669093
-0.00304174920587671 -0.0843435035161436 0.0716352395601144 -0.0387774833145296
-0.0412001686114153 -0.0543871738044142 -0.205393082266241 -0.475536485535595
-0.0430412407704525 0.0268855307932064 -0.788161776393134 -0.118293892060819
-0.0141387973444367 0.0366892527940285 -0.503586991661066 0.633080783326199
-0.0130049725942871 0.0239095783964675 0.288201348489318 0.588916682201232
-0.0138566401725182 -0.00735862777422078 0.470087886030028 0.0750979439947584
0.019100912700032 -0.00915964285751895 0.284017720529272 -0.166028604085424
0.00630593693696538 0.00550323882676202 -0.00471725510442862 -0.210837906582373
0.00442464721408855 0.00441032669665551 -0.0397454111936924 0.112917629324438
-0.00140579855434528 0.00932883874571458 -0.22423679354541 -0.0667594564122853
-0.0202606442328969 -0.0111006716236439 -0.204327118539072 -0.400209909107028
-0.00887842694605194 -0.00795744722092425 0.345513753600233 -0.512106642590747
-0.0154421103455824 -0.00695692665049159 0.78217958281197 0.121776266746633
-0.0189270783263321 -0.0167865409122405 0.409402140308976 0.686690632864444
0.00317619550424149 -0.0433814343703048 -0.0191532261830547 0.499921489230743
-0.0068406733130231 -0.0469286144677278 0.0743653956372985 -0.0704139250623354
-0.0248069118046448 -0.0281795558049588 -0.247893951312463 -0.470868382217318
-0.0182481152424855 0.0197188601267335 -0.793270128857868 -0.0265809565410365
-0.000255211031750354 0.019248920962365 -0.410713729880303 0.682949818390854
0.00244309206525874 0.0211924776529292 0.352730163657523 0.543079686184587
-0.0020439007837013 0.00679561667974377 0.46706069595054 0.0241131999349694
0.0187640978632916 -0.000344386194492206 0.265121663081036 -0.187417609674884
0.00427440995173799 0.00259472034767964 -0.013493836638685 -0.214785883861621
0.00292450690049429 0.0036273044044713 -0.0449059689171602 0.112104036679812
-0.00586101043397714 0.0232050991465055 -0.223149946682809 -0.0754549583386395
-0.0121928927560182 0.00443576286604721 -0.192192411832185 -0.411745887541461
0.0055586920246956 -0.0126525718503299 0.369921537778355 -0.502356560364727
0.00575381057029762 -0.0129386178218392 0.784090979516301 0.154418707664965
-0.00145106773997755 0.00492850947340034 0.389008873757423 0.702624636100605
-0.00308797581774673 0.000526525658708879 -0.0269352174154254 0.492237771770894
-0.0132639226364042 0.000233131267293341 0.0745197917126514 -0.0867063031952793
-0.00305980927560956 -0.000835532258589005 -0.261624293862009 -0.471120457846304
0.00682890085886991 0.00667216910539475 -0.793213938071787 0.00185878497830228
0.0113728898542975 -0.00274962084754701 -0.380041924304944 0.700655732745941
0.016901355581715 0.0166884703769176 0.373237013328858 0.527659929861485
0.009777368965778 0.0228131349842876 0.464011108787616 0.0110101848750095
0.015934810576821 0.00818825097439307 0.256720428500075 -0.191480590681733
0.00346265585017019 -0.00293164403958828 -0.0168403364366867 -0.213638070768988
-0.000859713483514492 0.00298566900044466 -0.0467274467993921 0.112554171044807
-0.00949912092844993 0.0351512125278623 -0.226889986184618 -0.0704429150347021
-0.00527357738995392 0.0202012579189121 -0.211863153101492 -0.405223442657468
0.018185509507295 -0.0172988417503357 0.331952689222367 -0.524682398538845
0.0266207550450055 -0.018190893775228 0.785228138535662 0.094085170558788
0.0191526689446411 0.0276864729691264 0.430684056930522 0.669993807134
-0.00919736539570085 0.0461263725562603 -0.00671963060519287 0.493858536009193
-0.0191710338285677 0.0484453521710913 0.073655141557348 -0.0802144132816247
0.0189469645269356 0.0283765929332593 -0.246206325277457 -0.481401306024039
0.0324253285840127 -0.00447937697854298 -0.791751689917375 -0.0418921968863814
0.0216248470486911 -0.0252928072348678 -0.416737709175986 0.679046404253391
0.0292514674460847 0.0119110858480413 0.350253609374703 0.549199096281617
0.0191996631591743 0.0392205027262023 0.462390465042031 0.0390762336592618
0.0126560272554882 0.0164440083797464 0.259887303136509 -0.177036635564948
0.00285496965885266 -0.0063183731944753 -0.0141378841970687 -0.208222368504495
-0.0014819968960513 0.00168974543287948 -0.0465515815812122 0.116076846460134
-0.0109813606470705 0.043240347226218 -0.233342042626865 -0.049590423881904
-0.000780152374234452 0.0331843217030226 -0.256662527852314 -0.371358062511702
0.027076354735527 -0.0206431114312174 0.241812784797416 -0.566585113857293
0.042343432543199 -0.0271737711146419 0.774895998188815 -0.0425234906451071
0.044120908196365 0.0401430433064629 0.522582664919905 0.586753418824577
-0.00552194547948076 0.0841568829083399 0.0422898176469787 0.505736509535068
-0.0247930658868768 0.0916638649312999 0.0701004424834757 -0.0547947332087895
0.0321738784500362 0.0605142001271169 -0.196660453546891 -0.490042035245047
0.054387562672826 -0.00482426339687124 -0.781937898536221 -0.151676581537551
0.0323892800116884 -0.04328652990384 -0.514219115836661 0.615676655078692
0.0367497616458023 0.00616217721191252 0.274684302562742 0.599762797764963
0.0257147152511823 0.052956524589125 0.459852602868183 0.102936981678645
0.00892499519740732 0.0256452875749646 0.276808748830117 -0.146260762207713
0.00399917898316557 -0.00890394810413863 -0.00713584970298531 -0.198130328484932
-0.00206760225888297 -0.000236361628012786 -0.041954921081284 0.122371247392309
-0.0114947779407611 0.0456828350879824 -0.236285751021589 -0.0151712340030306
0.00343733225486083 0.0406081184754398 -0.313182728427214 -0.313096232782369
0.0299781572250468 -0.0229946996453709 0.10427259864192 -0.598072127595624
0.0484215112561208 -0.039677218269393 0.718774098325612 -0.226165445049615
0.0679695006243491 0.0344038859163626 0.624845505943163 0.450089279337738
0.00824475042724655 0.105751209442335 0.111669183044745 0.513837152427132
-0.0292229100925705 0.121766099473901 0.0661298346166025 -0.0129382746017448
0.0315328385566467 0.0915762852915152 -0.126241010191834 -0.49138725344246
0.0679715076834205 0.0075991020337238 -0.744926858171195 -0.310464821192972
0.0424234402602247 -0.0508079670679647 -0.647351418934014 0.494319836632758
0.0401017472187882 0.000912793060642503 0.146739335876331 0.652278773933358
0.0287795875943863 0.0611185259992619 0.4437860481107 0.192607123122852
0.00685592748715761 0.0329865925142419 0.296685453500555 -0.101306741006634
0.00499294212462761 -0.0101628549986832 0.00423759985150106 -0.18753808291299
-0.00130631656995714 -0.00276416636545178 -0.0341590324064793 0.132902398886391
-0.0103333194270131 0.0416894501390907 -0.233538048238802 0.0241909072450102
0.0034604862290453 0.0423536300575438 -0.360724639159644 -0.233295924561627
0.0267171301294557 -0.0226785700495841 -0.0437910517707168 -0.594799281771958
0.0416928626832412 -0.0484852369735796 0.614319538429042 -0.399131527117717
0.0801074044172383 0.0176120604270339 0.700614272849435 0.280068634674702
0.0259765032374007 0.107813859170397 0.192025842650256 0.509484701795096
-0.0323629042359122 0.134011137377838 0.0606785407348541 0.0385653148193674
0.0175603280381633 0.111957179576361 -0.0440666060191407 -0.47667284649741
0.0678074262406632 0.0305873361464348 -0.662395107345996 -0.4828224056717
0.0498445914329871 -0.0457984510230491 -0.771278156670464 0.310997727989934
0.0373122864098434 -0.00162735424890966 -0.0198558124981986 0.680485830285551
0.0258342686527766 0.0630206265405646 0.40518270572042 0.290665603867362
0.00532607283812284 0.0370852601403681 0.314691771764503 -0.0485562634513507
0.00574761228092053 -0.00835734014075555 0.0182010215751003 -0.17811052120746
0.00568925639131971 0.00589315819784529 -0.0241388825413529 0.120776342831793
0.00286435102715645 -0.00995508648454758 -0.234616073040992 -0.0087327442548537
-0.0378609625024996 -0.0310730982196127 -0.306329700406283 -0.317795953046349
-0.0341205501991524 0.00157354480622432 0.140941024237626 -0.59328583265814
-0.0467811678744757 0.0178033545113154 0.737233659420459 -0.170957561283279
-0.0532454492327596 -0.0226149171494407 0.600066629441553 0.504696738818055
-0.011319247999941 -0.0884139251918245 0.0847239378343993 0.537691484759982
-0.0016562990031209 -0.108609799476789 0.0681813424527288 0.00422041113966208
-0.04700327442911 -0.0794611797701666 -0.147217668383411 -0.478968983258816
-0.0628965896870757 0.0253882681916887 -0.773815150135225 -0.252231820250688
-0.0277272431567606 0.0472439348999675 -0.630429235504373 0.548272206883605
-0.0271584314723798 0.0256969879934254 0.186448078215609 0.650586003678578
-0.0261535737964655 -0.0185308202957265 0.469123582229595 0.149791931133567
0.0193350109671568 -0.0176971795370534 0.309055322761563 -0.134748239664892
0.00916505135624615 0.0075856805062145 0.00361372392656094 -0.206619861134263
0.00544157407147421 0.00420412694506248 -0.0315785668450657 0.116568504365309
0.00177576660860826 -0.00206775251455497 -0.230869015902817 -0.0416306275367384
-0.0296799453710875 -0.0236143093824959 -0.253320386614818 -0.372030771099802
-0.0228708945328785 -0.00341256833371195 0.264783647948328 -0.561320748165124
-0.0348443150875284 0.00297979179463883 0.781113182502545 -0.00685813966087044
-0.0381695458645304 -0.0272194344510677 0.50299028687976 0.62301419110462
0.000710763053815691 -0.0766118890452648 0.0254905049949861 0.523318257063328
-0.00328100584038041 -0.0844165711223356 0.072467045101342 -0.0410955037002772
-0.042350079012713 -0.0549578043904747 -0.212989582413126 -0.477469364739097
-0.0429659792567786 0.0280379739615894 -0.801450830802387 -0.10846770986728
-0.0137511848883424 0.0369743537648547 -0.501604605732705 0.648763204469009
-0.0128203993164918 0.0245454145494688 0.301121778862459 0.592551009785791
-0.0132674299720423 -0.00805385523283826 0.475451831261925 0.0686635265739196
0.0204449957602811 -0.00944701222019073 0.28536044901108 -0.172686586343102
0.00661888467287467 0.00564285814383926 -0.0085317902742949 -0.213855936135699
0.00405355518259112 0.00479361558610349 -0.0382026939930208 0.114588130943971
-0.00139675877602303 0.00929725456165214 -0.227951056061028 -0.0638800009342601
-0.0196870472319393 -0.0115263712995882 -0.213609116666005 -0.402447438206206
-0.00925774141337021 -0.00759819557886378 0.344193631729371 -0.524437553056272
-0.0159198357537913 -0.00676758593245754 0.794159714750615 0.111354077934588
-0.0192787391736942 -0.0165961741597098 0.424236238367107 0.690161645334188
0.0019293236611576 -0.044249597265108 -0.0121071528485101 0.506359044995327
-0.00759259566999275 -0.0473904245302538 0.0747885925857931 -0.0736387990515638
-0.0257407826506603 -0.0279475271970391 -0.256670312456119 -0.473575658395659
-0.0185907044149193 0.0200824631244856 -0.805798185860628 -0.014603196120238
-0.000203739431487729 0.0191561900763979 -0.408608102241004 0.699678132602463
0.00282240784984528 0.0212691966616694 0.367599628784855 0.54119826543159
-0.00118573746888125 0.00763665937147534 0.474868692968098 0.0157846179203361
0.0187165346223433 -0.00155027373082477 0.266618481633898 -0.19501587001182
0.00472865041870386 0.00187467300162943 -0.0169616883321613 -0.217447176460354
0.00203270330404233 0.00388288871805639 -0.0439624145809982 0.113647174530083
-0.00576827726688954 0.022917771679953 -0.227793384573267 -0.0729338178567146
-0.0116470445838976 0.00468745592862132 -0.20074813186146 -0.415743165009372
0.00522880219303809 -0.0126148216177099 0.365728058908037 -0.514932721667826
0.00524287029301615 -0.012875674375425 0.797223760521366 0.145182879226825
-0.000670388163389614 0.00486947958344066 0.403118889085313 0.705447553141016
-0.00301564187243526 -0.000374719383297306 -0.0191347143849964 0.498015648664317
-0.0130654510496315 0.000282412758097603 0.0755891415976672 -0.0883986304067988
-0.00376062236880002 -0.000643145701646882 -0.272436963013062 -0.474371551054384
0.00764369964744681 0.00682638605962535 -0.802409725680273 0.0124310151898937
0.0115276395544788 -0.00331222832311344 -0.375354648801486 0.716435126365905
0.018011072708328 0.0171574046777908 0.387416817663678 0.52745233755733
0.0101432213950345 0.0239913825971333 0.469801342334827 0.00434046337145909
0.0162783037957872 0.00813424107795789 0.257623402011626 -0.197752757917209
0.00320170364757215 -0.00255918895359173 -0.0201508593023023 -0.216953617449274
5.02540037741646E-05 0.00292011361537179 -0.0468648834614888 0.115874086370609
-0.00895028119281926 0.0350006254818249 -0.232526553397262 -0.0674631035764016
-0.0050346513450199 0.019575845186171 -0.220452048338604 -0.406484140735383
0.0175525996137907 -0.0180194429241385 0.330111653963356 -0.535662936979615
0.0260987057356225 -0.0189137221283694 0.797089960726752 0.0844110492854461
0.0198714426542282 0.0283582291092901 0.445484267373383 0.672029041295215
-0.00940158641093444 0.0451861326676022 0.000731275031901132 0.501196180098128
-0.0183386340385807 0.0490698457745046 0.0733056105520417 -0.0822059899895354
0.018752643819475 0.0288710120016189 -0.255505567748451 -0.482587700381607
0.0332898170060247 -0.00477436382345633 -0.801922969640317 -0.0294891128354225
0.020923880628905 -0.0265001873101502 -0.413207479765515 0.693784794761671
0.0296433826979618 0.0118063107316825 0.360816976995629 0.549214253746592
0.0204195918029246 0.0393701687539194 0.469822061399626 0.0311090530610116
0.0125545208784159 0.0161383296190618 0.261597408425844 -0.184493974982553
0.00258859299834243 -0.0057638126182091 -0.0172370679690079 -0.211222134806853
-0.00203789376963871 0.00238220320023641 -0.0457976930463832 0.118742195611207
-0.0112736543165643 0.0434537845959743 -0.238043081042837 -0.0454347098872104
0.000260253735329138 0.0339677814744947 -0.266304561966736 -0.372393472429025
0.0271152770025876 -0.0218600778897778 0.23652929746097 -0.579464664314723
0.0420440520892108 -0.0280799550193886 0.782190210757056 -0.0553111998241044
0.0457934642715249 0.0399775707824019 0.536517678366787 0.585624964572322
-0.0047655600444606 0.0847900335918827 0.0506573731420186 0.509999203104369
-0.0236823264636389 0.0931048072209519 0.0704833637383388 -0.057178016067078
0.0331622538880388 0.0606781965956618 -0.207044118973891 -0.494161097045102
0.0549988061916609 -0.00550542027382072 -0.793575533222741 -0.142468426213568
0.0317237175178375 -0.04526058633645 -0.51078639228533 0.632090861263735
0.0382561288143197 0.00567200496469332 0.288471851011013 0.605027724078923
0.0280641733624441 0.0526781719065648 0.467595508028027 0.0955593121763101
0.00894977219435189 0.0249691722234433 0.278927251146162 -0.152381745307885
0.00293637874897022 -0.00867985264627485 -0.0100864633737071 -0.201532469214903
-0.00280125931579402 0.000417287888293718 -0.0412814468765447 0.126096321515363
-0.0114735810381349 0.0460776027111133 -0.240330307713371 -0.0127313229075848
0.00462030975944382 0.0409984300157973 -0.322780367787586 -0.312694057383774
0.0302639530205057 -0.0245076567709823 0.0979462342720846 -0.606726982015027
0.048303919964733 -0.0408444992144291 0.724410382522194 -0.240895264623493
0.0692656314868984 0.0343499638211288 0.639692206595879 0.446146865463677
0.00963317212840272 0.106499468193009 0.120254418493192 0.51896997393855
-0.0278669981552856 0.123568241535523 0.0667155794091924 -0.0138365080058294
0.0332272695851126 0.0929724938241289 -0.133910636935221 -0.497406397933876
0.0691633160778622 0.00743059168029813 -0.758364852806613 -0.302866291965073
0.042299231179239 -0.0524576583726893 -0.64966197167694 0.508865485537844
0.0405358708944233 0.000542920022036666 0.157930974926083 0.659103880312379
0.0306202885163103 0.0612968645270541 0.452615845994528 0.189347586272068
0.00720344982475366 0.0336008375534863 0.299810841254583 -0.107391610250703
0.0043511717293674 -0.0100811386781925 0.00190654904480158 -0.18996078403838
-0.00143655811669945 -0.00304473066253353 -0.0328992342727116 0.135520814088091
-0.0109788096265405 0.0422819299021769 -0.236512845853822 0.0288156273640331
0.00372506351050729 0.0426194914739187 -0.370292113614454 -0.231699534977146
0.0266904113563979 -0.0238537939896902 -0.0552571452928664 -0.600188142888843
0.0415787242433676 -0.0488898099524507 0.61637046896282 -0.41482211045499
0.0805783091740116 0.0169666456789945 0.712616431032344 0.273458176295821
0.0266166154537538 0.108065159905234 0.20038178448064 0.513443560005343
-0.0309151970997748 0.134893538687509 0.0606783550053792 0.0379204699101013
0.0196088803644343 0.113644157079135 -0.0527580085557715 -0.483178850679995
0.0697133768182544 0.0306571917617528 -0.676917721325335 -0.480418368167817
0.0492679777983433 -0.0463703137165737 -0.778977474268589 0.326520954960338
0.0395042073031727 -0.00297557217780765 -0.00933717758382914 0.689595512829142
0.0273951058311657 0.0634666244303425 0.413860325072994 0.286646209313958
0.00535259022686016 0.0376228957432963 0.318633830818598 -0.0538770036039601
0.00603974016569487 -0.00881029766611435 0.0162674997022615 -0.18150676936836
0.00602274805758176 0.00541201812411693 -0.0227152000720224 0.122335224730962
0.00288330390474039 -0.0105289496250722 -0.236561545847247 -0.00459362782477196
-0.039090256938168 -0.0299633597000143 -0.313779439452071 -0.314910872378569
-0.035069923063555 0.00245052244242622 0.130869119668004 -0.602382289320447
-0.0469225600962605 0.0184249513258452 0.740876504641601 -0.186845550407167
-0.0546910454097157 -0.0209262543319421 0.614596163513828 0.500427179011666
-0.0119608882954687 -0.0889579323058853 0.0958684049249112 0.542194340310343
-0.00275854062023518 -0.109871037572319 0.0693815618921271 0.0031430551969394
-0.0503251041114805 -0.0780320841931777 -0.15569329972164 -0.478986386779649
-0.0623649954114325 0.0277828646758516 -0.78821399013084 -0.23976256088411
-0.0273025128969317 0.0479600826987454 -0.628588866284658 0.566755221741604
-0.0263135570518261 0.025301810964052 0.199338761524114 0.654148757096303
-0.025867724513501 -0.019528324660106 0.476022212747128 0.141982890951482
0.0202479256440551 -0.0183578837339799 0.310605628523337 -0.142448574725016
0.00979388774835572 0.00661369705815875 2.47394459287053E-05 -0.210349031211541
0.00520218584896372 0.00448648048791498 -0.0308374349531643 0.118165821705441
0.00196647432104495 -0.00306214298092841 -0.235104393494699 -0.0373882525751226
-0.0294659634465721 -0.0239998770413992 -0.26334737978989 -0.371354067835138
-0.023456385838195 -0.00268384941263128 0.256015654692821 -0.571682487257751
-0.0344351295893753 0.00405497557526852 0.790195165397562 -0.0186882136762842
-0.0390502944350467 -0.0268231048649388 0.519086778499312 0.622825061085304
-0.000795499394026821 -0.0771287129737568 0.0338418053794418 0.527306757334256
-0.00460639756665295 -0.0858459735722907 0.0729574597209616 -0.0419245846990327
-0.044466257515951 -0.0549653833719898 -0.223963118636928 -0.47876343756903
-0.0423994496513354 0.0298513993752203 -0.812576393773017 -0.0947729216218841
-0.0133949830814413 0.0375726731407432 -0.494956422511888 0.664020499741788
-0.0123592108323371 0.0251680428553249 0.315412572369361 0.5933093007337
-0.0139331864451397 -0.00663140516023564 0.484080540902352 0.0599617846105865
0.0208761528381174 -0.00985928665364274 0.285923013660785 -0.18075328698072
0.00698738594540691 0.00588604617414629 -0.0116689261324281 -0.215812857343474
0.0041650345645665 0.00373269833351083 -0.0385124861049423 0.116712932865421
-0.00222755613943022 0.00881533201155434 -0.231770534302184 -0.0606022878639635
-0.0203701665051367 -0.0106661569036151 -0.221578650463247 -0.403957798038825
-0.0104404909489038 -0.00794797694181647 0.338947698404738 -0.538377127329869
-0.0159017276093364 -0.00594364140905765 0.805740074274338 0.100232003472289
-0.0195313052033703 -0.0163425315677588 0.441742682066387 0.689071812174425
0.0018746070766963 -0.0446331768301569 -0.00285285425077514 0.510583560824542
-0.0084635336546359 -0.0474607419359738 0.0753717043171838 -0.0747260541822403
-0.0265396722418769 -0.0276800346522831 -0.266352001366783 -0.472668754227744
-0.0184256405373874 0.0213301107217194 -0.812133747785918 -0.00018245161910168
-0.000286900027328341 0.0204720810376012 -0.399045590062991 0.714742158793268
0.00343946575825667 0.0214288299928744 0.381947523576856 0.540715966564244
-0.000745078429464097 0.0077980637876375 0.480554462905732 0.00758722875980408
0.0191696500626907 -0.000771467697944001 0.266235691585957 -0.202505579268034
0.00420407941957028 0.00119112097667147 -0.0203120553299755 -0.220430160032293
0.00193222658242844 0.00324570237709957 -0.0438602951673494 0.116167481785613
-0.00590584485992911 0.0230411619828727 -0.232123894903228 -0.069896908092213
-0.0120844353377238 0.00537416941128886 -0.209625169414396 -0.417431097803275
0.00460148023241103 -0.0127778490220379 0.359773212456258 -0.525946210303034
0.00596596191155842 -0.013105679512824 0.807926880917251 0.1318655571812
-0.000865499211706032 0.00460022765310252 0.420375810485429 0.704747942775669
-0.00428067102347464 -0.00172443474755049 -0.0123062979633167 0.503962966203754
-0.0135101115403287 0.000453460915675229 0.0745818739572721 -0.0903750115181511
-0.00333370321847503 -0.000434506487718775 -0.282583981313322 -0.472790251268045
0.00864110861070652 0.00652282020917985 -0.811147368628847 0.0281038774568961
0.0114292373963931 -0.00351689399495863 -0.366069584000767 0.729721817037579
0.0182599710698094 0.0173630064724396 0.400308822770661 0.525457980402064
0.0105324149501165 0.0243477498330318 0.476479755353916 -0.00510492130617396
0.0164613580175211 0.00701514144438036 0.257178026919782 -0.206004448576255
0.00296860505684625 -0.00267834422982412 -0.0238519836984342 -0.219645627025802
-0.00165531648720941 0.00337811096780781 -0.0458345313571783 0.118787667195204
-0.0083404225824614 0.0356181661415854 -0.235924970676086 -0.0639026155336866
-0.00483198302040007 0.0212094920325605 -0.229017726888512 -0.408161423976722
0.0176418438734031 -0.0174543985819566 0.32464666387928 -0.549910283985248
0.0269646411888173 -0.0192807103867569 0.807734596491344 0.0720620198646525
0.0207958152643592 0.0284887222855304 0.461849427173214 0.671294549984896
-0.00924620152404761 0.0459788049787263 0.00885255476100372 0.505119238129311
-0.0176976738964536 0.0494720143625665 0.0742631798414329 -0.0848632130800929
0.0188752323929538 0.0284095182863654 -0.265796574103787 -0.482479821259887
0.0337915452037728 -0.00541395546856758 -0.811527766015307 -0.0163710130888457
0.0215438962072305 -0.0268100016561554 -0.404877091087264 0.70837884864565
0.0301074810410032 0.0107776890068456 0.376519558263252 0.54953406322404
0.0205358679563663 0.0392396782120658 0.475248315794677 0.0240898138383821
0.0131359711044675 0.0169009585320357 0.261310818494116 -0.192207752817947
0.00269207470120807 -0.00615158810400017 -0.02104596625022 -0.213710345461074
-0.00212197923588681 0.00230621869340927 -0.0448786773041122 0.121089967615593
-0.010464826219885 0.0445322306970289 -0.241808241774641 -0.0415163391571025
0.00101337088988076 0.034691483172542 -0.274737172687902 -0.372035451597495
0.0264025978240168 -0.0221359390686271 0.228211204811132 -0.589860061395843
0.0422290782182347 -0.029980124716954 0.793082867880791 -0.0687735552140185
0.0465673663673074 0.0394776786880883 0.552701651159434 0.582563080147378
-0.00424454788934546 0.0848366149227633 0.057957745446211 0.515224160905561
-0.0230227454503722 0.0936982932408383 0.0708401790014383 -0.0578473586297424
0.0335247932737476 0.0615526199692161 -0.216781242484799 -0.49526115346044
0.0563016898682832 -0.006931780228907 -0.805396786568992 -0.128463125343661
0.03141377010512 -0.0451015167637328 -0.504423139517097 0.647686184269553
0.0385309545267027 0.00447478307668975 0.302305090642834 0.604933709878492
0.0289571636512121 0.0533737951847194 0.475154016346956 0.088505738856088
0.0102418731647203 0.0257730284453848 0.278431825747326 -0.160718848262951
0.00348094174809859 -0.00820750204580862 -0.0138152181616585 -0.204183763780584
-0.00328179680002005 -0.000689187502769441 -0.0395991485530737 0.128298194426637
-0.0110522631387948 0.0466536908161983 -0.243865661432891 -0.00828848718982943
0.00454697718041688 0.0422199182842764 -0.331970765455108 -0.31037104180393
0.0291558666052928 -0.0250019205527103 0.087172720217841 -0.616399799682943
0.0481920981183162 -0.042432063987352 0.729260222942189 -0.255476164870924
0.0704453190910203 0.0329880831372019 0.653625391455086 0.441123820409761
0.00975882799411285 0.106627513177636 0.129207131188333 0.520999810078308
-0.0260665135911763 0.125065818889015 0.0672986299739962 -0.0158798500876737
0.0346382958620276 0.0915773144909348 -0.142155436172752 -0.500223979346576
0.0700348908400431 0.00601194834420216 -0.772556310703285 -0.292589891693317
0.0419348800930887 -0.0533545508696126 -0.646253530694143 0.5274330589255
0.0402907731815302 0.000225941446344621 0.171483510318764 0.664953934099562
0.0320500263602193 0.062049409984429 0.459624697762559 0.181892467812319
0.00825131577787676 0.0335934895539707 0.301119112945224 -0.114759125427698
0.0035974466656477 -0.00999360513193387 -0.00094589496613597 -0.192821165070731
-0.0017903835608625 -0.00271708220166671 -0.0314050801103656 0.137493608478317
-0.00981066877571617 0.0430189310943699 -0.240194131779445 0.0321789813560421
0.00521453115084408 0.0431001010304263 -0.378308675108598 -0.228299220795017
0.0259727173603095 -0.0239198399866419 -0.0669451053123451 -0.607112570799112
0.0420258100330773 -0.0506749523121335 0.617184099037266 -0.429281577249215
0.0823949446560857 0.015538253538425 0.722325660577429 0.264321414621892
0.0285881618599632 0.109090593081683 0.211646322480864 0.514438679296824
-0.0288093192085885 0.13747592187688 0.061601034241856 0.0377485630759285
0.0217142922899735 0.114409377008926 -0.0589146699842566 -0.485546804815658
0.0710046345012508 0.0289303031562402 -0.693100307979571 -0.473187259163308
0.0487903535212979 -0.047582399282736 -0.779275151888017 0.34369217824515
0.0381226439958181 -0.00296234478634371 0.000647492377196385 0.69781752244208
0.0284594897058151 0.0635108783675938 0.423663855707467 0.282529308208673
0.00647639421692629 0.0378956337613757 0.321386687174541 -0.0606618555271132
0.00573052593373428 -0.00955916221094875 0.0135375537800831 -0.184023047245222
0.00501027054728687 0.00534018445944767 -0.0214599347746695 0.124463639175745
0.00312048449101879 -0.0111209599763557 -0.239240192210125 0.000110261590305864
-0.0397886265784389 -0.0303348110925337 -0.324029490001237 -0.311950237743228
-0.03532420105055 0.00219738004926961 0.119757898952742 -0.610829155115127
-0.0467594472182877 0.0190496946600526 0.742865331345235 -0.201506815935421
-0.0549101153179576 -0.020305057570282 0.626533810594731 0.493288087009707
-0.0134896664176568 -0.0908685045998408 0.106269851214778 0.542991833262718
-0.00473078973352746 -0.111362075040981 0.0698730754250967 0.000748458404331708
-0.0511839167203934 -0.0782501780577717 -0.166590196220969 -0.481196985081407
-0.0624887878951141 0.028785721081851 -0.798477657722914 -0.227190868166721
-0.0271971388877917 0.0491057526596379 -0.623157473277815 0.583016962239566
-0.0260012797812146 0.0271026486694948 0.21608755277847 0.654447711869031
-0.0260362972094021 -0.0190820560287886 0.483868323598769 0.133525777242353
0.0200799595156349 -0.0200927351952669 0.311036429832967 -0.150824829089236
0.0100174034695067 0.00672796095984441 -0.00316832783380864 -0.212139873901532
0.00538655027477722 0.00426434568812458 -0.0295966786438397 0.120239722771709
0.00115486338392465 -0.003059231539483 -0.236633149287157 -0.0329324141315057
-0.0303989878758267 -0.0228077214986047 -0.272397664260693 -0.370610988610005
-0.0238247481101358 -0.00219164427514671 0.24664082955117 -0.582234809770656
-0.0346216818900486 0.00445318765180091 0.795974209728595 -0.0324895699006836
-0.0391541406491519 -0.0263690572670451 0.534686472998732 0.616553656652308
-0.00135372478228227 -0.0785284928909702 0.0436055129877693 0.528938930019678
-0.00608088420040266 -0.0863682521553735 0.0724123010048467 -0.043579140233816
-0.0451725124459559 -0.0536458254811408 -0.233320438130836 -0.478537862336332
-0.0421231076399643 0.0307395108444259 -0.819446524047887 -0.0791412183221688
-0.0120417001523859 0.0386153709756086 -0.487644610495312 0.681235272173871
-0.0120064261824444 0.0247863865151025 0.329887463642154 0.59166287063311
-0.0145614318494941 -0.00604710549869848 0.488574993646735 0.0512262360452738
0.0206094490872195 -0.0108707785191848 0.284435882360291 -0.188430475921837
0.00774643074351027 0.00599964911792157 -0.0165028272801062 -0.218891350638929
0.00352049291970966 0.00358004431328496 -0.0363387368949768 0.11926447685632
-0.00193283514644329 0.00875009600422533 -0.233996963539748 -0.0561466880518064
-0.0208537374857584 -0.0105944516606606 -0.232741827202446 -0.404022175064444
-0.00967367456248616 -0.00719572962283019 0.330073833214133 -0.548037569773009
-0.0162194221040718 -0.0066207605074175 0.813726955181563 0.0861364445324046
-0.0199759586907728 -0.0159813168615643 0.456754270506539 0.684650351716447
0.00144282548428712 -0.0463622755984225 0.00553686371922087 0.514949192556976
-0.00897175875746727 -0.0487862280277995 0.0735050558957251 -0.0773705150390769
-0.0277950418239803 -0.027255371606168 -0.277748230091602 -0.473189114758067
-0.0170890251939317 0.0215284550172114 -0.820987363386664 0.0148502525739874
0.000935686693684872 0.0197328884845191 -0.388854025973574 0.730538869936812
0.00371077384395388 0.0213099398172203 0.393241582128563 0.53774723059551
-0.00129975266508219 0.00796313058187908 0.484653811272949 -0.00204011940783165
0.0194989169463451 -0.00167607852512896 0.263633330897924 -0.210540133662108
0.00429346509155796 0.0022451389075673 -0.0241236860427654 -0.22209339753301
0.000953363384179662 0.00370345942359991 -0.0424740232555087 0.118073882531668
-0.00579657235890655 0.0228144279008857 -0.234726314889881 -0.065394477314129
-0.0120007436182602 0.00602920193955963 -0.220005638543476 -0.417255518231014
0.00359064640590508 -0.0130874719168076 0.353829622260911 -0.538201572476867
0.00564566357660586 -0.0129972868617597 0.816939767107594 0.11846834483242
-7.08512169589857E-05 0.00561264389344851 0.436150929655662 0.70243379681085
-0.00452968893590786 -0.00234692661534684 -0.00306737795995444 0.506866598856113
-0.0125260204416855 0.000370418537500621 0.0736176407242545 -0.0925287317230106
-0.00325154319060986 -7.8470498744489E-05 -0.292997040213069 -0.47247985574539
0.00840471894536975 0.0073255557714467 -0.816893523135529 0.0426326422938955
0.0111380193602776 -0.0039426865157105 -0.355964275417852 0.743820787279715
0.0186175379139932 0.0166490613164468 0.415258274258638 0.521598730569706
0.0113775749079376 0.0239869075130667 0.479973346219517 -0.016293154668528
0.0170659971583285 0.00689897639601401 0.254625275685 -0.214454728498729
0.00261262669319102 -0.00276740755977993 -0.0273846599578391 -0.221462395137576
-0.00152195746785175 0.00315099990911744 -0.0438438716725602 0.120689057807237
-0.00870598793886208 0.035891300504731 -0.238230436192268 -0.0592933766460971
-0.00454137755953006 0.020979571945956 -0.239448628697444 -0.407498016571944
0.0172108414950062 -0.0184301106210694 0.315107313545042 -0.558420703427888
0.0264874235543313 -0.0196512557747597 0.81662702552416 0.057964262165851
0.0213877971429019 0.0280743404119922 0.477606428958064 0.668413255130853
-0.00880083471218261 0.045451465700579 0.0177584371911371 0.509152646771475
-0.0175296680825133 0.0498003349699886 0.0730491283915633 -0.0865581544503019
0.0201250196600867 0.0288178711793204 -0.275329567335552 -0.483341087730235
0.0336317460092781 -0.005604580397515 -0.818463727540884 -0.000711961553280462
0.0213382252501398 -0.0275911822046611 -0.394440634124867 0.723764153323858
0.0309072342083051 0.0112437292210455 0.392025164497986 0.546410942921886
0.0228400966348553 0.0398605466108458 0.479176654800507 0.0127438314885712
0.0138001598258285 0.0160306055063298 0.260398293736422 -0.198925224562381
0.00204464839249169 -0.00577147969594852 -0.0253262599534795 -0.21572666553284
-0.00278724418310082 0.00220639366530971 -0.043816653501057 0.123404877726144
-0.0105619247564527 0.0448709037381073 -0.245625752378371 -0.0377842981346574
0.00121705811412689 0.0345586892153791 -0.285893771320273 -0.370619710268004
0.0267120255555744 -0.0228046724252741 0.218908100021491 -0.599512746842023
0.0420955619230024 -0.0300681057586537 0.796373011499649 -0.0852410013951981
0.0476840233569593 0.0391956233919659 0.567535601794391 0.575658918026565
-0.0028641175277434 0.0855898897146878 0.0679557790253638 0.517699530397223
-0.021011521599168 0.0944972635772914 0.0707036011852231 -0.0595458972067089
0.0358314579015223 0.0611313858372872 -0.227571490978482 -0.495676788875242
0.0572437758545524 -0.00788436265009326 -0.815854727640051 -0.11422588555687
0.0310759381898089 -0.0466747175281432 -0.496099968046468 0.665011557681797
0.0390332828651118 0.00422168319404818 0.316515396784403 0.603049365298724
0.0304892241733955 0.0531418682452263 0.481174174650376 0.0796733881124109
0.0108161856468073 0.0262148874424187 0.278029377996796 -0.16825550445547
0.00210004486545865 -0.00866814890944419 -0.0168599708099398 -0.206033811897839
-0.00376369866518741 0.000287846344293511 -0.0393336656560378 0.129788994663355
-0.010530066345307 0.0470740958947741 -0.247782505846785 -0.00287159386928996
0.00609707796460269 0.0424403887574508 -0.341637482771754 -0.30720954273652
0.0297639578974549 -0.0257760738599054 0.0765298367622081 -0.622670305777312
0.0474636631663659 -0.043047382659609 0.731218027295437 -0.270507392502606
0.0721129003708153 0.0322800542578097 0.667620810390581 0.430985934642966
0.0125208237249074 0.106894176358298 0.140415380012643 0.521938155629866
-0.0237869786991577 0.126331754914082 0.0673768050095055 -0.0156593351236169
0.0373377310203796 0.0930156107979899 -0.152169844205776 -0.500921618812351
0.0705398722344007 0.00470168283573727 -0.786301518349834 -0.280503326643555
0.0410554448385907 -0.054798361492471 -0.642234549419872 0.543756524221674
0.0412527853829897 -0.00128228977657249 0.186643405510424 0.66508804112186
0.0338762165362355 0.0617538038950328 0.468195072199964 0.1731450134346
0.00891704905910463 0.0344180734106818 0.301664868632269 -0.121414370419649
0.00377932554109637 -0.010226926569449 -0.004019820657543 -0.19511616063615
-0.00198074858657982 -0.00304112625390956 -0.0298520013353354 0.139851580756247
-0.0098116152307484 0.0433030647335696 -0.241812224904383 0.0385138556940253
0.00546508219292972 0.0439927442572761 -0.386629838563819 -0.222898624607979
0.0256713639906743 -0.025477544691242 -0.0794557714909813 -0.611534925613539
0.0412857273573741 -0.052082754711539 0.613345143287226 -0.443492680084116
0.0832086375472333 0.0130694666123385 0.73537880412936 0.250736357046899
0.0302394443638197 0.108776588197667 0.222247132664222 0.514414785136129
-0.0267166605392168 0.13938655355127 0.0632306711233454 0.0377302648788597
0.0241998672889987 0.115624338458841 -0.0686120564310785 -0.48849621684598
0.0719711364027958 0.028455635573782 -0.707541578738666 -0.461698154768754
0.0483901768210321 -0.0492053765772047 -0.780961300892628 0.361403283552577
0.0384336626427818 -0.00326400417745211 0.015177684410229 0.702967183362467
0.0303249016624693 0.0641329040546067 0.433245272749337 0.276677142499346
0.00705045561365132 0.038019540573564 0.324022261292275 -0.0680301787091821
0.00560776635055109 -0.00941559679400581 0.0105447634269934 -0.185569515235135
0.00526764183893436 0.00493823293067967 -0.0190740265155431 0.125783840006704
0.00351652064253851 -0.0114990798105712 -0.240190894896275 0.00585756844785029
-0.0400382753843388 -0.0284828938277017 -0.332156157445112 -0.306057003695809
-0.034932135734448 0.00331715831603839 0.107032252214248 -0.617185468748375
-0.0469429748320919 0.020610707445603 0.742676366211567 -0.21928238485384
-0.0555169983249263 -0.0189289515039913 0.639406668048532 0.480238136179631
-0.0155385753578924 -0.0911899740519217 0.117917893204655 0.541861066125339
-0.00636038892051768 -0.112299994683224 0.0704502788140978 0.00040099691029798
-0.0538910602139052 -0.0766886865257757 -0.175456798848426 -0.480020420664917
-0.0622143443577572 0.0311431305946178 -0.806465086659769 -0.209553023705385
-0.0257918011861143 0.0497025510236669 -0.613689450355102 0.600805046735823
-0.0261548551906294 0.0271297386539167 0.230699920283428 0.652487395606288
-0.0254919548541172 -0.0181352307239261 0.487910541698393 0.122560070385009
0.0199019086221581 -0.0204646016888203 0.30858637001513 -0.158976290523883
0.0110930124494644 0.00688204412236471 -0.00822910838122114 -0.21374408110867
0.00434755598932278 0.00458631591758923 -0.0269399322510242 0.121522314707903
0.00120771185416348 -0.00375925973110064 -0.238845851575038 -0.0276887562406706
-0.0306904606937867 -0.0227602936401753 -0.281511242222832 -0.366688257027149
-0.0244535320930446 -0.00170089640379528 0.236548766564858 -0.589991501047326
-0.0346991399639122 0.00523945350430198 0.798812634924441 -0.0493608120476808
-0.0394110857479828 -0.0263651433162149 0.547638796691561 0.608786892985185
-0.00359221409593796 -0.0794441574634717 0.0535761431164274 0.532188801512009
-0.00756960213091657 -0.0870333149506465 0.0728643433207588 -0.0443787298090724
-0.0461817807089001 -0.0525730529140818 -0.24268705943421 -0.475120693987177
-0.0423630463635687 0.0317136753597382 -0.82554687449688 -0.0641720072579764
-0.0114809660710467 0.0385036406407941 -0.473550209820487 0.694968164880822
-0.0114143841101044 0.0253717035500311 0.344629698512689 0.584601011028859
-0.0134192111048679 -0.00597889053190428 0.49284547121674 0.040364411859849
0.02041795727488 -0.0118862200002801 0.282817227956113 -0.196682517303478
0.00751137151717801 0.00526238172047351 -0.0203453580868104 -0.219759365361921
0.00353605204387177 0.00296842880597138 -0.0344682674126252 0.120301561975323
-0.00146727139622368 0.00894277647114957 -0.237425314853157 -0.0505775478067914
-0.0212890690269771 -0.00976841701818868 -0.242872129858373 -0.400961263828542
-0.0110034171229493 -0.00731473344623274 0.320400251356081 -0.559077895777326
-0.0165841437805285 -0.00626929852877495 0.818029315416632 0.0703474173643929
-0.0201591894841445 -0.0159252395625017 0.471982146346983 0.681889530977741
-0.000541868044352418 -0.0476064640541972 0.0152644649279423 0.516407882435471
-0.0101390939852909 -0.0479478962816786 0.0728757954922775 -0.0786785772828142
-0.0281251956945257 -0.026552330346232 -0.28719301523003 -0.466154507584523
-0.0171977816095353 0.0225158090449429 -0.822626861036338 0.0322904414197254
0.000447793386081318 0.0196949429935278 -0.374618896732177 0.742478962971895
0.00475195924331263 0.0219613523364405 0.408332787479941 0.531085081641433
-0.00036079783941251 0.00794202473141179 0.48645706123321 -0.0149645037177719
0.0197844994757446 -0.00262220214211555 0.261733667106552 -0.217369641158907
0.00404696283613323 0.00219010349779197 -0.0289760317789585 -0.223642182566338
0.00072969107204618 0.00295569190288118 -0.040143165733103 0.120156505259731
-0.00492425985551706 0.0232513734997359 -0.238009679980536 -0.0606661396118349
-0.0116011235275452 0.00589216838631416 -0.229934676492158 -0.415227053213651
0.00340063889570818 -0.0131764451113321 0.344304359346275 -0.548409984439914
0.00530481420210848 -0.0134113561951261 0.825451674548185 0.102782150497932
-0.000649353885276309 0.00554635948522807 0.452337160317776 0.697878296139336
-0.00419105335970973 -0.00190442346007712 0.00758070411335633 0.509037140859907
-0.0130674584330238 0.000102500661715904 0.0732173150690963 -0.0946171957374283
-0.00317786774316774 -0.000598234910302693 -0.3032021215472 -0.468682665432728
0.0087012931985763 0.00690911785207507 -0.821506574412515 0.0599986593837362
0.0117589423724764 -0.00390323016282769 -0.34043604768472 0.753128014878854
0.0197796520955814 0.0164427899809807 0.429441921041677 0.514446948376706
0.0131644580400871 0.0242168179413724 0.482643255971543 -0.0265886157241223
0.0175085159355854 0.00640718580560258 0.251766483299694 -0.221169122013223
0.00166143893053995 -0.00182558150754398 -0.0324833346512824 -0.222766503788158
-0.00182082127216527 0.00370943406805731 -0.0431201664440778 0.121952819959799
-0.00781442520797917 0.0364367550940434 -0.242791234806503 -0.054082332381658
-0.00367196509309488 0.0216795487867782 -0.249888711500666 -0.404351788824764
0.0161718582043296 -0.0185560729111952 0.306440168756561 -0.568890240589535
0.0259997372881142 -0.0205796753141711 0.821917558780226 0.0411264451616144
0.0225129972282445 0.0275732728085026 0.494702844228909 0.660913773552779
-0.00866094279965535 0.0456147781702132 0.0288150906651717 0.509855530278456
-0.0167204517322528 0.0508155566931341 0.0716420222652426 -0.0883680548792866
0.0210960011000499 0.0289648022629906 -0.286799937674889 -0.479637619274492
0.034678840030023 -0.00629402743100153 -0.822254069560632 0.0163066329100674
0.0207495796084603 -0.0274195179776829 -0.381427359142816 0.735563749432481
0.031101063678356 0.0104456836233573 0.403911107486033 0.538577016505467
0.0242610435012527 0.0393055827592257 0.481381670420495 0.00220073790532998
0.0140440928876695 0.0156309178027427 0.257914280289238 -0.206148395941497
0.00148186307148631 -0.0064598230909578 -0.030235566337797 -0.217111756712339
-0.00382743042333139 0.00250119284741516 -0.0419486115383845 0.125364831378232
-0.010156097712848 0.0454710639774932 -0.24811184780316 -0.0324379499491904
0.00224099535986737 0.0350813583364613 -0.295132290831492 -0.366514000349033
0.025760844825159 -0.0232687339987055 0.207784837192964 -0.605220252528575
0.0418515005878559 -0.0313675719006643 0.799285333042371 -0.101813710118133
0.0490244498506382 0.0384263079721797 0.582010348052998 0.56782291458792
-0.00225214255328452 0.0852835985879365 0.0788542214797089 0.516864652637569
-0.0190713204699133 0.0962456869693206 0.0685995117758191 -0.0617504669010425
0.0370406156817391 0.06101733164142 -0.235558333302306 -0.494012360712429
0.0568856306705793 -0.00939824636185826 -0.8202276067535 -0.0981352693436405
0.0298520160989499 -0.0474488131557852 -0.485441531192453 0.676906171842146
0.0383082858289906 0.00293269634461578 0.331067549999491 0.598984474341863
0.0324781783883162 0.053164188860562 0.48713308497347 0.0707654659518802
0.0116038725843301 0.0259060220742246 0.276500730260292 -0.174995837191761
0.00183786635530399 -0.00886804206741448 -0.0210979937801665 -0.206954505443106
-0.00433188169007667 0.000250544853954309 -0.0365562307882638 0.131214197767336
-0.0099046648961485 0.0471629014102865 -0.248545274499101 0.00268558542649395
0.00631234884103525 0.0426621610956546 -0.34899604634452 -0.301207150527058
0.0289104477264759 -0.0259906793114237 0.0634405378113604 -0.628466131546631
0.0474673291039467 -0.0442536669851943 0.728304795162151 -0.288300625905184
0.0726185316971249 0.0306375358539464 0.676863022196564 0.419386138954315
0.0138530988091987 0.10748115725714 0.150428464053875 0.520264338536944
-0.0220958276212849 0.127537218705437 0.0668701949287508 -0.0164242468076529
0.039068818006381 0.0920524222757181 -0.162101656039073 -0.500173157019046
0.0714278576589484 0.00357095955281398 -0.794505880797796 -0.265771162625499
0.0408051302895268 -0.0558151850551203 -0.633412570894944 0.560281276821334
0.0410334199445424 -0.000994271978857864 0.201015915373479 0.664745739422578
0.035694701024313 0.0619661910912401 0.475553530334846 0.163601110851646
0.00871569755999275 0.0336965626387766 0.300766410177578 -0.129914337813104
0.00271974683999358 -0.00986622259010463 -0.00753665182411936 -0.196685591291865
-0.00288947734251506 -0.00202924510055291 -0.0275433566999165 0.140771389313021
-0.00880453439122371 0.0434300291323113 -0.242466889561067 0.044709652214172
0.00646973691819343 0.0437189090100405 -0.394168726886774 -0.214878194730832
0.0245248872416716 -0.0267115595928194 -0.0925941594354446 -0.611382810224082
0.0407413583124545 -0.053585724269341 0.605664780554273 -0.459748867136527
0.083857385925865 0.0121024045410747 0.743112294068154 0.238645771754455
0.032346264936248 0.10769444688262 0.232381595328504 0.511641925405208
-0.0241758292419925 0.139589570222658 0.0649535625605986 0.035038471853373
0.0265037108561543 0.115386857820182 -0.0791346044538279 -0.489105339870538
0.0732998055273126 0.02669369481163 -0.719745327380347 -0.449457630740145
0.047181280801267 -0.0504408834603597 -0.777806634404217 0.380976781010059
0.0386553057276655 -0.00436829892298487 0.0299939775488972 0.70652865174133
0.0325881722799346 0.0640411429003333 0.440785748869785 0.269138605450468
0.00706149108446498 0.0381499564915293 0.323868159725526 -0.0755357161814722
0.00437251760384489 -0.0100651301268832 0.00641200756853507 -0.188158965985368
0.00594004863899436 0.00419314113905035 -0.0166825850041634 0.126566853690432
0.00283064476508123 -0.012307710054001 -0.240600106261739 0.011282325494288
-0.0410525623551713 -0.0290682907483008 -0.338628497281576 -0.30042003033777
-0.0352196003344581 0.00395506821786938 0.0931049351468764 -0.619002149434973
-0.0463797529758686 0.0221900164783544 0.738851785845558 -0.233898017671156
-0.0556216239992312 -0.0180263841326161 0.64988561593375 0.469618910544897
-0.0170192346572491 -0.09194390259643 0.128090815727226 0.538465662026174
-0.00765803875266564 -0.11204489778197 0.0706169469973238 -0.00161327896546475
-0.0556016622046002 -0.0765646357972539 -0.185720646843311 -0.475521139843923
-0.0611122766658403 0.0323916759380525 -0.811990923321126 -0.193075726354575
-0.0257059962507676 0.0500709388911287 -0.601277535967971 0.614511340735317
-0.0247549424375881 0.0276571085520194 0.245850659877589 0.648818734746335
-0.0254967942854289 -0.0179118768948278 0.491690211636815 0.112385347159492
0.0197863531914442 -0.0207831218522696 0.305760855958844 -0.166746236665043
0.0110372298978759 0.00608579937730001 -0.0130538681741534 -0.214588991499
0.00473533513938077 0.00424939062335144 -0.0245045089904928 0.123056043851388
0.00120379289650588 -0.00406951454556175 -0.2390314038045 -0.0225485340709183
-0.0313661794880113 -0.0219242710231895 -0.289208748201075 -0.361266906857382
-0.0241178418174568 -0.00176100025794784 0.224111585899545 -0.597519146168473
-0.0354273327432693 0.00631153872862922 0.796808200692341 -0.0668989743516435
-0.040488810463509 -0.0247669150211467 0.561178932749829 0.597501225248249
-0.00486468732260963 -0.079380996587791 0.0649956198525531 0.530903199914261
-0.0096068737268544 -0.0864946248710799 0.0720784702183551 -0.0465261360597799
-0.0476557022083771 -0.0518574407775317 -0.253994463677372 -0.469177594021848
-0.0411995644620305 0.0332514098547221 -0.827330894738983 -0.0461463193165757
-0.0108647942897484 0.0390875402657211 -0.458982943033765 0.708241018043138
-0.0106055795522543 0.0252171460598012 0.357929474331252 0.579092730127194
-0.0135828525119754 -0.00563334645464132 0.493873674765156 0.0271435590896596
0.0211159934338344 -0.0124198726195572 0.278994640195194 -0.204368346286883
0.00730692980585541 0.00492389463306829 -0.0246244795677431 -0.219931256300218
0.00315102028088576 0.00292115952865953 -0.0329354745256846 0.12211764480942
-0.00157207934087819 0.00850426097147438 -0.238270340979894 -0.045485212435545
-0.0210260463337238 -0.00968735097855636 -0.25220112939889 -0.39629194226468
-0.0112143040077185 -0.00649210496026694 0.308382205919445 -0.566113320123325
-0.0162266265046835 -0.00607800948017219 0.821486494406487 0.0527248464121082
-0.0208206828244924 -0.0144947394799608 0.487882669663432 0.669273913035187
-0.00145734709589258 -0.0480792823613657 0.0257917399170445 0.517012061369682
-0.0109805946922305 -0.0481765760942067 0.07119911038488 -0.0801799896433941
-0.0289279874834239 -0.0260401468234933 -0.296750551734708 -0.462883422441024
-0.0166836122356267 0.0228118127516419 -0.823022336590234 0.0509304203200544
0.00136038549959645 0.0198571111941824 -0.35897299643321 0.752920678105181
0.00530064370284436 0.0219194262412908 0.421904485449299 0.522932977561242
-0.000278653492554106 0.00851187539321416 0.486501376366272 -0.0255544166481039
0.0194571163492035 -0.00338769026928509 0.257540318837062 -0.223656154208189
0.00436874797580661 0.00178344993212448 -0.0332152087829365 -0.223338425655258
0.000446189409297631 0.00355019665904977 -0.038310187408603 0.122665633574828
-0.0042902965031102 0.0228288449467691 -0.240217856415215 -0.0554051570810384
-0.0115375136875989 0.00593682863339161 -0.237547041984398 -0.411580928990179
0.00325870692268439 -0.0126663452008652 0.332363746794468 -0.556820299397306
0.00502157747727053 -0.0135881141770101 0.825969546892997 0.0848788829749529
0.000528598524693752 0.00607139020501447 0.468329139903375 0.687588334553063
-0.00535999982757269 -0.00254862705571835 0.0181538374981741 0.507027371420317
-0.013025761304014 4.52147499106223E-05 0.07060988626441 -0.0963729134355346
-0.00365086370728974 2.58410326565549E-05 -0.312433837665101 -0.462232821702901
0.00875311448035624 0.00666382645083831 -0.820259493671725 0.078161360507499
0.0117004287653597 -0.00440730080763604 -0.324600983494732 0.763307654796415
0.019551595221011 0.0157404423735879 0.43987040453837 0.503972568605891
0.0133192081035462 0.0242324866219613 0.481381111131733 -0.0386062195876822
0.0165498462472134 0.0058340442489871 0.247541717670421 -0.227721617081248
0.00189910089468364 -0.00244029660798847 -0.0381293764763628 -0.222756342561549
-0.00202214434794095 0.00366857418419959 -0.0411046960451129 0.123655429412362
-0.0081094633303222 0.0361535483368698 -0.24401480702302 -0.0489177062455344
-0.00330257127965404 0.0213321517536923 -0.259387439885471 -0.399623289093682
0.0162509642575388 -0.0189684427784745 0.293694406648911 -0.576854353867402
0.0260880031751753 -0.0215560848061586 0.823902292454441 0.0233334575096555
0.0232019463181944 0.0272762552744342 0.508985982225369 0.651575146721433
-0.00811920963504092 0.0454034194680683 0.0369006193948698 0.50952525230562
-0.0154183106568438 0.05018559279836 0.0696195533133427 -0.0905696368717877
0.0214927876336345 0.0285808922265029 -0.296439372898811 -0.472556679313743
0.0336541366332901 -0.00721913385074524 -0.824297065326831 0.0335163724416533
0.0202407962434595 -0.0282130782436992 -0.364886087518621 0.745272807695329
0.0317936186080383 0.00990905189985215 0.415943165745917 0.530275025778637
0.0251048357890193 0.0391761674078523 0.482750499801189 -0.00897784873826612
0.0140262189785019 0.0152965420673137 0.253648519287122 -0.213423044963094
0.00209872665845705 -0.00630268442566803 -0.0341814539401909 -0.217985547349911
-0.00483147145921867 0.00288851879526731 -0.0401355709430118 0.127122596600157
-0.00933510783841546 0.045095421549214 -0.249466055759247 -0.0257617801078433
0.00375925548099901 0.0352189216151972 -0.303990706890229 -0.36125116938386
0.0247258846018512 -0.0244308722977681 0.193281255802636 -0.611201910494409
0.0415071932848376 -0.032499942893986 0.798168077361033 -0.119639109881678
0.0497467490017716 0.0374333794428725 0.595539564559707 0.555903696466288
-0.00062305538834586 0.0855804611169781 0.0907308625757287 0.515717622414909
-0.0171413071193562 0.0957577945324701 0.0682382909970333 -0.0627568555930126
0.0383849818890802 0.0607229771698617 -0.2457718625299 -0.487546375419142
0.0567129776560306 -0.0101752825697897 -0.823828283257314 -0.0805264878496227
0.0292015404378347 -0.0475354853988594 -0.470043795352764 0.688587997983339
0.0388719932511806 0.00284518211393136 0.344619249568812 0.591869702787571
0.0336792244307395 0.0524279999245755 0.487429531336319 0.0563736096794361
0.0109815244257576 0.0247500979111971 0.272009610280061 -0.182254224417454
0.00147881735326297 -0.00853216422661362 -0.0261780293066281 -0.207142478419073
-0.0048258745846713 0.00151178545862958 -0.0345505615086444 0.132795441440197
-0.00932196751816064 0.0477296193110033 -0.249763251137798 0.00788410640509799
0.00756470065419456 0.0426054643121481 -0.357973804060431 -0.294174166802764
0.0286688299388134 -0.0267976823078546 0.0478213750959319 -0.630159220392078
0.0458444628518686 -0.0453446313888989 0.721919739805483 -0.302807697845356
0.073517259850802 0.0291774068856278 0.687939920489403 0.406689120438353
0.0153162366756481 0.107117484790722 0.161609098465965 0.518029178709022
-0.0194442988542061 0.127967952658233 0.067037637272232 -0.0185051535058722
0.0409115929678344 0.0916168802603614 -0.173003719643493 -0.498461888772051
0.0715763798417847 0.0014107756533587 -0.801294971955494 -0.247649762930807
0.0392419573590988 -0.056476934138086 -0.622129624505689 0.57577295601734
0.0419887662906582 -0.00269108538754665 0.216418587233912 0.660856792924958
0.0374736798098057 0.0604228172356985 0.478036070735623 0.154832231146515
0.00971559097995402 0.0336808897020071 0.298391279526935 -0.136852453927243
0.00291734134621986 -0.0101616634659722 -0.0119067036738005 -0.197799510400532
-0.00344055201368486 -0.00230226307525599 -0.0258045374354608 0.142027150244668
-0.00838483900504777 0.0438296564475475 -0.243683277623898 0.0503529351477543
0.00764600849142507 0.0441920894427095 -0.399093806647234 -0.206846038347921
0.0239004643278822 -0.0260653990653069 -0.106640915916535 -0.609627415397365
0.0389400318697423 -0.0545064126199496 0.597147925837167 -0.47274913264105
0.0845750512920944 0.00989397910659665 0.749801721555045 0.222818545252298
0.034085211088513 0.107067047290926 0.244987029780082 0.505698163517867
-0.0214532195243669 0.140955134042994 0.0656908863318246 0.0358131281962838
0.0289784680580704 0.115219454236521 -0.0869762276201618 -0.487344420973407
0.0733874692939998 0.0251068670411249 -0.730688072594507 -0.435559025191531
0.0469688824067859 -0.051043073871744 -0.768748440003516 0.398320066155669
0.038525149640584 -0.00522934764664905 0.0442518803312664 0.705946923699114
0.0348858141557715 0.0634287301599782 0.447559867643477 0.260699340319534
0.00795734137402964 0.0374654522951683 0.323184046990751 -0.0840248302496695
0.00420267517201932 -0.00968119609116402 0.00275076198664741 -0.18823485387458
0.0047335070853158 0.00383363444132709 -0.0146242173905328 0.125962931818541
0.00262565823770582 -0.0125917987112664 -0.240107387301466 0.0161101179106717
-0.0414902171683352 -0.0272273109505902 -0.344885299672973 -0.292155244627623
-0.035780757434517 0.00532803271705427 0.0804244593867169 -0.620825834606496
-0.0457193485620083 0.0235153945751337 0.732238319412921 -0.249116904630516
-0.056392601920532 -0.0160208667435634 0.658428185489903 0.45508265287361
-0.0187760104195829 -0.0924833958848493 0.138690483913477 0.535255771136073
-0.0101881388453826 -0.111945357966505 0.071093484500071 -0.00244815191387311
-0.0564665662522871 -0.0746022148279348 -0.194365236465863 -0.470753656724255
-0.059995142906287 0.0333787174085567 -0.815014808636892 -0.175630688278264
-0.0234828600266986 0.0500026083191856 -0.586932430872577 0.627671819297851
-0.0248582653741439 0.0280783222811977 0.26007975762393 0.64161321665701
-0.0259078349946943 -0.0167405350972386 0.492509541955503 0.0997198876446711
0.0187240709623343 -0.0209400509667331 0.302559040190095 -0.173212258755632
0.0105056737393456 0.00616154048591436 -0.0164359929685077 -0.214182266593981
0.00420248379426165 0.00401010725063146 -0.0226258434347947 0.123626589764394
0.00139904645312234 -0.00461082343484204 -0.240521130780205 -0.0168361644991983
-0.031438413554416 -0.0210789904635128 -0.295572924153322 -0.353623399797308
-0.0243551066652601 -0.000551228824057877 0.210077626112026 -0.59916493097123
-0.0343512313160542 0.0068609617155612 0.796386240636499 -0.0819828096484255
-0.0404692678009858 -0.0232491652630163 0.571638097448808 0.583340038591723
-0.00642504143978165 -0.0800177011910105 0.0756254580466275 0.526814225331024
-0.0110566236191982 -0.0870135352513385 0.0709285416028215 -0.0482226903612882
-0.0484514684131884 -0.0510816502596547 -0.261315735081447 -0.463782808029595
-0.0393171289147284 0.0338124247530137 -0.828548176057476 -0.0266850343805156
-0.00975831026780771 0.0393880030604997 -0.442694094201289 0.716313249165206
-0.0100505320843655 0.0258656824704126 0.371017975852555 0.568939739353696
-0.0138472836113404 -0.00561969989062729 0.493516565634688 0.0146421536739398
0.0201918689420035 -0.0131553501657486 0.274740350052276 -0.210332222028315
0.00702094244355108 0.0055246830763943 -0.0291777410320522 -0.219069077200023
0.00237516608637255 0.00265756707009173 -0.0303515584570907 0.122946932698202
-0.000359508112989379 0.00803196245292958 -0.238785811104759 -0.0399225987649497
-0.0205320666126219 -0.00916813663283776 -0.259593706087992 -0.391753522761827
-0.0117189266642914 -0.00692564716759807 0.294902972665137 -0.570684217598932
-0.0168325825010287 -0.00544109405736671 0.819801665872116 0.0354790901550906
-0.0202678916721904 -0.0143443770112309 0.500098868376211 0.659099064808965
-0.00240030963258185 -0.0478809676662982 0.0372164157828574 0.513390576368982
-0.0116311160958297 -0.0484655331297477 0.0698683666589646 -0.0817471842136162
-0.0291057809444696 -0.0254321890190409 -0.304317813908589 -0.453837207286243
-0.0156693732809546 0.0227662794806499 -0.821482182914037 0.0679735691025321
0.00146864491756069 0.0194377398686799 -0.343113169585128 0.759686584725666
0.00530435529948064 0.0212174146052675 0.432751993534338 0.510229583932412
0.000892843748567219 0.0088513512196776 0.483909089814149 -0.0379671370449302
0.0195570243046535 -0.00376359781525039 0.251358667366133 -0.229948975624611
0.0045599758750455 0.00136194899623493 -0.0391987169463759 -0.222498236211457
-7.88633548965577E-05 0.0032297131159868 -0.0353338925521518 0.123180032059896
-0.00486139077128398 0.0227468584699164 -0.239914290983317 -0.0491520648936119
-0.0117341472210564 0.00666084355448657 -0.246734314125095 -0.404748688678557
0.00284678824873591 -0.0127579477259533 0.319320699724101 -0.562969971526855
0.00471723481137909 -0.0137687352624024 0.825283199029922 0.0664271771727694
0.000399367345089696 0.00672572118679768 0.478820047562107 0.676305038512313
-0.00559931154199649 -0.00301203776282462 0.0278457095838273 0.50703884331209
-0.0134830625204454 0.000252919166159348 0.0689782491353477 -0.0973664553609003
-0.00404073890920314 0.000451589701103248 -0.320261128507231 -0.455297901177513
0.00973659182246147 0.00626932714112883 -0.815832464887648 0.0955348132545022
0.010912905352808 -0.00384765477887131 -0.306779253567275 0.768578001609898
0.0200099695007219 0.0155900964035698 0.451929833425293 0.495107345667816
0.0138204355009161 0.0238317393505665 0.480500533206506 -0.0499336507163928
0.0172020576642463 0.00518069598965765 0.242258127845674 -0.233174518833213
0.00235695826230345 -0.00270287058253526 -0.0419022858825572 -0.222283692126013
-0.00221318161106226 0.00324715622099377 -0.0394212085276198 0.124394814890855
-0.0076355787246706 0.0359081197564478 -0.244971132407676 -0.0429892340172362
-0.00313502337690836 0.0228672317596957 -0.267376297952377 -0.394310970445013
0.0154667975495644 -0.0186754522693447 0.280781265673708 -0.581519406983333
0.0254672405871559 -0.0218976670582873 0.822802675402075 0.00754563729317929
0.0246771527216577 0.0268687927402928 0.520959192027593 0.640017271685152
-0.00684996371561108 0.0449915963158632 0.0493316826417558 0.507249060001477
-0.0144569536316527 0.0510290921256967 0.0686049995306347 -0.0920392562585566
0.0223738147880951 0.0280513577068492 -0.304788223124837 -0.466045989690896
0.0343820700060841 -0.0079507945924887 -0.819923269194851 0.0510216147330987
0.0193240347657391 -0.0288368757337006 -0.348318066368444 0.753323049615389
0.0322337663461513 0.00887334116395019 0.4270765518502 0.519167445471697
0.0260797270960923 0.039128961005648 0.482252024307526 -0.0196234634410747
0.0137643539136898 0.0151316462159826 0.248895647256562 -0.218592666050837
0.00129677910847897 -0.00596854338040238 -0.0388827401773779 -0.216438043369507
-0.00430197900743181 0.00264427024437123 -0.0379934060304441 0.127957199836192
-0.00853569630791806 0.044683554636991 -0.249885181468692 -0.0203350830904973
0.00404469024779493 0.0354009779500745 -0.31206780830161 -0.352830472022804
0.0249435149841831 -0.0240771981159239 0.181087351307945 -0.614339884866169
0.0405682631172272 -0.0326763989462953 0.795013203672444 -0.134798250532763
0.0508982641606928 0.0360699624705444 0.60451725539265 0.541461131010944
-2.68705039848296E-05 0.0848545831454068 0.0983494560800521 0.511884100880941
-0.0159060744533324 0.095636237602417 0.0668247081924342 -0.064422833306826
0.0400025568035172 0.0587837682291947 -0.25573051172866 -0.481590975697065
0.0562670055648817 -0.0110912228190817 -0.82332408719439 -0.0615125852818527
0.0279720309435709 -0.0480896188091036 -0.455014609521925 0.698383606290883
0.0390822675091342 0.00231172208340828 0.358019645741567 0.584348568473397
0.0348138880794932 0.0517575683128263 0.488480535945713 0.0473523382206926
0.0117010569393862 0.0252174576629955 0.268584070945349 -0.188271669133542
0.00166878132401751 -0.0088624473327408 -0.030495798551987 -0.20700674209768
-0.00525639644852476 0.00112946053420381 -0.032758541409525 0.13447920551895
-0.00884180241468505 0.0469156611334186 -0.248944713658763 0.014985488823148
0.00839520947818296 0.0427336191327599 -0.36383534901218 -0.285776705771377
0.0280116538190612 -0.0272985049279796 0.0348424682350624 -0.629628058528394
0.0448999876946 -0.0465155895293212 0.713610660608356 -0.317123274536956
0.0735558462344273 0.0278972329489938 0.694844580492345 0.390171402524513
0.0182722892612903 0.105999748527812 0.171539948103731 0.512988917014972
-0.016791783725545 0.127213514505258 0.0669265168649417 -0.0193070403995033
0.042675761500837 0.0907656558117475 -0.181756784022254 -0.490955604704512
0.0719455397730992 0.000329355908208904 -0.804687048484952 -0.231935383507979
0.0376140544049338 -0.0570050652188403 -0.60860211910923 0.58864704070093
0.0419389689997539 -0.00314753380141532 0.228663224904738 0.65416396581072
0.0390999753634554 0.060165541941585 0.482111771766881 0.144043026228889
0.00953514606914112 0.0330860627454124 0.295672925932629 -0.143573331919867
0.00213415398201118 -0.0106807088629341 -0.0166453927642684 -0.197553539010737
-0.00405436140199692 -0.0021010480724008 -0.0226950996965638 0.142953451893029
-0.00745632548552862 0.043483258419748 -0.242745919259553 0.0557003851441491
0.00877077457442318 0.0442179864819525 -0.404509560754491 -0.197119467406988
0.0230744913490543 -0.0263762966561365 -0.118646395137778 -0.606689269258013
0.0376572895104325 -0.0548487663034042 0.586407155924208 -0.484753262073087
0.0838944273208833 0.00772444106862532 0.751428004731827 0.207087325534088
0.0345160604639243 0.104958352136353 0.252349323671022 0.50099999821509
-0.0179649438535854 0.139835307768095 0.0670444282740439 0.0330005478773294
0.0314416479572624 0.115032754510133 -0.0971997718931616 -0.484143439650503
0.0741735433993666 0.0231260717626115 -0.738028891509753 -0.41779162625535
0.0456714815359129 -0.0517368344376619 -0.759988666713922 0.413872828335239
0.0381321359365759 -0.00619037858205364 0.0603982877685408 0.704216085671993
0.0357094974136596 0.0626760299398109 0.453574913655182 0.248782421446676
0.00872641462792206 0.0369081476614391 0.320865110886153 -0.0905196723070102
0.00301985890304231 -0.00965687774072742 -0.000621023378287159 -0.189555827748139
0.00497789126544032 0.0033911108338969 -0.0132307221644568 0.12631276272706
0.00253055797645343 -0.012998386677078 -0.238229118011793 0.0212785912216899
-0.0408837215252161 -0.0273943724039334 -0.349897815367694 -0.284368468774207
-0.0353563528667179 0.00591210665740174 0.068030211184808 -0.618699137368941
-0.0453037837226883 0.0235735709926973 0.725185695071617 -0.261774369439099
-0.0560437138101281 -0.01509625685836 0.662879022924025 0.439763427615942
-0.0208926223385808 -0.0908539222423875 0.150297493756 0.528247922473149
-0.0116431301364496 -0.110663818105661 0.0704452219506396 -0.00354237592272182
-0.0573677985307351 -0.0728693783271518 -0.202521118768442 -0.463591869836581
-0.0585396962053802 0.0351931433083535 -0.813501475250631 -0.158840588209389
-0.0225875576462605 0.0514135571755838 -0.571173065380704 0.635174792469469
-0.0241862984809801 0.028278038128939 0.272030288156733 0.633627865657824
-0.0260831127061327 -0.0161758102074809 0.491609211888804 0.0887116576392056
0.0185619771088801 -0.0214133677786634 0.297810010085086 -0.179757740442618
0.0108608908915963 0.00560408168247673 -0.0208258515071934 -0.213403339080478
0.00425128493739615 0.00249102681210278 -0.0206288455802257 0.124053887627164
0.000584518902923811 -0.00516546642131451 -0.238606837431185 -0.011529818656205
-0.0319598065717402 -0.0197527529871311 -0.303495897685038 -0.347054111508648
-0.0246555131958532 0.000277711405615801 0.196592247621803 -0.60080459699222
-0.0338657853354156 0.00746178124125195 0.789637881752911 -0.0987394047613976
-0.0403026755672108 -0.0226304095513901 0.578876071479736 0.569123195326231
-0.00825416894210141 -0.0801841914811995 0.085250149744347 0.521450458925635
-0.0120321632973146 -0.0864247475307939 0.0690274236606954 -0.0490896089379131
-0.0490027535254875 -0.0491268760239517 -0.268303415495141 -0.455969973922565
-0.0386102013109134 0.0345311955189001 -0.822727081130701 -0.0106931327522389
-0.00950119213539721 0.039001833030885 -0.425854130318115 0.721039652860634
-0.00886885730158292 0.0251407557121859 0.381005594248635 0.557353057825455
-0.0129556378726455 -0.004681039277649 0.490650865445663 0.00386633342179092
0.0206810991054107 -0.0135219539444681 0.268772496256982 -0.215635830609075
0.00736915491067163 0.00486147327601946 -0.0334828344152156 -0.218230345772886
0.00193164110485512 0.00248924525826965 -0.028726431198514 0.122912777272825
-0.00153001306684372 0.00796616199150047 -0.23823083558932 -0.034503781336926
-0.0208860781293308 -0.00827533139766696 -0.265814098431495 -0.384658777877558
-0.0112679683065909 -0.00598202812010146 0.281609509783353 -0.575336193491935
-0.0166453470701107 -0.0052764601360726 0.816566291625173 0.0177033926433338
-0.020202910396454 -0.0135450806145321 0.508979251989645 0.646826843771141
-0.00407397397572733 -0.0481565796220519 0.0459821078754062 0.508595449777742
-0.0127117126200767 -0.0482474276439343 0.0685531511167511 -0.0828034135210029
-0.0294089778520064 -0.0245166875764974 -0.311179883584066 -0.446509300716585
-0.0145515913145535 0.0234402643109633 -0.814149181703065 0.0839470440221042
0.00239463239642653 0.0195440266556345 -0.324906182604235 0.761582405102297
0.00593220790505627 0.020918639153189 0.442061239855782 0.497003199537307
0.00105353547352673 0.00856390069614569 0.480821366482965 -0.0475304539804877
0.0198160383863414 -0.00457040543816968 0.246051997537777 -0.234965522241709
0.00446295725040762 0.00169486015937101 -0.0427165896904817 -0.220816765781578
-0.000265790986150422 0.00340392375102446 -0.0345608542717033 0.123116035849475
-0.00425277061662035 0.0223111257755963 -0.240169248386232 -0.0442905663549889
-0.0113466065072177 0.00678008085723123 -0.254491042674777 -0.397874747546321
0.00233476223512512 -0.0122057367499611 0.306597455967502 -0.566954468010064
0.00452623581622458 -0.0136935431002617 0.824396937873981 0.0508512557191333
0.000354115240131334 0.00617366868440638 0.491536762053942 0.662268764846515
-0.00562884083013367 -0.00347311979883619 0.0371210946345805 0.502531577064367
-0.0133344946590555 -3.07634467010998E-05 0.0676084242268745 -0.0974306943973293
-0.00334964502586384 0.000481068828878333 -0.327270433530741 -0.446282554628769
0.00949188695877704 0.0068204050896103 -0.810367793909576 0.111365687208479
0.0112513300961054 -0.00391273416973194 -0.288367194578725 0.771408841422642
0.0209151580388797 0.0154696919679319 0.45927860929354 0.48027354391031
0.0144702922290346 0.0230896461401345 0.475682656345521 -0.0599415781985113
0.0170819923756833 0.00454828423632071 0.237071559854957 -0.237461253089373
0.0021918576969757 -0.00249818007000315 -0.046852217056603 -0.22061154225717
-0.00366696648477119 0.00350473044581403 -0.0367854692466825 0.125486635031929
-0.00670979518456524 0.0358892883457327 -0.244592772086845 -0.0371479273563611
-0.00227470216416809 0.0226493127297179 -0.273372086019774 -0.387345588731498
0.0149216751246452 -0.0186425525565978 0.266750781141642 -0.583795742746002
0.0242789946529204 -0.0218312049744678 0.818602835723397 -0.0112967703206198
0.024800223390716 0.0266707588976394 0.530156321643165 0.625577718039881
-0.00703730906284005 0.045152212848393 0.0597100371984603 0.50199308675512
-0.0132173376407919 0.0508267781476817 0.066108652028916 -0.0922964910409949
0.0225340689966325 0.0276419066327746 -0.31008179269894 -0.456227487761293
0.0334919461835807 -0.00882521454177726 -0.813989021810025 0.0680639864938842
0.0182102738597374 -0.0291639239697728 -0.330918328466198 0.756194251565421
0.0317666602692391 0.00833291416320529 0.436295397571375 0.507200558162099
0.0269381531756911 0.0379320510835297 0.478598921544048 -0.0299192293632662
0.0135901739513858 0.014495404384811 0.242869935097199 -0.223177190423506
0.000863978541095896 -0.00616744888863594 -0.0430759897752142 -0.215127131062953
-0.00482000251952731 0.00341106780726746 -0.0358813486770857 0.129012810290795
-0.00819187724642291 0.0448536234217435 -0.249958789757364 -0.0145270874499023
0.00493127142761103 0.0345860800591576 -0.31501491797521 -0.345798522789832
0.0236768486731651 -0.024097692052895 0.166112345307333 -0.614813653750719
0.0399501258855277 -0.0343273034673585 0.786996428257262 -0.150953504320044
0.0509268380563911 0.0352511106418465 0.612887430393712 0.526968119905147
0.00143902953831519 0.084008789937647 0.109199802863985 0.507579866499637
-0.0138977359423939 0.0962721988275971 0.0655004743874814 -0.0655142381447325
0.0406488252050373 0.0588156877886482 -0.262094650764218 -0.473889596922837
0.0562125167338733 -0.0125378602985665 -0.819727017359886 -0.0457334037237267
0.0265933868393581 -0.0482371277828122 -0.436374502229121 0.704221026713419
0.0394758186327063 0.00146524781426275 0.367240108589611 0.570260047338943
0.03630715019267 0.0503614940695859 0.484978700002757 0.0359278983278712
0.0116593756982744 0.0248263674071995 0.263591604489296 -0.193512541387484
0.00129220003031626 -0.00965436878893238 -0.0345965095433532 -0.205552128208367
-0.0049557662362011 0.00155276846728376 -0.0306292431283781 0.134507784970663
-0.0078234518893896 0.0475712144543919 -0.249174763016425 0.0199617897237119
0.00973807979897395 0.0418372023846371 -0.367743065859642 -0.276634250795503
0.026747230163254 -0.0275215193528619 0.0215570505174663 -0.627883778699673
0.0441282843462835 -0.0470349864449407 0.705071299120268 -0.32936373718854
0.0738062871245802 0.0261350430194317 0.698092000197781 0.373661968320652
0.0182416123636684 0.104354665543121 0.180216442920662 0.506666760837244
-0.0147618998558601 0.127192641787704 0.0670311647140517 -0.0209735629681298
0.0444278819676541 0.0902907760724568 -0.188608644763827 -0.485283358691765
0.0717419634217736 -0.00118205206409427 -0.803851836046546 -0.213768088317532
0.0362460144229649 -0.0572278599801994 -0.593179970160897 0.59702811747392
0.0411214385850327 -0.00332536181393556 0.240599177964302 0.64663337074262
0.0408604341425525 0.0591290641655668 0.480964331128402 0.132018631965465
0.0107639673585598 0.0326983431964689 0.291181707066191 -0.149353601567345
0.00199594396937107 -0.0102907140910197 -0.0207761976627197 -0.196724749060897
-0.00432911404284061 -0.00158049522215378 -0.0201202376154781 0.143931336396553
-0.00738695621162673 0.0428215369185967 -0.240591466151666 0.0606293148508276
0.0095509693900381 0.0428958931479777 -0.407319819276897 -0.187882970681489
0.0221873770626409 -0.0271131440602058 -0.132489733207249 -0.600993174796392
0.036605673587298 -0.0556894228297189 0.575032044931942 -0.493221161331831
0.0836728201169875 0.00608777272738288 0.750849982658054 0.189433287461827
0.036089949247085 0.103812872179381 0.260884386389063 0.491682937379795
-0.015877128202663 0.139772202204898 0.0670787170609339 0.0322328100021276
0.0338210631258274 0.112771434042228 -0.105683788748308 -0.478972914572802
0.0750736061923057 0.0215247993016396 -0.741829619402968 -0.399619902124896
0.044014726907823 -0.0527323923443307 -0.747866934265693 0.428447681772863
0.0384664113918178 -0.00668563802477885 0.0734096957519823 0.698752447683503
0.0371943884531282 0.0616539475510261 0.455479219711166 0.238039072775716
0.00878142107863654 0.0373741316286692 0.316716416492946 -0.0977793359034287
0.00248208096277178 -0.00971837273245697 -0.00449529339155693 -0.188635195268427
0.0051727327765621 0.00343791557415509 -0.0113124058495239 0.126344457750916
0.00186844426340218 -0.0131984558441253 -0.236138572326254 0.0254688778368149
-0.0413047250580428 -0.0265546478431784 -0.352137257749266 -0.275223755376084
-0.0348219480813474 0.00601679701800834 0.0537464513611403 -0.614637386932698
-0.0439915213311019 0.0245804134177765 0.71213202733902 -0.273309111678017
-0.0548914748372778 -0.014124921199105 0.664964127318231 0.424955069546325
-0.0223840287480617 -0.0909357579680734 0.156568048470427 0.521118390670018
-0.0135811033814299 -0.110368684475558 0.0709810774964815 -0.00520870379067751
-0.0578489314807949 -0.0708977019389282 -0.20805319918907 -0.454939442548448
-0.0574853381391869 0.0355079835643916 -0.810141501346184 -0.141129200969227
-0.0211004406131449 0.0512696132795875 -0.552927474424765 0.642762423704145
-0.0226346297914372 0.0287006587207382 0.280990338308488 0.622249087681782
-0.0257157975554976 -0.0156869968142623 0.48980329343201 0.0764107671934145
0.0191761823882732 -0.0216369646849401 0.291586631522427 -0.185471967983024
0.0106704947039972 0.00564179109583102 -0.024287187068882 -0.21163287179371
0.00392242310842058 0.00213170717958326 -0.0200585978083913 0.124008330779331
0.000968453915140018 -0.00571161127521862 -0.237548789908009 -0.00675068663604731
-0.0322083488356515 -0.0194037162547714 -0.306121280383725 -0.338753217251618
-0.0243945551619544 0.00025049511462036 0.183789815738857 -0.599928827207539
-0.0336122528605081 0.00868771589029677 0.781607981613082 -0.112044847526799
-0.0400153281795715 -0.0212161532481551 0.583773950285776 0.553804463877283
-0.0101107931381907 -0.0795249341351929 0.0925430841131104 0.513889149928093
-0.0138607461693278 -0.0849629466064693 0.0686279965876067 -0.0499127099433438
-0.0496462638152184 -0.0476684286678911 -0.273290488168554 -0.445813535006147
-0.0380109699599195 0.0357842077661858 -0.816507024563703 0.00394247455373487
-0.00794768255039067 0.0399030650334361 -0.408675985182072 0.723050766928707
-0.00878075501062228 0.0257045582767941 0.389207959195033 0.543209048284705
-0.0126204590266268 -0.00461232906566964 0.486245298281858 -0.00567364913771996
0.020063511436737 -0.0138945187363369 0.261461026919729 -0.219376703983649
0.00763722061265611 0.00484634124216708 -0.0377136542040001 -0.216441784928812
0.00185810193224793 0.00229942107750059 -0.0265956104585885 0.123140299101394
-0.00125093290397455 0.00749253276833126 -0.237230209443972 -0.0296864769970045
-0.0210401927964808 -0.00812503605218115 -0.270497103782416 -0.376448163995362
-0.0118424269975316 -0.00597190926445056 0.268533206816488 -0.575237502312688
-0.0161904286700744 -0.00461400976431623 0.811854751630707 0.0017571719902237
-0.0199017253724251 -0.0130882265465848 0.515718478315764 0.629355495037769
-0.00508142808043373 -0.0480052392481671 0.0559637176531662 0.50344582018443
-0.0132142979953126 -0.0471028763179526 0.0665645045130091 -0.0837664651918784
-0.0301363654929817 -0.0236753259519347 -0.316160280423995 -0.43603571862607
-0.0139550716907042 0.0236904120831095 -0.806710244073479 0.0975028513267748
0.00259267861018708 0.0199107019667484 -0.306236015860413 0.761031533157441
0.00662649992278412 0.0211159756140489 0.445554557018128 0.486176258340365
0.00149614607161518 0.00967642822635082 0.476011782422215 -0.0570877275728411
0.0197864925504276 -0.00475087790483554 0.240297359013621 -0.23773958752504
0.0041604068329262 0.00226412583394185 -0.0467652887431486 -0.218946343491029
-0.000132387326321651 0.00344986329768229 -0.0323307757230928 0.123015330774029
-0.00429280745826057 0.0216872806942824 -0.238277650359647 -0.039215256943789
-0.0103547727711008 0.00717866385737816 -0.260607392355967 -0.3909713266226
0.00181954217956777 -0.0125717665925722 0.293581125225902 -0.566431196897326
0.00415841858477715 -0.0140813778935738 0.818565396320225 0.0343613843016654
0.000788625375812408 0.00624398344724709 0.498395132492029 0.649263243333148
-0.00674869852366602 -0.0036079532798185 0.0465974734730859 0.496808809760162
-0.012843665483663 0.000737958083713078 0.0654376583104186 -0.0984574352159986
-0.00350152203243457 0.00140361242135412 -0.331020090648323 -0.436167926740662
0.0108119073785845 0.00704358449685761 -0.800789632349114 0.124862459996248
0.0107584567090722 -0.00444963967131599 -0.272842499345723 0.770248731904491
0.0205783608170199 0.0142791500507423 0.463837151502854 0.467137798352258
0.0160000595329618 0.0231657220840676 0.470652381760527 -0.0702910343663879
0.0167385944162651 0.00353130815823431 0.230159075060963 -0.241452073018437
0.00196594228479581 -0.00163970281014132 -0.0502936182283635 -0.217780516030964
-0.00384443567554317 0.0041003736690237 -0.0343469806827835 0.125968258186197
-0.00661914407626503 0.0353920317566271 -0.243198197963028 -0.0323850454226326
-0.00205450236323093 0.0220526866456242 -0.278508326375812 -0.378549822669903
0.0139406254174666 -0.0187206065935739 0.254751017487219 -0.586338334215504
0.0240505131559457 -0.0227655944852957 0.812218275536992 -0.0253422950555439
0.0240014131321502 0.0258528514473327 0.536020086989485 0.610981526952064
-0.00705403664309074 0.0449783596275257 0.0669173572327582 0.496996417623554
-0.0125227341039937 0.0503022048208902 0.0632581189661531 -0.0925593896329443
0.0224910645797984 0.0272052461438654 -0.316154849111838 -0.445780558743972
0.0335884573492835 -0.00928888149926273 -0.806288692049947 0.0831061280555612
0.017717711447738 -0.0280769776527027 -0.31358308162961 0.755132191152896
0.0313670324492044 0.00762609513353219 0.443211283629908 0.493993977374204
0.0283309559353263 0.038075498135038 0.473095538440059 -0.0396775941475012
0.014510970908658 0.0135147430626799 0.237090741553803 -0.22674483618225
0.000354922655527469 -0.00611791597873246 -0.0470685455404802 -0.213429025521567
-0.00556108776727605 0.00326028617797478 -0.0336005532308049 0.128795614796604
-0.00768239958784425 0.0448172049218496 -0.246736389760467 -0.00924213281086543
0.00533379181725379 0.0344999424362699 -0.32141195738165 -0.336708472108371
0.0232176809438884 -0.0240855741649558 0.154788518156239 -0.614156748116033
0.0388360659922665 -0.0334759415427525 0.778384162493106 -0.164224949489233
0.0515116762481531 0.033807620371122 0.616550096571651 0.511060629700734
0.00195794877799329 0.0830957814287165 0.117190140965216 0.498391549607356
-0.0116776521097979 0.0950001973372049 0.0644559492535586 -0.065973836506073
0.0411454839137063 0.0578970824166791 -0.26864406101072 -0.465166220362612
0.0554477034985041 -0.0133575336415746 -0.814164869620532 -0.0297788412761198
0.0251117238617866 -0.0483225691734019 -0.420818598013377 0.707068707767316
0.0391866321149331 0.000247302238641632 0.375618352611898 0.559144135340159
0.0374334606879562 0.0496531088425519 0.482085403821683 0.0262565183282686
0.0119512120829889 0.0239367709192032 0.258348323514846 -0.198361260760401
0.000771596210654266 -0.00894126009255764 -0.0381540835099671 -0.203735876828594
-0.00587086461811619 0.00258978495327539 -0.0271413400058672 0.133929601068271
-0.00648318136270899 0.0470796674623497 -0.246893629054659 0.0254539904698637
0.010294329305252 0.0408443600525673 -0.370507718142432 -0.267973470608602
0.0262944643335775 -0.027856419601522 0.00901301721392845 -0.622875798849712
0.0428399061513376 -0.0482657066304631 0.694163876005799 -0.341571444436416
0.0744544988968261 0.0242403411749798 0.699167268622595 0.357114141558182
0.0202369169143741 0.102330726254801 0.189230829129799 0.497295148666276
-0.0123889601154548 0.126001651789663 0.0649732579954141 -0.0224416131377202
0.0451795070104714 0.0879310347663451 -0.196725058965933 -0.476558920337386
0.0713025806681594 -0.00310056676308721 -0.801609162200717 -0.197172570849999
0.0341314891776137 -0.0576114258877259 -0.575554133739224 0.602810585377892
0.0406841952408923 -0.00511036123902109 0.252137711746851 0.634913453130158
0.0413284671832742 0.0573986541520041 0.478135392189093 0.120755779430701
0.0103621910758625 0.0324794723516862 0.286175294301997 -0.1550647088698
0.00112339652084628 -0.00987843029836112 -0.0235014168056733 -0.195578458811824
-0.00521131167094436 -0.00139945045595184 -0.0175698660353256 0.143347507500175
-0.00685441597568989 0.0435315738072175 -0.238064570303926 0.0657667027750031
0.00966017192239641 0.0432844879259818 -0.407701497249864 -0.177776677321368
0.0219526550927609 -0.0272449345594538 -0.142458876944909 -0.592427663717909
0.0348664542041329 -0.0558549500645813 0.560627438239243 -0.498742287027417
0.0826408137071917 0.00463816356060197 0.7471696233622 0.175005136949343
0.0370924476045436 0.101593771395905 0.267535438017103 0.481632227941633
-0.0126344706923363 0.138794527573823 0.0679165879058731 0.0305096781319182
0.0351374762836861 0.110950774645163 -0.111319989472014 -0.472992595290943
0.0745780404661865 0.0201267066403367 -0.741458849343284 -0.382447939883177
0.042518026408762 -0.0531954686881518 -0.733722326525107 0.438727858012795
0.0378876046254625 -0.00712823871266939 0.0856603698848049 0.691121682769794
0.0388038933350897 0.0602810826781505 0.455800102481138 0.228721353183584
0.00974884717498588 0.0364063905853879 0.312817936055461 -0.103383967891142
0.0018415275684038 -0.0100406560277268 -0.00841832523165935 -0.188412492476107
0.0048116562927757 0.00344034318256333 -0.0090997002509551 0.125043182710401
0.00208869996433506 -0.0133758045044057 -0.233018575938778 0.0296612657978091
-0.0414302531650025 -0.0251957028968811 -0.353271748970652 -0.266534525523873
-0.0345433810288953 0.00688366562516667 0.0440751984942918 -0.609981285944603
-0.043279216518795 0.025043795680002 0.700673894790196 -0.28316416591933
-0.0541259124406027 -0.0131138531026048 0.664922294838984 0.407799433509171
-0.0239016434378772 -0.0900992580848837 0.161702609460183 0.512581727129741
-0.0150336245956445 -0.10888352372101 0.0704016311717336 -0.00671987570208236
-0.058264837186714 -0.0692863114853703 -0.212210768088456 -0.446564211500785
-0.0551559334538914 0.0364701812662244 -0.803687995655167 -0.125749408257639
-0.0203618917700329 0.0505620966301082 -0.537866844986105 0.644682219566157
-0.0222553809666859 0.0288836089181733 0.290567807433508 0.608242291647188
-0.0254236954900023 -0.0147947136178077 0.485271024267438 0.0686225154734433
0.0180799391312843 -0.0223950363252548 0.284704259093115 -0.18870044408888
0.0105341116486396 0.00565273926538893 -0.0278757193113872 -0.208884786936506
0.00317925710802501 0.00299959366266393 -0.0182325457697134 0.123128214765451
0.000456212839666664 -0.00617009068472379 -0.234911438038789 -0.00266206970588597
-0.0318195773049888 -0.0189324517376571 -0.308614489438643 -0.329694647895528
-0.0249217638923203 0.00122015111508634 0.170524181368956 -0.597149229702561
-0.0329250265251946 0.00883108833005333 0.772994824438024 -0.12198160222093
-0.0401624036724113 -0.0205131832216634 0.5863802785407 0.539238820782215
-0.0115327054374793 -0.0791771073723137 0.0993534141555218 0.506663951993939
-0.014346817843734 -0.0846300163723234 0.0669392417393483 -0.0508445311338981
-0.0495472634322864 -0.0461899613080132 -0.277404374040686 -0.437702351643621
-0.0361696701312715 0.0358142746097984 -0.808000998943902 0.0191369306948503
-0.00804342646729033 0.038669419006981 -0.391994781637603 0.72362344021629
-0.00798208896493074 0.0253296520980202 0.392581427892148 0.531124508966855
-0.0124724044335787 -0.00437333559648007 0.480197868991534 -0.0151051518241863
0.0196343033952766 -0.0144049937877501 0.255368939676881 -0.223021655731225
0.00709792388750051 0.00405426892082086 -0.0403621997129705 -0.213977443425587
0.0018239533311231 0.00253875397278119 -0.0252026765812895 0.122170457014096
-0.00120104905211636 0.00680869067615579 -0.234963575293631 -0.024640431004473
-0.0209092205692862 -0.00719595565341272 -0.274560821874163 -0.368580543276273
-0.011394100020651 -0.00520395972006561 0.255127393359087 -0.574521823494573
-0.0167314749340521 -0.00449596024452218 0.800461459601887 -0.0114892980136395
-0.0198348843969402 -0.0126493817963626 0.519926104845747 0.614721973160019
-0.00602746401812049 -0.0488043537572165 0.0615668636989123 0.496576918096246
-0.0140438954404626 -0.0466944551543454 0.0651371441996752 -0.083954880113918
-0.0301399584265634 -0.0224310049130746 -0.319378398744785 -0.426760367514522
-0.0141440859807394 0.0238648759298613 -0.796124580072348 0.111368046754919
0.00273454015380826 0.0198323765482522 -0.291154083146791 0.76009846260231
0.00671187306031485 0.0200956163426881 0.447577554533535 0.471336399292581
0.0021775747069051 0.00759521936909543 0.470091195397241 -0.0655903012742028
0.019127060744515 -0.0058932808311154 0.233727444354318 -0.239799281982266
0.00373541718876964 0.00179838907478496 -0.0496076108947679 -0.216808856941867
-0.000955174870048508 0.00357424605003032 -0.0311557534220218 0.123807078404101
-0.00440623833578057 0.0216439002057515 -0.236501371476097 -0.0340407548163531
-0.0104680297695836 0.00787067659633442 -0.262897774025419 -0.382638351600137
0.00149460271075847 -0.011806136936741 0.28076731126296 -0.566681672434975
0.00448377542095775 -0.0138384047419218 0.810169063442235 0.0204155114353886
0.00101171979755509 0.00590127338711306 0.503290572538929 0.632922342297972
-0.00689739052359964 -0.00338645060220449 0.052744612336965 0.489844861600803
-0.0127876426486052 0.000342874425613673 0.0633277985497149 -0.0994325763964958
-0.00346136078804022 0.00119381374512069 -0.334734237602589 -0.425942141944024
0.0105303899768039 0.00645690855153326 -0.791171006555356 0.137876814000734
0.010744638948459 -0.00450688983929089 -0.257067250478033 0.768008104009467
0.0208431818919767 0.0138760605709327 0.467391364655377 0.453213722866473
0.0169817922045943 0.0226533528396897 0.464111986010522 -0.0761220840630827
0.0164719950322374 0.00413549505808911 0.224251633131889 -0.243137421106949
0.00137407908826849 -0.00191775432088535 -0.0529606645074571 -0.215845454763131
-0.00392657554345016 0.00315953486449086 -0.0329061511564082 0.125149095662859
-0.00594016510099108 0.0355212129675086 -0.240552120173243 -0.0267081390444028
-0.00132016137689275 0.0218365824658055 -0.282140068771555 -0.371304916927586
0.0140235842437192 -0.0188131353216816 0.243172671152977 -0.582373861786322
0.023983286835709 -0.0227097850622837 0.801832569511949 -0.0390927585670895
0.024927626834876 0.0258045265981892 0.539981590315778 0.594613253671053
-0.00680040307218062 0.043664875163967 0.0745005027213307 0.487441993666051
-0.0115901062707768 0.0502814825150607 0.0625629291584836 -0.092572379453319
0.0236880891713638 0.0265672757122467 -0.319231862577525 -0.436570410326774
0.0329141647968128 -0.00947322913595037 -0.795903341884604 0.0944686070410524
0.017128255114211 -0.0285681018410013 -0.297401131278706 0.753005689445842
0.0318107822230166 0.00739858728423359 0.445660649715735 0.479806900215506
0.0285240250290514 0.0364225629495076 0.467212958587269 -0.0473640244379212
0.0140308391522173 0.0132598990327195 0.231536634459128 -0.229459246701326
0.000388400473605384 -0.00513769634388257 -0.0498351361999951 -0.210694054232045
-0.0052275903824096 0.00326205409489552 -0.0322226336395591 0.12809851843742
-0.00710558741959176 0.0441333266082768 -0.246135506932993 -0.00514883325321481
0.00551600738629646 0.0344670762054983 -0.323453952094857 -0.329447131255511
0.0224489116371785 -0.0240603771420822 0.14294165587684 -0.609031587750793
0.0376694096004215 -0.0352012313444548 0.764658125714361 -0.174537797273393
0.0514723587118229 0.0330117763955375 0.616739404727886 0.495692995805125
0.00310111572346475 0.0821980861986197 0.122376311883899 0.492300730605558
-0.0104938671002171 0.0939869892614817 0.0623991176391024 -0.0658130838754733
0.0424391681826936 0.056514348784587 -0.272765725980906 -0.454484061486848
0.0553261635962612 -0.0143328386034234 -0.805591024943318 -0.0166351007627407
0.0244609100883482 -0.0481610633446432 -0.404602550884353 0.705059339602043
0.0384494830232209 0.000320961610280564 0.380519096325681 0.546363082083718
0.0379380106000871 0.048897868127104 0.478443056292475 0.0164904993481872
0.0117443318338341 0.0238701126018839 0.252717031889626 -0.200375821254163
-3.02141648478296E-05 -0.00838868042208963 -0.0405509287237876 -0.202166991048203
-0.00586015854327475 0.00179063096986819 -0.0266373402779701 0.134096152102414
-0.00696879918644864 0.0462779199113769 -0.244753720719151 0.0296057980755382
0.0101802296553023 0.0410781180040163 -0.371108787334514 -0.257725324943907
0.0243969129666923 -0.0279927612071698 0.00015167959278606 -0.61612309364489
0.0414888570991322 -0.0473564571859185 0.67983741600248 -0.349015261052752
0.0734371499637707 0.0230821132098046 0.696953453428172 0.340699850460877
0.0197878327976611 0.101433251681581 0.193573778123346 0.488299551320593
-0.0102569273593512 0.125237306173686 0.0651796102492941 -0.0228269820877026
0.0467839401343529 0.0871091531399498 -0.201490759370792 -0.468427689866382
0.0710939925417192 -0.0033170065971355 -0.796009698653057 -0.183036998844383
0.0335403841890593 -0.0571132982207174 -0.558759008463617 0.60667292455689
0.0397313265197759 -0.00526958890285979 0.261899944304646 0.624805042553251
0.0422772732122404 0.0569511213519121 0.477084167925489 0.111378294501886
0.0111300774511664 0.0320843387533519 0.280784917799435 -0.158669815329987
0.000789687548736404 -0.0100711068463256 -0.0269619849342549 -0.19239720785848
-0.00507607369539593 -0.00146391486710261 -0.0162744786215855 0.142756623027509
-0.00668250979844767 0.0428522418407703 -0.235100082383393 0.069545399371617
0.0108923585656752 0.0424699602459582 -0.407167973884849 -0.168565590472898
0.0208912832167978 -0.0271615600563029 -0.151077615189071 -0.583573782638486
0.033860276036097 -0.0556252992333862 0.545416232814635 -0.504065168126175
0.0813818419855822 0.00343329138768659 0.744277729862002 0.161214250290895
0.0378051865265848 0.100507917812161 0.27202416124374 0.473191095578741
-0.0110403010266299 0.137470099334592 0.0669169513977308 0.0291371172354696
0.0360076443682188 0.109445300626565 -0.116631731346813 -0.466615805905466
0.0738894834819299 0.0201011760983002 -0.740968866717789 -0.366467358922589
0.0419750461464289 -0.0531266791013563 -0.7179787153442 0.445415477164128
0.036928813101154 -0.00788789484360133 0.0966594408778656 0.682243146051557
0.039593398544408 0.0588168273985394 0.453786601184561 0.219110092268255
0.00923473932283776 0.0355159271617094 0.306683031562256 -0.10796582251357
0.00250410503399285 -0.009443250948751 -0.0110194557034153 -0.18686389024445
0.00444862231814183 0.00315959573732177 -0.00826024062737295 0.124533431630789
0.00103577530650195 -0.0142338514620585 -0.228906937369098 0.0334271819941908
-0.0406378725439428 -0.0244323907866012 -0.35250637870823 -0.258053055296232
-0.0338376481021805 0.0073043485049813 0.033713051280163 -0.602524233246093
-0.0431389984503194 0.0253793486202524 0.687825418185095 -0.285874929150663
-0.0538456913942923 -0.0121563104415307 0.660024767124856 0.394077791136296
-0.0252466295162954 -0.088972224600744 0.16809968593068 0.502024204332736
-0.0163377806322566 -0.107405893096739 0.0694180313657336 -0.00681789059164963
-0.0577928029573793 -0.0674091823365295 -0.214233443417726 -0.436388300954178
-0.0541321479507431 0.0365469233734035 -0.794887229748577 -0.113318852159534
-0.0191412407606902 0.0501377746042524 -0.520909225122105 0.644722127698961
-0.0212961092889946 0.0288537612103102 0.295203211074055 0.597752619410702
-0.0242303386207358 -0.0143922950201658 0.479834831743788 0.0589811583576317
0.0176333262845 -0.0234395763783451 0.279250920727894 -0.191561357802563
0.0103312385286242 0.00465842349897301 -0.030642133632545 -0.206486737393843
0.00329084799992274 0.0027500221771788 -0.0158875150076628 0.121301398462567
5.21659428157292E-05 -0.005623386578115 -0.231278395367881 0.00152871524312344
-0.0313362616855173 -0.0176648080881882 -0.309891590324064 -0.321808442575397
-0.0235830500510971 0.00185005295000804 0.160890510714224 -0.591925634395204
-0.0321718600043596 0.00903710002441426 0.761746908585164 -0.131913781015796
-0.0393709420341076 -0.0192457941178113 0.585172955179899 0.522451297464459
-0.0128038796167396 -0.0780520151585482 0.105392354231951 0.497714028508763
-0.0157572456760496 -0.0840684244996275 0.0664034526705412 -0.0506126361624538
-0.0497191771216072 -0.0451506505802279 -0.278754292124468 -0.427548884308098
-0.0351149463793173 0.0357893874040096 -0.796186321680937 0.0293822300683372
-0.00698548342016914 0.0387999804082536 -0.376446957456345 0.718750019124912
-0.0076892392496105 0.0255391638721663 0.396630054465091 0.519796445194603
-0.0114975936091152 -0.00363533714739249 0.473458098689418 -0.0210175356943043
0.0188889738808524 -0.0147332480235687 0.249787482103203 -0.223658934334291
0.00760785426476444 0.00371458876174746 -0.0435375261929193 -0.211384045963438
0.0015510510812287 0.0023162273002458 -0.0236605607167027 0.121617379185898
-0.00221406737552266 0.00639173780363065 -0.23323041368812 -0.0214703023423772
-0.0207890412244676 -0.00639454682539375 -0.275790884637667 -0.360542989566022
-0.0107300901140548 -0.00474385764225838 0.24590919735393 -0.571052155050905
-0.0165299718575327 -0.00442104004586119 0.792407701267259 -0.0214953647370517
-0.0196497791222119 -0.012212418871801 0.520931357590018 0.598716097389995
-0.00740441569192821 -0.0482478095665575 0.0666243213188909 0.488922399547979
-0.0134687031723201 -0.0463291533359771 0.0629632426889896 -0.0838183577274095
-0.0297482965154918 -0.0218710539383058 -0.319381899742977 -0.41677632697478
-0.0124744560023306 0.0239239238424233 -0.784674474386025 0.120316937985719
0.00252087703575112 0.019580732539692 -0.275544721703648 0.755683441604807
0.00647654469168746 0.0197920991373344 0.450187347003409 0.45777533608469
0.0018543014947662 0.00895941836331296 0.461658436203315 -0.0713656819200199
0.0186069293776822 -0.00670836714628603 0.227404757722776 -0.241805715677544
0.00426395172221801 0.00152604257856851 -0.0517540656242623 -0.213824346061596
-0.00173168985623961 0.00354683027068869 -0.0296092126305831 0.122476661921024
-0.00389031204532659 0.0213358906777172 -0.235158357499782 -0.0296277178910024
-0.0106467753323251 0.00769754385519018 -0.265433032803079 -0.374787448093222
0.00141672163122225 -0.010966312746589 0.270171278371111 -0.563090276237381
0.00406632208932933 -0.0136146985818618 0.800804220688609 0.0106599362249752
0.00111791428418844 0.00665173168929079 0.505800561166885 0.618493887431873
-0.00787548914860257 -0.00363636103472689 0.0583009584161277 0.483159924852348
-0.0125062018943616 0.000101313967887215 0.0616723669757483 -0.097916480835465
-0.00311462507125558 0.000954081239467166 -0.334654537992572 -0.416147938797651
0.010254186042454 0.00583824293993629 -0.778021854609253 0.146391991910662
0.00999694151378773 -0.00423786958339855 -0.242244433985446 0.761997042846618
0.0207441637228505 0.0139709996230787 0.46729933791329 0.441077457386531
0.0167384718222231 0.0225071826839692 0.457610262327196 -0.0817112891833355
0.0159544820490511 0.0032712674305452 0.217679219320975 -0.243721500685248
0.00116195582035841 -0.00158854315142162 -0.0553534819062719 -0.212283209866639
-0.00401601860526895 0.00423923031901571 -0.0312218395079103 0.124229135823247
-0.00572567991598061 0.0346166338909144 -0.23876925674818 -0.0238887067846745
-0.00115378089630063 0.0225455695044186 -0.284391281152037 -0.363145534019335
0.013495103944446 -0.0181110855577002 0.231024535888329 -0.579567591738026
0.0229657219863262 -0.0231070521732055 0.792796335040278 -0.0504442757927193
0.0250809995719013 0.0253632657694838 0.540766329216514 0.579674464420006
-0.00688749099375965 0.0424379630940252 0.0801398565073671 0.481166315449817
-0.0103492101933626 0.0497604003210493 0.0604520344842554 -0.0932083526062326
0.0236972454135063 0.0264486249438425 -0.32076541796596 -0.427571404388967
0.0324365683572337 -0.00909354303079642 -0.785073010527898 0.104771361061168
0.0157294423113651 -0.0284693337674038 -0.283354828566163 0.746475005533695
0.0312704263135586 0.00658863787912729 0.448240153135558 0.467966444584963
0.0290700151695002 0.0362335641762852 0.462640451388647 -0.0538444613378622
0.0141833147648561 0.0129609965741105 0.224570065192639 -0.229692279956335
-0.000309544552554049 -0.00537818202290386 -0.0515928459034055 -0.207031319879733
-0.0059871382505652 0.0027830391587745 -0.0304783394492709 0.128803088024542
-0.00589623976910093 0.0439862286269705 -0.243707357332014 -0.000852518475757542
0.00613940754560275 0.0339909635583475 -0.323688553548915 -0.319495950343495
0.0217910363784072 -0.0241446279722878 0.132176999292262 -0.604282709823998
0.0370294391595085 -0.034709911294098 0.755693786020059 -0.182848248422524
0.0512318570275365 0.0319630222051002 0.615900212946954 0.479438661911862
0.00294342011376362 0.0812532910678209 0.127730119196474 0.483628641932821
-0.00943495188084035 0.0926402948708882 0.0611484828575506 -0.0667998773862385
0.0418671243495142 0.0553207344597321 -0.273847790573719 -0.445962765927082
0.0542063113786027 -0.0146101440409974 -0.796025288242863 -0.00539120494609452
0.0229016027604155 -0.0474890125799096 -0.388700589483932 0.703528124582556
0.0379209883844379 -0.000500991933942534 0.382864967851051 0.532183080803338
0.0380648584572346 0.047499729316733 0.472458500826738 0.0103233176511121
0.0121109124527321 0.0231269070402768 0.246102804003773 -0.202532623676652
0.000171037316947896 -0.00799795766184237 -0.0434691826945773 -0.198917877571063
-0.00628525957417406 0.00195172668428546 -0.0241961458432795 0.133975739946397
-0.00608768334576172 0.0464195363857992 -0.24102247597439 0.0328547039187412
0.0103006554125951 0.0401551617581418 -0.370292327958192 -0.250585723162571
0.0233492422023793 -0.0272454530732985 -0.0108114984659561 -0.607459064651853
0.0406702390919585 -0.048122513736857 0.667236648538445 -0.351846244659202
0.0727475086291047 0.0217473580846326 0.693370165468136 0.328796154489186
0.0205303916088931 0.0999311162724448 0.197939639265347 0.479873114137817
-0.00831099776309741 0.123151360818637 0.0636119037487106 -0.0235890929459433
0.0473627249635515 0.0850556419768227 -0.202913987410064 -0.459548492655579
0.0698407856758708 -0.00499008413725581 -0.786812821561795 -0.168087554824868
0.0315614915490227 -0.0565706455192844 -0.544922871335943 0.607066016510094
0.0396748658745327 -0.00527213260251979 0.265828509046786 0.611134517368863
0.0424140380213498 0.0550795017871791 0.47190716829612 0.10423183806539
0.0112810010428474 0.0313339975249236 0.274860374906587 -0.160806742606436
0.000259382210534345 -0.0093431404204568 -0.0287993917100036 -0.190318953770986
-0.00547003901618895 -0.000963743685032954 -0.0142055904560504 0.1410946829429
-0.0058426464870221 0.0426604399287711 -0.231328614343836 0.0719274388677223
0.0111131825031781 0.0418241310509693 -0.404516370216383 -0.161101567502655
0.0200637866230052 -0.0271136740214827 -0.158139537597895 -0.575370312753302
0.0329340566071314 -0.0551316322317054 0.532467136381003 -0.503747227615211
0.0806920523019518 0.00165543978988004 0.735806189466527 0.150445505016025
0.0384488954028058 0.0981756029864094 0.275275790495779 0.462861655831729
-0.00959435356678802 0.135015567038021 0.0671734095426784 0.0282415975038922
0.0380989080817026 0.108192694405471 -0.120910586582407 -0.459101202620256
0.0739512407350283 0.017512686105936 -0.735279943784031 -0.353133847777122
0.0405820076931102 -0.052457765892328 -0.702252679350239 0.450474594593717
0.0363813088503775 -0.00781389477132166 0.104969104798798 0.671902877221719
0.0398901966811003 0.0582434749983751 0.451148752895418 0.209848081436016
0.0102061198619776 0.0357100293104029 0.303022353384283 -0.110896718910737
0.00229673809975747 -0.00970971940994648 -0.0130137768814362 -0.184729707776278
0.00268060133741941 0.00318192512782355 -0.00678986781221327 0.123141344703999
0.00160098251061449 -0.0137494501265423 -0.22598997830396 0.035319113516112
-0.0401954107052101 -0.0239430398330144 -0.350478244946395 -0.250960128262637
-0.0339946841239503 0.00763992536960726 0.0288252366203053 -0.595919602634765
-0.0414632225124599 0.025191569410687 0.675851757793698 -0.289479032598759
-0.0528497402841728 -0.0113443483828553 0.655010202636507 0.383181461141504
-0.0253694863925804 -0.0885809702614306 0.167524602604463 0.493915011096944
-0.0162105501965732 -0.106486984713399 0.0682981521875611 -0.00775699006246696
-0.058479394384359 -0.065849228110915 -0.21412835978899 -0.42914609238131
-0.0527682768326396 0.0372165861246108 -0.785664176982513 -0.10473408303946
-0.0182267627684916 0.0499897009971746 -0.506806886448038 0.641372789659226
-0.0209553943779555 0.0282478389237142 0.298573183743583 0.586217019276025
-0.024371811348333 -0.0148487417462735 0.473248071445072 0.0537501723425879
0.0175684886815915 -0.0229030268098243 0.272563344953108 -0.190922178515382
0.0101836587304371 0.00517194780659852 -0.0321934674454583 -0.204354106927431
0.00286306249572384 0.00241222934839657 -0.0153676182286543 0.120466688707297
0.000287104988046358 -0.00647397470441864 -0.228503739379313 0.00442766895069782
-0.0316159564405596 -0.0180238153056618 -0.307907855969137 -0.314497208524493
-0.0236017783037203 0.00184129126969602 0.152237361615756 -0.585610191708061
-0.0321251605673555 0.00925487679632715 0.749336198720986 -0.138238565323364
-0.0387621709240333 -0.0182648629287495 0.583140148013843 0.511138091036691
-0.0142448887385529 -0.0777403408867579 0.10822389633311 0.490384152491192
-0.0155565843497524 -0.0816456115897988 0.0651989344289755 -0.0511537381644809
-0.049966431088602 -0.0436426065456936 -0.278548365286875 -0.418461436222284
-0.034139976066303 0.0356544587500002 -0.787416347817109 0.0375117124120493
-0.00622700849592558 0.0376620157580428 -0.364135408391451 0.714762157656111
-0.00716450352973571 0.0246841259325636 0.396428642463862 0.507728449041641
-0.0113232538161992 -0.00379722022311757 0.468440193799599 -0.0277820419820125
0.0191134240692266 -0.0146886867286451 0.244205968823035 -0.22413216236341
0.00748427952357127 0.00518456456478389 -0.0445767860137789 -0.208756374193063
0.00094700679190047 0.00265273490803195 -0.0233640325655888 0.120202894325753
-0.00178100656104904 0.00628427674304833 -0.230058585595116 -0.0176634649276966
-0.0208540488056634 -0.00655122929192639 -0.275580263467135 -0.353544093401634
-0.0118161624781895 -0.00473267916975766 0.238095794479887 -0.565534173195587
-0.0158669099241441 -0.00408427038942462 0.781121039252973 -0.029307109876605
-0.0194046867776733 -0.0120391576554028 0.518754320334377 0.585400464859068
-0.00811526745077075 -0.0469666465589581 0.0715127304552298 0.479970267915612
-0.0141487324217289 -0.0457036154718438 0.0615072368444829 -0.0818624618347432
-0.029014791386015 -0.0208103842691087 -0.32035803173797 -0.408363519985257
-0.0111362209602143 0.0238411871563438 -0.772873504946339 0.126051558503207
0.00272930266751 0.0189648932962218 -0.264665359627739 0.749109333089286
0.00740757523803388 0.0199530484902169 0.450770257374072 0.446394890862125
0.00275351704253378 0.00809148480581299 0.455227494282489 -0.0758657161407131
0.0184279445667717 -0.00658052274095746 0.222862576420464 -0.241094594276087
0.00318851905958115 0.00234084154703026 -0.0534806034356022 -0.211130435314397
-0.001764594485997 0.00312347545630984 -0.0280083957982704 0.121397444313346
-0.00337481649398803 0.0210994979833879 -0.232569807555692 -0.0272262286081704
-0.0103613842019772 0.00778401919021457 -0.266342901876036 -0.366104044335153
0.00120330013733805 -0.0113351428162116 0.260441638681529 -0.558890487470664
0.00366949751808254 -0.0132294886478028 0.790060103366244 0.00119277920124773
0.00162052492525262 0.0062623535527342 0.504111739515532 0.603335099532363
-0.00805671699100578 -0.00363604564826627 0.0624800447304223 0.473254561397914
-0.0120230047376295 0.000196838701021002 0.0603516246334775 -0.0973065413541709
-0.00271615279968331 0.000867387737204754 -0.334466797248508 -0.406603124143189
0.0107308794377439 0.00574281914917524 -0.767047314250832 0.152349374600683
0.00989417482158877 -0.00491588478008818 -0.230428184894932 0.753525887912349
0.0208969870724027 0.0135389277313574 0.464686003683324 0.429002301843844
0.0173016540012439 0.0224058907428089 0.448683584794193 -0.0864148973729704
0.0162909077878062 0.00287670201167529 0.212942797097868 -0.244508190054024
0.0010574807248182 -0.00137023152300958 -0.057226795066501 -0.209649215566683
-0.0041084279683483 0.00407633951384224 -0.0304884282344301 0.123681490415553
-0.00535947589827149 0.0346819419187901 -0.236372129754475 -0.0196714860767525
-0.000945345572520985 0.0223407883902815 -0.284237932615314 -0.35475080698896
0.012527257187777 -0.0182114489362621 0.221523062009549 -0.573866241676552
0.0229959606464115 -0.0223517172696158 0.781992928630152 -0.0565282609887323
0.025337711957295 0.0243829541400454 0.537799865176566 0.565049345093789
-0.00679571727305737 0.041987535423782 0.0836478199157656 0.473023353592319
-0.010158646970494 0.0487637794297221 0.0593108097945904 -0.0926497657973383
0.0236254814981275 0.0260969736869478 -0.318602585566006 -0.417912931653801
0.0320509009598097 -0.00973782266079741 -0.774886344303323 0.110444424543408
0.0157582933041834 -0.0286066795939179 -0.270692313726692 0.742108278069681
0.031204723305551 0.00537061796821639 0.446783357170188 0.455692481175053
0.0295838389559698 0.0356324553560704 0.454982485745579 -0.0587211808372699
0.0130158309749952 0.0132770177567043 0.220506049392417 -0.229921995148903
0.00014912893932479 -0.00532202252085546 -0.0538958956976792 -0.204673134139422
-0.00653346350178384 0.00435612332417683 -0.028864400288565 0.127799777821104
-0.00592913609988779 0.0435337935852731 -0.239847985552637 0.0017531250552456
0.00655098698519335 0.0338269506467359 -0.324153049956409 -0.31211843174647
0.0206826302358761 -0.0240777930419251 0.124051710143416 -0.597649262510305
0.035905736620765 -0.0343584189830594 0.744114071579832 -0.187930366257901
0.0504028265370924 0.0309544230874727 0.611371914273569 0.466293233859041
0.00301086375664996 0.0797992019790229 0.130465096696817 0.474229919150399
-0.00811632648753663 0.0915178164704246 0.0601077951296598 -0.0657499711784467
0.0426470795784405 0.0544158676934858 -0.274659132119201 -0.438506826917849
0.0532359824418968 -0.0156768110200452 -0.784784240702969 0.00228207206122385
0.0228687306768118 -0.0464039699146736 -0.376266017265078 0.697719490083674
0.0378253464485655 -0.000395707065451549 0.383006688747915 0.521380821883184
0.0388353036494227 0.0468002795784389 0.464874655661414 0.00548088449240398
0.0120668511336978 0.0223686895919864 0.240489214480534 -0.202891436473727
-8.7869564172503E-05 -0.00762699873406938 -0.0437908775433071 -0.196264561207361
-0.00678367473363934 0.00211935512577888 -0.0231814006727859 0.133482829416171
-0.00635795894378133 0.0455965269808226 -0.238422129912768 0.0357329069476219
0.0116488217413647 0.0394013360051558 -0.369559347067873 -0.243259644289074
0.0231465653674856 -0.0269607926416663 -0.015537138197865 -0.600088594587553
0.0398842027662865 -0.0472616305971897 0.654879370934169 -0.355791045251119
0.0722262505911781 0.0209429451276701 0.685874017182518 0.317087416381573
0.0207175293356723 0.0980720966092164 0.199097198635901 0.47007282955835
-0.00715747464797019 0.12239256679512 0.0626197713571259 -0.0240691949479972
0.0472802446222824 0.0838160291099511 -0.204747771072937 -0.451475471830656
0.0691679453346858 -0.00503616235551807 -0.779466444432695 -0.158435834290893
0.0312481624375337 -0.0569859554309698 -0.530379099444635 0.605816990713831
0.0396908388720793 -0.00557913924634288 0.267722294033748 0.600647564309457
0.0423889795001262 0.0538286926356216 0.467217392026377 0.097011628958574
0.0114715115087401 0.0305262835318264 0.270197133039429 -0.162453581708111
0.000233702688389203 -0.00953684284719008 -0.0302914950282044 -0.188092959402525
-0.00609549548232264 -0.000722597088631967 -0.0130523030650028 0.140332256647396
-0.00590741734129691 0.0419474058407411 -0.228377856015497 0.0740202924508829
0.011323951548605 0.0414174166286806 -0.401328686483222 -0.154614030518842
0.0200368800182304 -0.0265180278488433 -0.162376804822604 -0.564412846538858
0.0324085714785931 -0.0557164076456868 0.52045635958069 -0.502797304705521
0.0798148557967259 0.00100381619696616 0.728329868236321 0.141389975751293
0.0370840095516897 0.0969865089245589 0.275001840148067 0.453150330625984
-0.0079081251175945 0.133366499688014 0.0672576974480254 0.0265632973079934
0.0387897795492919 0.107029847297522 -0.124582764976254 -0.450967740841341
0.0734317462634766 0.0165406853351651 -0.728193013358867 -0.340165195486297
0.0387475303164055 -0.0521023276226616 -0.688283101779522 0.452255121994083
0.0363486885042735 -0.00780514917990932 0.110515922003429 0.662186447234679
0.0405726516493351 0.0562714497708453 0.447434596707708 0.201727080825007
0.0104989902006621 0.0349109662513807 0.2975424553377 -0.112920345713421
0.00186065416959573 -0.0100209933157765 -0.0152663946724422 -0.182478046025729
0.00380025588166915 0.0023964054512998 -0.00738754643430281 0.121821589975488
0.00171492294039027 -0.0142345897799487 -0.222538585360794 0.0361592047156164
-0.0400194897479782 -0.0235409650737768 -0.347108740936308 -0.244922395708579
-0.0335360323165036 0.00756182419627139 0.0234243328970635 -0.586309901456969
-0.0410431456608093 0.0255770943061687 0.665261750857522 -0.291469474044368
-0.052639234166338 -0.0108905017383261 0.647428957420364 0.373496622216587
-0.0257466537984406 -0.0874616687899034 0.168824310786729 0.484666445884012
-0.0163061226207345 -0.105044833256896 0.0675706006655029 -0.00831028990395131
-0.0577580207311661 -0.064105069218754 -0.214259664537303 -0.420693465308112
-0.051093412661793 0.0370106851220398 -0.773972179770834 -0.0959986967443776
-0.0174845667146912 0.0485309139944458 -0.496980960485528 0.63684034602451
-0.020168799510618 0.0278253549988269 0.298759670402642 0.574227040601272
-0.0238761021211229 -0.0133329241766845 0.46762934552362 0.0496931032106756
0.0168297168652168 -0.0231002251436551 0.267904299393599 -0.191692746219073
0.0108478651699427 0.00478979235691005 -0.0333892853277849 -0.201730035538175
0.00206890327204607 0.00236088550597427 -0.0144190162391669 0.119678144285418
0.000290436190782929 -0.00545722297576175 -0.225773396655163 0.0050706937642879
-0.0308502963828653 -0.0170142628281128 -0.306830639125448 -0.309661494139141
-0.0236877035528243 0.00184548790990914 0.146196294424679 -0.577150614063682
-0.0312717894144068 0.0104118756640052 0.738083620085086 -0.14128712301808
-0.0374349125406496 -0.0181128553353067 0.576234088236419 0.499785192683393
-0.014752673320848 -0.0764526855679915 0.109858088422969 0.482828153830845
-0.015888462267261 -0.0819084724691583 0.0637571961988833 -0.0505750763778331
-0.0485612790991358 -0.0427852532689032 -0.275674624984569 -0.410431424992835
-0.0327348235275585 0.0359047316695914 -0.775115273779171 0.0422267380025131
-0.00648388686773929 0.0366625826085386 -0.352662645820388 0.709046851339568
-0.00741137135237969 0.0246932142395452 0.396146976400881 0.494673779950406
-0.0109006544492615 -0.00368192676858905 0.460865636187364 -0.0290694972288702
0.0182220327136735 -0.0148764539686017 0.238404164995792 -0.22361093698577
0.00721683951133658 0.00398463679974663 -0.0457574949767091 -0.205406360209658
0.000624096621044848 0.0031701849225868 -0.0216988172328309 0.119443420115569
-0.00162328948328025 0.00606938027191476 -0.227624821231098 -0.0150320913005994
-0.0203390332500632 -0.00640699359814571 -0.274088149473135 -0.346808836923918
-0.0116491598598218 -0.00427730481541981 0.228497026534005 -0.55996188721858
-0.0158054872160192 -0.00399226959865749 0.769641036189961 -0.033898888764873
-0.0187872236556787 -0.0110873871463233 0.51688326420976 0.574665235827138
-0.00874678885128416 -0.0463518795621829 0.0723466791703066 0.471412891780452
-0.0150532353726289 -0.0456905126242653 0.0607921113680956 -0.0816183528243975
-0.0289316915447057 -0.0203280968336591 -0.317199365037397 -0.401007336735333
-0.0113184907744327 0.0229888458826136 -0.76165076888995 0.130580818157158
0.00373215587795922 0.0181478864759482 -0.254585873557222 0.7375325297083
0.00741532091218316 0.0188952770936423 0.446382646610485 0.435625192567777
0.00349715691773978 0.0082527040083017 0.449175087205575 -0.0795821095216772
0.0181665904970562 -0.00603600225813009 0.217161231818402 -0.240182941805207
0.00401071004296202 0.00178818290403724 -0.0547371794704533 -0.208030221675174
-0.00252926149039631 0.00345719263110929 -0.0273979788537071 0.120801603326807
-0.00353299439129729 0.0204807031530474 -0.228387415408416 -0.0248224708561167
-0.0100284861663245 0.00793729754370228 -0.264806845777034 -0.361570301024683
0.000564878177021305 -0.0111521915993513 0.25170030268084 -0.554276137422629
0.00365469273794155 -0.0131746554364318 0.779400540303654 -0.00348692756036748
0.0016525615028504 0.0061898372963879 0.500116410517478 0.591052668767676
-0.00883229825881927 -0.00457717827288542 0.0645080481510572 0.467648573447838
-0.0120437028905782 5.22141344217778E-05 0.0586209044061284 -0.0967183825395377
-0.00299524593930661 0.00130138559294514 -0.330114600941667 -0.397540185219366
0.0106582596917572 0.00538476913457681 -0.75515466301683 0.155933799749101
0.0101733188329368 -0.0040043267881884 -0.222201508559087 0.746255397030478
0.0206881292965577 0.0127709236383611 0.463017909793129 0.416294566785911
0.017321952102287 0.0214162694829955 0.442313053281361 -0.0892702383668482
0.0159190759085665 0.00257907123485634 0.206949415565109 -0.242410812272369
0.00165091950611612 -0.00153487859750245 -0.0579011069633491 -0.206340941881366
-0.00506357199626112 0.00394512513810432 -0.0296227048026857 0.122895714927421
-0.00542059337590114 0.0342088854377213 -0.233555845356541 -0.0181909350164104
-0.00131327930536785 0.0218908722223672 -0.282674248134345 -0.347450037331058
0.0128473111788229 -0.0178936398248989 0.213906526042604 -0.568123996272529
0.0222895802121081 -0.0229871453291271 0.77030731294287 -0.060478741768174
0.0254917895790816 0.0245102025563432 0.536646422574269 0.553769756761745
-0.00729510169064312 0.0415196760134857 0.0835026333481932 0.464760097478849
-0.0103361660660852 0.0476136294599347 0.0579712943647948 -0.0915777542548566
0.0232811070983184 0.0253443272773709 -0.317193496935462 -0.409852021478971
0.0326541685404774 -0.0103286810908647 -0.761150176484004 0.116122836645237
0.0151254746220944 -0.0281268708068628 -0.259868191401184 0.732468718505807
0.0309255949456391 0.00632944471916143 0.444235367776706 0.446122299651094
0.0294929613817921 0.0348197320226852 0.447459680920158 -0.0620903562645549
0.0133369465121085 0.0125887559067584 0.215481962178825 -0.229610374914081
-0.000325201087272498 -0.00549592038661178 -0.0541395831066888 -0.20145040758448
-0.00711870791030248 0.00485094213488613 -0.0277167863563474 0.126023555923185
-0.00550983775278219 0.0427833975204705 -0.237378472251996 0.00327409105093312
0.00648147819711337 0.0332434111164743 -0.321760886062303 -0.30635757878329
0.0206560124975017 -0.0231574879761003 0.117418642844082 -0.590607281732464
0.0352208820641252 -0.0345158160803785 0.730281819164568 -0.19028763478575
0.050993216432148 0.0295020342642707 0.607336187758091 0.456857507795191
0.00306266952224344 0.0786679648320924 0.13145486654276 0.467362402431137
-0.00828046981565507 0.0906929613298283 0.0585889626908682 -0.0655226644907801
0.0422887321521717 0.0534967276747396 -0.270713979599435 -0.428750893736537
0.0530527896671823 -0.0163599703828627 -0.773844190536388 0.00978235553220513
0.021584668301399 -0.0466448326524382 -0.365675950595031 0.691371729815221
0.0369006062821063 -4.35838642516458E-05 0.381930094434349 0.511189272056612
0.0392109911777943 0.0453320727950354 0.458008385789463 -0.000153897269412113
0.0118064975679536 0.0222193535467686 0.235991685381423 -0.202773598986503
-0.000324041446830649 -0.00790283924229141 -0.0449099403086521 -0.19377204607747
-0.00602902353120088 0.00291889476424373 -0.0228437766374344 0.131464227963821
-0.00529951899018911 0.0452769706958725 -0.234812717058732 0.0380271202808639
0.0115470563059637 0.0397688147719981 -0.366683831597806 -0.236726426146455
0.0228979138309693 -0.0259826045365149 -0.0204451354560586 -0.59168734799897
0.0386940388071975 -0.0479199341824266 0.642916493215458 -0.355555453218089
0.0716133263014827 0.0201152261734655 0.678843952081823 0.3071717767362
0.0202698534767096 0.0964288060775028 0.198333659818924 0.46256904155759
-0.00624396681788693 0.11969875437804 0.0620358090319003 -0.0243195138774882
0.0480162947241489 0.0823774272906534 -0.203954565249231 -0.444788012068524
0.0679752123980275 -0.00556834657437711 -0.768890062604833 -0.149522509851939
0.0309170660119104 -0.0562614849571738 -0.519650332068477 0.601770425346076
0.0387931824397976 -0.00631752265153415 0.268354855360084 0.588943809359139
0.0427142115879732 0.0529698686385711 0.46049764335765 0.092122386339781
0.0109686398430176 0.0301160741105947 0.264799822386001 -0.16238441173061
2.82910112679624E-05 -0.00943531997369635 -0.0306251743474113 -0.187000071302565
-0.00555277784584951 -0.000598177090399488 -0.0121552168443964 0.138508254894928
-0.00548605940972017 0.0414177299034154 -0.225962635028196 0.0751040662068432
0.0108960737986028 0.0412654682173209 -0.397757790648839 -0.148580913796913
0.0193848898685299 -0.0262537098879878 -0.164722169716158 -0.555254288630402
0.0314920509826239 -0.0549436085914088 0.509204500213066 -0.500403522991974
0.0785235838021061 -3.0325096732369E-05 0.718480540277656 0.133012005216821
0.0373086494720787 0.0952437325387834 0.274389232357251 0.443400040886674
-0.00711211730294942 0.13160200102398 0.0657034322489217 0.0254624581771273
0.0384142667127654 0.10455622759026 -0.12458497206007 -0.441996115316277
0.072357161590932 0.0159303384260647 -0.720704920144073 -0.330342174422541
0.0378533442625025 -0.0524789510774261 -0.676130413609113 0.450936129034215
0.0357423153364709 -0.00793221804827857 0.113025634257865 0.651988524672565
0.04025658073568 0.0557351299670156 0.443754195830274 0.195771410637572
0.0106658232772709 0.034435456878184 0.292320878460485 -0.114670111633561
0.00102485288224364 -0.00932549222501527 -0.0161388142368449 -0.179987475299812
0.00316738240080299 0.00231906016969386 -0.0065285270227444 0.12076516249767
0.000993310670971081 -0.0136766252281103 -0.218847095363646 0.0372117015172707
-0.0393166065631021 -0.0233594414272882 -0.344363816494291 -0.240014889187016
-0.0328408847410028 0.0074665907627297 0.0196089012001321 -0.578779485110979
-0.0398889494658463 0.0252916699772863 0.65491319114119 -0.290047014867684
-0.0510903043153886 -0.0105448581918577 0.638711155610398 0.365131632330702
-0.0265460376676855 -0.0862837204686443 0.166852685811616 0.477006445297215
-0.0166096378401948 -0.103139748521351 0.0672528146854799 -0.00765665598265289
-0.0570311742166428 -0.0631224210603825 -0.212438838433922 -0.413841089768517
-0.0502716931221638 0.0361825004079215 -0.764128639858086 -0.0921551901586085
-0.0173150692837943 0.0478621313507633 -0.48588113843547 0.630822124956114
-0.0196401471723591 0.0275864828047858 0.297054118041129 0.563597918282294
-0.0237959396664136 -0.0132723942659376 0.462242747134676 0.045607283524686
0.0166655543891107 -0.0229629745683791 0.262665611641926 -0.191814685720829
0.0100663453703435 0.00440197318654935 -0.0334749015883247 -0.199443874444305
0.00211905051468468 0.00205441330744968 -0.0148814887269379 0.118502123878091
-0.000199114291318687 -0.00604694991262072 -0.222393570673723 0.00626591670782448
-0.0298595029661362 -0.016244893420294 -0.30342921582286 -0.303730780941368
-0.02305348627683 0.00241840879152849 0.140959331859277 -0.570003232565161
-0.0307379085716416 0.00971116032371187 0.728330451606575 -0.141974682174371
-0.0376478614860922 -0.0176608967089709 0.569466679645753 0.490575608756042
-0.0147081077610007 -0.0758700250039532 0.110530921510407 0.47386804464452
-0.0150466415039768 -0.080822503941188 0.0626759867425238 -0.0507335605713729
-0.0475835110643498 -0.0417456871258532 -0.274744989139848 -0.403514959599255
-0.0316103620422418 0.0351311669475633 -0.763420747593351 0.0457981450761607
-0.00559863280555034 0.0367062959334223 -0.342732881254322 0.700748241431399
-0.00648717270140251 0.0241694780131958 0.392333256047794 0.486572088341228
-0.0105097624490079 -0.00391150009213661 0.453730260285277 -0.0334444500417859
0.0177220074990728 -0.0150207846345587 0.234001430276237 -0.222884288021343
0.00693804123241067 0.00408611937572647 -0.0454647951520776 -0.203032422179582
-0.000428150853656988 0.00281108948709268 -0.0226153284426837 0.118570262575719
-0.00191229328502596 0.00626930043896941 -0.223317646490639 -0.0148289441615448
-0.0195884207773432 -0.00578343802940891 -0.274024062655809 -0.340991288761699
-0.0116702383767772 -0.00409957133633354 0.225025275853435 -0.554012583068319
-0.0151682933394551 -0.00316096575699543 0.760366858533655 -0.0369596996876572
-0.018783088344355 -0.010914551616734 0.511263606346422 0.563956648388094
-0.00932647832129318 -0.0464648542255019 0.0733739886297799 0.465455114195428
-0.0145135849282134 -0.044822318420978 0.0590228817427714 -0.0810537372848369
-0.0280411281898251 -0.0196794715277614 -0.31420761448938 -0.392853739767497
-0.0107553991529601 0.0234017689827959 -0.749367150642127 0.130916718120068
0.00330837316008868 0.0182429397542253 -0.247400117432072 0.729943986810377
0.00736095075506601 0.0190095061263604 0.443091340227022 0.42767374352138
0.00319696173723591 0.00745443789227048 0.441249870417598 -0.0812669845280024
0.0177933859353789 -0.00665662485548212 0.212036559920723 -0.238730948832965
0.00400012326240483 0.00156823677786519 -0.0551658475645157 -0.204726517839215
-0.0026928536227151 0.00417400420119996 -0.0275545305169725 0.120248191473337
-0.00398169426852435 0.020301257663157 -0.225916664480286 -0.0231553981678656
-0.00922645711566049 0.0078527329075138 -0.262321684573184 -0.355033975965216
0.000854188471186733 -0.0104992059579689 0.247547673807176 -0.548243490202391
0.00338389220715109 -0.0123241009809684 0.768143328977966 -0.00708930420762481
0.00192596359371528 0.00622450535896312 0.495537781081272 0.582656856623851
-0.00908989211196545 -0.0031536085701405 0.0643214784841657 0.459969325576106
-0.011551342066147 0.000523068661347181 0.0580071233641207 -0.0968193548852977
-0.00257208804761062 0.00218646228395687 -0.327759418203606 -0.391721145407539
0.0111885005802468 0.00578816303448197 -0.743305784194833 0.157719981962168
0.00988173245236376 -0.00415057347964156 -0.214841131360623 0.737463636177309
0.0201596162427595 0.0129239037381119 0.457595253700527 0.408682863525125
0.016883658248709 0.0212024812420982 0.435342510909541 -0.0908361258257473
0.0156750852235947 0.00221245223861321 0.203376996288616 -0.241400978910067
0.00105011077110052 -0.0011996591628412 -0.0577432601623289 -0.203380346515229
-0.00502194881774727 0.00490390576018445 -0.0288978846539317 0.122705629993552
-0.00568692492347856 0.0339760183405583 -0.23000765119363 -0.0164834003672851
-0.000737866161180612 0.0216151005432009 -0.280686563034398 -0.341599009574739
0.0116259984281298 -0.0176080482419059 0.209107983580951 -0.561457332210657
0.0217682716090071 -0.0224161991409862 0.757929415115847 -0.0629075510551504
0.0250448647665247 0.0241486787370177 0.530528049032099 0.544103526395768
-0.00734504475841394 0.0416389441665747 0.0845620972298702 0.458045404218466
-0.00912000021238124 0.0475204041839664 0.0563717409725996 -0.0905993933046828
0.0239613407739708 0.0244683828789097 -0.313618254118858 -0.402816643767559
0.0317465275007176 -0.00959199189732486 -0.750904216347785 0.117803940835351
0.0142540255555759 -0.0278173116939394 -0.253885608630038 0.724613254323422
0.030854391566032 0.00608533113896996 0.440175128558432 0.437175041460724
0.0290384422533079 0.0337949222903756 0.442096127712063 -0.0629898153515994
0.0133782782493348 0.0118217534383449 0.21099280706721 -0.228981685050337
-0.000290992913319877 -0.00459346563632404 -0.0544115710238627 -0.198858760817318
-0.00735205109457842 0.00463733984103984 -0.0276818270862262 0.125003781075813
-0.00611370207848173 0.0421572171940336 -0.234864482755891 0.00561874712641877
0.00648732053627983 0.0324041988287732 -0.319210290372769 -0.301387438041052
0.0197777788223257 -0.0231272079227279 0.1131678109843 -0.5830473120137
0.0347872030003619 -0.0340680792768029 0.719275565902105 -0.190318092232726
0.0499781053184074 0.0297900323172765 0.600510140339846 0.447740922779227
0.00245339859303387 0.0769685408890952 0.131563392480284 0.460239751432996
-0.0075249474172871 0.0887277455141199 0.0581192543030362 -0.0648300156845574
0.042347072349795 0.0524493710123767 -0.269103186280991 -0.423457608192151
0.0520018053733064 -0.0149444002523 -0.76395416308276 0.0130552583550277
0.0220009684719513 -0.0459248221106754 -0.356447151763221 0.683543490160996
0.0371095973634649 -0.00101144257600187 0.37848833087066 0.502163284228925
0.0392539141802439 0.0450070119509806 0.452093111242621 -0.00210680928493465
0.0114538374383386 0.0219038249123123 0.231671995036837 -0.201675477620774
-0.000985324366702722 -0.00766354773546953 -0.0457322202314863 -0.191883967131246
-0.00697046565260136 0.00348900181173603 -0.0216474083599553 0.130390810453398
-0.00565597735801289 0.0441489044842089 -0.232590240264217 0.0380575290552485
0.0106675603036954 0.0393741771090098 -0.362345545555031 -0.23178596981894
0.0229505213529064 -0.0269426762256908 -0.0236871391103314 -0.583424740214137
0.0376790455026021 -0.0471330356286439 0.633777513001016 -0.352095190715934
0.0698028849848664 0.0190927779922948 0.67214664350628 0.298700711688615
0.0196168066273242 0.0958423114249876 0.196974881328618 0.453839290442575
-0.00563229076424266 0.118368349745644 0.0611405281863104 -0.0241208892484429
0.047389780500092 0.0815715892061969 -0.203038961746675 -0.435621555260521
0.0672164221805377 -0.00622224615453519 -0.759916170148639 -0.144443594975916
0.0299662698973002 -0.054833858335154 -0.506083464579958 0.593935676681569
0.0380228128295729 -0.00568757132619161 0.268861732606264 0.582202526212533
0.0428478397345895 0.0517833800270112 0.455092778372121 0.0886447002165195
0.0112338615585711 0.0294556362441607 0.260269291035352 -0.161947085892244
7.52315989869762E-05 -0.00897440501547378 -0.0314791370252301 -0.183837217696475
-0.00641984330927906 -0.000240524988242498 -0.0118969718960733 0.136917943446011
-0.00506460038339848 0.041204546467421 -0.222740662704185 0.0762092819517367
0.0121335817246291 0.0404955713560245 -0.393734413912302 -0.145581594665002
0.018908432959098 -0.0260495336819726 -0.16354260891431 -0.546469847031682
0.0300922676268588 -0.0541602833698384 0.49971640435149 -0.49589691497451
0.0770558002239507 -0.000344440879472543 0.708155303873222 0.128825481344943
0.0364839218317066 0.0939039202088168 0.270630519441924 0.437459303159583
-0.00667698386071318 0.12960801049532 0.0652482001779936 0.0250488837691417
0.038414161348162 0.102815666031662 -0.124310180796253 -0.43654661193604
0.0714566232462573 0.0154138469575212 -0.712944218004798 -0.320668237048642
0.0371820537772118 -0.0514947034414677 -0.664467665006831 0.4479480699384
0.0351265200519747 -0.00835736571715558 0.11406755745618 0.643403825053713
0.0409291977617772 0.0542114973532692 0.436641480652194 0.190448187897726
0.0102404533444793 0.0343235147198621 0.287856697514201 -0.114286478602995
0.000824822869150498 -0.00937737258012727 -0.0164376356727862 -0.178488771078461
0.00304617303113559 0.00234289841213081 -0.00743240536164282 0.119427110870262
0.000666214861066775 -0.0138250299561273 -0.21708269289637 0.0369344549279955
-0.0387795939562862 -0.0224608744385289 -0.340346333342548 -0.236814465215325
-0.0327765095797722 0.00830869282566876 0.0193258701496353 -0.570766836504709
-0.0390007067474032 0.0255853670361359 0.645726180944766 -0.287289098177471
-0.0503015040711682 -0.0101793113135021 0.630245240430451 0.359304233007259
-0.0270500492758165 -0.0857670988057755 0.166170988649347 0.470018281979573
-0.0161702798984862 -0.10211772982672 0.066273684503029 -0.00902033501792186
-0.0562624062349203 -0.0611830729269229 -0.208027922955099 -0.409284984916438
-0.0490474128704981 0.0360206508978976 -0.754405590281467 -0.0899335412126214
-0.0166781109141648 0.0485623728668296 -0.477289865796774 0.622511684851864
-0.0186563791874748 0.0264163592132896 0.2946546730577 0.55667924595845
-0.0226255201613462 -0.0133164932165423 0.455434789571047 0.0446033886549893
0.0171005392018308 -0.0233698730220132 0.259133030508257 -0.190420844623719
0.0103406600257437 0.00413766880836789 -0.033267540704638 -0.196010590983598
0.00136339144073124 0.00258421089521749 -0.0152100392546208 0.117431335854668
-0.000376266006449564 -0.00621273834093861 -0.219415430106948 0.0071458732148155
-0.0302208612882547 -0.0165031016505705 -0.300953657469877 -0.298670104487919
-0.0224232799973875 0.00255536244992291 0.138473516576857 -0.563374459525378
-0.02977723772325 0.0100648495988021 0.717698417942017 -0.140233849242896
-0.0367846289265591 -0.0171862700768011 0.563951412977191 0.483809513610884
-0.0149822220639218 -0.0752398439694856 0.107874974681661 0.467381036718049
-0.0153198747743206 -0.0795499621858682 0.062454206634572 -0.0494239376250161
-0.0476214811402016 -0.0406003099063142 -0.269418819199368 -0.398233478809244
-0.03086997087877 0.0347303525559104 -0.753711596694536 0.0437309826265336
-0.00644755882595588 0.0364040930143249 -0.338975019801471 0.69126881413683
-0.00608486573869436 0.0239008594255809 0.387839419236973 0.479978963039738
-0.0104669383747904 -0.00387155040187663 0.449260865088371 -0.0331497629178025
0.0183616143969166 -0.0156788594955572 0.230301830773238 -0.221103023421983
0.00634916053853747 0.00449725962833114 -0.0456272961459508 -0.200556558861787
-0.000767666128596715 0.00278885156907603 -0.0215648491320152 0.11802041617613
-0.00207610378874063 0.00584226437632282 -0.221022048793944 -0.0141795372493686
-0.0199326522292472 -0.00545396801813318 -0.269274263860388 -0.338175263988996
-0.0109030143064092 -0.00351317822399365 0.220270548244335 -0.5464461576689
-0.0156235794031498 -0.00405763584798392 0.749134600922334 -0.0368205209897848
-0.0177539427679137 -0.0104388522973885 0.504076633782644 0.554307990775062
-0.00954821092532129 -0.0464302451169051 0.0716318537760241 0.458986100802147
-0.0138913930104896 -0.0433966220730628 0.0598046106319488 -0.0808549214054515
-0.0275861781724499 -0.0194944515593413 -0.308490900406163 -0.387713372126107
-0.0103050236967501 0.0231908703527591 -0.739261500804634 0.131739486285928
0.0030667209152629 0.0179206933364872 -0.242125669657435 0.721094229528107
0.00742346067830642 0.0182519648432148 0.438076808885406 0.421044846401368
0.00347310180566612 0.00811531837275142 0.435038190036136 -0.0811713052947965
0.0173867894547712 -0.00660098446110876 0.209691813823481 -0.236987556082605
0.00421762502280517 0.00229934297722777 -0.0544344675633744 -0.202110845958028
-0.00258566289816562 0.00421556090966093 -0.0275938078072782 0.119038463518891
-0.00410208439938737 0.0198173939469638 -0.222973856187775 -0.0218704571369077
-0.0097765505260562 0.00792430784667261 -0.259758035876951 -0.351879595527811
0.00110404693661395 -0.0102926839106713 0.242786768173539 -0.540521647033109
0.00389272030934088 -0.0126404784185333 0.7597927439975 -0.00795962727618232
0.00236952108272528 0.00652893082468917 0.491337672400539 0.573953222523471
-0.00977221800823787 -0.00451416593709995 0.0648027083429819 0.452527734955559
-0.0118790208924854 0.000254097338105811 0.0569679856576298 -0.0950719142400277
-0.00168929026343754 0.00237002868362571 -0.32181844247911 -0.386443740811156
0.0110837582913111 0.00619766327840204 -0.733404378188705 0.155362724497641
0.0093237949645278 -0.00444853195797858 -0.209975889974994 0.728189546363747
0.0200035030566324 0.0122417714427606 0.453539721921307 0.403835993367598
0.0168243730859275 0.0208855322054339 0.430942356233664 -0.0908696018533777
0.0151941504048686 0.00237366600090127 0.200221071492942 -0.238616025402935
0.00118990820144271 -0.00190721614384602 -0.0583102079152274 -0.201753540704314
-0.00552655256012118 0.00504398585990617 -0.0291456105162773 0.121471191712771
-0.00577586514300448 0.0330853169664852 -0.22878334770062 -0.0150670129781818
-0.000222539322062562 0.0213973525667702 -0.277151327019964 -0.3369860559075
0.0127569333647076 -0.0169566000491721 0.205403256586349 -0.554790257243174
0.0220316673942331 -0.0221840692535956 0.749326807586119 -0.0645367987969997
0.024904501393792 0.0237631625170408 0.523504120679001 0.534890951361225
-0.00823083365442595 0.0409865064998866 0.0830427117970499 0.451815839527128
-0.00989713671909166 0.0465993328638184 0.0561742685963278 -0.0896135352634229
0.0228892961056804 0.0249163867385111 -0.308464600914736 -0.397361193903203
0.0320891868754412 -0.0103252744629221 -0.740601160915684 0.116118277921824
0.0142133269385214 -0.0267856263377049 -0.247556352839308 0.716572092197268
0.0304118296049041 0.00627956809867319 0.435333537865006 0.431755346182501
0.0298948101571888 0.033610256655534 0.434892917534873 -0.0631531441321534
0.0128355558313652 0.0122609866520395 0.20834163127001 -0.226933186875511
-0.000156465564476952 -0.00541354221806806 -0.0535730960411953 -0.196947619946099
-0.00701680842491418 0.00507056180843774 -0.0273431531934411 0.123762966360535
-0.0061385901870164 0.0417606341660677 -0.231104903672349 0.00637990817849581
0.00685237506691746 0.0322246853538628 -0.316558610484278 -0.295980016825914
0.0199212384694656 -0.0229479892723131 0.110861431383715 -0.576446603977839
0.0348850791776266 -0.0337711332875119 0.711823657174794 -0.191474409285643
0.0494020576129096 0.0292195034236884 0.592884372159152 0.439412148338806
0.00139662227480588 0.0761178885790644 0.129316215938974 0.452552053690212
-0.00750847146817223 0.0874588772148048 0.0572921911355367 -0.064903729365807
0.0411110301949798 0.0517030628966587 -0.264930959021951 -0.41691173689651
0.0513878156782807 -0.015434330411982 -0.753812629263465 0.0139166084426577
0.020850882413876 -0.04570771957679 -0.351191439075625 0.676559208274723
0.0368618176650388 -0.00106935414522489 0.374963402628688 0.494048086404511
0.0391138110225565 0.0447299799954709 0.448127567687941 -0.00302563473936855
0.0111354954682931 0.0211500360338052 0.228755507070704 -0.20040182683173
-0.00035971129146587 -0.00778541516309162 -0.045235187142227 -0.189597260131476
-0.00666572676642235 0.00388971577749721 -0.0231293777206484 0.128677818121439
-0.00614650719005853 0.0440549975007496 -0.229898865091941 0.0384150318124345
0.0111868084341748 0.0387293724259094 -0.35858490913571 -0.228226847864741
0.0216598819449613 -0.0256428556784703 -0.0236667967227144 -0.576223546705333
0.0378558685872076 -0.04602972407978 0.624577946307134 -0.350608373637419
0.0698389602674449 0.0195537735567516 0.66155291307128 0.295328237275041
0.0184648916694822 0.0946919262002952 0.194800039444486 0.44857385686211
-0.00587010909771209 0.116738718860057 0.06087334164532 -0.0238700260594
0.0472545088525646 0.0797175713220777 -0.199043848301697 -0.4317405498011
0.0667919795316008 -0.00640525027591936 -0.749641663598677 -0.140207139336584
0.0297076861885203 -0.0538065056329456 -0.50071917705056 0.589031880646579
0.0381978814087434 -0.00604886663776531 0.266120834806397 0.57295030078466
0.0429813595594957 0.051300017174242 0.449597737629383 0.0869057946651023
0.0103248999063958 0.0289128805304102 0.257121406488325 -0.160762788934943
5.72744940354137E-06 -0.00952487747786531 -0.0315271540650132 -0.181561312523644
-0.00619767365552634 0.000528666282939383 -0.0119224426680559 0.135732680678404
-0.00570240634950978 0.0406988398401456 -0.220656479618974 0.0757070175846651
0.0110417784895987 0.0399776012698982 -0.389070874449234 -0.141947097092542
0.0180729148946417 -0.0258734668310456 -0.163066079148025 -0.539406255423307
0.0308279051593281 -0.0542054878772128 0.492190064371123 -0.488442083527466
0.0762607921677042 -0.000334662933156431 0.699112405119969 0.126746552632703
0.0350492708304145 0.0929905113519413 0.267205573845193 0.431652105516791
-0.00551605543641752 0.127820577838939 0.0650012952209739 0.024372614281325
0.038092703037395 0.102056696609903 -0.121147193048849 -0.430454120067067
0.0698613575943206 0.0144730255932206 -0.703539904484754 -0.317644823776033
0.0365389831442502 -0.050320448613884 -0.65616061341792 0.444432236133088
0.0355211020887731 -0.00808439599811775 0.114507182219777 0.633815458393602
0.040746379568796 0.0539698317483458 0.432245507113926 0.187572046756548
0.0103443362435778 0.0326980779463857 0.284061840942435 -0.114351520184472
0.000536845360687629 -0.00928186850714383 -0.016603725614558 -0.176386149065383
0.00162842006159229 0.00255367242281467 -0.00683929375478341 0.118749460326154
0.000948623390486184 -0.0145404562035006 -0.213844634306027 0.0367572262636172
-0.0388160963360359 -0.0224833374278425 -0.336720639327555 -0.233050831659394
-0.0322227259805302 0.00757239044898296 0.0186813937906603 -0.565259742758508
-0.0386257763999004 0.0246619184673271 0.641047797524103 -0.28135815276052
-0.0496821797665182 -0.0100831018251533 0.622847112213002 0.356671741784182
-0.0264526425857477 -0.0849137685622759 0.161743773056678 0.46387929249007
-0.0157611884944506 -0.101483000262922 0.0661495133140924 -0.00818332513327377
-0.0551227500248499 -0.0611390399106313 -0.204711879031366 -0.404331048874516
-0.0481918369117575 0.0357757577297209 -0.747460677582227 -0.0892111098359377
-0.0166132876719336 0.0469230017617034 -0.471857563337541 0.616593726075701
-0.0188388356816277 0.0264893732988422 0.290256866155772 0.549790827651717
-0.0218078575013931 -0.0130951650938482 0.450004107410968 0.0425405280940669
0.0162210158805075 -0.02236367914737 0.256423002017035 -0.18771274378383
0.0101540946745634 0.00335214782195865 -0.0319644247548604 -0.195263838882598
0.00107344394897994 0.00193794924983183 -0.0154806586446196 0.116911759667042
-0.000586159110119405 -0.00631464379504033 -0.216370386799004 0.00690460374499908
-0.029176008712738 -0.01636517971929 -0.297668732674918 -0.295537500530325
-0.0223702459631034 0.00216713604672527 0.136870117998124 -0.559553823090252
-0.0297403018852227 0.00932292523855551 0.711417051523983 -0.138014796054838
-0.0366589610394033 -0.0171126247187248 0.555632930463647 0.479790133675247
-0.0153283367967686 -0.0751298059594279 0.106492207746395 0.461168257717808
-0.0148619086331425 -0.0785962092498875 0.0621404714487496 -0.0500178221556221
-0.0462562985511325 -0.0397247005291234 -0.265521699846717 -0.393712429344611
-0.0303643319388543 0.0346607137767697 -0.744885329034101 0.0443322368423737
-0.0058654294711333 0.035525447142596 -0.336673409420364 0.683794997676706
-0.00572141081221273 0.0237377767191944 0.383876643156098 0.472870845061048
-0.0100232443326418 -0.00381367667426046 0.443078936144495 -0.0336601581100237
0.0176660117438414 -0.0153243477292786 0.227343839460686 -0.218538385745403
0.00680320379822476 0.0041582853567241 -0.0452734159156316 -0.199262825567384
-0.00179305327818209 0.00354868032930469 -0.0226489919995823 0.116563448075389
-0.00278700283738976 0.00568043352481865 -0.218232073520603 -0.013322857432911
-0.0198783922409926 -0.00571189639946424 -0.26701396249738 -0.332394755455419
-0.0109662668816171 -0.00343431395631101 0.218329102933381 -0.540949060950283
-0.0145003483914057 -0.00306160071289646 0.742045099676968 -0.0359491320032396
-0.0182683383713189 -0.0100920764481503 0.499447675567198 0.550894273278135
-0.00999308235492519 -0.0455652080667849 0.0709795064910393 0.453899671182493
-0.013622108655938 -0.0436201139385542 0.058362900515785 -0.0798616253253913
-0.0270455393949127 -0.0189843990251551 -0.303318378258358 -0.382813149174899
-0.00911144173125502 0.0226434176742903 -0.731515997179459 0.130513340943754
0.00288595757354026 0.0179899512008391 -0.241528681738541 0.713701390425881
0.00740952920229144 0.0185171750430278 0.433484505221288 0.413992870570819
0.00378272518815034 0.00736629132783558 0.430137395326586 -0.0799499583672963
0.0176342884325545 -0.00693657260035597 0.207419387452069 -0.235286091152174
0.004237815407492 0.00195731992960724 -0.0532043562473879 -0.200443239832551
-0.00294452612593667 0.00480557590786887 -0.0288616931391116 0.117695469324046
-0.00462581384503295 0.0194302730735718 -0.221084493255944 -0.0213466497824321
-0.00984964696982868 0.00781375473883233 -0.257115132550354 -0.347243082263058
0.000662485296428817 -0.00995932276155325 0.240689574574296 -0.53573950375686
0.00414814187366608 -0.0129080755716834 0.751273782060195 -0.00780288773835861
0.00273455542044691 0.00716730113260088 0.481398115412235 0.56862191119764
-0.00985856259302241 -0.00375022536639502 0.0619233350490442 0.447403160476609
-0.0124368578903361 -0.000105576160905882 0.0565743663803553 -0.0939165808887206
-0.00210423818120584 0.00202588033842049 -0.317799504679636 -0.381759820430633
0.0110744004311556 0.00541195841003535 -0.726251435199701 0.154904238889091
0.00967849050332143 -0.00449246700503832 -0.205885132715129 0.718613538764865
0.020303922479624 0.0125469246147633 0.448605444258665 0.397595794317706
0.0170147474591364 0.0206992265905244 0.425872519981906 -0.0913903731356838
0.0151619724821418 0.00292028788798255 0.198341047459231 -0.237586653128659
0.0010812414299339 -0.0016512985522998 -0.0575095251490427 -0.200188844736516
-0.00528011127148982 0.00635680412062997 -0.0293669298774662 0.120641679143934
-0.00573173528040958 0.0326960804025066 -0.225246849440081 -0.014591065481294
-0.000955353975761587 0.0218612245006545 -0.274616027878528 -0.33376300824685
0.0114431096439667 -0.0163009423506068 0.204106397591001 -0.549182551690955
0.0214864348387375 -0.0218864733958345 0.740750919199122 -0.0626465302448164
0.024646755862644 0.0236603790072141 0.516622648934359 0.528584134855781
-0.00898599896093105 0.0401691126702758 0.082220941196883 0.445546546678108
-0.00898970280705821 0.0461228706041215 0.0555367161364225 -0.0885172187591893
0.0227007077522466 0.0245466784271024 -0.303812352541553 -0.391686697315954
0.0316370800452699 -0.00912599498620221 -0.732077346916274 0.114776037516452
0.0145767987413278 -0.0265999719579368 -0.246326486848229 0.706360405688932
0.0305056745654136 0.00609627374779658 0.429319615651147 0.424887992572366
0.0291802642956823 0.0337800334996041 0.431218812963888 -0.0635294039685872
0.0123888989150544 0.0120002200850429 0.205197888735615 -0.225070363571937
-0.000112175499772472 -0.00481247611129946 -0.0534485660308465 -0.195031434045101
-0.00677606151319259 0.00562972796617865 -0.0277669293437927 0.123684251412845
-0.00658114097987927 0.0417084075247962 -0.230034959494765 0.00673598009375037
0.00614842383849149 0.0325927377423877 -0.312633171560324 -0.293721358866896
0.0193053528950972 -0.0220102680680271 0.110077761227923 -0.570663423574132
0.0344329707823791 -0.0338155899119849 0.703380297358723 -0.187270095854953
0.0486193122642107 0.0293628715511437 0.585177944040864 0.43556636901501
0.00077912841986952 0.0752017390093767 0.12769855887241 0.446531728028157
-0.0075747437848853 0.0867339666460777 0.0563646877257192 -0.0647727951845559
0.0410907678881108 0.0511917084034103 -0.26130531413713 -0.410936816478896
0.0507554058828985 -0.0151218932539968 -0.744833050243562 0.0123615465427095
0.0210092858496611 -0.0451221120797034 -0.347312725457958 0.66661408559102
0.0353888280138001 -0.000719114303630315 0.371709245926009 0.488234316827234
0.0393775071994106 0.04401560292358 0.44285514325755 -0.00373753688492856
0.0103067913124457 0.0216776378483656 0.226291191608192 -0.198569884771162
-0.0005264794887597 -0.00778560080480119 -0.0443654892641753 -0.187469004124327
-0.0070332028228896 0.00454824891308764 -0.0228200969215753 0.128555400956254
-0.00669732185861121 0.0439044808362084 -0.22764031784511 0.0387143658625941
0.0109726106831693 0.0383380510418556 -0.355258220938467 -0.226077953969713
0.0215385715693409 -0.0261722519044689 -0.023356462838892 -0.568457609947898
0.0372202021920774 -0.0463187684327865 0.617847996966877 -0.344930537795355
0.0692153248946925 0.0192007593380068 0.652800227507497 0.290796902193685
0.0180647071988429 0.0934782303547878 0.190337039783662 0.441941605760048
-0.00696729826570323 0.115192805386899 0.0600917436626503 -0.0245736449572677
0.0468349002078478 0.0794699909707613 -0.196799972575547 -0.424805257024724
0.065467420143946 -0.00561505314198274 -0.740610378215085 -0.139955978130078
0.0290032191133069 -0.053725375402077 -0.496651926667071 0.580771857377214
0.0377362309682149 -0.00529963104214294 0.262101649741181 0.567495397526581
0.04304678432059 0.050969801416542 0.444471446813451 0.0863705074182624
0.00982382939330433 0.0287626144937101 0.253477129246018 -0.160088917484893
-0.000547100688255887 -0.00873979137428791 -0.0303860647372445 -0.181018029479015
-0.00707407901800282 0.000969446455681962 -0.0120864271126033 0.135512146250732
-0.00617497184773814 0.0400962644861907 -0.218233735021985 0.0757053564377198
0.0113678324390735 0.0394535319532609 -0.384716502586431 -0.139930448803219
0.0184121385362297 -0.0255519363036379 -0.161785987129777 -0.533284816714337
0.0310471267264101 -0.0532803804988696 0.488073341629145 -0.483423377665281
0.0751696550557805 5.55363277051834E-05 0.690637302541224 0.12385502037881
0.0334842291202214 0.0916903649958291 0.263472830571353 0.426428906946058
-0.00709347721101999 0.126022431442031 0.0638028849485628 0.0247344727290799
0.0386992983863996 0.100407026550008 -0.118575633546554 -0.42562909472873
0.0694429369780344 0.0139461867868481 -0.693665064882654 -0.313586834675111
0.0370472306136519 -0.0502132979488703 -0.648780554335748 0.438153913090774
0.0347225419112858 -0.00826875742425199 0.111800895557308 0.627178460468084
0.0400368409999496 0.0520320932008115 0.428320780297342 0.186524178951227
0.00988955433833465 0.0328465935536052 0.281167451925487 -0.113507655403695
0.000734132374562759 -0.00814215580124458 -0.015844861705141 -0.175911852711532
0.00148238930249981 0.00221000134300681 -0.00857472395881765 0.11771641564246
0.000871339946334848 -0.0142690671008406 -0.212557059087164 0.0359976834762588
-0.0381077514363759 -0.0225792355169394 -0.332879199753302 -0.234042515329542
-0.0317576398612494 0.00733002040286036 0.0197737113456496 -0.559096580168347
-0.038269266850197 0.0245385816584069 0.634328561629693 -0.278728044270986
-0.0485764373257391 -0.00957357733189331 0.615456623116059 0.356479986394005
-0.0269141147285582 -0.0843531892366473 0.158655624627526 0.46091464764815
-0.0149800038344425 -0.101229445307203 0.0651224121358032 -0.00753144844021547
-0.05479844678926 -0.060424745492821 -0.201516273863992 -0.401019262852679
-0.0475187063441343 0.035475766463552 -0.739736527218224 -0.0893488864829233
-0.0176393324853711 0.0473160276970549 -0.46886621790338 0.61073891314813
-0.019030052559147 0.0265553979312431 0.285568810373599 0.545211369433685
-0.0214765326604662 -0.0127535075708379 0.445884319847738 0.0441236811778319
0.0165934252674534 -0.0228001816579729 0.254906065914123 -0.186419998003431
0.0101861100031619 0.00328973691620745 -0.0316936974741277 -0.193386851542779
0.000200491290001572 0.00214836739170488 -0.0167405060556758 0.11625518436883
-0.000389690103803326 -0.00584685160960202 -0.215800620959104 0.00604413302740991
-0.0289275726134016 -0.0163892123319622 -0.293433617997506 -0.293519570704098
-0.0219750612664669 0.00246457506114584 0.136855428677641 -0.552969920698046
-0.0289474587662261 0.00934350292010219 0.703741250179786 -0.132946307140382
-0.0358707322287789 -0.0169256209034961 0.548489755300512 0.47443735369917
-0.0161470689237692 -0.0744112743260143 0.103586087502527 0.456363709419583
-0.0148015834513564 -0.0787736575693377 0.0626567913140634 -0.0488518255879777
-0.0451785390466087 -0.0396446608628123 -0.260688306742021 -0.391327449097273
-0.0291088049121567 0.0344318778822959 -0.73806236566279 0.0414565211768219
-0.00595391279021499 0.0363322506554731 -0.334079985465108 0.676223222931111
-0.00660118768234013 0.0234629232568612 0.378131417321225 0.468157413628437
-0.00925389707995848 -0.00388639835213228 0.438677068461634 -0.0329590782516105
0.0174456714187707 -0.0148118066563124 0.226808571132603 -0.216691955651238
0.00570278715050383 0.00417869568035403 -0.0433291102421179 -0.196978478419029
-0.00176854501927835 0.00354416026072486 -0.0230409451591794 0.11554990256395
-0.00264481578457247 0.00563420434349485 -0.21631344051044 -0.0140780986075569
-0.0192194559687249 -0.00537437325425656 -0.263323300743146 -0.330359875526216
-0.0111550512542629 -0.00348956194456398 0.218426766273165 -0.534694052712385
-0.0144007968682832 -0.00398828098221816 0.734146548503029 -0.0337611928330247
-0.0170325494879114 -0.00998666351999016 0.490545300640735 0.546628089635026
-0.0108628177080951 -0.046205411814066 0.0665541664359063 0.448350781694989
-0.0132393958245285 -0.0433666853563091 0.0585442287852943 -0.0793258349586363
-0.0261590056424743 -0.0183093993292204 -0.298709477976353 -0.38072466726103
-0.00906579567012786 0.0224760531759754 -0.725588498652967 0.127616542394801
0.0024914717502968 0.0177061438301125 -0.238392928478324 0.707445137237746
0.00814380803616893 0.0183756674095764 0.427844438628634 0.411067115825321
0.00351957517731473 0.0078024764415734 0.427144044251712 -0.0779430863493918
0.0169919015204932 -0.00668363313901636 0.205521609036047 -0.233441527293305
0.00318262569782928 0.00290971203153408 -0.0524427563672348 -0.199146628771564
-0.00358129328274756 0.0050021118466687 -0.0279041701694653 0.117129547094264
-0.00386269145094608 0.0197655134747221 -0.218854462480292 -0.0210256564694799
-0.00893425776015727 0.00780598907043255 -0.253828491944124 -0.343496516372786
0.000255717261989647 -0.00977487881282676 0.238314752543641 -0.530131884627099
0.00362674159391418 -0.0130910632594878 0.741259779618092 -0.00424024918033662
0.00239177516455867 0.0069101246271023 0.478184426815585 0.561460263866625
-0.00983349570616731 -0.00374593524961816 0.060542238883154 0.443641003981467
-0.0116903675526708 0.000113466111551185 0.055185193222163 -0.0935920344430299
-0.00107344365827242 0.00211901985295857 -0.311575773318345 -0.380731890473587
0.0104534818854505 0.00568840760310952 -0.720266076683955 0.150699241357811
0.00865081818123401 -0.00423442200158518 -0.207667999819434 0.713405956474671
0.0198551981257896 0.012413947485006 0.44279285851557 0.394737075045872
0.0172028871956908 0.0204857152385241 0.423155391953868 -0.0893744643948872
0.0141736307283129 0.0026033302465244 0.198110800722368 -0.235084300578037
0.000944558344045759 -0.00151438554421271 -0.0559398906757802 -0.198721089918899
-0.00635530985193573 0.0061455112521827 -0.0306290651336859 0.119331705142096
-0.00508894085303868 0.0324147680739757 -0.223435630629267 -0.0148912070627428
-0.000294769509230163 0.0213703915125048 -0.271291801295613 -0.332352629086626
0.0118667444894775 -0.0160001915858689 0.20281588307941 -0.54385580316386
0.02128784148144 -0.0217727312572799 0.733735736681853 -0.0612278429613641
0.0245463082241157 0.0235267269037028 0.508797094025484 0.526812488508838
-0.00920082112837499 0.0393527378675136 0.0779817187241187 0.441750346780142
-0.0106894136568389 0.045246995636424 0.0553910968124673 -0.0876889820448134
0.0233967238128297 0.0250021974687082 -0.299808992041393 -0.390136348139187
0.0312500766116244 -0.0100489812285229 -0.726509587367603 0.112507239266488
0.0145386289512463 -0.0265404484424775 -0.245260753438293 0.701534300889722
0.0307877660636755 0.00595064783083049 0.424172750776365 0.422044553050541
0.0288550106450722 0.0333982849404004 0.427404334594342 -0.0625315307146869
0.011875769229714 0.0117742373213773 0.204539723576311 -0.222391160156534
-0.000764189003217924 -0.00421646946108844 -0.0526278225712112 -0.194009799244602
-0.00747258933614196 0.00656959686538538 -0.0285822869686616 0.122017897385931
-0.00606173745574741 0.0413340744635946 -0.227518276566604 0.00592758642535749
0.00654775761478902 0.031850493525485 -0.30915288908193 -0.292254515743068
0.0189619803808182 -0.0223422491238075 0.109553941667538 -0.564318213460879
0.0347620594483161 -0.0330615997499529 0.698398959405989 -0.184980102713119
0.0486189753901768 0.0293087028346353 0.577997392387569 0.432128953898608
-3.78829194907183E-05 0.0751527882457424 0.123646801973475 0.443112983722204
-0.00806497464090945 0.0855889730814476 0.0562825959577266 -0.063697963804513
0.0407174088704813 0.050882889012534 -0.257059410729847 -0.408578416835985
0.0506054936656872 -0.0148473960068396 -0.73701301949142 0.0109975601473179
0.0209145511779854 -0.0441008687615438 -0.346630310654398 0.660211332008371
0.0362673632319797 -0.000339104976739998 0.365791191570901 0.484410892041711
0.0384111525217955 0.0435876153044806 0.436880202818106 -0.00365016119398341
0.0109521546842582 0.0209793898104958 0.224807219927873 -0.196900274265791
-0.00102923151747778 -0.00732712656801988 -0.0423994183624088 -0.186657410206683
-0.00669927200826427 0.00437349298571315 -0.023705672577701 0.127740213223372
-0.00655658253375772 0.043640289248693 -0.224928883489349 0.0392393327595687
0.0111037903366829 0.0381194226761321 -0.350863620632069 -0.22485545834702
0.0212541246249744 -0.02489287295139 -0.0230145710853963 -0.563280915075876
0.0367750545361724 -0.0454392946512674 0.612771484881449 -0.338894002991643
0.0681451117962457 0.0188972905419978 0.646982888604315 0.291041511640836
0.0169982335058805 0.0922164606591901 0.188984528950199 0.438263216223492
-0.00638814274605211 0.112379704798562 0.0597830259359309 -0.0234060800670541
0.0465262459417164 0.0793604829897884 -0.192392284939863 -0.421721292935596
0.0653912509089416 -0.00543498615377959 -0.733299721316217 -0.141843293776013
0.0288582896931466 -0.0523577618194251 -0.492679299623905 0.575332917977932
0.0378100430469765 -0.00563035276942749 0.258530592388576 0.561898494199265
0.0423225169074847 0.0503524126370473 0.438750033751823 0.0858859313625418
0.00926152030293441 0.029101838718354 0.252920543904606 -0.157857289991265
-0.00101912157990372 -0.00933725697433851 -0.0300606086942653 -0.179571954346692
-0.00731505053178119 0.000991061615660638 -0.0128307114980259 0.134310614797693
-0.00626836549570977 0.0404939166337826 -0.217672963176128 0.0743149118587461
0.0103533988679915 0.0400724349856397 -0.381030753536474 -0.13932422866475
0.0177958733061098 -0.0249802703062255 -0.159488977530007 -0.527377313816398
0.0303054359930294 -0.0530313320048166 0.486196981968967 -0.477054473779322
0.0742149822055801 0.000313562799575813 0.68229377495577 0.126801536039769
0.0330855430660823 0.0916724816945173 0.258119994164768 0.422757471971828
-0.00737272314253874 0.124666496135637 0.0633699726398346 0.0252814057908119
0.0380404645637785 0.0994507764384808 -0.115041025699333 -0.422552655343587
0.0697707098657859 0.014953927316953 -0.686839374995597 -0.313818263172446
0.035825122666594 -0.0497175032119033 -0.643633508166022 0.431821406431174
0.0338953670807126 -0.0073387587920428 0.109178696856547 0.6224313504791
0.0410919677938642 0.0528352716959156 0.422769728582334 0.185234766990429
0.00936787237415955 0.032645317915852 0.279459798794695 -0.111798069380442
-0.00035683649887745 -0.00909323982741799 -0.0150419344139064 -0.174605028641303
0.00146931139503066 0.00271011947346248 -0.00903363843939819 0.117662275175886
0.000510911423045039 -0.0147346464147456 -0.210541557850221 0.0347696255204817
-0.0375993753989719 -0.0222266469627626 -0.32941153016109 -0.233834197471621
-0.0316827324889325 0.00768592129616685 0.0226265431603006 -0.554808490082484
-0.0380326663948466 0.0244104050053471 0.632736800456479 -0.274288353483913
-0.0481042432476661 -0.0104482344763871 0.609442956075864 0.356030483180807
-0.0260851847068826 -0.0846275751290237 0.154402661888554 0.456478731433721
-0.0145596397628519 -0.100078458454552 0.0652059715435023 -0.00738102595684837
-0.0532614567267491 -0.059802403831068 -0.196027425114509 -0.398090414874441
-0.0474252748289809 0.0343528239076199 -0.732207426719795 -0.0942489628592874
-0.0172374136268171 0.046373630276884 -0.468941609395754 0.604361761741387
-0.0184557551811007 0.0268813861466433 0.283867162893144 0.542238781976432
-0.0211527010014703 -0.0126523961288961 0.442120252858618 0.0454203282659041
0.0160262183274705 -0.0234192887879657 0.253569914389978 -0.185148770199124
0.0098910709502268 0.00441666291011564 -0.0307736307283796 -0.19321600185685
0.000600629116659411 0.00245285676392758 -0.017379474427651 0.115102768951477
-0.00042685286598433 -0.00667141596924999 -0.213785999171089 0.00525548323498235
-0.0286227636318771 -0.0164075627233991 -0.29084652520459 -0.294414209246935
-0.0226526344262667 0.00259912446365966 0.138926772804489 -0.549519474166419
-0.0290958179628776 0.00865841090410495 0.699905708473492 -0.130553887056009
-0.0349069512027603 -0.016476890550394 0.544310433979318 0.474727434374859
-0.0150260293517055 -0.0733712046122264 0.100501479006289 0.453788916137526
-0.0140104793883731 -0.0776209122932373 0.061659756955948 -0.0486385279875445
-0.0452325848881281 -0.0394502906077043 -0.25540731533023 -0.388534097518543
-0.0293396823692351 0.0336180780109504 -0.734839102743509 0.0384431899811401
-0.00638921968443711 0.0360739209358592 -0.334592582998271 0.671117560736619
-0.00626282081811057 0.0223871098589584 0.374286615593683 0.466300876691754
-0.00977049210120313 -0.00392812662444354 0.435914830183693 -0.0303169239540726
0.0173410880094679 -0.0151111691604843 0.226093102943488 -0.215032995447636
0.00737058146133658 0.00402272580905949 -0.0425293131283466 -0.196696100225933
-0.00157677896173104 0.00376300571910207 -0.0244628135829332 0.115511260028101
-0.0023452365264695 0.00594779115805188 -0.214482475645221 -0.0140919998841233
-0.0196108976100167 -0.00549143156546683 -0.259726133927707 -0.32983365561118
-0.0111981604788401 -0.0033815596267269 0.218866230942681 -0.530979694017897
-0.0142001596577318 -0.00388867683162524 0.731651329784332 -0.0303733232272254
-0.0174076027926082 -0.00957196188300231 0.485531827491463 0.543889245708009
-0.0102726246092055 -0.0451472226398258 0.0648586251441955 0.445974222090955
-0.0133896296576272 -0.0434991292149863 0.0592670679056484 -0.0782756439692807
-0.0260523998380245 -0.0185265662079419 -0.293487494206894 -0.378917936748488
-0.00952914514009255 0.0219411240171602 -0.720422113706036 0.121387152145048
0.00298622135115729 0.0176833725936004 -0.238847804288766 0.700437107048112
0.00742842364413209 0.0187179638355435 0.423928243798592 0.410034042434612
0.00367720880182413 0.0076913134399667 0.424739240394626 -0.077105738829367
0.0167588279908246 -0.0064444254270473 0.205749123851609 -0.230813430683984
0.00356269261163547 0.00202884653594511 -0.0501330281622769 -0.19900305423419
-0.00423859300460266 0.00481197836157008 -0.0293426342657422 0.116819069777047
-0.00468196197341133 0.0199777959197377 -0.216825682098289 -0.0211719289346942
-0.00985379517783043 0.00827994170115828 -0.250456961230719 -0.344121090548529
0.00091886602298094 -0.00973968102885981 0.242052918488844 -0.525136236835615
0.00391087230950585 -0.0134279902489574 0.738259091006423 -0.00330530558745345
0.00287346915100375 0.0064095277691242 0.470844165379338 0.561557208845851
-0.0113050822752719 -0.00429829198326801 0.0586401781539954 0.438882128142522
-0.0119825373683609 -0.000749041617599677 0.0567160099549383 -0.0925590833710986
-0.000891355158427365 0.00215993161165398 -0.307079414767331 -0.378361317484949
0.0115414898656094 0.00584020862331676 -0.714985468827973 0.147599809427059
0.0092133197363471 -0.00398205910995103 -0.208305828535543 0.705917234838092
0.0202274111012386 0.0131502745952213 0.438728317441394 0.393454366246425
0.0174160720764743 0.020408082566989 0.418382409505656 -0.0867680386799096
0.0145637425298018 0.00253854325546548 0.197155479439251 -0.232475205660534
0.00105376696290335 -0.00050139557896761 -0.0545319256265216 -0.197134793034132
-0.00608399691641754 0.00671825622289049 -0.0308944603302149 0.11947892035879
-0.00665855790782485 0.0322185463932625 -0.221954323564863 -0.0144211233568833
-0.000833265768310606 0.0213168308016187 -0.267759708040199 -0.33091681912521
0.0118531653917817 -0.0161163233903899 0.203939475385124 -0.537617290118741
0.0210462621326706 -0.0219122224843056 0.729233858522847 -0.0574274779074735
0.0245572862772317 0.0239045956806367 0.504134060021077 0.524251921149886
-0.0104671311057935 0.0394383434483125 0.0765396465759405 0.437426923421553
-0.0104377293885218 0.0449511927064493 0.0551352533153061 -0.0864689281232914
0.0229182933592455 0.0253517437894731 -0.294114139109224 -0.389604697421558
0.0315130736449798 -0.00956556735596631 -0.72311179587351 0.108537737535581
0.0144075620574054 -0.0265525502904122 -0.247064348172755 0.695947571399758
0.0304563901246363 0.00623952220805239 0.418951868816516 0.418799064672875
0.0290634747821358 0.0328745642864511 0.4229366073929 -0.0604263531792452
0.011549896509951 0.0122560877285235 0.203738368082217 -0.220086601492649
2.36468232421255E-05 -0.00406874455890817 -0.0514588897752389 -0.193320967261253
-0.00748860445325328 0.00683094063794571 -0.0298620247110569 0.122355263163161
-0.00662546113428306 0.0409218761883231 -0.225936563134413 0.00539879512338329
0.00591329293977275 0.0323899266435681 -0.305670532468116 -0.290944147202629
0.0191067137677869 -0.0214177957094142 0.112818449904543 -0.561103993510362
0.034008049391401 -0.0334110195598371 0.69399129847206 -0.180386695490466
0.0482895975352887 0.0291893687780607 0.571453801217481 0.432330815022661
-0.000993309533249104 0.0747968414655028 0.121172324585112 0.440255710315266
-0.00842477488190357 0.0847108205835758 0.0569491915400319 -0.0626634841382958
0.0403996618248848 0.0508300862296137 -0.252622463575295 -0.407297810395357
0.0501598565316337 -0.0146680549834964 -0.733473951394164 0.00850405626001047
0.0209038554148099 -0.0441509223571099 -0.345050696026694 0.653552601327864
0.0362817676151749 -9.53833916762167E-05 0.362619857335576 0.483059074508648
0.0377721310640721 0.0437401068635065 0.43489497872638 -0.000461105439367552
0.0104443830581591 0.02178255802275 0.22424437661259 -0.194533758937258
-0.00103072728071134 -0.00720996100353421 -0.0422369043696535 -0.185674702662725
-0.00764849325953887 0.00446754294208646 -0.0244953003730739 0.127200719964007
-0.00721593514766649 0.0438740765508984 -0.225082322646657 0.0373794348684412
0.0100945326889937 0.0381614308896619 -0.349040982035607 -0.223917877543945
0.0210873022207284 -0.0245761811264449 -0.0193332571768651 -0.560468888121158
0.0372000513400391 -0.0458061799582921 0.6088015103759 -0.33494162266047
0.0677519459106378 0.0193553079002115 0.640126374132245 0.292617536128393
0.0156982441412664 0.0927331383350064 0.184069062165056 0.435015631329697
-0.00737548721656205 0.112679320636123 0.0591183231511713 -0.0232886698104674
0.0460477684176917 0.0782583013580273 -0.190035666419962 -0.420289785378166
0.0643268892080527 -0.00591503815386449 -0.726678216077315 -0.141949631166533
0.0295095593464549 -0.0527159525257942 -0.490874829912975 0.569667772213628
0.0372018092193451 -0.00483398215555624 0.25346120076501 0.556873600888992
0.0420708105799581 0.0507892221759386 0.43660522523457 0.0876573279925194
0.00962628395904496 0.0289548512533107 0.251147127794808 -0.157102602408648
-0.00102751500000794 -0.00877946091727153 -0.0282873471165205 -0.178386698081557
-0.00676699479561647 0.00113608096856942 -0.0143813542441502 0.134313660867782
-0.00643382065509285 0.039997683509665 -0.215863010037848 0.0733950560843781
0.0105918265329636 0.039084763163095 -0.379167008344752 -0.139755141632499
0.0181999536113396 -0.0241727887587114 -0.15794666156777 -0.5249057048999
0.0303108003811751 -0.0527176282186476 0.484867764459093 -0.47255587746053
0.0746438324685816 0.000267499567464792 0.677281795455789 0.12725492554586
0.0319236480156371 0.0904010746998357 0.255054625448354 0.420724424070076
-0.00737203917609447 0.123348875730323 0.0625173127894973 0.0237311600642909
0.0369902267185007 0.0991010260009231 -0.112289870834835 -0.418068119099661
0.0689123638553866 0.015076212896067 -0.679638635546077 -0.311454674272391
0.0362355141742172 -0.048832084083663 -0.639711400916665 0.42637607522148
0.0345276373015932 -0.00764995945485412 0.107174957734948 0.619260980946876
0.0398067663986337 0.0517289279709103 0.41932993566387 0.185266629206816
0.00909857525854346 0.032356991619831 0.278668806756089 -0.110289813137649
-0.000495187431645791 -0.00889053270186135 -0.0137197504111652 -0.173510982841808
0.00166462071389863 0.00303003256495727 -0.0104523234375978 0.116788840578447
0.000769917874206196 -0.014113465211074 -0.210241109139868 0.0335031927771627
-0.0372797656309529 -0.0226214334161484 -0.326922552324878 -0.233325766349631
-0.0315206574056786 0.00780876557103796 0.0232556915712246 -0.552935194545065
-0.0376379622864899 0.0239354363542249 0.629650908292322 -0.269721455925155
-0.047796932175766 -0.0106543443726716 0.60257855381456 0.358943116467363
-0.0261484521487846 -0.0843073580534869 0.15121596965403 0.455049160751169
-0.013410792147558 -0.0994810069303422 0.0650201359649621 -0.00723107501459939
-0.0528705685384165 -0.0596102099834725 -0.192510808105169 -0.39794958191448
-0.0472068297960331 0.0340175569727628 -0.729290350098671 -0.0964012396608409
-0.0168783212905127 0.0458744121963089 -0.469855903186168 0.599623919872028
-0.0187004217730427 0.0262423494867321 0.279186434551363 0.539888109361151
-0.0211574940399232 -0.0136395584649403 0.439768991605284 0.0468075204012175
0.0166558361816621 -0.023076970703719 0.253194407261066 -0.183686552344192
0.0101516217854633 0.00392760209773299 -0.0291876209736772 -0.192584610645671
-0.000404628404893691 0.00298656476084243 -0.018804596380301 0.115290393913504
-0.000495834373621744 -0.00664219589572935 -0.211420752091633 0.0051344621904584
-0.029018809809858 -0.0160323169811915 -0.287949013486021 -0.293266576792975
-0.0217776542377984 0.00259485731799423 0.140550393422095 -0.546454394179424
-0.0290533937932018 0.0088566635879869 0.697920046998554 -0.127130466986748
-0.0340196931039536 -0.0164861489073636 0.537565943639877 0.47585482638179
-0.0153830567254227 -0.0740716538432886 0.0968779440129713 0.450872828657097
-0.0136570297840224 -0.0782529632369003 0.0617361960697548 -0.0481644838941843
-0.044110771349128 -0.0395856923632718 -0.251450944043762 -0.388023727603974
-0.029089035588557 0.0332796310205829 -0.728925163695431 0.0354089910061977
-0.00554601962876173 0.0349092903997448 -0.334228807066952 0.667589740250964
-0.00565440311250973 0.0229930579520165 0.369366537093212 0.465197039642167
-0.00834446160272561 -0.00370746477879031 0.433378614642794 -0.0287366504259282
0.0176099420641515 -0.0155425807402472 0.224959736503063 -0.213867995740937
0.00716946494611779 0.00388773201489737 -0.0413441838069942 -0.196876423841273
-0.00287233493802019 0.00433705980698388 -0.0252356094847822 0.114989777485151
-0.00221447008568476 0.0054568110697884 -0.212883781653897 -0.0152036900915849
-0.0189879131799786 -0.00591930719848105 -0.256330255645446 -0.329565458900197
-0.0110730029087632 -0.00304003537057803 0.220195278881367 -0.527483718058459
-0.0138992111869344 -0.00327086162540759 0.727306571514345 -0.025785089804868
-0.0158366984595027 -0.00967778416299089 0.479810538655789 0.543060860871556
-0.0109454129750851 -0.0452638238456932 0.0621339193455718 0.441856073734265
-0.01299654373104 -0.0432519323281454 0.0589592534454197 -0.0778811940492925
-0.0255973962608075 -0.0182159914291825 -0.289529841010998 -0.379579632947509
-0.00883255854923026 0.0218183529059467 -0.716992783709078 0.118849110141681
0.00363620796540654 0.0179470290977094 -0.242093235528353 0.696964497322993
0.00761798584347959 0.0184367030632369 0.420025955942294 0.408268222080346
0.00441732926802676 0.00843369797784148 0.421148121361884 -0.0750227533427144
0.016841492329401 -0.0068841533376978 0.205071895117079 -0.229832759689636
0.00406474878990508 0.00220963986294536 -0.0500019433607808 -0.198757327881876
-0.00400208854959567 0.00529936576738771 -0.0297952554061186 0.116121814970901
-0.00405422983930953 0.01998804146141 -0.215811355506596 -0.0217691826808802
-0.00928079887682684 0.00779838738318893 -0.248650205887986 -0.343582681533041
0.000518777393988969 -0.00842665169278301 0.241550539891496 -0.522058693824535
0.00410488481158003 -0.0126995726713008 0.735566544031137 0.00166006135373326
0.00262754929710363 0.00713059125542478 0.466329701701992 0.560797305575452
-0.011186143318786 -0.00384171394336646 0.0552116979520148 0.435481137670478
-0.0118504879994527 -0.000596982591385892 0.0572999854628225 -0.0919830528810048
-0.0011390201611592 0.00256611851881502 -0.303549618722107 -0.378912897599859
0.0112543783040057 0.00527610747555736 -0.712151187338858 0.143273120769914
0.00955037310836494 -0.00370539636482322 -0.210775369391922 0.703510706443406
0.02009124049885 0.0123746992994574 0.434600540491924 0.3929464940797
0.0179247092494809 0.0210822410506731 0.417865749574141 -0.0854783427696896
0.0145279573712887 0.0023758061102694 0.197283827330666 -0.230913790928225
0.00111403030351088 -0.00134249267361309 -0.0537571524078395 -0.19712877441415
-0.00590364113233 0.00700792949586448 -0.0324727060613446 0.118987267995866
-0.00635265415515656 0.0322215323204876 -0.220735332375928 -0.016031448146042
-0.000811897077215398 0.0220615141402175 -0.265141428937323 -0.330934762060449
0.0118545711930843 -0.0157154581654017 0.204570467976388 -0.535977389036232
0.0212085772061335 -0.0208901920252366 0.727796775784077 -0.0528374104978687
0.0243584048676186 0.0235577319527098 0.499522832555781 0.523807906563234
-0.0104706072076231 0.0397608227305235 0.0729203426000667 0.43556901606119
-0.010422294131958 0.0449306333804916 0.0558015019879709 -0.0854286104183534
0.023181510493851 0.0245379013753733 -0.289301720897257 -0.38864102423859
0.0311842317401824 -0.00925102084857375 -0.718939770683918 0.105169537190124
0.0144658512337488 -0.0263334996357678 -0.248745620366343 0.690111769977317
0.0303306922556019 0.00654010326149805 0.415996738362252 0.419499293416115
0.0295578472488817 0.0327938277124326 0.422452329063521 -0.058637093133004
0.0118213445915536 0.0118171755344118 0.204900250983908 -0.218631628346164
-0.00114183725676281 -0.00491221270463754 -0.0501997813048639 -0.192182392903669
-0.00773518406919127 0.00659473885968404 -0.0309812702380986 0.122066270846643
-0.00697536483409109 0.0407789088470353 -0.224762748583132 0.00536753142099509
0.00640369822665482 0.0328064508494083 -0.303681608908641 -0.291125132144807
0.0192202037885242 -0.0207977491331955 0.11459363210648 -0.556539577750456
0.0345311005037281 -0.0330333134965393 0.690086240875767 -0.176127618802351
0.0483210452029891 0.0290175762597472 0.566244274998209 0.432567236071938
-0.00200250588102975 0.0751975120901452 0.118035661793501 0.438196082123142
-0.00888170266969707 0.0857897345340629 0.0570653822039694 -0.0626569670472428
0.0400991169860985 0.0508277083496887 -0.247068107838455 -0.405990060312077
0.0506825025314116 -0.0137867539582239 -0.728207572282433 0.00536216582388052
0.0209990714652694 -0.0435584723806847 -0.347481565561404 0.648751447233442
0.0372170176462406 -7.10546522703186E-05 0.357884291685866 0.481343733672125
0.0379025699434037 0.0431962734012942 0.433543369413948 -2.55758582293399E-05
0.0101411259028689 0.0216441093888845 0.224090350058448 -0.192713777966296
-0.000797138598018433 -0.0079431488202144 -0.0409774619850009 -0.184746697995583
-0.00731937766353406 0.0047037162862203 -0.0260316843456291 0.127507066352437
-0.00666330042364725 0.0438431980574105 -0.224746605340538 0.0369923469907077
0.0101550329275574 0.0383659081800193 -0.345280478578769 -0.224217730157969
0.0209520346753896 -0.0242461338049302 -0.0169765100509917 -0.5576777580199
0.0373264083509794 -0.0451625325567307 0.608691243625674 -0.330391314693034
0.066395198755808 0.0197054164280196 0.635078857033546 0.293455910461198
0.0148148785406788 0.0926525670389553 0.180862831226109 0.434503042800114
-0.00825350390435807 0.112371042698509 0.0586076141968776 -0.0222853672159577
0.0456043791474769 0.0780899827337324 -0.183900887945086 -0.418732741091573
0.064825233383427 -0.00515334955038995 -0.721141091472224 -0.145922190034216
0.0292727561361186 -0.0519262810932096 -0.49184487362269 0.563514927627253
0.0374486843758771 -0.00431766403334097 0.25149157017675 0.556276815870576
0.0428085243848665 0.0494783971336982 0.433064096701937 0.087579818002628
0.0091138917299595 0.0283919887699985 0.250515430487549 -0.154578436344545
-0.00122584241277517 -0.00891760476168125 -0.026906711554748 -0.177602744566851
-0.00682765717145952 0.00207279243276127 -0.0153658841961471 0.133406753805691
-0.00668903133355912 0.0396867354362814 -0.216398845960513 0.0728786589918857
0.0103587418255087 0.0396544536157366 -0.37622337562715 -0.140849776024734
0.0182726495238118 -0.0237206179157622 -0.153702192717 -0.523388433985148
0.030601659463527 -0.0521014977623755 0.484269591851506 -0.467896888632359
0.0739220341187995 0.000610430634713967 0.674623340683386 0.130431907958436
0.029918981796075 0.0913079853476663 0.251039695079311 0.418946852238989
-0.00916539885038637 0.12258602750512 0.0625921806118683 0.0250588972297533
0.0365531357517149 0.0996596582163451 -0.108685679493122 -0.417527839746044
0.0685901065675067 0.0152510086313627 -0.675662676887721 -0.314426787435367
0.0362110330541697 -0.0485086930349393 -0.638480504338914 0.422779226264719
0.0339195334865072 -0.00719947276172883 0.102564651481905 0.616465306859847
0.0399203290797744 0.0518938823490439 0.416586264553471 0.186943336641905
0.00880394420513252 0.0320427487378106 0.276769485855727 -0.108529493839744
-0.000229653630991839 -0.00867521467051706 -0.0126410605472609 -0.172350965949649
0.000244027644706402 0.00332780144634786 -0.0253812630685295 0.115655106824215
0.00320978812848273 -0.0145700777064513 -0.214343609887074 0.00582286730606201
-0.0314107397005935 -0.0270672355115797 -0.291130256713609 -0.277496054047595
-0.0298875092420798 0.00383444447320969 0.0943481922637074 -0.54196661567923
-0.0373047999154301 0.019797185406875 0.65901764488268 -0.184653237445429
-0.0461836292171633 -0.020966549097647 0.551199823904972 0.439815701859289
-0.0104247938641769 -0.0873496949665718 0.0898996390194776 0.474482119563256
0.00219544480627686 -0.101433453982378 0.0657230744142893 0.00230565733291088
-0.0472845799246212 -0.0683577485245309 -0.130075927980226 -0.421337326901797
-0.0559031992190999 0.0305691035329761 -0.704660957844987 -0.202315622168822
-0.02175814620239 0.0510641965613127 -0.556840589564553 0.521075677622484
-0.0137661565653832 0.0195763687387471 0.194206789381573 0.580751075426912
-0.0124505332880981 -0.0235361268170781 0.428557427670395 0.115365392513535
0.0192157961221318 -0.0235031751746704 0.279000172282832 -0.142647284804994
0.00675642063949109 0.00556636760050229 0.00188027016158966 -0.198442131440639
-0.000637844845996782 0.00217281239792089 -0.0343435637044697 0.112712862137266
0.000247316597180729 -0.00747201397367314 -0.211727507777079 -0.0243656085799549
-0.0243269710266715 -0.0204894114277666 -0.244902952394609 -0.331457935417419
-0.0206976226668647 0.00055131927864845 0.209043798417084 -0.518899007609541
-0.0277821360658036 0.00716845528632849 0.706899322309737 -0.0324022179120683
-0.0312346657601652 -0.0256792342599139 0.468167370395185 0.549842375023533
-0.00229271767088038 -0.0748217251777232 0.0358078925075442 0.463379916972832
-0.000737535576809097 -0.0782595573548907 0.0689530054878016 -0.0380676225676006
-0.0422151450704574 -0.0463816968196257 -0.189998401781878 -0.421253002410233
-0.0378113558673758 0.0323475751878721 -0.725607433946826 -0.0754850936203547
-0.00761357470682481 0.0414042650131988 -0.433681885970294 0.610517974386677
-0.00132055185241408 0.0174383715834836 0.298224371725511 0.519672889882068
-0.0044194620981483 -0.0129502280519354 0.433615996073949 0.0388307984532046
0.0178375516165347 -0.0160061815562828 0.2567708539504 -0.178531721485503
0.00356902926726646 0.00476756535404057 -0.0095495711315711 -0.203442054526777
-0.00296742625319757 0.0034889589111602 -0.0408338585120301 0.111577703552482
-0.00273176524810632 0.00451235993340711 -0.211643021208682 -0.0441174955474663
-0.0161886568932403 -0.007566568430087 -0.211307859374484 -0.363662829033971
-0.00866713043165825 -0.00284408365947021 0.282571066829655 -0.491079173761389
-0.0119366821955217 -0.00212729920048555 0.721073676593116 0.0699030024296626
-0.0139450541451923 -0.0160367146173502 0.400742727248603 0.609593006795227
-0.00141034889711761 -0.0451792759975602 0.00299071287792142 0.449324668952497
-0.0056835469003616 -0.04580248485814 0.0695623527458384 -0.0681344098048176
-0.0273269289234516 -0.0227076805107786 -0.227742166915682 -0.419904014444833
-0.0156667132639783 0.0248168434882553 -0.727968275477064 0.00869685629483497
0.00530432451556433 0.0247682534085109 -0.347708068442835 0.652922244794622
0.0121368529790299 0.0143304208698442 0.354934727692143 0.472405401629962
0.0062719606822978 0.000141791516906106 0.428562968379666 -0.00947387683415409
0.014893456419512 -0.00762482548373699 0.238775230652045 -0.197296413160046
0.000107889898209857 0.00273869788850441 -0.0172221558628261 -0.207408466559877
-0.00553866993018829 0.00470092272507112 -0.0460380536518259 0.111428416755169
-0.00691441353141415 0.0178980772751635 -0.213818857056968 -0.0521889263087307
-0.00914649521879139 0.0073171411669074 -0.201115054505178 -0.376940478696516
0.00385646781610563 -0.00657731909243045 0.303826717106945 -0.481637036333816
0.00708728607653956 -0.00815136907857133 0.723739889017111 0.0989443334915582
0.00265513541101688 0.00349310008841062 0.381656177328253 0.621230078268229
-0.00926562155240114 -0.00430356526938032 -0.0013255389732626 0.441274224835908
-0.0119733927900663 -0.00289367622894431 0.0694124075267078 -0.0824322861971711
-0.00692085742285668 0.0016574277720023 -0.243607625066728 -0.421915576639754
0.00669445294420484 0.0118632240027643 -0.725969959176437 0.032227582592994
0.0147070685222349 0.00550176202662765 -0.318306661271999 0.663163607287055
0.0255159261356572 0.0113419389960405 0.371806886916648 0.457181200669365
0.0177238376008734 0.0146169203235803 0.427000041502746 -0.0207114824875061
0.0105250672495176 0.00191650268949011 0.231567477940936 -0.1999160055844
-0.00107125852669707 -0.00108701023368788 -0.0214064004056908 -0.207206102309745
-0.0071146213311067 0.00529542004514208 -0.048822152297949 0.114139200160048
-0.0109218948630069 0.0304705089025625 -0.220144280021658 -0.0460516004054078
-0.00173138703378685 0.0220236208007403 -0.220548197990443 -0.365579177885036
0.0157719832087003 -0.0113293369258491 0.268901093645007 -0.499973580193942
0.0265545513304801 -0.0139230724128012 0.722715632643036 0.045941117761744
0.0208485445404529 0.0228451985297877 0.420234542698308 0.589684082983629
-0.0147852919157326 0.0397241233025327 0.0174608412280763 0.4421809234476
-0.0177284977363393 0.0418799609401202 0.0681947206242215 -0.0772524064750158
0.0131747354248984 0.0269081314666828 -0.227078839484127 -0.429253277841117
0.0284120421428337 0.000714578429698296 -0.726701688724984 -0.00568282728078168
0.0225911920683329 -0.01548856288825 -0.353049249826974 0.645211833299149
0.036219661896102 0.00676611685648631 0.349414709293381 0.480586994047506
0.0274316079029927 0.0283148961804257 0.426806107135456 0.00612549008267262
0.00786815748961652 0.0101126197469735 0.236385883121407 -0.186186037534328
-0.0024762932596125 -0.00452226005224844 -0.0187323696712424 -0.201081615034895
-0.00840525047501393 0.00517939274403374 -0.0477998286845679 0.117090695572817
-0.0123690621965227 0.0392349049536292 -0.226612054909261 -0.0260044368901437
0.00234885855505336 0.0329554240667743 -0.264607513443475 -0.332390835810301
0.0243965089345678 -0.0159340640650961 0.182008329309528 -0.532249246957756
0.0409173382511881 -0.023584858185897 0.704912148157467 -0.0821881382568657
0.0424000794165833 0.0323503904632365 0.497957736858457 0.511097969968353
-0.0121138910758395 0.0748700320498814 0.0584438643408594 0.448538075241987
-0.0219777605257614 0.0810572211273449 0.0646519779327417 -0.0525888665631665
0.0262099947368719 0.0549785319042236 -0.183750744117079 -0.439714509488306
0.0472091762915633 -0.00187118673756961 -0.721857418508041 -0.106899805898375
0.0309742438217918 -0.0312924162848022 -0.444603986898754 0.589416716317144
0.0439525271495077 0.00258459515937446 0.281512065316596 0.534138549377816
0.0345115313514449 0.03983442751584 0.427679571676203 0.066788662385303
0.00488110741527375 0.0184578818325407 0.253305582156663 -0.157678551736898
-0.00268000462592532 -0.00747103130854983 -0.0113273738656869 -0.193087831999538
-0.00837068857421744 0.00375951952772361 -0.0425634738434702 0.121998254237506
-0.0129988258837617 0.0412955928524226 -0.230454336105129 0.00540549540405385
0.00565047105594963 0.0399145149682933 -0.316994060812567 -0.270631981572727
0.0264175664076184 -0.0194633500578464 0.0538098463938578 -0.549368230588991
0.046520999865165 -0.0357961101324155 0.643330717523221 -0.241118117709243
0.0614379829933622 0.0256088871855501 0.587054817864876 0.381988296230543
0.0011205826656631 0.0947157599899769 0.122739179950672 0.453548392288198
-0.0260787083279571 0.109049364934487 0.0616187968114518 -0.0131618994956321
0.0270072181440793 0.0813926107514064 -0.117809584862995 -0.444557536904062
0.0586610050001029 0.00856154687296235 -0.692214453205902 -0.253653522607886
0.0382318294473615 -0.0374538955983798 -0.575931129163569 0.483922003256011
0.0459038134139857 -0.000775711023988837 0.162990400871745 0.593441422890518
0.039936225348809 0.0488173974470613 0.41670146091026 0.153827189201783
0.00363783441522581 0.0256033888961653 0.274073040050908 -0.11542673717645
-0.00219535177313885 -0.00914872675927482 0.00137811889555031 -0.183048329336354
-0.00806774054471803 0.00152560117402426 -0.0334517882242335 0.130184453268677
-0.0119663627816616 0.0378843695697026 -0.227892757255728 0.0425681807340133
0.0064848308873283 0.0402989576797689 -0.359209979671093 -0.190152718838607
0.0237482449435839 -0.020195851500301 -0.0849921391815412 -0.532685385283756
0.0411548257417144 -0.0453089354099701 0.537543649338527 -0.394424935568242
0.0701502221245812 0.00808480406309496 0.647111368633273 0.226279169433627
0.0183317811411441 0.09616458377686 0.194217639920266 0.446262865382206
-0.0279873032408795 0.119850007367637 0.0573404892834344 0.0339050655061204
0.0155244944394146 0.0995910446040853 -0.0431571084548072 -0.429334168853265
0.0578967630698445 0.0266763504686796 -0.619628453796993 -0.414688522783194
0.0413474291921869 -0.032840967311594 -0.701597718996925 0.319632348572674
0.0442349954723576 -0.000982997041218944 0.00603241332832265 0.629685795922177
0.0393824544640204 0.0513220269220534 0.382933161502959 0.249476549196121
0.00350172785307928 0.0293992505022907 0.292014226333989 -0.0662758480479418
-0.00150573141619774 -0.00940227526743243 0.0151507809984914 -0.175455278271338
-0.000287010734636977 0.00269354257494212 -0.0277384688959966 0.116326979689838
0.00373543843576764 -0.015050035281309 -0.214415889477101 0.00346442095633494
-0.0316844530719031 -0.0277060362902686 -0.290363143552906 -0.27902019498692
-0.0297948966424246 0.00348179328402097 0.0986645730094243 -0.541894653534998
-0.0380829495045147 0.0194855754194617 0.659928334539112 -0.179484393568497
-0.0454576966924416 -0.0221523035989641 0.546832356019249 0.444237628947316
-0.00987403485154994 -0.0871305100922152 0.08750165700851 0.473752838744962
0.0031305012201881 -0.101330053574083 0.0659822621373387 0.00216449180956286
-0.0462143980697576 -0.0681238312795984 -0.126231271876617 -0.421771968390446
-0.0557134730246493 0.0302833099039067 -0.703413500531236 -0.208108000097412
-0.0217413240570668 0.0513538301330327 -0.559534871850745 0.518279457955118
-0.0138851821834402 0.020201503392519 0.19170431094379 0.58028874000745
-0.0117628101609469 -0.0232745949440596 0.427100049178883 0.115731091111342
0.0192517233266452 -0.024271292722118 0.279761511898559 -0.14191835092518
0.00564816467938416 0.00531912770720752 0.00237419660504553 -0.198845146671001
-0.00131760463697177 0.00211081645849667 -0.0351393426326986 0.111813929186306
0.000729273822319344 -0.00764453683812803 -0.212458958256397 -0.0246866172571335
-0.0242235761039967 -0.0198844561804147 -0.245217217945429 -0.333078113636099
-0.0205318302115373 0.000246209209170598 0.210960958773563 -0.517962644911007
-0.0270634966077234 0.00752974381297049 0.706595953714217 -0.0283302818021228
-0.0306278548779319 -0.0251696854612772 0.465541540578545 0.550192644884375
-0.00219956196186088 -0.0753317250691429 0.0323068213398939 0.461882795201873
-0.000374424861659342 -0.0794611483263063 0.0695101924255948 -0.03786009607577
-0.0410852670970171 -0.0463978510132977 -0.185248459418844 -0.422227143813951
-0.0376512603295441 0.0324513876006999 -0.725026770604782 -0.0784303392207163
-0.00770206081009456 0.041734911926986 -0.438122084678235 0.605726016851071
-0.00189436827552313 0.0181996614768265 0.293803739954138 0.519338117745804
-0.00314855186594423 -0.0125613802594526 0.432119849691201 0.0406782572251285
0.0177129674568334 -0.0158087629176286 0.257649005624139 -0.176331387490771
0.0031767636632895 0.00530157616347286 -0.00808619821379374 -0.203629419993805
-0.00368157737171027 0.00294450884892017 -0.0415779953836014 0.111939330506358
-0.00272548207291151 0.00423357891290504 -0.211148256734034 -0.0440418785646483
-0.0169463766676665 -0.00796926741950245 -0.207497581367072 -0.36542717762036
-0.00842802144128565 -0.00237848020124927 0.286007060313032 -0.488620377723421
-0.0109078355121401 -0.00255891518905671 0.719944298634171 0.0731147809846723
-0.0134665908971001 -0.0157558957823068 0.394856733561955 0.609736111587236
-0.00211306011843782 -0.0453488560273491 -0.000480026668647267 0.448495376756119
-0.00564331094015736 -0.0449836352331627 0.0702261448167204 -0.0681914713580976
-0.027036208810232 -0.0223633720059196 -0.225455006716677 -0.419949778684939
-0.0153354461849988 0.0252402676901307 -0.726756972764832 0.00350688042938875
0.00455109364669953 0.0248277696088256 -0.349865882726007 0.651365229358643
0.0122368169567215 0.0152030738006947 0.351753214166026 0.471991456508824
0.00610785173615975 -0.000203612717016553 0.430384411165889 -0.00709946296530617
0.014953831629945 -0.00846092760314161 0.240033204105257 -0.195533497593716
0.000252687539725433 0.00255333607409697 -0.0157527260354289 -0.206784830784363
-0.00503442676430024 0.00489651566699571 -0.0473033537737885 0.112134918101985
-0.00782332384329777 0.0180976042357943 -0.212396362193249 -0.0521209338828292
-0.00861652554665134 0.00761165513530312 -0.200093395240428 -0.377454013041672
0.00405319309291108 -0.00624977124289661 0.306270694198895 -0.480365448870981
0.00747766210677977 -0.00849172540779129 0.723092676999463 0.103360363175908
0.00224877413890395 0.00381354136822463 0.378723060330607 0.622652631204273
-0.0100772120619991 -0.00456756186020058 -0.00390161064971026 0.440457024878385
-0.0119382592124835 -0.00298041637494213 0.0701468757771318 -0.0814303979577158
-0.00675182496616216 0.00181643335223905 -0.239797947991618 -0.42200027332661
0.00675450911839962 0.0124794340213504 -0.724876463583182 0.0292203933396821
0.0141173407322757 0.00462852882917402 -0.322278413334694 0.661502403625301
0.0250496495033677 0.0110622340917515 0.369387885645347 0.457691110853487
0.0180239245737593 0.0147056725195055 0.426748927972484 -0.0200180294211133
0.0112505523792841 0.00164031059752049 0.232966887145044 -0.198660192318857
-0.000873783083824021 -0.00119692004414333 -0.0199736526852944 -0.206862352882661
-0.00704372222393342 0.00602619339079386 -0.0501631619182793 0.114184514707641
-0.0114323757091965 0.0304861577709298 -0.220060226840218 -0.0464747331382237
-0.00244781853244448 0.0219126385888634 -0.220167793550676 -0.366936835062105
0.0155126941978388 -0.0107241917290425 0.273597269318699 -0.497642044294462
0.0270349767816245 -0.0137268825862744 0.722384647399893 0.0483387047986605
0.0204264781126295 0.023500527148135 0.414765680169195 0.592144631162565
-0.016106507507717 0.0387774484985358 0.0138609511517854 0.440665831886294
-0.0179855492118503 0.0420352119639589 0.0685587611397369 -0.076446885933362
0.0132529152902763 0.0271492671104794 -0.224348246679577 -0.431248051847714
0.0290899850508495 0.000950478898653498 -0.725458935584706 -0.0110698689933311
0.0230802737604909 -0.0149205730378325 -0.35551681749955 0.642377915252099
0.0364773395050436 0.00667330732862191 0.346534028909162 0.482601644985738
0.028068018325007 0.0287429405342173 0.42664707598234 0.00799286012440267
0.00700881388057504 0.00965423634551068 0.237756530103256 -0.185707608608905
-0.00269491192574068 -0.00444011021677689 -0.0171564803107725 -0.201050005572347
-0.00903610850832891 0.0057613936519056 -0.0489204793761673 0.117599589671718
-0.0130165019967158 0.0387007943515484 -0.228025804921408 -0.0261361195622662
0.00237333874782263 0.0335877435013779 -0.263399468022122 -0.33208381967532
0.0242290651835349 -0.0156816514094026 0.184437206785346 -0.530169368757582
0.0407469098822459 -0.0229505527760257 0.703353251991275 -0.077434219083905
0.0421258104184392 0.0322153629857587 0.4949336080853 0.512733485243747
-0.0139602195297428 0.0755476144824483 0.0571707749687909 0.449133598323188
-0.0228364821999928 0.0813455383963993 0.0655940544304771 -0.0525444030620609
0.0263861613173839 0.055053095536995 -0.179239210805021 -0.441830689913663
0.0466950406899009 -0.00158307538648818 -0.720176314182938 -0.111363752145469
0.0305576250674243 -0.0307136374342759 -0.448715887680108 0.587978561132173
0.0446435862177749 0.00238873790496935 0.278626421705158 0.535833379574808
0.0355564501824888 0.0407708329811203 0.428357865470842 0.0696293587456883
0.00468325341594007 0.0181298399292741 0.253963020564322 -0.156443635163594
-0.0028119815996645 -0.00751762371069479 -0.00991420854015044 -0.192838454311066
-0.00791613284484428 0.0042028242036693 -0.0444228092464398 0.123095846279457
-0.0130955939907562 0.0413379060924952 -0.230944386726945 0.00422037452807163
0.00603019576433227 0.0404121817763756 -0.315555643500988 -0.271861667305644
0.0269058619354949 -0.0184281001206666 0.0562714192937239 -0.548999189128144
0.0468981259828408 -0.035738253419364 0.643242275839657 -0.238672507227376
0.0612473666749488 0.0258804269477895 0.583590768620722 0.385310343328648
0.000538198752608994 0.0949220011592413 0.119456554664597 0.453567413021742
-0.0262385472985662 0.109414798326363 0.0611343681062927 -0.0134869078999913
0.0274381055501189 0.0814656784613824 -0.113946402810399 -0.44365912874794
0.0583939409928937 0.00853151283548918 -0.688365300031664 -0.258876495859475
0.0384263677266451 -0.0368811254355792 -0.578213750863074 0.479223142555994
0.0467969487833855 3.0907226286396E-05 0.158413940691515 0.594513205218491
0.0395786810793911 0.0486981639762499 0.413938032458518 0.156086387293258
0.00332191901009431 0.0258528615963477 0.274178004544211 -0.115437172884653
-0.00203484204093345 -0.00930454831224213 0.00334781132061507 -0.18379472634573
-0.00713492043207515 0.00127170310284658 -0.0350393695535083 0.130923550291607
-0.0121965540132026 0.0378773143463595 -0.228092000004373 0.0421347349690047
0.00540676320680201 0.040596471558078 -0.357636126180689 -0.192110758795716
0.0234281941698495 -0.0198776909759761 -0.0821465975707971 -0.533522351874426
0.0413833900142085 -0.0443514081881483 0.540795671886062 -0.392614294463778
0.0698824948272434 0.00957736149896021 0.647247813083139 0.230789895343411
0.0159436583953258 0.095899726187489 0.192462576997272 0.446495795374786
-0.028696191035274 0.119567692962682 0.0574750035331373 0.0344763883616203
0.0156976856419931 0.0996869686540388 -0.0394849546563297 -0.430328277089546
0.058183576537513 0.0273964680602111 -0.617509112227191 -0.41722679647177
0.0421586531142216 -0.0319953750366783 -0.702464430947895 0.315116207817406
0.0448486932464795 -0.000414354364843925 0.00260579402229841 0.62887314683577
0.0386664441474084 0.0516109839723859 0.382063885029527 0.251721748116022
0.00257713132920976 0.0291935432233271 0.293119341147076 -0.0637029593408436
-0.00195563984004679 -0.0089211345448786 0.0161921388330906 -0.17551693919351
-0.000819726258377315 0.00358687137053477 -0.0291188797679713 0.116163993584973
0.00339247244974469 -0.0147912834785522 -0.214381130120474 0.00332500608970333
-0.0307990984948675 -0.0278516746305937 -0.29050604772531 -0.280848253103114
-0.029791573008513 0.00382842123136987 0.102016328782544 -0.54144511249623
-0.0386377708105112 0.0187764627199853 0.662334637311581 -0.17514125282278
-0.0457231870329507 -0.0210847474495343 0.544850815652925 0.450565019686265
-0.0103489283443959 -0.0878861605492519 0.0835898178421468 0.47499934889755
0.00432896632364785 -0.101698577995046 0.0656165491179095 0.00256627908901791
-0.0450569901129415 -0.0678116193801302 -0.12436878929669 -0.424014025837163
-0.0553251153063385 0.029714807565234 -0.703172367278902 -0.212908653705118
-0.0218302203872329 0.0507941795681935 -0.56155696239044 0.517188724559211
-0.013635814797679 0.020060507648648 0.190210522347201 0.582848485838348
-0.0125379093516054 -0.0234094581778904 0.42631388262824 0.119395007124578
0.0190363970501335 -0.0237947029619404 0.280227131654806 -0.142072590704676
0.00612840900302883 0.00530571733081169 0.00422138364948689 -0.198397628485182
-0.0021531384624804 0.00315904398216833 -0.0364091410092205 0.112116996951083
0.000723359582020666 -0.00658180176644033 -0.211787057472684 -0.0258160947164593
-0.0238944755295912 -0.019970469798122 -0.2434948099008 -0.335122821153964
-0.0208725922192509 0.000802597904333913 0.214250249947878 -0.516434677591466
-0.0276654299942232 0.0064987452307538 0.707327895376468 -0.025549612693588
-0.0301636600100969 -0.0262096220564078 0.462617123496787 0.554455192238011
-0.00181696173970436 -0.0751802438451359 0.0308483376035263 0.463367536631925
0.000673118105213863 -0.0796694644094619 0.0693264072697773 -0.0375495845234233
-0.0410023625340046 -0.0472177354581713 -0.182482341850542 -0.424305234295885
-0.0374042301969463 0.0319301643690845 -0.725643670515465 -0.0820805548943094
-0.00794307504722001 0.0418244454187627 -0.440530805458881 0.604771786021436
-0.00209886175579281 0.0178575271506888 0.29262398499072 0.523317893301293
-0.00317146119735971 -0.0123967899866211 0.432361811067205 0.0437008177867372
0.0188784546350647 -0.016179398943513 0.258467460491189 -0.176837477528843
0.0028432091466948 0.00536359703860993 -0.00687892506515707 -0.204684910045319
-0.00366023029159523 0.00373202911331132 -0.0439153055039364 0.112928340110357
-0.00312172188991441 0.0042366697830488 -0.211006329861013 -0.0458096666339789
-0.0161369660727846 -0.00797666709158486 -0.207286529477878 -0.367363406107731
-0.00906862204840262 -0.00265160779145821 0.290070103178184 -0.488130213823157
-0.0115498891134389 -0.00244994066554636 0.722226994394505 0.0777335248604325
-0.0138516738228406 -0.0154886093180128 0.392762342426251 0.611564454918247
-0.0024613272696467 -0.0450834824999693 -0.00289706782123374 0.448332497229258
-0.00543540241347057 -0.0453979348498018 0.0710902097000457 -0.0682617285486437
-0.0270197254842169 -0.0229689341046701 -0.222069514839942 -0.42103180745569
-0.0159807805283452 0.025411569782169 -0.728375760064341 0.000871323076314603
0.00472573294049479 0.0256480835285384 -0.35543562684641 0.650750526024195
0.0123762997238436 0.0141242361250365 0.350293885405408 0.475282150220691
0.00716770866924723 -7.14272030650906E-05 0.42894110617342 -0.00612487624588114
0.0155288885405352 -0.00830038985630096 0.241803189118913 -0.195978193487102
0.000425144880719985 0.0023915035202078 -0.0151298807562106 -0.208424723825769
-0.00557353061286182 0.00536575784661936 -0.0486165495061006 0.112323595025651
-0.00784483246970959 0.0183326834019166 -0.213161501545351 -0.0538074410275468
-0.00881130020144301 0.00771533493528946 -0.198721332801621 -0.379094123291194
0.00326595299250537 -0.00633887608139775 0.307740788402037 -0.479449944178098
0.00769990372994027 -0.00783080504989647 0.724690077549859 0.107839740857718
0.00273616270286012 0.00417655609396061 0.375856977341634 0.625278515606167
-0.0103218734884045 -0.00452861275319517 -0.00705746447076448 0.441038489716995
-0.0113719502617569 -0.00350540928039502 0.0705030538375124 -0.0818357421269242
-0.0062330061658725 0.00199380825933471 -0.236621237357937 -0.424124399135524
0.00730442246640492 0.0122032421862131 -0.72719248921631 0.0255883604054016
0.0148027721155878 0.00448569470630686 -0.324802516190574 0.661667047843247
0.0252302180937221 0.0105204679142464 0.366850250739477 0.459418496204918
0.0179489769547469 0.0153981297838186 0.426721754487199 -0.0167159730688202
0.0111922804943153 0.000769077985555221 0.233301258331599 -0.198694506282692
-0.00162055756848634 -0.000272971214052176 -0.019349549119431 -0.207840687381304
-0.00726560514046934 0.00654872606316283 -0.0511698493391651 0.115133193702502
-0.0113453718534514 0.0306749208273485 -0.220400551050673 -0.0476948815075961
-0.00320081410304666 0.0226167586931797 -0.218488182927833 -0.370061290443937
0.0150804085786701 -0.010725578697318 0.276110656779021 -0.496838868310158
0.0266375642613025 -0.0138961364333874 0.72223473991115 0.0520794899054387
0.0208758377300901 0.0240140861495742 0.412250416703499 0.59349040546848
-0.0170302371909974 0.0387866433643004 0.0106994545607297 0.441821281178694
-0.0187572717850103 0.0423915880873852 0.0697940156208856 -0.0762207595774517
0.013351582556123 0.0275000822903927 -0.221349561613171 -0.432905434918754
0.0286431691281579 0.00120028473546975 -0.726740856031533 -0.0145432734149276
0.022831244266698 -0.0147032279921069 -0.360289454231869 0.64346249055606
0.0359510473528393 0.00669916208319025 0.342725990934474 0.482836476047354
0.028109430032778 0.0291261738461286 0.428397533620599 0.00959727193788388
0.00696545451908429 0.0102894294956814 0.239241967175989 -0.185482563403252
-0.00220457870738624 -0.00529232503554989 -0.0158307628693146 -0.20276011016532
-0.00833790191794389 0.00651333272903164 -0.0503683494929988 0.117938797624835
-0.0132458595629798 0.0386735865897701 -0.228232781485496 -0.0263462755135125
0.00190896880139253 0.0337624442346471 -0.263214747700543 -0.33471551907734
0.0245327075760496 -0.0147649724292679 0.18801303393012 -0.532419019340161
0.0415683757084919 -0.0230719720322796 0.706094830124669 -0.0724758855265806
0.0421747180870943 0.0324723438327603 0.494245356182366 0.513639621949612
-0.0141826165921182 0.075038360606684 0.0564232477621416 0.448608536873562
-0.0238418555427873 0.0811451733670801 0.0660752082464025 -0.0523122769182441
0.0262829785279382 0.0550509917803889 -0.176288513779869 -0.443454442557178
0.047595497409211 -0.00179788855277382 -0.722276222607652 -0.115235683409217
0.0308762153257826 -0.0303431634408241 -0.452347452019941 0.585767477689757
0.0441648548730782 0.00273016314703514 0.276294266330115 0.536473635450834
0.0360472094979233 0.041278069321878 0.429517708895149 0.0704234713876102
0.00407927339909233 0.0187325400620629 0.254458852309281 -0.156362722654417
-0.00263867705272733 -0.0073576522552309 -0.00869749528909122 -0.193932951986733
-0.00894047412756856 0.00440295231848587 -0.0452354670979298 0.123550560669741
-0.0141678401795099 0.0405339949124877 -0.232287782759885 0.00419889047441304
0.00537699722123582 0.0404747594734325 -0.315928529683986 -0.27430867027033
0.0268278859991678 -0.0184917921091554 0.0587703908132453 -0.54983881870079
0.0467882888660141 -0.035146154989196 0.646733058441686 -0.236504165806863
0.0611990969831035 0.0260909864418827 0.581846676202298 0.388251690435955
-0.00072464540844506 0.0951049382909761 0.117602878743087 0.453519324095526
-0.0269123569482477 0.109173339855619 0.0618683941009256 -0.0128611251612549
0.0265407448488072 0.0814932624501111 -0.111117235369615 -0.445097370084964
0.0592923882037295 0.00869429865843692 -0.69035070621888 -0.26125716581529
0.0383824425987456 -0.036841280120415 -0.580993552974762 0.476874203080473
0.0471208943021138 -0.000424562484700658 0.155759220555239 0.595928001827644
0.0404041998550586 0.0487197466546156 0.414798457774274 0.159074059714979
0.00268557183166914 0.0254414370410239 0.276724166744909 -0.113169026194495
-0.00267542016222624 -0.00907104542736692 0.00400567290863985 -0.183475344440541
-0.00755863452401287 0.00134622244149647 -0.0358101579697748 0.13177305697897
-0.0126526655086527 0.0374064081498618 -0.229599367157582 0.0419392435930471
0.00553814471643379 0.0401613431073409 -0.357989611049542 -0.193805251191605
0.0234932483134686 -0.0198469862768573 -0.0791893909017612 -0.534901648853777
0.041840402610008 -0.0453934854848764 0.543147277004989 -0.389078092908167
0.0699524793254768 0.00933813086677608 0.647184878149205 0.234737251994272
0.0151109331439201 0.0958327810912737 0.188348402909285 0.448144002610331
-0.0296107032714677 0.119514491699266 0.0564190934883055 0.0345807017040463
0.015439571085521 0.0997330978295173 -0.036658989519891 -0.429527755809793
0.0586778528790765 0.0274914997031694 -0.614514586787041 -0.421619772180414
0.0428227989309694 -0.0321542190556735 -0.705733877724827 0.310243726149509
0.0453179718538763 0.000249443568663455 -0.000138212545925951 0.630100860222805
0.0388306053124677 0.0521145127026826 0.382057117122631 0.252713751693492
0.00259013294146175 0.0289627956577726 0.294871610791342 -0.063113977387521
-0.00200236622957296 -0.0094479118803009 0.0182487653702943 -0.177269338445204
-0.000603994200463531 0.00345578713793236 -0.0309265428650646 0.116096273192189
0.00369416019762644 -0.0150234624042377 -0.215552241459234 0.00321666023229631
-0.0313375978100071 -0.0285185959979645 -0.289767770719627 -0.282959814275491
-0.0302819276371062 0.00320395554562266 0.104499924760924 -0.543115262838311
-0.0384236875457269 0.0196352191074527 0.666867760326807 -0.17347113710192
-0.0448552351940621 -0.0219061370332922 0.546433328972957 0.452312339738466
-0.00998914743574051 -0.0881841037479224 0.0809044257993249 0.477220649533932
0.00465393208777575 -0.102028426210466 0.0662613966455538 0.00258618696752315
-0.0447328652132119 -0.0700837198385427 -0.121999320825759 -0.424339916448946
-0.055687229674503 0.0298504036371758 -0.705827166543823 -0.215502333508448
-0.0221181329791704 0.0510474384193123 -0.565484347377263 0.517119837500744
-0.014027495997098 0.0199770472214382 0.187898572547631 0.585978120262345
-0.0110342890038419 -0.0235248977014145 0.428084226476078 0.121632586521185
0.0191770035699722 -0.0237929635312654 0.2815983335697 -0.142135615876281
0.00628517708677221 0.00540733163888063 0.00494382446864685 -0.200482188106505
-0.00211722817091643 0.00299565808320836 -0.0371390913686058 0.113750591508963
0.000747026910059166 -0.00709451194893563 -0.213266766899074 -0.0266153711303381
-0.0244886198497507 -0.0207146668706203 -0.243681430508964 -0.338363147863718
-0.0209276268731316 0.000528187005523265 0.219800401478924 -0.519435074376023
-0.0270185059922821 0.00641905760372001 0.711338161227313 -0.0228230647743313
-0.0305258598027841 -0.0255112011629024 0.461859055088861 0.557847903364996
-0.0018248921965862 -0.0756767327831518 0.0272440461342785 0.463491974456616
0.000369840923797193 -0.0798711098945914 0.0700939940680822 -0.0378401919079017
-0.0403757983502599 -0.0467060101263436 -0.181195632483214 -0.42548275322351
-0.037043228656718 0.0318025092914918 -0.728444400271297 -0.0847663221987884
-0.0077927882751388 0.0415824618739118 -0.446005594880482 0.605863585052543
-0.00193378814182892 0.0175883249491697 0.293308943971473 0.526149108530702
-0.00304443720908132 -0.0128941978820173 0.434985017436713 0.0459323936921344
0.0190888259230591 -0.0162738223276052 0.260665898633523 -0.177384735593455
0.00293249678717224 0.00494341337919843 -0.00570718715719544 -0.206273346031714
-0.00382106831326029 0.00412123500188229 -0.0451479420775096 0.112811335509078
-0.00282656131603409 0.0045916868669513 -0.211332812981262 -0.0468726378544279
-0.0163370490750976 -0.0076814203049227 -0.207331495412119 -0.36979678019106
-0.00885125311864711 -0.00209551511923601 0.292450167043376 -0.489712973137005
-0.0112668377463011 -0.00289022289011083 0.724767378663909 0.082132561771841
-0.0132456731081732 -0.0154049424008113 0.392745375175096 0.616586720690413
-0.00270226077560776 -0.045814856658382 -0.0058539960063836 0.449345993518706
-0.00518471142637814 -0.0456727471217135 0.0723769212198903 -0.0684316105366559
-0.0262688500158701 -0.0227917306755113 -0.220849729950194 -0.424342973673695
-0.0148388377472816 0.0252175385177798 -0.731216849880696 -0.00162182713177747
0.00509467163730513 0.0257791515378135 -0.358109569479039 0.650625610465042
0.0122874356449438 0.0151320564317242 0.349039858265063 0.477632392445719
0.00811095414269348 0.000596613347764771 0.432813946606796 -0.00521451373490447
0.015624796429707 -0.00789490336549508 0.244036320640055 -0.195748861188223
0.00057930139953606 0.0022506784116149 -0.0149782982068686 -0.210310121101774
-0.00665553811538545 0.0055400460702412 -0.0499957073240904 0.113434651479414
-0.00778878504884299 0.0177381049534009 -0.214214804831716 -0.0538509061411575
-0.00899293774965576 0.00734204185666411 -0.196688322371102 -0.383368013066923
0.00325762388968933 -0.00578781075440013 0.312699112161951 -0.481145368769032
0.00765328222496519 -0.00824594329372121 0.727107011917181 0.109018966154736
0.00308928601144991 0.00390545030592529 0.373853171763705 0.628313365472394
-0.0102586751159307 -0.00454081230305231 -0.00915477360195632 0.441708768996468
-0.0122385290763967 -0.00331848042538873 0.0715751868596952 -0.0821020745016649
-0.00637153009408814 0.00166396322888524 -0.235038690909028 -0.427308919632601
0.00702335693046182 0.012473291241813 -0.728870415053737 0.0226716857992076
0.0146446743187325 0.00466041858013093 -0.329993021926266 0.662208287712813
0.0257507066390057 0.011703095587371 0.367822935942006 0.462248662754116
0.0182494271249798 0.0146940798304254 0.428904922181768 -0.0165106427271575
0.011704892588854 0.000945819333055038 0.235869894235022 -0.199118736031572
-0.00242348738892363 -0.000953687974315156 -0.0185187234927528 -0.208789738922943
-0.00744194373964649 0.00615551628215432 -0.0525910881685793 0.11500961515236
-0.0113316345742533 0.0308694330791081 -0.220799904152729 -0.0480592254995572
-0.00237416715531815 0.0224846654482482 -0.218411987570326 -0.371906457173857
0.0154138108043301 -0.0107780592952405 0.277844046052864 -0.498721194705752
0.0263583885963159 -0.0143069851279641 0.725148659050186 0.0571730038864436
0.0210218241760575 0.024160919684441 0.410220039072169 0.59699009240167
-0.0175993839475553 0.0394591198907978 0.0070441151905172 0.442179459085056
-0.0189219235607821 0.0418276405037523 0.0695751173645227 -0.0765767401813876
0.0136765242645132 0.0264496698603114 -0.219953677706121 -0.434061890468409
0.0283656963939198 0.000783840450815651 -0.728488965649051 -0.0149556484280429
0.0236920046384726 -0.0149296386183419 -0.364403351808545 0.643356216790767
0.0371659868507694 0.00694430225954763 0.345235909187145 0.485594012137209
0.0278288939675335 0.0292555348456193 0.429473151532781 0.0113789546849375
0.00689854275353728 0.00991389763348545 0.239868820872006 -0.185284532114663
-0.00326072477159878 -0.00475883378910394 -0.0156370764202159 -0.204087532234218
-0.0081219011481339 0.00691207635225433 -0.0515390714740689 0.118712573184878
-0.0134720990012528 0.0390100056724164 -0.228594753758341 -0.0280725281010087
0.0024673442617761 0.0337572758109152 -0.263073672640657 -0.336598483046888
0.0249401616491743 -0.0153114226195253 0.190057288975192 -0.532705894907054
0.0414716377236466 -0.0239371521074066 0.709172693869875 -0.0695419198417615
0.042122069902778 0.033306991923305 0.491943445251183 0.518535255898691
-0.0151013954445521 0.0755863782481291 0.052068699532187 0.45106678110317
-0.0238587902548664 0.0811273632662316 0.0655854462497488 -0.0520428785893538
0.0262930012399386 0.0557737033372652 -0.175711375382234 -0.446676633130504
0.0480972042109053 -0.00116789569337074 -0.722239306545669 -0.11829708813038
0.0310191871529799 -0.030443963527021 -0.456275996198857 0.587168067318513
0.045213516289219 0.00266650108593238 0.276136258416923 0.539905646418493
0.0361611178346872 0.0411935696108323 0.430125770917753 0.0723114039056888
0.00347685824581771 0.0187293926511422 0.256099212315814 -0.155494592061605
-0.00317892733321384 -0.0079961767187385 -0.0069244317685375 -0.195017784605117
-0.00867322280995447 0.00508468260991976 -0.0460472850954114 0.123995053860885
-0.0141318141219977 0.04157064256245 -0.232032168136021 0.00367293802371559
0.00574020518823951 0.0407165337334881 -0.316023550632437 -0.275815629803682
0.0271371699007971 -0.0179830611733591 0.0603891033349899 -0.551761843881847
0.0473900240801283 -0.0357112659635814 0.652387756661028 -0.234339167029358
0.0616246421393099 0.0264836088161861 0.582393524326397 0.391218335316934
-0.00208462762632174 0.0960524475121452 0.115649328513714 0.454484647579966
-0.0282418489430925 0.109124964890605 0.0619350923567492 -0.0127892646686152
0.0268938284324436 0.0818625342120849 -0.109134823653673 -0.44683109326152
0.0598226213850604 0.00937661887348227 -0.690092977033373 -0.265080303231968
0.0386873695367914 -0.0366120897469996 -0.584505732411049 0.475487880888536
0.0467594734446484 0.000696071022984478 0.154044219430978 0.597800913702047
0.0404982960592751 0.0488999608533006 0.41603049670585 0.160978791413077
0.00259068569233321 0.0258753783049772 0.278056594694141 -0.11352508583672
-0.00239917114502843 -0.00852624560752745 0.0049366684193458 -0.184807595347421
-0.00800185064408075 0.00216392390091128 -0.0377239414875533 0.131943633168666
-0.0136202007909005 0.038771419052936 -0.230455988039148 0.0413676402328826
0.00513673116231918 0.0418441811446678 -0.359030328828124 -0.196146074481329
0.0245917001745769 -0.0195988274575426 -0.0787134631294414 -0.537031697951734
0.0429315402235927 -0.0453413872166111 0.548052180027688 -0.389751457424025
0.0699881366266649 0.00912339010605158 0.647467682410873 0.238940453358132
0.0145722017667184 0.0968315907574601 0.186348522470728 0.450324541212851
-0.0310376462929986 0.119562505290883 0.0573065405857017 0.0344003980670286
0.0150602988017727 0.10047006789673 -0.0333188583611402 -0.431704002526462
0.0589011214005464 0.0284966037404464 -0.611917219817157 -0.426047028458443
0.0426700593081006 -0.0322646526891192 -0.709955718289065 0.309994619108079
0.0448782625973032 0.000305751791930133 -0.00294525981760065 0.633035801603048
0.0393288395901087 0.0526762719434913 0.382097304564691 0.256321248950303
0.00169814408416648 0.0289051225582291 0.29557922399021 -0.0623212613789373
-0.00213354508949006 -0.00919753542675621 0.0181110580449487 -0.177608828119371
-0.00110774747328166 0.00361232919372385 -0.0307118203852782 0.117490500988475
0.00340407971040193 -0.015399888477669 -0.216811664261915 0.00209827349653386
-0.0317690724410402 -0.0288358991979299 -0.291302494646177 -0.286344039115583
-0.030171547389761 0.00292441868698166 0.106905120569679 -0.547066657465373
-0.0382588339827057 0.0191697367448159 0.671479536032084 -0.17304054766899
-0.0452468969831786 -0.0218498342622694 0.547578983995196 0.455828797120037
-0.0103611023203614 -0.0887203551031058 0.079534415803478 0.478845115724145
0.0053227203370471 -0.103036153423416 0.0665769748291298 0.00294061948581652
-0.0441274121404835 -0.0695957375622168 -0.120123534224243 -0.427563238407629
-0.0557772242269164 0.0294177472492515 -0.707830255569381 -0.21897293734453
-0.0222988464946975 0.050290181152948 -0.572535482552004 0.517206802249617
-0.013607628816545 0.0200953151323592 0.188518036028728 0.59041348779792
-0.0109783835451575 -0.0238512311221055 0.429488314271231 0.12349559197031
0.0191609683860535 -0.024786828169423 0.283568175084255 -0.141655048357712
0.00573144712476637 0.00512681361605327 0.00586270038868381 -0.201072957644745
-0.00253155786479517 0.00409848574630648 -0.0391357065993122 0.114592148303182
0.000886755337316931 -0.00686239082110943 -0.214949985445269 -0.0278939991437958
-0.0237846209981882 -0.0199778786434704 -0.243837941650134 -0.340332933219865
-0.0206690578204998 0.00107268367118855 0.221971452983088 -0.52194291635913
-0.0272599813292194 0.00631523511390247 0.715081702968652 -0.0194645228071423
-0.0298387549634715 -0.0259881677832302 0.460455973676501 0.562581277215027
-0.00189859814477342 -0.0752864962681725 0.0266920524700093 0.465031566972416
0.00097585687101737 -0.0806449278218469 0.0704854408646941 -0.0382554568093773
-0.0410481124550142 -0.046871229045959 -0.179894325175015 -0.429805432564461
-0.0376017298247479 0.0328325211131614 -0.732913912691159 -0.0877654841492161
-0.00834039629295899 0.0421289919167285 -0.448793861549396 0.608688654693722
-0.00190094727040154 0.0178129061440124 0.292282460849365 0.528511687302526
-0.00162323413510024 -0.0132817011589226 0.436506183697555 0.0458569969773999
0.0193137937194649 -0.0168716289490667 0.262305068921684 -0.177159326563626
0.00347957434079788 0.00507455870788853 -0.00527847354974722 -0.207465124333552
-0.00375345834181223 0.00481216163566795 -0.0458311807414553 0.114076279077022
-0.00391757296362962 0.004527874986664 -0.212460944184531 -0.0455797918848468
-0.0165212790736944 -0.00703493883765238 -0.206828942461603 -0.372437528305921
-0.00919996907630675 -0.00250361229683192 0.294526192109421 -0.492502950601631
-0.011111293099831 -0.00257424909263058 0.727768028257986 0.0841998875777528
-0.0127673776850857 -0.0156757791490939 0.391367775994197 0.621923592196955
-0.00302306691740893 -0.0447665789985556 -0.00594694349923798 0.452286552291544
-0.00512152204147057 -0.0458676673278003 0.0728945958108227 -0.0683265572769129
-0.0260631263711953 -0.023263861533878 -0.218694173183039 -0.427799233252121
-0.0152704608609917 0.0255146162054431 -0.734670905204726 -0.00447448171709945
0.00425347778961055 0.0251901126642415 -0.362824739191425 0.653779902971403
0.0127581136554002 0.0152036296961093 0.349485832382101 0.480812191672642
0.00819390333981577 3.07114575969838E-05 0.433933534351241 -0.00331649657188278
0.0157742038513262 -0.00811081524656325 0.245588503860653 -0.196804018031198
0.00134419759847448 0.00288543561420305 -0.0140974862830874 -0.211145042004007
-0.00607274527219548 0.00617373523116879 -0.051896528495853 0.114921442332869
-0.00750567764065711 0.0179691944258209 -0.214949090606324 -0.0552946913894615
-0.00899922413248221 0.0077159277493371 -0.197146421199224 -0.385249290885273
0.00373260334715043 -0.00583758872841907 0.316815270001783 -0.482846901968859
0.0075292463374145 -0.00812214477830266 0.731726312170451 0.115957061960336
0.00330357889214775 0.00411818050187289 0.373652678785847 0.633635693759327
-0.0110965488928906 -0.00386095575366868 -0.0117000767656592 0.443757945374621
-0.0123142951922757 -0.00319743046815251 0.0723389647738231 -0.082539100133494
-0.00598164383853018 0.00142476738026273 -0.234817320245249 -0.430182565602617
0.00742179178538879 0.0129964348712344 -0.734704528399409 0.0208771082566657
0.014608788250856 0.00594271087729664 -0.333236801296723 0.665172448439166
0.0258527185562275 0.0115687891790922 0.36787581249172 0.466420332193734
0.0182011856339409 0.0150359729477721 0.432620065207279 -0.0147700412922194
0.0112239997198997 0.00091840197858994 0.237774400578634 -0.200597367970117
-0.00198692236330574 -0.00177581866384379 -0.0176138662244598 -0.21002189282256
-0.00827174585299618 0.00715967123503745 -0.0535631142098759 0.1164002118956
-0.0110485839272617 0.0308738075147996 -0.222172877022445 -0.0484265669162932
-0.00258552956243642 0.0226078119612559 -0.218038346240988 -0.375056304949389
0.0161335914538484 -0.00972067113405693 0.281935592106547 -0.501106555195254
0.0272724915891964 -0.014399532215175 0.730133073176283 0.0593685649501379
0.0212402432082252 0.0241414377125364 0.411034759927164 0.602183368700282
-0.0181589587497654 0.0397642939782118 0.00738847784123342 0.44451710330332
-0.0188552706176255 0.0421442849317277 0.0707249741057023 -0.0764280579546168
0.0135734048230565 0.026898927629648 -0.21981583468019 -0.43745257615648
0.0293047830279767 0.0013149321512606 -0.73373843946752 -0.0190849330409495
0.0230882234672008 -0.0146441310229967 -0.367736701061924 0.647258398109867
0.0372038129552566 0.00739685619725374 0.34512440798379 0.489567965964142
0.0279344920006106 0.0299326525422044 0.43229057828167 0.0125566059550634
0.0069883063115534 0.0102357885508797 0.242718458979101 -0.186391278348231
-0.00193862238738215 -0.00478043400536266 -0.0151555376086716 -0.20488299380274
-0.00890624044292605 0.00710169633710649 -0.0527898092115052 0.119925708547315
-0.0146100220741163 0.0400505585812192 -0.230420066578774 -0.0273350404522876
0.00281441463765741 0.0344127578987046 -0.263266090297861 -0.338880325696829
0.0247431135694277 -0.0153269895518403 0.191999611275249 -0.536058361211721
0.0410394230740669 -0.0235319920312252 0.714506028978008 -0.0664894075933818
0.0425787012439314 0.0336147135958983 0.493681128101098 0.522251473454443
-0.0162139226492673 0.0766330906806302 0.0519410695942055 0.452532662553802
-0.024636919107711 0.0822797966909811 0.0670520063058121 -0.0529526692186844
0.0261475520544265 0.0557580975380606 -0.173290021480045 -0.449241934500287
0.0482900105161982 -0.00138555778677982 -0.724586862114619 -0.120964268658824
0.0312026599387484 -0.030497091902238 -0.460513761530592 0.588658484518429
0.0449543138134067 0.00275928252836177 0.275598872685722 0.544475968308944
0.0360900150757478 0.0416609593195937 0.433674953698553 0.0730905989658554
0.00389039799539848 0.0189196685958094 0.259250373241223 -0.157072619475498
-0.00314764598549117 -0.00778554666946962 -0.00669002874483431 -0.196551149583772
-0.00841034311919547 0.00517076958740222 -0.047919043585326 0.124820050538735
-0.0142677178737218 0.0414367538485525 -0.235764645243864 0.00366511960728623
0.00515994181943717 0.04159488895981 -0.317621168238527 -0.279310287770126
0.0270505480375907 -0.0178546702100997 0.0635567862127584 -0.553826167828915
0.0476495914006071 -0.0359111738161478 0.656669473728875 -0.234324385618881
0.0622923492926205 0.0268325050792053 0.584373610025265 0.396411738051037
-0.001900884985054 0.096841572216932 0.113067342618468 0.457471542496541
-0.0289058448990451 0.109989381499988 0.0619225268212512 -0.0125669852970979
0.0268530945984233 0.0830690489011962 -0.106976987949528 -0.449768050409948
0.0600212949202159 0.00904450890461931 -0.693976437556638 -0.269480652817868
0.0389057838092397 -0.0369151933897294 -0.590296082790965 0.479646384218803
0.0479135346546185 0.000756230596465485 0.15570112034791 0.603445794127268
0.0412138905743121 0.0492551020586673 0.418561216218737 0.16248855922704
0.00205661240220445 0.0259156916143369 0.279646145150429 -0.113420097456953
-0.00243450925638197 -0.00947263829631694 0.00577903202237552 -0.186550149739282
-0.00804824965384063 0.0018638887945034 -0.0390406132730505 0.134127067366692
-0.0136558492129555 0.0382705293315752 -0.23268043319073 0.0412847396368572
0.00613414941729637 0.0420976478832945 -0.361670218277193 -0.198100211137399
0.0233045840234674 -0.0197369883723953 -0.0773210966695697 -0.540146417311133
0.0423808012892507 -0.0459707665259717 0.553469660974722 -0.387895763480567
0.0710012499496862 0.00980468293141052 0.648396324938043 0.241712418257623
0.0138312105474259 0.0984496636962506 0.186077809753002 0.453838544276796
-0.030829939824321 0.120438913619978 0.0568491131446468 0.0342308121901912
0.0155359820268091 0.101006140597941 -0.0304936515060156 -0.434066797020671
0.0581709855691737 0.0281072550027333 -0.615107607868159 -0.430254169932044
0.0428385144665699 -0.0317557692390162 -0.715484105436251 0.309201890887523
0.0455038377460674 -0.000114254974831359 -0.00479734873107747 0.637261484894944
0.0400960510411356 0.0524562754161704 0.38351796208838 0.258995260668011
0.00174918786971858 0.0286587066571838 0.297899169664978 -0.0633313245397421
-0.00196758357331949 -0.00955157980497667 0.0203293318250385 -0.179236865812232
-0.00162389903293615 0.0038468118908621 -0.0332406872560574 0.118162545575557
0.00389252669609906 -0.0152565788687389 -0.218539977855599 0.0021324991338528
-0.0317694417758282 -0.0289836865262961 -0.293637174200277 -0.287972067679375
-0.0310758186992405 0.00386188450874717 0.10852172327596 -0.551816753743257
-0.0390910699732199 0.0192642931929215 0.676058205307425 -0.172299706863248
-0.0449039579960827 -0.0222735150724487 0.549087089260638 0.461511859998309
-0.010254743979002 -0.0897316698024605 0.0784966368157287 0.48326481663906
0.00529816520824593 -0.103933484023563 0.0678505850991012 0.002489668894185
-0.0440946483359393 -0.0692270770870872 -0.118777691064198 -0.430794859175555
-0.0556808254714075 0.0299699188723241 -0.712969689775773 -0.222181151995705
-0.0225142186132933 0.0518416699766071 -0.576624786740229 0.52081663892804
-0.0137697818481082 0.0207316035336957 0.188779989721224 0.59322764997332
-0.010828437738423 -0.0241876573837671 0.433825363009346 0.123657815846362
0.0194753004548442 -0.0252212210885435 0.286381078766852 -0.143783295017456
0.00617514199188065 0.00536335322642809 0.00665019355266945 -0.203110396927472
-0.00225589377058069 0.004127689358933 -0.0407812203236121 0.115312170634721
0.00081689613360446 -0.0074131998420486 -0.216055389301701 -0.0269017186086409
-0.0242728611896323 -0.0206153878313661 -0.243894826835273 -0.344684975572346
-0.0208171363220291 0.000727492270573253 0.224331680452786 -0.525945201811933
-0.0273577158689772 0.00620518851476706 0.722065808289176 -0.0185764521820111
-0.0299920778093671 -0.025395912596512 0.463524369766181 0.56847462903748
-0.00220055508964778 -0.0762314063680808 0.0269749687280494 0.468633277681509
0.00150476792464393 -0.0810237476594723 0.0710663531963237 -0.0381224554112156
-0.0402156394084305 -0.0480907153360682 -0.179429540495124 -0.433270189573668
-0.0379430801096861 0.0320563611700754 -0.7361722797314 -0.0909353393133051
-0.00881901113509403 0.0423579437085467 -0.454038191306487 0.614091893780716
-0.00161647675658175 0.0177406296177684 0.292832793304496 0.532301252720718
-0.00239764617741675 -0.0136318602167935 0.441429738448317 0.0444124711838003
0.0191524167794398 -0.0168135564602379 0.264966702860531 -0.179370178897943
0.00309744065209991 0.00513818042594798 -0.00552390914148687 -0.209029608019998
-0.00438756491941873 0.00544399162715909 -0.0474076583823586 0.114652352960514
-0.00285326827497617 0.00441551254139084 -0.214502361348659 -0.0470987147042675
-0.0166428947101732 -0.00727722357483958 -0.208152736357845 -0.376225086647399
-0.00930912118741786 -0.00184564647438596 0.298726267780629 -0.497451784764888
-0.0118624332369007 -0.00303627982452809 0.734814877359581 0.0860463999388525
-0.0127421890175424 -0.0154038634086941 0.39308895205246 0.626235209067399
-0.0032535515871874 -0.0463074871861412 -0.00865989717017699 0.454676431132288
-0.00444309217919454 -0.046098668236921 0.0730494915053461 -0.0682382655812903
-0.0256859553543165 -0.0227408157839062 -0.219959678962621 -0.430617139265115
-0.0151614799772706 0.0251850924413582 -0.740616018615421 -0.00521643284373598
0.00444042264430822 0.0258629893911231 -0.365613145508399 0.658819453371542
0.0125967178860978 0.0151768422023252 0.353500912822592 0.485255077747258
0.00799189942065475 0.000267010046111234 0.438199352206385 -0.00316584338208489
0.0159704735680151 -0.0077752306182531 0.247856257653786 -0.198228230931879
0.000684312066197372 0.0024957533303067 -0.0130624378634393 -0.212922189857186
-0.00632539388650647 0.00659396067764224 -0.0522256264450103 0.11630190985282
-0.00777070586762217 0.0181761827574871 -0.216646556250374 -0.0547988952126182
-0.00898932400672328 0.00832913116951317 -0.198525693773282 -0.389021364980541
0.004123368559309 -0.00607677287639223 0.320749693573073 -0.487255835449926
0.00760790386287325 -0.0089985294327135 0.736183947586599 0.116365173714552
0.00366413507217187 0.00437860999152051 0.374040715301306 0.637946454561516
-0.0113476253955892 -0.00385329621941899 -0.0123621176856685 0.44596392104235
-0.0128834794669841 -0.00289269400474783 0.0735381267076744 -0.0826395577314372
-0.00593226095931551 0.00184802629466415 -0.234071067134687 -0.433406223178061
0.00810960453582457 0.0127175822578646 -0.738877899423734 0.0193735225036964
0.0151134157862356 0.00545334213611259 -0.336685136958172 0.670807509191544
0.0259346315340708 0.0111586008029477 0.37108587600087 0.468761408862781
0.01886856727748 0.0149589149718112 0.436414400453298 -0.0146967146630671
0.011175434706794 0.000990269271166481 0.239856387281858 -0.201897221423638
-0.00165280293510541 -0.00116728001573528 -0.0171686180790141 -0.211631765335823
-0.0084276113461999 0.0084037084492414 -0.0549918650472481 0.117870193873036
-0.0118704250332019 0.0315839996588928 -0.223083255891766 -0.0485717915875641
-0.00289245290552398 0.0231473610101479 -0.21949341031505 -0.377978327311125
0.0158332213803396 -0.0100185299173653 0.284255227401566 -0.505442786826638
0.0264982274994164 -0.0135226383084862 0.734601465999275 0.0607272476202808
0.0218346975900943 0.0249558329129199 0.413906708793746 0.605169841361885
-0.0189617272288234 0.0410395589644543 0.00683286369927969 0.446188848847303
-0.0196845255016425 0.0424532963613109 0.0705242615546837 -0.0773670577912132
0.0146701722828002 0.028012482197315 -0.219696391977503 -0.44137358437138
0.0303175441695021 0.000762279374045726 -0.737415681440596 -0.0197002585646987
0.023526461049292 -0.014327521640957 -0.371966636723354 0.653124955506884
0.0375997601362173 0.00769030819029599 0.34570454032598 0.492740341668434
0.0289946435448061 0.029524230252117 0.435808143162345 0.0124144453742847
0.00657831839104296 0.0100452730428746 0.245746508437382 -0.18802122851686
-0.00339553458641792 -0.00416634108754374 -0.0143842618968084 -0.206775768065092
-0.00868724024348533 0.0078952791282127 -0.0547405449040093 0.121652845368671
-0.0144366251654298 0.0398173759106 -0.231694883410906 -0.0280120663514513
0.00252690784332045 0.035148403026054 -0.264718242023324 -0.343299030033182
0.0250617175859204 -0.0144611521249047 0.194989869437123 -0.538730628908765
0.0419811494950858 -0.0238406330804708 0.718261128079421 -0.0664587989581384
0.043314469985171 0.0339890115317166 0.494888211506101 0.528465950437804
-0.0163949784174536 0.0775602757135288 0.0509689946653891 0.455178701003182
-0.0257048344061222 0.0822313237707559 0.0670864935878272 -0.0523601860894368
0.0266826962955407 0.0556842282757519 -0.173838634158252 -0.451454960872534
0.0487389271689167 -0.0013413800826167 -0.732318991428365 -0.122441070386207
0.0318305169427803 -0.029942587698586 -0.465352597219475 0.593248422376826
0.0457694096950018 0.00337282895747701 0.275684105190519 0.54732474958536
0.0368768955439779 0.0418893290248912 0.436652149754439 0.0736525675233729
0.00341285581432379 0.0186518565988261 0.261445797285838 -0.157353373816611
-0.00345501562264532 -0.00761197269821159 -0.00575250552017645 -0.198796618110294
-0.00833183539382841 0.00544505336172363 -0.0498323437605516 0.127221645299947
-0.0147710433058778 0.042291780633782 -0.237979611698827 0.00438599286204963
0.00517696689950609 0.0419271901393399 -0.320450489922587 -0.281199160932723
0.0278824054486392 -0.0180495102688331 0.0629967668943845 -0.559290430792693
0.0482856442382561 -0.0357691930230913 0.659902782843935 -0.234513177542806
0.0623442221452165 0.0272684829685291 0.587662177590034 0.399438847936517
-0.0032764998480758 0.0974642284265637 0.113809721029774 0.461217355516468
-0.0294070473651599 0.110277017412083 0.0623693182391094 -0.0131430329251947
0.0266557415043205 0.0832320636435909 -0.106507565907488 -0.452522294949611
0.0605932128180217 0.00922441576929055 -0.697397718784641 -0.273151180502923
0.0397244685731312 -0.0369778284143425 -0.595690569465466 0.480759318186891
0.0485200752642748 0.000418055112070773 0.154611007987291 0.606493522410784
0.041690028529802 0.0496619715820959 0.421902640828815 0.163292683739341
0.00209811089938407 0.0262971926084459 0.282567173864271 -0.113361100603791
-0.00343877268687567 -0.0100382325091515 0.00697664817084148 -0.188837299096938
-0.00815650722898859 0.00269298642461258 -0.0397989206986022 0.135455891585958
-0.0139655797364522 0.0389275486302916 -0.235328251227832 0.0419789446381682
0.00607983283175088 0.042200799843297 -0.363407017578284 -0.199453063884333
0.0240329094044636 -0.0194373650190855 -0.0770832069659606 -0.54348850307685
0.0432608560173304 -0.0457865469264927 0.55732354963289 -0.389459883396311
0.070637107683333 0.00989620031780255 0.655743826497418 0.244379693608803
0.0124433711379787 0.0988122487286317 0.186319442507985 0.458823058350292
-0.0315108886705572 0.12167050219704 0.0572869174021494 0.0354972924998106
0.0156875359992978 0.101510075009465 -0.0291997239013049 -0.436635004290144
0.0597800018959258 0.028946554921619 -0.620088810735482 -0.432639605981422
0.0441664532435477 -0.0314170180751988 -0.720407217997012 0.310602032958175
0.0464277897816208 0.00107287139182028 -0.00503379602225723 0.642046459873273
0.0406242783747995 0.0532681039187666 0.386990021732402 0.262068364775887
0.00167617656569074 0.0296976774324505 0.29983237308839 -0.0622123839737297
-0.00280397291943247 -0.00996483116956956 0.0205172029437625 -0.18050023044561
-0.00183870002330727 0.00500158836047536 -0.033538243225064 0.119111217919764
0.00367116595380834 -0.0153649035270987 -0.221525748034831 0.00194856833645864
-0.0318022863308449 -0.029102599256744 -0.295447831756653 -0.291074905991551
-0.0307619015234497 0.00345229890058648 0.108115126810755 -0.555204279911667
-0.0387414555994183 0.0197519838540871 0.681973384405096 -0.174346486058589
-0.0449238934923287 -0.0226450569395418 0.55493528788125 0.465629559427436
-0.0109197886790573 -0.0903591001467468 0.0782370121492419 0.486726226634413
0.00543937066190751 -0.104570882434929 0.0681284705649351 0.00242338535001413
-0.0438219268101385 -0.0709659625403186 -0.118788722111107 -0.434945958863449
-0.0567153185499318 0.0301298616985853 -0.719153248239142 -0.221893611775334
-0.0224817537093999 0.0519004040237992 -0.58216659309973 0.526327941976894
-0.0137384291529995 0.019921696717476 0.191163243216917 0.597073010248649
-0.0107911309773727 -0.0240729811204742 0.436356656273368 0.125192894477922
0.0198002215041293 -0.0253742836562432 0.288517904341863 -0.145729449785202
0.00570273325148894 0.00577830246882323 0.00661088297706948 -0.205145906112591
-0.0020483648884956 0.0045737308975804 -0.041572483726482 0.116292945459984
0.000799602256315071 -0.008018300871005 -0.217738106938615 -0.0263930921894286
-0.0244554460647599 -0.0208311612057333 -0.248123550264368 -0.347908532132773
-0.0213972496706973 0.00125125271599952 0.22487115884356 -0.531212256346952
-0.0282391928014348 0.00598697604520888 0.728261213103516 -0.0200213747763832
-0.0300076705629868 -0.0265706063267055 0.467334935339681 0.572680053860691
-0.00301467753775965 -0.0770183932384605 0.0259064239181198 0.47264780872202
0.00153093341757135 -0.0818783771553513 0.0719754824732941 -0.0388420133312317
-0.0398944452622883 -0.0473794950562304 -0.180115898477742 -0.435966918105871
-0.0376354530014339 0.0327946380206397 -0.743333846913649 -0.0900212951492078
-0.00798400153671271 0.0430172492949161 -0.45557888647728 0.618096597420649
-0.00115764640407076 0.0177821579055202 0.297788562485407 0.538247314553885
-0.00134917486499284 -0.0133749540775147 0.445219058516115 0.0451941666703369
0.0194079151268147 -0.0171303209816353 0.267130183597773 -0.18089507428759
0.00328878923321612 0.00474189047967643 -0.00525884308566523 -0.211779866770589
-0.00485843943355407 0.0054892385951789 -0.0485205091022556 0.116325738147614
-0.00377186755367053 0.0041670459958058 -0.215796048138807 -0.0473941907254797
-0.0173949760539477 -0.00738727241517261 -0.211140039028045 -0.37973930511436
-0.00914858422413901 -0.00221478522306356 0.300574870903351 -0.500812671317213
-0.0119807189286081 -0.00316524803998436 0.740459095890458 0.0878535861439764
-0.0122692119662386 -0.0156214607668415 0.397306563178793 0.631944216622079
-0.00358667371841159 -0.0462448841961811 -0.00820059988801618 0.456948594429489
-0.0049549667162028 -0.0467244319594642 0.0733755191124786 -0.0699167677146884
-0.0254586430095765 -0.0238985660328682 -0.220703783390527 -0.434750748328495
-0.0145399689575227 0.0260149635782393 -0.74583841092145 -0.00494754867459542
0.00456707023111423 0.026544361222269 -0.368961775539151 0.665298493774846
0.0125229973009209 0.0148280992204464 0.356852821522928 0.487435778308666
0.00895220124287298 0.000295607877441666 0.442406421717809 -0.0051931080404222
0.0155541673927379 -0.00857763239660166 0.248815033539715 -0.201452959672182
0.000971295135281184 0.00315917983609168 -0.0140473816577702 -0.215583436841434
-0.00607103831654372 0.00726631079883219 -0.0535345369861823 0.117487002089908
-0.00800502842388934 0.0183656938567084 -0.218736779660696 -0.0544840522173048
-0.00923477650345548 0.00813796936980772 -0.201321359499829 -0.3927118353597
0.00410017042020929 -0.0053119765824283 0.32291010906914 -0.490865603522665
0.00825940064066346 -0.00930517291780349 0.742498384045113 0.117159514610136
0.00419610758260569 0.00426438997430607 0.377659672106682 0.643120066209046
-0.0115533944210091 -0.00340238084195444 -0.0133791454120334 0.449831017487787
-0.0121130261012867 -0.00291686471339917 0.0733778004893325 -0.0839085554195442
-0.00498367753545038 0.00183879168692792 -0.235926411366273 -0.437668377727397
0.00786650077876032 0.0126855759028491 -0.745866190292596 0.021837347351956
0.0147016850852673 0.00597844945922802 -0.338191571477593 0.676812968317487
0.0266483924329348 0.0114880820069343 0.374074534115631 0.472777009342423
0.0191383966646469 0.0150371967204134 0.438930126216467 -0.0168399161630628
0.0112973892056215 0.000828391046745302 0.242666222797654 -0.204813972091785
-0.00209449673486108 -0.00065912671078098 -0.0181862663545742 -0.214187816958101
-0.00825720830813058 0.0082547578403999 -0.056054891263253 0.119416066787406
-0.0116698145212767 0.0311908951240715 -0.22616617882751 -0.0482408083892288
-0.00259128372240347 0.0231192764387705 -0.221579113647474 -0.381417730762033
0.0158060518040143 -0.00985796209917332 0.285807117437394 -0.510203716456938
0.0271623951539086 -0.0147616127965281 0.741600046420569 0.0604466973303827
0.0232849201862105 0.0248217054900849 0.417172726371003 0.611086784413426
-0.0196013845734767 0.0413512444101332 0.00511562619134493 0.45027025390626
-0.0198844892337776 0.0425365342260286 0.0713220666513152 -0.0778950668289094
0.0145398361692129 0.0275119624257644 -0.221527732098628 -0.445537907466759
0.0305165462607733 0.00100991645847039 -0.744527369359612 -0.0186378354701961
0.0240405638249882 -0.014767829694906 -0.37509674601396 0.658103183076064
0.0380447511584867 0.00769689491229447 0.350348121045172 0.496797224308879
0.0296606952579954 0.0303615867689397 0.440375730646746 0.0117624401629645
0.00720950406368732 0.00971733410232683 0.247944079321082 -0.190698628219846
-0.00357527521442404 -0.00495284224157368 -0.0146351406681531 -0.209657687155358
-0.00847122117830429 0.00801025505130866 -0.0550880684292087 0.122478739378717
-0.0140950453106071 0.040739199181402 -0.235220547617255 -0.0277395552005999
0.00245852793108632 0.036022416412417 -0.268043612088769 -0.345191036937187
0.0256332878323116 -0.0147749964609914 0.196300076818181 -0.544831786773044
0.0421851426746868 -0.0244826808099092 0.723889221872606 -0.0681578705859168
0.0431094454048929 0.0342879230222933 0.499020632780396 0.530305695118997
-0.0170479013028625 0.0781226027076584 0.0513332126323055 0.458865519696829
-0.0251242773001411 0.0837722674335402 0.0674821519272553 -0.05336453718201
0.0269612376236248 0.055981394147147 -0.174160389933268 -0.45571308209912
0.0489716046729476 -0.00112038303371094 -0.737916904901921 -0.12313802714924
0.0316309759849059 -0.0308040399333546 -0.468687051879009 0.598703762164844
0.0463272956882419 0.0032884112759519 0.279832685099782 0.5509597109128
0.0381207303386034 0.0422002164217315 0.440990542979078 0.0746070306513307
0.00367143944947406 0.0191674519123835 0.264925189970008 -0.160565217677445
-0.00345178022796341 -0.00757607627383221 -0.00586650807881236 -0.20041103409489
-0.0093966649403009 0.00631763072021564 -0.0506733128491522 0.12797879988783
-0.0150819124309691 0.043524106756415 -0.239010282157084 0.00518598874871509
0.00562665859527485 0.0425784144815619 -0.323945862188374 -0.283247574405085
0.0284092102989557 -0.0176069109443275 0.0636010196048319 -0.565514618958628
0.0479554383590871 -0.0364910000097739 0.664007685833337 -0.237351956928366
0.0635386745854421 0.0285205873651215 0.59132492271419 0.403512598438798
-0.0033467677889719 0.0987906133021649 0.115270351804225 0.463225133181462
-0.029128041165673 0.111680337139501 0.063098943384421 -0.0130352239470131
0.0277092536779273 0.0835629316482825 -0.107010311817117 -0.455828004410796
0.0609234757045782 0.00948739499068165 -0.702067916951332 -0.274653257277556
0.0388436103666469 -0.0374541660613273 -0.601146548480742 0.485932740605546
0.0497612226937541 0.000724678145530504 0.156205660548638 0.611157132779061
0.0426040414530739 0.0504509899570172 0.425531838652326 0.164493277164587
0.00225239838860085 0.025745019434568 0.284675989258585 -0.11603979531476
-0.00370899951270407 -0.00972522610497366 0.00643379604775697 -0.190693895372581
-0.00839564750165971 0.00240773705457211 -0.0411424860864963 0.136946651590984
-0.0140788513180918 0.0390473876483515 -0.238114551204603 0.0433529184713023
0.00587270256852003 0.0436156538913818 -0.367650424925373 -0.200884496667929
0.0247831577214827 -0.0193234885270585 -0.0793955798983268 -0.548229903956227
0.0435099748590531 -0.0461901937594371 0.562894310655603 -0.396736789528515
0.0717272321437666 0.00975641199093307 0.660244301801674 0.245342559383289
0.0127327799400039 0.100422676781733 0.18990176193086 0.460404599741416
-0.031917888805364 0.122341491147372 0.0579133757648357 0.0357718817333532
0.0145385048516665 0.102068425401723 -0.0300027230253425 -0.43963792703784
0.0595673348659979 0.028683908324163 -0.624615677307287 -0.435511595990883
0.0441153362301717 -0.0316200029970656 -0.726905837315434 0.314562842729017
0.0461303683415502 0.000747358818875304 -0.00502562363844064 0.647700381613688
0.0414471348263697 0.0533785515925677 0.391269571451326 0.262117703372873
0.000982235584433808 0.0300968178297377 0.30239452163722 -0.0639480897757582
-0.00278823596520705 -0.00927527515060182 0.0209646403386111 -0.182211289725308
-0.0022678708014071 0.004609933900303 -0.0332759477957844 0.121156006214272
0.00387836621306995 -0.0157342338553005 -0.223258578059376 0.00393209735132086
-0.032494358318389 -0.0293262108574136 -0.299774687119603 -0.29178691788189
-0.030889299322036 0.00406262321557973 0.108303921302012 -0.561389718995246
-0.0383814442529696 0.0197988371499456 0.687353629829295 -0.179422423196425
-0.0450086572579991 -0.0223016498029921 0.561319411915539 0.468009091077037
-0.0120151337088341 -0.0907689721426026 0.0812795119120841 0.489479812744142
0.00585032464137693 -0.105635871117293 0.0685341033226328 0.00167590960381273
-0.0454655047806985 -0.0708514947618308 -0.121241815888466 -0.43808881080324
-0.0564371150697181 0.0305029926579139 -0.725656825177385 -0.221938484079634
-0.0227091230222924 0.0524787278238055 -0.58651049943849 0.534110005522479
-0.0138651637666167 0.0203103656185142 0.197119526172395 0.602366323118884
-0.0101801367400992 -0.0244167283983815 0.442367420943147 0.123976186359443
0.0202842691669753 -0.0258888160565304 0.290765391250709 -0.148531513161367
0.00649197027487155 0.00576065818337741 0.0059689857304237 -0.207148070424517
-0.00263188735951994 0.00531545599036886 -0.0424095184058055 0.118185656519719
0.000585666136656265 -0.00804258095940818 -0.220240577252811 -0.0268141819856134
-0.0256630524926861 -0.0212511922850053 -0.251143225442281 -0.350985647774484
-0.0218653386398974 0.00120947457281554 0.226046349533019 -0.536314873213733
-0.0281021271668924 0.00649591336597569 0.734580646143029 -0.0237564727808571
-0.0294699675445586 -0.0262419880974126 0.471558122956814 0.576426661691223
-0.00371973186214146 -0.0771538391702061 0.0281985586357377 0.476207951511233
0.00124584501808875 -0.0826455968510497 0.0723757246612145 -0.040369997451905
-0.040916234693789 -0.0485545356660124 -0.183939479551087 -0.43985963934354
-0.0380002239374013 0.0335719287736913 -0.750088999636219 -0.0887437845034255
-0.00767870051003121 0.0427831986307064 -0.459239194873097 0.626045233861241
-0.0005683498989751 0.0184588321309422 0.300916020393824 0.539474136920245
-0.000898690657248461 -0.0142070434861671 0.450090125681656 0.0430428205697735
0.0189177523347161 -0.0174800672074585 0.269223688089661 -0.183869245194921
0.00362932667031621 0.0052475575570686 -0.0056163645051825 -0.214095227444107
-0.00448304716314602 0.00612711499908955 -0.0495529459600719 0.118635131036321
-0.00307892859164228 0.00453440364574821 -0.218032137506658 -0.0463800179093377
-0.0172550013328509 -0.00712185399469805 -0.212811446625153 -0.382607297515655
-0.00951953069823989 -0.0011482287503903 0.30257971912486 -0.506651706708222
-0.0117233600847209 -0.00341736625336979 0.746658744917613 0.0847539181077007
-0.0118479852466775 -0.0157680369815748 0.401273676508324 0.634939355424382
-0.00493333183551079 -0.0458429614850114 -0.00613164871833834 0.462001353184447
-0.00561824105791963 -0.0480036462296296 0.0748226294709017 -0.0711331543562802
-0.0259106804336796 -0.0236583116799454 -0.223248158981277 -0.43796967835126
-0.0152369204707392 0.026474606299947 -0.752924780455279 -0.00349073378489123
0.00502733346340636 0.0263812510998268 -0.368660818920093 0.673631677465968
0.0135019621701806 0.0154361909185877 0.362616115737522 0.490739580555961
0.00899968236370934 0.000413633556878822 0.446166427425746 -0.00696734055214017
0.0157099933148728 -0.00853413725804719 0.251291486708408 -0.204102699052603
0.00036569158153336 0.00252173617904054 -0.0134719876699225 -0.217664812829394
-0.00643164117521255 0.00760428030676684 -0.0546499463976626 0.11911274652239
-0.00776899142455409 0.0183911492917508 -0.221635081833624 -0.0541349071999968
-0.00976417345340886 0.00897675127798484 -0.203935173561616 -0.395179330639688
0.00424936701711614 -0.00555930876055107 0.322818391804118 -0.495798804141441
0.00730347497194631 -0.00913323587273711 0.750433493701761 0.116859236485053
0.00442279456291294 0.00436774054048938 0.382128841564152 0.64577426634121
-0.0126716664767605 -0.00327550442093989 -0.011663806091567 0.452642569549059
-0.0129478380714042 -0.00302300647867226 0.074241956058966 -0.0850163470225884
-0.00542467578373989 0.00179307510246652 -0.237254625775533 -0.439901522425991
0.00872360093850542 0.0125783099948963 -0.752122481626176 0.022899649245402
0.0152668364708011 0.00603268236746546 -0.338911396491675 0.683895200901374
0.0270461862593738 0.0122690286473054 0.379998501209575 0.475731491914176
0.0201454784677506 0.0152487382005369 0.444259503958987 -0.0179544079446056
0.0113659362006591 0.00101399210756426 0.244254811333879 -0.207329446934211
-0.00199727977985251 -0.000957308409508468 -0.0185878190478912 -0.216511775032143
-0.00756382331803064 0.00833121847152339 -0.0572728471763294 0.121350467848218
-0.0125599900523379 0.0320706918325991 -0.227821001151374 -0.0479209631076555
-0.00239258208524552 0.0245065288318567 -0.224745879114042 -0.38513680350398
0.0169645763545759 -0.00973943575739991 0.286666796063106 -0.516767572149633
0.0278949445895839 -0.0148865931264029 0.747135085788384 0.059116198147265
0.0229837216808412 0.0247732741907387 0.421334332425216 0.61321417593332
-0.0201804510237724 0.0422063512996502 0.00709447677061727 0.454122809908643
-0.0197649789122286 0.0438579427513342 0.0716068826349503 -0.0787940114491036
0.0146137129085776 0.0280105688277911 -0.222132508957797 -0.449585247263093
0.0303015344093721 0.000931903444963222 -0.751033569112247 -0.016217556087312
0.0239833431278878 -0.0150309390666364 -0.377044783921693 0.665625993712719
0.0384258546389929 0.00784343396717158 0.354939980986671 0.499886243880392
0.030451795176874 0.0297284422599842 0.444427353692631 0.00951199515173751
0.00707279425127514 0.0101092477186182 0.249183875377176 -0.193727847352565
-0.00348507801318656 -0.00499351735410389 -0.0155500481218312 -0.211526682058624
-0.00956210783831537 0.00859181182979095 -0.0563965590822602 0.124641808811992
-0.0143025006184529 0.0404525147599217 -0.237496811953385 -0.0259774248357723
0.00280704520551006 0.0364760296841429 -0.271554699365094 -0.349280020685939
0.0252460115865648 -0.0144896704768234 0.195316058282505 -0.550910318536899
0.0427073219488634 -0.025191443565703 0.730843551135187 -0.0705653574474193
0.0446939798271394 0.0339899852504491 0.506248063453251 0.532650212207095
-0.0177253498501263 0.0795648973680963 0.0524839764171071 0.461785322138701
-0.0257676363754348 0.0841411953254116 0.0683908855270058 -0.0541607134929983
0.0278397303154943 0.0571978699665786 -0.176739158091365 -0.459461055262074
0.049632047747589 -0.00143648483097829 -0.744689628499415 -0.121200438276445
0.0324704927706179 -0.0310874786291889 -0.472538164975719 0.607386945647207
0.0474176853276253 0.00270880480101346 0.283315946233475 0.555657600646759
0.0389107839062625 0.0423336933737145 0.444550715444595 0.072632288629154
0.00394228978402452 0.0198171365619828 0.267194912454951 -0.163075373080772
-0.00366405158692276 -0.0081297898047235 -0.00669904391042317 -0.202986921318854
-0.00893317174664446 0.00586170329952117 -0.0515235540717213 0.130934100610695
-0.0157638181470305 0.0435056235716976 -0.242340497481343 0.00624328229825362
0.00605551133111912 0.0437493319834707 -0.328743609823161 -0.284647131727009
0.0281462155982159 -0.0177796615003112 0.0624506579359646 -0.570102090079154
0.0482837783362845 -0.037713842860571 0.672124948391546 -0.240574790653922
0.0637811010773248 0.0274331775931741 0.597327163118882 0.403022512721564
-0.0040294528255238 0.100785996371525 0.117610061378269 0.468201909314716
-0.0299838008792061 0.113001398335441 0.0640045140942551 -0.0135076270360966
0.0271466784492165 0.0841815602269586 -0.107822329972292 -0.45980957968409
0.0615162877405116 0.00844996685348854 -0.71049464653358 -0.27395335126831
0.0403512084601657 -0.0375465085798706 -0.604877025240437 0.492818449824906
0.0498799616764579 0.0002291647217132 0.160065822948574 0.616924989214636
0.0422776458551242 0.0507518623116257 0.430498458375551 0.165539045871025
0.00126107546546133 0.026584330130723 0.288078934576938 -0.117931151358163
-0.00391961581766117 -0.0097940413230592 0.00705250688106152 -0.19246757731639
-0.0089224738280776 0.00350969710157559 -0.0417963665395141 0.138871049825251
-0.0149599011242787 0.0391739855342481 -0.240556256209688 0.0452467850076503
0.00553035122074472 0.0438425170775466 -0.372338721079393 -0.201025940429086
0.0246795136269864 -0.0188016236288201 -0.0826787503517573 -0.553720723165712
0.0435859043578373 -0.047430811963325 0.565872261736221 -0.399817718759348
0.0731661239862084 0.00924525085120621 0.665995874444381 0.246526262850943
0.0127449026305795 0.102097511386933 0.191173555582527 0.463780290990919
-0.0323931173629266 0.123285084148096 0.0587574973531654 0.0354714081253668
0.0157623667888815 0.102964245280521 -0.0309458034917315 -0.443357088247566
0.0610494317695134 0.0283949401746637 -0.631776841083923 -0.439693706067327
0.0442289295847285 -0.0322203046831946 -0.73409531531922 0.319984447411941
0.047496681359576 3.93208951692328E-05 -0.00296235790985604 0.652030982778937
0.0422427957855852 0.0536269162044059 0.395409915015564 0.264149214343152
0.000927983078940564 0.0293906658181362 0.307091889494826 -0.065983682063793
-0.00413811292192847 -0.00967067427594552 0.020844559767992 -0.184802597090328
-0.00200729288229337 0.00494991794743549 -0.0353675231378406 0.123225699506068
0.00395925000590999 -0.0157482392877383 -0.225590987865043 0.00460316629092052
-0.0335606567486808 -0.0300671306944645 -0.303722411700462 -0.294313965917917
-0.0316864500389983 0.0044029005472013 0.105908965748344 -0.569313026129627
-0.0393799208016092 0.0201890238380425 0.695635134495463 -0.182953959442976
-0.0457527000113784 -0.0224026832350479 0.567906195641413 0.469511578847012
-0.012808490525461 -0.0911402143252572 0.0839872177027061 0.493622112940175
0.00545426155913057 -0.106466493666036 0.0695718184559712 0.00134647747839332
-0.0456095149340754 -0.0720540825441031 -0.123267624446693 -0.440828517648249
-0.0561534777055229 0.0309111015311581 -0.733477109746749 -0.219634425692338
-0.0237296598560335 0.0532494022898724 -0.588928524185152 0.543778623296996
-0.0134948249731249 0.0206579152783835 0.20073637529737 0.608032585274469
-0.0105291117325356 -0.0248238136794079 0.446787953028357 0.122010741065508
0.0205580476641084 -0.0267563216214995 0.292332500291288 -0.152017571868928
0.00653525849521103 0.00514472765135249 0.00438488897858989 -0.21039882946012
-0.00306966763788838 0.00535133276255305 -0.0428143992260954 0.120316807064892
0.0014968487547079 -0.0085782306023783 -0.222408704904513 -0.0249187079928729
-0.0253434586625772 -0.0202044878944075 -0.25547545889822 -0.353560658934553
-0.0212310822422178 0.00152893060317248 0.225333299671704 -0.544422826531866
-0.0283601361802786 0.00640379265690736 0.742606354697026 -0.0267336128907259
-0.0288483768255296 -0.0264477580826732 0.479242555105467 0.577486854983676
-0.00364535195339623 -0.0783326865826951 0.0281598797828395 0.480511745362212
0.00127621318530143 -0.0843633376396692 0.0730037105501014 -0.0408089836636375
-0.040918368183508 -0.0483216404163664 -0.186380790995258 -0.442946750751145
-0.0380408126974159 0.0340694404587789 -0.758764598525373 -0.0848329083907795
-0.00795754296248271 0.0438487407882633 -0.461453282359788 0.635007981100876
-0.000498729858070111 0.0192843597244831 0.307482321114139 0.545472869922143
-0.000960781394884338 -0.0137672648262137 0.455094966409056 0.0401313782574927
0.0191009100289379 -0.0176698597688612 0.269967530071697 -0.188155750748668
0.00375366008479135 0.00547564179453404 -0.00632212539792232 -0.216488870009435
-0.00418084184791753 0.00735613987028437 -0.049752162103325 0.119867543871753
-0.00326329665726365 0.00426863159307278 -0.220635319167141 -0.0460096204875382
-0.0170952102323412 -0.00763465754267974 -0.217171477747432 -0.38516855626075
-0.00891858356795238 -0.00117770750690548 0.30159196169643 -0.513424382390356
-0.0117985559606645 -0.00301334086704947 0.756473840411762 0.0822376066340883
-0.0116778176649222 -0.0155137658734269 0.40840366762337 0.638120326579843
-0.00436960711455167 -0.0470279618383113 -0.00564377136163379 0.464324192485846
-0.00498805709972948 -0.0480500104746486 0.0744313622752523 -0.0712191139419773
-0.0259946492224845 -0.0238031211642298 -0.228237651116753 -0.441896386632263
-0.0149325880320131 0.0266726465002015 -0.759366750055078 0.00296322119571401
0.0053641360542132 0.02690975832534 -0.36896409203873 0.681295274669267
0.0136209003559584 0.0155912470161442 0.368301538388545 0.49265203547959
0.00950490594720137 -8.47654626966758E-05 0.450775249047374 -0.00911687582073456
0.0154856122584601 -0.0092158846701569 0.252879042955803 -0.207994646996109
-0.000329461602412416 0.00270066128668002 -0.0151673768701694 -0.219128510703652
-0.00571757334249971 0.00800401362468619 -0.0554572073370703 0.121198630144378
-0.00792796418693682 0.0187876425459019 -0.222710220934393 -0.0527289515656143
-0.00930552818243631 0.00881137312957229 -0.208091431736812 -0.398159103329303
0.00373563033683125 -0.00521576532427243 0.323026811520541 -0.503753191348113
0.00764447824599559 -0.00933936043304698 0.757984079722466 0.112536660447464
0.00549766816104386 0.00520036622100336 0.388579170896588 0.650531815839941
-0.0134193038878076 -0.0028994859765553 -0.00964443466330704 0.456090605322904
-0.013194853915808 -0.00308226140255753 0.0742574549021376 -0.0865593729994208
-0.00451951289486911 0.000833267599912401 -0.241739584438451 -0.443877034092892
0.00813544502290114 0.0131569248575979 -0.758979817169531 0.0285217569115847
0.0148650092748419 0.00595877257726395 -0.339124257365948 0.69162790688312
0.0275885203713002 0.0113688351546581 0.385338702834041 0.47611891303461
0.0211502272626653 0.015429624796314 0.448595943178919 -0.0216966789667787
0.0105932826567622 0.000594249269210782 0.245578462668517 -0.211733263815772
-0.00216320493633443 -0.000525504152141915 -0.0200136031979821 -0.219041831633411
-0.00826689508718075 0.00884680806325088 -0.0578531706053486 0.123698124606551
-0.0120129813806085 0.0324810194245822 -0.23071728093267 -0.0458150183346471
-0.00240383787047751 0.0245187231673972 -0.229644159304905 -0.387613998104096
0.0168141856677916 -0.00920452047711861 0.286263051672504 -0.522347101312229
0.0271189039248596 -0.0160975614545349 0.756096232106341 0.0552658656478315
0.0238996964668175 0.0253500395541434 0.427334262667555 0.61819412322942
-0.0205270361501584 0.0433634151978435 0.0088454812796794 0.457323713594618
-0.0205931680253988 0.0444182071977348 0.0720207364110632 -0.0801193354860578
0.0159952525949223 0.0279546791668861 -0.226904008749277 -0.452609848938535
0.0309348655999074 0.000676771860541938 -0.758553521453097 -0.0127526345469517
0.0245281894759918 -0.0151474580641377 -0.376486896390952 0.672934686572457
0.0395488863172437 0.00757583373463108 0.361951389687467 0.504587384282955
0.0311932451827438 0.0305043260295477 0.449510458085345 0.0048711147389541
0.0061319850098862 0.0104826467065109 0.250867200518471 -0.198240099750668
-0.00358391708479065 -0.00425366016655897 -0.0163269883468527 -0.214022687339736
-0.00907805494002619 0.00907692629237213 -0.0564608742839508 0.127402302973925
-0.0147605105577053 0.0416137977693334 -0.238673843029183 -0.0247410020358537
0.00298244335595808 0.0369577651129018 -0.277839217599258 -0.350389019821746
0.0256499934812128 -0.0151501492131221 0.194928930163524 -0.557257964014439
0.0432241699962367 -0.0255218688288155 0.740224382805739 -0.0748454809636437
0.0453947594339542 0.0346934967289343 0.512721152128026 0.535602496839341
-0.0180454308443726 0.0806784548026519 0.0539791679480156 0.465613289667279
-0.0254036510067817 0.0856122560744689 0.0681419850572889 -0.0549773233294483
0.0287488088250803 0.0567094320888458 -0.179136637706477 -0.462901269239021
0.0512210476341341 -0.00218271655422106 -0.751086214724627 -0.118379112303326
0.0326608282822272 -0.0319350636167969 -0.472090732919648 0.61365766079799
0.0472360129587735 0.0033297131256103 0.290741687683912 0.558716506126003
0.0395965144156378 0.0429908714594642 0.449689991233697 0.0707040063758615
0.00368290792382348 0.0199255381305486 0.26816078478932 -0.167020369410996
-0.00409016238514797 -0.00708760224605314 -0.00771981266224569 -0.204623731882063
-0.00797072294813236 0.00705290587539189 -0.0523162205758737 0.132879108727326
-0.0153095979359549 0.0438176865281785 -0.244992138287418 0.00922296799406237
0.00573325040141933 0.0441177490646982 -0.332976126460235 -0.286246857430482
0.0285716568962354 -0.0180928712595224 0.0600926000353678 -0.576209418363079
0.0489611560314623 -0.0382607882385479 0.676473408105255 -0.246729144201567
0.0647664256648994 0.0275236366303528 0.604934975372441 0.403921769883548
-0.003433553701522 0.101348461633388 0.119022780166776 0.470248027239624
-0.0303064194716633 0.11363445630505 0.0639639007826747 -0.0136255288265216
0.0291085270131263 0.0849450999236684 -0.110299070225366 -0.464054947837626
0.062068767179885 0.00882333148906726 -0.718145621028597 -0.273353432699383
0.0404996324080626 -0.0388922998062083 -0.60940085364908 0.500499581573913
0.0512766317886653 -0.000309559507251343 0.165184731792653 0.620119856548289
0.0438100791193802 0.0506296132774723 0.436059463093266 0.164955810559762
0.00172090843139758 0.0268937284163243 0.288740498326587 -0.12129032619709
-0.003874674141679 -0.00924051821473322 0.00570160979500987 -0.195476288384758
-0.00844547593986258 0.00313569595855365 -0.0415194592679516 0.141717885132361
-0.0140160612065162 0.0409550721875383 -0.242694827579256 0.0474198821204987
0.00628396406398636 0.0444624950666755 -0.377400988293841 -0.201768948405859
0.0246941200881836 -0.0198353407935228 -0.0855903849136542 -0.559017042368363
0.0435526112305431 -0.0485749819685375 0.570948112084175 -0.408530379940836
0.0729018892439903 0.00903419569454826 0.673088415668832 0.244536349086492
0.0125405571486563 0.102812428355617 0.194995811725988 0.467039553487898
-0.0328916871057769 0.125197226204172 0.0588825942556681 0.0347996303091293
0.0166087008344469 0.103656713345121 -0.033376602038469 -0.448454599195156
0.0612653139287051 0.0284662776646498 -0.639770526065023 -0.43922673878333
0.0448863420352599 -0.0329949305905565 -0.739734645706712 0.32782298254922
0.0483129877140348 -0.000329122132557067 0.000364739730584207 0.659944501342272
0.0432291194974677 0.0534830630539167 0.400696357108756 0.265781236527732
0.000539079381950653 0.0303395590752777 0.30972285035383 -0.0686054121577261
-0.00374837077377487 -0.00967066488903131 0.02112380921897 -0.187780603449354
-0.00199701920956759 0.00552339053052774 -0.0343013101007616 0.125366865130759
0.00428553747394146 -0.0164033101602038 -0.228194864796315 0.00743911488404206
-0.033770410715729 -0.0294131616769589 -0.309658791226238 -0.293742289821496
-0.0320337786099561 0.00547920719428333 0.10264376040057 -0.576016516608956
-0.0394722495047978 0.0204433891716451 0.700130284404226 -0.190709442776883
-0.0463692891650843 -0.0224039474675654 0.576721483530402 0.47015726849329
-0.0139615892456657 -0.0930797400076611 0.086176531680758 0.49678798699324
0.00431306269315344 -0.108186414454051 0.0697412719898639 0.000407312111602262
-0.0456831662418659 -0.0716153191222888 -0.126334172457534 -0.443816973311637
-0.0567983608437908 0.0315647101097606 -0.742107110455707 -0.215391266768181
-0.0228732648035656 0.0539784433190835 -0.58988667493021 0.55205389461737
-0.0129293241374986 0.0212642805747675 0.207500293804403 0.610080420166839
-0.00924421149846588 -0.0255941897329351 0.451991593184046 0.119749058541376
0.0205670075240655 -0.0266221864870228 0.294146299077921 -0.156022253035219
0.00666547541143542 0.00525670387179928 0.00386048492759743 -0.212273254882603
-0.00296347963848787 0.00585555396888946 -0.042492015073194 0.122271856361701
0.000804458567650356 -0.00832051157311411 -0.225330031660793 -0.0231579191913468
-0.0253131332178974 -0.0202115224081445 -0.259456645060359 -0.353710391060392
-0.0216096469807615 0.00228565004940217 0.223007537956319 -0.552870262735502
-0.0286445107066334 0.0066567958399399 0.748899708361643 -0.033060551925663
-0.0296803160438567 -0.0265603147225731 0.487741263349268 0.5807270757642
-0.00483419258735387 -0.0789396839757803 0.0313123665171613 0.484288509180375
-0.000109194849368512 -0.0844216984493819 0.0735438198738839 -0.0417956029894414
-0.0410603026368763 -0.0489200778702484 -0.189841569133891 -0.44620638690001
-0.0378622777741672 0.0348965329593547 -0.762940658477127 -0.0794385191289703
-0.00858718285568687 0.0446573339156205 -0.459060642057825 0.643749674136921
-0.00014809792414096 0.0187871817829411 0.316147142679321 0.546417489692803
-0.0012868139456279 -0.0136518183193231 0.458662061220668 0.0381713915178351
0.0194475819952456 -0.0187520395057025 0.270935489470457 -0.192242098051913
0.00357945526762658 0.00529161964835003 -0.00824533382077532 -0.218455210972281
-0.00484840516868454 0.00741429823882964 -0.0501601597406749 0.122978987218675
-0.00330940900577966 0.00455943543071059 -0.223060783708482 -0.0433906902073155
-0.0173495681266201 -0.00633070073786375 -0.222712216845098 -0.388290096779794
-0.00921782090559878 -0.00127560829593112 0.300859710885498 -0.521464375366214
-0.0123409005259844 -0.00303220622253971 0.76251327465513 0.0768060040145985
-0.011455621375747 -0.0159496226751738 0.416951546746378 0.638702565297529
-0.00569838370309189 -0.0464940340475196 -0.00146874633639909 0.469194180986442
-0.00564056352071296 -0.0478544966384214 0.0744591258678081 -0.0734335960176376
-0.0259058414225099 -0.0237630354648992 -0.231124012585646 -0.44250288074224
-0.0148789116817619 0.0266958014587938 -0.767949223575412 0.00924643772068015
0.00523516339907638 0.0270402745698376 -0.367156099554317 0.690631597922523
0.0143215329648804 0.0158240648121744 0.375562518770725 0.493151532514881
0.0100150862648593 -0.000919738679914775 0.453875984377087 -0.0153997313275994
0.0157873980984728 -0.00923967364925773 0.254521073614544 -0.213093637611489
-0.000383972508313254 0.00281962907723379 -0.0177949500011311 -0.220918292940098
-0.00615635093093679 0.00858335812971354 -0.0559437314903509 0.124456014454264
-0.00805090568174001 0.0192405263108106 -0.224535230347507 -0.0517383614147832
-0.00969225791770362 0.00869830110944618 -0.213831168497102 -0.399862361673998
0.00418665247984331 -0.00474820084129287 0.321903751897972 -0.512014390658406
0.0073862780871653 -0.00981644358512564 0.763822235451554 0.10733985936317
0.0056389493127533 0.00491396643703423 0.397567439330404 0.651655186499442
-0.0143321935417957 -0.00220864552709875 -0.00644807940633269 0.460265245293713
-0.0132373136427166 -0.00265064419337187 0.0745067682092855 -0.0873007385109189
-0.00448324389454634 0.000583141338528344 -0.245445403620596 -0.444709654064872
0.00904652864759469 0.0127659647464404 -0.763722644994557 0.0347418388935625
0.0158093215945249 0.00598423719467716 -0.336786657296606 0.701732576266875
0.0282121781928422 0.0115468910037204 0.392743022244302 0.476778260202072
0.021494525741584 0.0149096826466033 0.452030506149551 -0.0279530406074357
0.0108054132101809 0.00012762892225946 0.246002343119701 -0.216722968719203
-0.00297597403766639 -0.000200861930218696 -0.0217241065905456 -0.222098738226675
-0.00790624225630574 0.00935636550651514 -0.0583115346018011 0.127079353928415
-0.0116687405772269 0.0326776956169149 -0.232178667423353 -0.0444280632078418
-0.0021029268795894 0.0249854043401551 -0.235867497899569 -0.390253463861729
0.0174988951397795 -0.00980966872909269 0.285457727387583 -0.529836717737894
0.0268612169020889 -0.0162506798473715 0.76313677177558 0.0490321682593669
0.0249939145453567 0.0251436463586416 0.435873369623375 0.619673056245765
-0.0207466887374601 0.0436232262092953 0.0123423954173414 0.460918159622892
-0.0195640918031317 0.0443663390921555 0.0726669423495467 -0.0818537952440863
0.0161577235780571 0.028318966032637 -0.230730439612419 -0.454906294933464
0.0314386751014548 -3.61560176021479E-05 -0.764168365010672 -0.00589088216611315
0.0243286289771205 -0.015033692491335 -0.373016858004704 0.68396713286312
0.0397748717685716 0.00713184990405982 0.369917187585188 0.502888084930295
0.0317552378934628 0.0300258319363286 0.45269419390232 0.00361310744854301
0.00673952440789106 0.0100333219496545 0.250495610779178 -0.201796565883845
-0.0036814103969195 -0.00476013434004272 -0.0181285328985639 -0.216222256455331
-0.0090846732682374 0.00954087279096456 -0.0566793134875996 0.129207347760148
-0.0136395336975321 0.04173183260797 -0.241341864239225 -0.0220325746669332
0.00382871215738158 0.0381475400098486 -0.281827474577253 -0.351928539167926
0.0258461107433254 -0.0146687246577157 0.192412105227389 -0.563274570378775
0.0430273652492894 -0.0264661065342598 0.744238949301854 -0.0821276238272412
0.0462590160441821 0.0343246854682018 0.520012564023011 0.53501665102736
-0.0171110357419754 0.0818183846633048 0.0583197650248922 0.468204601845978
-0.0257272913024353 0.0866019018227999 0.0682369092319246 -0.0558912237575849
0.0289198157064918 0.0576598969259446 -0.183759931578626 -0.46628808287925
0.0507435089079312 -0.00272433155709845 -0.757984678145186 -0.113613393324231
0.0319446619810043 -0.0326481319509844 -0.471783757035558 0.625216955419454
0.0486063460104399 0.00318769735452248 0.29843987001434 0.560499332991007
0.0404780239232693 0.0427858344231317 0.454603021701558 0.0673743408556798
0.00350219361702688 0.0199219926974456 0.268914299292448 -0.17125437341962
-0.00440457471945047 -0.00695924100763246 -0.00884559560648846 -0.207158208849967
-0.00914050147602251 0.0069805840031137 -0.0515378000635479 0.135158563292018
-0.0149476483341202 0.0444948277004956 -0.247071793985661 0.0116264952859513
0.00700703019971945 0.0446297134050801 -0.338490702779451 -0.284863483510602
0.0287922910987745 -0.0185009466864492 0.0552842054752932 -0.582561288055998
0.0483398721841524 -0.0389829229493625 0.680681419682105 -0.256057061316936
0.0658898919514813 0.0275248276556409 0.614333989013177 0.401902938161008
-0.00344472789464187 0.103385419157311 0.12399517124139 0.474185767103732
-0.0289253734427324 0.115512231173957 0.064143346127727 -0.0141522778086835
0.0304912051054382 0.0851533010317704 -0.114903137991606 -0.466670687292607
0.0632901468452677 0.00777077877589868 -0.725459578905089 -0.26817989691222
0.0405352734430754 -0.0380220846135959 -0.610529614412342 0.510344847334418
0.0520003689735005 -0.000115842539294489 0.17072692081328 0.625229079161078
0.0456001992521596 0.0505833139806488 0.441663493668303 0.160905280345411
0.00203293553706149 0.0270153106540981 0.290758267056621 -0.1254478172324
-0.00446571227001532 -0.00982004637074668 0.00495157984427596 -0.198040189920246
-0.00780005129922854 0.00443398720621694 -0.04205795115579 0.143825183402234
-0.0143666152718658 0.0408936255504484 -0.244757624326563 0.0509002514935867
0.00650938058568737 0.0454424471323716 -0.384244646214827 -0.198947667909128
0.0248972604689296 -0.020779650587559 -0.0930049737345019 -0.562139160192319
0.0435453547260425 -0.04917323924842 0.571316506270387 -0.417675515562955
0.0747923877936246 0.00918672906623704 0.681736867566117 0.239432410117763
0.0133519953033114 0.104327243186465 0.199792504419954 0.468213166779254
-0.0314436669989696 0.126303148345153 0.0595747275764753 0.0350362517203025
0.0179212969300707 0.104612299722581 -0.035037207239871 -0.450954091803646
0.062480856145834 0.0278757392160318 -0.647515002262778 -0.437265141673344
0.0444345693403384 -0.0329939984486683 -0.741767371465822 0.335749248651155
0.048774188701051 -0.000674757992812875 0.00596325646945694 0.666790199849502
0.04415260788402 0.0533595398356464 0.405851095558533 0.264219731502708
0.00111258734750113 0.0298939300718073 0.312637514676784 -0.0729889883575152
-0.00418927111414154 -0.00945396902996937 0.0195230420790558 -0.19056434746485
-0.00293657686902482 0.00574300470385341 -0.0334905394698048 0.126719073771725
0.00415257670100879 -0.0167822301707592 -0.229508870043565 0.00973202493974168
-0.0346730698522292 -0.0286276106299128 -0.314891627237628 -0.292927241196536
-0.0320381335190005 0.0051413346550443 0.0957929216261076 -0.581324890366573
-0.0400153542956136 0.021494637298527 0.704166367308386 -0.198989939453745
-0.0463979079942313 -0.0217763184424611 0.584453833950641 0.466040154422974
-0.0150493788237928 -0.0923476859665034 0.0924222239180569 0.499849559166442
0.00342738897497674 -0.108702874772298 0.07066900026898 -0.00015274389424733
-0.0460418099092397 -0.0718907091403838 -0.130841752844462 -0.445733108484524
-0.0565223592514308 0.0330447222663644 -0.749712350006037 -0.208318427649937
-0.0227225577285352 0.0550028085462737 -0.589237363628355 0.563415878018484
-0.0131964506108837 0.0221005247251478 0.214962523620935 0.612059329288414
-0.00921081160400079 -0.0255841842738019 0.456992128420562 0.114273951794099
0.0200093165350312 -0.0285596753455915 0.294861606813368 -0.161171249426846
0.00663193487896851 0.00515799008627716 0.00224521986411887 -0.213531573123039
-0.00338454520602216 0.00617829038609139 -0.044262543345615 0.123585757532879
0.000312304950840355 -0.00772375417361144 -0.226496499688152 -0.0198992487901213
-0.0261945471078149 -0.0205616936393682 -0.265060016915625 -0.352701439708751
-0.0217702582520737 0.0033381562192193 0.218553422782579 -0.558159087287736
-0.0289067980616719 0.00691634041701281 0.753392302916924 -0.040089705569438
-0.0297257728560439 -0.025574283723309 0.497336004713755 0.580635761903904
-0.00593120395559811 -0.078822393217265 0.0377736637375863 0.486477707048814
-0.000788749196291314 -0.084780566907051 0.0725754517067059 -0.0428979603712833
-0.0413328419943554 -0.0495990056495746 -0.195351472410375 -0.446756666771482
-0.0372858301072225 0.0352102953263992 -0.770538923969511 -0.0714447722972683
-0.00686149081196074 0.0445450655286977 -0.453697740936774 0.653882687997491
0.000645607024522862 0.0188715110604006 0.323399440642413 0.546324657296556
-0.000151450695870498 -0.0145301554528499 0.462980574118869 0.0313146771855081
0.0195785975524435 -0.0188986527340043 0.270930939443565 -0.197893199568067
0.00304463845430814 0.00525052917982697 -0.0103578533357273 -0.219862867083659
-0.00516390131636586 0.00791582040698225 -0.0500086468740605 0.124651178138477
-0.00346595242377656 0.00410499002931267 -0.224959468430433 -0.0412799475936609
-0.0178174030295327 -0.00699238577293312 -0.228862758754572 -0.389187732425597
-0.00918170363141218 -0.000808600534016617 0.297550869329174 -0.528335757291165
-0.0119593801368746 -0.00358469189688314 0.769831367207711 0.0701355801787104
-0.011931768931721 -0.0155970713178412 0.425771357857123 0.639619842649641
-0.00639227759901319 -0.0471594533832359 0.00207594752429917 0.471683632617046
-0.00714372521894271 -0.0484352100490371 0.074415072760211 -0.0744676657654624
-0.0261145918953953 -0.0239157372770811 -0.237634746800269 -0.443798839116937
-0.0145173670229133 0.0264437635179274 -0.772761255365442 0.0173878483544218
0.00565695485152352 0.0270238527341223 -0.360048449731078 0.699331763336743
0.0149332869305262 0.0155972887646144 0.385202699685355 0.49303622933405
0.010555694570433 9.82120789514472E-05 0.45705498673144 -0.0208588666480811
0.0152559406645144 -0.0103353757644588 0.2524170985704 -0.217333090772048
0.000120447934672492 0.00351144826952596 -0.0196391924169445 -0.224555627277201
-0.00620805109682305 0.00893666658954534 -0.0566610373916851 0.126496740451325
-0.00798427042890691 0.0191560168581288 -0.227121551050635 -0.048670120958333
-0.00900484751752418 0.00989853453832166 -0.219610938203009 -0.401990669902661
0.00454840280357704 -0.00532130087010669 0.319852566135103 -0.518809382948482
0.00772217978780473 -0.00987471064683039 0.771589962024348 0.0997969108233842
0.00572141932906377 0.00495259615101059 0.406855277982547 0.652889958018727
-0.0137093765212508 -0.00200478935413587 -0.00248427838191383 0.463251350086461
-0.0129687889916838 -0.00270148877868234 0.0731671689464747 -0.0889425426225869
-0.00430359679665224 0.00120697208133469 -0.253917743978443 -0.446085176079391
0.00930536574270023 0.011897952922848 -0.770054888900663 0.0423370063428358
0.0155419354457545 0.00606262450626043 -0.329796530444344 0.710035232367284
0.0288850026227086 0.0111077994815847 0.402060155336346 0.476691627789145
0.0218031546026104 0.0145608667769429 0.45561743512017 -0.0338355956530375
0.0105789876640936 0.000132003315641153 0.245398948280243 -0.220963617452099
-0.00229481739178098 0.000267618127390365 -0.0241580991117016 -0.223118385345782
-0.00759155673383678 0.0109190823314798 -0.057326756835388 0.128582621404952
-0.0127178495388499 0.0335822450493847 -0.235031258318937 -0.0416807601450981
-0.00168901926591619 0.0255845787170867 -0.240414779792686 -0.390669369888547
0.0174231631340359 -0.00981373275505715 0.28082939435161 -0.537660193616611
0.0269465144727576 -0.0163117496781925 0.769495030659848 0.0417791231507567
0.0251311162497592 0.0256086235402306 0.445186729331819 0.61882088160788
-0.020523762190444 0.0442566612084625 0.0188847666975272 0.464007179937962
-0.0192970326417588 0.0448528669779421 0.0716895943299058 -0.0825737181893695
0.0170165666455757 0.0278905797794366 -0.2372567486603 -0.455377789366041
0.0322459899644655 -0.000245051683613988 -0.769408722740016 0.00194510048853371
0.0243054240751804 -0.0158399804965552 -0.367231100929366 0.692200868836537
0.0407793927735345 0.00658015853092422 0.377454316666823 0.502062109368117
0.0329841903033135 0.0300256192138436 0.455392806573152 -0.00376095729730968
0.00690661862930963 0.00985006551098314 0.252275488437799 -0.207063976730992
-0.00426679923084113 -0.00392411058289887 -0.021159496459045 -0.21723904020883
-0.00867276354660736 0.0100428907662647 -0.0569991279887725 0.13194273323989
-0.0137395726087002 0.0429420943313502 -0.243721226287908 -0.0188189564555259
0.00370044583365627 0.038395922995831 -0.290369604482513 -0.350700787865157
0.0261805267298631 -0.0153705876080729 0.186706863054511 -0.569439902410173
0.0423789768573348 -0.0271337202524395 0.748735909654482 -0.0894514991838926
0.0465393760327739 0.0337680167794878 0.531296646537111 0.532551999171437
-0.0170682684710699 0.0829575159968604 0.0636027811445964 0.470343668941245
-0.0249996030247411 0.0873929766427839 0.0683974406228777 -0.0571841526480439
0.0301797823322959 0.0564823690821319 -0.189800072586344 -0.465695138461405
0.0513224682282858 -0.00310084321258256 -0.765918872142611 -0.106027433265737
0.0324221962283392 -0.0326372446250481 -0.468017959473734 0.634529678599893
0.0489604970653998 0.00220736577180878 0.306312395782817 0.562684300537473
0.041706762429125 0.042414831364073 0.457962555832821 0.0630558455982994
0.00371003724487987 0.0201671393198956 0.269471410027073 -0.176492416761599
-0.00482857058959251 -0.00710380066889561 -0.0111995509478474 -0.20979082841339
-0.00833568898923053 0.00753311740569349 -0.0519433073805264 0.137748471077992
-0.0150492426833693 0.0452081781003323 -0.24788249322286 0.0152520477215793
0.00770213879855255 0.0449762954613055 -0.34499711529381 -0.282894046121602
0.0290195545003 -0.0191822340841589 0.0496328228002911 -0.587590912536892
0.0485867495290451 -0.0407294725868004 0.683142013594813 -0.266045998275395
0.0665931236561412 0.0266840208499513 0.623521317624332 0.399125541909475
-0.0034282566798868 0.103573787436632 0.130089779825338 0.473727212706527
-0.0284232110309626 0.1166826202317 0.0642409004533939 -0.0155853672949671
0.0323521689532024 0.0851055384039244 -0.118946702941303 -0.468839064505667
0.0635527133424114 0.0074118860458747 -0.734259616839579 -0.262931190393638
0.0405028948706312 -0.0394691146325098 -0.609784249884578 0.520514695263883
0.0519329093780398 -0.000163987311506839 0.17984672533165 0.62928040726439
0.0464168398662065 0.0508677817629797 0.446318187008338 0.15808716657113
0.00229772206869808 0.0274272218710304 0.292708541407871 -0.131180982149175
-0.00541635850195036 -0.00955130275706209 0.0037518960679379 -0.199853538029363
-0.00813836351639503 0.00419159834482155 -0.0413375241587103 0.145234194240694
-0.0140027916004374 0.0420134213883952 -0.247124738059996 0.054653242270968
0.00799426132740926 0.0452049052021837 -0.387861423189926 -0.195895839547336
0.025341873277348 -0.0202760154081644 -0.098683995657835 -0.565885396724274
0.042843579388612 -0.0502413033186391 0.571199577052625 -0.425694991935629
0.0749030277248709 0.00765887622947438 0.689791453878214 0.233584507080414
0.0145350759366225 0.104734427901761 0.205787201055679 0.469202448152073
-0.0311623868334818 0.127496374289197 0.0602843031729396 0.0351453874294683
0.0195260340686438 0.104559084574321 -0.0396857519909905 -0.453537975216768
0.063375595812841 0.027700924644313 -0.656155140558331 -0.433521466060094
0.0444257096521813 -0.0344148716827281 -0.745441170995418 0.347353839609296
0.049949647717309 -0.000967371591539531 0.0125677938433618 0.669874844233917
0.0448529176119203 0.052580732519395 0.412224713297913 0.262437913672579
0.000578407120428705 0.0306948782866198 0.314683293270951 -0.0763366360179932
-0.00445307581075159 -0.00945458254781419 0.0174802049873054 -0.191804056195419
-0.00279741900904844 0.00608837211543811 -0.034095778628599 0.127781710665328
0.00296044803684931 -0.0166264607710738 -0.231003964639156 0.0129244515163597
-0.0350329103025572 -0.0294228337351396 -0.320428961694154 -0.29017290113271
-0.0331016723041112 0.0056560830235774 0.0896722422789672 -0.585847856878257
-0.0395534512872688 0.0218236708903905 0.705197417882564 -0.209399512740599
-0.0465733040329753 -0.0214667502124327 0.592928410012484 0.461367774743285
-0.0166059062779046 -0.0930623580790212 0.100170880115779 0.50190825917154
0.00219372952827332 -0.109451852053488 0.0703713259843651 -0.0014947600194866
-0.0470625379994846 -0.0720199189996321 -0.135987627016515 -0.448236556819642
-0.0565202506427174 0.033291566653468 -0.755758203507594 -0.2007564004463
-0.0222706288650201 0.0552528066570797 -0.585001852421681 0.574411458417933
-0.0126237726725315 0.0225307246020746 0.225371249666095 0.612524743139525
-0.00985085933915239 -0.0264826047223961 0.461627000658262 0.108993499654029
0.0198450903759921 -0.0284531685474328 0.293965978720243 -0.166469339352977
0.00700662184200131 0.00498398212744418 -0.00100236863235819 -0.215661153723253
-0.00285456272352839 0.00609693930562236 -0.0420154300022621 0.125902460188607
0.000463282091042534 -0.00925527441432188 -0.228704168265826 -0.017744756368693
-0.0259029021583122 -0.0200879603492642 -0.271133771837122 -0.352510527784986
-0.0224267201104367 0.00330085084725833 0.212246547364342 -0.563059556153263
-0.0291948372885709 0.00812926000914034 0.757508225972183 -0.0516109765664709
-0.030170095119971 -0.0252500325344837 0.506906237031724 0.574947755643415
-0.00674927283860748 -0.0792006156559466 0.0431749755176838 0.488236980621362
-0.00107050710005808 -0.0854446363964499 0.0738297295482494 -0.0448447504357633
-0.0425659718740673 -0.0485211370659941 -0.201403829403783 -0.447840861937803
-0.0366548964186466 0.035532785591268 -0.77679466189286 -0.0619958995426766
-0.00620384417131693 0.0445991116110126 -0.45005033923257 0.665428179621676
-0.000210527463546394 0.018908407257742 0.331247386308294 0.543263377208129
0.000150950733636652 -0.0148302197632921 0.465605893940501 0.026301306546377
0.0196917004716314 -0.0197050769839595 0.270213493390975 -0.203298546774725
0.00325149959151816 0.00535820802593924 -0.0130929825208422 -0.221848778639043
-0.00459559127529714 0.00794718982299762 -0.0490401206028086 0.126982106868463
-0.00368247801281616 0.00414979566050139 -0.226522016469916 -0.0376125675701555
-0.0173592299795358 -0.00679363730523831 -0.236401395269058 -0.388894678306402
-0.00892899470326293 -0.000357072800851516 0.293302163615413 -0.53547185535721
-0.0126663196193727 -0.00332727268231621 0.775359967828443 0.0591846352928019
-0.0111910872065225 -0.0148653584625251 0.434817061419526 0.638317876873606
-0.00726116855363622 -0.0463657662784778 0.0096146384584435 0.473194086020621
-0.00667970798128266 -0.0488928479585238 0.0737835386731174 -0.0760592436053269
-0.0260677190706903 -0.0236291650512611 -0.244591384491498 -0.444022906411895
-0.0135288600476968 0.0280918705269389 -0.774969183626684 0.0275533991446106
0.00641224664364638 0.0279430961251873 -0.354920841403827 0.710738145275907
0.0155506565110202 0.0153505843139677 0.392331642942285 0.490147927194248
0.0108579627027738 -0.00124700866496614 0.461627264450079 -0.0268526674326642
0.0158155300088593 -0.00972833774049423 0.251974438446407 -0.224101813546004
0.000140310085573374 0.00324930260118828 -0.0219992731228502 -0.224977612570267
-0.00726960624262697 0.00978317255898466 -0.0541857529885312 0.12813623984127
-0.00796234873370407 0.0195669626214694 -0.227876967846859 -0.0464249773783799
-0.00951107255293336 0.0099702636248697 -0.226258719061158 -0.401221330798253
0.00413750254364963 -0.00531814366684349 0.31435193737644 -0.525860743433927
0.00728053065369704 -0.010123311746557 0.777476124747707 0.0910600052226183
0.00632714485747573 0.00467315549082015 0.415158768594599 0.650073429785775
-0.0144214056719377 -0.00197867902365521 0.00342636992578283 0.463761105555308
-0.0134176921398005 -0.00236843901228565 0.0736045734221112 -0.0909424801256801
-0.00445005907403833 0.000688561924167681 -0.258154554873917 -0.44568540411486
0.00966714962247022 0.0126170456452686 -0.774114645494251 0.0538057081779883
0.0156984941089454 0.00588095440901866 -0.322753517989926 0.720399156650687
0.0296794046416404 0.011366339598546 0.410026636166013 0.471609279710051
0.0230127491354885 0.0140815371197316 0.456801271125781 -0.0392926941060084
0.0109115942356403 7.28920861438618E-05 0.244251502194703 -0.226399246131287
-0.00313965803313986 0.000460061627796746 -0.0265517538071293 -0.224452884318979
-0.00753034705200954 0.0112559136131438 -0.0579559593426431 0.130793897988227
-0.0110264095565441 0.0339486293644271 -0.236589864299065 -0.0384728761554107
-0.00100095537754843 0.0259539786757939 -0.248264214544929 -0.389056664812725
0.0172245767704779 -0.00925850592503096 0.277252501739325 -0.545160264239441
0.0268307609225128 -0.0172234444472292 0.773873275445442 0.0321986339574988
0.0253970427788397 0.0251775680657751 0.454120383757649 0.615420117825495
-0.0204713936616804 0.0449520880992884 0.0232071580779495 0.464690024365162
-0.0192080609843274 0.0453287772756965 0.0704136503806466 -0.084559565005562
0.017006921186102 0.0269036460438208 -0.242541576497316 -0.454740865619829
0.0324516778112206 -0.000635165546761325 -0.773639210752469 0.0105760655227982
0.0245638489286354 -0.0158660713453899 -0.363102124152333 0.700824567218941
0.0420226737527493 0.00628817562540871 0.385637348289201 0.500866357356021
0.0338294216135463 0.0294916566619251 0.459060147604394 -0.0102894536209059
0.00652448500936382 0.010347393468358 0.250957122394291 -0.21206732431004
-0.00448469246748095 -0.00440625240333984 -0.0230879318556695 -0.218731704670074
-0.00911381950005784 0.0101086180774706 -0.0565407177789104 0.134674854338572
-0.0134877635057338 0.0428537859949998 -0.245383236917498 -0.0164008418617217
0.00481828300098119 0.0385951709976868 -0.296114031716303 -0.349664705538876
0.0266037774281615 -0.0150153913169817 0.181036000518348 -0.57685250168487
0.0420122483153207 -0.0277251509483067 0.752241694271659 -0.101431972530404
0.0484109403532802 0.033718327233202 0.537130190808656 0.529175325899219
-0.0165509024062553 0.0841254201108581 0.0686823014917399 0.472361130773214
-0.0235429287026502 0.0881090072764844 0.0674078812888763 -0.0579607528043758
0.0311566493363963 0.0566715715739038 -0.195144036730273 -0.466135858115356
0.0511706111022917 -0.00420084217929687 -0.768784168947806 -0.0971546909089113
0.0319378839885388 -0.0327935263502428 -0.464215743044453 0.644475242804258
0.049417245445244 0.00113842542099756 0.315957235797802 0.560018703242293
0.042874499474566 0.0416059417107711 0.463197231193511 0.055404346731442
0.00437270164716294 0.0202464386986615 0.269332850730873 -0.18062448159769
-0.00482290738342564 -0.00697202962904423 -0.0136120109235846 -0.210323427016838
-0.0082407717821483 0.00857736632985135 -0.0514333588319857 0.139885981405026
-0.0139224976960868 0.046140415446932 -0.250603712489745 0.0178528180978526
0.00835246120982402 0.0454191669639831 -0.352622476603762 -0.28078980864056
0.028662654313833 -0.0192143679099777 0.0421341409077563 -0.589713671381552
0.0482381797909887 -0.0409955166047339 0.684563500149051 -0.274855149967474
0.0674542350835902 0.0261216723790296 0.629824882780213 0.392022835358396
-0.00235114889739289 0.105350746191981 0.136816307965912 0.475343832063679
-0.027661833063294 0.117723400618949 0.0647744782382057 -0.0162269672730698
0.0322002008957911 0.0844230461281723 -0.125855032623755 -0.47037050425682
0.0635921431807961 0.00637696352609043 -0.741202795845483 -0.255969045661106
0.0404424984472139 -0.0400693572061222 -0.606841877420691 0.530350328695476
0.052791582701594 -0.00074748329463321 0.189365251571954 0.629031697097637
0.0478727700432433 0.0502973842698164 0.451883514507373 0.153205963753343
0.00224774375705911 0.0274511052866035 0.294580836854701 -0.134991043027014
-0.00522217096251665 -0.00874861253872457 0.00115126669753456 -0.201991000588571
-0.00839852309216604 0.00469807448467526 -0.0402805498842438 0.147540178017899
-0.0140680718909121 0.0421752003877371 -0.247427559702663 0.0584095667338348
0.00864064371909742 0.0461263784845599 -0.393993271348667 -0.192593286052838
0.0257125694129036 -0.0202714891534835 -0.106983800589005 -0.567748484147783
0.0420511981160577 -0.0518034685350796 0.5692873954 -0.436222856858741
0.0751266807267917 0.00591229465104981 0.69602083290744 0.228225754648696
0.0148566573336537 0.105237368864701 0.211103939258435 0.469841480819673
-0.0303378113543104 0.129277544935452 0.0601907602619977 0.0340014721211841
0.0204965480291587 0.105313278187179 -0.0450199781367326 -0.454149807112308
0.0637993307436893 0.0263958333658572 -0.665566454367688 -0.426655388942084
0.0445165208564201 -0.034775663884987 -0.745049773345608 0.358915331553387
0.0504874442005004 -0.00174713544772379 0.0219470094954795 0.675407235916217
0.0464872107828396 0.0526467832021597 0.41775077850234 0.258852165621256
0.00112697614578848 0.0311444578545357 0.315084746518544 -0.0819224164097258
-0.00541005963469236 -0.00925356757637511 0.0162663364148862 -0.194429548462954
-0.00289606267845987 0.00617103959532539 -0.0328930035332693 0.129143412475022
0.00305881886210197 -0.0168688430769667 -0.231576717389494 0.0164081188795346
-0.0350630534628466 -0.02848520259541 -0.324751546757498 -0.286967196772869
-0.0321485640650014 0.00642807667250076 0.0810377920168624 -0.591316079621442
-0.0393089921430187 0.0227418896986437 0.705379433086644 -0.221141533788916
-0.0463626462668561 -0.0210850947542548 0.602499062633702 0.45598876874186
-0.0184059886897341 -0.0929497076027885 0.106526503498657 0.500348427065825
0.00109617274733825 -0.109954124538625 0.0712019728365764 -0.00223487701468657
-0.0477011671850242 -0.0724201557706376 -0.142745775951995 -0.446719934635199
-0.0557586598527261 0.0340733374995984 -0.760723434395327 -0.190984287254845
-0.0213038271507172 0.0562481261615773 -0.577537481614225 0.585338159552256
-0.0123194284036667 0.0223784943608655 0.234650969824543 0.613009848459802
-0.00963516163083436 -0.0260271761390558 0.463276044727839 0.103338479233357
0.019987084553047 -0.0292535103469226 0.29335182313343 -0.170798492343049
0.00737840473909603 0.00484534705593018 -0.00389843953182626 -0.216708479630615
-0.00312148097027684 0.00618615111113228 -0.0417432772510773 0.127938269637092
0.000151670081285734 -0.00798585966280728 -0.228620040351493 -0.0141036724059425
-0.0270011900629316 -0.0195876053066087 -0.277645655324611 -0.350304312573624
-0.0219984552386755 0.00360133731195058 0.204207729861593 -0.570905074587228
-0.0297590350178772 0.00850799500254039 0.758624354210743 -0.0608919899000684
-0.0298865357525888 -0.0254502065001779 0.514871915542779 0.572017071494635
-0.00855611090044098 -0.0792508371441649 0.0499117041406851 0.489287777914385
-0.00261844789235857 -0.086288525167509 0.0729248151987716 -0.0457014573857493
-0.042334065102113 -0.0483178503050949 -0.207068144551948 -0.447244743594098
-0.0364657400221414 0.0361381688549716 -0.780325896434084 -0.0520467858656149
-0.00579890352001344 0.0452070750853195 -0.442220579794442 0.672501867924513
0.00100269244290248 0.0191004736324438 0.342393030226958 0.540604500747663
-1.9674789910936E-06 -0.0155528972957855 0.467413714516134 0.0177990579921586
0.0190215612060611 -0.0199882197013904 0.267946883550178 -0.208006204779972
0.00380450980114251 0.00499011759464393 -0.0153003178417845 -0.223275146289106
-0.00461341090236644 0.00834691243912989 -0.049343049542215 0.129039590192867
-0.00374018676236577 0.0048456553792162 -0.226983924108694 -0.0362831451478777
-0.0177479444892162 -0.00580870732710863 -0.240624013967479 -0.386684778547314
-0.00888917782897196 0.00044940370803924 0.286411022295143 -0.542961273417386
-0.0130790724502697 -0.00327973230075715 0.778522698411491 0.0492667897445562
-0.0113763609984061 -0.0157202628273143 0.443742214147853 0.632967233500034
-0.00774975418199253 -0.0463179777096855 0.015307669157478 0.473673529978838
-0.00725520611674575 -0.0480332080995055 0.0736562918348146 -0.0772665526468439
-0.0263317457470202 -0.0234717644695233 -0.248956617833488 -0.441513085422847
-0.0131279446012637 0.0278141380489097 -0.779167698404988 0.0383177079270074
0.0062851557227343 0.0270651615416563 -0.346560412902613 0.716441478597665
0.0159286656890544 0.0151576448815569 0.401642610421764 0.484218622523356
0.0115087349713004 -0.00151632412595615 0.461457665582754 -0.0341290881391607
0.0158826059529017 -0.0105302144235638 0.248973913497371 -0.228337803756007
0.000293510897908341 0.00306466148744636 -0.0258902320024255 -0.226472083987232
-0.00619153262018325 0.0105263730267598 -0.0545391021746907 0.130492136387779
-0.0076010718477427 0.019201870171972 -0.230277039625421 -0.0426564204805482
-0.00890087148664548 0.0104536713852359 -0.233146377296191 -0.40108371467917
0.00525629424121169 -0.00460139532265447 0.308641496527474 -0.534697342525029
0.0072547512967531 -0.0103560305970702 0.781031794815888 0.0822039968505653
0.00694033914814349 0.00506895811720543 0.425041731604494 0.647374199413507
-0.0147670759470303 -0.00131355403978435 0.00866633006751337 0.465611466156423
-0.013589153959412 -0.00199694418273551 0.0716412710995545 -0.091379880389752
-0.00411861084807906 0.000725348844964857 -0.263640434269319 -0.443110806952529
0.0101859226012654 0.0120588498297371 -0.774786222174636 0.0648231979158634
0.016240281025624 0.00595628902826487 -0.312534223558123 0.727900267782395
0.0302158302417945 0.0107828955255436 0.418510826409217 0.467971260359222
0.0237198997670639 0.0140014876707777 0.457429348392531 -0.0462951240430476
0.0105462425430693 -0.000415639216892553 0.242633444172438 -0.231109514585294
-0.00328674456148351 -5.67188814738651E-05 -0.0294135393217597 -0.224840704642142
-0.00799867617590692 0.0113165848825975 -0.0563618440628513 0.131871006726932
-0.0108114135464953 0.0339741640758458 -0.237805340578833 -0.0356280783857449
-0.000724598579319002 0.0257854638885123 -0.253725473148594 -0.387941777419659
0.0175281716927751 -0.00948908386382138 0.270325954097715 -0.551678596128317
0.0264154561419519 -0.0177002408403341 0.777760492323928 0.0206440134284352
0.0262646041278226 0.0252223676506115 0.462111453041863 0.610735551284288
-0.0199095956331688 0.0458369139852005 0.0302409788920418 0.465119886045481
-0.0189578352494376 0.0462557493827342 0.0697970672045282 -0.0860278691859931
0.0174586895701357 0.0270957141019487 -0.249792416795604 -0.453421754083448
0.0321770097814683 -0.00128045690180275 -0.776399048623542 0.0220670606651965
0.0243522663510616 -0.0164023798106302 -0.352653631547125 0.708095782791608
0.0421254637084165 0.00558791931152178 0.394954446706263 0.495158444677274
0.0345099634584934 0.0286680643088062 0.46016648850081 -0.0173546477712044
0.00734079728035533 0.0103495126626903 0.249157477460407 -0.217061482873324
-0.00479157832228568 -0.00365174757305724 -0.0267521232093396 -0.220169356427991
-0.00838944903521895 0.0104882392847652 -0.0561335497189221 0.135996919084412
-0.0131442895615659 0.0434086193269081 -0.24584307248855 -0.0123024042286398
0.00517582173441903 0.0388623463219251 -0.302251148214145 -0.346149448797904
0.0263007986042778 -0.0151655991418443 0.175133868806092 -0.581192194003443
0.0423402420849746 -0.0282723096477351 0.753001013027724 -0.113257425366773
0.0487372868819113 0.0331428119096439 0.54586767438372 0.521143368202116
-0.0157518345746303 0.0853501584599372 0.0742757595226564 0.471040826578023
-0.0229236314618592 0.0884442088085031 0.067213970627458 -0.0593618334322388
0.0331724480411786 0.0561619065207044 -0.201223221052809 -0.465588002023428
0.0518475430558376 -0.00487771978647206 -0.773250083528176 -0.0845024917727873
0.0327035061283377 -0.0338795390842244 -0.45693739718762 0.653402002551457
0.0501545915255026 0.00103964131185829 0.323254191790328 0.557166520124585
0.044302231507145 0.0410123686007053 0.463745425762583 0.0511701519596776
0.00429971364074717 0.0209211575969383 0.268174168112267 -0.185635913067602
-0.00538350792869641 -0.00707086446794626 -0.0165534613727039 -0.212425786855493
-0.00780029957736015 0.00911425441552897 -0.0504121951132095 0.141770409658984
-0.0136986604487952 0.0453968786432668 -0.251086199665297 0.022326058303142
0.00932667948659628 0.0461166157910093 -0.357425097936726 -0.276764016480302
0.0286617176566904 -0.0194072023913212 0.0327844830212653 -0.593279469108087
0.0474237284588275 -0.0421400568012021 0.681812658148948 -0.286397006034834
0.0683490538667799 0.0252712573711823 0.638189166314449 0.385123364456113
-0.00105764792153807 0.105993975730128 0.141787596577996 0.474975904926672
-0.0260414440581795 0.118750147326657 0.0641042048505049 -0.0169377763374503
0.0346191566807633 0.0853872023380723 -0.131761559197892 -0.470657898688502
0.0647914938002359 0.00521927115305146 -0.745213363626358 -0.246462160106362
0.0394810832527886 -0.0400388151149334 -0.600868603873411 0.54146957617577
0.0535174656862756 -0.00198025703355105 0.199044799797023 0.629668519095281
0.0488570953845349 0.0493655759828326 0.454655738901032 0.147658142001962
0.00254065460762547 0.0277110970053088 0.292616107260969 -0.140528752868285
-0.00628751158042635 -0.00818122537908997 -0.00259039188988314 -0.202437391368317
-0.00788843814289206 0.00562984613747603 -0.0396341446039391 0.149117971983235
-0.0128105221345135 0.0425951249429666 -0.24864413989245 0.0636813848435624
0.00903594348379329 0.0471398200513739 -0.398274347549018 -0.187165794747467
0.0248832011969725 -0.0208633566696544 -0.11617830581417 -0.567717682718684
0.041527641334943 -0.0526914705543573 0.564359381064626 -0.444842529955165
0.0760363810415991 0.00584289652690796 0.700204636614146 0.21986242379868
0.0154965786763358 0.105989475391797 0.219212196099585 0.467918446919457
-0.0276840334473626 0.129670373556006 0.0614228090311504 0.0327795292054057
0.0222217161160763 0.104837143622843 -0.050479922217001 -0.456474949228896
0.0641443381285822 0.0250566661118373 -0.672961763996988 -0.419077401179149
0.045033929443462 -0.0351926749254537 -0.741426002904693 0.369613527474953
0.0499781070193528 -0.0023109422067162 0.0312558223327882 0.675881573542857
0.0474961563988267 0.0516028134827334 0.423012160440783 0.252979173014462
0.00201527549907437 0.0305872717745735 0.315142018914167 -0.085746587195567
-0.00491498006717474 -0.00943060734039286 0.0140889619021845 -0.195568645579245
-0.00296218728801519 0.00696657325607337 -0.0322816553934198 0.129811699165626
0.0029008157131551 -0.0168696936379205 -0.231586387358779 0.0196485628971004
-0.0354336054162252 -0.0275721103956431 -0.330447400669013 -0.284272571150661
-0.0326521027761146 0.00700789355646259 0.073175968398975 -0.594359119542479
-0.0398620784596227 0.0224588062643027 0.703398305291464 -0.231789517755558
-0.0462868921526302 -0.0201061371295892 0.609272127033871 0.447835185915057
-0.0196577468383605 -0.0928396031568613 0.112613725629943 0.499327700687349
-0.000584229777732046 -0.110538355934309 0.0707257464770841 -0.00291950544500486
-0.0491515853194368 -0.0715818980500522 -0.147008420794154 -0.444874961570869
-0.0553831679561478 0.0347895962803105 -0.764519954730784 -0.179788877935893
-0.0203299644155683 0.056009101792315 -0.570203989971866 0.594853089319133
-0.0111850888043479 0.022448007848849 0.245294891537874 0.607625547675652
-0.0107213493233341 -0.0270123581451682 0.465323746311156 0.0954898631575553
0.0194453404900172 -0.0293283451726621 0.290756589650824 -0.176762439783337
0.00702705460420227 0.00485330117078796 -0.0060624216929515 -0.217760301180645
-0.00309289143134572 0.00807701646368337 -0.0405866752868118 0.128498377844767
-0.000126343724500903 -0.00881989192184616 -0.228672640456451 -0.0104350209347259
-0.0268092877539385 -0.0190623781749484 -0.281905783982006 -0.345857864356083
-0.0214658005670904 0.00443654024965769 0.197161140149636 -0.575111381082773
-0.0290430993506046 0.00814729442568869 0.761231840198949 -0.0727227880503227
-0.0297703514481888 -0.0250729080949626 0.522702857771161 0.564799513048395
-0.0099296665669995 -0.0790740808959592 0.0548048822621841 0.488359682355339
-0.00350332596629179 -0.0865811125908397 0.0719444094433573 -0.0465719491943348
-0.0434501801781624 -0.0485258418325289 -0.212829406842238 -0.442734318567142
-0.0357016331948751 0.0362684010766025 -0.781839772039516 -0.0401490407261252
-0.00545617432694695 0.045255254105162 -0.430737654167096 0.680610616333206
0.00171297478782942 0.0191275852341489 0.350344527505744 0.535402070468249
-0.000278233406065273 -0.0156886292617188 0.468538740163597 0.0114017414025218
0.0188738117199688 -0.0207773512641271 0.266199768690727 -0.213441899554528
0.00319647413605472 0.00540407901240537 -0.0187524839728132 -0.222590581488172
-0.00419280503011969 0.00869446728840933 -0.0485730522104841 0.130324607910375
-0.00358749254675526 0.0042917864755235 -0.227864123325644 -0.0316445666953795
-0.0178045118077632 -0.00550915254440193 -0.247919808797727 -0.385451386136689
-0.00843949605754482 0.00073890973384348 0.280364627357697 -0.547430065296654
-0.0128010755215193 -0.00307248985823702 0.780470874481752 0.0385288829887528
-0.0110125541998523 -0.0150829189425527 0.453105275227952 0.629466555827445
-0.00951391933695869 -0.0456771626284731 0.0209288335770178 0.474550153049662
-0.00893006261746366 -0.0482447946183264 0.072261639032988 -0.0783975966277314
-0.0261769389600697 -0.0241679520043995 -0.254263056415497 -0.438513244729188
-0.0135329144579616 0.0276555056190804 -0.777682053101205 0.0490638087136082
0.00700080937961484 0.0278174677187253 -0.334243842376175 0.724591691078362
0.0165089817712036 0.0149060370125025 0.408691446377854 0.478280048141563
0.0120600680636066 -0.00127969977573174 0.461750269238052 -0.0401692982683933
0.0153090859287194 -0.0109665696416047 0.24683790699404 -0.23236938315311
0.000381254430126045 0.00288953921339493 -0.0283512025917824 -0.226529779845165
-0.00670493485062207 0.0101047476760613 -0.0536337527203377 0.132532046133447
-0.00786229958135024 0.0194692461562726 -0.230730542749491 -0.0395422896117675
-0.00825651084585738 0.0105218085241036 -0.238388325161879 -0.397660165058776
0.00474015982388164 -0.00468537689457345 0.301231793844062 -0.537936391940722
0.00689661036617083 -0.0103838020371176 0.783709670705286 0.0689288697746008
0.00737170501182552 0.00418734527892383 0.433147109762183 0.639056562896979
-0.0148133243616981 -0.00053569510473616 0.0167254578287644 0.464713493553596
-0.0137125164349593 -0.00204706362519986 0.0715486925414738 -0.0927572746247147
-0.00343040839682414 0.000110809509470323 -0.269901926921666 -0.441575527435109
0.0104814484721715 0.0121803867225848 -0.7755910700577 0.075853207676483
0.0164146834080258 0.00580154054601107 -0.304049933759078 0.732646285899408
0.031031437072095 0.00984976495253843 0.424642536002442 0.461994143103995
0.0236907624136546 0.0135868061415153 0.457994341575089 -0.0541547187891195
0.010596069890512 -0.00027530166432738 0.238103729522115 -0.23455254455689
-0.00315091596097148 -0.00010229412119122 -0.0334040343720609 -0.22539673129338
-0.00739313644323634 0.0112866949564326 -0.0558797138678207 0.13484317328712
-0.0108243931062569 0.0340035498600048 -0.238413911654429 -0.0306427199067558
-0.000471958227045465 0.0264802052054093 -0.260804239478146 -0.38463197811558
0.0173220446384674 -0.0102817233828556 0.261957712820143 -0.555698328959642
0.0270220156478657 -0.0182551648676907 0.778105227770516 0.0109853686412059
0.0273118438056739 0.0242799375191072 0.472487110427135 0.604592792620802
-0.0196983221748912 0.0469415761288484 0.0351637090937418 0.464497049655054
-0.0179704339900029 0.0464472829767035 0.0683815199390215 -0.0872169464575514
0.0191634556724266 0.0270403991144567 -0.256552149196724 -0.449300015318478
0.0325853427224762 -0.0017981006718385 -0.776977211318509 0.0330718368762115
0.0246799575022105 -0.0165633092535877 -0.344218372971348 0.715532471686698
0.0425310201229703 0.00507492895621052 0.402796255783325 0.489784740178303
0.0351625156760425 0.0276972265021672 0.459055984506933 -0.0244305380657798
0.00659128672081236 0.0108695937662615 0.246634888182728 -0.22193655210499
-0.00441676096347649 -0.00344407371132218 -0.0291452094386981 -0.220100761716649
-0.00788318319124424 0.0112574518613374 -0.0545105712736662 0.137529190203181
-0.0129148228170079 0.0440206443579289 -0.246324929157221 -0.00796826079302858
0.0063171682545797 0.0392262814048926 -0.307176715428507 -0.34312417639743
0.0266218140147959 -0.0161802444660457 0.164906757837811 -0.586119983362427
0.0417754404243193 -0.0290951015342473 0.751713086207239 -0.122839773237765
0.0492658779394076 0.0322075091424306 0.55484338543951 0.515316218243276
-0.0145139287157381 0.086135436638136 0.0814942287180446 0.470890582789315
-0.0218747021007514 0.0896147279278203 0.0668217612729377 -0.0605394889559521
0.0334369398210873 0.0555557770544093 -0.207430838895007 -0.462788756963616
0.0510966523510181 -0.00555373464850204 -0.776252757421025 -0.0761259558656989
0.0319564160477323 -0.0331718516130493 -0.447128771791734 0.660573744429008
0.0504181036822917 0.000202628459438813 0.33272535590344 0.552338663907196
0.0449670210279055 0.0401443434537313 0.465928867052095 0.0430448918429277
0.00362457508782433 0.0203007627337946 0.265788540115064 -0.190861385719577
-0.00561185023864838 -0.00641692128939021 -0.0200676755578906 -0.212143232662323
-0.00769697400474909 0.0085599338158181 -0.0493127151456635 0.142780329650142
-0.0129529969079888 0.0468861285671102 -0.250985460127491 0.0266338552887546
0.00938041406226452 0.0468888846214709 -0.361684145022369 -0.272014982038603
0.0290755824345752 -0.0203444109934121 0.0250119081999749 -0.594413575600995
0.0465375310222802 -0.0428504009175482 0.679842192597043 -0.297032306501074
0.0692956250574022 0.024188656013975 0.642191582644965 0.376202544166072
-3.9215072544764E-05 0.106694900112051 0.149369406991724 0.472247180988598
-0.024857114878031 0.119324171709631 0.0639876797180835 -0.018914922295041
0.0353986826596172 0.0843287163831312 -0.13792930286272 -0.467652552962816
0.0645523935271783 0.00449214647707711 -0.750249422760407 -0.235853264826018
0.0396943389926632 -0.041848585788837 -0.594197104344929 0.55205271217604
0.0539786281642042 -0.00295974176541786 0.208847406599295 0.626037061834084
0.0502656494269585 0.0484609355419065 0.457399917352267 0.140419741329017
0.0027971868691994 0.0274091239534929 0.292089873794257 -0.145849070467849
-0.00587727625108775 -0.00880898738771098 -0.00320068017547067 -0.203728046902105
-0.00775515681896061 0.00547317559067112 -0.0386470902532646 0.151466399757694
-0.0129082391349799 0.0428007221569756 -0.247130653428381 0.0681123831084493
0.00967651115199453 0.0466378665999512 -0.402668289173986 -0.180890217423066
0.0245408662567643 -0.0211103021531686 -0.124004911946679 -0.567606528479829
0.0409625422275316 -0.0527916497455125 0.559542223832133 -0.455319234861989
0.0756920361799601 0.00482904009049604 0.70450542512035 0.209612351642506
0.0173015526089229 0.107303881277201 0.224311183056186 0.464154109025834
-0.0264702952846425 0.130073638136912 0.0619848394428415 0.0333343487098842
0.0246288718104847 0.104606870673574 -0.0558090717336869 -0.454783140781308
0.0656070686304865 0.0250039154103561 -0.67813491632608 -0.410306983150508
0.0444909440472457 -0.0366371336118998 -0.738669878607735 0.383269323422346
0.0501851854724479 -0.00336208119049125 0.0416644286601222 0.676968896991009
0.0483364354044959 0.0517879304225645 0.429087938483827 0.247085703228511
0.00208317427943075 0.0310873069145544 0.314433865283114 -0.0910855240606414
-0.00602382534428604 -0.00951279105448832 0.0111615030818656 -0.195676498769895
-0.00233737395442937 0.00755266152408044 -0.0311070106183149 0.131430059299879
0.00261665819666039 -0.0175644409124767 -0.231568590448828 0.0239562408308052
-0.0358036918318888 -0.0278435539231618 -0.333646634178054 -0.277937655956786
-0.0323509611361798 0.00756979516382338 0.0636686521303595 -0.594065698292444
-0.039136352829642 0.0233564384510538 0.699527003258246 -0.243627153890177
-0.0464103406266315 -0.0199566161340755 0.613997118335539 0.43808297867368
-0.020978355615163 -0.0922709201879864 0.119431045594301 0.497981217953076
-0.00227666999642608 -0.110046636734954 0.0716189347210531 -0.00420170208862891
-0.0496808477596795 -0.0707349072431766 -0.154032106008947 -0.441369951499059
-0.054675311767937 0.0346319083107141 -0.76442528207775 -0.167365890859507
-0.0194847916501734 0.0568275322759791 -0.55985505395626 0.601720138502731
-0.011027045389006 0.0223298014374542 0.253423052839197 0.604026385953977
-0.00967129821509236 -0.0260386022256374 0.466951457032274 0.0875862877131877
0.0185327473018718 -0.0298369787391321 0.286847118008826 -0.181363687511241
0.00683580977340183 0.00455966069682854 -0.00936024850458601 -0.216861090022787
-0.00464635505983427 0.00762575790887612 -0.0392438546451586 0.129873493959386
-0.000567466936305329 -0.00878079252320765 -0.229214730091559 -0.00718970441923111
-0.0272629892907087 -0.0185924148583738 -0.287988769278629 -0.342637914413151
-0.0214808812428121 0.00522981890284261 0.188494573011347 -0.578453264236777
-0.030638530964959 0.00880363092692481 0.76024456299206 -0.0852562868945041
-0.0298021990294426 -0.0248941970109304 0.529400360818915 0.555760596318078
-0.0111668896093654 -0.0787105054583336 0.0641215632336514 0.486268413875266
-0.00460293676270145 -0.0858896111963534 0.0717462691221324 -0.0483133213015586
-0.0426548597027344 -0.0474056535946387 -0.216963166503667 -0.439353836236014
-0.035203284188443 0.0370879413866892 -0.780797323316966 -0.0285064438017318
-0.00470100887265758 0.0454946311749061 -0.420074663462246 0.687368000575438
0.00202776673331924 0.0186046456221229 0.358561113148872 0.530712861028116
0.000582174554400653 -0.0153899959678174 0.469450425191942 0.00372086009198914
0.0191718684427387 -0.0205321277552177 0.262217141620913 -0.217443672709432
0.00339429255842402 0.0055882769583933 -0.0226070428674196 -0.222535212695121
-0.00453583618082175 0.00973802850119765 -0.0463973212892069 0.131434939154682
-0.00339116068551973 0.00433486172817801 -0.227480885164346 -0.0287390771989228
-0.0178273112256083 -0.00498353196792667 -0.252280883754957 -0.381325920184141
-0.00797101995485596 0.000945881452393553 0.269769195994697 -0.551437220789596
-0.0129545842701761 -0.00303408034375174 0.778009199051594 0.024409507939542
-0.0109922402020949 -0.0152854989392153 0.463078644342845 0.619721031211191
-0.00977473751732156 -0.0459575534831819 0.0277265129854876 0.473164614016612
-0.00910393976426925 -0.0484436218043215 0.0702716067041351 -0.0794119125418839
-0.026352050177608 -0.0235106619920916 -0.260557829741317 -0.434598334010961
-0.0120743917316131 0.0282677263837613 -0.77502005972605 0.0612177314923424
0.00740597483098026 0.0281820158509541 -0.324685810750784 0.727409396865778
0.0166367457607397 0.0144826263210639 0.415263796565446 0.472740423294635
0.0124161806417035 -0.00155252337759035 0.459780850673218 -0.0499236299357659
0.0144663026384226 -0.0119764503183877 0.241967050118996 -0.236150601774007
-8.18816059248006E-05 0.00369891895180645 -0.0327114692083456 -0.225993771924252
-0.00593198337123626 0.0110183342385261 -0.05172004712074 0.133775239204784
-0.00717373626137497 0.0200021420943479 -0.231174452587037 -0.0357589829311205
-0.00840211179018259 0.0114633238710084 -0.244697669110864 -0.393943595562149
0.00495346414277296 -0.00463466056566475 0.291448325889286 -0.543100298395271
0.00678282824169839 -0.0102103432817459 0.78387844094868 0.0576851584301558
0.00801449714545488 0.00427364897065085 0.442329404835745 0.633730841313472
-0.0155440125947105 -0.000251206645485221 0.0219769622662734 0.464424743525427
-0.0137709073849507 -0.00164981040001629 0.0687690831887878 -0.094135255576502
-0.00279418673682525 0.000501475844417952 -0.275863602281491 -0.436256717331626
0.0104496535157579 0.012010954579866 -0.772402038077468 0.0883757217233811
0.0165254044051926 0.0061527226619183 -0.292420276316873 0.735858446038848
0.0313339646032358 0.00985198739842123 0.430947103020708 0.454947929110601
0.0246940370496357 0.0129707498181493 0.457295041885151 -0.0626483268455667
0.0111041657617832 -0.00156258034086562 0.234236730950243 -0.239063068354201
-0.00247971564799548 0.000372949521635902 -0.0367760354668661 -0.224841128589987
-0.00772758435856709 0.0117423136619103 -0.054565139135766 0.136816768663867
-0.00969395240857589 0.0345517890766519 -0.238059209446913 -0.0272978391312735
0.000104158013385054 0.0268578217518463 -0.267698021464621 -0.381473369414424
0.0176574380349138 -0.0102691267607397 0.254202945766498 -0.560469946080701
0.0261946813532831 -0.0186248415524248 0.779000391104138 -0.00131510226548141
0.0281589740884246 0.0240332487031138 0.478621729153035 0.59618408275723
-0.0188398966251269 0.0470256821241538 0.0411049196353829 0.463865104442486
-0.0176217620323269 0.04676734058548 0.0670116410970416 -0.0881952772662137
0.0178631394254112 0.0262200450051996 -0.260767388478126 -0.445614385184973
0.0323013381731814 -0.00224049530938929 -0.776002090363566 0.0443189893573303
0.0240582494774242 -0.0162795751520318 -0.331437054405753 0.719691241434888
0.0429756325842264 0.00415604019065904 0.408772946879136 0.482801193735748
0.035413110409399 0.027239648533056 0.458874790119081 -0.0313246821056711
0.00661626480476802 0.0106958888774247 0.242160275444206 -0.224856677757045
-0.00368888565762492 -0.00344339581511143 -0.0324393194683873 -0.219723246249487
-0.00807566280070644 0.0123553850278333 -0.0527037893580783 0.139870992939379
-0.0117656801079492 0.0440043152838582 -0.246565898259784 -0.00376849738123078
0.00687214343143174 0.0397428025246937 -0.313957356822357 -0.337619854288828
0.0257486873001044 -0.015823845567174 0.1566165156043 -0.586791694923054
0.0408223104252472 -0.0298616616229892 0.749956869045362 -0.134664301933175
0.0505108904995069 0.0318370011692204 0.561222650170366 0.507339360999606
-0.013855731651244 0.0860742023464365 0.0882197849748039 0.466759473588718
-0.0208613587869409 0.0892251668464853 0.0651839326825275 -0.0608616886959959
0.0342293537715137 0.0541381663494728 -0.214045905613928 -0.460160499354476
0.0512719684863574 -0.00646513120473847 -0.77585725171977 -0.0636586966445452
0.0315561468218762 -0.0340375499322931 -0.436391756162305 0.668014518541011
0.0514671288051358 -0.0010583623458938 0.341291245525965 0.547693964473645
0.0455344333398612 0.0398485251091037 0.465474477574306 0.034452479482794
0.00388897037321194 0.0200741185985995 0.262952136699101 -0.194516456523585
-0.00592368749494177 -0.00650097180474365 -0.0220109986486464 -0.212404760688362
-0.00777376652360264 0.00894635887354331 -0.0476750555506218 0.144589255886465
-0.0123677972360911 0.0465339204306949 -0.249419450347569 0.0312284492719502
0.0113584638558361 0.0462889663742381 -0.366396249852774 -0.266553775812863
0.0289609530544093 -0.0196598103933553 0.0166865231376899 -0.595588463425209
0.0459674775561458 -0.0439660681257465 0.675068705015878 -0.305606527195471
0.0689189948301683 0.0228047113023328 0.645843699741548 0.365506799955256
0.000674445319741465 0.107131241322027 0.154904328659587 0.471403006734233
-0.0225592791514542 0.119122538050062 0.0632116226110809 -0.0195383541910323
0.036119615509341 0.0835015815200469 -0.143499801478001 -0.465317228329557
0.0639178313852151 0.00233067660137077 -0.751680344538777 -0.224085473772438
0.0387221188466307 -0.0414220977961082 -0.585084315845169 0.561965043157007
0.0535799624857127 -0.00393213914525434 0.217739036191705 0.623070701256865
0.0506595100533886 0.0473153724494224 0.459576521339836 0.132463301784267
0.00292405561733682 0.02764930902126 0.29086570864263 -0.149674091988963
-0.00559407214601734 -0.00829894771923669 -0.00668995662471763 -0.203927341993882
-0.00698267926465356 0.00612981019993987 -0.0364701310998148 0.152192552228014
-0.0114988615224657 0.0431973873171398 -0.24646817948347 0.071972671408056
0.0113116727800391 0.0467574281708508 -0.406413500758877 -0.174851582320526
0.02366717390054 -0.0214443421519404 -0.134897352766903 -0.565441668378958
0.0392122810057131 -0.0537170686804998 0.553571422221821 -0.462845965039998
0.0758207258151189 0.0037322913886672 0.704381904846218 0.198580918283713
0.0183098810060799 0.106466031574673 0.230393054818008 0.461252100150456
-0.0247615733027289 0.130431219708519 0.0629006450068786 0.0316893098300394
0.0261897653463265 0.10382267641105 -0.0627910660369715 -0.454366271356843
0.065597221030623 0.0236398944338217 -0.682300893160496 -0.39912989643768
0.0439082434953586 -0.0367220477524666 -0.732972050592804 0.392503284023142
0.0508076664985776 -0.00437696189315033 0.0504936016334324 0.67655509714061
0.0493276599791524 0.0498070457845187 0.431965095068273 0.240350359234771
0.00255388375997546 0.0309122187286124 0.313686800429404 -0.0970118451981775
-0.00520833690176614 -0.00926896010720576 0.00838121289393952 -0.197403689608279
-0.00256597615773008 0.0079975611445805 -0.0298122541693826 0.132032390566576
0.00242618757362601 -0.0174603099788905 -0.230976411188631 0.0274850872472498
-0.0355981881768788 -0.0262347244771196 -0.336397633716353 -0.271915249897098
-0.032068416142125 0.00800567345052306 0.0546954557022504 -0.593772540384166
-0.0386727581361499 0.0236263410629172 0.693686758981346 -0.253360174808287
-0.0457874408578548 -0.0195530230086666 0.617233446284277 0.42674074838539
-0.0223727237116107 -0.0918713720646357 0.126998754662229 0.492560232439213
-0.00317480317244524 -0.109451965704463 0.0711342190249626 -0.00585318249668465
-0.050219005819309 -0.0699320386705497 -0.158186385522877 -0.439297592428432
-0.0533152461207295 0.0357969599122941 -0.762708400769801 -0.154917947359633
-0.018765712282952 0.0564011885825019 -0.550065610099374 0.608554190363353
-0.0106114548638385 0.0228715699208057 0.260622374555779 0.597550946558296
-0.0101683126906264 -0.0263131806941217 0.466608397678414 0.0812544114836533
0.0178148362281911 -0.0309824829106046 0.283856564269117 -0.185443948052308
0.00706512122114566 0.00458439377476452 -0.0119954480164457 -0.216316786731279
-0.00355131466141514 0.00805244788773674 -0.0384876130569283 0.130561410989078
-0.000120404905739077 -0.00983700944412483 -0.228324219817775 -0.00395040414763527
-0.0268973858111237 -0.0184482455236077 -0.291173589567096 -0.337503457662414
-0.0214525738644735 0.00533414144920295 0.17909536394004 -0.577715092030346
-0.0297905006939062 0.00905811751772315 0.754786527655375 -0.096385446108643
-0.0292299218810561 -0.0242841566128805 0.53617902483453 0.545904779818867
-0.0130931861599013 -0.0772571025124413 0.069412972174066 0.484483515407458
-0.006137019189987 -0.0850005806751603 0.0701291292976065 -0.0485387435390985
-0.0440462608360046 -0.0471386739053048 -0.221118846404364 -0.434665537327594
-0.0343603901735108 0.0374869304631006 -0.775693190239484 -0.0153251815247043
-0.00386691109394886 0.0456336989511835 -0.410065300523697 0.691810801299368
0.0024950339354525 0.01926465356476 0.364603614580093 0.521706083218859
0.000849906967022758 -0.014989939548463 0.466491764457209 -0.00460019089112255
0.0176762906855763 -0.0222854434028531 0.257102762123762 -0.221063782087652
0.0029704625057561 0.00529402714831861 -0.0259489434389513 -0.222582588326017
-0.0042227910747805 0.00992846671808309 -0.0450882790355478 0.132610430175313
-0.00343942678010451 0.00413633311432419 -0.227021219950217 -0.0244243496093904
-0.0173083162964211 -0.00453011092237455 -0.256913729380884 -0.376817659913663
-0.00855105214434822 0.000542098863406067 0.260946231141501 -0.552205066650798
-0.0131540039723688 -0.00248132572555676 0.776444964765119 0.0147206395256261
-0.00983385400145992 -0.015215222796651 0.466955164829968 0.609284829244259
-0.0102244634206834 -0.0451186621274183 0.0339004763070571 0.470760428912845
-0.00979229946025259 -0.0481269133016328 0.0689821870246581 -0.0793943811047221
-0.0267314018973425 -0.0230322032044238 -0.265363255284258 -0.42944237302641
-0.0116943707890076 0.0273597015461087 -0.771832548513743 0.0728023716918181
0.00812943685766626 0.0278222242697197 -0.313639491085135 0.730976578234447
0.0171963819253847 0.0138654896835024 0.419343454264025 0.46179762463895
0.0120214985622832 -0.0023282791869259 0.458423325666162 -0.0560045557419642
0.0145606135562163 -0.0117944225778807 0.238436768895823 -0.240240977570057
0.000169437861974508 0.00297041495046103 -0.0351901894669965 -0.225217880382287
-0.00595206153480049 0.0115640797770795 -0.0510107395358981 0.134690687413302
-0.00711209532326688 0.0209622658027362 -0.230108789886295 -0.0323619131776074
-0.00825356432641899 0.0115339668436044 -0.250363451776698 -0.390287608229733
0.00535117081044239 -0.00429619070188281 0.285238901495138 -0.546150816207217
0.00607463681870098 -0.0105907483652664 0.782078579413427 0.0459922471031629
0.0079480153646795 0.00468370512487253 0.448209060800378 0.62405303113488
-0.0155323019104069 0.000164181871035 0.0275147993313024 0.461056482031121
-0.0133196754010924 -0.00110416056326096 0.0678671203564778 -0.0943424590865616
-0.00305637720777471 -0.000129793027690977 -0.279640229682327 -0.429685270504748
0.011013312359752 0.0111768039943578 -0.76763887536057 0.0963386844324709
0.016799561600866 0.00522852945058089 -0.279359739937289 0.739679599952831
0.0309378905416555 0.00876824707106911 0.437655388731746 0.446407106339477
0.024733679884973 0.0117999992486473 0.454558006880713 -0.0672241635023931
0.0109125060122462 -0.000813250902456641 0.231375993911519 -0.242860438094891
-0.00270992720316563 0.000769141133120698 -0.0390221074084338 -0.224649808307417
-0.00717987612724411 0.0122217693399568 -0.0527394418382291 0.137649753138331
-0.00957378164881715 0.0335582413614498 -0.238155010963567 -0.0239796918926081
0.000488921204032213 0.0268490505925063 -0.27239376504618 -0.37614200986938
0.0176354602128547 -0.0106781463140849 0.243721501936703 -0.561030115758657
0.0253705034532398 -0.0190271109382889 0.774881799006736 -0.0131548550369543
0.0287573693120071 0.0235262888063916 0.485337824315758 0.586634002352292
-0.0193417452092595 0.0479089913261812 0.0473962487720125 0.460890206285221
-0.016709271001129 0.0477751613527853 0.0657521739912424 -0.0883638022889886
0.0191886722907317 0.0254453980715571 -0.266547744514003 -0.44058070357851
0.0322433475641585 -0.00230513055368397 -0.771016226858932 0.0563297976620108
0.0232080914991348 -0.0173819321520134 -0.320206223321327 0.722871910537356
0.0430972966904228 0.00414760528652034 0.414712267186253 0.472212721043002
0.0366624639593857 0.0271759339177761 0.458205813412276 -0.0384010250581578
0.00565185433821446 0.00998888648763943 0.239537531735261 -0.228148123026948
-0.00469645005228407 -0.00351640099894316 -0.0353449041524981 -0.218709933493576
-0.00743780411887606 0.0124398805272763 -0.0508980003593411 0.142046632853838
-0.0111338406284938 0.0439766961643046 -0.244702097308348 0.00026162591606159
0.0080705896850509 0.0392025577427795 -0.318009871746121 -0.331819376625205
0.0255920336364832 -0.0160133511314794 0.146314755876143 -0.58647482597353
0.0399953630748794 -0.0305772849688872 0.744665696714702 -0.144772649056337
0.0508644896715067 0.0305779208108533 0.563491453373672 0.494612535212646
-0.013383744448183 0.0867218466592417 0.0946812370075593 0.464178742028019
-0.0192796933063948 0.0898679431158574 0.0637614946420928 -0.0611085526097648
0.0350319333649988 0.0535392513738149 -0.219178354118363 -0.455754154119344
0.0518038909668396 -0.0077231490042673 -0.77316155108486 -0.0519346823863806
0.0312970848036176 -0.0344793746003801 -0.425397298843519 0.671901027947006
0.050863967861447 -0.000889708838200224 0.347893856833938 0.539572037242305
0.0464731224015499 0.0388451100703129 0.465050068289313 0.0286751848574632
0.00378631840716893 0.0202184846661166 0.259012915411648 -0.198967038532881
-0.00573292645388663 -0.00680416426717349 -0.0244169164436857 -0.211231175237183
-0.00791771696505532 0.00967965152095811 -0.0459560612059065 0.146803016436599
-0.0114431642701511 0.0471813527631504 -0.248603103127624 0.0352902723249849
0.012086422449784 0.0467580795573332 -0.368954669597879 -0.259604391449315
0.028139667987724 -0.0200163859652684 0.00556552580233095 -0.594130490718307
0.0447402568513659 -0.0448278144445064 0.666745625069851 -0.31418407904739
0.0695069140836661 0.021599851536342 0.647975451709599 0.354963499374885
0.00251546509077932 0.106141450995933 0.159610078426072 0.463447249614682
-0.0208496673727786 0.11973973255308 0.0627788043592471 -0.0195543303511596
0.0374667051749816 0.0827335893440579 -0.148294257611673 -0.46132962326798
0.0644095319325792 0.00185391700849853 -0.751401087955237 -0.213782385967117
0.0383996329560553 -0.042283533973245 -0.574601920340208 0.566327145251923
0.0536586827135512 -0.0047914865845263 0.224838721843162 0.6159190260895
0.051413788571727 0.0459842276681082 0.460788651687065 0.125390221871023
0.00336536119186961 0.028305451703768 0.286956699893597 -0.154824957530771
-0.00617026059810558 -0.00838091585548089 -0.00927544616155048 -0.203518157217136
-0.00690771069463711 0.00615646491363018 -0.0350879354663281 0.154057392495585
-0.0108678693075402 0.0435117019356339 -0.244893516728207 0.0757090540063482
0.0120049127107124 0.0464501407419941 -0.407615158941878 -0.166888586139003
0.0239427794672512 -0.0211806884861237 -0.141428696566297 -0.5603703873999
0.0384685101008791 -0.0535967774893839 0.542948428797477 -0.470004825993477
0.0757391611603129 0.0021187785024337 0.70482654970839 0.18825798784126
0.019654638283252 0.106922086055866 0.236264890799192 0.45473445393799
-0.0229551787366914 0.13071250620934 0.0621634712469828 0.0305239794501088
0.027247938280992 0.103216113884986 -0.0687429031337415 -0.453248855508958
0.0649602886865543 0.0228618857477917 -0.685453089319422 -0.389561893794434
0.0427646353764241 -0.0370631587232952 -0.724971923891387 0.403938414520481
0.0506334929433475 -0.00495105603332149 0.061640553121326 0.67205975620993
0.0502467566710299 0.0490911057408293 0.433981294120206 0.233593980132524
0.00248408627914277 0.0308196129278243 0.310677710829826 -0.101555981011686
-0.00620123737896176 -0.00870382427176647 0.00611227687697221 -0.196673547278366
-0.00327550779495054 0.00843815211627976 -0.02879084149453 0.132890989034776
0.00209712857144806 -0.018184203884121 -0.22877037879901 0.0307868551846797
-0.0357222177611039 -0.0259483433691114 -0.339124522584651 -0.265700991310011
-0.0312849181037429 0.00891069057460299 0.0468030106723116 -0.591916077664972
-0.0383533325061592 0.0243253026579023 0.685056555033618 -0.260770783270543
-0.0459037494527197 -0.0189246432394101 0.619878981772299 0.418124016355728
-0.0241944417991119 -0.0908475017831794 0.131253480056226 0.487848531886765
-0.00528432311107669 -0.108501174568964 0.070410558436248 -0.00668350040742478
-0.0505008949325678 -0.0690772483938562 -0.161727747398726 -0.435076722444125
-0.0524862157740943 0.035249169959511 -0.761322075022689 -0.144609250082735
-0.0174738391633903 0.057121433832284 -0.538333433837381 0.612572501680075
-0.0102587075818222 0.0224574138524567 0.269216767690096 0.590252922190601
-0.00988258003133759 -0.0267624855895829 0.465212669016414 0.0725979827778597
0.0177123073990158 -0.0307590829847315 0.279445776205278 -0.187976004777776
0.00738523415753241 0.00512934224865632 -0.0140713753715882 -0.215982229753272
-0.00375945697896023 0.00913941129456004 -0.036795664315091 0.130945333783841
-0.00028120955695861 -0.00880679959209839 -0.227800439807708 -0.00031089323158583
-0.0279033691826432 -0.0178047378465431 -0.294097877022295 -0.332499655905621
-0.0207986183835515 0.0056713929653872 0.168305745856789 -0.57816829805517
-0.029067590568626 0.0095023368562185 0.749992044261125 -0.10478615375848
-0.0293320140141543 -0.0241380865825527 0.540560469050427 0.536506165412022
-0.0135011062632554 -0.0771084182026855 0.074560931627798 0.479730266655129
-0.00692919702947282 -0.0851014415171825 0.0696763049902105 -0.0494151594023911
-0.043783546790354 -0.0466809051636927 -0.225982667869379 -0.429254444174798
-0.0331390268097919 0.0376088463774327 -0.773955267660431 -0.00566369856433641
-0.0030919321119878 0.0458500993307882 -0.397192527499232 0.694318166721506
0.00306238387920847 0.0189550634416219 0.371064262374744 0.513791254875102
-0.000296015664261916 -0.0156996125299905 0.463789223260183 -0.0113701054130096
0.0173793760444181 -0.0212777759130029 0.253862534590268 -0.223590637680084
0.00402014472898992 0.00446853285392831 -0.0283499215093871 -0.221176691147233
-0.00467184459455447 0.0105330442857516 -0.043758686274372 0.132621598389993
-0.00376573776115898 0.00483148260388005 -0.225779985009595 -0.0216222820043439
-0.0169685407357834 -0.00406097331911819 -0.262148605061499 -0.370197813135775
-0.00840835551192368 0.000989538848963461 0.251649813080217 -0.554239594864777
-0.0136195418749117 -0.00235553824156444 0.774137634435815 0.0032620757893841
-0.00980994674039969 -0.0149519873104416 0.471283411502356 0.600750782973
-0.0111932540415697 -0.0447520098988196 0.0396184247871364 0.46594581257353
-0.010642364664534 -0.0471617411377879 0.067055030220388 -0.0799953391048528
-0.0269417173770511 -0.023435976860553 -0.267561032426273 -0.425053137964922
-0.0110767998773934 0.0275082609884535 -0.765879537201466 0.082573342873849
0.0085405134022872 0.0275748934583234 -0.302012619124982 0.73159121334352
0.0174084968987765 0.0138344252526153 0.42507799588965 0.454557490105971
0.0122858764014647 -0.00277290123546148 0.453730588600188 -0.0627323277851927
0.0145224442179955 -0.0119051622571425 0.234057582554343 -0.241939497592563
0.000450785506777593 0.00284803511149218 -0.037031939474233 -0.223660142760695
-0.00513593015906933 0.0117159655516492 -0.0491557261162694 0.135611879747229
-0.00757384132908301 0.0191600266687445 -0.229172861958838 -0.0287317506684561
-0.00738302380055929 0.0113618613284108 -0.254270288921083 -0.386061987662839
0.00506881291725347 -0.00459116631277344 0.274504569020557 -0.547105518934934
0.00626189252302602 -0.010790625986736 0.77837032840866 0.0354917352900963
0.0091544474156799 0.00369376915822313 0.45304976943647 0.614685985302138
-0.0156575286404028 0.000753446843488728 0.0339794813384876 0.456985304526162
-0.013273455739096 -0.00155095478307559 0.0656698586042502 -0.0946329650178897
-0.00384109738262184 -9.71704772862077E-05 -0.284057593795941 -0.424847499988087
0.0112956620838615 0.011847635533083 -0.761251055209766 0.108384712245533
0.0166220416826233 0.00557121315136031 -0.269271738541694 0.738325069079756
0.031131777976282 0.00819762237824723 0.440298825371305 0.435685873891562
0.0251225641141992 0.0119530796366407 0.450432619846201 -0.0746641788644051
0.0109605143287731 -0.000871534963448388 0.22637677792198 -0.245551962376541
-0.00244350034731971 0.000661663594910699 -0.0426922590369556 -0.222896816736601
-0.00688637107810838 0.0129959158611384 -0.0516742666130982 0.138794585976655
-0.00963839992447707 0.0348301529265861 -0.237303184804726 -0.0197213029744578
0.00105008139183092 0.0272733897988967 -0.275499592326766 -0.371030467406309
0.0176658324108596 -0.0107422418953262 0.235734767106344 -0.562192617327314
0.0251534102756191 -0.0192434717294347 0.771107472071578 -0.0241153546942197
0.0288389725433616 0.0225837608436928 0.488228379505534 0.575554633364715
-0.0186750198735489 0.0479548978149236 0.053423556609724 0.457288605136743
-0.016055514395417 0.0470635139461091 0.0635132316848477 -0.0884927751351373
0.020032988751905 0.0247232052764374 -0.268085774123339 -0.435313679265139
0.0328387075868233 -0.00379177875395167 -0.765392884569857 0.0659954202998148
0.0239374085677823 -0.0170170868430385 -0.309003458690879 0.722944171223454
0.0427896643399106 0.00324863145338613 0.417881157765413 0.464346214278097
0.0365822988833061 0.0256135739235297 0.455134633497806 -0.0453304942150244
0.00572360200280664 0.00970489453139284 0.234961988919025 -0.231161261539942
-0.00498626862471098 -0.00256551317036364 -0.0379975545439221 -0.218288623500887
-0.00684064694721495 0.0121850409843959 -0.0501532389140004 0.142932353331863
-0.010975606007102 0.0444580919992935 -0.243464651183416 0.00351105405997573
0.00910840020040525 0.0393350653104724 -0.320385365010236 -0.326009651770202
0.0261465316681871 -0.0160977884617974 0.137722851242129 -0.58576168210933
0.0390103903443809 -0.030983637870669 0.739629768754882 -0.155601786261396
0.0511925171417166 0.0302232518923374 0.566254897723471 0.485589099433578
-0.0117421586890926 0.0865703331467549 0.100534016469301 0.459260960250984
-0.0175858363355886 0.089612263912889 0.0626623499211339 -0.0627259551431303
0.0352267032464027 0.0525954167703425 -0.222109979927254 -0.449846887767259
0.0503690802312305 -0.00753662323441765 -0.769769850246513 -0.0418549594137739
0.0304977444315556 -0.0341732346398715 -0.413365658857729 0.672706030462581
0.0511167888093126 -0.00250759791706998 0.351752981418714 0.530799887337808
0.0474639015537285 0.0376956013439309 0.462708583236182 0.0206924306672981
0.00490904652137577 0.020337906619068 0.256339868774197 -0.20034483890206
-0.00661560212607951 -0.00679640061768236 -0.0271970630051026 -0.211188571059014
-0.00669776452314021 0.00969741185545054 -0.0444297359908899 0.147529280699347
-0.0109396858419914 0.047091706114601 -0.247435881330336 0.0396275034673985
0.0128431503871014 0.0466217090965778 -0.371907267142192 -0.253363898661856
0.0288082849307949 -0.0204995604802554 -0.00394821607703894 -0.589916290541913
0.0435147563803824 -0.0450907658654332 0.660046854828993 -0.319300337149176
0.0686397251188728 0.0206479680515508 0.648900207631988 0.34338963236331
0.00375995397771695 0.106306187142688 0.165488419739385 0.459309138191963
-0.0193745110822399 0.118885845363577 0.0617809635568996 -0.0206359472229583
0.0380948526921106 0.0811365160501905 -0.153594053114348 -0.457561012914393
0.063119192421135 0.00104664322937925 -0.751197828668724 -0.20120568984169
0.0378298962279752 -0.04206970501424 -0.564802935095761 0.573137091535351
0.0540102963779998 -0.00536122857389912 0.231957158337167 0.609887501413601
0.0515172165586304 0.0446537083207527 0.460347254714814 0.119376559322041
0.00333114195984378 0.0283027130870899 0.283182586262351 -0.15779301092421
-0.00638337788280864 -0.0077153658018359 -0.0123325891494371 -0.20294554733846
-0.00694149678879652 0.0067105752344373 -0.0334775805647776 0.154888937916353
-0.0109423138499296 0.0431981753173393 -0.242533646856571 0.0800448149854867
0.013420946431458 0.0463472935159544 -0.406702085377045 -0.160690352977477
0.0232340475273332 -0.021530611383885 -0.148306852198181 -0.555626783105344
0.0369455523766815 -0.0542175232512983 0.534795098847624 -0.475256312597382
0.0756041839500143 0.00159515850048021 0.703698733896429 0.178085119872728
0.0206753477716127 0.105857172141961 0.240814234998452 0.448578860911656
-0.0220466564752093 0.129184450614923 0.0617030596024006 0.0296146524417217
0.0276910393910728 0.101672278488449 -0.0716942452561941 -0.447595401661441
0.0651166661629048 0.0212574909866774 -0.687011883328318 -0.375813183686347
0.0426647362496092 -0.0373942618105551 -0.715320669709506 0.409319645636293
0.0497705424567882 -0.00532861481965025 0.0699683521005469 0.668473143500918
0.0504020392471074 0.0476386104922556 0.433914813827682 0.226070678211627
0.00282729200674628 0.0313153535918359 0.308749737261503 -0.105551223072737
-0.00581369516256387 -0.00782433354589193 0.00310156806289359 -0.19715332653734
-0.00263804702569622 0.00872213694429415 -0.0280097916922915 0.132276561017659
0.00196576306057152 -0.018102625797635 -0.226727483203149 0.033856423452281
-0.0366249105874428 -0.0250790713050066 -0.339157254813664 -0.260164758953328
-0.0310908506179697 0.00922994706634884 0.0385675834326154 -0.588224892700931
-0.0378581283439067 0.0249393363604788 0.676709746365431 -0.266438801475622
-0.0452401964835401 -0.017769597580495 0.62017814187564 0.40793157097863
-0.024739393057632 -0.0893130550232219 0.135828718689845 0.482229869288906
-0.00607120369923294 -0.108668123499655 0.0695601427175367 -0.00715686992625216
-0.0512242958872381 -0.0681972088835912 -0.165000402124601 -0.429543364219382
-0.0516536518869199 0.0371949060463673 -0.756873936187313 -0.133738967958852
-0.0163859429271694 0.0566856110701633 -0.524763797512254 0.615486358293124
-0.00967109208060291 0.0224216543471459 0.27397469679981 0.580652370120617
-0.00998970177948999 -0.0264306395431557 0.462660088855045 0.0660102052095011
0.0169494082195256 -0.0308432991332991 0.274983340815243 -0.190758473131664
0.00700772315732447 0.00501564611453596 -0.0173736899274932 -0.213873659716548
-0.00321699578373334 0.00896014041037006 -0.0363923187216378 0.131558540421817
2.09625838516467E-05 -0.00875037836863718 -0.225217215874652 0.00180255371905105
-0.0266663748308386 -0.0169714097458332 -0.296640614656415 -0.32580668964305
-0.0206092149870186 0.00571885438961156 0.162145916938786 -0.57634182117804
-0.0289540152078231 0.0094927359620886 0.742354287586177 -0.114286520896683
-0.0289270799872527 -0.0236255513159623 0.53967895852775 0.524580619451967
-0.0145540651820918 -0.0757590998740467 0.0790589060895049 0.473591083051928
-0.00713628967887905 -0.0850408209595613 0.0677522725629947 -0.0500229495366152
-0.0438457340060206 -0.0452180768752547 -0.227685079751423 -0.423658291152738
-0.0326222871554765 0.0377725875862453 -0.765885618672793 0.00412717926551698
-0.00237890827220953 0.0460074026051914 -0.38821213746241 0.694239091105526
0.00360301329665314 0.0182557629652214 0.373575656021391 0.503902944468966
0.000429932866127254 -0.0163112758138805 0.460605033225532 -0.016151769587691
0.0165423365785584 -0.0218018206134064 0.248879506877022 -0.226228439328209
0.00350781255200804 0.00483210421771908 -0.0315939970219792 -0.218778082996353
-0.00430241328410187 0.0106029321485865 -0.0418555079874487 0.13350546147782
-0.00375347397388449 0.00434596844846269 -0.22395533747261 -0.0187031912040871
-0.0168337478649176 -0.0037177871127747 -0.263608315456724 -0.366405818602973
-0.00819713287618168 0.00197764971325613 0.242235392261055 -0.553687248892991
-0.0135046000970342 -0.00160173242057867 0.766330669975572 -0.00489202697175293
-0.00980787348728282 -0.0155354159015869 0.476638197745045 0.590561564590843
-0.0117876416262681 -0.0432728664905971 0.0449922981270484 0.460740888420909
-0.0104164009552428 -0.046863303183265 0.0660236786588035 -0.0804903835475643
-0.0265503190377768 -0.022706212128764 -0.269241433302329 -0.418142529497159
-0.0103880495658904 0.0274250653868346 -0.757433372265638 0.0903654096731355
0.00894820126205182 0.0270726649480954 -0.290963736475496 0.729242165999246
0.0177250394470254 0.0132397266653127 0.426131971728873 0.445003550170225
0.0124413336437387 -0.00368308671922731 0.45034918170913 -0.0686036016591496
0.0139258042958825 -0.0120025675946096 0.229768207239532 -0.243833300617969
0.000257333771348441 0.00296409074647395 -0.0396962732942243 -0.222111457428951
-0.0047574083658222 0.0113975179416328 -0.0475356171519294 0.136628556152898
-0.00683091468924967 0.0197500779855436 -0.227251513831452 -0.0263954450706519
-0.00681147436535663 0.0119759366343981 -0.257237818933747 -0.380415594668466
0.00475634918057288 -0.0040045751197879 0.26587564415852 -0.547226800559073
0.00506905515173791 -0.0106588511543706 0.771090359544051 0.0263720581753209
0.0087616609160139 0.00325461801225142 0.454924802301713 0.604003562384651
-0.0160742321518957 0.00141490033382513 0.0386403411760527 0.452104592166495
-0.0132273965105064 -0.000762202039149751 0.0643270340903568 -0.0945303487926788
-0.00244583267627253 0.0002513107662791 -0.28504375836316 -0.417658541848142
0.0112833407938716 0.0107399372747006 -0.755864126750483 0.116048947841052
0.0174183232894878 0.00470302249315539 -0.256789860412567 0.735923146634934
0.031210456358919 0.00756653632396888 0.442548213772003 0.426513438057921
0.0244592456094945 0.010230379562041 0.444968452514131 -0.0812958465404564
0.0105455195382029 -0.000757088183756649 0.221837170562096 -0.246596182253289
-0.00265101778170355 7.23423913790867E-05 -0.0442924553312744 -0.22124281416024
-0.00653678380455919 0.0132998690762497 -0.0495515313187721 0.139111072401185
-0.00949945980889878 0.0351478385689431 -0.234689353052909 -0.0169423903393481
0.002183046738716 0.0269135505783558 -0.277763630784556 -0.364772824928194
0.0173581401742752 -0.0101235577424364 0.225093294496987 -0.56163119015841
0.0241922043081442 -0.0195506857663483 0.766591471517983 -0.0318027448872898
0.0297873858348232 0.0220141260136623 0.490469123402716 0.564189098856064
-0.0191046904447006 0.0478111665241049 0.058932564200967 0.450774212666482
-0.0157272173439265 0.0475554089497106 0.0622377259055214 -0.0879523836912156
0.0202330671543476 0.0244524198727846 -0.270957953906896 -0.427435810742528
0.0319486841516856 -0.00398561224851019 -0.756357247357904 0.074529594903033
0.0229950111978789 -0.0169741053600205 -0.296785575863011 0.722952798730235
0.0434586364241585 0.00183102438007854 0.420326797210736 0.455052327750916
0.0370470808440687 0.0240853279242673 0.449312863233067 -0.0510138247293357
0.00670185240501233 0.00976466158956324 0.230568662557115 -0.232345276887262
-0.00555241543574684 -0.00266017535052261 -0.0404090634136856 -0.216550031784612
-0.00738071425520014 0.0128731762853272 -0.0488104214487806 0.143111976091504
-0.0103905515777635 0.0441865527415669 -0.241967845030531 0.00732875022425756
0.00941695552102549 0.0388528025869953 -0.321613175551963 -0.319881020533431
0.0256139495134533 -0.0163834739344691 0.129707126218934 -0.582518370627877
0.0381026880278094 -0.0315107566676902 0.73125957278043 -0.161217227912485
0.0517712967159016 0.0291790994863472 0.56851586673037 0.473751530717061
-0.0111574384617785 0.086140203523489 0.103503079725779 0.453442705137127
-0.0169096126799808 0.0895035471125403 0.0609262760683294 -0.0630378977236091
0.0354617115853154 0.0524352965170071 -0.224962156645434 -0.443228928407072
0.0501283998703145 -0.00901530529840749 -0.762462515545952 -0.0312431448897908
0.0305470181086346 -0.0345487556139287 -0.402577309019028 0.67385747724166
0.0499496217893163 -0.00272032879283433 0.355961002211497 0.522305491679788
0.0471360577723239 0.0365638527876346 0.459478184379399 0.0138208032795373
0.00442440963847931 0.019930264412278 0.251773440204902 -0.202785143809605
-0.00604630473213451 -0.00659160960324762 -0.0292374405236915 -0.209158867284256
-0.0060210819396866 0.010891051068502 -0.0436126069039073 0.147118443658127
-0.0106901780610221 0.0468730046946554 -0.244630347372458 0.0422006176968891
0.0140951919086282 0.0458992922416037 -0.370598362290431 -0.247115106518432
0.027789688582112 -0.0210982274382316 -0.0104615846426768 -0.585137378161526
0.0430514514014203 -0.0451431577429767 0.649883195262784 -0.327783427341318
0.0696527593191585 0.0198073566504701 0.64749835708452 0.333521465976269
0.00390152011570116 0.105922423388681 0.169806151079147 0.451846559383784
-0.0179046462872493 0.117411535161081 0.0604498427957746 -0.0207634198352612
0.038386258217181 0.0793749528479154 -0.156476923239258 -0.450945847435914
0.0635790316622436 0.000501537329676911 -0.744890193088726 -0.191287722867344
0.0366694429637145 -0.0421606274460329 -0.552578917583985 0.57525790961321
0.05302351673206 -0.006611047112012 0.237458181415037 0.602629043508066
0.0523829414209843 0.0433732282085501 0.457182589635745 0.113102324149337
0.00311021382169947 0.0277954093110811 0.28024225072468 -0.160748299360245
-0.0075112939885582 -0.00786002722778739 -0.0141548022868464 -0.201957226661201
-0.00677842825428738 0.00741405674461998 -0.0322969480669347 0.154577889162364
-0.0103294508884209 0.0434242094724036 -0.239768924916229 0.081984084363401
0.0129370152184747 0.0458128221234617 -0.406669802298257 -0.154510475370687
0.0242217945650878 -0.0216376864040903 -0.154986078024127 -0.550942734045237
0.0355928726832923 -0.055007775730028 0.523533161738555 -0.477696405035588
0.0748642289768938 0.000332259589346239 0.699056727764463 0.166801052170692
0.0217883483582729 0.105773857063776 0.243315363913319 0.442097345329586
-0.0202734290359438 0.128722421457808 0.0619428671386221 0.0283705730758307
0.0287705960150338 0.100729468544296 -0.075702780093528 -0.442735806106314
0.0642962587246132 0.019985719839704 -0.684412286395778 -0.366332244302161
0.0415229673771791 -0.0379096066310127 -0.705387534234378 0.416881529333134
0.0501115170901089 -0.00573701048656438 0.0764876952844853 0.661990447857045
0.0521478100414144 0.0459491634656084 0.43413631300914 0.219837046459306
0.00234246747479076 0.0308428758484726 0.305966557833404 -0.108772100632483
-0.0068051226075795 -0.00797588217423928 0.000695119303778054 -0.195701325761207
-0.0027304226780694 0.00906245478967523 -0.0266970194060667 0.131885621550836
0.00164077793513008 -0.0184286780546652 -0.225021713988421 0.0355448407684164
-0.0359414693169664 -0.0248475846091448 -0.338238051333432 -0.255222819232236
-0.030411454761438 0.00994999422310824 0.0312741754789226 -0.582738836776654
-0.0370208304890307 0.0252744236762675 0.668555287742588 -0.272436766323248
-0.0445314080440072 -0.0169820058751499 0.617881327064896 0.397437266838996
-0.0260352230014463 -0.0884369611798231 0.138441551441527 0.474536257150686
-0.00749025174344156 -0.107212371135581 0.0681380203906303 -0.00810148351209792
-0.0504365524630642 -0.0664339152533051 -0.167488748421398 -0.42334812019188
-0.0507569532408515 0.0364786512882722 -0.749661078937017 -0.125843881691557
-0.0154753948317865 0.0567317963974284 -0.515490297789991 0.613539252450164
-0.00922685669083378 0.0221166463425299 0.278119993920619 0.57305418814811
-0.00966092641579742 -0.0267206670943275 0.458581441982192 0.0591161764338581
0.0168043618162483 -0.0303552988855395 0.270689646874629 -0.191759604966906
0.00581569659673705 0.00456587675777751 -0.0189707698612787 -0.2126111532846
-0.00292326145753669 0.00926836452479721 -0.0348456571482112 0.132352509397872
-0.001024788538547 -0.00922572941571812 -0.222860837458511 0.00506617331770232
-0.0264972361242565 -0.0162691298294038 -0.298417241452034 -0.319480370771984
-0.0206751964286567 0.00652893059771739 0.154485461688624 -0.574278292437816
-0.028538245899408 0.0101476935003414 0.733673314544321 -0.121838934793915
-0.0287248386751967 -0.0229623316958375 0.540762365787467 0.515252053271807
-0.0151204054531227 -0.0748053157971326 0.0814908986311734 0.468569236640434
-0.00928127445112203 -0.0832909860377918 0.0670683160991346 -0.0500244814285071
-0.0440069955238253 -0.0452378442292972 -0.229920490008231 -0.417182312579307
-0.0314107071492588 0.0374100614404424 -0.759889146011968 0.0102424931838442
-0.00176079996615538 0.0448855547951629 -0.373661929709602 0.691769342973725
0.00381404234109227 0.0182719312377838 0.375203123554646 0.493608537411311
0.000766543317419819 -0.0164890700030019 0.454024956267723 -0.0225799252839113
0.0161532584277819 -0.021869879734464 0.244918644550567 -0.225885036919564
0.00410655224013366 0.00433825605062315 -0.0319231567830864 -0.216537330192882
-0.00354666600379139 0.0106392414804641 -0.041759210599902 0.134306486241887
-0.00347871430454187 0.00521105179707333 -0.221464052060301 -0.0156395256859635
-0.0171982409171221 -0.00372151537754289 -0.266051910168449 -0.360281833275005
-0.00826144809856987 0.00183142352333652 0.235212356223054 -0.551129895003162
-0.013710238786847 -0.00164490760717268 0.758985534078361 -0.0128071094804532
-0.00929865369456378 -0.0150021777786062 0.474199208374055 0.579680653839001
-0.0125621268957911 -0.0432622287246913 0.0483047744600429 0.455308365444059
-0.0110284143759406 -0.0471193738739873 0.0644639262854546 -0.0803071798884455
-0.0266724861195002 -0.022853012146038 -0.270816902797239 -0.411702026258883
-0.0103294591683143 0.0274555402206892 -0.750541108602656 0.0972385112047185
0.00977278583754508 0.0270318103814699 -0.279050889767948 0.724893172262192
0.0179845911495296 0.0134083806455362 0.427615112708229 0.434276960203067
0.0128793394589177 -0.00357598258947806 0.444899641755683 -0.0736408310934263
0.0135217808644554 -0.0121973919864394 0.224457577782416 -0.242627645983157
0.000620755684299797 0.00378947054056949 -0.041887513436247 -0.220483910952568
-0.00513946122568993 0.0123766284934139 -0.0463622324302254 0.136325162993215
-0.00664983382430068 0.0194221845658891 -0.225727329742729 -0.0228172354566238
-0.00644784547328583 0.0115566159408269 -0.25921511179939 -0.373256353882333
0.00579798122714107 -0.00435698466928907 0.25769088217481 -0.542844866586057
0.00529873574121294 -0.0103489430113614 0.764834044264078 0.016568740553742
0.0097060543673369 0.00348064232511036 0.456613926571507 0.591831604806833
-0.0163931163651402 0.00184026822456683 0.0425201269502545 0.447616167072736
-0.0129492876680254 -0.000535034560097468 0.0630995250443113 -0.0942249803766722
-0.00321910530789254 -0.00044582575978519 -0.287246092948789 -0.41063363835889
0.011118447118807 0.0108906267877931 -0.744724712694912 0.122396516506648
0.0174533323510104 0.00464558075175473 -0.245220666568717 0.730946077078233
0.0317327118486422 0.00732404253491657 0.442789766920456 0.417062872375161
0.0255041252548308 0.00948462097030474 0.440030895445757 -0.0839254647765342
0.00998581473842472 -0.000878401155287192 0.216282179896273 -0.247060108717228
-0.00274778505762553 -8.62040280265753E-05 -0.0468161172074816 -0.218842532998886
-0.00627824782795445 0.0133381155022652 -0.0482456377654338 0.139588742682765
-0.00942592515700413 0.0342676793045787 -0.231962393426754 -0.0146106379115036
0.001747290699929 0.0267562879987518 -0.279052363755369 -0.359034429910949
0.0173679567363682 -0.0106435174064749 0.217468378295752 -0.557477292764733
0.0239089695584725 -0.0192195416705151 0.755142124677749 -0.0386516467576062
0.0297444642327774 0.0213780838249519 0.492663000301391 0.554764364791672
-0.0177799263128154 0.0485357074178248 0.0619321014779721 0.444115113100486
-0.0147260964668428 0.047388219439268 0.060416017434884 -0.088264148595404
0.0201741989965794 0.023918346831331 -0.27220067109831 -0.422120097945293
0.0312089766868495 -0.00391777949108758 -0.749058480997006 0.081010184244947
0.0230834337826815 -0.0166933567101421 -0.285807741557355 0.718792843291066
0.0425824368103392 0.000614317192699797 0.421640982673133 0.446240268395389
0.0375463330891188 0.0239441012901558 0.445132090690842 -0.0563880237159155
0.00620565663257192 0.00937562708104158 0.225144689043142 -0.233766987936329
-0.00568992482775558 -0.00315897344112738 -0.0410327272385179 -0.21427950122701
-0.00750919574430703 0.0138058869469874 -0.0471657794399278 0.142963849267098
-0.0106403145756402 0.0442354895176834 -0.239162480424578 0.00882798842335964
0.010307200469444 0.0391075343716007 -0.323270914612315 -0.312234017636543
0.0259942065784315 -0.0163045624557341 0.121781190971199 -0.579330000579015
0.0377672132155086 -0.030256030299302 0.721378309144431 -0.16981007356454
0.0515528227787731 0.0271769663517138 0.565645361405738 0.463502919101178
-0.010333839508948 0.085852951431066 0.106532754744789 0.446842714538018
-0.0157464704463624 0.0878996501167889 0.0598534493315077 -0.0621970988676881
0.0362171747718552 0.0502638129615997 -0.226370962169391 -0.436708673248264
0.0500459626805319 -0.00888587801023628 -0.75393967227039 -0.0244635695309923
0.0292036084887634 -0.0339691173970186 -0.39069076309939 0.67197392508973
0.0506361475706902 -0.00347598289563753 0.357134262991224 0.513702310669732
0.0473608721757224 0.0361459129828294 0.454324398753352 0.00874431150986539
0.00375826942205276 0.0202093380087161 0.247412545424271 -0.204339112746292
-0.00632972916950989 -0.00555758668231669 -0.0319426160657936 -0.206461270958729
-0.00544311206546139 0.0107050591513454 -0.0423225516954617 0.148375004978315
-0.0104150106650065 0.0467261910396302 -0.24251433285128 0.0441506697598551
0.0141895227939417 0.0448574939855359 -0.370135170860805 -0.239680460686367
0.0273979059315231 -0.0209212240286335 -0.016124905958852 -0.580012061107193
0.0412001801978224 -0.0444031013596682 0.640079681614528 -0.331177461965807
0.0690723286731729 0.0178791923712199 0.642583845339142 0.324016310937352
0.00515950031938302 0.106028919626093 0.170085106663768 0.447024648378872
-0.0173503751168156 0.11764547320679 0.0593287872353683 -0.0212462476424696
0.0397590966601139 0.0778403946640738 -0.158598451632342 -0.444559397375804
0.0626669368134895 -0.000536705252559408 -0.739783675536226 -0.180700193530575
0.0356761977135912 -0.0419329725549132 -0.542484270407286 0.576432077061364
0.0536000762539089 -0.0068352168030146 0.242473081631813 0.59364234311453
0.0520412214531717 0.0423706122787085 0.454635396479629 0.106145371104669
0.00320912786477793 0.0276618523270594 0.275978288729925 -0.162964731649065
-0.00693067245481656 -0.00753067346820082 -0.0163926250792366 -0.200682218344423
-0.00599495703090883 0.0069207756441038 -0.0315002932645019 0.154930332244028
-0.0100102132658151 0.043346272063079 -0.236803013478384 0.0850156131855146
0.0143479367448049 0.0458647358950871 -0.405288163941319 -0.148024331828761
0.0233892422904569 -0.0216931185381519 -0.15855296015371 -0.542564663936538
0.0350978575031766 -0.0546150814998409 0.513789818766478 -0.480496203426606
0.0747272213542755 -0.000520493474044134 0.694619015052345 0.158914289654714
0.0216977528764763 0.105367037089886 0.244639283583237 0.434782480161241
-0.0179772152503666 0.127804464220797 0.0613083022276835 0.0277708964545798
0.029329166535773 0.098482741245827 -0.0796718514249485 -0.437389704073452
0.065499947109737 0.0184716852896478 -0.680977740442762 -0.355757620687989
0.041125761147558 -0.038893501157254 -0.691653541645018 0.419210804829738
0.0494735433825535 -0.00710835092649194 0.0810505120210138 0.65483673016112
0.0520420849257509 0.0452574445062716 0.432481789174166 0.211976030138839
0.00310260894077443 0.0294943005604567 0.300368053664611 -0.111155932877226
-0.00699513339255783 -0.00759012350401263 -0.000681995893879915 -0.19511846058812
-0.00236398954995411 0.00953961817987766 -0.0266650494548125 0.131529869828345
0.0019054363433194 -0.0177955239127463 -0.221474232656492 0.0368670411893475
-0.0352030546519072 -0.0241144245153058 -0.33714399000569 -0.249141108830439
-0.0301786849366833 0.00986141189566601 0.0268213478197435 -0.577765543148979
-0.0365180924175175 0.0255094457346633 0.659116587115548 -0.274697330941015
-0.0447306235130637 -0.0168458682439461 0.615652360802903 0.389035587303768
-0.0258161510598855 -0.0869384219231228 0.141315616208126 0.468875125447514
-0.00738040279375008 -0.105807875061999 0.0677557275432445 -0.00867018774998741
-0.0498659367117873 -0.0661157752812408 -0.165162582907871 -0.417320188045753
-0.0492448380922679 0.0362216687492179 -0.742082085242177 -0.119635040432578
-0.0155692139934241 0.0560533547534184 -0.503009998204894 0.61314847657792
-0.0086890621178118 0.0219101199117326 0.277588859442902 0.56359178252807
-0.0101551043534468 -0.0259999505814354 0.455040732671731 0.05617489136444
0.0157788950271911 -0.0308712404704866 0.26561538593508 -0.193580724019126
0.00664763654368247 0.00369257918149728 -0.019734270230791 -0.209925627140252
-0.00284968211014923 0.010280815667986 -0.0350298034907208 0.132018364920689
-0.000593351198699887 -0.00891683621643224 -0.219973984751058 0.00698340491781243
-0.0263513462704855 -0.0154666594094402 -0.295613034261176 -0.314080614056878
-0.0197451104732687 0.00656113011715046 0.148233328553577 -0.570156266590019
-0.0280283485884967 0.0099703059110128 0.724470183818467 -0.12409997130949
-0.0281838956900887 -0.0228968502387611 0.538435085883768 0.504735851171218
-0.015927933031196 -0.0732494846515675 0.0843583168696252 0.461330618954282
-0.0096451349388384 -0.0825845233580733 0.0658914375263491 -0.0491414095434088
-0.043369509019809 -0.0442401884801192 -0.230015748230189 -0.412535158975192
-0.0310824934390246 0.0367187430014047 -0.748372378271399 0.0158062432782672
-0.0012663680988572 0.0444347639905569 -0.365818938963633 0.686756141145103
0.00408058987392487 0.0177969217288364 0.373496359847635 0.485132709210773
0.000314514719555218 -0.0171547042583524 0.450263549996035 -0.0261714103666486
0.0157603197503809 -0.0219655612472144 0.240458512911612 -0.226161505630522
0.0032116408177766 0.0049864897182914 -0.0330566510264546 -0.215051327206747
-0.00333284020949137 0.0107092389082182 -0.041231963912726 0.133217556517653
-0.00421529453057719 0.00430604874592634 -0.220360689353636 -0.0141247452294996
-0.0162136760684192 -0.00290781055316015 -0.265359448058588 -0.353913956496232
-0.00724990316935653 0.0012887303652197 0.228251163639587 -0.546816521778572
-0.0137144878407231 -0.00159360296442936 0.750256848090398 -0.0189525235908716
-0.00848866879009353 -0.0147085325487515 0.473265461066688 0.570111208627756
-0.0128271915434211 -0.0418546071645545 0.0512945006771958 0.449065661012824
-0.0108598430093841 -0.0454891627446364 0.0630206514697277 -0.0802535080736314
-0.0259652846303683 -0.0225077621632662 -0.269551443459732 -0.406042170797465
-0.00878060922483336 0.0265998784874764 -0.740823263369593 0.101593052110765
0.00923581127041631 0.0265175191508022 -0.269346501281534 0.719344107500544
0.0184412570237866 0.0125964892044066 0.425510839575914 0.425313937947724
0.0128832088107841 -0.00396604441009575 0.439772477199688 -0.0763664247996472
0.0136885991196397 -0.011403156489688 0.220320048922076 -0.243636864584229
0.000140558996150381 0.00341845187590635 -0.0431101105951991 -0.217317016248188
-0.00462769816113073 0.0121022515783395 -0.0456101413592645 0.136449254651067
-0.00671231999017113 0.0203960678330635 -0.222041271451857 -0.0211054404309439
-0.00634184347451848 0.0118803195219608 -0.258059880461514 -0.367698266580438
0.00524817319511007 -0.00439361347049166 0.250177402505286 -0.541240166193547
0.00474928581439454 -0.0101739029464193 0.756366264608691 0.0111917657017775
0.0101119894760274 0.00321646851861337 0.455272949403876 0.583690897167044
-0.0155657566809657 0.00208323852859264 0.0444019950565661 0.439974782848073
-0.0126189935130725 -0.000378228348663166 0.0614646549018354 -0.0934597039134256
-0.00279077437246572 -0.000679609369632656 -0.285757864399424 -0.404950213499625
0.0116876036503475 0.0103487931442739 -0.734859934970315 0.126540752301092
0.0168299177955271 0.00504504442316595 -0.236786211076102 0.726305920794949
0.0311064722401716 0.00647688338602064 0.440294191036057 0.408307618981175
0.0257342551411085 0.00999232696422504 0.434786079183186 -0.0884635804470508
0.0093892953884027 -0.00132985519350512 0.21385681816057 -0.246260551415892
-0.00318533256163811 0.000271656431336028 -0.047325942692219 -0.216670236732986
-0.00542408245047558 0.0138662800938196 -0.0475400371259394 0.139445952074816
-0.00816568809429952 0.0345267118362616 -0.230015255660083 -0.0119292182784975
0.00289845738506292 0.0263257482741611 -0.280319540931857 -0.352960899351833
0.0175510877800985 -0.0102840463062941 0.210480696676044 -0.55452318365041
0.0233819816007115 -0.0186641408742094 0.747356041796982 -0.0452135783275774
0.0306018197247917 0.0209972057433373 0.488606731278798 0.544379878655975
-0.0169006086134351 0.0486229001300837 0.0646226662487774 0.438206128503069
-0.0146566034026892 0.0462673558903262 0.0589313034370169 -0.0870776696000452
0.0195779704636976 0.0222916256698635 -0.272152827672265 -0.415223076017073
0.0313586413791618 -0.00446640785343835 -0.740678984284911 0.0866385912906341
0.0224891402612813 -0.0175888481950368 -0.27765328388552 0.713601551671345
0.0431544572321477 0.00133923173533171 0.419889402342329 0.437005154764725
0.0373164166332327 0.0234925496254017 0.438997114191327 -0.0598181717192016
0.00650600907567731 0.0087402992782493 0.221847701046672 -0.232632389525717
-0.00463389320127341 -0.00219393247964133 -0.0422627406902063 -0.212063525238306
-0.0064593386265868 0.013036357150764 -0.0462286509816518 0.14340083218819
-0.00966072241829096 0.0434740644438688 -0.2360864200432 0.0117131562648438
0.0107011804840588 0.0389077144338252 -0.322363682235536 -0.309380524431766
0.0259179397309913 -0.0167782627885752 0.114360479146979 -0.573915711653981
0.0360481126834782 -0.0318561639355201 0.710843886395633 -0.173632082033477
0.0517464387996473 0.0277222342160749 0.5628897641987 0.452989000781275
-0.010075247065148 0.0857874924007055 0.107580574802557 0.441163614375665
-0.0151418814325121 0.0878139829822254 0.0585857299503513 -0.0622071774955114
0.0358182526320958 0.049792955067314 -0.227370286848687 -0.430779349877663
0.0493754491425375 -0.00949822467505781 -0.746103235212708 -0.0196094083144137
0.029097025532629 -0.0338649549944817 -0.381746546255256 0.66732009730011
0.0494139789224021 -0.00440900726728677 0.357993049241652 0.504352172012136
0.0470340199164402 0.0351224399044027 0.450372323230583 0.00532659318951752
0.00437023452791029 0.019455378650184 0.243858443832005 -0.20520692805454
-0.00589067885988409 -0.00575867844226031 -0.0320483505238527 -0.205518382018968
-0.00654872093677806 0.010205579466587 -0.0399437316435763 0.148300020595168
-0.0091357111518192 0.046302086154307 -0.239121899519385 0.0463521803266555
0.014947835266167 0.0445193197478379 -0.36998322715433 -0.234910659547198
0.0265722420056419 -0.0207438942798701 -0.0208876164681519 -0.573116339209646
0.0404792984173221 -0.0444393564534969 0.629072902147096 -0.333397272029288
0.0685818272415244 0.0178168314328381 0.638353716571897 0.314361537404005
0.00652054616487081 0.105214856108712 0.173719280630544 0.440316233545424
-0.015742638395043 0.116114793276905 0.059150827138095 -0.0213202218284248
0.0395734126453025 0.0771077102373827 -0.161013483533124 -0.438418663167693
0.0622035595963371 -0.000724369431203542 -0.730888392590678 -0.174316612226275
0.0357795985179471 -0.0424275420282914 -0.532940114294658 0.57387788786468
0.0525157111092766 -0.00761413136875365 0.243419592088559 0.584480933029563
0.0520468430633617 0.0415904149183738 0.449944023714992 0.101375293310018
0.00356694081759765 0.027442451051054 0.27222196511589 -0.163769452457024
-0.00759583235735267 -0.00757672165399014 -0.0170429453543932 -0.199249515476583
-0.00649668218038976 0.00735813569204279 -0.0294126019128011 0.15475056517905
-0.00896395009078827 0.0425423556165725 -0.23420974841958 0.0857400074327803
0.0152192453649798 0.045143248101721 -0.401701700687325 -0.142878463586851
0.0233836745295785 -0.0218010997634953 -0.163282394111551 -0.534742783331877
0.03412339909275 -0.0532407088328226 0.504004735494639 -0.479046621820069
0.0733292858121502 -0.000436482933239171 0.687988241760815 0.151474177784329
0.0216464465972143 0.103920702042338 0.245597504321913 0.427458379372397
-0.0184630290490927 0.126955474975024 0.0603424781722319 0.0271618997606099
0.0297096858647539 0.0973860675531497 -0.0797262803393786 -0.431714831424805
0.0641238240330579 0.0191935106760812 -0.674870006192386 -0.346422847635734
0.0405752501425615 -0.0382708303947678 -0.682893210846216 0.421286489126596
0.0498269021689911 -0.00660676079642005 0.0871373744869851 0.648084232631494
0.0519565068055724 0.0438612748510322 0.429989889785732 0.207936106529443
0.00307730389408905 0.030469149693287 0.298147851076347 -0.112671186872741
-0.00694411655903556 -0.00751841792396518 -0.00253157192458636 -0.193234709427766
-0.0041236754711199 0.00923700844181684 -0.0430329051419057 0.124348992794793
0.00394807452758394 -0.0174079011877932 -0.219589485856455 0.00937831921460799
-0.0288905013532487 -0.0280421730432242 -0.29305336016939 -0.284448037843868
-0.0283276971140026 0.00465306122313964 0.0995795447164845 -0.549048414122563
-0.0396672534214789 0.0215285025452042 0.667870948664156 -0.18476077804007
-0.0466249660823405 -0.0241328881745645 0.547658987482363 0.451331345417818
-0.0125315575488735 -0.0902410569647623 0.0790452311368506 0.474712361580316
0.00683633551894314 -0.105522131968605 0.066141326975413 0.000525529758928864
-0.0422562085343829 -0.0705403733315808 -0.106846094583874 -0.433501861171313
-0.0512773188854807 0.0312642227893515 -0.714331549000159 -0.214568854931537
-0.0169653666779645 0.0513874558967582 -0.580366633506008 0.539005893497346
-0.0117772260183861 0.011080637329844 0.205930684761331 0.598393591270463
-0.0101657433041091 -0.0335838690645857 0.444954663650655 0.116574236141079
0.0168746878377136 -0.0280377558369329 0.290634418082209 -0.157351283387013
0.00542533336677484 0.00682823071535719 0.00748653275555739 -0.21576433676096
-0.00477953753166728 0.00906537246848056 -0.0507121257426549 0.123399881525835
0.000460856280864384 -0.00870867297195499 -0.2147915969988 -0.0208148298471298
-0.0222219346608519 -0.0181816978790944 -0.245788981304299 -0.343432845188416
-0.0179458702220828 0.00394773338675282 0.212690194644486 -0.524356038034841
-0.0287305536585034 0.00767026809991251 0.713295255252274 -0.0297116321518735
-0.0295395274592797 -0.0295271059305342 0.458855707044979 0.555794707630178
-0.00416809942008365 -0.0759616849070231 0.025767695390497 0.460923138600451
0.00247620406971488 -0.0827402391201774 0.0696222338975085 -0.0405588935034807
-0.0383312944884629 -0.0468641701905618 -0.170847370793889 -0.43619962697072
-0.0323363875077603 0.0341884878471973 -0.73968856855347 -0.0821662878796889
-0.00223990917152582 0.04114259613996 -0.454580860945993 0.631918250144476
0.000226715497303311 0.00907574956867077 0.311980918937532 0.532730324771566
-0.00203619258463817 -0.0215086074517011 0.450640138817769 0.0349055190306741
0.0155753985471391 -0.0200033894487092 0.268626690983935 -0.194767783663763
0.00259378396683391 0.00630093979935692 -0.00491053509388186 -0.221148325041284
-0.00550929356514338 0.0106150964468428 -0.0567094003353532 0.12458479699083
-0.00380885514726561 0.00361833933516547 -0.212286614785601 -0.0403254063344254
-0.0138638237434854 -0.00551557637363173 -0.212797450353138 -0.376831647241004
-0.0049015935423755 0.00170164983038875 0.286340041767459 -0.493550167825861
-0.0138551573259042 -0.000467237050237943 0.723118348708306 0.0745009197393443
-0.012108158449973 -0.0189051650455249 0.390260349288043 0.61157353930659
-0.00605088973464468 -0.0432577075077401 -0.00645691755581316 0.444273712418586
-0.00517327774543345 -0.0470171231106951 0.0720172348439238 -0.0703684981408923
-0.0242197833497795 -0.0232481962257558 -0.212158286911413 -0.436345899521484
-0.009571607711377 0.0260928067985388 -0.743879063088829 0.00249981501783879
0.0109193865821505 0.0243874670875395 -0.363630557539529 0.67577319331412
0.0136068718418992 0.00644504917513821 0.369355590135528 0.482407936418372
0.00798262359611603 -0.00674697045816501 0.447303016843813 -0.016955024402392
0.0131201726449392 -0.00920433104031314 0.251250800104718 -0.215431869901594
-0.000823569904217904 0.00485497731226408 -0.0148672153898652 -0.224993588734732
-0.00652074255568116 0.0113817321454595 -0.0614198966586547 0.126974751749871
-0.0082507899851465 0.018592673279887 -0.214806084825122 -0.0466478865546751
-0.0067586200545523 0.0104126473805936 -0.204639970233771 -0.387749001753605
0.00878203276238154 -0.00204684259582362 0.306659030942283 -0.483376222444102
0.00544983510304519 -0.00621124130994872 0.725984248154337 0.105744817548386
0.00316463212575929 0.00041443353087597 0.367848272785708 0.62189826728483
-0.0146652358638212 -0.00105256603733835 -0.0115926061200299 0.434470764596824
-0.0132696136574506 -0.00270262537058014 0.072489435405034 -0.0827180166938194
-0.00403473524269133 0.00138316617200697 -0.227891376331563 -0.437480856440249
0.0126837160064667 0.0130203616904483 -0.74282961246261 0.0294099796252796
0.0214540444527346 0.00346526451915137 -0.332766598439266 0.68842749645013
0.0270260030631511 0.00245122429838824 0.384878441747148 0.466220765856965
0.0184713863170512 0.00846832921663513 0.444164780896823 -0.0292491744025167
0.00735054591645419 9.97412429508968E-05 0.244026957026921 -0.219432893076605
-0.00331716831905488 0.00132752174759285 -0.0193861824433523 -0.224823645173284
-0.00707810502834761 0.0128651039955568 -0.0631705515531653 0.129790301870588
-0.0133583675708663 0.0316861622256727 -0.222507159111395 -0.0390872950931186
0.000496332394542773 0.0261655021897441 -0.227924796728311 -0.374931656582167
0.0217513191676566 -0.00665565810262844 0.272128424922447 -0.501544924217905
0.0248829375236084 -0.0118141034091514 0.724593368716716 0.0511423396164606
0.0196886118646364 0.0207207615220226 0.40545882622493 0.589479369473209
-0.0222062218925635 0.044861813820325 0.00657699361229994 0.433983983853618
-0.0206547175638049 0.0436962694722723 0.0705013580239578 -0.0770120929358721
0.0146474220566361 0.0285630068846974 -0.21200301128652 -0.447750638101635
0.0341717242012794 0.00132441903141605 -0.741419218501194 -0.0135721114633376
0.0303943175265631 -0.0166747120554058 -0.371871611440598 0.669743726877554
0.0393167204690557 -0.00318042015404487 0.361307878935955 0.490451780810791
0.028882482032496 0.0231798774245488 0.446108696807381 -0.00168729180326743
0.00254507171777866 0.0110760590545764 0.251172542488331 -0.205964297015851
-0.00493534470942605 -0.00209503341063696 -0.0146750752153321 -0.219873437397603
-0.0070452250022025 0.0121160214281648 -0.0632039319390191 0.133339393198839
-0.0154391859054129 0.0403038864233876 -0.232961893479826 -0.0165538058440761
0.00615835353346698 0.0388220932645217 -0.27541117803133 -0.33720758080064
0.0302201308879182 -0.0114918963025261 0.182489951761444 -0.532182100766565
0.0403291416446523 -0.0210882346628806 0.707432574045013 -0.0740575390014023
0.0389885464086089 0.0309280358442117 0.487837321536715 0.514057675844357
-0.0198287520811848 0.0827488931039834 0.0511920828631316 0.440712636171714
-0.0269613033327326 0.0840573357650305 0.0665413557000798 -0.0520069099654255
0.0260183880829807 0.0563727789427768 -0.166352717984025 -0.456526890449517
0.0527503822580251 2.74465342426488E-05 -0.735352308291381 -0.117752509496584
0.0385983058392441 -0.0319356475506006 -0.469618816938249 0.612906956763403
0.0489326235645467 -0.00707118401989368 0.290300540484792 0.551693728396179
0.0379403326640536 0.0341129326401253 0.445495258864424 0.0643938247248437
-0.00117325932020481 0.0201029961253333 0.26981405266721 -0.175227472651379
-0.00588680077722422 -0.00451724785962145 -0.0053019680436197 -0.213056105226408
-0.00769698555653139 0.00954559524508812 -0.0577110798507814 0.138782779570449
-0.0159968386070607 0.0430024079828616 -0.240846527515362 0.0178595909157022
0.0094033023295951 0.0452950311340621 -0.330557146373317 -0.271206692624881
0.0329940238067557 -0.015558813084971 0.0514480478818288 -0.548040096498705
0.0474334489235294 -0.0342120738429721 0.648464447858717 -0.237347279928097
0.0562499862330434 0.0262147096660147 0.580997176471655 0.388708652840902
-0.00761955658803888 0.102877070552927 0.111288913302534 0.448332633263246
-0.0320176693213329 0.112872984143056 0.0617309197362882 -0.0121806421994303
0.0250718120021545 0.0832086796650732 -0.098057023384839 -0.456046770358856
0.0632164096859448 0.0100238257484471 -0.702157228430607 -0.269692206730202
0.0471750384326105 -0.0377297163018096 -0.605600989548272 0.500337035692559
0.0541242936475748 -0.0100040697119777 0.16495307027074 0.617653279121019
0.0426813721055262 0.0412858345119457 0.432705991628476 0.159835770631143
-0.00259086086435946 0.0267575459168231 0.293572239544836 -0.131059897120214
-0.0061811652174542 -0.00641375637517408 0.00993351630200365 -0.20387056709135
-0.00637733974413279 0.00577517309107057 -0.0484695290369571 0.146791675626795
-0.0147538856864193 0.0400977181342245 -0.239714113586367 0.0566032653322089
0.00911763350761604 0.045991613311728 -0.373747155836274 -0.185608439729186
0.028203876388126 -0.0180098890685023 -0.087822389490581 -0.529759309127203
0.0433055348610143 -0.0442304496622103 0.545212875580109 -0.39373692038494
0.0645837187653383 0.0105128264279676 0.648088564618979 0.235666734788879
0.00855258056750663 0.104464495331116 0.18322585529113 0.444724080552683
-0.0345057857422684 0.122010684704556 0.0566076663102442 0.0357389194943432
0.0130546370869371 0.101806635122427 -0.0189409909010883 -0.440558793573833
0.0612375922282524 0.0305932423740379 -0.621613023000773 -0.433644828324221
0.0519934129717744 -0.0317118260989388 -0.735706005458301 0.327172147952139
0.0527105785553275 -0.0101744591920737 -0.00103371902393703 0.658683108468314
0.044351124590885 0.0427375536054264 0.398178435281502 0.262116800637178
-0.00314653365754174 0.0296890398585449 0.312272556679405 -0.0770286361993911
-0.00701936072626277 -0.00690700294660712 0.025615518910579 -0.195479067860156
-0.00382804985094776 0.0102269329014409 -0.0431057048330376 0.124106180560557
0.00390362208494788 -0.0167077418977304 -0.217276693679205 0.00983375831366814
-0.0290520767541636 -0.0273498107190124 -0.290799289835659 -0.281671334476105
-0.0275283820660964 0.00520867520414952 0.0965580060487421 -0.543777100196538
-0.0388032569778693 0.0212355483663215 0.660101138517751 -0.182262902300304
-0.0466497960267245 -0.0237475729934333 0.543296122918004 0.44583559633863
-0.0132894968862756 -0.0889209202535036 0.0778391506954507 0.469514592324644
0.00691618760224176 -0.105041364010525 0.0658636885081089 0.000522887335415463
-0.0416045444706365 -0.0688943825456993 -0.105980224145766 -0.428524302370022
-0.050564812855031 0.0309049370582166 -0.706292667222975 -0.210137534622091
-0.0171941249578696 0.0508066086323058 -0.573132397581954 0.534123183649215
-0.0105990872137781 0.0108029915076496 0.204521904653858 0.590058441030258
-0.0100276576795132 -0.0330800996460182 0.439528296270425 0.114196176043268
0.0165503744358194 -0.0281057169261514 0.286771486328782 -0.156666644521582
0.00522519906735023 0.0080195224627171 0.00829217406072493 -0.214146954088548
-0.00400715234737724 0.00950954840809799 -0.050265962844562 0.122446819813258
0.000925578838892368 -0.00869255987659258 -0.211448898904496 -0.0192820715080762
-0.0216689909325036 -0.0184012113796402 -0.243378676596935 -0.338936585090177
-0.0177768048362447 0.0037008737719267 0.207540309407884 -0.519678847554487
-0.0296045854386621 0.00864828282302894 0.703871496704092 -0.0316390070110538
-0.0297552215066107 -0.0280357048200524 0.455385342447421 0.548126518314599
-0.00507582834361169 -0.0742134508519148 0.0270585990738325 0.457025943055807
0.00120507786470682 -0.0809284728536885 0.0693696388207027 -0.0408167824225598
-0.0376496166491755 -0.0462473231100379 -0.1684721926775 -0.431779795601388
-0.03162937055242 0.0332803688044199 -0.732126444749063 -0.0797209572508654
-0.00193846905587244 0.0400306242879184 -0.448769015459426 0.625208032157629
-0.000317894189612278 0.00899971385435463 0.309920532686817 0.525899812686203
-0.00260157760492073 -0.0217539023769973 0.445950926849759 0.032159439753119
0.0158383525262599 -0.0194022712456373 0.26554921809521 -0.194442292148017
0.0010859326576935 0.00743014763205988 -0.00438594028677632 -0.219907741694177
-0.00468071319861248 0.011244194759598 -0.0563918874078554 0.124872642521371
-0.00398809021742951 0.00388964602767106 -0.2095310026069 -0.0396256445200047
-0.0134221263648334 -0.00483926444604489 -0.211137792318064 -0.371905495258832
-0.00531538246855389 0.000974304087163696 0.282671387243847 -0.488210559814085
-0.013100661298603 -0.00106444757480509 0.714327018489312 0.0718721341963064
-0.0119206466724636 -0.0192223446575085 0.385771661545207 0.603389491935564
-0.0064379072040698 -0.0429145550541742 -0.00380516475618052 0.438488690073254
-0.00478887611099716 -0.0471940281666304 0.0711744346779683 -0.0689511240745537
-0.0245343512711129 -0.0225878128139647 -0.209176391979782 -0.431205724615878
-0.00907622504701783 0.0265171327216882 -0.734228028028347 0.00319388684307841
0.0103128801812551 0.0242497111547633 -0.358904355892293 0.669574325416735
0.0133410786212354 0.00562036234591833 0.367334909894764 0.473809055624209
0.00718464914887925 -0.00726256908322657 0.441640103004443 -0.0181295574180485
0.012006820688457 -0.00928406801090659 0.246534816644014 -0.214544150200595
-0.00160807390259459 0.00578072188728762 -0.0145299451025968 -0.223104839607943
-0.00537991752428455 0.0116344785857161 -0.0614824432650655 0.126095343206105
-0.00943201135852728 0.018311124883024 -0.212464975339305 -0.0452580203543987
-0.0059424190111329 0.0105676024756795 -0.20439070159104 -0.383150185773251
0.00838496680461206 -0.00161891287232345 0.302393871224981 -0.478384112444736
0.00556784388554822 -0.00600033236755 0.717768760348098 0.10375113153075
0.00337408586668965 0.000120012035547509 0.363873984227849 0.614049730101435
-0.015461799476723 0.000251275636629515 -0.0105469216851395 0.429411416245226
-0.0129468585186831 -0.00220952533649664 0.0713340831868758 -0.0822203142417925
-0.00419535271611706 0.00146189884972893 -0.225080426230622 -0.433078664180762
0.0129521797663238 0.0129228385289243 -0.734602251085834 0.0289498433169828
0.0207697767177043 0.00371780358331351 -0.327264494852334 0.681907004987006
0.0274414486087266 0.00226510276115848 0.383228246293892 0.457541423017528
0.0184839863343954 0.00894920583029318 0.44017965246817 -0.0317998854262997
0.00753441957647483 0.000693604752906601 0.240700873861536 -0.217703010832097
-0.00353166152689121 0.00185016638576423 -0.0190193460808072 -0.222909820262409
-0.00655333645255562 0.0125808027244495 -0.063219540159838 0.129656314808212
-0.0137516169031537 0.0328389589122577 -0.221356428056552 -0.0376357936096941
0.00108936364448107 0.0264462883519535 -0.228189615273803 -0.369796024320988
0.0209694559759822 -0.00653216313702856 0.266800546822133 -0.494457383455486
0.0245899019430761 -0.0114896376101695 0.715144734415539 0.0492536431173451
0.0202826937516927 0.0207338306062282 0.401287924563825 0.581440861235218
-0.022355815183382 0.0443202617199656 0.00812438804537185 0.427921149652513
-0.0198975172408466 0.043545130107093 0.0687483474072563 -0.0764727494251953
0.0146486576083217 0.0279498081299659 -0.21036109738038 -0.441513172111645
0.0344951698819373 0.00225089393810555 -0.733524370372261 -0.0118248472075134
0.0301560621783104 -0.0166304221348764 -0.366337415600427 0.663020847266748
0.0397845853870398 -0.00265832884165513 0.359549872115014 0.484855616261265
0.0287043477542687 0.0221384819152159 0.439798372752936 -0.00296487490066544
0.00248238092466854 0.0109825380760227 0.24820789368982 -0.205168401468035
-0.00548368861521684 -0.00154194463472119 -0.0155570013848237 -0.21786133685782
-0.00713556640485733 0.0116901968003779 -0.0628971686706418 0.133257584872924
-0.0155240141935976 0.0401267834215801 -0.230789082834312 -0.0148828516319156
0.00551809746460264 0.0382113151519906 -0.273912311573604 -0.331823104483238
0.0297359706730547 -0.0119245947780662 0.178036764349146 -0.52548059417068
0.0397333279045861 -0.0205897334412096 0.698068143995183 -0.0736890506030485
0.0388520376103345 0.0307256477364234 0.482027037866427 0.503871347570229
-0.0200804209385042 0.081270063957561 0.0509310718838514 0.436224017850748
-0.0271708816791021 0.0833541430754081 0.0650753638650661 -0.0513842526708315
0.0262044486064025 0.0548403852357055 -0.16505753558473 -0.451708693817245
0.0513790610820258 -0.000339935174236019 -0.726842293162983 -0.115035324398422
0.0385285627134958 -0.031804456284377 -0.46185773993588 0.606496985130574
0.0487894254155081 -0.00713707084609063 0.288490095368436 0.543469865404079
0.0377734193967329 0.0334247108579324 0.441113061733828 0.0614220421595283
-0.00133202671340934 0.0204028354269342 0.267213711899921 -0.174707907650089
-0.00693245873071465 -0.00586561598883394 -0.00461956318466186 -0.210035723886767
-0.00655466525685581 0.00952324740543372 -0.0580163970130839 0.138317014842475
-0.0163810195486097 0.0424013030094699 -0.237956838559931 0.0180965547015709
0.00933561701319991 0.0448596586389697 -0.328688761536735 -0.266430696513917
0.032588720342923 -0.0158103756546275 0.0503579400510181 -0.540629319500787
0.0466466991791581 -0.0341714865737188 0.638986237551621 -0.237162491262364
0.0566775394934657 0.0261044003455449 0.574069902696133 0.38177199129885
-0.00857342007307038 0.102363977205211 0.111606091966265 0.441913455988158
-0.0311716650455068 0.110709670789555 0.0605624141780076 -0.0120224876370777
0.0249256786974356 0.0819054436395707 -0.0971063763562875 -0.45047690065611
0.0626783899443683 0.0101191477540587 -0.69344078644478 -0.265645205796504
0.0465287708355569 -0.0374512984492141 -0.597135689903318 0.496037948108815
0.053840750975181 -0.0102078980875769 0.164892341321043 0.609265810820703
0.043747490296136 0.039950300126519 0.427958879333187 0.156313780937925
-0.00290631057437345 0.0263294068189965 0.28847182622194 -0.131057352368684
-0.0067032849902284 -0.00644503510687062 0.0110358331565033 -0.201528353824747
-0.00676568723486477 0.00734205194608623 -0.0481403932025908 0.145728773324735
-0.0148548773671125 0.0397641656105183 -0.236601160060971 0.0576888467736625
0.00949431951477079 0.0452713983958355 -0.370631617537621 -0.182486528843563
0.0282542130945503 -0.0178609786564319 -0.0867298838890164 -0.523829922103143
0.0430282507720681 -0.0445076940765134 0.538114053081646 -0.389818833586146
0.0637593722150329 0.0102607505543863 0.64169414827503 0.231471945319687
0.00824363538271831 0.104208892413396 0.181696647039455 0.439422927498402
-0.0343163611322974 0.122500272426385 0.0564308200025991 0.0357786929101699
0.0137596068457886 0.100605555589763 -0.0201303683747035 -0.434241612508626
0.0608879812267686 0.0298163705078829 -0.613995001154955 -0.426742405800447
0.0507858442041494 -0.0311979328206313 -0.725920185945854 0.32538241546224
0.0529177285020429 -0.00969607956752818 0.00166843604346713 0.65123956703448
0.0435876732073968 0.0420858760492933 0.395570933650952 0.259510094861717
-0.00357394290700771 0.0298608019038644 0.309206307708513 -0.0778154697211819
-0.00739248850611669 -0.00698709712695875 0.0244706045217077 -0.194308199405361
-0.00451724806442124 0.0105586491281385 -0.0430824211263121 0.123550864024467
0.00365716853561543 -0.0165248357350018 -0.214611418927048 0.00989528145138935
-0.0286760978591235 -0.0268472640288476 -0.288469485085334 -0.27959981918458
-0.0273723215762897 0.00497135103752151 0.0936980248005116 -0.537897116806612
-0.0390614263490788 0.0210894069600685 0.654902377837032 -0.180935745714214
-0.0448856132448874 -0.0242437818915424 0.536725454443558 0.440711212592232
-0.0127157317577798 -0.0877715058825944 0.0775109000875408 0.465135918774694
0.00718692562558396 -0.104181655390849 0.0642728947279828 -0.000424728187190601
-0.0403376932446174 -0.0687267569252542 -0.105273539985898 -0.423073312513909
-0.0494721384067322 0.030231123795242 -0.697988285841054 -0.207720785085209
-0.0160526326363769 0.049550341306447 -0.5653821361693 0.529139456887701
-0.0108796975208131 0.0109070989917944 0.203470403700655 0.584930582502882
-0.00963149191810278 -0.0336020354952145 0.436556310787747 0.113509598702075
0.0166339733824784 -0.0284061547363174 0.283823758846192 -0.15519042186972
0.00545012592448765 0.00720616190336658 0.00759270186827189 -0.211711908181463
-0.00426865729514854 0.0102969748014105 -0.0510612091874076 0.122527610563412
0.000185972149567298 -0.00882325716682294 -0.210089896679612 -0.0194774388941262
-0.0207584837577596 -0.0190271086429113 -0.242606063624199 -0.335547633300326
-0.0170595723855714 0.00411042624298195 0.204983145807239 -0.515158670212977
-0.0285503208500786 0.00827180612783781 0.695116425885029 -0.0315228844757709
-0.0283904417206222 -0.028289439471835 0.450632781798477 0.542714509305755
-0.00513559736941795 -0.0732181012540325 0.0247296377405859 0.451094547999103
0.00225666522095454 -0.0809909097004671 0.0690884946574553 -0.0387164238133661
-0.0372689764858948 -0.0466401543751037 -0.166755181523996 -0.427226409136763
-0.0308129253752536 0.0330238479184728 -0.722192774000222 -0.081746610272867
-0.00176434486126923 0.04067457987792 -0.442061794765968 0.618610062362863
0.00068513593265553 0.00918318026230943 0.306098836575987 0.519998447000736
-0.00163362463111356 -0.0222124719986316 0.44150388844542 0.0316663193418887
0.0150983443491828 -0.0186543033766192 0.261768147598366 -0.192285868402777
0.00276020332544565 0.00683054317933162 -0.00452293880818585 -0.218001003073002
-0.00457996340586321 0.0118139851563806 -0.0572493563915844 0.124304578285496
-0.00415796562236377 0.00399445196546081 -0.206764419144067 -0.0381138411418548
-0.0131273204570287 -0.00505642845778499 -0.209925754461299 -0.36773292102959
-0.00521448197633977 0.00124270570230658 0.279391298069847 -0.483596868543721
-0.0137524437453917 -0.000221717694880829 0.7065207383946 0.0716239504163821
-0.0108213650640909 -0.0189390087992335 0.380127323075126 0.596541943588397
-0.00562925082448244 -0.0424060983939846 -0.00493550939924695 0.433492682289403
-0.00482278312719764 -0.0458734031450944 0.0695202685610715 -0.0684499845367429
-0.0235592809614361 -0.0230024554013409 -0.20710787616888 -0.426151596613523
-0.00885121485660168 0.0259183894430427 -0.726549747389074 0.00352969225717235
0.0103062213724071 0.0233383316459676 -0.354517478419844 0.663916154854067
0.0133293699369409 0.00540874736250216 0.361747430720039 0.4691550280692
0.00732126144377074 -0.00691575222582943 0.438136324517843 -0.0190708200214048
0.0120644933874513 -0.00983244654561649 0.245831402721061 -0.212300784960098
-0.00138178159256908 0.00578197732540751 -0.0140172771165603 -0.221826656672065
-0.00600668041931876 0.0122893932999346 -0.0614719336902464 0.12712366067135
-0.00900218774187651 0.0180970725941698 -0.20899705136248 -0.0446702603267088
-0.00603090586855203 0.0107459860277254 -0.202480826966772 -0.378753346227599
0.00860772937837874 -0.00238852721149438 0.299630851981329 -0.474964379523124
0.00530741305436015 -0.0061823176604662 0.708310935884066 0.103058466657786
0.00402253760902904 0.00042811696967672 0.358816888928628 0.607495463919137
-0.015013655562669 0.000138148718335028 -0.0115111869322669 0.422947136902689
-0.0128611492745404 -0.00257059370589335 0.0698948589977479 -0.0813945364041116
-0.0043975842445038 0.0011942184916631 -0.221628864687562 -0.429831580437653
0.0130715880078677 0.0124905339721306 -0.727140331972375 0.0285116731323002
0.0206955043917767 0.0034419617141076 -0.324105363728579 0.674497254698595
0.0275078653983916 0.00154663096171787 0.37900969554133 0.454195211753384
0.0179630826569282 0.00714469626473799 0.434040917141594 -0.0322281522366302
0.00699962955382833 0.000357304659784939 0.238889683703968 -0.216097970851525
-0.00361604999250672 0.00226939624213902 -0.0184899532109751 -0.221615088283068
-0.00633845719472095 0.0121046862455142 -0.0631845925384267 0.129432359824441
-0.0130140889990296 0.0317700703850873 -0.21772270050802 -0.0372784672388509
0.00105729425761918 0.0265112978707439 -0.224960328079077 -0.366626893663831
0.0216646678945943 -0.0066819662894347 0.263494003692794 -0.490432769643172
0.0243055588483664 -0.0115871320431735 0.70754212002157 0.04889091669221
0.0203227631749985 0.0201181552693234 0.396531507030213 0.575714093361936
-0.0226607002321673 0.0442047455232434 0.00689920320568931 0.422756056941553
-0.0207340763278877 0.0435435990370328 0.0679166084575596 -0.0749549163023742
0.0143340950711594 0.0270434238313058 -0.20675040222051 -0.436459546505019
0.03429009849731 0.00135080876035592 -0.726444867909859 -0.0127268486416887
0.0297731603955457 -0.0161510157618152 -0.360630086785424 0.655476551207525
0.0394418333513092 -0.00259348949794669 0.355511515121332 0.478255636405008
0.0291993638789804 0.020949621631694 0.435673054507881 -0.00282785957539533
0.00200666001222342 0.0104101771519751 0.245184691357267 -0.203060335121585
-0.00485797755235206 -0.00150058587215182 -0.0143710875443921 -0.216718058135871
-0.0075592383190474 0.0121926669150291 -0.0619851380011025 0.132850609000512
-0.0145603131812258 0.0397550712372802 -0.228658113507144 -0.0150796054540079
0.00642329885578423 0.0376467605906613 -0.2712344365235 -0.329123923089916
0.0298519401634081 -0.0111158328058345 0.176865247483391 -0.520082748478051
0.0396683102985244 -0.0203897642824592 0.688996562607636 -0.0735384815251584
0.0384357347558644 0.0299801499769226 0.477405689761052 0.500374502706657
-0.0201057835019136 0.0807112262668526 0.0489645787004595 0.430694254252213
-0.0265771234926078 0.0831750706124272 0.0640106875158416 -0.0515068744064782
0.0257610422890656 0.0544107522933864 -0.161616081083172 -0.44573827050845
0.0516020583563015 -0.000833898416411643 -0.718499407516227 -0.114402388733216
0.0386728930628856 -0.0318637018301417 -0.457110427472174 0.599766743419345
0.0483449880329263 -0.00706241033538597 0.28531175205749 0.537156987269612
0.037286201078146 0.0326145687791702 0.437282824176539 0.0609743540044132
-0.00093269342266441 0.0197830518937171 0.263685558754453 -0.173550616220926
-0.00665020582127516 -0.00456489938957184 -0.00481867929066225 -0.208001256104206
-0.00725244926061374 0.00998467032433769 -0.0576128794251232 0.137555087620595
-0.0160207929573803 0.0427285030615661 -0.235010983901585 0.0189440251133448
0.00969741332060051 0.0441818646836904 -0.324988731004903 -0.264309207534636
0.0320612125735301 -0.0154179597905324 0.0486106377744244 -0.53580035963573
0.0461391983867247 -0.0334948677867418 0.63190509151076 -0.236518601652128
0.0557428758971797 0.0260962865004941 0.568765641840376 0.379132435366656
-0.00775928920518664 0.10209895355322 0.110103915852799 0.435954674295939
-0.0312310140181117 0.110441162851023 0.0601746321695475 -0.011462647934324
0.0254640010753659 0.0809726244565847 -0.0951906305567486 -0.446556261741684
0.0618360799639912 0.0099616305852775 -0.686694069203228 -0.263031645099538
0.0465985000954175 -0.0370750992009312 -0.591513251164775 0.489165864212518
0.0535075333563907 -0.01051401984782 0.164028467421971 0.602142899148809
0.0422256963869663 0.0392631105471603 0.424215570831618 0.153901588932543
-0.00366303292813708 0.0268658076468603 0.286769891039222 -0.129672631214029
-0.00704090159221942 -0.00669386412539465 0.00896550884656388 -0.200674025529301
-0.00584832899347171 0.00668097388512655 -0.0486045686134797 0.144430317532656
-0.014694042700302 0.0395186080156976 -0.234903915815368 0.0567707134424957
0.00927870746642767 0.0443082238528858 -0.366966508795315 -0.181134745301464
0.0277540206904935 -0.0179535002425746 -0.0871787280968627 -0.517556763024589
0.0412847398431706 -0.0435329728045223 0.532343679738396 -0.385578811266179
0.0628176164249662 0.00961992276945853 0.634130818863622 0.229534865558327
0.00748397969129201 0.102872766109266 0.180387606387678 0.434003385267725
-0.0336481339496394 0.120208327633389 0.0545857361024415 0.0353462950717744
0.0129868581902633 0.0993395175148433 -0.01927344142939 -0.429138081311142
0.0601064435373062 0.0294507990499846 -0.608132383390141 -0.421588496788748
0.050017092161652 -0.0300547262533343 -0.717732628514784 0.321947407716005
0.0524571383635712 -0.0101707765870421 0.00102687764625116 0.643411958311328
0.042924788069972 0.040904477319857 0.390634474272137 0.256601063843551
-0.00323463687519425 0.0291256610566522 0.306006077843147 -0.0773011850445908
-0.00779507791321375 -0.00678418030334141 0.0247029241467416 -0.192937573941711
-0.00412827870299404 0.0105057902021055 -0.0446328549572734 0.123876291213378
0.00468859309087119 -0.0163059355977365 -0.213111114032065 0.00916375201799019
-0.0281266966728109 -0.0271069851507243 -0.284517706482461 -0.277361131780538
-0.0268552900293099 0.00558232710910643 0.0946788343427507 -0.533644696220379
-0.0378443507614376 0.0210276910901056 0.646673955912996 -0.177680854079645
-0.0443917025486754 -0.0239891235849488 0.530214154116394 0.437549241592547
-0.0130467173824458 -0.0871001977055069 0.0741445699658313 0.459976663428363
0.00735072624208191 -0.103153796672008 0.0642245638795568 0.000390850226988278
-0.0400991827785748 -0.068013396025701 -0.102023555909392 -0.420838103544635
-0.0494271157130604 0.0299460229296913 -0.690509270083518 -0.210122383575446
-0.0156388987501895 0.0496728823915088 -0.561736975369711 0.521042399990169
-0.0106915039407715 0.0100608180389808 0.199603788934737 0.579141285514715
-0.00896067118202637 -0.0333368966215284 0.430618698270914 0.112674788095469
0.0162964938214099 -0.0281551432425785 0.282129795880355 -0.15336493779553
0.00503714751249897 0.00686211979906886 0.00936260735467236 -0.209983656576845
-0.00407814635694606 0.010515573186052 -0.051062272309052 0.121960695895844
0.000126300785269802 -0.0082733641701258 -0.207820811013217 -0.0185763725640908
-0.0210633743481457 -0.018990408303358 -0.239265675574462 -0.335039303850159
-0.0167774204836106 0.00396598411676134 0.203328985758285 -0.511244005017509
-0.0287870313886909 0.00853177952737647 0.690192736339608 -0.0294408703515132
-0.0278151634672358 -0.0283026093134393 0.444342069821805 0.536320698890277
-0.00450880745409331 -0.0720915666552542 0.0230486796631425 0.445331397970881
0.00250508069013464 -0.0805761626836308 0.0681250118891054 -0.0389202744970173
-0.0364495894615634 -0.0463827514161179 -0.162349747218829 -0.423026313296249
-0.0312326062555992 0.0329236733953936 -0.714281729332446 -0.0813938102712182
-0.00132815275724167 0.0398584546761177 -0.440291039782701 0.611326102163503
0.000820116776018144 0.00817389115167316 0.302702326330575 0.515215223038505
-0.00164297972343838 -0.0220013873067862 0.43730592752354 0.034413911784025
0.0153456940242462 -0.019339118962674 0.260099914552764 -0.19045785388862
0.00299313825068141 0.00770754500422103 -0.00391070616440047 -0.216321532065838
-0.00436939996044671 0.0119836346905678 -0.0576714587798694 0.124513453827527
-0.00406183846845238 0.00380468026497442 -0.204681788565713 -0.0380512823783691
-0.0132371271162186 -0.00480232061129408 -0.206932326851812 -0.36640624752846
-0.00429862803189647 0.00127002121851497 0.276483526753524 -0.480362044044237
-0.0132507012287009 -0.000248688109761828 0.699932753577504 0.0733119302762226
-0.0108943748169606 -0.0193041687927025 0.37556377547406 0.592335534503325
-0.00638465575078211 -0.0415430322994912 -0.00573413954059877 0.428724834652403
-0.00485658118116405 -0.0451729587150713 0.0701990256570585 -0.0674457961569132
-0.0233485538286258 -0.0227799182954423 -0.20385131729322 -0.423458279212341
-0.00911058071213446 0.0258454936773985 -0.718844353314406 0.00245641228513318
0.0109865327470226 0.0239541072736593 -0.352290443504812 0.65628773723708
0.0141323181124643 0.00607399930695579 0.359351572477896 0.463107718727625
0.00770985460671959 -0.00827622441303063 0.433870335901094 -0.0181145067385073
0.0119650926924437 -0.00973171753739893 0.244408269481627 -0.210657744358422
-0.00109805514852989 0.00451597628975657 -0.0136206201385707 -0.220466694640096
-0.00554903125332855 0.0128093319834243 -0.0622931235773423 0.126308930507891
-0.00943491130765512 0.0180660336061687 -0.206970254354632 -0.045284307394327
-0.00609579628892591 0.0111031771735221 -0.199864223231244 -0.376296364341783
0.00913907123867651 -0.00188002925784035 0.296661101818299 -0.470515789586581
0.00515083261587889 -0.0055599922084583 0.700702011901152 0.103963271196758
0.00365706753355537 0.0001672630269327 0.355068748316335 0.601609461395256
-0.0150304766154181 0.00101414566516989 -0.0115565019701909 0.418381518508573
-0.0132835280495764 -0.0016716471067318 0.0701783700671709 -0.0799711812542684
-0.00403829769664859 0.00131108817877233 -0.218220519820816 -0.425594480633233
0.0127612649363798 0.0128105623306263 -0.718262164723557 0.0261615483748691
0.0211218383066184 0.00435982732165256 -0.322842264670012 0.667527806636879
0.0270353632841978 0.00169355711513542 0.374088187067089 0.449788770535713
0.0187531377079977 0.00736683772546802 0.430995087970576 -0.0307363997695197
0.0063696349001699 -1.37370726507402E-06 0.237561297756311 -0.214200140116545
-0.00375685037824248 0.00247982569371783 -0.0178479358909115 -0.219994593076639
-0.00655254208953094 0.0132887356084292 -0.0628763484336453 0.128912083234363
-0.0126409625018241 0.0311297946628502 -0.215050430245936 -0.0363736536886567
0.000962422268915123 0.0261165377756885 -0.223011433272477 -0.364080818947521
0.0208483701581726 -0.00622265777205163 0.261863341452728 -0.485655326410209
0.024563372471006 -0.0109768599448703 0.70065574673072 0.0488085558379039
0.0202249824419487 0.0200126435894886 0.389838132947629 0.571937829805073
-0.0230425357868638 0.0442926480830546 0.0056335928722643 0.418290621790571
-0.0206218622078807 0.0422598885917339 0.0667791398990472 -0.0730719227694824
0.0137539435336273 0.0268543463485981 -0.202644294924256 -0.433057027064562
0.0337598287035541 0.0017667447546523 -0.717617956662207 -0.0142005216612881
0.0298278899459214 -0.0164479000336366 -0.359690748015027 0.649489894406955
0.0391392696238787 -0.0024325684777138 0.350198804009925 0.47525106268685
0.0279699230081714 0.0212455205841475 0.431642712004362 -0.00185555700451724
0.00224902451571093 0.0114916617441223 0.245168336687876 -0.200935902869458
-0.00569430598267732 -0.0019080777665529 -0.0139140515457454 -0.214763223130419
-0.00642979620448927 0.012302874231103 -0.0623325899826198 0.132447709112438
-0.0148412197475592 0.0399560687801557 -0.225756914938217 -0.0151050481017282
0.00660558208927536 0.0373479503371953 -0.268460217712558 -0.325512819553201
0.0290448748149814 -0.0117911793791674 0.177077649361805 -0.514437578394625
0.0394826677256042 -0.0203938200303048 0.682837180890927 -0.0723458927252025
0.0381522587940809 0.0302056913487911 0.470501585277865 0.495511278675003
-0.0203932780749735 0.0805824222004759 0.0473759373301718 0.425923387147501
-0.0273811784394762 0.0821254018567354 0.0635327512586372 -0.0493366140734896
0.025164690926564 0.053934640049912 -0.15796246897877 -0.442937191582931
0.0505133212034758 -0.0010813744395413 -0.71106232344176 -0.115577960104198
0.038362835749017 -0.0320451560739205 -0.456646155669708 0.593388048504326
0.0480444223533992 -0.00747902981620929 0.282483468587398 0.533834877411834
0.0370351118116435 0.0320407973576685 0.433887173899491 0.0603528482067145
-0.00120736076713856 0.0193711430104471 0.263001602539987 -0.17220953370091
-0.00670666881697369 -0.00556638221674951 -0.0038669188757442 -0.207325348912045
-0.00673341604803711 0.00920148196225768 -0.0581791562370339 0.138283755152964
-0.0153169179737647 0.0425399957126739 -0.233311936439749 0.0176028936387273
0.00994571274360016 0.0441600101029547 -0.323321918905835 -0.261836185217559
0.0312069824094135 -0.0154975531824848 0.048917168719434 -0.531056414460267
0.0452082651161338 -0.03276032178848 0.627786266038408 -0.229624862546404
0.0554589399739277 0.0254432388682461 0.560165899046284 0.375964950547433
-0.00802802343017225 0.101527228913596 0.108096684233396 0.43192222491984
-0.0309801651767212 0.109172588655913 0.059833793568919 -0.0111924869162635
0.0247883601487205 0.0799577759462629 -0.0922369173980808 -0.442505915721476
0.0611310896526784 0.0100274922639697 -0.676996307010918 -0.263196034237483
0.0464195558639446 -0.0366826546758315 -0.58644282160008 0.483947412676011
0.0536069983115354 -0.00959639703646669 0.161767494053616 0.598519859825498
0.0421111360027078 0.039717387940848 0.419707635527392 0.153835959279887
-0.00331011544598975 0.0263891403314772 0.285274207656041 -0.128307795726248
-0.00716851872580666 -0.00624077399850937 0.0106667956193869 -0.1992815662977
-0.00566716137558927 0.00661638284562569 -0.048180037051596 0.144984208403048
-0.0148867601954286 0.0391078768543092 -0.233526956476256 0.056447599472174
0.00928165952929049 0.0443535619386684 -0.363617322066431 -0.18057825255725
0.0279584804523497 -0.0177962591752121 -0.0851479615272364 -0.514368571740216
0.0415060832069139 -0.0430222969349982 0.527882603442647 -0.38140410422673
0.062399273696822 0.0107820574456791 0.627184246101282 0.228115167056544
0.00667381951903189 0.102729461015165 0.176698444102793 0.430415777575723
-0.0346751936845747 0.119063497777611 0.0541088562096658 0.0351300716143765
0.0123616253371437 0.0981040553133782 -0.0174809508260304 -0.424377004744902
0.0592616304480386 0.0282975799007578 -0.600807562930177 -0.41959724232854
0.050127833208671 -0.0301802699100504 -0.71329288440805 0.316392685091607
0.0520437204386062 -0.00944800831716539 -5.03240365606307E-05 0.638455826684012
0.0423682000126658 0.040317961739676 0.385360348643209 0.255836580884477
-0.00433838956369452 0.0291201668452623 0.304020541098399 -0.0759007745472523
-0.00700065879591101 -0.00636233274805979 0.025662519087493 -0.192522819280149
-0.00384645934683576 0.0115938092451109 -0.0455882814930842 0.123535081745257
0.00394887060450636 -0.0162576974660778 -0.211241883831541 0.00905614876827743
-0.0270944030472348 -0.0267722282855545 -0.281585149470067 -0.276506994046368
-0.0272516949651088 0.00489075760246524 0.0946696350415704 -0.530155275730815
-0.0380332559963926 0.0209278216998766 0.642692142970606 -0.174759827105988
-0.0432249672042628 -0.0243757641664086 0.523125922458306 0.436952714532774
-0.0126510886929681 -0.0867458214710042 0.0717444406776973 0.457667894190549
0.00739770469537169 -0.102833216582015 0.0634966010965032 0.000224029925637165
-0.0397553892940022 -0.0681053322023695 -0.0973627631600937 -0.417253410073267
-0.0477314692799817 0.029283596479307 -0.684044226045599 -0.210153772553985
-0.0156393687725906 0.0493064056490776 -0.561544201917098 0.514893220336168
-0.0101482679396653 0.0100745632590248 0.194721519060432 0.575099708158369
-0.009075269937115 -0.0343588938628649 0.428234715146648 0.113423391984795
0.0164527163951676 -0.028623662713173 0.279735811182606 -0.151466367829493
0.00510188283352639 0.00661889409186621 0.00854487796966047 -0.209019899914146
-0.00407357189036438 0.0109569575985231 -0.0527849461865266 0.122322570321837
0.000755012644424099 -0.00821570817784536 -0.206745327878145 -0.0199653873577155
-0.0206793585928682 -0.0183365909764912 -0.237425992798261 -0.332684330677661
-0.0158331186617477 0.00411768034887789 0.204593306410181 -0.507128543536599
-0.0291213174187933 0.00854714583517743 0.68400309122654 -0.026942256651872
-0.0271231310470859 -0.0278311729191928 0.438050526164224 0.535150105180314
-0.00454622317884842 -0.071481046051853 0.0217932300380781 0.441835417027789
0.00304698978125552 -0.0794810656086149 0.0676973815119727 -0.0379715090304271
-0.0362839590866793 -0.0456226287291628 -0.158696024070536 -0.420797640547562
-0.0308851809029025 0.0317365801157599 -0.708784774952054 -0.0836191952563682
-0.00202691293531481 0.0389471150504689 -0.439081751932482 0.606333581126635
0.000702608490330171 0.00804040569546141 0.297218467259161 0.512092642442449
-0.00190773737005088 -0.0221756758525757 0.434021528587448 0.0335392924110387
0.0149139591664607 -0.018860954713134 0.259534756673581 -0.187418877742609
0.00231748793766487 0.00668238627457598 -0.00268605419674127 -0.214768441627418
-0.00483515616638468 0.0120465225395215 -0.0587816595081092 0.124182648320341
-0.0045980416945976 0.00352863318888243 -0.203445255505215 -0.0391508424988958
-0.0125519075928349 -0.0052091929229296 -0.20421551217205 -0.364281681012755
-0.00361925997235448 0.00173389466869922 0.276083807689141 -0.47422316964484
-0.0134380468130894 6.31990424624918E-05 0.695472695332082 0.075734940711236
-0.00965144716668922 -0.0193891589540734 0.36787463152708 0.587239065414939
-0.00590696496764832 -0.0405698801507324 -0.00911267619241312 0.424678469565724
-0.00467089846839165 -0.0452542130055972 0.0691254045820522 -0.0664466186962496
-0.0231589178316665 -0.0228594287266033 -0.198626089032272 -0.421938607908524
-0.00942413677595741 0.0254165965473031 -0.713317781758461 -0.00325167447931419
0.010509832635201 0.0238612390993781 -0.352789427141383 0.649326233514131
0.0126988641055998 0.00524134207142118 0.354253476771412 0.461295191145062
0.00827633289680686 -0.00827587638025067 0.431224348685005 -0.0172336651604176
0.0114990435546593 -0.00937370129975092 0.244555247617203 -0.209501799070311
-0.000783092093095068 0.00517443043456646 -0.0117486648654769 -0.21992398468204
-0.00575181714045105 0.0125133570690706 -0.062198891412007 0.125862040307032
-0.00889969451856675 0.0177814838403065 -0.205145676792404 -0.0447941742949635
-0.00524831930085783 0.0107915058927658 -0.19717386071086 -0.375439008021284
0.00871499982324239 -0.00167283415466117 0.296053272927509 -0.465385912602626
0.00485814760271245 -0.00551556538045773 0.697049682074655 0.10501003151934
0.00429711489852733 -0.000194916434434953 0.346968869481352 0.598800573094843
-0.0152822189937387 0.00117100772437731 -0.0136608882334124 0.414508511604851
-0.0125956005479828 -0.00173366344052764 0.0697450801809258 -0.0788460441450446
-0.00389125918232701 0.00169438181816482 -0.213249272302568 -0.422419661512574
0.0127751864702203 0.0122580696629142 -0.713872992540675 0.0241165536458262
0.0212982299195945 0.00358235282006874 -0.323820364087471 0.660957583963749
0.0274179838000438 0.00168762349088859 0.369784065745693 0.446984217992877
0.0190555004628044 0.00668026280398274 0.429270807474115 -0.0294913983775657
0.00635023727983857 0.000676116392924396 0.236838208137274 -0.212707277466187
-0.0032751818874559 0.00203858476497712 -0.0158878996753536 -0.21799636274973
-0.00675842421238742 0.0136072327320712 -0.064367957524622 0.128803056257408
-0.0126426884958478 0.0310763342253476 -0.213519280491936 -0.037182784061258
0.000367172818219122 0.0253221322585136 -0.219703521244518 -0.362986861977395
0.0210272275957798 -0.00631194445124069 0.261721528115582 -0.480322344819629
0.0239062915733694 -0.010657575335862 0.6950517584575 0.0519834665568835
0.0199578969878572 0.0194537394367856 0.384305355459023 0.567881544104426
-0.0224955843731183 0.0438641328130507 0.00352480305826763 0.414309871076547
-0.0201299173552403 0.0425390244308898 0.0672625812126381 -0.0727840476057293
0.0136993100051328 0.025988087164893 -0.198956638726628 -0.429714589598653
0.0333507595751596 0.00190524846223708 -0.712765707417756 -0.0169775718246543
0.0295878781791618 -0.0165109094586615 -0.359683669683167 0.643381275822433
0.0397409016836931 -0.00313517436755481 0.346095195501042 0.471530119787792
0.0283850232682888 0.0204232104756689 0.429734776851244 -0.000446912101716085
0.00216521375478968 0.0108262242952855 0.243640553910916 -0.199652721087674
-0.00543733288066158 -0.000888750369582273 -0.0121008879449201 -0.213774372824644
-0.00653132177799403 0.0123156733305505 -0.0627763700426636 0.13227264607309
-0.0155356487125084 0.0393347154172337 -0.223775868602725 -0.0149182827444001
0.00641752689719785 0.0378111123932543 -0.265740019366009 -0.324289878548629
0.0297103668175881 -0.0108032309369985 0.178050024449769 -0.510926948449225
0.0385366616059036 -0.0201992677716851 0.678570574471237 -0.0683137752346861
0.0388223763108019 0.0298848281204113 0.46339535626803 0.494100316088813
-0.020570821665359 0.0801419212813188 0.043693341701445 0.422262158794912
-0.0277215872646433 0.0816102506564059 0.0634138648887677 -0.0481296037727109
0.0244116794163151 0.0537771445210894 -0.152882430715633 -0.439651150454626
0.0507805606731319 -0.00031705415750774 -0.705609909144384 -0.116643926785704
0.0385533366891464 -0.0310180107250517 -0.454327581586932 0.586595198872955
0.0483787919299948 -0.00712208810174314 0.277306041502464 0.529066678699017
0.0366391478757117 0.0321108842070976 0.430285521606757 0.0615951811319519
-0.00226248888591871 0.0199157635267806 0.26053973720952 -0.169994945230116
-0.00695642540864501 -0.00485704769868084 -0.00285372210870102 -0.207539277922999
-0.0068585917570403 0.00947923728229488 -0.0572732994934162 0.138399768522696
-0.0163398197067059 0.0428940511501987 -0.232523738806841 0.0172729208606512
0.01038323389223 0.0440534980007002 -0.319060924075232 -0.261993490012307
0.0324126165197701 -0.0150380265953986 0.0510437002247958 -0.526757582199187
0.0454455207682075 -0.0334354866746009 0.623883028066909 -0.226236485989116
0.05463285064334 0.025608395505633 0.554824477705578 0.374638639238475
-0.0088425103282755 0.101880082429509 0.104750755200991 0.429142191810248
-0.0323665194470135 0.108028867079957 0.0583723289666667 -0.0102114747973663
0.0240761220645547 0.0796497578146751 -0.0898310534400126 -0.438414511325907
0.060130795563095 0.0098160226769849 -0.670721147566928 -0.263394606917482
0.0454759259812163 -0.0363633174702457 -0.582224510847025 0.476719433116798
0.0531818517309269 -0.0108078798729972 0.156010079429341 0.594184193189792
0.0413961314857078 0.0383005146962851 0.417662766304907 0.155099078995961
-0.00354578368211255 0.0260511647886406 0.283539305426161 -0.127580935366834
-0.00689522895769495 -0.00612749573408165 0.0108705972853533 -0.198066205626426
-0.00616414190433561 0.00749733574272116 -0.0481061708533876 0.144518341455754
-0.0149753960017779 0.0391113968422835 -0.230862633054399 0.0547703822668106
0.00886591650011664 0.0445707609956468 -0.360351971852338 -0.180387769610726
0.0282457357943078 -0.017158987666905 -0.084402489606725 -0.510444849667081
0.0408155544522762 -0.0425383569475411 0.525483105586563 -0.376251961188925
0.0619473160629493 0.0102929500171118 0.621661348739658 0.228455152016098
0.00599602223744547 0.102494734610824 0.173472711691674 0.427073427440711
-0.0349720683267345 0.118270690994625 0.0525486370637394 0.0343042611921384
0.0125352899907301 0.0970467273173574 -0.0153553266812856 -0.42104949989886
0.0590677944719448 0.0289988983409503 -0.592391109419255 -0.419648409962558
0.0498256685063545 -0.0295450362626274 -0.708847218457875 0.310893363567751
0.052134339052112 -0.00969532489359663 -0.00141476718443714 0.631893311047963
0.0422011164542185 0.0399865219843608 0.382443915864111 0.254906348754649
-0.00419713969977717 0.0292811185857037 0.302599503333935 -0.0751742830319353
-0.00773796810787654 -0.00658369033140768 0.0267994376429358 -0.191435000737968
-0.00347818564968718 0.0115349608699282 -0.0471788349565955 0.123206248120584
0.00422144413759819 -0.0163980525223209 -0.209849064701823 0.00749776682506173
-0.0271428893303439 -0.0275229650694756 -0.278038336193029 -0.278377260572238
-0.0262474655452512 0.00511168774168478 0.0985588344601439 -0.527629649990056
-0.0383030120424151 0.0210955630839059 0.640678747177732 -0.169552145622973
-0.0431931275525203 -0.0247270778275283 0.517593335711225 0.439589557375655
-0.012132795441637 -0.0859388069835846 0.0684127541573629 0.453182282951253
0.00758540622630897 -0.101192141996781 0.0641434032408603 0.00106683213937547
-0.0382030343190729 -0.0675176735501559 -0.0939725154493145 -0.41646064355202
-0.0485724872294546 0.0286964583175562 -0.677940216433902 -0.215487498826914
-0.0169981586183547 0.0495904762971848 -0.559880422971484 0.511136098807217
-0.0102718044688399 0.00985095855256197 0.191579300387542 0.571939924932822
-0.0088632402525843 -0.0334989763202534 0.424901046090663 0.116536925497672
0.016814724061015 -0.027778196349283 0.27969007482293 -0.149131692450979
0.0041883008799214 0.00669494158376954 0.011351616147933 -0.208722116902042
-0.00368769146520309 0.0113470958266844 -0.0540161095210268 0.12177091869315
0.00102461293583608 -0.00740485048143433 -0.204883353552046 -0.0205641019029296
-0.0206742886919503 -0.0187089586120684 -0.234472888959906 -0.332737735292129
-0.0161614812609225 0.00339790193372237 0.205144565437492 -0.502075522338393
-0.0288752253546224 0.00824010610073569 0.680845316604153 -0.0225619153048726
-0.0268282142798977 -0.0285757755749011 0.432393438008587 0.535505766606272
-0.00405359100456969 -0.0708938333020053 0.0185987532015144 0.440152937914336
0.00322055969418603 -0.0791115737721645 0.0674813321551187 -0.0365946829510335
-0.0359639382025108 -0.0461685440998906 -0.154508586146501 -0.419710837178066
-0.0310754597310185 0.0315452580104209 -0.703955187455264 -0.0881201983296777
-0.0023142918891802 0.0392249921824761 -0.440242249941968 0.600774589555157
0.000935823863803937 0.00781394109195601 0.293621927450181 0.509941852347658
-0.000863518238332062 -0.0228746722431505 0.432091469151691 0.0358019185564725
0.0148780079431185 -0.0193306964732284 0.260074984160173 -0.185942178405913
0.00172155479159892 0.00729644263386394 -0.0015560859248958 -0.215394382429002
-0.00447501672422819 0.0122707785739864 -0.0600844647351409 0.124637631738682
-0.00490222956836378 0.00347087739561686 -0.201208961567325 -0.0396086353593062
-0.0124746417126657 -0.00511021792484864 -0.201588110719954 -0.365749076997166
-0.00364946265887658 0.000837986538339417 0.278623599797253 -0.472211243762812
-0.0128487988655911 -0.00138973803728087 0.688773673450272 0.080369625156324
-0.00980454542969368 -0.0199063145140992 0.362757207299246 0.587319976586992
-0.00580539716952705 -0.0402762715742662 -0.0107691083163463 0.421155096718343
-0.00484462736241579 -0.0441967783305471 0.0690336668586849 -0.0657630697596192
-0.0232254618646244 -0.0236441700291397 -0.194269831005223 -0.420552369621484
-0.00865900048154334 0.0251860871411214 -0.711320208764593 -0.00786281081460853
0.0108144048734914 0.0232468746825798 -0.356141600129983 0.645187035541667
0.0143996770307168 0.00538172453393883 0.350397189415603 0.459971880394137
0.00844289377033023 -0.00870456605084854 0.428142881617914 -0.0143337569871917
0.0115229722290623 -0.00915579911136769 0.243050630992485 -0.20735157093086
-0.0012687513920875 0.00562990509627468 -0.00966408643791054 -0.217927587878791
-0.00474410403842155 0.0128696914021155 -0.0631543937420063 0.125868263998467
-0.00884355404619192 0.018235118759126 -0.204627466039776 -0.0465935170702315
-0.00507829696810623 0.0107332771943128 -0.194887783283665 -0.374714249792678
0.00914770524518664 -0.00170856593823574 0.297893545411612 -0.461131944547969
0.00533959200816554 -0.0053718799035392 0.69185571874318 0.110869991713754
0.00504430772623198 -5.92228076194898E-05 0.342244575969277 0.596654455857041
-0.0148588154675242 0.00111323034022364 -0.017971947495705 0.411743117837964
-0.0126649717495016 -0.00220088757233735 0.0698046738537393 -0.077997814762053
-0.00419118116702711 0.000477422899957 -0.21101210280422 -0.423289551401916
0.0127035410552479 0.012139230317475 -0.709241853620771 0.0172100929340957
0.01999469128218 0.00431717995504809 -0.325172045938215 0.655672179287874
0.0269556261184455 0.00143173795339978 0.364769643814843 0.445428981327226
0.018701888667225 0.00713777891471146 0.425347807166724 -0.0261078330849655
0.00631327149824802 0.000777388125760688 0.237069728168659 -0.2103424483184
-0.0042395084139603 0.00329636937619902 -0.0136004528041023 -0.217736763720421
-0.00615167014142791 0.0134182692972355 -0.0645348630204624 0.129787992842541
-0.013295548728304 0.03049007432917 -0.212678799214577 -0.0383450929617424
0.0010600487402162 0.0259154579373291 -0.216086438731119 -0.362072554842489
0.0211461575436939 -0.00612686615876096 0.263618183845828 -0.476353295752386
0.0237019838168797 -0.0107155128516413 0.689548552824994 0.0576339301090832
0.0202956382650031 0.0199783131697018 0.377912178516597 0.567093925033197
-0.0230108210651016 0.0448017855689309 -0.000702418335595084 0.411649547656392
-0.0208303983161375 0.0427161399058562 0.0668192177735013 -0.0720240516570624
0.0131444395184273 0.0252523784845527 -0.194640650335717 -0.429754161528499
0.0334040170236753 0.00178127129548857 -0.70878793870513 -0.0223505539165134
0.0298010711052229 -0.0165727971113931 -0.363093215694196 0.638270165797715
0.0392953709022736 -0.00294312348402489 0.341224054533559 0.472704831316758
0.02848782118214 0.0212454603877058 0.4280929452727 0.00248973707052636
0.00180433339372443 0.0105253324465336 0.244506934459491 -0.198263100921689
-0.0049835149417303 -0.00119044033315468 -0.0113946286059572 -0.213963564724841
-0.00576197681709826 0.0126063660489311 -0.0632658784999856 0.132675389320912
-0.0159570100226086 0.0393640662684599 -0.222967246898414 -0.01664192957389
0.00663888237095219 0.0382087052191047 -0.263192501599269 -0.324370457977319
0.0297134226327367 -0.010798724680973 0.179171903908291 -0.507079308552704
0.0383681927179857 -0.0192471591253769 0.67534287468897 -0.0621082560389429
0.0379698172366363 0.0294504891550622 0.457551966011527 0.493928151973148
-0.0214866931141944 0.0805991941363533 0.0403594846392984 0.419178590492343
-0.0272188039386442 0.0811444819373447 0.0634292929558807 -0.0480420959133906
0.0242651692772224 0.0529752297225332 -0.148219137712534 -0.437688356533227
0.0501433960546725 0.000546342733097924 -0.700400164296052 -0.121786264066616
0.0378635443723684 -0.0312543475185004 -0.457304176093296 0.581006419870827
0.0473942870726651 -0.00726236868098516 0.271244025804609 0.52819201246051
0.0360668540308777 0.0312318731993077 0.426567734848331 0.064646147337308
-0.00143974410654685 0.0196883823528727 0.26133901654053 -0.169109547949456
-0.00643583520526399 -0.00400505413380911 -0.000768113228963956 -0.205952080965312
-0.00630656753492718 0.0100988966700579 -0.0583553108730691 0.137657611727003
-0.0154016587618494 0.0418680385013486 -0.231420949666758 0.0159347479329986
0.00998798225333623 0.0439720623361702 -0.316130277503643 -0.261676371132726
0.0325462835030544 -0.0143390202396356 0.0545984502026149 -0.525018742368965
0.0453680215913536 -0.0317271317966327 0.622206005900608 -0.221154625042042
0.0546976983527275 0.0249115111454512 0.550829239056704 0.377539864744123
-0.00916480877203179 0.101593566727481 0.100518403706204 0.427229849150933
-0.0326849744361831 0.107622407558218 0.0584018827774372 -0.00940705915769565
0.0234062712794474 0.0797812441254726 -0.0861105612407243 -0.436398545894887
0.0605177979433608 0.0100342723185466 -0.665480779311654 -0.267311211136054
0.0454242135874347 -0.0352621317145212 -0.582833497651722 0.47375175899983
0.0535994609340927 -0.00967223827114348 0.152319256904883 0.59196286378432
0.0414118186123495 0.0383089351766151 0.413202161084506 0.155796071342567
-0.00414049004697419 0.0261014272095181 0.283457214238556 -0.125429058560224
-0.00701778290756521 -0.00492241517464767 0.0140885673630865 -0.198310316885506
-0.00535085575625158 0.00683905360830609 -0.0496714641596602 0.145566822801642
-0.0147731399860566 0.0388197330941279 -0.230454029558612 0.05441985142083
0.0101142572467506 0.0441343473266638 -0.358519336902379 -0.180443725723735
0.0269457299129125 -0.0166121187345936 -0.0800949148489973 -0.506477128773476
0.0415220842411895 -0.0419080877249227 0.524149142240114 -0.371924209178844
0.061321940875566 0.0100034221715988 0.615797469913542 0.232246350409317
0.00632689373643671 0.10289548549286 0.168370062958439 0.426197425715781
-0.0359569925744513 0.116826582175634 0.0532084975910878 0.035793501307489
0.0116008585792258 0.095940022815412 -0.0110657164523431 -0.419624187689015
0.0582404593645012 0.029282436814347 -0.586173028609564 -0.420557197746909
0.0496255205151299 -0.0298372028944448 -0.70749335209412 0.306034497447815
0.0520952278111625 -0.00935201121561766 -0.00719479581598779 0.631194148192357
0.0424512858143898 0.0399684480247808 0.379643718369666 0.256031081335707
-0.00497229214614549 0.0287789725863224 0.302250651242628 -0.0737906393205157
-0.00754192457407423 -0.00577383062026942 0.0275991281599574 -0.191218568859853
-0.0036552185751461 0.0121163807456134 -0.0488932883906181 0.123134150882074
0.00394213141339472 -0.015881505461685 -0.209688916349763 0.00758375032335306
-0.0269319166039878 -0.0271698418453461 -0.275834646085047 -0.278501101724321
-0.0264532328168504 0.00538215430196522 0.100960781965877 -0.525645405760319
-0.0378919245199478 0.0202216578296462 0.639634570288736 -0.16629064710114
-0.0424934462608624 -0.024673536221236 0.51315813813438 0.440693075850272
-0.0112302528714713 -0.0846805115919186 0.0655978259042471 0.453808213046104
0.00933615233553174 -0.101610476791793 0.0622159154053432 0.00151232831025052
-0.0376016428831683 -0.0679031357635035 -0.0906303721312968 -0.416645063785497
-0.0484211518201042 0.0281393605837194 -0.674638633544448 -0.218271268883816
-0.0160345633234017 0.0488279029710567 -0.560363986987656 0.505051707989785
-0.00958153910851646 0.0098080356800876 0.18708769348395 0.571618515283598
-0.00864595463838228 -0.0340570687981813 0.422114500790057 0.116994649447973
0.0171784632309599 -0.0283744575893909 0.28105089949908 -0.148307930162737
0.00433145983414119 0.0072319054279129 0.0141744766814405 -0.208308340364463
-0.00368817350414328 0.0119989905478456 -0.0555446535319727 0.122363850308657
0.000116656632698305 -0.00794682713498222 -0.203882872015613 -0.0214786123673623
-0.0191452874277062 -0.0181547123301986 -0.23124872058281 -0.334004568848399
-0.0166302080486206 0.00340254500716916 0.208186033782427 -0.500367742665843
-0.0282657643573905 0.00792637963354553 0.678298890327891 -0.0188495205801176
-0.0263366431122834 -0.0291832591024549 0.426683986093789 0.536151577756493
-0.00485312643248649 -0.0699744866360127 0.0152948336716099 0.436125120096542
0.00395302344340092 -0.07910815476365 0.0672444199439284 -0.0367603666019111
-0.0346254975646717 -0.0466173815170293 -0.150359590110808 -0.42112467777043
-0.0302031463308284 0.0322591687060292 -0.700454637192643 -0.0930928489863266
-0.00215377597243037 0.038999576379637 -0.443431173246209 0.59544663139713
0.000633203441479714 0.00797113120436256 0.289498688693699 0.510670572367677
-3.16272275145773E-05 -0.022424452362196 0.429820912574302 0.0373474437805463
0.0152610130701176 -0.018765715772112 0.260348474283529 -0.184719390377807
0.00213407661384463 0.00754691585406565 0.000637048160678255 -0.215498621519753
-0.00442799049854171 0.0129857891715918 -0.0606042420001938 0.123822472746297
-0.00418995590289904 0.0039409651595518 -0.200480363407512 -0.0409133910378101
-0.0122710204901222 -0.00504868939530338 -0.199588416339956 -0.366716186832959
-0.00365223980520774 0.00137202814291859 0.279767775317967 -0.46837382211812
-0.0132678091282157 -0.000662850807277581 0.68657098940972 0.0830525978527626
-0.00897522858786949 -0.019477670101433 0.357196689962721 0.587640304267883
-0.00613830776947803 -0.0397026607662636 -0.0143478342290859 0.419706434886433
-0.00416421359215918 -0.0448248579128713 0.0699132401906634 -0.0645477394441372
-0.0225262335232324 -0.023805165417786 -0.189602257092826 -0.420633164652323
-0.00833497564111145 0.0251411797159027 -0.707870721225996 -0.01279022166172
0.0106608382773278 0.023313441286982 -0.357263307166305 0.640890797873619
0.0142349819959261 0.00461219429707922 0.344691908484597 0.460141361939882
0.0079298697647898 -0.00859983649893263 0.426877098398998 -0.0110192027865497
0.010756131955093 -0.00928004365874362 0.244288575276855 -0.205427345848548
-0.00152725260838778 0.00571122134104345 -0.00847242365378967 -0.218280514324612
-0.00532066701470729 0.0136620981463729 -0.0643405613957413 0.126866100786719
-0.00943932843873743 0.0184826906818079 -0.202780882117795 -0.0469405131164291
-0.00543526097640259 0.0110989288151352 -0.19204683362862 -0.37616528560725
0.00930073839495484 -0.00159763651163121 0.299326842717034 -0.458302669125528
0.00482394893944783 -0.00559805738833206 0.687418831248918 0.114191534386726
0.00510080760714608 -0.000421895225979289 0.334416800525882 0.596108953924492
-0.0155398156568399 0.00124099907884096 -0.0202451325807439 0.409581620252413
-0.0128105203669951 -0.00174118486435134 0.0702191965680018 -0.0767948782002743
-0.00422487255142345 0.000436131027159374 -0.205832671001131 -0.424115261002651
0.0132427713028138 0.0123795360175405 -0.707449068898859 0.0124776688195641
0.0203048745049166 0.0037416708333287 -0.328433538068862 0.65124865567573
0.0271346253177346 0.00114549786371087 0.361903105199832 0.447082603853031
0.018813773090005 0.00627932339971752 0.42503145843096 -0.0230118417934133
0.0066404329683658 0.00105121720583657 0.237658724148185 -0.209831802036136
-0.00395618472884385 0.00191831094515781 -0.01244602980902 -0.218203905485253
-0.00560030976777782 0.0131432514471739 -0.0664703924506525 0.12953063645841
-0.0133579949234845 0.0308729997898365 -0.211646967544941 -0.0400959015030081
0.00100375559071903 0.026074161455513 -0.21363644142143 -0.361342346770598
0.0217976210971465 -0.00612925882230883 0.264547944194983 -0.474585523385441
0.0242306966676491 -0.0104219033160505 0.68553593330839 0.0612093326085976
0.0194211206035244 0.0196147839369846 0.371218351318618 0.567181414743818
-0.0233706305459653 0.0442994029100359 -0.00142963115348546 0.408501178069035
-0.0208076579400272 0.0419565849342569 0.0678977340212662 -0.0709258857028149
0.0132724997636146 0.0258041042461788 -0.190836787381036 -0.431272350046211
0.0330689000920624 0.00164969312203992 -0.706154255502894 -0.0270394049099266
0.0301491385259454 -0.0150759900911572 -0.36363638979204 0.634025445381231
0.039174087836693 -0.00328533448738806 0.33542050859806 0.473015517085671
0.0277848319846504 0.0206037431789852 0.426340858735801 0.0041367813134455
0.00209477881743281 0.0106455466955618 0.245709726147443 -0.196517647376714
-0.00503472243605004 -0.00159476495679687 -0.00925638553409344 -0.21389890776272
-0.00580142992255777 0.0124588977485873 -0.0644819855665439 0.133110794458476
-0.0152646369373927 0.0389254750383392 -0.222183377037861 -0.0180097806358343
0.00602082538352546 0.0376542340324786 -0.261235218308293 -0.324076599245617
0.0296498848189642 -0.0107240482694468 0.18123248464314 -0.503829344306351
0.0383457509883121 -0.0196784393317508 0.67226138990397 -0.0592305254028631
0.0377235712748253 0.0295807576862481 0.451476335233885 0.495813409980321
-0.0219637383054768 0.0809298434186648 0.0376218986437017 0.418289145228831
-0.0280721207227424 0.0804752721827947 0.062816748688467 -0.0469751903843336
0.023540511200362 0.0527829528868579 -0.146748618775286 -0.43778769823095
0.0498445774334792 0.000204558528128566 -0.696332010469292 -0.126369917629975
0.03815602813529 -0.0300772235444648 -0.457358246379427 0.576647842649404
0.0483067922474509 -0.0073579559508755 0.267015403514009 0.527976138578602
0.0365383041230786 0.0323275066734577 0.426175392891817 0.0661110021343896
-0.00173070600026421 0.0194468960182198 0.262685446180216 -0.167315249066562
-0.00644975952040866 -0.00436517443396192 -0.000386944251204375 -0.206770374406316
-0.00595788747007578 0.0105861685342645 -0.0600870913202427 0.13744429679858
-0.0164227844781927 0.0419837290675855 -0.230185410795966 0.0153537953097459
0.0093525983411295 0.0432730192168083 -0.314356740548865 -0.262657907372888
0.0322999409138749 -0.0146914703672488 0.0561711860448922 -0.521261623415623
0.0454210682232072 -0.0314300684567344 0.622218059320935 -0.215856056429359
0.0546896424012313 0.0250760503460184 0.543791424572533 0.378662124578081
-0.00989506592167003 0.101330429772015 0.0981015043479758 0.424381764331552
-0.0334075175976597 0.107730506511943 0.0581126845394836 -0.00978861344128826
0.0219991087725919 0.0793775980885238 -0.0802870183300168 -0.434382043133135
0.0600049800070249 0.0112640425192687 -0.66113026732281 -0.271070564820629
0.0456117012446499 -0.0356333251504786 -0.586569852571442 0.467096861242549
0.0536827424449923 -0.0100141633407622 0.146239978100522 0.590312680604852
0.0410067341061552 0.0384934738395359 0.410803494956636 0.158485488511009
-0.00383034330016471 0.0263044092362284 0.283449361220533 -0.123990948262712
-0.00724099323705261 -0.00559999935196245 0.01464338814885 -0.198201343864109
-0.00491597968712998 0.0074106505150234 -0.0506263156717715 0.145053625327585
-0.014979942548727 0.0385288342087375 -0.230409775652456 0.0528097208998781
0.00963903798746836 0.0442632563132908 -0.35693046480026 -0.181702191339076
0.0277432783795582 -0.0165335682055815 -0.0783777730328607 -0.505909780902388
0.041457227156444 -0.0411105781989902 0.524565400802226 -0.366555835242311
0.0610501179667267 0.010766625191148 0.613075756393197 0.236110607530971
0.00477771015752039 0.102567312886856 0.166233474984933 0.424063006792478
-0.0363608728560367 0.116829795968166 0.0517884230249063 0.0355955374845673
0.0105162062367019 0.095528986486295 -0.00714100593800482 -0.417329304140927
0.0580021113194939 0.0290497958627269 -0.580091642059003 -0.424929383787676
0.0501545647331799 -0.0289524018628423 -0.706303970845462 0.300919786497207
0.0532103916742543 -0.00949288522360928 -0.0111967398795604 0.628301721361069
0.0419269063086968 0.0391993785575141 0.376336658500502 0.258610099438539
-0.00448937836300702 0.0282616880899378 0.302101977449769 -0.0714217400743845
-0.00740210391508916 -0.00653245241608603 0.0287531815312937 -0.191087171588872
-0.00374298583752426 0.0125397757516249 -0.0505959509872108 0.124451096890158
0.00464048167737195 -0.0161018426526376 -0.209094310436011 0.00622812897633668
-0.0263196877152547 -0.0272554379366521 -0.273303949750656 -0.282083243541049
-0.0268610944928362 0.00510634704715766 0.103926867937879 -0.525999436480647
-0.038647967918005 0.02019628952793 0.640148684807226 -0.159567015995355
-0.0419261229833947 -0.0255769147896825 0.510286959553417 0.443980396257569
-0.0110671419561726 -0.0841686977141578 0.0610481361649163 0.453265543271169
0.00974717871116782 -0.101411390913693 0.0623661575461624 0.00217545014701083
-0.0368433985666906 -0.0694068040412055 -0.0874062096920748 -0.415545798817946
-0.048441046190909 0.0279465859470904 -0.669293231927834 -0.223917312559644
-0.0167752626300224 0.0486576919292314 -0.564452062373175 0.501849239760168
-0.0101643546775848 0.00908487062096065 0.181826532776098 0.572799264424785
-0.00788356478434197 -0.0344500584074335 0.420778482565864 0.121553477135164
0.0171112685584835 -0.0278064602504205 0.281939638289788 -0.14598596063491
0.00431216569833979 0.00605923518793439 0.0156707548588645 -0.207516503647711
-0.00368669893731845 0.0121807099405296 -0.0557933353676739 0.123230612865219
0.000267210699770025 -0.00786509573983524 -0.20305700852692 -0.0225098156559033
-0.0195349109946632 -0.0183541287257938 -0.228335961522357 -0.335204355135046
-0.0157298734877375 0.00409622311397281 0.211999021366345 -0.498868493267114
-0.0293892934942302 0.00782346485542608 0.678836762674429 -0.0127868802852485
-0.0256528360540534 -0.0295212790375525 0.422281229500045 0.540783304786425
-0.00261501449184147 -0.0704356131424238 0.0112576332556895 0.436100829637649
0.00450028894402291 -0.0792694685765375 0.0672276849296443 -0.0363480837516983
-0.034869186297783 -0.0479137882367292 -0.146620607858129 -0.420252254933301
-0.0302502291792353 0.0311516627452961 -0.700313888791678 -0.0975102380407883
-0.00238054389458505 0.0388373977838784 -0.446372937711035 0.591347263508053
0.000800373283976512 0.00715183338528394 0.286566742040314 0.51158180306442
-0.00109484899579275 -0.0234346508960543 0.429893314610444 0.0399972032293107
0.015012877314873 -0.0189381102380724 0.261672353721831 -0.182840478693449
0.00201307779635366 0.00750141803596167 0.00272594972460276 -0.215190996099436
-0.00388331591329842 0.0126079801943651 -0.0615891036960844 0.125599887626175
-0.00497197673246066 0.00423447170071374 -0.199631045722837 -0.0425947076435726
-0.0124512498394501 -0.00528869854517404 -0.195138428312026 -0.366989663921884
-0.00391909196510293 0.00193975967208802 0.282475294844043 -0.46753007634053
-0.0130761027258588 -0.000773989482069385 0.686285711952371 0.089317972162632
-0.00879866820350243 -0.0201294078862397 0.350878894925182 0.589619815112049
-0.00523943642062937 -0.0389626268494368 -0.0162075221140313 0.418900902280643
-0.00408515241099097 -0.0439906913420307 0.0696318532278414 -0.0635500945662297
-0.0224592747237262 -0.0236461389507177 -0.185635041413783 -0.423042685528984
-0.00936108639115878 0.0248033896520829 -0.705908795727414 -0.0168806403985447
0.00929357002232492 0.0228180683157539 -0.361857979605843 0.636056983666928
0.0141598241078636 0.00476061708368126 0.340701406390984 0.462528665029091
0.00845578526242651 -0.00854454311402335 0.427112990774897 -0.00912260642973694
0.0117919197603173 -0.00945879824664706 0.245100603551953 -0.20420110245217
-0.00121726355986088 0.00499955642346895 -0.00689045766183379 -0.218911855520719
-0.00483724634169418 0.0139006633954161 -0.0650630936374405 0.127865009812101
-0.0091765388059745 0.0179695823984343 -0.202497904971014 -0.0486972450067381
-0.00556380023013936 0.0107843572081786 -0.189683524719685 -0.3768117644324
0.00951472382173247 -0.00130650548769859 0.300669591175996 -0.454628567812665
0.00508685054375053 -0.00464152167436076 0.686263583071756 0.118684037381628
0.00543722668898516 -0.000696714887142281 0.329973821508361 0.598559105934733
-0.0160468832947617 0.00146856231663947 -0.0227506706923954 0.406490420291351
-0.0126530837743725 -0.00165802766054066 0.0706049917331866 -0.0757292795882198
-0.0038074640418638 0.000338770305815294 -0.200476714587275 -0.424484803196376
0.0124984493361561 0.0126757960343071 -0.705492004343852 0.00732462402921755
0.0206617790179227 0.00387190981189297 -0.333448105387492 0.650038554114641
0.027459847853103 0.00103528963924596 0.35701494010555 0.447913714372652
0.0191023594253393 0.00615265007514715 0.423323978041683 -0.0210792047815909
0.00565495529801245 0.000281744042479171 0.23942414357433 -0.207925658276628
-0.00414084595432337 0.00224782090000543 -0.010417682997757 -0.218589731574433
-0.00555232705356064 0.0143581102815945 -0.0668110290620451 0.130576617537135
-0.0132673152120818 0.03069880747821 -0.210126501821374 -0.0413194811893912
0.00103507161393237 0.0259444921852141 -0.211169513307648 -0.363366638957919
0.0220734238428683 -0.00594893281615669 0.26773185184786 -0.472379030711488
0.0233326910875782 -0.00991139229732007 0.683603245557414 0.06755433807922
0.0194813966719145 0.01857708618695 0.365637772686552 0.569649300621556
-0.0234439917470413 0.0449763077271648 -0.00594792536021916 0.407391423971692
-0.021155830739202 0.0423810713737461 0.0678256818024277 -0.0697314750672156
0.0125185802597499 0.0255257306071423 -0.185889914039671 -0.430496497844732
0.0332019672239947 0.00183719568280186 -0.70665884280355 -0.0319977737691451
0.0298369591212129 -0.0154646950188136 -0.369908629577209 0.631403681379263
0.0390505626796446 -0.00239257789764686 0.332221295212095 0.473477522388903
0.0273425414782712 0.0212142268052908 0.425265194899459 0.00646169808740946
0.00103065435676817 0.0101832409463104 0.24664931015569 -0.194669171109796
-0.00597765796696592 -0.0017361326220327 -0.00737918116099784 -0.214356299700588
-0.00588621651131189 0.0128019760243548 -0.0661394083976646 0.133201970230858
-0.0157487250080749 0.0394883061315254 -0.222195310470839 -0.0192890777981729
0.00636307944476468 0.0370887247328269 -0.258185274666589 -0.327699033684372
0.0295900984316356 -0.010719980897484 0.186393260326956 -0.503441406398154
0.0387270047997621 -0.0189837978789939 0.672305770277917 -0.0535573001774062
0.0373799202821753 0.0292371408505293 0.447887571199663 0.498133831447179
-0.0224873692154489 0.0803807175809512 0.0332481988884891 0.41598898413076
-0.0281809833429979 0.0810717993189555 0.0638938000906645 -0.0457638316737684
0.0228041163457894 0.0525697167357855 -0.142321058976626 -0.439576583709417
0.0497294785025418 0.00046865115509785 -0.693419547184397 -0.132513522373556
0.0380145736140646 -0.0307968847810134 -0.460944696065272 0.573207911992519
0.0477897150216187 -0.00792506618381654 0.263003998289403 0.529797699281997
0.0365538623591099 0.0317562466246421 0.42595289588472 0.0683714555774861
-0.00236303127445552 0.0199273110779571 0.264033605491701 -0.166616076716864
-0.00698172900520317 -0.00405163784211638 0.00260097736129295 -0.207645466086855
-0.00558415818220094 0.0102999534676553 -0.061749652128551 0.138501175779375
-0.0162395102954452 0.0415878536465958 -0.230475039507233 0.0134052479065043
0.00978684028229771 0.0440207582920115 -0.31321939117378 -0.263225900879913
0.0328344239562942 -0.0147690721592491 0.0590333950043304 -0.519840395086635
0.0459705894490063 -0.0312601469902456 0.62110892497857 -0.210124467946932
0.053771258052245 0.0259251592035792 0.539950758781229 0.381721195851638
-0.0111820393497079 0.101391585251796 0.0921133746344163 0.423409925339365
-0.0343385331031778 0.106650855062498 0.0587343327124647 -0.0083537493977943
0.0220765363254193 0.0793119547295707 -0.0749039200789317 -0.435854294556325
0.0594953361742753 0.0113137065375169 -0.657286101495976 -0.275569873219601
0.0461333459879984 -0.0349596820278272 -0.589393960153304 0.461883940692081
0.0527788742229341 -0.00981487846728925 0.14195245896701 0.589555459745158
0.0408450532251715 0.0386752733658372 0.411921758765253 0.160681717320552
-0.00453510213946172 0.0262800814892159 0.284860077068789 -0.121878427213646
-0.00747455717486789 -0.00540846966146096 0.0163360041432256 -0.199473418843609
-0.0045435627818976 0.00757832553378325 -0.052265704445304 0.145697340365193
-0.0149136660507222 0.0384593672706264 -0.230227358386881 0.0519987009184144
0.00934508518284508 0.0436287083464734 -0.356031467086908 -0.184376364485787
0.0280096121534691 -0.0162770206917383 -0.075203639228954 -0.506863626392748
0.0408107136160455 -0.0412997089593227 0.527353265480065 -0.362827095674243
0.0614629661207785 0.0106415578342615 0.609553807096003 0.237004416887317
0.00437706143263283 0.103493521642901 0.161121773665428 0.424105052249198
-0.0374619819965083 0.116319246562687 0.0518475852986121 0.0364305641498065
0.0097217415244013 0.0958351051465056 -0.00290861501375424 -0.415997740370028
0.057230302269483 0.0303245834376695 -0.575993721341082 -0.428842619521331
0.0497660358007668 -0.0288147230456936 -0.708227858799333 0.294279395654136
0.0532270104930205 -0.00891231819988714 -0.0154492944928629 0.627922597374402
0.0410194918164363 0.0392086102115149 0.37582138878103 0.260744355211494
-0.00497768185988553 0.0291265434797214 0.302547321550491 -0.0710010500801029
-0.00691073251625046 -0.00582676693784056 0.030920918667634 -0.191782891769836
-0.00329367122845758 0.0130118293477123 -0.0526811830898308 0.124940919581359
0.00416563142716747 -0.0160167117510946 -0.209653156226337 0.00527416329408711
-0.0262942908587338 -0.0282156668423088 -0.272279038953674 -0.283917653372602
-0.0264475108026493 0.00479862270699729 0.106244883943192 -0.525281690516394
-0.0385443926036934 0.0195054716477125 0.641968381670448 -0.15608325133906
-0.041949730501469 -0.0263448082768963 0.507938668458309 0.448836489107258
-0.0107531044566323 -0.0843976687257999 0.0563384936408151 0.453746149478066
0.0112059009283145 -0.100633318182425 0.0625719782578606 0.00324182182658428
-0.0364405277136884 -0.069302307433475 -0.0810234183650714 -0.41628278884339
-0.0481981011831207 0.0266168775679442 -0.669592555984443 -0.229474134494863
-0.0174208628910135 0.0486687978301577 -0.568916003585424 0.498071375222975
-0.00947306844503619 0.00943430556691209 0.178482079010052 0.573918728541009
-0.00792272643026889 -0.0355272124836916 0.422270741621131 0.124339524594759
0.0171342765330642 -0.0277835684484442 0.283891028147432 -0.144982634893493
0.00486158049517459 0.00765972525906156 0.0179462759856781 -0.209071895578778
-0.00379337734090771 0.0125299636071976 -0.0579134885545297 0.123893565705432
0.000693356299118922 -0.00844826109627825 -0.203716188407433 -0.0238478528807448
-0.0203480140818159 -0.0189028821398352 -0.226969829434269 -0.338060545050565
-0.0154595158748087 0.00310107325783411 0.215120397419565 -0.499375840822892
-0.0292075378567436 0.00756459376844 0.678129584176818 -0.0060095064509527
-0.024938666227079 -0.0301062290000662 0.41814629652206 0.542309714449845
-0.00382680003002374 -0.0698229801510937 0.00780658410841225 0.437073008562388
0.00567722383531997 -0.0786455647551985 0.0674893802366899 -0.0351401915012218
-0.0337367952323247 -0.0477095339258815 -0.142209503874538 -0.422929136607114
-0.0311971008705399 0.0309530636450758 -0.698472372620727 -0.10441207163863
-0.00292294985925707 0.0390170256399684 -0.450491895396303 0.588515693392577
0.000842502954383452 0.00745340351347795 0.280762097965152 0.513861614165639
-6.78832053136067E-05 -0.0235824894879071 0.429830971388908 0.0421918555114076
0.0152866772553264 -0.0188987173685854 0.26454112006778 -0.182557330243982
0.00155969379510905 0.00765435026067346 0.00437860197399787 -0.21590218051521
-0.00388090183504988 0.0127062687462943 -0.0637360400093163 0.126741605111849
-0.00449044699329193 0.0044184839970675 -0.199012315213991 -0.0431384388815393
-0.0120807765538276 -0.00471342654085023 -0.194768231141043 -0.369139724120536
-0.0038082696730726 0.00130174567367158 0.287301130819571 -0.464954825065573
-0.012430319189523 -0.000620107004201212 0.685031027714026 0.0940953131392496
-0.00858338542255905 -0.0205164461604221 0.346802548460117 0.593953928624381
-0.0053178593131617 -0.0390660562163888 -0.0206920353653155 0.417639867406358
-0.0029552219318327 -0.043632660511668 0.0709232218771913 -0.0638261218929497
-0.0219818784474618 -0.0244532133573191 -0.182743228473042 -0.42327775997087
-0.0092929193512717 0.0248549639742364 -0.707302969231295 -0.0227648086277398
0.010093793604188 0.0237372913026121 -0.365635857286097 0.635276117098485
0.0140918519222669 0.00427623276207562 0.33913865987363 0.464896466534815
0.00872497832558656 -0.00934294438674992 0.428231404534523 -0.00649818055020196
0.0108890496405676 -0.00907511152753828 0.248074584426053 -0.202366362588342
-0.00218801641729536 0.00580631584322511 -0.00412347012311563 -0.220023678671205
-0.00458731876626767 0.0140242917494041 -0.066678412529459 0.128381253803604
-0.00958866651041527 0.0180703415381663 -0.201822662526352 -0.0502542494962581
-0.00515422069702703 0.010969871772835 -0.187618771352427 -0.377750128578623
0.00932581992991131 -0.0021226213408757 0.304638475631072 -0.454005906005935
0.00504757995401846 -0.00486199191183416 0.685812578567005 0.124676967436767
0.00533686371151602 -0.0012148347399586 0.325906553028434 0.601706243948922
-0.015045484771083 0.00169227739179595 -0.027068143610084 0.40705728056742
-0.0127903078854106 -0.00171171451208288 0.0718753519322585 -0.0753150350847648
-0.0043567525618114 -5.93960777814759E-05 -0.19707741049662 -0.425613051290294
0.0131760936517537 0.0121021610601606 -0.707361386303206 0.00108940264294233
0.0206632693150311 0.00362684202066101 -0.337268019276149 0.64784863447543
0.0272526137828032 0.00131442283161585 0.354215188375458 0.450215291675413
0.0185206506143064 0.00600504569102795 0.426431957545979 -0.0191649493124365
0.0059458249731143 0.000446761852881283 0.242614396109981 -0.206603295845161
-0.00344104646634515 0.00258878936700015 -0.00894985281183847 -0.219702254221106
-0.00509323696845495 0.0149979955993511 -0.0690020106626643 0.130969076785922
-0.0130835655798492 0.0313711302815309 -0.211254709011823 -0.0424391076376422
0.000415263657259878 0.0258705089271947 -0.210349997985529 -0.366433016970712
0.0209128861788818 -0.0060281845897358 0.271283038733092 -0.471384606500509
0.0241430853132717 -0.00967671712038403 0.6865441489105 0.0713910089902653
0.0195180212513586 0.0189331339714346 0.361773587616782 0.572353290837251
-0.0242410892538888 0.0450905807681309 -0.00949935078785078 0.407243466742526
-0.0215467208150218 0.0420037606315631 0.0685658221956635 -0.0690856242492629
0.0129566120296628 0.025280884807833 -0.182493041963055 -0.43375430294426
0.0326960301976307 0.00210264236574018 -0.705725322880113 -0.0387641182921129
0.029558632342758 -0.015740537534204 -0.373846523934138 0.629101237131712
0.0401798668781378 -0.0023678067797546 0.32938269952362 0.475614546081935
0.0282035998801321 0.0206571298449492 0.426255149551249 0.00888450233738234
0.00127380433102084 0.0112058606042356 0.248649759510981 -0.19389828140415
-0.00520522200792639 -0.00093084618897849 -0.00510396888899288 -0.215058468184597
-0.00605166732528886 0.0124078095496656 -0.0675627138877621 0.134571492263354
-0.0160791412631349 0.0395813042453829 -0.221673221712805 -0.0206821070455861
0.00608619253672633 0.0379297485974566 -0.256718863544543 -0.327300384407896
0.0304350545252971 -0.0106834974119596 0.187513115516455 -0.501840852333223
0.038545704577631 -0.0187571586950884 0.673989791780739 -0.0489347168599714
0.0371672646058658 0.0296351112967779 0.443153888618676 0.502082741782143
-0.0230898690147996 0.0813250323183582 0.0313599272914507 0.416798993334626
-0.029669607195282 0.0801101217949361 0.0645492664136189 -0.0459352727248312
0.0221775079855743 0.0531130666939426 -0.137284327804764 -0.440262389898753
0.0500120665170158 0.000832563365066768 -0.694810728600715 -0.137921653771475
0.0388751054965268 -0.0300367388498378 -0.46538739733542 0.569892625106495
0.0483545422467784 -0.00742253288531606 0.258355036674947 0.532312677437265
0.0356394383249623 0.0319628318811272 0.424444122281335 0.0730855863534339
-0.00237415003443251 0.0203820405820578 0.26557298288145 -0.164840427274145
-0.00660347121630744 -0.00431970716182731 0.00290517497180422 -0.207759250960101
-0.00520607729557704 0.0101611997574052 -0.0619309095246143 0.140466150377713
-0.0166687268810004 0.0417841213525104 -0.23105651742662 0.0120432421133498
0.00923379977009942 0.0444220757748703 -0.31049433898284 -0.26632502540698
0.032734979757428 -0.013926754615918 0.0632031817203947 -0.521346671049109
0.0453864123316628 -0.0312378253230774 0.624033265142599 -0.206322739854973
0.0531233306499379 0.0256646081739839 0.536882002472405 0.387321891066107
-0.0119941066753623 0.102710775544882 0.0885218980762959 0.425869814903227
-0.0354380023910384 0.107027119539332 0.0584108363897402 -0.00754401544439554
0.0212249221811726 0.0792359054321113 -0.0731159663557656 -0.436501946934118
0.0600530038938166 0.0116405370375427 -0.6555029834959 -0.280108965707683
0.0462065896399943 -0.0350476054392035 -0.59308395418344 0.458788916827672
0.0535070543537003 -0.0093815161289678 0.137049296795167 0.592729083927314
0.0410241361510939 0.038284435459562 0.411003694143625 0.164605880126457
-0.00536489209311119 0.0266328734287656 0.287646710101656 -0.121538493466591
-0.00746355971976194 -0.00653302358657995 0.0176747406065142 -0.20005181640672
-0.00435638099093711 0.00733616118596174 -0.0536405556452509 0.146410397044725
-0.0157386402085221 0.0383122150928608 -0.231398264750995 0.0514324700015053
0.00911919521254588 0.0446667716874074 -0.356410464712344 -0.186459101409325
0.0280594546242838 -0.0165481054825448 -0.0716013541110678 -0.505862253681016
0.0416479802184527 -0.0400844252496683 0.531030894234262 -0.357889739666596
0.0603623274221926 0.0118063939841944 0.608712087932454 0.244245471151153
0.00317724718379913 0.103627079108115 0.159295025361833 0.425299729612706
-0.0393993717601008 0.116888868182518 0.0518156181958577 0.0367852842962918
0.00857031684824346 0.0956327032777774 -0.000255615349477244 -0.416329440833888
0.0574512758193506 0.030632021742577 -0.574338352653956 -0.434777042109686
0.0504661533165163 -0.0286619171741896 -0.711576467525019 0.288923293949626
0.0526147533977641 -0.00977688064210561 -0.0207794820465698 0.62780209994221
0.0402564414291681 0.0398843264615371 0.3742302622942 0.265004025356332
-0.0053278969414162 0.0294093970662763 0.303704719112298 -0.0686619984976979
-0.00755346640634108 -0.00692545104805873 0.0317374356495162 -0.192515864540205
-0.0037051362223646 0.0133716799123775 -0.0537865180088233 0.126901832765784
0.00449827381395903 -0.0158696701229939 -0.210912829890308 0.00342110257594803
-0.026241917255474 -0.0280664093341263 -0.270771241984862 -0.287386891346058
-0.0260666536594093 0.00430167394995067 0.111709525978363 -0.526966737510242
-0.0392337049148436 0.0203062404007997 0.645952473391515 -0.151476358038455
-0.0410241508823294 -0.0271189566026402 0.505411565199895 0.454845525439742
-0.0101636118806714 -0.0847125218985973 0.0539310925579326 0.455554289561499
0.0113840460226879 -0.101562583619279 0.0628049728375416 0.00346013270835832
-0.0355818420692834 -0.0703799884221578 -0.0779673169523154 -0.420325476711666
-0.0489626404657342 0.0267474373765131 -0.67027278597039 -0.235232279683202
-0.0174289289204683 0.0482899483156174 -0.575393817414881 0.495892844130625
-0.0101510344037705 0.00850879269066171 0.175357326138974 0.575951061003023
-0.00716858115150471 -0.0354963906627536 0.421537337319451 0.128289344479784
0.0163244711178479 -0.0278276061606535 0.287284691905182 -0.143840293655497
0.00453228395613216 0.00720090287700791 0.0193900800383219 -0.210282263483733
-0.00366515808714099 0.0133474630463096 -0.0596607915107492 0.125690443652444
0.000564785076412979 -0.007670662362469 -0.204070774869598 -0.0258899600194102
-0.019307167289016 -0.0193117948354061 -0.224075005997837 -0.34079263707559
-0.0160283378258869 0.00392977711369924 0.219536377831629 -0.49939928725294
-0.0282542972457468 0.00860833739697136 0.681605210676343 -0.00329856293074608
-0.0243550864833167 -0.0298219069107574 0.414923225536976 0.548898627494889
-0.00252234776980045 -0.0697332835051626 0.00509224534326609 0.437944939348756
0.00556794723907282 -0.0789965020004687 0.0679507145965739 -0.0347128359783573
-0.0329285491209506 -0.0485869714687989 -0.138618164699444 -0.425542476354936
-0.0311519111376358 0.0304459153594193 -0.701329763015348 -0.109946608640973
-0.0030650440440023 0.039006771922883 -0.456294357075147 0.588114527742605
0.000736211623787423 0.006726657169975 0.27951670876255 0.517387846513947
0.000281012666443022 -0.023429306761924 0.431651871620475 0.0472085406665378
0.0157273222128422 -0.0187150066286768 0.26694659417028 -0.181657101577635
0.0022722082647119 0.00791311758621723 0.0069300871712444 -0.217108165324334
-0.00381704045741334 0.0132575382422943 -0.0653339431928161 0.127207365888709
-0.00421669269350337 0.00377619009480305 -0.200170659727237 -0.0451527210123293
-0.0121496641542961 -0.0047815033759768 -0.192290964118235 -0.372386674583698
-0.00355372962067014 0.00131296951588524 0.289717361889615 -0.465308870694085
-0.0140589399675634 -0.000480126822909608 0.687014586621254 0.100153901499489
-0.00771264404218788 -0.0207673113532348 0.342552492584777 0.597894563175514
-0.0049766896690009 -0.0387772489898563 -0.0239724309455712 0.418612458775551
-0.00299631606016973 -0.044671932728041 0.0717722206959602 -0.0626584664479321
-0.02241492003899 -0.0249259773461442 -0.179275352875702 -0.426893476727375
-0.00990649934808934 0.0243339106852477 -0.709221863029401 -0.0292326426260308
0.00975004479521083 0.0234308423497643 -0.373064237615964 0.635177800577038
0.0143986607299078 0.00453521191338653 0.335968177734951 0.467964189415172
0.00932018412075763 -0.00908564394360322 0.42946498662338 -0.00312087260717055
0.0112442574396343 -0.00999383357002694 0.250678963530942 -0.201500854833239
-0.00118183556954149 0.00540154823091245 -0.0027041315450844 -0.221399215924009
-0.00508863957197386 0.0140168564219771 -0.0678410250616145 0.129627504118181
-0.00972774182342011 0.0185001493325721 -0.202543561516304 -0.051466858339852
-0.00570375971109099 0.0114879481503013 -0.185675121424531 -0.380475987385514
0.00983673710651807 -0.00135417597439392 0.31087757955882 -0.453628947146311
0.00514892552878963 -0.00518910350041189 0.686853217612592 0.131240191919224
0.00563604460279165 -0.00128432110759094 0.321294757714252 0.604059359520368
-0.0163693870079077 0.00235776118848905 -0.0291902589962845 0.406998943606988
-0.0127341047946804 -0.00137293194577208 0.0720038901160331 -0.0747144470447263
-0.00446696587650125 -0.00122322155508602 -0.193812126462738 -0.429641712401943
0.012857822706633 0.0125948755165075 -0.709027013857228 -0.0036112583822145
0.0205624808827162 0.00424344431850561 -0.342556723882379 0.64765669170841
0.0276586796674962 0.00119458374326422 0.350823351519762 0.455956325421862
0.0185515072216412 0.00647728665391102 0.428202052593632 -0.0154415343937802
0.0060420323925714 0.000322302730847589 0.245116588494425 -0.207272177805221
-0.0035457960391555 0.00244408296695208 -0.00705770761526402 -0.221979725588381
-0.00532000382887421 0.0149102704686945 -0.0702240469568299 0.132453634376053
-0.0142639457736845 0.0313200378953996 -0.210612186615387 -0.0446886488733877
0.00091953756440856 0.026137115071316 -0.208524656441951 -0.369311898579171
0.0221212339087761 -0.00630428069463436 0.276388139736417 -0.470408966713705
0.0236708705329236 -0.0101553634368095 0.687487357576198 0.0789476485170449
0.0196111785218332 0.0188410058487273 0.356480692530276 0.578175179761463
-0.0251557319271226 0.0449964724223236 -0.0129866530845745 0.407659286744748
-0.0219731560315639 0.042818068976744 0.0694795978544455 -0.0688407653842341
0.0120501328497662 0.0256331813660033 -0.178843376931749 -0.437147384070799
0.0332162337512273 0.00219739389584749 -0.707751899132823 -0.0442068813964625
0.0300233115734169 -0.0153059405457626 -0.380422258298945 0.628159749080002
0.0400779632627969 -0.00353334022536234 0.326612033225993 0.478209620682412
0.0280799422454119 0.0206300126758076 0.429548524355088 0.011732005482364
0.00103740226021362 0.01129620988475 0.251274335063799 -0.194052248144539
-0.00458123013042021 -0.000742074538063967 -0.00372435581269121 -0.217688384358939
-0.0053815610755544 0.0125278065842897 -0.0689885608107674 0.13542204818241
-0.0164604055318393 0.0399267941998527 -0.222189442983526 -0.0228708893931463
0.00616170959991438 0.0381678921034491 -0.256038102317567 -0.331945964591499
0.0305424053954979 -0.0108080168174107 0.192663434744837 -0.503068205234
0.0390651175221333 -0.0185445073451815 0.677007853100542 -0.0422932150685836
0.0370483736486348 0.0299507682091042 0.438717332774696 0.506503911865562
-0.0244836112120743 0.0817459885563294 0.0264273794788657 0.415644427158443
-0.0301469849551756 0.0806556065827832 0.0651417451873887 -0.0440674966222178
0.0216961216410406 0.0526809537432165 -0.134662905527326 -0.443541996834548
0.0501635294371856 0.000889309335455784 -0.69624463649129 -0.14205281770101
0.0387488599293083 -0.0296999409701486 -0.472513949573485 0.569341221295697
0.0493194350908216 -0.00701176928206064 0.255975424237478 0.534757619541926
0.0365649840534747 0.032327757936851 0.427311395740474 0.0758172700652464
-0.00305451443377971 0.020365021501753 0.268546467986457 -0.164295277904924
-0.00689145316206648 -0.00413617033308804 0.00578713527962356 -0.210044728942592
-0.00491424479415283 0.0107974789997533 -0.0642113794135919 0.141323700090319
-0.0174553870334132 0.0421468593308595 -0.231351129820384 0.0100780840559908
0.00928397195576235 0.043943181084465 -0.310980069772572 -0.269987649704728
0.0329891191588859 -0.0143800055991952 0.0690143717647543 -0.523089309739906
0.0461678863672821 -0.0305873561103276 0.627274057986877 -0.201916338834297
0.0533172776180603 0.0264196607345606 0.535452509500291 0.390959890015624
-0.0128855594640045 0.102415976966274 0.0853360437000732 0.425304048227663
-0.0364734436152249 0.107323116867211 0.0589230615664111 -0.00720547658280097
0.019867331088458 0.0787669633429004 -0.0672596407896351 -0.438764329501505
0.0589469889615491 0.0120356642026595 -0.655692363064711 -0.28877700259179
0.0466233494533294 -0.0350375299537044 -0.597689588155279 0.455162145902132
0.0538197602864943 -0.00901973872736245 0.133996247984345 0.594908750301774
0.0403913526959071 0.0387513623195792 0.412733659756831 0.167658209628966
-0.00506929595258548 0.0267050859167349 0.289114942924211 -0.120589128095952
-0.0074775935155528 -0.00681974718019289 0.0192476186153267 -0.200858723579875
-0.00516635252614902 0.00694313353554197 -0.0544342645776714 0.148596361205372
-0.0167951404605527 0.0389397292791698 -0.232844881830823 0.0487725617781754
0.0101092024135678 0.0441310805115083 -0.357027348018832 -0.188721592524799
0.0288264375351847 -0.0163622258709429 -0.0691428301898879 -0.50927922576813
0.0426193234891372 -0.0405663086265812 0.534551845767348 -0.355655345808226
0.0612545975749479 0.0117826440713279 0.608610705908933 0.248774019016458
0.00211691136581829 0.10500982270684 0.154739103180391 0.428212876097516
-0.0404653406360681 0.117148790875177 0.0507782278236107 0.038704439503875
0.008690180856615 0.0958291766716181 0.00457692051468236 -0.418335609849104
0.0574409978375305 0.0308081824392281 -0.571009961487109 -0.440272102563929
0.0498930018355002 -0.0285798194177616 -0.717318810180625 0.286548649130197
0.0534078406468961 -0.00945046461394146 -0.0265704347406304 0.629822152506806
0.0410608304027825 0.0397649373670344 0.373238025396102 0.268393689881109
-0.00564771151597497 0.0295739816359062 0.306647041831438 -0.0687563291979743
-0.00721682216540917 -0.00570234176054352 0.0343332052569138 -0.19429061969279
-0.00340259425578037 0.0139554946071439 -0.0554865032216633 0.12780709743678
0.00468892651693423 -0.0159714060409408 -0.211571450548463 0.00225918275469722
-0.0263651132623649 -0.0285699567190585 -0.271760730565347 -0.290653457292897
-0.0266667055130781 0.00429624716077412 0.113439709985465 -0.530612773895493
-0.039530228227165 0.019736687780979 0.650234284332529 -0.148992783154246
-0.0413094061789525 -0.0280780545825213 0.505559774292634 0.459948015142779
-0.00993163790518523 -0.0849079757469108 0.0504658492205981 0.457034918515531
0.0121660218992019 -0.101422606597259 0.0632459503225441 0.00431060113453033
-0.0352293334449137 -0.0715624261199308 -0.0757970398359176 -0.422418383282198
-0.049163261919257 0.0262344289917708 -0.670874028296006 -0.241428410132969
-0.01802800421009 0.0486526695710094 -0.582167124033394 0.494301694381943
-0.00987927778506278 0.0086085472852556 0.171359175241588 0.581313873064842
-0.00717344534467152 -0.0361711631888818 0.424627229436189 0.131599703249651
0.0169679827610525 -0.0279947762835498 0.28968728593198 -0.143698150280608
0.00437954491448273 0.00747983229181849 0.0219861102542959 -0.212191810176312
-0.00316964515740049 0.0137240359664155 -0.06129081669078 0.128010336869374
0.000912623638544382 -0.00839807473523699 -0.204448649890855 -0.027621192232024
-0.0198516300244573 -0.0191271383813596 -0.224444665642428 -0.346797707008777
-0.0159086195611774 0.00379033942524642 0.224392368605662 -0.501270874077122
-0.0291341973473472 0.00792425858063282 0.686716134585595 0.00228196664246722
-0.0245095918727294 -0.0314740558357557 0.413614594348478 0.554657000091883
-0.00224494237425116 -0.0699456979212266 0.000872387812973925 0.439103088014694
0.0062818822097378 -0.0795152105175001 0.0689975657527859 -0.0341465307031984
-0.0336229878402502 -0.0490193385235318 -0.135724328775936 -0.428823982083523
-0.031307269763028 0.0302742523212357 -0.704167891924318 -0.114825997811148
-0.00389782841015251 0.0398714128236445 -0.465156616885095 0.588528782030941
0.00171523835882059 0.00599844531125225 0.276874263903978 0.522012190138605
-0.000167164933592977 -0.0237618782390843 0.433990065894257 0.0498606712419722
0.0150739093634806 -0.0187285989880329 0.269113848434317 -0.182266041425741
0.00117836958025542 0.00776648650041256 0.0074344316775035 -0.219930295883566
-0.00383126330063669 0.0139471032716292 -0.06571102488596 0.128462998830107
-0.00480342311022864 0.00473804626743328 -0.200636928817942 -0.046885617714842
-0.0125253514103594 -0.00521379908729311 -0.191325474349194 -0.376030003836475
-0.00386841511224581 0.00155858387918723 0.295572572880561 -0.465952853968682
-0.0132306768588591 -0.000341703410559003 0.690096094831581 0.105038801957377
-0.00828096451162486 -0.0215136624969752 0.339733079865028 0.603438646573327
-0.00513886321185438 -0.0391592743107926 -0.0281069039156217 0.420130916593601
-0.00308719031621428 -0.0450657154591984 0.0719499643337314 -0.0628468057069284
-0.0223097577347589 -0.0251634502441564 -0.176133860337392 -0.431217744281431
-0.00915133470241076 0.0238180593986739 -0.713015019637598 -0.0336576900546167
0.00978101353109561 0.0238410858439867 -0.379249110184177 0.638633723677987
0.0152296819755581 0.00372792443482622 0.333835772406998 0.473465108398421
0.00886118229548205 -0.00956473929750768 0.432789505748904 -0.00189978367380032
0.0110334442743315 -0.00914245736438539 0.25443075566639 -0.203298673320217
-0.00134328201570317 0.00563416931297781 -0.00158485671885287 -0.223563955461981
-0.00440858760114563 0.014861180082828 -0.069963771766402 0.131170995316487
-0.0102599425782349 0.0186096758766072 -0.202592470064973 -0.0540382325194142
-0.00535729548482073 0.0112226392434308 -0.184159837983003 -0.385238581229528
0.00971086360074713 -0.00170247358436863 0.315852675151917 -0.454940697336421
0.00486900933434611 -0.00521483092420766 0.690352755143958 0.135886919301336
0.00603072157517634 -0.00159134167495834 0.317494782795573 0.61180302845405
-0.0159679631717756 0.00282980243384569 -0.0325930340663969 0.408138306630061
-0.0131437128878655 -0.00176887402010822 0.0737602353828381 -0.0749743144889026
-0.00444525075822347 -0.000169535821759984 -0.190678600866675 -0.433851713205486
0.0124752279439088 0.0123940077986939 -0.713599280776645 -0.00931006021864413
0.0210421973920413 0.00431335435209922 -0.350196719591953 0.64876343063034
0.0274984047362609 0.000882747853923321 0.350069873588297 0.458785674574135
0.0182324427723572 0.00626872170562903 0.430787663680951 -0.0134334347163349
0.00627771251231816 0.000988512428398587 0.247600934529221 -0.207226914169607
-0.0034484396898531 0.00257069599807073 -0.0060564018133363 -0.223417164525284
-0.0054890529038423 0.0144152902609322 -0.07162600317854 0.134744478299762
-0.01484523731137 0.0313940356685207 -0.211366693079546 -0.045825490815137
0.00129962856261761 0.0266290347924059 -0.20877396757991 -0.373474946060015
0.0222800142445526 -0.00593731477213248 0.280585507712668 -0.471205584045701
0.0239256840234998 -0.00977863445612842 0.692007678535441 0.0843888167313224
0.019669168985381 0.0194735794655953 0.354680361149181 0.582380253771014
-0.0247882320407464 0.0464708603987754 -0.0151819828440527 0.408512980539196
-0.0226614299787785 0.0424352354746908 0.0713038462553956 -0.0679980984730032
0.012615277291062 0.0253949666346722 -0.175714152216166 -0.440353013495753
0.0328866512586321 0.00206746446487614 -0.712779453940514 -0.0501608281610567
0.0299932440068938 -0.0150855467030261 -0.388324329110921 0.629529552913517
0.0403717214242043 -0.00280327674898372 0.32533269054504 0.48228570094682
0.0275736464133969 0.0206372127004587 0.430188306236656 0.015259165555856
0.000389037829490435 0.0109728975408367 0.254379155955221 -0.19382879762551
-0.00587223205852604 -0.000561362941680148 -0.00244070053845479 -0.219412227099431
-0.0052457070221937 0.0138469950386152 -0.0693107417577077 0.137107513519517
-0.0169342761978224 0.0399863053932873 -0.224097640011263 -0.0236533893360929
0.00626400113853562 0.0375302219537319 -0.256819806740579 -0.335501775153526
0.031124449518023 -0.00976961378073215 0.197896201603002 -0.50374300094696
0.0398647270562306 -0.0181105728507046 0.68095738439296 -0.0392627099269266
0.0373974281634439 0.0303615323965715 0.437323349044567 0.510547871606493
-0.0251617107166206 0.0823400179562121 0.0241671228747114 0.418777451264928
-0.0310737124546362 0.0810190764688878 0.0651460830250413 -0.0442502931421211
0.0219364920503535 0.0529994899414399 -0.132254288204623 -0.447224240382477
0.0498877791927341 0.00109628446279335 -0.699311566614591 -0.149832256739976
0.0391527423246843 -0.0291151430305559 -0.479922875967209 0.570309764657634
0.049660197318235 -0.00708161384484095 0.253209812264782 0.541287622458368
0.0361723599634115 0.032869164521028 0.430020193925898 0.077452080174536
-0.00313021140194122 0.0204194806856911 0.271711431805491 -0.164372525522908
-0.00719961583159241 -0.00396695831219684 0.00742027644935729 -0.211908782027302
-0.00493450083391405 0.0103295512643688 -0.0656611102278626 0.143018916971086
-0.0176254576299978 0.0426328778240677 -0.232813449427783 0.00952087621723869
0.00999895566789169 0.044354531290194 -0.312081513459383 -0.273514798592662
0.0338022107955775 -0.0136862504915818 0.0713057938985964 -0.525032409825109
0.0463566714744553 -0.0304438313791121 0.633272732714949 -0.198968180389789
0.0531903498273187 0.0273506225331209 0.534624224145217 0.397273362706318
-0.0150670037918686 0.10381452469732 0.0830276268674309 0.429600670770781
-0.0379690574726051 0.108312299840927 0.0590390091271165 -0.00705847653740003
0.020096081217101 0.0796873566925965 -0.065707897445752 -0.442970241565388
0.0596876647891387 0.0129622210350583 -0.658520344059813 -0.295568843107994
0.0475385877877829 -0.0349330806831526 -0.606630308714536 0.455742214291437
0.0543815006869632 -0.00906101070055543 0.130344480618805 0.599436921250893
0.0404087602861322 0.0392805069482452 0.41269694563062 0.172290392457691
-0.00568659574808561 0.0272083250132908 0.292196488985455 -0.120535999930564
-0.00748896275652383 -0.0057127749693002 0.0214596669596624 -0.203975026056862
-0.00514167780967029 0.00781816730606606 -0.0561481742910806 0.149715208155758
-0.0159582203390185 0.0401280576303276 -0.234909518594353 0.0484008343389443
0.00924953869807712 0.0444269920667491 -0.358520024074672 -0.191064827702475
0.028796529741933 -0.0164665600766595 -0.0650098616102991 -0.511545656721018
0.0428317471335251 -0.0403178216044363 0.541549993934885 -0.353506554651651
0.0612473925308624 0.0116667085527639 0.609982786961258 0.25393823876014
0.00111279531227276 0.106056242256562 0.152873187824861 0.430789512032833
-0.0419143041553965 0.11734990242982 0.0512962464812422 0.0391707604258845
0.00693090896595785 0.0965267620246731 0.00822767278068725 -0.420923844937358
0.0571056431831291 0.0319150582881433 -0.571858024593918 -0.448519953505353
0.0509592164071085 -0.0282233324684927 -0.722792805401067 0.282946411963882
0.0540597128771986 -0.0091639740134392 -0.0299398138661605 0.635754693746397
0.0411758106271236 0.0403919168918665 0.375825620327393 0.273252439176807
-0.00609295219507937 0.0300830430611135 0.309477923772679 -0.0673241913645414
-0.00817009751006833 -0.00676481414274577 0.0355930069297714 -0.195553039616265
-0.00317644762332918 0.0141067899405331 -0.0575199176716481 0.130633808915917
0.00514534850079184 -0.0167713243546509 -0.214640773601756 0.00138286501375103
-0.0266094662386978 -0.0288719336035996 -0.271802664320668 -0.295970101362699
-0.0265707763386487 0.00457796719278491 0.118772644636946 -0.534805769576051
-0.0398800882961236 0.0208929256722442 0.657697966882895 -0.147476384006596
-0.0411329258869963 -0.0287363786086633 0.506626495819495 0.465875814039326
-0.00954169444441896 -0.0852969909407629 0.0494167572022797 0.461325541416286
0.0129017104805106 -0.102721324778656 0.0633408876024519 0.00473657329927833
-0.0357690791257696 -0.0725302855236418 -0.0716332170347245 -0.426334509487067
-0.0495582871011541 0.0265137860982408 -0.676242724799976 -0.246213495883493
-0.0187085865246382 0.0486147104755753 -0.591486448770704 0.494701735098011
-0.0101462853581227 0.00828928988334618 0.170862580043256 0.587590795511567
-0.00671850551313051 -0.0372508297776115 0.427721656550128 0.135102377519171
0.0176167170424717 -0.0283254344389569 0.293345826727625 -0.144280111314274
0.00507103321205013 0.00716657398405009 0.0232714933241017 -0.21477605688214
-0.00350182691072556 0.0143473949800341 -0.0634188972081285 0.128831504468681
0.000461374073094501 -0.00846688350260993 -0.206442144273865 -0.0279936038035164
-0.0193892478305498 -0.0196344364923534 -0.225859605470866 -0.350580857794355
-0.0161512641666353 0.00368262319092702 0.227213715884172 -0.504652742631066
-0.0297265172618748 0.00847913011309481 0.689739027817531 0.00632441788215781
-0.0242099204237245 -0.0317629508341309 0.41362232662073 0.562321975175593
-0.000853783187638043 -0.0702894536190355 -0.00106646623702626 0.442525744397813
0.00696613187421426 -0.0800580221127794 0.0701218233897202 -0.0340878843704615
-0.0343742030244396 -0.0509274389208148 -0.13351115761018 -0.434066812505893
-0.0315045011009495 0.0301829020751953 -0.708801140142958 -0.120252254116315
-0.00396293077685207 0.0391018759481569 -0.470567171321704 0.593295772427219
0.00169374717046677 0.00672848200033369 0.275739453832102 0.526804239593523
-0.000241439684219249 -0.0244913254976084 0.437394177566641 0.0509804569254039
0.0156181225416955 -0.0191405422888663 0.272991361019657 -0.181647579067628
0.00122972560483273 0.00740623055647693 0.009950748704572 -0.221774944148037
-0.00333453309286247 0.0142782483267552 -0.0675930513832968 0.1316254528296
-0.00433683447831386 0.00450817544951524 -0.202015373313816 -0.0476837368852622
-0.0122737733181932 -0.0047944533250375 -0.191338381576787 -0.381160106580614
-0.00325395980278559 0.00148893241180815 0.29862420098953 -0.469557118849757
-0.0134993710353184 -0.00114933039529491 0.696452523471781 0.111698028267151
-0.00760030504577414 -0.02237838048634 0.33918899311917 0.60969226885083
-0.00460601888209644 -0.0390635564147913 -0.0305456166922938 0.421804288633716
-0.00280112835933674 -0.0448321682967111 0.0738040185166443 -0.0614848500585548
-0.0214388868581948 -0.0269029616120831 -0.174992508820904 -0.436431157814636
-0.0102178247668436 0.02469293118084 -0.718973052267916 -0.0380834995786922
0.00907921404993805 0.0241262268338896 -0.385408445939807 0.642948341022148
0.0148277154622754 0.00273876166785829 0.333992261905009 0.479057736798941
0.00836715994550762 -0.01019496911824 0.437363773860603 -0.000571072049867272
0.0116555343977642 -0.00942528841332579 0.256787407135914 -0.204653897492273
-0.00076027486338309 0.00603429033611129 -0.000202882906581049 -0.225750089564771
-0.00375772456449218 0.0146105024892571 -0.0703691222312884 0.133569752967381
-0.0100181265964819 0.0187565396992791 -0.203492469031343 -0.0551881167631161
-0.0057925055444788 0.0110617403460213 -0.184755879903948 -0.389445557459312
0.0102763189024603 -0.00157466991017664 0.320328839108339 -0.456030188254959
0.00474214921319923 -0.00538128981842567 0.695314656795943 0.141571561796332
0.00598775328250779 -0.00140167960135381 0.317288856397884 0.616919436392661
-0.0157289366571822 0.00341336750714624 -0.0353207911685858 0.411010910580452
-0.0126970414092338 -0.00103659154241958 0.0748658564405631 -0.0740198742151547
-0.00437842050193953 -0.000403605503136237 -0.189495390951717 -0.439141023895463
0.0128306988933875 0.012790739862715 -0.720769980468958 -0.0135816630388061
0.0203030375310697 0.00466053915684571 -0.35839316680891 0.653016692682405
0.0285253186598682 0.00102789119102372 0.351070575740316 0.463454907586789
0.0196290993317669 0.00575141359315979 0.433318035591829 -0.0110531364404414
0.0061198115274424 0.000255289342096384 0.251630856864826 -0.208114250328388
-0.00336161194149477 0.00242481740486332 -0.00469401095330223 -0.225767326995302
-0.00512608601582422 0.0151357488139585 -0.0724336127136409 0.135791488035808
-0.0143079538368904 0.0328832570298276 -0.211968177547622 -0.0478931337880126
0.000801657335920305 0.0270067669961153 -0.20833887556779 -0.376484213928242
0.0220976857331682 -0.00588856068625592 0.287062250404437 -0.473026731930152
0.0240114902881055 -0.00956370781058264 0.696805381773518 0.0894941673453678
0.020534045570342 0.0191992023610311 0.352506287538458 0.589037508908939
-0.0259169057196621 0.0473017572355791 -0.0184235014461982 0.411678926838685
-0.0226361245781304 0.0435245080794827 0.0720592718776604 -0.067936113186708
0.0117228480486877 0.0256140958136082 -0.17445535220401 -0.445745440406658
0.0331771813602543 0.00292810871280777 -0.716630560035222 -0.0530279491091637
0.0309829121288635 -0.0154864953517938 -0.394925864272421 0.633827901968822
0.0408097113169853 -0.00336741170189553 0.3253886542755 0.490542667026741
0.0289824931459887 0.0201515843453332 0.434580091858785 0.0169704354394547
7.7750792700353E-05 0.0106940283074168 0.257778996908153 -0.195698946296443
-0.0058132520743635 -0.000862451498766406 -0.0014061559642639 -0.221628397845716
-0.00534871336280166 0.0131119756762042 -0.0714646896270752 0.138931977428203
-0.0172226176222937 0.0408851733658475 -0.2249468196043 -0.0255122325105379
0.00575644271422108 0.0387892964694679 -0.256513226461384 -0.339372381220047
0.0307199481943501 -0.0101118938483098 0.201463732533779 -0.506293474622541
0.0397530611110125 -0.0190110663092883 0.68759742368904 -0.0350013093412033
0.0377793730774862 0.0304855008162703 0.436570314081017 0.519560088812837
-0.0257949041659108 0.0832716647700465 0.0225982036509202 0.420888378786229
-0.0317612453506404 0.08276399436399 0.0666851446999036 -0.0447991972785868
0.0217211552512227 0.0536875452044513 -0.127867423331995 -0.451878055142707
0.0507502721406155 0.00186807676912088 -0.704176114727396 -0.155997615110264
0.0401676874160541 -0.0298449010181173 -0.486369229177678 0.571706532293695
0.0504062313440533 -0.00702346696168442 0.252750471714032 0.547307319949202
0.0364908527217779 0.0323520467299535 0.432985984030192 0.0816882173352417
-0.00328370996194113 0.0204439404339989 0.275217483065407 -0.165643134683649
-0.00715881522446097 -0.00393675938567981 0.0084548215424502 -0.213890196526984
-0.00479932234654595 0.0102735503984105 -0.0666509629955234 0.145410456241297
-0.0183640622356694 0.0433178557181309 -0.235309956474383 0.00933805105419613
0.00937284843255067 0.0452503191128408 -0.314730565494247 -0.27739881676035
0.0337547510695694 -0.0140439595336611 0.0739334545892445 -0.529548892180541
0.046855578099644 -0.0304077133272996 0.64046986396377 -0.19821256934672
0.0541444606428609 0.0273852512150623 0.537131479909995 0.402500226147223
-0.0143945960302769 0.105470046460712 0.081184550289842 0.432046352787943
-0.0387351418009255 0.108860567756216 0.0595562482619856 -0.00522529137168933
0.0193425988855237 0.0798343429641646 -0.0626074566177121 -0.446540706163074
0.0608273721603303 0.0136089098570726 -0.661034459241231 -0.301267674428103
0.0471533930062522 -0.0348523086048975 -0.614596419360975 0.454784271531027
0.0551329244486119 -0.0102624910255408 0.128273765551917 0.604451035622544
0.0402635412155776 0.0396830221485592 0.416270688789576 0.17472584044869
-0.00527156156130811 0.0272037881997545 0.295760027462547 -0.120242013169844
-0.00738210268228595 -0.00606936320865223 0.022635151807012 -0.205382289080307
-0.00433730245477537 0.00865757659560757 -0.0579988195437812 0.152015346933426
-0.0171929733807623 0.0399688478328305 -0.237946067985979 0.0478878795955303
0.00976223371139997 0.0453056317553546 -0.361832964335555 -0.194001097884949
0.0299072041706267 -0.0155722032219078 -0.0643254855980551 -0.51659842548793
0.0438083945430043 -0.0400153358456147 0.548531379811904 -0.353956104595434
0.0623013942017835 0.0129407175279417 0.613211283299716 0.25895005103705
0.00115799947485581 0.107456374699512 0.150347650634796 0.434526921994258
-0.0429815340182195 0.118341783014978 0.0517510018948047 0.0391013257341175
0.00707998344641404 0.0977813035628462 0.0122701986096048 -0.422393679212622
0.0567056427312447 0.0318429207869015 -0.572805052497437 -0.455431145326019
0.0516570513196846 -0.0278238176236136 -0.72949685463864 0.281341449972557
0.0544965035690612 -0.00952868686007848 -0.0351848345085021 0.642241487238853
0.0404958340758165 0.0403224103736994 0.377235974767585 0.276780322999594
-0.00655866275179928 0.0309413332154199 0.312103245372508 -0.0680951865610471
-0.00741598619745842 -0.00641065746686378 0.0367458918371811 -0.198408440598521
-0.00328305464964869 0.0147416087516143 -0.058992866660606 0.133718057395599
0.00512474991835686 -0.0171304545700186 -0.216654159939971 0.00144429696770286
-0.026460580345141 -0.029738373876077 -0.27449577796419 -0.299683269923693
-0.0272106269655777 0.00477631227589215 0.119507114214621 -0.541858826556807
-0.0406115640115082 0.0204959523732038 0.664015437841806 -0.14563401188109
-0.0410176620170617 -0.0292598116625027 0.511249764613169 0.47248859987931
-0.00921961902096329 -0.0857954859410344 0.048443962659217 0.465207252587005
0.0131076582377914 -0.103371412335483 0.0641581633459119 0.00458592044415761
-0.0354695736261415 -0.0739303141839385 -0.0714595626873015 -0.432030033838459
-0.0503888621764462 0.026806117024297 -0.682433402726041 -0.254227543089821
-0.0187736779382251 0.04994903072863 -0.599132741292829 0.500335136649841
-0.0101750283545928 0.00759323628866808 0.169404563276188 0.593839502538496
-0.00633336846130959 -0.038217421438285 0.431889987957336 0.1379974207004
0.0175264092954802 -0.0287252783808132 0.295476479188118 -0.14502329132062
0.00510508136324709 0.00842716392893752 0.0237180742767051 -0.218850369417135
-0.0033736859636107 0.0141483973001473 -0.0647817916507237 0.132422983602865
0.000715168909273413 -0.00854149266597627 -0.208024352799825 -0.028201659587315
-0.0199985417084747 -0.0196815138678896 -0.227144120326988 -0.354787994133189
-0.0164003165640784 0.00362190422457147 0.23227322118921 -0.510795634068878
-0.0300705143832352 0.00726469726888501 0.698081618234098 0.0071805730000961
-0.0240594381932491 -0.0329508853974652 0.416392816226715 0.567670222283495
-0.00200925893397076 -0.0702675021867875 -0.00255166314245748 0.445211250117464
0.00673207919288592 -0.0806519398612012 0.071285270394008 -0.0343619585271075
-0.0341537123874906 -0.0520766918893412 -0.132620366387156 -0.438677052404414
-0.0316018868889986 0.0302402305038611 -0.717837298206956 -0.125724172613747
-0.0038588227912119 0.0395421495888669 -0.480565485342216 0.596807443413049
0.00172530395838703 0.0059814288309321 0.277181543420992 0.533948633923165
0.000594067510563912 -0.0253963827582519 0.442934920740191 0.0536933009960832
0.0158936343296759 -0.0197186540704565 0.276359194878728 -0.184024745764851
0.00159766084451264 0.0084039356487512 0.0114418924154176 -0.226400028805489
-0.00259070012920623 0.0146064496132011 -0.0699790083812721 0.133634222292717
-0.00417285382081248 0.00466095436654984 -0.202959422492302 -0.0509208550179086
-0.0123059283610057 -0.00571362968323786 -0.19410595899174 -0.385390880581091
-0.00350504688778292 0.00143094100540235 0.304857021104973 -0.473524504365403
-0.0145831521091752 1.62421453107943E-05 0.704031347724433 0.114383541321982
-0.00762528436969398 -0.0222387994666257 0.340039293486618 0.618305331426726
-0.00485072120592329 -0.0386553488822189 -0.0323381112097281 0.425474358260651
-0.00261555782120556 -0.0450892556721527 0.0748545961323077 -0.0621108568130424
-0.0224383064529401 -0.0267707787341791 -0.17406511640222 -0.441593055922025
-0.00978031462811635 0.0250086680927342 -0.727270344809789 -0.0429499198095606
0.00986961755613673 0.02412157820397 -0.393401542031961 0.647202937186618
0.0143535763693471 0.0031843086641998 0.336604698320074 0.485458885903594
0.00986061792553804 -0.0102856541855143 0.441210353689881 0.00106931417417767
0.0115002043096863 -0.00957253014232164 0.261102814575052 -0.205619345302994
-0.000722477279267038 0.00597163293567407 0.000651597082037491 -0.229264913277358
-0.00409979481543058 0.0151570786450049 -0.0725651439761408 0.135219665207647
-0.00990387557994153 0.019383640699757 -0.206378199726701 -0.0564363962150167
-0.00571771758698212 0.0115392508933013 -0.185626296365971 -0.395542948511105
0.0100910692488131 -0.00212027524605922 0.325595661627821 -0.459490254719372
0.00531200079300695 -0.00518097719055475 0.701951693832322 0.147901966001932
0.00695170687216709 -0.00179868249078962 0.315205362573648 0.624865156531244
-0.0158608068458785 0.00370889526068222 -0.0382887843346688 0.414206506724093
-0.0132922419618256 -0.00134698715365701 0.0757916951092427 -0.0739250013914722
-0.00510880530875063 -0.000500443591900751 -0.188661214568261 -0.44504672231179
0.0125769091064022 0.0129246982942529 -0.729022517603955 -0.0157479771902697
0.0214001705156486 0.00411676562967126 -0.364453910777886 0.66033073259579
0.0287685641669781 0.00108055373374269 0.35237468321132 0.469667688207555
0.0186788010231531 0.00585197599359086 0.440361359885385 -0.0116682385407624
0.00586034982310631 0.000668756209605189 0.256268125140304 -0.211445876960283
-0.00291424744028807 0.00335389504513973 -0.00423409249952186 -0.229290233175765
-0.00471120853884423 0.0152500064708185 -0.0737118168184405 0.137929402505391
-0.014762134635403 0.0320259613543595 -0.214942601911912 -0.0479593864065183
0.000664410396439121 0.0271431329084544 -0.210670104047186 -0.382273263677763
0.0228318656690188 -0.00573676584316431 0.290918319336881 -0.477102714587003
0.02489804232344 -0.00942698416541768 0.704700977356923 0.0941960121507263
0.021110574961116 0.0191303257161846 0.354366000073295 0.595559705543166
-0.0260294336318084 0.0472216788254406 -0.020950318779371 0.413487977193928
-0.0230016712453818 0.0434503867625587 0.0739005204295021 -0.0692362947882312
0.0118347079059477 0.0261284144689536 -0.174182403781209 -0.450224454364118
0.0343646255968689 0.00247375108781961 -0.724294090348761 -0.0568694339463448
0.0311045737020558 -0.0149233814079695 -0.40024309750748 0.638920690038945
0.0410804010077013 -0.00335608811325012 0.327144191302417 0.497135343183272
0.027321352886261 0.0211478101976286 0.440873743080764 0.0187732985752182
0.00097776278694901 0.0114228306937561 0.262352507393467 -0.198625428341996
-0.00608798336307341 -0.00129828682494496 0.000242193183646872 -0.224883055351767
-0.00514849371988858 0.0139293137672751 -0.0728855158303514 0.143030764769669
-0.0170642811873748 0.0402527840314309 -0.226172189326799 -0.026252994845994
0.00594829576301798 0.0396164011508242 -0.260239388206429 -0.343060445919993
0.0316411031831079 -0.01089085183645 0.206456225088569 -0.511438786747172
0.0403008571329573 -0.0185996221855022 0.694657440972211 -0.0311703558236711
0.0384319182925013 0.0306543074299477 0.440351493969862 0.526433544863771
-0.0264207923485529 0.0851470085144355 0.0196390171506905 0.424895109426578
-0.0325860769998762 0.0828261187805756 0.0680761591138039 -0.0434575604031872
0.0205261225173414 0.0550348284595032 -0.128933106251002 -0.456648654558204
0.0512758759776881 0.00190733373690959 -0.709459816179274 -0.160070660421928
0.0401120677611131 -0.0305227692548728 -0.49379862104065 0.577613499707524
0.0507015794517774 -0.00776471123386851 0.252660899214424 0.553877390053192
0.0368278904233474 0.0332515738317923 0.438667563949165 0.0839362878377545
-0.00274575179680274 0.0204095105446019 0.279226148653804 -0.166724660856178
-0.0072885111645891 -0.00425538775680882 0.00882256254612597 -0.217007062566746
-0.00530277314130924 0.0109950912125173 -0.0675786546024859 0.147346890926229
-0.0182638451468659 0.0436909137342037 -0.237362483107991 0.00791262740601821
0.00944856049176471 0.0463654997529562 -0.316900915172191 -0.280093780584487
0.0343713682962933 -0.0147656892865825 0.0769127619085877 -0.533575841021339
0.0475499521325698 -0.031113508263067 0.647589091477715 -0.19700466430322
0.0550214338768239 0.0274564958289873 0.539408724687958 0.4100340405365
-0.0152357214792029 0.107144294594309 0.0793098614713585 0.435715612351349
-0.0394329193614189 0.109398212263734 0.0603577685647801 -0.00476905750987931
0.0193295991348313 0.0810126661067148 -0.0618747462340419 -0.45158079857004
0.0611991008725324 0.0132833416969156 -0.668290315810728 -0.307442659407782
0.0486366250992017 -0.034845204449106 -0.622623212092665 0.458008026904231
0.0553502035893615 -0.00999770247316654 0.127605970288516 0.613109692039974
0.0412963473117585 0.040091994276584 0.420467950637322 0.179557843346045
-0.00632834292180655 0.0271014195272802 0.29922178155493 -0.122501549772084
-0.00720962616998773 -0.00671818918922187 0.0237751567267461 -0.209161737621256
-0.00453403736658784 0.00737340709520421 -0.0585973643906679 0.154394336710861
-0.0176657266808697 0.0402861217663604 -0.23999274926066 0.0481671009964986
0.00915317098295081 0.0462742247250897 -0.365546305168306 -0.197238006342858
0.0308053310552047 -0.016813541268847 -0.0633196448921565 -0.52242974253266
0.0441241104333422 -0.0410418460873826 0.55416184689612 -0.355156058541372
0.0626537272367558 0.0128156149232938 0.619646371056083 0.26436630974255
0.0013466265981306 0.109901235376341 0.150224787079454 0.439888743455805
-0.0433825790987057 0.119442140609564 0.0527418680699237 0.0403466743117422
0.00604968290341417 0.0984851592452049 0.0149314031149512 -0.427688166069772
0.0574642360248706 0.0324865380114365 -0.576160304658168 -0.461647318402838
0.0523901112390611 -0.0285720213320865 -0.740974139358884 0.280523733159579
0.0551433396156752 -0.00890305862358027 -0.0390779070203593 0.649025027614097
0.0411515112910028 0.040732140848402 0.38061236053215 0.28264534431173
-0.00791196482208043 0.0295915879037383 0.317017328467015 -0.0675085837766218
-0.00764031196043181 -0.00615041993945211 0.0390898326491515 -0.201947332928373
-0.00325323618136227 0.0155775660270273 -0.0605392088179825 0.135179152727173
0.00477849313079329 -0.0166403450253135 -0.218781290168761 0.0019830218061027
-0.0273617854427355 -0.0302227031336096 -0.278626552835163 -0.305985257231207
-0.0273694506390441 0.00474112231504689 0.122747728939618 -0.547435575182544
-0.0407716241069041 0.0208375284792462 0.673601305021887 -0.147294825994552
-0.0422786807616298 -0.0301267464076565 0.517261558998993 0.481165185051137
-0.00917983435714795 -0.0870330099384993 0.0481900644826664 0.473462850327202
0.0135328322581454 -0.104467467578639 0.0656432987807532 0.00543897297555876
-0.0359072696087422 -0.0749499672771532 -0.069878884961443 -0.437870788306791
-0.0506140474518494 0.0267345325158832 -0.690359573839338 -0.25875272996147
-0.0196799044050201 0.0496377870936507 -0.60805103264806 0.505278305380552
-0.00999105843356811 0.00713977449282056 0.170792984907049 0.601749947755636
-0.00673813614822428 -0.0383635370779736 0.436686167372859 0.139277945227861
0.0181542989111543 -0.0291162009851972 0.301931735835435 -0.146736115527417
0.00436184095098428 0.00782625764133771 0.0262704899456536 -0.222090135923142
-0.0023549009681584 0.0152595269936451 -0.0663057977058011 0.135525979748142
0.000847694969829726 -0.00825886280351038 -0.209816675300177 -0.0289802048677665
-0.0201347332578804 -0.0206606314091545 -0.229456328116272 -0.359702253852667
-0.0162761438943719 0.00348925090440202 0.235154992889633 -0.514963069231969
-0.0308940330151248 0.00838042035545404 0.70867540222901 0.0106436040285045
-0.0245312327518078 -0.0330133925678137 0.419619063032683 0.576062059796467
-0.00137559574706972 -0.0715019930855907 -0.00410775399766989 0.451768304397983
0.00703266855471686 -0.0810165841119618 0.0721128245188324 -0.0335441784545906
-0.0341737435320812 -0.052259280708851 -0.132822875676723 -0.445676965318259
-0.0325827310880865 0.0304073388304784 -0.725099646087426 -0.129848068460792
-0.00384719637960569 0.0406683910071051 -0.486892111777722 0.604940731532934
0.00160761250921427 0.00593139628940303 0.280545996851845 0.542736017488013
0.000442687456353337 -0.0261987638302031 0.449689282559084 0.054892251202688
0.0159150275007515 -0.020018769993653 0.281827535057923 -0.187857739609071
0.00135672448981089 0.00810429030365401 0.0117072789029693 -0.229708694055974
-0.00342072711910315 0.0160051325173804 -0.0700741366915735 0.136488251714746
-0.00431855423847123 0.00454620106199444 -0.205502020529648 -0.0506038991235915
-0.0127645907924046 -0.00585585653991239 -0.194425442790784 -0.39199637938843
-0.00370156408118653 0.00175414851489742 0.309477685634604 -0.479662487356913
-0.0142444448550891 -0.000795187841024207 0.711532473022709 0.117788107266528
-0.00727324517789553 -0.0231695870726791 0.342514424669934 0.625390753371218
-0.00522566896859754 -0.0389357267926174 -0.0338047645462596 0.431636511000173
-0.00223732841944045 -0.0451478609610569 0.0764570870313442 -0.0624210667246876
-0.0226593915398263 -0.0272818861338341 -0.17445516958993 -0.447449018597458
-0.0101709670216078 0.0249963953281295 -0.736574278089595 -0.0427385097040702
0.008987061043554 0.0247444269314624 -0.3998034281853 0.656615833809245
0.0156109206255784 0.00352344326245279 0.338779282349895 0.491150191978825
0.00964216676003882 -0.0101857714555782 0.447469014268392 0.000383765889808473
0.0120117758776284 -0.0101322490474404 0.265925754348095 -0.209211015102441
-0.0012967378967036 0.00631726670884327 0.00129165294097356 -0.23439278951345
-0.0036873893645649 0.0153030532208229 -0.0744601339371042 0.138343288046513
-0.0104424101761177 0.0192596022011093 -0.20789785788131 -0.0577805861668818
-0.00494251261609686 0.0112184672269311 -0.187024752271033 -0.400285203883642
0.0100830579298209 -0.0019923005641461 0.329591546826916 -0.464875726737663
0.00537415946664835 -0.00506626118634172 0.710428703766747 0.150370429382841
0.00648148346020555 -0.00185215519810798 0.319165999235878 0.634146804905121
-0.0164043551670216 0.00385670800797228 -0.0396048417745877 0.418935255723016
-0.0128486256890741 -0.000539131627573786 0.0779755969851349 -0.0748916083553344
-0.00521192121570222 -0.00111506485724936 -0.188913258891915 -0.450638443653843
0.0126634439915567 0.0126314012698384 -0.738373340915221 -0.0184797987313403
0.0211276011564409 0.00477476409467737 -0.369725744855315 0.668279377163912
0.0294827026635178 0.000611730612521217 0.356497875224346 0.477896802987331
0.0194054831475754 0.00557956157961086 0.446818166812984 -0.0108777013142453
0.0060601513817984 0.00110387616587819 0.259091394393754 -0.213916625471518
-0.00400162492899708 0.00260733468244688 -0.00336163277475754 -0.232973526298206
-0.00398549101747393 0.0152272955268475 -0.0751707581018994 0.141372457464682
-0.0144494653437801 0.032868045922054 -0.216326974368088 -0.0491768336389805
0.00108738644675503 0.0278708848936281 -0.21274237832244 -0.387345125970977
0.0230580439763363 -0.00618162817471681 0.29732667227897 -0.483953807698879
0.024272623220543 -0.0103566020749695 0.714186524403479 0.0944938559639287
0.0209688352260958 0.0192298359187 0.355750531551605 0.60570874357642
-0.0262704117635915 0.0491455172599593 -0.022602926105319 0.418940869305323
-0.0234033226778833 0.0448702139667108 0.0750163244641683 -0.0681923306729369
0.0121106715680551 0.0261475682455612 -0.174133640878882 -0.456870660675184
0.0345820104397664 0.00299771802826021 -0.732967278035006 -0.0592963789547461
0.0313960388416939 -0.0149823948905112 -0.408118703219813 0.647678131560974
0.0415735730272516 -0.00360067051479099 0.329629599456147 0.50350183020288
0.0286952671540567 0.0210728600963691 0.447544750229171 0.018357904230184
-0.000231773170471824 0.0113529905769287 0.267242626384701 -0.200325215900687
-0.00559900390435742 -0.00140088276316217 6.8375235468931E-05 -0.229686154045493
-0.00463279737883214 0.013963324434371 -0.0744278709860927 0.145091539030599
-0.0179233274976824 0.0421459408035821 -0.230315246344971 -0.0264400020160124
0.00645092096198773 0.0398919243845407 -0.26212488574566 -0.347992274619618
0.0324297260387676 -0.0105922371228415 0.208819289655001 -0.518823228101095
0.0404594148624007 -0.018763876233835 0.705292189429602 -0.0308387116274035
0.0386895702529385 0.0314952607368585 0.444158029348497 0.533093590937826
-0.0269318880992871 0.0861331819645604 0.0184274188620963 0.430135547547917
-0.0329419655408801 0.0848537150671363 0.0692495369645351 -0.0445461833555735
0.020964186201671 0.0554560149577318 -0.127205599049116 -0.462099004929359
0.0523696979662362 0.00157677623369215 -0.720399950314108 -0.163904551344531
0.0406377340947776 -0.0302998058506327 -0.501793812824153 0.584748807596331
0.0510368028024451 -0.00785083170103407 0.255311667080141 0.561524006924746
0.0364615570823842 0.0331931279061826 0.444768934861121 0.0849251283104644
-0.00398072594631206 0.0214945165727225 0.283330836189135 -0.16920977053295
-0.00710179406642022 -0.00507494220019177 0.00877881336515474 -0.221575079576118
-0.00457201446155974 0.0107237762863883 -0.0690396613692516 0.150494384932733
-0.0185797520341741 0.0445946696478434 -0.241328667954363 0.00830329929088709
0.00937198836111095 0.0468588467929779 -0.322165384773393 -0.284546253639258
0.0349685449778927 -0.0147087973960365 0.0784842053187814 -0.540642484195412
0.0479411377897657 -0.0310321358398137 0.656919003977027 -0.198533124320688
0.0558161689671559 0.0279562929774123 0.544966164883361 0.415844067540852
-0.0152781787764808 0.10871933442706 0.0785533962845176 0.440489703325639
-0.040529758154081 0.111614710600198 0.0619626076055314 -0.00431196861089413
0.0191704714367756 0.0815198951855614 -0.0591812701928943 -0.454455483253489
0.0614193898043303 0.0131861014221807 -0.674289981996822 -0.312923384348325
0.0492505064517041 -0.0355545522846522 -0.632208527939718 0.463855009125295
0.0559156617076623 -0.00961205339553359 0.12685153647019 0.622843645128801
0.0419213581646074 0.0403453818809513 0.426432199342972 0.181169164359314
-0.00590010720904925 0.0283160150485758 0.305676814448328 -0.124371016263458
-0.00806451564678155 -0.00631305532573015 0.0246700621022703 -0.212425878628403
-0.00401205265957134 0.00849139511226499 -0.0593897231889143 0.158250558883525
-0.0174328703171496 0.0412107911884773 -0.244142396839156 0.0492297984191247
0.0095031064594641 0.0467693792674791 -0.370022409985146 -0.199762564622135
0.0307132853120091 -0.01656409593479 -0.0640416696802011 -0.528683798736162
0.044332680301641 -0.040899345577397 0.561788421590441 -0.358578832359828
0.0629085492608559 0.0127300530520162 0.625213016274961 0.267566740457488
0.00124877584312442 0.111214669999023 0.151223577414707 0.445220597207021
-0.044443780855436 0.121324468051702 0.0524844254538509 0.0413424740081373
0.0061093097330133 0.0992812643692119 0.0158012247338835 -0.432114738814868
0.0589436368652054 0.032798314494136 -0.58344816591318 -0.468690676819978
0.0526238789292857 -0.0285656888107683 -0.751269880009518 0.282908513886481
0.0560090516345877 -0.00930237846375651 -0.0392813197508737 0.656883421308714
0.0409559119010194 0.041485498045099 0.385463739312161 0.287468837119783
-0.00755357941643342 0.0312993031577139 0.321234008762072 -0.0682650319159254
-0.00846152021414913 -0.00606805846452319 0.0396498589928957 -0.204805826741053
-0.00260690476149528 0.0164770527868971 -0.0616284025371967 0.140183611044588
0.00553562114209075 -0.0174235298127757 -0.221621069082357 0.0029069726679345
-0.0274973619727894 -0.0309010493586728 -0.282211478571834 -0.308691001910002
-0.0270469105977817 0.00406916629765401 0.122951063055446 -0.557000622653708
-0.0415501207293423 0.0214387211621367 0.683217327743948 -0.150711900753624
-0.0425369713231534 -0.0307763090206066 0.524932620927436 0.486776462693028
-0.00993299569756419 -0.0882104692685896 0.0487549175808351 0.477614048830398
0.0140880365526455 -0.106586646382294 0.0662068692200586 0.00633411106182838
-0.0363522514867283 -0.0757097978141345 -0.0715617251737101 -0.444961834317803
-0.0518744727119109 0.0274496376957009 -0.699665316461167 -0.263030443591206
-0.020017657681684 0.0499026972437128 -0.615901136256245 0.513358152653511
-0.0100551234473594 0.00703393784441035 0.173558580797785 0.610823123999428
-0.00700067553271293 -0.0397656059357569 0.444579314229473 0.14142265310163
0.0181773605782454 -0.0291329390954313 0.305629236206761 -0.150397433310569
0.0050237455414209 0.00825227401479358 0.0258313440897233 -0.225746897409842
-0.00191400887794555 0.0152744705196606 -0.0677115774170657 0.138929274152831
0.000621498835693632 -0.00794113356450043 -0.213214295192518 -0.0298327482331167
-0.0197951391906099 -0.0212571768199099 -0.234671166029963 -0.366185788556847
-0.0171019491574624 0.00320787101732611 0.237003913545246 -0.522977265804165
-0.0311695006290529 0.00818935720188533 0.717793232554175 0.00882721364847053
-0.0243502711497381 -0.0339278452846662 0.426264288584762 0.584774652056362
-0.00151224528114231 -0.0721813065493706 -0.00426739341176891 0.457355313059481
0.00726475354606826 -0.0825774966454316 0.0735808626820049 -0.0339803825042052
-0.0336542101909112 -0.0527815449561918 -0.13446240498373 -0.451409504983155
-0.0330063618107011 0.0311460079458876 -0.736308588359637 -0.130582252159299
-0.00430269581191959 0.0412249925680846 -0.492008318242289 0.613328664443178
0.000568588055261476 0.00558968150969207 0.28374312682643 0.548253453570142
0.000135288442746651 -0.0268252674832114 0.456153428801687 0.0553339903934747
0.016358860034408 -0.0201411739823418 0.285094478015498 -0.190711126675045
0.00154200599339036 0.00810216800586156 0.0123789642471354 -0.233687052808913
-0.00262002317073592 0.0162262993193788 -0.0721214108893991 0.140932728307955
-0.0039191179113357 0.00509215930248951 -0.208201016888841 -0.0507989572101885
-0.0125473632895691 -0.00557726160267596 -0.19796667638062 -0.397706552836975
-0.0038665694950331 0.00116350170491835 0.313765186890156 -0.486644042619049
-0.0137669575276368 -0.000252040168368087 0.720681671370746 0.120138484985187
-0.00748413661781872 -0.0236633632205955 0.346277851860058 0.633762035532526
-0.00512704031951382 -0.0390833898005375 -0.034811391102861 0.43662184627402
-0.00259381069480357 -0.045740798569802 0.0781085737030767 -0.0632673486042479
-0.0228095246237199 -0.0285520805676791 -0.177671631143086 -0.454043670110732
-0.0102458760592528 0.0255136633131899 -0.746839730243651 -0.044409743662225
0.00998191747221901 0.0252261697261178 -0.405934624944505 0.665424578576329
0.014781940554121 0.00332769897084023 0.346692810328106 0.497502343896021
0.00903311324480179 -0.0118946195573995 0.454657081520083 0.00186938964230142
0.0119407799628665 -0.0104478164623683 0.2700646513369 -0.213564363193046
-0.0013569895788214 0.00641423832579946 0.000954369260855933 -0.237550696156742
-0.00325642130651512 0.0157855383458133 -0.0750973939679548 0.14219470252059
-0.00945017872105309 0.0198930451238965 -0.210209097317447 -0.0580092425889461
-0.00512060682261008 0.011652432822007 -0.191315689946428 -0.405954478415443
0.0100374137320695 -0.00200977781762979 0.334614991211105 -0.47226706559477
0.00475389031520807 -0.0048834400134069 0.721597954080297 0.152178007001097
0.00674340332782287 -0.00253904990171479 0.323529435762421 0.641455680032372
-0.0164741805993672 0.00406415969741931 -0.0401265120995408 0.423248002585661
-0.0128153936117257 -0.0001347792142349 0.0790442620235182 -0.0756842314364575
-0.00540647814891442 -0.00160864102640368 -0.192248317921921 -0.457900607803852
0.0132059480732644 0.0133063629917298 -0.74891703689828 -0.0186316207242201
0.0218460217019279 0.0047711913766996 -0.374446939717724 0.678803460854289
0.0296701873797702 -0.000234041448092625 0.362838045752847 0.483153572550675
0.0190780811953798 0.00513061008145177 0.453117643789045 -0.0126656788068479
0.00555418243405049 0.00132136220971111 0.262799362967772 -0.217708240375937
-0.00346573658859687 0.00255905559437179 -0.00350067450111661 -0.23695070887375
-0.00417914457180791 0.015645649099844 -0.0759569958542071 0.144373579731011
-0.0146910746289671 0.0329791655563868 -0.22037918869196 -0.0498741894295974
0.00179152763069538 0.0278619996058938 -0.215552697767473 -0.391658136114105
0.0235929085367317 -0.00607720252406468 0.301050839051823 -0.490548524055766
0.0253572076261477 -0.0106635203794968 0.724000070122195 0.0977916983541357
0.0211870546425957 0.0192888770976915 0.362221418987257 0.614018249453383
-0.0268411112778595 0.0504164528487835 -0.0235711997855725 0.424486885573596
-0.0241369993844612 0.04607456109786 0.0761707715459116 -0.0691817886686993
0.0120993345696014 0.026340768078641 -0.17684426023497 -0.463050469121964
0.0351950419416939 0.00237171526168753 -0.745916240754765 -0.058588249934778
0.0317696777009046 -0.0152855093731562 -0.41313619549607 0.656682156693111
0.0424976666527934 -0.00389250272993729 0.335253302452163 0.511249957098563
0.0289629410764656 0.0208590854397634 0.453789591806373 0.0178803642531546
-0.000215532375975474 0.0114596758578368 0.270656797293272 -0.204945584438423
-0.00591316051220705 -0.00160200448250816 0.000870964207216749 -0.232679024701112
-0.00444389044251988 0.0142688345362772 -0.07517354946478 0.148544205987409
-0.0181147069835703 0.0428259122869574 -0.233653333031581 -0.0260397880673138
0.00727818408035314 0.0402216473684118 -0.266593289017111 -0.353327312547839
0.0322249375874243 -0.0104207165813425 0.211910094241899 -0.526182970221562
0.0418054921959479 -0.0191929837605136 0.713420670415825 -0.0323398885099397
0.0397376444789992 0.0312884351383823 0.449069022801549 0.540278851417276
-0.0263512341680337 0.0883548083024633 0.0176709802952727 0.43507752919029
-0.033438857299118 0.0855623714128834 0.070723985860447 -0.0449175255271931
0.0212529527750452 0.056452068274575 -0.129313649289479 -0.46898075161647
0.0526613613349327 0.00131762426605948 -0.730249617671058 -0.165562190851792
0.0410680435603264 -0.0305617409866911 -0.508447788854014 0.593261061725329
0.0516090642306559 -0.00765051613925063 0.258351677304334 0.568115946882588
0.0374132701640195 0.0330788193095616 0.451116625274707 0.0856551668585283
-0.00432180336943807 0.0219427289516015 0.287373854653271 -0.173634664993852
-0.00682835728847066 -0.00500945763408393 0.00997530364851552 -0.225938815489414
-0.00502507141985108 0.0115815271128433 -0.0702524179839424 0.154093094375698
-0.0182638942521678 0.0455734134679803 -0.2437990354494 0.00859606462611096
0.00967434687471958 0.0473149316529333 -0.327141651603554 -0.287129134752773
0.0351123529352863 -0.015328001229479 0.0805924772611539 -0.550065763612474
0.0491178753183959 -0.031848623776331 0.663851152793535 -0.202009490670041
0.0563075763113831 0.0279030808738984 0.554118534906769 0.420375846568334
-0.0153575379084832 0.110585968212836 0.079717308115958 0.445950918885144
-0.0407786963318333 0.113380541000172 0.0631398723091746 -0.00440999242709149
0.0189133110605841 0.0827413438363184 -0.0595683652718073 -0.461163777857771
0.0618740969591196 0.0130354680181954 -0.683764543092708 -0.318084391560976
0.048943014171708 -0.0357427271213187 -0.641499350963164 0.471440855658091
0.0571960196173574 -0.00998916686680226 0.129539582053685 0.631216692358963
0.0419338952534333 0.040425407715427 0.43298521931922 0.182719477674121
-0.00698340760460237 0.0290335228722595 0.310096812336935 -0.12760240309705
-0.00792786568158588 -0.00548107123244094 0.0244955112781006 -0.216965317581277
-0.00405953315143688 0.00810039990709475 -0.0601253731306968 0.162370296830624
-0.0177998410306568 0.041239822867574 -0.247516833048035 0.0505431867085117
0.00982265857781529 0.0477631418718323 -0.375766285789663 -0.202004098009703
0.0300716253977173 -0.0171032411394915 -0.0644275400951762 -0.53667236948493
0.0451607724538658 -0.041226439406068 0.570981989923254 -0.366246410470477
0.0641222314011874 0.0122840815919032 0.635210683175617 0.271644159540086
0.000995535125299863 0.113424394249498 0.152767413969264 0.449553837045781
-0.0453730665302957 0.123265667989439 0.0542939183927033 0.042291672175577
0.00571776127168005 0.100509196829996 0.0177461129058686 -0.438672993480808
0.0598284377435858 0.0332948170512677 -0.591395901328698 -0.475770051380005
0.0532318081411171 -0.0293190646190884 -0.762120815382309 0.288270244445199
0.0563283969470247 -0.00938661285045483 -0.0406238389571021 0.66659226876771
0.0429068840161647 0.0415675491170176 0.391399553407029 0.289528921488779
-0.0083313480410759 0.0316488951347185 0.326518920013445 -0.0711435194779712
-0.00768237808464256 -0.00630833759603224 0.0393312950810676 -0.208731476745429
-0.00169035696530724 0.0169118446063758 -0.0627175604154523 0.144270789978958
0.00534581571812581 -0.0171186106567144 -0.225492663340034 0.00273662989654336
-0.028369690296497 -0.0307602054396644 -0.289052413862591 -0.312971925490803
-0.027773365777526 0.00456911296776493 0.121793052280349 -0.564694052896687
-0.0427829725641797 0.0221664459688995 0.692226020116135 -0.156464483641219
-0.0434938635667189 -0.0303145995574299 0.534102791597654 0.492218700638649
-0.00998003040168221 -0.0884562129991836 0.0520843892805954 0.483765363785952
0.0131438910483006 -0.107488333532034 0.0677586008141031 0.00577437469861422
-0.0374297198827245 -0.0775190859490008 -0.0713874921150552 -0.449723783008022
-0.0520486223361384 0.0273728730402737 -0.712526876355154 -0.26338330634401
-0.0201070422961861 0.0519083328092613 -0.62402593649811 0.523167993609299
-0.0105278654393498 0.00718495827826599 0.179644004488499 0.618845220111853
-0.00677136624422724 -0.0403661376268254 0.452685136951153 0.140867710496394
0.0185176081107864 -0.0300915562638083 0.310274223853475 -0.154319065497506
0.0051181729174192 0.00822067888788414 0.0261098108105767 -0.230391585657928
-0.00140756415384483 0.0154370569320173 -0.068484080323622 0.142759446300959
0.00140987288702553 -0.0090141211132605 -0.216028279031685 -0.02820359168875
-0.0206474505761255 -0.0208102207438891 -0.238539148219837 -0.371180495293771
-0.0169211863577801 0.00349883865976633 0.238893429024684 -0.532245486798152
-0.0322959034651478 0.00868217319615608 0.729676733361803 0.00772984595285618
-0.0249498242617493 -0.0346631626409279 0.433579415613942 0.59112194776203
-0.00193841730695579 -0.0722198697515623 -0.00158285543950465 0.463398611382743
0.00724382993090359 -0.0832313636434175 0.0746527158514417 -0.0337666360036265
-0.0349028878864518 -0.0542112046253827 -0.137701888365038 -0.457848536774113
-0.0334630509687631 0.0310871899212857 -0.747472436805978 -0.129214348733637
-0.00488931779301887 0.0417192642006331 -0.49880863642396 0.626128630643177
0.000730554204507614 0.00562564622909252 0.292019678155411 0.556251322596954
-8.77472647074244E-05 -0.027333292227353 0.463987143711146 0.0539978875048984
0.0162382743168565 -0.0209549457978957 0.290950448446206 -0.19529490354264
0.00191048422201405 0.00806172041820526 0.0112716545301211 -0.237988491623391
-0.00197052609014572 0.0157167484047851 -0.0724850366824206 0.144768807033644
-0.00453686155353902 0.00525807024154049 -0.211636573713839 -0.0507657931009522
-0.0129487823735071 -0.00525645407392608 -0.204538904309801 -0.401791140388319
-0.00335948463333488 0.000883222589817764 0.314777372538131 -0.495349399285451
-0.0147886824517838 -0.000154396195804277 0.733564682103285 0.117586404006167
-0.00714457540671638 -0.0239480313833187 0.3539809684083 0.642295649807106
-0.00522107231330055 -0.0395989697444402 -0.0341088190143734 0.442433783740321
-0.00242749255697782 -0.0460685786026018 0.0790946705452871 -0.0635657226632734
-0.0238994938546721 -0.0282516669665829 -0.180259900177129 -0.459943439629314
-0.0100173224584713 0.0259906212627687 -0.75834592155953 -0.0423954771815073
0.00928190951268484 0.0255278965482118 -0.409760143518642 0.678572756927032
0.01506867717538 0.00235900434198877 0.353434895048866 0.503853853536242
0.0100925262498265 -0.0120595632900317 0.461967481331328 -0.00192978606223489
0.012332284902183 -0.010522184385367 0.272516919359127 -0.218889059763701
-0.00120593396013396 0.00618311330734547 -0.000537942621329516 -0.241636425413134
-0.00231377262612865 0.0165984476738768 -0.0758825512758532 0.14592096525913
-0.00993716684800074 0.0204055768698783 -0.213037243384133 -0.0579296462489119
-0.00526179583104856 0.011664245588616 -0.196805459888835 -0.41099645352072
0.0107930792938332 -0.00240674447885438 0.337604329934613 -0.482033590398337
0.00510081553617797 -0.00502777884501218 0.731919184789125 0.151384679216437
0.00779702388818878 -0.00285103359060785 0.326671638718754 0.651483645710527
-0.0167668017432198 0.00499305109135036 -0.0402658001688569 0.428033749030666
-0.0138259899723437 -0.000347853284332527 0.0803157721602167 -0.0768795747890646
-0.00574010236317384 -0.0013024695089513 -0.197257930062532 -0.463495314935631
0.0137796100170155 0.0130807779507925 -0.759185176688345 -0.0167549302548483
0.0219450724110672 0.00462233141170618 -0.37803209179428 0.690625079953001
0.0301723068270075 -4.60014151799611E-05 0.370124503163343 0.4900330917014
0.0193090061895755 0.00506817230164467 0.459476341695972 -0.0155615995087681
0.00616424079715045 0.000894347176056942 0.266585363375073 -0.22310958026605
-0.00440757186594131 0.00283932631348111 -0.0050094006576131 -0.241820393779866
-0.0034395415408976 0.0159999647727547 -0.0766356613864991 0.148647110376929
-0.0145605995131193 0.0338007180062681 -0.223386392320543 -0.0491410866491414
0.00151505916413458 0.0283495590422957 -0.222783592201007 -0.397326477667235
0.0242894046082356 -0.00666501845115121 0.303548116667626 -0.498529810504887
0.0248611893657101 -0.0103340586451514 0.735219424819348 0.0957399668463765
0.0217314317939968 0.0187394941327515 0.368741226123579 0.620827680577563
-0.0266105324225613 0.0514233388459281 -0.0230806686538056 0.428839363899566
-0.0240994609379193 0.0468509339874973 0.0774918019358179 -0.0708104684730731
0.0111398905716409 0.0272608275343492 -0.179874422189663 -0.467951520006107
0.0358193535061432 0.00303884277110662 -0.756109748236033 -0.059738456288678
0.0318156241766359 -0.0161458076555953 -0.41596053778595 0.669815080246072
0.0425478251135404 -0.00443265102406834 0.343267746439143 0.516800679037895
0.0301234783261063 0.0216015829767209 0.46042467544994 0.015084921831887
9.86016194273378E-05 0.0109047628831861 0.273903108054827 -0.209520692199453
-0.00656925717903722 -0.00158259084051887 -0.000826790928865523 -0.237017157479163
-0.00426578764559771 0.0141171877025572 -0.0752694399136728 0.152566725138211
-0.0170800201796597 0.0430976673960914 -0.236404515965514 -0.0253858033045743
0.00659571995680516 0.0411793172632022 -0.272600995408274 -0.357232572710579
0.0335028244434418 -0.011668743961685 0.212764130965828 -0.535911699246315
0.0415402505975085 -0.0194721325329109 0.725627182871656 -0.0359050178005982
0.0402132929434815 0.0313811231094332 0.45790143111047 0.54702574625614
-0.0274834242726719 0.0901447067788977 0.0197080656197139 0.44103296098446
-0.033653431247449 0.0869818393432913 0.0723099608899345 -0.0455223638991225
0.0212999201789943 0.0562705223147605 -0.130409061079464 -0.475346255255395
0.0535566769420008 0.00179429429690207 -0.741345425407527 -0.164274504736528
0.0414428934525894 -0.0307313782872919 -0.513376537937329 0.604156231883591
0.05266086285053 -0.00870076020066068 0.265274293559115 0.577687481451354
0.0376508028366125 0.0331812263271487 0.460059006359759 0.0846016742492721
-0.00434553714632662 0.0223985314818177 0.293067812377246 -0.178951974430045
-0.0074545031236564 -0.00517318102755555 0.00951753553283094 -0.230665732949075
-0.0045971337539413 0.0112196689222598 -0.0703760012767925 0.158001613777683
-0.0189856884361149 0.0460773912152868 -0.247899650476131 0.00983272985320933
0.0103557685666586 0.0483919845254933 -0.333439932386458 -0.289825299048688
0.0357776642407364 -0.0151220396611307 0.0785265102627402 -0.556793702837115
0.0489729599621179 -0.0324293159872179 0.674367728240959 -0.208131790496832
0.0575588761552512 0.0274092895955303 0.563558726617563 0.424504103536922
-0.0151809571664299 0.113497964818418 0.0806053786918634 0.450550119394088
-0.0407409922824778 0.115198881616746 0.0639109424048774 -0.0051280532985708
0.019494480755967 0.0844382727556006 -0.061139037217542 -0.470068813135004
0.0639404532968076 0.0135571861932308 -0.695257176248966 -0.31996853732393
0.0506777237488908 -0.0362571289796208 -0.648332311888852 0.480387664706699
0.0578493774274066 -0.0107342710188742 0.133595109295331 0.640454193863967
0.0431062918355443 0.0408789430471423 0.441320437625464 0.184228381668744
-0.00689289683849071 0.0289511365691514 0.313839375510063 -0.131295374823168
-0.0088069729650629 -0.00702392991612719 0.0238985733297452 -0.221058823218948
-0.00337970176196156 0.0090483141421608 -0.0605879206678425 0.165320515781159
-0.0179640351440744 0.043283050314599 -0.25075219703791 0.0518640121311241
0.0104743105458349 0.0479049114288267 -0.382441508569949 -0.202384607570414
0.031800865419054 -0.0180671542736465 -0.0681766122751459 -0.542477211202075
0.0450851488365494 -0.042254216028455 0.576883511492742 -0.372577375475778
0.0646207426157157 0.0126888848367823 0.644720899256599 0.273195257368886
0.000635508327801299 0.116096676668866 0.15720491119592 0.4543671811907
-0.0451075051821756 0.125882080836136 0.055048016799543 0.0431619514014243
0.00591294701653133 0.102203993015596 0.0166170521414625 -0.445749028130293
0.0599313320557877 0.0333629541600608 -0.600620602913645 -0.483203837131891
0.0536905285657319 -0.0294100072389305 -0.770825281225011 0.295776893967634
0.05787772899407 -0.0107651583660599 -0.0405699962214242 0.677220049807699
0.043542092985454 0.0418961206783245 0.399868728493264 0.291271759963873
-0.00832744847418977 0.0329842210983407 0.331061763398286 -0.0742960063679859
-0.0085608118053082 -0.00654355744407312 0.0393605747713855 -0.214147895589129
-0.00133323223642142 0.01759746249565 -0.0626741091150645 0.148223385190501
0.00541577251411853 -0.0182408903627719 -0.227777609570184 0.00643098467857839
-0.0288941967441109 -0.0312103825257949 -0.295570061017138 -0.316161087325884
-0.0288923397258996 0.00384660977246229 0.118787919751647 -0.573339417588519
-0.042445089288875 0.0232435538535405 0.702535563883906 -0.163336392865187
-0.0441786007466229 -0.0311790742228081 0.54523238519599 0.494694464714265
-0.0113120673883028 -0.0895361020384271 0.0550547747486328 0.490029040409102
0.0127070404280186 -0.10920649278676 0.0694215740860828 0.00516355664851602
-0.0379993958268458 -0.0781153116968174 -0.0756369760430288 -0.456812683566585
-0.053014492149544 0.0280572048010907 -0.724339514559467 -0.262452318861365
-0.0195514026583283 0.0522511845130682 -0.628906918456378 0.535487822741676
-0.011234791678286 0.00675836807354964 0.184993533326504 0.62675418949399
-0.00802219043771887 -0.0414390684291942 0.460095744689243 0.1395704052018
0.0177989265641896 -0.0310846231721371 0.314431150069895 -0.159547165375786
0.00491263897959498 0.00824777891834426 0.0245993882176972 -0.235242197227986
-0.000745325832257273 0.016640196320856 -0.0680880623521205 0.147188959554877
0.000646766629457934 -0.00897617532075796 -0.218846942047184 -0.0278251813061695
-0.0209562776519077 -0.0207426799538497 -0.24641102669869 -0.37543103256066
-0.0173735980088748 0.00295089828392716 0.237574651673463 -0.542081595188255
-0.0319001446457899 0.0093154692272036 0.73807921582136 0.00183272272319956
-0.0248298276846101 -0.0354534819001435 0.443632932709611 0.598342767015967
-0.00301577356957938 -0.0728950280540502 0.00183989905695307 0.468910971876591
0.00648013379996825 -0.0846285392908017 0.0758917916081238 -0.036122778681515
-0.0358074079655061 -0.0545442188381338 -0.142662157297578 -0.463179410262752
-0.033581423674311 0.0327790029793946 -0.759888586683963 -0.125889767572398
-0.00411908698000099 0.0421086090257104 -0.501287484632773 0.638572644503155
0.00130755101898221 0.00504342009286851 0.299802402408068 0.561670991078742
0.000157790608791134 -0.0281744036620111 0.472613714545024 0.0505729211915028
0.0161583150158616 -0.021750689283448 0.292705415175806 -0.20093206937586
0.0021046651272317 0.0085473829210457 0.00940503846602334 -0.242121733332777
-0.00117353381872613 0.0168455818423116 -0.0719270254120449 0.14816544669201
-0.00385042910103633 0.00459890545005768 -0.214290011061209 -0.0502335850262531
-0.0128116817985083 -0.00598344243334507 -0.210684624444669 -0.407039858084203
-0.00354158292334594 0.000958465984081539 0.317490665796089 -0.504756322212056
-0.0154293847005859 0.000226592172788612 0.74445197851089 0.116003891391551
-0.00710860956238439 -0.0249315442089345 0.361731919581436 0.649464923708342
-0.00536151968601732 -0.0396830449775742 -0.0311421676173382 0.448295315821078
-0.00280855628976356 -0.0464995426464851 0.0801892284735903 -0.065174374617017
-0.0243482274845093 -0.0293004373025704 -0.186905415972562 -0.466126126663955
-0.010817647599245 0.0262643261494108 -0.769351108936537 -0.0364110894237624
0.0106049768498114 0.0250687559376283 -0.409561214251066 0.69147074217956
0.0153472960527525 0.00249943555217008 0.360586850159711 0.50793496200047
0.00942334640231673 -0.012659702657517 0.469309504110236 -0.00614892557724269
0.0118538239135084 -0.0106222820461015 0.275798606169994 -0.224500711262291
-0.000935386865912699 0.00699617420257396 -0.0016467954998439 -0.248137891244906
-0.00221157682024788 0.0169891829940854 -0.0752387295924797 0.150250485902696
-0.00998439933932325 0.0210461511496124 -0.216902235072584 -0.0571502927167692
-0.00545926378393694 0.0119492597399096 -0.203297648224136 -0.415627587275997
0.0109540931583989 -0.00243269490559892 0.33866702313148 -0.492422050668197
0.00521262884339401 -0.00506475612443299 0.744776769021744 0.148438661594059
0.00735114018343789 -0.00288671675233373 0.336586130772788 0.657975051024493
-0.0167450766507312 0.00571555510896322 -0.0379528022489344 0.435234244685052
-0.0130338953191451 0.000107482376421673 0.0807050157466343 -0.0792869366832051
-0.00550127176860485 -0.00141909567475656 -0.202035945655616 -0.468911752366358
0.0135856219652822 0.0131699207697099 -0.771299149779577 -0.0104796802414269
0.0225410617588345 0.00472948659022276 -0.377302786447494 0.703565802775125
0.0299721183874827 -0.00105595682945965 0.378730811063446 0.493998175365818
0.0201480153361172 0.00453399113004497 0.467583094159088 -0.0192199017351318
0.00605487603187076 0.000604235143971701 0.268965585426323 -0.230096480049927
-0.00401992763337821 0.00270627183253913 -0.00714344421070409 -0.246331003225325
-0.00300869221202306 0.0162040748322991 -0.0766761515126824 0.153236652675564
-0.0146923680039383 0.0350353458199598 -0.226887195950667 -0.0492045778917802
0.00172096001573777 0.0292366335332166 -0.2282074735425 -0.401839655782669
0.024428621327746 -0.0067579018028734 0.304144339036789 -0.507983342516574
0.0252889352009171 -0.0104874807436065 0.748401660407981 0.092410650655369
0.0229539928392803 0.0195166148894328 0.376540831243354 0.627153380629361
-0.0266637925243464 0.0530599909044693 -0.0198791051601529 0.434261962127209
-0.0243078036214281 0.0481057800734034 0.0778538216312414 -0.0719030229471036
0.011965425976123 0.0269421200557797 -0.185998232007522 -0.475321695133284
0.0366727197402476 0.00232309139143387 -0.768451956408767 -0.0538174367480184
0.0326134730293386 -0.0161887858521877 -0.416510334533326 0.683100507912615
0.0432322943460548 -0.0051649889274421 0.349951382674364 0.521554583771033
0.0301365799655601 0.0208992092650384 0.467997508930253 0.0112477202747712
-6.93137759083477E-05 0.0122556864485796 0.276476032872753 -0.21537153801344
-0.00637347808346921 -0.0013721606793991 -0.00265377908485384 -0.241384909543863
-0.0043521474422875 0.0140815106244182 -0.0747733647966683 0.156732565474095
-0.0175428992258365 0.0444836607781855 -0.239786231632616 -0.024224648623652
0.00806646064890268 0.0422195478281629 -0.278794771997062 -0.360331624047515
0.0336366479712713 -0.0117854966557418 0.211598149706004 -0.543894748157141
0.0421985212414104 -0.0203015171712244 0.737343753937205 -0.0405998614229576
0.0402117741760989 0.0318699530102515 0.468581526145926 0.551467110200621
-0.0267102503566048 0.0920590609668237 0.0209119613752262 0.446158573063267
-0.0333018455830378 0.0891647641800798 0.0723799084742507 -0.0463951244423628
0.0221708859344579 0.056777708329789 -0.136183972012965 -0.480206667203829
0.05415226513098 0.000942646476638642 -0.753724988779589 -0.162462523558894
0.0419804304144774 -0.0320524435065184 -0.516787783142341 0.617627930575604
0.0530745366512256 -0.00937901418630591 0.274444067282932 0.582955663197137
0.0387712514196506 0.033672022304316 0.466796764996664 0.0822103534790805
-0.00421838890751118 0.0225857237877072 0.294869349439569 -0.184890069346707
-0.00863630543111402 -0.00465202761471348 0.00724156968580219 -0.234114085619535
-0.00381974246807281 0.0113149126770632 -0.069939469375945 0.161829912057288
-0.0184072566587087 0.0472422533463443 -0.251383901365307 0.012907762200175
0.0110975817730815 0.0496913330112828 -0.341818692904525 -0.290713221309557
0.0363705216602543 -0.0156716866852153 0.0745181188197986 -0.564839723952315
0.0497552587479469 -0.0331762132940721 0.683099749164338 -0.214471116843292
0.058889542488012 0.0280053584655422 0.574270600711181 0.427781115636907
-0.0143954205440293 0.115248517690577 0.0868359893520576 0.456324949333849
-0.0403246759637298 0.117439576008491 0.0648241744027308 -0.00557420043613142
0.0200120466480988 0.085921166774439 -0.065046964364102 -0.474978985091539
0.0642876968018476 0.0136732974588786 -0.709237618723509 -0.319917948382874
0.050755980747827 -0.0375765725458112 -0.654281470702586 0.495146232771472
0.0587653719543397 -0.0118620456921599 0.140771022405757 0.650286659014282
0.0435431014569089 0.0406359339304097 0.449905227794634 0.182772071500452
-0.00691716397298346 0.0305119726952375 0.317204154950027 -0.137321646153418
-0.00886078613744051 -0.00642304868380408 0.0220817419509882 -0.225680291100666
-0.00322255560773772 0.00906913335992024 -0.0598074695437682 0.16863708948319
-0.0176796334363126 0.0435237479794715 -0.25428771472871 0.0548014862022264
0.0107760627489884 0.0487132096618186 -0.390693707472873 -0.202169700869648
0.0320702856680439 -0.0177421685896216 -0.073395090880489 -0.551349709843643
0.0457512737600013 -0.0432614205417297 0.584720040174695 -0.383672363064933
0.0663344152483788 0.0121998853469578 0.654896095430729 0.272231261056723
0.00194384239618586 0.11878533920678 0.160942937024931 0.46052576052756
-0.0449506578064247 0.128182351622115 0.0561779721495969 0.042725045316748
0.00687449486601368 0.103885419200728 0.0151587264503904 -0.450825244089361
0.06195346450672 0.0342470973741024 -0.613435501210012 -0.484385523085981
0.0542105332140495 -0.0300974965560125 -0.783193966548414 0.306787178651449
0.057819181952667 -0.0111886537925701 -0.0338663698159979 0.688951193645831
0.0434463370750161 0.0424009910069113 0.409090456158359 0.292912218294584
-0.00856122628428775 0.0334483906993564 0.336090193282629 -0.0792348003274743
-0.00940192374359707 -0.00658144008291708 0.0390479156297365 -0.218099078380171
-0.000791742711701098 0.017737931237567 -0.061519823152652 0.152760366764175
0.00549386613133115 -0.0181837811073336 -0.230166734197047 0.00852491491123226
-0.0293673151547197 -0.0312210209054434 -0.303867918877403 -0.317861984341729
-0.0290848006738196 0.00492715369905376 0.113032849595684 -0.584442436350505
-0.0433039979860413 0.0237744055181664 0.710896523082273 -0.172330614545053
-0.0452412328613129 -0.0309358939540157 0.557143512684453 0.495554606332548
-0.0115999097781638 -0.0909046490630683 0.0614321723283011 0.497080819060695
0.0118525444820509 -0.111038067654612 0.0706065456195496 0.00488855917111786
-0.0396380885094505 -0.0798450696014471 -0.0814700731413809 -0.461526904517149
-0.0535548356162815 0.0285409982087841 -0.737834151121882 -0.258346471455183
-0.0201242988570668 0.0537077941044675 -0.631802037277412 0.552267659191446
-0.010684758602968 0.00702350884081747 0.194064630571746 0.634393149197816
-0.00771866474301155 -0.0425033945368731 0.468670843860674 0.136466374876414
0.0181184158217261 -0.0317853759062666 0.317966030230207 -0.166195948645416
0.00534310390231643 0.00862831027859739 0.0227037640098061 -0.240134204589798
0.000252634447420546 0.0174673406005196 -0.0681220671905331 0.151314572796579
0.000714697006644868 -0.00878665208074967 -0.222073274258726 -0.0254580606275592
-0.0217409443613175 -0.020643500638393 -0.254157662258927 -0.378165864270157
-0.0173498990406933 0.00359376561101144 0.23652100055746 -0.55264869274745
-0.0327529694299094 0.0100070597089274 0.75084257605315 -0.00598069870261667
-0.0261069112357055 -0.0363170516582698 0.457091028357569 0.599004331819973
-0.00441950681947213 -0.0744498235979719 0.00628877825871829 0.475791068157439
0.00668273258160987 -0.0858063042313296 0.0771782758000747 -0.0364949087887224
-0.0376624398660115 -0.0552763840643912 -0.148646001969048 -0.469455893592494
-0.0340518703622753 0.032720215457296 -0.771821799414424 -0.120795716388021
-0.00376158825597889 0.0436674577054935 -0.501414429572796 0.65327163986889
0.000754814180351415 0.00389400751683279 0.309803011312317 0.566176247026994
-0.000108033920084291 -0.0294195532120682 0.479479231016133 0.0462315040988137
0.0159311378262628 -0.0216639074554486 0.294191391521398 -0.208758394002047
0.00207994631367317 0.00918260558233852 0.00791719517131801 -0.247787141174704
-0.00157016805322864 0.017591699017349 -0.071274524550816 0.152638972621592
-0.00403158700367057 0.00554938533846591 -0.217401526821054 -0.0488064509294868
-0.0131378977084931 -0.00524222114683092 -0.218305791806451 -0.410796812108931
-0.00394785632942793 0.00145225655676795 0.314616279289636 -0.516068927663883
-0.0158349876153131 0.00029966834849038 0.757366773209091 0.108557255757905
-0.00731387306515755 -0.0251458578208942 0.372185442729127 0.655919510772382
-0.00670999635703677 -0.0394246100920822 -0.0282531587474657 0.453999923592873
-0.00277033443670883 -0.046994296258698 0.0811440630690768 -0.06822832620068
-0.0255421473171801 -0.0292202186122435 -0.193058261827545 -0.470337957488804
-0.0101988941336282 0.0264392117495283 -0.781835453987363 -0.0292865956564289
0.0100555895606569 0.0262850839051221 -0.406099795481481 0.706212214007802
0.0157363269399306 0.00226381393570226 0.373686889329326 0.511257882130927
0.00993159379650278 -0.0123882805418305 0.477106853831106 -0.0116197827896862
0.012010060985369 -0.0114788385284526 0.277602322142965 -0.232556706233243
-0.00155373689753281 0.00668889068782561 -0.00398424927360853 -0.251260611748996
-0.00199484791339891 0.0172265024709867 -0.0750282585368486 0.154940654094636
-0.0092252166110406 0.0213444929496112 -0.221395355507406 -0.0565259505539881
-0.00477238369201709 0.012104445030592 -0.212566498684511 -0.418445847109693
0.0100375652754246 -0.00274150972319892 0.338428469392119 -0.501518704500331
0.00485435793443391 -0.00568242704632992 0.757863005511844 0.143238389605389
0.0082398547468752 -0.0037317610246842 0.347771079098547 0.663563444662731
-0.0164780309493313 0.00545633382263507 -0.0344958937564528 0.440504658184645
-0.0131546615019584 0.000168008816629695 0.0813105689542652 -0.0804211792127918
-0.0063126012703012 -0.0014490930993772 -0.209607181061632 -0.473425207297182
0.0139257250000801 0.0132431702126765 -0.781304745050682 -0.00392882447822565
0.023054691327929 0.00418180878359029 -0.374915966631485 0.718217989660611
0.0305423558111736 -0.00137295946745353 0.389039257942291 0.49558555500867
0.0201073860276049 0.00401888415569331 0.474291990783931 -0.0251856734786588
0.0055012794578882 0.000523351036934771 0.271902253205812 -0.237027791322249
-0.00434459136579603 0.00313261941881733 -0.009511660709396 -0.250627804980131
-0.0026946954786075 0.0170906868682686 -0.0750641731779835 0.157596203661434
-0.0140397317968807 0.0356310939415788 -0.230639193849774 -0.0472894233733192
0.00214604268230452 0.0298239439721679 -0.23718377833551 -0.404436318970148
0.0245844709298622 -0.00756601883192694 0.302095581548476 -0.518509379920859
0.025402331152675 -0.0107726669802956 0.757691368147502 0.0852876635662786
0.0230178041519402 0.0183064267133601 0.387732767790375 0.632468475700205
-0.0263998003430572 0.0544680224710414 -0.0160771667543811 0.44035940317634
-0.0234584622915646 0.0486905824163363 0.0789439832358323 -0.0738559813726992
0.0122317002997003 0.0271723565091599 -0.192141551451238 -0.481149033728579
0.0363120577616466 0.00203551454431529 -0.7803165240657 -0.0456482834179402
0.0328754222708584 -0.0170765804027736 -0.416225190569846 0.697328124358481
0.0436073512813778 -0.00655908694558873 0.361572122590102 0.524741096389254
0.0307533299397275 0.0209455060088475 0.475767588159716 0.00761225961010474
-7.67951420939904E-06 0.0122555021042479 0.278459555018959 -0.22375068667238
-0.0072810302973131 -0.0011795436469553 -0.00594975667572965 -0.246111797795014
-0.00355278572426487 0.0144800590104074 -0.0730764842384469 0.160486781291981
-0.0173292340307967 0.0456326827021886 -0.244570476121664 -0.0222929386337055
0.00854931245760106 0.0430627053243196 -0.289505847363692 -0.361075655918446
0.0339040488926478 -0.0128364084078946 0.210103800463955 -0.555810736930047
0.0422775884118818 -0.0206940080357848 0.745305905232554 -0.0489061137483277
0.041728126251225 0.0312170723581744 0.479919119295467 0.55477571808083
-0.0264439874806578 0.0935551937027932 0.0258193105639848 0.451186825197002
-0.0326335785349275 0.0912828740861397 0.0739440483575799 -0.0483119371058321
0.0227427553104935 0.057534250275624 -0.142193887048013 -0.486967468177036
0.0551829661650643 0.000245102293669313 -0.766373153189115 -0.158185977375941
0.042729120987711 -0.0334089833556295 -0.516719667888362 0.632096276660956
0.0542570740642534 -0.0107373633548844 0.282673595773508 0.589711019668496
0.0394002266907607 0.0332314667508853 0.475407192955253 0.0787307853410397
-0.00473902749290766 0.022862266607504 0.298228586682901 -0.192185118013579
-0.0088721045267439 -0.00399861451630861 0.00457666285383429 -0.23816169712849
-0.00428226950164927 0.0119090683429079 -0.0671057185433304 0.165890223513761
-0.0185369487038319 0.0481589139744972 -0.254927698422774 0.0151473651651871
0.011925987470313 0.049561295633946 -0.349433516374124 -0.28919452872845
0.0367879250399759 -0.0171741825165461 0.070514336258906 -0.574562761057363
0.0498053468264312 -0.0341349997466909 0.69179876246975 -0.225092685880371
0.0595606966203652 0.0276193588265527 0.585765118285437 0.428211002766019
-0.0139978271844906 0.117423529377159 0.0914885682268387 0.462048613841506
-0.0393878107252127 0.11985055771659 0.0662393441133108 -0.00612689188202107
0.0207114382762356 0.0861463680965251 -0.0695238754150936 -0.479708874404101
0.0656970630990704 0.0131801604905185 -0.722423254206806 -0.317434749769962
0.0516590138445939 -0.0385478981613681 -0.659239446408948 0.50542350950442
0.0589202152423582 -0.0126916904093456 0.149158664447144 0.658122194630688
0.0448383504815722 0.0407973116270182 0.460752377698141 0.179946450088607
-0.00683013864962694 0.0308315704628316 0.320435941817002 -0.142887405543068
-0.00903613324977057 -0.00633598037100165 0.02053365804469 -0.229871778754428
-0.00360391301882378 0.00867427236160176 -0.0585117233000028 0.174206643108361
-0.017655036067901 0.0450624225399626 -0.257588874555766 0.058778059295406
0.0117200090469046 0.0499877365448123 -0.399353305146628 -0.200335362721275
0.0321377600817039 -0.0192829009936573 -0.0812066805060757 -0.557074789434681
0.0455784732212823 -0.0447036437367978 0.589210745538946 -0.394881361827652
0.0669514987745403 0.0115488576508258 0.668240098015532 0.269072724096752
0.00340311716182281 0.120434384780327 0.168587154266169 0.463242645048718
-0.0436519301427313 0.129630167782303 0.057556376258474 0.0430066057833382
0.00802472944459224 0.104518481636237 0.0116555854803022 -0.457498560557704
0.062871739857266 0.0337022594493165 -0.627759912313826 -0.486265743120146
0.0547116649054278 -0.031900687652249 -0.792061749982782 0.318353645789578
0.0587483566243092 -0.0126016013125933 -0.028736381841044 0.699481686090796
0.0449279294361158 0.0420992660060872 0.419222360047605 0.294431755669102
-0.00804062480706802 0.0332772001279522 0.340598141136909 -0.0847919206454399
-0.00978697825586522 -0.00623381885357433 0.0369706823071935 -0.223212649563722
-0.000151480999458197 0.0187045630629923 -0.0602947815248569 0.157621497114543
0.00584645972248365 -0.0182136707911711 -0.233132077758697 0.0118009082044063
-0.0301715625772714 -0.0313510661889169 -0.312699788154235 -0.318079414480253
-0.029067181569874 0.00534756142333989 0.105958395992587 -0.594111527549027
-0.0431201040886336 0.0247060642410223 0.716341482293301 -0.183722308146448
-0.045945779308012 -0.0319952071022656 0.571657602831564 0.494337744854885
-0.012984510259955 -0.0918411686230475 0.0685649160000903 0.50242970677605
0.0110071659237745 -0.112045023720381 0.0717122785345891 0.00446314535779105
-0.0409215493293912 -0.0799760900919851 -0.0876401439113011 -0.466510528740639
-0.0532420288163826 0.0296943447380061 -0.749969167440227 -0.253244104334305
-0.0197524554093538 0.055000830492764 -0.633749106330566 0.567810527488858
-0.011432033909001 0.00718148119488165 0.206601561924482 0.638799065915052
-0.00895478702895151 -0.0437145472942312 0.477542686411134 0.132002498227127
0.0183077256523361 -0.0323704772478957 0.319278637887684 -0.173741634827354
0.00590940262225897 0.0080429435725008 0.0194588007164266 -0.244436184782179
3.43708675626777E-05 0.0174138843716779 -0.0669069862601665 0.156252603913994
0.0012240316640388 -0.00962135487717456 -0.225309562876068 -0.022035326147667
-0.0220767959586035 -0.0214115577843556 -0.263438453552034 -0.378520920237319
-0.0174769800126062 0.00361796762818701 0.23139288521348 -0.562857625482459
-0.033185677575142 0.0108249920576948 0.76119722527068 -0.0167467650281831
-0.0263675550925149 -0.0365828508947854 0.468749477159125 0.601392713682694
-0.00483711882139501 -0.0751226066412417 0.0112896009874728 0.479504126076355
0.00559981551733319 -0.0863660839297381 0.077697184051467 -0.0377513482223437
-0.0381399837382352 -0.0552073969443054 -0.156860759130352 -0.473553928119807
-0.0339508653303025 0.0338325257169972 -0.784713698042298 -0.110929605590633
-0.00335073041505051 0.0442374142995358 -0.498982344160935 0.67033742262703
0.000881412373185948 0.00430192359051628 0.322152397211909 0.568947476300748
-0.000507030502750986 -0.0295703475121971 0.487507856033752 0.0392344016221381
0.016111426942883 -0.0225560045574055 0.296088269989674 -0.216313206781304
0.00163979122169072 0.00931399755677615 0.00453187158656149 -0.251403015505536
5.56695249281647E-05 0.017862546598382 -0.0699332153872587 0.156855766994112
-0.00421666307400659 0.00542026005652065 -0.221798878395016 -0.0463956670447203
-0.0136488089235028 -0.00536134134272672 -0.227364205225922 -0.412303138487464
-0.00325725817873768 0.000690475602334822 0.31273825063518 -0.526189829029907
-0.0156383496694149 0.000839704885058724 0.767837489450558 0.100265680783606
-0.00734249732693322 -0.0256683182128602 0.387242683739069 0.657950745774566
-0.00633404147186748 -0.0393216691820928 -0.0224428222187154 0.458660533468214
-0.00382617627367617 -0.0471756694507715 0.0810971009565427 -0.0683169008265761
-0.0260161690870614 -0.0293894263266158 -0.20141702964773 -0.473492892113744
-0.00952305010995467 0.0263548027603428 -0.793431038008842 -0.0196957867466266
0.010854578898902 0.0266365793574473 -0.403316032493272 0.722471694258785
0.0155846663193726 0.00158298917668231 0.385511062079453 0.51300662003554
0.00885745269070123 -0.0128738236209966 0.483513128611326 -0.0186471334697935
0.0115887161322783 -0.0117455468631336 0.27855260701289 -0.239002436332605
-0.00187052077526545 0.00660163489150627 -0.0081055970988938 -0.255044920484037
-0.00120157735394687 0.0172682370424747 -0.0733155711197619 0.159120782233847
-0.0094346005088558 0.0215730981367737 -0.224331386603056 -0.0541555695618551
-0.00406675875030787 0.0129934387166226 -0.222090327208388 -0.422304752378024
0.0110301295290719 -0.00289089349943053 0.337692943540974 -0.514041084051467
0.00506177117349237 -0.00595913927668445 0.76956041006598 0.136871752072522
0.00833018540205818 -0.00372325806660575 0.359980501861761 0.667850579778684
-0.0171238495356837 0.00714152480424586 -0.0291562020569819 0.445782338598084
-0.0135355553700236 0.000874234762167631 0.0816803986615551 -0.0825639629064253
-0.00667683511919006 -0.00194921707776203 -0.218321743941556 -0.476435194757973
0.0142424200628917 0.0133022790892015 -0.793098409807798 0.00746194222378409
0.0228892795781853 0.00428951062965943 -0.371171223184793 0.732236497897416
0.0314900651808553 -0.00234218616815262 0.40094660292596 0.497326898081611
0.0203139281784303 0.0040903254017557 0.480123267665604 -0.0333761204458011
0.00517249803756582 0.000926572921858347 0.271360533393699 -0.244884040176146
-0.00439654582799805 0.00309039156830142 -0.0137151906755803 -0.254708474406799
-0.00234140434987832 0.0171281868420134 -0.0740326426988375 0.161263518178677
-0.0133920765508242 0.0364967683326414 -0.233716400326822 -0.0448248713506455
0.00315241802365364 0.0302086855412917 -0.24616657819137 -0.406289560364753
0.024575866490958 -0.00826242281050113 0.300300530596669 -0.529832010295636
0.0262761445048223 -0.0120049404960265 0.769408353266257 0.077703832650375
0.0237619052997963 0.0180010382578809 0.400698774178709 0.635442727758442
-0.0261556475138546 0.0554703116305286 -0.0112865857017554 0.445000614888102
-0.022918170967692 0.0500326674726651 0.0790474513277658 -0.0765303807970434
0.0127664034483745 0.0269847704437046 -0.200366208924335 -0.484367303705164
0.0368375234647044 0.000959689146336089 -0.790295684005675 -0.035560123360063
0.0329554483477034 -0.0178096145408287 -0.4133211230631 0.713602569122305
0.0437206339248803 -0.00723447174470793 0.372556786495169 0.52778401603099
0.0313569884029671 0.0199790918502321 0.482627094048702 -0.00168408333284791
-0.000294295687899938 0.0132055599114332 0.279635985112886 -0.232020214234663
-0.00683021067132004 -0.00119000758427134 -0.0104475051592122 -0.249896882813749
-0.00367848446056383 0.0157539924942541 -0.071702208902521 0.165140121150561
-0.0171686973328848 0.0466133683822944 -0.246993379226536 -0.0194622083749344
0.00975229075271219 0.0434926539446861 -0.297510392457113 -0.361386639327891
0.0332659564120351 -0.0135910791975537 0.204312841513249 -0.564768937426688
0.0425516966088294 -0.0215778411546948 0.75555148454527 -0.0582949805457152
0.043057058414278 0.0307261705049906 0.49132784450162 0.555168641071573
-0.0248731077286509 0.095918910338858 0.0314642896190413 0.45551796063163
-0.0318521075777811 0.0934327212931346 0.0746532153079041 -0.0491888702460355
0.0234695352401739 0.0586718088621519 -0.149455519863693 -0.491489412720454
0.0555875207862905 -0.000202082031367186 -0.779557585371777 -0.150262031830478
0.0424924866472814 -0.0339812275025051 -0.516721169781236 0.647175337886682
0.0544200470212837 -0.011221506288094 0.294905315076444 0.592488232379579
0.0401044679525848 0.0331314596632948 0.483566019514548 0.0706156970229464
-0.00400023896377735 0.0243084774797514 0.299584575647796 -0.199150740170755
-0.00863931877824592 -0.00486020443007033 0.00137340693366016 -0.242336104221932
-0.00401391944486471 0.0121977358731994 -0.0667005602281466 0.170331585503912
-0.0176059261287872 0.0492514654885138 -0.257682678411351 0.0185301427796181
0.0127401932985599 0.0502165007914633 -0.358805005444015 -0.289026076526793
0.0371224510925852 -0.0174478919238072 0.0632839449522462 -0.583190727444961
0.0498094038142615 -0.0354765231395092 0.696873544889582 -0.237006953519422
0.0611054198357612 0.0263678642963275 0.598532979934391 0.424837644495998
-0.0122054594928837 0.119801543465589 0.0980370929899924 0.465589922541725
-0.0384453373134486 0.122254493354038 0.0676872445731409 -0.00649282483570394
0.0220845463881424 0.0868072258016055 -0.0771779779351298 -0.487685933657047
0.0661035266025964 0.0120090630645519 -0.734883117421667 -0.311226366359473
0.050807667591451 -0.0396175383480126 -0.66165806972641 0.522170786668879
0.0593737354727243 -0.013999196858257 0.161533789910247 0.664483987969661
0.045334528571394 0.0412106571074774 0.468216975132663 0.176389015037646
-0.00658494328303266 0.0313986474898257 0.323146706206887 -0.150608814621029
-0.0099901853503648 -0.00674383681989712 0.0174006454853466 -0.234449133427631
-0.00302969861496947 0.00904869283181306 -0.0554018395923182 0.178698937580267
-0.0174567008296748 0.0457192993685611 -0.259473987681427 0.06355752482239
0.0133637483708467 0.0507883331117048 -0.407870411934287 -0.195761720207324
0.0314006317897479 -0.0192028738163216 -0.08942587539325 -0.563831850837348
0.0454075010266356 -0.045652618938448 0.591019100573242 -0.408011623954439
0.0683925497904324 0.0106059484241561 0.680320018752567 0.264404415129131
0.00516932169964952 0.122106273212445 0.174486108348131 0.466410445006221
-0.0432555696627829 0.133179671979884 0.0591078991731604 0.0437191233590781
0.00959772269524492 0.106080829488611 0.00586480802014085 -0.46375336252868
0.0634758400570153 0.0330701846460472 -0.641608675790875 -0.482759602466353
0.0546503920103826 -0.032468549453517 -0.796110282192632 0.33409072369144
0.059348578892926 -0.0140852533781077 -0.0194412007747729 0.710943772818753
0.0450856824541227 0.0421528987616535 0.429683138383329 0.291446603000677
-0.00803986846666824 0.034262656319158 0.344993350488143 -0.0910997505203456
-0.00945951219490436 -0.00647401596385102 0.0347624279371978 -0.227269257339106
0.000455674019536978 0.0192598574554681 -0.0586658009058423 0.162439959704281
0.00526633888717792 -0.0188826893372594 -0.235803273894888 0.0162325108426603
-0.030909744871694 -0.0314573331654935 -0.321204790578767 -0.316441417432493
-0.0297750314800541 0.00595836426607198 0.0972006401038502 -0.601903389455528
-0.0426334317173943 0.0263984376528198 0.723027303817269 -0.19893257590449
-0.0469064049872421 -0.0312101791520997 0.586429603459709 0.49094955152681
-0.0150338922470845 -0.0925040912683004 0.0778772276525816 0.503554861953658
0.00845031811329476 -0.113665276221504 0.0729628792907469 0.00359549502598093
-0.0428155345966307 -0.0807474132607807 -0.0946362101264 -0.47082280041657
-0.0537443553027569 0.0312098396009708 -0.762789836389956 -0.244305994701619
-0.0188196814155637 0.0550775055528414 -0.631139437145552 0.586782566107239
-0.0118981810698952 0.0075463749555017 0.218586295930848 0.64367589507531
-0.00965313359765533 -0.0441930325423904 0.484830476982751 0.124487524416105
0.0177202671991921 -0.033120285669631 0.319848176908715 -0.181546108121388
0.00587574125965572 0.00880184810421122 0.0155512549933759 -0.249302525703285
0.00131466705523502 0.0179079891813671 -0.0640749584786926 0.160677891100387
0.000530945244848085 -0.00923136771569778 -0.2276905277941 -0.0189653201217235
-0.023104089424228 -0.0211855140718057 -0.272692155061775 -0.378533972563436
-0.018403973514104 0.00416139244187699 0.222859349624932 -0.573653064519657
-0.0328583904008331 0.0113866458395817 0.769758528439941 -0.0289771699450663
-0.0268623852673497 -0.0373174737929878 0.484120828054758 0.601855310908987
-0.00568253752655972 -0.0751696065516333 0.0201729208008099 0.484591789300738
0.00411079362447723 -0.0878018514428135 0.0781037111115901 -0.0391618581086905
-0.0406171668953442 -0.0560878124168554 -0.16374090357981 -0.475800688238422
-0.0338238503911912 0.034596262653622 -0.792579243703651 -0.101528205452636
-0.00292349703413524 0.0448387280642796 -0.493390731827013 0.687345780288098
0.00101708863337435 0.00371032636312118 0.334346758715503 0.571249371054458
-0.000747324243082774 -0.0311701774366329 0.49227088227341 0.0302256691818318
0.0161062310517028 -0.02380238148904 0.295768420837122 -0.224406269494434
0.00337926212025626 0.00889894814474919 0.000294761386512343 -0.254647858503368
0.000612523405012706 0.01797520172975 -0.0677692583270241 0.162090089205963
-0.0045136117009716 0.00581905319329608 -0.223913377893871 -0.043343386008651
-0.0136617556209468 -0.00537508481380979 -0.236423323101307 -0.414274165858442
-0.0042037781208354 0.000815096791066932 0.306971683524257 -0.537951700141016
-0.0161838849947368 0.0011105035643988 0.779577021166874 0.0898884590546192
-0.00779063343622461 -0.0263190313856365 0.40100363938519 0.660131507219756
-0.00746225518748474 -0.0399021175981579 -0.0156659172673202 0.46272334800061
-0.00398743842071117 -0.0476910257029565 0.0813681004048532 -0.0711092475098743
-0.0268409007045028 -0.0296802624823137 -0.210866345881311 -0.476225584570784
-0.0100971979081805 0.0278381673252498 -0.802205080759495 -0.00679242694168392
0.0118229981406224 0.0263924876257659 -0.397225881897537 0.737369421544648
0.0155224567637935 0.000400042422089613 0.397594407414118 0.513111818181453
0.00948807300149593 -0.0142862152421758 0.486896494248372 -0.0280994096012261
0.0108613139455254 -0.0124409503365159 0.276615243995606 -0.248085533526862
-0.00132431997509434 0.00780983133002553 -0.0118514846793118 -0.259086207935599
-0.000206876036195801 0.0175316664304748 -0.0705762811014416 0.163636907635589
-0.00933180808767765 0.0221909593014041 -0.227219037069735 -0.0518412146155674
-0.00439881669157193 0.0134184055389078 -0.230485048978215 -0.421697304450388
0.011272057460934 -0.00347285294891025 0.332796301756053 -0.523801055230212
0.0044972653418473 -0.00516192637402293 0.781192926968439 0.124804708693967
0.00802275742089159 -0.00413427734712253 0.374873302823711 0.668595243679915
-0.0170679952718046 0.00761848537063495 -0.0231859743511179 0.45038907642254
-0.0133936137765167 0.00114295572243698 0.0819235307533727 -0.0852669336971366
-0.00642129842792215 -0.00167864086434392 -0.22698895086009 -0.479181940012781
0.0143991372305163 0.0131292813386621 -0.802001958144912 0.0209313654026906
0.0237577114916092 0.00392753625030522 -0.363727001215251 0.750289652216183
0.030282465236684 -0.00305401024850127 0.413812565019406 0.494973067361911
0.0207478559370361 0.00351281845437656 0.484675430753768 -0.0422117992119569
0.00522784404017526 0.000431354782279482 0.269953434512947 -0.25367865630008
-0.0046938873405436 0.00297468447255595 -0.0175673230316148 -0.258577539442535
-0.00165568413935011 0.0173207687815712 -0.0715580321919839 0.166282846262341
-0.0139443685435172 0.0376392170199468 -0.237286312307411 -0.0411695820551447
0.00387422699676613 0.0301442635587821 -0.255942686745621 -0.406761530182006
0.0241949440413198 -0.00916974178511889 0.294214505550883 -0.541526286178666
0.0254235605064996 -0.0121842722568154 0.780180342342231 0.0654500238375119
0.0245769839976441 0.0176604377382499 0.413602851153151 0.636838916279843
-0.0255783855517497 0.0571002003358297 -0.00478021077328609 0.449425869640483
-0.022481128799139 0.0505603654665824 0.0787986708347795 -0.0774568150049356
0.0125142090336229 0.0276291765956625 -0.210526171302971 -0.486809067878522
0.0371011832091335 0.000541998158492119 -0.799479410258795 -0.0249142808549919
0.0339843693038478 -0.0177190985818205 -0.403716812285066 0.729009558293291
0.0441817924279902 -0.00775105554280226 0.38708528203256 0.527510536557091
0.0319176769779203 0.019073840600459 0.48771679481195 -0.00871576384419805
0.000166259139459429 0.0127215674442929 0.277391033089567 -0.240169149414385
-0.00766573105936743 -0.00143594443996427 -0.0137581801202105 -0.252970779727243
-0.00156033687511819 0.0145839544977413 -0.0695032584036099 0.169183399877344
-0.0161933479620138 0.0474204572162744 -0.251413764624693 -0.0158445803518918
0.0113560826034346 0.043334207981922 -0.308431450266021 -0.36071642716327
0.0337988428526084 -0.0140183396748445 0.198931795080359 -0.5739882997144
0.0427119192470846 -0.0220071430564264 0.762943034322616 -0.0719911772122332
0.043793716510102 0.0298290780980269 0.50604160185405 0.553209254945862
-0.0236784915444697 0.0981659912090045 0.0382725934317285 0.458982488619489
-0.0303654412306743 0.0936573982029311 0.0744360381911244 -0.0513353373551275
0.0251680330978473 0.0582690940152364 -0.160031530844945 -0.494285421880132
0.0558303588563915 -0.0017028425696546 -0.790632927997198 -0.138655027673692
0.0416668937402347 -0.0352141332627014 -0.511609469822875 0.665016737924008
0.0543241821208118 -0.0128082086563605 0.307034708159309 0.594887416549305
0.0413065348261088 0.0330193945881228 0.489563858721204 0.0643923012394456
-0.00393713587448539 0.0240349395926575 0.300252743224326 -0.207300037432573
-0.00856661133211416 -0.00418874665277178 -0.00355562603359845 -0.245965417219837
-0.00335987479667688 0.0117169720120527 -0.0637573350334152 0.174591337346896
-0.0167711348659798 0.050608868450974 -0.261268782855317 0.0235374680294327
0.0140663203014689 0.0508739684677588 -0.369217705006792 -0.285129915235618
0.0369813338221798 -0.0187886483486511 0.0538751567522287 -0.591554082363555
0.0499947538099045 -0.0366231920673345 0.700548955348587 -0.25322839104445
0.0614200815148453 0.0255831404458748 0.611672789907607 0.420622394192453
-0.00957376756167903 0.121820312822567 0.104923130858194 0.469757460181341
-0.0371889644985441 0.124778685626632 0.0687163569831876 -0.00855975181320896
0.0241753272536467 0.0878143013473286 -0.0847871872280298 -0.490437253877482
0.0660638771135175 0.0102490468580452 -0.749139800005677 -0.304291708493263
0.0507018266145194 -0.0405423226801838 -0.660061743745147 0.540683343590607
0.0609345307650826 -0.0147537742471607 0.172692401059953 0.670661384155226
0.0474359001406976 0.0399360491916198 0.476276857654319 0.17053985204005
-0.00603520599481167 0.0322920697464773 0.325342205494042 -0.158914984154186
-0.0104574200300141 -0.00577414900000656 0.0136810171932285 -0.237550131945114
-0.00343696730445265 0.00932157919969703 -0.0535725762844557 0.18225073882416
-0.01679860036458 0.0464775044804602 -0.261759086820094 0.0690018228682629
0.0139176513900603 0.0516593493313759 -0.416152264509016 -0.189920542629054
0.0316861325430507 -0.0201627114765035 -0.0997997131021783 -0.568231132334805
0.0452774615034634 -0.0474735126604149 0.59057272321072 -0.421902197204208
0.0688602594014505 0.00980671051980267 0.690587240834871 0.255516721340892
0.00827908352459453 0.12489902176903 0.185624188617758 0.467888939306649
-0.0421955449178297 0.134883923352317 0.0609107649853279 0.0419168178194292
0.0109780674750617 0.106742704659965 -0.000596501053768658 -0.469655773480914
0.0650151167199706 0.0319512437715318 -0.657094832175837 -0.4799170151879
0.0552892111782046 -0.0340609397935274 -0.800824615354757 0.352015404563677
0.0600200153519727 -0.0149130647570038 -0.00674108892334611 0.717251253574451
0.0462375968169164 0.0413524231018372 0.439017700184416 0.287819297204664
-0.00745662960709205 0.0349500403125746 0.346322276929259 -0.100370728364312
-0.0111560090227225 -0.0067100223162398 0.0309932528894457 -0.23051826303946
0.0031746828132307 0.0199925280831324 -0.0375834342354304 0.169016907615344
0.0025953841354536 -0.0186345261759513 -0.231945876363325 0.0426579762027622
-0.0362418238267821 -0.029167802967946 -0.357901632548833 -0.281416472787335
-0.0319931436597213 0.00474247059155064 0.0308609998267517 -0.607851449062722
-0.0389058809079733 0.026816385418604 0.694464586645773 -0.276789058224422
-0.0497530813566509 -0.0257228039068174 0.638860357045162 0.420433789179423
-0.02423788086702 -0.0910727810902857 0.142185077507668 0.495240394720821
-0.0041949014141885 -0.115433274231331 0.0731370826343313 -0.00461398326722383
-0.051481508307444 -0.0758247188364096 -0.157631267266248 -0.459152054707579
-0.0507441883375754 0.0346315777868632 -0.794804888796943 -0.145532212100153
-0.015863337419516 0.0577284270625959 -0.55560617592286 0.672929007235737
-0.0160065805614863 0.00769139770221501 0.3144334623266 0.616799639223661
-0.0178544122488213 -0.0434822187795347 0.507838351710033 0.0576652670248793
0.0125438199745205 -0.0356892971649118 0.296157328299696 -0.228978543940042
0.00704352606387269 0.00813122017075497 -0.0214550345730796 -0.254133054713428
0.00300704318334639 0.0191574101628302 -0.0436933950660856 0.168169186956106
-0.000140584808437175 -0.00818753562903344 -0.228420737796283 0.00717178579081799
-0.026449997918911 -0.0194292002644773 -0.317169968411428 -0.349555409803153
-0.0194980416520573 0.00122579442215914 0.161731775649691 -0.594325775271346
-0.0291585993184205 0.0121818998071463 0.758204157890282 -0.111465133818937
-0.0309141217402372 -0.0329923809675771 0.549760553202022 0.540213078356418
-0.0125428753589731 -0.0740453047070258 0.0807245167884834 0.48275821322349
-0.00673324879460705 -0.0896554810496658 0.0740501670212487 -0.0483653599880958
-0.0459727607468702 -0.051990823789154 -0.226391373659189 -0.455432060504322
-0.0313460295708758 0.0363339254165106 -0.808729325816483 0.00271068280572235
-0.00124480112927572 0.0448813288101835 -0.40325435633048 0.758660137825163
-0.00352304149638133 0.00440225192544647 0.421402855865885 0.525712234568921
-0.00763412315581704 -0.0314919063416675 0.502675137738357 -0.0386863545269329
0.012216078948078 -0.0256245465423624 0.264838238351968 -0.267483057554862
0.00362512254927582 0.00789365421650649 -0.0395993059949357 -0.258006317440231
0.00242837206957681 0.0186992335816335 -0.0470167752174469 0.168980557845755
-0.00446735638595653 0.00658676156353888 -0.227944297895546 -0.0171476734555057
-0.0156689380372658 -0.00393099693191303 -0.282779401046383 -0.387397421058197
-0.00428090361081588 -0.00383336689575917 0.248435196318738 -0.567052311856552
-0.0115222660712618 -0.000281709288072664 0.781276459996589 0.00339575306084152
-0.010657635047325 -0.0250444562705999 0.474000363062506 0.609152452608315
-0.0099595297569868 -0.0389718503128724 0.0429151303559706 0.464939652399474
-0.0106899191741631 -0.047267602458996 0.0732867216911715 -0.0797840611075678
-0.0288349632327359 -0.0259891089852476 -0.273646105299776 -0.450344714993935
-0.00722365626904668 0.0263750029036961 -0.805908303872023 0.0989351828032346
0.0117179081999794 0.025712234388583 -0.300255234818194 0.794876934725619
0.0108897280242055 -0.000436913673333383 0.473662185365526 0.457874977937188
0.00519922656866765 -0.0154236904066271 0.488897887363291 -0.0955894052686509
0.00972556101997474 -0.0131011888772495 0.241542187289005 -0.288942515869479
0.000211685652524944 0.00728880958305362 -0.0515367497125751 -0.259480646104212
0.00244970175196549 0.0189309084248786 -0.0497543554110023 0.171339418466127
-0.00782208239148964 0.0236296205276786 -0.231565936511596 -0.0237498263592049
-0.0044786955160275 0.0135418456005168 -0.277995698628887 -0.394935157345556
0.0099745401374142 -0.00926347045381791 0.274789260563912 -0.554835220423675
0.00835028216129353 -0.00836279445239143 0.788852575664713 0.0396807326792132
0.00802131346119819 -0.00460087886213884 0.449632926727092 0.623627104137574
-0.0153993226083118 0.0102279233326154 0.0321544941128789 0.453587883253489
-0.0134945970577876 0.00266792968913767 0.0719788129252324 -0.0946026078751391
-0.00602556324680114 -0.000816372412538078 -0.290870970806363 -0.450110620115738
0.0147607451937454 0.00890088053548717 -0.798791733284723 0.126742549176025
0.0207812662893973 0.00136751144740985 -0.262601676005847 0.804753404602148
0.0261827786668983 -0.00601454962704271 0.488633845072378 0.439890222244344
0.0180604377602547 0.000801233425343882 0.482717440077251 -0.111577948052322
0.00431048263432075 -0.00123779403744716 0.233433411962611 -0.293410391696851
-0.00405163920007603 0.00299097145435073 -0.0574900313692395 -0.258793144190024
0.000906842316745788 0.0181413276912094 -0.0502123492936243 0.173655302660951
-0.0120416647043798 0.039456241348482 -0.240291873444239 -0.0128724999008956
0.00451801878540892 0.0302311353791955 -0.299455815275682 -0.373721365890031
0.0232999828585608 -0.0164101571457614 0.236678629060003 -0.566729841296241
0.0296189299183515 -0.0170519703744907 0.783358192678164 -0.0193253369685187
0.0258802729816786 0.0168234191866486 0.487247020477444 0.585340368386608
-0.0176106091471482 0.0602951768583571 0.0497348905761592 0.45079209770121
-0.016432911877897 0.0541498499108241 0.0706527175816419 -0.0875248567145658
0.0161783378713194 0.0251700124015181 -0.275633895012384 -0.460322816783731
0.0356858948365561 -0.00558490571744042 -0.804912169826031 0.0826075110154953
0.0284265890363176 -0.0218782805732718 -0.309354739770722 0.789991079454875
0.0385715166765208 -0.0125542361391981 0.465898439814401 0.477051634678269
0.0321770036311868 0.014765936525006 0.488761662187552 -0.0773818958073125
0.00112192164899513 0.0119501561456287 0.243911029344179 -0.281062852420626
-0.00747897424600883 -0.000530630933863333 -0.0524640413332584 -0.254659562459334
-0.000499457388806588 0.0166433564688178 -0.0483870911385784 0.176568913519357
-0.0134593610939078 0.0496898365468657 -0.251596378664608 0.0158758689170527
0.0128408860240775 0.0432598899249058 -0.3469191896267 -0.321371204825167
0.0312700667060985 -0.0225091784986236 0.138558238097284 -0.590149899162842
0.0448978555180107 -0.0301612937671185 0.751181240591216 -0.154015807884357
0.0469367598091383 0.0267685131554342 0.568533013203567 0.493369496296616
-0.0109127762059121 0.100493356480454 0.0942640095643143 0.454106558361454
-0.0193653793452694 0.0986052935341767 0.0694664572997746 -0.0599116587643756
0.0331747832145899 0.0559908531345573 -0.225266109144409 -0.474741600873564
0.0550145486218078 -0.0109678527390963 -0.811236888690769 -0.0338420237266124
0.0349627916577336 -0.039624791957929 -0.42185370498628 0.742036722363216
0.0490611745064172 -0.0197865936051624 0.396176347839432 0.558312546141789
0.0425388622930532 0.0263369118996545 0.502580619336247 -0.00383202001567492
-0.00153088602789847 0.0239098432747311 0.267692092134339 -0.251778366084846
-0.0103190510801064 -0.00311070176074194 -0.0404640303494983 -0.249602650125526
-0.0012357337489577 0.0134833868540072 -0.0418675201680754 0.182026930903894
-0.0133244731327317 0.0529943304899 -0.257091518641495 0.0553525947120105
0.017981363097121 0.0500906595153625 -0.398221673797868 -0.239072617596083
0.0333740314183559 -0.0260483365250807 -0.00574367032095319 -0.590268301239592
0.0508325648825026 -0.0461620330579989 0.67242166353105 -0.324313304198103
0.065268681941493 0.0209682873356334 0.659409393166727 0.349947822723277
0.00534305838858793 0.123411711789433 0.163541103218296 0.456226043787126
-0.0221736156539315 0.129933868360989 0.0686071832286811 -0.0173423248037607
0.0345887712846688 0.085020726965629 -0.150653833859234 -0.481269492625166
0.0675667820522 0.000723618855581021 -0.789363332450533 -0.203094676072031
0.0434797355027696 -0.0473176554587645 -0.590789882736938 0.636987761559921
0.0533326823944742 -0.0240936385920745 0.269845855522748 0.654570296594803
0.0487154364979284 0.0335279542625935 0.503281616224814 0.10541980451964
-0.00228828574060915 0.032652374623406 0.300370710834842 -0.207743015830122
-0.0109152675653882 -0.00548973230129538 -0.0223515249422023 -0.243976270844715
-0.00125786061051707 0.00962467711828406 -0.0309099664497197 0.187634325893624
-0.0132624579193514 0.0495606408940792 -0.253315605127361 0.102253368172636
0.0168451040131422 0.050632541757356 -0.43484570416334 -0.139832119041426
0.0279363862382691 -0.0256093436484672 -0.155780769678557 -0.553180224043636
0.0430940363077115 -0.0567424606677499 0.544570970359303 -0.48461288958636
0.0702493745003952 0.0045283655973776 0.720268461443332 0.174720977075227
0.0228713710796193 0.123640522713027 0.242411174894552 0.446404712557384
-0.0251836129103551 0.142013574545073 0.0672417527633506 0.0345522637262793
0.0237758787142779 0.106236286330353 -0.0635590453235237 -0.472077360756402
0.0683057024458418 0.022190994015178 -0.723414223559986 -0.392314422997035
0.0479946716774277 -0.0419874971622524 -0.757406661267936 0.466058787100529
0.0533533961499583 -0.0242082021602089 0.0977781980789044 0.729347003280762
0.0491440840507534 0.0333595042039773 0.480789028181364 0.230148896512083
-0.00256026950557938 0.035603084379699 0.330376279189636 -0.151516423073411
-0.0119385939142322 -0.00536823077626913 -0.00425131497198045 -0.24039824361285
0.00370437989770849 0.0205843475918561 -0.0341654515643033 0.172562446563814
0.00380475238187653 -0.0181264419105027 -0.231569022399524 0.0474138236188491
-0.0373680796499257 -0.0288399762431318 -0.366153320787745 -0.275497874630938
-0.0321297834571545 0.00488580185311836 0.0187142775348339 -0.61215295766265
-0.0385251837745333 0.0280852869210605 0.692148525676353 -0.291849796432116
-0.050456147829575 -0.0256646101533174 0.652324629893439 0.408155962971126
-0.026334521422162 -0.0904015884972847 0.151557110463394 0.495070017701336
-0.00641483147712192 -0.117075211568358 0.0743184068469316 -0.00550267503993854
-0.0536620647706682 -0.0758353374201076 -0.166520181645353 -0.458589989608441
-0.0499720410396952 0.0361765225088978 -0.80358285970848 -0.129619787342407
-0.0152973249577339 0.0588208712369417 -0.544667254552216 0.690541813919582
-0.0157822621142893 0.00818996624655028 0.328030185564074 0.614475709497368
-0.0188090165726956 -0.0437266552469069 0.512317916153317 0.0470966055531488
0.0126241293511692 -0.0372606295436598 0.292730516236791 -0.236468744423966
0.00649123898900616 0.00693833640578443 -0.02713341657717 -0.255719836878761
0.00448346315517597 0.0188886733961302 -0.0401078295977657 0.172123555345337
0.000331031468165078 -0.00818915409563151 -0.229388546032787 0.0106437526721018
-0.0275071777780351 -0.0189416119093089 -0.325234209603744 -0.343858695454531
-0.0196079996863606 0.00182127173399333 0.149966401915853 -0.600895231538946
-0.0285396827608739 0.0124305624567413 0.760869410993217 -0.127721209447925
-0.0313926264912314 -0.0326283229753769 0.563084029693087 0.532677514084119
-0.0148075626286727 -0.0738586658650631 0.0903932954351453 0.483057077506588
-0.00798683911270044 -0.0894016810188274 0.07368973518827 -0.0499228264887784
-0.0484832631857969 -0.0516316750774184 -0.235371514018443 -0.452260530770274
-0.030517250789481 0.0384190284001697 -0.815011082174876 0.0206060774439669
-0.000212654215674006 0.0462142740420305 -0.389414701354777 0.771819384445482
-0.0036043057602171 0.00406817658097243 0.433916889051142 0.520324214017982
-0.00811720713775932 -0.0316107130574556 0.505727213595985 -0.0499025279848363
0.0120880046143707 -0.026058869405502 0.260472483618831 -0.275736284560113
0.00410534187803756 0.0082171062811738 -0.0452675853398183 -0.259887420167682
0.00373640446111016 0.0188079589453247 -0.0432229679362916 0.173228341459196
-0.00336798793200325 0.00665076464145137 -0.22947249951684 -0.0132173940452572
-0.015457848373998 -0.00388739041146613 -0.293409642514344 -0.383112247912583
-0.00486022376692268 -0.00302315707579218 0.237163022714291 -0.575211614832467
-0.0114413404685684 -0.000485353034219078 0.788038716806935 -0.0127795739296571
-0.0101957518800898 -0.0247859470181412 0.488519262483422 0.603459147501549
-0.0102338965543392 -0.0386074897143347 0.0507605171285946 0.465750717454795
-0.0107531572486768 -0.0479471705196314 0.0729434120301728 -0.0814059972558293
-0.0309489953351202 -0.0260517462196068 -0.283555580502749 -0.446642427938912
-0.00716843378131325 0.0261763658638863 -0.808020290154726 0.11561960999746
0.0117555031390246 0.0255388415466345 -0.284122916600947 0.80947805080618
0.0104575932547978 -0.000321797952416883 0.486286804025671 0.451670280062759
0.00429149807232473 -0.0165272724267145 0.490412490238075 -0.107131136160971
0.00868390298767732 -0.014188197076541 0.236733398866871 -0.295832323169062
-0.000513791507699828 0.0070851269849497 -0.0586027937133243 -0.262127900279256
0.00259052218101458 0.0189835884050603 -0.0456774628019779 0.175715939486829
-0.0075253037974193 0.0241571192914499 -0.234514210510299 -0.0191241091953637
-0.0044583879062372 0.0133208362314176 -0.286652152083238 -0.391986796821796
0.00948466811117617 -0.0100806947215819 0.266103477439401 -0.564162209577714
0.00894120283002067 -0.00860445089304803 0.796086218705694 0.0242580177048137
0.00761573578700502 -0.00483521273737271 0.464934663903557 0.618626571843251
-0.0145907201084786 0.010986597126855 0.0397318599461847 0.455786108396387
-0.0129878716944474 0.00318529500145197 0.0706865721610374 -0.0961347478762365
-0.0064902772722623 -0.00106374657869533 -0.301600599362754 -0.446855151310906
0.0151265435343229 0.00853928590534281 -0.803700081518614 0.142628732300086
0.0211704854951259 0.00125439839944556 -0.247562671775032 0.814284667774382
0.0253893018435564 -0.0070270783984426 0.50110128512082 0.432569377248321
0.0191352455507325 0.000498760246962772 0.484416917648339 -0.122261139415197
0.00472154110629615 -0.00102276411364474 0.229220275308148 -0.300927832186769
-0.00423970455776429 0.00325904885832748 -0.0631848406016681 -0.259862355214938
0.00155332967186544 0.0179099853301951 -0.0463128831926101 0.177264937736844
-0.0112900432204089 0.0398556829537647 -0.243589800181965 -0.00771264775020654
0.00594892274189346 0.0302096478356054 -0.310335646969588 -0.369597188046837
0.0227198294045995 -0.0163321617701701 0.226912491772663 -0.576849685752266
0.0294015526670265 -0.0175760743344392 0.786542467143047 -0.0361118818371422
0.0268030821131373 0.0152274998903617 0.500536865719855 0.580940492993747
-0.0166713140077744 0.0608000308792176 0.0578326663445175 0.452956123363505
-0.0154116673324991 0.0550358774789353 0.0701782834735755 -0.0892608344545768
0.0171680376805499 0.0254606812825535 -0.285126603696277 -0.456314993493549
0.0367596880161866 -0.00667758413689098 -0.809262536141951 0.0982790503968433
0.0277762700302977 -0.0223466038014319 -0.293722631891864 0.802142735183588
0.0389277242228346 -0.0135624857875754 0.47822212328775 0.470838909078617
0.0331205874871675 0.0149435545371505 0.492019538220124 -0.0890419414309277
0.0013468843017573 0.0123125334077937 0.239113944900778 -0.289030539461465
-0.00804927424485235 0.000158904067215832 -0.0584711216783913 -0.25647282273281
-1.30564408137492E-05 0.0160767886693631 -0.0447718708436166 0.179646264464079
-0.0119267650725607 0.0503019497184164 -0.253473337166792 0.0205853612102298
0.0146307847861138 0.0425610184903746 -0.355182897121813 -0.315176089570074
0.0308987666530513 -0.0228604492049649 0.126507357555433 -0.597617843177491
0.0448393479572791 -0.0315139831643892 0.753889650257259 -0.168696834116748
0.0481118255251028 0.0264036813225067 0.581424208465378 0.4861649910576
-0.00865365255766768 0.102675062703329 0.104418909588688 0.455836587326784
-0.0172034843900039 0.0998642106947345 0.0689432694418679 -0.0627286339606547
0.0333944334732627 0.0555559127441339 -0.236540896884946 -0.473521065316473
0.05472900628719 -0.0113814141643524 -0.815388939530718 -0.0173826932785326
0.0341502154060442 -0.0414386846010037 -0.412213213892129 0.756055039701393
0.0477842792267273 -0.0209848751873452 0.411389696290397 0.553007910962965
0.0436913030607716 0.0255632136991033 0.504655796382131 -0.0144131003075269
-0.00155551601160783 0.0235769562938389 0.264785349414442 -0.260749815056108
-0.0108004735895636 -0.00356215001437824 -0.0459127520868978 -0.251511718065948
-0.00118770196489201 0.0133019632063248 -0.0389358180592518 0.184502665120963
-0.0123539456409326 0.0542308238499945 -0.257714682542127 0.0625968436222893
0.0189121375047702 0.049876634227392 -0.406118893532596 -0.232619519881128
0.0330044208609704 -0.0269177899840072 -0.0167314449110186 -0.594750012792719
0.0497733069024273 -0.0472729039101278 0.669948732007708 -0.341553991025476
0.065750603748927 0.0199957553573888 0.670829985679464 0.337155290672782
0.00876547081619916 0.124332170504976 0.17389136458371 0.45470969263232
-0.0196181926505889 0.131845068966402 0.069751667521645 -0.0187442449319656
0.0368585271497536 0.0854779926538802 -0.159185022615293 -0.482858039007006
0.068129125547944 -0.00139196640684788 -0.800624487572995 -0.189540758822891
0.0430112677792699 -0.0483668909955435 -0.581953315551069 0.65411431801155
0.0526489854675415 -0.0254954286018938 0.287017876044557 0.653249521078033
0.0494967532599362 0.0319892104707672 0.508980728298965 0.0955137064387144
-0.00233310161794615 0.033221524186867 0.298544310166043 -0.216470289278201
-0.0120607121882769 -0.00458517182406828 -0.0283522743419714 -0.246500456327939
-0.000515010020609134 0.0107250481812217 -0.0265514476551181 0.18981578608456
-0.0115691566881832 0.0506503326335103 -0.251743395706302 0.108601518016377
0.0187236037951357 0.0504567098963251 -0.440964962609797 -0.130396091364205
0.0267248029450816 -0.0277130187638469 -0.170648491248285 -0.553011548251522
0.0421001191090886 -0.0581637190004679 0.535721950960184 -0.497499424389432
0.0713378495475398 0.00284516664808634 0.727972801677615 0.161196709555434
0.0258422728065378 0.124107940780007 0.252703692284737 0.442957281751783
-0.0232023183650967 0.143296129918295 0.0684052326041675 0.0333774115307019
0.0266877409603014 0.106589258234864 -0.0725848169396132 -0.474142493570399
0.0694552806952759 0.0214807165273361 -0.736903150070736 -0.382173236038104
0.0483918153618388 -0.0440483797360996 -0.754603081414697 0.485850688191392
0.0531337969265974 -0.0258359291011451 0.112951344126853 0.731329737147984
0.0503291031187878 0.0329492679878497 0.490272385432211 0.221641840826599
-0.00198280153743268 0.0364041119104339 0.328662253766623 -0.160163933465357
-0.0120442113933612 -0.00448426765259983 -0.00948854517870191 -0.243110019759995
0.00506877969640929 0.0201372411997993 -0.0298670666552009 0.175042367782425
0.0022493514153203 -0.0191949334117298 -0.231594652826089 0.0535073258830139
-0.0375060082572254 -0.028109997446741 -0.37487547506502 -0.267751065775931
-0.032210587228361 0.005999253406885 0.00557063477631214 -0.614314035547164
-0.0378817006285309 0.0292563755903727 0.689253136156947 -0.307708136402696
-0.0511550898346654 -0.0250765427461248 0.661692615368477 0.395491065613647
-0.0283832129426382 -0.0897599483546981 0.16210977658568 0.492442909028938
-0.00856733987985363 -0.116245809760875 0.0740661612905838 -0.0070913543815381
-0.0562926987012355 -0.0746360979527441 -0.175296523086476 -0.456531942457711
-0.0499558805177985 0.03650652331692 -0.808309403091732 -0.115451125526389
-0.0133695164940226 0.0591493783963692 -0.534199392787491 0.704074279665055
-0.0155542882984166 0.00867352889582996 0.343318139647225 0.608149146250182
-0.0199451365705836 -0.0438298092874348 0.516562597434385 0.0337801436935614
0.0107372837650113 -0.0376844113499012 0.288612220437817 -0.245181256490632
0.00781782666308208 0.00720013727569835 -0.0338487584988359 -0.256836134606058
0.00456844931115189 0.0188287596985645 -0.0347124457720988 0.174760088063167
-0.000126740368264449 -0.00815559148605462 -0.229404280108153 0.0154040895016866
-0.027527126401268 -0.0181106707066224 -0.334633938187505 -0.338560076617901
-0.0193745722846874 0.00224531835378618 0.138318679364148 -0.605090387366545
-0.0289255415742725 0.0126223139712212 0.760269359794241 -0.144764655520103
-0.0323040791666142 -0.0328135882639846 0.575578185516179 0.521233942072001
-0.0162304742598272 -0.0735138878123394 0.100426151032542 0.482019795311425
-0.00999920598750893 -0.0898788209556392 0.0735616898184339 -0.0519182127454827
-0.0493782877677774 -0.0510025565379999 -0.246071015063991 -0.450983471665799
-0.0299221937639351 0.0381166023213615 -0.816307245772561 0.0368277609276059
0.00152327978630366 0.0462000446579702 -0.375387954277187 0.781627164444108
-0.00443501641938624 0.00373478854802569 0.444674199505976 0.511255373342856
-0.00975417902497967 -0.0318505079471594 0.505751574526982 -0.0609009055310974
0.0106854306660494 -0.0265035225410137 0.255525991478228 -0.283355141893068
0.00357748113739498 0.00876352555227053 -0.0519342237363309 -0.261031845375605
0.00440004368614592 0.0186730986581897 -0.0384293586773685 0.176489533152382
-0.00307545736767125 0.007161406756149 -0.230584958046828 -0.00828577299290353
-0.0159986447597551 -0.00311195361268732 -0.303063258125684 -0.377323802636221
-0.00546885999630133 -0.00385840520446671 0.226051325162418 -0.582172596846764
-0.0122530125224583 0.000395387981775611 0.790529703051574 -0.028763310357679
-0.0120925247526514 -0.0255885352607805 0.501081571510138 0.594365587062421
-0.0115050413733276 -0.0376693714390365 0.0596388328673666 0.466310861267659
-0.0122600131331598 -0.0480473209384113 0.0709466539239829 -0.0845154828621076
-0.031396340737936 -0.0259086841177573 -0.293179386037292 -0.442567077274391
-0.00736224570545943 0.0256591254642532 -0.807281379489617 0.132078102649109
0.0128018387088094 0.0252829464811007 -0.267693679772525 0.816300423022182
0.00951894705099283 -0.000658113545418848 0.498323217298622 0.443360296698765
0.00430007889339854 -0.0170773733433764 0.489760597523034 -0.119922418529513
0.00843034543656834 -0.014506226987749 0.231171302261752 -0.302890387467612
0.000152376071028041 0.00678328213215011 -0.0638870914993077 -0.261015563381283
0.00335062299748713 0.0179615112130855 -0.0409172131052581 0.177823447142857
-0.00706518400471857 0.0240042206305774 -0.236100239537472 -0.0145082218742207
-0.00410029110379778 0.0137708109684633 -0.296955293958512 -0.38555312273059
0.00931981909877726 -0.0101879999731313 0.255390839208768 -0.57201904551392
0.00827405041298286 -0.00905119993982613 0.800376632525013 0.00829306002547337
0.00830723911780621 -0.00521455869132179 0.47768069418776 0.611136765550571
-0.014270007855557 0.0115885234429346 0.0497453163040081 0.454354640438565
-0.0127068812793633 0.00322977100418948 0.0696072450096947 -0.0984641013633025
-0.00692642226484791 -0.00216765506958741 -0.312210452409563 -0.441029986089762
0.0149075077661679 0.00870845688191823 -0.803025821379716 0.161284359837818
0.0213988857402474 0.000564741735579035 -0.229218750634229 0.823263350120975
0.0253502682359541 -0.00757156694676739 0.512997383702931 0.423120757396401
0.0187958999236625 -0.00113420812449816 0.483150269606318 -0.133903613590609
0.00447614945336316 -0.00111776698944037 0.222610457350785 -0.308415898968187
-0.00419880406225705 0.00426299602561618 -0.0700111474948919 -0.259716351005976
0.00132471842469893 0.0177449500718864 -0.0424882811812864 0.179867574811324
-0.00912026243381955 0.0403326470707721 -0.243868881374325 -0.0030416314438473
0.00705420331083794 0.0295953001543136 -0.318841473925588 -0.363959643852663
0.0222920254647937 -0.0175438439503978 0.216035474940432 -0.58437749394773
0.0290342731924048 -0.0190961718420524 0.790029945123322 -0.0512794007070457
0.0270218959054728 0.0151814375623672 0.511314170198238 0.571687412394728
-0.015266147702101 0.0620873664625018 0.0662419741687073 0.450650816634822
-0.0133224144724942 0.0555996576766073 0.0685864979245851 -0.0908640314336271
0.0176732162738452 0.0247365267309776 -0.296244556531313 -0.454649058130975
0.0354278071590296 -0.00777820084126427 -0.809560324402496 0.116816831386942
0.0277238374394912 -0.0231403917560297 -0.279075984291596 0.812541592026498
0.0379665598445232 -0.0146953716167898 0.490464305166713 0.461084723068137
0.0328450212490664 0.0141494187884689 0.491722221005912 -0.102943983046614
0.00108991264024829 0.0123083644922525 0.232922045552166 -0.296778460332074
-0.00833725967973781 -6.19882553345354E-05 -0.0642169375719813 -0.256194980962108
0.000417280152717512 0.0163697403132832 -0.0399301153598973 0.182403257323192
-0.0111235891602197 0.0514720981164631 -0.253562209919367 0.0266310080820409
0.0150008701642417 0.0429063768553641 -0.364007980811557 -0.308681935424652
0.0303216723153799 -0.0243844323758993 0.113981131923529 -0.601895274054018
0.0444260838935458 -0.0319204541364776 0.754218241968594 -0.185644515152281
0.0486480914459651 0.0246980089762608 0.593132077676714 0.475238741673608
-0.00667109391711975 0.102899198423333 0.111852595313317 0.453707494393466
-0.015338438458145 0.100822845949149 0.0681227862562061 -0.063478864121132
0.0345319034049045 0.0543199997686455 -0.245295333752071 -0.469764980962713
0.0544616146275081 -0.0122749323690211 -0.818780385600469 0.000936037605101974
0.0338678331251647 -0.0418966927161309 -0.395580029317138 0.766492707071996
0.0475856876175399 -0.0228077166959095 0.4239616656222 0.545049550565998
0.0443094568326439 0.0243150207916496 0.506577996173498 -0.025715564111953
-0.000443282443105304 0.0253773243891499 0.260409436824175 -0.268938799273281
-0.010819119969941 -0.00307162221720689 -0.0527211430298273 -0.250720913399113
-3.82900668104876E-05 0.0133736075332101 -0.0329699370576798 0.186485250180906
-0.0114693607811041 0.0543031240595866 -0.257133211521838 0.0673507357442885
0.0207255099885356 0.0496517508357563 -0.411848806135584 -0.223377516978349
0.0327592180516476 -0.0272561048463862 -0.0304312238486671 -0.596329052521963
0.0488355228590139 -0.0483905549367244 0.663825483133434 -0.357891409362613
0.0658770902756785 0.0179871307473489 0.678525724579336 0.325682835667082
0.010933614657423 0.124307412367799 0.181575540637888 0.452196845347271
-0.0172219728725468 0.132186093960022 0.0685059486579658 -0.0200741885566113
0.03750495433238 0.0844422561621144 -0.169001837014802 -0.480937829771003
0.0680899172063277 -0.00195814696164256 -0.805952651604921 -0.174920062585244
0.0416499202010211 -0.0499049398865599 -0.568892993970344 0.668760974403565
0.0520717342682496 -0.0273476933296886 0.300347045813868 0.649764202554347
0.0505470973913856 0.0304959853675652 0.51335198810438 0.0842904237148878
-0.00163294932275774 0.0337256876177107 0.293663411788076 -0.224087672581561
-0.0115650223067815 -0.00434167319606413 -0.0346315218526944 -0.247096697464552
-0.00115095417188882 0.00974873506662242 -0.0223036548150825 0.191336260379054
-0.0114156015458603 0.0511619040964599 -0.251334927655774 0.113603575534115
0.0203681041072784 0.0508884754400848 -0.44485812399027 -0.120519174066117
0.0268825718709984 -0.0274996542955146 -0.181905404600422 -0.550497679210682
0.0412105684362444 -0.0592956087371829 0.528760617595397 -0.511270822418431
0.0708956491038416 0.000468667418495236 0.732883449316187 0.145848947980819
0.0291062951538512 0.124692898948181 0.260093755710392 0.43852699258467
-0.0197781646435029 0.145152312421372 0.070274142566249 0.031646897290837
0.0276874538261761 0.105445761417108 -0.0811306743731967 -0.47257896186529
0.0693548335455386 0.0194117448467016 -0.745388360516279 -0.36655047768213
0.0470603228128534 -0.0446698857410978 -0.745893746642254 0.501770735479567
0.0526952089063486 -0.0275534153861905 0.129273210349082 0.732884714314417
0.050812507923946 0.0323717044541453 0.496669366292684 0.210464093272633
-0.0021110538150484 0.0368360814692545 0.326664212927272 -0.169906270728716
-0.0122187040094223 -0.00393646187110423 -0.0146800916669658 -0.243612027989457
0.0062093297366368 0.020153618564034 -0.0252639705532849 0.176682925995523
0.00251036081052327 -0.0188942090301164 -0.229657777999145 0.0583620267177157
-0.0385580324525247 -0.0268168570324929 -0.380278712271052 -0.259647453786728
-0.0327842034049923 0.0064993948734366 -0.00912803155394936 -0.613873330627153
-0.037192620538687 0.0295371120233914 0.680528487789969 -0.320932654718344
-0.0515641357214918 -0.0239340042294288 0.66959814590988 0.382414435499946
-0.0299797850439959 -0.0893545899279011 0.172134866104238 0.487952978644722
-0.0105098787414528 -0.116944209699216 0.0739082348467643 -0.00917726861796762
-0.0574386466371097 -0.0739762363782459 -0.18498659544784 -0.452956065708087
-0.0485957023838675 0.0372038017107292 -0.812228658825229 -0.0971959817915175
-0.0132305825766968 0.0596732097784904 -0.516918740957791 0.716452441551737
-0.0156394385662263 0.00916872456844442 0.355546279269594 0.600006416921807
-0.0210948437902819 -0.0430717136923296 0.51707740171302 0.0234179023200864
0.01047887370492 -0.0374601678822649 0.283171919284841 -0.251205995313355
0.0072990082266184 0.00767686394702271 -0.040279409694822 -0.256925811181028
0.00661459070306499 0.0179786027553699 -0.0309513556632377 0.177220854285897
-0.000385511532199079 -0.00855162988210467 -0.22833936037315 0.0203265490818615
-0.0279030646581924 -0.0170324329453433 -0.341208651992534 -0.331694608070904
-0.0193907336762025 0.00251550173519348 0.122574059760875 -0.608008967837496
-0.028077064386722 0.013842335421365 0.757145380888901 -0.161254046843208
-0.0330565588847097 -0.0327416289524768 0.585602117913614 0.509877594323665
-0.0171681319473759 -0.0734138341292503 0.111102161434481 0.478946673285878
-0.0116078679866293 -0.0888814716713091 0.0724043742290641 -0.0540362120502944
-0.0493711412333095 -0.0490344284139478 -0.255739748462178 -0.44493713893513
-0.0289815506981337 0.0386156480431254 -0.815153874516635 0.054819710357032
0.00179040881240924 0.045700140469625 -0.356876241212613 0.791454552424779
-0.00373914532257458 0.00400842571808304 0.456782239377487 0.501528164522466
-0.0103418283247266 -0.0310922791707062 0.503671440261923 -0.0723872210485088
0.00997524228609455 -0.0280448343516432 0.249856064037588 -0.289705609866935
0.00325381014612824 0.00829455757093425 -0.0571900995116061 -0.259815640374799
0.00587754727316848 0.0188013817318283 -0.0338678655331847 0.177211193029534
-0.00280072866673669 0.00643997276423173 -0.230355094812561 -0.00351575264051855
-0.0160623352134759 -0.00356171342334813 -0.311526430573855 -0.37088114391017
-0.00564170458052003 -0.00323511507017195 0.213060181027349 -0.586926884040633
-0.0118866935000454 0.00109193571440933 0.790556211896755 -0.04699091723227
-0.011839984116419 -0.0255753841058215 0.513500842880913 0.584125223928531
-0.012183777875976 -0.037039486900877 0.0697973570809793 0.463379099254884
-0.0129843399640368 -0.0473727654535889 0.0700626726182524 -0.0862288334579664
-0.0322971305806707 -0.0248241031497586 -0.301974027242294 -0.43629835728278
-0.00568196950552824 0.0270203950030555 -0.804048500899326 0.15227682273595
0.0131311001137644 0.02540571005885 -0.248520781946238 0.822377909190443
0.0104106512768896 -0.00153175359412815 0.507242451849014 0.430212556130508
0.00344465857763099 -0.0173967754740558 0.487058092447043 -0.131682801520277
0.007987027606123 -0.0148306036182597 0.224221831979158 -0.308916994325562
6.36478249166289E-05 0.0071861429974744 -0.070455239845949 -0.260920467583136
0.00429415924152935 0.017808486309253 -0.0363418917066425 0.17950436698961
-0.00620819397523485 0.0247221241916624 -0.235335430624359 -0.00978645682362984
-0.0030794844948416 0.0139190708383225 -0.305757829044969 -0.378621343655329
0.00929203556262246 -0.0099776093970594 0.241034571664203 -0.576984045232419
0.00831096368551755 -0.00925404570462939 0.798677286609788 -0.00890347186083986
0.00708205980100015 -0.00584345827554928 0.492537716821796 0.599749637541512
-0.0137499750390957 0.0127795594013395 0.0586633211112801 0.453245271629174
-0.0119185006175184 0.00318506256120645 0.0677845916937185 -0.100131627723011
-0.00660991390331222 -0.00105927520147501 -0.319260812835612 -0.436000469176836
0.015576331774962 0.00830004215408593 -0.798815072596338 0.179119419509306
0.0211485718184586 9.61638688026772E-05 -0.212953604785709 0.828515063036943
0.0254484057444006 -0.0078340914132535 0.521655608756229 0.412185536743863
0.0188121444309348 -0.00116306955992171 0.480550533229237 -0.144971962820419
0.00412944211454116 -0.00105904317333082 0.216064620942687 -0.313630333522878
-0.00470834769144792 0.00368196950538836 -0.07642826375489 -0.258906609719828
0.00270745122042735 0.017759721723339 -0.0373002638765516 0.181341485694823
-0.00872088406393478 0.0403883728311453 -0.244593668360305 0.00230759840893809
0.00753535834335103 0.0296052837750941 -0.326808524648461 -0.356329549231388
0.0220319642529267 -0.0177031038453283 0.202694841797529 -0.588563940252441
0.0283721216168586 -0.0190719953577026 0.787972312601342 -0.0690261891529964
0.0273254847754949 0.014084595502239 0.524160439265113 0.5598112327998
-0.0137570384095742 0.0627991491113066 0.0749856243183694 0.44908413215928
-0.0119258059804348 0.0551275802759263 0.0666728681521049 -0.0925599923674232
0.0181575598097863 0.0247284464359426 -0.303436020710287 -0.446756976187291
0.0354911313314338 -0.00853610547367 -0.805653298154022 0.133910004925202
0.0272072652074514 -0.0235037242805054 -0.259483385716193 0.818059522372356
0.0379437484943276 -0.0150411837891766 0.49983715212087 0.448752277002764
0.0329380285646343 0.0130832821108947 0.488049472450049 -0.115359996753513
0.00110658647568744 0.0128638840971477 0.227375004960864 -0.302233330595961
-0.00783103109200411 0.000382614070358866 -0.0707182972519991 -0.255069389999001
0.00137485613494984 0.0162487119659308 -0.0346037679084254 0.183563686421424
-0.00926484754758034 0.0516706488875255 -0.253120184787237 0.0322212977059584
0.0169969880944409 0.0422455367458378 -0.370704023659083 -0.300955594124163
0.0304034018294718 -0.0243344235673999 0.100834243814434 -0.604399730378057
0.0429412778441909 -0.0337924847524466 0.747867889881115 -0.203046247332317
0.0491833854133406 0.0227906562498091 0.60224739478176 0.461993294670399
-0.00397644540976884 0.103287476543206 0.121290957947148 0.450654545725136
-0.0126133870121906 0.100491483207621 0.0667413772573746 -0.0651022140084019
0.0356198666711237 0.0544370807872402 -0.25568709674851 -0.464371002083146
0.0547947332671542 -0.0140132711399846 -0.819102153967976 0.0188182954492069
0.0330554206191136 -0.0426834692108486 -0.379081640054427 0.775605243493102
0.0467759795357546 -0.0228290112028465 0.435433546040843 0.537694056152664
0.0449782028503856 0.023760221311325 0.505714291711645 -0.0389094914552625
0.000790073754187284 0.0247493383528159 0.253449604933793 -0.274184948095634
-0.0104261692673814 -0.00332878908554876 -0.0577797452107484 -0.249906044418248
-0.000165405954583844 0.0120781772349324 -0.028328244481805 0.18761171374543
-0.00956096647099465 0.0546124826116115 -0.255381548476098 0.0740725634578195
0.0221289401323156 0.0485997437274848 -0.417982366015062 -0.212715927742099
0.0318284526427223 -0.0285292031444489 -0.0442793377361289 -0.594832345643947
0.0472596672335564 -0.0502272229399162 0.657402435499127 -0.37218477695287
0.0667223203882875 0.0163764605888783 0.684523656124741 0.311697837094415
0.0143078163261194 0.125176543278149 0.192053533150015 0.447457021684213
-0.0136810623861621 0.132674675561755 0.0681561920386352 -0.0218232555551886
0.0394314261324937 0.0841181069888169 -0.179207159626554 -0.477780274318016
0.0681923851608228 -0.0035651481262626 -0.809301876555256 -0.15615570688321
0.0401851396882991 -0.0506769168593829 -0.554566671356713 0.680088789089126
0.0514490167908283 -0.0275918321752186 0.315900126947278 0.642912718853497
0.0513704089085064 0.0300783937255628 0.515399587765963 0.07174874501804
-0.00102263931537175 0.034098521241322 0.28862490473758 -0.232917887863385
-0.0122857607548934 -0.00370508030582551 -0.040207431028024 -0.246939039172743
-0.000450475510409263 0.0102283746607264 -0.016514530012585 0.19327913978088
-0.00914615858842369 0.0517239624596936 -0.249177933949802 0.119693248748914
0.0214941804021786 0.0502522338724652 -0.448523155471984 -0.109073209842774
0.0258940289356904 -0.0279690363619406 -0.194512688207536 -0.546512288092162
0.039658909874353 -0.0601019097988318 0.517057253781065 -0.522521069818972
0.0721624233332409 -0.000606894552236047 0.73551989576314 0.130078295337712
0.0325873608996154 0.124379565968191 0.26984072075911 0.432930056586501
-0.0160871730479244 0.145520714207948 0.0708374991398402 0.0310061938791234
0.030109182307799 0.105288307203212 -0.0903928709868079 -0.471399796064017
0.0699484451970744 0.0174312054301543 -0.754184719602783 -0.350519171016461
0.0465677162126035 -0.045201827075849 -0.734584654031508 0.518789779579373
0.0520828831027956 -0.0282097668196521 0.144557278815217 0.729677287006646
0.0511194317204894 0.0309010134428183 0.502012668983762 0.199918057666774
-0.00152963282211648 0.0369776702390452 0.322460020979925 -0.177756114241259
-0.0129097615192638 -0.00373268592253311 -0.0207471319672923 -0.244959585286433
0.00667300697562636 0.0202564181144242 -0.0197166589020691 0.178426519091157
0.00183701988871196 -0.018912630587415 -0.227419907947919 0.0633549003896072
-0.0385384536414883 -0.026481805625986 -0.386126084868667 -0.251063085539136
-0.0320425090699038 0.00740139893358431 -0.0238871772995483 -0.611255478642209
-0.035838047346561 0.0309273564891061 0.671843068121944 -0.335792059912431
-0.0523702953133066 -0.0227629796365015 0.675840015672892 0.366441720687642
-0.0317648927361747 -0.0879062189982962 0.182829183146506 0.480283202397224
-0.0140267938589899 -0.115684639781352 0.074330183100575 -0.0108430670079147
-0.0589272840877605 -0.0715616336279018 -0.194109247467876 -0.447643439433375
-0.0484103127233527 0.0386071520015534 -0.809162517808216 -0.0806750500835658
-0.0115448840524669 0.0607649347626545 -0.499815514123003 0.725437989425556
-0.0159207463483098 0.00879438390671944 0.36794735310403 0.59082746229412
-0.0226686893006223 -0.0430350005481011 0.515933486051152 0.0124695800370953
0.00895289281003574 -0.0384036888434826 0.275955918510615 -0.257872236455859
0.00727742487974373 0.0073469083406565 -0.0448419694785066 -0.255967000538923
0.00731530711994385 0.0182133115011951 -0.0255279924306366 0.178076104918288
-0.000493033335857973 -0.00836404695145617 -0.227140681975828 0.0264058854791345
-0.0285064304856215 -0.0169880948143091 -0.348682605888613 -0.322834364226041
-0.0199725630926296 0.00379584260285754 0.108016022570637 -0.609719012399116
-0.0281331809969674 0.0142325908741068 0.752664903543256 -0.176384917864602
-0.0337341176978779 -0.0324126791440249 0.595949330214274 0.496390163266205
-0.018263790052923 -0.071448523920626 0.119220388607943 0.474459980065204
-0.0137472782792389 -0.0886577990367367 0.0713835254444976 -0.0549710592459988
-0.0513103636816842 -0.0485700286062896 -0.262419994989427 -0.439418927899599
-0.0277599407499847 0.0391398230202849 -0.811831771739139 0.0715974481556105
0.00239843838827368 0.0460233462670642 -0.33790545667613 0.7965278784563
-0.00430389747067466 0.0038831830381514 0.465471520208737 0.489528981239524
-0.0113027959012364 -0.0308550633089333 0.500471144485206 -0.0854134619866715
0.00969298675136593 -0.0272379043457806 0.241992213390989 -0.294414201129092
0.00351910766234037 0.00839072613305988 -0.0632093736027137 -0.257444452113038
0.00633435454283834 0.0180854279730433 -0.0283085001630927 0.179065512384977
-0.00290936602162362 0.00640520260639118 -0.228852226082272 0.000515199449482696
-0.0155542333655412 -0.00265010840711055 -0.318918115280013 -0.36294439067954
-0.00553630684297187 -0.00297647083240649 0.201620832165058 -0.590066752708112
-0.0122214900132405 0.00126473051002874 0.785509498506776 -0.0639616362196261
-0.0120494271494673 -0.0256429090844618 0.523799708374786 0.571082862358125
-0.0128144094060688 -0.0368859000832265 0.0789939423166123 0.45990029495891
-0.0135374917080726 -0.0468694647892021 0.0685093931792476 -0.0876881785071146
-0.0318857583629602 -0.0241607220509671 -0.310931058276877 -0.427796643422614
-0.005321366651457 0.0267751110699476 -0.797646679219197 0.169497780918108
0.0138754511257413 0.025514902732965 -0.229777230238222 0.827734341250118
0.009579183167027 -0.00138867982595767 0.514021053616865 0.416590627961141
0.00292510349513676 -0.0172609593214637 0.481071813505787 -0.143025961232764
0.00733023923965519 -0.0147620076864298 0.216955459642312 -0.313148283032398
0.000149098901902396 0.00790090638119779 -0.0769347719251096 -0.258603791575754
0.0048489881954239 0.0181013433311561 -0.0319578140449814 0.180593127817766
-0.00545656477780682 0.0246111386444647 -0.234246851433136 -0.00457588751090528
-0.00368974309178574 0.012831668448861 -0.312928251634017 -0.370802019408062
0.00850948921954892 -0.0102215662044696 0.227968634164601 -0.581074258482759
0.00806490079836073 -0.00929855636318369 0.793120663068691 -0.0279748284052971
0.00693184180728008 -0.00639745759735954 0.501771284482902 0.586706767631032
-0.0129219209312425 0.0127317350455833 0.0671265210025793 0.44874337871148
-0.0119677226532768 0.00321143114837841 0.0650352681511018 -0.101516939309149
-0.00711893399094099 -0.000530428474924305 -0.325849635199688 -0.427825366875999
0.0157912388777122 0.00827671800837032 -0.792168860642393 0.197728887746057
0.0203950696306779 0.000391534045464487 -0.191827104699611 0.830180515297926
0.0242910065500844 -0.00917464797174474 0.527049313452523 0.399006624624347
0.0187782042994341 -0.00276383369921883 0.47520019189139 -0.155301676009108
0.00416380878705441 -0.000827025065433041 0.207880735896699 -0.317901972301383
-0.00450355002853211 0.00449198764586863 -0.0821846943198648 -0.257131331573181
0.00319956195337412 0.0176515488276342 -0.0323538102126005 0.182105549080704
-0.00735487811056567 0.0405976752319471 -0.243225185579086 0.00686289542462494
0.00862080628934792 0.0291183423201555 -0.334543313288753 -0.346781960144501
0.0213486310747681 -0.0180688496427371 0.188983340185306 -0.590808878190045
0.0278354868334628 -0.020505771128971 0.784144818771239 -0.0857176243133326
0.0273418314181082 0.0130809050066126 0.532979041351813 0.547295063741768
-0.0120137365440416 0.0635120313049952 0.0847445527009639 0.445264732376021
-0.0113114873444878 0.0557757343968166 0.0651920625143453 -0.0937873338952588
0.0183058826042637 0.0244652320224702 -0.312137430631786 -0.438318920021042
0.0350543419596137 -0.00864284014176138 -0.799897845391599 0.154502700553694
0.0264243217922078 -0.0242498809048083 -0.240364154341926 0.820684414208
0.0375991653314159 -0.0159176527915989 0.508529547808113 0.438488925942958
0.032742965118677 0.0120994797858272 0.485072915182782 -0.123909352157681
0.00159892686160245 0.0129537998437973 0.218364884728196 -0.307165700659725
-0.00829364947634344 0.000486234728410808 -0.0783829716406733 -0.253561665440872
0.00187560310293236 0.0158945019760936 -0.0297245653869117 0.185056445539785
-0.00875946404381757 0.0507745230416795 -0.25248733871126 0.0375309463145925
0.0176553175592455 0.0415167570707139 -0.375866347756439 -0.28857646638278
0.0289338373134832 -0.0250499242233454 0.087010019318865 -0.603700089226986
0.0421915901618157 -0.0341520043069541 0.74033860146824 -0.217454735707106
0.0490668060129241 0.0218375660083534 0.608167737019312 0.446671168592546
-0.00115322974661536 0.103354480227149 0.129347782709896 0.444252986029547
-0.0109506038577898 0.100447050275202 0.0656107437415615 -0.0665573599797469
0.0362565262892034 0.0536683555048399 -0.262145277903592 -0.457617741183308
0.0545283936157321 -0.0152317928884935 -0.816890038475738 0.0368245510483285
0.0320695354427911 -0.0433012889551344 -0.361977499159415 0.782316740932381
0.0457618550493481 -0.0246290908642132 0.445845876029749 0.525894941589594
0.0447725961857263 0.0230255598582005 0.503157030327601 -0.0519163625965528
0.000627959486397453 0.024719630297218 0.246081157445515 -0.281499187940557
-0.0112765138698856 -0.00167753717876356 -0.0643521475803542 -0.249795034393032
-1.02952721532223E-06 0.0125951561672845 -0.023510374612959 0.188624026021558
-0.00814630461414593 0.054762659636107 -0.253051392158364 0.0796818800023088
0.0229485235842159 0.0488380573951421 -0.420343699548919 -0.201926568422491
0.0300669890328622 -0.0291547457082078 -0.0571229240686555 -0.592539477611899
0.0462852874101891 -0.0503858767440244 0.6456409595484 -0.38562021328556
0.0665868003409108 0.0144510494642028 0.688939935422332 0.293022791997195
0.0181052924266684 0.125127097172691 0.199032156105572 0.441219537781911
-0.0114863171682893 0.132194593832857 0.067973830107573 -0.0234516699193967
0.0411038507778757 0.0828984974769505 -0.186553685515866 -0.470737535685722
0.0674368401148602 -0.00495910467762836 -0.809871969900198 -0.136903284992956
0.0398445635541557 -0.0519760350561552 -0.536286218791597 0.692248354811938
0.0507675468392042 -0.0294327413930163 0.329428678219317 0.634955195293336
0.0517649326011825 0.0287681618235304 0.516448527361238 0.0595517335422078
0.000225137459561828 0.0333827321498842 0.282566006543574 -0.239211739239123
-0.0118744992493549 -0.00303780996989667 -0.0460428271698306 -0.246328991944986
0.000381989226226354 0.00996639188118431 -0.0113416224229151 0.193280702668995
-0.00858638983406493 0.0511042174421978 -0.245184121633006 0.124631549875065
0.0227346476204691 0.0497180471448646 -0.448839470042068 -0.0986181398803305
0.0242267929515952 -0.0284133243381311 -0.205351145055882 -0.53965344723278
0.0384226494752254 -0.0607943386825303 0.503023370725531 -0.531382695376006
0.0710173179061105 -0.00319126373284689 0.734663235144598 0.114452998251144
0.0354053883645684 0.123182596515279 0.276002344223416 0.425263994599834
-0.0132057036484174 0.145400668796996 0.071588991078474 0.0284631099520061
0.032196820826588 0.103662800798418 -0.0979880288538548 -0.466685350319628
0.0701089445729444 0.0167547309547442 -0.757448922120842 -0.332353828794124
0.0442117565114289 -0.0464333696737055 -0.721680188399054 0.533718082642104
0.0508280840727329 -0.029152591247904 0.161964806911516 0.725324384817794
0.0519023069208122 0.0294585580591966 0.504563137584433 0.185926162007924
-0.000406385903471834 0.0367960444833021 0.318240062837863 -0.184514048339261
-0.0122228681583886 -0.00399491041048802 -0.0266855302114232 -0.243288588404129
0.00839842698085655 0.0193716136292764 -0.01552647061027 0.178682018486933
0.00190958072434183 -0.0198361955227665 -0.224540708442274 0.0671121584210217
-0.0388945182598645 -0.0249629421657343 -0.389194506509114 -0.240790338749832
-0.032251260027923 0.00823750022643877 -0.0352636107645253 -0.606719498431676
-0.0353404980801515 0.0318341110579232 0.659776829125099 -0.347977980678454
-0.0520456284373272 -0.0223221584510772 0.677580351848734 0.34611390012757
-0.033284991715889 -0.0863805897284603 0.189588727549318 0.473637899409376
-0.0157896857968803 -0.11379936502062 0.0742504991007774 -0.0128358430920393
-0.0606305475802479 -0.0713377991682583 -0.199493478699114 -0.441226370407969
-0.0468400017118654 0.0390328548775805 -0.805561225242206 -0.0601705243099917
-0.00954558087388888 0.0588850795258278 -0.480653529618499 0.730660696929712
-0.0160595638974882 0.00908807938891469 0.377201803208646 0.5786656774209
-0.0236041884554078 -0.0427904371900204 0.512170368750481 -0.00052233746734075
0.00825134429726753 -0.038132398882638 0.269364121463878 -0.262864497452398
0.00779997238106587 0.00719913101873109 -0.0507761908993848 -0.2534918889929
0.00872296151791405 0.0173887433377059 -0.0214428355133116 0.17769296231213
-1.40512526413572E-05 -0.00922213987321581 -0.225127468118696 0.0289091879980348
-0.0283591418073796 -0.0169191041034389 -0.353707964073021 -0.311508156290371
-0.0197183640434862 0.00306170021845666 0.0944602592884153 -0.605555163296617
-0.0277517575954246 0.0152027293291418 0.740987025917865 -0.190705587063428
-0.0336087165659049 -0.0317666994391307 0.600896840888909 0.480489901515235
-0.0195883702154058 -0.0713301100335779 0.126899541581476 0.466801322649235
-0.0147962359721979 -0.0881357965115979 0.0695720694625949 -0.0562301285964503
-0.052012242112903 -0.0477245846937127 -0.268977388303915 -0.430610174335597
-0.0271329820665909 0.0398648614579996 -0.805147345968769 0.0892984164838433
0.00381660032853725 0.0457829653319398 -0.317721078805885 0.799663664774998
-0.004709554407 0.00434742077588424 0.473446674173302 0.477077641795211
-0.012319143913483 -0.0310697981797607 0.495457858090908 -0.0946758708304283
0.00815609734514068 -0.027043918003734 0.233242327238722 -0.297826885852287
0.0047458597355242 0.00831191554898911 -0.070237570593685 -0.255855470213503
0.00695770029607851 0.0171525871008164 -0.023674426752192 0.179353019296243
-0.00290547940583325 0.00657375328453245 -0.227443704403382 0.00465460864713533
-0.0151596239743419 -0.0026639105349784 -0.324958399513968 -0.352462992877408
-0.00583935747980199 -0.00257054330615196 0.184957032780934 -0.590713080366849
-0.0115797853133118 0.000865770318706128 0.779529320556112 -0.078442486289581
-0.0128287072986486 -0.0261526699329623 0.532192928453079 0.556802941763194
-0.0129422242428583 -0.0352636039083353 0.0874097347888195 0.454657294530012
-0.0136557776021855 -0.0461975195168274 0.065074838921827 -0.0882279367418203
-0.0327305364267175 -0.0239607381583337 -0.316672476315049 -0.417812902559092
-0.00507166626855271 0.0270556036905309 -0.787964119231803 0.185303231358737
0.013878888350232 0.0237570129326295 -0.209871214372632 0.82400617471198
0.00950799006230994 -0.00189120399807186 0.519868359756131 0.403552550671217
0.00218403458904327 -0.0173423207838466 0.474867014083085 -0.153031171244196
0.00656012574069664 -0.0148842519418409 0.207882616343935 -0.316973005952059
-0.000302693714078229 0.00690586599055959 -0.0810412159798836 -0.255520840571641
0.00572727354597959 0.0167419588039015 -0.0265752390642992 0.1804971403933
-0.00445619416350012 0.0242716879058331 -0.233234570273365 -0.00025993581863309
-0.00286395782384194 0.0130713810023706 -0.319633158911273 -0.360986606281157
0.00843266700454706 -0.0106639699067848 0.214156129718245 -0.581770437717652
0.00762480442210057 -0.00943870874768952 0.78826551152362 -0.042923884967226
0.00749894896032856 -0.00745098146892684 0.507330598660922 0.572965169107661
-0.0118477787348172 0.0130151904169538 0.0735363961811481 0.443678009468794
-0.0116794489932419 0.00430869238037172 0.063447911413989 -0.102301162040489
-0.00775994157488954 -0.0012207110892593 -0.33148494862236 -0.417802873999544
0.0155693469959978 0.00741916341113102 -0.780786397478775 0.215288832426089
0.0210404675337939 0.000394191325019762 -0.172226233095757 0.829216208290965
0.0236444662276286 -0.00958410724609762 0.532469015053174 0.383919828243671
0.0176910401408695 -0.00258179897452366 0.467813024956213 -0.165401736573897
0.00397231916922193 -0.00123630568121986 0.199566641605737 -0.320756493549619
-0.00389518226090459 0.00393175289046369 -0.0867440947088278 -0.253340449855598
0.00410038732750379 0.0167246684575461 -0.026950417985294 0.182214531077443
-0.00646027906148087 0.0403397767538285 -0.241154648424031 0.0120203031344542
0.00883615612348692 0.0288710556850403 -0.339328567592835 -0.336613910783394
0.0205363250232001 -0.0180821640038164 0.176752179773378 -0.589657306414573
0.0265674293749228 -0.0203742800839233 0.777431760925804 -0.100720949000274
0.0276980758756442 0.0116497139164241 0.541019961990591 0.533553331201637
-0.0100632399773828 0.0631530878126 0.0924979773079384 0.43945720659453
-0.00988953394543753 0.0561235138899266 0.0629797545670667 -0.0952302501241621
0.0187968835739358 0.0236798997317237 -0.318016729047215 -0.429236381037256
0.035242446227781 -0.00980642584703232 -0.792019189683158 0.167311276013963
0.0257552139970415 -0.0243884252905836 -0.219948145082227 0.820133182789039
0.036151994573194 -0.0177598143015475 0.51354238352492 0.42358713200411
0.0330276530935254 0.0107150875041968 0.479007628696341 -0.135269030448151
0.00133972160854535 0.0129271659811699 0.210711697127544 -0.311025906718375
-0.0085882409807393 0.00125770874091486 -0.0825919045698576 -0.250234169232134
0.00131295310428247 0.0149517081628481 -0.0257165313613547 0.184853794294729
-0.00705403543903189 0.0507797869575554 -0.249078182052861 0.0424025090307921
0.0196380204542777 0.0399231845192923 -0.379118371831934 -0.279741592351788
0.0281799732308334 -0.0257144628676577 0.0745682740426495 -0.601927566414653
0.0412736421340951 -0.0354686556732526 0.730815781523512 -0.23388500740058
0.0491091211333613 0.020331079070521 0.613053534068682 0.432456563650544
0.00149540117596555 0.103310333437762 0.13750230344907 0.438875888603429
-0.00782199577132736 0.100992536905983 0.0636457206013268 -0.0682722440442627
0.0367009364300692 0.0522609695276573 -0.268772264916837 -0.450107616844821
0.0530240650699876 -0.0155494935610318 -0.80937544284643 0.054021902379684
0.0305230581942832 -0.0433836179013121 -0.342902842889826 0.786095023152606
0.0449744371686654 -0.0247951280338732 0.452588989080886 0.513901536872062
0.0444647536336264 0.0215282574043058 0.500082942098447 -0.0619703127474609
0.000514719999918995 0.0248399154941257 0.238887435414445 -0.284714557174895
-0.0104034590910668 -0.00171233716685305 -0.0698381537297805 -0.24608852793153
0.000475014172170779 0.0124401360351706 -0.0191419809724989 0.188329508029819
-0.007059919373044 0.0546745845303912 -0.249541672396921 0.0834546602072631
0.023642063489806 0.0472729820185911 -0.420709903295275 -0.191148050145593
0.0294462545721033 -0.0292143072699096 -0.0685194466825127 -0.586990394827938
0.0445342499357196 -0.0512452109196278 0.635329721013648 -0.395933247690513
0.0662745074649319 0.0129004582892786 0.689102446252215 0.277222272841903
0.0206940816526643 0.123174477186053 0.203576182100893 0.433333427267454
-0.00847958276668467 0.132348347750567 0.0675402880794774 -0.0241361784869132
0.0429118483101595 0.0815441812141318 -0.194163834864049 -0.464816422131347
0.0671899166195948 -0.00678593489007096 -0.80691301872225 -0.118508543305123
0.037505623429038 -0.0513269720532678 -0.519522240329775 0.698514398767903
0.0492026746033809 -0.0303272599009013 0.339472852422766 0.623214415189995
0.0520162879457292 0.0280333924882579 0.511654148000434 0.047828386181774
0.000428285251630205 0.0337960474752809 0.275042669594071 -0.244265657760372
-0.0128518377567692 -0.00284813072389906 -0.0517920511809283 -0.244292606795557
0.000582401554262192 0.00984424278384074 -0.00676772482477156 0.192399152295464
-0.00717225784427048 0.0513900533782334 -0.241655542389225 0.128243517933571
0.024603949066081 0.0483312581968936 -0.448324761313795 -0.0871806203043088
0.0236361442483054 -0.0288583951449984 -0.215464914450594 -0.531620349625174
0.0370063718293338 -0.0615791917671836 0.487335380475408 -0.538029217302052
0.0707425297572567 -0.00418322335403742 0.730611168852067 0.0971685036695644
0.0383777517962234 0.122025847991608 0.282752923442308 0.415029695275737
-0.00974041814829336 0.143515296075981 0.072494835916448 0.0270941610452728
0.0346233170796745 0.102263349898583 -0.1059883285303 -0.46115898231739
0.0704856685705555 0.0149782142393618 -0.759639167462956 -0.314580908620143
0.0441618093804696 -0.0463290152570233 -0.705077749031527 0.545635191606403
0.0499545668900223 -0.0303773010628674 0.176283050195122 0.716161931291857
0.0516005259296048 0.0282967777271769 0.50412448705505 0.173707732364326
0.000253276906012147 0.0373874955994808 0.31091839890912 -0.191291510055276
-0.0124840898716557 -0.00267504545443853 -0.0330628577274581 -0.241960562288499
0.00904434136306008 0.0195670377535665 -0.0108243946306902 0.177861094911553
0.00171458960719742 -0.0193316703285977 -0.219659555777937 0.0697539387721769
-0.0397472835124085 -0.0236461897216661 -0.390252521675481 -0.230380470791836
-0.0313889984850744 0.00843860175324806 -0.0481909624337879 -0.597891750938883
-0.0341824023509878 0.031283333827281 0.646704235571814 -0.358102947096032
-0.0521988681823112 -0.0209350786169521 0.678497158100997 0.331177097397979
-0.0342688639843614 -0.0839291539256855 0.196728108164833 0.464959781522573
-0.0179233352914715 -0.112023053643083 0.0721439807527377 -0.014188024423812
-0.0616312986692635 -0.0692537986145682 -0.205493219703503 -0.433326527801145
-0.0464525653337679 0.0396438883067763 -0.798282860780775 -0.0462298008979148
-0.00928884900474406 0.0595498530621977 -0.460772696053077 0.732198194151898
-0.0161770797860138 0.00984527195281077 0.386002894184724 0.565992196998649
-0.0249600206680589 -0.0415580673236364 0.507504170641769 -0.0105278881224473
0.00784516435581986 -0.0373014261546082 0.260797350276729 -0.265115752327751
0.00785553765058507 0.00726899885793568 -0.0562543085693902 -0.250655050180264
0.00819530332121744 0.0171238465184434 -0.0165209309874019 0.177892458508774
-0.000440719926357352 -0.0090624454932613 -0.222329237221821 0.033608742328697
-0.0279697976383173 -0.0159330637897587 -0.35690503901388 -0.301803299568906
-0.0194305662009015 0.00383728315578617 0.0825649269333668 -0.600855984646687
-0.0269543816040772 0.0156931344606129 0.730293329524541 -0.203621563004694
-0.0342580399876138 -0.0315229362962617 0.603233011575877 0.463084067119434
-0.0206949823088191 -0.0690869595975011 0.133049131901247 0.459270819600186
-0.0162191754827844 -0.0861640415511527 0.0690719791037571 -0.0570515254274761
-0.0527152199414248 -0.046202957931489 -0.275159593326505 -0.420298136758922
-0.0256747654874816 0.0387359351846759 -0.794977583724368 0.103969772464646
0.00430598563020621 0.0446000581156135 -0.299122029466616 0.796200978257566
-0.00447921881774539 0.00403268510138139 0.476962545076302 0.463413447545519
-0.0131023010816653 -0.0314082418276467 0.488365362230333 -0.10470603036856
0.00799877933664894 -0.0269746712435989 0.224248488086972 -0.300684475999908
0.00448044105132329 0.00826934189527797 -0.0740881289043297 -0.252572325102512
0.007874277892394 0.0174064229238376 -0.0197078208831799 0.178820043342689
-0.0022672880197533 0.00593484337770965 -0.224941509547324 0.00946011116797422
-0.0153706532463976 -0.00198330046700076 -0.330217401869025 -0.343080147063681
-0.0061124701424699 -0.00338320746255917 0.172584232653568 -0.587011898796424
-0.0115063610934679 0.00171904795906902 0.770416377767284 -0.0921874015760319
-0.0140976625286001 -0.0250599036713121 0.537863734278916 0.539355395251135
-0.0130923571698254 -0.034509626126868 0.0925287063872035 0.446734759599102
-0.013783100545901 -0.0449318617249124 0.0634228207467446 -0.0888699613287886
-0.0334315767945361 -0.023000158831922 -0.320253758131514 -0.408364735527612
-0.00426714489913459 0.0258915802355213 -0.776980906441862 0.197904622431533
0.0150294113090798 0.0247003422063872 -0.190803699920332 0.822593527677301
0.00877891715450395 -0.00138058167695847 0.522643174852558 0.388164340085402
0.00164514420119673 -0.0170689764800576 0.466348366812256 -0.161241912573715
0.00579654138370075 -0.0144817700401249 0.200222481568472 -0.318658173500621
0.00118980713955873 0.00754930352518686 -0.0870985297798282 -0.252056098808146
0.00625954613015687 0.0170754792295385 -0.0221861876896698 0.179243415494474
-0.00427975497731478 0.0246116083635019 -0.229776189570934 0.00273184032191367
-0.00256355462309921 0.0128573926379124 -0.322413988859307 -0.351166907691358
0.00736046608731757 -0.0100141764796086 0.202494989576575 -0.57990729580357
0.00741468272922015 -0.00904701031002573 0.780690718884366 -0.0580151293804788
0.00614826760937989 -0.0072561727779283 0.514530094230354 0.557382949710286
-0.0113573609839137 0.0132537348160946 0.0817791359450431 0.437659625877274
-0.0111589318439166 0.00372566904385614 0.0614403337939176 -0.102604673795723
-0.00749251970306968 -0.00183804545104803 -0.336330879343603 -0.407115258582602
0.0156777990679082 0.00748485476135921 -0.769256477681674 0.225385637613267
0.0209108396487262 -0.000967336621091045 -0.156752255929287 0.825193356891554
0.0226332889469361 -0.00963591461262753 0.536259955580452 0.369838407212025
0.0165742124140727 -0.00281789102181925 0.460177087282676 -0.173763986809432
0.00302106834577649 -0.000838147555477698 0.190496361048523 -0.322208306104478
-0.00435123748045418 0.00426164736798792 -0.092543494308867 -0.250068986268523
0.00436781999786451 0.0160127190638347 -0.0225672289091975 0.181881121009799
-0.00563199569870098 0.0396272153442588 -0.239680141010873 0.0163592659054631
0.010316285786912 0.0278297855964086 -0.34144202491214 -0.327084317862299
0.0193826522603332 -0.0181234315395008 0.163082312545996 -0.588582368879053
0.0263684959005993 -0.0203692230602776 0.768911605808985 -0.11561338005095
0.0277802436774999 0.0114252633032235 0.544266830911432 0.516450826747387
-0.00787115251269029 0.0633106742360626 0.0973076331665303 0.432819359952278
-0.0076271792864292 0.0549185203166855 0.0600329630847333 -0.095112667900748
0.0187653387900683 0.0225658884978026 -0.32146779194077 -0.419035882932711
0.0333331513888481 -0.0101804937938231 -0.781100451362929 0.18161407324581
0.0240990186189473 -0.0248284674601328 -0.204078833232773 0.816938458250761
0.0346837614544715 -0.0178480920078762 0.5165014409145 0.40993943578087
0.033091526694477 0.0101469283382733 0.470207017773141 -0.143253274911747
0.00168698350821436 0.0121478901093427 0.2027665249837 -0.311732635178576
-0.00766278856650687 0.0007294017058679 -0.0869978525237658 -0.246315162477797
0.00345810142773218 0.0155059604587572 -0.0208037763487763 0.183656363088635
-0.006458885637231 0.0510256618738431 -0.24644275310427 0.0466094913963818
0.0194978983495568 0.0401299060864138 -0.380780441674448 -0.268433592489443
0.026973407085684 -0.0260505359302074 0.0623587378111758 -0.596894978271783
0.0396371713229644 -0.0355950496782859 0.720259144519174 -0.243467672327094
0.0485839921474002 0.0193086680075937 0.616029157180601 0.416211882222245
0.00315335443444006 0.102382062489825 0.142519840912445 0.432779056477677
-0.00636383029083207 0.0997470617010128 0.0626956094428828 -0.0685034630711614
0.0372418804098645 0.0511635808516785 -0.273493828717113 -0.441247314229354
0.051688835535115 -0.0169359758152363 -0.800201901033655 0.0665040010333804
0.0297474769748801 -0.0435286926984222 -0.322583085271103 0.782970348224792
0.0434229046149118 -0.0259390784117367 0.459220518396642 0.500220654393425
0.0445941186970752 0.0198358780405553 0.492659394627585 -0.0722646574793028
8.06991042697804E-06 0.0250389544803536 0.229911199709774 -0.288198718982487
-0.0119777133941618 -0.0013802930002066 -0.0733523692938798 -0.243206697390417
0.00139150504930632 0.0115476266725365 -0.0138507619627481 0.187551043171146
-0.00533180060516511 0.0545241355047661 -0.247152229146166 0.0886042244033892
0.0248328259271958 0.0472668011527826 -0.420773532610014 -0.180334985691865
0.029028132783713 -0.0296986207557127 -0.0800857614855876 -0.580347919316712
0.0431502721333674 -0.051273735143312 0.620184477632813 -0.40335743920868
0.0649862530354642 0.0112870058256547 0.68694614371106 0.262220396194555
0.0221111115864232 0.122361412161803 0.208973447430678 0.425800152900607
-0.00554949142704477 0.130671002568005 0.0660032880656608 -0.0267455778097423
0.0437030267110846 0.0786264250744188 -0.20031974293414 -0.456169263550995
0.0664962874288955 -0.00741603963731452 -0.799486236060454 -0.102706504354898
0.0366414272278062 -0.0519936246066906 -0.50240888681039 0.702252035024618
0.0483208048990536 -0.0304555985085482 0.347004758020735 0.610590740162678
0.0518114430230623 0.0264074592456268 0.5090759443633 0.036105838691331
0.00102802016363799 0.0334072735406002 0.266532642561567 -0.248314038806458
-0.0126567006740885 -0.00213546648515375 -0.0557067437516744 -0.241239169380799
0.00170930232017164 0.00893399927830531 -0.00218515776453049 0.191293795763653
-0.00506517018210759 0.0506644951097899 -0.237052041825677 0.132667259935762
0.0245792972508463 0.0475431419561793 -0.444405586969753 -0.0762023007290947
0.0234375323782578 -0.0285064681319972 -0.222961486336796 -0.521776880580172
0.0351749197781665 -0.0616133467007046 0.472650201119374 -0.54322020134949
0.0693013360219172 -0.00534454881805016 0.724965988930529 0.0810334800404202
0.0397785898421073 0.12051796807212 0.28584771658107 0.406478732202261
-0.00753504979792089 0.143363573548201 0.0712339260676244 0.0247054534491784
0.0355338661818968 0.101170879218575 -0.112804767575488 -0.454925296505169
0.0697958076125964 0.0127257150525261 -0.757867475464901 -0.296700370752252
0.0417251986180906 -0.0466396367213533 -0.688674688724614 0.553436646453605
0.0489653345194896 -0.0303658648734625 0.185665960710095 0.706270745248112
0.0519954358944617 0.0269465430156291 0.504644051086783 0.161685420221765
0.0015635094837577 0.0368445902813624 0.302957653828607 -0.195424156568291
-0.0122874704112437 -0.00206088765119465 -0.0372308808257308 -0.239461326579506
0.00879356521904969 0.0188787203961434 -0.00636229567471624 0.176628116663555
0.00116128509207088 -0.0194628554168091 -0.216065158337775 0.072309028660347
-0.0390080613991708 -0.0236844802263922 -0.389224473798377 -0.221069091314659
-0.0314249294194279 0.008919620271731 -0.056823647606697 -0.590976844576494
-0.0332075189252733 0.0316854761452623 0.632680579747269 -0.36243017095836
-0.0515862344345245 -0.0204428961185225 0.67418270133097 0.316529396051109
-0.0349634039348954 -0.0817997723778712 0.201704846085202 0.454850654541377
-0.0183040910756115 -0.11069559722392 0.0722257996643373 -0.0146466932238665
-0.0614639257098347 -0.0673190479986126 -0.208936085959199 -0.423151038730403
-0.0447911405601392 0.039313583321291 -0.789961348503147 -0.031443172052225
-0.00742461692476461 0.0587541849139189 -0.443570051174507 0.733083084200915
-0.0157607671998876 0.010489810303325 0.389656794048799 0.552528948351765
-0.0250363275124464 -0.0411240743356076 0.500424264531285 -0.0183744622143299
0.00613518370695239 -0.0377154566745974 0.252861329644305 -0.267895135892686
0.00711156472883298 0.00653809767182125 -0.0606871073320409 -0.248011320058648
0.00908370137218807 0.0169651630154246 -0.0117414724096044 0.177065422056815
-0.00077389442908187 -0.00921300778803804 -0.218623855025905 0.0355965804221217
-0.0284370244504369 -0.0155465261657178 -0.358176813952291 -0.291995919508125
-0.0193005569333829 0.00421126547576452 0.0701237471257059 -0.595257279804393
-0.0261000627231826 0.0153057240676898 0.717517661697022 -0.212001708477302
-0.0338055181719706 -0.0302039416025449 0.603719130178383 0.446663006640964
-0.0212068570690501 -0.0682844037835548 0.139066823292336 0.450826322409659
-0.0173189611473212 -0.0856597004753027 0.0666570169156287 -0.0571948445336847
-0.0524245309796071 -0.0449647874253021 -0.277346473147017 -0.41090601720871
-0.0251903863488671 0.0384457238051169 -0.782168166477524 0.116105894129825
0.00525685157617418 0.0450794186246947 -0.28379225705201 0.791913023985923
-0.00505241343647933 0.00407313038248613 0.47878521308357 0.450017545971984
-0.0135899259153352 -0.0313650931827711 0.479355015644593 -0.112116758718625
0.00743000335381197 -0.0271181156237965 0.217067168346662 -0.301520863497491
0.00518571677375741 0.00832372264304751 -0.078621750125243 -0.248912497260965
0.00885956565876762 0.0164413668253221 -0.0159853008705753 0.177580720547722
-0.0025738686407234 0.00641185659715965 -0.222038478779973 0.011834586655571
-0.0142268258474553 -0.00199004353155145 -0.331128653063966 -0.331979870599449
-0.00622935873629707 -0.00148641379049548 0.16187207565836 -0.58318914319965
-0.0115479520866476 0.00143957610151453 0.75892087176487 -0.100699546169282
-0.0140149721655586 -0.0254545528912183 0.539320566236768 0.525050583759311
-0.0134106770929159 -0.0335402594759215 0.0983440317008737 0.439501492365328
-0.0143497487597413 -0.044259132662819 0.0627391427927723 -0.0890110203874375
-0.0331526070254991 -0.0223504317910193 -0.321949518128447 -0.398604202168888
-0.00293446513664842 0.0258439354256247 -0.764329758187412 0.20817482278799
0.0149046656622956 0.0239844224890695 -0.175426429490565 0.814734336747017
0.00830514783606799 -0.00284159243111676 0.521128120897939 0.374575574749949
0.00146740054153657 -0.0172376730968965 0.458616468467221 -0.167660617343645
0.0062351977036234 -0.0148816507402877 0.191615393079795 -0.320692539561632
0.0012278589782162 0.00726586939156784 -0.0910025111883664 -0.248316258866178
0.00668547910574808 0.0159605269896793 -0.018775693883514 0.178330467968919
-0.00396360553247889 0.0238301557459827 -0.228060349467279 0.00667373045357839
-0.00191853455969425 0.0122919271623944 -0.325936543886039 -0.340216439627039
0.00699646970043074 -0.0102296105896742 0.18880652964886 -0.575852220163821
0.00694656204017818 -0.00947492420650721 0.771191769053681 -0.0705494422564396
0.00620146284913167 -0.00746724063568779 0.517129279903312 0.542993539235568
-0.0109460230638652 0.0143334642690474 0.0863535654076035 0.428857597643188
-0.0110575581020949 0.00442981741757335 0.0596223769851309 -0.101960336706691
-0.00840207680903566 -0.000500533823232602 -0.337094999816098 -0.398035565667008
0.0157005223208269 0.00671535967445766 -0.757083982572587 0.235509298536674
0.0205723456979681 -0.00083859561589647 -0.138540160115616 0.81644377821264
0.0223888328103702 -0.00967964856862016 0.53389075379774 0.356983720200084
0.0178771614425631 -0.00375710597275677 0.452221109819611 -0.181148710833962
0.00306950581157496 -0.000469636134665294 0.183995867868873 -0.32347671285448
-0.00400702059351162 0.00424818412486398 -0.0963134682700569 -0.245889185533719
0.004874121202967 0.0160005467238798 -0.018783174677221 0.1807435452765
-0.00518286599511885 0.0397430713186819 -0.23628514407541 0.0200504576685145
0.0104264729265717 0.0277687904822115 -0.343309276499159 -0.316293804401173
0.019376077882242 -0.0192480569231769 0.150292720953291 -0.58377071316769
0.0249412030191967 -0.0204392806640684 0.756236876350398 -0.126845254562423
0.0272253101597851 0.0100276719051602 0.544468920568489 0.501365650905976
-0.00648215714815077 0.0626877235106161 0.101416540385925 0.425972306625263
-0.00654859682135554 0.0547197335892011 0.0582085273970354 -0.0948146630568368
0.0184163545649531 0.0225511589542146 -0.323181186876989 -0.407921592141803
0.0338485687444053 -0.0095370451168609 -0.767570192316935 0.193884687935325
0.0246542580198844 -0.0248457647153879 -0.18589412714983 0.809899578972226
0.034304105701515 -0.0187183493391278 0.518277023166895 0.394845454433186
0.0319525274032614 0.00957727055014097 0.462273576987856 -0.150302006560956
0.0016377827789095 0.0125305981921428 0.194660849956661 -0.313635773639531
-0.00838748325970774 0.00210829350003281 -0.0906858612623695 -0.243346130821515
0.00288806187531425 0.0141227391850744 -0.0163241278521354 0.182120310174832
-0.00533385188179672 0.0502708102188035 -0.24191069076649 0.0502840493820839
0.020229942365478 0.0388316254268245 -0.379793972793128 -0.25714366440907
0.0266741930388959 -0.0260167401450403 0.0515452413428479 -0.591739983822085
0.0386125663513768 -0.035055607407489 0.708380811312582 -0.252709803564778
0.0485676182062711 0.0173900400501088 0.614733487774068 0.400792117165196
0.00516765545690125 0.101710776071587 0.145261452579602 0.425132382805947
-0.00456187230273855 0.0984426327950525 0.060698862518765 -0.0693252051835052
0.0373039241614984 0.0491456231066362 -0.277038268248936 -0.430659615661111
0.0506950042186837 -0.0173080398909416 -0.788459372097573 0.0805827403443462
0.0291066259278483 -0.0445784790481546 -0.306042982741282 0.779271071132781
0.0427233597214322 -0.0260348825475043 0.462953875889692 0.485510159563919
0.0446403848109189 0.0194499471825724 0.486135564537564 -0.0799681485455993
0.00158359005749606 0.0247186232275046 0.221937235127825 -0.289087970831055
-0.0107441571406308 -0.000707816283665388 -0.0781960251026772 -0.239330646067523
0.000893763499896487 0.011626672163401 -0.0103621959229853 0.185784704570248
-0.00491950733696884 0.0533375248840154 -0.242366562627305 0.0915348969721738
0.0252421987179744 0.0445937543151619 -0.418442562609446 -0.169452048578214
0.0275060553241144 -0.0302546081370075 -0.0871028623296035 -0.570700237350581
0.0417826464486153 -0.0516860412701437 0.605883663087435 -0.409100756501837
0.0649075240111743 0.00988606056442878 0.682635395642829 0.248132006321491
0.0250858332782026 0.120869808199197 0.211991429581749 0.415816898179936
-0.00400069740992229 0.129142068851845 0.0664859119065979 -0.0269727583273255
0.0443507743198733 0.0776029609760297 -0.202458531024363 -0.447741919833298
0.0653421461682742 -0.00837025880588572 -0.792575248670978 -0.0883431281167244
0.0354531105678479 -0.0515375968491351 -0.482884215346763 0.700649894361479
0.0473693342448511 -0.031225186285617 0.356495632256206 0.597656725461049
0.0517513557579328 0.0251232899858755 0.502357147546865 0.026037733052605
0.00148283262416591 0.0329698239840444 0.25890270697411 -0.250032895696067
-0.0119104370598721 -0.00163563205996155 -0.0595774545354564 -0.237655158910629
0.00103067450789457 0.00853242193983332 0.00224898384330389 0.190380660972961
-0.00552850244354379 0.0507323852447394 -0.23123916587017 0.135405679997831
0.0256280037492313 0.046216837686226 -0.439560337261379 -0.0667000690066528
0.0221980551628725 -0.0283089509766707 -0.229496837316669 -0.511008831551209
0.0331418048149993 -0.060991632880451 0.458867553709179 -0.544751692848932
0.0679228946594866 -0.00753447540112702 0.719360819039981 0.0704246655640802
0.0423762917699105 0.118758502939371 0.287433000701019 0.395717890764013
-0.00485958670062042 0.141528853271687 0.0708586382642244 0.0225899823200317
0.0360023657771428 0.0992970862536597 -0.11735993415883 -0.448835038138365
0.0684072233354206 0.0122894239508912 -0.753057966950298 -0.28285201872991
0.0414945406305647 -0.0466432363282178 -0.672066474899388 0.559293599436735
0.047714910075333 -0.0314866058642135 0.198488884722923 0.694797610621021
0.05084201386341 0.0254999484587947 0.500584460939445 0.151272873407266
0.0018038543574089 0.0366036142041764 0.29656218221358 -0.199799728275105
-0.0129086927027983 -0.00113061623775097 -0.0420522301652269 -0.236669216281619
0.00994858488076057 0.0177405713752928 -0.00332594509412805 0.175759977011018
0.000832189227411194 -0.0195363386580242 -0.212850278146673 0.0746558399875685
-0.0389323852308284 -0.0232629248175197 -0.387949892979131 -0.21296620285163
-0.0306945160540399 0.0097026164904256 -0.0640935040904463 -0.580519005464521
-0.0323973912861024 0.0319903015953389 0.618058799919253 -0.36734707425267
-0.0513981658354197 -0.019370232899156 0.668647200516109 0.301951360025423
-0.0355979023362535 -0.0806539703247831 0.203276249857652 0.445548740807623
-0.0200062893992481 -0.108864159299465 0.0710893446233196 -0.0163832463247791
-0.0614254546800017 -0.0666540708898861 -0.210932187442454 -0.413966926999976
-0.0428672091938796 0.0402900585001959 -0.779318054355857 -0.0213445560032371
-0.00728985111709875 0.0585680670972032 -0.42609665450216 0.72783573932585
-0.0158129700616762 0.0101366555703085 0.393605443119704 0.53981302355183
-0.0258067698853188 -0.0410127439042822 0.494968742131265 -0.0263235437747822
0.00525195006143392 -0.0374542050325852 0.246685891559308 -0.267102382431581
0.00796042942752248 0.00677063572265798 -0.0639703374687716 -0.243960636269602
0.00925980846481683 0.0158455374673722 -0.0091294061410813 0.174483278864682
-0.000768927263589238 -0.00897896373048521 -0.214701536834184 0.0382255058728421
-0.0281418904679729 -0.0148185672723346 -0.356471835894386 -0.282255725788343
-0.0189900420652712 0.00496325551028563 0.0616077438076735 -0.586829918562304
-0.0255749442831768 0.0162700120799739 0.705628798942857 -0.219797175306761
-0.034010354638574 -0.0299605188615599 0.599678124286844 0.432756125250557
-0.0220101546881359 -0.0658191665221561 0.143485931530591 0.44098312826868
-0.0178543437013005 -0.0831971413019052 0.0651822292432901 -0.0583571099055651
-0.0524329728281859 -0.0447027043237093 -0.276375824847254 -0.401898880905566
-0.0238815655117278 0.0382174318613387 -0.770050543401225 0.12589339529054
0.0063806789610182 0.0443719921422586 -0.267867533620115 0.786779267287524
-0.00539059989946327 0.00439210579086704 0.477612596168767 0.435704518071627
-0.0145108684517264 -0.029860742197333 0.473425802940024 -0.116807066713482
0.00607221475436555 -0.0268227421818614 0.209236809555797 -0.301570515902103
0.00424640640542284 0.00808172428511531 -0.0812926028501031 -0.245611637708943
0.00874062393263379 0.0156216750923365 -0.0124534556435034 0.175818250625591
-0.00161101648024512 0.00528246550042282 -0.218927280644338 0.014555612949614
-0.0148984120627714 -0.00263782366902268 -0.332173742039113 -0.322892123997201
-0.00621611619902981 -0.00215269590509674 0.151731978698256 -0.576839943615727
-0.0111048414602837 0.00234969892251642 0.747532708541129 -0.112880825552761
-0.0141260980730537 -0.0251732569193364 0.536816142630525 0.510381851173338
-0.0135199315129314 -0.0322940850305124 0.103126377840462 0.43208302044833
-0.0144536914066008 -0.0436025211675164 0.0602610155771552 -0.0877373393955403
-0.0338046345043655 -0.0212135872078544 -0.321704118104454 -0.39031727371824
-0.00328793989316213 0.0257003752402164 -0.748319004682552 0.215944875086374
0.0147309659820483 0.0230185823843376 -0.161586995568869 0.805321463568781
0.0082212613165342 -0.00275504658751627 0.52042549217136 0.362769318348179
0.00162334612976011 -0.0174359503390368 0.449744227370098 -0.172000741973391
0.00455735380205421 -0.0150138524703935 0.184975984479361 -0.318162663635037
0.000274277906646166 0.00679796269109764 -0.0933583984648467 -0.242951971087865
0.00666068709598985 0.0151979418369615 -0.0142192068052275 0.177180112906255
-0.00347840127613361 0.0229976384497052 -0.22461923109711 0.00961636882783043
-0.0015176001824032 0.0123507772798406 -0.325613407602024 -0.330102334194085
0.00671905559171127 -0.00974960476849912 0.178903235454098 -0.571509454674086
0.00653328250531656 -0.00904213723289202 0.759285960597184 -0.0788517182531177
0.00645955519007348 -0.00801390210036104 0.516326806326171 0.528338156078212
-0.0101893382696149 0.014682100736946 0.0893239808757742 0.422131198692828
-0.0105907714489981 0.00436422988228319 0.0569192270231962 -0.100812394175664
-0.00759440240003945 -0.000103009050916442 -0.337260565664623 -0.388295019587536
0.0149459421166967 0.00606351984291161 -0.742373984225121 0.242383533699044
0.0200467482163726 -0.00105781791829365 -0.126982287895968 0.809061411042524
0.0221610652175982 -0.00983873411671074 0.531776177214721 0.344217827984305
0.016059338578388 -0.00391608166172359 0.442148867249489 -0.183620342170347
0.00326217478347961 -0.000405707457034981 0.174936402192662 -0.321806914554621
-0.00360439018917646 0.00486590941284656 -0.0984806589488668 -0.24118110949755
0.00579275518110602 0.0157564792322449 -0.0152632943639238 0.177395015958582
-0.00413915861861404 0.0395163146572072 -0.232658750156477 0.0228247240857686
0.010946946126663 0.0267504850533549 -0.342891537585842 -0.305493540203833
0.0184520973892054 -0.0191266572982521 0.140690465795954 -0.577219276879452
0.0242815933767024 -0.0210784017881452 0.744733946135705 -0.134101100386997
0.0268415405061996 0.00900563440961108 0.544411308639404 0.488303542731733
-0.00539270267359697 0.0616643917332284 0.10571893937073 0.417929985533569
-0.00577127610619834 0.053540124173646 0.0568639756423471 -0.094431005617731
0.0184200325016859 0.0216726048052345 -0.323441441215526 -0.399963789614893
0.0327851233088114 -0.0105084057906115 -0.753918184790156 0.200252188605563
0.0230015240988843 -0.025074140566395 -0.17187065491718 0.802682346357133
0.03286815255779 -0.0183222198972428 0.514903957568564 0.383163554652246
0.0311266978807819 0.00876010448668018 0.45428576351083 -0.154647940229357
0.00135604462422563 0.0134252180992083 0.185468833957461 -0.311703984580741
-0.00793278807978442 0.00221940131352164 -0.0933940876474259 -0.238064074065557
0.0023939702325614 0.0136212645787966 -0.0137084240054716 0.180368702083878
-0.00447933753033484 0.0495504710451427 -0.238172855942535 0.0525248451096305
0.0207345319375297 0.037640619142606 -0.378569630511855 -0.249089683032879
0.0255198426609581 -0.0260677145552305 0.0423021408255999 -0.582445079833599
0.0377611741422062 -0.0355545489419105 0.692602452790925 -0.25807425259804
0.0472644252791124 0.016422822632316 0.612140847145398 0.388122338265769
0.00680331426852549 0.10034779659832 0.149720127954917 0.415655623642027
-0.00330597441935739 0.0975162783514293 0.0590046849162914 -0.0687555730353061
0.03713993089526 0.0482538251711752 -0.278198209856521 -0.421434280789049
0.0506399438171274 -0.0183232515017906 -0.776126455686555 0.0901908612940449
0.0273606084405249 -0.0436088440105245 -0.290044819316915 0.772785464629136
0.0418596883958706 -0.0262190306059057 0.46246172012445 0.472281568314257
0.0444252741964994 0.018198502508435 0.476183586497408 -0.0859901868185162
0.00091367538004143 0.02488905993654 0.214390008107771 -0.289372630879039
-0.0101751220809533 -0.000176260491861169 -0.0810401734743596 -0.235414487381353
0.00161268982135195 0.011557804562071 -0.00712102381314018 0.18186903892867
-0.00421277747353468 0.0528676692174416 -0.237536454658538 0.0931483716096695
0.0268757981486486 0.0445873174551765 -0.415179652839377 -0.160850354797153
0.0271465616152434 -0.0297232271451211 -0.0941107564621766 -0.56084637169224
0.0401954577686614 -0.0516888869991653 0.592019260739694 -0.411152331240239
0.0637188105707022 0.00829436314624391 0.674906611566516 0.234493316304258
0.0263199853366115 0.118723794291266 0.214085435169803 0.406150518945339
-0.00160611925963837 0.127252125154888 0.0641352979906262 -0.0271132594762663
0.0448309983665126 0.0757835545262692 -0.205719217179485 -0.438662865075949
0.0634221220215276 -0.00907968895526835 -0.782864406205785 -0.0767430524895115
0.033400822249596 -0.0516894430076224 -0.467017011190325 0.698719001966354
0.046791382887723 -0.0305449658148407 0.358258768362923 0.584673238294114
0.0505970914714949 0.0233418013968503 0.496167786165122 0.0186427929475194
0.00185175091303374 0.0339582250436062 0.253198424957876 -0.251500008448231
-0.011925565667132 -0.00133945322714391 -0.06254770505769 -0.23351087396386
0.00142258885167888 0.00819581368504511 0.0046082911039303 0.188284796374972
-0.00400061532008688 0.0497302501585955 -0.226391078395599 0.136811993309806
0.026042248549431 0.0453953830381284 -0.434127384936695 -0.0577953723480379
0.0214933032408364 -0.0285742365077077 -0.232947115561721 -0.500183710564074
0.0320820506266029 -0.0613440115523553 0.44520032970639 -0.54341318818247
0.0666030858822638 -0.00814361247885522 0.70925035952556 0.0584631126678167
0.0437585159608116 0.116273799439199 0.287165687936612 0.385858664717486
-0.00204495377692285 0.140157035642969 0.0705812510032508 0.0221871589434438
0.0368864069788184 0.0971963516331343 -0.121004689765955 -0.440821722463315
0.0682259887296603 0.0113511063209853 -0.746036052124929 -0.267209675340283
0.0396774214843659 -0.0461943186660915 -0.652335850080843 0.561145974774542
0.0461205909960531 -0.0318845591456045 0.205639071408173 0.684718239142808
0.0502983828635192 0.0243050283291396 0.496084261430714 0.142972027594811
0.00259756803905928 0.0364874758170584 0.289333260505096 -0.202521814351806
-0.0118004841022058 -0.000635590119454479 -0.0446952209902705 -0.233407141046781
0.0104105561964753 0.017993551253478 -0.000836208508959471 0.173397542999786
0.000849328450441466 -0.0197861770552839 -0.208205461171956 0.0754955843025628
-0.0383756167894419 -0.0213124385309869 -0.384798671586075 -0.20474293872735
-0.0298579661437488 0.0103368359617667 -0.0704765756966394 -0.57232341712062
-0.0315401095055439 0.0320181787059549 0.603673143177211 -0.367659546977333
-0.0508283898164326 -0.0191094118871945 0.662211178350946 0.291375110642097
-0.0360050018575337 -0.0779201963702992 0.204476316474829 0.435048235903033
-0.0207309814977228 -0.106472509299585 0.0702672006208815 -0.0170192675391153
-0.0612881550095002 -0.0649424095160097 -0.211596398878168 -0.407948733344476
-0.0424862438812022 0.0398166383893124 -0.767489001796615 -0.0115738261772959
-0.00565248488051576 0.0581326919937753 -0.413216898403779 0.721772212675018
-0.0160869822868494 0.0102464988151483 0.392410764696209 0.527533740783361
-0.0258778020891578 -0.0405107452015602 0.485975580946406 -0.0307962533826574
0.00401136458448297 -0.0357164961961824 0.239678737556559 -0.267848932664635
0.00835497578740229 0.00622898788788703 -0.0665526796031207 -0.239994459175316
0.0101171267224383 0.0153729598506148 -0.00565473147118919 0.173284560467265
-0.000873227900641661 -0.00887318530716388 -0.211293475988183 0.0399084406413286
-0.0270906330842468 -0.0143536013573853 -0.356071281720781 -0.27384309130028
-0.0192590609141877 0.00436689559754136 0.0555275248476354 -0.579299036982105
-0.0260777999422969 0.0161670496197758 0.692966811029972 -0.223751087294582
-0.0343095277471846 -0.0299834489520854 0.595376564135166 0.419566268319534
-0.0219458757378016 -0.0649576946297715 0.144465048384756 0.432373589939843
-0.0184902460572682 -0.0823603469552191 0.0641617339812622 -0.0578278580873426
-0.0522326897192852 -0.0424583754286559 -0.277661298928041 -0.391815509940701
-0.0222882529554194 0.0386503537912909 -0.758073948060606 0.132160521717717
0.00662158705526299 0.0439246981695813 -0.255652733329555 0.778392799142449
-0.00469416556977415 0.00496294031614786 0.476291116232757 0.426173481584371
-0.0138798863269567 -0.0301187898881675 0.462702442260354 -0.121037102183814
0.0053292852663607 -0.0262298917994487 0.203281476201817 -0.298515523050906
0.00482572496076982 0.00713892130628791 -0.0829401122643568 -0.240677141195509
0.00890960511129943 0.0146529853885172 -0.0101139684858306 0.1744307634364
-0.00176177008115682 0.00556901980664206 -0.215615354186482 0.0155999708785153
-0.0147204983151381 -0.00244925288068693 -0.329992159350007 -0.313622477936832
-0.00687615156852573 -0.00160180905296318 0.141952033021794 -0.570578188722142
-0.0110488269560961 0.00238652182787824 0.734442583324941 -0.118042616803926
-0.0142346432158004 -0.0252000499932129 0.535382935353279 0.497739649502227
-0.0123672528610986 -0.0316255902937431 0.104297059348937 0.424848954331601
-0.014453325035724 -0.0427541898543019 0.0585890298971253 -0.0877225065751824
-0.0335710870532627 -0.0214935738009483 -0.320434608267219 -0.382020123718614
-0.0038424112871763 0.0259340392242419 -0.736872159313231 0.221349240010971
0.0145874143242334 0.0228883073732666 -0.15069703367285 0.796768286144014
0.00799762866198325 -0.00252120148286994 0.516117470162448 0.352027844669968
0.000452198673135341 -0.0173009657034001 0.440674771082341 -0.173578449092445
0.00559896695267355 -0.0141618709109126 0.177161030602939 -0.316174924776077
0.00133126099382077 0.00613039274996318 -0.0957539691981886 -0.239040883738585
0.00695727352887924 0.0148389563374815 -0.0115415337101098 0.175057325096056
-0.00295928118701821 0.0227350213843678 -0.221881486674662 0.011622688040287
-0.00171197529439521 0.0118637292165611 -0.323998702463988 -0.321370875086591
0.00617767595767947 -0.00977486796400304 0.170891258038633 -0.564652363997974
0.00665508012110195 -0.00952576523947458 0.745927260375119 -0.0853393699343035
0.00649871111680977 -0.00802454702152925 0.512615603307504 0.515172031593542
-0.0102034774001299 0.0142253645060863 0.0916174172573144 0.415311818220377
-0.00951917401062615 0.00451438120714955 0.0554030625288035 -0.100150187193406
-0.00821273412806136 -0.000335015962407758 -0.334732043229782 -0.380170003200368
0.015797577271159 0.00614663168367385 -0.728198094658894 0.246576626273743
0.0201628879317726 -0.00103641997848311 -0.115117460914264 0.799495053937315
0.0217122816869835 -0.0101728064576572 0.526072677692586 0.333275838313616
0.0161970124985554 -0.00355703041490754 0.434273326557214 -0.187138056127669
0.00299454700961559 -0.000725979559879463 0.168822973582586 -0.319944549770226
-0.00429606848064721 0.00516909907776891 -0.0997273571286229 -0.236224253073356
0.00544449066607071 0.0147803662125544 -0.0129589349316605 0.176419624868876
-0.00384343065738067 0.0381739995804633 -0.229509294061535 0.0243455407908053
0.0103667653703832 0.0263390146124386 -0.341428456021692 -0.297945408008657
0.0183374140543418 -0.0188024513709499 0.132062387877138 -0.571580738887944
0.0241309808519674 -0.0206443705110854 0.731295690063892 -0.139776185699755
0.0255340948520502 0.0084841130149619 0.541583309612115 0.475049603216922
-0.00402333906588272 0.0617485263395167 0.107565968702977 0.410289550558787
-0.00567003957344049 0.0531188281905426 0.0549644951389256 -0.0944541368577855
0.0179112034866164 0.0211198305820563 -0.321724595847462 -0.390750474592654
0.0322112567571748 -0.0112820049988934 -0.740561007297119 0.203831167518191
0.0231199904752423 -0.0249226712937466 -0.161461533158898 0.792399187707544
0.0325308221277765 -0.0182778517198014 0.51111056539982 0.369799236546474
0.0315220777825462 0.00846089380524685 0.445266505155499 -0.157863187476035
0.00196586321147583 0.0126469293105477 0.178867392203138 -0.310251321215314
-0.00787812589634172 0.00248721925991219 -0.0952490876110783 -0.23454827262566
0.00344461062917455 0.0129409404845613 -0.0112956132115705 0.178735492631419
-0.0038439986032945 0.0496257030234733 -0.235000866499066 0.0543570015128787
0.0208731236015451 0.0370760357944853 -0.374277213406333 -0.239785619550435
0.0248735374976364 -0.0259406942714047 0.0349114310675011 -0.576392251886813
0.0371906218160454 -0.0351073334725027 0.680957555242536 -0.26167040803893
0.0469214425435785 0.0151129653987739 0.606247050963626 0.375521389163733
0.00791772959862357 0.0991942407640543 0.149398496098493 0.409384256014635
-0.00117783519010001 0.0957986918875908 0.0568020903575361 -0.0681716474961296
0.0373797583305773 0.047893776794985 -0.277321781728046 -0.41333571359201
0.0501718098043128 -0.0173565361473328 -0.762992243996615 0.0965383639941996
0.0267387832956179 -0.0432149727021133 -0.279414104008604 0.765507659907471
0.0406708928687036 -0.025729648871038 0.459903991118326 0.460208111733964
0.0435242537942774 0.0175839646089117 0.468324446704726 -0.0903610647325727
0.00182138829446797 0.0245532079267912 0.208631050038583 -0.287733817765015
-0.0110056659099652 0.000351993652080529 -0.0827634986555054 -0.232011698092537
0.00203741550619488 0.0110524800228576 -0.00359188611239502 0.181545409356183
-0.00330744971547436 0.0523142659896003 -0.233802664483521 0.0950692538458758
0.0260734629439617 0.0428749140675118 -0.409853454023372 -0.152761760853597
0.0261191428361495 -0.0286676716985828 -0.0991232742735986 -0.55412853815309
0.0390527036037783 -0.0520890714817334 0.579738713754558 -0.409856082805098
0.0631143368468279 0.00769975329501225 0.667708752403157 0.224825780393091
0.0278352640208401 0.117643362426068 0.21624332376877 0.398823679023547
-0.000314632869863881 0.125094814119646 0.0639078203862681 -0.0280804878384831
0.0447747100513732 0.0733507412039815 -0.20690214007589 -0.430870781891
0.0636609000467639 -0.0091919749013148 -0.772532692365418 -0.0672577324019858
0.0332339516792751 -0.0512245978890729 -0.451877056685423 0.692735044080063
0.0445355643949046 -0.0317152807729027 0.35961423673448 0.571630893716412
0.0502268946415403 0.0228422725974507 0.490071168629911 0.0125026681802484
0.00230949318603884 0.0332482871474058 0.245689345967582 -0.251447577024381
-0.0124002700460984 -0.000743649355265516 -0.0650721938294176 -0.231038634368839
0.00143083486727015 0.00832313878098036 0.00674446970335074 0.185793317568955
-0.00264953549515988 0.0489594539181949 -0.221460670363604 0.138050443223192
0.0261210753061598 0.0446005812660061 -0.429047456810196 -0.05185059049919
0.0213277680818663 -0.028745169739637 -0.234650388841682 -0.490319037309745
0.0304510452859125 -0.0604225487593246 0.43326976246545 -0.539608572758758
0.0652690107173982 -0.00894430880972283 0.698565633667364 0.0498949092696233
0.0447112527110799 0.114548274135143 0.287159398813879 0.3782466210779
-0.00165702469408785 0.138332017110225 0.0697782213447861 0.0204930944404454
0.03753663368746 0.096170554640257 -0.123226154809164 -0.433207106692207
0.0672198462179445 0.0103571448516712 -0.73674190387646 -0.254756114120793
0.0381053409919471 -0.0463172929349413 -0.638108118364537 0.560061584433
0.0449324377847396 -0.0317299710331572 0.207597577217178 0.673761394485631
0.0503159892522672 0.0235240748007219 0.490239416485709 0.135390916466032
0.00215853377100408 0.0368013726317032 0.282805460404045 -0.202214668754226
-0.0121622262605269 -0.000744591173457793 -0.0477117670657957 -0.230009949400834
0.0107777467723683 0.0169474433548534 0.00139831694841385 0.172186157059044
0.000701764018352974 -0.0198360170858681 -0.203708189143664 0.0757766948810458
-0.037402421532201 -0.0213780801344733 -0.380269161075571 -0.198566058195775
-0.0308228213550902 0.00959409405281448 -0.0749401789574647 -0.562465774765814
-0.0306585286809669 0.0318345876919188 0.59298109851083 -0.366648728604401
-0.0505270696621077 -0.0188328445132297 0.654019985200523 0.281069831305486
-0.0357651604189877 -0.0760314338864442 0.20294812589391 0.427581051773811
-0.0209054124205729 -0.105874186701146 0.0687908973700911 -0.0167500116001003
-0.0608847359041721 -0.0634598006056375 -0.211159118963995 -0.400458559027616
-0.0412148408935466 0.038939177234029 -0.757099190083163 -0.00455619793842837
-0.00573685782670969 0.0574495250170518 -0.402095937703471 0.714900415631095
-0.0159851301128652 0.0104174539286217 0.390881495405434 0.515875633722082
-0.0260660758035785 -0.0401453623884198 0.479409999303794 -0.035553567141599
0.00384872991856612 -0.0356866696949174 0.233083082810372 -0.265495414866076
0.00772671946528868 0.00679441273863136 -0.0675637711457971 -0.236395124904102
0.0104631691341275 0.0153369859915791 -0.00337056157472113 0.171252751602158
-0.000554743621602957 -0.00954099962827847 -0.208145854215074 0.0394938251639332
-0.0277855060026837 -0.0137914015028335 -0.352826222642534 -0.2668662337112
-0.0191097737131784 0.00484921029505973 0.04876982678271 -0.569972638441139
-0.0240513414222961 0.0163962789897609 0.680636439011119 -0.226025720364986
-0.0339968290624976 -0.0290087734227638 0.589476097727665 0.408783938087557
-0.0216314842777156 -0.0635896324016861 0.143891959878229 0.424898728062546
-0.0179398259559191 -0.0807965986708612 0.0631392087676989 -0.0570836345702519
-0.0526558301345879 -0.0417104033360397 -0.274668397750077 -0.385107684716184
-0.022332773869948 0.0377222937252997 -0.744426367287954 0.135094862556201
0.00670394943644152 0.0426611278285926 -0.245410769188388 0.768537444449397
-0.00536636489057646 0.00431105636204253 0.470594489242964 0.413048473567806
-0.0144599444145732 -0.0300473784220567 0.456176316171475 -0.123412117920208
0.00520499044496554 -0.0261197030421132 0.19739540695844 -0.296376290808061
0.00502894913577394 0.00709867001675488 -0.0844186343443001 -0.236665101073639
0.00863252014843776 0.0145548210845133 -0.00715672141413089 0.1713575636209
-0.0021130118405483 0.0053378759684973 -0.213028357279337 0.0181991090163208
-0.0144485451330882 -0.00203441457154882 -0.327460922098007 -0.306369177313301
-0.00641090072123004 -0.00171725331677129 0.135945909103359 -0.56247108453195
-0.0109800624883802 0.00295539223703052 0.721012993269453 -0.121878359950613
-0.0132847558250837 -0.0249324089484958 0.528907211603157 0.485292865596215
-0.0130180137179694 -0.0307423260024732 0.10427222153095 0.413551834631778
-0.0146520189823833 -0.0419159838732839 0.0572123699558447 -0.0870865155191447
-0.0332135261379627 -0.0201703557209339 -0.316636211690915 -0.37426603989216
-0.00301974112766308 0.0250033130830529 -0.724783626697445 0.224618043486042
0.0152060600759988 0.0228904776930782 -0.140898015682014 0.784903081076973
0.00744428302611665 -0.0023057846654721 0.509765975118192 0.342855825381358
0.000159004290630181 -0.0172339784245684 0.432425009622514 -0.174474259932751
0.00378167291905213 -0.0139682111778023 0.172527238685117 -0.313182291591862
0.000761049145889177 0.00742587983360168 -0.0971700615452069 -0.23521174902157
0.00739537705165833 0.0145993579521174 -0.00963026714588323 0.173169317209492
-0.00254363031806453 0.0222648584836734 -0.218302510847678 0.0131997705658705
-0.000986731947095543 0.0115736098904443 -0.322806809953123 -0.313602457029442
0.00602226017008161 -0.00959844885208382 0.164441756396301 -0.55707678995708
0.00618455507612234 -0.00900947255692774 0.735114297159977 -0.0904176530763497
0.005529102853756 -0.00948869829160045 0.509234744507549 0.503966730615881
-0.0088488915199046 0.0143492879645149 0.0926348703069365 0.40733889562649
-0.0096375528421541 0.0047059580831258 0.0545498176888117 -0.0995497269995507
-0.00774342671388275 -0.000824671397897824 -0.332168615645926 -0.371023382718203
0.0150017322642914 0.0055306324937866 -0.716679434795042 0.248012260232281
0.0195585153185422 -0.00119031786261755 -0.107586013367272 0.786942368875637
0.0208300215118381 -0.00972572286759679 0.519811040587147 0.323344043553833
0.0156010238700566 -0.00423876213896625 0.424882859376358 -0.186942425134727
0.00225172845617407 -0.000885602396167516 0.164709509174235 -0.316858337959659
-0.0037732894695242 0.00488101796032797 -0.101100706204979 -0.23205951941851
0.00501698468467176 0.0146859751774466 -0.00995687000772 0.174450494011663
-0.00292010756556319 0.0377304513624625 -0.225057053565879 0.0258358812267564
0.0109044165830258 0.0252189628025324 -0.338599719250571 -0.290022873274728
0.0180960412190263 -0.0182485092095917 0.126390866529157 -0.563657596634789
0.0230286638758481 -0.0204293878868968 0.720561772034736 -0.143737569519762
0.0256091696758656 0.00735132787785055 0.535753286488232 0.464358620331754
-0.00362009076271363 0.0603548243085396 0.107779234472378 0.402266583533381
-0.00468073155125658 0.0524230662345837 0.0535787309488812 -0.0929047838886749
0.0180626513041329 0.0214337496480848 -0.319741278822758 -0.382133143485361
0.0313254913330591 -0.0115115846655824 -0.726999836128759 0.208333626338079
0.022449183583111 -0.0239320316090253 -0.152201925760088 0.780898722512227
0.0320238527175192 -0.0180776742917888 0.504873235802029 0.361804464986284
0.0308614021737686 0.00758724493396306 0.436426668649495 -0.159880158482582
0.00110926207781904 0.0127421026169149 0.17480128754881 -0.307966122098939
-0.00833081310048746 0.00163759676154346 -0.0959227302099023 -0.229645311539514
0.003455657645955 0.0131870628029472 -0.00790321117832981 0.176132637821881
-0.00292907696040544 0.0481220197216449 -0.231652518754394 0.0555028460815642
0.0207743784625098 0.0363461976619984 -0.370581195723349 -0.232448525546269
0.0253508973190498 -0.0253702781214515 0.0307214795988678 -0.567932310894053
0.0358608516703248 -0.0350458651899362 0.669443767531442 -0.26305995384703
0.0463170630209668 0.0149724588662605 0.597424931602927 0.365844429089318
0.00980939527535935 0.0967647704576647 0.149210496668266 0.399632262737102
-0.000764636796461198 0.0934072359470076 0.0560888724560317 -0.0685857781973303
0.0369641223937058 0.0457726047776647 -0.275012487686081 -0.405456786430074
0.0482910111857141 -0.0187081723775815 -0.750213034598272 0.10143535280038
0.0267541679293093 -0.0423551653896231 -0.268154131490618 0.755174697414348
0.0391170895923275 -0.0261239281723174 0.456886172377035 0.450105949810897
0.0432302158984907 0.0170613867540725 0.460793979313983 -0.0925450607057798
0.00127286778392053 0.0248318674279643 0.202406592633514 -0.285165850535034
-0.0108087020505536 -6.88225829260543E-05 -0.0842713939703104 -0.227885457020383
0.00220632856442144 0.0105278285580878 -0.00246350074992059 0.179240793122495
-0.00250761353030989 0.0515154441627319 -0.229435201809402 0.0951781994397815
0.0254398465363092 0.0422304812041053 -0.402772480368316 -0.145883276297243
0.025797934182645 -0.0298295999070937 -0.10249189328946 -0.543970329860441
0.0373749540364979 -0.0513446889988358 0.567846013738243 -0.409021469277928
0.0621909031832545 0.00698420682464812 0.660084772479936 0.216271627578644
0.0287015293829531 0.114879597262749 0.215459762535318 0.390667121543324
0.000800643230846179 0.123986643722425 0.0621762743242204 -0.0279669342515519
0.0446468315806556 0.0725199049954685 -0.206727967295705 -0.421632401136611
0.0618476696294258 -0.00961603149474785 -0.760314763354112 -0.0614855711251686
0.0317546067101415 -0.0505858106255531 -0.43977838283827 0.686746608917447
0.0441261115895118 -0.0310172409037177 0.359874262168888 0.562062777694529
0.0495498727847222 0.0225085059112028 0.482879363139883 0.0081035104767054
0.00249633023948365 0.0329748217749285 0.239806920550751 -0.249251902423556
-0.0120148549374512 -0.000764436109908007 -0.0663313406117949 -0.226959800670644
0.0017010607768334 0.00787448128371409 0.00976792630441635 0.182620728854316
-0.00316558765876251 0.048600068767116 -0.217371358311361 0.13812168230125
0.0261557085473965 0.0434455386066169 -0.422385975780934 -0.0464396421845036
0.0207619973252007 -0.0280219893603948 -0.234869989421682 -0.47975003938517
0.02930528768954 -0.0596555727200761 0.421118908583618 -0.533440049612259
0.063989234570618 -0.00948525112836021 0.689444684590646 0.0428162142970063
0.0452276310302797 0.112407292311074 0.284534451498387 0.368837730557966
-0.000510263397011044 0.136227466510111 0.06901484517628 0.0198938626764117
0.0374851385625097 0.0939302949672007 -0.123240100162685 -0.42586816075622
0.0660942636493737 0.0107455711888848 -0.726439285719934 -0.246725254335748
0.0373933697884259 -0.045481549433327 -0.624084094026989 0.556715932587642
0.044498251875266 -0.0314342143749604 0.212216544030742 0.660836026751947
0.05044865804059 0.0232461170738332 0.484905568302753 0.128650945387325
0.00192104089341817 0.0363645663027553 0.276021495049046 -0.201743935836969
-0.0123198095674729 -0.00076761101424493 -0.0493212420527704 -0.226422001179202
0.0106883791996539 0.0169535488529131 0.00310013203448114 0.170285757370516
0.000580120015609425 -0.0194595056312308 -0.200435277089044 0.0754511624995674
-0.0374276770707543 -0.0211649648566628 -0.376083844940546 -0.192378971941838
-0.0296190759016012 0.0102845207014188 -0.0762396048239067 -0.55237027188501
-0.0299184491272759 0.0318185723787317 0.583218444587151 -0.36274845315232
-0.0496482415929666 -0.0183241094961026 0.644428686744 0.272190550653436
-0.03457791438428 -0.0753711801961005 0.20059363726264 0.416999243675257
-0.0208372105007185 -0.102906768693564 0.0674711562676245 -0.0169425723452133
-0.0605488058797458 -0.0622097669937603 -0.208515917581399 -0.393127805049745
-0.0409870682271049 0.0387234743505603 -0.745940769019362 -0.00207622025359472
-0.00517490064595451 0.0559204550651421 -0.391786264307861 0.705745229836193
-0.0152491254860533 0.00947496908751001 0.387019299699659 0.505404032114738
-0.0259109745836473 -0.0390191328646657 0.470660110471438 -0.0378614418908466
0.00384457645929235 -0.0354955415096153 0.227936157416619 -0.263334040742093
0.00790633941455661 0.00605233963113902 -0.0676873296055652 -0.233632073000843
0.0105845499983158 0.0151036885407178 -0.00181541874716665 0.168432547947812
-0.000378170420015524 -0.00961096410537734 -0.205366847296398 0.039734635150298
-0.0274421323116716 -0.0135573734428636 -0.348610970031159 -0.259232668138952
-0.0184314909251728 0.0058240465163108 0.0460600904515305 -0.560945671079521
-0.0243864584608278 0.016006918289825 0.669227107928079 -0.224481283956403
-0.033255733753272 -0.0294164062112593 0.582703083282988 0.400651379099267
-0.0215719269271316 -0.0617595961394148 0.142651432026178 0.416566032239082
-0.0189564319839139 -0.0788664049240533 0.0626106429827104 -0.05772587137942
-0.0516688335786326 -0.0409774384190434 -0.271793448057914 -0.378924809715035
-0.0220914729360736 0.037606037632005 -0.73255136592433 0.137384344748306
0.00688087485155444 0.0420244796370906 -0.238790764297961 0.758897942202494
-0.00603117001316863 0.00424614960695564 0.465838126877359 0.40335567472328
-0.0148660835039713 -0.0295904661818705 0.448321164046852 -0.124460613821788
0.00419525560292662 -0.0254404335744898 0.193153544810096 -0.294976926410338
0.0055118104315738 0.0075242136605446 -0.0845827861302828 -0.232567483798998
0.00946228549446513 0.0142896220188417 -0.00540200613704934 0.169985740244146
-0.00166328336662595 0.005435686488478 -0.210001353151468 0.018291722146252
-0.0140477651733887 -0.00130010783065755 -0.323525278805525 -0.298361940660648
-0.00628541205818274 -0.00108136115451259 0.132041911195799 -0.55322945251971
-0.0108833649066126 0.00226723068417927 0.711674270944108 -0.124098276294007
-0.0136602852073353 -0.0251910356601605 0.523134300109421 0.475465135173255
-0.0125334070815175 -0.0305045823583986 0.105479187538666 0.406726520831522
-0.0138930360159945 -0.0408788961677898 0.0564410401842387 -0.0860078813243915
-0.0329868751554327 -0.0201394924689942 -0.313481476002202 -0.365992700963967
-0.00214927836643583 0.0240458099528991 -0.71282438369682 0.223676941407544
0.0148723480791703 0.0232358814944219 -0.135390824719958 0.774148761496889
0.00777573404515728 -0.00191729866439503 0.503268686545073 0.33563266310321
1.98584620612679E-05 -0.0169660924408492 0.424703931000952 -0.175402165037188
0.00466696397741887 -0.014400604208383 0.167707676761959 -0.309850455448385
0.00145111143769841 0.00661908653352776 -0.0964027154384219 -0.230964010369384
0.00740596351682378 0.0135960002595377 -0.00691828028993852 0.17129503815705
-0.0028100948195549 0.0223327735805966 -0.215151041596199 0.0133548679890306
-0.000893281871755705 0.0119257642841668 -0.317914038994393 -0.307208509544158
0.00669107249043955 -0.00913621023201544 0.159144696295842 -0.548670940125466
0.00596198272295424 -0.0086069105034448 0.724693847191815 -0.0917825324543715
0.00515144502113629 -0.00895744183913377 0.502392396259382 0.492952163781984
-0.00832192832383482 0.0144704320037125 0.0925413052670027 0.400620036184414
-0.00905296541994163 0.0047246472405199 0.0533924077147366 -0.0993871783106415
-0.00804244573494399 -0.000365779176017374 -0.329287343434618 -0.364544875477295
0.0147304926589704 0.00514291047761629 -0.70325382309079 0.248647802742934
0.019837305783831 -0.000798086425197008 -0.102248480744973 0.776497566599105
0.0201195647335164 -0.0105698350127429 0.513877330659675 0.316054113538819
0.015589781741545 -0.00461318914878504 0.41699663030702 -0.188005070540785
0.00209567222333685 -0.000482660113668498 0.159117454170367 -0.313409239859217
-0.0037031889906915 0.00494257977880464 -0.100169846332549 -0.229481950127555
0.00544338405644087 0.013353734115558 -0.00868482534182543 0.171848186755889
-0.00235775416224106 0.0369435874405364 -0.222686329375043 0.0265613723524461
0.0108776784744937 0.024510059303225 -0.333117898984032 -0.283275754641184
0.0169210474392705 -0.0179973998624538 0.120172447405409 -0.55521166240919
0.0232270343140192 -0.0198338314770672 0.707971096206308 -0.145664331307167
0.0254888032025061 0.00793564546357432 0.528134017319275 0.453725602028193
-0.0015883559204405 0.059735272857229 0.106575824745591 0.395824914166284
-0.00434102985077907 0.0512250065350536 0.0532678623960647 -0.0919452849269229
0.0177617311821671 0.0203970780385758 -0.315693789313325 -0.375371606412723
0.0316363133941389 -0.0111784746705576 -0.715435349664941 0.208398445145886
0.0219727017066732 -0.0238701621352344 -0.147442784923307 0.771607214574553
0.0307594667673262 -0.0186669139367163 0.500345480296446 0.353269573585771
0.0301830685442629 0.00710266303404025 0.429018377771028 -0.16009214158417
0.00173815464391816 0.0127597704879929 0.170040217765983 -0.305515183974385
-0.0074427344553716 0.00290222495941754 -0.0957208081737413 -0.226693880428002
0.00373660481472485 0.0127098475179507 -0.00638100867004741 0.174254621169404
-0.00240438497328242 0.047527875888523 -0.227738585627258 0.0559368066832314
0.0209662997849412 0.035480639722461 -0.367603414607634 -0.226408894384875
0.024153617808193 -0.0247273005458003 0.0274786731416977 -0.558255146883137
0.0344857173129994 -0.0343094720174665 0.657113460995998 -0.261739215892318
0.0450756657728233 0.0141004345572308 0.58978360838718 0.357038749275507
0.0103340054931669 0.0954111496629663 0.149193072005899 0.392807108236279
-7.69485390761334E-05 0.0926370437745329 0.0563531533316201 -0.0667641650520405
0.0362257746834518 0.0456232409355544 -0.271390306464949 -0.398582516743363
0.04811461987057 -0.0186770256386489 -0.739776660082548 0.103577535531395
0.0252059464641752 -0.0421789691581 -0.259478903544042 0.746307850212908
0.0384479821449549 -0.0257520909289844 0.453593207021123 0.441686490440745
0.042688358178063 0.0167696799229613 0.45386926278533 -0.094008556829625
0.00147187499573548 0.0244019593020997 0.197816157458745 -0.282789564958329
-0.0103018325471862 -0.000316753281932565 -0.0838817506601824 -0.223730253823109
0.00238490629576625 0.0102932451268415 -0.00121383415549634 0.176908465213456
-0.00336523503839687 0.0499702124399802 -0.225979576418171 0.0947468713860341
0.0264553257999165 0.0411464370152391 -0.398524366830697 -0.141698366140361
0.0246299260277412 -0.0293490913664319 -0.102809090905391 -0.532906495186858
0.0363387606725377 -0.0503626906730014 0.557209681603342 -0.404714162153353
0.0597592431685798 0.00561468130991859 0.648914821917657 0.210835712334424
0.0287143552810713 0.113234207155643 0.211718353188234 0.384427039972425
0.0010022487905986 0.121916873616072 0.0601638331038702 -0.0279976305339153
0.0437156134267762 0.0722891784261049 -0.203510320186684 -0.416326600885133
0.0608549973696022 -0.0101927812998278 -0.749298943372788 -0.0545185403644095
0.0313339901452561 -0.0499784282285382 -0.430809662241277 0.678757470440663
0.043041544465457 -0.0315015014219728 0.355967752932212 0.552115951163985
0.0491815902008093 0.0221170897272425 0.475047011385178 0.00548127582618534
0.00268089595172895 0.0327451781631449 0.23334550002676 -0.247712034537042
-0.0128770619865627 -0.000119414778222613 -0.0668861230004218 -0.22329472065792
0.00222537525779468 0.0073902140761855 0.0103977918580154 0.180648963668648
-0.00161844319897523 0.0479754721240003 -0.21429779632225 0.137105143668113
0.0258635984907141 0.0420789953511378 -0.415702643474115 -0.0436605764466263
0.0201985653769672 -0.0272338357191566 -0.231762317512604 -0.471360550786519
0.0285629958746948 -0.0589526872689445 0.412196868301002 -0.528046424054585
0.0626978189838362 -0.00976991550317892 0.678188285376102 0.0397120121610977
0.0454813920485933 0.111435210506726 0.281722333196923 0.360978407293114
0.000789629126775195 0.133711089574487 0.0678845251735999 0.0190230906772993
0.0367694665787325 0.0922161073142006 -0.121834292329656 -0.418179753892496
0.0650327932689544 0.00925452625139571 -0.717618840962977 -0.239997677299776
0.0370409958037679 -0.0455265544483227 -0.612189939827092 0.551568003764704
0.0434455217435126 -0.0308727245413692 0.211139475674238 0.65109863668855
0.0491708177134132 0.02325956107583 0.476844855457678 0.124558808306106
0.00231564078934279 0.0361451574629779 0.271245137272175 -0.200779852526151
-0.0120659656997003 -0.000829113260006068 -0.0497170456514971 -0.223831177498804
0.0114726303665174 0.0157965695048394 0.004335185937746 0.167587521084711
0.000681223543909978 -0.0190613229174862 -0.197487016900842 0.0745891484162213
-0.0365806038780626 -0.0207450451784658 -0.371494451339256 -0.189299132803026
-0.0292365176547004 0.010677377621029 -0.076013815944949 -0.544432594888615
-0.0283067275172907 0.0318976955415371 0.572590899799189 -0.359754242855101
-0.0490132068588485 -0.0190792800734323 0.635113428155678 0.268561089533406
-0.0339943776476825 -0.0737104114978289 0.198450576708619 0.411396918942259
-0.0202770920229619 -0.101764307004558 0.0669025536654669 -0.0170255483290466
-0.0600749487220565 -0.0626690202830368 -0.203909356538971 -0.387758494541048
-0.0395993057311042 0.0383028141500981 -0.73355597305946 -0.00104745084930093
-0.00516046337638302 0.05547058857842 -0.382712039871893 0.698359002832353
-0.0156336853911387 0.00971064057018531 0.382301829290211 0.49865858393308
-0.0259376550328517 -0.0387131542045126 0.46323575950055 -0.0361434362570376
0.00350309170462784 -0.0345895248888796 0.223742457723158 -0.260822602184965
0.00843287601692014 0.00609386088131236 -0.0678787494476258 -0.229344744535866
0.00970897296212607 0.0139120753463373 0.00013209337669224 0.167475088300155
-0.000398156654075553 -0.00934341976523683 -0.202285019640942 0.0397545277973895
-0.0266109519179029 -0.0132571247834323 -0.345032754296391 -0.256496625796214
-0.0179093151326722 0.00551438482027919 0.0452998785638732 -0.552867765643019
-0.0236269744284227 0.0160061193182844 0.65830640074712 -0.224304876209138
-0.0329028420473048 -0.0281616248615623 0.572747025705982 0.393451248519548
-0.0205626077892305 -0.0605418094446146 0.140969189534537 0.410427216176169
-0.0181872150195291 -0.0776758272050608 0.0614538997571424 -0.0557832886218788
-0.0513188762752352 -0.0401207413995939 -0.267793662480879 -0.373903881028739
-0.0215349297748062 0.0365604712714301 -0.722094076040484 0.136750021311242
0.00694168839240187 0.0413872791640733 -0.231554976144866 0.747061211220945
-0.00536414034623062 0.00484951600137545 0.460050801596403 0.398701927668906
-0.015219623652626 -0.0287980271169482 0.442533903082242 -0.124796385305174
0.00389583632182522 -0.025458312046005 0.188520699173949 -0.291558591799501
0.00528654283415262 0.00700199335767895 -0.0841881877655443 -0.229279133525227
0.00866352824481136 0.0138802317681625 -0.00448362759588983 0.167612873217709
-0.00168558785506319 0.00467109023933774 -0.207268767039773 0.0179172419789558
-0.0136986693635874 -0.00244346350245871 -0.321140421724546 -0.292415748629827
-0.00616226698685286 -0.00181790688252745 0.127790585654982 -0.546026184338494
-0.0106415088943327 0.00194923554786023 0.701939805500124 -0.12418505949517
-0.0135180783311784 -0.0246442765526203 0.516646017342448 0.468296456657873
-0.011689698873968 -0.0299507967941897 0.103476648933231 0.402186470838872
-0.0141628620005376 -0.040606438220752 0.0561128941775954 -0.0840136835506727
-0.0324136253722574 -0.0201637751528932 -0.308537158027328 -0.360644669850324
-0.0022375546095253 0.023914052873717 -0.700553092535947 0.222435400463855
0.0143097935179537 0.0213823699876467 -0.130730170057873 0.76175419849191
0.00722544515050452 -0.00290317189054742 0.496782787227431 0.328469068089612
-0.000519459994250401 -0.0165411828161779 0.418876655024881 -0.175729313147187
0.00380760602232824 -0.0142381011157698 0.163975924861978 -0.306931643713164
0.00154572412808204 0.00626683432072005 -0.0957285126888849 -0.227728002228359
0.00813705241122346 0.0135071937223795 -0.00686763253274816 0.168470110678148
-0.0021045044338341 0.0215214003262445 -0.212685096861235 0.0141364662795393
-0.000936046484156035 0.0115152779304224 -0.313506436941608 -0.299794344961179
0.00569140667024834 -0.00902696707001606 0.156258682931789 -0.542305455403354
0.00570359318058716 -0.00897980487031487 0.712772588102786 -0.0920959254400483
0.00459281341934728 -0.00880444955698092 0.497180367813769 0.485952568935793
-0.00768131961437832 0.0141638201831725 0.0913664874999612 0.394198872395549
-0.00846742027236499 0.00478551733398076 0.0527268386131427 -0.0973207708829123
-0.0081425236787604 -0.00089069175608144 -0.322860477184071 -0.359578615264625
0.0148985432964016 0.00533360535366791 -0.692882048584557 0.248246568947987
0.0200787428460869 -0.00157087025053767 -0.0995259538497419 0.764986518145601
0.0196990522824249 -0.00936001249828343 0.506531051629935 0.31067940500685
0.014680013748011 -0.00464990840153784 0.41065495356301 -0.185543559080397
0.00220188737513613 -0.00011297510654033 0.156488322042283 -0.310541495834747
-0.00353757598286971 0.00460522407875928 -0.100946848091724 -0.225240181720159
0.00530896990083452 0.0135366921621446 -0.00863429362225931 0.17052606142479
-0.00230815763004894 0.0372570883308419 -0.219689418616461 0.0265195780788881
0.0110411689082283 0.0241971611629451 -0.330056216050699 -0.276005603551734
0.0160007473499909 -0.0178506996999386 0.119466070455005 -0.54922448985876
0.0229782998528856 -0.0198647394757098 0.699087873808586 -0.143300365866777
0.0240120857406334 0.00701951685582154 0.522709489232716 0.44724203822837
-0.00249603710133597 0.0590363787257523 0.105918441787144 0.390556077104538
-0.00345433655283655 0.0508708863022314 0.0516256428026309 -0.0904807714710079
0.0170529072190818 0.0200562019204062 -0.310525308048061 -0.369272238515444
0.0314772219055498 -0.0115979739348419 -0.703349773851359 0.205034392870182
0.0216024622685819 -0.0234472309575561 -0.142184294314962 0.759983250701739
0.030696072337513 -0.0183714993992622 0.494651259043747 0.348768284530608
0.0295819548062205 0.00704191910845286 0.422949732305476 -0.159977207008207
0.00125718507868454 0.0136039448657683 0.166324693733569 -0.301280056553188
-0.00713521570018725 0.0019797520779103 -0.0956417662488423 -0.222331430466591
0.00388524183043955 0.0119637345836945 -0.0058778934221255 0.171551443975416
-0.00227710933363389 0.0463400392456571 -0.224338464471709 0.0555041814590773
0.0204326867764967 0.0344545220582694 -0.36123703623716 -0.221387786345657
0.02407222789576 -0.0249448686817516 0.0253644613321796 -0.552484814823189
0.0343171316937112 -0.0343079108533584 0.646896246268031 -0.259599935082795
0.0436478890049574 0.0132023448899787 0.581683225177926 0.349476064211024
0.00996572194949663 0.0944307926300934 0.146556876155097 0.388063706775872
0.000422800125850906 0.0910346149025149 0.05469412292602 -0.0655614723799119
0.0350536770329542 0.0444942517584314 -0.267658805201111 -0.392029188534184
0.0471059963775268 -0.0172722332999009 -0.727475653789358 0.103023722021765
0.025416031856273 -0.0406125809197505 -0.254425854192125 0.735955032616476
0.0385641498068612 -0.0259993575046536 0.446897453971117 0.433408103974926
0.0415384496057411 0.0161268872188338 0.44760745523133 -0.093859439245215
0.00181701805202137 0.0244695868874462 0.193003349412052 -0.280746431445613
-0.010461572795284 0.000599799693327907 -0.0835685313457682 -0.221364880375211
0.00274487110276629 0.0105792122559967 -0.000120583200209541 0.174529839217999
-0.00181449740543479 0.050519547417768 -0.223163030421095 0.0947245228236307
0.0258694952190768 0.0406920177551737 -0.39356632725542 -0.136989609411084
0.0250441501986053 -0.0283493585746586 -0.101894520740257 -0.527644017889542
0.0361168145104856 -0.0501645994092649 0.548648167149344 -0.401906356027963
0.0592701989916227 0.00611879319038478 0.641773021572718 0.204971476855293
0.0293772416053139 0.11148496266621 0.207615315954706 0.378209703646183
0.00136113384714306 0.120188154967419 0.0608392326247273 -0.0273379105536407
0.0435145918987074 0.0707137819173634 -0.200345327826998 -0.409644835723484
0.0601327951402166 -0.0096959652674278 -0.738706560191579 -0.0544405840747242
0.0309368477543268 -0.0491113695964855 -0.421983858934139 0.66995360289892
0.0429478942381661 -0.0311171036029439 0.353312655837045 0.544423697521882
0.0476121979744239 0.0216480724434659 0.468587458866411 0.00292725912214112
0.00215252765586295 0.0334471523518518 0.229948794458339 -0.245916562913077
-0.0112978504904033 -3.20723603906385E-05 -0.0665987475458309 -0.220620355252044
0.00127663270519072 0.00719675820587084 0.0117519250318781 0.178038317696037
-0.00239057715775647 0.0471990187265284 -0.211425817923529 0.135670071973464
0.0265614230800546 0.0414856015696567 -0.408680740377218 -0.0407844734147863
0.0203320824886694 -0.0274112179519648 -0.231762784424262 -0.465213506348612
0.0277311629549806 -0.0584086817281536 0.406885269831377 -0.519356979272632
0.0616679993046096 -0.00934656815804636 0.668564061815139 0.035221247436409
0.0456874087792758 0.109573052499596 0.27655016839144 0.355737989159232
0.000337907260739625 0.13190427778328 0.0667972939657432 0.0179956285412433
0.0365317271409347 0.0906522015300252 -0.120482121704838 -0.412675886123469
0.0637381314471545 0.00970200935049497 -0.705664890375131 -0.233888616857152
0.0369154689165047 -0.0449047165989722 -0.603056005703254 0.544715806722424
0.0417114241345439 -0.0309047911488795 0.210136293358206 0.641135004284822
0.0474476435143244 0.0228459507505263 0.471004083473646 0.119492899394321
0.00286560498376709 0.0356798789332866 0.266184776688875 -0.199751636424404
-0.01227198267739 -0.000670205869577448 -0.0496812501090338 -0.220789461527537
0.012223033213241 0.0160495834222957 0.00539927150210221 0.165858389683457
0.000706602674523766 -0.0193743770249508 -0.195468624176613 0.0735253770866018
-0.0365990375925981 -0.0204621787868874 -0.366603861254067 -0.186181341115681
-0.0292888218944611 0.0097977183222237 -0.0743654586942537 -0.535465537191825
-0.0286320245412456 0.0307465544330543 0.565752376922084 -0.354946824080647
-0.0480304734256881 -0.0179908484084457 0.627191053582042 0.264179887314272
-0.0341555021141159 -0.0718577098284623 0.194585191387915 0.406769128354257
-0.0204294574945474 -0.0999956549920207 0.0656989487105298 -0.0168937007446851
-0.0584558649141224 -0.0608241815516844 -0.202020837857204 -0.382545786673769
-0.0394691905216924 0.0370404101138851 -0.723055205545521 -0.00101535540875415
-0.00564682319456756 0.0545142989791127 -0.379183711795379 0.688787327248448
-0.0159467997690391 0.010025094120539 0.376890077046083 0.491751244642789
-0.0258368289122654 -0.0384909476687125 0.458862373588693 -0.0371200791090549
0.00410065007346824 -0.0357642861099212 0.220169491909331 -0.258321744096462
0.00767405942576112 0.00581035278175166 -0.0679514970302017 -0.22668550331552
0.0109807750155349 0.0133251462535008 0.000253901618382263 0.165167273608438
-0.00119367655785206 -0.00930685369855856 -0.199144388268477 0.0384006265488227
-0.0262430459994447 -0.0138542318705569 -0.339221848389304 -0.252229544922805
-0.0184629924859636 0.00535746958230951 0.0431508643779072 -0.546612763179509
-0.0225222550232061 0.0161682061772612 0.649583455365646 -0.220861304127086
-0.0322151866890489 -0.0289814905455762 0.566749485774518 0.3869528442382
-0.0195975716318043 -0.0598227022581253 0.13750365501781 0.403745297948435
-0.018503291415741 -0.0765519463783658 0.0601901309328017 -0.056125373595776
-0.0505656152260239 -0.0396091067936453 -0.264104177440058 -0.368568036167333
-0.0206991070466003 0.0356945924218661 -0.711727236193854 0.136075592052751
0.00625839253461532 0.0418123409340625 -0.228390319839518 0.73889590148718
-0.00543935690986503 0.00477825716417474 0.453009619928541 0.392114599323102
-0.0143430898133743 -0.0289033695372592 0.436440010179131 -0.122574208149679
0.00398756953177026 -0.0246576938227202 0.186722486926059 -0.287767473330065
0.00475462806076357 0.00749909603743947 -0.0844528661761021 -0.225337204569405
0.00910293249245717 0.0130813114301946 -0.00358769540321282 0.165939897479832
-0.000812500591166092 0.00479422773741748 -0.205116632827293 0.0182131935437426
-0.0139673754499704 -0.00322642982578286 -0.316345223066505 -0.289898966413301
-0.00600619972723208 -0.00165256662163916 0.12619635426615 -0.5382168050059
-0.0103585446968103 0.00244651825447489 0.691511511541866 -0.12104480032223
-0.0138452278092728 -0.0249263411724285 0.508678523707516 0.461092648916043
-0.0108833517488584 -0.0277253537756461 0.100108887386269 0.39563800417381
-0.0137593330031894 -0.0398132618320945 0.0553828212387546 -0.084327534656933
-0.0324425925142485 -0.0191473120626458 -0.301629774578386 -0.357070839358322
-0.00293938980504168 0.0234427465569915 -0.689647283386015 0.219988746460024
0.0145699072720275 0.0215680152848136 -0.129151305660755 0.753959843860901
0.00652048688967765 -0.00198085145242324 0.488947800622813 0.324443120232046
-0.00111432238194371 -0.0177601616227486 0.41429794566616 -0.17389512839584
0.0036065812809384 -0.0133924792989493 0.161868228090067 -0.303233634468502
0.00104173422632079 0.00681762764779805 -0.0959490175342577 -0.224328601309666
0.00746562221592318 0.0130482229714167 -0.00632234643760625 0.16704357861588
-0.0024937758734188 0.0215500102226965 -0.210106643254303 0.0135641316450659
-0.000893857627691125 0.0110930592159994 -0.308567060889013 -0.295966077075269
0.00629208291818584 -0.00937184043137868 0.153106277319015 -0.534668581474935
0.00550523588892031 -0.00850102771495057 0.702011987783058 -0.0896925171650294
0.00475023481908516 -0.00951670412079458 0.489890604533843 0.478008305377953
-0.00769251293535592 0.0145725382970161 0.0877691129741176 0.388861180143418
-0.00853987803092814 0.00488879223574939 0.0519998600881102 -0.0964526122983021
-0.0081351461995661 -0.000465477651975007 -0.31863493093666 -0.355455046049449
0.014574149694335 0.00455818659323727 -0.684146307852292 0.24349508842106
0.0187360892265772 -0.00138165164815698 -0.0968529556483258 0.754786268897086
0.0192391412779744 -0.00958200145186825 0.500884824567956 0.306810815922473
0.014282734822781 -0.00414503238878692 0.405411382372491 -0.185854811157229
0.00296271504760337 0.00019957908682388 0.153317926765668 -0.30726017898582
-0.00329226623310822 0.00463275176865461 -0.100075474776154 -0.222200210599614
0.0052998927353514 0.0131177487877499 -0.00780864667736799 0.167757268374229
-0.00258708601552286 0.0365902875049653 -0.2171211324097 0.0276339707879996
0.0114170789466881 0.0242929680655965 -0.325127631115477 -0.273536473152842
0.0165313043678837 -0.0175916660796522 0.117060556448286 -0.541767179493685
0.0223449176496216 -0.0196176053264781 0.689631972982965 -0.143310407149241
0.0238033312830167 0.00699738685247091 0.515584291822769 0.441178669730655
-0.00153232174411739 0.0588046944289678 0.103029621439069 0.384651557929917
-0.00360588330443416 0.0511047558823464 0.0512943606378407 -0.0891133724529777
0.0163315936998391 0.0195217308351199 -0.305782583400604 -0.36473834050494
0.0307106840051326 -0.0114947575011704 -0.69439712243522 0.205095096532651
0.0215075408121775 -0.0227944078757878 -0.139935353233736 0.751028399213279
0.0298064654669101 -0.0179313783008537 0.48671240354288 0.343211498648879
0.0291224546607219 0.00701479021537568 0.416028765477268 -0.157968226453476
0.000878069424709792 0.0133132813735881 0.163604110147452 -0.298356261533352
-0.00649477938053453 0.00172246820329839 -0.0947886271800308 -0.22001598419793
0.0041624449010151 0.0122294438150156 -0.00483482884818236 0.169536936782546
-0.00199186980167184 0.046632284791195 -0.222469564447293 0.0553535442594101
0.0200393851128464 0.0338192304209934 -0.356854705576948 -0.216322767254872
0.0231582635069197 -0.0237200362971239 0.0269865853103549 -0.544574777919272
0.0336955655999937 -0.0338633535960706 0.639793127592505 -0.255577828674379
0.0435296766417125 0.0124228273480631 0.57407904291737 0.34689718517018
0.0106205427227097 0.0937634383456901 0.142865933448974 0.381674262923747
2.60677795615618E-05 0.091112994839758 0.0554035385713389 -0.0661393203491353
0.035202986441727 0.0445330555930182 -0.262489383895182 -0.387688964910188
0.0464837705916225 -0.0181783844336538 -0.719439623167099 0.102123456839366
0.0249825529324441 -0.0408525994833666 -0.25198906377705 0.728516276207534
0.0373173087990867 -0.0255319415720351 0.441686443428116 0.426973179752482
0.0410976492896191 0.0157280481653767 0.44164543254107 -0.0930526736822464
0.00137462167695589 0.0249166909861816 0.19054206922249 -0.2773062746689
-0.0101488170358943 0.000946913883700131 -0.0828370277651913 -0.218521717731398
0.00240938905773225 0.009752014514613 0.000538438463575813 0.171930976860741
-0.00182219142805846 0.0492573943663804 -0.219724638728952 0.0936605098696773
0.0258346349091068 0.0402093154525424 -0.387864558100544 -0.135910469339214
0.0240686002977746 -0.0283045736929604 -0.0994067010475354 -0.519376389566155
0.0347093437207689 -0.0482104632076285 0.540508921078619 -0.396139254606233
0.0581458721239487 0.0049811226172398 0.631009871655441 0.203288918837301
0.028816446379892 0.110607860400142 0.20465507911158 0.371315906906041
0.00218625208183614 0.118719963252832 0.0593278257644089 -0.0268717234425654
0.04150249859915 0.0695745327043361 -0.197241765338252 -0.404712977652673
0.0584279302957906 -0.00945131451104006 -0.7255392490171 -0.052801914765198
0.0300171720859044 -0.0487481391882855 -0.417881368120837 0.661920510946021
0.0420761682217505 -0.0297982197475714 0.347139333830355 0.537106890765659
0.04714022181591 0.0209587261740552 0.463122264719021 0.00346139166120512
0.00245585788452873 0.0327152278009244 0.225959738937598 -0.243188772673968
-0.0122759338535139 -0.000614980546327025 -0.0663797532259895 -0.218555697354548
0.00158972020477529 0.00828057114538295 0.0119611321000949 0.175356273956911
-0.00244833965587253 0.046734680521016 -0.209093058384797 0.134840741986913
0.0258994059803375 0.0406803969146546 -0.401968924079799 -0.0386777385324739
0.0190516130302159 -0.0261043572580749 -0.226508231476472 -0.458837158416937
0.0272020659249608 -0.0571828004837628 0.400802305222445 -0.515555503683484
0.0602237456607261 -0.0105316193610087 0.658861411554837 0.0373915042310432
0.045177354124648 0.107297740695677 0.272015638470167 0.350374999745765
0.000473563334558827 0.13024488222717 0.0664388750588987 0.0185652897063733
0.0361945795183064 0.089078948807004 -0.117818631000516 -0.407916630774774
0.0636660712062088 0.00968429026684155 -0.696082044481411 -0.231657935335409
0.036305591089791 -0.0438076508256899 -0.59429785746066 0.537227284746621
0.04156279501982 -0.0307240234535195 0.20835749410333 0.633949376176752
0.0470851771571569 0.0226375211935895 0.464609915507171 0.117629550690128
0.00304712588521402 0.0364493934831917 0.261334668030786 -0.198249244100985
-0.0117175298566079 -0.000866403908799948 -0.0497554195020017 -0.218627959163982
0.0118449901462361 0.0150958634209231 0.00537069062801667 0.165214162559891
0.00093622178949967 -0.019080798165409 -0.193504492762513 0.0713227494632048
-0.0368721556895333 -0.0202203885337856 -0.362878243374096 -0.184381055512741
-0.0281887997179667 0.0107503075801445 -0.0735374918528542 -0.528908417960124
-0.0279290866376942 0.0304632835664104 0.559769459275451 -0.348576302891484
-0.0479572247853698 -0.0185024372075632 0.617791378314191 0.263620641121549
-0.0329276736085759 -0.0710680109027066 0.190122208886056 0.400918644716677
-0.0192028347206145 -0.0996901022460423 0.064205909214169 -0.0167342552214459
-0.0584599938254338 -0.0602701654771771 -0.197450988359592 -0.377966859856572
-0.0387933525914267 0.0375064826389536 -0.713486516810894 -0.00116312788379876
-0.0048781840053611 0.0550678261844991 -0.376734409112404 0.680377263388547
-0.0144192053143562 0.0104588125978546 0.371289460397744 0.485722117858343
-0.0251302629552555 -0.0387249132801813 0.453671689294837 -0.0363662137471613
0.00297449114607154 -0.0345020678093956 0.218606478593173 -0.255286105268084
0.00787482610312867 0.00519424701805026 -0.0675207183245872 -0.224802239431073
0.0115902776480297 0.0137091704673231 0.000990876860416767 0.164156126568054
-0.000357206595139643 -0.00992284126164489 -0.197592087248052 0.0379254097945129
-0.0259794311682182 -0.0134780684294441 -0.336616003726832 -0.24890607130931
-0.0181714739951742 0.00485220399377372 0.0443795691846143 -0.537638487179443
-0.0232613131130997 0.0155802588684587 0.642006063588625 -0.217614365017751
-0.0322901230848166 -0.0289051506601221 0.55708167586463 0.38307856292212
-0.0191921546530622 -0.0588292988321205 0.134783547504358 0.398901757608587
-0.0175509526215729 -0.0753815311443448 0.0592084433240857 -0.0541643485499888
-0.0498316796268064 -0.0397725662591098 -0.258791350732249 -0.366236457466008
-0.0207633153107597 0.0354838163569346 -0.702111378601891 0.132445973617833
0.00697374343981702 0.0411153852820074 -0.22695438614157 0.730489691683509
-0.00499660928803508 0.00416161329807193 0.447294780192119 0.389251673551185
-0.0144734575702652 -0.0293791090802321 0.430212712848422 -0.120715181110842
0.00373380253413276 -0.0243292840800732 0.18328647165502 -0.284839776941124
0.00482284273821561 0.00632435123214218 -0.0826480470759788 -0.224284206456795
0.00901715005484258 0.0127599436163997 -0.00231818714423081 0.164561242044179
-0.00216488820277992 0.00410836267516395 -0.202976095539083 0.0168957575352685
-0.013235261268575 -0.00277013010517987 -0.311741294478876 -0.284946061842888
-0.00621160314681635 -0.00103747643705811 0.126089859805684 -0.532092119676866
-0.010712369435686 0.00168626722616963 0.682743157523746 -0.118289219799199
-0.013700545132156 -0.0250892514309102 0.501449540932101 0.457733204884752
-0.0105884854016222 -0.0283501543013349 0.0979800638541326 0.390734143874339
-0.0133537305247064 -0.0398468480325312 0.0548753501661345 -0.0825214220724338
-0.0320819025068982 -0.0200491678702531 -0.299369619684145 -0.352936903007501
-0.00228012273991146 0.0228527041030536 -0.684418962046401 0.216349859226968
0.0146692128598141 0.0216574130544949 -0.129771090923779 0.74690530110926
0.00669208045255327 -0.00175177292433635 0.48443880483529 0.321932200516594
-0.000122940988978056 -0.017342080423877 0.407091392219199 -0.170077609906444
0.00302123988722226 -0.0127042880236293 0.160875021810992 -0.29907434854207
0.0015054203888173 0.00652487921534371 -0.0949428896923273 -0.221485032669239
0.00798178678451493 0.0125970303176914 -0.0052354912956458 0.164767996367244
-0.00258273438197654 0.021146527953765 -0.207940505854199 0.013020039528068
-0.000855398874350062 0.0101151089165182 -0.305591581737289 -0.292925143990653
0.00596357543438829 -0.00846288564966539 0.152779167138417 -0.529284596979807
0.00505338578523066 -0.00788951425525064 0.69396762065722 -0.087578958901264
0.0044563687530598 -0.0104594912346963 0.481410395131388 0.47356456130017
-0.00668830620424346 0.014215674112742 0.0855675946898288 0.383483136350738
-0.0086456000846012 0.00452643277455293 0.052068559741839 -0.0948486265932961
-0.00807190140056193 -0.00082245132335711 -0.313320683953584 -0.352512968864151
0.0143718877086814 0.00507541721485538 -0.675110401015513 0.238568241972412
0.0192302687765504 -0.000865541087705798 -0.0965111601655587 0.747669753971255
0.0196610925464306 -0.00926530371795682 0.49366719817526 0.304986623124258
0.0146206957289888 -0.00483348401415531 0.400622641666269 -0.182241972797954
0.0020021900893685 0.000747958739023953 0.151318727609246 -0.303207728813421
-0.00303169082537843 0.00405446902677903 -0.0991651414173712 -0.219661269592418
0.0054298827554701 0.012914279552935 -0.00682333785588126 0.166362042027555
-0.00264932595403593 0.0361854558647628 -0.215481280959861 0.0254334048550283
0.0107535107189402 0.0228993248258766 -0.321596007310707 -0.269486096378693
0.0168651878393923 -0.0175814886446994 0.116802215769389 -0.536442752458935
0.0219734506798968 -0.019384006934583 0.680702319316933 -0.139645048665054
0.0234275876617381 0.00608980126075492 0.508216221627514 0.435548375584994
-0.00113605321679942 0.0581337493204914 0.0998321954145176 0.379653520703572
-0.00330719091197372 0.049861675496193 0.0511254821771682 -0.0886836493366838
0.0162732459374396 0.0204992015008703 -0.298724317251158 -0.361030207986679
0.0304164796015274 -0.0117719230790936 -0.686854462238333 0.201045693105743
0.0211139684600126 -0.0233806055970216 -0.140098738795 0.742325450154638
0.0296501724983048 -0.0179804229740937 0.4806648080673 0.341636115743945
0.0291198575804958 0.00663044636430897 0.411669633121724 -0.156179436740831
0.0015419405501573 0.0138018401079567 0.161971829425486 -0.295403512654528
-0.00738142014409899 0.00182772266464669 -0.0940120984498712 -0.21795797549587
0.00288558292685849 0.0111048892175868 -0.00508038683669466 0.168755520689359
-0.00205660176373749 0.0453182265526494 -0.220110257678382 0.0551316533613924
0.0195895645285061 0.0332193313996799 -0.351171805595397 -0.216043648971992
0.0231360257229177 -0.0234600495271061 0.0267182315131333 -0.538264852548064
0.0331135085488659 -0.0332999574104962 0.632989715892453 -0.251379518496893
0.0420982106032558 0.0128605519210178 0.566248030643697 0.343918262298524
0.011178599205051 0.0918505585206795 0.140495459900595 0.377119997171416
-0.000263627782293208 0.0898154121305676 0.0535557592180527 -0.0646574039680789
0.0339703477995579 0.0432738849914175 -0.257951019617755 -0.383870052925102
0.0460167664892256 -0.0176893205523207 -0.71085442899251 0.0973294698023743
0.0243951823564997 -0.0393523919102668 -0.250685387229353 0.718014593472012
0.0375513412210458 -0.0253674681785847 0.435979786595775 0.4239513186421
0.0398106604635233 0.015409896266266 0.438294208737585 -0.092828028924127
0.000875261308966984 0.0250164678454245 0.189198104451997 -0.275104702303327
-0.0108473109031764 0.000520754082242152 -0.0818636357612031 -0.217058534923963
0.00229661430194768 0.00940094464237826 0.000353123122331643 0.171083771702178
-0.000805221403236411 0.0482970664051327 -0.218338978634332 0.0923426580973086
0.025206803491581 0.0388705333341594 -0.382072547883679 -0.134336358703213
0.023979422108758 -0.0278589977938076 -0.098107372441446 -0.512814482953839
0.0348517326969591 -0.0479032341435476 0.53499945376195 -0.390170611327154
0.056918406516914 0.00560411382730711 0.623533111185791 0.201291838983877
0.0291449025462655 0.109314898409779 0.199306718470292 0.368191825081224
0.00199937984578065 0.117089233450073 0.0578944523915291 -0.026123688529668
0.0412888852935297 0.068976604941263 -0.192298986909262 -0.401592316264796
0.0592008835060623 -0.00917385427619614 -0.718422275400333 -0.0561060191176862
0.0295261222198521 -0.047651953551536 -0.414027598921637 0.654184812818493
0.0412889543702937 -0.0298573829293834 0.344708214103253 0.53112995446955
0.046609792588034 0.0204982317076535 0.456629194430618 0.00174938546136205
0.00291518260671621 0.0327069772976558 0.22294172346184 -0.241191528699856
-0.0120084158024102 -0.000298595948063664 -0.0663602126008623 -0.215709088166966
0.00194430423251202 0.00653156532622419 0.0115236855724523 0.174626182314483
-0.00167950266506553 0.0457291256827067 -0.206692884684317 0.133141551699096
0.0260677844663146 0.04035266134604 -0.397250239391717 -0.0395901479205706
0.0195025579471892 -0.0262575578884135 -0.222967617853717 -0.452250542310397
0.0269343502620633 -0.0566519502159859 0.397969715919295 -0.508031143012955
0.0597995253802917 -0.00996611522419751 0.649493451590265 0.0380549676201198
0.0448799051944876 0.107179053587544 0.266966180409897 0.347890826177144
0.000316818442858302 0.12932329392865 0.0654617838503758 0.0179086623766637
0.0350608913993236 0.0881070987533192 -0.114219306772684 -0.403241152638965
0.0622662237635613 0.00889037250702584 -0.685803679333712 -0.230967820727428
0.0355820706482801 -0.0436601686640493 -0.587488693993723 0.531722175186586
0.0418023990515264 -0.0303116155360827 0.205213560965809 0.627244489742258
0.0464672839757635 0.0215366424552517 0.458539082972122 0.117904343024169
0.00334988262792625 0.0360049727165529 0.258021676790334 -0.195567924213145
-0.0120791410771308 -0.000462445171488241 -0.0495664262654135 -0.216323278516516
0.0116244542670267 0.0151622515495161 0.00521387450563123 0.163416818233865
0.000768475126473523 -0.0196519087043587 -0.191650946009997 0.0707440212422976
-0.0358334112771834 -0.0207132992650994 -0.358406159205135 -0.184400200433388
-0.0284190407691936 0.00958576949562727 -0.0705716878016915 -0.524146694511621
-0.0284201234306697 0.0303237216194939 0.555764828684112 -0.343003346926151
-0.0467203035885567 -0.0190894456581358 0.611000613597204 0.261426172192804
-0.0313540511526666 -0.0702644675412292 0.186301906653118 0.396772878194199
-0.018882766186193 -0.0980986256962061 0.0660093601271347 -0.0169382379733719
-0.0577873929699839 -0.0600379653644606 -0.192154829139042 -0.375877052544499
-0.0386516798327632 0.0368660469711348 -0.706482340990325 -0.00367680306318349
-0.00500595980437214 0.053612404331215 -0.376280614096409 0.673045793459161
-0.0147938428484656 0.00973066127258294 0.365528137829738 0.483715309438939
-0.0253822554664469 -0.0385927312079785 0.44824011327838 -0.035012929557029
0.00295859393038416 -0.0340058554919317 0.217098924155733 -0.251302798886642
0.00778056171815636 0.0057430873997301 -0.0662164438138311 -0.223238250536366
0.0111542306869856 0.0129732638259947 -9.19416511688221E-07 0.163011179103128
-0.000124589707595315 -0.00936170664120164 -0.195987405110941 0.0363294546091166
-0.0257633894018045 -0.0141427473506075 -0.330448946397083 -0.247534394324206
-0.0175771898550948 0.00575843612309337 0.0463167063326428 -0.533563200526278
-0.0230132474586338 0.0154411511955144 0.635253290760077 -0.211888056555793
-0.0316550115157378 -0.0294904874347012 0.550292943277031 0.381946826355318
-0.0185598524962656 -0.0574958896685901 0.129707815039127 0.396328194555586
-0.0164367971855992 -0.0741925584190119 0.0598815395699729 -0.0541276726658265
-0.0490498296524172 -0.0394973236800872 -0.254617819047232 -0.363068280240929
-0.0204678064243981 0.0346982491593042 -0.696134997806915 0.127692023753824
0.00679985308568188 0.0403425843489532 -0.227632106874416 0.722099873405177
-0.00489286279041196 0.00448203552716664 0.4416967673315 0.386641483055341
-0.0147833939314842 -0.0288007499566585 0.4253689494229 -0.11866778147209
0.00437163545997304 -0.023770551792254 0.183098594724453 -0.281721059713416
0.00546054824123367 0.00665066770495149 -0.0818592329041852 -0.222499663259476
0.00985994218585409 0.0130938510075157 -0.00324743792927914 0.16320252310169
-0.0018903336785161 0.00461136616999354 -0.201122741492152 0.0151978644131659
-0.0133682443332228 -0.00277147074583879 -0.307769977006326 -0.283460133016054
-0.00617714163648348 -0.00117899226297387 0.126879403767557 -0.524924312493536
-0.010509668350286 0.00256020753248736 0.676989865966463 -0.11383185656258
-0.0137560453435078 -0.025661504533508 0.495569671455209 0.454154360954875
-0.00983877539508355 -0.0279753839226776 0.0937600309643134 0.387182164490275
-0.0124091927873774 -0.039406149433849 0.0541404523021438 -0.0823956080709329
-0.0312312196348858 -0.019654506794205 -0.29339932283294 -0.351761169424647
-0.00246575870629266 0.0230708807417103 -0.676604679654847 0.211350221711999
0.0143872679458712 0.0219486167938976 -0.131589704982538 0.736804033326329
0.00716636112645948 -0.00155999732074141 0.476302329209701 0.318439645246867
-0.000101563260575262 -0.0168513385947078 0.403976445314256 -0.168270081922615
0.00288533800892507 -0.0120683559470032 0.158871904310698 -0.297282135194908
0.00125051441151579 0.00593347504202646 -0.093070418014957 -0.220504513886135
0.00754051479750415 0.0120258045563792 -0.00540400205578756 0.163385511406018
-0.00259446435122014 0.0208116580567304 -0.206058243743076 0.0118366433303414
-0.00110924509960629 0.00984810496950973 -0.301474618997661 -0.291329652089139
0.00580019617861504 -0.00856043699055383 0.153610309397929 -0.522553017652564
0.00473812277583331 -0.00824626180316777 0.688501991396972 -0.0847685186380678
0.00431508166381284 -0.0107743061392513 0.473917567405172 0.470449151461311
-0.00616840975758671 0.0146957001248316 0.0821909496803674 0.380083293179442
-0.00735513506063963 0.00403740069761525 0.051434499176497 -0.0936446488723634
-0.00816101052990549 -0.000402052509196937 -0.307798126589173 -0.34997572785748
0.0143453251104057 0.00475391752561055 -0.669160381695405 0.233297049908364
0.019512863113876 0.000147801631152623 -0.099401456481561 0.739242115498936
0.0193866471252607 -0.00951504339905702 0.488064852813941 0.303244332628402
0.013876174319217 -0.0052120816432898 0.396287865330347 -0.179672289359907
0.00214865131112025 0.000686807989346065 0.151021221273793 -0.300546348608047
-0.00301494472081552 0.00464467066978722 -0.0969416338880263 -0.218340423557647
0.00536702948940183 0.0121380444025174 -0.00658434961585194 0.165841755866666
-0.00294558575680328 0.0352663104825248 -0.213175469220086 0.0248295425162351
0.0106636966019919 0.0232896969086403 -0.31579527423539 -0.267500791019147
0.0165423292080136 -0.0161732793586632 0.119760451415003 -0.528337062727227
0.0212032194589253 -0.019334774595596 0.674786725928576 -0.135873889851592
0.0228485305625569 0.00600305565459937 0.499631806058096 0.433692590313617
-0.00163248357036975 0.057555864499322 0.0968712388357164 0.376722146725806
-0.00313065608507639 0.0495702631829053 0.0511925624581287 -0.0877842728159893
0.0156740074264212 0.020379188734396 -0.29573003931804 -0.359757749938741
0.0300345118965781 -0.0114737798486095 -0.68038066987381 0.194820211116169
0.0215134222633288 -0.0227338753289244 -0.141312103493881 0.733662520523281
0.029980081802046 -0.0170843679139446 0.473640296081829 0.340156881386937
0.0281686646861363 0.00619239466116223 0.406569876172769 -0.152706914047175
0.00121423103694686 0.0131311259949907 0.161205410504349 -0.292213203700083
-0.00622099136849986 0.00238752984724934 -0.0931007533686708 -0.215864136595814
0.0035151247327763 0.0106903955461588 -0.00552636481919202 0.167121186002465
-0.00267674088625952 0.0445937731894571 -0.21834027317769 0.0534133984985192
0.0202950833673803 0.0331112657887849 -0.345917692451974 -0.214174907031097
0.0228890008388135 -0.0231900701805315 0.0294427195110508 -0.531603090348142
0.0322269607087407 -0.0326633561257924 0.627514852783785 -0.246069430881101
0.0412618240255112 0.0128142037304491 0.558010658959586 0.34125514792821
0.010069041208512 0.0917318027256505 0.136709522065492 0.37304983112939
-0.000591922809184969 0.0884789197872483 0.0537691500641014 -0.0641749829075697
0.0332272950225841 0.0435895167282398 -0.252507928787715 -0.380584799994835
0.0459743000194497 -0.0173142477466089 -0.703469675922374 0.0940626893115186
0.0249058885579226 -0.0395948424304032 -0.252375133243248 0.710881305230532
0.0372669087395622 -0.0249218146735454 0.429033111312395 0.421657532386697
0.0391105960980697 0.0158300197017859 0.431426388625069 -0.0910828924043895
0.00196913245109438 0.024295337021899 0.187388404271986 -0.271179003182766
-0.00987732322585463 4.02652324788255E-05 -0.0814030004316377 -0.213747190118752
0.00226342150303625 0.00922298396260318 0.000453339245610223 0.169057633180358
-0.00194184263125254 0.0472030197715772 -0.21586633063233 0.0912806333930565
0.0251358473624672 0.0388142536437856 -0.377046490675792 -0.13298100665178
0.0237980321359973 -0.0278424999196157 -0.0947016765656888 -0.508548858144469
0.0341710675227948 -0.0466437638121078 0.531649831593761 -0.384082965739208
0.0565946379795537 0.0056497142000984 0.614249064134781 0.201342627392525
0.0288995761356919 0.108448387562281 0.195924005742007 0.36456226316958
0.00152704453904022 0.116166984670626 0.0568978910489983 -0.0272681688112542
0.0402574916830129 0.0681300468365695 -0.187877037767364 -0.397787974518425
0.0583279680010362 -0.00874616937257343 -0.709582712063504 -0.0572223631916371
0.0296363018895657 -0.0462702911699115 -0.412082982812556 0.645973467202004
0.0410121526059254 -0.029144368809227 0.335986274584087 0.526731514620133
0.0464314928591028 0.0211102503362519 0.451794777071991 0.00541985447777304
0.00243676340201371 0.0335758127520709 0.221611886381105 -0.238143964859121
-0.0115332963120252 0.00024443107618943 -0.0649554621030428 -0.213894966750447
0.00154456479862288 0.00642242986633563 0.0110012286027593 0.173062702253059
-0.00233717158384683 0.0451736904190946 -0.205683984394704 0.130878786179198
0.0249743287902272 0.0399634827004779 -0.392820134700443 -0.0386240439764649
0.0194784996283155 -0.0259714522020404 -0.21913283921128 -0.448425111609052
0.026490618625686 -0.0558401509870232 0.396173481615098 -0.500342393099421
0.0584356151173543 -0.00953110222347497 0.642422607311203 0.0410091375476057
0.0444403308874162 0.106267957983083 0.262181540140727 0.346287990144485
-0.000167065329198902 0.127647532599079 0.0634129170175646 0.0181609655961771
0.0336101688483656 0.0875691253737192 -0.110207539068555 -0.40032710660293
0.0613474527054503 0.00934445327038488 -0.678631718815099 -0.232136427780955
0.0356964689105511 -0.0423348399239717 -0.584799984889193 0.522757500297941
0.0409087226412333 -0.0295255745526388 0.200290970067552 0.620738132160594
0.0464252004351157 0.0223818212661026 0.453459070127203 0.118096642170795
0.00247442025184076 0.0351241181101844 0.257212228398616 -0.192547297257282
-0.012224406618946 9.25597789555675E-05 -0.048122722421481 -0.21439190157548
0.0121863483593178 0.0142337823209945 0.00543538732135814 0.16298470027342
0.00106658746778237 -0.0198534521201421 -0.191346687743826 0.0685834063715042
-0.0354144884181755 -0.0207931550485488 -0.354890831397291 -0.183401391618972
-0.0283834878425276 0.0103516450461505 -0.0683758705367726 -0.518659191799629
-0.0290204693677739 0.0293228507644467 0.550869578329149 -0.337536931647802
-0.0465249836135361 -0.0199965830813836 0.604722538849857 0.262549428665651
-0.0309137868936342 -0.0694444162918484 0.182314864792048 0.394368224272819
-0.0177255907431483 -0.0975367002986029 0.0647000572035861 -0.0154370572298013
-0.0565540123177169 -0.0600917985853327 -0.188634104450537 -0.373519175252622
-0.0384541830039763 0.0356154787726571 -0.701782679740661 -0.00786558487358749
-0.00532088818200905 0.053990533131243 -0.374998713969723 0.664549298916558
-0.0155470747848462 0.0095617875806502 0.359645540434713 0.481493534281745
-0.0261156049564083 -0.0392747848895153 0.444487685970297 -0.0324281854758114
0.00232329053907299 -0.0331064218237705 0.215915934808157 -0.250276936784761
0.00763979342426496 0.00526427690428169 -0.0641441399048883 -0.221106454749339
0.0108008225538176 0.0129198965903303 0.00112285272545885 0.162311117647578
-0.000601777607868025 -0.0100779135721391 -0.195404222623683 0.0339808077894749
-0.0255599459961568 -0.0140343768073059 -0.326694537644215 -0.245787341377299
-0.0186610533750248 0.00546258400124438 0.0479992990269889 -0.528660981069346
-0.0227640354640097 0.0152330376236908 0.631722654809655 -0.205292084567354
-0.0314713233935043 -0.028912689426659 0.542378183542759 0.381796886432375
-0.0178369677352821 -0.0572250549185992 0.125599859288163 0.391837508499085
-0.015682150457007 -0.0746522912622972 0.0590209246582619 -0.0540516359858499
-0.0487443139113596 -0.0404659412806156 -0.249513532442461 -0.361354555244268
-0.0202186774321674 0.0346150721853472 -0.691383021930085 0.125182585442251
0.00601785720567775 0.0406423132749109 -0.230956229714607 0.714399024142612
-0.00462769325170631 0.00471446772780469 0.437115619341629 0.385967305989067
-0.0146419491652872 -0.0289379194079235 0.421825453628 -0.115892985981285
0.00389531439244775 -0.0236567637459831 0.182898926001512 -0.27921818100639
0.00579701026797111 0.00637495941465546 -0.0810533115435052 -0.220318550186945
0.010492852110939 0.0124011665702253 -0.00194591816772345 0.1628610614701
-0.00199360982949926 0.00382593424429927 -0.199146501746215 0.0145701875853497
-0.0138603499916707 -0.00317991444354478 -0.303959016358314 -0.282661749317409
-0.00608011712410512 -0.00125613149063565 0.128415269014127 -0.520545604243119
-0.0103640362853139 0.00279585179910972 0.672063210479281 -0.110203489350535
-0.0138982631851307 -0.0254792734123441 0.485853816245309 0.453011661465632
-0.009603523744796 -0.0279596633937084 0.0905076036790692 0.383720543962782
-0.0117676496337523 -0.0385405181902688 0.054595103023749 -0.0807314488131448
-0.0310632579253912 -0.0199957932454003 -0.28853071250483 -0.351296377481647
-0.00186133794060535 0.0218776714501288 -0.671873805726467 0.205869254074631
0.014236951841799 0.0216921375244986 -0.133067452301467 0.73138243629494
0.00685483924137837 -0.00230700841033606 0.471137936955674 0.319934430923339
-0.000951463206887097 -0.0170742274082784 0.401852982981447 -0.164616611776253
0.00310739685057641 -0.0118630198918332 0.159168173742957 -0.294650075275371
0.00196929196104347 0.0059324867958414 -0.0910512777525263 -0.219369446634031
0.00772132975289948 0.0117376930634619 -0.00572922363001632 0.16253122461906
-0.00287189897149187 0.0210515488585913 -0.204725612110106 0.0111734854078644
-0.00171264647386486 0.0104332568752525 -0.295944142200112 -0.289076572098736
0.0058461728096666 -0.00806697353591652 0.1557419272335 -0.515614956248235
0.00528315152370644 -0.00807613736968127 0.683361431921887 -0.0790813917009211
0.00381989812100364 -0.00984020723307535 0.466096328707926 0.469422740042036
-0.0062086507041597 0.0140271187647717 0.0787384773144009 0.376364852890127
-0.00764475076073486 0.00458602821206477 0.0517768829698066 -0.0930321968320043
-0.00853045610374325 -0.000764451426451824 -0.302833522278636 -0.348835445158454
0.0144151552780357 0.00465577373373362 -0.664342082774543 0.229393097683709
0.0194915481852537 2.42673228692189E-06 -0.100578641514864 0.732957545775734
0.0185703220208302 -0.00879291187612647 0.481417568133721 0.304142030881574
0.0130970395730171 -0.00508012966315819 0.394810527733955 -0.176730809309375
0.00174434157029462 0.000956562276655739 0.15085895460114 -0.296302379345679
-0.00328096851292126 0.00407949068374012 -0.0963945876475012 -0.216831390272705
0.00553451574059079 0.0122923429931294 -0.00728241521472995 0.16350514384646
-0.00235394295707832 0.0354040919384987 -0.212278070635837 0.0240162731417295
0.0105168177668451 0.0223006776110602 -0.312746397910035 -0.266652515375891
0.0161418603371932 -0.0162773625807035 0.120890612971593 -0.524931061518718
0.0210612965872227 -0.0190660799497256 0.669169573106013 -0.129145707854513
0.0219484841394842 0.0061568049372788 0.492970834506582 0.432603920960832
-0.000992398216100947 0.0565496329251878 0.0925394820710806 0.373612575351347
-0.00354508287573382 0.0482580740227645 0.0513798955186367 -0.0861725619178022
0.0154201104692444 0.0193591349781358 -0.29065387848721 -0.359086987913453
0.0299694129368584 -0.0105708371090425 -0.674380343551612 0.189000523369927
0.0211802927750859 -0.0231129488815316 -0.145876932567496 0.727972273782465
0.0292105262121311 -0.017280497325737 0.469584223253674 0.339333968402881
0.0280556413037868 0.00731985807589481 0.405403531455161 -0.151652046125817
0.00107192971028521 0.0130488422641466 0.161247693100458 -0.288730968424608
-0.00657441109558635 0.00233359492646964 -0.0916027691852073 -0.214614613166126
0.00377907076445935 0.0109384773658825 -0.0055550108907831 0.166117987985888
-0.00281056875176218 0.0446626268916076 -0.216803481878731 0.051475373298717
0.0199046407016839 0.0324287503999529 -0.341123285660626 -0.214144510979969
0.0233894187630765 -0.0228627905621547 0.0309222737104773 -0.526251864032204
0.0321213050541705 -0.032231779544364 0.622352466330253 -0.241666402235218
0.0407175815096665 0.0125454348441353 0.550863184618136 0.340871725768676
0.0106775578309946 0.0908746501970629 0.132496423518162 0.371416014434594
0.000466618775357806 0.0880466755931945 0.0530502344337272 -0.0632629128239353
0.0322344919029621 0.0426813415180961 -0.247987620493544 -0.37856192053626
0.045274196514661 -0.0167005566754236 -0.696809751063607 0.0907204221390069
0.0248062285276897 -0.0394841549033586 -0.251968888175005 0.702850424684892
0.0367512222774297 -0.0236102971130758 0.424385207571927 0.42078793998807
0.0389607388785058 0.0155850897245576 0.42804881766527 -0.0880157494901096
0.00184479522228287 0.0255975113521386 0.186283462857602 -0.269971500598947
-0.00994926597923655 -0.000357091565216077 -0.0790012376427789 -0.212474950442969
0.00199081384738969 0.00951859943953055 8.11810144241118E-05 0.168197423271751
-0.00207709808488203 0.0472495404008337 -0.21563119890356 0.0897766534715148
0.0242256517556189 0.0385984042825042 -0.372532935878215 -0.13302227792804
0.0240864147475436 -0.0267800985158278 -0.091462858635656 -0.50508989601643
0.0343489649128946 -0.0473960169350206 0.527673950006929 -0.378508581483103
0.0548856055018582 0.0055273931522292 0.608770606268037 0.203116309042901
0.0278992854322217 0.107388005650769 0.192232838274167 0.360992609319026
0.000632084530163408 0.115614796265544 0.0581190684749743 -0.0269387628749255
0.0387296114862342 0.068435569350748 -0.18379745940195 -0.395231260561465
0.0566589661593035 -0.00870626747639817 -0.702775910225216 -0.0607294286144265
0.0307887309092333 -0.0462127164859452 -0.412069103740158 0.638961673235112
0.0402924179970309 -0.0280756916180847 0.333184973669135 0.525260302845018
0.0449480611786089 0.0212934033980397 0.447614776644077 0.00567288228952773
0.00222910127572016 0.0320714325184519 0.220552402251993 -0.235060584413211
-0.0115396008392176 0.000205437666896752 -0.0632989850054743 -0.213248282224697
0.00249684639450949 0.00594450562268902 0.0113722141941355 0.173284751227386
-0.00252506069547874 0.0451505011441651 -0.205066385292285 0.129593127801375
0.0245167596044429 0.0401952400272048 -0.389244762342345 -0.0397395226340538
0.0195975400792023 -0.025187685256607 -0.214589186258577 -0.445017180346652
0.0270766554335523 -0.0557400017660512 0.393591813927328 -0.494420476257661
0.0580201953930432 -0.00942458340545662 0.63541458655091 0.0437788232472621
0.0438254563896212 0.104898874573801 0.256079728417312 0.342747102143788
-0.000379378295612861 0.126383042210941 0.0636174419569025 0.0176766083208277
0.0336481013709292 0.0867162592538839 -0.106010043251905 -0.397328717312004
0.06138562281783 0.00934990275767061 -0.670574127103096 -0.232958665961775
0.0346841831223881 -0.0427125669533598 -0.583474219132989 0.515377842435767
0.0406760315801821 -0.02866690541925 0.197197697620441 0.618265395841492
0.0457158207550973 0.0226396270593137 0.450066272617878 0.118412233169757
0.00231041954770897 0.0355729312207026 0.255043778748037 -0.191278085078202
-0.0124972827669474 -0.000610500780062317 -0.0476431333852356 -0.212723821209263
0.0120604238376885 0.0146845683722927 0.00454299026718025 0.162307572163453
0.00119352621925175 -0.0194965178956135 -0.190107808072409 0.066421656406918
-0.0353161573625342 -0.0208378395650095 -0.351921622722299 -0.183590951099554
-0.0276682903614901 0.010213127741023 -0.0637183419955777 -0.514978474940793
-0.0279555699197615 0.0296389080388212 0.550904076529475 -0.330685245596577
-0.0466485484477716 -0.0202056422346918 0.598106508358943 0.264455729406468
-0.0298817624707284 -0.0693678307788729 0.176456784049694 0.393231833900366
-0.0163483156705539 -0.0965681172993639 0.0651003873969187 -0.0160191293311038
-0.0563646752334859 -0.0609680570083819 -0.184404493363268 -0.373101634553323
-0.0384375160614798 0.0358013466048798 -0.695806342754518 -0.0128309179930949
-0.00534984710232664 0.0539752947451232 -0.376452963001942 0.658947065169703
-0.0151541459866414 0.00876450371396357 0.354001381611196 0.480452554007851
-0.0254254725472132 -0.0388611376375124 0.44145562420837 -0.029331943647851
0.0025538713674541 -0.0325932895808983 0.215318317467527 -0.247362943249545
0.00835083372521216 0.00523700716012035 -0.0641288364288252 -0.221079077076914
0.0112866120901298 0.0126156298931853 0.000597238519260283 0.161349193182873
-7.01262598017034E-05 -0.0100180912389679 -0.194412421523462 0.0328065524035613
-0.0250152676802006 -0.0136987614899032 -0.324108089911925 -0.246877726044926
-0.0175817114844292 0.00563573301304012 0.0514530795127693 -0.524931350724514
-0.0226264674334315 0.0151097512596387 0.631097545716202 -0.200404231119624
-0.0313061456781362 -0.0295079217508924 0.536839351309874 0.382661857971124
-0.0167933274893135 -0.0578154119091537 0.12193983236772 0.390741665439693
-0.0145578957847723 -0.073435110887997 0.0602541537278463 -0.0534895869110884
-0.0488197626540475 -0.0402213352113849 -0.244869144306183 -0.362084010521018
-0.0210351341963713 0.0344980439432833 -0.68622680535681 0.119902075254887
0.00608007360665007 0.0405359182650931 -0.232134952870187 0.710274136966058
-0.00536041208836778 0.00402836743722192 0.429270718379065 0.386069424351682
-0.0153058777139357 -0.0292523829691097 0.422222773393863 -0.113723016891706
0.00354396969719931 -0.023368683563382 0.182475674238714 -0.276510220763097
0.00483792183998543 0.00723883576819598 -0.079030489660088 -0.220669012031063
0.00965015665200181 0.012082740599275 -0.00258969007975495 0.161610889905283
-0.00214198566407999 0.00416956587829895 -0.198450979171331 0.0128979381004099
-0.0131539893011497 -0.00334938617346821 -0.300400251654448 -0.282161300048967
-0.00592542420900131 -0.00107659822122358 0.132244123294526 -0.517505322633451
-0.0104984906168821 0.00261254617384514 0.668115434744741 -0.105376247541577
-0.0132831792621045 -0.0258293307033748 0.480207714363447 0.453798565149584
-0.00820228632804338 -0.0278303574785316 0.0859950253224952 0.380454183576391
-0.011221118874999 -0.0388575592908009 0.0551986603040138 -0.0806371260903667
-0.0312667887888117 -0.0197778994668754 -0.283370244464132 -0.350534141474246
-0.00263059058863804 0.0228124198403099 -0.668531747294862 0.201740763798929
0.0145950746619697 0.0217404773850246 -0.137936846383935 0.725592609779336
0.00680495077555728 -0.00195282610911347 0.465728407608214 0.319202933851327
-0.0011008989887278 -0.0179774083828576 0.400115206602596 -0.161718164018036
0.00291781853342775 -0.0119561380244697 0.159218805026843 -0.291701526536001
0.0016598667809555 0.00562410044350913 -0.0906694263833718 -0.218534737012957
0.00813642303541663 0.011587306042068 -0.00666384996670053 0.162140094530515
-0.00263262470617445 0.0202998867500672 -0.20421602097272 0.00927656639214544
-0.00110062789780454 0.00987211635909172 -0.294481585551794 -0.289196931844623
0.0056512159646324 -0.00811042783840562 0.15705137091846 -0.514732972414731
0.00498332472536804 -0.00766002817132819 0.679282717209086 -0.0752503747551304
0.00405334865854417 -0.0105643408878846 0.461450064093177 0.469471141204982
-0.00487531694506757 0.013939917752439 0.0745797079128197 0.374420469406584
-0.0074376840666915 0.00372738489468869 0.0514684546602136 -0.0920618664040557
-0.00808334512832201 -0.000351040325717368 -0.298602826339871 -0.349574781841777
0.0145852146096857 0.00456514415388607 -0.661603649716529 0.223628189669371
0.0188345889933827 -9.06568095803062E-05 -0.106010412447272 0.728123893421751
0.0189889758424435 -0.00905369800941965 0.47833260458784 0.305707196374568
0.012688363544848 -0.00478167831546679 0.393784799261069 -0.174353068742967
0.00200444914628478 0.000839254306122869 0.15145628035642 -0.295714590029131
-0.00326556928355052 0.00437182614640672 -0.0939093579808023 -0.21546899467963
0.00567870672198249 0.0120403774526374 -0.00716201272357838 0.163108409028612
-0.00252926228685517 0.0348902856398005 -0.211116991804819 0.0225191910853768
0.0104384841235036 0.0226726033305293 -0.306864682859409 -0.265801443559799
0.0165266209120564 -0.0156062605691936 0.124342879077285 -0.520768769806774
0.0217467854658406 -0.0183908599077705 0.665060081225103 -0.124852298610543
0.0212511901805134 0.00560699825745126 0.486815733319577 0.43386999949754
-0.00127196690869726 0.0563294460155788 0.0888972628919062 0.370271297786142
-0.00255061086481711 0.0482632659314182 0.051886302121021 -0.0860285257749173
0.0153900890335214 0.0195483794420713 -0.286317511974083 -0.360422970929716
0.0306827531818831 -0.011086850066446 -0.673217036326413 0.183989727794781
0.0215328971115636 -0.0221787763201807 -0.147721891703763 0.722522242571013
0.0292300619040725 -0.0165876392691778 0.463248654037493 0.340776948754864
0.0273166077606121 0.00694064182599964 0.4027436895955 -0.147885214801019
0.000858817285181366 0.0142813281603609 0.160409305954339 -0.28692739097324
-0.00701172093105942 0.00188515332815773 -0.0891575276553361 -0.213927153978932
0.0035253087115996 0.010550864228506 -0.0055517944443647 0.164962703412298
-0.00253920491364305 0.0445589445511554 -0.216321241955822 0.0512469664708384
0.0192015775637419 0.0323094215115577 -0.338930659127384 -0.213494926064521
0.0231339338655942 -0.0221879145932288 0.0346809812550789 -0.52538802426044
0.0320216494218995 -0.0318609282187384 0.62112864570615 -0.23542522301696
0.0404945278616705 0.0129493951698809 0.544247916435357 0.341992937206066
0.0106042215265693 0.0900182630879541 0.128817683955572 0.369337334566403
-0.00063205211376949 0.0868037803733643 0.0543512296275056 -0.0625605153232512
0.031920782897603 0.0430311474495456 -0.242312623255502 -0.380604134138063
0.0451122958068834 -0.0165608807609405 -0.691974731438439 0.0844187623988278
0.0258695973165518 -0.0385014543434043 -0.255042607988676 0.697986797198173
0.036196828180155 -0.0236321348784743 0.417669800220333 0.421573961502865
0.0385119061840527 0.0162403997091066 0.427383170946244 -0.0869187392980972
0.00147122817040341 0.0244161345710343 0.186219130567642 -0.267335716029695
-0.0100804538400727 0.000287607616091741 -0.0775649012518511 -0.212787162176839
0.0022878722081278 0.00931715706995242 -0.000637155264074495 0.167273651820105
-0.00218970014025672 0.0478094547865439 -0.214619374457562 0.087653467499042
0.0241290574291967 0.0380648020998857 -0.368843780664031 -0.134228862108686
0.0247409004470361 -0.0263329451999894 -0.0876716682553486 -0.503398364035673
0.0336938378959673 -0.0460072077474205 0.528377772839395 -0.372782169870618
0.0546945423112179 0.00638231579521712 0.602594656067902 0.205585943224067
0.02819788629435 0.106718488481929 0.185860146632337 0.360507751432482
-0.000322774171683715 0.114616687343486 0.0574025615730813 -0.0259635106473684
0.0391012342499375 0.0675254115285172 -0.179948280243315 -0.394651384261032
0.0571099751604801 -0.00895242972399591 -0.699778297937401 -0.0653430445692093
0.0308391258416979 -0.0460689782811027 -0.413678346143 0.631140079317386
0.0399100030839422 -0.0284279960439537 0.326800591177747 0.524180130526377
0.0448255665792972 0.0212614408010949 0.445383426610016 0.00977586292937219
0.00244493352959647 0.0326798977945235 0.219882372381947 -0.233242027854808
-0.0114418556577878 -0.00106127052461567 -0.0625434971127578 -0.212076744124696
0.00178992532480131 0.00644443976787941 0.0107358283482139 0.170467347702742
-0.00249442793618233 0.0440988016905365 -0.204728304368732 0.127910996479503
0.0242078423569038 0.0399654107981852 -0.38598617805872 -0.0417335072783859
0.0199333702562586 -0.0247928794564911 -0.211345801095834 -0.44544587148628
0.0264268515227819 -0.0552894704085844 0.396400988566605 -0.48964723290616
0.0571751384757088 -0.00943410729775155 0.630399584822841 0.0455259568176816
0.0437139973129009 0.104492855282653 0.252726711030504 0.343092070573581
-0.00132734719115059 0.126013327589603 0.063611759763192 0.0184047072649511
0.0316620494906725 0.0872594261740304 -0.102931530716106 -0.395424101792265
0.0607028081230614 0.0103247830387815 -0.664362278072187 -0.235972691364804
0.0349431492295498 -0.0414474033461735 -0.582398450496034 0.510022458112514
0.0403223973594244 -0.0286772492183356 0.191431574508608 0.616036792552205
0.0449267282001967 0.0224985891811837 0.446575743674343 0.12047780075187
0.00291096096023017 0.0356186110026264 0.254047061578555 -0.188999963772551
-0.0119762582037433 -0.00037879972886857 -0.0473598541672298 -0.213124435458433
0.0123681498949554 0.0142636676372439 0.00525494352174792 0.162077285316517
0.00112854687811654 -0.0196512451786745 -0.188997833694158 0.0647665372419747
-0.0347482616370817 -0.0213491657898976 -0.348828329965962 -0.185383215257627
-0.0279369775233318 0.00960369596277512 -0.0596970549205307 -0.514989342432957
-0.0282667252289472 0.0296990610156377 0.550021023705548 -0.326541735148416
-0.0459723921746556 -0.0204207350781094 0.593034207243317 0.266244255751754
-0.0283305660347921 -0.0683161302666447 0.171604919045607 0.392305372693846
-0.0158194476407961 -0.0956435640106035 0.0646425604927952 -0.015151096988948
-0.0562319355801282 -0.060815296734777 -0.180400925935492 -0.373318395242235
-0.0384654246407621 0.0348926503021146 -0.69257832868462 -0.0160428178435351
-0.00550550247832015 0.0532036148074845 -0.379070997823104 0.654399489351972
-0.0147168682235517 0.00921869343857023 0.349108239714316 0.480596495679138
-0.0253426256124071 -0.0392164651330682 0.441358318440392 -0.0273089711410497
0.00331935875359908 -0.033267443228369 0.215043346962212 -0.244518891518879
0.00791125935479971 0.00495333482170513 -0.0620836463113617 -0.220092670409358
0.0120204463219198 0.0120611810190334 -1.7851064776168E-05 0.161510576832725
-0.000211928183826967 -0.0100909553036319 -0.193442149028453 0.0318129861169131
-0.025045701534185 -0.0147241681672727 -0.321193125320222 -0.246715012935086
-0.0172325369785002 0.00521166055032606 0.0554053282102289 -0.521723235078641
-0.0226596536017354 0.0146693872200705 0.627844147016506 -0.194336224881941
-0.0308868677829205 -0.0308263874203432 0.531186820497805 0.383688068132134
-0.0158542296232239 -0.0563000244283875 0.117303294373488 0.389755759869246
-0.0134686389341294 -0.0734924920004763 0.0599831068591839 -0.052517976965732
-0.048418273181536 -0.0401820087252068 -0.240424020935391 -0.360323480371742
-0.0206995720587157 0.0339841949356233 -0.684635097277416 0.114956318851662
0.00568755252299213 0.0408290808484875 -0.237020393291655 0.704645208486035
-0.00514468609705067 0.00376896892419157 0.424412574391205 0.386702315120631
-0.0150888497483339 -0.0292999121548079 0.419475727108652 -0.110151323789577
0.00437081115255818 -0.023136897175785 0.183516518176688 -0.275142834119364
0.00532803735586378 0.00652670557025206 -0.0779847157772423 -0.219941200608256
0.0107578219443709 0.0118108141034959 -0.00439040298878766 0.162275871429174
-0.00150389496385327 0.00310652039966974 -0.198256236485701 0.0116725230196291
-0.0134193525557718 -0.00308554967056583 -0.296399217293706 -0.282788785793156
-0.00606695674801177 0.000100263370984371 0.135788743431554 -0.514127760303274
-0.0103918205467443 0.0029127391952797 0.667076142164113 -0.100553546506563
-0.0137935148411717 -0.0258267564729485 0.474523704317791 0.454360471703523
-0.00793597146159976 -0.0278404029058623 0.0817677843429813 0.379465183495339
-0.0101218010501343 -0.0391608904628451 0.0558580078062584 -0.079594325156086
-0.0307471893154287 -0.0197903543418928 -0.27940103369055 -0.350962573480859
-0.00224081506845925 0.0226648252539668 -0.666104192384251 0.196580956639062
0.0146666958776252 0.0218556044449814 -0.140373282855232 0.721137595587085
0.00636029436595636 -0.00157917520348431 0.462645755972056 0.321837664784691
-0.00096998103297539 -0.0175820021134155 0.400224187989227 -0.159422806545673
0.0032745374853289 -0.0114014567641758 0.159805082277305 -0.290467403588213
0.00149235003393462 0.00579320178680382 -0.0889503169426334 -0.218432893669983
0.00838462761481192 0.0108366020680442 -0.00701904927189601 0.162073518409125
-0.00283047140548387 0.0203465079752639 -0.203575645692407 0.00789978093569826
-0.000785815006633632 0.00948510193144943 -0.289868155364601 -0.28937517200912
0.00585458098130186 -0.00793106288336114 0.161377071112813 -0.511089597423286
0.00510382880535445 -0.00776848565799161 0.678494945670979 -0.0699758558417154
0.00398138608989668 -0.0110323193830548 0.454879884989881 0.471806408751793
-0.0050190164530348 0.0141181317662254 0.0714023761064019 0.372902710932072
-0.00696632540062945 0.00461599261181898 0.0528947123162861 -0.0909563131098682
-0.00796909445180682 -0.000346948435080497 -0.294271164217191 -0.351321840958007
0.0143931949970528 0.0050995272761091 -0.659061795196758 0.217472381685507
0.0191589708940921 0.00012047548728226 -0.109765255174875 0.72315809976247
0.018599765965659 -0.00848812646403853 0.471890071648648 0.306756155078345
0.0134065434639127 -0.00463383477562234 0.392169275101463 -0.172032443959638
0.0018627459899652 0.00137625166231251 0.152374425806126 -0.293485734142744
-0.00385516101533521 0.00405480306186617 -0.092799112073304 -0.216063903038798
0.0051352670111423 0.0113181802345737 -0.00835892378582544 0.162934368845639
-0.00264967402607951 0.0348606664988621 -0.210781093544356 0.0215875235810758
0.00960516791239344 0.0222070109448689 -0.303846081256973 -0.267088217165042
0.0166777539431162 -0.0151701653557775 0.126791621706552 -0.516598106056113
0.0210384703184136 -0.0180643433692139 0.664518252122477 -0.119998685291142
0.0210239179564915 0.00577701872488702 0.481044308211932 0.435291260804595
-0.00119529702295113 0.0562879784384431 0.0851745344016857 0.369446419121535
-0.00334575422987488 0.0480248776751326 0.0522237537732408 -0.0853243524627634
0.0146638681197331 0.0196458544753622 -0.282582285155087 -0.360200231895121
0.0305142183456646 -0.0108378591872738 -0.670649334967337 0.178822971921443
0.022250817661906 -0.021965989542222 -0.152288087294073 0.718536525116041
0.0286885399924248 -0.0164587480932329 0.459866072916619 0.342511433866896
0.0271967303890246 0.00777053338777916 0.402961499775635 -0.144088731715067
0.00142907766439802 0.0137744628386776 0.161615447280105 -0.286026878609971
-0.00767918208796515 0.00178616897800324 -0.0878371942827045 -0.213839942333102
0.00342174510721288 0.0105470761756496 -0.00663034502941159 0.16449256489345
-0.00269724720794832 0.0441109035865555 -0.21610856851588 0.0489546753730725
0.0190725138472413 0.0319914852481638 -0.334109702098698 -0.213718918711381
0.0228532732381071 -0.0224506803026749 0.0381379295545836 -0.522738456460274
0.0327101682991984 -0.0314266350745887 0.62093931967393 -0.230718871497929
0.0397397651820446 0.0127132072388053 0.539743436789776 0.344737160974286
0.00941347490986105 0.0898807964104805 0.124994869822256 0.369228473670083
-0.00123805800665486 0.0867281031870027 0.0541016371226907 -0.062033417201747
0.0315204495415207 0.0431377208057376 -0.239465764028916 -0.379654796945576
0.0449987997350842 -0.0163371171678061 -0.688590733172616 0.0791903015596724
0.0256651760874737 -0.038907367831546 -0.258623117596485 0.694140736218957
0.0361767825285694 -0.0232322042700544 0.41438805382157 0.423560325183624
0.0387691813226469 0.0156423430962219 0.424046660895486 -0.0832237244359014
0.00125656348724587 0.0259778901534522 0.186749612129658 -0.265783142939876
-0.0101537157300633 0.000395360417655664 -0.0766024667435659 -0.212725526610955
0.00229628986245419 0.00803213658743491 -0.00092937877691959 0.167047981026785
-0.00275823918683217 0.0470450510459984 -0.214847539664474 0.0874094349650603
0.0244827222820139 0.0383415363625788 -0.36663806197101 -0.135055292020954
0.0247875953930408 -0.0253628862051056 -0.0836101663255924 -0.501126372480281
0.0340316601626585 -0.0460245058107587 0.527898771372522 -0.36645659981549
0.0540765423196207 0.00602782653254309 0.598338955555587 0.208691424345074
0.0271166400238031 0.106486885970424 0.182770537073331 0.360918888434964
-0.00021376777195975 0.114349423143416 0.0571786903390526 -0.0255546677411086
0.0379986278707706 0.0680950175768004 -0.176224538311336 -0.395036980302988
0.0569381440206825 -0.00849331682621403 -0.69421403122477 -0.0708440637204744
0.0304930070769332 -0.0457130890009113 -0.416675819896608 0.626945990432836
0.0397632100827303 -0.0283851069696171 0.322913823456776 0.526103810683855
0.0451881141949913 0.0218848727550948 0.442569797990652 0.0104673203812813
0.00228422391985973 0.0337769566624028 0.219946625719374 -0.231361623862892
-0.0126715909875779 8.8539424387999E-05 -0.0612802123532741 -0.212546322163597
0.00217998237668609 0.00585546907806681 0.0099076541679755 0.17080226072287
-0.00311635485526711 0.0436231539628937 -0.204251843496402 0.126656716273364
0.0241181442400361 0.0395163667840605 -0.383748723042638 -0.0428192232758307
0.019922193971575 -0.0247192667909226 -0.20592367722944 -0.442613044465216
0.0264714887294846 -0.0547500322274979 0.398201315137458 -0.485645471830602
0.0569453354208561 -0.00841807848263156 0.628229300105157 0.0509537214789472
0.0429507158366088 0.10465683614157 0.247270566659734 0.341716864032279
-0.00257693299362875 0.125844124011561 0.063185140945544 0.0178572200834067
0.0308049143574402 0.0865440304027655 -0.0996099897646521 -0.395373272997741
0.0606107412689131 0.0101621778190327 -0.660018054886985 -0.239247174029095
0.0359736688985365 -0.0406359240355448 -0.583086202076311 0.502598407287499
0.0399686347645499 -0.0282534650041492 0.185970209590877 0.615843202538768
0.0445804668208803 0.0237636419874413 0.443938925510383 0.123124167311074
0.0020413193195449 0.0364030044509663 0.25357936389945 -0.187036609392619
-0.0120293799058622 -0.000734072921176914 -0.0454394230953154 -0.21280181395693
0.0126630933686748 0.0141163102619647 0.0047427396293341 0.162480344066515
0.00172664737731025 -0.0207593550419944 -0.19047478968017 0.0633564986628295
-0.0349790564506614 -0.021933002480815 -0.347623820973467 -0.185802036458815
-0.0277890122960667 0.0100900614278518 -0.0555062148279212 -0.513729950473796
-0.0284760708387566 0.0292147282741618 0.551952065872704 -0.320688476715111
-0.0460589028916386 -0.0207279086786698 0.589096604311126 0.270468957833944
-0.0280857507356244 -0.0694681009228716 0.168148151131186 0.391791739255698
-0.0151031821108814 -0.0961522774593646 0.0646320744949734 -0.0152521239031219
-0.054896641938751 -0.0609678241595615 -0.176922191214014 -0.37425215229928
-0.0384247768112654 0.034571240591871 -0.689978870169045 -0.0221172163290174
-0.0056154228352136 0.054166897168143 -0.385202556605737 0.649972318957911
-0.0150906520060513 0.00897388579813289 0.345075208497274 0.482944302944828
-0.0256142843747005 -0.0396618913544931 0.439815485449089 -0.02523413995379
0.00294450918837526 -0.0328974871409012 0.216422594872831 -0.244238528099742
0.00849791943366785 0.00477159590149688 -0.0608188482579057 -0.220170428790298
0.0115502449326283 0.0124382812508219 -0.000728344546909666 0.161815815826872
-0.00102493368452386 -0.0107846727072482 -0.193743601811467 0.031007387262923
-0.0246330060014782 -0.014460031271701 -0.319728151299269 -0.248322027300695
-0.0168925520627773 0.00593866346935783 0.0598392701812239 -0.519512971891299
-0.0222515458325923 0.0144037413111057 0.628392913643815 -0.191075552773529
-0.0311742439075157 -0.0314918956022692 0.526748887952894 0.386354155814972
-0.0145989103049575 -0.0564355589763332 0.113795408820974 0.388389640089594
-0.0128737394966434 -0.0727517556216667 0.0602919289361204 -0.052264050534618
-0.0481276822776205 -0.0400521842730701 -0.236732934778794 -0.363026257516946
-0.0202596755478859 0.032780286355738 -0.683502549645708 0.1091071404444
0.00572427658811047 0.0408858365467036 -0.240084223929221 0.702546723992433
-0.00634937769766717 0.00403229587929067 0.422208800973042 0.388442359157853
-0.0149232057234134 -0.0302277721468984 0.420448061514416 -0.107466472146908
0.00391539099223204 -0.0238824462018861 0.183785830617823 -0.273996592974132
0.00530399339540951 0.00626825677300659 -0.0761916891242304 -0.219273881794779
0.0107457810974482 0.0118117479492056 -0.00406304816621784 0.161242613222638
-0.00190103470667889 0.00320102138623315 -0.198523896783439 0.00997451860154359
-0.0134284142678025 -0.00324195155678955 -0.29472019615388 -0.283695414801335
-0.00505683354590012 -0.000293176985222179 0.139296602306317 -0.511614050589953
-0.0100270651363627 0.00311999838036928 0.665087650958138 -0.0946525867771219
-0.0131988769805133 -0.0258646623206421 0.468774141508035 0.456983820782484
-0.00736069830757658 -0.0279646331728493 0.0779830599765033 0.379039946692698
-0.00970507588814872 -0.0384852847620614 0.055990272449483 -0.0790414539942172
-0.0311893219313378 -0.0209506341956201 -0.274592713728276 -0.353479394379055
-0.00251836640219036 0.0217082345654739 -0.666353898654483 0.192157352568508
0.015046526206676 0.0223536716402706 -0.145529059256189 0.719717154054272
0.00704499274473895 -0.00133589982982373 0.45735321553113 0.323956331788737
-0.00145955471437789 -0.0185219338166931 0.397593860631115 -0.156133695983928
0.00333721062500983 -0.01160201031894 0.161522660450524 -0.289360951204989
0.00167869094031751 0.00622402437623832 -0.0892219959684944 -0.218357456745777
0.00786566036989268 0.0112682454036773 -0.00721617052722329 0.162031734360146
-0.00295756312740109 0.0204392436872581 -0.203740905480592 0.00657550157245315
-0.00185659364338095 0.0096246611920176 -0.286784903899445 -0.290262337207002
0.00600433786009602 -0.00753793435570838 0.164346780083926 -0.508077308946062
0.00526787763199933 -0.00739966535582625 0.675924355088569 -0.0639619164236474
0.00343233278013559 -0.0110940344677362 0.449635546429147 0.47287734402407
-0.00486703914815815 0.0133497028984979 0.0684413859344084 0.372342480782607
-0.00673934548372605 0.00469712889561697 0.05356584567277 -0.0911955895490098
-0.00823116694384412 -0.00122564571282214 -0.290207152360713 -0.351806427667815
0.0147171592741308 0.00517042744658547 -0.660645734162642 0.213872739267996
0.0199742970921971 -0.000220465073943883 -0.115185239884896 0.723354476631657
0.0185407765531766 -0.00881675656996684 0.470595660912594 0.308021215497947
0.0122262163690221 -0.00491231165259351 0.391626014352151 -0.169058865728677
0.00194391408969701 0.00144775442857402 0.153699375878385 -0.291866296960851
-0.00323392027910733 0.00431133666148991 -0.092141079364522 -0.216364217593826
0.00522278883347836 0.0107607681823567 -0.00818588370011333 0.163178058855198
-0.00310880985046813 0.0349659251839987 -0.21173014247769 0.0199261301963468
0.0102190548981255 0.0226252248828995 -0.301232524778575 -0.268714665316313
0.0165451576474378 -0.0148976476305463 0.130090116303674 -0.514652690079345
0.0205968395674802 -0.017750054463949 0.663752111751969 -0.116519444701762
0.0206433622423584 0.00586811632161049 0.475911421021224 0.437455980774399
-0.0017157112893984 0.0547534802760919 0.0812421607627995 0.369311348507886
-0.00399608950715251 0.0483748829472545 0.0528999794606129 -0.0848239938514866
0.0142963998342422 0.0189525441363915 -0.277050136548805 -0.362627651009199
0.0307055013667601 -0.00975355780472436 -0.668719796972474 0.175391565188352
0.0219282634919238 -0.021417871925017 -0.156665549278951 0.717002168499626
0.0298927888204375 -0.016206865719378 0.457032142418018 0.344231857394093
0.0272822693488074 0.00726107067131762 0.401496450302775 -0.141707713688017
0.00140636833955621 0.0138899760695068 0.163205369553808 -0.283707579948995
-0.00764037968237672 0.00255731663885095 -0.0866246056356349 -0.214491281755552
0.00358162540056648 0.0101109078297914 -0.00745184985542119 0.165206445724467
-0.00256449581053355 0.0441850061026844 -0.216506842145471 0.0488924945818906
0.0185042444009776 0.0329153956500524 -0.331886016763629 -0.214477391498852
0.0238826280983658 -0.022028762550499 0.0423405719772184 -0.519844455041057
0.0317786977380349 -0.0310823688110548 0.620528579631527 -0.226352593509779
0.0386799110268496 0.0124170333010067 0.534736637158133 0.348686626479615
0.00968406184219599 0.0887341139465214 0.120920674287416 0.367622623314019
-0.00157759398172411 0.085887751839788 0.0538351217429512 -0.0609564122156721
0.0316408789803645 0.0435863419929404 -0.235611043857089 -0.382132496570897
0.0451475279749241 -0.0163747553025567 -0.689375103257723 0.074314192678302
0.0262054622233375 -0.0381317528782576 -0.262662685424493 0.691207855392508
0.0365302746878175 -0.0224437220422844 0.409606085891698 0.425179082915121
0.0382219460463237 0.0163154893060999 0.42436809136635 -0.0815963853425759
0.00140964510295102 0.0252543130944939 0.187526970391888 -0.263841453650236
-0.0106781626671081 7.6720440025109E-05 -0.0762483129523051 -0.213140632325669
0.00276590061161014 0.00859424694795966 -0.00244438450790191 0.16765366644955
-0.00298679844470326 0.0467667090930391 -0.214792560884767 0.0855854977075624
0.023171459896262 0.0385630470149129 -0.364152725576223 -0.137124738084453
0.0249806942145613 -0.0247714603151713 -0.0805383644125778 -0.500516132588229
0.0339476109719004 -0.0453207389609617 0.530246686373365 -0.363935671371458
0.0527998703039592 0.00606505755291922 0.594068748266858 0.211912110470797
0.025980274191291 0.106161790440534 0.178441128867762 0.359933041868823
-0.00112773821856204 0.113797476624654 0.0577529159650511 -0.0257610717186753
0.0368845798961684 0.0684013227798498 -0.172389773960647 -0.395991436401249
0.056913903720598 -0.00748024214530337 -0.691570231069427 -0.0735597331619103
0.0311060370854232 -0.0452421308295493 -0.420216429228806 0.623364888500768
0.0409154898020826 -0.0273684295327045 0.318803970043095 0.524264789813133
0.0448496850767281 0.0223699165518189 0.443101707635068 0.0127206924936269
0.00204066242092333 0.0332556106242428 0.220792777024546 -0.229204075654103
-0.0109766312100755 -0.00102243682962916 -0.0596891606922896 -0.211551424140019
0.00207723345603631 0.00500240420342954 0.0089619629910969 0.170883528150377
-0.00298324403410749 0.0436707687388041 -0.205111975675963 0.125787602535942
0.0243504272088116 0.0394143290795004 -0.38133350619767 -0.0440419385151156
0.0194594907194458 -0.0242689912655871 -0.200864250217092 -0.444532769250426
0.0265091624967477 -0.0542563347281455 0.399853557136342 -0.481280586042811
0.055710895206282 -0.00880348191844151 0.625777693449997 0.054418346345362
0.0429106507038154 0.105029341122721 0.243628638879566 0.342904287149996
-0.00182981510267951 0.125132282347969 0.0628189297005324 0.0187680912089192
0.0304593558533159 0.0867767486301897 -0.0953531985859242 -0.394352913100895
0.0605255504067849 0.0113164929103138 -0.655318653013225 -0.245851972303879
0.0352782595063217 -0.0410571689286494 -0.587230160073057 0.499048409120798
0.0405413503721433 -0.0275989084335406 0.182850941459975 0.614913578038225
0.0442805303756925 0.023361028669096 0.443396678399786 0.125815467316105
0.00236822204935615 0.0359593850654892 0.253786742147198 -0.184687009231033
-0.0124095754781909 -8.43816658833135E-05 -0.0445456516858392 -0.213370810265185
0.0146855169435158 0.0109654224361345 0.0285231026920932 0.158666773292582
0.00178148919289726 -0.0202449542908896 -0.181191651038402 0.0895943125854045
-0.0347544274457068 -0.0145924057483657 -0.372662292838197 -0.135064543006268
-0.0284811301331542 0.0189825935700237 -0.124841042251589 -0.49921535495345
-0.0308369344814005 0.0334816070468888 0.503717833856567 -0.392180022089309
-0.0519899662817091 -0.0156671541934175 0.617588411308678 0.187444761811584
-0.036700057917184 -0.0655146541784775 0.225198615899394 0.360685253112364
-0.0295503512150374 -0.0934658984318962 0.0621774598288368 -0.0240650566117552
-0.0637156499823591 -0.052809047529628 -0.227653597508336 -0.341009663736319
-0.0352256864303907 0.0374688705152191 -0.680907777172775 0.0814714727877618
-0.00153762034690409 0.054776276513167 -0.278473232580052 0.694827242390526
-0.0176245338140521 0.0139425073294183 0.415414750962032 0.416418703678144
-0.0328542213042476 -0.0317826086099412 0.429932821571285 -0.0978218077413836
-0.00139794462485007 -0.031318675900267 0.172482023324944 -0.27325383866662
0.00996203146071666 0.00358232475991939 -0.0955446396796393 -0.204798972073169
0.0136411555609357 0.00854381442911553 0.0220082570035569 0.158422504227415
0.000472577989832634 -0.0107719482963059 -0.189081679085586 0.057600553674646
-0.0249657207683492 -0.00873407642734062 -0.352831987980582 -0.20173474206462
-0.0198368417853857 0.0127518618717457 -0.0112241335580056 -0.520815310080012
-0.0265428562368066 0.0171473019659302 0.59715137420308 -0.272442312318985
-0.0379631267693866 -0.0274313775381842 0.570323924804814 0.309105638175794
-0.0218941166663966 -0.054750093918419 0.169973140426614 0.365116907458806
-0.0241013245044621 -0.0712164622668272 0.0522961040380781 -0.0613046541489459
-0.0538333856285012 -0.0339437361696509 -0.284505020014036 -0.322842354527808
-0.0179564119117586 0.0344425230271731 -0.654184231916292 0.207908379225296
0.00892478234002491 0.041824259291989 -0.129866321933096 0.725449988996485
-0.00816892980676808 0.00880459105905436 0.476055571412282 0.31302321133892
-0.0200014238690393 -0.0231832470903744 0.397870230861875 -0.175680098839421
0.000898057218099551 -0.0223803378756233 0.135642388080324 -0.29664346906342
0.00772534611957713 0.00521585001325557 -0.110920617627082 -0.201399298538485
0.0119697457418631 0.00846011253887407 0.0197544259298743 0.159507541512292
0.000427232682369157 0.00402125821048598 -0.195207366253422 0.0382467141055426
-0.0119630353856747 0.000907168489170773 -0.331019580275759 -0.24186874810213
-0.00912708765566064 0.00452836355250887 0.0688277653622524 -0.52531738507984
-0.0165003267740514 0.00135133918445874 0.645798240874756 -0.180840340991954
-0.0198334809487038 -0.0256289654720056 0.525129261059535 0.385990364566821
-0.0109945551323558 -0.0271416161202203 0.134073089216754 0.362414598333994
-0.0157810114036837 -0.0366600706468881 0.044398683361614 -0.086914044615812
-0.033319402427837 -0.0150849656961129 -0.322506323718777 -0.307021715145202
-0.00133206710746227 0.0208510289760913 -0.625568539765181 0.287579020632078
0.0150926991344402 0.0224352106471155 -0.0330741608283418 0.729506883655328
0.00328289988735865 0.00147577528373544 0.501968618690362 0.245220787530467
-0.00498619803728151 -0.0136378396243606 0.367099806236785 -0.22066738140501
0.00217820741383994 -0.0109081500690566 0.110782904106343 -0.308267978967623
0.00341693790257132 0.0057328189531706 -0.120862501872868 -0.19863032455153
0.00956525507099084 0.00893770847721196 0.0168986987401732 0.159392823932334
0.00201235863326634 0.0206601676030372 -0.20058327797304 0.0356725710691705
0.00111370526313527 0.0131747743193752 -0.323957053590782 -0.248289501456531
0.00154412016926795 -0.00466658395224811 0.0936627732497022 -0.525413695822337
-0.00147375862854602 -0.0102066067718821 0.660461271445658 -0.154836828333312
-0.00188919596161843 -0.0117230707162389 0.507689990719144 0.40456399417496
-0.00218078500294353 0.0131348888108008 0.121729545600622 0.357174512538088
-0.00642658729659395 0.00443451797215865 0.0401520769788354 -0.0984776705820932
-0.008736299973027 2.61994076920032E-05 -0.337399077856814 -0.301755381324103
0.0119975031811651 0.00227355994308361 -0.613880723000934 0.307746205204616
0.016498099159935 8.46447007073472E-05 -0.00291943766279129 0.725723884262592
0.0143541305107602 -0.00738982588094836 0.509370603827274 0.227862819495732
0.0112259478918515 -0.00288858586734591 0.358089585284472 -0.229100455770402
0.00249014848616848 0.00242654924597476 0.102351440902534 -0.309986826134078
-0.0019159830333186 0.00464486498867796 -0.124009483530826 -0.195880764893766
0.00778607003327029 0.00891453902820786 0.015658721885812 0.161078202543983
0.00288973271241042 0.0352895700427605 -0.204857722410771 0.0500316000472334
0.0134375554624704 0.0243262478689731 -0.334437332782396 -0.223677507283676
0.0109743645732507 -0.0133947091745653 0.0599530116277363 -0.528375261788197
0.0137378488121947 -0.0228315609901155 0.642687702161887 -0.20522998300989
0.0182238507498198 0.0024918367173319 0.528949061084914 0.366010512169633
0.00609357107825992 0.0552222387035051 0.135773343915859 0.352261806769487
0.0037456407226942 0.0482748171501194 0.0405507753638299 -0.0920751423184901
0.0171083723960761 0.0163675971540608 -0.326573988489801 -0.313439358875915
0.0250631265313472 -0.0162202509670372 -0.630077563369611 0.273070812277093
0.0158466051739796 -0.0228958125455533 -0.0422960111118206 0.729253799178344
0.0237820137807969 -0.0161661848770566 0.504726234722537 0.264401454004803
0.026307170395341 0.00669616789396033 0.372169389673339 -0.2065683723716
0.00418640381333471 0.0144397693544427 0.111925708823294 -0.303373920145979
-0.0059311977428308 0.00298142480799196 -0.119472139220994 -0.19515921318781
0.0049766957804458 0.00815446428055467 0.0165231229924646 0.163278944470959
0.00485630623760171 0.0445982824341222 -0.206311226087246 0.0789521298235357
0.0253902640704137 0.0335855115155394 -0.357005123032322 -0.168099662809063
0.0184504573071314 -0.0208871359742737 -0.0279370277740883 -0.52348799792604
0.0225864339059273 -0.0361817337297327 0.585064431083421 -0.307968746781562
0.0371387382478594 0.00752571503349033 0.57528828785006 0.270231950968956
0.0217014881327893 0.0869622403645119 0.172772434196351 0.345756697769083
0.0118069946132132 0.0860747408952144 0.0449561238346155 -0.0700507155974574
0.0368646431160012 0.0378882559134127 -0.288781383492092 -0.338968823180457
0.039812600366937 -0.0231191568536034 -0.663841265392103 0.177935333836296
0.0169719052926202 -0.0399501008308713 -0.148247491003501 0.718619163558972
0.027935312996394 -0.0246935841679893 0.473917576391921 0.351680907572046
0.0387300386219525 0.014584807699087 0.404001373165671 -0.14578534497066
0.00526824790838862 0.0252476472996123 0.138749788500475 -0.28696737914035
-0.00985536305919179 0.00210770730791962 -0.1092641366874 -0.195740034164337
0.00345574937813833 0.00615346679225052 0.022132493319872 0.165470901632825
0.0049216289376833 0.046575424990274 -0.199462092725599 0.115537799264138
0.0312319508094973 0.0372401161256562 -0.376702482140542 -0.0854636180692387
0.0202951644690607 -0.024258796353578 -0.146284842772935 -0.487867213048538
0.0227499381673312 -0.0484861178707226 0.477188407605183 -0.433806745038795
0.0510802070967842 0.000829432948746368 0.616486184325977 0.124400091045826
0.040659462436494 0.101617841385906 0.228237096875238 0.329742141185292
0.0167521661113029 0.113100780938011 0.0537041496531449 -0.0351537695967685
0.0457109295949103 0.0612162593197724 -0.228997067226779 -0.362586476371778
0.0534964246711729 -0.0187706099282507 -0.689378445102282 0.0321774992404312
0.0196332296310721 -0.0486214717665681 -0.312731657990637 0.675874768777126
0.0309759921444519 -0.0303607216132109 0.401061431047557 0.464243243712978
0.0442245568727584 0.018454121390359 0.437686729966306 -0.0568962411354597
0.00747340710599656 0.0326932959020822 0.177160928837185 -0.258502499030933
-0.0105900203923413 0.00170369105961341 -0.0927934980368513 -0.197280172363197
0.0022446415559135 0.0031413580895935 0.0334051923156993 0.165748105942372
0.00470727233398998 0.0435123954261016 -0.184286438600892 0.153367356724416
0.0317499597598225 0.0386225019643654 -0.381725461740311 0.00919440477907117
0.0172361674494582 -0.0219292201309997 -0.260170073080157 -0.414414730003444
0.0147793751578379 -0.0558031154234405 0.332149963387223 -0.532006630088101
0.052459424566747 -0.0136039704520399 0.624978225561163 -0.0340888797565258
0.0565851060425823 0.0976014758663207 0.290565684193075 0.301519098686335
0.0164965600107392 0.124539000837905 0.0651677146605694 0.00824330129047827
0.0418232415674695 0.0804522655632157 -0.154200536912098 -0.373360076911515
0.0596628059892279 -0.00031614869960679 -0.680810738161669 -0.138443263705863
0.0259789724919457 -0.0454661768443625 -0.496439753765602 0.580757162822463
0.0310940891895937 -0.0323437671403412 0.281387644555758 0.57626744901773
0.0438217287659932 0.0197899319464331 0.455614256157999 0.0526484192363229
0.0084364691284442 0.0357121693861776 0.217210440716769 -0.219018873295039
-0.011583610205106 0.00184711048368493 -0.077967057569615 -0.20111524818833
0.0154726103148228 0.0111664490104627 0.0276084695126364 0.158826199866372
0.000886753306421478 -0.0213258708414139 -0.181653877664042 0.0893724397924234
-0.0353020058191023 -0.0146489250186938 -0.37209634510384 -0.137096476526484
-0.0285468996530982 0.0188424361413614 -0.121976263907108 -0.499376330939419
-0.0306168273359266 0.0331261671862653 0.506259361745882 -0.387735834823447
-0.0507568392447785 -0.0165429078273896 0.615136478111969 0.191061717011165
-0.0355763173108035 -0.0654632765151607 0.223424669066377 0.362381540422162
-0.027588889000803 -0.0935696486001455 0.0623731330085666 -0.0236856168616908
-0.0632810766525517 -0.0538501114922233 -0.226711435414603 -0.343026244180159
-0.035870272062326 0.0377824419607477 -0.681507629856307 0.0774559203682543
-0.00124912063450221 0.0559800176498241 -0.283422853010116 0.695096165500701
-0.0171416054553097 0.0141235768323594 0.414511146487398 0.419931203542413
-0.0335025661533186 -0.0320654543716492 0.431253973210248 -0.096561696922523
-0.00149850939136117 -0.0314473738438018 0.174600720127079 -0.272923053029147
0.0101379754408787 0.00350876432732202 -0.0949520392565876 -0.205564817613166
0.013634933863938 0.00854922662465762 0.0229655732252686 0.158823576148581
0.000285914341252219 -0.0105579846429716 -0.190248729246097 0.0565548994116624
-0.0245668205101477 -0.00834430472771231 -0.351060139599255 -0.202294701684112
-0.0198097432954844 0.012296592517786 -0.00802200262959196 -0.522261983970053
-0.0276407389966123 0.0168037243854137 0.600833405629236 -0.268998223614009
-0.0385333334822505 -0.0273044310230298 0.569139556742195 0.313131064261131
-0.0208511422998155 -0.0550568724870375 0.168412796088559 0.365618367406008
-0.0231595127292039 -0.0710392978997966 0.0525911588106583 -0.059769468434907
-0.0536709785433017 -0.0348105311919158 -0.283426258064029 -0.325230763787865
-0.0182486201032984 0.0343059883069787 -0.657077752875545 0.205347236656199
0.00869871251492652 0.0416625757561297 -0.133161453990718 0.726960503833769
-0.00817212517816732 0.00860269488899165 0.474782099754033 0.315536667631518
-0.0205055170789076 -0.0234360055508617 0.397479660568316 -0.174656430799023
0.00141502376027638 -0.0225418163409055 0.137217484326207 -0.295827759400838
0.0073995904229926 0.0047658731293838 -0.10942199638304 -0.202824620238802
0.012170284417535 0.00858448678946505 0.0189241000028623 0.159242913198829
-0.000122458719166889 0.00442298311515041 -0.19595854040087 0.0370021791313724
-0.0121470479530954 0.000902344802333713 -0.330329256728755 -0.241100078398737
-0.00858116025506009 0.00486527948002231 0.0727814016568853 -0.524391018887449
-0.0161922312514751 0.00238258197203403 0.648901679836937 -0.178956398602153
-0.0203863029635408 -0.0259643499879817 0.522541888051002 0.390028975200556
-0.0101715748870909 -0.0263920909765965 0.131140035873203 0.363389168249697
-0.0147689365431792 -0.0365651230496354 0.0453107512973041 -0.0873283968756574
-0.0346108002408314 -0.0168785784149286 -0.32020397988402 -0.310430448470523
-0.00212158280130233 0.0208145315659871 -0.628210736414316 0.282691999227594
0.0147432973237628 0.0217855753658645 -0.037127747314245 0.729474464001361
0.00307907729756714 0.00114143015731468 0.500833143150015 0.248748423103252
-0.0050884220660588 -0.0139524251286409 0.368969185299165 -0.218544198900838
0.00203562055423432 -0.0102244452626059 0.112497983977204 -0.307586498705214
0.00302554115207037 0.00635627168472641 -0.121720188064584 -0.200121457983274
0.00988408570523019 0.00867087607203703 0.0156193404046948 0.160496035411942
0.00159753495260601 0.0205586805204364 -0.201778611778626 0.0343856937738628
0.000882714072584802 0.0126411733479532 -0.32428798164673 -0.250230062317603
0.0013450681428621 -0.00466827621700503 0.0988007835347074 -0.525931278069537
-0.00149431120664418 -0.010232673775023 0.663433411853276 -0.150844610437173
-0.0018232011328051 -0.0124010061294446 0.505331255790741 0.407833130036689
-0.00193839227208216 0.0127816800949784 0.119503428617872 0.358792785907478
-0.0054381587905838 0.00462070808478461 0.0400400019424536 -0.0974953599837422
-0.00876516629132214 -0.000319354604928641 -0.334859485457097 -0.306197116225693
0.0126554196023067 0.000887560656955427 -0.617281957934263 0.303990198213283
0.0168317160034691 -0.000968421778816063 -0.00680744289349145 0.728332711248768
0.0150552373459546 -0.00756696398784336 0.509428618403016 0.230433313214691
0.0112373979637087 -0.00259647239206303 0.359324540382374 -0.228304321507416
0.00282131927238938 0.00175558747882743 0.103726889534964 -0.309677712884072
-0.00123299232777027 0.00516320423080617 -0.124243567063707 -0.197383585691111
0.00726110035419833 0.00876395963212256 0.0151332111846075 0.161969970312814
0.00320879564846092 0.03476157977107 -0.206976849543198 0.0496057535291929
0.0142289741797744 0.0240498637093186 -0.332437387542823 -0.225502641154329
0.0119175432862027 -0.0134152278326319 0.0630688183244101 -0.529069463693383
0.0132527348380423 -0.0222677288561698 0.646849517597597 -0.200422297640221
0.0176079448247497 0.00277047022387345 0.526907623339899 0.370082518550621
0.00666959390858539 0.0551880867048317 0.132237530229424 0.354057714788075
0.00337961160190667 0.0480728368074775 0.0402026132731486 -0.0918113896203985
0.0162298506309754 0.0164081527019796 -0.324279183320219 -0.317114163548094
0.0254158456021025 -0.0164725689127143 -0.633432187413996 0.268957153969601
0.0166280513066738 -0.0219794990521833 -0.0465910542260767 0.730167743606771
0.0230625752821339 -0.0160450720303604 0.504153281517272 0.268093889352359
0.0258997313584588 0.00738803960529338 0.373974202597603 -0.205077208523064
0.00330634757234713 0.0153281910840321 0.113708105432972 -0.303358389813372
-0.00638047781168479 0.00400838891858697 -0.119895746400426 -0.19613117424091
0.00494537518717743 0.00788636846185755 0.0158235783464757 0.163420526234476
0.00387875338416642 0.0445285884876477 -0.207007367753271 0.0784163137308916
0.0245321703646839 0.0329605340158782 -0.355629144813396 -0.169566005706922
0.0185489200429208 -0.020712106315668 -0.0246372904540801 -0.525753847975308
0.0227729581246378 -0.0359268250112502 0.589654359462975 -0.307763824204117
0.0369560671121548 0.00784003149227156 0.575020839255379 0.27340140604041
0.0215896704848796 0.0873075200334296 0.171521598535998 0.346486722263817
0.0111154637460964 0.0858852337071858 0.0452325017821225 -0.0700296569730882
0.0361777765006637 0.0377310049829422 -0.287055871108571 -0.342117027125769
0.0392466776619752 -0.0236143346411347 -0.667179494732866 0.173524710112569
0.0173071831579428 -0.0397789791195576 -0.154104051855075 0.718906860817339
0.0294910890368986 -0.0243922843152046 0.47161360635436 0.355575910736467
0.0386142071441837 0.0144863119072089 0.404522235819561 -0.14486790209382
0.00611767698569097 0.0255563380050353 0.140821597086687 -0.286221718365547
-0.00954369511119813 0.00169863705950292 -0.108396632109705 -0.196736322476808
0.00374418082397315 0.0064407305251111 0.0216569982098278 0.165609173754528
0.00450330143739469 0.0469481345706714 -0.201073628685798 0.115311659498666
0.0309816687707646 0.0380668941467423 -0.376144662477252 -0.0867719576652182
0.0204260712906136 -0.0237009573166018 -0.143472538514046 -0.488334547742661
0.0230953257720155 -0.0487431661724736 0.481562906015852 -0.430527187146667
0.0505624134968329 0.000658726684281862 0.615461828013195 0.130260166429092
0.0412925345173793 0.100711935461247 0.227388039451332 0.331230721520188
0.0157654248244522 0.112909368182619 0.0531552251959451 -0.0339514605950857
0.0452964286501641 0.0620425411807835 -0.226944843819646 -0.365204704699487
0.052806954501106 -0.0181821795218163 -0.691258397513041 0.0282486939351752
0.0216815075983073 -0.0486769866706472 -0.318203408322064 0.675629477502125
0.0311471533488253 -0.0307214419418195 0.3970365597089 0.469527827669598
0.0445547848007978 0.0184535063425241 0.438142048130284 -0.0538738941519488
0.00789327403554182 0.0328477685179787 0.178175731253104 -0.25839816318988
-0.0112508181994173 0.00186086555155334 -0.0928670163611536 -0.198215354797112
0.00273378896560119 0.00415743470563805 0.0325161008966718 0.166054939035137
0.00440268047774299 0.0435865440910681 -0.185697887690317 0.15345589502873
0.0315197933422059 0.0381872443118718 -0.382210831056142 0.00767691239611573
0.0175400427446812 -0.0228650256081858 -0.256215676208667 -0.415025500266849
0.015096436561248 -0.0558437304668954 0.336716221460276 -0.531624674266011
0.0520695591149447 -0.0134687115913404 0.626381920886461 -0.0312788998369532
0.0567489691399937 0.0979850411124551 0.289806419216396 0.304028911749679
0.0161052681806095 0.125399359657034 0.0648271978320049 0.00867218912875629
0.0416866769956935 0.0816310165509146 -0.150396206869585 -0.375150275252991
0.0590865347091052 -0.000462225147139337 -0.681074758661915 -0.143425967023681
0.0262346538036847 -0.045647766588678 -0.499684111904206 0.579285294091877
0.0312530529718611 -0.03234315409665 0.27722318133058 0.579533429963866
0.0440366729447097 0.0203089157262623 0.455663131486704 0.0562575078576048
0.00882111849612054 0.0364007246107029 0.21698706677198 -0.219663445034312
-0.0113192102360224 0.00154896838458132 -0.0773863837259235 -0.201533293795682
0.0153173270206413 0.010272581999498 0.0273459254148658 0.160484980672821
0.000565324305881831 -0.0222898285069631 -0.1833042645774 0.088460928011411
-0.0351782600122947 -0.0149965059270397 -0.372523483160735 -0.138073302164495
-0.0285067913506058 0.0187934767794685 -0.119724905135149 -0.500783805420449
-0.0315924260549762 0.0335902644876131 0.50978999659653 -0.386783006895509
-0.0519863393169881 -0.0161437270170567 0.616275567700852 0.194590132402702
-0.0354565152388386 -0.0665040953190264 0.219518954880823 0.363970939985861
-0.0270213238792657 -0.0939018635405883 0.0628336604661812 -0.023666068469507
-0.0637311510984026 -0.0542376070483314 -0.22371169363842 -0.347198481005305
-0.0360090651329941 0.036698286071406 -0.685353982720355 0.0753930254992848
-0.000935722130541347 0.0564589050064529 -0.287988229571963 0.696406328972925
-0.0176065528445628 0.0140992944465432 0.412781743052991 0.423137750634965
-0.0337416333200628 -0.0322344510164605 0.432228589712491 -0.0946518793019229
-0.000995047502472462 -0.0317180107704781 0.175433155558073 -0.272851551479788
0.00990126312726159 0.00312646737019357 -0.0935031313789144 -0.206512981247521
0.0139104620792129 0.00886079307553381 0.0230777509913803 0.159219166779544
0.000402243856772086 -0.0109052661458971 -0.19212711300441 0.0562419583039946
-0.0252949719534648 -0.00915033875130512 -0.350254161111823 -0.202635423412112
-0.0197136074678522 0.0124379070321745 -0.00581981767227179 -0.52206658580061
-0.0273209821229335 0.0164095901533754 0.604782240938653 -0.268027854642521
-0.0386888120177907 -0.028894745049082 0.568542014662989 0.318572521584728
-0.0203602623623443 -0.0558941510509428 0.16476462580861 0.368207253369948
-0.022444384341118 -0.0716593028562657 0.0538386873925287 -0.060317921043189
-0.0538095776270602 -0.0349226085442018 -0.281820105228213 -0.326234524440615
-0.0181972306337414 0.0343347129150646 -0.660094970260762 0.203214849373381
0.00925707734288141 0.0417665577640742 -0.13768544261473 0.72999252075305
-0.00812734745973174 0.00890204704896039 0.475268479115141 0.319087472798829
-0.0217457109222858 -0.0239981065415192 0.400028556611439 -0.172522467681148
0.00143145165903019 -0.0224685312333975 0.137774908902326 -0.296567092994073
0.00743683878047415 0.00475354466701341 -0.109604536439878 -0.203818730183496
0.0117682814454868 0.00740460162555514 0.0190971669670131 0.160672342013657
0.000733104426690968 0.00402529265247556 -0.198651282401926 0.0372016595831007
-0.0123091190257581 0.00109748363360983 -0.331017338088148 -0.244503107072646
-0.00942618849501586 0.00520673458985211 0.075674725542966 -0.525726660596278
-0.0162530253615284 0.00193442468541635 0.652977592657258 -0.176553285836568
-0.0208939915589237 -0.0263383049213374 0.521924661975079 0.394606748186524
-0.00968603401891086 -0.0274821581774601 0.129198503768392 0.364306556455189
-0.0147602020836398 -0.0371212449250907 0.0464108343531388 -0.0874757727387793
-0.0339151506648149 -0.0174385175497678 -0.318833913861909 -0.312724126092767
-0.00196259386212835 0.0208370648115814 -0.630630391922191 0.281220741721879
0.0152761750538448 0.0220161378537926 -0.0406790622001381 0.733455214161495
0.00326294959467288 0.000591552818185388 0.501395225015319 0.252357460261602
-0.005591149710614 -0.0139875105528234 0.371543495037811 -0.218787770794691
0.00210272055488008 -0.0106744526224686 0.113331534902579 -0.308322045490448
0.00262898939739747 0.00529968220709353 -0.120614929533537 -0.200554682554105
0.00941831639333692 0.00822323843764392 0.0158577455867851 0.1613476378738
0.00165698292988357 0.0202347274404032 -0.203408579074492 0.0341820003318071
0.0013633385975231 0.0130891978586655 -0.322434212978869 -0.25176837778296
0.0023512776335829 -0.00404598895756049 0.100245499889604 -0.528029733730587
-0.000795798986511364 -0.0102554489170255 0.666956929306609 -0.148205422306803
-0.00149203778153389 -0.0130156936947081 0.504566467143536 0.412038441536032
-0.0018301338218274 0.0131007267823116 0.11636781023192 0.360040372002459
-0.0056693545752343 0.00410759392349322 0.0409577956293913 -0.0980302507673783
-0.0085804938670582 -0.000851937659412936 -0.333950272755028 -0.309150670214501
0.0118336704697545 0.00131953763772433 -0.622564209139547 0.303554275039992
0.017283757748296 -8.39206358452986E-05 -0.00839865623582165 0.730524913437555
0.0144543975430234 -0.00704936422906602 0.509498526686441 0.233081431447846
0.010839878225804 -0.00270258229117084 0.362209129261671 -0.229145435062947
0.00233182170530834 0.00253406989575394 0.105492197770839 -0.310939917977214
-0.00173521018049534 0.00540154182742675 -0.12490492916512 -0.198556598831774
0.0070263863415566 0.00869743452980422 0.0143340731680251 0.161762556038146
0.00226745711295942 0.0355028435668794 -0.208311333239791 0.0484286730170214
0.0134610305096499 0.0250533414502737 -0.331917675190561 -0.228265416108133
0.0114943997704929 -0.0140249800343933 0.0673616549204257 -0.531359385067403
0.0134956764652346 -0.0225544098733578 0.648615429510279 -0.198837674299397
0.0174351078595211 0.00345939224523266 0.52688616750972 0.373667131025967
0.0061512709343778 0.0555371830815398 0.130115546643784 0.355045258709697
0.0039193022465063 0.0479055318981055 0.0412141826398722 -0.0931328540136071
0.0164622040704809 0.0176817905722963 -0.322965652728589 -0.318628317878955
0.0261467291610962 -0.0156924278735717 -0.636615786779716 0.266173239382647
0.0165443099358855 -0.0222355480950525 -0.0505825132644679 0.731848021603683
0.02415231162955 -0.0159399287063641 0.503264882756749 0.27206547760706
0.0272047560964096 0.00747859582685022 0.375392399957584 -0.203781223836688
0.0042615047643044 0.0149519409081469 0.115184902688472 -0.303473711992739
-0.00655033127792836 0.00357954460718661 -0.119668048114839 -0.197470878696038
0.0053301266678689 0.00796727244700401 0.0158681085456422 0.164036473590609
0.00384218804820152 0.0444309102680951 -0.208400763404756 0.0778490994388618
0.0243097617809609 0.0340931251236962 -0.355387006979107 -0.171858538127083
0.0189336566357641 -0.020141612676257 -0.0244563781358648 -0.525491918112466
0.0230577576242149 -0.0356001255695183 0.5925708916892 -0.304698400518024
0.036700678356991 0.0083235909508297 0.573787086017604 0.277038749771304
0.0216574258385325 0.0873014335385869 0.168995042079851 0.34898472981588
0.0113795691267375 0.0860858397405634 0.0453132246965229 -0.0706915209329599
0.0360925840584435 0.0386561204567919 -0.285067500335094 -0.344885667372428
0.03986926304772 -0.0231053153038597 -0.670038634549171 0.1718739887631
0.0182429520191236 -0.0404973113798208 -0.157892932296658 0.721422038531239
0.0296380222543781 -0.0246792792529389 0.472067806647898 0.359174861704854
0.0386081258127396 0.0145332202556705 0.407352472370358 -0.144487408620978
0.00588884730849558 0.0263690905942971 0.141811191299471 -0.287230448651974
-0.00896681646892424 0.00260638337737235 -0.108262695564115 -0.198517931394073
0.00281729364332453 0.00589490033536409 0.020932157838075 0.166380993938943
0.00466629038090943 0.0480547582294523 -0.203223591425652 0.11528638325701
0.0308958187125021 0.0380227403711708 -0.377326246057981 -0.0886419019748516
0.0202911655157001 -0.0244144596325157 -0.141746025299517 -0.4913216843701
0.0225773086692399 -0.049542730514354 0.484766097111995 -0.430568875481694
0.0504123543715648 0.00127514870885509 0.618583711645548 0.133689955995684
0.0415061942261074 0.101339015489123 0.224527830872682 0.333044480869169
0.0156470822561161 0.113857618634194 0.0533914047808816 -0.033898367898085
0.0449432216311078 0.0625702013766725 -0.224200277644093 -0.367435041654014
0.0528403992702278 -0.0176933109682077 -0.694392868000152 0.0251317965875396
0.0222972311200885 -0.0487970001565536 -0.322915133501987 0.678890484662286
0.0328711841395495 -0.0301812147507706 0.398251174774821 0.474065740453364
0.044556040563195 0.0188775424744537 0.440383564572126 -0.0538387610061673
0.00677235269153626 0.033403034162006 0.18030109902934 -0.259175147292525
-0.0116039080074921 0.00164125421877447 -0.0930904884880953 -0.199942047097041
0.00282727414756742 0.00297555168154195 0.0332655305832667 0.167010841196621
0.0044132267827682 0.043730221714725 -0.188010739931436 0.154362870607777
0.0320170701834896 0.0387683617858841 -0.382081778351432 0.00615736107714076
0.018176381257462 -0.0228891062232028 -0.256687313331993 -0.418473609858038
0.0151591147774416 -0.0550326324004224 0.340274255557706 -0.532841877637347
0.0512762503225638 -0.0128350469876923 0.62662182671839 -0.0275294925881945
0.056545392333303 0.0972756685554839 0.28734112606107 0.307032395655002
0.0155549500240526 0.125169637186662 0.064875065281821 0.00874172981158935
0.0401718265060593 0.0816140975889323 -0.149590228129212 -0.377111614040952
0.0589574591197976 -0.000597664107110376 -0.680832314046523 -0.147846963989199
0.0269012603981186 -0.0454302782986114 -0.505326111127041 0.577699494667554
0.0319252058403385 -0.0326959382203589 0.276823213326456 0.583524021708718
0.0437334134940588 0.0198950838425359 0.458730542232926 0.0580927454671912
0.00851141042155446 0.0361581492505478 0.219359206718557 -0.220664631855788
-0.012010274063058 0.00186093031061227 -0.0778486320342886 -0.203097675100506
0.015736967231243 0.0102267316933914 0.0273016866647943 0.161499524074623
0.00133507369691555 -0.0219725882241795 -0.185164355466806 0.0880612163353923
-0.0358802988119113 -0.0160540729657993 -0.374025359886582 -0.139819344058029
-0.0288431708570001 0.0189634593933312 -0.118519269009963 -0.503713257939946
-0.0322123520972742 0.0335381944681922 0.515542389159373 -0.387635879038742
-0.0528960932977478 -0.0172446298627781 0.617875114461972 0.196819911510822
-0.0340741536897384 -0.0664322611751921 0.219013029746495 0.36661094457555
-0.0265237106368805 -0.0941329617789106 0.0636771760969186 -0.0233740999092057
-0.0643827153796573 -0.0545059619848048 -0.221105187219593 -0.350210973593647
-0.0363339770044123 0.0369847732017864 -0.687184085868309 0.0709113570626889
-0.00184564122935727 0.0567096890422156 -0.289337693745213 0.70160651200561
-0.0187351950580269 0.014915871338588 0.414234740702767 0.427419579000733
-0.0343449943030453 -0.0324835282949644 0.435425422888038 -0.0943818589437742
-0.000628362525055961 -0.0318515773028345 0.178276221905619 -0.274558219651152
0.0103232802348717 0.00311917174944837 -0.0945909405350346 -0.207236209348745
0.0139717866441111 0.00802404752498668 0.0217187808403321 0.161253262060152
-4.2788744166535E-05 -0.0117238948669828 -0.1927091596779 0.0561863564929255
-0.0256182876838969 -0.00852640371281044 -0.352986061682397 -0.205549602579401
-0.0197424601089514 0.0130544562340447 -0.00209428811187231 -0.52581398944179
-0.0275192385848523 0.0165955583738449 0.608608118566762 -0.264752162956727
-0.0387300562620024 -0.0292329869433956 0.570336630936 0.321166653858718
-0.0202012385090205 -0.0558901290030665 0.164744418680286 0.370568313125611
-0.0218445134870903 -0.0723012510413317 0.054382501962439 -0.0601812346759437
-0.0542196012522394 -0.0351675560118664 -0.281189219394201 -0.330770076186781
-0.0189442606649236 0.0338214650615642 -0.663844517094569 0.202262902712567
0.00944595738758056 0.0427034163076831 -0.141539667314149 0.731468286022008
-0.0090203092836216 0.00914531832882694 0.476133736085182 0.323041662647022
-0.0210977239412904 -0.0241668230959776 0.401955742039118 -0.172622307212585
0.00116661412154413 -0.0225426342577275 0.140316613407386 -0.298532508675658
0.00759094694347619 0.00474847705765666 -0.109234288039063 -0.205103142573402
0.012704573093825 0.00761536947231671 0.0188070802286784 0.160926939277463
0.00015083444092796 0.00375954676342263 -0.199229094319428 0.0361945578420869
-0.0128835994672551 0.000814191435668058 -0.331568656344956 -0.244644877292928
-0.00870194151321376 0.00383532463621243 0.0771161579498477 -0.530026434098335
-0.0158586841375953 0.00174846413516397 0.656984795523785 -0.174592891941747
-0.0209690074733109 -0.0265981698291675 0.520833392925944 0.39750780971369
-0.00971997716443825 -0.0270705442742037 0.127996549400252 0.366192210170754
-0.0138700266088463 -0.0371267785583168 0.046304673359579 -0.0875803551967564
-0.0342889594622113 -0.0166172532957333 -0.319142249833333 -0.315645534248751
-0.00273635525527376 0.0200291994211399 -0.633872681790379 0.280066578300626
0.0154600989115861 0.0222950726857125 -0.0428435765859827 0.736585944149255
0.00335413392183065 0.00179979841784792 0.502389327398824 0.254493716621024
-0.0056258455622377 -0.0131963191713963 0.373347763940731 -0.22005776067546
0.00229355551102773 -0.00993124011542226 0.11447550499637 -0.310676196511254
0.00268145482543474 0.00516997724711969 -0.120817803288562 -0.201509686573929
0.0108384551311732 0.00753323699059584 0.0164111663915364 0.163241715540874
0.00134996446982905 0.0204723801838094 -0.203987956680235 0.0343715173360843
0.001294177884229 0.0135245814805247 -0.323016520026861 -0.254359608598978
0.00159862926727446 -0.00469313425909173 0.102875700673645 -0.53080841023131
-0.000930400045623147 -0.0102517948020101 0.670894613038742 -0.146724506803022
-0.0026334752295591 -0.0126382577420639 0.504558676121794 0.415860143407326
-0.00173136597654414 0.0136148834458374 0.115658977918637 0.36122553416955
-0.00524647528611112 0.00442899775469403 0.0409797930136227 -0.0993547741238959
-0.00900057248851853 -0.000413209705562567 -0.335020186146396 -0.311115767598949
0.0125872914679612 0.00152735690347572 -0.624269818978288 0.302600171192116
0.0177523118507941 -0.000420838643860543 -0.011952926330321 0.736131050724949
0.0147803522302062 -0.00739950356288948 0.512721972922922 0.236967388169112
0.00970988366402048 -0.0018568910608393 0.364804511971913 -0.229363944250299
0.00364979749466371 0.00310559435057506 0.105702104333629 -0.312365088000618
-0.00165987030999073 0.00453649277907738 -0.124968268548765 -0.19924905179702
0.00808672369207931 0.00854039749212244 0.0143621776794499 0.163586896108906
0.00289615506563975 0.0356514354251778 -0.208960795487974 0.0483922567450891
0.014342485153163 0.0257893852005272 -0.331836718378612 -0.230615786521608
0.0116174905092306 -0.0137543199589288 0.0692089177523857 -0.533572961678757
0.0128447173894062 -0.0224928270788144 0.651758729547542 -0.196748445775201
0.017442935393525 0.00328505675411668 0.527701927465834 0.378038551944152
0.00752870610375042 0.0559348130675388 0.128863618165994 0.356140210402044
0.00358394440574201 0.0479137817952856 0.0424319925293888 -0.0931363157453203
0.0165591924643818 0.0177948274033595 -0.323437487022879 -0.321626732665539
0.0258389001932772 -0.0156967826758486 -0.640087898409043 0.264668059406139
0.0176410981714246 -0.0222727077779782 -0.0517788966579382 0.735082496104806
0.0244789525105167 -0.0163334623351695 0.506024230977138 0.276010533817471
0.0257855328784607 0.00674112841323791 0.378035321325303 -0.205156468869575
0.00322901515112121 0.0151644007814626 0.116912872179213 -0.305497828037102
-0.00614932126635078 0.00325161724843868 -0.119175451812698 -0.198628256860717
0.0051501575371948 0.00786038838340715 0.0161771725571245 0.164873130185634
0.00347565831295488 0.0449205983468468 -0.210010343274506 0.0780463077551289
0.0243456954752672 0.0342694788784723 -0.356311877916809 -0.173745752197425
0.019027805690518 -0.0205520716817048 -0.0217935639888963 -0.53061878563968
0.0228354431624643 -0.0361214149387354 0.596053452780738 -0.302440966064419
0.0354875361125539 0.00940451440856319 0.57601285018176 0.280154015848529
0.0213308030586127 0.0875221491322994 0.166672419525549 0.350767446124334
0.0104610796877077 0.0864523576001548 0.0459855551440997 -0.0701491405319968
0.0359415701257274 0.0393504932821409 -0.286032245965148 -0.346839730435269
0.0399400365789658 -0.0239459181480654 -0.672961834996678 0.170197260127131
0.0184441593230036 -0.0407362992337113 -0.160809926164142 0.725330894825973
0.0303301816463353 -0.0244218492289686 0.473635989914835 0.362758392222081
0.0387083503398698 0.0155480730600388 0.408634079351755 -0.144892471356815
0.00683633113949159 0.0263489213775683 0.143402374259115 -0.289171863433182
-0.00985954658580433 0.00247563063742191 -0.109164550678376 -0.198806626869533
0.00302879789734486 0.00511602800119819 0.0210379047286421 0.168251226880585
0.00414898014558236 0.0472394963500677 -0.204083049065183 0.116279650121376
0.0315811120329784 0.0382657191440249 -0.377613754712238 -0.0895290955468828
0.0210264820208247 -0.0235537559793037 -0.13972189374688 -0.494570160339413
0.0239189989761645 -0.0487122835634468 0.489019212001142 -0.433058968368455
0.0502846486287609 0.00181131182615923 0.61859822190887 0.135563309873492
0.0414581206140396 0.101631808038457 0.223861959760425 0.335791433979932
0.0154684601188282 0.113197130638468 0.0551712350108766 -0.0341230126393373
0.0449732543507125 0.0631653176119638 -0.223478545683218 -0.370020860391576
0.0539701433899714 -0.0177808879335104 -0.695938185148936 0.021755350425299
0.0217859744727332 -0.049423788920639 -0.326217412917352 0.679988667464614
0.031971422202539 -0.0306467983949351 0.398821722534803 0.477597230118109
0.0450974228353303 0.019374008064713 0.441528125162613 -0.0522879448214089
0.00772759352495397 0.034418378175791 0.1806817049515 -0.260054930908769
-0.0114059057007204 0.00230964829020005 -0.0929294649409808 -0.20171670647906
0.00267076213268717 0.00307249573150487 0.0327252118018212 0.168343330647028
0.00372763503369644 0.0435417944002622 -0.188850886486947 0.154453876540763
0.0327587769920344 0.0386239593536465 -0.38423276169473 0.00589460436478321
0.0176378831931244 -0.0228117171478276 -0.255257674439806 -0.421633061886154
0.015431003605618 -0.0562238377608126 0.343326409578764 -0.533545286496915
0.051974608565437 -0.0127500764747645 0.629482384090916 -0.0259909500181245
0.056682655302645 0.0982927076966103 0.287454274778754 0.309528476675533
0.0157936132956793 0.125371386467289 0.0649142578028761 0.00798788579549737
0.0404658814587189 0.082653314389686 -0.147606749835873 -0.380571648763316
0.0596772924673079 0.000697386361110046 -0.684260893866181 -0.151440754118555
0.0266052228420911 -0.0462103660122425 -0.508266933270818 0.57962047136084
0.0324324874690434 -0.0320006903816844 0.276005039391624 0.586050181724519
0.0448121686608169 0.0204641246009285 0.458370802413389 0.0600077434575846
0.00899863119940034 0.037521056193517 0.22111710380421 -0.2209706293253
-0.0116483537443846 0.00231517897589215 -0.0782783943304025 -0.204292612000267
0.0162580350551486 0.0104991703285285 0.0291945239613815 0.162176911558207
0.000416193736877409 -0.0219613433030336 -0.186431774724905 0.0882542002413448
-0.0355731032957193 -0.0153282847163185 -0.376845589184267 -0.140921039163958
-0.028330236434787 0.0192783980096877 -0.116718930754863 -0.506936018472599
-0.0311687217008665 0.033661070723817 0.518595585047598 -0.388190971617449
-0.0528528015840342 -0.0178605978181439 0.620040170544323 0.200539335870055
-0.0343097485931987 -0.0671163935150867 0.21792902069342 0.367900377373271
-0.0261191196597498 -0.0945475020356153 0.063093258369485 -0.0245650597134395
-0.0644570059213257 -0.0556468925385787 -0.223737638051134 -0.351833700005218
-0.0361520323719741 0.0365068750545061 -0.692867365946725 0.0709476925115518
-0.00153042827867051 0.056472518766453 -0.294687655511872 0.70392422449606
-0.0181249453529057 0.0142997490874539 0.416438545642953 0.430673675783016
-0.0340582335661619 -0.0329459235250044 0.438791086511082 -0.0933987300629811
-0.00107237021600935 -0.0315248709789342 0.179635173466751 -0.276107518037646
0.00975300841559904 0.00270088291658751 -0.0952564605577818 -0.209755633408519
0.0145155361947274 0.00784235609699279 0.0230426976920368 0.162305568828265
0.00069465005145668 -0.0118527163637012 -0.194502306062033 0.0553123723844998
-0.0261223862641762 -0.00920479454677376 -0.354440428138499 -0.208633839912692
-0.0199270513213822 0.0132593778655246 -0.00204091250941764 -0.528893042450318
-0.0273130677709519 0.0170651719174226 0.612376498010059 -0.265373335902946
-0.0391786725196825 -0.0298339795227451 0.570813134162598 0.324589810785011
-0.0191431113943049 -0.0563159277954818 0.162625716003455 0.372993471263755
-0.0211804330418742 -0.0723613865240662 0.0547284062614214 -0.0610522813820823
-0.0543041726376528 -0.0356895677237639 -0.282843872485631 -0.332897285511505
-0.0184522837829331 0.0334380134136984 -0.667569284816679 0.200923259594876
0.00932722212544795 0.0429541611222058 -0.1432869553965 0.736810408287575
-0.00829507256664532 0.00894538143006518 0.478028102279763 0.326298885945844
-0.0219208068656685 -0.0245402731502507 0.404088260160662 -0.175007105366263
0.000392995766602192 -0.0219306563830896 0.140532971932969 -0.300869382233125
0.00791950571104739 0.00511853343075687 -0.110256600816947 -0.206330165326396
0.0121159339742641 0.00762244917522419 0.0193003732582188 0.162702727948142
0.000601942668659983 0.00304294796796453 -0.201015847428595 0.035936739652053
-0.0125916240995823 0.00109559802632811 -0.332129369606382 -0.247031964555683
-0.0085344680535457 0.00495336127732036 0.0792961702863671 -0.532814545507218
-0.0159758882302471 0.00181773052746613 0.662172928079054 -0.174770844701011
-0.0212724368506545 -0.0268275123455628 0.522052938468016 0.402262293555079
-0.0083414439260978 -0.0271094800097602 0.125461334089002 0.368496056405887
-0.0137954673306765 -0.0390976202608445 0.0468542395892443 -0.0882450520531185
-0.0344016915307208 -0.0172179829901082 -0.320433933458693 -0.319467832720237
-0.00214631397830895 0.0207108926467448 -0.639328493832456 0.280889471713505
0.0156468815141718 0.0227939401124495 -0.0451362162597251 0.742147669891098
0.00349557254701825 0.00115884635888737 0.505663954645668 0.256144674864387
-0.00650823285636031 -0.0144970699522511 0.375465672949773 -0.218886817943115
0.00245406092178222 -0.00972255627985071 0.115715843083157 -0.312308359192251
0.00307471946692697 0.0058709207772957 -0.120828001631564 -0.203549028006134
0.00966314300909366 0.00715920876505112 0.0166398451114364 0.16303892084911
0.000992460204937983 0.0211667189800002 -0.205487164374284 0.0337457228566696
0.00137667378868642 0.0130884694199799 -0.324327969679561 -0.255040708608982
0.00228449165728856 -0.00447779996631693 0.105290637709851 -0.534740603668892
-0.000999336522904119 -0.0105560407464598 0.67614280570585 -0.146751871102417
-0.00279925739336745 -0.0132101611261448 0.506315096638428 0.420867183965403
-0.00147455504965969 0.0129446667625964 0.113521575053424 0.363231175210016
-0.004943616759991 0.00465478921395921 0.0430998575855048 -0.0997280063283771
-0.00966787042791024 -0.000789708082083801 -0.337071932199962 -0.314997787463046
0.012686492499709 0.00107611621608597 -0.62830060840735 0.301125071908412
0.0182195788144649 -0.000237893349271537 -0.0132474599790932 0.739388338578968
0.0149487782564011 -0.00683336428818444 0.514193294944694 0.239322163549028
0.0104655669720068 -0.00199992117657948 0.365544076481865 -0.229769078281168
0.00334925769333014 0.0030674033436497 0.107123454406892 -0.314458075840555
-0.00178113154105739 0.0042092828120856 -0.12542241775811 -0.2008557836076
0.00746287936013155 0.00791414270210084 0.014747828352208 0.164682371907503
0.00314073326787239 0.0358154652023415 -0.211019038094604 0.0488832411946717
0.0134224169856717 0.025823405158559 -0.333430752920156 -0.232462736940777
0.012430539187832 -0.0132105910745886 0.0688851757020998 -0.537884888863931
0.0138212404740388 -0.0225288437180561 0.657621216437516 -0.196937875765622
0.0169082059028617 0.00315213515809537 0.527601505850552 0.381043394468318
0.00696355359544484 0.0553473781111176 0.127862640711579 0.35881713362817
0.00414173997681712 0.0471926245972513 0.0422790505529149 -0.0939305498990711
0.0158488360111933 0.0176163807391343 -0.324765220224768 -0.326125164636275
0.0260918639974074 -0.0156250067561085 -0.644367471911757 0.264280084208175
0.0179077936999099 -0.0235461060135577 -0.0537083006588369 0.741437575398097
0.024171771844999 -0.0162775335565142 0.50773125162842 0.27688764562885
0.0256726231385428 0.00741423084895613 0.379371449277717 -0.20541726712209
0.00469809330446395 0.0152981763034071 0.116988232441331 -0.307108463061699
-0.00595902947085288 0.00327435604313205 -0.120884704125221 -0.200538473840966
0.00509814343656974 0.00712107858941182 0.0163339434048747 0.166722913250029
0.00395248553096453 0.045454631085325 -0.210831316889708 0.0790185925723858
0.0248686156836541 0.0337922763852759 -0.35650516524497 -0.17444205607676
0.0192231123061062 -0.0209314293659214 -0.020897904524554 -0.532989707039507
0.0224654992385949 -0.0358062625891405 0.599543880816689 -0.303961481105282
0.0360567696109404 0.00906236952025106 0.577916885103601 0.283011882507947
0.0219979846781601 0.0877380734324397 0.166314581687287 0.352748038599763
0.0110852919553809 0.0866993283589449 0.0461903144991716 -0.0703176225300863
0.0361781107585856 0.039481077882701 -0.284913686548171 -0.35081422105771
0.0406573992712107 -0.0238489231051292 -0.676453567524773 0.169813490400737
0.0185578282536969 -0.0402784569546258 -0.163876012338139 0.728471931154602
0.0296202798905407 -0.0248147387134663 0.475481380616201 0.366515349049639
0.0386871629922225 0.0149132853603296 0.412378936003457 -0.145939734584985
0.00581372925791986 0.0263801971051201 0.144463463370797 -0.290752005805371
-0.00996337849798293 0.00254460563810506 -0.109054669162107 -0.200876673324199
0.00338033081767319 0.00566363238504514 0.0217558544278872 0.169025152914987
0.00467192726143187 0.0475824010521205 -0.205349304798672 0.117880171599172
0.0310332675173117 0.038941564454823 -0.379457486731691 -0.0909522325961886
0.0213723292499355 -0.0241458283412154 -0.14070386663307 -0.49732873277409
0.0239864902354429 -0.0499984329338823 0.49249270907583 -0.432308769313453
0.0499355787810974 0.00221945006526816 0.621500088458735 0.138662157256008
0.0416552072110699 0.102306903739587 0.223119935730675 0.338693086124254
0.0154075903601267 0.115108153834144 0.0546418064522664 -0.0343412652610859
0.0449659937139879 0.0636337293281059 -0.224272428452889 -0.37418839041493
0.0542052396851663 -0.017902721668132 -0.700965700204199 0.0190800875012441
0.022362399632278 -0.0498594536330608 -0.330358674341604 0.68515224621183
0.0328914766206111 -0.0294983274900225 0.400361508782867 0.479847772410877
0.044908258320716 0.0192844707563785 0.444137392586691 -0.0524200995102815
0.00808890913422314 0.0345415230544958 0.181583094254278 -0.261850504903883
-0.0116281028566031 0.00230095553410324 -0.0937826392370218 -0.202958951131614
0.00318084063454332 0.00262290965613104 0.0332889436442343 0.170648061705848
0.00367932011269265 0.0442407380394177 -0.189759163102158 0.156217851295516
0.0323545209880177 0.0390272494083677 -0.384958755108263 0.00584845525210296
0.0182541639386687 -0.0225449604933461 -0.256673379108081 -0.423987683112421
0.0155461127359956 -0.0556503279217569 0.346313965876608 -0.536677435766872
0.0517138759128321 -0.0122195498517044 0.63346365167358 -0.0241320796910429
0.0566257473158972 0.0982530191358618 0.286891590639259 0.312291416723173
0.0153131501474747 0.126705700042589 0.0649170341960426 0.00946820269066656
0.0398551489867805 0.0828203725191379 -0.146671149875437 -0.382545508525224
0.05958138110726 0.000528973714899166 -0.68718986648112 -0.153900704843736
0.0269577525553189 -0.0468957755435053 -0.513871011020061 0.582604144867326
0.0322042192163459 -0.0323583945935056 0.27738286847278 0.591672980098626
0.0448724975471027 0.0203602317630962 0.463323112255576 0.0599393423888776
0.00816851878945872 0.0375083781888831 0.221607924718517 -0.222072166882685
-0.0127024692340728 0.00285931679129488 -0.0785486476820138 -0.207050666007649
0.0163162619802191 0.00969359360436092 0.029824790445829 0.164719608102831
0.000855226192146464 -0.0221594547086591 -0.188826429902506 0.0890665796760117
-0.0368518652621452 -0.0161892321860862 -0.37924646701304 -0.141486209966178
-0.0284808862887901 0.0193274629107104 -0.116759332272337 -0.51033303150908
-0.0317381554889496 0.0336843013886539 0.522811104614209 -0.390804785759822
-0.0537707654539637 -0.0178248003229145 0.622749516731376 0.201389246208327
-0.0340278676049792 -0.067388043527803 0.217785278651917 0.370477321567696
-0.0266594990300835 -0.0951026174648488 0.0638916903699999 -0.0251126777407341
-0.0646877912757314 -0.0558056153490833 -0.223256919770816 -0.354111948097288
-0.0365815968712387 0.0367920309165835 -0.696040592254082 0.0684371343218771
-0.000935853960923647 0.0570194090921513 -0.295668686187681 0.709988517049104
-0.0184187061115868 0.0136540324417118 0.41694470777999 0.432444379998619
-0.035312256556882 -0.0340419136434554 0.442128979650764 -0.0941286907699783
-0.00102883946821958 -0.0326438886596713 0.180422897988469 -0.278458694655249
0.00956985532712893 0.00260294244043434 -0.0964834471556938 -0.211172735880554
0.0144251919135386 0.00795081455894837 0.0241753678798509 0.16417219842844
0.000260038086222837 -0.0120963178252079 -0.196656713386003 0.0558858038433308
-0.02601667222815 -0.00936228542497971 -0.356443567112804 -0.207620382199636
-0.019186875468896 0.0131930269106612 -0.00119401270125089 -0.533056348192936
-0.0282334999127204 0.0177449289772742 0.616530405404746 -0.266957173653899
-0.0401049480004878 -0.0305154943480443 0.57377028728634 0.326294671322764
-0.0192145610271523 -0.056178021427598 0.162596958838869 0.373811419382995
-0.0208330975865299 -0.0736442676686298 0.0548160487481773 -0.0617900267778969
-0.0550065336903595 -0.0356761971485456 -0.283660141906011 -0.336868611276366
-0.0193988306674579 0.0347666979513493 -0.670745101540436 0.202054214044612
0.00960113084814083 0.0432779528650397 -0.144674583420715 0.741100993064585
-0.00831471423888288 0.00850370448828059 0.481693538631283 0.329480423218262
-0.02279761713514 -0.0254036719685911 0.405779312644142 -0.175703151538119
0.00210964373516838 -0.0225686717102768 0.141957846923964 -0.30207221689266
0.00739114895708162 0.00485768604717495 -0.11175401489278 -0.208572291734521
0.0124397488983333 0.00703179884006474 0.0206774849108339 0.163972230488759
0.000189551081572638 0.00302149659258132 -0.202822851399475 0.0362223858558398
-0.0124259266545548 0.000564737861697568 -0.334226503012677 -0.2485656254062
-0.00869344462763537 0.00484497057145555 0.0821497482538579 -0.536010504859021
-0.0163264830216521 0.00211059952233272 0.665981383922996 -0.172866989613623
-0.0215384751546117 -0.0277876707627901 0.525688866688866 0.404433181162507
-0.00810012564791067 -0.0283114494906989 0.126005351938127 0.370045211783407
-0.0128438309554724 -0.038749219050897 0.0467428752456812 -0.0894424289865915
-0.0351059892699327 -0.0171323799040907 -0.320058013926472 -0.321012838017694
-0.0019798731242432 0.020147354107969 -0.643185270680282 0.281339216172448
0.0164098411088605 0.0229672376006927 -0.0448400677994352 0.746947747865785
0.00340241780741764 0.00145625813031926 0.507923873310269 0.259249643082041
-0.00715186284562581 -0.0134588724348899 0.376845332029721 -0.22057139700615
0.00184782060097582 -0.00997319734075477 0.115972358856244 -0.315257019363117
0.00358835937802045 0.00483415070119866 -0.123577127356553 -0.204711687406437
0.0101874349601558 0.00729319942099901 0.0168350187964088 0.164314272700457
0.000903129477121981 0.0210269652892643 -0.20782231688746 0.0352468551697506
0.000960531039297692 0.0138127059877854 -0.326213299852746 -0.255648944254488
0.00231737492775172 -0.00463577207282276 0.106850399088446 -0.537803961913672
-0.00102910187292645 -0.0102525032564208 0.679614962003483 -0.148115175671966
-0.00259059496044523 -0.0129830115913317 0.507931759254314 0.423063447986003
-0.00184557139396362 0.0139314314457951 0.113921372513756 0.366804648668653
-0.00460296439942558 0.004441769600492 0.0425849021997912 -0.100495129226126
-0.00936013328346574 -6.90035952662592E-05 -0.337402150974753 -0.317811823786012
0.012560987418274 0.000662048353119508 -0.633219636662317 0.304047898492654
0.0185231813945631 -0.000537732894466086 -0.0135398728763694 0.745459908159212
0.0143954061399889 -0.00717244655261813 0.517221507832797 0.241581720614995
0.00995173492808868 -0.00293773277312739 0.367269812971183 -0.230875979067238
0.0033994410718179 0.00302024013936442 0.107863979895527 -0.316901584938313
-0.00212567703522705 0.00467045247085291 -0.12661803268071 -0.202193748989956
0.00756645859543061 0.00758458677020532 0.0154492671196281 0.166212867343546
0.00227525303632156 0.0356874749485559 -0.212264194485677 0.0508266985295649
0.0138882698336291 0.0249055991121941 -0.334708124229627 -0.233027248598927
0.0128610149124084 -0.0135893431490709 0.0714159949893647 -0.539846243019796
0.0134301926806784 -0.0230947289970588 0.662920145267169 -0.198176709767443
0.0163944153216359 0.0031666210905561 0.529262438886013 0.384946459581191
0.0067970580774662 0.0555189690729371 0.126404941059812 0.362080797333326
0.00396094094000849 0.0481046711760783 0.0425713525790158 -0.0943759414764168
0.01545104004377 0.0183397861087473 -0.32579297750273 -0.329366787078057
0.0264183835069125 -0.016494398909028 -0.648065056253764 0.267372898270033
0.0184214387676481 -0.0234633083395238 -0.0548699413383458 0.745004827774671
0.0233892781292895 -0.0162723454138953 0.510974721822262 0.281032487899262
0.0259427024229615 0.00827803907240423 0.381609279025925 -0.206881981326047
0.00390893792893694 0.0159917959451034 0.117444556819248 -0.311075296355996
-0.00640759580435988 0.00326331008713801 -0.12185181429152 -0.202121667589221
0.00515240871476906 0.00677803316361432 0.0166611448525145 0.168790574115212
0.00395229818616669 0.0458928963606557 -0.212968039814985 0.0799188798164534
0.0249031520122052 0.0345968259294711 -0.358263417559474 -0.176621486871025
0.019711024239662 -0.0211091003663994 -0.0191310903510807 -0.53787721648761
0.0236489096682784 -0.0359950584961794 0.605217320843758 -0.306153053895874
0.0358818323025714 0.0096687148936018 0.579682455493871 0.285918755416076
0.0222009875136311 0.0882513237086354 0.165344788557187 0.355505656373632
0.0105214597470487 0.0861581017437864 0.0465348140902354 -0.0715038383609705
0.0358100617032466 0.0386884138859467 -0.286965026839062 -0.354905174431063
0.0410444791269745 -0.0238947660359375 -0.681090769296282 0.168737956447669
0.0189391724547594 -0.041333564975635 -0.166265434052949 0.732852555201093
0.0294285220425001 -0.0250541545630953 0.479050398965695 0.368369022269638
0.0385960739589896 0.015757157545088 0.412105019230694 -0.145994795083081
0.00689961285719375 0.0268862755350846 0.145059151981262 -0.294191887386844
-0.0102049748557077 0.00269745688352627 -0.110096277512877 -0.201982960319595
0.00302617293480043 0.00487168938656943 0.0219072119748503 0.170573260856902
0.0040286833604411 0.0479350374280479 -0.206324686493356 0.117801103838309
0.0314129174275425 0.0390747357578123 -0.381355764412225 -0.0919339064587664
0.0215300201069265 -0.0251743046667511 -0.139622796164912 -0.50131964150536
0.0230770933636612 -0.0495523911144889 0.49564300033607 -0.437288809253861
0.0498831368906606 0.00198884246728018 0.622246910329165 0.140566026575475
0.0417405655546732 0.102783262311565 0.223590790271414 0.340832403829308
0.0147531729323717 0.11516855232827 0.054916371350189 -0.0351945316145692
0.0449053599802762 0.0649353145409582 -0.222689564727502 -0.376709257267749
0.0536163638252993 -0.0181601789486112 -0.705587793751997 0.0186808227608255
0.0220981733341634 -0.0498538528932602 -0.333803324309901 0.689011589315996
0.0331130619212705 -0.0310185140046059 0.402738937842624 0.486242414469059
0.046131832215813 0.0195611651722275 0.447532059260397 -0.0530450334348072
0.00846306923576438 0.0346654629906849 0.181868979841231 -0.264301769206754
-0.0127027785722002 0.00202008196278806 -0.0944765743807779 -0.204412111705401
0.00228703010558457 0.00304835270425806 0.0344533621208592 0.17133562944128
0.00348006090251178 0.0444718098849914 -0.192015930518048 0.156942390511034
0.0313405076484809 0.039213054419636 -0.38586563443044 0.00585541106375366
0.0185582514304402 -0.0227170941298522 -0.257183573732794 -0.427474908403491
0.0159868249230964 -0.0559478230288844 0.348758289825407 -0.541545497019975
0.0519490123075928 -0.0116155181993815 0.635897386355817 -0.0241330071973424
0.0576775363614846 0.0994690976814991 0.287148069497801 0.315011285509829
0.0151278958553292 0.127773645598655 0.0658707545403017 0.00869811665141344
0.0404371057044083 0.0839812159314652 -0.146404128139523 -0.386220401971512
0.0603436881681447 0.000600862990032376 -0.689704520326027 -0.156827704974458
0.0274663088032287 -0.0470418009437743 -0.517045561503538 0.588020926591388
0.0323264524388153 -0.0319081328361481 0.279476442567238 0.598790967988235
0.0445655291011166 0.0208736251372842 0.466078063295122 0.0613505712739782
0.0081609025908929 0.0370905563965148 0.223433185792336 -0.223460679550122
-0.012989339962095 0.00268182090265251 -0.0798298371016664 -0.208544069324619
0.0165007579298823 0.00962008530531902 0.0304624771176903 0.164837746833748
0.000460900065063494 -0.0227852951779668 -0.189199704470917 0.0904095802884977
-0.0369812699625141 -0.0172681716900344 -0.381939431909565 -0.141531019154758
-0.0290312297463582 0.0192425653905676 -0.116671098868121 -0.514104607333907
-0.0318364093809945 0.0337107456374726 0.524287571703841 -0.392568836394075
-0.0543434123752156 -0.0182021351503835 0.627353722757084 0.203708469320668
-0.0336324762034741 -0.0672744520084599 0.21730306185673 0.371902690626848
-0.0245749137400877 -0.0963579048447206 0.0647773846087673 -0.0251101802170068
-0.0640474194401008 -0.0566926396766459 -0.22544316052685 -0.357225452972018
-0.0371324808254669 0.0367715411130597 -0.700098411060677 0.0703331791382038
-0.000457924116321428 0.0579247842299395 -0.297373825159628 0.714051322891306
-0.0185281559635774 0.0147580267509481 0.421799112680929 0.436307900015335
-0.0368165693275971 -0.0339599101199441 0.444698141704378 -0.0963885950613719
-0.000758806378548501 -0.032821085014144 0.18187096924091 -0.281010631783954
0.0100119482823043 0.0024671524861185 -0.0968552268932727 -0.212526618642757
0.0149451995046455 0.00759472183353676 0.025176472323455 0.165177960105714
0.000721903534001687 -0.0122525900329597 -0.198363559830688 0.0565831638443929
-0.0260533099467719 -0.00938869158016396 -0.358493191647383 -0.210392377744834
-0.0189669939529398 0.0130423125749896 -0.000879961775931567 -0.535583022792417
-0.0269901890225701 0.0172511927549596 0.621663410369009 -0.269299851647445
-0.0406818910568161 -0.0305855000263717 0.577246698933851 0.329121377656917
-0.0188647337163368 -0.0573229054279491 0.162298129183087 0.376871729392926
-0.0210259667083231 -0.0736878651122492 0.0549724441498943 -0.0624256173151608
-0.0552572595558504 -0.0356493745662985 -0.284842345241521 -0.33927332402514
-0.0186614539125599 0.0343059358004079 -0.676666106171757 0.203608938212022
0.0104131897475602 0.0433580965595403 -0.145342684038926 0.747704187990687
-0.00840218375453425 0.00963952062488036 0.483805801695877 0.329966713917034
-0.0227953495077768 -0.0255744757139559 0.408089207549075 -0.176077776426462
0.00108576449413168 -0.0223372859538321 0.142409712336039 -0.30546947600864
0.00732724167823688 0.00488210794218708 -0.113305588565257 -0.209289761947702
0.0126576178148715 0.00693840073018433 0.0216656036410027 0.165570857175535
0.000557173114129397 0.00384694586886541 -0.204907578255486 0.0367211420547742
-0.0132630012383019 0.00133311887843634 -0.334697990234555 -0.249261487962133
-0.00909537425276147 0.00515966110671944 0.0807101675685238 -0.539644226955029
-0.0158973760170688 0.00238060797129107 0.669154674469639 -0.175525923879439
-0.021941817098396 -0.0280608787676969 0.530495018361728 0.40769979211103
-0.00747788320854578 -0.027745695682473 0.126107852167562 0.372840046451129
-0.0131756990482473 -0.0393166766799984 0.0470358010918527 -0.0896554921697423
-0.0351937591788695 -0.0178941571102981 -0.322023684450924 -0.323614529424301
-0.0023839561956414 0.0210115466818148 -0.647665237791802 0.283250248295259
0.0171797502091489 0.0233628038046178 -0.0455994842992229 0.752716387414273
0.00364896597626862 0.000882238579394746 0.511079765928828 0.26044541699844
-0.00697054585381153 -0.014366835276222 0.378445905884927 -0.223336535591217
0.00260009868115431 -0.0102272392401248 0.116397143919112 -0.317597310987631
0.00238242459074208 0.0049407273601952 -0.123766917399141 -0.205090892621122
0.0100362820987338 0.00733790954353548 0.0176254801065082 0.166338280917507
0.00186130142519756 0.0208889808941806 -0.209412559800835 0.0352662400988146
0.00052687193314862 0.0146034452982113 -0.327752875774996 -0.259354947079898
0.00258399179419835 -0.00459460749737222 0.107014857674984 -0.541946150072586
-0.00164534646470411 -0.0110216967428246 0.684744213672369 -0.148711208774927
-0.00254582264762182 -0.0123611206283183 0.510525888200481 0.425970306450137
-0.000778350760887741 0.0134261645551754 0.112142099833041 0.367674537988561
-0.00451087232505045 0.00453513804570911 0.0427580262934302 -0.101588241438441
-0.0102504509590972 -0.00013253260185458 -0.338500817290165 -0.319607182552765
0.012104417977119 0.000234561589019638 -0.636684240387036 0.307484648715542
0.0187207520793821 -0.001277916757413 -0.0109371079977009 0.751344432385418
0.015080750123424 -0.0074156262233245 0.521077819406007 0.242650997510587
0.0103550918575652 -0.00264733753034931 0.371075055027478 -0.234555619972205
0.00380253885980056 0.00293712836769594 0.107068449395738 -0.319909255390185
-0.00194368617933073 0.00462605195357477 -0.127816853385259 -0.202346715320413
0.007802124535529 0.00717926890576283 0.0170844751546249 0.167124487915783
0.00291562970436356 0.0355234001774044 -0.213208448116559 0.0511686874099666
0.0143498554539575 0.0262174641055122 -0.337296301602244 -0.234722289346451
0.0125358615954563 -0.0138047098289514 0.0708678698700503 -0.546052188271058
0.0139875492810594 -0.0231740338819728 0.664391742669072 -0.200900016834423
0.0163816621338791 0.00309898259954342 0.533266974272838 0.386272270359729
0.00749129927072004 0.0559582302202233 0.126562983897003 0.364841240150312
0.00488490560977311 0.0481335897448619 0.0415078509238612 -0.095759778557823
0.0162717202452787 0.01805076298608 -0.327706150967584 -0.331443952143721
0.0263577331348622 -0.016475390148099 -0.651989234416191 0.268694731307116
0.0185415789267133 -0.0232640902704245 -0.0544438763443473 0.751236495827564
0.0242598769018296 -0.0169043990775308 0.514779566832759 0.282331929703375
0.0262008811881944 0.00827753292590577 0.383777679670945 -0.208542981753558
0.00462509847676037 0.0161385677421384 0.11748986296562 -0.31238485293812
-0.00667596202641658 0.0036343408470673 -0.123101989319378 -0.203031877168638
0.00491576235786942 0.00724736819955455 0.0169146336123559 0.16916277974507
0.00330713190116729 0.0459695878932394 -0.214107436602631 0.0819179322762961
0.0246871114014994 0.0343807540740209 -0.359500713186736 -0.176874875262429
0.0198017424557044 -0.0214355346822834 -0.0189317031153187 -0.54037906500209
0.0228178715167709 -0.0362441629271921 0.609169514241874 -0.308789030425555
0.0356814737561195 0.0091964408612345 0.583084162602307 0.286968907648753
0.0217364568084642 0.0894881312914079 0.166795848033375 0.358594246444305
0.0120839967510619 0.0868767394681584 0.0471795654122455 -0.0714862443907437
0.0357653416806405 0.0397118996882051 -0.287126246870965 -0.356894182810456
0.0406246994496373 -0.0235136307052776 -0.684683628432519 0.169925468834877
0.0192596911759843 -0.0419902898392436 -0.163651858125986 0.738815691399011
0.0305763985839475 -0.0257357611868512 0.483068811791378 0.370944948264047
0.0394588807205891 0.0164821933189045 0.415201930145377 -0.148636142213744
0.00635452089651988 0.0271292303400619 0.145451919138712 -0.296861099709498
-0.0103847865321274 0.00281599212011467 -0.112002934487307 -0.203890621346043
0.00357491226793351 0.00449562942520139 0.0227971356118499 0.171716530834965
0.00488492599168588 0.0485515102457963 -0.209819679384377 0.119775536825385
0.0316851019837809 0.039453670356996 -0.381527528120222 -0.0911658881102955
0.0210414851055714 -0.0246885964178329 -0.140958163468214 -0.505221905100105
0.0242180527067024 -0.0501029400350177 0.500144810853 -0.438817990002168
0.0496451453046799 0.0019598670367794 0.62804277130103 0.141217534638455
0.0421652356720671 0.103840512625371 0.224029345831338 0.343058485591335
0.0161015298463379 0.115880133379862 0.0556932007253251 -0.0358787132345832
0.0444037238217758 0.0637395510889183 -0.224517395049858 -0.379736755489537
0.0543167374783957 -0.0172921366706923 -0.708877295434707 0.0192632422596145
0.0229604208227458 -0.0515988603889756 -0.335634716813714 0.696636177245847
0.0333874329906121 -0.0313730433322602 0.405415250914014 0.487945669094129
0.0459832127161931 0.0201379505737051 0.450469103468585 -0.0524682423102128
0.00867843594378484 0.0350154606223381 0.183883539975626 -0.265431293460822
-0.0126216110445875 0.00221532333007304 -0.0959166961410213 -0.20648332357266
0.00255433617605865 0.00198404733331319 0.0348287802362175 0.173234916872994
0.00406858221002455 0.0446771036805982 -0.193161823813592 0.159273412937921
0.032140546324208 0.0396277536396146 -0.388146338310109 0.00677381157567365
0.0184707158327915 -0.0236065266289798 -0.259178524527625 -0.429415430980787
0.0154852797711804 -0.0566657113447796 0.350689893985647 -0.544349652567501
0.051877183213635 -0.0115522576790258 0.640152478501065 -0.0248122599331663
0.0579404268523926 0.100343342862279 0.286891946705341 0.316616933384727
0.0147606346790858 0.127588883797766 0.0663613480640238 0.00839628297138843
0.040337892676375 0.0837445235505213 -0.145793303758209 -0.38878855073535
0.0601877936969994 0.000676848432254226 -0.695565683374947 -0.158219468223219
0.0277918426701317 -0.0466034713356077 -0.520271892447375 0.592803398318333
0.0323550023379881 -0.0331614186340919 0.282166970932608 0.601857026705522
0.0455179876201547 0.0217848992801416 0.467370740114234 0.0610890894318797
0.00934700655001702 0.038561176322178 0.22396931281911 -0.225465591568304
-0.0135345624333273 0.00232825682914024 -0.0806610821788901 -0.209291056189512
0.0169132275148836 0.00909591423091764 0.0315284195327783 0.166790572163253
0.000251806312347109 -0.0224130296059734 -0.191144561409119 0.0911163605509251
-0.0378182162012454 -0.0164805210400106 -0.384318915951609 -0.141317296313833
-0.0281673267975185 0.0202855513663053 -0.119458518833603 -0.517275016047115
-0.0312931055504133 0.0344910236027141 0.528189048867669 -0.397352472538672
-0.0549177021506498 -0.0183868733493637 0.631325120715204 0.202874210007898
-0.0335489772057974 -0.0681969144213888 0.218941203337781 0.373176999234751
-0.0255229697723963 -0.0968016868026869 0.0653972483170374 -0.0255855905678926
-0.0656017550528988 -0.0569547157761481 -0.226336082010851 -0.361023135883492
-0.0371611359925261 0.0369107325447248 -0.704769867391613 0.0722087908677997
-0.000223367390137896 0.0584526561592129 -0.299268260416809 0.719825984531404
-0.0191379263063158 0.015105753754481 0.424913182331926 0.439023809871418
-0.0369621159406416 -0.0334830863020496 0.447059020122784 -0.0974799568716666
-0.00152871477805451 -0.0323465719606879 0.180120234053066 -0.284071061737583
0.0090478972372156 0.00276620538242233 -0.0982428625179809 -0.214013640837378
0.0159173478231143 0.00679329100759707 0.0262235288271382 0.166920780368541
-0.000616721118497397 -0.01200627502863 -0.198836988234372 0.057466026553082
-0.0266660584974906 -0.00998186169645704 -0.3617381166312 -0.210394710883547
-0.0185428298077538 0.013116832515838 -0.00232708466789125 -0.539576625456207
-0.0276972419328661 0.0172056308037089 0.623350835864696 -0.272032665614911
-0.0418291850453236 -0.0305979176825024 0.58305536293829 0.330487721135697
-0.0191138079179239 -0.0570083035227274 0.16281231539107 0.378980124623409
-0.02045866171617 -0.0744275979940493 0.0561803294319377 -0.0635440549078727
-0.0560630096723542 -0.0365335107071282 -0.286361274193368 -0.341773273468234
-0.0191934712124593 0.0348969589332201 -0.678379585561592 0.205025250134442
0.00994718249558102 0.0432180920714354 -0.143689899990347 0.752659784675088
-0.00915157706849862 0.00910601074668535 0.487037694107202 0.331735115165594
-0.0238626510634468 -0.0248247438012997 0.411291244616201 -0.180781564037332
0.00184735032924403 -0.0225672676981837 0.142418276869276 -0.307637607009597
0.00726874726878799 0.00459908704936668 -0.114651040183089 -0.210542298981776
0.0126923594502086 0.00620468325478333 0.0231665314915297 0.166586767601732
0.000720293342338368 0.00338280108636993 -0.20579315167904 0.039038081932278
-0.0126874990170276 0.00193721654338429 -0.336668337257054 -0.25033769099846
-0.00835721020001048 0.00507948099803957 0.0810877968444788 -0.543060668439336
-0.0161057471610025 0.00217380309977752 0.673999263900618 -0.178281896008746
-0.0235373463531793 -0.0271292761569732 0.531801853670269 0.409795291444509
-0.0083101638151671 -0.0281413936401714 0.126128635636838 0.374475920051537
-0.0127862792703008 -0.0404600955451909 0.046891522738989 -0.0897508839951985
-0.0369424158544405 -0.0179095520598164 -0.325417326631382 -0.324603579781417
-0.0031178823020384 0.0201876088307115 -0.650480463969187 0.287849510995859
0.0170821011054894 0.0231079964375859 -0.0442566912719576 0.758736348958327
0.0034002056707609 0.00114496743056321 0.516396137039007 0.26232163925819
-0.007421832552035 -0.0138783862520293 0.380218262725848 -0.22627343516109
0.00216611520785536 -0.0107296647788638 0.115922892615647 -0.319589619514549
0.00337763514418896 0.00510386710093488 -0.126175964643658 -0.206794847206851
0.0104300788997468 0.00677027467800333 0.018287451930318 0.167516291652198
0.0018518480438661 0.0208741722516061 -0.211424203701016 0.0361361677631696
0.000742795402837869 0.0139786793749581 -0.329972523408294 -0.259163875758566
0.00322164794318192 -0.00458218783594897 0.107590307982013 -0.54582528942797
-0.00133824461143238 -0.0105656447005073 0.689410100733095 -0.1502001642671
-0.00338879253361511 -0.012884829707861 0.514881526592498 0.428010939692181
-0.000340571612486181 0.0130530790021839 0.113637205635223 0.370574438375615
-0.00353091828400716 0.00354556149600887 0.0427413079147022 -0.102209183173861
-0.0103098870745169 -0.000328397213276488 -0.341587565284045 -0.320883355216812
0.0126845543688479 0.000493029594380918 -0.639201749353218 0.309323182293405
0.0196665498728209 -0.000423970210485068 -0.00965831305603543 0.756672865925154
0.0147420564781926 -0.00804114695318368 0.526014187047459 0.243822038260953
0.0103381037333551 -0.00275106151315312 0.371209052818106 -0.237094394590401
0.00420318428697777 0.00291434064277336 0.10743975457014 -0.322118285261625
-0.00211076496064537 0.00505952310086131 -0.130007308870499 -0.204134861841283
0.00753619455837832 0.00757687838079015 0.0172774531633676 0.16900430802156
0.00348992595741994 0.0363886315740697 -0.214708605724516 0.0512716953364996
0.0139045707593039 0.0260506533413425 -0.339141527673955 -0.233957068498913
0.0125478094179196 -0.014320949185088 0.0723507183708143 -0.549971889875253
0.0136713092017852 -0.0224915547850374 0.671077881478062 -0.201639481987127
0.0163003054827161 0.0036454158929955 0.536767769609622 0.388468914565549
0.00796660081756649 0.055964264917552 0.127345107388095 0.365528275503223
0.00477039621207065 0.047846564547165 0.0429003293552168 -0.0958106980699948
0.0165145459971058 0.0182107240622719 -0.329722050279153 -0.33397074855811
0.0259322968840517 -0.0170101153241582 -0.656922494825551 0.270345981143621
0.0179791777247507 -0.0240051906217251 -0.0520852942076997 0.755671771873327
0.0240850217177723 -0.0168715810198181 0.519382331351577 0.282286748895144
0.0261772868315748 0.00786617546362229 0.385045915215485 -0.210449035148879
0.00552418340118465 0.0157868358236559 0.117879866518364 -0.316151792000708
-0.00687326835053395 0.00352079030876881 -0.124886276787886 -0.204200130517654
0.0053422421778097 0.00709135145142236 0.0187717972882199 0.170778855910867
0.0041836933578164 0.0462632386623559 -0.215558937200755 0.0834226319781919
0.0253927287005191 0.0353663749077783 -0.360803207447632 -0.176152255901583
0.0197000137720852 -0.0209306542517126 -0.0198751730283732 -0.544691953821837
0.0236289843985282 -0.0370785126344712 0.612377507228746 -0.311731721635462
0.0354229201944872 0.00994739148389045 0.58717962768623 0.288404963204709
0.0229623740899751 0.0893355803896053 0.167027261395539 0.360229086267343
0.0110868811585688 0.0873950056737283 0.0477223787285961 -0.0724128133879617
0.036648944101148 0.0403555100076032 -0.290085284277151 -0.358486409549588
0.0412197669406625 -0.0245831647750956 -0.689283255281164 0.172349624025197
0.0187099133140186 -0.0426782493475141 -0.165337450015892 0.745242984768392
0.0298101022132737 -0.0256115307674005 0.487762500872163 0.372844307232279
0.0393607785301085 0.0165032931643442 0.418711923356534 -0.148860413142989
0.00750334475580508 0.0272751144134099 0.145744122823483 -0.298003695157933
-0.0109952754893937 0.00252725546838902 -0.113565483126946 -0.205078204155369
0.0034154520020016 0.00401960602434953 0.0246374298837167 0.172283861486707
0.0046410931159421 0.0492463687065881 -0.209710137194342 0.122428590325065
0.0320735747720393 0.0402719005932297 -0.384527980707489 -0.0905090136770478
0.021848748929245 -0.0254090878441105 -0.142872478494932 -0.508475076736581
0.0234451900577971 -0.050541500275752 0.501999666731378 -0.442991090258566
0.0500508720563386 0.00258176215184533 0.63186318316581 0.141095847486397
0.0427969008114761 0.104340667146778 0.225863901640553 0.345676331475523
0.0160177097442433 0.11659991823452 0.0554942466952472 -0.0346970299210255
0.0454139745982682 0.065094950958311 -0.227647986197318 -0.382934584615617
0.0549381228472411 -0.0182881136585177 -0.714284406116176 0.0210596911351511
0.023454910971281 -0.0514908166551967 -0.334780024952957 0.701575138005905
0.0334978056116474 -0.0306585393059833 0.410331693208925 0.491552615438636
0.0462642726565188 0.020542090364878 0.451115746590444 -0.0552096612745181
0.00871243481432118 0.0344510600121192 0.183680762267667 -0.269188355303223
-0.0126570966495397 0.00276405714762249 -0.0981511192123998 -0.208128999106454
0.00227188531173244 0.00195435019067278 0.0361163450326503 0.174016227179852
0.00367903200999753 0.0450806335208964 -0.19425294400043 0.162264999004657
0.0334532860746257 0.0403929376918751 -0.389649132905176 0.00755074776822795
0.0192729248745801 -0.0232448571649375 -0.262032543191544 -0.432689787079479
0.0149542677781553 -0.0567403468482574 0.351119158918297 -0.547985641847464
0.0517210095253462 -0.011719684361509 0.643888136755021 -0.0252025077347979
0.0590608000863014 0.10036686232842 0.289289282153131 0.316582575293664
0.0160190482425155 0.128106841810671 0.0660435825936154 0.00861299641523296
0.0411750336731572 0.084542028595215 -0.1472933334686 -0.392117598072517
0.0610461986306559 0.000420700288512189 -0.700351662423127 -0.157221818513452
0.0281272336613578 -0.0472160019614452 -0.52574388256181 0.596367629901385
0.032232455972195 -0.033392326342921 0.28749482226205 0.605151400878202
0.0456921455719538 0.0214196933231805 0.469489046099153 0.0604899568597333
0.00960076394942284 0.038160248871654 0.224324770063028 -0.228103675094812
-0.0126981026443776 0.00342580039686276 -0.0830400928790849 -0.210698366712544
0.017964083787771 0.00886984527049945 0.0339338798090011 0.168610912694897
0.000204129117599391 -0.0238050066935935 -0.192443610017278 0.0922226920902581
-0.0383435854159319 -0.0165160819701077 -0.388011040158982 -0.139615638583205
-0.0278825118453484 0.0206541075610319 -0.122057187524039 -0.518810950318875
-0.0317805004854553 0.0351066540868921 0.531456803687963 -0.401045324204712
-0.0556617089062556 -0.0181428270678951 0.635556840497697 0.20267335965509
-0.034185265941642 -0.0681643961463202 0.221077999063991 0.374776620963027
-0.0255767317750645 -0.0973403560258514 0.0643402284368385 -0.0261233353948896
-0.0666413905107079 -0.0569240866830637 -0.228364248924102 -0.362293992229381
-0.0367920090700236 0.0377063141702494 -0.707986343390399 0.0751985781637089
0.00075426084646661 0.0592691646262616 -0.298828689128886 0.729914658908171
-0.0186319108747742 0.0150073546912941 0.429901806427808 0.441171701792196
-0.0379789772896502 -0.0347257824021457 0.449064339971701 -0.100307854661319
-0.00111927981831371 -0.0338016451082435 0.18015639604159 -0.286070882468699
0.0104424560726426 0.00118930645129767 -0.0999363522133014 -0.215121103663736
0.0157952004885309 0.00708436518726566 0.0285304316677388 0.167827487622562
-0.000156732071581842 -0.0129847745754696 -0.200454902715445 0.0587539595862258
-0.0269493093794055 -0.00887664585048112 -0.36499835612187 -0.208110640648385
-0.0194449598009645 0.0135464496388745 -0.00390089247349635 -0.544523538078767
-0.0274664753222778 0.018238818784855 0.626521952545283 -0.275568044174983
-0.0422152120777947 -0.030625656530026 0.585489983653769 0.330960483742735
-0.0187759660204481 -0.057909039584373 0.163859370067445 0.380970204622993
-0.0205165579308347 -0.0753445770626406 0.0551613569609311 -0.0646879545218877
-0.0565319787009322 -0.0367836275414902 -0.288077618932947 -0.343254978551713
-0.0189931961929065 0.0338274586116515 -0.682635757254983 0.208162728476392
0.0111553699248106 0.0436464965623677 -0.142332675240915 0.759365896305172
-0.00884222789383584 0.00957154243021424 0.492069707685424 0.333273810417946
-0.024047417333192 -0.0247898265415348 0.412633729174474 -0.183166362203194
0.000995784979736611 -0.022652236433997 0.141908948543 -0.311064657912929
0.00709324453890431 0.00518373693742146 -0.116593255017781 -0.211441672246037
0.0133256250434542 0.00612385996165584 0.0241928256399338 0.167959635843943
-9.41471823443212E-06 0.00309858488497558 -0.2075420823329 0.0399413202695712
-0.0137047277167305 0.00197348834801897 -0.341266031919119 -0.248946241777533
-0.00834372018547177 0.00490612016897376 0.0810968419583543 -0.548725771487827
-0.0158498087075193 0.00221403221466847 0.678880536108186 -0.18108449914103
-0.023248753153884 -0.0279501688188315 0.535110331047577 0.409332763520627
-0.0074868199298798 -0.0282173924610214 0.126405400945741 0.377032068083914
-0.0127027048707751 -0.0402137139734222 0.0473649533200429 -0.0917487677461874
-0.0364271502875101 -0.0170599094942885 -0.328276913777538 -0.327986451529749
-0.00174143807236886 0.0202802989508974 -0.654072391872444 0.291513056498641
0.0179898219847171 0.022506141460563 -0.0411039272423738 0.763686120437625
0.0029471232300245 0.00193968143505193 0.519976535505349 0.261829523202815
-0.00792572002274787 -0.0137855684682833 0.381615407563017 -0.229331405652675
0.00315818858293682 -0.0103421277541898 0.115281497095416 -0.323092540364971
0.00375676379371959 0.00521567206545826 -0.127733100314023 -0.207145236401721
0.0103972029315971 0.00696229402500073 0.020792491821493 0.168253995587687
0.00199551853712467 0.0211184219542132 -0.211939958084072 0.0385521207121371
0.000573481846863786 0.0140463657040473 -0.330808506569544 -0.258814150219183
0.00317268832888333 -0.00513382003712257 0.107602537845159 -0.54986766827494
-0.0011020210318848 -0.0101688849626171 0.694572010512788 -0.154576728443495
-0.00409463417360672 -0.0126849061388453 0.518595776539018 0.430211237491501
0.000101571723606276 0.0133480209104455 0.115250902593667 0.371972114640592
-0.00371941638939288 0.00274071527582791 0.0427362757888531 -0.103180577996165
-0.0103115235141494 -0.00036484007120781 -0.344060931560225 -0.321678944859682
0.0123902707652827 0.000507693803367709 -0.644404482744682 0.313272427349788
0.0192218412431928 -0.00129111971606671 -0.00832879864959716 0.761770889166542
0.0153222993698101 -0.00703952921391742 0.530125249268376 0.244354554160906
0.0105468571814528 -0.00262569604715692 0.372336449431544 -0.240603018076863
0.00425357506414532 0.00343268271064576 0.106134941334058 -0.325688054856309
-0.00187273458575146 0.00490101868682825 -0.131948226546954 -0.205306387008484
0.00704389669159791 0.00723041017023121 0.0193254046204749 0.170670091885368
0.00255558555919405 0.036213277887102 -0.216274490819427 0.0542736347437127
0.0146714463014282 0.0263073524044914 -0.340486961725661 -0.234644909823633
0.0131478044076406 -0.0141723820677078 0.0692896541906831 -0.554168667290936
0.0139581755838768 -0.0231331385795568 0.67453698710516 -0.205795352699001
0.0152861349405877 0.00304079363155237 0.542184375503086 0.388364532680193
0.00875748886135594 0.0561830685803412 0.128336464898583 0.367585360092523
0.0050536662635507 0.0484019039770265 0.0420948663588649 -0.0966097988758438
0.0165321509899072 0.0182346718571891 -0.332708522133273 -0.335128488105464
0.0261785248041152 -0.0169536909528837 -0.657165186950737 0.275026742309354
0.0192199528892704 -0.0243996556761417 -0.0495755055098659 0.762133743849688
0.0237757179269673 -0.0164825576752207 0.523600827183372 0.281377987720721
0.026507714068974 0.00832012742268275 0.385173206850013 -0.214775511187791
0.00608527898208238 0.0165384667175206 0.116606605563827 -0.318306086214054
-0.00773002176458991 0.00437175997665813 -0.127089772969038 -0.204037972254804
0.00501231763283907 0.00596430446575579 0.0198238613185126 0.172829831025441
0.00397488977948774 0.0467434912152066 -0.216993905562354 0.0851002392929843
0.0256215378108779 0.0359080776138598 -0.364289420985883 -0.175999311751443
0.019464812891294 -0.0217537746050126 -0.022714990211505 -0.549308477243803
0.0236626337492989 -0.0372619301560293 0.614535807060192 -0.315565952838878
0.0354612746750523 0.0101996753201398 0.591772301538724 0.289446344857595
0.0238000143605866 0.0894572179920159 0.168929067675056 0.361949947022001
0.0114061844060816 0.0883767559313552 0.0472252608035279 -0.0729353482034359
0.036108906538268 0.0404725186466245 -0.292084656326639 -0.360149122295364
0.0416054785091524 -0.0243682783548624 -0.692279913090094 0.175723554974952
0.0192587179210362 -0.0428512097245664 -0.16281854204552 0.752375007548939
0.0311087752923361 -0.0260955732713398 0.491962858240832 0.373621171017292
0.0395317988389067 0.0165888219770711 0.418830138904309 -0.153238293958376
0.00745787908440891 0.0276062253288852 0.145350167404803 -0.301876156892186
-0.0109935545702212 0.00327304087431676 -0.115652932726358 -0.205844105958781
0.00349176944876118 0.00412232948274699 0.0254781953573868 0.173979499862139
0.00521662232744994 0.0482070530520403 -0.211531030579044 0.1239433403236
0.0325648311579875 0.0399512731757523 -0.386325990067412 -0.0902493202813486
0.0229671611890027 -0.0262272839758626 -0.144280538946366 -0.511657926550273
0.0234560496653711 -0.051462937908978 0.506187300808294 -0.44767805844392
0.0496179202748829 0.00273779599386029 0.63657672332304 0.140066343020778
0.0440683608163365 0.104168530910577 0.225995819290583 0.346275699142499
0.0163268986974297 0.116225815217959 0.0548392925883929 -0.0357525312492076
0.0454356797478673 0.065262121188558 -0.229145384198621 -0.383956691812493
0.0552409561085079 -0.018496005387204 -0.718289827717133 0.0225592049945416
0.0226260072336463 -0.0511915642163795 -0.334750926685786 0.70847899848662
0.0338665639029143 -0.0320099225054858 0.416716091917566 0.491920669657009
0.0469899858642022 0.0211320862088122 0.454628582748994 -0.0570098244792523
0.00964472091242291 0.0362466349829361 0.184272935458928 -0.271340266976995
-0.0129523008567701 0.00297271520667051 -0.0997531497252563 -0.208658967036895
0.0019423317398775 0.00167268114074672 0.0377139789491207 0.175917323138752
0.00391862811219993 0.0455662148717092 -0.194955697509352 0.163586670067216
0.0336387563180577 0.0406890743135801 -0.392021154399821 0.00896647693219145
0.019020698830232 -0.0239848569126054 -0.264201135160064 -0.434822694778365
0.015274354873584 -0.0577512988413245 0.352570636245972 -0.554292497063808
0.0514820815564771 -0.0115326267901524 0.64754564680427 -0.0283859959907733
0.0599435176921713 0.100571643971661 0.290745947247457 0.317305022001423
0.0160713898689994 0.129702654689657 0.0660693519856841 0.00869013772117944
0.0413367631641747 0.0848611601413708 -0.149270695421054 -0.394642120233484
0.06074841460534 0.000298516960238696 -0.705478939684987 -0.157666505073895
0.0287240012943469 -0.048822345576166 -0.52570389706087 0.604288116066253
0.0328958054378395 -0.0339844620371089 0.291580538313915 0.608363533400042
0.0459222847005617 0.0218661400827115 0.473121227552873 0.0581899192027067
0.0101210702774156 0.038280508832862 0.225612058674188 -0.229772988287206
-0.0127867323901026 0.00281452547894322 -0.0839097563107271 -0.211767278310688
0.0180913402775209 0.00812080947200322 0.0347909546044093 0.169520360013978
0.000536335230083921 -0.0237184344242857 -0.193008687629014 0.0947740130341381
-0.038436275023782 -0.0159651536308784 -0.389287981512237 -0.138320542883728
-0.028533668647658 0.020631562236979 -0.124814444090798 -0.523519235002044
-0.0313922000602952 0.0354678108626266 0.532814691094871 -0.406493662914758
-0.0572574913319651 -0.0177909663823273 0.638495103499951 0.200817001863516
-0.0336802830853857 -0.0684340617285366 0.222808078626746 0.377183251806799
-0.0257031720871363 -0.0983813634279774 0.06469741090481 -0.0264309739565637
-0.0680632428531273 -0.0568378283224133 -0.230551795451026 -0.362994228290489
-0.0369271498221431 0.0380648684149909 -0.71285864658106 0.0792537068317473
0.000351119629521536 0.0595337878969448 -0.296848176969085 0.733215958276113
-0.0186583871027974 0.0155472362669796 0.434042927558888 0.442072697505203
-0.0385797639728387 -0.0343282504121815 0.449793922867347 -0.104341829323872
-0.00103289910266888 -0.0334993810331674 0.180371461099547 -0.289455068517099
0.00999275237602468 0.00140153407282849 -0.103262307087462 -0.214687870658255
0.0162190075442537 0.00618164321270071 0.0295195550638431 0.169063651479558
-0.000665378007851503 -0.0128661868098589 -0.20249825580183 0.0607191863610177
-0.0273564676372855 -0.00848862388900225 -0.36728652743537 -0.208846185933981
-0.0198043753669087 0.0140917059569338 -0.0053194377615252 -0.548193505652028
-0.0267194231223216 0.0182319188847728 0.62906563854887 -0.280522937949892
-0.0430216764635964 -0.030784312484897 0.589786695701701 0.330876492943645
-0.0189154631286376 -0.0570135869197205 0.16561546069221 0.382392168405531
-0.0200323908143339 -0.0757690196299142 0.054622106044153 -0.0654476858349504
-0.0573974374274666 -0.0370611823525062 -0.292263315044104 -0.343352562727197
-0.0193354553100306 0.033867814675241 -0.686897690113359 0.213846315127557
0.0117786414019122 0.0442007546840531 -0.139462120704695 0.764891252971908
-0.00893141894713666 0.00934911911687579 0.496650527088732 0.3335289214226
-0.0242423228569547 -0.0251980112294061 0.413099977409954 -0.186854586164104
0.00128803183448431 -0.0225988303509097 0.140850522098665 -0.314701578693314
0.00770227519450256 0.00389301609913255 -0.119329870687253 -0.212108236797281
0.0140722275604839 0.00565799074561667 0.0255236288646529 0.169503775027864
0.000870366988469741 0.00338677082285299 -0.209212264342075 0.0415767699365544
-0.0141819547222409 0.00197589059035636 -0.343325302477135 -0.249688232990301
-0.00783994250589952 0.00497779019913044 0.079676818246815 -0.552568531138294
-0.0162038206702595 0.0023958811966899 0.680576155703214 -0.185863727996531
-0.023919943493983 -0.0278715677675342 0.542083573619382 0.41047580476433
-0.00736655831386513 -0.0285752702533818 0.127956404265047 0.37856514675983
-0.0125850876534293 -0.0401676002545878 0.0478160497443922 -0.0923428128146052
-0.0367226326614029 -0.0173484886046664 -0.3314921782047 -0.32969013046407
-0.00189171531274233 0.0203963759096621 -0.656716814387383 0.294592024274855
0.0181230242708188 0.0225553946331764 -0.0376339696784469 0.770079957531701
0.00369215994824555 0.00143268903165416 0.523221579691002 0.260877419441606
-0.00854886854332711 -0.0139861625262496 0.383524609408599 -0.233391819199316
0.00238586451560755 -0.0105510514303862 0.114208299604051 -0.326246048065939
0.00330276811863453 0.00478220967650844 -0.130272422040717 -0.207196049324902
0.0105643577508974 0.00583917887671969 0.0213761496376686 0.169615743336654
0.00234499806931047 0.0211482682176543 -0.213892334016365 0.0396151330736727
0.000853328751380012 0.0146321590914857 -0.334275098837756 -0.258907306382775
0.00273250577739662 -0.00475059268339204 0.104747466111349 -0.555518143936616
-0.000610237419806377 -0.0104389562097932 0.696367063970377 -0.158124358517162
-0.00411117226693429 -0.0126578589891473 0.522480370375513 0.430215213719974
0.000362957350097665 0.0136124535396655 0.115280404252287 0.373699850801913
-0.00344347964591991 0.00294616095311163 0.0423631825466939 -0.104549093170761
-0.00977254456005015 -0.000400017086629621 -0.347526618000608 -0.325761641248912
0.0124924557372104 0.00021326643823239 -0.646336594141526 0.31838203439435
0.0193668984384164 -0.00210616087153879 -0.00319815659901471 0.767675930507522
0.0149301252242763 -0.00782046331980229 0.535143996811894 0.243672313278809
0.0098513212638256 -0.00280467028072164 0.372430512337417 -0.245026824230484
0.00436728898836607 0.00338017992625056 0.103978888311822 -0.328412435748467
-0.00180292976134127 0.00517474381610435 -0.13401341613406 -0.205256103583327
0.00761810888904594 0.00681671151264433 0.0204445693442871 0.171583886819012
0.00380739647201313 0.0369916988677818 -0.218437680918518 0.056699653572206
0.0148522388253527 0.0262451929504647 -0.344154743630987 -0.235363828373031
0.0136370930785454 -0.0143209845076904 0.0675062729073979 -0.557133334465677
0.0130664996571698 -0.0234170154348529 0.678445098604317 -0.211521829092697
0.0153036249609761 0.00367782032731671 0.545403022087422 0.389627855936958
0.00874018191963228 0.0567628997158268 0.129872940414714 0.369361935872875
0.00587420251043966 0.0483243048676648 0.042208573348682 -0.0980971145519389
0.0160858156787564 0.0187468603997229 -0.335442801678561 -0.3355898321244
0.0266849859246852 -0.0177372081463469 -0.660746101696887 0.278600043242007
0.0193782783587494 -0.0250656914482725 -0.0464815262583297 0.767377174540252
0.0252438430237888 -0.0172565304944746 0.529682026563403 0.283228702888493
0.0268875378379472 0.00850998964220098 0.38654016773755 -0.218918451956314
0.00574511967593495 0.0167525365269557 0.116549912796938 -0.322412093158249
-0.00741759246424456 0.0043157633262729 -0.129194039941165 -0.205344004475322
0.00441133902293394 0.00609917014673481 0.0217166431048839 0.172536491861619
0.00530935242923893 0.0469644272427783 -0.218274623868147 0.0875407901100562
0.0266931985124017 0.0358161690302383 -0.365975096004776 -0.175866626978777
0.0204677323172757 -0.0220496470891793 -0.0267783604800026 -0.552938262353312
0.0236021593064603 -0.0381018719576867 0.617653366419443 -0.321387151663677
0.034929266173701 0.0105367125714893 0.594738619515504 0.287035723747622
0.0249313243879746 0.0895653901722748 0.169513154535831 0.363325121766142
0.0124824241317532 0.0882500835706361 0.0469754276972571 -0.0739913494814675
0.0371342711646417 0.0408010613964156 -0.295015106952992 -0.361913073717351
0.0408781688218427 -0.0253638786397561 -0.696074853942346 0.180682495647354
0.019919546999684 -0.0437765640361506 -0.161764541138481 0.760237402213568
0.030537964685445 -0.0259617688453171 0.497853272187839 0.37372278349084
0.0405146071943785 0.0153620723245012 0.420658463415397 -0.156598845613663
0.00783172917576122 0.0279276379105146 0.143810504608703 -0.3046502064878
-0.0104664346045415 0.00277582153907114 -0.117174291253295 -0.206200374865575
0.00260066351479644 0.00389718085053139 0.0275551017589102 0.175355586564247
0.00476985369998044 0.0496528874708989 -0.212037027668557 0.127101140937018
0.0333658218201706 0.039937456592823 -0.387689968244773 -0.0888574195721408
0.0218219473469744 -0.0261402131515697 -0.149225121787762 -0.515686084178507
0.022934056465578 -0.0510839070433537 0.505661171159328 -0.453574524032131
0.0497819943475577 0.002132521100367 0.639443440916362 0.13718911813578
0.0443668595903353 0.104572282505252 0.228582837352065 0.347126825462251
0.018034347493011 0.117252935782247 0.0553278173946874 -0.0368207356276554
0.045772045694844 0.0652625217931933 -0.230794875927386 -0.387390697989626
0.0557487663964807 -0.0189963339564825 -0.722050115568964 0.0257662858883414
0.0228995897717703 -0.0522508091313278 -0.33390994239544 0.714209365055446
0.03326990304053 -0.0321541457402405 0.420311471565792 0.495311512223917
0.0474150107040709 0.0206064763557121 0.458099508328721 -0.0608556438314002
0.00982317017533014 0.0353956258265944 0.183317598840918 -0.274630148828367
-0.0135824552547334 0.00339660830253481 -0.101884794538836 -0.210076726809838
0.0026577347821423 0.0014437299329732 0.0395949613993447 0.176212213899729
0.0037979046187597 0.0462328098984734 -0.195900578882734 0.167307370847158
0.033739295763535 0.0406748981949925 -0.393680136976741 0.0126718572110606
0.0188675287315153 -0.024255349931535 -0.267366478941668 -0.43732689193015
0.0145147963057539 -0.0584444552107158 0.353155665400312 -0.558937049135438
0.0520321702132955 -0.0117837056191817 0.650472302693367 -0.0313101670329399
0.0604841462699198 0.100723412040659 0.293888854728616 0.32101115922636
0.0174634918649321 0.130042273349503 0.0670128689961131 0.00763209338868371
0.0420906187671595 0.086094506534624 -0.151831897156373 -0.397023427251828
0.0616777098646068 -0.000429228064132734 -0.710009521737177 -0.154384400628505
0.0281141786989049 -0.0494155898794179 -0.523452021993646 0.611691436633587
0.033310618123631 -0.0334628097086977 0.2969114876787 0.610676990486495
0.0466269004957853 0.0216266086055935 0.477803538940734 0.0561694597482889
0.0106914236059822 0.038375904142365 0.225130850041506 -0.232981673591102
-0.0133485778248999 0.00315570832414586 -0.087042711869991 -0.212383063935154
0.0188721491301905 0.00758658789971187 0.037355172032756 0.170621104718714
-0.000524545825349593 -0.0242316885720957 -0.193730031243144 0.0963838577248841
-0.0388386616611557 -0.0163618873427802 -0.394290476634279 -0.135808399640729
-0.0282431324876046 0.0210504340040462 -0.126697159949402 -0.525021637590977
-0.0312057025403317 0.0362309597806195 0.534466042378467 -0.411201220753673
-0.0573523414300259 -0.0185324343838586 0.644066691109936 0.197947873766531
-0.0344126700492532 -0.0694084584120136 0.224675583730902 0.377508424263595
-0.0254365373408226 -0.0993808818244455 0.065183749300486 -0.0279245823514729
-0.0680044550886488 -0.0569614633780404 -0.232716458128928 -0.365474785973695
-0.0366748010220232 0.0381252359020992 -0.715230959819637 0.0831646612430457
0.00149951924512726 0.0593068697922064 -0.292742142454372 0.741693553724818
-0.0192439435877934 0.0152497531659545 0.438119692352675 0.441700705428358
-0.0395012662835254 -0.0340147337250635 0.452333071207846 -0.108845024923581
-0.00119029078383424 -0.0336664452538869 0.179708220076492 -0.292053061420108
0.010397171166098 0.00176296251733773 -0.104602358240109 -0.216421519199125
0.0166953615048105 0.00563413914192197 0.0319872901272529 0.170267835338163
-0.000742251048873679 -0.0126939386930161 -0.203103281402429 0.0626173491223911
-0.0274431608289833 -0.00833600872270625 -0.370482476268088 -0.206409748482047
-0.0193580032795369 0.0138344288078044 -0.00919783575374436 -0.550363598860431
-0.0267103982382487 0.0184825075728278 0.632012694103027 -0.284769697386828
-0.0434393851032403 -0.0303675491821969 0.593883108663176 0.328783031204796
-0.0191483298506022 -0.0577212172531652 0.168877798197344 0.382635125757208
-0.0206361986275903 -0.0757824317292288 0.055168803101411 -0.0662414293649688
-0.0580701252445019 -0.0363043177353611 -0.294978726117513 -0.344071564000036
-0.0194157507396629 0.0353857097742939 -0.689548696660275 0.218283660807535
0.0123055602305433 0.043753972666731 -0.134586054947615 0.770716116375903
-0.00868082832360802 0.00988418833576746 0.501065807322818 0.332639454869065
-0.0254489853228523 -0.0245088832134013 0.414419962664679 -0.18923886147529
0.00181277260003153 -0.0235107579019143 0.139636262648917 -0.316554541126083
0.00653471386797613 0.00331411332845312 -0.120823552531017 -0.212838826064002
0.0127286333168945 0.00448980327064812 0.0274870503084395 0.170402544258378
0.000373151785355693 0.00309087603657728 -0.209802172724421 0.0436459159615972
-0.0130431035174945 0.00193750284287602 -0.346782266752772 -0.24795426703519
-0.00791429692016407 0.00503929116499601 0.0763648072410582 -0.556833377195376
-0.0164858758518621 0.00229850947474219 0.684758790242489 -0.190765045353653
-0.0247967803706846 -0.0280058379501853 0.54517279060426 0.411969277435069
-0.00659847074500464 -0.0287320809306108 0.12998596411757 0.380920848973201
-0.0121388977785349 -0.0410139979836068 0.0469128234148744 -0.0938397337689117
-0.0366608932491905 -0.0171783964583327 -0.334230965757688 -0.327470719938445
-0.00182062079944526 0.0202213445153117 -0.6580792669088 0.302288349417795
0.0193136920678849 0.0225682105447601 -0.0324923211494136 0.774774330749845
0.00285874151597394 0.00133677142194251 0.527753178086941 0.259478630432236
-0.00866971178330609 -0.0139352112855656 0.382869530222948 -0.235466320784152
0.00243655392336765 -0.0105805360905057 0.111627398774072 -0.328921334637451
0.00256419513458665 0.00517463986625535 -0.132682780510305 -0.208409683418521
0.0100614782334395 0.00547947189891848 0.0243442148925381 0.17088010222929
0.00235553753821587 0.0214101614945708 -0.214802019115527 0.041581562313284
0.00056699587257359 0.0143256841096125 -0.337400493225432 -0.257871751556695
0.00302066068203092 -0.00499236765321596 0.102173063571819 -0.557989212547437
-0.00132297665863897 -0.0106659345711148 0.700249591969212 -0.16261260946071
-0.00512984283469372 -0.0124257652055224 0.527525292520257 0.42876411624925
0.000811472568579922 0.0137189301542398 0.117520048626116 0.376146372405653
-0.00364632433107922 0.00226022816932643 0.0423677031725144 -0.105422147240802
-0.0102459863065056 0.000447567313589137 -0.349459882916875 -0.325110185948422
0.0124723131029045 0.000294296920247204 -0.646761402605654 0.323197789523926
0.020447580620302 -0.00224580325433899 0.000631885746464533 0.77264564448968
0.0157703471945774 -0.00737127849390647 0.53882677439547 0.242182129948789
0.00932590892129935 -0.00252708287233542 0.372320315442499 -0.248122594274356
0.00477022543005466 0.00239257439542662 0.103231306121716 -0.330901181025118
-0.00272001763662314 0.00491228759094024 -0.136065998427626 -0.204867533872909
0.00721353454633875 0.00539699954724447 0.0217837741049967 0.171910316995175
0.00415958989894144 0.0376011371425903 -0.218247074570432 0.0584193073622773
0.0154318030472865 0.0261143105347853 -0.346496446182947 -0.23369014391049
0.0130539001768256 -0.0145254919707572 0.0651190941410428 -0.561758588457555
0.0139867580646945 -0.0236904733782635 0.680602325740305 -0.214434516951914
0.0156950428093351 0.00436210550924811 0.549621929302337 0.387658591753971
0.00954296570545742 0.0567393963778225 0.131970826344106 0.371148718035272
0.00593395884727188 0.0478411760047162 0.0415053891481329 -0.0989066681457857
0.0156951509895235 0.0187155498017549 -0.338141749826832 -0.33669853130542
0.0260628251306407 -0.0183831991917288 -0.664396309635492 0.285002197814516
0.0187250457168482 -0.0252534993168852 -0.0416848189842162 0.774007510024177
0.0248107125486699 -0.0178769227461821 0.533175054366707 0.28106786786189
0.0267206334592674 0.00777344836622173 0.388062272869605 -0.221614967217854
0.00616179079620698 0.0162638567834452 0.113249165887175 -0.324929913471751
-0.00667049402986998 0.00426743580759318 -0.131652534457459 -0.205449655512886
0.00477889266347973 0.00557987518082988 0.0237802656768226 0.173778393085925
0.00534693639975279 0.0465741866519495 -0.219594150784441 0.0901342830109368
0.0262077899606762 0.0359330746615474 -0.368571175913095 -0.175334196825442
0.0200662861393175 -0.0230745930705163 -0.0297160370828345 -0.555778201187422
0.0224670680073777 -0.0381856217789402 0.618974182259971 -0.327864460049795
0.0361505364054178 0.0108692135530135 0.600157227713895 0.285700301595838
0.0247156834620773 0.0903389406661168 0.172282965051813 0.364567059810462
0.0130491727972693 0.0885742246161359 0.0467062389205133 -0.0743440059821243
0.0368544640011027 0.0405097532575347 -0.297195641150704 -0.36416974506
0.0411743710669914 -0.026072654617339 -0.699204001430555 0.184641491262446
0.0181959387465117 -0.044219046644608 -0.15698986617594 0.765249240629774
0.0305903633399627 -0.0270279575461675 0.502454367083828 0.373289902704982
0.0405165994509976 0.0166958887623763 0.423208695593147 -0.160564091121099
0.00826817845761473 0.0269591283252069 0.141834600823408 -0.30767585973866
-0.0120843263155258 0.00336270713687839 -0.119719206691564 -0.207680095989565
0.00341492194251792 0.00330284542219084 0.0286948817089283 0.177064472202102
0.00625407403074601 0.0496337746012466 -0.211523930473632 0.129028116501925
0.0333612880720221 0.041065466186813 -0.389763075367763 -0.0862281175994055
0.0220991776462067 -0.0268140878692089 -0.151330973198437 -0.517281199620775
0.0229054824649302 -0.0518498725949736 0.506003655525592 -0.459041750988167
0.0504098501990096 0.00299152067004669 0.642653522681072 0.134339346358682
0.0456170536757021 0.105108113611771 0.229716829025815 0.349287416497788
0.0179248678290538 0.117319203557614 0.0557881189397679 -0.0373495472177819
0.0470208516891513 0.066158645869408 -0.232795153736113 -0.387628770466083
0.0556467218573046 -0.0197831442286863 -0.725509311941355 0.0310138765682458
0.022762159035121 -0.0531359702350257 -0.330839110696432 0.719594932336003
0.0334148434260003 -0.0326887190825278 0.426927449145851 0.496222724141686
0.0481703294388806 0.0213390847663502 0.459107376129178 -0.0638681962529456
0.0104633361195486 0.0358836800267041 0.182582186376759 -0.276938761304229
-0.0135480970702921 0.00374469395950087 -0.103960250945279 -0.21017575358966
0.00233184626244116 0.000995379526111585 0.0405316850007665 0.177183153549658
0.00459797060118463 0.0463759027904788 -0.196163511803388 0.170326593822871
0.0342858036414562 0.0399386617651534 -0.393198332766891 0.0144622344786581
0.0189710765189033 -0.0251031647518683 -0.272320821438699 -0.438001553434709
0.014405578823822 -0.0583420006824985 0.350398450634797 -0.564757565229621
0.0513420072550974 -0.011404899117943 0.654371212176613 -0.0347645614936751
0.0623402439431262 0.100601026592806 0.296134625366359 0.320464255077369
0.0183592377573543 0.130733993067848 0.0672288621960899 0.00852906319440691
0.0416509452484418 0.087003471355394 -0.153446088056954 -0.398453787768113
0.0618445128292808 -0.0011137231225112 -0.714333490365922 -0.153004470476305
0.0280690104725987 -0.0503255213836861 -0.524998226521488 0.619298236506804
0.0332086862967696 -0.03486155861075 0.301248526912772 0.613556769478264
0.0476860966727284 0.0207739809672882 0.479490233601729 0.0538471611498182
0.0104937382541518 0.0388206055244167 0.224450381857273 -0.236317533176154
-0.0133883976456323 0.00323413510153702 -0.0883957826500083 -0.214156400936481
0.0191215142696776 0.00704511542307947 0.04004403148897 0.171051931812623
-0.000888175675816023 -0.0243917033321667 -0.195052384211064 0.0979656571683111
-0.0387308023795871 -0.0150811830935192 -0.396146803729122 -0.133324062432286
-0.0283370230945071 0.0215064206767352 -0.130238869538602 -0.527082869293383
-0.0307952426481756 0.0368276342006657 0.53412890222042 -0.416915351612232
-0.0580471086443816 -0.0177164187624005 0.648269076991165 0.194872143084034
-0.0340838012618455 -0.0688980372734098 0.227942864918306 0.378132221286915
-0.0264889286841348 -0.100122444972117 0.0646857738898051 -0.0287821940098302
-0.0695752957182934 -0.0573115996174094 -0.235995834477692 -0.364227254389841
-0.0373859882323589 0.0380670123636909 -0.717284860614378 0.0880373272278243
0.00204246762688364 0.0598728434605407 -0.289832996633778 0.746191788586348
-0.0185867584463543 0.0161352014855903 0.444311775588411 0.442081403075068
-0.040256453954077 -0.0342897269967656 0.45317880914991 -0.111725787834527
-0.0013355826409243 -0.0339039375590493 0.177985138851912 -0.294733909449356
0.00943476266216359 0.00173840828024989 -0.106454120182957 -0.215976438099238
0.0158508886035297 0.00566752040562787 0.0345216761084889 0.171134369197106
-0.000377759555937359 -0.0126177374913694 -0.204095741668463 0.0645051658663013
-0.0276705106472763 -0.00832522585255189 -0.37381024350616 -0.204257364418491
-0.0189021133541312 0.0138015042526582 -0.0113091652599446 -0.554503005819643
-0.0270009068629269 0.0187958260566792 0.634835401573104 -0.291406574907499
-0.0443563493562055 -0.030251859686503 0.598422097349884 0.327242130346523
-0.0188264489640422 -0.0584423173115083 0.169584973114151 0.383894591379279
-0.0204588576266048 -0.0769404825181329 0.054809647978025 -0.0669583880031433
-0.0579489007009409 -0.0362320993412214 -0.298822449315766 -0.346917061437349
-0.0189296355668437 0.0349656518425847 -0.689807268851045 0.223685032618847
0.0131701299918703 0.0438491911678359 -0.130495925237299 0.776746075453912
-0.00927310372946798 0.0101578312920683 0.507010151262878 0.330016298696635
-0.0265333412306217 -0.025056479448008 0.414537039675756 -0.194771708015882
0.000891878756827318 -0.0239524377168315 0.137062934413388 -0.319483921772986
0.00762898562448628 0.00363894738163303 -0.123351284758014 -0.212078709238731
0.0140701799689405 0.00443846060612295 0.029798907440242 0.171009156131204
0.00055200622545967 0.00336661149430958 -0.210242121517271 0.0454785764697638
-0.0138833037077715 0.00214508675529365 -0.349321886219169 -0.247362647479052
-0.00860573055476581 0.00487242785347323 0.0737068287736798 -0.560963127885292
-0.0158744375287709 0.0022705305268193 0.686164126494303 -0.196457033517667
-0.0250263011396819 -0.0272453596297643 0.55003898721503 0.409279755168822
-0.00667820525001849 -0.0283509078035775 0.1313437740067 0.380373928111899
-0.013340663566219 -0.0406907263376934 0.0465113072825936 -0.0936051665366615
-0.037495653742348 -0.0170092889143575 -0.33886520353822 -0.328626728762678
-0.00144130009066115 0.0198541208860989 -0.659436972552588 0.306908268642923
0.0192785609365179 0.0215292355024146 -0.0267999440790487 0.779285522410423
0.00381619575528874 0.00175085945502411 0.532300334145989 0.256591148717745
-0.00853241795585007 -0.0133201679183056 0.381534279003296 -0.241615252035185
0.00281705856088535 -0.0111423539708531 0.110759691996345 -0.331806762441554
0.00282624645513584 0.00550571248135879 -0.134671267629656 -0.208747988662486
0.0114518867137086 0.00513778314234471 0.0260710171747755 0.172079454166064
0.00265943319504365 0.0215900729556023 -0.215364250644908 0.0433757763628955
0.000916270349776829 0.0146310951593789 -0.338951845519473 -0.257254763153204
0.00336440872853671 -0.00505949527556133 0.0985276663097457 -0.563186715297253
-0.00156652259789072 -0.0111767209816547 0.702633449153297 -0.168627820544562
-0.00518594598117698 -0.01235814038858 0.533218654775336 0.429350403834074
0.00150032371766298 0.0137151073264957 0.119715244853087 0.376630159314715
-0.00275995026007752 0.0023475059898721 0.0409168199987136 -0.105644869027158
-0.0104928284528674 0.00056919686312604 -0.353194800334733 -0.323401503948451
0.012581081410703 -0.000889995756512129 -0.648188451984808 0.329954251009433
0.0207822477110562 -0.00261987736712793 0.00633034716472784 0.778218645470831
0.0159595293814213 -0.00798225152693073 0.543507529320512 0.238874873483183
0.00992081563664806 -0.00188334416457695 0.372687443248039 -0.251752113151383
0.00421081673795989 0.00272448770245732 0.101122921584172 -0.333758306504621
-0.00251276913944239 0.00561085691661921 -0.138590847615704 -0.205683290114093
0.00721221283638055 0.0066729425713865 0.0241234094867105 0.173946152689162
0.00424495164943764 0.0373593677594219 -0.219212557785375 0.060508644446189
0.0152866709093106 0.0260566511142306 -0.348940613454687 -0.232445830454732
0.0125728084109981 -0.0153020714540547 0.0608443961911079 -0.566549542093913
0.0134832532035001 -0.0232908850170118 0.681755675037834 -0.220576763375564
0.0156583161916974 0.0040174066794978 0.554990968453742 0.387020420606967
0.0103604711916953 0.0572977411778786 0.133261822336379 0.372013921944752
0.00634130197533672 0.0478910458658688 0.0411682258349058 -0.0996532361656765
0.0166168711343272 0.0187450210525584 -0.341637051899037 -0.337010896718089
0.02641112960997 -0.0183234871098588 -0.664695970635874 0.290254450339801
0.0192870722652793 -0.0266124146422929 -0.0380948272595067 0.778740524863797
0.0246982857826721 -0.0174474684114852 0.538639939987121 0.279459042809859
0.0272403797340376 0.00870928307297669 0.386457753307501 -0.225099157196683
0.00692242296579956 0.0167138316441566 0.111993456467863 -0.327796095722247
-0.00778626436641801 0.00484136893925705 -0.133195014869397 -0.206056561665371
0.00534142582191312 0.00508315610188454 0.0260809216857044 0.175388907659987
0.00614391792889741 0.0469418026875959 -0.219212905438355 0.0921373538986192
0.0271026996441177 0.0359603799930399 -0.371506616735757 -0.172852761149971
0.0198005574567214 -0.0235791816532472 -0.0328653856433962 -0.5589577239743
0.0227910042519235 -0.0387679206671522 0.621087154170086 -0.332298853915822
0.0359734824771351 0.0107173093793134 0.605325187539804 0.28341485333614
0.0265384789884984 0.0903305509950747 0.175159753275296 0.364929136760377
0.013958214401799 0.088162106443581 0.0461281901904539 -0.0757048519066441
0.0376180170331355 0.040675883395103 -0.301277939092171 -0.363827714000637
0.0416209709844082 -0.026514619294246 -0.702739669094148 0.188513662320175
0.0191242896263157 -0.0449260216064658 -0.152081658292312 0.770261201270202
0.0316170379987592 -0.026808376146214 0.507893972536789 0.372443145639771
0.0405930882166618 0.0158915334977759 0.422572423355205 -0.164472781482446
0.00880869978191881 0.0283907843496671 0.140754834708421 -0.311432125546099
-0.0115121204014197 0.00402955377788762 -0.122381187034794 -0.20725161029083
0.00320638130568526 0.00314803319918783 0.0316476943945585 0.176929946957568
0.00571905016585629 0.0499156460033317 -0.212037169821721 0.132012247788626
0.0342681636771446 0.0402238671607243 -0.391751040763916 -0.0835281544792583
0.0215693121966227 -0.0269798619345366 -0.156982525250902 -0.5177907867402
0.0222025056623923 -0.0521231980803147 0.503562101885751 -0.466013269876592
0.0501609825462403 0.00268765519343791 0.644952062294169 0.130918452785211
0.0474050866256572 0.104747879705187 0.232427290167468 0.348474565288144
0.0189790963106261 0.118157973392958 0.0555979026990249 -0.037894563105773
0.0476062948485153 0.0662093420921492 -0.235593341839728 -0.389879151043363
0.0552442093978858 -0.0197482666678831 -0.728971356133722 0.0332157850179678
0.0218547932415461 -0.0541177548323159 -0.32835297908779 0.728488286688614
0.0337522503769227 -0.033674779325082 0.433004270510948 0.494871163133909
0.0480803520522171 0.020538689492928 0.461696728588853 -0.0670307633185531
0.0109932238671791 0.0360297983717607 0.180506793276277 -0.280996795603226
-0.0133338592708 0.00383787636517434 -0.106691574452336 -0.21004412902732
0.00210846814808721 0.00120257844727016 0.0436796216165615 0.178323755869763
0.00489507027289419 0.0468269201128313 -0.196069748083952 0.173680863018216
0.0360218227475908 0.0412504820595958 -0.394292059592715 0.0182430711600645
0.0185618885385077 -0.0251883651186697 -0.276213817129209 -0.437554796581606
0.0134247016458775 -0.0587736235199353 0.348792494829335 -0.569459625451714
0.0520034374914244 -0.0118713070869147 0.65503443300962 -0.0404455314168605
0.0632855882354195 0.100472756181235 0.298521738205798 0.321164238169505
0.0195314193136291 0.129967474044468 0.0672255909384782 0.0073483293055054
0.0419621544738031 0.0866733062467153 -0.156154746986566 -0.399463084748797
0.0616589071003181 -0.00107362013392521 -0.717326523253357 -0.149431798889215
0.0278794516184456 -0.0510625986465917 -0.523672451743702 0.6254370198708
0.0329010016893367 -0.0349905964162014 0.310015955813422 0.614353625836792
0.0475676801441188 0.0215356157159319 0.483093826228038 0.0501813692841959
0.0116335835445496 0.0389662094735597 0.224205053933667 -0.240164302695978
-0.014457046899995 0.00459150019190848 -0.0908134985460364 -0.213891494165079
0.0194010904802221 0.00637019967537645 0.0419221688669594 0.171514621227082
-0.000392294298891416 -0.024668806711236 -0.195683391858818 0.100359682517566
-0.0396420451371593 -0.0157124194370808 -0.397912188708278 -0.130276611274464
-0.0285115947106869 0.0209028631675881 -0.134796542838428 -0.529031686451229
-0.0303278710474884 0.0367799125760727 0.531058278287214 -0.421623764798009
-0.0584427488913532 -0.0172407222359547 0.650696330596118 0.189848202103085
-0.0340091784948643 -0.0693493727544357 0.229664295325254 0.377774567664841
-0.0262033398247194 -0.100310955958252 0.0643532212136316 -0.0293594877014962
-0.0700488023637747 -0.0563016703044392 -0.238988830181288 -0.365984821251931
-0.0366588823213133 0.0383963194561411 -0.722089059850026 0.0931582632171033
0.00349243023940688 0.0594740261635164 -0.285234976449766 0.753564018013982
-0.0191483951172082 0.0164340227658872 0.449328180458363 0.439332618263471
-0.0407660095483053 -0.0336908333637541 0.454386218781845 -0.115435569052362
-0.00146147178380806 -0.0338987516697488 0.175116955540191 -0.29778938095014
0.0105419960940228 0.00128092878963269 -0.110609616048903 -0.21695895771989
0.0167823894657225 0.00439199143440745 0.0360416932568981 0.172230313826742
-0.000593661650710546 -0.0131983838946527 -0.205765908289848 0.0669053276392433
-0.027691709899764 -0.00814425928956179 -0.375983138876349 -0.202513177118196
-0.0185510099079496 0.0143924589933008 -0.0164832717274141 -0.556680966397234
-0.0273871464283076 0.0191517336879662 0.634424584888781 -0.296067318931708
-0.0451689153561889 -0.0302855959198442 0.603202415378644 0.324110307977643
-0.0187222098761876 -0.0588307044752291 0.172383678119229 0.383787124645856
-0.0205840363160008 -0.0769887209432752 0.0536589463942531 -0.0672291392730433
-0.0594182338410318 -0.0355382581895835 -0.30249298020515 -0.345946009112582
-0.0189556171999452 0.0353165388449119 -0.690839159660232 0.22945824854331
0.0139005403978287 0.0437458393354114 -0.125281368747243 0.779899813161409
-0.00930876889919599 0.0102602755266563 0.510382925092938 0.329368512350749
-0.0269920608575394 -0.024980730027398 0.414900474353708 -0.197544971052006
0.00129762348377347 -0.023640472851816 0.135455529698989 -0.322432445296615
0.00713652812046364 0.00382177387978794 -0.126061208422757 -0.212477015106137
0.0145538093411359 0.00418724442774153 0.0320713665132965 0.171452838231253
0.000756801715574457 0.0033808271182175 -0.211489857697306 0.0472304587357418
-0.0138814722708059 0.00262653734718259 -0.351629168373237 -0.246396138307108
-0.00792058481489139 0.00527250096140093 0.0705997194341981 -0.56484772147941
-0.0165344560286832 0.00219713838952106 0.687208058141606 -0.202441210188335
-0.0251123430398734 -0.0272072930975738 0.554931669906239 0.406757118132629
-0.00698599539905017 -0.0287268090702359 0.133889728123685 0.382560710291224
-0.0125066235061756 -0.041316208274468 0.0454797558725494 -0.0954755175917677
-0.037348779862985 -0.016872219625877 -0.341899465143354 -0.327623325487132
-0.0013925491011406 0.0197351747449442 -0.657866259830414 0.312625381721205
0.019765909271438 0.0218049977585983 -0.02007928914621 0.781991025440455
0.00349780766503161 0.00103347708342693 0.537645234750281 0.256217399056326
-0.00915662532226384 -0.0137502074856255 0.38224937989948 -0.245897502640787
0.00288274884458406 -0.0110310511770912 0.107187480031206 -0.333742779588575
0.00330199406209042 0.00541197824613733 -0.137539257220465 -0.208059244018709
0.010478381358682 0.00481580812467923 0.0281893619967085 0.172220039093896
0.00257080286797713 0.0211416741098451 -0.216485072772321 0.0455337174107494
0.000828527671734327 0.0147173910522283 -0.342904224922283 -0.255037844054256
0.00342360667333066 -0.0057960948757674 0.0960178568042945 -0.566433919955767
-0.00163493417628267 -0.0106128109203986 0.704805319246469 -0.174346949011225
-0.00566982690720397 -0.0119773680601401 0.538191630688137 0.426596646977374
0.0015273421493633 0.0135380908432531 0.121343988509329 0.377479040118642
-0.00317461742327469 0.0015250440132577 0.0408544206213009 -0.106746269657548
-0.0105490250297416 8.80322158220087E-06 -0.357218808061905 -0.324754922402294
0.0131053855983201 -0.000272463817985652 -0.647248178143749 0.334668701303152
0.020466679180634 -0.00362420727345188 0.011723832996727 0.782099252686798
0.0149618301089154 -0.0074396877827766 0.547839150133071 0.236290473760786
0.00997051282986725 -0.00171975337543459 0.370907475251139 -0.255516271985119
0.0046271642559035 0.00291035568028641 0.0987301237305673 -0.336102713424334
-0.00292267751070304 0.00510123882072995 -0.142021976847054 -0.205374104427072
0.00785142034745187 0.00536549981658346 0.0261982808527607 0.174049085897631
0.00477878079921371 0.0376169048905516 -0.219831352324772 0.0623778439436718
0.0152655190190409 0.0272715942347649 -0.351215605833017 -0.230256604154682
0.0135072061065944 -0.015258503194794 0.0561478900605534 -0.570572206780469
0.0135861763790166 -0.0240863158459905 0.68296094378648 -0.226437774447443
0.0160980747694013 0.00439402160028822 0.558403613724851 0.384996826035995
0.0111785691178104 0.0574858242598608 0.135852063683338 0.372912497595151
0.00668227980295169 0.0472169229586684 0.0401377542086903 -0.0998925486143573
0.0163825907759305 0.0180795940931598 -0.34431847219964 -0.335139721141337
0.0265820482190422 -0.0185705688196112 -0.667246482103478 0.294977828608698
0.0192182458155375 -0.0270605966107408 -0.0312918940967174 0.781242839130153
0.0250053953676388 -0.0181130122701405 0.542122815607734 0.276369450248851
0.0276245509708167 0.00815516826634677 0.386341626880165 -0.229358982328231
0.00668934766944684 0.0163647643752885 0.108855506813165 -0.329849262169964
-0.00731752885835452 0.0043781015388042 -0.136577428261999 -0.205164014214574
0.00448587351008923 0.00477174963601834 0.0282809294321841 0.176163196407186
0.00638617538510267 0.0475230377208752 -0.219359811393788 0.0956758452147318
0.0281669969548456 0.0360234945371362 -0.372583019520421 -0.17025125663394
0.0197624140548056 -0.02419245870783 -0.0386525355042081 -0.561683510943205
0.022077816864013 -0.0391439016854551 0.620751739169561 -0.33753974164033
0.0358395918950799 0.0105389201640364 0.607732984340424 0.280748193700456
0.0279743519788976 0.0893359583488978 0.176454554062576 0.365257474708476
0.0149437825561489 0.0882446801245833 0.0448955570303485 -0.0754751113946102
0.0375848264887314 0.0413601736761833 -0.304037322923221 -0.363340311209978
0.0416205787312876 -0.0269547895533298 -0.703043635170697 0.195687776914719
0.018789744072885 -0.0453545235458178 -0.146506921378177 0.773868152550252
0.0312088691267937 -0.02757884055585 0.512893609047719 0.37003944300531
0.0417453163346127 0.0160970988212567 0.42322818044614 -0.167483347994585
0.00869798772118104 0.0285715535939492 0.137975512002464 -0.313466607671397
-0.0109846699728678 0.0040173997318756 -0.124936936318099 -0.20721800804094
0.00308863483616034 0.00286298948876474 0.0341690401286617 0.177438699153231
0.0071846856377201 0.051037654109841 -0.212520581509559 0.135659488990013
0.0350833552106513 0.0401894904136722 -0.391718445519256 -0.0812057717554334
0.0218496432320535 -0.0273451247152887 -0.161909315215145 -0.519871667780154
0.0218549920071181 -0.0528316640505609 0.503651523458571 -0.46941836834908
0.0508852602920342 0.00308603683958378 0.649660073873634 0.12680997641038
0.0478282679587646 0.104754656859083 0.234397720715518 0.348728574877907
0.019572255043759 0.117567988029681 0.0558914682091582 -0.0378768307677486
0.0480965105337345 0.0660990422250416 -0.23888689073704 -0.387566162589375
0.056173120493442 -0.0200711973356342 -0.732229950857936 0.0379434816899079
0.0218617494498887 -0.0550077898678905 -0.32292208958097 0.733735819387018
0.033731470094546 -0.0342330501674915 0.439286051611343 0.49549243056092
0.0491808571679613 0.0199387227161967 0.46097002760678 -0.0704668937190841
0.0115299399546022 0.0362435182128079 0.179786418727536 -0.28324612072933
-0.0133548367362679 0.00470949647864328 -0.108447189796797 -0.211281556450392
0.0022666483560513 0.000618963105772386 0.0451879236022468 0.177969233735013
0.00502344731539356 0.0469248487404475 -0.195169892193533 0.175831257887278
0.0363636868643442 0.0407775004295959 -0.395923579731958 0.0214760874798874
0.0188607394614483 -0.0260060751335486 -0.27940119339031 -0.437442536150269
0.0130722803228563 -0.0584383682161168 0.348757309475055 -0.573466780034332
0.0520176456730835 -0.0121664754090804 0.65724925438524 -0.0430872369754288
0.0649749779511973 0.0998587664230795 0.298668648393198 0.31974224554289
0.0203033381400412 0.131018058431513 0.0668483517004399 0.00666261802922011
0.0426241549052797 0.0862722078700711 -0.158135976045891 -0.4004596895587
0.0622749747847735 -0.00114001363408138 -0.720999160946575 -0.144679243835253
0.0273298195520761 -0.0513414734776254 -0.52106929855627 0.63143269192999
0.0331727105638319 -0.0354768684139082 0.315275568680771 0.614471744948924
0.0486222496019707 0.0215921044292888 0.485933528593553 0.0471224521534786
0.0119564620204813 0.0389267140034633 0.222503104427383 -0.242726119892373
-0.0143601246564098 0.00464825190455771 -0.0942972454946401 -0.214117291520393
0.0198676003590772 0.00635887695620207 0.0444695238588515 0.172549546791617
-0.00089820702053044 -0.0244231197670143 -0.19539137479122 0.102225267062862
-0.0406001698229094 -0.0146327185561371 -0.400909160020091 -0.127200968812055
-0.0282424651373945 0.0213041019690875 -0.13780144004109 -0.529304211536874
-0.0306303054588373 0.0367325893380774 0.529350137566629 -0.425993010254774
-0.0590477858954168 -0.0169806625068438 0.653668956534238 0.188484905333193
-0.0342642169592474 -0.0685495549067267 0.231222259815476 0.377498042935113
-0.0271065020173888 -0.100335964751875 0.0640746590640952 -0.0298648846473042
-0.0703442832383232 -0.0559608694314246 -0.241559562662955 -0.365354915552556
-0.0369866613128981 0.0384682666843635 -0.721160577043491 0.096756661047381
0.00370438973543185 0.0599917312381857 -0.281670704849939 0.758171829393703
-0.019063667467835 0.0161453526928191 0.454535260440263 0.438821028254292
-0.0420065567352614 -0.0332994926260939 0.452606884971341 -0.120153882523898
-0.00206109107382558 -0.0348566881538634 0.174467554669693 -0.300279850127083
0.00934276610411525 0.000925700408448409 -0.112661245005353 -0.216988499885868
0.0171416011175439 0.00405832276343293 0.0390688787104376 0.171409809185203
-0.000482330546386745 -0.0123804316776076 -0.205789667661576 0.0685178300191495
-0.0284455813882084 -0.00773319072297842 -0.377560574782781 -0.201415177838321
-0.0186481297224021 0.0144376582854023 -0.019666679295425 -0.559209927916282
-0.0264445290833767 0.0192403122579665 0.633318774695764 -0.303083362922362
-0.045506729413566 -0.0297305787486785 0.606536100160855 0.321076587501447
-0.0181590292807558 -0.0580432516949236 0.17374977223993 0.384167819551623
-0.020416106419641 -0.0773894539213239 0.0536273163751709 -0.0679800667361471
-0.0583143337198082 -0.035624575107826 -0.305089640811315 -0.344061223750276
-0.0179364226372555 0.0340715836129222 -0.690794400968911 0.235480644367908
0.0143850064629854 0.0434032609806626 -0.119607159364826 0.783534498956151
-0.00856933429551914 0.0101695130712248 0.51531486304972 0.327506383681737
-0.0263365084272067 -0.0248000820286002 0.412346187779586 -0.202218501308825
0.000995918598000243 -0.0237815178417762 0.132404904863727 -0.324473718411724
0.00688265368710382 0.00383459673717767 -0.128844472007881 -0.212935547389972
0.0139756584397217 0.00377079453995817 0.0344320586000196 0.171946772374554
-0.000361550114712539 0.00273037186732416 -0.212180323004271 0.0491120133711596
-0.014333109509379 0.00263883183143556 -0.35330300461885 -0.243433903635335
-0.00773035559730377 0.00542626220373089 0.0659695574657149 -0.566004744536835
-0.0162965680037726 0.00265820269022114 0.687551242513209 -0.207460744153106
-0.0265530664567816 -0.0272660892763219 0.558377008553744 0.404026488310714
-0.00728732007951377 -0.0285701872241104 0.13575369813493 0.381940014225128
-0.0122363581210506 -0.0423608120904818 0.0446527453536214 -0.09499993963301
-0.0379958632053132 -0.0167271845713476 -0.344465216807437 -0.326985392861132
-0.00126992918774525 0.0193961836788318 -0.658782944415268 0.31787294050442
0.0196796195556991 0.0218516230625915 -0.0149174590871494 0.786524780230325
0.00290071735388147 0.00183915548131352 0.540612605691574 0.251703927116054
-0.00948449055275167 -0.0130041100338737 0.380394783572322 -0.248892735219026
0.00270014963866558 -0.010949805798807 0.105740525271066 -0.336220088900498
0.00283049356496992 0.00463663564807049 -0.1398938477182 -0.206667843586307
0.0115527979824736 0.00460302632882833 0.0295428552941054 0.172344169695069
0.00289814039898974 0.0216240608392943 -0.215941459197923 0.0482365189937194
0.00113057117874373 0.0153600693737952 -0.344494577402928 -0.254894752119395
0.00291210483861485 -0.00578135806102334 0.0915019877014681 -0.570333731460115
-0.00192621014350666 -0.0107320270562691 0.705414261978538 -0.179306763670583
-0.00620991971968018 -0.0121853323402334 0.541203084379983 0.423391063819827
0.00154326084309265 0.0136756055684851 0.123524194527401 0.376948814361177
-0.00255892818036769 0.00229670382583724 0.0394397981053423 -0.107645833417377
-0.01106085061523 7.97965718288985E-05 -0.359166612736775 -0.323950808559297
0.0127977202975133 -0.000259942580111925 -0.648728142683736 0.339148345504217
0.020549175140673 -0.00352934906645839 0.0186839527795408 0.783365371277834
0.0154252913604418 -0.00859772122989772 0.550853130353185 0.235463347483015
0.0102154505477666 -0.00266047357981718 0.369819461879022 -0.2590231420377
0.00416294866777929 0.00248939331048943 0.095649551609153 -0.338996834271347
-0.00146797337858189 0.00585239952388622 -0.143540840643464 -0.204893630356567
0.00748397191641171 0.00495794180044842 0.0279226406084648 0.173808975895544
0.00520598636328032 0.0376671894487971 -0.219317847342248 0.0650795216934911
0.0157510301389906 0.0272659603018091 -0.353938143416923 -0.229704243991788
0.0125082165779692 -0.015277424440911 0.0533011471951167 -0.572495105735239
0.0128460912285219 -0.0237358930945126 0.683279142782347 -0.23248109234396
0.0152146160538907 0.00428535015093155 0.562212734426273 0.382334910591164
0.0119577589219263 0.0576532811322701 0.13722197125371 0.373419311948951
0.00701069895858138 0.0475350627834116 0.0396717171917158 -0.100337048364266
0.0157778994164571 0.0194588434498762 -0.347596628263121 -0.335695074300204
0.0256158519037074 -0.0183626017565511 -0.663761151140329 0.301509669174162
0.0182730301889807 -0.0277084235958469 -0.025074310879743 0.786737497169929
0.0248086537092417 -0.0183034074882577 0.547269314818152 0.273948258944565
0.0278239134854133 0.00845355469137784 0.386620858383017 -0.233829094650917
0.00714663562603753 0.0169626653652496 0.10702276573187 -0.332557502484453
-0.00701806178700812 0.005085726545365 -0.137984888651706 -0.203963053629475
0.00441716129313431 0.004028068193915 0.0298989574705281 0.175419191302513
0.00726909954472958 0.0473886154550791 -0.218385639979518 0.0977448937012611
0.0285533259807673 0.0356581547197403 -0.375120687987278 -0.169621032261034
0.0200096152774984 -0.023756276755288 -0.0405146139509994 -0.564150878230769
0.0225369695275648 -0.0385763954940927 0.619171583275485 -0.346173310895304
0.0361849910840646 0.0106235903355621 0.611220017937297 0.278359473001791
0.0276312083545195 0.0895166447399603 0.177976363783796 0.365610548908515
0.0154758909258892 0.0883731645910979 0.045336192381675 -0.0765581250838004
0.0374660112425048 0.0413659817128034 -0.308303924215566 -0.364023421609536
0.0405950661588189 -0.0271931620997397 -0.702380645688003 0.19998533798332
0.0184871439496253 -0.0463326377743659 -0.142222596121127 0.778564951774215
0.0311172418515572 -0.0275142855741097 0.518870623991576 0.368596647403454
0.042292671238988 0.0157720408024264 0.422163330574565 -0.170875406564808
0.009572549937655 0.0279227941074369 0.135579309813692 -0.316006212131702
-0.0114247500210507 0.00476403139215922 -0.127659940039655 -0.206880354806148
0.00210837355986884 0.00254564895734075 0.0353245852165918 0.177813579657186
0.00735267270932353 0.0500345921768288 -0.210360757320633 0.138214774160988
0.0354585676119142 0.0405371689964456 -0.393840541310275 -0.0781628468330262
0.0213272559126838 -0.026991060298648 -0.166009550480232 -0.521180847933037
0.0216252337553447 -0.0533625005284933 0.501441706522739 -0.475239977641581
0.0499233366494885 0.00279388724735169 0.651756642011023 0.122933272235217
0.0492479557381973 0.10399758439286 0.235864450737128 0.348874788223759
0.0200424900437059 0.11833818463407 0.0547300580543027 -0.0383977554335484
0.0484993900486486 0.0658435991441797 -0.242098752447067 -0.388158675830513
0.056237779008953 -0.020291625257736 -0.733509875018546 0.0440406844879888
0.0214541331015617 -0.056130585807776 -0.318649623467906 0.740443336667932
0.0329196372223772 -0.0345477862239087 0.444433116254747 0.494742115201467
0.0498466091845588 0.0206510326778424 0.462484859499518 -0.0744365808695668
0.011439362548156 0.0359665479934311 0.177569472718629 -0.286369199007673
-0.0135772978945044 0.00486424389629744 -0.111825564093626 -0.211173688826902
0.00192834814610001 0.000554789290367876 0.047579665390808 0.178512188260942
0.00578658600401718 0.0465198330330405 -0.19479325799599 0.179133395536531
0.0368091339760585 0.0401587844891767 -0.395157126369895 0.0235582346454756
0.0191937562371127 -0.0258627012144815 -0.283594125305161 -0.437796844915355
0.0132787443721874 -0.0593564585983653 0.344383905547835 -0.578897878343288
0.0513124379182258 -0.0121503839276837 0.659184310441334 -0.0501575600318794
0.06538098104076 0.100495815916413 0.301941995273043 0.319471709656137
0.0214130750911809 0.130490779939717 0.0661999850795666 0.00591907522892872
0.0434119170823217 0.087179591523663 -0.160265625065716 -0.400531402936964
0.06215761587437 -0.00171784282091277 -0.724076269841276 -0.141850805583297
0.0264771501581795 -0.052372247509008 -0.517467843097229 0.64004115392878
0.0331132805227765 -0.0360322894190724 0.322854748794925 0.614629830424164
0.0498302533495002 0.021738366570081 0.48669352706537 0.0434254784283102
0.0116198788176753 0.0381174355934452 0.221052155537099 -0.245723645594287
-0.0140344592088305 0.0047787657153623 -0.0974474762936238 -0.214048237215882
0.0197713547437135 0.00534218421191559 0.0469119478780659 0.171546522311813
-0.000791288599446922 -0.0248783358070397 -0.194944507233123 0.104409269508729
-0.0405232183967473 -0.0143398649568627 -0.401896201191316 -0.123733269615174
-0.0281096187623331 0.0214635402841478 -0.141723575270695 -0.528338257459805
-0.0298243148537249 0.037199458123227 0.528926880665597 -0.43133002146001
-0.0601406784120626 -0.017341270730888 0.656541181263993 0.182710196226215
-0.0342749096452633 -0.0687824894134231 0.233439422899491 0.377022298642093
-0.0273389201345632 -0.100252978652994 0.0640857775385725 -0.0299848610086098
-0.0707415977849775 -0.0551522772781768 -0.243258349132497 -0.36478152258721
-0.0364949302189449 0.0393128941138556 -0.721288145629045 0.102862122553903
0.00499137368310246 0.0595995304503749 -0.276210039824473 0.761608175431823
-0.0189028455884109 0.0163698917859354 0.458120727485811 0.436682701684792
-0.042390575533862 -0.0326403258704671 0.454170596114993 -0.123398121610106
-0.00226719101122673 -0.034839618906276 0.171336013463833 -0.302916559173359
0.00959610094134063 0.000957404012815639 -0.114212283065263 -0.216213872300352
0.0172216708470797 0.00332569437038596 0.040741720973893 0.171354948262842
-0.000314858795476887 -0.0130960925934177 -0.206113751927822 0.0709779830652149
-0.0281553957994762 -0.00746000786594574 -0.379058571375733 -0.1953756581943
-0.018370944044916 0.0146248028991189 -0.0228146440322899 -0.560413278379579
-0.0254026055721663 0.0195488756847421 0.633532504167803 -0.308000264006875
-0.0462057245843607 -0.0286278684502685 0.610617562814115 0.31598060347479
-0.0187437952029154 -0.0586664298501227 0.175964004264789 0.383571730728105
-0.021160259819799 -0.0775466600271582 0.0535910766236323 -0.0685222878152957
-0.0599604656616445 -0.0345527792607826 -0.306563045412327 -0.343398788788865
-0.018138133039982 0.0350440140146795 -0.691151797477354 0.241067093441837
0.0149402964052489 0.0436542890846639 -0.11308364898992 0.788818024169485
-0.00913494560700668 0.00982962682520143 0.517505997653744 0.321349184434065
-0.0294973064082337 -0.0234241378179861 0.411310276566288 -0.205484744600732
0.001450942229024 -0.0244547044786439 0.129705867989897 -0.326428357181319
0.00726707829519566 0.00345131642649521 -0.130924153118947 -0.211445364290696
0.0143567972350463 0.00365136023686512 0.0356966854658268 0.171429059768792
0.00164349274140573 0.00356240093275861 -0.212815976743367 0.0512326655330367
-0.0138297888613454 0.00261528900877731 -0.356182901006544 -0.240341095805638
-0.00757947675733854 0.00486167565530886 0.0612075418722824 -0.569490639418854
-0.016366489857696 0.00225806809274358 0.687846016165696 -0.21254879051205
-0.0272448564172287 -0.0272289952178753 0.562718157388055 0.401048414366475
-0.00621915619780794 -0.0285963646963743 0.137662726362223 0.381857675544903
-0.0126664563222644 -0.043312339852474 0.0429174344577795 -0.0956634752956647
-0.0379616884064712 -0.0163647436414629 -0.347781864639683 -0.325647719783271
-0.00114070430281673 0.0191673825091021 -0.65824133356322 0.322031469457346
0.0209111298690775 0.0217848529268912 -0.0100476895606982 0.789228610220524
0.00324063845857829 0.00142767012618262 0.543749237591856 0.247963935112443
-0.0102407390650744 -0.0131676127940939 0.37917347833438 -0.25284103641571
0.00219985394975226 -0.0106507682824336 0.102667011916809 -0.338044966926373
0.0027928587941932 0.00491137150415144 -0.142280875275974 -0.205698589531832
0.0104302044587507 0.00400737629616582 0.0322024044979434 0.172857289684532
0.00319435759869963 0.0211699229923743 -0.216032432504959 0.0502701207300035
0.00220693903227365 0.0152443888630879 -0.347324203498829 -0.25187478576113
0.00299764216137566 -0.00588765928968419 0.0872753941395112 -0.57103547174473
-0.00157723516876272 -0.0112659883439414 0.704565587406681 -0.185598644398619
-0.00577827307092719 -0.0110180710303151 0.545309751302139 0.421622727322072
0.00278893769487039 0.0133951513998918 0.125041863636587 0.377702007652737
-0.00239450699538083 0.00142459395060979 0.0387342805575049 -0.107320536323924
-0.0111385666114108 0.000568389030717326 -0.36176325696408 -0.320529087840733
0.0122066679112027 -0.000991359177417318 -0.645922303060641 0.345663830873195
0.0212162249854855 -0.00420066052040832 0.0249181892662241 0.787205479149282
0.015478686546379 -0.00864202159494722 0.554307262529316 0.230201663525735
0.00925896240284922 -0.00199748316730063 0.366739472131889 -0.26213423619482
0.00545368535464901 0.0022300354823215 0.0930886510412288 -0.340350419496147
-0.0022459965406984 0.00541340076413695 -0.146366271003164 -0.204023935858591
0.0077534455941969 0.00550611283126134 0.0303107411848049 0.174151417739478
0.00511267951809356 0.0371550521795652 -0.219878651126715 0.0683983463501594
0.0164104219035043 0.0270506894159861 -0.355551528402616 -0.225923634619633
0.0125684191237839 -0.0158613346272043 0.0476937607559731 -0.57381324688017
0.0127498196308879 -0.0242865569488831 0.68166502940443 -0.237765571857136
0.0159293342268757 0.00473429978798978 0.565668728632333 0.379290384524447
0.0125604322131958 0.0563331017589365 0.140617978531384 0.373177608611056
0.00792415682308779 0.0473191722607626 0.0386649638043696 -0.100706291134833
0.0166617624139371 0.0180897376410246 -0.351093704871298 -0.334582707398938
0.0258522721046892 -0.0195250096611301 -0.664428622487787 0.309358069060307
0.0191280869933246 -0.0280941879743371 -0.0180518323415916 0.787633027998603
0.0248548707335466 -0.0185733671866564 0.550232149061614 0.270174765044249
0.027661978633367 0.00851201412140959 0.384926729313859 -0.236191904031019
0.00720008101595826 0.0169146013311493 0.104135674657274 -0.334968673230388
-0.00711620787677613 0.00484061142145278 -0.140415227629176 -0.203743882482184
0.00437221812602892 0.00460748378975929 0.0308923595719791 0.176300171341855
0.00739306808447843 0.0473060098286116 -0.218584349334984 0.101028345904042
0.0287006653820445 0.0354600447490525 -0.37529116285954 -0.166859564209171
0.0196171588254535 -0.0243425436554505 -0.0452700702177558 -0.565530248468772
0.0218562204696898 -0.0391060614153817 0.617543322364592 -0.349351102950754
0.0362039411963627 0.0107981064091993 0.613733749325611 0.273872250560323
0.0298556758559543 0.090752650032169 0.180119254045421 0.365686562673989
0.0165975229950735 0.0874424185858439 0.0448066291357867 -0.077158098958368
0.0379246599595133 0.0407215744438107 -0.309349179358329 -0.362804029490884
0.0416267368419894 -0.027208953789041 -0.702898967372014 0.206152298918605
0.0176519707199767 -0.0463434800542972 -0.134223744041335 0.782562961870267
0.0306215746340908 -0.0279769663958783 0.521682285499543 0.364240723116626
0.0423309736851766 0.0152598822409103 0.421687277156884 -0.174958863384009
0.0094517515492307 0.0280609542324158 0.132993575873252 -0.318204866050954
-0.0116760956948523 0.00539796368763082 -0.130304991509797 -0.206387850634446
0.00268763992694678 0.00298209687797418 0.0375158157739251 0.178470679160324
0.00758415764592147 0.0511989812936041 -0.210723179927845 0.140411365773968
0.0361746935014921 0.0403528358562545 -0.393057306474016 -0.0758702487833329
0.0215560083343722 -0.0273398376227687 -0.169361457545052 -0.521273538418639
0.0210501758931224 -0.0532684901582627 0.49952229950456 -0.480679777727781
0.0509047407646919 0.00282247771729925 0.653709979065618 0.1190057265341
0.0502549964668709 0.10364863887903 0.237933710865542 0.348202921796027
0.0213640962923302 0.117468453653193 0.0547092424658253 -0.0391273662537024
0.048258798078534 0.0668283302773732 -0.243814586334668 -0.388533044556798
0.0546197821005941 -0.0209650010202575 -0.733298535095115 0.0500819361813136
0.0208946651037086 -0.0562692037580282 -0.314242065740597 0.743744700870318
0.0330396197206591 -0.035050890218069 0.449884286184069 0.49181151915339
0.0502238745848252 0.0206807239796663 0.461091043847628 -0.0780779372932563
0.012110200093576 0.035697865908464 0.174391510136389 -0.289337593861111
-0.0133867530528306 0.00525943882886034 -0.114095972505155 -0.209795038208011
0.00163971561960223 -0.000695468547956726 0.0499509958460236 0.177556483257867
0.0069047925366497 0.047040262456201 -0.193559626511252 0.181076807670416
0.0380015810153958 0.0403140156512874 -0.393928870635222 0.0268796836540193
0.0191616240058698 -0.0268906180973361 -0.287083612716108 -0.435759701759342
0.0117077606501937 -0.0593269760524094 0.341680177899562 -0.582900077122126
0.0521537559345009 -0.0129446259855178 0.659019171614959 -0.0536867911671226
0.0668029517713093 0.0995188675992048 0.303255748468375 0.317836385361862
0.0218524287626932 0.130827619604519 0.0669190133997299 0.00630038379771558
0.0438895737884332 0.0864157028082337 -0.163760812697752 -0.401200699871037
0.0619607250563872 -0.00131139543402747 -0.726472696349889 -0.135912683923228
0.0266516455158675 -0.0526393218923829 -0.515630998190063 0.642853825511676
0.0325358424498392 -0.0368348064997513 0.328454517840902 0.614569410114054
0.0499217491152127 0.0215816573159825 0.4878281667474 0.0407461959762528
0.012118978454971 0.0392060593732183 0.219916413168514 -0.247928429331532
-0.0141888444341926 0.00587763993530788 -0.0997275929517883 -0.21388395163133
0.0199864358136885 0.00439718866487158 0.0489879703012585 0.172020228370219
-0.00165260154482632 -0.0256894671702023 -0.195103135392515 0.106634495718312
-0.0405873680135162 -0.0142591438834863 -0.402387904093058 -0.12090324059261
-0.0273086933773102 0.022611184927822 -0.145537747674398 -0.529679650067915
-0.0293691468383963 0.037747614711289 0.525777494648704 -0.436455346627115
-0.0596710037434406 -0.0161952113681757 0.65657541468049 0.17749546866859
-0.0336125561577524 -0.0687519402739702 0.235586667582437 0.375818042293011
-0.0276261205237113 -0.100794337911861 0.0631740710392725 -0.0310619149901201
-0.0715393047009513 -0.055322586093674 -0.247298358331885 -0.363641171271719
-0.0363359818199969 0.0386756754202726 -0.721029235867563 0.10720141133442
0.00562399883649672 0.0599694998487701 -0.270517358552442 0.763688057166888
-0.0190433089358911 0.0170809398239208 0.461379752316475 0.43427385547674
-0.0437433095019742 -0.0322100754576809 0.453955300656925 -0.127452281944376
-0.00265986798896162 -0.0350668215827978 0.169872494082559 -0.304842530738137
0.00936849911899538 0.000679074927577536 -0.116540660294008 -0.215564469337793
0.0170810412231837 0.00345530347331157 0.0432170939435799 0.170872537468843
-0.000865619122210043 -0.0135032960248199 -0.204929455687128 0.0724962240230075
-0.0286136794893439 -0.00731978046281132 -0.381381533315698 -0.193313194010832
-0.018390693275794 0.0146307022794461 -0.0267893330668065 -0.560402734433989
-0.0267360866043322 0.019664993220894 0.63144387541827 -0.311675588548967
-0.0465323268198327 -0.0290114740635005 0.612263201150051 0.314605741207519
-0.0181922453323967 -0.0583240866996261 0.177386589240382 0.381566272106067
-0.0215198577602082 -0.07766325203194 0.0528844290104087 -0.0692895934636102
-0.0599567733789858 -0.0351197319571416 -0.309141025239835 -0.342118390303283
-0.0180841455223318 0.0345468960711265 -0.688285142325455 0.245173669244896
0.0158547217758838 0.04362664301262 -0.107525946810401 0.791416114517041
-0.0085762297623624 0.0101760017544055 0.519702346715254 0.321012379451
-0.0286311289994727 -0.0241487255090467 0.411202216795447 -0.208039569312858
0.000627794125786296 -0.0244417980185023 0.127731919289696 -0.327784009894537
0.00709322829607569 0.00424052811105061 -0.133241122179128 -0.210199433502342
0.0137466324706815 0.00278278005587917 0.038055499138887 0.172614204822162
0.00106475145877239 0.00362785744679658 -0.212419042883015 0.0538065787772061
-0.013811127695309 0.00334241047094036 -0.356269792410123 -0.237468796646989
-0.00768244217590675 0.00539816354230469 0.05656733983613 -0.569653504667041
-0.0157637234433262 0.00320198837809617 0.686467073887551 -0.219477455267641
-0.0266943195569251 -0.0265237425255529 0.564833656986834 0.397348227672113
-0.00575627825907903 -0.0289163996466029 0.138569688589008 0.381002710565693
-0.0127956155515275 -0.0426311599218679 0.0439400950300311 -0.0968533574600966
-0.0380401928091923 -0.0157611823596145 -0.34878419719284 -0.323564126473485
-0.000974906363598923 0.019836973311848 -0.65587004110592 0.327029429605614
0.0209733393214486 0.0203114269698055 -0.00454254365477811 0.790653925983673
0.00306384788743066 0.00224680845053531 0.546354797947513 0.246759088617898
-0.0101748922194032 -0.0132349581252782 0.37623445029358 -0.256143285461413
0.00296222040163243 -0.0112280832639966 0.0999646222380725 -0.3395321877601
0.00261529217810723 0.00597265348187808 -0.144886887175201 -0.205661397181335
0.0108053238373881 0.0044918464345833 0.0343009443538197 0.172536465376954
0.00323732241427432 0.0211553857158004 -0.216053228150362 0.0522513879808789
0.0019994823449254 0.0160922933851512 -0.348723860752912 -0.248983681418569
0.00362668260236413 -0.00545406130100994 0.0835010329257573 -0.573260725837798
-0.00170588198878542 -0.0108806428773728 0.703688752380009 -0.189144662223916
-0.00592779401902369 -0.0112622439884688 0.548382474584082 0.417476652837813
0.00330746599479032 0.0124877725860439 0.126477265664513 0.378342371501327
-0.00194337174342143 0.00135333037905558 0.0378676438341156 -0.107514516281435
-0.0110510469441017 0.000727127521302109 -0.363608637056205 -0.320876072116529
0.0125527803921962 -0.00105415823604448 -0.644750324235053 0.351958631456017
0.0210131676892881 -0.0048108513447237 0.0320902605362384 0.786571463141834
0.0157313728780987 -0.00884288260410418 0.555981444212069 0.227112379989131
0.0098804536079131 -0.00165654319664781 0.364717818644404 -0.265551888117144
0.00494734953837985 0.00351991031587543 0.0903652621099286 -0.343327947070367
-0.00239115424989869 0.00544625653487901 -0.148601603470128 -0.202996707569258
0.00782362094635765 0.00405441637274986 0.0324330777247223 0.174593392504295
0.00617682858397206 0.0373852525036329 -0.219076997703901 0.0707414848274431
0.0172449727395712 0.0270452492153053 -0.357327778479171 -0.225262534051454
0.012885314951272 -0.016256301834378 0.0449310561662823 -0.576265290714367
0.0123853935664271 -0.0245230136686815 0.680927437502616 -0.242921007639445
0.0150094295900062 0.00504678642996534 0.568616442960982 0.3752789731505
0.0144820402362534 0.057151659655383 0.141220037729245 0.373404064600576
0.00892264958537598 0.0468656319543504 0.0385260221398022 -0.100565059641656
0.0165323611820914 0.0190692051661937 -0.352640873625461 -0.333381938871199
0.0264290277614496 -0.0200320126642973 -0.663710696045781 0.311664755970349
0.0188247768986621 -0.0285274434453289 -0.0121434815303575 0.789637712596925
0.0247649620614371 -0.0189914652456278 0.55306419034532 0.267393116770867
0.0277934687986678 0.00787302057997863 0.381699987138873 -0.240856045864857
0.00753557468842466 0.016421396279393 0.101145852741026 -0.336244091549717
-0.00733267967236079 0.00575071392085235 -0.142965229849157 -0.202858818071792
0.00525306108464191 0.00446498480988696 0.0328339531798916 0.17644960829199
0.00793987395996652 0.0472338258475162 -0.217706580997466 0.102613278522547
0.029186078202823 0.0354765668853475 -0.376162255835019 -0.164115111326841
0.0199438615445298 -0.0244740848010287 -0.0494401649653806 -0.565372885799453
0.021421377869657 -0.0393289494440947 0.614609144410589 -0.353788356539761
0.0362937574735167 0.0110189492339708 0.615219148513592 0.270302386744874
0.03024066812843 0.089377068882773 0.181661728762954 0.364584798289652
0.0166240997006073 0.0870761731896237 0.0444777731681585 -0.0767030662771225
0.0376039329481339 0.0407613094863536 -0.31324226917929 -0.36138047377452
0.0405855939641532 -0.0280187320016616 -0.70235527433101 0.209993258117036
0.017405410129499 -0.0468145936632968 -0.129417668601478 0.784952803545119
0.0307540165803254 -0.0283808647650012 0.526233699192295 0.362382554459416
0.042181294656801 0.0153082315475439 0.419592835345579 -0.178749604633332
0.0104679591426672 0.0287045491147698 0.130984677178491 -0.320197038178866
-0.0106978604112471 0.0048678423445618 -0.132292947190762 -0.205196631295453
0.00230189350768719 0.002037381416486 0.0388746479246199 0.178376498138128
0.00833722491734518 0.0502551112951272 -0.208898900535117 0.142368530371074
0.0364229046885189 0.0403588687291835 -0.393408558955544 -0.073396017289375
0.0213636440175303 -0.0285180838945298 -0.172717633028534 -0.521285267025527
0.0205171925569305 -0.0534220005854628 0.495937133028432 -0.483131326282501
0.050426328406515 0.00282485788405828 0.653776289988287 0.114680044457896
0.0509809294996457 0.1039977397657 0.24034495076962 0.347557133523051
0.0215622518827018 0.117888954469682 0.0543087905862309 -0.0391841207191492
0.0498139833074611 0.0659755014378474 -0.24697658494692 -0.388433363963292
0.0558297198105644 -0.0215066731954997 -0.734230612621794 0.0532323572499064
0.0205482734929644 -0.0569200861844526 -0.308460570334442 0.747414914729629
0.0331857119978363 -0.0351691294417775 0.455797662843203 0.486769287835435
0.0503136115500633 0.0198317509711672 0.462837866763706 -0.0815333538018872
0.0127493372713811 0.0358242513805563 0.172731037879058 -0.291232670998804
-0.0137173623186421 0.00557555109582254 -0.116749825666059 -0.20995899843769
0.00174264900618074 0.000306561413416807 0.0514719844111007 0.178043031225768
0.00754916228701277 0.0464936768854728 -0.191348207712933 0.184839471660454
0.0378583628162788 0.0397428724526422 -0.393992301806714 0.0312430861332862
0.0189673790214762 -0.0265995681298693 -0.290746470160798 -0.435501671673445
0.0108994054935305 -0.059312581311348 0.337027104339333 -0.58637882603539
0.0513643650320855 -0.0128602110492714 0.659173826530362 -0.058443061959381
0.067503844694998 0.0989551158741743 0.305846605283404 0.316255794258927
0.0230149731737535 0.130785041796942 0.0671727901432945 0.00572681136498324
0.0450944111178264 0.0866841373705719 -0.165232877277091 -0.400928234481164
0.0621466738394392 -0.00297410914303147 -0.728420318373114 -0.131397464386362
0.0260089498525002 -0.0528111060697504 -0.509676149824022 0.649954031522448
0.032308886990141 -0.0370052024438742 0.332422044107234 0.612547434446507
0.0496938519242028 0.0206706229765645 0.488904388724218 0.0370349799183133
0.0131369613396448 0.0389433061351701 0.217807071256993 -0.249949997157838
-0.0143631006142765 0.00577324640747488 -0.100746255888674 -0.214095444951246
0.0202943774909711 0.00415779873831356 0.0507886992931724 0.171029081934842
-0.0019466034280321 -0.0251625184503801 -0.195041121716202 0.108337265405067
-0.040549952020097 -0.0137719525564347 -0.401801093887267 -0.11703994494647
-0.0273084873360208 0.0224975806479278 -0.148520229172424 -0.527856175736685
-0.029573596055717 0.0378456492673496 0.523038739771153 -0.439748798551479
-0.0602997853868229 -0.0160121229071836 0.657497758950226 0.173257610548439
-0.0337123936335545 -0.0684615810604581 0.236100901714418 0.37397372680518
-0.027431430062604 -0.100974224330907 0.0636573363342212 -0.0317880274963952
-0.072147560301536 -0.0541725207130626 -0.247683372853712 -0.363497091783313
-0.0364373201360768 0.0396354296648868 -0.720275887753335 0.112100115494117
0.00565427902765155 0.0599252515217017 -0.265231623188672 0.768530912534979
-0.0190300383654374 0.0177623768415943 0.463938100902434 0.432525620754625
-0.0439302238606247 -0.0319548272687199 0.451958618900028 -0.130134515830222
-0.0034046794031203 -0.0343616707945281 0.167663136137215 -0.306516372998263
0.00922561311140619 0.000634520364745459 -0.118728713357232 -0.215246038679985
0.0169959127801589 0.00245333920952172 0.0454146610238127 0.171116016201084
-0.00134209938948308 -0.0141102542533406 -0.205545269628463 0.0744260641936637
-0.0282137567395871 -0.00663713585707678 -0.38128485406769 -0.190883662771941
-0.0179926072513592 0.0145370398909911 -0.0303663344620722 -0.561108661293253
-0.0265538356049434 0.0196951170291963 0.62945788515832 -0.315626059193508
-0.0466868655817013 -0.0290579686039326 0.613155907346725 0.310278506153459
-0.018686978658521 -0.0582519869413681 0.178592175412251 0.381512437243012
-0.0217060334227784 -0.077835510260425 0.0521141259184791 -0.0694712377592933
-0.0605939118232198 -0.0342004456459297 -0.311072721321727 -0.340325393598741
-0.0177920226080089 0.0353900830818631 -0.68826675597391 0.249521942484782
0.0165438540019082 0.0429224550230335 -0.103152249385561 0.792482668840031
-0.00865172421298276 0.0110221930540194 0.52462979188957 0.318909184981437
-0.0289656136936611 -0.0235592440975226 0.408549462628317 -0.21257836364903
0.000470540165638005 -0.0251156790870882 0.124527621570824 -0.329236881818647
0.00678452473364315 0.00360594823352336 -0.134697877240702 -0.209571367982567
0.0140667374202375 0.00234099178061406 0.04038891264507 0.171373856545828
0.000975128323229694 0.003095111676549 -0.212617141388995 0.0549488114192038
-0.0142858836442823 0.0034769549287022 -0.357948341742615 -0.236336836124397
-0.00830991430739391 0.00493418641271552 0.0530932061040903 -0.571417762992482
-0.0158800913538127 0.00336631813109081 0.68671652259822 -0.222099679770503
-0.0271657067282974 -0.0263446194113235 0.565298788997277 0.39387899176878
-0.00597835394819924 -0.0295672173421842 0.139987428498051 0.381466577731422
-0.0122206308165351 -0.0433576608831574 0.0423839968575371 -0.0969177497348768
-0.0381121772424673 -0.0156711779876954 -0.351532463601547 -0.324161959081875
-0.00108460427090424 0.0199814984753764 -0.654166448397464 0.332077463649263
0.0211167162471601 0.0206340867323419 0.00276355104663989 0.7917838546251
0.00374865413381723 0.00263729902896701 0.547595913096277 0.244148896391185
-0.0102526924346705 -0.0125399380298842 0.37333551546225 -0.258524352347072
0.00199377177588119 -0.0111265113463531 0.0972807303297891 -0.341173018518408
0.00297445273010645 0.00574896797114473 -0.145835478961642 -0.204698200016917
0.010592732974899 0.00339130598565286 0.0368426545856155 0.17208831267906
0.00406562097701182 0.021462880373656 -0.216210965293516 0.0545982166330251
0.00216133082925484 0.0157909489774555 -0.351149317775669 -0.247387446791798
0.00284491524929895 -0.0052220712215749 0.0793584555221728 -0.574892393674044
-0.0018018117784653 -0.01117928310361 0.700463572240105 -0.195042869965423
-0.00624140737174305 -0.0111496990993431 0.548569369318485 0.415646368182141
0.00345077070563017 0.0133297260898969 0.12844364364964 0.3781324198966
-0.00236405334912409 0.000740044546263508 0.0373088941256272 -0.108493470545217
-0.0112756298300854 0.000947917230662815 -0.367089825827879 -0.318095093018144
0.0125969840580797 -0.0010535466097482 -0.642271939639727 0.355744419305097
0.0206977405981544 -0.0050006545796486 0.037875386437765 0.788776165552236
0.0155367198794402 -0.00904085314514688 0.557281138698909 0.22335024788016
0.00916107268123893 -0.00243405409115688 0.363708806606695 -0.267174508282536
0.00481496322139253 0.00236410607477147 0.087015825151199 -0.343175605585736
-0.00195116293542964 0.00595193664896458 -0.150628934037471 -0.201008124999023
0.00757446511089517 0.00440303916506436 0.0345942509983561 0.174201264953778
0.00658143387816014 0.0367029185811413 -0.218254039166475 0.0711076786081185
0.0178715180668244 0.0263512985946969 -0.357748872017461 -0.221587822862875
0.0125380917125692 -0.0164270237135754 0.0384872168211079 -0.577095927741511
0.0122283172808798 -0.0255139575004832 0.680571789527277 -0.246231016518101
0.0160895869897623 0.00521882365446662 0.568233775655361 0.372604397516649
0.0139825546127589 0.0563844228553339 0.142885010111672 0.371714351430556
0.0077235289917211 0.0466661514424443 0.0371181000671471 -0.101018607080398
0.0174332730323628 0.0190541416319772 -0.355299159638156 -0.332362445465763
0.0264201952525932 -0.0204918623660291 -0.662115654985391 0.315046138233891
0.0187988625111311 -0.0293226057696528 -0.00597030391901727 0.790437471100602
0.0246998116232016 -0.0189968955979754 0.556559087855736 0.263682792964443
0.0282134342538096 0.00785283535160522 0.380759873937984 -0.242686686843262
0.0074578876583857 0.0174158741406966 0.0983441964821975 -0.337814124266678
-0.00764865645185112 0.00545720331020255 -0.145040516724364 -0.201489300375492
0.00354086400883577 0.00368288614760408 0.0355458415179525 0.176444655292308
0.00859158034167047 0.0475384834788027 -0.217249991763015 0.105394579530607
0.0300626155711074 0.0350617607228404 -0.375946631192565 -0.162405750199667
0.0194161308357538 -0.0249988657806552 -0.0550380791156959 -0.564725122343052
0.0204601100577387 -0.0396765504497514 0.614179467276502 -0.359099578968711
0.0364856124718538 0.0107795354308579 0.615922762967637 0.266278549131137
0.0312102467729381 0.0888705364594311 0.183161739485877 0.364623737290023
0.0174536752372081 0.0870091700413454 0.0428337549423235 -0.0772538737764853
0.0384988864037974 0.0410398772059694 -0.313934763748133 -0.359137825870756
0.0403675210920543 -0.0286602944348988 -0.700728321258952 0.215849346059219
0.0164711462266476 -0.047684471144188 -0.124322918534763 0.785490345505083
0.0303602717055765 -0.0292421703976052 0.529282663791775 0.357972330809022
0.0430649678298786 0.0153689747007037 0.418140238542655 -0.180905882853108
0.011126720298607 0.0286324939832135 0.127886488890775 -0.321416850486223
-0.0118422675696524 0.00565757224042336 -0.132684277721792 -0.204430763709642
0.00274909500101599 0.0023487741290564 0.0411292637995445 0.177411035883666
0.00777640081019808 0.0502454607856466 -0.206726420512476 0.145497094347998
0.0372483884637245 0.0394787808701877 -0.393220853736144 -0.0702598072547311
0.0212225258417068 -0.0287209274014969 -0.176004793416622 -0.519185152108489
0.0197040734689645 -0.0539817420311457 0.49210479345508 -0.487406951683082
0.0506315170600774 0.00180776642096119 0.653178037352832 0.10990280351812
0.0525769635099722 0.103181884073661 0.242368482304621 0.345989554425023
0.022743117987977 0.116950988858263 0.0542312759542751 -0.0389467096916813
0.0493809971645597 0.0655895666766854 -0.248597535983246 -0.385521965328139
0.0548472982682408 -0.0216193954345355 -0.734605619428624 0.0576205280908089
0.0191987018140322 -0.0561538302452304 -0.302234754341664 0.748768870884179
0.0333948780634626 -0.0365292944552485 0.460715914486027 0.486246421882867
0.0513108687552049 0.0203356200385565 0.461384674706083 -0.0836170474005535
0.0126649134229076 0.0362057984985143 0.169659963251982 -0.293015560159131
-0.0136647382675751 0.00556989036900861 -0.117827590544032 -0.20819987364116
0.00140289468878793 0.000550596611460953 0.0533731479707747 0.178477684964627
0.00700748689614119 0.0470658687657144 -0.190730151229353 0.186811703653145
0.0389875325764857 0.0397673790300666 -0.391476134169715 0.0332547667400926
0.018847330291406 -0.0264910708572336 -0.293521108144741 -0.433653942308488
0.0102682853100453 -0.0596511811772713 0.334045572215409 -0.58925199417011
0.0513126208169948 -0.0127677301210271 0.65726946002665 -0.0629693580268743
0.0683296811513516 0.0985165709356467 0.306992886773324 0.315888629205006
0.0236279207213066 0.130191299593293 0.0665622116245461 0.00505901559656946
0.0455543271719823 0.0863276617336445 -0.167712136527445 -0.399780989965266
0.0629319319448609 -0.00317094641143867 -0.729752606048926 -0.128510725197421
0.02529621736011 -0.0533141839614054 -0.505506915272083 0.65420274884366
0.0321505155156184 -0.0377626820635109 0.33760253662227 0.612940893441426
0.0500425101318025 0.0202856384644724 0.488934341558663 0.0354892865443793
0.0131852941312951 0.0384250663754457 0.215003714600701 -0.251869754328897
-0.0136820573506009 0.00608437711504248 -0.103009660552602 -0.212777165568253
0.0199409794724946 0.00299317539680374 0.0537215876314544 0.170129779465139
-0.00194610781661591 -0.0259485981257979 -0.194467617562914 0.109675117956954
-0.0415125168891889 -0.0133062522078575 -0.402234719708875 -0.113840384262905
-0.0272685950802641 0.0225532226317528 -0.152171636603265 -0.527726347407028
-0.028860667265298 0.0375378784104879 0.520688483997957 -0.44231796140277
-0.0603627028313306 -0.0150310288731357 0.659011364946942 0.169899521153162
-0.0341594494366544 -0.0685927623200654 0.238017108561531 0.372285388604159
-0.0279728905280491 -0.1007996920628 0.0624549226456503 -0.0318389788498481
-0.0728615173236582 -0.0548446197166133 -0.249797128189985 -0.362144568473406
-0.0357150836423949 0.0392481927311645 -0.720770418974915 0.115850336578831
0.00647288962156682 0.0590449539889101 -0.262000720261294 0.767976901679828
-0.0192306069603981 0.0180247886101182 0.467913869221192 0.430235579667991
-0.0445975433644753 -0.0320755692412289 0.451185141690873 -0.132455577781638
-0.0035161415435064 -0.0350325066925794 0.165337657135554 -0.307810188093599
0.00989587258553771 0.000764738136324994 -0.120890628394094 -0.213315309061871
0.0172261464686757 0.00224884609656483 0.0468946968139606 0.170173357398929
-0.00200888609874842 -0.013737984208015 -0.205241588144452 0.0760073771994461
-0.0282957479630943 -0.006702217638583 -0.382483081528228 -0.189044674857927
-0.017884297388736 0.0146192711057872 -0.0336938695032841 -0.562147089744577
-0.0260225445127842 0.0200501087126732 0.627419144593654 -0.319558353940029
-0.0458658793398614 -0.0281890440809126 0.613995504853884 0.305678574161108
-0.0175048909303692 -0.0587947357100673 0.179861759549769 0.380746100554951
-0.0223942345146349 -0.0781257126330713 0.0510497455850087 -0.069754435133544
-0.0605893462874444 -0.0336291823241083 -0.311291715906245 -0.339021073697583
-0.0169893860619389 0.0343216133184418 -0.687645424517773 0.254231916013273
0.0165522153495964 0.0439171100764117 -0.0974952897969475 0.792190363179916
-0.00912915792438349 0.011438043073151 0.523901617165985 0.314620329101453
-0.029075741221044 -0.0229445702121392 0.407847694486615 -0.214722824407528
0.000264708259499128 -0.0240437409939593 0.122440431266438 -0.330200052773879
0.00712909124549214 0.00374285043830317 -0.136886231780657 -0.208030480548144
0.0144299294897923 0.0021852889018234 0.0427122402578294 0.171122028863513
0.000787827372060559 0.00319555441122762 -0.211893533852188 0.0576300881506922
-0.0132621687519964 0.00318916362186739 -0.359755845438936 -0.234402469240067
-0.00814777142705971 0.00456697063810946 0.0494180339264671 -0.571770341411697
-0.0165309736333226 0.00241461160003741 0.684768727057297 -0.226896965102003
-0.0268007703652152 -0.0254833862813882 0.56831947872073 0.391476430895275
-0.00510213922991071 -0.0296803680072001 0.142209177297486 0.380360037898728
-0.0116982879813316 -0.0431779642319933 0.0412517957723861 -0.0973530465785064
-0.0387157793501442 -0.0153906392809602 -0.352512823375865 -0.321745594386674
-0.00108185166220164 0.0193847977089807 -0.653247998262743 0.336249644875718
0.0221050777556132 0.0190467976898076 0.00714214662736071 0.792613604335294
0.00423117912553854 0.00170076254610782 0.548393901522547 0.239669048960553
-0.0103900560285342 -0.0132513009861869 0.371042773869736 -0.261446864932036
0.00266627156420765 -0.0114309566977212 0.0946457107590354 -0.342224420656857
0.00351407656637405 0.0058115640242638 -0.148357861483235 -0.203552665949423
0.0105119044911615 0.00267355769082342 0.0380037125942773 0.172025372423732
0.00462104085876374 0.021726836210876 -0.215245493303771 0.056596597053845
0.0022577425683276 0.0149450709261132 -0.349707044358863 -0.244900249971345
0.00278247038328246 -0.00616023856410891 0.0754984747652454 -0.575442816069777
-0.0022403431345031 -0.0112308131805714 0.702345881788375 -0.19993451870022
-0.0053604161030933 -0.0109044015553115 0.550747821643392 0.412404080569755
0.00435310734737253 0.0125664754901571 0.129579426430427 0.376410476604972
-0.00168911539517375 0.000385124548956644 0.0366317977833367 -0.108170961237061
-0.0107427711233603 0.000943259708020196 -0.367215892468139 -0.317800218795006
0.0125381683656856 -0.00157219975595302 -0.640890776671498 0.358600130911322
0.0212825807074043 -0.00534607680232929 0.0413241768169382 0.789741258344703
0.0159278184113391 -0.00898649431895432 0.558847997514014 0.21952238583347
0.00909867009062675 -0.00251293739470859 0.361036292084347 -0.269637110285777
0.00493359507759883 0.00249494296291121 0.0848248434073377 -0.345086457528909
-0.00159611704124819 0.0057266556397009 -0.152062824726948 -0.199418237899172
0.00810691338125906 0.00417282528421319 0.0358288357302465 0.174033284941934
0.0068888162637971 0.0376462624424022 -0.217824215559754 0.0741845151036967
0.0181589520676114 0.026633182204948 -0.358234707419091 -0.220436699522586
0.012310827742129 -0.0171402554856325 0.0353186388941343 -0.576967209028158
0.0122906033008084 -0.0247536673598126 0.678711233791587 -0.251282172199901
0.0158389952018644 0.00550964274748793 0.572307615424688 0.370775227379588
0.015105618112246 0.0560640235051243 0.143909223939036 0.372376543478659
0.00882042579680982 0.0460974304376119 0.0374295865629573 -0.10159817259191
0.0172573363660752 0.0185061470583834 -0.355843366587862 -0.330102912427055
0.0264694690615217 -0.0198522414750156 -0.660594259053749 0.319677894115378
0.0178207296958737 -0.0292387325541679 6.63478782140052E-05 0.790762062259435
0.0259548025341774 -0.019266490862928 0.555794598662286 0.259640934452338
0.0276230030087553 0.00772229381655138 0.378500141393859 -0.244484845854198
0.00778224057921603 0.0164522155081376 0.0958459325227452 -0.339624000908193
-0.00679710083463388 0.0062126725309978 -0.146716564977148 -0.201510254500993
0.00423981847249096 0.00396008394416756 0.0372198677017777 0.176002312731978
0.00887460046985688 0.0467392990212347 -0.215460797107298 0.106988188647582
0.0299785899552046 0.0349485468832219 -0.37649897910976 -0.160546985694799
0.0188616397453152 -0.0251233506509995 -0.0571288230876832 -0.566388846257979
0.0201906205034421 -0.0400355829429622 0.610783811335655 -0.364190175836451
0.0363622796686599 0.0110232983789588 0.615928038359923 0.263225143854785
0.0322238714355326 0.0881125564296454 0.183519012591121 0.364904548885943
0.0176186629291738 0.0869292091239778 0.0431800515048403 -0.0766510594951173
0.0397530348217187 0.0402385819586854 -0.315543490343069 -0.358944255643196
0.0405318071155784 -0.0290464668067635 -0.70039535554319 0.217609279790169
0.0165470915007509 -0.0478246562384817 -0.118727795319656 0.788507462593659
0.030437884503734 -0.0293992054767221 0.531181591544088 0.354782822925736
0.0431438144163544 0.0152771471647626 0.416106353949804 -0.182638912717931
0.0111130369615429 0.0278918743443127 0.126119176359954 -0.322725310028104
-0.0115614215389635 0.00625837250721339 -0.135841223141333 -0.203479978956503
0.00228866410597028 0.00253288018661927 0.0430542463686346 0.177394839457116
0.00942194341246462 0.0493812649572212 -0.207394870844684 0.147813630946444
0.0378226980543113 0.0392503678668667 -0.392132664746353 -0.0689330145056216
0.0211402252031228 -0.0294668944673665 -0.180569054669343 -0.51806768118041
0.0191361956553255 -0.0539357611388073 0.488815981869766 -0.489878837081249
0.0502143752884511 0.00234181365523944 0.654631835376343 0.106176758179969
0.0535545157083406 0.102349179082095 0.242427323522805 0.346354294160265
0.0233617775454605 0.116769337317933 0.0536644019373862 -0.0397889630289586
0.049560064953965 0.0655468669176116 -0.249494604891079 -0.38621844615578
0.0549720301648269 -0.0221465664335667 -0.734479604841341 0.0615285084548678
0.0189743420556007 -0.0577241534331643 -0.298222242923474 0.752508117848957
0.0328609785625494 -0.036327879973939 0.461650034532248 0.483504296514358
0.0517509318940992 0.0192422329434959 0.460480467828661 -0.0863882206948223
0.0137183734292936 0.0361569271936096 0.167331534888711 -0.294788563411653
-0.0138868464520049 0.00580940601136969 -0.120649265088538 -0.207230950381292
0.00215505443500109 -0.000919688451986405 0.0546128307943747 0.177411594374204
0.0074602652463804 0.0468485583525978 -0.189559858908035 0.188279545219087
0.0395817780879755 0.0389854545582187 -0.391237264578977 0.0354278449105325
0.0184765134981434 -0.0272614201353847 -0.295895451610318 -0.432643967041095
0.00996562406355675 -0.0601954142682466 0.329697439506453 -0.590973825425739
0.0519856413368828 -0.012706431663203 0.656603675057785 -0.0667396566678397
0.0697633315493502 0.0974074727466857 0.308490769367128 0.313744511674797
0.0249530403303057 0.13014876861179 0.0669260691697439 0.00488888678288667
0.0460876243567763 0.0862838376122674 -0.167764231667609 -0.400785040314246
0.0619770510630849 -0.00245290686392935 -0.72985048488651 -0.124487529284731
0.0245766572012258 -0.0532756833411964 -0.501820205312656 0.657753456491698
0.0319991267680839 -0.0379216382730022 0.341443743266417 0.608951229742322
0.0514262082213936 0.0202242541563021 0.490673337553422 0.0310288632953464
0.0139277824974378 0.0389145956573529 0.21289525165498 -0.253630569189307
-0.014912515403355 0.006964076787687 -0.105676363874272 -0.212362808327102
0.0202230005367787 0.00352624362830856 0.054976385932198 0.170403489276318
-0.00184854503273645 -0.0255921390353367 -0.194309398446186 0.111419102916509
-0.0406410612584811 -0.0132067114486657 -0.403460486294816 -0.112306137323628
-0.0269937328820943 0.0226534938613377 -0.154981194225543 -0.528342472592629
-0.0284656627555282 0.0378252336281362 0.519025810753011 -0.445099555405275
-0.0603853008365515 -0.0143720511996131 0.658486125935918 0.166106495341594
-0.0336757661592709 -0.0684862886356824 0.239051844395849 0.372371858062719
-0.0280881199083435 -0.101429779750459 0.0625560206086174 -0.0321003600898138
-0.073019005690273 -0.0538609810693861 -0.251945785194457 -0.363515295136529
-0.0349900541163406 0.0388297837333369 -0.721016584871309 0.119940590125355
0.00683959517168033 0.0600500553968292 -0.255836666866167 0.772068254684413
-0.0190757178655295 0.0186409965870061 0.470903794524668 0.427367591291244
-0.0453066003166862 -0.0311864861355198 0.44910829489952 -0.135018806800074
-0.00334836772030648 -0.0351738275428819 0.162209031216072 -0.308763588374521
0.00967831179380425 0.000756947570632679 -0.122602735603822 -0.213378774782317
0.0168218864085533 0.00126515652794447 0.0495656534920604 0.170412375353971
-0.000737497854266128 -0.0136839268662706 -0.205205100768024 0.07794533630311
-0.0285863021121231 -0.00598081946557969 -0.385394523410685 -0.184953285531743
-0.0181329989935147 0.0143273453517554 -0.0366219270121429 -0.561989691865083
-0.0248475091147129 0.0201576247741192 0.626557615979664 -0.323645210908344
-0.0476798889031282 -0.0273079172491074 0.615758031819312 0.302426403205484
-0.0173607988443693 -0.0588447466772441 0.181405292719711 0.379830683996624
-0.0209779429913645 -0.0785504075207416 0.0505026257571897 -0.0697426212196971
-0.0610373516548046 -0.0332070763890063 -0.313545881223353 -0.338134353215435
-0.01689688033498 0.0352688460943959 -0.685532200932025 0.255528846027068
0.0167851940536543 0.0428735177963048 -0.091701220364291 0.796032859011666
-0.00803810046811684 0.0107862188572669 0.527220335973798 0.311905680704418
-0.0303208874398291 -0.0223329022991057 0.405091398306411 -0.216661918353632
-2.16679930860157E-05 -0.024601735139706 0.120754031284505 -0.331668623905482
0.00652789656734595 0.00335598099024983 -0.139043305389429 -0.207102232332434
0.0150161725117002 0.00109054346864911 0.0439205716826578 0.170267142425013
0.001421816598536 0.00230070989534722 -0.211639476801536 0.0590861640908499
-0.0129424091588303 0.00321675854160861 -0.360385735986748 -0.231822545571262
-0.00773094227236082 0.0051101784722024 0.0464152103875245 -0.57341021213107
-0.0159295921520636 0.00334431495705885 0.68389979193607 -0.229478518989866
-0.027979854009592 -0.0247729579116918 0.570353653744424 0.387268283505788
-0.00478475733429657 -0.0292849889857254 0.142666017295654 0.379789383563111
-0.0119304035244526 -0.0439149010589369 0.0408658310093095 -0.0970143020805043
-0.0385827515935254 -0.0147282276621324 -0.353738724912582 -0.32002816865899
-0.000813215756313899 0.0194018228412921 -0.649809483709989 0.339064684566215
0.0215635328809947 0.0192366276518836 0.0123366283924101 0.7927289955512
0.00371907524001084 0.00209113193812336 0.550642633079479 0.236306810610619
-0.0110011385867807 -0.0123975944169202 0.369731273185273 -0.262631852302156
0.00233544753776611 -0.0106150006087118 0.0925847055971334 -0.343938381235631
0.00371632122397674 0.00508230728808413 -0.149817133744025 -0.202815062637682
0.0110091015929723 0.00329372012315782 0.0406906077744034 0.171264848322428
0.00402076176727882 0.0208789560736796 -0.215649984503665 0.0582434291817591
0.00296770940670841 0.0152198400426365 -0.350782081744385 -0.243841428348208
0.00221772717810509 -0.00615269624975312 0.0724913557690975 -0.576863133113299
-0.00222272188302304 -0.0110026106785891 0.700176900777489 -0.203831412682057
-0.00648644921722223 -0.0108035245997047 0.551967254836811 0.407795643031519
0.00520472210271089 0.011922530543794 0.130905945950469 0.376182270706628
-0.00217402286297124 0.000397986221191585 0.0357181144480897 -0.109118461120725
-0.0111302994220957 0.00143929289145319 -0.368435159198237 -0.315738187395095
0.0118169856990142 -0.00161148035677389 -0.637996570273638 0.362419567286602
0.0203489731472241 -0.00615372199466097 0.0470571837383139 0.788383041656405
0.0156683448819566 -0.00888674085931003 0.561738707709997 0.216743735034359
0.00942973268041908 -0.00195690950716597 0.35938335508186 -0.272381092387869
0.00505547185811898 0.00286634341331012 0.0812737068855864 -0.345336587461234
-0.0021376185332993 0.00614000485937549 -0.153488536563141 -0.199726403554353
0.00783396818444773 0.00366712251376448 0.037794977725808 0.17379224769466
0.00717451943913267 0.0377046174683642 -0.217392139045979 0.075116123706178
0.0179825333435393 0.0265534455789247 -0.357322878176205 -0.219400285727303
0.0128447023646431 -0.0163425163694634 0.0330629377293475 -0.578709699872889
0.0116559906165843 -0.0250557668035099 0.677308339227702 -0.253047728040077
0.0157091748447925 0.00510262987520837 0.573973970813174 0.366773055957065
0.0159813465748857 0.0553612659323753 0.143672924550749 0.37083756851277
0.00949078287981467 0.0457039473516906 0.0370272371489707 -0.101070510043296
0.018276627532987 0.0181515579033466 -0.3568257447953 -0.329543803470996
0.0256331947951413 -0.0210527922360917 -0.658613642932102 0.324478389881527
0.0178220269523294 -0.0305526720260241 0.00181194983645078 0.792678044737248
0.0253761988138637 -0.0201192884794518 0.559186388903839 0.257740320557689
0.0283755007578453 0.00741236466472918 0.376286825568575 -0.246751969334282
0.00791453340918037 0.0167117574406635 0.0931206413079795 -0.341059469086676
-0.00716795517670604 0.00589580359551128 -0.148428571655392 -0.199453723674142
0.00401705954856762 0.00329140630646557 0.0387555375048708 0.176025745278255
0.00939870995584143 0.0472769701567227 -0.214449719402241 0.108331384733871
0.0310702899196325 0.0345331503036986 -0.37693345956416 -0.159547797018505
0.0191984611791857 -0.0254605597371761 -0.0603511124795816 -0.565829191238957
0.0198437694517176 -0.0402486699702836 0.609805721626351 -0.364560576000362
0.0373479184505546 0.0110253649059581 0.619550329328894 0.259173461727229
0.0334227177716744 0.0885698062851167 0.185732770019717 0.364144555777983
0.0180291991604293 0.0861494395825606 0.0430246436255797 -0.076994909429377
0.0392802723100155 0.0402838140458053 -0.31680208551651 -0.356706320778854
0.0397971421496813 -0.0293708973151514 -0.698228395924357 0.221927847003358
0.0156299967752505 -0.0485393163471395 -0.113538168764032 0.790786955588506
0.0304077038014443 -0.029888050029986 0.535285086958978 0.352218866803939
0.0433360225056443 0.0144752589501385 0.416098363374154 -0.185016739518522
0.0115292975903507 0.0283538875835744 0.122235222600687 -0.324395867692713
-0.0113933691632821 0.00598507159222598 -0.137335285545303 -0.20266761211091
0.00180529875143929 0.00197858275909229 0.0440493255638767 0.178000008021246
0.00935678409608212 0.0495493058532159 -0.20577709310668 0.149770511562608
0.0386681412781901 0.0393104183138239 -0.391659873345231 -0.0679824596637207
0.0204162014078717 -0.0290348422566217 -0.183122688968133 -0.518098465826728
0.0192748357746328 -0.0533315749608184 0.487576055803213 -0.495490793616985
0.0508911294795584 0.0027818225248776 0.654010312351306 0.104749673015513
0.0539938801710695 0.101485822489067 0.243549940618451 0.34464142682724
0.0239600139598241 0.115602042222596 0.053880688831935 -0.0395736644754581
0.0501453919935616 0.0660504482398194 -0.250954459009217 -0.385685884591498
0.0554281334359239 -0.0223569898265955 -0.732718059705673 0.0658344446938259
0.0189974485261345 -0.0581137617921353 -0.294751909539367 0.756347850332805
0.03230613616623 -0.0356085519194876 0.465067271865206 0.481720820946966
0.0517805449894089 0.0190280422787523 0.460409226758482 -0.0906502639026681
0.0137641310153467 0.036220288907679 0.165835603974445 -0.295711943824224
-0.0135728088041212 0.00698688379302951 -0.12217880369818 -0.207337223514503
0.000893541081710377 -0.000978152997157974 0.0568168497343847 0.177117001214734
0.00818920588224178 0.0462479710373471 -0.187875934462547 0.191057150235072
0.0405780837747194 0.0393922509573555 -0.389928394661902 0.0372486908621463
0.0179525040013303 -0.0273313768469283 -0.298461934966164 -0.431478119798318
0.00944615020087633 -0.0595851836800707 0.326572083581546 -0.592988007583002
0.0515381768170655 -0.0127134261536646 0.655750847933835 -0.0698041760797698
0.0695639489543754 0.0958387364900026 0.307770861992454 0.312649796978493
0.0253097523783055 0.129299281996548 0.0668948508125146 0.00464372612536397
0.0459351219301587 0.0859840959994713 -0.170482743927399 -0.399705990275539
0.0622435027713885 -0.00333119239148289 -0.729559693101062 -0.12213138617707
0.0246897360582452 -0.0545015006615025 -0.49673018698814 0.661158942670285
0.0323348701870844 -0.038187020375484 0.347283138530649 0.607838264364448
0.0516240736452439 0.0200911660384154 0.490113415156571 0.0302278090353703
0.0142297375553353 0.0393934266581805 0.211563354524449 -0.255299492562425
-0.0139778887465255 0.00672088378226443 -0.107065419064152 -0.211960169275364
0.0197922628633786 0.00216933509924016 0.0563570024655949 0.169338414115833
-0.00294483964746686 -0.025953425772249 -0.193818876647137 0.112333246697788
-0.0411487802301555 -0.0123664824328098 -0.402690693129138 -0.108949135156034
-0.0265127683918902 0.0231650434498061 -0.157508208633654 -0.52675474184186
-0.0283926905049701 0.0379845652803964 0.516408351398106 -0.447582953581512
-0.060997865200621 -0.0144201845558498 0.659142281751468 0.164075328416697
-0.0334237088149635 -0.0683105672885121 0.239974191559025 0.371534355559589
-0.0283572297437609 -0.100871220914807 0.0617007642298727 -0.0323443093553651
-0.0724371267789326 -0.052851104717351 -0.253418128204899 -0.360387275358354
-0.0356096557988748 0.0396024810309769 -0.719819996262382 0.121484850673489
0.00845583706637253 0.0594251575193249 -0.252119241181843 0.774550476674491
-0.0187058614882242 0.0181477441076247 0.472673172474736 0.4262012411616
-0.0451823005208841 -0.0305229689904193 0.448622006848429 -0.137063217874832
-0.00384546913348736 -0.0352624584933974 0.162133323939001 -0.310360148855578
0.00933600042397585 -0.000451968778853833 -0.124850675340979 -0.213205471206484
0.0170842016231845 0.000547123489982897 0.0503134886976636 0.169955110995418
-0.000767811006470603 -0.0142520523135252 -0.205359725562316 0.0793191135211678
-0.0284301685310356 -0.00638876786954706 -0.383428220508457 -0.183662617650815
-0.0176509899270734 0.0149356283747754 -0.0400896728811577 -0.562537490337907
-0.0252991221692419 0.0205530403779084 0.624945291767262 -0.325546913357517
-0.0474858040882126 -0.0273802638136698 0.616682811685998 0.300264693978447
-0.0172909136723128 -0.0593654931851734 0.181041970170793 0.37998265144506
-0.0219524323497706 -0.0788393308419516 0.0509511519667283 -0.0700246834343116
-0.0609307681593602 -0.0330546990745595 -0.313977896259778 -0.337218848366203
-0.0170884977603313 0.034584242237107 -0.684877859696556 0.258619661540419
0.0164798992248293 0.0420452312320073 -0.087433833904324 0.796019567994627
-0.00860071444702991 0.0120484203313267 0.529880989438156 0.31020112421864
-0.0297144277260433 -0.0228033915634 0.4040951664841 -0.21832071551664
-3.17416131128106E-05 -0.0247084721942308 0.119132554458782 -0.332898356357133
0.0074864051257268 0.00378011436768796 -0.14042844313261 -0.206441299823254
0.0142162444098293 0.00113986391245591 0.0462144848514843 0.169669008646218
0.000527901364788776 0.00198595727462435 -0.21116904012761 0.0610551058619283
-0.0136549362009086 0.00344773398987282 -0.361625653228831 -0.230061681625907
-0.00789260645107297 0.00573977959961912 0.0452683539069242 -0.57329891274584
-0.0158981512876034 0.00266853816764074 0.683165040774769 -0.232243786183244
-0.0280119059151875 -0.0252724919121946 0.570593643016935 0.384852936753633
-0.00430527761352685 -0.0297165287640472 0.142623422402126 0.379137475389604
-0.0130725142686346 -0.0446208803024441 0.040631033800293 -0.0969022929610227
-0.0395545161389778 -0.0148686822226481 -0.355091982336838 -0.320396159409948
-0.00110154398143304 0.0193029015838417 -0.650760559940547 0.343476431969015
0.0210764933840613 0.0190807317451554 0.0160929423191756 0.794871784132842
0.00390024138237902 0.0021894037008 0.553246203392428 0.235652283566681
-0.0108794173181879 -0.0118082881286091 0.368691055623764 -0.26313836957257
0.00338373839954097 -0.011538666947665 0.0902653452269522 -0.344329636545483
0.00308765467034377 0.00583263903439764 -0.151412998855165 -0.201941723664205
0.0104751917127167 0.00203016890310245 0.0415859903872902 0.171333199902904
0.00462202479805554 0.0205810208855738 -0.214896752382935 0.0598748407056297
0.00291883152388777 0.0149845455991982 -0.351341188584503 -0.241834648909856
0.00248865660953259 -0.00624872130367611 0.0685850213302922 -0.577239153456003
-0.00188516729866654 -0.0110588209808299 0.697714400696333 -0.205439190002494
-0.00628168985962112 -0.0099196329610483 0.553325362077746 0.407744086677858
0.0053481855353364 0.0118099809369143 0.131618550275462 0.376475300322135
-0.00156632758099132 -0.000204967143519332 0.036087987239253 -0.108263127297249
-0.0112112487093293 0.00130930816952323 -0.369426986859874 -0.314298963544633
0.0126097121898042 -0.00207576915651857 -0.636701564939313 0.364712552505767
0.0209995345179901 -0.00669395944970157 0.0506880384017603 0.788880144656099
0.0156780096001987 -0.00853768728381342 0.562798084536388 0.214851560703403
0.0097404203564143 -0.00216098145843215 0.356984930986941 -0.273428269900244
0.00539482006928673 0.00293239426863196 0.0804936756329794 -0.347143170329416
-0.00169851274270973 0.00597304909688409 -0.154870488073135 -0.198309281863342
0.00722639819469855 0.0036450961703003 0.0393987167485177 0.17317496109962
0.00747913941870172 0.0372467523605361 -0.216170351604177 0.0770445194966256
0.0192664058846209 0.0265698846546239 -0.358964916908893 -0.219028534097051
0.012445823657616 -0.0165173775851818 0.0298886663408238 -0.580311453501502
0.0111058485193538 -0.0249121313421564 0.677166779074584 -0.258237861214505
0.0155349834471698 0.0062605903672885 0.573366718015287 0.364311708653474
0.0162572205342933 0.0556964904887497 0.146532606172811 0.371115595845246
0.00982261413277524 0.0451081644091969 0.0354391005977181 -0.100858492595285
0.0172471062187699 0.018947107879215 -0.357957620963436 -0.328339738694512
0.0257046143742415 -0.021172236376433 -0.657514333751336 0.325755168421012
0.0177606978696138 -0.0299644389630851 0.00830316492617543 0.79339814277937
0.024855317690643 -0.0203997181966097 0.559526264766934 0.253991761816442
0.0290422677525671 0.00785870208872127 0.374283265050913 -0.248867737680919
0.00855050990266074 0.0162586232549129 0.0912950093781054 -0.340725597653395
-0.00652280598689407 0.00621594095967905 -0.150162545016302 -0.199523862151645
0.00484073253813941 0.00363264385709606 0.039918535071971 0.175426915610466
0.00931442038109126 0.0462080352927714 -0.214094493809499 0.111250757894145
0.0317554572771074 0.0347226900480284 -0.376654629126693 -0.15754233483461
0.0189566015404836 -0.0260575110565275 -0.0628428938012402 -0.567151498053993
0.0196807126715139 -0.0401798008922824 0.607142877671709 -0.368274698306124
0.0370551877295577 0.0114920478292683 0.619210982310426 0.257302477411739
0.0331870188492307 0.0878536160539821 0.186756210079895 0.362891601695633
0.0183363981019378 0.0863242241849683 0.0421864115894272 -0.0770593527862249
0.0395040059032786 0.0400070219202986 -0.317391655055153 -0.35664450930288
0.0402803152935738 -0.0298756554792314 -0.697910172695609 0.224900824347372
0.0156551084783572 -0.0494668187144313 -0.109248099573506 0.791639746105155
0.0302700893577189 -0.0302190064483302 0.536024739567963 0.35129678464508
0.0441375333628011 0.0146652258788077 0.415683475261325 -0.189367642182312
0.011895642881035 0.0276095129928812 0.121646239654555 -0.326175592613383
-0.0107056473456981 0.00673921634571227 -0.139985538257696 -0.201254530576797
0.00176072936114786 0.00163931656357775 0.0462680210348184 0.17675951011798
0.00990568626771218 0.0504095181162073 -0.205017189536711 0.152103068702702
0.0387727333854605 0.0389259282289582 -0.392901407144482 -0.0660046275680875
0.0207513431238822 -0.0296411303956698 -0.186949878038548 -0.519737179924128
0.0181781375723349 -0.0542416601874707 0.485858173365338 -0.495319479588087
0.0512545996881963 0.00248221821074917 0.654667062597108 0.101737744615613
0.0548493010376189 0.101752797322638 0.244910189040863 0.343277566365448
0.0245229164095976 0.115782360303941 0.0532949578990276 -0.0394461830358623
0.049639463103214 0.0656849148412956 -0.252612014059757 -0.386002262629342
0.0550506691368955 -0.0234005643605918 -0.732787804106857 0.069599309013168
0.0175189803559088 -0.0586480925856548 -0.289668938200049 0.75865553464899
0.0326636538818465 -0.0366213391732576 0.471081728362853 0.480974541006503
0.0529335858517495 0.0187405416145688 0.460355050312813 -0.0915856578850372
0.0140443968112233 0.0359900863084323 0.163673297804994 -0.297627641836594
-0.0130329539924367 0.00683329687974333 -0.123906913618905 -0.206305963828992
0.000736395379848815 -0.000678356318777716 0.0583464207680524 0.175913346860419
0.00868008806491229 0.0460681168929105 -0.187409838799848 0.193150641772128
0.0406523723282182 0.038426621636576 -0.388605189225365 0.0393494516427888
0.0181743794637107 -0.0278448647143637 -0.300581423699283 -0.430891784271278
0.00884844222219275 -0.0593356662071638 0.324554922009017 -0.595473489881743
0.0520182631906631 -0.012853042091089 0.654287942245693 -0.0721646177926597
0.0705104996157835 0.0964212715692138 0.309512906777815 0.313255407685575
0.0252531872127418 0.129511306999248 0.066549997363163 0.00508099903459139
0.0467606279116563 0.0864192033345634 -0.171165208861883 -0.399906290116876
0.0620792937480982 -0.00342213216831317 -0.730038282169222 -0.119223554673969
0.0235856437624716 -0.0542925614845106 -0.495644771945335 0.662971091704562
0.0315562198482149 -0.0383453682114609 0.351013859275112 0.607230759957217
0.0519066728606681 0.018505894723607 0.490134225720795 0.0273771654544579
0.0156448341441267 0.0386568736126329 0.209271201019125 -0.257054135145465
-0.013822362748601 0.00736383678239461 -0.109491341422707 -0.211176993833453
0.0199140865066625 0.0033338993803233 0.058673658886415 0.166404637104428
-0.00316551903652041 -0.0283685696998641 -0.192160075750442 0.116528858271145
-0.0423585330521477 -0.0160037731099042 -0.402654731316593 -0.101303255391689
-0.0242873321463194 0.022538229074159 -0.160156187735777 -0.525048120620672
-0.0258588508746186 0.0439441930712665 0.513908825457236 -0.456532839092582
-0.0628690850397331 -0.00940871191102702 0.659016391089558 0.15666071448446
-0.033389476461215 -0.0682364670359085 0.243224599276308 0.363214993410252
-0.0304295058325594 -0.100957702388934 0.0600264511492543 -0.0332805363701074
-0.0743711986000276 -0.0523552147157638 -0.254362925897438 -0.356362237976967
-0.0367542646570541 0.0400429501272228 -0.712989599088638 0.128271463912621
0.00717337115088394 0.0608467918220951 -0.243204469479348 0.77099761131189
-0.0189643432583982 0.0229359552379509 0.47554704583031 0.411937538274952
-0.0458005754681843 -0.0261462921751538 0.438952279677899 -0.147972806640671
-0.00431554093862367 -0.0340266389148833 0.153984004697175 -0.309134691966531
0.00954228613752698 -0.00106185189619858 -0.125492438715645 -0.208628461868362
0.0168415378927033 0.00121189070980883 0.051790323331603 0.166164064277864
-0.00166885966432596 -0.017176946267383 -0.204688890281408 0.0840924846676908
-0.0287101930597084 -0.00936304948382189 -0.385195466018909 -0.176611183634585
-0.0145539190320509 0.0146950375585252 -0.0429536164113775 -0.560839841172468
-0.0242251280224852 0.0257405195288158 0.622107332581926 -0.334430524772227
-0.049220456640013 -0.0222528531541023 0.618692632416517 0.292046268952818
-0.0175118078433292 -0.0579754466492054 0.185812391951952 0.373238079824907
-0.0224988599318725 -0.0798575722290332 0.0478592559621117 -0.0711645126941407
-0.0607937557562453 -0.0316142818369697 -0.317351736789729 -0.331226289720175
-0.0189749983504966 0.0354549875890582 -0.678016742054431 0.26625839733447
0.0169999701846383 0.0443108444984897 -0.0805038014897207 0.790187220578172
-0.00830698423992923 0.0151765905065191 0.528302113532432 0.296587972056709
-0.0287907330704672 -0.0177504939794479 0.392854938999571 -0.226625401753481
0.000385464133308944 -0.0237920071512434 0.111052014864457 -0.330877514353878
0.00707740564332811 0.00191210909751089 -0.142150475179081 -0.202960867742217
0.0129930633400594 0.00182129203439875 0.0477571057483707 0.166817208804271
0.000736230025118788 0.000393540141636894 -0.210830073539866 0.064245117052634
-0.0128927228684709 0.00163719314697406 -0.361480433266527 -0.225583554339025
-0.00392914360308327 0.0047948116317538 0.0400478258425056 -0.573421302790484
-0.0144577925718741 0.00766980120132686 0.679429667242125 -0.241420159881239
-0.0304370766555003 -0.0207943130572759 0.572402971317406 0.377913570005169
-0.00528125827826504 -0.0290149053078618 0.147935433666713 0.374979961886985
-0.0132687490962919 -0.0437122649506229 0.038857120411292 -0.0967276484631704
-0.0392179871922407 -0.0137542022954722 -0.356065177218375 -0.312373211606434
-0.00218171969733061 0.019974405125597 -0.639913452625667 0.344860613601612
0.0201644677707094 0.0210246314671199 0.0263155450118652 0.78695337344338
0.00450984303288244 0.00608145714143081 0.550412612153897 0.221627964627754
-0.0101314616615893 -0.00913816722306561 0.357898428001267 -0.268756921996036
0.00293604269124542 -0.00994290261437025 0.0827288292246573 -0.340608852039223
0.00424213212078173 0.00434059410401973 -0.153762094072726 -0.19614715825962
0.00962061564334374 0.00365926249706342 0.0439548755800562 0.169088871488387
0.00402005658065845 0.0205346449204921 -0.213288690417089 0.0626055008913604
0.00389614723434897 0.0136072367771565 -0.352920959156225 -0.237864779627435
0.00679016904018794 -0.00656091796456011 0.0640995274450358 -0.576110221787233
-0.00143784184306242 -0.00642766861519349 0.697494367914189 -0.214669915257408
-0.00869053385760906 -0.00694548596763901 0.556658904792265 0.399680382546366
0.00541043285058374 0.012406951839319 0.138222375855871 0.37101679255335
-0.00128083139424169 -0.00100603164326761 0.0325006550576069 -0.107915574241461
-0.00959238044571616 0.00196597311321377 -0.371408066142893 -0.307416788954957
0.00975063185813125 -0.000846236226225145 -0.627471918738071 0.369113662011871
0.0195205720164514 -0.00471793002489765 0.0600767814404979 0.781554296221684
0.0157192145812434 -0.00535028543365416 0.562440930145755 0.202113898594083
0.0113209966045336 0.000490742861089459 0.346899644225122 -0.279049480816342
0.00721606677532197 0.00358034885555051 0.072853405858608 -0.344162971257702
-0.000796526223611022 0.00602683318986425 -0.156587959167088 -0.193380126601809
0.00617861811207611 0.00343995321626709 0.0410885444003203 0.170529550679375
0.0061500108685988 0.0358395526229278 -0.214692703679975 0.0801375668852401
0.0198726109585624 0.0245697665321456 -0.35854927910666 -0.214604317883222
0.0163471694585836 -0.0177955597279599 0.0238052953139044 -0.579749681492009
0.0137957153428386 -0.0203871754765637 0.672760678281176 -0.267462970827514
0.0150966731986212 0.0105786104249197 0.575726881821097 0.355210337886563
0.0167168273686191 0.0560573364711503 0.151484748646294 0.367217700133431
0.0108994197182588 0.0447983400196522 0.0335810335760888 -0.100624161369606
0.0177877078413918 0.0190471608425133 -0.359119264493639 -0.317991846616722
0.0224192477925092 -0.0206688737021761 -0.644475718465335 0.331334255020973
0.0150748818753137 -0.0278304587718265 0.0163871550592616 0.785871410035376
0.0249202033525036 -0.0166964597035359 0.560847811135769 0.240725605449312
0.030570663292809 0.00941840522860853 0.365883714959728 -0.253700157583328
0.00999905296588497 0.0173746256383179 0.0832645668727567 -0.337554696929523
-0.00563294978218915 0.00685842789295237 -0.152214576173386 -0.19439153377047
0.00241933985419601 0.00425816290038432 0.0425402620675341 0.173142337974084
0.00776698833679633 0.0474918107147961 -0.210995050062544 0.112531562390094
0.0324237250677068 0.033238378974643 -0.377718816476603 -0.154738049940217
0.0232663741024821 -0.0267795187447825 -0.0689170804994569 -0.565273731557574
0.0220563096691347 -0.0366560803091376 0.60274515081512 -0.376298086956132
0.0369951175639576 0.0164284758663964 0.618284276068378 0.248973675952416
0.034800792902291 0.0881484985065877 0.191646786966489 0.357289657169615
0.0201579640849979 0.0847030603985439 0.0405467721029834 -0.0772570158381947
0.0415274562965425 0.0389971607126635 -0.320676972754648 -0.349559965341079
0.0368243809242398 -0.0300512550215657 -0.68694239627811 0.23027150820748
0.0127317713000921 -0.0470859641528057 -0.0984243502071716 0.783526136595969
0.0290861997900285 -0.0270215997722119 0.540385688758319 0.334644747037445
0.0463290992899335 0.0159544554775446 0.406281694091022 -0.193526664214927
0.0132767167979216 0.02893432515379 0.112882826277055 -0.321385817326925
-0.00990069944829692 0.00677691261468076 -0.142971201992695 -0.197757696519042
0.000978693987669657 0.00231091768599695 0.0475253362268992 0.174367221379777
0.00808621913319584 0.0507016523270208 -0.201688274241277 0.15382907556624
0.039852614707635 0.0371721698324187 -0.39016404399385 -0.0622980170990049
0.0245833022815264 -0.0328076928511723 -0.19339499935854 -0.516584258713569
0.0227693846293587 -0.0511810114269604 0.478370076051539 -0.503237220634295
0.051850983049897 0.00756425868374597 0.651738936826705 0.0908917173698701
0.0552143353651591 0.101811816120613 0.248788636126716 0.338323104415912
0.0269771092692306 0.114667818410054 0.052417398089356 -0.0396946962412179
0.0522697206793279 0.0645785303507644 -0.256824288045646 -0.37602205071877
0.0516005747311875 -0.0246855610524983 -0.724476364911516 0.0768525570132634
0.0132744124991961 -0.0565504813876749 -0.277201077434338 0.751372303953443
0.0302660049980814 -0.033337086981644 0.476615321140288 0.464462041834952
0.0535728471294246 0.019725124536997 0.453801380287523 -0.0992291114158962
0.0158235998350342 0.0363493728863714 0.155368740388614 -0.29427276724608
-0.0126913448212224 0.00705175233990632 -0.127828077971162 -0.202550721833956
-0.000472726948887845 -9.85907637365523E-05 0.0594884722255978 0.173695329477586
0.00716298680663689 0.0475397364953858 -0.181770705430942 0.195816708239385
0.0402008512591968 0.0388862203191713 -0.386181684928575 0.0429124113771138
0.020293570849795 -0.0308560867373357 -0.304904516780011 -0.427349126673043
0.0137988101238762 -0.0593114191316069 0.316848529964586 -0.599861884498853
0.0541496457405438 -0.00795259395303203 0.650788847329792 -0.0816220564421674
0.0721099434198082 0.0966275719712619 0.313749563823641 0.305518643699526
0.0286248100410414 0.127855902837742 0.0659132597166231 0.00406940817737311
0.0483407194779293 0.0860259421713788 -0.17517606974336 -0.391975215340584
0.0593457182326114 -0.00612060912238931 -0.724257659755579 -0.109052677510336
0.0191037066375902 -0.0536844096670106 -0.481378395505496 0.661706359407227
0.0280453964009613 -0.0362666903587504 0.361404078218051 0.591750929330272
0.0520764785845644 0.0209707419785141 0.487457260354579 0.0170466546916704
0.0163115734854887 0.0395800477701333 0.201658790917412 -0.255465074794647
-0.0123988618001999 0.00825050313197362 -0.112529207707004 -0.207706837170847
0.020112248651134 0.00243506223696701 0.0595631034737244 0.166050988425671
-0.00350937749205183 -0.028918860366075 -0.193148525230569 0.11736504426456
-0.0424879328558399 -0.0155914574737429 -0.402118598732695 -0.0994616486291147
-0.0244976654223199 0.0219767286227276 -0.16224061272795 -0.525413615503205
-0.0260787244463781 0.0444733834847837 0.511715308427666 -0.457989221617693
-0.0624408014781258 -0.00923174829933101 0.660427507014913 0.15622110492758
-0.0336072319901938 -0.0684348612926818 0.244648666393738 0.363112395179928
-0.0299953980448032 -0.100908918758288 0.0605329580849794 -0.0338141207590892
-0.0739641477298216 -0.0518662995930544 -0.25651664679012 -0.355598708357478
-0.0364099976236005 0.0401354220197602 -0.714542357855414 0.131035314346176
0.00750548312793287 0.0611446591263071 -0.241437926839658 0.775604369630084
-0.0192507817799562 0.0228372136922012 0.477282639318226 0.410584505616688
-0.0464255381110465 -0.0262065847041185 0.439661403849732 -0.149883644944736
-0.00537114756515356 -0.0343086247381651 0.152134106062502 -0.311373660816735
0.00863381245139547 -0.00100078401438849 -0.128404004805339 -0.208672546485265
0.0159770916173105 0.000876801340095905 0.054572198752214 0.165630527274095
-0.00130638469471037 -0.0174416403439579 -0.204477345102551 0.0846546043592911
-0.0288070566282307 -0.00882661294771631 -0.384675771368331 -0.175222973733176
-0.0150116252873544 0.0144537262180894 -0.0455912789677071 -0.56120868295654
-0.0237954874083015 0.0258327585102232 0.62149035461966 -0.337297605952828
-0.049636048211847 -0.0226163159469863 0.618646532667531 0.291428075989695
-0.0174254719176886 -0.0585266517688057 0.187390914123085 0.374403367304887
-0.0234109836693857 -0.0788817719599931 0.0477258714091437 -0.0714407049278305
-0.0615886329677324 -0.0311988837843497 -0.317788443683789 -0.330929384323003
-0.0181570341296557 0.0353679682184641 -0.676066310105153 0.26791971703325
0.0169276918810154 0.0446632232951681 -0.076479494854195 0.794039447199664
-0.00795001682283007 0.0160748824177657 0.530235938670931 0.294477319059921
-0.0305883107969004 -0.0174709547229789 0.391961052804826 -0.228678932573555
-0.000163383113879832 -0.0226875120895258 0.109803402887507 -0.332216262619016
0.00721245806019857 0.0022470855744086 -0.143347394951868 -0.201842752005583
0.0125977909331244 0.00211791405140766 0.0484901082101062 0.167511038611154
0.00106596707661084 -0.000227259295945061 -0.210925982316153 0.0662233261382166
-0.0125741577729416 0.00215027703389777 -0.364229116677329 -0.224030482732152
-0.00417231015547429 0.00459673863357444 0.0362897422544439 -0.575730075028558
-0.0146145930836738 0.00831269527835754 0.681386272419687 -0.243867948479223
-0.0295933706440817 -0.0204380811997409 0.573127078461095 0.377330718959085
-0.00439363374366357 -0.0298257422975723 0.149500841102621 0.374866843348003
-0.0136237424223606 -0.0440727169440828 0.0382032604615785 -0.0980584495925694
-0.038793215454758 -0.0139373218732269 -0.356875188195904 -0.312518191008168
-0.0024145409024317 0.0192381337266033 -0.639793873298933 0.349032479705049
0.0208133856171971 0.0206785584636199 0.0274308111028898 0.789387767328538
0.00475437697826712 0.00561370584524459 0.552720943767793 0.221655060102738
-0.00942996473833254 -0.00857360271992703 0.355711418096963 -0.272757633553334
0.00378421784953838 -0.0111346771388148 0.0808079355398107 -0.343342671691487
0.00460488639358195 0.00490444138379796 -0.153916562356389 -0.195892445208959
0.00906219299835162 0.0037727836350397 0.0448029395731313 0.168051750138655
0.00344969136619522 0.0193165684907296 -0.213238237830959 0.0649993554083725
0.00460514752720977 0.0139318510050742 -0.353333037975822 -0.237177606905198
0.00660411901194063 -0.00618708616674287 0.0621184687658825 -0.577606960931265
-0.00180039732280533 -0.00575525645387312 0.697444272658818 -0.220371034028649
-0.00848251712258049 -0.00636102860253944 0.558246896729928 0.398024305930533
0.00610848613957533 0.0129027892689894 0.138352963247022 0.371954631721331
-0.00115444364896874 -0.00152433286713062 0.0329851262499435 -0.108523095625766
-0.00988387643443037 0.00197611522410374 -0.371947154445305 -0.305980465136323
0.0108604031817305 -0.00112513638871444 -0.626673275615226 0.370715242958658
0.0190134290343113 -0.0042085253448301 0.0626965938050307 0.78365981359069
0.015913286826481 -0.00558864470324081 0.563935428225748 0.201214868258659
0.011715119373453 0.000571771419922869 0.345905853843996 -0.281895379843846
0.00701991813823342 0.0039999549530631 0.069463564594493 -0.343765161511662
-0.000554210070668659 0.00590633665410686 -0.157977785299301 -0.192815545684802
0.00565773025580711 0.00316746815827897 0.0427751564852339 0.171750752915566
0.00623137748521328 0.0358087053084611 -0.213942911202273 0.0817703529332274
0.0200424952639163 0.0252080052374656 -0.360276468393978 -0.2140074924437
0.0166546447949649 -0.0176663197828641 0.0220120815178535 -0.580016967210473
0.0132888190973914 -0.0213943510025204 0.671644781681542 -0.269509180927464
0.0146874906583301 0.0103609064713686 0.575155267398428 0.354555770437315
0.0168492612267469 0.0554804168491042 0.152581260849151 0.367193694688795
0.0103954022653291 0.0441946512351242 0.0329793052777088 -0.101193430163522
0.0188434289816083 0.0182919090333982 -0.361659654812265 -0.319321232675837
0.0223162395282025 -0.0210478555708148 -0.645785193227028 0.334429052268423
0.0147462921203134 -0.0284637215153707 0.0222511304540928 0.785615160827717
0.0241639377348769 -0.0171631677301511 0.563347044953216 0.239961016285128
0.0303985370170843 0.00837972114084941 0.363350730824831 -0.255575861239644
0.010108553103202 0.017072765698253 0.0807840287285783 -0.338942103279894
-0.0062370782508918 0.00632689240555936 -0.153518843040951 -0.194296078294951
0.00305050701468141 0.00370731834337935 0.043439348184419 0.173129676828651
0.00873232407655975 0.0471356822871535 -0.211028875056815 0.113476042402381
0.0323487830372155 0.033547936925881 -0.376967428251635 -0.153319019414114
0.0232512394206482 -0.0275656126470528 -0.0731740339222194 -0.565711072015196
0.0223759556449516 -0.0369297514708186 0.602527092184749 -0.378403746369974
0.0376947164264974 0.0165759167678749 0.620169839681364 0.247220326743321
0.0349811216377705 0.0880366271901291 0.19304412818291 0.358140053097153
0.0206623390152915 0.084021742620085 0.039940805632494 -0.0765339137937358
0.0412636304803214 0.0398462470116 -0.32241699959249 -0.348352709420244
0.0370205242053957 -0.0299819968747832 -0.6868247707282 0.233656074150394
0.0113040642011182 -0.0467303776147368 -0.0949592589158643 0.78710630252321
0.0289684817597485 -0.0274694137046121 0.544470230273667 0.334142887659893
0.0461781541978069 0.0155340746974381 0.405698268834147 -0.195746170531742
0.0139844819274382 0.0283797448173823 0.11126696521605 -0.323418816143854
-0.00951868619345694 0.00668569034874115 -0.143388221573044 -0.196378498267184
7.46050832418112E-05 0.00159570493526578 0.0487377516722071 0.174226424214544
0.00846791285215701 0.0500798143214727 -0.199781651128401 0.156485012598138
0.0402725726188617 0.0372713049364149 -0.389810199385293 -0.0623446224710252
0.0236978568921505 -0.0327573719915817 -0.194308482824221 -0.516053267425123
0.0217457802299981 -0.0515279621593204 0.475382020260554 -0.507505482864656
0.0525499288928974 0.00701415025384533 0.651771721893197 0.0893324055402225
0.0560792400796272 0.101086591968061 0.250987217395833 0.336843407338502
0.028201139252942 0.114668428186447 0.0516165677833281 -0.0406408768854149
0.0523492046724783 0.0651484987302276 -0.257494352833978 -0.378554683472221
0.0523242872536639 -0.0243544389947888 -0.725679707651374 0.0786954410108172
0.0145911847891886 -0.0575970428963072 -0.274221902521783 0.754465773600129
0.0299048807749758 -0.0335446961090651 0.480085017947211 0.46303427214869
0.0539316287576161 0.0196460145890792 0.454768398546649 -0.101930116073705
0.0167371064196102 0.036354274021265 0.153557397855267 -0.295321436067826
-0.0113217578140802 0.00744356365472028 -0.128463244611903 -0.202469425100793
-0.00146046258865087 -0.00138498821850394 0.0607433351647727 0.173883820559005
0.00676196583018746 0.0473473143203392 -0.181506291959987 0.196817824203526
0.0414160471026213 0.0377243813857194 -0.385165790361891 0.043374172372916
0.0210953216242427 -0.0323549353504636 -0.307233671364343 -0.427530876214192
0.0125149169204269 -0.0588573627472942 0.314769926181284 -0.602539916397327
0.0543769727233033 -0.00827568880226512 0.650000045817368 -0.0855127251410969
0.073058636612495 0.096128883550589 0.313006648262068 0.305313500458349
0.0292188353113234 0.127627347350052 0.0656939248304677 0.00365195367998841
0.0496920853243309 0.0864476999451731 -0.176822246682217 -0.39243434578823
0.0599209287831273 -0.0066478998820572 -0.724762191449392 -0.106810561793598
0.0185987989301954 -0.0541288640318697 -0.478949526334456 0.665030832315065
0.0273383907610822 -0.035351625490961 0.365682539673869 0.5911805956292
0.0527870982399461 0.0209693989308636 0.48844897857749 0.014309275079744
0.0174125033298372 0.0402109730516225 0.200643635912699 -0.256454970448992
-0.0130186722020071 0.00809742261486363 -0.113832692766973 -0.206652605268035
0.0192293262540895 0.00204069315326242 0.061793458995533 0.165838632259185
-0.00365010692331947 -0.0286240497371675 -0.192487143859965 0.120299747514105
-0.0422700491830092 -0.0155058523376032 -0.403503437134956 -0.0979540367411093
-0.0237979593797795 0.0225765194681518 -0.164994010889505 -0.526649431009012
-0.0255335262198774 0.0446183690374899 0.511240889400125 -0.459411501901984
-0.0624924900670473 -0.00886853378638055 0.660603778515456 0.153212316495432
-0.0332618763927566 -0.068508278721833 0.244450182918219 0.363965385721967
-0.0306908349000387 -0.100986455138233 0.0603509254296023 -0.0336617510547296
-0.0737169379110441 -0.0518653087656413 -0.258221998748813 -0.356197185383023
-0.0364169007115255 0.0401005878659887 -0.713603029009028 0.133442593285979
0.00875668801045367 0.0613418924789316 -0.239712636217146 0.776980904925607
-0.0189500906395955 0.0237570694890364 0.479380474088382 0.411239999103289
-0.047270122445674 -0.0247203785204821 0.438668383976293 -0.152758192111737
-0.00506736346016618 -0.0345763727912561 0.14954190525319 -0.31445176331205
0.00862811771234908 -0.00160113026656964 -0.129728351770719 -0.207908118248263
0.0157422014911923 0.000608541746505994 0.0550657217790889 0.165535004064097
-0.00222955579002511 -0.0169819770081495 -0.203031856292099 0.0861858359973686
-0.0288571595825531 -0.00832946140446797 -0.386983719833005 -0.173902188051024
-0.0148202364817386 0.0147819381542653 -0.0477684180768498 -0.562363994157301
-0.0243694166092668 0.0254975192094742 0.6212456754766 -0.339997327461456
-0.049594946305628 -0.022632728793362 0.620180541038651 0.290322422237787
-0.017967850617993 -0.0585588306465577 0.188452382367233 0.374057212274348
-0.0234254712828235 -0.0796633340226897 0.0475580558834666 -0.0710831806184624
-0.0616409971897328 -0.0316157027900443 -0.319231934906561 -0.331312794352741
-0.0179955719136886 0.0347099944535029 -0.676133176824878 0.27150172459433
0.0174783260108454 0.0438368227017402 -0.0733218556804496 0.794647772343171
-0.00812599448129062 0.0158132002628893 0.53258747512538 0.294961923297223
-0.0302509224238912 -0.0178053387052215 0.392839199165068 -0.230919578439859
-0.000178661737008265 -0.0231778809802854 0.108599722307567 -0.334685456585682
0.00804979322841726 0.0023773784553503 -0.144559406164203 -0.201361688881676
0.0128116078074411 0.00100673570804275 0.0500461025564296 0.166065081916773
0.0002282728443776 0.000179089496805074 -0.209921260614179 0.0674616694992344
-0.0128935121930844 0.00178171199215576 -0.363261113676454 -0.222800956255906
-0.00406198570249933 0.00465318809195455 0.0343519975671015 -0.575602222992527
-0.0146242565998166 0.00855745341846887 0.679888843021537 -0.249959732731942
-0.0299094203090257 -0.0200938262656936 0.575366935770743 0.375528020988711
-0.0045658506453665 -0.0301045552493684 0.15044143314685 0.374171660061644
-0.0139989102041226 -0.0445362057228441 0.0378686710163307 -0.0972084829708498
-0.0395810665804293 -0.0141060446007351 -0.358706075425897 -0.311988721386131
-0.0024949458523289 0.0194773403459342 -0.639105085031142 0.352050336625067
0.0212334855470964 0.0199975471964513 0.0301509199320512 0.790401866099044
0.00532259794975837 0.00592745380821169 0.553792486824114 0.218853240121714
-0.00950578542816481 -0.00819732721857532 0.355411915368448 -0.274452913446721
0.00249829420774234 -0.0101968958456852 0.0790375225743806 -0.343799446686651
0.00412822842326259 0.00552185347056115 -0.156139222647016 -0.195462263490241
0.00909280754658069 0.00276424465821477 0.0464579166241298 0.167617952242214
0.00394562733873215 0.0189981157443306 -0.212840405454626 0.0656042734586241
0.00464575177347553 0.0139437651453277 -0.354382696952403 -0.237873741261316
0.00675355995748585 -0.00678694844808022 0.058663510815052 -0.579999087566856
-0.00153104937408847 -0.00634613533514349 0.697050668996357 -0.220539001650302
-0.00876541247620279 -0.00541895951241997 0.558762001441222 0.396018986070473
0.00551629142937326 0.0118580378538909 0.13924187614066 0.372008594318612
-0.0011034231967008 -0.00165931053277264 0.0329949124665188 -0.108402541660546
-0.0101984574086308 0.000903993173709362 -0.373559494247142 -0.306044933394282
0.00981571998798999 -0.0017327219190323 -0.624775549440899 0.373225081614041
0.0190653600930466 -0.00491525184169337 0.0668109778523468 0.783619287324453
0.0163157089538756 -0.00543557659265516 0.564875394561159 0.19828162574919
0.0111655937700343 0.000391524459401056 0.344579615474359 -0.282374139635327
0.0071939451663144 0.00339764748303167 0.0681640759247608 -0.345782059381665
-0.000965372544606003 0.00629480918093411 -0.159679617627046 -0.192020112789718
0.00538928420319698 0.00362604478320034 0.0446071926562461 0.170166816691155
0.00723371079553923 0.0362465157638738 -0.213928641413795 0.082852903587427
0.0205809673590819 0.024069592731328 -0.360514968413949 -0.214085121166486
0.0165612113575733 -0.0185543644800713 0.0193593507168978 -0.581191517836839
0.0131650673478135 -0.0205849696664125 0.673546446279501 -0.272796155676493
0.0151314499725742 0.0109068865015711 0.577070885771332 0.354805129857007
0.0170909564978989 0.0550093186548731 0.154079543626707 0.366316863945063
0.0106782812804353 0.0428360502276578 0.0331617404946595 -0.101219891792087
0.0186543897173932 0.0188092420377635 -0.362194894464923 -0.317391003943437
0.0230729500226878 -0.0210211759349851 -0.64615311909069 0.335055283659394
0.0144856871990988 -0.0288871697326 0.0249549733379889 0.788518876228956
0.0247036072323157 -0.0178053089658474 0.566964629259111 0.237405658080272
0.0314234548799674 0.00857155500536368 0.364178100045063 -0.257257648154955
0.0112291615455464 0.0173144121445094 0.0798049955306813 -0.339603044807571
-0.00582119578634598 0.00670910406629895 -0.155467568339685 -0.19304570551152
0.00222851503639072 0.00306961854622714 0.0440011902113131 0.172262000876505
0.0087728387128042 0.0471328519773287 -0.209138684073307 0.115889047281911
0.0336964381312777 0.0330388699324563 -0.37761646284921 -0.15313299325573
0.0225487232286083 -0.0287185419497488 -0.0765463381480976 -0.566041787210648
0.0216077969949272 -0.0374748829355735 0.60120902207503 -0.381919720213896
0.0371779993361214 0.0163936707427165 0.621220551973499 0.246270249521853
0.0356246373842997 0.0876423703071323 0.193498616218262 0.357780059232194
0.0210563511803409 0.084661990498848 0.0405748364653873 -0.0778117040744636
0.0413804403152325 0.0404361259216508 -0.321766637779462 -0.34906538640213
0.0370279775160702 -0.0308087211085452 -0.688171819414871 0.235699611945213
0.0108922645938538 -0.0470422868640317 -0.0917821565259235 0.787451462512102
0.0293548215565443 -0.0271834281347741 0.546008652856871 0.332930732253136
0.0463831044821316 0.0150063236105743 0.406305906522162 -0.197056132557147
0.0147405012180241 0.0285521031831631 0.108922434601426 -0.324267554218071
-0.00928317287688054 0.00741251847435354 -0.144928348027472 -0.196342558853611
0.000264156244199576 0.00273342259906844 0.0501377399545642 0.174460394518901
0.0089753136393387 0.0498666092645775 -0.199598765816114 0.157846081722219
0.0412822171045794 0.0369228249224499 -0.390629975698558 -0.0608081949729627
0.0241671465601273 -0.0325263082490673 -0.197976132782601 -0.517761056826848
0.0210594989494316 -0.0519759970293036 0.473897358945839 -0.508352307889166
0.0527593695327159 0.00751575913477136 0.653191829320345 0.0868943781701219
0.0563333290974218 0.101034015309367 0.250857772945461 0.337782813962124
0.0280658664922198 0.113903402481886 0.0522130416212468 -0.0403316113356988
0.0528144495233814 0.0649000509328409 -0.258542141716647 -0.376297961401766
0.0520514595630425 -0.025640467901993 -0.72603737874588 0.0804523216609753
0.0125975254115866 -0.0569834359248721 -0.272249845480153 0.756746080189444
0.0301070245313112 -0.0344967796624842 0.481281307528148 0.461957675659753
0.0547233741597052 0.0195069073533495 0.454116763463079 -0.103530852508677
0.0168786651141111 0.0360706098384537 0.151735918399573 -0.297452771739106
-0.0119744280655595 0.00776189442716994 -0.130731730028292 -0.201628372932775
-0.000876183478332996 -0.000449255280266677 0.0625109729025492 0.173569055861125
0.0073606970410783 0.0470890777890921 -0.180623894250981 0.199134443892819
0.0422946167615617 0.0371757789424495 -0.385066570749819 0.0439990950015009
0.0214287095420256 -0.0317300395468142 -0.310065815769681 -0.426607828801413
0.012772969408304 -0.05967949617514 0.311663298780359 -0.604369887033627
0.0546458627192269 -0.00814829829603614 0.649294692590587 -0.086623521493711
0.073467183910095 0.0956759751966165 0.313870248717266 0.305196562618971
0.0299588819304104 0.127637699893513 0.0663110144015348 0.00435273334606906
0.0491221800409801 0.0859159942241507 -0.178714980608792 -0.39424527997308
0.0601826824665206 -0.00586007808109956 -0.726658069997487 -0.105101666674512
0.018208974932791 -0.0540170330589895 -0.475977241079178 0.668463543728126
0.0283255105386639 -0.037050131254743 0.368472878576687 0.592131618493227
0.0533172393478578 0.0206282732905443 0.489115756555743 0.0149025466704581
0.0174034853510123 0.0400256260617187 0.199198080238646 -0.258148788806895
-0.0120121010210175 0.00891343901647497 -0.116506681799013 -0.205824533816406
0.0186390772557846 0.00150202167556489 0.0628258803755775 0.165380477565495
-0.00438847113751424 -0.0290712658200503 -0.192712560604874 0.120974396353146
-0.042627166991856 -0.0149902725386281 -0.404386868356647 -0.0959198393624638
-0.0240705426134048 0.0228688183844969 -0.166823171703439 -0.5270927990213
-0.0255504145827358 0.0451078681214841 0.511091260253236 -0.463901984149358
-0.0628991668806816 -0.0084938510144737 0.661026833064594 0.149805875900235
-0.0329557958450271 -0.0691877381614719 0.246120223715083 0.364245183403184
-0.0303580717063064 -0.101828401955695 0.0599225666692448 -0.0338284380114788
-0.0750048894960407 -0.051611450704766 -0.259626287277775 -0.357597299991561
-0.0364138504999406 0.0405260669436644 -0.71444590929104 0.136308065393496
0.00847386853956899 0.0610192518536403 -0.235607760913644 0.780688361475793
-0.0191494590848777 0.0238816837238852 0.48323117714043 0.410579667650937
-0.0474429610027701 -0.0237441859300312 0.439069771015933 -0.153874211692659
-0.00543922030721205 -0.0339901135886319 0.148979462534615 -0.314816994307107
0.0093827184082241 -0.000898058341870303 -0.131822817615185 -0.207907876943216
0.0153248095616182 0.000478387737989544 0.0574554834652374 0.166227972254789
-0.00228255853091437 -0.0172266273984172 -0.204298511452377 0.0888767338785704
-0.0281301229841036 -0.0086787722241078 -0.386847790066486 -0.173525010767763
-0.0143745999506277 0.0150531406655134 -0.0490384646520284 -0.564439105801136
-0.0242267057051351 0.0253712007178228 0.620986772341436 -0.342611917683239
-0.0490236737731837 -0.0223400086147411 0.62103690014405 0.288106589886625
-0.016970380975409 -0.0600330977142192 0.189038180445683 0.375439387261312
-0.0232633124426258 -0.0801168914102379 0.0475144033112245 -0.0719865389912743
-0.062465496836543 -0.03149632503065 -0.319695186522968 -0.332067921445535
-0.0182538822814932 0.0358270870756015 -0.677069703369116 0.273805169719314
0.0179564206501904 0.0443606074871879 -0.0697094262929655 0.797366012882317
-0.00804670111327265 0.0163304115483768 0.53434959529492 0.291792143058437
-0.0308395662667505 -0.0171932524918841 0.390044286089885 -0.231770101246239
-0.000806750206056644 -0.0235064933919097 0.105027993964259 -0.336431546308547
0.00765982242006841 0.00318421756054412 -0.148062490180476 -0.200435811652709
0.0128866241054926 0.000409346718192679 0.0521017359669297 0.166564270742334
0.0001064448177467 -0.000111296592833412 -0.209872015817538 0.0683427689960999
-0.0117604758685971 0.00157184860028197 -0.364327636529642 -0.221913567478567
-0.00368955856307568 0.00478384354787124 0.0320023748790402 -0.576591694689192
-0.014364337929241 0.00850081404623115 0.679991330026281 -0.251803763254834
-0.0300315207255301 -0.0204684097555181 0.576649387075373 0.376154740496806
-0.00345958970909376 -0.0304845273218803 0.151376819322704 0.375539992459124
-0.0139352472011077 -0.0456982926095137 0.0376067359219066 -0.0977499598178423
-0.0386458119697062 -0.0132537954504586 -0.359762365556987 -0.311775374489268
-0.00273084393304801 0.0192028325482281 -0.638859766723274 0.356183874834323
0.0208474179426147 0.0209959637341936 0.0342063615813051 0.793019353205072
0.00451696533745267 0.00639217381178396 0.557211133434565 0.215710772298478
-0.0101118354003402 -0.00830951877819581 0.354292916861975 -0.277518109188327
0.00325727447014343 -0.0105051797569841 0.0772750492863756 -0.34525805245379
0.00440824331740336 0.00479177223260352 -0.157083109735856 -0.194655586702613
0.00896205148409854 0.00283394752472394 0.0474977998004743 0.167960981051965
0.00461626450055717 0.0193330274972495 -0.212960227712204 0.0668029979501573
0.00485793596987561 0.0134814728181183 -0.354916287098889 -0.237178431931339
0.00736808548605645 -0.00692599103537554 0.0551549072281661 -0.581019614117355
-0.00169547899922338 -0.00620480107857471 0.696877046057062 -0.222045109118349
-0.00877459034011861 -0.00567288423137484 0.56042063522137 0.397061941714577
0.0068138810778861 0.0118143817327955 0.139865979848669 0.372466514015655
-0.00157038964302183 -0.00225477718328444 0.0321619399855907 -0.108329763318951
-0.00985365702707096 0.00161793916926755 -0.37393600683103 -0.304913621902534
0.0105356175718307 -0.00236164771896131 -0.626257741172465 0.37741312961118
0.0196214093648473 -0.0047364878820529 0.0712924849799557 0.786683537230197
0.0155834689964317 -0.00557658405023081 0.56878864758624 0.195828902434562
0.0119906887995881 0.000461666416489185 0.344428185474234 -0.284686713990132
0.0074640129725531 0.00381032961035941 0.0666144946421287 -0.346552334201446
-0.000522042500312592 0.00623968056316294 -0.161680852990856 -0.191115746274118
0.00546666100312308 0.00387318359781697 0.0454469669586957 0.170789416325933
0.00761797956087587 0.037098431247126 -0.212190237389392 0.0850304831681311
0.0215031163918373 0.0248009041528446 -0.361968336194751 -0.213364603941481
0.0167066647385543 -0.0187024316473571 0.0166292203893744 -0.582817726752676
0.0122593656797515 -0.020424086007363 0.673167342893233 -0.274742014420668
0.0154928124772265 0.010397902238785 0.579104597603216 0.353382793690816
0.0177824802284693 0.0554069816643534 0.154169093312808 0.367551749978416
0.0117019544555098 0.0433375384139292 0.0336373133897131 -0.101713452149905
0.0190125099864221 0.0190888848179449 -0.36505153779361 -0.319952074941493
0.0216448369287334 -0.0210675707694777 -0.645704300341379 0.338778031140249
0.0135922262156614 -0.028760955528858 0.0281239369874907 0.79178870402467
0.024819253072965 -0.0176143159214389 0.567861258180103 0.237556185011102
0.031323549398628 0.00877762112843272 0.363340442369118 -0.258775095652819
0.0110472807010663 0.017391873911422 0.0767149577832797 -0.341212408926447
-0.00485194358217419 0.00626531079985272 -0.157990492662531 -0.191122409865636
0.00234746990257411 0.00354749568341815 0.0461817836791797 0.172837678436413
0.00914343553327651 0.0465255356960457 -0.209349622995654 0.117974902171508
0.0342879710185503 0.0327239250110935 -0.37844340376696 -0.152898882814349
0.0222884500693304 -0.0277378696610402 -0.0786334325103987 -0.569399143599398
0.0222708028280761 -0.0364861480622604 0.601610342964337 -0.385164719242133
0.0382180976937981 0.0166893257738717 0.621944629076101 0.244721083794503
0.0363999842556307 0.0868255701454227 0.195335016783288 0.358285542380535
0.0212520606024719 0.0844432143057757 0.0406229800630119 -0.0771286526273323
0.0420594012123947 0.0397579165175051 -0.324309168333908 -0.347395578078487
0.0373193949130253 -0.0305152215386337 -0.689823508175782 0.240020239630964
0.0101328291925915 -0.0480007995308172 -0.0882375142764336 0.789621930225897
0.0285319848253614 -0.027478119837802 0.548563396017597 0.329377591073438
0.0471739890719129 0.0146244382568457 0.405999256002534 -0.199408501420385
0.0147326342807325 0.0288603916238218 0.107812153410131 -0.326341477076562
-0.0101079240277869 0.0079465375099218 -0.145832737497603 -0.195437142765121
-0.00026523043482489 0.00190995666093554 0.0523444213325997 0.174459726991413
0.00954289053366687 0.0493844931458704 -0.198961129921896 0.159504888093658
0.0421589496353825 0.0367664151016714 -0.390054249117656 -0.0601825313458516
0.024266207335035 -0.0331681616067754 -0.201089803003498 -0.517558483480618
0.0209398573462699 -0.0519084603545602 0.473913204632261 -0.510644400283816
0.0530436096369473 0.00763021723803811 0.653059208431507 0.0855656345436111
0.0571054118925048 0.10084342184739 0.253050809833545 0.338793173949831
0.0278267933184333 0.113753664226112 0.0523929907045409 -0.0405122984424242
0.0531893459579144 0.0649554061579119 -0.259114755389823 -0.378671306982849
0.0510933835553479 -0.0255256126131375 -0.726903090874841 0.0842289631908332
0.0124767269029906 -0.0577369261828313 -0.268481281159103 0.760030305163814
0.0288863532156806 -0.035114355765887 0.487747284768259 0.460485608709181
0.0544347584199904 0.017820986448671 0.454773598577073 -0.104317098235178
0.0175628242303087 0.0373758078976582 0.150979616216508 -0.299598597566268
-0.0114519756739835 0.00764643458458858 -0.133042427663127 -0.201069781803265
-0.000571180279503947 -0.000659283354176945 0.0640767518859348 0.173423132997456
0.00776246828463624 0.047570163495419 -0.1786193877546 0.200257256666764
0.0431906973216193 0.0367074112763303 -0.384281813022354 0.0456637928782299
0.0205629113495957 -0.0320250092900282 -0.311759420410422 -0.42729396242645
0.0118484055725399 -0.0593842300629689 0.310708456031353 -0.606989334252417
0.0548053108591937 -0.0084779580018712 0.649226927001191 -0.0894397551668911
0.0741062931084046 0.0954231058632423 0.315595944093025 0.305193697968375
0.0307894518405539 0.128155339593671 0.0668296181923831 0.00375379874236959
0.0498965162209055 0.0862535841174699 -0.17930323424546 -0.394357359499491
0.0603141316041062 -0.00654427803402818 -0.727866998923203 -0.103577633515886
0.0172325478033467 -0.054177562239287 -0.474618981710221 0.67189108880406
0.0272912584254345 -0.0366431402094861 0.372210295671405 0.590219204193491
0.0536420593280619 0.0202662771453621 0.49197119362013 0.0122901814994681
0.0187301992770161 0.0401042424973806 0.197130819971292 -0.260210653813279
-0.0133366293723941 0.00846981088604151 -0.117681531253019 -0.206921179679632
0.0192131696907057 0.000907444594606032 0.0646475821932067 0.164732972478207
-0.00396860621129007 -0.0293780316960252 -0.192811972464432 0.122652314153395
-0.0428159429989088 -0.0144934995480246 -0.403794833243107 -0.095140350015426
-0.0239129885940206 0.0233906466502594 -0.167333874939941 -0.527802545896591
-0.0251282921530182 0.043973977280371 0.509554486795565 -0.465392530763595
-0.0625826264604057 -0.00820123030695862 0.662688596029337 0.147170210488128
-0.0325117773988587 -0.069263124716348 0.246593718037889 0.36478913031165
-0.0313945704340583 -0.101920163428938 0.0598275958791463 -0.0339510860764174
-0.0744958049053129 -0.0506461295293106 -0.261222606113939 -0.357441987721224
-0.035977642705799 0.0404434504526622 -0.715200513355233 0.13955926400054
0.00947742968434587 0.0614621874731243 -0.233300157057887 0.783871016253463
-0.0188961903920122 0.0253647016244806 0.485338338177061 0.408918049760174
-0.047806178008868 -0.0238657765468653 0.440348556985293 -0.155851476801129
-0.00588604701079067 -0.0353181392269178 0.147738564520512 -0.318060734073473
0.00996111254960412 -0.000277509059105931 -0.134371422320637 -0.207181212119496
0.0157929559811209 -0.000439373857826068 0.0593499472866352 0.165689389895723
-0.00244983966609188 -0.0170422912940131 -0.203756472743927 0.0896548917769668
-0.0292838221237787 -0.00832909500333056 -0.388243850827943 -0.171913888143825
-0.0145518189386665 0.0151917409387595 -0.0529286951625677 -0.56666749377652
-0.0240208784001306 0.0253993915604689 0.621721880912807 -0.346245147353415
-0.0494211971653737 -0.0216562799435266 0.623954467761701 0.285514781527273
-0.0165948665457827 -0.0600278093958573 0.189709434027818 0.375398090377591
-0.0238352183258411 -0.081025642368767 0.0474718052714917 -0.0716188620495401
-0.0624870545153484 -0.0302461689917136 -0.321305466660323 -0.332090855018096
-0.018034191858741 0.0360983713524877 -0.677773294629372 0.275142140996923
0.0185741369305735 0.0437090213599672 -0.0665522019442007 0.801266375504816
-0.00809600199937375 0.0166991322084269 0.537184254721937 0.291917006066602
-0.0315066087891213 -0.0169911425654587 0.392216253615965 -0.234649270928078
-0.000959200168663287 -0.0239460168780789 0.103718605198353 -0.33802879825947
0.00786402191259961 0.00227029642013244 -0.148498741543323 -0.200074829086429
0.012770765570889 0.000379791300046269 0.053407941294813 0.166565218701916
0.000967285881458514 -5.76282860312357E-05 -0.210639908269091 0.0691124188885561
-0.012017354610429 0.00178138886368431 -0.366246380595351 -0.223039900415913
-0.00419555096536011 0.00530901319029915 0.0295980603548756 -0.580229073136954
-0.0149158522300667 0.00793091441135421 0.680164335066725 -0.253715446723524
-0.0298914917678633 -0.0203340544166852 0.579216528584365 0.373506075690154
-0.00311465777390145 -0.0301649270286715 0.151930362290381 0.375753488281295
-0.0136171830701731 -0.0453489017656057 0.0366816020474716 -0.0973528033109686
-0.0392956129483135 -0.0136961050202996 -0.361482578772674 -0.311109067909584
-0.00222224063312668 0.0189169835914006 -0.639807629759435 0.35859722915949
0.0213914880452223 0.0202223737360921 0.0397680386765493 0.796286232376164
0.00423696521555746 0.00650998350640763 0.560227006070614 0.215517161089779
-0.0102343837216583 -0.00876466505243696 0.354334956171825 -0.278765704702113
0.00331714336369929 -0.00983238559783579 0.074940539626124 -0.347035898230829
0.00458657389294179 0.00522503290578656 -0.158838590804811 -0.194668976377251
0.00928996291034669 0.00158175988196295 0.0484842068404856 0.168000370985865
0.00422437342943471 0.0194920371986235 -0.212813297766058 0.0682641019055472
0.00478382907224612 0.0138468783689573 -0.354899310403702 -0.236980829134635
0.00625550418227384 -0.00736360467666655 0.0526583984491858 -0.583387272014704
-0.00100566383617808 -0.00696410240028013 0.699521290055509 -0.22534463255246
-0.00841963581833286 -0.00562123370706048 0.562716166039679 0.395216526022639
0.00664913148759077 0.011175084219289 0.141255915670376 0.373046202308643
-0.00115946760795937 -0.0030894700366712 0.0320009872331453 -0.109832832283743
-0.00999622246693577 0.00221130460223311 -0.376544935959476 -0.306776272823092
0.0101416771699648 -0.00214601614575044 -0.625956552226601 0.380147738527013
0.0190719790501937 -0.0059091578952506 0.0745611713619388 0.78771716489612
0.0155258766876011 -0.00615927368958287 0.571038203154294 0.195157606290605
0.011531334747255 0.000463565894160392 0.342975962894011 -0.286045526282941
0.00723054984421802 0.00416478879029768 0.0644717597553377 -0.348004678918726
-0.000560837722917667 0.00591953485958193 -0.163085328422448 -0.19098215609747
0.00538995140582302 0.0031763591171465 0.047727926873641 0.170143204938232
0.00773028696515054 0.0356628100224334 -0.212630860870524 0.0865384742040954
0.0217464074099724 0.0247037207056168 -0.362457234183896 -0.215027918360467
0.0166172950408745 -0.0187510848754324 0.0136562617112611 -0.586116415846626
0.0119267721821731 -0.0206980724657892 0.672722386041117 -0.279458381271519
0.0154841838588195 0.0109372010572848 0.581277981957033 0.351799399955052
0.0187477504354909 0.0542000885805585 0.155015983029441 0.36813785840921
0.0111107128053464 0.0418791074536467 0.0334334346979213 -0.102342517196591
0.0189218652496772 0.0189307326714811 -0.366200896848643 -0.319274096076282
0.0221409445601873 -0.0214356553546578 -0.646014669275409 0.343104872117779
0.0135570976163963 -0.030229311632441 0.0306218966989502 0.791897918685256
0.0246765030997968 -0.0179998852951859 0.572835799219225 0.234263642903753
0.032687080483155 0.00851730707970418 0.3622695078815 -0.262905693720254
0.0111132115654646 0.0175767085633227 0.075060554717943 -0.34333837674562
-0.00614482439942487 0.00665613410283401 -0.158528140910015 -0.191009355039996
0.00206434267131139 0.00339580636727028 0.0473615876901526 0.172487848409354
0.0105392064380605 0.0474680962638117 -0.20840968812004 0.118959309536829
0.0344332832030231 0.0323670044581702 -0.379809353599739 -0.152466065659977
0.0222442482286479 -0.0281929445365962 -0.0820748425440571 -0.569050924114436
0.021634879098751 -0.0368298053435138 0.600060468405234 -0.387652052093338
0.0381911795871553 0.0162393621315114 0.623591701257427 0.241981805872741
0.0372190457023823 0.0863303386336023 0.195809067097103 0.359721474765657
0.0210634762635563 0.0841595291497397 0.0401571745703529 -0.0779405982129432
0.0417316745770042 0.0397178909204614 -0.326532159403008 -0.349056191315859
0.03724746729232 -0.0312906970593901 -0.688733509614226 0.241616927085214
0.00981618251831439 -0.0484492113953685 -0.0857186699141802 0.793304623386863
0.0300552244273212 -0.0284008924648869 0.551498160792343 0.331167027859094
0.0487951505968823 0.0144755622905092 0.405041172742513 -0.201305581736965
0.0154121408596818 0.0292580998307319 0.10425764850548 -0.328699112540774
-0.00886812098775919 0.0078360589180586 -0.148150959471961 -0.194451227159274
-0.000777227086305728 0.00123188125109182 0.0525588828553865 0.17448095880372
0.00962293624149957 0.0499535647387195 -0.197830424850541 0.161691053484934
0.0420558323024091 0.0367164043653646 -0.390471149792503 -0.0591649134985705
0.023679107038041 -0.0341430326349979 -0.203538973008691 -0.518224106231774
0.0201423635746219 -0.0522768282368765 0.472503676758444 -0.513759335846814
0.0532132897334371 0.00740593313636421 0.654580346943578 0.0836322671277429
0.0583289034427816 0.0998381410690906 0.252964449905665 0.338856250829281
0.0289693909661203 0.114193755314373 0.0522010309500941 -0.0408656240498174
0.0539118241692933 0.065624505364684 -0.260924425821537 -0.37822753632826
0.0518550122231343 -0.0259938699487237 -0.727617737893782 0.0858909019083739
0.011650474756189 -0.0580949541441961 -0.268273137781183 0.762732371027743
0.0297284429307019 -0.0355805557254644 0.490421667610384 0.460377229111146
0.0557451535129306 0.0184302135425619 0.455599625467799 -0.106827544490956
0.0181208107359279 0.0373767185084466 0.148854548493948 -0.300467779505735
-0.0110090631918217 0.00773185485258645 -0.13463013786883 -0.200208471025574
-0.000865069267241877 -0.000827475312824763 0.0648479546608148 0.172418902271325
0.00718044446210413 0.0471247683694883 -0.177641640963314 0.203274880915535
0.0432890029528151 0.0367182404683421 -0.384142210146787 0.0463495698249842
0.0208531278573175 -0.0337334947653544 -0.313576145715841 -0.42625317321109
0.0114240763683387 -0.060282658036352 0.308303585654063 -0.609528476126877
0.0548676995926828 -0.00850781043213274 0.650272580780431 -0.0910697103131897
0.0748222293002074 0.0945163199621062 0.317865702302028 0.30457080545171
0.0307397078338423 0.12771253096813 0.0661084882172929 0.00406803737717684
0.0502961502698162 0.0865193074421774 -0.180562151008837 -0.39492785941731
0.0593682787189656 -0.00624932475589175 -0.730368687217682 -0.100148314963033
0.0170756445668519 -0.054719401689255 -0.472762064262526 0.676125634708179
0.0266964907027649 -0.0380120906825272 0.376799306742369 0.592438886229144
0.0546690049281822 0.0199152953677175 0.49081539355554 0.0111097488993857
0.0188535806326938 0.039494976464277 0.196254763655613 -0.262436958349004
-0.0120808722112355 0.00947675810004455 -0.119698861752993 -0.205331012257906
0.0191738072716482 -0.000742649611425082 0.0665268368104982 0.164640077542598
-0.00505414603380786 -0.0302279469194889 -0.192754780039459 0.124827351665871
-0.0432281515066529 -0.0146962834296114 -0.405883147615405 -0.0930992140785621
-0.023602429175508 0.0231927842586545 -0.1717725769765 -0.528145602863621
-0.0245936200073404 0.0448861684438841 0.508783569213643 -0.468812847081422
-0.0621929749575736 -0.00820216621742062 0.665437686867715 0.144419566137255
-0.0320307760303139 -0.0699218131632407 0.248987688499492 0.364315558680894
-0.0309727251695146 -0.103610927263753 0.0596429372083846 -0.0345827316065612
-0.0751833259763855 -0.0513542848091301 -0.2618476080519 -0.357115812439191
-0.0355614151213348 0.0403345260126006 -0.71882597323788 0.142202218541878
0.00894970334122107 0.0611875246972816 -0.229179796281727 0.787854040909952
-0.0187660221083272 0.0249085716028774 0.488872139395424 0.407415118881672
-0.0479151501762568 -0.0232134831854106 0.440780437611517 -0.158591793142966
-0.00684731894950944 -0.035437958468433 0.14655385193543 -0.318481136561348
0.00888729770159368 -0.000358613300127694 -0.136130788418463 -0.206824717755502
0.0159090678883487 3.97455611924999E-05 0.061272447961761 0.164559341126326
-0.00308522480081777 -0.0176120788642913 -0.203543768853671 0.0903961920499486
-0.0289954524267883 -0.00777782293568675 -0.389071834464939 -0.17167319732304
-0.0142560590727282 0.0158346544179423 -0.0547878121585765 -0.568252278194154
-0.0236646923498145 0.0255381327855537 0.621818415072361 -0.349051841189411
-0.0492459872085038 -0.0215261305874342 0.625353779397006 0.284045413880184
-0.0161819162137276 -0.0604444817702474 0.190730537140289 0.375343075997289
-0.0235899655747674 -0.0810167569838771 0.0469372456919564 -0.0723648126915046
-0.0626060840958094 -0.0310557520327915 -0.324436302509981 -0.332704895398984
-0.0177636925540712 0.0355388754984356 -0.677590682989201 0.280542814051187
0.0183314655135534 0.0438510081539817 -0.0630048847627243 0.805527186139709
-0.00753901792388804 0.0170066680726934 0.54069348150204 0.290287207703431
-0.0315652581388561 -0.0161776159664396 0.391371977255338 -0.236542462610049
-0.00123302181954449 -0.0244383176494386 0.101801255210864 -0.340562000138458
0.00785960137041475 0.00338787398312287 -0.151051536161517 -0.200879686559959
0.0128637323218465 0.000139846175341549 0.0555701040823386 0.165881620638103
0.000513924026341957 -0.000449659715577349 -0.210869762824793 0.0708013597906231
-0.0120345193192892 0.00162154583045366 -0.367065296331742 -0.220995086753337
-0.00398672557938546 0.00491174986495705 0.0275618498143739 -0.58167696299028
-0.0150630884769543 0.00795307134820118 0.683066629888629 -0.257138765917265
-0.0296865942450263 -0.0205191585483169 0.581648477708661 0.372373866729292
-0.00333545898898791 -0.0312923428389286 0.153277348855945 0.376502132092784
-0.0135363927526601 -0.0470526099937968 0.0375347502410181 -0.0988859157110617
-0.0394662084148872 -0.013557147118111 -0.363259710651738 -0.312544900573722
-0.00260842042363119 0.0193260795071097 -0.639291899320932 0.362117449759439
0.0216239076222588 0.0198747328913273 0.0436441521200027 0.798968309820382
0.00442879131911787 0.00673318342102998 0.56158223544286 0.213242450223048
-0.0108332471564903 -0.00866556242539908 0.353697216615535 -0.281067288274339
0.00340654559182631 -0.0106792625086669 0.071592002586393 -0.349871666847402
0.00418286901712843 0.00459731938226811 -0.161477202166998 -0.193632963663563
0.00914101673172284 0.00130749919469088 0.0509297099205695 0.168103661394973
0.00455949370048401 0.0187848332907132 -0.211983371017175 0.0701797985112519
0.00664012924355466 0.0131467501526084 -0.359523356065608 -0.236336667954136
0.00658162162091813 -0.00694806652701966 0.0516170191786705 -0.587192914972189
-0.00190703282839944 -0.00629480968386661 0.699862280450273 -0.229496414883544
-0.00720528901609948 -0.00521777700481137 0.56424297665996 0.394054739923319
0.00757490258642759 0.0106759164568793 0.142179422888792 0.373194663614546
-0.00149623705368166 -0.00325894564550634 0.033007141219798 -0.109738899690449
-0.00969585086551832 0.00183082655410534 -0.380031612106 -0.305649090000977
0.00979315086301753 -0.00255156780038609 -0.625615755887368 0.384814118538364
0.0191113224553081 -0.00579899931326564 0.0784078188080179 0.790404378794641
0.016091853616412 -0.00594749672383969 0.573051154256576 0.193728504128944
0.0117905645060551 0.000625258757148693 0.342949409705529 -0.28897944941384
0.00767686734417186 0.00363143976651886 0.0607767257252838 -0.350832307041977
-0.000322831931245075 0.00647805658336171 -0.16540175819031 -0.190576598110268
0.00480215185768731 0.00296836691373628 0.0482851559911068 0.170591204994452
0.00804762097667841 0.0362792770959641 -0.212330274694106 0.0873997746849226
0.0227128964708184 0.0234660891568107 -0.365001530129597 -0.213743081758531
0.0159359176772287 -0.0186682384295139 0.00977717124704653 -0.586787896148948
0.0124883223603711 -0.0213152005929422 0.673837409465578 -0.280769348410101
0.0160747589246333 0.00977686584834721 0.582305867108775 0.349333782874827
0.0189498495345801 0.0539661226407959 0.156982541085961 0.369255616275977
0.0109028229470538 0.0428337735413711 0.0327193904709754 -0.102747357642472
0.0189908562249094 0.0185254235746499 -0.367975929451228 -0.320381670746596
0.022030117976053 -0.0219019844834409 -0.647735088975623 0.345515636747136
0.0129875747401549 -0.0302814768700037 0.0347105450578287 0.795770015356824
0.0243478981100668 -0.017743594154517 0.573860840336264 0.233400650420549
0.0323053022554081 0.00821133375179519 0.363026496874411 -0.263143641334267
0.0126658747651637 0.0177340648966015 0.0730359387531008 -0.344747409711704
-0.00511755483563887 0.00680755800926797 -0.16126382984436 -0.19075038161607
0.00141680713542149 0.00343471833412204 0.0497799540110408 0.172673927834647
0.00962733618491616 0.0472629171723847 -0.207289251799539 0.121223318532507
0.0358859094153871 0.032303432790916 -0.380987437016267 -0.15313767766842
0.0222851627479507 -0.0287149866726508 -0.0847464747208706 -0.573039514473496
0.0210829466531794 -0.0376038958951947 0.601612583260457 -0.392406894279355
0.0381482899605128 0.0157432721421412 0.624835920238167 0.24183250144548
0.0372321995150934 0.0866098815839079 0.196876668574702 0.359972069247946
0.0220553145340799 0.084180650382762 0.0404108473048206 -0.0777122339407265
0.0423043972265089 0.0396863591149012 -0.328013303606111 -0.348815724019048
0.036642471156468 -0.0314674326895907 -0.690919235455346 0.245468016307542
0.00990419771290008 -0.0483157300565241 -0.0816451382338918 0.795967682044608
0.0297815288143455 -0.0286890294269982 0.555322945880805 0.32753542754657
0.0485129839607805 0.0145965771702617 0.405870932099581 -0.205120861499196
0.0162515939367677 0.0287037626762916 0.102736160761769 -0.329845230483974
-0.00891594804051252 0.00814519909615555 -0.15122026382918 -0.194746310345236
-0.000895073668465171 0.00159391806879888 0.0550920826456066 0.173885188090121
0.00997962481862465 0.0499591352689457 -0.197574142159539 0.163831396912639
0.0436406188804482 0.0360490257620641 -0.391976571467088 -0.0595270064589371
0.0234296418877779 -0.0341693198661075 -0.207341289264306 -0.520567152018727
0.0201090133743874 -0.0531057902556605 0.471436571119167 -0.517212889186382
0.0534892942629292 0.0063528030029863 0.656402656697674 0.0810126665453126
0.0586110728581185 0.0994847135604923 0.254541203289748 0.338100325367967
0.0286376493701142 0.113679842019926 0.0516012704995523 -0.0409121063465988
0.0541680413320509 0.0648471722744768 -0.264181554190691 -0.379693817856912
0.0516078777219542 -0.0257185691824462 -0.730923213587271 0.0897273502201545
0.011769723793844 -0.0584892650491746 -0.264614535386731 0.767932498663298
0.0299827657578899 -0.0356597175313327 0.494302498006164 0.460978471447312
0.0566286184925443 0.017410564698696 0.455956883538477 -0.108640813313096
0.0191145123294186 0.0366677700951484 0.146599330382102 -0.302679439086789
-0.0112212416342809 0.00866428388621793 -0.136540791670656 -0.19937432777256
-0.000828251288987471 -0.000628892049328669 0.0672863939586289 0.172448545763463
0.00730237354433338 0.0471177781818321 -0.176315444478129 0.205345660770836
0.0436301543954195 0.0365595886250903 -0.384036341064933 0.0484386444034184
0.0206616884557974 -0.0332936543869309 -0.317452017870679 -0.42589970974216
0.0107341081378502 -0.0591766223863314 0.307676150471747 -0.612221982289576
0.0544024822016152 -0.00871630231915355 0.650736228834031 -0.0950445124201741
0.0751585551705293 0.0945655672307664 0.318499032850021 0.305966010591834
0.0307937157766061 0.128129133680183 0.0666044625377816 0.00369820071375585
0.0513764127502015 0.0851709780045269 -0.182166608620528 -0.396812574838914
0.0608637205663412 -0.00702573737397456 -0.733953988383296 -0.0987465484315397
0.0169594217345348 -0.0551167107667869 -0.470259337897305 0.682160447617459
0.0268590917057209 -0.037668677277248 0.381404120702919 0.59138280505568
0.0556335472879085 0.0200335123150255 0.494811094510497 0.00689266924043469
0.0199239462692311 0.0405306506110008 0.195162598405468 -0.263668242172152
-0.0119504666259843 0.00978088212427593 -0.122260201600846 -0.204922428762291
0.019808940126776 -0.000353250851678589 0.068950298793419 0.164175512723784
-0.00478617759992573 -0.0302380279938677 -0.192665359376399 0.127427407265075
-0.0435989375631065 -0.0144605005356682 -0.407153251330957 -0.0924749159799718
-0.0240332301641359 0.0238196161972163 -0.175594244545102 -0.530643626941713
-0.0244680221060924 0.0453685589726316 0.510029661769902 -0.474315304319921
-0.0631202997212584 -0.00777961148091748 0.666916563589945 0.143978276429045
-0.0329499321192562 -0.0700146059344679 0.249645170038813 0.365932960708942
-0.0322072973063587 -0.103792280539411 0.0596320867877734 -0.0338722279647688
-0.0762633743241789 -0.0509957726861625 -0.264614819792976 -0.359184186390937
-0.035698690799718 0.040526536156522 -0.719429246711691 0.144364962455063
0.0101099388744374 0.0612983857571322 -0.226111878672889 0.791991311949691
-0.0184800715532218 0.0254316496494017 0.493113992461706 0.407537180279204
-0.0486677101604264 -0.0226710537651463 0.441586459156808 -0.161299880686684
-0.0072732064291466 -0.0351731595969452 0.144706089838972 -0.322123849646429
0.00906453422278756 -0.000887832656209016 -0.138530630631206 -0.207091103800225
0.0161416737256356 -0.00160471420301998 0.0630546248017861 0.164621352129751
-0.00292962460287175 -0.0181071496775382 -0.204002805348973 0.0934288506139581
-0.0296248485710832 -0.00743336284018884 -0.390545306447171 -0.170617268360088
-0.0143148916896464 0.016073451019181 -0.0600538653623151 -0.569219245508213
-0.0233297291305046 0.0271848621735346 0.6219537730022 -0.353910902156535
-0.0497329634729859 -0.0216323907364266 0.628171768457909 0.283015881750792
-0.0162318625130248 -0.0615158991451093 0.192258558546265 0.376756273321653
-0.0236962186163452 -0.0808160834750906 0.0465608046993716 -0.0731123961562695
-0.0626290314230647 -0.0297557375195285 -0.326226728508934 -0.331932221897372
-0.0175915280208949 0.0351192225740277 -0.679667532296411 0.283067765554421
0.0192998208160361 0.0434610615001317 -0.0589900590439717 0.807985969138081
-0.00772860670028961 0.0176270802333974 0.544261300517568 0.290431608976301
-0.031941678517235 -0.0159412714897621 0.391179907303932 -0.239248024298131
-0.0014083106087021 -0.023933639837058 0.0999392146843854 -0.341960944329202
0.00811628764294481 0.00245905105205747 -0.153242807909455 -0.199078950940522
0.0117858795644842 -0.000279844216889088 0.0568866163122886 0.164866765977848
0.000292158558328294 -0.000801989131355794 -0.210449643135388 0.0729612638522999
-0.012093136159957 0.00204516054346805 -0.369458705353725 -0.222137295155787
-0.00422736380885132 0.0047667804606896 0.022189517698193 -0.58501231972063
-0.0149592990800813 0.00849858068680347 0.683421303514049 -0.260134970193405
-0.0299981127432403 -0.0203598662813365 0.582399944702014 0.37122919441909
-0.00229997785024633 -0.0315036248755673 0.15445476765122 0.378296966596791
-0.0142904688230244 -0.0472258369536499 0.0367194055357404 -0.099309955335301
-0.0394494081584688 -0.0132977767066667 -0.366242799249067 -0.312398383740557
-0.00189503866269047 0.0187272439448711 -0.640111358063892 0.36649669930964
0.0219390374884742 0.0191857473355463 0.0465640819039295 0.800592323116295
0.00532633330534697 0.00626629370936583 0.56655932883622 0.212763372837527
-0.0101505168863918 -0.00772069140758947 0.35235217383945 -0.28348435582239
0.00373487860843829 -0.0107867342025496 0.0698777890424229 -0.351510882240076
0.00373447697376308 0.00573078891928966 -0.164581836712708 -0.193069380312812
0.00834565123981612 0.000852850264929231 0.0527715637736624 0.167471583324522
0.00426442993543103 0.0191130307525357 -0.212996541474789 0.0715552739570043
0.00610811645452117 0.0132938675517474 -0.361010123073625 -0.236105529315378
0.00649707188187607 -0.00691778245159383 0.0483283352406407 -0.589472958342604
-0.00163701654721298 -0.00653151390519854 0.6993317507179 -0.233059769180559
-0.00752838230585739 -0.00533709893834567 0.566683810213261 0.39472895289857
0.00802786142078487 0.0104699522712447 0.143325675704816 0.375104296849712
-0.00200008642178202 -0.00280063670851128 0.0316009281241834 -0.110359109508416
-0.0102468316385825 0.00259985126500203 -0.382478609410767 -0.306733944795127
0.010454720677325 -0.00224688598741897 -0.626593675065578 0.388840520182381
0.0194252776063747 -0.0069313985186762 0.0819315258281823 0.795680820913392
0.0159618579847548 -0.00591043485059396 0.576173772931048 0.191711495234271
0.0121219986405153 0.000776115889658915 0.341959173104387 -0.290416503921048
0.00790807063372768 0.00402023034633971 0.0591127452243158 -0.353244581926882
0.000199098345712452 0.00667566799706713 -0.168001452205979 -0.189515694693071
0.00556486117455233 0.0023651305266622 0.0503849535876022 0.170799559360307
0.00842474421667051 0.0354488324734247 -0.212681718990601 0.0896453033742887
0.0233418504845668 0.0244473955696962 -0.368054624148073 -0.212609503674814
0.0165748440405702 -0.019302587607116 0.00690973179745453 -0.590405428216375
0.012055636564969 -0.0215946164376357 0.674497467506289 -0.286750576636657
0.0164148878799974 0.0105505347504623 0.585242500969833 0.350925599346891
0.0195073315937534 0.0534383404495254 0.15769246566358 0.370185528641346
0.0114001711232997 0.0421418065665111 0.0333162956910902 -0.102335978670223
0.0198582028885477 0.019447471590232 -0.369627477870352 -0.319931905191968
0.0218992726141995 -0.0223113370033338 -0.648544897372358 0.34982831451311
0.0136000395904348 -0.0308630251559937 0.039534429756309 0.800251729430742
0.0248995052048011 -0.0180424409079722 0.579069212545168 0.231470119472796
0.0332551116644636 0.0082563157012092 0.361907695910674 -0.267512910409166
0.0128849640432281 0.0177477352249918 0.0702522351455874 -0.347144052511589
-0.00507040771554422 0.00755599722685478 -0.163370568263011 -0.189749181293432
0.00217719451109718 0.00248631934097474 0.0507209119025127 0.172528555559045
0.0106322632587513 0.0473758221030031 -0.207882738037034 0.122501927999892
0.0360702643419097 0.032011986826168 -0.382681105365981 -0.15125416472279
0.022862471553097 -0.0290265127896458 -0.0876612671773923 -0.575801427874932
0.0202513594200519 -0.0384547912383144 0.602024670587548 -0.394774021177275
0.0383054926940179 0.0167440425060269 0.626592988810913 0.240739331542059
0.0375878322925966 0.0865153514756477 0.198120356243877 0.360318474360209
0.0216223177332576 0.0834226865367104 0.0405496369929416 -0.0793244827511819
0.0434682214554897 0.0404359721912703 -0.329763873104086 -0.350172926545278
0.0366087748219071 -0.0319759718185376 -0.692052540401737 0.250357817605685
0.00899148001657961 -0.0490540944369366 -0.0763398626909483 0.80006403037951
0.0289440833339768 -0.0292371022894849 0.561998190224595 0.328492973204105
0.04875572342383 0.0136774431226314 0.406125335357746 -0.206337829172957
0.0173026466559711 0.0286106459367015 0.101156098977102 -0.332427470756791
-0.00833166592209071 0.00708294010642857 -0.153030778720003 -0.19366330268683
-0.000303789735800798 0.00103332719412678 0.0572370579159831 0.174901543780133
0.0108389837300202 0.0497989813423192 -0.194979763447175 0.165880584451661
0.0439912869731196 0.0359649353447379 -0.394139347226103 -0.0578725001632045
0.023902388684458 -0.0345189904688614 -0.210073316368055 -0.522332537871928
0.0197984775815669 -0.052612512799362 0.471385595759831 -0.522205891860108
0.0535952437254108 0.00735394420088533 0.657958141718104 0.0793222545895685
0.0601508869340093 0.100887903620121 0.255549698752418 0.339327718571162
0.0293838887892066 0.114395487308868 0.052368857969321 -0.0417385810547252
0.0545128826607358 0.0653170555543257 -0.264977242937251 -0.381482679906019
0.0511481805675364 -0.0260057220244917 -0.732509289277533 0.0924453159761378
0.0103070565705638 -0.058657461006871 -0.262148635251395 0.77322148752834
0.0307192191208605 -0.0368899399816206 0.498453401478379 0.458101538888895
0.0569812836394061 0.0177655400639796 0.458493541726837 -0.113068958884837
0.0208547105008779 0.0369872870208316 0.145373302254731 -0.305986451420477
-0.0113907302718112 0.00906584449669172 -0.139695589671919 -0.198983184722565
-0.00147681845122868 -0.00107963370511303 0.0689999814459859 0.17339056343597
0.00861826418576631 0.0470025192655816 -0.175507942920531 0.207393335787224
0.0452379575215903 0.0357014512546231 -0.385394951054341 0.0496520656994051
0.0211086688175218 -0.0336246115583343 -0.320657061547601 -0.427755357416072
0.0102425862120075 -0.0599843549336554 0.305470673931736 -0.617327293057774
0.0545298823273801 -0.00867067269080533 0.653211129044949 -0.0981897214828686
0.0758763143725275 0.0943139024427265 0.320936944866937 0.306670217757332
0.0309983298030489 0.12828759082534 0.0667198332929133 0.00309646191547714
0.0508773284796501 0.0863583325825656 -0.183595351871699 -0.39856609585672
0.0608191510729837 -0.00685816899149468 -0.735365271257875 -0.0970495185259352
0.0158842356209699 -0.0555414205198074 -0.470056764730711 0.686308562407358
0.0275979695187977 -0.0386285127964342 0.386549209585413 0.591959536971997
0.0560930161174382 0.0184759286307729 0.49485172548083 0.00543481418611958
0.0210009147930931 0.0395818464614366 0.19430541977703 -0.266448164795776
-0.0123782387876098 0.01009677216379 -0.124381307394705 -0.205491765808401
0.0195328908598443 -0.000726650213057307 0.0710826436744692 0.164550081831366
-0.00600094817514277 -0.0307290507695735 -0.192237794290986 0.128835939242271
-0.0446375504985813 -0.0136663277269196 -0.409250673012546 -0.090979534234918
-0.0234909115522593 0.0245000940805764 -0.179066187586065 -0.532294768973536
-0.0243349012523569 0.0456966553578222 0.509777668307059 -0.478773662186352
-0.0631740554798069 -0.00739278952324081 0.670072392287477 0.141528053671833
-0.0325577016340794 -0.0706686770041295 0.252098534520278 0.365738404543342
-0.0317424651856666 -0.104192431977737 0.059540824022845 -0.0350945514567713
-0.0755067619478632 -0.0500050989648583 -0.266872978471782 -0.359037412304141
-0.0359744193231212 0.0408348285044522 -0.722900898549409 0.150878010540164
0.0108065399396875 0.0616534485446283 -0.222591968517275 0.7982129830501
-0.0179736136435794 0.0262205938063065 0.498221337629572 0.407339599048217
-0.0499279864225469 -0.0220051055222937 0.442155514748719 -0.163799987969258
-0.00733648164759722 -0.0353938136474122 0.141743273216855 -0.32490817202063
0.00890480727207699 -0.000974323637162492 -0.140497375323656 -0.206061921092058
0.0163055765398945 -0.00132060317229761 0.0639230243149782 0.163860493561406
-0.00393852115383289 -0.0182661925532188 -0.205394505083967 0.095443031597496
-0.029021717190809 -0.00776634857311811 -0.392540584646056 -0.170089220675977
-0.0139522001508474 0.016661275256036 -0.0617912225864214 -0.572648831931367
-0.0234455462401839 0.0274590790188931 0.623918754168388 -0.358626511537993
-0.0495116282120884 -0.0215192062876787 0.631212950163266 0.280847406568764
-0.0159743908765766 -0.0614101650486953 0.19485398389457 0.377590554639686
-0.0249300252929762 -0.0826873859761098 0.0469055065861563 -0.0727896976558476
-0.0634455447210288 -0.0306861163017247 -0.329580498347949 -0.333506418688025
-0.0181145917743609 0.0353120299883993 -0.680462689840293 0.289322954055921
0.0195662715048524 0.0429433785700044 -0.0545016318931276 0.813280691305114
-0.00702195416959793 0.0171156066172228 0.548932712494315 0.287110245563751
-0.0316478643689526 -0.0150595640757424 0.391216853294961 -0.242225940836875
-0.002501283371538 -0.024328615084835 0.0964291617233784 -0.344483497512277
0.00736015758394971 0.00161662916160703 -0.156031481196288 -0.198456292720755
0.0119456618229826 -0.00121585099540593 0.0590579036017174 0.165437777647831
-1.68537156538941E-05 -0.000696748255747992 -0.210818324195013 0.074240976648336
-0.0122414699084384 0.00169341277337574 -0.37306162057145 -0.220773114829133
-0.00301325126468739 0.00489202438780274 0.0216107880625984 -0.587435929062261
-0.0154804096191196 0.0089652164385311 0.684686467796321 -0.265808524232404
-0.0304512164473645 -0.0200039984446308 0.587160211029288 0.370548692498306
-0.00218973181839098 -0.0331026147358646 0.156567659564861 0.379263272604991
-0.0143668072998826 -0.0477705343044574 0.0358212848455894 -0.100166795216892
-0.0393769527255663 -0.0124092429540483 -0.371322355328113 -0.312925712868977
-0.0021495135477465 0.0185032205649558 -0.640336170587197 0.371426519099516
0.0224277934302137 0.0190291915653464 0.0524551759859777 0.805080765685435
0.00531165820124982 0.00543642532154069 0.569851426467126 0.210533996235397
-0.0100233177451019 -0.00781633774891521 0.352360701842235 -0.286885145462565
0.00344187431920723 -0.0107657355276009 0.0670922351660979 -0.354000750159027
0.00530198049855844 0.00559078854473712 -0.167190717874976 -0.191883645776141
0.00893527017435143 0.00129502526310196 0.0551078575552707 0.16734040549
0.00530645183931923 0.0183859502949117 -0.212106701905782 0.072897167326291
0.00654050466832247 0.0128750426576392 -0.363351192799689 -0.235929796847613
0.00696615476775648 -0.00670144324251068 0.0438956815420173 -0.594042732449448
-0.00243650755566846 -0.00633076599887276 0.70293284225747 -0.238225102604385
-0.0074680608743022 -0.00577378319465376 0.571751643490163 0.393559163768544
0.00848484487818969 0.00965206413551305 0.145907880017269 0.376192741296114
-0.00187344529088263 -0.00336469159243789 0.0314615565599643 -0.110340684494199
-0.00990835420702581 0.00213000389407384 -0.38381794223298 -0.307216190020484
0.00994016434284508 -0.0029686602284355 -0.626562833084179 0.394744147350468
0.018692731738928 -0.00681439599845693 0.0886717410871586 0.799386168640988
0.0168044194145365 -0.00646785290848029 0.580712382286801 0.188496091830041
0.0131104077059571 -0.000214356923033177 0.342804084833787 -0.295107359602757
0.00839032165683918 0.00297994436299881 0.0557594070031199 -0.354405647570817
0.000237287744912463 0.00637168525437922 -0.170582267541016 -0.188103052651096
0.00529315044815167 0.00269884885479658 0.0527962627023493 0.170957282128598
0.00876888025601803 0.0365975856253908 -0.211092446644837 0.0914338291336327
0.0233838237515077 0.0239654992404023 -0.369231233706253 -0.214598598819572
0.016732938823008 -0.0195421074270271 0.00255922757471643 -0.593777817759052
0.0116613730937414 -0.0213166737446742 0.675265758204381 -0.291303384817588
0.0167654720729479 0.0110114053005542 0.59005666741276 0.349147849321447
0.0205228165883813 0.0526303298551081 0.160090259259717 0.371965350181048
0.0121510260275364 0.042128347723884 0.0319086952549077 -0.104006322209881
0.0196356952410313 0.0186135337377256 -0.374890468150051 -0.320132951264852
0.0219365546151327 -0.0226244550277872 -0.648984888727571 0.354745773576325
0.0130424243621944 -0.0304919970062735 0.0453531361647851 0.802440118241117
0.0251009256378117 -0.0185849562890242 0.582862006122544 0.227942199708762
0.0328088477289313 0.00762507253834843 0.361080471311216 -0.269735399968029
0.0127691735346298 0.0174033835573291 0.0661638555447711 -0.348527165821476
-0.00437926399229706 0.00752199078120313 -0.165811970258709 -0.188805405625495
0.00209616182147911 0.00329808938714693 0.0531157964722572 0.173385635383452
0.0111768654081762 0.0471375307999486 -0.208063482883308 0.124166507132522
0.037021721612692 0.0312900711393957 -0.385870143132787 -0.150999856935702
0.0216051277702816 -0.0296921936895219 -0.0922367339380459 -0.576517317646047
0.0203580196098364 -0.0377257744459912 0.602372411240131 -0.399285532701084
0.0388422604819853 0.0163374625562616 0.630745501527804 0.238266442538219
0.03884934246013 0.085917695707854 0.201380205437252 0.362211094243604
0.0223325281440325 0.0842540997116464 0.0401855847030891 -0.0790531612072952
0.0425609913907787 0.0406735415002797 -0.33300110260552 -0.350535140486256
0.0368510005228396 -0.0324136093473007 -0.694758092944317 0.255303495463089
0.0087576530694304 -0.0495093798291596 -0.0722302171570354 0.804888479021725
0.0293012947275399 -0.0302619735921779 0.565430560018419 0.328039356871375
0.049800559823132 0.0131660450081611 0.407972766151885 -0.210866905506133
0.0174475230550506 0.0284596108055388 0.0986376440892548 -0.335279515318464
-0.00805654355585685 0.0079732259846707 -0.156247387792718 -0.192697324003288
-0.000781769260775904 0.000926780824497883 0.0590776069991059 0.174744808866496
0.0108673565438288 0.0504221556797339 -0.195237648098766 0.168757773381482
0.0456156731681434 0.0357158236712052 -0.395691266034295 -0.0564118964247197
0.0234836510939763 -0.0352508533273111 -0.214087709453971 -0.520837222010201
0.0185399689231172 -0.0533584331726608 0.470627478635185 -0.527778896660462
0.0552495086111776 0.00614205630083368 0.659823725046534 0.0771083654499328
0.0608062146934953 0.0993861833183544 0.259001492610307 0.34084147161369
0.0295884611117796 0.114973147528213 0.052393729655537 -0.0417882167482784
0.0554330966316048 0.0651916931636808 -0.266995245413044 -0.381272556698296
0.0514540085044862 -0.0271517615992986 -0.736152554216424 0.0954199935108932
0.0104964479522218 -0.0583706605387094 -0.257153260593977 0.776735620414129
0.0296566345647027 -0.0371837781403384 0.504701481477698 0.457070019250095
0.0581854527983272 0.0165888384727251 0.459235234646631 -0.116150708979373
0.0209456058611947 0.0374352226075168 0.142967444539833 -0.308033232863411
-0.0112259280483317 0.00889105917022323 -0.141525008852504 -0.198606617495791
-0.00225536654787588 -0.00130450490084401 0.071069118448504 0.173008534858513
0.00942546591690109 0.0479444312953358 -0.174104120422251 0.210580196722769
0.0459149927614817 0.0347259292719321 -0.384956370396056 0.0516504622444305
0.0206534439843241 -0.0343649527259831 -0.325153400149896 -0.42690614049347
0.00986639956138079 -0.0601513521915263 0.304692402210875 -0.620346531822951
0.0554201964083597 -0.00893466458240177 0.653481555729222 -0.0993883340160166
0.0773617350148715 0.09331553464276 0.323033197125346 0.305797975681055
0.0327122886964987 0.129097875676716 0.0667503293179465 0.00311187684732005
0.0523831833895417 0.0864665331625222 -0.186342339414887 -0.399577370292724
0.0602713591371434 -0.00770117862506153 -0.739305875149414 -0.093128949607681
0.0161545971251424 -0.0558264706494721 -0.468277518734196 0.691694351342856
0.0267187321417356 -0.0393009928460513 0.391618410619035 0.592116591926348
0.0570928828941193 0.0182496979834222 0.496942930636536 0.00298524640127588
0.0215017814351934 0.0405228681861696 0.193465459901622 -0.269172670222924
-0.0121746926125565 0.00978301236963814 -0.128072680978383 -0.203651729782844
0.019689615636381 -0.00202284256576344 0.0735142430829138 0.163930721361172
-0.00585793190248494 -0.031413947937369 -0.192927374189313 0.131400485095857
-0.0442353433010154 -0.0135469703629365 -0.410542988532234 -0.0880180070759155
-0.0232913198663093 0.0258900719560258 -0.182126339241582 -0.533958662039025
-0.0233401736623825 0.045649984277269 0.508791677163425 -0.483832338417064
-0.0637179369636453 -0.00740251017947893 0.673650235155353 0.136945798853446
-0.0324644383803454 -0.0715262865828915 0.255791527976257 0.367220848698494
-0.0329323561149764 -0.105840760140776 0.0599216809557041 -0.0348059750579389
-0.0762435022893568 -0.0496153118168141 -0.271383636148619 -0.361156263220403
-0.0357683437733786 0.0412960892085937 -0.723762766137093 0.155403963368519
0.0114456458026778 0.0609729909128088 -0.216680869432272 0.803425717785098
-0.0177318446492399 0.0265700903357828 0.502712032471555 0.406700601149448
-0.0501349697048904 -0.0218099929263765 0.442804317321182 -0.16806336252963
-0.00773280615368732 -0.035837889851467 0.139819691901883 -0.327027441225047
0.00864972941533686 -0.00132172139926587 -0.144191235462953 -0.204749813877494
0.0164786848945622 -0.00213437807480369 0.0674287267690652 0.163616767506678
-0.00406536957659995 -0.0189995908748064 -0.205253943677453 0.0969812363410373
-0.0294789016474098 -0.00796147980508093 -0.394730066619735 -0.167087812622386
-0.0141068048898592 0.0169086036585302 -0.0670350596264399 -0.576441080246595
-0.0229627560965842 0.0274672123117841 0.623495760042713 -0.364332173707129
-0.049488067535927 -0.0215213177637378 0.634784824509495 0.278722421576094
-0.0163695792176658 -0.0618149754225942 0.197648543573132 0.378654880988463
-0.024788379083023 -0.0840574681572218 0.0457376702431247 -0.0733089265392087
-0.0637205703592621 -0.0303906033058494 -0.331686459940779 -0.333456615810379
-0.0169967383201074 0.0356362651803835 -0.683593075115806 0.293717997773457
0.0199422222960413 0.0434942482817534 -0.04878526065008 0.81827227114108
-0.00717596550013883 0.0182952866991555 0.553356778700983 0.286736061051715
-0.0324529504842416 -0.0150107514671917 0.391461242866683 -0.247030163506663
-0.00191448978490786 -0.0242580482063395 0.0940496289786937 -0.34806617896011
0.00773437902015734 0.00254839724356008 -0.159032808741195 -0.197148143927015
0.011936105620424 -0.0015398001604775 0.0621578107857223 0.165620005782922
0.000611861825001261 -0.00109375591681574 -0.211260086670742 0.0771716776873192
-0.011680801473171 0.00227539571071559 -0.37390908222226 -0.220260053352552
-0.00429883000687629 0.00510225393462091 0.0162167786134818 -0.591314566824067
-0.0150215117842412 0.00917690414765496 0.685480322734991 -0.268954729525488
-0.029775742137766 -0.0197069962295697 0.591177447199894 0.368925676577329
-0.00177720840261043 -0.0325956877434298 0.158806293248663 0.380814740399975
-0.014039593924186 -0.0476190013448811 0.0357917146352931 -0.0999353373093503
-0.0392888560253181 -0.0127280260966425 -0.373577388926358 -0.312057482698702
-0.0020840549384755 0.0185985314483631 -0.640127458603564 0.377609972300946
0.0214368664811542 0.0193551699452154 0.0594805939355816 0.8110237010948
0.00459232692295756 0.0062647337588689 0.574420923334179 0.20724238349302
-0.0107221213899506 -0.00716072727283144 0.351854739468776 -0.290691146543276
0.00341612553785547 -0.0110284831989003 0.0639170678138927 -0.356550525093359
0.00459942375882538 0.00545660943953792 -0.169876680927653 -0.190980600975549
0.00867119893745341 0.00106103944313098 0.057966888399872 0.167696242035094
0.00467853617790453 0.0187069898801074 -0.212267293982724 0.0747282564310299
0.00752713127099805 0.0134803039878146 -0.366537915741762 -0.234262605453258
0.00657416705101674 -0.0073070920334951 0.0400001016625259 -0.595652446462499
-0.00208629712075687 -0.00706315425229112 0.703576062303059 -0.242400987179936
-0.00718584087462163 -0.00513634983678906 0.575737862667701 0.393221772059098
0.00875244500002035 0.00974802969363748 0.148249162007438 0.378125056954711
-0.000908467617093711 -0.00365742745685318 0.0309966010669937 -0.111117295679202
-0.00992215464956042 0.00233809862048111 -0.387412353521657 -0.308117610456058
0.00983585579789038 -0.00273287841435208 -0.626866923603745 0.398092519366801
0.0193204289935372 -0.00676163162335465 0.0970546935897167 0.8029879056243
0.0164952288533515 -0.0062758659622754 0.584999382270069 0.186808644136682
0.0127019754399215 0.000292116397387568 0.34118713453688 -0.298105940757086
0.00873979628845837 0.00330932569324831 0.0524070208769989 -0.356595381550015
0.000234386063034856 0.00694731896809293 -0.17355827578931 -0.186728847855908
0.00539416958791387 0.00256052480843022 0.0556488194926228 0.170939623787469
0.00990659986543264 0.0363894206175718 -0.212106571121612 0.092030572732366
0.024096634421585 0.0239914178662228 -0.373771616092515 -0.211635116897462
0.0163257314725756 -0.0196927824701595 -0.0002388600988298 -0.594960751571595
0.0106357746453869 -0.0212769907186952 0.677490473446352 -0.294769713372171
0.0160504279524249 0.00946199701522121 0.594730108319212 0.347476262863505
0.0208799153605107 0.0536252218401309 0.163434905526938 0.372473268682821
0.0111482218837918 0.0428427446712172 0.032222199604319 -0.10466437506771
0.0198524838227301 0.0184337909442454 -0.376977146561567 -0.320265907566282
0.0217638018436819 -0.0233069301903791 -0.649177574596902 0.361594849721308
0.0122665081537106 -0.0302218938391601 0.051396090360412 0.804808222451434
0.0245180099469676 -0.0193668949863969 0.58749601186758 0.227055174743627
0.0339994505229256 0.00734176376734371 0.360018323647357 -0.273149527045249
0.0140334954835665 0.0178548194270905 0.0632909052428286 -0.351596223438229
-0.00407142115138658 0.00833919525625075 -0.16925969914137 -0.188413857341167
0.00236878332847624 0.00235222481955473 0.0558829198415107 0.173081213288257
0.0121505935869906 0.0476590285306952 -0.206673673459327 0.127037734491392
0.0385546279666236 0.0310760590860827 -0.38780061870505 -0.150390200330491
0.0225904604876191 -0.029657064003921 -0.0970625363591505 -0.578724378433837
0.0192756162391232 -0.0379513429998667 0.602482318107928 -0.403770621431857
0.0393965089864871 0.015638291923041 0.634998844035997 0.236552604445014
0.0393615821759514 0.085994319846174 0.203085227343024 0.362805963395423
0.0219213350008152 0.0840849772322971 0.0397441170768007 -0.0802238782588631
0.0441622252503713 0.0394742534408966 -0.337086995725078 -0.350908767979319
0.035642351289286 -0.0333583333099944 -0.69770227902945 0.260237382144724
0.00749908004475853 -0.050232809754448 -0.0673428563678924 0.809684715262968
0.0284432529096201 -0.0306963052144715 0.570250916479081 0.323229112150008
0.0499783567959599 0.0126876948105353 0.407013884545062 -0.21330747506573
0.0188211595675913 0.0290972366119954 0.094437705275105 -0.337074713322032
-0.00790666181568969 0.00976073296748947 -0.159086746672347 -0.192465347566693
-0.000502550606383387 0.0010085714562507 0.0611414151303376 0.17399079634539
0.0115046553243442 0.0508018081537915 -0.193653657298618 0.171281367188853
0.0462441307241525 0.0346383222725514 -0.396265991421118 -0.0547542689793182
0.023291830166049 -0.0358603344930611 -0.218617620736168 -0.523316551564907
0.0185515959183264 -0.0525505681840251 0.470288830307518 -0.530983345320848
0.0550404131064874 0.00559739302404142 0.66154845382281 0.0727032218808273
0.0613845009362587 0.0987775574863032 0.261551609151909 0.341018581027284
0.0301836865159081 0.11460647383495 0.0519672343827709 -0.0417517888225836
0.0559978920927147 0.0646334699780271 -0.271181325903957 -0.382959933841032
0.0521090449587852 -0.027040028292535 -0.738314620166722 0.102114020064653
0.00898087638934118 -0.0596219514505412 -0.252644085421211 0.78626189278053
0.0298670820038534 -0.0382095968071128 0.510007421039302 0.455902300884729
0.0587544081660433 0.0162157702127737 0.460442163347289 -0.118727414527515
0.0212449645839665 0.0372024429534111 0.140435675871833 -0.310617392361266
-0.0103511061014503 0.010087939576127 -0.145255997395205 -0.197244457196403
-0.00157260918803921 -0.00155018225694483 0.0726714511877483 0.172808994673876
0.00997905759293737 0.0483160356802756 -0.172495620616116 0.213995457864893
0.0466483538878748 0.0339779213836005 -0.385939726327756 0.0526314703367355
0.0203699612818559 -0.0351241984007077 -0.328655031715601 -0.427141272650897
0.00897129280640452 -0.0603914374910588 0.300127899948166 -0.627461462373695
0.0556215503058397 -0.00950141185646051 0.654913639884499 -0.105040644501665
0.0785741211921294 0.0935980157939184 0.325131316960477 0.305548724783532
0.0334576016283195 0.129899659992045 0.0679702335772572 0.00257929696713245
0.0533054162341786 0.0872270140261958 -0.189152997509207 -0.401778995858994
0.0601398662375435 -0.00815381035543658 -0.7440383582497 -0.0884285759246096
0.0151291725620715 -0.0563849750935862 -0.466950740014652 0.701363846326184
0.0270782919296005 -0.040147016229254 0.399286785302741 0.5919821571148
0.0578563652028504 0.0171638823431247 0.501514268217244 -0.00120413704959562
0.0214942083067035 0.0403238306138466 0.190134849820861 -0.272191472968156
-0.0122242332387059 0.0115981165598577 -0.131397909532697 -0.204097300946406
0.0194903081179987 -0.00250667064167737 0.0752825734058083 0.163541587913502
-0.00654765544540785 -0.0317350311111101 -0.191793275322936 0.133252548761292
-0.0446838840437744 -0.012486045665513 -0.412942878436507 -0.0845773579849943
-0.0231238361929029 0.0256146467562853 -0.189164088947928 -0.536791652432394
-0.0230062198393812 0.0459730928729866 0.508425822064574 -0.490019605803655
-0.0636006464762557 -0.00587301587201123 0.677325349650544 0.134948140101005
-0.032699722086861 -0.0719359355841232 0.257234172322376 0.367978159579575
-0.0340202201959945 -0.106576952715977 0.0597971641458528 -0.0352776823837516
-0.078082517762726 -0.05035028789615 -0.272930788634296 -0.361641392313832
-0.0356803677480073 0.0415600301256549 -0.727594572210875 0.161350188177247
0.0120878323357923 0.0609428328933167 -0.213038846711655 0.810323082885469
-0.0179957681248378 0.0275549138013029 0.508467807448065 0.405017311718719
-0.0513138595749058 -0.0199955389375871 0.444761603112347 -0.171976370803564
-0.00800984269789918 -0.0354002330642508 0.136335426836066 -0.330938681895582
0.00925358697530348 -0.000957737768921269 -0.148119045974247 -0.204113210604912
0.0160039371458127 -0.00321857338400152 0.0692423799362077 0.164142419441325
-0.00416115706100159 -0.0195014650184199 -0.205403320301699 0.0989802211125237
-0.0294206618310136 -0.00724634522934731 -0.398069849652218 -0.165603196816785
-0.0141248332643333 0.0169559840656075 -0.0711350257758976 -0.578771202588093
-0.0224035727628781 0.0272396587188524 0.624467073672913 -0.369671033527758
-0.0504544336867177 -0.0209318610918928 0.639402049827636 0.275967667831241
-0.0157877456761412 -0.0624391046374999 0.200701679485839 0.379206072787558
-0.0258526781251072 -0.0839846094675216 0.0465236099831063 -0.0736581203997404
-0.0644619417826257 -0.0301804166790725 -0.336572830237069 -0.333931250717915
-0.0169880126849498 0.0358983501727827 -0.683549960371831 0.299803038236029
0.0203473903860346 0.0434630391898444 -0.0434739279179771 0.822877173532965
-0.00685035829015298 0.0182099856136245 0.558898072469124 0.283504619685789
-0.0326648754652739 -0.0144815738225256 0.389830711308468 -0.250468982696951
-0.00175789102181474 -0.0242688125792677 0.091555683247105 -0.349975840171727
0.0076274229823083 0.00232282582054197 -0.16203169327987 -0.197401150548586
0.0125316333192927 -0.00249546983409395 0.0644712489731771 0.164985427625643
-0.000239741364260479 -0.00165988367100476 -0.210762513454364 0.0797581375022828
-0.0118860564076605 0.0017691915408336 -0.378220276030834 -0.218023158634234
-0.00328689100035486 0.00536039499976284 0.0111308363823521 -0.596263076412716
-0.0154612691411966 0.00980607723349172 0.687843693169317 -0.276056665340992
-0.029730174240599 -0.021025753887702 0.595492510008303 0.366876610703661
-0.00262122158333102 -0.033709634900537 0.161030308073514 0.381924687150255
-0.0151403727387284 -0.0483789262497259 0.0355752800447722 -0.101253711945287
-0.0398639436956438 -0.0117011619808757 -0.375837301359657 -0.312031061180547
-0.00259197674155834 0.019551474984367 -0.642437219322443 0.384367872513156
0.0229726487148777 0.0184967386044697 0.0664004838105759 0.812978251821361
0.00542522717423314 0.00614135592266451 0.578112144824693 0.204600676718821
-0.0110222261879594 -0.00781665745378354 0.351178386582786 -0.29304976958775
0.00334351064128246 -0.0107243708266252 0.0600598962440067 -0.358761918177061
0.00496025267196928 0.00544219211487222 -0.172494370750565 -0.189551644296468
0.00812390450917246 0.000758499201556024 0.0599709290711003 0.166845632216849
0.00524897258708231 0.0189299780889507 -0.212656047970403 0.0765515075056556
0.00701608531464986 0.0135497361072292 -0.370729625331899 -0.235297535890366
0.0063842902059659 -0.00763107564000009 0.0353263965456924 -0.59988560163318
-0.00256675756837049 -0.00582198587510773 0.705183429659379 -0.248966789638031
-0.00739792384464893 -0.00558084524979366 0.580141852425324 0.391674791337133
0.00937246108215976 0.00936126703032484 0.150613676680088 0.380139048743683
-0.00158829630562531 -0.00414283821233859 0.030634182704277 -0.113056250463506
-0.00985331376275515 0.00268653350094166 -0.391690732612267 -0.307848964314191
0.00950725471218327 -0.00285432895794629 -0.627920303588957 0.407294069605058
0.0189130563030571 -0.00692202835014651 0.10243944476777 0.806761183933851
0.0166808651986634 -0.00650207265826951 0.589496433085402 0.184469763442634
0.0128817928024586 4.96908852509834E-05 0.340142111458381 -0.301973157688302
0.00870907630823502 0.00396276399272556 0.0487557195495171 -0.35966601429354
0.000552192234715771 0.00622189991385903 -0.176889432463859 -0.186159968177867
0.00515664575105553 0.00246302469385119 0.0577779388801536 0.169709562466112
0.0103099988311916 0.0360663859563054 -0.21222129048048 0.0953266565654673
0.0247759824556132 0.0232238962686886 -0.37610355949677 -0.211249445551402
0.0161649361550869 -0.0205736673524493 -0.00522858546320989 -0.599028123534884
0.010537556192955 -0.0219282841140055 0.679760683274591 -0.301685770307592
0.0167999389606799 0.0100849621756213 0.598712578323821 0.34616064377998
0.021908151223177 0.0534827054873553 0.166547592012737 0.374754566074145
0.0113277540661826 0.0419838370001216 0.0322357495765932 -0.104884794671678
0.0204206695876875 0.0185474820944616 -0.381087650207299 -0.320262489548719
0.020674983312837 -0.0234669010190723 -0.64991593325491 0.367656566484801
0.0123663424848753 -0.0317409719491361 0.0580957288351279 0.812359298567749
0.0249878700137047 -0.0200751853975269 0.592774430046011 0.223761644616797
0.0343555600752918 0.00630464748593292 0.360324582465373 -0.278406519668616
0.0145178908597688 0.0173468044613554 0.0599440304358243 -0.354010341033299
-0.00463699933696724 0.0077264262962454 -0.172135250871694 -0.18617170180004
0.00189287009903256 0.00245697830649986 0.0583410129206255 0.172008089059146
0.0121254779675888 0.0478793276538817 -0.206463799380679 0.129582828199537
0.0386540092912731 0.030381666058532 -0.390950657482178 -0.148005218648992
0.0215186986864746 -0.0316493260525319 -0.10338380017542 -0.580571483459215
0.0187475717152976 -0.0390866582436706 0.602608594300368 -0.411753777806074
0.0395543459383313 0.015623800584872 0.638567449132235 0.234422441098792
0.0407865526118682 0.0851726932767082 0.206589768879438 0.364121461779226
0.0225622340436027 0.0849923772647907 0.0393335658061268 -0.0805735270511755
0.0438711714240012 0.0403254203722186 -0.340602497327697 -0.352214044886619
0.0359196871321465 -0.0328474594071698 -0.697659954785724 0.26528679834075
0.00709462479115203 -0.0501552744291581 -0.063385705546866 0.814592238497316
0.0288871173965625 -0.0308166669202809 0.575891827972587 0.321317314211892
0.0516272019841073 0.0124418998270439 0.405816496681059 -0.21839832988371
0.0195080416852899 0.0288763889602384 0.0917869169470564 -0.339527066428196
-0.0085424705734897 0.00949427115374104 -0.16290903282532 -0.191119825783528
-0.000473468997999319 0.000673276618144398 0.0646263400981959 0.174296822109665
0.0125504691778035 0.0520226401209267 -0.19170925759613 0.172653789367283
0.0465556880150708 0.0340238245729127 -0.399732716892554 -0.0527621692979366
0.0229100059512451 -0.0359564295999098 -0.225464458046658 -0.525006575570078
0.0171306079176994 -0.0527889019334372 0.46723155421399 -0.538267636188714
0.0546707263986763 0.00425422131915935 0.667670822352973 0.0708902934646086
0.0618736337482027 0.0989339981238606 0.265012519081237 0.342969724320594
0.0309832264171999 0.115064638911199 0.0526737101974352 -0.0432645860076549
0.0563438047892518 0.0647328656189317 -0.275077559337071 -0.384845946653494
0.0513236187556237 -0.0277284695581133 -0.741051378388684 0.105712112197196
0.00822562707758504 -0.058594805116476 -0.249174629918095 0.791980309010517
0.0294720353231038 -0.0386128337598669 0.516970726880851 0.45412263033901
0.0596142741500972 0.0155059532775501 0.46216019940742 -0.124105074183909
0.0226131488022249 0.0371355063315133 0.138181908802153 -0.312318519691144
-0.0105724758269546 0.0100692205905314 -0.148898278153056 -0.196733615963127
-0.00134126910751987 -0.00147553494816336 0.0749273173736589 0.172792041497918
0.0106351834360269 0.047593990193805 -0.171586731708359 0.215276760185566
0.0476641196961974 0.0341728735334309 -0.387132296910009 0.0562081204368016
0.0202252125653717 -0.0360354833960211 -0.334361879259879 -0.426289508113558
0.00894258091072685 -0.0605706748257168 0.297048453325093 -0.632661778219459
0.0557492598055508 -0.0101924524001243 0.657598248246058 -0.110302461703898
0.0794906544378281 0.0926696832908771 0.328410145666057 0.306065213152502
0.0341954418739784 0.129401844811488 0.0676628243675628 0.00254468917425911
0.0538812924799979 0.0869810792529282 -0.192031711151008 -0.402590361828834
0.0617902206425291 -0.00834712572283199 -0.748730586552415 -0.0864361970939061
0.0142077473710576 -0.0575957491542242 -0.462527008522076 0.708182823739138
0.0273063584630763 -0.0409373846018509 0.404533258161818 0.590855123193126
0.0595116767170377 0.0167748510903906 0.503726552303454 -0.00499834667700015
0.0234601582248393 0.0399202150643143 0.189194606594268 -0.274870535261609
-0.0107160430676882 0.0110572923991327 -0.135018943091843 -0.20260372494788
0.0193903928380394 -0.00335007713322346 0.0792523962012616 0.162008241447987
-0.0077165092776144 -0.0312699933655374 -0.191418765823928 0.137248947313809
-0.0453832400078443 -0.0125865260073195 -0.413939282795708 -0.082293605330755
-0.0226395327924764 0.0268600984935148 -0.193926818113971 -0.5379296834238
-0.0225034764085814 0.0473267021178645 0.506401951247086 -0.497143132140747
-0.0640145734467659 -0.00571518063075994 0.680287815345335 0.12917187536731
-0.0326973291402908 -0.072679846871696 0.261511218840604 0.368654773594495
-0.0345929199005313 -0.106659171385231 0.0601806983550216 -0.0365117819864601
-0.077765619086938 -0.0504474734263041 -0.277820353171849 -0.360854866845027
-0.0350345909262478 0.0418737045780157 -0.729815123738406 0.165789018215974
0.0127871437357698 0.0615159447679549 -0.207492211391078 0.816279170154453
-0.0168047504165595 0.0289959264096814 0.514529322535194 0.403557410939469
-0.051956205947156 -0.019869899622808 0.44404514307985 -0.177455716638506
-0.00842170759869489 -0.0346937472833369 0.133412248186057 -0.334227854255267
0.00898232770849519 -0.00103492384560869 -0.150905208317713 -0.203577610333135
0.0152954031653963 -0.00363492644511395 0.0733981044845106 0.16179500090134
-0.00461927992582414 -0.0190890979926492 -0.204436520391997 0.102713500494187
-0.0299434448604518 -0.00692220022454274 -0.400265504782763 -0.162356542718876
-0.0134695326366329 0.0175432205143578 -0.0787001692871084 -0.58215574688529
-0.0223144090819674 0.02788534923734 0.623817853646229 -0.377073773796019
-0.04983581973381 -0.0209094391390863 0.643920458108235 0.272997771738471
-0.016723231818645 -0.063457791960251 0.204113133940796 0.379792893687723
-0.0261080017670712 -0.0848960068112845 0.0467231316713973 -0.0752561286298718
-0.0636400712948019 -0.0294981040289162 -0.340287092788483 -0.333610111345773
-0.0173238267249912 0.0355577673109103 -0.684733544039007 0.307088296041245
0.0213048397281263 0.0437081686364418 -0.0359039927781975 0.828630911351078
-0.00660639952869758 0.0191018674398999 0.564609673910223 0.280400066661582
-0.0329043185324633 -0.013946561579155 0.390234688140495 -0.255054432411905
-0.00199442559133635 -0.0241005502161577 0.0864125234578766 -0.35343142061616
0.00795496883977735 0.00250606288185306 -0.165147313691316 -0.195050941667395
0.0115982747505569 -0.00253522467814313 0.067225437117187 0.163628459368645
-0.000698632858285742 -0.00139609037612868 -0.211019421240737 0.0809288867715064
-0.0112899621543124 0.002136441610678 -0.381896006693605 -0.216405569100567
-0.0041264513229332 0.00551415474883183 0.00614138456304409 -0.5973998841908
-0.0153855655919724 0.00949001653274949 0.688402556513838 -0.283041008191597
-0.0306445652183444 -0.0207660984584036 0.60012376552389 0.365381684897705
-0.00232127282115858 -0.0341859753017072 0.164860775878791 0.381998996466949
-0.0159895286505235 -0.0490658814060843 0.0353961456728348 -0.10146501543726
-0.0400856748504987 -0.0120584432803548 -0.380815338234423 -0.31149606541136
-0.00209988060488693 0.0186221205754556 -0.641903198489808 0.38915624849331
0.0232430196074488 0.0186532355354597 0.075251144091441 0.81905972787399
0.00627106589060743 0.00675478540214628 0.583182718530289 0.200859995474906
-0.0106922395146551 -0.00682612442587329 0.349427882575845 -0.299901247936782
0.00371421812650824 -0.0109603215491166 0.0569350560712617 -0.360525632356524
0.00490552846020605 0.00452456523529227 -0.176448700443188 -0.188175749860826
0.00784648641682752 -0.00026377952503227 0.0630211107792395 0.167316110950708
0.00524943363807104 0.0185037800771169 -0.21261669967731 0.0801479958289138
0.00762815755187336 0.0131556946878439 -0.37476579816307 -0.233915888736799
0.00621064125678925 -0.00814976975386275 0.0299907778341229 -0.603558580030636
-0.00278729922255997 -0.0059596107468673 0.707553296944604 -0.255387957143922
-0.00763297147178821 -0.00589796539980636 0.585074093492506 0.388158643567746
0.00945493723824377 0.00821001506059471 0.154652576725638 0.380132858000306
-0.00298536177038839 -0.00403535012503899 0.0299043511422786 -0.114420710910261
-0.0101353988193883 0.00245112312295114 -0.3959185354864 -0.305360641523377
0.00977056202856162 -0.0030613108899052 -0.62802389638624 0.413839416783374
0.0181970222884882 -0.00793673212819531 0.109821727651882 0.809720810405283
0.0173814490353495 -0.00719480041761102 0.592733726703598 0.179904022286176
0.0126966784249211 -0.000776863861803764 0.339070762158382 -0.307299235687373
0.00957495302116548 0.00324924218873338 0.0452836786497968 -0.361723168985824
0.000577420427825085 0.0063618935594712 -0.180271073719344 -0.183960986424478
0.00504310597760948 0.00161749842820746 0.0601021998933184 0.170784919478641
0.00989802859064517 0.0362060916039314 -0.211558059689589 0.0978729854054564
0.0250568995344554 0.0228183497585402 -0.37891805498889 -0.209800571571838
0.0157774128909418 -0.021019108000905 -0.0123900138010119 -0.601604954226765
0.0107626985446367 -0.0225831101368434 0.680696742420724 -0.309289917112528
0.0168396143040584 0.00973481908788062 0.602344534878734 0.342846800106006
0.0225361035654208 0.0523537443124924 0.168959219637508 0.375827938179509
0.0107438448743214 0.0427235923782015 0.0320285160029918 -0.106283730655408
0.0201649279354117 0.0192526398466124 -0.38429977244829 -0.319552081405024
0.0210037907338835 -0.023595144773172 -0.651492274748001 0.37519088704065
0.0108920516376647 -0.0318338440453242 0.0642134249381443 0.81766427454372
0.0251591065853363 -0.0204436608675889 0.598441509288199 0.218676162860986
0.034598031856938 0.00588319906617405 0.359375446106271 -0.282671487328463
0.015001582166584 0.0171830586985772 0.055323226611298 -0.355688401333606
-0.00321125447441665 0.00805424226989376 -0.175535926083027 -0.185240165266673
0.00163379007046701 0.00238532462662542 0.0612754861180024 0.172377235914291
0.0137440279764014 0.0475988203221293 -0.205153091952397 0.132591012506049
0.0402732172446455 0.0298976965693205 -0.394030140479184 -0.146674284830906
0.021629896478202 -0.0314468078181348 -0.108351561212548 -0.582473030269141
0.0182258684565018 -0.0387726382239585 0.602393733160519 -0.418952718666206
0.0399267494136105 0.0153572097008631 0.641211478039574 0.231485401249312
0.041285613579839 0.0848520145546817 0.210292525693222 0.364014154215458
0.0229002742705811 0.0842439692277182 0.0388628420652923 -0.0815711940235687
0.0447383564184408 0.0396135752913443 -0.345165422301901 -0.351863459123337
0.0363835079636147 -0.0336464614864675 -0.698191726019824 0.271154275834236
0.00648740297024613 -0.0509032832892644 -0.0549331657318697 0.820599718350972
0.028388979385135 -0.0319393951009526 0.583104632335694 0.316721841691655
0.0523945945803704 0.0115720928510532 0.406019194296004 -0.223119881238794
0.0198276013257773 0.0289133686397952 0.0869058140288203 -0.343120074373462
-0.00771538968210874 0.00934414733623871 -0.166408905747829 -0.188042890525807
-0.000563650859912018 0.000433907048866228 0.067064567564607 0.17413115265353
0.013081635735186 0.0507999540901725 -0.190006911944195 0.175553260413581
0.0469778499003367 0.0329428198505629 -0.40135045961591 -0.049910381734331
0.0230812173053564 -0.0376661271892151 -0.230483758107648 -0.524988087505116
0.0178312687573263 -0.0534403512831784 0.466632518990825 -0.543587876776883
0.0547411217130679 0.00544370506230874 0.669317057374354 0.0657358347299736
0.0627423003615432 0.0978923359612581 0.269188959198004 0.342192259852754
0.0317760810195095 0.115814599188269 0.0521180883907527 -0.0435653229533939
0.0569249401797223 0.0650785888253407 -0.279479247675059 -0.384886471057538
0.0521866421607666 -0.0288590679849108 -0.74435749658167 0.113039186087051
0.00776024135739561 -0.0605636115785193 -0.243479527436566 0.797150769766808
0.0286955458819863 -0.0399106351292805 0.523431190707103 0.452972065506279
0.0607321952987137 0.013925603584675 0.462851935323284 -0.128746226186433
0.0231108938235509 0.0366012507753101 0.13429220459665 -0.315120774747014
-0.00920366120383462 0.0103336422133293 -0.151721114025217 -0.194831969186992
-0.00208494727402252 -0.00203480089749873 0.0787806559787307 0.172035213830653
0.0115228993856371 0.0478339889593363 -0.168999543806458 0.218265246922188
0.0492801334357642 0.0331530377568176 -0.388167500123174 0.0588703329823787
0.0204473264603991 -0.0361471824168111 -0.340532565790429 -0.427541186762145
0.00749665054688993 -0.0612084601922321 0.294423601658292 -0.637569252197006
0.0556381000583929 -0.0110090892802263 0.657604697494194 -0.115798921784186
0.0802236319350162 0.0923917675838777 0.332235713257649 0.306583022713789
0.0350883806941043 0.129560540034927 0.0681940976233207 0.00190202232086693
0.0544103082007833 0.0867204563464425 -0.196542580991572 -0.404767135762978
0.0613845543577259 -0.00928959872078785 -0.752433531642952 -0.0796849018013062
0.0135767388041976 -0.0573059140149269 -0.457668134861147 0.714849713446574
0.0259226136616537 -0.0413722379970354 0.41244581022538 0.591542122151139
0.0600103249203554 0.0149051311539019 0.506763434331519 -0.00931470596319283
0.023275992453924 0.0399799632609192 0.187233914655731 -0.278562776938917
-0.010359371010695 0.0110393572193732 -0.138310495986954 -0.201208485887881
0.0191048746679466 -0.00340957268553489 0.08309852282756 0.160544668624184
-0.00837244971612585 -0.032308454694878 -0.191087846895519 0.139186737571049
-0.0457522985712977 -0.0116741104793296 -0.417659320453399 -0.077869202161395
-0.0222877723263573 0.0271190332542293 -0.199864549042364 -0.537856551503692
-0.0223280934866141 0.0476365437841797 0.504024841577883 -0.502996872569585
-0.0637188013903332 -0.00521698790635496 0.683891925862607 0.123319915267173
-0.0326727985069018 -0.0736389111125603 0.265357097566401 0.366806327370124
-0.0354917888573812 -0.108538824788102 0.0594300678561616 -0.0374953581151637
-0.0770400502603248 -0.0496596083289219 -0.280869733855426 -0.360753178809276
-0.0341683030785343 0.0424178768221886 -0.729770049140532 0.174747888760237
0.0140410766858845 0.0616833741476427 -0.200321252828104 0.823174825258983
-0.0168712507507758 0.0284429922222579 0.521669751852778 0.399905970035739
-0.0525246653614355 -0.0191358822612762 0.442229837332219 -0.182903465711137
-0.0101560439861578 -0.034929451105607 0.129197313787041 -0.337221949526987
0.00799456031419636 -0.00164486879458101 -0.155291561142323 -0.202490887383495
0.0150695138943169 -0.00358464261010337 0.0761590340612888 0.161020636271718
-0.00567846295923152 -0.0194567367023809 -0.203905797135231 0.104512735564512
-0.0301030878107207 -0.00672339672242888 -0.402795902853966 -0.160257915585105
-0.013284068241675 0.0173292046651654 -0.0827038517130389 -0.581588918815086
-0.0221826333087489 0.0285490920066682 0.62260030264651 -0.38413036649416
-0.0509382309652398 -0.0206915474133375 0.649590869461752 0.267709194887635
-0.0164747794945114 -0.0647053078617471 0.207546802910316 0.38025842974706
-0.0281550555740482 -0.0852870931334763 0.045031082349286 -0.0762111611752395
-0.0653282882109065 -0.0285455737260364 -0.345225831210595 -0.331548655962278
-0.0165451953967036 0.0361602079372024 -0.684627547191519 0.31606759257228
0.0220225025749075 0.0426130671973418 -0.027312719858057 0.832438865774494
-0.00657574344577402 0.0193390920356996 0.568394708362486 0.278101152292736
-0.0339503222377028 -0.0130554129666486 0.389157499635936 -0.262194326695317
-0.00308115232735331 -0.0237641830692398 0.0824272143920938 -0.355164319529406
0.00765464159746174 0.00234471566652604 -0.169253693078799 -0.19264600086709
0.0121194645512981 -0.00309500326259344 0.0715470047988303 0.163276428813993
-0.000115531455303608 -0.0016203080576899 -0.210655952986604 0.0848641214502624
-0.0118907493914259 0.00239374778927342 -0.386029273825695 -0.21525261241963
-0.00327716658291227 0.00587464827625871 -0.00134076853707941 -0.599073603980629
-0.0151123193762949 0.0101194609606922 0.689926187861124 -0.290184616453167
-0.0300789996967424 -0.0198560705137119 0.606322692558698 0.36169804542797
-0.00255182454076188 -0.034908469051379 0.170036193830636 0.382959815995459
-0.0165953178947938 -0.0487169772032469 0.0346838369860311 -0.103316346398531
-0.0403329773632065 -0.0122878110174613 -0.385785170891084 -0.309226960912128
-0.00167126235817473 0.0182522508194734 -0.642017960467651 0.398482789417654
0.0237928714442502 0.018201103193522 0.0835522764942856 0.82111008045359
0.00596413821247816 0.00693107795244974 0.587509119864044 0.196820153376018
-0.011664393380077 -0.00675015369278941 0.347084100626368 -0.304515581772834
0.00291996820497573 -0.011598293041017 0.0519672070505685 -0.362438321229769
0.00492970383328654 0.00417303607059978 -0.180661879114957 -0.184953265626406
0.00805394332285503 -0.000717714150287987 0.0663331837058811 0.165377283974038
0.00586139960787657 0.0188866865542749 -0.21226305821206 0.0820110636803965
0.00809197891814373 0.0128887888110333 -0.377534229380704 -0.230575512995261
0.0067788446642617 -0.0077992546362786 0.023966166339689 -0.605553172272788
-0.0026617563768323 -0.00629219552668204 0.706361471399483 -0.263503796815498
-0.00700028518804458 -0.00601958336018573 0.590291871597566 0.38456843429355
0.00968153290083221 0.00758653919576233 0.156842832476827 0.381072036933537
-0.0027947692780417 -0.00458468384334806 0.0292069062933212 -0.114290792676019
-0.00986791194819306 0.0026388726008553 -0.400398498417989 -0.304771346092066
0.00912169573515188 -0.00365338734844624 -0.626163479559841 0.422161409389123
0.0176623215177578 -0.0074736674408462 0.120063712323819 0.812261288411513
0.017225096124854 -0.00772379303336776 0.598982107200503 0.174817040585813
0.0133057838186335 0.000222124047347887 0.335402605111749 -0.312629299736303
0.00966629193190311 0.00347189509216111 0.039904130807991 -0.363918878021387
0.000635253864133831 0.00755881460528529 -0.183690059646188 -0.182123653172989
0.00441646620856578 0.00123447635741709 0.0634949096797899 0.169403212205468
0.0105870808777967 0.0361982574432407 -0.210363907241919 0.0987124207352112
0.0259971873583463 0.0231789021692692 -0.384115807201944 -0.206850345057656
0.0163980931984048 -0.021020996339793 -0.0185849880001335 -0.603934289484034
0.0101244171283031 -0.022225368334195 0.680623451661886 -0.314754896810099
0.0174642763476582 0.00931492967918231 0.607440993372991 0.340162931118553
0.0228319525522397 0.052029616749186 0.17187370392037 0.375560447313456
0.0116562475389402 0.0424482549994191 0.0300310748729807 -0.106518329936975
0.0207318590552831 0.0191011380197638 -0.38917143994817 -0.319265431016639
0.020665853994703 -0.0240492146683175 -0.648969433862387 0.381714397135169
0.0105554688625328 -0.0324307687534109 0.0759541421120184 0.820435857661947
0.0259355282098717 -0.0208924184508798 0.603509015076661 0.214606427072393
0.0357558081817287 0.0052497298363313 0.357301888712447 -0.287498801068034
0.015972229832244 0.0175900746891687 0.0510849808898066 -0.358722395238474
-0.0034149765300781 0.0089228929330029 -0.179472689547441 -0.181983667817559
0.00125594365967842 0.00211124242250035 0.0648847892006669 0.172384754157258
0.0140353753079927 0.0480001652863397 -0.203145897809969 0.134173724176512
0.0407356162833922 0.0291416690666597 -0.396792622826616 -0.1440510205313
0.0223279320390159 -0.0319707861823526 -0.114314687506796 -0.583337828168324
0.0177899856978784 -0.0385740816395906 0.60185574010936 -0.42607528381592
0.0409765758704421 0.0135954890922881 0.645650227410071 0.22722823398953
0.0425702770329585 0.0842670938115761 0.214217344896069 0.364961159541923
0.0245255102964345 0.0850745230889892 0.0390085751225919 -0.0828903323317152
0.0449380804438816 0.0390049736842532 -0.349533887015254 -0.35193605424187
0.0351546631919502 -0.0343643032741179 -0.699872589210605 0.280642635733326
0.00589821353114216 -0.0513782867547258 -0.0441557950185856 0.824516539165457
0.028161260105426 -0.0330602169798899 0.587063178420006 0.31179538004008
0.0528247373008275 0.0104016759914723 0.407230378007116 -0.228289413505233
0.0211337273948165 0.0280097142962407 0.082788778782714 -0.344798549509474
-0.00750656067882698 0.010012700953179 -0.17039722852937 -0.186395104162622
-0.00108001752641523 7.56560101597284E-05 0.069591739412207 0.173312534641579
0.0128447947656448 0.0515299047558279 -0.187583759590814 0.178211684671338
0.04985096552041 0.0325464028982172 -0.402854423393977 -0.0475645482689085
0.0221489325689567 -0.0381233942230117 -0.237411616525051 -0.525382545985686
0.0166828951503068 -0.0534992053149637 0.462546360691006 -0.55126802352537
0.0555037415971495 0.0043040967170873 0.672636143082944 0.0602590568372926
0.0648517571717109 0.0975258626647322 0.271935248342327 0.341011349643995
0.0328721064355287 0.115298689073456 0.0524362700097486 -0.0444393826442291
0.0584655465464109 0.0643712340899007 -0.284702156390532 -0.385046589624506
0.0509435313758047 -0.0288154776212415 -0.746525536967702 0.119189296970888
0.00693244913499683 -0.0602564055435867 -0.234756016063055 0.804300345121401
0.028297838970387 -0.0411041413135983 0.531684501772861 0.448339028449788
0.0620580209808049 0.0140672962401378 0.464046930724978 -0.13354025281749
0.0250469482746008 0.0363771504263077 0.131013299905738 -0.319201015087914
-0.00985784690020693 0.0105121021515351 -0.155263352906261 -0.193718380853858
-0.00272159970857148 -0.00144562929874416 0.0815608422492392 0.170592581502381
0.0125532526400672 0.0487273453696828 -0.165961912042994 0.222375611163435
0.0504669648239366 0.0324844250480934 -0.388230508774887 0.0623097287129613
0.0182641243105845 -0.0367750627401634 -0.345725981619505 -0.42553716963299
0.00717781810709591 -0.0607561057003581 0.289615109341975 -0.644311291606332
0.0566550163801484 -0.0104603313668683 0.658811169456289 -0.121069715381578
0.0811767714839988 0.0912358015060682 0.335540734948238 0.30507596909883
0.0359018898471371 0.130098077358089 0.0691855843922791 -0.00035428834459719
0.0559826468575687 0.0871333580356282 -0.20051683631201 -0.404913842758497
0.0617529813788122 -0.00972216264866074 -0.757097872817921 -0.0745026648765878
0.0131010117626647 -0.0569234157278277 -0.452621442464871 0.722649350957044
0.0256952421616006 -0.041648714802089 0.419118468546416 0.588536031540787
0.0609099761081818 0.0147698046519612 0.509016809902453 -0.0148561938761875
0.0258399005008246 0.0395022515187547 0.183156664204354 -0.282093595958424
-0.0101345534367885 0.0118886925234872 -0.141764889634881 -0.199935612651641
0.0190263692345999 -0.00469969239009269 0.085387301113434 0.158030310108716
-0.00959969182258621 -0.0319680794361226 -0.190060050185788 0.141755921942922
-0.046157888709316 -0.0113102778835148 -0.420007188500339 -0.074417913294115
-0.0221618890238162 0.0279139472056707 -0.206592641781858 -0.537780385155658
-0.0219346751811116 0.0480578309039131 0.500606558756336 -0.51084610656848
-0.0641496352873827 -0.00559372120980018 0.685757226896524 0.117274967493112
-0.0333077132060644 -0.074069013504748 0.269751984000342 0.364707124936055
-0.0375000413357108 -0.107862097304426 0.0599198589993678 -0.0379909133797833
-0.0805452317842496 -0.0492723771245857 -0.287013937164129 -0.361142651885386
-0.0341043869931606 0.0418371887013375 -0.730400222789718 0.182423661782571
0.015173693355668 0.0620256576391314 -0.190074701847827 0.830204416485194
-0.0166269263098417 0.029652929761677 0.528599290648642 0.39597616185593
-0.0537500870360601 -0.0174072011365118 0.442908238945709 -0.188658826174199
-0.010798095428132 -0.035432964240903 0.124478630842434 -0.340130458888338
0.00794546554236202 -0.00109256046387205 -0.159534333415268 -0.199598543439046
0.0144676895140456 -0.00467460639931283 0.0795988863716027 0.159715873649008
-0.00656892533727271 -0.0192337338734346 -0.203514364646328 0.108037928794664
-0.0307570889315886 -0.00551163116903103 -0.40706334755859 -0.157153003910041
-0.0129231030835933 0.0182736164402588 -0.0902078594188631 -0.584230402938536
-0.0221825983601465 0.0283382099304509 0.621939609364584 -0.389620266803624
-0.0505408441875859 -0.020172240887922 0.652945033818949 0.26370389276663
-0.0172107409500137 -0.0661320080780687 0.210936466010412 0.380777155618948
-0.0297259904114427 -0.0861212630882552 0.0455900968659164 -0.0775047755157022
-0.0656126922170125 -0.0279256366546907 -0.349481698065812 -0.330288619600616
-0.0160325533599045 0.0368829439492348 -0.681158381538051 0.323595088480723
0.0223883820034651 0.0434261932698312 -0.0175886372848055 0.836740387294581
-0.00618496988072161 0.0200121955479989 0.573993424082174 0.272473379946689
-0.0343528116061567 -0.0124649626639991 0.38549472475384 -0.266612361832296
-0.00378902814155819 -0.0243709346524624 0.0778491344053683 -0.357397112273234
0.00793550247271379 0.00216006319121837 -0.173310633179604 -0.189989660388589
0.0112142460727112 -0.00405150023924574 0.0739225069442664 0.161880823154702
-0.00052517886061793 -0.00128277418655469 -0.208992487077141 0.086177154404146
-0.0112557923889988 0.00269115588755536 -0.38863810803399 -0.210429761949171
-0.00290898764275021 0.00668762093150749 -0.00703715907765467 -0.602459629624143
-0.0150831426736349 0.0100615025590086 0.690361430071021 -0.297170466547958
-0.0307311617555142 -0.0205317378686409 0.611258729366903 0.356766743816505
-0.00222455486662905 -0.0359411394393306 0.174190871892178 0.382934910695786
-0.0173951902196486 -0.0494636763078962 0.0348542240642359 -0.104702407326529
-0.0408510239284191 -0.0118507028298474 -0.388402824659442 -0.309437037728733
-0.00152523702777487 0.0194376495786734 -0.637619678938249 0.406625593230278
0.0230330877586066 0.0183203538094763 0.0919682748069961 0.822618497486786
0.00618382502271866 0.00685649384425569 0.592894943077551 0.1917352197792
-0.0112948013690481 -0.00695969957922201 0.34338029725407 -0.308503943475947
0.00281664818889764 -0.0113345303000319 0.0467051770753254 -0.365433772070591
0.00431346202755422 0.00514851724390432 -0.182993430049559 -0.18245750689737
0.00762369417680248 -0.000534153104125463 0.0690579308647197 0.165071257847689
0.00625535429871447 0.0183305114385075 -0.211403220184221 0.0845584174805914
0.00854711437293014 0.0122602515925009 -0.38253084728402 -0.227757629349131
0.00648200583121231 -0.00764141140104293 0.014360388945013 -0.607041269845344
-0.00263893470040649 -0.00605321845657226 0.708575564377045 -0.269892694225293
-0.0075655458157945 -0.00591765082241605 0.594708319410467 0.381156719543455
0.0101826968440971 0.00718198886386444 0.161657877830609 0.381431458489014
-0.00278314676871583 -0.00452822738841929 0.0281251684341264 -0.115966833742919
-0.00973453618315143 0.00320478486940551 -0.404982993861144 -0.302771575974989
0.00954725402194713 -0.004146634075473 -0.622957023746024 0.428875431190526
0.0179878887073872 -0.00843609918554017 0.129363960545342 0.81434496690787
0.0166636449902183 -0.00775908863286852 0.603664895530146 0.169770680147389
0.0138331058641034 -8.23302848809273E-05 0.332587020652545 -0.317395530945362
0.00986847140511564 0.00346422519244875 0.0350607102507525 -0.365268714513146
0.00109367194308707 0.00649182922657513 -0.186904339691748 -0.178032200488121
0.00506271492935773 0.00136405785782199 0.0675709218442707 0.167877308202492
0.0117853579053697 0.0360037547108671 -0.208794911085629 0.10292955509418
0.0271724140390629 0.0220972848431481 -0.386860812329671 -0.204311659513869
0.015241926010582 -0.021352343786877 -0.0262376778579586 -0.605647922966376
0.00874641895017307 -0.0226146212039829 0.680090545165221 -0.321856901418376
0.0174694355380664 0.00966435221941328 0.61172611092477 0.336234945859659
0.0230663826554619 0.0516336443484657 0.176866025626507 0.376519349514205
0.0119531980021858 0.0424018770108227 0.0300975707462837 -0.108407952551286
0.0209944085613394 0.0191074317457763 -0.394183110915686 -0.316898738410358
0.0201470181081845 -0.024240818798358 -0.64721323868858 0.389343498891037
0.00966681483175002 -0.0327320399241604 0.0842845728133442 0.821919609695117
0.0240961269028517 -0.0219598486890943 0.60638759660334 0.208098324874091
0.0363370363540156 0.00528196376394321 0.35477893122806 -0.292647964730083
0.0158689020025083 0.0167785275620297 0.044938104760183 -0.35975135030388
-0.00316782208969337 0.00788442411875014 -0.182679269984422 -0.180177170737084
0.00145181254707664 0.00250124710789962 0.0677118776116492 0.171223283359077
0.014306028928713 0.048119269565051 -0.20192761110274 0.137274675052722
0.0419446260683644 0.0287018503115994 -0.400276625332588 -0.140432195322647
0.0215149909895054 -0.0328438908362925 -0.122083271363241 -0.584631592306896
0.0171564090173488 -0.0389579771846479 0.599874756280176 -0.434246746187101
0.0409610472236272 0.0145080623843424 0.651063936630531 0.22138499060996
0.0426459853380363 0.084040909510792 0.217675698522508 0.364380554809394
0.0245589199287462 0.0848467057501477 0.0390251009192627 -0.083414419395972
0.0464936236042466 0.0400121339658922 -0.355419719062414 -0.350790679699955
0.0347893451776476 -0.0343681192608567 -0.697471707006199 0.289075942710887
0.00537996725698641 -0.0513589178369282 -0.0365132689382107 0.827332360272663
0.0283168340996523 -0.0332841517534861 0.594437457973329 0.306894138843122
0.052991256475804 0.00873871144226761 0.403590270615449 -0.233817516327316
0.0220513364070996 0.0282317349063208 0.0785869951533646 -0.347306403648604
-0.0066126420683081 0.0101659948704964 -0.173206840422183 -0.18378088575867
-0.00073498240082263 0.000559490662319586 0.0733549079101365 0.172161110624696
0.0147778798589508 0.0518194674365374 -0.186456747988154 0.181673266936628
0.0502388586989842 0.0318388369647044 -0.405316967113575 -0.0430138891660829
0.0225137159444182 -0.0383581795233613 -0.243315895035234 -0.524424770509797
0.0149487139313706 -0.0542426784457277 0.457796912750697 -0.559151354810672
0.0554100255215975 0.00382557954921858 0.673197090790796 0.0544153059094885
0.0650728978728443 0.0969218595372415 0.276420145299532 0.341056823296367
0.0329462930691466 0.115778388168947 0.0520875877863552 -0.0453333663921087
0.0589053296242715 0.0642371820883904 -0.288805098333623 -0.383131002386563
0.0510025934695399 -0.0299398254274193 -0.748053292584226 0.128456798121958
0.00613966866810059 -0.061573160189537 -0.227342480855674 0.809345736609681
0.027893618601989 -0.0417452558262337 0.537741014747476 0.445292414703175
0.0631484294551315 0.0112874435006202 0.463303663195475 -0.140026014534434
0.0254929296706592 0.0366950036346074 0.125799880097839 -0.321035328650031
-0.00927524367103048 0.0115181043610907 -0.159199179874183 -0.19198614793429
-0.00282504640543054 -0.00146411795465513 0.0851334465974083 0.169916958125132
0.0132906539997606 0.0493057168672537 -0.16333087653746 0.224509500398234
0.0504796220343972 0.0308051994803209 -0.387583612387312 0.066547477129454
0.0187966668313672 -0.0383450035129318 -0.350831913556723 -0.423233107420237
0.00597738301995988 -0.0607103305627399 0.283657064879217 -0.649870932105306
0.0562522096313733 -0.011606799675238 0.658937872433199 -0.1279529846288
0.0826746526806514 0.0902318938095584 0.339964073684952 0.302541645401734
0.0370141266438885 0.129882541663432 0.0693427719337616 0.000340137423539081
0.0563388942059454 0.0870932133229285 -0.205310853430073 -0.40592784552824
0.0621213199351535 -0.0105346159929125 -0.761339129229966 -0.0666636259475905
0.0113621957786288 -0.0584062596391365 -0.447738556597441 0.73112403728393
0.0247094413194294 -0.0434359221354143 0.429015919714698 0.585661067115145
0.0624517913464076 0.0127312940471092 0.50921647828932 -0.0218424266578404
0.0271024964120556 0.0394373831778251 0.179322277374728 -0.28427246759673
-0.0092089807318076 0.0124966506788231 -0.146583622747878 -0.197423784527557
0.0187530244165284 -0.0057179508083212 0.0888797848193985 0.157206531701242
-0.0109493347943642 -0.032271860013063 -0.187104521572224 0.145320991819366
-0.0466369851777409 -0.00980301164136938 -0.420225476337661 -0.0699426366379744
-0.0213877648910916 0.0292203214712155 -0.213735515410468 -0.5358961421775
-0.0214421263961072 0.0488767443464729 0.495839699621075 -0.517635141231209
-0.0639437881650752 -0.00489865992958129 0.687891773182488 0.110770378893029
-0.0341595475898422 -0.0744647941538298 0.276449969983908 0.364890026412098
-0.0385658104357147 -0.108804651290913 0.0599947896906755 -0.0389675227446707
-0.0803108416357417 -0.0485013275388874 -0.291388933476186 -0.35808182551901
-0.034015767376162 0.0426465182010934 -0.731955641285737 0.191199868625764
0.0163448006485006 0.0620543409259567 -0.180399324160367 0.833366928802511
-0.0151530446878938 0.0299978706495737 0.533808222602851 0.391093802322414
-0.0538672178452172 -0.0162946545972172 0.441506004147114 -0.193792718802031
-0.0111692194365466 -0.0353142423905629 0.120573497379534 -0.342313710515536
0.00814352029950342 -0.00118829705790967 -0.163264620979189 -0.197093546068966
0.0140834745942348 -0.00482783382999852 0.0822658356079275 0.158319217686581
-0.00704542214165322 -0.0201683278256133 -0.202093419630904 0.110438894272812
-0.0313661281014736 -0.00485797736962495 -0.408506052979344 -0.152487933899945
-0.0119559999813767 0.0187898393238935 -0.0972783421785342 -0.584752960504323
-0.0215046801357655 0.0289124465334529 0.618414921483486 -0.398236176992684
-0.0517094146233776 -0.0205878956781217 0.657609958316179 0.258343236764885
-0.0176284976093771 -0.065728612324732 0.216376391953353 0.379023255949367
-0.0302739948751753 -0.0863626052119179 0.044483389694648 -0.0776842888968944
-0.0654168388983108 -0.0279522728731808 -0.353542720684029 -0.329734729410851
-0.0159325240950632 0.0362831817391514 -0.68168102163814 0.332019558675779
0.0234682217903193 0.042727968908076 -0.0071987242852304 0.839521266486201
-0.00505911845717959 0.0204146207999393 0.578218207616528 0.266686805004159
-0.034889982294967 -0.0119644774085017 0.383658802374171 -0.272053779635438
-0.00429964510481959 -0.0241252897880975 0.0728196611448765 -0.359897441462931
0.00772589656017708 0.0022206035194653 -0.17725596080015 -0.187294190953658
0.0108468504274465 -0.00358438919320554 0.0778864427102013 0.160758413274029
-0.000523065877657002 -0.00144975949315992 -0.210131391919239 0.090005687041839
-0.011247583042714 0.00306617784680551 -0.391822944903747 -0.206411308478314
-0.0029618705457058 0.00635402420833049 -0.0156080512908182 -0.604598776445469
-0.0154938525794028 0.01022270202255 0.688883599809282 -0.30601599954247
-0.0308942691116325 -0.0197444767838678 0.616499817216337 0.353241471654824
-0.00238353201504534 -0.0362719327302641 0.178074920098984 0.382928388515933
-0.017872640008992 -0.0501620016812304 0.0326790439341768 -0.1043251626285
-0.0405521620969829 -0.0113140520766566 -0.393330813255137 -0.305133074940035
-0.000794877871815012 0.0186900782299979 -0.636007377935227 0.414583783494029
0.0235656600849679 0.0177073656213786 0.104572425243944 0.825853029762329
0.00705958187558827 0.00737105288386964 0.595477125539456 0.184659971662043
-0.0105868329531366 -0.00641815183477785 0.340260035309226 -0.31321052721726
0.00333526904231047 -0.011296859920452 0.0406052466124271 -0.366132533805926
0.00496467526322695 0.00465426416963306 -0.187131551200274 -0.179802015635787
0.00803587363650765 -0.000885787738227319 0.0736563895403852 0.163478460514584
0.00612165044269145 0.018561614506152 -0.210165971406866 0.0862054997007114
0.00897679349781714 0.0124852209502624 -0.386334726506955 -0.223732429886816
0.00620623387196169 -0.00776839666009058 0.00814466004397018 -0.607978701866359
-0.00373745112119559 -0.00664363708596607 0.707626534581335 -0.278213654835348
-0.00751429479975487 -0.0064610683646425 0.600744197627597 0.375943334611797
0.0101409992829592 0.00601413809106481 0.165506818908742 0.380710830352989
-0.00357610554780644 -0.00463399563260828 0.0267953035160458 -0.115908113178893
-0.00959415506893159 0.0031611903884638 -0.409661873321708 -0.300055312788645
0.00923907560009354 -0.00452313321843551 -0.620135661102276 0.43658167506267
0.0178749045875271 -0.00882662564100795 0.141489031687186 0.816737486238928
0.0170846521620302 -0.00847008483058738 0.605971586070212 0.162435437498844
0.0140027152309111 -0.00114743988239703 0.328846580450767 -0.321093548490848
0.00952521502803934 0.00297567480378364 0.0291298578171306 -0.36642410892569
0.00119927996059131 0.00738957492918585 -0.189705383135563 -0.17596887819884
0.00424597060252752 0.000968841953651261 0.0711465605048947 0.166656260563936
0.012567879591466 0.0364240191097326 -0.207889188287684 0.105028416505656
0.028394415764823 0.0206060706920909 -0.392192220786142 -0.201068926697313
0.0151927023622198 -0.0214218321605895 -0.0339498024598156 -0.606457529425827
0.00904246024722039 -0.0219876602509458 0.676899973164188 -0.330526486302583
0.0176913637563519 0.00910095009114738 0.616852752942678 0.330558663075655
0.0235811053468551 0.0514046476819021 0.181237834444993 0.375225902993952
0.0120213125119974 0.041800934467658 0.0289219306746504 -0.108941093013767
0.0205886452586035 0.018068923723794 -0.399285515939311 -0.314496379506472
0.0203741631913622 -0.0248756832823168 -0.64542495501626 0.398522026017626
0.00962440708843668 -0.0330037906039197 0.0955988004857378 0.82373441570254
0.0253487440133498 -0.0232058921030162 0.611510688271723 0.201199864759664
0.0368213776999426 0.0047083422460445 0.35139209536859 -0.298730531180895
0.0174187065122982 0.0163632188281681 0.0391841941400364 -0.360515540538723
-0.00314012932725987 0.00949662134913873 -0.186802521076291 -0.17709646455301
0.00091126860331873 0.00271885558222749 0.0711284418334147 0.169798949066243
0.0161426932242047 0.0474248977818914 -0.200524255778412 0.140150481544014
0.042238511636399 0.027834572211927 -0.403342850559292 -0.135893794228532
0.0207248652749641 -0.0331171748057802 -0.129888610445905 -0.58335822486388
0.0159910744801804 -0.0396656235229521 0.595705693121538 -0.441143913362765
0.0409914050230988 0.0137723196850959 0.654583627015395 0.214926706511172
0.0435827283136846 0.083217174048641 0.222476206605222 0.364274950224443
0.0255170048132278 0.0849976209138579 0.0379844777247849 -0.0844548087038624
0.046659937389004 0.0390149606670179 -0.35977695197156 -0.347075425125132
0.0348422893005643 -0.0352882802454878 -0.697663874564879 0.297512127097735
0.00414088395296081 -0.0512959929926313 -0.0272501347233804 0.832035432420463
0.0275589824725057 -0.0348820871900765 0.600256517627511 0.298866022445113
0.0547790070566234 0.00760027680979201 0.40270028176595 -0.239630650764468
0.0234012086489471 0.0273228083966789 0.0730043403261018 -0.347193346494394
-0.00637140386679965 0.0104558598325205 -0.176856034405922 -0.181091746555888
-0.00146813415498841 -7.23881804906876E-05 0.0761661995269183 0.170520328082774
0.0163401346291136 0.0519004267928351 -0.18277261975111 0.184181622932421
0.0512303762223219 0.031019025695659 -0.406207331151143 -0.0387983528904479
0.0219704137232121 -0.039335172574527 -0.251005675892009 -0.522637412382366
0.014464909067712 -0.0540549870160678 0.452989346795617 -0.564750214314005
0.0561427700254688 0.00365829483262976 0.67585711968484 0.048582788064495
0.06645104682296 0.0968624233734966 0.280033231926477 0.338905450213025
0.0346225180647878 0.115521390258161 0.0514493793881136 -0.0467652981536217
0.0609412205401071 0.0635803118000883 -0.294644321868512 -0.383789973513862
0.0507116025799349 -0.0299555136174194 -0.749000966621813 0.135909902411812
0.00450400995597447 -0.0610688950780604 -0.217777921527369 0.814431515834397
0.0270718250901695 -0.0422966073327361 0.544725295796549 0.43840143700555
0.0642569852775764 0.0101039924544703 0.463442971267728 -0.147147212161844
0.0275730272017297 0.0355759595790473 0.121782191663644 -0.322896704110064
-0.00822110802143318 0.0125891500818478 -0.16354304721026 -0.187462074582056
-0.00281926256808875 -0.00181228932190737 0.0881582956598939 0.167802914391159
0.0143840945222283 0.0477054591401515 -0.159672927261242 0.2274276041131
0.0520201905529202 0.0300196416557933 -0.388227843366138 0.0697947399794644
0.019211362219572 -0.0389772684720839 -0.357141744909559 -0.420192005515761
0.00430897742210482 -0.060803531137387 0.276343395682557 -0.654793531255949
0.0555657266833385 -0.0117683880111864 0.659643365792121 -0.133985173048932
0.0838951326098096 0.0899735481569455 0.345209432482529 0.300384389129182
0.0381323458978926 0.130487763541777 0.0703306712267344 -0.000813925457374171
0.0581560427294155 0.0863965151324049 -0.209087354705452 -0.405388847759726
0.061443666667621 -0.0121609861327758 -0.765249748795649 -0.0593658213672744
0.00973297361846172 -0.0588654631252245 -0.439203203148854 0.738600160750206
0.0244481672805326 -0.0443498542758518 0.438449013718746 0.580204414562843
0.062865570746945 0.0122372173566936 0.511511562135084 -0.0278011942099735
0.0276292446610886 0.038846102112573 0.175822555592205 -0.28649429110439
-0.00960225309407031 0.0134331974617652 -0.149665132547719 -0.194052973578136
0.0180453807974529 -0.00643784407083225 0.0926344082530205 0.152988688514946
-0.0122900974426188 -0.0328138007643127 -0.185100604847773 0.147292752239057
-0.0470930927855318 -0.00860647197575082 -0.421697822734569 -0.0636388901043425
-0.0209913583468964 0.0293912376011952 -0.220593889504267 -0.534219877773068
-0.0190597351486314 0.0492683100534246 0.491052148486314 -0.522322976808129
-0.0640078513354688 -0.00407215409814016 0.689776225398384 0.102471034809923
-0.034935929060697 -0.0748283924323394 0.280406721667556 0.363053355359793
-0.0394909045373373 -0.1089551063408 0.0599039757534384 -0.0396543359065924
-0.0805556321728026 -0.0486333469202423 -0.29528393741604 -0.356724861876212
-0.0330279340705338 0.0422830693824447 -0.731038277839938 0.19893935376764
0.0171920018328792 0.0610896895050873 -0.171281750646376 0.838774511697283
-0.0152806453697555 0.0308521514674703 0.540890842455663 0.384864986168114
-0.0552477806946686 -0.0145394400558041 0.437901733263531 -0.199531449910598
-0.0129354972882893 -0.0357309886627497 0.114740628497153 -0.344557823747853
0.00756458167489761 -0.00144424566025292 -0.167218920963283 -0.193022919887399
0.013961656240708 -0.00667790919098824 0.086159768231315 0.155044408421996
-0.00784244380316046 -0.0194885642966011 -0.200258964088536 0.113353448392157
-0.0315692923459497 -0.00403212068310198 -0.411956889679344 -0.147085978694129
-0.0125945336027282 0.0197005938085816 -0.105272584154552 -0.583357169615214
-0.0212016062118294 0.0287932473898083 0.615361540954962 -0.405673856985383
-0.0516100080783445 -0.0205883661650737 0.659444256225288 0.249840159208136
-0.0177843958323807 -0.0656664774911292 0.220555884975233 0.378707514716881
-0.0317174855035882 -0.0862309823334426 0.0442006813004825 -0.0780681431056953
-0.0656381111394923 -0.02761926255145 -0.357459398437812 -0.326006827806491
-0.015873779229023 0.0364221248411495 -0.67699803405112 0.340164130168515
0.0247587077163287 0.0423496157244495 0.00508116365590691 0.840582233939353
-0.00450891132859624 0.0210887680103417 0.584004055955527 0.258850106831593
-0.0356020366849429 -0.00971840292983254 0.380538567590126 -0.277267468981753
-0.0050144412275648 -0.0244001016186875 0.0666102676349065 -0.360366325320728
0.00767923865108831 0.00190900843073396 -0.180667708354504 -0.183089566935504
0.0105855273495944 -0.00367193883937687 0.0808091777299196 0.157432995003358
-0.00100862599261302 -0.0025122986393163 -0.207865008404732 0.0918417548759285
-0.01138499764847 0.00285475469095166 -0.395406373852707 -0.201212962132112
-0.00274271307602807 0.00641369986398802 -0.0226270606415075 -0.602429232047772
-0.0152037736014355 0.0101705819269681 0.684901199185283 -0.313715754950092
-0.0311934443818672 -0.0194274315868299 0.621247729843508 0.347114955823937
-0.00183522786153678 -0.0375557111188762 0.182432786314239 0.381903599900846
-0.0196984895143232 -0.0495393645060854 0.0323608521398914 -0.105471383797053
-0.04029371947264 -0.0110481531264634 -0.398836501359103 -0.303352734809884
-0.000852523062249162 0.0189666097288705 -0.631622390025121 0.422630632466935
0.0243609029090738 0.0172739553996103 0.115348472903317 0.826372085579886
0.0071816962524265 0.00663459310675217 0.600590189677589 0.176200959281504
-0.0110146291046883 -0.00615418829054322 0.337201648616538 -0.318138989194668
0.00298082916075474 -0.0111880729355716 0.034161131519324 -0.367808469615811
0.00549623458715688 0.0046711450177749 -0.190132255333904 -0.17575717249676
0.00790033915321721 -0.00187940621473185 0.0764627992301721 0.161051290960731
0.0065731524038588 0.0184742620893383 -0.208887546285061 0.0896942295479614
0.00931026559107567 0.012017764569361 -0.389707973921359 -0.219568778770736
0.00585738792261272 -0.00797985568239333 -0.000816622429967514 -0.609609458575389
-0.00387759271627098 -0.00656436427178551 0.705171563614362 -0.286297603785296
-0.00736781207957597 -0.00710318217258495 0.605009683313051 0.372938216320997
0.0106073028682638 0.00641933132743754 0.170172326394789 0.379485620881143
-0.00322527632819174 -0.00504600377742411 0.0262012862814369 -0.116743263429497
-0.0102957299722589 0.00310014866080001 -0.414039815785339 -0.296145033169665
0.00881666285034268 -0.0044150984909495 -0.616269250921266 0.445875529688663
0.0170895674801471 -0.00901973621486747 0.151728213938614 0.816517733943627
0.0165684385424291 -0.00920409668348122 0.611199427143128 0.156158397428671
0.0139067548375312 -0.000532416413316928 0.32307045937054 -0.32589508755653
0.0104058915573075 0.00251191149903982 0.0226144751980325 -0.366847340852696
0.00210359885666846 0.00738706820238673 -0.193260105979973 -0.171157267579657
0.00448590374247422 0.00186865883155301 0.0739263537741116 0.164261942461948
0.0129335515976069 0.0363366230316517 -0.205542747342832 0.107901976508786
0.0279248372049219 0.0204189326066857 -0.394218308879159 -0.196028450367772
0.0148407837367269 -0.0231022155315368 -0.0415410618283166 -0.606620721564042
0.00835038093210167 -0.0224940002938226 0.672788848060122 -0.339421017312931
0.0176644087885867 0.00835345747745074 0.620715474699345 0.325884310574767
0.0251845676779037 0.0501132604112955 0.185747862440084 0.375102293018067
0.0122522323719461 0.0417339199472936 0.0271889399968603 -0.109869252227568
0.0210025890622166 0.018049776275943 -0.405662244657278 -0.311958035818002
0.0199089969793148 -0.0247268772409581 -0.640725642902705 0.405601390335581
0.00824071449236957 -0.0328027702620469 0.106118745683189 0.825778176232162
0.024591490555829 -0.0233573362408358 0.614589406815849 0.19435655668191
0.0372452172093843 0.00374354108979861 0.347622906399085 -0.301251140838983
0.0181298624087098 0.0155194236947403 0.0337318445735259 -0.361498725282124
-0.00321591178323004 0.00876658253415832 -0.189460025597178 -0.172792242916098
0.00156940871077334 0.00217678426491071 0.0743673666321853 0.167119476068842
0.0160966973062493 0.0478972780643539 -0.197512478163329 0.142518185960883
0.0434651222973782 0.0267471158702206 -0.405295950020467 -0.131420968166754
0.0198582809272703 -0.0345081665021801 -0.138274222846327 -0.583487944328736
0.0153794751213391 -0.0389052923958128 0.590772223467523 -0.448159779169398
0.0403013182282678 0.0126458565412284 0.657031900218894 0.210705631513969
0.0446419464191713 0.081932278746156 0.226646862240686 0.362398940135446
0.0259409972891035 0.0846551527800337 0.0358092477821676 -0.0857109742728978
0.0466869073530903 0.0389606582005812 -0.364623726254337 -0.346321740721082
0.0343115647053578 -0.0353844398589436 -0.695963215305221 0.303171115610369
0.00311412174769596 -0.051946386159453 -0.0148333024404231 0.83488568645868
0.0271494567353818 -0.035783556166328 0.606504575609079 0.292116176639523
0.0547350881517124 0.00625777856301094 0.40009742304242 -0.245375795897802
0.0245089015965923 0.0267082157246477 0.0680395009015989 -0.349114772253375
-0.00630376830005649 0.0102568742121086 -0.18063886869844 -0.176815270127205
-0.00136008056488707 -0.000131604269509449 0.0801677468616743 0.169065823097778
0.0180230218482923 0.0518024001990314 -0.180842710660238 0.186436415892457
0.0517104508818291 0.0281988361106643 -0.406959157758988 -0.0344846970990089
0.0210641401603127 -0.0408849880781418 -0.258562451628739 -0.52062102107053
0.0125476695887529 -0.0536815086533847 0.447397310979933 -0.572795029827651
0.0558956722190068 0.00237561155565718 0.677387885102608 0.0412773957868958
0.0686081178220255 0.0944706847884964 0.285389253661874 0.337511801369971
0.0357033726565354 0.116245371983412 0.0509976729273705 -0.0470993126180509
0.060890462320697 0.0633957625479542 -0.29988460146123 -0.382736807470073
0.0500659867057998 -0.0316759983855975 -0.750094148521824 0.14448939391034
0.0023654126770215 -0.0608746985512672 -0.207379919018295 0.820009043758487
0.0264076694869777 -0.043480815900335 0.553956120658812 0.431845935766991
0.0641849850373757 0.00858793987848572 0.460864965841198 -0.151494687601275
0.0285981131938512 0.0344632490725064 0.115022105817011 -0.325182549807075
-0.00819135526076842 0.0120848059905955 -0.167283430636237 -0.183945463801548
-0.00309489069719683 -0.00189589443737109 0.0920744399546073 0.165168653077322
0.0157861229522831 0.0490144941832962 -0.156513206391494 0.229270175294739
0.0528832432724206 0.0284983340137457 -0.387590893234411 0.0761355651144947
0.0179968845978958 -0.039686356034008 -0.363265747545478 -0.417498945092369
0.00314858576954571 -0.0614946928951401 0.268417585133806 -0.659743549820864
0.0554193687518068 -0.0129444828725724 0.657991728063736 -0.143042008543266
0.0846268528034073 0.0886376866671973 0.347158674588026 0.298552892218919
0.0399628675880575 0.130322223561841 0.0692696950053049 -0.00144682126357605
0.0586511024823577 0.0861801660897982 -0.215875556702779 -0.405235238977516
0.0614924584400194 -0.0123281607451585 -0.764341761648685 -0.0530223968313496
0.00881874377492404 -0.0583037681744316 -0.430128677958444 0.744221374231473
0.0233191589788901 -0.0469914909040546 0.447544995399476 0.57705298668061
0.0635765024668677 0.00974943251048535 0.512590244760625 -0.0350743234261606
0.0294443908282888 0.0376787719825035 0.171236322466718 -0.288964990797158
-0.00878831574268157 0.0140537486544849 -0.153497717181255 -0.19069672396491
0.0178632508678176 -0.00724402272479707 0.0959782078694407 0.151062549653975
-0.0133413018179275 -0.0329077967757056 -0.182919754410578 0.151072121709773
-0.0476284097971105 -0.00724222254487219 -0.421609824918492 -0.0580860984385973
-0.0197967722834859 0.0305082742585495 -0.227710416387326 -0.531185060109162
-0.0189464231634544 0.049450827349489 0.486016466335722 -0.530761874059099
-0.0641979713106779 -0.00337247811831382 0.692051942021979 0.0959906516815095
-0.03602101487196 -0.0758640062111772 0.283435549092633 0.362324035325075
-0.0413250946693309 -0.109619640321643 0.0599992778992632 -0.0409205876752501
-0.0816716240439638 -0.0474440249135654 -0.299982129527624 -0.354164583322343
-0.0325276586070991 0.0433280678871313 -0.727702926719997 0.208829777111001
0.0182445996343058 0.061797282576971 -0.15850760199065 0.841384904964415
-0.0139300448325068 0.0327535720159668 0.544515142872763 0.378738291354461
-0.0557270464865692 -0.013361813830655 0.435230389252033 -0.206432292149899
-0.0130711312395621 -0.0352082019254475 0.108275738227795 -0.345124351391747
0.00665420510522226 -0.00159081515805868 -0.170709343006135 -0.189032153795768
0.0136534966338177 -0.00750733369980978 0.0898466813733221 0.152922627666424
-0.0088624686553651 -0.0199598863587542 -0.198593311501152 0.115664239409449
-0.0308247781608718 -0.00375062817029368 -0.413643794807725 -0.142106395080488
-0.0111169208184505 0.0197829320823674 -0.113029402105411 -0.583370593616933
-0.0206293790022221 0.0284944815953691 0.610877800496765 -0.413092947999811
-0.0514817395176756 -0.0194405233211397 0.662132191889431 0.246322682120742
-0.019101640992997 -0.06713122681623 0.224883687979956 0.376742613387259
-0.0328962293459724 -0.0869703278174131 0.0433840653419241 -0.0793779798377173
-0.06703246782737 -0.0267213121558657 -0.361335821509055 -0.323547101041807
-0.0149828648937243 0.0356836793435974 -0.674349017368586 0.347684595379343
0.0252244159814849 0.0420406371296144 0.0165431218316465 0.84274403172837
-0.00414273303544652 0.0215105689454867 0.586402047007266 0.252026128246505
-0.0351204108070809 -0.00916166307662779 0.374688816776925 -0.280876037122046
-0.00504081729611305 -0.024765866996213 0.0597463075603046 -0.360727911007769
0.00670480329143025 0.00239229669319278 -0.184319657509838 -0.178102826462143
0.0106175308718954 -0.00481760786330636 0.0847873256196291 0.154784085026738
-0.00105942349564779 -0.00187475158027955 -0.205543937519634 0.0942886891692847
-0.0108981741145293 0.00384997256219706 -0.398450637634229 -0.197034128918154
-0.00271106152941952 0.00670884418149944 -0.0297044563993516 -0.602236650422752
-0.0150666870528349 0.0102815855869101 0.681507673539838 -0.32266794877551
-0.0311932371790358 -0.0196145051375431 0.624145933260648 0.339859743978563
-0.00329634013669332 -0.0376676801257477 0.186220866233 0.380232917819924
-0.0195466137245989 -0.0501089637232094 0.0303552446146028 -0.106635715422436
-0.0413016943081695 -0.0101585970531305 -0.402900643925095 -0.299884731331471
-0.00162541312076419 0.0186384539430702 -0.62580656752233 0.429382691656025
0.0241149515787873 0.0169135171033707 0.125747185031001 0.826078427959817
0.00721510550735794 0.00715749515986 0.603422302886628 0.172283699596156
-0.011537065948795 -0.00515148961139457 0.331389142424855 -0.321177014207324
0.00353004332710098 -0.0121218096750945 0.027734523788932 -0.367876548532399
0.00493874985007892 0.0050166092533967 -0.194208027341659 -0.170882829314611
0.00794229262511813 -0.00139848387464874 0.0803017375880159 0.157893956257272
0.00644564948703594 0.0185050490781543 -0.206234019046904 0.0931081077159161
0.00982587841546177 0.0122909365354563 -0.393841684381186 -0.214165718972829
0.00641937054398572 -0.00822447681710407 -0.00788802755072289 -0.609708869370483
-0.00394114278779171 -0.00642868992848343 0.701700864372998 -0.295763481826659
-0.00801097070383948 -0.00603489944571314 0.610805796239193 0.364713076780848
0.0106694084657377 0.00461756661992211 0.174184327011421 0.379314379338301
-0.0043555283389968 -0.00520028014364932 0.0247463881996191 -0.117769067658999
-0.0102287076746554 0.00330714513781199 -0.417164815621551 -0.294448328255143
0.00845060266627182 -0.00440849729874823 -0.61077203724275 0.451643672407391
0.0172444069249517 -0.00874327130247062 0.16333047859908 0.816554168658911
0.0173741477467352 -0.00863450976773628 0.612630944654088 0.14918267337227
0.0136004347501821 -0.00124539482887952 0.318830456199757 -0.330359598492276
0.0110691298699955 0.00206818258458377 0.0164210652289549 -0.366608002424847
0.00225131244504233 0.00786955845868571 -0.197500084975514 -0.166330407521519
0.00381812116536374 0.00116061593320585 0.0785612162768953 0.162839028692259
0.0141475279222275 0.0360097334158626 -0.203583090943581 0.109756220741822
0.0288847296335024 0.0197959233483359 -0.396758145379492 -0.190448871434956
0.0147236460869379 -0.0227292041251005 -0.0497174242164831 -0.60605776786527
0.00726993827198996 -0.0220427795958728 0.671318303470037 -0.34804791477231
0.0174640817384739 0.0079321502246496 0.626120405054882 0.319411944006618
0.0247142068738196 0.0490666799948822 0.188895473676673 0.37340576847403
0.012445661672129 0.0416667915662493 0.0263027101652474 -0.110087558551444
0.0215758068916991 0.0182737226807389 -0.407398185672844 -0.308372135324569
0.0184236532318615 -0.0259531584612905 -0.637425142833797 0.414976379390708
0.00788387433205309 -0.0336971389723727 0.120722020100438 0.821797419794275
0.0237337264391024 -0.0245252829422183 0.617728336355962 0.186200215874787
0.0376399825743649 0.00165671736372435 0.342831995311208 -0.305183769159618
0.0185723010042787 0.0152620747972064 0.026941638839115 -0.362503083064676
-0.0020908435758716 0.00916785786243417 -0.192602494387133 -0.167498223416411
0.00115217506375784 0.00196976485577363 0.0794349860422105 0.164742322724081
0.0182477080143889 0.0478632259890635 -0.194366302942443 0.144367691805958
0.044444419959525 0.024732620505247 -0.40736820652694 -0.126641994147968
0.0199122279195979 -0.035016199150304 -0.146374694967122 -0.579538579799411
0.013811879978112 -0.0393267543143283 0.585869316414334 -0.454539285694265
0.040581297123165 0.0123760564190468 0.659926030629873 0.203787792046793
0.0454760496972227 0.082016419322192 0.230173561178114 0.36134266097905
0.0262263457520957 0.0844609573833405 0.03617873861987 -0.0860086172403451
0.0467612673307944 0.0385925145001498 -0.369528819842108 -0.343565915716083
0.0325818907987866 -0.0366126818267216 -0.691261478954267 0.313507615347644
0.00154850103217447 -0.0513675109401696 -0.00375778890448411 0.836810853507776
0.0261242678078547 -0.0372164999931256 0.608756727530736 0.283886821670188
0.0552390347780483 0.00423959414777295 0.3959924175912 -0.248968246505459
0.0253623511507617 0.0260903927188601 0.0612735303568797 -0.348708439577029
-0.00590606934154734 0.0105634282025296 -0.184051752094171 -0.172383168376693
-0.0013826318927122 0.000106192154909727 0.0843285303896814 0.166171218058804
0.0188051995018884 0.0520466340745335 -0.177586633947263 0.188607345924882
0.0528947037596512 0.0277129861736974 -0.407838350217854 -0.0298954556469536
0.0205244449473632 -0.0410662982026641 -0.265891574073945 -0.515776974489264
0.0121109002326585 -0.05332626066037 0.440075448047205 -0.577880558075544
0.0551009549374351 0.00200555567122214 0.676924902458942 0.0346481064426613
0.0686204162397509 0.0943223752823976 0.289130770332094 0.334187052228588
0.0375801378932669 0.116169079559985 0.0513542250353088 -0.04820963419577
0.0614763914750648 0.0628922092347605 -0.303332962536671 -0.378378033537952
0.0493921744898755 -0.0319848480177489 -0.748101468457345 0.153063595178644
0.00171530826124741 -0.0616871204920563 -0.196820225989695 0.822877994765817
0.0256397563860231 -0.0455509960990998 0.559030321533446 0.42646164807536
0.0654385500822267 0.00673543064492279 0.459503395927109 -0.159084017544486
0.0292794265859635 0.0340043598041469 0.110597347723532 -0.325975889742779
-0.00694777860368582 0.0133524226747199 -0.171480833795659 -0.179479131390068
-0.00325875280005113 -0.00236523841151594 0.0952434798885196 0.162491137691598
0.017081407893421 0.0485158977130392 -0.150729957372662 0.231549143646372
0.0543290197515104 0.0273594644590929 -0.385476872344808 0.080061609007548
0.0167440320707266 -0.0411547746225735 -0.368743004774687 -0.412770957886722
0.00193590468486406 -0.0615910067396031 0.259273813368179 -0.663238244917093
0.0548473852120066 -0.0128488500729743 0.656121935711271 -0.149138461160551
0.0858930503806608 0.0863438200307948 0.351195759956453 0.294839853231731
0.0414973666314362 0.130408513338715 0.0694035895939415 -0.00272257313280328
0.0590934825415825 0.0847674073471551 -0.220798223037355 -0.404535020277262
0.0609484796077271 -0.0126732212383433 -0.766533245999512 -0.0414879644418868
0.0076391117978181 -0.0584560351900068 -0.421785474347795 0.750000141439161
0.0225223553981229 -0.0467167725093013 0.454951520631061 0.569435541603579
0.0650447668095348 0.00744907460034316 0.510839768561352 -0.0416010810178025
0.0309559095224708 0.0369736698107132 0.166169043569256 -0.291244532403565
-0.00867415569566377 0.0141290021792943 -0.158045233282705 -0.186574618978425
0.0168007847875405 -0.00799293189308017 0.0992056408346802 0.147180526605123
-0.0146343755616994 -0.0324437173573729 -0.180114913714753 0.15372541647648
-0.0484999578091824 -0.00595654805139811 -0.420808622624117 -0.0522564949271381
-0.0193694540875749 0.0309906368219308 -0.234205843440835 -0.527869616778274
-0.0179539213875488 0.0492155165815895 0.478246433283174 -0.535776327418966
-0.0640008988068252 -0.00343403063564425 0.693075128315061 0.0888746407212951
-0.0362788132746858 -0.0756655981564414 0.28823739974721 0.357744824538423
-0.0434197729222862 -0.108600254612654 0.0594340429045825 -0.0410239145661308
-0.0817702508686109 -0.0454216133598188 -0.304455939363616 -0.352769799677307
-0.031860642932529 0.0431635043019328 -0.725437631448728 0.215895527110725
0.020172303668788 0.0608605163559436 -0.14718828545 0.842185700302793
-0.0136458776861891 0.0328755342127155 0.547950849245797 0.371386904539918
-0.056467589281254 -0.0110488839738784 0.430912873228584 -0.212841472240084
-0.0148666929363892 -0.0348014330825112 0.101638261531784 -0.347062219967654
0.00612529425008877 -0.00101228079360639 -0.174792075646052 -0.183753179960533
0.0133110812081502 -0.0075270525917408 0.0933828207424688 0.148269885013478
-0.0103217252618736 -0.0199687092647699 -0.195825022306799 0.118710081326906
-0.031826091177876 -0.00221147924950814 -0.415519624452239 -0.136249996711414
-0.0105361868965747 0.0201123248056382 -0.119906013374766 -0.58016544935554
-0.0197396675909414 0.0293358797362783 0.605856467131908 -0.420009912355216
-0.0520365388851447 -0.0190950620485581 0.665619120573192 0.23658019897198
-0.0190831589002232 -0.0674134419843493 0.228711086123573 0.374236614773158
-0.0341681936359401 -0.0866303571042508 0.0423381771649749 -0.0806990780488378
-0.0667356827098976 -0.0262841895504591 -0.366124946500427 -0.318961347720977
-0.0145810563460441 0.0357785803490861 -0.668367747747683 0.356920779528507
0.0255775962521152 0.0414834339941593 0.0272081049866126 0.842587187082487
-0.00354559124197937 0.0222306798614547 0.589620096077761 0.243885077953948
-0.0357560356878175 -0.00820165478544653 0.370204850277297 -0.286512932796423
-0.00629264777432456 -0.0245919526763307 0.0524033229829885 -0.361363094980037
0.00628527533146613 0.0021559709578807 -0.187579832088581 -0.173370720715693
0.00985883210261497 -0.00507808456840257 0.088102258170785 0.150997836960884
-0.00222174443328831 -0.00252987802075548 -0.20295661653292 0.0973132058606396
-0.0107087136157359 0.00326170036436598 -0.40015949680992 -0.192022793796882
-0.00299309711962908 0.00694475101541804 -0.0385068894591662 -0.600364935462493
-0.0146367704227385 0.0109197420839304 0.677624503152525 -0.328923289980989
-0.0320667564994108 -0.0196615359291234 0.627894992600925 0.33476859413716
-0.00385778633080478 -0.0391749984080324 0.191214197300442 0.379323178946969
-0.0209047697507458 -0.0504281890986594 0.0294849681109606 -0.107416333049749
-0.0417030880888538 -0.0102673625631419 -0.4057607949291 -0.295642264781894
-0.000553419685736425 0.0185403647550469 -0.622279072820919 0.437933212699402
0.0245619807677922 0.0164368908429097 0.139761443139171 0.823440560011996
0.00714214701513424 0.00679888114704673 0.604292651841014 0.162870116594069
-0.0118292920620379 -0.00524203547900588 0.3260269396033 -0.325900576023287
0.00215453666808606 -0.0122179957873709 0.0215297352215707 -0.366730180954702
0.00545588384578925 0.0046305777484904 -0.19701950820414 -0.165521154242839
0.00710170954898609 -0.00143218829534529 0.0838450761657508 0.154767716162709
0.00724335162120785 0.0184108560881101 -0.205986451555781 0.0942418755963939
0.009305769949 0.0114258219317433 -0.393927418439678 -0.208559799938638
0.00642620551050545 -0.00836757494024731 -0.0154562281780903 -0.608610399197926
-0.00444355535788401 -0.00601619912355701 0.697876244853578 -0.304616791685771
-0.00771769244302208 -0.00652646264502326 0.612731441974855 0.359926201582597
0.0103928560714067 0.00416996612186568 0.179405216055671 0.377120458597648
-0.00414135396844069 -0.00542589285858211 0.0233467316477296 -0.119480151709581
-0.0108270827137836 0.00332468588995957 -0.421839266398657 -0.289316788061357
0.00895511986072565 -0.00462838457623635 -0.604790273058814 0.460356185023019
0.0168913555026154 -0.00998937568934208 0.174833300463016 0.813089148443403
0.0169582264542726 -0.00892758282053856 0.614436230378626 0.139483677111998
0.0142023094402044 -0.00167244254424334 0.313555014968218 -0.333133245626434
0.0109883626109724 0.0016276102945001 0.00957245482367772 -0.366423301148858
0.00215162707785932 0.0075613341402893 -0.20026120568307 -0.16037408527921
0.00450981149558996 0.00101457544236748 0.0814491251747908 0.15883548839678
0.0151983123656243 0.0359496569095184 -0.201697677009692 0.112869554790337
0.0297880187782824 0.0185692708743721 -0.399790390544305 -0.185873441629043
0.0140125787183528 -0.0232259921796385 -0.0584181314042174 -0.603610463722492
0.00714134641929909 -0.0217369725720226 0.666611261486623 -0.355648998035192
0.0176469754717226 0.00773762751476181 0.628832055327208 0.312938136830992
0.0256768503896453 0.0488196508692638 0.194007228968429 0.371957961069014
0.0118049131519256 0.0425217700706699 0.024835840611569 -0.111615011175374
0.0206738568850733 0.0175799373777207 -0.412406738818328 -0.30407920480231
0.0181638072445639 -0.0254762828969809 -0.631176149725759 0.420957609293806
0.00715198025687495 -0.0335466873687438 0.130454698650146 0.822608423764642
0.0227243704336345 -0.0255061836065274 0.619917268292575 0.179170226251277
0.0381026135999111 0.00101201580595829 0.336530007001713 -0.310945421204608
0.0191227246036506 0.0144366201872662 0.0207274291056785 -0.361001660993638
-0.0015303388514502 0.00998853144345441 -0.196967506117661 -0.161660684177088
0.000783422700106883 0.00194140068679525 0.0822901550669289 0.161315812782119
0.0192943183299382 0.0475407078923802 -0.190809520111451 0.146939195189541
0.045016176589521 0.0234553191089756 -0.408723490470916 -0.120382707950536
0.0190563604692893 -0.035563713597879 -0.153117121344418 -0.577900679069582
0.0126587779544802 -0.0394422238275219 0.580146481880784 -0.46312252150044
0.0407572943796241 0.0124276044015103 0.661233188484657 0.19690102506443
0.0469067704307239 0.0804471977096829 0.235281069418173 0.35871381824121
0.0279959722015985 0.0850766474736177 0.0343256643662021 -0.0871834337565898
0.0469454799432999 0.038032247893803 -0.373325452430595 -0.338754384329358
0.0321775619252924 -0.0367242027812647 -0.689157858251614 0.32124398478775
-0.000360591327228521 -0.0522301335067664 0.00685946029577563 0.836153566599496
0.0256165898430004 -0.0376072538166549 0.613125920725286 0.276158703490735
0.0558722877947845 0.00295106303125232 0.390577183591533 -0.254685053791461
0.026654563641765 0.0255853241706588 0.0549804320494976 -0.349344075680104
-0.00488721951287821 0.0116417141796895 -0.187524730974401 -0.166594281535609
-0.00253719119146817 0.000115980507530338 0.0880954811632688 0.163085383309798
0.0202466684525469 0.0509475480973063 -0.173524809638667 0.190809395987388
0.0546070737431725 0.0258645340307581 -0.407713683827284 -0.0240996855063512
0.0198779617692238 -0.042208372142804 -0.272435289749989 -0.512275537647568
0.0102375323130476 -0.0533941208743636 0.43147107301273 -0.582023675515334
0.0552025249900268 0.00150000637776238 0.677571783033569 0.0273359883041141
0.0690929987268402 0.0929138952645643 0.293958399000296 0.332456807057604
0.03803894899047 0.115702479206126 0.0498815734309372 -0.0490483092439089
0.0616738286833776 0.0628697538700169 -0.308423067348403 -0.377688287162166
0.0482607202928751 -0.0321356128891999 -0.746765338948552 0.160782692699746
0.000573154435194638 -0.0616795811914946 -0.186663400091928 0.824913324360785
0.0237800631152364 -0.0455267735890143 0.563940594227788 0.417558758094442
0.0655787389940353 0.00408183731466431 0.45596009493304 -0.165907310160273
0.0309769885720084 0.0330991125070905 0.104359047891836 -0.327241332720269
-0.00650738296342861 0.0131696703813508 -0.175325821270861 -0.174306554058188
-0.00387713557669267 -0.00119962767948383 0.0982340882498012 0.159041515591236
0.0188402134061169 0.0476101591760689 -0.146485050735608 0.234022933789476
0.0553940442049971 0.024916013291838 -0.383190268040562 0.0842984233576553
0.0154811178512734 -0.0422210587342989 -0.37362406780297 -0.40830480100712
0.000550513655927166 -0.0603674699163717 0.251142670711005 -0.666815436952543
0.0545351228803245 -0.0138259840168473 0.652645167636532 -0.155680424142663
0.0862290104173919 0.085988971294138 0.354759391157305 0.29227392800221
0.0422161622639896 0.130091962969874 0.0697700081320663 -0.00418332946830287
0.0605183316440979 0.0845579328196599 -0.225513011588391 -0.40243199689822
0.0608739663822231 -0.013377924785889 -0.768282306637809 -0.0325078064327877
0.0063896195852854 -0.0580578769114918 -0.410696870120669 0.755494313050685
0.0214329342326136 -0.0470939666067931 0.462028609011621 0.562625750164697
0.0644776268063923 0.00574868999749903 0.510790693192217 -0.0490706157723999
0.032143895052864 0.0366282835512316 0.160724672112114 -0.29313780155039
-0.00709867593665197 0.0141317405612728 -0.16166981801575 -0.181055013448456
0.0160025136411491 -0.00961996333308767 0.102647003179573 0.142917825876925
-0.015837910059112 -0.0317875670777281 -0.177713004753562 0.155684808814696
-0.0485111678486791 -0.00460769664211904 -0.420134570798275 -0.045969785352747
-0.0180798924530066 0.0321036307291067 -0.240004373331507 -0.523994289562681
-0.016627071405913 0.0496951516208503 0.471181672696273 -0.53916779223556
-0.0633876625956934 -0.00295666217909253 0.691297106263027 0.0798219106325038
-0.0368476677438084 -0.0764569446273729 0.291209219032322 0.355321603123851
-0.0432474100919856 -0.109015043976664 0.0590798692786294 -0.042128040272116
-0.0819665581210994 -0.045694785745844 -0.308471343602399 -0.349387551712953
-0.0302993941672943 0.0426058955473279 -0.720929306854363 0.224070041777761
0.020885012069263 0.0608273900446123 -0.136575666984952 0.845733160882514
-0.0127257412122139 0.0338383459496063 0.552843402182387 0.364513067375047
-0.056287084897813 -0.00958027056885386 0.425105347568756 -0.217055917923765
-0.0157933822124868 -0.0343477300985277 0.094975653367442 -0.34707971524632
0.00594427722065996 -0.00118909019069103 -0.177718340764449 -0.178060848411775
0.0117453056928234 -0.00844030927001276 0.0961148664334265 0.144457945706556
-0.0105953575283442 -0.0196015064602575 -0.193969228862311 0.11976072672343
-0.0317484986400752 -0.00213476023774024 -0.415064588532424 -0.128492868128367
-0.0108990558352693 0.0206024153714344 -0.128188277467003 -0.577469424472084
-0.0192485050843012 0.0300811891492094 0.600537344976506 -0.427307494219713
-0.0519248153164198 -0.0188237012019117 0.666483330174678 0.230116601684453
-0.0200709563592853 -0.0678761812791168 0.233537884447048 0.371764036388874
-0.0356855136723024 -0.0860451276535479 0.0419865442657374 -0.0810399946420783
-0.0673847321681397 -0.0257363310753845 -0.369720205073924 -0.317355483745148
-0.0144806585489206 0.0357050086479172 -0.663238140850856 0.361989736585287
0.0265613737170964 0.0411185931966192 0.0388910885737848 0.840517633390219
-0.00252400099336113 0.0225102280395938 0.59300535364945 0.237394771275504
-0.035983700416152 -0.00667334795382518 0.364210249527426 -0.289936585793296
-0.00670885113712637 -0.0246128496381746 0.0472615415428397 -0.360390426778128
0.00661478348468175 0.0025819163148206 -0.190955461430573 -0.167905423551036
0.00914724942226273 -0.0056516356187278 0.0920418434336742 0.146923457559242
-0.0027534958797896 -0.00180251356758088 -0.201873448805507 0.100472950182076
-0.0106738613135927 0.00330901605315453 -0.401997911119496 -0.184993430870237
-0.00228351212413436 0.00671074740198822 -0.0444458797041965 -0.598816649813265
-0.0148729173069124 0.0114182022764138 0.671488479146349 -0.33672704987729
-0.032568860553092 -0.0192168307658246 0.632276819352968 0.327397568689512
-0.00345984657944508 -0.0395223076093291 0.195405150231708 0.37610244913384
-0.0224010650673541 -0.0496753685215636 0.0287925888968935 -0.108421574431518
-0.0408340643661867 -0.00898693409745178 -0.409684732988633 -0.2922787704057
-0.00100849494508757 0.0184153178878093 -0.613759940526347 0.445010601685925
0.0237742551410026 0.0156691623075786 0.149070546832836 0.820500247010558
0.00796517503994781 0.00730167346332219 0.605486921924475 0.15541947580455
-0.0111271785240597 -0.00465669210155553 0.319999795242206 -0.327663169439617
0.00223993096426611 -0.0121249297562037 0.0147327231787672 -0.364982780169721
0.00487890185466236 0.00531429857360993 -0.199655156616605 -0.158959356192891
0.00619389834206524 -0.00202262214724394 0.0870614155003377 0.151313071032113
0.00752666232939583 0.0187378247527349 -0.203437593101866 0.0969661527441252
0.0107034468311241 0.011012397737061 -0.397515519833446 -0.20297439016587
0.00582122034160347 -0.00891480728889195 -0.0236236668205144 -0.606356704879742
-0.00507355246056142 -0.00569707124986114 0.693238713547314 -0.311470559417798
-0.00815109811040242 -0.00660269392705948 0.617070982234248 0.353308584619675
0.0105744696870106 0.00366289617756393 0.183828155053401 0.375298640103952
-0.00496432610686991 -0.00520216792621309 0.0213856062138955 -0.119502771140209
-0.0102174992956282 0.00360145498372144 -0.425132254040397 -0.284855687304404
0.00814654629391436 -0.0055318470218538 -0.597987262146017 0.465221508437466
0.0164891398458362 -0.00980131677284505 0.185595581875168 0.811758151306395
0.0163569166171615 -0.00945795895566852 0.615029137862914 0.132800553839802
0.0145198480697129 -0.0025299216155268 0.30697890044469 -0.336169881730229
0.011513564739137 0.00226971224291736 0.00133184921820088 -0.363511455231962
0.00246098015777601 0.00699490696615648 -0.202107926773025 -0.154521967569887
0.00356876125919921 0.000759207648138173 0.0850433413203259 0.156157329868666
0.0159880719452958 0.0358247669348952 -0.199554830071446 0.114500255156259
0.0307427732076652 0.0173639208032187 -0.401595470861426 -0.179572304518637
0.0139094697485074 -0.0241617415403442 -0.0660611369980588 -0.600265705522296
0.0067524900415638 -0.0223009777801123 0.66218461126385 -0.362806218867233
0.018268962546026 0.00739407191749043 0.631022553893833 0.308151463885374
0.0257515080321084 0.0477338828345072 0.198558057278516 0.370347675242747
0.0121171476298 0.0416769664428193 0.0235308559636364 -0.111830848711971
0.0214217359066047 0.0177599752713746 -0.415740253014113 -0.301443577174484
0.0167009856060097 -0.0260014334685189 -0.62513276816367 0.429033507809645
0.00575699799561813 -0.0337459361990965 0.138744983451611 0.818811200250842
0.0220326778970333 -0.0251610710134084 0.62103810195788 0.168489644651829
0.03815133013348 -0.000136377055072629 0.331034104178117 -0.313913966503314
0.0200978158251077 0.0139981232470809 0.0141610943061019 -0.358950324648428
-0.000501056586736133 0.00984507661817276 -0.199205367955 -0.156534391801289
0.000773436685309131 0.00255980116158702 0.0853200514173361 0.157455514769392
0.0203309833465456 0.046717406281266 -0.187880942983141 0.149082144743725
0.0464033483690878 0.0217411006345387 -0.408833746562155 -0.114498480609022
0.0179062975291277 -0.0367450813189366 -0.159513550828669 -0.574197749686021
0.0120472308788098 -0.0384099919464743 0.575736696760698 -0.469379043457326
0.0405243057929567 0.0117625394294887 0.663638856491211 0.190488665239472
0.0464806611961877 0.0790586736030869 0.238844459147011 0.3561309579379
0.028851910425989 0.0843008686486245 0.0329585994450133 -0.0881235976104225
0.0471154578414994 0.0377151067425783 -0.378262928985609 -0.335524696004175
0.0313597647845275 -0.0373121283547412 -0.684989248805787 0.328291544288476
-0.000517657513686983 -0.0515402775310672 0.0167983036046588 0.833344800379917
0.0241864942646671 -0.039108044095247 0.614914493342724 0.268394166352334
0.0560180616756869 0.000948020676671497 0.386404385582018 -0.259126412770939
0.0271825347680387 0.0246363208784442 0.0479968268323155 -0.347863335303093
-0.00375024947225166 0.0124398718474362 -0.189465085198987 -0.161838164316047
-0.00271208187685376 0.000773027837178598 0.0914760467601859 0.159369240866239
0.0218098764798976 0.051192700187208 -0.169189273001078 0.192956888891305
0.0545221686901344 0.0235676001328175 -0.406984146464989 -0.0185729733963417
0.0185214095023737 -0.0431448807341074 -0.27791322845303 -0.508553604572924
0.00857242286707709 -0.053463064757203 0.425401426383683 -0.588715970967541
0.0540686358785875 0.000723756394141757 0.676481685105849 0.0203702974215938
0.0694847756167465 0.091352907073715 0.297258748045779 0.329332654583221
0.0398547343079353 0.116025309911039 0.0494952460446447 -0.0497006922684129
0.062425558577751 0.061622667221032 -0.31301377876454 -0.372580780281833
0.0476270105182314 -0.0320187874588416 -0.744291723845269 0.171367714445176
-0.00133350633338695 -0.0605567992754615 -0.175340250239812 0.826603369988647
0.0229488040531684 -0.0464189791611466 0.568544979669864 0.407277148714748
0.0657641975430212 0.00272527086054684 0.452367444859159 -0.170464256876917
0.0318514501215463 0.0318734592433657 0.0979132924751438 -0.326761263939817
-0.00570700036755088 0.0142196175751357 -0.177050317760397 -0.168786035346612
-0.00417266427115914 -0.0013993566782768 0.102489713471586 0.155844386803567
0.0195391270895482 0.0476733697678846 -0.140388912144224 0.235059752883858
0.0556761733372477 0.0236712998442064 -0.381087221398577 0.0890783772055573
0.0133648172863797 -0.0424914629934514 -0.378180808019189 -0.402075692355566
-0.0013028306540118 -0.0592159014341322 0.243325940472406 -0.66974445066222
0.054009159827949 -0.0141719940187818 0.649166851573196 -0.161935374395556
0.0870479320465873 0.0839019792198992 0.356833609091762 0.289195698367728
0.0448589145823752 0.129582554975791 0.0694462894067958 -0.00417635041222752
0.0619733561132945 0.083622496190455 -0.23004896045262 -0.400496236052311
0.0603228347980988 -0.0136927360037903 -0.767596004909305 -0.0272740333430936
0.00556986414174438 -0.0576795915960856 -0.400515708295757 0.760842910304006
0.0197716640720474 -0.0477820094290464 0.467711921184788 0.555210209189883
0.0653386443871987 0.0033748667353491 0.50829241705365 -0.056690316836972
0.0336803241625183 0.0358079147565364 0.155573394312902 -0.293462490630003
-0.00669645899725994 0.0145070427810065 -0.164911072051899 -0.175549779132381
0.0144643298969172 -0.00956437797853617 0.105466543059344 0.137230704751816
-0.0177885174447258 -0.0314244185538902 -0.174303785056727 0.157917718886711
-0.0494009049743717 -0.00403629472164207 -0.418416000603718 -0.0394930013315317
-0.0171463630285127 0.032355294439441 -0.246217893877453 -0.518712964146049
-0.0151605847794297 0.0496855562528605 0.464051743042661 -0.542972458891996
-0.06376119138515 -0.00275358847950824 0.690895062430868 0.0728466487932768
-0.0377484400708266 -0.0765297769261107 0.295811204085535 0.350807969270808
-0.045048953295635 -0.108584323046517 0.0587317214284076 -0.0442561710076196
-0.0829810909958633 -0.0451547626134343 -0.311927081566299 -0.346014215093154
-0.0300896945439387 0.0419603796967921 -0.716458775795799 0.232863992739477
0.0223052034951393 0.0598573188326978 -0.122868281318071 0.8444524848044
-0.0109396877720345 0.0350751247611793 0.554998935361075 0.35596158594
-0.0565033746393852 -0.00755262547367578 0.419715944114101 -0.221961423664396
-0.0174804963447833 -0.0338263703627035 0.088885777327096 -0.346057951528304
0.00546157324415867 -0.00199887963513285 -0.181212875610559 -0.170952211572726
0.010780986067322 -0.00965595902989451 0.100006263880413 0.138947166421606
-0.0126310603484086 -0.0194087731509855 -0.189872257722005 0.123930476372571
-0.0321147144395591 -0.000794128039365008 -0.415722855517525 -0.123476507656932
-0.00998973764866726 0.0211825874953932 -0.134071506597013 -0.572191143711945
-0.0188579430853117 0.03023731754512 0.593504372467286 -0.432917302994944
-0.0525662874928785 -0.0185074387478396 0.668553416809788 0.222583270821616
-0.0215559804620595 -0.0679492048739862 0.236656065327973 0.368064461973677
-0.0363168819609231 -0.0868111480338965 0.0413129486795472 -0.082928316565114
-0.0680189280349331 -0.0243091150186304 -0.375092667691194 -0.312203311729865
-0.0136440597191973 0.0355466204074201 -0.657367401044092 0.369075951414756
0.0266567297017194 0.0403700521751316 0.0501111190878218 0.840351989553195
-0.00178437602414527 0.0232710099065057 0.59410029100996 0.228272610807798
-0.0364624601858499 -0.00512282203245232 0.358678284466245 -0.291854348567461
-0.00762817862251818 -0.0243336390114564 0.0408712787650806 -0.360489941944245
0.00607722759270222 0.00260589357677605 -0.193278567583284 -0.161651230996799
0.00851339656219527 -0.00639908038865209 0.0951718508178076 0.142460205374036
-0.00260327004571079 -0.00176385494465213 -0.198997455794151 0.100952638851634
-0.0110740833650617 0.00383218518218647 -0.404199377716894 -0.17829426348524
-0.00120998544030148 0.0076013976405201 -0.0536817091839157 -0.594981953476468
-0.0151099629412613 0.0116349146590165 0.667231939563351 -0.343740822577312
-0.0334130766712918 -0.0187547190754892 0.633922181951276 0.320855691501988
-0.00447630876695869 -0.0395715320832371 0.199262431694933 0.374815780571471
-0.0236658278733457 -0.0500143547655102 0.0266026017376611 -0.108980829334211
-0.0419183417718024 -0.00922897594715708 -0.414499982843456 -0.28625340395275
-0.00112280765010914 0.0174451139181805 -0.607759245981417 0.450563155472544
0.0240691249779284 0.0149748088324525 0.161128865484622 0.816905264975444
0.00808477890041678 0.00686895005643112 0.605573426789835 0.148452738008968
-0.0112469932270703 -0.00385643296555908 0.312135744889515 -0.330143865165796
0.00245579990922541 -0.0118953792323875 0.00854797432764494 -0.362806154923382
0.00526476708702715 0.00477221205327117 -0.201705319621138 -0.153198063873078
0.00599509818679041 -0.00258661785194456 0.091095333443973 0.146607033368626
0.00707269159737694 0.018009743931729 -0.200059847511919 0.0986730424139679
0.0108792575625917 0.0107458169895864 -0.39927091361226 -0.195444198162554
0.00565818487762207 -0.00892745359218509 -0.031500257180185 -0.601426698031462
-0.00482743338878611 -0.00539658733209789 0.688767069818285 -0.317245722752321
-0.00891640153347627 -0.00681359179451521 0.620282754148136 0.345570115143768
0.0098897889414594 0.0031574331403378 0.188752011876591 0.373478202837941
-0.00547812677820895 -0.00457765628590975 0.0210094847492433 -0.120280845937927
-0.0114949434020609 0.00398752322866574 -0.428756836954924 -0.281964865284215
0.00708489901092041 -0.00536135857692536 -0.590420835997082 0.472588599204248
0.0155834344863918 -0.0101145206259325 0.197282139197542 0.805922157355609
0.0163752282553756 -0.0102304369519114 0.61643486115121 0.12530245815952
0.0143024643151211 -0.00273108851563508 0.300960516297444 -0.337856073129879
0.0109744162050484 0.000469949760432464 -0.00348831645345805 -0.362089850799493
0.0030363501723671 0.00814650310658903 -0.204381679059944 -0.148090793758824
0.00313272825033298 0.00120180832265646 0.0890967610145339 0.150541172792717
0.016566836523349 0.0353088492480881 -0.194700880192125 0.116749107952478
0.0302548233713119 0.0159275039270517 -0.403210096812105 -0.17265893264802
0.013496108179233 -0.0252393082262483 -0.0726940370433911 -0.596753890174857
0.00521160232577621 -0.0217534059167726 0.656140618189944 -0.369681167782387
0.0172065973492131 0.00783154045358247 0.633898101206337 0.300335343088952
0.0264994115338431 0.0459922541977271 0.203095379316976 0.366859931321436
0.0129157584158508 0.0426187426296996 0.022589140395122 -0.112468340412613
0.021476815677702 0.0176075582806395 -0.419710187713924 -0.296742231952453
0.0168466980158413 -0.0260372289859725 -0.618461429285856 0.435289791053684
0.00496295896263825 -0.033183497547122 0.151256936382424 0.8141608303448
0.0217061185204178 -0.0266529602644343 0.621597152143012 0.162056168057828
0.0383911457968618 -0.00143900241854475 0.323978505406858 -0.317396215087574
0.0205912485780873 0.0131893544454296 0.0082387881556827 -0.357611913446101
-0.00110907362208083 0.00988962694277028 -0.201252262132515 -0.149743082358995
0.000271409168154753 0.0026822505520264 0.0892197554145982 0.153300613603289
0.0221484909468356 0.0467085789835409 -0.184389211998434 0.150436159729544
0.0469875155906136 0.0201847583774157 -0.408416497256514 -0.109423258370899
0.0167391950603026 -0.0375610137030282 -0.167091506543008 -0.569015068384417
0.0108018222736454 -0.0384204088930476 0.565856141825405 -0.475701438622701
0.0401290894948808 0.0109449007021234 0.664801310871737 0.183022026359841
0.0472611912369633 0.0781504823340856 0.243642387970845 0.354491749875646
0.028075439202841 0.0840401073716378 0.0322884462080988 -0.0879333643112549
0.047498724221872 0.0373909371694075 -0.382250821709101 -0.330761943817393
0.0302724453174883 -0.0371701119830304 -0.678331284069211 0.334996510926514
-0.00164048637977221 -0.0517792827107425 0.0311486887240792 0.831090416297391
0.0234832189917565 -0.039683867093174 0.616822148637949 0.257819788817024
0.0570122531291594 -0.000471869364843886 0.379985650321798 -0.264058625720953
0.0281616805778505 0.0234578842875745 0.0419571152801592 -0.347189886877638
-0.00282072811774065 0.0120633852272432 -0.192664138926042 -0.154427911729488
-0.00242953108401334 0.00133786639002618 0.0952289080901938 0.154381664632682
0.0240167781099512 0.0509347117215445 -0.164488935571193 0.193304092692062
0.0553155146844562 0.0218443243328896 -0.404869311515523 -0.0133221626793511
0.0172444562027905 -0.0443386546480562 -0.282009277836415 -0.501134945619588
0.00834965727471574 -0.0526233042858706 0.41752526798093 -0.590045670102287
0.054115238436768 0.000650830072495199 0.674911239236698 0.015125514695661
0.0704464617975577 0.0911030721737272 0.300036528686422 0.327287524929101
0.0408245198310976 0.115243199681949 0.0488601877381268 -0.0503806575299741
0.0623709572761206 0.0612727415262461 -0.318128301240067 -0.370339232657635
0.04763251295479 -0.0321937315035808 -0.740617658084048 0.17895591990269
-0.00328577095284883 -0.0599470996555819 -0.164912930752012 0.828001992177342
0.0212913122938022 -0.0473781358580075 0.571883640033391 0.398670122904787
0.0665280265200116 0.00024423736569873 0.447193961990669 -0.176050825442403
0.0337029622530697 0.0316640387166057 0.0918685047413575 -0.325147458568295
-0.0055033209456986 0.0150090263665551 -0.180038673779436 -0.161998867423554
-0.00329236464470277 -0.00142670267712565 0.105270477222275 0.150595100068038
0.0216677100857768 0.047547599611095 -0.136658008883955 0.235536397701662
0.0566265695735116 0.0207761238077149 -0.376402745453938 0.0931621978724743
0.0139040164431607 -0.0429471975243929 -0.380397871636091 -0.395968193545087
-0.00326481725802725 -0.0586494980533155 0.233568301113159 -0.671430900858577
0.0533573097957948 -0.0147475123967053 0.64566995131984 -0.169701271144183
0.0872937825805076 0.0834095392637545 0.360539212547942 0.286539293557505
0.0459136060091455 0.129850323118767 0.0684020864222832 -0.00561636447404829
0.0618676287295779 0.0840740352776481 -0.236480171612824 -0.398214158637066
0.0594570880986378 -0.0132483759814787 -0.767377097386788 -0.0178570283463041
0.00389520336158445 -0.0578842990772772 -0.389917942216469 0.762712504772862
0.0182189586592905 -0.0484172166462009 0.473297756057737 0.545810259712392
0.0649138820321679 0.000970216047081997 0.50609084656066 -0.0648102289360603
0.0351642130374326 0.0344734192216047 0.149266694005265 -0.294289380605258
-0.00518934796987949 0.0151464495204267 -0.168342319074478 -0.168505201428924
0.0130252937467286 -0.0103453192922173 0.108802486427571 0.131073462567064
-0.019962401348681 -0.0315631409529753 -0.16974048105792 0.15846254430423
-0.0487911674724247 -0.00153863486824205 -0.416453503571202 -0.0345522999240848
-0.0160495570586555 0.0334114646041551 -0.250531936985151 -0.512652504529161
-0.0147474534668478 0.048985689736066 0.456651424964422 -0.547488109463712
-0.0636112194687362 -0.0019785860700218 0.689119224750879 0.0666853780930824
-0.0379781366509856 -0.076558952431881 0.29908414868171 0.347447547512189
-0.0480600451744585 -0.108172848340566 0.0578317764422448 -0.0450998839621088
-0.0832266319834526 -0.0447988902276031 -0.315735382946632 -0.342527265811162
-0.0298515227238253 0.0414115171276648 -0.711037606948602 0.238225076237262
0.0237375914390164 0.0593399370615329 -0.111917391253208 0.842341876677579
-0.00940746173392155 0.0360892019261643 0.55758868823758 0.349405175254359
-0.0569147722343939 -0.00519181644756066 0.415269723209881 -0.225600495093323
-0.0190329016563475 -0.0328909386030533 0.0812281064102945 -0.344639281683333
0.00485253119911872 -0.000890738053058977 -0.182912768840526 -0.164468514348069
0.0103063840125366 -0.00966851422366171 0.103049131090085 0.133756744483945
-0.0130726601600567 -0.0182626609319285 -0.187818264396445 0.125274256887845
-0.0319404698517999 0.000612245296127141 -0.415504246515815 -0.117037983297975
-0.0088399837827791 0.0213945593152076 -0.13967731971063 -0.567488990360119
-0.0181404020881364 0.0300403974580901 0.587544303578991 -0.436731933957524
-0.052640956903266 -0.0185261893079206 0.667696387077527 0.216239757022259
-0.0221458880157257 -0.0689551189181636 0.241638027350551 0.365645625160751
-0.0385514460674492 -0.0860724706578219 0.0396833870566186 -0.0828217365288611
-0.0676891115305051 -0.023783256166777 -0.375988952381279 -0.309249537736759
-0.013117630023596 0.0349100812669059 -0.650932158852804 0.375281883361926
0.0278584179276367 0.0391504273606487 0.0626371228962236 0.836246777555512
-0.00106146153411699 0.0228746827805397 0.592260197900972 0.222722942086462
-0.0365496633038996 -0.00320290531565107 0.350855830302113 -0.295202358333954
-0.00912723828966181 -0.0240629286680107 0.0330320099733476 -0.356297270731986
0.00587308990407351 0.00167973970822967 -0.195227785216338 -0.153759487853835
0.00768990612582938 -0.00651021247076776 0.0986994592688043 0.136029511896246
-0.00337116488575429 -0.00175355994068605 -0.196298230671063 0.104568291424022
-0.0109783118224171 0.00456287183028329 -0.404429203491203 -0.170731996635131
-0.00127555184063281 0.00750380738181931 -0.0600183720746722 -0.591972552707141
-0.0147214353595881 0.0116028436144058 0.661693088710342 -0.348871856600754
-0.0325953048899609 -0.0194578662377604 0.635760045299264 0.314154319119231
-0.00487217795940552 -0.0408291273496843 0.204193233477111 0.371664505514774
-0.0241083749421116 -0.0497251264199707 0.0254702602913139 -0.1098792728125
-0.0420290934963894 -0.00775462833252423 -0.415523190697973 -0.28280389369247
-0.000574730922988768 0.0170734781795909 -0.598982877270818 0.45453880825845
0.0251001402892126 0.0143573030625412 0.172902613843949 0.812340987758883
0.0082695258385065 0.00693204105015828 0.605699368833599 0.142124761692069
-0.0118281308001823 -0.00280477662275547 0.30501004297397 -0.330245281398605
0.00129549280737857 -0.0119238262262864 2.59372643626465E-05 -0.360096524300587
0.00550236132040051 0.00521220165629752 -0.20362691669578 -0.14602015183917
0.00574854717203476 -0.00288149640881437 0.0948779525331432 0.140846582480831
0.00832187810573427 0.0174538772144602 -0.19718749344244 0.10095938225832
0.0115828768919884 0.0105634932291026 -0.399551627444512 -0.187699754432833
0.00567396167641807 -0.00932687589873459 -0.0363826662585022 -0.597383550181943
-0.00508514887042225 -0.00456858712470025 0.682032553259502 -0.324180767240726
-0.00871245733411375 -0.00647330098249293 0.622469583586947 0.340143756706795
0.00978575605414294 0.00241874272027286 0.191075128993284 0.370251156276876
-0.00616367598200783 -0.00514877296938298 0.0186313232150031 -0.120890555097979
-0.0105572329429843 0.00475661923627151 -0.431373999999997 -0.276021635351791
0.00724739765055526 -0.00498129694781922 -0.583622520303061 0.476462248507242
0.0150533229656328 -0.0105650051464619 0.2072523776166 0.800250585372494
0.0157838387760537 -0.0104424393068149 0.615890619329747 0.116472374269153
0.0147812365710249 -0.00275186768968626 0.292893545761542 -0.340085804957147
0.0112811669968421 0.000719531875566677 -0.0113075904396662 -0.358555457015756
0.00286533224481388 0.00779057219751801 -0.20631386578409 -0.140426610266259
0.00309337983264868 0.00126440824074203 0.0931778580584982 0.145177439849658
0.0176512394517376 0.0344725601814641 -0.192042407962647 0.118345500467017
0.0314626776830203 0.0152617702782696 -0.401543402797193 -0.166722056427822
0.0122975018880562 -0.025335609649941 -0.0788690658355609 -0.591605162097536
0.00466391799081039 -0.0202539208803129 0.649118239379726 -0.375003177378679
0.0172276629144111 0.00728337898010825 0.637126823258206 0.294388293474848
0.0264953082902004 0.0456354927642547 0.207249665222217 0.364695700704779
0.0130756196210921 0.0424353163985268 0.0209551861928861 -0.113683631615082
0.0206758779866442 0.0174562164404851 -0.422313529056311 -0.291796460522527
0.0155574147413892 -0.0259901637273852 -0.61089780105872 0.438985896405984
0.00318864763316545 -0.0331380259825363 0.162374802687015 0.809604506412883
0.0208997075639077 -0.0276914586059553 0.62164059377756 0.152682871114811
0.0376986930776529 -0.00358795352100211 0.317637337783097 -0.318246922559719
0.021598455513255 0.0119801089120842 0.000309896216703578 -0.354365881027638
0.000370320552024019 0.0100281178982036 -0.202050065834475 -0.141576846351899
0.000356382504433034 0.00276855941864275 0.0931592609765604 0.148545375372853
0.0240634932432675 0.0462933867798188 -0.18082797891239 0.151030836642866
0.0476972888898062 0.0187882464901962 -0.408384365815222 -0.103696311934083
0.0158577946787129 -0.0377241455113301 -0.172198877718578 -0.562979139326942
0.0100227265193445 -0.0386244000913594 0.560039547349666 -0.479248991709408
0.0396905608018379 0.0109999354675152 0.664215366300473 0.176361282240842
0.0478764325706586 0.0774791498221373 0.247002712650239 0.351648896300396
0.0290953048932054 0.0842258552377661 0.0309448495572331 -0.0889017822546858
0.0470258528430944 0.0368938264415246 -0.385867977808411 -0.327287323616598
0.0289170952347837 -0.0361859204232957 -0.672889823230475 0.341429936048233
-0.00382495973932906 -0.0516025073359731 0.0414360827658519 0.827587859291509
0.0216650997451649 -0.0405841721759831 0.617146724896268 0.249878027217763
0.0566866353043036 -0.00376525500253048 0.373782249773845 -0.267221039887889
0.0297115672974141 0.0219600902254135 0.0357969844447909 -0.343785713163
-0.00311924348992498 0.012149800344927 -0.194939693356791 -0.146140602507404
-0.00244530768327977 0.00162467782394725 0.0972018543066761 0.148539575349069
0.0250223288570564 0.0500412228016794 -0.158546441275281 0.194144947177896
0.0567790755702633 0.019682153249733 -0.402193543638885 -0.00822325999375481
0.0161688998261761 -0.0457110112150927 -0.288796457873166 -0.495220013602945
0.00573069522171326 -0.0527711031058208 0.4070298918971 -0.592240253359491
0.0531707976919979 -4.46197837969432E-05 0.673174386975912 0.00653685939676971
0.0708933237306804 0.089095272888216 0.302904172805535 0.322999298587754
0.0420326306410535 0.11484134392416 0.0476988214581469 -0.0517659771747925
0.0632890284684667 0.0608952960775728 -0.321797431205731 -0.367619995947515
0.0466067664851492 -0.0328478791020562 -0.736125695613902 0.185533748518995
-0.00455430698337389 -0.0602694977304741 -0.15276342416811 0.825091323363482
0.0195329158762035 -0.0484867367413633 0.573697962463771 0.389765899851977
0.066159353165647 -0.00348543905610261 0.443771557245752 -0.180325025662959
0.0355065102708221 0.028903213482028 0.0853554452107964 -0.324582644227493
-0.00331053843707258 0.0147894663856594 -0.18218638901887 -0.154449318110448
-0.00426882077326908 -0.000354989209063656 0.107923017530529 0.145146273918582
0.0229890430091289 0.046606920870336 -0.130831231152816 0.235685366407041
0.057297362779776 0.0186636653017732 -0.373390970157254 0.0966728939384134
0.0120408202263571 -0.0442657994283105 -0.383551562312956 -0.389200216707326
-0.00402155744839747 -0.0586681008056329 0.225448392835854 -0.669568821367064
0.0528021013319224 -0.0151943599615416 0.641663726805821 -0.174812284956412
0.0875831780120567 0.0809525303102752 0.363520437133044 0.280466458605486
0.047146756268636 0.129448088515514 0.0688881974898068 -0.00615039053032691
0.0631140972200209 0.0843016362300231 -0.240069996784241 -0.395670274603422
0.0594594658154637 -0.014502866210713 -0.765137623426843 -0.0101526596585327
0.00164887165811958 -0.0571630561374984 -0.380917851557197 0.765448271639839
0.0168240135511453 -0.0500032732400687 0.478529009573195 0.536038247012835
0.0667889018105998 -0.00144218706246622 0.500825517560763 -0.0707648344623416
0.0360471102240545 0.0329342758094865 0.143771355492402 -0.294080135014979
-0.00506134439976878 0.0157177289460141 -0.170010544165698 -0.160847111998692
0.0102398228070561 -0.00975191093619667 0.101638624377945 0.131095748824639
-0.0209513697586079 -0.0357784720984992 -0.176145420995521 0.151207149872473
-0.0460043038539782 -0.00622425488949111 -0.410782362917992 -0.0557540471681086
-0.0103360570523765 0.0336291780428944 -0.217113556854003 -0.525987101917125
-0.0133886356442759 0.0568176042334265 0.483048431495447 -0.522074819159931
-0.0669716878756831 0.00122130705019935 0.684469805799535 0.104778490264397
-0.0371824871411435 -0.0799727589286878 0.279666738266169 0.360817820267612
-0.0421638493547696 -0.108875934973106 0.0614355547428332 -0.0404058263142897
-0.0772429110088434 -0.0471258063407189 -0.292049663053167 -0.362500899465858
-0.0268437907364701 0.0370650089830464 -0.725716635640156 0.19594888171805
0.0240290784910583 0.055444838076348 -0.163572126456123 0.837448252652827
-0.0109115526877765 0.0342258217151222 0.532840692435187 0.376884893204781
-0.0559269922329515 -0.00236543775123316 0.417313750716293 -0.201975125428095
-0.0171776676115368 -0.0296689498619852 0.0972940280127525 -0.337121459697227
0.00591000578523041 0.000812658710917866 -0.174764237323142 -0.169330005440433
0.00738159565981318 -0.00852274189700584 0.0960564825252511 0.132849820866337
-0.0141710332623935 -0.0229595225369206 -0.192180744784482 0.117135339158465
-0.0286998588726985 -0.00328777413221918 -0.404803530689703 -0.137964795057899
-0.00189172223123943 0.0239211143781983 -0.106340912886892 -0.573179368306595
-0.0174394489607808 0.0380256200318384 0.607979233775109 -0.405186395524775
-0.0572998709561879 -0.0150307677442504 0.653629108495611 0.253432677496575
-0.0217550275325781 -0.071394436095571 0.221534195864981 0.376588592468658
-0.0339586448827174 -0.0864335765400974 0.044316702015244 -0.0793805412718247
-0.06276478502004 -0.0266038030498615 -0.355930641750947 -0.331362979246387
-0.0112149660963275 0.030823314333181 -0.671073586098129 0.335406681337369
0.0276605231784918 0.0356856469296464 0.0118451731993824 0.84017176652927
-0.00200203604372298 0.0213411519502916 0.576671013644193 0.253700917127838
-0.0364004827876914 -0.00123636682951639 0.358123782441265 -0.272371888310143
-0.0072103876916035 -0.0200711103644565 0.0499685093287854 -0.350164171510521
0.00741747752661284 0.00404999196384566 -0.1864498504468 -0.160506717022678
0.00483880804123527 -0.00586609758036213 0.0919935058543681 0.136686372668113
-0.00373032567021654 -0.00505775609991014 -0.200503186063635 0.0939694656493617
-0.0060411723424268 0.00166078212378946 -0.393836892071119 -0.191624238754995
0.00612272638401386 0.0103046250927648 -0.0241402826913324 -0.590055786970748
-0.0154867163896853 0.0204938690219174 0.678113933897801 -0.314659103864076
-0.0386948788796252 -0.0151710427589674 0.614968624342158 0.348458155682161
-0.0059122826470934 -0.0418272295625216 0.184127581321855 0.380243580331888
-0.0215785114731059 -0.0494341730341654 0.0320515725764725 -0.107204594568521
-0.0379272141692902 -0.0103471722605932 -0.397683675370928 -0.308758363509686
0.00089385669578285 0.0136654464439893 -0.625225544566329 0.416692395350027
0.0257700397652487 0.0117657159642891 0.121668819840343 0.823005007568822
0.00691537188466164 0.00631855384562621 0.593267791332064 0.172731191958624
-0.0115899146750737 0.000235236427553732 0.316251988744291 -0.311171272180579
0.00286124567086527 -0.00928239972823398 0.0174281981277738 -0.354291435641117
0.00801518783519687 0.00674502738705657 -0.194966118402662 -0.151309135949603
0.00279484679407658 -0.00119722357031896 0.0881223202343544 0.140328530318343
0.00772125564980383 0.01594254710936 -0.201245024552874 0.0911319459368581
0.0165163641818925 0.00869973349737526 -0.387665852526094 -0.209302746382365
0.0140053596104289 -0.00581506698464777 -0.00121727024069394 -0.597911505571393
-0.00571238551222936 0.00372504797311268 0.697187069428073 -0.286676562449469
-0.0150863661091543 -0.00134736898527152 0.59928350283701 0.373790778664693
0.00593938062867243 0.00224661493619652 0.171838333542959 0.378200443165339
-0.00612429697986043 -0.00486789228428498 0.0255318567391425 -0.119066247194714
-0.0078291550164326 0.00346157653767267 -0.412241296632616 -0.301966992264218
0.00959710218204319 -0.00809096766415055 -0.609313103442493 0.440074880088457
0.0153983969843213 -0.0134379587518845 0.158504878941791 0.812796636414274
0.0149708952855807 -0.010596567551997 0.603620393975204 0.147921075958226
0.0137798852362902 8.34899844141933E-05 0.305912869963731 -0.317387387872193
0.0132257713629559 0.00368703269161638 0.00769950907717854 -0.353562163330615
0.00613810097660921 0.00884441834702024 -0.19763471730935 -0.14686810997959
0.000686313640753623 0.00124731336356331 0.0858646312579552 0.144672262428361
0.0173291532589078 0.0333804715095938 -0.198620744096878 0.108652781458227
0.037288950107381 0.0140196577644252 -0.394858252531267 -0.187907926863148
0.0207992742551422 -0.0226720734065524 -0.0442984303992775 -0.593172473078478
0.00587789281001681 -0.0121677870405988 0.666700814327263 -0.340198008106092
0.00981013077803298 0.0145332422289703 0.616594553381255 0.327543059762271
0.0201536969365057 0.0471806656843566 0.185988685021572 0.372744298670497
0.00992820924362785 0.042844402805095 0.0264484730978067 -0.111535150971075
0.0225074783190384 0.0183404242270861 -0.403535117582769 -0.316488973935079
0.019100124757169 -0.026757420105276 -0.636030664304966 0.40165611266756
0.00510430743317707 -0.0370147438104337 0.113477789368209 0.816851908275199
0.0199584226412225 -0.0269732874712114 0.60893623147526 0.186448697735494
0.0361356778553533 -8.14801893536665E-05 0.329755533476643 -0.295825032103289
0.0215635757531696 0.0141481915589192 0.01920245982509 -0.348247055566754
0.00280347583344148 0.0111498684532864 -0.193956607474293 -0.147575766257349
-0.00195861180286321 0.00352407879120397 0.0857781338538848 0.147402632200623
0.023648211279248 0.0453386225091673 -0.18759840528897 0.141025143309975
0.0526112407550008 0.0172981628697538 -0.403192387744609 -0.124704286717481
0.0253524230951867 -0.0375820682749787 -0.139985727654543 -0.569905663606595
0.012637982985036 -0.0294524506896603 0.581419582360955 -0.447571337335196
0.0343233955968158 0.0207247822523489 0.6502617957715 0.211854311769318
0.0399181641921795 0.0807352117799193 0.226707614586511 0.36120802834667
0.0246316909606542 0.0849511315262879 0.0350419957336252 -0.087589345846415
0.0479197250515223 0.039717561483493 -0.363310149432866 -0.347779436679189
0.0327059025159525 -0.0362811370368297 -0.68986234693525 0.298706534911578
-0.000907774890956567 -0.0530440013904079 -0.00973389334077846 0.828462928876075
0.0208769688641475 -0.0410137018150147 0.600187638987363 0.278634693221006
0.0528894078779058 -0.000267587155476132 0.383353601668752 -0.242519279083587
0.0292944393245113 0.024549668455336 0.0524289004299722 -0.336522406744249
0.000292554578059792 0.01356722333154 -0.186229393934551 -0.151939762847627
-0.00536476744230082 0.00259286874325126 0.0914811287544931 0.149046697620132
0.0242093445377842 0.0484419220795777 -0.169472773662042 0.184019418998202
0.060330671631652 0.0178533381847615 -0.401640331642538 -0.0312678193895552
0.0254464132905342 -0.0468225205407043 -0.258243573842729 -0.508785978054285
0.0119109627055549 -0.0457009497627172 0.438235872249076 -0.56817583704922
0.0510315868938529 0.0111359950169415 0.667272876225079 0.044088889729922
0.0627209074225095 0.0935333944948609 0.283148359412473 0.335780927857963
0.0350700801343109 0.115929701262415 0.0500147626003327 -0.0492088871303415
0.0621697998982117 0.0644835146518524 -0.298985689511244 -0.38371260546728
0.0504666806575411 -0.030781026174896 -0.743579407290316 0.140067928258908
5.0719283842017E-05 -0.0614196007750165 -0.20276324362825 0.812045955035904
0.0195578375139145 -0.0488754749545196 0.547798150648747 0.413667051067382
0.0621925255208294 0.000511625415546918 0.446287807227574 -0.155883564161694
0.0345932566067739 0.0321648116958042 0.101936011977585 -0.313845269738697
-0.00074484971788297 0.0154603802253294 -0.173395561958107 -0.159213362354048
-0.00675777581033979 -1.46808476155307E-05 0.100380175301914 0.14522274444303
0.0217898324897309 0.0459901352617108 -0.142210743762453 0.22738864900219
0.0611233776857329 0.0157247536438632 -0.378911421337255 0.0754474503041089
0.0211285812644044 -0.0475567179743231 -0.360844511007431 -0.409847098212179
0.00335869415907832 -0.0539356961189687 0.258334711972065 -0.654323326685105
0.0530673355162579 -0.00345245198942638 0.645577134729959 -0.137574371543379
0.0805122452591826 0.0879730472304915 0.345607643268127 0.297690900017855
0.0398598746330531 0.129017091550681 0.0664638737876001 -0.00311611001665349
0.0607025244631719 0.0860527077024332 -0.216594745325557 -0.405826531009114
0.0616265509173415 -0.0118024987638365 -0.76221911864922 -0.0549608802633326
0.00692117632081817 -0.0568812913178752 -0.425476193183842 0.738423786754511
0.01745846174425 -0.0504401204108258 0.445986927100454 0.555588578863145
0.0610064170862254 0.00105760560282614 0.499394432324808 -0.0444025038309617
0.035228417075394 0.0353141785574827 0.158223322044689 -0.281213108321822
-0.00201236049513506 0.0171800186503156 -0.16210239619754 -0.165194105467447
0.00885015922767551 -0.0103769955144335 0.103808695866742 0.124927665510654
-0.0233404005208726 -0.0347675744232586 -0.171842777805381 0.151639111908672
-0.0468989315809599 -0.00355197666987086 -0.408476731155703 -0.0485924989848186
-0.007855165708516 0.0334152650797584 -0.220968576142906 -0.519152095925827
-0.011859468337457 0.0554406254843664 0.47634311488299 -0.522542360110491
-0.0672287468296081 0.00113906243753875 0.682643185020401 0.0984667974329684
-0.038795941118326 -0.0801333809804217 0.283465079203367 0.358299730584804
-0.0447919505148407 -0.108115542337161 0.0605872403767738 -0.0411078581308279
-0.0778631280413911 -0.0463285565846922 -0.296035216865213 -0.357610715830915
-0.026951103074427 0.0362847909268641 -0.719907521096468 0.201685886078285
0.0254478728741364 0.0538324301602995 -0.152247331591064 0.834035056012249
-0.00879159789558888 0.0349053274359227 0.531326918202576 0.368287215301571
-0.05652699948461 0.000379085795046037 0.411004761263377 -0.204241711004177
-0.019906385705096 -0.0289479402812531 0.0899623864222452 -0.333005352836881
0.00608037769520533 0.000363556288315007 -0.176168856643402 -0.160407463487747
0.00679789569232284 -0.00911782544694069 0.0985523147084516 0.125767741672828
-0.0152881003794224 -0.0223358541401223 -0.188207674445214 0.117567565886221
-0.0281851583331389 -0.00207163168527122 -0.402623190607631 -0.129253916790901
-0.00148288101180295 0.023791476180665 -0.109610113781698 -0.567006717260648
-0.0172809407171482 0.0381519963700043 0.600415337146081 -0.408151250428908
-0.0573363247625608 -0.0150228716523632 0.654241370028337 0.246244959124766
-0.0226859109650967 -0.0709861758446762 0.225252039581509 0.373614365583198
-0.0353157802396194 -0.0859807526468503 0.0439922955123774 -0.0808691526483846
-0.0635626458880381 -0.0259274340566001 -0.359336262339405 -0.326702850402682
-0.0111723994707675 0.0299765282151483 -0.665595554074076 0.33890791833101
0.029149547114339 0.0347310603969163 0.0217824944636825 0.837029735938137
-0.000822939611028566 0.0218831095765418 0.573095684194435 0.245785772190044
-0.0363798484170081 0.00065541657538478 0.350398893488359 -0.271852134987233
-0.00853554221173801 -0.0198716706502817 0.0430018206457017 -0.346184768580689
0.00693820069370889 0.00353209647365116 -0.187408873117012 -0.150243025914026
0.00410143394623249 -0.0057987321932544 0.0942779645333541 0.129072216660804
-0.00376776787152068 -0.00442438833600647 -0.197179189354987 0.0960364685346274
-0.00649603129677277 0.00332555785695722 -0.391393024546686 -0.183835590506861
0.00597211629243265 0.00935114659842532 -0.0294381201737304 -0.586812980069007
-0.0150156655431932 0.0202646780713876 0.671332885977276 -0.316481683861081
-0.0382575431271483 -0.015702019062359 0.616389420984926 0.342565949811148
-0.00707269735213597 -0.0417800938681862 0.186922190893477 0.376605382391515
-0.022917260278106 -0.0488449028380278 0.0309407724478054 -0.108126587346263
-0.0382997316750841 -0.010025920409292 -0.401744026148876 -0.303790315867721
0.000446503517705577 0.0137030302109773 -0.617510138776892 0.420225882319015
0.0254160396120254 0.0110479790903581 0.132417566503907 0.817884283483031
0.00831034490081949 0.00646574461640225 0.59111154614268 0.168033239384832
-0.0112460877448465 0.000548443900534889 0.308993956641349 -0.308451228714032
0.00139003314063993 -0.00877316676207075 0.01219381811172 -0.349987064976396
0.00738152276605359 0.00644238580418108 -0.195423867328553 -0.142073458999839
0.00262480396036252 -0.00121978821659784 0.0915325828742407 0.133484125357125
0.00876275377806206 0.0151730281792266 -0.198399127023428 0.0915634420418455
0.0160646627704871 0.00798354880493377 -0.387467467622764 -0.201882614540204
0.0130693215014775 -0.00663101412628694 -0.00653330666242583 -0.591895227928616
-0.00581202628596029 0.0042080155272478 0.689800699405645 -0.292203375385382
-0.0154896004125501 -0.00143702317097001 0.601320856069701 0.367931923513119
0.00452818130443752 0.0013450973984252 0.175704858272961 0.37642037784064
-0.00590615221582365 -0.00426132369352635 0.0238340491068868 -0.119336003125055
-0.00859344526935921 0.00387898593562125 -0.414537071339589 -0.297058048780913
0.0087620104543973 -0.00775176500454425 -0.602777171294556 0.441210788414953
0.0153270071194029 -0.0133831339350788 0.168692809282173 0.805250936326603
0.0140726155723955 -0.0112801088119137 0.601302550689209 0.143221744270454
0.0138629093242907 -0.000651220212378317 0.297440253814197 -0.315451380336915
0.0132230215872347 0.00305605091908308 0.000520341235266762 -0.348322235258309
0.00593906734759261 0.00937094531367602 -0.198281176428642 -0.137925918904267
0.000385432665115284 0.00231897435225739 0.0890105777640013 0.138232280115212
0.0190933778384795 0.033002206360791 -0.194325343905013 0.107935125674542
0.036927163094546 0.0123066021423856 -0.39270278810156 -0.180601622419079
0.0201432238638722 -0.0239463346442261 -0.0492441296708158 -0.585491369854584
0.00483194763761164 -0.0118224230400383 0.659814543882088 -0.343247206142101
0.0100847443688379 0.0151234453471046 0.617028371869794 0.321767111038614
0.0192746095163221 0.0471488019613533 0.190514901616003 0.370590742058431
0.0106624570756835 0.0426392834559493 0.0251222987359616 -0.11138554834471
0.0216666512213519 0.0188941679354315 -0.405180112793054 -0.310937790678473
0.0178316584510734 -0.0265733005960504 -0.628447843951509 0.40374621203793
0.00384665969851663 -0.0367255357922244 0.123407194490905 0.811949169158382
0.018036194965065 -0.02841754250515 0.607573676176543 0.177690041701772
0.036549034083195 -0.00121102575711334 0.32163328578642 -0.296486436746731
0.0234729546654814 0.0139601320223702 0.0130082434756298 -0.343106836366149
0.00419963162500316 0.0113618708734441 -0.195180958218022 -0.137942964906512
-0.00200773596636384 0.0047917384821371 0.0896103141291001 0.14015936471189
0.0248851780185109 0.0437350607713223 -0.183134624652649 0.14167689824594
0.0533477073152951 0.0145927166798177 -0.400361944757579 -0.118024234267913
0.0236416964998831 -0.0387387170055765 -0.142590804725946 -0.563318760135856
0.0114680473856708 -0.0285085201521171 0.574353567121941 -0.451919895534737
0.0334732569592729 0.0205491693482246 0.65010806470616 0.205463048035451
0.0396784715295945 0.0801823812879709 0.229371200325814 0.357017605201628
0.0253656879881955 0.0847610766018553 0.0331717949287604 -0.0881181345157364
0.0477359279173879 0.0395208786658826 -0.369647260814246 -0.345834437036467
0.0320189510764661 -0.035687399051206 -0.684336607604474 0.303567412402155
-0.00307399698083436 -0.0530949998410645 3.15881299622352E-05 0.822074846920437
0.0190637132154003 -0.0417167645688482 0.598522317073861 0.269608231809027
0.0533407421867476 -0.00257488973180843 0.376476933738066 -0.243927242156792
0.030730546628289 0.0225556222443174 0.0463039609768653 -0.331847518249347
0.00165664496811503 0.0127527194838224 -0.186772546818766 -0.141915622310988
-0.00493866368861849 0.00236954168912625 0.0936782415732505 0.142000862819085
0.0269097309198316 0.0481904422132276 -0.164185929967119 0.184787225977117
0.0614089256920124 0.0146423021169444 -0.397805170819723 -0.0262872019471033
0.023416775116403 -0.0479357065192527 -0.260645718161038 -0.500852108059266
0.0109315127468517 -0.0446031804501664 0.429527355250196 -0.571290940199025
0.0503498609661492 0.0122818845154904 0.665164103319844 0.0387931513957941
0.0626229679704978 0.0932455052695283 0.287444729464858 0.332144269338832
0.0367575743755156 0.115702989420691 0.0480225470366747 -0.0484848711313539
0.0628104581511488 0.0642969317055416 -0.303797216383906 -0.379518823683165
0.0493557609202122 -0.0306233070615023 -0.739873256582667 0.145346273696018
-0.00264812203790878 -0.0605031523439038 -0.192958061408724 0.808911709494265
0.0175297468584237 -0.0499272371646187 0.549735927468964 0.401955290466188
0.0617810169185954 -0.00307098743795839 0.441261214830612 -0.160364394800687
0.0358425643220519 0.0304476255869466 0.0962707000013818 -0.311365982584743
0.000108251801159949 0.015890204658647 -0.174716369618232 -0.148564099752365
-0.00637414938197298 0.000792074708173395 0.10346197987992 0.138453502958749
0.0242258018007212 0.0453774815690178 -0.136111172939119 0.22585832301575
0.0610426111199716 0.0122827593693674 -0.374161226482408 0.0780594490777516
0.0194566037619425 -0.0487790091330153 -0.359872059570471 -0.402715491429019
0.00184295236170291 -0.0529882377480138 0.250481071963938 -0.654754541993148
0.0523579195010098 -0.0031790199122094 0.640987011086738 -0.141537817038483
0.0802594943637835 0.0866233664921958 0.348641523152257 0.294518165194336
0.0411166686042374 0.128435695121166 0.0661996164016308 -0.00428767464628449
0.0617999004646762 0.0860154446396016 -0.221692332256645 -0.403196331166573
0.0614219333735383 -0.0108152136712312 -0.758644329411426 -0.0487140631463623
0.00561903499485882 -0.0556961282179781 -0.416302383639808 0.737785764848353
0.0150683367968639 -0.0513973333707688 0.44715836889188 0.543258607221244
0.06033460726561 -0.00192377869567876 0.495536675925335 -0.0517904377635714
0.037708602860771 0.0333829797125641 0.151963510710045 -0.279488428658822
-0.000583807725768331 0.0172223142473351 -0.163601942247537 -0.156090655864027
0.0072653480948692 -0.0105012163816051 0.105582651911454 0.114869823016101
-0.0262068370671685 -0.0335962070224542 -0.167503932796491 0.152617744316942
-0.0471339380612353 -0.0017432949476154 -0.402959179888553 -0.0430910106106783
-0.00633120232115077 0.0341204037373355 -0.222385805829461 -0.512115903711158
-0.0096641535836891 0.0551309095798954 0.468676601761045 -0.522474316412879
-0.0674821804636487 0.000617929553781614 0.680956764025247 0.0936434836018171
-0.0390081471401082 -0.0806410789242927 0.286283767500433 0.352654544945132
-0.0452935203308304 -0.107600013537705 0.0604974847963601 -0.0431797683208994
-0.0782933087455781 -0.045578975317732 -0.299292021574162 -0.355674831173456
-0.0258878223961033 0.0350832914974933 -0.712944190381271 0.205943153170248
0.0267770249814078 0.0532142939073477 -0.140592712002063 0.832405922093695
-0.00738958600260507 0.0348856942739857 0.531868134792923 0.360774446337282
-0.0556887458158073 0.00325336939133878 0.400158405668162 -0.205688645162989
-0.0212588003477661 -0.026939006934776 0.0829487708802369 -0.329753963533353
0.00441634777241957 0.000260031677326847 -0.176704283155543 -0.149124824517189
0.00507541416633192 -0.00842533596888956 0.100507456269381 0.117175267124789
-0.0172225726611975 -0.0203826563980977 -0.184601213761855 0.118692836055387
-0.027634476696079 0.000483920855847236 -0.399817488586251 -0.122022522099388
0.000474801643179697 0.0241105740850392 -0.111615291175764 -0.55980640233133
-0.0159878525403085 0.0376806107109631 0.594247807275453 -0.410735053020574
-0.0576147138708185 -0.0148741195976039 0.654884410480042 0.239572125765162
-0.0238571642837979 -0.0709794999295483 0.228916446309338 0.369321090597127
-0.0373947058196866 -0.0848187307838141 0.0430308187632398 -0.0816433509170773
-0.0641555059435747 -0.0251281860967233 -0.360331457109467 -0.325603450901673
-0.0105565253070152 0.0295308584440949 -0.658027125867424 0.343533846188627
0.0296177344721475 0.0337236123736106 0.032986593260294 0.83081850361631
0.000274596332536806 0.0231719372623538 0.572143246654529 0.241122719300309
-0.0355497922551385 0.00342257809105665 0.343691129968191 -0.272539499959296
-0.0105207264602419 -0.0190160146394357 0.035638665620671 -0.340410946563497
0.0070977656337744 0.00366434284734175 -0.188236050351652 -0.13932233159244
0.00370050483305847 -0.00503127752915053 0.0980051674775638 0.119516136968872
-0.00409908143359528 -0.00469789864755832 -0.194099235894868 0.096451040827743
-0.00589479212940392 0.00293110769391812 -0.388449311648831 -0.176424352282492
0.00671902946250758 0.00988789601420423 -0.0321513021357755 -0.580010661093353
-0.0143823164756662 0.019898282153665 0.663939716039932 -0.32197499929446
-0.0395257234157391 -0.0153127707127819 0.619508023408919 0.336692379040141
-0.00860438220349025 -0.0423104559120364 0.190654763141292 0.374318726925691
-0.0247591788689625 -0.0489050306069947 0.0296899946864677 -0.109076665202635
-0.0394836718362627 -0.00937360550557493 -0.402554178517482 -0.300297886747861
0.000453578033954561 0.0131712538901252 -0.610816883379442 0.424433589168812
0.0250079816494877 0.0103404934499121 0.143932287164521 0.810315241583871
0.0086150853942466 0.00686780370579009 0.587001888740917 0.161133060343625
-0.0114825707355425 0.00164318427912963 0.301429578248307 -0.308219976419533
0.00190604628794139 -0.00906090197159484 0.00481143777070562 -0.344177418975029
0.00826099258670675 0.00679286838692889 -0.194831102487452 -0.130649502027294
0.00261899578107544 -0.00186799581315355 0.0930390262675896 0.124302664901242
0.00869992517200094 0.0147023712667539 -0.195539104431605 0.0921973862674446
0.016882084392539 0.00646511199748892 -0.385815160872941 -0.192328415875235
0.0120322382326674 -0.00722509111499575 -0.0113461278007997 -0.585216074431469
-0.00651903810273197 0.00375545516497841 0.685439440699575 -0.296954690551016
-0.0160031249934135 -0.00046548027550259 0.6032320016676 0.360478430819636
0.00457970204233263 0.00190458404390665 0.180278114550489 0.372581216654002
-0.00734243666208407 -0.00394682167203153 0.0221916658152992 -0.119998944096763
-0.00939508375669973 0.00426728418221998 -0.418324202561299 -0.2930044570464
0.00831252554426326 -0.00683190783863747 -0.596137223176702 0.444865421322607
0.0141349058936566 -0.0142821578663551 0.177574760164593 0.796425578874483
0.0142939396020023 -0.0126361591745068 0.600134651538216 0.137702264097131
0.0131686408179735 -0.000852674619802601 0.291149481295509 -0.315388737379323
0.0131243481674002 0.00223215816639402 -0.00548906400582757 -0.341801479010447
0.00618012281307765 0.00874845067121726 -0.196695973837338 -0.12609106073029
0.000665968766054903 0.0024903414439821 0.091953088291122 0.128653801959884
0.0208191472134824 0.0317838392243991 -0.191158363447609 0.108136113893887
0.0377083976118135 0.010348239040083 -0.38979411469046 -0.172528615552049
0.0186204859486317 -0.0251643655660372 -0.0528566317602456 -0.579264371004812
0.00389180122168373 -0.0106832202429126 0.652947507547234 -0.348885284704893
0.00894899337566936 0.0140953677426051 0.617330054039443 0.315675489273855
0.0189939571495049 0.0459806990415347 0.195322152285212 0.366232460638646
0.00997022194672169 0.0435022571388994 0.0238204823447853 -0.1125416323916
0.0224009603324563 0.0196248537460805 -0.410004493934855 -0.305936615851545
0.0169183718699571 -0.0259875705936163 -0.621549534207619 0.408251825664721
0.00246786453406076 -0.0357625623329669 0.130335554731701 0.802903279365529
0.0161674057182649 -0.0292306994175549 0.604663761723396 0.170968925036769
0.0359667526595288 -0.00367392130144263 0.31649826763089 -0.29528808513148
0.0237852312694512 0.0120531413765573 0.00576244708849514 -0.337105686656037
0.00402008940995818 0.0116584089133828 -0.194697182243432 -0.127029830606147
-0.00102918121937343 0.00492328670836971 0.0921078510066531 0.131878198378162
0.0278288875793259 0.0432669394554397 -0.179981795314279 0.140728577175318
0.0539117079815748 0.0115245452661528 -0.397895032827481 -0.110957773546297
0.0221748066492881 -0.0395234346716131 -0.146608009584174 -0.556942722558912
0.00994522453734879 -0.0280325492325819 0.566847188107649 -0.453346214082085
0.0328485016881192 0.0205961722696395 0.647933964311632 0.200560825144015
0.039425756026441 0.0788286243373514 0.233720661520375 0.354556638772406
0.0261497316362893 0.0855838165314243 0.0320754141647768 -0.0883180565857618
0.0483939809828658 0.0391137570560421 -0.37190155897329 -0.33974027181246
0.0308508797218065 -0.0345708370941734 -0.67765520424066 0.308265258901149
-0.00537393424893113 -0.051524527040146 0.00853560124482991 0.816604467340145
0.0165728489420405 -0.0425917161653863 0.596544668795452 0.259547154964133
0.0532677630341574 -0.00598313595558251 0.3681752030924 -0.245423934925403
0.0328259712132836 0.0209781261496378 0.0409521775983915 -0.327252061864011
0.00199469133934319 0.0135080221909967 -0.185878736644264 -0.132711860460133
-0.00454526229011313 0.0035789378960529 0.0959173124722435 0.133089856032086
0.0292095440723016 0.046416703388218 -0.159017360750108 0.18258549606912
0.0624035756191014 0.0107111525977249 -0.393917565416589 -0.0208097587266424
0.0204012389059351 -0.0493069521768298 -0.262246609331188 -0.495071008762482
0.00882132814721251 -0.0440603204989207 0.420367353587505 -0.569021747973033
0.0489655641130814 0.0121586929911869 0.661173972092921 0.0330468070877123
0.0627542706766811 0.0918760360541711 0.28993324970387 0.328717785245864
0.0376498900139448 0.115785455683815 0.0472869834889037 -0.0499162725205992
0.0621280116921602 0.0634518088633605 -0.30810069440346 -0.375340438814042
0.0484370206540991 -0.0298794391960261 -0.737242778998418 0.15289680241353
-0.00439750659948664 -0.0590154636344564 -0.182574604343896 0.806442541395455
0.0146623208097875 -0.0506450934284011 0.547715269954694 0.393429257711796
0.0607250397315525 -0.00695203681264039 0.43338704658016 -0.164200917553157
0.0380822302063729 0.0279338531632036 0.0894794240979113 -0.307038364633803
0.0018861908061676 0.016162025370999 -0.175649334465989 -0.137840963342917
-0.00589693040116445 0.0021453140921965 0.104895270523607 0.129702521226263
0.0262242917595819 0.0435010695911647 -0.129654168002316 0.224358579684109
0.0623753836500142 0.00958684428847429 -0.366892061403839 0.0806455358007595
0.0168368942213964 -0.0508707640434738 -0.361208807451273 -0.396566189273794
-0.000354224781361483 -0.0516630764004624 0.240915064560494 -0.651909409176223
0.0512223254217646 -0.0026472763349071 0.635753549943006 -0.146199687072655
0.0808622786305534 0.0856825337421653 0.35033538581933 0.289861665347065
0.0430242252502453 0.129578369421544 0.0658998439140295 -0.00429250756604066
0.0617679768739361 0.0858780329827823 -0.225300371984844 -0.39935720225907
0.0605007832439993 -0.011187200207796 -0.758146399766052 -0.0419188039778968
0.00357001529659518 -0.0546112610947718 -0.405818734630619 0.73744024965253
0.0120875907401545 -0.0516427548707631 0.448495584123134 0.53427914674504
0.0599084900584075 -0.00590153843093031 0.489524739743349 -0.0579616929152356
0.0390893950848138 0.0303246878991749 0.14608446574827 -0.27753758491983
0.00113607888505245 0.0168865344678317 -0.164782768243084 -0.144235263417942
0.0056655488260426 -0.0105375017641184 0.106353388026171 0.104034612920164
-0.028549550977064 -0.0304559608279337 -0.16232396612876 0.150298934801535
-0.0470533622740867 0.00260925970812403 -0.396706224301049 -0.0364255944421939
-0.00429334799899752 0.0363028478766045 -0.222983796334266 -0.505407706151544
-0.00857759125311193 0.0541013257565226 0.461972245053234 -0.524259673765595
-0.0670274738036215 0.000448371164804303 0.680038696994991 0.086436907431586
-0.0407425433569852 -0.080645799105643 0.291369667251343 0.347430120805635
-0.0473376029512134 -0.106438967884849 0.0599264067429935 -0.04435966712753
-0.0791533992559809 -0.0455562753601686 -0.302158945964631 -0.352655051177994
-0.0258946663022088 0.0345421859480786 -0.709047369605144 0.210616312586889
0.0276276647768735 0.0517842398681404 -0.130963739639176 0.824948153976487
-0.00433940388499752 0.0367188714961364 0.529759086983035 0.356586027228354
-0.0554252883434521 0.00699189809510112 0.393161370526908 -0.205362787746154
-0.0244332401092935 -0.0248645192927143 0.0753249822240244 -0.324857024665285
0.00332312443165773 0.000475447234433432 -0.176209715210614 -0.137525021142926
0.00330163839633595 -0.00952984241578188 0.102347075271203 0.106232537412537
-0.0189294858692468 -0.0197027704975815 -0.180753831773763 0.117625260010735
-0.0278734675356381 0.00165356861138179 -0.394478694996172 -0.114739477344377
0.00197493700914349 0.0240249019996718 -0.115201315406511 -0.55298503251732
-0.0156850279893894 0.0376553441116719 0.58918246392311 -0.412285473014951
-0.0580007747080554 -0.0153152992876012 0.655514596427733 0.235157058363836
-0.0255446266111897 -0.0713710354823907 0.233538787640724 0.365018130405606
-0.0378905260694715 -0.0852119289216919 0.0416779145962528 -0.0828372266825833
-0.0650870421304622 -0.0243731333844582 -0.363877005961322 -0.32074075806466
-0.0112009023716724 0.0285579037759735 -0.650494287495097 0.346909903831563
0.0309901089813572 0.0320580256514647 0.0413019149677454 0.824362449943815
0.00226063251844363 0.0236256115860164 0.571500558898099 0.235589919428102
-0.0351787932137323 0.00598835717814661 0.334649004052073 -0.27021307106445
-0.0112616363961948 -0.0177343367057724 0.0286871526963932 -0.334481623169319
0.00567640577467451 0.00405359159242759 -0.18649549494236 -0.127454976223494
0.00228513313761006 -0.00495246752462172 0.0994708897729602 0.109274885346531
-0.00533899797009228 -0.00342448705472765 -0.190321283710962 0.0981087244030562
-0.00616717229178438 0.00351726049951299 -0.385762569672139 -0.166956003538321
0.00634882023611403 0.00908551871757154 -0.0359704636328544 -0.572755559638426
-0.0144705219598557 0.0200636787281014 0.66062716884588 -0.325632264873207
-0.0400565938749552 -0.0150253219881777 0.620155902100668 0.32908331129671
-0.00920114113921902 -0.0419288255698531 0.196790838939622 0.37132351712825
-0.0259444945787308 -0.0479769055145934 0.0277865242643266 -0.109709724064563
-0.0398279002213298 -0.00776523647864559 -0.405219922159049 -0.29554023364362
-0.000432622868264121 0.0130407535588717 -0.603275512652277 0.424666848091929
0.024436719929943 0.00948847749757046 0.150385423085456 0.804101164554397
0.00918873774452734 0.00612738545159599 0.585716966045141 0.156625724224999
-0.0115681893217729 0.00134291794348003 0.294640364608583 -0.3038946241141
0.00137996134770454 -0.00849985260164047 -0.00103146387865277 -0.335805651117664
0.00752383943591256 0.00672232183609789 -0.193720520106567 -0.119079828274631
0.00240242526082524 -0.000810129736119828 0.0958185093072978 0.113575727149075
0.00946757244124551 0.0146253370935082 -0.192071620944721 0.0927277106758515
0.0166398390595851 0.00541358204505496 -0.382125461777829 -0.184538987344268
0.0124361260233457 -0.00754894649418837 -0.0152074742489033 -0.576763084874536
-0.00719139106364725 0.00434420013518866 0.679541527525966 -0.299397185188374
-0.0166648454345859 -0.000816229824242684 0.604191376443048 0.356137909816525
0.0034089393009884 0.00127289162438819 0.18498520996541 0.369182628451769
-0.00838081076479591 -0.00330145205030461 0.0202800382542719 -0.120691440679388
-0.00940191628260546 0.00526756962739547 -0.421106842048377 -0.288103533938805
0.0075241821106796 -0.00735521885559713 -0.58861246186238 0.446263698828126
0.01329889614692 -0.0143657138128132 0.184173531225866 0.789447406215121
0.0128842417506837 -0.0120153581792581 0.594927441041851 0.13231354249596
0.0133680985658748 -0.0024568546338786 0.282607744318551 -0.311877842468237
0.0125105280246141 0.000777346215112964 -0.0116127802493497 -0.334732380009214
0.00708191769319636 0.0083097033574181 -0.19562190899254 -0.113879017642021
0.00141003141489561 0.00332720786190179 0.0942213622506436 0.118457537002091
0.022239762367227 0.0304034063707171 -0.187286336786122 0.107384059611385
0.0376315283674835 0.00776239062437861 -0.386258944183382 -0.162832168610321
0.0170382171725779 -0.0257041747996697 -0.0555553703198825 -0.572950361682554
0.00311071328539667 -0.0105981549164121 0.646279959885836 -0.350726411177386
0.00913429856543146 0.0155527759733276 0.620115452937623 0.3091984171713
0.0188631381085375 0.0464791839076765 0.199699395946133 0.364192266132125
0.0103780349412976 0.0441061048490167 0.0210050187033935 -0.113312316247411
0.0217840903752815 0.0196743428044194 -0.412443628180636 -0.30085478268696
0.0162975965366763 -0.0252698237916518 -0.615048134552268 0.410233861964218
0.000893695290956356 -0.035270932217627 0.13902961822981 0.798729036173857
0.0150779091876128 -0.0290436866392299 0.602163394236631 0.165189647353035
0.0352009223083098 -0.00661696934021038 0.307445020230237 -0.292035971668325
0.0246265960067326 0.0111932723033161 0.000417447342948091 -0.329942700607819
0.00506981238017378 0.0111489627837811 -0.191437498934102 -0.113909157395446
7.16571426965431E-05 0.00529809112497601 0.0945256030706098 0.121719013102169
0.0311063234338863 0.0409572699449966 -0.174501184731816 0.139537576837533
0.0540558751874737 0.0074386881387972 -0.392973865777068 -0.104344901044476
0.0193216686979201 -0.0408045526292582 -0.147213538064127 -0.549089900017483
0.00916028248336347 -0.0275458229232983 0.561323618484663 -0.455586748061933
0.0331693056610764 0.0206424422990902 0.649369333573565 0.194135942359727
0.0400424538189047 0.07915803655812 0.237760780335405 0.350366373499788
0.0265221830048798 0.0853527335289423 0.0305285992545513 -0.0881898806202638
0.0483470426822422 0.0398176717451105 -0.374228717902925 -0.334381963298463
0.0299685892810455 -0.034238558264348 -0.673705714164906 0.312185906454474
-0.00721014934108749 -0.0499286640338555 0.0163204157575009 0.809187525234466
0.0140575499789373 -0.044119765342884 0.593998877510013 0.253212794935182
0.051923446328576 -0.00939063649865216 0.360230918862041 -0.242646998370011
0.0340411670333837 0.0180284509245799 0.0338875508988249 -0.320560587874961
0.0043503628742658 0.0123696759165854 -0.184598767411955 -0.119346876303931
-0.00280776000685274 0.0051069685985437 0.0980237312429895 0.12279904522875
0.0326230134301287 0.0450633023382733 -0.152990587975092 0.179945908921858
0.0621364630648431 0.00693840181507488 -0.387852922323255 -0.015615824905357
0.0179531143564433 -0.0508534762091588 -0.262029440460349 -0.488494367127708
0.00671804362620028 -0.0424600320114822 0.413745340003625 -0.569749387017742
0.0480751489700823 0.0131420832367956 0.661223447454709 0.0289313895366802
0.0628073776992256 0.0917331395495377 0.293975620510882 0.3247480639486
0.0395726437907906 0.115146997411965 0.0455918105706548 -0.0504691120041134
0.062869285237204 0.0634754743082547 -0.314137913571793 -0.372137124538812
0.0471523019306891 -0.0285818977384764 -0.731405365237244 0.155601363691826
-0.00557075539830783 -0.0570979974436624 -0.17398194120966 0.801584398505319
0.0119292796321703 -0.051645172871296 0.545354159016379 0.385262096643687
0.0600613750854764 -0.0111051120597 0.424422391618016 -0.165582114861169
0.0388475949573568 0.0248673404764424 0.0832704209749644 -0.301304223039939
0.00308652183383403 0.0142807470257698 -0.174719337265825 -0.125512601565699
-0.00555160280990899 0.00252912372017342 0.106266824440127 0.119074468229635
0.0292918176275605 0.0415433036890136 -0.122928088599642 0.220145587847337
0.0618730347519177 0.00574124551263324 -0.359596317398851 0.0832006632359874
0.0137706914954229 -0.0517331912834827 -0.359186423527324 -0.39146860711338
-0.00195029299782716 -0.0491800773740441 0.234298399001339 -0.64900771184165
0.0508371307850836 -0.00256740088275303 0.631068609527363 -0.148782375876484
0.0795750329008755 0.0854130940081712 0.352054998957764 0.287212531592206
0.0451317565104741 0.128436347187897 0.0654264005010883 -0.00525221311328454
0.063002375182841 0.0860363714385604 -0.230780115522843 -0.397791857818955
0.0603084020257184 -0.0098760170356041 -0.757759985484703 -0.0351974331240173
0.00207352648879284 -0.0536359135881335 -0.396972476811781 0.735892685438904
0.00861509987839828 -0.0525569530283211 0.449188003331304 0.523902371902674
0.0583030268321625 -0.0104819881994834 0.480998041767281 -0.0636877330684449
0.0399267308648222 0.0276272242701888 0.139633526678781 -0.273349469211703
0.00237737761193937 0.0164903076203643 -0.163460359534575 -0.132152354301343
0.00286942965402759 -0.00994574690018747 0.106094084591431 0.0912432458596425
-0.031424638613454 -0.0282501889843007 -0.1583055474582 0.149149976303246
-0.0456869548863557 0.00532999677421857 -0.389645286317015 -0.0307541753850244
-0.00160857692145487 0.0356585823881843 -0.222753661654978 -0.497266120321872
-0.00697047445333796 0.0540526869434305 0.456085515259459 -0.524026948967533
-0.0667040162471805 -1.37393154377857E-07 0.677838865357687 0.0806114349906943
-0.0426689344631374 -0.0807617015306163 0.295495935389413 0.342892610939491
-0.0491710402662066 -0.105942560157818 0.0590203580460889 -0.0458303957814374
-0.0801424074522336 -0.044247195395869 -0.30641066787069 -0.349877987968974
-0.0259990333539069 0.0332291924902867 -0.702992362798851 0.216735547331749
0.029977581622736 0.0493148395621775 -0.122014301158471 0.821235773380865
-0.00139319566432413 0.0371265497306748 0.528050555950413 0.350321291430966
-0.0538902698395591 0.0123737174529315 0.3852616773811 -0.20262730996531
-0.0266518948743668 -0.0220227930832713 0.0670020502345791 -0.316716191296337
0.00191196680584805 0.00103385580145733 -0.173209598222447 -0.121854828994965
0.00181028491136379 -0.00843981136507441 0.102751180593043 0.0928346497488151
-0.0205591388906065 -0.0174567680510155 -0.17731565983186 0.116888503262357
-0.0278928393072399 0.00462193295566141 -0.3880765905586 -0.106303916602957
0.00302311132340515 0.024428717401358 -0.11507294089904 -0.544977598521217
-0.0151020512804501 0.0357320906004522 0.584034579696208 -0.41282167267438
-0.0583908768263881 -0.0150512494552935 0.656287057557419 0.227560421916111
-0.0274547880716475 -0.0717166982875794 0.238521604827668 0.361029643796289
-0.0404928665183013 -0.0829864495247927 0.0399189177310127 -0.0840181328279767
-0.0651917315422186 -0.024608036703832 -0.367438215126085 -0.315322399435056
-0.0111857348528862 0.0275106748386692 -0.644079837674654 0.348738809524835
0.0314060333685818 0.0314721631048169 0.0503254200681735 0.817151627228885
0.00414388981554446 0.0229584070741925 0.566807870751605 0.230982289116063
-0.0343005696656815 0.00860273254652665 0.327009966313321 -0.265608735034229
-0.0141625785483829 -0.0156635144804861 0.0223954015454531 -0.32477220306086
0.00548050541343652 0.00362551819052437 -0.184269501402573 -0.112033948604269
0.00202970428012882 -0.00513482258597311 0.100226040008645 0.0964060114823914
-0.00584006635767405 -0.00232724453008225 -0.186983944255569 0.0964272559438551
-0.00497542536643356 0.00423891869106546 -0.380029306940948 -0.158683186648232
0.00742137671975128 0.00852310360949226 -0.0365574613265759 -0.564181914803738
-0.0140737807760222 0.0193595981403547 0.655857305616954 -0.327179476041121
-0.0411642868985036 -0.0143067355740886 0.62139327733816 0.324713709413459
-0.0114252259661362 -0.0422005142226443 0.200507877981736 0.366164280915244
-0.026438237379329 -0.0468526070909586 0.0256516616135205 -0.111664672986981
-0.0403661225650278 -0.00807484557774172 -0.408039717710248 -0.291290883816267
-0.000691708545782254 0.0127709191903116 -0.595053548882037 0.427374034262476
0.0244104062036335 0.00914913102453866 0.156881207986073 0.794218828189466
0.00964212740572192 0.00645090428905579 0.582728505580135 0.154732875061244
-0.010894930860513 0.00359738745364329 0.285785061734455 -0.299725619170315
7.84497069914823E-05 -0.0081575052000122 -0.00762705297781922 -0.326258974399611
0.00708332182473908 0.00633393532648782 -0.189284451705574 -0.10437696484719
0.00190991501487568 -0.000375895996388746 0.0969612950078523 0.10126002382893
0.0104350531023739 0.0141796449342478 -0.187903322860652 0.0925622297084457
0.0168654553108598 0.00380501028904626 -0.378174236704242 -0.175534815018331
0.0114159729753244 -0.0093291371103743 -0.0139157684459641 -0.569654382569052
-0.00728012197475378 0.00471399089347389 0.673874469189199 -0.302359849735983
-0.0172895474854223 2.36671498372522E-05 0.606779656022998 0.348434065630907
0.00305298366282911 0.00164680977644587 0.189574762706025 0.365586230130463
-0.00814095490458254 -0.00186966761705873 0.0179961435034265 -0.121723306958303
-0.00960557890141266 0.00564510855433774 -0.42413377948739 -0.285408029359804
0.00676853374817529 -0.00783468378647406 -0.582959266939651 0.448137375638564
0.0120464324505196 -0.0138047461579781 0.192607005362116 0.781061005935165
0.0120172795213925 -0.0125205253976988 0.591658855963645 0.126781200840342
0.0125298079142297 -0.0025898344881852 0.275529129278342 -0.305343714435133
0.0126927642078719 0.0005535771681582 -0.0182952237123986 -0.325205021849742
0.00730280825832822 0.00905480461291084 -0.190784490298151 -0.100130677334535
0.00261754833732868 0.0043869875131129 0.0940897969109462 0.104632051893185
0.0242520442161489 0.0288922596780018 -0.18331378922131 0.106883879084693
0.0372830238062471 0.00465415098293055 -0.380530847508847 -0.155357291928467
0.0152713196726262 -0.0269969208439741 -0.0547189154710033 -0.564623299151539
0.00165843566920167 -0.0102209596606974 0.643093567512296 -0.353054613372148
0.00888093366526829 0.0161076161228719 0.621199774171629 0.303151507199655
0.0180588843553477 0.0463814063256185 0.204448504839306 0.359943842150533
0.0110134712817072 0.0445845196880881 0.0193804489480955 -0.114684595548687
0.020896207042733 0.0205152067580193 -0.415462424392557 -0.296415183297496
0.0144410333340282 -0.0237986627723427 -0.609043980475677 0.411942717585231
-0.00106937263568084 -0.0337769615104733 0.145137344971759 0.789713642609678
0.0116494615862583 -0.029901250652028 0.597306613348228 0.15973777031601
0.0336581602122134 -0.00905806445077153 0.299983837149648 -0.287788901350995
0.025653472564167 0.00876928762353724 -0.00468389590063144 -0.319548157748444
0.007069404061345 0.0105579300034252 -0.187461942113286 -0.100323965361843
0.000994499936084349 0.00605796313040761 0.0957355306746586 0.10840411049477
0.033166039128249 0.0390035070240614 -0.169758415866361 0.137999529563621
0.0544155265360034 0.00389947694196039 -0.386762246963955 -0.0981012082933672
0.0174280266885869 -0.0418868980533264 -0.147196033257987 -0.542191749836636
0.00721890788241304 -0.0260193981761463 0.55411362613358 -0.457037073104716
0.0324234603002105 0.0214884115442417 0.648054707250066 0.189899174988091
0.0394802063928798 0.0799419129554471 0.242325503696141 0.346674109330186
0.0281035376350751 0.0858183447260136 0.0283695242760639 -0.0894691908834922
0.0480591569845323 0.040570823969572 -0.379639034744817 -0.329914102790795
0.0277509339205807 -0.0322393170028558 -0.668079875092478 0.314487552945305
-0.01043967161977 -0.0484215838682527 0.0228353340195602 0.803385279392193
0.0101980626398553 -0.0438443847915387 0.588103228843093 0.246999249175419
0.0495463428799773 -0.0130264774767959 0.352340138832476 -0.243873001510835
0.0355368243750028 0.0162904098525258 0.0278304052817837 -0.311394263835757
0.00638846363209688 0.0125106444411006 -0.180747454942482 -0.103525796325498
-0.000946639899263841 0.00524436863301051 0.0977066647595034 0.110232070087555
0.0362426134781614 0.0414708163419315 -0.147137485580885 0.17730501949649
0.0615140528046713 0.00185450895366442 -0.3805755344847 -0.0119400623836501
0.0148533083458704 -0.0517774327469415 -0.260538389489142 -0.48051881867053
0.00491523423700642 -0.0402169432885274 0.407565647596759 -0.568965800525632
0.0481526860255168 0.0132374012379414 0.658901927940732 0.0244927345102204
0.0635870391764108 0.0914368190311275 0.296996173688669 0.321159949949682
0.0402152358041679 0.115659217348708 0.0452197328506267 -0.0510042203784547
0.0634716702527927 0.0642291015386089 -0.316960884183706 -0.367716081986112
0.0464392672316108 -0.027874793922137 -0.728875751035805 0.161127884148216
-0.00829610282189476 -0.0547993806705805 -0.168295769503038 0.796594000432515
0.00743346350883714 -0.0514801508313598 0.541982790434935 0.376390732096311
0.0580489009979298 -0.0160099553505369 0.417162022079192 -0.166756398332489
0.0414973345221748 0.0213556993816278 0.077750426990079 -0.294067745672539
0.00460644363004924 0.0144081994272951 -0.169315334652533 -0.11061103854595
-0.00368322325057278 0.00286172122446192 0.105659245335971 0.107215168190565
0.0323088060146481 0.038426446886831 -0.118443594800754 0.2158178244613
0.0619374262519748 0.000215038296564257 -0.352233051958338 0.0831549213659429
0.00941674744288123 -0.0521162498280871 -0.358455753752769 -0.385472558537871
-0.00427418844433993 -0.0474192286247999 0.226581667584969 -0.648647739454125
0.0502416314895998 -0.00137235417011672 0.627951948314335 -0.152323529464454
0.0807432963217675 0.0842001662086214 0.356703932690256 0.282880367491472
0.0459881380802816 0.128363284982655 0.0656392153215922 -0.00552932361755314
0.0634016661866066 0.0858092146161796 -0.235370371228821 -0.392031428219342
0.0595859874885401 -0.00924107357916406 -0.754848564162111 -0.0283617444575044
-4.29976595139256E-05 -0.0511532295536116 -0.39013390444778 0.731829940466259
0.00520352949105848 -0.0523034093319873 0.445213447401033 0.513607734459895
0.055482903439311 -0.0140256669828028 0.471701983455526 -0.0669070562073207
0.0426554036136641 0.0239945312627509 0.133025614634075 -0.268892383272936
0.00491018314204462 0.0170837064674339 -0.161155469582707 -0.11739752320896
0.000584473431965675 -0.00949207435004794 0.102310269963446 0.0755785185053546
-0.0348218465342825 -0.0236480799324742 -0.153923452731105 0.145923015455981
-0.0439134176241177 0.0104942550840501 -0.378552595479115 -0.0257387560535143
0.00218452901978749 0.0357801293310475 -0.219055332540679 -0.489381606818692
-0.00687266441607424 0.0512263310072331 0.451798975544713 -0.521510355362395
-0.0681186451889105 -0.000958538138388329 0.677488686762359 0.0761579142850587
-0.0449134102589243 -0.07975448429979 0.301607547786642 0.338194799032137
-0.0520473916693379 -0.105201625379536 0.0578626550802483 -0.0479756414663159
-0.0812413641287235 -0.0439351197929343 -0.311044780416759 -0.34643985887838
-0.0258974249262254 0.0317771762588446 -0.698432622057593 0.218458405849786
0.0310750666891485 0.0467028264951929 -0.112844988398478 0.816394366808793
0.00195877993768331 0.0380624354327564 0.523787435968518 0.345182968353844
-0.0514127211520257 0.0171741646020782 0.3751832904728 -0.198780979298698
-0.0290354639026881 -0.0177667170202425 0.0613145902177328 -0.305897827481686
-2.74244304820253E-05 0.00108160024741585 -0.166992309678522 -0.10599416301318
0.000670408465694775 -0.00768959943409286 0.0996029818923916 0.0770561727383963
-0.0220036548784078 -0.0150943041998895 -0.17337103771935 0.115931677827465
-0.0255407181715773 0.00692001703530802 -0.379103757514056 -0.0996266302764129
0.00458701268534416 0.023449694109422 -0.111555304202761 -0.537765554840341
-0.0146623524437026 0.0344252489015665 0.579482191504132 -0.414196508081509
-0.0604141967466088 -0.0150560455667097 0.657029813477195 0.222202670922923
-0.0293269930452312 -0.071635910147687 0.244220042111527 0.355398459471862
-0.0423104079934191 -0.0811277433967448 0.0393227450946277 -0.0867471404732077
-0.0665625165602539 -0.0230177894310563 -0.371150950511091 -0.313639709589901
-0.0126010334434125 0.0264865104494547 -0.640376017881853 0.350002543041084
0.0321016528040123 0.0294997441111089 0.055918302043256 0.808858080770801
0.00741120359931397 0.0240401551901275 0.5630715232775 0.22758266128224
-0.0321573287449052 0.0120565246910805 0.319024953322251 -0.258221567075996
-0.0158014445837341 -0.0130819932950564 0.0174009457706386 -0.313363904425726
0.00516519432258701 0.0039408454086395 -0.17513039060047 -0.0959379822787839
0.000756589273446228 -0.004387844576809 0.0972286651195803 0.0811987263369013
-0.00636591813974869 -0.00162418820153438 -0.182478912776783 0.0949033827224738
-0.00527585462734482 0.00491176625983961 -0.370314476900102 -0.149829259195236
0.00704449215891763 0.00900468717635999 -0.0343710482470181 -0.556766605833109
-0.0146305390458557 0.01916103160327 0.650458733016035 -0.328607982497563
-0.0420298975214658 -0.0144356774559895 0.623215023072153 0.316136242308306
-0.0126457764173933 -0.0414746230889592 0.207466126961567 0.361955720684935
-0.0272061037722808 -0.04610548398775 0.0238496926578854 -0.112097669370444
-0.0413355364401032 -0.00608872081761544 -0.411615266004644 -0.286179399492689
-0.00140246562730896 0.0118876051478818 -0.591162567928931 0.426923982430201
0.0239081078002803 0.00755608625695992 0.162854533348561 0.78580950740577
0.00984952355291644 0.00617255249342373 0.579190044121147 0.153520098393509
-0.00935944628677911 0.00460637828199939 0.280322347029602 -0.290830330490351
-0.00110970929760744 -0.00674801233874921 -0.0112516756069108 -0.314322034832501
0.00730620718414495 0.00536560994877218 -0.181428280957479 -0.0880458362842918
0.00340978274498931 -0.000418605819301186 0.0941388841360181 0.0844603206427787
0.012196080366337 0.0135247718656056 -0.184499413672291 0.0921208925715035
0.0177754315158937 0.00337499256414819 -0.368967633441396 -0.165335591064753
0.0101127125134854 -0.00969555326620361 -0.0115615828725777 -0.561694438610357
-0.00749798872633733 0.00495512703401844 0.669658219901947 -0.305759476130977
-0.0179751042860503 0.00127407037216467 0.609483078904579 0.341423900483185
0.00216411568463592 0.00239314377209878 0.194842150048555 0.360250013189913
-0.00884786107096181 -0.00124899608177754 0.0155457706023889 -0.122651044728624
-0.0109186646032103 0.00765890424769378 -0.427621138283962 -0.280223002579166
0.0056002372370721 -0.00534621204159923 -0.577649053764187 0.448656218012528
0.0110921494072558 -0.0133896799758668 0.197703914380321 0.771807889613372
0.0110123898922061 -0.0127975581058225 0.587541754458681 0.12437046697411
0.0123141607177665 -0.00370457813424517 0.268883195656668 -0.297245238461713
0.0128607905467676 -0.00082603180992121 -0.0195855928284036 -0.313179227810207
0.00816404794100566 0.00781376819790561 -0.183531775541747 -0.0832472144046228
0.003587186008104 0.00451428420700025 0.0929047474509871 0.0897647653341949
0.027067146822568 0.0255767296160399 -0.179447244788144 0.105696632477348
0.0371434148952074 0.00136343763575965 -0.372623188962491 -0.146484597588606
0.012324913460649 -0.0269271875461526 -0.0530571256550054 -0.558436640136282
0.000565218784186628 -0.00839674618357352 0.636667663596113 -0.35394622426267
0.00753352986538346 0.0172521707272442 0.623276592918908 0.298099896361934
0.0187318319816368 0.0466321950222937 0.208977194311202 0.355265113952699
0.0109594163845706 0.0454894242968397 0.0165782347780993 -0.114095448697509
0.0219037725684912 0.0222184764340646 -0.418886027027401 -0.293362682440243
0.0137380208830658 -0.022264970980782 -0.604709631733067 0.413106484279272
-0.00213780009629406 -0.0315714280796071 0.151920602980207 0.780453441757427
0.00948159523990375 -0.0308693752032316 0.591757080655457 0.155609305761417
0.0321137230328694 -0.0122987743769647 0.293394942074446 -0.282633228550016
0.0263355688582015 0.00633802729294045 -0.00808446571964283 -0.307127998934207
0.00912742195215772 0.00974457467752584 -0.179619551909603 -0.0836837500376432
0.0030132255917011 0.00696105492329132 0.0919948946652999 0.0932065486039683
0.0369601813071255 0.0343028186586117 -0.165393670460722 0.134595979019458
0.052791705464129 -0.00194922794162324 -0.377820437431551 -0.0908282588190139
0.0124144247807986 -0.0430885254879818 -0.143193223113454 -0.534637605194542
0.00502071875192372 -0.0240333966880061 0.548981688941659 -0.456837678369907
0.0321283182454852 0.0233234502291883 0.649975000396606 0.182315338119888
0.0402419217985092 0.0799731265416398 0.247778590487036 0.342717663597212
0.0287444598898513 0.0858032070913706 0.0265446074577142 -0.089943945443143
0.0482538049388254 0.0416152300253814 -0.383390980215245 -0.325011260896379
0.0274903175873426 -0.0308598856101797 -0.665645209734899 0.318237884195788
-0.0113405256823546 -0.046136175466827 0.0283468223590185 0.796379700626486
0.00605770662189846 -0.0442889274303742 0.584142672333355 0.240690658113819
0.0466415089109591 -0.0175458903801317 0.344993414748183 -0.237990697589762
0.0364622170981082 0.0115601718390336 0.0234890961175373 -0.299945271980653
0.00776485635583032 0.0116886281182491 -0.17242803030231 -0.0873036967556154
0.00106818930797248 0.00598805911911698 0.0952174138101213 0.093976363144539
0.0395400708800196 0.0371919756014779 -0.142368118926918 0.172117415244894
0.0609603677811711 -0.00467476059593492 -0.371774957795628 -0.0088918663909643
0.00958622877598572 -0.0526956283562654 -0.255206705253115 -0.475655085980847
0.00243362301939883 -0.0378092352545707 0.402453233270928 -0.569153464073664
0.0473618804801987 0.0149954013079248 0.658345342765044 0.0217045015398697
0.0646985523082433 0.0917388558998335 0.301771484941109 0.315831700335507
0.0421578434401438 0.115762512631512 0.0433930701601769 -0.0513877405946527
0.0635989289283072 0.0653027376403257 -0.322249294834168 -0.360576790887444
0.0452135991720188 -0.0255493853964905 -0.727560541204245 0.166158391919615
-0.0110134950161083 -0.0519157834490344 -0.16157591555953 0.790234818265765
0.00169298573466754 -0.0514897274970035 0.535991996804607 0.369454684410146
0.0545502800073302 -0.0213780814678677 0.408239764046986 -0.167360296444886
0.0432091717474593 0.016593639972758 0.0716561222244696 -0.286509404086894
0.00745845658066419 0.0131470529596083 -0.162755397917855 -0.0937229880469978
-0.00168035411498352 0.00373050098602799 0.101945790981238 0.092069954401132
0.036058499413845 0.0354220783994404 -0.112656133155054 0.20967407246986
0.0597167430767161 -0.00605630440889352 -0.342500318510223 0.0824206827172656
0.00478696875777227 -0.0538800991620764 -0.353260339045175 -0.381797596739229
-0.00651703517357361 -0.0449620337086261 0.22270243620597 -0.644206092796001
0.0492342494127149 0.000366446562959352 0.625483066394828 -0.155176886325124
0.0804288175413398 0.0838647428922404 0.359120142030222 0.277780920260622
0.0482535823671212 0.127686385955693 0.0649437525999552 -0.00620098819500065
0.0642089128859835 0.085565982027877 -0.241118437460245 -0.388204626866376
0.0605963349771579 -0.00804501106812907 -0.754540016385532 -0.0233918632281252
-0.00195614125893294 -0.0485696991301115 -0.383829426613524 0.731294584607066
0.000802905527764884 -0.0517738824807758 0.439496350245985 0.504408040062682
0.0531750031687028 -0.0199890409526577 0.463512077893534 -0.0709948054587067
0.0445501611568829 0.0187165413522723 0.127684945668384 -0.262425781619391
0.0063017056880672 0.0163210046805806 -0.153844898360762 -0.100829644008814
-0.00210757740787961 -0.00761304774952089 0.0935582620512716 0.0571579734752672
-0.0368713148247744 -0.0175823214302589 -0.149400979767668 0.140681664009179
-0.0404494659193215 0.0158440930730058 -0.367070983220901 -0.0215116796921263
0.00623124716846037 0.0352913581250399 -0.211496130626315 -0.485098282553807
-0.00548092671186286 0.0485337124789523 0.449723362517058 -0.521369898436755
-0.0689212681610319 -0.00156335852321085 0.679404008847342 0.0675338875306295
-0.0472711027281454 -0.0798886316766625 0.307284660077969 0.328903156194571
-0.0549323320926934 -0.102661467727605 0.0568288529261888 -0.0508620962286382
-0.0827770992451879 -0.04281928926902 -0.316539019664796 -0.340369013060946
-0.0270169309293591 0.0300679470634672 -0.694460457581899 0.220613957747793
0.032435305805329 0.0438261875307153 -0.106264035589472 0.80773238366974
0.00703268489946733 0.037836173312899 0.521161125604239 0.342430964179309
-0.0468858690915676 0.0225323843026372 0.365419302774476 -0.191571954844808
-0.0308853496578005 -0.0121337706088424 0.0562470395316613 -0.293369853638665
-0.00238832907256486 0.00317672786908285 -0.155451074905159 -0.086264223406022
-0.00211763154309141 -0.00585330708257083 0.091195927824379 0.0584191909717703
-0.02428433619778 -0.0108192682537231 -0.169231916671889 0.112061698099555
-0.0234918361630862 0.0100286919253946 -0.367044453775979 -0.0928214259787816
0.00704899127591813 0.0230332501450298 -0.105461673669146 -0.532303600249122
-0.0141628730861659 0.0327579834622822 0.576878222441477 -0.414481608400476
-0.0608657085076443 -0.0159142412882794 0.659906620984888 0.214025675255982
-0.0320894980163752 -0.0693561917859708 0.250590597357794 0.347194892828274
-0.0447093502607476 -0.0795935073636506 0.0356789771120909 -0.0884326160450716
-0.0677727304549116 -0.0220999836117622 -0.37652644646187 -0.308476653387101
-0.0126171115139921 0.0253845877457802 -0.63381036482928 0.353649871630667
0.0321570628386204 0.0269678625090665 0.0651756088417291 0.79974115427722
0.0104483358338709 0.0234796262484486 0.560741977081866 0.226993812196633
-0.0288281590207441 0.0158975199475377 0.310411249724024 -0.247901349579371
-0.0175670261485782 -0.00918266483359926 0.0132937261904458 -0.298992519129335
0.00296505665250862 0.00474905359972317 -0.162475428660893 -0.0777661862418787
0.000250802191172218 -0.00375331902319115 0.0902031393953138 0.0609510009526845
-0.00562298101178468 -0.000189826584810186 -0.179460216350225 0.093238470191677
-0.003321576705418 0.00569512740202181 -0.3584505718003 -0.141048208536862
0.00720212775541515 0.00775037002429897 -0.0273442757304996 -0.549489965741167
-0.014950600484281 0.0183556341408219 0.646996042662309 -0.329469386624775
-0.0429708940851506 -0.0140294080085454 0.627580778254859 0.308588435155821
-0.0148044559325819 -0.0399559582801691 0.213469236577806 0.355392429657081
-0.0287004674373024 -0.043389304404845 0.0201238099845955 -0.113944431286495
-0.0415012154019571 -0.00444339728336659 -0.416886336122238 -0.281624897399797
-0.00225948591790364 0.0127787578867421 -0.584197507160638 0.428724374470898
0.0238398350495353 0.00808250607354626 0.171564477446368 0.776746760038365
0.0120365855341701 0.00613414568983502 0.575095056238881 0.148918097508791
-0.00867739312794207 0.00574226882010545 0.272896855426123 -0.278851876610319
-0.00249522488768165 -0.00589059820089739 -0.0135346308336389 -0.298332506170287
0.00673607207661169 0.00562701103889702 -0.166700108879011 -0.0706667104799726
0.0026382096066521 0.000296748025439931 0.0881085014324967 0.0656106166564507
0.0127729429731677 0.011588007812447 -0.181290906471898 0.0896551128938863
0.0171367039743867 0.000583912336091612 -0.355148606072371 -0.156154241392647
0.00742359274072084 -0.00957964957507322 -0.00681714393983555 -0.554328064909829
-0.00924801350968048 0.00639671588683969 0.666569524849098 -0.306672982640981
-0.0187739374862193 0.00150728014839305 0.613314154210043 0.336036514225553
0.000535130091022708 0.00290437718852943 0.202042592314899 0.353652918175656
-0.00841377358293701 0.00169685737704281 0.011631366315379 -0.123341408178876
-0.0104021698228109 0.00967215888588108 -0.433141441293975 -0.272726643742619
0.00504737028008692 -0.00490297089591356 -0.570575391233696 0.44897602811998
0.00954434461593049 -0.0119154945736723 0.202462061367619 0.761063013900855
0.00985747361567853 -0.0130323876683339 0.585131305003575 0.124149775189454
0.0116333444476283 -0.00449276889046541 0.264666907057959 -0.286819519903074
0.0122518362138505 -0.00137891922417293 -0.0229001446911237 -0.296046977721546
0.0090161279437618 0.00715769869416922 -0.168202390770445 -0.0658136454678434
0.00562296774146081 0.00382167399669612 0.0861082508074418 0.0695194826801825
0.0295488992426265 0.0227274917850512 -0.177015517227219 0.10160764414229
0.0358785463643812 -0.00234498507533916 -0.360904180683609 -0.138484531046121
0.00863693400137148 -0.0277890000059732 -0.0490064698814968 -0.550461990730381
-0.00171035893353539 -0.00636676858417266 0.633008460943781 -0.354515223324678
0.00710269212383101 0.0183069260548264 0.625751075372275 0.290015083239296
0.0187542140548053 0.0474128347811448 0.215939326873996 0.348889089109501
0.0118086577645778 0.0465396667888855 0.0135486334293854 -0.115415424446438
0.0220967992711139 0.0239700890839711 -0.424896014237168 -0.286179403533634
0.0136420413940198 -0.0213414838474498 -0.598744387847156 0.415811220018228
-0.00536928172164383 -0.0287076629350089 0.15484080763081 0.770549822721708
0.00588494821009177 -0.0300425346050591 0.588167449905686 0.152451934554206
0.0289212984687456 -0.0152089575009718 0.28767594342423 -0.270172775109648
0.0262565373219373 0.00246440815284724 -0.0100280371468028 -0.293224657207661
0.00938634747477523 0.00831568185681288 -0.165246872050592 -0.0650469446834039
0.00572857987469567 0.00610650132311372 0.0855388009476738 0.0740022429790347
0.0400282692229396 0.0291909618768788 -0.161734241380245 0.129844889741141
0.0499963053239347 -0.00776780869343821 -0.366305881947365 -0.0869042746711085
0.00703665029476278 -0.0432014767339615 -0.138184146240718 -0.527956452204191
0.00391633139791945 -0.0206360484206561 0.543136587569658 -0.456526678752599
0.0313477714000707 0.0249264316040656 0.649980250546318 0.177837340358671
0.0420827526811887 0.0805375809773329 0.253707161674569 0.336166674623344
0.0311887751875165 0.0876788289145224 0.0231565759201291 -0.0895825951852609
0.048822925121026 0.0427917292477679 -0.389261876714053 -0.317661785872511
0.0270434389329447 -0.0283161328621257 -0.661042641947837 0.322568184966504
-0.0139007495527302 -0.0414137276338773 0.0334682059303432 0.787747782898504
0.000668081582392004 -0.0429949047815184 0.577764977462794 0.236235836804157
0.0421528479598252 -0.0233429382432423 0.336480808778783 -0.230422906333759
0.0368779346477293 0.00679265227368186 0.0217683062991687 -0.286918783730694
0.0101998442353928 0.00981818067463284 -0.158539673088312 -0.0686388760778402
0.00455152360327668 0.00563177305806827 0.0876949440703525 0.0763980926124277
0.0431184115290539 0.0312779031438368 -0.13866125737189 0.165408299607189
0.0574563126775511 -0.0124018824219276 -0.360829137376678 -0.0079996122304295
0.00408451205718414 -0.053115705610291 -0.250376524533961 -0.471166338399117
0.000286483234626615 -0.0337609861153105 0.395859768463832 -0.566536553017682
0.0479559220723104 0.0164583368820242 0.65617251849339 0.013389983893766
0.0657152596836028 0.0922343034467921 0.306271911727372 0.309741158001855
0.0448128897261869 0.115795858724737 0.0416568144827065 -0.0521375469584835
0.065689031358648 0.0658855715431673 -0.32898749415398 -0.355504551530655
0.0460831956122661 -0.0232598403049764 -0.725117454990481 0.171406393896385
-0.0124336093851204 -0.0480491780753565 -0.158655816114131 0.786047685957053
-0.00395272472186389 -0.049790970306387 0.529059228728702 0.362324482936957
0.0484337405845953 -0.0270473216111132 0.398856656142284 -0.16367272724501
0.0444268777229532 0.00978608015892787 0.0687490425798981 -0.273380328901688
0.0105310706789329 0.0111845077963945 -0.149473467361012 -0.0744677709354416
0.000717107187286811 0.0030524159014942 0.0931933328952227 0.0747632327179966
0.0398041436949549 0.0283875252726242 -0.108772721086747 0.2004574821339
0.0561880051758132 -0.013653260149088 -0.332327377563109 0.0788753665826303
-0.0015212936911826 -0.0530633197452149 -0.348357701005907 -0.378470158992325
-0.00784878429388968 -0.0404402309306664 0.214844395507997 -0.641792898018922
0.0500209003116196 0.00207839369209293 0.622160523209143 -0.158872510602224
0.0824403032482653 0.0840194948936667 0.364530445812078 0.271284785206526
0.050726711128965 0.12699161942522 0.0646234339975652 -0.00658602818042666
0.0669492827840786 0.0865233879289904 -0.247140603128817 -0.381611997158918
0.0601357539131738 -0.00639471701747853 -0.753838366423743 -0.0137068967534933
-0.00265898467950591 -0.0437227281121167 -0.377435387002881 0.726784327425159
-0.00516516138850925 -0.0495554810571061 0.431756777055942 0.497705436837888
0.0473503618447115 -0.0258161915254403 0.450230504299237 -0.0708262748248845
0.0447718204879832 0.0131459815938664 0.123480182937792 -0.252767057255557
0.00926058982754211 0.0138406502581382 -0.141762350146845 -0.0804992927244786
-0.00439964673532368 -0.00360268488872799 0.0772776309366972 0.0365804393966427
-0.0375470999995718 -0.00969550293810038 -0.147798600055715 0.13480889573805
-0.0341431583637465 0.0207210866309491 -0.350250053295347 -0.0210678551569851
0.0106795192422834 0.0318161876621095 -0.201223368564597 -0.481304687090484
-0.00524574011045847 0.0449454143020951 0.447820198270439 -0.52008755265529
-0.0710655130509546 -0.0027531995486487 0.678108388109533 0.0585964952854061
-0.0509704564383617 -0.0784279190794561 0.312264974027841 0.31796096489747
-0.0576646221734421 -0.0999611494849779 0.0540596736748358 -0.0532785859504965
-0.0846731277038984 -0.0408580373972431 -0.322452477090598 -0.332302079982434
-0.0294711987123219 0.0282598157908737 -0.688638961060549 0.224849559810643
0.0324240816397001 0.039527280672776 -0.0970871071721628 0.798765355951235
0.0136212821879996 0.0352454501061315 0.51535908235875 0.342488043036364
-0.0393738192827622 0.0285820979557285 0.358555447052801 -0.179695246722925
-0.0319548650372098 -0.0039451534906949 0.0557218432720387 -0.275431159552006
-0.00466502513986532 0.00594221304462033 -0.13403044817433 -0.0666119920488018
-0.00252691911721965 -0.00380145788341341 0.0745430108211197 0.0374314505521042
-0.024551633042447 -0.00556184549270009 -0.166403861295416 0.108547989831527
-0.0194720629090248 0.0136593716733798 -0.34962150931388 -0.0888183422819313
0.00888566298257261 0.0214322309028907 -0.0931725673449284 -0.526378357389712
-0.0152708440072692 0.0309294927514953 0.57163208518351 -0.41431996309968
-0.0635611508259497 -0.0152475053024588 0.660617774860381 0.202940948279736
-0.0340741655875388 -0.0682799770575475 0.256182888042896 0.337016354640944
-0.0467543204907833 -0.0761959145134412 0.032214270633247 -0.090196127143963
-0.0686247057568218 -0.0198678419180203 -0.381754109695546 -0.300220383052858
-0.0154262886936276 0.0252508509546595 -0.629041530871132 0.353821105495801
0.0323365235198542 0.0237901658722704 0.0700622639601551 0.787992598848462
0.0144970844233487 0.0217205985576235 0.556741166694483 0.227673927245417
-0.0243079198857177 0.0196802646332345 0.306745719798555 -0.23381527848354
-0.0180768123213806 -0.00423821346794754 0.01522874981289 -0.279236658999152
0.00183577981779183 0.00551043328804366 -0.139529558866458 -0.0604481175599039
6.39703424200372E-05 -0.00288308865783355 0.0746589253110551 0.0391025074697276
-0.00522751997472125 0.00172781567983254 -0.1762249046952 0.0895389628000304
-0.00281976636841355 0.00631410001357663 -0.341305841600905 -0.1351064062931
0.00773709624232138 0.00777274643167321 -0.0183540355314523 -0.544202682369922
-0.0152825705295986 0.018140976608042 0.643702228864908 -0.331348737201133
-0.0450535504267914 -0.0120768689560627 0.631403430341897 0.300503001819639
-0.0161703466494578 -0.0376179135891484 0.218840013765931 0.344585665523218
-0.0297993129492735 -0.0403969159472466 0.0159863779363269 -0.114684256840864
-0.0427330403170437 -0.00240798605613249 -0.42253655996011 -0.273722321729054
-0.00379879218471616 0.0127773651293162 -0.579341757939588 0.428894700285724
0.0227408251803225 0.00611670221071576 0.176992028644755 0.762296823735853
0.0131869282441609 0.00501840014123193 0.572870284709695 0.149457197827588
-0.00593144266488764 0.00720405603066189 0.27163772325534 -0.263151902735005
-0.00273566522871324 -0.00340775899819732 -0.00898008822325404 -0.278801376975092
0.00638934321066708 0.00575754622965884 -0.14388232856353 -0.0527081163271719
0.00465478096189311 -9.32693017263266E-05 0.0731553995286582 0.0433824308661904
0.0130986745374054 0.0096982907884108 -0.177692865502321 0.0861197997627364
0.015926186519097 -0.00140506363871359 -0.337769483184623 -0.149351742566442
0.00634296347565543 -0.0099944310903275 0.00196169459826158 -0.549499810087189
-0.0101324265812026 0.00762742763688776 0.660406459810479 -0.307374244369898
-0.0195101146390819 0.00346913601487482 0.617011661137743 0.324052379817466
0.000418334268284 0.00435123548548782 0.207324727133996 0.344741867976342
-0.00865965083947131 0.00301849187791574 0.0071714187557648 -0.12272398119248
-0.00984460323602621 0.0116168771378714 -0.435442129290329 -0.264455688903854
0.00398348810885826 -0.00346432517923556 -0.564835113830962 0.44986939944255
0.00796960181265891 -0.0113898109338146 0.20664115030852 0.750096333542677
0.00778015600790862 -0.0127980535888083 0.582342086877259 0.123848177772957
0.0101336647928183 -0.006169714627207 0.263962346099843 -0.271104684754772
0.0116409485871098 -0.00270821347700661 -0.0177800306269848 -0.276669063723182
0.00833679159514374 0.00584442409738267 -0.144195448443796 -0.0482045207825798
0.00756720647360643 0.00291607033733752 0.0715609216268547 0.0485939659077923
0.0309941002947061 0.0168419632195777 -0.172668258012336 0.0975553937529104
0.0321757733999234 -0.00827242335872822 -0.343462176364212 -0.133756219588075
0.00390330996022787 -0.0273701056789759 -0.0399662586231072 -0.544685095216116
-0.00227719447600765 -0.00308439995629459 0.62692272480025 -0.356837796055221
0.0072794009227462 0.0203787763125408 0.630966526617461 0.280684630177618
0.019951203797631 0.0492973908948164 0.222008237330276 0.340307590068296
0.0140797849803952 0.0485854612155637 0.0099118196653989 -0.115153355728466
0.022283356116515 0.0252425015035367 -0.430069927659643 -0.275244054056475
0.0133011607594555 -0.0174672079278513 -0.593846092067227 0.416672952152594
-0.00636641862310965 -0.0257355487821387 0.157712204644399 0.761706172288357
0.00115701070630293 -0.0286892353076298 0.583214603693908 0.153159717463104
0.0243141114126198 -0.0178746771361405 0.285303988899927 -0.257322556648049
0.0255886202492315 -0.00227223739668865 -0.00565037286293558 -0.273288033619711
0.0105826332567796 0.00558411986830176 -0.140875398317043 -0.0482457519386027
0.00854409486598213 0.00459443019761851 0.0703075663413545 0.0528170213392393
0.0422180592523953 0.0200952042531481 -0.159464510910194 0.122852058294917
0.044864221247005 -0.0156080263144056 -0.35183668514709 -0.085025182579637
0.000425826009331722 -0.0416539355383924 -0.12845018311024 -0.524024440873543
0.00149162297889189 -0.0168628100573904 0.539964059302314 -0.455811717612303
0.0316578946931848 0.0274082220131395 0.65246717412336 0.168717836805293
0.0438723129917337 0.0808877548756317 0.259170876798886 0.326972764156089
0.0341717853106003 0.0877346349857183 0.0204992606998373 -0.0896123523448251
0.050812325304953 0.0441414672683469 -0.394771182983297 -0.30778057980964
0.0281209271776984 -0.0246011749289126 -0.655504179827188 0.327381651902945
-0.0146047050003316 -0.0370049012843917 0.0347727790465238 0.778291319793839
-0.00665994868873166 -0.0405232092996316 0.570254374477374 0.236540810048765
0.0348167729264867 -0.0277916671182189 0.332369482397657 -0.220469261900922
0.036208399602867 8.57254357237306E-05 0.0252807412166027 -0.269861187950251
0.0119532545152935 0.00781604373242346 -0.134852005939413 -0.0521652022125172
0.0079950215921927 0.00428084468543876 0.0723970213596878 0.0558277794895225
0.0463987759637343 0.021999958966713 -0.136498687325827 0.156410922343477
0.0509660481085674 -0.0204021032655871 -0.346730619830556 -0.0104210028462787
-0.00420966366435524 -0.0503559212430913 -0.243517312475312 -0.468617052524725
-0.00146033462296208 -0.0290998413661685 0.390967847378273 -0.564931381463683
0.0478028990059149 0.0197276545122782 0.655562759601813 0.00765374503014329
0.0670942169630706 0.0918989923205946 0.312495206860774 0.300453666964434
0.0484556599988156 0.115018960602535 0.0396289378236905 -0.0513377882429372
0.0684491447803992 0.0668739894622462 -0.333760970259898 -0.345971027697522
0.0474559885016311 -0.0207944886809299 -0.72161987055049 0.179436976492544
-0.0131354237751545 -0.0421878538314664 -0.15322334262135 0.777520025286713
-0.0105557710667705 -0.0462426253829906 0.520077139199997 0.358177469347003
0.0402063322809581 -0.0325310663067877 0.38796041106115 -0.155797867411958
0.0431729170567761 0.00186566619678293 0.0700109688442731 -0.260341581377455
0.0125978513201212 0.00893073183922793 -0.126555265447292 -0.0550393636705983
0.00500435617791691 0.00337808190309917 0.076507012378994 0.0549138074699588
0.0420145512049712 0.0200372437680629 -0.10650149075542 0.188438984268715
0.0497940074554585 -0.0219945515699662 -0.322018013058361 0.0708495827936924
-0.00948396193261646 -0.050322462862021 -0.342327344701839 -0.378315793282545
-0.00968090234840041 -0.0349482207460195 0.210027567133916 -0.636432107969849
0.0502797825051687 0.00469883732428137 0.620397525188721 -0.1639085626849
0.0841124709891662 0.0825555034593669 0.36796508178962 0.261589030909553
0.0556058601942275 0.126001173991033 0.0639793101681147 -0.00733069479225989
0.0687673727302643 0.0865171707841949 -0.253277138138098 -0.372530274009013
0.0627207686435771 -0.00433122929166371 -0.752435236346058 -0.00374983700764321
-0.00295058562102668 -0.0382004369479533 -0.373512047708777 0.725359201763986
-0.0120822536236116 -0.0460141173609929 0.421734558291146 0.491680722927276
0.0371259438909043 -0.0313047720085981 0.436567765525573 -0.0672798831966469
0.0433113692057579 0.00435779876827485 0.121268842865162 -0.240335927689098
0.0120106158753754 0.0110245835391171 -0.119220442757136 -0.0609180130974943
-0.00575487168823212 0.000193006522904519 0.0472993258570765 0.0205468354653185
-0.0358862292638345 0.000714159650040634 -0.148989574151467 0.125487525507457
-0.0248864478130023 0.024292648745148 -0.332862750430487 -0.0284013399432309
0.0144542759558225 0.0279898299865881 -0.188363913670676 -0.483218893644918
-0.00626135601089189 0.0401523568962844 0.444077893259819 -0.520076756757483
-0.0738469101948033 -0.00203505056497918 0.676606577955035 0.0458038202682276
-0.0547000804838712 -0.0751787871000022 0.314566236948273 0.301140048235044
-0.0604555514742237 -0.0949618968355394 0.0491722396224679 -0.0566529846128742
-0.0867910124180184 -0.0373645989482937 -0.327537255981395 -0.322186756382991
-0.0320427817881084 0.0271666698046951 -0.683731481622146 0.227930784170902
0.0311161899772199 0.0338806597206836 -0.0951292196845253 0.786115456076658
0.0207155127210132 0.0291146898275171 0.510441490992909 0.344136729007563
-0.0282468438919509 0.03281549793443 0.353958431716364 -0.162241039872184
-0.0303172170529227 0.00543311644099683 0.0624580338666847 -0.254525401317006
-0.0068232824354015 0.00972740872270218 -0.0982811189909727 -0.0531370778116156
-0.00421843769283411 -0.0013983741524615 0.0468240899038349 0.0199187409057536
-0.0232258829294061 0.000807991834010791 -0.164594842624046 0.102069291160602
-0.0134520038056664 0.0159108848278823 -0.327217490835521 -0.092455639120413
0.0110037037992499 0.0181739447676018 -0.0802483379048951 -0.528924528764834
-0.0154809046702936 0.0286685792985236 0.569026025545991 -0.417899790243194
-0.0653649719057183 -0.0139575742269351 0.662167470986598 0.189140169123832
-0.0366874808510523 -0.0646154255711399 0.258991194627306 0.321514143970186
-0.0486784624009265 -0.0711481579889095 0.0271945994027778 -0.090066280459028
-0.0696835777056261 -0.0160791772366423 -0.387126934041634 -0.288820669425208
-0.017380472969465 0.0237965525990188 -0.623060344149128 0.35424984964274
0.0308064993303737 0.0190434547667388 0.0733960853458767 0.774619034273131
0.0199937954792042 0.0180381061265992 0.557023047561242 0.229279564381634
-0.0164143794432605 0.0221105195118394 0.309286923554591 -0.215555800276422
-0.0168597388025784 0.00213283421166708 0.0258118868315258 -0.258601686105578
8.48223947109376E-05 0.00842681313276924 -0.104551440546914 -0.046508361888032
0.000725248106875194 -0.00153829923033469 0.0462042998202588 0.020343351699511
-0.00520950833484868 0.0026962733316888 -0.174417171532236 0.0857329535645196
0.000274563888748552 0.00652851216558023 -0.318014062714563 -0.134956800067525
0.00700870816297332 0.00516692687541481 -0.00451956010037814 -0.545970348998795
-0.0170834678190493 0.0186114761331716 0.640133374772225 -0.334122445072007
-0.0457048628982159 -0.0112075728878657 0.633168872373903 0.2857189450616
-0.0171534510634548 -0.0353198842613058 0.223988382831207 0.329192534723337
-0.0290163928883344 -0.0361460878882381 0.0091749242111374 -0.113008655249848
-0.0421976040638424 0.000727276071768426 -0.426720095772928 -0.260721893352545
-0.00496656576715086 0.0139366703070004 -0.572898436370831 0.428766899304283
0.0214529738277017 0.00526847997406105 0.174225240585875 0.751005948454679
0.0140884011593297 0.00323210643872913 0.571773552700663 0.152947263851048
-0.00414119352547948 0.00814695930396342 0.278060763252475 -0.245569231150241
-0.0027776549144482 -0.00104553847293403 0.00291184478117645 -0.258356135190305
0.00521241170141494 0.00666578856872583 -0.108310593886704 -0.0410974320890754
0.00495680254205533 -0.000661579418386056 0.0455102696100523 0.0242034948238515
0.0134582835051273 0.00675442918729833 -0.176050721014114 0.0820217009573349
0.0136153750404031 -0.00295247150465927 -0.315252537883949 -0.15121329968808
0.00235067571684876 -0.00877481865885622 0.0137610523763657 -0.549143210824051
-0.0103877871686597 0.0097283798668587 0.658384726957174 -0.310690313013982
-0.0198636793912496 0.0056092243896693 0.618041551544081 0.312477816336993
0.00164124108869498 0.00676019677833771 0.211824215221505 0.330254275897908
-0.00681385710532656 0.00586109479910202 0.00185941413707491 -0.122082289667977
-0.0090635736637623 0.0141529495443334 -0.441192775829448 -0.250877264969412
0.00426611187167397 -0.000478895428233878 -0.559473502076324 0.450510437609255
0.00718029919045529 -0.00772570627423626 0.205374391085477 0.736696303851286
0.00576415192760726 -0.0119305617964757 0.57975438248774 0.12600786597053
0.00782276043178125 -0.00612263890246366 0.269243189307907 -0.253710184315429
0.0102396951723459 -0.00450452090841663 -0.00372256444483269 -0.256142235659182
0.00913748367988324 0.00459130030177033 -0.108051588651416 -0.0388130016362306
0.010834135223836 0.000670349016090813 0.0435560282844904 0.0294721619643796
0.0306750192956383 0.00868538266763915 -0.17219013242285 0.0917085110108243
0.0262291070594762 -0.0124636044509953 -0.322343152655642 -0.13497790844158
-0.00111337396458936 -0.0238160555878728 -0.0281276712692003 -0.54602650477667
-0.00244258298441929 0.000286441321416954 0.62324690742446 -0.358467976295457
0.00777334259994103 0.0233847545584956 0.631926991301792 0.269135246786726
0.0228862969765272 0.0503699870771312 0.225552121067698 0.326183836508847
0.0164181362126641 0.0490674153706839 0.00364609728626882 -0.111279837202281
0.0246970903214057 0.0280297802520537 -0.433437206598097 -0.262925681029649
0.0151500655685593 -0.0139220146294417 -0.588437274227962 0.418520765029082
-0.00694653859070624 -0.0199933591951414 0.156972370469741 0.74886327395526
-0.00407554616169738 -0.0239400519284166 0.579468950088856 0.154039989280724
0.0172023010135244 -0.0199582625774114 0.290305980989827 -0.240317584702747
0.0227802818601601 -0.00621035275217917 0.00768344552570432 -0.254043747913823
0.0119978132264833 0.00279049450542485 -0.104146535843229 -0.0380323573547373
0.0132321132895501 0.000932396068881514 0.0433077389425353 0.0343898656224268
0.0413991760415703 0.00972084643854268 -0.15961351071272 0.114866480247136
0.0356688721478554 -0.0214951530964055 -0.33224384520586 -0.0904818524365459
-0.00629849779861185 -0.0364988259807796 -0.118725784086614 -0.525598610614802
0.00199547339164568 -0.0108559156534356 0.534132104511802 -0.456741339057184
0.0336413856862625 0.028889669838761 0.653325834268746 0.158413827078039
0.0460987862480414 0.0814336801103704 0.263880354206107 0.314704196856968
0.0377258217203169 0.0870152028602569 0.0163999428681206 -0.0878764319904376
0.0542374814776286 0.0453026497619714 -0.398690447298822 -0.294712567025362
0.0308791593604006 -0.0213387293183387 -0.651752042450598 0.332000534471549
-0.0138261407924464 -0.0300330134967856 0.0358915317072212 0.770396152109685
-0.0121849304427126 -0.034340274629838 0.560709538285683 0.237548712491595
0.0240683842184861 -0.0310588406919662 0.330420783693915 -0.205856379371233
0.0322490809265073 -0.00779409387281558 0.036963088545158 -0.251100410784488
0.0132408306456112 0.00264911190959385 -0.0984228173132674 -0.0394913858303376
0.0129063145907327 -0.000196385196536488 0.043465920642903 0.038552230195197
0.0447678470880063 0.00927423827974386 -0.138983261780879 0.144343276524789
0.0395351964692017 -0.0272964745009063 -0.332217759467464 -0.0186251107930382
-0.0123088415692052 -0.0440291208552821 -0.233889969365265 -0.470380283186636
-0.000355142183566505 -0.0221532730859087 0.386000947107353 -0.563385935523601
0.0505548796790014 0.0227066359423261 0.652578664607484 -0.00072967406128842
0.0707977198287184 0.0914273646671714 0.315688233954812 0.288508550863747
0.0528763602050586 0.113405781512305 0.0378947986370864 -0.0507282083000845
0.070934889563553 0.0660033418561844 -0.338097854954837 -0.332616839263041
0.0494231131034719 -0.0178106561800161 -0.718090891110213 0.190285599512959
-0.0115157505572682 -0.0356588099238052 -0.153120550273457 0.773849203918736
-0.016867834632187 -0.038910154806241 0.50685720241059 0.361984730797901
0.0263386405624133 -0.0356839422150133 0.379310462643995 -0.14315498983076
0.0385259520431342 -0.00763287556624867 0.0783246020903398 -0.242056159916175
0.014548416523631 0.00388201435309615 -0.0901292829841256 -0.0429578210494248
0.0088351004299792 -0.001356742097666 0.0473813024664805 0.0403490721085776
0.041309950277439 0.00799707942751608 -0.112471543265727 0.17276155370335
0.0377525273788005 -0.0299045035566918 -0.313644179109486 0.0588685647171882
-0.0182463282261268 -0.0434423342259893 -0.335582298962328 -0.383005676345456
-0.00935367240231432 -0.0277064579920398 0.206274036027198 -0.631417848529402
0.0524751177945052 0.00771111011959404 0.617521503376267 -0.166695302529044
0.086338462522873 0.0810577602441029 0.371371008945905 0.250504283436078
0.0587253659965325 0.121659412727576 0.0638155096834147 -0.00807747459396817
0.0727350204259523 0.0845317240467016 -0.258214338018798 -0.359132650302607
0.0660165337087147 -0.00249947972164134 -0.749259178007539 0.00854658053565377
-0.00137001565037499 -0.0328929344027049 -0.371776779496539 0.719513593121615
-0.0174145607110059 -0.0377454540547921 0.407893572281714 0.491971761535488
0.0257391812780792 -0.0335577303053884 0.4212712127451 -0.057059719818704
0.0386010240078909 -0.00569742573546795 0.123365497209666 -0.226244114009647
0.0133419049002136 0.00568274412803083 -0.0834671187347848 -0.0472427407177478
-0.00571367176329605 0.006721356896052 0.00667772763651471 0.0180930122550458
-0.028821207846343 0.0105244117155828 -0.153658715328646 0.118563895981358
-0.0122471607236857 0.0230558632083804 -0.316799732193099 -0.0458836409587531
0.0174478068171845 0.0205294845484246 -0.176805018844643 -0.494890738238235
-0.0104598303420011 0.0365082423322629 0.443457754821467 -0.52112454835273
-0.0784591388166193 -0.000689446895473438 0.670353348532738 0.0316494548942069
-0.0551060609715717 -0.0693388903552762 0.310252775749372 0.280229245575673
-0.0602490790366475 -0.0878014618729891 0.0435197983985192 -0.056500022461664
-0.0874704055634828 -0.0325851757203689 -0.329724413224517 -0.308259908664697
-0.0360456730081115 0.0271009954191326 -0.677000842320475 0.231297888500045
0.0266228519555458 0.0281336527267057 -0.0951501072178918 0.775930029240364
0.02550786085669 0.0204227199006056 0.509910336020568 0.351503880767854
-0.0134554268521714 0.031068502839109 0.362045847223855 -0.140529681927642
-0.0216845715450125 0.0155474427792749 0.080852162667914 -0.235874926772927
-0.00515711734554639 0.0151555007945981 -0.0532100988906851 -0.0566457765531846
-0.00294426900907499 0.0024231582862834 0.00554958817870694 0.0157939823585285
-0.0183307979371364 0.00785127390912917 -0.167980823823541 0.0963314936342714
-0.00518417622925378 0.014363471421788 -0.304770606959941 -0.108200749626872
0.011449741954715 0.0133999596022383 -0.0683401128401606 -0.538362680385557
-0.0190524374537651 0.0273189521665212 0.56813073391398 -0.420564068150653
-0.0674533626804869 -0.0110799842335653 0.656692178560739 0.173795287439385
-0.0366808618515244 -0.0603143043257344 0.256428806008392 0.301744355098335
-0.0472610392680677 -0.065969586297603 0.0200802641596448 -0.0888542738907761
-0.0686809177499631 -0.0125458502741296 -0.388273036530445 -0.274261922600299
-0.0192866504615032 0.0255040000467541 -0.618142814746222 0.356670198004042
0.0269460551189446 0.0165631070112932 0.0709031208871221 0.761846061679705
0.02173053783465 0.0106518898870542 0.556436246990937 0.233369062884912
-0.0060715226767069 0.0195473856432817 0.323231056251175 -0.197548565956194
-0.0118026455458018 0.00936215307471722 0.0493278805690983 -0.241469614590018
-0.000664921206514006 0.0116719279246214 -0.059888007290495 -0.0514801602833667
0.000206481709845405 -0.000480674471046693 0.00474539225670286 0.015517033803296
-0.0043158770540059 0.00459553023030306 -0.174779800878858 0.0797887230857255
0.00254815365532047 0.00518223460423321 -0.292623379954555 -0.149016261346984
0.00560893663067552 0.00363240149334204 0.00862895940689932 -0.555344385582503
-0.018272294006135 0.0191261643468547 0.636606114209394 -0.336535391690735
-0.0469024257957659 -0.00779218435362969 0.628524750465501 0.268519593432159
-0.0160746466172269 -0.0312538289448152 0.221077731662001 0.311804199889773
-0.0274895731960406 -0.0324527493483115 0.00360785278442992 -0.110467362871367
-0.0397052340183129 0.00407179874367979 -0.425910513131374 -0.245408216356571
-0.0047307418806429 0.0163579056237434 -0.56904229391002 0.427163534029646
0.0191474690049058 0.00507741204020057 0.16960657070424 0.735747218279398
0.0139218912911414 0.00060302826094832 0.575441734348108 0.156315817936603
-0.000372462245074853 0.00801656573621766 0.295109969115133 -0.228925578694197
-0.00158580766767471 0.00195632303365863 0.0282833134427913 -0.24182253117584
0.00547590837949987 0.00716391711217879 -0.0631522592396295 -0.0488703945200738
0.00695532193204085 -0.00228623047826443 0.00451579710153964 0.0181247877036542
0.0111131068626405 0.00268074487964921 -0.176485227171067 0.0768273122569024
0.0104152371332701 -0.00460708861652502 -0.290354991046558 -0.162944451958843
0.00028746410243647 -0.00647870885964173 0.0277030649445897 -0.558449859139319
-0.0103740342189779 0.0123749578627346 0.654008731121953 -0.313210595007192
-0.0196238115723458 0.00810746404153124 0.617235589516107 0.295691806742703
0.00271882330634509 0.00933220402009085 0.210608514212175 0.313265096903177
-0.00342535994662366 0.00775219746328589 -0.00366584048538649 -0.117880317436425
-0.00506574497948568 0.0165772427256679 -0.438480065662459 -0.235666435597871
0.0059668707388277 0.00224585838805678 -0.556251071722721 0.450936502746328
0.00761869854416859 -0.00615342135927528 0.200423681641867 0.724702981904525
0.00430200469414227 -0.0092056644757851 0.580513824352204 0.128709986539316
0.00481211343327214 -0.00556338231696823 0.286379147355869 -0.238946396329499
0.00835110492572213 -0.00443345349425205 0.0227014807436292 -0.241907871847304
0.00836996899002744 0.00238374720417317 -0.0627816170658042 -0.0458851980723817
0.0113192665855206 -0.0041356219271841 0.00336899757237036 0.0235927281602327
0.0254195143414654 0.00167410195943652 -0.173453730011601 0.0854927482535917
0.0177505263435155 -0.0147142005643055 -0.299424199534884 -0.148956561661609
-0.00549673514640887 -0.0175368119097626 -0.0141964637871323 -0.555157974815308
-0.00107253051070479 0.00497172864831843 0.619565553786934 -0.360491544797079
0.0100577375579949 0.0256122973351846 0.627885026624546 0.25203301621553
0.0249063129759603 0.0505376029538389 0.224819960795339 0.309693509299379
0.0212525970113914 0.0495043113333035 -0.000419873211323955 -0.108792507284989
0.0298777916834619 0.0298903137125927 -0.429621602771659 -0.246410951666444
0.0181202565949267 -0.0104194866348423 -0.585041651203657 0.420053509871873
-0.00443214151233072 -0.0152738033551393 0.148612345738309 0.738795117491403
-0.00665975930045036 -0.0166981485088062 0.577098113261753 0.158229637101513
0.00880607922236438 -0.0182054667878929 0.302391273234431 -0.226900433764475
0.0169117676361595 -0.0102242741699176 0.0324713615592838 -0.240622558123911
0.0108592769359603 -0.0008858384593685 -0.0581909386331403 -0.0465436513487185
0.0151552463186263 -0.00524834664289041 0.00303685201841376 0.0289860973177485
0.0349274372395399 -0.00113642261200629 -0.165090475227602 0.105365966741448
0.0221586943241987 -0.0224648957263252 -0.315425741092709 -0.104436308387618
-0.0120199649560352 -0.0279944486553924 -0.107873289970353 -0.535526651238106
0.00476877936704592 -0.00504715068467982 0.530635020955893 -0.455953243760948
0.0376896623746441 0.0312512111645794 0.647673046486776 0.145432916035602
0.0492862014851837 0.0795561367503601 0.262037568876909 0.297586790202288
0.0415472007025382 0.0840103095297 0.0133991803420109 -0.0834311512860971
0.0578999697149534 0.0458414029491231 -0.395927670223767 -0.275798283899451
0.0357189190144811 -0.0189238146693267 -0.644960235524652 0.336451650068828
-0.00955284119923323 -0.0232823683472864 0.0315291037936287 0.762399263180091
-0.0165954373642045 -0.023099312155513 0.557040793335013 0.242645498257884
0.0107331626354683 -0.0270598923770107 0.337809208530647 -0.190775791904327
0.0234520603240251 -0.0148738716380032 0.0582316312599577 -0.237097014827345
0.0120530553364442 -0.00315919338790537 -0.0522358700146601 -0.0475706619526351
0.0148505960290781 -0.00701862765297658 0.00413180165466479 0.0346902537430646
0.036860351747724 -0.00317728505853268 -0.147367135771103 0.134008981406512
0.0242404219491829 -0.0295749339575052 -0.323808570144572 -0.0376852547258696
-0.0179420403439785 -0.0334254998691621 -0.225540026289704 -0.481773269355987
0.00382751735179405 -0.013969821301447 0.383536630720263 -0.559276302543205
0.0547366540240551 0.0236346011484643 0.64714034668363 -0.00969966419350586
0.0738570274972197 0.0886102397822376 0.313619781900273 0.271847328839692
0.0562827036957539 0.107706826660294 0.0365936314563104 -0.0494163149343325
0.0757341876808601 0.0641244468573724 -0.336494944004259 -0.313476957420444
0.0551523505745487 -0.0160200597252099 -0.709702991877666 0.196927435571276
-0.00677384434929795 -0.0281966281361881 -0.154529139019023 0.769110970230833
-0.0206320833965955 -0.0260098090028307 0.498393793811449 0.369127999524211
0.0109586949279835 -0.0316241941591063 0.379829871000323 -0.12601774724751
0.0277003168131699 -0.0167165937393605 0.0968258640050689 -0.22976467193067
0.0131903469161071 -0.00281186121564317 -0.0438242358271015 -0.0493233293565188
0.0118313411904 -0.00709634093047251 0.00813209160265228 0.0375139426556314
0.0335892022322741 -0.00445457128903565 -0.123762756872437 0.161702186909875
0.0218065120784789 -0.0308942046535458 -0.311237939601403 0.0386483798558996
-0.0242136141782786 -0.0321651377737603 -0.332729590498955 -0.392138682923768
-0.00493023844322086 -0.0202059918223258 0.202684687105381 -0.625726685751602
0.0561727044809944 0.00914346448475987 0.610843272032766 -0.173018594311628
0.0894768987763755 0.0786916164572532 0.368638142271571 0.235150589469245
0.0623523610094936 0.117652511110966 0.0622097996005584 -0.00934001348282464
0.0764203799985866 0.0815585578432422 -0.258073823861355 -0.342858660653007
0.0703489554310083 -0.00218651378774397 -0.740392327947745 0.0206089007540707
0.00369844973306183 -0.0275634391767851 -0.36989797278362 0.719160706483222
-0.0201837944628686 -0.0267995772923523 0.393162011860371 0.501070458123152
0.00978709236583511 -0.0295044384082039 0.410487006457572 -0.038299941594644
0.0281690543630533 -0.0136444932219614 0.136991520437814 -0.212573443046549
0.0134621295634111 0.000148226851272189 -0.0360562718775746 -0.050486931184428
-0.00138642171696885 0.0105783242030685 -0.0338952435822169 0.0381006794585389
-0.0162459256054642 0.0160787563595785 -0.164234195746377 0.113970030532634
6.80468048193253E-05 0.0152764756474284 -0.310780074293409 -0.0707301013846619
0.0162512898851794 0.0125317235822892 -0.172790355900463 -0.512338328218871
-0.0165571064634822 0.0345041382120131 0.442167544128099 -0.523643801721078
-0.0806590555678997 0.00385274140899593 0.656948013955535 0.0204529673103325
-0.0541533630745654 -0.0643146732187243 0.295544638905386 0.265748369375722
-0.0569659465419551 -0.0817679606372693 0.037108671261922 -0.0538851736782162
-0.0858534965933418 -0.0287895041718068 -0.324373698704511 -0.294236984200477
-0.0398889529109264 0.0295498284123108 -0.671301175001443 0.233034553723765
0.0198032239347204 0.0245912596780546 -0.100974893003845 0.767054067114345
0.0245746917238844 0.00856379750462045 0.513404604642785 0.356630919743743
0.000751100970936857 0.0208210229752522 0.380226200688171 -0.125495465705989
-0.00933417107782275 0.0206722207288864 0.110603288677189 -0.22936367785309
-0.00345085783824624 0.0207789388534147 -0.0123458116306529 -0.083903125365404
-0.000329938242257087 0.00573449405189845 -0.0358384918370698 0.0334758701008961
-0.0102569998967597 0.0108952901179217 -0.173534827813205 0.091523438621579
0.00242936789170111 0.00952359653369091 -0.293347262659121 -0.134009655749179
0.0101885228976561 0.00897114958717772 -0.0610138522779402 -0.556051700309214
-0.0229328273803745 0.0277862959820557 0.565217898444677 -0.422635348533834
-0.0693557030020539 -0.00729715139167233 0.644408055913008 0.16025105242554
-0.0344789446610871 -0.0553133244648592 0.243552369921985 0.286162894016023
-0.0428053733623767 -0.0615650116256677 0.0161105133527519 -0.0838262640689944
-0.0661247943718354 -0.00894221225623957 -0.381115970870598 -0.257927966290532
-0.0211258951444385 0.0276886262751566 -0.61266554342499 0.354438840015584
0.0218477476662235 0.0157207367726597 0.059040821693891 0.753035796372205
0.0208796653228391 0.00373093056448019 0.563326500315344 0.236533105158996
0.00184702396103371 0.0131554245602627 0.347912310302261 -0.18746614249782
-0.00350263183983057 0.0129177072979524 0.0806530504420603 -0.238509729453229
0.00164651689020473 0.0147981536982294 -0.0191000427984352 -0.0827994823396539
0.00253916182056302 0.000448492785180008 -0.0374895897691221 0.0319149343316106
-0.00170597195764153 0.00556668043133841 -0.179050046420881 0.0760214191921621
0.00418661136859986 0.00259649935723644 -0.277278335937132 -0.175509986771779
0.00437415295804905 0.00366175091378271 0.0143594879728805 -0.571614905794021
-0.0200775601630826 0.0199838836740123 0.632714731165301 -0.338435885563791
-0.0458675311154689 -0.00485458498753223 0.617378514951933 0.254553638221464
-0.0130163958858989 -0.0276151534220478 0.209220506009416 0.295669483157014
-0.0224040854273763 -0.0302856471416737 -2.94176768962021E-05 -0.104221819131116
-0.0367604196232125 0.00571454415210841 -0.419206280895209 -0.230221123637052
-0.00496776204992991 0.0180934670496143 -0.565873418427338 0.427807781781456
0.0170938933739679 0.00531918983106378 0.16057489253423 0.728925392334608
0.0136528652258297 -0.00167946541511395 0.580929576142524 0.155831954315167
0.0034322046419794 0.00471672620987555 0.319816419849397 -0.223617979551341
0.00169956844827277 0.00439284513702262 0.0613423967071613 -0.241425301821654
0.0038716620990953 0.0086329408348967 -0.0240212553977241 -0.0803235232366313
0.0068868544211812 -0.00456673129149239 -0.0386790364898281 0.0339103611951547
0.0085904308700406 0.000211116460064072 -0.179650126428521 0.072320860392186
0.00627745272728327 -0.0035176578984501 -0.273348747376775 -0.189639626075229
-0.000335644243650724 -0.00217651770786882 0.0358773470799119 -0.576317652321966
-0.0090244373015362 0.0145413834863032 0.649028099355742 -0.315118677649001
-0.0169353340226414 0.0101182743064556 0.606498382360394 0.279541994533553
0.00723619224945172 0.00954821522965437 0.201003377607414 0.297659591074703
0.00119764542675579 0.00768650150310351 -0.00632083876567114 -0.110657999645335
-0.00111607530210556 0.0174351702296991 -0.431027588410007 -0.220652602637928
0.00924382145361655 0.00403922383647462 -0.549951947445156 0.449596529191114
0.00837167160357459 -0.00268423376805328 0.187728365096664 0.719674463878465
0.00465752855489745 -0.00584567377747241 0.586675184083392 0.1295300038818
0.00304449122857392 -0.00419338489469902 0.311863990644926 -0.235540838065734
0.00579760298993664 -0.00415499030986917 0.0557465214171755 -0.243039396527501
0.00657185331557063 0.00162183071296529 -0.0231467756635454 -0.0789563622096678
0.011364137393728 -0.00972084786954553 -0.039237866329065 0.0393696553222944
0.0171367583174248 -0.00397909954792953 -0.179495950428727 0.0814148073596522
0.00785659105712832 -0.0109141717370531 -0.285211544862497 -0.175292542117501
-0.00720452770423221 -0.0100890386705977 -0.00928736033244189 -0.572058404386428
0.00313811342040641 0.00896795074390377 0.614794185869734 -0.361550443379189
0.0146104155061677 0.026100077136689 0.616955871510912 0.238712917949465
0.0283013187704909 0.0483292655809069 0.215332091744351 0.294837956047614
0.0251152156809152 0.0460259870474432 -0.00233793953121477 -0.101366802432917
0.0336866413847632 0.0276234463287643 -0.42018546287735 -0.231102935960828
0.0239635529049191 -0.0104092022005145 -0.576908594919244 0.424674450721195
0.000738874687105089 -0.0113051941535672 0.141082570849239 0.735672221914881
-0.00619029692882083 -0.00842108582795955 0.578955219253908 0.162176665631559
0.00100378687767795 -0.0111330911356059 0.325272814744366 -0.220553931380826
0.00934075419156308 -0.0112812058031857 0.0641226040866788 -0.24256552004415
0.00746987937670327 -0.00422741851460185 -0.0192803977879007 -0.0795527431907561
0.0129264435305553 -0.0127769733483788 -0.0398585861638744 0.0464332075922647
0.021467389804103 -0.00887853125720639 -0.173279458410239 0.102041402138039
0.00794592271381947 -0.0183608960783425 -0.307056930414182 -0.12944491436435
-0.0119273797501179 -0.0157183380603425 -0.105051099995619 -0.551057717662574
0.0111164897335077 -0.0001591007372506 0.527070501603297 -0.455113609414036
0.0422441842911706 0.031799910038798 0.637737832177121 0.131702181937314
0.0526690546517197 0.0759851759696849 0.252971314324125 0.282149972386394
0.044720336145542 0.0789583768101445 0.012263324967004 -0.0792229227936147
0.0630434206874598 0.0422370141766902 -0.385090689184022 -0.26144743691659
0.0425317438534504 -0.0197305849876568 -0.63810756348838 0.341209810110063
-0.00225699538269688 -0.0190242693372075 0.0229623912951927 0.760970565177642
-0.013827166175206 -0.0104726942280817 0.556025480247203 0.251867929652194
-0.00116232866682031 -0.0161924774055489 0.355607257541815 -0.180605657149927
0.0118968564262414 -0.0163391940223522 0.0891023198405632 -0.239261698645677
0.00825069683163151 -0.00726950238900954 -0.0112193762563228 -0.0798261272466037
0.0138557158776806 -0.0159699874204919 -0.0367530254184271 0.0526470436565336
0.0231176579286031 -0.0122135027431531 -0.161193773254849 0.128301454694811
0.00684575623681209 -0.0223553185232225 -0.323210335196601 -0.0597246218494845
-0.0179137931083341 -0.0196763363758556 -0.227318983687857 -0.496181213224969
0.0105811178944349 -0.00965910716312058 0.382108206875168 -0.556519851513059
0.0593222978931575 0.0230330597142856 0.638678554022158 -0.0188780609600435
0.0764390409106296 0.083943032591108 0.305138979805421 0.25750887040292
0.0585547674635157 0.10200082054024 0.03506427443835 -0.0469786457756046
0.0789619223434877 0.0602308927557667 -0.325054161545186 -0.298193766640685
0.0611324488484162 -0.0180921619343368 -0.695642989763834 0.205477543415538
0.00300020199692142 -0.0250477384233229 -0.15960153143638 0.768291369550685
-0.017051879827062 -0.0134369736320989 0.497415407710309 0.382046847642228
-0.00154122691283477 -0.0188809113579157 0.389812000911597 -0.108849421010825
0.0130281702228414 -0.0183163746429176 0.120942735558074 -0.226649070849084
0.00796863897537833 -0.00817332116917516 -0.00302756331591805 -0.0806689070266097
0.0107280635448832 -0.015839897793797 -0.0310529914105287 0.057844399766975
0.0193084380908674 -0.0130165175612934 -0.142684144222051 0.156637521810009
0.00417730925532741 -0.0239871173902003 -0.322415243259743 0.0204020980151474
-0.0225889384494782 -0.0183675773121372 -0.337499035954647 -0.403478450897287
0.00392019390407878 -0.0152362417622268 0.205573542839098 -0.619982148677725
0.0609915481340005 0.00847922776452111 0.603073767236978 -0.175957204190444
0.09103837481562 0.0731640064851141 0.35919902180076 0.218654717718408
0.0628131156164353 0.110959672049802 0.0619958617944299 -0.0103515371052132
0.0795987594444978 0.0765564350412645 -0.250325408470254 -0.327494994525995
0.073962323005176 -0.0057268710633418 -0.728866853282207 0.0299438227643078
0.0121365967065425 -0.0253745972286661 -0.370515635017539 0.718190644947915
-0.0159280113426149 -0.0144917983750173 0.389268202650487 0.517803050500515
-0.00333805960265321 -0.0172079362929177 0.412826245069427 -0.0176296787563562
0.0143457417917291 -0.0166336140066018 0.156497661472691 -0.206190513841211
0.00911750679696381 -0.00482608780881348 0.00605216858177612 -0.0800536821086098
