TRXV5
3
4
4
9
string Extension=J
integer IsArchMeasurement=1
integer IsSpherical=1
string Generator=SPM
string GeneratorVersion=1.3.1 Dev
double ArchRadius=0.449999988079071
integer FrequencyAxisIndex=0
integer AzimuthAxisIndex=1
integer ElevationAxisIndex=2
Frequency
5 136 690000000 960000000 LIN
Azimuth
7 8 0 2.74889357189107 LIN
Elevation
7 15 -2.74889357189107 2.74889357189107 LIN
Polar H Real Part
13
Polar H Imaginary Part
14
Polar V Real Part
13
Polar V Imaginary Part
14
Polar H Magnitude (dB)
12 0xC0000002 0 1
Polar H Phase
7 0xC0000003 0 1
Polar V Magnitude (dB)
12 0xC0000002 2 3
Polar V Phase
7 0xC0000003 2 3
0.0809173583984375 0.0102996826171875 0.245697021484375 0.517059326171875
0.122154235839844 0.00383758544921875 0.066558837890625 0.39752197265625
0.05560302734375 -0.0779495239257813 0.01629638671875 0.207489013671875
-0.020538330078125 -0.0593070983886719 -0.0448684692382813 0.0961837768554687
-0.0322837829589844 -0.00864791870117188 -0.151229858398438 -0.00738525390625001
-0.0146236419677734 0.0293083190917969 -0.3712158203125 0.0234375000000001
-0.000667572021484377 0.0583572387695313 -0.5169677734375 0.1798095703125
0.0115509033203125 0.0469551086425781 -0.53424072265625 0.257049560546875
0.0204353332519531 0.0633697509765625 -0.523895263671875 0.242401123046875
-0.0132675170898437 0.0703048706054688 -0.475738525390625 0.137237548828125
-0.0552749633789063 0.0613632202148437 -0.32562255859375 0.10540771484375
-0.0903854370117188 0.0157012939453125 -0.19403076171875 0.122222900390625
-0.0483512878417969 -0.0587501525878906 -0.134811401367188 0.211212158203125
0.0226783752441406 -0.0373649597167969 -0.08392333984375 0.470855712890625
0.00227069854736328 0.0140533447265625 -0.23333740234375 0.65216064453125
0.0229339599609375 -0.252838134765625 0.232025146484375 0.490264892578125
0.0150909423828125 -0.20794677734375 0.017791748046875 0.374053955078125
-0.0517578125 -0.210693359375 -0.022247314453125 0.247116088867188
-0.130523681640625 -0.17138671875 -0.0412063598632813 0.135116577148438
-0.169204711914063 -0.091156005859375 -0.115669250488281 -0.00181579589843748
-0.22027587890625 -4.57763671875058E-05 -0.34893798828125 0.00125122070312499
-0.22381591796875 0.0864715576171876 -0.493316650390625 0.136077880859375
-0.2086181640625 0.066680908203125 -0.502655029296875 0.227203369140625
-0.2198486328125 0.0750885009765625 -0.490936279296875 0.226318359375
-0.243606567382812 0.0219573974609374 -0.448150634765625 0.1387939453125
-0.232406616210938 -0.0591278076171875 -0.285064697265625 0.11749267578125
-0.227584838867188 -0.141921997070313 -0.1673583984375 0.1412353515625
-0.116455078125 -0.247146606445313 -0.11212158203125 0.251373291015625
-0.0223541259765625 -0.272048950195312 -0.087799072265625 0.4605712890625
-0.0350189208984375 -0.248733520507813 -0.22515869140625 0.61517333984375
-0.038177490234375 -0.4976806640625 0.20574951171875 0.384490966796875
-0.09649658203125 -0.41912841796875 -0.0142822265625 0.30865478515625
-0.1632080078125 -0.343994140625 -0.03076171875 0.2579345703125
-0.237472534179688 -0.276031494140625 -0.0110626220703125 0.147430419921875
-0.2891845703125 -0.170928955078125 -0.0590286254882813 -0.00624847412109376
-0.398284912109375 -0.039459228515625 -0.279144287109375 -0.0275726318359375
-0.41796875 0.096954345703125 -0.398101806640625 0.07080078125
-0.400634765625 0.075775146484375 -0.393524169921875 0.16375732421875
-0.42718505859375 0.0862731933593751 -0.381103515625 0.17919921875
-0.445648193359375 -0.0056152343750001 -0.35260009765625 0.129638671875
-0.39373779296875 -0.143035888671875 -0.208038330078125 0.118667602539063
-0.359649658203125 -0.257568359375 -0.126113891601563 0.146865844726563
-0.197418212890625 -0.390869140625 -0.0877685546875001 0.253509521484375
-0.089202880859375 -0.453338623046875 -0.096649169921875 0.37835693359375
-0.0865478515625 -0.4661865234375 -0.214019775390625 0.4820556640625
-0.0875244140625 -0.67498779296875 0.172805786132813 0.213150024414062
-0.178955078125 -0.58233642578125 -0.0296630859375 0.204132080078125
-0.24664306640625 -0.450347900390625 -0.00633239746093752 0.240768432617187
-0.31439208984375 -0.3636474609375 0.0509872436523437 0.130592346191406
-0.373992919921875 -0.242431640625 0.0223197937011718 -0.0224819183349609
-0.525970458984375 -0.0850830078125 -0.16387939453125 -0.06072998046875
-0.551116943359375 0.087921142578125 -0.239013671875 -0.00682067871093747
-0.531036376953125 0.074493408203125 -0.225051879882813 0.072601318359375
-0.5689697265625 0.08795166015625 -0.215194702148438 0.101715087890625
-0.57977294921875 -0.0178222656250001 -0.207183837890625 0.093017578125
-0.50164794921875 -0.185577392578125 -0.106544494628906 0.0972213745117187
-0.449859619140625 -0.310638427734375 -0.0808792114257813 0.129325866699219
-0.269805908203125 -0.461578369140625 -0.07440185546875 0.212005615234375
-0.157470703125 -0.555816650390625 -0.119949340820313 0.237274169921875
-0.1361083984375 -0.6087646484375 -0.2109375 0.281463623046875
-0.1162109375 -0.744384765625 0.144332885742188 -0.00505065917968755
-0.2147216796875 -0.64923095703125 -0.0255508422851563 0.0614242553710937
-0.2685546875 -0.494903564453125 0.0373077392578125 0.18267822265625
-0.33135986328125 -0.41119384765625 0.129692077636719 0.0873336791992187
-0.399932861328125 -0.29119873046875 0.120590209960937 -0.0426101684570313
-0.5789794921875 -0.12506103515625 -0.01300048828125 -0.0932159423828125
-0.60443115234375 0.0659790039062501 -0.03936767578125 -0.0853424072265625
-0.5814208984375 0.0598754882812501 -0.0228977203369141 -0.0284576416015625
-0.6214599609375 0.076416015625 -0.023550033569336 0.00702857971191407
-0.61859130859375 -0.0284423828124999 -0.0378036499023438 0.0390739440917969
-0.521240234375 -0.195587158203125 -0.00197601318359378 0.0570297241210937
-0.4638671875 -0.305511474609375 -0.042236328125 0.0891036987304687
-0.29998779296875 -0.450439453125 -0.0756607055664062 0.133209228515625
-0.20489501953125 -0.56658935546875 -0.152755737304688 0.0630035400390625
-0.1693115234375 -0.66070556640625 -0.213226318359375 0.046905517578125
-0.12689208984375 -0.6893310546875 0.127838134765625 -0.234329223632813
-0.19805908203125 -0.5914306640625 -0.00310516357421876 -0.104629516601563
-0.21875 -0.44781494140625 0.07244873046875 0.0869369506835937
-0.267364501953125 -0.39495849609375 0.194473266601562 0.0322418212890625
-0.35015869140625 -0.29986572265625 0.213836669921875 -0.054779052734375
-0.53912353515625 -0.153594970703125 0.1533203125 -0.116806030273438
-0.56475830078125 0.0336914062499999 0.170883178710937 -0.154678344726563
-0.54302978515625 0.0369262695312501 0.179977416992188 -0.1234130859375
-0.5777587890625 0.0426025390625 0.164093017578125 -0.082977294921875
-0.553741455078125 -0.04522705078125 0.124664306640625 -0.0124130249023438
-0.44659423828125 -0.18206787109375 0.0832748413085937 0.015228271484375
-0.38909912109375 -0.257965087890625 -0.0169639587402344 0.0367622375488281
-0.275970458984375 -0.368377685546875 -0.0786972045898438 0.0313186645507812
-0.21685791015625 -0.495269775390625 -0.173858642578125 -0.113037109375
-0.17803955078125 -0.618408203125 -0.21478271484375 -0.180191040039063
-0.126373291015625 -0.52069091796875 0.119476318359375 -0.43603515625
-0.1480712890625 -0.42327880859375 0.0277862548828125 -0.265121459960938
-0.12689208984375 -0.318939208984375 0.0865631103515625 -0.0243453979492188
-0.1585693359375 -0.307525634765625 0.229019165039062 -0.01861572265625
-0.240585327148437 -0.253585815429688 0.28466796875 -0.05560302734375
-0.41229248046875 -0.154052734375 0.305511474609375 -0.129791259765625
-0.438507080078125 -0.00384521484374991 0.357391357421875 -0.2081298828125
-0.4241943359375 0.00909423828124999 0.3546142578125 -0.200592041015625
-0.450042724609375 0.00207519531250005 0.319580078125 -0.1492919921875
-0.405059814453125 -0.060516357421875 0.251495361328125 -0.0448455810546875
-0.30401611328125 -0.14654541015625 0.135955810546875 -0.0155029296875
-0.261688232421875 -0.175033569335938 -0.000597000122070329 -0.0196857452392578
-0.217361450195312 -0.244033813476563 -0.0644760131835938 -0.0771865844726563
-0.198516845703125 -0.36578369140625 -0.165771484375 -0.261688232421875
-0.166290283203125 -0.496185302734375 -0.211334228515625 -0.372406005859375
-0.115371704101562 -0.26715087890625 0.11578369140625 -0.570556640625
-0.0888519287109375 -0.185455322265625 0.0546875 -0.38031005859375
-0.0343399047851563 -0.132713317871094 0.083465576171875 -0.120574951171875
-0.0339202880859375 -0.1588134765625 0.232498168945312 -0.0575103759765625
-0.09503173828125 -0.158416748046875 0.32122802734375 -0.052764892578125
-0.221176147460938 -0.12567138671875 0.41986083984375 -0.1365966796875
-0.246246337890625 -0.041015625 0.49176025390625 -0.24273681640625
-0.243484497070313 -0.0216217041015625 0.474822998046875 -0.248565673828125
-0.258544921875 -0.0380706787109375 0.42431640625 -0.178009033203125
-0.206497192382813 -0.0655059814453125 0.32867431640625 -0.05279541015625
-0.13128662109375 -0.0888595581054687 0.153884887695313 -0.035369873046875
-0.119369506835938 -0.0707473754882812 0.011962890625 -0.074462890625
-0.145767211914063 -0.102508544921875 -0.0267333984375 -0.17425537109375
-0.162033081054687 -0.201934814453125 -0.1259765625 -0.364990234375
-0.13555908203125 -0.31298828125 -0.19976806640625 -0.505859375
0.08502197265625 0.00128936767578125 0.301544189453125 0.50518798828125
0.1259765625 -0.0109100341796875 0.107330322265625 0.40509033203125
0.0483169555664063 -0.084716796875 0.0362396240234375 0.218414306640625
-0.0270118713378906 -0.0577468872070313 -0.0360946655273438 0.10809326171875
-0.0349979400634766 -0.00470161437988281 -0.1541748046875 0.00863647460937502
-0.0139884948730469 0.0327110290527344 -0.374603271484375 0.061737060546875
0.00476837158203125 0.0594062805175781 -0.506683349609375 0.23614501953125
0.0164833068847656 0.0471076965332031 -0.51776123046875 0.31854248046875
0.0283012390136719 0.0632820129394531 -0.512054443359375 0.2989501953125
-0.00547027587890625 0.0733642578125 -0.47216796875 0.182769775390625
-0.0487899780273438 0.0675048828125 -0.318450927734375 0.1336669921875
-0.0899200439453125 0.0264053344726562 -0.180816650390625 0.139923095703125
-0.0551834106445312 -0.0542831420898438 -0.11029052734375 0.230148315429688
0.02001953125 -0.0411758422851563 -0.030548095703125 0.48956298828125
0.00577449798583984 0.016514778137207 -0.1702880859375 0.68682861328125
-0.00108337402343748 -0.260269165039063 0.282440185546875 0.4786376953125
-0.00494384765625 -0.212799072265625 0.054443359375 0.385589599609375
-0.07269287109375 -0.208847045898438 4.57763671875032E-05 0.260940551757812
-0.150314331054687 -0.1612548828125 -0.02899169921875 0.147262573242188
-0.182144165039063 -0.075897216796875 -0.117889404296875 0.0126419067382813
-0.2244873046875 0.0240020751953125 -0.353363037109375 0.038787841796875
-0.2200927734375 0.111892700195313 -0.489898681640625 0.19122314453125
-0.2066650390625 0.0906982421875 -0.489959716796875 0.282196044921875
-0.215530395507813 0.100753784179687 -0.47869873046875 0.280364990234375
-0.246185302734375 0.0475921630859375 -0.44427490234375 0.18450927734375
-0.243133544921875 -0.0371551513671875 -0.277572631835938 0.141586303710937
-0.24688720703125 -0.121688842773438 -0.151641845703125 0.156875610351563
-0.141098022460938 -0.2408447265625 -0.0802459716796875 0.267135620117188
-0.0470428466796875 -0.276382446289063 -0.03668212890625 0.480255126953125
-0.05950927734375 -0.248977661132813 -0.1658935546875 0.6483154296875
-0.087921142578125 -0.50390625 0.24517822265625 0.3753662109375
-0.1385498046875 -0.415618896484375 0.012451171875 0.32086181640625
-0.197357177734375 -0.3321533203125 -0.00762939453125002 0.272293090820313
-0.268722534179687 -0.258544921875 0.00152587890624997 0.156784057617187
-0.311309814453125 -0.1448974609375 -0.0612869262695313 0.00434112548828125
-0.408477783203125 -0.000152587890624993 -0.285064697265625 0.00405883789062494
-0.414581298828125 0.142181396484375 -0.398712158203125 0.115020751953125
-0.401214599609375 0.12152099609375 -0.384735107421875 0.206878662109375
-0.42803955078125 0.134613037109375 -0.369354248046875 0.22210693359375
-0.4559326171875 0.0400390624999999 -0.3480224609375 0.166534423828125
-0.41741943359375 -0.107513427734375 -0.199462890625 0.1375732421875
-0.39306640625 -0.22503662109375 -0.110214233398438 0.1583251953125
-0.237030029296875 -0.379730224609375 -0.0531158447265625 0.26519775390625
-0.13116455078125 -0.456512451171875 -0.052154541015625 0.395294189453125
-0.133331298828125 -0.4661865234375 -0.16900634765625 0.511016845703125
-0.15606689453125 -0.6788330078125 0.195175170898438 0.202911376953125
-0.23858642578125 -0.57373046875 -0.014923095703125 0.214752197265625
-0.29193115234375 -0.432708740234375 0.0153350830078125 0.24896240234375
-0.357421875 -0.339019775390625 0.060546875 0.133094787597656
-0.405059814453125 -0.21014404296875 0.0191860198974609 -0.0176887512207031
-0.541107177734375 -0.03216552734375 -0.170516967773438 -0.0385589599609375
-0.549163818359375 0.14837646484375 -0.245391845703125 0.020751953125
-0.535980224609375 0.133331298828125 -0.22222900390625 0.0960845947265625
-0.57293701171875 0.15277099609375 -0.209030151367188 0.12506103515625
-0.59527587890625 0.04290771484375 -0.202072143554688 0.115524291992187
-0.532867431640625 -0.139129638671875 -0.0984115600585938 0.10699462890625
-0.4937744140625 -0.27069091796875 -0.0667343139648438 0.136627197265625
-0.316925048828125 -0.4434814453125 -0.04290771484375 0.218521118164062
-0.2108154296875 -0.55255126953125 -0.089447021484375 0.25299072265625
-0.2003173828125 -0.6082763671875 -0.184295654296875 0.306732177734375
-0.1934814453125 -0.74835205078125 0.144256591796875 -0.018096923828125
-0.2823486328125 -0.635986328125 -0.02606201171875 0.0669784545898437
-0.318389892578125 -0.474090576171875 0.052093505859375 0.18377685546875
-0.37744140625 -0.385894775390625 0.135551452636719 0.0801162719726562
-0.436279296875 -0.25811767578125 0.116920471191406 -0.046844482421875
-0.599853515625 -0.0703124999999999 -0.0189743041992188 -0.0844802856445313
-0.6064453125 0.1300048828125 -0.0493850708007813 -0.0795745849609375
-0.58807373046875 0.12493896484375 -0.0272331237792969 -0.0278358459472656
-0.62823486328125 0.1461181640625 -0.0223217010498047 0.00862312316894532
-0.63458251953125 0.0344848632812501 -0.0340614318847657 0.0445709228515625
-0.55474853515625 -0.146575927734375 0.00294113159179684 0.0566177368164062
-0.50653076171875 -0.264678955078125 -0.0331573486328125 0.0926361083984375
-0.3477783203125 -0.4290771484375 -0.0520401000976563 0.136253356933594
-0.260284423828125 -0.55877685546875 -0.1422119140625 0.0771026611328125
-0.239501953125 -0.6578369140625 -0.211029052734375 0.068023681640625
-0.19805908203125 -0.6905517578125 0.104232788085937 -0.25054931640625
-0.260009765625 -0.5789794921875 -0.0218276977539063 -0.108116149902344
-0.2630615234375 -0.43475341796875 0.0764312744140625 0.0812149047851562
-0.312225341796875 -0.377532958984375 0.194442749023437 0.0172271728515625
-0.38677978515625 -0.27197265625 0.210189819335938 -0.0679473876953125
-0.562744140625 -0.10272216796875 0.146270751953125 -0.124160766601563
-0.56927490234375 0.0926513671875 0.15692138671875 -0.171646118164063
-0.550689697265625 0.096893310546875 0.169586181640625 -0.146133422851563
-0.58636474609375 0.10723876953125 0.15960693359375 -0.102493286132813
-0.56903076171875 0.0125122070312501 0.125457763671875 -0.024658203125
-0.4754638671875 -0.14178466796875 0.0853118896484375 0.00698852539062499
-0.42413330078125 -0.222442626953125 -0.0128173828125 0.0369606018066406
-0.31488037109375 -0.34698486328125 -0.0665168762207031 0.0315513610839843
-0.26788330078125 -0.484039306640625 -0.182647705078125 -0.10198974609375
-0.24578857421875 -0.61407470703125 -0.235321044921875 -0.163711547851563
-0.181060791015625 -0.5162353515625 0.076446533203125 -0.455810546875
-0.192840576171875 -0.41546630859375 -0.00680541992187504 -0.274871826171875
-0.158447265625 -0.31195068359375 0.0799484252929687 -0.0347747802734375
-0.190521240234375 -0.29888916015625 0.222930908203125 -0.039398193359375
-0.270599365234375 -0.237045288085937 0.281646728515625 -0.076263427734375
-0.436920166015625 -0.115478515625 0.3013916015625 -0.153106689453125
-0.44561767578125 0.04132080078125 0.343170166015625 -0.245849609375
-0.432861328125 0.057220458984375 0.338714599609375 -0.242462158203125
-0.46148681640625 0.0518188476562501 0.312103271484375 -0.185333251953125
-0.41876220703125 -0.0205993652343751 0.252960205078125 -0.071075439453125
-0.323883056640625 -0.12042236328125 0.13531494140625 -0.0293807983398438
-0.284454345703125 -0.151031494140625 -0.00296592712402346 -0.0215721130371094
-0.242706298828125 -0.224639892578125 -0.0648880004882813 -0.081024169921875
-0.2369384765625 -0.352935791015625 -0.190658569335938 -0.254608154296875
-0.223114013671875 -0.49163818359375 -0.251220703125 -0.358184814453125
-0.144424438476563 -0.258880615234375 0.05804443359375 -0.592529296875
-0.107574462890625 -0.179061889648437 0.00942993164062503 -0.396636962890625
-0.0468673706054687 -0.132560729980469 0.0651931762695313 -0.132904052734375
-0.050567626953125 -0.160018920898438 0.224258422851563 -0.078277587890625
-0.113143920898438 -0.15460205078125 0.320556640625 -0.0775146484375
-0.239059448242188 -0.106430053710937 0.41552734375 -0.174072265625
-0.253875732421875 -0.015869140625 0.476593017578125 -0.29486083984375
-0.250701904296875 0.00656127929687498 0.45709228515625 -0.302764892578125
-0.268875122070313 -0.00907897949218752 0.414398193359375 -0.22698974609375
-0.216537475585937 -0.0457305908203125 0.32989501953125 -0.08770751953125
-0.141647338867188 -0.078338623046875 0.151260375976562 -0.0512542724609375
-0.128326416015625 -0.0605010986328125 0.00403594970703124 -0.0794448852539063
-0.155441284179687 -0.08758544921875 -0.0380859375 -0.1837158203125
-0.18487548828125 -0.188980102539063 -0.161651611328125 -0.3646240234375
-0.172515869140625 -0.30615234375 -0.253509521484375 -0.498138427734375
0.0837631225585938 -0.007171630859375 0.34027099609375 0.469268798828125
0.123283386230469 -0.0248260498046875 0.14306640625 0.393707275390625
0.0391159057617187 -0.0880508422851563 0.05615234375 0.21917724609375
-0.0328292846679687 -0.0541572570800781 -0.0236053466796875 0.115570068359375
-0.035980224609375 -0.00111770629882812 -0.149917602539063 0.024810791015625
-0.0119438171386719 0.0358695983886719 -0.36395263671875 0.09552001953125
0.00888442993164063 0.0591468811035156 -0.4757080078125 0.27874755859375
0.0204925537109375 0.0441436767578125 -0.478546142578125 0.361083984375
0.0348358154296875 0.0597610473632813 -0.476531982421875 0.34161376953125
0.002105712890625 0.0723419189453125 -0.450286865234375 0.2177734375
-0.041473388671875 0.0712432861328125 -0.301849365234375 0.152099609375
-0.0839157104492188 0.0351181030273438 -0.160385131835938 0.147918701171875
-0.05938720703125 -0.0479583740234375 -0.081146240234375 0.23541259765625
0.0166130065917969 -0.0432243347167969 0.0218505859375 0.4820556640625
0.0103435516357422 0.0167779922485352 -0.1031494140625 0.6883544921875
-0.024505615234375 -0.256698608398438 0.31793212890625 0.4451904296875
-0.0225067138671875 -0.210052490234375 0.086822509765625 0.38006591796875
-0.08880615234375 -0.19830322265625 0.02435302734375 0.263046264648438
-0.162689208984375 -0.1451416015625 -0.0153961181640625 0.154006958007813
-0.185882568359375 -0.0587921142578125 -0.11358642578125 0.0261688232421875
-0.218368530273438 0.044525146484375 -0.34356689453125 0.0713806152343749
-0.205535888671875 0.130523681640625 -0.462890625 0.234222412109375
-0.194580078125 0.109695434570312 -0.454254150390625 0.3240966796875
-0.202880859375 0.119873046875 -0.44561767578125 0.31982421875
-0.23779296875 0.0693817138671875 -0.421112060546875 0.219635009765625
-0.24267578125 -0.014984130859375 -0.259780883789063 0.157806396484375
-0.252487182617187 -0.0969390869140625 -0.131240844726563 0.16259765625
-0.157867431640625 -0.224853515625 -0.04736328125 0.267227172851563
-0.0684356689453125 -0.26959228515625 0.014556884765625 0.47332763671875
-0.0777130126953125 -0.238372802734375 -0.10205078125 0.64996337890625
-0.13299560546875 -0.48681640625 0.27191162109375 0.347747802734375
-0.170745849609375 -0.395050048828125 0.038299560546875 0.319244384765625
-0.220489501953125 -0.30926513671875 0.01611328125 0.273040771484375
-0.287872314453125 -0.229400634765625 0.013580322265625 0.159805297851562
-0.318511962890625 -0.115631103515625 -0.0585823059082031 0.0154457092285156
-0.399688720703125 0.0382080078125001 -0.277069091796875 0.0338287353515625
-0.393280029296875 0.177703857421875 -0.38018798828125 0.152557373046875
-0.384002685546875 0.158477783203125 -0.359832763671875 0.23919677734375
-0.408203125 0.17266845703125 -0.344146728515625 0.25262451171875
-0.44537353515625 0.0827331542968751 -0.3277587890625 0.1943359375
-0.4212646484375 -0.0685424804687501 -0.183761596679688 0.148880004882812
-0.407928466796875 -0.185821533203125 -0.0912628173828125 0.160507202148438
-0.26263427734375 -0.3536376953125 -0.0182952880859375 0.259353637695313
-0.16534423828125 -0.440826416015625 -0.00805664062500002 0.39154052734375
-0.170989990234375 -0.4466552734375 -0.117584228515625 0.516387939453125
-0.2149658203125 -0.6544189453125 0.206741333007813 0.183837890625
-0.284393310546875 -0.53826904296875 0.00012207031249999 0.215988159179688
-0.32080078125 -0.398681640625 0.034576416015625 0.24658203125
-0.38067626953125 -0.301116943359375 0.0688552856445312 0.131622314453125
-0.416015625 -0.171875 0.0182094573974609 -0.0116539001464844
-0.5313720703125 0.0164184570312501 -0.166824340820313 -0.0164031982421875
-0.524810791015625 0.195404052734375 -0.239425659179688 0.045989990234375
-0.515167236328125 0.1837158203125 -0.210479736328125 0.114776611328125
-0.5501708984375 0.20556640625 -0.1944580078125 0.141647338867187
-0.58197021484375 0.0975341796874999 -0.1881103515625 0.131851196289062
-0.5386962890625 -0.0894775390625001 -0.0874710083007813 0.110885620117187
-0.5106201171875 -0.222198486328125 -0.0515823364257813 0.135711669921875
-0.3465576171875 -0.4097900390625 -0.0124359130859375 0.209854125976562
-0.2532958984375 -0.52679443359375 -0.0581512451171875 0.253067016601562
-0.2503662109375 -0.5784912109375 -0.150970458984375 0.3160400390625
-0.25762939453125 -0.7177734375 0.137100219726562 -0.0281448364257813
-0.33331298828125 -0.59716796875 -0.0268707275390625 0.0710144042968749
-0.35076904296875 -0.437896728515625 0.0631103515625 0.178390502929688
-0.40435791015625 -0.346221923828125 0.135063171386719 0.07342529296875
-0.451263427734375 -0.215545654296875 0.111335754394531 -0.0477218627929688
-0.59228515625 -0.0156250000000001 -0.0210113525390625 -0.0738601684570313
-0.58074951171875 0.18267822265625 -0.0563011169433594 -0.07012939453125
-0.56756591796875 0.18170166015625 -0.0311508178710938 -0.0252475738525391
-0.60430908203125 0.2030029296875 -0.0216827392578125 0.00919532775878907
-0.62078857421875 0.0935058593750001 -0.0291900634765625 0.047149658203125
-0.560333251953125 -0.097015380859375 0.00730514526367185 0.0536727905273438
-0.523773193359375 -0.214324951171875 -0.0229034423828125 0.0910491943359375
-0.3741455078125 -0.39117431640625 -0.029510498046875 0.12908935546875
-0.302764892578125 -0.52886962890625 -0.125991821289063 0.084381103515625
-0.296142578125 -0.62445068359375 -0.198593139648438 0.0845336914062499
-0.2579345703125 -0.6617431640625 0.076507568359375 -0.253814697265625
-0.306610107421875 -0.542816162109375 -0.0389022827148438 -0.102310180664063
-0.29364013671875 -0.40313720703125 0.0767669677734375 0.0738754272460937
-0.3402099609375 -0.34332275390625 0.186416625976562 0.00384521484374998
-0.403656005859375 -0.2362060546875 0.200027465820312 -0.0765533447265625
-0.5594482421875 -0.053375244140625 0.138626098632812 -0.126029968261719
-0.54864501953125 0.140594482421875 0.139251708984375 -0.17889404296875
-0.53192138671875 0.150665283203125 0.151473999023437 -0.16021728515625
-0.567138671875 0.162109375 0.146881103515625 -0.117294311523437
-0.556915283203125 0.063690185546875 0.121955871582031 -0.0359344482421875
-0.48046875 -0.0971984863281251 0.0832138061523437 -0.00149536132812501
-0.437225341796875 -0.179351806640625 -0.0098075866699219 0.0359992980957031
-0.334625244140625 -0.311859130859375 -0.0548667907714844 0.0259666442871094
-0.30316162109375 -0.453155517578125 -0.184326171875 -0.0879058837890625
-0.29949951171875 -0.5810546875 -0.245330810546875 -0.14056396484375
-0.224609375 -0.4923095703125 0.0316162109375 -0.452117919921875
-0.224273681640625 -0.387725830078125 -0.0398406982421875 -0.270523071289063
-0.181121826171875 -0.2933349609375 0.0681838989257812 -0.0399627685546875
-0.214218139648438 -0.278213500976563 0.20965576171875 -0.053680419921875
-0.28826904296875 -0.212493896484375 0.270309448242188 -0.09112548828125
-0.440093994140625 -0.0775756835937499 0.286895751953125 -0.168701171875
-0.433135986328125 0.0809936523437501 0.31500244140625 -0.269683837890625
-0.418670654296875 0.0989685058593751 0.309539794921875 -0.270751953125
-0.449371337890625 0.0966491699218751 0.2890625 -0.2125244140625
-0.4141845703125 0.0190734863281251 0.242477416992187 -0.093048095703125
-0.328826904296875 -0.0902709960937499 0.128555297851562 -0.040802001953125
-0.29339599609375 -0.121612548828125 -0.00678062438964846 -0.0224056243896484
-0.254165649414063 -0.197555541992188 -0.0655593872070313 -0.0840835571289063
-0.264495849609375 -0.325775146484375 -0.206939697265625 -0.237625122070313
-0.266357421875 -0.46246337890625 -0.2777099609375 -0.3311767578125
-0.165542602539062 -0.241226196289062 0.000854492187499991 -0.58624267578125
-0.119979858398438 -0.165740966796875 -0.035308837890625 -0.39129638671875
-0.056182861328125 -0.127510070800781 0.0448760986328125 -0.134201049804688
-0.063934326171875 -0.153762817382813 0.206771850585938 -0.0934600830078125
-0.125839233398438 -0.144943237304687 0.30780029296875 -0.097259521484375
-0.247177124023438 -0.0850067138671875 0.397918701171875 -0.20086669921875
-0.250167846679688 0.00675964355468746 0.441925048828125 -0.331756591796875
-0.24444580078125 0.0323638916015625 0.418853759765625 -0.340606689453125
-0.26483154296875 0.0175933837890625 0.3848876953125 -0.263092041015625
-0.2169189453125 -0.025238037109375 0.31573486328125 -0.116790771484375
-0.14520263671875 -0.0650177001953125 0.141525268554688 -0.06280517578125
-0.129386901855469 -0.04638671875 -0.0051422119140625 -0.0806350708007813
-0.158477783203125 -0.0698699951171875 -0.0508575439453125 -0.186676025390625
-0.197372436523437 -0.16864013671875 -0.1888427734375 -0.34765625
-0.20147705078125 -0.283721923828125 -0.291748046875 -0.465087890625
0.0812225341796875 -0.0125045776367188 0.35443115234375 0.435760498046875
0.118019104003906 -0.033660888671875 0.162933349609375 0.376129150390625
0.03253173828125 -0.087890625 0.06988525390625 0.214752197265625
-0.0359344482421875 -0.0504837036132812 -0.0138015747070312 0.119216918945313
-0.0360794067382812 0.0014190673828125 -0.140838623046875 0.034515380859375
-0.00928878784179688 0.0371932983398438 -0.34588623046875 0.114593505859375
0.0119132995605469 0.0587615966796875 -0.442779541015625 0.300384521484375
0.0223960876464844 0.0420722961425781 -0.4393310546875 0.37872314453125
0.0382194519042969 0.0559234619140625 -0.441925048828125 0.357513427734375
0.00709152221679687 0.0699577331542969 -0.424224853515625 0.233184814453125
-0.0351715087890625 0.070953369140625 -0.284393310546875 0.15643310546875
-0.0776824951171875 0.0392684936523438 -0.144302368164062 0.146438598632813
-0.060089111328125 -0.0429840087890625 -0.0596160888671875 0.230392456054688
0.0151329040527344 -0.0436019897460938 0.0551757812500001 0.464447021484375
0.0139932632446289 0.0164823532104492 -0.0579223632812501 0.66937255859375
-0.0394744873046875 -0.24713134765625 0.332061767578125 0.41473388671875
-0.0323486328125 -0.20306396484375 0.105926513671875 0.36529541015625
-0.0960540771484375 -0.187255859375 0.040252685546875 0.258590698242188
-0.16748046875 -0.131271362304687 -0.00442504882812502 0.156280517578125
-0.18408203125 -0.0462493896484375 -0.105308532714844 0.035308837890625
-0.208099365234375 0.056610107421875 -0.32611083984375 0.091339111328125
-0.191314697265625 0.139816284179688 -0.432952880859375 0.25445556640625
-0.18218994140625 0.118362426757813 -0.417694091796875 0.34259033203125
-0.188217163085938 0.129379272460937 -0.412445068359375 0.33612060546875
-0.225692749023438 0.08197021484375 -0.396728515625 0.2340087890625
-0.236419677734375 -0.00157165527343754 -0.244171142578125 0.162704467773437
-0.249313354492188 -0.078460693359375 -0.11517333984375 0.15985107421875
-0.163909912109375 -0.209442138671875 -0.0225677490234375 0.256744384765625
-0.078765869140625 -0.259063720703125 0.0494384765625 0.45513916015625
-0.08538818359375 -0.225326538085938 -0.05963134765625 0.631591796875
-0.157135009765625 -0.463348388671875 0.2803955078125 0.321868896484375
-0.185394287109375 -0.37103271484375 0.05413818359375 0.31085205078125
-0.227294921875 -0.28753662109375 0.03094482421875 0.2677001953125
-0.292083740234375 -0.2059326171875 0.0225830078125 0.160980224609375
-0.314849853515625 -0.0953979492187501 -0.052398681640625 0.0232009887695312
-0.38177490234375 0.0590820312499999 -0.262191772460938 0.05108642578125
-0.367767333984375 0.196380615234375 -0.358184814453125 0.172821044921875
-0.36163330078125 0.17852783203125 -0.3341064453125 0.25335693359375
-0.383819580078125 0.19366455078125 -0.31817626953125 0.264251708984375
-0.4251708984375 0.105377197265625 -0.306182861328125 0.206695556640625
-0.4139404296875 -0.0431213378906251 -0.171051025390625 0.150177001953125
-0.40643310546875 -0.15521240234375 -0.0774078369140625 0.155899047851563
-0.27130126953125 -0.330291748046875 0.00511169433593746 0.243881225585937
-0.182586669921875 -0.41949462890625 0.022491455078125 0.37567138671875
-0.1876220703125 -0.420623779296875 -0.079498291015625 0.50311279296875
-0.24609375 -0.6195068359375 0.207382202148437 0.1671142578125
-0.303375244140625 -0.50433349609375 0.00845336914062499 0.212005615234375
-0.327880859375 -0.366851806640625 0.0450286865234375 0.240936279296875
-0.38653564453125 -0.2701416015625 0.0717926025390625 0.130950927734375
-0.41290283203125 -0.14483642578125 0.0200061798095703 -0.00575447082519532
-0.510498046875 0.04449462890625 -0.156890869140625 -0.00212097167968751
-0.494354248046875 0.219482421875 -0.228134155273438 0.0626068115234375
-0.48681640625 0.21075439453125 -0.197479248046875 0.123992919921875
-0.5184326171875 0.23480224609375 -0.179824829101563 0.147354125976563
-0.557769775390625 0.130615234375 -0.174545288085938 0.137802124023437
-0.52734375 -0.0567016601562499 -0.0793914794921875 0.109062194824219
-0.5086669921875 -0.1829833984375 -0.04083251953125 0.129989624023438
-0.354400634765625 -0.379119873046875 0.00810241699218749 0.1939697265625
-0.2703857421875 -0.500946044921875 -0.0339202880859375 0.243576049804688
-0.273773193359375 -0.543792724609375 -0.125762939453125 0.311798095703125
-0.29229736328125 -0.6783447265625 0.127677917480469 -0.0336074829101563
-0.353912353515625 -0.55621337890625 -0.02752685546875 0.0738983154296875
-0.358489990234375 -0.40423583984375 0.0667724609375 0.17266845703125
-0.410675048828125 -0.31182861328125 0.131118774414062 0.0696868896484375
-0.44830322265625 -0.1864013671875 0.106658935546875 -0.0440597534179688
-0.5721435546875 0.0167236328125 -0.0182304382324219 -0.0643539428710938
-0.549468994140625 0.20989990234375 -0.0579566955566407 -0.0605583190917969
-0.53680419921875 0.212158203125 -0.0333480834960938 -0.0221729278564453
-0.57257080078125 0.2364501953125 -0.0212726593017578 0.00858116149902345
-0.5960693359375 0.12939453125 -0.0251617431640625 0.0468368530273438
-0.5496826171875 -0.0601196289062499 0.00934600830078122 0.0501670837402344
-0.5198974609375 -0.17535400390625 -0.0169525146484375 0.0858306884765625
-0.3798828125 -0.359039306640625 -0.0140762329101563 0.115425109863281
-0.32073974609375 -0.498138427734375 -0.111000061035156 0.0839462280273437
-0.32354736328125 -0.58563232421875 -0.184768676757813 0.0914764404296875
-0.2896728515625 -0.62249755859375 0.0564727783203125 -0.247283935546875
-0.325042724609375 -0.506500244140625 -0.051788330078125 -0.0940093994140625
-0.301727294921875 -0.373870849609375 0.0726242065429687 0.069610595703125
-0.34765625 -0.31414794921875 0.175003051757812 -0.000579833984375019
-0.405853271484375 -0.208099365234375 0.190887451171875 -0.07708740234375
-0.5447998046875 -0.0214233398437501 0.133430480957031 -0.123809814453125
-0.521087646484375 0.167938232421875 0.1246337890625 -0.177581787109375
-0.505859375 0.1796875 0.134429931640625 -0.163070678710938
-0.53924560546875 0.19427490234375 0.134132385253906 -0.124496459960937
-0.5364990234375 0.0948181152343751 0.116836547851562 -0.0426864624023437
-0.4715576171875 -0.067108154296875 0.0802459716796875 -0.00621795654296875
-0.433380126953125 -0.147186279296875 -0.00678825378417971 0.0326747894287109
-0.337371826171875 -0.283355712890625 -0.0455970764160156 0.0172157287597656
-0.318817138671875 -0.424163818359375 -0.179092407226563 -0.079498291015625
-0.325164794921875 -0.54290771484375 -0.242385864257813 -0.123306274414063
-0.24725341796875 -0.462005615234375 0.00152587890625 -0.437225341796875
-0.238250732421875 -0.35968017578125 -0.063079833984375 -0.256805419921875
-0.187637329101562 -0.274200439453125 0.0569305419921875 -0.04058837890625
-0.220672607421875 -0.2593994140625 0.193878173828125 -0.059600830078125
-0.29144287109375 -0.193267822265625 0.255935668945313 -0.09576416015625
-0.431884765625 -0.0509948730468751 0.2742919921875 -0.173477172851563
-0.413330078125 0.1019287109375 0.290130615234375 -0.27569580078125
-0.399261474609375 0.121978759765625 0.279327392578125 -0.27886962890625
-0.428253173828125 0.123260498046875 0.265121459960938 -0.225204467773438
-0.398834228515625 0.0422973632812501 0.228851318359375 -0.10577392578125
-0.323333740234375 -0.070098876953125 0.121574401855469 -0.0450210571289063
-0.28973388671875 -0.100128173828125 -0.0078563690185547 -0.0230388641357422
-0.252517700195313 -0.175384521484375 -0.065521240234375 -0.0882949829101563
-0.273406982421875 -0.3004150390625 -0.211288452148438 -0.222869873046875
-0.28656005859375 -0.429412841796875 -0.285552978515625 -0.304962158203125
-0.173751831054688 -0.222885131835938 -0.03564453125 -0.56353759765625
-0.125 -0.152435302734375 -0.06451416015625 -0.373565673828125
-0.0605316162109375 -0.121070861816406 0.0284194946289062 -0.129684448242188
-0.0696258544921875 -0.147186279296875 0.189193725585938 -0.097930908203125
-0.132072448730469 -0.135459899902344 0.293121337890625 -0.10504150390625
-0.246932983398437 -0.0680084228515625 0.37847900390625 -0.211517333984375
-0.241363525390625 0.0209808349609376 0.40887451171875 -0.344024658203125
-0.2340087890625 0.0464935302734375 0.38177490234375 -0.353302001953125
-0.256072998046875 0.0342864990234375 0.354705810546875 -0.278594970703125
-0.210647583007812 -0.0119476318359375 0.29852294921875 -0.1324462890625
-0.143081665039063 -0.0560302734375 0.132354736328125 -0.0678329467773438
-0.126152038574219 -0.03704833984375 -0.010406494140625 -0.0795059204101562
-0.153717041015625 -0.0571441650390625 -0.0587921142578125 -0.18792724609375
-0.201934814453125 -0.15130615234375 -0.201202392578125 -0.331329345703125
-0.213180541992188 -0.261398315429688 -0.307159423828125 -0.433349609375
0.079498291015625 -0.0145950317382813 0.355743408203125 0.41796875
0.114707946777344 -0.0392303466796875 0.170196533203125 0.365997314453125
0.0275039672851563 -0.0873870849609375 0.0767364501953125 0.21331787109375
-0.0386161804199219 -0.0477828979492187 -0.00653839111328124 0.123306274414063
-0.0358543395996094 0.00367355346679687 -0.13336181640625 0.0389328002929688
-0.0085601806640625 0.0382499694824219 -0.335723876953125 0.1199951171875
0.014190673828125 0.0583343505859375 -0.42315673828125 0.305145263671875
0.0228691101074219 0.0410194396972656 -0.41619873046875 0.382049560546875
0.0398292541503906 0.0542221069335938 -0.42242431640625 0.3612060546875
0.0100517272949219 0.0683403015136719 -0.412994384765625 0.237152099609375
-0.0319023132324219 0.0698509216308594 -0.276336669921875 0.155670166015625
-0.0736541748046875 0.0414047241210938 -0.135383605957031 0.140281677246094
-0.0593795776367187 -0.0405387878417969 -0.0461578369140625 0.223358154296875
0.0155410766601563 -0.0441055297851562 0.072479248046875 0.4505615234375
0.0180606842041016 0.0150737762451172 -0.03729248046875 0.6549072265625
-0.0446014404296875 -0.240325927734375 0.33203125 0.39764404296875
-0.0360260009765625 -0.199264526367188 0.113555908203125 0.35699462890625
-0.0970001220703125 -0.182205200195313 0.0480804443359375 0.256790161132813
-0.168426513671875 -0.124313354492188 0.00285339355468749 0.160202026367188
-0.182479858398438 -0.040740966796875 -0.0983200073242188 0.0401077270507812
-0.201156616210938 0.061553955078125 -0.31597900390625 0.09881591796875
-0.182708740234375 0.142898559570313 -0.415618896484375 0.264739990234375
-0.175384521484375 0.122360229492188 -0.398895263671875 0.34661865234375
-0.180404663085938 0.132003784179687 -0.393890380859375 0.340606689453125
-0.2186279296875 0.0858306884765625 -0.38427734375 0.23846435546875
-0.231979370117188 0.00303649902343748 -0.236984252929688 0.16082763671875
-0.245651245117188 -0.0701751708984375 -0.107391357421875 0.153350830078125
-0.163726806640625 -0.203460693359375 -0.00985717773437501 0.24627685546875
-0.08148193359375 -0.254501342773438 0.066986083984375 0.440521240234375
-0.0860595703125 -0.21868896484375 -0.03961181640625 0.61968994140625
-0.16534423828125 -0.4473876953125 0.279571533203125 0.309326171875
-0.1895751953125 -0.359619140625 0.059356689453125 0.305389404296875
-0.227737426757813 -0.2763671875 0.037445068359375 0.266189575195312
-0.2916259765625 -0.1943359375 0.0272216796875 0.1650390625
-0.310943603515625 -0.08673095703125 -0.046234130859375 0.0282745361328125
-0.37152099609375 0.067108154296875 -0.252120971679688 0.0587921142578125
-0.35540771484375 0.202301025390625 -0.34466552734375 0.182403564453125
-0.350189208984375 0.18670654296875 -0.318267822265625 0.25775146484375
-0.3707275390625 0.202545166015625 -0.304473876953125 0.2666015625
-0.415740966796875 0.116912841796875 -0.295166015625 0.208953857421875
-0.40814208984375 -0.033416748046875 -0.1658935546875 0.147598266601563
-0.4029541015625 -0.140960693359375 -0.071319580078125 0.149276733398438
-0.269989013671875 -0.320404052734375 0.01776123046875 0.230804443359375
-0.18426513671875 -0.41070556640625 0.038360595703125 0.363037109375
-0.19158935546875 -0.40814208984375 -0.062744140625 0.49224853515625
-0.25738525390625 -0.59771728515625 0.204269409179687 0.161178588867187
-0.308441162109375 -0.48541259765625 0.0097808837890625 0.211029052734375
-0.326446533203125 -0.35321044921875 0.048736572265625 0.240066528320312
-0.38427734375 -0.256195068359375 0.0725021362304687 0.133636474609375
-0.407257080078125 -0.134002685546875 0.0233135223388672 9.5367431640543E-06
-0.499359130859375 0.0542602539062499 -0.148193359375 0.00466918945312499
-0.4776611328125 0.227386474609375 -0.22003173828125 0.0707550048828126
-0.47052001953125 0.2222900390625 -0.19110107421875 0.127548217773438
-0.50238037109375 0.246612548828125 -0.173599243164063 0.147735595703125
-0.544219970703125 0.143707275390625 -0.1668701171875 0.139999389648437
-0.52032470703125 -0.0428161621093749 -0.0766448974609375 0.106246948242187
-0.502960205078125 -0.166351318359375 -0.03704833984375 0.124290466308594
-0.352752685546875 -0.36712646484375 0.01885986328125 0.178604125976562
-0.276031494140625 -0.48907470703125 -0.0209808349609375 0.234222412109375
-0.279541015625 -0.526153564453125 -0.112548828125 0.306976318359375
-0.30499267578125 -0.6549072265625 0.120948791503906 -0.0331878662109375
-0.359710693359375 -0.53515625 -0.030731201171875 0.0762100219726562
-0.356170654296875 -0.388336181640625 0.0660858154296875 0.171920776367187
-0.40826416015625 -0.297760009765625 0.126815795898437 0.0720901489257812
-0.443817138671875 -0.175567626953125 0.107131958007812 -0.0395736694335938
-0.558990478515625 0.0279846191406251 -0.0129013061523438 -0.0580329895019531
-0.532379150390625 0.219696044921875 -0.05731201171875 -0.0531806945800781
-0.51959228515625 0.224334716796875 -0.0348262786865235 -0.0202522277832031
-0.554229736328125 0.249786376953125 -0.022298812866211 0.00742721557617189
-0.5804443359375 0.14483642578125 -0.0225028991699219 0.0462837219238281
-0.54156494140625 -0.046783447265625 0.00943756103515622 0.0474357604980469
-0.51458740234375 -0.157958984375 -0.014434814453125 0.0809402465820312
-0.376251220703125 -0.34564208984375 -0.00637817382812501 0.100845336914062
-0.326568603515625 -0.483184814453125 -0.1024169921875 0.0787353515624999
-0.3310546875 -0.5650634765625 -0.176925659179688 0.0920257568359375
-0.29962158203125 -0.5997314453125 0.0455169677734375 -0.240264892578125
-0.330047607421875 -0.48651123046875 -0.0591201782226563 -0.087554931640625
-0.300628662109375 -0.3609619140625 0.0673446655273437 0.0713043212890625
-0.3475341796875 -0.302154541015625 0.166610717773437 0.000946044921874981
-0.402679443359375 -0.197784423828125 0.18682861328125 -0.0727081298828125
-0.5357666015625 -0.0077514648437501 0.134407043457031 -0.119285583496094
-0.505279541015625 0.17608642578125 0.118377685546875 -0.173370361328125
-0.4886474609375 0.19244384765625 0.125167846679687 -0.16253662109375
-0.5223388671875 0.207794189453125 0.125083923339844 -0.126930236816406
-0.52362060546875 0.10955810546875 0.112953186035156 -0.0449981689453125
-0.464263916015625 -0.055023193359375 0.077392578125 -0.0088958740234375
-0.429107666015625 -0.132049560546875 -0.00632286071777346 0.0294990539550781
-0.334228515625 -0.271759033203125 -0.0421104431152344 0.00530624389648435
-0.321746826171875 -0.4090576171875 -0.174301147460938 -0.079742431640625
-0.334381103515625 -0.5223388671875 -0.239013671875 -0.117233276367188
-0.25604248046875 -0.4437255859375 -0.0132446289062501 -0.425445556640625
-0.241729736328125 -0.347625732421875 -0.0752105712890625 -0.245849609375
-0.187515258789063 -0.266220092773438 0.0476455688476562 -0.0366439819335938
-0.222930908203125 -0.250930786132812 0.181869506835938 -0.05841064453125
-0.29229736328125 -0.186004638671875 0.249404907226562 -0.09307861328125
-0.426666259765625 -0.0394287109375 0.270599365234375 -0.172012329101563
-0.40350341796875 0.108978271484375 0.277969360351563 -0.275619506835938
-0.386688232421875 0.131317138671875 0.262969970703125 -0.279632568359375
-0.41632080078125 0.133514404296875 0.24993896484375 -0.228240966796875
-0.38922119140625 0.0532226562499999 0.22088623046875 -0.110107421875
-0.317596435546875 -0.06195068359375 0.118049621582031 -0.0483551025390625
-0.28466796875 -0.090118408203125 -0.00954627990722658 -0.0243740081787109
-0.248428344726562 -0.166305541992187 -0.065032958984375 -0.0960540771484375
-0.27587890625 -0.288818359375 -0.211380004882812 -0.218856811523438
-0.2928466796875 -0.410797119140625 -0.2860107421875 -0.29315185546875
-0.176712036132812 -0.213363647460938 -0.0499267578125 -0.547576904296875
-0.125518798828125 -0.14630126953125 -0.07867431640625 -0.361541748046875
-0.0604400634765625 -0.119163513183594 0.018157958984375 -0.123054504394531
-0.07177734375 -0.146331787109375 0.176437377929688 -0.0965118408203125
-0.134239196777344 -0.131645202636719 0.28424072265625 -0.103363037109375
-0.246017456054688 -0.059539794921875 0.3704833984375 -0.2127685546875
-0.23602294921875 0.0263519287109375 0.394287109375 -0.34600830078125
-0.225936889648438 0.0523223876953125 0.361846923828125 -0.35247802734375
-0.250213623046875 0.04168701171875 0.337249755859375 -0.282470703125
-0.20758056640625 -0.00683593749999998 0.287841796875 -0.13873291015625
-0.140388488769531 -0.0527801513671875 0.127418518066406 -0.0695648193359375
-0.123039245605469 -0.032470703125 -0.0138015747070313 -0.0794219970703125
-0.149703979492188 -0.0524139404296875 -0.06280517578125 -0.192138671875
-0.201904296875 -0.142745971679688 -0.204986572265625 -0.322662353515625
-0.217422485351562 -0.24713134765625 -0.31085205078125 -0.419464111328125
0.0813217163085938 -0.0156631469726563 0.36309814453125 0.4178466796875
0.11468505859375 -0.0446243286132813 0.17718505859375 0.368865966796875
0.0258636474609375 -0.0898513793945312 0.0834503173828125 0.21917724609375
-0.0404739379882813 -0.0465087890625 0.00112152099609375 0.130569458007813
-0.0369415283203125 0.00485229492187501 -0.130043029785156 0.0425643920898438
-0.00783920288085938 0.0403900146484375 -0.33660888671875 0.127655029296875
0.0157852172851563 0.0598220825195313 -0.421630859375 0.31494140625
0.0244293212890625 0.0415687561035156 -0.413116455078125 0.390228271484375
0.0420036315917969 0.0538978576660156 -0.419403076171875 0.36822509765625
0.0119361877441406 0.0682640075683594 -0.415496826171875 0.2420654296875
-0.0305938720703125 0.0709991455078125 -0.278656005859375 0.155654907226562
-0.072540283203125 0.0424118041992187 -0.132949829101562 0.138107299804688
-0.0596504211425781 -0.0406951904296875 -0.0391082763671875 0.223098754882813
0.0170745849609375 -0.0468292236328125 0.08685302734375 0.45068359375
0.0216751098632813 0.0139751434326172 -0.0253295898437499 0.65997314453125
-0.0474090576171875 -0.2412109375 0.337921142578125 0.3975830078125
-0.0385284423828125 -0.202728271484375 0.1182861328125 0.360107421875
-0.0998687744140625 -0.184326171875 0.054534912109375 0.263153076171875
-0.1722412109375 -0.1219482421875 0.00926208496093751 0.16815185546875
-0.184967041015625 -0.0386962890625 -0.09344482421875 0.0439605712890625
-0.203811645507813 0.0651702880859376 -0.315826416015625 0.106170654296875
-0.180694580078125 0.148208618164062 -0.41180419921875 0.275177001953125
-0.174301147460937 0.127853393554688 -0.394927978515625 0.35467529296875
-0.179641723632812 0.137481689453125 -0.392669677734375 0.346832275390625
-0.219314575195312 0.0904083251953125 -0.384490966796875 0.242889404296875
-0.235397338867187 0.00634765625000003 -0.23931884765625 0.16107177734375
-0.248092651367188 -0.0676422119140625 -0.104995727539063 0.150924682617188
-0.166107177734375 -0.20501708984375 -0.00117492675781249 0.242263793945313
-0.0836944580078125 -0.259780883789063 0.07928466796875 0.44000244140625
-0.0869293212890625 -0.220626831054688 -0.02935791015625 0.62347412109375
-0.171966552734375 -0.447998046875 0.282989501953125 0.311187744140625
-0.1949462890625 -0.3616943359375 0.061065673828125 0.30865478515625
-0.2305908203125 -0.278289794921875 0.0420074462890625 0.274078369140625
-0.298553466796875 -0.19244384765625 0.032684326171875 0.173736572265625
-0.31622314453125 -0.08526611328125 -0.0408210754394531 0.032623291015625
-0.374359130859375 0.071319580078125 -0.250015258789063 0.0639190673828125
-0.354522705078125 0.20953369140625 -0.343841552734375 0.190887451171875
-0.34967041015625 0.1951904296875 -0.316802978515625 0.264373779296875
-0.3697509765625 0.2122802734375 -0.30413818359375 0.2724609375
-0.41790771484375 0.12457275390625 -0.29486083984375 0.213592529296875
-0.414398193359375 -0.02801513671875 -0.167343139648438 0.148300170898438
-0.407379150390625 -0.13818359375 -0.0691986083984375 0.147232055664063
-0.27398681640625 -0.3221435546875 0.025726318359375 0.2230224609375
-0.191497802734375 -0.415863037109375 0.0491943359375 0.36053466796875
-0.195892333984375 -0.409820556640625 -0.054351806640625 0.49658203125
-0.2669677734375 -0.59771728515625 0.205215454101562 0.162490844726562
-0.31591796875 -0.48541259765625 0.00874328613281246 0.215576171875
-0.330841064453125 -0.355377197265625 0.050811767578125 0.24713134765625
-0.39251708984375 -0.254486083984375 0.0758514404296875 0.142181396484375
-0.413543701171875 -0.132720947265625 0.0296554565429687 0.00429916381835937
-0.502227783203125 0.0598144531250001 -0.14422607421875 0.00863647460937503
-0.47857666015625 0.2353515625 -0.219284057617188 0.0780181884765625
-0.471649169921875 0.234375 -0.190628051757813 0.131439208984375
-0.5018310546875 0.257965087890625 -0.174285888671875 0.150772094726563
-0.547210693359375 0.154296875 -0.16656494140625 0.141891479492188
-0.527435302734375 -0.0379943847656251 -0.077667236328125 0.10650634765625
-0.511688232421875 -0.161468505859375 -0.0351028442382813 0.121208190917969
-0.357635498046875 -0.36981201171875 0.0250244140625 0.168197631835937
-0.2833251953125 -0.4935302734375 -0.01300048828125 0.230606079101563
-0.287017822265625 -0.52703857421875 -0.10797119140625 0.309844970703125
-0.3162841796875 -0.65386962890625 0.118377685546875 -0.0317153930664063
-0.368804931640625 -0.53253173828125 -0.0348892211914063 0.0810317993164062
-0.360443115234375 -0.3895263671875 0.0653533935546875 0.177719116210938
-0.4171142578125 -0.297607421875 0.127159118652344 0.0790481567382812
-0.45208740234375 -0.17431640625 0.112503051757812 -0.0360183715820313
-0.56585693359375 0.0334472656250001 -0.00767135620117191 -0.055694580078125
-0.53240966796875 0.226837158203125 -0.05645751953125 -0.04925537109375
-0.520294189453125 0.23553466796875 -0.0363235473632813 -0.0188255310058594
-0.55511474609375 0.2646484375 -0.0254611968994141 0.00706863403320314
-0.584228515625 0.15509033203125 -0.0221939086914063 0.0457077026367188
-0.55023193359375 -0.04058837890625 0.0084419250488281 0.0458030700683594
-0.522430419921875 -0.152191162109375 -0.0137481689453125 0.0780487060546875
-0.382049560546875 -0.347320556640625 -0.00309753417968752 0.0885391235351562
-0.337158203125 -0.488067626953125 -0.0986862182617188 0.07501220703125
-0.34234619140625 -0.56365966796875 -0.176422119140625 0.0931549072265625
-0.312744140625 -0.5987548828125 0.04132080078125 -0.239669799804688
-0.337982177734375 -0.485321044921875 -0.0674591064453125 -0.0833282470703125
-0.303955078125 -0.362884521484375 0.0647201538085937 0.076751708984375
-0.35546875 -0.303131103515625 0.163772583007812 0.00590515136718748
-0.411651611328125 -0.19879150390625 0.191680908203125 -0.0697021484375
-0.544189453125 -0.00366210937500003 0.140129089355469 -0.118873596191406
-0.507843017578125 0.1826171875 0.119491577148437 -0.173309326171875
-0.489959716796875 0.20318603515625 0.121902465820312 -0.163864135742188
-0.523468017578125 0.220123291015625 0.120811462402344 -0.128936767578125
-0.527557373046875 0.117919921875 0.114402770996094 -0.0492782592773437
-0.47125244140625 -0.050811767578125 0.0765304565429687 -0.0104446411132813
-0.4354248046875 -0.127166748046875 -0.00772857666015628 0.0265998840332031
-0.336822509765625 -0.27197265625 -0.0412788391113281 -0.0073814392089844
-0.33172607421875 -0.410980224609375 -0.175872802734375 -0.0841064453125
-0.344696044921875 -0.52032470703125 -0.243087768554688 -0.116592407226563
-0.2659912109375 -0.441131591796875 -0.020843505859375 -0.423736572265625
-0.248687744140625 -0.345184326171875 -0.08514404296875 -0.243408203125
-0.1895751953125 -0.268325805664063 0.0424652099609375 -0.0319786071777344
-0.22869873046875 -0.254470825195313 0.177169799804687 -0.0550689697265625
-0.2999267578125 -0.186798095703125 0.253204345703125 -0.0902099609375
-0.43414306640625 -0.0351562499999999 0.276031494140625 -0.173385620117188
-0.4061279296875 0.114990234375 0.27874755859375 -0.279296875
-0.387237548828125 0.139434814453125 0.26080322265625 -0.2828369140625
-0.41741943359375 0.143798828125 0.245849609375 -0.233718872070313
-0.392364501953125 0.0579833984375 0.22174072265625 -0.115066528320313
-0.320953369140625 -0.05914306640625 0.116218566894531 -0.0503311157226563
-0.28851318359375 -0.0861816406250001 -0.0117511749267578 -0.0273246765136719
-0.249282836914063 -0.165939331054688 -0.0681686401367188 -0.107681274414063
-0.283721923828125 -0.28759765625 -0.216995239257813 -0.223175048828125
-0.3037109375 -0.4068603515625 -0.291748046875 -0.293487548828125
-0.182891845703125 -0.21112060546875 -0.0576171875 -0.547210693359375
-0.128799438476563 -0.146316528320313 -0.08929443359375 -0.36053466796875
-0.0617294311523437 -0.120697021484375 0.0107650756835937 -0.119956970214844
-0.0752716064453125 -0.149322509765625 0.171829223632813 -0.0942535400390625
-0.140106201171875 -0.133575439453125 0.28717041015625 -0.102569580078125
-0.252365112304688 -0.0561676025390625 0.376556396484375 -0.218109130859375
-0.239151000976563 0.028717041015625 0.394775390625 -0.35516357421875
-0.225387573242188 0.0561370849609375 0.359100341796875 -0.35955810546875
-0.251007080078125 0.0481719970703125 0.332305908203125 -0.289398193359375
-0.208969116210938 -0.00494384765625004 0.287506103515625 -0.14520263671875
-0.140670776367188 -0.0533905029296875 0.125663757324219 -0.07147216796875
-0.124076843261719 -0.0315322875976562 -0.0175857543945313 -0.0827178955078125
-0.149215698242188 -0.0506439208984375 -0.06878662109375 -0.202423095703125
-0.20684814453125 -0.1400146484375 -0.21173095703125 -0.327056884765625
-0.22467041015625 -0.243942260742188 -0.319427490234375 -0.41845703125
0.0850753784179687 -0.0185699462890625 0.3856201171875 0.423553466796875
0.117195129394531 -0.0527267456054688 0.19195556640625 0.37939453125
0.0230636596679687 -0.0943679809570313 0.096466064453125 0.228713989257813
-0.0441169738769531 -0.0462913513183594 0.0121307373046875 0.139762878417969
-0.0384712219238281 0.00667190551757812 -0.12896728515625 0.0480194091796875
-0.0069580078125 0.0435256958007812 -0.345184326171875 0.1427001953125
0.0192146301269531 0.0625038146972656 -0.4263916015625 0.337982177734375
0.0279273986816406 0.0423431396484375 -0.414154052734375 0.412139892578125
0.0454254150390625 0.0545501708984375 -0.425811767578125 0.391326904296875
0.0143203735351563 0.070068359375 -0.4256591796875 0.258087158203125
-0.0300064086914062 0.0740814208984375 -0.288177490234375 0.164306640625
-0.0723037719726563 0.045745849609375 -0.133529663085938 0.139778137207031
-0.0629310607910156 -0.0412368774414063 -0.030181884765625 0.227462768554688
0.0168914794921875 -0.0520248413085938 0.1065673828125 0.4599609375
0.0259246826171875 0.0125732421875 -0.00439453124999998 0.6810302734375
-0.053466796875 -0.247970581054687 0.357696533203125 0.40673828125
-0.0460357666015625 -0.211639404296875 0.129913330078125 0.37274169921875
-0.108413696289063 -0.1904296875 0.066131591796875 0.275894165039063
-0.182937622070313 -0.121627807617188 0.02032470703125 0.179733276367188
-0.1942138671875 -0.036102294921875 -0.0894088745117188 0.0489730834960938
-0.209884643554688 0.0727386474609375 -0.322906494140625 0.11883544921875
-0.182601928710938 0.158798217773438 -0.41900634765625 0.29779052734375
-0.176361083984375 0.138519287109375 -0.398162841796875 0.377166748046875
-0.181503295898438 0.148635864257812 -0.39813232421875 0.368408203125
-0.225677490234375 0.099578857421875 -0.395111083984375 0.260711669921875
-0.244674682617188 0.011474609375 -0.245681762695313 0.169235229492187
-0.257644653320313 -0.0642852783203125 -0.104598999023438 0.153396606445313
-0.1746826171875 -0.211334228515625 0.00965881347656247 0.243942260742188
-0.09197998046875 -0.270309448242188 0.10247802734375 0.44921875
-0.0917510986328125 -0.22674560546875 -0.01055908203125 0.64447021484375
-0.188446044921875 -0.457916259765625 0.2991943359375 0.318115234375
-0.21099853515625 -0.371002197265625 0.068023681640625 0.3218994140625
-0.244049072265625 -0.284332275390625 0.052032470703125 0.287384033203125
-0.31585693359375 -0.19146728515625 0.0437164306640625 0.185714721679687
-0.3319091796875 -0.081146240234375 -0.0344161987304688 0.0361557006835937
-0.387176513671875 0.082275390625 -0.253814697265625 0.0752716064453125
-0.360260009765625 0.226776123046875 -0.34759521484375 0.210845947265625
-0.355682373046875 0.214508056640625 -0.3204345703125 0.28179931640625
-0.377227783203125 0.23114013671875 -0.30950927734375 0.2884521484375
-0.42999267578125 0.141326904296875 -0.300994873046875 0.227203369140625
-0.43243408203125 -0.0200500488281249 -0.1719970703125 0.155197143554688
-0.42816162109375 -0.133392333984375 -0.0682373046875 0.149124145507813
-0.29083251953125 -0.33221435546875 0.0356903076171875 0.21978759765625
-0.20782470703125 -0.430938720703125 0.067779541015625 0.367523193359375
-0.210601806640625 -0.420135498046875 -0.0413818359375001 0.513641357421875
-0.2911376953125 -0.6109619140625 0.213607788085937 0.167648315429687
-0.340301513671875 -0.495635986328125 0.0093841552734375 0.227813720703125
-0.347503662109375 -0.363555908203125 0.058837890625 0.2608642578125
-0.41326904296875 -0.25408935546875 0.08477783203125 0.15252685546875
-0.435211181640625 -0.12933349609375 0.037506103515625 0.00626373291015624
-0.52081298828125 0.073699951171875 -0.144699096679688 0.014190673828125
-0.48876953125 0.25506591796875 -0.222457885742188 0.09027099609375
-0.481109619140625 0.258819580078125 -0.19439697265625 0.141998291015625
-0.5130615234375 0.284698486328125 -0.178955078125 0.16009521484375
-0.56378173828125 0.175537109375 -0.168441772460938 0.148910522460938
-0.552734375 -0.0256042480468749 -0.0803756713867188 0.110237121582031
-0.5367431640625 -0.153533935546875 -0.0336761474609375 0.122611999511719
-0.37957763671875 -0.378814697265625 0.0315093994140625 0.160629272460937
-0.3070068359375 -0.50799560546875 -0.00312805175781254 0.232330322265625
-0.31011962890625 -0.538055419921875 -0.10302734375 0.321197509765625
-0.344482421875 -0.6663818359375 0.120323181152344 -0.0311203002929688
-0.396209716796875 -0.543212890625 -0.0408859252929688 0.0889358520507812
-0.37890625 -0.3992919921875 0.0709075927734375 0.189422607421875
-0.440704345703125 -0.296356201171875 0.133590698242187 0.08648681640625
-0.476806640625 -0.17059326171875 0.12078857421875 -0.0352935791015625
-0.58697509765625 0.0467529296875001 -0.00340652465820316 -0.0558090209960938
-0.547119140625 0.248260498046875 -0.0569305419921875 -0.0466156005859375
-0.531890869140625 0.26214599609375 -0.0401649475097657 -0.0176811218261719
-0.56573486328125 0.292236328125 -0.0289230346679688 0.00822448730468752
-0.60247802734375 0.17718505859375 -0.0210456848144532 0.0455093383789063
-0.5732421875 -0.0284423828125001 0.00817108154296872 0.0466423034667969
-0.547637939453125 -0.1435546875 -0.0135726928710938 0.0779190063476562
-0.40228271484375 -0.355621337890625 -0.00134277343750003 0.0783157348632812
-0.36077880859375 -0.49957275390625 -0.0980606079101563 0.07305908203125
-0.36834716796875 -0.57403564453125 -0.179718017578125 0.100082397460937
-0.34002685546875 -0.61236572265625 0.03369140625 -0.244277954101563
-0.36456298828125 -0.492706298828125 -0.0780487060546875 -0.0797805786132813
-0.3211669921875 -0.371734619140625 0.0654296875 0.0846786499023437
-0.3763427734375 -0.307037353515625 0.166732788085937 0.00970458984374998
-0.434173583984375 -0.199462890625 0.199951171875 -0.071990966796875
-0.56536865234375 0.01031494140625 0.149368286132812 -0.12469482421875
-0.522125244140625 0.2010498046875 0.12237548828125 -0.179519653320312
-0.50128173828125 0.225250244140625 0.120285034179687 -0.171615600585938
-0.5367431640625 0.245758056640625 0.118255615234375 -0.136566162109375
-0.543548583984375 0.13677978515625 0.116355895996094 -0.0547561645507812
-0.490966796875 -0.0420532226562501 0.078277587890625 -0.014892578125
-0.454833984375 -0.11968994140625 -0.00913238525390628 0.0255985260009766
-0.354888916015625 -0.276580810546875 -0.0444602966308594 -0.0187873840332031
-0.355682373046875 -0.4188232421875 -0.184188842773438 -0.088714599609375
-0.372283935546875 -0.5263671875 -0.25537109375 -0.115692138671875
-0.286865234375 -0.449615478515625 -0.0341796875 -0.434661865234375
-0.26531982421875 -0.351165771484375 -0.1007080078125 -0.245071411132813
-0.201080322265625 -0.276641845703125 0.0387802124023437 -0.0276145935058594
-0.245346069335938 -0.259872436523437 0.177169799804687 -0.0541839599609375
-0.319183349609375 -0.188873291015625 0.262710571289063 -0.09417724609375
-0.4532470703125 -0.02581787109375 0.289031982421875 -0.184722900390625
-0.418487548828125 0.1295166015625 0.2835693359375 -0.29449462890625
-0.39556884765625 0.15618896484375 0.260223388671875 -0.299072265625
-0.428009033203125 0.162017822265625 0.245391845703125 -0.247451782226563
-0.406524658203125 0.0714111328125001 0.225479125976563 -0.126205444335938
-0.334442138671875 -0.0552673339843749 0.11846923828125 -0.055755615234375
-0.30023193359375 -0.081451416015625 -0.0147495269775391 -0.0286693572998047
-0.2606201171875 -0.16650390625 -0.077667236328125 -0.120223999023438
-0.30194091796875 -0.290740966796875 -0.23126220703125 -0.230987548828125
-0.3272705078125 -0.41217041015625 -0.311126708984375 -0.296234130859375
-0.19549560546875 -0.21331787109375 -0.0738525390624999 -0.561279296875
-0.137924194335938 -0.149063110351563 -0.10772705078125 -0.36767578125
-0.066741943359375 -0.125083923339844 0.00359344482421873 -0.118392944335938
-0.083770751953125 -0.1549072265625 0.169692993164063 -0.09490966796875
-0.1522216796875 -0.136154174804687 0.2955322265625 -0.106475830078125
-0.265853881835938 -0.0507049560546875 0.389007568359375 -0.23443603515625
-0.24835205078125 0.0368194580078125 0.402557373046875 -0.3765869140625
-0.232391357421875 0.0643157958984375 0.361053466796875 -0.380828857421875
-0.258285522460938 0.057220458984375 0.332977294921875 -0.30804443359375
-0.217987060546875 0.000305175781249996 0.292510986328125 -0.159271240234375
-0.146591186523438 -0.054168701171875 0.126235961914063 -0.076690673828125
-0.127265930175781 -0.0287399291992188 -0.0233383178710937 -0.0863494873046875
-0.15472412109375 -0.0480194091796875 -0.0804290771484375 -0.217086791992188
-0.219085693359375 -0.13812255859375 -0.230133056640625 -0.337646484375
-0.24053955078125 -0.243942260742188 -0.340576171875 -0.4267578125
0.0893478393554688 -0.025970458984375 0.42388916015625 0.42266845703125
0.117530822753906 -0.0648651123046875 0.222503662109375 0.387969970703125
0.0173263549804687 -0.100128173828125 0.117080688476562 0.237457275390625
-0.049468994140625 -0.0458488464355469 0.029205322265625 0.147125244140625
-0.0402793884277344 0.008514404296875 -0.127143859863281 0.055419921875
-0.00500869750976562 0.0461349487304688 -0.3521728515625 0.170501708984375
0.0248260498046875 0.0638809204101563 -0.4237060546875 0.379486083984375
0.0325431823730469 0.0425834655761719 -0.40814208984375 0.453155517578125
0.0516395568847656 0.053741455078125 -0.4248046875 0.429046630859375
0.0190048217773438 0.0717849731445313 -0.43341064453125 0.29150390625
-0.0279998779296875 0.0787582397460938 -0.293121337890625 0.181793212890625
-0.07086181640625 0.0509414672851563 -0.131698608398438 0.147384643554687
-0.0671195983886719 -0.0409393310546875 -0.0150299072265625 0.232940673828125
0.0158805847167969 -0.0584564208984375 0.145599365234375 0.46966552734375
0.0302925109863281 0.0102729797363281 0.0380249023437501 0.7076416015625
-0.0682830810546875 -0.25738525390625 0.394134521484375 0.405792236328125
-0.060333251953125 -0.22149658203125 0.15521240234375 0.38543701171875
-0.123397827148438 -0.19488525390625 0.087615966796875 0.28765869140625
-0.200225830078125 -0.115859985351562 0.0399017333984375 0.189682006835938
-0.206924438476563 -0.027008056640625 -0.0841064453125 0.0551223754882813
-0.216079711914062 0.08837890625 -0.327911376953125 0.1446533203125
-0.179611206054688 0.17584228515625 -0.416900634765625 0.33795166015625
-0.175384521484375 0.155487060546875 -0.39166259765625 0.415618896484375
-0.180068969726563 0.165542602539063 -0.39703369140625 0.404754638671875
-0.230056762695313 0.117538452148437 -0.39923095703125 0.29107666015625
-0.25677490234375 0.0254974365234375 -0.251190185546875 0.186798095703125
-0.273727416992188 -0.0526275634765625 -0.100631713867188 0.160659790039063
-0.194686889648438 -0.2152099609375 0.0263214111328125 0.245803833007813
-0.110626220703125 -0.28216552734375 0.13812255859375 0.45556640625
-0.10736083984375 -0.233856201171875 0.0287475585937499 0.6700439453125
-0.220062255859375 -0.46954345703125 0.328338623046875 0.3192138671875
-0.24237060546875 -0.377044677734375 0.085693359375 0.337921142578125
-0.26806640625 -0.288299560546875 0.0731201171875 0.301544189453125
-0.340850830078125 -0.181121826171875 0.062255859375 0.196578979492188
-0.352813720703125 -0.066864013671875 -0.02777099609375 0.0403022766113281
-0.401275634765625 0.108001708984375 -0.256759643554688 0.092620849609375
-0.3643798828125 0.257110595703125 -0.347503662109375 0.242095947265625
-0.357696533203125 0.246612548828125 -0.318023681640625 0.3123779296875
-0.37945556640625 0.263763427734375 -0.3082275390625 0.31671142578125
-0.441070556640625 0.173187255859375 -0.301666259765625 0.2523193359375
-0.455596923828125 0.00375366210937504 -0.173812866210938 0.169769287109375
-0.45458984375 -0.114898681640625 -0.0630340576171875 0.154266357421875
-0.321990966796875 -0.33612060546875 0.0506439208984375 0.216140747070312
-0.24102783203125 -0.4423828125 0.0968017578125 0.371826171875
-0.24261474609375 -0.4283447265625 -0.012237548828125 0.535003662109375
-0.3363037109375 -0.62030029296875 0.230728149414062 0.16802978515625
-0.383148193359375 -0.49822998046875 0.0164031982421875 0.242996215820312
-0.3824462890625 -0.36572265625 0.077606201171875 0.274200439453125
-0.44793701171875 -0.242279052734375 0.100860595703125 0.16131591796875
-0.464874267578125 -0.110321044921875 0.0449409484863281 0.00592041015624999
-0.542694091796875 0.10467529296875 -0.143890380859375 0.0245208740234375
-0.49688720703125 0.294189453125 -0.222900390625 0.108596801757812
-0.48529052734375 0.298248291015625 -0.195159912109375 0.1602783203125
-0.5184326171875 0.327911376953125 -0.180572509765625 0.176620483398438
-0.57989501953125 0.21795654296875 -0.168045043945313 0.162796020507813
-0.5819091796875 0.00384521484374998 -0.0798873901367188 0.118507385253906
-0.5716552734375 -0.12969970703125 -0.0306930541992188 0.125404357910156
-0.416717529296875 -0.380889892578125 0.0419769287109375 0.15283203125
-0.350372314453125 -0.517974853515625 0.0140533447265625 0.235885620117187
-0.3525390625 -0.54351806640625 -0.08740234375 0.33880615234375
-0.39605712890625 -0.67633056640625 0.1229248046875 -0.0337448120117188
-0.443939208984375 -0.54364013671875 -0.0446624755859375 0.101654052734375
-0.4166259765625 -0.40081787109375 0.0842285156249999 0.20086669921875
-0.477294921875 -0.287200927734375 0.145095825195312 0.0909881591796875
-0.51019287109375 -0.156219482421875 0.130470275878906 -0.042144775390625
-0.61297607421875 0.0819091796875001 0.000274658203124966 -0.0574607849121094
-0.559326171875 0.28753662109375 -0.0590591430664063 -0.0430946350097656
-0.53802490234375 0.306182861328125 -0.0435562133789063 -0.0152626037597656
-0.57342529296875 0.33941650390625 -0.0319156646728516 0.010671615600586
-0.619384765625 0.22039794921875 -0.0201263427734375 0.0457305908203125
-0.602294921875 0.00134277343749996 0.00907135009765622 0.0469970703125
-0.5810546875 -0.1182861328125 -0.0121612548828125 0.0798797607421875
-0.43902587890625 -0.352447509765625 0.000492095947265601 0.0676078796386718
-0.40631103515625 -0.50421142578125 -0.0968475341796875 0.0748443603515625
-0.416015625 -0.576171875 -0.18157958984375 0.113052368164062
-0.38818359375 -0.61822509765625 0.0217132568359375 -0.25091552734375
-0.407958984375 -0.493194580078125 -0.0927200317382813 -0.0734786987304688
-0.35223388671875 -0.375 0.0712203979492187 0.091888427734375
-0.412139892578125 -0.300811767578125 0.17315673828125 0.00892639160156248
-0.4696044921875 -0.18536376953125 0.210784912109375 -0.082977294921875
-0.59136962890625 0.0408325195312501 0.15460205078125 -0.138290405273438
-0.537750244140625 0.239166259765625 0.120101928710937 -0.192581176757812
-0.5084228515625 0.2646484375 0.113357543945312 -0.184829711914062
-0.544921875 0.2899169921875 0.114212036132812 -0.148406982421875
-0.5599365234375 0.1763916015625 0.119010925292969 -0.0659255981445313
-0.515869140625 -0.017242431640625 0.0789031982421875 -0.019439697265625
-0.48211669921875 -0.0992431640625001 -0.0100421905517578 0.0249881744384766
-0.38323974609375 -0.27105712890625 -0.0515594482421875 -0.0296974182128906
-0.396636962890625 -0.417877197265625 -0.197662353515625 -0.0877227783203126
-0.41876220703125 -0.5260009765625 -0.272201538085937 -0.105987548828125
-0.32666015625 -0.452362060546875 -0.058563232421875 -0.447967529296875
-0.29986572265625 -0.350433349609375 -0.12628173828125 -0.245620727539063
-0.224212646484375 -0.281951904296875 0.0352439880371094 -0.0229568481445313
-0.271514892578125 -0.261032104492188 0.177841186523437 -0.0577239990234375
-0.34893798828125 -0.179901123046875 0.27203369140625 -0.108078002929688
-0.477630615234375 9.15527343749167E-05 0.29705810546875 -0.2088623046875
-0.43115234375 0.157958984375 0.2822265625 -0.322906494140625
-0.404052734375 0.1864013671875 0.253509521484375 -0.324493408203125
-0.4373779296875 0.1961669921875 0.238723754882813 -0.27093505859375
-0.419586181640625 0.0991516113281249 0.226364135742187 -0.146408081054688
-0.352935791015625 -0.0419311523437501 0.117637634277344 -0.0648956298828125
-0.316802978515625 -0.0667724609375 -0.0203075408935547 -0.0322265625
-0.279937744140625 -0.158447265625 -0.0929641723632812 -0.13134765625
-0.33294677734375 -0.28277587890625 -0.25506591796875 -0.2310791015625
-0.36676025390625 -0.40814208984375 -0.3404541015625 -0.29339599609375
-0.216262817382813 -0.20953369140625 -0.10711669921875 -0.578125
-0.153060913085938 -0.14801025390625 -0.139129638671875 -0.374542236328125
-0.0760116577148437 -0.129524230957031 -0.00707244873046874 -0.115898132324219
-0.0981903076171875 -0.159347534179688 0.16717529296875 -0.100616455078125
-0.170028686523438 -0.134353637695313 0.306976318359375 -0.1217041015625
-0.28173828125 -0.03521728515625 0.39892578125 -0.264678955078125
-0.259841918945313 0.051239013671875 0.400482177734375 -0.4169921875
-0.239013671875 0.0801544189453125 0.35516357421875 -0.4168701171875
-0.2664794921875 0.076263427734375 0.32818603515625 -0.337799072265625
-0.22821044921875 0.012664794921875 0.294464111328125 -0.183074951171875
-0.156341552734375 -0.0498809814453125 0.12481689453125 -0.0872116088867187
-0.131805419921875 -0.0218734741210938 -0.0322265625 -0.0912094116210938
-0.163116455078125 -0.0388641357421875 -0.102325439453125 -0.228317260742187
-0.239776611328125 -0.129379272460937 -0.260711669921875 -0.341461181640625
-0.26458740234375 -0.237503051757813 -0.379913330078125 -0.427032470703125
0.0920257568359375 -0.0353164672851562 0.464080810546875 0.39862060546875
0.112724304199219 -0.0783920288085938 0.26019287109375 0.381439208984375
0.00748443603515626 -0.107185363769531 0.144149780273438 0.2347412109375
-0.0569610595703125 -0.0416183471679688 0.050628662109375 0.149002075195313
-0.0403900146484375 0.0133934020996094 -0.120819091796875 0.0650405883789062
-0.000637054443359372 0.0482826232910156 -0.344879150390625 0.20361328125
0.0330657958984375 0.0629119873046875 -0.396484375 0.4239501953125
0.0368118286132813 0.0424232482910156 -0.378631591796875 0.49591064453125
0.0582313537597656 0.0488166809082031 -0.401763916015625 0.47418212890625
0.0238876342773437 0.0708389282226563 -0.42230224609375 0.330963134765625
-0.0216522216796875 0.0822296142578125 -0.288177490234375 0.20587158203125
-0.0689773559570313 0.05670166015625 -0.123458862304688 0.154464721679687
-0.0722732543945313 -0.0404815673828125 0.00785827636718748 0.234649658203125
0.0117034912109375 -0.0674591064453125 0.1925048828125 0.459564208984375
0.0336494445800781 0.00648117065429688 0.099609375 0.71429443359375
-0.090423583984375 -0.259536743164063 0.4342041015625 0.384246826171875
-0.0814208984375 -0.2237548828125 0.189422607421875 0.387603759765625
-0.141876220703125 -0.192794799804687 0.117279052734375 0.287078857421875
-0.215042114257812 -0.1016845703125 0.0620574951171875 0.19293212890625
-0.215408325195313 -0.011962890625 -0.079498291015625 0.0611038208007812
-0.2130126953125 0.108627319335937 -0.320404052734375 0.175872802734375
-0.16864013671875 0.196258544921875 -0.39337158203125 0.37896728515625
-0.1639404296875 0.174087524414062 -0.369232177734375 0.455902099609375
-0.17108154296875 0.183456420898437 -0.37725830078125 0.4437255859375
-0.224472045898437 0.138519287109375 -0.38751220703125 0.3267822265625
-0.26336669921875 0.0461883544921876 -0.243438720703125 0.211715698242188
-0.28369140625 -0.0325927734375 -0.0905914306640625 0.168838500976563
-0.214141845703125 -0.2095947265625 0.04888916015625 0.240020751953125
-0.138763427734375 -0.28338623046875 0.182891845703125 0.44879150390625
-0.12554931640625 -0.231704711914063 0.08575439453125 0.67626953125
-0.260406494140625 -0.46417236328125 0.361297607421875 0.304901123046875
-0.277923583984375 -0.36614990234375 0.112884521484375 0.344390869140625
-0.2999267578125 -0.2796630859375 0.10302734375 0.30584716796875
-0.365234375 -0.158172607421875 0.0871734619140625 0.20037841796875
-0.372283935546875 -0.0417785644531251 -0.0187644958496094 0.0427780151367188
-0.404693603515625 0.14453125 -0.250656127929687 0.1181640625
-0.3509521484375 0.291046142578125 -0.330169677734375 0.277740478515625
-0.3428955078125 0.2835693359375 -0.297515869140625 0.344573974609375
-0.367462158203125 0.303253173828125 -0.2921142578125 0.349761962890625
-0.437591552734375 0.212554931640625 -0.294219970703125 0.279693603515625
-0.469757080078125 0.041229248046875 -0.165863037109375 0.186141967773437
-0.477294921875 -0.080902099609375 -0.0531158447265625 0.159408569335938
-0.35589599609375 -0.321563720703125 0.0693511962890625 0.204498291015625
-0.281707763671875 -0.440032958984375 0.133941650390625 0.363128662109375
-0.280029296875 -0.418121337890625 0.0335693359375 0.5462646484375
-0.39459228515625 -0.6092529296875 0.250350952148438 0.157974243164063
-0.430694580078125 -0.4791259765625 0.0337066650390625 0.253311157226562
-0.420379638671875 -0.3486328125 0.105636596679687 0.280441284179688
-0.4788818359375 -0.212677001953125 0.123184204101562 0.162322998046875
-0.48773193359375 -0.0762023925781251 0.0534286499023437 0.00204086303710937
-0.549407958984375 0.149017333984375 -0.141387939453125 0.03570556640625
-0.487274169921875 0.34112548828125 -0.214584350585938 0.131591796875
-0.469207763671875 0.347076416015625 -0.186721801757813 0.179641723632813
-0.5018310546875 0.38134765625 -0.17413330078125 0.194869995117188
-0.5760498046875 0.272705078125 -0.160598754882813 0.177642822265625
-0.5980224609375 0.0521240234375001 -0.0745162963867188 0.12493896484375
-0.5950927734375 -0.0855102539062499 -0.02337646484375 0.127769470214844
-0.457183837890625 -0.3623046875 0.05145263671875 0.138671875
-0.400115966796875 -0.50531005859375 0.0364990234375 0.23162841796875
-0.404022216796875 -0.527008056640625 -0.0598449707031251 0.350341796875
-0.4605712890625 -0.6610107421875 0.123092651367187 -0.0388412475585938
-0.50128173828125 -0.51715087890625 -0.0418243408203125 0.113426208496094
-0.458282470703125 -0.38104248046875 0.102676391601562 0.204071044921875
-0.51409912109375 -0.256378173828125 0.159835815429687 0.0889129638671875
-0.537506103515625 -0.11920166015625 0.13720703125 -0.0513381958007813
-0.62420654296875 0.13177490234375 0.000621795654296833 -0.0580406188964844
-0.549560546875 0.340728759765625 -0.0587959289550782 -0.0387725830078125
-0.522064208984375 0.357147216796875 -0.0459403991699219 -0.011383056640625
-0.561065673828125 0.39593505859375 -0.0352325439453125 0.015411376953125
-0.616943359375 0.27880859375 -0.0196418762207032 0.0452957153320313
-0.62115478515625 0.0489501953125 0.012298583984375 0.047210693359375
-0.605224609375 -0.0745239257812501 -0.00776672363281255 0.080718994140625
-0.477630615234375 -0.32958984375 -9.91821289062795E-05 0.0580863952636718
-0.45709228515625 -0.485015869140625 -0.0920257568359375 0.0782546997070312
-0.472686767578125 -0.554168701171875 -0.174468994140625 0.128692626953125
-0.4471435546875 -0.5970458984375 0.00285339355468749 -0.25408935546875
-0.459320068359375 -0.467987060546875 -0.107749938964844 -0.0632171630859375
-0.390899658203125 -0.359283447265625 0.0814285278320312 0.0942230224609375
-0.446044921875 -0.276702880859375 0.178726196289062 0.00297546386718748
-0.499420166015625 -0.15338134765625 0.215484619140625 -0.09967041015625
-0.6064453125 0.0911865234375 0.152389526367187 -0.153640747070312
-0.5341796875 0.28564453125 0.107711791992187 -0.206695556640625
-0.4959716796875 0.314117431640625 0.102005004882813 -0.197479248046875
-0.53363037109375 0.34112548828125 0.100799560546875 -0.157211303710937
-0.560577392578125 0.226898193359375 0.113143920898437 -0.08172607421875
-0.53289794921875 0.021453857421875 0.0785903930664062 -0.0282821655273437
-0.50299072265625 -0.0637207031249999 -0.011648178100586 0.0241832733154297
-0.413299560546875 -0.25201416015625 -0.0627784729003907 -0.0353355407714844
-0.439971923828125 -0.394134521484375 -0.20831298828125 -0.080047607421875
-0.46929931640625 -0.502349853515625 -0.288482666015625 -0.0860900878906251
-0.3681640625 -0.430755615234375 -0.09765625 -0.44647216796875
-0.336151123046875 -0.330780029296875 -0.152435302734375 -0.234725952148438
-0.251571655273438 -0.272979736328125 0.0338096618652344 -0.0177650451660156
-0.302825927734375 -0.248870849609375 0.176971435546875 -0.0657501220703125
-0.371734619140625 -0.15814208984375 0.274642944335938 -0.129257202148438
-0.49188232421875 0.038177490234375 0.2906494140625 -0.23626708984375
-0.43115234375 0.196075439453125 0.265380859375 -0.354095458984375
-0.396636962890625 0.222808837890625 0.23126220703125 -0.351348876953125
-0.429656982421875 0.234954833984375 0.22100830078125 -0.293365478515625
-0.4232177734375 0.13397216796875 0.216339111328125 -0.171371459960938
-0.3660888671875 -0.0140991210937499 0.113113403320312 -0.0762557983398438
-0.327239990234375 -0.043975830078125 -0.0279731750488281 -0.0292434692382813
-0.296844482421875 -0.1396484375 -0.113533020019531 -0.136192321777344
-0.36431884765625 -0.261688232421875 -0.280563354492188 -0.219329833984375
-0.40863037109375 -0.38427734375 -0.37347412109375 -0.272003173828125
-0.241180419921875 -0.196243286132812 -0.15484619140625 -0.57977294921875
-0.172897338867188 -0.136886596679688 -0.178131103515625 -0.36456298828125
-0.0894088745117187 -0.127449035644531 -0.018280029296875 -0.108551025390625
-0.114913940429688 -0.158432006835938 0.162307739257813 -0.109664916992188
-0.18731689453125 -0.126678466796875 0.30517578125 -0.145660400390625
-0.2911376953125 -0.011199951171875 0.3912353515625 -0.30352783203125
-0.263504028320313 0.076507568359375 0.37762451171875 -0.46026611328125
-0.237991333007813 0.102645874023437 0.329132080078125 -0.452911376953125
-0.264068603515625 0.0999908447265625 0.306640625 -0.3697509765625
-0.23309326171875 0.0308837890625 0.2838134765625 -0.211181640625
-0.16278076171875 -0.042816162109375 0.118461608886719 -0.0980224609375
-0.135383605957031 -0.0143356323242188 -0.0471115112304688 -0.0898895263671875
-0.168212890625 -0.0252838134765625 -0.1297607421875 -0.234817504882812
-0.255889892578125 -0.110702514648438 -0.295196533203125 -0.331268310546875
-0.28887939453125 -0.219940185546875 -0.4207763671875 -0.403594970703125
0.0871124267578125 -0.04412841796875 0.493804931640625 0.359954833984375
0.104026794433594 -0.090728759765625 0.291229248046875 0.36016845703125
-0.00386810302734374 -0.106330871582031 0.1641845703125 0.221893310546875
-0.0597801208496094 -0.0364723205566406 0.0696868896484375 0.144729614257813
-0.0416374206542969 0.0162506103515625 -0.110313415527344 0.0733108520507813
0.000968933105468748 0.0508346557617188 -0.32171630859375 0.231781005859375
0.0369758605957031 0.0579605102539063 -0.3621826171875 0.45068359375
0.04022216796875 0.0367660522460938 -0.339141845703125 0.51727294921875
0.0629158020019531 0.0421295166015625 -0.365936279296875 0.5001220703125
0.0329322814941406 0.0681533813476563 -0.399078369140625 0.3592529296875
-0.0155792236328125 0.0843429565429688 -0.2740478515625 0.22296142578125
-0.0627784729003906 0.0605087280273438 -0.112579345703125 0.15704345703125
-0.07550048828125 -0.0345382690429688 0.024658203125 0.225296020507813
0.00305175781249999 -0.0681991577148438 0.22833251953125 0.433624267578125
0.0359115600585938 0.0008544921875 0.15216064453125 0.6973876953125
-0.109283447265625 -0.25299072265625 0.462066650390625 0.350616455078125
-0.10040283203125 -0.216262817382813 0.21966552734375 0.373748779296875
-0.159194946289063 -0.18365478515625 0.143173217773438 0.280181884765625
-0.22314453125 -0.0830688476562499 0.0868072509765625 0.188461303710938
-0.216629028320313 0.0077056884765625 -0.066925048828125 0.063690185546875
-0.206008911132812 0.127578735351563 -0.299896240234375 0.199798583984375
-0.154098510742188 0.206771850585937 -0.358367919921875 0.40594482421875
-0.149581909179688 0.184814453125 -0.32989501953125 0.480194091796875
-0.153060913085937 0.195938110351563 -0.3421630859375 0.4710693359375
-0.214202880859375 0.15570068359375 -0.364288330078125 0.354156494140625
-0.259689331054688 0.06695556640625 -0.228790283203125 0.22222900390625
-0.28497314453125 -0.011627197265625 -0.0782623291015625 0.16717529296875
-0.231399536132813 -0.196151733398438 0.065277099609375 0.226226806640625
-0.15789794921875 -0.27667236328125 0.21990966796875 0.421905517578125
-0.139404296875 -0.223281860351563 0.13958740234375 0.66180419921875
-0.295440673828125 -0.442840576171875 0.38226318359375 0.27557373046875
-0.307220458984375 -0.342803955078125 0.138458251953125 0.33673095703125
-0.320098876953125 -0.259307861328125 0.13043212890625 0.29730224609375
-0.37799072265625 -0.128387451171875 0.108047485351562 0.195205688476563
-0.373565673828125 -0.0115966796875001 -0.00967788696289065 0.040771484375
-0.3924560546875 0.1749267578125 -0.234588623046875 0.135238647460937
-0.32806396484375 0.31768798828125 -0.30316162109375 0.299774169921875
-0.317657470703125 0.306976318359375 -0.270660400390625 0.36517333984375
-0.339996337890625 0.33038330078125 -0.265899658203125 0.370574951171875
-0.42120361328125 0.248809814453125 -0.272796630859375 0.297607421875
-0.468048095703125 0.0785827636718749 -0.152313232421875 0.193939208984375
-0.4814453125 -0.0438842773437499 -0.042572021484375 0.15618896484375
-0.379730224609375 -0.30029296875 0.0797882080078125 0.187652587890625
-0.3165283203125 -0.42132568359375 0.161529541015625 0.3421630859375
-0.309051513671875 -0.395355224609375 0.075897216796875 0.535552978515625
-0.43621826171875 -0.576904296875 0.262359619140625 0.140213012695313
-0.466583251953125 -0.43975830078125 0.0509490966796875 0.25555419921875
-0.44720458984375 -0.3211669921875 0.12890625 0.272247314453125
-0.4940185546875 -0.175079345703125 0.139785766601562 0.156845092773438
-0.4951171875 -0.0391845703125001 0.0598335266113281 -0.00315475463867188
-0.5364990234375 0.192169189453125 -0.130447387695313 0.0457992553710938
-0.45751953125 0.376129150390625 -0.200241088867188 0.145660400390625
-0.4384765625 0.381500244140625 -0.172500610351563 0.194381713867188
-0.46722412109375 0.41864013671875 -0.1583251953125 0.209579467773438
-0.55230712890625 0.31549072265625 -0.1502685546875 0.185760498046875
-0.5953369140625 0.0966796875 -0.0639190673828126 0.12921142578125
-0.6007080078125 -0.0397338867187499 -0.0128173828125 0.124771118164062
-0.482421875 -0.33154296875 0.0558013916015625 0.124076843261719
-0.4385986328125 -0.47760009765625 0.05419921875 0.217681884765625
-0.439544677734375 -0.492828369140625 -0.0309143066406251 0.35125732421875
-0.50689697265625 -0.6219482421875 0.121376037597656 -0.0447311401367188
-0.5374755859375 -0.4744873046875 -0.0353317260742188 0.124168395996094
-0.4842529296875 -0.350860595703125 0.121337890625 0.200057983398437
-0.532501220703125 -0.217803955078125 0.168411254882812 0.0831146240234375
-0.547882080078125 -0.0762634277343751 0.137138366699219 -0.0617599487304688
-0.61181640625 0.180419921875 0.00189971923828122 -0.0612068176269531
-0.522796630859375 0.3798828125 -0.0595283508300782 -0.0341911315917968
-0.492156982421875 0.395599365234375 -0.0473709106445313 -0.00495529174804686
-0.523956298828125 0.440338134765625 -0.0357246398925782 0.0187530517578125
-0.5931396484375 0.32733154296875 -0.0187797546386719 0.0437774658203125
-0.61883544921875 0.0972900390625 0.0141410827636718 0.0445785522460938
-0.6072998046875 -0.02630615234375 -0.00256347656250004 0.077178955078125
-0.499481201171875 -0.297882080078125 -0.00357818603515628 0.0457687377929687
-0.49468994140625 -0.44921875 -0.0858993530273438 0.0754318237304687
-0.510589599609375 -0.513214111328125 -0.162155151367188 0.139801025390625
-0.4891357421875 -0.562255859375 -0.015045166015625 -0.248855590820313
-0.4931640625 -0.42645263671875 -0.114517211914063 -0.043914794921875
-0.4149169921875 -0.334747314453125 0.090087890625 0.0936965942382812
-0.468475341796875 -0.24334716796875 0.178924560546875 -0.00149536132812501
-0.51226806640625 -0.11297607421875 0.208480834960937 -0.114059448242188
-0.59820556640625 0.1385498046875 0.146377563476562 -0.165695190429688
-0.50927734375 0.328155517578125 0.0952758789062499 -0.215103149414062
-0.46990966796875 0.350860595703125 0.0834808349609375 -0.199920654296875
-0.502532958984375 0.3818359375 0.0868225097656249 -0.163040161132812
-0.54034423828125 0.270721435546875 0.104393005371094 -0.0903701782226562
-0.530426025390625 0.0618591308593751 0.0738067626953125 -0.0321044921875
-0.501983642578125 -0.023223876953125 -0.011138916015625 0.0227241516113281
-0.428985595703125 -0.219329833984375 -0.072418212890625 -0.0410690307617188
-0.468170166015625 -0.3580322265625 -0.215362548828125 -0.0691833496093751
-0.5072021484375 -0.4580078125 -0.28973388671875 -0.063812255859375
-0.40155029296875 -0.400482177734375 -0.125640869140625 -0.433349609375
-0.360443115234375 -0.300537109375 -0.174102783203125 -0.215072631835938
-0.270065307617187 -0.256301879882813 0.0345363616943359 -0.015380859375
-0.320770263671875 -0.224853515625 0.169631958007812 -0.0699920654296875
-0.387664794921875 -0.128448486328125 0.266510009765625 -0.145965576171875
-0.486358642578125 0.0801391601562499 0.276885986328125 -0.258560180664063
-0.41571044921875 0.23114013671875 0.23748779296875 -0.373931884765625
-0.3770751953125 0.252593994140625 0.204132080078125 -0.3663330078125
-0.408721923828125 0.270599365234375 0.19635009765625 -0.303436279296875
-0.408599853515625 0.167266845703125 0.201522827148437 -0.18780517578125
-0.36724853515625 0.00985717773437505 0.104660034179687 -0.0814971923828125
-0.3287353515625 -0.0175170898437499 -0.0299358367919922 -0.0276775360107422
-0.303863525390625 -0.118743896484375 -0.130836486816406 -0.132400512695313
-0.383270263671875 -0.2315673828125 -0.299652099609375 -0.200164794921875
-0.4332275390625 -0.348175048828125 -0.38818359375 -0.240447998046875
-0.252822875976563 -0.1734619140625 -0.196746826171875 -0.55853271484375
-0.181320190429688 -0.118057250976562 -0.207977294921875 -0.344482421875
-0.0977325439453125 -0.121658325195312 -0.0262603759765625 -0.100883483886719
-0.1279296875 -0.148544311523437 0.150680541992188 -0.110397338867188
-0.199249267578125 -0.109710693359375 0.297882080078125 -0.163604736328125
-0.292327880859375 0.013824462890625 0.366851806640625 -0.332366943359375
-0.255691528320313 0.0945281982421875 0.338226318359375 -0.4852294921875
-0.227828979492187 0.11920166015625 0.289520263671875 -0.474151611328125
-0.256668090820313 0.120147705078125 0.275299072265625 -0.387054443359375
-0.228561401367188 0.0488739013671875 0.26239013671875 -0.232330322265625
-0.168167114257813 -0.0316925048828125 0.105789184570312 -0.106101989746094
-0.133255004882812 -0.00281524658203125 -0.0554046630859375 -0.0864791870117187
-0.166961669921875 -0.0123443603515625 -0.154739379882813 -0.224761962890625
-0.262954711914063 -0.089141845703125 -0.322998046875 -0.3099365234375
-0.3056640625 -0.192138671875 -0.44927978515625 -0.367950439453125
0.0837554931640625 -0.0504379272460937 0.500274658203125 0.326507568359375
0.0948410034179688 -0.0978927612304688 0.303924560546875 0.33978271484375
-0.0104598999023438 -0.104324340820312 0.177001953125 0.212112426757813
-0.0614852905273437 -0.0315742492675781 0.083770751953125 0.137191772460938
-0.0400772094726562 0.0193367004394531 -0.0988693237304687 0.0729598999023438
0.00440979003906251 0.0525932312011719 -0.2994384765625 0.244171142578125
0.0395622253417969 0.0552597045898437 -0.326080322265625 0.459381103515625
0.0411262512207031 0.0328178405761719 -0.305999755859375 0.525787353515625
0.0648612976074219 0.0382308959960938 -0.33746337890625 0.5106201171875
0.0353889465332031 0.0657119750976563 -0.3790283203125 0.3717041015625
-0.01116943359375 0.0847625732421875 -0.261795043945313 0.228866577148437
-0.0578155517578125 0.0618972778320313 -0.10357666015625 0.1533203125
-0.0781631469726563 -0.0314865112304688 0.036285400390625 0.213775634765625
-0.0011749267578125 -0.0699577331542969 0.24932861328125 0.40667724609375
0.0373992919921875 -0.00405502319335938 0.18658447265625 0.67156982421875
-0.12030029296875 -0.24603271484375 0.4713134765625 0.320220947265625
-0.111557006835938 -0.208480834960938 0.237030029296875 0.356109619140625
-0.169509887695312 -0.174102783203125 0.157913208007812 0.268386840820313
-0.225860595703125 -0.069671630859375 0.102920532226562 0.180343627929688
-0.2137451171875 0.019134521484375 -0.0559844970703125 0.0626068115234375
-0.196624755859375 0.137863159179688 -0.278900146484375 0.210922241210938
-0.140274047851562 0.210968017578125 -0.32623291015625 0.41522216796875
-0.136749267578125 0.18902587890625 -0.296905517578125 0.486175537109375
-0.140670776367188 0.200180053710937 -0.314300537109375 0.48114013671875
-0.202499389648438 0.16571044921875 -0.344757080078125 0.366119384765625
-0.253067016601563 0.080657958984375 -0.215194702148438 0.227462768554687
-0.281051635742187 0.00190734863281253 -0.0703582763671875 0.161727905273438
-0.238449096679687 -0.184127807617188 0.0730438232421875 0.209930419921875
-0.171707153320313 -0.267486572265625 0.239776611328125 0.394500732421875
-0.147689819335938 -0.212966918945312 0.17156982421875 0.63519287109375
-0.314605712890625 -0.4212646484375 0.391357421875 0.25213623046875
-0.320465087890625 -0.3211669921875 0.15472412109375 0.328460693359375
-0.331268310546875 -0.2412109375 0.146453857421875 0.28680419921875
-0.379730224609375 -0.107330322265625 0.124588012695312 0.18768310546875
-0.369232177734375 0.0102233886718751 -0.000804901123046896 0.0371971130371094
-0.3779296875 0.194976806640625 -0.2171630859375 0.143402099609375
-0.30535888671875 0.328887939453125 -0.277801513671875 0.307891845703125
-0.29473876953125 0.318115234375 -0.244842529296875 0.372894287109375
-0.314910888671875 0.34381103515625 -0.245208740234375 0.379791259765625
-0.4010009765625 0.267852783203125 -0.25787353515625 0.3055419921875
-0.458465576171875 0.10272216796875 -0.141494750976563 0.196487426757813
-0.475555419921875 -0.0185852050781249 -0.03466796875 0.150985717773438
-0.3905029296875 -0.28179931640625 0.082977294921875 0.1708984375
-0.33575439453125 -0.40118408203125 0.177154541015625 0.317535400390625
-0.321075439453125 -0.3717041015625 0.104400634765625 0.515106201171875
-0.45733642578125 -0.5447998046875 0.267791748046875 0.125747680664062
-0.482635498046875 -0.406768798828125 0.06317138671875 0.254241943359375
-0.456512451171875 -0.29571533203125 0.142990112304688 0.261917114257813
-0.49761962890625 -0.146270751953125 0.151901245117187 0.15093994140625
-0.489898681640625 -0.0106201171875 0.0647430419921875 -0.008880615234375
-0.519195556640625 0.219818115234375 -0.120330810546875 0.0488662719726562
-0.432586669921875 0.393798828125 -0.185775756835938 0.151336669921875
-0.409027099609375 0.39752197265625 -0.157821655273438 0.199539184570313
-0.437347412109375 0.437255859375 -0.147293090820313 0.215728759765625
-0.527618408203125 0.340972900390625 -0.142715454101563 0.189224243164063
-0.583740234375 0.12969970703125 -0.0584793090820313 0.128028869628906
-0.5927734375 -0.00714111328124993 -0.00875091552734378 0.118751525878906
-0.4942626953125 -0.3067626953125 0.0537796020507812 0.10833740234375
-0.45849609375 -0.450592041015625 0.06390380859375 0.202072143554688
-0.454833984375 -0.460052490234375 -0.01092529296875 0.34234619140625
-0.53076171875 -0.584716796875 0.121047973632812 -0.0476837158203125
-0.552642822265625 -0.4337158203125 -0.0298538208007813 0.131675720214844
-0.4969482421875 -0.3258056640625 0.132217407226562 0.191909790039062
-0.535736083984375 -0.18634033203125 0.174774169921875 0.0771942138671875
-0.5450439453125 -0.0451049804687501 0.136909484863281 -0.0680694580078125
-0.594482421875 0.20916748046875 0.00458145141601559 -0.0619468688964844
-0.4957275390625 0.4017333984375 -0.057769775390625 -0.0318946838378906
-0.461456298828125 0.41497802734375 -0.0466232299804688 -0.00115585327148436
-0.4908447265625 0.460174560546875 -0.0354499816894531 0.0229148864746094
-0.56500244140625 0.35498046875 -0.01971435546875 0.043121337890625
-0.605224609375 0.1273193359375 0.0153121948242187 0.0417022705078125
-0.59906005859375 0.00640869140624999 -0.00088500976562504 0.0732879638671875
-0.507232666015625 -0.271759033203125 -0.0093650817871094 0.0359992980957031
-0.508148193359375 -0.418701171875 -0.0817031860351563 0.0707321166992187
-0.526458740234375 -0.474456787109375 -0.150314331054688 0.14471435546875
-0.511871337890625 -0.52490234375 -0.02294921875 -0.24072265625
-0.5054931640625 -0.3875732421875 -0.116539001464844 -0.0301437377929688
-0.426177978515625 -0.31146240234375 0.0945816040039062 0.0913925170898437
-0.475738525390625 -0.21685791015625 0.177719116210938 -0.00308227539062501
-0.511138916015625 -0.0855407714843749 0.204452514648438 -0.120193481445313
-0.5816650390625 0.1666259765625 0.140762329101562 -0.171401977539063
-0.486419677734375 0.349700927734375 0.08416748046875 -0.216094970703125
-0.440521240234375 0.368408203125 0.07177734375 -0.200454711914062
-0.471954345703125 0.40423583984375 0.07696533203125 -0.161834716796875
-0.515960693359375 0.294891357421875 0.093597412109375 -0.095672607421875
-0.521728515625 0.088531494140625 0.0694465637207031 -0.03594970703125
-0.494293212890625 0.00448608398437491 -0.0107345581054688 0.0238819122314453
-0.43170166015625 -0.198028564453125 -0.083587646484375 -0.0441055297851563
-0.48077392578125 -0.32855224609375 -0.217315673828125 -0.0619201660156251
-0.5184326171875 -0.422149658203125 -0.285491943359375 -0.048187255859375
-0.414337158203125 -0.370635986328125 -0.14215087890625 -0.414581298828125
-0.3681640625 -0.27215576171875 -0.18389892578125 -0.194839477539063
-0.278091430664063 -0.242233276367187 0.0333061218261719 -0.0116519927978516
-0.329254150390625 -0.205596923828125 0.164413452148437 -0.0679168701171875
-0.391387939453125 -0.10650634765625 0.257431030273438 -0.153045654296875
-0.47650146484375 0.10430908203125 0.26361083984375 -0.2691650390625
-0.3995361328125 0.249664306640625 0.212738037109375 -0.378326416015625
-0.355377197265625 0.267730712890625 0.17999267578125 -0.366943359375
-0.386138916015625 0.28631591796875 0.176055908203125 -0.307159423828125
-0.39337158203125 0.188385009765625 0.185440063476562 -0.194808959960938
-0.362213134765625 0.027740478515625 0.096923828125 -0.0849533081054688
-0.3214111328125 -0.00109863281249995 -0.0342559814453125 -0.0262088775634766
-0.303497314453125 -0.10260009765625 -0.143234252929688 -0.128860473632813
-0.3887939453125 -0.20733642578125 -0.306732177734375 -0.185333251953125
-0.442657470703125 -0.316314697265625 -0.39093017578125 -0.21417236328125
-0.2569580078125 -0.154312133789063 -0.21905517578125 -0.535186767578125
-0.184036254882813 -0.103683471679687 -0.22491455078125 -0.3209228515625
-0.1009521484375 -0.114524841308594 -0.0295486450195313 -0.0916671752929688
-0.136016845703125 -0.139900207519531 0.14300537109375 -0.107467651367188
-0.203216552734375 -0.095306396484375 0.285858154296875 -0.17218017578125
-0.2861328125 0.02972412109375 0.347930908203125 -0.344970703125
-0.24908447265625 0.109512329101562 0.3067626953125 -0.4957275390625
-0.217910766601563 0.128402709960938 0.259033203125 -0.479034423828125
-0.243759155273438 0.131988525390625 0.25128173828125 -0.392425537109375
-0.221511840820313 0.0603790283203125 0.243316650390625 -0.241409301757813
-0.16705322265625 -0.0242919921875 0.0965957641601563 -0.1064453125
-0.128608703613281 0.00416564941406251 -0.0620269775390625 -0.080291748046875
-0.16168212890625 -0.00384521484375001 -0.169998168945313 -0.216339111328125
-0.261383056640625 -0.0715179443359375 -0.336273193359375 -0.28900146484375
-0.30853271484375 -0.17138671875 -0.459014892578125 -0.338531494140625
0.0804977416992187 -0.0549087524414062 0.504852294921875 0.30926513671875
0.0879745483398437 -0.102508544921875 0.313629150390625 0.331024169921875
-0.0159530639648438 -0.103828430175781 0.185775756835938 0.206634521484375
-0.0627479553222656 -0.0288925170898438 0.0955047607421875 0.130844116210938
-0.04046630859375 0.0203437805175781 -0.09210205078125 0.0704498291015625
0.00645065307617187 0.0546951293945313 -0.284881591796875 0.24908447265625
0.0404853820800781 0.0537681579589844 -0.308380126953125 0.462249755859375
0.0412063598632813 0.030487060546875 -0.287841796875 0.52899169921875
0.0647087097167969 0.0347404479980469 -0.323089599609375 0.51861572265625
0.0381431579589844 0.0635871887207031 -0.37078857421875 0.380523681640625
-0.008331298828125 0.0847930908203125 -0.258148193359375 0.231948852539062
-0.0559005737304687 0.0614204406738281 -0.101913452148438 0.14935302734375
-0.0801239013671875 -0.0309982299804687 0.040496826171875 0.207321166992187
-0.00443267822265624 -0.0714797973632813 0.261322021484375 0.387420654296875
0.040283203125 -0.0066375732421875 0.20343017578125 0.655517578125
-0.129119873046875 -0.243011474609375 0.477081298828125 0.304718017578125
-0.11871337890625 -0.204605102539063 0.24554443359375 0.350616455078125
-0.175704956054688 -0.169281005859375 0.16839599609375 0.262115478515625
-0.227493286132812 -0.0617828369140625 0.115463256835938 0.174041748046875
-0.213363647460937 0.0258331298828125 -0.0488014221191407 0.0592880249023437
-0.191375732421875 0.145706176757813 -0.264236450195313 0.21380615234375
-0.133743286132812 0.214981079101562 -0.308502197265625 0.41864013671875
-0.130859375 0.191207885742188 -0.280303955078125 0.490234375
-0.1341552734375 0.20281982421875 -0.301513671875 0.48944091796875
-0.196426391601562 0.171051025390625 -0.335113525390625 0.3741455078125
-0.250885009765625 0.0892333984375 -0.211532592773438 0.229232788085938
-0.279983520507812 0.00814819335937494 -0.068267822265625 0.156570434570313
-0.245697021484375 -0.179702758789062 0.075286865234375 0.200042724609375
-0.180526733398438 -0.264312744140625 0.25079345703125 0.375701904296875
-0.149490356445313 -0.210098266601563 0.188232421875 0.62225341796875
-0.324859619140625 -0.412567138671875 0.3970947265625 0.238739013671875
-0.328460693359375 -0.309417724609375 0.1632080078125 0.326904296875
-0.33953857421875 -0.23297119140625 0.155075073242187 0.2811279296875
-0.382415771484375 -0.0927734375000001 0.136611938476562 0.18316650390625
-0.367919921875 0.02191162109375 0.0053596496582031 0.0320892333984375
-0.370452880859375 0.20745849609375 -0.206085205078125 0.145339965820313
-0.296142578125 0.337188720703125 -0.263916015625 0.311279296875
-0.283355712890625 0.325103759765625 -0.23126220703125 0.377044677734375
-0.304046630859375 0.352081298828125 -0.23297119140625 0.385528564453125
-0.389862060546875 0.28009033203125 -0.252532958984375 0.312347412109375
-0.45477294921875 0.11712646484375 -0.137435913085938 0.196762084960938
-0.47491455078125 -0.00631713867187492 -0.033294677734375 0.145339965820313
-0.4007568359375 -0.273040771484375 0.08111572265625 0.159439086914062
-0.34814453125 -0.394805908203125 0.18603515625 0.301849365234375
-0.325439453125 -0.36260986328125 0.118560791015625 0.503692626953125
-0.474334716796875 -0.529998779296875 0.271774291992188 0.118453979492187
-0.490509033203125 -0.388275146484375 0.0703124999999999 0.257049560546875
-0.466827392578125 -0.286895751953125 0.150558471679687 0.257858276367188
-0.5008544921875 -0.130340576171875 0.16192626953125 0.148025512695312
-0.488739013671875 0.00384521484374991 0.0689926147460937 -0.0148849487304688
-0.510101318359375 0.234619140625 -0.11260986328125 0.0488815307617188
-0.419464111328125 0.40655517578125 -0.177398681640625 0.153549194335938
-0.39373779296875 0.4063720703125 -0.150375366210938 0.2034912109375
-0.420745849609375 0.44915771484375 -0.14056396484375 0.220245361328125
-0.51373291015625 0.357452392578125 -0.139801025390625 0.192367553710938
-0.58013916015625 0.1466064453125 -0.0569000244140625 0.126510620117188
-0.59173583984375 0.0107421875 -0.00780487060546879 0.114547729492188
-0.502410888671875 -0.296661376953125 0.0476913452148437 0.0979843139648438
-0.471282958984375 -0.438232421875 0.0683441162109375 0.190109252929688
-0.46112060546875 -0.446075439453125 0.000915527343749949 0.33648681640625
-0.545654296875 -0.56732177734375 0.1229248046875 -0.0495758056640625
-0.559783935546875 -0.413360595703125 -0.0269622802734375 0.138481140136719
-0.506439208984375 -0.313568115234375 0.138946533203125 0.1893310546875
-0.5426025390625 -0.169830322265625 0.180252075195312 0.0771636962890625
-0.544403076171875 -0.0288085937500001 0.138633728027344 -0.0735015869140625
-0.585693359375 0.22662353515625 0.00822067260742184 -0.0647392272949219
-0.484283447265625 0.416839599609375 -0.0562362670898438 -0.0316963195800781
-0.44476318359375 0.4261474609375 -0.0460166931152344 0.00120544433593754
-0.472503662109375 0.473114013671875 -0.0345554351806641 0.025604248046875
-0.550262451171875 0.3720703125 -0.0225257873535156 0.0436668395996094
-0.600830078125 0.1466064453125 0.0152359008789062 0.0399742126464844
-0.595703125 0.0244750976562501 -0.000579833984375038 0.0704879760742188
-0.5155029296875 -0.261199951171875 -0.0181465148925782 0.0285625457763672
-0.520965576171875 -0.4039306640625 -0.0816268920898438 0.0652389526367187
-0.531005859375 -0.4549560546875 -0.142822265625 0.145828247070313
-0.52435302734375 -0.50665283203125 -0.02532958984375 -0.236892700195313
-0.512359619140625 -0.368988037109375 -0.118011474609375 -0.0192031860351563
-0.434661865234375 -0.303009033203125 0.0972061157226562 0.0918960571289062
-0.480865478515625 -0.20208740234375 0.180572509765625 -0.00108337402343751
-0.51287841796875 -0.0679016113281249 0.20452880859375 -0.124465942382813
-0.575439453125 0.18365478515625 0.139083862304687 -0.1767578125
-0.475494384765625 0.36480712890625 0.079071044921875 -0.217636108398437
-0.427398681640625 0.37811279296875 0.066192626953125 -0.198333740234375
-0.4559326171875 0.415924072265625 0.07244873046875 -0.160903930664063
-0.503692626953125 0.310302734375 0.0870819091796875 -0.0977630615234375
-0.518096923828125 0.1026611328125 0.0662498474121093 -0.036376953125
-0.491119384765625 0.0183410644531251 -0.0114669799804688 0.0239105224609375
-0.43634033203125 -0.186492919921875 -0.0940093994140625 -0.0467529296875
-0.48883056640625 -0.31317138671875 -0.220413208007813 -0.0612335205078125
-0.525299072265625 -0.402130126953125 -0.282379150390625 -0.040435791015625
-0.423095703125 -0.355072021484375 -0.14727783203125 -0.407928466796875
-0.371826171875 -0.2564697265625 -0.191055297851563 -0.181564331054688
-0.2843017578125 -0.236358642578125 0.0339946746826172 -0.00799560546875001
-0.3355712890625 -0.19549560546875 0.16351318359375 -0.0624847412109375
-0.39349365234375 -0.0926513671875 0.256118774414063 -0.156890869140625
-0.470123291015625 0.118927001953125 0.25836181640625 -0.276016235351563
-0.3919677734375 0.26123046875 0.20208740234375 -0.38275146484375
-0.34564208984375 0.276031494140625 0.1685791015625 -0.367401123046875
-0.37420654296875 0.29852294921875 0.167572021484375 -0.308349609375
-0.385498046875 0.199066162109375 0.1751708984375 -0.198577880859375
-0.361541748046875 0.0370178222656251 0.0931320190429687 -0.084625244140625
-0.318115234375 0.00753784179687503 -0.0357666015625 -0.0240058898925781
-0.304656982421875 -0.0939331054687499 -0.15460205078125 -0.1275634765625
-0.393096923828125 -0.19256591796875 -0.31280517578125 -0.178497314453125
-0.448638916015625 -0.299407958984375 -0.39276123046875 -0.20123291015625
-0.260269165039063 -0.14373779296875 -0.229034423828125 -0.523834228515625
-0.18353271484375 -0.0953521728515625 -0.23431396484375 -0.30767822265625
-0.103866577148438 -0.113418579101562 -0.0307769775390625 -0.0835952758789063
-0.140853881835938 -0.13482666015625 0.1412353515625 -0.101058959960938
-0.206100463867188 -0.0873565673828126 0.2823486328125 -0.174591064453125
-0.2833251953125 0.038665771484375 0.3385009765625 -0.353240966796875
-0.244949340820313 0.1177978515625 0.291168212890625 -0.50115966796875
-0.213043212890625 0.134048461914063 0.24444580078125 -0.481903076171875
-0.2373046875 0.138900756835937 0.238250732421875 -0.395263671875
-0.218536376953125 0.0665130615234375 0.233139038085938 -0.245452880859375
-0.167831420898438 -0.02099609375 0.0909881591796875 -0.105628967285156
-0.126235961914063 0.00710296630859376 -0.0666046142578125 -0.0755691528320312
-0.159027099609375 0.00169372558593748 -0.182510375976563 -0.213394165039063
-0.261520385742188 -0.06103515625 -0.344573974609375 -0.279266357421875
-0.311492919921875 -0.1588134765625 -0.462310791015625 -0.322235107421875
0.0794830322265625 -0.059326171875 0.516754150390625 0.303680419921875
0.0841827392578125 -0.107742309570313 0.32940673828125 0.3306884765625
-0.020965576171875 -0.105094909667969 0.198684692382812 0.20660400390625
-0.0653076171875 -0.0272598266601563 0.107452392578125 0.126144409179688
-0.0424461364746094 0.0217208862304688 -0.0889968872070313 0.0683364868164063
0.0097198486328125 0.058074951171875 -0.280792236328125 0.258148193359375
0.0433692932128906 0.0542411804199219 -0.30010986328125 0.47528076171875
0.0423469543457031 0.0306205749511719 -0.28021240234375 0.54461669921875
0.0670547485351563 0.0329170227050781 -0.31903076171875 0.538787841796875
0.0410003662109375 0.0641746520996094 -0.37371826171875 0.398773193359375
-0.00518798828125 0.0866165161132813 -0.262924194335938 0.23907470703125
-0.0550804138183594 0.0622406005859375 -0.104415893554688 0.149459838867187
-0.0845870971679688 -0.0304718017578125 0.045684814453125 0.205825805664063
-0.00717163085937499 -0.07489013671875 0.277069091796875 0.380035400390625
0.0436859130859375 -0.0113372802734375 0.22210693359375 0.65826416015625
-0.13916015625 -0.246078491210937 0.49176025390625 0.29827880859375
-0.127761840820313 -0.206008911132813 0.260711669921875 0.353912353515625
-0.187088012695313 -0.1695556640625 0.180740356445313 0.263687133789063
-0.2352294921875 -0.0567169189453126 0.1297607421875 0.172042846679688
-0.218643188476563 0.032379150390625 -0.0438652038574219 0.0551910400390625
-0.189651489257813 0.1563720703125 -0.25921630859375 0.221298217773438
-0.131378173828125 0.224502563476562 -0.3016357421875 0.43035888671875
-0.1282958984375 0.199081420898438 -0.273101806640625 0.50469970703125
-0.132369995117187 0.210739135742188 -0.2947998046875 0.507476806640625
-0.195693969726563 0.180709838867188 -0.337493896484375 0.391815185546875
-0.254257202148438 0.098480224609375 -0.213653564453125 0.235595703125
-0.286346435546875 0.013519287109375 -0.0699005126953125 0.156219482421875
-0.25799560546875 -0.180816650390625 0.0783233642578125 0.197418212890625
-0.193008422851563 -0.268753051757813 0.265594482421875 0.3687744140625
-0.1533203125 -0.213653564453125 0.20672607421875 0.62457275390625
-0.345947265625 -0.41436767578125 0.41064453125 0.234527587890625
-0.342620849609375 -0.3067626953125 0.175262451171875 0.333404541015625
-0.356597900390625 -0.232025146484375 0.167572021484375 0.28448486328125
-0.394989013671875 -0.084228515625 0.151275634765625 0.18267822265625
-0.37579345703125 0.0322875976562499 0.0111980438232422 0.0270156860351563
-0.372222900390625 0.223388671875 -0.201248168945313 0.148101806640625
-0.292572021484375 0.355133056640625 -0.257965087890625 0.320404052734375
-0.280120849609375 0.338287353515625 -0.226318359375 0.389678955078125
-0.301483154296875 0.366912841796875 -0.228607177734375 0.399871826171875
-0.390533447265625 0.2987060546875 -0.253021240234375 0.325439453125
-0.4644775390625 0.133026123046875 -0.138824462890625 0.200210571289063
-0.485992431640625 0.0044860839843749 -0.0333099365234375 0.144378662109375
-0.4195556640625 -0.273712158203125 0.0797271728515625 0.15484619140625
-0.368804931640625 -0.396636962890625 0.196258544921875 0.29278564453125
-0.336181640625 -0.36505126953125 0.13189697265625 0.506744384765625
-0.49835205078125 -0.53155517578125 0.2822265625 0.114349365234375
-0.50927734375 -0.3834228515625 0.0782928466796875 0.266754150390625
-0.4871826171875 -0.284942626953125 0.160888671875 0.261795043945313
-0.515838623046875 -0.11907958984375 0.17510986328125 0.149932861328125
-0.499359130859375 0.017913818359375 0.0752639770507812 -0.0207901000976563
-0.51617431640625 0.25372314453125 -0.108062744140625 0.0467453002929688
-0.41796875 0.427032470703125 -0.174163818359375 0.157211303710938
-0.391082763671875 0.42449951171875 -0.14752197265625 0.211593627929688
-0.417236328125 0.46905517578125 -0.137863159179688 0.228912353515625
-0.51409912109375 0.380706787109375 -0.142730712890625 0.201507568359375
-0.5909423828125 0.1669921875 -0.0569839477539063 0.128379821777344
-0.6048583984375 0.02374267578125 -0.00800323486328128 0.113082885742188
-0.525360107421875 -0.294158935546875 0.0417327880859375 0.09295654296875
-0.496337890625 -0.438201904296875 0.0715179443359375 0.182968139648438
-0.47528076171875 -0.4462890625 0.00979614257812496 0.340179443359375
-0.5732421875 -0.56658935546875 0.127182006835937 -0.0540542602539063
-0.57843017578125 -0.4051513671875 -0.0241546630859375 0.148757934570312
-0.526885986328125 -0.313201904296875 0.146621704101562 0.193603515625
-0.559234619140625 -0.159423828125 0.192214965820312 0.080108642578125
-0.55828857421875 -0.0142822265625001 0.144973754882812 -0.080047607421875
-0.59332275390625 0.24639892578125 0.0118370056152343 -0.0702438354492187
-0.48492431640625 0.439239501953125 -0.0563468933105469 -0.0323677062988281
-0.441925048828125 0.445220947265625 -0.0463638305664063 0.00423812866210939
-0.469451904296875 0.49505615234375 -0.0338134765625 0.0279617309570313
-0.552764892578125 0.39691162109375 -0.0258255004882813 0.0461235046386719
-0.61334228515625 0.16668701171875 0.0146484375 0.0393180847167969
-0.6085205078125 0.03887939453125 -0.00100708007812504 0.0695724487304688
-0.536285400390625 -0.2572021484375 -0.0279922485351563 0.0247383117675781
-0.54510498046875 -0.400634765625 -0.0848846435546875 0.0614166259765625
-0.5494384765625 -0.453277587890625 -0.1397705078125 0.148956298828125
-0.54681396484375 -0.503936767578125 -0.0265808105468751 -0.24139404296875
-0.52801513671875 -0.3623046875 -0.120903015136719 -0.00986480712890627
-0.452056884765625 -0.3021240234375 0.101417541503906 0.0960464477539063
-0.496734619140625 -0.193511962890625 0.188385009765625 0.00263977050781249
-0.5269775390625 -0.0568542480468749 0.210067749023437 -0.130828857421875
-0.58453369140625 0.20220947265625 0.143508911132812 -0.186050415039062
-0.477630615234375 0.3856201171875 0.07659912109375 -0.223785400390625
-0.42535400390625 0.39593505859375 0.062164306640625 -0.201080322265625
-0.45428466796875 0.4375 0.0706787109375 -0.165969848632812
-0.505462646484375 0.33197021484375 0.0830764770507812 -0.101356506347656
-0.529541015625 0.11968994140625 0.0666007995605468 -0.0394287109375
-0.498992919921875 0.0314331054687501 -0.0118865966796875 0.023712158203125
-0.4512939453125 -0.182952880859375 -0.107620239257813 -0.049041748046875
-0.508331298828125 -0.3070068359375 -0.229598999023438 -0.0613250732421875
-0.542144775390625 -0.396636962890625 -0.28546142578125 -0.0360412597656251
-0.4417724609375 -0.351806640625 -0.155517578125 -0.411102294921875
-0.383575439453125 -0.24859619140625 -0.20025634765625 -0.173873901367188
-0.297515869140625 -0.238250732421875 0.0353927612304687 -0.00378417968750002
-0.34912109375 -0.191192626953125 0.169326782226562 -0.0587005615234375
-0.4046630859375 -0.0836791992187501 0.2618408203125 -0.16241455078125
-0.478240966796875 0.133941650390625 0.261383056640625 -0.2874755859375
-0.39288330078125 0.279541015625 0.197540283203125 -0.394012451171875
-0.346923828125 0.2901611328125 0.161956787109375 -0.375518798828125
-0.37408447265625 0.312530517578125 0.1651611328125 -0.316436767578125
-0.388092041015625 0.2147216796875 0.17120361328125 -0.206649780273438
-0.369049072265625 0.0469970703124999 0.0924606323242187 -0.0874404907226563
-0.322723388671875 0.015380859375 -0.0386466979980469 -0.0233535766601563
-0.3115234375 -0.08953857421875 -0.1702880859375 -0.129989624023437
-0.407196044921875 -0.185516357421875 -0.32647705078125 -0.176849365234375
-0.4625244140625 -0.29180908203125 -0.401123046875 -0.197052001953125
-0.268234252929688 -0.138259887695313 -0.24139404296875 -0.526824951171875
-0.188186645507813 -0.0904998779296875 -0.249114990234375 -0.300537109375
-0.108551025390625 -0.1146240234375 -0.0316162109375 -0.0789337158203125
-0.147415161132813 -0.133636474609375 0.144927978515625 -0.0963287353515625
-0.213943481445313 -0.0833587646484375 0.28875732421875 -0.180084228515625
-0.288330078125 0.046844482421875 0.339599609375 -0.3665771484375
-0.246841430664063 0.127700805664062 0.285614013671875 -0.517120361328125
-0.213394165039063 0.1414794921875 0.23651123046875 -0.4937744140625
-0.238388061523437 0.147079467773438 0.235076904296875 -0.407012939453125
-0.22088623046875 0.0738067626953125 0.228775024414062 -0.2550048828125
-0.1729736328125 -0.0184173583984375 0.0892181396484375 -0.106414794921875
-0.1265869140625 0.00965118408203126 -0.071319580078125 -0.074554443359375
-0.159332275390625 0.00744628906249998 -0.199111938476562 -0.21502685546875
-0.268478393554688 -0.053741455078125 -0.3609619140625 -0.277008056640625
-0.3223876953125 -0.151763916015625 -0.475433349609375 -0.31854248046875
0.0790863037109375 -0.06610107421875 0.548431396484375 0.29510498046875
0.0794601440429688 -0.116973876953125 0.359954833984375 0.329742431640625
-0.0283432006835937 -0.108055114746094 0.21923828125 0.204620361328125
-0.0704421997070313 -0.0253372192382813 0.122940063476562 0.1212158203125
-0.0448074340820313 0.0252304077148437 -0.0870361328125 0.0687484741210937
0.0147743225097656 0.0615730285644531 -0.277114868164063 0.27545166015625
0.0484237670898438 0.0558433532714844 -0.290557861328125 0.50201416015625
0.0451011657714844 0.0309333801269531 -0.26708984375 0.5750732421875
0.070556640625 0.0311355590820312 -0.3087158203125 0.57574462890625
0.0457344055175781 0.0638313293457031 -0.376129150390625 0.43389892578125
-0.00142669677734375 0.0910186767578125 -0.268661499023437 0.257965087890625
-0.0551681518554688 0.0653572082519531 -0.106826782226562 0.155548095703125
-0.0907211303710937 -0.028289794921875 0.0554656982421875 0.208221435546875
-0.01226806640625 -0.0795669555664063 0.303741455078125 0.3743896484375
0.0478363037109375 -0.0175666809082031 0.2579345703125 0.671142578125
-0.158187866210938 -0.25 0.522003173828125 0.29071044921875
-0.144851684570312 -0.208633422851562 0.290557861328125 0.359161376953125
-0.205657958984375 -0.16900634765625 0.203048706054688 0.26611328125
-0.248001098632813 -0.046905517578125 0.14892578125 0.170013427734375
-0.226852416992187 0.0442962646484375 -0.0397911071777344 0.0525894165039063
-0.188629150390625 0.173370361328125 -0.255340576171875 0.23529052734375
-0.12420654296875 0.241241455078125 -0.29254150390625 0.45672607421875
-0.12451171875 0.214065551757813 -0.261688232421875 0.536041259765625
-0.12847900390625 0.225692749023438 -0.2857666015625 0.542449951171875
-0.195220947265625 0.1982421875 -0.337554931640625 0.42376708984375
-0.260635375976563 0.115142822265625 -0.216552734375 0.2518310546875
-0.29840087890625 0.025543212890625 -0.069549560546875 0.160797119140625
-0.27923583984375 -0.178192138671875 0.0861663818359375 0.197341918945313
-0.215072631835938 -0.274276733398437 0.2904052734375 0.3614501953125
-0.165939331054687 -0.219818115234375 0.24102783203125 0.634765625
-0.37939453125 -0.416412353515625 0.43609619140625 0.226806640625
-0.370697021484375 -0.3038330078125 0.20001220703125 0.3428955078125
-0.38714599609375 -0.22601318359375 0.188201904296875 0.2890625
-0.415435791015625 -0.0689697265624999 0.172744750976563 0.182586669921875
-0.39031982421875 0.05169677734375 0.0166206359863281 0.0209846496582031
-0.376251220703125 0.2510986328125 -0.197891235351563 0.156173706054688
-0.28692626953125 0.38372802734375 -0.252838134765625 0.339813232421875
-0.27569580078125 0.36553955078125 -0.216705322265625 0.413848876953125
-0.296875 0.39794921875 -0.2208251953125 0.4268798828125
-0.391265869140625 0.3299560546875 -0.252716064453125 0.353485107421875
-0.47821044921875 0.161163330078125 -0.139816284179688 0.21270751953125
-0.507965087890625 0.0255126953125001 -0.03228759765625 0.147674560546875
-0.454071044921875 -0.26910400390625 0.0828094482421875 0.153427124023437
-0.403778076171875 -0.40106201171875 0.21484375 0.286895751953125
-0.361419677734375 -0.369781494140625 0.16021728515625 0.51800537109375
-0.545074462890625 -0.532135009765625 0.29949951171875 0.10552978515625
-0.54632568359375 -0.376953125 0.094970703125 0.280166625976563
-0.525787353515625 -0.2784423828125 0.181838989257812 0.267578125
-0.5433349609375 -0.100616455078125 0.197494506835938 0.149215698242188
-0.52008056640625 0.040740966796875 0.0823135375976562 -0.029876708984375
-0.52496337890625 0.2891845703125 -0.106292724609375 0.0470428466796875
-0.41583251953125 0.467071533203125 -0.172866821289063 0.168746948242188
-0.387298583984375 0.46124267578125 -0.14361572265625 0.227447509765625
-0.41265869140625 0.508392333984375 -0.133926391601563 0.245071411132813
-0.5167236328125 0.421051025390625 -0.142990112304687 0.219207763671875
-0.610107421875 0.2021484375 -0.0562820434570313 0.134552001953125
-0.62939453125 0.0518188476562501 -0.00624847412109378 0.114967346191406
-0.5638427734375 -0.28509521484375 0.0391159057617187 0.0908966064453125
-0.53887939453125 -0.438385009765625 0.0799407958984375 0.179336547851562
-0.51007080078125 -0.44573974609375 0.02587890625 0.349273681640625
-0.6212158203125 -0.564208984375 0.133407592773437 -0.0630722045898438
-0.61920166015625 -0.3955078125 -0.0178070068359376 0.16326904296875
-0.5672607421875 -0.30609130859375 0.16217041015625 0.19903564453125
-0.58978271484375 -0.13983154296875 0.210739135742188 0.079559326171875
-0.5809326171875 0.00976562500000007 0.152938842773437 -0.0925445556640625
-0.60888671875 0.28411865234375 0.0140838623046875 -0.0787429809570312
-0.484283447265625 0.4815673828125 -0.0584526062011719 -0.0326118469238281
-0.439056396484375 0.48468017578125 -0.0469856262207032 0.00894165039062502
-0.46551513671875 0.53851318359375 -0.0334300994873047 0.0311985015869141
-0.554840087890625 0.438934326171875 -0.0274200439453125 0.0514335632324219
-0.6329345703125 0.20361328125 0.0157241821289062 0.03924560546875
-0.6322021484375 0.0690307617187501 0.000236511230468716 0.0701751708984375
-0.57171630859375 -0.24505615234375 -0.0385169982910157 0.0239524841308594
-0.5867919921875 -0.39337158203125 -0.0898742675781251 0.0601577758789062
-0.58935546875 -0.448974609375 -0.136917114257813 0.157928466796875
-0.5927734375 -0.49896240234375 -0.0335845947265626 -0.251373291015625
-0.5645751953125 -0.35150146484375 -0.126930236816406 0.00296783447265621
-0.48956298828125 -0.29998779296875 0.112258911132812 0.100456237792969
-0.5272216796875 -0.17889404296875 0.203750610351562 0.00135803222656249
-0.5511474609375 -0.0362854003906251 0.219085693359375 -0.14520263671875
-0.59906005859375 0.2373046875 0.145614624023437 -0.203033447265625
-0.479095458984375 0.4266357421875 0.0710601806640625 -0.236709594726562
-0.423797607421875 0.431610107421875 0.0583343505859375 -0.208633422851562
-0.451934814453125 0.4771728515625 0.0679779052734375 -0.174514770507813
-0.509857177734375 0.369384765625 0.0786361694335937 -0.106903076171875
-0.548095703125 0.150421142578125 0.067413330078125 -0.0433235168457031
-0.519012451171875 0.05426025390625 -0.0124549865722657 0.0235996246337891
-0.47833251953125 -0.1712646484375 -0.124305725097656 -0.048492431640625
-0.54425048828125 -0.29510498046875 -0.245452880859375 -0.059173583984375
-0.579833984375 -0.3885498046875 -0.295684814453125 -0.0272216796875
-0.474273681640625 -0.345672607421875 -0.1756591796875 -0.422943115234375
-0.40643310546875 -0.241119384765625 -0.216567993164063 -0.164779663085938
-0.321990966796875 -0.23785400390625 0.038818359375 0.00107192993164061
-0.373382568359375 -0.18304443359375 0.17987060546875 -0.059783935546875
-0.426513671875 -0.06829833984375 0.272186279296875 -0.177764892578125
-0.49200439453125 0.16302490234375 0.2633056640625 -0.311279296875
-0.397735595703125 0.312713623046875 0.190216064453125 -0.41632080078125
-0.346832275390625 0.318115234375 0.1549072265625 -0.394561767578125
-0.374176025390625 0.3426513671875 0.15997314453125 -0.337066650390625
-0.39288330078125 0.240142822265625 0.165740966796875 -0.220672607421875
-0.384552001953125 0.0660095214843751 0.091796875 -0.0926666259765625
-0.3343505859375 0.0309753417968749 -0.0421028137207031 -0.0223045349121094
-0.3282470703125 -0.0783386230468749 -0.191909790039063 -0.128997802734375
-0.432098388671875 -0.1705322265625 -0.350677490234375 -0.1724853515625
-0.494049072265625 -0.281585693359375 -0.422943115234375 -0.18798828125
-0.28448486328125 -0.131439208984375 -0.268798828125 -0.5391845703125
-0.198333740234375 -0.08502197265625 -0.27325439453125 -0.295562744140625
-0.117942810058594 -0.116813659667969 -0.0332412719726563 -0.0734481811523438
-0.160842895507812 -0.132354736328125 0.152679443359375 -0.098602294921875
-0.22601318359375 -0.0753326416015625 0.29827880859375 -0.196441650390625
-0.29840087890625 0.062286376953125 0.34033203125 -0.394866943359375
-0.25152587890625 0.146438598632812 0.27386474609375 -0.5484619140625
-0.216110229492187 0.156021118164063 0.226959228515625 -0.52264404296875
-0.2403564453125 0.162994384765625 0.22930908203125 -0.433929443359375
-0.225433349609375 0.085784912109375 0.224136352539062 -0.273483276367188
-0.181594848632813 -0.01226806640625 0.08782958984375 -0.110923767089844
-0.128890991210938 0.0154190063476562 -0.0800857543945313 -0.0736923217773438
-0.164535522460938 0.015716552734375 -0.224472045898437 -0.215179443359375
-0.281524658203125 -0.039581298828125 -0.389923095703125 -0.27288818359375
-0.3414306640625 -0.1416015625 -0.50555419921875 -0.3106689453125
0.076812744140625 -0.0742568969726563 0.5875244140625 0.26837158203125
0.0711517333984375 -0.127105712890625 0.400390625 0.31585693359375
-0.0396347045898438 -0.109344482421875 0.246932983398438 0.195266723632813
-0.0758743286132813 -0.0196685791015625 0.141143798828125 0.111404418945313
-0.0467910766601562 0.0307388305664063 -0.0842208862304688 0.0717620849609375
0.0228385925292969 0.0638809204101563 -0.2645263671875 0.301910400390625
0.0561752319335937 0.0545120239257812 -0.263519287109375 0.537506103515625
0.0492782592773438 0.0289764404296875 -0.23583984375 0.61431884765625
0.0760421752929688 0.0270004272460938 -0.27813720703125 0.6221923828125
0.0531692504882813 0.0628471374511719 -0.3597412109375 0.481231689453125
0.00555419921875 0.095428466796875 -0.2647705078125 0.287261962890625
-0.0536880493164062 0.0703811645507813 -0.103530883789063 0.16552734375
-0.0977630615234375 -0.0227813720703125 0.0733795166015625 0.208328247070312
-0.0192184448242187 -0.08367919921875 0.341644287109375 0.357177734375
0.0507926940917969 -0.0272941589355469 0.31414794921875 0.67236328125
-0.18438720703125 -0.246597290039063 0.560516357421875 0.263763427734375
-0.16766357421875 -0.204666137695313 0.3310546875 0.35198974609375
-0.23004150390625 -0.159255981445312 0.233047485351562 0.261428833007813
-0.26239013671875 -0.0277252197265625 0.173721313476562 0.160614013671875
-0.233413696289063 0.0649566650390625 -0.0358314514160156 0.0507659912109375
-0.180313110351562 0.196395874023438 -0.245147705078125 0.25579833984375
-0.108779907226562 0.260467529296875 -0.2685546875 0.490814208984375
-0.111434936523438 0.231842041015625 -0.2293701171875 0.5731201171875
-0.114837646484375 0.245269775390625 -0.257568359375 0.58587646484375
-0.18597412109375 0.220962524414063 -0.321990966796875 0.46954345703125
-0.262542724609375 0.140609741210938 -0.211090087890625 0.276214599609375
-0.3094482421875 0.04827880859375 -0.06463623046875 0.168472290039063
-0.306671142578125 -0.165679931640625 0.101425170898437 0.194854736328125
-0.246109008789063 -0.271713256835938 0.326934814453125 0.3436279296875
-0.186141967773438 -0.222259521484375 0.29473876953125 0.6373291015625
-0.42791748046875 -0.40252685546875 0.468658447265625 0.20208740234375
-0.40887451171875 -0.285614013671875 0.236236572265625 0.3448486328125
-0.42388916015625 -0.2080078125 0.21942138671875 0.287261962890625
-0.438018798828125 -0.0377197265625 0.2005615234375 0.173965454101563
-0.402130126953125 0.0846252441406251 0.0218887329101562 0.0135688781738281
-0.369232177734375 0.290435791015625 -0.191635131835938 0.16949462890625
-0.266845703125 0.422698974609375 -0.236114501953125 0.366790771484375
-0.256988525390625 0.4000244140625 -0.1932373046875 0.44427490234375
-0.27685546875 0.434906005859375 -0.19781494140625 0.460906982421875
-0.38018798828125 0.374908447265625 -0.23797607421875 0.389190673828125
-0.486572265625 0.206146240234375 -0.132614135742188 0.229827880859375
-0.52685546875 0.0657653808593749 -0.0265960693359375 0.1524658203125
-0.495086669921875 -0.246734619140625 0.0920867919921875 0.14971923828125
-0.452239990234375 -0.388702392578125 0.24041748046875 0.2730712890625
-0.401702880859375 -0.3641357421875 0.203948974609375 0.520965576171875
-0.608642578125 -0.51043701171875 0.31903076171875 0.0869140625
-0.59521484375 -0.3489990234375 0.1220703125 0.289215087890625
-0.57220458984375 -0.2501220703125 0.210403442382813 0.267669677734375
-0.57183837890625 -0.0594482421875001 0.223831176757812 0.140533447265625
-0.535247802734375 0.083343505859375 0.0869903564453125 -0.042999267578125
-0.522369384765625 0.340362548828125 -0.103904724121094 0.0491104125976563
-0.393218994140625 0.5174560546875 -0.165817260742187 0.184738159179688
-0.364471435546875 0.505126953125 -0.1298828125 0.246780395507813
-0.38848876953125 0.55987548828125 -0.119979858398438 0.265121459960938
-0.5020751953125 0.47869873046875 -0.133468627929688 0.241729736328125
-0.62005615234375 0.2603759765625 -0.05035400390625 0.142898559570313
-0.65087890625 0.10223388671875 -0.000701904296875036 0.11700439453125
-0.6116943359375 -0.25543212890625 0.0387039184570312 0.089019775390625
-0.595458984375 -0.41546630859375 0.09112548828125 0.170501708984375
-0.561798095703125 -0.4290771484375 0.053009033203125 0.35662841796875
-0.6923828125 -0.53814697265625 0.135589599609375 -0.0778121948242188
-0.67181396484375 -0.36322021484375 -0.00402832031250002 0.177719116210937
-0.619140625 -0.2774658203125 0.185546875 0.199050903320313
-0.623291015625 -0.0989990234375 0.233428955078125 0.0687255859375
-0.60284423828125 0.0535888671875 0.155929565429687 -0.111328125
-0.6107177734375 0.34185791015625 0.0119857788085937 -0.0890121459960937
-0.4635009765625 0.537841796875 -0.0616378784179688 -0.0311317443847656
-0.41705322265625 0.5325927734375 -0.0452461242675782 0.0139198303222657
-0.441650390625 0.595947265625 -0.0323162078857422 0.034994125366211
-0.54132080078125 0.5003662109375 -0.0268402099609375 0.0588874816894532
-0.64422607421875 0.26165771484375 0.0180168151855468 0.0388336181640625
-0.65093994140625 0.1187744140625 0.00318908691406246 0.0710906982421875
-0.61480712890625 -0.2119140625 -0.0483741760253907 0.0259513854980469
-0.64215087890625 -0.36334228515625 -0.0938491821289063 0.0629653930664062
-0.6412353515625 -0.42205810546875 -0.128997802734375 0.170639038085937
-0.65679931640625 -0.47393798828125 -0.0511932373046875 -0.2615966796875
-0.610107421875 -0.3203125 -0.12994384765625 0.02008056640625
-0.53375244140625 -0.275970458984375 0.126846313476562 0.100860595703125
-0.56146240234375 -0.14642333984375 0.220550537109375 -0.00839233398437501
-0.57513427734375 0.00634765624999991 0.22198486328125 -0.168411254882812
-0.60552978515625 0.29132080078125 0.14031982421875 -0.225860595703125
-0.46466064453125 0.48175048828125 0.059112548828125 -0.25042724609375
-0.40740966796875 0.479156494140625 0.047393798828125 -0.2186279296875
-0.431884765625 0.529937744140625 0.058013916015625 -0.186721801757812
-0.498382568359375 0.423736572265625 0.071380615234375 -0.11370849609375
-0.558074951171875 0.198577880859375 0.0665740966796875 -0.0499954223632812
-0.532379150390625 0.0961914062500001 -0.0131206512451172 0.0241661071777344
-0.510650634765625 -0.139617919921875 -0.142807006835938 -0.04132080078125
-0.58819580078125 -0.26507568359375 -0.264312744140625 -0.046844482421875
-0.62896728515625 -0.35888671875 -0.305450439453125 -0.00961303710937497
-0.519439697265625 -0.322845458984375 -0.20977783203125 -0.429168701171875
-0.438873291015625 -0.21868896484375 -0.236572265625 -0.147048950195313
-0.355316162109375 -0.22601318359375 0.0444488525390625 0.00366973876953124
-0.401611328125 -0.162506103515625 0.190887451171875 -0.0688323974609375
-0.447113037109375 -0.0372924804687501 0.274993896484375 -0.20452880859375
-0.499908447265625 0.205230712890625 0.25457763671875 -0.34417724609375
-0.38909912109375 0.355499267578125 0.167877197265625 -0.444976806640625
-0.334503173828125 0.35504150390625 0.135589599609375 -0.417724609375
-0.360687255859375 0.384521484375 0.140533447265625 -0.36297607421875
-0.3876953125 0.27960205078125 0.15234375 -0.238388061523437
-0.39501953125 0.0987243652343749 0.0886764526367187 -0.101425170898438
-0.342559814453125 0.056915283203125 -0.0459671020507813 -0.0205574035644531
-0.34454345703125 -0.05615234375 -0.218612670898438 -0.118850708007813
-0.46148681640625 -0.1424560546875 -0.380615234375 -0.155059814453125
-0.53228759765625 -0.252655029296875 -0.449676513671875 -0.166015625
-0.30596923828125 -0.11383056640625 -0.314117431640625 -0.541839599609375
-0.211090087890625 -0.0715789794921875 -0.306243896484375 -0.279083251953125
-0.132987976074219 -0.113746643066406 -0.0361175537109375 -0.0675621032714844
-0.177658081054688 -0.125564575195313 0.1591796875 -0.107101440429688
-0.239837646484375 -0.060546875 0.3026123046875 -0.222991943359375
-0.3052978515625 0.087371826171875 0.3291015625 -0.435302734375
-0.249420166015625 0.172760009765625 0.2474365234375 -0.58721923828125
-0.213058471679688 0.178024291992187 0.1998291015625 -0.55609130859375
-0.237213134765625 0.186203002929687 0.20501708984375 -0.46734619140625
-0.226608276367188 0.106735229492187 0.209136962890625 -0.29840087890625
-0.189651489257813 0.000869750976562473 0.081756591796875 -0.118751525878906
-0.129341125488281 0.0248947143554688 -0.090606689453125 -0.0691452026367187
-0.166915893554688 0.03045654296875 -0.25750732421875 -0.206161499023438
-0.294647216796875 -0.016204833984375 -0.42718505859375 -0.254119873046875
-0.3656005859375 -0.11749267578125 -0.5450439453125 -0.285064697265625
0.0709609985351563 -0.0819320678710938 0.61700439453125 0.2193603515625
0.05877685546875 -0.135414123535156 0.436676025390625 0.28118896484375
-0.0519561767578125 -0.105880737304688 0.26947021484375 0.172607421875
-0.0793533325195313 -0.0113449096679688 0.156585693359375 0.0939788818359375
-0.0450859069824219 0.0378913879394531 -0.0779876708984375 0.0750350952148438
0.0312423706054688 0.0633468627929688 -0.238311767578125 0.32501220703125
0.0632896423339844 0.0503730773925781 -0.2178955078125 0.56298828125
0.0534248352050781 0.02581787109375 -0.1812744140625 0.639892578125
0.0793304443359375 0.0207138061523438 -0.221923828125 0.65478515625
0.0603294372558594 0.0583267211914063 -0.317779541015625 0.52337646484375
0.0150146484375 0.0963058471679688 -0.24420166015625 0.314239501953125
-0.049530029296875 0.0750885009765625 -0.0942535400390625 0.174240112304688
-0.102272033691406 -0.0136489868164063 0.09344482421875 0.1990966796875
-0.0291595458984375 -0.0852508544921875 0.37548828125 0.320465087890625
0.0490951538085938 -0.0380706787109375 0.37744140625 0.6474609375
-0.210250854492188 -0.230117797851562 0.58984375 0.216064453125
-0.188766479492187 -0.18914794921875 0.369842529296875 0.32366943359375
-0.250656127929688 -0.13751220703125 0.261932373046875 0.24188232421875
-0.267837524414062 -0.00170898437500001 0.195358276367187 0.1407470703125
-0.230392456054688 0.0893707275390625 -0.0310783386230469 0.0478515625
-0.161209106445313 0.216400146484375 -0.2236328125 0.27447509765625
-0.08221435546875 0.273681640625 -0.22686767578125 0.515106201171875
-0.089752197265625 0.244415283203125 -0.1796875 0.5966796875
-0.0927581787109375 0.25958251953125 -0.20391845703125 0.61798095703125
-0.165618896484375 0.241744995117188 -0.27972412109375 0.507904052734375
-0.252777099609375 0.168136596679687 -0.19097900390625 0.298858642578125
-0.30987548828125 0.076171875 -0.05419921875 0.173080444335938
-0.32745361328125 -0.1392822265625 0.118194580078125 0.183212280273438
-0.276947021484375 -0.253677368164063 0.356353759765625 0.30615234375
-0.207901000976563 -0.213043212890625 0.355712890625 0.6116943359375
-0.472930908203125 -0.364013671875 0.49114990234375 0.16168212890625
-0.440643310546875 -0.247467041015625 0.274444580078125 0.3277587890625
-0.4537353515625 -0.16876220703125 0.250762939453125 0.27044677734375
-0.445037841796875 0.00460815429687499 0.2255859375 0.153564453125
-0.397552490234375 0.124542236328125 0.0244369506835937 0.00456237792968751
-0.3441162109375 0.330078125 -0.177154541015625 0.181289672851563
-0.225494384765625 0.451904296875 -0.2039794921875 0.3876953125
-0.220062255859375 0.428314208984375 -0.153411865234375 0.46307373046875
-0.237762451171875 0.466827392578125 -0.156646728515625 0.48431396484375
-0.346405029296875 0.414520263671875 -0.20428466796875 0.418914794921875
-0.471923828125 0.25714111328125 -0.115951538085938 0.24346923828125
-0.527587890625 0.11505126953125 -0.016693115234375 0.15338134765625
-0.526275634765625 -0.2042236328125 0.100936889648437 0.139411926269531
-0.497772216796875 -0.35205078125 0.262924194335937 0.243377685546875
-0.437347412109375 -0.334503173828125 0.253509521484375 0.503173828125
-0.66607666015625 -0.45452880859375 0.329925537109375 0.0567626953125
-0.63372802734375 -0.2938232421875 0.15423583984375 0.2847900390625
-0.60882568359375 -0.19805908203125 0.240234375 0.25250244140625
-0.58538818359375 -0.00427246093750009 0.247390747070313 0.119491577148438
-0.530975341796875 0.135833740234375 0.0859527587890625 -0.0583343505859375
-0.49365234375 0.393798828125 -0.0997238159179688 0.0524444580078125
-0.344940185546875 0.55975341796875 -0.150253295898437 0.197418212890625
-0.31805419921875 0.544189453125 -0.106124877929688 0.259384155273438
-0.33837890625 0.603759765625 -0.0966949462890625 0.278594970703125
-0.4588623046875 0.532135009765625 -0.113113403320312 0.259552001953125
-0.602783203125 0.32391357421875 -0.0405120849609375 0.148635864257813
-0.64984130859375 0.16455078125 0.00642395019531247 0.11529541015625
-0.64501953125 -0.201904296875 0.03900146484375 0.0848617553710937
-0.6444091796875 -0.3642578125 0.101760864257812 0.156509399414062
-0.6064453125 -0.384033203125 0.08673095703125 0.350555419921875
-0.750732421875 -0.4755859375 0.129966735839844 -0.0932769775390625
-0.7132568359375 -0.301025390625 0.0155792236328125 0.185897827148437
-0.656982421875 -0.22186279296875 0.209823608398437 0.187393188476562
-0.63800048828125 -0.0403442382812499 0.251739501953125 0.0486907958984375
-0.60162353515625 0.11279296875 0.151123046875 -0.132003784179688
-0.58428955078125 0.40264892578125 0.00504302978515621 -0.0974273681640625
-0.41607666015625 0.58740234375 -0.0638313293457032 -0.0275192260742187
-0.3697509765625 0.57574462890625 -0.0413398742675782 0.0184783935546875
-0.388916015625 0.64361572265625 -0.0299148559570313 0.0381660461425782
-0.497406005859375 0.55670166015625 -0.0228729248046875 0.0659751892089844
-0.627685546875 0.32745361328125 0.0202598571777343 0.0373725891113282
-0.64642333984375 0.1822509765625 0.00748062133789058 0.0691566467285156
-0.64227294921875 -0.1563720703125 -0.05584716796875 0.0307693481445312
-0.684814453125 -0.30859375 -0.0959854125976563 0.066436767578125
-0.68768310546875 -0.36944580078125 -0.112579345703125 0.180526733398437
-0.70904541015625 -0.41473388671875 -0.074554443359375 -0.26165771484375
-0.6455078125 -0.26348876953125 -0.126663208007813 0.03997802734375
-0.57244873046875 -0.2291259765625 0.141433715820312 0.09466552734375
-0.58197021484375 -0.09503173828125 0.231185913085937 -0.0268707275390625
-0.578857421875 0.0610351562500001 0.213058471679688 -0.193771362304688
-0.5836181640625 0.35272216796875 0.12335205078125 -0.245834350585938
-0.42071533203125 0.529876708984375 0.038665771484375 -0.259414672851562
-0.363983154296875 0.52056884765625 0.0317230224609375 -0.224151611328125
-0.38592529296875 0.57598876953125 0.040618896484375 -0.194686889648437
-0.4613037109375 0.47515869140625 0.0594940185546875 -0.118507385253906
-0.54669189453125 0.2552490234375 0.0610122680664062 -0.05633544921875
-0.528839111328125 0.14794921875 -0.0124053955078125 0.0243167877197266
-0.52947998046875 -0.0946350097656249 -0.157699584960938 -0.0267333984375
-0.620361328125 -0.2105712890625 -0.276992797851563 -0.0262145996093751
-0.6685791015625 -0.3033447265625 -0.30712890625 0.0166015625
-0.555419921875 -0.27301025390625 -0.249298095703125 -0.41644287109375
-0.4632568359375 -0.176055908203125 -0.25054931640625 -0.119277954101563
-0.38507080078125 -0.195404052734375 0.0497016906738281 0.00368499755859374
-0.4219970703125 -0.127166748046875 0.19500732421875 -0.084259033203125
-0.45416259765625 0.0045471191406249 0.264785766601562 -0.232879638671875
-0.4884033203125 0.254364013671875 0.229736328125 -0.37542724609375
-0.356170654296875 0.3970947265625 0.13275146484375 -0.465301513671875
-0.303924560546875 0.389678955078125 0.1004638671875 -0.43170166015625
-0.328887939453125 0.4232177734375 0.107635498046875 -0.380126953125
-0.3641357421875 0.3182373046875 0.1298828125 -0.251312255859375
-0.389404296875 0.13690185546875 0.0797805786132812 -0.109420776367187
-0.337554931640625 0.0892028808593749 -0.050994873046875 -0.0160713195800781
-0.35101318359375 -0.0235290527343751 -0.240402221679688 -0.09722900390625
-0.479034423828125 -0.0968017578125 -0.404205322265625 -0.12164306640625
-0.5615234375 -0.201751708984375 -0.46612548828125 -0.128662109375
-0.320220947265625 -0.082733154296875 -0.363677978515625 -0.520294189453125
-0.21923828125 -0.0503082275390625 -0.3326416015625 -0.24462890625
-0.147140502929688 -0.102813720703125 -0.0371055603027344 -0.0609512329101563
-0.191635131835938 -0.110076904296875 0.158462524414063 -0.118423461914063
-0.247161865234375 -0.0375823974609375 0.289947509765625 -0.25347900390625
-0.3011474609375 0.11773681640625 0.296783447265625 -0.470947265625
-0.23541259765625 0.198822021484375 0.197021484375 -0.614990234375
-0.198440551757812 0.199554443359375 0.1519775390625 -0.57635498046875
-0.223159790039063 0.210494995117187 0.16326904296875 -0.490386962890625
-0.218017578125 0.127716064453125 0.18023681640625 -0.316162109375
-0.19158935546875 0.018096923828125 0.0710830688476562 -0.124290466308594
-0.125907897949219 0.0360488891601562 -0.10015869140625 -0.0599212646484375
-0.161727905273438 0.04779052734375 -0.286712646484375 -0.18115234375
-0.297637939453125 0.014801025390625 -0.45819091796875 -0.215789794921875
-0.379486083984375 -0.079833984375 -0.5738525390625 -0.2391357421875
0.0634918212890625 -0.0869140625 0.6201171875 0.16571044921875
0.0442428588867187 -0.137939453125 0.4503173828125 0.235931396484375
-0.060211181640625 -0.098480224609375 0.28057861328125 0.145477294921875
-0.0791397094726562 -0.00286865234375001 0.163482666015625 0.074371337890625
-0.0414581298828125 0.0426445007324219 -0.0702743530273438 0.075592041015625
0.0384902954101563 0.0598297119140625 -0.20611572265625 0.331756591796875
0.06756591796875 0.0437202453613281 -0.17010498046875 0.56390380859375
0.0549812316894531 0.0212135314941406 -0.12615966796875 0.63934326171875
0.0797271728515625 0.0141983032226563 -0.16265869140625 0.66009521484375
0.0648460388183594 0.0515937805175781 -0.26800537109375 0.53961181640625
0.0235366821289062 0.0932083129882813 -0.216796875 0.328460693359375
-0.0439834594726563 0.077056884765625 -0.0822906494140625 0.176300048828125
-0.103050231933594 -0.00508880615234374 0.107345581054688 0.1822509765625
-0.0368499755859375 -0.0823898315429688 0.390167236328125 0.274688720703125
0.0441856384277344 -0.0475425720214844 0.41845703125 0.5982666015625
-0.224395751953125 -0.205886840820313 0.5938720703125 0.16571044921875
-0.20062255859375 -0.169448852539063 0.39093017578125 0.28509521484375
-0.260330200195313 -0.11187744140625 0.27825927734375 0.214675903320313
-0.262405395507813 0.0226593017578125 0.207351684570312 0.117630004882813
-0.2171630859375 0.108932495117187 -0.0264854431152344 0.0436897277832031
-0.137786865234375 0.226943969726563 -0.195358276367187 0.28076171875
-0.0554046630859375 0.274368286132813 -0.18170166015625 0.51849365234375
-0.0664215087890625 0.246414184570313 -0.12744140625 0.59661865234375
-0.0678558349609375 0.262313842773438 -0.14849853515625 0.62042236328125
-0.140518188476562 0.251251220703125 -0.23138427734375 0.523040771484375
-0.23297119140625 0.1875 -0.16546630859375 0.30902099609375
-0.29949951171875 0.100616455078125 -0.0425872802734375 0.170806884765625
-0.33447265625 -0.10992431640625 0.127410888671875 0.165298461914063
-0.295379638671875 -0.227935791015625 0.369232177734375 0.26336669921875
-0.221176147460938 -0.197128295898437 0.3936767578125 0.565673828125
-0.492828369140625 -0.312469482421875 0.49200439453125 0.1190185546875
-0.451171875 -0.20465087890625 0.29901123046875 0.2989501953125
-0.4619140625 -0.124969482421875 0.270584106445312 0.245254516601563
-0.43572998046875 0.0445861816406251 0.238510131835937 0.127777099609375
-0.377655029296875 0.157012939453125 0.0241146087646484 -0.00372314453124999
-0.3067626953125 0.352752685546875 -0.159393310546875 0.184860229492188
-0.181610107421875 0.459503173828125 -0.170257568359375 0.391754150390625
-0.179351806640625 0.435272216796875 -0.111968994140625 0.46405029296875
-0.19110107421875 0.477935791015625 -0.114105224609375 0.48773193359375
-0.302398681640625 0.43695068359375 -0.163665771484375 0.429534912109375
-0.440673828125 0.29351806640625 -0.0960845947265625 0.248138427734375
-0.508270263671875 0.157989501953125 -0.00749206542968754 0.1484375
-0.534881591796875 -0.1553955078125 0.104888916015625 0.125343322753906
-0.520477294921875 -0.305450439453125 0.269973754882812 0.20916748046875
-0.4566650390625 -0.296783447265625 0.287261962890625 0.4664306640625
-0.6905517578125 -0.3863525390625 0.32696533203125 0.027557373046875
-0.64404296875 -0.2315673828125 0.17852783203125 0.268844604492188
-0.6180419921875 -0.14013671875 0.25958251953125 0.229843139648438
-0.5716552734375 0.04571533203125 0.259078979492187 0.0944671630859375
-0.508392333984375 0.177215576171875 0.0797805786132812 -0.0704727172851562
-0.450531005859375 0.428314208984375 -0.094146728515625 0.0523910522460938
-0.2894287109375 0.575927734375 -0.131393432617188 0.202117919921875
-0.26666259765625 0.557952880859375 -0.0809783935546875 0.260467529296875
-0.27935791015625 0.62103271484375 -0.0721435546875 0.281646728515625
-0.40264892578125 0.56103515625 -0.088775634765625 0.267288208007813
-0.56280517578125 0.37152099609375 -0.029632568359375 0.148361206054688
-0.6224365234375 0.21630859375 0.0118637084960937 0.110054016113281
-0.6507568359375 -0.14453125 0.0375289916992187 0.079071044921875
-0.66595458984375 -0.30438232421875 0.104583740234375 0.138710021972656
-0.62530517578125 -0.32763671875 0.112884521484375 0.331695556640625
-0.7772216796875 -0.39935302734375 0.118743896484375 -0.104362487792969
-0.7193603515625 -0.23223876953125 0.0349273681640625 0.185684204101563
-0.66912841796875 -0.159423828125 0.224929809570312 0.169418334960938
-0.62811279296875 0.013671875 0.258438110351562 0.0260162353515625
-0.57843017578125 0.1597900390625 0.138671875 -0.147369384765625
-0.538482666015625 0.443023681640625 -0.00315856933593753 -0.102188110351562
-0.35699462890625 0.60968017578125 -0.064666748046875 -0.0248832702636718
-0.3145751953125 0.5921630859375 -0.0362892150878906 0.0198783874511719
-0.326416015625 0.66265869140625 -0.0272674560546875 0.039764404296875
-0.4364013671875 0.5880126953125 -0.0172576904296875 0.0696487426757813
-0.58782958984375 0.3763427734375 0.0214138031005859 0.03497314453125
-0.6173095703125 0.23248291015625 0.0102348327636718 0.0649223327636719
-0.64349365234375 -0.10089111328125 -0.0614280700683594 0.0361366271972656
-0.6993408203125 -0.2435302734375 -0.0954132080078126 0.06939697265625
-0.7020263671875 -0.304931640625 -0.0945434570312501 0.182418823242187
-0.72998046875 -0.3411865234375 -0.0946044921875001 -0.25262451171875
-0.65069580078125 -0.20074462890625 -0.1170654296875 0.0556564331054688
-0.585693359375 -0.1749267578125 0.1512451171875 0.0840301513671875
-0.578125 -0.04449462890625 0.232162475585938 -0.0441436767578125
-0.559600830078125 0.1072998046875 0.195709228515625 -0.2108154296875
-0.543792724609375 0.3953857421875 0.100967407226562 -0.256317138671875
-0.367889404296875 0.554229736328125 0.018157958984375 -0.25927734375
-0.31390380859375 0.537445068359375 0.015594482421875 -0.222335815429687
-0.328369140625 0.59527587890625 0.02130126953125 -0.193679809570313
-0.410919189453125 0.5052490234375 0.0471572875976562 -0.116668701171875
-0.51416015625 0.29669189453125 0.0544509887695312 -0.0595436096191406
-0.503509521484375 0.187591552734375 -0.0127658843994141 0.02398681640625
-0.52423095703125 -0.04852294921875 -0.16571044921875 -0.0103759765625
-0.625732421875 -0.15191650390625 -0.279434204101563 -0.00430297851562499
-0.67816162109375 -0.2381591796875 -0.296661376953125 0.0382080078125
-0.5684814453125 -0.21710205078125 -0.276824951171875 -0.389617919921875
-0.464019775390625 -0.13031005859375 -0.2508544921875 -0.0880279541015626
-0.3973388671875 -0.158905029296875 0.053802490234375 0.00289535522460937
-0.424896240234375 -0.089080810546875 0.19183349609375 -0.097412109375
-0.444244384765625 0.041748046875 0.243942260742187 -0.2518310546875
-0.45745849609375 0.291046142578125 0.1962890625 -0.39068603515625
-0.31646728515625 0.4176025390625 0.094451904296875 -0.468719482421875
-0.266632080078125 0.404296875 0.0662841796875 -0.432037353515625
-0.28656005859375 0.44171142578125 0.07177734375 -0.37939453125
-0.328857421875 0.34259033203125 0.104782104492187 -0.252731323242188
-0.370330810546875 0.166351318359375 0.0683135986328125 -0.112190246582031
-0.32037353515625 0.114654541015625 -0.0533828735351563 -0.0114593505859375
-0.3426513671875 0.00564575195312503 -0.251785278320313 -0.0717468261718751
-0.47760009765625 -0.0519714355468749 -0.409881591796875 -0.0850830078124999
-0.56396484375 -0.14642333984375 -0.464385986328125 -0.090057373046875
-0.3206787109375 -0.051361083984375 -0.397857666015625 -0.48052978515625
-0.216751098632813 -0.0280914306640625 -0.342529296875 -0.204681396484375
-0.154541015625 -0.0873870849609375 -0.0357551574707031 -0.0528602600097656
-0.197052001953125 -0.091766357421875 0.152359008789063 -0.127685546875
-0.244461059570313 -0.0164031982421875 0.267898559570312 -0.272674560546875
-0.285888671875 0.140869140625 0.2557373046875 -0.488037109375
-0.213104248046875 0.214828491210938 0.14581298828125 -0.619140625
-0.178695678710938 0.210662841796875 0.10491943359375 -0.5765380859375
-0.20147705078125 0.2244873046875 0.119598388671875 -0.4915771484375
-0.203628540039063 0.142562866210937 0.14849853515625 -0.3194580078125
-0.185958862304687 0.0330657958984375 0.0590591430664062 -0.124412536621094
-0.117393493652344 0.0445098876953125 -0.106369018554688 -0.0485000610351562
-0.1510009765625 0.0608367919921875 -0.302001953125 -0.149169921875
-0.288818359375 0.042938232421875 -0.47003173828125 -0.171966552734375
-0.37640380859375 -0.042083740234375 -0.57830810546875 -0.189453125
0.0568389892578125 -0.088348388671875 0.60845947265625 0.1329345703125
0.0333404541015625 -0.137100219726563 0.448486328125 0.20330810546875
-0.0652847290039062 -0.0914382934570313 0.280120849609375 0.126144409179687
-0.076995849609375 0.0025634765625 0.16485595703125 0.058685302734375
-0.0384483337402344 0.0457916259765625 -0.0644302368164063 0.0722274780273437
0.0425033569335937 0.0555915832519531 -0.183197021484375 0.32672119140625
0.0693550109863281 0.0385169982910156 -0.13861083984375 0.5537109375
0.0560302734375 0.0182609558105469 -0.09136962890625 0.6236572265625
0.0785598754882813 0.0099945068359375 -0.1236572265625 0.647705078125
0.0657730102539063 0.0463027954101563 -0.231719970703125 0.5364990234375
0.0287322998046875 0.08953857421875 -0.1959228515625 0.32916259765625
-0.0399398803710938 0.0770034790039062 -0.0736846923828125 0.1727294921875
-0.100624084472656 0.000518798828125012 0.112045288085938 0.166107177734375
-0.0417938232421875 -0.0800628662109375 0.387115478515625 0.236358642578125
0.0380134582519531 -0.0536918640136719 0.431121826171875 0.553741455078125
-0.228668212890625 -0.186447143554687 0.58154296875 0.13067626953125
-0.203750610351562 -0.1524658203125 0.394073486328125 0.253082275390625
-0.2598876953125 -0.09295654296875 0.282135009765625 0.192901611328125
-0.252334594726563 0.03765869140625 0.210693359375 0.09881591796875
-0.2034912109375 0.11767578125 -0.0239944458007813 0.0384254455566406
-0.118576049804688 0.22674560546875 -0.175399780273438 0.276596069335938
-0.0372772216796875 0.267837524414063 -0.15252685546875 0.507781982421875
-0.0511322021484375 0.242218017578125 -0.0943603515625 0.58087158203125
-0.05029296875 0.257827758789063 -0.1109619140625 0.60784912109375
-0.121078491210938 0.251617431640625 -0.1964111328125 0.518829345703125
-0.215118408203125 0.195663452148438 -0.146575927734375 0.30780029296875
-0.28533935546875 0.113128662109375 -0.0367279052734375 0.16510009765625
-0.332061767578125 -0.088897705078125 0.128448486328125 0.150131225585937
-0.300201416015625 -0.206512451171875 0.363922119140625 0.2275390625
-0.22607421875 -0.183853149414063 0.4063720703125 0.522979736328125
-0.493621826171875 -0.27398681640625 0.481842041015625 0.089447021484375
-0.446258544921875 -0.171875 0.306549072265625 0.2733154296875
-0.457122802734375 -0.09210205078125 0.2767333984375 0.223907470703125
-0.418182373046875 0.0682373046874999 0.2431640625 0.107452392578125
-0.355438232421875 0.171600341796875 0.022500991821289 -0.0103969573974609
-0.276824951171875 0.358551025390625 -0.145904541015625 0.181198120117188
-0.149322509765625 0.454193115234375 -0.14654541015625 0.384307861328125
-0.14971923828125 0.430572509765625 -0.085357666015625 0.45245361328125
-0.15728759765625 0.473602294921875 -0.08465576171875 0.47821044921875
-0.266937255859375 0.44012451171875 -0.134490966796875 0.426422119140625
-0.411102294921875 0.310791015625 -0.0827178955078125 0.244476318359375
-0.48553466796875 0.179779052734375 -0.00437927246093753 0.1412353515625
-0.528900146484375 -0.123870849609375 0.101699829101562 0.113372802734375
-0.523681640625 -0.2681884765625 0.264144897460937 0.18121337890625
-0.458740234375 -0.26605224609375 0.29736328125 0.43304443359375
-0.6888427734375 -0.33477783203125 0.3172607421875 0.00903320312499998
-0.63372802734375 -0.1873779296875 0.190155029296875 0.252975463867188
-0.61212158203125 -0.0988769531250001 0.266510009765625 0.21038818359375
-0.551544189453125 0.0770263671875 0.262222290039062 0.0744781494140625
-0.480499267578125 0.19805908203125 0.0734024047851562 -0.0777053833007812
-0.411956787109375 0.43939208984375 -0.0904769897460938 0.0496292114257813
-0.2474365234375 0.5718994140625 -0.118865966796875 0.199691772460938
-0.229827880859375 0.55218505859375 -0.0658721923828125 0.253799438476563
-0.236083984375 0.614990234375 -0.05694580078125 0.276260375976563
-0.35638427734375 0.56646728515625 -0.070526123046875 0.265914916992188
-0.5255126953125 0.39227294921875 -0.022796630859375 0.14501953125
-0.59307861328125 0.2431640625 0.0131454467773437 0.103256225585938
-0.63861083984375 -0.10614013671875 0.0322418212890625 0.0741958618164063
-0.6644287109375 -0.259765625 0.0995407104492187 0.124244689941406
-0.622314453125 -0.2869873046875 0.125030517578125 0.31085205078125
-0.773193359375 -0.3404541015625 0.108253479003906 -0.108238220214844
-0.707763671875 -0.18292236328125 0.0467376708984375 0.181076049804688
-0.66162109375 -0.1143798828125 0.230239868164062 0.154022216796875
-0.6094970703125 0.0476074218749999 0.259063720703125 0.009307861328125
-0.549713134765625 0.182342529296875 0.127105712890625 -0.153656005859375
-0.498687744140625 0.45831298828125 -0.00986480712890628 -0.104194641113281
-0.312744140625 0.6075439453125 -0.064605712890625 -0.0232810974121093
-0.27447509765625 0.58819580078125 -0.0339946746826172 0.0192909240722657
-0.2791748046875 0.6593017578125 -0.0266494750976563 0.0407600402832032
-0.38946533203125 0.59344482421875 -0.012664794921875 0.0716171264648438
-0.548828125 0.397796630859375 0.0209712982177734 0.0325965881347657
-0.5845947265625 0.258056640625 0.00935745239257809 0.0613136291503906
-0.629638671875 -0.06500244140625 -0.0657882690429688 0.0399246215820312
-0.6929931640625 -0.197998046875 -0.0972518920898438 0.0696182250976562
-0.69281005859375 -0.25634765625 -0.0815277099609376 0.1773681640625
-0.72369384765625 -0.28759765625 -0.104705810546875 -0.242080688476563
-0.637939453125 -0.15692138671875 -0.106117248535156 0.06475830078125
-0.5816650390625 -0.13507080078125 0.154708862304688 0.075897216796875
-0.56378173828125 -0.0114746093749999 0.229202270507813 -0.0566253662109375
-0.53448486328125 0.129669189453125 0.180572509765625 -0.2177734375
-0.50860595703125 0.411834716796875 0.0845794677734375 -0.258758544921875
-0.3267822265625 0.5552978515625 0.00462341308593748 -0.254638671875
-0.27734375 0.5340576171875 0.00628662109375 -0.217315673828125
-0.28759765625 0.5946044921875 0.0093994140625 -0.187026977539062
-0.36785888671875 0.510986328125 0.0393142700195312 -0.111747741699219
-0.482818603515625 0.316192626953125 0.0485916137695312 -0.0601463317871093
-0.4761962890625 0.207855224609375 -0.0144882202148438 0.0229015350341797
-0.509613037109375 -0.0200805664062501 -0.169586181640625 0.00164794921874996
-0.61651611328125 -0.11236572265625 -0.277267456054688 0.0109710693359375
-0.66497802734375 -0.1927490234375 -0.283721923828125 0.047393798828125
-0.560150146484375 -0.176025390625 -0.287841796875 -0.365234375
-0.454315185546875 -0.0976867675781251 -0.242767333984375 -0.0666656494140626
-0.39727783203125 -0.13018798828125 0.0569725036621093 0.00197219848632812
-0.415863037109375 -0.0642700195312499 0.186920166015625 -0.103622436523438
-0.4266357421875 0.062530517578125 0.225296020507812 -0.258392333984375
-0.430084228515625 0.305450439453125 0.17083740234375 -0.3922119140625
-0.2838134765625 0.421539306640625 0.068634033203125 -0.460235595703125
-0.23773193359375 0.404266357421875 0.0434265136718749 -0.422607421875
-0.253692626953125 0.44317626953125 0.0489501953125 -0.369354248046875
-0.298797607421875 0.3487548828125 0.08795166015625 -0.245330810546875
-0.349517822265625 0.180999755859375 0.0596084594726562 -0.110115051269531
-0.30242919921875 0.126129150390625 -0.0554962158203125 -0.00823211669921873
-0.32904052734375 0.0234375 -0.255294799804688 -0.0515594482421875
-0.46575927734375 -0.0217895507812499 -0.405426025390625 -0.0597839355468751
-0.550018310546875 -0.107574462890625 -0.451019287109375 -0.067291259765625
-0.3126220703125 -0.0285949707031251 -0.408233642578125 -0.44659423828125
-0.209426879882813 -0.01275634765625 -0.337554931640625 -0.175048828125
-0.156173706054688 -0.0753173828125 -0.03271484375 -0.0469856262207031
-0.197006225585938 -0.078521728515625 0.145767211914063 -0.130615234375
-0.23638916015625 -0.00323486328125004 0.248260498046875 -0.278778076171875
-0.271377563476563 0.151580810546875 0.22332763671875 -0.48876953125
-0.194915771484375 0.219894409179687 0.11126708984375 -0.6083984375
-0.163482666015625 0.21221923828125 0.07415771484375 -0.56427001953125
-0.18365478515625 0.2276611328125 0.08941650390625 -0.479095458984375
-0.188873291015625 0.147903442382813 0.1270751953125 -0.311279296875
-0.179153442382813 0.0401153564453125 0.0496749877929687 -0.120262145996094
-0.108749389648437 0.0472030639648438 -0.107894897460937 -0.0391998291015625
-0.139556884765625 0.0665283203125 -0.3067626953125 -0.125
-0.276046752929688 0.0593109130859375 -0.465484619140625 -0.141387939453125
-0.363311767578125 -0.015045166015625 -0.56805419921875 -0.15625
0.0526123046875 -0.0894775390625 0.59881591796875 0.1168212890625
0.0260238647460938 -0.136367797851563 0.44482421875 0.1871337890625
-0.0681533813476563 -0.0867080688476562 0.279586791992188 0.115814208984375
-0.0752944946289062 0.006011962890625 0.166122436523438 0.048858642578125
-0.0366477966308594 0.0479621887207031 -0.0605087280273437 0.0682449340820313
0.0457077026367188 0.0532569885253906 -0.170501708984375 0.322906494140625
0.0705108642578125 0.0348434448242188 -0.12255859375 0.546295166015625
0.0566444396972656 0.0168190002441406 -0.07470703125 0.61248779296875
0.07818603515625 0.00727081298828125 -0.10247802734375 0.63714599609375
0.0666007995605469 0.0431556701660156 -0.211212158203125 0.532928466796875
0.0314483642578125 0.0879440307617187 -0.1854248046875 0.3280029296875
-0.0385971069335938 0.0766830444335938 -0.072235107421875 0.170120239257813
-0.0998458862304688 0.00356292724609373 0.112960815429688 0.154586791992188
-0.0450439453125 -0.079742431640625 0.380340576171875 0.21551513671875
0.0333747863769531 -0.0579299926757812 0.43408203125 0.529571533203125
-0.229278564453125 -0.17523193359375 0.57281494140625 0.11468505859375
-0.205459594726562 -0.143707275390625 0.393585205078125 0.237457275390625
-0.26007080078125 -0.0800323486328125 0.283355712890625 0.1822509765625
-0.246246337890625 0.045806884765625 0.213699340820312 0.0865020751953125
-0.195770263671875 0.122879028320313 -0.0228404998779297 0.0337486267089844
-0.106887817382813 0.226318359375 -0.166305541992188 0.27105712890625
-0.026641845703125 0.262741088867188 -0.1385498046875 0.49908447265625
-0.0424652099609375 0.2386474609375 -0.07965087890625 0.57086181640625
-0.0406646728515625 0.255279541015625 -0.09271240234375 0.59796142578125
-0.108978271484375 0.2501220703125 -0.17608642578125 0.51568603515625
-0.204116821289063 0.199966430664062 -0.13751220703125 0.305084228515625
-0.278945922851563 0.120437622070313 -0.03643798828125 0.160888671875
-0.330413818359375 -0.0788574218750001 0.126274108886719 0.139312744140625
-0.3050537109375 -0.19500732421875 0.355743408203125 0.207275390625
-0.230010986328125 -0.178680419921875 0.40838623046875 0.500457763671875
-0.49224853515625 -0.25286865234375 0.474578857421875 0.076202392578125
-0.442047119140625 -0.15509033203125 0.309600830078125 0.25970458984375
-0.455963134765625 -0.0715637207031251 0.28021240234375 0.212738037109375
-0.40875244140625 0.0802917480468751 0.246780395507813 0.094085693359375
-0.3428955078125 0.178741455078125 0.0213127136230469 -0.0155963897705078
-0.2589111328125 0.360992431640625 -0.140121459960938 0.176849365234375
-0.132965087890625 0.44818115234375 -0.137115478515625 0.37884521484375
-0.136077880859375 0.42535400390625 -0.07415771484375 0.44384765625
-0.139923095703125 0.470245361328125 -0.0712585449218751 0.47149658203125
-0.24578857421875 0.440185546875 -0.11907958984375 0.422607421875
-0.392486572265625 0.31976318359375 -0.0763092041015625 0.2420654296875
-0.472625732421875 0.19146728515625 -0.00489807128906253 0.137229919433594
-0.525115966796875 -0.107574462890625 0.0964279174804687 0.106613159179688
-0.528106689453125 -0.2486572265625 0.256195068359375 0.166717529296875
-0.457672119140625 -0.252105712890625 0.301361083984375 0.412261962890625
-0.68414306640625 -0.3052978515625 0.309814453125 0.000457763671874981
-0.62481689453125 -0.163818359375 0.195144653320313 0.243820190429688
-0.60809326171875 -0.0733642578125 0.269943237304687 0.20074462890625
-0.540069580078125 0.0931701660156249 0.265609741210938 0.06134033203125
-0.46453857421875 0.20758056640625 0.069000244140625 -0.0829849243164062
-0.392120361328125 0.444244384765625 -0.0896682739257813 0.0455169677734375
-0.22625732421875 0.566650390625 -0.11480712890625 0.196258544921875
-0.209503173828125 0.5469970703125 -0.0594635009765625 0.250015258789063
-0.21270751953125 0.61199951171875 -0.0499267578125 0.274185180664063
-0.32965087890625 0.56707763671875 -0.0612640380859375 0.264175415039063
-0.50372314453125 0.404022216796875 -0.0197906494140625 0.142608642578125
-0.574951171875 0.2572021484375 0.0107269287109375 0.098876953125
-0.6348876953125 -0.0870971679687499 0.025909423828125 0.0722732543945313
-0.6656494140625 -0.2340087890625 0.0926055908203125 0.116355895996094
-0.61688232421875 -0.265625 0.12890625 0.298614501953125
-0.767822265625 -0.30877685546875 0.102775573730469 -0.110427856445313
-0.69732666015625 -0.15582275390625 0.053985595703125 0.179168701171875
-0.657958984375 -0.0865478515625 0.233718872070312 0.145721435546875
-0.59637451171875 0.0663452148437499 0.26025390625 -0.000808715820312496
-0.5338134765625 0.1922607421875 0.12017822265625 -0.158782958984375
-0.47662353515625 0.466522216796875 -0.0151901245117188 -0.107231140136719
-0.2899169921875 0.60479736328125 -0.0658302307128906 -0.024078369140625
-0.2545166015625 0.58367919921875 -0.0331554412841797 0.0185165405273438
-0.2535400390625 0.65692138671875 -0.0264778137207031 0.04229736328125
-0.36151123046875 0.59356689453125 -0.00950622558593752 0.0731353759765625
-0.526397705078125 0.4093017578125 0.0198020935058593 0.0312232971191406
-0.56768798828125 0.2698974609375 0.00694274902343746 0.0579299926757813
-0.62237548828125 -0.04608154296875 -0.0720443725585938 0.0444717407226562
-0.69085693359375 -0.170654296875 -0.101043701171875 0.070404052734375
-0.6866455078125 -0.23150634765625 -0.0756530761718751 0.171844482421875
-0.71746826171875 -0.25567626953125 -0.111648559570313 -0.2364501953125
-0.62701416015625 -0.1295166015625 -0.09893798828125 0.0697708129882812
-0.57781982421875 -0.1103515625 0.158493041992187 0.0706024169921875
-0.5545654296875 0.00531005859374999 0.230300903320313 -0.0631256103515625
-0.520263671875 0.139984130859375 0.171463012695313 -0.22088623046875
-0.488494873046875 0.419891357421875 0.074432373046875 -0.260498046875
-0.305023193359375 0.55426025390625 -0.00331115722656251 -0.2528076171875
-0.2589111328125 0.531463623046875 0.00016784667968747 -0.21484375
-0.26373291015625 0.591796875 0.0029449462890625 -0.1815185546875
-0.3447265625 0.5107421875 0.035888671875 -0.106735229492187
-0.464447021484375 0.32568359375 0.0455665588378906 -0.0594024658203125
-0.460662841796875 0.21734619140625 -0.0169239044189453 0.021718978881836
-0.50177001953125 -0.00543212890625006 -0.173721313476563 0.011566162109375
-0.6109619140625 -0.0883178710937499 -0.277938842773438 0.0197601318359374
-0.6558837890625 -0.1669921875 -0.27557373046875 0.0500640869140625
-0.553955078125 -0.151397705078125 -0.293121337890625 -0.352325439453125
-0.446014404296875 -0.0798339843749999 -0.23675537109375 -0.0551605224609375
-0.39599609375 -0.112213134765625 0.0603790283203125 0.00159454345703124
-0.41241455078125 -0.050689697265625 0.186599731445312 -0.107147216796875
-0.4156494140625 0.069793701171875 0.216827392578125 -0.260894775390625
-0.41424560546875 0.3140869140625 0.155670166015625 -0.392730712890625
-0.2672119140625 0.422576904296875 0.055023193359375 -0.455963134765625
-0.224822998046875 0.403045654296875 0.032501220703125 -0.417083740234375
-0.236907958984375 0.442657470703125 0.0374755859375 -0.36065673828125
-0.28131103515625 0.35015869140625 0.079071044921875 -0.237960815429687
-0.33831787109375 0.188201904296875 0.0541534423828125 -0.108177185058594
-0.290771484375 0.131103515625 -0.0573234558105469 -0.00590896606445312
-0.32037353515625 0.032318115234375 -0.2587890625 -0.0384368896484375
-0.457611083984375 -0.0028076171875001 -0.403106689453125 -0.045013427734375
-0.538543701171875 -0.0867919921875001 -0.44281005859375 -0.057525634765625
-0.306121826171875 -0.01531982421875 -0.411407470703125 -0.428497314453125
-0.203216552734375 -0.00444030761718753 -0.3321533203125 -0.157928466796875
-0.15655517578125 -0.0669097900390625 -0.0290260314941406 -0.0441780090332031
-0.196975708007813 -0.07025146484375 0.144699096679688 -0.131942749023438
-0.231719970703125 0.00228881835937504 0.2396240234375 -0.280410766601562
-0.263107299804688 0.157638549804687 0.206695556640625 -0.48822021484375
-0.18560791015625 0.22210693359375 0.0935668945312499 -0.60205078125
-0.15655517578125 0.213607788085937 0.059661865234375 -0.555419921875
-0.175430297851562 0.228668212890625 0.0745849609375 -0.4705810546875
-0.18096923828125 0.149688720703125 0.11627197265625 -0.30340576171875
-0.1759033203125 0.04345703125 0.0447921752929687 -0.115653991699219
-0.103836059570312 0.0470504760742188 -0.110275268554687 -0.0337982177734375
-0.132087707519531 0.0687637329101563 -0.310302734375 -0.1090087890625
-0.268585205078125 0.0714263916015625 -0.4625244140625 -0.122283935546875
-0.3536376953125 -0.00112915039062506 -0.558685302734375 -0.14215087890625
0.0504989624023438 -0.0923385620117188 0.60491943359375 0.10888671875
0.0206222534179687 -0.138557434082031 0.45025634765625 0.17742919921875
-0.0717849731445313 -0.0856246948242188 0.28564453125 0.111846923828125
-0.0759506225585938 0.00933837890625001 0.171401977539063 0.0416107177734375
-0.0362625122070312 0.051177978515625 -0.0595893859863281 0.06488037109375
0.0489578247070313 0.0514717102050781 -0.16571044921875 0.323028564453125
0.0726852416992188 0.032379150390625 -0.115142822265625 0.55047607421875
0.0592231750488281 0.0161514282226563 -0.0649414062499999 0.618896484375
0.0796051025390625 0.006500244140625 -0.0895996093749999 0.64300537109375
0.0687255859375 0.0410995483398438 -0.202301025390625 0.541351318359375
0.0348358154296875 0.0877151489257813 -0.1817626953125 0.334136962890625
-0.0388031005859375 0.0786361694335938 -0.072967529296875 0.171615600585938
-0.10101318359375 0.005279541015625 0.115341186523437 0.148269653320313
-0.0489273071289063 -0.0816497802734375 0.3818359375 0.203216552734375
0.0281867980957031 -0.0627555847167969 0.44384765625 0.525848388671875
-0.2342529296875 -0.170623779296875 0.57757568359375 0.1064453125
-0.210174560546875 -0.1396484375 0.400421142578125 0.2315673828125
-0.2652587890625 -0.0715484619140625 0.29144287109375 0.178802490234375
-0.24688720703125 0.0540008544921875 0.220428466796875 0.0778045654296875
-0.195327758789062 0.12896728515625 -0.0217151641845703 0.0295886993408203
-0.100921630859375 0.229736328125 -0.163177490234375 0.270736694335938
-0.02008056640625 0.262863159179688 -0.133392333984375 0.504058837890625
-0.03607177734375 0.240936279296875 -0.0698852539062499 0.576416015625
-0.0337677001953125 0.25799560546875 -0.08148193359375 0.60321044921875
-0.102035522460937 0.253280639648438 -0.166046142578125 0.522430419921875
-0.199905395507812 0.206619262695313 -0.135040283203125 0.309295654296875
-0.280303955078125 0.127685546875 -0.0382843017578125 0.161239624023438
-0.336669921875 -0.072784423828125 0.126029968261719 0.134346008300781
-0.3154296875 -0.19122314453125 0.357025146484375 0.195587158203125
-0.238784790039062 -0.179122924804688 0.41845703125 0.4913330078125
-0.499725341796875 -0.242218017578125 0.47601318359375 0.06878662109375
-0.448974609375 -0.144561767578125 0.3167724609375 0.256011962890625
-0.46221923828125 -0.0563659667968751 0.288299560546875 0.20904541015625
-0.4093017578125 0.0928649902343749 0.255523681640625 0.0856170654296875
-0.341522216796875 0.187896728515625 0.0208110809326172 -0.0212593078613281
-0.251312255859375 0.369720458984375 -0.140029907226563 0.175216674804688
-0.121795654296875 0.452117919921875 -0.134796142578125 0.382781982421875
-0.1270751953125 0.43170166015625 -0.0677795410156251 0.447906494140625
-0.128265380859375 0.477447509765625 -0.063018798828125 0.476898193359375
-0.2340087890625 0.448394775390625 -0.109771728515625 0.428314208984375
-0.387298583984375 0.33172607421875 -0.07391357421875 0.244766235351563
-0.472900390625 0.204803466796875 -0.00783538818359377 0.136589050292969
-0.535003662109375 -0.0978698730468749 0.0932693481445312 0.104339599609375
-0.5419921875 -0.23809814453125 0.2528076171875 0.15728759765625
-0.4688720703125 -0.247039794921875 0.30865478515625 0.40692138671875
-0.69512939453125 -0.2884521484375 0.308868408203125 -0.00610351562500002
-0.6328125 -0.148681640625 0.202407836914063 0.242279052734375
-0.61700439453125 -0.0537109374999999 0.278305053710937 0.19775390625
-0.541473388671875 0.10931396484375 0.2740478515625 0.0525970458984375
-0.463043212890625 0.2174072265625 0.0673904418945312 -0.0900039672851563
-0.38330078125 0.457183837890625 -0.0927734375 0.0430679321289063
-0.21612548828125 0.574462890625 -0.114837646484375 0.198898315429688
-0.20050048828125 0.5552978515625 -0.05810546875 0.252517700195313
-0.19842529296875 0.62103271484375 -0.0458221435546875 0.278152465820313
-0.31524658203125 0.577880859375 -0.05413818359375 0.269180297851563
-0.496673583984375 0.419647216796875 -0.0192718505859375 0.143356323242188
-0.5748291015625 0.2723388671875 0.00754547119140621 0.09844970703125
-0.642578125 -0.0735473632812499 0.0200881958007812 0.0743865966796875
-0.67974853515625 -0.2178955078125 0.0872802734375 0.113212585449219
-0.6268310546875 -0.2576904296875 0.13433837890625 0.294677734375
-0.77935791015625 -0.28802490234375 0.0981979370117187 -0.114128112792969
-0.7020263671875 -0.1383056640625 0.0605621337890625 0.181015014648438
-0.66729736328125 -0.0648803710937499 0.241287231445312 0.14300537109375
-0.599365234375 0.0822753906249999 0.268539428710937 -0.00894165039062499
-0.53277587890625 0.20361328125 0.1180419921875 -0.165695190429687
-0.469482421875 0.48150634765625 -0.0208206176757813 -0.112258911132812
-0.27960205078125 0.6153564453125 -0.0699310302734375 -0.0242576599121093
-0.2452392578125 0.5916748046875 -0.034994125366211 0.0196514129638672
-0.241943359375 0.66571044921875 -0.0270500183105469 0.0451507568359375
-0.3477783203125 0.60711669921875 -0.00722503662109378 0.0764083862304688
-0.520111083984375 0.426116943359375 0.0196857452392578 0.0303478240966797
-0.5654296875 0.28485107421875 0.00301742553710934 0.0566329956054688
-0.6285400390625 -0.032958984375 -0.0794448852539063 0.0501632690429688
-0.7030029296875 -0.15289306640625 -0.107574462890625 0.0731277465820313
-0.69268798828125 -0.22015380859375 -0.0734405517578125 0.17041015625
-0.7264404296875 -0.23724365234375 -0.118927001953125 -0.238082885742187
-0.6312255859375 -0.11328125 -0.0956420898437501 0.0750808715820312
-0.5855712890625 -0.0917968749999999 0.163787841796875 0.0684051513671875
-0.558349609375 0.0192871093750001 0.235137939453125 -0.070770263671875
-0.52105712890625 0.14849853515625 0.168624877929687 -0.227615356445312
-0.484100341796875 0.436676025390625 0.0670928955078125 -0.26788330078125
-0.29632568359375 0.5648193359375 -0.00970458984375001 -0.255889892578125
-0.251190185546875 0.541015625 -0.00405883789062503 -0.217117309570312
-0.2523193359375 0.60345458984375 -0.00190734863281251 -0.181350708007812
-0.332244873046875 0.52313232421875 0.0354461669921875 -0.104972839355469
-0.45928955078125 0.339263916015625 0.0430908203125 -0.0602645874023437
-0.458465576171875 0.226654052734375 -0.0210819244384766 0.0216617584228516
-0.50579833984375 0.00500488281250002 -0.182632446289063 0.0209808349609375
-0.6173095703125 -0.06951904296875 -0.28466796875 0.0270690917968749
-0.66070556640625 -0.1549072265625 -0.276748657226563 0.0517730712890625
-0.558929443359375 -0.135955810546875 -0.303436279296875 -0.35113525390625
-0.4461669921875 -0.0672302246093751 -0.235763549804688 -0.046844482421875
-0.40240478515625 -0.099822998046875 0.0634841918945312 -0.000404357910156256
-0.4180908203125 -0.04071044921875 0.190811157226562 -0.112335205078125
-0.4183349609375 0.0762634277343749 0.21453857421875 -0.267532348632813
-0.411041259765625 0.328460693359375 0.147674560546875 -0.40155029296875
-0.2606201171875 0.4310302734375 0.046630859375 -0.46197509765625
-0.22125244140625 0.412139892578125 0.0258789062499999 -0.421234130859375
-0.22991943359375 0.45111083984375 0.030364990234375 -0.36114501953125
-0.274810791015625 0.35833740234375 0.0753021240234375 -0.235809326171875
-0.336395263671875 0.19635009765625 0.0522613525390625 -0.108535766601562
-0.288787841796875 0.13623046875 -0.0615043640136719 -0.00438690185546873
-0.3206787109375 0.03961181640625 -0.267349243164063 -0.0269622802734374
-0.460479736328125 0.013641357421875 -0.40966796875 -0.034393310546875
-0.539154052734375 -0.0734863281250001 -0.44622802734375 -0.0539550781249999
-0.305877685546875 -0.00549316406250002 -0.423828125 -0.427337646484375
-0.201141357421875 0.00202941894531251 -0.333465576171875 -0.14892578125
-0.159576416015625 -0.0609588623046875 -0.0274276733398438 -0.0436515808105469
-0.20111083984375 -0.065643310546875 0.147354125976563 -0.135498046875
-0.23291015625 0.00538635253906252 0.2384033203125 -0.28692626953125
-0.26214599609375 0.165603637695312 0.199310302734375 -0.497222900390625
-0.182785034179688 0.228775024414062 0.08148193359375 -0.61077880859375
-0.155136108398438 0.219024658203125 0.04974365234375 -0.56317138671875
-0.172348022460937 0.233993530273438 0.06683349609375 -0.4739990234375
-0.179428100585938 0.153427124023437 0.1121826171875 -0.302459716796875
-0.176513671875 0.046478271484375 0.04339599609375 -0.113517761230469
-0.101882934570313 0.0472946166992188 -0.114570617675781 -0.0294189453125
-0.128875732421875 0.0725173950195312 -0.32061767578125 -0.09765625
-0.266403198242187 0.0826568603515625 -0.46875 -0.110321044921875
-0.350616455078125 0.00933837890625003 -0.5650634765625 -0.1348876953125
0.0478134155273437 -0.0971908569335938 0.6268310546875 0.09375
0.0124664306640625 -0.143386840820313 0.4677734375 0.168365478515625
-0.0780868530273438 -0.083831787109375 0.29962158203125 0.105712890625
-0.0778579711914063 0.012786865234375 0.179977416992188 0.0314178466796875
-0.0359115600585938 0.0555534362792969 -0.0583724975585938 0.0630455017089844
0.0533561706542969 0.049560546875 -0.159942626953125 0.333709716796875
0.0766983032226562 0.029266357421875 -0.1025390625 0.56982421875
0.0627288818359375 0.0138740539550781 -0.0470581054687501 0.63714599609375
0.0837326049804688 0.00331878662109375 -0.07086181640625 0.6627197265625
0.07318115234375 0.0386123657226563 -0.1866455078125 0.5604248046875
0.0402450561523437 0.0886154174804688 -0.176544189453125 0.349212646484375
-0.0390625 0.0833587646484375 -0.0718231201171875 0.177993774414063
-0.104873657226562 0.00878143310546875 0.121246337890625 0.14337158203125
-0.056365966796875 -0.0841751098632813 0.392852783203125 0.1890869140625
0.0221977233886719 -0.0684394836425781 0.47222900390625 0.5235595703125
-0.247589111328125 -0.166046142578125 0.59735107421875 0.09130859375
-0.221603393554688 -0.135086059570313 0.418212890625 0.2235107421875
-0.276351928710938 -0.0601959228515625 0.307891845703125 0.173980712890625
-0.250518798828125 0.0668182373046876 0.233596801757813 0.066375732421875
-0.195510864257813 0.139999389648438 -0.0222301483154297 0.0251293182373047
-0.0928192138671875 0.240142822265625 -0.159622192382812 0.278656005859375
-0.00985717773437498 0.269393920898437 -0.1219482421875 0.522369384765625
-0.026702880859375 0.248336791992188 -0.0544433593750001 0.59423828125
-0.0236358642578125 0.266677856445312 -0.0641479492187501 0.62359619140625
-0.09344482421875 0.263580322265625 -0.150848388671875 0.540771484375
-0.196014404296875 0.221160888671875 -0.12896728515625 0.32183837890625
-0.285308837890625 0.142669677734375 -0.03802490234375 0.166534423828125
-0.35064697265625 -0.06231689453125 0.130340576171875 0.130203247070312
-0.33502197265625 -0.184417724609375 0.363861083984375 0.183807373046875
-0.255264282226563 -0.177459716796875 0.44329833984375 0.49029541015625
-0.5213623046875 -0.22869873046875 0.490142822265625 0.05584716796875
-0.46502685546875 -0.131134033203125 0.335601806640625 0.25177001953125
-0.477569580078125 -0.034210205078125 0.30670166015625 0.2054443359375
-0.417724609375 0.114349365234375 0.270767211914063 0.0720672607421875
-0.344451904296875 0.205230712890625 0.0196990966796875 -0.0278778076171875
-0.241455078125 0.389251708984375 -0.14111328125 0.17938232421875
-0.1085205078125 0.468109130859375 -0.12841796875 0.397369384765625
-0.11370849609375 0.446319580078125 -0.0567626953125 0.462982177734375
-0.1131591796875 0.493988037109375 -0.049072265625 0.49224853515625
-0.220123291015625 0.46917724609375 -0.095550537109375 0.443511962890625
-0.38372802734375 0.35748291015625 -0.0682830810546875 0.252273559570313
-0.480499267578125 0.22735595703125 -0.00927734375000004 0.140106201171875
-0.555389404296875 -0.0803222656250001 0.0934219360351562 0.104110717773437
-0.569580078125 -0.2227783203125 0.25604248046875 0.149063110351562
-0.4935302734375 -0.24053955078125 0.327850341796875 0.404815673828125
-0.72406005859375 -0.26702880859375 0.314788818359375 -0.015899658203125
-0.65301513671875 -0.12628173828125 0.218109130859375 0.243270874023438
-0.63525390625 -0.0230712890625001 0.29595947265625 0.193359375
-0.552490234375 0.137176513671875 0.28948974609375 0.038665771484375
-0.467437744140625 0.239532470703125 0.0651016235351562 -0.0988388061523437
-0.37579345703125 0.48553466796875 -0.0975189208984375 0.0424423217773438
-0.20135498046875 0.59735107421875 -0.1146240234375 0.207931518554688
-0.18499755859375 0.57763671875 -0.0511932373046875 0.262161254882813
-0.18023681640625 0.6455078125 -0.038116455078125 0.289154052734375
-0.2989501953125 0.604736328125 -0.0439453125 0.279312133789063
-0.49359130859375 0.450927734375 -0.0166015625 0.146896362304688
-0.58123779296875 0.30255126953125 0.00520324707031245 0.100044250488281
-0.66522216796875 -0.0501098632812501 0.015960693359375 0.07891845703125
-0.7109375 -0.1937255859375 0.0851058959960937 0.111480712890625
-0.65423583984375 -0.242919921875 0.145904541015625 0.294708251953125
-0.80926513671875 -0.263671875 0.0932083129882812 -0.12115478515625
-0.7227783203125 -0.11248779296875 0.0697174072265625 0.18603515625
-0.6864013671875 -0.0324707031249999 0.256698608398438 0.138381958007813
-0.61285400390625 0.109619140625 0.281021118164063 -0.0239715576171875
-0.540771484375 0.22503662109375 0.114486694335937 -0.177978515625
-0.46356201171875 0.514404296875 -0.0292205810546875 -0.118598937988281
-0.26556396484375 0.64300537109375 -0.076019287109375 -0.0224380493164062
-0.23193359375 0.618408203125 -0.0357170104980469 0.0221405029296875
-0.22357177734375 0.694091796875 -0.0271148681640625 0.0506439208984375
-0.32965087890625 0.6358642578125 -0.00246429443359378 0.0810775756835938
-0.51690673828125 0.458099365234375 0.019235610961914 0.030416488647461
-0.57073974609375 0.315185546875 -0.00126647949218754 0.0584869384765625
-0.650390625 -0.0084228515625 -0.08648681640625 0.059539794921875
-0.72930908203125 -0.1239013671875 -0.114501953125 0.0799789428710937
-0.7174072265625 -0.201416015625 -0.07110595703125 0.173782348632813
-0.753662109375 -0.213134765625 -0.134613037109375 -0.240829467773438
-0.64691162109375 -0.0906982421875001 -0.0933761596679688 0.0831146240234375
-0.60546875 -0.0635375976562501 0.174072265625 0.06500244140625
-0.57440185546875 0.0423583984375 0.244415283203125 -0.083587646484375
-0.53076171875 0.168853759765625 0.16607666015625 -0.2425537109375
-0.48126220703125 0.468536376953125 0.0559844970703124 -0.280548095703125
-0.2852783203125 0.591552734375 -0.0217437744140625 -0.263229370117187
-0.24163818359375 0.56549072265625 -0.0125274658203125 -0.221954345703125
-0.2373046875 0.62957763671875 -0.00836181640625003 -0.183197021484375
-0.3192138671875 0.547149658203125 0.0348587036132812 -0.105506896972656
-0.460205078125 0.36602783203125 0.0414237976074218 -0.0639686584472656
-0.4603271484375 0.249969482421875 -0.0259265899658203 0.0244197845458984
-0.519134521484375 0.0252075195312499 -0.193084716796875 0.0359344482421875
-0.637451171875 -0.0411376953125001 -0.29541015625 0.040130615234375
-0.68011474609375 -0.134521484375 -0.283203125 0.05743408203125
-0.5750732421875 -0.115478515625 -0.326629638671875 -0.35113525390625
-0.45574951171875 -0.0500793457031251 -0.241363525390625 -0.0375061035156251
-0.416015625 -0.08203125 0.067840576171875 -0.00168228149414063
-0.4332275390625 -0.024322509765625 0.195968627929687 -0.124343872070313
-0.4271240234375 0.0920104980468749 0.211761474609375 -0.28424072265625
-0.41021728515625 0.3543701171875 0.13665771484375 -0.4195556640625
-0.253631591796875 0.453765869140625 0.030181884765625 -0.47869873046875
-0.21441650390625 0.4310302734375 0.0107421875 -0.434051513671875
-0.220062255859375 0.47149658203125 0.017547607421875 -0.370880126953125
-0.266815185546875 0.376617431640625 0.0717620849609375 -0.240631103515625
-0.339019775390625 0.214447021484375 0.0497894287109375 -0.111473083496094
-0.290435791015625 0.148834228515625 -0.0681037902832032 -0.00091171264648438
-0.32598876953125 0.052490234375 -0.28155517578125 -0.010467529296875
-0.470672607421875 0.037078857421875 -0.424102783203125 -0.0172424316406251
-0.5528564453125 -0.05548095703125 -0.459930419921875 -0.0451049804687499
-0.31201171875 0.00885009765624994 -0.4520263671875 -0.42596435546875
-0.20208740234375 0.0105133056640625 -0.344573974609375 -0.139007568359375
-0.16595458984375 -0.0543670654296875 -0.0270729064941406 -0.0433769226074219
-0.209396362304688 -0.058990478515625 0.15008544921875 -0.1448974609375
-0.239334106445313 0.0123291015624999 0.236419677734375 -0.303619384765625
-0.2640380859375 0.18109130859375 0.186004638671875 -0.5203857421875
-0.179489135742188 0.242385864257812 0.0625 -0.6318359375
-0.152847290039063 0.232009887695312 0.03228759765625 -0.5804443359375
-0.170974731445313 0.247177124023437 0.053619384765625 -0.48760986328125
-0.178817749023438 0.162628173828125 0.105987548828125 -0.308929443359375
-0.18048095703125 0.0541229248046875 0.0401229858398437 -0.1146240234375
-0.1011962890625 0.049713134765625 -0.122940063476563 -0.0229034423828125
-0.126594543457031 0.07958984375 -0.33642578125 -0.082366943359375
-0.267242431640625 0.1002197265625 -0.485992431640625 -0.094390869140625
-0.35540771484375 0.02392578125 -0.58648681640625 -0.124267578125
0.041900634765625 -0.1026611328125 0.650146484375 0.0611572265625
0.0014801025390625 -0.148117065429687 0.4912109375 0.14520263671875
-0.0861740112304687 -0.0793304443359375 0.31768798828125 0.090484619140625
-0.07879638671875 0.0189285278320312 0.18914794921875 0.0156097412109375
-0.0332794189453125 0.0613174438476563 -0.0571441650390625 0.0623245239257813
0.058197021484375 0.0469894409179688 -0.1458740234375 0.346710205078125
0.0804672241210937 0.0244140625 -0.07171630859375 0.5902099609375
0.0673942565917969 0.0089569091796875 -0.01068115234375 0.65771484375
0.0882034301757813 -0.00234222412109375 -0.03326416015625 0.6856689453125
0.077789306640625 0.0346221923828125 -0.15692138671875 0.584228515625
0.0475845336914063 0.0883865356445313 -0.160675048828125 0.368804931640625
-0.0358963012695313 0.0888214111328125 -0.0656280517578125 0.18695068359375
-0.108627319335938 0.0152359008789063 0.130340576171875 0.134651184082031
-0.06634521484375 -0.0855560302734375 0.405853271484375 0.164886474609375
0.0147171020507813 -0.0721359252929688 0.514312744140625 0.511138916015625
-0.263031005859375 -0.153518676757813 0.61871337890625 0.06103515625
-0.236801147460938 -0.124435424804688 0.443145751953125 0.20391845703125
-0.28533935546875 -0.040069580078125 0.330108642578125 0.160400390625
-0.252975463867188 0.0858917236328125 0.246826171875 0.0478057861328125
-0.191024780273438 0.158279418945313 -0.0217113494873047 0.0215625762939453
-0.0777740478515625 0.251785278320313 -0.15020751953125 0.29095458984375
0.00694274902343748 0.276580810546875 -0.09625244140625 0.544281005859375
-0.010986328125 0.256378173828125 -0.02020263671875 0.6143798828125
-0.00585937499999997 0.27490234375 -0.0299682617187501 0.64337158203125
-0.0765228271484375 0.275161743164063 -0.12042236328125 0.56396484375
-0.186111450195313 0.238693237304687 -0.113311767578125 0.33648681640625
-0.284576416015625 0.16650390625 -0.03253173828125 0.172897338867188
-0.366607666015625 -0.041015625 0.137046813964844 0.123397827148438
-0.359161376953125 -0.168060302734375 0.3760986328125 0.162384033203125
-0.27740478515625 -0.169143676757813 0.4814453125 0.47705078125
-0.5482177734375 -0.19915771484375 0.506500244140625 0.030792236328125
-0.484283447265625 -0.103363037109375 0.359100341796875 0.238922119140625
-0.490631103515625 0.0025024414062501 0.3291015625 0.19342041015625
-0.4202880859375 0.1473388671875 0.286285400390625 0.051727294921875
-0.339691162109375 0.232330322265625 0.0172691345214844 -0.0351009368896484
-0.22027587890625 0.41595458984375 -0.137557983398438 0.18865966796875
-0.0830383300781251 0.487091064453125 -0.112762451171875 0.41583251953125
-0.0888671875 0.46527099609375 -0.032135009765625 0.48046875
-0.083465576171875 0.513946533203125 -0.02203369140625 0.509490966796875
-0.193267822265625 0.49310302734375 -0.069183349609375 0.460296630859375
-0.369659423828125 0.39208984375 -0.05682373046875 0.262496948242188
-0.479949951171875 0.265838623046875 -0.00575256347656252 0.145095825195313
-0.5782470703125 -0.045654296875 0.0966567993164062 0.101898193359375
-0.60345458984375 -0.1878662109375 0.262161254882812 0.135711669921875
-0.523468017578125 -0.216766357421875 0.3590087890625 0.394287109375
-0.75665283203125 -0.226318359375 0.320281982421875 -0.032989501953125
-0.6746826171875 -0.0865478515625 0.2386474609375 0.238937377929687
-0.65203857421875 0.0249633789062501 0.31829833984375 0.181549072265625
-0.556488037109375 0.178314208984375 0.30328369140625 0.01556396484375
-0.466217041015625 0.273681640625 0.05938720703125 -0.11016845703125
-0.352813720703125 0.52239990234375 -0.102607727050781 0.0458908081054688
-0.17022705078125 0.62652587890625 -0.109115600585938 0.22137451171875
-0.1551513671875 0.60400390625 -0.0377960205078125 0.274810791015625
-0.14398193359375 0.674560546875 -0.022430419921875 0.302032470703125
-0.26470947265625 0.63726806640625 -0.026397705078125 0.289794921875
-0.47674560546875 0.49560546875 -0.0101776123046875 0.151016235351563
-0.57843017578125 0.35064697265625 0.00569152832031247 0.104438781738281
-0.6893310546875 -0.00915527343749987 0.0156326293945312 0.0838699340820313
-0.74334716796875 -0.14886474609375 0.0842208862304687 0.110153198242187
-0.68646240234375 -0.2117919921875 0.16461181640625 0.290283203125
-0.8433837890625 -0.21710205078125 0.0849151611328124 -0.127952575683594
-0.7427978515625 -0.0673828124999999 0.0834808349609374 0.189239501953125
-0.70404052734375 0.0171508789062499 0.274093627929687 0.126998901367188
-0.62188720703125 0.15313720703125 0.291290283203125 -0.046844482421875
-0.542449951171875 0.263824462890625 0.106216430664062 -0.1929931640625
-0.44415283203125 0.55804443359375 -0.0420303344726563 -0.122215270996094
-0.23443603515625 0.67584228515625 -0.082122802734375 -0.018035888671875
-0.20111083984375 0.64892578125 -0.0358734130859375 0.0265960693359375
-0.1856689453125 0.7271728515625 -0.0249404907226563 0.0557899475097657
-0.2952880859375 0.67132568359375 0.00453186035156249 0.0851593017578125
-0.501190185546875 0.503662109375 0.0201053619384765 0.029296875
-0.56671142578125 0.3577880859375 -0.00381088256835941 0.0625495910644532
-0.66900634765625 0.0336914062499999 -0.0914077758789063 0.0740203857421875
-0.7572021484375 -0.0762329101562501 -0.120773315429688 0.0913009643554688
-0.7476806640625 -0.1636962890625 -0.064483642578125 0.178863525390625
-0.78167724609375 -0.16802978515625 -0.156463623046875 -0.238388061523438
-0.6627197265625 -0.0500488281249999 -0.0895309448242188 0.0947341918945312
-0.62109375 -0.022216796875 0.18359375 0.0563812255859375
-0.58477783203125 0.0824584960937501 0.249893188476562 -0.105377197265625
-0.536712646484375 0.20428466796875 0.155929565429688 -0.262008666992188
-0.464996337890625 0.51226806640625 0.036895751953125 -0.293243408203125
-0.25714111328125 0.62652587890625 -0.0400390625 -0.269149780273438
-0.21490478515625 0.59808349609375 -0.0254364013671875 -0.226486206054687
-0.20440673828125 0.660400390625 -0.0195770263671875 -0.185943603515625
-0.29119873046875 0.58135986328125 0.0318832397460937 -0.107063293457031
-0.44842529296875 0.40582275390625 0.0372848510742187 -0.0673828125
-0.45782470703125 0.2850341796875 -0.0304183959960938 0.0286483764648438
-0.52978515625 0.0584716796875001 -0.200225830078125 0.0561676025390625
-0.654541015625 0.00500488281249998 -0.305938720703125 0.062469482421875
-0.70245361328125 -0.09600830078125 -0.28912353515625 0.0723266601562499
-0.595703125 -0.0781860351562499 -0.361480712890625 -0.342620849609375
-0.464202880859375 -0.0241394042968751 -0.248123168945313 -0.021148681640625
-0.428558349609375 -0.053466796875 0.0709991455078125 -0.00543212890625
-0.444854736328125 0.00387573242187503 0.19683837890625 -0.1412353515625
-0.43426513671875 0.118408203125 0.20208740234375 -0.3043212890625
-0.40106201171875 0.390228271484375 0.1119384765625 -0.440643310546875
-0.23150634765625 0.48223876953125 0.000915527343749939 -0.493682861328125
-0.19342041015625 0.4566650390625 -0.01239013671875 -0.446990966796875
-0.198028564453125 0.49908447265625 -0.00247192382812505 -0.3807373046875
-0.248626708984375 0.401824951171875 0.0619049072265625 -0.248306274414062
-0.333740234375 0.240386962890625 0.0440444946289062 -0.115104675292969
-0.286834716796875 0.1689453125 -0.0745010375976563 0.00679016113281253
-0.328582763671875 0.074920654296875 -0.292449951171875 0.0140075683593749
-0.475799560546875 0.0744628906249999 -0.438232421875 0.0106201171875001
-0.5660400390625 -0.0213623046875001 -0.4775390625 -0.022430419921875
-0.316070556640625 0.0299377441406251 -0.492279052734375 -0.412139892578125
-0.203033447265625 0.02337646484375 -0.3583984375 -0.12109375
-0.172149658203125 -0.043060302734375 -0.028167724609375 -0.0426979064941406
-0.218429565429688 -0.0464630126953125 0.148300170898438 -0.1585693359375
-0.245849609375 0.0247344970703125 0.225494384765625 -0.326263427734375
-0.261154174804688 0.203933715820312 0.15966796875 -0.545196533203125
-0.1695556640625 0.260757446289063 0.02716064453125 -0.6549072265625
-0.143035888671875 0.24957275390625 -0.00164794921875005 -0.60015869140625
-0.161102294921875 0.264846801757813 0.027069091796875 -0.502899169921875
-0.173599243164063 0.177215576171875 0.093048095703125 -0.319183349609375
-0.18212890625 0.0650177001953125 0.0347747802734375 -0.115501403808594
-0.099334716796875 0.054534912109375 -0.131576538085938 -0.0123062133789062
-0.121810913085938 0.0882720947265625 -0.3525390625 -0.0567626953125
-0.263214111328125 0.123443603515625 -0.50396728515625 -0.06549072265625
-0.35858154296875 0.0478515625 -0.61102294921875 -0.0942993164062501
0.03411865234375 -0.106719970703125 0.6636962890625 0.0159912109375
-0.0131072998046875 -0.148452758789063 0.506011962890625 0.110504150390625
-0.0932464599609375 -0.0730209350585937 0.330810546875 0.067413330078125
-0.0773086547851563 0.0255126953125 0.192718505859375 -0.00506591796875
-0.0275688171386719 0.066436767578125 -0.054931640625 0.0608177185058594
0.0636825561523437 0.0429458618164063 -0.121978759765625 0.35675048828125
0.08270263671875 0.0186614990234375 -0.030029296875 0.60137939453125
0.0690689086914063 0.00292587280273438 0.0371093749999999 0.66168212890625
0.0907135009765625 -0.0092010498046875 0.0149536132812501 0.69140625
0.0811767578125 0.0287017822265625 -0.1165771484375 0.59967041015625
0.0541458129882812 0.0855178833007813 -0.13525390625 0.381072998046875
-0.029937744140625 0.093994140625 -0.0544281005859375 0.192123413085938
-0.108413696289063 0.0233154296875 0.137557983398438 0.1204833984375
-0.076446533203125 -0.0821990966796875 0.41192626953125 0.131317138671875
0.00616455078125 -0.07464599609375 0.55322265625 0.47564697265625
-0.275161743164063 -0.13330078125 0.6292724609375 0.018798828125
-0.247894287109375 -0.106124877929688 0.46240234375 0.174652099609375
-0.2880859375 -0.015655517578125 0.34625244140625 0.137847900390625
-0.245986938476563 0.107177734375 0.254150390625 0.0227508544921875
-0.181076049804687 0.175140380859375 -0.0217189788818359 0.0175876617431641
-0.0576171875 0.258819580078125 -0.132843017578125 0.2989501953125
0.0275421142578125 0.277633666992188 -0.060272216796875 0.556427001953125
0.00857543945312502 0.256927490234375 0.02264404296875 0.621337890625
0.016693115234375 0.276046752929688 0.01727294921875 0.6524658203125
-0.053466796875 0.280227661132813 -0.08038330078125 0.57232666015625
-0.167984008789063 0.2545166015625 -0.091827392578125 0.345977783203125
-0.274459838867188 0.190567016601562 -0.0237579345703125 0.1773681640625
-0.373321533203125 -0.0140075683593749 0.141632080078125 0.111892700195313
-0.377471923828125 -0.14080810546875 0.3800048828125 0.133087158203125
-0.293731689453125 -0.148834228515625 0.51739501953125 0.442291259765625
-0.564697265625 -0.15728759765625 0.512359619140625 -0.00357055664062501
-0.49298095703125 -0.065704345703125 0.379150390625 0.21661376953125
-0.48968505859375 0.043670654296875 0.348541259765625 0.171295166015625
-0.4091796875 0.185516357421875 0.293914794921875 0.023590087890625
-0.3240966796875 0.26068115234375 0.013153076171875 -0.0417633056640625
-0.186614990234375 0.43499755859375 -0.12896728515625 0.196578979492188
-0.04620361328125 0.496124267578125 -0.085968017578125 0.429046630859375
-0.054840087890625 0.4727783203125 0.0040283203125 0.489166259765625
-0.042938232421875 0.52227783203125 0.0140380859375 0.516448974609375
-0.15374755859375 0.50738525390625 -0.03533935546875 0.4674072265625
-0.339874267578125 0.42181396484375 -0.0409088134765625 0.265853881835938
-0.4625244140625 0.3065185546875 6.10351562499755E-05 0.14794921875
-0.58697509765625 -0.000427246093750115 0.0994567871093749 0.0964431762695312
-0.62359619140625 -0.14056396484375 0.2637939453125 0.116973876953125
-0.543853759765625 -0.180145263671875 0.387664794921875 0.369720458984375
-0.7762451171875 -0.1666259765625 0.3187255859375 -0.053253173828125
-0.680908203125 -0.03448486328125 0.257705688476562 0.225631713867188
-0.6484375 0.0809936523437499 0.335968017578125 0.159332275390625
-0.54290771484375 0.225555419921875 0.3099365234375 -0.01361083984375
-0.449371337890625 0.31011962890625 0.0503005981445312 -0.120315551757812
-0.31353759765625 0.552642822265625 -0.106590270996094 0.0517807006835938
-0.12384033203125 0.64300537109375 -0.096099853515625 0.2327880859375
-0.11041259765625 0.6187744140625 -0.017364501953125 0.2816162109375
-0.09344482421875 0.68902587890625 -0.001312255859375 0.308258056640625
-0.21380615234375 0.65692138671875 -0.00408935546875 0.293975830078125
-0.44122314453125 0.53607177734375 -0.00215148925781252 0.15118408203125
-0.55511474609375 0.39825439453125 0.00814819335937496 0.106941223144531
-0.69488525390625 0.04534912109375 0.0166397094726562 0.0875015258789063
-0.76129150390625 -0.0881958007812499 0.0842514038085937 0.106346130371094
-0.7064208984375 -0.16156005859375 0.184616088867187 0.277679443359375
-0.86236572265625 -0.1524658203125 0.0735626220703124 -0.132438659667969
-0.74853515625 -0.0098876953125001 0.098419189453125 0.187728881835937
-0.70050048828125 0.0768432617187499 0.287261962890625 0.109344482421875
-0.61077880859375 0.206298828125 0.293426513671875 -0.075958251953125
-0.52703857421875 0.3062744140625 0.091888427734375 -0.205398559570312
-0.40277099609375 0.5968017578125 -0.0579147338867188 -0.121879577636719
-0.18603515625 0.69879150390625 -0.0865325927734375 -0.01068115234375
-0.154296875 0.6685791015625 -0.0316524505615234 0.0320377349853516
-0.13177490234375 0.7464599609375 -0.021209716796875 0.0608329772949219
-0.24163818359375 0.6929931640625 0.01300048828125 0.0862579345703125
-0.46453857421875 0.545074462890625 0.0199661254882812 0.0282058715820313
-0.542144775390625 0.4044189453125 -0.00368881225585941 0.0660629272460938
-0.67022705078125 0.08612060546875 -0.0906982421875001 0.0886077880859375
-0.764892578125 -0.01165771484375 -0.121292114257813 0.10357666015625
-0.76226806640625 -0.10894775390625 -0.0543670654296876 0.180877685546875
-0.7974853515625 -0.108154296875 -0.178680419921875 -0.225494384765625
-0.66485595703125 0.000549316406249966 -0.0825424194335938 0.105369567871094
-0.621337890625 0.0298461914062501 0.19140625 0.04541015625
-0.58062744140625 0.132080078125 0.245941162109375 -0.127471923828125
-0.527374267578125 0.243743896484375 0.137741088867188 -0.2767333984375
-0.42926025390625 0.5537109375 0.01031494140625 -0.298431396484375
-0.2117919921875 0.65142822265625 -0.06298828125 -0.266998291015625
-0.17327880859375 0.61614990234375 -0.0390625 -0.225082397460937
-0.15667724609375 0.681640625 -0.0321044921875 -0.183822631835937
-0.24493408203125 0.6026611328125 0.02752685546875 -0.108100891113281
-0.419097900390625 0.440338134765625 0.03228759765625 -0.0698356628417969
-0.4378662109375 0.32159423828125 -0.0335655212402344 0.0350227355957031
-0.52545166015625 0.10064697265625 -0.199600219726563 0.080474853515625
-0.6527099609375 0.0616455078125 -0.307525634765625 0.088623046875
-0.71038818359375 -0.04302978515625 -0.287261962890625 0.0892333984375
-0.601318359375 -0.0332031249999999 -0.392059326171875 -0.314422607421875
-0.46240234375 0.0128173828124999 -0.249832153320313 -0.000595092773437479
-0.43072509765625 -0.017547607421875 0.072540283203125 -0.00937652587890625
-0.445953369140625 0.04022216796875 0.191268920898437 -0.159011840820313
-0.43115234375 0.14910888671875 0.181488037109375 -0.32257080078125
-0.37396240234375 0.424285888671875 0.07818603515625 -0.451629638671875
-0.196868896484375 0.5052490234375 -0.034576416015625 -0.497161865234375
-0.15985107421875 0.475189208984375 -0.043975830078125 -0.4490966796875
-0.161773681640625 0.5174560546875 -0.028045654296875 -0.38153076171875
-0.21807861328125 0.420166015625 0.0475921630859375 -0.251251220703125
-0.318023681640625 0.26513671875 0.03497314453125 -0.116386413574219
-0.274734497070313 0.188491821289062 -0.0775833129882813 0.0187911987304688
-0.321533203125 0.100738525390625 -0.2945556640625 0.045684814453125
-0.467498779296875 0.115966796875 -0.44097900390625 0.0455322265624999
-0.56658935546875 0.0214843750000001 -0.48272705078125 0.00805664062499995
-0.313507080078125 0.055328369140625 -0.529022216796875 -0.379791259765625
-0.198318481445313 0.0374755859375 -0.3704833984375 -0.091522216796875
-0.172470092773438 -0.0287322998046875 -0.0285263061523438 -0.0400390625
-0.221908569335937 -0.0290374755859375 0.14019775390625 -0.171096801757813
-0.246261596679688 0.0429840087890625 0.2052001953125 -0.3450927734375
-0.247177124023438 0.22613525390625 0.11956787109375 -0.55914306640625
-0.1513671875 0.274093627929688 -0.02264404296875 -0.661865234375
-0.125274658203125 0.261917114257812 -0.043212890625 -0.60540771484375
-0.145248413085938 0.279739379882813 -0.00750732421875001 -0.506927490234375
-0.160354614257813 0.189239501953125 0.074951171875 -0.32366943359375
-0.180084228515625 0.079498291015625 0.0277481079101562 -0.114860534667969
-0.0947494506835938 0.059417724609375 -0.135330200195313 0.00391387939453125
-0.112495422363281 0.0980758666992187 -0.35955810546875 -0.02496337890625
-0.250015258789063 0.1485595703125 -0.51141357421875 -0.0264892578125
-0.35125732421875 0.0752868652343749 -0.624755859375 -0.0507812499999999
0.026580810546875 -0.106361389160156 0.6544189453125 -0.02734375
-0.0267791748046875 -0.14471435546875 0.50592041015625 0.0748291015625
-0.0977783203125 -0.0657119750976562 0.336273193359375 0.045501708984375
-0.0753555297851563 0.0308761596679688 0.190521240234375 -0.021636962890625
-0.0216903686523438 0.0685081481933594 -0.0535774230957031 0.0599899291992187
0.0659523010253906 0.0381431579589844 -0.102508544921875 0.35382080078125
0.08221435546875 0.0137176513671875 0.00891113281249994 0.59747314453125
0.0694007873535156 -0.00323104858398437 0.0775146484375001 0.6485595703125
0.090545654296875 -0.017913818359375 0.05950927734375 0.6790771484375
0.0816116333007813 0.0206451416015625 -0.0780029296875 0.59271240234375
0.0601272583007812 0.0828628540039063 -0.110504150390625 0.3812255859375
-0.0231170654296875 0.0961074829101563 -0.0445709228515625 0.1895751953125
-0.105606079101563 0.0303268432617187 0.140151977539063 0.105918884277344
-0.0838470458984375 -0.076873779296875 0.407745361328125 0.10113525390625
-0.00186920166015625 -0.07391357421875 0.57574462890625 0.431396484375
-0.279510498046875 -0.110626220703125 0.62347412109375 -0.02117919921875
-0.250350952148437 -0.084716796875 0.46685791015625 0.14361572265625
-0.283172607421875 0.00729370117187496 0.353973388671875 0.1136474609375
-0.23101806640625 0.124313354492187 0.250289916992188 0.000381469726562508
-0.16595458984375 0.1856689453125 -0.02447509765625 0.0130825042724609
-0.03509521484375 0.2589111328125 -0.11572265625 0.2989501953125
0.0470428466796875 0.270736694335938 -0.024505615234375 0.553497314453125
0.0259552001953125 0.251419067382813 0.06158447265625 0.61328125
0.035736083984375 0.269332885742188 0.0573730468750001 0.64300537109375
-0.0320892333984375 0.277694702148437 -0.0439453125 0.5677490234375
-0.147445678710937 0.262832641601563 -0.07049560546875 0.3421630859375
-0.256378173828125 0.207107543945313 -0.014007568359375 0.175827026367188
-0.368804931640625 0.011627197265625 0.144546508789062 0.0991668701171875
-0.384429931640625 -0.111968994140625 0.373992919921875 0.1060791015625
-0.300567626953125 -0.128021240234375 0.5362548828125 0.401641845703125
-0.56378173828125 -0.11407470703125 0.50665283203125 -0.035064697265625
-0.485870361328125 -0.03271484375 0.3875732421875 0.19091796875
-0.475250244140625 0.0784606933593749 0.358856201171875 0.146240234375
-0.384735107421875 0.212890625 0.2926025390625 -0.000396728515624987
-0.300048828125 0.2794189453125 0.00791931152343748 -0.0477561950683594
-0.152801513671875 0.4410400390625 -0.118804931640625 0.19866943359375
-0.01068115234375 0.4925537109375 -0.05841064453125 0.42803955078125
-0.021392822265625 0.47015380859375 0.037261962890625 0.48199462890625
-0.00701904296875004 0.51568603515625 0.046356201171875 0.510223388671875
-0.11285400390625 0.505096435546875 -0.00354003906249996 0.459625244140625
-0.303985595703125 0.439178466796875 -0.02484130859375 0.2613525390625
-0.43389892578125 0.335052490234375 0.00617980957031246 0.146820068359375
-0.57684326171875 0.03875732421875 0.100326538085937 0.09033203125
-0.6239013671875 -0.0918579101562501 0.258346557617187 0.100982666015625
-0.548980712890625 -0.13946533203125 0.403106689453125 0.337677001953125
-0.77545166015625 -0.1121826171875 0.311370849609375 -0.071044921875
-0.67034912109375 0.01287841796875 0.268417358398437 0.210739135742188
-0.62811279296875 0.12677001953125 0.343902587890625 0.13525390625
-0.514801025390625 0.26226806640625 0.30712890625 -0.0384521484375
-0.41900634765625 0.335479736328125 0.0404281616210937 -0.126243591308594
-0.26763916015625 0.56817626953125 -0.106414794921875 0.0560455322265625
-0.0794677734374999 0.64178466796875 -0.08258056640625 0.237869262695313
-0.06982421875 0.615966796875 0.00129699707031249 0.280136108398438
-0.0430297851562499 0.68408203125 0.018280029296875 0.305023193359375
-0.16351318359375 0.65594482421875 0.01739501953125 0.287384033203125
-0.395233154296875 0.557952880859375 0.00469970703124997 0.147842407226563
-0.518341064453125 0.42913818359375 0.0103836059570312 0.10919189453125
-0.6798095703125 0.0939941406250001 0.0174179077148437 0.09173583984375
-0.75146484375 -0.02911376953125 0.0822448730468749 0.101821899414063
-0.702880859375 -0.11279296875 0.194747924804687 0.259262084960938
-0.8541259765625 -0.09075927734375 0.0640792846679687 -0.131088256835938
-0.73211669921875 0.0381469726562501 0.1102294921875 0.185134887695313
-0.6767578125 0.125732421875 0.29052734375 0.089996337890625
-0.58294677734375 0.24652099609375 0.28460693359375 -0.09765625
-0.497802734375 0.333648681640625 0.0767059326171875 -0.211349487304687
-0.35321044921875 0.617431640625 -0.068634033203125 -0.1163330078125
-0.1356201171875 0.70294189453125 -0.0875396728515625 -0.00167083740234369
-0.10589599609375 0.6680908203125 -0.0273685455322266 0.0349102020263672
-0.08203125 0.74334716796875 -0.0146827697753906 0.0629768371582032
-0.1888427734375 0.69244384765625 0.0205917358398437 0.0838394165039063
-0.42041015625 0.56927490234375 0.0173206329345703 0.0257816314697266
-0.506072998046875 0.436492919921875 -0.00119400024414065 0.0701980590820313
-0.65130615234375 0.1300048828125 -0.0848617553710938 0.101173400878906
-0.74884033203125 0.0440673828124999 -0.117057800292969 0.112617492675781
-0.75360107421875 -0.0566406249999999 -0.0418701171875 0.178192138671875
-0.78985595703125 -0.0496826171874999 -0.192840576171875 -0.207733154296875
-0.6478271484375 0.0445556640625001 -0.0734786987304688 0.116645812988281
-0.60546875 0.0725708007812501 0.194488525390625 0.0349273681640625
-0.5577392578125 0.16632080078125 0.235092163085937 -0.14593505859375
-0.506072998046875 0.270721435546875 0.117767333984375 -0.282135009765625
-0.38287353515625 0.5728759765625 -0.01239013671875 -0.295623779296875
-0.16815185546875 0.65692138671875 -0.081939697265625 -0.259765625
-0.1312255859375 0.62005615234375 -0.052490234375 -0.217758178710938
-0.11090087890625 0.68341064453125 -0.0438690185546875 -0.178421020507812
-0.20166015625 0.60400390625 0.0231552124023437 -0.107444763183594
-0.38458251953125 0.463653564453125 0.0243301391601562 -0.0685272216796875
-0.40966796875 0.34613037109375 -0.0344009399414063 0.043212890625
-0.507537841796875 0.13623046875 -0.190582275390625 0.09912109375
-0.63079833984375 0.1075439453125 -0.299591064453125 0.110748291015625
-0.69488525390625 0.00476074218750002 -0.27911376953125 0.102249145507812
-0.58746337890625 0.00756835937499999 -0.409088134765625 -0.2845458984375
-0.44775390625 0.0400390625000001 -0.245132446289063 0.0235748291015625
-0.42138671875 0.0147094726562501 0.0728530883789062 -0.0134429931640625
-0.4344482421875 0.0716552734375001 0.179244995117188 -0.169998168945313
-0.41448974609375 0.175079345703125 0.160919189453125 -0.3292236328125
-0.339385986328125 0.446441650390625 0.044525146484375 -0.449615478515625
-0.1593017578125 0.510101318359375 -0.0675048828125 -0.487640380859375
-0.1268310546875 0.478759765625 -0.072113037109375 -0.44000244140625
-0.123321533203125 0.521881103515625 -0.050750732421875 -0.370330810546875
-0.1878662109375 0.42449951171875 0.0357513427734375 -0.247726440429687
-0.295166015625 0.280548095703125 0.026885986328125 -0.112525939941406
-0.257110595703125 0.20379638671875 -0.0794677734375 0.028594970703125
-0.303131103515625 0.120147705078125 -0.285064697265625 0.07000732421875
-0.443572998046875 0.1485595703125 -0.430023193359375 0.0745849609375
-0.551300048828125 0.058868408203125 -0.477447509765625 0.0354614257812499
-0.300384521484375 0.078857421875 -0.544952392578125 -0.334197998046875
-0.192489624023438 0.04888916015625 -0.36456298828125 -0.06390380859375
-0.168304443359375 -0.01617431640625 -0.0290412902832031 -0.0350322723388672
-0.218017578125 -0.011749267578125 0.129257202148438 -0.176742553710938
-0.2423095703125 0.0554656982421875 0.179718017578125 -0.353546142578125
-0.226974487304688 0.240066528320312 0.0794677734374999 -0.556671142578125
-0.129806518554687 0.280364990234375 -0.0663452148437501 -0.65234375
-0.107162475585937 0.264404296875 -0.08184814453125 -0.5919189453125
-0.123626708984375 0.28594970703125 -0.035919189453125 -0.49835205078125
-0.14727783203125 0.196258544921875 0.057769775390625 -0.322509765625
-0.170608520507813 0.0878448486328125 0.02227783203125 -0.108909606933594
-0.089111328125 0.064208984375 -0.133827209472656 0.0168991088867188
-0.101295471191406 0.100723266601563 -0.355499267578125 0.00717163085937499
-0.229583740234375 0.162704467773438 -0.501007080078125 0.0111083984375
-0.3359375 0.097381591796875 -0.61865234375 -0.01495361328125
0.0222549438476563 -0.104255676269531 0.64501953125 -0.05584716796875
-0.034759521484375 -0.13800048828125 0.500640869140625 0.0535888671875
-0.0987319946289063 -0.0584945678710938 0.332794189453125 0.02899169921875
-0.0716705322265625 0.034912109375 0.1861572265625 -0.03424072265625
-0.0199356079101563 0.0697746276855469 -0.0518951416015625 0.0541229248046875
0.0663642883300781 0.0354652404785156 -0.0870361328125 0.347076416015625
0.0847625732421875 0.0099639892578125 0.03155517578125 0.584716796875
0.0689010620117187 -0.0054779052734375 0.1041259765625 0.6368408203125
0.0883407592773438 -0.021240234375 0.08599853515625 0.66473388671875
0.0821685791015625 0.0171661376953125 -0.05377197265625 0.5833740234375
0.063018798828125 0.07574462890625 -0.09552001953125 0.375396728515625
-0.0181198120117188 0.0973892211914063 -0.0352020263671875 0.186309814453125
-0.104820251464844 0.033233642578125 0.138214111328125 0.0940093994140625
-0.0893783569335938 -0.0723648071289062 0.392852783203125 0.079345703125
-0.00603485107421875 -0.0715560913085938 0.5789794921875 0.39996337890625
-0.276565551757812 -0.0960845947265625 0.61431884765625 -0.04705810546875
-0.25079345703125 -0.072540283203125 0.4654541015625 0.122406005859375
-0.274932861328125 0.0183868408203125 0.355865478515625 0.096923828125
-0.220779418945313 0.135025024414062 0.2479248046875 -0.0151824951171875
-0.152175903320312 0.190139770507813 -0.0244255065917969 0.00961303710937501
-0.02276611328125 0.255218505859375 -0.10394287109375 0.29400634765625
0.0585174560546875 0.265289306640625 -0.00296020507812502 0.54534912109375
0.0360565185546875 0.244583129882813 0.0887451171875 0.6002197265625
0.049407958984375 0.261260986328125 0.0841064453124999 0.6282958984375
-0.0191192626953125 0.270645141601563 -0.0205993652343749 0.556060791015625
-0.1302490234375 0.263442993164062 -0.05767822265625 0.335968017578125
-0.242294311523438 0.217300415039063 -0.00830078125000002 0.172988891601563
-0.363494873046875 0.0287170410156249 0.140235900878906 0.0894393920898438
-0.38262939453125 -0.0906066894531251 0.361419677734375 0.089111328125
-0.3031005859375 -0.11065673828125 0.54052734375 0.370941162109375
-0.556243896484375 -0.0856323242187499 0.4976806640625 -0.05181884765625
-0.4761962890625 -0.00775146484374997 0.390960693359375 0.174041748046875
-0.457366943359375 0.101348876953125 0.3609619140625 0.1298828125
-0.3658447265625 0.228485107421875 0.2877197265625 -0.018798828125
-0.27972412109375 0.285491943359375 0.00342559814453123 -0.0508499145507812
-0.125885009765625 0.437591552734375 -0.112960815429688 0.197280883789063
0.011077880859375 0.48443603515625 -0.042388916015625 0.42645263671875
-0.000671386718750035 0.460418701171875 0.05743408203125 0.4716796875
0.016998291015625 0.50775146484375 0.068695068359375 0.501068115234375
-0.088287353515625 0.495330810546875 0.014862060546875 0.44842529296875
-0.279205322265625 0.443389892578125 -0.0170440673828125 0.255294799804688
-0.409912109375 0.350067138671875 0.0114593505859375 0.147216796875
-0.5672607421875 0.0654296874999999 0.0981140136718749 0.0854263305664063
-0.61737060546875 -0.058837890625 0.248703002929687 0.0908203125
-0.543731689453125 -0.11468505859375 0.405548095703125 0.31109619140625
-0.75909423828125 -0.07244873046875 0.304229736328125 -0.077178955078125
-0.65277099609375 0.0426025390624999 0.27557373046875 0.198104858398438
-0.60137939453125 0.1558837890625 0.34625244140625 0.122467041015625
-0.48736572265625 0.28277587890625 0.299957275390625 -0.057586669921875
-0.39532470703125 0.34442138671875 0.031829833984375 -0.128303527832031
-0.2318115234375 0.56658935546875 -0.107467651367188 0.0587921142578125
-0.04925537109375 0.63348388671875 -0.0714874267578125 0.239715576171875
-0.04229736328125 0.60565185546875 0.01629638671875 0.275588989257813
-0.01318359375 0.6744384765625 0.0328369140625 0.302825927734375
-0.130615234375 0.64508056640625 0.03057861328125 0.28131103515625
-0.364044189453125 0.5611572265625 0.00828552246093749 0.143707275390625
-0.48736572265625 0.445404052734375 0.0145492553710937 0.110595703125
-0.66217041015625 0.11993408203125 0.019012451171875 0.0918350219726563
-0.7373046875 0.00744628906250002 0.0781249999999999 0.101600646972656
-0.69415283203125 -0.0803222656250001 0.199951171875 0.243560791015625
-0.83843994140625 -0.0473632812499999 0.0580291748046875 -0.127105712890625
-0.71124267578125 0.0706176757812498 0.119705200195312 0.182723999023437
-0.6517333984375 0.156982421875 0.29364013671875 0.07928466796875
-0.5546875 0.27130126953125 0.276504516601562 -0.11181640625
-0.473846435546875 0.345489501953125 0.0652618408203125 -0.214675903320312
-0.31640625 0.61944580078125 -0.077728271484375 -0.110038757324219
-0.102783203125 0.69781494140625 -0.0871734619140625 0.00509643554687504
-0.0772094726562499 0.65936279296875 -0.0222873687744141 0.0348873138427735
-0.0453491210937501 0.73321533203125 -0.0105209350585938 0.067108154296875
-0.1552734375 0.68304443359375 0.0282821655273437 0.0817413330078126
-0.38543701171875 0.57366943359375 0.0172634124755859 0.0249671936035157
-0.474822998046875 0.45135498046875 -0.000503540039062522 0.0751266479492188
-0.6295166015625 0.15594482421875 -0.079376220703125 0.108299255371094
-0.728271484375 0.0812988281250001 -0.115524291992188 0.120185852050781
-0.73846435546875 -0.0269165039062499 -0.0382537841796875 0.172882080078125
-0.7708740234375 -0.0134887695312498 -0.196746826171875 -0.191009521484375
-0.62799072265625 0.0703125000000001 -0.0627212524414063 0.123069763183594
-0.5787353515625 0.10003662109375 0.192123413085937 0.028472900390625
-0.53546142578125 0.192169189453125 0.227783203125 -0.156723022460938
-0.48187255859375 0.284637451171875 0.104644775390625 -0.284088134765625
-0.34661865234375 0.57952880859375 -0.0279541015625 -0.284515380859375
-0.13311767578125 0.65185546875 -0.0889892578125 -0.247451782226562
-0.100830078125 0.613037109375 -0.0565643310546875 -0.212905883789062
-0.0767822265625001 0.675048828125 -0.0468597412109375 -0.167587280273438
-0.16949462890625 0.5963134765625 0.0223541259765625 -0.104682922363281
-0.354888916015625 0.469207763671875 0.0209121704101562 -0.0673637390136718
-0.381378173828125 0.35504150390625 -0.0309829711914063 0.0481834411621094
-0.488372802734375 0.15362548828125 -0.18292236328125 0.111923217773438
-0.60791015625 0.13787841796875 -0.288787841796875 0.1243896484375
-0.67877197265625 0.0290527343749999 -0.273605346679688 0.108901977539063
-0.57342529296875 0.0378417968750001 -0.4111328125 -0.255828857421875
-0.435791015625 0.0581054687499999 -0.234344482421875 0.037353515625
-0.4053955078125 0.03350830078125 0.0728759765625 -0.0105438232421875
-0.41937255859375 0.0895690917968749 0.168609619140625 -0.176742553710938
-0.401336669921875 0.18487548828125 0.14361572265625 -0.33013916015625
-0.309417724609375 0.450103759765625 0.0237426757812499 -0.439178466796875
-0.136016845703125 0.50830078125 -0.087677001953125 -0.4744873046875
-0.104766845703125 0.47467041015625 -0.08544921875 -0.4298095703125
-0.102203369140625 0.519622802734375 -0.06414794921875 -0.36199951171875
-0.164947509765625 0.419342041015625 0.0305328369140625 -0.242218017578125
-0.277099609375 0.287994384765625 0.0235595703125 -0.1104736328125
-0.241165161132813 0.209060668945312 -0.0753631591796875 0.0378341674804688
-0.2886962890625 0.130523681640625 -0.27667236328125 0.0896759033203125
-0.42266845703125 0.16998291015625 -0.41644287109375 0.0950317382812501
-0.532684326171875 0.0778198242187501 -0.47003173828125 0.04986572265625
-0.291259765625 0.08978271484375 -0.55096435546875 -0.305145263671875
-0.184326171875 0.056488037109375 -0.357635498046875 -0.0428466796875
-0.162826538085937 -0.006866455078125 -0.0267601013183594 -0.0306415557861328
-0.213455200195312 -0.00265502929687499 0.1207275390625 -0.180892944335938
-0.234954833984375 0.0622406005859375 0.16357421875 -0.352996826171875
-0.212173461914063 0.2452392578125 0.055023193359375 -0.5477294921875
-0.1168212890625 0.281219482421875 -0.09368896484375 -0.63677978515625
-0.0946807861328125 0.266159057617188 -0.10504150390625 -0.5784912109375
-0.109527587890625 0.289581298828125 -0.055206298828125 -0.48736572265625
-0.137664794921875 0.1961669921875 0.0482177734375 -0.315399169921875
-0.16375732421875 0.0933837890625 0.0177536010742187 -0.104080200195313
-0.0827255249023438 0.0632553100585938 -0.131729125976563 0.0289840698242188
-0.0910720825195313 0.104598999023438 -0.346221923828125 0.025421142578125
-0.212020874023438 0.170928955078125 -0.490814208984375 0.0311889648437501
-0.321044921875 0.107452392578125 -0.6107177734375 0.00976562500000011
0.0199737548828125 -0.104721069335938 0.6439208984375 -0.07318115234375
-0.039306640625 -0.134750366210938 0.4986572265625 0.04034423828125
-0.101531982421875 -0.056060791015625 0.336212158203125 0.01812744140625
-0.0713882446289063 0.0363006591796875 0.18426513671875 -0.042816162109375
-0.0179595947265625 0.0728225708007813 -0.0538291931152344 0.0527572631835938
0.0676651000976563 0.0341148376464844 -0.0826416015625 0.34478759765625
0.0851669311523438 0.0093841552734375 0.0465087890625 0.58343505859375
0.0694160461425781 -0.00878524780273438 0.1185302734375 0.63177490234375
0.0892257690429688 -0.0261917114257813 0.09967041015625 0.6602783203125
0.0836563110351563 0.0149307250976563 -0.04296875 0.57940673828125
0.06640625 0.0741348266601563 -0.088043212890625 0.37347412109375
-0.0161361694335938 0.0980453491210938 -0.0324554443359375 0.184463500976563
-0.105766296386719 0.0352325439453125 0.135528564453125 0.08551025390625
-0.094482421875 -0.0706558227539063 0.38739013671875 0.070037841796875
-0.0105209350585938 -0.0712814331054688 0.5872802734375 0.38360595703125
-0.2762451171875 -0.0866394042968751 0.6143798828125 -0.06390380859375
-0.25048828125 -0.0646514892578125 0.465911865234375 0.111541748046875
-0.2706298828125 0.0273284912109375 0.36016845703125 0.08648681640625
-0.213668823242188 0.141204833984375 0.247329711914062 -0.026702880859375
-0.14617919921875 0.1944580078125 -0.0275497436523438 0.00461578369140627
-0.012481689453125 0.254348754882813 -0.10113525390625 0.29351806640625
0.0685882568359375 0.26312255859375 0.010467529296875 0.545867919921875
0.0445709228515625 0.241119384765625 0.10333251953125 0.5947265625
0.055389404296875 0.257553100585938 0.0985107421875 0.625732421875
-0.010986328125 0.266189575195313 -0.00735473632812506 0.550689697265625
-0.122100830078125 0.264450073242188 -0.05401611328125 0.333892822265625
-0.233963012695313 0.2247314453125 -0.00627136230468753 0.171279907226563
-0.361480712890625 0.038421630859375 0.138351440429687 0.0839767456054687
-0.385650634765625 -0.0767517089843749 0.355926513671875 0.082763671875
-0.304962158203125 -0.101470947265625 0.54742431640625 0.35516357421875
-0.55450439453125 -0.0687561035156249 0.498138427734375 -0.06634521484375
-0.47247314453125 0.00634765625000006 0.396270751953125 0.165802001953125
-0.44805908203125 0.114837646484375 0.367919921875 0.120391845703125
-0.350982666015625 0.23919677734375 0.287872314453125 -0.032012939453125
-0.26959228515625 0.292694091796875 -0.000247955322265644 -0.0560646057128906
-0.1090087890625 0.4376220703125 -0.11334228515625 0.198486328125
0.02667236328125 0.48126220703125 -0.0316162109375 0.4283447265625
0.011810302734375 0.457183837890625 0.07135009765625 0.468658447265625
0.029296875 0.50286865234375 0.08099365234375 0.49969482421875
-0.07525634765625 0.4913330078125 0.025848388671875 0.4456787109375
-0.263153076171875 0.448211669921875 -0.01422119140625 0.254364013671875
-0.395111083984375 0.36151123046875 0.013580322265625 0.1473388671875
-0.561309814453125 0.0818481445312499 0.0972976684570312 0.0837783813476563
-0.61395263671875 -0.0377197265625001 0.243255615234375 0.0875091552734375
-0.5452880859375 -0.0999755859374999 0.40899658203125 0.299102783203125
-0.756103515625 -0.0491943359375002 0.304840087890625 -0.08441162109375
-0.6456298828125 0.0599365234375 0.284698486328125 0.19512939453125
-0.58837890625 0.17523193359375 0.35400390625 0.114471435546875
-0.4703369140625 0.2974853515625 0.298614501953125 -0.069549560546875
-0.383575439453125 0.3521728515625 0.0270462036132812 -0.13336181640625
-0.210693359375 0.56744384765625 -0.109970092773437 0.0619430541992188
-0.0291748046875 0.63397216796875 -0.06634521484375 0.244232177734375
-0.02557373046875 0.60394287109375 0.02752685546875 0.273147583007813
0.00500488281250003 0.67095947265625 0.04229736328125 0.30322265625
-0.1126708984375 0.640869140625 0.039886474609375 0.276657104492188
-0.343017578125 0.56927490234375 0.00927734374999999 0.142440795898438
-0.46990966796875 0.45941162109375 0.017364501953125 0.113014221191406
-0.65533447265625 0.141357421875 0.0207138061523437 0.0950927734375
-0.7303466796875 0.03369140625 0.0748214721679687 0.105026245117188
-0.69293212890625 -0.0623168945312501 0.203125 0.2352294921875
-0.83355712890625 -0.020751953125 0.0568466186523437 -0.125839233398438
-0.70233154296875 0.091796875 0.129547119140625 0.184585571289063
-0.635498046875 0.17486572265625 0.299530029296875 0.074371337890625
-0.536834716796875 0.28680419921875 0.274429321289063 -0.123672485351563
-0.46185302734375 0.3543701171875 0.0582122802734375 -0.21795654296875
-0.29119873046875 0.62347412109375 -0.0830154418945313 -0.105155944824219
-0.0812988281249999 0.69769287109375 -0.0867538452148438 0.00905609130859378
-0.0599365234375 0.65802001953125 -0.0173435211181641 0.0343360900878907
-0.0245361328125 0.73345947265625 -0.00618743896484376 0.068328857421875
-0.1348876953125 0.6788330078125 0.0336685180664062 0.0787124633789063
-0.36663818359375 0.58306884765625 0.0167503356933594 0.0247440338134766
-0.4547119140625 0.462982177734375 0.00231170654296873 0.07891845703125
-0.61993408203125 0.1732177734375 -0.0754699707031251 0.115493774414063
-0.7171630859375 0.10699462890625 -0.114959716796875 0.127845764160156
-0.7342529296875 -0.00866699218749994 -0.0382690429687501 0.171127319335938
-0.76654052734375 0.0148925781249999 -0.198806762695313 -0.181991577148438
-0.62030029296875 0.0877685546875 -0.0532684326171875 0.1298828125
-0.56671142578125 0.1165771484375 0.197357177734375 0.0271453857421875
-0.524261474609375 0.205810546875 0.222640991210937 -0.164718627929688
-0.473907470703125 0.293975830078125 0.0966491699218749 -0.287567138671875
-0.3248291015625 0.5849609375 -0.0373535156250001 -0.281082153320312
-0.11529541015625 0.65325927734375 -0.095550537109375 -0.2423095703125
-0.085205078125 0.6131591796875 -0.0586395263671875 -0.212570190429687
-0.0584716796875 0.6778564453125 -0.048095703125 -0.164688110351563
-0.1513671875 0.59356689453125 0.0255126953125 -0.106895446777344
-0.339080810546875 0.4765625 0.018829345703125 -0.0663375854492187
-0.3673095703125 0.364410400390625 -0.0279273986816406 0.0550003051757813
-0.47802734375 0.16595458984375 -0.1766357421875 0.122787475585938
-0.59417724609375 0.1600341796875 -0.28643798828125 0.135498046875
-0.67230224609375 0.0454711914062501 -0.273483276367188 0.112472534179688
-0.569580078125 0.057373046875 -0.416595458984375 -0.2423095703125
-0.4310302734375 0.0690002441406249 -0.227706909179688 0.0496368408203125
-0.39642333984375 0.042938232421875 0.0763626098632812 -0.0103607177734375
-0.4105224609375 0.101654052734375 0.165771484375 -0.182464599609375
-0.3956298828125 0.19183349609375 0.1357421875 -0.333648681640625
-0.29217529296875 0.455780029296875 0.01177978515625 -0.4354248046875
-0.1214599609375 0.51031494140625 -0.10040283203125 -0.47088623046875
-0.09173583984375 0.4761962890625 -0.0951232910156251 -0.428436279296875
-0.08660888671875 0.52252197265625 -0.070281982421875 -0.359405517578125
-0.153289794921875 0.418731689453125 0.0294189453125 -0.242752075195312
-0.266632080078125 0.293609619140625 0.0211944580078125 -0.107421875
-0.230209350585938 0.213424682617188 -0.0729598999023438 0.0453872680664063
-0.28143310546875 0.137603759765625 -0.269912719726563 0.0997161865234375
-0.407073974609375 0.182403564453125 -0.41302490234375 0.10687255859375
-0.524322509765625 0.0897216796875001 -0.47344970703125 0.0605468749999999
-0.283172607421875 0.09979248046875 -0.557861328125 -0.28564453125
-0.180419921875 0.058685302734375 -0.354644775390625 -0.0282592773437501
-0.157333374023438 -0.000518798828125005 -0.0246543884277344 -0.027862548828125
-0.20953369140625 0.0028839111328125 0.115890502929687 -0.183700561523438
-0.2330322265625 0.0657806396484375 0.157012939453125 -0.35443115234375
-0.203399658203125 0.2501220703125 0.0415649414062499 -0.545501708984375
-0.10870361328125 0.283203125 -0.1090087890625 -0.634033203125
-0.0871124267578125 0.267837524414063 -0.11865234375 -0.57818603515625
-0.10211181640625 0.292144775390625 -0.065185546875 -0.4857177734375
-0.131484985351563 0.196945190429688 0.04632568359375 -0.314178466796875
-0.161376953125 0.095489501953125 0.0189208984375 -0.0996627807617188
-0.0790634155273438 0.0633087158203125 -0.130744934082031 0.0393447875976562
-0.0835418701171875 0.105667114257813 -0.341796875 0.03851318359375
-0.199691772460938 0.177581787109375 -0.48565673828125 0.043426513671875
-0.313720703125 0.112640380859375 -0.61517333984375 0.0264892578124999
0.0182113647460937 -0.106117248535156 0.6524658203125 -0.0972900390625
-0.0463485717773437 -0.13458251953125 0.508392333984375 0.026519775390625
-0.106391906738281 -0.054107666015625 0.34625244140625 0.00653076171875
-0.0726242065429687 0.0392990112304688 0.187347412109375 -0.0529937744140625
-0.0162506103515625 0.0777816772460937 -0.055938720703125 0.0508766174316406
0.0708084106445313 0.0341262817382813 -0.0782470703125 0.350006103515625
0.0901718139648437 0.00726318359375 0.06402587890625 0.594482421875
0.0714035034179688 -0.011932373046875 0.138671875 0.640380859375
0.0903854370117188 -0.0306015014648438 0.1199951171875 0.67071533203125
0.0855941772460938 0.0122299194335937 -0.0307006835937499 0.5899658203125
0.0703506469726563 0.0736618041992188 -0.083770751953125 0.379241943359375
-0.0138473510742188 0.100608825683594 -0.03094482421875 0.184799194335938
-0.108726501464844 0.03857421875 0.135116577148438 0.0797271728515625
-0.102272033691406 -0.0695953369140625 0.38916015625 0.060394287109375
-0.0138168334960938 -0.0713348388671875 0.6097412109375 0.369384765625
-0.280838012695313 -0.0782928466796875 0.6248779296875 -0.08380126953125
-0.25567626953125 -0.0560302734374999 0.4786376953125 0.1002197265625
-0.273208618164063 0.035614013671875 0.374176025390625 0.076202392578125
-0.210784912109375 0.150527954101563 0.252777099609375 -0.039276123046875
-0.142318725585938 0.20318603515625 -0.0303459167480469 0.000144958496093768
-0.00157165527343751 0.257843017578125 -0.10015869140625 0.299285888671875
0.0809326171875 0.264678955078125 0.0262451171875001 0.55584716796875
0.053253173828125 0.242477416992188 0.121826171875 0.6011962890625
0.06585693359375 0.258346557617188 0.11822509765625 0.6348876953125
-0.00299072265625002 0.26751708984375 0.004486083984375 0.55889892578125
-0.114944458007813 0.271408081054688 -0.048858642578125 0.337890625
-0.228561401367187 0.236328125 -0.00299072265625002 0.172470092773438
-0.3675537109375 0.0494689941406251 0.139450073242187 0.0793685913085938
-0.395416259765625 -0.065185546875 0.357879638671875 0.07537841796875
-0.31396484375 -0.094085693359375 0.5645751953125 0.342529296875
-0.560882568359375 -0.0484619140625001 0.5084228515625 -0.082489013671875
-0.477874755859375 0.0226135253906249 0.41082763671875 0.159027099609375
-0.446990966796875 0.129119873046875 0.383209228515625 0.111297607421875
-0.343597412109375 0.25482177734375 0.293182373046875 -0.0462646484375
-0.263763427734375 0.304595947265625 -0.00483703613281251 -0.0630950927734375
-0.09295654296875 0.444793701171875 -0.114608764648437 0.203933715820313
0.04534912109375 0.488983154296875 -0.020050048828125 0.44024658203125
0.02490234375 0.461822509765625 0.087158203125 0.47332763671875
0.04669189453125 0.509521484375 0.097930908203125 0.50921630859375
-0.061492919921875 0.4964599609375 0.03704833984375 0.45013427734375
-0.25140380859375 0.461822509765625 -0.0121002197265625 0.257034301757813
-0.3865966796875 0.37908935546875 0.017669677734375 0.14892578125
-0.56683349609375 0.0996093749999999 0.09857177734375 0.0828781127929688
-0.6241455078125 -0.0173339843750001 0.24444580078125 0.0863494873046875
-0.555908203125 -0.0843200683593749 0.42315673828125 0.2916259765625
-0.7667236328125 -0.021484375 0.31103515625 -0.0938720703125
-0.65130615234375 0.083251953125 0.3006591796875 0.193115234375
-0.585693359375 0.19415283203125 0.370025634765625 0.10577392578125
-0.461517333984375 0.316619873046875 0.303192138671875 -0.084808349609375
-0.3792724609375 0.366485595703125 0.0207061767578125 -0.14190673828125
-0.1925048828125 0.57843017578125 -0.114036560058594 0.066680908203125
-0.00689697265624994 0.64520263671875 -0.0599517822265625 0.252944946289063
-0.00781249999999994 0.6143798828125 0.0382232666015625 0.275222778320313
0.02691650390625 0.6822509765625 0.05389404296875 0.308990478515625
-0.0946044921875 0.64990234375 0.0485076904296875 0.27679443359375
-0.3292236328125 0.58966064453125 0.0102386474609375 0.143478393554688
-0.458404541015625 0.4803466796875 0.0224609375 0.115821838378906
-0.6585693359375 0.16278076171875 0.0237503051757812 0.09918212890625
-0.735595703125 0.06072998046875 0.0754852294921874 0.109489440917969
-0.7061767578125 -0.0441284179687501 0.209396362304687 0.2325439453125
-0.84552001953125 0.00775146484374988 0.0577392578124999 -0.128570556640625
-0.70733642578125 0.11468505859375 0.1446533203125 0.18756103515625
-0.6341552734375 0.19647216796875 0.313079833984375 0.0684814453125
-0.52850341796875 0.30780029296875 0.276702880859375 -0.138015747070312
-0.460601806640625 0.3699951171875 0.0507659912109375 -0.2279052734375
-0.27398681640625 0.6375732421875 -0.0918350219726563 -0.102447509765625
-0.05963134765625 0.7115478515625 -0.0871124267578125 0.0146560668945313
-0.04248046875 0.669921875 -0.0132045745849609 0.0323543548583985
-0.00280761718750005 0.74810791015625 -0.00140380859375 0.0711898803710938
-0.11907958984375 0.6893310546875 0.0392990112304687 0.0761718750000001
-0.35345458984375 0.60272216796875 0.0160636901855469 0.0248203277587891
-0.443206787109375 0.48358154296875 0.00780487060546872 0.0829620361328125
-0.62139892578125 0.19366455078125 -0.0715179443359376 0.123664855957031
-0.71881103515625 0.13555908203125 -0.115516662597656 0.1395263671875
-0.745361328125 0.01141357421875 -0.0392303466796876 0.173904418945313
-0.77398681640625 0.04150390625 -0.20465087890625 -0.17779541015625
-0.62445068359375 0.1080322265625 -0.0428466796875 0.137901306152344
-0.565673828125 0.13580322265625 0.2080078125 0.02386474609375
-0.51776123046875 0.227081298828125 0.222549438476563 -0.176406860351563
-0.4742431640625 0.30889892578125 0.089141845703125 -0.298309326171875
-0.3104248046875 0.59906005859375 -0.0473327636718751 -0.281768798828125
-0.09649658203125 0.6689453125 -0.103347778320313 -0.242355346679687
-0.069580078125 0.6253662109375 -0.0621795654296875 -0.218048095703125
-0.0380859375 0.69342041015625 -0.0502166748046875 -0.166732788085937
-0.13739013671875 0.60333251953125 0.0269393920898437 -0.1114501953125
-0.32733154296875 0.493011474609375 0.0176429748535156 -0.0665321350097656
-0.356292724609375 0.380615234375 -0.0239448547363281 0.061553955078125
-0.47589111328125 0.182464599609375 -0.1728515625 0.134796142578125
-0.5902099609375 0.1832275390625 -0.28802490234375 0.1484375
-0.67901611328125 0.0645751953124999 -0.282073974609375 0.12176513671875
-0.5723876953125 0.0792236328124999 -0.429290771484375 -0.231964111328125
-0.432861328125 0.0845947265625 -0.222930908203125 0.0609893798828125
-0.395477294921875 0.055938720703125 0.08294677734375 -0.0101699829101562
-0.409332275390625 0.114898681640625 0.1634521484375 -0.190460205078125
-0.398651123046875 0.203338623046875 0.129364013671875 -0.344268798828125
-0.281646728515625 0.470306396484375 0.000457763671874951 -0.44024658203125
-0.108917236328125 0.522979736328125 -0.116607666015625 -0.475341796875
-0.08099365234375 0.4871826171875 -0.106475830078125 -0.43572998046875
-0.071136474609375 0.536376953125 -0.078277587890625 -0.363983154296875
-0.1435546875 0.427032470703125 0.027984619140625 -0.24957275390625
-0.261383056640625 0.304656982421875 0.0209884643554687 -0.107093811035156
-0.223052978515625 0.220230102539062 -0.0702476501464844 0.0536918640136719
-0.275970458984375 0.147140502929688 -0.268875122070313 0.11395263671875
-0.39990234375 0.199493408203125 -0.41741943359375 0.121612548828125
-0.52801513671875 0.10345458984375 -0.4859619140625 0.07769775390625
-0.282135009765625 0.11322021484375 -0.57440185546875 -0.273681640625
-0.180450439453125 0.0668792724609375 -0.355499267578125 -0.0159301757812501
-0.154586791992188 0.00427246093749997 -0.0215778350830078 -0.0252456665039063
-0.2103271484375 0.00813293457031252 0.112747192382813 -0.188980102539063
-0.237472534179688 0.0713043212890625 0.151519775390625 -0.36431884765625
-0.199295043945312 0.258255004882813 0.0292663574218749 -0.553466796875
-0.103240966796875 0.291595458984375 -0.129638671875 -0.6431884765625
-0.0809783935546875 0.2747802734375 -0.13848876953125 -0.58642578125
-0.094940185546875 0.301513671875 -0.078338623046875 -0.4935302734375
-0.129547119140625 0.202346801757813 0.044921875 -0.32122802734375
-0.160507202148438 0.100341796875 0.020782470703125 -0.0982208251953125
-0.0757598876953125 0.0644378662109375 -0.129348754882813 0.0497055053710938
-0.0775604248046875 0.109573364257813 -0.34423828125 0.052276611328125
-0.191421508789063 0.186508178710938 -0.492218017578125 0.0572509765625
-0.31378173828125 0.12109375 -0.6304931640625 0.04473876953125
0.0146560668945312 -0.1104736328125 0.66790771484375 -0.13397216796875
-0.0564041137695312 -0.134437561035156 0.52374267578125 0.00207519531249999
-0.115150451660156 -0.0503997802734375 0.361785888671875 -0.012420654296875
-0.0749130249023438 0.0454788208007813 0.191192626953125 -0.068756103515625
-0.0131149291992188 0.0846328735351563 -0.0595054626464844 0.0506477355957031
0.0767288208007813 0.0336685180664063 -0.068756103515625 0.362884521484375
0.0972442626953125 0.00228118896484375 0.0940551757812501 0.61065673828125
0.0740585327148437 -0.0171661376953125 0.17327880859375 0.65264892578125
0.0919876098632813 -0.0375518798828125 0.1544189453125 0.6868896484375
0.0888595581054688 0.00743865966796875 -0.00921630859375005 0.6083984375
0.0765609741210938 0.0728073120117188 -0.073211669921875 0.391754150390625
-0.00928497314453125 0.105278015136719 -0.02618408203125 0.187454223632813
-0.112869262695312 0.0450057983398438 0.1378173828125 0.0709381103515625
-0.113113403320312 -0.066986083984375 0.39825439453125 0.04339599609375
-0.019195556640625 -0.0730361938476563 0.64410400390625 0.34844970703125
-0.289794921875 -0.06500244140625 0.6397705078125 -0.1207275390625
-0.265243530273438 -0.043731689453125 0.49871826171875 0.08062744140625
-0.278350830078125 0.0496978759765625 0.393890380859375 0.057861328125
-0.205673217773438 0.16558837890625 0.259521484375 -0.05889892578125
-0.1351318359375 0.216476440429688 -0.0353889465332031 -0.00379180908203124
0.014739990234375 0.26434326171875 -0.094085693359375 0.311004638671875
0.099700927734375 0.267242431640625 0.0528564453125 0.5750732421875
0.0674285888671875 0.244338989257813 0.1549072265625 0.6123046875
0.0817413330078125 0.26190185546875 0.150390625 0.65118408203125
0.00920104980468753 0.27288818359375 0.0257568359375 0.5723876953125
-0.103118896484375 0.284210205078125 -0.04095458984375 0.347747802734375
-0.221771240234375 0.25341796875 0.00387573242187497 0.173904418945313
-0.377410888671875 0.069305419921875 0.143585205078125 0.072601318359375
-0.41094970703125 -0.044677734375 0.367919921875 0.0634765625
-0.329254150390625 -0.0807189941406249 0.597900390625 0.32373046875
-0.57611083984375 -0.0205688476562501 0.5223388671875 -0.111175537109375
-0.4888916015625 0.0491943359375001 0.433929443359375 0.14459228515625
-0.4488525390625 0.156341552734375 0.405853271484375 0.09405517578125
-0.334991455078125 0.27740478515625 0.3009033203125 -0.06878662109375
-0.25531005859375 0.32452392578125 -0.01165771484375 -0.0706634521484375
-0.06903076171875 0.457855224609375 -0.113235473632813 0.21514892578125
0.074005126953125 0.49810791015625 0.00155639648437502 0.455718994140625
0.049591064453125 0.472503662109375 0.113922119140625 0.48260498046875
0.074798583984375 0.52203369140625 0.125885009765625 0.520355224609375
-0.0400390625 0.5087890625 0.0579833984375 0.458038330078125
-0.23394775390625 0.486358642578125 -0.00523376464843754 0.26324462890625
-0.3743896484375 0.408355712890625 0.025665283203125 0.149917602539063
-0.57861328125 0.130859375 0.10302734375 0.0801849365234375
-0.63897705078125 0.0185546875000001 0.252182006835937 0.0809783935546875
-0.578369140625 -0.05963134765625 0.447052001953125 0.278594970703125
-0.78466796875 0.0178222656249999 0.319793701171875 -0.11407470703125
-0.6622314453125 0.1209716796875 0.324676513671875 0.186126708984375
-0.5870361328125 0.22955322265625 0.393310546875 0.08966064453125
-0.4493408203125 0.34881591796875 0.309326171875 -0.108551025390625
-0.36962890625 0.392059326171875 0.00993347167968749 -0.1529541015625
-0.1650390625 0.60052490234375 -0.118896484375 0.0760650634765625
0.0271606445312499 0.66357421875 -0.048828125 0.2662353515625
0.0209350585937499 0.63018798828125 0.05401611328125 0.278854370117188
0.06268310546875 0.7025146484375 0.073272705078125 0.31707763671875
-0.06817626953125 0.66656494140625 0.062957763671875 0.279449462890625
-0.307861328125 0.61968994140625 0.0132904052734375 0.146408081054688
-0.443023681640625 0.514007568359375 0.030303955078125 0.11712646484375
-0.66790771484375 0.20025634765625 0.02911376953125 0.102569580078125
-0.7489013671875 0.10308837890625 0.0805282592773437 0.114532470703125
-0.73016357421875 -0.01171875 0.223907470703125 0.229202270507813
-0.86480712890625 0.0554809570312502 0.0578155517578124 -0.135993957519531
-0.7164306640625 0.15576171875 0.165435791015625 0.188552856445313
-0.63519287109375 0.23443603515625 0.33294677734375 0.05426025390625
-0.5191650390625 0.341552734375 0.279281616210937 -0.159759521484375
-0.4569091796875 0.398956298828125 0.037933349609375 -0.241546630859375
-0.248779296875 0.66363525390625 -0.101387023925781 -0.0983200073242187
-0.0245971679687501 0.73333740234375 -0.08868408203125 0.02191162109375
-0.0112915039062501 0.69073486328125 -0.00976943969726562 0.0298500061035157
0.0377197265625001 0.77154541015625 0.0052490234375 0.073699951171875
-0.09002685546875 0.70977783203125 0.04571533203125 0.0724639892578126
-0.33123779296875 0.63592529296875 0.0165939331054687 0.0246639251708985
-0.425506591796875 0.5162353515625 0.0158233642578125 0.0853195190429688
-0.62579345703125 0.22821044921875 -0.0659637451171875 0.133438110351563
-0.7236328125 0.1773681640625 -0.112274169921875 0.1539306640625
-0.7652587890625 0.0455932617187501 -0.0354156494140626 0.181167602539063
-0.78875732421875 0.0865478515624999 -0.2152099609375 -0.171859741210937
-0.633544921875 0.1444091796875 -0.0296478271484375 0.147079467773438
-0.56671142578125 0.166015625 0.222503662109375 0.01446533203125
-0.513946533203125 0.257415771484375 0.221847534179688 -0.195236206054687
-0.47576904296875 0.336700439453125 0.075836181640625 -0.313323974609375
-0.28704833984375 0.62786865234375 -0.06280517578125 -0.284576416015625
-0.06622314453125 0.6932373046875 -0.118011474609375 -0.24365234375
-0.0412597656249999 0.64776611328125 -0.0731964111328125 -0.225326538085938
-0.00170898437500008 0.716552734375 -0.05706787109375 -0.170074462890625
-0.11309814453125 0.62384033203125 0.026214599609375 -0.120758056640625
-0.312255859375 0.522125244140625 0.015838623046875 -0.0689201354980468
-0.342864990234375 0.404052734375 -0.0171546936035156 0.0669822692871094
-0.475677490234375 0.210418701171875 -0.169097900390625 0.150680541992188
-0.58819580078125 0.21990966796875 -0.28973388671875 0.170684814453125
-0.6959228515625 0.0971679687500001 -0.288787841796875 0.1407470703125
-0.580810546875 0.11407470703125 -0.45098876953125 -0.216522216796875
-0.437408447265625 0.10992431640625 -0.219680786132813 0.07623291015625
-0.396881103515625 0.0754394531250001 0.0908126831054687 -0.0135574340820312
-0.40863037109375 0.135986328125 0.159194946289062 -0.203826904296875
-0.402130126953125 0.224609375 0.117462158203125 -0.361053466796875
-0.267486572265625 0.494781494140625 -0.019927978515625 -0.449920654296875
-0.0867919921875 0.543914794921875 -0.14111328125 -0.483673095703125
-0.06060791015625 0.505523681640625 -0.12933349609375 -0.448455810546875
-0.045013427734375 0.556060791015625 -0.0955810546875 -0.372802734375
-0.12841796875 0.444061279296875 0.02227783203125 -0.262176513671875
-0.25201416015625 0.32366943359375 0.0205764770507812 -0.109390258789063
-0.21380615234375 0.234222412109375 -0.0654716491699219 0.0628280639648438
-0.270614624023438 0.163726806640625 -0.267807006835937 0.13311767578125
-0.39306640625 0.226104736328125 -0.4229736328125 0.14752197265625
-0.53717041015625 0.1319580078125 -0.501922607421875 0.105316162109375
-0.2806396484375 0.13385009765625 -0.60296630859375 -0.25140380859375
-0.181427001953125 0.07928466796875 -0.3621826171875 0.00399780273437508
-0.15325927734375 0.01092529296875 -0.0185375213623047 -0.0238380432128906
-0.212142944335938 0.017120361328125 0.108245849609375 -0.198135375976563
-0.24322509765625 0.0812835693359375 0.141082763671875 -0.37957763671875
-0.193023681640625 0.274276733398438 0.00610351562499994 -0.5679931640625
-0.09356689453125 0.306549072265625 -0.16448974609375 -0.65545654296875
-0.071044921875 0.287567138671875 -0.1705322265625 -0.60028076171875
-0.0810546875 0.31756591796875 -0.103302001953125 -0.506500244140625
-0.125 0.212875366210937 0.03582763671875 -0.33489990234375
-0.159988403320313 0.108978271484375 0.022430419921875 -0.0988082885742188
-0.0716171264648438 0.0668716430664063 -0.128402709960938 0.0636138916015625
-0.0690155029296875 0.116111755371094 -0.349151611328125 0.073028564453125
-0.181427001953125 0.201126098632812 -0.50213623046875 0.0839233398437499
-0.315338134765625 0.139068603515625 -0.65228271484375 0.0819091796875
0.0086517333984375 -0.114280700683594 0.66851806640625 -0.18853759765625
-0.0682754516601562 -0.130378723144531 0.533355712890625 -0.033905029296875
-0.12322998046875 -0.0410308837890625 0.370697021484375 -0.04327392578125
-0.0747833251953125 0.0534591674804687 0.19024658203125 -0.0894622802734375
-0.005706787109375 0.09075927734375 -0.0613594055175781 0.051788330078125
0.084808349609375 0.0294876098632812 -0.049407958984375 0.373748779296875
0.1029052734375 -0.00734710693359375 0.14007568359375 0.61663818359375
0.0751113891601563 -0.0243301391601563 0.22308349609375 0.65472412109375
0.0918121337890625 -0.046234130859375 0.20477294921875 0.689453125
0.0917434692382813 0.00054931640625 0.0299072265625 0.6199951171875
0.0841751098632813 0.0686492919921875 -0.053131103515625 0.402099609375
-0.00264739990234376 0.108360290527344 -0.0185394287109375 0.188644409179688
-0.114959716796875 0.0545501708984375 0.140525817871094 0.0584716796875
-0.125175476074219 -0.0598526000976562 0.40283203125 0.01409912109375
-0.0252304077148437 -0.0735015869140625 0.6806640625 0.30279541015625
-0.295379638671875 -0.0435791015624999 0.6444091796875 -0.173583984375
-0.271011352539063 -0.0235290527343749 0.515289306640625 0.04620361328125
-0.279067993164063 0.07073974609375 0.40966796875 0.027008056640625
-0.194808959960938 0.182952880859375 0.260696411132813 -0.085205078125
-0.120635986328125 0.23248291015625 -0.0415191650390625 -0.0064125061035156
0.0380859375 0.26556396484375 -0.079071044921875 0.323883056640625
0.124282836914063 0.26141357421875 0.0954589843750001 0.58270263671875
0.0858001708984375 0.242523193359375 0.20166015625 0.61419677734375
0.103485107421875 0.259613037109375 0.20147705078125 0.6531982421875
0.028533935546875 0.274581909179688 0.06378173828125 0.58099365234375
-0.08258056640625 0.295928955078125 -0.023406982421875 0.35540771484375
-0.205947875976563 0.273345947265625 0.0129241943359375 0.172225952148438
-0.38055419921875 0.0989990234375 0.147003173828125 0.0608978271484375
-0.423370361328125 -0.0137023925781249 0.374237060546875 0.038360595703125
-0.340484619140625 -0.057830810546875 0.63067626953125 0.28192138671875
-0.58154296875 0.0223999023437501 0.527374267578125 -0.156585693359375
-0.49029541015625 0.0882568359375001 0.456573486328125 0.11639404296875
-0.441650390625 0.19049072265625 0.424652099609375 0.062713623046875
-0.31329345703125 0.30535888671875 0.30169677734375 -0.09893798828125
-0.235565185546875 0.34783935546875 -0.0226669311523438 -0.0763397216796875
-0.034393310546875 0.466400146484375 -0.104690551757812 0.228759765625
0.114288330078125 0.49835205078125 0.03570556640625 0.4666748046875
0.08331298828125 0.47509765625 0.149993896484375 0.481842041015625
0.116119384765625 0.524383544921875 0.168060302734375 0.521759033203125
-0.00582885742187497 0.515899658203125 0.088226318359375 0.45947265625
-0.20098876953125 0.509490966796875 0.00778198242187499 0.267410278320313
-0.347564697265625 0.439422607421875 0.035186767578125 0.146453857421875
-0.57861328125 0.175537109375 0.108367919921875 0.0737152099609375
-0.64678955078125 0.0676879882812499 0.259140014648437 0.0680999755859375
-0.5927734375 -0.0167236328125001 0.47503662109375 0.249359130859375
-0.791015625 0.0793457031249998 0.321258544921875 -0.14324951171875
-0.6585693359375 0.17315673828125 0.3507080078125 0.16656494140625
-0.5738525390625 0.275634765625 0.412261962890625 0.059417724609375
-0.421173095703125 0.38494873046875 0.30804443359375 -0.139129638671875
-0.34783935546875 0.4241943359375 -0.00566101074218754 -0.161483764648438
-0.12152099609375 0.615966796875 -0.118507385253906 0.0884780883789063
0.07647705078125 0.669921875 -0.0287322998046875 0.277450561523438
0.06512451171875 0.63726806640625 0.0763397216796875 0.276763916015625
0.11737060546875 0.7110595703125 0.10009765625 0.317962646484375
-0.02325439453125 0.678955078125 0.08209228515625 0.276718139648438
-0.2645263671875 0.6513671875 0.0205841064453125 0.147415161132813
-0.407257080078125 0.55194091796875 0.0402069091796875 0.113121032714844
-0.661376953125 0.24932861328125 0.036376953125 0.103012084960938
-0.74859619140625 0.16357421875 0.0895462036132812 0.114898681640625
-0.74261474609375 0.0424194335937499 0.24261474609375 0.21551513671875
-0.86798095703125 0.1239013671875 0.0525360107421875 -0.144882202148438
-0.71270751953125 0.21392822265625 0.189788818359375 0.180740356445313
-0.61920166015625 0.28179931640625 0.349395751953125 0.028106689453125
-0.493255615234375 0.381622314453125 0.2738037109375 -0.187881469726562
-0.43707275390625 0.43505859375 0.016845703125 -0.25250244140625
-0.2020263671875 0.6865234375 -0.112327575683594 -0.0893325805664062
0.02850341796875 0.74853515625 -0.0861434936523437 0.0300064086914063
0.0372314453125 0.70391845703125 -0.00704002380371094 0.0260410308837891
0.0985717773437499 0.78350830078125 0.01373291015625 0.0736160278320313
-0.04345703125 0.72320556640625 0.0520248413085938 0.0651664733886719
-0.28717041015625 0.668212890625 0.0167179107666015 0.0231685638427735
-0.3900146484375 0.55133056640625 0.0250625610351562 0.0828628540039063
-0.61492919921875 0.27728271484375 -0.0550384521484375 0.142044067382813
-0.7156982421875 0.2342529296875 -0.102981567382813 0.1689453125
-0.7767333984375 0.10223388671875 -0.0261535644531251 0.187713623046875
-0.79010009765625 0.149658203125 -0.228744506835938 -0.161773681640625
-0.62646484375 0.1961669921875 -0.0110626220703125 0.152587890625
-0.5562744140625 0.207672119140625 0.234100341796875 -0.00361633300781249
-0.496368408203125 0.2938232421875 0.212265014648437 -0.216262817382812
-0.462249755859375 0.372344970703125 0.0529479980468749 -0.327239990234375
-0.248291015625 0.65484619140625 -0.08453369140625 -0.2801513671875
-0.0167846679687499 0.71160888671875 -0.135818481445313 -0.239181518554687
0.00305175781249997 0.66082763671875 -0.0903778076171875 -0.229873657226562
0.05352783203125 0.73223876953125 -0.06842041015625 -0.1715087890625
-0.07550048828125 0.63848876953125 0.0197296142578125 -0.130027770996094
-0.277069091796875 0.55169677734375 0.0126724243164062 -0.0716781616210937
-0.312591552734375 0.43048095703125 -0.00783538818359377 0.067626953125
-0.4613037109375 0.2459716796875 -0.157302856445313 0.167800903320313
-0.57281494140625 0.26708984375 -0.280029296875 0.198501586914063
-0.69964599609375 0.15155029296875 -0.287322998046875 0.166351318359375
-0.57666015625 0.1639404296875 -0.47222900390625 -0.186492919921875
-0.432861328125 0.147247314453125 -0.211135864257813 0.0952606201171875
-0.39068603515625 0.103973388671875 0.096832275390625 -0.0196380615234375
-0.3995361328125 0.16510009765625 0.149383544921875 -0.218307495117188
-0.3974609375 0.2552490234375 0.09375 -0.37542724609375
-0.23681640625 0.51910400390625 -0.050201416015625 -0.452850341796875
-0.0499877929687501 0.561859130859375 -0.178802490234375 -0.4818115234375
-0.027496337890625 0.518585205078125 -0.164947509765625 -0.451263427734375
-0.00354003906250001 0.571533203125 -0.123779296875 -0.37518310546875
-0.103118896484375 0.45709228515625 0.00711059570312501 -0.272933959960938
-0.231719970703125 0.344940185546875 0.0162506103515625 -0.112739562988281
-0.195281982421875 0.248275756835937 -0.0574111938476563 0.07012939453125
-0.256332397460937 0.184661865234375 -0.2606201171875 0.156967163085938
-0.374725341796875 0.25860595703125 -0.419036865234375 0.182373046875
-0.536163330078125 0.173614501953125 -0.506927490234375 0.148956298828125
-0.271102905273438 0.160293579101563 -0.63104248046875 -0.20916748046875
-0.176300048828125 0.096954345703125 -0.364013671875 0.032440185546875
-0.14837646484375 0.0208587646484375 -0.0154953002929688 -0.0216407775878906
-0.211883544921875 0.029998779296875 0.0971221923828125 -0.206985473632813
-0.245254516601562 0.0979461669921875 0.1202392578125 -0.3955078125
-0.177886962890625 0.292510986328125 -0.03076171875 -0.5771484375
-0.07501220703125 0.321136474609375 -0.21630859375 -0.65557861328125
-0.05322265625 0.298004150390625 -0.218505859375 -0.6011962890625
-0.058990478515625 0.32965087890625 -0.140899658203125 -0.512176513671875
-0.114471435546875 0.224533081054687 0.017547607421875 -0.34698486328125
-0.1549072265625 0.120162963867188 0.02099609375 -0.100181579589844
-0.0644912719726562 0.0687942504882813 -0.122177124023438 0.0782928466796875
-0.05560302734375 0.121360778808594 -0.34942626953125 0.101654052734375
-0.162567138671875 0.21759033203125 -0.504852294921875 0.122222900390625
-0.3096923828125 0.164459228515625 -0.66107177734375 0.13677978515625
0.00243377685546874 -0.115921020507813 0.64910888671875 -0.244873046875
-0.078521728515625 -0.122566223144531 0.5284423828125 -0.07342529296875
-0.128219604492188 -0.0295257568359375 0.367034912109375 -0.076171875
-0.0716781616210938 0.0605621337890625 0.181961059570313 -0.109588623046875
0.00320434570312499 0.0949859619140625 -0.0626029968261719 0.052825927734375
0.0901565551757813 0.0232086181640625 -0.023773193359375 0.375396728515625
0.10443115234375 -0.0196685791015625 0.18792724609375 0.60272216796875
0.0739593505859375 -0.0319747924804688 0.2716064453125 0.6343994140625
0.0884475708007813 -0.0546722412109375 0.2572021484375 0.6715087890625
0.09228515625 -0.00738525390625 0.0718994140625 0.61590576171875
0.0902633666992188 0.06195068359375 -0.02874755859375 0.40216064453125
0.00508880615234375 0.108749389648438 -0.01019287109375 0.1842041015625
-0.113998413085938 0.0639724731445313 0.137901306152344 0.0432891845703125
-0.134552001953125 -0.0488433837890625 0.3956298828125 -0.01904296875
-0.03076171875 -0.07122802734375 0.69635009765625 0.244140625
-0.29107666015625 -0.0206298828125 0.62646484375 -0.2274169921875
-0.267837524414063 -0.00149536132812494 0.5166015625 0.00689697265625
-0.270751953125 0.09197998046875 0.41156005859375 -0.00964355468749999
-0.17706298828125 0.1961669921875 0.2528076171875 -0.110885620117187
-0.0999603271484375 0.241729736328125 -0.0474128723144531 -0.00765609741210936
0.0614166259765625 0.257232666015625 -0.057891845703125 0.32806396484375
0.147293090820312 0.24591064453125 0.14093017578125 0.5733642578125
0.103759765625 0.2322998046875 0.24639892578125 0.59515380859375
0.1239013671875 0.248077392578125 0.25177001953125 0.63543701171875
0.04852294921875 0.267471313476563 0.10174560546875 0.5718994140625
-0.05792236328125 0.2982177734375 -0.002471923828125 0.35418701171875
-0.18157958984375 0.28558349609375 0.0201568603515625 0.164993286132813
-0.3709716796875 0.128509521484375 0.1456298828125 0.0463409423828125
-0.421905517578125 0.022216796875 0.3709716796875 0.010101318359375
-0.341705322265625 -0.0294189453125 0.64471435546875 0.2279052734375
-0.568115234375 0.0697021484375001 0.511077880859375 -0.20123291015625
-0.472320556640625 0.12591552734375 0.467132568359375 0.080352783203125
-0.4190673828125 0.222686767578125 0.431121826171875 0.025146484375
-0.280792236328125 0.32427978515625 0.29290771484375 -0.128173828125
-0.2056884765625 0.362640380859375 -0.0343704223632813 -0.07818603515625
0.00473022460937496 0.459686279296875 -0.0902862548828125 0.236602783203125
0.155670166015625 0.4832763671875 0.071136474609375 0.463958740234375
0.118438720703125 0.464508056640625 0.185546875 0.46685791015625
0.157196044921875 0.5106201171875 0.209014892578125 0.506439208984375
0.031036376953125 0.51055908203125 0.118438720703125 0.44818115234375
-0.1588134765625 0.518157958984375 0.02197265625 0.264617919921875
-0.308135986328125 0.460296630859375 0.0421829223632812 0.13714599609375
-0.558868408203125 0.21734619140625 0.11029052734375 0.0633468627929688
-0.63214111328125 0.12225341796875 0.260879516601562 0.049163818359375
-0.587890625 0.0316772460937499 0.487579345703125 0.206298828125
-0.7701416015625 0.14556884765625 0.310211181640625 -0.17303466796875
-0.63348388671875 0.2254638671875 0.367034912109375 0.137664794921875
-0.542022705078125 0.316162109375 0.41802978515625 0.023590087890625
-0.380828857421875 0.4085693359375 0.2955322265625 -0.16778564453125
-0.3133544921875 0.443084716796875 -0.02386474609375 -0.16253662109375
-0.0722656249999999 0.6136474609375 -0.113677978515625 0.100067138671875
0.13092041015625 0.65802001953125 -0.00492858886718751 0.279830932617188
0.11065673828125 0.62579345703125 0.0965728759765625 0.265792846679688
0.17498779296875 0.69573974609375 0.126434326171875 0.307769775390625
0.0252075195312499 0.67266845703125 0.099945068359375 0.2652587890625
-0.21026611328125 0.66265869140625 0.02716064453125 0.14453125
-0.3577880859375 0.57421875 0.0471725463867187 0.10382080078125
-0.6346435546875 0.29779052734375 0.0433731079101562 0.0990219116210938
-0.723388671875 0.22296142578125 0.0984344482421875 0.110061645507813
-0.73211669921875 0.10302734375 0.255325317382812 0.193283081054688
-0.8421630859375 0.19561767578125 0.0441436767578124 -0.151657104492188
-0.681640625 0.27105712890625 0.209579467773437 0.163848876953125
-0.58551025390625 0.326416015625 0.3543701171875 -0.00250244140624998
-0.452728271484375 0.410980224609375 0.257522583007813 -0.211685180664062
-0.402069091796875 0.4615478515625 -0.007110595703125 -0.253448486328125
-0.14892578125 0.6917724609375 -0.118896484375 -0.0760498046874999
0.08740234375 0.74078369140625 -0.080963134765625 0.0379486083984375
0.08697509765625 0.6942138671875 -0.00555419921874999 0.02191162109375
0.1617431640625 0.77032470703125 0.0217628479003906 0.0702171325683594
0.00872802734374997 0.7176513671875 0.0546684265136719 0.0568313598632813
-0.2342529296875 0.68194580078125 0.0168476104736328 0.0208168029785157
-0.339599609375 0.5692138671875 0.031982421875 0.0757904052734376
-0.58447265625 0.31927490234375 -0.0423126220703125 0.146774291992188
-0.682373046875 0.2904052734375 -0.0873107910156251 0.178863525390625
-0.760009765625 0.1661376953125 -0.0127868652343751 0.188339233398437
-0.7626953125 0.216064453125 -0.237457275390625 -0.144210815429688
-0.5985107421875 0.246826171875 0.00892639160156245 0.152923583984375
-0.527679443359375 0.246612548828125 0.236907958984375 -0.02294921875
-0.461700439453125 0.32550048828125 0.194915771484375 -0.232864379882813
-0.43536376953125 0.400421142578125 0.025146484375 -0.329315185546875
-0.19781494140625 0.664794921875 -0.103424072265625 -0.268051147460937
0.03857421875 0.70794677734375 -0.150833129882813 -0.2261962890625
0.05120849609375 0.65478515625 -0.109146118164062 -0.226760864257813
0.1119384765625 0.7208251953125 -0.0784912109375 -0.166549682617187
-0.02777099609375 0.63690185546875 0.00952911376953124 -0.135696411132813
-0.2322998046875 0.56427001953125 0.00756072998046874 -0.0730056762695312
-0.27301025390625 0.443328857421875 -0.000247955322265642 0.0647735595703125
-0.431915283203125 0.275726318359375 -0.1405029296875 0.180145263671875
-0.536346435546875 0.310089111328125 -0.26092529296875 0.219650268554688
-0.68096923828125 0.20550537109375 -0.274978637695313 0.190261840820313
-0.55157470703125 0.21148681640625 -0.481536865234375 -0.148956298828125
-0.4105224609375 0.18389892578125 -0.195541381835938 0.11236572265625
-0.371856689453125 0.130035400390625 0.0999069213867187 -0.0283584594726562
-0.379150390625 0.18865966796875 0.1324462890625 -0.227294921875
-0.380615234375 0.280120849609375 0.065887451171875 -0.3792724609375
-0.197784423828125 0.5318603515625 -0.080657958984375 -0.443023681640625
-0.00665283203125005 0.56439208984375 -0.21417236328125 -0.4649658203125
0.010650634765625 0.517486572265625 -0.201202392578125 -0.43963623046875
0.0421752929687501 0.5675048828125 -0.1500244140625 -0.366424560546875
-0.06939697265625 0.459228515625 -0.0124053955078125 -0.276718139648437
-0.203857421875 0.35662841796875 0.0115432739257812 -0.113983154296875
-0.170852661132813 0.253509521484375 -0.0481109619140625 0.0730438232421875
-0.23291015625 0.199356079101563 -0.243026733398438 0.177520751953125
-0.34197998046875 0.286956787109375 -0.399871826171875 0.21484375
-0.516143798828125 0.216644287109375 -0.493133544921875 0.19342041015625
-0.250030517578125 0.184127807617188 -0.6416015625 -0.15692138671875
-0.163787841796875 0.113677978515625 -0.353424072265625 0.06451416015625
-0.139488220214844 0.028839111328125 -0.0122032165527344 -0.0192813873291016
-0.204910278320313 0.042449951171875 0.0823822021484375 -0.209396362304687
-0.240249633789063 0.114089965820313 0.09332275390625 -0.39959716796875
-0.156585693359375 0.304351806640625 -0.0684814453125001 -0.5693359375
-0.049468994140625 0.32769775390625 -0.2628173828125 -0.63555908203125
-0.031036376953125 0.299896240234375 -0.2642822265625 -0.58233642578125
-0.032867431640625 0.332427978515625 -0.180023193359375 -0.499481201171875
-0.0994873046875 0.230331420898437 -0.00653076171875003 -0.349090576171875
-0.145217895507813 0.12835693359375 0.0184173583984375 -0.100944519042969
-0.0564956665039062 0.0680389404296875 -0.111442565917969 0.0900344848632812
-0.0384979248046875 0.122421264648438 -0.338134765625 0.129119873046875
-0.137954711914063 0.228378295898438 -0.490447998046875 0.159820556640625
-0.293212890625 0.18768310546875 -0.64544677734375 0.19537353515625
-0.00237274169921876 -0.116844177246094 0.6138916015625 -0.2823486328125
-0.0844345092773438 -0.113258361816406 0.510101318359375 -0.10076904296875
-0.128692626953125 -0.019012451171875 0.355072021484375 -0.100067138671875
-0.067047119140625 0.0658645629882813 0.169769287109375 -0.123016357421875
0.0127182006835937 0.0960769653320313 -0.0622329711914062 0.0529441833496094
0.0946121215820313 0.0157394409179688 -0.00527954101562498 0.36724853515625
0.102561950683594 -0.0302734375 0.22064208984375 0.5775146484375
0.0713653564453125 -0.0376205444335938 0.3045654296875 0.6029052734375
0.0839767456054688 -0.0609359741210937 0.289306640625 0.64044189453125
0.0911788940429687 -0.013336181640625 0.101318359375 0.5966796875
0.0933837890625 0.0550079345703125 -0.01068115234375 0.392425537109375
0.0104827880859375 0.107002258300781 -0.00611877441406248 0.176422119140625
-0.111167907714844 0.07122802734375 0.13031005859375 0.0291748046875
-0.139358520507813 -0.0379409790039063 0.37725830078125 -0.04364013671875
-0.0348091125488281 -0.0691452026367187 0.68719482421875 0.18914794921875
-0.278778076171875 -0.00497436523437505 0.59515380859375 -0.2664794921875
-0.257354736328125 0.014923095703125 0.50640869140625 -0.022918701171875
-0.257125854492187 0.106292724609375 0.40264892578125 -0.038116455078125
-0.157882690429688 0.200958251953125 0.239105224609375 -0.130172729492188
-0.0804595947265625 0.242782592773438 -0.0526351928710938 -0.00741577148437499
0.0787811279296875 0.242874145507813 -0.04058837890625 0.32373046875
0.15960693359375 0.2254638671875 0.17230224609375 0.55218505859375
0.113998413085938 0.218658447265625 0.27606201171875 0.56536865234375
0.137283325195312 0.231430053710938 0.282958984375 0.60540771484375
0.06207275390625 0.255355834960937 0.12738037109375 0.552703857421875
-0.037139892578125 0.291839599609375 0.011077880859375 0.34466552734375
-0.15911865234375 0.2869873046875 0.0224456787109375 0.15484619140625
-0.3548583984375 0.14813232421875 0.138885498046875 0.0325546264648438
-0.4107666015625 0.0502014160156249 0.35711669921875 -0.013397216796875
-0.332611083984375 -0.00796508789062507 0.63653564453125 0.17742919921875
-0.539276123046875 0.1016845703125 0.48681640625 -0.23492431640625
-0.4468994140625 0.15045166015625 0.464569091796875 0.05029296875
-0.39044189453125 0.24066162109375 0.424102783203125 -0.00494384765624999
-0.246734619140625 0.330169677734375 0.277786254882813 -0.149688720703125
-0.1766357421875 0.363922119140625 -0.0441436767578125 -0.0770950317382812
0.034332275390625 0.441925048828125 -0.0766448974609375 0.237777709960938
0.181488037109375 0.456634521484375 0.10089111328125 0.44873046875
0.1397705078125 0.44390869140625 0.208099365234375 0.44219970703125
0.18603515625 0.48565673828125 0.235107421875 0.48052978515625
0.05755615234375 0.49139404296875 0.137786865234375 0.430633544921875
-0.12188720703125 0.510833740234375 0.03057861328125 0.25579833984375
-0.2698974609375 0.46148681640625 0.0428619384765625 0.125900268554688
-0.53155517578125 0.24554443359375 0.1070556640625 0.0531082153320313
-0.6038818359375 0.15972900390625 0.254867553710938 0.0326080322265625
-0.56634521484375 0.0670166015625001 0.481658935546875 0.16778564453125
-0.730224609375 0.1888427734375 0.293182373046875 -0.193756103515625
-0.59405517578125 0.2581787109375 0.37176513671875 0.111175537109375
-0.50042724609375 0.34002685546875 0.413055419921875 -0.00546264648437498
-0.33740234375 0.4161376953125 0.277847290039063 -0.188079833984375
-0.27911376953125 0.447174072265625 -0.0385894775390625 -0.159759521484375
-0.034912109375 0.596923828125 -0.105934143066406 0.107345581054688
0.16815185546875 0.62896728515625 0.0150299072265625 0.274734497070313
0.1435546875 0.60308837890625 0.108413696289063 0.25146484375
0.21435546875 0.66552734375 0.14434814453125 0.2921142578125
0.0615234375 0.6502685546875 0.108932495117188 0.25177001953125
-0.1654052734375 0.6549072265625 0.0307769775390625 0.138740539550781
-0.3121337890625 0.57147216796875 0.047515869140625 0.0930099487304688
-0.59552001953125 0.32537841796875 0.0474014282226562 0.0938796997070313
-0.6829833984375 0.26275634765625 0.102462768554687 0.102996826171875
-0.702880859375 0.1455078125 0.256515502929687 0.17120361328125
-0.797607421875 0.24688720703125 0.035369873046875 -0.155990600585937
-0.63690185546875 0.3072509765625 0.22174072265625 0.146331787109375
-0.5428466796875 0.351470947265625 0.350616455078125 -0.026397705078125
-0.406097412109375 0.42059326171875 0.239212036132812 -0.227218627929687
-0.367156982421875 0.46905517578125 -0.025909423828125 -0.248184204101562
-0.10589599609375 0.67681884765625 -0.11993408203125 -0.0631637573242187
0.1298828125 0.71588134765625 -0.073974609375 0.0423355102539063
0.1226806640625 0.67266845703125 -0.00594520568847655 0.0183887481689454
0.2049560546875 0.7408447265625 0.0273513793945313 0.0656089782714844
0.0462646484375 0.69586181640625 0.0542106628417969 0.0495185852050782
-0.18646240234375 0.6737060546875 0.0147571563720703 0.0180301666259766
-0.29486083984375 0.56536865234375 0.0330390930175781 0.0671234130859375
-0.54473876953125 0.3431396484375 -0.03082275390625 0.145767211914063
-0.63446044921875 0.3250732421875 -0.072998046875 0.1812744140625
-0.7274169921875 0.20892333984375 -0.00370788574218753 0.185348510742188
-0.7177734375 0.26104736328125 -0.237014770507813 -0.128570556640625
-0.55706787109375 0.28106689453125 0.0253448486328125 0.14837646484375
-0.488677978515625 0.269500732421875 0.234893798828125 -0.0388336181640625
-0.423095703125 0.336822509765625 0.177871704101562 -0.24029541015625
-0.404327392578125 0.412139892578125 0.00332641601562498 -0.322021484375
-0.155517578125 0.65447998046875 -0.11370849609375 -0.251266479492187
0.08074951171875 0.68927001953125 -0.158416748046875 -0.210723876953125
0.0853881835937501 0.6375732421875 -0.122329711914062 -0.218841552734375
0.15576171875 0.69598388671875 -0.0854949951171875 -0.16009521484375
0.00646972656249997 0.61962890625 -0.00028991699218751 -0.1373291015625
-0.19268798828125 0.558441162109375 0.00321197509765624 -0.0734405517578125
-0.237396240234375 0.438873291015625 0.00344848632812498 0.0595626831054688
-0.3973388671875 0.28887939453125 -0.122848510742188 0.184249877929688
-0.492645263671875 0.333984375 -0.23809814453125 0.231674194335937
-0.6461181640625 0.24322509765625 -0.257080078125 0.205459594726563
-0.51287841796875 0.245635986328125 -0.47540283203125 -0.114990234375
-0.3814697265625 0.20721435546875 -0.176727294921875 0.122512817382813
-0.346099853515625 0.144866943359375 0.100959777832031 -0.0340042114257812
-0.35260009765625 0.20098876953125 0.11767578125 -0.227798461914063
-0.358856201171875 0.292816162109375 0.043731689453125 -0.37249755859375
-0.165374755859375 0.527008056640625 -0.1002197265625 -0.423736572265625
0.02850341796875 0.55291748046875 -0.23492431640625 -0.440521240234375
0.037506103515625 0.505096435546875 -0.22528076171875 -0.419464111328125
0.077728271484375 0.55078125 -0.1685791015625 -0.34991455078125
-0.044647216796875 0.451507568359375 -0.0277252197265625 -0.272964477539063
-0.1788330078125 0.354339599609375 0.00637054443359373 -0.113189697265625
-0.148727416992187 0.248153686523438 -0.0403976440429688 0.07342529296875
-0.205902099609375 0.202896118164063 -0.223602294921875 0.188507080078125
-0.3046875 0.298980712890625 -0.3741455078125 0.233184814453125
-0.485870361328125 0.244049072265625 -0.466888427734375 0.225189208984375
-0.22393798828125 0.197525024414063 -0.63214111328125 -0.11114501953125
-0.147018432617188 0.124267578125 -0.33380126953125 0.087188720703125
-0.128570556640625 0.0321273803710937 -0.00769329071044923 -0.017486572265625
-0.195755004882813 0.049285888671875 0.0708465576171875 -0.204833984375
-0.232620239257812 0.124649047851563 0.072357177734375 -0.393798828125
-0.137542724609375 0.30682373046875 -0.094512939453125 -0.54864501953125
-0.028900146484375 0.325164794921875 -0.2960205078125 -0.604248046875
-0.01519775390625 0.295501708984375 -0.295440673828125 -0.5562744140625
-0.011138916015625 0.326904296875 -0.205078125 -0.479522705078125
-0.0860443115234375 0.230422973632813 -0.02435302734375 -0.344451904296875
-0.135505676269531 0.130256652832031 0.0167236328125 -0.0999755859375
-0.0491371154785156 0.0626182556152344 -0.099822998046875 0.0965042114257813
-0.0233306884765625 0.118392944335937 -0.320465087890625 0.14666748046875
-0.113571166992187 0.229782104492187 -0.4664306640625 0.18450927734375
-0.272186279296875 0.202484130859375 -0.6148681640625 0.23822021484375
-0.00536346435546876 -0.118385314941406 0.58367919921875 -0.30255126953125
-0.0866165161132813 -0.107048034667969 0.49761962890625 -0.116058349609375
-0.128547668457031 -0.0120086669921875 0.3446044921875 -0.113861083984375
-0.0638580322265625 0.0702018737792969 0.1605224609375 -0.1319580078125
0.0202178955078125 0.095977783203125 -0.0643119812011719 0.0525779724121094
0.0981216430664063 0.00969696044921875 0.00552368164062498 0.35821533203125
0.100273132324219 -0.0383377075195313 0.236724853515625 0.557281494140625
0.0691719055175781 -0.0419845581054688 0.31964111328125 0.5802001953125
0.0813217163085938 -0.0654525756835938 0.3057861328125 0.61566162109375
0.0904159545898438 -0.0183486938476563 0.11492919921875 0.58013916015625
0.0955810546875 0.0501785278320312 -0.00427246093750001 0.38165283203125
0.0130691528320312 0.10638427734375 -0.00798034667968751 0.168289184570313
-0.10986328125 0.0760650634765625 0.120246887207031 0.0191192626953125
-0.1422119140625 -0.028778076171875 0.358642578125 -0.0576171875
-0.0364036560058594 -0.0688362121582031 0.669677734375 0.1558837890625
-0.266128540039063 0.00207519531249995 0.56488037109375 -0.2891845703125
-0.246566772460938 0.0223541259765625 0.496673583984375 -0.039642333984375
-0.245086669921875 0.1121826171875 0.394073486328125 -0.054229736328125
-0.144317626953125 0.200454711914062 0.228836059570313 -0.142547607421875
-0.0667572021484375 0.2408447265625 -0.057830810546875 -0.00797653198242186
0.0894012451171875 0.229721069335938 -0.0316162109375 0.31842041015625
0.165145874023437 0.209075927734375 0.190643310546875 0.53411865234375
0.118911743164062 0.207717895507813 0.290679931640625 0.543060302734375
0.144058227539063 0.218612670898438 0.2978515625 0.58221435546875
0.069549560546875 0.24432373046875 0.138031005859375 0.537567138671875
-0.023895263671875 0.284637451171875 0.01531982421875 0.335296630859375
-0.14398193359375 0.283966064453125 0.01751708984375 0.145614624023438
-0.342041015625 0.159088134765625 0.129653930664062 0.0230941772460938
-0.3978271484375 0.067840576171875 0.3421630859375 -0.027923583984375
-0.321075439453125 0.00387573242187503 0.61968994140625 0.14556884765625
-0.513275146484375 0.117919921875 0.46417236328125 -0.2552490234375
-0.42254638671875 0.161651611328125 0.458953857421875 0.03033447265625
-0.367156982421875 0.247711181640625 0.417388916015625 -0.022979736328125
-0.2222900390625 0.326080322265625 0.265548706054688 -0.163070678710937
-0.15771484375 0.35980224609375 -0.0521240234375 -0.0757980346679687
0.050537109375 0.4239501953125 -0.0688323974609375 0.236770629882813
0.1942138671875 0.43475341796875 0.116851806640625 0.4361572265625
0.1517333984375 0.42767333984375 0.218994140625 0.423797607421875
0.201568603515625 0.46514892578125 0.2484130859375 0.46185302734375
0.06976318359375 0.476104736328125 0.14459228515625 0.415771484375
-0.100799560546875 0.497833251953125 0.03192138671875 0.249130249023438
-0.24658203125 0.45458984375 0.0379562377929687 0.117057800292969
-0.507293701171875 0.258392333984375 0.1019287109375 0.0456390380859375
-0.57781982421875 0.18212890625 0.246810913085937 0.022613525390625
-0.544525146484375 0.0865478515625 0.47113037109375 0.142791748046875
-0.693603515625 0.212890625 0.277908325195312 -0.208343505859375
-0.559478759765625 0.2740478515625 0.373443603515625 0.092498779296875
-0.46875 0.347747802734375 0.407684326171875 -0.02398681640625
-0.30474853515625 0.41046142578125 0.264678955078125 -0.19940185546875
-0.256011962890625 0.443511962890625 -0.0487823486328125 -0.156112670898437
-0.013671875 0.57763671875 -0.0999603271484375 0.111099243164063
0.18792724609375 0.60546875 0.0272369384765625 0.268447875976563
0.158447265625 0.58477783203125 0.114578247070313 0.240097045898438
0.23553466796875 0.63995361328125 0.153060913085938 0.279006958007813
0.07855224609375 0.63128662109375 0.110427856445313 0.240859985351563
-0.1400146484375 0.6400146484375 0.029205322265625 0.133903503417969
-0.282623291015625 0.56097412109375 0.04217529296875 0.0845794677734375
-0.5665283203125 0.33447265625 0.0474853515625 0.0888137817382813
-0.646484375 0.2825927734375 0.103240966796875 0.0973968505859375
-0.67266845703125 0.17047119140625 0.25213623046875 0.155792236328125
-0.75604248046875 0.271240234375 0.02947998046875 -0.1605224609375
-0.59735107421875 0.32537841796875 0.229949951171875 0.132598876953125
-0.505035400390625 0.358367919921875 0.346435546875 -0.042022705078125
-0.37213134765625 0.4150390625 0.225372314453125 -0.235198974609375
-0.345001220703125 0.466094970703125 -0.0382843017578125 -0.241378784179687
-0.0822753906249999 0.6597900390625 -0.116973876953125 -0.0538482666015625
0.1541748046875 0.6934814453125 -0.0673789978027343 0.0443992614746094
0.14068603515625 0.65380859375 -0.00738525390624999 0.0153522491455079
0.22998046875 0.71368408203125 0.0311546325683594 0.0615730285644532
0.06549072265625 0.67730712890625 0.050506591796875 0.044830322265625
-0.16009521484375 0.6591796875 0.0122804641723633 0.0157690048217774
-0.266632080078125 0.552642822265625 0.0300674438476562 0.0601654052734375
-0.513641357421875 0.34771728515625 -0.02386474609375 0.142837524414063
-0.59588623046875 0.33978271484375 -0.0628662109375001 0.179611206054688
-0.69268798828125 0.2330322265625 0.00106811523437497 0.181167602539063
-0.67608642578125 0.28509521484375 -0.23468017578125 -0.120361328125
-0.520111083984375 0.2969970703125 0.0382843017578125 0.143020629882813
-0.4569091796875 0.2752685546875 0.2335205078125 -0.0486602783203125
-0.392486572265625 0.3333740234375 0.165969848632812 -0.243133544921875
-0.384490966796875 0.4132080078125 -0.00942993164062501 -0.31402587890625
-0.1331787109375 0.64361572265625 -0.115814208984375 -0.238189697265625
0.104736328125 0.6712646484375 -0.159652709960938 -0.200393676757813
0.1021728515625 0.62188720703125 -0.1304931640625 -0.21148681640625
0.17987060546875 0.67425537109375 -0.0885467529296875 -0.155349731445312
0.0224609375000001 0.6053466796875 -0.0072784423828125 -0.136581420898437
-0.1708984375 0.5472412109375 -0.000198364257812513 -0.0740890502929687
-0.21337890625 0.424713134765625 0.00413894653320312 0.0553321838378906
-0.36981201171875 0.290252685546875 -0.111297607421875 0.183242797851563
-0.45501708984375 0.341583251953125 -0.221923828125 0.234634399414063
-0.61346435546875 0.2646484375 -0.24163818359375 0.212799072265625
-0.47784423828125 0.260589599609375 -0.46484375 -0.094573974609375
-0.35198974609375 0.21923828125 -0.160659790039063 0.128433227539063
-0.323944091796875 0.148681640625 0.103233337402344 -0.0373306274414063
-0.333038330078125 0.20111083984375 0.109695434570312 -0.224624633789063
-0.34521484375 0.295440673828125 0.0316162109375 -0.363494873046875
-0.14642333984375 0.520172119140625 -0.106201171875 -0.407806396484375
0.047027587890625 0.542388916015625 -0.244232177734375 -0.42266845703125
0.0528564453125 0.49481201171875 -0.238067626953125 -0.40350341796875
0.096588134765625 0.534332275390625 -0.17816162109375 -0.338165283203125
-0.03314208984375 0.442291259765625 -0.0376434326171875 -0.2691650390625
-0.1640625 0.347747802734375 0.00435638427734373 -0.112846374511719
-0.135452270507812 0.236907958984375 -0.03533935546875 0.0722427368164063
-0.185562133789062 0.198760986328125 -0.209075927734375 0.191619873046875
-0.27423095703125 0.300689697265625 -0.35406494140625 0.240509033203125
-0.458282470703125 0.257843017578125 -0.444580078125 0.24127197265625
-0.201736450195313 0.203369140625 -0.61590576171875 -0.0823364257812501
-0.131103515625 0.130577087402344 -0.316619873046875 0.101043701171875
-0.117988586425781 0.0311050415039062 -0.00220775604248048 -0.0162477493286133
-0.187835693359375 0.0491790771484375 0.0661773681640625 -0.198165893554688
-0.22711181640625 0.129119873046875 0.061981201171875 -0.384429931640625
-0.126922607421875 0.306396484375 -0.10504150390625 -0.531585693359375
-0.015960693359375 0.322479248046875 -0.31072998046875 -0.57958984375
-0.00619506835937501 0.290985107421875 -0.310943603515625 -0.53155517578125
0.000854492187500017 0.3206787109375 -0.2176513671875 -0.461456298828125
-0.079010009765625 0.229293823242188 -0.03460693359375 -0.339263916015625
-0.13055419921875 0.128791809082031 0.0169448852539062 -0.0991363525390625
-0.0447311401367188 0.0554275512695313 -0.0912628173828125 0.0997238159179688
-0.0105819702148438 0.111167907714844 -0.307037353515625 0.155670166015625
-0.094146728515625 0.227005004882813 -0.447723388671875 0.1966552734375
-0.253799438476563 0.20916748046875 -0.5841064453125 0.2626953125
-0.00798797607421876 -0.123527526855469 0.5665283203125 -0.3206787109375
-0.0893936157226563 -0.105087280273438 0.493133544921875 -0.12579345703125
-0.130241394042969 -0.007293701171875 0.343109130859375 -0.1231689453125
-0.0620498657226562 0.0742568969726563 0.157516479492188 -0.1400146484375
0.0274887084960938 0.0981597900390625 -0.0677642822265625 0.0523681640625
0.103172302246094 0.003204345703125 0.00936889648437504 0.35723876953125
0.099761962890625 -0.046295166015625 0.250244140625 0.550537109375
0.0690345764160156 -0.0466804504394531 0.33367919921875 0.57171630859375
0.0806350708007813 -0.0711746215820313 0.3160400390625 0.60858154296875
0.0916366577148438 -0.0231781005859375 0.11981201171875 0.5791015625
0.0986557006835938 0.0473175048828125 -0.00534057617187501 0.378631591796875
0.0157394409179688 0.107833862304688 -0.0148468017578125 0.164260864257812
-0.111968994140625 0.0824203491210938 0.110885620117188 0.01153564453125
-0.147323608398438 -0.0222625732421875 0.3470458984375 -0.068389892578125
-0.0386734008789063 -0.0716094970703125 0.65863037109375 0.13482666015625
-0.258575439453125 0.00242614746093752 0.548736572265625 -0.308380126953125
-0.241256713867188 0.0253448486328125 0.496795654296875 -0.052154541015625
-0.239273071289062 0.115966796875 0.395416259765625 -0.065643310546875
-0.136001586914062 0.201400756835938 0.224716186523437 -0.1531982421875
-0.05670166015625 0.240829467773437 -0.063201904296875 -0.00796508789062498
0.0973052978515625 0.221237182617188 -0.026824951171875 0.318206787109375
0.170013427734375 0.199127197265625 0.20404052734375 0.53033447265625
0.123184204101562 0.202316284179688 0.30157470703125 0.53521728515625
0.149017333984375 0.210311889648438 0.3094482421875 0.57501220703125
0.0726470947265625 0.239364624023437 0.14373779296875 0.534576416015625
-0.0164794921875 0.28118896484375 0.01226806640625 0.333251953125
-0.13629150390625 0.284454345703125 0.00932312011718748 0.141098022460938
-0.336639404296875 0.16790771484375 0.121734619140625 0.016326904296875
-0.3922119140625 0.0807800292968751 0.331268310546875 -0.03607177734375
-0.316162109375 0.00939941406250002 0.60906982421875 0.1278076171875
-0.497100830078125 0.12542724609375 0.44940185546875 -0.274169921875
-0.4088134765625 0.16827392578125 0.462158203125 0.01824951171875
-0.3524169921875 0.251800537109375 0.419525146484375 -0.035003662109375
-0.208526611328125 0.32281494140625 0.261093139648437 -0.175582885742187
-0.14715576171875 0.3587646484375 -0.0592422485351563 -0.0762481689453125
0.06024169921875 0.414306640625 -0.064910888671875 0.238983154296875
0.2041015625 0.423797607421875 0.1300048828125 0.432891845703125
0.1580810546875 0.423980712890625 0.22662353515625 0.418914794921875
0.210540771484375 0.455963134765625 0.258148193359375 0.456085205078125
0.077728271484375 0.470733642578125 0.146392822265625 0.415496826171875
-0.0912780761718751 0.49383544921875 0.0279693603515625 0.247482299804688
-0.23492431640625 0.45172119140625 0.0288925170898437 0.112564086914063
-0.496856689453125 0.266632080078125 0.0959854125976562 0.0405731201171875
-0.561737060546875 0.195709228515625 0.241012573242187 0.0171051025390625
-0.5313720703125 0.0991516113281251 0.462127685546875 0.129302978515625
-0.67022705078125 0.22491455078125 0.267120361328125 -0.222808837890625
-0.537322998046875 0.283782958984375 0.38043212890625 0.080596923828125
-0.4478759765625 0.35064697265625 0.4102783203125 -0.036712646484375
-0.285308837890625 0.40576171875 0.258895874023438 -0.2115478515625
-0.24658203125 0.44293212890625 -0.057403564453125 -0.154739379882812
-0.00103759765625003 0.56982421875 -0.0964508056640625 0.116142272949219
0.20062255859375 0.59759521484375 0.03619384765625 0.26715087890625
0.1683349609375 0.581298828125 0.117904663085937 0.235977172851563
0.2490234375 0.63177490234375 0.159698486328125 0.2744140625
0.08697509765625 0.62652587890625 0.111083984375 0.240142822265625
-0.12744140625 0.6358642578125 0.0250396728515625 0.132972717285156
-0.2703857421875 0.556060791015625 0.03472900390625 0.0810623168945313
-0.55224609375 0.3416748046875 0.0461196899414062 0.0858306884765625
-0.6229248046875 0.295654296875 0.103126525878906 0.0948867797851563
-0.6544189453125 0.18585205078125 0.249237060546875 0.148956298828125
-0.72625732421875 0.2886962890625 0.023345947265625 -0.167800903320312
-0.57012939453125 0.33477783203125 0.2396240234375 0.124313354492188
-0.480865478515625 0.36199951171875 0.34967041015625 -0.05267333984375
-0.35247802734375 0.4093017578125 0.2203369140625 -0.243820190429687
-0.3369140625 0.467681884765625 -0.046783447265625 -0.239486694335937
-0.071533203125 0.65631103515625 -0.114097595214844 -0.0474548339843749
0.1685791015625 0.68701171875 -0.0629463195800781 0.0458831787109375
0.15179443359375 0.65264892578125 -0.00887107849121093 0.0142698287963868
0.24493408203125 0.7056884765625 0.0329513549804688 0.0591201782226563
0.0753784179687499 0.67498779296875 0.0479736328125 0.0430908203125
-0.14947509765625 0.656982421875 0.00737667083740233 0.014556884765625
-0.255340576171875 0.544677734375 0.0247268676757812 0.0565147399902344
-0.4967041015625 0.34991455078125 -0.0210418701171875 0.141204833984375
-0.56878662109375 0.34918212890625 -0.0580291748046875 0.180389404296875
-0.67242431640625 0.248779296875 0.00341796874999994 0.182022094726563
-0.64727783203125 0.30169677734375 -0.2354736328125 -0.119369506835937
-0.49432373046875 0.30792236328125 0.050262451171875 0.1400146484375
-0.435882568359375 0.27655029296875 0.238525390625 -0.0565338134765625
-0.3758544921875 0.3291015625 0.162353515625 -0.246719360351563
-0.380859375 0.415863037109375 -0.015777587890625 -0.310577392578125
-0.1219482421875 0.64276123046875 -0.113693237304687 -0.230926513671875
0.119384765625 0.66876220703125 -0.161117553710938 -0.195938110351563
0.11346435546875 0.62152099609375 -0.137496948242188 -0.209335327148437
0.19427490234375 0.66815185546875 -0.091339111328125 -0.155075073242187
0.03094482421875 0.60296630859375 -0.012725830078125 -0.137718200683594
-0.16253662109375 0.544342041015625 -0.0045013427734375 -0.0757064819335937
-0.206268310546875 0.416717529296875 0.00162887573242186 0.0527114868164063
-0.353546142578125 0.286956787109375 -0.105545043945313 0.18438720703125
-0.430206298828125 0.347381591796875 -0.214157104492188 0.237869262695313
-0.59295654296875 0.27899169921875 -0.234161376953125 0.220596313476563
-0.45263671875 0.2716064453125 -0.46014404296875 -0.0846252441406251
-0.330718994140625 0.229248046875 -0.146636962890625 0.132827758789063
-0.30804443359375 0.148406982421875 0.1085205078125 -0.0403900146484375
-0.32293701171875 0.198760986328125 0.107925415039062 -0.223770141601563
-0.345184326171875 0.300323486328125 0.027801513671875 -0.36029052734375
-0.139007568359375 0.52374267578125 -0.10638427734375 -0.401397705078125
0.058807373046875 0.541595458984375 -0.249725341796875 -0.415252685546875
0.059967041015625 0.4949951171875 -0.249481201171875 -0.39788818359375
0.107452392578125 0.531494140625 -0.18408203125 -0.334136962890625
-0.02685546875 0.441497802734375 -0.04388427734375 -0.270111083984375
-0.161346435546875 0.345794677734375 0.00217437744140623 -0.114326477050781
-0.130767822265625 0.228057861328125 -0.034149169921875 0.071746826171875
-0.171310424804687 0.192855834960938 -0.203216552734375 0.19476318359375
-0.252899169921875 0.3013916015625 -0.345062255859375 0.245941162109375
-0.440460205078125 0.26947021484375 -0.43023681640625 0.25665283203125
-0.184341430664062 0.20758056640625 -0.6083984375 -0.0646362304687499
-0.116950988769531 0.135841369628906 -0.3028564453125 0.11279296875
-0.10931396484375 0.0275802612304688 0.00445079803466796 -0.0146560668945312
-0.185211181640625 0.0474395751953125 0.0681610107421875 -0.194091796875
-0.22955322265625 0.133529663085938 0.060272216796875 -0.38189697265625
-0.12225341796875 0.310455322265625 -0.108673095703125 -0.5263671875
-0.00772094726562498 0.324493408203125 -0.321044921875 -0.57073974609375
-0.00256347656250003 0.293487548828125 -0.325592041015625 -0.52252197265625
0.00714111328125002 0.32037353515625 -0.22821044921875 -0.45635986328125
-0.0766143798828125 0.23187255859375 -0.040924072265625 -0.341094970703125
-0.130821228027344 0.127433776855469 0.0178909301757812 -0.101119995117187
-0.0434913635253906 0.0476837158203125 -0.0866012573242188 0.102836608886719
0.000289916992187492 0.10443115234375 -0.30242919921875 0.1614990234375
-0.0797119140625 0.225830078125 -0.439971923828125 0.20306396484375
-0.241958618164063 0.2158203125 -0.56695556640625 0.2830810546875
-0.0130996704101563 -0.131149291992188 0.55255126953125 -0.346954345703125
-0.0965499877929688 -0.105300903320313 0.500823974609375 -0.14178466796875
-0.136192321777344 -0.000961303710937508 0.348541259765625 -0.139129638671875
-0.0610885620117188 0.08135986328125 0.156143188476563 -0.153228759765625
0.037872314453125 0.100906372070313 -0.0716171264648438 0.054229736328125
0.109954833984375 -0.0059356689453125 0.01812744140625 0.36431884765625
0.100067138671875 -0.0563278198242187 0.27349853515625 0.553466796875
0.0694198608398437 -0.0538101196289062 0.35784912109375 0.57305908203125
0.0803451538085938 -0.0800552368164062 0.33795166015625 0.61474609375
0.0944747924804687 -0.0302810668945312 0.1318359375 0.5906982421875
0.106201171875 0.0441131591796875 -0.00653076171875001 0.386505126953125
0.0200881958007813 0.112724304199219 -0.0236968994140625 0.165206909179688
-0.114944458007812 0.0926895141601563 0.101531982421875 0.00337982177734376
-0.156051635742188 -0.014739990234375 0.3369140625 -0.082183837890625
-0.0443496704101563 -0.0762557983398438 0.66064453125 0.11639404296875
-0.257049560546875 0.00366210937500004 0.53594970703125 -0.33685302734375
-0.241317749023438 0.02886962890625 0.506011962890625 -0.0697021484375
-0.239273071289062 0.122894287109375 0.405181884765625 -0.08197021484375
-0.12982177734375 0.205825805664063 0.22381591796875 -0.170425415039063
-0.046722412109375 0.246246337890625 -0.0700454711914063 -0.00825119018554685
0.10784912109375 0.2149658203125 -0.02117919921875 0.326324462890625
0.178985595703125 0.191421508789063 0.226287841796875 0.53472900390625
0.131378173828125 0.200424194335938 0.32525634765625 0.538818359375
0.158355712890625 0.205734252929688 0.33148193359375 0.57904052734375
0.0800933837890625 0.238632202148437 0.154541015625 0.54443359375
-0.00750732421874997 0.283203125 0.009735107421875 0.340789794921875
-0.129913330078125 0.291473388671875 -0.000854492187500009 0.1419677734375
-0.336517333984375 0.182952880859375 0.113967895507812 0.00886535644531251
-0.392730712890625 0.097198486328125 0.32550048828125 -0.0487060546875
-0.316375732421875 0.015838623046875 0.61041259765625 0.11138916015625
-0.4888916015625 0.134490966796875 0.4375 -0.30108642578125
-0.40045166015625 0.17742919921875 0.4744873046875 0.000762939453125011
-0.344268798828125 0.261688232421875 0.43170166015625 -0.05224609375
-0.1954345703125 0.32562255859375 0.259918212890625 -0.194427490234375
-0.137542724609375 0.365692138671875 -0.0682525634765625 -0.0769195556640625
0.072052001953125 0.411834716796875 -0.05999755859375 0.247055053710938
0.2200927734375 0.420318603515625 0.147064208984375 0.438873291015625
0.17266845703125 0.425567626953125 0.244110107421875 0.421356201171875
0.229217529296875 0.455657958984375 0.276092529296875 0.45703125
0.08935546875 0.474395751953125 0.155029296875 0.423095703125
-0.078857421875 0.503265380859375 0.02520751953125 0.25360107421875
-0.226959228515625 0.46051025390625 0.0190277099609375 0.113304138183594
-0.4930419921875 0.28387451171875 0.09033203125 0.0364608764648438
-0.55401611328125 0.217437744140625 0.239501953125 0.010009765625
-0.527435302734375 0.11376953125 0.463958740234375 0.116729736328125
-0.65631103515625 0.2459716796875 0.2552490234375 -0.244247436523437
-0.524383544921875 0.299957275390625 0.39453125 0.066314697265625
-0.430389404296875 0.362884521484375 0.422882080078125 -0.054840087890625
-0.269866943359375 0.40606689453125 0.255828857421875 -0.230438232421875
-0.240020751953125 0.452545166015625 -0.067901611328125 -0.156021118164062
0.0115966796875 0.5740966796875 -0.0931625366210938 0.124237060546875
0.22259521484375 0.59954833984375 0.0485687255859375 0.272384643554688
0.18658447265625 0.58978271484375 0.126571655273438 0.2369384765625
0.2730712890625 0.63507080078125 0.171371459960938 0.274444580078125
0.101806640625 0.63702392578125 0.11529541015625 0.244140625
-0.11383056640625 0.64825439453125 0.0202560424804687 0.13677978515625
-0.26202392578125 0.5650634765625 0.026031494140625 0.0807723999023438
-0.5452880859375 0.356231689453125 0.0444488525390625 0.0848312377929688
-0.60906982421875 0.31866455078125 0.1048583984375 0.0947113037109375
-0.64599609375 0.20648193359375 0.251144409179687 0.145034790039062
-0.70751953125 0.31365966796875 0.0130462646484375 -0.179092407226562
-0.549346923828125 0.35400390625 0.2548828125 0.114120483398438
-0.462371826171875 0.372344970703125 0.360260009765625 -0.069549560546875
-0.33807373046875 0.4105224609375 0.215744018554687 -0.2593994140625
-0.3326416015625 0.479583740234375 -0.0569610595703125 -0.240875244140625
-0.0576171875000001 0.6650390625 -0.112350463867188 -0.0413742065429687
0.1929931640625 0.6953125 -0.0595550537109375 0.0491981506347657
0.17193603515625 0.663818359375 -0.011530876159668 0.0146350860595704
0.27239990234375 0.71112060546875 0.0356407165527344 0.0588226318359375
0.09051513671875 0.68621826171875 0.0467529296875 0.0439453125
-0.13726806640625 0.67034912109375 0.000897407531738274 0.0151901245117188
-0.247222900390625 0.55206298828125 0.0181655883789062 0.056396484375
-0.486968994140625 0.360137939453125 -0.0191192626953125 0.142669677734375
-0.550048828125 0.36724853515625 -0.0530548095703125 0.18572998046875
-0.65887451171875 0.2724609375 0.00764465332031245 0.187286376953125
-0.62603759765625 0.3262939453125 -0.243881225585938 -0.118362426757812
-0.469482421875 0.3260498046875 0.0655364990234375 0.13824462890625
-0.41900634765625 0.28314208984375 0.246902465820313 -0.0692291259765625
-0.368133544921875 0.329498291015625 0.159454345703125 -0.257522583007813
-0.382049560546875 0.431549072265625 -0.023681640625 -0.313629150390625
-0.111328125 0.65594482421875 -0.114395141601563 -0.229171752929687
0.14208984375 0.67864990234375 -0.166549682617188 -0.194747924804687
0.13177490234375 0.63525390625 -0.150039672851563 -0.209808349609375
0.218505859375 0.675537109375 -0.09747314453125 -0.15643310546875
0.04595947265625 0.6156005859375 -0.0194244384765625 -0.140594482421875
-0.154937744140625 0.5565185546875 -0.0114364624023438 -0.0780258178710937
-0.201995849609375 0.41729736328125 -0.00142288208007814 0.0520973205566406
-0.343536376953125 0.289031982421875 -0.101608276367188 0.1898193359375
-0.407470703125 0.358245849609375 -0.207992553710937 0.248611450195313
-0.57818603515625 0.30133056640625 -0.227325439453125 0.234710693359375
-0.431640625 0.289337158203125 -0.46478271484375 -0.0733032226562499
-0.3096923828125 0.24212646484375 -0.133087158203125 0.1395263671875
-0.296112060546875 0.148773193359375 0.116653442382812 -0.046478271484375
-0.32049560546875 0.19769287109375 0.108749389648438 -0.229171752929688
-0.351776123046875 0.313446044921875 0.02294921875 -0.364959716796875
-0.13067626953125 0.5386962890625 -0.109222412109375 -0.405120849609375
0.0780029296875 0.552703857421875 -0.26446533203125 -0.41558837890625
0.073486328125 0.5076904296875 -0.268524169921875 -0.397125244140625
0.126007080078125 0.5401611328125 -0.199005126953125 -0.337493896484375
-0.018218994140625 0.453460693359375 -0.05389404296875 -0.276535034179687
-0.159942626953125 0.354400634765625 -0.00251007080078127 -0.118644714355469
-0.12933349609375 0.222610473632812 -0.03350830078125 0.0741806030273438
-0.1585693359375 0.188278198242188 -0.20159912109375 0.203887939453125
-0.2315673828125 0.309417724609375 -0.340545654296875 0.259857177734375
-0.427093505859375 0.28662109375 -0.420318603515625 0.277313232421875
-0.165573120117188 0.21575927734375 -0.6103515625 -0.0455322265624999
-0.100723266601562 0.143020629882813 -0.291534423828125 0.127166748046875
-0.102493286132813 0.0225753784179688 0.0123062133789062 -0.015350341796875
-0.18707275390625 0.0455169677734375 0.0719451904296875 -0.195022583007812
-0.236373901367188 0.143096923828125 0.060394287109375 -0.38922119140625
-0.118133544921875 0.32373046875 -0.1134033203125 -0.534454345703125
0.00222778320312501 0.33441162109375 -0.34246826171875 -0.57171630859375
0.00399780273437502 0.3028564453125 -0.348052978515625 -0.52288818359375
0.015411376953125 0.328826904296875 -0.246978759765625 -0.4615478515625
-0.0747528076171875 0.241241455078125 -0.05126953125 -0.3489990234375
-0.135002136230469 0.131736755371094 0.0172500610351563 -0.104736328125
-0.0450363159179688 0.0398216247558594 -0.0835952758789063 0.108680725097656
0.012481689453125 0.0967254638671875 -0.305511474609375 0.174407958984375
-0.06298828125 0.228683471679687 -0.439605712890625 0.218048095703125
-0.231033325195312 0.228179931640625 -0.555145263671875 0.310333251953125
-0.0242996215820312 -0.140571594238281 0.5283203125 -0.38427734375
-0.108169555664063 -0.102836608886719 0.505279541015625 -0.171783447265625
-0.143096923828125 0.010284423828125 0.3536376953125 -0.165252685546875
-0.05718994140625 0.0914764404296875 0.151626586914062 -0.172561645507813
0.051361083984375 0.101737976074219 -0.0752487182617188 0.0597763061523438
0.115432739257813 -0.01953125 0.036041259765625 0.373992919921875
0.09722900390625 -0.0702972412109375 0.312530517578125 0.553466796875
0.0673484802246094 -0.0634193420410156 0.3983154296875 0.56982421875
0.0775222778320313 -0.092193603515625 0.376953125 0.6173095703125
0.0962295532226563 -0.0402984619140625 0.15869140625 0.604248046875
0.115104675292969 0.037322998046875 -0.000823974609375 0.399932861328125
0.0286712646484375 0.1175537109375 -0.0321502685546875 0.170822143554688
-0.114830017089844 0.10888671875 0.0874786376953125 -0.00563049316406249
-0.166213989257813 1.5258789062505E-05 0.321990966796875 -0.099761962890625
-0.054962158203125 -0.0798721313476563 0.664794921875 0.08856201171875
-0.257598876953125 0.00663757324218748 0.511016845703125 -0.37530517578125
-0.24359130859375 0.036895751953125 0.51531982421875 -0.098541259765625
-0.237930297851563 0.136245727539063 0.4161376953125 -0.11151123046875
-0.12005615234375 0.214706420898437 0.219207763671875 -0.1954345703125
-0.0302581787109375 0.252410888671875 -0.0782928466796875 -0.0057525634765625
0.122222900390625 0.206497192382813 -0.00643920898437503 0.3367919921875
0.19140625 0.180923461914062 0.26422119140625 0.53717041015625
0.14324951171875 0.19610595703125 0.36322021484375 0.536590576171875
0.1717529296875 0.198471069335938 0.37005615234375 0.580322265625
0.0930938720703125 0.238296508789063 0.180694580078125 0.556854248046875
0.0084228515625 0.287841796875 0.013671875 0.354644775390625
-0.11688232421875 0.3028564453125 -0.01116943359375 0.147979736328125
-0.3328857421875 0.2069091796875 0.101371765136719 0.000968933105468763
-0.390594482421875 0.122406005859375 0.316253662109375 -0.065093994140625
-0.3177490234375 0.026519775390625 0.613525390625 0.085205078125
-0.4794921875 0.15289306640625 0.41204833984375 -0.336212158203125
-0.391510009765625 0.19439697265625 0.488037109375 -0.026611328125
-0.33172607421875 0.277801513671875 0.445648193359375 -0.082611083984375
-0.17950439453125 0.33050537109375 0.253402709960938 -0.221939086914062
-0.120880126953125 0.377471923828125 -0.0801773071289063 -0.0755767822265625
0.093841552734375 0.41107177734375 -0.04864501953125 0.258407592773437
0.24676513671875 0.4146728515625 0.17822265625 0.44281005859375
0.1982421875 0.428802490234375 0.2752685546875 0.419464111328125
0.258453369140625 0.45416259765625 0.308746337890625 0.456878662109375
0.11309814453125 0.482818603515625 0.174774169921875 0.432891845703125
-0.054962158203125 0.5179443359375 0.0261383056640625 0.265609741210938
-0.210906982421875 0.476806640625 0.00845336914062499 0.119338989257813
-0.484649658203125 0.311767578125 0.0823135375976562 0.0322265625
-0.54046630859375 0.249481201171875 0.235794067382812 -0.000305175781249985
-0.52117919921875 0.13653564453125 0.46795654296875 0.098724365234375
-0.63690185546875 0.27325439453125 0.232437133789062 -0.269149780273438
-0.50091552734375 0.3255615234375 0.411346435546875 0.0408935546875
-0.4090576171875 0.38140869140625 0.43634033203125 -0.08544921875
-0.25048828125 0.411651611328125 0.247711181640625 -0.257476806640625
-0.2259521484375 0.469329833984375 -0.0824127197265625 -0.155471801757812
0.0349731445312501 0.5811767578125 -0.0859909057617187 0.134681701660156
0.259765625 0.60003662109375 0.068450927734375 0.277496337890625
0.22235107421875 0.59796142578125 0.142578125 0.237655639648437
0.31353759765625 0.636962890625 0.190597534179688 0.274688720703125
0.13330078125 0.65057373046875 0.1268310546875 0.249832153320313
-0.086669921875 0.66864013671875 0.0171661376953125 0.144638061523438
-0.24420166015625 0.58319091796875 0.016571044921875 0.0855484008789063
-0.534637451171875 0.3828125 0.0425872802734375 0.0840072631835938
-0.585693359375 0.34722900390625 0.107749938964844 0.09271240234375
-0.6304931640625 0.2362060546875 0.257980346679687 0.138839721679688
-0.68170166015625 0.34832763671875 -0.00643920898437504 -0.189712524414062
-0.5198974609375 0.38201904296875 0.2738037109375 0.096160888671875
-0.43743896484375 0.387847900390625 0.370849609375 -0.09814453125
-0.3209228515625 0.41619873046875 0.206695556640625 -0.282257080078125
-0.325225830078125 0.50244140625 -0.073089599609375 -0.24163818359375
-0.03125 0.68365478515625 -0.110435485839844 -0.0347976684570312
0.23675537109375 0.70184326171875 -0.0538253784179687 0.0539703369140625
0.20947265625 0.67730712890625 -0.0119657516479492 0.016200065612793
0.31878662109375 0.71661376953125 0.0394744873046875 0.0584678649902344
0.12542724609375 0.705078125 0.0466194152832031 0.0453033447265625
-0.11114501953125 0.692626953125 -0.00675964355468751 0.019460678100586
-0.23358154296875 0.566162109375 0.0109901428222656 0.059234619140625
-0.474090576171875 0.377166748046875 -0.0163116455078125 0.14703369140625
-0.521728515625 0.39300537109375 -0.0445556640625 0.193389892578125
-0.6392822265625 0.30450439453125 0.017791748046875 0.194534301757813
-0.5938720703125 0.35784912109375 -0.258193969726563 -0.112960815429688
-0.436309814453125 0.347625732421875 0.0854263305664062 0.132308959960938
-0.396209716796875 0.292144775390625 0.255508422851563 -0.0894775390625
-0.35693359375 0.336029052734375 0.151962280273437 -0.273834228515625
-0.38055419921875 0.458099365234375 -0.03741455078125 -0.31842041015625
-0.087890625 0.68145751953125 -0.118743896484375 -0.229248046875
0.18243408203125 0.69189453125 -0.177047729492187 -0.1917724609375
0.166748046875 0.65081787109375 -0.167282104492188 -0.206344604492187
0.2606201171875 0.68310546875 -0.110260009765625 -0.155975341796875
0.0745849609374999 0.6341552734375 -0.0308380126953125 -0.14349365234375
-0.137939453125 0.5789794921875 -0.02239990234375 -0.0783462524414062
-0.1944580078125 0.42376708984375 -0.00555419921875002 0.0547027587890625
-0.3304443359375 0.295989990234375 -0.09649658203125 0.198486328125
-0.377227783203125 0.374237060546875 -0.19830322265625 0.263412475585938
-0.55535888671875 0.33197021484375 -0.213150024414063 0.255401611328125
-0.400543212890625 0.31097412109375 -0.47540283203125 -0.0534667968749999
-0.27789306640625 0.255416870117188 -0.11376953125 0.145965576171875
-0.282073974609375 0.14971923828125 0.12567138671875 -0.0571365356445312
-0.318359375 0.2022705078125 0.107742309570313 -0.238113403320313
-0.353851318359375 0.3406982421875 0.0128784179687499 -0.37518310546875
-0.11151123046875 0.56329345703125 -0.120452880859375 -0.412628173828125
0.11083984375 0.5673828125 -0.289947509765625 -0.414337158203125
0.1005859375 0.52294921875 -0.299835205078125 -0.393463134765625
0.157501220703125 0.551361083984375 -0.22332763671875 -0.337371826171875
0.00195312499999996 0.471832275390625 -0.072265625 -0.283050537109375
-0.153839111328125 0.371124267578125 -0.0114364624023438 -0.121749877929687
-0.12908935546875 0.22198486328125 -0.033660888671875 0.0785980224609375
-0.145828247070312 0.18267822265625 -0.1973876953125 0.220123291015625
-0.203277587890625 0.316864013671875 -0.334014892578125 0.280517578125
-0.405670166015625 0.3116455078125 -0.40087890625 0.308197021484375
-0.1409912109375 0.224624633789062 -0.61572265625 -0.01690673828125
-0.077728271484375 0.14739990234375 -0.273284912109375 0.144668579101562
-0.0960693359375 0.0142669677734375 0.0223426818847656 -0.0173892974853516
-0.192413330078125 0.0477142333984375 0.075592041015625 -0.199432373046875
-0.243057250976562 0.161529541015625 0.05377197265625 -0.40338134765625
-0.1075439453125 0.343505859375 -0.132781982421875 -0.546844482421875
0.0218505859375 0.347320556640625 -0.3787841796875 -0.5682373046875
0.01873779296875 0.3162841796875 -0.385986328125 -0.516693115234375
0.032806396484375 0.34124755859375 -0.279998779296875 -0.462066650390625
-0.067169189453125 0.25543212890625 -0.072601318359375 -0.358642578125
-0.1380615234375 0.141845703125 0.0132980346679687 -0.109413146972656
-0.0493125915527344 0.0323905944824219 -0.0797882080078125 0.118759155273438
0.02484130859375 0.0840072631835938 -0.306549072265625 0.196533203125
-0.0399932861328125 0.23101806640625 -0.4373779296875 0.243408203125
-0.213546752929688 0.2442626953125 -0.532562255859375 0.348419189453125
-0.0424957275390625 -0.144866943359375 0.4808349609375 -0.4150390625
-0.122207641601563 -0.093841552734375 0.4990234375 -0.207427978515625
-0.147109985351563 0.029449462890625 0.34832763671875 -0.199310302734375
-0.0480422973632812 0.102043151855469 0.138427734375 -0.1944580078125
0.0669174194335938 0.0973358154296875 -0.0744400024414062 0.0657958984375
0.115890502929688 -0.0373992919921875 0.06243896484375 0.375457763671875
0.088958740234375 -0.0853195190429688 0.363616943359375 0.5345458984375
0.0606613159179688 -0.0742416381835938 0.447784423828125 0.545318603515625
0.0680923461914063 -0.104949951171875 0.4281005859375 0.59991455078125
0.0936431884765625 -0.0532608032226563 0.19781494140625 0.60784912109375
0.123161315917969 0.0248031616210938 0.012451171875 0.412567138671875
0.0414886474609375 0.119667053222656 -0.03961181640625 0.181991577148438
-0.107177734375 0.127822875976563 0.0657196044921875 -0.0104827880859375
-0.172744750976563 0.0206756591796875 0.29541015625 -0.11676025390625
-0.0695266723632813 -0.0794448852539062 0.65765380859375 0.05181884765625
-0.25787353515625 0.012359619140625 0.46051025390625 -0.40679931640625
-0.243072509765625 0.04852294921875 0.5140380859375 -0.136627197265625
-0.230514526367188 0.152328491210937 0.4166259765625 -0.15087890625
-0.104095458984375 0.221221923828125 0.203460693359375 -0.223739624023438
-0.00842285156250003 0.254135131835938 -0.0850677490234375 0.000213623046875021
0.136795043945313 0.191009521484375 0.017578125 0.342529296875
0.203750610351562 0.162246704101562 0.31231689453125 0.52264404296875
0.157073974609375 0.184600830078125 0.410125732421875 0.514495849609375
0.186065673828125 0.18389892578125 0.41973876953125 0.5638427734375
0.109024047851562 0.230743408203125 0.219512939453125 0.56207275390625
0.030120849609375 0.28515625 0.025787353515625 0.368560791015625
-0.095611572265625 0.311553955078125 -0.0193328857421875 0.159683227539063
-0.31573486328125 0.2342529296875 0.0822601318359375 -0.00351715087890624
-0.377777099609375 0.152069091796875 0.295654296875 -0.080322265625
-0.31549072265625 0.041259765625 0.60638427734375 0.05316162109375
-0.458984375 0.17041015625 0.3642578125 -0.36273193359375
-0.37359619140625 0.21240234375 0.49127197265625 -0.0660400390625
-0.30975341796875 0.292022705078125 0.448211669921875 -0.125152587890625
-0.157501220703125 0.333160400390625 0.23553466796875 -0.25177001953125
-0.096466064453125 0.383880615234375 -0.0925216674804688 -0.0697708129882812
0.120147705078125 0.401641845703125 -0.029022216796875 0.266036987304688
0.277679443359375 0.396575927734375 0.220001220703125 0.43463134765625
0.229888916015625 0.41815185546875 0.311920166015625 0.404693603515625
0.293914794921875 0.437896728515625 0.348419189453125 0.44390869140625
0.14654541015625 0.48028564453125 0.20721435546875 0.433990478515625
-0.022216796875 0.5234375 0.033782958984375 0.278152465820313
-0.183349609375 0.490966796875 -0.000671386718750021 0.131027221679688
-0.46075439453125 0.3426513671875 0.07012939453125 0.0308952331542969
-0.511474609375 0.28021240234375 0.2259521484375 -0.0106048583984375
-0.5013427734375 0.16082763671875 0.466094970703125 0.075836181640625
-0.60009765625 0.30108642578125 0.19281005859375 -0.285736083984375
-0.46533203125 0.3470458984375 0.419586181640625 0.00485229492187502
-0.374755859375 0.391632080078125 0.437225341796875 -0.127716064453125
-0.22552490234375 0.41143798828125 0.22637939453125 -0.285736083984375
-0.200469970703125 0.48419189453125 -0.0994415283203125 -0.14910888671875
0.07232666015625 0.58184814453125 -0.072418212890625 0.14337158203125
0.3055419921875 0.5870361328125 0.095916748046875 0.275131225585938
0.26727294921875 0.59124755859375 0.163848876953125 0.230865478515625
0.3653564453125 0.6202392578125 0.215744018554688 0.266448974609375
0.18182373046875 0.651123046875 0.144775390625 0.251434326171875
-0.044189453125 0.6827392578125 0.018035888671875 0.156036376953125
-0.21282958984375 0.5989990234375 0.00868225097656248 0.0953903198242188
-0.50970458984375 0.410614013671875 0.038543701171875 0.085235595703125
-0.546478271484375 0.373809814453125 0.110374450683594 0.0902557373046875
-0.6004638671875 0.2652587890625 0.264328002929687 0.128631591796875
-0.6309814453125 0.3765869140625 -0.0355377197265625 -0.191650390625
-0.471771240234375 0.40228271484375 0.287872314453125 0.067535400390625
-0.39990234375 0.39373779296875 0.371124267578125 -0.136444091796875
-0.29791259765625 0.4169921875 0.18487548828125 -0.30572509765625
-0.302398681640625 0.527252197265625 -0.0924530029296875 -0.23699951171875
0.0107421875 0.69415283203125 -0.105880737304687 -0.0280380249023437
0.29083251953125 0.69329833984375 -0.0447883605957031 0.0575866699218751
0.262451171875 0.6748046875 -0.0108757019042969 0.0188350677490235
0.3785400390625 0.7034912109375 0.0453834533691406 0.0582771301269532
0.17779541015625 0.7081298828125 0.0481224060058594 0.0477981567382813
-0.06768798828125 0.7109375 -0.0142097473144531 0.0280876159667969
-0.2071533203125 0.5797119140625 0.00363922119140623 0.0665969848632813
-0.45281982421875 0.39434814453125 -0.0114593505859375 0.150802612304688
-0.47698974609375 0.409088134765625 -0.031890869140625 0.198776245117188
-0.59930419921875 0.3343505859375 0.0344696044921875 0.198043823242188
-0.541107177734375 0.381744384765625 -0.27337646484375 -0.09893798828125
-0.3857421875 0.360260009765625 0.105400085449219 0.116020202636719
-0.366912841796875 0.2926025390625 0.256240844726563 -0.118621826171875
-0.342803955078125 0.339569091796875 0.136688232421875 -0.2894287109375
-0.36334228515625 0.490325927734375 -0.05792236328125 -0.319366455078125
-0.0450439453124999 0.70001220703125 -0.125961303710938 -0.227447509765625
0.2386474609375 0.68975830078125 -0.188095092773437 -0.182952880859375
0.21832275390625 0.65264892578125 -0.185760498046875 -0.194320678710937
0.3170166015625 0.6756591796875 -0.12408447265625 -0.148544311523437
0.12158203125 0.64251708984375 -0.0451202392578125 -0.139610290527344
-0.10382080078125 0.59820556640625 -0.0350723266601563 -0.0725250244140624
-0.1796875 0.43206787109375 -0.0102119445800781 0.0602951049804688
-0.3126220703125 0.296630859375 -0.08599853515625 0.207839965820313
-0.33428955078125 0.37982177734375 -0.179580688476563 0.277542114257813
-0.5118408203125 0.356109619140625 -0.185440063476563 0.271591186523438
-0.352081298828125 0.32489013671875 -0.477081298828125 -0.0248718261718749
-0.234832763671875 0.257415771484375 -0.0887603759765625 0.145645141601563
-0.265090942382813 0.144378662109375 0.131629943847656 -0.0743789672851562
-0.31451416015625 0.210968017578125 0.100677490234375 -0.24945068359375
-0.343994140625 0.37164306640625 -0.00512695312500004 -0.38299560546875
-0.07550048828125 0.58416748046875 -0.140380859375 -0.415771484375
0.15753173828125 0.5699462890625 -0.320068359375 -0.39996337890625
0.140716552734375 0.529632568359375 -0.33441162109375 -0.373504638671875
0.203582763671875 0.55078125 -0.253753662109375 -0.322998046875
0.034210205078125 0.482696533203125 -0.09796142578125 -0.281112670898437
-0.136444091796875 0.388580322265625 -0.0246810913085938 -0.121124267578125
-0.12786865234375 0.2225341796875 -0.0322647094726563 0.0847015380859375
-0.132888793945313 0.170425415039063 -0.185897827148438 0.237747192382813
-0.164337158203125 0.312774658203125 -0.31536865234375 0.3023681640625
-0.365447998046875 0.32977294921875 -0.36480712890625 0.33416748046875
-0.106414794921875 0.2247314453125 -0.60809326171875 0.01934814453125
-0.047332763671875 0.1422119140625 -0.244171142578125 0.157318115234375
-0.0928192138671875 0.00186920166015626 0.034332275390625 -0.0243282318115234
-0.198944091796875 0.0529022216796875 0.078033447265625 -0.2080078125
-0.241912841796875 0.185791015625 0.0374755859375 -0.417449951171875
-0.083984375 0.363250732421875 -0.160888671875 -0.553009033203125
0.05108642578125 0.355072021484375 -0.42181396484375 -0.551727294921875
0.04327392578125 0.325164794921875 -0.431182861328125 -0.491485595703125
0.0604248046875 0.348663330078125 -0.31976318359375 -0.445556640625
-0.0509185791015625 0.269638061523438 -0.1019287109375 -0.36016845703125
-0.1368408203125 0.155776977539063 0.00540924072265624 -0.111618041992187
-0.0575675964355469 0.0268173217773438 -0.0707015991210938 0.128959655761719
0.0345268249511719 0.0638198852539063 -0.29840087890625 0.225677490234375
-0.00970458984375002 0.222686767578125 -0.42254638671875 0.271514892578125
-0.183700561523438 0.2559814453125 -0.4879150390625 0.3809814453125
-0.061920166015625 -0.140762329101563 0.42010498046875 -0.415313720703125
-0.132286071777344 -0.0765380859375 0.477020263671875 -0.234344482421875
-0.141326904296875 0.0491790771484375 0.3292236328125 -0.2288818359375
-0.033660888671875 0.108535766601562 0.117141723632812 -0.2095947265625
0.079986572265625 0.0860671997070313 -0.0714035034179688 0.0698928833007812
0.107688903808594 -0.0548095703125 0.087890625 0.364044189453125
0.0733184814453125 -0.0959854125976563 0.401153564453125 0.494659423828125
0.0481948852539062 -0.0818252563476563 0.48309326171875 0.500335693359375
0.0524673461914063 -0.112869262695312 0.46734619140625 0.56439208984375
0.0855636596679688 -0.0655746459960938 0.23388671875 0.5950927734375
0.124458312988281 0.0088653564453125 0.029144287109375 0.41912841796875
0.0548934936523437 0.115333557128906 -0.0430450439453125 0.196578979492188
-0.0905914306640625 0.143096923828125 0.0407485961914062 -0.00337982177734374
-0.169525146484375 0.0453033447265625 0.261276245117188 -0.115753173828125
-0.0844879150390625 -0.070587158203125 0.634033203125 0.0263671875
-0.254867553710938 0.0158233642578125 0.398956298828125 -0.406219482421875
-0.23736572265625 0.060150146484375 0.49560546875 -0.1690673828125
-0.216522216796875 0.164215087890625 0.39898681640625 -0.188629150390625
-0.0865020751953125 0.221099853515625 0.176834106445313 -0.243316650390625
0.011932373046875 0.244903564453125 -0.088897705078125 0.00788879394531251
0.14337158203125 0.16949462890625 0.042205810546875 0.335235595703125
0.205963134765625 0.138717651367188 0.350372314453125 0.48553466796875
0.164154052734375 0.16815185546875 0.44451904296875 0.47259521484375
0.191741943359375 0.164169311523437 0.457244873046875 0.5302734375
0.120254516601563 0.2161865234375 0.253692626953125 0.54803466796875
0.0493011474609375 0.272079467773438 0.042327880859375 0.376800537109375
-0.07232666015625 0.30828857421875 -0.0245361328125 0.17645263671875
-0.2880859375 0.25048828125 0.0596771240234375 0.00353240966796877
-0.3519287109375 0.17327880859375 0.26788330078125 -0.0817108154296875
-0.306427001953125 0.052520751953125 0.58502197265625 0.0289306640625
-0.43310546875 0.1744384765625 0.306793212890625 -0.36053466796875
-0.34564208984375 0.2178955078125 0.4766845703125 -0.100860595703125
-0.283843994140625 0.2921142578125 0.43072509765625 -0.16650390625
-0.13653564453125 0.325103759765625 0.20489501953125 -0.27288818359375
-0.0709228515625 0.37896728515625 -0.10174560546875 -0.0587615966796875
0.140106201171875 0.38067626953125 -0.00743103027343751 0.264007568359375
0.2977294921875 0.3651123046875 0.254486083984375 0.40716552734375
0.25506591796875 0.394500732421875 0.340301513671875 0.372344970703125
0.319854736328125 0.406341552734375 0.37982177734375 0.41351318359375
0.17633056640625 0.462188720703125 0.235748291015625 0.42242431640625
0.013336181640625 0.5130615234375 0.0458984375 0.28839111328125
-0.151397705078125 0.488525390625 -0.00544738769531252 0.147613525390625
-0.4271240234375 0.356475830078125 0.0545997619628906 0.0373191833496094
-0.46978759765625 0.293853759765625 0.209823608398437 -0.0125579833984375
-0.471038818359375 0.171661376953125 0.454132080078125 0.05926513671875
-0.552032470703125 0.303741455078125 0.146286010742187 -0.279129028320313
-0.418548583984375 0.344970703125 0.41082763671875 -0.030975341796875
-0.340057373046875 0.383056640625 0.418792724609375 -0.169281005859375
-0.202423095703125 0.397674560546875 0.194091796875 -0.303131103515625
-0.172088623046875 0.485107421875 -0.1123046875 -0.135879516601562
0.10504150390625 0.5654296875 -0.0559539794921875 0.14501953125
0.34246826171875 0.55169677734375 0.121795654296875 0.259841918945313
0.30718994140625 0.56390380859375 0.180709838867188 0.212936401367188
0.40765380859375 0.58197021484375 0.23590087890625 0.247604370117188
0.22686767578125 0.6292724609375 0.16204833984375 0.245468139648438
0.00238037109374998 0.6732177734375 0.0225372314453125 0.16802978515625
-0.1788330078125 0.5966796875 0.00315093994140623 0.110923767089844
-0.47589111328125 0.419677734375 0.033172607421875 0.0900192260742188
-0.4976806640625 0.377655029296875 0.109672546386719 0.088165283203125
-0.554473876953125 0.27276611328125 0.2659912109375 0.117080688476563
-0.5689697265625 0.3768310546875 -0.064910888671875 -0.178741455078125
-0.413604736328125 0.390869140625 0.28668212890625 0.03515625
-0.365325927734375 0.3765869140625 0.351806640625 -0.17303466796875
-0.278533935546875 0.405548095703125 0.155029296875 -0.317108154296875
-0.274200439453125 0.53863525390625 -0.108428955078125 -0.22381591796875
0.0554809570312499 0.684326171875 -0.0983428955078125 -0.0235214233398437
0.339111328125 0.65997314453125 -0.03350830078125 0.0559234619140625
0.30908203125 0.6495361328125 -0.00790214538574217 0.0193252563476563
0.427734375 0.66448974609375 0.0515022277832032 0.0563240051269532
0.22998046875 0.6875 0.0505104064941406 0.0508346557617188
-0.0189208984375 0.7086181640625 -0.0179481506347656 0.0419464111328125
-0.1788330078125 0.57879638671875 -0.00128936767578125 0.0791778564453125
-0.426483154296875 0.394927978515625 -0.00762939453125003 0.1533203125
-0.42926025390625 0.399169921875 -0.0179443359375 0.198196411132813
-0.5472412109375 0.33624267578125 0.0528106689453124 0.192840576171875
-0.477996826171875 0.3760986328125 -0.282440185546875 -0.0788879394531249
-0.330352783203125 0.34283447265625 0.115577697753906 0.0914535522460938
-0.34124755859375 0.271331787109375 0.243682861328125 -0.146499633789062
-0.329803466796875 0.335357666015625 0.115386962890625 -0.2987060546875
-0.335723876953125 0.5107421875 -0.075897216796875 -0.30999755859375
0.00341796874999993 0.6978759765625 -0.130447387695313 -0.222091674804687
0.289306640625 0.6617431640625 -0.193756103515625 -0.169876098632813
0.2662353515625 0.6334228515625 -0.196441650390625 -0.1761474609375
0.3687744140625 0.643798828125 -0.132339477539062 -0.133720397949219
0.1708984375 0.628173828125 -0.0562286376953125 -0.128692626953125
-0.0653076171875 0.6009521484375 -0.0451736450195313 -0.0600357055664062
-0.164642333984375 0.432891845703125 -0.0132598876953125 0.0698165893554688
-0.297332763671875 0.287261962890625 -0.0741729736328125 0.212005615234375
-0.2913818359375 0.360565185546875 -0.156478881835938 0.280166625976562
-0.46063232421875 0.353179931640625 -0.151123046875 0.271209716796875
-0.299468994140625 0.310455322265625 -0.46734619140625 -0.00146484374999992
-0.190994262695312 0.23638916015625 -0.0655288696289063 0.131431579589844
-0.25311279296875 0.125335693359375 0.130119323730469 -0.0941619873046875
-0.30950927734375 0.212982177734375 0.0908660888671875 -0.25885009765625
-0.32208251953125 0.395050048828125 -0.0244445800781251 -0.3814697265625
-0.0311279296874999 0.58966064453125 -0.157623291015625 -0.410308837890625
0.201904296875 0.553375244140625 -0.341522216796875 -0.37310791015625
0.181793212890625 0.517578125 -0.356842041015625 -0.339813232421875
0.24639892578125 0.530426025390625 -0.27423095703125 -0.29583740234375
0.0716552734375 0.47943115234375 -0.120193481445312 -0.265762329101562
-0.1126708984375 0.398223876953125 -0.0373306274414063 -0.11175537109375
-0.128921508789063 0.222366333007813 -0.0291366577148438 0.0915145874023438
-0.127944946289063 0.150619506835938 -0.167953491210938 0.249160766601562
-0.12921142578125 0.28765869140625 -0.288543701171875 0.312347412109375
-0.320892333984375 0.32525634765625 -0.316925048828125 0.33795166015625
-0.07177734375 0.205078125 -0.58453369140625 0.04522705078125
-0.0212326049804687 0.118904113769531 -0.211196899414062 0.152786254882813
-0.0961837768554688 -0.014312744140625 0.0440483093261719 -0.0387001037597656
-0.202850341796875 0.06048583984375 0.0770721435546875 -0.219345092773438
-0.23089599609375 0.207748413085937 0.017486572265625 -0.423583984375
-0.052825927734375 0.371307373046875 -0.191162109375 -0.54644775390625
0.0814208984375 0.3492431640625 -0.456298828125 -0.51544189453125
0.069061279296875 0.32269287109375 -0.46124267578125 -0.44989013671875
0.089813232421875 0.3431396484375 -0.3507080078125 -0.41192626953125
-0.0280303955078125 0.275344848632813 -0.1302490234375 -0.3448486328125
-0.129791259765625 0.168319702148437 -0.00392150878906251 -0.109031677246094
-0.0696983337402344 0.0247535705566406 -0.0587692260742188 0.136138916015625
0.0327606201171875 0.0382461547851563 -0.278045654296875 0.248641967773437
0.0147552490234375 0.198562622070313 -0.397705078125 0.290283203125
-0.150115966796875 0.249496459960938 -0.428314208984375 0.38787841796875
-0.0762481689453125 -0.129959106445313 0.378814697265625 -0.383636474609375
-0.132957458496094 -0.0577468872070312 0.457305908203125 -0.244049072265625
-0.128021240234375 0.0640029907226562 0.306121826171875 -0.2449951171875
-0.01947021484375 0.107894897460938 0.0955963134765625 -0.214996337890625
0.0860061645507813 0.072357177734375 -0.0686492919921875 0.0702438354492187
0.0943527221679688 -0.0656585693359375 0.100433349609375 0.343780517578125
0.0566329956054688 -0.0991973876953125 0.41363525390625 0.45245361328125
0.03570556640625 -0.0828628540039063 0.49462890625 0.457000732421875
0.037017822265625 -0.113204956054687 0.48370361328125 0.527374267578125
0.07330322265625 -0.0722427368164063 0.2562255859375 0.5775146484375
0.120223999023437 -0.00518035888671875 0.0423583984375 0.42449951171875
0.0637283325195313 0.107986450195313 -0.04339599609375 0.214981079101563
-0.0717315673828125 0.1494140625 0.0215263366699219 0.0170536041259766
-0.158126831054688 0.0654449462890625 0.2364501953125 -0.0954437255859375
-0.0934524536132813 -0.056640625 0.6103515625 0.02398681640625
-0.255172729492188 0.0142517089843751 0.356109619140625 -0.3740234375
-0.230300903320312 0.0655364990234375 0.47650146484375 -0.18243408203125
-0.203689575195312 0.167449951171875 0.373626708984375 -0.211883544921875
-0.0745849609375 0.214523315429687 0.148910522460938 -0.250244140625
0.0224761962890625 0.231613159179687 -0.0908889770507813 0.0140228271484375
0.139480590820312 0.151351928710938 0.055084228515625 0.320587158203125
0.19781494140625 0.121734619140625 0.367523193359375 0.44757080078125
0.161834716796875 0.1551513671875 0.45526123046875 0.431121826171875
0.18853759765625 0.14813232421875 0.4736328125 0.4921875
0.121734619140625 0.201416015625 0.27496337890625 0.53057861328125
0.05584716796875 0.255630493164063 0.05474853515625 0.383453369140625
-0.058197021484375 0.297515869140625 -0.02392578125 0.1971435546875
-0.2640380859375 0.249267578125 0.0425491333007812 0.0231094360351563
-0.32684326171875 0.177520751953125 0.24664306640625 -0.0664520263671875
-0.298736572265625 0.0530395507812501 0.56268310546875 0.0302734375
-0.41748046875 0.160369873046875 0.26727294921875 -0.327545166015625
-0.327545166015625 0.2083740234375 0.457244873046875 -0.11865234375
-0.27001953125 0.280242919921875 0.404327392578125 -0.193084716796875
-0.126922607421875 0.31048583984375 0.174072265625 -0.278854370117188
-0.05877685546875 0.367584228515625 -0.106170654296875 -0.0482711791992187
0.1473388671875 0.35986328125 0.00688171386718748 0.254241943359375
0.301300048828125 0.337615966796875 0.2706298828125 0.375
0.2635498046875 0.372283935546875 0.35009765625 0.33953857421875
0.32733154296875 0.37701416015625 0.393798828125 0.383331298828125
0.191253662109375 0.439239501953125 0.25372314453125 0.408050537109375
0.03125 0.494598388671875 0.057220458984375 0.29705810546875
-0.1336669921875 0.476165771484375 -0.0043792724609375 0.16827392578125
-0.402008056640625 0.35009765625 0.0438117980957031 0.0535926818847656
-0.436981201171875 0.283447265625 0.198562622070312 -0.00279235839843748
-0.4505615234375 0.16015625 0.440216064453125 0.05804443359375
-0.521240234375 0.277862548828125 0.11474609375 -0.249664306640625
-0.3887939453125 0.319580078125 0.393402099609375 -0.0521240234375
-0.32598876953125 0.3560791015625 0.389404296875 -0.194183349609375
-0.19793701171875 0.37939453125 0.163848876953125 -0.305145263671875
-0.15692138671875 0.480255126953125 -0.117774963378906 -0.1221923828125
0.123138427734375 0.54339599609375 -0.0437393188476563 0.139930725097656
0.357635498046875 0.51678466796875 0.135726928710938 0.238510131835938
0.32415771484375 0.53472900390625 0.187698364257813 0.19403076171875
0.426177978515625 0.54266357421875 0.245895385742188 0.229446411132813
0.250244140625 0.6007080078125 0.17352294921875 0.23846435546875
0.0306396484375 0.653564453125 0.0302734375 0.179046630859375
-0.160888671875 0.5853271484375 0.00415802001953123 0.129989624023438
-0.454437255859375 0.4091796875 0.0283660888671875 0.100181579589844
-0.46575927734375 0.35601806640625 0.1087646484375 0.09130859375
-0.52703857421875 0.24932861328125 0.265060424804687 0.112167358398438
-0.528961181640625 0.3411865234375 -0.083221435546875 -0.154342651367187
-0.378692626953125 0.352386474609375 0.273910522460938 0.01220703125
-0.35504150390625 0.340850830078125 0.32421875 -0.194488525390625
-0.278472900390625 0.388702392578125 0.129241943359375 -0.316192626953125
-0.25634765625 0.5394287109375 -0.115142822265625 -0.210342407226562
0.08270263671875 0.66522216796875 -0.0904388427734375 -0.0249786376953125
0.36358642578125 0.6229248046875 -0.025543212890625 0.0492324829101563
0.3350830078125 0.61761474609375 -0.00554370880126951 0.0171394348144532
0.4525146484375 0.62054443359375 0.0570793151855469 0.0531768798828125
0.26171875 0.65576171875 0.0552330017089844 0.0539436340332032
0.0137939453125001 0.69287109375 -0.01556396484375 0.0566978454589844
-0.16455078125 0.571533203125 -0.00145721435546876 0.0950622558593751
-0.4156494140625 0.381744384765625 -0.00604248046875003 0.157806396484375
-0.403106689453125 0.36767578125 -0.0106048583984375 0.19403076171875
-0.515777587890625 0.307220458984375 0.06494140625 0.1817626953125
-0.436737060546875 0.33349609375 -0.2857666015625 -0.061737060546875
-0.29925537109375 0.29638671875 0.113197326660156 0.0679244995117188
-0.339202880859375 0.237945556640625 0.2236328125 -0.165695190429687
-0.32958984375 0.32586669921875 0.097412109375 -0.30010986328125
-0.31658935546875 0.518829345703125 -0.08477783203125 -0.30010986328125
0.03656005859375 0.6829833984375 -0.130966186523438 -0.219192504882812
0.3182373046875 0.628173828125 -0.193771362304688 -0.161636352539062
0.29278564453125 0.60394287109375 -0.198867797851562 -0.160873413085937
0.39617919921875 0.604248046875 -0.131675720214844 -0.120292663574219
0.20159912109375 0.603759765625 -0.0592193603515625 -0.115730285644531
-0.0367431640624999 0.59295654296875 -0.04833984375 -0.0437240600585937
-0.1595458984375 0.43048095703125 -0.0129623413085938 0.0814590454101563
-0.299591064453125 0.27093505859375 -0.066314697265625 0.213851928710938
-0.273712158203125 0.32373046875 -0.141494750976563 0.275131225585938
-0.431060791015625 0.32177734375 -0.126739501953125 0.253753662109375
-0.26800537109375 0.269424438476563 -0.45477294921875 0.00790405273437509
-0.168899536132813 0.19232177734375 -0.0557403564453125 0.10821533203125
-0.259140014648437 0.09942626953125 0.122146606445312 -0.112052917480469
-0.31121826171875 0.2122802734375 0.081939697265625 -0.264724731445313
-0.303955078125 0.4085693359375 -0.03680419921875 -0.37786865234375
0.00207519531249996 0.5799560546875 -0.168304443359375 -0.404449462890625
0.232086181640625 0.52520751953125 -0.348388671875 -0.351226806640625
0.206634521484375 0.49700927734375 -0.361785888671875 -0.310150146484375
0.27154541015625 0.502410888671875 -0.27838134765625 -0.269729614257813
0.10003662109375 0.465087890625 -0.129379272460937 -0.24609375
-0.092681884765625 0.399749755859375 -0.0432891845703125 -0.0987548828125
-0.134246826171875 0.224197387695312 -0.0256195068359375 0.0983200073242188
-0.139007568359375 0.130378723144531 -0.1527099609375 0.253631591796875
-0.118133544921875 0.250381469726562 -0.2696533203125 0.310394287109375
-0.293121337890625 0.2962646484375 -0.28167724609375 0.315582275390625
-0.054412841796875 0.171295166015625 -0.5631103515625 0.0478515625000001
-0.0116653442382812 0.085357666015625 -0.189743041992188 0.130523681640625
-0.109855651855469 -0.0305862426757813 0.0468101501464844 -0.0578079223632812
-0.208404541015625 0.0676116943359375 0.07440185546875 -0.231857299804688
-0.218002319335938 0.221084594726562 0.00271606445312502 -0.426849365234375
-0.027374267578125 0.36761474609375 -0.209075927734375 -0.535400390625
0.104339599609375 0.3358154296875 -0.467559814453125 -0.481689453125
0.08905029296875 0.314117431640625 -0.471893310546875 -0.411529541015625
0.1119384765625 0.33038330078125 -0.361602783203125 -0.3779296875
-0.00846862792968753 0.2725830078125 -0.143829345703125 -0.324432373046875
-0.120712280273438 0.177001953125 -0.00849151611328125 -0.102012634277344
-0.0821075439453125 0.0281982421875 -0.0482254028320313 0.139015197753906
0.0185070037841797 0.0166740417480469 -0.257217407226563 0.2607421875
0.022552490234375 0.167449951171875 -0.376800537109375 0.2935791015625
-0.128631591796875 0.22705078125 -0.3870849609375 0.36065673828125
-0.084228515625 -0.117477416992188 0.37396240234375 -0.34283447265625
-0.126968383789062 -0.0439453125 0.4495849609375 -0.24713134765625
-0.114295959472656 0.0706863403320312 0.288726806640625 -0.252471923828125
-0.009246826171875 0.103462219238281 0.080291748046875 -0.215499877929687
0.0869674682617188 0.0614471435546875 -0.0690727233886719 0.0694389343261719
0.0819473266601563 -0.0701980590820313 0.100341796875 0.33074951171875
0.0430679321289062 -0.0961990356445312 0.413299560546875 0.4244384765625
0.026763916015625 -0.0796890258789063 0.49285888671875 0.43218994140625
0.0255508422851563 -0.109298706054688 0.48760986328125 0.506072998046875
0.062225341796875 -0.0734710693359375 0.2667236328125 0.57098388671875
0.113151550292969 -0.0143661499023438 0.052093505859375 0.4326171875
0.0680313110351563 0.100395202636719 -0.038818359375 0.235122680664063
-0.0562744140625 0.150054931640625 0.0143814086914063 0.0436630249023438
-0.143722534179688 0.07757568359375 0.231704711914063 -0.0673065185546875
-0.0964279174804688 -0.0429000854492188 0.60467529296875 0.03814697265625
-0.262832641601562 0.0123443603515625 0.350616455078125 -0.331085205078125
-0.228057861328125 0.066802978515625 0.467864990234375 -0.188201904296875
-0.198577880859375 0.167327880859375 0.352935791015625 -0.22314453125
-0.0703125 0.20849609375 0.128707885742188 -0.2493896484375
0.0240631103515625 0.22186279296875 -0.0923995971679688 0.017974853515625
0.13140869140625 0.142684936523438 0.05853271484375 0.30950927734375
0.188446044921875 0.114700317382813 0.368743896484375 0.419647216796875
0.156707763671875 0.149749755859375 0.454437255859375 0.40557861328125
0.182281494140625 0.141632080078125 0.47857666015625 0.470947265625
0.1165771484375 0.194091796875 0.286529541015625 0.520782470703125
0.05426025390625 0.24444580078125 0.0667724609375 0.391693115234375
-0.055694580078125 0.288482666015625 -0.0174407958984375 0.219024658203125
-0.251937866210937 0.2425537109375 0.0373954772949219 0.048492431640625
-0.31219482421875 0.1729736328125 0.243621826171875 -0.0422515869140625
-0.299346923828125 0.049163818359375 0.55987548828125 0.044647216796875
-0.422607421875 0.14166259765625 0.259368896484375 -0.2889404296875
-0.325164794921875 0.194305419921875 0.447662353515625 -0.125762939453125
-0.273284912109375 0.270156860351563 0.380218505859375 -0.204833984375
-0.131622314453125 0.30194091796875 0.152755737304688 -0.2757568359375
-0.05780029296875 0.3609619140625 -0.107734680175781 -0.0410537719726562
0.14288330078125 0.347198486328125 0.011932373046875 0.244979858398438
0.29766845703125 0.3212890625 0.27374267578125 0.34991455078125
0.26361083984375 0.359161376953125 0.34857177734375 0.318145751953125
0.32769775390625 0.36114501953125 0.398773193359375 0.36346435546875
0.193634033203125 0.423980712890625 0.2630615234375 0.399322509765625
0.036376953125 0.481109619140625 0.068756103515625 0.304901123046875
-0.13116455078125 0.467376708984375 0.0042877197265625 0.190521240234375
-0.396575927734375 0.339569091796875 0.0416641235351562 0.0750198364257813
-0.426910400390625 0.26629638671875 0.197906494140625 0.0128936767578125
-0.45172119140625 0.139739990234375 0.43994140625 0.066680908203125
-0.521575927734375 0.242279052734375 0.106948852539062 -0.2159423828125
-0.387542724609375 0.2890625 0.380828857421875 -0.05999755859375
-0.337677001953125 0.334686279296875 0.36474609375 -0.2041015625
-0.209228515625 0.369171142578125 0.143585205078125 -0.2998046875
-0.1558837890625 0.477813720703125 -0.119781494140625 -0.113235473632812
0.126739501953125 0.53057861328125 -0.036956787109375 0.132080078125
0.3597412109375 0.494476318359375 0.139053344726563 0.2210693359375
0.330230712890625 0.51788330078125 0.1865234375 0.180191040039063
0.428497314453125 0.518218994140625 0.251251220703125 0.21673583984375
0.25927734375 0.5782470703125 0.182586669921875 0.233352661132813
0.04156494140625 0.64111328125 0.0403594970703125 0.189605712890625
-0.15777587890625 0.5797119140625 0.011871337890625 0.149505615234375
-0.457183837890625 0.39959716796875 0.0290756225585937 0.1148681640625
-0.462890625 0.327789306640625 0.110336303710937 0.0969390869140625
-0.529876708984375 0.2191162109375 0.267990112304688 0.111480712890625
-0.528106689453125 0.294342041015625 -0.0889739990234375 -0.128883361816406
-0.38079833984375 0.308349609375 0.260589599609375 0.00149536132812502
-0.374542236328125 0.3135986328125 0.30023193359375 -0.2012939453125
-0.29248046875 0.38116455078125 0.112823486328125 -0.311370849609375
-0.25244140625 0.543975830078125 -0.1170654296875 -0.201751708984375
0.09228515625 0.65179443359375 -0.08624267578125 -0.0306320190429687
0.373779296875 0.59759521484375 -0.0235557556152344 0.0402145385742188
0.34600830078125 0.59820556640625 -0.00611019134521482 0.0136442184448243
0.46044921875 0.591552734375 0.0624313354492188 0.0494155883789063
0.27484130859375 0.63250732421875 0.0622215270996094 0.0557746887207032
0.0284423828125 0.679443359375 -0.00881195068359374 0.0693359375
-0.16412353515625 0.5712890625 0.004302978515625 0.112098693847656
-0.4266357421875 0.373382568359375 -0.00502014160156254 0.166152954101563
-0.407379150390625 0.335845947265625 -0.00787353515625001 0.192459106445313
-0.520355224609375 0.269805908203125 0.0696868896484375 0.170745849609375
-0.4349365234375 0.283172607421875 -0.28717041015625 -0.048858642578125
-0.3043212890625 0.247100830078125 0.1024169921875 0.05328369140625
-0.36376953125 0.2125244140625 0.204330444335937 -0.1739501953125
-0.345306396484375 0.325286865234375 0.086517333984375 -0.298797607421875
-0.31036376953125 0.52752685546875 -0.088165283203125 -0.296142578125
0.05413818359375 0.671630859375 -0.1304931640625 -0.223907470703125
0.33258056640625 0.6026611328125 -0.193984985351562 -0.16070556640625
0.3076171875 0.58502197265625 -0.19915771484375 -0.153839111328125
0.4073486328125 0.5765380859375 -0.127403259277344 -0.113990783691406
0.21820068359375 0.58306884765625 -0.0547027587890625 -0.106887817382812
-0.02117919921875 0.58709716796875 -0.0447921752929688 -0.029510498046875
-0.1630859375 0.434906005859375 -0.00910186767578127 0.0947723388671875
-0.317169189453125 0.2618408203125 -0.0624847412109375 0.218231201171875
-0.284027099609375 0.29046630859375 -0.138442993164063 0.268630981445313
-0.434234619140625 0.285430908203125 -0.120956420898438 0.232772827148437
-0.267486572265625 0.224197387695313 -0.45367431640625 0.00912475585937503
-0.17645263671875 0.149276733398438 -0.0601043701171875 0.0880966186523438
-0.284698486328125 0.0809936523437499 0.109764099121094 -0.125297546386719
-0.322601318359375 0.217498779296875 0.0742034912109375 -0.2720947265625
-0.29437255859375 0.41845703125 -0.04302978515625 -0.379119873046875
0.01983642578125 0.57061767578125 -0.173095703125 -0.405487060546875
0.24560546875 0.505889892578125 -0.350372314453125 -0.33935546875
0.220184326171875 0.481842041015625 -0.36224365234375 -0.294586181640625
0.285369873046875 0.47918701171875 -0.275650024414063 -0.254592895507812
0.115814208984375 0.450592041015625 -0.128204345703125 -0.2327880859375
-0.079986572265625 0.40045166015625 -0.0419464111328125 -0.0864334106445312
-0.141677856445312 0.232162475585938 -0.0209579467773438 0.106071472167969
-0.1612548828125 0.1209716796875 -0.14434814453125 0.256423950195313
-0.128555297851562 0.220382690429688 -0.264739990234375 0.30377197265625
-0.293731689453125 0.26336669921875 -0.2757568359375 0.286376953125
-0.05743408203125 0.137481689453125 -0.55694580078125 0.0387573242187501
-0.0207710266113281 0.055145263671875 -0.188400268554688 0.105850219726562
-0.132331848144531 -0.0394744873046875 0.0416107177734375 -0.0763702392578125
-0.214981079101563 0.0759735107421875 0.06878662109375 -0.246109008789063
-0.209365844726563 0.231475830078125 -0.00717163085937497 -0.432464599609375
-0.01043701171875 0.362518310546875 -0.22088623046875 -0.533721923828125
0.1182861328125 0.322784423828125 -0.47210693359375 -0.46282958984375
0.10137939453125 0.30560302734375 -0.46826171875 -0.387542724609375
0.12445068359375 0.31781005859375 -0.3604736328125 -0.35711669921875
0.00555419921875003 0.2672119140625 -0.1470947265625 -0.31072998046875
-0.113067626953125 0.184173583984375 -0.00890350341796876 -0.09527587890625
-0.0926895141601563 0.0368576049804688 -0.0408172607421875 0.141036987304688
-0.0024261474609375 0.00540351867675781 -0.2430419921875 0.265365600585938
0.0142822265625 0.141372680664063 -0.369964599609375 0.291229248046875
-0.126678466796875 0.202407836914063 -0.377593994140625 0.32476806640625
-0.087921142578125 -0.108283996582031 0.399749755859375 -0.318267822265625
-0.120254516601562 -0.03692626953125 0.458404541015625 -0.25433349609375
-0.104179382324219 0.0720977783203125 0.28094482421875 -0.2603759765625
-0.00345611572265625 0.0985946655273438 0.070770263671875 -0.217056274414063
0.0864791870117188 0.054351806640625 -0.0725479125976562 0.0700302124023438
0.073394775390625 -0.0703201293945313 0.0960693359375 0.329498291015625
0.0342178344726563 -0.0918426513671875 0.413604736328125 0.415802001953125
0.0208663940429687 -0.0756072998046875 0.495025634765625 0.42535400390625
0.019561767578125 -0.105278015136719 0.498199462890625 0.5028076171875
0.0547027587890625 -0.0720672607421875 0.2789306640625 0.578125
0.106452941894531 -0.0191574096679688 0.062896728515625 0.447601318359375
0.0703125 0.095947265625 -0.0279998779296875 0.256118774414063
-0.0453948974609375 0.148330688476563 0.0192146301269531 0.0687751770019531
-0.131668090820313 0.084442138671875 0.245162963867188 -0.0460052490234375
-0.0962295532226563 -0.0326995849609375 0.626220703125 0.0540771484375
-0.278289794921875 0.011566162109375 0.373138427734375 -0.3057861328125
-0.2315673828125 0.0683746337890625 0.47454833984375 -0.195770263671875
-0.200836181640625 0.169784545898438 0.34222412109375 -0.2298583984375
-0.0713653564453125 0.2076416015625 0.117752075195313 -0.248641967773437
0.0228271484375 0.221145629882812 -0.0958175659179688 0.0220565795898438
0.12481689453125 0.142120361328125 0.056671142578125 0.307708740234375
0.18267822265625 0.11505126953125 0.3704833984375 0.409515380859375
0.154296875 0.152618408203125 0.45758056640625 0.39752197265625
0.180023193359375 0.141937255859375 0.487335205078125 0.46612548828125
0.113143920898437 0.195053100585938 0.29913330078125 0.526153564453125
0.0490570068359375 0.243179321289063 0.07879638671875 0.406402587890625
-0.059417724609375 0.2884521484375 -0.00444030761718748 0.24041748046875
-0.254074096679688 0.23919677734375 0.044097900390625 0.073150634765625
-0.311065673828125 0.16827392578125 0.257232666015625 -0.0235137939453125
-0.3111572265625 0.047332763671875 0.5804443359375 0.05853271484375
-0.447418212890625 0.131439208984375 0.279067993164063 -0.262115478515625
-0.33953857421875 0.186370849609375 0.45111083984375 -0.131134033203125
-0.289093017578125 0.270294189453125 0.368316650390625 -0.210296630859375
-0.142547607421875 0.304779052734375 0.141555786132812 -0.273727416992188
-0.060882568359375 0.36724853515625 -0.110664367675781 -0.0359954833984375
0.140472412109375 0.34893798828125 0.0117034912109375 0.242401123046875
0.29522705078125 0.31866455078125 0.27447509765625 0.339996337890625
0.26580810546875 0.360504150390625 0.349945068359375 0.309326171875
0.329010009765625 0.35784912109375 0.406982421875 0.358306884765625
0.193878173828125 0.423492431640625 0.27593994140625 0.400909423828125
0.03546142578125 0.482086181640625 0.08154296875 0.317169189453125
-0.137725830078125 0.474212646484375 0.0189056396484375 0.210250854492188
-0.409820556640625 0.3385009765625 0.0496597290039062 0.095306396484375
-0.43914794921875 0.253692626953125 0.209945678710937 0.0257110595703125
-0.47552490234375 0.127685546875 0.45703125 0.076751708984375
-0.55291748046875 0.221771240234375 0.118392944335937 -0.190811157226563
-0.4097900390625 0.27001953125 0.378631591796875 -0.063201904296875
-0.36785888671875 0.33087158203125 0.3507080078125 -0.207183837890625
-0.2274169921875 0.3760986328125 0.133453369140625 -0.297393798828125
-0.16021728515625 0.491302490234375 -0.122093200683594 -0.109306335449219
0.12921142578125 0.5335693359375 -0.0367813110351563 0.127410888671875
0.363525390625 0.48785400390625 0.13836669921875 0.211380004882813
0.3360595703125 0.51702880859375 0.184783935546875 0.174835205078125
0.435272216796875 0.510467529296875 0.257980346679688 0.210708618164063
0.2645263671875 0.57568359375 0.193145751953125 0.23309326171875
0.04443359375 0.64447021484375 0.0522308349609375 0.200546264648438
-0.16552734375 0.59222412109375 0.025909423828125 0.167572021484375
-0.47882080078125 0.40234375 0.0356369018554687 0.130615234375
-0.484100341796875 0.31494140625 0.117485046386719 0.103851318359375
-0.561676025390625 0.19830322265625 0.277267456054687 0.112960815429688
-0.56256103515625 0.26287841796875 -0.08587646484375 -0.110092163085938
-0.41021728515625 0.281890869140625 0.253799438476563 -0.000686645507812483
-0.41522216796875 0.308837890625 0.2850341796875 -0.202972412109375
-0.31695556640625 0.39202880859375 0.105682373046875 -0.309906005859375
-0.25823974609375 0.5614013671875 -0.119293212890625 -0.200729370117187
0.0996704101562499 0.65582275390625 -0.0872726440429688 -0.03875732421875
0.380126953125 0.58941650390625 -0.0262317657470703 0.0329265594482422
0.35491943359375 0.59674072265625 -0.0094032287597656 0.0113344192504883
0.46929931640625 0.581298828125 0.0670585632324219 0.0451202392578125
0.2816162109375 0.62548828125 0.0707168579101563 0.055389404296875
0.03546142578125 0.68353271484375 0.00115203857421875 0.080474853515625
-0.16986083984375 0.5869140625 0.0161666870117188 0.128395080566406
-0.45330810546875 0.380767822265625 -0.000442504882812524 0.17742919921875
-0.437225341796875 0.322540283203125 -0.00656127929687503 0.195785522460938
-0.5552978515625 0.24755859375 0.070037841796875 0.163589477539063
-0.46783447265625 0.247711181640625 -0.29278564453125 -0.038330078125
-0.335784912109375 0.21466064453125 0.0911636352539062 0.0479888916015625
-0.407012939453125 0.206817626953125 0.190582275390625 -0.177947998046875
-0.36871337890625 0.337554931640625 0.079376220703125 -0.30224609375
-0.31329345703125 0.547882080078125 -0.09210205078125 -0.300689697265625
0.0634765625 0.67584228515625 -0.13543701171875 -0.234176635742188
0.3428955078125 0.59185791015625 -0.199264526367188 -0.164321899414062
0.31842041015625 0.5833740234375 -0.203765869140625 -0.152618408203125
0.41796875 0.56610107421875 -0.123756408691406 -0.11578369140625
0.22650146484375 0.57476806640625 -0.0491180419921875 -0.10540771484375
-0.01190185546875 0.5924072265625 -0.0377006530761719 -0.0191688537597656
-0.168243408203125 0.4537353515625 -0.000381469726562515 0.107322692871094
-0.345428466796875 0.26898193359375 -0.0602264404296875 0.226852416992188
-0.312713623046875 0.27874755859375 -0.142333984375 0.27117919921875
-0.46533203125 0.26470947265625 -0.128952026367188 0.218536376953125
-0.294769287109375 0.19061279296875 -0.46624755859375 0.0104675292968751
-0.204986572265625 0.120452880859375 -0.0732269287109375 0.0772628784179688
-0.321197509765625 0.078033447265625 0.0973281860351562 -0.134429931640625
-0.339324951171875 0.23095703125 0.067352294921875 -0.28253173828125
-0.293548583984375 0.435943603515625 -0.051116943359375 -0.3887939453125
0.0307617187499999 0.572021484375 -0.182464599609375 -0.4168701171875
0.2569580078125 0.49664306640625 -0.359619140625 -0.33978271484375
0.232025146484375 0.478973388671875 -0.366363525390625 -0.289947509765625
0.29583740234375 0.470733642578125 -0.274948120117188 -0.253219604492188
0.12451171875 0.444854736328125 -0.125900268554687 -0.231277465820312
-0.072784423828125 0.40789794921875 -0.0373001098632813 -0.0788116455078125
-0.148666381835937 0.248306274414062 -0.0149459838867188 0.115638732910156
-0.1883544921875 0.1253662109375 -0.141876220703125 0.263427734375
-0.153778076171875 0.206298828125 -0.2725830078125 0.307373046875
-0.317474365234375 0.244354248046875 -0.291015625 0.267242431640625
-0.0751953125 0.113639831542969 -0.5758056640625 0.0321044921875001
-0.0409927368164063 0.0355377197265625 -0.201797485351563 0.089874267578125
-0.156997680664063 -0.0386199951171875 0.0303497314453125 -0.0917129516601563
-0.223587036132813 0.0885162353515625 0.0608367919921875 -0.262863159179688
-0.205535888671875 0.243072509765625 -0.01739501953125 -0.4451904296875
0.000335693359374961 0.3619384765625 -0.23284912109375 -0.5443115234375
0.127593994140625 0.315399169921875 -0.48162841796875 -0.459930419921875
0.111541748046875 0.302398681640625 -0.473907470703125 -0.380096435546875
0.1328125 0.312042236328125 -0.361663818359375 -0.352630615234375
0.0140838623046875 0.264297485351563 -0.14642333984375 -0.308319091796875
-0.107681274414063 0.191497802734375 -0.00563049316406251 -0.0912933349609375
-0.100090026855469 0.0489349365234375 -0.035675048828125 0.145294189453125
-0.0238513946533203 0.00441551208496093 -0.23822021484375 0.272369384765625
-0.00157928466796874 0.127540588378906 -0.378387451171875 0.297454833984375
-0.138580322265625 0.187728881835938 -0.398040771484375 0.30072021484375
-0.0915908813476562 -0.102340698242188 0.438201904296875 -0.3218994140625
-0.116409301757813 -0.0334548950195312 0.472076416015625 -0.277801513671875
-0.0984344482421875 0.0730438232421875 0.277679443359375 -0.274993896484375
0.000228881835937497 0.0957794189453125 0.0630340576171875 -0.223709106445313
0.08740234375 0.0501251220703125 -0.0770492553710938 0.0736923217773437
0.0675125122070313 -0.0713653564453125 0.09808349609375 0.338592529296875
0.0281524658203125 -0.0882034301757813 0.429168701171875 0.414825439453125
0.0172348022460937 -0.073211669921875 0.514892578125 0.4232177734375
0.014862060546875 -0.103614807128906 0.52734375 0.508544921875
0.0500335693359375 -0.0708694458007813 0.306640625 0.59515380859375
0.102104187011719 -0.0220565795898438 0.0819091796875 0.46923828125
0.0737228393554688 0.0938339233398438 -0.0118255615234375 0.277481079101563
-0.036224365234375 0.148757934570313 0.0319442749023437 0.0898895263671875
-0.121734619140625 0.0905532836914063 0.269668579101563 -0.0376739501953125
-0.0956497192382813 -0.0240478515625 0.6671142578125 0.05291748046875
-0.299652099609375 0.02081298828125 0.40966796875 -0.306671142578125
-0.2408447265625 0.074981689453125 0.488372802734375 -0.217498779296875
-0.206497192382813 0.179794311523438 0.33935546875 -0.24334716796875
-0.07342529296875 0.214569091796875 0.109893798828125 -0.254150390625
0.0258026123046875 0.227554321289063 -0.100357055664062 0.0269317626953125
0.1253662109375 0.145156860351563 0.0584716796875 0.31573486328125
0.184341430664063 0.11865234375 0.3824462890625 0.4075927734375
0.159927368164063 0.158615112304688 0.474334716796875 0.39532470703125
0.186004638671875 0.146331787109375 0.516326904296875 0.468048095703125
0.115127563476563 0.202041625976563 0.325927734375 0.5394287109375
0.047821044921875 0.25 0.098419189453125 0.42431640625
-0.061737060546875 0.2991943359375 0.015167236328125 0.260940551757813
-0.261383056640625 0.246078491210938 0.0589828491210937 0.0924606323242188
-0.318878173828125 0.173492431640625 0.281463623046875 -0.01739501953125
-0.33154296875 0.05413818359375 0.61944580078125 0.057373046875
-0.483123779296875 0.14019775390625 0.30987548828125 -0.25848388671875
-0.36187744140625 0.193450927734375 0.4627685546875 -0.14862060546875
-0.308624267578125 0.28643798828125 0.364532470703125 -0.221038818359375
-0.1507568359375 0.321014404296875 0.134567260742188 -0.279266357421875
-0.05938720703125 0.385955810546875 -0.115928649902344 -0.0315093994140625
0.147308349609375 0.358001708984375 0.0127716064453125 0.246780395507813
0.30523681640625 0.32220458984375 0.2840576171875 0.337982177734375
0.279296875 0.370269775390625 0.3603515625 0.30950927734375
0.3448486328125 0.361358642578125 0.429473876953125 0.357940673828125
0.20245361328125 0.4334716796875 0.2977294921875 0.406768798828125
0.038909912109375 0.497833251953125 0.10052490234375 0.3323974609375
-0.141082763671875 0.496826171875 0.0400543212890625 0.2281494140625
-0.430267333984375 0.356658935546875 0.06512451171875 0.112190246582031
-0.46142578125 0.26123046875 0.230392456054687 0.0298309326171875
-0.513641357421875 0.134490966796875 0.4881591796875 0.073944091796875
-0.60125732421875 0.226806640625 0.138076782226563 -0.182479858398437
-0.44512939453125 0.2750244140625 0.3876953125 -0.073211669921875
-0.4000244140625 0.35455322265625 0.345977783203125 -0.213409423828125
-0.243804931640625 0.401947021484375 0.127655029296875 -0.30279541015625
-0.16046142578125 0.521392822265625 -0.127944946289063 -0.107643127441406
0.14202880859375 0.54931640625 -0.0382156372070313 0.126609802246094
0.3809814453125 0.492279052734375 0.140731811523438 0.209197998046875
0.357818603515625 0.527374267578125 0.188262939453125 0.173828125
0.456207275390625 0.51312255859375 0.272125244140625 0.2064208984375
0.279296875 0.58428955078125 0.209854125976563 0.233795166015625
0.05596923828125 0.663818359375 0.0685882568359375 0.211090087890625
-0.1666259765625 0.6219482421875 0.0467071533203125 0.182968139648438
-0.505706787109375 0.430633544921875 0.0482940673828125 0.145416259765625
-0.516693115234375 0.325653076171875 0.129631042480469 0.1085205078125
-0.6103515625 0.20947265625 0.294921875 0.1094970703125
-0.61529541015625 0.26397705078125 -0.0807342529296876 -0.0973587036132812
-0.454833984375 0.281402587890625 0.255569458007812 -0.00296020507812498
-0.459381103515625 0.3333740234375 0.279266357421875 -0.20684814453125
-0.33758544921875 0.4234619140625 0.098663330078125 -0.317138671875
-0.25799560546875 0.6002197265625 -0.127838134765625 -0.203933715820312
0.11688232421875 0.67333984375 -0.0931015014648437 -0.045562744140625
0.40252685546875 0.59307861328125 -0.0320758819580078 0.0297489166259766
0.37933349609375 0.60601806640625 -0.0149126052856445 0.0111017227172852
0.49517822265625 0.583740234375 0.071990966796875 0.0399322509765625
0.29998779296875 0.63397216796875 0.0795440673828125 0.0523223876953125
0.0502319335937499 0.7039794921875 0.0130615234375 0.088043212890625
-0.16796875 0.62091064453125 0.0323944091796875 0.141815185546875
-0.4815673828125 0.41162109375 0.00814819335937498 0.191543579101563
-0.473602294921875 0.3363037109375 -0.00350952148437501 0.203567504882813
-0.6077880859375 0.2564697265625 0.0711669921875 0.160751342773438
-0.5191650390625 0.241302490234375 -0.302825927734375 -0.025390625
-0.380615234375 0.211700439453125 0.0840835571289062 0.0488433837890625
-0.454986572265625 0.228851318359375 0.180877685546875 -0.1806640625
-0.389434814453125 0.36962890625 0.071136474609375 -0.312530517578125
-0.3111572265625 0.5865478515625 -0.104248046875 -0.31005859375
0.0821533203125 0.69183349609375 -0.148025512695312 -0.246871948242187
0.36517333984375 0.59600830078125 -0.213775634765625 -0.167587280273438
0.34246826171875 0.590576171875 -0.215866088867187 -0.15155029296875
0.44158935546875 0.5665283203125 -0.127578735351563 -0.120933532714844
0.24517822265625 0.5802001953125 -0.047271728515625 -0.110076904296875
0.00378417968750005 0.6114501953125 -0.0292606353759766 -0.0127811431884765
-0.167755126953125 0.484405517578125 0.0128936767578125 0.119560241699219
-0.375 0.297607421875 -0.0549774169921875 0.2413330078125
-0.34619140625 0.289306640625 -0.147216796875 0.284088134765625
-0.511627197265625 0.270751953125 -0.143600463867188 0.217010498046875
-0.33587646484375 0.181121826171875 -0.490234375 0.0216674804687499
-0.242645263671875 0.112655639648437 -0.0879898071289063 0.0768508911132812
-0.36114501953125 0.094696044921875 0.084747314453125 -0.140640258789063
-0.35528564453125 0.257568359375 0.05609130859375 -0.29656982421875
-0.290985107421875 0.4674072265625 -0.06640625 -0.4036865234375
0.04888916015625 0.5859375 -0.2021484375 -0.43402099609375
0.27734375 0.497467041015625 -0.379974365234375 -0.34429931640625
0.2532958984375 0.485107421875 -0.384521484375 -0.2882080078125
0.31488037109375 0.470703125 -0.28564453125 -0.256622314453125
0.138275146484375 0.448211669921875 -0.128692626953125 -0.236846923828125
-0.06085205078125 0.422882080078125 -0.03216552734375 -0.0748748779296875
-0.149520874023438 0.271957397460938 -0.00558471679687501 0.125862121582031
-0.212539672851563 0.143402099609375 -0.13916015625 0.2784423828125
-0.180007934570313 0.210494995117187 -0.282470703125 0.325164794921875
-0.3505859375 0.247283935546875 -0.318695068359375 0.268218994140625
-0.0994033813476563 0.104248046875 -0.6082763671875 0.0413208007812501
-0.0645332336425781 0.0281829833984375 -0.222335815429688 0.086181640625
-0.181900024414063 -0.02886962890625 0.0159759521484375 -0.103012084960938
-0.23089599609375 0.105926513671875 0.04595947265625 -0.279739379882813
-0.202713012695313 0.261688232421875 -0.03594970703125 -0.465240478515625
0.012908935546875 0.36962890625 -0.257720947265625 -0.5621337890625
0.141143798828125 0.314849853515625 -0.50799560546875 -0.459564208984375
0.1241455078125 0.30523681640625 -0.494293212890625 -0.378448486328125
0.14556884765625 0.311859130859375 -0.377685546875 -0.356231689453125
0.023284912109375 0.266708374023438 -0.152557373046875 -0.3143310546875
-0.101821899414063 0.201248168945312 -0.00201416015625 -0.0909652709960937
-0.104034423828125 0.0627899169921875 -0.028411865234375 0.1529541015625
-0.0425376892089844 0.0113258361816406 -0.235870361328125 0.287078857421875
-0.0180892944335938 0.125473022460938 -0.39178466796875 0.31793212890625
-0.156097412109375 0.186370849609375 -0.432342529296875 0.302001953125
-0.0972442626953125 -0.0963211059570313 0.469879150390625 -0.355133056640625
-0.116287231445312 -0.0308609008789063 0.478790283203125 -0.317718505859375
-0.0949630737304687 0.0755462646484375 0.26934814453125 -0.29876708984375
0.0028839111328125 0.0949935913085938 0.0509185791015625 -0.23455810546875
0.0907058715820313 0.0455169677734375 -0.0798416137695313 0.0805892944335937
0.0620346069335938 -0.0734024047851563 0.110565185546875 0.34918212890625
0.0224609375 -0.0861663818359375 0.45867919921875 0.409271240234375
0.0136871337890625 -0.071563720703125 0.550506591796875 0.41253662109375
0.00944519042968749 -0.103691101074219 0.5765380859375 0.50042724609375
0.0454788208007812 -0.0714569091796875 0.35406494140625 0.605712890625
0.0997085571289063 -0.0259780883789063 0.116058349609375 0.489227294921875
0.0784835815429688 0.0909805297851563 0.013671875 0.2955322265625
-0.0267333984375 0.150192260742188 0.0516357421875 0.103324890136719
-0.112388610839844 0.097015380859375 0.295684814453125 -0.0465087890625
-0.0952377319335938 -0.0153350830078125 0.71630859375 0.02288818359375
-0.320281982421875 0.0416259765625 0.44036865234375 -0.33685302734375
-0.249191284179687 0.089324951171875 0.49713134765625 -0.25628662109375
-0.209014892578125 0.199142456054687 0.33294677734375 -0.26617431640625
-0.0691986083984375 0.226531982421875 0.0981597900390625 -0.265731811523437
0.03582763671875 0.236160278320313 -0.104789733886719 0.0347976684570313
0.132232666015625 0.147872924804687 0.06976318359375 0.32537841796875
0.192520141601563 0.118698120117188 0.409698486328125 0.4017333984375
0.172775268554688 0.161331176757813 0.50592041015625 0.385406494140625
0.198272705078125 0.145278930664063 0.56195068359375 0.457061767578125
0.125839233398438 0.208694458007813 0.37005615234375 0.543792724609375
0.05548095703125 0.260910034179688 0.131256103515625 0.441192626953125
-0.05474853515625 0.3165283203125 0.0438232421875 0.276412963867188
-0.26507568359375 0.2662353515625 0.0803756713867187 0.103408813476563
-0.3250732421875 0.1904296875 0.307220458984375 -0.02728271484375
-0.3521728515625 0.0751953125 0.6651611328125 0.0289306640625
-0.517974853515625 0.17315673828125 0.334564208984375 -0.27874755859375
-0.3804931640625 0.219390869140625 0.474578857421875 -0.1800537109375
-0.319000244140625 0.321807861328125 0.3603515625 -0.24066162109375
-0.14715576171875 0.347076416015625 0.12371826171875 -0.29132080078125
-0.04229736328125 0.410186767578125 -0.122535705566406 -0.02471923828125
0.16583251953125 0.367034912109375 0.019927978515625 0.25439453125
0.327239990234375 0.321075439453125 0.30389404296875 0.334991455078125
0.307220458984375 0.372711181640625 0.38177490234375 0.3023681640625
0.37274169921875 0.358001708984375 0.464874267578125 0.3463134765625
0.227874755859375 0.442413330078125 0.33392333984375 0.406005859375
0.06024169921875 0.517669677734375 0.129791259765625 0.3428955078125
-0.127960205078125 0.529205322265625 0.068939208984375 0.2396240234375
-0.4423828125 0.39593505859375 0.0860366821289062 0.121307373046875
-0.47894287109375 0.2901611328125 0.251983642578125 0.021881103515625
-0.550445556640625 0.167388916015625 0.5224609375 0.050048828125
-0.64984130859375 0.265380859375 0.155670166015625 -0.1888427734375
-0.4752197265625 0.30743408203125 0.398040771484375 -0.09466552734375
-0.420684814453125 0.40093994140625 0.342681884765625 -0.22869873046875
-0.2435302734375 0.442138671875 0.1163330078125 -0.3148193359375
-0.13958740234375 0.561431884765625 -0.139007568359375 -0.103195190429687
0.17132568359375 0.56396484375 -0.0378646850585938 0.129547119140625
0.41357421875 0.4901123046875 0.149505615234375 0.206832885742188
0.39752197265625 0.5313720703125 0.198577880859375 0.171340942382813
0.49737548828125 0.506561279296875 0.292816162109375 0.19573974609375
0.31292724609375 0.593017578125 0.232666015625 0.2293701171875
0.08819580078125 0.68817138671875 0.0907745361328125 0.21844482421875
-0.1439208984375 0.66497802734375 0.0732879638671875 0.191818237304688
-0.519561767578125 0.4833984375 0.067596435546875 0.15521240234375
-0.542694091796875 0.363861083984375 0.1456298828125 0.107131958007813
-0.65728759765625 0.24896240234375 0.315521240234375 0.09564208984375
-0.668701171875 0.30072021484375 -0.0761184692382813 -0.0885467529296875
-0.491485595703125 0.311767578125 0.261199951171875 -0.0122222900390625
-0.4892578125 0.386505126953125 0.273956298828125 -0.21612548828125
-0.339263916015625 0.471954345703125 0.08544921875 -0.3297119140625
-0.23486328125 0.65069580078125 -0.14410400390625 -0.20513916015625
0.15313720703125 0.695068359375 -0.103736877441406 -0.0489959716796875
0.44012451171875 0.5904541015625 -0.037933349609375 0.0302810668945313
0.4259033203125 0.61041259765625 -0.0188350677490234 0.0139350891113282
0.53912353515625 0.57452392578125 0.0759506225585938 0.0323562622070313
0.33746337890625 0.63970947265625 0.0884475708007813 0.0463714599609375
0.08782958984375 0.72869873046875 0.027923583984375 0.0932922363281251
-0.1424560546875 0.66339111328125 0.055023193359375 0.149642944335938
-0.497161865234375 0.467803955078125 0.024383544921875 0.204299926757813
-0.499176025390625 0.377532958984375 0.00639343261718748 0.21331787109375
-0.65618896484375 0.30084228515625 0.075103759765625 0.158706665039063
-0.568603515625 0.27056884765625 -0.313140869140625 -0.00283813476562492
-0.42071533203125 0.234771728515625 0.0835647583007812 0.0503692626953125
-0.4893798828125 0.278045654296875 0.172439575195312 -0.186904907226563
-0.395751953125 0.420318603515625 0.0546875 -0.32611083984375
-0.28814697265625 0.6376953125 -0.1275634765625 -0.317596435546875
0.12042236328125 0.713623046875 -0.170730590820313 -0.256195068359375
0.40411376953125 0.59326171875 -0.23486328125 -0.164291381835937
0.3856201171875 0.59375 -0.234039306640625 -0.144073486328125
0.4842529296875 0.55938720703125 -0.139152526855469 -0.123832702636719
0.2783203125 0.5836181640625 -0.050750732421875 -0.116813659667969
0.03729248046875 0.63360595703125 -0.0210952758789062 -0.00919342041015622
-0.146453857421875 0.5211181640625 0.0305404663085937 0.127967834472656
-0.388336181640625 0.34454345703125 -0.0419464111328125 0.258270263671875
-0.37030029296875 0.322174072265625 -0.143951416015625 0.306182861328125
-0.552093505859375 0.3092041015625 -0.155120849609375 0.228591918945313
-0.374755859375 0.1998291015625 -0.514251708984375 0.051910400390625
-0.278121948242188 0.126190185546875 -0.0978546142578125 0.0853118896484375
-0.394500732421875 0.1304931640625 0.072021484375 -0.145767211914063
-0.36065673828125 0.296783447265625 0.036376953125 -0.310943603515625
-0.273895263671875 0.50927734375 -0.09515380859375 -0.418670654296875
0.08099365234375 0.60302734375 -0.237701416015625 -0.447845458984375
0.3099365234375 0.494720458984375 -0.415496826171875 -0.3372802734375
0.2877197265625 0.48638916015625 -0.41448974609375 -0.2777099609375
0.3497314453125 0.467529296875 -0.309600830078125 -0.25653076171875
0.16412353515625 0.45233154296875 -0.141754150390625 -0.242568969726562
-0.037567138671875 0.44073486328125 -0.0277633666992188 -0.07391357421875
-0.139251708984375 0.299713134765625 0.00936889648437498 0.134323120117188
-0.228256225585938 0.174041748046875 -0.128448486328125 0.29962158203125
-0.198532104492188 0.231155395507813 -0.283538818359375 0.3572998046875
-0.378204345703125 0.27423095703125 -0.340728759765625 0.290008544921875
-0.12255859375 0.10821533203125 -0.64459228515625 0.0743408203125
-0.08697509765625 0.0314712524414063 -0.241363525390625 0.0978851318359375
-0.20391845703125 -0.0102386474609375 -0.000274658203125005 -0.108421325683594
-0.23309326171875 0.129714965820313 0.02288818359375 -0.29498291015625
-0.19158935546875 0.28668212890625 -0.0689697265625 -0.483856201171875
0.033966064453125 0.377532958984375 -0.30145263671875 -0.575439453125
0.161529541015625 0.312225341796875 -0.55218505859375 -0.451995849609375
0.14520263671875 0.306182861328125 -0.530364990234375 -0.3651123046875
0.167633056640625 0.311279296875 -0.409454345703125 -0.352294921875
0.0374908447265625 0.269821166992188 -0.170623779296875 -0.32196044921875
-0.0898284912109375 0.214614868164063 0.000709533691406249 -0.0931549072265625
-0.102554321289063 0.0784072875976562 -0.01617431640625 0.161392211914063
-0.0553817749023437 0.0239982604980469 -0.22845458984375 0.311065673828125
-0.0290145874023437 0.132301330566406 -0.39703369140625 0.354034423828125
-0.169418334960938 0.19873046875 -0.462921142578125 0.331878662109375
-0.1041259765625 -0.0876998901367187 0.478607177734375 -0.405487060546875
-0.117301940917969 -0.0257949829101562 0.466064453125 -0.36767578125
-0.0910263061523437 0.0805130004882813 0.248626708984375 -0.324371337890625
0.00691223144531251 0.0946197509765625 0.0319671630859375 -0.243682861328125
0.0944061279296875 0.0380935668945313 -0.079833984375 0.0890121459960938
0.0556106567382812 -0.0763320922851563 0.13238525390625 0.3558349609375
0.0159072875976563 -0.0836029052734375 0.494415283203125 0.384490966796875
0.0093231201171875 -0.0700531005859375 0.59185791015625 0.3804931640625
0.001739501953125 -0.103523254394531 0.6322021484375 0.46759033203125
0.0404586791992188 -0.0718536376953125 0.41357421875 0.59600830078125
0.0958480834960938 -0.0303115844726563 0.161773681640625 0.495025634765625
0.08404541015625 0.0869979858398438 0.047149658203125 0.302947998046875
-0.01422119140625 0.149917602539063 0.0743026733398437 0.107574462890625
-0.10125732421875 0.101997375488281 0.312774658203125 -0.068878173828125
-0.093353271484375 -0.00621032714843751 0.7491455078125 -0.03662109375
-0.3319091796875 0.0737609863281249 0.448516845703125 -0.383453369140625
-0.252395629882812 0.110916137695312 0.489501953125 -0.30548095703125
-0.20159912109375 0.222976684570313 0.31561279296875 -0.292572021484375
-0.057647705078125 0.238525390625 0.080291748046875 -0.277587890625
0.0540313720703125 0.240020751953125 -0.106407165527344 0.0449752807617188
0.143081665039063 0.144439697265625 0.088897705078125 0.331451416015625
0.202651977539063 0.111892700195313 0.4429931640625 0.379913330078125
0.188858032226563 0.156723022460938 0.54290771484375 0.35626220703125
0.21282958984375 0.1357421875 0.6129150390625 0.42193603515625
0.14166259765625 0.209304809570312 0.425262451171875 0.52923583984375
0.0713653564453125 0.268081665039063 0.173828125 0.44354248046875
-0.037139892578125 0.331878662109375 0.0770416259765625 0.28057861328125
-0.257843017578125 0.292083740234375 0.103233337402344 0.10479736328125
-0.322662353515625 0.214813232421875 0.325469970703125 -0.051544189453125
-0.362945556640625 0.10833740234375 0.69677734375 -0.0262451171875
-0.53680419921875 0.225860595703125 0.344818115234375 -0.3148193359375
-0.38482666015625 0.25518798828125 0.469207763671875 -0.2235107421875
-0.30908203125 0.364532470703125 0.34710693359375 -0.26605224609375
-0.130340576171875 0.3731689453125 0.1041259765625 -0.303253173828125
-0.010986328125 0.4283447265625 -0.128654479980469 -0.0140457153320312
0.193389892578125 0.365478515625 0.0340118408203125 0.259506225585938
0.353759765625 0.307342529296875 0.32940673828125 0.32000732421875
0.342376708984375 0.361846923828125 0.40985107421875 0.281158447265625
0.406097412109375 0.339019775390625 0.50244140625 0.31524658203125
0.260284423828125 0.439727783203125 0.375396728515625 0.38958740234375
0.095977783203125 0.529571533203125 0.165191650390625 0.341461181640625
-0.095306396484375 0.55865478515625 0.101760864257812 0.239883422851563
-0.432952880859375 0.44427490234375 0.108482360839844 0.120979309082031
-0.48193359375 0.332794189453125 0.268020629882813 0.00241088867187502
-0.56903076171875 0.22100830078125 0.548828125 0.00610351562500001
-0.67327880859375 0.33160400390625 0.163650512695313 -0.205352783203125
-0.48516845703125 0.35504150390625 0.398712158203125 -0.126312255859375
-0.4156494140625 0.461822509765625 0.332183837890625 -0.249786376953125
-0.2210693359375 0.482147216796875 0.095947265625 -0.32684326171875
-0.09710693359375 0.5955810546875 -0.150924682617188 -0.093536376953125
0.21417236328125 0.565673828125 -0.0351715087890625 0.132926940917969
0.4547119140625 0.471954345703125 0.1617431640625 0.20068359375
0.446380615234375 0.516937255859375 0.211318969726563 0.162704467773438
0.544097900390625 0.48101806640625 0.312591552734375 0.173492431640625
0.358642578125 0.58599853515625 0.256332397460938 0.21490478515625
0.136962890625 0.70037841796875 0.116729736328125 0.216812133789063
-0.099609375 0.70013427734375 0.10247802734375 0.190170288085938
-0.5069580078125 0.54541015625 0.0888824462890625 0.1568603515625
-0.544464111328125 0.4189453125 0.160598754882812 0.0979461669921875
-0.6815185546875 0.31689453125 0.330780029296875 0.069427490234375
-0.69610595703125 0.36669921875 -0.0724945068359376 -0.0815277099609375
-0.5091552734375 0.361297607421875 0.2657470703125 -0.0285797119140625
-0.490509033203125 0.454345703125 0.26446533203125 -0.230117797851562
-0.317626953125 0.523590087890625 0.0640869140624999 -0.33978271484375
-0.18634033203125 0.69537353515625 -0.1646728515625 -0.198028564453125
0.2071533203125 0.69927978515625 -0.115562438964844 -0.0474166870117187
0.48919677734375 0.57086181640625 -0.0415725708007812 0.0340042114257813
0.48089599609375 0.59344482421875 -0.0217247009277343 0.0182571411132813
0.59246826171875 0.54425048828125 0.077423095703125 0.022705078125
0.3858642578125 0.627197265625 0.0945968627929688 0.0362472534179688
0.1441650390625 0.740234375 0.0439376831054688 0.0930786132812501
-0.0943603515624999 0.69769287109375 0.080322265625 0.148345947265625
-0.482574462890625 0.531341552734375 0.045562744140625 0.21142578125
-0.50164794921875 0.43133544921875 0.0209503173828125 0.219772338867188
-0.6767578125 0.3697509765625 0.080963134765625 0.154678344726563
-0.597412109375 0.32708740234375 -0.317169189453125 0.02581787109375
-0.442169189453125 0.276702880859375 0.0861358642578125 0.04974365234375
-0.4993896484375 0.343414306640625 0.16156005859375 -0.193740844726562
-0.3759765625 0.472747802734375 0.031005859375 -0.333892822265625
-0.24273681640625 0.68499755859375 -0.15692138671875 -0.314605712890625
0.176025390625 0.719970703125 -0.200180053710938 -0.255081176757812
0.4541015625 0.5740966796875 -0.256011962890625 -0.149887084960938
0.438720703125 0.5765380859375 -0.252304077148438 -0.127029418945312
0.53369140625 0.532440185546875 -0.15472412109375 -0.119659423828125
0.3238525390625 0.5736083984375 -0.0595626831054687 -0.120452880859375
0.08648681640625 0.6434326171875 -0.0130491256713867 -0.00827884674072261
-0.106353759765625 0.55029296875 0.0521240234375 0.128211975097656
-0.38018798828125 0.398223876953125 -0.0208740234375 0.271377563476563
-0.3717041015625 0.367706298828125 -0.127044677734375 0.328216552734375
-0.5677490234375 0.3697509765625 -0.157470703125 0.2470703125
-0.399658203125 0.2371826171875 -0.525238037109375 0.0982055664062501
-0.300994873046875 0.155548095703125 -0.100509643554688 0.0973587036132813
-0.407684326171875 0.181610107421875 0.0581512451171875 -0.147567749023438
-0.34625244140625 0.34136962890625 0.00952148437499997 -0.317230224609375
-0.2359619140625 0.549285888671875 -0.1326904296875 -0.419830322265625
0.1297607421875 0.60711669921875 -0.28204345703125 -0.446014404296875
0.349090576171875 0.47808837890625 -0.4521484375 -0.313018798828125
0.331024169921875 0.473785400390625 -0.44439697265625 -0.24920654296875
0.389801025390625 0.445526123046875 -0.338134765625 -0.24102783203125
0.197052001953125 0.44610595703125 -0.161346435546875 -0.24237060546875
-0.00247192382812496 0.45281982421875 -0.0250473022460938 -0.0738906860351562
-0.11474609375 0.3236083984375 0.0277175903320312 0.137344360351563
-0.228103637695312 0.210372924804687 -0.107025146484375 0.319915771484375
-0.200607299804688 0.260635375976562 -0.26666259765625 0.392059326171875
-0.38824462890625 0.31658935546875 -0.34674072265625 0.326995849609375
-0.1378173828125 0.123321533203125 -0.6634521484375 0.12982177734375
-0.102867126464844 0.0436859130859375 -0.249954223632813 0.118438720703125
-0.2166748046875 0.0164947509765625 -0.0174789428710938 -0.108673095703125
-0.22467041015625 0.15631103515625 -0.00558471679687503 -0.29949951171875
-0.168975830078125 0.3104248046875 -0.11212158203125 -0.488616943359375
0.06402587890625 0.380645751953125 -0.35748291015625 -0.56842041015625
0.185516357421875 0.30206298828125 -0.60009765625 -0.419677734375
0.17132568359375 0.298583984375 -0.56915283203125 -0.33209228515625
0.193267822265625 0.302581787109375 -0.445587158203125 -0.32989501953125
0.05670166015625 0.268386840820312 -0.196807861328125 -0.31982421875
-0.071624755859375 0.223709106445312 0.000999450683593743 -0.0963058471679687
-0.0949783325195313 0.0927276611328125 0.000534057617187485 0.166671752929687
-0.0617446899414063 0.0395469665527344 -0.20745849609375 0.337066650390625
-0.0320281982421875 0.142486572265625 -0.3814697265625 0.39849853515625
-0.172027587890625 0.218124389648437 -0.47210693359375 0.38128662109375
-0.108177185058594 -0.0769271850585937 0.459625244140625 -0.452239990234375
-0.116531372070313 -0.01959228515625 0.431243896484375 -0.40496826171875
-0.0852584838867188 0.0851821899414063 0.21844482421875 -0.338470458984375
0.0105056762695313 0.0930862426757813 0.0101470947265625 -0.245895385742188
0.0938034057617188 0.0296096801757813 -0.075897216796875 0.0955963134765625
0.0475311279296875 -0.07696533203125 0.154541015625 0.35003662109375
0.00986480712890625 -0.0784454345703125 0.517578125 0.3441162109375
0.00539779663085938 -0.0671615600585938 0.61480712890625 0.32928466796875
-0.00588989257812501 -0.100059509277344 0.66729736328125 0.41009521484375
0.0352897644042969 -0.0700225830078125 0.4647216796875 0.56201171875
0.0907135009765625 -0.0340194702148438 0.202484130859375 0.48046875
0.0877304077148438 0.080657958984375 0.07861328125 0.29754638671875
-0.00309753417968749 0.144241333007813 0.0932235717773438 0.102508544921875
-0.0882034301757813 0.104270935058594 0.314910888671875 -0.09521484375
-0.0890655517578125 0.00174713134765623 0.74993896484375 -0.1038818359375
-0.329376220703125 0.106475830078125 0.432525634765625 -0.4267578125
-0.2451171875 0.13092041015625 0.45684814453125 -0.343597412109375
-0.184982299804688 0.241867065429687 0.288177490234375 -0.309173583984375
-0.0411834716796875 0.243743896484375 0.056121826171875 -0.281585693359375
0.072296142578125 0.234939575195312 -0.104942321777344 0.0544586181640625
0.150863647460938 0.13482666015625 0.109771728515625 0.326629638671875
0.208633422851563 0.10089111328125 0.465179443359375 0.34490966796875
0.2008056640625 0.144515991210938 0.56329345703125 0.3123779296875
0.2205810546875 0.1197509765625 0.6424560546875 0.3680419921875
0.156219482421875 0.20159912109375 0.46759033203125 0.495574951171875
0.088226318359375 0.265487670898437 0.211090087890625 0.426361083984375
-0.014251708984375 0.33673095703125 0.107818603515625 0.270675659179687
-0.2391357421875 0.311187744140625 0.121383666992188 0.0974197387695313
-0.306732177734375 0.236602783203125 0.327239990234375 -0.079193115234375
-0.3565673828125 0.141143798828125 0.69854736328125 -0.08868408203125
-0.528106689453125 0.27667236328125 0.332733154296875 -0.34759521484375
-0.37353515625 0.288665771484375 0.445709228515625 -0.26123046875
-0.284027099609375 0.399078369140625 0.323211669921875 -0.28369140625
-0.100982666015625 0.387603759765625 0.079345703125 -0.3084716796875
0.025390625 0.42938232421875 -0.130226135253906 -0.00187683105468748
0.218658447265625 0.350311279296875 0.0487518310546875 0.256820678710938
0.37335205078125 0.2808837890625 0.346466064453125 0.292266845703125
0.367706298828125 0.336334228515625 0.426177978515625 0.2486572265625
0.42718505859375 0.304840087890625 0.521240234375 0.26983642578125
0.289794921875 0.421112060546875 0.40484619140625 0.357086181640625
0.132354736328125 0.5235595703125 0.19451904296875 0.326812744140625
-0.05230712890625 0.568603515625 0.129501342773438 0.227340698242188
-0.403106689453125 0.482086181640625 0.126029968261719 0.112747192382813
-0.460205078125 0.36993408203125 0.271347045898437 -0.020965576171875
-0.5615234375 0.275177001953125 0.548614501953125 -0.043548583984375
-0.66156005859375 0.39599609375 0.159622192382812 -0.221389770507812
-0.470611572265625 0.3988037109375 0.38409423828125 -0.156951904296875
-0.3837890625 0.5076904296875 0.31292724609375 -0.264404296875
-0.182159423828125 0.50677490234375 0.0712890625 -0.3299560546875
-0.04254150390625 0.6038818359375 -0.157852172851563 -0.0790863037109374
0.255706787109375 0.545257568359375 -0.03057861328125 0.133644104003906
0.484588623046875 0.43511962890625 0.171524047851563 0.187103271484375
0.482574462890625 0.48004150390625 0.219512939453125 0.146942138671875
0.57415771484375 0.43408203125 0.3211669921875 0.144989013671875
0.397705078125 0.555389404296875 0.272308349609375 0.189910888671875
0.1900634765625 0.68768310546875 0.13787841796875 0.203964233398438
-0.0419921874999999 0.70928955078125 0.126174926757812 0.176498413085938
-0.46832275390625 0.5938720703125 0.10699462890625 0.150375366210938
-0.518707275390625 0.465057373046875 0.168411254882812 0.08428955078125
-0.6688232421875 0.38311767578125 0.332244873046875 0.0384521484375
-0.68804931640625 0.43487548828125 -0.0688705444335938 -0.0759353637695312
-0.497833251953125 0.409637451171875 0.261398315429687 -0.0476837158203125
-0.46087646484375 0.512176513671875 0.249649047851562 -0.239456176757812
-0.274810791015625 0.556610107421875 0.03875732421875 -0.339569091796875
-0.12152099609375 0.71246337890625 -0.179977416992188 -0.181594848632812
0.25872802734375 0.6785888671875 -0.125450134277344 -0.0409240722656249
0.52587890625 0.52764892578125 -0.0429573059082031 0.0380935668945313
0.523681640625 0.55206298828125 -0.0218715667724609 0.0224075317382813
0.62701416015625 0.4930419921875 0.075225830078125 0.0136032104492188
0.42724609375 0.5931396484375 0.0968170166015625 0.0246124267578125
0.19915771484375 0.72406005859375 0.05718994140625 0.086639404296875
-0.0360107421875 0.70635986328125 0.100860595703125 0.137657165527344
-0.44256591796875 0.5809326171875 0.0664520263671875 0.208938598632813
-0.4742431640625 0.478363037109375 0.037200927734375 0.218338012695313
-0.66046142578125 0.4385986328125 0.0847625732421875 0.147857666015625
-0.59295654296875 0.3857421875 -0.307342529296875 0.05352783203125
-0.440948486328125 0.319305419921875 0.0881729125976562 0.0455551147460938
-0.47808837890625 0.399932861328125 0.149124145507812 -0.1961669921875
-0.335662841796875 0.509735107421875 0.00534057617187502 -0.3306884765625
-0.17889404296875 0.70611572265625 -0.18182373046875 -0.298004150390625
0.22979736328125 0.70111083984375 -0.225494384765625 -0.24169921875
0.489990234375 0.5313720703125 -0.26898193359375 -0.128402709960938
0.48040771484375 0.538848876953125 -0.260345458984375 -0.103256225585937
0.56866455078125 0.4830322265625 -0.167221069335937 -0.107574462890625
0.360687255859375 0.544189453125 -0.0692214965820312 -0.1190185546875
0.1380615234375 0.630126953125 -0.00568008422851561 -0.0100545883178711
-0.05767822265625 0.558563232421875 0.0698089599609375 0.122039794921875
-0.3492431640625 0.44158935546875 0.00442504882812497 0.274932861328125
-0.349761962890625 0.40606689453125 -0.102752685546875 0.3404541015625
-0.55120849609375 0.427947998046875 -0.149078369140625 0.263076782226563
-0.400604248046875 0.278656005859375 -0.51416015625 0.143951416015625
-0.30548095703125 0.186614990234375 -0.0969467163085938 0.106521606445313
-0.39813232421875 0.228302001953125 0.0457916259765625 -0.145187377929687
-0.3143310546875 0.373779296875 -0.0163879394531251 -0.3116455078125
-0.183837890625 0.5670166015625 -0.166595458984375 -0.403961181640625
0.17547607421875 0.59130859375 -0.32110595703125 -0.42510986328125
0.37872314453125 0.4429931640625 -0.474578857421875 -0.2742919921875
0.364654541015625 0.4425048828125 -0.4588623046875 -0.20947265625
0.420257568359375 0.409454345703125 -0.357269287109375 -0.21221923828125
0.22747802734375 0.42486572265625 -0.178878784179688 -0.231826782226562
0.034576416015625 0.446197509765625 -0.0233688354492188 -0.0741424560546875
-0.083343505859375 0.332305908203125 0.0451431274414062 0.133216857910156
-0.212493896484375 0.240631103515625 -0.07867431640625 0.329010009765625
-0.18719482421875 0.2833251953125 -0.235931396484375 0.41552734375
-0.37445068359375 0.35675048828125 -0.334259033203125 0.360137939453125
-0.142410278320313 0.140304565429687 -0.65338134765625 0.18988037109375
-0.109504699707031 0.0583114624023438 -0.2474365234375 0.139175415039062
-0.216217041015625 0.0430908203125 -0.03131103515625 -0.102699279785156
-0.205978393554688 0.17596435546875 -0.03277587890625 -0.2928466796875
-0.13818359375 0.32208251953125 -0.151947021484375 -0.473052978515625
0.093536376953125 0.36834716796875 -0.404083251953125 -0.539520263671875
0.204299926757812 0.28076171875 -0.6282958984375 -0.36688232421875
0.1925048828125 0.280181884765625 -0.5882568359375 -0.282470703125
0.214569091796875 0.281219482421875 -0.469512939453125 -0.290435791015625
0.0749359130859375 0.25909423828125 -0.22021484375 -0.30511474609375
-0.0507659912109375 0.225067138671875 0.0003204345703125 -0.0982284545898437
-0.0828704833984375 0.101173400878906 0.0178680419921875 0.164840698242188
-0.0609970092773437 0.0540695190429688 -0.177459716796875 0.352752685546875
-0.028106689453125 0.14984130859375 -0.34716796875 0.432281494140625
-0.163558959960938 0.234146118164062 -0.45562744140625 0.42510986328125
-0.108489990234375 -0.066680908203125 0.43292236328125 -0.476837158203125
-0.115692138671875 -0.0142669677734375 0.398223876953125 -0.42205810546875
-0.0792007446289063 0.0875473022460937 0.1923828125 -0.34002685546875
0.0129470825195313 0.0921783447265625 -0.00701904296874997 -0.242431640625
0.0908126831054688 0.0236968994140625 -0.0722122192382813 0.0985794067382812
0.0410537719726562 -0.0752105712890625 0.168548583984375 0.33978271484375
0.00665283203125 -0.072265625 0.520782470703125 0.3094482421875
0.00268936157226562 -0.0634117126464844 0.61529541015625 0.28564453125
-0.0112686157226563 -0.0949630737304688 0.6754150390625 0.359130859375
0.0312919616699219 -0.0678024291992188 0.489471435546875 0.52166748046875
0.0855560302734375 -0.0354995727539063 0.2286376953125 0.45953369140625
0.0884857177734375 0.076171875 0.09906005859375 0.284759521484375
0.00395965576171875 0.137802124023438 0.104690551757812 0.0941162109375
-0.077880859375 0.101287841796875 0.30859375 -0.113861083984375
-0.0838623046875 0.00690460205078124 0.73004150390625 -0.15142822265625
-0.318695068359375 0.1298828125 0.408447265625 -0.451385498046875
-0.236099243164062 0.142929077148437 0.4244384765625 -0.36297607421875
-0.167556762695313 0.25128173828125 0.263336181640625 -0.313140869140625
-0.02777099609375 0.24395751953125 0.036346435546875 -0.278671264648438
0.08416748046875 0.225555419921875 -0.101539611816406 0.059967041015625
0.152511596679688 0.125381469726563 0.12249755859375 0.31842041015625
0.209091186523437 0.0899505615234375 0.4700927734375 0.313262939453125
0.2054443359375 0.132354736328125 0.56414794921875 0.27276611328125
0.221160888671875 0.106781005859375 0.64752197265625 0.31744384765625
0.163742065429687 0.191650390625 0.48748779296875 0.455413818359375
0.099578857421875 0.259017944335938 0.233306884765625 0.406005859375
0.00299072265624997 0.333984375 0.126220703125 0.256271362304688
-0.21942138671875 0.3192138671875 0.131744384765625 0.0876617431640625
-0.289459228515625 0.24639892578125 0.320465087890625 -0.098876953125
-0.344451904296875 0.163665771484375 0.67962646484375 -0.13385009765625
-0.507965087890625 0.31243896484375 0.314483642578125 -0.365936279296875
-0.3564453125 0.308319091796875 0.417694091796875 -0.27899169921875
-0.255462646484375 0.41534423828125 0.301788330078125 -0.289794921875
-0.0771484375 0.389068603515625 0.05938720703125 -0.305328369140625
0.0521240234375 0.419830322265625 -0.128364562988281 0.0066986083984375
0.231231689453125 0.329620361328125 0.0566558837890625 0.251083374023438
0.377777099609375 0.256378173828125 0.350555419921875 0.2674560546875
0.380157470703125 0.30938720703125 0.4268798828125 0.218719482421875
0.4322509765625 0.275054931640625 0.5234375 0.22900390625
0.3070068359375 0.3975830078125 0.418060302734375 0.3243408203125
0.15692138671875 0.508270263671875 0.211090087890625 0.3079833984375
-0.0202636718750001 0.5628662109375 0.145294189453125 0.211288452148438
-0.37078857421875 0.49981689453125 0.136116027832031 0.103302001953125
-0.4354248046875 0.39013671875 0.266311645507813 -0.038238525390625
-0.541015625 0.31109619140625 0.53375244140625 -0.08001708984375
-0.63720703125 0.44061279296875 0.15252685546875 -0.231231689453125
-0.449798583984375 0.4237060546875 0.364593505859375 -0.174713134765625
-0.348052978515625 0.5335693359375 0.295166015625 -0.26983642578125
-0.14825439453125 0.51275634765625 0.05206298828125 -0.32525634765625
-0.00274658203125004 0.5941162109375 -0.158737182617187 -0.0670013427734375
0.2786865234375 0.519500732421875 -0.0281219482421875 0.132972717285156
0.493377685546875 0.398284912109375 0.1744384765625 0.174667358398438
0.50115966796875 0.44403076171875 0.220108032226563 0.132003784179688
0.5819091796875 0.3912353515625 0.31903076171875 0.119476318359375
0.41729736328125 0.52288818359375 0.277053833007813 0.167709350585938
0.22161865234375 0.6641845703125 0.149505615234375 0.1903076171875
-0.00146484375000004 0.69970703125 0.139663696289062 0.161758422851563
-0.4261474609375 0.61785888671875 0.118362426757812 0.142684936523438
-0.488037109375 0.48956298828125 0.170135498046875 0.07208251953125
-0.64251708984375 0.4281005859375 0.32293701171875 0.01519775390625
-0.6641845703125 0.4798583984375 -0.0636062622070313 -0.0722122192382812
-0.4794921875 0.43780517578125 0.251495361328125 -0.059783935546875
-0.423248291015625 0.546142578125 0.23675537109375 -0.242279052734375
-0.2347412109375 0.56854248046875 0.021331787109375 -0.332550048828125
-0.0714721679687501 0.70526123046875 -0.186065673828125 -0.165725708007812
0.290283203125 0.646484375 -0.131439208984375 -0.034698486328125
0.538238525390625 0.484954833984375 -0.042938232421875 0.0407981872558594
0.5440673828125 0.5103759765625 -0.0217723846435547 0.0254554748535157
0.636962890625 0.44482421875 0.0704498291015625 0.00827789306640628
0.44677734375 0.55780029296875 0.0949783325195313 0.015411376953125
0.2337646484375 0.6962890625 0.065521240234375 0.0784683227539063
0.00854492187500006 0.69268798828125 0.112892150878906 0.124977111816406
-0.39959716796875 0.60693359375 0.0807952880859375 0.2032470703125
-0.4420166015625 0.50250244140625 0.04833984375 0.21337890625
-0.6328125 0.482421875 0.0842590332031249 0.140960693359375
-0.5767822265625 0.42510986328125 -0.292236328125 0.0712890625
-0.430511474609375 0.348480224609375 0.0870590209960937 0.0407638549804688
-0.447662353515625 0.435821533203125 0.139511108398437 -0.194580078125
-0.29644775390625 0.524932861328125 -0.011077880859375 -0.321441650390625
-0.12738037109375 0.7020263671875 -0.19403076171875 -0.278106689453125
0.26275634765625 0.66839599609375 -0.24053955078125 -0.226104736328125
0.503692626953125 0.49053955078125 -0.272994995117187 -0.109115600585937
0.500274658203125 0.4976806640625 -0.259674072265625 -0.0833282470703124
0.57928466796875 0.4366455078125 -0.172256469726562 -0.095367431640625
0.37786865234375 0.509613037109375 -0.075439453125 -0.116165161132812
0.1690673828125 0.6051025390625 -0.00116920471191405 -0.0133132934570312
-0.020599365234375 0.54974365234375 0.0814285278320313 0.112052917480469
-0.315673828125 0.46337890625 0.0223236083984375 0.272018432617188
-0.3233642578125 0.42510986328125 -0.081634521484375 0.342193603515625
-0.526092529296875 0.46160888671875 -0.139724731445313 0.271194458007813
-0.390472412109375 0.306488037109375 -0.49359130859375 0.173675537109375
-0.30120849609375 0.208251953125 -0.0922698974609375 0.111236572265625
-0.37872314453125 0.25946044921875 0.0380096435546875 -0.139717102050781
-0.28167724609375 0.3875732421875 -0.032745361328125 -0.2999267578125
-0.1409912109375 0.564697265625 -0.184967041015625 -0.38214111328125
0.20379638671875 0.56304931640625 -0.343841552734375 -0.399169921875
0.390594482421875 0.4097900390625 -0.48138427734375 -0.239105224609375
0.380889892578125 0.408843994140625 -0.459136962890625 -0.17657470703125
0.430877685546875 0.3721923828125 -0.362945556640625 -0.1842041015625
0.241729736328125 0.40069580078125 -0.188995361328125 -0.219497680664062
0.06134033203125 0.4307861328125 -0.0209197998046875 -0.0748977661132812
-0.05889892578125 0.328826904296875 0.0567092895507812 0.125595092773438
-0.19268798828125 0.2586669921875 -0.055908203125 0.330108642578125
-0.17108154296875 0.295562744140625 -0.206390380859375 0.424835205078125
-0.356201171875 0.379119873046875 -0.316650390625 0.380859375
-0.141006469726563 0.154159545898437 -0.62921142578125 0.22808837890625
-0.111503601074219 0.0703811645507813 -0.240219116210938 0.1514892578125
-0.209213256835937 0.0626678466796875 -0.0397186279296875 -0.0954132080078125
-0.186248779296875 0.18328857421875 -0.0489044189453125 -0.279678344726563
-0.11224365234375 0.321319580078125 -0.175262451171875 -0.451019287109375
0.11065673828125 0.352203369140625 -0.428741455078125 -0.506072998046875
0.210891723632813 0.26043701171875 -0.63519287109375 -0.32135009765625
0.2022705078125 0.261459350585938 -0.5872802734375 -0.240234375
0.224807739257813 0.26019287109375 -0.475830078125 -0.253082275390625
0.085845947265625 0.245819091796875 -0.232421875 -0.2874755859375
-0.0349273681640625 0.2193603515625 -0.000816345214843755 -0.099517822265625
-0.0714187622070312 0.103965759277344 0.030242919921875 0.159347534179688
-0.0559463500976563 0.0653038024902344 -0.150115966796875 0.356536865234375
-0.02325439453125 0.1534423828125 -0.312286376953125 0.446533203125
-0.154434204101563 0.242111206054688 -0.432586669921875 0.453582763671875
-0.106796264648438 -0.0594711303710937 0.417205810546875 -0.492034912109375
-0.113876342773437 -0.0100631713867188 0.375091552734375 -0.430084228515625
-0.07562255859375 0.0891647338867188 0.177978515625 -0.336700439453125
0.014495849609375 0.0922622680664063 -0.0194091796875 -0.238525390625
0.088348388671875 0.0193939208984375 -0.0721511840820313 0.100616455078125
0.03717041015625 -0.0725555419921875 0.17681884765625 0.334197998046875
0.00601959228515624 -0.0674934387207031 0.518585205078125 0.2867431640625
0.00191879272460938 -0.0603103637695312 0.609619140625 0.25775146484375
-0.0146942138671875 -0.090972900390625 0.67425537109375 0.323974609375
0.0296554565429688 -0.0654335021972656 0.500701904296875 0.494598388671875
0.0817489624023438 -0.0345687866210938 0.24090576171875 0.444244384765625
0.0887451171875 0.0734176635742188 0.11090087890625 0.2744140625
0.00647735595703125 0.131263732910156 0.112525939941406 0.087249755859375
-0.0721817016601563 0.0969390869140625 0.30364990234375 -0.12408447265625
-0.0795745849609375 0.00927734375000002 0.7119140625 -0.18035888671875
-0.310394287109375 0.145294189453125 0.392791748046875 -0.465240478515625
-0.230087280273438 0.151397705078125 0.40289306640625 -0.371673583984375
-0.155548095703125 0.2562255859375 0.24945068359375 -0.31195068359375
-0.01904296875 0.243606567382813 0.0237579345703125 -0.27398681640625
0.0905914306640625 0.217910766601562 -0.0999603271484375 0.0638046264648438
0.151351928710938 0.1182861328125 0.128631591796875 0.313323974609375
0.2081298828125 0.0850982666015625 0.467620849609375 0.292236328125
0.208267211914063 0.125411987304687 0.559234619140625 0.248291015625
0.219711303710938 0.09906005859375 0.6435546875 0.2867431640625
0.167510986328125 0.185165405273437 0.4962158203125 0.428863525390625
0.105789184570313 0.254608154296875 0.24359130859375 0.392364501953125
0.013916015625 0.331634521484375 0.137359619140625 0.244674682617188
-0.20855712890625 0.322906494140625 0.138381958007812 0.0811767578125
-0.278579711914063 0.248703002929687 0.314117431640625 -0.110198974609375
-0.335052490234375 0.17706298828125 0.66217041015625 -0.16107177734375
-0.493896484375 0.3349609375 0.30316162109375 -0.378082275390625
-0.346038818359375 0.320556640625 0.39752197265625 -0.289337158203125
-0.234710693359375 0.4254150390625 0.289093017578125 -0.289947509765625
-0.061248779296875 0.389068603515625 0.047271728515625 -0.300750732421875
0.06829833984375 0.408905029296875 -0.126358032226563 0.0121078491210938
0.235260009765625 0.3155517578125 0.06097412109375 0.247817993164063
0.376190185546875 0.240386962890625 0.349700927734375 0.25177001953125
0.385009765625 0.29296875 0.42193603515625 0.201171875
0.431549072265625 0.257110595703125 0.518310546875 0.202911376953125
0.313446044921875 0.3828125 0.42138671875 0.301300048828125
0.17010498046875 0.497528076171875 0.21881103515625 0.295440673828125
-0.00180053710937502 0.557830810546875 0.154586791992187 0.199493408203125
-0.351318359375 0.50994873046875 0.142593383789062 0.09710693359375
-0.418426513671875 0.396942138671875 0.262374877929688 -0.0482330322265625
-0.5272216796875 0.33380126953125 0.51910400390625 -0.101104736328125
-0.6202392578125 0.4688720703125 0.148040771484375 -0.237838745117187
-0.4375 0.43994140625 0.350067138671875 -0.1834716796875
-0.321929931640625 0.54754638671875 0.286285400390625 -0.271636962890625
-0.1265869140625 0.5146484375 0.04095458984375 -0.32049560546875
0.0236206054687501 0.58367919921875 -0.158157348632813 -0.0593109130859374
0.28778076171875 0.49749755859375 -0.0285797119140625 0.132705688476563
0.4945068359375 0.374267578125 0.174148559570313 0.167404174804688
0.505889892578125 0.42041015625 0.217803955078125 0.1239013671875
0.58087158203125 0.3638916015625 0.313323974609375 0.105621337890625
0.424591064453125 0.501007080078125 0.276870727539063 0.152755737304688
0.2392578125 0.6466064453125 0.154495239257813 0.180526733398438
0.02349853515625 0.688232421875 0.147674560546875 0.150177001953125
-0.40020751953125 0.63134765625 0.126205444335937 0.137420654296875
-0.46636962890625 0.500396728515625 0.169784545898437 0.0648956298828125
-0.62347412109375 0.45330810546875 0.313262939453125 0.00323486328125003
-0.6470947265625 0.50897216796875 -0.0598373413085938 -0.071319580078125
-0.467803955078125 0.45611572265625 0.243255615234375 -0.0663299560546875
-0.39794921875 0.5628662109375 0.23052978515625 -0.242050170898437
-0.2060546875 0.57183837890625 0.012359619140625 -0.32598876953125
-0.03936767578125 0.695556640625 -0.186935424804688 -0.155242919921875
0.3038330078125 0.6231689453125 -0.136024475097656 -0.0294723510742187
0.540191650390625 0.456390380859375 -0.0432052612304687 0.0429763793945313
0.54986572265625 0.481719970703125 -0.0214881896972656 0.0277347564697266
0.6363525390625 0.41375732421875 0.0661964416503907 0.00619888305664065
0.45257568359375 0.532745361328125 0.0918350219726563 0.00907897949218753
0.25238037109375 0.67413330078125 0.069610595703125 0.07244873046875
0.0320434570312501 0.68157958984375 0.119895935058594 0.115486145019531
-0.37115478515625 0.61883544921875 0.0908203125 0.200210571289063
-0.4189453125 0.51422119140625 0.0541229248046875 0.20892333984375
-0.61297607421875 0.50927734375 0.0809707641601562 0.138412475585938
-0.5615234375 0.45220947265625 -0.280654907226563 0.0796051025390625
-0.42169189453125 0.366119384765625 0.0851974487304687 0.038818359375
-0.42498779296875 0.4566650390625 0.136123657226562 -0.192733764648437
-0.268951416015625 0.528076171875 -0.01873779296875 -0.313995361328125
-0.09613037109375 0.693359375 -0.198532104492188 -0.265838623046875
0.277099609375 0.64459228515625 -0.250045776367187 -0.215042114257813
0.503265380859375 0.463592529296875 -0.272552490234375 -0.0958251953124999
0.508392333984375 0.47161865234375 -0.257766723632812 -0.070770263671875
0.579345703125 0.40789794921875 -0.174026489257812 -0.0858001708984375
0.383148193359375 0.48760986328125 -0.0795364379882812 -0.114036560058594
0.1859130859375 0.58624267578125 0.00194454193115236 -0.0163888931274414
6.10351562499544E-05 0.539337158203125 0.0892486572265625 0.104637145996094
-0.292633056640625 0.47760009765625 0.035888671875 0.270477294921875
-0.30517578125 0.433868408203125 -0.06829833984375 0.34197998046875
-0.50958251953125 0.484649658203125 -0.134780883789063 0.277191162109375
-0.38299560546875 0.326202392578125 -0.476806640625 0.189697265625
-0.298736572265625 0.224090576171875 -0.0905914306640625 0.113922119140625
-0.362762451171875 0.27716064453125 0.0345840454101562 -0.136184692382812
-0.260223388671875 0.388916015625 -0.039215087890625 -0.29132080078125
-0.11468505859375 0.558837890625 -0.192291259765625 -0.368255615234375
0.2159423828125 0.545166015625 -0.354949951171875 -0.3804931640625
0.390228271484375 0.388671875 -0.4822998046875 -0.215728759765625
0.386810302734375 0.388519287109375 -0.455413818359375 -0.154754638671875
0.433624267578125 0.34930419921875 -0.363128662109375 -0.165496826171875
0.2462158203125 0.383087158203125 -0.194290161132812 -0.2110595703125
0.074127197265625 0.4163818359375 -0.019287109375 -0.0771331787109375
-0.04388427734375 0.322845458984375 0.0639724731445313 0.120010375976563
-0.178329467773437 0.26934814453125 -0.040008544921875 0.329559326171875
-0.161285400390625 0.301177978515625 -0.18719482421875 0.427947998046875
-0.344512939453125 0.3936767578125 -0.305084228515625 0.394195556640625
-0.140121459960938 0.163803100585938 -0.60992431640625 0.2496337890625
-0.112060546875 0.079620361328125 -0.235916137695313 0.158798217773438
-0.203460693359375 0.07330322265625 -0.0444869995117188 -0.08935546875
-0.173233032226563 0.184616088867188 -0.055206298828125 -0.269973754882813
-0.096038818359375 0.318023681640625 -0.183624267578125 -0.435150146484375
0.119049072265625 0.34002685546875 -0.44122314453125 -0.4820556640625
0.211135864257813 0.246978759765625 -0.63446044921875 -0.29241943359375
0.2052001953125 0.248489379882812 -0.58221435546875 -0.2130126953125
0.227981567382813 0.244705200195313 -0.472076416015625 -0.228546142578125
0.088958740234375 0.2359619140625 -0.239044189453125 -0.275680541992188
-0.026214599609375 0.212265014648438 -0.000839233398437501 -0.101478576660156
-0.0645904541015625 0.102912902832031 0.0379791259765625 0.154495239257813
-0.0506820678710937 0.0728607177734375 -0.132720947265625 0.3568115234375
-0.021026611328125 0.155380249023437 -0.290924072265625 0.451812744140625
-0.149459838867188 0.247711181640625 -0.41546630859375 0.46795654296875
-0.106117248535156 -0.0556564331054688 0.410491943359375 -0.511932373046875
-0.114204406738281 -0.007171630859375 0.364501953125 -0.440399169921875
-0.0727081298828125 0.0925369262695313 0.171630859375 -0.339141845703125
0.0157546997070313 0.094390869140625 -0.029266357421875 -0.237747192382813
0.0865631103515625 0.0174942016601563 -0.073822021484375 0.10430908203125
0.0347824096679688 -0.072113037109375 0.185150146484375 0.33587646484375
0.00690460205078125 -0.064361572265625 0.524017333984375 0.27459716796875
0.0020751953125 -0.0586891174316406 0.61181640625 0.244873046875
-0.0160903930664063 -0.0883331298828125 0.6807861328125 0.30462646484375
0.0293693542480469 -0.0650634765625 0.514892578125 0.481781005859375
0.0811843872070313 -0.0337600708007813 0.25262451171875 0.44256591796875
0.0903244018554688 0.0736465454101563 0.120025634765625 0.270294189453125
0.0072021484375 0.12841796875 0.119255065917969 0.0829086303710938
-0.0704116821289062 0.0943984985351563 0.303009033203125 -0.13360595703125
-0.0775375366210938 0.010894775390625 0.70635986328125 -0.20306396484375
-0.307830810546875 0.15814208984375 0.38653564453125 -0.481597900390625
-0.229476928710938 0.160247802734375 0.39215087890625 -0.381744384765625
-0.14813232421875 0.263931274414063 0.2449951171875 -0.31640625
-0.01318359375 0.246170043945312 0.0150146484375 -0.27398681640625
0.0950164794921875 0.215591430664062 -0.100814819335937 0.0677490234375
0.151947021484375 0.116668701171875 0.13519287109375 0.31524658203125
0.21026611328125 0.08319091796875 0.4730224609375 0.28167724609375
0.211883544921875 0.122817993164062 0.56060791015625 0.235260009765625
0.22100830078125 0.0960540771484375 0.64862060546875 0.2674560546875
0.171524047851563 0.184097290039063 0.50823974609375 0.41705322265625
0.11053466796875 0.255294799804688 0.253082275390625 0.389678955078125
0.021148681640625 0.3349609375 0.145965576171875 0.238998413085938
-0.204010009765625 0.3289794921875 0.145492553710938 0.077056884765625
-0.27703857421875 0.252914428710938 0.314239501953125 -0.11920166015625
-0.33282470703125 0.18878173828125 0.65643310546875 -0.18157958984375
-0.490020751953125 0.3551025390625 0.298187255859375 -0.393218994140625
-0.344970703125 0.33447265625 0.38848876953125 -0.298828125
-0.22393798828125 0.436920166015625 0.286468505859375 -0.295318603515625
-0.050506591796875 0.394012451171875 0.039337158203125 -0.30133056640625
0.0792236328125 0.40740966796875 -0.127601623535156 0.0160293579101563
0.23828125 0.310150146484375 0.0641937255859375 0.250213623046875
0.37994384765625 0.235321044921875 0.353729248046875 0.2449951171875
0.393310546875 0.286468505859375 0.42340087890625 0.192657470703125
0.43560791015625 0.24957275390625 0.520355224609375 0.190155029296875
0.321136474609375 0.378936767578125 0.42828369140625 0.2908935546875
0.180999755859375 0.49810791015625 0.226226806640625 0.2921142578125
0.011383056640625 0.561279296875 0.163162231445312 0.192718505859375
-0.34033203125 0.523162841796875 0.149703979492187 0.0943450927734375
-0.414093017578125 0.406890869140625 0.262405395507812 -0.0556640625
-0.52301025390625 0.354644775390625 0.514434814453125 -0.116546630859375
-0.61456298828125 0.494140625 0.14678955078125 -0.24615478515625
-0.435699462890625 0.4583740234375 0.3438720703125 -0.190521240234375
-0.30810546875 0.56451416015625 0.286163330078125 -0.276458740234375
-0.110809326171875 0.519927978515625 0.035369873046875 -0.321075439453125
0.03997802734375 0.58184814453125 -0.15960693359375 -0.055389404296875
0.29449462890625 0.491241455078125 -0.0291824340820312 0.135452270507813
0.49847412109375 0.36676025390625 0.175888061523438 0.16375732421875
0.51629638671875 0.407196044921875 0.21820068359375 0.12030029296875
0.5870361328125 0.35186767578125 0.31341552734375 0.097686767578125
0.432647705078125 0.49444580078125 0.279464721679688 0.14385986328125
0.2523193359375 0.64312744140625 0.160293579101563 0.177047729492188
0.03875732421875 0.6907958984375 0.15533447265625 0.143081665039063
-0.38592529296875 0.6474609375 0.135025024414062 0.136497497558594
-0.459075927734375 0.512725830078125 0.171279907226563 0.0608673095703125
-0.6192626953125 0.4798583984375 0.308624267578125 -0.00460815429687497
-0.643310546875 0.53863525390625 -0.0574951171875 -0.07305908203125
-0.4683837890625 0.479400634765625 0.240341186523437 -0.070037841796875
-0.38250732421875 0.58380126953125 0.233047485351562 -0.246917724609375
-0.1890869140625 0.5780029296875 0.00787353515625 -0.326690673828125
-0.0191650390625 0.6954345703125 -0.189498901367187 -0.151382446289062
0.312255859375 0.61553955078125 -0.142196655273438 -0.0256195068359375
0.547088623046875 0.447235107421875 -0.0436058044433593 0.0454826354980469
0.5623779296875 0.4691162109375 -0.0213737487792968 0.03033447265625
0.6424560546875 0.39801025390625 0.064483642578125 0.0054130554199219
0.461273193359375 0.52325439453125 0.0902481079101563 0.00424194335937503
0.264404296875 0.6693115234375 0.0733413696289063 0.068817138671875
0.048095703125 0.680908203125 0.128067016601563 0.109024047851563
-0.35455322265625 0.63751220703125 0.101150512695312 0.200653076171875
-0.41107177734375 0.52734375 0.0588226318359375 0.21002197265625
-0.60784912109375 0.53521728515625 0.0788803100585937 0.139747619628906
-0.561126708984375 0.477294921875 -0.276443481445313 0.0859680175781251
-0.4234619140625 0.387908935546875 0.0837326049804687 0.039215087890625
-0.41461181640625 0.476898193359375 0.137649536132812 -0.194732666015625
-0.25146484375 0.53460693359375 -0.022491455078125 -0.313201904296875
-0.07464599609375 0.69598388671875 -0.202194213867188 -0.261672973632812
0.28765869140625 0.63848876953125 -0.261154174804688 -0.209426879882813
0.50994873046875 0.454010009765625 -0.275863647460937 -0.0879364013671875
0.518341064453125 0.460052490234375 -0.258819580078125 -0.0620574951171875
0.58612060546875 0.39324951171875 -0.176498413085937 -0.080230712890625
0.389923095703125 0.478271484375 -0.0840530395507812 -0.115188598632812
0.1976318359375 0.57977294921875 0.00485992431640626 -0.0199012756347656
0.0137939453125 0.538116455078125 0.0964279174804687 0.100120544433594
-0.277069091796875 0.491729736328125 0.0477447509765625 0.273773193359375
-0.296966552734375 0.44549560546875 -0.060302734375 0.34625244140625
-0.505035400390625 0.50872802734375 -0.1346435546875 0.28692626953125
-0.38336181640625 0.344573974609375 -0.471954345703125 0.2021484375
-0.30157470703125 0.240447998046875 -0.0917205810546875 0.118759155273438
-0.357696533203125 0.2935791015625 0.0336380004882812 -0.134986877441406
-0.24761962890625 0.394256591796875 -0.043212890625 -0.289947509765625
-0.097564697265625 0.561676025390625 -0.198486328125 -0.365325927734375
0.225555419921875 0.5396728515625 -0.369140625 -0.373687744140625
0.39422607421875 0.37969970703125 -0.486419677734375 -0.20379638671875
0.394775390625 0.379547119140625 -0.455535888671875 -0.14251708984375
0.438751220703125 0.337646484375 -0.364227294921875 -0.154510498046875
0.249847412109375 0.376861572265625 -0.200775146484375 -0.208786010742188
0.082366943359375 0.41119384765625 -0.017608642578125 -0.0800323486328125
-0.035064697265625 0.322418212890625 0.0716323852539063 0.117546081542969
-0.167266845703125 0.281143188476563 -0.02734375 0.333099365234375
-0.15576171875 0.309539794921875 -0.17578125 0.435028076171875
-0.342559814453125 0.410797119140625 -0.301727294921875 0.4102783203125
-0.1409912109375 0.173965454101563 -0.6053466796875 0.26812744140625
-0.114280700683594 0.087738037109375 -0.23797607421875 0.167465209960938
-0.202072143554688 0.082855224609375 -0.0484161376953125 -0.0856781005859375
-0.166412353515625 0.186050415039063 -0.0594329833984375 -0.266876220703125
-0.0859375 0.3182373046875 -0.19122314453125 -0.432647705078125
0.12457275390625 0.33660888671875 -0.455047607421875 -0.47430419921875
0.212509155273438 0.242813110351563 -0.6387939453125 -0.27423095703125
0.209365844726563 0.243179321289063 -0.5826416015625 -0.19720458984375
0.232833862304688 0.237899780273438 -0.475616455078125 -0.215667724609375
0.0920257568359375 0.232513427734375 -0.245880126953125 -0.2718505859375
-0.0219268798828125 0.209518432617188 -0.000190734863281245 -0.104598999023437
-0.060577392578125 0.103233337402344 0.0447235107421875 0.153915405273438
-0.045623779296875 0.0789794921875 -0.120330810546875 0.362152099609375
-0.0196075439453125 0.159820556640625 -0.27801513671875 0.461090087890625
-0.149826049804688 0.256072998046875 -0.409698486328125 0.489776611328125
-0.108497619628906 -0.05267333984375 0.4097900390625 -0.54449462890625
-0.116470336914063 -0.00344848632812502 0.357330322265625 -0.46514892578125
-0.070556640625 0.09796142578125 0.165771484375 -0.351776123046875
0.019439697265625 0.0980987548828125 -0.0408172607421875 -0.242340087890625
0.0872802734375 0.0154037475585937 -0.0751419067382812 0.111373901367188
0.0324783325195313 -0.0731353759765625 0.2015380859375 0.341461181640625
0.00819778442382813 -0.0634880065917969 0.54132080078125 0.2637939453125
0.0018310546875 -0.0585670471191406 0.63006591796875 0.22943115234375
-0.0195846557617187 -0.088134765625 0.7039794921875 0.287109375
0.0290985107421875 -0.066497802734375 0.54449462890625 0.47412109375
0.0822906494140625 -0.0349655151367188 0.2723388671875 0.447265625
0.0953369140625 0.074066162109375 0.13311767578125 0.27069091796875
0.0083770751953125 0.128684997558594 0.127784729003906 0.0784759521484375
-0.07061767578125 0.094940185546875 0.308013916015625 -0.1484375
-0.0772705078125 0.0132064819335937 0.7154541015625 -0.23388671875
-0.309173583984375 0.17669677734375 0.3834228515625 -0.51300048828125
-0.23046875 0.17535400390625 0.38751220703125 -0.404876708984375
-0.140228271484375 0.27789306640625 0.24261474609375 -0.331146240234375
-0.00416564941406248 0.253387451171875 0.00486755371093752 -0.28094482421875
0.103683471679688 0.215988159179688 -0.10296630859375 0.073822021484375
0.156478881835938 0.115325927734375 0.148529052734375 0.32177734375
0.218093872070313 0.0811920166015625 0.488800048828125 0.2724609375
0.22296142578125 0.119842529296875 0.576416015625 0.22247314453125
0.22900390625 0.09320068359375 0.66925048828125 0.2506103515625
0.181427001953125 0.184463500976563 0.5333251953125 0.4072265625
0.121139526367188 0.2613525390625 0.272552490234375 0.39312744140625
0.03173828125 0.344390869140625 0.159957885742188 0.237213134765625
-0.20159912109375 0.3448486328125 0.155517578125 0.0726318359375
-0.278778076171875 0.2647705078125 0.318267822265625 -0.13397216796875
-0.335235595703125 0.20782470703125 0.66241455078125 -0.21087646484375
-0.490203857421875 0.3878173828125 0.2965087890625 -0.416900634765625
-0.345428466796875 0.3597412109375 0.38677978515625 -0.3193359375
-0.21148681640625 0.459503173828125 0.286865234375 -0.311187744140625
-0.03662109375 0.4049072265625 0.0301513671875 -0.309783935546875
0.09619140625 0.41143798828125 -0.130943298339844 0.0213470458984376
0.2501220703125 0.31182861328125 0.07220458984375 0.2564697265625
0.39483642578125 0.230255126953125 0.36651611328125 0.237457275390625
0.412445068359375 0.2823486328125 0.43585205078125 0.184173583984375
0.451416015625 0.242706298828125 0.5364990234375 0.175689697265625
0.338623046875 0.3798828125 0.44805908203125 0.282073974609375
0.20013427734375 0.506072998046875 0.24237060546875 0.29315185546875
0.0296630859375 0.57684326171875 0.1763916015625 0.188430786132813
-0.333221435546875 0.5518798828125 0.162002563476562 0.0914306640625
-0.416168212890625 0.428314208984375 0.266082763671875 -0.0670166015625
-0.527435302734375 0.3876953125 0.518585205078125 -0.139312744140625
-0.61700439453125 0.5364990234375 0.145248413085937 -0.261306762695312
-0.437286376953125 0.493804931640625 0.34393310546875 -0.205352783203125
-0.2933349609375 0.5950927734375 0.28863525390625 -0.292510986328125
-0.094085693359375 0.534576416015625 0.026519775390625 -0.329986572265625
0.063720703125 0.59185791015625 -0.1650390625 -0.0516815185546875
0.3118896484375 0.493499755859375 -0.0286102294921875 0.141555786132813
0.51885986328125 0.360931396484375 0.18316650390625 0.1617431640625
0.54315185546875 0.401275634765625 0.225753784179688 0.117507934570313
0.60955810546875 0.34063720703125 0.32196044921875 0.089874267578125
0.45721435546875 0.493377685546875 0.289093017578125 0.13623046875
0.2774658203125 0.650634765625 0.170623779296875 0.175979614257813
0.0614624023437501 0.70794677734375 0.167938232421875 0.137313842773438
-0.3707275390625 0.682861328125 0.14874267578125 0.135452270507813
-0.4566650390625 0.5400390625 0.17645263671875 0.0566864013671875
-0.62109375 0.52288818359375 0.3118896484375 -0.0137939453125
-0.6448974609375 0.58203125 -0.0584335327148438 -0.0753860473632812
-0.470428466796875 0.515533447265625 0.242385864257812 -0.077301025390625
-0.371337890625 0.6185302734375 0.235321044921875 -0.260772705078125
-0.1727294921875 0.59796142578125 -0.000427246093749979 -0.336181640625
0.00781250000000002 0.708984375 -0.198440551757813 -0.149703979492187
0.33367919921875 0.6202392578125 -0.150558471679687 -0.0204010009765625
0.56683349609375 0.44183349609375 -0.0446357727050781 0.048248291015625
0.59002685546875 0.4613037109375 -0.0213508605957031 0.0342979431152344
0.6680908203125 0.38787841796875 0.065948486328125 0.00440216064453127
0.484466552734375 0.52374267578125 0.0902328491210938 -0.000831604003906218
0.29254150390625 0.67694091796875 0.0787124633789063 0.06683349609375
0.07269287109375 0.69482421875 0.13916015625 0.103233337402344
-0.3380126953125 0.67083740234375 0.117568969726562 0.2042236328125
-0.40478515625 0.55413818359375 0.066680908203125 0.214340209960938
-0.607666015625 0.58026123046875 0.080718994140625 0.144317626953125
-0.56329345703125 0.51715087890625 -0.277297973632813 0.096038818359375
-0.427886962890625 0.4195556640625 0.0860366821289062 0.040283203125
-0.40826416015625 0.511016845703125 0.139755249023437 -0.203811645507812
-0.238800048828125 0.554656982421875 -0.030059814453125 -0.320709228515625
-0.0513916015625 0.7113037109375 -0.214218139648437 -0.262832641601563
0.31072998046875 0.64361572265625 -0.277786254882813 -0.20556640625
0.530059814453125 0.45050048828125 -0.286224365234375 -0.0803833007812499
0.5428466796875 0.452667236328125 -0.265213012695313 -0.052978515625
0.60821533203125 0.38079833984375 -0.182327270507813 -0.0738983154296875
0.4091796875 0.478240966796875 -0.092315673828125 -0.116806030273437
0.21783447265625 0.5841064453125 0.00647735595703126 -0.0234050750732422
0.03228759765625 0.5484619140625 0.106346130371094 0.0961532592773438
-0.261932373046875 0.518829345703125 0.0649871826171875 0.280227661132813
-0.291046142578125 0.468170166015625 -0.05072021484375 0.3590087890625
-0.50469970703125 0.548828125 -0.13177490234375 0.30487060546875
-0.3865966796875 0.374267578125 -0.47418212890625 0.223388671875
-0.30645751953125 0.264068603515625 -0.0920257568359375 0.127944946289063
-0.356109619140625 0.3187255859375 0.0326995849609375 -0.137779235839844
-0.23974609375 0.408843994140625 -0.05084228515625 -0.295074462890625
-0.0799560546875 0.57501220703125 -0.212158203125 -0.36883544921875
0.243927001953125 0.545318603515625 -0.392547607421875 -0.3714599609375
0.410552978515625 0.378662109375 -0.503204345703125 -0.190643310546875
0.41363525390625 0.375152587890625 -0.46710205078125 -0.128936767578125
0.45611572265625 0.328643798828125 -0.376434326171875 -0.143951416015625
0.26348876953125 0.377288818359375 -0.214324951171875 -0.208221435546875
0.095367431640625 0.415435791015625 -0.0180511474609375 -0.0848312377929687
-0.024169921875 0.328582763671875 0.0815658569335938 0.116485595703125
-0.15716552734375 0.298614501953125 -0.011749267578125 0.344085693359375
-0.15057373046875 0.3243408203125 -0.16473388671875 0.4539794921875
-0.339813232421875 0.44122314453125 -0.298980712890625 0.436920166015625
-0.141265869140625 0.188919067382813 -0.6102294921875 0.29559326171875
-0.116546630859375 0.099639892578125 -0.241134643554687 0.183456420898438
-0.204116821289063 0.09521484375 -0.0528717041015625 -0.0838775634765625
-0.162445068359375 0.192352294921875 -0.067169189453125 -0.270645141601562
-0.076202392578125 0.326934814453125 -0.206756591796875 -0.438751220703125
0.136322021484375 0.340545654296875 -0.48193359375 -0.471893310546875
0.220993041992188 0.24346923828125 -0.66162109375 -0.25836181640625
0.22064208984375 0.242172241210937 -0.59747314453125 -0.181396484375
0.243408203125 0.234024047851563 -0.48907470703125 -0.203826904296875
0.0977630615234375 0.234100341796875 -0.260772705078125 -0.26983642578125
-0.0166778564453125 0.211639404296875 -0.000762939453125004 -0.110198974609375
-0.0577545166015625 0.105728149414063 0.0546875 0.15576171875
-0.0402984619140625 0.0866470336914063 -0.107574462890625 0.374481201171875
-0.0169219970703125 0.166702270507813 -0.266815185546875 0.4833984375
-0.149093627929688 0.273025512695313 -0.40521240234375 0.52294921875
-0.112434387207031 -0.0474090576171875 0.39190673828125 -0.5909423828125
-0.118080139160156 0.00344848632812498 0.339569091796875 -0.501312255859375
-0.0647506713867188 0.104217529296875 0.15167236328125 -0.370758056640625
0.0264434814453125 0.100845336914063 -0.058441162109375 -0.246505737304688
0.0882034301757813 0.0113754272460938 -0.0737152099609375 0.120941162109375
0.0283126831054687 -0.0759735107421875 0.2279052734375 0.34210205078125
0.00811767578125001 -0.0643348693847656 0.5684814453125 0.2406005859375
0.000831604003906247 -0.0591621398925781 0.65484619140625 0.19793701171875
-0.024505615234375 -0.0879440307617188 0.73480224609375 0.25079345703125
0.0274085998535156 -0.0698814392089844 0.58868408203125 0.4560546875
0.083648681640625 -0.03900146484375 0.305755615234375 0.44647216796875
0.102592468261719 0.0714492797851563 0.152740478515625 0.2677001953125
0.0128860473632813 0.1297607421875 0.138069152832031 0.0712432861328125
-0.0688018798828125 0.0983963012695313 0.308013916015625 -0.170501708984375
-0.0762100219726563 0.0171279907226563 0.71771240234375 -0.28216552734375
-0.306488037109375 0.20330810546875 0.36822509765625 -0.55609130859375
-0.226806640625 0.195953369140625 0.372222900390625 -0.439849853515625
-0.125152587890625 0.294586181640625 0.231842041015625 -0.35357666015625
0.0114593505859375 0.2608642578125 -0.0118408203125 -0.288848876953125
0.117904663085937 0.214340209960938 -0.103248596191406 0.0826492309570313
0.163833618164063 0.110626220703125 0.1710205078125 0.324493408203125
0.230392456054687 0.07379150390625 0.514892578125 0.251068115234375
0.237838745117188 0.111251831054687 0.59979248046875 0.19635009765625
0.239151000976563 0.0848846435546875 0.69683837890625 0.2161865234375
0.196990966796875 0.180328369140625 0.57196044921875 0.38690185546875
0.1396484375 0.263931274414063 0.303009033203125 0.391754150390625
0.052490234375 0.35345458984375 0.179290771484375 0.230758666992188
-0.190399169921875 0.367431640625 0.16778564453125 0.0639801025390625
-0.2752685546875 0.28546142578125 0.319915771484375 -0.15673828125
-0.3319091796875 0.23486328125 0.665771484375 -0.2550048828125
-0.484100341796875 0.433441162109375 0.28326416015625 -0.452850341796875
-0.3363037109375 0.3946533203125 0.375701904296875 -0.34893798828125
-0.188232421875 0.4881591796875 0.27947998046875 -0.336181640625
-0.012115478515625 0.417236328125 0.013671875 -0.320526123046875
0.122802734375 0.414642333984375 -0.133087158203125 0.0286788940429688
0.26934814453125 0.306243896484375 0.0879058837890625 0.261199951171875
0.418060302734375 0.217620849609375 0.386627197265625 0.2235107421875
0.441741943359375 0.265380859375 0.4549560546875 0.164276123046875
0.47607421875 0.223663330078125 0.558868408203125 0.148590087890625
0.36907958984375 0.373321533203125 0.474761962890625 0.261993408203125
0.23382568359375 0.51141357421875 0.26629638671875 0.2900390625
0.06097412109375 0.59246826171875 0.194183349609375 0.178756713867188
-0.31304931640625 0.5904541015625 0.177200317382813 0.0840301513671875
-0.408233642578125 0.46221923828125 0.270126342773438 -0.0840911865234375
-0.519378662109375 0.4346923828125 0.52105712890625 -0.171661376953125
-0.605224609375 0.59466552734375 0.137588500976563 -0.280731201171875
-0.425079345703125 0.5401611328125 0.339599609375 -0.229034423828125
-0.264892578125 0.63421630859375 0.283447265625 -0.317962646484375
-0.063140869140625 0.55517578125 0.01043701171875 -0.3428955078125
0.10089111328125 0.60137939453125 -0.172134399414063 -0.0448150634765624
0.3441162109375 0.489776611328125 -0.0234527587890625 0.147781372070313
0.54876708984375 0.3443603515625 0.194992065429688 0.156173706054688
0.5806884765625 0.382568359375 0.237045288085938 0.109649658203125
0.64276123046875 0.3177490234375 0.335784912109375 0.07269287109375
0.493072509765625 0.484527587890625 0.30242919921875 0.121551513671875
0.3206787109375 0.65484619140625 0.18695068359375 0.17230224609375
0.10101318359375 0.72265625 0.183303833007813 0.12567138671875
-0.34210205078125 0.72772216796875 0.167648315429687 0.129669189453125
-0.44189453125 0.5799560546875 0.184188842773437 0.04833984375
-0.6092529296875 0.5799560546875 0.315460205078125 -0.031463623046875
-0.63299560546875 0.64569091796875 -0.0615234375 -0.0764389038085937
-0.46087646484375 0.5660400390625 0.244857788085938 -0.0906219482421875
-0.34375 0.664306640625 0.23248291015625 -0.282867431640625
-0.1407470703125 0.6221923828125 -0.016754150390625 -0.347442626953125
0.0520629882812499 0.72625732421875 -0.211807250976562 -0.145263671875
0.37274169921875 0.6195068359375 -0.158935546875 -0.0124053955078124
0.60284423828125 0.42474365234375 -0.0446701049804687 0.0522384643554688
0.63128662109375 0.4410400390625 -0.0191497802734375 0.0383377075195313
0.7054443359375 0.36077880859375 0.0687751770019532 0.000728607177734397
0.52410888671875 0.511199951171875 0.0898895263671875 -0.00806427001953122
0.33612060546875 0.67596435546875 0.0865097045898438 0.0625381469726563
0.1121826171875 0.70880126953125 0.152359008789063 0.0927886962890625
-0.30560302734375 0.71282958984375 0.139892578125 0.202865600585938
-0.386474609375 0.59307861328125 0.079833984375 0.217941284179688
-0.59442138671875 0.64276123046875 0.0878601074218749 0.147048950195313
-0.5543212890625 0.57305908203125 -0.277008056640625 0.113967895507813
-0.422882080078125 0.46575927734375 0.09027099609375 0.0399551391601563
-0.38861083984375 0.556304931640625 0.13653564453125 -0.21856689453125
-0.21270751953125 0.58013916015625 -0.046173095703125 -0.329620361328125
-0.00842285156249998 0.73028564453125 -0.233367919921875 -0.260711669921875
0.35223388671875 0.64691162109375 -0.300018310546875 -0.196044921875
0.56427001953125 0.43682861328125 -0.2982177734375 -0.065185546875
0.58233642578125 0.43408203125 -0.2713623046875 -0.0370330810546875
0.6448974609375 0.35687255859375 -0.1878662109375 -0.0640869140625
0.44317626953125 0.4688720703125 -0.103515625 -0.116188049316406
0.25396728515625 0.58648681640625 0.00777626037597658 -0.0275783538818359
0.06329345703125 0.558990478515625 0.119216918945312 0.0883026123046875
-0.233184814453125 0.55194091796875 0.08953857421875 0.284332275390625
-0.2752685546875 0.4996337890625 -0.030731201171875 0.374237060546875
-0.48736572265625 0.603515625 -0.1207275390625 0.32598876953125
-0.378753662109375 0.41644287109375 -0.47210693359375 0.258331298828125
-0.303680419921875 0.29632568359375 -0.0885391235351563 0.140388488769531
-0.347076416015625 0.353485107421875 0.027435302734375 -0.142776489257812
-0.222869873046875 0.430816650390625 -0.0660400390625 -0.300811767578125
-0.0485839843750001 0.5924072265625 -0.236724853515625 -0.369598388671875
0.279266357421875 0.54791259765625 -0.426971435546875 -0.36114501953125
0.43829345703125 0.370819091796875 -0.526092529296875 -0.166778564453125
0.443878173828125 0.361114501953125 -0.482025146484375 -0.10394287109375
0.48541259765625 0.310638427734375 -0.390716552734375 -0.12493896484375
0.287567138671875 0.372955322265625 -0.23309326171875 -0.20306396484375
0.119476318359375 0.418304443359375 -0.0205841064453125 -0.0892562866210937
-0.00729370117187504 0.3367919921875 0.0946273803710938 0.113029479980469
-0.137725830078125 0.3182373046875 0.01373291015625 0.35400390625
-0.13812255859375 0.34320068359375 -0.142425537109375 0.4776611328125
-0.327117919921875 0.481719970703125 -0.2822265625 0.4736328125
-0.136154174804687 0.207473754882813 -0.60650634765625 0.3409423828125
-0.115814208984375 0.114776611328125 -0.238967895507813 0.206024169921875
-0.204315185546875 0.113479614257813 -0.0591506958007813 -0.0801849365234375
-0.157196044921875 0.203460693359375 -0.081817626953125 -0.272613525390625
-0.058746337890625 0.3385009765625 -0.234039306640625 -0.441802978515625
0.15814208984375 0.343048095703125 -0.52459716796875 -0.45965576171875
0.2379150390625 0.240447998046875 -0.69122314453125 -0.22540283203125
0.238555908203125 0.236083984375 -0.618896484375 -0.15106201171875
0.262130737304688 0.225082397460937 -0.5084228515625 -0.178924560546875
0.110336303710938 0.23419189453125 -0.284332275390625 -0.263031005859375
-0.00698852539062502 0.215576171875 -0.00490570068359375 -0.115715026855469
-0.0525054931640625 0.109809875488281 0.068328857421875 0.156463623046875
-0.0319061279296875 0.09332275390625 -0.0849609375 0.3905029296875
-0.00910949707031248 0.174331665039062 -0.243255615234375 0.51263427734375
-0.141357421875 0.294189453125 -0.38714599609375 0.56842041015625
-0.115188598632813 -0.039276123046875 0.35345458984375 -0.63323974609375
-0.117080688476563 0.0120925903320313 0.302734375 -0.534881591796875
-0.0560836791992188 0.108421325683594 0.12628173828125 -0.38671875
0.0356063842773437 0.100906372070313 -0.079925537109375 -0.245208740234375
0.0881576538085938 0.00537872314453125 -0.0680389404296875 0.129402160644531
0.021453857421875 -0.0781021118164063 0.2564697265625 0.32928466796875
0.00630950927734375 -0.0659408569335938 0.58770751953125 0.201171875
-0.00113296508789062 -0.0596427917480469 0.67034912109375 0.15191650390625
-0.0309829711914062 -0.08526611328125 0.75592041015625 0.196044921875
0.0229568481445312 -0.0727005004882813 0.627197265625 0.41534423828125
0.0832672119140625 -0.0444717407226563 0.343658447265625 0.431243896484375
0.110122680664063 0.0654220581054688 0.174423217773438 0.25592041015625
0.0188140869140625 0.129348754882813 0.145843505859375 0.058868408203125
-0.06396484375 0.102272033691406 0.298431396484375 -0.19622802734375
-0.0736160278320313 0.0215301513671875 0.6993408203125 -0.33941650390625
-0.29388427734375 0.232025146484375 0.33172607421875 -0.5955810546875
-0.213058471679687 0.217880249023438 0.340179443359375 -0.472900390625
-0.101287841796875 0.30767822265625 0.20892333984375 -0.374725341796875
0.033172607421875 0.26202392578125 -0.03466796875 -0.292388916015625
0.133697509765625 0.206680297851563 -0.0995712280273438 0.0916976928710938
0.170928955078125 0.101089477539062 0.19769287109375 0.31549072265625
0.239791870117188 0.058074951171875 0.53515625 0.215576171875
0.250259399414063 0.0950927734375 0.61590576171875 0.15380859375
0.248703002929688 0.069091796875 0.71832275390625 0.1634521484375
0.212326049804687 0.168487548828125 0.6058349609375 0.34423828125
0.161972045898438 0.258331298828125 0.33837890625 0.375396728515625
0.079681396484375 0.354949951171875 0.198501586914063 0.216690063476563
-0.166107177734375 0.386871337890625 0.17791748046875 0.0499725341796875
-0.260498046875 0.3072509765625 0.311370849609375 -0.182830810546875
-0.3167724609375 0.2646484375 0.65032958984375 -0.3095703125
-0.45806884765625 0.4818115234375 0.2542724609375 -0.4832763671875
-0.309326171875 0.429473876953125 0.351898193359375 -0.38055419921875
-0.149444580078125 0.508880615234375 0.2587890625 -0.361602783203125
0.020416259765625 0.420928955078125 -0.00939941406250002 -0.326507568359375
0.1544189453125 0.406494140625 -0.133277893066406 0.038055419921875
0.289703369140625 0.2928466796875 0.107284545898438 0.257492065429688
0.437896728515625 0.191802978515625 0.4044189453125 0.197052001953125
0.4676513671875 0.235809326171875 0.469207763671875 0.13226318359375
0.498809814453125 0.192291259765625 0.5726318359375 0.10528564453125
0.39910888671875 0.35028076171875 0.49713134765625 0.2265625
0.275177001953125 0.50152587890625 0.29254150390625 0.2744140625
0.10552978515625 0.59564208984375 0.21075439453125 0.161483764648438
-0.2703857421875 0.62353515625 0.190887451171875 0.0685577392578125
-0.38116455078125 0.4969482421875 0.2659912109375 -0.10552978515625
-0.491180419921875 0.482421875 0.509307861328125 -0.21282958984375
-0.568359375 0.65570068359375 0.119476318359375 -0.297698974609375
-0.391357421875 0.58489990234375 0.32489013671875 -0.25494384765625
-0.215576171875 0.66595458984375 0.265960693359375 -0.34454345703125
-0.02020263671875 0.5623779296875 -0.013580322265625 -0.349365234375
0.14801025390625 0.59637451171875 -0.177520751953125 -0.0349273681640625
0.37774658203125 0.472412109375 -0.0149383544921875 0.151901245117188
0.5799560546875 0.31158447265625 0.205490112304688 0.1431884765625
0.6175537109375 0.34149169921875 0.247634887695313 0.0933990478515625
0.6734619140625 0.27252197265625 0.343658447265625 0.046142578125
0.5321044921875 0.453094482421875 0.31231689453125 0.098876953125
0.37200927734375 0.64013671875 0.203964233398438 0.159759521484375
0.1553955078125 0.723876953125 0.1964111328125 0.107559204101563
-0.287353515625 0.764404296875 0.186431884765625 0.116363525390625
-0.408447265625 0.619873046875 0.18963623046875 0.0358428955078125
-0.5704345703125 0.64068603515625 0.31231689453125 -0.053680419921875
-0.594482421875 0.70947265625 -0.0645065307617188 -0.0753402709960937
-0.42584228515625 0.6173095703125 0.240478515625 -0.107315063476562
-0.29376220703125 0.70452880859375 0.21783447265625 -0.30535888671875
-0.09576416015625 0.635986328125 -0.04052734375 -0.352142333984375
0.10675048828125 0.72552490234375 -0.22509765625 -0.133193969726562
0.4195556640625 0.600341796875 -0.164764404296875 -6.1035156249932E-05
0.64031982421875 0.39111328125 -0.0424766540527343 0.0568618774414063
0.669921875 0.39776611328125 -0.0145072937011718 0.0412101745605469
0.7374267578125 0.3101806640625 0.0714950561523438 -0.00557708740234373
0.5631103515625 0.47979736328125 0.0875930786132813 -0.0158767700195312
0.3861083984375 0.6607666015625 0.0940399169921875 0.05419921875
0.1644287109375 0.7081298828125 0.1634521484375 0.0760192871093751
-0.24908447265625 0.7471923828125 0.165176391601562 0.192092895507813
-0.349365234375 0.627685546875 0.098175048828125 0.215255737304688
-0.550537109375 0.703125 0.0977325439453125 0.145294189453125
-0.5201416015625 0.62890625 -0.268569946289063 0.136001586914062
-0.395111083984375 0.512237548828125 0.0950546264648437 0.0363693237304688
-0.347900390625 0.598876953125 0.125381469726562 -0.231964111328125
-0.1728515625 0.5985107421875 -0.068695068359375 -0.33172607421875
0.0461425781250001 0.7353515625 -0.255096435546875 -0.248764038085937
0.4002685546875 0.6292724609375 -0.322113037109375 -0.176971435546875
0.60052490234375 0.40484619140625 -0.3057861328125 -0.042083740234375
0.62066650390625 0.39532470703125 -0.272735595703125 -0.0157165527343749
0.67535400390625 0.31121826171875 -0.191680908203125 -0.051422119140625
0.47760009765625 0.443115234375 -0.1160888671875 -0.110748291015625
0.2979736328125 0.571533203125 0.00795745849609377 -0.0318737030029296
0.103973388671875 0.559417724609375 0.130859375 0.0750198364257813
-0.18731689453125 0.5775146484375 0.120040893554687 0.278717041015625
-0.241546630859375 0.525482177734375 -0.00152587890625 0.382568359375
-0.44677734375 0.65655517578125 -0.0981750488281251 0.3441162109375
-0.353790283203125 0.455963134765625 -0.454681396484375 0.2955322265625
-0.28692626953125 0.33123779296875 -0.0782318115234375 0.151535034179688
-0.32232666015625 0.390411376953125 0.02044677734375 -0.146270751953125
-0.195037841796875 0.448333740234375 -0.086456298828125 -0.299346923828125
-0.00262451171875002 0.59967041015625 -0.2659912109375 -0.359344482421875
0.320892333984375 0.535614013671875 -0.462738037109375 -0.33343505859375
0.46917724609375 0.348114013671875 -0.542388916015625 -0.128448486328125
0.4754638671875 0.331787109375 -0.4892578125 -0.0669860839843749
0.51129150390625 0.275421142578125 -0.398529052734375 -0.0968627929687499
0.313720703125 0.3565673828125 -0.252197265625 -0.187210083007812
0.14788818359375 0.4117431640625 -0.0255203247070312 -0.09259033203125
0.017242431640625 0.338714599609375 0.108169555664063 0.103218078613281
-0.109832763671875 0.3338623046875 0.04742431640625 0.35540771484375
-0.115570068359375 0.3590087890625 -0.1055908203125 0.49530029296875
-0.29345703125 0.51959228515625 -0.248260498046875 0.50579833984375
-0.122833251953125 0.223953247070312 -0.583740234375 0.391357421875
-0.108413696289063 0.129798889160156 -0.22589111328125 0.22943115234375
-0.19683837890625 0.1346435546875 -0.0651473999023438 -0.0739364624023438
-0.144851684570312 0.213577270507813 -0.100601196289063 -0.269012451171875
-0.032928466796875 0.344268798828125 -0.267578125 -0.43157958984375
0.186798095703125 0.3350830078125 -0.56683349609375 -0.42755126953125
0.256622314453125 0.229248046875 -0.711669921875 -0.17510986328125
0.257064819335938 0.22119140625 -0.62908935546875 -0.10595703125
0.279693603515625 0.205963134765625 -0.52105712890625 -0.142181396484375
0.125869750976563 0.228424072265625 -0.30694580078125 -0.24285888671875
0.00663757324218749 0.216278076171875 -0.01141357421875 -0.1195068359375
-0.0446853637695313 0.113746643066406 0.0847930908203125 0.152114868164062
-0.0216445922851563 0.0973892211914063 -0.052581787109375 0.399658203125
0.0024261474609375 0.179092407226563 -0.20489501953125 0.537261962890625
-0.1209716796875 0.314056396484375 -0.34716796875 0.609619140625
-0.114295959472656 -0.02972412109375 0.30279541015625 -0.65545654296875
-0.112281799316406 0.01849365234375 0.255462646484375 -0.550384521484375
-0.0469436645507813 0.108779907226562 0.0970458984375 -0.390472412109375
0.043121337890625 0.0971221923828125 -0.0991973876953125 -0.235809326171875
0.0858840942382813 0.00057220458984375 -0.0596847534179687 0.134689331054688
0.01397705078125 -0.0769500732421875 0.278076171875 0.307891845703125
0.00449371337890625 -0.0673408508300781 0.5892333984375 0.1553955078125
-0.00272750854492188 -0.0587348937988281 0.6649169921875 0.10162353515625
-0.0357818603515625 -0.0802688598632813 0.7535400390625 0.13592529296875
0.017181396484375 -0.0737533569335938 0.64776611328125 0.3604736328125
0.0798492431640625 -0.0497665405273437 0.37158203125 0.403045654296875
0.114646911621094 0.05694580078125 0.188934326171875 0.23748779296875
0.0242462158203125 0.125839233398438 0.148391723632813 0.045074462890625
-0.057281494140625 0.103439331054687 0.280181884765625 -0.215530395507813
-0.0695381164550781 0.0243949890136719 0.66058349609375 -0.38507080078125
-0.271224975585938 0.253143310546875 0.28387451171875 -0.6165771484375
-0.192276000976563 0.231369018554688 0.2958984375 -0.49053955078125
-0.075408935546875 0.3096923828125 0.179473876953125 -0.38494873046875
0.0521087646484375 0.254180908203125 -0.0572509765625 -0.28662109375
0.145584106445312 0.192428588867187 -0.0931930541992187 0.0975265502929688
0.172271728515625 0.0893402099609375 0.217376708984375 0.29742431640625
0.242111206054688 0.0400238037109375 0.537689208984375 0.175445556640625
0.2564697265625 0.075408935546875 0.61236572265625 0.10693359375
0.250076293945312 0.051055908203125 0.71478271484375 0.107177734375
0.221221923828125 0.151138305664063 0.621826171875 0.29669189453125
0.179168701171875 0.243759155273438 0.362030029296875 0.348876953125
0.103759765625 0.344940185546875 0.210189819335938 0.195465087890625
-0.137725830078125 0.394622802734375 0.181625366210938 0.033416748046875
-0.238006591796875 0.320465087890625 0.2939453125 -0.20306396484375
-0.29119873046875 0.284942626953125 0.61358642578125 -0.35125732421875
-0.414337158203125 0.513946533203125 0.218353271484375 -0.49993896484375
-0.272430419921875 0.451171875 0.316131591796875 -0.40045166015625
-0.10736083984375 0.51397705078125 0.230560302734375 -0.37603759765625
0.050689697265625 0.410736083984375 -0.033660888671875 -0.32293701171875
0.18072509765625 0.386199951171875 -0.130516052246094 0.046417236328125
0.303253173828125 0.268798828125 0.123580932617188 0.245925903320313
0.445892333984375 0.158355712890625 0.409454345703125 0.166259765625
0.478057861328125 0.198455810546875 0.46783447265625 0.0968017578125
0.503692626953125 0.154144287109375 0.5689697265625 0.0596923828125
0.4183349609375 0.31854248046875 0.505279541015625 0.18768310546875
0.305633544921875 0.47637939453125 0.310028076171875 0.251007080078125
0.14764404296875 0.581298828125 0.218414306640625 0.13897705078125
-0.22125244140625 0.6365966796875 0.19775390625 0.04998779296875
-0.345367431640625 0.517852783203125 0.254013061523438 -0.123794555664062
-0.447113037109375 0.515045166015625 0.48236083984375 -0.245758056640625
-0.51226806640625 0.69720458984375 0.098388671875 -0.306427001953125
-0.34271240234375 0.61224365234375 0.300689697265625 -0.2725830078125
-0.15966796875 0.67559814453125 0.23992919921875 -0.359649658203125
0.0208740234375 0.553253173828125 -0.03839111328125 -0.345855712890625
0.1876220703125 0.57177734375 -0.179794311523438 -0.0233917236328125
0.4034423828125 0.440277099609375 -0.00529479980468748 0.150680541992188
0.5938720703125 0.2686767578125 0.211029052734375 0.127548217773438
0.632568359375 0.2928466796875 0.249740600585938 0.0742645263671875
0.6815185546875 0.21978759765625 0.341705322265625 0.01763916015625
0.55548095703125 0.41107177734375 0.312957763671875 0.0740966796875
0.41192626953125 0.6051025390625 0.214340209960938 0.142257690429688
0.20562744140625 0.70452880859375 0.201019287109375 0.0857391357421876
-0.224609375 0.775634765625 0.198516845703125 0.09637451171875
-0.36041259765625 0.6395263671875 0.189285278320312 0.021881103515625
-0.51409912109375 0.6795654296875 0.301239013671875 -0.07330322265625
-0.53631591796875 0.75250244140625 -0.0668411254882813 -0.0717391967773437
-0.37652587890625 0.6473388671875 0.230148315429687 -0.12139892578125
-0.234130859375 0.72039794921875 0.196807861328125 -0.31854248046875
-0.0498046875 0.6307373046875 -0.063720703125 -0.3475341796875
0.15679931640625 0.7032470703125 -0.233062744140625 -0.117813110351562
0.45562744140625 0.56365966796875 -0.166152954101562 0.0111999511718751
0.6593017578125 0.3446044921875 -0.0391235351562499 0.0597686767578125
0.689697265625 0.34423828125 -0.00899505615234371 0.0412025451660156
0.7470703125 0.2508544921875 0.0710220336914063 -0.013641357421875
0.58685302734375 0.43475341796875 0.0827255249023438 -0.0222625732421875
0.426025390625 0.62384033203125 0.098388671875 0.0452194213867188
0.210693359375 0.685302734375 0.167724609375 0.0567474365234375
-0.1868896484375 0.75445556640625 0.183700561523438 0.172470092773438
-0.3035888671875 0.64556884765625 0.112258911132813 0.20660400390625
-0.48736572265625 0.7423095703125 0.104896545410156 0.13983154296875
-0.4678955078125 0.6668701171875 -0.251876831054688 0.151458740234375
-0.35394287109375 0.543792724609375 0.0983123779296875 0.0309982299804688
-0.29595947265625 0.62103271484375 0.110870361328125 -0.239669799804688
-0.1298828125 0.60015869140625 -0.088531494140625 -0.324066162109375
0.09893798828125 0.71832275390625 -0.270889282226563 -0.230148315429687
0.43798828125 0.593994140625 -0.333953857421875 -0.151153564453125
0.62213134765625 0.36199951171875 -0.304595947265625 -0.0189819335937499
0.63934326171875 0.34454345703125 -0.265960693359375 0.00285339355468747
0.68548583984375 0.25640869140625 -0.188812255859375 -0.03955078125
0.499176025390625 0.4044189453125 -0.124458312988281 -0.10052490234375
0.33111572265625 0.5416259765625 0.00729560852050783 -0.0344600677490234
0.14111328125 0.54241943359375 0.136146545410156 0.0589141845703125
-0.13653564453125 0.5828857421875 0.1455078125 0.26239013671875
-0.201751708984375 0.5364990234375 0.0272216796875 0.378082275390625
-0.3897705078125 0.6856689453125 -0.071563720703125 0.350006103515625
-0.31646728515625 0.4810791015625 -0.42431640625 0.32525634765625
-0.25933837890625 0.354736328125 -0.0649871826171875 0.1573486328125
-0.287017822265625 0.412933349609375 0.01287841796875 -0.145721435546875
-0.16326904296875 0.452789306640625 -0.10400390625 -0.28985595703125
0.0387573242187501 0.58905029296875 -0.2880859375 -0.338104248046875
0.3553466796875 0.5052490234375 -0.484649658203125 -0.296661376953125
0.486785888671875 0.3138427734375 -0.5419921875 -0.0853576660156249
0.490203857421875 0.295013427734375 -0.480712890625 -0.03375244140625
0.5213623046875 0.23211669921875 -0.39459228515625 -0.068695068359375
0.33172607421875 0.32952880859375 -0.263107299804688 -0.165802001953125
0.173858642578125 0.393096923828125 -0.029693603515625 -0.0925827026367187
0.04107666015625 0.3299560546875 0.116378784179688 0.0906753540039063
-0.078125 0.33642578125 0.0780029296875 0.344207763671875
-0.089691162109375 0.3642578125 -0.065948486328125 0.497467041015625
-0.249755859375 0.54071044921875 -0.205841064453125 0.52130126953125
-0.10552978515625 0.233734130859375 -0.542572021484375 0.429229736328125
-0.0966339111328125 0.140960693359375 -0.205413818359375 0.24456787109375
-0.182418823242188 0.1502685546875 -0.0672950744628906 -0.0668182373046875
-0.1297607421875 0.2181396484375 -0.115478515625 -0.257537841796875
-0.00720214843749998 0.33978271484375 -0.2952880859375 -0.410797119140625
0.20855712890625 0.316925048828125 -0.59259033203125 -0.38275146484375
0.269927978515625 0.211395263671875 -0.711181640625 -0.1204833984375
0.268142700195313 0.201095581054688 -0.62005615234375 -0.061279296875
0.288116455078125 0.180755615234375 -0.518310546875 -0.103851318359375
0.13751220703125 0.21661376953125 -0.31976318359375 -0.216522216796875
0.0199737548828125 0.210433959960938 -0.01806640625 -0.119895935058594
-0.0365982055664063 0.113456726074219 0.09710693359375 0.1422119140625
-0.0109176635742187 0.0972900390625 -0.01971435546875 0.395111083984375
0.013519287109375 0.178421020507813 -0.1578369140625 0.542999267578125
-0.096343994140625 0.323333740234375 -0.294921875 0.6298828125
-0.110618591308594 -0.0233383178710937 0.2598876953125 -0.65850830078125
-0.106925964355469 0.0213546752929687 0.2176513671875 -0.549591064453125
-0.0402145385742187 0.106117248535156 0.075164794921875 -0.38592529296875
0.047393798828125 0.0927886962890625 -0.11090087890625 -0.224868774414063
0.0828857421875 -0.0024871826171875 -0.0526962280273438 0.136131286621094
0.00788879394531249 -0.0732421875 0.286865234375 0.286346435546875
0.00130844116210937 -0.0668830871582031 0.57781982421875 0.12347412109375
-0.00360870361328125 -0.0583686828613281 0.64501953125 0.06719970703125
-0.0374679565429687 -0.0750656127929688 0.733154296875 0.0926513671875
0.01287841796875 -0.073028564453125 0.6488037109375 0.3167724609375
0.0764999389648438 -0.05291748046875 0.384490966796875 0.375274658203125
0.114578247070312 0.0493621826171875 0.194534301757813 0.219802856445313
0.027313232421875 0.120887756347656 0.146255493164062 0.0340728759765625
-0.0518417358398438 0.102005004882813 0.261337280273438 -0.2237548828125
-0.0652885437011719 0.0255508422851562 0.6190185546875 -0.406982421875
-0.248123168945313 0.263748168945313 0.24359130859375 -0.6217041015625
-0.17327880859375 0.235733032226562 0.260467529296875 -0.49237060546875
-0.055694580078125 0.30401611328125 0.15606689453125 -0.383148193359375
0.063690185546875 0.24468994140625 -0.0717010498046875 -0.276870727539063
0.150054931640625 0.1795654296875 -0.0878753662109375 0.100425720214844
0.16888427734375 0.080902099609375 0.226242065429688 0.279403686523438
0.23858642578125 0.0256805419921875 0.5291748046875 0.143463134765625
0.2548828125 0.0587310791015625 0.59661865234375 0.07464599609375
0.246688842773438 0.038421630859375 0.69537353515625 0.065673828125
0.222259521484375 0.136337280273437 0.61767578125 0.25506591796875
0.18804931640625 0.22943115234375 0.37249755859375 0.32269287109375
0.11846923828125 0.3311767578125 0.213104248046875 0.177032470703125
-0.11468505859375 0.39154052734375 0.1807861328125 0.0196533203125
-0.217926025390625 0.3233642578125 0.27520751953125 -0.212173461914062
-0.26715087890625 0.29241943359375 0.57513427734375 -0.37261962890625
-0.373931884765625 0.5267333984375 0.185791015625 -0.502197265625
-0.241607666015625 0.457550048828125 0.286163330078125 -0.404388427734375
-0.074249267578125 0.507659912109375 0.2071533203125 -0.377471923828125
0.069915771484375 0.395263671875 -0.050048828125 -0.314544677734375
0.193817138671875 0.36444091796875 -0.126922607421875 0.0511093139648438
0.305450439453125 0.24908447265625 0.1312255859375 0.23297119140625
0.44366455078125 0.13262939453125 0.405029296875 0.141998291015625
0.478729248046875 0.168121337890625 0.457733154296875 0.07073974609375
0.4981689453125 0.12469482421875 0.553558349609375 0.026885986328125
0.421356201171875 0.28961181640625 0.50006103515625 0.15576171875
0.32366943359375 0.44775390625 0.31683349609375 0.229339599609375
0.17266845703125 0.5594482421875 0.218765258789063 0.1199951171875
-0.1822509765625 0.6304931640625 0.199066162109375 0.0341339111328125
-0.313873291015625 0.5196533203125 0.240798950195312 -0.13330078125
-0.4068603515625 0.52685546875 0.453094482421875 -0.261749267578125
-0.46124267578125 0.7119140625 0.0804443359374999 -0.307281494140625
-0.301025390625 0.619873046875 0.279022216796875 -0.280014038085937
-0.1160888671875 0.669189453125 0.21759033203125 -0.3646240234375
0.04815673828125 0.534942626953125 -0.0550537109375 -0.337860107421875
0.21099853515625 0.54400634765625 -0.178390502929688 -0.0147247314453125
0.410888671875 0.41253662109375 -0.00109863281249996 0.146804809570313
0.5936279296875 0.23175048828125 0.210296630859375 0.11431884765625
0.6331787109375 0.251708984375 0.245742797851563 0.059051513671875
0.6734619140625 0.1800537109375 0.33135986328125 -0.00433349609374999
0.5582275390625 0.373443603515625 0.306121826171875 0.05609130859375
0.4306640625 0.56927490234375 0.217575073242188 0.127777099609375
0.2349853515625 0.67767333984375 0.199310302734375 0.0682525634765625
-0.175048828125 0.765869140625 0.203872680664063 0.078338623046875
-0.3223876953125 0.64111328125 0.185516357421875 0.0124664306640625
-0.46246337890625 0.69366455078125 0.286285400390625 -0.084228515625
-0.4803466796875 0.76751708984375 -0.0666923522949219 -0.0693016052246093
-0.3321533203125 0.657958984375 0.2188720703125 -0.128158569335937
-0.1854248046875 0.71978759765625 0.178924560546875 -0.3228759765625
-0.0182495117187499 0.61273193359375 -0.07965087890625 -0.33819580078125
0.18853759765625 0.6722412109375 -0.236282348632813 -0.103927612304687
0.4686279296875 0.528411865234375 -0.165725708007812 0.0195007324218751
0.6612548828125 0.3038330078125 -0.0349044799804687 0.0617790222167969
0.68939208984375 0.2998046875 -0.00533294677734371 0.0389976501464844
0.738525390625 0.20599365234375 0.0688247680664063 -0.02099609375
0.589111328125 0.39508056640625 0.0769882202148438 -0.0263214111328125
0.4456787109375 0.583984375 0.0996932983398438 0.0372848510742188
0.23907470703125 0.656982421875 0.165573120117188 0.041290283203125
-0.136962890625 0.74310302734375 0.193572998046875 0.15252685546875
-0.2650146484375 0.64404296875 0.121047973632812 0.195953369140625
-0.4337158203125 0.7518310546875 0.107437133789062 0.133544921875
-0.42059326171875 0.68023681640625 -0.235214233398438 0.159347534179688
-0.3150634765625 0.555084228515625 0.0991439819335937 0.0268402099609375
-0.25091552734375 0.62542724609375 0.0994873046875 -0.2412109375
-0.098876953125 0.587646484375 -0.10125732421875 -0.3138427734375
0.13226318359375 0.69091796875 -0.277984619140625 -0.21221923828125
0.456634521484375 0.5576171875 -0.339019775390625 -0.130584716796875
0.62762451171875 0.3236083984375 -0.29632568359375 -0.00155639648437495
0.63916015625 0.302734375 -0.254547119140625 0.0140991210937501
0.67742919921875 0.2120361328125 -0.183319091796875 -0.0329437255859375
0.502655029296875 0.370025634765625 -0.127975463867187 -0.0910873413085937
0.34893798828125 0.511322021484375 0.00701522827148439 -0.0369873046875
0.164581298828125 0.519439697265625 0.135978698730469 0.0462188720703125
-0.0989990234375 0.57257080078125 0.161026000976563 0.242919921875
-0.173126220703125 0.533050537109375 0.048065185546875 0.368682861328125
-0.33941650390625 0.694091796875 -0.05096435546875 0.347564697265625
-0.283966064453125 0.49041748046875 -0.392547607421875 0.337982177734375
-0.232391357421875 0.364959716796875 -0.0534515380859375 0.158004760742188
-0.254852294921875 0.4215087890625 0.00787353515624998 -0.144058227539062
-0.140777587890625 0.447052001953125 -0.11346435546875 -0.278411865234375
0.0682983398437501 0.56951904296875 -0.29925537109375 -0.31817626953125
0.37152099609375 0.47406005859375 -0.491668701171875 -0.264068603515625
0.49267578125 0.283966064453125 -0.530242919921875 -0.0558471679687499
0.4932861328125 0.262786865234375 -0.463470458984375 -0.01025390625
0.516632080078125 0.19854736328125 -0.382904052734375 -0.0510559082031249
0.33514404296875 0.3050537109375 -0.264892578125 -0.147354125976563
0.18603515625 0.37213134765625 -0.0321731567382812 -0.0920333862304687
0.055389404296875 0.316986083984375 0.119514465332031 0.0789413452148438
-0.054779052734375 0.329010009765625 0.09765625 0.327362060546875
-0.070709228515625 0.360107421875 -0.0357666015625 0.488128662109375
-0.211517333984375 0.543853759765625 -0.17230224609375 0.520660400390625
-0.0907745361328125 0.235275268554687 -0.504241943359375 0.445770263671875
-0.0848846435546875 0.146377563476562 -0.186767578125 0.250259399414063
-0.167694091796875 0.159225463867187 -0.0671577453613282 -0.0614776611328125
-0.118057250976562 0.217041015625 -0.122421264648438 -0.245025634765625
0.00982666015624998 0.32977294921875 -0.3094482421875 -0.3885498046875
0.219940185546875 0.2969970703125 -0.60101318359375 -0.3414306640625
0.274826049804687 0.193756103515625 -0.69476318359375 -0.0812988281249998
0.270980834960938 0.184341430664063 -0.60125732421875 -0.030517578125
0.28729248046875 0.159515380859375 -0.503326416015625 -0.0777893066406249
0.14202880859375 0.2042236328125 -0.32147216796875 -0.192962646484375
0.028076171875 0.202362060546875 -0.022369384765625 -0.118728637695312
-0.0298538208007813 0.110771179199219 0.1036376953125 0.132270812988281
-0.002777099609375 0.0940322875976563 0.00411987304687502 0.383148193359375
0.0208740234375 0.175643920898438 -0.123626708984375 0.53729248046875
-0.075653076171875 0.323150634765625 -0.249755859375 0.63104248046875
-0.1077880859375 -0.0199813842773438 0.232666015625 -0.659912109375
-0.103340148925781 0.0216140747070312 0.19384765625 -0.546630859375
-0.037322998046875 0.103530883789062 0.06201171875 -0.380615234375
0.05035400390625 0.0904464721679687 -0.117843627929687 -0.218063354492187
0.0803985595703125 -0.0035400390625 -0.0487899780273437 0.137405395507813
0.00334930419921874 -0.0688743591308594 0.291290283203125 0.272918701171875
-0.000541687011718751 -0.067291259765625 0.56781005859375 0.103271484375
-0.00368118286132813 -0.0584373474121094 0.6290283203125 0.0494384765625
-0.037994384765625 -0.07122802734375 0.71612548828125 0.0704345703125
0.010406494140625 -0.072509765625 0.6439208984375 0.2919921875
0.0741958618164062 -0.053863525390625 0.390472412109375 0.357696533203125
0.115333557128906 0.0449066162109375 0.195175170898438 0.208892822265625
0.0267562866210938 0.118659973144531 0.143768310546875 0.0272674560546875
-0.049041748046875 0.100341796875 0.249267578125 -0.22698974609375
-0.0626983642578125 0.0244331359863281 0.59136962890625 -0.4163818359375
-0.23272705078125 0.267669677734375 0.21923828125 -0.62237548828125
-0.16070556640625 0.236129760742187 0.237945556640625 -0.4908447265625
-0.04376220703125 0.2996826171875 0.14276123046875 -0.381805419921875
0.070220947265625 0.236770629882813 -0.0804290771484375 -0.271560668945313
0.151702880859375 0.171173095703125 -0.0847320556640625 0.102767944335938
0.16552734375 0.077911376953125 0.230361938476562 0.267120361328125
0.235336303710938 0.0168609619140625 0.521392822265625 0.125335693359375
0.254669189453125 0.0487060546875 0.5828857421875 0.0574951171875
0.243850708007813 0.030853271484375 0.6781005859375 0.04327392578125
0.221664428710937 0.128280639648438 0.61419677734375 0.2330322265625
0.1917724609375 0.219573974609375 0.376251220703125 0.30718994140625
0.126220703125 0.3218994140625 0.212203979492188 0.165390014648438
-0.10223388671875 0.388641357421875 0.179153442382813 0.01068115234375
-0.207489013671875 0.323577880859375 0.263031005859375 -0.216781616210937
-0.253570556640625 0.294189453125 0.54937744140625 -0.379364013671875
-0.3470458984375 0.532989501953125 0.16680908203125 -0.502349853515625
-0.22021484375 0.457672119140625 0.2662353515625 -0.403594970703125
-0.053375244140625 0.500823974609375 0.193267822265625 -0.377410888671875
0.0799560546875 0.384918212890625 -0.059173583984375 -0.30950927734375
0.20037841796875 0.349822998046875 -0.125053405761719 0.054962158203125
0.303619384765625 0.24029541015625 0.133743286132813 0.22515869140625
0.44158935546875 0.1170654296875 0.39971923828125 0.127593994140625
0.476531982421875 0.149169921875 0.447509765625 0.057830810546875
0.492156982421875 0.10809326171875 0.5380859375 0.00717163085937501
0.41961669921875 0.273651123046875 0.494842529296875 0.138397216796875
0.3314208984375 0.431915283203125 0.321136474609375 0.217559814453125
0.185333251953125 0.544281005859375 0.216079711914062 0.1083984375
-0.15924072265625 0.6256103515625 0.199676513671875 0.0216217041015625
-0.295440673828125 0.52044677734375 0.23193359375 -0.1370849609375
-0.3814697265625 0.530548095703125 0.43292236328125 -0.267303466796875
-0.4278564453125 0.71942138671875 0.070098876953125 -0.307373046875
-0.2735595703125 0.6219482421875 0.264846801757813 -0.281021118164062
-0.08770751953125 0.66400146484375 0.205047607421875 -0.366058349609375
0.06060791015625 0.52032470703125 -0.064056396484375 -0.33282470703125
0.2236328125 0.523956298828125 -0.178604125976563 -0.00830078124999996
0.413116455078125 0.3955078125 -9.15527343749855E-05 0.144760131835938
0.59124755859375 0.211181640625 0.209701538085938 0.107376098632813
0.6287841796875 0.22589111328125 0.2418212890625 0.050628662109375
0.66497802734375 0.156005859375 0.321868896484375 -0.0181884765625
0.55657958984375 0.350006103515625 0.300933837890625 0.04571533203125
0.440704345703125 0.54669189453125 0.219436645507813 0.119583129882813
0.24932861328125 0.6585693359375 0.195480346679688 0.056884765625
-0.1480712890625 0.75714111328125 0.2056884765625 0.06390380859375
-0.30230712890625 0.63946533203125 0.182769775390625 0.00740051269531254
-0.42877197265625 0.69451904296875 0.276077270507813 -0.0886993408203125
-0.4459228515625 0.7745361328125 -0.0668449401855469 -0.0680618286132812
-0.30224609375 0.6614990234375 0.212600708007812 -0.130905151367188
-0.1541748046875 0.71533203125 0.169403076171875 -0.3250732421875
-0.00177001953124995 0.601318359375 -0.087493896484375 -0.33251953125
0.20361328125 0.65252685546875 -0.237579345703125 -0.0944976806640624
0.4732666015625 0.50732421875 -0.167037963867187 0.0257415771484375
0.66094970703125 0.2802734375 -0.0314216613769531 0.0631866455078125
0.6859130859375 0.2713623046875 -0.00310897827148433 0.0369949340820313
0.72735595703125 0.17919921875 0.0652084350585938 -0.0273704528808594
0.58697509765625 0.37213134765625 0.0732269287109375 -0.0271148681640625
0.4552001953125 0.55938720703125 0.1014404296875 0.03240966796875
0.25408935546875 0.63623046875 0.161788940429688 0.0310516357421875
-0.1080322265625 0.73162841796875 0.198928833007813 0.137008666992188
-0.24371337890625 0.6412353515625 0.1253662109375 0.189971923828125
-0.39642333984375 0.75299072265625 0.10870361328125 0.130126953125
-0.391357421875 0.68658447265625 -0.224075317382813 0.162582397460938
-0.289764404296875 0.560699462890625 0.0996627807617187 0.0244979858398438
-0.2218017578125 0.6246337890625 0.0943603515625 -0.242874145507812
-0.082763671875 0.57757568359375 -0.107513427734375 -0.307769775390625
0.14862060546875 0.6728515625 -0.282257080078125 -0.200347900390625
0.464111328125 0.534423828125 -0.342071533203125 -0.11614990234375
0.62744140625 0.3006591796875 -0.28900146484375 0.00836181640624998
0.6365966796875 0.27813720703125 -0.24603271484375 0.018646240234375
0.66845703125 0.18658447265625 -0.180557250976562 -0.0320281982421875
0.4993896484375 0.34967041015625 -0.129234313964844 -0.08477783203125
0.35479736328125 0.488433837890625 0.00717926025390627 -0.0392723083496094
0.175140380859375 0.504150390625 0.134437561035156 0.0369033813476563
-0.07440185546875 0.562042236328125 0.169174194335938 0.22760009765625
-0.155792236328125 0.53094482421875 0.060455322265625 0.36083984375
-0.30706787109375 0.69580078125 -0.039306640625 0.3438720703125
-0.264251708984375 0.49365234375 -0.372894287109375 0.34283447265625
-0.214263916015625 0.370452880859375 -0.046661376953125 0.158340454101563
-0.232452392578125 0.424896240234375 0.00593566894531247 -0.142837524414062
-0.128753662109375 0.44158935546875 -0.116256713867188 -0.27215576171875
0.0825805664062501 0.55572509765625 -0.306121826171875 -0.3037109375
0.377593994140625 0.45428466796875 -0.49737548828125 -0.243682861328125
0.49481201171875 0.2655029296875 -0.51947021484375 -0.036529541015625
0.4918212890625 0.243621826171875 -0.450927734375 -0.000457763671875017
0.50909423828125 0.1771240234375 -0.37451171875 -0.042755126953125
0.33441162109375 0.2913818359375 -0.264450073242188 -0.135711669921875
0.1912841796875 0.358367919921875 -0.0333251953125 -0.0924911499023437
0.0626220703125 0.30780029296875 0.120498657226563 0.0718002319335938
-0.039886474609375 0.322296142578125 0.109344482421875 0.314483642578125
-0.059906005859375 0.3582763671875 -0.0167236328125 0.480133056640625
-0.18951416015625 0.54376220703125 -0.151611328125 0.51739501953125
-0.0824432373046875 0.236404418945313 -0.4779052734375 0.452606201171875
-0.0760498046875 0.149002075195313 -0.174484252929687 0.252761840820313
-0.15557861328125 0.163421630859375 -0.0662727355957031 -0.0586357116699219
-0.1124267578125 0.216033935546875 -0.124038696289063 -0.237075805664063
0.01959228515625 0.321807861328125 -0.317230224609375 -0.374237060546875
0.22491455078125 0.2822265625 -0.6065673828125 -0.3173828125
0.277816772460938 0.183441162109375 -0.68096923828125 -0.0570678710937499
0.271255493164063 0.172470092773438 -0.5841064453125 -0.01495361328125
0.284698486328125 0.14666748046875 -0.491546630859375 -0.065093994140625
0.14251708984375 0.19732666015625 -0.320098876953125 -0.178558349609375
0.0313873291015625 0.196304321289063 -0.0242767333984375 -0.118881225585938
-0.0268478393554688 0.108169555664062 0.107879638671875 0.126045227050781
0.00151824951171875 0.0907516479492188 0.017547607421875 0.373138427734375
0.0247955322265625 0.174331665039063 -0.10321044921875 0.52935791015625
-0.0633544921875 0.322845458984375 -0.22509765625 0.62713623046875
-0.10675048828125 -0.0174789428710938 0.21514892578125 -0.6710205078125
-0.103706359863281 0.0213546752929687 0.179840087890625 -0.550537109375
-0.03619384765625 0.103767395019531 0.053985595703125 -0.383941650390625
0.0538482666015625 0.0897293090820313 -0.125015258789063 -0.216629028320313
0.0801849365234375 -0.0043182373046875 -0.0468673706054687 0.14013671875
0.00138473510742187 -0.0646743774414063 0.298583984375 0.26629638671875
-0.00227737426757812 -0.0673713684082031 0.5672607421875 0.09124755859375
-0.00328063964843751 -0.0602836608886719 0.62628173828125 0.040283203125
-0.037628173828125 -0.0696792602539063 0.71197509765625 0.05615234375
0.00836944580078125 -0.0728225708007813 0.6505126953125 0.27764892578125
0.073516845703125 -0.056671142578125 0.402618408203125 0.351806640625
0.117294311523438 0.0424575805664063 0.196975708007813 0.204330444335938
0.0270004272460937 0.119033813476563 0.143096923828125 0.0231170654296875
-0.0473403930664063 0.0998382568359375 0.243911743164063 -0.232528686523437
-0.0626258850097656 0.0239105224609375 0.580810546875 -0.42608642578125
-0.224319458007813 0.276229858398438 0.2027587890625 -0.6319580078125
-0.154434204101563 0.239883422851562 0.224578857421875 -0.494842529296875
-0.03564453125 0.300048828125 0.1361083984375 -0.384918212890625
0.075836181640625 0.233993530273438 -0.087677001953125 -0.270767211914063
0.154129028320313 0.16748046875 -0.0840225219726562 0.105850219726563
0.165573120117187 0.0793914794921875 0.236602783203125 0.262100219726563
0.235275268554688 0.0114593505859375 0.522613525390625 0.114837646484375
0.257568359375 0.04083251953125 0.57952880859375 0.04779052734375
0.24627685546875 0.0270843505859375 0.6739501953125 0.02838134765625
0.223785400390625 0.124847412109375 0.618896484375 0.2183837890625
0.197982788085937 0.215438842773438 0.387451171875 0.301361083984375
0.1339111328125 0.32122802734375 0.214019775390625 0.159805297851563
-0.09478759765625 0.391998291015625 0.1796875 0.00314331054687502
-0.20318603515625 0.32708740234375 0.258514404296875 -0.222549438476562
-0.246734619140625 0.299041748046875 0.540130615234375 -0.38812255859375
-0.33154296875 0.54400634765625 0.154022216796875 -0.51031494140625
-0.20843505859375 0.46600341796875 0.255767822265625 -0.407623291015625
-0.037811279296875 0.502227783203125 0.187255859375 -0.38311767578125
0.08770751953125 0.381988525390625 -0.067108154296875 -0.30999755859375
0.206817626953125 0.344512939453125 -0.1256103515625 0.0591964721679688
0.306976318359375 0.23895263671875 0.137313842773438 0.222991943359375
0.44317626953125 0.10687255859375 0.401397705078125 0.11981201171875
0.481201171875 0.135986328125 0.44549560546875 0.049468994140625
0.49609375 0.09771728515625 0.533599853515625 -0.00619506835937499
0.42510986328125 0.266510009765625 0.4981689453125 0.12744140625
0.34173583984375 0.425323486328125 0.32861328125 0.2122802734375
0.197357177734375 0.543365478515625 0.21630859375 0.101272583007813
-0.1434326171875 0.629150390625 0.2017822265625 0.01190185546875
-0.28851318359375 0.5272216796875 0.22882080078125 -0.142669677734375
-0.36932373046875 0.54071044921875 0.426788330078125 -0.274169921875
-0.4091796875 0.73443603515625 0.06243896484375 -0.311492919921875
-0.2572021484375 0.63275146484375 0.2579345703125 -0.2860107421875
-0.06793212890625 0.66839599609375 0.201080322265625 -0.372711181640625
0.07135009765625 0.519378662109375 -0.0721435546875 -0.33416748046875
0.233978271484375 0.518646240234375 -0.180648803710937 -0.00257873535156246
0.420562744140625 0.391448974609375 -0.000259399414062479 0.146713256835938
0.59771728515625 0.19696044921875 0.212417602539063 0.102859497070313
0.63641357421875 0.21099853515625 0.241561889648438 0.04449462890625
0.66943359375 0.142578125 0.3173828125 -0.02789306640625
0.5621337890625 0.34368896484375 0.300750732421875 0.039093017578125
0.45306396484375 0.537322998046875 0.225479125976563 0.114120483398438
0.26416015625 0.654296875 0.19390869140625 0.0498046875
-0.12872314453125 0.75860595703125 0.209930419921875 0.05267333984375
-0.29180908203125 0.6470947265625 0.183181762695312 0.00399780273437504
-0.41162109375 0.7073974609375 0.27239990234375 -0.0919952392578124
-0.427734375 0.7923583984375 -0.0679588317871094 -0.0680046081542968
-0.281982421875 0.67376708984375 0.21026611328125 -0.13446044921875
-0.13018798828125 0.721923828125 0.16558837890625 -0.33209228515625
0.00671386718749996 0.60186767578125 -0.093841552734375 -0.33477783203125
0.2183837890625 0.6466064453125 -0.242080688476563 -0.0873413085937499
0.484771728515625 0.50140380859375 -0.170928955078125 0.03167724609375
0.66876220703125 0.26470947265625 -0.0285568237304687 0.0647544860839844
0.69342041015625 0.25634765625 -0.00200271606445308 0.0343379974365235
0.7301025390625 0.162841796875 0.0617942810058594 -0.0325698852539062
0.592041015625 0.3648681640625 0.07208251953125 -0.0284805297851562
0.465667724609375 0.55029296875 0.104103088378906 0.0283203125
0.266845703125 0.63336181640625 0.16064453125 0.024444580078125
-0.0897216796875 0.73236083984375 0.204544067382813 0.125930786132813
-0.23284912109375 0.6505126953125 0.131729125976562 0.188186645507813
-0.377685546875 0.76556396484375 0.110733032226562 0.129501342773438
-0.3741455078125 0.701416015625 -0.21868896484375 0.166290283203125
-0.2734375 0.57110595703125 0.100975036621094 0.023529052734375
-0.2021484375 0.63275146484375 0.0912628173828125 -0.248153686523437
-0.07537841796875 0.58087158203125 -0.112030029296875 -0.308868408203125
0.1636962890625 0.6688232421875 -0.28875732421875 -0.19232177734375
0.474884033203125 0.526947021484375 -0.350341796875 -0.104339599609375
0.63812255859375 0.28631591796875 -0.28668212890625 0.0161743164062501
0.64373779296875 0.26324462890625 -0.244247436523438 0.0209655761718751
0.6710205078125 0.17108154296875 -0.182220458984375 -0.0326995849609375
0.504364013671875 0.343597412109375 -0.132217407226562 -0.0813522338867187
0.363983154296875 0.480499267578125 0.00772476196289065 -0.0422286987304687
0.183502197265625 0.500701904296875 0.134712219238281 0.0316696166992188
-0.059722900390625 0.562225341796875 0.177688598632813 0.21875
-0.146270751953125 0.53643798828125 0.070098876953125 0.36090087890625
-0.290283203125 0.7047119140625 -0.0316162109375 0.347412109375
-0.2523193359375 0.505126953125 -0.362091064453125 0.350128173828125
-0.202178955078125 0.378326416015625 -0.0417938232421875 0.160308837890625
-0.217926025390625 0.4315185546875 0.00471496582031248 -0.14605712890625
-0.123046875 0.445037841796875 -0.119644165039063 -0.271591186523438
0.094268798828125 0.552093505859375 -0.31536865234375 -0.29705810546875
0.38702392578125 0.446990966796875 -0.507843017578125 -0.229156494140625
0.504058837890625 0.2547607421875 -0.517242431640625 -0.023193359375
0.496826171875 0.232940673828125 -0.448089599609375 0.00573730468749997
0.5103759765625 0.166656494140625 -0.374908447265625 -0.039703369140625
0.338165283203125 0.28717041015625 -0.267440795898438 -0.1292724609375
0.196990966796875 0.35308837890625 -0.0340576171875 -0.0949325561523437
0.067962646484375 0.3056640625 0.123237609863281 0.0676040649414063
-0.03021240234375 0.321380615234375 0.119049072265625 0.307769775390625
-0.05352783203125 0.363250732421875 -0.00350952148437497 0.480438232421875
-0.174346923828125 0.54974365234375 -0.139556884765625 0.52117919921875
-0.077789306640625 0.240707397460937 -0.46368408203125 0.46240234375
-0.0691070556640625 0.152236938476563 -0.168716430664063 0.257720947265625
-0.149307250976562 0.167343139648438 -0.0672607421875 -0.0578193664550781
-0.110992431640625 0.219100952148438 -0.125564575195312 -0.235580444335938
0.025787353515625 0.320159912109375 -0.32672119140625 -0.36920166015625
0.230010986328125 0.2760009765625 -0.6177978515625 -0.30084228515625
0.282989501953125 0.178466796875 -0.6785888671875 -0.041748046875
0.275314331054688 0.16796875 -0.58074951171875 -0.00677490234374995
0.285247802734375 0.140655517578125 -0.4912109375 -0.0572814941406251
0.144638061523438 0.196685791015625 -0.322967529296875 -0.171356201171875
0.034332275390625 0.194869995117188 -0.0267333984375 -0.121017456054687
-0.024993896484375 0.107246398925781 0.112838745117188 0.123680114746094
0.00499725341796874 0.090087890625 0.027130126953125 0.3709716796875
0.028533935546875 0.177337646484375 -0.0866699218750001 0.531494140625
-0.054840087890625 0.326080322265625 -0.2100830078125 0.6322021484375
-0.1075439453125 -0.0141220092773438 0.19464111328125 -0.692138671875
-0.105484008789063 0.0235519409179688 0.1610107421875 -0.56524658203125
-0.0342330932617188 0.107147216796875 0.04278564453125 -0.392486572265625
0.0590438842773438 0.0897064208984375 -0.137771606445313 -0.21661376953125
0.0812149047851563 -0.005950927734375 -0.0434722900390625 0.144943237304688
0.000408172607421879 -0.0612106323242188 0.313201904296875 0.26055908203125
-0.00452423095703125 -0.0680465698242188 0.57684326171875 0.073974609375
-0.0041046142578125 -0.063232421875 0.634521484375 0.0245361328125
-0.0383071899414062 -0.0692138671875 0.722900390625 0.03680419921875
0.00585174560546875 -0.0739822387695313 0.67095947265625 0.260986328125
0.0735015869140625 -0.060699462890625 0.423797607421875 0.3468017578125
0.1217041015625 0.0393142700195313 0.20513916015625 0.201507568359375
0.0290679931640625 0.121871948242188 0.144668579101563 0.0179290771484375
-0.0464248657226562 0.100975036621094 0.240524291992188 -0.243911743164063
-0.0634880065917969 0.0246849060058594 0.5740966796875 -0.4486083984375
-0.215301513671875 0.289459228515625 0.18426513671875 -0.652587890625
-0.147247314453125 0.249313354492188 0.20892333984375 -0.510009765625
-0.025115966796875 0.306854248046875 0.12652587890625 -0.397979736328125
0.0847015380859375 0.234786987304688 -0.10064697265625 -0.274368286132813
0.161270141601563 0.164993286132813 -0.0823593139648437 0.111770629882813
0.171173095703125 0.0809326171875 0.249038696289063 0.258590698242187
0.240386962890625 0.0042724609375 0.5322265625 0.098876953125
0.264541625976563 0.0307159423828125 0.5870361328125 0.0321044921875
0.25299072265625 0.0193328857421875 0.6829833984375 0.0089111328125
0.230987548828125 0.121627807617188 0.63671875 0.20147705078125
0.208587646484375 0.212554931640625 0.40728759765625 0.295928955078125
0.14764404296875 0.323333740234375 0.220260620117187 0.154647827148438
-0.084808349609375 0.4036865234375 0.182861328125 -0.00541687011718748
-0.198577880859375 0.337799072265625 0.255462646484375 -0.234527587890625
-0.241455078125 0.312591552734375 0.53302001953125 -0.408966064453125
-0.3154296875 0.5689697265625 0.137786865234375 -0.526519775390625
-0.192962646484375 0.482666015625 0.24371337890625 -0.4224853515625
-0.019195556640625 0.512451171875 0.180511474609375 -0.397125244140625
0.101318359375 0.383758544921875 -0.07928466796875 -0.315643310546875
0.2208251953125 0.342132568359375 -0.125938415527344 0.0657806396484375
0.320343017578125 0.238067626953125 0.144638061523438 0.223419189453125
0.454742431640625 0.094268798828125 0.41156005859375 0.106781005859375
0.494415283203125 0.12030029296875 0.451568603515625 0.03631591796875
0.509613037109375 0.0843505859375 0.53826904296875 -0.02398681640625
0.440093994140625 0.261383056640625 0.510589599609375 0.11212158203125
0.3621826171875 0.42132568359375 0.34576416015625 0.205841064453125
0.218963623046875 0.54937744140625 0.220352172851563 0.09454345703125
-0.12689208984375 0.64471435546875 0.206222534179687 1.52587890625395E-05
-0.279815673828125 0.545318603515625 0.22802734375 -0.151611328125
-0.35821533203125 0.5638427734375 0.423126220703125 -0.291412353515625
-0.38916015625 0.76666259765625 0.0527954101562499 -0.320648193359375
-0.2357177734375 0.65557861328125 0.251983642578125 -0.297332763671875
-0.03912353515625 0.68280029296875 0.194488525390625 -0.38861083984375
0.0860595703125 0.5257568359375 -0.084228515625 -0.341522216796875
0.252593994140625 0.517486572265625 -0.184112548828125 0.0054931640625
0.439727783203125 0.390289306640625 0.00181579589843752 0.151596069335938
0.61468505859375 0.18084716796875 0.22088623046875 0.09625244140625
0.65496826171875 0.19024658203125 0.245330810546875 0.03668212890625
0.68597412109375 0.12213134765625 0.316162109375 -0.040313720703125
0.5809326171875 0.33453369140625 0.306976318359375 0.02947998046875
0.478729248046875 0.531982421875 0.236572265625 0.107879638671875
0.28997802734375 0.6597900390625 0.196533203125 0.0421600341796875
-0.1021728515625 0.77606201171875 0.216384887695313 0.0398406982421875
-0.28009033203125 0.67041015625 0.18701171875 -0.00169372558593746
-0.396484375 0.73681640625 0.272308349609375 -0.100433349609375
-0.40582275390625 0.82550048828125 -0.0707168579101563 -0.0680313110351562
-0.26171875 0.6998291015625 0.20953369140625 -0.141098022460937
-0.1021728515625 0.7401123046875 0.1607666015625 -0.348114013671875
0.0244140625 0.61090087890625 -0.105712890625 -0.341522216796875
0.24102783203125 0.64892578125 -0.249893188476562 -0.0786285400390625
0.5078125 0.4981689453125 -0.176910400390625 0.04266357421875
0.69036865234375 0.2459716796875 -0.0245018005371093 0.0662155151367188
0.71331787109375 0.235107421875 -0.000944137573242145 0.0333423614501953
0.7476806640625 0.141357421875 0.0577812194824219 -0.0386505126953125
0.61224365234375 0.35577392578125 0.071441650390625 -0.0316619873046875
0.491729736328125 0.544342041015625 0.109375 0.02313232421875
0.29150390625 0.63629150390625 0.162200927734375 0.017364501953125
-0.0651855468750001 0.7469482421875 0.21417236328125 0.114822387695313
-0.21954345703125 0.6693115234375 0.1417236328125 0.188018798828125
-0.35491943359375 0.79510498046875 0.115692138671875 0.1307373046875
-0.35711669921875 0.73370361328125 -0.215789794921875 0.176345825195313
-0.25390625 0.593994140625 0.104988098144531 0.0225448608398438
-0.17877197265625 0.652587890625 0.0871734619140625 -0.260574340820312
-0.0615234374999999 0.5941162109375 -0.122802734375 -0.313629150390625
0.18817138671875 0.6724853515625 -0.300689697265625 -0.1845703125
0.49853515625 0.523406982421875 -0.364715576171875 -0.090118408203125
0.66217041015625 0.2696533203125 -0.287445068359375 0.02581787109375
0.66375732421875 0.24664306640625 -0.247039794921875 0.0251464843750001
0.68450927734375 0.15155029296875 -0.190048217773437 -0.030517578125
0.521942138671875 0.336456298828125 -0.138267517089844 -0.078338623046875
0.383270263671875 0.477935791015625 0.00809097290039065 -0.04632568359375
0.20208740234375 0.504486083984375 0.137763977050781 0.0257720947265625
-0.03790283203125 0.571044921875 0.190628051757813 0.210281372070313
-0.1339111328125 0.554107666015625 0.087188720703125 0.365081787109375
-0.269287109375 0.7296142578125 -0.021697998046875 0.355712890625
-0.239288330078125 0.527435302734375 -0.354522705078125 0.368438720703125
-0.18890380859375 0.393402099609375 -0.0365142822265625 0.166275024414063
-0.2042236328125 0.44671630859375 0.000625610351562492 -0.151382446289062
-0.114837646484375 0.45782470703125 -0.127883911132812 -0.27569580078125
0.11376953125 0.558685302734375 -0.33099365234375 -0.291290283203125
0.407470703125 0.441986083984375 -0.528656005859375 -0.209808349609375
0.522491455078125 0.2430419921875 -0.523773193359375 -0.00753784179687488
0.514373779296875 0.2210693359375 -0.453857421875 0.0156555175781251
0.521636962890625 0.151885986328125 -0.384063720703125 -0.031646728515625
0.3516845703125 0.284027099609375 -0.276458740234375 -0.122238159179688
0.209014892578125 0.352142333984375 -0.037628173828125 -0.0987091064453125
0.077850341796875 0.3072509765625 0.129493713378906 0.0637054443359375
-0.017822265625 0.32598876953125 0.133880615234375 0.3055419921875
-0.043609619140625 0.37408447265625 0.015716552734375 0.488922119140625
-0.15838623046875 0.56982421875 -0.1248779296875 0.53619384765625
-0.0720672607421875 0.2498779296875 -0.452056884765625 0.482757568359375
-0.0626373291015625 0.15740966796875 -0.16180419921875 0.268997192382813
-0.143417358398438 0.174758911132812 -0.0702781677246094 -0.0570297241210937
-0.107803344726562 0.226730346679688 -0.132827758789063 -0.237747192382812
0.03594970703125 0.323577880859375 -0.345184326171875 -0.365264892578125
0.240829467773437 0.272552490234375 -0.64208984375 -0.28167724609375
0.296722412109375 0.17266845703125 -0.6881103515625 -0.0213623046875001
0.285430908203125 0.162841796875 -0.58758544921875 0.0075683593750001
0.293060302734375 0.132720947265625 -0.5 -0.0463867187499999
0.151840209960938 0.197174072265625 -0.332916259765625 -0.161956787109375
0.0392608642578125 0.195938110351563 -0.030029296875 -0.124534606933594
-0.0229873657226563 0.108673095703125 0.122047424316406 0.121620178222656
0.00905609130859375 0.0904464721679688 0.042205810546875 0.374664306640625
0.03485107421875 0.182708740234375 -0.066986083984375 0.541351318359375
-0.044830322265625 0.33612060546875 -0.1934814453125 0.65045166015625
0.035976908926326 0.176170853152347 0.716867279487681 -0.252552224761657
0.087447004253738 0.130361111005415 0.622771056632021 -0.162903395891473
0.118300018546759 0.00126781487402206 0.374007935252811 -0.197558574168337
0.0478963942059524 -0.0992105059517743 0.0920633008457809 -0.235169114253627
-0.0614942689469581 -0.0710733466876242 -0.162438965008864 0.0563561992738334
-0.073597062536242 0.0045979748651036 -0.0791870131831287 0.404832258898672
-0.0930058461997097 0.0360084982098496 0.147598881097688 0.579192734851894
-0.0886756441821062 0.0490011435300351 0.290133870862201 0.626973753889056
-0.086175958345723 0.0552147102801128 0.281419161697027 0.692222360825702
-0.103160620655657 0.0412749305391613 0.112889154343801 0.70838897162786
-0.114705840782318 -0.0310594848684559 -0.109213866662768 0.587734686064743
-0.0559019198666829 -0.141269895170888 -0.103267244630138 0.29809808446234
0.0524174119946641 -0.112108839332196 0.0550000253953495 0.121352946002612
0.0901564938992076 -0.0124817343258705 0.331864276651075 0.0712262015178182
0.026691057306024 0.0632619087022632 0.691900010107535 0.162861246632522
0.341149127609934 0.0921430917584461 0.646092861332036 -0.278760370832851
0.291107433719888 0.0103788345699315 0.563515407313226 -0.122286119515075
0.27005338914126 -0.126292621316765 0.376703097374325 -0.140148060554104
0.151646984576008 -0.220005129773809 0.123443945872638 -0.242318474528552
0.00589537722774995 -0.252748497071841 -0.182220893488461 0.00845728064730283
-0.0679221485044584 -0.216909679788528 -0.13968350408476 0.361183615187304
-0.158929745606867 -0.222253461493906 0.0703171841563909 0.562135176761163
-0.193095572517525 -0.207116801946478 0.24075133215238 0.604263000489878
-0.179963352496118 -0.246086665782739 0.258523906273019 0.65737449806412
-0.0946285881381992 -0.262391363725846 0.101939884286651 0.647701196669385
-0.00756850124755631 -0.317331752748253 -0.110814281342563 0.532054908939511
0.171208554992418 -0.342010585155824 -0.0856169639169053 0.2546335316345
0.318579550466854 -0.241695061347941 0.0851670551683348 0.110445337210018
0.360965003532577 -0.041609415298042 0.335744726376182 0.0562218301431381
0.34161677195561 0.0511770031715897 0.655229541700243 0.12498925807121
0.625045107024649 0.00494371324603821 0.484261293064531 -0.28055396769723
0.505425996183947 -0.115784887573298 0.466202400850008 -0.0806470099509545
0.432291296624848 -0.2566662687462 0.359003453239645 -0.110716909586236
0.266464008324692 -0.337510286688497 0.131593934869266 -0.258596337914794
0.0944626511194217 -0.422984516507889 -0.194199595372257 -0.0541383076668166
-0.0340656228035528 -0.425868797734124 -0.189986147979005 0.263232752929174
-0.188466497841053 -0.461720311040286 -0.0183078354799215 0.462130097381058
-0.269306731545738 -0.433553500631234 0.153361820007438 0.490427552165883
-0.268400928851843 -0.498741812618032 0.199769923231245 0.522955549200199
-0.113328908913731 -0.517054206453276 0.0789320923578884 0.499198482286747
0.040656158953614 -0.571117502571714 -0.0941848142792905 0.421161679434597
0.320040263434624 -0.542327389390461 -0.0627374660960888 0.203030396119607
0.506868318987305 -0.392958819694466 0.0799303114696162 0.111990341585451
0.567820136319723 -0.111435502653546 0.248469859356534 0.0500347403353031
0.599741940219935 0.00749892011748863 0.508167287834125 0.0858308171412904
0.829641009315334 -0.0711056933461081 0.237897776478894 -0.259414188193486
0.669591956975788 -0.208949985762044 0.330150511331376 -0.0364495883897893
0.584272265584142 -0.343890752917443 0.32248856895997 -0.115547762895358
0.39917947544785 -0.425182884608837 0.118319265148023 -0.296922099795083
0.202507524287219 -0.573056879370442 -0.19932689397623 -0.141636119626942
0.0199154608774193 -0.606272427365624 -0.223662156866915 0.108981747986681
-0.18618573850894 -0.653114693129798 -0.107142072489347 0.28252005682891
-0.307822875494997 -0.596657816040585 0.039512074253593 0.303919609979757
-0.325612124768611 -0.667110971796893 0.102020225262611 0.319974400369233
-0.135479451426818 -0.67679103677412 0.0266721613781033 0.289651185363656
0.0479880507596256 -0.727536218548123 -0.0802374898233693 0.268470194747433
0.37174360786204 -0.668105096069688 -0.0462639486691271 0.148341676338753
0.576256436963752 -0.507242895212196 0.0428996757477822 0.135817628755185
0.663844474797733 -0.195130110261101 0.0917360776398281 0.079319677403715
0.75723516482416 -0.0647860871862192 0.277064641128928 0.0683829932764478
0.899572705721162 -0.119860734974558 -0.0560025846209615 -0.224358729652777
0.722176836387224 -0.232273877932684 0.158116360618337 -0.00468614368445312
0.672037005729884 -0.331164134618507 0.260145681911384 -0.147392361065659
0.522570364779294 -0.432724293292079 0.0941727472175046 -0.344162823204227
0.313566282715314 -0.655542089658616 -0.179052106507231 -0.256094451137664
0.0746286512423831 -0.714430017093654 -0.229825392039416 -0.0975559573017551
-0.156961203946473 -0.754563571027511 -0.183713080046838 0.0404257629351266
-0.295700550227623 -0.671358905374117 -0.083277915415012 0.0675631728066591
-0.327647206958023 -0.727306233510532 -0.0176460566476687 0.0819415051815723
-0.126455852369119 -0.713249847928348 -0.0422582973052773 0.0593305473951998
0.0546411012255224 -0.738635820933165 -0.067807403411887 0.104528358031307
0.353364563856903 -0.65574526035362 -0.0373774416287332 0.107845877447639
0.527186033835528 -0.514813059204986 -0.0192044709415956 0.18201659105276
0.629664718793431 -0.252422872451105 -0.10191547819763 0.140907300964922
0.789053470564392 -0.136268261718629 0.00213699623816967 0.0834040927737773
0.809166577033527 -0.138089968780726 -0.340131650834784 -0.19010509869173
0.637012165885545 -0.187604411988322 -0.031925029002986 -0.00409894968723546
0.647983035216902 -0.224099165832422 0.164796929763773 -0.175601981267444
0.573438823512612 -0.35000095908265 0.0757102852478987 -0.365241905212378
0.380069628392409 -0.625315112929943 -0.113088813304565 -0.374655465453316
0.116080843587605 -0.705538619279453 -0.201646777859184 -0.329584997886446
-0.102500228373375 -0.739606755317872 -0.240831539318589 -0.228391553391776
-0.239302319372094 -0.64333157936518 -0.19515065009418 -0.178733335101968
-0.263030773755305 -0.672408469831932 -0.125222368682009 -0.150734643706446
-0.0674507048299523 -0.631449758661441 -0.0926741310660836 -0.147470092605541
0.0833320476539527 -0.60762592951473 -0.0358929837379683 -0.0294654591895482
0.294889653708151 -0.491460218329662 -0.0304232653759483 0.0981799078091924
0.394807458276718 -0.409295210606477 -0.0996743351697655 0.232112019876349
0.494545390968513 -0.257267696541022 -0.284623951849149 0.200434029392988
0.699348144297155 -0.183967660076083 -0.260644676891703 0.122693744019891
0.591629611561731 -0.142105643629893 -0.565626066897678 -0.163192257979016
0.440841602360788 -0.124232670658002 -0.214669417294909 -0.0274256505622335
0.498844013695265 -0.0893178515909782 0.0630404343062349 -0.180401104089758
0.493712707098172 -0.210415011599107 0.0804370197415914 -0.346326132309672
0.356851065258115 -0.474488926449839 -0.0114271432726667 -0.472939521454158
0.128209995433658 -0.566923806224676 -0.151300807195709 -0.54044740159781
-0.0382330083395137 -0.599504155916871 -0.274980679237908 -0.474198967414684
-0.144328236937581 -0.520034623932674 -0.278106825337253 -0.394400285729224
-0.153056705953522 -0.528529758573933 -0.194218810831172 -0.34349710969922
0.0118349503965136 -0.461428431462208 -0.0984578993424226 -0.295412049424097
0.115118806461439 -0.389633302097663 0.0204739556646466 -0.102645966442844
0.206386452220875 -0.263296586249412 -0.0329146552608187 0.122981888259808
0.223132706710381 -0.249943524559933 -0.193634729870082 0.260127958394943
0.309454794395955 -0.222869930020582 -0.426978119275796 0.225415787686443
0.52116417431586 -0.195324931893672 -0.469891196487173 0.171051252826048
0.28571314450175 -0.141052629211446 -0.698288098857567 -0.134676149069236
0.175704792736844 -0.0848468710435808 -0.353876062935535 -0.0417317816973245
0.239311274303542 0.0160492859821789 -0.0101383985971608 -0.150020992667421
0.289315146229707 -0.0521123529827153 0.104073307002478 -0.299339217521509
0.2479462738546 -0.235025357662519 0.087448090460105 -0.535092970191086
0.115629225945603 -0.320520360771464 -0.103477114127945 -0.68760343258656
0.0330822931027738 -0.358778313474406 -0.28751031568972 -0.649795429615087
-0.0277663384981007 -0.318853028852656 -0.319661057693427 -0.546719495340989
-0.0251948778391508 -0.315151554578209 -0.205818581734857 -0.475442447078229
0.0776172208901583 -0.246043563642716 -0.0603336341845018 -0.370679945655446
0.118745786556896 -0.156109903458756 0.080227628751471 -0.109514909488521
0.100050536937014 -0.0543270959996606 -0.0567238287450607 0.161539289010345
0.0561901211620282 -0.0993714020389472 -0.288339752322849 0.241789897180609
0.122620637008296 -0.167289491869298 -0.511770618872045 0.202819270706209
0.286234669404512 -0.170047947832744 -0.608379108577002 0.212681034939227
0.0462323434235721 0.17396718389612 0.704743249878764 -0.305269969896498
0.0967999914124772 0.125721778615499 0.612550328544389 -0.208360051641895
0.119529628684936 -0.00644146915774044 0.363819117037935 -0.223600350974443
0.0415338161293582 -0.102939423694093 0.0744025927820814 -0.245160702002606
-0.0652103426100026 -0.0683309501355495 -0.161380077874589 0.066784813443141
-0.0726019291679802 0.00544750767085959 -0.0520548301652166 0.410222147848426
-0.0907934511236595 0.0414057442705903 0.184099847474599 0.568672521730131
-0.0877785288428582 0.0562565634631529 0.328459657304663 0.610431997437738
-0.0837579979298418 0.0601993325723356 0.323855362776606 0.675101487201915
-0.100455011291213 0.0484888794287081 0.160111219714601 0.706190306573973
-0.117868337123246 -0.0224264424784223 -0.0699334886017304 0.599575261185496
-0.0668165702065371 -0.139012093604226 -0.0872591229585645 0.305133688314956
0.0480276332490982 -0.116697815017227 0.0620721975930691 0.117380410766483
0.0896715391820922 -0.0157209751965501 0.337430159593761 0.0503430531675985
0.0305256504447024 0.0625297017836814 0.703910525853725 0.121137586030362
0.348319269559832 0.0668167445674512 0.630657963988869 -0.324668553209915
0.292725648320842 -0.0103151699793435 0.5542686068002 -0.162520618037414
0.26136533627463 -0.145991425033739 0.371699814474507 -0.16596039435357
0.137119298602481 -0.230175432756388 0.107956390022399 -0.254077737076706
-0.00948176891096125 -0.252864209233121 -0.182636248298234 0.0206599420920706
-0.0806502857162469 -0.218297805163055 -0.118300859815797 0.370750697643178
-0.173974400577314 -0.21333571738043 0.106560951988805 0.557236664638546
-0.208977765852786 -0.193557682007989 0.276150460126739 0.58904546392781
-0.198769312649068 -0.236409349042186 0.299049516793143 0.64112778688967
-0.110495642552837 -0.258745649068942 0.145334844124679 0.643481652286282
-0.028570505192511 -0.317545335072823 -0.073694782867655 0.545040107755113
0.150075521209622 -0.355606164082952 -0.0718592511810898 0.259452302262003
0.306186559262681 -0.264233657452689 0.0939248477069947 0.102452709130895
0.362148389647333 -0.0625352279501004 0.339497012934701 0.0346840761985322
0.347717002608809 0.0294679483940017 0.664274689420575 0.0850153456695498
0.629134225458741 -0.0414529218763123 0.466118866904997 -0.316016877970162
0.497321311879442 -0.152361132010984 0.459196977882263 -0.110924360699249
0.415046977095373 -0.289391218702886 0.35592136718286 -0.134384450325078
0.246530462907272 -0.354844735308789 0.117066866302691 -0.272592162138996
0.067148972940401 -0.4285912512374 -0.197809263012868 -0.0410475567088148
-0.0594643335521931 -0.431053077993235 -0.176085617098146 0.27628669696377
-0.220064369334167 -0.452263649722775 0.0123614003636135 0.462486913033939
-0.300461203833829 -0.415637130565975 0.183216042051886 0.481667503456118
-0.304092189226891 -0.484704477525083 0.231906199115876 0.50960608099468
-0.144360218134093 -0.515183557711771 0.112309799602521 0.496004867074737
0.00401721120975129 -0.576599492306838 -0.0640020813266113 0.432153244910997
0.287588809988515 -0.567990848457077 -0.0518983382150693 0.206557613225396
0.484747701925547 -0.427899467686583 0.0909594583181575 0.103428649966104
0.56831354989082 -0.14554491371061 0.252539977111728 0.0342050005603966
0.605802490927594 -0.0339920752210077 0.51423902688001 0.0547724382561103
0.83068108616315 -0.131400752187344 0.221806299925019 -0.276640799504902
0.655613920235003 -0.257818891656744 0.326090656054601 -0.0557233376515589
0.562495264699277 -0.387016491231593 0.320376068634578 -0.138625094123477
0.377150316871847 -0.452244958159214 0.101630634200156 -0.31158261585695
0.165494427490097 -0.587051461105308 -0.209133102411272 -0.128216281384056
-0.0194978846202578 -0.615905573677655 -0.222012086333187 0.124274696716942
-0.231020324399828 -0.642733735725381 -0.0865483149991852 0.289171913811571
-0.349837556310086 -0.578123424017896 0.0589318451021512 0.300059115669212
-0.371862928602415 -0.648317289687008 0.121258628663184 0.31035754884529
-0.176616499657393 -0.67510998896928 0.0454102054324633 0.287779813055516
0.00133604121449419 -0.734051471336443 -0.0602904034249946 0.276620517128725
0.329461061836814 -0.701604436354694 -0.0385083887049882 0.150086165648094
0.544762870444629 -0.546025035012331 0.0564556634304453 0.128864752776367
0.658479698666197 -0.239229194564077 0.0968333194109455 0.0740969419211474
0.758753704006249 -0.118526854662647 0.279390954028565 0.0514121996901318
0.897928027524845 -0.184648697620466 -0.0705418158348206 -0.220377252893277
0.705328012960595 -0.286143478913867 0.156870855081728 -0.0100200814172447
0.649260875691152 -0.381028323760916 0.255479969776776 -0.165419218465529
0.501090870808963 -0.467992342443882 0.0757031705913613 -0.357223699094908
0.271285432970944 -0.677247032673568 -0.196693411660058 -0.244237815797124
0.0308318317007021 -0.72960139570348 -0.243502914998108 -0.0825555162417393
-0.207654098507275 -0.749135732098857 -0.178899390740545 0.0523055858154335
-0.343951464542391 -0.65308424196881 -0.0785607082480271 0.0701184885209674
-0.378454801802142 -0.708385574611808 -0.0144063661928928 0.0790692917352237
-0.168495466015251 -0.712469879759115 -0.0399078904720951 0.0608689935872448
0.00807738121981986 -0.744955758585747 -0.0570564451187239 0.109243430216893
0.312824193773715 -0.681711506034149 -0.0299770457322055 0.108739373386651
0.493458075377832 -0.551059679066549 -0.00163399524739357 0.180204440883289
0.621749294703548 -0.29605241705208 -0.0913984286904528 0.148871812013183
0.785235022269879 -0.192359367919761 0.00444503176609022 0.0833354362458527
0.807166966831141 -0.197128217685459 -0.351940022912713 -0.165320702619346
0.624198169147003 -0.231970111272585 -0.0330919379870046 0.00350079608110401
0.634566302119853 -0.270318178622577 0.158051414694339 -0.188583645558221
0.557455539503563 -0.38727575426961 0.056442976445173 -0.377258277050516
0.340689941499232 -0.65052816428275 -0.137582307434494 -0.367520409602403
0.0730097991885292 -0.720795888890605 -0.230143391711445 -0.316597137409265
-0.154105431970935 -0.736212189743629 -0.253225019132364 -0.212216864390425
-0.283135168586985 -0.630209239440227 -0.204883058771011 -0.169043906611614
-0.309811115118554 -0.657625530593828 -0.137554342628022 -0.14656086611287
-0.104805441500949 -0.633275657367757 -0.104261529381755 -0.143327160780131
0.0437680260345418 -0.614509484942846 -0.0341669743673078 -0.0293479345319662
0.263657735883876 -0.512634442066248 -0.0222914375269977 0.10060654025812
0.366576223290993 -0.436123445440407 -0.079197876886421 0.237344457737675
0.482376796500556 -0.292473923699153 -0.269941310379475 0.222128230820102
0.692035607289915 -0.233607468773023 -0.256801502766643 0.140717736805254
0.587958530481162 -0.184888807921818 -0.576170166792464 -0.124427156499261
0.432298984896251 -0.155631831973734 -0.217553910035665 -0.00878963531998039
0.492640057477563 -0.124164820550701 0.0537854972922087 -0.18591285714991
0.486688053223715 -0.241651931756536 0.062013912498185 -0.356679175851254
0.328461164714613 -0.498272865139158 -0.0416563610759696 -0.474635081136486
0.0944012702568436 -0.579478783618337 -0.191898764720662 -0.531373368463495
-0.0806539553735681 -0.60135696612493 -0.30339812154043 -0.455549002786057
-0.178941876486508 -0.512905206670868 -0.301313697056462 -0.380233521644799
-0.188351266784358 -0.51829788397815 -0.216170117095505 -0.334153626757031
-0.0155100500047512 -0.465711675174336 -0.118983929521903 -0.290159061090208
0.0908294009939017 -0.395957028337118 0.0172563851407008 -0.106797772499055
0.18967911168261 -0.275734405741895 -0.0214643134545662 0.127055230824891
0.204452298677292 -0.264380370421361 -0.172893966548461 0.272143596253093
0.296772121837253 -0.246519065939887 -0.409881370369416 0.255423050453458
0.512123804919819 -0.234585118646696 -0.46394111740282 0.201334977030135
0.280868275244003 -0.160944595871804 -0.706114043314538 -0.0889281846785773
0.16937825011801 -0.0972520328599154 -0.358209729909684 -0.0153351986191063
0.240605504796348 -0.000712742105037498 -0.0206899790797209 -0.150131060983724
0.289557533285229 -0.0695455966230978 0.0887040944326411 -0.308781223885861
0.234119729301847 -0.250559256815666 0.0543736926654239 -0.546083560936458
0.0966027204133498 -0.329733754419725 -0.151360401028499 -0.682430630786617
0.00766416343892123 -0.363544734087666 -0.326796085381517 -0.631376482129484
-0.0481952278193007 -0.319347719637757 -0.351658884710339 -0.528655618827808
-0.0445169702672975 -0.313463755217248 -0.237070908582207 -0.464324922126562
0.0642540726142951 -0.253153943613035 -0.0858240678251959 -0.366564916495712
0.110027706675453 -0.162625806712982 0.0754958112003311 -0.116402670172425
0.0964406694806249 -0.0596240347952603 -0.0433443536685387 0.168458385090318
0.0488121394007563 -0.103643999880947 -0.270906818959405 0.261098972123825
0.112827412942373 -0.178329245488805 -0.495788329631209 0.237365046419641
0.277518796725322 -0.190970888493094 -0.599327872676819 0.253869663233668
0.0548163311411572 0.168297147104066 0.674450556358493 -0.345596067881733
0.102937714354622 0.118434576094313 0.589195381041048 -0.245704987385356
0.117576166125666 -0.0135850754521975 0.346094475494855 -0.244119632514041
0.034270229280199 -0.104464769426207 0.0575031714749244 -0.247577979753354
-0.0671391607033847 -0.0651150648213205 -0.156229945477082 0.0754430810615737
-0.0715215517753306 0.00607209187056217 -0.0275552515732752 0.405898038535427
-0.08717226382511 0.0451682482865745 0.21127027970037 0.544807117961746
-0.083874178091507 0.0620177148420875 0.354281637112928 0.580545358491191
-0.080710265928336 0.0635375532365462 0.355793740520131 0.647025481569018
-0.0951704870613699 0.0536670826175349 0.19970123723378 0.684628924642375
-0.117924799525058 -0.0138362958476108 -0.0318797088588008 0.598549369085814
-0.0753914818112815 -0.133161064177248 -0.0703000731038189 0.30471003532389
0.0426733584559524 -0.118794513545526 0.0666048845394324 0.111053927700159
0.0885088150895286 -0.0184197882564284 0.333447455336658 0.0306325550571318
0.0335054634729628 0.0605670936644862 0.698332936464985 0.0800713272101152
0.346510132755973 0.0431961355165644 0.600612254534693 -0.361393010860295
0.286269900452187 -0.0280639333157487 0.534232710240085 -0.195345671000029
0.246899100463035 -0.160106674311441 0.358125262352543 -0.186566109762519
0.122626585387887 -0.234315434349299 0.0902673712024184 -0.259945036034055
-0.0231767563728058 -0.247853188076874 -0.178478181338544 0.0309134363849451
-0.0920632010936318 -0.213917236301158 -0.0958603988666904 0.370063205118949
-0.18428590150788 -0.200433593187482 0.136648605830576 0.537023042983484
-0.218227338334248 -0.176527555250725 0.302408201777711 0.56275690640198
-0.211871844577463 -0.221685989870863 0.329340463238905 0.612199809690487
-0.122812185599215 -0.250660343712614 0.184115122571296 0.625647090526271
-0.0469263092830211 -0.310268052511468 -0.0376786688458468 0.54355706878881
0.126721471518651 -0.359900953530473 -0.0580793970707915 0.259276140983468
0.288375042990177 -0.278837559485666 0.0990279278152381 0.0929761461916621
0.355438962216818 -0.0808838862907323 0.335687030421326 0.0149223352256846
0.345051237171147 0.0078338808721023 0.658459445987642 0.0460634732581199
0.616696596218297 -0.0815433710483246 0.439551924507661 -0.339649995284176
0.480313187385018 -0.180556311856333 0.444335608255666 -0.137770173428157
0.388650309952678 -0.31301602469886 0.344685297108136 -0.15371634050364
0.224284512022154 -0.364380483954493 0.0991445745607426 -0.279170567866151
0.0413059112085625 -0.424487383568804 -0.19576764605566 -0.0288072268815997
-0.0844460405046304 -0.426081447661132 -0.1601029290602 0.282127528515233
-0.245410740838743 -0.432541121989084 0.0401668489351422 0.449046034056717
-0.322401777361834 -0.390225446620335 0.205348828687788 0.461205380838226
-0.329755589846501 -0.458726983753075 0.25553764757171 0.485371837167945
-0.170822204204832 -0.503278651021376 0.140261238985664 0.479670796782452
-0.0306616909214693 -0.567546757688346 -0.0332411640218394 0.431986234247239
0.249814155836498 -0.579014688492062 -0.041189697792625 0.205050041496287
0.453102148096729 -0.450919319846937 0.0976702452298151 0.0920504134862073
0.554363317494909 -0.176083535665091 0.249481435312282 0.0182337118384967
0.596152385355012 -0.0712251245522703 0.508623646112782 0.0245918645980853
0.812151430417687 -0.184736991403068 0.201061245443859 -0.285236344557577
0.628021823134334 -0.293901524143132 0.31736593014627 -0.0714445008209943
0.524872235228054 -0.417084414965098 0.311084640093384 -0.155692718795413
0.348934293841637 -0.466360768886344 0.0833354703598344 -0.318801179828602
0.127464971326215 -0.584766845887308 -0.211293480070811 -0.113991563612221
-0.054714789958159 -0.610796654838304 -0.215640281215763 0.136132717933908
-0.266760791756532 -0.620693525634298 -0.0657568433362566 0.286319133841577
-0.378403591461845 -0.54657201683113 0.0737250747361403 0.288750696326675
-0.407825830904582 -0.616093586072454 0.135204937616696 0.295515328941624
-0.21198803188753 -0.659916383591913 0.0616010485745666 0.279171836577569
-0.0427957086215107 -0.722533653211991 -0.0379069467200161 0.276341268049493
0.285619445159094 -0.713133121973102 -0.030494033136099 0.148677453908856
0.505213845664959 -0.571299210318008 0.0669242286720256 0.11837592896938
0.639144033452745 -0.274881537387491 0.0998654848493738 0.0665948892154899
0.742785840384719 -0.164556096246589 0.275628800508186 0.0340289925942957
0.875045331490165 -0.244015057825792 -0.0821847591360158 -0.210570658699971
0.674650385976824 -0.32514608010777 0.154126792288503 -0.0137600360997131
0.613155386857299 -0.416699129195129 0.245290105284815 -0.179971522223256
0.469926988844586 -0.490406311853896 0.0556038842795011 -0.36345465295079
0.225256550778389 -0.680153257057235 -0.205920706769579 -0.229341899970167
-0.0134667191238314 -0.723118941234907 -0.249769747489442 -0.0651575548627995
-0.250815110849828 -0.726157160891053 -0.16949606658861 0.0604582090795894
-0.377538362320988 -0.621997966065059 -0.0738877387563578 0.0706995583068392
-0.416283144407474 -0.673163068982639 -0.0122187994894646 0.0749828480230497
-0.206956206450924 -0.696789207745622 -0.0369141660323997 0.0606210035551575
-0.03671176755635 -0.732547468247364 -0.0455418546590588 0.109546458810376
0.268441672322684 -0.691727970584575 -0.0229726310662386 0.107942129983622
0.452745177176522 -0.57188665425365 0.0137003958232116 0.172456139547311
0.595819516885347 -0.33034649021681 -0.079919281971823 0.152476375219887
0.763065581340208 -0.239617552281188 0.00580659869703246 0.0826242338152625
0.785992322558671 -0.248193772878031 -0.3545909532846 -0.140309811333138
0.597330562205869 -0.2672140045359 -0.030292477873874 0.0112453666599076
0.605920374192818 -0.306284808439074 0.147344291758563 -0.196558217385002
0.531065155922091 -0.413975245752527 0.0359234575087908 -0.381930755330785
0.296512840947077 -0.658841545543057 -0.155713509271337 -0.355179713505521
0.0290089662353082 -0.71699118266833 -0.250581904671723 -0.295902609007347
-0.197521272309278 -0.717592197783752 -0.257899053678943 -0.194400423731111
-0.316357634993059 -0.60345553477057 -0.210301391528664 -0.157400099830868
-0.344484623418374 -0.626419098357546 -0.145826189277914 -0.138514067876841
-0.137849122539575 -0.620816468461562 -0.112917292502903 -0.136120989517313
0.00870451153166539 -0.606154846403635 -0.0317303234647489 -0.0296079785783826
0.229056365411173 -0.520597173908752 -0.0138360315781762 0.100264094644254
0.335115765787935 -0.450924066396526 -0.0594440369015551 0.234288302923265
0.459315464726593 -0.319276983609706 -0.249926779182013 0.234667024547432
0.668069880118342 -0.276240409201252 -0.248080577951179 0.153614309675709
0.570739079984135 -0.22093046979054 -0.571299264660298 -0.0884764941694403
0.413787652566372 -0.178168035192961 -0.212153831478974 0.00959028975866629
0.47616732819692 -0.153038576903455 0.0428574923629586 -0.187702639485209
0.47037651428717 -0.266569258582152 0.0424375584636407 -0.360304480924915
0.293089785916335 -0.508712146850014 -0.0673017823556444 -0.466782534496116
0.0597264535831331 -0.579635053989123 -0.223420262612263 -0.510101367837274
-0.119093745902773 -0.589167438845509 -0.322348993329352 -0.428373531426979
-0.207363434292019 -0.496068476513457 -0.317051120264344 -0.357030104199342
-0.215106921488886 -0.497994741064431 -0.234453287510686 -0.319086519164916
-0.040608041192839 -0.461871626278039 -0.136243531970069 -0.278555084106995
0.06785237510073 -0.393247289018558 0.0134696198265292 -0.10895165760599
0.170539422734522 -0.280662677176656 -0.0101840701527523 0.127897383759603
0.184594559811345 -0.272899533007402 -0.149409964432005 0.276366394547418
0.278132156360408 -0.263027747994864 -0.384817634432657 0.275759839266834
0.489494114442937 -0.26323785037055 -0.447915276320531 0.227313947076658
0.26882701816801 -0.176060468199211 -0.695306005965589 -0.0447873179777532
0.158612385424745 -0.105870105678952 -0.351042976412093 0.00922486522461265
0.235873686662802 -0.0149606600339127 -0.029134932977061 -0.147038029669945
0.283231228691035 -0.0853841077697952 0.0716822415643786 -0.311833076531687
0.216259759228517 -0.258739629609186 0.0213237936301838 -0.543817971287069
0.0767114635942655 -0.330662013342026 -0.192625838649028 -0.661437573174362
-0.0180554962167101 -0.359906944085785 -0.356246501562955 -0.598265981469937
-0.0667503954118603 -0.312780886538018 -0.373248621540735 -0.501791339621739
-0.061923266076855 -0.305130434640669 -0.260151205518524 -0.444148172871479
0.0490839613686135 -0.25427912130427 -0.105500776771889 -0.354572773721912
0.0993980130283238 -0.164239536269835 0.0687829437625132 -0.120036940276697
0.0915244091958463 -0.0627745424135574 -0.0295419783828745 0.171081214228494
0.0409720733740135 -0.104947181516722 -0.248912044912468 0.272524439309116
0.100766021140306 -0.184042373141494 -0.470312753170122 0.262628545163614
0.262334677529897 -0.205538277415291 -0.576973021511318 0.285618786305522
0.111501737556454 0.131163168751784 0.498566190824948 -0.553005445426021
0.1409321450893 0.0670505365174576 0.44921085902153 -0.426756145137164
0.103239760649368 -0.0577861123283668 0.238146434856548 -0.335853294178891
-0.00785333150067576 -0.109789075414416 -0.0253348260253594 -0.246601124589812
-0.0848641643745096 -0.03754682403028 -0.116313313531151 0.120309052598653
-0.0650031071380534 0.0315505044351051 0.112964264568068 0.380909014208577
-0.0646798625527677 0.0754242642595872 0.383159726966812 0.42222271932845
-0.0531679011425405 0.0881547811537764 0.518888750247388 0.405562220702736
-0.0534641406865323 0.0862752143713392 0.539323834420237 0.473003947248421
-0.0676869296057856 0.0782890598847135 0.411103528960759 0.560656118607739
-0.113236140967823 0.0283126510101291 0.177171638556952 0.555587025202839
-0.114657583452771 -0.097058448077276 0.0340710891987544 0.305262569502852
0.00183705702625001 -0.124823847745412 0.0948858284772776 0.0817556493457447
0.0742858061399369 -0.0459662026459565 0.315771031201546 -0.0795283199854116
0.0472847152511802 0.0473091408330163 0.663867636377913 -0.145913130498264
0.339870254699934 -0.0936457059305516 0.422897561752341 -0.527268364980533
0.256834059509254 -0.135277338083186 0.4184369760056 -0.348012304169741
0.168637511942397 -0.23951012801721 0.275167242475701 -0.2761626257909
0.0262363905705629 -0.261405303412316 0.00711747241939982 -0.262988869791353
-0.107315369239795 -0.218128217100359 -0.144273591100954 0.0895641467529048
-0.159008457606445 -0.163126921386693 0.0461936142428417 0.372886858432382
-0.240734686335562 -0.119941486210453 0.318098855078705 0.448163062240735
-0.254090627185914 -0.0842209355186112 0.471590317799665 0.405289126547563
-0.269588099705372 -0.129345937427484 0.508549620095035 0.447877125759581
-0.195254425758883 -0.193365006598386 0.380147936363537 0.516538316478998
-0.148324335581821 -0.267184170938897 0.158819571503326 0.514527045209713
-0.00443683691802929 -0.375563054006253 0.0283287644868952 0.265354976664232
0.173512549197213 -0.35262267112936 0.112606645164252 0.0530283932014267
0.300939907112595 -0.194952776780755 0.308860753333015 -0.0988882901013596
0.321549926518569 -0.104552646976881 0.609506870561901 -0.170290920332466
0.548310297164284 -0.309450357549095 0.27954375830559 -0.442072896524713
0.379885764853391 -0.347677058190062 0.358688670956421 -0.247825865069205
0.243560966229816 -0.430681081279318 0.279688313307703 -0.230880442585169
0.0724268958510268 -0.418115714663859 0.0141920486434751 -0.277491258292222
-0.108165045867958 -0.400423020002705 -0.172749167148217 0.0446154715864001
-0.224135265598136 -0.360141606724389 -0.0363169429461313 0.317445516006885
-0.378361353598311 -0.317015150570818 0.204555964296043 0.405910985520889
-0.419005907199966 -0.244234474285041 0.35416327280306 0.34505146371379
-0.457387256494776 -0.306685668395633 0.401789747804033 0.355416478548062
-0.325582768948987 -0.410369697515246 0.296229713028348 0.401897579174784
-0.218786544190006 -0.510271875978745 0.127826356255999 0.415296128288696
0.0366032065938016 -0.619141765733613 0.025323494615965 0.214887681700365
0.268226037848667 -0.56362552244695 0.107209350395313 0.0531186127962761
0.454223099131432 -0.351114900983928 0.2270301355342 -0.0695482581983727
0.529464837913945 -0.259790506998426 0.458077752235087 -0.149018931413528
0.694136071869085 -0.474726933510613 0.0776011463828563 -0.30027338958208
0.476921444539336 -0.505536010361305 0.266117049751057 -0.133638317529661
0.332180189767695 -0.578337929715073 0.251802006029627 -0.211576580580537
0.149545428293816 -0.559404207478381 -0.0105223356288776 -0.301488407524702
-0.083377721598718 -0.578203298793217 -0.210272958023454 -0.0233847006484499
-0.261428335847365 -0.540701609058658 -0.131869741687507 0.207067278076799
-0.467292688752217 -0.484916853983818 0.054956704703769 0.298797790508826
-0.524122998946913 -0.367985716646337 0.17932163962692 0.232764760034551
-0.581371017848652 -0.423533255697679 0.228264834137756 0.220996792599222
-0.416037528754882 -0.540213267180949 0.160207300456168 0.245206364774199
-0.282717292060154 -0.645643286355896 0.0748947694863207 0.276594696840013
0.0231761789829203 -0.752737894870684 0.0189230081624121 0.161415585135408
0.27380502412008 -0.689703828257113 0.0863667170483681 0.0874435540211822
0.498326653729422 -0.471785558507168 0.102818494336575 0.0231530779633097
0.638881108424348 -0.396229860779996 0.242218860019747 -0.0679827854168172
0.733030725538918 -0.550610426822361 -0.15745168824333 -0.132456601960913
0.509043497111359 -0.54877160207606 0.136951507290597 -0.0235666168240995
0.412861983801867 -0.607166730523988 0.18215360379836 -0.207883451693441
0.250803150243349 -0.627443255604292 -0.0526629642425871 -0.326633315370821
-0.0259728488704498 -0.69994322723099 -0.241126297483995 -0.126397035170162
-0.2608465499501 -0.659965119249532 -0.229141241998359 0.0372078175484504
-0.490780098982546 -0.590345085013675 -0.117334586346461 0.131760388219759
-0.548872951895376 -0.438905902944006 -0.0282861684123056 0.0853570466385612
-0.606872203554238 -0.470742034478752 0.0213825611690423 0.0689842822240527
-0.423391751472087 -0.574979414693295 -0.00258629706761283 0.0776977635713407
-0.27958686020614 -0.656574959027892 0.0109469821073799 0.125586702518947
0.0146511710594204 -0.728120404449881 0.0138803309630984 0.121110996707755
0.225902934633699 -0.674322792034518 0.0566083110864464 0.155167834159619
0.441287610435429 -0.50926241866252 -0.0341700014313716 0.161435160096066
0.632257875572878 -0.475164654395059 0.00750279242113508 0.0618322911411629
0.646500389027421 -0.518411087400891 -0.381636570316163 0.0214610913316903
0.456747650212607 -0.464799841901993 -0.0249423504185941 0.0561586205034794
0.446521548430185 -0.501930026051679 0.0777808641937209 -0.19333191857924
0.335811567375934 -0.579255857442742 -0.0821232949632721 -0.334649510824297
0.0473558261630455 -0.706613937500286 -0.238903081352853 -0.257328333018495
-0.219934072823052 -0.671023341027964 -0.309140370654761 -0.173419034074471
-0.438922003317859 -0.602806259416914 -0.288254940895214 -0.0697942626192537
-0.487332950624118 -0.443408871803434 -0.232044097358099 -0.0741395633879262
-0.524499762380785 -0.453610093832313 -0.173238728512112 -0.0808519155015242
-0.335525640169132 -0.527007869755791 -0.138992085110572 -0.0778332188232434
-0.192953371839983 -0.553840110928823 -0.0268224097314691 -0.00876382967667724
0.0373834742436587 -0.555238246530515 0.0214231191256655 0.107132677696262
0.157609841040497 -0.522518696984828 0.0146006062518813 0.236070133485797
0.31645437441815 -0.453661891918698 -0.161586081809963 0.294506933863731
0.534442114924812 -0.477770065136068 -0.201121798934522 0.20970402716964
0.454960842765111 -0.412565387283273 -0.559250309105497 0.13342595305295
0.317337258225637 -0.313132617599343 -0.191859174587905 0.10408809305591
0.383433657658101 -0.312031891577456 -0.0232358958676006 -0.159336907517516
0.334726163896754 -0.418837210203249 -0.0750134497123054 -0.321421115878442
0.0954669258355178 -0.569584338833476 -0.201342138346169 -0.391806695011995
-0.144780581055955 -0.556553809779018 -0.363885754242225 -0.381493117109324
-0.319631191749408 -0.510644528028929 -0.431830508297036 -0.265726194794051
-0.354015968180177 -0.382170585654649 -0.400445360152718 -0.218882335393325
-0.363359867781825 -0.381387503536629 -0.314160793179681 -0.214262349657633
-0.192379726100286 -0.411342907379504 -0.209700009512847 -0.202707394686861
-0.067967326400706 -0.380230301203961 -0.0177830079869785 -0.0978766663995877
0.0640012990377598 -0.314587481191722 0.0340431219551238 0.126504347832971
0.0782274447691156 -0.309779651589338 -0.0505713086666704 0.304003404182146
0.169989448861151 -0.341753028686369 -0.269020603079503 0.377403159317386
0.372748632104556 -0.409676823166958 -0.357004029883726 0.342988197495603
0.187506313632666 -0.25934208961197 -0.656240658214771 0.203432959409929
0.105297812659798 -0.15269183522311 -0.317745195239338 0.137396533228823
0.210522963977909 -0.0986543301257176 -0.0804361576893052 -0.111928105547119
0.229127970918654 -0.184152110443506 -0.037909345419758 -0.298646196818663
0.110502112189202 -0.315432881399547 -0.153427789234442 -0.499788178032785
-0.0432032610704236 -0.335793606414646 -0.392914194769426 -0.535782788615499
-0.146180619218383 -0.333090004320059 -0.529610502358071 -0.414280853220089
-0.167164400404856 -0.264196275255191 -0.504946052043269 -0.329988934269866
-0.158339639670546 -0.257618765783391 -0.381681814610201 -0.320237913147589
-0.0404898045055702 -0.250175594461877 -0.209755193788462 -0.28357545506888
0.037948716268934 -0.182293126038153 0.0241781573352993 -0.12984629238729
0.0639464168551819 -0.0872322752382457 0.0312570574190461 0.168647310387585
0.00278213866888319 -0.109537628086555 -0.139200627809127 0.332414128313721
0.0337711003063916 -0.207535144032226 -0.348224205741631 0.393344124006957
0.18107089416579 -0.28100753691919 -0.450715380655677 0.441046608265876
0.113506932266391 0.126757059789132 0.476114867771551 -0.563265136326969
0.142033411046558 0.0633393158297994 0.428361640529142 -0.437301806296512
0.0997863643725789 -0.0600828936760648 0.22682879571974 -0.341778036967594
-0.0116536791642379 -0.109316410932413 -0.032848605750007 -0.2462486852817
-0.0852536903656075 -0.0366924312963082 -0.112330303863999 0.122227988021255
-0.0657436655298076 0.0307505520211929 0.122509199420009 0.374423471751418
-0.0629303135481706 0.0756622640542248 0.385137928582356 0.407121146942649
-0.049432265845999 0.0898786810121196 0.520409152926008 0.389396076926201
-0.0517013953363362 0.0882357212354235 0.545097428774843 0.452240501153258
-0.0644953275461301 0.0787097407583589 0.424558592769832 0.542644429898774
-0.110430136065174 0.031927355815967 0.194520374843748 0.545620944084842
-0.116987157459696 -0.0927946631951266 0.0398362014497635 0.302982150842375
-0.00089822743565666 -0.125208924299465 0.0944983171013313 0.0787649632985261
0.0739599890114963 -0.0465217834594097 0.309873658057701 -0.0867244201481593
0.0481675166175427 0.045679928546924 0.654538963018814 -0.16082557904384
0.332424304255743 -0.104810719952289 0.401315248775983 -0.537178790316144
0.250547915753923 -0.141196721438156 0.400207308979243 -0.356321419632602
0.158088003270055 -0.242131883676226 0.266616780776374 -0.283074056109784
0.0188361501672961 -0.25990331024871 -0.00134589645700405 -0.264230674118675
-0.110244750072924 -0.213756729240816 -0.139970965984281 0.0911113443003752
-0.164056035806231 -0.160186320288798 0.0548289049988449 0.368724966126354
-0.243636688788945 -0.112564979805019 0.322488324060128 0.430965464608658
-0.254146364204133 -0.0745438350359532 0.473115897211667 0.389295366084635
-0.272129609390894 -0.11893089262622 0.513160752034163 0.430159519758148
-0.199768228369788 -0.189064233718997 0.390657667372124 0.500376794729633
-0.153378929014696 -0.26011679986395 0.17384814542342 0.505071215579966
-0.0148957324802139 -0.372936818834251 0.0331072361851555 0.263065572009564
0.162980505597011 -0.355926624473359 0.111983673543754 0.0477209964223611
0.296259249076164 -0.20185309018546 0.301592445552859 -0.105648225994348
0.316256174078758 -0.11379330472431 0.599670703350842 -0.18425163511687
0.533625903579103 -0.326657826031236 0.262288379715971 -0.44645814122544
0.366810693352104 -0.354126140426198 0.344989057029029 -0.255655711426241
0.22551115026716 -0.434053630363581 0.273075454412376 -0.238511865503611
0.0599456584502623 -0.41815442598969 0.00447519490439401 -0.279144977829445
-0.116462178183478 -0.393364871804622 -0.169817115092619 0.046702344434263
-0.235012637651462 -0.354134559311461 -0.0288840135724396 0.316637315271881
-0.385415232904455 -0.303517202949841 0.209933942500497 0.392842881190472
-0.421284484148877 -0.228436088372779 0.354775378221239 0.331367055669845
-0.46495150228781 -0.287772653666174 0.403663734476373 0.340842822528095
-0.334676522132852 -0.402016390105905 0.305046225827699 0.387721345693614
-0.229547851004819 -0.497828535803869 0.141286657256891 0.406099142653088
0.0176041461850038 -0.618293114898775 0.0298732428675935 0.21308564670186
0.250738919657022 -0.568770763386727 0.105772187308793 0.0462531112596456
0.443590525809253 -0.3625362490905 0.221308478429938 -0.075081218619244
0.519672956216086 -0.27631018484362 0.448370856995989 -0.159701748293849
0.671864181401941 -0.496130981218789 0.068076080449946 -0.299185049028947
0.457298751465063 -0.513914577460959 0.260116676439819 -0.138143897354843
0.3069995394553 -0.583144955193532 0.246080344567548 -0.218166542038541
0.132582651161259 -0.560718375971005 -0.0216606093779269 -0.303426177295464
-0.0971072840146167 -0.568609283182749 -0.208648374595296 -0.0206572675802668
-0.277004939591706 -0.531452104382975 -0.127232810695641 0.211106739578389
-0.477853566242681 -0.466706573645324 0.0602504987760597 0.289951671174272
-0.528967943316699 -0.347884598333407 0.179142100796875 0.224000865585858
-0.589715590433592 -0.399411009438231 0.228808481817111 0.211335028011629
-0.428630105979448 -0.528627742562937 0.165034095912177 0.237215215379729
-0.297760520097318 -0.630489453799818 0.0839908034930943 0.269181822865903
0.000343478259011801 -0.749533218240636 0.0221047244129428 0.159529892335866
0.252969715100538 -0.69324429387707 0.086916244253353 0.0791061879405017
0.482846269577662 -0.483930297595489 0.101824714825072 0.0201376724243002
0.622810822250898 -0.414106864721009 0.236548300325923 -0.0725991321377186
0.707720223772198 -0.573047556965876 -0.157711109185784 -0.126576031628557
0.487571679021071 -0.557584436831897 0.138472090808319 -0.0249033453148301
0.386332131154997 -0.6144323763573 0.17684539338358 -0.213043788207052
0.233470221601039 -0.631040726575966 -0.065219261321123 -0.327602555218651
-0.044597834060809 -0.691513967447035 -0.242485403810722 -0.121401244000778
-0.281093983484101 -0.649061774167573 -0.228851139679947 0.0460237437371169
-0.505156316477699 -0.570108565140892 -0.112841968860225 0.129307900145896
-0.556230268690166 -0.417355326770153 -0.0281010397048865 0.0832075783765857
-0.613269203116745 -0.444384480015579 0.0202316705822427 0.0670514003223133
-0.437767789414614 -0.562740545806721 -0.00158404001998588 0.0762652291494271
-0.293915740671338 -0.639702854691232 0.0155377846713871 0.120475375745029
-0.00811324993234495 -0.721625996975802 0.0177059552723325 0.119260946202776
0.204132774570568 -0.673661550829173 0.0608941455934037 0.146233869153347
0.423514619823961 -0.51964650527585 -0.029441863978054 0.160296420345746
0.615772348924154 -0.492229896768366 0.00701194967718676 0.0627079690562541
0.624852546942882 -0.538409879258133 -0.374047852023702 0.0314776213671847
0.438526929232757 -0.471301133159152 -0.0173547954579596 0.0573614914192079
0.425613953047572 -0.510377650189014 0.0720254796763438 -0.195827550663835
0.319755663844574 -0.586443410322289 -0.0936164425290868 -0.333721460236513
0.027717434206634 -0.700137338369252 -0.24421538738137 -0.250877058437016
-0.238369311859752 -0.660224660899634 -0.313707531158287 -0.160163914260894
-0.455184068408181 -0.582945146260581 -0.285129737297061 -0.06471426625116
-0.49614642067974 -0.423753138287537 -0.232776803810808 -0.0691450267452334
-0.531634682794226 -0.432212576502115 -0.174823879486381 -0.0752302631315036
-0.347434082907366 -0.516007092061707 -0.14059703747512 -0.0729540055803371
-0.205971112850657 -0.541680887363342 -0.0261825312008512 -0.0115000665075131
0.0209915396080686 -0.551056800442702 0.0270065033875867 0.104986745955028
0.139746107014457 -0.521490569575555 0.0228455587494044 0.228317851812034
0.299918487079457 -0.460305656113799 -0.150188098857231 0.294992775491219
0.517011891991844 -0.492615930431933 -0.196150633104169 0.215911695332293
0.43986091004 -0.425044012803394 -0.546709688808761 0.146646100228528
0.305328394302664 -0.318175430057801 -0.182234746375308 0.107961395196208
0.369542051653024 -0.320138051219697 -0.0278194293944442 -0.158100628738908
0.321947519167277 -0.428229082609495 -0.0853494643359218 -0.319263375704807
0.0810238509513554 -0.566484709046667 -0.211162040198134 -0.385275233515447
-0.160164076368405 -0.547704521717145 -0.36990862480534 -0.365637226485468
-0.333646514738416 -0.494164919896614 -0.431372568893192 -0.25328623719642
-0.362899391959734 -0.368676554297814 -0.4014143681198 -0.208387403899225
-0.37122595269858 -0.364838812915095 -0.316819724132964 -0.201772964934187
-0.201901870804639 -0.404547195362889 -0.213505633040694 -0.193895403473418
-0.0755206502608368 -0.372896607863836 -0.0201166600615082 -0.099264818384026
0.054204925842351 -0.311653711818586 0.0415506210046086 0.124819226019838
0.0664408606585364 -0.308970131699671 -0.0394326345503068 0.299325302176032
0.158794596304184 -0.344151452132003 -0.253932848270659 0.378611365210489
0.359770832893397 -0.418387705922195 -0.346246365138809 0.352599596351037
0.179596439847924 -0.264746894535257 -0.638366332524909 0.216701376297606
0.098649353271117 -0.152335345819341 -0.307123451364744 0.14402212807646
0.205096623471368 -0.103685514167359 -0.0836736241251678 -0.108332370565009
0.223536498924668 -0.189080287679765 -0.0458804054159943 -0.295873944367437
0.102725817858121 -0.315369362709917 -0.167594181235126 -0.493563334713118
-0.0527789510466918 -0.33144074678632 -0.404151048286271 -0.520022382066352
-0.156577155254852 -0.324480760324088 -0.530956892438222 -0.395658464710778
-0.174220087461939 -0.257400423338301 -0.507949332792272 -0.313648589067907
-0.163858794402077 -0.249722256586208 -0.384354729594039 -0.305477602664387
-0.046628308609574 -0.247328666626581 -0.214408348539409 -0.273710229833933
0.0335497642280944 -0.180869637818791 0.020848946790422 -0.129656443961258
0.0608287930488395 -0.0868621029130078 0.0394931635637747 0.166762673471954
-0.00152479600917671 -0.108514443534324 -0.126754189687886 0.331357892678313
0.0272917690588931 -0.207634082229929 -0.33151184281598 0.39651628369879
0.172646906459308 -0.284084980274109 -0.437480186379188 0.452826466219395
0.117458586395258 0.124616913407286 0.46321835535107 -0.58347139205724
0.145689544682637 0.0594346005661928 0.41276868014809 -0.453114282913744
0.0990975630637511 -0.0630359946314343 0.219586323483153 -0.3528671564987
-0.0159535434873292 -0.110133240689961 -0.0415076777408157 -0.250644500984079
-0.0875245801340369 -0.0369359216238742 -0.110586423974917 0.126637624842154
-0.0674823137387054 0.0305132084487756 0.134187620639489 0.373244520044253
-0.0628299708329258 0.0776939785123417 0.39465734678934 0.400288184435169
-0.0464327544065895 0.0931674845161403 0.529285538619045 0.381616448557242
-0.0499558555653412 0.0920879700352824 0.561563123411355 0.441978718577345
-0.0631631094722218 0.0813881038553341 0.444520697961937 0.532996911943598
-0.109926868200802 0.0356444315655474 0.213675681255554 0.5442866805578
-0.120918354388816 -0.089568769402038 0.0474166141433064 0.306054425031998
-0.00365192122652644 -0.12813407352464 0.0960453354686335 0.0782249955456287
0.0748384807042372 -0.0487504593033254 0.309588537943717 -0.0950151586049838
0.0490086106718633 0.0445261081721177 0.658426982221751 -0.180399477220956
0.331098852665737 -0.117535554219182 0.387995679585454 -0.552075328124696
0.249057923813046 -0.150500882914968 0.388784893354308 -0.370252015023067
0.150462324075786 -0.248477911316502 0.261402757599765 -0.294073270988179
0.0105047965523788 -0.262963469571929 -0.00998368044311757 -0.270230365583401
-0.11650077847182 -0.213323450690057 -0.13893244477926 0.0942396438577246
-0.172201315377171 -0.159103733408446 0.0653178092598762 0.371211832590332
-0.250026931300488 -0.106255034093389 0.330933577436408 0.425416489131097
-0.257148668402052 -0.0662741685404991 0.482250080268551 0.380566412024
-0.278389474760318 -0.109685128472986 0.527527659747839 0.418557053916714
-0.20839541774195 -0.187169790564726 0.409617857482907 0.492348910141607
-0.160724157432299 -0.258363463421671 0.191892526406261 0.504950867393807
-0.0260599215132361 -0.376625157511409 0.0401006427860873 0.266133387239821
0.154451867170329 -0.366194789431729 0.112125462636914 0.0438673393465069
0.295628178359726 -0.212571654087829 0.300000159948565 -0.11384866246677
0.316788099961605 -0.126224345078102 0.600386512286787 -0.203238315988257
0.525611588643377 -0.34932575234928 0.250132109281929 -0.45699228244208
0.359763774057197 -0.37018115023245 0.338920268394756 -0.26643592467978
0.211151544982022 -0.444314659544225 0.26874759384644 -0.249449912900319
0.0481419530969268 -0.424639660602842 -0.00528638202239376 -0.285829894677874
-0.1264222610543 -0.393137541105311 -0.170579911129073 0.049018022584634
-0.249368126630687 -0.352488425160789 -0.0216616983660408 0.321298309090833
-0.400545027881026 -0.293882804921303 0.218466467443314 0.387789661345441
-0.432021048595946 -0.216631260552682 0.361562063905907 0.324412003615171
-0.477822872480277 -0.274028834129275 0.413284901988739 0.330261323984043
-0.351218820750173 -0.399471682076197 0.319297931990411 0.380854485356972
-0.243916239590005 -0.495718344644013 0.156689715843428 0.404713725093953
-0.0016429693573549 -0.624892170907492 0.0353464514025896 0.214892852221627
0.237129248261072 -0.582705323668022 0.105997086408284 0.0398766211649335
0.440171058566833 -0.380358806271075 0.219510908390627 -0.0806701737886526
0.517418519628847 -0.29564076980557 0.447241339202042 -0.172109403367285
0.662609773302524 -0.526240680452172 0.0595748262536562 -0.303801596246344
0.447203044330629 -0.532626400637396 0.260458594902101 -0.146612692733208
0.289401736839035 -0.598695648042124 0.242043294152108 -0.22852722942238
0.117318704528195 -0.572946397674141 -0.0339194382882149 -0.309634209718031
-0.112324204146889 -0.568944684463912 -0.212171301393171 -0.0185921519552549
-0.296405647879143 -0.529822798330842 -0.124566137494005 0.218258321126202
-0.498222627236556 -0.455265388631753 0.065872658663117 0.286846691906238
-0.543438991069457 -0.334457724819422 0.183000097226839 0.219892547445291
-0.606191548400036 -0.383408220947097 0.234137732008117 0.206033142884009
-0.450605659261957 -0.523868176742511 0.171848323050395 0.23222918529694
-0.314744437806345 -0.627016397391702 0.0937353059927833 0.266049078004744
-0.0224826481465327 -0.75867798196778 0.0271073423591037 0.160863759458631
0.234274582414599 -0.707839014432168 0.0881829492851228 0.0728716834885747
0.476483473558773 -0.503882225391765 0.10241422566825 0.0177751308007349
0.618563979957032 -0.439725772904261 0.235150409750207 -0.0792798149477684
0.695013484819236 -0.604635777478396 -0.16168461937377 -0.123116979502245
0.475467110772592 -0.57516745639924 0.143468352577581 -0.0295325952294391
0.368976518891726 -0.63212882865603 0.172458525562108 -0.221142628253863
0.218462995050906 -0.646398666070927 -0.0778379671017611 -0.333217471014801
-0.0605827923066868 -0.694674229071185 -0.2502679358126 -0.119022000359083
-0.305266028804618 -0.647566188002669 -0.231575849643465 0.0560315778526179
-0.528612906017291 -0.557874378474495 -0.111450248083158 0.129650750803193
-0.573310741269385 -0.401899891754733 -0.0284680894546487 0.0830914878337706
-0.632436932871588 -0.42753465113123 0.019866371708227 0.0666409915817731
-0.459794010623478 -0.560452048865606 -0.00111582291746909 0.0760016906695265
-0.312285585777255 -0.63749267054838 0.0193522243135217 0.117525937095388
-0.0286265596438249 -0.728795752792445 0.0234202680596569 0.119236386409027
0.184115429304116 -0.686735751913656 0.064541819809561 0.140026870648498
0.413091392413508 -0.539876767464344 -0.0247370929392378 0.16188705834369
0.606932934096846 -0.519184029783395 0.00661975847242769 0.0659724377412755
0.614946827700565 -0.568511465924013 -0.374214223692377 0.0410793841863841
0.430034681979963 -0.486680077150944 -0.0106984067770708 0.0564427554538067
0.411790469299489 -0.527257104911021 0.0676951664179108 -0.200821874013436
0.308247627507191 -0.604706899053321 -0.106662512632243 -0.33776427211796
0.0108594175045461 -0.707839834840034 -0.25656549943746 -0.248470771285759
-0.262045220381616 -0.661163501139503 -0.323642407423084 -0.14991053184202
-0.478971479593999 -0.573356147276892 -0.288911485837384 -0.0613563685234541
-0.514213686573796 -0.411214993465122 -0.237479338888497 -0.0651041526464682
-0.54942648900284 -0.417115216887168 -0.179848116338256 -0.0706617842305949
-0.366853769829668 -0.513815899965768 -0.144980285425487 -0.0697221750244789
-0.21917258589173 -0.539108526780504 -0.0270496012639734 -0.014159307465876
0.00671803432150953 -0.555795859808558 0.0330314234594317 0.103357914458188
0.123873251215736 -0.529384896977381 0.0302308440977163 0.225133394395114
0.291903251062165 -0.474991226314047 -0.142100890435772 0.300663665759908
0.507366012359045 -0.515895629844972 -0.193737709360552 0.226462678851165
0.43028080133746 -0.447482847418914 -0.543403258473609 0.160622111295622
0.299301600437511 -0.327187823640918 -0.17691066026656 0.111686340068473
0.362135450940831 -0.334489801033318 -0.0334456911800352 -0.158066331520909
0.314426695135577 -0.441770992585419 -0.0954802281001354 -0.320761539734643
0.0678270023109777 -0.574036535713201 -0.226350990844549 -0.385794312850868
-0.177400196888738 -0.549491539591109 -0.387657897374942 -0.357715747626961
-0.354203650869215 -0.488417609002622 -0.440536655420304 -0.24445091132552
-0.376402296501944 -0.359421609220493 -0.409107017699844 -0.201836303697793
-0.382812996664887 -0.354510484628582 -0.324699616808926 -0.195353749722052
-0.215927861082596 -0.405322537972753 -0.220332525567507 -0.188554211956797
-0.0838941435021489 -0.371591032225421 -0.0225937040030033 -0.10155311381973
0.0467136929932204 -0.315016129878329 0.0493765282697121 0.12375740607221
0.0570850210251126 -0.31353931983251 -0.0299921406212482 0.299429806795633
0.150323242327073 -0.352729770551718 -0.242333006268398 0.387579712818953
0.352256857042584 -0.434999039963076 -0.342164990592395 0.370395288469832
0.173398514495071 -0.275810815358554 -0.634419101698652 0.23416744057376
0.0936280388631692 -0.155213135700621 -0.302822963733956 0.151692862262356
0.203719927027643 -0.111021600520238 -0.0888412206424586 -0.105252174741917
0.221899808092832 -0.197274082015819 -0.0523577057331817 -0.297304490342196
0.0961925121372254 -0.321268162291922 -0.183628603313567 -0.495543249726926
-0.0625628064198206 -0.333081385235111 -0.424329994602292 -0.512294279530437
-0.168259755413003 -0.321540987116957 -0.543330210040856 -0.386686472112634
-0.184920554841251 -0.254154225134723 -0.517471928935866 -0.30452315833342
-0.171954828459496 -0.2469908330827 -0.394988301356415 -0.296528076236041
-0.0544343608594706 -0.249746992148607 -0.222905951201913 -0.268867087909043
0.0307220266340942 -0.18218936528087 0.0180202937676863 -0.131994944820829
0.0588610003918399 -0.088805699614478 0.0492739377147852 0.167616786784319
-0.00607382236865849 -0.110351100403751 -0.118024038577107 0.335323832907493
0.0213902987348118 -0.210993988934843 -0.321325252828512 0.406269076646129
0.167884641855705 -0.293492391723641 -0.429520300111183 0.47379185491843
0.124346028577114 0.121598006474354 0.442372067395658 -0.617002085737429
0.151588124794982 0.0534965939222817 0.393324464252165 -0.478547233522621
0.0978022126595076 -0.0681710454522303 0.206473999090074 -0.371629458352171
-0.0222206587672349 -0.110852569013995 -0.0555487304009021 -0.256228617632958
-0.0915526649821126 -0.0354413316217262 -0.106429597995396 0.13283148787021
-0.0694587532062821 0.0324790126523037 0.155031587038228 0.37403007800702
-0.0618683283176919 0.0826447791825562 0.415809813288175 0.391189226425172
-0.0425847834424557 0.0972763303626151 0.550610704739333 0.367390095252359
-0.046611790157787 0.0965572300124855 0.589553964887243 0.422853467085804
-0.0603037803542435 0.0851277710637768 0.476521243307054 0.519913062525929
-0.108602841141559 0.0408988007159551 0.24397886812331 0.545144573456866
-0.128125616917887 -0.0849239404198449 0.0612501198040583 0.310157784726235
-0.00948491547801461 -0.132305648576884 0.100072093694502 0.0771728868189518
0.0748943699633686 -0.0530037351027641 0.310102008070157 -0.107862889514153
0.0508712405123154 0.0433026696279711 0.65998427862881 -0.214973189162245
0.329893294408328 -0.139590863678354 0.366611038067388 -0.58125868292443
0.24658657606149 -0.166261421676836 0.372869246743401 -0.394462476897319
0.140361760274967 -0.259056096865331 0.252348758329786 -0.313823594461285
-0.00127341590643995 -0.268068688943588 -0.0247942413450821 -0.278512429919341
-0.127594473005118 -0.21256765584567 -0.137406477194926 0.0994842250548046
-0.184899352606773 -0.155963344687161 0.0833892978814438 0.37426255976083
-0.261481017489955 -0.0953949281476748 0.352528760907806 0.417431800756034
-0.26381710406592 -0.0553663625948274 0.500647911036069 0.369013549448817
-0.289033780791405 -0.0966991372788354 0.553572153512978 0.401277558123242
-0.222367551458143 -0.182069694742042 0.438198019331395 0.479219656541605
-0.173858849125217 -0.255873061749803 0.220618530144865 0.503847647642294
-0.0451560334377672 -0.383310902072708 0.0517690891814282 0.269825608341585
0.140465207434007 -0.382090913535202 0.114108797840006 0.0392327703183661
0.293731351441034 -0.231137896171153 0.298801353697784 -0.127210418301657
0.315791087530448 -0.145068730330716 0.600323774968275 -0.235116447669205
0.517630768214069 -0.386861989459428 0.231168798064491 -0.476194944770656
0.348092393097575 -0.394851528543881 0.330151206997701 -0.285622577739052
0.191267103303082 -0.46234492697779 0.26284045060833 -0.267695457637921
0.0288409311278876 -0.435593279499914 -0.022428328518856 -0.294690772137655
-0.146063364315752 -0.394129750915546 -0.172707436848363 0.0539121156980939
-0.271607707915894 -0.349138183265384 -0.00884970478045223 0.328261446704336
-0.422725667181116 -0.277881922277409 0.235403928845494 0.382904735988938
-0.448659696861425 -0.198774589564982 0.376944062964057 0.315501050675778
-0.497050488198277 -0.25305949458534 0.433464236437136 0.31602326249731
-0.379476424508744 -0.391849903609411 0.34097829773522 0.369802092587085
-0.269399857636541 -0.492810153975603 0.179116685270849 0.403132658511195
-0.0315060862884159 -0.637374548379247 0.045910042872821 0.217860618471169
0.21305583740779 -0.606956649710639 0.107599805796007 0.0335663380606142
0.433269814976493 -0.410981826547936 0.21779757520856 -0.0904219190167114
0.511900230262784 -0.330254056667147 0.446331299163047 -0.196888442720618
0.644820821236294 -0.575106322725229 0.0457346920331086 -0.310660705709865
0.429988268163556 -0.563433108494789 0.257140182958349 -0.160664496577818
0.263604441248984 -0.621595655343269 0.236477967604376 -0.245914014632427
0.0924784093357122 -0.589542396353903 -0.0516868335626614 -0.317001795134014
-0.13834582411881 -0.573691611159383 -0.219083566235558 -0.012396699530805
-0.329133069549117 -0.526483940928083 -0.118581558243502 0.229524883341756
-0.531720542843833 -0.436810254888032 0.0763872675029482 0.286643044410607
-0.566581097618792 -0.313072910663953 0.190247514930702 0.215586202364492
-0.633121172108936 -0.356487362107502 0.24470222236297 0.197340053753816
-0.485820306385072 -0.516641433012468 0.183728224718682 0.226707674906422
-0.348738827020403 -0.623366205218382 0.107536299375159 0.264246285193168
-0.0591292152938555 -0.771079056574484 0.0361524759969238 0.161629833096
0.203888444749932 -0.733581923274877 0.0905959603494371 0.0661099120917965
0.464340704943826 -0.538998362560904 0.103442572390546 0.0139510585872225
0.608305574382651 -0.481577382054919 0.233859479163884 -0.0909230989117895
0.675897005723791 -0.655064934159517 -0.169399925535069 -0.117540001973401
0.458107289167306 -0.608194050660509 0.146280901681177 -0.0377260630282549
0.343590142156875 -0.660682478738944 0.16559207126653 -0.235307635256129
0.193559037640027 -0.671364250005587 -0.0988678064506352 -0.339104949258209
-0.0912146434993173 -0.704880988384371 -0.263340404997247 -0.112579571467381
-0.341186060929832 -0.645312134293172 -0.235918470733594 0.0699097125514245
-0.566961234123141 -0.539161718807482 -0.108836247873313 0.133470529480393
-0.599639616231288 -0.380581412494632 -0.0288978639420764 0.0843438034077113
-0.662574585883951 -0.400655938209862 0.0214952108669112 0.0662517923505692
-0.495600479446677 -0.551642261547896 0.000774343854144763 0.0759157727527793
-0.343426676235148 -0.633188599391714 0.0248064357826026 0.115562935166905
-0.0646411236556563 -0.74035998144887 0.03160260414563 0.118599264073855
0.153976244079051 -0.708066110830248 0.0717088602110343 0.135301347713448
0.397301201590834 -0.570245543973666 -0.0182740829464535 0.165827975098943
0.592935430183725 -0.563994053183313 0.00752680304549927 0.0690830267807552
0.594981996311109 -0.613774750855173 -0.376658602894754 0.057527111212674
0.417450207131449 -0.514027264321884 -0.00580362242832509 0.0552164374835776
0.393126835217652 -0.555610120347835 0.0600652647917147 -0.208412469830928
0.288124404668181 -0.631123519786427 -0.126237286823441 -0.340834231112807
-0.0187731666915201 -0.719560797709921 -0.274472700568263 -0.243642173673147
-0.298382128605278 -0.661146760688941 -0.339562305947609 -0.135198861551706
-0.516970197392674 -0.556686189519588 -0.296156826619947 -0.0517340173078249
-0.541776189507707 -0.393184368599699 -0.24581116043366 -0.0577246910914855
-0.575779977729258 -0.393890950589594 -0.186354656736088 -0.0640002636433279
-0.400044197457912 -0.50757211823257 -0.151747755326527 -0.0639034866941371
-0.243966688504118 -0.536626725843926 -0.0288036533458754 -0.0158211318679623
-0.0200867218841566 -0.566206891513008 0.0421361372974454 0.102216849441625
0.0984148875645809 -0.544687792232565 0.0408229215626546 0.222322312733521
0.2727353700247 -0.500145068380607 -0.130649870847006 0.309736353023837
0.494660144268801 -0.554062165828526 -0.188061363180149 0.242926575113783
0.415844826653365 -0.481677901524931 -0.543748556246637 0.185572355311164
0.289115480187819 -0.344753822155198 -0.171965615341141 0.118136541259939
0.352628051634716 -0.356055404163363 -0.0408088785175553 -0.159328341307551
0.301118067101692 -0.46770321141336 -0.111948830528496 -0.323291351487742
0.0454678323001406 -0.587573205015875 -0.250628870418556 -0.384471101879833
-0.207720732012929 -0.550926026779885 -0.41488678333083 -0.342586113590452
-0.386151701946355 -0.477930656306689 -0.457902616969505 -0.231735168075828
-0.401488365094233 -0.347249832044309 -0.425297810903022 -0.188646338928061
-0.406146359936974 -0.338670238213174 -0.338454785113343 -0.184252790285366
-0.240277580419635 -0.404038198323969 -0.232285663250018 -0.180216767847161
-0.0997973091732356 -0.373230112543359 -0.0278846949952354 -0.10443641440537
0.0324326872618855 -0.321944690473069 0.0609465301285851 0.122643437369101
0.0398057076054049 -0.321547125941262 -0.0161353629653837 0.302028611457078
0.136940498801715 -0.368594580912387 -0.229078190747581 0.400904396149313
0.338341162468837 -0.4647201061928 -0.331294070209523 0.395424548352771
0.16304924430302 -0.291993494164665 -0.634542926377881 0.263317110048662
0.0879886089988172 -0.159601061123131 -0.299787201799369 0.165334615699197
0.201168415676121 -0.122232710064971 -0.0952395055611016 -0.100619865624758
0.218163280643605 -0.211292613442189 -0.0657546896358573 -0.300652782928822
0.0850272287670001 -0.331064799352006 -0.211754600041232 -0.49780201810041
-0.0789501688358385 -0.335635324505473 -0.458255250328852 -0.501008993492826
-0.187524181924153 -0.318013536156417 -0.5680640070478 -0.37038386103426
-0.200842876000762 -0.248295753142474 -0.537909797095923 -0.289123633003311
-0.186454398737965 -0.241395660347657 -0.41184282578788 -0.2843923567047
-0.0676846239465155 -0.253077615654726 -0.23756625439575 -0.26095938183537
0.0245560302718472 -0.185973330639867 0.0138682178204517 -0.135076961460882
0.0560847638635539 -0.0922844730491653 0.0623128372056769 0.168612457855623
-0.0140529459877843 -0.112519002459326 -0.103636577125895 0.34418573000983
0.0126888364829223 -0.217940925437161 -0.305792145056318 0.425503588191936
0.159052695015004 -0.309480547669694 -0.414525410872694 0.506500920414344
0.131700721853238 0.113898226232807 0.40358371652221 -0.65031215476959
0.155912791405703 0.0427692849238019 0.358392731125215 -0.50506359987938
0.0946498492164254 -0.0739435605362878 0.184565592826604 -0.389363799631201
-0.0294425140913379 -0.109316078801456 -0.0753898705630101 -0.257267392576357
-0.0955095629689033 -0.031895324490817 -0.098957615777654 0.139224487315835
-0.0703834373657045 0.0352800203799947 0.180505173879906 0.365181768993596
-0.0582504001477069 0.088030512252317 0.438434125712632 0.370186103054438
-0.0362031322544324 0.100745323019968 0.572370960939423 0.340644505921961
-0.0398813051552942 0.10121038675075 0.61760952049071 0.389838227361824
-0.055380326634816 0.0899823177042731 0.512026298075251 0.491413378410188
-0.105931265318938 0.0473092115673139 0.281708431256349 0.531734607364776
-0.135147659876457 -0.0764424244444771 0.0798026542219778 0.309833662701685
-0.0173803415297366 -0.134243594917378 0.104221784532645 0.0731146837805503
0.0728040178226492 -0.0580002356239858 0.30539118730788 -0.126002718445229
0.0529732066146253 0.040665747618484 0.650627879490224 -0.259540766606815
0.319891831109081 -0.164323966411683 0.330681773739465 -0.607714022972552
0.237583388533112 -0.184806085998806 0.345271146714411 -0.418754098177303
0.12310480983718 -0.269388468397139 0.233630657131061 -0.333161402695026
-0.0186071573825821 -0.269695483583918 -0.0458095600480975 -0.282552524199865
-0.140938271688079 -0.207879321697983 -0.133799937049135 0.106330165216715
-0.197514075309014 -0.14717412463261 0.106889961181888 0.370200520523515
-0.270438692602552 -0.0774419080401384 0.376432451568158 0.399111527903634
-0.268420383439729 -0.0378344972743158 0.521677018944767 0.346501255892828
-0.296027523382477 -0.0766037075780729 0.579505051917009 0.369297417552514
-0.236868373333024 -0.170573459391176 0.471657751314528 0.451971497626465
-0.189730024101509 -0.248105105590013 0.254550499725785 0.492463459074599
-0.070691882266408 -0.383749805752572 0.0687037541019789 0.268720510627074
0.116495564998473 -0.394963092938985 0.115380943566751 0.0322794750164581
0.283047411122152 -0.253827338043099 0.291896619990552 -0.144704416079337
0.307609418275076 -0.168382810340495 0.589039620375997 -0.276867110300381
0.492475268297685 -0.428720295684432 0.201129557930513 -0.493184181100331
0.325347830510283 -0.422134578994393 0.311509038616837 -0.307447245099335
0.161124449059364 -0.477575029286545 0.247965849379914 -0.286929006259703
0.00130511265667876 -0.440822171661796 -0.0436142504911337 -0.298233906946683
-0.169506027712484 -0.387145569194551 -0.172435080498431 0.0620598398487134
-0.29884956567625 -0.336302072498936 0.011052252310418 0.33120473461759
-0.444912843613807 -0.24985639093195 0.257371253550505 0.369595336095558
-0.461766494434721 -0.170927918364016 0.391932624993025 0.29677812430782
-0.516199986331698 -0.220015467301449 0.453424553117369 0.289977541876147
-0.409584921346948 -0.372569402021553 0.364820652567999 0.34838388092369
-0.301800229885489 -0.480964939189065 0.205941083976906 0.392804158931833
-0.0740682351848088 -0.641917650396082 0.059945770597776 0.216055824753395
0.173745369070444 -0.625034923393335 0.108463739676175 0.0250895634704419
0.413568636474945 -0.442854469695966 0.212717162372338 -0.103122997791056
0.494050261555743 -0.3698411298634 0.43506546581809 -0.228052977107183
0.606224123901547 -0.627554204189479 0.0258201686515849 -0.314359975915646
0.397894714971079 -0.597691150558505 0.247281460268774 -0.177345160454388
0.223066019011379 -0.642847104870746 0.224386866033776 -0.263737218709692
0.0567767756054603 -0.601379539171296 -0.076615785891426 -0.319506767910699
-0.172567512616526 -0.569091492899865 -0.225198927522601 -0.00194329973552982
-0.367215600791523 -0.510966592426632 -0.107262793463823 0.240703459498714
-0.564039204603836 -0.401804454972479 0.0920923955086832 0.281124427862455
-0.589368610707417 -0.277349470133438 0.199177643819547 0.206807351371271
-0.6584792189674 -0.313417578097579 0.255161179309622 0.182071496286225
-0.526762211130576 -0.490822655367303 0.197172552038417 0.214756147001728
-0.385640428800172 -0.607360810756789 0.124683198908973 0.257050564235302
-0.110420643731016 -0.774327199219276 0.047756482579877 0.159257797757983
0.156008743916197 -0.752017177775223 0.0932412135248562 0.0571402472028911
0.434894424940341 -0.575274965094511 0.10362498349346 0.00873557444025929
0.580782525372742 -0.531498383000349 0.225997236786419 -0.105603787629164
0.632913213652476 -0.711968801843657 -0.177501304301555 -0.107002621768775
0.422845906526415 -0.642606482524725 0.145507407996485 -0.0483256091871258
0.300720713998341 -0.687428412879328 0.15341572954218 -0.248911360821429
0.152433736225325 -0.692019681658653 -0.123619858160853 -0.337690766140159
-0.135270727979673 -0.701862115860192 -0.276131032506611 -0.0990632756597543
-0.38822577639599 -0.62970193971098 -0.23615811190193 0.0897934251636684
-0.607497632072846 -0.502500741512961 -0.10330268696796 0.138443954308044
-0.626565696520716 -0.344206094485943 -0.0286770175762267 0.0865784214692653
-0.688820010279772 -0.357556785378296 0.0234731943120112 0.0643979295852309
-0.538973426793728 -0.525526142989782 0.00299495999992696 0.0759851472051023
-0.381837389440947 -0.614445458669563 0.0315123036492284 0.1119196894523
-0.113822366927028 -0.742407665102389 0.0415684764559817 0.114814340446485
0.107790280796266 -0.722869389039654 0.0782571745064718 0.127014766791145
0.36390058128326 -0.602834250657878 -0.00941442824569175 0.168177750469988
0.560216421389262 -0.6124271494423 0.00982110826120381 0.0713282884189895
0.554720465327506 -0.663037685618309 -0.374853421569966 0.0812606076782239
0.388526984632096 -0.545109122570271 -0.00143961392254998 0.0533757728008745
0.359107862739157 -0.586391973314235 0.0484033086047035 -0.214444345716408
0.250854928295599 -0.657270790243985 -0.150390111280419 -0.33745369550878
-0.0634799060091755 -0.724157271318026 -0.29586429605386 -0.229083257678979
-0.345582036164946 -0.64719108176567 -0.353869340408481 -0.11025782607949
-0.558504966718198 -0.523677317165884 -0.30243993767463 -0.0369244046650744
-0.56815266667491 -0.360220025056214 -0.253241387554942 -0.0443191917437198
-0.602239205931249 -0.356258753296977 -0.191904125925336 -0.0529277643011766
-0.438126220541808 -0.488137568405333 -0.158429134590398 -0.0547147457520599
-0.276010960673292 -0.525098484794787 -0.0305736052020383 -0.0164106415391034
-0.0559435466018765 -0.567550319994194 0.0526591899197082 0.0967419632867917
0.060788211203571 -0.553155179321289 0.0542555701050867 0.216323706278353
0.243503585890935 -0.523546448329118 -0.112301226322231 0.319503109271012
0.461670349459104 -0.595597488047947 -0.175579134930786 0.260094500405578
0.384776919362715 -0.517183632517757 -0.535250788121707 0.219765914208058
0.27189784482753 -0.364174838746848 -0.165305696984654 0.126941118536688
0.32997717247947 -0.382314878860846 -0.0505847382225954 -0.156783919117444
0.2781625759919 -0.4923939833434 -0.132782698121603 -0.321734601275558
0.0094016811622011 -0.594973648133925 -0.278757133287098 -0.371770514319275
-0.245444206714167 -0.541169362466348 -0.441126692548762 -0.315353107051924
-0.42107674462977 -0.453649573325307 -0.475321410280486 -0.208869198509079
-0.425423155529428 -0.322353275404469 -0.439176722744046 -0.166148247433982
-0.427875671513377 -0.313190285096636 -0.350200349385315 -0.164612789739456
-0.270263311811528 -0.391645469378736 -0.245872039541317 -0.165849123651713
-0.119597889216377 -0.368602282710018 -0.0342668677368513 -0.104831989019436
0.0115853384307445 -0.324447527563818 0.0737646760047822 0.116708802289161
0.0160734955953657 -0.325626800460116 0.00180865784019425 0.300831183403371
0.113808865398189 -0.38254057385166 -0.204993618336692 0.416389034751041
0.312017361030761 -0.49555184526623 -0.308609955524976 0.425359670560266
0.144899312482433 -0.307059457978546 -0.620583264833922 0.30013673021358
0.079068589040953 -0.163786663103234 -0.291483170301805 0.182234033447334
0.193798460318673 -0.137264477494822 -0.101833452171492 -0.0932734260048377
0.20769835378142 -0.228059094730689 -0.082175114622043 -0.299988194158001
0.0657790595825022 -0.338614242142181 -0.24745632969412 -0.488059416429565
-0.100947648256176 -0.332958554270409 -0.497253563065829 -0.471676403854682
-0.211220781276887 -0.306191236925258 -0.594267143500523 -0.340105994532769
-0.217986271672297 -0.236802990670187 -0.557916727795301 -0.262182724494336
-0.202251275659976 -0.228997539634115 -0.42944650409777 -0.259456094173464
-0.0861142493460005 -0.250786690373437 -0.253094891497935 -0.246498091440822
0.0145062838646311 -0.187749591556992 0.00713173594421001 -0.136772879863578
0.0497797555043771 -0.0953253775121539 0.078211490219013 0.164706311601355
-0.023453903337836 -0.112573312557082 -0.0834990038447928 0.350344128352194
-0.000896873273752829 -0.222155098196116 -0.281536857056087 0.443655206891503
0.141700443768014 -0.325858154981036 -0.38512353757911 0.540271813681851
0.146991559116503 0.0697486967356255 0.270126522650557 -0.692142495124222
0.157278574100489 -0.00357662813060126 0.250909126525125 -0.541353329067627
0.0768681780017724 -0.0965828068410564 0.112283891784709 -0.402572493038751
-0.0522455387146044 -0.102665801188532 -0.11471243336317 -0.23872424598248
-0.100351506689547 -0.0116820539083541 -0.0719580407134041 0.146522106567902
-0.0553149724110442 0.0503805172786153 0.235114239460477 0.315994752790186
-0.0327609871768977 0.0987772373768247 0.486424616723518 0.285232386874496
-0.00895913708836335 0.100782610902352 0.604499294355799 0.241769881420281
-0.012900833293263 0.101754599917943 0.657737711589332 0.290726921839516
-0.0321117590130346 0.0900044626909771 0.572088072210313 0.406677429851198
-0.0883272164902603 0.0601732390047945 0.35259836035466 0.476471387256206
-0.142155998467226 -0.0534349353311928 0.123589037245265 0.295357819041177
-0.0387729897012164 -0.131185105115543 0.112656361081404 0.062208547152428
0.05915779350385 -0.0694418994487079 0.281415853070813 -0.166792822536811
0.0528506521316866 0.0273832892473765 0.597300041168264 -0.342680236431909
0.272512759068072 -0.236266814798395 0.212515682800762 -0.624835459852312
0.191916204319163 -0.237731470865523 0.262590344851634 -0.446573168363319
0.0680580182514163 -0.291593342393043 0.180410233011734 -0.350686220385788
-0.0727426000286795 -0.261660349509489 -0.0828758813486431 -0.262670024860095
-0.17423398971301 -0.17342777581904 -0.103654745188061 0.119330701092397
-0.210843442255319 -0.103725799043881 0.171608075318394 0.332168692686526
-0.272763972469783 -0.0223000449096544 0.438798416197441 0.323457063172397
-0.254077160074436 0.00395213840469869 0.556363434709076 0.250866529821752
-0.294009415652356 -0.0271411242391345 0.617906611691137 0.273923715593958
-0.256711817276615 -0.133863245583548 0.529379997307356 0.377348743433585
-0.220068927142626 -0.212541966327189 0.325169375167062 0.445391167398069
-0.13367927489285 -0.366732219972261 0.105953421521545 0.26412641454005
0.04785819942802 -0.406389813368561 0.110899205500076 0.0247114799038577
0.232545803469333 -0.294884703205441 0.258291393232908 -0.186403846130566
0.270200073436678 -0.219270836664111 0.524472653346863 -0.354331082447755
0.386371313400177 -0.524251306031538 0.114967357253016 -0.479007015359281
0.232807351838025 -0.480753685759118 0.259094389776392 -0.326504356429867
0.0648788837389081 -0.501141857286223 0.212428609834233 -0.302204954756283
-0.086355326428974 -0.432466453469048 -0.0768017592003959 -0.273753973361374
-0.233189083878831 -0.34258450124427 -0.142834782769479 0.0833902178046231
-0.342058861277021 -0.267307867507526 0.0792316196569599 0.311017671166286
-0.479579926177441 -0.159568619996807 0.327361272932259 0.319145643486123
-0.463986687291045 -0.0940027172559818 0.425998035618996 0.222699621907996
-0.535956050828166 -0.12747177010876 0.483648806021887 0.213930409040637
-0.463136430968262 -0.299741644007882 0.414359476089133 0.292371073333557
-0.36719302238229 -0.419326322956364 0.266127431855321 0.356389508564575
-0.184639913126664 -0.6186873680906 0.0918273778660137 0.2190112990995
0.066180517431308 -0.639310265433734 0.0975693483886978 0.0226596422359182
0.330089226493586 -0.502660535629807 0.17895847688962 -0.13632180810286
0.422822617514625 -0.446819401119956 0.3727908629281 -0.285291872467468
0.458532209290354 -0.734882809559388 -0.0173134801774745 -0.268202308427642
0.268647963412965 -0.660439887574786 0.228324153744139 -0.185334447439235
0.0938006510044753 -0.672924827058393 0.200032221861349 -0.269178183925213
-0.0674397779671068 -0.599921679888002 -0.104482611866375 -0.279727849247028
-0.26846685386531 -0.51585965569356 -0.197225681768092 0.0326325323243689
-0.442301117685943 -0.425431565132876 -0.0438932502751582 0.244997011350542
-0.626676434633985 -0.284141522426391 0.158867284581554 0.26304739147212
-0.605664033488507 -0.174726128770054 0.227180041846103 0.163204236865008
-0.692026239418361 -0.192065888370058 0.2755016248346 0.136774224796484
-0.600755918281245 -0.393452441738911 0.232973035046221 0.187188672374175
-0.472179862664593 -0.527504577971961 0.168646811484009 0.236050793393835
-0.243739838713429 -0.743234559555664 0.0736202557026346 0.167086383360019
0.0270217952357593 -0.760042129663025 0.0857141284911772 0.0584016848950551
0.330036335182086 -0.634758252063587 0.0837777616761882 -0.00984128332292943
0.482671217137331 -0.617786471313934 0.181206934142484 -0.137665223838739
0.465002006315698 -0.815157244579726 -0.174769791387219 -0.0323500498213571
0.288749773156072 -0.705079426685263 0.152667570725204 -0.0427530607516073
0.159003641760393 -0.73137688718497 0.136295450093019 -0.237234934419061
0.00839615291174575 -0.708261456729185 -0.151850659702069 -0.282040482258536
-0.25824310235698 -0.655041146256275 -0.257793823406604 -0.0486003122305847
-0.487346605980693 -0.535907784358033 -0.188301561595006 0.123257322515992
-0.693708704217383 -0.375592405263545 -0.0509316797555563 0.15983608805841
-0.657123885721989 -0.232072103415895 -0.0106571259365375 0.0811840646616292
-0.730795567479025 -0.225823762846764 0.0333063974357441 0.0549646899914679
-0.62197284829919 -0.423326927713764 0.0237305859154176 0.0796575637555356
-0.470633838420288 -0.534140194872471 0.055620359603308 0.108475565006272
-0.240344954704598 -0.71017124358592 0.0623525251529757 0.1224377670297
-0.0152048201567198 -0.720260562481103 0.0828922209807975 0.126932403892475
0.260017656760993 -0.650706847332069 -0.0048105976209189 0.163030131481737
0.453737045102399 -0.692857494397816 -0.00576984731608989 0.0658874145076913
0.399997999088905 -0.747537922202413 -0.334011892810904 0.176375273781387
0.272113481978979 -0.599279814780649 0.0239530618764401 0.0770089726773436
0.234053201739225 -0.640405747951034 0.0338029699535851 -0.185217822636852
0.110292213066401 -0.693016522475208 -0.180356154812464 -0.274329231988976
-0.193558958939199 -0.691558937753436 -0.298988413185736 -0.167960269359847
-0.452623788406823 -0.564308361940861 -0.335441858628521 -0.0469226978767648
-0.653408248095205 -0.404948888821197 -0.273424649071695 0.0241069463338838
-0.606733647662459 -0.254695628904456 -0.247087933026226 -0.0103833369785573
-0.649224986309337 -0.238280170899773 -0.192041491719535 -0.0282217943206259
-0.515976825897651 -0.400823293863942 -0.154056592262086 -0.025146495594282
-0.352734604673205 -0.46422650241489 -0.0254131912165365 -0.00846765920592032
-0.153654372672031 -0.546141179634739 0.0702025420300219 0.0982234864233476
-0.0330598834742082 -0.549163513481014 0.0752320075550065 0.213667553140881
0.156619215152741 -0.554488076454233 -0.0809580726465129 0.328083037830886
0.360560810334793 -0.66321893864474 -0.157714022659743 0.277372715770573
0.263331091811361 -0.566996556162239 -0.466966277710816 0.324945606001403
0.193182675350644 -0.39890442181959 -0.128704717884585 0.167458886147501
0.243693636780583 -0.437928625276453 -0.06152497520419 -0.116806193536834
0.16841972797338 -0.53790422583633 -0.167348370599176 -0.264499398803179
-0.101928695955644 -0.582622962973791 -0.312893858299149 -0.30627779799614
-0.342002110953193 -0.481296612090859 -0.459309509887402 -0.228522180017112
-0.508836856774181 -0.36459895861159 -0.474207984108271 -0.11277330926418
-0.467144994894066 -0.240725308591605 -0.444550687132725 -0.0966381370683854
-0.474155548088252 -0.226467685849175 -0.361997276920276 -0.113431283865083
-0.33545627368896 -0.334645484055584 -0.257048378460185 -0.122624113976421
-0.177032849261223 -0.337042198104954 -0.0432668450349345 -0.0938686697433905
-0.0441078021468649 -0.319935696183177 0.0920365967530086 0.108957634491209
-0.0367831379457193 -0.319741593798135 0.0400492467309492 0.298521529393071
0.0536207190012268 -0.396360799920505 -0.153271193299154 0.438832751971696
0.233331283643094 -0.538109641791247 -0.257852182875727 0.457868064088334
0.0730900948002944 -0.315173570320204 -0.538842889306452 0.402652487862825
0.0435870779472157 -0.164759368529 -0.246664351185866 0.23150031198077
0.158129885948121 -0.169789072363787 -0.109658254925569 -0.0581160939308978
0.152992992219494 -0.266299691040452 -0.122862166486003 -0.2634711052952
-0.00333278101352674 -0.347351717753903 -0.313046976086706 -0.426609120978462
-0.170620509764511 -0.306965596012118 -0.545932520699645 -0.36824946979741
-0.277323719332963 -0.25941893867121 -0.621844612784183 -0.221613816489653
-0.255563087105845 -0.189575858886829 -0.576431500878656 -0.168758315416416
-0.241720794731081 -0.18312742903908 -0.452719694409514 -0.193770805342308
-0.131802413567464 -0.227071946474121 -0.278409553207762 -0.201628264846038
-0.0175219151088469 -0.185017293173507 -0.00973788430976203 -0.131639254695715
0.0334872156754308 -0.103237512217961 0.101687142065799 0.1507179742229
-0.0383650838033691 -0.10724034888712 -0.0345738125919076 0.35623180878591
-0.0307628891866753 -0.220702960500604 -0.21950472193927 0.476551804605132
0.0949746430007188 -0.344048997558635 -0.3084968532033 0.583122114370617
0.145053307377299 0.061773431524161 0.226047111434538 -0.684161301586246
0.15101064039442 -0.011410711752609 0.215467842409264 -0.531418393715764
0.0717119973046579 -0.0972816281647919 0.0891673824580496 -0.396596441835735
-0.0536066814661537 -0.0971447360196269 -0.127684564153344 -0.227305331255262
-0.0988904755817944 -0.00778151850909596 -0.0655889664307588 0.143150295567188
-0.0545617012498259 0.0498189552764763 0.240497679705397 0.292617066722271
-0.0260162830700678 0.0986133314445486 0.482666947803228 0.252912470268671
-0.00381274475567936 0.0977675278558505 0.597930764607162 0.212862282247267
-0.00736626778410892 0.0988203913937327 0.647056632959991 0.252400425993883
-0.0266116471081198 0.0879366432149905 0.571864158606739 0.366163845986648
-0.0829193584908545 0.0617047422354399 0.36553131779238 0.444196097641164
-0.139370269344365 -0.0444779004922014 0.131460387992241 0.282112243634802
-0.0440429726401893 -0.126640363960029 0.113187387748715 0.0564349001499841
0.0544161479303119 -0.0699033619488403 0.266323653954377 -0.172733355519962
0.0514529279549528 0.0254577396053191 0.559511933610042 -0.359022473452056
0.247548609372332 -0.24290739720216 0.176067156514122 -0.614459333152674
0.171854090822383 -0.240702521738481 0.231283244845377 -0.441312442885424
0.0509674287830054 -0.285153432207096 0.158050584039233 -0.350020897633259
-0.0822452394684053 -0.250289949455608 -0.0978589178864709 -0.253187765361514
-0.177127165665028 -0.161755926642796 -0.0986235469430315 0.118013930497863
-0.212845485651146 -0.0913364864118823 0.180362619527383 0.311654299272053
-0.263569656548316 -0.0054806324761397 0.437848216612922 0.293272045265052
-0.24521045572263 0.0161936655072494 0.550384721902323 0.225355544446658
-0.284692819871086 -0.0118197375325809 0.60721262983162 0.237522329256208
-0.256175908893552 -0.117169082192104 0.529363077736328 0.339096918171911
-0.22246494690867 -0.197191407344778 0.33591427217534 0.415712142613937
-0.148023932055975 -0.348424005423273 0.113518195502389 0.251545502218128
0.0264086122991445 -0.395999579507137 0.108064160668924 0.0192295803001702
0.212591780403097 -0.298287946784184 0.242527206506371 -0.190043997980809
0.248785820883044 -0.225600237587088 0.489417480960465 -0.366575757827244
0.341696525137542 -0.528581724853572 0.0892307196971549 -0.467869443258616
0.198761211309865 -0.480412976926736 0.232679837455696 -0.325224056043342
0.0364795625548313 -0.487901081158371 0.191028163873134 -0.304921009819895
-0.105642495691353 -0.416634185287911 -0.0920339070422779 -0.263067698099144
-0.241010408114131 -0.322339444166172 -0.138564031178501 0.0856179690985258
-0.347653522642891 -0.24405033307656 0.0896152683415542 0.296989900555937
-0.46924131705922 -0.12541023813535 0.328429602093594 0.291112633085997
-0.452614344534874 -0.0678494215811781 0.419880388585116 0.201601169317589
-0.521511017481769 -0.0955518026998775 0.474145178560203 0.184766706487279
-0.466058000742027 -0.269019965827207 0.412216389952874 0.263504648004531
-0.375489157882207 -0.391343601401046 0.274260466281053 0.332187553142812
-0.207246679747925 -0.591165810083277 0.0976521181362722 0.206455690688259
0.0331966770714391 -0.62350116759931 0.0934270211443591 0.0166933471052206
0.29656610462521 -0.504341000594927 0.167886878241275 -0.136963212291275
0.38423809457527 -0.455521913301152 0.344634126065465 -0.293474299686439
0.398616521208155 -0.73624022582326 -0.0284931813706398 -0.257797033192957
0.230293045535426 -0.658409254301588 0.209849605755564 -0.188107607410069
0.0554337860470422 -0.656314285006787 0.182058198405034 -0.272590327468949
-0.0946497095398672 -0.582854606144922 -0.119278838811378 -0.269037527895553
-0.282843622386079 -0.489652877711144 -0.194608949052967 0.0403573992930436
-0.450921183656006 -0.389044840085566 -0.0319053686108164 0.241835477502573
-0.621236155502349 -0.240084493984904 0.162166250577898 0.244270334743988
-0.593627103403022 -0.141080460291819 0.223651665518417 0.151816984126653
-0.674507588327527 -0.149741923146613 0.269061007057713 0.119378515905516
-0.603624768292864 -0.353308085505403 0.230643216887306 0.170777657372579
-0.480067806244679 -0.490330587310801 0.173190581457253 0.220011759225153
-0.271394449257841 -0.707112635352787 0.0779621770978027 0.155342210666356
-0.0112067432641512 -0.735326323814651 0.0827314986875649 0.0504117605934529
0.291043395959197 -0.634981481914589 0.0807073672778486 -0.0110101753864339
0.433606404958596 -0.626986158231414 0.166841624224689 -0.139801911300027
0.402611710776666 -0.813173551665319 -0.170340112279114 -0.0221983284535252
0.246556484534034 -0.699977341139056 0.145218335602969 -0.0483423463880885
0.116327822631642 -0.716348910771809 0.120938308588185 -0.238650216556034
-0.0267045842556978 -0.690169940055136 -0.165455947774794 -0.269012191418408
-0.278168890609377 -0.62292130262102 -0.256986048461237 -0.0352790528117173
-0.499544582077081 -0.497637857346856 -0.17843119139569 0.132988673858453
-0.688702634784934 -0.325124146586869 -0.0456827881454701 0.15344214082217
-0.646514046848335 -0.193536781430733 -0.0103550296415935 0.0817725707456329
-0.714087798228817 -0.181563005687943 0.0314443608371739 0.0511760407687868
-0.623462897245264 -0.380409741951529 0.0236402230978226 0.0769834724497481
-0.478133149833667 -0.498643021804833 0.0572158070853557 0.101616243585082
-0.268585342483888 -0.67580309264673 0.0650077090915271 0.1111636353977
-0.0510214167913632 -0.695026650103214 0.0821507470796578 0.116115243713734
0.220242802669667 -0.646530598387428 0.00233386257729277 0.160844703561854
0.401055580132564 -0.699193174206351 -0.00455372303427476 0.0665974898180215
0.343339189876799 -0.744922374474951 -0.314746959757937 0.187031528431446
0.238233601717013 -0.594462193252346 0.0254561483264724 0.072565641915103
0.193498074933058 -0.632002155102561 0.0247058585727382 -0.183614562487026
0.0718457866774356 -0.682760396744999 -0.19182294849113 -0.25973279255627
-0.215882124433576 -0.661989000846377 -0.301686169892071 -0.147221079992892
-0.467230065380159 -0.523950393334375 -0.327411751619002 -0.024522310100027
-0.652103340074096 -0.354886324107076 -0.267169028490382 0.0327068803618208
-0.599019989869039 -0.218354838175817 -0.243435053566434 0.00212519544570305
-0.63481299249909 -0.197760078074446 -0.189366913726299 -0.0194261619377301
-0.522036032183735 -0.36151371655202 -0.151680286710382 -0.016446190691304
-0.360364065187721 -0.433471875659881 -0.0261401077711609 -0.00847977895352844
-0.175901513983274 -0.519796148905224 0.0732855333682814 0.0870916812322743
-0.0601592971096082 -0.527589164920751 0.0790116091502727 0.200928578493588
0.124063639145346 -0.548164024311785 -0.0644623041490211 0.322594949716552
0.313068192389022 -0.664422020733586 -0.13997788558634 0.280389448657197
0.222141168304565 -0.564708314159489 -0.437100339757539 0.337428417957205
0.171206082143599 -0.39638730210451 -0.118862667010735 0.168070267390297
0.215287838827393 -0.434665109634229 -0.0643973819151878 -0.111922773732657
0.137461804968881 -0.531168577200617 -0.175405834699184 -0.251870541915329
-0.123925168533463 -0.561576421774991 -0.320108462504493 -0.281741642490585
-0.354959992190282 -0.450499913515614 -0.453742502671708 -0.194186304350786
-0.510426301491927 -0.323794699333006 -0.465961380261032 -0.0909103960406369
-0.462467122282728 -0.210818167174588 -0.438100482229004 -0.0753957215821103
-0.464610538347379 -0.194541477510577 -0.354606315103807 -0.0942692471956714
-0.342785313805163 -0.305306401605486 -0.254019745062676 -0.105407887195475
-0.184461402646698 -0.319853970884873 -0.046716080231648 -0.0900259527238438
-0.0584973190863553 -0.306409947981191 0.0965939698047857 0.0971016323638333
-0.0537529486864603 -0.305939450293886 0.04929581656673 0.285803761744245
0.0309689212878675 -0.38938688627667 -0.128765048186432 0.431468379220266
0.197404969765818 -0.53881768844511 -0.227236197312221 0.459810185544431
0.0533424052268054 -0.310819414284288 -0.503847784472404 0.415612933617317
0.0374916484766591 -0.161461009500488 -0.229935107700398 0.235418372885016
0.143801780210545 -0.17075214654958 -0.107163405819766 -0.0510474826703196
0.135628697771158 -0.266552937591474 -0.13111018868862 -0.253388201073828
-0.0176812597499875 -0.337742122221895 -0.32346467428252 -0.398670170228879
-0.177746880636881 -0.288201713516665 -0.546913166036715 -0.32887303987167
-0.281343509805205 -0.235345376648047 -0.61160012137382 -0.186972256948932
-0.256571834982091 -0.171699528373775 -0.566913676894341 -0.140298621656854
-0.239778087527297 -0.164870045607162 -0.446833583604698 -0.168590889493039
-0.139011982509607 -0.212028187906419 -0.276264064707984 -0.181316688790489
-0.0240034563244249 -0.178411908584857 -0.0139584428368589 -0.1280092645964
0.0266612860267726 -0.100046828183126 0.108798909834988 0.139093165515095
-0.0449088782016436 -0.101555559895661 -0.0193724429338408 0.345945551834364
-0.0421523668613682 -0.215072297798309 -0.191119292737258 0.47038949701767
0.0747112175606574 -0.342247139388153 -0.270447251849597 0.581979222637651
0.141785819571286 0.0574246966243712 0.201713282616507 -0.672020447527721
0.145145809151215 -0.0147911174490219 0.193306841468105 -0.518325409895048
0.0684608683884168 -0.09750296948541 0.0758032141207503 -0.389149861305607
-0.0529326167953136 -0.0944525872040964 -0.134797867993675 -0.219223068486575
-0.0987534753137766 -0.00710872048417315 -0.0636599410727244 0.139948456463884
-0.0549496880521173 0.0492529030897766 0.239478329827541 0.277212820484394
-0.0219112643573337 0.0972459571265438 0.475373287781385 0.238659716354286
-0.0011406491630732 0.0960280086101284 0.587372372352006 0.198762855574169
-0.00510707190891371 0.0958904110769836 0.633778061366911 0.234140167229167
-0.0236388955216677 0.0859063556686461 0.56310559052185 0.343205287272873
-0.0794543401189709 0.0612085922063327 0.36585697863257 0.424169451012914
-0.135868612326246 -0.0396000097876724 0.132786103037782 0.273529678039401
-0.0461017200546064 -0.123413138490778 0.113008069947756 0.053177922079947
0.0518348507127882 -0.0692818319966511 0.257734513900216 -0.174022579416562
0.0494496387765358 0.0254325427677345 0.534998874536815 -0.363239911012688
0.23173480618657 -0.242451398137717 0.154603900050338 -0.603717391920761
0.158872149328402 -0.239766570134148 0.213252848679646 -0.4309925290572
0.042596506564692 -0.279487751190468 0.144635063796558 -0.34609982689526
-0.0849004298548649 -0.2434008652241 -0.106501484444315 -0.246108425784852
-0.175843415345588 -0.154857606968959 -0.0980346839662268 0.11541240982127
-0.213059001519693 -0.0843510539302282 0.180798210030715 0.297664772443479
-0.254311981841263 0.00285774173020055 0.42807077836258 0.275205642567215
-0.238503685703089 0.0216653427561508 0.541029983784774 0.212819126432441
-0.27617594017228 -0.00454814372776236 0.594147702583723 0.220393159674399
-0.25362279702619 -0.108646886143257 0.520240624292265 0.318873261202889
-0.220838466952588 -0.188836092019028 0.337169289830763 0.396822648346628
-0.151764376899426 -0.33611721560626 0.114115406541146 0.24334616969667
0.0168954047173062 -0.387643544710382 0.105140211072841 0.0161076136157009
0.200503300004203 -0.29719208937957 0.2341588743185 -0.189083048759497
0.234670434455514 -0.225717475518338 0.464664073885686 -0.369805048324283
0.312390145269754 -0.523350609009876 0.0756764454251481 -0.45759067249695
0.180569944552503 -0.47438108675908 0.218317462343861 -0.318773225801106
0.0226153745635596 -0.476615674498683 0.17796887466044 -0.303007749344983
-0.113733711346112 -0.406333565230853 -0.100356272214087 -0.255758937941776
-0.241047778825445 -0.310129799358549 -0.138816416367522 0.0853741515269857
-0.348448065334726 -0.228307200107178 0.092253459856963 0.288265377150635
-0.458358356622677 -0.107821562727788 0.318924988215647 0.274728134539153
-0.442721944961049 -0.0558358361201955 0.412887427923861 0.193849386565905
-0.507129189726872 -0.0811277312665141 0.462232281921497 0.172542599294086
-0.462913056390438 -0.251933424011077 0.405309682705689 0.249563447336739
-0.374229009308458 -0.37581696883629 0.274414480014413 0.317122954673514
-0.216406464424824 -0.570896086128019 0.0976802537441605 0.198694283686813
0.016751284218645 -0.606685801217463 0.0894849119857446 0.0137204141494926
0.276755882524561 -0.501180759336485 0.162977434214289 -0.134953017655496
0.360540294615299 -0.455339001100919 0.326732827913439 -0.292640189249266
0.362104438263096 -0.727718219335761 -0.0335554585825264 -0.249029620083014
0.206472943341478 -0.647772511090128 0.200135671918455 -0.185227550761037
0.0345513051961241 -0.641176704555104 0.169446523902795 -0.270895831883467
-0.108859664258743 -0.568352790038646 -0.128178283535681 -0.260693007917388
-0.284407421527043 -0.471609020118294 -0.194533583749605 0.0429585024117686
-0.454070451782727 -0.369921226098091 -0.0264813882734994 0.239134791564672
-0.606803805051408 -0.213275027276839 0.157619918686915 0.231124840743077
-0.581496169237906 -0.121936769220498 0.218878911988042 0.148036749609859
-0.655181008587029 -0.130239597041577 0.260601126386225 0.111867565591811
-0.598734584605813 -0.329268619178498 0.225973281835023 0.162438912605395
-0.477501103998029 -0.470429327378981 0.172747691916792 0.20973633970769
-0.284060224870558 -0.682590367468272 0.0775591068341733 0.14817434414349
-0.0287953806156556 -0.714984841562683 0.078481825292219 0.0463419456869268
0.267737165773771 -0.629332530982191 0.0793172858632885 -0.00964648232616276
0.402976020716034 -0.623831958897685 0.156269077138354 -0.13786235931908
0.363301636784773 -0.803788428817935 -0.165084716270143 -0.0158605778675137
0.225359623708455 -0.691917424760923 0.139536689900887 -0.0483294447640794
0.0944755940227884 -0.700984944637944 0.111644626527242 -0.238104596214303
-0.0448261828172665 -0.675440123359891 -0.172304236498709 -0.260578801233659
-0.282357182826822 -0.602823356718273 -0.256813725614537 -0.0278183444229909
-0.500464120252713 -0.470847016133672 -0.170230730685314 0.137621444083563
-0.676690683020914 -0.293505241746323 -0.0457226902025015 0.146634873406446
-0.634067893914246 -0.173574871164701 -0.0112318695714011 0.083618641141291
-0.693705120934513 -0.159187710205109 0.0287403829536452 0.0500245467996158
-0.618419538119059 -0.353944897497535 0.0224532140267651 0.0759711845096962
-0.476086313436292 -0.47755143831093 0.056229475127979 0.0966611720128762
-0.277340646820872 -0.648457068183928 0.0648663798858879 0.10354513447257
-0.0668494076937356 -0.67485419406678 0.0787533942123439 0.110115563294388
0.198686102949474 -0.638676076725598 0.0072204355457364 0.158487251310835
0.369006398449481 -0.695870991122411 -0.00488644222336776 0.068458934360381
0.308661644180864 -0.735458606862184 -0.300777577599365 0.191233345454019
0.221070309120608 -0.58910449122551 0.0250951628984139 0.0716450079555715
0.17188700315778 -0.619965592463773 0.0195823350576474 -0.181863362940191
0.0516772092607233 -0.669972915630407 -0.195954391343025 -0.251242452009725
-0.223150109439161 -0.643132183194953 -0.302186162747539 -0.136200028010205
-0.46736239679743 -0.499339997392649 -0.319449840420556 -0.0116379926783894
-0.641914581038952 -0.324566092798911 -0.262514806986257 0.0341936448192137
-0.589576132751519 -0.199210647293437 -0.240039154803276 0.00914230367746345
-0.617009488069457 -0.177712632286921 -0.186572001662863 -0.0149429861490651
-0.518530544494386 -0.339469238944488 -0.149168672522483 -0.010245493135957
-0.3584365164853 -0.417668647850955 -0.0274257791134229 -0.00900875661190035
-0.184383396708924 -0.500299751653444 0.0726514963066297 0.0795418060295283
-0.0740814679806155 -0.510376484542356 0.0777075949957882 0.193014265071098
0.105399619437705 -0.540332177623992 -0.0554307296611458 0.317327797426711
0.28385986943599 -0.660455025089833 -0.130055216399364 0.279917605248154
0.19750428913323 -0.556394299757556 -0.417268661461119 0.339128252519463
0.161173945031253 -0.392113632022366 -0.113519257820795 0.166646297292889
0.199310639126287 -0.426691882873207 -0.0652332909218935 -0.109572822920291
0.119964005990561 -0.522779095412724 -0.17948686912065 -0.244340683480121
-0.129951737282435 -0.547983024381211 -0.321073039972075 -0.266476631771894
-0.355764279341697 -0.43075248719452 -0.447299461059669 -0.174811799220181
-0.505244877466186 -0.298920431353382 -0.458323380608753 -0.0794374044062808
-0.45690809549002 -0.194571607178462 -0.432479609406687 -0.0644969054848539
-0.452016067964387 -0.17708235595262 -0.347215770420263 -0.0860368951594475
-0.341076359991637 -0.288843934099294 -0.249199557881566 -0.0959948532837686
-0.184374832472076 -0.308570811479225 -0.0476605294386349 -0.087819017058362
-0.0648764850981341 -0.294348000048324 0.0970660437701987 0.0889954954776125
-0.0616226139584767 -0.294967725294927 0.0513101300076891 0.276308556078077
0.0189954288952863 -0.38382602061819 -0.117546394647982 0.423625866951163
0.17548147916732 -0.534367645193106 -0.20939093015957 0.456439916462201
0.0426382567297784 -0.304918892683358 -0.48051346674743 0.416713861563419
0.0346752273784578 -0.15930465043776 -0.220552994759747 0.236555542805919
0.136262923933386 -0.168737870340506 -0.105338992180681 -0.047531183295578
0.125342790625228 -0.262676294616848 -0.133514191923786 -0.247099021829226
-0.0235205560740589 -0.331733289373583 -0.327804634457831 -0.380898821531521
-0.177986577192573 -0.278073965017951 -0.54031045556468 -0.304694683196941
-0.280064366004319 -0.220068998533897 -0.600023869383255 -0.170510967907356
-0.254204049990443 -0.161471081334968 -0.556340461960324 -0.127744647823447
-0.233770783714318 -0.153756772819653 -0.437623562812602 -0.156607133373255
-0.141231688770794 -0.201977657288316 -0.270316471904765 -0.16934052964293
-0.0264729094731988 -0.173451867075864 -0.0148251941215745 -0.124688158304745
0.022905209698558 -0.0956957195587591 0.111349459781344 0.130724431596412
-0.0479804580484462 -0.0968629028868409 -0.0137433900923265 0.337572779758064
-0.0475811150571349 -0.211640336839969 -0.176919044649511 0.46129342690534
0.0630043496114305 -0.338679213429438 -0.24589622227221 0.576522658801523
0.141218031979367 0.0568590127222601 0.188700618001386 -0.671523266170144
0.141861009909653 -0.0160563643843725 0.18586439482196 -0.514597815632372
0.0670253026921922 -0.0987624656444336 0.0703499477786883 -0.388625160631367
-0.0523407751242645 -0.0958683139389793 -0.142080259640349 -0.217636351982721
-0.099951385204451 -0.0071124350087289 -0.065209956695613 0.138592653721941
-0.0577876833212294 0.0500697084643474 0.238312017526269 0.271305558336446
-0.019907101612443 0.0965670390382745 0.471953269296193 0.2326313002085
0.00018383918034132 0.0962499752798732 0.587726958631224 0.1969456800564
-0.00427426072386454 0.0956075081017558 0.632153173175645 0.228705141813639
-0.022724544518518 0.0853177171666147 0.562075653378687 0.335136872650637
-0.0785061407104924 0.0618295108680623 0.367937931729952 0.417821163733665
-0.135509857869933 -0.0377861708631792 0.133903920935696 0.272975553368841
-0.0468522355849116 -0.123205967085914 0.114324504456824 0.0515107378247075
0.0509776779610023 -0.0683874667906852 0.257067526555189 -0.175258166969564
0.0489607610537379 0.0273520287643604 0.524919124463259 -0.366734146639549
0.222070671436503 -0.24209563952509 0.146352149894849 -0.601721855857362
0.15217166678136 -0.240724122265449 0.205197341571721 -0.427268053408219
0.0373939618005756 -0.27890725966578 0.139208317416271 -0.345908633702085
-0.0873151415637376 -0.243452762698505 -0.113625674284264 -0.244593237673166
-0.177531596857118 -0.153435468749136 -0.100914155979263 0.115084273918845
-0.216156391249265 -0.0808057704886746 0.180565548801175 0.293505980900498
-0.250285168682908 0.00733264975892816 0.422754017325363 0.2695981906747
-0.236840406102468 0.0251933520982413 0.540949854066344 0.212230145746743
-0.273391670267927 -0.00116422307440477 0.589950069490894 0.214333864640433
-0.25481551607817 -0.105253632893716 0.519251966254119 0.312569949625839
-0.22200366496996 -0.18736117754127 0.338342494728451 0.391280167094219
-0.154513684653229 -0.332898509912634 0.113923483340225 0.242167089905888
0.0124988058286415 -0.385951759703136 0.105140926798774 0.0148293409397717
0.196548652589011 -0.298346879895359 0.23396290033688 -0.18924842957568
0.22823008424114 -0.226202365965337 0.455642159283191 -0.370883632923487
0.296884526288135 -0.523075785359383 0.0694431181138479 -0.455583898851967
0.171133126248446 -0.476309185695471 0.21280028392794 -0.317559883312257
0.0137010533112345 -0.475046572505452 0.171975578761333 -0.303181733013163
-0.120834975568772 -0.404377822945123 -0.108147854871144 -0.253596360437844
-0.242478424164646 -0.307472173070825 -0.142085527644391 0.0853124282151277
-0.352481422367641 -0.223941283546802 0.0927930795534788 0.285415828773825
-0.452946120144766 -0.0986154716438402 0.313474479133079 0.268335420657501
-0.44143931446087 -0.0502059236334965 0.412212572678097 0.194707893869729
-0.50281221336359 -0.075353156203655 0.458035014672459 0.168205457101324
-0.464073998489833 -0.243989150794017 0.402796790505459 0.244345424661492
-0.375726172103329 -0.372416143655048 0.274955106989653 0.313014106585152
-0.221591033766919 -0.565150696318834 0.0962115490342053 0.196797618228913
0.0104278336538159 -0.603936426779305 0.0873458643845049 0.0125338940411831
0.270140200953302 -0.50448049336692 0.162808333292968 -0.133978659525696
0.349931688758157 -0.457143695650309 0.318148922437741 -0.293278588166495
0.342230355092942 -0.728009805244718 -0.0347302386665202 -0.245608530492914
0.196134223868234 -0.64970878195502 0.197617456032669 -0.184558082459171
0.0255660565146365 -0.638893903281088 0.163807875627748 -0.272972586735298
-0.118822524270216 -0.566951479190705 -0.136069114464641 -0.25831829411324
-0.287488468616389 -0.468538791309564 -0.199226313513186 0.0457413999038091
-0.457230185464107 -0.361316122512025 -0.024836383325745 0.240066594170743
-0.601380253343218 -0.200125064205469 0.151336434463651 0.225135760125844
-0.579603126529043 -0.115222232568272 0.217943663599859 0.150500699686046
-0.649000862089021 -0.121901842622806 0.256840172150452 0.110415921208272
-0.601315618399058 -0.320663376050564 0.223706820346382 0.161105526020197
-0.480654637836003 -0.464951641670653 0.172049293204858 0.206809043091743
-0.288782529828315 -0.674593897326542 0.0758194180718597 0.14530966719509
-0.0357764394344041 -0.710715707825507 0.0752794849507727 0.0446954488410199
0.257620057609449 -0.631390990635794 0.0809961180155498 -0.00850063685116469
0.388845370507565 -0.625868325992824 0.151554518539682 -0.136680058685708
0.343149832140198 -0.802474538830199 -0.161409060010324 -0.0120051728558774
0.216870851689163 -0.69370780987097 0.138399780505553 -0.0478824931583732
0.0845782970394411 -0.698518150161178 0.106309806407282 -0.239426079216285
-0.0576497398071415 -0.673574254968812 -0.180024662106712 -0.257895168142051
-0.285606498066422 -0.599882404724325 -0.261541460962114 -0.0226947798648552
-0.505183571198648 -0.463463419910246 -0.167781439250587 0.143002459107198
-0.671851094889054 -0.277455620622422 -0.0509838502964854 0.142898833563426
-0.630483139869686 -0.164734309829304 -0.0124356430042776 0.0869605962332242
-0.684297039302401 -0.151854780715874 0.0255919310056279 0.0499195505478494
-0.621164083112098 -0.344625426851634 0.0217816801993273 0.0774290926477143
-0.475775758757955 -0.473037566418892 0.0545134090852731 0.0946908314402906
-0.284113881706606 -0.640410416157444 0.0630648296062839 0.0996655817955708
-0.0751363173677324 -0.66920285767875 0.0758257150354042 0.108304827929462
0.186445721571226 -0.64089635057367 0.0102906480317945 0.159512718797814
0.354884674708303 -0.699118764288088 -0.00539031254252443 0.0707413300056225
0.291105881957195 -0.732688034718355 -0.29409358729052 0.194630859486584
0.214747194289181 -0.590100390111002 0.0255404116580606 0.0727010194040738
0.163422451652815 -0.619391133634606 0.014928331662443 -0.18328119312591
0.0405048239313319 -0.668663342201462 -0.202421916180638 -0.249129255879568
-0.228267113321296 -0.640023798507413 -0.306561670161469 -0.130121977501543
-0.470917920194152 -0.49093363500449 -0.316465181414616 -0.00331644170360568
-0.639084235909865 -0.311175451442667 -0.265932091489739 0.0337054977644113
-0.58827929372406 -0.190596285281146 -0.24092854212022 0.0133952240308337
-0.608592316738047 -0.168727323180038 -0.187441676833073 -0.0138523288773352
-0.520124010761481 -0.330489620075934 -0.148944780626687 -0.00686652375268121
-0.358653449089866 -0.414578315353837 -0.0292306434245778 -0.00960868770058769
-0.188613822594052 -0.491750430841977 0.072209848454117 0.074798791813657
-0.0809843049382508 -0.503925180367165 0.0759791467426172 0.190573039720985
0.0960387962005457 -0.541929539023632 -0.0515182016562757 0.317520536613931
0.270017665173406 -0.663437078028414 -0.126239071630554 0.283239948840226
0.184524470899958 -0.55509615900061 -0.408129496591933 0.343313505772764
0.157646337641794 -0.394734079989678 -0.112295258086257 0.168919889780657
0.192923240903322 -0.426658793845626 -0.067730063715989 -0.10945055894669
0.111042848701658 -0.522886247096134 -0.18426813845182 -0.242003427446797
-0.134030758022122 -0.546620478002721 -0.326329504723139 -0.259913198003298
-0.357819149174453 -0.424629041957981 -0.446338235337004 -0.165943145191824
-0.50312814420681 -0.285486011774206 -0.458461340289283 -0.0774485752770836
-0.455970240603506 -0.188205310211595 -0.432117091466942 -0.0592385079278937
-0.44664539971827 -0.172654945879908 -0.347890141374301 -0.0830110505009516
-0.34306309585119 -0.281771908986688 -0.247410898019088 -0.0917089862699191
-0.184875971555998 -0.306503441310842 -0.0485564510586437 -0.0882565459702093
-0.0666230658481041 -0.28880895751523 0.0976362529858762 0.0839204470362804
-0.0673122090099283 -0.290114134990392 0.0508235049594029 0.274915183498983
0.0110997502168626 -0.383668824370431 -0.11166100707173 0.422901276057056
0.164563845667933 -0.537996716059624 -0.201360832780555 0.458843669405284
0.0353022963406243 -0.303753641780165 -0.469853511360671 0.41823282503563
0.0344898525080973 -0.160544983309613 -0.217249366138823 0.239053843367402
0.134304461085642 -0.169395958805518 -0.105263129969828 -0.0460185187931923
0.12229972752094 -0.261651286119623 -0.136373557683624 -0.246568612664459
-0.0253030094603978 -0.332054749681992 -0.332626340038588 -0.37519958452048
-0.177985187222968 -0.275596747744767 -0.539747410569987 -0.295235083953697
-0.280900438457291 -0.212706432309108 -0.598794070552723 -0.164093753061241
-0.254398288527087 -0.157790479871814 -0.557808131127956 -0.122510412967004
-0.230479598485443 -0.151025555400423 -0.435486297637539 -0.154697748652355
-0.141533766471234 -0.198310776324453 -0.26746184740022 -0.165595087112523
-0.0269402634210988 -0.171852142634772 -0.0142076593684261 -0.124886258333516
0.021884819484317 -0.0928393578065533 0.114134657684876 0.127396556078853
-0.0517574674112537 -0.0952814700197895 -0.0128120086448953 0.338005591016065
-0.0525551120702353 -0.212507166114971 -0.17132716446054 0.460950822748856
0.0571157511868397 -0.341821755103404 -0.235847792742165 0.577624648905021
0.145083796829272 0.0563509983348686 0.176304495012868 -0.686816406982536
0.14256685680825 -0.0173379345997665 0.179591861834479 -0.524429534152561
0.0663742396017021 -0.101509648878427 0.0644801342513472 -0.39855029622246
-0.0550583261659314 -0.0984962392423695 -0.153475980940754 -0.219390494463211
-0.10439261615745 -0.00687699406216739 -0.0672706665436557 0.142441098298118
-0.0605776785504715 0.0522942547120038 0.244717304684949 0.270723676143572
-0.0177422336267006 0.097812353960467 0.481824875632281 0.231669473824705
0.00247268041043923 0.0985199945699849 0.604767341927423 0.195622082537533
-0.00298129878233522 0.0978013650583879 0.646334850194816 0.224976905761335
-0.0214471887681808 0.0872234252573232 0.578025075727033 0.331956969133783
-0.0792237426108368 0.0637507157689896 0.383560300578494 0.421243615273767
-0.138223499657712 -0.0368531537977014 0.13992844309961 0.278141593051449
-0.0493840940115666 -0.125100337017537 0.118724461766147 0.0504870149231576
0.0514693722796089 -0.0697054568581393 0.261364286743175 -0.183919630564562
0.0505735960480373 0.0298576161698589 0.526480340861868 -0.383516459632192
0.218769271638007 -0.249675932023982 0.134215622168231 -0.615105416355072
0.147403407410748 -0.247042807938804 0.201833870217371 -0.437293889915418
0.0314421009265148 -0.284771805145669 0.134945083811998 -0.356020964673179
-0.0944973436994559 -0.247889665897938 -0.125792888240111 -0.247001361675361
-0.184432839626406 -0.155008493295656 -0.105380455412649 0.118516710421668
-0.225294921860989 -0.0782033947484157 0.185757138665072 0.295057368442543
-0.251952782749074 0.0119987265607834 0.430370744670869 0.269956679172219
-0.240769891090701 0.030793845992762 0.555886452743732 0.21324783885426
-0.278739176992773 0.00326418051627277 0.602894964926914 0.212668530194618
-0.262386093986166 -0.102972151463483 0.531999286942489 0.31033594969979
-0.229326888352622 -0.188692179551745 0.351520359754245 0.39446385806183
-0.16276601460106 -0.336508833450248 0.118392707009844 0.24702023470099
0.00664637208354315 -0.39310006659487 0.107141923362839 0.012889759252146
0.195468317795386 -0.308074546100019 0.237895358598461 -0.196922925447193
0.227693067946291 -0.232911157628596 0.455139831095757 -0.385533758338642
0.286308018409754 -0.53674263052776 0.0622579309074092 -0.465780558783185
0.161076358793432 -0.488561934357645 0.210578843151887 -0.3239888558074
0.0032738508575343 -0.483685914777955 0.169106955121837 -0.312451833357238
-0.13271056815278 -0.411673268171896 -0.120747003913485 -0.256778870340208
-0.252340576510643 -0.312147924420219 -0.149641896855203 0.090740508784175
-0.364719321631962 -0.220412727913479 0.0970004757342884 0.290096024831456
-0.457370621304342 -0.090651909821136 0.315334897095956 0.26841425525884
-0.45012273561132 -0.0423971538771918 0.42504243096822 0.197675636837627
-0.511735961115642 -0.0685304770329087 0.466896396936233 0.166670487436921
-0.480820107740661 -0.241734408264735 0.413101898919629 0.243393418790083
-0.389325079023462 -0.3762005879487 0.28482783342746 0.315080161335778
-0.237289285216269 -0.572098793703253 0.0990577440603903 0.200551784662846
-0.000158918063889115 -0.615817640341292 0.0875474774171794 0.0104938688588196
0.266000259133802 -0.520249995490024 0.167099672095751 -0.139150308262261
0.345085385499769 -0.472719649112261 0.31652849676009 -0.302566296642053
0.327323606136455 -0.744054437777925 -0.0382811030038889 -0.249094696112443
0.186687289558623 -0.666813186789731 0.197716115631793 -0.190166977849336
0.0104456682851583 -0.652724150653971 0.160729842861058 -0.280613968095302
-0.136367614447653 -0.577210649810312 -0.147933596904798 -0.260503410547573
-0.301627384402801 -0.475070354696717 -0.208532817956064 0.0521248124970107
-0.474965030928833 -0.357294124471698 -0.0220869328506162 0.247666472361343
-0.609824681967233 -0.191199292115791 0.147760360099518 0.22605079447913
-0.59291828529275 -0.106693731045529 0.225304720267545 0.154623172368173
-0.660319288894154 -0.113818629062419 0.261147149611393 0.110267326332803
-0.620509081806897 -0.31461024198875 0.229393296069974 0.161749850062748
-0.49804160579372 -0.469307896411803 0.177398172713791 0.207801880846364
-0.307637789022166 -0.683074681726224 0.0768311908960246 0.146385285760754
-0.0487938121647186 -0.723203425971881 0.0750071793549668 0.0438129685805383
0.250736997142355 -0.651802863159883 0.0853264294899173 -0.00880971736928054
0.381171771583942 -0.647128890902938 0.149034737335404 -0.139486515387015
0.325417237030744 -0.822739256299534 -0.162077293809121 -0.00900902899884721
0.206281657392981 -0.714966445104561 0.141335076461872 -0.0492917100109847
0.0706733734542613 -0.715370721954964 0.10236517543411 -0.246098520647998
-0.0756952992663783 -0.688704708401757 -0.192373703012664 -0.258646816456707
-0.299524905403699 -0.611557897411905 -0.273424254373993 -0.0153641751659537
-0.524465717263082 -0.460246504165386 -0.168473683030641 0.152051978414595
-0.684224300461239 -0.267613288419864 -0.0588914520580479 0.144371609716487
-0.646025411485242 -0.155721374552224 -0.0117253154316596 0.0928285365407998
-0.696681053997447 -0.144235723313744 0.0248936265525767 0.051713944072222
-0.640057319765741 -0.338894864047725 0.0225595087356141 0.0801601832015152
-0.493660091922326 -0.477882087164557 0.0553102266542651 0.0953600481652228
-0.299557468501945 -0.646677024752863 0.0636131343965458 0.0987255619235067
-0.0904584347874498 -0.67717444437839 0.0765705562980762 0.109020674750411
0.175648805272326 -0.658881647753261 0.0156906683593232 0.164111651152924
0.343111934185109 -0.721037516251387 -0.00576018556393313 0.0754597416495801
0.274095970529506 -0.750507428254139 -0.292022957183294 0.204040846746289
0.207175233428021 -0.609704677238266 0.0279633145804648 0.0759161179254921
0.154401762069814 -0.635989855793055 0.0104618123903819 -0.186915526971155
0.0276951119647699 -0.68310659617456 -0.215517619562512 -0.251359365434295
-0.242203223001003 -0.653169939929927 -0.319373010944667 -0.123482938960378
-0.489847136706754 -0.493396030093711 -0.322411829923548 0.00679798514647445
-0.652932956230193 -0.300591443793959 -0.277497494702659 0.0362464579180722
-0.601395696482095 -0.183602046534804 -0.247524596042058 0.0197621447509085
-0.618675055460653 -0.165439304632182 -0.193013356820358 -0.0109488555450625
-0.535959440237965 -0.325867972447724 -0.151647696172737 -0.00366061077731484
-0.371727252880925 -0.419123389976079 -0.0309734562110508 -0.010172199704024
-0.199268473019674 -0.495470867102079 0.0732393009447027 0.0715940204715172
-0.0919484381663243 -0.510108081695052 0.0777956492974376 0.193430261386169
0.0829503473678423 -0.555508262839834 -0.0453607230013702 0.326143941106872
0.25958069475139 -0.683655632474076 -0.12332159035761 0.293879822467553
0.172800203573631 -0.566794875061359 -0.406156282105583 0.354105464750419
0.153742474950001 -0.407570842480805 -0.110525865647972 0.176740471559448
0.188785661981927 -0.440411990457681 -0.0721929373137467 -0.110338404436681
0.104479338364441 -0.53622141709563 -0.195328912843323 -0.245321384055415
-0.14528257328777 -0.558169657935042 -0.339675653420589 -0.25719223641847
-0.371392098190349 -0.428094127302892 -0.456762669916433 -0.156991962708571
-0.514613666715755 -0.278671916636407 -0.472954395249306 -0.0739165627040495
-0.46722385884354 -0.184208832695894 -0.445071171570226 -0.051998322720734
-0.453283115357211 -0.168769296388148 -0.355494521158443 -0.0807015529828613
-0.35355577407822 -0.278758295625312 -0.251105237577643 -0.0886550452453525
-0.191749345448188 -0.309894187032959 -0.0506902612520864 -0.0902616581533113
-0.0715510354404975 -0.289861736306201 0.101912980405235 0.0815244895714008
-0.0757277963105921 -0.292358828133069 0.0539660309629482 0.280840970662091
0.000323136022786715 -0.394469098335654 -0.105264494956015 0.434541535136465
0.153568346260189 -0.554164572052505 -0.194880994911165 0.474533971812075
0.0282559815566998 -0.308713864542482 -0.46919216641717 0.4325034593309
0.0327335544050804 -0.165673116641537 -0.216729306126193 0.249750690981963
0.134836814118096 -0.175473173943129 -0.108762998223866 -0.0443696318010572
0.121323015626866 -0.268119892420916 -0.144551670123131 -0.251641526992913
-0.0318414351460344 -0.339942076646265 -0.346789630872005 -0.374541298858278
-0.184955230625345 -0.279550838392547 -0.554664340813212 -0.289389757576267
-0.288101338726443 -0.207447247441601 -0.611231907949236 -0.15879169808321
-0.26268864301294 -0.156350038524257 -0.57252752155782 -0.115961288093621
-0.234047521525138 -0.151340551681315 -0.446902253173306 -0.152661324810721
-0.147193368361964 -0.197837123409118 -0.271408023780888 -0.164686518458857
-0.0288163183647314 -0.17402359121098 -0.0144984413145056 -0.12883409244371
0.0209131814426317 -0.0918457481099303 0.120867021444975 0.12591725148294
-0.0569082426837369 -0.0952127624532013 -0.00939107304615917 0.347468496604504
-0.0605330872508628 -0.217604792825965 -0.166138158812342 0.470954242975154
0.0495451265707293 -0.353425968129885 -0.227598636981392 0.593389970014551
0.144261438177967 0.0318917766334339 0.1174343187067 -0.705262917617448
0.131610369872589 -0.0402632618840219 0.138694460834835 -0.539424867068711
0.0491869673206597 -0.114300190590604 0.0358160557840976 -0.406752543061385
-0.0745894420806683 -0.09456471757601 -0.171987275604918 -0.210183364165303
-0.107810997272406 0.00761544495015739 -0.0581247086582019 0.14494178944227
-0.0529238160403443 0.0595520262245789 0.267960879815979 0.248396125048057
0.000184950309669332 0.100813906931122 0.509352054797522 0.185425477854787
0.0154813565174575 0.0977306890008047 0.642071730203663 0.142086127094755
0.00895002861899359 0.10072080662631 0.696678476030514 0.174061449383246
-0.0166448457256551 0.0937382557437524 0.637607360998862 0.293926715466683
-0.0796493468175352 0.0769712316160839 0.4442635622025 0.403092536351771
-0.150840012380701 -0.0202823066007771 0.178658410665173 0.280590544832591
-0.0659384215058288 -0.121821790004945 0.134133187498282 0.0453302316677256
0.0491488123333012 -0.0706127534370646 0.254901815801948 -0.218275500185766
0.0620228373270441 0.0368366568344008 0.514094168117401 -0.444985623218264
0.173730459651462 -0.28091390950587 0.103982382448078 -0.620545017547617
0.106366466979392 -0.271347142063186 0.180685308998858 -0.451182705008854
-0.0117353510786164 -0.293966465430812 0.127600381905584 -0.370574260456598
-0.135874207496514 -0.239572852588187 -0.133074335220424 -0.242628187754002
-0.205770140803756 -0.133531211931419 -0.0915211809326201 0.119214465871806
-0.232675494823304 -0.0537387593456007 0.21732664083292 0.272009143870316
-0.248872006294762 0.0456962671663607 0.471813866891651 0.220822394267057
-0.235603252233401 0.0528068404869261 0.592857704244057 0.162788585677295
-0.281311470774634 0.038224414502889 0.649701294361057 0.165850121597296
-0.284875968196011 -0.0712822653964051 0.594530563893939 0.276519127679957
-0.2605472334709 -0.162892398133811 0.414258428957424 0.380378323311289
-0.21286642948715 -0.323600261663396 0.159414844721967 0.258560893211969
-0.0385331777760989 -0.4027361922392 0.116935384334745 0.0199212700186838
0.173352729126255 -0.336216170381598 0.213544511991909 -0.222256931490719
0.220707463900055 -0.257990751380525 0.420317149938585 -0.433990983836671
0.200895124908589 -0.574131602493633 0.0645557056438398 -0.454977262952849
0.0921981514959845 -0.516246416716884 0.216234650401285 -0.337028096294934
-0.0683836899701807 -0.492945187905008 0.184937194074607 -0.329118753661647
-0.198403604312959 -0.398785163194157 -0.114184494271581 -0.253725829161081
-0.293471968718976 -0.282901914258887 -0.129044609772744 0.0906059639412648
-0.391058607954686 -0.180135423204472 0.135919814885761 0.269658151752207
-0.471874845367935 -0.0302201275151158 0.369010825945041 0.225445089141711
-0.453740038545727 0.000216093983205365 0.453647756384001 0.156702390402065
-0.525872499124336 -0.00624506199066179 0.50280137858102 0.130555395358292
-0.522406772089951 -0.185876879745344 0.467753742885543 0.217909070476937
-0.442410365147205 -0.335310145453735 0.341436910271748 0.303715636944969
-0.315676257929021 -0.553734390074788 0.140972494797127 0.216195593447337
-0.0699077566652417 -0.628348858523148 0.0987798233429396 0.0294933032830394
0.221161659851528 -0.567950649990749 0.134628171386177 -0.144102143633247
0.318784176470596 -0.524624460781457 0.266238803665374 -0.326884637992377
0.214905338420831 -0.784149756095211 -0.00403454777974015 -0.224116473719741
0.094579266713553 -0.699037854767333 0.22675680733297 -0.19546981932974
-0.0837703831020052 -0.663173588289431 0.195267310566433 -0.293836625863952
-0.226010648719267 -0.564140920534853 -0.12913518948048 -0.252662081907035
-0.362555398538362 -0.441831821095143 -0.181996384698661 0.054466642448251
-0.51743533820962 -0.305577191658031 0.0196651330228104 0.233039792848731
-0.642428953657498 -0.111046753811994 0.205418172388145 0.195791849257146
-0.6059130947781 -0.0503325908102685 0.243931512220014 0.129923350674515
-0.681064771356284 -0.0351078395193883 0.281893600288519 0.0916017373155302
-0.672988328974776 -0.246204261670956 0.270688050400553 0.149151193200565
-0.562346910673021 -0.417504165882063 0.221075114312426 0.201694768719098
-0.400273059740199 -0.65582445160972 0.115936704569174 0.162150307624427
-0.134504990450806 -0.732017778791653 0.090113594361779 0.0698508052238342
0.187624353986742 -0.705795619916896 0.0584515710130316 0.0093236785140084
0.334703431290367 -0.717292000700194 0.0975994603786777 -0.134335542125486
0.208192401225062 -0.856520263461366 -0.104977936121479 0.0302199435227002
0.114370217479264 -0.748110660753048 0.183986412683789 -0.045168697500485
-0.0304658269135051 -0.734429359843121 0.142276614401568 -0.248352984121312
-0.180593862137161 -0.684222252167634 -0.16603277662786 -0.240346875672732
-0.379601687388746 -0.579780612199311 -0.2443980785584 -0.00650428847437024
-0.581019391973579 -0.405533880483262 -0.131508023880966 0.148340095510072
-0.730135296757694 -0.176353231517696 -0.00523851356918996 0.132053025868358
-0.66518062165987 -0.0949942791360846 -0.00648881678447088 0.088892354316334
-0.721194668640975 -0.061459896871501 0.0298080784717292 0.0533769827833477
-0.69485114722795 -0.268676521994734 0.0461696051906389 0.0832890939770384
-0.555663245604352 -0.427871481575868 0.0819751342918061 0.0945608250103194
-0.386163946208854 -0.62014371188596 0.0961475707064053 0.110505615627239
-0.173529343134761 -0.680098432070212 0.0992349631108997 0.136690786216673
0.106111018579271 -0.707769155819375 0.00389979732946522 0.201066816793848
0.283421368927365 -0.794285294116395 -0.0467356789561598 0.108811082037982
0.170416374523742 -0.774232537196111 -0.225818190752489 0.252183624954303
0.132439883730039 -0.641373931115169 0.0731206094726528 0.0921730099822539
0.0653648240559521 -0.663181023892725 0.0469433853390453 -0.172764307959347
-0.0743705185692613 -0.693198965513536 -0.190663555338499 -0.222126206009327
-0.328270596542404 -0.630841814789315 -0.297930565476815 -0.109810944382805
-0.551113716407542 -0.442536456230527 -0.29928465089056 0.0160557022585799
-0.703761254192207 -0.214433625323084 -0.237620154754138 0.0461782100142263
-0.626191222295235 -0.125117168282986 -0.255423302225325 0.0381446011389302
-0.644598099371273 -0.0913515685873002 -0.202796322484601 0.00719969894953031
-0.582530033078011 -0.268247438395322 -0.145286947236162 0.0113208868950482
-0.423371673031839 -0.382669992523699 -0.0211753685213324 -0.00730767223545247
-0.263532675177321 -0.478513326295321 0.0987705403758457 0.0775873877540331
-0.157527092614643 -0.507188059039755 0.10795936669195 0.218155647102331
0.0172344597699682 -0.59352789530634 -0.0370010310429256 0.375856598613842
0.197404888663445 -0.7490433502768 -0.143756136354721 0.346396031375149
0.0944917586065059 -0.577774711497751 -0.343903863221728 0.407904092058093
0.105161217791102 -0.428674773886645 -0.0722933748827548 0.203102220106744
0.12831008737647 -0.470718607251025 -0.0484131574368816 -0.0843652389327233
0.0263938864233053 -0.555376278561736 -0.182350196076574 -0.215492169421016
-0.221754134623786 -0.547691972176166 -0.337411394471015 -0.238347141908153
-0.428017598579223 -0.389966243112663 -0.454137003330615 -0.13349870094776
-0.563866063049297 -0.209919647324498 -0.453860085051816 -0.0422275707352831
-0.491645815820064 -0.137212409140623 -0.46415927142152 -0.0151317139876963
-0.476834489985136 -0.118004772476749 -0.380413972941459 -0.0508508372195165
-0.388421464667933 -0.242509510384314 -0.260757295227507 -0.0692174129286457
-0.226421026434594 -0.292347723912771 -0.0539408116246927 -0.0889681562563194
-0.109452800647812 -0.28225887330474 0.123839979941653 0.0802301464657998
-0.118765434432077 -0.2877800004881 0.0888728129290529 0.304572101111771
-0.0538631403693512 -0.416453871761275 -0.0811806170014017 0.4904190412785
0.0969190443635412 -0.602519344696976 -0.192728655430101 0.536944489928302
-0.0104844836569366 -0.301222572772551 -0.420998137405405 0.47724276797742
0.0144386727639243 -0.166818574046597 -0.189095903035477 0.279066757713655
0.110723591050204 -0.19493928513341 -0.100447717984799 -0.0213978155212751
0.0826139263414083 -0.288399765912966 -0.15233975589248 -0.230452334540994
-0.082389522450524 -0.341894745390644 -0.369818650721448 -0.35173221539337
-0.22592265220921 -0.26101259899613 -0.575248793885589 -0.251172539808259
-0.325760739412107 -0.169260545615374 -0.616085506746054 -0.108628457991814
-0.283118228910403 -0.129812861851332 -0.602020049849186 -0.066925270211816
-0.254178627012554 -0.126954931609925 -0.482256852316402 -0.1184171083874
-0.169417545120284 -0.183914669995282 -0.293494973309794 -0.148304296858476
-0.0471025154793159 -0.172875917250423 -0.0229919466668807 -0.131802867055358
0.00810833245483717 -0.0934176460031662 0.141578241507688 0.123000559679339
-0.0782356911170113 -0.0918726958293622 0.0264196734753761 0.372952888874435
-0.0971742832936484 -0.227293921631258 -0.134133137373992 0.527610096807479
0.00677912472746457 -0.382204073780813 -0.203268623328887 0.65806250358216
0.148702779902823 0.0225153552083589 0.0676139586586913 -0.720955476322688
0.129779512478857 -0.0468711977874208 0.10149844057875 -0.554318643673861
0.0432718052343534 -0.119361605198735 0.00743880976900793 -0.416081308437114
-0.0830543704980485 -0.0927550479931161 -0.193149710384643 -0.199080261278934
-0.112453231869777 0.0149112034904927 -0.0530589360183483 0.1520354932422
-0.0526962373714744 0.0651468199213017 0.286232622122722 0.234139298678384
0.00632227944913744 0.101335808850093 0.528383096049884 0.157564708167508
0.0233298969216234 0.0984178621832451 0.664966446455181 0.103289195568817
0.015904665666714 0.102644684146241 0.720960788346546 0.132650825417972
-0.00991982131971421 0.0952794696760451 0.668765119836671 0.258029156763867
-0.0759429839247461 0.0830832788188001 0.47989099228988 0.380172967608706
-0.155143704068136 -0.0108710860982833 0.200763749677267 0.275348268338285
-0.0744148145221175 -0.12041809112062 0.139923380972372 0.0359917646339459
0.0462023175782436 -0.0744969376841657 0.245386538812899 -0.241910806933521
0.0670150962051571 0.0358737244475854 0.48886730933304 -0.484692579334867
0.154602033983974 -0.294968165788833 0.0600737916905014 -0.63427153797233
0.0870855338242237 -0.279641110012874 0.152419568874952 -0.469736444088357
-0.0331927106163072 -0.297535598553328 0.104304783574758 -0.383393086989429
-0.156342026049134 -0.235343161932159 -0.156551665088326 -0.235505004997224
-0.220707233755547 -0.122038928724574 -0.0890896231863618 0.128827711891193
-0.243074095871474 -0.0360055194513477 0.235912714809013 0.26113918234715
-0.247939951730678 0.0617145461903609 0.489894704367457 0.198985094933932
-0.234199091826119 0.0699111372815717 0.616577710950443 0.126496970501263
-0.283081402308676 0.0592603314673138 0.673525733800801 0.126788052518307
-0.295641666417731 -0.053103527032215 0.622731958905013 0.242241487331702
-0.276919214342886 -0.149569023174595 0.448512306933001 0.360845426452075
-0.239189284859553 -0.315394344354264 0.179368295039387 0.254298802458045
-0.0653411851527996 -0.407862941773574 0.120043944258337 0.0107548901783182
0.152823202792011 -0.353877396080135 0.204299545654562 -0.242191055235424
0.206217800603967 -0.27640187924864 0.393218692489607 -0.466467519030412
0.160185198533172 -0.594566394212283 0.0334342334773884 -0.466073705731998
0.0546299996948805 -0.529180609130504 0.195814933353144 -0.355161978881921
-0.10718511983577 -0.494850258338081 0.165638729640387 -0.34587488362835
-0.233456804019031 -0.390598538581145 -0.13853835673963 -0.248144613793677
-0.319925934867374 -0.269253617522635 -0.129826648792683 0.104331701212594
-0.412521468661943 -0.153358522094043 0.154244370030021 0.266157432082531
-0.478021876573091 0.000522705289414581 0.382294310533713 0.210282381192632
-0.460044072818679 0.0326245682250173 0.474770556006499 0.130257075140709
-0.534863006217456 0.0297019830358861 0.519176336033254 0.101939423453691
-0.546445230660993 -0.151635791227964 0.489856233382032 0.191692006672895
-0.475056767709798 -0.312838575383597 0.367755207798037 0.287841256686686
-0.36047375194029 -0.541906818120717 0.156495480392608 0.212613901309938
-0.113599551545758 -0.635194484696117 0.100243196781148 0.0220538519683834
0.183716368834209 -0.593799259790624 0.129530801641439 -0.157083489243122
0.285948031720037 -0.556757171297638 0.243363775373421 -0.348132517547548
0.159291597877372 -0.80509126447824 -0.018955348020602 -0.22814615278818
0.0457611135342634 -0.718165712477236 0.21783257805295 -0.21267706749662
-0.134912507366464 -0.669054906896873 0.177599858662509 -0.311110058641924
-0.273707356236599 -0.556377226136347 -0.153829299409 -0.247447437109875
-0.400771641418328 -0.42749733774503 -0.185930400691066 0.0731400969082931
-0.54829157161216 -0.273505550976459 0.03518471140124 0.238144049207719
-0.653239989091818 -0.0680898492731149 0.211988190735276 0.191637727080343
-0.616442240430452 -0.00914019080015847 0.257935299220847 0.118538518874958
-0.694150000907003 0.00947882035282907 0.291071404256046 0.0769283816490785
-0.70189719975701 -0.201890863077233 0.283868071246826 0.1347098632433
-0.602346656476607 -0.39045631950697 0.237513369577288 0.192058425455891
-0.45167838217565 -0.639737268355832 0.126910949466601 0.156988872568037
-0.188399497935014 -0.733541974747535 0.0947956897296783 0.0641430125574356
0.138097424637571 -0.731738701344074 0.0626880272533519 0.00407432124204701
0.286316769612626 -0.752567441101561 0.086117909076188 -0.139313752274382
0.14502726998772 -0.879275987694644 -0.101975260844806 0.0358253089997151
0.0620096060341203 -0.771559744749534 0.18603222021998 -0.0570631512546575
-0.0857897751051099 -0.745001763464481 0.128353038699834 -0.261616673427188
-0.236222313313808 -0.681999373399998 -0.191083355976212 -0.232601742733507
-0.427535291765254 -0.565908461318101 -0.253630303589184 0.0153612950893885
-0.619500872663408 -0.370969827804742 -0.121604866085779 0.163995295562337
-0.745568818128148 -0.12796881877283 -0.00773127551706912 0.139635189637749
-0.68202675125516 -0.0483095873031824 -0.000143450276282611 0.0932870502327999
-0.735594788223098 -0.0143767977506699 0.0324616999276247 0.0538999951859001
-0.72509557447666 -0.223581928263565 0.0516069963786035 0.0820073256344046
-0.594834412102196 -0.400823715512475 0.0874747372949267 0.0920301041781556
-0.43495357251001 -0.601864872074243 0.103006090109749 0.105079872453584
-0.22296172484745 -0.677975147887437 0.10749039468137 0.131727306105821
0.0536240627252704 -0.726546014233323 0.0208072228554883 0.203193850768601
0.226737535563633 -0.829529143505717 -0.0410114975632283 0.118326506547615
0.113908208790276 -0.793511449086621 -0.209819895058445 0.269218029799464
0.0884935480267968 -0.664732043541099 0.0832166848855574 0.090424367912279
0.0173493706298776 -0.683205287282975 0.0342874192814179 -0.177454245420844
-0.125289983820531 -0.699287675599791 -0.214119186153303 -0.213663770740846
-0.379994183566443 -0.621768876013349 -0.312523935199983 -0.0852281304416921
-0.592265157070984 -0.412038564302642 -0.300401336163441 0.040575239224435
-0.723256505959034 -0.167038775591737 -0.248261141767407 0.0657593752648648
-0.643616374964364 -0.0839127160934477 -0.257493769891079 0.0583617177879497
-0.658691493497052 -0.0509464354084017 -0.207404523651228 0.0216981530073287
-0.610089618195918 -0.231108039430401 -0.147279884728127 0.0212669286559473
-0.456004561353896 -0.362191562043846 -0.0252110407070621 -0.00591642864861463
-0.29948666160175 -0.465378991990749 0.104527523239336 0.0692349426902481
-0.196276423464841 -0.5012135160269 0.123011027035176 0.215218226798541
-0.0279477585459805 -0.604258136983845 -0.00943557199729939 0.383927302469871
0.140262040966033 -0.776943247723548 -0.121385277991147 0.366538038194106
0.0545906675647488 -0.586703667879662 -0.31758320300072 0.432183027087323
0.0764974841002641 -0.445811581714447 -0.0569815020105985 0.213153332860399
0.0967903127634793 -0.489303280748751 -0.0553771367586779 -0.0813166462643235
-0.0118081528036306 -0.566436489914419 -0.204281346220821 -0.207043760833083
-0.262635615780534 -0.545174232802063 -0.359796124719655 -0.215582431344825
-0.463899490297707 -0.369616947600598 -0.469737595657361 -0.101763690045573
-0.581282588415773 -0.173875546452161 -0.470499176134289 -0.0102223004103188
-0.508358194685455 -0.104711061510389 -0.473828092941137 0.0165319409228111
-0.491986243045279 -0.0887884032505086 -0.390181298002429 -0.0272137367051528
-0.41175091651612 -0.218519388514439 -0.268970274949139 -0.0541028878164179
-0.248681114896848 -0.283333393304188 -0.0623337711840993 -0.0878192457881132
-0.128673239793404 -0.277218655568587 0.13131089520178 0.0707799474777933
-0.143363605489119 -0.281653391842613 0.110712818487947 0.305619700419649
-0.088873123386767 -0.420529317079018 -0.049048728209258 0.503773777295412
0.0504798249644256 -0.622903062614157 -0.156975079229407 0.562391489200668
-0.0316545423551031 -0.303200147945578 -0.393744163734035 0.508988784198
0.00383315638271843 -0.172164547702257 -0.170038476968467 0.298320764706299
0.0974502059484374 -0.206623698616606 -0.103201476888182 -0.0135686057482142
0.065950958166521 -0.299430024493376 -0.173481160158646 -0.225075331631804
-0.105790888832642 -0.344064153378194 -0.400143509960019 -0.330670979448784
-0.248249868013317 -0.252823064800783 -0.6004839399304 -0.21259808978389
-0.339489480077356 -0.148332994212347 -0.63652516760576 -0.0686457919838062
-0.296877179567502 -0.111494095814362 -0.617422668698596 -0.0259627699304631
-0.266537511856816 -0.113084191501893 -0.498994565708645 -0.0899737128843839
-0.18356600920419 -0.173877393173206 -0.306364595599668 -0.132594825836805
-0.0581232101845811 -0.172235088423188 -0.0312214548937338 -0.135220893747448
0.00292519155672905 -0.0932811939564858 0.153813339238293 0.113155503806374
-0.0892008151576805 -0.0859262832884659 0.0522331157930423 0.380665845416213
-0.11754391616056 -0.225470833284823 -0.0994704217649614 0.543990372097412
-0.0236554999098417 -0.392772523427731 -0.156252380465097 0.683646213865985
0.148857901963087 0.0115421276010827 0.0129823032186601 -0.712713055295618
0.124381758844234 -0.0520807310845065 0.0574827328608108 -0.553136303183863
0.0349524475044105 -0.121868443307382 -0.0239802260928735 -0.410698720321156
-0.0898154130479637 -0.0874111502346719 -0.208046795788101 -0.18012427675874
-0.113072281936741 0.0237521267397192 -0.0447705463356236 0.156030905772601
-0.0498706292598837 0.0708350079637561 0.295676118101424 0.210414315068674
0.0120893765622403 0.0984695701565741 0.53517623380293 0.121234791197895
0.0307787617160085 0.0950342118772045 0.667696242753689 0.0552045390250215
0.0234628343999676 0.100539266106959 0.722739678609449 0.0813276349295233
-0.00332818966426289 0.093834593051554 0.678397895112919 0.208243028903572
-0.0694658875855696 0.0872571628295288 0.503479643982352 0.342865662327677
-0.154407349105328 0.000264787520532054 0.218255298113703 0.26039807885062
-0.0818339497664266 -0.115309727708986 0.141108544916634 0.0241021649029205
0.0418832245754839 -0.075371663204042 0.224002103812341 -0.258729041536581
0.0713495683246382 0.0328161930879076 0.44295344814429 -0.512313388798342
0.128244709996678 -0.300543525158884 0.0116013435431454 -0.627713793185155
0.0637895171888585 -0.27944431297735 0.1135963641015 -0.472447310668279
-0.0559826230233265 -0.290434094223588 0.0759930343931647 -0.385308455754256
-0.173591227249903 -0.220230243348884 -0.174846251436871 -0.218139059677519
-0.230089437885924 -0.105109541070461 -0.0827633060423137 0.136426378618364
-0.245466235011837 -0.0143772583666475 0.248522796428838 0.242356940522204
-0.239268993248009 0.0769494691885925 0.496036357259792 0.16685260075968
-0.225427183747275 0.0864759864839344 0.62157712269576 0.0828099191910431
-0.274991604002167 0.079670063025932 0.67384150159637 0.0779436680325367
-0.296773491976052 -0.0308987511211549 0.631334173195599 0.196455990001477
-0.286572779417042 -0.128674400982673 0.470624198041795 0.325218073182142
-0.25981723422763 -0.29447547659427 0.195135780372428 0.241031066701992
-0.0934848983669212 -0.398953860547978 0.118881188187041 0.000295522004927637
0.125863258471235 -0.361122393961747 0.184820796754388 -0.256892495430505
0.183429790034162 -0.287506660887414 0.349232978152453 -0.486369448228594
0.110016188498533 -0.593871110067784 -0.00094215264251743 -0.462205603740083
0.011687991573706 -0.523558804489801 0.16707088332202 -0.362545984164289
-0.146526872847807 -0.481023000329706 0.139137698270351 -0.352229414249686
-0.262948762585801 -0.367461507886711 -0.158710648849457 -0.232454971164426
-0.337811341490354 -0.243244180508387 -0.124545303041711 0.116968606143952
-0.420620282269364 -0.117854572145813 0.169410844034283 0.253872290081304
-0.469158555928392 0.0327907402214407 0.386633864445694 0.190067733080137
-0.449245461320387 0.0653433642880122 0.481323187398388 0.0965037706505315
-0.525539301482142 0.0697468312168654 0.5201611119603 0.0642665049426659
-0.551938174436453 -0.109832273242083 0.495783786919689 0.154749844207338
-0.494504005422139 -0.276873838205951 0.384507263151512 0.260589151810553
-0.396476101141886 -0.509876134194402 0.16906999150977 0.199635803065714
-0.158009770228799 -0.619262034472209 0.0982725118440893 0.012946756195078
0.137193006212346 -0.600599657740865 0.118336682111802 -0.167920541715975
0.237945263064837 -0.569904775843197 0.210487923383523 -0.357304042696511
0.0927093168843601 -0.800473523720423 -0.0345272572685505 -0.224043641483257
-0.0111973112600741 -0.712115967415548 0.200034831090512 -0.224476523209912
-0.187187285057951 -0.65036855477443 0.153523064843846 -0.318425948336667
-0.316484449951649 -0.527039943236216 -0.174965840010417 -0.230757883627224
-0.42913939627348 -0.393765682548558 -0.181946901499758 0.091473761442785
-0.564094484129386 -0.225115204295954 0.0525523648390084 0.236013739487636
-0.64578010222195 -0.0212675152491087 0.215173009301318 0.184062675896001
-0.607301048085275 0.0367810098506063 0.265142771058838 0.100572712655706
-0.683370662797734 0.0602898911652222 0.292623452320301 0.0564100741273342
-0.710800371702626 -0.146901520540446 0.288281438770814 0.114094763475307
-0.624895194788325 -0.345064914455242 0.24723960283194 0.175145458756308
-0.493278691748379 -0.598201818425881 0.135717250962818 0.147139481465344
-0.240633996331549 -0.710426537155085 0.0956693542990419 0.0562445582206217
0.0809630581577043 -0.73226906691798 0.0642463710470554 -0.00301379561519306
0.22124759905266 -0.766507106483285 0.0716661029302526 -0.139166571902538
0.0742798162067334 -0.871204067673817 -0.0961718586302325 0.0412800234402666
0.00288706298705631 -0.766439994252431 0.181054106362076 -0.0698829609123204
-0.144305382189188 -0.729173231688256 0.108060659634695 -0.26579176148797
-0.288419550114975 -0.655112850147712 -0.210947511118622 -0.213907267929858
-0.465398175503685 -0.530568565230218 -0.251843874442899 0.0404699037771967
-0.641284928526181 -0.318414266641919 -0.105810474460486 0.174166056085312
-0.740237639589315 -0.0738662466727025 -0.00627037938537713 0.148223665062209
-0.675266544831726 0.000989450649636436 0.00796332371871896 0.0950498225078981
-0.725240837937244 0.0393048639705884 0.034935965360739 0.0516731466904654
-0.732720296933622 -0.164313530064031 0.0554579704513383 0.0784985200331428
-0.618365786042882 -0.355566808675726 0.0911035903426558 0.0868260793056674
-0.471346972426373 -0.563022638917712 0.107276000428541 0.0954133122201086
-0.27060845115389 -0.650476054310101 0.113634497737954 0.122503145100293
-0.00474135359519781 -0.721741092045341 0.0368190346521448 0.19811684051304
0.156901402156703 -0.837161233815104 -0.0328448890500268 0.124471286336239
0.0516753276966217 -0.783048211039018 -0.184938458473695 0.277845881269659
0.0388407747473286 -0.664901275710342 0.0922179393108259 0.0829813375835199
-0.0371925418506781 -0.676853821993675 0.0210580577203014 -0.175386420890065
-0.17874538738881 -0.68237898921195 -0.233238142019463 -0.192485295778611
-0.421690876197233 -0.590510194189985 -0.316998461692474 -0.0559978077809009
-0.617250152151627 -0.362020914549436 -0.290218457454561 0.0657557087623429
-0.720676948147083 -0.111758419350324 -0.248176034487236 0.0903025108361493
-0.64015371775481 -0.0338523306582485 -0.249768432909788 0.0777517079767014
-0.652159676577093 -0.00334768626327843 -0.204214496634703 0.036534544592478
-0.61959012236328 -0.183101428177451 -0.144967419363968 0.0313784025470563
-0.476358485879114 -0.32798409396518 -0.0272778048875557 -0.00224311985639437
-0.327151834153539 -0.435762777552312 0.106816882188951 0.0590938940264226
-0.231422885822205 -0.476952735527421 0.135719489270988 0.203656117784657
-0.0765911346406466 -0.59418644035561 0.0200199039269697 0.379722215091083
0.0732790195546725 -0.779729071460125 -0.0921315685176983 0.375070500907153
0.0115551877301957 -0.579916556896383 -0.283286959012614 0.446909940017921
0.0424880314308804 -0.4482606885204 -0.0370049372129724 0.21406600960812
0.0559394451425908 -0.491406231937637 -0.0610713658212821 -0.0743347663068866
-0.0542610674050132 -0.558588162517546 -0.221598928758434 -0.188782058184557
-0.30039315787447 -0.521861357930716 -0.372302561818966 -0.18204112412343
-0.485849359620428 -0.331647057417289 -0.467093627017135 -0.0631647103032964
-0.582367624664617 -0.127437862393754 -0.470682699558356 0.0276001328423643
-0.509543326366599 -0.065997000986193 -0.467490056349796 0.0529653959709111
-0.490374552763553 -0.0536012427670134 -0.38966629974971 0.000317070530738501
-0.42158711245718 -0.1844870532863 -0.269806380222067 -0.0357565294259421
-0.265823057761923 -0.263120060642731 -0.068469614205683 -0.082077624873661
-0.145222267335882 -0.261974048477112 0.134258355538401 0.0578966389290556
-0.163448440589825 -0.263473638024464 0.131675530724782 0.294660684278217
-0.12206296698675 -0.408670665592496 -0.0114960459137036 0.500454694625081
-0.00299882841452298 -0.620927479963035 -0.109035345700394 0.567543866011591
-0.0529878350268801 -0.294250645602636 -0.35216475817953 0.526885521316458
-0.0095585066728667 -0.171861717811812 -0.142923197493596 0.307227017357705
0.07929187962306 -0.211784855341109 -0.102736444912273 -0.00397523431680849
0.0443947192987049 -0.300488112905086 -0.190906882695758 -0.20965945941734
-0.131102661902971 -0.333899101214355 -0.418890986382127 -0.294738868149068
-0.264466732055113 -0.233035603031149 -0.606634333482709 -0.165127555489956
-0.343477204809269 -0.120207216390215 -0.635838340004926 -0.0213968277406017
-0.301474433076871 -0.0884562994564813 -0.612631702113702 0.0204347310727541
-0.27076033153103 -0.0930544900770333 -0.500510039146026 -0.0550477827474053
-0.192032413718549 -0.15691092118789 -0.310434654774802 -0.112240258609302
-0.0688729492056206 -0.16628667451711 -0.0403240402121558 -0.131882867170256
-0.0030823141824463 -0.090774348976708 0.161745416013121 0.0995017796445868
-0.0971894274304324 -0.0761125103309354 0.0800404373523882 0.375313645778339
-0.136029673093924 -0.214437862827498 -0.0586783417618687 0.544104727765121
-0.0571415410684127 -0.388201393464861 -0.100513200926903 0.687159010801707
0.144268370684042 0.00380071869131044 -0.0250215401472941 -0.686904205916489
0.11849281302097 -0.0531836961311774 0.0274215910935856 -0.535829534818831
0.0283079061237964 -0.120327055095283 -0.0436156587215189 -0.396578330692558
-0.0930657534336164 -0.0808743314346912 -0.211627341211956 -0.160976193472591
-0.111240488649595 0.030267429599409 -0.0377550318950937 0.155324266241441
-0.0466408828886095 0.0734044651857483 0.292427061982858 0.189926924245868
0.015342716444648 0.0935412039102016 0.525952701740991 0.0939008662414893
0.0354127578736384 0.0907554237333884 0.653077406883825 0.0198696151842
0.0281540164423937 0.0966685129306604 0.704644028428981 0.0426329299880131
0.00105550568445556 0.0895005059105186 0.670104008600024 0.168608175571568
-0.0636954588850457 0.0879229545854326 0.507251953572417 0.305282477183661
-0.149700813519218 0.00785793881849634 0.225819421462366 0.242685353717846
-0.0857425653174365 -0.109290676710468 0.138669099374991 0.0143873977718211
0.0383385244524036 -0.0740523324246844 0.203565174541018 -0.264050585347708
0.0730426039845306 0.0288865244422934 0.398881007341194 -0.514567209652538
0.106468902631166 -0.29456053064447 -0.0210561673736432 -0.604261630063068
0.0460910661803418 -0.269508274154016 0.083985220296453 -0.460499111591187
-0.0706047863279715 -0.277774571602634 0.0542402735522436 -0.376921368722041
-0.181476615079323 -0.204401059727836 -0.182609087211105 -0.198523461018449
-0.231175231473247 -0.0899306837662945 -0.0758769208274872 0.14004257476101
-0.240055195507771 0.00182480403572491 0.249797036068499 0.223541354457081
-0.227158164201975 0.0852540119578954 0.488155974993088 0.14382078117768
-0.212557290142133 0.0948507326297957 0.609015420576964 0.0490317188362143
-0.261744546295122 0.092084149135764 0.657242696557685 0.0429274241148066
-0.289737234808098 -0.0154388405845099 0.621971407788343 0.159196219947315
-0.2860397489259 -0.111622315977018 0.473934995119571 0.292603772929461
-0.26804584616687 -0.271491780634768 0.20153766616671 0.225749107615467
-0.111394249682135 -0.38405002550329 0.112876691317569 -0.00635792339465871
0.102809217454448 -0.356150217135636 0.166250882891276 -0.260751970621252
0.162410482665393 -0.287341275619586 0.31042831493417 -0.484959513196233
0.0705001344554479 -0.574356959411464 -0.0240510469458697 -0.444250871087882
-0.0176364034769555 -0.50502252046472 0.140373452387118 -0.357743021214198
-0.171364219045201 -0.457060314053707 0.119190791258209 -0.346836198493169
-0.27786150481918 -0.340622383845408 -0.167785875963834 -0.212429919331752
-0.342424269635488 -0.219426217212975 -0.117385879061211 0.125183164562837
-0.414006961019184 -0.0877515169063923 0.176010690606021 0.238894626456555
-0.449780769168069 0.0548991570394099 0.381450989016129 0.174184762780207
-0.429892607533763 0.0863477488131904 0.473410976106737 0.0713999523669617
-0.503540995941218 0.0960623411680956 0.507868983677524 0.037973398724903
-0.542478925119402 -0.0772134438419739 0.487514194942069 0.128269498414283
-0.495756591054753 -0.245082501612035 0.387693569727406 0.235083483104338
-0.412080156066707 -0.4726409701951 0.174217890660943 0.187429496480135
-0.184881259090787 -0.592357024042264 0.0937717576382631 0.00682320895387054
0.0998739495953356 -0.58943110236536 0.106020995898773 -0.17093113397488
0.196762184627014 -0.564724504225204 0.181183189246191 -0.351422488602408
0.0441660642301161 -0.773322183648159 -0.0434793425300542 -0.214559554658515
-0.0498462203903238 -0.687772130683718 0.181905522215133 -0.227076738512529
-0.221752461892114 -0.61806474696547 0.135236928868966 -0.315826348179145
-0.338912177393759 -0.491327409185696 -0.184923970053442 -0.20977811353427
-0.439442600697462 -0.360848701003905 -0.173050863179472 0.106090380263263
-0.558518058935697 -0.186539429676624 0.0643014023836851 0.228873105926261
-0.623471515003019 0.0124320495103037 0.21364704574731 0.178537102774583
-0.584424424145335 0.0672775323207181 0.263356456944091 0.0853734964133617
-0.657230171561242 0.0943535514456502 0.28511638052444 0.0408215899039942
-0.695759113424688 -0.104042386242235 0.28462472373907 0.097524615998532
-0.628305507198584 -0.30423845427003 0.249546894816933 0.160425812728016
-0.509699770128077 -0.552961136134336 0.137748752880123 0.136477353254393
-0.267996260642988 -0.676168316478187 0.0923542095626567 0.0495127197054656
0.0374809350634777 -0.712887704086174 0.0627977419744563 -0.0082065705956872
0.168812844603153 -0.752361406520089 0.0601557011998684 -0.132721268680922
0.0232302509812303 -0.836614332344381 -0.0892095224575981 0.0432044274335553
-0.0408893778040958 -0.743547047688155 0.173887523197082 -0.0772613711541599
-0.185506148258471 -0.698496052176111 0.093511681639544 -0.262231596375706
-0.316615356519545 -0.617057120371307 -0.220800234485369 -0.191558783535109
-0.480826625982496 -0.492493823717078 -0.242436611512444 0.060052711258631
-0.638178145632511 -0.271425211489972 -0.0898618819799762 0.177320298299212
-0.714790384942925 -0.0335317761543628 -0.00349119152970071 0.155004037271248
-0.651313589448902 0.0368225491227188 0.013172511732595 0.0923416866089197
-0.700005875993916 0.075201536941754 0.0355502801306062 0.0496195897142561
-0.717883582735848 -0.121060981498088 0.0566309289071004 0.0751146570966085
-0.620312055835106 -0.314707930582097 0.0925606685792483 0.0828079343671607
-0.485965901960159 -0.519960731249576 0.107776386397891 0.0871785467952489
-0.29594599059667 -0.615590757966681 0.113855081714443 0.112788507532844
-0.0463617698251874 -0.698817036158418 0.0468455202398418 0.18846433551605
0.098700522847134 -0.818796461808739 -0.025440358714105 0.126963145166848
0.00889822887396553 -0.751744727405726 -0.163773723937434 0.274814071226356
0.00118456204862005 -0.647562861978935 0.095805522186704 0.0747735208635784
-0.0757167901130786 -0.653140702153378 0.0123865876530158 -0.170188128921789
-0.210619686407773 -0.649920202712068 -0.240332720379906 -0.170517101090198
-0.440755943032384 -0.553208302821676 -0.309229250483053 -0.0304174922012601
-0.617483538518938 -0.318216937032748 -0.272956378699559 0.08158119726647
-0.699141917073486 -0.0729614699721195 -0.240389036447487 0.109478586936162
-0.619441120100914 -0.000736575760520318 -0.238209634847135 0.089710025607011
-0.631000384988069 0.02920177415394 -0.197612477397727 0.0458229193343284
-0.606616475967234 -0.143406178373327 -0.139587117680069 0.039046783131564
-0.481022605101245 -0.296028446795799 -0.0270828442396736 0.0019893555159724
-0.33915070634739 -0.402674944156258 0.105593476876089 0.0506104023162181
-0.249887433711334 -0.44749270996586 0.139923820289676 0.191462637199713
-0.110795907038998 -0.569256867352645 0.0412182330158027 0.36560548385375
0.0212947025998664 -0.758278702097392 -0.0664883933931945 0.370439742143051
-0.0186392920048256 -0.555679016192276 -0.249243654746377 0.443136733925215
0.017570651439916 -0.438285910927864 -0.0218893497875417 0.2086727020441
0.025500423806472 -0.479201369934039 -0.0622160361808219 -0.0667392684873818
-0.0813864553595057 -0.538857701240141 -0.228606505476443 -0.167568805294646
-0.319424314705801 -0.493478232260946 -0.369981223241466 -0.153480864200334
-0.488980079992724 -0.297139880670185 -0.453169813155952 -0.0362950832817653
-0.565382010299818 -0.0940080510640031 -0.458879642890724 0.0557452201349038
-0.494470887492261 -0.0370783102577547 -0.449423874722482 0.075366882960028
-0.477109476986672 -0.0269285456190982 -0.379026090599992 0.0191277013599889
-0.414754056727812 -0.156183864798311 -0.26364785038998 -0.0216484894591079
-0.27150116677199 -0.243492191472876 -0.0707172355217689 -0.0752093859338963
-0.152913750501618 -0.2443926100236 0.133603258093451 0.0473651148813154
-0.174143521648598 -0.24274021391292 0.142664037363947 0.281213711551514
-0.144664743405978 -0.388551579145583 0.0170358161161267 0.484557688739105
-0.0419362386394903 -0.600714791767873 -0.0719818308167974 0.555501285064098
-0.0643107853766458 -0.27956626581177 -0.314220491670887 0.523406604846516
-0.0186715480600518 -0.167515820057452 -0.119758309738098 0.304070979813988
0.0642542825892588 -0.208272105049108 -0.0992424722954483 0.0040277246565733
0.0282442066976225 -0.294086150484056 -0.197964857069733 -0.191983604546097
-0.144473616707255 -0.318343384395497 -0.420228054047824 -0.26334816277218
-0.269524116111933 -0.213455354330103 -0.595130101062281 -0.128858460592207
-0.335420142227547 -0.0989894690636273 -0.619343287195718 0.011734941115834
-0.295520511223939 -0.0695974477441457 -0.592828872476963 0.0502827607005564
-0.266013474932425 -0.0762771126476673 -0.489259300212868 -0.0293586466258575
-0.191707358894852 -0.141850623453909 -0.306308389364738 -0.0955570553450649
-0.0744815498793103 -0.157332659680041 -0.0442225078682346 -0.126681096229603
-0.00716273021444915 -0.0851027263701435 0.162643793546746 0.0859652033011651
-0.101040888705613 -0.0658836609551104 0.0995124913221396 0.362256325440274
-0.146457797426593 -0.200149230732299 -0.0262573080140221 0.529779179841965
-0.0807874397570052 -0.373993171513422 -0.0578953141592503 0.67043648725654
0.14001906775483 -0.000144148028504126 -0.0417646667960514 -0.664135424911399
0.115048866109268 -0.0516483240005252 0.0106249375784107 -0.519675622776246
0.0248924681540016 -0.119380708949232 -0.052400220398611 -0.38570666358264
-0.09433783037769 -0.0774463098705211 -0.209802531780177 -0.148702707756786
-0.109842495424122 0.0338153939574926 -0.0351674167140482 0.154418511160104
-0.0456928846997299 0.0752028521964392 0.285770281349806 0.179657994083665
0.0160547990323756 0.0909231266113464 0.51586456358863 0.0812653739142301
0.0372363205406371 0.0870392132061818 0.639591076994729 0.00426157051827994
0.0302278217196945 0.093449773404164 0.688993147088207 0.0259732700124226
0.00212627745848227 0.0865592144782464 0.656224909492042 0.147082954154793
-0.0601150312649063 0.0868207256216003 0.502976720919478 0.284223027859034
-0.145395880706955 0.0105664485326934 0.226175771323251 0.233163935193361
-0.0865439244923715 -0.106088756377826 0.135162657243116 0.00889312521851231
0.0377296676912337 -0.072750710207722 0.189963569206473 -0.264511773329748
0.0744785853786819 0.026780595105662 0.373052050514796 -0.507294592675923
0.0944690811430628 -0.286795069564941 -0.0364525002135546 -0.586264532228209
0.0378770231482887 -0.260670167338502 0.0673325816654902 -0.447467335266667
-0.0778941909010342 -0.26862403518714 0.044679156246603 -0.367916893401461
-0.185201668626399 -0.193402194409293 -0.182890392411413 -0.186169037054592
-0.230505328475436 -0.0807456663681772 -0.0720412364470598 0.141766963336496
-0.234588017578761 0.0112918423251411 0.246279571885387 0.21394664834396
-0.218931592536105 0.0877977962598563 0.480342947807889 0.134201925820437
-0.203057779523229 0.0972999049928043 0.596980474690779 0.0342986203506757
-0.252326354776382 0.0974794590464877 0.642072422343535 0.0276267544491221
-0.28406044842123 -0.0073784977071131 0.610733702777576 0.141520825625522
-0.283404982815651 -0.103071272374045 0.472735047200148 0.276289126759861
-0.268919447986864 -0.258388403806896 0.203131594652528 0.217598872713925
-0.118276258737644 -0.372575112969341 0.108699852420541 -0.0104658272579596
0.0917125798113154 -0.348615814176784 0.154527669025439 -0.260352728794169
0.150620615086935 -0.283496548868463 0.285511598995342 -0.473626981652594
0.0524607224170331 -0.555718565744465 -0.0340247818559106 -0.430672640633216
-0.0316258677993445 -0.489787723623728 0.125305179496928 -0.349934864681206
-0.183031264278173 -0.43926757551945 0.110424710039473 -0.340280527207797
-0.283186394826417 -0.322016349549554 -0.169547858182906 -0.198903065653849
-0.3424906550995 -0.204091752172682 -0.111139652925487 0.1291716167397
-0.405682598398188 -0.0707618285897192 0.176974458121743 0.230097933645264
-0.43504446374241 0.0629472386071694 0.376541256900713 0.170387799939006
-0.415242138320407 0.0946075137880277 0.464092763485309 0.0592784337198781
-0.48825883754416 0.10722451792556 0.494003549350226 0.0264262726528435
-0.530125496993349 -0.0601940848803345 0.478300662309883 0.113767804643896
-0.494625119814818 -0.228210756588256 0.386088072847218 0.222746555025752
-0.414023849887473 -0.449905443532177 0.174675447050082 0.17989085627906
-0.194972930838702 -0.575758890551132 0.0888545434690403 0.00427903061017516
0.0818520770914553 -0.576792860347027 0.0987631216719443 -0.171283132618186
0.175004292117257 -0.554666082554001 0.165407142510153 -0.341135043905408
0.0201373564244209 -0.74549073931578 -0.0457824710551412 -0.207634182612071
-0.0683020537660805 -0.668270437660394 0.170642923750537 -0.225501215671483
-0.238457194153564 -0.595673011508807 0.127432978630838 -0.310035196585132
-0.349839137832048 -0.467326918563048 -0.186827665870277 -0.193590065602094
-0.440712541785195 -0.341404339058664 -0.164683008252123 0.114185345357505
-0.548586936541709 -0.161589052180604 0.0706509054281665 0.223137066650435
-0.60244431275529 0.0259592025413486 0.2120000878906 0.180615550624887
-0.566655370488003 0.0795427403524211 0.259136744899986 0.0785192567960883
-0.636277251978001 0.110021326701378 0.278792127089365 0.0344489080366353
-0.681421184361104 -0.0828032378584249 0.279244565723979 0.0913321088700239
-0.623242379514478 -0.281911903495773 0.249222684146756 0.15293953744363
-0.511496544841978 -0.524206010802293 0.137255487048641 0.130574771342532
-0.279877969197224 -0.65222525068809 0.0891343630495756 0.0467967907930041
0.014755593613135 -0.696188970812828 0.0606656106999725 -0.0114032453485298
0.13903355786611 -0.737195189452257 0.0534751673279326 -0.124993002860488
0.0023308279435377 -0.806871329741548 -0.0840487447754831 0.0424131388809496
-0.0605298707250667 -0.724071600697589 0.168209024765492 -0.0800003421801104
-0.203981012275222 -0.674572137375048 0.0865005060317103 -0.256067911132143
-0.330043252392395 -0.591271861727123 -0.222419055929437 -0.175129071985119
-0.486422152777603 -0.467870659179774 -0.232134813459349 0.0718372718134916
-0.629031820932895 -0.243587138475597 -0.0783474624145139 0.176583091294141
-0.692844910343403 -0.0145052486789294 -6.70540059708188E-05 0.162378818113827
-0.631868507343394 0.0517132079898848 0.0152109204587197 0.0913294250438611
-0.676465618076476 0.0924203451889306 0.033923102888336 0.047910948529281
-0.700071747446908 -0.0998985818868653 0.0563970305172872 0.0737470648764452
-0.617023342307588 -0.293893235058274 0.0936828310929232 0.0818591980976968
-0.487216829546937 -0.490178939642252 0.106623807139922 0.0821049204319123
-0.304988052499283 -0.590573006259075 0.111409976258298 0.108356656654777
-0.0675053532337211 -0.67759003448433 0.0512213814736652 0.180619174503738
0.0660575331199662 -0.79918925586784 -0.0205947965939268 0.129306995405698
-0.0112654571128294 -0.727959984336354 -0.150471723687366 0.269312718618367
-0.017011565372915 -0.632273168860447 0.0972919961253953 0.0693101655564927
-0.0949772941495581 -0.633545219999565 0.0101685258639718 -0.163368742049951
-0.226507810414519 -0.627066839870086 -0.241088568892689 -0.153670233212927
-0.446770471470436 -0.531429669342342 -0.299937851023099 -0.0157445364408407
-0.610669458629441 -0.290377844640184 -0.258646973935466 0.0878480419223514
-0.676680220390008 -0.051327833881026 -0.232499964110835 0.121122347477147
-0.601077471820639 0.0162100291932426 -0.229482136260934 0.0944125874487532
-0.613095883771973 0.0452885629786318 -0.192978674751645 0.0498892308756898
-0.593583214903078 -0.123512182680699 -0.135348116701776 0.0424670190507792
-0.477392756323152 -0.27692383223522 -0.0254631569217251 0.00488066959886922
-0.339617962731389 -0.381336937953248 0.103229777320859 0.0448740060895654
-0.255155714073467 -0.426590175907333 0.140693608252341 0.183653372190204
-0.127870398550426 -0.55010479444858 0.0505571296479225 0.35497873587734
-0.00859812913660927 -0.737659114477264 -0.0520430052370859 0.365513596333351
-0.0302985067996087 -0.536198121913768 -0.230771052849293 0.43205803509622
0.00423381649017259 -0.429669661655688 -0.01385503965452 0.202944641754732
0.00944844295296763 -0.467528011783898 -0.0600912328001998 -0.0599908309976028
-0.0951602736919373 -0.52433625288052 -0.229464481103796 -0.152362353346103
-0.327404248961675 -0.474630500706258 -0.361198984041541 -0.135488848897965
-0.485361551562756 -0.275783561181804 -0.437265899041306 -0.0214177749580032
-0.550453634943943 -0.0766016434398147 -0.447873678555097 0.0718846880598911
-0.481285185384104 -0.0251432343865653 -0.437049625993633 0.0853233965248138
-0.462514302124719 -0.014765597971528 -0.370781451228419 0.0270988568022671
-0.405918526704907 -0.141874405142235 -0.25753867181812 -0.0146604143039162
-0.270180953185374 -0.230930467119111 -0.0695205960001878 -0.0711989926679435
-0.153704598574072 -0.230883293047739 0.131143721887861 0.0408959880033121
-0.177741038783587 -0.228177296234386 0.147178599727092 0.271960304908245
-0.155765897172833 -0.373530536711326 0.0319143465575544 0.471487041238771
-0.0647285993000448 -0.583977792917765 -0.0523292514317784 0.543741318745215
-0.0673910952379189 -0.270450197870358 -0.292345671827142 0.513731438041578
-0.0228418816701744 -0.164150173972841 -0.106190065667718 0.298084018810914
0.0561149084328965 -0.20389898503429 -0.0945851973078652 0.00881907731963137
0.0206115803695743 -0.288094718845293 -0.198936861708219 -0.178793123379838
-0.149845652007065 -0.308618380396301 -0.414453580490985 -0.243346140318493
-0.269958658703282 -0.202491202269621 -0.579914651621196 -0.11033347272961
-0.326424309386694 -0.0881191076166659 -0.604114930630449 0.0297244166200006
-0.289896680581572 -0.0601537622899628 -0.576314730936245 0.065163514039303
-0.259888163199983 -0.0677965325559131 -0.478964082006248 -0.0174269689866465
-0.188284130778585 -0.133001760019859 -0.300464581612585 -0.0869674149259534
-0.0755259917147656 -0.151263033483365 -0.0444597376557955 -0.122797802205602
-0.0093045567507001 -0.0806831876683243 0.162540259472002 0.0782751248018093
-0.103269232854366 -0.058965567855753 0.108361078209641 0.352493958110206
-0.150878564382041 -0.190658436927042 -0.0110106246968107 0.515084839559676
-0.0935791091800185 -0.361923432967945 -0.0349074197900288 0.651397432840972
0.131656923177899 -0.0293901268661818 -0.172726867825644 -0.655348057354348
0.0963040279654346 -0.0701087371518827 -0.0892378701830152 -0.518133223889717
-0.00376122929233193 -0.119557710300631 -0.120897689062111 -0.379490820164238
-0.110631909028426 -0.0522900503145842 -0.236044329881372 -0.116552427587444
-0.0975008404964082 0.0582951250394728 -0.0128723646979548 0.159404716397515
-0.0271467314557027 0.0805184720970114 0.311573240330135 0.126969423424069
0.036680411023685 0.0800248978511733 0.517159234619934 -0.0138810956631179
0.0543627345767553 0.0747355600571355 0.631090987955402 -0.121842786819394
0.0517772882321092 0.0832052959789814 0.694665124014769 -0.113079556290851
0.0225512183814304 0.0853489602051985 0.688910058256314 0.00882870692238633
-0.0367479858048068 0.0985279769367287 0.562883987878935 0.175759449912889
-0.137486408332847 0.0431032628123544 0.278796138892828 0.182841240161107
-0.102304150471041 -0.0839831046599114 0.142296064999723 -0.0246025563801975
0.0287933737426788 -0.0784965413565927 0.129974329735947 -0.303062460943484
0.0879346550255756 0.00648035813689452 0.26439565803064 -0.574299740367523
0.0338958062722877 -0.286398854928199 -0.139210214910496 -0.591403516153255
-0.0207524357849872 -0.253107198993567 -0.0119321587189441 -0.467013892691313
-0.13314299858138 -0.237591164857109 -0.0140376811676355 -0.395712080343719
-0.221913608483782 -0.141809650147883 -0.210401697798549 -0.168762399198139
-0.236445028455444 -0.0270017344340838 -0.050780838155749 0.143098153866501
-0.219119997484918 0.0565561647966066 0.275480997137031 0.156380013556325
-0.185183238797392 0.12750827424111 0.489198904690445 0.031700331961073
-0.174417761560164 0.127429835818054 0.595193943300856 -0.0833765291861037
-0.215940496076186 0.140056294708894 0.650176987108862 -0.102341984947419
-0.270857034128509 0.0504642297906793 0.650409448686171 0.0106381869478608
-0.284179891835347 -0.0405468681796922 0.534366715587977 0.171180319190107
-0.306855239755885 -0.190453529455275 0.258392767437975 0.17119763974298
-0.184497065393199 -0.331100255905899 0.122736631453248 -0.0351023505384489
0.0220028603133668 -0.358255984933686 0.101916513237748 -0.277376462435561
0.0959990584220944 -0.311003946635449 0.190660957521758 -0.507362013784019
-0.056223115250316 -0.527731540386459 -0.0962255305791249 -0.449050305698771
-0.134844140698387 -0.458309205179872 0.0738313739589687 -0.392275563560662
-0.268167007774981 -0.375599071057903 0.0632920938548584 -0.395659580752869
-0.344609144827875 -0.239116788102677 -0.192303162924933 -0.194673711223875
-0.369700294429868 -0.12213698609525 -0.0901672387138329 0.127843639204895
-0.398392424371473 0.0129294381944611 0.209452012403203 0.174805497216201
-0.394369730380387 0.149512882199152 0.391809686237809 0.0719759746513737
-0.378939962199517 0.163382858932601 0.466795968391001 -0.0352992258343234
-0.439886625912609 0.193758657082878 0.506496834589635 -0.0738447377214725
-0.517824519129674 0.0452752616922238 0.51813706461071 0.00698555521845501
-0.507365482735307 -0.121644633909602 0.441144529638462 0.133609143120737
-0.482375387962999 -0.34508710778878 0.227756823773054 0.138974666630372
-0.296965551777769 -0.506881649424361 0.115321081525446 -0.0161290154896081
-0.0395850138883123 -0.574937577948427 0.0741285647090219 -0.165923243932853
0.0578624138616543 -0.578987637771607 0.105676659520737 -0.334587557206071
-0.121669657910429 -0.699089508774649 -0.0557281943920066 -0.233354352053538
-0.2079111756448 -0.62249597661172 0.151822109801648 -0.282575277905271
-0.353643739344217 -0.511232289100537 0.0944069136812631 -0.37965264709957
-0.437731305221468 -0.359118116441182 -0.200078799690789 -0.195774179617224
-0.493399130223005 -0.232088232746964 -0.141345618560175 0.111534217681444
-0.552464756711937 -0.0459451743007597 0.104104273626379 0.176931939464558
-0.562223545066238 0.152360272454573 0.232186558183642 0.100579252615653
-0.52735871190507 0.176533395816801 0.270097746742236 0.0239524175807509
-0.580842356606092 0.225361673458429 0.293342144571156 -0.0222617432350281
-0.669455055169813 0.0533010618671023 0.314809535412444 0.0238868283761125
-0.641711783167844 -0.150562426955393 0.290309690977665 0.0922669070246745
-0.590277566048148 -0.397911980295591 0.181607474718925 0.0957903306355483
-0.393965791007222 -0.562717050350168 0.12826159030902 0.0238368203741129
-0.133301928779809 -0.674084448908471 0.0794231798168825 0.00557339341121522
-0.0185349124488411 -0.748257895150548 0.0468922282559139 -0.0900975154256182
-0.150963287295625 -0.751491076085872 -0.0404123443250278 0.023562741922924
-0.208959083729607 -0.677830535912243 0.182133771608125 -0.138333898026505
-0.338982871106989 -0.593475958336038 0.0718325757162656 -0.319681988587824
-0.446728289325539 -0.47935612894925 -0.221760308133074 -0.171003484263551
-0.562787757286936 -0.344571252580294 -0.211489103189743 0.0744153511668596
-0.646185082467339 -0.109728776152846 -0.0499566300996785 0.152401297614614
-0.655575933215838 0.132900445176405 0.0211126459260601 0.116068658403042
-0.596067256582563 0.16309205584796 0.0322755561912601 0.0848588766184043
-0.625076591871716 0.215614475692855 0.0526251131401711 0.0412982900041468
-0.692941104447278 0.0402554423506759 0.088454013444847 0.0537221226987098
-0.638693927051517 -0.163769870347656 0.119748085344014 0.0542643250164432
-0.55653829916559 -0.371457184911254 0.138087128435103 0.0522368774319598
-0.405043158771366 -0.495947938301136 0.162411966821327 0.0787670501199895
-0.212518339032334 -0.635972019882022 0.11768276200931 0.196942506197735
-0.10475328153316 -0.788570603410647 0.0310789500301226 0.177453612384049
-0.144124356798486 -0.676257960698069 -0.0657708665194693 0.268520008659292
-0.147400384369443 -0.600340941151651 0.138424816183924 0.0296264475078854
-0.225508295236106 -0.57702740343745 0.0164721035222064 -0.202195404472424
-0.356121529929644 -0.537833809616796 -0.230740896686143 -0.139609547707772
-0.539291378963541 -0.412088207330205 -0.292662479708015 -0.000807008034649563
-0.640418258789679 -0.156065222465119 -0.242661494657592 0.0976681686987871
-0.650342696439624 0.0949473743435223 -0.212737983399672 0.117573058910871
-0.576756505788494 0.123971505323604 -0.206960565100797 0.136540181559005
-0.573035855325062 0.159270856272387 -0.175077361077033 0.0883887465939403
-0.594433868760772 -0.00572401771071636 -0.112570236343672 0.0642940749170827
-0.504382334485055 -0.175970984879841 -0.0166286199930517 0.00406299984761719
-0.393177852091628 -0.294802200945514 0.123369105466039 0.0172913980454702
-0.327234249613294 -0.347407847745636 0.202079636641779 0.148726087353857
-0.24581908869288 -0.498528286577703 0.154536564587127 0.363045295675478
-0.168250765468187 -0.710473098319377 0.0495472931674481 0.41058919241952
-0.127877497875413 -0.495507403354247 -0.122465292615421 0.459286885793163
-0.0842641401364319 -0.411300756917205 0.0459985777050331 0.193464181801015
-0.090913035539019 -0.441510497236308 -0.0382871554028826 -0.0685185792073024
-0.207684473948823 -0.471187120485271 -0.221074649035116 -0.128261362039968
-0.415796559415461 -0.383758780271312 -0.376339113086641 -0.10090612164922
-0.521073171954844 -0.165465636995698 -0.438973751804758 0.0296205759969041
-0.535867681520025 0.0457981817122365 -0.429099049701567 0.115725275224663
-0.468529152544552 0.0656452104587287 -0.411811581973504 0.166792296416345
-0.444271370123469 0.0716504868387312 -0.359694306912762 0.102578412956886
-0.418871317880781 -0.0603855809085098 -0.250555532846083 0.0342536100311205
-0.298404081799938 -0.16980742131974 -0.0784102528846337 -0.0607412119595336
-0.187716508958054 -0.186825413846036 0.1463841242979 0.0092063356735948
-0.215627185837906 -0.17378633727185 0.219022487835586 0.2360986292702
-0.238114259287653 -0.320872969225234 0.157695240330354 0.475110085891231
-0.192123190310797 -0.547499206394045 0.0829091192886044 0.577810888350973
-0.113273056469949 -0.240383471852562 -0.18275552251332 0.563871766671092
-0.0535691029258027 -0.151861526851441 -0.0382056006494107 0.314999854412637
0.00940141649313394 -0.203485523536238 -0.0729299328662874 0.0238431318879714
-0.0464899398432473 -0.275702645320707 -0.210569776266286 -0.145372401473693
-0.213009152311066 -0.26161620762917 -0.452165255138115 -0.182350399905528
-0.302474982465158 -0.135398954582775 -0.595705465330196 -0.0175786487835387
-0.329714587278317 -0.0104207156305213 -0.589001616094715 0.116238318075369
-0.29140279524262 -0.00316887781659064 -0.552783326228274 0.175992897370167
-0.26393464071498 -0.0164498143089571 -0.480288770737753 0.0792603669312259
-0.207558999227827 -0.0941578820765858 -0.313786807408487 -0.0273214329801313
-0.0989146049171638 -0.130551973269529 -0.0659752293613847 -0.115885084018778
-0.0217743283969169 -0.0692558110442811 0.182439250940986 0.0422648610619573
-0.113694255214149 -0.0277612409118668 0.190131808478055 0.32780456925471
-0.195442248902051 -0.147288339212022 0.118522786472634 0.520812633691545
-0.17396749806694 -0.323533191917055 0.11809558627764 0.668295713525381
0.133070855331908 -0.0324038434213622 -0.191390952281848 -0.661882551988571
0.0992355165294389 -0.0708045186153475 -0.105283436927472 -0.522954077309371
-0.00695910053681154 -0.121916027344163 -0.132975736401344 -0.384480389410486
-0.115304091624543 -0.0508511011564993 -0.243742504523373 -0.11402395168993
-0.0988073976358615 0.0639587876326624 -0.0100181192844682 0.165962663521521
-0.0256603788253196 0.0855364085081291 0.320027661902471 0.124618088785404
0.0382991073920868 0.0812283752055852 0.529406877865485 -0.026439004415636
0.0575926954312936 0.0744195935834667 0.644108715858174 -0.139361033779609
0.055699281228225 0.0840862319458788 0.706996820672154 -0.133002465002254
0.0244103033311409 0.0865738451317939 0.704040203752701 -0.00799594396942121
-0.0358125097820148 0.101841665232296 0.581440990916768 0.163123463061043
-0.139987512758835 0.0461605782132477 0.290695047140522 0.18051728877188
-0.107469371081657 -0.0844339095281949 0.143228408324698 -0.0304855860164765
0.0295966471142066 -0.0810813634113311 0.122017694446327 -0.312931215173537
0.0915967746348276 0.00453095549952171 0.255385666760486 -0.587122088794774
0.0263796207925487 -0.289311517067478 -0.154984337111955 -0.597837863536939
-0.0268474891586124 -0.254097062344356 -0.0254898018061161 -0.470721709212786
-0.143275517588757 -0.236697013917567 -0.023332886267118 -0.404925420854937
-0.232029619761752 -0.136246266079793 -0.217259417615391 -0.16699359963642
-0.243419927270597 -0.0193225675228607 -0.0484794715916057 0.149400690626491
-0.220827613720515 0.0663116289233818 0.283194014410819 0.15553793409133
-0.185745783191205 0.134143415147293 0.504828710382388 0.0241849146779927
-0.174959557752672 0.133250809988686 0.60804505094843 -0.0991183436237782
-0.215200009893178 0.149013542637934 0.6618826947354 -0.118111300306287
-0.27615004692547 0.0590565310014568 0.664220568079248 -0.0054306244053575
-0.293597856419962 -0.0340145460713601 0.553192790248016 0.160713736285118
-0.318581066361559 -0.186355136372918 0.270214655249707 0.170284686333192
-0.198270343827372 -0.334866489090683 0.122420339818693 -0.0401452396641749
0.0139553561100307 -0.365871481037277 0.0944357058192018 -0.286837318044695
0.0886159315152822 -0.319323666113108 0.182419042519335 -0.514624912244467
-0.0713599139146827 -0.529688879286181 -0.107736310848956 -0.455357828049106
-0.150008223996377 -0.460500278514096 0.0630134261625484 -0.397259139597993
-0.286370493528034 -0.373723765260083 0.0578739872828739 -0.407125972825091
-0.359685422782754 -0.229425745770782 -0.198805645846809 -0.193340321275727
-0.382942952354023 -0.112408272517176 -0.0861332828404293 0.134804439857676
-0.403663305002318 0.0258833892643395 0.218213880862905 0.173455623095461
-0.396632106094121 0.16131306597832 0.408051902727413 0.0697247525616875
-0.382105692982821 0.174901541121661 0.479161167128291 -0.0449864182045069
-0.440332659728025 0.209158401404357 0.515071594414029 -0.0867467970176903
-0.529250540596118 0.0618339463379888 0.528688425076813 -0.00377648981263199
-0.525018126287684 -0.110155875081241 0.457434437024966 0.125499732517447
-0.501817334566347 -0.338962702755324 0.237636227100066 0.136216877783607
-0.318326825205212 -0.510368079947402 0.115444829520017 -0.0188255835138282
-0.0548882858563463 -0.583287330457047 0.0695698008812331 -0.173418025822612
0.0411706621806027 -0.590664664045934 0.10077014840591 -0.337724238852516
-0.140551042039571 -0.701263611327074 -0.0612344814971474 -0.235847092236647
-0.229394534993419 -0.627660649717313 0.146035064368969 -0.290038681932866
-0.378599188057533 -0.509402737543493 0.090496739890229 -0.391749600740576
-0.459921244872418 -0.347904265621104 -0.206175159461651 -0.192935567169393
-0.512077015652048 -0.220437022409597 -0.137988515022562 0.119534288371677
-0.562080876776893 -0.0301530405067626 0.112886639404271 0.176854111701525
-0.565130603589293 0.167274238341218 0.246087368391728 0.105015908095274
-0.532163375072213 0.191608578216082 0.276885908952901 0.0204308354415455
-0.584561795129186 0.245085649520917 0.297966265473595 -0.0273968051573177
-0.681895757335556 0.0724460748314003 0.322071278686714 0.0188273767521461
-0.663117964872086 -0.136046702982757 0.303243102418987 0.0878666937586692
-0.611762220366671 -0.389097099103796 0.189060203591326 0.0925497980874186
-0.418061705684256 -0.563535646860277 0.129965350718186 0.0220697821410305
-0.154305140966925 -0.682526133121451 0.0803891540546172 0.0015269772027762
-0.0459406139842592 -0.759468625606063 0.0479098272546995 -0.0863631344303397
-0.169823730710186 -0.754628355781306 -0.039740610447906 0.0234171747488661
-0.234090763875106 -0.686367085782122 0.18194220158671 -0.144992814125582
-0.367287381671622 -0.593344827648575 0.0696408217145871 -0.329425260096671
-0.471157062738591 -0.470059358350175 -0.227963984088892 -0.166338883356616
-0.58667293516209 -0.334307024431941 -0.209497351142337 0.083159860046022
-0.659729385692784 -0.0928820210361065 -0.0440338954227752 0.154635619340987
-0.661483216202267 0.149943166606026 0.0312316650389996 0.125931340264446
-0.601832153298267 0.179494027173481 0.0356811492838081 0.0886860918212761
-0.628453803641969 0.234514879905376 0.0526699990356355 0.0422638547732196
-0.70497365606734 0.0596053917436062 0.0921377301406553 0.054750017032201
-0.65830473590105 -0.14836235924609 0.127309659213536 0.0528948910056963
-0.575832132682963 -0.36121968279822 0.142811547438204 0.0486089314644097
-0.426683118936245 -0.492984466474473 0.16653672101665 0.0775706176374229
-0.236844530073856 -0.640347577824825 0.125140130581325 0.195840832276822
-0.13681195061569 -0.79859807267211 0.0385471221336978 0.183863869913512
-0.159916802934233 -0.680546041724092 -0.0594423576586416 0.273180135099064
-0.171926109167934 -0.610430411937352 0.143823442125053 0.0265173645537459
-0.250324160791518 -0.581712103639461 0.0175925761198472 -0.206950354590671
-0.379073300838867 -0.534409624544188 -0.23598773007642 -0.132813589023352
-0.565297592084264 -0.404178893888575 -0.293808547394095 0.00755767009722947
-0.657335412133662 -0.143730119991998 -0.241715326001584 0.102492014902153
-0.655672340739364 0.110057309908208 -0.209188949883761 0.133576077921701
-0.583107173592095 0.139692259131981 -0.207682158710393 0.146811853415471
-0.577654378911266 0.174379215570404 -0.179407021774847 0.0957342213168381
-0.606501570287178 0.00872399647520047 -0.112499463977273 0.0697959866947233
-0.519295240607396 -0.165895975502826 -0.0143535050796591 0.00461641208363426
-0.40497312684123 -0.287212307939985 0.125991052896709 0.012568622521255
-0.344314615858041 -0.341818472990599 0.210437873902272 0.147281695592299
-0.267705296784957 -0.498157803689363 0.168023593176077 0.363812461818688
-0.197244384156431 -0.716010046271805 0.0636533587015306 0.4180463917534
-0.139469293660639 -0.500688806620749 -0.114514346245871 0.467971151102007
-0.0993152623776127 -0.420070061386211 0.0538867831155824 0.194871208484102
-0.107927021236247 -0.447424351151145 -0.0354240255458785 -0.0690244691689161
-0.225450904168851 -0.471661261384513 -0.225844148934956 -0.122047699946455
-0.43793987321115 -0.380275579492913 -0.383122480650011 -0.0928490830120847
-0.536334122304162 -0.155437217449794 -0.444329775023069 0.0388981448331945
-0.542596581014051 0.0588203934208071 -0.432242000029208 0.132739266703182
-0.47526657001583 0.0779191523853412 -0.41678176738436 0.184608501572796
-0.449892893364703 0.0833504484833851 -0.36652792479802 0.114255251303689
-0.427276257130388 -0.0513493762356415 -0.255198844858695 0.0405291748015656
-0.309336294090391 -0.165397715077148 -0.0791064104655411 -0.0609758562496201
-0.193139896835579 -0.182330499836757 0.149569686411222 0.00291693019797331
-0.225839387814456 -0.166948085093297 0.231132368165501 0.236378611983247
-0.255053736151982 -0.318352394908387 0.173670982762649 0.478452656148442
-0.215174350636279 -0.549999329166036 0.100197979763376 0.58431581475046
-0.11947676252139 -0.244138630584918 -0.172741466154048 0.57541631777332
-0.0615893657257672 -0.155830115056701 -0.0287670331728981 0.320497512258276
0.0021934732434461 -0.207988713844493 -0.0688625219666894 0.0272003223516136
-0.054051561255114 -0.279808533189199 -0.216229061902465 -0.140628292534178
-0.226411567844332 -0.261696387154221 -0.464980397746276 -0.175453603678297
-0.313528357190179 -0.130412073527706 -0.606228859183043 -0.00627965967287217
-0.333881554707859 -0.00382946069806352 -0.596766532954089 0.135277731100309
-0.29651612387292 0.00374886223188759 -0.560417717680696 0.193692414746207
-0.268417886306884 -0.0104580652385167 -0.489834278819741 0.0953855107263444
-0.212526707962925 -0.0915679666712725 -0.321397328029985 -0.0212311724925332
-0.103219975026067 -0.129249617941816 -0.0685868990434105 -0.118913178919816
-0.0218977663492094 -0.0673758975120267 0.18804751940705 0.0368005287994767
-0.118637939929795 -0.0209385668093701 0.205095783352916 0.330154163881871
-0.205278606558939 -0.143202935948519 0.133488706503915 0.524289445669065
-0.188572610947752 -0.323605935692018 0.13769106678528 0.674080178088045
0.133697933097399 -0.0402506928395803 -0.230011725579631 -0.664356520406647
0.101662584684474 -0.0753962423761054 -0.136493187467561 -0.523696196720631
-0.0134239822052467 -0.124284093267676 -0.158012614011144 -0.38764145028343
-0.121973743885827 -0.0459921115711031 -0.257800519353429 -0.103154392790324
-0.0974931585079102 0.073132455403186 -0.0014916388475913 0.172567674538882
-0.0214074334019917 0.0911095337151099 0.333664819240372 0.113466426073884
0.0421452424298191 0.0819560796138856 0.545704367755783 -0.0562148400401703
0.0626125296004516 0.0730326282055291 0.655663206096003 -0.179188905969316
0.0620669288525176 0.0833131274311455 0.719129130066272 -0.174480673480184
0.0287501622579349 0.0871584766197179 0.722045578042334 -0.0469837360317295
-0.0313649618251602 0.106738586872838 0.605825260330202 0.134535200020373
-0.141304024091635 0.054963163952271 0.308409392165562 0.169068902236751
-0.115541045267269 -0.0825400897555686 0.14303893815684 -0.0410749846977456
0.0281412496117639 -0.085299732234694 0.104323985591376 -0.326937769012687
0.0956624223699915 -0.000895341925786591 0.229179475546536 -0.611521611837658
0.0115828558557477 -0.294013137734781 -0.189569226829156 -0.601254010512787
-0.0394891256842574 -0.254215417029557 -0.0539538039467566 -0.475628720330983
-0.160909445388626 -0.231368486777123 -0.0452927644620287 -0.415515719581032
-0.246035265946022 -0.12396937444827 -0.23247207179377 -0.159627212391
-0.251127543359733 -0.0039519174525067 -0.0400187832707178 0.157961906221607
-0.221043503106012 0.0827744364078289 0.298451260752603 0.146004616344807
-0.183244700946675 0.146834610909319 0.523075004181671 -0.00129129934214069
-0.171389948241007 0.145441738040686 0.620424250575573 -0.135678690264038
-0.210242189529136 0.164641417919359 0.672814617470518 -0.158556880953829
-0.280925268641345 0.0764876094447299 0.681099874833344 -0.040727038699843
-0.30516143862119 -0.017387175113968 0.579099439732108 0.133200478174974
-0.337251878978244 -0.172322478339958 0.288029106090865 0.158979576111516
-0.222994344561797 -0.333767883430272 0.120905529371229 -0.0482705777090324
-0.00517616108634033 -0.374256731313088 0.0775894032562593 -0.299033291512171
0.0707883485164814 -0.330772151268141 0.159558730131659 -0.530838196124401
-0.0994524638094593 -0.534083727442679 -0.132729534133588 -0.457671754476859
-0.180367014316043 -0.458490917982459 0.0415704997038836 -0.405708752809538
-0.318793642064628 -0.36073002927993 0.0384184161349295 -0.424075994844652
-0.381764308557253 -0.209055418176689 -0.213785642604875 -0.187428455140316
-0.40028682571583 -0.0894660170292165 -0.078869880707095 0.143610855154379
-0.409211692538359 0.0512493012808309 0.232966836916922 0.165726314415449
-0.395394852317384 0.185253680244041 0.427658408282326 0.0527340423440519
-0.380838393859865 0.197889448310912 0.490894662941413 -0.0712788275556568
-0.436992191950954 0.239048425708979 0.521954448309272 -0.115333284489787
-0.538985699550413 0.0935795840689478 0.541259796383789 -0.0317871224413445
-0.546215383691543 -0.0833930291365219 0.479365376709891 0.1029339292339
-0.532590688606154 -0.318718452521783 0.252352947754991 0.125466898470158
-0.356826618596786 -0.505494124806944 0.114777140769522 -0.0248103997797688
-0.0905358267244304 -0.593326679959541 0.0594464757174451 -0.182118942307153
0.00495619994164529 -0.604030484975516 0.0863951374705171 -0.34507306508508
-0.178191203399974 -0.701121379651781 -0.0746794720265447 -0.238783682078517
-0.272459362421775 -0.627122489478727 0.133444987904392 -0.300254115996683
-0.423584891939704 -0.494345280106801 0.0747529200000277 -0.410822992576038
-0.492477894789239 -0.322535638350652 -0.219873091002364 -0.186104500897386
-0.540442015769526 -0.191490125698465 -0.131654185643268 0.129517043926263
-0.572979854195177 0.00233593245892419 0.125538036213711 0.172680605903005
-0.565707714698667 0.199172069981 0.265189550541104 0.100318365497166
-0.532692772621189 0.224170586073363 0.287295147806135 0.00800362944788267
-0.58002417913135 0.281647124759743 0.30264392184692 -0.0428971292411521
-0.696595244644154 0.113437243514884 0.332717007593274 0.00355695232301439
-0.690173151866102 -0.101166118062312 0.319826986914765 0.0729387339262575
-0.646049162151396 -0.361454520678755 0.199269973079477 0.0819932463432732
-0.460192729823145 -0.550602421901676 0.132907675525753 0.0168304373375121
-0.198852520942348 -0.685096610278558 0.081412372847762 -0.00490334375764859
-0.0962617808873478 -0.770116961266056 0.0471085741317812 -0.0858159792594151
-0.21051867140372 -0.756491460034574 -0.0377720312648039 0.0244190708063797
-0.282995995178279 -0.688508327821128 0.179787656133366 -0.155810873886306
-0.415566263497565 -0.582750244342346 0.0587623405417088 -0.345668750854787
-0.510604980716227 -0.446526247585498 -0.239791953103494 -0.157934928477703
-0.623766853775297 -0.305073546249213 -0.205838153346856 0.0975203062425145
-0.677999952777466 -0.0564163493741819 -0.0343280654698885 0.1569826696482
-0.66366790812204 0.185872851900581 0.0458328943035665 0.133286714905628
-0.606298237169455 0.215718301962853 0.043210757080039 0.0920489051082175
-0.626705003935655 0.274474925589607 0.0545446472069228 0.0433502001556304
-0.719152359814339 0.100733842770733 0.0987713039604494 0.0531713317600798
-0.68511575405417 -0.11397761525744 0.137270997899181 0.0468882655175061
-0.607013775384608 -0.335122987807898 0.148413375202736 0.0392825225569049
-0.465907106786373 -0.477409900111499 0.174588099950027 0.0714525230840929
-0.280122961936372 -0.637219574906307 0.13875144358262 0.191369257927534
-0.193255181658496 -0.804757397347597 0.0537651479096837 0.189640334753641
-0.196440876642044 -0.68550861817939 -0.0442472249775802 0.280109266679762
-0.213826955098692 -0.616076310816787 0.150299972220706 0.0194664782139388
-0.295274450853923 -0.576689767873673 0.0117146328693724 -0.216460267082364
-0.418210306730373 -0.520090388034915 -0.245723630107872 -0.121928704317838
-0.606742694302921 -0.37964984501399 -0.29678653061003 0.0242116922660981
-0.680358338148777 -0.107552618846478 -0.23975295354097 0.114231665621341
-0.66192710832019 0.145822698335235 -0.200421475569334 0.152948056269559
-0.588993256440174 0.172905977478488 -0.202993931163681 0.164131943177118
-0.578692119370518 0.209672933619598 -0.180935921398433 0.110877080471837
-0.620803290949159 0.0431104043923769 -0.110877241963076 0.0786337321539177
-0.543320497442757 -0.139730822604999 -0.0108874793380361 0.00445574886842485
-0.427550457887043 -0.270128125909785 0.128259931983038 0.00300226465229659
-0.371313581559018 -0.325507335681948 0.223833762448619 0.139972972016059
-0.305002251743452 -0.490317751392094 0.192536815625731 0.360148851652129
-0.25052178646876 -0.718411356750374 0.0913702151188427 0.425862019657444
-0.164791591022122 -0.50388251094201 -0.0903633093746472 0.481244972012569
-0.129895194015096 -0.425700039650341 0.0691113337701059 0.194990425729244
-0.139655317282463 -0.452019827467957 -0.0351654101658139 -0.0698250794310116
-0.256099680201706 -0.467890594946904 -0.234923588724391 -0.111460111841969
-0.473950749203275 -0.36264986677002 -0.395191392684971 -0.0740581236667217
-0.559743492602605 -0.127677158828206 -0.451307962634228 0.0607712004723495
-0.54838953279029 0.087207061547908 -0.43136598863995 0.163498443892854
-0.481862645085209 0.104090599709678 -0.414946666448377 0.213583228711766
-0.452522223824263 0.109160254047035 -0.372503971261893 0.138880981966478
-0.439561890806652 -0.0282997614169263 -0.258395623057984 0.0562400522879988
-0.325648999572529 -0.15189861864191 -0.0827074129178006 -0.0595971871116278
-0.203914286843033 -0.172886029648483 0.152945744224094 -0.00827433058711238
-0.240910765507545 -0.153118213613988 0.251014057024592 0.229953482868533
-0.281725706877779 -0.307927354847771 0.205463884999611 0.476408589507793
-0.256345351472766 -0.547094392095344 0.138439851093943 0.590460363268943
-0.133105711179707 -0.245371577232827 -0.14610567319867 0.595607539715801
-0.0744166728498317 -0.157613793028614 -0.00836484000211245 0.32680929987175
-0.0129474067591512 -0.212956181783127 -0.0636980116054979 0.0309140912177716
-0.0702122298548036 -0.282648562124623 -0.225735845908853 -0.131649532293013
-0.24794348550515 -0.254320833432318 -0.486792354207063 -0.154995569208333
-0.330093876146509 -0.116278589963695 -0.621125943864477 0.0271421361850284
-0.33972530675586 0.0124759248533234 -0.602702073288014 0.172299276909363
-0.303741777139199 0.0198440854022232 -0.561793570848612 0.23162250271939
-0.273730282592536 0.00294807739240781 -0.499702490747841 0.125541324867936
-0.221277779924524 -0.0824620819156776 -0.330032282290088 -0.00585081653845368
-0.111496777889315 -0.126065352433901 -0.0760480257798263 -0.120372972653709
-0.0235635932482333 -0.0650940902913396 0.194666224619452 0.0245831772971653
-0.124506706358967 -0.0104888318082065 0.229821785815654 0.32776069360076
-0.220968250511254 -0.133779326921512 0.16648137922802 0.526618543421399
-0.214102185089072 -0.319408990747468 0.179282773077649 0.678757001699724
0.130054658740114 -0.0506239332043536 -0.279747955019825 -0.643343477999973
0.101374082066478 -0.081738973650651 -0.177684114795779 -0.506564544094813
-0.0210120092399602 -0.123413167920153 -0.189247962139692 -0.375716372109319
-0.126322879357152 -0.0371993369622996 -0.267387068833056 -0.0834881001020872
-0.091631074489438 0.0814975404301081 0.0117687841340034 0.174814793084857
-0.0138932087374259 0.0946737693486669 0.341042177369668 0.0899397392582706
0.0468099015127089 0.0796916904192986 0.540876320751061 -0.100075341625735
0.0679369358160845 0.0683703613685572 0.643836893008417 -0.231461907350242
0.069684339039895 0.0785625141380392 0.705296909202472 -0.232609123602813
0.0339559408533563 0.0848276901688646 0.717639886804308 -0.102582928806699
-0.0240593181733513 0.109908805545747 0.615225338668228 0.0861743052597569
-0.137843261531245 0.0647132289164621 0.321580368509985 0.144587224087917
-0.122808606095448 -0.0748298936816338 0.136950032289008 -0.0536568781632473
0.0233682453130681 -0.0876361984376412 0.0765254108418649 -0.332110988608844
0.0970072922687531 -0.00799264785071781 0.184064762102956 -0.622051804927943
-0.00993635438327841 -0.291427509211632 -0.233584055758244 -0.584514537789116
-0.0551988575525895 -0.248115528016049 -0.0914042776690737 -0.464878706483591
-0.179008541654772 -0.214666006084147 -0.0778308171659983 -0.413679419550802
-0.255509879145874 -0.102553440868169 -0.244859118609917 -0.142025134098836
-0.251616675009957 0.0182890870925435 -0.0275264792673655 0.161249451068021
-0.212718456306709 0.10129076267999 0.308467125285295 0.123280540186417
-0.172751101992129 0.160189724955847 0.525373553229371 -0.0412320622938038
-0.160775722564823 0.157362477846052 0.612816993492748 -0.184117832939139
-0.195109033869003 0.18107178630042 0.660595850791666 -0.210667695534077
-0.27543501688063 0.0989376939209927 0.679202097607626 -0.0917274039319917
-0.307537178822096 0.00743868680047866 0.590479251363773 0.0864485234214992
-0.350217964263517 -0.146031098351109 0.300042683780402 0.135570406906713
-0.249452569343485 -0.316005834291415 0.11452166369358 -0.0582059106410267
-0.0331989805329737 -0.372370243306864 0.052140296369974 -0.302889802270346
0.0441406482564881 -0.332863272029372 0.121786476063424 -0.536225812849968
-0.13660147862145 -0.519484028704304 -0.166324433627208 -0.446263135479587
-0.214278859618086 -0.440428397718468 0.00984188596380448 -0.401507321429076
-0.348785096702953 -0.328303679154552 0.00754590375129429 -0.429655624737142
-0.398979562613934 -0.172182226656052 -0.227261214189011 -0.171802354832766
-0.408291313562103 -0.0549419755298148 -0.067137516119794 0.149720304238394
-0.402410120099308 0.0843593606543115 0.244037661747014 0.1473807640891
-0.379861664192656 0.213963177076262 0.437440332486405 0.022213587061145
-0.365086819479067 0.225995727749747 0.48817816558129 -0.107847333178441
-0.414899153342947 0.270287726632873 0.512703475796868 -0.15407391294194
-0.531545020057908 0.136678104793935 0.53948520039989 -0.0728464054634501
-0.555811945122401 -0.0374614222323811 0.490518173033729 0.0636640620580407
-0.555842731238393 -0.273598654361205 0.262131087633809 0.103923287467537
-0.397042982581419 -0.475354896204467 0.110629191687865 -0.0329261837074359
-0.136836736771684 -0.584011859011989 0.0430573568990885 -0.186249569922827
-0.0482206537184016 -0.598613464258926 0.0626108888933288 -0.344237402098062
-0.2265888680048 -0.682545706493718 -0.0904796041355834 -0.232761754919222
-0.322683662392371 -0.600756545427076 0.111368507230509 -0.305480248592811
-0.467359859076705 -0.452027932943186 0.0458035415823731 -0.42091502874946
-0.515287038933879 -0.274031133161394 -0.233046096288796 -0.170309981235746
-0.555901946093107 -0.145697690425905 -0.119384336222797 0.139979897689265
-0.569888614681575 0.0488324646962591 0.138299402922385 0.160939528673467
-0.548263292967996 0.238456864885504 0.280100520864783 0.0827344802176559
-0.516344408511157 0.26333580040597 0.290929360942186 -0.0117111609449798
-0.554981137347233 0.324518974101439 0.298149936080901 -0.0631004099066936
-0.684272437801165 0.171542738178573 0.333673933040892 -0.0204171599918691
-0.700024353518055 -0.0446486414964802 0.329419142016015 0.0462355713310393
-0.671789443724361 -0.306245273116116 0.205278584708065 0.0642915392345623
-0.503376204921376 -0.511362803069821 0.132828726976474 0.00771580808080871
-0.254522756332283 -0.664867135974541 0.0791874739775282 -0.0114261158967316
-0.164292801177114 -0.754171709656565 0.0446929939407432 -0.0836094060279293
-0.261285288372292 -0.736240654688964 -0.0337765492834445 0.0261438262890594
-0.340387806309431 -0.663541010218947 0.170305867668768 -0.167481769950902
-0.468383775813238 -0.540144914743994 0.0351856451182086 -0.356813243240909
-0.543710711314569 -0.396418917573844 -0.250253530264053 -0.140217045187807
-0.649918921094282 -0.250947981839071 -0.195810752060209 0.112582922697361
-0.680336329292909 -0.00202628310575286 -0.0227624945782163 0.156530146887668
-0.645201427193085 0.232951877885186 0.0640076070158511 0.133432379542037
-0.589972022715542 0.260645733740084 0.0530810176504073 0.0911934738047719
-0.599674956840947 0.317212408114141 0.056225716383384 0.0421514137541743
-0.709642791645477 0.159869007033573 0.104133757541363 0.0468728710250281
-0.696044782287509 -0.0580801494589501 0.145255885561862 0.0349383874649636
-0.627475676468609 -0.285979893781478 0.149739877200097 0.0244806582569822
-0.502162583235872 -0.434982822554292 0.179898859023497 0.0589574922146685
-0.332281973309293 -0.609777646744885 0.153279845577181 0.17856201208727
-0.263542335503026 -0.778158898529781 0.0731055462307681 0.188150869481344
-0.241933586167622 -0.666560607781523 -0.0214062509226103 0.280016911305277
-0.26746431777841 -0.596574643676824 0.155587592311413 0.00744796021687989
-0.347550563750951 -0.547044720912044 -0.00119796938951427 -0.222069204875722
-0.457775220486591 -0.478584879628489 -0.252709435212896 -0.103787343039435
-0.637636374418302 -0.326689525044536 -0.292774140683707 0.0479245306311204
-0.687737558747206 -0.0543696059335648 -0.229849236573763 0.12990646198236
-0.646408537748676 0.192710213071253 -0.181814808001396 0.170652453307684
-0.573520061032006 0.217058986804037 -0.188115660736055 0.181899586108606
-0.557449434016536 0.25130716155065 -0.173600587137452 0.128022447175642
-0.614750201789613 0.0916152490273559 -0.10314398164994 0.0878611994404627
-0.553467062210538 -0.0955008819759004 -0.00721393426742535 0.00363907817300836
-0.443003818974372 -0.234750973246422 0.126334771419316 -0.0113720414798737
-0.396547277880223 -0.290213537833625 0.234735059451465 0.123705239772247
-0.344834227025991 -0.460310071707477 0.220394235970052 0.342642638641476
-0.311719779022218 -0.689198485761103 0.127784338468395 0.417496643368035
-0.199282379090216 -0.491624879063116 -0.0535921770635625 0.483330933929895
-0.167779983165216 -0.41403910866283 0.0875481549730347 0.186957035577496
-0.181686397365666 -0.434591855098072 -0.0358244678602906 -0.071409912853706
-0.290706092291774 -0.442492970576518 -0.240459555343233 -0.093479137820517
-0.50230794141019 -0.322213967928569 -0.400445397295705 -0.0428949075118595
-0.569192218910089 -0.0840994780378373 -0.447849335583926 0.0927627805549329
-0.538884512271263 0.124561040191601 -0.414203813492369 0.199258782519006
-0.473531913919931 0.139809537884488 -0.397179957170683 0.246280922775083
-0.441541449764646 0.142519360007003 -0.362673924556792 0.17015405821802
-0.439243370482059 0.0054052490123953 -0.253202621671007 0.0751053938091021
-0.335839427060198 -0.125531914019955 -0.0854769867145746 -0.0556077586664059
-0.212671971033145 -0.154733847843601 0.150158670245763 -0.02360234039367
-0.253028195091863 -0.127848711741823 0.27061604192833 0.210494629006218
-0.307492036865597 -0.281721131233657 0.241876807712017 0.457001218675475
-0.304456111426802 -0.519359175840713 0.186475213550846 0.57610349582341
-0.150239748026484 -0.237488577362809 -0.102324793243836 0.600742027166551
-0.0912410596597811 -0.152117864437433 0.0194020152122445 0.322868242192061
-0.0335582622470315 -0.209554046457775 -0.0567513603901479 0.0331553696000639
-0.0899032444952621 -0.275621042125734 -0.233588810063291 -0.114243669000701
-0.268575333009461 -0.233405889250928 -0.498528443892823 -0.117013259571958
-0.340566828368075 -0.0899428212162173 -0.618963100522466 0.0741754685100186
-0.336949082328967 0.0357341336095282 -0.587256353247104 0.219772036452082
-0.301779967799987 0.0432344289370836 -0.544300850716857 0.272526586871854
-0.271593560957513 0.0228055473400649 -0.489751697105594 0.165302928359358
-0.225827525534202 -0.0648359776881923 -0.330750008225312 0.0193024579853112
-0.11913990913908 -0.116841821330365 -0.0839140952196798 -0.117754090191711
-0.0260884859957986 -0.0602038106337755 0.196720614943351 0.00725158761240791
-0.126026608739192 0.00450118880668835 0.257925223191607 0.309408320843369
-0.233016472891455 -0.114775896195054 0.205815441008003 0.509479798164063
-0.241827187346134 -0.299518316689171 0.233181501399892 0.66123632860728
0.12152643879758 -0.0569793427764381 -0.310162064619425 -0.599787070287952
0.0974040112378818 -0.0849112564331024 -0.206136571417037 -0.468531516827109
-0.0273632358019429 -0.118335776573762 -0.207365743211593 -0.348678712984318
-0.125356212577472 -0.0277795632338151 -0.264097863728521 -0.062162507729928
-0.082525260849657 0.0850046269891344 0.0233417709088001 0.167979293205689
-0.00616369759407651 0.0938438131825029 0.33399753653975 0.0658160701113723
0.0495859718958759 0.0748520738358179 0.513579448132019 -0.134210452313018
0.0699784798347373 0.0614426116455205 0.606614663895716 -0.269260644271703
0.0731687147087695 0.0707600789631547 0.666007632087695 -0.272032451987334
0.0370630465554289 0.0792730680179661 0.684087609314219 -0.146238011329289
-0.0156377582408024 0.107875916622366 0.5956965729724 0.0395885278577702
-0.129006637574078 0.0714666895185509 0.319575498074861 0.117465239949041
-0.124365792600913 -0.065138000865901 0.12490337216035 -0.0619358586340161
0.0188200754693105 -0.0864078282595399 0.0488677187317549 -0.322597998552884
0.0951472236786309 -0.0138608878775289 0.13798538407279 -0.606641229980596
-0.0278742735408104 -0.27808070611209 -0.263245724045705 -0.544209180058779
-0.0662663491564817 -0.232642177170199 -0.118527644203137 -0.433914150785566
-0.185462000740163 -0.190923399166184 -0.10284282287862 -0.393838945927245
-0.252826576456088 -0.0780634498212194 -0.247059492280462 -0.121474272701309
-0.241104632989038 0.0367156045970311 -0.0155677943401305 0.157498149067827
-0.195779132981285 0.113541409565643 0.303075838283369 0.0988654247654181
-0.155241479473938 0.165660821967984 0.506960750949744 -0.075996186919246
-0.144480703763261 0.161646585353601 0.581145226276101 -0.220305375330158
-0.173956288925072 0.18615837487511 0.622185719542395 -0.246913220445943
-0.25875646071453 0.115274929622184 0.648099198544061 -0.133356167471405
-0.296962154118295 0.0303617576886421 0.574373492165606 0.0408187301630632
-0.347073821483192 -0.116229217925148 0.297507803039539 0.108773504706639
-0.262470466016126 -0.287152997584748 0.10313854721721 -0.0632152562390892
-0.0565541925367264 -0.355047630297751 0.0277310133188954 -0.293634222544119
0.0198349890134701 -0.320025803214827 0.0815009242803024 -0.520626672611789
-0.163685998393521 -0.487297704415516 -0.186596815441247 -0.417908604099807
-0.23415516448443 -0.406267879782738 -0.0165583201652738 -0.379884638948044
-0.358531402566078 -0.285938985046764 -0.0220580745563413 -0.417487148249619
-0.393831618936073 -0.132398862111714 -0.231056760515449 -0.151242166178887
-0.395979371836144 -0.0206531057917276 -0.0540338765509003 0.148159196073569
-0.378041225491225 0.109821547845104 0.242242901380586 0.125128833202496
-0.351722932812267 0.229443866354747 0.427371473284577 -0.00767974463328732
-0.33753644691515 0.240600859363275 0.465852159904893 -0.136588014428765
-0.378006031780893 0.287499372568227 0.482706832873415 -0.182414508620303
-0.502129042184655 0.1695383617086 0.516673791163367 -0.104561543906257
-0.540425245363803 0.00446348267588737 0.480678013374588 0.0261635215680108
-0.550948898703493 -0.225075675267154 0.257636016423015 0.0801460586457045
-0.414860477420573 -0.42882460851252 0.102837159136989 -0.0387368272632972
-0.170174030134489 -0.548730079866434 0.0278699046046644 -0.181784707266283
-0.0913692721592618 -0.565691899275514 0.0409685306423841 -0.330750073814207
-0.258996032155986 -0.638694996082933 -0.100399440288639 -0.218695551321806
-0.351309947662697 -0.553289571056904 0.0896088586995407 -0.297297673120608
-0.4835189314471 -0.395292923609072 0.0165175747825078 -0.414162542938764
-0.513144450165823 -0.219551023956281 -0.236200775246716 -0.149235993321722
-0.544967921247909 -0.0959583190607158 -0.104819578483957 0.142477207912864
-0.542712228158314 0.0860587611179923 0.142099158264497 0.143930146940096
-0.509304702987201 0.263022778085404 0.281996330875952 0.0618610143231151
-0.480158792809626 0.285848046906023 0.282623479094232 -0.0303397000076838
-0.508530124282942 0.347054120141902 0.282321221687738 -0.0782137100396095
-0.647511726761917 0.21176049472444 0.321691377949843 -0.0405086502373024
-0.679296267307321 0.0077130959699657 0.324194531300314 0.0198818452865277
-0.662568968614826 -0.250224609544491 0.198570635693322 0.0449831972741982
-0.521282124632147 -0.454706027210874 0.127759525158949 0.000120456288293824
-0.28950981468946 -0.617602625038007 0.0747535465202386 -0.0167647654918143
-0.214149051821863 -0.704865717403062 0.0420239149693315 -0.07934529030398
-0.294941991339338 -0.688637770599911 -0.0288096149242548 0.0247578197239542
-0.373543839930197 -0.610572720331137 0.156562176484052 -0.171939734876409
-0.49173803679257 -0.47796084413786 0.0114884725091282 -0.351300239226777
-0.547134543288398 -0.335114638352873 -0.250623739135328 -0.118378051651399
-0.641643433267118 -0.191949971789543 -0.17951920957123 0.122028498619121
-0.652304609361092 0.0445938831263583 -0.0124237526632414 0.150056848447402
-0.604312657071464 0.262807958425596 0.0779369218852489 0.125209991666824
-0.549875282918009 0.289344324474146 0.0603248863686473 0.0856788378760811
-0.55343652073071 0.344334478102779 0.0569679887119071 0.0405020410928604
-0.672632545006031 0.20210079210523 0.105635744880923 0.0397115779432121
-0.676143178875423 -0.00571507423737974 0.145316758163723 0.0205022692425789
-0.618737796062793 -0.229897010914954 0.141981574311974 0.0100716221440798
-0.512150153547933 -0.380824544192483 0.176737997034964 0.0454309208117672
-0.36258526243946 -0.559524715781867 0.158579999498246 0.160628953206625
-0.310993896218829 -0.720802107416883 0.087355752514495 0.17795040949094
-0.271766823317691 -0.626246926855203 -0.00112118649468755 0.266612105042662
-0.301658718949037 -0.553814010218592 0.153994089135449 -0.00539171130880622
-0.377791768979135 -0.494403474262536 -0.0144143125531336 -0.219792948367381
-0.469106207902606 -0.423253269559434 -0.249804687932589 -0.0831711630493833
-0.636251399788095 -0.267007073531969 -0.276410765788572 0.0663310626845538
-0.66635321009169 -0.00449506551057647 -0.213515942406829 0.137997695788682
-0.606769879774297 0.223082196793944 -0.157624753831864 0.178179717429044
-0.539422509427969 0.244940009630921 -0.16622171984996 0.190212700501067
-0.517423514893133 0.273785087989392 -0.15950635120753 0.138606278290501
-0.584589199800974 0.131649523699797 -0.0917744806005413 0.0921514924032201
-0.539030562640954 -0.0531237291537245 -0.00450078698361769 0.00112340674767171
-0.436847650794969 -0.194459806563364 0.117670947121784 -0.0220477838800315
-0.400301752037398 -0.246510415454083 0.235197547987367 0.103591632799925
-0.366436876886609 -0.415060854302444 0.234990815189805 0.312858508701612
-0.352010785830305 -0.63270940490187 0.153978500009955 0.39264356373629
-0.220519680102896 -0.461109916965821 -0.019377119896772 0.464026932507921
-0.193716310057105 -0.384559873298998 0.10002807700101 0.170356230576967
-0.208788613442237 -0.398922247174823 -0.0368622442031295 -0.0713631731861787
-0.306892620966223 -0.404346206732527 -0.236700259933895 -0.0728223576476286
-0.506597035729811 -0.274205527893178 -0.385805696211835 -0.0125281239288784
-0.553249542840646 -0.0411513179590293 -0.424723756990641 0.118052575377957
-0.509052667006182 0.151497398352077 -0.381492698346243 0.219545357179949
-0.44707425891355 0.164921620815116 -0.3645400160196 0.265358944720501
-0.412970904901687 0.162669104053631 -0.339544981347613 0.191796369823805
-0.419905607870109 0.0346887949647099 -0.23831811605373 0.0901000204985055
-0.330691672654257 -0.0969923568051646 -0.0838843471576789 -0.0506189035076009
-0.210198466015772 -0.133120142879513 0.140808663537371 -0.0351151007523775
-0.251893950793893 -0.0999857826037952 0.277007374264691 0.184934270009962
-0.31798321047356 -0.247054387795571 0.261920108466119 0.421596765442045
-0.332690357280389 -0.472472600032873 0.2197520079892 0.540465415272287
-0.160194626133676 -0.222876811516715 -0.0594084379591193 0.581322331775694
-0.102237007327995 -0.138762756415254 0.0431807214109987 0.304311983826315
-0.0490178881497311 -0.195316894117437 -0.0499419929109656 0.0321556138022256
-0.103083186781643 -0.259040316764961 -0.230895629131396 -0.0949779518458375
-0.27427461696463 -0.205125739837638 -0.489407388995238 -0.0768907243772788
-0.335010204091727 -0.0626581820079005 -0.590691150567135 0.110965163365883
-0.321420792646165 0.0538740129822805 -0.549158850767164 0.251535699292054
-0.28804862784532 0.0609397880653894 -0.505416545121926 0.30055530858228
-0.258533245905944 0.038637566182494 -0.460457626945005 0.195115770464221
-0.219391341709539 -0.0475558839794825 -0.31718172678377 0.0394305535345486
-0.120632195548134 -0.103687771371602 -0.0873643668897307 -0.109695870855585
-0.0261566333139733 -0.0542823453558788 0.189043919791477 -0.00738242860911075
-0.121548129661191 0.0179743157942629 0.272018488731685 0.280264404602007
-0.234783375823703 -0.0937835901212004 0.231762989046381 0.47353305104408
-0.255099031570273 -0.268688893782388 0.266506772713605 0.615995178703507
0.0914114881973745 -0.0721166745647756 -0.388563850555226 -0.504887991426104
0.0732446811290942 -0.0934749332930546 -0.270731997567382 -0.403011509874767
-0.0472613474705668 -0.105462192437191 -0.254899753018833 -0.301749629495375
-0.123098519574302 -0.00117438306360513 -0.269680064404931 -0.0218717110790128
-0.0609652910332728 0.0913487348437594 0.0439754941679742 0.160613246112769
0.00867435451876464 0.0856942776544778 0.327203059920657 0.0144521707567216
0.0555171446678682 0.0591717128152827 0.473539994903011 -0.204940139897282
0.0736880558397393 0.0440197830992233 0.531077181591703 -0.35325055932585
0.078142786035633 0.0508302703327161 0.58781021855146 -0.371217669575026
0.0484532080884937 0.0667744778526431 0.622733874844638 -0.257138923932869
0.00301566256202847 0.1006339575866 0.568422247279404 -0.0671770840874563
-0.109409117660407 0.0870629462483852 0.32108845371697 0.054988541263912
-0.123614333266819 -0.0463886703766585 0.103103815882807 -0.0818831023690413
0.00959881040193024 -0.0876761556859905 -0.0111947323177677 -0.305373631155602
0.0892135043995077 -0.0350229834775615 0.0396646771733949 -0.584892031489476
-0.0708058752527895 -0.256439351213417 -0.338855019741162 -0.474148069785673
-0.0982543482975557 -0.204492300842672 -0.186644889627097 -0.391623060387315
-0.202857828815181 -0.148136964445023 -0.173937622964151 -0.370900343835628
-0.246170104211253 -0.0258979837578183 -0.267466258004222 -0.0892211297387369
-0.21363746034077 0.0709593618728619 -0.00537122366434404 0.152103959217437
-0.16463755653844 0.130320213442927 0.294142735882138 0.0520511295192438
-0.121319122977691 0.172037526382193 0.465564329311576 -0.148463639895315
-0.114258932476826 0.165118795244747 0.514497134628613 -0.300916665495183
-0.137173927282877 0.192546076221309 0.552797281441137 -0.342309491370383
-0.224131956951283 0.142504885017733 0.591303552523586 -0.24668838367094
-0.270215013652495 0.0621987601347653 0.552957538682626 -0.0616557930864813
-0.339672028830123 -0.0592900128945011 0.303494175731686 0.0521913628266316
-0.279638396974135 -0.234091872866516 0.084813390540258 -0.0829239044703658
-0.10007166428314 -0.325773511492784 -0.01943356438574 -0.274012436195554
-0.0236275866592593 -0.309627526904353 0.00513317666616206 -0.493458992441094
-0.219130071431391 -0.431981097330463 -0.252404372095277 -0.378860985299184
-0.277624465988335 -0.340321147978602 -0.0861030804714217 -0.367837201212177
-0.376274770206781 -0.207085900271299 -0.111172170091458 -0.41812927940749
-0.381417361242568 -0.0510888790066434 -0.264848572861171 -0.12975825104943
-0.362907215820653 0.0428226438607063 -0.0521606371124734 0.144931728131547
-0.334472854554531 0.151658445652418 0.232153523537887 0.0857079109811783
-0.292227696014084 0.258482537110444 0.39348920985117 -0.0722402790148107
-0.285360784225344 0.264121202102341 0.417230989126847 -0.205203291400576
-0.313978690393028 0.316459520992993 0.433076680338754 -0.261515185425237
-0.446695994734769 0.230656539865476 0.473985798968109 -0.201493344164935
-0.501472503871325 0.0692765786529142 0.462563708898291 -0.062312085145196
-0.547127702392309 -0.134085014904736 0.266257864737975 0.0321083929163874
-0.438604653386006 -0.344997616062721 0.0892798847646891 -0.0621059725385944
-0.236529918918586 -0.48645182056876 0.00495873261441405 -0.169200186071912
-0.159786540590771 -0.521645253921689 -0.00191231682965148 -0.311247986779593
-0.32194806686873 -0.558064299521117 -0.139473773405451 -0.217985267289744
-0.407159352176187 -0.458462384830909 0.0258734313033156 -0.317137993344459
-0.504227476180743 -0.287577102715879 -0.0818304370744919 -0.432196486895779
-0.501668710151533 -0.110123625981389 -0.272766279763998 -0.136122990513185
-0.51078516441522 -0.0043967247944662 -0.109475651473733 0.142659696986578
-0.489184732560888 0.154324027275789 0.131989546762733 0.117290986311479
-0.433260308683672 0.311796460656163 0.257904450939022 0.0141348155837676
-0.411994126626401 0.32566726584503 0.260777128567887 -0.0752216275970718
-0.427429964826437 0.391478331605197 0.260961876986337 -0.130972374487768
-0.576686119990351 0.29160431826813 0.300328745291597 -0.11083484866931
-0.631226823805752 0.0901878077483219 0.315284246038082 -0.0424291420563193
-0.654448100136346 -0.141954699084025 0.205508032556068 0.00786850566763016
-0.536966766695118 -0.35322951739963 0.119778543409889 -0.032028287866389
-0.357906784040853 -0.529056643722925 0.0809616056513505 -0.0264129734751748
-0.295359806438092 -0.629448354614418 0.0394339919509665 -0.0785711769116134
-0.35530573691916 -0.5999993793714 -0.0321380461698998 -0.00739233385961344
-0.4360548023243 -0.509652867406575 0.111310285759746 -0.216033231776624
-0.523834905449393 -0.362037449974086 -0.0759509946632289 -0.378978100790787
-0.548809865664024 -0.209265827511182 -0.278737732835042 -0.112656539814677
-0.614587657018468 -0.0751546426790725 -0.188290245679063 0.12944938309951
-0.599330098048929 0.130750121913454 -0.0177308501352784 0.145332751628433
-0.520030393990351 0.326996633025241 0.0680986093412556 0.103914371109923
-0.476957704091838 0.338229374076916 0.0678979426147284 0.0691350300917478
-0.469613977550305 0.397232123181387 0.066314745412509 0.0192799925147827
-0.599616635434234 0.2869422894206 0.109543522425096 0.00133715303478984
-0.630949686652126 0.0758859624908374 0.145377600547095 -0.0101830086457373
-0.608341123847349 -0.130592927492762 0.144124185457872 -0.0159253089701758
-0.518875203427957 -0.281995647014448 0.173828812651966 0.00252646166469897
-0.416763688618311 -0.458960372760923 0.190522220672494 0.1207187813428
-0.388042433637423 -0.627593234086348 0.120224058665055 0.152472493696045
-0.324737109557566 -0.542872700681109 0.0366941624069362 0.215147755375487
-0.358524397765627 -0.465043626236731 0.139674728336545 -0.0585695948206167
-0.419388958101151 -0.391696817968868 -0.0684222578526117 -0.248631103463972
-0.492340514287295 -0.30416537484794 -0.262689830174867 -0.0806783706897581
-0.622983500839717 -0.144395021095412 -0.287645743219015 0.0879441091431366
-0.619084190993271 0.0897282570163832 -0.210481600514104 0.163312816195564
-0.52955524644076 0.293125510308892 -0.150255414853242 0.189350906638
-0.472270796747311 0.299839565148718 -0.130496784311531 0.202819786757868
-0.444640353559136 0.328052311628815 -0.123353921849917 0.149963626389632
-0.528418593349059 0.20782651506862 -0.0688178825229897 0.0875766729565298
-0.510694765630244 0.0165010592967488 5.38276500819702E-05 -0.00304594039298137
-0.432165607562323 -0.122068889846953 0.112353528618233 -0.0413161620593659
-0.397074647014969 -0.171824813763546 0.23918979163703 0.0492082400168692
-0.40076388938807 -0.322533259380085 0.285526991060201 0.247804300364549
-0.412451912103264 -0.536604771938931 0.213176086192432 0.341089545806746
-0.25667584621307 -0.396869456196704 0.0549503826031421 0.410126916644683
-0.234897435932672 -0.324109521408607 0.12072817559714 0.122703935653412
-0.250094212855426 -0.328114114473044 -0.0541678360478898 -0.0953125485292471
-0.34119939570275 -0.314247637397026 -0.238598069764892 -0.0667328540196534
-0.505499409242878 -0.169803303036308 -0.396641425974346 0.033251005935673
-0.522931279434469 0.0443418082560218 -0.408600430073181 0.176386440753496
-0.447685088703013 0.214227552241605 -0.353967531685847 0.263377563853762
-0.39744143602756 0.215149806639867 -0.30683979746985 0.305880261131093
-0.363753865366554 0.210298290407042 -0.285529690445065 0.233966441282104
-0.389054223188582 0.0933281285974606 -0.208067800332247 0.115309526239147
-0.319683899351806 -0.0510060412924689 -0.0865957345210863 -0.0373209953615926
-0.210115232526846 -0.0956157354511882 0.128254550467193 -0.0562427365583567
-0.241988612809216 -0.0536306007819 0.292026011433329 0.121765033291337
-0.332996922021857 -0.172442946644789 0.326495340457332 0.341686531900575
-0.372474787153351 -0.389690577415003 0.292280359464699 0.467783362331005
-0.169967720588448 -0.180151032681844 0.0380555587148584 0.536461362907549
-0.112624417974088 -0.109420028306146 0.0908964377079589 0.268592273046665
-0.0738330151200804 -0.165761380504166 -0.0405710197101227 0.0219965578865502
-0.134275593783681 -0.216807817748228 -0.229428913881994 -0.072400226928826
-0.284098182267111 -0.140239770130315 -0.490626099784592 -0.00442483000381416
-0.320342504138289 -0.00359985332904928 -0.558202368730051 0.197174438546492
-0.288528657463951 0.0997190589683524 -0.504113347008289 0.319828615873005
-0.261419602376629 0.0982965071680895 -0.433321084813276 0.362239158997702
-0.236386680332923 0.0738603299146592 -0.402904157412573 0.260340247525596
-0.212906285821802 -0.0132703639741416 -0.29117203325054 0.086786526709136
-0.123928256871181 -0.082480228750177 -0.10097285023031 -0.0918937577627557
-0.0268171843168954 -0.0462103201275121 0.17622716825648 -0.0379373107371207
-0.10802880632169 0.0398860794605711 0.304293494312071 0.215098652702262
-0.233821817005849 -0.043970480675667 0.300895683145922 0.396065441573573
-0.271201489167008 -0.210947740934506 0.345874997037298 0.532928515395701
0.0879803431376749 -0.0684334948811963 -0.371127837022779 -0.487257819153201
0.0748958792959748 -0.0928271564558118 -0.256273054995343 -0.383716899102354
-0.0443971500825523 -0.103782999729889 -0.246157599735752 -0.292359913189626
-0.119885403348026 -0.00164192461843118 -0.262221906686078 -0.0222688238397957
-0.0593756460540556 0.088165233201771 0.0416308719767444 0.155323614236949
0.00922956875811911 0.0848248729471535 0.315586827042546 0.0181615055956098
0.0531024945592832 0.0595886552194807 0.456700254434301 -0.194613330240389
0.0709681821000506 0.0432419314434399 0.514535927483224 -0.340027849564505
0.0757714644125051 0.0485434263978066 0.568300446652753 -0.354542198833288
0.0456236969046613 0.0654503960836539 0.604106811566665 -0.246179458089258
0.00281978705549306 0.0972403044782664 0.546120092786155 -0.0613916119159885
-0.107025721960372 0.0831548470911437 0.308901422907446 0.0562337709576828
-0.120969192343646 -0.0460641797684492 0.0963034855591474 -0.0778773460273978
0.0132883180150847 -0.0851045745452984 -0.0110249516710004 -0.292277400348365
0.0889168716220546 -0.0349640381423246 0.0423084721709497 -0.558748174813047
-0.067018269917109 -0.246225827677601 -0.323148971867951 -0.457998956665894
-0.0908987722759029 -0.198951735752203 -0.1755019901292 -0.371046491031405
-0.193917479627584 -0.142406030169329 -0.167436931935967 -0.359485162477031
-0.23606389606962 -0.0237023574016565 -0.259644606664058 -0.0877653540578208
-0.205833372457469 0.0698031917748995 -0.0058012773095385 0.147081997482872
-0.157627329609303 0.126111085656848 0.282389662296685 0.0545465027296238
-0.117322254112639 0.165814363459409 0.450265248903614 -0.141457412716583
-0.112103491091062 0.158834017830979 0.498875291913341 -0.29093387539882
-0.13232564718203 0.184043603833731 0.536040065499519 -0.327696509483985
-0.217583981568085 0.137730028036841 0.573262695936822 -0.233814335656753
-0.261012209569363 0.0601003678718534 0.534198656733261 -0.0584437813853522
-0.32731728595073 -0.0586850127943338 0.291421816119414 0.0524282209314488
-0.2702602017516 -0.225712732592173 0.0799093734554387 -0.0787233548766105
-0.0929288778553699 -0.313480564882958 -0.0190272826279133 -0.262489483322595
-0.0191193564547921 -0.29621225865133 0.00985361281999255 -0.47164965862537
-0.207953194460602 -0.417746020874476 -0.239088843443589 -0.36661488912436
-0.264624685562467 -0.329395104534104 -0.0771818584363263 -0.349513968305042
-0.359805001422132 -0.196923134732353 -0.107604512981406 -0.405877851175207
-0.364437214255797 -0.0460597715093045 -0.25549683831391 -0.12640454364396
-0.349166717637906 0.0432981579039653 -0.0511948365933242 0.140181597106204
-0.320318090836313 0.145065440405752 0.220689735573839 0.0853927400372614
-0.281310881190819 0.247506048997163 0.382246957983879 -0.0681163452932305
-0.277255159122991 0.25380925469656 0.407208867848861 -0.19660398622489
-0.303122165490235 0.301671405028416 0.419698423107096 -0.248733437876793
-0.430529639228574 0.220903757133946 0.460220130330019 -0.192679816423194
-0.48351550924857 0.0671952831346472 0.447588133655664 -0.0615355563475395
-0.525121568207544 -0.131378237776057 0.25356863437166 0.0319637835127045
-0.422327298084412 -0.333501908474098 0.0854225656527721 -0.0585516816200123
-0.224654421850397 -0.467078953103226 0.00497642070520044 -0.162916621902454
-0.151280354014082 -0.496459784266052 0.00470720455716624 -0.295844002044855
-0.303953551807092 -0.540747580984155 -0.131387157699192 -0.212596124851715
-0.391196880346448 -0.442432754369076 0.031115962500427 -0.303197473355036
-0.485016657369051 -0.271353164710854 -0.0787633964353718 -0.419689967496592
-0.478424621936176 -0.103244150999754 -0.263073887384171 -0.132576162217306
-0.489798979055939 -0.000830645397927654 -0.106137782582486 0.13817832604548
-0.471256085696062 0.145758847632631 0.124616554967204 0.11493910482481
-0.418239612191729 0.297685486873644 0.253582508694056 0.0141346919179378
-0.401220992918775 0.311898140467567 0.254800186064012 -0.0719883267542319
-0.413867395312474 0.370877997826148 0.253232563783148 -0.122361717510931
-0.555545000095999 0.278924350139563 0.293089462357103 -0.105674598748637
-0.609201286142976 0.087495998637475 0.305534599992253 -0.0429924876966464
-0.626559374793819 -0.139824648843843 0.194214821367361 0.00856310889453676
-0.515357083623381 -0.339664538179716 0.115618943429438 -0.0300008924273059
-0.342034366405687 -0.506630404463951 0.0784465246812262 -0.0255928815085909
-0.28149071178098 -0.598935844464617 0.0429144895980943 -0.0735495686147773
-0.338481850464556 -0.581506452151967 -0.0288339907371945 -0.0116261706179075
-0.420090193133052 -0.491161655124685 0.111610047036401 -0.209585671710327
-0.504050702342934 -0.341948891642893 -0.0735420295551539 -0.368590675926182
-0.522668357134346 -0.199590648068834 -0.267671712366682 -0.107975405459986
-0.589340064594348 -0.0684201739958182 -0.1807325046274 0.125809038916619
-0.577880015815224 0.125021475297584 -0.0195937738546188 0.139885103020803
-0.501765108610864 0.309030303827378 0.0703873869181917 0.0995843046082148
-0.463690382939723 0.325757870585306 0.0683270384345432 0.0670021096113994
-0.452781004523929 0.375572531479414 0.0653077906538662 0.0222338313547586
-0.57822319947051 0.273932925919421 0.107970388153243 0.0020144413649465
-0.607970691633081 0.0739894795645452 0.1415005365429 -0.0134207354281559
-0.580556648286584 -0.130133942499097 0.133774308613401 -0.0144329894720791
-0.497740756845434 -0.270262413625841 0.168455843797675 0.00328352643268044
-0.39943590227481 -0.437316888243828 0.183192465907749 0.1151869256486
-0.371043324854224 -0.59513776286142 0.119240171313992 0.147282743194365
-0.308816315149286 -0.531101942258592 0.0341029199767755 0.20195333138743
-0.346614759999205 -0.448139309159747 0.13632022688022 -0.0600732132362508
-0.403837307709001 -0.37041879991445 -0.0670536521685435 -0.244226753900274
-0.467977533709006 -0.29309448043177 -0.251628773244751 -0.0774037536651989
-0.59620032618585 -0.138711244095482 -0.275346702637736 0.0864016469428114
-0.596018869295932 0.0854688750803707 -0.205076050407072 0.156478930549279
-0.512079524394537 0.277633087098256 -0.140684293389198 0.180200780470607
-0.459819236164893 0.287305207551235 -0.12382798165382 0.196434440803091
-0.430068954269457 0.309001459307092 -0.118497624383494 0.147755243823816
-0.509018453037401 0.196731727124365 -0.0650125263527235 0.0839500882547669
-0.490258096588478 0.0160387476558198 -0.000277313971409456 -0.0068489653595114
-0.409929017861585 -0.121181587384524 0.103154971905942 -0.0391980803491665
-0.379075888126657 -0.162625060741496 0.231939159454923 0.0477925873523007
-0.384567165908567 -0.305585118520472 0.275284439417732 0.236993533684212
-0.395312586639281 -0.509122022835299 0.20585223800117 0.327985208113083
-0.246516264135035 -0.388696800182337 0.048513977749815 0.38967779402645
-0.227656389739055 -0.311177289168915 0.115397099956639 0.112838724626
-0.24104712362604 -0.310476012705578 -0.0518065015385296 -0.0953439191325565
-0.323532355489403 -0.304308057655536 -0.227919761453859 -0.0650705199878609
-0.485076251493907 -0.163454816997637 -0.380220682953659 0.0310576294393651
-0.504179764061246 0.0416480121894991 -0.396402534566042 0.170041524362302
-0.434157770806227 0.202046693944655 -0.339559280665744 0.251743607993996
-0.384838850314338 0.205733942449944 -0.295452371612661 0.294563758730255
-0.351562503181654 0.197947255910385 -0.276003505504904 0.226695380666334
-0.373397165809104 0.0878456788720112 -0.20068846506449 0.109321956045295
-0.305650933016985 -0.0490343551123848 -0.0835486432297264 -0.0401186704044389
-0.197026677097824 -0.0928957557866526 0.121084303901569 -0.0543360447849462
-0.231662693897944 -0.0466621791800566 0.283825833595989 0.117860354371092
-0.322263766130549 -0.162566948595564 0.314073505697391 0.329140490961973
-0.358139427553376 -0.371937617272452 0.280226915699745 0.450832179497185
-0.165528387333386 -0.178027650891606 0.030153250221683 0.514524897281847
-0.110568588973313 -0.102603082017248 0.0840437297160277 0.253768735168486
-0.0707964133903568 -0.15563152827775 -0.0376166839694928 0.0189328390387954
-0.126656766788061 -0.210150234970182 -0.218428837292747 -0.0709298115546245
-0.272742550096522 -0.1358341687803 -0.472158510769566 -0.00561468848729136
-0.309587515825715 -0.0040105697778045 -0.540500079560764 0.187641226077538
-0.27958970856617 0.0923923338745502 -0.488246726727114 0.305994356005984
-0.252495736046185 0.0937692513513199 -0.418983939385548 0.349988312790476
-0.227619758889398 0.0685397325918527 -0.388911076705298 0.251274229034854
-0.203533722191567 -0.0149776792865505 -0.281831020680318 0.0815763287582401
-0.116309094008507 -0.0795095140080866 -0.0975565651661695 -0.0918084065253699
-0.021678670507497 -0.0431611365697935 0.170404518843243 -0.0357928221876751
-0.103405552871838 0.0426203132727484 0.294753753448649 0.208332847609591
-0.228092768791526 -0.0415233040697459 0.286291244430746 0.380148503855137
-0.262024341928583 -0.201044774883658 0.329879826596822 0.513333154536219
0.0883955690890858 -0.0654429011646239 -0.362496690085336 -0.493163940581847
0.0794816691988254 -0.0938187771759312 -0.243908860784485 -0.381603990916993
-0.0422885128683188 -0.106690901857378 -0.241681516986126 -0.298104198984014
-0.120715445630676 -0.00484105738242348 -0.264641784654216 -0.0279095203827056
-0.0618561350656228 0.0878833188061385 0.0373757891197611 0.156304646407467
0.00909946686462444 0.0861103595386689 0.315076766077694 0.0267914026716337
0.0523779246737852 0.0629185986164353 0.459542457702966 -0.185592093774328
0.0701398906872952 0.0453517415651918 0.520593857748306 -0.333578743015059
0.07461175359205 0.0500036239451416 0.576745436019574 -0.344821725805319
0.0434651791399232 0.0676236380027808 0.609232973722604 -0.234864510905322
0.000775052710410923 0.0969608160805162 0.547742381296312 -0.0491288735554819
-0.110083286051898 0.0814544219098653 0.307650907652277 0.0639790453542362
-0.121977651632651 -0.0487050106832052 0.0946384791633024 -0.0753984278720183
0.0192052879940456 -0.0863022309309637 -0.00686266952365058 -0.29050733454644
0.0921327852253402 -0.0350283372138723 0.056165953838171 -0.555811961521349
-0.0622717046579375 -0.247192909936145 -0.312602879744085 -0.464629870818417
-0.0848814609308215 -0.20175894156811 -0.164069407477885 -0.36784700604678
-0.190083456707743 -0.144999148061555 -0.161617461563025 -0.364266550981857
-0.234364413140999 -0.02683331754584 -0.259888619850684 -0.0937328507091106
-0.206565973038547 0.0676102853082879 -0.00940405267699483 0.147346022776297
-0.158564092128938 0.124108022361212 0.280520242160837 0.0628291619772306
-0.120594658747765 0.163930682982124 0.455780911047341 -0.131284097567209
-0.115687739868372 0.157282152609926 0.506278199058794 -0.283131479164601
-0.135972806458151 0.18001761133984 0.54440312219029 -0.317018000612353
-0.221210841074554 0.134837010993168 0.581934208015444 -0.224453943809968
-0.262542028012484 0.0564027569006952 0.536497779630928 -0.0493412339014839
-0.326375516966108 -0.0661380233315218 0.289334768778672 0.0596828983965898
-0.268123717726628 -0.231547838408582 0.0792073411848662 -0.0759794125731514
-0.0827298973484035 -0.315058985884352 -0.015001326328002 -0.261901654763816
-0.010658289073816 -0.295700793378705 0.0227228626442186 -0.468801587469988
-0.200288155368543 -0.42107610308238 -0.229492979006369 -0.373119292159584
-0.257960830759388 -0.33423550169259 -0.0640875544488945 -0.346099245566136
-0.35585398941966 -0.200662082147958 -0.101012362842543 -0.40998100056747
-0.359750444851985 -0.0488807104003882 -0.254530311307405 -0.1316474695284
-0.348612864435205 0.0399343985790616 -0.0541936960743214 0.139979955272992
-0.3220128887419 0.140166909811668 0.217926375355152 0.0931970548435857
-0.286772258030542 0.240213509370404 0.386780270072184 -0.0609232804151306
-0.28346418077372 0.249119232509526 0.413891852221969 -0.191042668160106
-0.309446895178678 0.293263020378659 0.427635704023794 -0.239831047513586
-0.436158551765937 0.213930195327873 0.466437659595439 -0.183356734424848
-0.485168162864119 0.0596319083900438 0.450648942680718 -0.0547292680391887
-0.521670388761753 -0.143070452310363 0.250198004545218 0.0380538142394508
-0.416572754782863 -0.339357922386895 0.085387249808701 -0.0563389233869143
-0.212413157971076 -0.468693284358737 0.00693148604340681 -0.162196165720436
-0.138941611703085 -0.494040846221107 0.0139138921402489 -0.293956781596322
-0.291683056586826 -0.546995736760006 -0.123993223222314 -0.217725037851819
-0.382925910817678 -0.448823759423736 0.0412940543771414 -0.300419022821807
-0.479955281476464 -0.274770409430605 -0.0719895572051171 -0.424909326537842
-0.470349831724154 -0.107536368246915 -0.261776758693758 -0.136558427672236
-0.487573569294686 -0.00695893161887099 -0.107258835202769 0.137691081024033
-0.472174906804943 0.137029980960098 0.120542332857305 0.119743602057215
-0.424075553882701 0.286620653774547 0.257327516992302 0.0178691733517996
-0.408676927697531 0.304457096388881 0.259710170437519 -0.06731585547281
-0.420403785414274 0.359413082806293 0.257703292487961 -0.115232567593176
-0.561824022548155 0.270016129885914 0.298290671490267 -0.100161963406865
-0.611456060218651 0.0790356703018109 0.307507505800867 -0.0413322809173198
-0.622146947935288 -0.154516636697405 0.189988182762374 0.0139827554577452
-0.508955548571578 -0.346083240674749 0.11627746844159 -0.0276991801026068
-0.330257297226347 -0.508208309274486 0.0784154321212617 -0.0255559661991803
-0.267008160921108 -0.597143407924485 0.0479768564459348 -0.0716613251563022
-0.326059601488379 -0.591303399414753 -0.0277756711347053 -0.0170195562998718
-0.411647602712447 -0.496846127348248 0.118056537106632 -0.20874587034447
-0.498006800729647 -0.343183745575512 -0.0671760594121551 -0.374942915181102
-0.512758481289194 -0.205143300177749 -0.265617984099105 -0.112466006519029
-0.585043953000238 -0.077614047165817 -0.181172028507554 0.124146915379371
-0.579010903915698 0.114067674129718 -0.0244618670153635 0.140730539668614
-0.508967212386035 0.295001584239759 0.0728301888497095 0.0996836804621191
-0.471499110821383 0.31627146926129 0.070707923308823 0.0690831718496789
-0.46136554782446 0.361747474457494 0.0669989746667099 0.0268676085261863
-0.583933657741088 0.2622112264503 0.110404643109591 0.00388109265009486
-0.608418576794453 0.0639362033591765 0.142375295123305 -0.0146317196900482
-0.575005481304645 -0.144113724559814 0.129172758002471 -0.0101415047349794
-0.490807770138202 -0.276167722326585 0.169473930888371 0.00604933075790928
-0.389231543159538 -0.440058534307507 0.181024884301267 0.117332865071232
-0.3566783589995 -0.592959566112966 0.119158552298286 0.149152339975901
-0.300534788796825 -0.540027409107814 0.0290111800764795 0.196500498716289
-0.341735218294404 -0.452374451032342 0.137780884249952 -0.0614762577330168
-0.396101983821956 -0.371882576137052 -0.0627761353277911 -0.249199884395273
-0.456341612221466 -0.299655675649595 -0.248711040613509 -0.0808270701480256
-0.591794554286505 -0.146924457714957 -0.274276784111837 0.082893453158462
-0.598618039877401 0.0747208802091074 -0.209185429592198 0.153411514335598
-0.517712980823604 0.263903229140348 -0.141665825675639 0.176619924470836
-0.465702264225136 0.277926501598588 -0.124496352306454 0.194349778659315
-0.436194477150118 0.296530927046035 -0.119607354350764 0.149462129111798
-0.512416616198249 0.186836034251187 -0.065365673435707 0.0822784189668016
-0.489153677139881 0.00756728343160711 -0.000874411603357497 -0.0105516428592512
-0.403806649762195 -0.131140762147768 0.100099270760192 -0.0355930032943246
-0.375240719541083 -0.164123452719215 0.232473085979631 0.0512029042680015
-0.380368997955294 -0.307955401906256 0.27042929183122 0.240097423631495
-0.384620404436614 -0.509381197979953 0.199591468817935 0.331067083937245
-0.240169468977064 -0.397739859579671 0.0377817276742984 0.386211286004424
-0.224949781503902 -0.3119084228372 0.111208929190098 0.110452814820627
-0.234743111653227 -0.309598445502812 -0.0497963278618758 -0.0983229316575138
-0.313631633057877 -0.309939752378636 -0.224094464225158 -0.0689973801447196
-0.48075864275443 -0.17219472439959 -0.378387019035684 0.0257322368693826
-0.505323024755856 0.0334590704857456 -0.400328341202341 0.161496783354718
-0.440152842887595 0.189302236043661 -0.342882010470212 0.245002479983621
-0.389513106322142 0.198523381665626 -0.298082352018195 0.290184136901895
-0.355018901217379 0.186672926289674 -0.27983766098747 0.224925146017955
-0.373605932385491 0.0786409328574399 -0.202374094918019 0.104956598142725
-0.302433597619281 -0.0545666752528678 -0.0839775501244373 -0.0449568875746585
-0.190834845395327 -0.0975998107096219 0.120131306767672 -0.050930922140182
-0.229467619613663 -0.0452733899039099 0.284336558393521 0.121772317627182
-0.320959080760512 -0.164197154042773 0.306804401425492 0.332554065667016
-0.349932620427668 -0.372226164779599 0.27031621742796 0.456373928835308
-0.16475325992467 -0.184718953547584 0.0145743341033694 0.512743020930996
-0.110441406194091 -0.101404953065479 0.0758614686964477 0.250738430048796
-0.0679746392185096 -0.152519343777336 -0.0370901061260659 0.0155044202285
-0.119595958174251 -0.2138169677596 -0.214717721376343 -0.0765468293587313
-0.26849772752064 -0.141245000506365 -0.469862874138713 -0.0118863729058415
-0.309902765069721 -0.00925284331204278 -0.545362283688384 0.178175838055069
-0.28264007265416 0.0851160616794245 -0.493653556101698 0.296130178183113
-0.254139115333416 0.088687969402288 -0.425648281401302 0.343779547069571
-0.228881599444061 0.0616185127567109 -0.39409749115879 0.248088842302367
-0.201518254135043 -0.0204298045087759 -0.283951815946486 0.0747201173322234
-0.111532490607084 -0.0824565164867238 -0.0968027868121513 -0.0967327397239468
-0.0174168114736017 -0.0426135304409628 0.171743225540094 -0.0318792688498028
-0.103562385146019 0.0455284927401387 0.293571914242566 0.213425027545107
-0.230233201237593 -0.0432362231957601 0.279041107616541 0.38430226019166
-0.258160209427633 -0.203561438671862 0.318456522276332 0.517824035910705
0.0915762563900673 -0.0656708849867976 -0.369101953819754 -0.51316392218499
0.0857319398088894 -0.0994513481156845 -0.245829977448288 -0.392587173915536
-0.0431058142700205 -0.113222416136596 -0.251546809619108 -0.311250484128235
-0.126487817464559 -0.0061496668566469 -0.278858036877578 -0.0300950508712386
-0.0660540007522837 0.0916682909123662 0.0370308660928152 0.162863863482485
0.0104713071634343 0.0903887991683015 0.32855106823764 0.0318028724521858
0.0545473406439705 0.0676046475232122 0.47915308198491 -0.190361646838965
0.0731357882033712 0.048406633267393 0.541973657260262 -0.344552911873892
0.0773242390975601 0.0526004533440196 0.603908631969112 -0.356347439814165
0.0437220801001858 0.0725125716597842 0.637884087526491 -0.240988070346992
0.00020211048769872 0.101108058147986 0.570107048898373 -0.0461749086995915
-0.116920570791702 0.0831118268955098 0.319467483703279 0.0700944754722012
-0.128358651990356 -0.052215527956826 0.0957038495477545 -0.0759131610243394
0.02457560694696 -0.0922612137164062 -0.00695290630333942 -0.298375394946839
0.0978908085545474 -0.0385464138711929 0.0651885754060644 -0.574904834242372
-0.0637276119635785 -0.255516022679769 -0.318132235188371 -0.484910393863
-0.0861506855697949 -0.211818549086511 -0.161220176896314 -0.378799973703263
-0.196583860010503 -0.150617530319216 -0.167541490428001 -0.380309546808732
-0.241877126610661 -0.0283024682909372 -0.272534619687025 -0.0996486729600485
-0.215225672702574 0.0704442532943291 -0.0114408466195957 0.153365036247148
-0.163438878142484 0.128481539817201 0.290958483455844 0.0695333486781357
-0.12620835593434 0.17028338403228 0.476543033409609 -0.132090602773216
-0.122236411935661 0.163290065197267 0.528648969373573 -0.295266836046569
-0.142444142508327 0.185154459937162 0.569020086233909 -0.326091225193034
-0.231708454083449 0.140158243242121 0.608343811674581 -0.230837118816545
-0.27346724482061 0.057876163563499 0.559387305709205 -0.0489469379976302
-0.339493279852622 -0.0712648245569515 0.299866513350603 0.0659183013035713
-0.278449026777382 -0.241941210502624 0.0803846144421874 -0.0773642304594393
-0.079947888822019 -0.328867164480527 -0.0153976767701838 -0.270680107585953
-0.00744959134288816 -0.307248254028697 0.0297046044274041 -0.483749491590514
-0.203933215633744 -0.439165281988804 -0.232576233457082 -0.391829755409189
-0.2674729709992 -0.348745237794129 -0.058275761140466 -0.355727852606678
-0.369314230054268 -0.205629627265614 -0.103930363362081 -0.428675285814784
-0.370037403605192 -0.0501573883132509 -0.265661688295114 -0.138805787858441
-0.361183700068284 0.0425757621860035 -0.0571196614896307 0.146033817775963
-0.333917259016058 0.144600918125819 0.224794024205711 0.101210291818839
-0.300051619828873 0.246258137301681 0.405993765501947 -0.0604481888559433
-0.298130715543926 0.257076202250187 0.434436185141405 -0.197724342364451
-0.32384009177087 0.300552200401185 0.448122777335262 -0.245967124054566
-0.45559474293736 0.219615996711314 0.489351173663493 -0.187327190875313
-0.504949544688787 0.06174876540849 0.470336101180127 -0.0571835041636282
-0.540139095416281 -0.155300591334279 0.257556428760956 0.0437528060121311
-0.431873013210215 -0.353800079292033 0.0882782082011871 -0.0573706469816935
-0.212408898935882 -0.487266673955581 0.00703923149699055 -0.168572228303098
-0.139050545354499 -0.511707750406489 0.0209764232218186 -0.302970192588291
-0.300174157494663 -0.572186360500931 -0.125824804527012 -0.230983788662529
-0.397556302430341 -0.467219860068119 0.0497560760276123 -0.310587712387026
-0.498392971272073 -0.280905454948406 -0.0738609084725808 -0.445217877078386
-0.482180310761301 -0.109632407964242 -0.271329167620334 -0.144032092716307
-0.503334844933337 -0.00571936667717454 -0.111448204536539 0.144074579728479
-0.490009602342276 0.14065550999928 0.122592217914879 0.128364140714165
-0.442074391817718 0.29124910148749 0.271399546080636 0.0204726679518673
-0.427920926371027 0.314638278851402 0.273795290503397 -0.0697312304244775
-0.4382933665382 0.36842067083268 0.271363314816137 -0.116118619089421
-0.586617498555382 0.276443435758242 0.313794866451418 -0.102804144769949
-0.635092108778839 0.079300026305529 0.32099794864039 -0.0441862587980987
-0.643959105542142 -0.168162221879973 0.193176121428007 0.018679629615214
-0.527032611060392 -0.361270546499225 0.121110027271217 -0.0279745682504778
-0.336001756592568 -0.526157433886298 0.0805031417767857 -0.0271732633465585
-0.2719911211025 -0.614602130059153 0.0548562911523364 -0.0724406243363232
-0.334668063403175 -0.620344529480946 -0.0290359132201223 -0.0231012309837518
-0.428305070504786 -0.516259201452612 0.126790608064757 -0.217522622597978
-0.514791049079977 -0.352505338149297 -0.0695540367192538 -0.392983640412886
-0.525365612469916 -0.213329194349157 -0.273397707527397 -0.11812276169542
-0.605161367429699 -0.0806812210544487 -0.185785605772338 0.13009359658405
-0.602206283326307 0.117091837807679 -0.0275797468566962 0.148339048386863
-0.531820491100061 0.300038343763222 0.0793061227905549 0.103404214793615
-0.493804580269427 0.327291673724743 0.0770033366889626 0.0713993752685258
-0.483094027765636 0.369370867241675 0.0723228680413959 0.0317376720810883
-0.607819791762968 0.268748312470282 0.116869412124754 0.00373497152180428
-0.632456089668955 0.0638612583827189 0.148215765101576 -0.0183070502324894
-0.592951053756875 -0.157866727828671 0.129644607865504 -0.00596151818203444
-0.506804697277175 -0.284503736759059 0.176467978451187 0.00628363918936499
-0.399578817831177 -0.454688407615542 0.186567599282627 0.12005673789873
-0.363798741947534 -0.611294089398904 0.125088826695604 0.156289806502442
-0.308261290677305 -0.5661189661532 0.0260492926967601 0.19900167279038
-0.354518298554738 -0.468761916598704 0.142997862160333 -0.0662472603087149
-0.409891551517075 -0.381105524806059 -0.064278852228694 -0.262837479094802
-0.467832585789453 -0.312164270100008 -0.255266233587148 -0.0865183726762557
-0.611559046314659 -0.154698358218971 -0.282478457582845 0.0854588908750023
-0.622325226121046 0.0748740049218759 -0.220174030105545 0.159538064543671
-0.541423292750132 0.265389714122673 -0.145045303898608 0.182992448230936
-0.486945393538709 0.286950392886949 -0.127207130761985 0.200972112971205
-0.456190584419844 0.300911405528054 -0.122870645634671 0.157811536533448
-0.532700075656054 0.189044689745783 -0.0668908004861733 0.0845446307117834
-0.506625522672336 0.0057952584772862 -0.00220937019533483 -0.0143253271010977
-0.41294630863951 -0.141466610001572 0.100384664423843 -0.0340135349289715
-0.386145300677364 -0.165889699229269 0.243274486752182 0.0532128105583339
-0.392053970459389 -0.314628947335826 0.279362882923033 0.24746213736112
-0.393394519396531 -0.52606186854378 0.206267471055772 0.345189224305418
-0.250053957809127 -0.418749865210255 0.0313700651212123 0.396845166766616
-0.233553452746526 -0.322703016945925 0.11199493708391 0.112076547540564
-0.242392396495932 -0.31651944984675 -0.0514223433094196 -0.105989378642506
-0.320089084746763 -0.324347458803111 -0.229206757683034 -0.0736356350033636
-0.496763220776527 -0.180649610181819 -0.389890386729147 0.0249235001260371
-0.525141305529756 0.0325232293571409 -0.418866065436308 0.16676069154804
-0.460031523915482 0.192821958243586 -0.35784658216389 0.251302347622752
-0.406759545748396 0.203724380053002 -0.309521131738112 0.300598142545194
-0.371771511375558 0.188821596070793 -0.290110689223043 0.235045353380747
-0.38853629510184 0.0777611719486581 -0.210703102554972 0.10608274801446
-0.310371069468768 -0.0595820773449 -0.0888302519052787 -0.0504126825600687
-0.19279356297713 -0.103850969671927 0.124385328077037 -0.0508711494758456
-0.236491122642426 -0.0422475217071337 0.297461710500555 0.126504036463184
-0.3344871694498 -0.166565598281602 0.316767764876145 0.34401332848805
-0.360601026342593 -0.385053859669079 0.277630264227653 0.474485997546938
-0.173805043278122 -0.196448180485248 0.00638415994327623 0.528990695011997
-0.11556897466723 -0.102746080503799 0.072510883229887 0.257440431566406
-0.069412663746915 -0.154408812027982 -0.0364021265705001 0.0132405068561779
-0.120556538179039 -0.224835049570423 -0.219968637150425 -0.0829566264232824
-0.27731595686067 -0.149940274563009 -0.488032245945369 -0.0161174936835246
-0.323023822878065 -0.0101455301147754 -0.569480665237109 0.182872109912147
-0.29647800797451 0.0842363558540911 -0.514246679445193 0.305034208578495
-0.265135597242954 0.0910452757407302 -0.443186634075994 0.354635999246639
-0.238449632503468 0.0596096831809391 -0.4104165309095 0.255537694216609
-0.207664851422868 -0.0243147425836074 -0.296995470959445 0.0748368439538635
-0.112345268490453 -0.087225136448985 -0.101543717217795 -0.104399452612468
-0.0143759829405748 -0.0437178523402722 0.180420510154544 -0.0318196446347812
-0.107615967110115 0.0520456580493766 0.307300978210039 0.222421069685814
-0.242347265225721 -0.0430102719951984 0.285657642450387 0.397616608449993
-0.267075167296081 -0.210199871814707 0.327057433108858 0.540275667763263
0.0948550099561516 -0.0712056106467078 -0.405565365086805 -0.534798160098586
0.0899537803865661 -0.110478678298635 -0.26830238841907 -0.40386804873904
-0.0493891221373674 -0.120987366375808 -0.279107154483319 -0.320161790162222
-0.135950245313699 -0.00329918529467842 -0.30025274893058 -0.0209063834402621
-0.0679209384168749 0.100310657635797 0.04341049541143 0.171849374633295
0.0156756676700452 0.0958941173714255 0.350265638870049 0.024291526293193
0.061196404229655 0.0716317440073593 0.502750958520064 -0.216767242245652
0.0796182148236153 0.0495642892929367 0.561775962484444 -0.386717222666204
0.0842564538840634 0.0530476442037326 0.62913184894852 -0.400060510713009
0.0477587505847362 0.0766217933780037 0.668136443724927 -0.276903084468469
0.00343651280417694 0.107478264161666 0.60436431443236 -0.0679710620092367
-0.123311128416379 0.0929743338579929 0.341765123234751 0.0660078867039309
-0.139576086427649 -0.0514395556916915 0.0964295635772769 -0.082906166640201
0.0270396251176018 -0.10268652630371 -0.0187224508340358 -0.31285957664764
0.104037691448142 -0.0474397758173017 0.0517190261431065 -0.608431554271081
-0.0758792688263347 -0.266456527650735 -0.350908625695743 -0.504739463129097
-0.0984087782329543 -0.221880547455685 -0.177061379557843 -0.389466273908038
-0.213316121824442 -0.151959389759653 -0.191792314792843 -0.397344391769637
-0.256355744201539 -0.0208637139749628 -0.295626275158285 -0.0959161134104073
-0.225473951386247 0.084802686952239 -0.00867252840137742 0.162859130867095
-0.167139560612851 0.142301904243539 0.310973473682211 0.0671441195492991
-0.128126225740686 0.185086769723736 0.503092416972448 -0.158083260492485
-0.123841796872766 0.17851552363972 0.551879308169002 -0.333756011532003
-0.144636696583172 0.200468752780447 0.59338387104098 -0.366412513175236
-0.242213834946234 0.157494704107266 0.639627632340126 -0.26568724525283
-0.288493782492568 0.0712929412059462 0.592836151883442 -0.0721875176760697
-0.363437422819274 -0.0655403693537403 0.319638633546135 0.0624896037201203
-0.305267296426365 -0.246009923994974 0.0806687460122314 -0.0835513747424029
-0.0908049817015535 -0.348533275490147 -0.0273196089783059 -0.283762127802991
-0.0158533358645174 -0.325677324384832 0.0205902019672634 -0.51223833020234
-0.232136137250603 -0.458105985993291 -0.257870010220081 -0.410345614777709
-0.295425135911892 -0.359658646250302 -0.0680758690975501 -0.371334280001698
-0.398726361212433 -0.199887386439794 -0.126899588797905 -0.452920542757616
-0.390623528593888 -0.0378584881428841 -0.287952844855213 -0.139711109945414
-0.378864833709711 0.0604236236967589 -0.0559494770448278 0.157902373955427
-0.347252784589633 0.165181998672165 0.241387881967401 0.103374763401719
-0.310224249432007 0.270412153086406 0.432288537449258 -0.0781846636196661
-0.308255551521238 0.283904576880292 0.455165129855705 -0.2273000163434
-0.334098210412526 0.328435913344647 0.468471875063318 -0.275008908814095
-0.475547928230742 0.251014750790689 0.515435933838031 -0.218396429380089
-0.533432044244214 0.0832717026100603 0.499810040865066 -0.07902589936017
-0.578374659427469 -0.148259375894562 0.272320326439897 0.0414730459027134
-0.470392048468332 -0.358640221139331 0.0906931580684455 -0.0630780668184278
-0.238066292282502 -0.509052630230413 0.000649604808617032 -0.178068369265278
-0.162034698140314 -0.535534923315839 0.0152327182374175 -0.319264527237943
-0.338615439478639 -0.597446588203938 -0.1408024216286 -0.245843674397171
-0.439870739380591 -0.481171558208276 0.0474512763974582 -0.329788894306745
-0.537802097958025 -0.274515683166749 -0.0960906085300021 -0.472796997829592
-0.509839163021308 -0.0968375942123729 -0.29268290070677 -0.144227622717548
-0.531351200794051 0.0152228016374201 -0.111370547556517 0.157790082725334
-0.511258818611924 0.167154724433163 0.133538873302489 0.135404025815444
-0.461879513478698 0.32029332966072 0.293246473813581 0.0123991532015532
-0.443042371119278 0.348204838466944 0.290449195398753 -0.0847733290222911
-0.456124704780868 0.402927582067455 0.287380014274759 -0.130150670343978
-0.611729262501051 0.31425100863435 0.331940298920952 -0.121703805815395
-0.669620282399674 0.10730356957002 0.340083835058735 -0.0613884420239248
-0.687327912426316 -0.160285689270768 0.202097387752038 0.0170796797951292
-0.569990253791904 -0.361128253076661 0.12701802864543 -0.0337537280428407
-0.369419271920028 -0.543734822939272 0.0836335174087625 -0.0321051899879521
-0.304579116099615 -0.639108593446324 0.0589887477081812 -0.0771660303972084
-0.377514795821543 -0.648606933176522 -0.0333487552479709 -0.0286580433720007
-0.475001116080981 -0.530675884525136 0.128530703369699 -0.236107350984108
-0.558318042006287 -0.349378863479069 -0.0887788051403537 -0.418937934159214
-0.558469295129318 -0.205959388749557 -0.293724365598912 -0.117036563085322
-0.640373646693682 -0.0628168859484102 -0.18927114920866 0.146104619196284
-0.631513630618731 0.144867756003971 -0.0253069325116934 0.162077233017858
-0.554864000967491 0.331606933614329 0.0915538400858852 0.106708528673547
-0.514509657266912 0.36171680779106 0.0873277387283585 0.0720487831114144
-0.502154455847705 0.403443437329734 0.0814430312987809 0.0339210732122262
-0.635216502912456 0.306040975271885 0.12587206611839 -0.00181513491466611
-0.666319516246831 0.0896185993706859 0.155442667821511 -0.0278078099316851
-0.630922054694805 -0.151349822715981 0.133453741118652 -0.00723131144231864
-0.544453277395767 -0.279531142009913 0.187364286169612 -0.000330589441269031
-0.434797225720381 -0.461842344776505 0.20116682383118 0.118376911073899
-0.402080425577638 -0.630470277560126 0.140145762279378 0.162329320331627
-0.349153584043669 -0.59313242486331 0.0296946767638058 0.205471067671778
-0.39456326159497 -0.483174572475787 0.148719396095899 -0.0771245256646713
-0.448230941844769 -0.381101939314484 -0.0783146733247472 -0.280724100544734
-0.500601184684194 -0.314424798243365 -0.271448034031564 -0.0852835201331004
-0.648937313058573 -0.141764801560893 -0.291325698942985 0.102124547812252
-0.655393215784824 0.10294380770623 -0.229148072965241 0.179439817463531
-0.568534142936427 0.297363225209371 -0.143958515942979 0.198715320107667
-0.507383799780929 0.321169491891729 -0.124577793013344 0.217397494310908
-0.477479589045693 0.331357469848014 -0.121956398050415 0.174982553887783
-0.559055380856866 0.218276286989278 -0.0676598018836335 0.0902079796365013
-0.532902181381931 0.0211352767644233 -0.0047503845017216 -0.0181834008271341
-0.441135125447217 -0.140445071977382 0.102788145815835 -0.0358238041942776
-0.412933641106814 -0.157709841776216 0.260787772786867 0.0459716803054362
-0.424578435182955 -0.314363568491099 0.303447850425252 0.250039594534996
-0.433544802805234 -0.538315620243512 0.230898980005436 0.359968803686734
-0.282957294298736 -0.43902863785713 0.0405311321730893 0.416487497475464
-0.259764867521066 -0.330811680558078 0.118611424901797 0.113550347828905
-0.26698792430831 -0.318702609115246 -0.0579897268707318 -0.115370185536799
-0.347136441310706 -0.336055926086522 -0.242420596131731 -0.0734072985373701
-0.530279809923771 -0.175804790122801 -0.409732454469984 0.0401834026394868
-0.555962304197304 0.0547803729273474 -0.438902361266598 0.192248202677014
-0.483440501628355 0.217254241706131 -0.369794154144138 0.279449734861557
-0.42381967935047 0.231197603944756 -0.316836684891383 0.329410344864528
-0.388356534721499 0.207884336618272 -0.296998571028181 0.26259548838616
-0.408336325789614 0.092519434053513 -0.221295615532238 0.119792706972753
-0.327747459276266 -0.0546612784401575 -0.0980251024422022 -0.0529829714773204
-0.2043568352188 -0.104284977505716 0.129957685656984 -0.0569655094581406
-0.249559877956589 -0.0296689307010186 0.321556866057073 0.122615813958824
-0.360414566601449 -0.159052915025426 0.34550898488212 0.349590971118508
-0.394358954699361 -0.392662366985035 0.308760727016966 0.49524029662663
-0.195596747936729 -0.204982870876574 0.0174898239901381 0.560089459333019
-0.12687280417777 -0.101865475894719 0.0812683175837547 0.269483501245747
-0.0771196586159958 -0.155798880051622 -0.0373904431932103 0.0111814779549057
-0.133885632294797 -0.23757933537278 -0.234203805155475 -0.083862526704751
-0.298364716086188 -0.151750136486173 -0.515065671543197 -0.00170207124874618
-0.34323276025375 0.00175726081986574 -0.598795207452942 0.21416436275743
-0.313897168945311 0.0985254209982342 -0.536162777576999 0.341984923354115
-0.278301674208186 0.104906020083302 -0.456655816847309 0.392074420779929
-0.251843159498357 0.0686181580803416 -0.424118141005335 0.287191238931687
-0.219782226740218 -0.0205900249507618 -0.31262670393915 0.088706242023856
-0.118004987596641 -0.0903598404973385 -0.113055531803491 -0.109380402489855
-0.0131412912265921 -0.0444239815208031 0.193434107563594 -0.039977624717501
-0.111295346118784 0.064931550156461 0.335893437924785 0.223996917588343
-0.260609930524397 -0.0331657467696627 0.315274638415564 0.408977261546566
-0.290400039515296 -0.213103325744878 0.362508442870699 0.562936512592017
0.0933379878912759 -0.0544747022734175 -0.328181216257448 -0.608790542592897
0.104019960838159 -0.0975052856041805 -0.210967767317303 -0.454982705959236
-0.0363363530084891 -0.13187479257903 -0.24673876272043 -0.377123286817747
-0.140628906957318 -0.0196115782372982 -0.324608058268353 -0.0679058925554372
-0.0831691457445695 0.0925674866101815 0.0161673613157755 0.190859983729952
0.00380866306036768 0.0985044088921523 0.363333467874877 0.0791681426492688
0.0543806327847304 0.0832899111703901 0.560414225403865 -0.151170078769274
0.0755332277471189 0.0626700534434433 0.643964703805627 -0.32106245910999
0.0785996788682308 0.0695674086179296 0.713734942250143 -0.332645238939859
0.0407668772345592 0.0874198719060479 0.736133891548706 -0.19880750643618
-0.0120315041834114 0.113313628670828 0.637145762202732 0.0104760395456264
-0.141850763413431 0.0810190041744754 0.351170595232848 0.11321853518236
-0.1360159080325 -0.0807493354778501 0.112318860741277 -0.0694744136845326
0.0528814306270812 -0.111093500093513 0.023895892218703 -0.315579805264738
0.119962239733912 -0.0412455098666122 0.151216611979749 -0.622317220951681
-0.0476575402510614 -0.283360217239328 -0.281617225644102 -0.581728777543919
-0.0700565585649114 -0.239473237012852 -0.124659391929107 -0.430555946004322
-0.197667228649007 -0.187541138531409 -0.155933749418177 -0.44630067768253
-0.258098021707012 -0.0538089487944892 -0.314322160208551 -0.151359370241227
-0.239792889636686 0.0525718814327442 -0.0445837112337356 0.175244707865651
-0.191842515912405 0.117308031135648 0.310266683576696 0.119521060320441
-0.157855697971065 0.16926199604979 0.547549748879366 -0.0911341753434748
-0.160055109844053 0.158004381291542 0.624863466788883 -0.267531676809739
-0.183677314216359 0.183253953423114 0.676245929008652 -0.307637757432874
-0.274866383279914 0.123294358311498 0.708532190054932 -0.198297353575819
-0.310992773216615 0.0211352893540228 0.638178216989114 0.0037396050682305
-0.368107579687059 -0.124052942907139 0.344338978317297 0.110207144464326
-0.270614403581117 -0.313930463609866 0.0995968635666321 -0.0665304936007317
-0.0281780300598374 -0.386640464210841 0.0155460586009994 -0.277219356453013
0.0436791537330547 -0.358375900701668 0.103911637142256 -0.508075571885518
-0.170250571680675 -0.504712726248818 -0.206864502025223 -0.481741944978149
-0.250996496426486 -0.409618501843063 -0.0195621506330547 -0.402629164193798
-0.378691548573785 -0.264883083445965 -0.0917695660585023 -0.498870042677663
-0.389368160392088 -0.0888511015019304 -0.306992920580484 -0.199966794861917
-0.391514604984927 0.00568006536065629 -0.100475069275209 0.164230226747413
-0.380318385758296 0.112897042931549 0.227292739018173 0.148274324446448
-0.358787756915972 0.226395085210146 0.455463080218441 -0.0216384796020625
-0.370716586205254 0.233906505162495 0.509676083872667 -0.171481165848925
-0.400532911179343 0.281529580727194 0.535324840390594 -0.230347980916085
-0.535738757876358 0.181318229877937 0.575917446239568 -0.171216633970472
-0.570347870738762 -0.0129071150056522 0.551627343300148 -0.0188953279563411
-0.577971742663551 -0.246990429538584 0.310904291164212 0.0827114115094278
-0.42067877542995 -0.460511645959172 0.11231263074803 -0.0415874972782743
-0.153376074380789 -0.575590675511857 0.0348486457575675 -0.158721966058132
-0.0748443655644204 -0.60324640125482 0.070742068674178 -0.294171728866418
-0.253590411578213 -0.66770574252203 -0.115193155593549 -0.302906505770422
-0.37942469776722 -0.555620744024137 0.0877867564992782 -0.349149861865824
-0.507524125497703 -0.360565671477605 -0.0655356172422095 -0.522471569893022
-0.500456443713413 -0.164758420815253 -0.315863340980525 -0.213708228244256
-0.536452138027652 -0.0645658067720438 -0.165588050937012 0.156192874254121
-0.551170320531733 0.0898500674586643 0.105668689447719 0.166510016678935
-0.523264799568528 0.253545483449749 0.291515696999494 0.0514580946715129
-0.524304530605041 0.276744251119073 0.317637604609234 -0.0467156095579685
-0.539293801665909 0.335880771990583 0.325336937003823 -0.106675871392495
-0.687473430202805 0.223768268487346 0.37097639924437 -0.0987863703820767
-0.717320324872488 -0.0132627381775067 0.386879854613652 -0.023990554436011
-0.688420725860598 -0.277653225411163 0.24707096035366 0.045666880339691
-0.522674072593116 -0.477946041678652 0.149546298897592 -0.0070975674635753
-0.284516009559077 -0.628731352817797 0.104853495468721 0.00341750718964089
-0.20553924479284 -0.734436037644364 0.0796039154214908 -0.0292367682926611
-0.28032200465889 -0.725501405871858 -0.0413380247405779 -0.0681314090863751
-0.405288475472134 -0.612092629890254 0.155524257938236 -0.242789881840514
-0.51643306610166 -0.43889374516286 -0.0678118028229291 -0.471145225041918
-0.53096485259792 -0.284721391061212 -0.320041589011622 -0.194125632927203
-0.636628054199661 -0.15939588072418 -0.250370915954811 0.129497367060675
-0.671982527380565 0.0487266599725073 -0.0659313227098526 0.170275294453587
-0.623368543526642 0.250236388949993 0.0628688741359086 0.119288760243262
-0.599978529815835 0.278386737900907 0.0824505864434584 0.0870120885069023
-0.588843364018254 0.328289590063765 0.0870705120661379 0.0367476069161815
-0.712565755949519 0.210476086123243 0.139782312611777 -0.00153943060998971
-0.711723019532603 -0.0322212171415975 0.189693433413237 -0.0130262169857182
-0.633430138843896 -0.26124029806042 0.175816905251148 0.0114937734977635
-0.508219559496542 -0.388307211106622 0.207564037467984 0.0335757206683959
-0.36756490329331 -0.550629841078195 0.206994618842769 0.170816066435988
-0.311264389299491 -0.741793455464266 0.127757492622377 0.234621147528316
-0.256579657469909 -0.664517703875494 -0.0137156759622645 0.184519866082335
-0.328482896532698 -0.550019239546222 0.153082436540329 -0.0744177956010459
-0.396940842534055 -0.452380285153465 -0.0698792836365849 -0.329430318688878
-0.456869138227481 -0.387366181487022 -0.295275581064047 -0.16315217316113
-0.634734378616659 -0.241582082559678 -0.351782331888871 0.0635721498452789
-0.692670858449468 0.00348186324870005 -0.281385228296337 0.157874577960225
-0.631346022040958 0.214834428582971 -0.200276608389262 0.18096437219844
-0.584440562419422 0.237283943272507 -0.161785277540428 0.207158138180728
-0.551672455821867 0.256585713387597 -0.145545413740071 0.158128837199342
-0.617208576363068 0.131486724232864 -0.0766912627964571 0.0711394012874944
-0.559121266991758 -0.0805425154572957 0.0151128938772214 -0.0223272834406423
-0.432343427309864 -0.218182617846298 0.137692645325144 -0.021214420712863
-0.394250503633143 -0.232436694032528 0.275356238361004 0.0879223253975627
-0.385252281434603 -0.389706640010369 0.293649207589309 0.312868203670705
-0.359031428615806 -0.649435039919518 0.190763747981778 0.449962453120739
-0.21198540609787 -0.491721824495482 -0.0353807150759082 0.410978657832399
-0.213240897844449 -0.374384993523146 0.0967822836408058 0.122969523467619
-0.218904528471685 -0.361770703878714 -0.0598937629819904 -0.150573404679214
-0.299980458039951 -0.386487167108323 -0.255539108086296 -0.145278879649129
-0.509982651500517 -0.257457252884006 -0.460244277979189 -0.0200043563401364
-0.583599832944938 -0.0283761648787574 -0.500675673421144 0.141796114783012
-0.534693275969497 0.146478509591805 -0.44711131113121 0.233367879343204
-0.483007987486204 0.161356718624206 -0.378941999978577 0.297241543108983
-0.439922553392187 0.147531580928385 -0.341670466749831 0.228015847919358
-0.438979915989236 0.0280303303442165 -0.242369113849668 0.0843752342216024
-0.329619993319471 -0.121600433361665 -0.0850536880225911 -0.0687848043586413
-0.190124029775628 -0.141750561129605 0.157127179316394 -0.0375045715589874
-0.24986908867233 -0.0659690298763125 0.325633674147056 0.17183648030599
-0.347777508469571 -0.215368585969274 0.319802565522233 0.415027849269441
-0.34289595065994 -0.486431781483944 0.250404855275376 0.594132763943811
-0.16056500129789 -0.236432858211319 -0.0795137762999561 0.566156224174229
-0.10905759594971 -0.120119930298075 0.0381275458961058 0.286302948498242
-0.0518226803640958 -0.164821915254882 -0.0442794369530851 -0.00738089129407379
-0.100324014034465 -0.256593145036342 -0.234332676317422 -0.144329312083817
-0.280273898207875 -0.193308296316095 -0.556090820265269 -0.0785972189074396
-0.35665551468966 -0.0459861488603981 -0.666351892178967 0.140875612875412
-0.34150987137421 0.053171106620507 -0.626828301992336 0.277950167192658
-0.308174637259405 0.060416859466867 -0.535289056440956 0.341972739338205
-0.272641582986951 0.0261482914867805 -0.480152627844296 0.239729672532128
-0.224336115835496 -0.0598396950424051 -0.336178239117518 0.0452977070964097
-0.103684840877851 -0.120192322071363 -0.0999359247510917 -0.127955281256474
-3.53023666148557E-05 -0.0458900310172663 0.21033962358631 -0.0114883228376167
-0.125738726792143 0.0582081431804287 0.322749257846282 0.277105969083315
-0.267453540274177 -0.0683492586875635 0.275093772105145 0.464359847097278
-0.267608800953855 -0.276388981388689 0.293717243256013 0.662231735674713
0.089099546198452 -0.060960478060219 -0.385625172694284 -0.579803037302723
0.0984546654525954 -0.110029362131873 -0.246859579663873 -0.430982184557904
-0.0482057772396943 -0.130601020543141 -0.283816426383557 -0.351562721301141
-0.144886792349009 -0.006445332706046 -0.334888076432647 -0.0344066632082108
-0.0755503359396672 0.101921832672903 0.0322322701640229 0.188849809360035
0.013943629085075 0.0984379659079486 0.370133248459162 0.0433799285114222
0.0637415422849377 0.0799954210468353 0.546650898395443 -0.20724953867933
0.0828562514765371 0.056421542751062 0.610608441137809 -0.385438352966634
0.0854863058906638 0.0624264469867929 0.681820189826665 -0.404017754324003
0.0486249680478196 0.0856922614819142 0.718609221844283 -0.271984117078724
-0.0021936131850961 0.114531785414302 0.639753932769236 -0.0504603763442425
-0.136320570436382 0.0956753036152407 0.364115102112315 0.0802417619109941
-0.145672746590466 -0.0675487542627242 0.102423812755279 -0.0791732946900124
0.0456531168845266 -0.122054677995237 -0.00695878278039281 -0.313002882053514
0.115942685667403 -0.0556772064242159 0.0949130979818706 -0.63285146781956
-0.0746157291135743 -0.276362854035929 -0.336991750886691 -0.559547794380885
-0.0917029973961784 -0.232385190954446 -0.156815973665047 -0.41541608211451
-0.21483560320126 -0.166922533124284 -0.199850219792454 -0.430891159264365
-0.263002251286835 -0.0278228313950822 -0.33259934861497 -0.120337681018102
-0.234339549560853 0.0778659786179149 -0.0295223454928356 0.178935365739301
-0.178400129306689 0.136656397918687 0.321010705287794 0.0916496596318539
-0.141253186670693 0.185066596960112 0.539703662843352 -0.145648978833519
-0.144670249239583 0.174770742845628 0.597918316884947 -0.330238791417895
-0.166318829404227 0.1997983751164 0.646490780080428 -0.373694009918767
-0.263617341075455 0.152271576530903 0.690478063989701 -0.268764784777492
-0.310266172424378 0.0517737622388467 0.641504219169991 -0.0601894269367724
-0.381566414686262 -0.0888241483111052 0.355962577682204 0.0799000752204851
-0.302352638678655 -0.285964172085042 0.090425502241749 -0.0760405544015873
-0.0611192359450606 -0.387554390305345 -0.0127115154295964 -0.27559931627541
0.00914839457733202 -0.362475854748469 0.0577007057384284 -0.515091743058661
-0.220863264948427 -0.486618041566619 -0.252549011004995 -0.465305446414939
-0.29123072201022 -0.383989176105873 -0.0516511635689113 -0.397225716083018
-0.402894304469129 -0.222601894055609 -0.141629857117398 -0.490362438037311
-0.395417434875623 -0.0488743594239648 -0.328556486270073 -0.171536089913981
-0.388443918671783 0.0463335465500755 -0.0845730809447165 0.173061088269578
-0.365870406427805 0.149879474603955 0.240671875630768 0.129484609044306
-0.337905012705017 0.26113677715243 0.457440852803769 -0.0665076142532074
-0.348985166967437 0.269701177839022 0.494056917963526 -0.223966663170851
-0.374539989659966 0.318033597079026 0.51640259244812 -0.283433125554409
-0.519823528681532 0.235718562746332 0.560879766555318 -0.229132962333915
-0.572240883063789 0.0441806590733791 0.550911943717345 -0.0770539256576144
-0.60365705344248 -0.191858723229653 0.318521385052983 0.0558159387016225
-0.464828626950239 -0.415359719474253 0.105861117502347 -0.0526663271202284
-0.204684845512777 -0.561102242095209 0.0179529401338575 -0.160511994888749
-0.131248437157422 -0.594367243903626 0.0472678036604719 -0.298443053277867
-0.32011011154611 -0.641505047362161 -0.144967915343462 -0.296617459881292
-0.433395502017165 -0.515189384427048 0.0593625404248257 -0.355952630767701
-0.542716648579946 -0.30239575464581 -0.118401804068967 -0.518290758653055
-0.511629531885654 -0.113972210829268 -0.338009175857852 -0.184783594786982
-0.538831195573462 -0.00945644378665289 -0.147413764005337 0.172495529497544
-0.538740855694558 0.144748627270666 0.121778811030607 0.160516188085357
-0.500941360333012 0.304106045797023 0.301126253652368 0.0214455176026316
-0.498852060515315 0.327823400834445 0.315388328852738 -0.079694936559749
-0.509506692511799 0.386052608642675 0.318765380261244 -0.137604343982984
-0.666802837005136 0.292528966276698 0.362763637469934 -0.13656841395356
-0.718774292662906 0.0572653010449261 0.384833697225704 -0.0664198624885874
-0.715606688929058 -0.21429905459933 0.249855140183263 0.0270282700635672
-0.567024172327991 -0.42372311453704 0.147058563718779 -0.0225230762787888
-0.340677726966565 -0.599383581939587 0.102506562826189 -0.00731598821719257
-0.273130023650461 -0.711000198821494 0.0811030719442329 -0.0346250852083933
-0.353917355179864 -0.700026588581615 -0.0508967431862706 -0.0687503506674538
-0.467835143740912 -0.569131199512977 0.135103569065395 -0.258611444022218
-0.560580915793669 -0.378688308895589 -0.11582762878118 -0.468291959575397
-0.554255964599475 -0.230360999092623 -0.339799225375043 -0.165818316260361
-0.646052763783415 -0.0959928523617031 -0.233448478827706 0.15405325744745
-0.663469602818964 0.115113438012306 -0.0494139513439257 0.180967001724885
-0.602551683129117 0.309143773548938 0.0789189303199737 0.112311618219655
-0.57328812461174 0.335903685582263 0.0932606466284565 0.0771890358490645
-0.559748753222842 0.384457542258846 0.0952622468637814 0.029660692229692
-0.692183437718337 0.279881166479053 0.139697284725624 -0.016948261281584
-0.71306622690515 0.0359011688684501 0.186153778560925 -0.0363195967879478
-0.656796620583666 -0.203693634533758 0.174754519763187 -0.00104539668403183
-0.542064063802047 -0.329659130915217 0.210128123278079 0.011029088045323
-0.417592696363473 -0.509517297554272 0.220669107398952 0.148540271132833
-0.380717259771599 -0.708249634557789 0.153474835109527 0.224505741605927
-0.323894501522485 -0.640998267798157 -0.00116755346314945 0.182735293000956
-0.385956193374684 -0.514787737518828 0.145690480622848 -0.0904604706070004
-0.440459462024183 -0.403134628953958 -0.105510335940423 -0.3273223986927
-0.489451530470317 -0.343097825280673 -0.311543749472022 -0.137180167795485
-0.653361455014063 -0.179590927482488 -0.34023116470908 0.0980074312567033
-0.689272623056174 0.0738006132356923 -0.265291479872881 0.189290989734971
-0.614846895652518 0.272728646697214 -0.17954475322959 0.199590735750387
-0.56384260231999 0.293269854244465 -0.138271051044985 0.221435162804576
-0.528035848208813 0.307108956513033 -0.12603518170382 0.173420199149365
-0.604247826996566 0.191269575889594 -0.0705709044241498 0.0767476350944902
-0.565734057140415 -0.0270607609191853 0.0106554269182006 -0.0277646844356101
-0.451104197188461 -0.179313841476815 0.134746712411995 -0.0316687274611324
-0.412438017583139 -0.185253911719708 0.28376977370723 0.0577089076081038
-0.420288699917468 -0.346431527583772 0.321133913990521 0.280899838834779
-0.420936975021212 -0.610229396390526 0.236329975008643 0.433498883287891
-0.265509287436766 -0.473861896657924 -0.000814489319110076 0.413894703781769
-0.251091966847238 -0.349710034950762 0.106641531094135 0.112500498564272
-0.25329036338348 -0.33146581096681 -0.0774290530922987 -0.149677259969423
-0.332929540266681 -0.358484490734908 -0.270993765501257 -0.124397757509408
-0.533383119814364 -0.209302073542972 -0.459172203259954 0.0243553907775858
-0.584440521471934 0.0312207427840983 -0.486531736562347 0.192170566083289
-0.524710481209618 0.197437340058897 -0.423567337978758 0.279220570676593
-0.467981323306327 0.207357247298102 -0.348390290556247 0.331790724301466
-0.426529743188658 0.186771646344857 -0.315936785769944 0.261747379891951
-0.435181710357407 0.0675144173670747 -0.235963066274838 0.107445102681991
-0.338829373456609 -0.0925131737338303 -0.0940327280608838 -0.063693361503762
-0.199705988446238 -0.123163537743037 0.154189666238844 -0.0519500757587993
-0.252644619183795 -0.0329451526722534 0.343166479023733 0.136748173852409
-0.368178067782927 -0.17566267892659 0.355516210794928 0.380403388438527
-0.390916643249684 -0.449149645003271 0.307968983789215 0.572802106920434
-0.188564305594417 -0.221926802136014 -0.0276115594649193 0.575764417219227
-0.12213876111414 -0.106402707445258 0.0628026503123007 0.282599351195559
-0.0662945428710854 -0.154366745355241 -0.0462072366920063 -0.00737202641013525
-0.124176062029961 -0.24912214519791 -0.248620520483209 -0.125869057755201
-0.298353015204376 -0.169062433967352 -0.56234013276285 -0.0242577322173572
-0.360008888508492 -0.0102497160798658 -0.652306253169417 0.206377957257178
-0.339200828567801 0.0852775192308583 -0.600160356320697 0.339984454465781
-0.302744691932202 0.0892879420859252 -0.501221633387683 0.392976266753976
-0.271697240075128 0.0504392173528529 -0.452685645641265 0.286216208548179
-0.229591727917673 -0.0402986879002839 -0.332441075818804 0.0776793212341951
-0.112167547393806 -0.112440295228356 -0.114627803229523 -0.120984265997401
7.34350760384275E-05 -0.043992823129417 0.21194061691356 -0.0340914249004822
-0.117980716199913 0.0771671803665951 0.351493639266653 0.242889517734958
-0.275773504810334 -0.0377086295212864 0.317421320619506 0.434355269593497
-0.295603927527666 -0.249004970031856 0.356833406838954 0.636848885504531
0.0828339331164404 -0.0635261526737187 -0.413337800700136 -0.532746179886926
0.0893567950912575 -0.116459705711319 -0.262169135307724 -0.396319025072619
-0.0552971467526463 -0.124585142862373 -0.299500986233683 -0.316592600086639
-0.142474212085905 0.00384219865451923 -0.328575141329282 -0.00609059429627262
-0.0662615460753147 0.105530982086086 0.0411444704444982 0.180029434360085
0.0217951393439 0.0936759660229696 0.359334135305111 0.0151525798036552
0.0693593154469678 0.0736715918313242 0.511164174109717 -0.241947917918191
0.0852100390725757 0.049221140526453 0.556441210024246 -0.417193087452174
0.0870307682438121 0.0542678330068876 0.627161967537486 -0.44286829298586
0.0533855238473159 0.0809586013825642 0.670889356029503 -0.317412096629322
0.00595811926174447 0.111336679258171 0.614649207949361 -0.0963462431051875
-0.126533926734512 0.103202830758443 0.357635050753052 0.0514311592449176
-0.146359388370392 -0.0542449566970267 0.0893131640335916 -0.082338761305903
0.0368214369846536 -0.126955388545669 -0.029599448609435 -0.295315282772065
0.106806229823385 -0.0644011551396794 0.0481529318099057 -0.616200931771303
-0.0916816809016877 -0.258370716283097 -0.365063164903853 -0.516280260096266
-0.103284590032076 -0.217708206660623 -0.175519132300735 -0.387346862472908
-0.218126060580436 -0.143334919991261 -0.224991253451894 -0.398869075646372
-0.25540135766832 -0.00677932338121497 -0.332456349041764 -0.090209991361044
-0.219210920454761 0.0948076784696842 -0.018573322292915 0.173859113882628
-0.159682825336116 0.144638015851625 0.315485485335271 0.066788016159312
-0.121780965597301 0.189337326221453 0.510469401362074 -0.182593360913884
-0.126034494883747 0.180495640270545 0.55003648087295 -0.362669999762124
-0.145758022606054 0.20526984152783 0.59607997942276 -0.410364992568547
-0.243266333543423 0.16891506803773 0.647133497762406 -0.311895769649833
-0.295606071174784 0.0745164376730483 0.614353955819363 -0.107977901765574
-0.37598586630448 -0.0574051995484937 0.348870067254516 0.0531268658841222
-0.312575756697354 -0.251376619714471 0.0788771801911531 -0.0788199914006863
-0.0854967335213696 -0.373620534920148 -0.033487355966207 -0.25969070856322
-0.0177385321965053 -0.349220193847299 0.0233691078719441 -0.498508442672054
-0.249006484755001 -0.449834083571619 -0.278773079081771 -0.434382020607331
-0.307984972488002 -0.346661254964061 -0.072241353974779 -0.377982748872318
-0.403552358874155 -0.178499234697383 -0.174914576027721 -0.462430946383103
-0.382132929813655 -0.0159634843235226 -0.332124702150174 -0.14050950520486
-0.366987705496077 0.0762826147516235 -0.0696902698990966 0.172146575325402
-0.338029566328665 0.171572006208455 0.241249669599821 0.110545160979593
-0.306728884612533 0.276115678663119 0.437628861753818 -0.100705266791239
-0.316900234876276 0.287311656165709 0.459496782452586 -0.254097530120546
-0.337825063750072 0.335065492753033 0.476404364857233 -0.312547688171487
-0.482114496211696 0.2683700615931 0.521697164908203 -0.264466089022237
-0.549500438347205 0.0862697220478816 0.525489606768385 -0.118858272770539
-0.599012502368117 -0.14100142510691 0.311501993390616 0.0336697382294628
-0.477830481302771 -0.361458584768785 0.0952319402568649 -0.0584767655657243
-0.234752158647648 -0.528588599480817 0.00280630487437198 -0.152619119734072
-0.167359892169083 -0.560693237660918 0.0289111930966747 -0.28987066169328
-0.356248234432917 -0.592201272608376 -0.164295228141297 -0.278782615688554
-0.456564840405415 -0.460761132103925 0.035577769252144 -0.347898347880354
-0.545065262958369 -0.242447793738078 -0.15651597000464 -0.491940832523596
-0.496242841571233 -0.0699935339712576 -0.342117863906684 -0.153778270226894
-0.514368981044766 0.0334626305230845 -0.128499579804098 0.175928993770646
-0.504695179206505 0.177585930475207 0.129997026442358 0.149377735140789
-0.462132365279377 0.328380339720626 0.295530078385773 -0.00424427066905922
-0.457364842669511 0.35297081479016 0.298044489572201 -0.10270792847627
-0.463859240372931 0.408493839395742 0.299696939864527 -0.156777087000779
-0.620183675820101 0.332335651142407 0.33891788016709 -0.161651908595667
-0.689799252423577 0.110770631017524 0.36474619474291 -0.0976672563524638
-0.706997319728446 -0.156041274636442 0.242294315553615 0.0119716682875896
-0.572972182356968 -0.359501573623612 0.136897807920145 -0.0336182893166965
-0.367800995398038 -0.551417845806511 0.0950714075553783 -0.0137604920907838
-0.31364584805643 -0.661208354766121 0.0797518085487763 -0.0380258870110321
-0.393601718735861 -0.647377384596078 -0.058224858528329 -0.0657102886615136
-0.494359314174427 -0.509984981747595 0.113506006931755 -0.26029476854643
-0.565753366752502 -0.311457795578869 -0.151686535193517 -0.445403615266677
-0.545729934090143 -0.178600106246547 -0.343538253972582 -0.136790349396767
-0.624212362539662 -0.0438392099294708 -0.209998186744242 0.16466327849653
-0.627635504534482 0.161040690432291 -0.032494532133749 0.181680009980726
-0.55951820654556 0.340417898059198 0.0878258105372648 0.0996529479599279
-0.528625533705225 0.367218176079238 0.0968538195384663 0.0645619007457773
-0.512345777393129 0.409149592662317 0.0981787521075592 0.0208952531900658
-0.645420895862623 0.32218797494924 0.132888808319659 -0.0285339441678861
-0.68357170473589 0.0862159281584225 0.174251658733715 -0.052878244994222
-0.648317973835501 -0.150780564059552 0.167916353155892 -0.00986778442016121
-0.540868184352446 -0.27110771242219 0.200698941218375 -0.00783874175530218
-0.434281104181556 -0.456372221804878 0.219601666950369 0.125151241782113
-0.419117371498617 -0.648752153482342 0.167455833214778 0.206444632958163
-0.364283481920433 -0.593572001928448 0.00817546077177428 0.174392343733409
-0.412726952418594 -0.462241003423876 0.133813962455515 -0.100087581335423
-0.451803154693083 -0.346017658559672 -0.131006707333728 -0.310874157791113
-0.494005285232391 -0.292629612744908 -0.313328945474298 -0.111790694402198
-0.639304105944962 -0.125324632660248 -0.316232416078152 0.119388403207408
-0.654734348131335 0.121848837138188 -0.239408713775699 0.204503926806788
-0.576058752437881 0.307290000037406 -0.154798251733049 0.204802055557017
-0.521680436446659 0.324546572621686 -0.115605701142875 0.22119018845497
-0.488460163751521 0.333932456598808 -0.102977562895546 0.175532452886092
-0.565904695156031 0.226861346667706 -0.0636856828856353 0.0785917521084691
-0.544467259315246 0.0129902297267576 0.00477539352701617 -0.0310486140428471
-0.446012937021964 -0.142022515839116 0.126855221872282 -0.037709218665176
-0.405414301184645 -0.139996779778194 0.276633902537863 0.0314826695650667
-0.425911996036738 -0.29764807750919 0.325750482230903 0.244013655534477
-0.451421916551497 -0.55322391167971 0.261806515667158 0.402481450088756
-0.296225417931233 -0.436627430400037 0.0250831935405802 0.399230836694186
-0.269706216151038 -0.313891075476821 0.109194389522996 0.100025272902431
-0.266201084857352 -0.292401197314114 -0.0897186683321565 -0.141229047399952
-0.346255751745378 -0.322164208603635 -0.27127008512844 -0.102064037395723
-0.526041818868228 -0.163464248447998 -0.437276338994838 0.0572889588866729
-0.560057570322368 0.0742657364304874 -0.452707461397846 0.223211323127216
-0.494637594688899 0.228891493112343 -0.38602447711797 0.299922434514105
-0.437549791546732 0.232743569923581 -0.308142592508354 0.345312571247598
-0.399619891514688 0.210234546545248 -0.281059807630538 0.276078781251081
-0.41411261806402 0.0947816535053284 -0.220551082572616 0.121193685321618
-0.330997618781803 -0.0664714001242463 -0.0987471776341554 -0.057034451614021
-0.196917285886775 -0.104578227538247 0.145011236538842 -0.0619395982618443
-0.240627843797812 -0.00518122991423776 0.341163138444289 0.102321031424702
-0.365536880229012 -0.136657153438957 0.366619312972039 0.336469622637058
-0.410047469303324 -0.402391558114465 0.340293202284717 0.530863100891958
-0.203324204774185 -0.199479691725393 0.0121508569447695 0.558259030600488
-0.125784447415277 -0.0898757834593849 0.0781647566576638 0.267052029948502
-0.0725246660794116 -0.1375224628904 -0.0478714997268064 -0.0072541445800291
-0.13614914141059 -0.231879108118029 -0.250921960391777 -0.105266966182112
-0.298814032871402 -0.142645675995547 -0.540746121083476 0.0186250431060334
-0.347134794719059 0.0181321998179076 -0.611839222503428 0.251056055345875
-0.322690378153356 0.108040830038875 -0.551976850238565 0.373867188762261
-0.285831930969405 0.10682245455015 -0.453750321334042 0.415195426339387
-0.258950366678043 0.0671730769383969 -0.41344852432075 0.309316578108628
-0.222471972419802 -0.0242409403198308 -0.316170425213055 0.0998071749849762
-0.114048831874355 -0.102886407311681 -0.121722793795734 -0.110106833887137
0.00159115082057672 -0.0407637018637683 0.204139747798235 -0.0508209116611402
-0.105207773798388 0.0893168924430934 0.358699559897035 0.206412146795183
-0.269031061116474 -0.0120938277337716 0.332416844970924 0.390953016483556
-0.303948997792746 -0.217653597059368 0.392372755869199 0.587672051738012
0.0790554520362099 -0.0619379597558496 -0.417393382147239 -0.496508888050312
0.0839110951568042 -0.118404933348651 -0.260872863416334 -0.369742501384735
-0.0577889870296556 -0.120332543283528 -0.297906094848717 -0.290754655337146
-0.139057216221303 0.00908950882023722 -0.318190812277378 0.0102811685588556
-0.0601572720481913 0.10543845521461 0.0415290064274596 0.171910865696655
0.0252252457068503 0.0890755422737904 0.343266476780414 0.00169642759005489
0.0712670066330827 0.0686553036505736 0.480573950716253 -0.252024444360001
0.0851848601500992 0.0452648709990574 0.516845399470059 -0.420516599114498
0.0857961534992447 0.0497601292097292 0.582173583570161 -0.447327110044217
0.0546140795010481 0.0778174369432298 0.632627130603964 -0.329737957508253
0.00957760915000771 0.107389798333566 0.58697086368027 -0.11500936059198
-0.119332117294575 0.105313034263099 0.345235788299624 0.0373537202055258
-0.142771199159795 -0.0459233474878354 0.0787780052821758 -0.080920546290033
0.031052324481085 -0.12893980895685 -0.0380264357083246 -0.277464312603559
0.098589884742427 -0.0670137545148558 0.0266124715040928 -0.590823482710233
-0.0966793865721209 -0.241101988651123 -0.370611276388396 -0.484640021056218
-0.105390634005636 -0.205221426328891 -0.176621415162064 -0.363607414671358
-0.2131670578003 -0.127999717882206 -0.230881593057364 -0.371827130943038
-0.244879708223587 0.00434290568513138 -0.324767690489517 -0.072774421334482
-0.205297401242211 0.100854380358216 -0.0144432929654382 0.167513939909171
-0.1459393163626 0.144200277667084 0.303456133221797 0.0545411639111004
-0.108026404324259 0.186291302192417 0.483488735030949 -0.195299875566836
-0.11327302739339 0.178950140623593 0.512858484576564 -0.370325547490648
-0.131564449383675 0.202208478532548 0.555000956950044 -0.416771200725066
-0.225982160900999 0.173018724759034 0.607518598628702 -0.325927931966627
-0.280767443995352 0.0840242695661108 0.586378342792212 -0.129610554220409
-0.365165929144682 -0.0409503209260344 0.337790159647251 0.0394582979434119
-0.308022842650292 -0.22724878980258 0.068330304691783 -0.0780634381906245
-0.0942529205055837 -0.359549381978417 -0.0406873600323459 -0.244304669763336
-0.0300563585304756 -0.333944053215372 0.00772023445599634 -0.477065760872376
-0.255415497003306 -0.418674215193527 -0.284231863492232 -0.409129513754682
-0.308204210646203 -0.319001595727114 -0.0777036932333929 -0.359386726056859
-0.391625723448832 -0.15231100779349 -0.185960164997294 -0.435009112124059
-0.363483979339841 0.00177826554309422 -0.327255216424819 -0.122887975316205
-0.345350224107172 0.0886008635846752 -0.0623938198487954 0.167031154914832
-0.314456402112751 0.176664256837096 0.234389520128957 0.10016035728789
-0.283149606561614 0.276219851819065 0.418257504898908 -0.11516268671324
-0.29336991551198 0.288252311033394 0.429554546016398 -0.261694961661698
-0.312070069543384 0.333855916549504 0.445694741459705 -0.317696633106842
-0.452059498998237 0.277473969272405 0.490799992431585 -0.276023635364635
-0.522837331497237 0.104264126549053 0.497527567825339 -0.138308967247801
-0.579994463237976 -0.113750840815566 0.300180928329418 0.0234661917219951
-0.468233720694958 -0.326378557082815 0.0854472652198774 -0.0599222389946246
-0.241764700330762 -0.499672833400861 -0.0032401480167028 -0.143751511767396
-0.181124232889303 -0.527545193135534 0.0213832368778528 -0.27781891662171
-0.363855175975655 -0.55353181748544 -0.170294832234293 -0.264063832856019
-0.456477319988954 -0.420957967412475 0.0248835843525478 -0.335400166497588
-0.527809243886475 -0.203231586438169 -0.171646470187554 -0.465397821308496
-0.474063988348985 -0.0441660311583416 -0.337277692894312 -0.135115137390155
-0.485830384549523 0.0531358694237329 -0.115906166276055 0.173346124910525
-0.472784543378861 0.18807310004249 0.130857347139045 0.141765795436979
-0.431018343896943 0.331418490465474 0.285436051729759 -0.0189471300461508
-0.42555049875452 0.356556897827338 0.282152121064355 -0.111785970342036
-0.429983310064274 0.409181838980296 0.283626768061419 -0.163530522785389
-0.58240007048634 0.343428330050271 0.317824748099374 -0.168476813724452
-0.655695634186673 0.131879468728359 0.342300202454452 -0.111803661224918
-0.684509805593338 -0.125027828796471 0.232039220992855 0.00582413723440148
-0.556638641932306 -0.319876073151015 0.126145310946937 -0.0389156862767175
-0.368435895937909 -0.514457212063547 0.0885789063545297 -0.0150248598984905
-0.323768960106301 -0.616947020149942 0.0797731420503058 -0.0382890861034082
-0.40325924116297 -0.603833506060603 -0.0618581524198188 -0.0627954436325225
-0.493136673429636 -0.465640836627751 0.100653350798731 -0.255579882499445
-0.550334694086751 -0.268475986471592 -0.167654088185092 -0.42180423707237
-0.52489075997652 -0.148854293083869 -0.337862548981901 -0.118984304417653
-0.595073690510241 -0.0178539220208039 -0.192206560598123 0.164421529649971
-0.58929388393544 0.176138083505709 -0.0222994066413335 0.17822346899016
-0.525516752168035 0.347340051433944 0.0905153168174533 0.0889697886007681
-0.494391793290721 0.371743075409712 0.0953607678336973 0.0561530285232876
-0.477268053453037 0.410589133857014 0.0980345789751954 0.0141171772000426
-0.606159283482957 0.332282091065149 0.124669696055731 -0.032788077123762
-0.651627176316742 0.108662238043567 0.161008570571221 -0.0609532725268042
-0.6252824888724 -0.123136196684425 0.159496968985908 -0.012141214492873
-0.522016940042235 -0.235768025442151 0.18903553910201 -0.0168681973612145
-0.428595393627007 -0.418911370625458 0.211751174517184 0.111655823087027
-0.421069182915351 -0.602051621121995 0.171535171007909 0.192283417169192
-0.374666082755605 -0.554877493095949 0.00969787123885031 0.165366348870159
-0.412822232846848 -0.422548879642664 0.12402952683209 -0.101506332843531
-0.442217159074712 -0.30551310750122 -0.142779358661215 -0.293647541828385
-0.478214432343589 -0.260889590640564 -0.307329735407302 -0.0963382694462616
-0.613560835751006 -0.0961952620637356 -0.295574043591142 0.12572317483303
-0.619824643796748 0.140042558418823 -0.219431231893661 0.20690302964172
-0.541797630658601 0.316087133435688 -0.138613283435791 0.199939900195332
-0.489702180919002 0.332093763364281 -0.10230608774866 0.213880050654373
-0.457634388214177 0.33537844868065 -0.0895453526053729 0.170969824008254
-0.535276227893629 0.238730438093641 -0.0592835167886188 0.077759873029124
-0.521095763675126 0.031354377144298 -0.000957029025700652 -0.0321899313708595
-0.429501412831885 -0.120811384433791 0.119498892185728 -0.0398608388532569
-0.385675578801868 -0.113033558735097 0.263704427946507 0.0169184905883619
-0.415658542770599 -0.266170904817453 0.317001091150607 0.220272522868757
-0.450643751492908 -0.508985652177951 0.268436136050887 0.376994344572016
-0.30388935979376 -0.406507649952727 0.0344668772942671 0.381127535810581
-0.269994211806194 -0.286483567260669 0.106848663472466 0.0914341809703413
-0.260537159605766 -0.26159062093333 -0.095775259404988 -0.133476264599866
-0.3392018523067 -0.295166829174883 -0.266351329108656 -0.0895107628614038
-0.50849304187049 -0.13908430591389 -0.41344672080558 0.0703205751622982
-0.531330361376526 0.0916067839305334 -0.422501978453029 0.232919203645257
-0.466983496020044 0.238206991938665 -0.355951508078701 0.301734234878065
-0.412470038329956 0.240148180442141 -0.282062968706954 0.339734009831014
-0.37589454040675 0.214067697313969 -0.256232091649339 0.273631369766324
-0.392325279235286 0.10477568059448 -0.208003980858969 0.124264295789838
-0.317855700917892 -0.0542676648631438 -0.100832495132073 -0.0530293898138196
-0.188164158866348 -0.0938353460943691 0.137023716826994 -0.0650481628391007
-0.224847941314091 0.0106945692860833 0.331621527520236 0.082717930938043
-0.354479346427537 -0.112994245190743 0.359779977513975 0.306217524676289
-0.409700328245393 -0.368075033619723 0.347202564521226 0.498835032426286
-0.206747213969044 -0.182701040541362 0.0294291243216828 0.535631762370779
-0.124141901075461 -0.0780968031716403 0.082326098634524 0.253148375262353
-0.0706280147661405 -0.123437482561123 -0.0491007472936931 -0.00672821881470087
-0.137281006112687 -0.218032484061602 -0.245546267530382 -0.0933877895343356
-0.291348029330553 -0.128570292302058 -0.516638390768813 0.038236993786912
-0.33065240986429 0.0304150090386798 -0.57705665969967 0.264915894394073
-0.307586650223559 0.116523153821858 -0.513821989732888 0.380241748061591
-0.271627259543789 0.112780390158573 -0.417668600031416 0.414689685806722
-0.246975335810348 0.0729683402302205 -0.381532426246856 0.31010264133963
-0.213025323138557 -0.0175914486624536 -0.299928671709937 0.107878723722778
-0.111392166613772 -0.0964052706116906 -0.12302573019072 -0.10255622029792
0.00504279632032537 -0.0383016345655329 0.195287955029222 -0.0582194755127399
-0.0947129732942362 0.0954359691007356 0.352883381250703 0.182244835915998
-0.259315660643201 0.00228794809326044 0.328226375498662 0.360101508357973
-0.300734965343708 -0.19651379254671 0.397452025509752 0.550127769748862
0.078544865081039 -0.0600401763097546 -0.4153768163014 -0.48195805846239
0.0826161947078744 -0.120086467305976 -0.256525029973548 -0.358391636293126
-0.0584530433329578 -0.119920736787543 -0.294008754391097 -0.278339997741782
-0.138393090332774 0.0111053147457668 -0.313042826868037 0.0164836993387865
-0.0578569636325784 0.106192555566 0.0398218789952805 0.169550670341561
0.0260793113966419 0.0866092527415058 0.334586253256488 -0.000578315097514041
0.0724699033342852 0.0665632945225815 0.466238185534392 -0.253320657132475
0.0862570314598304 0.0443716053569154 0.498213445122471 -0.41905321269
0.0855716514130406 0.0486401053174237 0.562459494832794 -0.448594931215014
0.0561326321916416 0.0777354976963107 0.614495159644271 -0.334954559597976
0.010621879953737 0.105800631110776 0.57482181885578 -0.120620799985256
-0.117467728200544 0.106171242660485 0.339735294764951 0.0323463536424615
-0.140764997469953 -0.0432427086244874 0.0719926620027662 -0.0780790434151195
0.0282996642068648 -0.131997582617996 -0.0393492666257078 -0.266827097530539
0.0946148537511459 -0.0676528193824856 0.0211132836593117 -0.579048558389518
-0.0962148427056842 -0.232738220131185 -0.370039177988492 -0.47148747974772
-0.104757487209342 -0.199804457747985 -0.173686163453016 -0.353278582428792
-0.209337722646016 -0.12204586767111 -0.230639950530143 -0.359230136143972
-0.239293025362269 0.00884837820424964 -0.321484039124549 -0.0650004323636472
-0.197530218923834 0.10378008920293 -0.0155207683710151 0.164811679677262
-0.139450753854933 0.141813523278003 0.296771126207466 0.0520092008915331
-0.102648495929298 0.18417642578242 0.471394138637276 -0.200379166038924
-0.107147154287803 0.178197258444595 0.495923513594459 -0.36917450530451
-0.125578161134392 0.201285828540104 0.538523856074977 -0.416837989592469
-0.218551034971718 0.175079164714578 0.588850695571899 -0.328922519943043
-0.273681337041869 0.0870812101576785 0.570974455162969 -0.137337621566856
-0.359556691973373 -0.0343198183333696 0.332273205438194 0.0356663046228461
-0.302472114863114 -0.216942341791179 0.0614420458242132 -0.0755053938704577
-0.0956661974577027 -0.355413697608439 -0.0422973995368887 -0.233870324701896
-0.0337373680923325 -0.325600987373066 0.00520479613667734 -0.46657129354897
-0.254194311168433 -0.404873679181313 -0.28483582184866 -0.398739674397285
-0.304664519220944 -0.306161673425821 -0.0773394612247401 -0.350684636315552
-0.38406880045443 -0.139479011411792 -0.188757102962298 -0.42166996072313
-0.353051917304594 0.00935272906201332 -0.32458327684223 -0.114775570439391
-0.333584034984128 0.0938796744526478 -0.0607434630927989 0.164296089612028
-0.302489062117026 0.174786744845525 0.2311686380909 0.0990617125823346
-0.273029078060976 0.272551256957657 0.408232517582225 -0.120629435901145
-0.283043439612818 0.287208529427549 0.415897058885254 -0.26369936878176
-0.300628492618346 0.330642266671262 0.43198136234555 -0.319673855320177
-0.438551240435975 0.279707475721373 0.476076462964502 -0.277297424814679
-0.509965139686577 0.11094778136856 0.483079820421681 -0.146153140459874
-0.572269496377344 -0.103196094471996 0.29474530077411 0.0219923229129919
-0.45981708263509 -0.311055539229146 0.0781048123174117 -0.0589451751969879
-0.240290799443386 -0.490079449416738 -0.00579390626739087 -0.137914805049859
-0.182880482667696 -0.513185146241339 0.0219957614979454 -0.271741573755004
-0.362865604247761 -0.534275670392944 -0.172712456017248 -0.258450301339255
-0.45090688110908 -0.404237122307737 0.0225829098481686 -0.329521627009341
-0.517643623163694 -0.184288556962345 -0.177151430201869 -0.452360207806512
-0.459675744505729 -0.0343316904396454 -0.335378859823216 -0.127637622794247
-0.470327715910369 0.0610606896210338 -0.111161543812724 0.17059841450479
-0.456894405334086 0.189334146998637 0.130884976340555 0.140504652200094
-0.417381819138083 0.330153837362128 0.280490940095116 -0.0252779380694914
-0.412941238563235 0.356245789050858 0.273470775333441 -0.114432170396185
-0.415990561336838 0.406306674354244 0.27623486252569 -0.166184329381309
-0.565665100955755 0.345580231856679 0.307902168657161 -0.169797825679475
-0.640260651578139 0.138893896830878 0.330212058628895 -0.116953197088149
-0.672334783087342 -0.115561874604104 0.227033202306788 0.00651103924563925
-0.543684562983763 -0.302265392262391 0.118530860859177 -0.040404202514116
-0.364455361694708 -0.501709109265563 0.0841113997999763 -0.0134869117146656
-0.322496716640241 -0.596874802725653 0.081764535275765 -0.0380922612636817
-0.404443211691356 -0.585242568123096 -0.0649576848321056 -0.0627052231598266
-0.487846506374029 -0.444381342997617 0.0960999925549594 -0.252101226543273
-0.537700683868571 -0.245293366565125 -0.173783840293317 -0.410118452192528
-0.509834652047569 -0.135884838005361 -0.336002010004033 -0.110961310109184
-0.577630577573173 -0.0101172576098309 -0.183587434504455 0.162403902705374
-0.571684357166108 0.178754288429509 -0.0172211570623484 0.177065276823434
-0.511871778620475 0.346279277960702 0.0917203467655499 0.083214889254353
-0.481106341740088 0.370239756791515 0.0938287012510023 0.0522117883938999
-0.46484484374535 0.406777599742704 0.0977206274778363 0.00971696180992571
-0.589449613895686 0.333326714158827 0.120608948492224 -0.0341524753429703
-0.635074657839176 0.115087129294159 0.152128530568179 -0.0647447221413789
-0.613391485018531 -0.1127842962543 0.155858968334696 -0.0106591164967042
-0.50661951449778 -0.218405845607719 0.180295333968449 -0.0210512356922083
-0.420527279172616 -0.404108206961222 0.205072498297608 0.106997004179315
-0.417948772141937 -0.581055832501684 0.174068660901185 0.186624323280383
-0.377907352455775 -0.536958096447267 0.00816654231466057 0.161075694786679
-0.408097328394827 -0.403997586716068 0.119413688469451 -0.10183132548164
-0.4321189341664 -0.28278772975026 -0.148525246142914 -0.285189665595417
-0.467206116363819 -0.248350565225272 -0.305034744965723 -0.0895000152137841
-0.598604252491494 -0.0884752357627295 -0.284185820898767 0.124532264857749
-0.603243509418228 0.145215723298379 -0.209572755608546 0.206271911045401
-0.52990249092031 0.317312096540177 -0.131065964149346 0.195333051942868
-0.476267151246761 0.330645454742485 -0.0975044595305772 0.209170336748639
-0.44558008834259 0.334973862354439 -0.082996029589114 0.165468285351341
-0.520589995069072 0.239029735755282 -0.0580458010559497 0.0765587706484046
-0.508911573658065 0.0359506546148063 -0.0060348236789768 -0.0339535764167
-0.418415558296552 -0.115288467466627 0.115745534216704 -0.0388388840743844
-0.370803857143735 -0.100084360494051 0.255715980063556 0.0103822979454133
-0.407005332180588 -0.251628352827877 0.309171491865141 0.211034343104136
-0.448113124550429 -0.489394535693795 0.271185122986741 0.367538282476493
-0.306963079368098 -0.392420297110508 0.0366282705943282 0.373505516919221
-0.268493907181863 -0.272488725627619 0.103990685681634 0.0882594246022106
-0.254132031859439 -0.244628016601762 -0.100023665815023 -0.129013341963773
-0.332652772280734 -0.285754458646591 -0.263865427745506 -0.0835166731691948
-0.497248386556953 -0.132304267069356 -0.399733701365751 0.0729307990478006
-0.517244987278135 0.0953644566367456 -0.407333146866031 0.23510999455304
-0.456253149760613 0.240867099546763 -0.343156229968703 0.299656358248576
-0.401389684600556 0.241739630055051 -0.270346926631675 0.335632944142214
-0.367370301718815 0.213385484997998 -0.244923114434847 0.268676141261995
-0.382594400213607 0.105625776524121 -0.202637004220723 0.125131175025661
-0.310849101355195 -0.0511333139493862 -0.103183199703042 -0.0515271175148459
-0.180536150185938 -0.0898096791805784 0.133365492853379 -0.0665486887997424
-0.213510851154919 0.0196248597935191 0.324117565779674 0.0736779183263624
-0.347456517147294 -0.10180524290352 0.351517554513204 0.293331229750375
-0.406474435414523 -0.353374280484783 0.349593374875884 0.485962845465962
-0.208927044602592 -0.174404465884442 0.0346404898154397 0.526149172058318
-0.122196741186856 -0.0713003073795427 0.0815460909138916 0.246582262600026
-0.0658883021159604 -0.114670458292961 -0.050913639660871 -0.00669621376609849
-0.134742185056446 -0.21255006011008 -0.242656562180556 -0.0894687848279964
-0.287862958245187 -0.124259046011887 -0.502580681624788 0.0441005169591218
-0.322742710511066 0.0342817195309631 -0.556903811623878 0.267714607220442
-0.301500731577001 0.120684221472177 -0.496648761803158 0.382543524465282
-0.26594137657748 0.11459898211785 -0.402530193457671 0.410820284537702
-0.242420300362949 0.0737244080650245 -0.368325031840963 0.30686452235405
-0.208376196979763 -0.0162525336318523 -0.2922360555065 0.109347918251059
-0.10851101416072 -0.0940944002409467 -0.123878063833855 -0.100011234690206
0.00944679987592264 -0.0369341816422804 0.192070050365677 -0.0614889983427776
-0.088279359456755 0.100141634748405 0.349210259532085 0.171079508732019
-0.254869555537636 0.00873803947855993 0.320988670818802 0.34662289054611
-0.299031925158723 -0.186476483763865 0.399179462039833 0.535730965668
0.0489493250295781 -0.0756893280780133 -0.588910154052081 -0.266519158685669
0.025565134541726 -0.138559540588889 -0.389603451090363 -0.217343650788291
-0.104150892215261 -0.0815002816932526 -0.391523726625611 -0.120216759024618
-0.116952565077837 0.0722256229117378 -0.281543240525558 0.162754810858967
-0.00554497317150612 0.118620893286357 0.113201126511749 0.143795290313408
0.058518605189445 0.0651087676800852 0.304836065314474 -0.14688962463424
0.0962889517674503 0.0292161428176826 0.313045740218384 -0.436288717273177
0.0977928955366849 0.00544458058100321 0.262599253456202 -0.600806166569096
0.103969741505387 0.00787787827875956 0.306935059722659 -0.657241324401464
0.0873802752473462 0.045197623290275 0.403549339097603 -0.574348930938194
0.0571505111451616 0.0924717203962014 0.460677313713872 -0.361478353201278
-0.055085910180794 0.149287664425917 0.311154327092502 -0.123229973009591
-0.148835660360989 0.0195856426074436 0.028494117083527 -0.102859439435065
-0.0348260943765248 -0.141235720660219 -0.139320789895252 -0.221598940363715
0.0542150030533128 -0.111203291142382 -0.225662819012079 -0.530498640408006
-0.180836329809556 -0.162015790530971 -0.553162096240485 -0.273754587524036
-0.176011029641352 -0.131000755893499 -0.312847814706222 -0.244378372892143
-0.240423098795533 -0.0176549564223706 -0.371683514909824 -0.214643127993819
-0.204493100743179 0.112886333922509 -0.330330505362531 0.0957029712267693
-0.129409423163892 0.175279796340573 0.0580983432059293 0.168458314179622
-0.0666103300034268 0.185451991858961 0.293205816867806 -0.0765286757363556
-0.0131052816717399 0.209385841279377 0.337975829350872 -0.383796759919864
-0.0265509524280561 0.211810546521712 0.280427286056862 -0.555100960169746
-0.0259241229519851 0.237979856417065 0.294733102619015 -0.620658287514452
-0.1232026494815 0.253411977960623 0.377156058081761 -0.563690366384439
-0.214942501652326 0.198209331496964 0.446479507469933 -0.390050819421581
-0.336193055378683 0.128300333558479 0.305896584034013 -0.136412068455369
-0.371707374711457 -0.0707730815959133 0.0246628188969113 -0.104442679088863
-0.247052883922099 -0.290610517509358 -0.118101919040605 -0.196984583713006
-0.184276488829141 -0.289655361013089 -0.174217876434826 -0.428131952420262
-0.395323400990288 -0.256010100766743 -0.454496849109982 -0.242770457649167
-0.400424143878954 -0.143427209938258 -0.229577024491952 -0.279371603856302
-0.40339210693578 0.0417910980546257 -0.365397187111495 -0.278870894615189
-0.302270854394418 0.161122600069869 -0.359554197984467 0.0560345675151184
-0.253253711986233 0.222454578386403 0.0152699129335166 0.191465972911956
-0.198857749333955 0.284820368483344 0.2532535751559 -0.00071351976468729
-0.130625643952826 0.363261173346811 0.312665980279061 -0.279296871822304
-0.144625898302079 0.387730560234171 0.254138004272957 -0.4241006894484
-0.13361131489061 0.431451917176844 0.240431906951272 -0.486616163642722
-0.28130702083072 0.445305450648461 0.291154727155024 -0.468804765632
-0.423732115958623 0.322605855963814 0.358953991780582 -0.366899617541188
-0.55913292003827 0.157377030617572 0.263441393001105 -0.147288131456468
-0.554448943062462 -0.0894656911362611 0.0488391840270096 -0.104839548734394
-0.438307225719627 -0.347442448948098 -0.0378369475465321 -0.132542535771776
-0.408571173559806 -0.391123796662942 -0.0620891707655363 -0.263919254283633
-0.548664949953655 -0.333403416685228 -0.29846778682709 -0.161474935245758
-0.573218019733296 -0.168833791012983 -0.134292603708116 -0.300671724953993
-0.540712877241115 0.0566839742206941 -0.375040166220724 -0.305679644808491
-0.413534946851528 0.165630577320983 -0.380497603366679 0.051254539781595
-0.388483102964357 0.249851003941281 -0.02939441240243 0.221625534592299
-0.331800855415638 0.362241522456883 0.180820705094255 0.0844382380168103
-0.239132835170584 0.474398914862083 0.23469800478309 -0.131760207374601
-0.236837561674026 0.505273797832365 0.190583585212752 -0.22602677897669
-0.208458987004158 0.549903296125272 0.165744532020975 -0.279581973861117
-0.370032834536564 0.562149585891386 0.183904512863267 -0.298426934744154
-0.532029740125565 0.404521846684955 0.230110198757781 -0.278156676429036
-0.656773629388221 0.191545724904241 0.193056255085905 -0.138203118501484
-0.626101404334864 -0.0462053083151578 0.0914678003091687 -0.109523087522398
-0.552212835476495 -0.301041208287732 0.095312772647902 -0.0664048762005498
-0.576898521744556 -0.401697303816541 0.0998854258894555 -0.0833056940298182
-0.606848090756216 -0.36627604937009 -0.119157222470718 -0.0273587620055512
-0.624656358717236 -0.192561351535264 -0.0373551277028921 -0.261317853716816
-0.583309407579022 0.0112989691686336 -0.357266868164638 -0.26878471003094
-0.499294801776297 0.0967722833932008 -0.379449404308074 0.0649270446726337
-0.514473390889372 0.230521005121574 -0.101066476636914 0.249257436995981
-0.439166890572193 0.402986932140585 0.0605223291440796 0.184499782427157
-0.316492385987569 0.528587040319756 0.108496062175106 0.0533884361325474
-0.292209305149479 0.547893610200806 0.100985072639623 0.00472815863352961
-0.256116617645528 0.573084346827904 0.0834656058260726 -0.0408585580277423
-0.397131729817746 0.560921503160644 0.0752055034571409 -0.0915041965500674
-0.539238216906495 0.380780677483997 0.0930885210060528 -0.150859284212227
-0.601423048319762 0.165864421264426 0.122425358247874 -0.11867746852251
-0.55290304618233 0.016182108013316 0.152365503646354 -0.119053361668372
-0.558683969997586 -0.182779886294467 0.250533205392414 -0.0121890206455563
-0.657925685734115 -0.338428216293722 0.281109011635368 0.077159646575468
-0.561137670002124 -0.336933712550776 0.0463323461799703 0.146732013184965
-0.535516027207736 -0.19093768835303 0.0510650164853174 -0.136131873873628
-0.500466346547261 -0.0683530376395717 -0.280898318859484 -0.17244764891465
-0.510186672690971 -0.0220667908326993 -0.343857936936678 0.0652123619453006
-0.567258681829578 0.169362359578346 -0.211141178373269 0.258885631241407
-0.481287424684514 0.387714951573417 -0.100692158696304 0.295507766215444
-0.344658634018367 0.513168200110508 -0.0447358506756322 0.255162898698867
-0.304829725536789 0.508533571316508 -0.000456845829758774 0.233316426401407
-0.271330732705126 0.497477786802051 -0.00886558225515501 0.180728615745705
-0.374536828942523 0.444818977574351 -0.0328266333102432 0.0890713998062024
-0.456771155291373 0.251238638585455 -0.0309645352509073 -0.0480531425525242
-0.426002406716446 0.0776881689870541 0.0807055498243414 -0.115024016015633
-0.374968679713543 0.0700808281628807 0.231138980785728 -0.119625790895351
-0.477195695123019 -0.0460013669140744 0.379370746751484 0.0374151661013074
-0.643232370761039 -0.23816851425312 0.442285906204152 0.197848654589492
-0.437485268385181 -0.235556915381938 0.171799386088716 0.328252079904598
-0.352678856962206 -0.133110169143181 0.124188150457665 0.0403348141179262
-0.322152733245365 -0.110639218849999 -0.163378933809747 -0.0608985645111741
-0.407102406252359 -0.112256611002466 -0.29969038055891 0.04472403792174
-0.497153092963207 0.0906053793369213 -0.339083685539655 0.259657237770621
-0.422019655009448 0.308523790507521 -0.267218837261446 0.404917817478966
-0.311134090651159 0.41224050811265 -0.189834074899829 0.44124574022165
-0.272624685245449 0.39344965743114 -0.100499435245759 0.424419738909355
-0.251362592912295 0.355000291015257 -0.106564653198562 0.346763378985827
-0.305905161439273 0.260502426731062 -0.136381458881284 0.197907735522998
-0.311039579395687 0.0853483076108773 -0.119506984475721 -0.0137103272525338
-0.196891985101361 -0.00606616475700091 0.0909249011351665 -0.134007066821667
-0.176861216397845 0.115983830588101 0.319098539409521 -0.087154429745271
-0.357929792736781 0.068045315502246 0.445730691942664 0.0976423445060278
-0.540439957890959 -0.130062019498557 0.556882174994548 0.272377379080018
-0.257755049022912 -0.0781182433516165 0.247210123345582 0.469020558108312
-0.136590513193463 -0.0153172296293697 0.179411653599289 0.192312824945167
-0.0992233106768732 -0.074446026589861 -0.0567076124993757 0.019275598213357
-0.203974065928953 -0.131095328758245 -0.273025849264172 0.024858600141046
-0.305873270279791 0.011595683984472 -0.440853210483454 0.273531645689994
-0.272220198014623 0.171553878646406 -0.386891117790373 0.496601245050845
-0.222024767192385 0.238713928707991 -0.288170836302441 0.579145893229531
-0.198065290422043 0.217339822100339 -0.182575118287013 0.550382937002922
-0.195174702577936 0.171129233861073 -0.197277604482552 0.438314843286616
-0.199569281074131 0.0730993925634256 -0.217868063431047 0.224711980286725
-0.141528425819273 -0.0431475569337373 -0.155334448791779 -0.0406343830223888
-0.000873604881440598 -0.0407948866506886 0.150021333909098 -0.143032770271593
-0.0297974325902832 0.138015520844878 0.38375095657539 -0.00532788539921944
-0.226495901520427 0.129643605628875 0.434989216800293 0.163691638764871
-0.364087486270972 -0.0275709098134703 0.611859351784506 0.301970402063877
0.0489386458092475 -0.080072515185472 -0.617592882254677 -0.251249309979381
0.0208925607267794 -0.146054514120551 -0.40188986737514 -0.208645547134274
-0.112400977453562 -0.0812848504861026 -0.402816562483508 -0.109266404946793
-0.118300349670254 0.0798035359110271 -0.281514639426432 0.180608992980709
-4.49774429939283E-05 0.123273022894683 0.120084417965152 0.146430821367312
0.0622155795721266 0.06492864800515 0.306835152312389 -0.159405091892321
0.10190408120456 0.0255498906504642 0.303612664377387 -0.458596329587673
0.102912530036592 0.00118096959296716 0.245799660720164 -0.62202994715739
0.109229292103834 0.00432409907248749 0.286643935461464 -0.685065138749286
0.0929768360542506 0.0433785619133775 0.390230180561575 -0.603766678375373
0.0625278495174402 0.0927318327134943 0.458442166461642 -0.38946056098856
-0.0508683717797957 0.157669071717646 0.31393733884677 -0.138366310493823
-0.151942208014065 0.0248315525108105 0.0236582632159686 -0.100797430860703
-0.044227463413897 -0.146033362879031 -0.146399131982332 -0.219922520865494
0.0510357968702679 -0.114542938304917 -0.24851457326882 -0.534060090386188
-0.189790336781605 -0.158198483904266 -0.579818759736977 -0.262152512985985
-0.184140936853553 -0.128689841401439 -0.324844401703918 -0.239813927557734
-0.246004238265107 -0.00873625975222814 -0.383804738756419 -0.204656237262693
-0.20371090188113 0.12384298518814 -0.335499876316499 0.113493902646024
-0.122698018062248 0.184635641902814 0.0643108104460598 0.173394285953677
-0.0604351604020722 0.191389822589299 0.299147358805168 -0.0866358648963105
-0.00432545553868583 0.214813302237231 0.330598182784212 -0.407075129721168
-0.0171940710526605 0.217606883505385 0.263717366533144 -0.578010008490761
-0.0155564905469086 0.244161210223953 0.27647760065762 -0.646115358730135
-0.113751995974497 0.265681105667907 0.362387727456958 -0.591556614229349
-0.211083001066353 0.210934335848294 0.441409929611662 -0.416461518709161
-0.339527268420388 0.146245537097062 0.308788031419579 -0.149643582790415
-0.381143402543614 -0.0601031090273229 0.0187094805742708 -0.101467835831675
-0.26594763084478 -0.291218977050357 -0.12460038145367 -0.195009047278609
-0.198624558346651 -0.287266192315204 -0.191135172715939 -0.432401768522747
-0.413846208907364 -0.244676001658452 -0.477504045956762 -0.2332576936784
-0.414502238267013 -0.129595413019679 -0.241930030230629 -0.278277853199007
-0.407020173166482 0.0621126635768774 -0.381346880167875 -0.270667441054878
-0.29880860771611 0.176433744840006 -0.36724155809624 0.0730341498290437
-0.245166814463483 0.236933487179506 0.0217697967349091 0.196595195142134
-0.191045905759566 0.296687829763407 0.26238371893091 -0.00750914078055949
-0.118519198672473 0.375802526138237 0.307284378708872 -0.299684185701806
-0.131933308219956 0.402636769094521 0.242722296780345 -0.443820684635156
-0.118642413673207 0.446605514642535 0.224908575930811 -0.508746422320517
-0.267692416093629 0.469475869323361 0.279391012084005 -0.491080605908636
-0.420349209285568 0.346072220117451 0.349661554578945 -0.388855552617335
-0.567320364033717 0.183916288788813 0.26559868495079 -0.158949618476589
-0.566321192757634 -0.0728397695750377 0.0417443407779333 -0.1033869105069
-0.462735988058866 -0.341475301201941 -0.041973846206747 -0.133035771468406
-0.429563987952873 -0.382705178607216 -0.0704782520260646 -0.269167907327387
-0.572626755030095 -0.316866263370151 -0.315264192541322 -0.15506964260849
-0.590163843959343 -0.149105120046453 -0.146852045360842 -0.30415478560126
-0.545359786442183 0.0843752611434395 -0.392749528491851 -0.297262895719205
-0.409894197783749 0.186584988280801 -0.389485160339168 0.0684678517888915
-0.382915183961156 0.267052559224715 -0.0218007331273524 0.227159469421399
-0.324245740360609 0.379727349403402 0.191423819087856 0.0814717988071249
-0.225634079857388 0.495104024471748 0.234162573879877 -0.14624180025306
-0.222764546850828 0.528203768679723 0.185432262301089 -0.237718911470641
-0.194139598978526 0.571643321042177 0.157581005137301 -0.294185207805614
-0.353624084750263 0.592012260903475 0.176818560536919 -0.312136395019845
-0.528044011786329 0.433448532573971 0.219587357380538 -0.293158465089095
-0.664693404537478 0.22069596939967 0.194410858924905 -0.145906420099301
-0.635477678684871 -0.0250054702571648 0.0845551219113204 -0.111128546416198
-0.574598844681761 -0.289215102304507 0.0948499022518058 -0.0696311973738875
-0.601323425313877 -0.38595315500678 0.102676707760588 -0.0906365860379835
-0.635097457426649 -0.348270847935021 -0.12696088040174 -0.0245618293123192
-0.642730923486604 -0.170924029607832 -0.0465420228358267 -0.267070855095672
-0.586826932533196 0.038538910659811 -0.376943520250202 -0.258140559365851
-0.499287795529733 0.115763384811699 -0.387296756059745 0.0833762405997324
-0.511842142041087 0.252381872931175 -0.0936966293396835 0.256488637256568
-0.433505971353803 0.4250024225116 0.0726853463773398 0.18631110120698
-0.303871408267842 0.554719394757411 0.112139165007882 0.0481504573794904
-0.280003710491167 0.572974203637569 0.102751233516784 0.00162082908212063
-0.241423280364648 0.59546322064777 0.0822896600692725 -0.04732161617097
-0.383984180325065 0.589549989686659 0.0732966557638173 -0.096316132866276
-0.536598309513693 0.407923400845848 0.084291263194875 -0.156532189339518
-0.609108523913578 0.191549080664235 0.122470734606894 -0.123472456419715
-0.555383876572181 0.036153470995225 0.146285188692533 -0.124322324876285
-0.576744733268413 -0.166660044082225 0.25431247708827 -0.0199877098989243
-0.683984840364029 -0.317054579620319 0.294713941943658 0.0665913751204385
-0.589493383286094 -0.318040462195763 0.0493711640872286 0.14804452053973
-0.552767428878635 -0.170401018881582 0.0471113047285985 -0.141510568938621
-0.504225156917482 -0.0470274922777739 -0.294271777055436 -0.162570868738434
-0.515922529023681 -0.0061319183500684 -0.350961518958657 0.0819218902358998
-0.571344096851028 0.192218152253811 -0.20483343040753 0.268943273439791
-0.476237765776639 0.412235654593544 -0.0884676318318522 0.304298890945403
-0.333674755296551 0.53894799697384 -0.0358512732009672 0.261492401833361
-0.293167237298265 0.535357933599572 0.00736940625302568 0.237538426590274
-0.25927388474123 0.520988941451212 -0.00349345825901455 0.182374646263938
-0.366563692599685 0.468588226019831 -0.0302086590312813 0.092878103169475
-0.457516208020598 0.272192794481762 -0.0379438589965645 -0.0454974624447349
-0.430777886614508 0.0925644157461676 0.0794383240213615 -0.119500025098354
-0.370970207125368 0.084383289401786 0.227727317115999 -0.130172385971541
-0.486993661449638 -0.0267280533855579 0.387129752265502 0.0259970613571254
-0.665782534184112 -0.216652956143375 0.464450636830273 0.184418448190123
-0.458922956273104 -0.219614961092416 0.185570195217585 0.329465707184816
-0.363469991417621 -0.119870257351121 0.128236873969116 0.037785698815391
-0.324512572865755 -0.0984330599257817 -0.169901429142069 -0.0534626187167207
-0.41751353315274 -0.104058018973358 -0.305768540912383 0.05811755072091
-0.505428321128163 0.107572439336788 -0.334475520330724 0.275981686456616
-0.420262005820428 0.329264156585971 -0.256263828940589 0.422949066293192
-0.30236697233419 0.436237421448358 -0.174317686709997 0.459343255416029
-0.265769939301943 0.414826063776079 -0.0868818111497465 0.437614817606757
-0.245216713838753 0.37253824282427 -0.0960085091316619 0.357215872556979
-0.304267769877748 0.278330815881675 -0.131662747470256 0.208354149582404
-0.314170347913531 0.0962352106882128 -0.127272901329743 -0.00793401695691919
-0.19751526749111 -0.00142318563140573 0.0886562434583769 -0.141466330572752
-0.168043676920719 0.12752150190743 0.320450458717734 -0.102646355723996
-0.361198577836437 0.0868311126980203 0.454812266936535 0.0848317117534902
-0.556869529618007 -0.107274590713173 0.583788806133818 0.255810996336398
-0.269571798817522 -0.0661066519979235 0.270585367383706 0.470106619396692
-0.138976444887993 -0.0080788711511747 0.190780230752611 0.191521840383258
-0.0972491063318315 -0.072011543865292 -0.057630045777123 0.0235773453147813
-0.211384955952216 -0.128933177178454 -0.279149718386115 0.0355201174864
-0.314436066924728 0.0218631071490817 -0.440785458865393 0.293816512635255
-0.271810069638905 0.184657333320685 -0.373648558988346 0.520796043111845
-0.21756196156011 0.25435247459163 -0.271561676036918 0.604247684021253
-0.196454345170348 0.231950282640574 -0.165170330032559 0.571101763596128
-0.195493745624567 0.183079218543102 -0.183291193948933 0.454863468716912
-0.20249581782306 0.0807621121878365 -0.213623667858457 0.237511836320049
-0.14624642133441 -0.0415296053927631 -0.162345848425274 -0.0341417160607429
0.00254827925981134 -0.0441187827315238 0.14864788630185 -0.155521906317071
-0.0194544920503649 0.146299571099893 0.391593263853291 -0.0229185945009702
-0.226242802912763 0.144910190926348 0.446852715639254 0.152353583409483
-0.374171716066018 -0.0112219112531654 0.64133432836931 0.282591179541972
0.0457268150350361 -0.0848485424972715 -0.641315050137728 -0.211823546802603
0.010966462252502 -0.152884128984532 -0.416368120779798 -0.187034147507013
-0.122080787347598 -0.0765796428174852 -0.41072126727773 -0.0870854735614378
-0.115687649640679 0.0896985665982539 -0.273155455049281 0.203233399390177
0.00806221676337316 0.126101257766686 0.129889676489637 0.144081701928539
0.0666077505899597 0.0626957433897168 0.301113941463686 -0.179721105686376
0.106111269256292 0.0183153067071999 0.275289102358598 -0.482452952002306
0.107040177753213 -0.00744329796611866 0.2079830747407 -0.642550714017693
0.112744109079778 -0.00354036611877798 0.244161324891826 -0.708636088406634
0.0986332932383881 0.0378744252190482 0.354321231618136 -0.635227873091263
0.0694106280411668 0.0905764414340991 0.438468240497418 -0.424271820390747
-0.0416752284239358 0.165395170221128 0.308368408055187 -0.159169457356956
-0.152987827720431 0.0335324288677031 0.0167669257681614 -0.0973271294043881
-0.0564916217915514 -0.14824511849942 -0.157816925059506 -0.212579085319391
0.0446933411858197 -0.117525544927953 -0.284057749715549 -0.524590466589339
-0.20023073684361 -0.146136338418196 -0.607672649665339 -0.225872165720532
-0.193189188086432 -0.119542966708149 -0.339086035070607 -0.222782030107615
-0.248651512610968 0.00828103578938335 -0.397736825789027 -0.183877310457372
-0.195836357820029 0.138860911300119 -0.332792903211981 0.137990228088449
-0.109479615678374 0.193957556252655 0.0744411489437327 0.174120497362377
-0.0489952017507171 0.196919235410512 0.298976047880534 -0.10502610805424
0.0104867256324283 0.216664528362723 0.306763397572181 -0.431666845672725
-0.000885638401290339 0.22074709336691 0.230060876997759 -0.599015991819136
0.00201122206616763 0.246528728858976 0.234312059634755 -0.671540219103822
-0.0949879321239627 0.276351717049204 0.328356760287759 -0.620891973756726
-0.198890187456913 0.227365079350388 0.41778922567378 -0.450002951744279
-0.333925239485133 0.17144056646867 0.304144303522402 -0.170046611571247
-0.387417496888531 -0.0372992695398383 0.0106497560245761 -0.0971605974809556
-0.290299371208415 -0.27880416525764 -0.135075840915788 -0.188768099523999
-0.21739783020994 -0.275806409417245 -0.218254128216307 -0.427017820395279
-0.432731544072616 -0.218900870169813 -0.503041741626452 -0.205330758025356
-0.424212449977193 -0.103895773666765 -0.258169296839626 -0.266735619825573
-0.403509738358792 0.0927006625238717 -0.399816505081042 -0.249839856302387
-0.285805016410473 0.197147638724347 -0.36928453427652 0.0992209835360665
-0.227885416356229 0.252472916581691 0.0324447185385841 0.19750502952128
-0.173833825834879 0.310584338624767 0.267558377885894 -0.0229180028221215
-0.0957288419085369 0.387839885600674 0.290667795267957 -0.324244894706154
-0.105733972435366 0.415745363981037 0.21599251425373 -0.461808098451565
-0.0893886908541183 0.458211414917923 0.191870448268336 -0.528758043584985
-0.237148837123921 0.491579794038985 0.250487037674871 -0.514692945962099
-0.401964879957203 0.376876980030747 0.324752479768154 -0.416805414080083
-0.561424049601248 0.223084414128915 0.260443393388605 -0.175102598523826
-0.573680473963892 -0.0400513407851546 0.0329152666819351 -0.100072591257801
-0.489441374936074 -0.318342917673496 -0.0492281954089655 -0.130695411722076
-0.456590096963394 -0.356668640458185 -0.0850688804665026 -0.26919722343924
-0.598698648243094 -0.280858268895239 -0.333686362156744 -0.137873177406042
-0.603954165292818 -0.110301632487902 -0.164674912495476 -0.298615331986188
-0.537347190412191 0.125151540038707 -0.413094566218075 -0.273490423685003
-0.395771091335115 0.212930056847231 -0.391223927185491 0.0971925277397103
-0.36441880851944 0.290028693834103 -0.00824716504874561 0.22981816474759
-0.302485567477684 0.401975562444241 0.202437219639066 0.0710024439593627
-0.196164712781475 0.514877888952418 0.226081647525692 -0.164396704583885
-0.190969696760493 0.549542863689449 0.171799914596492 -0.251248777562592
-0.158693630522725 0.58810487151522 0.137688025010377 -0.307384468665948
-0.317149591951087 0.62022849186562 0.158343973685561 -0.326563033799085
-0.504015045202961 0.472104985238426 0.198295520751472 -0.309143670569322
-0.656808401679603 0.264343612045537 0.189316476508984 -0.157597491392406
-0.637516038206966 0.0117352126865752 0.0746838038715607 -0.111435785338542
-0.596893014880795 -0.255892272645532 0.0913055032683186 -0.0750781737598467
-0.629439009450732 -0.348424951857734 0.101333295752288 -0.101450902767239
-0.664903859189843 -0.307865203550489 -0.134610147271886 -0.0169469903787459
-0.657406667451059 -0.127877677277021 -0.0622301361819421 -0.267700501535002
-0.581803699974835 0.0832833404536104 -0.396179039353256 -0.234935411410137
-0.491314283230735 0.145522382049473 -0.386698514618976 0.11163480154496
-0.49730366084652 0.282332519208485 -0.0769432019070964 0.26154849835016
-0.410230823161004 0.454386860735301 0.0895607501098893 0.182878163946323
-0.269952938843958 0.581695318264268 0.115603975955683 0.0394725311968146
-0.244753388251093 0.599226366697476 0.103744564829599 -0.00433002201871335
-0.205455117436406 0.616452692119602 0.077861067670357 -0.0542850456558273
-0.348715526935421 0.621793676618746 0.0684242100366635 -0.102211338676757
-0.517136140277869 0.445871067436761 0.0708632036856584 -0.16113480080531
-0.603392736723832 0.229092643718074 0.118857638210478 -0.130429332881443
-0.551391153374628 0.0675073248385613 0.13589844755916 -0.130286007398647
-0.590533875962781 -0.131796710061569 0.253839318839941 -0.0349306186203647
-0.706463817276027 -0.272254377095224 0.305738283950808 0.0448336114698736
-0.617256224306459 -0.28056319089356 0.0559732937895143 0.14636747057674
-0.565782806326537 -0.133714448685547 0.0401901148033754 -0.145770825126469
-0.501842396870899 -0.0106894856684188 -0.306774029472673 -0.142904549407836
-0.516189007659886 0.0217493403144158 -0.34960376444103 0.108140982134876
-0.564228724869076 0.226220486394051 -0.187159975897035 0.281115121552562
-0.45516203624353 0.443975307459166 -0.0669951736135924 0.311378724228069
-0.301526843326882 0.567536104738702 -0.0195777266975465 0.264972808042805
-0.26405522592543 0.562497277684169 0.0230829305423667 0.240412435112958
-0.229043400910165 0.543217027658924 0.00703531929304616 0.183807142374735
-0.339911937750461 0.495916356675629 -0.0244072131285052 0.0963704720295349
-0.444838811518375 0.302892537343433 -0.0455505155422925 -0.0408476980599597
-0.427458565640945 0.117945103732429 0.0738843728915923 -0.125180605056369
-0.359235323590837 0.109392617000619 0.217836036294625 -0.144682742876912
-0.491169046526025 0.00727057885240291 0.389703694514402 0.00280498971704206
-0.682593470809332 -0.170336133651078 0.484225509747523 0.152792780179048
-0.48013322183037 -0.188223927681582 0.206978460549606 0.320079846002218
-0.372800328336214 -0.0944635729556859 0.133121200789181 0.0303652200232475
-0.324415268471102 -0.0772039484088595 -0.173886033773167 -0.0405671245391629
-0.423403047476031 -0.0828695001659406 -0.304880102741871 0.0798422343404872
-0.504201131951341 0.13894169156741 -0.318282937496701 0.295051382520683
-0.403013123142713 0.358136543654633 -0.228567718909507 0.441333766860301
-0.277775898152511 0.463065144959066 -0.146537818847507 0.473579038721986
-0.24396052497602 0.439445072232654 -0.0588414919457437 0.448799949279799
-0.225811660224271 0.391049561711383 -0.0742600974153745 0.365431392211145
-0.289618343875113 0.298263224201639 -0.119033464525985 0.219065214381126
-0.310405801719846 0.114350668251874 -0.132253649602488 0.00275948192948755
-0.195489603658095 0.00697252231402527 0.0814162791136035 -0.150108098499294
-0.152145363315541 0.141290611735797 0.314485222700507 -0.125832030578392
-0.357489295553143 0.115274019762012 0.462061560293641 0.0562071239895437
-0.568711248583784 -0.0684317460085974 0.609463977485053 0.216922072590701
-0.278285513631933 -0.0450900834472862 0.301410487144453 0.455487571319266
-0.139505307554089 0.00334769679334814 0.205725551049924 0.182498110046319
-0.0951821562192262 -0.0678672388053739 -0.0555654049040632 0.0287308225649053
-0.219913252289451 -0.120532529032499 -0.279341958754941 0.0532034960089337
-0.318776874150854 0.0398166878087404 -0.42263827867592 0.323682925937963
-0.262778382914422 0.203756206608684 -0.343643536690556 0.548475776687591
-0.203482497204894 0.272749637165431 -0.232508750147593 0.627159937716484
-0.185590860627744 0.248682700469485 -0.129330642892859 0.586204553681373
-0.187335376704632 0.197369795231764 -0.157913438325167 0.469893148699328
-0.200459729329981 0.0926368333612435 -0.200480881069841 0.253237307631496
-0.149354547169718 -0.0347193357505175 -0.167305630951249 -0.0232549120066052
0.00406219157157689 -0.0470384995860923 0.141211308764885 -0.169954537749669
-0.00402126441764146 0.152987481024893 0.39319358281629 -0.0518806667913056
-0.219312567730214 0.164579262692534 0.455839794042541 0.128727225977257
-0.37963473135321 0.0160556238441497 0.669678982193831 0.241227975675494
0.0400943011809966 -0.0866158228871638 -0.648621078808294 -0.162876589208863
1.42490554287823E-05 -0.154373014613466 -0.418395532425718 -0.156553963311591
-0.128121789064642 -0.0678282120593402 -0.406706237551234 -0.0596730879842927
-0.108719463273402 0.0984395099540999 -0.254008430354805 0.220192658321277
0.0169331994512787 0.124454879525805 0.136767985298713 0.13602267398573
0.069258929943081 0.0582313910723768 0.283916804273094 -0.195226944537226
0.107068599064565 0.0100147562027122 0.236913929837539 -0.492629060960559
0.107119103938027 -0.0168212807688021 0.160504468277931 -0.645513763292156
0.113043500540976 -0.0124621012442829 0.188532031271204 -0.711155547407648
0.101250488075224 0.0306944787237493 0.303971494125342 -0.649869860101571
0.0746487126966631 0.0853065066374733 0.401419438056396 -0.448106999345662
-0.029428028681206 0.167930894740135 0.292420819765786 -0.177281542554458
-0.149767441700789 0.0416568716183191 0.0106622903867965 -0.0904599501503701
-0.0684161686771522 -0.142624733929737 -0.165113032208249 -0.198386550889774
0.037452858837114 -0.11761382023435 -0.31380012672166 -0.495300425498365
-0.205062779511549 -0.128484829773391 -0.617544421770525 -0.1789862495918
-0.196696148529608 -0.105389958476578 -0.343967679591573 -0.196267489709578
-0.241560704103134 0.0262385454260492 -0.399744117520025 -0.156766589832649
-0.181379035533838 0.149798607815348 -0.318101881524276 0.160134890379269
-0.0922257435210078 0.197515524547418 0.0829262504490575 0.167575467692071
-0.034269120559432 0.196924197010523 0.287831366989324 -0.121302563651474
0.0273720869472426 0.211203056096488 0.269746068108809 -0.446636134647957
0.016217855981144 0.216280605912384 0.185214238347042 -0.603400239517463
0.0202703730190076 0.240277501815763 0.182209014507464 -0.672599652593715
-0.0715974649228035 0.278629171077516 0.279605124443186 -0.633806111635601
-0.179423228292218 0.237599950002778 0.377757897153015 -0.472971407880805
-0.316374068896884 0.19316331210463 0.287947157631412 -0.186207410159498
-0.382864688390608 -0.0128420017786143 0.00403218637462781 -0.0887243670409886
-0.305286251727596 -0.255276218723339 -0.142181327961603 -0.175985684201246
-0.229162230164205 -0.253699724018307 -0.242812426295828 -0.406650678349786
-0.437078168562356 -0.182367145623315 -0.512396005817028 -0.166872805559084
-0.422775946471527 -0.0735323218238912 -0.267252651597523 -0.246512054683423
-0.384492051520866 0.121684540588058 -0.405153829283662 -0.220199050833734
-0.2627073661595 0.212564197126785 -0.356007122001554 0.124615207562487
-0.202479526262644 0.260472610446734 0.0430485739030876 0.192445683824402
-0.148042415345321 0.315262480257776 0.264553263319353 -0.0393692682645493
-0.0662895766860331 0.38585024052724 0.261970442622667 -0.339985551405987
-0.0747344667993696 0.41702692486373 0.181359381984556 -0.467961215066548
-0.0578181163534529 0.454181892984433 0.15071485299677 -0.530227259654619
-0.196326437729773 0.49939573588096 0.210791754671394 -0.52291721261947
-0.367526103997629 0.398703642318065 0.287620073091631 -0.431577562129515
-0.535335642344889 0.257711672472244 0.24649037187007 -0.187903628853074
-0.562880528700766 -0.0041152449976205 0.0240074137567954 -0.0929797084150403
-0.504105385255791 -0.278976087305092 -0.0547360424174229 -0.124174608344218
-0.468777519214963 -0.31601238822591 -0.0990628326014117 -0.261908060514409
-0.606669785677368 -0.232073642207354 -0.341940581796803 -0.111916206231971
-0.597223742219109 -0.066456018751798 -0.177775688420297 -0.28372996774491
-0.512044267913782 0.165591162682381 -0.421479367629704 -0.241507250282649
-0.367657313866426 0.233564641915724 -0.379135186786009 0.124517064527158
-0.334003640163574 0.304821724165679 0.00584946593251987 0.224285481894327
-0.270177676125197 0.413128077606491 0.206972799115332 0.0547525376075695
-0.156406949684378 0.519000978360413 0.209557212939728 -0.178511092373596
-0.148181962937167 0.555045497156336 0.152746979210481 -0.258410932881081
-0.117269515870195 0.586891104624086 0.112794732050963 -0.310321103085935
-0.266366023148125 0.632544163878674 0.13297744064224 -0.332055151290944
-0.464075115237485 0.497236715970719 0.170262979133254 -0.315146914574082
-0.626229984834724 0.303863446958138 0.178448517088591 -0.165776324700795
-0.619953731511957 0.0510808815026796 0.0640057997163774 -0.107769811379751
-0.603481492096336 -0.210678708234653 0.085800298117739 -0.0790861120500307
-0.635606558400842 -0.29397818439931 0.0952127000561312 -0.110392617842158
-0.672725434040386 -0.253275645400429 -0.137900380876997 -0.00675220086396741
-0.653254864031285 -0.077518909414719 -0.0761692918556183 -0.260131282198469
-0.55445263563099 0.124681302766335 -0.401962363209373 -0.203827189854092
-0.464856116703671 0.173269507486073 -0.373110963444348 0.138534830864027
-0.465990049796176 0.305571122983334 -0.0585834642056284 0.257715457096643
-0.372443329883148 0.471420686873218 0.103418023191174 0.171332887901922
-0.225724067733463 0.590897601213085 0.115448830594168 0.0290964934542983
-0.20089236911959 0.608901337601311 0.103079187970991 -0.0108983758571608
-0.161481732123862 0.619829120713516 0.0710002410934528 -0.0581380773990225
-0.296417812742281 0.634780814063634 0.0599806708304263 -0.105585340292563
-0.476507410733199 0.471964774718126 0.0549036366494804 -0.160506928591176
-0.575184137327854 0.264246999274327 0.110156255676188 -0.135043056172369
-0.529363773839646 0.100694172604755 0.121887250353308 -0.132128632567228
-0.58509480496479 -0.0868913241604939 0.245530962757449 -0.0504919962789811
-0.706753452994235 -0.214809222668076 0.305384704121235 0.0194693386381707
-0.625630651540997 -0.227110588227813 0.0607154369725769 0.139732336114987
-0.563317068465301 -0.088890939744283 0.0314272131216694 -0.146889227168526
-0.482068350050335 0.0271288545259525 -0.308244620763694 -0.117403858734453
-0.500258650072457 0.0513251168487781 -0.335119620397353 0.132262032077433
-0.537855329922773 0.255200216070873 -0.16408478877404 0.283137493418898
-0.416512238443933 0.463779458961107 -0.0419169624912667 0.30678086031133
-0.257114393839486 0.578399813435906 -0.000458597175603747 0.260068142999218
-0.221035366609203 0.573169281929605 0.0400046529189463 0.234524197437931
-0.189527563743323 0.549724184650068 0.0180601446729444 0.179430755708048
-0.298070751967804 0.509515804867153 -0.0168585882639052 0.0962530210088486
-0.415393423069232 0.325210314392369 -0.0506300248370078 -0.0336698665357164
-0.408281845748426 0.141701789292674 0.0656390230127504 -0.127989774864198
-0.336090601235467 0.130492343610668 0.201218922284538 -0.154168556553739
-0.477396728113468 0.0430762034865069 0.379696871555721 -0.0221208533027899
-0.678669046382522 -0.115147140786021 0.48941575642337 0.112501355116004
-0.485628393829138 -0.145791747037362 0.222569999274201 0.2995448179613
-0.3700727157554 -0.063760956357158 0.134720733790016 0.0199051493900304
-0.314308167546777 -0.0540200308889544 -0.170772831637469 -0.0265488195653524
-0.419305779525266 -0.0574634089916377 -0.293043268086754 0.0996125292133427
-0.488695803824617 0.166885901628851 -0.291509947025271 0.306275468720031
-0.371660297972018 0.377548682078377 -0.194060785229916 0.445888790809091
-0.238707444333872 0.473720751597763 -0.108734423362116 0.47471969011176
-0.209457973394681 0.451477922754579 -0.0262924403417501 0.443519369858005
-0.197986845177617 0.400825174131426 -0.0487659980482336 0.362739097118599
-0.264288949470604 0.310771412818236 -0.101705017651264 0.222917057961538
-0.29724161889406 0.131023427502666 -0.131300738647008 0.0145535677788976
-0.187486079750582 0.0167349242788486 0.0696522003500755 -0.155363966514687
-0.130401676495669 0.149933753334094 0.297350228599323 -0.145197730381823
-0.339852441762613 0.141718315564024 0.45469990365974 0.026002542224473
-0.562349171294486 -0.0227008536196643 0.61671473116568 0.167615001123283
-0.277127241185528 -0.0202636991769149 0.325628800853257 0.424171612989285
-0.135476302317805 0.0149902460729941 0.215988076519642 0.164754277136183
-0.0919847754843588 -0.0616824465611022 -0.0501492437869488 0.0321641374725132
-0.22246416579041 -0.107693192850134 -0.269614152868163 0.0706837120778098
-0.313426983882807 0.0599037017273597 -0.391437848954771 0.341977984446298
-0.244444753690801 0.216603877451881 -0.30015478978516 0.559109322333478
-0.180369016328887 0.283391373408453 -0.183382212007435 0.630458705464908
-0.166103160274352 0.259463215985951 -0.085495587701339 0.582989306015441
-0.172699844387759 0.207947344924518 -0.121262594611055 0.470433606324196
-0.191751206640625 0.102858659043305 -0.17865516586981 0.261678547909999
-0.148311276911303 -0.0266609468688008 -0.166196562660328 -0.0103420344874231
0.00461276010032858 -0.0492288142698377 0.127252619502466 -0.180388525014973
0.0133791624825094 0.15427409102289 0.381390092315136 -0.0802351521715472
-0.203400902640055 0.180620072554614 0.454260156119653 0.0967099299211727
-0.370905777566241 0.0447898978880294 0.675912167325817 0.187359124680459
0.0356355023755266 -0.0849823171721515 -0.633952782004594 -0.121659100419682
-0.00799276192937126 -0.15165503662436 -0.406683198012432 -0.132191404638477
-0.129367792284318 -0.0598745652044885 -0.392753191305708 -0.0431170721984275
-0.101098312067657 0.100992179030802 -0.233355360187379 0.225745761345296
0.0233371175360494 0.120828976001693 0.137337638333684 0.127703296701898
0.0697726958472603 0.0547361131798549 0.264648735287672 -0.198996319239529
0.104516332126288 0.00255697655898395 0.201647537399787 -0.484952445430138
0.104427149144973 -0.0239854147023882 0.12462482239721 -0.62696353704441
0.10995367004683 -0.0188495409950421 0.146943064382269 -0.689998051142074
0.100374322903501 0.0248068273997719 0.261237783956062 -0.637108410052378
0.0762570494680298 0.0793048787461694 0.364263111961525 -0.451515232254501
-0.0202607504655026 0.165547335808083 0.27294154877984 -0.183170451034243
-0.144174964129258 0.0464339461169742 0.00807048974973755 -0.0820129553874595
-0.0745925261450651 -0.136244621371021 -0.164773809379627 -0.183757893714799
0.0331959568149128 -0.114239152406014 -0.321915452948849 -0.46080686410354
-0.201384042440787 -0.112226778491685 -0.604374781047185 -0.139529089344897
-0.193591193694061 -0.093411886665816 -0.335880282915686 -0.174088286858638
-0.22982177879627 0.0385855422940957 -0.389258536532433 -0.136181255760099
-0.166448618337022 0.152483994971044 -0.298749868704712 0.171182457938708
-0.0774754665990184 0.193515654036191 0.0851996721458669 0.160709166988488
-0.0239146835631761 0.190774869047988 0.272246221579496 -0.129138331224454
0.0372896149106911 0.200335286395682 0.237969041834157 -0.443209684757921
0.0276595364898953 0.205694961162172 0.149734351828102 -0.588460456645661
0.0318564256065118 0.228495023084931 0.142236383350234 -0.653512050304141
-0.0538228992512317 0.270642153139668 0.237943385150657 -0.622470768971355
-0.160702804062448 0.23762077138621 0.338922642083983 -0.472451389380789
-0.294796672633199 0.202859022434654 0.270383880272461 -0.192246122403333
-0.368559779583337 0.00377347362098656 0.000722853944942972 -0.0789869001923932
-0.307186089427324 -0.231943875016803 -0.142240798246782 -0.163417803236176
-0.2285516128367 -0.231866112414186 -0.249063814086223 -0.380198683970294
-0.427722197499224 -0.152329037021978 -0.504012139230574 -0.13320570264783
-0.406709291711678 -0.0496675105316048 -0.263458775238074 -0.226006022687342
-0.358296682761448 0.138758310313825 -0.39692049709184 -0.195579757729811
-0.238709387149416 0.215148782670895 -0.338005866018261 0.138806807396849
-0.180039655273545 0.256836587940686 0.0467994014249407 0.184819292596902
-0.128346373361786 0.309165879520808 0.254333597332449 -0.0499052215009877
-0.0452492495313917 0.373974529090862 0.234635673533644 -0.340440513225213
-0.0508809394860929 0.405228495690055 0.154397405146777 -0.457262915640354
-0.0340162488762578 0.437366817687785 0.118452895477043 -0.51475109820009
-0.162831536433828 0.488853139222382 0.178935952267137 -0.512632695952722
-0.334582723890051 0.399511438392969 0.253744379804373 -0.427616013020185
-0.503184079663474 0.274475375176744 0.230795861951373 -0.191113659836328
-0.538416683139247 0.0195709812698976 0.0199984321222703 -0.0836403201686654
-0.496234060552217 -0.244458023693165 -0.0572544548506615 -0.117008024815946
-0.461208861304654 -0.27959083273637 -0.106020010412479 -0.249377594053896
-0.593013035087687 -0.190744588894529 -0.339370415455279 -0.0904932713429857
-0.575551774607278 -0.0354668441326964 -0.180200070709761 -0.26657306091845
-0.476515510549257 0.186770352059822 -0.413796651205485 -0.214516473488143
-0.33692134005157 0.240457108732851 -0.359414113829029 0.13987322433911
-0.30371534103631 0.304121413760529 0.0126342232094697 0.215038837109341
-0.240011993344544 0.407086477315119 0.204765792446531 0.0421916371223145
-0.12569165366792 0.505525399079229 0.191479136667353 -0.182706768430776
-0.116162753978539 0.544021481858727 0.136446926588126 -0.255115110040265
-0.0862314594108001 0.57036325259351 0.0925501439587884 -0.301839249288888
-0.224948482443641 0.619499957709509 0.11284596492355 -0.326248276340662
-0.422506914537735 0.497589635527618 0.145645740029335 -0.308120725538741
-0.588919384808394 0.322955910556418 0.167737528965047 -0.16725353055237
-0.590721764517112 0.0742776005803231 0.0564603385030192 -0.0997171869056473
-0.588515127921049 -0.174507417597607 0.0785241871869926 -0.0796041995209607
-0.619948202933351 -0.250688813765149 0.0885211413169531 -0.112869278631169
-0.657304167206904 -0.206081796883628 -0.137835031442795 0.000770600911614981
-0.629045558454853 -0.0422210991384774 -0.0817786831643978 -0.248840980345394
-0.517305456120658 0.1492982998859 -0.392357750170018 -0.177245958966356
-0.43377898090725 0.185051318839843 -0.352561420432695 0.153778942114337
-0.43208258534907 0.309749236577298 -0.0460450028808407 0.247977106447371
-0.335714910629427 0.469142599535941 0.110209027462774 0.15779274593424
-0.189420199808518 0.577945184942056 0.111545438471399 0.0214465446771359
-0.164010010288721 0.599257387964006 0.100657847725577 -0.0155818428398766
-0.127728230981724 0.601823144764237 0.064732585010686 -0.0578402067320141
-0.254740830866966 0.625138428092404 0.0530513671859932 -0.10464787498036
-0.43562357199094 0.475551886997374 0.042210290217061 -0.15281777874759
-0.540532489406496 0.280377899291041 0.102965075398869 -0.135030781395789
-0.498524985900931 0.116837945363488 0.109644456334825 -0.127489457355428
-0.563236608400304 -0.0554722961508792 0.232587491404867 -0.0584394617020538
-0.685401964910247 -0.169211824037326 0.296830492888579 0.000751619316983133
-0.612080718286002 -0.18385310537883 0.0612405916268134 0.131241450334833
-0.543493175886283 -0.0578157158510066 0.0262722082584418 -0.144702674983608
-0.453465497389329 0.0493053159370579 -0.298666560984569 -0.099156894136209
-0.47409153581787 0.0678060835335881 -0.31562817283577 0.143927988464083
-0.506426239124817 0.26538867485754 -0.146084644607415 0.275464960974982
-0.379759035274738 0.464318234645267 -0.0243470531647233 0.294160193886768
-0.218845029342736 0.568746023584451 0.0116680981770894 0.24922192226456
-0.185326660602655 0.56505719907236 0.0522636485153372 0.223154410092512
-0.159122356885931 0.537006667362476 0.0252616763466835 0.172430834191937
-0.261828802554138 0.503213381129568 -0.0114688867375621 0.093442488280568
-0.385688257313509 0.330880156164593 -0.0516867577257126 -0.0266454079927227
-0.384497534897369 0.15139351234005 0.0586800763096477 -0.127318059621762
-0.308233783133714 0.137925055174903 0.184035978167348 -0.155112886495379
-0.453367331377399 0.0668135491706307 0.362804327320804 -0.0372812740224376
-0.653933970774854 -0.0723795512842761 0.478152396536874 0.0813089949789238
-0.473653786311172 -0.111962564426621 0.225033407664611 0.276158278096961
-0.357588527589016 -0.0408547516376225 0.132482070977438 0.0115475775463842
-0.295818048822277 -0.0383849099651162 -0.162270682080395 -0.018242065828985
-0.403695928346182 -0.0426460668106073 -0.275205983387473 0.108475151511769
-0.461877233267624 0.180516656320275 -0.26572997629014 0.304785042492427
-0.340292438887091 0.380421251309682 -0.166030708969967 0.435490584652102
-0.20629673715707 0.468554719569837 -0.0815623411292671 0.462057275078366
-0.180360567025103 0.446957389873793 -0.00172356972922838 0.426737922097083
-0.171921726650045 0.394065678905347 -0.0298714257128993 0.350833242605058
-0.240178591212804 0.308924853546151 -0.0870447264075659 0.219483465388084
-0.279823754186938 0.136974044059077 -0.126207939631865 0.02281355704406
-0.176465838739559 0.02109068662141 0.0597801854005042 -0.154914259183277
-0.108832960316744 0.150061032268514 0.276530339731041 -0.153883743421099
-0.317813727147234 0.15617436198674 0.436584685186003 0.00536528922533226
-0.539512005447234 0.00852149205812469 0.603741831868126 0.127685986557588
-0.267926051677405 -0.00225102896428642 0.330971266399118 0.390865588823986
-0.128575502276794 0.0237562307821253 0.216405176060911 0.147374283787367
-0.0859936029223033 -0.0576507344613595 -0.0446291815010274 0.0326677476092437
-0.218786326560141 -0.0978568129315004 -0.255241783808761 0.0783266584354319
-0.301230775359243 0.0719871662726856 -0.359548473204286 0.344054240183216
-0.225745380948989 0.218817306523388 -0.261205299894103 0.549722058934721
-0.15940041257312 0.281612721352597 -0.144590802430476 0.614559162008739
-0.147972494071682 0.260546659723586 -0.0542159860250071 0.562011660050505
-0.157540594996997 0.20895940544051 -0.0949591576143214 0.455090486662248
-0.180381719859246 0.105956053224871 -0.160334282815446 0.259243224757694
-0.143807324112421 -0.0213996037696748 -0.160028602264858 -0.000682526071658043
0.0063351758820761 -0.0506815667006928 0.113436569899846 -0.183345277050568
0.026926779299286 0.15050703139842 0.361646867199464 -0.0963572485692349
-0.186760978683695 0.188129939162214 0.438968190016989 0.0745322121835535
-0.354350820371227 0.0646157911668673 0.660110466223852 0.145586791944506
0.0435598420484727 -0.0746170786317673 -0.612864563891141 -0.140942745772693
0.000622613517603489 -0.146544706234639 -0.388104591917995 -0.140761974425745
-0.124728891851906 -0.0601044825366534 -0.375164405551875 -0.0547180971161494
-0.0994849884634958 0.095401009731021 -0.230665399376572 0.217353768454437
0.0187166853327483 0.116561314320876 0.133318226630431 0.132062013546928
0.0638543436701397 0.0558516986261571 0.259996543010525 -0.181550414876293
0.10416104395451 0.00159912579474194 0.205828177170024 -0.46267334570507
0.106076448414058 -0.0246510098504721 0.131381957127067 -0.601211734615389
0.11119759185942 -0.0230173383019909 0.155024859793734 -0.661684277205236
0.0995997141408474 0.0208498196978873 0.260720876200088 -0.608759880800845
0.074013642171869 0.0768178022688704 0.357752900071537 -0.423803993216322
-0.0192135188927106 0.156813578650101 0.262002216689288 -0.161847430864169
-0.143695361378976 0.0388559054858089 0.00841236349020192 -0.076304919206376
-0.0730456695925079 -0.138281912592116 -0.144971786571866 -0.18573480203492
0.0299890169248093 -0.11290299434755 -0.283138380509156 -0.452652086729969
-0.18752391203324 -0.112238523395266 -0.590209221157433 -0.148917049242826
-0.181922946060672 -0.0971309582244494 -0.31469977013432 -0.174113163763301
-0.224038004560222 0.0326139192490653 -0.362318636365887 -0.139176135063412
-0.161220143851732 0.141760483968741 -0.292190446435068 0.166044033797462
-0.0800193419239825 0.180098592275629 0.0806869123735443 0.168045111672077
-0.0308429492801947 0.183472750095449 0.26829568770361 -0.110726175930015
0.0313944447882799 0.190848554256673 0.241739573628537 -0.416789739426355
0.0215999659647175 0.201133563999212 0.154933590971814 -0.561621369883663
0.0272439967564996 0.21706615284399 0.146162295189433 -0.625022692992051
-0.0566688821638619 0.259225958577823 0.234879439854676 -0.59550365329234
-0.16330330677257 0.226246515588173 0.3240088903945 -0.449283066214071
-0.284890286658448 0.18483810567329 0.249982733631984 -0.177655020264141
-0.359003232190565 -0.00906173563737601 -0.00116335794546805 -0.0797446134091684
-0.295858341416945 -0.23619716204112 -0.122940734278439 -0.171685143535958
-0.22039653871368 -0.228357944709441 -0.214605637471202 -0.380758775634908
-0.408503392420903 -0.163077035802039 -0.499067426399825 -0.132585913745787
-0.391761858847108 -0.0633577788056963 -0.241148123205038 -0.216518094031595
-0.35160882547262 0.126012581908577 -0.363317316712799 -0.190784739823764
-0.231301262965477 0.197815719745765 -0.329458364725115 0.13829885900405
-0.179674078544787 0.234819586010856 0.0421593878229731 0.193931067713334
-0.135093304256637 0.290943247294849 0.250543173690296 -0.0325835185290201
-0.0552918741019374 0.355489147094457 0.237637352138043 -0.314694898382325
-0.0637591188500427 0.396004832676573 0.155574379306173 -0.432893834408728
-0.0438377327919867 0.421455655279624 0.118423917873112 -0.491432104311726
-0.168213870402265 0.470146940750167 0.168707667400827 -0.490888547767799
-0.337050311321185 0.382311915407843 0.233235047412242 -0.40899166729502
-0.48838880052449 0.248387353273134 0.203317256749852 -0.182688023356239
-0.524006987403108 -0.000700654979369591 0.0130321777510545 -0.0875149579652835
-0.477336602143207 -0.252038207992558 -0.0441101703504876 -0.129063863608409
-0.440740729852034 -0.274802983220254 -0.0828701105070055 -0.259906368067374
-0.569851819455316 -0.211615922713128 -0.343583458080972 -0.077566451375772
-0.557669233460653 -0.0573342252889705 -0.158384810165737 -0.247852105465009
-0.465857199800544 0.166710846964096 -0.376536184071816 -0.203342964857612
-0.324716025712902 0.216423773472782 -0.351485481187355 0.14310533526124
-0.300033345297717 0.273316354796202 0.00687746861870637 0.225701592620055
-0.246170238422069 0.382508775421225 0.201430467919956 0.0565390457390093
-0.138418882463004 0.482649603796843 0.194728435473556 -0.16011198524096
-0.13418085859372 0.530794571284194 0.135894453363356 -0.237631346434514
-0.100425833865335 0.552494552377722 0.0869712950667492 -0.28722215971807
-0.23090665849649 0.599217003494263 0.100599639822153 -0.311103028209991
-0.427420667569895 0.47825480703473 0.122829448261065 -0.297326323094732
-0.57288474215277 0.291305215402393 0.136861485621568 -0.162485292113509
-0.570468940355157 0.0495191492159372 0.0448704672509783 -0.103022261610082
-0.562891655274854 -0.184191531746502 0.0809020451106461 -0.0894525594067981
-0.593160709658777 -0.248233693614437 0.0948513411946446 -0.125918612188221
-0.634361802634862 -0.23165936559427 -0.153952323975395 0.0197724174943841
-0.608894997765184 -0.0673599762998839 -0.0647872544946886 -0.225788191819955
-0.501985587629527 0.127680110789654 -0.359558384538867 -0.164709570150075
-0.415446038790808 0.157080638267865 -0.348877123593774 0.157903656098832
-0.423742316170144 0.273055594532878 -0.053028196574317 0.258984244092297
-0.341592742396757 0.438313458599642 0.107303645927538 0.166026931490323
-0.203816605948835 0.552633464943588 0.11373021370781 0.0369442775344728
-0.182853653499428 0.584362796012232 0.097292869305901 -0.00709929608146089
-0.14362184312624 0.585840474692875 0.0561700795739944 -0.0531254179903732
-0.261496065814693 0.60307110347557 0.0400238635040658 -0.0980707568084754
-0.440545575814752 0.454971873818069 0.0213662386725056 -0.149999012807156
-0.526133776942733 0.250680988387999 0.0762050199094076 -0.133916546311184
-0.479953891341733 0.0950824852151631 0.0960590700912232 -0.125534203401676
-0.538261909877541 -0.0657400915381597 0.223604135069899 -0.0623895446849171
-0.655370615565545 -0.167872908059516 0.286307500265683 -0.00947884177377968
-0.590333048280722 -0.209490905162394 0.0349786197208083 0.15139029606031
-0.523921964361349 -0.0773882317807056 0.0337115171893961 -0.125050385625532
-0.433307016501281 0.0301670505704555 -0.277391616041815 -0.0888277859392764
-0.449792597244075 0.0434660096365537 -0.31715236245858 0.146251083076288
-0.492902113324062 0.228401528656111 -0.150984771804733 0.282949804120343
-0.381832290153166 0.433622860532861 -0.026184993113498 0.293092139987704
-0.232629201437683 0.544944982223206 0.0126773132283005 0.254532469707774
-0.203439882868997 0.552070871058247 0.0464857448869898 0.221022605851285
-0.171953123648581 0.523698312767622 0.0150540235701552 0.166761409693114
-0.266119929811587 0.485901184223107 -0.0234543030382013 0.090637180412011
-0.388877235502513 0.314041337721967 -0.0660353500727868 -0.0307750602549786
-0.370941556226855 0.131560185572116 0.0419402172382003 -0.128499529638022
-0.291565356342679 0.120644019835073 0.168991312006979 -0.146152494576835
-0.432302936730894 0.0580413162900562 0.344189801384401 -0.0342733593883252
-0.624265258415944 -0.0750883898833734 0.453352464921549 0.076211770240975
-0.457772641327918 -0.135242058587658 0.192427604921616 0.291503311792252
-0.344301698040797 -0.0547819296170067 0.129492433949298 0.0239467034569789
-0.278386089223722 -0.0510259525259316 -0.153457905807893 -0.0129547417211045
-0.380302658812361 -0.0585490843359441 -0.279845552674046 0.107534706787139
-0.448910710417761 0.152278504179812 -0.268746041237202 0.302736954349379
-0.340210589909397 0.353737281649795 -0.166238026284516 0.421521522415464
-0.217091500558232 0.44866047285842 -0.082957250981129 0.452734594177613
-0.194394257430637 0.435645805815006 -0.0090876172090559 0.413375786136004
-0.181871421049645 0.384994442162559 -0.0399259557898531 0.337500837992165
-0.242241182887601 0.296441442288477 -0.0944108155350851 0.20938261783655
-0.278968577694815 0.125404668177428 -0.13043892501747 0.0146389394892575
-0.165908159610468 0.0090786516230875 0.0543891412058367 -0.15424910207102
-0.0962700933905408 0.141827188247041 0.260776345333783 -0.138985014201468
-0.302546592580945 0.150791520977177 0.410544415568694 0.0143253771826676
-0.51396627742162 0.00547838145143102 0.568989173808369 0.129507222593978
-0.261905999440451 -0.0179981265955457 0.298710903956054 0.398388210713033
-0.124601643581917 0.0174678205828454 0.205372143843837 0.151319578732551
-0.0759254398550642 -0.062913177908365 -0.044046354640467 0.031277687454836
-0.202977133783122 -0.104968479782697 -0.256610260252808 0.0696221771070102
-0.288865017537708 0.0572037657184287 -0.358971638586913 0.329757126728896
-0.222279149612605 0.203797968075007 -0.263769037379852 0.524162947458963
-0.16517528866307 0.271863172015466 -0.147618321542743 0.595036231984984
-0.156464078345688 0.254104587891779 -0.0611219120241202 0.542194703493287
-0.161995757820005 0.205605400777065 -0.101646884029932 0.435493422464209
-0.18073092654484 0.101141558761768 -0.161342735620646 0.24460613685315
-0.141623857288811 -0.0273549280020821 -0.154010697576606 -0.00897837770627693
0.0130474455381884 -0.0552186636485226 0.115229502019007 -0.178982071293894
0.0352881062780059 0.148712523421549 0.342634904613066 -0.079728833205607
-0.178152900527501 0.185008684247223 0.409339313143276 0.0833098430942788
-0.337646798621185 0.0595381177761716 0.622626095578298 0.153660616866376
0.0440013451516983 -0.0744776529275249 -0.606713252784547 -0.133721864122306
-0.000713135222249599 -0.148504765355635 -0.380021360493742 -0.139561423463994
-0.126016219599172 -0.0593678481060323 -0.371805667660086 -0.0574687133037444
-0.0999169889535369 0.0959505161669006 -0.227792688989371 0.21741879431512
0.0188246192097242 0.116599745077834 0.132343494813929 0.134964258834288
0.0642878663474326 0.0567596769732078 0.257521630185641 -0.177306941433724
0.103579589229024 -0.000212703034935161 0.201092807399828 -0.457018227759522
0.105710468577533 -0.0282845369195182 0.129512715917083 -0.593832019487443
0.111962089489133 -0.0255097410432805 0.150518850876908 -0.65236730448406
0.100320206918802 0.0206236406052504 0.255774303664449 -0.603918903353031
0.0731776365123409 0.0765103786197688 0.351092159208485 -0.420760169501168
-0.0185244311661631 0.157519247722188 0.259427708900276 -0.159283618934841
-0.144986130503328 0.0381630322054059 0.0110675958517106 -0.0710007206964656
-0.0744473669688321 -0.139286947626544 -0.141363551402542 -0.182978046044202
0.0316322923339678 -0.112998707345432 -0.279781259169857 -0.446851205978669
-0.183108280805407 -0.109331760937164 -0.585862553540742 -0.141088425328954
-0.17951848525839 -0.0969985672857219 -0.306804202644729 -0.173661516334923
-0.219187212261423 0.0340156662295035 -0.357945702575312 -0.142224395697243
-0.157916312589984 0.140769182054187 -0.289527819713371 0.166705045009084
-0.0768419023090713 0.177463391802733 0.0787616391306781 0.170724334689812
-0.0287435486629098 0.181580596983058 0.266293669255111 -0.107848413490229
0.0321698457353226 0.187419896914724 0.237241903538231 -0.413156357118704
0.0233155190230207 0.196827860743812 0.152473302866072 -0.555221644795831
0.0284170752474197 0.212786814260745 0.143238904002969 -0.617551999335901
-0.0531147678166056 0.256266650703493 0.229169019777787 -0.588639660442738
-0.160407678565904 0.224619162306487 0.318318992434949 -0.444575619927362
-0.280954877142648 0.185156290073735 0.248968849863071 -0.17571543651072
-0.356373748881319 -0.0103463003933411 0.001519713650389 -0.0724033981707082
-0.293292046838052 -0.234519689175091 -0.120788655075094 -0.170150298154464
-0.214807598013252 -0.225764068090735 -0.211457157624454 -0.376963903638322
-0.401075995994726 -0.158603735148556 -0.49681934074264 -0.125677034460381
-0.386907163589983 -0.0613689355286863 -0.234396233146092 -0.216040106981057
-0.340670620239712 0.129618585552168 -0.357270915371328 -0.193585573230109
-0.225387278945323 0.195524282066344 -0.325510859322338 0.138644989729796
-0.174806888237801 0.230038594392688 0.0396852494538071 0.196064515253169
-0.132359442436337 0.287984742795339 0.24967629135434 -0.0315238791935455
-0.0522033209241666 0.350759976009493 0.234228595686101 -0.311658881062933
-0.0606438073489679 0.392144137058439 0.15504705632028 -0.429781776288215
-0.0435651327765306 0.417325124405549 0.114770544132476 -0.484808624024232
-0.162645331467325 0.467850427536216 0.165729187173902 -0.488186360932623
-0.33337870582691 0.378088389678428 0.228059711457723 -0.403433166528134
-0.481172775716013 0.247832351189932 0.203114997262363 -0.181308765688389
-0.518056515506374 -0.00214336197252504 0.0154917082902475 -0.0797352440768175
-0.470231841518755 -0.249999226421228 -0.0428978731040677 -0.127159021497479
-0.432315147467872 -0.269976972226186 -0.0800792513529987 -0.257836637259314
-0.560211025573816 -0.204386818993868 -0.344350776762586 -0.0733521340507095
-0.550354205427956 -0.0541858410293185 -0.152178681168709 -0.248635482544299
-0.450910666832477 0.169540775181784 -0.369988350177133 -0.206025505568132
-0.31618234022917 0.21396770141619 -0.34825071612144 0.143817181227874
-0.294682101201999 0.26685758804681 0.00486566687476319 0.2253033006097
-0.24263543647181 0.378530003982857 0.200874248301235 0.0560638651563292
-0.135668490745998 0.477202702482445 0.191240934728356 -0.159397976761679
-0.130447087498092 0.526861312901217 0.135458795746497 -0.237497987104297
-0.101218952205507 0.545318773090693 0.0869881155601109 -0.283824948189231
-0.227062058825939 0.592472253287114 0.0988846199536309 -0.308866634638473
-0.422278813036175 0.472906691630907 0.11934046030654 -0.291868686353983
-0.565089026621114 0.289807572904112 0.138060809131229 -0.161741942545185
-0.561840134120221 0.0463301797302601 0.0460338072175087 -0.0957139630642058
-0.555496068881077 -0.181316795990825 0.0807818656501066 -0.0876528932656508
-0.583598370150109 -0.240722651458228 0.0969437760815063 -0.127129320652998
-0.626832085608104 -0.225587305886791 -0.156658929231417 0.0217271955525061
-0.601844304091904 -0.0627663272907789 -0.0608754778695853 -0.227457998867198
-0.485922742151155 0.130337262473042 -0.353597522188634 -0.167824302431093
-0.405520279720086 0.15343787319421 -0.344706879016983 0.157952528758069
-0.419194686624424 0.266918332793243 -0.0539106959465903 0.25604433469231
-0.334991658204852 0.432697630646033 0.108265816251742 0.163268901229528
-0.199352130305384 0.547146121278341 0.112441033543097 0.0359329875894903
-0.177308648729305 0.583264346003634 0.0984699586643947 -0.00941170309943753
-0.142645803147911 0.581181845143349 0.0563708269682024 -0.0519598415890229
-0.257297361847478 0.597512029954519 0.0393936052560624 -0.0976965937517594
-0.435445178128017 0.448652477566229 0.0197602089773926 -0.145263667580362
-0.517215276716135 0.247271826103962 0.0768061756269676 -0.133972396054479
-0.468695976135937 0.0899881380102932 0.0954586236354159 -0.119326887176831
-0.528768214548047 -0.0639253815236735 0.220515523968924 -0.060424298603248
-0.64457557031455 -0.162192314371765 0.285822394140436 -0.0131123060503078
-0.582092590352896 -0.201579928662168 0.0306195970413831 0.150192635524071
-0.51877779574037 -0.0718714749110263 0.0356755814895039 -0.127172311336471
-0.418564618769186 0.0322404355707454 -0.272056865843559 -0.0911930809006379
-0.442249656707962 0.0365501318259826 -0.312784534885129 0.146025478832828
-0.489225773736028 0.221807140044415 -0.150729728581769 0.277555634843122
-0.376655045584732 0.427819398724103 -0.0247497347333436 0.28798704115109
-0.228373358020099 0.540280077858535 0.0134777619079591 0.2512425309837
-0.19957085493677 0.551097985574529 0.0489205547327803 0.216296051042111
-0.172180610956818 0.519072568001936 0.0159098150530745 0.165201504290019
-0.263927515300117 0.478916189529211 -0.0224608121828215 0.0896564905687795
-0.384169904560943 0.30813692981273 -0.066057624818166 -0.0269222908464546
-0.363980096734409 0.126127144847695 0.0417581243064627 -0.128769088233039
-0.279736216806956 0.117279691655276 0.165918073967024 -0.141830350981296
-0.42326489632307 0.061366682220057 0.339104954870811 -0.0331244188030514
-0.615222897693598 -0.0694672256920535 0.450365832406634 0.0700436319525021
-0.452171009763274 -0.127637313554144 0.187169343795224 0.286487592364253
-0.33923465115731 -0.0501818008030561 0.129844768693161 0.0205661528637664
-0.26761099139585 -0.0516190917274467 -0.148933985552594 -0.0157554777108354
-0.374087973073535 -0.0644502795403406 -0.275948289003418 0.105626770856099
-0.446716160641883 0.14856141815654 -0.265741090481278 0.296521952202438
-0.33660156100986 0.349175632973042 -0.16305216061726 0.416136628789414
-0.214497624468885 0.444764141935997 -0.079028765881432 0.449131249423897
-0.190311954866026 0.435127382794783 -0.00637812048130652 0.407021347327111
-0.180519091894944 0.384560405435898 -0.0375870649062186 0.332080995888297
-0.240635953445266 0.292574291666252 -0.0921936037302448 0.206991694973468
-0.276661000384541 0.120969902783577 -0.128505571098701 0.0165025887898311
-0.160231144822084 0.00431475214072127 0.0524306655258395 -0.155811054899007
-0.0853885949658456 0.140293518008768 0.25570364966268 -0.136906467527474
-0.295977236067766 0.154228145377681 0.403792411754632 0.0148318504738472
-0.507557602635855 0.0107117463062247 0.565435586386282 0.122407132778658
-0.258776235831116 -0.0132735740792032 0.291982853162229 0.389429553073663
-0.121889313373228 0.0208609566749371 0.204022336530898 0.147547752433689
-0.0715477114140788 -0.0645921658689982 -0.0417696579044291 0.0279607071471138
-0.200960503021852 -0.108634243414274 -0.254090191578655 0.0669990709845597
-0.288576727594156 0.0561680131061578 -0.354049125461564 0.324030285841885
-0.220257461802119 0.201445375316077 -0.259490019076849 0.518821921690362
-0.162691967292086 0.270258785954128 -0.141681378410457 0.589506466635619
-0.154705314834841 0.254351079429688 -0.057160830928215 0.534017193438702
-0.161878026401056 0.204367265096304 -0.10031071135935 0.428024437456009
-0.180185133735918 0.0976547850383044 -0.158713292617558 0.241692938073374
-0.139811368401289 -0.0303085964710862 -0.151606239951971 -0.00884348372489258
0.016886567362102 -0.0583333252983332 0.112924891673312 -0.18118629168563
0.0428163536150898 0.149943374979062 0.337238473157719 -0.0803947774300876
-0.175643674148802 0.187969384000449 0.402260272955758 0.0838167510749669
-0.333809373269982 0.0623895958346081 0.617310253745652 0.147458025086508
0.0453492223402339 -0.0757708651649024 -0.617829935494921 -0.126642007765479
-0.0029196862887161 -0.154517121312897 -0.383671506907772 -0.140591756598679
-0.130494392121356 -0.0594918241215276 -0.379295259855386 -0.0594058548502712
-0.103233836297116 0.0999495319975972 -0.230283565717126 0.224410150565423
0.0211986148101272 0.120172434826095 0.136091285139138 0.140480307621531
0.0672886355943054 0.0592610702840364 0.262018519470205 -0.179365323963134
0.105307183063078 -0.00172567700811467 0.201066822384029 -0.466060363946416
0.107393131926343 -0.0328807693929846 0.12828753065088 -0.603711657922308
0.1153682652974 -0.0299081667937944 0.149312744625271 -0.662007078880748
0.104279171051584 0.0203008418865564 0.257355461388281 -0.61581939543966
0.0754027136009417 0.0796654297437315 0.355045650237107 -0.429431830344376
-0.0172528761515812 0.16327793361137 0.263526196475011 -0.162512770583043
-0.15031974869435 0.0391844239684642 0.0140070883191057 -0.0679040760149067
-0.0782796488343352 -0.143749836879327 -0.14168872660806 -0.18656426589969
0.0337785501693318 -0.116570572980225 -0.285137279889 -0.449958454286117
-0.184391959698791 -0.108676436547148 -0.598359401097946 -0.136128063747676
-0.182845695157086 -0.0987928900015493 -0.307998134140808 -0.177125296318976
-0.219961898180302 0.0377606281416898 -0.365216722834821 -0.147956251381626
-0.159543985903845 0.143925577103924 -0.293464756532679 0.171883438399593
-0.0763025634883492 0.180041230448775 0.0805155185425265 0.177660358063692
-0.0271562030396711 0.18546973177937 0.271512592622173 -0.109159786346869
0.0339506170683568 0.189117691796308 0.237176837795144 -0.421120880121104
0.0248075543079972 0.198225725258958 0.151876312597017 -0.565333517830935
0.0304302546896206 0.214031027439088 0.142896916103589 -0.625988063902614
-0.0506132326201467 0.260622503881693 0.228911340758064 -0.603357732135641
-0.162433239229107 0.230007851532252 0.321218505046819 -0.453236367359929
-0.283735364278204 0.192114175467287 0.253492081987991 -0.180029350216306
-0.363911366428244 -0.0103355649341027 0.00540704660977494 -0.0683842835715587
-0.300207972172997 -0.238771837831742 -0.121253784349299 -0.172356737665229
-0.216165991984517 -0.228972104630238 -0.215052329675831 -0.382204637607931
-0.405717275342612 -0.155712919110669 -0.508282841452788 -0.120375659991649
-0.392196646289518 -0.0603698418098832 -0.234386674242265 -0.222074265112092
-0.339131218772926 0.135557404576759 -0.363215408151477 -0.201594977744411
-0.224624380535156 0.199963136930111 -0.330738847481286 0.144680849995527
-0.174928757764873 0.232488180292212 0.0400793759065983 0.20318636413599
-0.131328266514115 0.292831296288826 0.256036087451689 -0.0323634912880495
-0.0512194407694031 0.356384928778866 0.23545444060671 -0.317890862191372
-0.0583300688121452 0.398995920846621 0.154789639733412 -0.439433317102761
-0.0422395171698969 0.423098388287778 0.115390572619307 -0.492948473109626
-0.161879506681447 0.475162042991673 0.166623783933428 -0.498564854908279
-0.338174485401182 0.385813213271881 0.228314099763216 -0.411103244734309
-0.489429477747356 0.254411599079198 0.20826520610805 -0.186210441262972
-0.525065872463746 -0.00237024802189348 0.0192983880382529 -0.0752625114523691
-0.478947561759918 -0.25126763600295 -0.0428944384699513 -0.12917306587004
-0.436686484641297 -0.271272253157341 -0.0814157458260099 -0.263364615527662
-0.569056381382251 -0.201655339892815 -0.353517155233649 -0.0692236709074405
-0.559110869617558 -0.0508262972129118 -0.151722904124473 -0.25587615831092
-0.448036847519174 0.178601024304304 -0.376203654237808 -0.213651164416988
-0.315577210437308 0.216593723942008 -0.352916995523333 0.149617973660486
-0.296877679117564 0.267775296859638 0.00483730213697654 0.232209312204948
-0.241999475452515 0.383315100958634 0.207003491431451 0.0557361768569683
-0.136313007086833 0.485830086847259 0.193349544513321 -0.163135418619647
-0.128147380474659 0.537689908066247 0.137490692758219 -0.243698420921992
-0.101695649473905 0.556127028613203 0.0874348958907447 -0.287303118417131
-0.225483854858391 0.60401695876891 0.0995588397002345 -0.31584763036604
-0.429289290043663 0.482741651018651 0.119430591874378 -0.295192961830616
-0.572980167975187 0.296718529448055 0.141956051640156 -0.166709516589337
-0.567922109342744 0.0452149079089505 0.0498583090005554 -0.0916089229586514
-0.561842713435042 -0.182426522989274 0.0821153003717373 -0.0885771615397721
-0.588759475323909 -0.241292386242257 0.0992428272875668 -0.132412378038065
-0.636447077473302 -0.221521954778778 -0.162566779327155 0.0254226231880912
-0.611992622991513 -0.0584500602048774 -0.0602262826615025 -0.235841780654816
-0.483678870697439 0.138131024608434 -0.359589562349116 -0.174630905616614
-0.40759655775775 0.154186673227198 -0.349952746678122 0.164346969541305
-0.424876661459802 0.267854875745337 -0.0546137672091853 0.261670828691798
-0.338248533164979 0.440227068134132 0.11216341262291 0.164197349810474
-0.199126597175656 0.556462782723076 0.114941153811477 0.0367167087656978
-0.176851223576813 0.596670774236586 0.101648963166271 -0.0134713741477431
-0.142628729187199 0.593414636499658 0.0572507183948134 -0.0529914193597525
-0.257093373703694 0.607895769349288 0.0399229122220834 -0.100176029154058
-0.443360483139532 0.457071192444145 0.0186674617640664 -0.144238594544564
-0.524243610344078 0.251576245294086 0.0788769538654167 -0.13796993978783
-0.470403440367145 0.0911302979948211 0.0981741340631397 -0.117343208624223
-0.533761557612581 -0.0600754270500781 0.223902114332008 -0.0614284558774847
-0.651711900449384 -0.159600101025062 0.292451622582643 -0.0189585551638656
-0.592565525684649 -0.197009096033981 0.0278362154252954 0.154303710391404
-0.526681810375965 -0.0677302707210786 0.0372350387628296 -0.134348141696553
-0.415467700278738 0.0343497810685071 -0.275846088670184 -0.096447102798791
-0.445610967104408 0.0342184957259606 -0.317171275722813 0.150981288546631
-0.49822404215926 0.224826027528689 -0.152185484809511 0.281879659770867
-0.380921299304196 0.435207946178693 -0.0221763180250768 0.292269579204324
-0.228543914328534 0.548954448390778 0.0173054114451798 0.256484914872404
-0.19813491570949 0.563770860649613 0.0526209397969278 0.215537679871659
-0.175937822336098 0.53004193375697 0.0180136736759403 0.167470806020099
-0.268458853104793 0.487534987720041 -0.0213859276832784 0.0911326753589067
-0.39102644705291 0.311865376713538 -0.0673619303921688 -0.0235760473801019
-0.367620018221464 0.124540187021383 0.0418611264825256 -0.132659554700916
-0.275526901646805 0.117949184224857 0.168075296403939 -0.142545615535425
-0.425828777458783 0.0678366347904716 0.343273663497699 -0.0336092813156583
-0.62129661457244 -0.0629085217848042 0.461133247389671 0.0642444759331164
-0.460352399891035 -0.123975425698675 0.186219507275514 0.290186593414674
-0.343238769025972 -0.0454285576669031 0.132469545190565 0.0167893500972625
-0.265168921315519 -0.0521485023390652 -0.150736297618917 -0.0197232682020541
-0.379917999352301 -0.0693014018578786 -0.27997711633974 0.107687040257032
-0.457291202716576 0.148979187235516 -0.268863046094312 0.299736440029735
-0.340912835696401 0.355744673529021 -0.163178067112576 0.422932446302401
-0.214144414081747 0.453166966840643 -0.0758828058370718 0.457480906943385
-0.189877918374272 0.446405355155362 -0.00303032573673598 0.409128713214352
-0.185271640925408 0.391692045070826 -0.0364420476717265 0.337251806592769
-0.244924684573486 0.29688430005946 -0.0923938064464725 0.21032434313355
-0.282330210909011 0.120410069428925 -0.130642184783243 0.0195575565484005
-0.158817444317261 8.46503487529639E-05 0.0511779192606062 -0.160757404659035
-0.0765070883211252 0.142113034665273 0.257818288841279 -0.140414334757274
-0.297279739494595 0.162720963841479 0.408390758998822 0.0147159927492642
-0.513231273716139 0.0171667388739652 0.577514376501752 0.116500129778109
-0.263514789531662 -0.00843444679548923 0.295725405018316 0.392244276335443
-0.122100743720262 0.0254795735598504 0.208376487235892 0.146505099009532
-0.0693590092003487 -0.0676741143870618 -0.0414672527934634 0.02514653583668
-0.205013272383035 -0.114877708184267 -0.259291213553054 0.0672725796280994
-0.296296175731974 0.0575758843967516 -0.358736974409594 0.327645776988613
-0.22432779300713 0.204138913746376 -0.262244033875747 0.529694044085868
-0.163621137272471 0.274917919970078 -0.139094585896295 0.599196116697808
-0.155324600774211 0.262086654838759 -0.0564953734988211 0.538881527414046
-0.165066559085605 0.210087255766055 -0.099803921911471 0.435203293216762
-0.184341067297674 0.0978807624997174 -0.160092537355127 0.24592976734981
-0.142836602567624 -0.0333842961879154 -0.153813494732682 -0.00837294552500738
0.0213728773262982 -0.0637172924362915 0.112752048177834 -0.187330576322445
0.0529439064366579 0.153434664282005 0.340938641595639 -0.0845582629238914
-0.176880899673394 0.196898973309834 0.406140504769704 0.0849715482054897
-0.338635813739033 0.0677490273860216 0.631368256079975 0.140583894751082
0.0461028938148511 -0.0799284988943327 -0.642812430032562 -0.108668715640547
-0.00869784371150524 -0.162842826025707 -0.396273613785638 -0.134835098637394
-0.13857307541392 -0.0582675707958036 -0.396013566620631 -0.0541808120568407
-0.105590315556574 0.108605255057757 -0.231103002927281 0.239685359104181
0.0267626747224241 0.125634932436775 0.146332147631531 0.145382530228524
0.0726827687696486 0.0608908912077806 0.267333084309212 -0.191071628095303
0.109276589590406 -0.00532525499755915 0.193593118305605 -0.485594102651294
0.109575580049994 -0.0408035299709686 0.115127276570121 -0.628012644504899
0.120071533522935 -0.0376577901227784 0.135513766477716 -0.686918338078436
0.110477440742676 0.0174166938922298 0.247408210870358 -0.643403143890955
0.0802978690005095 0.0823285721290834 0.353003450584367 -0.454982483549238
-0.0122439033606645 0.172495453225779 0.268322673055067 -0.175239955234853
-0.157514718308811 0.0449497267394184 0.0164734148873535 -0.0674692118360332
-0.0874124159072092 -0.149769298561201 -0.150540862100412 -0.188865854193475
0.0334369076518387 -0.124623414444434 -0.306499538828076 -0.455952926821562
-0.192173030564435 -0.105242099633751 -0.622619661147656 -0.116651290016512
-0.190923122162306 -0.0975797372663483 -0.318943803656881 -0.176127024736795
-0.222864431376039 0.0458796463339245 -0.381550228017142 -0.147548429928978
-0.160328865844853 0.15447297497417 -0.298740355143331 0.187508376895701
-0.0725875543736485 0.18865597984012 0.0885236808271823 0.1869385851985
-0.021075697997021 0.193139661504689 0.280461256300575 -0.119218623886549
0.0410708297830204 0.193931367343341 0.233426681443318 -0.440931919429756
0.0320745830350993 0.202000949867203 0.141211417311455 -0.588681739801129
0.0375975467984163 0.217742738201758 0.129661820461796 -0.648685390136506
-0.0435036429390353 0.270034882036395 0.220895921807843 -0.631756594412541
-0.161663283522861 0.244487778467635 0.317447267740328 -0.478628693487491
-0.28747733258103 0.209131549452751 0.258541266832563 -0.194088445074641
-0.378591708473826 -0.000773056569497204 0.00786758999830923 -0.0660284057432124
-0.317615662050599 -0.240698282303972 -0.129004774458665 -0.174832562210522
-0.228502221835254 -0.231688352766621 -0.232441672961598 -0.386806472027034
-0.422272962693963 -0.146996986323588 -0.530738789189699 -0.105552883192062
-0.406547225905157 -0.05022360626333 -0.243982042213565 -0.225916066208934
-0.339664169729124 0.151573314742799 -0.381316601709703 -0.203782196355475
-0.222919434267273 0.213354606847973 -0.337813819547477 0.159674205788142
-0.172615464650362 0.242247978247395 0.0472270510421762 0.213475582256525
-0.126304113426284 0.30570672177023 0.266522146537442 -0.0399110442625252
-0.0432562543804784 0.368694916564274 0.233591789767575 -0.334245547938452
-0.0475396922135627 0.4137973182656 0.149035779006521 -0.459250660109829
-0.0337717447255448 0.43780117102294 0.106217253758535 -0.510225383571267
-0.152333204769421 0.494740096276703 0.157605279831439 -0.520384224693458
-0.339798057511731 0.410425859438503 0.223270125660722 -0.430505683450985
-0.498367091565581 0.278883498918434 0.211985669614682 -0.199805514692591
-0.542675097437439 0.0117127798832216 0.0223529087696454 -0.0732788637064605
-0.50283595110197 -0.24848268690747 -0.0464590634086855 -0.131794636401303
-0.455997639994987 -0.268441428096755 -0.0892006785102795 -0.270602410888998
-0.592357994746654 -0.189439958351832 -0.37033750618312 -0.0572828447048969
-0.580803694729778 -0.0342637188721966 -0.160793445087633 -0.264643134055579
-0.448058603370611 0.199789168278929 -0.395566690595528 -0.216960213706974
-0.315364503040405 0.231756417149385 -0.361305563304185 0.166544682807932
-0.29877368599735 0.282531412355102 0.0112646681971299 0.242636725328093
-0.238929462673313 0.402012121286275 0.218457175122405 0.0511496082392268
-0.126212750475518 0.505546101172302 0.196031508765362 -0.173543036393389
-0.115480931577894 0.561558359448171 0.136034709344393 -0.258041841514287
-0.0908507882600554 0.578287737082555 0.0834022958970524 -0.298989460067631
-0.214757026386712 0.629976929356966 0.0931606667452891 -0.331148280526996
-0.43170711887887 0.512660770226352 0.114442597432702 -0.306718513920542
-0.583956572116045 0.322373391891038 0.143681444405468 -0.178349462946901
-0.584503199748891 0.06143067352565 0.0527121330865932 -0.0915524724815876
-0.58513667295331 -0.171522518003971 0.0837155325982226 -0.0938351217406418
-0.612173533489094 -0.231240351577398 0.101221662503183 -0.142160100398032
-0.662654805276431 -0.206285268830637 -0.171112302292831 0.03444586647098
-0.634759933057083 -0.0394548134394199 -0.0666168013723222 -0.247723533064501
-0.483684950285993 0.157681176074926 -0.377063465754744 -0.176884648510547
-0.411632042547323 0.167059566737904 -0.357363872033233 0.181921934676444
-0.432673307928749 0.284150819999612 -0.0488315429794111 0.272737033596829
-0.337651686852277 0.461791945441628 0.123231366275527 0.165406174619793
-0.189380188556241 0.580074123206064 0.121943718567945 0.0349886877527254
-0.163999450788821 0.624762767383195 0.105284566124233 -0.0196935076102651
-0.134630709241141 0.6187158765712 0.0594291341701683 -0.056028812094574
-0.250831554167804 0.634255617419999 0.0386492743268675 -0.105521831248623
-0.448031868332479 0.484648029249224 0.0155705841335543 -0.146844438269404
-0.534781869850721 0.271912363259379 0.0787968589653384 -0.146768075496257
-0.478489612159273 0.102881427942616 0.100170881005778 -0.120215878402844
-0.549707665676713 -0.0461423158350332 0.229732060997789 -0.0689753100769046
-0.673222748171305 -0.142637728444687 0.303679270841268 -0.0321968526345769
-0.617647634007349 -0.182964566290668 0.0285537050810925 0.160898019023868
-0.545454694974175 -0.0508878768355474 0.0362547949158962 -0.14533249915544
-0.418707610051163 0.0486810054431961 -0.288451101689513 -0.0969760106271129
-0.458346053693781 0.0433306273112477 -0.323586814956378 0.166682274216207
-0.512891195941233 0.242988433663263 -0.149963859714794 0.294237829882608
-0.383503119760729 0.459196288591559 -0.0131885934285588 0.300629005254028
-0.220353973393256 0.57396627780438 0.0273161787178007 0.265079927712619
-0.185855129233106 0.590843217309751 0.0604197993221706 0.218062376367897
-0.168615441660187 0.555869612715162 0.0237154753469295 0.172666266563419
-0.263227036559855 0.509342212258062 -0.0189209199262801 0.0945049561865307
-0.397921702508791 0.331975709397916 -0.0699058046725962 -0.0196645911781777
-0.374485431640027 0.134754091013947 0.0382641476174831 -0.140302023029156
-0.272713523735422 0.125321063074182 0.17004069586088 -0.149332060431932
-0.434037307004686 0.0864337282048585 0.353423683754675 -0.0432519572258271
-0.64099131742689 -0.0454110850809631 0.479805342871109 0.0485066880041989
-0.478890009705942 -0.109940944693423 0.196906550315743 0.294950210605439
-0.355052212718495 -0.032433762337503 0.13799107579519 0.00967929301765198
-0.269075157714675 -0.0482634814676409 -0.156762247184337 -0.0199406566367155
-0.39393236821806 -0.0669576790570814 -0.286647328538813 0.119445246239997
-0.471954356576904 0.166898523929168 -0.270488724056198 0.315286032486885
-0.344443793635477 0.37576144006571 -0.157232545938075 0.440856418806828
-0.208478178320485 0.47427995092957 -0.0614899387687584 0.475438407715902
-0.182476256932951 0.469940148156272 0.0093229223441478 0.420370301504384
-0.183063438449304 0.412498805609992 -0.0281866732233556 0.34897970976473
-0.246989449217697 0.311292869720511 -0.0892206198795534 0.221059327422747
-0.29096537015182 0.129433241691071 -0.1341955323856 0.0248581329404883
-0.160770639703706 -0.00213519116307598 0.04684189698231 -0.170251520769128
-0.0648069681665299 0.147682098177774 0.261508515856336 -0.15198250016145
-0.298775820958165 0.181857165674953 0.42101668523967 0.00584412129615747
-0.527733734607935 0.0352724928653123 0.602186648575766 0.0977431097648058
-0.272934313658575 0.00291806175772817 0.311426023779718 0.395798035800102
-0.123575760172228 0.0343089777546231 0.219295667597087 0.143005639370939
-0.0703746846238255 -0.0698456395714243 -0.0424147843537213 0.0239840769933946
-0.216864668621513 -0.119100888393129 -0.26709160253589 0.0751898146847093
-0.308453857308578 0.0671347860032213 -0.362705011410096 0.348224278104969
-0.22697495562625 0.217204853830974 -0.256375368796742 0.555512757569397
-0.160322251260557 0.289275948212603 -0.121679217723746 0.623199473845442
-0.15223852247475 0.277728650714005 -0.0433891606220932 0.557336121492317
-0.166670736079577 0.223667439158394 -0.0921209426480971 0.450209129716658
-0.190458749481193 0.104960261355975 -0.158346399290096 0.258248552141197
-0.149268772675703 -0.034225425700028 -0.158451023330796 -0.00528177093136387
0.0249017545013207 -0.0724268038400272 0.108934648493627 -0.199933748586194
0.0682831418217216 0.15813257014397 0.348285586628991 -0.098573590452071
-0.175703284914679 0.21451723031454 0.419274411975014 0.0792604855427194
-0.34792579049818 0.0834257369548744 0.65763962484558 0.121348407415457
0.0447107491255446 -0.0847028423658488 -0.66402206939042 -0.0686178683154172
-0.0195461979065263 -0.171014221380014 -0.411417631693628 -0.115128982046069
-0.14769628469768 -0.052133768656486 -0.412026178979015 -0.0350971939350456
-0.103474735471662 0.121768474642595 -0.222882127849203 0.261642898757553
0.0362576707993792 0.129296181575629 0.161306036220743 0.143969923551892
0.0802128518851996 0.0598279670209002 0.265745675943664 -0.211277809563443
0.112495002660388 -0.0130979938710943 0.168300464144552 -0.509687260462308
0.108931645207764 -0.0517989411597174 0.0802665820823687 -0.650840447726074
0.121681311835014 -0.0499043819162434 0.0998158032728377 -0.713159921085801
0.116740459578077 0.0102281382719593 0.214491120264236 -0.676749885494694
0.0891131307326888 0.0820833997777993 0.335663617197423 -0.490027522572499
-0.000886226563232676 0.181810522300678 0.267184876983656 -0.195860890610755
-0.163177252605901 0.0563005144930864 0.0168796819643773 -0.0670608132716614
-0.102068811214608 -0.152396915688821 -0.164128324742595 -0.18539083071432
0.0271358616787987 -0.132692385477044 -0.340255049792012 -0.446681927482832
-0.201216968583635 -0.0949117572884369 -0.646745326588807 -0.0770616539483281
-0.201920881651572 -0.0907200735281009 -0.334424593617817 -0.163727288341831
-0.221547879534459 0.0600856535082366 -0.403360005909737 -0.133654586374553
-0.154595559532656 0.170248436457115 -0.295833761318703 0.211529606582962
-0.0620586035432212 0.198605567475683 0.103195395673237 0.190418629567379
-0.00814849320591473 0.199824589703935 0.284134564477036 -0.13745894528599
0.0544414445410812 0.196144544369127 0.211349049480931 -0.466076350121248
0.0453898013558721 0.204728052174374 0.110370680060912 -0.614073507422752
0.0514253429056847 0.219027650414705 0.0940448878484626 -0.67509779342891
-0.0264033778001665 0.279105046821419 0.188109098605386 -0.663702541616924
-0.151316068626809 0.263291391054342 0.296160333394567 -0.511693051517225
-0.282404684796136 0.235133400898069 0.256158273872623 -0.215822234285912
-0.391905392838792 0.0217814073021384 0.00954618898093668 -0.0645507506773279
-0.344447533174937 -0.230414800950307 -0.141000696401217 -0.172990283788758
-0.246378746360966 -0.225031919583675 -0.259524192283404 -0.383525229627733
-0.440378974558713 -0.121769209487282 -0.553908685946583 -0.0704005289729724
-0.42118861172249 -0.0264864095479466 -0.260602617256539 -0.221863625220549
-0.331977689821086 0.176297317302435 -0.405552292946018 -0.192872174145696
-0.212372882979247 0.232942659632366 -0.338231559719239 0.185800099253887
-0.162237789970642 0.257962524031738 0.0621032554072383 0.220564049050198
-0.109740306963574 0.320632646623155 0.274443075004336 -0.0569344332636434
-0.0216152622811981 0.381129213499182 0.220186982591892 -0.358443189591106
-0.0232223433904201 0.429220345312881 0.124388255401891 -0.482393528509066
-0.00822833272177544 0.451077393699762 0.0803996728594052 -0.531275738082924
-0.125196385073056 0.5168281609272 0.129929056597374 -0.548954598701609
-0.325669650530619 0.446015129576132 0.204059374254316 -0.456944488132657
-0.495089152577496 0.317813901776244 0.207331407487839 -0.220289649407086
-0.558870598236079 0.0425614110092743 0.0244786693653179 -0.0732177620960466
-0.532138406182046 -0.225707653401689 -0.0537596938913507 -0.132971135555204
-0.481458645208823 -0.247806788864001 -0.105484568237062 -0.273826855116187
-0.618445282008042 -0.154371249559993 -0.386233129416229 -0.0318281006573729
-0.59722214919007 0.00254048486772793 -0.178075378273309 -0.268666769090633
-0.438713965810667 0.234020841628627 -0.421802632077061 -0.205373196157635
-0.305376201529807 0.254838114833608 -0.36102716032802 0.195404816144363
-0.290205202432753 0.305266074018749 0.0271006697966984 0.251876999670419
-0.22064811704061 0.425342615526186 0.230584431582864 0.0385569994774337
-0.0987854181329855 0.526253958480909 0.191754766121069 -0.190373570401444
-0.0825445210975904 0.585740589217558 0.123847108663098 -0.275732982158806
-0.0602265272390107 0.603208600585824 0.0695766510751078 -0.312163978580099
-0.183218702765535 0.66178903842201 0.0757087408169489 -0.348074426701064
-0.415216059835408 0.554082674235446 0.0994122626807066 -0.320718804214175
-0.580812863435584 0.366259525757175 0.137496674920006 -0.193933091683595
-0.595627060331869 0.0940816233487313 0.0535992475006095 -0.0933676353606947
-0.609767472995449 -0.14214045062521 0.0811541206057709 -0.100834177651171
-0.637571432336919 -0.199357874002701 0.0973362878116904 -0.155107279549671
-0.692350206347531 -0.167263338917404 -0.177100624912282 0.0501799012848949
-0.654046763259524 0.00114847644256348 -0.0818340115505529 -0.256959454468476
-0.47667257805381 0.191445657177867 -0.401509458657035 -0.164107427499742
-0.408819567245135 0.192459882559675 -0.355842993305977 0.210652192405476
-0.43088041161503 0.316501395622608 -0.0336791518201233 0.283800163302267
-0.319497111605007 0.492305871450932 0.139126366126645 0.160572278924162
-0.160905373754123 0.60647778913662 0.130264806296692 0.0283194869829948
-0.128454712256898 0.653896345664556 0.107296759961854 -0.0297872058228922
-0.103033834764143 0.648277510503534 0.0594989436144285 -0.0607572980913427
-0.219789077206111 0.66819015765139 0.0335802684821549 -0.112017444618392
-0.43414251137572 0.525489889776172 0.00794599870868571 -0.14929854926029
-0.533820052215639 0.308642952675437 0.0720863280624404 -0.157409640860535
-0.4808906003234 0.12952309671707 0.0987415469748679 -0.12614068724152
-0.565558881166612 -0.0138339998664792 0.232622108319822 -0.0833401079254905
-0.695523982041234 -0.10252562007384 0.312033522924657 -0.0548014042380563
-0.645247375485962 -0.145263869976178 0.0350584252105316 0.167127779632724
-0.562567576961456 -0.0140307838934709 0.0295234215846302 -0.156830989965026
-0.417950988568723 0.0734099836632708 -0.304882219134277 -0.0869138623594004
-0.465997098775355 0.06602890589086 -0.321649628398505 0.192291708186517
-0.517445098227281 0.276647334763944 -0.136644299765997 0.30942246843808
-0.368460743228634 0.491437299298799 0.00462918308620255 0.308463842374719
-0.191274928639487 0.601829301098542 0.0485960286404287 0.26974803275965
-0.153787682142012 0.621655356309777 0.0756023273411224 0.217104547643431
-0.14277864591299 0.585371225114865 0.0362344334420371 0.176624203435572
-0.243141065421792 0.538317570247042 -0.0140615160257513 0.0982181346491529
-0.393513955715173 0.365359187427699 -0.0723080257979428 -0.0137249030193479
-0.375982509879172 0.154277783696762 0.0301533513155416 -0.147893213803203
-0.264555756277054 0.140567915681275 0.166409858175952 -0.161784013956651
-0.435267761004871 0.117782818677322 0.359254785277358 -0.0630865242942104
-0.658304024179211 -0.00188373254827683 0.497914233628153 0.0152937172442021
-0.498864237405278 -0.0789733912596514 0.215119319684985 0.293393709156963
-0.365468380715917 -0.00666260484770769 0.142334948356146 -0.00249809743930275
-0.271675601522011 -0.0351616339896352 -0.163811578109122 -0.0149069403100463
-0.4113261291171 -0.0533899701334434 -0.287449719434524 0.14007904791981
-0.481276123691994 0.198149874668158 -0.259993046082667 0.338485688383616
-0.333465132669995 0.406944156391403 -0.134402675720901 0.461720859664284
-0.185791561950422 0.499257350807206 -0.0297071121660522 0.491085978411068
-0.156663313111106 0.496447293927246 0.0344255671887733 0.42773178135425
-0.164782792419311 0.439959513499913 -0.00729401334760831 0.359858958768588
-0.238409454679667 0.333529478161389 -0.0782297833889662 0.232380551982448
-0.293128440456577 0.148282243501704 -0.136507027965423 0.0354996970977858
-0.162721031912803 -0.00051261001727097 0.0360515610266977 -0.179300723408412
-0.0471949928025688 0.152668628072676 0.258664158864513 -0.171120766755192
-0.291911309257902 0.210719815761992 0.43073585839101 -0.0160728563260024
-0.539159564325231 0.0726659315143422 0.625354944529006 0.0574917902694692
-0.279363373868118 0.0238132990120961 0.338533880312017 0.388094816849737
-0.121544754410327 0.046977336939054 0.233346187987343 0.131074634943471
-0.0730593027397841 -0.0690351548580973 -0.0434540896297288 0.0241356230876322
-0.232709397164731 -0.115423982251571 -0.272067240336057 0.0929064599289545
-0.316853106040055 0.0884360720500155 -0.353862591203075 0.377565814667592
-0.222604413797122 0.236698958180171 -0.230374397304175 0.586649784551538
-0.148411800161221 0.306128380071426 -0.0866722927195131 0.646940580742803
-0.137771635600065 0.296877951439589 -0.011947020354644 0.571598301897978
-0.158842552926226 0.242596616299045 -0.067400369992448 0.467574903043677
-0.192426709222434 0.117474585201325 -0.147533658591223 0.274505486321114
-0.156271294790547 -0.0297637814131187 -0.163438441544907 0.00351235079401382
0.0245606696823031 -0.0824055959905561 0.0977625482655589 -0.214571932928806
0.0892538635276433 0.15863790311706 0.349974367317047 -0.123245735439272
-0.165513098805073 0.237006197515215 0.43314617724115 0.0594612678595496
-0.352056269146574 0.109813573832928 0.684690565284562 0.0789730190060346
0.0848524120304019 -0.0501712670719817 -0.585054996985793 -0.345714245174207
0.0591024103710646 -0.164968034765708 -0.324989273583645 -0.275058363292257
-0.111058650956639 -0.108813482473625 -0.357549679780721 -0.207330551442026
-0.142748774840837 0.0690706737078654 -0.312601338070263 0.148679737938232
-0.0207723823443896 0.132187996501787 0.09348116916177 0.203274413119664
0.0477659765446546 0.0888770720087111 0.335592563057904 -0.0771694981610467
0.110101694992412 0.0305277769534376 0.36993756001962 -0.389718168853897
0.122116622851084 -0.00624902972784296 0.344468391651616 -0.555824488704114
0.129980623180995 -0.0016940983608656 0.384828707103035 -0.603201033680236
0.103033393101333 0.0525685291961034 0.474442989338737 -0.52159770132471
0.0486924202683808 0.111542997327157 0.508627517180181 -0.30117903675787
-0.0738332442024756 0.163317469233799 0.322509372536765 -0.0581511879678509
-0.176455637232714 -0.0202018315475403 0.0442423042956309 -0.0532759753736123
-0.0332285109791342 -0.188488806267948 -0.0611249209797102 -0.24261927887515
0.0802174317872676 -0.110785950854223 -0.100145938637918 -0.556625946211897
-0.136515110241997 -0.163321138279096 -0.565514930362919 -0.339376385113673
-0.143533563923221 -0.165301514497575 -0.226390213081392 -0.287705480711723
-0.22351290591137 -0.0339187567010039 -0.302258961920427 -0.295324482325052
-0.206161686813712 0.0923106283871405 -0.356983410931128 0.0727384363599081
-0.138635767787705 0.151412833685524 0.0232347354999487 0.22682884336972
-0.0913806952195309 0.177571267837139 0.324985702238221 -0.00141691175276732
-0.032027576504967 0.197930561294128 0.392896283550182 -0.332452046514727
-0.0470468536966796 0.204899910260128 0.356916501892672 -0.50890552093948
-0.0477243411741262 0.215450618192333 0.365511340592507 -0.572048770834647
-0.139073621762885 0.240434050587819 0.440100882738836 -0.523035855086823
-0.248726160714072 0.177751614038833 0.472674885292811 -0.341500177554906
-0.35088233064188 0.0920920230080923 0.31438965757521 -0.0860695359950396
-0.368083076183074 -0.151069881638699 0.0360845198235241 -0.0583781744918107
-0.218721218191827 -0.360140232504347 -0.0409361743412034 -0.225986564686668
-0.129140334935213 -0.309300539564107 -0.0515429797452551 -0.467912370901645
-0.346505083673189 -0.29077781716493 -0.484678948775857 -0.287025547752551
-0.374076152030623 -0.19639524983022 -0.128627626250742 -0.308917507782779
-0.371437827234498 0.0300803112462357 -0.273668275402817 -0.349805899235139
-0.282128877876633 0.125063207265225 -0.383076196764625 0.0335195487255155
-0.253583160961985 0.160955949907728 -0.0254238722601343 0.241539018903542
-0.23505805948898 0.243300869137369 0.286374106825695 0.0701568723895787
-0.17987252439419 0.335862757792197 0.358371879729605 -0.229158045840918
-0.206138403989069 0.384626168029395 0.316111496901148 -0.381505765512642
-0.199941074039224 0.404273685737596 0.292413769387122 -0.448169957372269
-0.327935857764635 0.417407357860552 0.335272255719475 -0.443220073800277
-0.485887326604303 0.27304442413115 0.35866947542797 -0.331630975873091
-0.577866795556031 0.0775219228369707 0.266489538314303 -0.114979550064391
-0.526253073599127 -0.205043297842413 0.0520127842303569 -0.0631399089927737
-0.388775796374763 -0.433160111158124 0.0227310633808358 -0.155193726327983
-0.333329267912966 -0.426463670154005 0.0405118922995706 -0.300970952592209
-0.497952526334104 -0.397930704685758 -0.349565373396348 -0.175300668727708
-0.551774989706425 -0.244692799494137 -0.0288837753244309 -0.31608032534263
-0.492153874535535 0.0381216181281401 -0.280259504995833 -0.366516724595413
-0.373182310442885 0.105226190808909 -0.407093402230649 0.0357258134110084
-0.390170021685581 0.146702361514138 -0.0691004517912072 0.260439479412009
-0.380692743653844 0.290683264441035 0.208487710228724 0.139298857710418
-0.3121915371047 0.437777447191472 0.263549350400499 -0.0870010571773341
-0.328740836463831 0.507149725973374 0.231145675578155 -0.194397740560657
-0.309944768712093 0.524194378031843 0.191071570001848 -0.253961497168347
-0.439746792296567 0.527232278353109 0.202018055064341 -0.284606862280406
-0.615657128810294 0.334296616404601 0.20399712066816 -0.251729387931232
-0.676754975935205 0.0843286050845396 0.188673153785476 -0.122871051563373
-0.579574427739944 -0.174461707565173 0.0856891510582076 -0.0705078987107424
-0.491874906450983 -0.386527420977373 0.130337278244324 -0.0684605083314282
-0.494962628688521 -0.444933625257202 0.172193557454286 -0.102821581932628
-0.560906257049342 -0.444275638820716 -0.192985995708679 -0.00871388050278916
-0.605691171269729 -0.268643106054012 0.0550474864647169 -0.264287199353318
-0.508884720260744 -0.0183636415268065 -0.280613622055023 -0.317818179855645
-0.44080423712671 0.00166628787447658 -0.410139677434608 0.0563314963437624
-0.524308183495352 0.0959669281693475 -0.138029207278325 0.268981037350266
-0.499407107407435 0.30897708136627 0.0748633309542674 0.212035830446099
-0.403498132563156 0.486305358666491 0.115583116982786 0.085265206338915
-0.398343096678299 0.551726523504955 0.113098289573988 0.0209095701919019
-0.368608960352956 0.54910618365456 0.0776028039679711 -0.0308571810739136
-0.477207549465891 0.519781702115414 0.0666781360913848 -0.0884854019827173
-0.622491606343436 0.301110378820357 0.0495284234369982 -0.134694277004514
-0.609172241179095 0.0498055058076745 0.114378024514727 -0.118035565200496
-0.486039841377547 -0.0935407081427597 0.139392854191943 -0.0784530218113972
-0.5017414677602 -0.248723961219528 0.256367798826117 0.0152279544364018
-0.589351683466063 -0.381148345624563 0.321882042538082 0.0842187699439509
-0.528943316069689 -0.407496508091013 -0.0478064692787434 0.188019845796758
-0.514585206425344 -0.244713117251944 0.111065285502947 -0.127021246695623
-0.40321226362323 -0.103660908517941 -0.230383644384755 -0.204752091942926
-0.441614331554197 -0.139823141109845 -0.374891817167006 0.0554409610032036
-0.58712528290825 0.0248722849983222 -0.245463034652158 0.251268906603223
-0.542745618511729 0.29048894180473 -0.111142896845648 0.289989906365215
-0.42988580323423 0.470937798242698 -0.060633620973995 0.269441398950198
-0.407673225410185 0.512878313427046 -0.0187894695943122 0.230688135066758
-0.377042958774131 0.476667555134583 -0.041595939951778 0.174145195389973
-0.445893568630747 0.393139624287223 -0.0608544027576124 0.0817473843174616
-0.514908787468497 0.168003363197802 -0.0757031593293018 -0.0458028766934143
-0.401790861032274 -0.0232807321956976 0.0782244598859985 -0.127758829916847
-0.289719975572897 0.0108718425869832 0.216170859484052 -0.077517787033259
-0.437267495790403 -0.0716074425332695 0.358646547389039 0.0924353469239324
-0.597027301442562 -0.273550718073542 0.45700078842063 0.231433456015162
-0.423636639982792 -0.286395051881906 0.0653287889496059 0.376389215570057
-0.333877088227486 -0.156481026800295 0.142780178724167 0.060036745922338
-0.225954248222468 -0.145277962767553 -0.138399458071902 -0.0792135160346417
-0.344485764616318 -0.225509288541413 -0.324983683060308 0.0188934260133787
-0.519100439787126 -0.0278202311528956 -0.374764003218263 0.221791929659026
-0.474937726921692 0.228258535257863 -0.308248279724465 0.369850001914514
-0.382360505190597 0.382330277355651 -0.228567965583082 0.435010619398649
-0.357386427397694 0.395688077668522 -0.144062913857612 0.403134339662118
-0.334363347554766 0.335820906739518 -0.156895198142537 0.321912435274956
-0.356947739867684 0.20674677918735 -0.170947119399496 0.175142727522879
-0.332327368761016 0.010171525035325 -0.146723408201654 -0.0299565499776589
-0.142537323088743 -0.0774562948497612 0.104477189064216 -0.153210785012419
-0.0948116040985779 0.118161782478713 0.30511989234557 -0.0427557099194172
-0.346171408740962 0.0761892726727343 0.39798519422783 0.16960822719953
-0.521498308096515 -0.155837188774704 0.551867734486002 0.326885005205131
-0.266294555618232 -0.102134396435924 0.139460174900847 0.508559756582519
-0.131719981338666 -0.00680839187202748 0.162618807973285 0.217355814608551
-0.0321815419608664 -0.0942798336634396 -0.0503965173539136 0.00391304010461118
-0.159032154545474 -0.207087897719006 -0.293223424438907 -0.0242738550888534
-0.321451898596143 -0.0544678191814201 -0.48071420584284 0.209361601239326
-0.301194195860876 0.122696589819102 -0.453059845589853 0.439259277268246
-0.265486785299955 0.22336843777463 -0.347815860946888 0.551822189637084
-0.253893273071623 0.219139249104849 -0.248725299115123 0.514216626915947
-0.245709328884431 0.159554399024451 -0.257202084870308 0.394717829526181
-0.225987102165245 0.0277086076296991 -0.248810307063116 0.18414408028529
-0.131562645344036 -0.0960674572678215 -0.151207016466934 -0.0707197166758639
0.0625953758154386 -0.0725672659657204 0.182997598665591 -0.156817589767442
0.0251887160536584 0.18498340421867 0.368011194749865 0.0427426502857349
-0.245314267107007 0.154577372206349 0.362761550117147 0.243098802622733
-0.36752683173251 -0.0454827992932436 0.591795184088203 0.375694289003627
0.081637779970247 -0.0548248960570573 -0.597455499369611 -0.292289233074698
0.0456720776750485 -0.170405093123276 -0.332246730548569 -0.246985186606647
-0.11828873436657 -0.101266920367848 -0.365544694757619 -0.183348487285354
-0.137073471592219 0.0806392421191727 -0.297906323305295 0.167460595483915
-0.0105601303679467 0.132973082540798 0.106602963587694 0.195446800628317
0.0548575347241064 0.0854197433978399 0.325858991599632 -0.0968161679707488
0.110937206718673 0.0219403046394368 0.335873003068538 -0.405667158355232
0.118783320914314 -0.0175466640662721 0.299326868483915 -0.5661156338453
0.128142485934315 -0.0151376212399459 0.338217368918453 -0.61685731801841
0.10647743750582 0.0434620472751348 0.427212768726445 -0.545774657666584
0.056360246619065 0.10858557306586 0.47850138964398 -0.330697393676665
-0.0608283246690815 0.168655289741707 0.312571933191394 -0.0780756826037314
-0.178378311863934 -0.0080974125586997 0.0429172388652653 -0.0512479818929674
-0.0475570851713943 -0.186794618866175 -0.0738073914502852 -0.233249216796873
0.0719517721009868 -0.116572757661949 -0.132976203590962 -0.534312490597261
-0.142424029425355 -0.147558690061977 -0.578125224115561 -0.289299426935006
-0.151768926514358 -0.153428716500583 -0.236242556036107 -0.267575566011729
-0.218480814677969 -0.0185970555892405 -0.316008118496927 -0.274227601376446
-0.194513232619993 0.106683802264662 -0.346592961132161 0.0958315379196023
-0.124048503799956 0.158080747675607 0.0378530198592855 0.224226991937037
-0.0761440333660145 0.180517114825416 0.320213435848998 -0.0220684825348691
-0.016587791521795 0.195522867203941 0.361378974599027 -0.351946913670289
-0.0314134626156967 0.203124634717957 0.316929586382372 -0.522713344088657
-0.0318975201759089 0.211690626393804 0.321671294263965 -0.584218165383337
-0.118134630144165 0.244339441340975 0.395702008009047 -0.545254656231353
-0.231958378801416 0.194358975942631 0.440431512814756 -0.367359646235508
-0.337281195794102 0.11753802416353 0.303549538472791 -0.10650767494456
-0.373283738862021 -0.122562893990483 0.0362894652725341 -0.0557832498245603
-0.240769416187067 -0.340262169358409 -0.0528311561843354 -0.218557966295568
-0.145397160064784 -0.29383709730711 -0.0791640285860361 -0.452277956442707
-0.35704612222417 -0.256718404681377 -0.496743101396961 -0.242480094985948
-0.379645358895334 -0.165752607099628 -0.142291500135822 -0.296493535722267
-0.354200075584114 0.0552510409714771 -0.292765521235088 -0.330851101139901
-0.263146501184656 0.143364860483021 -0.373941160977656 0.0591486301214902
-0.236643629280946 0.174489785952888 -0.00830070482748889 0.241394713976462
-0.212071715776812 0.252951222330708 0.287800649096794 0.0500685580912185
-0.152758021965299 0.340850793712015 0.335909348208408 -0.248919345098075
-0.174734609145775 0.39229873456847 0.28536341637207 -0.396250709028194
-0.170477147270042 0.409508256625456 0.258484051806927 -0.458067125176494
-0.291692714720178 0.433273848560622 0.29803248891538 -0.46027581457997
-0.459199113399929 0.303941225197295 0.329084211883 -0.34967890816969
-0.560938560768436 0.116197726994875 0.254297402218258 -0.131885852500691
-0.530896843409563 -0.16598794701216 0.0514701907431397 -0.0611571514232634
-0.408730345853627 -0.399604320542014 0.0127299452362104 -0.153277603317845
-0.352460758413254 -0.393136857523142 0.0234322250317181 -0.296817700293899
-0.512510351533974 -0.35066363510047 -0.357374914694037 -0.143249845182092
-0.558786218072599 -0.197827866591278 -0.045837494042993 -0.312050513803388
-0.470001420509689 0.0730640966012704 -0.299810550971182 -0.346671391841137
-0.351797238726213 0.129375859995483 -0.396873262839311 0.0634265127049405
-0.373608470534551 0.16868099508363 -0.0491499739959496 0.261696857646987
-0.352825947510646 0.307770811553641 0.216902735310999 0.122271108984271
-0.274799465975414 0.448731508829931 0.254181630773734 -0.103583695863497
-0.285752617493588 0.52137603826304 0.213922845335012 -0.207738349525366
-0.26941812438706 0.53524073664086 0.172234830780744 -0.261436267230315
-0.395811786925544 0.547296647380822 0.177512218853244 -0.294706999019941
-0.582308610537897 0.372785016983767 0.182033949855189 -0.259811548260873
-0.657848512599408 0.12568579923073 0.176407809204126 -0.134584301509613
-0.576514988241616 -0.132910286231296 0.0827230938549115 -0.0706540868987216
-0.505948016558588 -0.34695834411786 0.123891726694517 -0.0744483139526342
-0.511713337346063 -0.399913489679012 0.165316745191733 -0.113982522517666
-0.580488600689714 -0.391316273095753 -0.192763093390189 0.00851046881561699
-0.61189343734112 -0.216402549322882 0.0387027834372858 -0.26827150413704
-0.488727743796145 0.02018447927289 -0.297755783121813 -0.298911686404521
-0.425962763787178 0.0303251509449558 -0.398024336654581 0.0849523352060218
-0.509390626605657 0.126809002222819 -0.115663242066236 0.273453380973645
-0.469532244536377 0.335192560485666 0.0897507188414471 0.202107952242457
-0.362637727701203 0.502299728678763 0.122769474764577 0.074942617647888
-0.350990465003665 0.569648498456489 0.112626608687762 0.0110274604603801
-0.326185154005669 0.566411456130702 0.0768438020715839 -0.0351881036309278
-0.432903998270669 0.540274474635946 0.0584658965705461 -0.0918504832096944
-0.592099489820248 0.338742619020092 0.0391221326415187 -0.133597354782143
-0.59310445982539 0.0861471032156719 0.103402746900229 -0.125260151572008
-0.475367157032886 -0.0611491249811919 0.133633976302882 -0.0828682120547986
-0.504011933958715 -0.206127831970714 0.252078297472365 -0.000748833807967765
-0.600767148855226 -0.33025446572375 0.324914978868126 0.0577514935843139
-0.544942788260378 -0.357545664422485 -0.037700677616439 0.190767825356996
-0.520843957630753 -0.197220272995889 0.10127388251889 -0.137685201314794
-0.391653333727943 -0.0729893973495524 -0.240919774269596 -0.189687042704611
-0.439025638489873 -0.111368507084689 -0.363278081826895 0.0812396398936036
-0.577056257138599 0.062409579906848 -0.222415829404337 0.261788099824155
-0.514983969469051 0.318870555528145 -0.0875243672048956 0.291193600834389
-0.389978865211256 0.489957056878697 -0.0367309266708635 0.26709465756423
-0.363620530587293 0.532995149849273 -0.0025829997674575 0.225265345435978
-0.339976199889418 0.497581583170772 -0.0266574344906001 0.17381094766152
-0.411542158765643 0.41292772793669 -0.0541423851347801 0.0848773443743371
-0.495744360171359 0.200160561583417 -0.0772368016019508 -0.0377095734537738
-0.392453490101287 -0.00376858109432102 0.0662886466656823 -0.132520205373304
-0.273542088608142 0.0280931710131741 0.206757553180994 -0.0890777917461738
-0.429361939334096 -0.0356812922287495 0.356118749096795 0.068232611910198
-0.601447558318486 -0.222802157098916 0.466748224445519 0.191114089898461
-0.434462639535583 -0.246917649391717 0.084897323943684 0.364915705449682
-0.3367281770651 -0.123799365638734 0.144351162084025 0.0436240172952871
-0.221971749310623 -0.125858533323821 -0.141655154657416 -0.0719940888871287
-0.352793417570254 -0.204598206426502 -0.316208581202781 0.0413885584682351
-0.515249216279342 0.00627097505923616 -0.35228569415373 0.240249105918762
-0.451165337120585 0.254807069435184 -0.275562235757192 0.382047974089436
-0.34900699932543 0.399485896697881 -0.189236153372431 0.441220515885075
-0.321005168342121 0.414715149420276 -0.114207291193914 0.402921647708672
-0.307386048448666 0.355568206440891 -0.131347345021548 0.325877421715014
-0.339552490589613 0.224061297136948 -0.155374917315572 0.184704842593532
-0.326521988035697 0.0292095400749267 -0.146574029193106 -0.0176784864227753
-0.14072040302019 -0.0734063871677062 0.0908035455411713 -0.159950126465828
-0.0739295536453528 0.122094614032092 0.2945066820755 -0.0626492616754128
-0.330094267762612 0.105414116888414 0.398883332190994 0.142113390122192
-0.520347033340681 -0.112763204034618 0.566549343120405 0.277299253694328
-0.268468132141783 -0.0783712509392379 0.166995854979067 0.485874721191087
-0.126636333388425 0.00764393649008505 0.174439824104475 0.198253369678809
-0.0323805791773901 -0.0901268692234342 -0.0493459986640782 0.00461470463348229
-0.171124062032997 -0.198456833494709 -0.289504374189886 -0.00523469047770586
-0.321972907046525 -0.031792241974099 -0.456957251457254 0.236799974357131
-0.288925429240614 0.140534959825464 -0.413344924970699 0.462614272765737
-0.245655179655665 0.236478806872783 -0.299679333722675 0.563314609766847
-0.233075229448283 0.234255588171164 -0.209722553822113 0.517301669019369
-0.230607662032718 0.175311164489268 -0.225816905218909 0.403813741190408
-0.222444393394371 0.0402099253602237 -0.230900685400043 0.197648531481435
-0.13541712684269 -0.0897757149333653 -0.153233768676975 -0.0596461818790275
0.0616193574461583 -0.0811236449655766 0.167668352737177 -0.169353844940119
0.0466050946295175 0.182159573682285 0.361002536855507 0.0150873271524639
-0.228790073521864 0.17488878920043 0.368446571127244 0.217048957983853
-0.363084784775347 -0.0169970767576472 0.608586987052026 0.322356773275568
0.0788646142052894 -0.0571033160146072 -0.592679381574447 -0.249346652027729
0.0345434062162382 -0.17264073661489 -0.329683056785487 -0.223294281910955
-0.122793076667216 -0.0941052578261939 -0.365394875520684 -0.162757918009578
-0.130508023582174 0.0884662377313023 -0.282066246580584 0.17911342831095
-0.00219174808659632 0.131112522791266 0.114619358339937 0.186879374600598
0.0592115015039143 0.0823006630201512 0.312542613844456 -0.109582163912774
0.110217443244983 0.0153633550469478 0.30498122145108 -0.408378432850453
0.114141965295557 -0.0260927646505084 0.263600715687137 -0.564166089300793
0.123573815131321 -0.0249344938411708 0.297538433553942 -0.6159591415167
0.107870957179578 0.0362864575196522 0.385576624508995 -0.55430125767802
0.062179766924786 0.105122267374245 0.445363146778085 -0.347866644573266
-0.0492362410075472 0.170611172199283 0.299761417147102 -0.0915759575545067
-0.17786785279315 0.00162294754328173 0.041781704747166 -0.0495438600504921
-0.0588604901270516 -0.183042993305826 -0.0810677733764555 -0.221852677755786
0.0649136830886245 -0.11896480308911 -0.152582899104756 -0.506697886967235
-0.143002562598267 -0.133315012767091 -0.576750203997377 -0.244751891709577
-0.155460986348921 -0.142483285202813 -0.238613679480844 -0.248354559522204
-0.210515833410948 -0.00778620935809432 -0.320915924737986 -0.255796100207029
-0.181493261010117 0.115499932942799 -0.332961087725196 0.110134830046941
-0.111043890459524 0.160048099302876 0.0490766831381368 0.218062379655489
-0.0629111160172014 0.179196230899179 0.312447971031049 -0.0365390394340158
-0.00508267785962349 0.190107827118254 0.33470725187381 -0.358082122264312
-0.0194991848831661 0.197279343662131 0.280998035860776 -0.522079194154723
-0.0211849753107403 0.204781573439115 0.283177655189838 -0.583920115500639
-0.100460392015824 0.242604042987467 0.354193773244453 -0.55121266936705
-0.214030209078146 0.202279586677906 0.408056041239385 -0.381452285062901
-0.320714933740644 0.133432524325866 0.289514262932189 -0.118994469833037
-0.371202523608833 -0.0999543770002396 0.0368208233658193 -0.0525113691226882
-0.252580731490662 -0.320415906181075 -0.0607327073978599 -0.209245644677342
-0.154586945151256 -0.278721203883722 -0.0967249913018474 -0.433191094665117
-0.355845319553914 -0.226222131968483 -0.495078181887675 -0.204915034420427
-0.378715318102037 -0.140221890004959 -0.14936346229792 -0.282923720223669
-0.334796578880864 0.0719231566582918 -0.300340889438923 -0.313427990213082
-0.243022240774632 0.154533553528607 -0.361072118909724 0.0759949549293294
-0.219495883065231 0.18050130883978 0.0048439076651885 0.237081210294683
-0.191272012450402 0.254746526555811 0.284099931480093 0.0347456531320688
-0.129551371216014 0.337054898968624 0.314176395831694 -0.257677606044568
-0.146034707703194 0.389437001592547 0.258305893268547 -0.400003328299652
-0.145565577687396 0.406900066896714 0.23036552050093 -0.458444582117828
-0.260045906994931 0.435154282856946 0.263407599756076 -0.463884225754425
-0.4297998043464 0.320799599170871 0.300292189363534 -0.356679851184618
-0.538150955900649 0.144338962087174 0.239653176228509 -0.141923071234315
-0.521826890040363 -0.134504811780711 0.0518478514263286 -0.0592712232981506
-0.417520669013372 -0.370487152084005 0.0058354224689009 -0.148355009186086
-0.361149852257844 -0.36257166286017 0.0116250581644266 -0.288880595498986
-0.513427132267685 -0.306633414029 -0.355718367349275 -0.116093949725242
-0.552988683360563 -0.159908836762568 -0.0578426784489477 -0.304318398681811
-0.443149942764438 0.096582930789778 -0.309415914740572 -0.329107740762523
-0.329683437890325 0.1432083478557 -0.382320100257569 0.0826517551372123
-0.353351222838495 0.181207338415053 -0.0334038011637184 0.258119310014417
-0.325830013896125 0.31425623522818 0.219135622016134 0.107588635087701
-0.243934593511514 0.446394297376686 0.243599625150256 -0.114492135299276
-0.246885033798071 0.520909899693135 0.197468274271707 -0.213712499641837
-0.236005909224259 0.536322550739829 0.156876004994248 -0.262968480055094
-0.35542040149422 0.550842087249334 0.155923003107387 -0.296658702855124
-0.545809387981385 0.393512869547498 0.16223500742578 -0.261038447701601
-0.632717601124809 0.15534645473239 0.163748019445297 -0.140555159527057
-0.563201109085235 -0.102279110012283 0.0812065879987194 -0.0703199533697805
-0.505928932581852 -0.310787710809921 0.11732933410502 -0.0773161686081234
-0.515297916866909 -0.359284169400481 0.159112662569993 -0.121125023807437
-0.578403932270609 -0.34546534467181 -0.18917420571763 0.0226179807783241
-0.605601234964039 -0.172932632494399 0.0255740500485789 -0.266905206229169
-0.463482589387438 0.0454809585232382 -0.305848472109489 -0.280208253742706
-0.406219565694328 0.0486917809109912 -0.381474799884861 0.103922030710927
-0.48863629215158 0.147241739028671 -0.0973008394182109 0.271403413244488
-0.438918832407482 0.345146546779193 0.100308033712081 0.191098273612194
-0.327078257182978 0.504427679817118 0.126031897207331 0.0656177325318402
-0.308194209401121 0.572329964400488 0.110167627647034 0.00292340818407533
-0.28896633562267 0.569990150827125 0.0754409496559347 -0.038339003568449
-0.394925633124962 0.547202219153484 0.0512652334985814 -0.0924791154463848
-0.55901159084545 0.360076995076874 0.0309321903853845 -0.129600475730252
-0.571741155963146 0.109866148607501 0.0925422127996588 -0.127746466586639
-0.458290616112938 -0.0381234864955846 0.12719762275881 -0.0850820739958049
-0.495169081669565 -0.173123240037274 0.244938882804967 -0.0116314486962504
-0.598519670806929 -0.285273928173633 0.321539927997178 0.035460001348777
-0.545108426536439 -0.313744821309883 -0.029654179685102 0.189759149632894
-0.513678934601406 -0.158376817639068 0.0919087927668675 -0.144599820821713
-0.37322022243668 -0.0510586491345854 -0.245073214959333 -0.176770345943242
-0.428664224110449 -0.0917934900532536 -0.34670505558381 0.0990019691304999
-0.561290066914599 0.0879480274470309 -0.20227677609442 0.263796198574861
-0.484824325397487 0.332778249874376 -0.0682288146510702 0.286160858007436
-0.353936953732159 0.49287860621015 -0.0176817226792879 0.259886555990735
-0.322788135610665 0.536047665584796 0.0088969350963047 0.216584585725763
-0.305477940556993 0.502494663826713 -0.0150597233291926 0.169371379567247
-0.382542353192857 0.422284434106864 -0.0479090861223888 0.0856501437010606
-0.474949836156889 0.218263268697573 -0.0773352249616509 -0.0300316970351884
-0.381531530140496 0.00967299726857037 0.0555550413730446 -0.132802971207947
-0.25456138784434 0.0383430459215332 0.195958264624983 -0.094929361444619
-0.41349868436886 -0.0090497567530733 0.348325448685105 0.0505944666113204
-0.594815105648039 -0.178841171632327 0.466020470965584 0.155709070492328
-0.433128135924436 -0.21194879302361 0.0978622907157311 0.35104148280313
-0.330472604985906 -0.0966739852272954 0.14218485896228 0.0301028941604098
-0.213506070843691 -0.111673034731944 -0.14189340188122 -0.0660685497423111
-0.352671212840791 -0.187478463172317 -0.304517782367008 0.0561517375308252
-0.504877030225605 0.0315796959118991 -0.328839122110979 0.249562364097244
-0.427846532497989 0.268739486178712 -0.247417348202074 0.385629220620249
-0.318969824911357 0.405032556846243 -0.157727930356528 0.435110147318979
-0.289462629522576 0.420583914952632 -0.0917099678366333 0.394915293757766
-0.280763946724501 0.36395612813926 -0.109599650287593 0.32280103210686
-0.32111548214396 0.232865906529369 -0.140446870342586 0.188187235556078
-0.317483845268132 0.0424959001416236 -0.144161217996651 -0.00817341057719705
-0.137379469768629 -0.0714041209944393 0.0773804420458241 -0.162014809889733
-0.0553834581293562 0.121144930410335 0.280419810737444 -0.074963578314821
-0.311772026378986 0.124583164936662 0.392508623042442 0.120471631925274
-0.511617422408362 -0.077306588621211 0.565582800999024 0.233211190749469
-0.265343868367631 -0.0584485374105422 0.182927821978389 0.461604183460064
-0.118464707489394 0.018442284446114 0.178313276746655 0.179473487057824
-0.0305300513610302 -0.0861200629057858 -0.0481742414763859 0.00425730366437201
-0.178005735597672 -0.189888312976644 -0.282121576251688 0.00850042425098981
-0.317549174150455 -0.0149016392303379 -0.432057655980859 0.252233166066578
-0.275028365960241 0.150594951819488 -0.378505019649713 0.472787716083366
-0.227703407131206 0.24183977295124 -0.259249120070633 0.559637793931044
-0.21342474845529 0.240370611533529 -0.17874360792314 0.511835208651729
-0.215106431997187 0.183752989681779 -0.19850602079349 0.403523023435987
-0.216082734346719 0.04871742861204 -0.213158588378048 0.203878906063874
-0.136363626670651 -0.0840626870110939 -0.152629912610715 -0.0504981351365465
0.0600551638108927 -0.0879587622026094 0.152640345806596 -0.175875128563928
0.0632057159596497 0.175344791360587 0.348358833557424 -0.00307934017951946
-0.211472634792952 0.188301703474723 0.365363002160539 0.195358122267129
-0.354252939064429 0.00582559197941978 0.608176376631115 0.273678311907477
0.0768106232247993 -0.0590765746762969 -0.588146139304053 -0.21522597059227
0.0249946416829182 -0.173841273224375 -0.324946426173104 -0.205507840390517
-0.12694998530367 -0.0886826935156905 -0.365044476734472 -0.148835248483427
-0.124476511215567 0.0939064901304218 -0.270252028468634 0.187231855904908
0.00384191956362335 0.129576750785626 0.119713736451781 0.179426993057852
0.0631141880220216 0.0789201299201143 0.301537992743042 -0.117732879542302
0.108986234103305 0.0102693543757763 0.280656921751339 -0.410102037212629
0.109321682410248 -0.0325344577031874 0.237185480951037 -0.558758552712958
0.119158810907113 -0.0333773990666519 0.268896851298034 -0.611724218153762
0.109057496820223 0.0305560573043048 0.353240609126962 -0.554569801913788
0.0664769761494798 0.102062390569503 0.418849188923165 -0.356785492474754
-0.0403778320113304 0.17207880413269 0.290085872570242 -0.0997291687412859
-0.17753379383794 0.00926155457374796 0.0423916472473026 -0.0470902269827146
-0.0679381729080012 -0.179318688378234 -0.0850081759295355 -0.212358746078526
0.0588622578604305 -0.120303789013803 -0.163955594711786 -0.486673068453017
-0.140693258009052 -0.122445595587486 -0.572339519899219 -0.212175967530495
-0.157235080375928 -0.13438473465235 -0.237550360985328 -0.235406400247282
-0.203675667847391 -0.000627249481474895 -0.324251575180829 -0.243711770047581
-0.170347476887739 0.121704592040172 -0.322466274865222 0.121175112697295
-0.100465676821329 0.161236519844306 0.0567767980930111 0.21237515342492
-0.0525165314580218 0.176909543744202 0.304212088328462 -0.0461918731387422
0.00337881345541958 0.184400720551568 0.313049971422859 -0.361562185405227
-0.0106407228327842 0.190849333001707 0.255895620926502 -0.520937976816433
-0.013028358368611 0.197593548006099 0.255685586967877 -0.580713414062858
-0.0868210869091003 0.239825598133955 0.320830576793414 -0.554062143259905
-0.198995283361258 0.208631649483749 0.380622320128004 -0.38911265931296
-0.306247753812522 0.145621914447366 0.278363290899452 -0.127552873965634
-0.366609471080412 -0.0823981702727375 0.0382117501778539 -0.0504866442335035
-0.261070223724049 -0.305629778339153 -0.0658581967977718 -0.200951252864864
-0.160116939617192 -0.265880906880624 -0.106737064965277 -0.415946840652053
-0.350655903130756 -0.20388789513954 -0.491157264131639 -0.177146355332581
-0.373529557897478 -0.120637928507764 -0.152893918033567 -0.272320541231182
-0.31833014080188 0.0836804385973802 -0.306308360215305 -0.30110993114538
-0.225433965384931 0.160136131399264 -0.350527529929485 0.0875173877532458
-0.204801337458139 0.184242732318983 0.0138491648164568 0.232019853951519
-0.175797005791363 0.254068538390589 0.280058022538292 0.0230169289018478
-0.112155280533207 0.331640194566697 0.297612838295678 -0.263304729281017
-0.127420408486637 0.384725112703719 0.237717137061114 -0.400428704369187
-0.126551255620028 0.400732435691902 0.208609988948683 -0.456043665840979
-0.236617911599506 0.433927607226981 0.238049489199265 -0.464314556723713
-0.405011049754026 0.330854320768271 0.27784995102872 -0.359979434749378
-0.518988672421135 0.161695666460952 0.227945537468043 -0.148593525777295
-0.514183946368603 -0.1100899090308 0.0527081531244716 -0.0583160056494083
-0.421780097232477 -0.346198651069152 0.00153338620726518 -0.144927940327149
-0.363460670832667 -0.337811383719502 0.00377483266373357 -0.283158617801868
-0.506920620937476 -0.275956725096111 -0.352380065178681 -0.0949552189332348
-0.545751704595022 -0.130223642725706 -0.0656342882586688 -0.297844271528196
-0.419136291029346 0.111792638480838 -0.316715093756294 -0.315897714599995
-0.307586560316206 0.151848558289954 -0.37008328584849 0.0956335062536662
-0.335794438750028 0.190084090214674 -0.0220653547057952 0.253598805724089
-0.305652874493155 0.316167941007114 0.219494341090188 0.0958436550931126
-0.220760120433511 0.442823176314392 0.234756422572958 -0.121248919395023
-0.218691362401553 0.516826626981553 0.185367051091285 -0.217254297396637
-0.20981814869753 0.535640419000681 0.145227808125184 -0.264142435374165
-0.327661664875871 0.55195727666387 0.138909703040385 -0.295897101838815
-0.518219372018975 0.40762100830986 0.147799689214625 -0.25974523951845
-0.611254894016964 0.174277854561207 0.152954149948145 -0.144069294077985
-0.551403156519987 -0.0793582949676314 0.0798732434048953 -0.0701171294269235
-0.502428335955914 -0.285262613054871 0.112315345657859 -0.0786994091948177
-0.513152026088626 -0.327428599827664 0.153873684435495 -0.126536735749868
-0.574481494931114 -0.309667628528399 -0.184789298499765 0.0333306670106035
-0.59661144114557 -0.13994383219121 0.0157216728396308 -0.266449761808026
-0.43904302243048 0.063007108987291 -0.311670843013237 -0.268372609623724
-0.388465096433281 0.0593850501042164 -0.367790196948587 0.117084288616746
-0.472215665984324 0.161953748564358 -0.0844592033822485 0.26761487135441
-0.415634163907298 0.350449544959022 0.106499241452025 0.181413404026525
-0.297416727908852 0.502004071290932 0.128690349996214 0.0572639129880846
-0.276098364812432 0.570015474909595 0.107945661737719 -0.00278815098883205
-0.259683037580305 0.570969656409775 0.0740882021978383 -0.04259812407908
-0.364858297788863 0.549596298729776 0.0459148460173263 -0.0922617505676054
-0.531383571930474 0.372818556712974 0.0243133375541061 -0.125261511880499
-0.553181609316319 0.12480562719484 0.083004307418087 -0.127992822451331
-0.442894056826386 -0.0230557454228684 0.123360831622557 -0.0857191185754342
-0.48664663817883 -0.15011233871665 0.238273398489206 -0.0186599185226062
-0.590178812410515 -0.250996117449476 0.317764015547237 0.0175698785803884
-0.54148133903915 -0.279304470560813 -0.0236205953322492 0.189108429751751
-0.505746854396852 -0.129201851662875 0.083506414861774 -0.149766592014268
-0.354967899243614 -0.0357528486715175 -0.248469702623182 -0.168260917742276
-0.417673396808111 -0.0789844748981602 -0.333789996228376 0.109631513581245
-0.545734287186509 0.106914108010185 -0.186495429117289 0.263961403941582
-0.460740055190727 0.339563948573553 -0.0551094521489351 0.280746495966039
-0.327540718598923 0.492332314698079 -0.00333398734514044 0.251905093685769
-0.292063531185635 0.535454045024155 0.0161420398145172 0.208593815181991
-0.27830176255116 0.506456508543953 -0.0061594135898542 0.164547511268344
-0.359078839973905 0.42614274673546 -0.0428423554479603 0.085867094994972
-0.454586447083963 0.229795985772883 -0.0774346029551361 -0.0236728507402199
-0.370224672408968 0.0182158720783025 0.0461719886141763 -0.132560109357533
-0.237584562505836 0.0435271165226405 0.187179723478054 -0.0984571517751882
-0.398927139612116 0.0102849637094762 0.340722790017974 0.0385975255386052
-0.586073834216891 -0.146431566408651 0.461668779624652 0.128602186567193
-0.430417857753338 -0.186214334979388 0.105879067207474 0.339021434251784
-0.322190307582506 -0.0755382421325832 0.137762318923414 0.0183190906569173
-0.203653692131108 -0.101715183434982 -0.14268446913634 -0.0632375899195573
-0.352428599338869 -0.175008889379383 -0.293543891110105 0.065704222895405
-0.494461535251694 0.0505523137694408 -0.311514158571907 0.253695399382689
-0.409418995942301 0.277481558993576 -0.225385075458264 0.384878027056288
-0.295999693036191 0.405893742516385 -0.133653051713341 0.428249832977556
-0.263859757467412 0.420816797187982 -0.075241775655057 0.385523686940244
-0.259909161744517 0.368241855532018 -0.0942636631822632 0.317392837689054
-0.307796723012421 0.238285903042613 -0.128958190672403 0.189551496935881
-0.309445790585632 0.0499517487020278 -0.14146838928355 -0.000277621290500585
-0.134028037145969 -0.0719325276649713 0.0660207427155051 -0.162558573224707
-0.038192891061749 0.118326477892141 0.268470216230512 -0.0828981005039292
-0.295159280768958 0.13994284030047 0.386739781536353 0.105637142109312
-0.501351298358308 -0.0497352767744845 0.562564082463002 0.198724619466541
-0.261341041944655 -0.043589750840315 0.190269413408253 0.442262656199408
-0.111376363173048 0.026651532395459 0.17871815118663 0.163497777576985
-0.0267960674575717 -0.0839428196264521 -0.0486283091074866 0.00324233518926807
-0.183792464002978 -0.183577183631772 -0.275086091826058 0.0184650479781913
-0.312504636900522 -0.00225365731644606 -0.412421193246124 0.260947988854547
-0.264099363864759 0.156981461043638 -0.349283036365897 0.475318728863638
-0.213347853618106 0.245169310526074 -0.229922369855252 0.552513530165657
-0.19862436007967 0.243966251278786 -0.156925890874806 0.504347198674933
-0.202517055207568 0.189666030956334 -0.179767016093623 0.400085562919549
-0.211597138729849 0.0538386433407802 -0.199292039639841 0.205906821375688
-0.137174070826383 -0.0807899203722449 -0.151383764328812 -0.0428358269087837
0.0586282279773697 -0.0943189641694443 0.140431161367973 -0.180272998876536
0.0779724018634616 0.168850035499533 0.335597846978414 -0.0153975259510005
-0.196677287688045 0.198404014873076 0.361289535025428 0.180339954040407
-0.345143375437927 0.0219000382847326 0.602206828819125 0.237658015769576
0.0753065874385974 -0.0612832530067815 -0.586017456724122 -0.18339930474679
0.0163033635980178 -0.175308132750058 -0.322257204548166 -0.191041271893252
-0.130214816119392 -0.0831495972268372 -0.367768828817149 -0.137120413499615
-0.119837797152225 0.0995519515210651 -0.259557021673939 0.195879945147913
0.00968766935307485 0.128914779900977 0.123656108348731 0.174062197996222
0.0671036842295378 0.076746691376649 0.29353807739476 -0.125194489602301
0.108153795613791 0.00574735728162912 0.261335685024572 -0.410374036460651
0.105334837291534 -0.0388092688859167 0.214062279292857 -0.557134935986546
0.114273350773912 -0.0409952207967129 0.241963507269038 -0.60998056161721
0.110095992843259 0.0248086505983986 0.324339904294693 -0.557945070040639
0.0711591581399193 0.0999114566623122 0.397990358366195 -0.366182026461178
-0.0313504604558099 0.174094405736098 0.280741795069761 -0.109060090984935
-0.177567197519381 0.0163233950379119 0.0425328612320452 -0.0458434369440078
-0.0774530854851314 -0.176451388163545 -0.0880898711408925 -0.205373977404823
0.0541193308514435 -0.121979745313548 -0.172703782064335 -0.468239512292299
-0.138790788135026 -0.113578812058748 -0.567847771367638 -0.181048920169141
-0.159453096728992 -0.126482425263291 -0.236692484936019 -0.223643392913502
-0.198203997814354 0.00586591242579817 -0.33046124358187 -0.233183732253811
-0.160462082126711 0.12694040828222 -0.314410982706336 0.130792413591324
-0.090795848723802 0.162722268982312 0.0632618329232417 0.208727814607127
-0.0434139009677847 0.175610951430689 0.298643535696666 -0.0552937083692067
0.0111041298995141 0.179438167319142 0.293453949463695 -0.366965570329952
-0.0032991461950168 0.185880513725067 0.234445269244476 -0.520703137029814
-0.00640677058461167 0.192362396849735 0.230077453070751 -0.580130542986064
-0.0746363563318073 0.23695889904458 0.29104946246716 -0.557730659001859
-0.186121301557971 0.213745869787462 0.358616063106551 -0.396392540467193
-0.294257800305453 0.156652325064909 0.268813789758376 -0.135345415879365
-0.364363903098341 -0.0665924797942123 0.0391651794090638 -0.0495712354056687
-0.270346984882622 -0.292820317445415 -0.070042198324513 -0.194855760194569
-0.16560121996317 -0.255222093845017 -0.115377972957308 -0.403700617183214
-0.347493108318084 -0.184608848817001 -0.48789993225793 -0.150575725916077
-0.371005268456995 -0.102465937373387 -0.156140898432322 -0.264337621603223
-0.303961910362276 0.0936738669340018 -0.314934549053402 -0.291493572425714
-0.209560587550265 0.165199380817537 -0.34292335780664 0.0982761097948465
-0.192588488009842 0.188502126148985 0.0210449174495483 0.229551994752664
-0.162635228554011 0.253939033218299 0.276478716581376 0.0134479357079778
-0.0982841920528087 0.327573846400272 0.28290605204383 -0.27049058167842
-0.108111826544645 0.381312879940338 0.219249452092729 -0.402248651305809
-0.111089532242107 0.399242906973186 0.189593976161921 -0.456788199208114
-0.213877486300077 0.435110724954058 0.213115757344318 -0.466112733784414
-0.386333023015541 0.342676030700531 0.256875698969464 -0.363632882790301
-0.503667668184303 0.178153523793534 0.217363819089808 -0.154193879763387
-0.508128764262838 -0.0905748908940558 0.0533327992984268 -0.0579943410241684
-0.426658822522202 -0.325393524376453 -0.00243926659999917 -0.141632027148863
-0.367273155182336 -0.317307901868209 -0.00203664907020565 -0.279247928494383
-0.503190817814594 -0.249125856092267 -0.350847842351718 -0.0753995751618955
-0.540424549045047 -0.103827634959567 -0.0727801551791737 -0.293164993779586
-0.400420716671393 0.125293722200193 -0.326899407505798 -0.305068337891876
-0.289388250069497 0.158507707626008 -0.361883049457998 0.107595174515102
-0.320696254667876 0.198311476396246 -0.0138898318741726 0.249863858384553
-0.288909476905562 0.318125895156054 0.220195303775082 0.0856973954640756
-0.19985287259966 0.440042704365036 0.227787347351804 -0.12888562579635
-0.194277482570451 0.513802561392252 0.173945761578012 -0.221638560957671
-0.187930414733703 0.533658555477376 0.133639502907097 -0.265826774027606
-0.299732308409378 0.554397212740135 0.12360598283358 -0.296733316432946
-0.493638227435345 0.418978828776095 0.134352876628653 -0.258932368530148
-0.594509374340742 0.190702675024397 0.143708477084143 -0.146896198258598
-0.540830189264214 -0.0610041449626148 0.0788884651297283 -0.0704165615574443
-0.502831263448462 -0.263286510842665 0.107764966810767 -0.0794945224194191
-0.513695430301304 -0.298133009077265 0.14943993003145 -0.133777403915217
-0.572012995418425 -0.278929995183347 -0.182074177044774 0.0441295497031693
-0.591149942071207 -0.110448872030843 0.00664296438469385 -0.266908696744492
-0.419230708643266 0.0788822341816663 -0.319298407779054 -0.258927405941469
-0.3732072701927 0.0682644476842997 -0.357877248182739 0.128762118163269
-0.456168027687779 0.174565075637138 -0.0737897167536199 0.264869203784181
-0.397260976731101 0.355982500432075 0.112126708351607 0.173469842983451
-0.275866427839455 0.500919779134058 0.131314059051636 0.0500393636439698
-0.248682563048873 0.568060996567073 0.10505280089353 -0.00763073215992648
-0.234084982041762 0.571438689815703 0.0715442057205879 -0.0456185236296174
-0.340370772339563 0.553678668253228 0.0411310432014295 -0.0916443824148463
-0.50963489569589 0.386914341716878 0.0182539421806026 -0.121592923429743
-0.539505614227646 0.137177489437479 0.0741763353393765 -0.128674786147684
-0.429976216857365 -0.0106083742847765 0.118767898522539 -0.0873410405655248
-0.478105644979493 -0.127923816176562 0.234085530759272 -0.0247737200998793
-0.585764011756247 -0.218479323545218 0.314713494898687 0.0010562244704231
-0.539517390107394 -0.252768359520314 -0.0182819944288739 0.189700872359126
-0.497469630627029 -0.101745957884794 0.0751241220818424 -0.154869401060752
-0.339894127850613 -0.0222188888611294 -0.25331480972698 -0.161165937485976
-0.410398977900467 -0.0691060373589604 -0.323150729044257 0.120306503865573
-0.532883181821567 0.122371741806039 -0.174786901065318 0.264308786206602
-0.443411755852295 0.348550591188881 -0.0425520961144231 0.276753078018195
-0.304056157051627 0.49401829899472 0.00927645514148294 0.244917591670852
-0.264561860172214 0.536992239748372 0.021873669959211 0.202338092740751
-0.252712299823094 0.510889182076061 0.000249974601667069 0.159668329366453
-0.339715219252196 0.431458601320169 -0.0387886265005499 0.0867067433519107
-0.440686003253903 0.240450422089617 -0.0769485384849986 -0.0177491942340278
-0.363186182057595 0.0234212752802054 0.0373295709550602 -0.131431255009721
-0.222014363729569 0.0474976313724439 0.179291959145681 -0.101575707796761
-0.385258201292408 0.0281426852841703 0.335300440423392 0.0277939921120992
-0.577396645461093 -0.115210499565141 0.45970660669132 0.100581916031164
-0.42757999098712 -0.162640931851178 0.112299203064825 0.32937510686943
-0.315463309837382 -0.0576173742830318 0.133169376058409 0.00762171528736023
-0.195101543136132 -0.0940823575748674 -0.144777393907314 -0.0604327284360506
-0.351226181676205 -0.165195493894828 -0.286159873837896 0.0746136848823429
-0.486194069354677 0.0671927145632422 -0.297343201225621 0.258865675389019
-0.393892651808731 0.285326132246705 -0.205791487529692 0.386969002666641
-0.278447487582072 0.408728605723659 -0.112527611427287 0.423365859183412
-0.242889643129761 0.424740360535348 -0.0621114963172765 0.380253133605031
-0.242112456942995 0.373592471189403 -0.0810625116858867 0.314361882465025
-0.297153461744674 0.245182254336119 -0.118651589392545 0.190742912042613
-0.303672111662069 0.0573592910309174 -0.138972203462334 0.00684937341898602
-0.132661461263638 -0.0738932320507422 0.0561044455809257 -0.162368795360618
-0.0227533732544494 0.11581090180689 0.258086534753304 -0.0900352941950154
-0.279567088418151 0.15339716636897 0.381879096755392 0.0923779570034786
-0.491009846078379 -0.025347065870573 0.557763605908655 0.165833119400248
-0.258487580061791 -0.0299905001345246 0.199061158936409 0.424656768410627
-0.103739658078598 0.033899399647531 0.179080548900095 0.149247622545285
-0.023415136123304 -0.0829109153268076 -0.0494440857096244 0.00270855856121236
-0.189378517859256 -0.179159161812919 -0.270287482769201 0.0267143331697229
-0.309727815051616 0.00936119805675463 -0.395439065848953 0.269145026230082
-0.256253407848239 0.162458734962782 -0.324737714537129 0.477369805034956
-0.201674310636932 0.248831417656236 -0.20188671738561 0.549902571184046
-0.184962555694142 0.247330599015239 -0.13719852337647 0.49949522587369
-0.191653808812156 0.195488079916082 -0.163010425451934 0.39781508454062
-0.208806960778322 0.0598666968603077 -0.187366029896723 0.209128119114066
-0.13853591681204 -0.0787409878186892 -0.15019602088464 -0.0358466942427074
0.0567933899714001 -0.101932792591533 0.129123038458138 -0.184679936347145
0.0918189810478869 0.163692594264409 0.326704181345246 -0.0257892449934501
-0.183293814917615 0.207753709151562 0.358161334752817 0.167154998074104
-0.338142246029687 0.0380900304837867 0.600147840447143 0.201295851096023
0.0921534039122025 -0.0487111283570144 -0.536379597116314 -0.270150228801845
0.046569487034923 -0.170141404364584 -0.269446306312826 -0.235573446358257
-0.108247573814965 -0.105775729878905 -0.328619043439736 -0.202793186137783
-0.128346135679103 0.0715876374208882 -0.28767097521214 0.144966840919007
-0.0146374199883163 0.124986429962389 0.0906329266367889 0.188432689308443
0.0507506373673212 0.0875013484878914 0.304366801724438 -0.0687547376634222
0.10261360590157 0.0213785368954031 0.330300095940976 -0.350327255963259
0.106800808591461 -0.0207939203595371 0.305940628438593 -0.497480038669425
0.115670264862638 -0.0205846025066607 0.343384350275783 -0.544174543041567
0.102096580565008 0.0421702031206877 0.412042378569683 -0.475194366276784
0.0516329024348172 0.111519073458673 0.449181411427169 -0.279350884173041
-0.0623152445416051 0.1604812209481 0.291393985117412 -0.0468349950660885
-0.179861208229787 -0.0200062007528714 0.0472237908424648 -0.0345978649740638
-0.0458576387956157 -0.189233296538079 -0.0467094792086457 -0.221541844722103
0.0754003809615523 -0.108340514979592 -0.0781460051869023 -0.497153871344508
-0.101323051480149 -0.13357420294119 -0.525172452074689 -0.265570294466725
-0.125688329655129 -0.146448365917764 -0.182968187709302 -0.260109068962628
-0.181799463374004 -0.0287388660598504 -0.278519299604753 -0.292633189719748
-0.165946538690732 0.0889508943904562 -0.33089557231433 0.0703228845451403
-0.114870725517152 0.138086307903792 0.0266183011411457 0.210848051733381
-0.0727892820409965 0.160502778489018 0.297705643734148 -0.00381270938769805
-0.0201397776772002 0.17132965937952 0.351169856446625 -0.30158321199527
-0.0374088324487304 0.179509503211651 0.320921022197155 -0.459363581679143
-0.0434125076710204 0.182673560706037 0.325557540270051 -0.516912610357828
-0.11460594632844 0.213360368632872 0.375740620418434 -0.476385448379276
-0.216781106112634 0.172761014580424 0.408432576866232 -0.310506699252283
-0.308183090188295 0.091181232345318 0.276532285504751 -0.0754857664964278
-0.341558764438352 -0.13842933739612 0.0385213056698593 -0.0405294467162895
-0.209037038154018 -0.336836159521041 -0.0312627831100636 -0.210828156057304
-0.111551810886788 -0.277156256418399 -0.0329612998269688 -0.42428088514662
-0.287440093569401 -0.236022793094378 -0.454781993515814 -0.224986499394024
-0.329140421709115 -0.152928639156599 -0.098140879781096 -0.295860809567673
-0.293027350590791 0.0397048196454417 -0.256556915286554 -0.351322576665274
-0.214488023966426 0.116150526060581 -0.353736740136095 0.032871662773993
-0.213474076918562 0.142801151831157 -0.015820706894813 0.222942355606423
-0.200057387897851 0.213256780860327 0.264766306961499 0.0565081584932555
-0.149954933102543 0.294966704698318 0.323667817871452 -0.21050372445373
-0.173930277246608 0.351204129328827 0.28422908460966 -0.34853857889081
-0.181368529043587 0.362564210771209 0.261684757667104 -0.406572513663338
-0.284410578052303 0.376806113110359 0.281294688664042 -0.402686055846959
-0.434173540920672 0.25827742104268 0.298350970136376 -0.293916505949939
-0.512037768349024 0.0698463470247304 0.223968328889796 -0.101916255260757
-0.473854924051715 -0.19272521655685 0.0495599782236563 -0.0475925186197151
-0.35029834411092 -0.397040303495439 0.0246450388185147 -0.149185634174497
-0.291949305305213 -0.37403577242194 0.0533567695978057 -0.278997809434771
-0.426216600361882 -0.323498005091497 -0.335096707300936 -0.132116398669051
-0.491140239013777 -0.178290098934563 -0.0125840303168855 -0.318432041763949
-0.387253900415992 0.0555200551984295 -0.266518681809409 -0.370039732263325
-0.286939337755123 0.0951879442020183 -0.372707587563737 0.0359677953295667
-0.337238886343735 0.127817183995765 -0.0501005293954774 0.237030143082521
-0.331938100733042 0.25021849514907 0.198292826033947 0.112967276292072
-0.266595568461058 0.38418871220147 0.242445672023371 -0.0848611477085952
-0.280677925753483 0.466085724544328 0.20858845074761 -0.182499447694463
-0.279728527389536 0.47930292512831 0.17250627001819 -0.233472744663573
-0.388834647090501 0.478561471816458 0.162862042561179 -0.254792337923068
-0.555051467595861 0.313226957259324 0.156974897519319 -0.211471557562063
-0.60311713864917 0.0629687051719804 0.146941250623285 -0.107734218741036
-0.506117916085616 -0.17207982659134 0.0745947523763259 -0.0546050401457989
-0.432612516724883 -0.350530343352908 0.12025807864872 -0.0677845847325003
-0.439956840655817 -0.382174626840691 0.175766872770067 -0.105615213988911
-0.489219956812518 -0.362284781510969 -0.191380752765483 0.00940185660313726
-0.537427749906921 -0.188459134543717 0.0583880381085655 -0.283419355666238
-0.396420002636724 0.00656197409599917 -0.266437206196921 -0.323999776561408
-0.350325895404624 -0.00618087540931782 -0.370257848982723 0.056591151170191
-0.462846267895757 0.0817590781778907 -0.108280577061554 0.240768641523512
-0.444051396224407 0.268199262302349 0.0790185209797986 0.175753857971274
-0.34895359683732 0.431052279083251 0.115389999105467 0.0701056033774941
-0.341737967239598 0.509622446398515 0.103618393633882 0.0101724518266527
-0.330767947140723 0.507410855395313 0.0721199080418516 -0.0322778622865714
-0.426121011844259 0.469078177250352 0.0465902229726281 -0.0740446078198065
-0.5639652240654 0.276314071266145 0.0211516011577863 -0.0990818451131384
-0.53961527113474 0.0194679951836573 0.0769583537527613 -0.103933352247879
-0.407507738718406 -0.10151480826888 0.118257038517561 -0.0619992985718462
-0.432383006329878 -0.214360948950162 0.232591621740322 0.0110892886578965
-0.523600404690007 -0.315172080190993 0.312881149464623 0.0590504684615002
-0.469241712660901 -0.330077034139755 -0.0574317047909135 0.176389370077312
-0.45195187832857 -0.165756304237235 0.104118978786873 -0.161220272954394
-0.305141969271077 -0.0773364911759389 -0.217469929473966 -0.213741355141618
-0.366210284939772 -0.142120690722562 -0.330868456947209 0.0526488629299896
-0.528585977844804 0.0196464888609665 -0.203678672614225 0.222784067466013
-0.48710367162763 0.249977693045506 -0.088432867052084 0.247835005696251
-0.375947236159606 0.420697460700277 -0.0391512499797071 0.236557998516804
-0.352867445274074 0.47632020360293 -0.0150310910352932 0.197222974515472
-0.337425645545485 0.446035320578415 -0.0330624475771693 0.152562044545891
-0.405299344863509 0.352166418251174 -0.060826770626964 0.0808864673195486
-0.469564761839461 0.146713399160845 -0.0864143487444745 -0.0196608671953618
-0.348394104787552 -0.0551949523707887 0.0458497956884695 -0.118251469703717
-0.214240283233622 -0.00263838346561838 0.185367780723522 -0.0642686847470086
-0.370089675210383 -0.0437754956576305 0.321627056045967 0.0849210795398852
-0.534105156236777 -0.214072516598544 0.435956127676183 0.185231763686652
-0.381479488749413 -0.226555107060816 0.047027064205456 0.333733641197995
-0.287502678891084 -0.0968904483452315 0.129347231266887 0.0128265293566541
-0.159209456536824 -0.123113740154585 -0.127351390454659 -0.0922189732635565
-0.298791727723143 -0.221318717301997 -0.286199285736731 0.0151371543982655
-0.473541000592976 -0.0267989168729128 -0.321208227236221 0.197998137059999
-0.427962580527952 0.200323675026065 -0.265594776287275 0.329309841985853
-0.335768479877503 0.346526434396656 -0.188921645528085 0.387490235427435
-0.310628263017201 0.370616877044274 -0.130036080310862 0.352713493654638
-0.300202388291099 0.31590887639461 -0.138647379106981 0.286936681781351
-0.328900837446486 0.180097807012263 -0.153878433895977 0.162963431819596
-0.303789144687824 -0.00638844418101067 -0.145229811511024 -0.014435034901684
-0.109583050148111 -0.104147375844964 0.0769976614958701 -0.150874890703245
-0.0335308032042221 0.105730048306439 0.265624917778492 -0.0368219585101341
-0.293351294049001 0.0989265411803831 0.354738496433702 0.160782033434553
-0.470547766163955 -0.111537088925173 0.521407525832427 0.269083618873306
-0.247770037564378 -0.0710615942626118 0.113827947829016 0.440853321595828
-0.103209849014808 0.0208219419421252 0.144629986600255 0.165454941065763
-0.00172455659679753 -0.084442170970936 -0.0468872025882863 -0.00846763987573696
-0.146475224051594 -0.206543536174836 -0.262974082311408 -0.0253277487971918
-0.294615824570893 -0.0506503298735223 -0.420836476865539 0.193359759842889
-0.272376148728999 0.107044648080275 -0.396494180197695 0.401949786250079
-0.234327260270352 0.206248021170217 -0.302251572346615 0.496488389540241
-0.222997613832524 0.20847762306742 -0.223101900658314 0.453970640322658
-0.219615285705011 0.151597385908723 -0.232794725599404 0.352156007430281
-0.211743155327006 0.0187535096793516 -0.221305707072355 0.16396256037541
-0.118384247754433 -0.105958944424114 -0.141981607536728 -0.064319672586702
0.0760782926233408 -0.0924176961079125 0.158975480741516 -0.160397362141045
0.0670862239221898 0.177139623303249 0.323864857561599 0.0394395184288155
-0.211561539116711 0.170909901818714 0.317843677101782 0.232280953311011
-0.335661220377141 -0.0250621200860368 0.557083978581194 0.312297285039278
0.090403437562208 -0.0507353316076878 -0.531161653139836 -0.236873746460455
0.0380036238156195 -0.170628453237892 -0.266915968197162 -0.220146501045398
-0.110998031144112 -0.100111101733609 -0.328930396477256 -0.187588600177003
-0.122871744216663 0.0766420618386265 -0.276217791240221 0.153209392825006
-0.00852067853095989 0.124216947961422 0.0934115400128644 0.181621359119042
0.0554415141195086 0.0854297831038984 0.294948935828779 -0.0763199074551252
0.10227757055274 0.0167776359039612 0.309038438843605 -0.350005105771301
0.102053490538664 -0.0257788824575432 0.282858669356704 -0.494603102018156
0.111282905614043 -0.0272121807024998 0.316809016655033 -0.54158707329372
0.102570357816112 0.0359411738771185 0.381299270903226 -0.476671593193014
0.0572219299622471 0.108353746611805 0.425384705048302 -0.287020840695355
-0.0535590522853473 0.16233237015495 0.281461105051592 -0.0554303571977087
-0.180316408884621 -0.0125501833379442 0.0476343594397463 -0.0330205122990261
-0.0552932782613937 -0.185202037840618 -0.0507661312854387 -0.213051793508437
0.0701249598245935 -0.108413985312087 -0.0880958986433806 -0.476880361048622
-0.0985648198106442 -0.125025547409029 -0.520111186737773 -0.233852051721427
-0.127210735550943 -0.138652229530863 -0.182734416441785 -0.247660111148556
-0.175725179178674 -0.0224264403909551 -0.284315970306832 -0.280341718099436
-0.155820186083732 0.0933706047573773 -0.321757629343863 0.0804445116439435
-0.104366148418061 0.138467483510792 0.0316162196746911 0.206286431519313
-0.0630633906129862 0.158923006846242 0.289961813631286 -0.0114283553525014
-0.0125686744886762 0.166144526142502 0.330774073143935 -0.305657897292038
-0.0307210778279058 0.17483431970413 0.296470517490529 -0.457741872109582
-0.0373161312412509 0.177011697237075 0.297165343876511 -0.515425693000993
-0.101762430113041 0.210067425284824 0.345143219761228 -0.478889760690847
-0.202611349470924 0.17687046229733 0.383873207231483 -0.317031386458494
-0.294667318581038 0.102602072935078 0.265135349963624 -0.0824401377552439
-0.339289164416869 -0.122626877493991 0.039745683684622 -0.0391338424561826
-0.217200876326686 -0.321045369957562 -0.0357804061912441 -0.204180191882231
-0.116406126956801 -0.26422010618925 -0.0428605651040087 -0.409915012173365
-0.282359287879972 -0.215614869861141 -0.450938771765072 -0.196561296397747
-0.326105847461833 -0.134824751032113 -0.101917327174978 -0.285584564305469
-0.277520569644141 0.0500751986017509 -0.265778497544437 -0.339117245617244
-0.1987551802206 0.119838043149674 -0.345810599269787 0.043063072393479
-0.198977105136106 0.145915341886749 -0.0100867980584399 0.219150320346516
-0.186280538234141 0.212425172680688 0.259859394016414 0.0473403403507816
-0.135800112546278 0.289811127016641 0.30824116672752 -0.21604236311836
-0.155410480816283 0.346750652597158 0.26593201643324 -0.349626588550819
-0.164116970144781 0.358721157088982 0.240827469005922 -0.405617097579493
-0.261254440828428 0.377447674990175 0.256347323910178 -0.402070411283389
-0.41144864461418 0.267599583552121 0.277300414149301 -0.295508156526488
-0.49353159524692 0.086163612819564 0.212465196921922 -0.10601172437662
-0.465042972180002 -0.171803159979551 0.0488384525528727 -0.046139585661928
-0.35598261506451 -0.374537514703363 0.0207719619525605 -0.144931540525898
-0.295401923992091 -0.350017421979092 0.0446997586217212 -0.274127077142466
-0.423222490999446 -0.297175829522667 -0.331264156599823 -0.111488061077826
-0.483640149713468 -0.151143252644891 -0.0211886706986844 -0.312363215359871
-0.365729629950262 0.0690370742155266 -0.277613389371797 -0.356554340033278
-0.267298015133853 0.101123923586437 -0.363085219913918 0.0488927568546595
-0.320094786172532 0.134931103834599 -0.043709382850524 0.233294494153204
-0.314472633566009 0.252735584220484 0.197347988532109 0.103579491944924
-0.246734220935822 0.380393052114588 0.234546383462698 -0.0929062983862918
-0.255752476392947 0.462725063126373 0.196805857078768 -0.185870795380763
-0.255138924939852 0.477229847815045 0.159700647381984 -0.234608763392056
-0.359961278589257 0.477594226044357 0.147418254767103 -0.253380647606186
-0.527740226309602 0.323886362063917 0.143918797843891 -0.208871920067666
-0.582726235370744 0.0822096505482665 0.136345136110961 -0.109140050980828
-0.493590270175491 -0.151693115619246 0.0718122597921156 -0.0538195873717719
-0.430846019752528 -0.325873476013066 0.116000089390658 -0.0686379898450664
-0.43638809150209 -0.347713388667793 0.169617892871496 -0.112184984586927
-0.486005162383977 -0.331988182159373 -0.187151388334469 0.0197318435421521
-0.527964511613094 -0.158219124095091 0.0479468792883373 -0.281971651490088
-0.375728376266426 0.0208960377967174 -0.277071863540936 -0.312066273343261
-0.334928479481568 0.00229664065475815 -0.360476178536303 0.0689479785152635
-0.445615283007932 0.0935551508133769 -0.098804118872624 0.239118696766046
-0.425759583798083 0.272833856473038 0.0834862579937904 0.169063120075634
-0.326978433993061 0.42787202160445 0.117689040835176 0.0617551538888304
-0.314012653760011 0.507302851702639 0.100015048395905 0.00541597462096337
-0.303733132592367 0.506588382015189 0.069002197969551 -0.0352230564871442
-0.398675242571594 0.470857774092445 0.0416003465441172 -0.0727610307185238
-0.539794942998615 0.287906053526342 0.0161450946125219 -0.0939612793584619
-0.523225874367229 0.0346627424716764 0.0679099505149382 -0.103020943610569
-0.390867310195184 -0.0879234356603546 0.112999989679769 -0.0627348767617009
-0.424686885558018 -0.19243587632781 0.227825137248587 0.00452618504551185
-0.514750772955867 -0.279768016264511 0.306888453050722 0.0407979620468212
-0.467958694240379 -0.301103755276838 -0.0513390060163902 0.175665127860514
-0.443873253712338 -0.14004277400212 0.0934329469653005 -0.166246117746492
-0.289072269209907 -0.0642175233206515 -0.223798978474472 -0.206027550991044
-0.356002310121857 -0.130699346513631 -0.322193485252728 0.0628424106920964
-0.512877257357351 0.0342542245095811 -0.191121395268435 0.223518738614562
-0.468661849956385 0.260235367078763 -0.0770277894290442 0.244131592037792
-0.352474260007989 0.42103400484443 -0.0264042488347743 0.227857370631843
-0.326596107727533 0.475594924294349 -0.00860211973776069 0.191659006159232
-0.313971284675268 0.447295882619556 -0.028033927837417 0.148766471009948
-0.38285772742643 0.355027548201538 -0.0563952260179624 0.0810603838766783
-0.454140809347267 0.156619686775724 -0.0852738134230352 -0.0128954616675418
-0.340085120295036 -0.0494438408379393 0.0370269370554796 -0.116229542357017
-0.198051772047491 0.00129848400626188 0.176290531788047 -0.0663944837057719
-0.356554249793775 -0.0264270032519238 0.315351339733032 0.0738323380178859
-0.523371189435858 -0.181706931721999 0.429558357321403 0.158705549551032
-0.378452290033616 -0.203010376549947 0.0533793084087577 0.32236657943935
-0.280279125725767 -0.0787265048461683 0.122731677463094 0.00271192605072675
-0.150038350880192 -0.114850758958751 -0.131223436978571 -0.0893576757699111
-0.297721980655781 -0.210766331221818 -0.278094962928905 0.024346286193107
-0.462625531076272 -0.0116814594856327 -0.306449993646352 0.202358756119166
-0.412429085720704 0.208566121435239 -0.246809878149055 0.328080642637223
-0.317252390713037 0.34747287640573 -0.167111364228309 0.382442055235112
-0.289013784284425 0.371195738840518 -0.11499302925942 0.346330218266863
-0.281379771717332 0.317752393321208 -0.125882987546296 0.282542474518281
-0.317100567159635 0.18605622520778 -0.143777638127065 0.16386950197675
-0.296724751229936 0.00103059935549537 -0.141927620582857 -0.0068480948977236
-0.10846233245294 -0.104689130521008 0.0663950057819321 -0.149888033172871
-0.0167884837285575 0.102565744040221 0.254469921249523 -0.0421931542692655
-0.277115066685562 0.113143377252267 0.349880502540335 0.147218546527074
-0.459684622827095 -0.0865978746051314 0.515529498828916 0.236720506521513
-0.244569699730584 -0.0564233524054082 0.120354063237719 0.424039204009439
-0.0963930172497394 0.027476243516293 0.142025739417768 0.151901901271474
0.00181754893248871 -0.0829053604043756 -0.0476533856326926 -0.0089520750672448
-0.15170821292807 -0.20047360580843 -0.257987158074619 -0.0172677867167847
-0.290489765832032 -0.0395898339717386 -0.404109151886586 0.202292541998021
-0.263921402368717 0.112689321613508 -0.369945678285744 0.4036321116917
-0.221595197263838 0.208898018087599 -0.273218581287945 0.488559938321847
-0.209828676305077 0.212034214091416 -0.203792590071521 0.447199637470046
-0.208726569477786 0.15666708988952 -0.214795867465372 0.350766672779184
-0.207753817126294 0.0240979053911855 -0.209630998286775 0.165825098315593
-0.119033777361061 -0.103448200832646 -0.140428838672819 -0.0575473069120849
0.0738833848759196 -0.0987842369597942 0.146904409507633 -0.163591335281575
0.0806611780734274 0.170927520509583 0.314276664323595 0.0299571715371983
-0.197689204057178 0.17951607001201 0.315391853447365 0.218770079338618
-0.327370719480328 -0.0095129447510675 0.550993699295837 0.276466617245909
0.0899154377903852 -0.0522108890019231 -0.518159051324421 -0.211269022361439
0.030939534912047 -0.170174223207961 -0.258233891388048 -0.207939922948883
-0.112218409988687 -0.0965689469138779 -0.326739988074197 -0.178111265791824
-0.118254017100202 0.0795822666772984 -0.265243133321445 0.156180843490685
-0.00465482344375877 0.122846087941237 0.0947665653737261 0.176777509506102
0.0581862855518749 0.0829430542027331 0.286762706269114 -0.0785617851828303
0.101226864200084 0.0129756267190582 0.29304513054813 -0.3460548559482
0.0973828405160753 -0.0286770945289316 0.265597232102275 -0.486287806926766
0.105426811264736 -0.0310495702858073 0.294543273948595 -0.533502073788383
0.102931081735265 0.030734792079681 0.358979219710963 -0.468753023220309
0.0604769524547234 0.105612556340507 0.405774765974408 -0.287080225779432
-0.0453000063576673 0.16254836952824 0.270960761711437 -0.0592640241659796
-0.179311754216351 -0.00705882966073192 0.0476644170957544 -0.0323852521796085
-0.0613959132295298 -0.181312925608206 -0.0519170427202811 -0.204891756066248
0.0662613898961447 -0.106773904883625 -0.0904158072707392 -0.458493471150166
-0.094519824868968 -0.117723059482511 -0.508895209411872 -0.20755724802
-0.126135543613448 -0.13192857014556 -0.177591293936948 -0.236321471483964
-0.168215656273281 -0.0183325603694526 -0.286455640495515 -0.27130607561904
-0.146104923334738 0.094419319641692 -0.313385554148949 0.0858053119863648
-0.0959483905722535 0.137296788160663 0.0326006844637357 0.201705481261898
-0.0555605711547935 0.1557195335033 0.282227038962455 -0.0148587271485576
-0.00795054153124692 0.159627064789877 0.314703992711039 -0.303046674481393
-0.0259333064389445 0.169062762199758 0.280167957516856 -0.452143254953242
-0.033636048686941 0.171000309899359 0.278134004841205 -0.506708917398547
-0.092489513000431 0.204152767808357 0.323765513266686 -0.472496815380643
-0.190847718827025 0.177704456091809 0.363752106374282 -0.316108226831518
-0.281415350713171 0.10828525811531 0.254615399199101 -0.0855922230792775
-0.332221282667787 -0.11055857370731 0.0401611308873235 -0.037618230446065
-0.220766919551385 -0.307767590877111 -0.0369512039905137 -0.196314098996042
-0.116875091698738 -0.251215236955371 -0.045888973000259 -0.394707395178572
-0.275511755795934 -0.201578269297654 -0.443165667778278 -0.17484164835446
-0.318051502774754 -0.120878156220188 -0.10229684898782 -0.276527434635688
-0.261789263197522 0.0553285033115395 -0.270241915077452 -0.330256164648932
-0.183849700182796 0.119809383869692 -0.338192297131547 0.0494469819573043
-0.186488745375697 0.144931785356457 -0.007278362745851 0.215874540199332
-0.175193868108581 0.208872275889465 0.25461662192031 0.0427056337395375
-0.125713660730367 0.281656744379182 0.294846536751806 -0.217482598035531
-0.143888929265899 0.339269634078895 0.250189473670954 -0.346587714645384
-0.152689137565613 0.352064578542541 0.223904127986081 -0.399398889464544
-0.244521822564488 0.370275907972365 0.236815756691822 -0.395488650977985
-0.393349644354186 0.270690082297019 0.262002814843262 -0.292083444900342
-0.47653544274657 0.0961598490667326 0.202756735665499 -0.106993558745815
-0.453372519756819 -0.156290104580029 0.0489042152416849 -0.0441678233518484
-0.354163017565221 -0.355913201860004 0.0181509438322471 -0.141355296914153
-0.291105801270661 -0.328746639104872 0.0411312577375952 -0.267976405010171
-0.413495736261393 -0.274156654886428 -0.324393482812386 -0.096315974397884
-0.472986406799543 -0.130478053809157 -0.0248304086390855 -0.306022345876714
-0.344929612742096 0.0770373480291652 -0.283957646306858 -0.347355494912671
-0.24954899426567 0.100845130994668 -0.356519542827203 0.0554809759398459
-0.303663724652397 0.135534692045933 -0.0392806680074494 0.230501513693668
-0.300025163552536 0.249019006261491 0.194821257464894 0.0986819096247098
-0.233768194514435 0.371814098401991 0.226590134405421 -0.096899516806398
-0.239225599603928 0.454357261840614 0.187158591479328 -0.185402363221068
-0.23655612507489 0.470385779760589 0.149663381761897 -0.230994355300869
-0.337862733498127 0.473279033042053 0.135166593586187 -0.249038842124816
-0.506898594482875 0.327432396038203 0.134129985256475 -0.204122442021611
-0.56353940699092 0.0904156932516217 0.127607863519047 -0.107717518123371
-0.477791382267467 -0.139542016400738 0.0697570907416124 -0.0514278562289189
-0.424870196869435 -0.306712869952617 0.112857227516514 -0.0680440519782442
-0.427231244866297 -0.323335259352028 0.163699021000006 -0.114581733825156
-0.477206122679605 -0.307385984844806 -0.182119577432047 0.0275900506168489
-0.515955011566794 -0.135001361538913 0.0398728598267877 -0.278834655372631
-0.352991693359176 0.031547701229097 -0.283393095838331 -0.303443709911461
-0.316561984410691 0.00528348153212109 -0.350826575669875 0.0757188411694504
-0.428248903407429 0.0983931829406736 -0.0922261583629766 0.236336887657806
-0.407992856564493 0.272631212569157 0.0854935858728416 0.163563444621441
-0.310894977244757 0.420689642833493 0.117547238371527 0.0536636415302377
-0.294129313588535 0.500189988941503 0.0976299955049603 0.00285944802084662
-0.283897775526726 0.500394813600235 0.0659618793242327 -0.0367158111734683
-0.376380033712755 0.465717967794999 0.0373309649588924 -0.0709005032003016
-0.518977896860363 0.291839231483374 0.0131183460464885 -0.0885845394289557
-0.507450801979172 0.0402252097765821 0.0600943503774786 -0.100052965739217
-0.374070991555135 -0.0811465199435591 0.108499618701426 -0.0608576885818396
-0.410778342061834 -0.174861777708019 0.221693276456739 0.00107003352654229
-0.502148329948698 -0.253946856937222 0.299651258332221 0.0294328980000023
-0.4606749724477 -0.275223175716298 -0.0488244874047079 0.17350600894839
-0.432640348672642 -0.117738046258462 0.0847719576751398 -0.16814344921881
-0.272030288099806 -0.0550983732787644 -0.229299490493991 -0.199610135850241
-0.344852969266055 -0.125943776401917 -0.313610434571046 0.0695618259559813
-0.497966812336865 0.0424152449703433 -0.182007524634239 0.221534218678196
-0.451365967647777 0.260733029042995 -0.0682935173026961 0.238963512743199
-0.336413259923463 0.414142003851597 -0.0178505212184266 0.218101349655269
-0.306102094363858 0.467956904759953 -0.00483349828610201 0.186438193749093
-0.292333669978988 0.442197221869552 -0.0242045223291513 0.144350377953617
-0.365603746961272 0.354407705179408 -0.0536279554018131 0.0805163228982062
-0.438997748867658 0.159912711573494 -0.0824153323842643 -0.00758990895902646
-0.330168659181766 -0.0458766637648066 0.0293955292486332 -0.11357842094137
-0.181446887151019 0.00175883804711028 0.168630663802335 -0.0649884960825939
-0.340904332385193 -0.0131337668062339 0.308182744438892 0.0666061154667502
-0.508870777080627 -0.157522839633446 0.420577384297651 0.139071473173005
-0.373625408081818 -0.182377206449157 0.0535606932217127 0.311452156828695
-0.270319079596019 -0.0633820203198587 0.114819647238304 -0.00353549043811713
-0.138916200107039 -0.108910809832979 -0.134544132979264 -0.0867243450810461
-0.293585910305281 -0.205479844637433 -0.271909917298359 0.0300081392737716
-0.451961806820448 -0.00268353611681371 -0.293674296512227 0.202280557576195
-0.39906855375799 0.211276527139352 -0.230123887239757 0.324063595010591
-0.30286097459104 0.34312322502199 -0.152691915869636 0.368723820293806
-0.272979183526254 0.366975281207892 -0.106632600098195 0.338930336755031
-0.265259097028872 0.316482546048774 -0.11737152626758 0.27621475705412
-0.307118308149704 0.186265815216758 -0.136669798530374 0.161569799639897
-0.289815934448591 0.00432299090106121 -0.137496539664642 -0.00144760687621321
-0.105719804658918 -0.106366005144594 0.0580114599696564 -0.147730671654807
-0.0026599158779677 0.0977629745983058 0.244884880381561 -0.0434718532415614
-0.262031490388969 0.122267109849103 0.342413685643032 0.137287851087057
-0.446142121306405 -0.0686585450610176 0.504436341243104 0.211380394777207
-0.240241263734173 -0.0436033384264293 0.120062269244467 0.405597025351446
-0.0892473752942628 0.0330594765720681 0.136532209789472 0.141178544172888
0.00655099594423442 -0.081427746028319 -0.0494355004409183 -0.0094806258677188
-0.153687320518747 -0.196689827195994 -0.253295997435069 -0.0115835450954852
-0.284883342263699 -0.0333557912949459 -0.386800101682543 0.204402891786654
-0.256392827252877 0.115952412643758 -0.350702659564359 0.401626156396154
-0.212626984702572 0.208277018620828 -0.255221707350098 0.478045298427419
-0.199410441069086 0.211866267264843 -0.191734440004114 0.439509286158657
-0.198634947226229 0.157425861398462 -0.20268793775469 0.345344299005673
-0.202904366147004 0.0276961941603371 -0.2002889230097 0.164066099160672
-0.119059024184327 -0.101709674155989 -0.136616546703689 -0.0532865924503309
0.0727376413634511 -0.103315927893461 0.137381007484024 -0.16435040981007
0.0911157554165042 0.164385788649117 0.303769028437045 0.0251947121150524
-0.18538876580439 0.184677209267953 0.30974917969771 0.208007345811039
-0.31814070263414 0.000897263717066551 0.540852917609291 0.250419038560692
0.0905005208251591 -0.0531491401062233 -0.509170044089501 -0.195809694462652
0.0267170913038956 -0.169913830356933 -0.249497918600608 -0.201930687573469
-0.113383422704555 -0.0958786691156635 -0.324237958246077 -0.174061084706192
-0.115968951361203 0.0811543303185306 -0.259251773866477 0.156745348145399
-0.00099374181349562 0.122258809901652 0.0932150971610631 0.173956649825244
0.0611092719979754 0.0816723651549123 0.282146699333735 -0.0772767359697295
0.100994390314244 0.0107309696521694 0.284747318774251 -0.338871485139275
0.0947492061846877 -0.0306024026952043 0.257089675128061 -0.480195817625998
0.101482093986028 -0.0347259934109823 0.285861290718847 -0.526358056055557
0.10269113985696 0.0270448406046424 0.345070396408285 -0.46319331746652
0.0632084877956385 0.104388923501996 0.392626676668795 -0.284487911214124
-0.0398802084765882 0.163370099820045 0.265133415761267 -0.0598566946767416
-0.180010510167304 -0.0028993403914572 0.0483376994024093 -0.0303216053873372
-0.0658198398287355 -0.178859519931247 -0.0497619154863608 -0.200518288302753
0.0651358938230679 -0.105297206938172 -0.0881955872223474 -0.446258861127097
-0.0892680136133916 -0.114197669515275 -0.499365844293179 -0.19343587894135
-0.124358160974946 -0.1284034875056 -0.171633051576629 -0.230779928817713
-0.162694262707988 -0.0173484994210497 -0.287390505388519 -0.267586914233009
-0.139128318706976 0.0938820000440267 -0.309190085086503 0.0870796508008788
-0.0896155394367065 0.135796525597058 0.0313314679170811 0.200551824192307
-0.0511739445021473 0.152840192615689 0.278581226454415 -0.0140838213836857
-0.00595520796490502 0.154947644670335 0.307838752073367 -0.298850338098291
-0.0246554328881834 0.164435646169392 0.270830727147709 -0.445205702902423
-0.0328554137704322 0.166597943846121 0.269837896198119 -0.500250719669165
-0.08696538425568 0.199489998341228 0.310113137856041 -0.464417529043913
-0.182772732576062 0.176468540323223 0.352167748787838 -0.311809203976247
-0.272377959829584 0.110242862655083 0.247782799271295 -0.0851596851289345
-0.328445344426337 -0.105549266687273 0.0416838896917018 -0.0351201377636343
-0.220695248472216 -0.301089880878701 -0.036552408960794 -0.192683162106464
-0.11355935582017 -0.243073504560244 -0.0439630897520951 -0.385593009368983
-0.26688181630843 -0.192723920685812 -0.434478443455034 -0.162092510525331
-0.311929818055437 -0.112944865701356 -0.0987412455582893 -0.271179172133053
-0.249343724812403 0.0566669253515662 -0.273889346108267 -0.326072598454403
-0.173346730189935 0.117260223131708 -0.335143929111717 0.052438917301849
-0.177893217671534 0.142223752616253 -0.00766095355846256 0.214681769003271
-0.16866114934648 0.204832036179106 0.251083244984711 0.0419896495717899
-0.1212293924575 0.275421140233155 0.287724858485639 -0.216111431463568
-0.138343830702736 0.33348585792825 0.244387513553924 -0.343269890341231
-0.147184771416884 0.345853497010299 0.216766849604647 -0.393858018130083
-0.235005524754352 0.363327536754128 0.226610803739926 -0.389362706303031
-0.380135749097848 0.27085410376541 0.252291394562373 -0.287408735692487
-0.464986868603523 0.0976919685029664 0.195593536094322 -0.10548800956824
-0.443069933203167 -0.152025627965579 0.0494708313675831 -0.0415871974612095
-0.349903759652826 -0.345578129916066 0.0185400168163662 -0.138249649659733
-0.283800436885876 -0.313120232383504 0.040588993830118 -0.263508013547921
-0.404127049057749 -0.263186823825053 -0.318781322155716 -0.086217371793179
-0.463764215837685 -0.117875191966585 -0.025495979256772 -0.301835107655849
-0.327712715200765 0.0797080854666779 -0.288645370484846 -0.343293755879733
-0.235606705589285 0.0979126022682905 -0.351534224149471 0.0592821978800988
-0.29269427332493 0.132211131568911 -0.0378844307806843 0.229279807802724
-0.29280269820998 0.246421701669753 0.193675535838147 0.0979897236396972
-0.226818451365609 0.362541694776239 0.222753117748745 -0.0987673335879166
-0.227845972275632 0.445748175349868 0.18243943456669 -0.184635719793588
-0.22805122838272 0.4625217016365 0.144023401353976 -0.228405403187993
-0.326432774808581 0.464802082962262 0.128425604875536 -0.244325275366607
-0.493019523730949 0.326729817066565 0.128594738874251 -0.199705562117157
-0.551563038510167 0.0905531821887862 0.12114218482822 -0.10499192932308
-0.462845931776881 -0.136221277431022 0.0689621994542435 -0.0485412223379741
-0.416827355401877 -0.295921761511844 0.111135899668547 -0.0672552284325408
-0.417109595161969 -0.304893511394292 0.161196442623995 -0.116497909671967
-0.468727439766095 -0.291770109488622 -0.178579416002699 0.0322034871217896
-0.504207494249629 -0.120342561840363 0.0362466261409756 -0.277774300805525
-0.333948061648885 0.0348992590886105 -0.289054903264316 -0.298494009276121
-0.304570802966634 0.0025704273056915 -0.346267594935111 0.0795329824423162
-0.416996803526315 0.0953933543251664 -0.0888345926321953 0.234698162894359
-0.399828310917605 0.269167885319559 0.0872056353294531 0.160623211969278
-0.303412216792223 0.411683854142582 0.117464685187697 0.0487549177486713
-0.28373373182712 0.493613944721751 0.0961425161841359 0.000793696701465827
-0.274320666085306 0.494357903536878 0.063638471859565 -0.0366870418495127
-0.365467906369542 0.460366966921449 0.0346429654422687 -0.0690788830933723
-0.506671834262538 0.289251397906386 0.01198144793525 -0.084469927132126
-0.498336489322781 0.0387527865998263 0.0546500551384096 -0.0975357166763306
-0.358609366400345 -0.0821482136616917 0.105748970999057 -0.0571247709841925
-0.401251051115472 -0.165753875375764 0.21854510192972 -9.66860573664814E-05
-0.488255733631755 -0.23684280627405 0.294736858890217 0.0219021359209501
-0.452328861934892 -0.260785971356984 -0.0485092862375131 0.17221253179638
-0.420817448841922 -0.104354671708455 0.0777418784886516 -0.169490828722799
-0.254411654850747 -0.0513887909853568 -0.23325850680192 -0.196520521531752
-0.335661867294848 -0.127262326234715 -0.308380108166025 0.0731018802167658
-0.488540941828148 0.0436988745413135 -0.17616688343509 0.219520004672882
-0.444250517536825 0.259436542697038 -0.063135485881054 0.236156709206837
-0.329954850178644 0.406851217767107 -0.0139841698394465 0.208492188130884
-0.297267985144774 0.463688969473557 -0.00330003705815461 0.181675018115616
-0.284090590301649 0.438084502763527 -0.0231341336656124 0.141171033159089
-0.357320503554264 0.349562704246534 -0.0523339551090528 0.0800057863873128
-0.431149495357201 0.159351732750363 -0.0805308514554735 -0.00432479176285148
-0.323979294300197 -0.0492812313519232 0.0244133754097675 -0.10996867801426
-0.167234213211662 -0.00159186400518071 0.164044170704305 -0.0617809464393282
-0.329098607811915 -0.00502021795277685 0.303905668434894 0.0644787968019554
-0.495590710831274 -0.143086622634806 0.412954182283958 0.127275842425506
-0.367257136535796 -0.168070269399576 0.0511837719065053 0.304962875679525
-0.262055055126479 -0.0528443921386499 0.107700731192933 -0.00768876207828251
-0.126824050193861 -0.106482994510933 -0.137759779082745 -0.0860633099960478
-0.29002037881342 -0.204850805151604 -0.267514536097382 0.0325281569417037
-0.446082279572134 0.000176097493821125 -0.286318990806477 0.199641262024066
-0.393339849423409 0.210765358342259 -0.221978848944136 0.320521858840991
-0.297190275999443 0.339660837500619 -0.143967365024339 0.359232828301336
-0.264590842171667 0.364156682973439 -0.102090289393554 0.331979291985006
-0.258366736916461 0.31416304663946 -0.114349868162158 0.271906529067027
-0.301420249664939 0.184023221625338 -0.132341580621073 0.159508722639466
-0.286233291806653 0.002519015455671 -0.134381696598132 0.00148805286721023
-0.102865507485397 -0.110536451241249 0.0522170751251475 -0.145616807549934
0.00945346255735 0.0930784362518849 0.238022628281537 -0.0414530079422749
-0.250932428781142 0.12799683941715 0.336905654538771 0.133463126494169
-0.43633365818596 -0.0576725477525052 0.495327070411989 0.195375687484481
-0.236191163399922 -0.0347836864003339 0.114454584600652 0.394373433664787
-0.0827430587229841 0.0384287592390001 0.130325041681223 0.135431152457578
0.0126723959506924 -0.0815660751731639 -0.0508274912587528 -0.0101749095547806
-0.154905185368947 -0.196020140562855 -0.25014546805539 -0.00895723044151252
-0.282864941120988 -0.0303137710086969 -0.377097642047878 0.200463048010181
-0.252719335192422 0.116259037992231 -0.337711617512177 0.396871656922306
-0.208591819475293 0.206952899122121 -0.243639235093572 0.468273238389899
-0.193124797996906 0.210782381935906 -0.187061980168464 0.433033681084363
-0.193282067027794 0.157206729532772 -0.197578370589908 0.339271332656998
-0.201418066652197 0.0272048423934468 -0.195698687573018 0.16110896630644
-0.119197600237357 -0.102884566471248 -0.133780585392218 -0.0524225906328223
0.0727023215029869 -0.107458598502929 0.131545624806302 -0.164387360802272
0.100364232078641 0.160239303451973 0.297247697203914 0.0256377754487068
-0.178139465141859 0.189476670050624 0.305177114174693 0.20439364293903
-0.312261526616215 0.00662677777329623 0.531395705088593 0.232275292490732
0.0930627474091246 -0.055339451589402 -0.505880880912868 -0.186549002459334
0.0235699885624154 -0.173634803641273 -0.245293279442147 -0.201376978300549
-0.117378698089886 -0.0973094143722318 -0.327348912812313 -0.174665044786796
-0.115525640534775 0.0837429045538538 -0.258842171595082 0.157921468255518
0.00141216160410827 0.124013321196587 0.0933251349969418 0.176491894492638
0.0649231820708386 0.0818574011302719 0.283835639811781 -0.0772880122516281
0.102998934522014 0.00876580164221846 0.284203011294267 -0.340165573119066
0.093737788112433 -0.0322756121749098 0.256178784510218 -0.481787395650189
0.0994724909545593 -0.0371050046366343 0.283739843388712 -0.528772368377176
0.104451474519493 0.0248555796983491 0.339734700911197 -0.463899469422719
0.0678697634593529 0.105663474970698 0.389691284624041 -0.284872313002125
-0.0358873370305104 0.166742575467557 0.26302674234515 -0.0595680392801526
-0.183277157153253 -0.000966680953964149 0.0509148301867786 -0.0290908421121211
-0.0700374604718952 -0.180843691591122 -0.0484133051156683 -0.20064676463756
0.067163085960287 -0.10523249221818 -0.0846539192335916 -0.442515806911483
-0.0856364750478103 -0.113395040914838 -0.497955864819316 -0.184219969281103
-0.124125522593093 -0.12746453827971 -0.167723697224526 -0.229675827608355
-0.160340600412339 -0.0183895237612165 -0.292354738411305 -0.269784895084059
-0.136554049238427 0.0938431896693315 -0.311782354237175 0.088692205489037
-0.0858565720184969 0.135390874550388 0.0305535580146033 0.203700834431464
-0.0475491575819671 0.152860878269397 0.280959054354179 -0.0132843877382239
-0.00411034845799315 0.152886115616573 0.306215463641485 -0.300263181073127
-0.0239384320269487 0.163601991725802 0.270393357104636 -0.448278187250326
-0.0335702385357172 0.164782628270546 0.268023008312124 -0.501350663866158
-0.0851195847085224 0.197160676490395 0.305651484116354 -0.464613088464037
-0.178912885410857 0.178392509953224 0.349618677511192 -0.314584600467951
-0.268401760535574 0.11277444953311 0.246147735285668 -0.0845781013773223
-0.329125892173911 -0.103236946767814 0.0443747828573139 -0.0341601924337671
-0.224461031733105 -0.299700042213833 -0.0359095085190078 -0.192723241535465
-0.110596448559238 -0.240075289104158 -0.0427544026715688 -0.384667547350465
-0.26304087851133 -0.189998876870635 -0.4342943228614 -0.154573116402108
-0.310973454395737 -0.108056118029606 -0.0954576428637488 -0.271661188192167
-0.242443259318201 0.0576292211645637 -0.28071035346334 -0.328411228560923
-0.16647914087348 0.116210377068294 -0.338046161686303 0.0537743884599298
-0.173288856151918 0.140603790623798 -0.00878217463847037 0.218805246020971
-0.166354283646398 0.204377554629736 0.254306694483194 0.0443126955847321
-0.121143997516518 0.27352157834049 0.287489164981953 -0.217318324554856
-0.137243354054658 0.333210549462058 0.243832951142833 -0.344323160615425
-0.147649357359332 0.345083517264791 0.215362257373024 -0.395725719134488
-0.23198244717778 0.362599760452211 0.221638961808753 -0.389406681858044
-0.378324161130285 0.271921875752662 0.249957004398104 -0.287526155938803
-0.461782735098319 0.100735291086887 0.192435224886242 -0.10515929479324
-0.440706294155206 -0.150118899049674 0.0514627230805689 -0.0400852500420621
-0.351274376608188 -0.343568096034828 0.01968575554225 -0.138777453927151
-0.280809820175416 -0.308360187388295 0.0417110181270737 -0.26446269538674
-0.400160959014003 -0.257347696137508 -0.318169926387526 -0.0796346433214864
-0.461659156844008 -0.108698950485933 -0.0250409764152982 -0.304103256109604
-0.31680236363365 0.0816868125180301 -0.298300757421041 -0.345930026173579
-0.228005560432844 0.0946002252059196 -0.354808347062311 0.0626080049450804
-0.288436361386538 0.130341873613165 -0.0377294933987945 0.233208169730086
-0.292270735429091 0.245568104640876 0.196663769496018 0.0992182465232074
-0.227516030916628 0.362827934480335 0.223569428532555 -0.10165585236887
-0.227913686225655 0.447237105482887 0.182275244266743 -0.185950654925976
-0.226606345603768 0.463510439961625 0.142581772097236 -0.228940189055843
-0.325376879003634 0.465648217090787 0.124974013233524 -0.24403428997248
-0.490760918909603 0.327720113933962 0.127619974973797 -0.19721587423045
-0.551443444106648 0.0921959707852299 0.117878964871463 -0.103704372777949
-0.458606495367058 -0.136605102077012 0.0700826309879301 -0.0469936918838967
-0.41471443023931 -0.292000814231162 0.112434664325045 -0.0685019025665569
-0.411454056785208 -0.296342129169547 0.162769456295556 -0.119436133876812
-0.4657368092109 -0.284563447805339 -0.178991710700511 0.0364907688924705
-0.503197741312822 -0.108749413134253 0.034589168378333 -0.28188117771539
-0.321003195560854 0.0360817946754761 -0.29837741584331 -0.300581798831867
-0.29713458237976 -0.00246950291838874 -0.348271811573406 0.0856514632332983
-0.415317491524625 0.0933247363643546 -0.0866320764169532 0.237832258775952
-0.400204027560348 0.268579029088882 0.0903088376109846 0.161857841044412
-0.305289017869287 0.412412613402262 0.119115770998214 0.0444985569570663
-0.281501979836877 0.492894512796576 0.0961491201020565 -0.000384097158355874
-0.271461907507568 0.494885541375457 0.0627643049627115 -0.0364448265743018
-0.365281026956541 0.461668805518564 0.0334911110182668 -0.0680646956160103
-0.508107732231602 0.291217422359213 0.0116933799841194 -0.0821619154147375
-0.497197681265449 0.0374419512618158 0.0506182855875831 -0.0949178746370189
-0.350110622378743 -0.0851929169552092 0.105668367394325 -0.0547021004805921
-0.396353777419668 -0.160474921808646 0.21973229493881 -0.000816723256484973
-0.483267699289431 -0.226758486544075 0.295640280369021 0.0159315300911937
-0.449047406943897 -0.252943122235895 -0.0498353388537601 0.174264617082218
-0.416372091773043 -0.0920351916762529 0.0740492612188021 -0.173170513295123
-0.242104241912124 -0.0510850130366694 -0.242181267964042 -0.196490136636258
-0.332171350460433 -0.131883582011721 -0.309266526631534 0.0776401621549909
-0.489374241935704 0.0426057695194945 -0.17358392406373 0.22117888341389
-0.445426318438142 0.260994745169006 -0.0601236719868706 0.236733729421508
-0.331820027811319 0.408270924581964 -0.0120682530234113 0.204734062431542
-0.295487370521205 0.464395423059691 -0.00288062394939111 0.180175063796057
-0.280853366299197 0.439938315240881 -0.0234491374401104 0.141416667851815
-0.356433090703155 0.350523846144413 -0.0522743308821886 0.0810539633373268
-0.432388954894125 0.15831553809623 -0.0796575565698074 -0.00196166654395016
-0.324497088286027 -0.0545162121472125 0.020140937623296 -0.108393227581266
-0.156252404525742 -0.00676115094513554 0.163614055595929 -0.0591316529209969
-0.323392824842677 0.00112605932992577 0.304593455567596 0.0638039925372284
-0.490503793605502 -0.130433702102076 0.413608324698376 0.119035127183117
-0.36578436880558 -0.159593347161646 0.0477960791173543 0.304064375042333
-0.255853963724826 -0.0437054641631606 0.103184658823671 -0.010642317349868
-0.117071102723907 -0.107525589229385 -0.142762943415905 -0.0861729809532412
-0.289984277685671 -0.209360434364353 -0.267788550416553 0.0357255007607246
-0.447444302838935 0.000547990736026834 -0.284123445154703 0.199779256818618
-0.395558551917387 0.214046509703719 -0.217685535438038 0.321373379480099
-0.298910688471833 0.341563458359275 -0.142650733342177 0.3541912026427
-0.263990895719124 0.366839871359829 -0.102137207034442 0.331203658888008
-0.256004187164249 0.316305807570235 -0.11323313410645 0.272323876336146
-0.30230515069808 0.185212399805579 -0.131998121042333 0.159803909774213
-0.288703228818818 0.000322711540371069 -0.132952252713921 0.00221398045456026
-0.102173191990823 -0.117230385762482 0.0479224751133812 -0.146339091447625
0.0213973422879298 0.0898005258782448 0.237349314639499 -0.0391309083876981
-0.245754662675256 0.136125997318764 0.337591549612172 0.133402519747159
-0.435343725595913 -0.0491408952192628 0.495251843191724 0.187010409563412
-0.235152065168521 -0.0271227122420366 0.108616180299139 0.393491153476881
-0.077626938278242 0.0433528926632282 0.125955799732211 0.132971078814783
0.0201635559215302 -0.0843087097785506 -0.0535759188860826 -0.0103793931949655
-0.157754888451487 -0.199635893095678 -0.251402644901288 -0.00691605059597313
-0.285866661597679 -0.0300155067790534 -0.376252243196963 0.201296335425859
-0.255215187186631 0.118145418673755 -0.334680500206783 0.398651652695267
-0.209907459838315 0.209461179249851 -0.240850805607222 0.465935903969402
-0.194042734783599 0.213475742963056 -0.186317673962318 0.433101862803212
-0.193151083725031 0.158360591771933 -0.198294377865835 0.339966969818629
-0.202995821880107 0.0274258509782629 -0.195211097656635 0.161419691819741
-0.121615784447882 -0.106935219509873 -0.132872549734698 -0.0526450458659908
0.0751862957852759 -0.113159045858464 0.128585101684467 -0.166037291834964
0.110514463690232 0.1592338022951 0.296211062537197 0.0275485427856743
-0.174649836957617 0.196857203413314 0.304816003977961 0.205909045145731
-0.314360563199504 0.0110584625802725 0.529830467616129 0.221426610159595
0.0425760882353828 -0.100243397372668 -0.517564512676817 0.159151636570216
-0.0861380245522501 -0.152104517831405 -0.32029280617453 -0.0188433923901518
-0.158887228535845 -0.00780926949254202 -0.381650905043919 0.0596637645514429
-0.0433106436350231 0.136977607494893 -0.112576257586541 0.296089469824845
0.0768651146101512 0.0971201663385948 0.186031070705231 0.0874969260831411
0.102634375078705 0.0238308799827442 0.184972021906876 -0.236541372221141
0.0844677882570605 -0.0580290205121125 0.0210847667635477 -0.45534763107084
0.0536167599701836 -0.086261230909528 -0.0890733484908635 -0.545733162486115
0.0542839883232054 -0.0969513658402609 -0.100298053523014 -0.600393792893028
0.0981348331195237 -0.0500811126223368 -0.0118297771608433 -0.58474829748578
0.125405195217001 0.0385890241252405 0.133408355839096 -0.472149801905161
0.0776654564084336 0.157517774651144 0.17479539252115 -0.213050426451791
-0.156603099757018 0.121207854335595 0.0259595050483152 -0.0581028604687775
-0.181187236633873 -0.103718533008091 -0.161028589481525 -0.134568694910264
-0.0131031195395889 -0.13929506356476 -0.345272803842743 -0.301619323120178
-0.135084717444286 -0.0456751639074304 -0.511373782117373 0.170794236008336
-0.173033843694931 -0.0298590672027254 -0.278717722129827 -0.0840790738096092
-0.142397631194011 0.0764977435108021 -0.40924573604131 -0.0357086922555947
-0.052350298580521 0.15222746866692 -0.200406785088515 0.274016599845154
0.013849284839335 0.155920048543076 0.150993535335392 0.151469796726071
0.0540438511305356 0.147755877640168 0.220594446627966 -0.17923264578236
0.0859476329259458 0.122340315293998 0.0647638795300702 -0.433308015753405
0.0811335598348737 0.14492724783359 -0.0580268215920097 -0.52957800140504
0.0720467438498715 0.151481159336592 -0.0988804899414761 -0.571094175422048
0.0525395987332614 0.20983949671773 -0.0419046294617947 -0.565996040306478
-0.0325431104095766 0.25423665975701 0.085944704609085 -0.468545178932402
-0.148906568027345 0.256948252568338 0.148366487285926 -0.222535781249245
-0.342666245383744 0.125010353116438 0.0203903171549047 -0.0568942078005762
-0.380968001227896 -0.102508605648114 -0.144789487483291 -0.141672707089438
-0.243344225583693 -0.13412889545387 -0.264883796728495 -0.285713775578863
-0.323546053296787 -0.00590832311562993 -0.445515441381521 0.168422920848667
-0.306963662456442 0.0951580951153369 -0.252567380386658 -0.155422853535227
-0.159292839668291 0.183710281068711 -0.437097987404706 -0.0838193798591065
-0.062588291327358 0.184671085642068 -0.24264276331894 0.265285043781986
-0.0534847738518197 0.208922433907286 0.12880897937913 0.188638884229
-0.0119002715311853 0.259700352335866 0.233486043688314 -0.113844577612875
0.0651091150411833 0.289417390272263 0.100178384775382 -0.352994437360457
0.0945132348954324 0.352851952850547 -0.0176969875986279 -0.42995883820836
0.0939330710524493 0.371014091541398 -0.0773408707049776 -0.455011180978977
0.0371635914837439 0.439195530955085 -0.0630011911256547 -0.454367985587942
-0.136988083074178 0.457431086551863 0.0262667581721366 -0.382732496438532
-0.319835438129295 0.365253260818512 0.0942939203190642 -0.204870583969148
-0.466692955401404 0.1528580619262 0.0238986988476738 -0.0656478242890852
-0.510312979644321 -0.0578933598597354 -0.0641086585311186 -0.137659412978364
-0.424075763717104 -0.0773749048135648 -0.114514342131534 -0.249423529148667
-0.474707764280012 0.0182193675755259 -0.312241426849237 0.165737987469231
-0.424738718395863 0.182845941814899 -0.222836663824457 -0.22038258590608
-0.202627923287158 0.246511084206547 -0.462428823354944 -0.0831573132064811
-0.123679585838046 0.200508132247735 -0.252709525489702 0.285159738454526
-0.152890504466245 0.268097758379213 0.114138514245628 0.218897530734129
-0.0876236904424918 0.367715398172628 0.217634976282002 -0.0329027781443966
0.0336208197578493 0.425985243548316 0.119474495168731 -0.217297160557849
0.0931799202238663 0.501379167197668 0.030618104593597 -0.265406940943938
0.103242659076383 0.518592865276825 -0.0322101852300182 -0.27699061583414
0.0278471261901253 0.581560076983153 -0.0518395078942008 -0.276762162806849
-0.195471323533426 0.577447113718685 -0.012922571559116 -0.234218189933558
-0.400836846194393 0.411912887102611 0.0356087266742396 -0.155525916080391
-0.472260582605759 0.170482857970632 0.0345607277094254 -0.0821810377321705
-0.526238843693733 0.0256884713949945 0.0533479028698418 -0.142981593133434
-0.521757397107145 0.0222104112366407 0.077939870976732 -0.216331717093243
-0.542201070987904 0.035656892032722 -0.132305300055021 0.177124535388571
-0.45481139508571 0.206622329946474 -0.164828114556177 -0.2366277418892
-0.230771465651357 0.209434301858575 -0.437085562202868 -0.0456153517063437
-0.236171800392569 0.162687862991286 -0.236538542964864 0.298810295969921
-0.277263996021455 0.313997091352515 0.075852324458393 0.253057709762537
-0.1609067200173 0.454727410106449 0.168682418184623 0.0838936458398467
0.00283185490119406 0.513123240278224 0.125002729181969 -0.0329951270512102
0.0772065265597121 0.575784968875724 0.0755843599220315 -0.0631000800307035
0.0868826056939212 0.573671448316298 0.0229893936707068 -0.0723034843862558
-0.00726249199067472 0.604211686056192 -0.0159782810886106 -0.0779164724141144
-0.235069938990983 0.55858828594079 -0.0324006691542204 -0.0694618946414968
-0.393945862025072 0.334682970537802 -0.0137287789402403 -0.104786710222544
-0.347306055259645 0.140930271046818 0.0569622258753589 -0.109614071039976
-0.420840550503421 0.118596235818465 0.179527916476947 -0.155754705548752
-0.5322215830638 0.131234644646669 0.269595682471173 -0.197844485175753
-0.508035588270275 0.0544800884278714 0.0551181410319082 0.20606749813448
-0.375664530757358 0.169162364490172 -0.0657135807629226 -0.174415946670958
-0.217883517873403 0.0919641645863439 -0.329064136416774 -0.00118595410604015
-0.342260870892405 0.0802316481305671 -0.215334190142036 0.267072665011014
-0.366687546341927 0.318920797521657 -0.00642158390886249 0.291246882806513
-0.201337351486732 0.476936052491895 0.0914623835329853 0.236518561385078
-0.0175874729116099 0.528268322571631 0.118216479283132 0.179648572363903
0.0493075969238734 0.561654814183389 0.106588688525271 0.144168794238356
0.0458530242800065 0.53666943268319 0.0645835967681652 0.124816853051129
-0.0729683490574317 0.51144644353533 0.00804898763078503 0.0959205479291048
-0.258742707841404 0.404517494207518 -0.0565366276396444 0.0515834664444464
-0.307885136220716 0.150104132992886 -0.0494743771070573 -0.0958392482660669
-0.129710509911615 0.0807440476596955 0.0970598201707966 -0.149322754677542
-0.253042091743563 0.206987883163995 0.284767260244282 -0.155837452868454
-0.478519777581978 0.215488247030034 0.426219600940837 -0.193833103848908
-0.385272448644437 0.0842395997004504 0.215717676719089 0.24397561752362
-0.219564071745513 0.114807217297667 0.0627167078267924 -0.0646786181422565
-0.151605094214845 -0.0269392661121095 -0.178608387912799 0.0213498310920624
-0.356307555432083 -0.00337275923850892 -0.20944887932854 0.202441621359222
-0.359850598660084 0.264805477114838 -0.109055303922726 0.340194627189782
-0.189089826795309 0.409517568474774 0.016524872163326 0.400753180576741
-0.0296844949601415 0.454279952934707 0.10690061506873 0.382202984706954
0.0135395544496036 0.4632798867389 0.11915378810221 0.328033754857804
-0.0114138455884722 0.420575564865612 0.074572059448535 0.287070016661272
-0.132028937297738 0.341878351750518 -0.00766928541996069 0.209482795953452
-0.24187773633328 0.182572124915506 -0.100685702873484 0.0881819561858557
-0.162180067837966 -0.0421966208840668 -0.0531723567491722 -0.144539690112909
0.0848888085137812 0.0480546463674019 0.166240653538892 -0.179786198056093
-0.0998378507723874 0.270764108167129 0.353710973900112 -0.117322302652205
-0.380033506183166 0.249598334015478 0.53005625473132 -0.192164355055123
-0.202906697500709 0.117427661002103 0.322380341748396 0.268122493347389
-0.0282658375431219 0.0792145662872115 0.177361989766461 0.0336942018335196
-0.0297753100482747 -0.0867544492682925 -0.0541123026178198 0.0214692671697199
-0.246100959332529 -0.0688122229269891 -0.220114225908343 0.152031981084524
-0.247042801631001 0.14600725121778 -0.180699206299554 0.394789028078447
-0.13235692413136 0.249628300567444 -0.0252728870123742 0.529039855388109
-0.0374009136910727 0.29596171058715 0.0963435775776892 0.534046355890454
-0.0229006117172666 0.295905685926739 0.115002753941821 0.464520135551551
-0.0577149000114136 0.253468944929373 0.0507641623832253 0.395873326825233
-0.150731471507527 0.151400286237263 -0.0582340121745982 0.250390033547756
-0.172366940525152 -0.0120662381537852 -0.14000766521072 0.0413260257566615
-0.0114363266450884 -0.148837964269339 -0.00266777453668145 -0.213801256835567
0.206799771378888 0.0527529619315509 0.255313551716456 -0.163827938034532
-0.0047247733589681 0.277557767309642 0.372404402604199 -0.0328271528654118
-0.244906681903123 0.220153210999547 0.574721153288623 -0.183154947152817
0.0408793186956221 -0.107256197590061 -0.516889664960228 0.187280735871519
-0.0988288079092399 -0.153156201771191 -0.323831318042448 -0.0103984107441904
-0.167259400856764 0.000968963359662384 -0.392145343721834 0.0766500922839393
-0.0376138746322873 0.144201625952044 -0.104229599798654 0.308450758546493
0.0853207492507451 0.0961312836274801 0.195708832839119 0.0854030298748889
0.108334117707202 0.0179211047973822 0.18135702065885 -0.251100364820007
0.0837239567002447 -0.0652867663823427 0.00308214869391176 -0.468403326981344
0.0507413284504456 -0.0921194921303536 -0.112871172331252 -0.558718904658059
0.048717440865647 -0.102010309725958 -0.129084397862409 -0.610595051766464
0.0980137228128961 -0.0576175087895203 -0.0355047971617328 -0.596980830127294
0.134106700553717 0.0325644123772105 0.115732959445477 -0.488275174262676
0.0904058909011581 0.158516542805325 0.171254545989917 -0.222434723141868
-0.157607544761766 0.136307890076819 0.0264853442899849 -0.0613084242144343
-0.193651682203295 -0.0979662837907642 -0.170069350093745 -0.131983697166296
-0.017148588182586 -0.145737589150419 -0.359182884893953 -0.295717506989106
-0.13589355904757 -0.0431298925528428 -0.509303929110233 0.198779728167878
-0.177481696515311 -0.0248045836203477 -0.283843497193782 -0.078986071568603
-0.143167763522074 0.0818798455562468 -0.426797133032692 -0.0181272623565338
-0.0462473544650364 0.156328784997678 -0.195070733988933 0.290952042551514
0.0219206141604819 0.156182324674795 0.16275684307188 0.153533928658851
0.0625688475373358 0.145867994443278 0.222123240634393 -0.193172651987284
0.0918080999208571 0.119712365515686 0.0484265334171194 -0.448481470191768
0.0879060933662993 0.144547459316195 -0.0814733776417576 -0.540318110107782
0.0776195210426738 0.152189269226226 -0.124272139185258 -0.58038669499645
0.062394803433633 0.210728447241198 -0.0687782921640584 -0.576393451455861
-0.0196728491835775 0.258838769214289 0.0690059653974948 -0.479914867216455
-0.139011807367027 0.267670712532392 0.14278633206795 -0.230775777779533
-0.346145859106618 0.142832866173532 0.0213885523965309 -0.0606736553050386
-0.396233226731755 -0.0874929757553709 -0.153327661585253 -0.139814397159803
-0.249533413386467 -0.129469765801683 -0.278061415191385 -0.282483921119247
-0.325560365164221 0.00570972631040407 -0.444179063045396 0.19432532433427
-0.306136884639358 0.111395440548872 -0.261842808125308 -0.152698603330684
-0.151549166439116 0.189036677830737 -0.457436713106521 -0.0671860740402126
-0.0535298362248973 0.185306808095975 -0.23971089067207 0.284248976359364
-0.044980472251321 0.210913556123622 0.14114920645356 0.191345080303393
-0.0012921677328158 0.263346091551572 0.238451501373042 -0.127409570234636
0.0767838618524477 0.29267892367675 0.0883388930386144 -0.367603608153332
0.11130822640301 0.356595595650969 -0.0346806947918103 -0.441181749849066
0.109695699081309 0.37609365889895 -0.0963254035725729 -0.463551570349481
0.0568434420972006 0.44710589380531 -0.0844827783556947 -0.459584365613306
-0.120402055442773 0.474235263640188 0.0110925826415599 -0.391511999104376
-0.311538347840914 0.385385200231657 0.0881777205037593 -0.209568206763904
-0.470210875060776 0.173251374896554 0.0242799527057449 -0.0697716164045384
-0.523341245687145 -0.0380943307274161 -0.0723365867680933 -0.139266941142443
-0.429208026070138 -0.0623446933688011 -0.124674248184044 -0.251801832295337
-0.479956111023435 0.0383247727911485 -0.308865738178325 0.186157362385141
-0.420043280527768 0.206878282536946 -0.23603662204948 -0.220171125262899
-0.189651899538314 0.251475235716942 -0.484172082185202 -0.0636852887578743
-0.115106394439561 0.201417034653579 -0.246908695133895 0.306424149291042
-0.145914882291659 0.274601218540522 0.127784493495798 0.221064595979604
-0.0757613602610362 0.378860634583942 0.226424392295168 -0.0454488340960578
0.0492869206327916 0.435361437452415 0.112667104026721 -0.229742702971409
0.115846328363535 0.511117002296025 0.0211913748482614 -0.274646147879878
0.128633263337114 0.527535178686969 -0.0442771543086397 -0.282602182249329
0.0519394551001652 0.593121930875842 -0.0645227397802352 -0.278702290133643
-0.175851278979129 0.599318747041355 -0.0219570769883606 -0.238065707300339
-0.39574460773913 0.436249830268693 0.0299302503434567 -0.156630209935598
-0.476791864905523 0.18686806496574 0.035317717470982 -0.0854548577384893
-0.531964987203075 0.0461504073738689 0.0483243446440855 -0.149505983331915
-0.521380917308994 0.0435775884653126 0.0699190237568591 -0.227526960591493
-0.547550486736899 0.0598426956321566 -0.125989473142784 0.189454963626621
-0.447768658895351 0.235162211922255 -0.180983768356497 -0.238821334285786
-0.219098525513776 0.214471926149789 -0.456692859624231 -0.0252941128759656
-0.23489415532274 0.167270917987344 -0.228358861322497 0.319017661982854
-0.273054927268827 0.328856050875936 0.0897267549849236 0.255134719138289
-0.148404395459275 0.471258614670142 0.180042382774353 0.0760383784857921
0.0213569575824838 0.528027277267498 0.125364247828509 -0.0420530913469614
0.103289100524374 0.587827604538215 0.0741205432812334 -0.0692270017458728
0.114020988008367 0.585065012515525 0.0205378014914865 -0.0753501557593327
0.0173583364634457 0.620178550734025 -0.0191711789909606 -0.0780041050598674
-0.219775734006267 0.582282677958203 -0.0333735659626823 -0.068544454213243
-0.394593542069021 0.35510832457855 -0.0185118283027398 -0.101261876148379
-0.347100993283364 0.147069132082947 0.0573503811707845 -0.11369665855492
-0.417514781281714 0.13900658154553 0.177095737943818 -0.168474169983339
-0.526664861469535 0.157185042348714 0.264157025641096 -0.217943892787964
-0.511897640116469 0.0816646110912804 0.0645979259807192 0.21196796539338
-0.36588039605248 0.193707593281005 -0.077861926322699 -0.177035428448435
-0.211230096670604 0.0919522565286073 -0.343002209203192 0.0164525249482742
-0.349556814213871 0.0888919257887678 -0.206069218849627 0.284149752887546
-0.366288989437963 0.33997444793477 0.00647379706503803 0.295690519353003
-0.189411105617604 0.497523821411076 0.106341450487714 0.235396419948716
0.00154639602323595 0.544674086797668 0.126910972864946 0.174289790707112
0.0744524224099038 0.575485764652223 0.114026530121428 0.142254985515035
0.0704204567783065 0.549426953370502 0.0710195991874734 0.124610093488252
-0.0536976449396188 0.529063794475062 0.0130357350511093 0.0983061251343117
-0.252094234803093 0.424708542810478 -0.0535238690498965 0.0562105032217695
-0.314687928014511 0.160361142350901 -0.0559297384290681 -0.0915248249040325
-0.12593734100033 0.0745038977449654 0.0975197151426033 -0.154945639465229
-0.239325376362611 0.222498546476542 0.286048968686263 -0.172532136939358
-0.467357959559092 0.243691214145984 0.421919050119829 -0.221558472079206
-0.38511633870428 0.105320398685847 0.227361738409919 0.245296191058449
-0.209429375451407 0.128224467223278 0.0576896636763938 -0.0685277997817815
-0.150391967927302 -0.0314376424608273 -0.18590918144133 0.0315143598313512
-0.36957702875645 0.00690080862252556 -0.204206643485987 0.217462907663624
-0.36074486829377 0.285979425986779 -0.098600458929174 0.350659850609847
-0.177636729969333 0.429123800662684 0.0362570530873161 0.406396349156663
-0.0121591633722133 0.470987861732292 0.123606029039543 0.382827212535142
0.0351001708714811 0.477178852013577 0.134178805506013 0.331209568953716
0.00649784153066043 0.432971176110721 0.0872481040178598 0.291559276249465
-0.124159940225301 0.357662806339 0.00117899672124412 0.214070953108077
-0.245268357295364 0.196302813755525 -0.0981670003232177 0.094022325137224
-0.172355166085615 -0.0432970477367613 -0.0626606025534897 -0.142905249761868
0.0959866732436372 0.0328369453946423 0.167187896690471 -0.189510828624798
-0.0796983234233364 0.28345269774441 0.358670514633813 -0.135939340931389
-0.369332729222579 0.274934134658846 0.524906654102632 -0.225086667010136
-0.198211129571239 0.133038872415273 0.336470812082761 0.265080915288958
-0.0182940061369442 0.0822125073616281 0.179018811006189 0.029193815830109
-0.0307525458135228 -0.0949611688006925 -0.057437306165444 0.0249396843232105
-0.260074959520946 -0.0618963487783802 -0.21852999278559 0.165337478830809
-0.250046669357072 0.162016871819496 -0.169994295047182 0.409981422976607
-0.126411213307773 0.264398521823147 -0.00384091481928869 0.540359074029958
-0.0257736599792145 0.307675057689434 0.119065616322416 0.538528267380017
-0.00972818577457248 0.307276522849544 0.134390513881949 0.472090108278701
-0.0479963712289159 0.263129685143981 0.0670347203667323 0.405454892475306
-0.150736527857436 0.162596440260198 -0.0514804152711607 0.257925915971134
-0.182382230274224 -0.00678920991646157 -0.142145598635787 0.0464926958196233
-0.0211804138970617 -0.159282077173498 -0.0134301565842337 -0.219165789153807
0.221427365350398 0.036999668272441 0.258037391814806 -0.176041949924658
0.0158949636648893 0.288697601812644 0.381106197670411 -0.0487910105834379
-0.238849084138972 0.241792134077594 0.57250402667002 -0.217963435500441
0.0349978436740581 -0.113291826020618 -0.499368243279452 0.223989142493562
-0.11280695712367 -0.149060043509669 -0.32107180930567 0.00613811098273278
-0.172466579277061 0.0143041194286118 -0.394407461322197 0.101753770098353
-0.0275533458089238 0.150181439661562 -0.0884450787895373 0.317823485823876
0.0950476904966331 0.0904718491216119 0.204570911549332 0.0757037390233723
0.11234975678981 0.00840407119798576 0.169314745489023 -0.26543293667838
0.0787996436542266 -0.0741577872029369 -0.0251174525625821 -0.472744883582036
0.0429011172453805 -0.0969539108690717 -0.147482583609566 -0.557502472907542
0.0395639305193326 -0.10614998770046 -0.168179255216912 -0.607181110732223
0.0945361273983356 -0.0664535769862492 -0.0726058379321124 -0.597309660525625
0.140223612125138 0.0213835762157426 0.0857480783269291 -0.495227006530442
0.105166876267027 0.153833923195368 0.159628176776063 -0.232370614796923
-0.15131000134535 0.15311837876983 0.0249070018147189 -0.0648079316427679
-0.204686798876518 -0.0844452735726431 -0.178103720942571 -0.122897954012089
-0.0259345946609348 -0.150473304388957 -0.372478756774917 -0.278039355797011
-0.136315724870329 -0.0384678544541864 -0.493122908501317 0.235614975559994
-0.179290194348166 -0.0151713446599104 -0.285331510792276 -0.0669987020924969
-0.13926077555752 0.088742893688273 -0.435864400789617 0.00787322953516833
-0.0350921908631341 0.158249738681528 -0.181706177196445 0.308465075979844
0.0331895482991457 0.152580972991376 0.1747920821392 0.148617944872662
0.0723882107483477 0.139910632652016 0.215087550789854 -0.20942012831738
0.0987723854472597 0.113276463192277 0.0218160067294984 -0.455273953430372
0.0963872513751273 0.13844438936489 -0.114850587592118 -0.542052916826538
0.0856974495984937 0.148065612349548 -0.161745510023575 -0.579455450784693
0.0749248658231839 0.206236826413595 -0.103111555036873 -0.57284160788336
-0.00118548889299151 0.259704115956613 0.0394062826047349 -0.487203615381209
-0.12016101054749 0.277475716632205 0.131239931172847 -0.237622580641639
-0.338675518413628 0.166996898049002 0.019925070219194 -0.0639563782111636
-0.405438822870641 -0.0634453756674744 -0.162971334002428 -0.13105572441219
-0.255192474281889 -0.118535354652386 -0.293227095007635 -0.26846579493124
-0.323203030498305 0.0244367790844772 -0.428535269186938 0.226618290049561
-0.296021885305762 0.131700408774364 -0.269817596513554 -0.142926865358181
-0.13737128719366 0.193902769447112 -0.470827122007998 -0.0375760812892999
-0.0401941728116781 0.183177095199807 -0.225508295960332 0.305205580960913
-0.0316638844791082 0.209423410780712 0.155920644158036 0.188034381773274
0.0144516599103733 0.261275160870707 0.236544423446833 -0.145551587167996
0.0935038850644627 0.289192379011371 0.0651207929895726 -0.37687800225407
0.134043703173363 0.351994151585687 -0.0619362377747288 -0.444454638235402
0.132878039317696 0.372374040299831 -0.125248928585276 -0.461416115018066
0.0840054542903533 0.443529806429305 -0.114321292097991 -0.45522938762048
-0.0904740317734907 0.483014423680547 -0.0130327601450321 -0.394189055427387
-0.288322452790992 0.405034948700139 0.0767066850107282 -0.212632006268321
-0.46288102386682 0.200692832345045 0.0232815961102808 -0.0728036339041509
-0.526080351882718 -0.00498395903010242 -0.0821368894453429 -0.136220961765061
-0.425541891683388 -0.0391643858768209 -0.138513934394207 -0.247214842846011
-0.473516637288869 0.0687328511084046 -0.293870468182078 0.209195784754277
-0.401938489702399 0.237954597829914 -0.251463317476298 -0.211882191068073
-0.169061570298609 0.256713321823057 -0.499081649760096 -0.0300105080795802
-0.101484688198602 0.200013046972929 -0.229145161377408 0.327385921247163
-0.130407567967954 0.279261644531054 0.145161027147424 0.216387152010579
-0.0555453449827184 0.38336137638995 0.22989646804849 -0.0634358599146622
0.0744450310477562 0.435722092627919 0.0978825278647869 -0.241952054614843
0.14855973587162 0.509535988353547 0.00326673869185784 -0.279660528278951
0.162223494690454 0.525385426007769 -0.0617609003532125 -0.283249430901813
0.0897322630540951 0.594030720698228 -0.0821498942535513 -0.274562995085408
-0.140190241412604 0.615607137833692 -0.0351825669660459 -0.236988795235173
-0.373057262996823 0.462197256272271 0.0217319794194599 -0.153079983467301
-0.46877151301432 0.209169279163467 0.0333293458905734 -0.0884460819099395
-0.527266534046597 0.079289161772219 0.0390626749769186 -0.154766598726081
-0.508129279669479 0.0734143283652476 0.0552132173351597 -0.23631289790702
-0.540412548815134 0.0964038349949754 -0.112459242725994 0.200868366264262
-0.424346475043728 0.267200192693031 -0.199563848724926 -0.231793540177131
-0.199160408651932 0.219048636199904 -0.468776547951544 0.00947620587112798
-0.225862437630455 0.172181834855708 -0.207788741931763 0.338650425513292
-0.256348300883879 0.342802978059117 0.108124463010589 0.250007618916328
-0.122574637529565 0.482611137969803 0.188747093153161 0.0603888937582932
0.0510497926378611 0.532871913492044 0.120853628211294 -0.0544658262338076
0.140139263759223 0.586380290737612 0.0700747827827353 -0.0762981682366177
0.151747835532066 0.583214425983678 0.0169948976139807 -0.0781892795384012
0.0563218272775093 0.624205948657435 -0.0233714549729712 -0.0759682664880272
-0.185344313029473 0.601492064764393 -0.0350399908048804 -0.065879353211566
-0.379172136272747 0.379079441023663 -0.024907591929601 -0.0949460056728446
-0.341108089870892 0.157896765086819 0.0542926373412164 -0.117733439705561
-0.402333739070139 0.163284901134791 0.167107501622667 -0.181671322774722
-0.505797236561091 0.190784186735955 0.248186796800258 -0.239916500112715
-0.50209394148605 0.116966157296851 0.0786978054054792 0.211738580270942
-0.344041634612861 0.219128138078261 -0.0939972115803509 -0.174739954954774
-0.199950231534867 0.094298382921421 -0.35016198401087 0.043370060864659
-0.350353665701633 0.103869999519907 -0.185440946027644 0.300492497116651
-0.351861903410387 0.362812469780244 0.0248681005990874 0.295925638824926
-0.161123697444286 0.514559879796385 0.123694658323115 0.225684243289578
0.0332815284890498 0.552474996634998 0.135579232947181 0.163181769215812
0.111672528432201 0.577973618824916 0.122482704969821 0.135434599102033
0.105595085150375 0.549372356319003 0.0792265040939128 0.121000805994493
-0.0217778852441802 0.537097888364053 0.0202709900850307 0.0983098809756144
-0.232968219483171 0.444312947445502 -0.0476633359730236 0.060380566969267
-0.313617357231929 0.176581030410273 -0.0623883641921693 -0.0830424355804964
-0.119303665268573 0.0679857821405924 0.0917332801151852 -0.16175608741282
-0.215495032692794 0.237677681219255 0.27597932944824 -0.192691849746537
-0.443240534252644 0.27650866037982 0.403672020302354 -0.253527968697374
-0.37451202453496 0.132790130236549 0.24193582109427 0.236691996019928
-0.191038400094181 0.143662167165717 0.0489807918689267 -0.0712463066762609
-0.148174053851969 -0.0333656169715701 -0.189214588820798 0.0461842946778277
-0.37665626267217 0.0259764361582958 -0.188848061062499 0.232603960500081
-0.349457777864451 0.310468251588167 -0.078106292221908 0.356263791799616
-0.153600343163774 0.446814398425166 0.062401921865923 0.403114080700794
0.0160794784923996 0.477824819616003 0.143562904846376 0.374462676446969
0.066671329660609 0.482164098350943 0.153929410954675 0.325880945767353
0.0346112046764063 0.436366548956247 0.105983850511916 0.288090541171968
-0.105163852652625 0.370295817792945 0.0155268015106545 0.215991693674313
-0.240781204186582 0.213199990056421 -0.0916799399392059 0.100416265815102
-0.182621674933164 -0.0406075537965785 -0.0737609554179776 -0.135999147970622
0.103733058705882 0.0139236709638141 0.159971527962649 -0.200262998275667
-0.0498706230584266 0.291707118222008 0.351863667455979 -0.160358545673801
-0.344451959515371 0.304256887544794 0.503543152782305 -0.264858817523085
-0.185245729725402 0.149834605968518 0.349860661749894 0.25165499821396
-0.00415913297744313 0.0826969513052353 0.17778812554983 0.0199446070127551
-0.0348003231261164 -0.102649014947444 -0.0577063446467812 0.0288813857977638
-0.271368339688065 -0.0475067504631589 -0.208664074838818 0.180398548476602
-0.244479076817853 0.18080841919482 -0.14677040411807 0.422142917941919
-0.111096609981057 0.27728803582366 0.0311977785502033 0.540686691984616
-0.00584946688699038 0.313834602901196 0.151721204898066 0.533679379717955
0.0119232053845885 0.313337907551799 0.16399616552659 0.467788593349461
-0.0318250294507115 0.268955486661436 0.0912575336804395 0.405284017215269
-0.144914398959365 0.174418383318854 -0.0363958879678521 0.262318253983753
-0.189462098480165 0.00368504286246606 -0.140374403883154 0.0544365132071575
-0.0351808687607082 -0.165769005149383 -0.0294254342973714 -0.219354413984374
0.23177932014661 0.0140421505334846 0.254240587847719 -0.192903360987228
0.0442722088696404 0.292838455313018 0.382662738617043 -0.0723913298827759
-0.220414292868987 0.26317173907762 0.549976431815259 -0.260880005782988
0.0272355508349595 -0.116877898649359 -0.468113250351682 0.252833074848141
-0.124114518516653 -0.139704751158076 -0.308854092756784 0.0189663208543837
-0.172670700374582 0.028408770611908 -0.385467932614437 0.125629559828227
-0.0163688518282154 0.151750006877503 -0.0674021058121441 0.320209928811751
0.10151476458203 0.0820400680213676 0.207076779121086 0.0639667937909959
0.112353158167411 -0.00172825744632211 0.151494277569029 -0.273013215299212
0.0709700190181789 -0.0801505848307007 -0.0546710788297425 -0.463340279606178
0.0335693672285915 -0.0996476923352006 -0.180019756974672 -0.541553397548586
0.0292192007384597 -0.106286364325911 -0.203744071908301 -0.585712638717831
0.08725841325084 -0.07324342963635 -0.109380378755742 -0.579918016099019
0.142265635447617 0.00858402895633084 0.052525843515764 -0.492417939861783
0.118148556000324 0.143539386662087 0.14394402398778 -0.236349835370894
-0.139182087451248 0.166046351559595 0.021859087023151 -0.0660226580229862
-0.211463436861156 -0.0676236016481822 -0.181120450174877 -0.109408942557856
-0.0359765833457369 -0.150005411093951 -0.37375877120954 -0.252194364363418
-0.133021178360708 -0.0328297311664405 -0.459427862427701 0.26522880786032
-0.176455005433944 -0.00545815639099119 -0.279389981369947 -0.0545783522077625
-0.1325245978804 0.0932511190598921 -0.433906966853966 0.0364468884966934
-0.0237370885438316 0.155005159624833 -0.161292185403334 0.31749402603676
0.0430051459261695 0.144273318120363 0.183647542966432 0.138772427022612
0.080278031572618 0.129176367840073 0.201465099481727 -0.222007323676776
0.101375352539667 0.103512155180624 -0.00719311583237184 -0.449496472627882
0.101343613704178 0.128917579724898 -0.146429637648717 -0.52830265215389
0.0911897865327215 0.140892364386163 -0.193953853635865 -0.559217827041123
0.0850775213837792 0.19538609080074 -0.138882088579168 -0.55506520879099
0.0167865643104958 0.252867128054549 0.00653802095401106 -0.479353502620066
-0.0979288098631684 0.277454025468862 0.115999066695436 -0.239173466435234
-0.321557661312636 0.188803243306553 0.0176401538885405 -0.0648980889030984
-0.401831782024125 -0.0350709718338954 -0.166842028673075 -0.118174981317192
-0.254386911034227 -0.104720030555607 -0.296211758058649 -0.246463672259083
-0.311122621902307 0.0420138688080974 -0.398168149021957 0.252755486580107
-0.275834934519678 0.146873357321928 -0.27118061608592 -0.129149533166357
-0.120139565080655 0.192897110222034 -0.470783429597442 -0.00400255740478104
-0.026571877885582 0.175159066095732 -0.203635443304978 0.317636471531954
-0.019354094214061 0.202105552537987 0.167372738490451 0.178669083977671
0.0283221871887839 0.253403981972788 0.227483525970298 -0.160712434165537
0.107174819586252 0.278340194046248 0.039809800528826 -0.376126497607486
0.152482554672935 0.338417344841482 -0.0875783790715512 -0.435449763997488
0.153398655911269 0.358327385244817 -0.152987859955456 -0.445978925802111
0.110483021241357 0.429605141580783 -0.138987846390098 -0.437874982657081
-0.057990404399139 0.477899190333542 -0.037125177600249 -0.384056526020942
-0.257898061123712 0.414269962987641 0.06507113063361 -0.209052674146383
-0.442359146459847 0.222962490015516 0.0200781969524552 -0.0747531966879215
-0.514194155092986 0.0280435974552597 -0.0880531691518306 -0.12829114706415
-0.411320728737517 -0.0159197886706241 -0.147573235926147 -0.237468204933697
-0.45574362544368 0.0974210673547125 -0.269771046370672 0.227775404542221
-0.369181156943254 0.260197038504657 -0.260313856015625 -0.196433853727643
-0.143968010989332 0.25360882866098 -0.498521134839281 0.00821756419247708
-0.0860602159451142 0.193417067047889 -0.202983668574773 0.338909477934654
-0.112770020107372 0.276230757288667 0.158065814423815 0.205065534665445
-0.0334040116012468 0.377777338248901 0.224685500171467 -0.0813987183894778
0.0967852919234058 0.424733306716988 0.0793150749302738 -0.246950888276151
0.178670964346057 0.490977952566839 -0.0146014684755882 -0.277896997965221
0.191773023807034 0.504973866150228 -0.0778043634761669 -0.275324111028012
0.125974310137804 0.577177595530133 -0.096381794196688 -0.26336702480409
-0.0984643856813486 0.613576952063528 -0.0481338908647726 -0.229401154419661
-0.341360093022426 0.475638647950683 0.014621531218692 -0.146961242708482
-0.448119694573362 0.226977928507693 0.0297407251868749 -0.0908553712599159
-0.507554984317962 0.109759340448643 0.0284830712432074 -0.154358348652006
-0.481040329079324 0.101041235925436 0.0397611754862528 -0.238650510306644
-0.517026820246218 0.1305884673495 -0.0941992625975555 0.2066214901908
-0.387303657789323 0.290998800735229 -0.214108152151473 -0.217565641843467
-0.175101073029032 0.216079408263314 -0.466096780420797 0.0450437911006925
-0.212683393278281 0.172879374953195 -0.179118753512863 0.347482741019207
-0.234957802070591 0.348861122171369 0.12372173333719 0.237467571293682
-0.0916654905464848 0.481832212829825 0.191951219810953 0.0417329898946987
0.0815806531763002 0.523476780127365 0.112169852216334 -0.0650993569494764
0.177542668014205 0.568916755439403 0.0631518923330233 -0.0809938317076764
0.187890136441612 0.564753867902405 0.011269586974659 -0.0792935932140144
0.0923749682370747 0.611336878971928 -0.0258659320861263 -0.0723480694131817
-0.146782259379331 0.604637435005753 -0.0357713651900227 -0.0618190350596901
-0.354436632513624 0.393053848340769 -0.0276654810397668 -0.0855829260698257
-0.326574782752944 0.163622573095756 0.0489420976490892 -0.120176385977192
-0.375596202711301 0.182178144106674 0.151583223483333 -0.189726948806995
-0.469381169214364 0.217811791014792 0.224498659465495 -0.254788462575405
-0.477641725275197 0.148316699130487 0.0907774984443411 0.206237534424292
-0.310866872157342 0.239327293515477 -0.108030773013403 -0.166161246160655
-0.18379909622345 0.0926888125963437 -0.345424663402444 0.0714429363872731
-0.341558410099189 0.114936208286052 -0.159313180164833 0.307448684414004
-0.328588389252261 0.376929182009603 0.0431181885616584 0.286747473419166
-0.12781236626869 0.518348740183396 0.136910148155156 0.208687584633452
0.0672185332075345 0.544397302847523 0.139798855581119 0.147617994772054
0.150379192293677 0.563405753182227 0.127468229518262 0.124500527270284
0.139586969478145 0.535939586937742 0.0857939825543349 0.113279118308462
0.00941646523203388 0.530641814334017 0.0273671127568928 0.0952490648349885
-0.203343854243221 0.453214800511764 -0.0405684231701598 0.0621991284445861
-0.305144040968391 0.188570891213098 -0.065105564351149 -0.0722061011617081
-0.113329243647901 0.0588591873313994 0.0836357455403343 -0.164779938601215
-0.183647250258089 0.243591893519461 0.25787672801563 -0.208801147780009
-0.402581703478918 0.299851928085793 0.371368704235244 -0.277608268790417
-0.351328722089823 0.158757952887288 0.250632237485038 0.221365363563645
-0.166090544787891 0.151938107902805 0.0382145198360302 -0.0722090654899134
-0.143823755416907 -0.0348060486473004 -0.185031324974921 0.0614034517974196
-0.374629532748781 0.0448267911030807 -0.167678614097281 0.238663576106128
-0.327751448754895 0.328195321530785 -0.0553064487048853 0.353650961960415
-0.124744027475145 0.450473009341142 0.0878390231916594 0.389195501202008
0.0463404492316778 0.472627931799092 0.163144033061182 0.354342458529254
0.0999756396504639 0.471224274805752 0.170358255504189 0.311368857519885
0.0623521364625748 0.428910081109704 0.122628805806614 0.277148525914239
-0.0819425643938801 0.372631700141785 0.0288796006298431 0.210419727061409
-0.228783213928742 0.225889109774762 -0.0825302885703502 0.103663812246293
-0.189669603533036 -0.0342188415485616 -0.0815164201499123 -0.125703643088787
0.106293871801751 -0.00817215088766156 0.148472345825634 -0.207676120795941
-0.0166383845996499 0.287822240730823 0.333904367098756 -0.179915300376984
-0.307337178399526 0.324505325222785 0.466086287902893 -0.295835710969054
-0.16648059382215 0.162605381860994 0.3543569698969 0.231288857820788
0.00878314427107893 0.0797911942445088 0.171923401653266 0.0106148159759064
-0.0392675157184263 -0.107235937279263 -0.0562571904557985 0.0333030900263278
-0.276004002792713 -0.0300107784033765 -0.191270783223908 0.190735113172515
-0.23116565831447 0.195677047563328 -0.118124114174417 0.423823875900382
-0.0922014685367958 0.282994255080365 0.0658760717241549 0.527373420339989
0.0161845205251482 0.311843619669263 0.180093798578321 0.510909629923555
0.0349878999467447 0.308723460371044 0.189023761089668 0.452082742767777
-0.0133744882169372 0.267780113375983 0.116404745795208 0.394001217102045
-0.134157895480932 0.182833473714109 -0.0205223988015192 0.260343429019936
-0.191642142678772 0.015814097008934 -0.136167430659067 0.0610554983490554
-0.049995849520466 -0.167508999737938 -0.0448562615658052 -0.213310659568571
0.233896336811839 -0.0112250627557624 0.241198094555192 -0.206090751296096
0.0728452412647094 0.28575288431561 0.370161434619301 -0.0960565481275083
-0.19387355425019 0.276969874061307 0.510354341768679 -0.295381078826114
0.0201322111299366 -0.117778423403609 -0.428285973403368 0.267279626184525
-0.131229819892982 -0.129490241580285 -0.293283741151455 0.0253108462313648
-0.168778643697479 0.0384820689180294 -0.370924046868919 0.140050823758434
-0.00706107792349616 0.149830829274332 -0.0521293507871306 0.31564495532124
0.104146579038089 0.0730890271494136 0.205535896725644 0.0546882083724101
0.109559460684824 -0.010343678787708 0.135406267037041 -0.272866758831786
0.0626179432061106 -0.0823237514569458 -0.0741881188989527 -0.446285578653841
0.0253013908381909 -0.0990261787608337 -0.198712211727327 -0.516861524156136
0.0197603921804118 -0.103511662735977 -0.221956048832187 -0.555261860673228
0.0799048984359089 -0.0769000773508524 -0.129924626998567 -0.552482386308621
0.13927565463526 -0.00188942863510567 0.0269795831379325 -0.474582784183413
0.124986129653318 0.132162482012214 0.131533521377758 -0.232450797486398
-0.126250602056635 0.172625232805106 0.0197095960141213 -0.0662088015925967
-0.210663040283124 -0.0534588255460184 -0.176841349520829 -0.0977281440337299
-0.043203830401444 -0.148269755617072 -0.36432792354584 -0.230330975422992
-0.127433465288525 -0.0295111289031887 -0.421333294488269 0.278731661818724
-0.170112481683193 0.00119464376644454 -0.268796463174999 -0.0475755047333815
-0.124792865547094 0.094220048070278 -0.421662382628387 0.0575397000220239
-0.01556209235642 0.148229533343183 -0.142797805612765 0.318212265744272
0.0479057771134387 0.134838867595548 0.186209816087196 0.129477624256932
0.0823611836024011 0.118413780746334 0.187843101628692 -0.225798089193804
0.100621541492781 0.0945892185529869 -0.0271334844602961 -0.43523917689801
0.102000116503872 0.119293158279066 -0.167941145014822 -0.506620054050619
0.0917384585776832 0.132628077557458 -0.21357519520404 -0.53270996775042
0.089595100266147 0.182287784971657 -0.158664287068319 -0.527400269464917
0.0283106385061416 0.24026796882093 -0.0152591707116749 -0.461782760978308
-0.0788845289498709 0.270654324885922 0.103961799911164 -0.234294712644802
-0.30181258621907 0.198630857154967 0.0154053859494242 -0.0659272366790015
-0.388097666064273 -0.0146421486551335 -0.165177756669184 -0.105876024670614
-0.246255147680071 -0.0942831677401254 -0.289787254362368 -0.229454708595808
-0.293544370656285 0.0518495823871113 -0.362018478160674 0.264282969368218
-0.254354578141775 0.153134456972555 -0.266566431963487 -0.119333506595891
-0.105722894559065 0.185968170682841 -0.460248870504265 0.020775339517266
-0.0174048185093514 0.163045347493553 -0.183229978555447 0.32002980830185
-0.0124952015016322 0.190915605351182 0.172699251343255 0.169285443639513
0.036373765283565 0.240390549272587 0.215483137351694 -0.169985586816465
0.113508251933681 0.264300657068108 0.0208782791609554 -0.366952846310687
0.161811979065218 0.319599136042716 -0.106068088450338 -0.420426927783035
0.163251231792651 0.340376910556716 -0.168684229064785 -0.425715033280248
0.124279635615404 0.407892457695868 -0.154414462363612 -0.415362327934024
-0.0340067418637354 0.464230342372952 -0.0517082276682318 -0.368484242163211
-0.230266811614375 0.410560255715387 0.0563158087399952 -0.201617812657872
-0.417737743562592 0.232842923479754 0.0185238931176524 -0.0748620722698374
-0.49113649272006 0.0501888926393969 -0.0913082072450172 -0.119725574357988
-0.388851681530449 -0.00173099748563627 -0.149043693157218 -0.226485174157962
-0.427623646938456 0.113521771844897 -0.24319633018112 0.234399285920794
-0.334150525910488 0.267544442411127 -0.261557660605688 -0.182212079693794
-0.123457951735298 0.242632949221767 -0.485936542333017 0.0363403707420742
-0.0752896591198309 0.179919009371322 -0.17951818427937 0.33965330335684
-0.101125882149339 0.266068188210022 0.164843279189143 0.191955909948406
-0.0186592760294149 0.365212919243432 0.216397260299307 -0.0940349909101276
0.111145176677557 0.407924767108202 0.0630924804191072 -0.243943348902252
0.195328596823761 0.467965766738645 -0.0277147508263823 -0.270782834551972
0.20786247250769 0.481578456111615 -0.0872256540495137 -0.26413326916873
0.145609512242722 0.550866380300425 -0.103301621052023 -0.248640257750613
-0.0689950793728605 0.597779996673442 -0.0543556071612279 -0.218612497354386
-0.311854535734242 0.473145651652386 0.0115937269315869 -0.137924044788073
-0.425268887417083 0.231924064571603 0.0271303170754763 -0.0900096008639393
-0.477531700278502 0.1252675651485 0.0198050258420143 -0.150268659771025
-0.447650755627005 0.113934802302021 0.0266638880884992 -0.236231138601209
-0.483697271722138 0.150900689380158 -0.0776651333639374 0.206675970945236
-0.345282645595213 0.298100413791602 -0.219639312299905 -0.20290596914609
-0.153196954409844 0.204987220112591 -0.453241491010211 0.0726247084797379
-0.200601537165379 0.165872852203522 -0.153124346567145 0.344436704373875
-0.216531347167177 0.342879834121454 0.131972197474663 0.222879010939008
-0.0712631175779383 0.470966437126572 0.188561879616571 0.025422038033014
0.101418342363984 0.505494352169468 0.102019093143497 -0.0714217808504411
0.199927949899477 0.545004534223142 0.0551946942415521 -0.0836312651320674
0.208528802289629 0.538940812944579 0.00772605729562056 -0.0787409702927415
0.117588870126888 0.584543752422263 -0.0265100836709811 -0.0685395246970144
-0.117251395052737 0.59397876297574 -0.0342468704339615 -0.0586263599306011
-0.33192432052636 0.39447457514441 -0.0264901485667406 -0.0762955875493047
-0.311326444542978 0.161212685239882 0.0449869853090514 -0.118745159179441
-0.345554096524782 0.18745842868223 0.136824137479103 -0.190316297196413
-0.427457712104853 0.226033534974208 0.199907997208101 -0.259489403331909
-0.444047471001328 0.168364295800924 0.0986560283447361 0.198289957690004
-0.27322417747873 0.24293706718474 -0.117321427000227 -0.155233945543093
-0.168732120753226 0.0845900781929649 -0.33303624090921 0.0913595500579575
-0.330643848873683 0.118872172159661 -0.135890956116725 0.302912346068442
-0.303600019340368 0.378010145765959 0.0554340260521209 0.271791025487931
-0.102261569433539 0.50774009840281 0.142606817868063 0.189054324208832
0.0885878858622603 0.528166590577603 0.13751343056979 0.132890242363763
0.172897705855605 0.539299814102699 0.126440302958483 0.113611430492156
0.160481468172201 0.512297307230959 0.0883088319326931 0.104577654720439
0.0318669131534397 0.513738262383933 0.0324426130569584 0.0903237763805675
-0.179631416035465 0.450948012265871 -0.033041329594659 0.0612332366929109
-0.295239896804082 0.192821753948811 -0.0635915637461894 -0.0609121662355056
-0.108143440212818 0.0473818737651258 0.0763469363139717 -0.163781334426717
-0.152769877402825 0.237807826579387 0.236927375030918 -0.212417902631365
-0.358984520041131 0.305417685152616 0.335559647360592 -0.288812995520191
-0.322095929732071 0.172974405658857 0.249546193340809 0.206117165066061
-0.140503137341272 0.151430935316609 0.0291775917370553 -0.0696448973907298
-0.138195904431726 -0.0385165195833807 -0.177736150311409 0.0716906155377215
-0.367082320582697 0.0559908733270856 -0.146381413653025 0.237285720879986
-0.305818714840976 0.333415141408847 -0.0375370432002243 0.340797430180112
-0.0999501880144208 0.443866489127837 0.102226356701571 0.366234104848879
0.0672886057353517 0.458211364938904 0.168885458630633 0.332747070914266
0.121854408588724 0.454382173024754 0.177073659798443 0.293485463596409
0.0812730853865995 0.413004644760485 0.131131406540978 0.262035069526929
-0.0651889427556491 0.366333457969135 0.037764902218229 0.201606343999569
-0.215885696373124 0.23097281339903 -0.0739296485227284 0.102723008497358
-0.193900331433928 -0.0300768119371361 -0.0841062507121061 -0.113383794739694
0.104402901161209 -0.0274268509575512 0.135875580190665 -0.208287089899342
0.0114081649582488 0.27545059469145 0.312960322714362 -0.189645823398026
-0.269483811364147 0.328131297226595 0.423722446788655 -0.307819123365197
-0.145534471579373 0.16698795128796 0.348502809476391 0.212139270277543
0.0210762254534199 0.0728123361428615 0.162426359455892 0.00514170588004931
-0.0425394487854822 -0.110455475405684 -0.0544152196102001 0.0355722984947489
-0.274147529271751 -0.0166416928686622 -0.174447083216096 0.191930490446932
-0.216662445644996 0.202026400741334 -0.0951410572559626 0.412294620379215
-0.0752615612565809 0.280133320941942 0.0865975772631667 0.502548342550216
0.0308766677441914 0.304157010229878 0.19439629253007 0.482089695678847
0.0511854926922501 0.298096768981478 0.203208050209252 0.430962905244523
0.00024177225980636 0.260835754327745 0.129442554685453 0.377306496271249
-0.124333807157181 0.185774831770121 -0.0089637508817871 0.252837199310069
-0.189982456670373 0.0254865102458775 -0.130063350838874 0.0635576114648155
-0.0625427527826266 -0.164881914463101 -0.0550756921768506 -0.203716659474791
0.22952332107945 -0.0325162240140884 0.226800716297791 -0.211540661660517
0.095260256313435 0.272358415918773 0.352328428835622 -0.108713078362356
-0.168159465412484 0.2808232659658 0.465926200974957 -0.310795992623567
0.0702219057730368 -0.100765782877662 -0.492483786366676 0.0727798572877386
-0.064185706048011 -0.169500596776589 -0.272912773400903 -0.0931128859600428
-0.170994594045879 -0.0315066740056623 -0.391607149677955 -0.0117011849047449
-0.0661219803583728 0.129582596095931 -0.165430606769662 0.270747366669312
0.0617453223696956 0.105145100335505 0.165795653234598 0.13040877803337
0.101924363618705 0.0326939974492232 0.232493960105357 -0.192030268639412
0.0853926282440296 -0.0496882739028445 0.1116185191985 -0.429586631609456
0.0580180113169912 -0.0809613826213113 0.0266736725589953 -0.536637322187323
0.0511767616817015 -0.0867325438203418 0.023235408796661 -0.578634854739594
0.0950783933381877 -0.0416896726842127 0.103833883252332 -0.543332382356066
0.123388541529842 0.0441146582862308 0.211447668053343 -0.40420948189309
0.0656933028151985 0.162805361360781 0.209670262026489 -0.148426551988833
-0.180350537525738 0.116545593801917 0.0401901873074916 -0.0511823819765708
-0.178102573230732 -0.121639951876637 -0.11799625874982 -0.164045411277164
0.00599307370413218 -0.156680815098491 -0.215578672760461 -0.349087714001068
-0.0997998884873516 -0.0845018988189416 -0.477446065753348 0.102721851841165
-0.147732547987459 -0.0718225451450034 -0.215158673692884 -0.145812710569451
-0.151032738148746 0.0311506871984989 -0.401993681609829 -0.108566700358121
-0.0724387434586467 0.119504883876824 -0.249632462875568 0.238764570006657
-0.0139282061608696 0.132247891279837 0.122949106603136 0.194491624412412
0.024071775621626 0.133976346951928 0.265721578371647 -0.126526526758499
0.0492141265519953 0.1208933658985 0.151331846313976 -0.397604671471648
0.0423057249129224 0.144545286787817 0.0506461553371796 -0.516964482076254
0.0249081671105031 0.151806989092526 0.0176480552565539 -0.553414593859025
0.00609027790360653 0.193269485282112 0.0649816055350796 -0.528545660818159
-0.0666486804256173 0.219830927437954 0.167258806082715 -0.40891411396871
-0.171210443698395 0.207977252381181 0.182832204836059 -0.161914931872676
-0.347450460067955 0.0720768249966377 0.034887375936673 -0.0562908871867379
-0.347394872810237 -0.149320585546645 -0.108477956026546 -0.174238653090003
-0.192254781599963 -0.178594825226596 -0.15151057109125 -0.330283037358886
-0.282170038762114 -0.0809357873957528 -0.408929655040748 0.127660796370531
-0.279982415551168 0.0286297861044034 -0.179190976887028 -0.202673545038758
-0.167331521469903 0.117491599085425 -0.416520437423632 -0.155529811960605
-0.0787755509321114 0.127350810871372 -0.284893583326369 0.224999828792867
-0.0902426016086753 0.154420308509341 0.0981901906537484 0.22714089005865
-0.0668550678930821 0.222278956894615 0.271269352511933 -0.0622610616905544
-0.00703229579487044 0.275532608975138 0.168681525197364 -0.317131518894426
0.0193084328566275 0.347415896611157 0.0715650508595616 -0.416897093431208
0.0111693073463829 0.364861590033742 0.0133095689806689 -0.440700715553096
-0.0466275700256555 0.407441201013204 0.0206765546447028 -0.425271599709865
-0.20534754214795 0.397782696398261 0.0973105079526036 -0.339542135726715
-0.361907457549679 0.273776765108677 0.125500290749487 -0.151919916387487
-0.466064758000027 0.0552152247527119 0.0391189967585674 -0.0647066175152319
-0.456689812372776 -0.130587995044803 -0.0423276630118643 -0.161978830431943
-0.346430982203013 -0.143934398608763 -0.0314753153966013 -0.281775298215481
-0.429297371598885 -0.0827048833203635 -0.283118197617481 0.160709309864051
-0.394659221519651 0.097402855528158 -0.147633876324411 -0.252046589302966
-0.20215846794217 0.158046528297628 -0.441784733350533 -0.147957004026077
-0.135377314878106 0.114567606705586 -0.288302452417648 0.24717512978863
-0.199705995603484 0.1824193003541 0.0842546149834846 0.24844250332583
-0.166844795727297 0.308966449669579 0.243765597177604 0.00839354149857646
-0.0658357236209788 0.402625827959506 0.158726541840719 -0.189950780564705
-0.00827272715550887 0.49350430896166 0.0816407926205649 -0.255524756732876
-0.00120970188707924 0.509618441524629 0.0188626219221163 -0.265265716131527
-0.0796316114991207 0.543963967990956 -0.000942775987683141 -0.256178537927471
-0.288703182886471 0.506778817653253 0.0370896582966627 -0.208616119967876
-0.461535597437076 0.301862919585341 0.0581894052023636 -0.112333894811416
-0.473108160186569 0.0469106842555819 0.0537046614969763 -0.0747079492614355
-0.466293922345715 -0.062546657949166 0.0636086742061331 -0.146025098256341
-0.43469354564948 -0.0592156770201806 0.120985899342575 -0.226927239122269
-0.494780330604689 -0.0701572872142534 -0.12118447852091 0.205673898379854
-0.414556795797566 0.118957349372743 -0.103781530807653 -0.250683617701103
-0.211239200938798 0.110131694223332 -0.428152327227816 -0.0998897316797627
-0.240263591861525 0.0499107616622479 -0.266314555826481 0.268155006663811
-0.33323829951359 0.203916044458558 0.0457678444154358 0.265452513803302
-0.255170492126997 0.382394292677941 0.172713583560369 0.106463896739501
-0.112991254741051 0.484481941214438 0.124376204212894 -0.0198293174389439
-0.0327539855368308 0.564539033272829 0.0815893330491907 -0.0565761686082649
-0.0208851467550518 0.561853385411701 0.0290543254382366 -0.0635169296080909
-0.117721593795279 0.564063777794306 -0.00400927720371823 -0.0660273146759808
-0.329649316547574 0.486513567404268 -0.0074910237660984 -0.0604158890945251
-0.452590254933991 0.223390844300181 0.000858087818750991 -0.0733953658486991
-0.342644306436927 0.0183025908452217 0.0830227700096451 -0.0911001119844071
-0.363984162723259 0.0385761203948361 0.180465362782969 -0.130726791769386
-0.450446692761468 0.05015894930201 0.273588134718714 -0.180966609712856
-0.466235997925505 -0.0371267814530069 0.0366744860619025 0.261740033199895
-0.325482032109057 0.101270486320385 -0.0353165707930722 -0.169644416956281
-0.174986143598435 -0.00416297169992688 -0.335529434555062 -0.0353432866591802
-0.334915309604439 -0.0434733337245686 -0.237003969802093 0.242216902064514
-0.424849911401754 0.201228689460189 -0.0427742614523147 0.281027061727443
-0.295927087070569 0.403149178736187 0.0662634392912064 0.234878872884418
-0.131968634959946 0.49922659176751 0.0737414676563772 0.175538177685926
-0.0530401338866496 0.551783955398268 0.067040346994797 0.14762032857566
-0.0525595361102631 0.521476422643937 0.0288925897562892 0.129220859879429
-0.165937447770364 0.47068586213043 -0.0136104785051745 0.0965212197047328
-0.334180803470363 0.337275266320877 -0.0539908860400344 0.0438653904149321
-0.345433308195587 0.0551370857127255 -0.0359415193042186 -0.0768017309925419
-0.114121726282837 -0.0135712936531717 0.132494881974999 -0.116220624281526
-0.206205392736005 0.151347211613048 0.27736280547333 -0.103865156869273
-0.415717507562689 0.14854298227244 0.396523952511557 -0.152232742879139
-0.357998981177567 0.0224266752064011 0.163614745806062 0.31630930759682
-0.172351328741949 0.0746144008765378 0.056164715830062 -0.0428734157439532
-0.0989996228427402 -0.101351648158693 -0.194572312114864 0.0054969836447263
-0.345176096851342 -0.107960703434049 -0.225913648481847 0.178061008998199
-0.406413989592046 0.163834954782046 -0.155784139056343 0.304095686595739
-0.267505286128218 0.350410793405061 -0.0416539871820252 0.37445518874245
-0.121823642618392 0.431027913564906 0.0221200758029367 0.364631781994307
-0.0641453238450151 0.455675230295377 0.041329248284548 0.328739257782218
-0.0823899803245061 0.402358892185986 0.00574986506523259 0.285144485755094
-0.197308448776115 0.304090138959189 -0.0516684066067738 0.195206664920864
-0.284398046480958 0.127442985870747 -0.106929250557329 0.0617375029150888
-0.170250839815523 -0.107136832025201 -0.0311548716935739 -0.134266996239707
0.110105403627974 -0.00455192073026856 0.207165983680797 -0.127935286479599
-0.0710002774752515 0.245743675050802 0.337031889326434 -0.0458008340201795
-0.344880030507794 0.202504986786763 0.477923842173807 -0.131974796374112
-0.197997048970334 0.0927743186172489 0.242095346026451 0.344016201641443
-0.00293492022000338 0.0720395427074743 0.142306244116684 0.0683399397978534
0.0106949070294386 -0.123531237284311 -0.0719356385283 0.0127467997143314
-0.235541447549358 -0.130390930388336 -0.236844934173106 0.119364642749589
-0.273422022033199 0.0859655908373673 -0.240528080807945 0.339207692863037
-0.178967094973711 0.215645474510595 -0.113771640653842 0.486181394656486
-0.0921485709851437 0.281949348564637 -0.0171725997758599 0.508038551154399
-0.0672264776333121 0.289644689063843 0.0105963051522116 0.463098138780352
-0.0969617850233991 0.235322887547733 -0.0384367808070432 0.386054034801753
-0.182241003146945 0.121020430019537 -0.112563014522495 0.220973521630655
-0.184810381256922 -0.0473402858192888 -0.142046574669003 0.00254993481281476
-0.000899682213954414 -0.178361857493813 0.0326231760252754 -0.204565224355565
0.228459778339272 0.0400410216350131 0.288680772944384 -0.0934641576190366
0.00333384533564922 0.27649529550601 0.343236203203788 0.0458511918491609
-0.240334038413275 0.196336074046144 0.514996521233229 -0.113629507155574
0.0672236252494491 -0.104358021219242 -0.470410399707666 0.0862504807818832
-0.0720014743693063 -0.167377991226211 -0.264633594140396 -0.0925301350297593
-0.174736155928878 -0.0247644804099177 -0.390673337341471 -0.0024731413351547
-0.0612461486352423 0.13282648518409 -0.158964866001191 0.273435642260428
0.0656315805518589 0.101882525168693 0.168695083279401 0.128484398515227
0.102953626784697 0.0275174589170619 0.227076665345434 -0.195969857114317
0.0817757370967821 -0.0527491209969377 0.100381990809352 -0.426262883966271
0.0523059558677683 -0.0830946099228134 0.0125718747090961 -0.533895138176671
0.045344623028042 -0.0873421070673497 0.0109517975528508 -0.572365258255613
0.0919832620443561 -0.0458784039788311 0.0903972724814135 -0.536759286260831
0.125902070612495 0.03727828397716 0.198151324190532 -0.401351371951996
0.0736985315764364 0.157992684512672 0.205946739604042 -0.149265373506963
-0.175675542917045 0.126823200527339 0.0398865440203946 -0.0514850752391153
-0.183476778720699 -0.115434282125429 -0.115803412427718 -0.158222264917279
0.00127727865745454 -0.159782635372633 -0.209769956783553 -0.344620007635494
-0.0964285886807042 -0.0840410885759776 -0.456705920431857 0.114327934468292
-0.146877643791977 -0.0694190667469187 -0.209260791845866 -0.145965071375924
-0.149951007272239 0.032251167495883 -0.404231073597963 -0.0972336422097337
-0.0679048424361089 0.117464365911877 -0.24402389045519 0.245170061334544
-0.0102617090397666 0.128032037185861 0.127951805581837 0.194732488823549
0.0263010494427865 0.128992190836299 0.263122924439259 -0.132343948211715
0.049688040385479 0.117107316380353 0.142986233871892 -0.396398108617441
0.0422307533848328 0.140738084280414 0.0381962670364717 -0.515444731048848
0.0253171859825191 0.149816166003643 0.0062973982599016 -0.547435106944208
0.00857243639090264 0.187815314189568 0.0533237199254006 -0.5212690001683
-0.0592094508960627 0.216091773347997 0.155214183018788 -0.405916192168166
-0.161523313509736 0.207469263646255 0.179458684502831 -0.161616427899125
-0.339672493378709 0.0812439752335658 0.0355921201057034 -0.0571593669842593
-0.346028589844756 -0.13978694883205 -0.10830916217636 -0.167937851814352
-0.188923056264998 -0.176301336491563 -0.147070922549117 -0.324435342402136
-0.274454728260853 -0.0749563853059506 -0.391355159886792 0.140715315779675
-0.269801510022689 0.0334613160506654 -0.1771548311355 -0.202087130030562
-0.159287426632885 0.114766860112204 -0.418612989670622 -0.140675474151744
-0.0730930725306084 0.120239969784031 -0.278285897884464 0.232431751637242
-0.0869391519851111 0.149049363833208 0.104298591542013 0.22685830733637
-0.0637061442457978 0.217600482518107 0.269962436453487 -0.0709511206742149
-0.00312592672313873 0.27208786446294 0.160073816336355 -0.318979181702941
0.0245363067993007 0.342083992893052 0.0605010780758631 -0.416707104100472
0.0176270398181594 0.36057718528972 0.00323977390836656 -0.436419164469123
-0.0388416093374224 0.400890879800083 0.0134005954872107 -0.418783851224988
-0.193501748869099 0.396239748588937 0.0886605713906459 -0.336004050155384
-0.351075801340007 0.277692645315757 0.123008517702747 -0.149492054562581
-0.457001357014079 0.0626148590469276 0.0396597208226632 -0.065798952155649
-0.449137552217638 -0.119932695658977 -0.0434735047247697 -0.157873741907952
-0.335340108266338 -0.138975890650258 -0.0309278795873756 -0.280320185428561
-0.418123090577415 -0.0709590977455128 -0.267811573836645 0.168246656190841
-0.375428283287136 0.105106126622192 -0.149698581735975 -0.249876437827947
-0.189131113586544 0.153553074206375 -0.444354173951958 -0.131510338225684
-0.129714204385865 0.105516798270403 -0.278597185421219 0.253058198634384
-0.196674757190352 0.177970773290928 0.0912670657780174 0.244834712277013
-0.161222466120644 0.306886999879933 0.24287003983482 -0.0029568754648663
-0.0600959542335525 0.40074606903173 0.15127641977279 -0.193248762141351
0.00323549232204369 0.489670203081025 0.074211698036601 -0.256627888095304
0.0102895929930693 0.503045910852731 0.0129354157786319 -0.263959842025848
-0.0679716455083568 0.53736488983309 -0.00486854575712373 -0.251004256065041
-0.272977745989049 0.509071974269353 0.033665113157234 -0.206595368513161
-0.45366199714404 0.304142272850834 0.058474057937213 -0.107780452404079
-0.466316551446388 0.0491849663398586 0.0538637820754565 -0.0754073586530439
-0.452122256075791 -0.0539121518217904 0.0601862227964713 -0.145132318135551
-0.414431298997869 -0.0523240332549637 0.116086760563595 -0.23027823274809
-0.48006731258399 -0.056118502046882 -0.111323038605647 0.207708228830284
-0.391075935013084 0.129284488759963 -0.110773526553527 -0.248416512423211
-0.196541798686984 0.102906776100262 -0.430356329687213 -0.0813773327910235
-0.237073950932425 0.0422707212995185 -0.254284662234039 0.271560042104444
-0.32973955443181 0.202911263342653 0.0524455483552582 0.260136957740531
-0.245748125698621 0.38189592755946 0.174606029311701 0.0940765314153643
-0.103701865557356 0.484090252163281 0.11972760434829 -0.0260156189694907
-0.0190939069329551 0.560926775751077 0.0779453726864234 -0.0602596462775486
-0.00844799749622325 0.557479924312428 0.0271188030930468 -0.0652590911542913
-0.106010805575756 0.560190196150708 -0.00298408206176007 -0.0652943966192153
-0.316990619437594 0.491249480675881 -0.00590142782418564 -0.0590488838701621
-0.449284226609079 0.226718664342707 0.00294575654305167 -0.066084085451652
-0.338221718419369 0.0129396416888554 0.0826725229120684 -0.0919830764180884
-0.345704933053759 0.0409443082448305 0.174470412122735 -0.132510714410549
-0.424066978045527 0.0576194416117347 0.261306245402405 -0.189074226320897
-0.450809434525724 -0.0224252063687802 0.0418679222531323 0.260154082155128
-0.302300094098099 0.10742907020012 -0.0431176820902252 -0.16800960965412
-0.164132871149624 -0.0126686407702097 -0.334003109874322 -0.0208204306276211
-0.337002528401302 -0.0447306695743461 -0.223496704100245 0.243861352163728
-0.421020900424747 0.205529044117654 -0.0349912284549233 0.275016119669371
-0.286940572348978 0.405540443573837 0.0707391103745393 0.223209909888746
-0.120307790475104 0.499170714587968 0.0732658659758201 0.167004603437208
-0.0379763264017552 0.548588481758634 0.067085295218348 0.142875172458486
-0.0391592683176751 0.517561906221448 0.0308804184743319 0.126158662618192
-0.156424714546111 0.470770615988062 -0.00925626408184426 0.0949255070944671
-0.325540787646325 0.342897590199692 -0.0493395672082168 0.0440788349913493
-0.348427056895516 0.0572406066742559 -0.0353947033516515 -0.0688374111056888
-0.111371590954212 -0.026292789403715 0.130958471407255 -0.11724656970877
-0.185194659203491 0.149389352622384 0.269830076876707 -0.107983912723872
-0.388462288158395 0.155581124025177 0.378328822187812 -0.163008525577671
-0.342575624002815 0.0351228202368404 0.164817656506365 0.310615330080406
-0.153749295118899 0.0769447455484166 0.0488347972270995 -0.0432440089907714
-0.093564703588158 -0.109420784976859 -0.1942298175539 0.0125542404210285
-0.349071040272988 -0.106138815091885 -0.215187720092569 0.178934046429154
-0.402434155781643 0.170992177676621 -0.146728579968995 0.299505407933941
-0.256801200428488 0.35316551025393 -0.0324787670492007 0.363681845024392
-0.110085350350927 0.433046198280682 0.0266011862241791 0.355691722659205
-0.0502972161875333 0.454987377860683 0.045267915723925 0.324242712582776
-0.0713496793586988 0.402300093304638 0.0121835102870307 0.280872525054832
-0.19158291432833 0.306835584435402 -0.0455824852433479 0.193097531264934
-0.283714160425246 0.133117304894516 -0.102928734184269 0.06284978826804
-0.178370221547184 -0.108611650036054 -0.0337215478171857 -0.128071499093171
0.113612280452251 -0.0214423123658238 0.203824504379418 -0.130809697382409
-0.048056496759861 0.242767314270588 0.32829301802196 -0.0524129283737261
-0.323093787647566 0.210440645611563 0.454946554432868 -0.146209471349628
-0.185617333218465 0.100313901236533 0.239863710585572 0.33828538633391
0.00923747326924127 0.0692805786674236 0.136663589838844 0.0653643474536302
0.0114786000886124 -0.131902957107246 -0.0723121496681036 0.0143554165779891
-0.241009812689231 -0.125113494384873 -0.227865540723706 0.121649389022362
-0.272476737949074 0.0932517864138099 -0.229916095403411 0.336783520243187
-0.172502140624997 0.219583969423114 -0.100775368810299 0.476158179129479
-0.0829908076993527 0.283344430294589 -0.0070892504312555 0.499647939321438
-0.0561395800624172 0.28976002458176 0.0186899578556685 0.458447653698405
-0.0896121649868692 0.236726327919342 -0.0277670614368064 0.384882976782023
-0.180558816343013 0.126689774442259 -0.106833745615543 0.220434687688881
-0.189572821466093 -0.0428884301876715 -0.140986148813523 0.00369236251014749
-0.00991791541626382 -0.182578722382384 0.0252908242762757 -0.202352111722627
0.232601923346032 0.0245222765903369 0.286640449823393 -0.0991936965703274
0.0209897865205509 0.274510313618504 0.338092008455729 0.0384550375821795
-0.22581578236469 0.204439710489027 0.489651061063056 -0.128392002287734
0.0628809930198288 -0.109603787764576 -0.453949746960498 0.10507125170387
-0.0822869845564812 -0.165728788781879 -0.260813801564198 -0.0912147513006491
-0.179694571154631 -0.0140775663621071 -0.393361935984884 0.0130422484206852
-0.0552450200031536 0.137262477669478 -0.151584067094435 0.281450161050616
0.0715363001347628 0.0983283595100062 0.174895283271281 0.126253608811571
0.104449165543571 0.0201794589866579 0.221478029953561 -0.204432689997575
0.0780760837669272 -0.0571156608510832 0.0872219288923448 -0.428504935328377
0.0456546088148503 -0.0849250451455215 -0.00555052545551112 -0.535044376674923
0.0391377933621837 -0.0876668477881773 -0.00834475635474302 -0.570130361577076
0.0889648982748004 -0.0513950228452221 0.0715987820304727 -0.535856828006006
0.128061806354302 0.0292984523503666 0.183380766442271 -0.40326740749785
0.0837483028376609 0.154606345793182 0.202460913951162 -0.154523945446083
-0.170428440895478 0.139317927191786 0.0399467799574148 -0.0533360966329348
-0.192045964457248 -0.1072554913655 -0.116380097981726 -0.153197362297607
-0.00717366172549031 -0.164217844775019 -0.209854035451251 -0.340487209460893
-0.0961848561152106 -0.0836787069645027 -0.439220989385747 0.132934887915983
-0.148696386771294 -0.0661275217216723 -0.20804322418484 -0.14690357815829
-0.150094898341664 0.0368096323373924 -0.409446124708606 -0.0812698137014365
-0.0632780245032916 0.11771402217703 -0.236513436526884 0.258227723100815
-0.00649250784697269 0.12512697924006 0.13795681896893 0.195575425578367
0.0297333626009658 0.125116783675283 0.260871033087314 -0.143754466422385
0.0508420294536899 0.11369697147221 0.130111409460014 -0.40328547056526
0.0450275167168263 0.138636162038871 0.0191444178644328 -0.517432257971566
0.0276654382433151 0.14930886830236 -0.0131439501773419 -0.54765357814027
0.0130413070932905 0.184662730894195 0.0347744366223906 -0.520085426555311
-0.0502918170459109 0.214263611053642 0.140167619225945 -0.407201779025605
-0.150916737401292 0.210669288777398 0.176294356553354 -0.165615379875839
-0.334884922874239 0.09605234832937 0.0349968334537021 -0.0591667781531103
-0.349347021637947 -0.127251423164744 -0.109579103116545 -0.162954194053843
-0.191785613814095 -0.174443117455998 -0.148246927865117 -0.324988382968581
-0.270429426536333 -0.0664715515266698 -0.372709973607448 0.155750584337598
-0.26218996959502 0.0413263650541265 -0.180493310965821 -0.202356549253188
-0.152283210757182 0.116009255978765 -0.427776325125851 -0.122844885134256
-0.068358970289271 0.115003754082195 -0.271071880049432 0.246163275628175
-0.0840700429950976 0.146655777821329 0.115338322139143 0.227139891481848
-0.0596568620250152 0.216833486113336 0.268980645267233 -0.0843851222574528
0.00396810558823541 0.271582652321197 0.14919798251489 -0.325308014705958
0.036794531253354 0.341268783719632 0.0436866999997609 -0.420773185071839
0.0270350377924178 0.360023385876053 -0.0112609268658246 -0.437264465235385
-0.0268920676936234 0.400604553544694 -0.000672387202055737 -0.416042341799219
-0.179939902660874 0.400191449006361 0.0781534144367076 -0.337375947353034
-0.340936944657781 0.285955869952292 0.120898522744145 -0.149814728962613
-0.453944851496699 0.0748047356345066 0.0394338077856886 -0.0676099268634088
-0.44667185848528 -0.105010075118017 -0.0464504598572379 -0.155420892608892
-0.329794149432515 -0.132074168813249 -0.0342257774670994 -0.282703548850404
-0.40956479353892 -0.0553623400913792 -0.252311238066964 0.17856896088414
-0.359926472605101 0.116166962798519 -0.157505976786246 -0.249283702124521
-0.177108006275349 0.151048504350157 -0.451780868525298 -0.112315567134431
-0.126409380517691 0.0984952163271485 -0.267480891031771 0.265217779777687
-0.19389469674468 0.17891771445779 0.103120434811589 0.242666800804343
-0.154544573087055 0.310013535427336 0.243833896547976 -0.0172303332464553
-0.0488093732346692 0.402793238508544 0.143912337717527 -0.201552093054461
0.0209784727765787 0.490204277920717 0.0639110262789079 -0.261778374746367
0.0267367382395299 0.502737932165507 0.00302939741459736 -0.265951741619029
-0.0516873187306441 0.538384552365671 -0.0117822002658397 -0.24976318065427
-0.255802927376418 0.515830694733675 0.0289283879656394 -0.206126782784633
-0.444914028611883 0.316229376825368 0.0592661169258977 -0.104324022803034
-0.463593686796704 0.0567541835225732 0.0538859834044637 -0.0772604004648663
-0.444274061452851 -0.0437252299462451 0.0562698811858573 -0.146360874900335
-0.401170138915892 -0.0426857735604168 0.108943153891238 -0.23754623185831
-0.469736649696565 -0.0363070627383503 -0.0986884139010806 0.212757903880244
-0.369615405806622 0.141213161738486 -0.121084009852082 -0.246768622155352
-0.184644361320018 0.097601597392637 -0.433627378222619 -0.0602793395270714
-0.237413971317021 0.0384415714882902 -0.240014767672973 0.280058711164139
-0.32771396010533 0.209530562823984 0.0641007766337402 0.255736190877661
-0.237908318468087 0.38895580202536 0.177425482732477 0.081380692096235
-0.0879537072435831 0.48914168877949 0.11580550158376 -0.0336036417423173
0.0026612334318552 0.562900586028109 0.073300651554856 -0.0644356235378124
0.0130274713405682 0.558122040001179 0.0247014862676741 -0.0678411742657771
-0.0888721093958431 0.565179870833972 -0.00309229812440755 -0.064806259623525
-0.30170172876455 0.502322094594616 -0.00522226177254718 -0.0588495395067625
-0.448314819816347 0.239438679735984 0.00527095943849147 -0.0604436254252866
-0.338784696706067 0.0113120769641719 0.0827037573366446 -0.0947892497298031
-0.331370622154561 0.0461348534907737 0.169381992039256 -0.137834333360875
-0.40310910272197 0.0678395478284262 0.24977381822405 -0.200881702983975
-0.438562952741378 -0.00182075946826307 0.0512103647395918 0.259547830696251
-0.282177626168741 0.116550796034974 -0.05381452433441 -0.166770319591662
-0.156266442923275 -0.0202139749519147 -0.336278683561273 -0.00351976900723503
-0.343038033467717 -0.0432789371483163 -0.210144916200518 0.248771389043567
-0.41856047768446 0.216372196058648 -0.0255632980544594 0.271244584851282
-0.27478239367006 0.415891983374588 0.0784078928093904 0.213912578890578
-0.103779693970495 0.505892904775503 0.0750541802340865 0.160951215593985
-0.0158337692893285 0.551075961873726 0.0701055835609137 0.138986743284728
-0.0192605784846492 0.518687896582838 0.0344677255171892 0.122830115883571
-0.14293029132808 0.479656639512788 -0.00406220138945379 0.0941306981665267
-0.316944908604778 0.355137369714105 -0.0455310064509247 0.0448609526583144
-0.355006434157775 0.0655523363298617 -0.0336213425189431 -0.0622530492660802
-0.112107233293435 -0.0388454498444231 0.129924240798422 -0.121786938889523
-0.162933949430429 0.148197651453236 0.263549714712722 -0.116420323100089
-0.365332610895964 0.165845292557782 0.361799317081904 -0.177371270491732
-0.329492044301904 0.0504924092052904 0.171042884175547 0.307273253001319
-0.135518865152808 0.0793709873064133 0.0418309710964059 -0.0438028762891544
-0.0923571910010402 -0.118810279306888 -0.194516008896183 0.0227335947381764
-0.357780219051334 -0.0990345329955152 -0.204026717239789 0.182383163473895
-0.401285970544568 0.185264591836865 -0.13697851179526 0.29959072631066
-0.246064909959268 0.363831122464537 -0.0204309144692164 0.357940873338444
-0.0935854615075622 0.43977306491169 0.0351421394419336 0.350391842869981
-0.0318604226132283 0.456442456069517 0.0545689659516724 0.321985373967162
-0.0565666544034104 0.403074643100828 0.0209441572352671 0.280036871200777
-0.183677523067419 0.31680723922846 -0.0373710391007727 0.192820561584113
-0.285047805172073 0.145532123740015 -0.0997152896008486 0.0654371858927041
-0.190489836558215 -0.108141290981774 -0.0371143102030058 -0.123366120112562
0.115375560533718 -0.0411312333585876 0.201425852351702 -0.138353235197247
-0.0237720114173095 0.238863038698749 0.322706302970693 -0.0630535236534057
-0.29970677631477 0.2219830193823 0.435275469620713 -0.162196704941788
-0.174104442277868 0.110125750161262 0.243217768030059 0.33327813189811
0.021729457736381 0.0658913429931423 0.132605158231874 0.0611175882148169
0.0081676807687867 -0.141733163555366 -0.0738269845640288 0.0170850114125867
-0.251537665468635 -0.117975552040535 -0.220436546611896 0.127107676339868
-0.272236018339886 0.104459355317968 -0.218504124991913 0.340234434770087
-0.164612912845752 0.227008912156566 -0.0838818762093798 0.474029387045487
-0.0712467733841246 0.288927008980159 0.00707712404874191 0.495073672238616
-0.0425089915535 0.292728790261185 0.0351751139191059 0.458069967997968
-0.0805654552845541 0.240351994423506 -0.0150304021707369 0.385284004014595
-0.178720239076224 0.135680250138197 -0.0997340328909443 0.223072113389229
-0.195858850519211 -0.0350462116265866 -0.142687978953457 0.00747169924197523
-0.0215706394338341 -0.187391200323961 0.0177973787347918 -0.203035855346952
0.238447123161655 0.00457647523590395 0.285414315085669 -0.110480231312632
0.0431946483175874 0.272670746353046 0.335677565497381 0.0279985464763826
-0.209964727591711 0.215378538053988 0.467726874286454 -0.146208182726467
0.0545167497125437 -0.114794315724506 -0.42657601150457 0.127606202931721
-0.0960699696669178 -0.159047907593688 -0.256932130974347 -0.0857975076032719
-0.182101653048396 0.00126299414431259 -0.390808455983705 0.0360796744050078
-0.0447705558082873 0.142003807318589 -0.134744500674601 0.291478839046587
0.0781379278904415 0.0911378564205497 0.182743623755625 0.118825436066278
0.104914827001709 0.0107964130915357 0.208527245183845 -0.215260779551016
0.071967204802537 -0.0624177756154125 0.0638756498899244 -0.429516605366787
0.0373601278353287 -0.0868071503277772 -0.0333612621728473 -0.529677946037974
0.0304317303888816 -0.0873354583016524 -0.0368084080797475 -0.562299979792237
0.083589335654736 -0.0571775932690226 0.0444660260070201 -0.528877823033182
0.129641358548813 0.0187123871463206 0.158954243662781 -0.405066697436044
0.0964607623663706 0.145805160850258 0.193145137515835 -0.161385434833803
-0.158651589411591 0.153992607057033 0.0379944830437706 -0.0554196543409261
-0.200924870635415 -0.0933154006410798 -0.117794271242784 -0.145634859002824
-0.0202393093242635 -0.165659458830863 -0.215032394833827 -0.330975036150249
-0.0964352847034836 -0.0805697568819438 -0.411224249485616 0.155634756857544
-0.150053814409922 -0.0597416321525486 -0.209191720360318 -0.142989414291853
-0.147405751652855 0.0442575187953032 -0.412852526871985 -0.054121209316189
-0.0561776965672913 0.117386912204312 -0.220892076543326 0.272110108238705
-0.000621049508570185 0.121105741560416 0.15126791255051 0.190178835265242
0.0342450141843478 0.118828641245832 0.251700662837388 -0.158550914359037
0.0542531499999499 0.108511168863589 0.106753813459042 -0.40728976207479
0.0489738405425693 0.134784159919008 -0.00923635050202031 -0.514017393264848
0.032523953279176 0.147091532612221 -0.0413973992337606 -0.539479037099137
0.0202795386549843 0.180171910138014 0.00811265747922828 -0.51242954956455
-0.0375512733084008 0.210846589644956 0.11654046886856 -0.406341256178737
-0.134517351563602 0.212747569500043 0.167457680645251 -0.17050609882416
-0.32246510807238 0.114339378533213 0.0335430892268686 -0.0610385984718569
-0.350260326814016 -0.105810668035051 -0.113199055243594 -0.154905214513615
-0.195796088406955 -0.166475910609722 -0.152698008719603 -0.318593666534845
-0.263158001798939 -0.0528819105345224 -0.348045543042206 0.174190494624424
-0.250379693124286 0.0524052795481295 -0.186151156774277 -0.198369295431335
-0.142139022346498 0.117880386498434 -0.431817308378794 -0.093693969846671
-0.0621554595787773 0.110016705766098 -0.253921949258123 0.261840516129907
-0.0781188831092721 0.144817202592177 0.130911004870373 0.221431943029842
-0.0505766167093308 0.215558431443207 0.262601516367627 -0.101153577407771
0.0154943151630436 0.268618584971106 0.130181526289157 -0.332533297537518
0.0524642826279378 0.335093282242357 0.0195678817185467 -0.420101801428849
0.0449952174385466 0.354890796517119 -0.0352888021370786 -0.432454468203192
-0.00795090896871879 0.395071477111932 -0.0216960011880863 -0.409555348742812
-0.156484733128383 0.40297121824829 0.0594251625443543 -0.33559685919011
-0.321983487304488 0.298110723552628 0.115180751816709 -0.151412780165027
-0.44236252574517 0.0946233650579954 0.0376753771117636 -0.0702538219381057
-0.441903487031932 -0.0835841035374749 -0.0510838576876989 -0.150582793884748
-0.322789744013636 -0.119215024373317 -0.0435044636609006 -0.283127625317908
-0.397210376400452 -0.0336103797310304 -0.229696184511311 0.19011559204884
-0.337770032998267 0.132708829180267 -0.167524574433051 -0.242840195075649
-0.161117839602642 0.150007092266339 -0.453403518421472 -0.0814439130833548
-0.121171855208482 0.0926363604105136 -0.248898981054563 0.278750009075163
-0.18662095723968 0.181216942867796 0.119174601610888 0.234687954465554
-0.141151267847851 0.31293605180423 0.240130694926772 -0.0347505494314438
-0.0280437772615151 0.400488885543561 0.129985855669236 -0.210126180106783
0.0460493171693308 0.483517351104307 0.0467075584778583 -0.264058703632706
0.0536717339582804 0.496575622400787 -0.0123160663137714 -0.264417160461221
-0.0240388535485929 0.534335066352728 -0.0224792691012184 -0.246184921184056
-0.226149165490506 0.523363938008938 0.0187859159988879 -0.204909128194523
-0.4261679223317 0.33499472561238 0.0582362042277401 -0.102680164893186
-0.457059872258302 0.0719264639214108 0.0523288869563998 -0.0804507449697693
-0.430444638282451 -0.0268781201293922 0.0481322393600322 -0.147046464137888
-0.382004346315259 -0.030289029130011 0.0954242125052547 -0.244696083636266
-0.453577680808726 -0.0100321064873999 -0.0804028355586744 0.216205191820462
-0.342504833215834 0.155334269269218 -0.134570511366274 -0.239007136769991
-0.170896102228119 0.0937223802183983 -0.433090632009525 -0.028743870352306
-0.236942239223718 0.0387597936980064 -0.219052515441444 0.288717198486902
-0.319059373510597 0.220118899073209 0.0783479900655222 0.246427151984783
-0.217763536227653 0.396726839859074 0.177698750700476 0.0646529465426594
-0.0626981127633912 0.490929281052129 0.11003046084131 -0.0430600570368823
0.0336919385071292 0.556046799165167 0.066752893727812 -0.0694809520528246
0.042356638997116 0.551004718029783 0.0187977958078078 -0.0698945826546976
-0.0594622925523623 0.56293670669431 -0.00447059929662554 -0.0647225974074503
-0.273649431206481 0.514997496652578 -0.00606788993726261 -0.0588095425091739
-0.437538590224968 0.258984858763572 0.00770895772643027 -0.0557268108974306
-0.336860627456102 0.016352701357314 0.0796368889617111 -0.0987310261994108
-0.31033457672158 0.0531215016556105 0.158474043079854 -0.14478515255198
-0.377187185541506 0.0796010757316744 0.230532632590816 -0.213752787805029
-0.418439554642232 0.0237170781441217 0.0655721122016651 0.254813217274088
-0.254127387379419 0.124299978262753 -0.0658941261192032 -0.161762646823423
-0.149622692568192 -0.026364424652271 -0.332570444933645 0.0199506514850712
-0.347603233779775 -0.0336956166477997 -0.19074739999027 0.254184820036699
-0.407127606816171 0.235452145100361 -0.0109327273899604 0.264745388421325
-0.253001675955247 0.426068619983882 0.0859755889095901 0.200270637042516
-0.0760083216482086 0.508593126958357 0.0791038012156163 0.150815791783926
0.0179609055390028 0.546056356651637 0.0734394573576057 0.133779808429262
0.0100758772143732 0.514306457351858 0.0395039407347097 0.118964785165343
-0.118595254580881 0.482961268990083 0.00306586238528364 0.0913445030202798
-0.298012402209405 0.371063718446687 -0.0402514682385027 0.0456193839418822
-0.357273717091833 0.0812247404014861 -0.0326136569354299 -0.054946620642769
-0.114816524580879 -0.048473051086608 0.124780707802916 -0.127768608877631
-0.137163335092829 0.145100692771149 0.250944990659603 -0.128479124190093
-0.333218036342358 0.177867158209869 0.33696618606996 -0.194684822990239
-0.309160269987797 0.0701066744920987 0.181819045769198 0.29715667487266
-0.114803196621907 0.080090856751823 0.0334078662193771 -0.0437807671803474
-0.0948901985108579 -0.126070443168425 -0.191680200139476 0.0361607668801073
-0.365923074240643 -0.0834179391276551 -0.188168137021735 0.186223620348805
-0.391255545381995 0.206597913653666 -0.120845171465249 0.298177977909341
-0.225334854288701 0.372968466633306 -0.00277023053116698 0.348513712266085
-0.0676263651076431 0.442379885072074 0.0492030925046154 0.340435088073964
-0.00299144766193689 0.452626004003363 0.0698389732766054 0.31571875476442
-0.0332896630528147 0.402708863341793 0.0348660372935891 0.275348917282506
-0.167316059639297 0.32674457538502 -0.0263256783120808 0.191311319828104
-0.279203531610568 0.161257879600592 -0.0935337422969756 0.068682686048243
-0.203835171043645 -0.0995994674993727 -0.0419211762792869 -0.115965851955272
0.112823326863015 -0.0634027522322774 0.193893307326578 -0.14856902835945
0.00540789343785923 0.230147310209839 0.31163314489608 -0.0783749448999281
-0.269455531076786 0.232512248596008 0.404781656891437 -0.181994216561556
-0.156220694769152 0.120551165597155 0.25118192275715 0.321689134501947
0.0346212187692835 0.0591925915309142 0.128876391308754 0.055465324762197
0.000568419639479372 -0.151095412015802 -0.074085967104415 0.0212005732041843
-0.261691742078551 -0.103009312597796 -0.208339919836079 0.133898446780149
-0.266090122378513 0.122141402408151 -0.198574005064622 0.34423771092048
-0.150617669667895 0.234603335959634 -0.0588104226425933 0.467424292396226
-0.0522696450646905 0.291712961541914 0.0312823846434543 0.485616692003575
-0.0229605007272599 0.291909726405728 0.0574673156954589 0.452201944256633
-0.0649032399607817 0.242654529863094 0.00599771271830127 0.38364608802288
-0.171357962400145 0.14765466499546 -0.0863104333605726 0.224731505406633
-0.201362622896573 -0.0228585778637856 -0.141435932607689 0.0135781925591113
-0.0391029896078027 -0.188379738624397 0.00498557106004854 -0.200475869822373
0.239041000844847 -0.0213675049764772 0.278851830801821 -0.126094301058811
0.0715630445918304 0.264153899349485 0.329559928882854 0.0109829060414042
-0.186106939646986 0.225866532698537 0.436801641603269 -0.168524553272858
0.0452008994194929 -0.116088981716802 -0.387863725824633 0.14211962262625
-0.105584085436373 -0.146887916166451 -0.248547681234964 -0.0779949508303167
-0.177013600473956 0.0166881505303466 -0.375397357915334 0.0574272473112704
-0.0325440805082409 0.14121855286333 -0.113960293785968 0.290268116563092
0.0816341961381916 0.0820552539023151 0.185557547832108 0.107246214986302
0.100361317917552 0.00147522204754632 0.19030290546653 -0.219793316258487
0.0641648536280834 -0.0652415744172081 0.0385382659342302 -0.416611526355738
0.027993217691084 -0.0849144117755988 -0.0600128899749252 -0.508000525397289
0.0221042464825225 -0.0842428083206682 -0.0653265928874563 -0.537951381990861
0.0744668488749068 -0.0614739598741181 0.0146936056328412 -0.506026368283394
0.12611137164613 0.00743044416536934 0.133056840865212 -0.393081367393045
0.105022695913583 0.13165009904553 0.179176193494552 -0.163883870023525
-0.1414080703129 0.162949303913828 0.0341758203884337 -0.0561367868151229
-0.202968520802555 -0.0747696595952034 -0.115278774860073 -0.134226512539559
-0.0326410506992638 -0.160365811086934 -0.214556388214585 -0.315630549998298
-0.0940480588929152 -0.0758935813840315 -0.37129327028836 0.168519017308842
-0.147641598872053 -0.0515290844741714 -0.205721798183763 -0.135756361437964
-0.139952377500055 0.0505259991806415 -0.400817207566003 -0.0285058433978499
-0.0470999711842784 0.114324143775171 -0.196488766184081 0.278355462800958
0.00477870083395493 0.113763943895712 0.160076529369807 0.176872437949272
0.0367130544441501 0.109703458537713 0.235047439391739 -0.167882234610476
0.0550367853362128 0.100545611485986 0.08110408801403 -0.397435323592554
0.052063925445877 0.12749360138471 -0.0368337439823157 -0.494679361222373
0.0365229618066935 0.140316802305563 -0.0684793855303848 -0.515320847732589
0.0260690451602833 0.1702020608598 -0.0176381218322286 -0.489064406329758
-0.0249509519524291 0.201135049286201 0.0903640909303134 -0.394305184130398
-0.115445300519572 0.207446727083839 0.154446517228423 -0.171125049252215
-0.300053343009934 0.128910455975687 0.0306239735883568 -0.0618049085963629
-0.342163599771695 -0.0828353742689766 -0.111893785020987 -0.142593080979961
-0.195156281114766 -0.153534756717692 -0.15712686662927 -0.305756071571093
-0.249042773824591 -0.0402119645718842 -0.310987685942399 0.183523175138141
-0.231899487259953 0.0602162140561065 -0.186649342818389 -0.188030432277657
-0.12741359962712 0.116249294317851 -0.421626631361445 -0.0662173552948206
-0.0553509744225723 0.101772106487992 -0.229359233247796 0.268304519671781
-0.0712409223501344 0.139102938242299 0.143039024426835 0.20730051835227
-0.0416478613454595 0.208483245888291 0.24784230042132 -0.115076854446494
0.025955565937847 0.256511116622805 0.107110466078573 -0.32846682520257
0.0674982608442278 0.320776096197518 -0.00394825637279929 -0.407111287732555
0.0608278771977015 0.339423573726027 -0.0580995266856938 -0.413591044066582
0.0106810189710947 0.378472280794532 -0.0409268299805383 -0.391256150213284
-0.128557673241413 0.392632369873655 0.0396257151084439 -0.32357717483085
-0.293057334049552 0.299678305817401 0.107045881476705 -0.148768247693781
-0.418544482557115 0.111053735223654 0.03459260671076 -0.0709077645084796
-0.421957735625984 -0.0614772826795232 -0.0541196365988031 -0.141485282485471
-0.30845885598068 -0.104620003021348 -0.0520294816691397 -0.276299287113439
-0.373743875168302 -0.0134700984569444 -0.200450169134624 0.193038945724929
-0.30706638571109 0.139957278553767 -0.173589135209375 -0.230008905724697
-0.141944429066464 0.14340056432734 -0.441139945304603 -0.0495490948134281
-0.114900042604892 0.0852536820565617 -0.221928823521215 0.28234021463984
-0.175853503846524 0.179567805062849 0.130133597629549 0.218837851702856
-0.123600555029507 0.307693150634955 0.228631586033926 -0.0513748682150505
-0.009346374638422 0.388528224147722 0.111173541548233 -0.211436866276158
0.070941830911714 0.462685707187702 0.0282675545230269 -0.257675882166931
0.0769550020301352 0.474897673026441 -0.0269013438996133 -0.253368174504829
0.0023421858984311 0.512682988873164 -0.033320379235324 -0.235010856257114
-0.191744490976671 0.515024766228775 0.00877636397441411 -0.19769739267061
-0.395313795468224 0.342914459618224 0.0562897819476433 -0.0981617962525037
-0.435920321360355 0.0837614349098836 0.0478004594716747 -0.0812656940671898
-0.406379789732197 -0.0124389933260799 0.0398694778426871 -0.142904943687293
-0.354860785037925 -0.019499830981144 0.0786463858676515 -0.244247005855192
-0.422571753754868 0.014474187600582 -0.0605195882944807 0.211144306477352
-0.304944470698353 0.161128506482225 -0.143315799561691 -0.225345427454886
-0.153351113881754 0.085640129997295 -0.417453880821545 -0.000479433823686716
-0.231251428308297 0.0388859789554986 -0.192265593331187 0.288138150556249
-0.300569342837232 0.224744053085505 0.0894015256729663 0.229363867750838
-0.192850858564064 0.392868468950866 0.172278203469092 0.0470116759119408
-0.035511949115201 0.47761302129687 0.0990665819343039 -0.050460776638106
0.065182136718784 0.533386259689001 0.0573918098754097 -0.0714272312984134
0.0695788881760764 0.526759513379422 0.0125611443264776 -0.0686325538794434
-0.0296611620026078 0.545618223911471 -0.00634196966620396 -0.0637190538524846
-0.237740937312301 0.508961426591891 -0.00698402166118914 -0.0569055047102974
-0.413834533945356 0.271324263264858 0.0111496564306092 -0.0506849944115224
-0.327576003239608 0.0205443076670515 0.0740515788035656 -0.100249847282162
-0.284749530377918 0.0542333518247518 0.143137085550676 -0.145496182883677
-0.341292555375588 0.0850777491531928 0.20460746218766 -0.218681601888425
-0.386581537512883 0.045338589022185 0.0770584786074921 0.242027720620801
-0.221290182290271 0.125828344049033 -0.0751781450549316 -0.15144684125927
-0.142018688743007 -0.0318370095612972 -0.31736661821295 0.0417281877732199
-0.344194102623114 -0.022245412905284 -0.166559534626108 0.250007868672721
-0.384734502509137 0.247718432413841 0.00222002023139878 0.250358204281006
-0.22336061805715 0.423841015399523 0.0910741533085915 0.181484708982815
-0.0447030948942082 0.494622754285875 0.0791609243535364 0.137390241496658
0.0483530961787757 0.523783684362933 0.0750417288012368 0.123709175619878
0.0372342827158944 0.493408373524648 0.0422028669276863 0.111504855280954
-0.0900159343338944 0.472482265440932 0.00822629897013854 0.0851391546077963
-0.270438627033671 0.375322038063547 -0.034271485838556 0.0442993840204615
-0.348183321639428 0.0962905102599397 -0.0293680269907215 -0.0473609885893569
-0.117653789856937 -0.0568050426417922 0.115401017596955 -0.130912469411809
-0.110478515859103 0.132180505354971 0.231404817548189 -0.134218844929008
-0.293441318678785 0.178723322905718 0.302597770014671 -0.20265263321015
-0.280196578835267 0.084713964362448 0.186820941298609 0.27885819788347
-0.0914759303147876 0.0756390279889022 0.0251477864692247 -0.041934908991567
-0.0967217737466313 -0.129241930664729 -0.181988289233403 0.047208318050024
-0.364509389748323 -0.063771674945667 -0.168758299405996 0.184434554189496
-0.369385405881516 0.221645510261224 -0.102410518837738 0.288791668259506
-0.197280971044059 0.371764409780278 0.0127474207792628 0.328862388701797
-0.0397699747986513 0.430752216931636 0.0604444478278222 0.321220749592843
0.0256199800625991 0.435468108423993 0.0810404237956983 0.300579541696239
-0.00862266774991494 0.389219083985301 0.0467015791457981 0.262039975502663
-0.145637714357853 0.326524374330126 -0.0150013633928428 0.183329973580043
-0.264074284290699 0.172328524005159 -0.0858697133399938 0.0698322709767455
-0.210263465403762 -0.0878579959859292 -0.0442193278036647 -0.106073997727286
0.102622478054581 -0.0833076357596858 0.180031118367403 -0.155205936920798
0.0325338343688565 0.208770796546221 0.290781120111736 -0.0888016763139193
-0.230761011987792 0.231849238693389 0.365713852861994 -0.193423885630016
-0.134217728683844 0.125191396025596 0.250903121720612 0.300877805785898
0.0456725207549878 0.04871869995002 0.121150278596039 0.0494976491957168
-0.00959125538214187 -0.154593001770604 -0.0716658024421176 0.025210782405416
-0.262629303035162 -0.0849957430169745 -0.191170924290192 0.135979503055549
-0.25095322776319 0.134193669311786 -0.173528699041723 0.33741596065713
-0.132129389151452 0.23540877678841 -0.0342035771247765 0.445937231010052
-0.032300026285698 0.285464731583552 0.0512580781054637 0.462454707078737
-0.00272594967426423 0.281708398892949 0.0780617317375528 0.431059384705272
-0.0488114758906494 0.236862166335625 0.0246465355285911 0.367920829272859
-0.158536658658894 0.154291808028747 -0.0728308302837477 0.220034551014866
-0.199559391254518 -0.00831307625897577 -0.136493392189452 0.0195283788357004
-0.0543766475114189 -0.18219607420089 -0.00727760173907509 -0.192102944486196
0.229002268736134 -0.0456544621973734 0.262576257706451 -0.137731163071634
0.0946214166401975 0.244086936882829 0.313284921688731 -0.00468767995628812
-0.157373717857907 0.226834099393873 0.39356285228866 -0.180134096725273
0.0239116043593327 -0.118319433649538 -0.334197338694666 0.184227614395326
-0.121931847413251 -0.124045462286621 -0.236930921729288 -0.0472834104334324
-0.164125268404444 0.0440135147279459 -0.338289193837068 0.102011022961966
-0.0125081665298856 0.137512898326853 -0.0613211252779851 0.287547531227626
0.0860683137858641 0.0663624285684679 0.190382309136215 0.0731689905817717
0.0922235689433447 -0.0135373644341284 0.150849628917584 -0.233583111029639
0.0486540250608083 -0.0701393764353872 -0.0146075942063177 -0.402831720038918
0.0126344892408617 -0.0811006956748297 -0.116948565761523 -0.465873364408681
0.00691575348643254 -0.0781170469439182 -0.121486002468355 -0.494503228390582
0.0580046055036408 -0.0640362986364841 -0.0464559621574547 -0.47263641149863
0.11529343917161 -0.00940310066567975 0.0800259907290482 -0.381668007416946
0.11203606179355 0.104904939422853 0.155267272230195 -0.17542131230251
-0.105140385732425 0.174076333347629 0.0284418689774207 -0.0497166051568293
-0.19872604981342 -0.0373204618937782 -0.129066109195892 -0.110979159922252
-0.0597370711416784 -0.140835964941942 -0.234471184774732 -0.286123482056779
-0.099888171942948 -0.0622119157501978 -0.303268867940005 0.202029219405186
-0.145899751715176 -0.0340407352256836 -0.203433264735747 -0.109589351261539
-0.126225161672721 0.0656817389789897 -0.375757366978446 0.0239041428270704
-0.0321714883884744 0.110267419061315 -0.140768184069181 0.289490260557087
0.0151695605546206 0.104377769435286 0.180538367788239 0.143114209585123
0.0432578297454 0.0961788242275197 0.203544657083372 -0.192176512551991
0.0588833869040926 0.0848688011980827 0.0333846822315053 -0.391634704421386
0.060562979859486 0.113447325655556 -0.0934715459167131 -0.456023759557101
0.0477475508605735 0.129576435432166 -0.121912298545931 -0.472928748150034
0.0400656393078377 0.155299193532607 -0.0726376074830208 -0.450637010798673
-0.00187642299792693 0.188381165708721 0.0451848439838033 -0.373462277207695
-0.0838708076206161 0.199590215978145 0.13151654934685 -0.172456284746483
-0.257540617757864 0.158099831414391 0.0193476423327933 -0.0518074328713534
-0.321441446773018 -0.0329509108671517 -0.133396251071405 -0.11457807497951
-0.200775435981244 -0.116612182516572 -0.184750742256305 -0.28314988937608
-0.239201766638116 -0.0088495353128462 -0.235085461942736 0.203846365064385
-0.207092356339698 0.0764883450392272 -0.190811124403529 -0.162583150965531
-0.105575524703345 0.119940216918328 -0.397871529076803 -0.0116968223027053
-0.043810171453888 0.0954289750487623 -0.172455803999326 0.284634067681835
-0.0564588400861211 0.135280987696346 0.170816710118495 0.172732384843304
-0.0203659479199068 0.197433755259614 0.226129472982489 -0.144439159100742
0.0480684572039394 0.234465450853409 0.069753717618186 -0.326694636673828
0.098870656473003 0.29095239483251 -0.0536434350131419 -0.37759525591256
0.0941769283750668 0.310710878365095 -0.0974687812479694 -0.376237077028034
0.0511752226644436 0.348306637291674 -0.0779205129084755 -0.35315755210958
-0.0735823856974044 0.378867648131354 0.0105315917137209 -0.300295284974255
-0.240788527447946 0.307154415874857 0.0911724021279607 -0.139864546831594
-0.371812784869502 0.152214444286614 0.0198365538871196 -0.0579554388392157
-0.389453017355819 -0.0102950736425288 -0.08361574626348 -0.11719369646961
-0.291848972074738 -0.0639234399982511 -0.0877496435561702 -0.266103324072561
-0.349065665348552 0.0341634517741373 -0.123673676232819 0.197101929380862
-0.262309748241647 0.156697069964502 -0.182828845879199 -0.203550963419267
-0.114788092685495 0.142826351513439 -0.413704109335307 0.0066042534653121
-0.103576649620238 0.083298518280665 -0.162012404916359 0.296683699871331
-0.150965757353057 0.184019261154389 0.162815662442957 0.18334473938307
-0.0867238605624285 0.300859430097541 0.218717718296415 -0.0836225525550199
0.0301745103276401 0.361955605225449 0.0894175327687798 -0.213915321468735
0.120011123683547 0.423322990439684 -0.00475004245435747 -0.242179295073446
0.127812486192654 0.435009706191828 -0.0486809526995313 -0.228324702580114
0.0600575670923863 0.474451280633953 -0.0499417700488071 -0.207186436962898
-0.116416529609285 0.499769588585373 -0.000407485841027663 -0.177474439640216
-0.331438602897542 0.360058920690958 0.0511563240775944 -0.0834935960771125
-0.397841652467496 0.125437246837784 0.0306728220111544 -0.0699883719659288
-0.367562406112541 0.0265593098595867 0.00466079285130758 -0.128366023065163
-0.318516027395879 0.0151466568107265 0.0336414325633869 -0.245542850729356
-0.390213075704731 0.065579977549265 0.0090688966105475 0.195093047640512
-0.255607381820027 0.173804964950463 -0.155172904627931 -0.200354000783173
-0.131982436770089 0.0868263234981612 -0.382806719815442 0.0522221521023925
-0.219269444430028 0.0517283608580581 -0.130449194760501 0.298403334433212
-0.263639034090712 0.242154827134917 0.12865813653678 0.198693763169769
-0.140948912540575 0.388742618367069 0.180055037033181 0.0155348572572309
0.0170185899544677 0.446192910158695 0.0977838732835438 -0.0577842622592375
0.123712248477967 0.489868186049295 0.0448049895772663 -0.0714275315355432
0.127722786696161 0.482913903183044 0.0102772338839533 -0.0594594307261691
0.0357485357258643 0.508529746840169 -0.00378398336162941 -0.050546220252902
-0.15975362022411 0.503139677888122 0.000285345340817142 -0.0442053256077551
-0.359358524637627 0.299227041728803 0.0127282009334415 -0.0329759449394437
-0.30905736149686 0.0496498780790968 0.0532955236309751 -0.0952749363228455
-0.248490932921488 0.0669348150561307 0.104976057508544 -0.142431034536246
-0.290417174528732 0.104393955412533 0.152094018595416 -0.229864277362063
-0.348364401923736 0.0913808658447728 0.133740805652526 0.209016930558903
-0.179658775829769 0.130130502711883 -0.0858351276381421 -0.134558669520939
-0.135993508736896 -0.0265973981057574 -0.285682294785777 0.0851069578437408
-0.330426117468897 0.00951761300759684 -0.110469663526867 0.260631947222995
-0.338810911653518 0.273106096528786 0.050741422276171 0.230652727091459
-0.165422139933852 0.422101248505182 0.119195503939337 0.151472180030925
0.0129851528795076 0.466881002712079 0.100977073249192 0.12390211215814
0.10883747669827 0.481802336920333 0.0843867147310874 0.108938270953619
0.0948578989527998 0.454892551130156 0.0578585723606086 0.106065663680248
-0.027838456737561 0.449797742527872 0.0251996403740043 0.0863071952872364
-0.209453003592676 0.382370602243429 -0.0174469542096671 0.0537671958215447
-0.319497542884604 0.12990238751275 -0.0293533322027711 -0.0288396035497575
-0.126124140729312 -0.0505955576088326 0.0897438780461392 -0.136166669070534
-0.079396630667043 0.114360481739314 0.195686561237489 -0.143010628878514
-0.233317267503329 0.18337343931064 0.243720189813331 -0.219808444153475
-0.241428444129485 0.116125212393949 0.226216443414294 0.231637002105145
-0.0654618294187141 0.0698508102359635 0.0165837798170293 -0.0412987182246772
-0.107366660611602 -0.121704975456874 -0.161910751612421 0.0762349268610491
-0.35398980806249 -0.0230472434284232 -0.121958782603491 0.200721746587329
-0.323737320987336 0.248752416787537 -0.0440622947015031 0.279969572736754
-0.145987688169811 0.371245760074011 0.061435069337182 0.298973267360515
0.0129612549967758 0.406761025611163 0.103620771140158 0.299654413294956
0.0770407454325385 0.402313576748665 0.11122887402382 0.272976911919809
0.0388905314366811 0.363977810514623 0.0785803934756024 0.246211637934503
-0.0959890591072778 0.321128637838642 0.0114042957471253 0.179330331416782
-0.226589551714604 0.195693424411658 -0.0687756572611072 0.082381279531182
-0.213944316345072 -0.0565975467043315 -0.0569670384656825 -0.0884895295321812
0.0762624241486911 -0.104938712324372 0.151321781539722 -0.173163792359828
0.0623788053566605 0.169487906158714 0.263638168946075 -0.107890106768778
-0.170427276660815 0.228549243828497 0.300802510981945 -0.213362122192587
-0.0986920187999142 0.137408424763285 0.275116679867534 0.245692718284516
0.0565223156322308 0.0323648164624717 0.11250109690418 0.0335280227399936
-0.03046541145643 -0.151545537902152 -0.065966484944688 0.0415407004892597
-0.259685171081605 -0.0497554034642024 -0.153452139308096 0.157122510993019
-0.221306820686125 0.155950515895686 -0.110059832027726 0.334323366777572
-0.0966502771784013 0.236297365334844 0.0266033800872847 0.416544819526412
0.0052469901837635 0.270941443209704 0.107450418439323 0.433925059151508
0.03374648270093 0.261889306863713 0.124278778275631 0.3960719799338
-0.015143199646843 0.226308460745704 0.069073179637983 0.346221983945097
-0.127656857695606 0.164138859642624 -0.0412845710325515 0.219381600304535
-0.189136320165626 0.0196074918229617 -0.128480592360255 0.0390275520658824
-0.0794485612120949 -0.161756321470965 -0.0359034469549237 -0.179519578613946
0.202438445737103 -0.0850139921060837 0.234432403608642 -0.169579018741402
0.123842101495816 0.199386968976645 0.299705456484155 -0.0333068683513343
-0.107094060774637 0.219823795124103 0.329220697393394 -0.204216923149183
0.0201880244686074 -0.113520372435101 -0.303474043358982 0.16325630605619
-0.118947363938463 -0.115420048440473 -0.224062488825602 -0.0561982566391129
-0.155148990805491 0.045456486586341 -0.321972670955339 0.0953664300308906
-0.0094856436085646 0.130554065618218 -0.0583799919842105 0.274410275027862
0.0815874602848014 0.061308747967108 0.183132739662504 0.0717285273318813
0.085845252981479 -0.0139967537334714 0.145188676003293 -0.220879265810059
0.0440691662830331 -0.0664453296476153 -0.010116911447765 -0.381289067522314
0.010094157728852 -0.0758126872283271 -0.10582694343728 -0.442601514130101
0.00541887074823141 -0.0725696209367835 -0.108101761435102 -0.468524925836794
0.053124973959022 -0.0606375383007968 -0.0363201169803856 -0.445516205672629
0.109196547222105 -0.0116812284056255 0.0802265415124166 -0.355728276742046
0.107943085568641 0.0964444441930991 0.149169776321106 -0.162994278972383
-0.0961787303012805 0.167553733455121 0.027994449495634 -0.046856437009086
-0.190113480193931 -0.0319993577237888 -0.115701801137601 -0.108037115455138
-0.0593713585376531 -0.132963664065578 -0.212893638824852 -0.283298558256285
-0.0928651221002315 -0.0639564798307578 -0.275796103285669 0.180824143116656
-0.139200623546647 -0.034935269616496 -0.191705979257737 -0.114675950562965
-0.118765411062439 0.0610164553597517 -0.35698106631369 0.020716926080476
-0.0308417958420888 0.101591610992636 -0.13295490127347 0.276177098612422
0.0119149610593808 0.0963272184012929 0.173819208173413 0.137480669352654
0.0375731320958954 0.0904374623231366 0.194600526510764 -0.182537724397925
0.0516043892067832 0.0802125783876677 0.0332139319971511 -0.370800849050166
0.054519485411543 0.108892765555886 -0.0853835447162515 -0.432724715584012
0.0422202889532229 0.124011327830886 -0.109486779022643 -0.446458631574928
0.0331959218598935 0.146335509493372 -0.062516565428902 -0.423688770011825
-0.00430726868186657 0.174480832239322 0.046716249733173 -0.349747167421173
-0.0799841507160549 0.183317482959939 0.12818157738949 -0.160631320460031
-0.240636590523052 0.146062448489287 0.0201434542271545 -0.0488662808122916
-0.302161049217196 -0.0338300878756864 -0.12008530366452 -0.111747949723224
-0.187572417893052 -0.116124413526127 -0.166541931828335 -0.27913177179656
-0.219760861700176 -0.016197512534494 -0.212176434291502 0.184044957027252
-0.192225282548738 0.0657096947523783 -0.180019210826997 -0.162803983424937
-0.0983485701819642 0.106723107042772 -0.378646348766116 -0.0116649440293005
-0.0446281990151109 0.0837030918221306 -0.163602627062826 0.269840760069901
-0.0585868696863507 0.124408784881505 0.163369983228263 0.164086077387527
-0.0246500646390709 0.186746426254855 0.214506429385126 -0.138804773297542
0.0405571898657745 0.222455448962018 0.0651891051438067 -0.310616919159617
0.0893055940133061 0.27634351370938 -0.0501583870729557 -0.358378714811811
0.0846715336943103 0.295844603919082 -0.088394815061207 -0.355220737254285
0.0414790435213955 0.329132303818699 -0.0694316897210818 -0.332393108215404
-0.0748080702741531 0.354774290966778 0.0138480770441478 -0.281344318988029
-0.230266464153429 0.284396407449241 0.0917179554868272 -0.13037490666547
-0.353149449605892 0.135026035714971 0.0201659466626114 -0.0557498512238994
-0.363819127492895 -0.018020162855522 -0.0742638786999746 -0.113181868440737
-0.269267182341424 -0.0712265909816949 -0.0779238220859636 -0.260577862930195
-0.320056626312443 0.0225949673608845 -0.111040731715294 0.180964975653522
-0.240484994281145 0.137601047308416 -0.173260997912978 -0.19825979471711
-0.106403595295884 0.123778499855466 -0.391953187950373 0.00577820532248482
-0.104394152304665 0.0691582431344941 -0.153643444554578 0.279129166273389
-0.150793956420712 0.16935969976696 0.154324415380022 0.172865055966974
-0.0886635323658042 0.284557078394181 0.205000243707468 -0.0807219770941585
0.0227660392758761 0.343689966078996 0.0823845934501676 -0.203484372393969
0.109338858401388 0.401475170123668 -0.00486449964211602 -0.229386606915566
0.11534290212157 0.412919948901828 -0.0447442583169955 -0.215681997109733
0.0495134526861434 0.449471205956604 -0.0448513333288761 -0.196356092461953
-0.117165082039276 0.471197926243427 0.00198618763469582 -0.166877557776304
-0.320936169338227 0.33682858634462 0.0549749130569379 -0.0769219536708988
-0.380550354152405 0.107724465942235 0.0304055113386503 -0.0669191676732037
-0.343437431242123 0.0101247665678594 0.00675249462269763 -0.121536364442346
-0.291847134230684 -0.000974182977926747 0.0325340674387746 -0.237862710313632
-0.354757316428436 0.0520618317620796 0.0102447460778282 0.182567714723331
-0.231536070286231 0.150552816928088 -0.147887831975341 -0.1915309939148
-0.123318659018277 0.0671812421076037 -0.361758895096977 0.0498412405474257
-0.21499210316939 0.0395568825604332 -0.123831802524324 0.279675101552652
-0.258004495275396 0.224540011721778 0.119133701904876 0.185933180727757
-0.141134151489151 0.367945127018238 0.165904030964639 0.012117167397859
0.0109130109598787 0.426768218462794 0.0880890036782396 -0.0556442958592815
0.113694993970428 0.463792527755952 0.0396169751663416 -0.0658712453552347
0.117522814965753 0.457855198667634 0.00893870113551807 -0.0550970291723253
0.0272255649178186 0.483145978905954 -0.00293890250203341 -0.0488395889741096
-0.156661598544309 0.475408379452309 0.00239291375256961 -0.0422207085742075
-0.347130950855177 0.280619291177685 0.0184873744744601 -0.0298150241350419
-0.300563646435985 0.0343338396450526 0.0517139216780704 -0.0910879102261913
-0.230157175171038 0.044757434243258 0.100574860432025 -0.131854739755497
-0.264943350708367 0.0810410695955759 0.140953343339963 -0.217087083422201
-0.314676594620297 0.0768503456620662 0.123492537478345 0.199925647598807
-0.158114654933336 0.108996692507853 -0.0835768969939542 -0.12747327644649
-0.127936707952342 -0.0406791696441134 -0.269455904568402 0.0812453723875919
-0.321036269880264 0.00207778215175659 -0.105263470658517 0.242080909420744
-0.327004851939824 0.256103926954036 0.0436054647782179 0.214367352636281
-0.162754838934305 0.400467693464662 0.106368537658813 0.139243271282523
0.00857182158443062 0.443962299964767 0.0882782827700103 0.116374480835614
0.101027311483898 0.454776425477466 0.0757436395271439 0.104956348008213
0.0861327151926342 0.430573856536101 0.0522329625901112 0.101526914687496
-0.0319670442412235 0.428227536014296 0.0227103291623052 0.0802840956476705
-0.203021795277632 0.366015614337662 -0.0156401818328862 0.0495168724278059
-0.310737315867502 0.121868019890674 -0.0214683022320422 -0.0256879958975671
-0.127719281712243 -0.061863404908921 0.0859619544325072 -0.129208022258612
-0.0696097138631529 0.0900936570455007 0.184347137451157 -0.130267265813417
-0.211022044567393 0.158131903997299 0.224075769293735 -0.201673487883825
-0.215268697017308 0.102675387084204 0.208099565642744 0.225443019038934
-0.0518734404697327 0.0537952770024674 0.0110979873159108 -0.0356532364383049
-0.102537823007974 -0.127800733342452 -0.153465896536532 0.0737027215852529
-0.340680055943068 -0.025669588320388 -0.11667307589099 0.183645188031239
-0.311152555280435 0.23467198563512 -0.0467587704160691 0.260685840923534
-0.141942870840851 0.350756588614248 0.0501107000187861 0.27844993875985
0.0105262657810778 0.385886665712014 0.0888157431204044 0.283110447575109
0.0722898949771523 0.380133514712215 0.10098371353958 0.260203436834675
0.0353158869993377 0.343656655300558 0.0709528631204071 0.233643176498862
-0.0941829268719418 0.306321024007359 0.00831735484834891 0.168711780550848
-0.219599421877466 0.187198935430829 -0.0656588842995336 0.0763308496979298
-0.210708039802801 -0.0546429728323284 -0.0501186488357177 -0.0825228374065907
0.0662959332694868 -0.111612531990449 0.144085670579277 -0.163793277347396
0.0655536560938377 0.145360871124167 0.247659384378364 -0.0964532869860242
-0.153098361084975 0.204564603206531 0.274826886382367 -0.191533293602593
-0.0842238673514805 0.126416626489243 0.251280767915011 0.242885849950774
0.0596450877238257 0.0226621276455311 0.101065908928968 0.0376469469783208
-0.0314013453716026 -0.151037325990377 -0.0642418451449113 0.0399480413828967
-0.250022513967798 -0.0468277433302658 -0.14593198020885 0.142876936758898
-0.211852731768986 0.148867995784427 -0.108532226563242 0.311503320936972
-0.0933063123808165 0.224031359575398 0.0160273521977851 0.389123100089831
0.00626997364855177 0.256759919282727 0.0931600174381868 0.40917746679016
0.0328373470728874 0.247083421781508 0.111951924674584 0.376606775634188
-0.015518939330997 0.214438832896726 0.0616671167154793 0.328037949268679
-0.122926196765082 0.157070413912817 -0.0422911664846545 0.206732497306211
-0.182428555554398 0.021478796825833 -0.122929732782485 0.0362355597875794
-0.0805059655152065 -0.154566981851009 -0.0323868751696861 -0.168952716884499
0.188657266443912 -0.0890817625274943 0.222918810197904 -0.160644784586647
0.122984009962602 0.180340273442167 0.280271580547005 -0.0246811996941113
-0.0959363434693932 0.202960522665809 0.299509926895819 -0.179709298223224
0.0198682766883307 -0.111180334738274 -0.28767665958449 0.13989033634854
-0.11676368563524 -0.113193618657158 -0.215311067187175 -0.070682602429634
-0.151441433829362 0.0434770200187923 -0.31738542777001 0.0843938331395779
-0.00989593846013966 0.127058176831428 -0.0642528987014993 0.267631356749741
0.0778596598527285 0.0607528116349986 0.17906651140584 0.0764989840639631
0.0829438478880203 -0.0120021150419487 0.148577291671466 -0.211901094954031
0.0428376767738489 -0.0633588494892183 0.00246179195359469 -0.371130876157459
0.00978791713505038 -0.0718548713414743 -0.0877717576841395 -0.434850019206332
0.00648983115934591 -0.068428207821438 -0.0862521378925872 -0.458397281992294
0.0519925871056024 -0.0576385956742418 -0.0167224204231017 -0.431851417305634
0.106134901053091 -0.011039272219071 0.092680521452592 -0.338983341664998
0.103770938522207 0.093129157032076 0.152357692813081 -0.151196373604651
-0.0936485724290694 0.163467831906366 0.0300933429846737 -0.0443839372793265
-0.186363058599751 -0.0317641626332491 -0.103631909000664 -0.113505143394098
-0.0569282029291475 -0.130452311159458 -0.193093607022517 -0.2919410492926
-0.0873516013670321 -0.0696837493675408 -0.261525704132045 0.157404522720436
-0.134777263400711 -0.0403394287989846 -0.183853201086167 -0.125679829012726
-0.117122626939882 0.0546811178503323 -0.349339223370365 0.0109161752965669
-0.0337375738574299 0.0951932221832203 -0.136829483831506 0.266579536394466
0.00618123757741399 0.0925117057458227 0.169269450013953 0.140178055063421
0.0306754038801496 0.0885887101910889 0.195917113521836 -0.173634678049135
0.0445175254049401 0.0807390817669725 0.0434730754700439 -0.361390623874193
0.0471645439307741 0.108488014895724 -0.0688369777211813 -0.425183528443809
0.0343905435269881 0.123597935240542 -0.0895444169395559 -0.437947721183537
0.0238994858343607 0.143161881168532 -0.043860370383649 -0.412914218930704
-0.0110546221285766 0.16617264763707 0.0588610852767712 -0.334885112150426
-0.0834326931798137 0.171402975643282 0.132577230000301 -0.14962633179486
-0.23445323270293 0.132169343940491 0.0218537369091595 -0.0472753366019528
-0.290932173140819 -0.0435186788613505 -0.108603482455483 -0.115324404347397
-0.176851268200763 -0.123207249255879 -0.149503668610795 -0.287391684916639
-0.208121998482014 -0.0292525511770928 -0.202279516872791 0.16523155756922
-0.185221543209016 0.0522296183326839 -0.171027844646993 -0.171137409506579
-0.0975906263386398 0.094463862755627 -0.369070762145656 -0.0193903017227426
-0.0496366951411909 0.0739624940838824 -0.165723480812406 0.260126650821058
-0.0658015028210193 0.1165025285713 0.157083045453108 0.164292818053509
-0.0342793647228405 0.181598993754141 0.212415855004993 -0.130168368470775
0.0290220551436059 0.219285398723592 0.0705509907678294 -0.301120163749581
0.0764951202391678 0.272625149243149 -0.0379567628433113 -0.350449649184335
0.0709366209470734 0.291717849334395 -0.0732279249529098 -0.34823481056896
0.0253247949277655 0.322013139934518 -0.0541070984305099 -0.324411745181567
-0.0867941391145096 0.340640977996453 0.0241056621322234 -0.270677519851581
-0.235720494056285 0.266579544026191 0.0981882323418576 -0.122397235634714
-0.347448722906226 0.113807997152672 0.0223898047111174 -0.0547193415628171
-0.349746440207729 -0.0378805524848638 -0.0653800327308621 -0.114445290665075
-0.253485526259527 -0.0875957842369744 -0.0662312409856331 -0.263997355548669
-0.302773001976832 0.0032625956088121 -0.106367768714984 0.166594525344076
-0.230104808729967 0.116836722433222 -0.164618826344937 -0.203483124926852
-0.105426461221399 0.105645415415407 -0.381647820416915 -0.00422687095035228
-0.109949601956507 0.0565356612227877 -0.156558243470304 0.26740661084471
-0.159340580629199 0.157788742490748 0.145144132053853 0.171411108775621
-0.100886670730991 0.274846118579587 0.199719095993151 -0.0751640790832336
0.00836533849708845 0.337808746876496 0.0826850003775606 -0.196515064304927
0.094213666751079 0.394544026873889 -0.000183382153595333 -0.222632555385025
0.0977321297425401 0.406070412876426 -0.0368773567945707 -0.21092718662263
0.0308142247856938 0.440948919890299 -0.0352272228753296 -0.192978247790495
-0.131017160115352 0.454288559132981 0.00875084526736571 -0.161313460562316
-0.326932285059564 0.315378577028036 0.0617696309408476 -0.0727034864402614
-0.380260916047644 0.0835009379471401 0.0322522709740487 -0.0658692498057512
-0.330571286054745 -0.0148100136040895 0.0121689662405141 -0.118217359233247
-0.275669471274381 -0.0251801292091243 0.0376322030843997 -0.234765887749606
-0.334985749806986 0.0300457995654269 0.0072039011813656 0.175419077040102
-0.219155398311813 0.126246070840631 -0.140983088790678 -0.192552466678906
-0.120290188186323 0.0460662738485843 -0.352266409807659 0.040819302534909
-0.218429439187268 0.0238159201578251 -0.127942306774097 0.266332637562086
-0.265901006280178 0.208190796875586 0.108532188529623 0.181669288469789
-0.154270670194283 0.354788331801263 0.156546509746247 0.0132628941224995
-0.00604269531775595 0.417435916535717 0.0814960254723092 -0.051907677882386
0.0960602030041969 0.45418464664521 0.0380489038990795 -0.0627560462650612
0.0985170367399796 0.449248220309555 0.00897047122350094 -0.0528758109233872
0.00817706567928285 0.473443759116581 -0.00133271909092719 -0.0485350494211384
-0.170459358117233 0.460349264656323 0.00490350837172798 -0.0413297195479565
-0.354574429871271 0.26174446669324 0.0262387666671175 -0.0278310558620243
-0.301521648650781 0.012927281864183 0.0538532761613398 -0.0880588659189237
-0.222774959263898 0.018693034757898 0.102270041754512 -0.123594018257555
-0.251025155261724 0.0539012595241958 0.13883594225855 -0.206759350778478
-0.294459264959489 0.056519593559328 0.11285327447502 0.199409181195338
-0.146406947224789 0.0863763769944658 -0.0810567587765549 -0.124036478233893
-0.122961764370983 -0.0588736875548719 -0.264286326870277 0.0728923977044767
-0.319951290977592 -0.0142928163825126 -0.109183787612586 0.229139131756136
-0.333537841392448 0.238582264126759 0.0321018423666705 0.206301381857997
-0.175110850185624 0.384380874039795 0.0932205757620823 0.13555831783573
-0.00598608696960235 0.434228329637073 0.0751867546325763 0.11559415485716
0.0846652656494386 0.445601819594611 0.0671064444268932 0.106639936639327
0.0682968883505469 0.42260498015035 0.046238891189015 0.101567287065879
-0.0467217974570734 0.41877862443542 0.0188318176995299 0.0779444827490836
-0.21102706138146 0.352514765819241 -0.0156855232377342 0.0466199791456623
-0.315471718460004 0.109678187715791 -0.0148772713835867 -0.0248814648394862
-0.130918390123826 -0.0756125735688955 0.0881543440652736 -0.12363356361679
-0.0662331880892765 0.0667163754367403 0.182615733654774 -0.117080498797641
-0.200629017270941 0.131501801877309 0.215689590952361 -0.185084832852696
-0.199239784160004 0.086030826312502 0.191674480887284 0.231182454506639
-0.0426409301132256 0.0373215735521668 0.00680541968901224 -0.0303388082209818
-0.0979324449333831 -0.139205411666194 -0.151532279715955 0.0695067899206901
-0.337484586053632 -0.0372331551499267 -0.119652811428968 0.170537769787421
-0.315362295190262 0.220192213855616 -0.0574916540740947 0.24836379687767
-0.150495729848433 0.338433425256769 0.0333052938078899 0.268926925132337
-0.000621793360820629 0.377301283930312 0.0699070832863825 0.277412335372935
0.0601666972259103 0.37052150091604 0.0869197713256513 0.259235593898145
0.0226995188125376 0.335318123766208 0.0590970763638529 0.23162212885232
-0.102768949325993 0.299582658802446 0.00122410202117821 0.163262145885702
-0.22308390961976 0.179889730217151 -0.0661970363713625 0.0710295728550451
-0.211474492682049 -0.0592523377314658 -0.0429984120751482 -0.0799837079951935
0.0608848035109529 -0.118712282607309 0.14506833579663 -0.155452952160411
0.0649606220042921 0.127942876287874 0.242109076712491 -0.0805388598911588
-0.146939803377824 0.18355017280083 0.263337942438508 -0.168481951120682
-0.0765131928687948 0.115623766694329 0.230659713701728 0.252642602269336
0.0627929555800335 0.0140581413585833 0.0919423142283318 0.0447655197861849
-0.0295664067587125 -0.155576058481836 -0.0652978796911609 0.0399042618773208
-0.246462983806889 -0.0520108755598388 -0.147342207753457 0.129826855173428
-0.211453685717831 0.140624525303012 -0.118079929002226 0.294521920444889
-0.0984364470750215 0.216318411301073 -0.00361208673104761 0.375039929925028
0.000173940092724056 0.250375798446486 0.0704735644486006 0.40001225501777
0.0259964522144511 0.239991000284498 0.0956288271211803 0.372081678149665
-0.0209470110537837 0.208301794048416 0.0489173014768157 0.32259155583598
-0.124686737010367 0.15227684314197 -0.049151236837198 0.199845945027281
-0.181191221927279 0.0184172620553855 -0.122910237635311 0.0309473249037919
-0.0797699962339886 -0.153417896083918 -0.026440619481744 -0.163880333686101
0.182675863914514 -0.0908622303017351 0.221671685076239 -0.149994913751092
0.120605712676776 0.16934274756455 0.271166534676823 -0.00976814974608005
-0.0929648757732306 0.190336736385699 0.283871492420878 -0.155137486263162
0.020891170331354 -0.112025829961912 -0.283095227222435 0.120039331004588
-0.117464850229209 -0.114774708720763 -0.215681279770907 -0.0872645847700401
-0.153536068297779 0.0431305032614812 -0.323688902110852 0.0750982236151461
-0.0114062894680958 0.127761500140236 -0.072703467517328 0.270885291366378
0.0776148837996467 0.0621244352653421 0.181804571673801 0.0841819497827168
0.0829863858224185 -0.0112155582025956 0.157758621334725 -0.210390880968181
0.0434605229613991 -0.0631094185798795 0.0165317116199103 -0.37703307338734
0.00992644529476532 -0.0709879896097992 -0.0721341708521036 -0.444777038667265
0.00740141217916962 -0.0676991576157829 -0.0683717223307155 -0.468357261651399
0.0526327704621439 -0.0572313817389844 0.00233714960000946 -0.435296992346633
0.107407784273523 -0.011082593043837 0.108536401466415 -0.335160376818047
0.10330630599412 0.093948182419082 0.160832617671933 -0.145279573985135
-0.0945315413243921 0.16440947714033 0.0330625619387372 -0.0437878139239342
-0.189590404101217 -0.0328983859857135 -0.0962187067940511 -0.122279232346834
-0.0567622696480743 -0.133502979471258 -0.180629941893753 -0.312090632283744
-0.0851078710871027 -0.077911529366859 -0.257131750350024 0.139784099602073
-0.135282386542433 -0.0467869741335019 -0.182241196523345 -0.141542489429651
-0.119334033285993 0.049973368976588 -0.354190752681624 0.000353043059892194
-0.0381280168965487 0.0927394904291694 -0.145385479997905 0.268256205366253
0.000739515417548483 0.0917475847260041 0.170069512602178 0.146420618002832
0.0257858223566774 0.0906309982260017 0.204087642022714 -0.171269474591076
0.0394794466596771 0.0838394291512506 0.0553429669554763 -0.365160399026065
0.0413018195761305 0.112975013664371 -0.0547989077639543 -0.434002640571249
0.0281488988768752 0.127648947903883 -0.0726659530492646 -0.447565842286714
0.0161127492618693 0.146049781461251 -0.0259793264542005 -0.417634399915575
-0.0192958452938319 0.164150280287965 0.0731472418224611 -0.332649174963051
-0.0907045006817765 0.16560615837337 0.141342784203531 -0.144908339132151
-0.237963097921112 0.122323551611095 0.0252777399508544 -0.0479308582334472
-0.291464178955402 -0.0551310247600653 -0.100702041045286 -0.124352836525195
-0.172571326390267 -0.135347220450489 -0.137412637030649 -0.305724774629313
-0.20477911659011 -0.0436303928206879 -0.198992118535573 0.150063350742653
-0.185869707141851 0.0394397915601408 -0.168974447811785 -0.185640713420249
-0.100741833245659 0.0852870245113826 -0.373979210635611 -0.0316394379421716
-0.0568953067796743 0.0675637143337797 -0.174804451366531 0.258605077882651
-0.0762837142774795 0.11373428886337 0.155991909643787 0.171296025058466
-0.0446822935249437 0.183439617948561 0.219342050363622 -0.127177627838048
0.0183972338711521 0.225409613048872 0.079267256272202 -0.303271445940115
0.0667507055498852 0.279872700258889 -0.0274922547362243 -0.355794293769574
0.0590053286809975 0.299301767226664 -0.060722180480633 -0.354955426359936
0.0112843844936373 0.327744976820084 -0.0408628198533611 -0.328897050243654
-0.100837727930507 0.338368611202745 0.035221746868045 -0.27083075112522
-0.250148852956876 0.256937038505659 0.107602719280932 -0.119381255501769
-0.356068040111073 0.0960036740938159 0.0251575652169931 -0.0555878487657695
-0.350881890675747 -0.0590117960006212 -0.058765220693027 -0.121081772918082
-0.247459357392248 -0.107315526055403 -0.0569805226738122 -0.27830007278095
-0.297698415790032 -0.0169091344938043 -0.106184333780875 0.158782158806144
-0.229769002039758 0.0990037196082686 -0.161805712600183 -0.214805414938508
-0.108960372189572 0.0905198939771627 -0.385350010837709 -0.0141729882297835
-0.119953419344215 0.045207693253677 -0.16601403315806 0.265411095434959
-0.174297207283914 0.15238860717529 0.14156609984939 0.175785947612564
-0.115944431259378 0.276887638151996 0.201602276921003 -0.0722742178807376
-0.00561973227598124 0.344926863104798 0.0860405530432075 -0.195964736280777
0.0806649169985054 0.403057534817503 0.00581413345724841 -0.225102314870822
0.0827040317178301 0.414852618694424 -0.029819979646243 -0.214050496276399
0.0117711844969084 0.448982976636676 -0.0279456532600703 -0.195849918753695
-0.151266012946993 0.454490559495131 0.0158220707051485 -0.16171597100591
-0.347287729952649 0.306900034086752 0.0709807449296823 -0.071233130659675
-0.392665523355373 0.0620808154835903 0.0357963224118623 -0.065834276850663
-0.331988875818577 -0.039915394987566 0.0179495267751322 -0.119976297177345
-0.269849228145632 -0.0500514217192153 0.0433469266046264 -0.241199758847232
-0.326858791487308 0.00789908954511755 0.00411131467337646 0.174877134123608
-0.216529661824237 0.105410969456516 -0.138851206072981 -0.20086174611827
-0.122832928659326 0.0268475259267437 -0.357251698965697 0.0329595723616969
-0.230965260590272 0.00886092314137369 -0.138012788702196 0.263183623428039
-0.284081337110147 0.201800290456925 0.101357285536633 0.184268635356659
-0.17321884955786 0.357002707248264 0.1528182870353 0.015671086933071
-0.0210395372346711 0.425741205031475 0.0778380500655906 -0.0491337067620199
0.0815760278887592 0.463305819102757 0.0374751300256288 -0.0601392887061916
0.082340739841352 0.459832205525422 0.0105101221108825 -0.0519606062844891
-0.0121846795066904 0.481912397803709 0.000398953624713689 -0.0497090051692235
-0.192413014509113 0.461328933016285 0.00807560122118175 -0.0419328137425379
-0.374029460311438 0.254539404639511 0.0330478941803546 -0.0277616728550493
-0.315517563839523 -0.00850037213957704 0.0579587648215035 -0.087900111820849
-0.225160490559567 -0.0066201978269354 0.108727831839574 -0.120164105114747
-0.245870763721789 0.0289952426885801 0.141862890483492 -0.20365025858423
-0.286091995414364 0.0362357717856818 0.105860268746371 0.207164578080885
-0.141095211651557 0.0667669253187648 -0.0814315166002749 -0.126386924888798
-0.123423085795744 -0.0799766281370231 -0.268953935850269 0.068609875650517
-0.332441430251651 -0.0309558753673705 -0.118339447034363 0.22398475936426
-0.351942370953377 0.230168531933403 0.0213995763713713 0.206311174498647
-0.194476083820499 0.385618545406951 0.082677653656461 0.137408417941226
-0.0221461005100143 0.442252876770062 0.0647269185353793 0.120115176070362
0.0711157689437198 0.452931713558498 0.0614694689004249 0.112932121358393
0.0545889592151345 0.430297530397606 0.0409785296411479 0.105879697315672
-0.063600073751664 0.425494962934059 0.0157471805812236 0.0784867800636035
-0.228425559303345 0.353655756097012 -0.0168726117514868 0.045804690774509
-0.331021352279984 0.102951234156241 -0.00856892723227235 -0.0258954114455217
-0.141368455396949 -0.0931737811943318 0.0938823575492235 -0.12178889747361
-0.0676065563934105 0.0465963860573239 0.188610603361432 -0.10813511948855
-0.198913226309649 0.110399725035615 0.216520918642363 -0.174003060330893
-0.192385133922408 0.071100754714046 0.180877763251007 0.24617759961545
-0.0361437213264942 0.02161770030393 0.00432945558462411 -0.0254609396967686
-0.0965504219794659 -0.157078773124375 -0.155800503668311 0.0678752603468102
-0.347089838335906 -0.0497204992248843 -0.127303929676751 0.163741992520119
-0.329394214760492 0.212909695279858 -0.0708166146134304 0.244928413124803
-0.168039324277868 0.339009466932548 0.0168618058462661 0.26994894349809
-0.0124110538733355 0.382477964160211 0.054089201976132 0.283592199717075
0.0496554876819201 0.376342487159639 0.0757214174401374 0.268635890216631
0.0118126345254253 0.341395084396951 0.0511132846118238 0.23862536816787
-0.115778959557192 0.303270876988151 -0.00583724868824795 0.165099087523372
-0.235208169183793 0.178549783977553 -0.0696163752573787 0.0693180337636818
-0.220444874195724 -0.0660370510490858 -0.0376102036677624 -0.0811752515686984
0.0570464925471601 -0.130401359404346 0.152376357720793 -0.152753118475822
0.0650853000025838 0.115234891234581 0.246601693590333 -0.0677747524072359
-0.146791226537858 0.16914711708042 0.261787681785084 -0.152832085951245
-0.0711931793997206 0.108015347685035 0.219603707243413 0.273710260171778
0.0677656045111085 0.00605328960183289 0.0874235680047614 0.0543029088937589
-0.0284050066718356 -0.165903967749104 -0.0686371163510415 0.0405674550170086
-0.252061637007744 -0.0590130206422903 -0.154458860701784 0.122098239579131
-0.219162868500842 0.137040875151165 -0.133542859524621 0.288920388784203
-0.107743449627065 0.217109759304077 -0.0214288695130902 0.375522932321275
-0.00643691246301251 0.253290714037278 0.0510587466894602 0.40706396163442
0.0207735775789088 0.242689657698573 0.0821781782904894 0.383570123946756
-0.0274607746160322 0.210949375297507 0.0374321605077889 0.330430740923219
-0.131906673453698 0.152959652698023 -0.0582441336251619 0.201593487609616
-0.187312342870008 0.0166749111088306 -0.126902538619391 0.0272774194282538
-0.0822867142488976 -0.158070156165824 -0.0214812796579728 -0.16573761250136
0.183348556668552 -0.0951355620240958 0.228160497615095 -0.144703277250823
0.122233986276711 0.164213868018706 0.273406519247243 0.00525995321327656
-0.0946666969381496 0.183616328467853 0.281004688016873 -0.135329453096239
0.0198464129698744 -0.116946577757227 -0.285512008330075 0.109041493743967
-0.125041237113742 -0.11661708488622 -0.224924121750028 -0.102792953692104
-0.159082918920295 0.0477649365869781 -0.340358882424207 0.0751548712175854
-0.0097503005259452 0.133442172622506 -0.0770960290834874 0.283416475738828
0.0807825523692952 0.0638413938009045 0.192614506645292 0.0893847999364285
0.085283563244464 -0.0126768050355883 0.166841796174423 -0.219560616987546
0.0436317615191364 -0.0655617054359748 0.0223119459732142 -0.39498660929472
0.0090837994810058 -0.0721807872724431 -0.0686039707734424 -0.467825356333704
0.00685358333047784 -0.0694787477371892 -0.0624100462006025 -0.493250958447465
0.0537965214585548 -0.0594547118033126 0.0138778942731423 -0.454134359200493
0.111643327152086 -0.0136243166087947 0.121551203436189 -0.344930698441473
0.108649910983648 0.0950051652273517 0.172278992391911 -0.147270485269608
-0.0948071620046132 0.172477796989457 0.0367358202630441 -0.0457002931977535
-0.198658587131169 -0.029895380203758 -0.0948071777289487 -0.133563749195084
-0.0608614520357569 -0.138982132721978 -0.181126858136163 -0.341082805934037
-0.0874690720595828 -0.0866225169893411 -0.258534243755134 0.129952499155274
-0.142040623091967 -0.05258970109985 -0.190527786084773 -0.158803611907917
-0.124766142888457 0.0492768969880603 -0.372888796266895 -0.00133576313338653
-0.0421084127237735 0.0941123537466615 -0.153153441603884 0.280379154084512
-0.00255632356015525 0.0949883077778971 0.179686438231651 0.154802178880752
0.0235134219772756 0.0946340948166256 0.215279362881048 -0.179443458662349
0.0376109652258424 0.0892910605734309 0.0613933813792584 -0.382359837789844
0.0402722017014302 0.121017464450357 -0.0519893202086836 -0.455716071646048
0.0258524167536487 0.136294491755568 -0.069222921099508 -0.469411589441961
0.0116478956345871 0.153631153623671 -0.0189156325316228 -0.434773388285859
-0.0246016501336338 0.168218766461417 0.0834624296337923 -0.342583752214088
-0.0967833745301402 0.167257433879282 0.153448974744752 -0.148050189900133
-0.246572875768602 0.121681467441286 0.0281730758594773 -0.0508547188955803
-0.302578459724029 -0.0611433881143229 -0.0999332573175258 -0.135934684172363
-0.177734402246173 -0.147937473104339 -0.138498182803586 -0.332040624245099
-0.208974908385899 -0.0560090148368295 -0.199480763810275 0.143037602412956
-0.192456571054438 0.0312998694728086 -0.176406688747047 -0.202749485012553
-0.105681575457669 0.0798730758789767 -0.391023332606269 -0.0334838261156999
-0.0649816913919292 0.0646598706721924 -0.184216147535876 0.270411407775423
-0.0871500273959045 0.117554097890522 0.163087860896183 0.179469931376354
-0.052670133536508 0.193142050310652 0.229039826151208 -0.134109513924179
0.0140066459169686 0.238911154626015 0.0843220210309545 -0.318231338354988
0.0646116326347897 0.295336605388884 -0.0256529215537393 -0.372465626858382
0.0561837186414377 0.316707005016863 -0.0582671071158147 -0.372446454132043
0.00385302074359331 0.344577179298903 -0.0362953969366528 -0.344302872916143
-0.113457594500093 0.351058002846011 0.042883092005717 -0.279475995822203
-0.266879937516107 0.262578167917685 0.118485241136746 -0.122807222775817
-0.374529942532672 0.0887315363726954 0.027935807524498 -0.0586203584999139
-0.364092004946083 -0.0728578723325269 -0.0574408573118918 -0.129602877051062
-0.253063603470397 -0.126276696567797 -0.0573656722507463 -0.301083092739394
-0.302865977115771 -0.0313752184943958 -0.105905126246321 0.155929924019481
-0.235577987050013 0.0879636267299078 -0.16928444416363 -0.23048076960792
-0.114965252604657 0.0799933728616805 -0.404252635396901 -0.015882746067478
-0.134111127366154 0.0380962684934481 -0.175379608660365 0.276240342109891
-0.192555917371495 0.156599489815645 0.145920960599162 0.184294220944087
-0.130149230648218 0.29113872965326 0.208298952122401 -0.0759175236395964
-0.0118549454716535 0.365114128654833 0.0867825964243029 -0.204286445778314
0.0790194377490404 0.424473542910414 0.00703828611902874 -0.234259804867124
0.0797917964803407 0.437325283446416 -0.0286859099720482 -0.224024267250889
0.00297474546201633 0.471543730649425 -0.0254431990128915 -0.205370698241845
-0.166667625161962 0.473823381998218 0.0209397030446026 -0.168326103822004
-0.371753247395037 0.316003145996594 0.0810782159476558 -0.0739532378395475
-0.41844100306043 0.0509597887252448 0.0391361824866652 -0.0700024926567949
-0.34662208092074 -0.060328886798243 0.022018454824463 -0.127024782644589
-0.275225895153108 -0.0719740803404611 0.0449750478438175 -0.256527587681
-0.331838228886919 -0.00740789720169492 0.00510870036924523 0.179321628353469
-0.219449155069277 0.0916643254373621 -0.146260262942234 -0.212007552778573
-0.129864138946565 0.00925568480232605 -0.373113530073068 0.0343250651003542
-0.252041336122768 -0.00105752540612519 -0.146728527145451 0.271198671334994
-0.308118093397623 0.207464923682422 0.100670964429151 0.192102823856873
-0.189670192142919 0.375220314999347 0.153768793425821 0.0158124136884157
-0.0282347647713576 0.447752854420395 0.0756948222729406 -0.0494870059644167
0.0809760840074789 0.48587980531509 0.0376567388771332 -0.0601177058178097
0.0795452101785774 0.482323610439467 0.0103400044993417 -0.0531357330478271
-0.0191794377226108 0.508537795078019 0.00151483405976827 -0.0521007771424244
-0.209908544165273 0.483837600356838 0.0106318451056817 -0.0440979139721869
-0.401513278582561 0.264424291423002 0.041791745481133 -0.029461434398462
-0.342101378474606 -0.0217074381062737 0.0620621832717145 -0.0921816245611628
-0.236877686947941 -0.0279855049878509 0.115653433384209 -0.122788338121264
-0.250603627617832 0.00872492169180022 0.144474029607125 -0.210843918755043
-0.287848267786775 0.0213663663688857 0.107361973037623 0.220000526005696
-0.14006931617821 0.0502283524454926 -0.0870587617886927 -0.130229731678623
-0.131144303189217 -0.102822524955356 -0.281105855269721 0.072817586365108
-0.356311726695027 -0.0408115918562205 -0.126255505726416 0.228083189156056
-0.377314511590403 0.238753118671009 0.0153915415703447 0.21241393458877
-0.211508176588846 0.40595295612069 0.0777515562892698 0.142657284413566
-0.0271173593063648 0.46347506417655 0.0591247950814442 0.128849882268895
0.0705593495207233 0.473382702133265 0.0609514607040279 0.121687138087537
0.0524629217858597 0.451980390863848 0.0407448185505794 0.113461828130043
-0.0725878145704821 0.449776020559004 0.0141316947157911 0.0818384668739168
-0.247037476381546 0.371719978549707 -0.0174236371137152 0.0469465642231905
-0.356381445398711 0.10675699389551 -0.00359281215641361 -0.0270382311891551
-0.159111340443528 -0.109833415289451 0.0995094937286461 -0.126629291372459
-0.0720649832550886 0.0277976141252796 0.198865412935005 -0.106797565010539
-0.201637075722408 0.0961046872593142 0.219982747574275 -0.173587875243457
-0.189675219472924 0.0609353077683958 0.182297257624809 0.266102984833375
-0.031209659540246 0.0066059788073343 0.000362010529579102 -0.0216252088047449
-0.103844388381813 -0.179259708918431 -0.162437773015714 0.0730281682895821
-0.369104964073723 -0.0584877483301586 -0.136389787656731 0.165496536287288
-0.350822214382884 0.22112858786396 -0.0830419987621713 0.251612039313769
-0.181322096292834 0.356931077222179 0.00694293951553162 0.280536493757443
-0.0157806203408514 0.401224834503867 0.0450263721257068 0.29989898952698
0.0504693650167645 0.393355816652787 0.0737477972326306 0.286137319766674
0.00829799423136879 0.357386802813337 0.0489154305490043 0.252723000102756
-0.124163566611602 0.321135456400854 -0.00936671365244204 0.172738006486632
-0.251048228444228 0.190265770615442 -0.0735290057431484 0.0709895793349282
-0.237972416252672 -0.0695781362153889 -0.0354705915198535 -0.0842446404910184
0.0513850143625401 -0.14722404106146 0.160354414306826 -0.157082959878883
0.0686814507402821 0.1032932499843 0.258172205505681 -0.0632741025337884
-0.148438147423552 0.162758992209168 0.264968038317854 -0.145801655271839
-0.0664410098800307 0.10470142121254 0.221002385678107 0.29894033344341
0.0750300742764937 -0.00403908273973958 0.0851302326962519 0.0639194396901273
-0.0337724387617321 -0.18120720006305 -0.0723812259767207 0.044263496834917
-0.26807858403524 -0.0618365856400119 -0.164123251850838 0.121053166874817
-0.232401854879131 0.143149851385503 -0.147310882063123 0.29672076103853
-0.11583289008895 0.228282221813093 -0.0343633501194101 0.391127051692938
-0.00653982967854294 0.265435041713837 0.0435777112127045 0.428453531807557
0.0214019000254824 0.252166549715092 0.0788062916042542 0.405527562061542
-0.0302144119408887 0.220447064521793 0.0341496717912858 0.348459269599791
-0.139920014562374 0.162537471777321 -0.0647884739543205 0.211059167000658
-0.198477019440266 0.0203899422170355 -0.134152473973951 0.0275053992286445
-0.0908562675305729 -0.165740552597946 -0.0205534572536677 -0.172514359223767
0.188000551138921 -0.107547249606055 0.239911780836323 -0.149253195521097
0.130311998173469 0.161998464036331 0.284799180053297 0.0130792829475252
-0.0944338944971497 0.185227459134978 0.284404734728514 -0.125366398364554
8.24320101913555E-05 -0.130177344825369 -0.268036413785496 0.151675702410378
-0.148444616302431 -0.102189891218611 -0.248880777642702 -0.0807215661747548
-0.154654169540837 0.0746852554985457 -0.341114210413547 0.128076745419909
0.00888665626402922 0.137166935088444 -0.0293784104154682 0.303181195460435
0.0921972448992683 0.0561058097494212 0.214250494647863 0.0571037954029842
0.0857426434723016 -0.0251128353714294 0.135686963436942 -0.258289889350991
0.0350753912337386 -0.0733786223484589 -0.0456670764770417 -0.423425357773045
3.68232162182829E-05 -0.0733439088688402 -0.141226785057147 -0.479081661646176
-0.000904039691792573 -0.0713788946921402 -0.136018325963105 -0.509536056827978
0.0490125321186238 -0.0684588128908057 -0.0484696497022172 -0.475647862493062
0.11436892723212 -0.0314297443561968 0.081794077667464 -0.376964207847606
0.125385386172432 0.0805036500741046 0.16215439395633 -0.18149720582013
-0.0650864166018693 0.192934068273664 0.0371315921494596 -0.0545498840382409
-0.207261291611936 0.0060334981696931 -0.116500339572131 -0.126807562617057
-0.0861182855654386 -0.128362299205768 -0.238165812288939 -0.344928706693795
-0.107437740363197 -0.0849849890196623 -0.231343785293144 0.161790125428967
-0.155802608433998 -0.0376695029839137 -0.222132577329424 -0.146213061003436
-0.121392988241002 0.0655083987354657 -0.388041848470134 0.0551226128695504
-0.0346507097166442 0.0990118057619485 -0.107342161530081 0.314949118150568
0.00513019925353971 0.100941233610118 0.216309740417634 0.125287921460902
0.0350161735989887 0.0981922745216614 0.19449491053116 -0.230019405782504
0.0493173658168602 0.09147009819145 -0.00167171645181755 -0.420932607377365
0.0611075322433682 0.123084447611468 -0.122942863772442 -0.468198440747958
0.0489908717916486 0.139255411035345 -0.139974034739135 -0.484929619310935
0.0348705864655579 0.159527810008925 -0.0780827275930203 -0.451637031813133
-0.000984234316178956 0.176890156130587 0.0428086396168525 -0.371202238094266
-0.0801282102673409 0.182859932515812 0.146701332489902 -0.17921118673412
-0.23320287099439 0.15885513774649 0.0275792451435107 -0.0555832238921681
-0.318083078245571 -0.0205368197034993 -0.123114082195014 -0.124415018543049
-0.203879461687319 -0.128578924611925 -0.193789510728436 -0.341621541097386
-0.229366399275947 -0.036633677200602 -0.163188446627007 0.159972095844892
-0.194712372082386 0.05216009131884 -0.215011951652493 -0.197011202723918
-0.0982905725478282 0.089077425935752 -0.413801514022223 0.0232949612656191
-0.0677580053963174 0.0687702046899127 -0.140301924303412 0.311723536776216
-0.08316625772765 0.136587734784848 0.205673052167184 0.151742546510656
-0.0321268121632122 0.213452498865781 0.218487240561948 -0.189115213533997
0.0451313495168768 0.252042946327949 0.0358236201009261 -0.357678566596158
0.111685795986612 0.30191700653226 -0.0844318421133529 -0.385854069245683
0.106610993469654 0.321341451744181 -0.115658006296784 -0.384220997725743
0.0525491425621296 0.358511062669516 -0.0830212389293548 -0.3552981444759
-0.0667804026689963 0.379632053687253 0.0112155420602253 -0.302768010615809
-0.245846849680371 0.306271962120421 0.118444685789885 -0.148552822225781
-0.376652815609007 0.141852833851635 0.0271835024324699 -0.0619648536738971
-0.384190747156241 -0.0301767675219716 -0.0790582918261636 -0.122401176618736
-0.276469553988172 -0.103409244917108 -0.106707422180971 -0.316858540589091
-0.323109011223364 0.0018151690920064 -0.0598755827893221 0.155377944925251
-0.230660928256402 0.112267675893441 -0.211174456139915 -0.228844017817038
-0.109509235190739 0.0841451545183099 -0.422383726466166 0.0454863874536988
-0.14768106405073 0.0493487575390272 -0.126524807395195 0.314715563516971
-0.190006819727042 0.193215317320324 0.191025486451986 0.157506012998753
-0.0990493014572236 0.328442566226715 0.206595525224755 -0.129346068880171
0.0354921312810989 0.388087802492947 0.0600508256771177 -0.239468225674417
0.144081931027282 0.432684970913293 -0.0309482552736173 -0.245366386750085
0.148247804231789 0.44467367228978 -0.0626699354214638 -0.231920851663271
0.0706238289862212 0.492055276651258 -0.0511849146105667 -0.211919891327013
-0.104373154431779 0.516365695235082 0.00518882134578318 -0.18546887477535
-0.348487989098439 0.379712734731765 0.0893301952717732 -0.0927601466947468
-0.43377103714561 0.109132703419329 0.0362559621034139 -0.0736746100329334
-0.370581856264716 -0.0269489668016084 0.0039493193235279 -0.128020697811595
-0.290943477826209 -0.0506709487114914 0.00366107015003004 -0.280227376512729
-0.347999114115513 0.0304557674068255 0.0587909476755821 0.165317639149881
-0.212326335726481 0.108739006563889 -0.183937772919279 -0.208293460393178
-0.13875056432571 0.0081428619926324 -0.377516283429664 0.0963216901255384
-0.277892913003685 0.025430947917368 -0.0918852580857856 0.304955227536307
-0.304281384671326 0.261692894993145 0.14816558197697 0.169485866153619
-0.150690619432415 0.424091211327683 0.164071995853291 -0.0278142413740254
0.0313073963450025 0.476922771271312 0.0749681806298192 -0.0735981234016027
0.154254349405269 0.496637330149378 0.027264015942702 -0.0676774862996261
0.156034821815532 0.492214316068964 0.0030364572013541 -0.0573852901491442
0.0520960610996002 0.533895418124086 -0.00124148338322206 -0.0554127930334996
-0.14617156669917 0.534437134684085 0.0119780584092672 -0.0550093799351872
-0.387364188787838 0.334206065796522 0.0554076651254054 -0.039473881899463
-0.370876059248897 0.0231476647256089 0.0551408749215725 -0.100380622124881
-0.255467386826019 -0.0126420602963748 0.101838094831773 -0.138747332588777
-0.254509889077507 0.0253323487245324 0.113519554913025 -0.240134347870603
-0.295782788807542 0.0545066568522166 0.166083073815435 0.198527424795478
-0.135103119863151 0.0524964340571191 -0.11073751757266 -0.123651315543485
-0.159246005329374 -0.10824366120945 -0.270170774035851 0.12688918483385
-0.392349286666714 0.00115435748571298 -0.0753146012237109 0.256175440086789
-0.371236810098716 0.30292391500629 0.0636997115077213 0.203027240116462
-0.167775943206117 0.457186679249043 0.103082547699211 0.117236417434201
0.034129957231782 0.49160349137074 0.0863621608765534 0.119196208516797
0.141325255894433 0.484909375804879 0.0780898124428276 0.11941536759201
0.120379404931137 0.462928131466959 0.0594326931390175 0.113981705789015
-0.0107171166583996 0.480538660121279 0.030983251353742 0.0834453324175213
-0.201516304193906 0.426338292818347 -0.00433464064236717 0.0464206737447479
-0.36273837657941 0.165845154915716 0.00497613763681811 -0.0272102836143833
-0.196679661174714 -0.0962407851275271 0.0854941551328948 -0.143696569922324
-0.0778035173548061 0.0202541279017849 0.19188780759071 -0.135839677288756
-0.190987172435798 0.109133972074678 0.198448866470764 -0.204525684838989
-0.186098728345523 0.0812941668567442 0.242777235798506 0.245406192855651
-0.0291931200714042 -0.00677309742568837 -0.00467025768734417 -0.0167177739534008
-0.142612109363402 -0.188142759330447 -0.146747192276382 0.112628135854261
-0.403217244346674 -0.011946700614068 -0.0971409447125917 0.19223827297235
-0.342734001753046 0.280088954457906 -0.0341460829547196 0.260842011556698
-0.140578875177639 0.401077459123318 0.0492688997108001 0.275420581574488
0.037953278020001 0.422262647213005 0.098463059911293 0.304189661562676
0.1071334457909 0.400902135646367 0.116816750549338 0.289169678214286
0.0618340355842546 0.37104282549875 0.0898078244835347 0.259402540911789
-0.0820152012612896 0.355419825677854 0.0179980200934743 0.183403992486165
-0.232951764156665 0.23892676859791 -0.0625756845514466 0.0835203848599338
-0.265109511887435 -0.0337033803477924 -0.0431447540497157 -0.0795216326222321
0.0172032761849269 -0.168714441835834 0.140686059268967 -0.187964699301333
0.0815599279690654 0.0792054483176192 0.262611620701238 -0.100829348483309
-0.12544639163698 0.173702970256351 0.249440824921502 -0.17667852474596
-0.0498294987986164 0.111675606971768 0.277202573099731 0.28306963415257
0.0788340973009813 -0.0274880801148103 0.093992590069223 0.0645583242156471
-0.0687355364757061 -0.193005052607572 -0.060901230316907 0.070324375536983
-0.292955504283117 -0.026813494987718 -0.139360288301791 0.151621115807621
-0.226089482233934 0.181513606347401 -0.0999191114270205 0.32240010675202
-0.0893039924373071 0.254251903091913 0.0208021830277876 0.405624627356743
0.0307080529327554 0.27701443926748 0.114747248466267 0.444191387645337
0.0577546084193892 0.256926290942552 0.141043366404002 0.413008395280558
0.000919468478323346 0.233327158582008 0.0892655554674382 0.362472113837849
-0.121272374014938 0.191518625615904 -0.0354390027325976 0.232865284856363
-0.202350734012196 0.0548248373785394 -0.135104966261598 0.0495843711827987
-0.124268234404185 -0.155693844889563 -0.0471418063785783 -0.173510885377488
0.16892765244066 -0.148109736922167 0.224348088363747 -0.195267276846134
0.156366094594962 0.135021521537522 0.302651069560261 -0.0265986912610545
-0.0669528569096197 0.196493824301721 0.271322798028876 -0.154072890390659
-0.0127642001849877 -0.130141134648335 -0.256488390986292 0.154335895888836
-0.159448553603547 -0.086509878743678 -0.264568026994794 -0.0725201907229917
-0.147383687617924 0.0908570100403583 -0.338164581315208 0.157324177660233
0.0228371643881276 0.136644515381278 -0.00536224980960106 0.311205901964045
0.0980573722712376 0.0480653835494295 0.223999447028997 0.0410037138056741
0.0836519678811289 -0.0335674421150455 0.116584782839702 -0.27448590757715
0.026903319982204 -0.0765727148690794 -0.0809887816168815 -0.42905151982493
-0.00689915661446191 -0.0721260876235314 -0.179537419813113 -0.481853389704977
-0.00712920614438834 -0.0701956139730651 -0.174844653605255 -0.512497794867939
0.0425483725850108 -0.0726899493476994 -0.0796902963146154 -0.481912368592571
0.111973917571888 -0.044364301023198 0.061137589761695 -0.38704433133477
0.134073386738154 0.0679095431849302 0.154387993243933 -0.195333552265494
-0.0452509750583874 0.200769969726357 0.0346145899819535 -0.0596070999642591
-0.206964054120294 0.0279218075272777 -0.126193382310042 -0.12690926934469
-0.0995013851693074 -0.121463694604461 -0.269532095376011 -0.345044511897673
-0.117432634710274 -0.0820895633457241 -0.218285500634194 0.161738549430593
-0.163511226503628 -0.0273405158077605 -0.242791008525031 -0.140201254400436
-0.118339291384995 0.073756529852275 -0.392216978698046 0.0877945279416158
-0.0295645127519308 0.100832786040214 -0.082059669809241 0.329551207419713
0.0103609403153045 0.102857891679785 0.231694754553537 0.109057691808107
0.0403540984960944 0.0986612344695546 0.178116080715462 -0.251393472195922
0.0545067898988805 0.0916639747712666 -0.0363034474051681 -0.429120705302399
0.0702717250758681 0.12419186826282 -0.160707461233265 -0.470372844025044
0.059162865576397 0.142419888901059 -0.178743825846538 -0.485492844100439
0.0441870370587109 0.16158072847546 -0.109254759414589 -0.454628140791485
0.00890473090175466 0.178156345926156 0.0211940371218279 -0.379160138000809
-0.0702388168284167 0.187306296698502 0.140185003971631 -0.192983374661696
-0.224841700194156 0.173211841158602 0.0245135262424077 -0.0610064268986086
-0.322966142166443 0.00147657936943255 -0.133063568322094 -0.12383440327587
-0.216392766796301 -0.121343426820295 -0.225247531172729 -0.345683295150132
-0.235435563366437 -0.0292164415023721 -0.149745313708982 0.158345439672335
-0.195613127205099 0.0595499360141133 -0.238360100815968 -0.190744240323874
-0.0965465820593877 0.0900223443520322 -0.420323835129777 0.0587942612125514
-0.0710419012456932 0.0724309844099178 -0.116373166920015 0.328364734696429
-0.079307797642019 0.147877911040422 0.222052058058227 0.136963370925792
-0.0194791865809648 0.223716906195865 0.203979367134529 -0.211667220787776
0.0635424393750581 0.25683443807893 0.00613391026661864 -0.366582791578098
0.1361360563928 0.301343434632279 -0.116007755531265 -0.387694029747803
0.131805141836905 0.323677371334991 -0.14543151993476 -0.383018715644546
0.0781298631548111 0.365067282794462 -0.107381043822394 -0.355945207640197
-0.0441384399356803 0.392362863689761 -0.00723104878779241 -0.308119887603249
-0.231573828807587 0.327961660808612 0.114521331566913 -0.16110217511463
-0.377838848440573 0.166999243556557 0.0228276376072252 -0.0673250968827315
-0.395764103430227 -0.0108727207537165 -0.0887213255166087 -0.123386181584961
-0.288111378680888 -0.0985810699142293 -0.137437801903224 -0.323468235290123
-0.325865960554863 0.0126004293849057 -0.0465080315346593 0.151704467145974
-0.226653780482962 0.116408180677792 -0.23599427471405 -0.219232788483385
-0.111593142163089 0.0804191549553819 -0.423609694819696 0.081392052310163
-0.157879628203904 0.0582685404543987 -0.103184674690159 0.329053757180985
-0.187208119590226 0.215249700728701 0.205007638451561 0.14436311108932
-0.0795223254674087 0.347651011749953 0.195915213241177 -0.148436322166189
0.065657029990163 0.397683932779797 0.0390508011243067 -0.245685325347365
0.178888832611647 0.43169672424067 -0.0501325075510973 -0.246430904483014
0.183364285772749 0.44524346249108 -0.0805531375971884 -0.231635989889453
0.107457698774944 0.499869426539462 -0.0662872882148504 -0.212717506590901
-0.0701537222619274 0.536780183307932 -0.00531947552508705 -0.189245023299795
-0.331197745140778 0.415776390542951 0.089549780400978 -0.104470381585844
-0.445978681148011 0.138794193522299 0.0313746260946531 -0.0793139539431902
-0.385499971738162 -0.012654734126063 -0.00515825682803527 -0.133235339563792
-0.30022702629863 -0.0487356583152041 -0.0232977060339846 -0.289598383714332
-0.34703862249264 0.0399354103381802 0.0738564026908074 0.159768206046131
-0.208098742026628 0.106850016034795 -0.205325050509412 -0.196497737664036
-0.150603876151634 0.00266348257735044 -0.373461361378315 0.129326931278977
-0.294634921243588 0.0445431255882084 -0.0698744719987534 0.313997446760892
-0.297753597808994 0.296131412486157 0.159998381180564 0.160089305813236
-0.123057959563187 0.450454360552252 0.158969507358972 -0.0403263373356411
0.0686708754105869 0.488951086150628 0.065853969007691 -0.0767959069453882
0.19381288624195 0.495697656212777 0.0221451573699088 -0.0684363120499367
0.193523781515403 0.491663796159489 -0.00111437372537965 -0.057190395467244
0.092233307871141 0.544713249701369 -0.00484212854364577 -0.0576319731305392
-0.1094987192368 0.560540700193669 0.00995197624942477 -0.0573151871897933
-0.375250993656115 0.375509668609831 0.0592278950876596 -0.0480525266140883
-0.39165218826385 0.0478859481476157 0.0491250186604049 -0.107186705550876
-0.271173889210333 -0.0096585594098138 0.0944696760488513 -0.148498416633785
-0.25817871767474 0.0235358381615338 0.0913506243152221 -0.250103741580311
-0.290691095635817 0.0598704402729382 0.185223139220189 0.193754121691114
-0.133772536240363 0.0418522159615881 -0.123213047267195 -0.112625296985839
-0.182122935084252 -0.113652600373391 -0.261873846496047 0.151972393693648
-0.411958421267148 0.029913415968739 -0.0588955462262084 0.262018030513092
-0.360862329489099 0.342104953448898 0.0745134846221211 0.200666118222679
-0.137089580508024 0.48494825180548 0.106317025548633 0.112596200050823
0.0740324537359689 0.501619160500902 0.0919195476637911 0.119528098730417
0.180998502525076 0.484087173642048 0.0889260914564472 0.120507644138603
0.158763926100571 0.464513225651246 0.0694021471907841 0.113647803501125
0.0268408200957617 0.496630355910664 0.03714932480224 0.082212859698145
-0.173061354271885 0.455204885119098 -0.000496870043186649 0.0462592365308963
-0.363414762780226 0.202691761175896 0.00902166044238596 -0.0313953372882926
-0.225756324891022 -0.0874626440830971 0.0769540848402795 -0.152678337119824
-0.0880514872184274 0.00861618629222567 0.187009304569203 -0.149508767801179
-0.185652956160287 0.105267582478937 0.18054051547063 -0.214166467908408
-0.17679065250259 0.0801849219290665 0.266071471353537 0.241837437129987
-0.0307879836084927 -0.0239970553809878 -0.00725708637921935 -0.00879428454606571
-0.169800008842984 -0.191024068004669 -0.137410393812469 0.127765234852511
-0.419330357767943 0.02004975178362 -0.0875994448867789 0.198123854987212
-0.329353967624399 0.315347506674928 -0.0210011679804117 0.2660004313323
-0.113725843647929 0.42319248123337 0.0631674910369853 0.279195045723652
0.0749594314129603 0.427689035560246 0.118559077261959 0.308439217179255
0.142009100685048 0.399795277491865 0.140989579512221 0.290924618202406
0.0918525430550911 0.374093259768248 0.111728480802295 0.260600958482997
-0.0547022970092768 0.373559118942678 0.0309970400488183 0.18570085439171
-0.218969074689302 0.269161385020381 -0.0574827921972669 0.0896852365892383
-0.279933333971924 -0.00772906996646346 -0.0461871850182672 -0.0786449322202432
-0.0104067140712953 -0.178564484653797 0.130293261117462 -0.200559277661317
0.0816997532989915 0.0565908381225358 0.260157374400771 -0.117584146890793
-0.112633408664347 0.172248398444033 0.234348381675204 -0.182897910554604
-0.0372111573321994 0.105499456775629 0.305054834204467 0.282143845267806
0.0766089477391885 -0.0472410796426422 0.0991398933845307 0.0692711864606535
-0.0934081677425322 -0.19566601450736 -0.055273170305907 0.0784674914207986
-0.304247825810272 -0.000702257468622847 -0.13310756805143 0.160407529173764
-0.217203358235817 0.205215265618126 -0.0838624093975651 0.33365932064251
-0.0707235708907736 0.268201227529099 0.0437791708946971 0.412188726539986
0.0555043229946932 0.278171955678765 0.146229448878342 0.448876098640003
0.0801629000138127 0.255153283351676 0.175382478119655 0.415918313967075
0.0206028767295682 0.238018222993491 0.119576487237661 0.365464177870169
-0.106321612336469 0.209232092178818 -0.0201569094785951 0.24209765728169
-0.202438172592929 0.0781120740340273 -0.134962812515755 0.0623224939273731
-0.144692270252459 -0.145130601877607 -0.0601292669202164 -0.171276610316918
0.150770235468313 -0.170214462858564 0.21303728173529 -0.214667241267684
0.167260459166194 0.111822453489343 0.307309215834069 -0.0445715259656833
-0.0494859451013538 0.19708440673324 0.259077214663803 -0.158720057095772
-0.0232766631136774 -0.122498958606777 -0.237842107440962 0.144412150359935
-0.160513729099357 -0.0672945505312321 -0.26887730032014 -0.0615280571615238
-0.132947784194437 0.0999350468223149 -0.318202434986371 0.176227804801012
0.0336426641276247 0.128444705286339 0.0176686056253278 0.303030344292085
0.0981217756507744 0.037414271758173 0.221195493679543 0.0230025364060519
0.0767773694479679 -0.0390538650996752 0.091597177255358 -0.275269234614049
0.0180008325732262 -0.074964611329098 -0.109512480713768 -0.41250474312179
-0.0122644557202002 -0.0663675713284639 -0.207850705146235 -0.459479036886695
-0.0124137627654458 -0.0650727920259931 -0.202234841943825 -0.490849772977285
0.0344475356359658 -0.0728793586492695 -0.104294022921954 -0.465059503146602
0.10246669149012 -0.052831901861419 0.0394605632589973 -0.378381750710667
0.133366273062829 0.0520677178460788 0.14078319400687 -0.198571935827802
-0.0240854634344038 0.195782747482156 0.0302151376183442 -0.0614782237896181
-0.194738957474458 0.0463796770755846 -0.129581529892771 -0.121409962359013
-0.105920480699286 -0.108554010953814 -0.287905064334439 -0.329784110014549
-0.120990573354272 -0.0744862753680677 -0.20047198160327 0.151219814198163
-0.162209957465199 -0.0167869025481039 -0.251495033217977 -0.1265125102262
-0.111019088586893 0.0778528984668731 -0.373776253830369 0.114737441772514
-0.0241760916959654 0.0985550958198215 -0.054364416266706 0.325774640963243
0.0148922637143848 0.0999979750208422 0.234108136113492 0.0878267737900538
0.0441491981718025 0.0948541840107211 0.152632547260311 -0.257875751529244
0.0568190049598529 0.0885031121700337 -0.0670980754079923 -0.414275887004634
0.0764140818631124 0.118934916531772 -0.190235917075136 -0.447510581888588
0.066739851691882 0.137428817170786 -0.204013259116722 -0.461949556510752
0.0514832213862395 0.156477518101203 -0.130748447616658 -0.436939035563751
0.0162742682107151 0.170700994292068 0.00124022388638585 -0.367958021577435
-0.0591781025237797 0.182483236346862 0.127040331893352 -0.196287458131047
-0.20576760208022 0.178390111696563 0.0196198588623217 -0.0631410091088078
-0.311094844211702 0.0210330677342578 -0.136753768236992 -0.117681944396095
-0.219226235070117 -0.10886098280992 -0.245891986183015 -0.331305150008474
-0.231476200355876 -0.021087133440603 -0.134385172757415 0.146106315706588
-0.188339331394667 0.0637487412474156 -0.249713538930605 -0.173600321876203
-0.0933427173617184 0.0867296601721425 -0.40266665363662 0.0876551859475283
-0.0712640131599217 0.0738012545730455 -0.0873525610631089 0.326706966062863
-0.0721178518032948 0.153050032653216 0.225954996757355 0.116641317549099
-0.00579021783712158 0.222551101097868 0.181067922178664 -0.220762643401349
0.0786112497923166 0.249894606574418 -0.0221074165701686 -0.355718891029771
0.152759252043996 0.287079451732277 -0.139372534409891 -0.369367960784162
0.149404735227841 0.309555541298534 -0.165852746951069 -0.363742001841243
0.098403166044408 0.353201061789187 -0.124392876349229 -0.340531646619218
-0.0204073980144829 0.383186233158873 -0.0237292618126532 -0.297949318019703
-0.207657006457834 0.33237063968495 0.104934171241771 -0.165834891652001
-0.362248966318824 0.181717137323964 0.0172825137130551 -0.0686461473543624
-0.387054368966659 0.00705347657676124 -0.0939026539990742 -0.118091586448313
-0.287709183783074 -0.0892696793249452 -0.161099042218758 -0.313102701914535
-0.31445786438008 0.0209793869995594 -0.0351155588658881 0.138333042227789
-0.2147948136741 0.115124329881589 -0.248006122340626 -0.198939393144593
-0.112326508563061 0.0744121062025742 -0.403263079424982 0.110544400685562
-0.161207161155157 0.0665265931052639 -0.0760397347603271 0.325131018874878
-0.173834098253445 0.227200006204566 0.20767820323357 0.124708824215157
-0.0546915651025127 0.349590153607979 0.175505207006353 -0.157306004586553
0.0910279567623094 0.385909549499378 0.0177535055163468 -0.239794469107514
0.202953228803086 0.410433169199957 -0.0657799206824166 -0.235397351588883
0.208937654714468 0.4226867627982 -0.0941102010034946 -0.219672098063045
0.136111581177257 0.483978835944095 -0.0768674857109274 -0.204422594688844
-0.0338831827651238 0.529069362528798 -0.0157311998232792 -0.184467909640191
-0.299444951293863 0.42752357067921 0.0852987170373792 -0.11148953743071
-0.434940585322604 0.162508802647581 0.0253423471223994 -0.0801297501450561
-0.383397759628782 0.00159776259383701 -0.0138824949527464 -0.131220466473545
-0.297945143718401 -0.0464113253969488 -0.0487225587218929 -0.281215153921647
-0.3328304729754 0.0453979298420196 0.0827044149335326 0.145927185219974
-0.198401886747889 0.0997359139933612 -0.214642446305827 -0.176024132501598
-0.158770713394573 -0.000277996883384844 -0.350054672254613 0.153066011073263
-0.295886741370685 0.0643878049429603 -0.0470027042745167 0.306689659915238
-0.276963818500927 0.315291629959445 0.162200663720083 0.143137533968986
-0.0903479999059907 0.452102781778229 0.145552139514372 -0.0482029720240109
0.101640643861646 0.473157825882874 0.0558485770442373 -0.0755976861013403
0.223132863020549 0.469713535595405 0.0165635283164103 -0.0651169805988804
0.222715591062088 0.466876450375945 -0.0047114653154451 -0.0545605257185253
0.128947978462819 0.529060840458167 -0.00865593878020632 -0.0566907570056473
-0.067796633398752 0.558237580498739 0.00732563090187391 -0.058165043699803
-0.344534320791636 0.394534771847959 0.0592885325534741 -0.0556612185844779
-0.392666345872844 0.0721469406026634 0.0413481249118521 -0.107388788067854
-0.276272122719788 -0.00502226408497869 0.0816724031078776 -0.14960387573143
-0.252372136358628 0.0193946068328404 0.0656772128224954 -0.245015049302817
-0.275930464382001 0.0592001276302971 0.193448397153276 0.179089931744388
-0.130869525963409 0.029694001822955 -0.127977640921865 -0.0963481900354754
-0.197315036694473 -0.11085096836365 -0.239281467783849 0.166466907739872
-0.408893380356626 0.0605025167479222 -0.0412024538902932 0.253708693843127
-0.333282746880106 0.365441859436477 0.080336839178573 0.189519952484865
-0.101392357770077 0.484869308566724 0.104141532227861 0.10505059137294
0.108364500831063 0.483566848378171 0.0943831694461137 0.115098215075734
0.20971164263408 0.45729963120605 0.0948761183656907 0.115557131068475
0.187113363922661 0.442529419624744 0.0754124521401107 0.107905794538226
0.0634705487157178 0.486066685489704 0.0410901400171725 0.0775793847633066
-0.135237351817733 0.461498162905462 0.00323272285641454 0.0433716747184066
-0.344467440780877 0.229973285561839 0.0108856393916374 -0.0351823770344349
-0.241628768666643 -0.0701488598599367 0.0651198898618494 -0.153239690246912
-0.098531172360234 -0.000185741920794381 0.171994681576345 -0.154992821943243
-0.176029706946123 0.0958999100329297 0.156297525632179 -0.209019462773808
-0.163078112185202 0.0727186408272974 0.276609643372062 0.227500097138383
-0.0354529673905184 -0.0392335720183988 -0.00720621060120834 0.000199333908574281
-0.189583091373645 -0.182595391062902 -0.122121587331575 0.134979237212259
-0.412576005146964 0.0518746811762276 -0.0746184654917035 0.193484952039266
-0.301899381354377 0.33386406945764 -0.00919131467600009 0.258094391013016
-0.0818121053857483 0.421674603396713 0.0736824723953068 0.270233388654303
0.10406868837632 0.411045816203997 0.13239031494899 0.297393730606082
0.165226075325344 0.377594757944329 0.158099621123263 0.277593583412581
0.115646630749042 0.357884991471663 0.127076301429131 0.248254125613997
-0.0242591831497936 0.371571975371368 0.0418117042414299 0.17918721453412
-0.192401171757747 0.283167029280782 -0.0498573568003924 0.0900415215846442
-0.278372538840434 0.0184604115123945 -0.04662927578603 -0.075352004261762
-0.0377512775100174 -0.175922516544509 0.112840586254598 -0.203030460064984
0.0729960657686235 0.0352589551402221 0.246197683334063 -0.127391697084743
-0.0980232133764499 0.15959488348094 0.21176167763808 -0.177441936787339
-0.0263863146128881 0.0919385269143783 0.318966549127819 0.267164682697919
0.0676607013658735 -0.0637728881844167 0.101287545878704 0.0700903112684111
-0.111686716336389 -0.186625999987382 -0.0462335805349698 0.0823763217505963
-0.297106911444722 0.0247014159004807 -0.122024681710651 0.161376087944083
-0.196225839182291 0.216727756686559 -0.0651637901210006 0.32670038387506
-0.0493455855264346 0.268008603665407 0.0631131130528782 0.400343263931829
0.0749129070624026 0.265081261615363 0.16811394466771 0.433078779513877
0.0960413505038423 0.239896423549223 0.200167294140443 0.396705839734936
0.0378247009748126 0.229284487171994 0.142895256438528 0.350220536343391
-0.0858731052165844 0.213247926164791 -0.00311855885304141 0.237571191242774
-0.18903213443207 0.0948987890145507 -0.127292623747994 0.0707742071713986
-0.15598379517971 -0.125716703196542 -0.0690604289093534 -0.16215451009452
0.123892237702894 -0.18013902433326 0.191678399485203 -0.22179631409336
0.164606721187645 0.0858944531881767 0.296674594667669 -0.0587888438863522
-0.0317556155083253 0.186318603041575 0.238314781322978 -0.151196452715635
-0.0261937412761576 -0.112980708854065 -0.224985347633402 0.12304292802953
-0.153217370796686 -0.0538695451083399 -0.264520836185086 -0.0575434631949305
-0.119485936623867 0.0998076056060234 -0.297270175519639 0.177641064009238
0.0376686380180552 0.117827730462765 0.0275303234456709 0.287481093392981
0.0932972249822483 0.0309104084836137 0.211853261463825 0.0143553674126561
0.069605603449912 -0.0396121607396389 0.0774651758398527 -0.263941446266689
0.0130097840430034 -0.0690287841531086 -0.118315858931095 -0.389364487517111
-0.0142794005375589 -0.0596885178711473 -0.211933960619088 -0.434161483213202
-0.0136622594277353 -0.0590297472169986 -0.203632590355376 -0.466022631276408
0.0290601288003771 -0.0691884718155326 -0.106787265413553 -0.442607469109736
0.0929211720965987 -0.0554870580884841 0.033493573605241 -0.360502774141784
0.127689176867491 0.0416208533169297 0.13176572007976 -0.192440129639802
-0.0129978281917735 0.18428985063425 0.0268676149350821 -0.0608246912146737
-0.178105071424569 0.053523002251786 -0.126199392699345 -0.117991674445715
-0.104842010277031 -0.0979943701063761 -0.286444500857041 -0.316285288182255
-0.118774346026345 -0.0702825042148878 -0.18970981173128 0.128462054012379
-0.156913353507225 -0.0109488421960154 -0.248665233928257 -0.118356245682365
-0.104193178827678 0.0759240942369335 -0.350138875113067 0.12138661885863
-0.022799512394003 0.0937898948162131 -0.0399525742870055 0.310663019765313
0.0156774996126868 0.095901531535618 0.224931439437683 0.0754697703875565
0.0425259736718349 0.0907834678198786 0.135125699048642 -0.250173858129625
0.0552120442992827 0.0861757852629113 -0.0786572682536841 -0.392064841938884
0.0756726670163877 0.113954371661789 -0.194035429773428 -0.422575724926724
0.0670980376138455 0.132485665782947 -0.205072309957809 -0.437637870139761
0.0510831069117082 0.150709538879477 -0.13299330450252 -0.414654010809664
0.0154034089146178 0.161630655923145 -0.00353628591452703 -0.34966498987441
-0.0547880974749698 0.172278425060828 0.118989583352196 -0.191079226137775
-0.192466567585813 0.170065061906211 0.0161859406465509 -0.0620703275536001
-0.292780562894624 0.0250983241247152 -0.132877027351872 -0.113282564938036
-0.212877074520124 -0.103003096173704 -0.248616492446504 -0.319167385846616
-0.222007518595478 -0.0215114602726949 -0.126490478394958 0.125936368011717
-0.180420591044593 0.0600284860174753 -0.247482865021652 -0.161392535803742
-0.092262190399856 0.0796198398121219 -0.37697737849077 0.0978759682543668
-0.0729906788762682 0.0723355840953148 -0.0716678102836737 0.312082762314359
-0.0678573444901921 0.151286397537941 0.218108608694079 0.103044224655879
0.000179878303869913 0.216099943339808 0.16227219339162 -0.216009604883273
0.0812640192320254 0.23944614036966 -0.0349999922325175 -0.336146074468154
0.153630593363 0.271829210686888 -0.143815403399846 -0.348400880748325
0.150541631578847 0.29377306505059 -0.167432639863214 -0.343430978161863
0.101772829644357 0.337575576523519 -0.1252658503471 -0.3227885202025
-0.0118177751235127 0.366614642261873 -0.0265640678147729 -0.283989530277179
-0.193451185602129 0.320863863855317 0.0994368241781049 -0.163295068691374
-0.346111993744385 0.17883736817225 0.01380223891565 -0.0670901826565536
-0.371256587475157 0.0097073775029386 -0.0935328339990269 -0.113669470602191
-0.279603377332256 -0.0904338459681694 -0.168036926863796 -0.300115743700374
-0.299424005803227 0.0153307580747855 -0.0317982055790766 0.121794459479676
-0.205260888802352 0.103596747689984 -0.244761775724666 -0.183229411914602
-0.11511104696728 0.0652413897877041 -0.377408956042023 0.11832027630945
-0.162269727005629 0.0691478439231466 -0.0618081232074526 0.309840117462177
-0.163307883878666 0.227686397867188 0.19951552767079 0.112218792532361
-0.0432123375266857 0.33867153945739 0.158655622485353 -0.154101597496624
0.0985070533829073 0.370094187601847 0.00678821436707337 -0.225747176862986
0.205149065635131 0.386660334915874 -0.0694765980727658 -0.221224492722157
0.211519726434284 0.399645427238592 -0.0946844176015013 -0.207128315462399
0.143944592366263 0.461553044930518 -0.0767054192603279 -0.194308533657352
-0.01998218030856 0.507214733385961 -0.0172293927934037 -0.175840393176096
-0.278330764954531 0.419005933247558 0.082754129286217 -0.112369578096773
-0.419880027620904 0.164859318817652 0.0219839618260604 -0.0777904839674441
-0.373126613315518 0.00208198640240206 -0.017964781600475 -0.12646369111777
-0.290132953068106 -0.0537243084241031 -0.0614992994619312 -0.268271778137263
-0.316121230817403 0.036162494262938 0.0816944552113957 0.133067265771009
-0.19132609534599 0.0833738003053167 -0.210936102436619 -0.159509237202143
-0.164075007354962 -0.00715277029767949 -0.324152190603992 0.155936969701473
-0.292268351325667 0.0715728891038145 -0.0366481915756658 0.289223921978672
-0.259089204420669 0.315049082912464 0.154821730987001 0.13162401385606
-0.0730103015553121 0.43820478635478 0.132063057305767 -0.0478356581239204
0.11174927534961 0.450960902242475 0.0483481526332012 -0.0699261649374314
0.225814613312612 0.443388129577148 0.0149790085563948 -0.0606150656222946
0.224719665986064 0.44031034302028 -0.00491176838160454 -0.0509085736422874
0.139089669920411 0.505115446874558 -0.00900732226724634 -0.0554131890029708
-0.0487845468190782 0.537245283805296 0.00672359181288889 -0.0570712739055958
-0.321035676323976 0.391734315917172 0.0593125170437571 -0.0599440164464359
-0.385690395592727 0.0816711159672864 0.0370828137948199 -0.104040993665334
-0.276414294016317 -0.00835480462532352 0.07368856726318 -0.144428721159725
-0.245490140304416 0.0061505723781873 0.0495495579641564 -0.22974148749264
-0.260574935162927 0.0458675561504681 0.190420011350184 0.167770164571056
-0.129814525853385 0.0137668026116607 -0.123668037860292 -0.0845236590396943
-0.204470790033562 -0.109882574199811 -0.219358763519801 0.166222921377376
-0.397873074451565 0.0711418342839154 -0.0348991602799271 0.238586606129689
-0.310320186417092 0.362606837936364 0.0758246721064793 0.178060989705454
-0.0822536097782311 0.469614760300898 0.096694956317333 0.0997602803669126
0.119608458003527 0.458618125583514 0.0894797795444965 0.111007061823904
0.213012124000474 0.430786337045769 0.0944333643686665 0.110036418001793
0.18956930094326 0.416818645075161 0.0767020820509539 0.103505084298005
0.076963143018368 0.465913892458875 0.0404395990241775 0.0714625953959188
-0.111926731243847 0.449990282998509 0.00500085993787113 0.0396587085348439
-0.325284765936357 0.237631987836361 0.013097727753148 -0.0378839154718892
-0.246846577435496 -0.0584431255663403 0.0590179869682209 -0.147462030525395
-0.107869145557099 -0.00885286575237815 0.160381667532459 -0.150247045464864
-0.169826831303369 0.0782194293337325 0.139832015882674 -0.192091466890828
-0.153409559510085 0.0579412808233852 0.273571446019908 0.217116990860961
-0.0407988868572189 -0.0525113477439627 -0.00593906494529481 0.00724149109049792
-0.196992337452736 -0.174647583419462 -0.109456145438915 0.132525545721229
-0.396874467696983 0.0655563299857453 -0.0698424644707358 0.181874449871289
-0.278724061529718 0.330853863096795 -0.00897599830878023 0.244726643736927
-0.0652194304064836 0.407632624387362 0.0715274211231441 0.257686075859569
0.112336509527838 0.387601922601894 0.132183044168433 0.28376021335925
0.168480062647657 0.352671007061725 0.159512537458387 0.264181417033661
0.120286332397436 0.338137773256245 0.12838799665638 0.235250489305587
-0.00810541327511783 0.35787510318804 0.0442556434915675 0.169396428152532
-0.171257734718463 0.281051732112936 -0.044373460985919 0.086675327024252
-0.26910056894081 0.0339265907584104 -0.0434798164162825 -0.0724007743049014
-0.0554477982393392 -0.16615116712802 0.102920078710845 -0.195097499991771
0.0578793287764124 0.0200840551614203 0.232742879935613 -0.122961684642418
-0.0908145160594624 0.13988075485204 0.196190435012362 -0.157939503194611
-0.0221871723949904 0.0757168052405596 0.316032351658214 0.257906851827655
0.0561699053705862 -0.0740040000727658 0.100670490903168 0.073695507734958
-0.119569689476349 -0.176014200608592 -0.0406531829706665 0.0806826848951137
-0.283377254157027 0.0365897841592954 -0.115778928887736 0.153004012158105
-0.179878229374309 0.214962064234416 -0.0600324739578365 0.310783795148813
-0.0379275200664448 0.258274944782443 0.065304342117245 0.382087311840077
0.0810846522885825 0.248794242298982 0.169075172365168 0.412526429831456
0.0984005364425065 0.22307739647402 0.20228350485894 0.375928459017972
0.0429466581225522 0.216139272231728 0.146895413059571 0.330715539305104
-0.0719693937469828 0.207840275572617 0.00315442332368852 0.227522279983482
-0.173987875384108 0.10170611303688 -0.119384429326278 0.0716486960461626
-0.155852373266812 -0.108929551443569 -0.0693596973777166 -0.151206358348968
0.101161894465687 -0.176845243146971 0.176072423831878 -0.214982367652084
0.152086453463221 0.0672479080262429 0.281694287172736 -0.0600342619265353
-0.0236305019957851 0.169571545249021 0.223240307878787 -0.131533248529324
-0.0238182442457473 -0.106553679462329 -0.225046834517639 0.0968919329999497
-0.145757932208133 -0.0491125576096863 -0.262436503845227 -0.0646033791197089
-0.113531049242157 0.0958554686858712 -0.289058842345087 0.168728933398369
0.0361210691028567 0.112041452529491 0.0246844011347096 0.277999192276534
0.0889313083916236 0.0287038853386891 0.205314868587769 0.0159823071116364
0.0658411433554211 -0.0375396072767589 0.0751483865569362 -0.254063000711528
0.0108438280468189 -0.0644062005122364 -0.112008542802029 -0.378134787038097
-0.0130904224679807 -0.0553919184626119 -0.203305952569225 -0.425916406875994
-0.0123649946553682 -0.0548988007676761 -0.192767059817246 -0.458573852569817
0.0277664174716506 -0.0658141423116655 -0.0938377994470159 -0.433530153410576
0.0866102017272278 -0.0542685164204707 0.0435687266137231 -0.349389986672043
0.121512414084814 0.0381879573541053 0.133564122192115 -0.184496401602576
-0.0109977095377915 0.175718665513356 0.0264068259446786 -0.0591639737155058
-0.168157459505548 0.052314674999403 -0.120994542555058 -0.12184622586954
-0.101519114713434 -0.0932210757055688 -0.279050915476687 -0.320491414194527
-0.115361952376198 -0.0719384556981798 -0.191298610073796 0.103899940274061
-0.15272129222893 -0.0120182866800384 -0.246641991225626 -0.122463201085203
-0.103374004464877 0.0708272204040009 -0.338084663490522 0.11456698117171
-0.024884371673824 0.0904287714991684 -0.0391265922646229 0.299029674209863
0.0120854232387047 0.0942482532489308 0.217755708882511 0.0739616021325072
0.0393452050403177 0.0902293987621296 0.130940187786227 -0.24167125587803
0.052002599776597 0.0875490142237512 -0.0752029570835528 -0.380053117512603
0.0732741030945728 0.114607788104416 -0.185688523371099 -0.415373712336675
0.0641236803269524 0.132651673317189 -0.193561402629834 -0.430865971789927
0.0462549622216543 0.15045940961433 -0.120194907569538 -0.406339483439107
0.00954494370202575 0.157157094419795 0.00604896420662498 -0.338603963786272
-0.0591107541491016 0.163022285510292 0.120967944366292 -0.18436266541941
-0.188843673761638 0.158847734503997 0.0154093173826186 -0.0614805727849272
-0.282154016131129 0.0171205017099965 -0.12799678702692 -0.116460492681458
-0.207013150719419 -0.108035841620302 -0.244230149209567 -0.32066421392316
-0.215811722397717 -0.0304162721963005 -0.12924308915698 0.104876022008431
-0.178507217702429 0.0504660281842761 -0.243496225784971 -0.162327267365039
-0.0963214047845139 0.0721209386535633 -0.362753171148489 0.0933037782406137
-0.0777844429363298 0.0704720761679564 -0.0704944285325896 0.299795625617219
-0.0699004099131381 0.149978705700573 0.209502618571613 0.100876388304574
-0.00311426030745565 0.213506408548054 0.155338322962695 -0.207479807645159
0.0770239128244455 0.236867125720749 -0.0331416194756656 -0.325050362329736
0.146246227697209 0.267927541774771 -0.13654120052716 -0.339760901948434
0.143563125659509 0.290580968871428 -0.158030119378232 -0.336887557688717
0.0940431914873538 0.333620486664033 -0.115109789844023 -0.317779051756746
-0.0199121809631844 0.358100831646432 -0.0177476739536357 -0.275606970539201
-0.195814850363409 0.309295062970924 0.101657884987452 -0.159801036630395
-0.342745809251399 0.165916966644804 0.0131319238186722 -0.065973131526189
-0.363424723012251 -0.00196979668558671 -0.0895596858456415 -0.116073238460374
-0.273891889147359 -0.102943071780702 -0.16755618026022 -0.297757962151412
-0.292443830728722 -0.000209341588434284 -0.0352483844085827 0.107294866519029
-0.205493197429648 0.087024644676551 -0.239621339514673 -0.181163162872933
-0.123302470327515 0.0541434722149767 -0.363399906235336 0.112646504744878
-0.167534339369264 0.0676045317617832 -0.0620823787690452 0.295900493291478
-0.164385284380647 0.225400888524308 0.189664542242891 0.109772231124696
-0.044720542123284 0.333908051286613 0.151179159086283 -0.146798164245283
0.0934575755278389 0.362332193826488 0.0058776484709332 -0.216379654805166
0.196047712486582 0.37986442679143 -0.0642325389818148 -0.215135787188233
0.201079653754956 0.393722888145522 -0.0891309550873506 -0.202800622402883
0.135778699321577 0.455320742356292 -0.0718240835053955 -0.192187294558654
-0.0259382482386867 0.496566065690275 -0.0117430618478017 -0.171957726535758
-0.278025029920731 0.406206871205071 0.0841495814450545 -0.11220074279968
-0.419329194653313 0.15531263503361 0.0213518268497525 -0.0771526734821163
-0.372055376868967 -0.0111715573708691 -0.0166044223805232 -0.124636483174849
-0.286777321495022 -0.0723021616145611 -0.064568002595276 -0.260373166725447
-0.308305349210793 0.0161339881458153 0.0771379363864994 0.125671914349917
-0.193756173931239 0.0639124630292868 -0.203042635796679 -0.155409072523482
-0.172892353299468 -0.0175890368379489 -0.311793011169287 0.14875157940507
-0.29499475500665 0.0699574597643171 -0.0397561461493874 0.276495008287434
-0.259233262210839 0.310448683330491 0.14430747546588 0.129346516995577
-0.0755770084847834 0.429088305809124 0.123568603890721 -0.0428920822665634
0.106516563678058 0.442148824054851 0.0445776302531092 -0.0631023599031078
0.215543203822438 0.433982570339764 0.0162153703890907 -0.0569046848740112
0.213566778464444 0.431670247015522 -0.00414527439007077 -0.0487019508451973
0.132428979415244 0.496517227718281 -0.00908468145835258 -0.0553293167396747
-0.051121681668669 0.526249059343019 0.00878575315262261 -0.0573115713271385
-0.318290728927952 0.383289950037177 0.0604284981198734 -0.0632695564954229
-0.387580519004679 0.0773283720613391 0.0375791591835431 -0.101434328668226
-0.281418195688435 -0.0191750485221377 0.0727442224289323 -0.139413961757232
-0.245464108065195 -0.0154325989208292 0.0454489797858701 -0.216250131566211
-0.254948677276873 0.0255239477169273 0.185002722124432 0.166790565063814
-0.134275207231296 -0.00498488743492077 -0.118156870024272 -0.0794399868618636
-0.211175856586179 -0.116137679823266 -0.211230992318971 0.158277489332565
-0.395417294552626 0.0700444323219554 -0.039835299827653 0.226871599433066
-0.307242021990799 0.356062977349043 0.0654026361394499 0.172629091423042
-0.0849417973870414 0.459650915681771 0.0882655348173219 0.101511937106304
0.112207536498974 0.447736981382339 0.0835142707868139 0.113335836927454
0.20321825725947 0.41925566902649 0.0926692918067705 0.110398744652266
0.180596396264199 0.409486020011252 0.0739527943498451 0.102862318826794
0.0741269372186888 0.456494815343728 0.0378057566767361 0.0694045892945204
-0.110519300068298 0.440572709941148 0.00564018861721447 0.0370481144726324
-0.320077205884745 0.235329611791876 0.0158986642375327 -0.041950280441538
-0.253270736929732 -0.055078223893611 0.0604132015470469 -0.142849454817748
-0.119004149860868 -0.0189546748663963 0.157508184810263 -0.141042410067811
-0.172420894567981 0.0562691600305638 0.13522497990815 -0.172735956096356
-0.151003363807892 0.0396108623816436 0.266939178409318 0.219632374870615
-0.0472276786719205 -0.0662911343907614 -0.00333302817562966 0.0132765501152747
-0.200116115736427 -0.177056580107678 -0.104670041291287 0.128565731716328
-0.389775834117757 0.0634176417154059 -0.0742186065237319 0.17215809115738
-0.274901768522024 0.324850568689948 -0.0174793176576279 0.236426647839921
-0.0661973826224994 0.397329961154859 0.0606148064632682 0.253979885554304
0.106964756817773 0.376589190021602 0.122815785092227 0.281273092373971
0.159766176763314 0.342724246767844 0.154538927935916 0.261028278468596
0.114246460165163 0.330048709036629 0.125158599321569 0.232439227016179
-0.00706695776054055 0.349646987145244 0.0407554061453757 0.165314707277823
-0.164125768043191 0.27698658645 -0.0433717905982847 0.0822830933259526
-0.263564386883138 0.0387900316198885 -0.0395588034698898 -0.0733378521799997
-0.0655481850600064 -0.15924904546607 0.103295874926002 -0.187994737170746
0.0435863931431103 0.011208648427818 0.227512645160892 -0.113469634470738
-0.092898559525524 0.121332592595102 0.193137508874796 -0.135443181398988
-0.0244670581687782 0.0618722399725091 0.309882601870653 0.263086653449021
0.0488814681320384 -0.0809623200281644 0.09944637472866 0.0811000944059514
-0.121384622244045 -0.173138749675727 -0.0383634105010817 0.0799474648817437
-0.27561856230177 0.0371040907970455 -0.118367943020852 0.143478320074446
-0.175949169787615 0.209119526431667 -0.0694190141365427 0.298740576472761
-0.0377743920019009 0.250746624535226 0.0547451859473671 0.374334855613337
0.077619749901422 0.239115876305198 0.158486516646022 0.407581016875025
0.0932986027191994 0.214588155085444 0.194010892970755 0.371225156002809
0.0402335041475614 0.210017240754382 0.141767315841483 0.324648026840183
-0.0679863077914486 0.202626054710833 0.0017964462455312 0.222255846314329
-0.166836762535166 0.101195761544621 -0.115758039007155 0.0688727045550913
-0.153499562675404 -0.101218171850857 -0.0640860298291918 -0.147208351401404
0.0902812203846796 -0.171283474325648 0.173935270787702 -0.204823608882332
0.139283800719605 0.0586328411780845 0.274840148773898 -0.0508335775404942
-0.0240868529048604 0.154539478133043 0.221439822639451 -0.106158229991812
-0.0071457272657133 -0.107211798766221 -0.237751091129434 0.0470623863315963
-0.133081286898779 -0.06731138653784 -0.253557569233288 -0.114179576668271
-0.123125879107305 0.0766226610231588 -0.314523973235355 0.116381363378948
0.0169432593081637 0.112687691648802 -0.0180490326384437 0.272872289655776
0.0809503180691659 0.0429360867242788 0.197285412299208 0.0468769672506779
0.0671781323925814 -0.0255333458485949 0.112046535699556 -0.238461168605899
0.0185040399944008 -0.0601056279426397 -0.0595015242111119 -0.39303854193365
-0.0058088034364052 -0.0558986898907848 -0.130531998120641 -0.459983683124817
-0.00778713911493765 -0.0557748026906194 -0.115208739808982 -0.4934068033538
0.0337730589037782 -0.0608462303392202 -0.017091965848742 -0.451519389502174
0.0873014344546445 -0.0429095172923518 0.107188743297335 -0.341612966090703
0.109889966178674 0.0529756956970056 0.166978882223988 -0.161859127188517
-0.0359325308392344 0.166774638974036 0.0387396183576575 -0.0557151924848282
-0.171083603580796 0.0260827373410196 -0.0945616655479199 -0.144451960997374
-0.0896652063594938 -0.104230560019138 -0.226385525329419 -0.381438426064267
-0.104209454896204 -0.091487430700385 -0.20254092873223 0.0528211436285827
-0.149099935527311 -0.0363082310187945 -0.229007871984157 -0.170552581473277
-0.114246375843916 0.0513438977970254 -0.352450979581785 0.0573454964254124
-0.0430426152485781 0.083167136019882 -0.0805949657441403 0.283722305206973
-0.00627225046894828 0.0965274556848087 0.203554958112124 0.101140880801299
0.020504143377629 0.0978696020381557 0.160767521013716 -0.223284972053625
0.0338584629786397 0.0981505439275828 -0.0229121760480769 -0.392250071471364
0.0507091890532346 0.1281163400043 -0.11462025530097 -0.443987340764095
0.0341681770226429 0.143093124217414 -0.117908120280816 -0.464019371898627
0.0154545345190951 0.156097204149765 -0.0445571432720073 -0.426741825508733
-0.0260240122136285 0.152360851707546 0.0719981280169121 -0.337695998636824
-0.0936085193470519 0.145037062611675 0.159114653272078 -0.165880740074637
-0.213497858916645 0.118170532655012 0.0284000417733676 -0.056998541511893
-0.28094276392383 -0.0347579937529502 -0.102492874209975 -0.13665425685196
-0.191847552700782 -0.146006826243978 -0.19286351671629 -0.373775981010117
-0.210902573159705 -0.0698212150480665 -0.138432813928763 0.057740001347343
-0.186869769319969 0.0150490883597045 -0.22016951632812 -0.211650327132925
-0.111489634864288 0.0499696571534096 -0.372813705541094 0.0318759960616778
-0.0948799734501607 0.056106986481581 -0.108578352305122 0.278084934919428
-0.0980344036032522 0.138990795605915 0.19354139031941 0.122699256479686
-0.04101990457837 0.214236518357085 0.178579993335634 -0.191026108480606
0.0346736014182868 0.252766510212188 0.0111882653282038 -0.334048611674522
0.0983584434113328 0.292759018228309 -0.0792986704147699 -0.359951629364656
0.0863732708279282 0.311626669256022 -0.0974302054554603 -0.365192007751451
0.0328790819420109 0.344973710057803 -0.0520427469888219 -0.339317405877414
-0.0875254282197463 0.346475152387383 0.0404044552505779 -0.279426308358073
-0.255269577003448 0.267148852739221 0.13817706722484 -0.14694167907458
-0.371414832513344 0.101103764713312 0.0291541789297711 -0.0590365936378012
-0.362107017165235 -0.0740216541379875 -0.0663424659098461 -0.124624795391854
-0.259526301481873 -0.16097447593918 -0.120597279071938 -0.332532635558868
-0.291023337685201 -0.0548774454238562 -0.0416885462344924 0.0730931600286903
-0.221183982820771 0.0416396741887282 -0.211462080366815 -0.230502015624489
-0.139134763257108 0.025483830909463 -0.372806890694857 0.0497298646732612
-0.186740066258802 0.0389076911451256 -0.0973696799587772 0.273701245809609
-0.203971685300534 0.198379118247308 0.173970385211806 0.124758324508329
-0.102221693517814 0.326544070357761 0.16200903660386 -0.136721453991369
0.0312992062602981 0.381662247494925 0.0355797726320548 -0.22166661232608
0.129462964749767 0.412356651485701 -0.0284566410128954 -0.222038522637235
0.126720675957004 0.423508517816552 -0.0508106292747758 -0.218688405403777
0.0551041967734388 0.472976060495603 -0.0293146551518058 -0.208176172893653
-0.114080739889359 0.483206168107118 0.0298447663286422 -0.1771718980539
-0.351542612403653 0.353152113634372 0.114891846769745 -0.105269289108105
-0.449821084309804 0.0801828217831209 0.04034432240705 -0.0669770487708323
-0.37426350322288 -0.0847003784449002 0.00773498770212585 -0.118857089657003
-0.280179748747846 -0.138485283462944 -0.0229638472347587 -0.270535226766395
-0.309791660090499 -0.0439472239475601 0.0700393129485342 0.111624081985789
-0.208019182609839 0.0168044665091494 -0.176478581253846 -0.196720245909388
-0.180426239554958 -0.0553240737825959 -0.321924209925882 0.0937889911080061
-0.313474170971504 0.020040003127153 -0.0692695745955 0.253134775563806
-0.311863050688779 0.264288148873467 0.125872588122907 0.132556560489605
-0.146048139891349 0.416711807376699 0.115865353596632 -0.0392881432703445
0.03108114645634 0.460831905288482 0.0513560631991951 -0.0637923096841779
0.139793987414092 0.468726754623491 0.0259795381875395 -0.0503116459686211
0.136323948497814 0.46342393750511 0.00874136194147298 -0.0494327364693466
0.0496324932500234 0.513212618517186 0.00992728511638894 -0.0609421210854477
-0.138147614223972 0.510507324148573 0.0294023573154407 -0.0597390291309428
-0.386026111875297 0.328211509103042 0.0829665859494356 -0.0597837897572714
-0.408197089375545 0.0114355369723273 0.0603665341345502 -0.0888497136267896
-0.288148841226289 -0.078330576032255 0.0988716674992727 -0.117283445496124
-0.249921293828843 -0.078408040883291 0.0811673482922816 -0.200920333388234
-0.258873025711377 -0.0273761695332299 0.171471568338119 0.177745369390562
-0.138997359833419 -0.0433827846272669 -0.100037580352502 -0.0991617393030873
-0.20301134134742 -0.158405283151682 -0.216010850564417 0.120343307967829
-0.40930220248284 0.00289238178260176 -0.0606940971939934 0.20147547975133
-0.366955965377484 0.300220581270158 0.0407439120442979 0.160523648663719
-0.160822358027125 0.443757996778788 0.0558767377325294 0.0984642735521891
0.0376736530785744 0.46874355050206 0.0651742314522479 0.11904665662224
0.130692988307739 0.453877343353708 0.0740615421537688 0.129432681509397
0.109912509205646 0.434005323174332 0.0612598473789891 0.115352078353916
0.0014666750723667 0.464066617811345 0.0332609567715146 0.0729334054826466
-0.178622308986485 0.417539884717372 0.00749286144323151 0.0353811968046584
-0.360903361781179 0.183760868668807 0.0323728545312188 -0.0433397202249532
-0.255405135157532 -0.0969999472431239 0.0871724946106431 -0.126944434677938
-0.129023629783074 -0.050408445201712 0.18254530571255 -0.106969319806746
-0.187242868180364 0.00504932929920892 0.167534587624615 -0.136642230374442
-0.157283930403572 0.00240460112279676 0.243113274562394 0.253381543521602
-0.0433278653811189 -0.0877638519038705 0.00160061093518311 0.0196842009584501
-0.1804528657572 -0.213039233331648 -0.104624271167328 0.10898043863924
-0.399834366413894 -0.00223902649323471 -0.0876105266492754 0.14407051688981
-0.329497933212715 0.27186106912952 -0.0535749630725264 0.212598689337885
-0.130843266379141 0.381948952391415 0.00529567091150728 0.249981515525386
0.0438815424350122 0.394566468601148 0.0802504020664925 0.295266403573409
0.102182401071521 0.368714889894746 0.111417961107421 0.289661595657632
0.0602931506399174 0.345139120630697 0.0895588555306575 0.254277261196942
-0.0599832867912361 0.345585794164607 0.0191701161268201 0.171799410406187
-0.202567656674965 0.249148266235616 -0.0518521539138727 0.0738340302960173
-0.271782094989467 0.000190554159134906 -0.0201605620521228 -0.0804458849609824
-0.0535434656876015 -0.170279877531341 0.134650343101634 -0.166132796961119
0.0289804236660242 0.00643404265633192 0.245878518132848 -0.0707628580491298
-0.116713243047349 0.0850236258208096 0.222216861610894 -0.085729492345742
-0.0354215924885961 0.0464876496634624 0.274279351450015 0.314288242988749
0.0538996426615962 -0.0820938681736552 0.092712663535551 0.109421402100303
-0.100359575325489 -0.192687557437387 -0.0346319151843827 0.0755032705642382
-0.278435078764245 -0.0085210889766567 -0.130657380221901 0.113156463512413
-0.211172535332721 0.175495765597015 -0.115619546324853 0.272795712583765
-0.0767562418791942 0.23987594454747 -0.016462862922632 0.375335111026688
0.0397034999288479 0.251305356839777 0.0972158823896366 0.428965649789122
0.0573548080441442 0.229140930932049 0.133183169366676 0.404802535712919
0.00965299020073831 0.213977025373867 0.0904791171300866 0.349616015142275
-0.0955912025434102 0.190568610276694 -0.0322182869576198 0.22314462395144
-0.176736640148191 0.077098382910113 -0.124574846091985 0.0510894501759973
-0.138636233281924 -0.119947810053885 -0.0370220812909958 -0.155263363637524
0.104722382599703 -0.159114078701982 0.204916217604482 -0.172714093391538
0.119816488138138 0.0710345249634702 0.282999298305037 -0.00212906336494262
-0.0512841486542902 0.13535230226575 0.246739764287632 -0.0491695323508143
-0.00621205924484038 -0.108986695605132 -0.256041989481162 0.0305587854240479
-0.134449050241949 -0.0660221154978806 -0.270282715659623 -0.125234497740183
-0.124132182942276 0.0798057990872938 -0.326298390767956 0.118833946455605
0.0183569744473266 0.114186799379436 -0.0179861480739163 0.282216638882206
0.0830375131709415 0.0433457923456069 0.205447668514714 0.0500115632324436
0.0676674443611008 -0.0256245519858974 0.113759671478653 -0.245399288363013
0.0181864221027149 -0.0598232461943634 -0.0626033791075944 -0.408476002272141
-0.00566527344973898 -0.0553466738358917 -0.135736037881173 -0.482498559434829
-0.00769905811978553 -0.0556880645770954 -0.117331798850688 -0.518422145611344
0.0340504757943351 -0.0620409499742833 -0.0114237941013802 -0.473148549280053
0.087908881646488 -0.0449168955648606 0.119432371678654 -0.354341737856969
0.111959112443031 0.0514231018636703 0.177775963317508 -0.1667950319618
-0.0343980780909726 0.170019815037067 0.0401480186319183 -0.0578383490159112
-0.172478966498967 0.0274207644697126 -0.0962035600316364 -0.156353820861765
-0.0935375394393912 -0.104871357623231 -0.23878400429502 -0.40805586233344
-0.108838125509129 -0.0982537319427091 -0.219060075473848 0.0372049711967533
-0.155258472857242 -0.0383594713891281 -0.243062040924304 -0.181710927258183
-0.120022465718943 0.0526326454961084 -0.363767796587616 0.0582487423106632
-0.046337053376125 0.0858045030596093 -0.0831349634790415 0.292139949212415
-0.0077757441613227 0.101347277506387 0.212071543127541 0.10538155624267
0.0200860668669836 0.104457033349664 0.163988809409869 -0.230378281133786
0.0348347604948853 0.105706985059079 -0.0254048143308745 -0.405775680249607
0.0527628084604084 0.136001441467239 -0.11988410991051 -0.464499045995494
0.0354352458596743 0.1522114402811 -0.12163571529782 -0.48649756195971
0.0141174996851021 0.165503735674856 -0.0419607546540284 -0.449169171714646
-0.0312802566034316 0.158897961778706 0.0831743480562107 -0.35032652013577
-0.101886183472775 0.147475019753601 0.168821986619614 -0.170691022476645
-0.223657928240613 0.117411793760979 0.028860522265446 -0.0589196619080966
-0.291033481305765 -0.0416900557996553 -0.105682024024483 -0.147863155784473
-0.200449597185846 -0.157262071908223 -0.205614561786347 -0.396808259292474
-0.220625953804707 -0.0816193499154781 -0.150552619594931 0.0453314411491407
-0.197655913176087 0.00972085603776706 -0.232675098473449 -0.223473022582264
-0.122406172898724 0.0485518321956514 -0.382933039822738 0.0321660442381528
-0.104525132872127 0.0593591598652039 -0.112866680788126 0.285666924455859
-0.103963583245589 0.148554926921786 0.20082018378375 0.128037977397325
-0.0430821566045997 0.225856971771256 0.181336228781585 -0.197103116300062
0.0364834816047056 0.266914302254166 0.00936155755679395 -0.344869652903396
0.10250682270322 0.307281723664204 -0.081478029706552 -0.376691708680426
0.0897953275450284 0.328193719322904 -0.100117557834494 -0.38292633688938
0.0328066435977201 0.364171395992414 -0.0515617606628027 -0.356674075037896
-0.0958737411648844 0.361951105771771 0.0484258423582972 -0.291570022511329
-0.271825439460017 0.275901722476352 0.147761152896643 -0.153336401163205
-0.394157243805829 0.0995503811596277 0.0287568146324816 -0.0617227478273589
-0.38185080664589 -0.0859443281892658 -0.0690472403387992 -0.133098404527453
-0.274415052576296 -0.180579784894974 -0.133675981750772 -0.349534941739272
-0.304606140096977 -0.0700039596893269 -0.0476577033783824 0.0659832275603043
-0.236232943777339 0.0313489239668768 -0.220984464215711 -0.241021147606113
-0.156009157325278 0.0195867192079412 -0.382622670062453 0.0506089774767278
-0.202565647653085 0.0431179508854534 -0.102151357215609 0.279912955588568
-0.215664794189131 0.211882880215157 0.17811859058191 0.129477109292486
-0.106458095576888 0.344005803295827 0.16388927390387 -0.139288342140478
0.0329228344726532 0.399805912290148 0.0339388702828835 -0.226879221074494
0.134038899368036 0.432532190598628 -0.0291456389751565 -0.232032975450688
0.131641904279116 0.444150889349479 -0.0521164509631442 -0.228009100628675
0.05801306194397 0.496288228689928 -0.0295665268923517 -0.219699873472556
-0.121392855769507 0.50580214393903 0.0347298201041458 -0.186030151452063
-0.37221135135496 0.369083544245554 0.122358044173006 -0.112680208514944
-0.478051003465621 0.0812890266285436 0.0414972936553736 -0.0705217981847476
-0.398251838586022 -0.0988142524431028 0.00650716467166055 -0.124370619280566
-0.298339109998361 -0.16150164084169 -0.0310496291729342 -0.278734615468813
-0.323661571611869 -0.0613789554862258 0.0712182607670165 0.111739862002364
-0.223933294552733 0.00147347953664886 -0.182826032645947 -0.20335833655906
-0.201387906249106 -0.0659822545681484 -0.328670337123754 0.0955858211877132
-0.335700553214816 0.0241084372018306 -0.0750675421967387 0.257984725822583
-0.327890465347773 0.282010169593024 0.12553958459101 0.137740357286436
-0.153967697241815 0.435905031195122 0.115623303931137 -0.0376174676891516
0.032754517928326 0.483301996828647 0.0505286422692286 -0.0620462919589185
0.145669457407918 0.490025895110528 0.0283716029134032 -0.051565920963971
0.141393721840514 0.485891890740811 0.00975036977800278 -0.0504248331755144
0.0522718406033607 0.538057863456506 0.00981312035094537 -0.0648810390154793
-0.14474970775269 0.534429721391349 0.0323871516636101 -0.0641278510161172
-0.405141348332019 0.347536105893435 0.0887317302433523 -0.067503616064821
-0.43716336016521 0.0138599741377917 0.0629667628064068 -0.0938662950300098
-0.312943006689049 -0.0899684940096134 0.10192669504691 -0.120123583234259
-0.268969887302851 -0.101175508754294 0.0801524126337646 -0.200307916470484
-0.270645374176761 -0.0453472648310775 0.179332327505059 0.186315370547203
-0.153828530088541 -0.0611803604883196 -0.100857076354374 -0.100572186053683
-0.224925482580281 -0.173093869569734 -0.219490973919644 0.123875394486076
-0.433977456287418 0.0061629238045165 -0.0675119316972029 0.204862807541797
-0.383261225695334 0.317795761046814 0.0344589572285919 0.167945429039193
-0.167234039469878 0.464337613549366 0.0524570828005752 0.105939066554998
0.0396680117970621 0.488135055787366 0.0642311715547969 0.128889884204897
0.134524546161114 0.471982767689036 0.0789997324599709 0.137513908024733
0.11409720583582 0.453503575296207 0.0646007700095235 0.122272924717105
0.00451017194798448 0.486182477860422 0.0334587659577935 0.0755139119903044
-0.182812655515599 0.438898185535159 0.00819985172300185 0.034105920104922
-0.377245219780469 0.199281828468121 0.0360966583647945 -0.0504871133760605
-0.278170204436883 -0.0958815186338616 0.092795995116827 -0.13360007284822
-0.148546947090136 -0.0601148954028589 0.189384430086313 -0.107274413283356
-0.202718108141841 -0.0128501205012176 0.173196570444547 -0.12883635732612
-0.16584259999554 -0.0133020782351735 0.256204549899143 0.270740560576985
-0.0541887630030308 -0.104873443108143 0.00609004138216401 0.0255663238844911
-0.198220100582119 -0.227426930170239 -0.105025166716892 0.114376074199982
-0.420228600672206 0.00052092388989712 -0.0958856301399387 0.144736498249495
-0.343810871634692 0.286760550682684 -0.0657567521371965 0.219857214304809
-0.136531291238905 0.399861591570504 -0.000163506118082452 0.262632266327601
0.0460924821925491 0.410805184323295 0.0799555745049106 0.312597889850868
0.105626663699068 0.382697779466879 0.116932334951481 0.305087246353634
0.0621966863943555 0.359560356745901 0.0946143101241506 0.26714459040094
-0.0583921460896306 0.362180670363653 0.018240732150443 0.178370778596466
-0.20724423411523 0.26267686586411 -0.0536619087659248 0.07579825036261
-0.283912798132423 0.0079565945757546 -0.018619337024586 -0.0867892322025182
-0.0676904468639988 -0.173996266506836 0.141676581342512 -0.173265129541224
0.0172901001808199 -0.000613605556733874 0.256000747924902 -0.0673451969206867
-0.126048215169796 0.0734934160603919 0.234105481970743 -0.0721887166663411
-0.0396837415798239 0.0374222149899728 0.291488076843756 0.337029728619076
0.0478506759310647 -0.0933292371621323 0.100605975043869 0.121774478884836
-0.110808594352357 -0.200837006476135 -0.0331749757922331 0.0802019414182141
-0.289574162184449 -0.00555864352022553 -0.141173540394172 0.113329508858911
-0.219014048898076 0.185455861972331 -0.130628173065852 0.28077308138672
-0.0794797505615057 0.250822348875735 -0.0233692719818016 0.392063915622997
0.0424526937306341 0.259298304715234 0.0980833929562913 0.451673569086405
0.0583636395197614 0.236080791833452 0.140221436642286 0.426034395936839
0.0101506824230988 0.221279593388897 0.0958738335678607 0.366281163820536
-0.0961155392831641 0.199219919939484 -0.032568676820791 0.233050881318358
-0.180013763341046 0.0833121562449312 -0.129377593972356 0.0529342917931413
-0.145953241182013 -0.117379229380675 -0.0356648688411736 -0.160594759942421
0.0985802188739602 -0.164599546926072 0.214560430299459 -0.17897036877122
0.116880887591045 0.0679896283651716 0.293815451537968 0.00353732044625234
-0.0537019952328974 0.130500629580749 0.262912756923408 -0.0320453131767415
-0.00990246041026078 -0.111298844324062 -0.278011735209785 0.0248264196362644
-0.138184475171986 -0.0589804964156093 -0.295281650777792 -0.124439861306528
-0.122117224060753 0.0882415805709222 -0.33545499180673 0.135403192230236
0.0242320438184746 0.114470654567375 -0.00746557499848009 0.293919421149032
0.087181328902649 0.0403056366018808 0.218188316669333 0.0443191229599286
0.0675683168305692 -0.0288271058500987 0.108070380279366 -0.257759186566614
0.0145354429953607 -0.0603652758008585 -0.0836231882440599 -0.422391269165411
-0.00706628770716904 -0.055098209635454 -0.162916577909147 -0.502429105905109
-0.00932073230263698 -0.0553593569697006 -0.142331231653248 -0.541457512049896
0.0322620565131858 -0.0653532952914066 -0.0257499039380297 -0.498751122218726
0.0867779772384933 -0.050606657079349 0.119851692580374 -0.375531014373166
0.116746113786337 0.045182657027507 0.18336407589172 -0.179199397305922
-0.0258908770227319 0.175448934614064 0.0390924120231862 -0.0609163943099231
-0.174379740406108 0.0362574395896638 -0.106199073636995 -0.166296608132571
-0.101585010371937 -0.102757136884313 -0.271928959956094 -0.426494154962485
-0.118787514339307 -0.10111187003512 -0.239027926957967 0.0319041221139169
-0.163290649847571 -0.0335604947620533 -0.268542309276953 -0.183932831538053
-0.124101975837463 0.0592329245604739 -0.375229381539087 0.0735162513195541
-0.0467757713237379 0.0908393525535293 -0.0742344822026371 0.305325425877939
-0.00456152697384996 0.107096191243465 0.226669264671277 0.101178871142199
0.0245399402707717 0.110502751395485 0.159474341693947 -0.244984871671462
0.0401435514220215 0.11272449260792 -0.044784296214995 -0.421648932386716
0.0621630250443482 0.143414757368386 -0.144270323720834 -0.484024833294592
0.0448782048570271 0.161017243498065 -0.147186266474255 -0.507845158294998
0.0205781787354079 0.175412494504248 -0.0574179318681892 -0.471696092262217
-0.0311635558129318 0.168534029750917 0.079948127326124 -0.370348316950724
-0.105123539122146 0.155663322894701 0.173999319051071 -0.184854819798232
-0.231067123603062 0.125903298547165 0.0263510532241283 -0.0618953103352025
-0.304968515432145 -0.0374705466179161 -0.116340920791392 -0.156187792118454
-0.219199531410124 -0.161497203923991 -0.238536288680163 -0.413256954029748
-0.236120119673123 -0.0840891734068715 -0.164127990869628 0.0403628228058969
-0.209977236886066 0.0128716281965243 -0.256000664965041 -0.22721865809729
-0.132514352766864 0.0533560386325353 -0.394571119452762 0.0471500983160148
-0.111736965663889 0.0684895400662699 -0.106166368433197 0.299597455099741
-0.103259201801717 0.162916051751062 0.214002914095815 0.125070337570763
-0.0363538801024764 0.241419968451983 0.177680578382086 -0.210633485545219
0.0492296021608395 0.280199715442615 -0.00628497035196451 -0.357007710011885
0.120931040789688 0.320657288511743 -0.101540909819054 -0.392521723093993
0.108108578430664 0.344352196879054 -0.119904544942673 -0.398357597849324
0.0479307133353368 0.38266077989517 -0.0658091551198925 -0.374967821983999
-0.0907231291993358 0.385349924504316 0.0447471096275489 -0.308080645198184
-0.278004890447031 0.300057814296978 0.151794782771793 -0.168360151014475
-0.414367088900221 0.116321044355859 0.0260027505589011 -0.0654434954967635
-0.407749487509777 -0.0818712790587934 -0.0792068926843782 -0.139884753284363
-0.300934440568561 -0.18926865079905 -0.161832208307421 -0.362013903869703
-0.32487242713305 -0.0735508666371438 -0.0531929141168996 0.0624662683173369
-0.253113873152912 0.0324009108833341 -0.242387784151865 -0.244464995497893
-0.173785740756446 0.0221541634874064 -0.392754615837724 0.066586006949096
-0.217921500023952 0.0572949972838342 -0.0966481817901202 0.292767720979086
-0.218163438443828 0.236477581853892 0.188623622571415 0.129334009663756
-0.0971946505360718 0.36831429241976 0.161745237604436 -0.148436838921481
0.0521537741589751 0.419278744844559 0.024098716006665 -0.233644594750438
0.160322241273627 0.448315606358472 -0.039458295749923 -0.242090723644535
0.156617407502543 0.46376016172775 -0.0632776252572922 -0.237273570249987
0.0807923586473084 0.520989840707979 -0.0397409673853531 -0.230930754712735
-0.108020382036055 0.53730262246017 0.0324397560638556 -0.198138825643569
-0.378252730484565 0.403954806568322 0.126335891183649 -0.126134684441267
-0.505876223424559 0.104411464611517 0.0390924032972927 -0.0758418897091323
-0.432124928270412 -0.0948201862702161 -0.000202203252149756 -0.130284342778403
-0.328303114150062 -0.172479216976277 -0.0502586092819933 -0.285903212067757
-0.344994411125058 -0.067664742102372 0.0771092061114053 0.111007517358549
-0.24492355035833 -0.00280000024175732 -0.197624935506241 -0.204931532398572
-0.228880895608131 -0.0663847704564918 -0.333613118328883 0.110040053964879
-0.358562757702698 0.0447835405155817 -0.0725598602196589 0.268805254094945
-0.332176758050117 0.313694872377478 0.131338508659014 0.141194002288385
-0.141804670279468 0.46758689132491 0.114911583121539 -0.0401217807448692
0.0570583602967643 0.505559107850823 0.0485552454215 -0.0620779607620548
0.172788429061857 0.507823403133804 0.0284820498210921 -0.0544488757324367
0.16867243290935 0.505328713345575 0.00911844606343973 -0.0524802271971186
0.0814286450591129 0.564112264075731 0.00614622874909501 -0.0701064055413567
-0.12793552470411 0.569554775193465 0.0329032397458346 -0.0712296840578999
-0.410734652971509 0.385680474510929 0.0916300145145504 -0.0792505370481423
-0.467683418572517 0.0354477918006378 0.0612812822634123 -0.101855729343598
-0.346097140337501 -0.0879331828764681 0.100613105038788 -0.127221810963558
-0.297268573664392 -0.112215898594824 0.0722249964205648 -0.203248903172164
-0.289401279866182 -0.0539309288438912 0.19707124773904 0.189000736580369
-0.175021681749466 -0.0719108650851766 -0.10594024963446 -0.0983561063128647
-0.257508601666412 -0.176821215957442 -0.219321295405129 0.136336854191339
-0.461132113749566 0.0290699839906151 -0.0675424834262393 0.213440414373583
-0.389090679232544 0.3539686750133 0.0342068494780029 0.175425115750207
-0.154484788818043 0.495813992871089 0.0538040942815056 0.112523400411166
0.0637462079422686 0.510486176491079 0.0707828673766312 0.13700250909405
0.161452201442509 0.488298555073252 0.0907649662687883 0.142633174467572
0.137938155296332 0.471885825989835 0.0736251401277895 0.128086090919916
0.0307782201748401 0.511345534799359 0.0365009893901875 0.0765329372726265
-0.1702237889056 0.470998466381447 0.0103191536762083 0.0321938988196745
-0.386808548258771 0.23225035126374 0.0371794005974045 -0.0596290507335903
-0.307186692426861 -0.0838281552419169 0.0922132636980048 -0.145301324792174
-0.173831937820758 -0.0614885636986824 0.193650817780218 -0.113588264364513
-0.223606425812197 -0.0215362641304966 0.177472481486472 -0.128885197454442
-0.178148280378017 -0.0214824265417857 0.283604608459735 0.277502300427084
-0.0722129743732424 -0.119362538079172 0.0118325790955495 0.0313301921442642
-0.229160110966303 -0.232766027544309 -0.100163278480275 0.123662463104632
-0.44229259675253 0.020929251077381 -0.100631114302493 0.151752170533191
-0.347828718269367 0.318249736287653 -0.0696723525956239 0.233831673243602
-0.126398172277818 0.425188158965226 0.00399571317403385 0.278648418798389
0.0670884856801376 0.426202081303468 0.0937666863604549 0.327678128199343
0.12434432002058 0.396095591600575 0.138193816073755 0.317025138938653
0.0809665151757572 0.375034849891068 0.112063136663133 0.277479962037932
-0.0412058127783536 0.382413822475123 0.0250471825051687 0.18690722531542
-0.200415010449844 0.287893658928922 -0.053532995377146 0.0795593317768133
-0.295536107250761 0.0295980175747446 -0.0210728299546398 -0.0928612061813618
-0.0901625760550369 -0.173865485797847 0.142458050105419 -0.186471474659451
0.00453376756650928 -0.00542818063021432 0.266091415137733 -0.0738159540661172
-0.136696833518358 0.0684954172241072 0.247883808591543 -0.0693735583562108
-0.0442118103184086 0.0301177382202405 0.325002843072139 0.34907843725409
0.0370258866495087 -0.106824415596892 0.115837940432188 0.130146248787921
-0.131755950029101 -0.205879690251117 -0.0271427353517223 0.0855274901493798
-0.302205337745307 0.0101381640909389 -0.148385819011102 0.120580423761888
-0.220525054009667 0.204528015246585 -0.136284041343684 0.298723568323882
-0.0720835697030695 0.266137332171245 -0.0149626429540718 0.413757543106949
0.0566391774339219 0.267104507452078 0.118503255306388 0.472761688232935
0.0692500655901954 0.243407718933489 0.166486978649798 0.442966143935533
0.0190789901920932 0.230835566155503 0.118222750476908 0.380837183110355
-0.0877829602466787 0.212897226159604 -0.0240786644314423 0.245892017263617
-0.180546681424054 0.0975059940857749 -0.132766373778759 0.0598866188019369
-0.15737180086926 -0.109610108704854 -0.0419037282151497 -0.16699212408649
0.0868286563449851 -0.17270875936395 0.218023314998613 -0.19422953710494
0.115639701654795 0.0618290958447415 0.307808217221575 0.000226570876954295
-0.0540096286713391 0.128148020936791 0.282105404410355 -0.0278117933795161
-0.0163992878227298 -0.110506619619229 -0.293769529335996 0.0305856076738387
-0.139341043110075 -0.0481174601990556 -0.315338427147479 -0.108606360668406
-0.113073032713734 0.0962294640728729 -0.333057173187419 0.158153753275574
0.0319224902641355 0.110601378159274 0.0116649244912864 0.296884356760769
0.0895608179805817 0.0326836450876652 0.22642655313232 0.0299193982634664
0.0649407688041663 -0.0323514663361505 0.0924865342154123 -0.265672770105897
0.00959010309664165 -0.0589971316200182 -0.113848811055454 -0.421274972587947
-0.00966571296358276 -0.0532923118470117 -0.20522030709008 -0.503738951298989
-0.0119723158474436 -0.0534979962433866 -0.182552731279118 -0.545855028683844
0.0270982740156272 -0.0672041244841804 -0.0567004414640414 -0.509306124264279
0.0817551418033821 -0.056995955186783 0.103196047217793 -0.390990362127054
0.118699520126136 0.0350494621189941 0.178311652273541 -0.193098689429666
-0.0121977390603862 0.175783327397597 0.0361099899919075 -0.0627766044792698
-0.169659944759798 0.0479620918335388 -0.118088903418594 -0.168861711036753
-0.108994160754361 -0.0945744061973966 -0.311552271328312 -0.42122539815625
-0.129063766138528 -0.0973843020351452 -0.25241317511161 0.0350052143248177
-0.167619192845516 -0.0235412178988767 -0.29095178110277 -0.170551797769472
-0.121708067112608 0.067509639188055 -0.373277983080589 0.0978548345111156
-0.0430669891014594 0.0946834343241904 -0.0542212385005678 0.311707069061913
0.0018928147484746 0.109031771307262 0.237132323789113 0.0866129639240235
0.0316270099601495 0.113104709407127 0.143669475588389 -0.255940175251682
0.0482587206779838 0.114815790560276 -0.0756348775105496 -0.421858716163917
0.0738835400861683 0.143421075798042 -0.182078708419246 -0.484260183364219
0.0581768245963414 0.164170261008858 -0.18530883232487 -0.509477220663567
0.0323446125114168 0.178900786069022 -0.0878369432002187 -0.477915729154066
-0.0245481276502496 0.175034061250015 0.0634053081501459 -0.38350281459339
-0.10165084335021 0.162705542827569 0.168524993921976 -0.19899841285268
-0.228937838637064 0.138454827439512 0.0218367933875706 -0.0631992751690453
-0.31249049566393 -0.0233009614385867 -0.129241801000546 -0.156162613994151
-0.236073103115282 -0.153154408714712 -0.277864787437169 -0.40885207893916
-0.249688039307058 -0.0772655669005379 -0.174201368790966 0.0418478182813757
-0.216749689863585 0.0230213095204528 -0.279639559179293 -0.213680286726442
-0.137106147231242 0.0610913436541543 -0.393043206516435 0.0717534697481946
-0.11353158995358 0.0796725971870971 -0.0877589442228106 0.306831618456312
-0.0941929248550519 0.175245797739241 0.22571506179085 0.111984909252427
-0.0195739900637098 0.251556081429946 0.163668852383525 -0.22283841800227
0.0708030808513573 0.284499438923905 -0.0320269801276825 -0.357917452446894
0.145996040006957 0.320101289069843 -0.131063864435719 -0.394658196941718
0.134418093409487 0.345722158941973 -0.149510209271466 -0.398604105778968
0.0755125031519723 0.388759476795676 -0.0923808015616059 -0.379291567254717
-0.0680038370395742 0.4014680094844 0.0297195699544881 -0.319196543160171
-0.267018052888685 0.323852268179681 0.146460476739798 -0.182814322944097
-0.419861005484562 0.142347268849849 0.0209625965332306 -0.0669492653903483
-0.425667636922991 -0.0620563968449469 -0.0911734142570306 -0.139507759716689
-0.326919999786112 -0.181678613585981 -0.19547050271152 -0.355909645598052
-0.339912731518861 -0.0650271257544457 -0.0565006882979571 0.0597865272744373
-0.26412202600116 0.0413906397340187 -0.263775388812056 -0.231560750481389
-0.18727857435557 0.0316235127114491 -0.386791343606565 0.0892775999385737
-0.224364215445584 0.0787986225516742 -0.0808423464207407 0.30016193346187
-0.205854519702142 0.259792857543548 0.197908636261653 0.119502326444724
-0.072031162424949 0.384750479995081 0.150700216619851 -0.157996479556923
0.0832529878989568 0.425199216412256 0.00730755166552955 -0.234447285153038
0.193891691220836 0.447625438302484 -0.0572409065917267 -0.244774795146147
0.192537430471945 0.463017862795247 -0.0798149464950184 -0.237199515697884
0.119467970171293 0.525605796960407 -0.0575703379471059 -0.234760915169304
-0.0740220909319342 0.556664064441202 0.0226304628299064 -0.207331301211553
-0.359486005128154 0.439503177686528 0.121289653112352 -0.140601784971771
-0.5167171106493 0.140886575736189 0.0329922657625659 -0.0791112115738984
-0.456942455791093 -0.0729910423832638 -0.0102750564694246 -0.131912127574205
-0.358542469701109 -0.166659171790957 -0.0756785849083638 -0.280997360554638
-0.361379026486366 -0.0595450327514804 0.0831883896370424 0.104460818248952
-0.261748268574868 0.00272550924498728 -0.212349969921681 -0.194730627065247
-0.252439723928395 -0.0551105857991383 -0.325853326473553 0.129754926265121
-0.368291577141165 0.0760059407180885 -0.0595348482257452 0.274435394393994
-0.31623987409219 0.348461126465776 0.138219439475009 0.137688815242683
-0.111365975826279 0.4880649124183 0.11044640138426 -0.0427768365087712
0.0929173036936819 0.511101210122658 0.0439474899733563 -0.0604209589744452
0.211470304464063 0.506728985774315 0.0264927261493802 -0.0575277573850956
0.205904369841257 0.504464267746319 0.00661238383042221 -0.052839876645143
0.124350393548756 0.570002887315592 -0.000712192353411886 -0.0727694325753653
-0.0896896508973002 0.590976314355451 0.0299915178289674 -0.0776837280717971
-0.390905547925268 0.425592234484299 0.0883836357238565 -0.0911165686050501
-0.483757486323017 0.0733519572765012 0.0541265208582782 -0.108336915973795
-0.372738633304617 -0.0695903217033911 0.0933296444189467 -0.13187213257127
-0.324352473180808 -0.107085223515563 0.0587414205171316 -0.201149658456104
-0.303528869799097 -0.0497087264801334 0.214863607690154 0.178977983149228
-0.197151866686014 -0.0726964338178617 -0.110076150475375 -0.0920740757824034
-0.288861559084093 -0.164968019326891 -0.208138150227722 0.149746122976379
-0.470087242641102 0.0667755978192644 -0.0611829570233954 0.218014360724314
-0.372701195404715 0.391129185651396 0.0389864218162216 0.180216152852955
-0.122933728606402 0.516988751791142 0.0577460799162069 0.115893184588175
0.101182821927915 0.512382929129503 0.0798141998271734 0.140107880405429
0.197491533528421 0.487500632978912 0.104142291771625 0.139737304497789
0.174787179136697 0.471821454338052 0.0859209923928815 0.125842335909277
0.0698935180500546 0.517878525529981 0.0414299116519484 0.0751066625064241
-0.134989514372023 0.493406023738308 0.0128653990444347 0.0293198229557148
-0.374071143350816 0.270961548739874 0.0342154455116032 -0.0674477064649733
-0.327982623998585 -0.0565184729933574 0.0832893825330873 -0.153796532351557
-0.196753266252274 -0.0525959291988923 0.190046144203796 -0.122670424069821
-0.242215619744619 -0.0203673391781607 0.175480791826308 -0.129561087014642
-0.18876710767546 -0.0234609783012552 0.311340734287466 0.267947103405169
-0.0945944027857029 -0.125852368584389 0.0195375779542858 0.0342653847415449
-0.260189160719253 -0.221468033314568 -0.0892006162391047 0.129495332264024
-0.449570244746536 0.0583909677195964 -0.0981543334282842 0.158977660366513
-0.331265536457845 0.35190829577346 -0.0640159715032032 0.246041284421863
-0.100170092803081 0.443368387156283 0.0173018288903428 0.287330456762685
0.0975193961227138 0.425830569175707 0.116180331851636 0.332489430485656
0.154151937984836 0.394848441439603 0.165554587228667 0.315488503335323
0.108059303444384 0.376187246609147 0.136138565598582 0.27567935972587
-0.0102166144851355 0.391029274554881 0.0375690540441692 0.187663959213958
-0.178536783939752 0.308194771245083 -0.0492226997745968 0.0821353253590432
-0.296697352812152 0.0591614102695095 -0.0259443963801976 -0.0962989417703721
-0.113121627735664 -0.162860221346204 0.133202383581921 -0.199726008957179
-0.00926163276637173 -0.0076614287016538 0.26688832295011 -0.0852449322553081
-0.143081361807659 0.0662704844426625 0.255590579548355 -0.0727299074837317
-0.04835208456963 0.0241999626309143 0.360494702046693 0.338380588070475
0.0198950756792879 -0.115902375663433 0.13326322311735 0.12992150771478
-0.154855510125482 -0.198551793037167 -0.0177100169789297 0.0891543326410044
-0.305271730337904 0.0341792471118368 -0.148144244586262 0.130631828036941
-0.208647165537638 0.224845588792294 -0.129015962775818 0.314784796159644
-0.0540992291774484 0.274883976753621 0.00706166208622582 0.426590333286693
0.0757793929610311 0.264358278016581 0.152228081651245 0.477376593200535
0.0864490105250125 0.241788858399099 0.203599925111212 0.442393773805133
0.0359532094418847 0.232566941764942 0.149280138790665 0.380059188819853
-0.0706513081636238 0.220952032064819 -0.00743040702561562 0.251491406204699
-0.170837275291393 0.113534818885458 -0.130148374115452 0.0691113760591097
-0.165583673583692 -0.093754496971009 -0.0521709339779651 -0.166638506556873
0.0676245569028805 -0.176199111388075 0.208967143867539 -0.210768421268951
0.112556301499605 0.0524443357993732 0.313937106724452 -0.012315155396925
-0.0499488192282019 0.124640937210322 0.29620446556313 -0.0325705407308038
-0.020715644125196 -0.105268558850508 -0.299605164938987 0.0375363884135166
-0.133180999611191 -0.0380154102336024 -0.322004487009427 -0.0880957349889852
-0.100284695522447 0.0977176002254098 -0.31542683094314 0.171801134410917
0.0358853887702087 0.10219758545978 0.0281150893321891 0.287084285592812
0.0868167651972556 0.0253484284726274 0.223525585341946 0.0158368877167542
0.0600448060879301 -0.0338669646152212 0.074940426685509 -0.261714172792124
0.00570802898270313 -0.0554874174760178 -0.136576431851917 -0.403068519804397
-0.0118590699187881 -0.0495537586759389 -0.235188313508143 -0.481678441548611
-0.0134610492891991 -0.0503300930537876 -0.212127276581879 -0.526568569498043
0.0211156372130673 -0.065906013914679 -0.0841455686656864 -0.499395472404223
0.0735529233696224 -0.0597875527730922 0.0849592015047048 -0.391669662643293
0.115065123178572 0.024924901826183 0.16734911551831 -0.197707585025639
0.000901214088674377 0.167507587921835 0.0326740026085725 -0.0621085957717955
-0.158395728354818 0.0548680156241766 -0.125913342294287 -0.1653263780265
-0.110492324041899 -0.0825017739432817 -0.335915278028468 -0.399110027827813
-0.133442038263146 -0.0897180667982404 -0.258204030075527 0.0400164936312742
-0.164083230918895 -0.0138760002957827 -0.299834498036343 -0.150390834368949
-0.115178584698542 0.0720528950691194 -0.356424907755488 0.11453328041703
-0.038308195521584 0.0946072124042129 -0.035561042339898 0.304390600784569
0.00692684250508302 0.107028540453668 0.236298542363317 0.0697115273426996
0.0377478152201658 0.110730853534901 0.124285819720766 -0.255386377977478
0.054470347244667 0.112486752739881 -0.100032100905239 -0.404695557673604
0.0829590822309985 0.138331280716965 -0.212137652921043 -0.46537005406706
0.0682060733618826 0.159334820555752 -0.212416713399958 -0.489423812516851
0.042106274765551 0.175415771623684 -0.114002548218908 -0.466059163667817
-0.0158768281021182 0.174884773832399 0.0448411509090621 -0.38219561609338
-0.0941372708887042 0.164097749560145 0.157180680900081 -0.203990057538557
-0.218797148267305 0.143808108671803 0.0177455469008521 -0.0616514839223173
-0.308165586124036 -0.0090289565232471 -0.137082112559239 -0.150706231533107
-0.243508094613991 -0.138777519263852 -0.303251083337752 -0.385065694135223
-0.253202902125473 -0.0674248731063885 -0.17900640485581 0.0426997220529423
-0.214649440800754 0.0313349138266217 -0.289533669905047 -0.193326603240421
-0.135342130901543 0.0666164983780481 -0.376161122843335 0.0896769078093062
-0.108935844791654 0.0880118360302063 -0.0684558758138883 0.302253639570306
-0.0818989062424573 0.180123814226652 0.225616693062351 0.095587505749352
-0.00271321639691407 0.249644735744121 0.144942163375943 -0.223302763449306
0.0874214636922018 0.276972053790588 -0.0535527736997151 -0.343356940973148
0.16362683906834 0.305986984860923 -0.154611421082444 -0.378612399901917
0.154518315646823 0.333328089690442 -0.170416181297144 -0.382572174470408
0.0975245734824067 0.37850687579316 -0.1133919457205 -0.368301178956965
-0.0447515173251689 0.399161616704041 0.0134986804996855 -0.31746690622713
-0.245420426791929 0.332637854381884 0.134678614524134 -0.18854020967624
-0.407105940245353 0.161477703011236 0.0149694172081385 -0.0648770946657794
-0.427318557893343 -0.0413567860761024 -0.0991814577485836 -0.133448976907251
-0.339037527697973 -0.165899296066079 -0.218276732660777 -0.333833036712698
-0.342800057790251 -0.0538484560199215 -0.059232141772679 0.0557790860357382
-0.264660404686216 0.0493785649527113 -0.272007842157961 -0.211965832147126
-0.192322356421222 0.0416675920098128 -0.368123342816818 0.105839609387876
-0.219222176045268 0.0956725847649452 -0.0637828815751366 0.294509747438629
-0.185454472041604 0.271567320434178 0.197781595097384 0.106162473748336
-0.0461551972450026 0.383796133332117 0.136144255156644 -0.159367916194672
0.108656537483023 0.41132764840487 -0.00738071508943284 -0.225309690970473
0.217425115290759 0.428363819820475 -0.0710331811233105 -0.236717859325484
0.217322593082952 0.444216762061275 -0.0922385887504532 -0.22692845000502
0.15136800469069 0.509302110472052 -0.0712635386375308 -0.227255474963585
-0.0380011927566318 0.553226964486931 0.0114242221480654 -0.207114257926206
-0.326009553975832 0.454102533298485 0.112150115345806 -0.148041740045292
-0.505261781562949 0.170826247890761 0.0251344776086803 -0.0783524960731527
-0.463881412064153 -0.0473821017283818 -0.0183321512425301 -0.126492023814228
-0.372805891874853 -0.150556028815471 -0.0934994179033629 -0.263640906986905
-0.365531787260529 -0.0495284179491735 0.0851346226240652 0.0938998904530329
-0.268123859570347 0.00979876046095265 -0.217856948745022 -0.178807897281511
-0.26405023540255 -0.038957406156493 -0.306304454528412 0.140433166384507
-0.359676361970009 0.103511649490276 -0.0458749227976186 0.268810806089916
-0.2874442640009 0.364964100276101 0.139125278287901 0.130063611102393
-0.0778382355164617 0.488155097833332 0.102754094820045 -0.0441739240025413
0.123297150011768 0.49454237279172 0.0390555801791074 -0.0564758594413099
0.23904568164135 0.485319529463511 0.0229702804563384 -0.0580011150793722
0.233535974389234 0.483623484660217 0.00478644119868375 -0.0510887462792985
0.160327388748091 0.549848444617008 -0.00684750268951983 -0.071766701510813
-0.046977784589807 0.585556996922661 0.0243371359657674 -0.0814261091459676
-0.35464795879959 0.444323884641161 0.0809453362598611 -0.0982048200301499
-0.477005110644937 0.107919064074947 0.0454421770948017 -0.108492992477391
-0.382619286247414 -0.0454263146444118 0.0837430541990417 -0.130841553735477
-0.338868251329741 -0.0961339058671181 0.0472691150663927 -0.18974735955616
-0.307603920968638 -0.0445105190441791 0.221747879475231 0.161926095069694
-0.211155008574619 -0.0668983208038973 -0.109486629912311 -0.0840765666684945
-0.306048026357388 -0.142877173866576 -0.190407245364371 0.152603079854803
-0.458690436877178 0.0989927493878842 -0.0519117396051254 0.21494758919306
-0.339398501975377 0.410602203729809 0.0433604250211226 0.179338472817587
-0.088637869549733 0.516133129972917 0.0601244334758673 0.115330300695403
0.130284389762435 0.493863298106492 0.0854313373799174 0.137488708703718
0.223872825245669 0.46527105204713 0.112421887193462 0.130965576983768
0.200782605536277 0.453205956900384 0.0942796331877099 0.119194188674232
0.105469570806542 0.50264978348009 0.0428789613931228 0.0711248477897914
-0.0962302224598259 0.493459099543712 0.0133236912924199 0.0251616568858525
-0.344671920930459 0.292865125727868 0.0284901041544549 -0.0718773357220168
-0.3327600710926 -0.0261350587006758 0.0714071743261977 -0.155591789579697
-0.209867736575457 -0.0382779292775348 0.180637737515648 -0.125477759730113
-0.251987207980698 -0.016448193414851 0.169161387377193 -0.12523153444085
-0.193909853601158 -0.0229478598485575 0.325812868327465 0.245229280562661
-0.113590097079096 -0.122923786530074 0.0265986981354593 0.0336719044895044
-0.278625455999174 -0.199271250930796 -0.0748322068781068 0.128639136684172
-0.436142913036851 0.0867025746213442 -0.0922956344202012 0.160240059600572
-0.300049916239631 0.367677605633687 -0.0557612821114617 0.248811229908625
-0.0695536321041306 0.441235035056093 0.0294929087486897 0.285299272169488
0.121607314330354 0.408985874356766 0.133485236268307 0.323255389600253
0.173958109411316 0.37630876955872 0.185185376790225 0.29939161576646
0.129531240034167 0.362752366374222 0.153788368132496 0.261532573955506
0.0180780336596092 0.380756805013819 0.0477441446544202 0.180952235682439
-0.149161894013914 0.313804092862786 -0.0433082946641315 0.0809542386371522
-0.281030273773337 0.082296558937176 -0.0316657780257806 -0.0953369098859198
-0.129584519678394 -0.143142570458991 0.118366497755288 -0.202565168778726
-0.0226556952596896 -0.00592572586866387 0.258795349432355 -0.09175766210033
-0.147503683393666 0.06322962355316 0.255229176879875 -0.0746676884577139
-0.051976784937603 0.0191234318706056 0.379963282356316 0.315133770493516
0.00161747774571798 -0.115720465337461 0.144550146918269 0.122079140347899
-0.170152131043425 -0.18168347727964 -0.00746212111672506 0.0870141499733093
-0.293405839371719 0.0539188665553975 -0.143461671764888 0.135227594513664
-0.187981018927993 0.234890705283492 -0.116200484828666 0.319113763551707
-0.0365651059616992 0.272828787403403 0.0276432529803896 0.421371385140249
0.0896625873795081 0.250590996930459 0.175730200103539 0.462150143339957
0.09800745013624 0.230096467734408 0.230556263102561 0.421398328578954
0.0489684042746077 0.225291551152048 0.173254231430137 0.362218904380693
-0.0517355012689827 0.219043463958827 0.00946295531583831 0.245825798215473
-0.155018089351653 0.121476987630512 -0.123003234416162 0.0749722413023877
-0.164191083433965 -0.0755290486973682 -0.0596274001225273 -0.160524416085214
0.0480972125662724 -0.16912225975558 0.191562547459737 -0.217021490575851
0.103774529624572 0.0434089608206248 0.308952599869849 -0.0235872528730366
-0.0473742567121439 0.116440571275146 0.299620721582112 -0.0380280910466582
-0.0060049093220463 -0.0989648076691101 -0.291459896500739 -0.00727394814997238
-0.113880875525629 -0.0519816272611783 -0.303361359027922 -0.122619712917111
-0.102548447092687 0.0750136280028979 -0.323630390778515 0.124920529618683
0.0169347174691246 0.0981947256102279 -0.00963924750197994 0.268061950173172
0.0754630840956467 0.0354319210169771 0.20516921860233 0.0400122154794911
0.0598266818115482 -0.0211197999490297 0.0995801661929529 -0.234977024362181
0.0104299671366002 -0.0479382698089269 -0.0896218147587819 -0.394537011605684
-0.00582297627286081 -0.0480663035255562 -0.173795315697134 -0.487956630385979
-0.00831917708140075 -0.0458704548756331 -0.14972354917318 -0.533506757681735
0.0267728163971463 -0.0571944397838471 -0.0259443111444469 -0.492183774048766
0.0729874960596123 -0.0459279709507853 0.129003654664374 -0.371391993322086
0.100773913205734 0.0364231045515534 0.186111605468917 -0.17391252332733
-0.0161721353282654 0.156703839686512 0.0420799619122136 -0.0613885261600844
-0.154913714404197 0.0367678548781996 -0.0992292468077362 -0.185973738073369
-0.0960591551204298 -0.0844520011018986 -0.288146794703036 -0.434994342507999
-0.115702336749471 -0.101113294297626 -0.256080610766882 -0.006662495022452
-0.150609455233381 -0.0347045625232036 -0.278588016266901 -0.179798529051029
-0.116459315455341 0.0505189822682791 -0.352184101079807 0.0637236096718977
-0.0523968732223776 0.0832873064656842 -0.0702323429893863 0.27405876204651
-0.0100844703488681 0.103619293186546 0.209200226851905 0.0874883003677217
0.0223249602593358 0.113696641237842 0.137991339813763 -0.223068035446585
0.038608149754197 0.118286390821849 -0.0559949786201778 -0.392749421258288
0.0635581357710072 0.144056303583841 -0.152453042974248 -0.469785712604407
0.046902949497594 0.166206442353751 -0.150374635461922 -0.501989721153488
0.0178308496974523 0.177521481787093 -0.054891384866103 -0.469869921849479
-0.0411440429969244 0.170109801535482 0.0943806917678022 -0.373899698926668
-0.118497419044636 0.146970362748169 0.181869937830651 -0.187505331185773
-0.22962319579087 0.111809392630185 0.0326455633048981 -0.0581446959441485
-0.297689665104627 -0.0456159684655265 -0.104748874857017 -0.167346464095432
-0.224284849413892 -0.159780552054747 -0.251183005391945 -0.41561516039424
-0.232767632589906 -0.0979700437957879 -0.184505918078383 -0.00271845139557626
-0.208133198194747 -0.00161845041467349 -0.266257120827302 -0.220449285687007
-0.140249152423602 0.0434606968517185 -0.366889101322706 0.035328648414329
-0.119176760841237 0.0700056743099751 -0.0997222559608415 0.26564754568283
-0.10359677858174 0.162139620668276 0.194145174815636 0.106554435045597
-0.0327193774338675 0.240811003911562 0.14877007899579 -0.191668748932684
0.0520951294981241 0.278179970957502 -0.0193073553924191 -0.331923611163796
0.123143773154579 0.316727466394555 -0.104431899857033 -0.380098969217629
0.109670638717345 0.343377893641982 -0.120208520796504 -0.394774635310047
0.0488587585422298 0.378488484274139 -0.0654170833165624 -0.381649097057325
-0.0938849071173632 0.383477464198433 0.0593655894105661 -0.32308711623743
-0.283751551397334 0.295815960507602 0.162139793560761 -0.181326541094757
-0.419835427870806 0.11144962684224 0.0369137061319651 -0.061444462542652
-0.413681938337756 -0.0898887786342139 -0.0640823528001937 -0.142072532290577
-0.319038036267095 -0.200639461336418 -0.167687726471589 -0.351449818019412
-0.32034379678914 -0.0989267210109446 -0.07208557194677 0.0181505037374411
-0.26128476839336 0.00733451871411102 -0.247531744182531 -0.238941684749472
-0.194411737962177 0.0134469901447433 -0.361458688275804 0.0458621437060832
-0.224769966605625 0.0650709883439767 -0.0955281751428762 0.254770052672308
-0.213671466917045 0.235499799972928 0.164878716202762 0.110081990376453
-0.0897626298492534 0.362126834073499 0.127875908894067 -0.131369671121114
0.0586892560551707 0.409819901977894 0.011271222838983 -0.214609546864931
0.163066008935203 0.439672542583707 -0.0380715912010755 -0.234689504211502
0.157009312990765 0.456766334406473 -0.0605654225750212 -0.237312949672173
0.0874254004158537 0.508489969828835 -0.0411589931799888 -0.24338619819858
-0.102841526664818 0.53217333246497 0.0446448622712621 -0.222354650384759
-0.373706115686279 0.405596017185015 0.135703301573279 -0.148909344140468
-0.51466185602586 0.114640721427352 0.0513484150019858 -0.0731088816549276
-0.453001173512968 -0.0977153541123382 0.0164740620379086 -0.124234193067522
-0.359920741693952 -0.193904128215576 -0.0476187916995228 -0.265930540630229
-0.342021872488309 -0.0998875457806597 0.0623417538168174 0.0686796394152611
-0.262470981364676 -0.0300637144552259 -0.195639897902533 -0.20398745693626
-0.254909789258451 -0.0699746910161783 -0.302660057684371 0.0792800389970101
-0.358139536772737 0.0538212208538659 -0.0784335226326748 0.227637735213753
-0.323477360963105 0.311284562250201 0.103479273798116 0.121596068832599
-0.133558703303228 0.45588309901719 0.0802285001174115 -0.0255752948535728
0.0637037997364979 0.487541611848485 0.0379368562087413 -0.0503721695667686
0.176822336831951 0.496889967268543 0.0341533816067094 -0.0524484198849486
0.168846948995429 0.495229423975326 0.015138676347374 -0.0573999988028242
0.0913511247209082 0.547415930344934 0.00411375877256166 -0.0872688455526421
-0.112785711596781 0.560188591017057 0.0414738876759328 -0.0995015973652381
-0.394914407987248 0.393704225396995 0.0990105169670139 -0.105124624508524
-0.480808543467428 0.060719388935804 0.072156069026421 -0.0985102366214597
-0.378757914089123 -0.0844088066715891 0.113867274621659 -0.113573673266439
-0.333830891730223 -0.138585841679198 0.0839243983155877 -0.176040125108492
-0.289656446845229 -0.0881273375146497 0.187894547957446 0.153488498681995
-0.201304005410897 -0.0955497184409898 -0.0957064810368769 -0.102768809050872
-0.281957374492955 -0.171921156249379 -0.191140877803409 0.0989816880664803
-0.449133685716481 0.0353292920657296 -0.0779630702285809 0.174333409488508
-0.377932303779059 0.34441282768029 0.00672256294947373 0.155980283620027
-0.14829591722536 0.478748735709459 0.0217477381215109 0.120715906797851
0.0687710198658027 0.487707486826052 0.0625045539728232 0.138847026062934
0.163828137482503 0.476733450732031 0.100436362302621 0.138775961412257
0.141749452989537 0.459527861885945 0.0840705189572601 0.118214829095312
0.0454427608582703 0.492333266063074 0.0374877259243996 0.059330749027123
-0.145666070294677 0.46248630319069 0.0192272884484666 0.00767321055617201
-0.364248915374998 0.249966451618821 0.0451295557562652 -0.0801649839809225
-0.327594464845449 -0.0497946403954646 0.0974746187895361 -0.139160820255034
-0.213588017417858 -0.0578975435815381 0.201977976113052 -0.0961443824824733
-0.258191743501121 -0.0520800818289586 0.196771349940145 -0.099626953666483
-0.18480901673757 -0.0540668813171638 0.281520418221629 0.252342751406137
-0.101772459252879 -0.133090578112912 0.0273628358427693 0.0270295453611108
-0.246002977550455 -0.22089111037036 -0.0764121716326139 0.09101276580374
-0.423802092867295 0.024718010281755 -0.109899396545859 0.119580815777839
-0.337158250410496 0.307638271237049 -0.0943108305648181 0.213134916929828
-0.121318256210875 0.40713503798919 -0.0231655183414902 0.279235106671579
0.0699385013466388 0.403125085591631 0.090007210502212 0.321579741368656
0.126494933399388 0.384148245606919 0.150929684077872 0.307843237760014
0.0838895629532761 0.362192118070899 0.125415793404662 0.265019289641067
-0.0230546861189013 0.364468493456879 0.0317311346552115 0.17019070990799
-0.17275052731595 0.283854616237357 -0.0425867417212031 0.0628411070789192
-0.2774621605954 0.0549913111269841 -0.0110465699637596 -0.102035390377941
-0.120144931832154 -0.141577681625671 0.141676535665129 -0.177188880675856
-0.0347880627242086 -0.0082440626990564 0.266390837320501 -0.0549876201551559
-0.162853584027453 0.0366099582368907 0.274217373815594 -0.0412967097447669
-0.05623368671681 0.00515960573755539 0.329718874691584 0.3341917176795
0.00701574276945251 -0.10946986818888 0.13501126103514 0.129433226076811
-0.142086229134182 -0.188488157875124 -0.00768432522139332 0.0664470430919318
-0.282367464110552 0.0119460319734846 -0.153405134162428 0.0958176831224164
-0.210580096315117 0.196211274814149 -0.155527001310709 0.278103123227172
-0.0695689895583178 0.249856661383472 -0.0336252968537344 0.407538961163882
0.0576001254658231 0.246292515331781 0.117700694613815 0.460804300568788
0.0691432464549422 0.233335410399304 0.179650190463459 0.430311232522661
0.0235341876759781 0.219741432574328 0.133192929565342 0.36508079664057
-0.0716690872600501 0.20044789433852 -0.0117752669927322 0.232658811899884
-0.156133648646072 0.0995255533278925 -0.12030901155314 0.0558754329155864
-0.147875934768418 -0.0839589841215338 -0.0335148968032447 -0.161401987110151
0.0522480119224387 -0.151258524787839 0.208957244898595 -0.183331260507883
0.0852102892236945 0.0515733037975139 0.301932753559007 0.0151877379184921
-0.0665801775459328 0.0992351603708931 0.310981189907802 0.000725076876947161
-0.00373716966597178 -0.0949546113087484 -0.297498958361453 -0.017165814659204
-0.10618494245746 -0.0528402690942629 -0.301506976821856 -0.123467909185802
-0.0985464274797569 0.0689112744302593 -0.317640715291179 0.116488795441774
0.0132903421415948 0.0935614960477731 -0.0140056829642384 0.260341633089016
0.0711368251815317 0.0344495145475779 0.20080836053903 0.0410817287882149
0.0576510988550126 -0.0189016812946051 0.100476533432926 -0.226610099741072
0.01059573862186 -0.0437111626654343 -0.0849338993109852 -0.385775035504512
-0.00487839932079568 -0.0462827061869249 -0.170855618767915 -0.482202883823996
-0.00654117594457951 -0.0445327401721543 -0.145211241471585 -0.527404496819602
0.0262970544920773 -0.0542627899186406 -0.0184852705097556 -0.487262063822333
0.0695093474957639 -0.0441157141443391 0.135634280641763 -0.365193443861835
0.0952996077679087 0.0350024016489511 0.18860737306274 -0.168715469414243
-0.0167565121145624 0.148765210317786 0.0433367716644429 -0.0590716254453737
-0.148701549040991 0.0326755473210857 -0.0970094136272276 -0.190589891166119
-0.0906036754067527 -0.0808331880923244 -0.283220275855727 -0.433015399307034
-0.114719722833522 -0.101717017859636 -0.261963791000808 -0.0167557094680048
-0.14726327129971 -0.0364448690925732 -0.275003982916434 -0.179078644882146
-0.115102894708662 0.0462540187541167 -0.344622429134543 0.0548387816251197
-0.0538948828284065 0.0809999776273152 -0.0720761241924061 0.264947694951183
-0.0118729012675505 0.102189037357804 0.203550119528302 0.0872721796183768
0.020930926243949 0.113681563533507 0.136786716833238 -0.214027144933199
0.0374463677651741 0.119056226527159 -0.052414396298745 -0.3821920312156
0.0627115787748345 0.143854281376392 -0.149656470504244 -0.462369830852451
0.0455464102456794 0.165602046084213 -0.143640348287548 -0.49535979890827
0.0159569682682641 0.17647941914306 -0.0485528388692133 -0.464799329964673
-0.0441756259118649 0.167933788394326 0.100798820433387 -0.368876063526518
-0.121639306601603 0.142436427847086 0.184772931178955 -0.182151154724448
-0.229631240293194 0.102537438165485 0.0333279982571952 -0.0548047278353881
-0.29321244324735 -0.0511807916006394 -0.102204358217427 -0.171203733344025
-0.220424915804139 -0.160439103581171 -0.247877916141908 -0.41078737499741
-0.231926801380792 -0.103530463914941 -0.189323231418879 -0.00997082462461999
-0.208719043819763 -0.00621440982290961 -0.261434155834769 -0.219614033603619
-0.14304434944592 0.0407041631897247 -0.357010431471064 0.0269430813404293
-0.119820037912625 0.0704057916001858 -0.101620767684519 0.25594252576396
-0.103293914446614 0.16047811307025 0.18828191727374 0.107198777818894
-0.0324178685496167 0.238444180587265 0.145927789926279 -0.183191948150082
0.0492751159941031 0.276536321697551 -0.0169832042952263 -0.321681475028595
0.119903679401643 0.313395020925581 -0.103474660894161 -0.374676204337166
0.107056585399953 0.340617026668644 -0.11519165756046 -0.389482703952158
0.0452315098127879 0.374348908101053 -0.0606444035910256 -0.376227264117267
-0.0969077692800185 0.378265806624803 0.064156340805082 -0.319743904655496
-0.285394789678621 0.287237365479318 0.164089789289175 -0.17791335741208
-0.418429890944102 0.103516142189464 0.0362550141959782 -0.0570905485589777
-0.412073762449354 -0.0965014782579014 -0.0615484472780668 -0.142414548232242
-0.3193356059889 -0.205204486794846 -0.164824315934977 -0.344497388040302
-0.31930022248874 -0.108140552737006 -0.0771014423493816 0.012304581098105
-0.264164557393094 0.000116221771809927 -0.241818921275697 -0.238616385807612
-0.200415104865904 0.0109511596048268 -0.351540311834878 0.0368153583962942
-0.224261815305574 0.0662877049368905 -0.0984866504860606 0.245179124476543
-0.2113647506426 0.234420710031795 0.158447902869939 0.111608613585102
-0.0889362804752847 0.35711050614288 0.12517646313765 -0.123792712872009
0.0543471410295866 0.404856098559859 0.0135680125046959 -0.206018972596295
0.158382344931828 0.435667563633015 -0.0375059743509484 -0.231105371363486
0.152982655471171 0.453487264312649 -0.0565225457646926 -0.234272291874552
0.0830098259189439 0.501358035375584 -0.0395382661650777 -0.239923582093465
-0.103901700714359 0.522902533634182 0.0466819603076883 -0.221069582192597
-0.370926918656489 0.396460358516258 0.135494966941698 -0.147918690998177
-0.513858000209866 0.110923333084886 0.0507172441386297 -0.068887938038031
-0.454388699163086 -0.101973510574788 0.0183383552962781 -0.120579348615253
-0.362530727765676 -0.200867434663112 -0.0448077350296203 -0.254575766691056
-0.341502541551884 -0.111098387637336 0.058312230550592 0.0649441103657679
-0.268806425052358 -0.038425449340007 -0.189151555451344 -0.204600896053517
-0.261201499922006 -0.071153491437005 -0.295402889769772 0.0679820527191586
-0.355109303011916 0.0543080462331845 -0.0827511325543521 0.220924442539426
-0.31874178162246 0.307658994635386 0.0975697919228861 0.123734618022757
-0.132905419370146 0.44955660905297 0.0769415818997187 -0.0202763126482415
0.0596719882966331 0.479642448007481 0.0378839026024806 -0.0452549602900421
0.171473481433943 0.491670399380089 0.0338226255914232 -0.0511179265699304
0.164677832011159 0.489154285805645 0.0169733922558617 -0.0564556808354432
0.0888203579827258 0.538445814916187 0.00309539729221449 -0.0847927715317196
-0.110679464462075 0.551233252926968 0.0410221122515621 -0.100343576870154
-0.388946996896874 0.386709440000974 0.0979224771316081 -0.105610866614824
-0.47901533336741 0.0625122601469536 0.071662628394437 -0.0951490506449822
-0.382883233611882 -0.0854787106184853 0.116258458572902 -0.106915700410076
-0.340196505533806 -0.146227526445511 0.0874882908116141 -0.16407152326265
-0.290696070631461 -0.100073234845334 0.184413840168424 0.151580373567271
-0.208433141884668 -0.100421554508243 -0.0908513505822697 -0.103242696227622
-0.285277055863197 -0.170172056297547 -0.186448429677287 0.0891980624892393
-0.443043211572277 0.0357319800581988 -0.0828739077519619 0.167615108330847
-0.371909129517244 0.33884828166286 0.000705429629061871 0.158485734967747
-0.147859452109527 0.470654700211249 0.0172108937055832 0.12353767466533
0.0641593215417165 0.479995417961558 0.0610779492590319 0.140999085233604
0.157404813587297 0.470457942312488 0.0985352176214638 0.136193767836091
0.136807764208794 0.453909210089924 0.0838303881550936 0.116432878893605
0.0442144985937529 0.481396271756177 0.0351472573593085 0.0587895851622586
-0.139202119942699 0.453694236689127 0.0168013552036 0.00403193770369184
-0.355481383883975 0.24592795009884 0.044912485821943 -0.0810109856775588
-0.327128571572116 -0.0433767027299855 0.0976307263170552 -0.134644867595905
-0.221215865040276 -0.055997291352136 0.203543586152758 -0.0871086891390869
-0.266492936793776 -0.0608704734808947 0.201693087557574 -0.0867675032415783
-0.187472175588113 -0.0640258017496108 0.278040174592702 0.251765542479683
-0.109492633415123 -0.134920637033666 0.0294890137311378 0.027237859096874
-0.247122238067269 -0.216345888843316 -0.0730767382445053 0.0839794954489752
-0.415636547267584 0.022142258834526 -0.113994307519736 0.114733493969827
-0.33094283411352 0.301225938717947 -0.0996846359419146 0.213518833342592
-0.122178925937935 0.401214802504458 -0.0286606190049224 0.277865062620516
0.064257057483333 0.394836147162226 0.086130213411551 0.319926473305857
0.120855731586196 0.377893867826701 0.148837175224406 0.303506066342827
0.0813108441652754 0.35720966972298 0.123709753973727 0.25961852670742
-0.0218204099166752 0.355819586768179 0.0288329486294327 0.167152871101215
-0.165720293417821 0.277263144880021 -0.0437776257604229 0.0592892218819245
-0.267680200679981 0.0568596858292585 -0.00911413801856389 -0.10271246032947
-0.122385363362566 -0.130830254151128 0.140895327462317 -0.172580533252265
-0.04463329163931 -0.00585613907487588 0.267122724479924 -0.0448494332691289
-0.171393730055969 0.0264551927931445 0.279493593874413 -0.0290870826970762
-0.0609748264234295 -0.00176217422098029 0.3267368057318 0.334068851969778
0.000264116059073984 -0.107656644395633 0.13632786049405 0.130312762919973
-0.141844280369345 -0.183079125781028 -0.00471802429193857 0.0632460845678974
-0.275105024727299 0.0104781710603949 -0.156556591976383 0.0919936056330168
-0.205829053090326 0.191377413430172 -0.162493947451918 0.274974953574626
-0.0696058423286143 0.245534476126884 -0.0407795946811216 0.40410293702643
0.0532381473544536 0.240192629638726 0.113892735033376 0.455077059556454
0.0654916396002786 0.229524240347481 0.176658746613274 0.424282598602175
0.0210832736018892 0.215671502277212 0.130756839008464 0.35816541321006
-0.0696428503005975 0.194189385952925 -0.0127905720840775 0.227213792830835
-0.148524634920062 0.0965813976663972 -0.117846757550153 0.0525546894742406
-0.140397080848612 -0.0790234806134911 -0.0296724345313976 -0.158974552291309
0.0476057640916483 -0.140273296822204 0.206513263010447 -0.176062668682919
0.0760445866064259 0.0512543905711138 0.300522519989141 0.0241237638313755
-0.0730409415248217 0.0901720773112635 0.316804991572709 0.0103212633784372
-9.39336117443575E-05 -0.0950670646965386 -0.313890988416641 -0.0298558348479685
-0.102876989882651 -0.0568363559138741 -0.308285706892637 -0.131327034073348
-0.0991767223820738 0.0647034245791999 -0.326845543367227 0.109657510698562
0.00954415061735559 0.0930769851101862 -0.0208274885935871 0.262918403730188
0.0686389580551548 0.036068868796152 0.203513075161795 0.045707311050438
0.0579605230180055 -0.0166214421710576 0.107952495337059 -0.225160763862054
0.0114158580937927 -0.0413301393405983 -0.0802823057202841 -0.392035078339947
-0.00334148696223483 -0.0455551545852552 -0.169657020066423 -0.491362002992315
-0.00501158994314722 -0.044681260374897 -0.138478220958874 -0.542172710523971
0.0273712042387457 -0.0528922136145807 -0.0081102597789669 -0.499355751676328
0.068904185610408 -0.0428522201097771 0.151212847499992 -0.372238516273242
0.0926829720142495 0.0359219128818537 0.199552661239762 -0.167816523978213
-0.0194298030770286 0.146524726662947 0.0471751575952949 -0.0586278902626628
-0.148831505528589 0.0286558782933401 -0.0972161460237263 -0.203483916219783
-0.0879960434807203 -0.0816514439670296 -0.285324800132603 -0.448602139700995
-0.116399616192838 -0.106879719177825 -0.27696679259228 -0.0284529792816044
-0.149585384347008 -0.0418737104327024 -0.278964211733657 -0.187652735543449
-0.119229960280918 0.0429254118755913 -0.350784227259157 0.0465407350585434
-0.0576960179896055 0.0813390744606175 -0.0803902441785791 0.264918638197036
-0.0154099425659496 0.104817181034847 0.205117602576418 0.0927096885570413
0.020019421561248 0.117595041772533 0.143550997661414 -0.211914982551022
0.0368714011018859 0.125067896945656 -0.0464238697157817 -0.38655268915935
0.0618869827737843 0.149858570376656 -0.149100994729915 -0.47080372772187
0.0451707661936712 0.170294052201363 -0.138750100986237 -0.507274436253857
0.0132044471677067 0.182114990094889 -0.039949468602876 -0.476232622929272
-0.05040941046917 0.172939265912029 0.113860288983077 -0.376360118558744
-0.131860197679423 0.141549017106525 0.195128706557932 -0.182232654783519
-0.239661366975792 0.0956145182264201 0.0359961957831902 -0.0539068160165172
-0.299166238994255 -0.0616915405940054 -0.101423560770549 -0.18171346462219
-0.222612862247926 -0.169465878464239 -0.249320366793504 -0.423766312131536
-0.238382875367086 -0.11394900769543 -0.20172650001456 -0.0194740164183535
-0.216639208693946 -0.0137367423523914 -0.264531092995942 -0.228956348639204
-0.151264808718308 0.0376640211843712 -0.361275531666489 0.0152759222623621
-0.125264625384357 0.0711756069782323 -0.110477152706528 0.254352759170379
-0.107788118228908 0.164111961051521 0.188003270192919 0.113220299152006
-0.0354974757335684 0.243370730960168 0.151192122529362 -0.179683540407975
0.0466903570896174 0.285857220705147 -0.0112490770998321 -0.322840380904806
0.117960937398952 0.322534196380289 -0.101641666806569 -0.382852434987024
0.104165300962336 0.349689309919254 -0.109239037845661 -0.400057544902286
0.0400436626959425 0.384226353635029 -0.0562612530341604 -0.384286660778892
-0.106254676375885 0.386443121084853 0.0734053274142049 -0.328174210834483
-0.300061103140694 0.287497256460195 0.173526866085759 -0.17940304904755
-0.433877994927858 0.0959879594624033 0.0383305441990123 -0.0550404169295608
-0.42471913691873 -0.110296928967946 -0.0596770224799019 -0.149306576597241
-0.327120631319083 -0.219401414351773 -0.164362646460089 -0.350552644320528
-0.329148366470462 -0.124085168637917 -0.0843639193888511 0.00657293959483341
-0.27749404756111 -0.00950059880775648 -0.243671423312838 -0.249177240356517
-0.212651889087665 0.0072029500741955 -0.35544177698725 0.0247083588357482
-0.231407318221124 0.0672909090693527 -0.108044747283891 0.245063966196271
-0.218287018836041 0.239026060384966 0.157342373134653 0.118587289732094
-0.0948464910523659 0.364245327992613 0.128381033356468 -0.1197272054308
0.0496213904482119 0.414379948511733 0.0176617672303793 -0.205175141178704
0.15483014637043 0.447327706216921 -0.0368054404456476 -0.235818771930703
0.148842210738582 0.46636898632079 -0.0518170207846547 -0.240779766805253
0.0767685960903682 0.514766339175832 -0.0369780746203797 -0.244527842821509
-0.113396286811783 0.532603117518397 0.0512647399564218 -0.227232310904317
-0.386687515864674 0.3971285709436 0.142216603991271 -0.149721071988027
-0.531598012364509 0.106703474098123 0.053298773319939 -0.0665868611649587
-0.471694873964936 -0.113132961122231 0.0230128248392268 -0.121711567103944
-0.37571958290669 -0.216349428910794 -0.0408199837993218 -0.254792064559197
-0.352913047729107 -0.129556545705932 0.0559178825411024 0.0646471825758558
-0.283749227931179 -0.0487718225501809 -0.188886631986243 -0.213877145109978
-0.275251400521987 -0.0759928316420644 -0.300669712519864 0.0556814754805071
-0.364859898320504 0.0533622494402567 -0.0930875257831794 0.220173189690871
-0.32877506512951 0.310849394183927 0.0944303119752199 0.133086010577624
-0.142001233313541 0.457161787564964 0.077680557908852 -0.01530188768637
0.0515525930010525 0.491069711017014 0.040230354179031 -0.0407729722686671
0.166839852856276 0.504509699140383 0.0348585917385934 -0.0517818564782831
0.161574553141703 0.503782077481611 0.0207218763611467 -0.0581603675741929
0.0835828646527588 0.548390594667168 0.00285131239736699 -0.0853454104805409
-0.117015986118048 0.559667300148128 0.0414923486761723 -0.104060319762622
-0.401109154085248 0.387362454947636 0.101927532108205 -0.108318513032005
-0.494887961203798 0.0616198860248068 0.0750017729685181 -0.0930827216889077
-0.400791222212155 -0.0909573513192856 0.123745483784669 -0.10368568696389
-0.356737145562269 -0.160855380854547 0.0966337443814332 -0.157833270435546
-0.301350981693318 -0.117306393530417 0.185646607770985 0.157221526423084
-0.221279361184748 -0.111164742954231 -0.0898618207154005 -0.10820480792838
-0.297946871890875 -0.177813423313645 -0.189694543845302 0.0806610111863287
-0.453407865048068 0.0299162755918844 -0.0927992192019303 0.1682266178895
-0.38401527075142 0.34272603226972 -0.00605272965554808 0.166611370519611
-0.157140923254836 0.479735757130317 0.0131071465125764 0.130347076052158
0.0562707714998872 0.489736421757005 0.0605706885782028 0.147793908652019
0.155070875166379 0.483593270675656 0.098760384207903 0.139815042133497
0.133397469979559 0.467477661895153 0.085800781325002 0.119081474937637
0.0406882436316553 0.489504453747094 0.0325040738339815 0.0615480259578547
-0.143524351209605 0.456941136836228 0.0145625819650337 0.00180879611764677
-0.361240604880195 0.248055779361794 0.046830271866317 -0.0856093101433841
-0.33621133750112 -0.0398070153410436 0.10190604375969 -0.134466795878397
-0.235765419777477 -0.0573159954358604 0.21390427230712 -0.0804098606700905
-0.282947634814269 -0.0736192005242277 0.214685225808787 -0.0767507237777579
-0.196296173981233 -0.0776425275908417 0.280706571448576 0.262764591488238
-0.118452357674822 -0.142666842332442 0.0331076778683476 0.0278367088000452
-0.25466698231717 -0.223104098514499 -0.0737585898679311 0.079075199538422
-0.423931831444091 0.0170798529771485 -0.122879860425865 0.114035587848635
-0.34054500222784 0.302972873803202 -0.111900779094487 0.219992984967459
-0.132000393750934 0.408114338787282 -0.0378613101837403 0.286503092502946
0.0578469286098792 0.401868443468084 0.0825327581884161 0.329807082804967
0.117476591403095 0.389255454292847 0.14896882187535 0.310434376486966
0.078093450577071 0.366085412796759 0.125311263412187 0.266046674509599
-0.0264190687620549 0.35989984577486 0.0255244488636467 0.170832680169399
-0.166601201038399 0.278650169410725 -0.0470056369226148 0.0573746684144093
-0.268462469493029 0.0575876193403821 -0.00731550564938677 -0.106900682560901
-0.126227682295866 -0.124960262486604 0.147466842257374 -0.172277658819513
-0.0552758505707941 -0.00366790631278444 0.278036877435728 -0.0354253596903158
-0.185284089849284 0.0169250720594501 0.294527386967981 -0.01753040968285
-0.0676457447324312 -0.00878722139852243 0.330463640219155 0.349154391118376
-0.00470241865570347 -0.110054385027428 0.140395282245655 0.136270689466544
-0.144233068030824 -0.186401029112462 -0.00379164898106744 0.0612694019216402
-0.278359439005159 0.006360461800056 -0.166082162651475 0.0897327234403943
-0.211255160391737 0.191737269146965 -0.177541398134487 0.281193338955086
-0.0748637756183099 0.248609448711174 -0.054682823746396 0.413039913713483
0.0484695478020714 0.243316426638882 0.109182033256608 0.469376989350309
0.0625554418581461 0.234601166655244 0.175787172219057 0.434152133640561
0.0191680521793841 0.218755794707744 0.130395790635652 0.365382465350165
-0.0724706654312799 0.194707158906796 -0.0167234550904773 0.229871940435393
-0.148221932520282 0.0946100503206759 -0.12070239617244 0.0500943991541905
-0.137591581361578 -0.0783783378667318 -0.0253136272048104 -0.163283551256133
0.0463453334431418 -0.134448964674959 0.214161459084562 -0.173247060397284
0.0684704903140256 0.0549889404851898 0.309606856501007 0.0362267116084698
-0.0831474332496303 0.084371273399113 0.333621641244816 0.0228470411915993
