TRXV5
3
4
4
9
string Extension=J
integer IsArchMeasurement=1
integer IsSpherical=1
string Generator=SPM
string GeneratorVersion=1.3.1 Dev
double ArchRadius=0.449999988079071
integer FrequencyAxisIndex=0
integer AzimuthAxisIndex=1
integer ElevationAxisIndex=2
Frequency
5 136 690000000 960000000 LIN
Azimuth
7 8 0 2.74889357189107 LIN
Elevation
7 15 -2.74889357189107 2.74889357189107 LIN
Polar H Real Part
13
Polar H Imaginary Part
14
Polar V Real Part
13
Polar V Imaginary Part
14
Polar H Magnitude (dB)
12 0xC0000002 0 1
Polar H Phase
7 0xC0000003 0 1
Polar V Magnitude (dB)
12 0xC0000002 2 3
Polar V Phase
7 0xC0000003 2 3
0.0729522705078125 -0.0742263793945313 0.3330078125 0.541534423828125
0.0917816162109375 -0.0678787231445312 0.1494140625 0.4404296875
0.0101089477539062 -0.120147705078125 0.095611572265625 0.228973388671875
-0.0714492797851563 -0.07977294921875 0.0173492431640625 0.0968780517578125
-0.080322265625 -0.0106201171875 -0.116683959960938 -0.00424194335937502
-0.0649147033691406 0.0450515747070313 -0.35125732421875 0.0702514648437499
-0.044464111328125 0.0837249755859375 -0.48162841796875 0.271575927734375
-0.0347251892089844 0.0609474182128906 -0.4908447265625 0.37799072265625
-0.0289306640625 0.0684356689453125 -0.498626708984375 0.37109375
-0.0603828430175781 0.0596427917480469 -0.49517822265625 0.24371337890625
-0.0883560180664063 0.034698486328125 -0.356414794921875 0.149200439453125
-0.119094848632813 -0.0173263549804688 -0.210113525390625 0.0994415283203125
-0.0644912719726563 -0.103866577148437 -0.085357666015625 0.1571044921875
0.0174484252929688 -0.105316162109375 0.024261474609375 0.429718017578125
0.00365447998046876 -0.0595588684082031 -0.11993408203125 0.67974853515625
-0.024261474609375 -0.34027099609375 0.3079833984375 0.49627685546875
-0.0480804443359375 -0.277084350585937 0.092193603515625 0.415924072265625
-0.121078491210938 -0.247314453125 0.063262939453125 0.27685546875
-0.204757690429688 -0.182327270507812 0.0333251953125 0.138839721679688
-0.236099243164062 -0.0756988525390625 -0.07049560546875 -0.00470733642578126
-0.280532836914063 0.0503692626953125 -0.318939208984375 0.0380859375
-0.263870239257813 0.153549194335938 -0.448455810546875 0.210601806640625
-0.250106811523438 0.125808715820312 -0.445159912109375 0.327789306640625
-0.26458740234375 0.133255004882813 -0.44775390625 0.34014892578125
-0.30145263671875 0.069061279296875 -0.4478759765625 0.241851806640625
-0.293701171875 -0.0377197265625001 -0.305267333984375 0.15936279296875
-0.29486083984375 -0.139190673828125 -0.182464599609375 0.119308471679687
-0.179595947265625 -0.276504516601562 -0.067291259765625 0.185577392578125
-0.07568359375 -0.33251953125 0.011383056640625 0.3963623046875
-0.080902099609375 -0.3209228515625 -0.1142578125 0.61065673828125
-0.1219482421875 -0.5767822265625 0.259979248046875 0.37060546875
-0.186614990234375 -0.480224609375 0.04248046875 0.34814453125
-0.252349853515625 -0.371063232421875 0.056976318359375 0.298095703125
-0.328338623046875 -0.275390625 0.07684326171875 0.156051635742187
-0.370208740234375 -0.13739013671875 0.000124931335449195 -0.0128326416015625
-0.462982177734375 0.03973388671875 -0.235885620117188 -0.00587463378906246
-0.44744873046875 0.197174072265625 -0.3433837890625 0.114044189453125
-0.43206787109375 0.172088623046875 -0.332000732421875 0.22509765625
-0.46038818359375 0.188934326171875 -0.330657958984375 0.257232666015625
-0.4993896484375 0.092437744140625 -0.340576171875 0.2064208984375
-0.467681884765625 -0.075286865234375 -0.220977783203125 0.14935302734375
-0.44976806640625 -0.212249755859375 -0.147491455078125 0.1241455078125
-0.29486083984375 -0.392913818359375 -0.0644683837890625 0.180007934570312
-0.18084716796875 -0.491363525390625 -0.03179931640625 0.29473876953125
-0.17108154296875 -0.52423095703125 -0.1278076171875 0.4442138671875
-0.19403076171875 -0.73236083984375 0.19744873046875 0.178054809570312
-0.28765869140625 -0.62066650390625 0.00123596191406246 0.236343383789062
-0.3436279296875 -0.45794677734375 0.0761718749999999 0.287506103515625
-0.412353515625 -0.3472900390625 0.145416259765625 0.144744873046875
-0.457366943359375 -0.191558837890625 0.0946502685546875 -0.0325469970703125
-0.5850830078125 0.01690673828125 -0.106979370117188 -0.0598602294921875
-0.56695556640625 0.21026611328125 -0.181716918945313 -0.0023345947265625
-0.546783447265625 0.19189453125 -0.168289184570313 0.0879974365234375
-0.583984375 0.218017578125 -0.171463012695313 0.132904052734375
-0.61737060546875 0.1094970703125 -0.19049072265625 0.135116577148438
-0.56689453125 -0.0866088867187501 -0.119674682617188 0.110466003417969
-0.536651611328125 -0.234893798828125 -0.111907958984375 0.108535766601563
-0.374420166015625 -0.432586669921875 -0.0822525024414063 0.139183044433594
-0.26763916015625 -0.5626220703125 -0.101882934570313 0.1456298828125
-0.24188232421875 -0.640380859375 -0.162399291992188 0.222030639648437
-0.23248291015625 -0.769287109375 0.131858825683594 -0.0545272827148438
-0.3255615234375 -0.6551513671875 -0.02734375 0.084075927734375
-0.35650634765625 -0.477081298828125 0.097625732421875 0.2308349609375
-0.4163818359375 -0.37481689453125 0.216903686523437 0.105743408203125
-0.47222900390625 -0.226287841796875 0.198516845703125 -0.0569000244140625
-0.62054443359375 -0.0135498046874999 0.0539627075195312 -0.118301391601563
-0.60137939453125 0.1922607421875 0.0130996704101562 -0.124031066894531
-0.57830810546875 0.1815185546875 0.0187644958496093 -0.0608024597167969
-0.6177978515625 0.20477294921875 0.00531291961669918 -0.00683450698852538
-0.63397216796875 0.10064697265625 -0.0264511108398438 0.0455474853515625
-0.56707763671875 -0.091796875 -0.0218048095703125 0.0553855895996094
-0.52618408203125 -0.220977783203125 -0.0829620361328125 0.0733718872070313
-0.386749267578125 -0.400299072265625 -0.112335205078125 0.070556640625
-0.305145263671875 -0.544281005859375 -0.1796875 -0.022857666015625
-0.27862548828125 -0.65997314453125 -0.208038330078125 -0.0226745605468751
-0.23773193359375 -0.675048828125 0.0771484375 -0.28900146484375
-0.2958984375 -0.563720703125 -0.0422821044921875 -0.0899200439453125
-0.28955078125 -0.40911865234375 0.101043701171875 0.134811401367187
-0.334930419921875 -0.344207763671875 0.262664794921875 0.0545654296875
-0.402801513671875 -0.2266845703125 0.288818359375 -0.074859619140625
-0.558685302734375 -0.045654296875 0.220611572265625 -0.169418334960938
-0.54425048828125 0.143829345703125 0.210769653320312 -0.235092163085937
-0.52191162109375 0.14361572265625 0.200714111328125 -0.20068359375
-0.558746337890625 0.153289794921875 0.17242431640625 -0.134231567382812
-0.5489501953125 0.060882568359375 0.12579345703125 -0.0353012084960937
-0.466339111328125 -0.0965576171875 0.0568656921386718 0.00556564331054687
-0.421600341796875 -0.184112548828125 -0.063934326171875 0.0279273986816406
-0.330718994140625 -0.31182861328125 -0.134567260742188 -0.0197525024414063
-0.29180908203125 -0.451873779296875 -0.234298706054688 -0.1865234375
-0.2733154296875 -0.5926513671875 -0.247650146484375 -0.2503662109375
-0.2142333984375 -0.4671630859375 0.035491943359375 -0.4835205078125
-0.22021484375 -0.36773681640625 -0.0456085205078125 -0.248443603515625
-0.1744384765625 -0.263748168945313 0.0820388793945312 0.0262069702148437
-0.196182250976563 -0.246963500976563 0.27532958984375 0.00537109374999999
-0.26544189453125 -0.18267822265625 0.3511962890625 -0.0838623046875
-0.408905029296875 -0.0625 0.366668701171875 -0.2103271484375
-0.402374267578125 0.0756835937500001 0.377532958984375 -0.3255615234375
-0.389434814453125 0.084808349609375 0.351318359375 -0.308013916015625
-0.41790771484375 0.0780334472656251 0.308685302734375 -0.223724365234375
-0.383209228515625 0.00573730468749994 0.243194580078125 -0.08502197265625
-0.297943115234375 -0.090850830078125 0.103485107421875 -0.0267715454101563
-0.262680053710938 -0.122283935546875 -0.05224609375 -0.0230293273925781
-0.234848022460938 -0.189834594726563 -0.130905151367188 -0.119049072265625
-0.241241455078125 -0.309722900390625 -0.24346923828125 -0.322967529296875
-0.2347412109375 -0.447601318359375 -0.27325439453125 -0.43365478515625
-0.164764404296875 -0.185791015625 0.00714111328124995 -0.59765625
-0.122566223144531 -0.111343383789062 -0.045257568359375 -0.34967041015625
-0.0470809936523437 -0.0734786987304688 0.0571708679199219 -0.0632400512695313
-0.0396575927734375 -0.103279113769531 0.265106201171875 -0.0326690673828125
-0.0894851684570313 -0.103584289550781 0.378448486328125 -0.09075927734375
-0.192367553710937 -0.070770263671875 0.465118408203125 -0.24346923828125
-0.199127197265625 -0.0061798095703125 0.4864501953125 -0.381683349609375
-0.19903564453125 0.0127105712890625 0.447235107421875 -0.371124267578125
-0.217910766601563 -0.00561523437499998 0.396331787109375 -0.264190673828125
-0.169387817382813 -0.03802490234375 0.312286376953125 -0.09942626953125
-0.104209899902344 -0.0625457763671875 0.116912841796875 -0.0432205200195313
-0.0935592651367188 -0.0394134521484375 -0.0419235229492188 -0.0749969482421875
-0.131004333496094 -0.0536346435546875 -0.101058959960938 -0.21331787109375
-0.172821044921875 -0.137420654296875 -0.2122802734375 -0.417572021484375
-0.173110961914062 -0.24578857421875 -0.280303955078125 -0.55712890625
0.0645904541015625 -0.0834503173828125 0.390228271484375 0.514373779296875
0.0847625732421875 -0.0788497924804688 0.197540283203125 0.43280029296875
-0.002655029296875 -0.121025085449219 0.119415283203125 0.223709106445313
-0.0811996459960938 -0.0710906982421875 0.0250778198242187 0.096221923828125
-0.0833969116210938 -0.00123596191406251 -0.121070861816406 0.00485992431640623
-0.0621223449707031 0.0546112060546875 -0.3511962890625 0.1053466796875
-0.0361099243164063 0.0898361206054688 -0.4591064453125 0.32470703125
-0.0284652709960938 0.0660591125488281 -0.45599365234375 0.433685302734375
-0.0215682983398437 0.07415771484375 -0.46551513671875 0.42816162109375
-0.0544929504394531 0.0679054260253906 -0.476165771484375 0.2967529296875
-0.0862579345703125 0.0445556640625 -0.345794677734375 0.185211181640625
-0.122047424316406 -0.00424957275390624 -0.20257568359375 0.123092651367188
-0.0767440795898438 -0.0981979370117188 -0.0725555419921875 0.169189453125
0.00662994384765626 -0.109046936035156 0.069122314453125 0.4327392578125
-0.00245285034179688 -0.0596122741699219 -0.0517578125 0.69659423828125
-0.061492919921875 -0.3414306640625 0.359954833984375 0.471923828125
-0.076263427734375 -0.273651123046875 0.1373291015625 0.41461181640625
-0.145797729492187 -0.23675537109375 0.0916595458984375 0.274200439453125
-0.225631713867188 -0.161819458007813 0.04559326171875 0.136505126953125
-0.246231079101562 -0.0506591796875 -0.0745162963867188 0.00174713134765625
-0.27630615234375 0.08172607421875 -0.320587158203125 0.069610595703125
-0.249603271484375 0.183807373046875 -0.43121337890625 0.259002685546875
-0.239349365234375 0.155548095703125 -0.4136962890625 0.37579345703125
-0.2529296875 0.166152954101562 -0.4166259765625 0.3905029296875
-0.296905517578125 0.102508544921875 -0.426177978515625 0.290740966796875
-0.30194091796875 -0.00857543945312496 -0.292266845703125 0.191619873046875
-0.313507080078125 -0.108642578125 -0.17254638671875 0.140899658203125
-0.2078857421875 -0.263076782226563 -0.0486602783203125 0.195724487304687
-0.109466552734375 -0.330169677734375 0.05303955078125 0.399932861328125
-0.114227294921875 -0.315185546875 -0.05340576171875 0.62469482421875
-0.18218994140625 -0.5706787109375 0.298370361328125 0.35125732421875
-0.234832763671875 -0.4625244140625 0.077850341796875 0.34991455078125
-0.2879638671875 -0.347259521484375 0.089141845703125 0.294708251953125
-0.36065673828125 -0.243896484375 0.0907745361328125 0.148849487304687
-0.387847900390625 -0.101348876953125 -0.00376129150390627 -0.0125398635864258
-0.459930419921875 0.0887145996093749 -0.238571166992188 0.01910400390625
-0.4295654296875 0.24652099609375 -0.336212158203125 0.1517333984375
-0.418701171875 0.22149658203125 -0.311737060546875 0.260589599609375
-0.445465087890625 0.241546630859375 -0.3056640625 0.29541015625
-0.495208740234375 0.147125244140625 -0.320404052734375 0.246826171875
-0.483489990234375 -0.028594970703125 -0.20806884765625 0.174041748046875
-0.478424072265625 -0.167327880859375 -0.136672973632813 0.1435546875
-0.3343505859375 -0.36822509765625 -0.0438079833984375 0.188980102539063
-0.2296142578125 -0.482696533203125 -0.000305175781250037 0.30108642578125
-0.2252197265625 -0.512969970703125 -0.08642578125 0.460205078125
-0.272705078125 -0.71826171875 0.216354370117187 0.162811279296875
-0.35272216796875 -0.59539794921875 0.023590087890625 0.2396240234375
-0.38836669921875 -0.428436279296875 0.10699462890625 0.280487060546875
-0.451446533203125 -0.30804443359375 0.158462524414062 0.130523681640625
-0.48028564453125 -0.1474609375 0.0904617309570312 -0.0400772094726563
-0.5853271484375 0.0777587890625001 -0.112060546875 -0.046905517578125
-0.547821044921875 0.270904541015625 -0.186447143554688 0.017852783203125
-0.533599853515625 0.253448486328125 -0.161087036132813 0.104644775390625
-0.5675048828125 0.2835693359375 -0.1572265625 0.15301513671875
-0.61273193359375 0.17626953125 -0.175048828125 0.158843994140625
-0.58416748046875 -0.0304565429687499 -0.108749389648438 0.126319885253906
-0.56964111328125 -0.18048095703125 -0.10205078125 0.124412536621094
-0.418487548828125 -0.401214599609375 -0.0644989013671875 0.147567749023437
-0.323211669921875 -0.544921875 -0.086517333984375 0.15753173828125
-0.31060791015625 -0.62298583984375 -0.144088745117188 0.238861083984375
-0.3148193359375 -0.7545166015625 0.126968383789062 -0.066131591796875
-0.39312744140625 -0.625244140625 -0.0217361450195313 0.0883865356445312
-0.40478515625 -0.44659423828125 0.122421264648438 0.220657348632812
-0.45941162109375 -0.337982177734375 0.226791381835937 0.08367919921875
-0.498809814453125 -0.182830810546875 0.19329833984375 -0.074462890625
-0.62548828125 0.0489501953125001 0.0448532104492187 -0.120590209960937
-0.5831298828125 0.25543212890625 -0.0020065307617188 -0.125167846679687
-0.56475830078125 0.248291015625 0.0107688903808593 -0.0657157897949219
-0.60357666015625 0.27581787109375 0.00663232803344723 -0.0066394805908203
-0.63043212890625 0.1680908203125 -0.0184593200683594 0.0518302917480469
-0.58392333984375 -0.0352172851562499 -0.0149078369140625 0.0621833801269531
-0.5567626953125 -0.168670654296875 -0.0759506225585938 0.0867843627929687
-0.427490234375 -0.365386962890625 -0.0996475219726563 0.0799560546875
-0.36138916015625 -0.523040771484375 -0.182952880859375 -0.00450134277343753
-0.3502197265625 -0.64208984375 -0.214401245117188 -0.00285339355468753
-0.3072509765625 -0.65771484375 0.048370361328125 -0.298004150390625
-0.354095458984375 -0.537994384765625 -0.0539474487304688 -0.087127685546875
-0.330352783203125 -0.38616943359375 0.115562438964844 0.121894836425781
-0.37261962890625 -0.314666748046875 0.268585205078125 0.0262603759765625
-0.42852783203125 -0.19012451171875 0.28350830078125 -0.101287841796875
-0.56597900390625 0.0103759765625001 0.207748413085937 -0.187789916992188
-0.53118896484375 0.200164794921875 0.18505859375 -0.258010864257813
-0.51312255859375 0.203399658203125 0.1793212890625 -0.224258422851563
-0.549530029296875 0.217315673828125 0.162017822265625 -0.153533935546875
-0.547027587890625 0.118499755859375 0.126640319824219 -0.046661376953125
-0.48284912109375 -0.051544189453125 0.0591278076171875 0.0045166015625
-0.4459228515625 -0.1412353515625 -0.061279296875 0.0385017395019531
-0.36083984375 -0.280517578125 -0.132484436035156 -0.009857177734375
-0.337005615234375 -0.429931640625 -0.254302978515625 -0.16455078125
-0.3388671875 -0.5716552734375 -0.277679443359375 -0.227508544921875
-0.26214599609375 -0.448822021484375 -0.0133056640625001 -0.4901123046875
-0.2572021484375 -0.3472900390625 -0.07427978515625 -0.247665405273438
-0.199234008789063 -0.251235961914063 0.0864181518554687 0.0149154663085937
-0.222274780273437 -0.231170654296875 0.276702880859375 -0.0238189697265625
-0.28619384765625 -0.1611328125 0.3472900390625 -0.11627197265625
-0.418426513671875 -0.0241699218749999 0.349884033203125 -0.246124267578125
-0.3970947265625 0.116302490234375 0.346038818359375 -0.365631103515625
-0.384246826171875 0.129638671875 0.31829833984375 -0.348236083984375
-0.414886474609375 0.12530517578125 0.289520263671875 -0.258026123046875
-0.38580322265625 0.0460510253906249 0.240478515625 -0.108810424804687
-0.309234619140625 -0.062957763671875 0.104232788085937 -0.0324554443359375
-0.278900146484375 -0.095672607421875 -0.0537071228027344 -0.01446533203125
-0.253158569335937 -0.166748046875 -0.140327453613281 -0.109893798828125
-0.27398681640625 -0.28973388671875 -0.279052734375 -0.3021240234375
-0.285369873046875 -0.4283447265625 -0.3211669921875 -0.41131591796875
-0.182846069335937 -0.169357299804688 -0.0510864257812501 -0.6031494140625
-0.132369995117188 -0.0995330810546875 -0.0830383300781251 -0.35162353515625
-0.0533523559570312 -0.0712890625 0.0513229370117187 -0.0718231201171875
-0.04974365234375 -0.102325439453125 0.263137817382812 -0.0620880126953125
-0.100921630859375 -0.0992355346679687 0.3729248046875 -0.128875732421875
-0.2020263671875 -0.0526885986328125 0.445465087890625 -0.289215087890625
-0.201339721679688 0.0135955810546875 0.449981689453125 -0.435455322265625
-0.199493408203125 0.03570556640625 0.409088134765625 -0.421417236328125
-0.221771240234375 0.01861572265625 0.373809814453125 -0.30865478515625
-0.175094604492188 -0.0214691162109375 0.308441162109375 -0.130706787109375
-0.11090087890625 -0.054107666015625 0.115493774414062 -0.0511322021484375
-0.0975418090820312 -0.030029296875 -0.0488395690917969 -0.0684700012207031
-0.136146545410156 -0.0393905639648438 -0.12054443359375 -0.208511352539063
-0.187286376953125 -0.121826171875 -0.25592041015625 -0.399993896484375
-0.200515747070313 -0.231475830078125 -0.340911865234375 -0.535003662109375
0.05322265625 -0.0875015258789063 0.427459716796875 0.467803955078125
0.0754547119140625 -0.085723876953125 0.234954833984375 0.404998779296875
-0.0140609741210938 -0.116836547851563 0.13671875 0.208511352539063
-0.0855941772460938 -0.0605926513671875 0.0312957763671875 0.0925521850585938
-0.0810623168945313 0.00799560546874999 -0.120025634765625 0.01422119140625
-0.054931640625 0.0612907409667969 -0.337982177734375 0.132965087890625
-0.0263519287109375 0.092681884765625 -0.41802978515625 0.357025146484375
-0.0205841064453125 0.0688018798828125 -0.40216064453125 0.465484619140625
-0.0126876831054688 0.0759048461914063 -0.41168212890625 0.460418701171875
-0.0461654663085937 0.0724029541015625 -0.436431884765625 0.3311767578125
-0.0798263549804688 0.051300048828125 -0.320587158203125 0.210784912109375
-0.119102478027344 0.00865936279296873 -0.1864013671875 0.139175415039062
-0.0838546752929688 -0.089111328125 -0.055877685546875 0.17449951171875
-0.00389862060546875 -0.107749938964844 0.107177734375 0.414794921875
-0.00590133666992188 -0.0560302734375 0.01275634765625 0.68212890625
-0.091766357421875 -0.326995849609375 0.39251708984375 0.428436279296875
-0.0984649658203125 -0.259979248046875 0.173004150390625 0.391998291015625
-0.162033081054687 -0.216888427734375 0.114517211914063 0.258560180664063
-0.235000610351563 -0.136688232421875 0.05340576171875 0.129646301269531
-0.243362426757813 -0.0273590087890625 -0.0747222900390625 0.00798797607421874
-0.26025390625 0.105499267578125 -0.30810546875 0.097076416015625
-0.224838256835937 0.20245361328125 -0.398956298828125 0.2926025390625
-0.218643188476563 0.175506591796875 -0.368438720703125 0.40435791015625
-0.230575561523438 0.187026977539063 -0.36865234375 0.418914794921875
-0.280426025390625 0.128982543945313 -0.388885498046875 0.322540283203125
-0.295928955078125 0.019500732421875 -0.267684936523438 0.213363647460937
-0.315704345703125 -0.0762023925781249 -0.155838012695313 0.155136108398438
-0.223709106445312 -0.238815307617188 -0.0281219482421875 0.196334838867187
-0.1356201171875 -0.314544677734375 0.0879211425781249 0.384765625
-0.1378173828125 -0.295867919921875 0.00256347656250001 0.6112060546875
-0.23046875 -0.539031982421875 0.32177734375 0.31561279296875
-0.269561767578125 -0.42791748046875 0.107574462890625 0.334991455078125
-0.308258056640625 -0.313232421875 0.11334228515625 0.277801513671875
-0.3726806640625 -0.20599365234375 0.0984573364257812 0.138343811035156
-0.384918212890625 -0.06494140625 -0.00643348693847659 -0.0106620788574219
-0.436981201171875 0.129364013671875 -0.230682373046875 0.041290283203125
-0.393463134765625 0.278778076171875 -0.315826416015625 0.179901123046875
-0.38702392578125 0.2572021484375 -0.27880859375 0.28204345703125
-0.411224365234375 0.2802734375 -0.269317626953125 0.315887451171875
-0.468475341796875 0.189361572265625 -0.287628173828125 0.270660400390625
-0.475250244140625 0.0160217285156251 -0.186737060546875 0.18975830078125
-0.48272705078125 -0.118499755859375 -0.118911743164063 0.154998779296875
-0.35595703125 -0.331207275390625 -0.0223388671875 0.186386108398437
-0.2633056640625 -0.45379638671875 0.0283203125 0.29376220703125
-0.26617431640625 -0.4801025390625 -0.04473876953125 0.454864501953125
-0.3309326171875 -0.6767578125 0.223007202148437 0.141265869140625
-0.39398193359375 -0.545867919921875 0.0438079833984375 0.23297119140625
-0.412322998046875 -0.383697509765625 0.129043579101562 0.261245727539063
-0.466888427734375 -0.259735107421875 0.163177490234375 0.113143920898437
-0.48028564453125 -0.10174560546875 0.083587646484375 -0.0445938110351563
-0.559326171875 0.127716064453125 -0.1112060546875 -0.0330886840820313
-0.506317138671875 0.311798095703125 -0.181884765625 0.0360870361328125
-0.494354248046875 0.299560546875 -0.149169921875 0.115936279296875
-0.52606201171875 0.332244873046875 -0.137619018554688 0.161834716796875
-0.58050537109375 0.22955322265625 -0.15374755859375 0.172836303710938
-0.57379150390625 0.0227661132812499 -0.09332275390625 0.1357421875
-0.57293701171875 -0.12261962890625 -0.0865020751953125 0.133163452148438
-0.439300537109375 -0.355987548828125 -0.0443878173828125 0.146636962890625
-0.360260009765625 -0.50634765625 -0.068756103515625 0.160659790039062
-0.35845947265625 -0.5804443359375 -0.119903564453125 0.244796752929688
-0.3751220703125 -0.708251953125 0.116607666015625 -0.0736160278320313
-0.43634033203125 -0.57330322265625 -0.0162124633789063 0.0893783569335937
-0.429718017578125 -0.40008544921875 0.13897705078125 0.202072143554687
-0.477996826171875 -0.287994384765625 0.225494384765625 0.061279296875
-0.501251220703125 -0.135040283203125 0.181961059570312 -0.086395263671875
-0.60205078125 0.10040283203125 0.0358810424804687 -0.117645263671875
-0.5418701171875 0.29937744140625 -0.0158233642578125 -0.119186401367187
-0.52618408203125 0.29608154296875 0.00220870971679684 -0.0655441284179687
-0.561065673828125 0.32879638671875 0.00727748870849606 -0.00882720947265623
-0.59771728515625 0.22381591796875 -0.00952529907226566 0.0541534423828125
-0.572998046875 0.01885986328125 -0.00620651245117191 0.0655899047851563
-0.561676025390625 -0.111785888671875 -0.0637435913085938 0.0946578979492188
-0.44464111328125 -0.319732666015625 -0.0849151611328125 0.0824432373046875
-0.39556884765625 -0.479949951171875 -0.177520751953125 0.0116119384765625
-0.400146484375 -0.5926513671875 -0.211257934570313 0.0163269042968749
-0.36004638671875 -0.6134033203125 0.019561767578125 -0.292510986328125
-0.390167236328125 -0.4903564453125 -0.0645599365234375 -0.0786209106445313
-0.351226806640625 -0.347991943359375 0.123420715332031 0.106956481933594
-0.389678955078125 -0.27435302734375 0.261489868164063 0.00125122070312498
-0.434539794921875 -0.150238037109375 0.267898559570313 -0.12115478515625
-0.550262451171875 0.059234619140625 0.189895629882812 -0.19830322265625
-0.496307373046875 0.241943359375 0.155197143554687 -0.265289306640625
-0.478851318359375 0.24835205078125 0.150283813476562 -0.2353515625
-0.51470947265625 0.266326904296875 0.145217895507812 -0.165802001953125
-0.521240234375 0.167144775390625 0.123390197753906 -0.055572509765625
-0.474273681640625 -0.0086669921875001 0.0615234375 0.0029754638671875
-0.44879150390625 -0.096710205078125 -0.0538597106933594 0.0465316772460937
-0.372406005859375 -0.242156982421875 -0.125564575195313 -0.00224304199218754
-0.365203857421875 -0.39141845703125 -0.262603759765625 -0.138092041015625
-0.38336181640625 -0.527252197265625 -0.293212890625 -0.1982421875
-0.294677734375 -0.41510009765625 -0.056793212890625 -0.47479248046875
-0.278228759765625 -0.31427001953125 -0.0984954833984375 -0.23388671875
-0.213226318359375 -0.227859497070313 0.0843734741210937 0.00467681884765624
-0.23760986328125 -0.207626342773438 0.265655517578125 -0.0502471923828125
-0.293731689453125 -0.1346435546875 0.32623291015625 -0.141204833984375
-0.41021728515625 0.011505126953125 0.321929931640625 -0.2685546875
-0.374298095703125 0.147796630859375 0.30035400390625 -0.38519287109375
-0.36077880859375 0.16497802734375 0.274017333984375 -0.36883544921875
-0.392303466796875 0.163482666015625 0.2596435546875 -0.279403686523438
-0.371826171875 0.0799255371093749 0.22894287109375 -0.127334594726563
-0.30767822265625 -0.0345458984375 0.101821899414062 -0.0365753173828125
-0.280136108398438 -0.0673370361328124 -0.051483154296875 -0.00571441650390626
-0.257308959960938 -0.14013671875 -0.143463134765625 -0.099395751953125
-0.2901611328125 -0.259613037109375 -0.298431396484375 -0.270355224609375
-0.318572998046875 -0.39215087890625 -0.3504638671875 -0.37158203125
-0.191375732421875 -0.1475830078125 -0.1058349609375 -0.58038330078125
-0.134620666503906 -0.0852432250976562 -0.114471435546875 -0.334381103515625
-0.0564041137695313 -0.0665092468261719 0.0431442260742188 -0.0764007568359375
-0.0564498901367188 -0.0969467163085937 0.249588012695313 -0.08477783203125
-0.107666015625 -0.0908050537109375 0.352630615234375 -0.157623291015625
-0.204360961914063 -0.0352783203125 0.4095458984375 -0.31829833984375
-0.1949462890625 0.029815673828125 0.39630126953125 -0.463592529296875
-0.190475463867187 0.0540771484375 0.356658935546875 -0.44744873046875
-0.214614868164062 0.040618896484375 0.336334228515625 -0.33447265625
-0.172714233398438 -0.00604248046875 0.291534423828125 -0.156036376953125
-0.112251281738281 -0.044891357421875 0.111045837402344 -0.0559310913085938
-0.0974807739257813 -0.020263671875 -0.0521926879882813 -0.0601463317871094
-0.133567810058594 -0.0254364013671875 -0.1351318359375 -0.196502685546875
-0.192581176757813 -0.10296630859375 -0.28607177734375 -0.36761474609375
-0.217849731445313 -0.206222534179687 -0.37982177734375 -0.488739013671875
0.0444869995117188 -0.08587646484375 0.43597412109375 0.42413330078125
0.0667572021484375 -0.0875244140625 0.252471923828125 0.374481201171875
-0.0210113525390625 -0.110969543457031 0.143905639648438 0.19232177734375
-0.0860061645507813 -0.05255126953125 0.0345611572265625 0.0889892578125
-0.0771713256835937 0.0135726928710937 -0.117050170898437 0.020111083984375
-0.0478744506835938 0.063629150390625 -0.318084716796875 0.146575927734375
-0.01934814453125 0.0913009643554688 -0.38067626953125 0.3665771484375
-0.0145416259765625 0.0682029724121094 -0.35418701171875 0.469757080078125
-0.0056304931640625 0.0752334594726563 -0.366729736328125 0.465728759765625
-0.0396652221679687 0.07342529296875 -0.400634765625 0.343597412109375
-0.0736083984375 0.0550155639648437 -0.297576904296875 0.21954345703125
-0.112937927246094 0.0164947509765625 -0.170501708984375 0.145339965820313
-0.0855865478515625 -0.08050537109375 -0.044677734375 0.17266845703125
-0.00962829589843749 -0.103965759277344 0.1280517578125 0.391510009765625
-0.00661849975585937 -0.0522308349609375 0.0511474609375 0.65087890625
-0.1094970703125 -0.308349609375 0.399810791015625 0.389404296875
-0.109893798828125 -0.243621826171875 0.189544677734375 0.36614990234375
-0.166351318359375 -0.198822021484375 0.124221801757812 0.24151611328125
-0.233901977539063 -0.116744995117188 0.0575637817382812 0.123252868652344
-0.235000610351563 -0.0123748779296875 -0.0729904174804688 0.0128097534179687
-0.24176025390625 0.116378784179687 -0.29150390625 0.110748291015625
-0.202194213867187 0.20751953125 -0.365386962890625 0.305816650390625
-0.198486328125 0.1834716796875 -0.3282470703125 0.40966796875
-0.209136962890625 0.195724487304687 -0.3262939453125 0.4237060546875
-0.26080322265625 0.141357421875 -0.35357666015625 0.333526611328125
-0.2843017578125 0.03558349609375 -0.24603271484375 0.22052001953125
-0.307525634765625 -0.0536193847656249 -0.139297485351563 0.1590576171875
-0.227981567382813 -0.2181396484375 -0.014404296875 0.189956665039063
-0.14666748046875 -0.298248291015625 0.107635498046875 0.364166259765625
-0.148345947265625 -0.275909423828125 0.0351562499999999 0.5855712890625
-0.25384521484375 -0.50408935546875 0.32476806640625 0.286041259765625
-0.281982421875 -0.39508056640625 0.122406005859375 0.3148193359375
-0.311248779296875 -0.282989501953125 0.12347412109375 0.259109497070313
-0.3707275390625 -0.174530029296875 0.0994491577148437 0.128059387207031
-0.371734619140625 -0.04205322265625 -0.00658416748046877 -0.00793170928955078
-0.409088134765625 0.146820068359375 -0.218612670898438 0.0535888671875
-0.359100341796875 0.290130615234375 -0.292694091796875 0.194610595703125
-0.354736328125 0.27252197265625 -0.250701904296875 0.2869873046875
-0.376007080078125 0.296783447265625 -0.237274169921875 0.318145751953125
-0.43817138671875 0.21051025390625 -0.257598876953125 0.277542114257813
-0.45703125 0.0430297851562499 -0.167266845703125 0.193862915039063
-0.47149658203125 -0.0838012695312501 -0.103759765625 0.157089233398438
-0.357421875 -0.300689697265625 -0.00747680664062503 0.178009033203125
-0.27740478515625 -0.42474365234375 0.0450439453125 0.279876708984375
-0.2821044921875 -0.444091796875 -0.017791748046875 0.437774658203125
-0.35797119140625 -0.63018798828125 0.22119140625 0.124435424804687
-0.407684326171875 -0.50042724609375 0.0532684326171875 0.222198486328125
-0.413818359375 -0.345672607421875 0.137298583984375 0.241943359375
-0.462249755859375 -0.22332763671875 0.16021728515625 0.10089111328125
-0.46612548828125 -0.07373046875 0.0783157348632812 -0.0448150634765625
-0.5267333984375 0.151336669921875 -0.106544494628906 -0.024078369140625
-0.463897705078125 0.32843017578125 -0.173843383789063 0.049041748046875
-0.45672607421875 0.319305419921875 -0.137214660644531 0.119972229003906
-0.48419189453125 0.354278564453125 -0.1214599609375 0.162216186523438
-0.543548583984375 0.256622314453125 -0.134475708007813 0.175643920898438
-0.55230712890625 0.0531616210937499 -0.0800399780273438 0.137077331542969
-0.557952880859375 -0.0838012695312499 -0.0729522705078125 0.13525390625
-0.438323974609375 -0.319854736328125 -0.0301742553710938 0.139640808105469
-0.37335205078125 -0.470977783203125 -0.055206298828125 0.15765380859375
-0.378204345703125 -0.537109375 -0.104019165039063 0.24127197265625
-0.40228271484375 -0.65557861328125 0.105598449707031 -0.0750961303710938
-0.450164794921875 -0.52484130859375 -0.0133514404296875 0.088165283203125
-0.429931640625 -0.36212158203125 0.1431884765625 0.1834716796875
-0.473724365234375 -0.251251220703125 0.216201782226562 0.046295166015625
-0.489013671875 -0.105316162109375 0.170242309570312 -0.09033203125
-0.57073974609375 0.12890625 0.0320358276367187 -0.112319946289062
-0.500701904296875 0.3175048828125 -0.0240936279296875 -0.109756469726562
-0.487213134765625 0.31890869140625 -0.00495910644531253 -0.063262939453125
-0.5186767578125 0.351318359375 0.00635337829589841 -0.0104827880859375
-0.560211181640625 0.2506103515625 -0.00178527832031253 0.0527610778808594
-0.5517578125 0.0502014160156249 0.000862121582031219 0.0654220581054688
-0.544921875 -0.0739135742187499 -0.0533828735351563 0.0969314575195312
-0.4405517578125 -0.284423828125 -0.0733489990234375 0.0799484252929688
-0.405975341796875 -0.443695068359375 -0.168609619140625 0.0209197998046875
-0.419586181640625 -0.544921875 -0.203903198242188 0.02642822265625
-0.38140869140625 -0.56829833984375 0.00103759765624998 -0.279571533203125
-0.4005126953125 -0.447265625 -0.0696449279785156 -0.0695762634277344
-0.3533935546875 -0.3160400390625 0.122901916503906 0.0938720703125
-0.389129638671875 -0.244232177734375 0.247726440429687 -0.015655517578125
-0.42486572265625 -0.123291015625 0.250885009765625 -0.12841796875
-0.526336669921875 0.0853271484375 0.17376708984375 -0.19891357421875
-0.46148681640625 0.2572021484375 0.131256103515625 -0.259994506835938
-0.44354248046875 0.268951416015625 0.127029418945312 -0.233535766601562
-0.4769287109375 0.28851318359375 0.12835693359375 -0.168975830078125
-0.491546630859375 0.190765380859375 0.119132995605469 -0.0597000122070312
-0.45733642578125 0.0179443359375 0.0632896423339843 0.00232696533203125
-0.436859130859375 -0.0656127929687501 -0.0455703735351563 0.0499000549316406
-0.367523193359375 -0.213104248046875 -0.117027282714844 -0.000244140624999997
-0.371826171875 -0.35858154296875 -0.260406494140625 -0.116744995117188
-0.399810791015625 -0.483367919921875 -0.294647216796875 -0.173248291015625
-0.3070068359375 -0.380096435546875 -0.0820312500000001 -0.449951171875
-0.28338623046875 -0.285369873046875 -0.110763549804687 -0.217056274414063
-0.214828491210938 -0.2098388671875 0.0804977416992187 -0.00144958496093751
-0.238204956054688 -0.18951416015625 0.248977661132812 -0.064208984375
-0.29022216796875 -0.11651611328125 0.30657958984375 -0.15179443359375
-0.395660400390625 0.032806396484375 0.29718017578125 -0.27178955078125
-0.3507080078125 0.161285400390625 0.265106201171875 -0.3843994140625
-0.335205078125 0.180419921875 0.236968994140625 -0.367889404296875
-0.3677978515625 0.18194580078125 0.23150634765625 -0.284423828125
-0.3514404296875 0.098052978515625 0.214126586914062 -0.135604858398438
-0.297607421875 -0.016937255859375 0.099945068359375 -0.0378265380859375
-0.27215576171875 -0.048065185546875 -0.0461883544921875 -0.000297546386718763
-0.251846313476563 -0.12030029296875 -0.141693115234375 -0.0923614501953125
-0.2930908203125 -0.2357177734375 -0.302947998046875 -0.240386962890625
-0.33062744140625 -0.35626220703125 -0.358642578125 -0.336883544921875
-0.190155029296875 -0.13079833984375 -0.133453369140625 -0.548858642578125
-0.131782531738281 -0.0745010375976563 -0.131378173828125 -0.313446044921875
-0.0567703247070313 -0.0623664855957031 0.0364761352539062 -0.0762100219726563
-0.058502197265625 -0.0926666259765625 0.23272705078125 -0.0975799560546875
-0.109718322753906 -0.083831787109375 0.329803466796875 -0.16961669921875
-0.201446533203125 -0.022918701171875 0.376922607421875 -0.32916259765625
-0.185760498046875 0.0390777587890625 0.35296630859375 -0.46533203125
-0.177947998046875 0.0635833740234375 0.31182861328125 -0.447845458984375
-0.203338623046875 0.0519256591796875 0.30255126953125 -0.3419189453125
-0.16680908203125 0.00360107421874997 0.273590087890625 -0.167083740234375
-0.1099853515625 -0.0380859375 0.107475280761719 -0.0571212768554688
-0.0936203002929688 -0.0144729614257813 -0.0510406494140625 -0.0527076721191406
-0.126991271972656 -0.0172500610351563 -0.1396484375 -0.183334350585937
-0.19024658203125 -0.0887603759765625 -0.297393798828125 -0.33551025390625
-0.22174072265625 -0.184982299804688 -0.3929443359375 -0.4468994140625
0.0398483276367188 -0.0829544067382813 0.434234619140625 0.40155029296875
0.0621490478515625 -0.0871658325195313 0.254547119140625 0.355010986328125
-0.022918701171875 -0.106758117675781 0.143997192382813 0.183929443359375
-0.0857086181640625 -0.0473251342773438 0.0355606079101562 0.088714599609375
-0.0740737915039063 0.0159378051757812 -0.11444091796875 0.0229721069335937
-0.0438575744628906 0.0640220642089844 -0.308929443359375 0.15057373046875
-0.0150680541992187 0.0908355712890625 -0.360809326171875 0.367523193359375
-0.01177978515625 0.0675048828125 -0.329803466796875 0.462890625
-0.00145721435546874 0.074676513671875 -0.342803955078125 0.461822509765625
-0.0362091064453125 0.0736846923828125 -0.379730224609375 0.34576416015625
-0.0708465576171875 0.0559539794921875 -0.284393310546875 0.22076416015625
-0.108505249023438 0.0196685791015625 -0.16168212890625 0.146453857421875
-0.0856399536132813 -0.076812744140625 -0.038482666015625 0.171234130859375
-0.0118942260742187 -0.102645874023438 0.134979248046875 0.378021240234375
-0.00656890869140625 -0.0508842468261719 0.06500244140625 0.63079833984375
-0.11590576171875 -0.293975830078125 0.397308349609375 0.368560791015625
-0.111297607421875 -0.234344482421875 0.1932373046875 0.34991455078125
-0.164520263671875 -0.190048217773437 0.125442504882813 0.230987548828125
-0.231185913085938 -0.106735229492188 0.05755615234375 0.121925354003906
-0.228988647460938 -0.00593566894531246 -0.070709228515625 0.0149688720703125
-0.231094360351563 0.118576049804687 -0.2821044921875 0.115570068359375
-0.18927001953125 0.20843505859375 -0.34814453125 0.308135986328125
-0.187332153320312 0.184829711914063 -0.306640625 0.406829833984375
-0.1966552734375 0.1971435546875 -0.305023193359375 0.418212890625
-0.249542236328125 0.145645141601563 -0.335235595703125 0.334259033203125
-0.277069091796875 0.0425567626953125 -0.233245849609375 0.2216796875
-0.3004150390625 -0.04388427734375 -0.130172729492188 0.159393310546875
-0.22491455078125 -0.208297729492188 -0.00817871093750003 0.185165405273438
-0.148529052734375 -0.2880859375 0.1151123046875 0.35223388671875
-0.14935302734375 -0.264358520507813 0.0474853515625 0.56732177734375
-0.2607421875 -0.481414794921875 0.32000732421875 0.27166748046875
-0.28326416015625 -0.3773193359375 0.125091552734375 0.301849365234375
-0.306182861328125 -0.2716064453125 0.124176025390625 0.248443603515625
-0.36480712890625 -0.1610107421875 0.0978012084960937 0.125389099121094
-0.362701416015625 -0.0328979492187499 -0.00683164596557619 -0.00588750839233399
-0.39349365234375 0.1505126953125 -0.210739135742188 0.0581207275390625
-0.3404541015625 0.291412353515625 -0.280532836914062 0.198623657226563
-0.336517333984375 0.275970458984375 -0.236175537109375 0.284454345703125
-0.3563232421875 0.301666259765625 -0.2215576171875 0.31298828125
-0.42156982421875 0.217041015625 -0.242691040039063 0.276824951171875
-0.44525146484375 0.0520935058593751 -0.157012939453125 0.19415283203125
-0.460784912109375 -0.0691223144531249 -0.094573974609375 0.15704345703125
-0.353179931640625 -0.2867431640625 -0.000778198242187506 0.170944213867187
-0.27972412109375 -0.411651611328125 0.051513671875 0.270858764648438
-0.283172607421875 -0.424591064453125 -0.00927734375000002 0.426025390625
-0.3653564453125 -0.60186767578125 0.215927124023437 0.118896484375
-0.40740966796875 -0.476593017578125 0.0546875 0.215316772460937
-0.40631103515625 -0.330535888671875 0.137802124023437 0.231369018554687
-0.456787109375 -0.206878662109375 0.155471801757812 0.095855712890625
-0.456146240234375 -0.0622863769531249 0.07598876953125 -0.0433807373046875
-0.50860595703125 0.15771484375 -0.102127075195313 -0.019683837890625
-0.442108154296875 0.330230712890625 -0.168228149414063 0.054718017578125
-0.4334716796875 0.325897216796875 -0.13134765625 0.120262145996094
-0.459716796875 0.359527587890625 -0.113983154296875 0.159515380859375
-0.52264404296875 0.2645263671875 -0.122802734375 0.175094604492188
-0.5386962890625 0.0671997070312501 -0.0724105834960938 0.136932373046875
-0.546966552734375 -0.065826416015625 -0.0654525756835938 0.135009765625
-0.4317626953125 -0.305389404296875 -0.023468017578125 0.132011413574219
-0.373443603515625 -0.45562744140625 -0.0488128662109375 0.154342651367187
-0.379730224609375 -0.511566162109375 -0.097076416015625 0.236831665039062
-0.40850830078125 -0.6256103515625 0.0991439819335937 -0.0724716186523438
-0.449371337890625 -0.497894287109375 -0.0129547119140625 0.0885543823242187
-0.4249267578125 -0.34564208984375 0.14227294921875 0.17401123046875
-0.466705322265625 -0.234344482421875 0.209304809570312 0.0408935546875
-0.47991943359375 -0.0936279296875001 0.16436767578125 -0.0899658203125
-0.55145263671875 0.13604736328125 0.0314788818359375 -0.108451843261719
-0.479400634765625 0.318389892578125 -0.027008056640625 -0.1029052734375
-0.464935302734375 0.323028564453125 -0.00815963745117191 -0.0599212646484375
-0.494140625 0.357757568359375 0.00563907623291013 -0.0116605758666992
-0.53955078125 0.258941650390625 0.00252532958984372 0.0518913269042969
-0.5372314453125 0.0616455078125001 0.00605392456054684 0.065277099609375
-0.533172607421875 -0.0567932128906249 -0.0462799072265625 0.0966339111328125
-0.431915283203125 -0.270050048828125 -0.0668258666992188 0.0727767944335937
-0.404632568359375 -0.426910400390625 -0.162704467773438 0.024078369140625
-0.421722412109375 -0.521087646484375 -0.199539184570313 0.0301666259765625
-0.385986328125 -0.54315185546875 -0.00775146484375002 -0.269332885742188
-0.39898681640625 -0.42523193359375 -0.0722274780273438 -0.064239501953125
-0.348480224609375 -0.30352783203125 0.120391845703125 0.0869216918945312
-0.385467529296875 -0.231842041015625 0.237838745117188 -0.021026611328125
-0.417510986328125 -0.1146240234375 0.241729736328125 -0.129379272460938
-0.511566162109375 0.0924377441406251 0.16766357421875 -0.195465087890625
-0.442169189453125 0.260009765625 0.120071411132812 -0.253204345703125
-0.423187255859375 0.275115966796875 0.115386962890625 -0.227981567382812
-0.455657958984375 0.29486083984375 0.119476318359375 -0.168182373046875
-0.473358154296875 0.198974609375 0.118095397949219 -0.0616607666015625
-0.44586181640625 0.02886962890625 0.0660476684570312 0.00172805786132813
-0.4259033203125 -0.052154541015625 -0.0403480529785156 0.0506706237792969
-0.35882568359375 -0.202911376953125 -0.111373901367188 -0.00329589843750002
-0.371307373046875 -0.3431396484375 -0.255752563476563 -0.108810424804688
-0.4027099609375 -0.458953857421875 -0.2919921875 -0.161346435546875
-0.307769775390625 -0.361968994140625 -0.089874267578125 -0.432952880859375
-0.2803955078125 -0.270278930664063 -0.113128662109375 -0.206436157226563
-0.210479736328125 -0.202621459960938 0.077606201171875 -0.00458526611328126
-0.235992431640625 -0.182373046875 0.237350463867188 -0.069793701171875
-0.287078857421875 -0.110137939453125 0.295654296875 -0.15411376953125
-0.386260986328125 0.04119873046875 0.282501220703125 -0.270904541015625
-0.338226318359375 0.165130615234375 0.248077392578125 -0.376922607421875
-0.321044921875 0.183074951171875 0.218780517578125 -0.361358642578125
-0.352203369140625 0.187713623046875 0.2169189453125 -0.28204345703125
-0.34075927734375 0.10369873046875 0.2083740234375 -0.137786865234375
-0.29058837890625 -0.0111083984375 0.101318359375 -0.0383224487304688
-0.265853881835938 -0.0400848388671875 -0.0430221557617188 0.00171661376953125
-0.244796752929687 -0.113815307617188 -0.138641357421875 -0.090911865234375
-0.290863037109375 -0.223876953125 -0.2999267578125 -0.228118896484375
-0.3310546875 -0.338165283203125 -0.358245849609375 -0.318603515625
-0.187149047851562 -0.123138427734375 -0.140625 -0.529815673828125
-0.128326416015625 -0.0702743530273437 -0.13519287109375 -0.301666259765625
-0.0556411743164063 -0.0618782043457031 0.0332412719726563 -0.0765380859375
-0.059234619140625 -0.0928955078125 0.221267700195312 -0.10260009765625
-0.111000061035156 -0.0817642211914063 0.31610107421875 -0.17120361328125
-0.19952392578125 -0.0167236328125 0.359039306640625 -0.329254150390625
-0.1815185546875 0.0416717529296875 0.330657958984375 -0.45855712890625
-0.170791625976563 0.0653839111328125 0.289886474609375 -0.440643310546875
-0.197097778320313 0.0570068359375 0.28411865234375 -0.339874267578125
-0.162826538085937 0.00691223144531249 0.263214111328125 -0.169998168945313
-0.107749938964844 -0.0359573364257813 0.107551574707031 -0.0574111938476562
-0.0904388427734375 -0.0118408203125 -0.0482749938964844 -0.0503730773925781
-0.1214599609375 -0.0146865844726562 -0.139328002929688 -0.178939819335938
-0.188217163085938 -0.0820617675781249 -0.29766845703125 -0.318328857421875
-0.221221923828125 -0.172500610351563 -0.394287109375 -0.4246826171875
0.0384292602539063 -0.0817031860351563 0.440765380859375 0.39471435546875
0.0609359741210938 -0.0890884399414063 0.260772705078125 0.350067138671875
-0.0245208740234375 -0.107131958007812 0.146560668945313 0.182693481445313
-0.0868988037109375 -0.0446701049804688 0.037994384765625 0.0912857055664063
-0.0740509033203125 0.0169525146484375 -0.115455627441406 0.0245285034179688
-0.0427742004394531 0.0655975341796875 -0.311737060546875 0.15618896484375
-0.012115478515625 0.0917434692382813 -0.356689453125 0.37359619140625
-0.00966644287109375 0.0684089660644531 -0.32147216796875 0.466644287109375
0.000862121582031247 0.0749969482421875 -0.335174560546875 0.465576171875
-0.0341644287109375 0.0753555297851563 -0.3759765625 0.350433349609375
-0.0705947875976562 0.057952880859375 -0.2828369140625 0.226165771484375
-0.108367919921875 0.0219650268554688 -0.159774780273437 0.149307250976563
-0.0867919921875 -0.0758285522460938 -0.03643798828125 0.174591064453125
-0.0124053955078125 -0.104995727539063 0.1417236328125 0.377197265625
-0.00506973266601563 -0.0520133972167969 0.07354736328125 0.63079833984375
-0.120635986328125 -0.29071044921875 0.401611328125 0.36602783203125
-0.115753173828125 -0.233688354492188 0.197998046875 0.346527099609375
-0.167648315429688 -0.189926147460938 0.127166748046875 0.229934692382813
-0.233428955078125 -0.103195190429687 0.0590591430664062 0.124771118164063
-0.229354858398438 -0.00372314453125001 -0.0702705383300781 0.0166740417480469
-0.229537963867187 0.122024536132813 -0.283355712890625 0.12078857421875
-0.185577392578125 0.211669921875 -0.34521484375 0.315185546875
-0.183822631835937 0.190231323242188 -0.30096435546875 0.408599853515625
-0.192489624023438 0.202484130859375 -0.29803466796875 0.422637939453125
-0.247940063476562 0.150665283203125 -0.327972412109375 0.339111328125
-0.278976440429688 0.0454559326171875 -0.230926513671875 0.225631713867188
-0.301300048828125 -0.0397033691406251 -0.12750244140625 0.162979125976563
-0.226852416992187 -0.209442138671875 -0.00540161132812503 0.185302734375
-0.152557373046875 -0.29119873046875 0.122161865234375 0.351287841796875
-0.152084350585937 -0.263671875 0.0528564453125 0.569091796875
-0.2686767578125 -0.4769287109375 0.323638916015625 0.26983642578125
-0.287689208984375 -0.373504638671875 0.12823486328125 0.300933837890625
-0.30859375 -0.269500732421875 0.126785278320312 0.2474365234375
-0.369598388671875 -0.157073974609375 0.0986404418945312 0.127731323242188
-0.365936279296875 -0.0297546386718749 -0.00549983978271487 -0.00484609603881836
-0.393096923828125 0.156005859375 -0.210372924804688 0.062255859375
-0.336700439453125 0.295928955078125 -0.279708862304687 0.205551147460938
-0.333709716796875 0.284393310546875 -0.232208251953125 0.2884521484375
-0.35302734375 0.30889892578125 -0.21783447265625 0.316131591796875
-0.419769287109375 0.226409912109375 -0.236175537109375 0.28173828125
-0.448211669921875 0.059295654296875 -0.154327392578125 0.198440551757813
-0.46356201171875 -0.0629882812500001 -0.09185791015625 0.160171508789063
-0.356414794921875 -0.28887939453125 0.00239562988281247 0.168502807617187
-0.28564453125 -0.41326904296875 0.0565948486328125 0.270263671875
-0.288238525390625 -0.42181396484375 -0.00521850585937502 0.42730712890625
-0.37579345703125 -0.5965576171875 0.21630859375 0.120162963867187
-0.41522216796875 -0.47412109375 0.055938720703125 0.215545654296875
-0.41015625 -0.330108642578125 0.138961791992187 0.230300903320313
-0.462432861328125 -0.2030029296875 0.154739379882813 0.09674072265625
-0.45977783203125 -0.059112548828125 0.0777359008789062 -0.0435409545898438
-0.509246826171875 0.16387939453125 -0.101127624511719 -0.01800537109375
-0.4376220703125 0.3349609375 -0.168243408203125 0.0600128173828125
-0.428955078125 0.334625244140625 -0.131324768066406 0.123092651367188
-0.454376220703125 0.371063232421875 -0.112869262695312 0.160751342773438
-0.52008056640625 0.275054931640625 -0.117843627929687 0.176177978515625
-0.54144287109375 0.074462890625 -0.0685348510742188 0.139549255371094
-0.55059814453125 -0.0575866699218751 -0.0611648559570313 0.137245178222656
-0.4349365234375 -0.306060791015625 -0.0204238891601563 0.126937866210937
-0.381317138671875 -0.456878662109375 -0.0455474853515625 0.155532836914062
-0.38726806640625 -0.508026123046875 -0.0964813232421875 0.23919677734375
-0.41986083984375 -0.62078857421875 0.0977935791015625 -0.0699996948242188
-0.456085205078125 -0.4935302734375 -0.0150070190429688 0.0905303955078125
-0.42694091796875 -0.345306396484375 0.142471313476562 0.173416137695312
-0.47412109375 -0.2318115234375 0.206954956054687 0.040435791015625
-0.485260009765625 -0.0907287597656251 0.166091918945312 -0.0914306640625
-0.553558349609375 0.141326904296875 0.032012939453125 -0.108802795410156
-0.476348876953125 0.324493408203125 -0.0281448364257813 -0.0998001098632812
-0.460693359375 0.33282470703125 -0.0110588073730469 -0.0582084655761719
-0.48858642578125 0.368438720703125 0.00357627868652341 -0.012364387512207
-0.535919189453125 0.269134521484375 0.00720977783203122 0.0510711669921875
-0.54119873046875 0.0682067871093751 0.010284423828125 0.0664558410644531
-0.536163330078125 -0.048736572265625 -0.0423507690429688 0.0984725952148438
-0.43560791015625 -0.271087646484375 -0.0642929077148438 0.0676956176757812
-0.413116455078125 -0.425079345703125 -0.163467407226563 0.025482177734375
-0.431304931640625 -0.51519775390625 -0.201904296875 0.0333099365234375
-0.39459228515625 -0.53900146484375 -0.0117645263671875 -0.265518188476563
-0.40460205078125 -0.421966552734375 -0.0749664306640625 -0.0604782104492188
-0.35107421875 -0.305328369140625 0.121009826660156 0.0863265991210938
-0.39080810546875 -0.230224609375 0.2347412109375 -0.0241546630859375
-0.42498779296875 -0.113525390625 0.242416381835937 -0.131118774414063
-0.514068603515625 0.0982666015625 0.168869018554688 -0.197647094726563
-0.44110107421875 0.265533447265625 0.117431640625 -0.252593994140625
-0.41961669921875 0.281646728515625 0.109848022460937 -0.227813720703125
-0.451324462890625 0.30413818359375 0.11553955078125 -0.170303344726562
-0.472625732421875 0.205780029296875 0.12030029296875 -0.065399169921875
-0.447906494140625 0.0333251953125 0.0701332092285156 0.001556396484375
-0.42950439453125 -0.0462036132812501 -0.036376953125 0.0519256591796875
-0.361541748046875 -0.20184326171875 -0.110931396484375 -0.00801849365234377
-0.377410888671875 -0.3408203125 -0.2587890625 -0.105575561523438
-0.4105224609375 -0.45306396484375 -0.297882080078125 -0.157470703125
-0.31292724609375 -0.359466552734375 -0.09588623046875 -0.429595947265625
-0.282928466796875 -0.26812744140625 -0.118331909179688 -0.20343017578125
-0.212738037109375 -0.203704833984375 0.0766067504882812 -0.00547027587890626
-0.240631103515625 -0.183563232421875 0.233917236328125 -0.07342529296875
-0.29278564453125 -0.11077880859375 0.293792724609375 -0.15594482421875
-0.390960693359375 0.04510498046875 0.2845458984375 -0.27398681640625
-0.338134765625 0.16802978515625 0.242218017578125 -0.37957763671875
-0.318939208984375 0.188262939453125 0.213470458984375 -0.361419677734375
-0.349853515625 0.1947021484375 0.211090087890625 -0.28564453125
-0.339202880859375 0.109222412109375 0.20928955078125 -0.141769409179688
-0.29180908203125 -0.00875854492187499 0.103996276855469 -0.038604736328125
-0.266555786132813 -0.035308837890625 -0.0396804809570313 0.00219345092773438
-0.244674682617188 -0.112625122070312 -0.138999938964844 -0.0941314697265625
-0.295318603515625 -0.221282958984375 -0.30548095703125 -0.224090576171875
-0.3370361328125 -0.332061767578125 -0.365631103515625 -0.3143310546875
-0.18853759765625 -0.1214599609375 -0.146148681640625 -0.526885986328125
-0.128562927246094 -0.0702896118164063 -0.139984130859375 -0.299835205078125
-0.0560798645019531 -0.0636672973632812 0.0311737060546875 -0.0775680541992188
-0.0615997314453125 -0.096099853515625 0.216827392578125 -0.10723876953125
-0.114753723144531 -0.0831756591796875 0.313690185546875 -0.174468994140625
-0.203216552734375 -0.0135498046875 0.358612060546875 -0.3326416015625
-0.183212280273438 0.0438232421875 0.3255615234375 -0.464691162109375
-0.170181274414063 0.067596435546875 0.283935546875 -0.44207763671875
-0.196762084960938 0.0600128173828125 0.2799072265625 -0.342071533203125
-0.164154052734375 0.00874328613281247 0.263397216796875 -0.17449951171875
-0.108558654785156 -0.0378341674804688 0.110023498535156 -0.0582809448242188
-0.0909423828125 -0.0107269287109375 -0.0468902587890625 -0.0503120422363281
-0.121383666992188 -0.0136489868164062 -0.142730712890625 -0.18115234375
-0.190460205078125 -0.0812225341796875 -0.304534912109375 -0.316497802734375
-0.224807739257813 -0.169143676757812 -0.401031494140625 -0.420989990234375
0.0377120971679688 -0.0831527709960938 0.462371826171875 0.395355224609375
0.0593109130859375 -0.0941925048828125 0.276275634765625 0.351959228515625
-0.0290069580078125 -0.1097412109375 0.156005859375 0.184555053710938
-0.090484619140625 -0.0428314208984375 0.0428009033203125 0.0962905883789062
-0.0757827758789063 0.019256591796875 -0.118263244628906 0.0279083251953125
-0.0409355163574219 0.0688667297363281 -0.320526123046875 0.17095947265625
-0.00789642333984376 0.0951385498046875 -0.358184814453125 0.395111083984375
-0.006500244140625 0.071502685546875 -0.318084716796875 0.48663330078125
0.00482177734375 0.0783538818359375 -0.332489013671875 0.485107421875
-0.03228759765625 0.07952880859375 -0.378326416015625 0.369293212890625
-0.0717239379882812 0.0621719360351563 -0.285675048828125 0.240264892578125
-0.110527038574219 0.0263519287109375 -0.159744262695312 0.15875244140625
-0.0914230346679688 -0.0765304565429688 -0.033172607421875 0.18218994140625
-0.0161285400390625 -0.109794616699219 0.156951904296875 0.385345458984375
-0.00518035888671875 -0.0535430908203125 0.0908203124999999 0.64703369140625
-0.132080078125 -0.294952392578125 0.42132568359375 0.36737060546875
-0.125457763671875 -0.238113403320313 0.2105712890625 0.3511962890625
-0.175445556640625 -0.193313598632812 0.136688232421875 0.234207153320313
-0.244003295898438 -0.0997467041015625 0.0646591186523438 0.129852294921875
-0.237655639648437 0.00195312499999999 -0.0710296630859375 0.01861572265625
-0.23345947265625 0.131240844726563 -0.29107666015625 0.132354736328125
-0.184555053710937 0.222579956054687 -0.34759521484375 0.335784912109375
-0.182891845703125 0.201858520507812 -0.298583984375 0.42889404296875
-0.190719604492188 0.214370727539062 -0.296661376953125 0.44189453125
-0.250686645507812 0.163360595703125 -0.329071044921875 0.355987548828125
-0.287445068359375 0.05499267578125 -0.231552124023438 0.239303588867188
-0.312530517578125 -0.0330810546875 -0.125823974609375 0.17236328125
-0.239044189453125 -0.2130126953125 -0.000579833984375002 0.19061279296875
-0.1650390625 -0.30023193359375 0.135528564453125 0.358673095703125
-0.162506103515625 -0.268692016601563 0.0697021484375 0.585205078125
-0.28839111328125 -0.481353759765625 0.338409423828125 0.27374267578125
-0.30682373046875 -0.378997802734375 0.13720703125 0.307220458984375
-0.323211669921875 -0.273529052734375 0.135391235351562 0.251983642578125
-0.38531494140625 -0.152801513671875 0.104721069335937 0.131919860839844
-0.3804931640625 -0.0234069824218751 -0.00404357910156252 -0.00530242919921875
-0.40130615234375 0.169219970703125 -0.216049194335938 0.0700836181640625
-0.337646484375 0.31182861328125 -0.281585693359375 0.22119140625
-0.333709716796875 0.3038330078125 -0.233489990234375 0.30108642578125
-0.353912353515625 0.3297119140625 -0.217132568359375 0.329437255859375
-0.42681884765625 0.24554443359375 -0.23309326171875 0.29388427734375
-0.462005615234375 0.0731811523437499 -0.151199340820312 0.208404541015625
-0.48089599609375 -0.053466796875 -0.0881805419921875 0.167938232421875
-0.374420166015625 -0.2928466796875 0.00729370117187496 0.170654296875
-0.306488037109375 -0.423553466796875 0.067138671875 0.277511596679688
-0.30743408203125 -0.428314208984375 0.00482177734375002 0.441864013671875
-0.400634765625 -0.6041259765625 0.22412109375 0.121826171875
-0.439849853515625 -0.476165771484375 0.058807373046875 0.222549438476563
-0.428924560546875 -0.3345947265625 0.148193359375 0.23431396484375
-0.48260498046875 -0.198486328125 0.160781860351562 0.0985870361328125
-0.47802734375 -0.05291748046875 0.0807113647460937 -0.046356201171875
-0.521026611328125 0.179046630859375 -0.102874755859375 -0.0155258178710937
-0.4429931640625 0.354705810546875 -0.171112060546875 0.0687255859375
-0.43231201171875 0.35772705078125 -0.133216857910156 0.129737854003906
-0.45831298828125 0.396148681640625 -0.112945556640625 0.167205810546875
-0.529876708984375 0.297821044921875 -0.11328125 0.182296752929688
-0.560302734375 0.0908203125 -0.0636444091796875 0.145538330078125
-0.570556640625 -0.04620361328125 -0.0570526123046875 0.144546508789063
-0.456268310546875 -0.309539794921875 -0.017730712890625 0.126663208007813
-0.406219482421875 -0.46502685546875 -0.0421295166015625 0.160629272460937
-0.41156005859375 -0.513671875 -0.0953216552734375 0.250106811523437
-0.4488525390625 -0.628173828125 0.0980072021484375 -0.0698318481445313
-0.484222412109375 -0.497589111328125 -0.0163497924804688 0.0950241088867187
-0.44647216796875 -0.35089111328125 0.150604248046875 0.175567626953125
-0.495574951171875 -0.228607177734375 0.211776733398437 0.0380096435546875
-0.504547119140625 -0.0861816406250001 0.170211791992187 -0.097808837890625
-0.5687255859375 0.15771484375 0.032958984375 -0.113838195800781
-0.4842529296875 0.343475341796875 -0.0311737060546875 -0.0996017456054687
-0.463958740234375 0.356689453125 -0.0144691467285157 -0.05816650390625
-0.492462158203125 0.39581298828125 0.00140571594238278 -0.0132083892822265
-0.54669189453125 0.292816162109375 0.0117149353027343 0.0495338439941406
-0.55694580078125 0.0830078125 0.0159492492675781 0.0678596496582031
-0.556121826171875 -0.036407470703125 -0.039093017578125 0.1036376953125
-0.455841064453125 -0.27337646484375 -0.0647811889648438 0.0656051635742187
-0.43878173828125 -0.431793212890625 -0.166778564453125 0.030364990234375
-0.45654296875 -0.51922607421875 -0.210006713867188 0.04241943359375
-0.418975830078125 -0.542388916015625 -0.01763916015625 -0.26983642578125
-0.42779541015625 -0.424560546875 -0.0819320678710938 -0.0596771240234375
-0.366058349609375 -0.309967041015625 0.124717712402344 0.0854034423828125
-0.41070556640625 -0.230377197265625 0.235702514648437 -0.0286865234375
-0.444427490234375 -0.10986328125 0.246627807617188 -0.140167236328125
-0.528900146484375 0.113006591796875 0.171585083007813 -0.208236694335938
-0.449920654296875 0.282379150390625 0.11456298828125 -0.260818481445313
-0.4248046875 0.3013916015625 0.106185913085937 -0.235076904296875
-0.456878662109375 0.328277587890625 0.113052368164062 -0.17730712890625
-0.481414794921875 0.225341796875 0.124832153320312 -0.0722122192382812
-0.46331787109375 0.0451965332031249 0.0759811401367187 -0.000549316406249997
-0.4437255859375 -0.0346679687500001 -0.033599853515625 0.0551681518554687
-0.376068115234375 -0.20257568359375 -0.114738464355469 -0.011322021484375
-0.400634765625 -0.3441162109375 -0.269149780273437 -0.101547241210937
-0.436248779296875 -0.455718994140625 -0.313232421875 -0.152496337890625
-0.33135986328125 -0.362091064453125 -0.107452392578125 -0.438323974609375
-0.298736572265625 -0.27093505859375 -0.128372192382813 -0.205947875976563
-0.222946166992187 -0.209320068359375 0.0772171020507812 -0.00813293457031251
-0.254531860351563 -0.187026977539063 0.234130859375 -0.08074951171875
-0.307281494140625 -0.10943603515625 0.2994384765625 -0.1683349609375
-0.40435791015625 0.056396484375 0.287322998046875 -0.2890625
-0.345550537109375 0.1807861328125 0.241180419921875 -0.3956298828125
-0.322662353515625 0.201202392578125 0.209381103515625 -0.37542724609375
-0.354766845703125 0.210601806640625 0.208404541015625 -0.2972412109375
-0.349365234375 0.120697021484375 0.213409423828125 -0.153335571289062
-0.30224609375 -0.00448608398437504 0.109703063964844 -0.0437088012695312
-0.277069091796875 -0.0294647216796875 -0.0386276245117188 0.0028533935546875
-0.255538940429688 -0.11102294921875 -0.1475830078125 -0.09857177734375
-0.312774658203125 -0.222015380859375 -0.322540283203125 -0.22186279296875
-0.3580322265625 -0.332550048828125 -0.38702392578125 -0.312408447265625
-0.19732666015625 -0.120635986328125 -0.162017822265625 -0.536834716796875
-0.133979797363281 -0.0705490112304687 -0.151580810546875 -0.305145263671875
-0.0594978332519531 -0.0658607482910156 0.0291748046875 -0.0810928344726563
-0.0680007934570312 -0.100227355957031 0.21630859375 -0.115493774414063
-0.123252868652344 -0.08447265625 0.31756591796875 -0.1876220703125
-0.212142944335938 -0.0070343017578125 0.361907958984375 -0.3515625
-0.18963623046875 0.04931640625 0.32257080078125 -0.485992431640625
-0.173812866210937 0.07281494140625 0.280792236328125 -0.46051025390625
-0.201385498046875 0.0679168701171875 0.277496337890625 -0.357818603515625
-0.170089721679687 0.012481689453125 0.267990112304688 -0.188262939453125
-0.112998962402344 -0.037445068359375 0.11431884765625 -0.063720703125
-0.0932464599609375 -0.00834655761718751 -0.0478782653808594 -0.0502662658691406
-0.125 -0.0118255615234375 -0.1529541015625 -0.186477661132812
-0.199020385742188 -0.0785980224609375 -0.3211669921875 -0.31610107421875
-0.236190795898438 -0.167556762695313 -0.425445556640625 -0.422882080078125
0.0353927612304687 -0.0872116088867187 0.5020751953125 0.384490966796875
0.0557327270507812 -0.10284423828125 0.30596923828125 0.34881591796875
-0.0366439819335938 -0.113433837890625 0.171600341796875 0.1837158203125
-0.0968475341796875 -0.0389480590820313 0.0529251098632812 0.0986862182617188
-0.0770339965820313 0.025390625 -0.122894287109375 0.0359878540039063
-0.039642333984375 0.0744247436523438 -0.326812744140625 0.1993408203125
-0.00115203857421874 0.0987396240234375 -0.349761962890625 0.432861328125
-0.000747680664062499 0.0753860473632813 -0.302734375 0.52008056640625
0.0122528076171875 0.0804290771484375 -0.319061279296875 0.51849365234375
-0.028564453125 0.0850296020507813 -0.3717041015625 0.403564453125
-0.0719070434570312 0.0691680908203125 -0.281829833984375 0.2662353515625
-0.112098693847656 0.0334243774414063 -0.155303955078125 0.174667358398438
-0.1002197265625 -0.076751708984375 -0.0236358642578125 0.19366455078125
-0.0238494873046875 -0.116371154785156 0.18621826171875 0.389434814453125
-0.00745391845703125 -0.0566291809082031 0.13165283203125 0.665283203125
-0.15185546875 -0.29669189453125 0.4578857421875 0.359832763671875
-0.145584106445313 -0.240509033203125 0.23675537109375 0.352203369140625
-0.194793701171875 -0.19390869140625 0.153533935546875 0.235733032226563
-0.260360717773438 -0.089111328125 0.0756072998046875 0.13299560546875
-0.247573852539063 0.0142669677734375 -0.0731277465820313 0.022705078125
-0.23638916015625 0.148941040039063 -0.296844482421875 0.156463623046875
-0.177505493164062 0.241119384765625 -0.340423583984375 0.370330810546875
-0.177444458007813 0.221023559570313 -0.285614013671875 0.4603271484375
-0.185348510742188 0.23492431640625 -0.282745361328125 0.472320556640625
-0.2510986328125 0.1846923828125 -0.319793701171875 0.3865966796875
-0.2979736328125 0.07501220703125 -0.225738525390625 0.261688232421875
-0.326263427734375 -0.0157775878906249 -0.118072509765625 0.186721801757813
-0.261428833007813 -0.2115478515625 0.010284423828125 0.1978759765625
-0.190460205078125 -0.30718994140625 0.162567138671875 0.363861083984375
-0.184234619140625 -0.2708740234375 0.10247802734375 0.6031494140625
-0.32672119140625 -0.483428955078125 0.36590576171875 0.268646240234375
-0.339569091796875 -0.375823974609375 0.155792236328125 0.313629150390625
-0.350677490234375 -0.27313232421875 0.153594970703125 0.253280639648437
-0.409942626953125 -0.137664794921875 0.117050170898437 0.134796142578125
-0.397979736328125 -0.00393676757812502 -0.00360441207885745 -0.00588893890380859
-0.410400390625 0.19683837890625 -0.22027587890625 0.0856475830078125
-0.333282470703125 0.34326171875 -0.27874755859375 0.247406005859375
-0.325714111328125 0.33587646484375 -0.2257080078125 0.3255615234375
-0.346282958984375 0.364013671875 -0.20770263671875 0.352264404296875
-0.428436279296875 0.281494140625 -0.224273681640625 0.315216064453125
-0.4803466796875 0.102874755859375 -0.1434326171875 0.226486206054688
-0.50482177734375 -0.026397705078125 -0.0789794921875 0.181304931640625
-0.404998779296875 -0.28973388671875 0.0165252685546875 0.173309326171875
-0.34442138671875 -0.427734375 0.08721923828125 0.28240966796875
-0.342803955078125 -0.429412841796875 0.02862548828125 0.45855712890625
-0.45025634765625 -0.604248046875 0.2403564453125 0.117752075195312
-0.48516845703125 -0.47015380859375 0.07080078125 0.231674194335937
-0.46563720703125 -0.32940673828125 0.166717529296875 0.235748291015625
-0.51507568359375 -0.17926025390625 0.17095947265625 0.0969085693359375
-0.503387451171875 -0.028839111328125 0.0826797485351562 -0.0547866821289063
-0.53338623046875 0.214019775390625 -0.106697082519531 -0.0106124877929687
-0.440277099609375 0.392791748046875 -0.172927856445313 0.082794189453125
-0.426666259765625 0.397705078125 -0.132171630859375 0.143798828125
-0.45098876953125 0.43841552734375 -0.109344482421875 0.179412841796875
-0.533538818359375 0.341766357421875 -0.10479736328125 0.19354248046875
-0.57891845703125 0.12371826171875 -0.0545654296875 0.155487060546875
-0.59954833984375 -0.013671875 -0.048126220703125 0.153610229492188
-0.491668701171875 -0.301025390625 -0.0120468139648438 0.127601623535156
-0.4522705078125 -0.4637451171875 -0.0346527099609375 0.16888427734375
-0.4578857421875 -0.508636474609375 -0.0873565673828125 0.266311645507812
-0.499755859375 -0.62744140625 0.0993576049804687 -0.0751190185546875
-0.531982421875 -0.4898681640625 -0.0154647827148438 0.10247802734375
-0.484405517578125 -0.345947265625 0.16546630859375 0.173721313476562
-0.5301513671875 -0.211944580078125 0.220062255859375 0.0295562744140625
-0.534088134765625 -0.0624084472656251 0.172760009765625 -0.111602783203125
-0.585693359375 0.1956787109375 0.0295028686523437 -0.121017456054688
-0.485260009765625 0.382843017578125 -0.0385284423828125 -0.099822998046875
-0.46112060546875 0.39849853515625 -0.02001953125 -0.0582313537597656
-0.48870849609375 0.440521240234375 -0.00127029418945316 -0.0132904052734375
-0.55108642578125 0.3343505859375 0.0171966552734375 0.0473060607910156
-0.57843017578125 0.11639404296875 0.0235977172851562 0.0705108642578125
-0.58154296875 -0.00463867187499992 -0.0313568115234375 0.11083984375
-0.4891357421875 -0.2623291015625 -0.0649642944335938 0.0656890869140625
-0.48333740234375 -0.4287109375 -0.1724853515625 0.04119873046875
-0.505126953125 -0.511810302734375 -0.21783447265625 0.05743408203125
-0.466705322265625 -0.539581298828125 -0.032958984375 -0.275665283203125
-0.470458984375 -0.41558837890625 -0.0909805297851563 -0.054443359375
-0.39739990234375 -0.308380126953125 0.133125305175781 0.0826187133789062
-0.442626953125 -0.2178955078125 0.239761352539062 -0.0409088134765625
-0.47149658203125 -0.0916137695312499 0.24945068359375 -0.160415649414063
-0.546600341796875 0.148773193359375 0.169357299804688 -0.226226806640625
-0.456329345703125 0.317474365234375 0.10467529296875 -0.276016235351562
-0.423095703125 0.33685302734375 0.0970458984375 -0.248641967773437
-0.455780029296875 0.368255615234375 0.105209350585937 -0.188568115234375
-0.489410400390625 0.262359619140625 0.127334594726562 -0.0859527587890625
-0.4801025390625 0.070037841796875 0.0811996459960937 -0.0051727294921875
-0.462921142578125 -0.01116943359375 -0.0296859741210938 0.0594367980957031
-0.401885986328125 -0.191009521484375 -0.122589111328125 -0.011505126953125
-0.43731689453125 -0.33642578125 -0.286590576171875 -0.0894165039062501
-0.478240966796875 -0.44659423828125 -0.336151123046875 -0.13861083984375
-0.36480712890625 -0.355987548828125 -0.13446044921875 -0.44647216796875
-0.32696533203125 -0.26483154296875 -0.147140502929688 -0.206192016601563
-0.243606567382812 -0.208694458007813 0.0790863037109375 -0.0120315551757813
-0.27740478515625 -0.183609008789063 0.233673095703125 -0.095611572265625
-0.3304443359375 -0.098297119140625 0.302459716796875 -0.19091796875
-0.41888427734375 0.0833740234375 0.28375244140625 -0.3167724609375
-0.35284423828125 0.205352783203125 0.2266845703125 -0.42388916015625
-0.324859619140625 0.228057861328125 0.196502685546875 -0.399505615234375
-0.3565673828125 0.24090576171875 0.20025634765625 -0.318603515625
-0.356536865234375 0.147674560546875 0.214691162109375 -0.173736572265625
-0.31475830078125 0.0115661621093749 0.113632202148437 -0.0538177490234375
-0.287689208984375 -0.01416015625 -0.0367317199707031 0.0048370361328125
-0.26947021484375 -0.102188110351563 -0.160003662109375 -0.097869873046875
-0.33868408203125 -0.213409423828125 -0.348541259765625 -0.211212158203125
-0.389068603515625 -0.323577880859375 -0.4208984375 -0.299957275390625
-0.211196899414062 -0.11444091796875 -0.19378662109375 -0.547821044921875
-0.144012451171875 -0.0662078857421875 -0.175262451171875 -0.31036376953125
-0.06536865234375 -0.0665435791015625 0.024871826171875 -0.0870132446289063
-0.07745361328125 -0.103385925292969 0.213211059570313 -0.13031005859375
-0.135276794433594 -0.0829696655273438 0.32086181640625 -0.209869384765625
-0.222640991210938 0.00659179687499998 0.35699462890625 -0.386199951171875
-0.196304321289062 0.0615234375 0.309844970703125 -0.5225830078125
-0.17669677734375 0.084686279296875 0.26593017578125 -0.49176025390625
-0.205474853515625 0.0829315185546875 0.26800537109375 -0.38427734375
-0.177459716796875 0.02239990234375 0.26885986328125 -0.212295532226563
-0.121116638183594 -0.035247802734375 0.11724853515625 -0.0737838745117188
-0.09619140625 -0.00326538085937502 -0.0511207580566406 -0.0505447387695312
-0.131134033203125 -0.00536346435546876 -0.17083740234375 -0.18780517578125
-0.21307373046875 -0.07037353515625 -0.353912353515625 -0.3079833984375
-0.25439453125 -0.15936279296875 -0.46661376953125 -0.41241455078125
0.0296401977539063 -0.0910110473632813 0.54144287109375 0.34893798828125
0.0492782592773438 -0.110893249511719 0.34112548828125 0.32781982421875
-0.0473480224609375 -0.1116943359375 0.188262939453125 0.171539306640625
-0.103355407714844 -0.0305252075195312 0.0641937255859375 0.0965042114257813
-0.078399658203125 0.0322265625 -0.122344970703125 0.0461349487304688
-0.0335693359375 0.0803604125976563 -0.31817626953125 0.232330322265625
0.00888824462890626 0.098876953125 -0.3184814453125 0.469940185546875
0.00632476806640624 0.0752105712890625 -0.266815185546875 0.55120849609375
0.01947021484375 0.0814285278320312 -0.286651611328125 0.551544189453125
-0.0206832885742187 0.0887832641601563 -0.345367431640625 0.4388427734375
-0.0660934448242188 0.076873779296875 -0.26605224609375 0.29241943359375
-0.111579895019531 0.0425186157226563 -0.142837524414062 0.192718505859375
-0.108901977539062 -0.0725250244140625 -0.00679016113281252 0.200729370117188
-0.0357742309570313 -0.11846923828125 0.221710205078125 0.3807373046875
-0.0121040344238281 -0.0563926696777344 0.18719482421875 0.666259765625
-0.17822265625 -0.29010009765625 0.494232177734375 0.329559326171875
-0.167495727539063 -0.233306884765625 0.26849365234375 0.33953857421875
-0.215225219726562 -0.186447143554688 0.176040649414063 0.227264404296875
-0.273101806640625 -0.0693969726562499 0.0895767211914063 0.133323669433594
-0.254531860351563 0.0332946777343749 -0.0713424682617188 0.0285568237304688
-0.228347778320313 0.170944213867187 -0.28875732421875 0.18719482421875
-0.161331176757812 0.25811767578125 -0.314056396484375 0.405975341796875
-0.160995483398437 0.237640380859375 -0.25390625 0.488739013671875
-0.1671142578125 0.253585815429688 -0.253662109375 0.502105712890625
-0.239242553710937 0.208755493164063 -0.294281005859375 0.417144775390625
-0.298004150390625 0.101104736328125 -0.206512451171875 0.285247802734375
-0.337066650390625 0.01025390625 -0.104507446289062 0.199539184570313
-0.284454345703125 -0.19757080078125 0.0263824462890625 0.19915771484375
-0.219146728515625 -0.300567626953125 0.19732666015625 0.355987548828125
-0.207855224609375 -0.262008666992188 0.15411376953125 0.60296630859375
-0.368133544921875 -0.46392822265625 0.398223876953125 0.246856689453125
-0.378326416015625 -0.353424072265625 0.183197021484375 0.307830810546875
-0.383697509765625 -0.252288818359375 0.17523193359375 0.246002197265625
-0.431488037109375 -0.106292724609375 0.128036499023437 0.130691528320313
-0.410430908203125 0.026702880859375 -0.00423955917358401 -0.00669002532958984
-0.40185546875 0.234222412109375 -0.216110229492188 0.107345581054688
-0.31219482421875 0.375732421875 -0.263229370117188 0.275360107421875
-0.30322265625 0.367218017578125 -0.20611572265625 0.3497314453125
-0.320526123046875 0.3983154296875 -0.18505859375 0.373291015625
-0.414093017578125 0.321075439453125 -0.20172119140625 0.3363037109375
-0.4852294921875 0.142578125 -0.12432861328125 0.240798950195313
-0.51904296875 0.0133972167968749 -0.0614776611328125 0.190933227539063
-0.43878173828125 -0.268280029296875 0.02899169921875 0.172210693359375
-0.386993408203125 -0.41241455078125 0.112503051757812 0.28070068359375
-0.383026123046875 -0.408966064453125 0.067138671875 0.4664306640625
-0.50640869140625 -0.57928466796875 0.257110595703125 0.10491943359375
-0.532806396484375 -0.439208984375 0.0883941650390625 0.231216430664063
-0.5009765625 -0.303680419921875 0.186431884765625 0.226593017578125
-0.542144775390625 -0.142486572265625 0.181198120117187 0.088714599609375
-0.5191650390625 0.01165771484375 0.0788726806640625 -0.0620193481445312
-0.52813720703125 0.25982666015625 -0.106971740722656 -0.00136566162109375
-0.418701171875 0.4351806640625 -0.168594360351563 0.0991668701171875
-0.401153564453125 0.441497802734375 -0.124298095703125 0.156814575195313
-0.4215087890625 0.483642578125 -0.09722900390625 0.191055297851563
-0.514007568359375 0.393096923828125 -0.0891265869140625 0.201492309570313
-0.58489990234375 0.17559814453125 -0.0399322509765625 0.160324096679688
-0.61273193359375 0.0347290039062501 -0.0326385498046875 0.158767700195312
-0.5274658203125 -0.27313232421875 -0.00309753417968754 0.124702453613281
-0.499603271484375 -0.4395751953125 -0.0198211669921875 0.174819946289062
-0.50665283203125 -0.47967529296875 -0.069610595703125 0.281524658203125
-0.55767822265625 -0.59735107421875 0.0961990356445312 -0.0795822143554688
-0.58251953125 -0.45233154296875 -0.0098648071289063 0.108192443847656
-0.522796630859375 -0.321868896484375 0.1810302734375 0.163040161132812
-0.55908203125 -0.1729736328125 0.224166870117187 0.016143798828125
-0.552734375 -0.022064208984375 0.169113159179687 -0.12786865234375
-0.5833740234375 0.24481201171875 0.0224838256835937 -0.124778747558594
-0.467803955078125 0.427642822265625 -0.0449752807617188 -0.0967254638671875
-0.437103271484375 0.442291259765625 -0.0252113342285157 -0.05523681640625
-0.462005615234375 0.4906005859375 -0.00262546539306643 -0.0104703903198242
-0.53778076171875 0.38885498046875 0.0222434997558593 0.0418357849121094
-0.58636474609375 0.16680908203125 0.0339241027832031 0.0666007995605469
-0.59259033203125 0.0450439453124999 -0.01861572265625 0.115425109863281
-0.5203857421875 -0.232269287109375 -0.0623626708984375 0.0661430358886718
-0.52728271484375 -0.397979736328125 -0.16925048828125 0.0554962158203125
-0.555389404296875 -0.4803466796875 -0.21710205078125 0.08026123046875
-0.5198974609375 -0.5123291015625 -0.052825927734375 -0.276199340820313
-0.51446533203125 -0.3828125 -0.0994033813476563 -0.0460357666015625
-0.432464599609375 -0.28509521484375 0.142852783203125 0.0725860595703125
-0.47247314453125 -0.18902587890625 0.237060546875 -0.0568084716796875
-0.49261474609375 -0.0577392578125001 0.241607666015625 -0.184890747070312
-0.5501708984375 0.196014404296875 0.153839111328125 -0.245819091796875
-0.440277099609375 0.35791015625 0.084625244140625 -0.287322998046875
-0.402618408203125 0.37713623046875 0.0768280029296874 -0.25811767578125
-0.43145751953125 0.413970947265625 0.09515380859375 -0.19873046875
-0.47576904296875 0.307220458984375 0.124534606933594 -0.100372314453125
-0.48724365234375 0.110748291015625 0.0874710083007812 -0.0150985717773437
-0.472747802734375 0.025543212890625 -0.023223876953125 0.0632057189941406
-0.4249267578125 -0.16571044921875 -0.126914978027344 -0.00697326660156254
-0.47564697265625 -0.306884765625 -0.29803466796875 -0.066741943359375
-0.52459716796875 -0.41021728515625 -0.355560302734375 -0.107452392578125
-0.3988037109375 -0.335693359375 -0.171600341796875 -0.443206787109375
-0.35296630859375 -0.23956298828125 -0.16888427734375 -0.1951904296875
-0.26190185546875 -0.19842529296875 0.0807418823242187 -0.0180282592773438
-0.299102783203125 -0.1685791015625 0.2274169921875 -0.113693237304688
-0.350921630859375 -0.07562255859375 0.289093017578125 -0.217864990234375
-0.421875 0.117462158203125 0.264801025390625 -0.34783935546875
-0.3446044921875 0.240081787109375 0.196624755859375 -0.449859619140625
-0.312347412109375 0.25592041015625 0.165771484375 -0.42242431640625
-0.34417724609375 0.27374267578125 0.178680419921875 -0.337066650390625
-0.350616455078125 0.17822265625 0.204940795898437 -0.1988525390625
-0.321868896484375 0.035675048828125 0.1171875 -0.0631790161132813
-0.292022705078125 0.00909423828125005 -0.0360565185546875 0.00545120239257812
-0.284423828125 -0.084136962890625 -0.175308227539063 -0.0914459228515625
-0.367889404296875 -0.190673828125 -0.3695068359375 -0.184326171875
-0.42291259765625 -0.295013427734375 -0.45440673828125 -0.26666259765625
-0.224258422851563 -0.09954833984375 -0.2396240234375 -0.53955078125
-0.15228271484375 -0.054718017578125 -0.20404052734375 -0.3006591796875
-0.0712738037109375 -0.0642852783203125 0.0168838500976562 -0.0898971557617188
-0.0919265747070313 -0.101005554199219 0.202133178710938 -0.147903442382813
-0.148193359375 -0.074554443359375 0.308746337890625 -0.238037109375
-0.22723388671875 0.026123046875 0.330291748046875 -0.420745849609375
-0.198287963867188 0.08062744140625 0.271942138671875 -0.55609130859375
-0.174484252929688 0.099609375 0.230499267578125 -0.518707275390625
-0.202224731445313 0.101272583007813 0.24432373046875 -0.412322998046875
-0.180389404296875 0.0384979248046875 0.256210327148438 -0.239990234375
-0.126762390136719 -0.0274505615234375 0.113327026367188 -0.0855026245117188
-0.097564697265625 0.00421905517578125 -0.0548973083496094 -0.0486106872558594
-0.133094787597656 0.00719451904296875 -0.190109252929688 -0.179901123046875
-0.2235107421875 -0.0526123046875 -0.38433837890625 -0.28564453125
-0.2720947265625 -0.141159057617188 -0.5093994140625 -0.379791259765625
0.0243148803710938 -0.0932693481445313 0.5625 0.3031005859375
0.0371856689453125 -0.114105224609375 0.359832763671875 0.29681396484375
-0.0576095581054687 -0.108085632324219 0.19696044921875 0.155960083007813
-0.103828430175781 -0.0218124389648437 0.0718536376953125 0.0930099487304687
-0.0748977661132813 0.037353515625 -0.11572265625 0.0547027587890625
-0.0279006958007812 0.0831985473632812 -0.2939453125 0.25726318359375
0.0162887573242187 0.0977935791015625 -0.2772216796875 0.488037109375
0.014251708984375 0.0732192993164063 -0.22357177734375 0.5625
0.0276107788085937 0.0768661499023438 -0.2421875 0.5657958984375
-0.0115966796875 0.0902557373046875 -0.310089111328125 0.459320068359375
-0.0605010986328125 0.08416748046875 -0.2384033203125 0.30804443359375
-0.107017517089844 0.0511856079101563 -0.124191284179688 0.198471069335937
-0.116317749023438 -0.0634994506835938 0.00805664062500001 0.200286865234375
-0.04608154296875 -0.116104125976563 0.251434326171875 0.35711669921875
-0.0135765075683594 -0.0563545227050781 0.23797607421875 0.64227294921875
-0.197967529296875 -0.273971557617188 0.515625 0.28741455078125
-0.1842041015625 -0.217514038085938 0.289154052734375 0.3162841796875
-0.228897094726563 -0.167129516601563 0.188690185546875 0.210601806640625
-0.277206420898438 -0.0471954345703125 0.101737976074219 0.125823974609375
-0.250137329101562 0.054290771484375 -0.0681724548339844 0.0335350036621094
-0.21417236328125 0.190155029296875 -0.269012451171875 0.208877563476562
-0.14056396484375 0.268417358398438 -0.276519775390625 0.427032470703125
-0.137161254882813 0.2471923828125 -0.214019775390625 0.500885009765625
-0.1439208984375 0.262435913085937 -0.214935302734375 0.51416015625
-0.22100830078125 0.226211547851563 -0.261138916015625 0.43353271484375
-0.290435791015625 0.1251220703125 -0.180450439453125 0.294586181640625
-0.33001708984375 0.0347900390625001 -0.0832977294921875 0.206008911132813
-0.299407958984375 -0.179595947265625 0.042694091796875 0.194366455078125
-0.24359130859375 -0.284271240234375 0.222747802734375 0.336395263671875
-0.224411010742188 -0.241897583007812 0.201171875 0.58544921875
-0.402191162109375 -0.4327392578125 0.412689208984375 0.213165283203125
-0.402374267578125 -0.319061279296875 0.201171875 0.291107177734375
-0.39898681640625 -0.224456787109375 0.191864013671875 0.228683471679687
-0.43743896484375 -0.0715942382812501 0.14141845703125 0.121780395507813
-0.404510498046875 0.0593566894531249 -0.0030169486999512 -0.0077371597290039
-0.38226318359375 0.262939453125 -0.204330444335938 0.12408447265625
-0.283172607421875 0.394805908203125 -0.236175537109375 0.293365478515625
-0.26898193359375 0.386505126953125 -0.17535400390625 0.3609619140625
-0.285919189453125 0.42034912109375 -0.15771484375 0.384429931640625
-0.3857421875 0.352935791015625 -0.175811767578125 0.34698486328125
-0.471710205078125 0.181182861328125 -0.101043701171875 0.246200561523438
-0.513397216796875 0.0537719726562501 -0.04388427734375 0.192306518554688
-0.45587158203125 -0.2369384765625 0.0414886474609375 0.1651611328125
-0.418670654296875 -0.382659912109375 0.133056640625 0.266357421875
-0.40887451171875 -0.3741455078125 0.099578857421875 0.455322265625
-0.545318603515625 -0.535430908203125 0.263885498046875 0.0852508544921875
-0.562042236328125 -0.389373779296875 0.102828979492187 0.225357055664063
-0.523162841796875 -0.267333984375 0.201095581054687 0.208984375
-0.54986572265625 -0.0990295410156249 0.187057495117187 0.0756072998046875
-0.516510009765625 0.050628662109375 0.0748367309570312 -0.0698928833007813
-0.506866455078125 0.298309326171875 -0.105720520019531 0.0052490234375
-0.386016845703125 0.4608154296875 -0.157745361328125 0.111953735351563
-0.3614501953125 0.46612548828125 -0.11138916015625 0.166168212890625
-0.3800048828125 0.51434326171875 -0.0843505859375 0.197235107421875
-0.4803466796875 0.429779052734375 -0.076263427734375 0.203399658203125
-0.56939697265625 0.22088623046875 -0.024505615234375 0.160415649414063
-0.602783203125 0.0841064453125001 -0.016357421875 0.159347534179688
-0.545166015625 -0.235687255859375 0.00305175781249998 0.120567321777344
-0.532745361328125 -0.399749755859375 -0.00483703613281252 0.17193603515625
-0.53717041015625 -0.434051513671875 -0.04498291015625 0.286163330078125
-0.598876953125 -0.549560546875 0.0922927856445312 -0.0832901000976563
-0.61419677734375 -0.4019775390625 -0.00334930419921878 0.112777709960937
-0.543792724609375 -0.283416748046875 0.194442749023437 0.14599609375
-0.56988525390625 -0.1290283203125 0.221527099609375 0.00183105468749999
-0.55267333984375 0.0199584960937501 0.157012939453125 -0.141494750976563
-0.561187744140625 0.289215087890625 0.0139541625976562 -0.127822875976563
-0.432891845703125 0.457427978515625 -0.0528030395507813 -0.0908660888671875
-0.396392822265625 0.47222900390625 -0.0305557250976563 -0.0510902404785156
-0.41412353515625 0.520904541015625 -0.00421905517578128 -0.0112028121948242
-0.501861572265625 0.4261474609375 0.02392578125 0.0361175537109375
-0.5687255859375 0.210205078125 0.0405769348144531 0.0624618530273438
-0.583984375 0.0904541015624999 -0.00651550292968754 0.113922119140625
-0.532318115234375 -0.1962890625 -0.0619049072265625 0.0658073425292968
-0.557098388671875 -0.355682373046875 -0.164581298828125 0.0680389404296874
-0.58544921875 -0.42840576171875 -0.208999633789063 0.09912109375
-0.553741455078125 -0.467681884765625 -0.069549560546875 -0.2655029296875
-0.53961181640625 -0.3380126953125 -0.102455139160156 -0.035186767578125
-0.450042724609375 -0.256927490234375 0.147048950195312 0.0595550537109375
-0.483154296875 -0.1534423828125 0.228866577148438 -0.0740509033203125
-0.495635986328125 -0.017669677734375 0.224258422851562 -0.20111083984375
-0.530609130859375 0.2362060546875 0.134429931640625 -0.253799438476563
-0.411529541015625 0.3902587890625 0.06195068359375 -0.28955078125
-0.370452880859375 0.4022216796875 0.05419921875 -0.25933837890625
-0.39813232421875 0.441375732421875 0.0770721435546875 -0.203536987304688
-0.44903564453125 0.341888427734375 0.112846374511719 -0.111862182617187
-0.476898193359375 0.14642333984375 0.0868606567382812 -0.0204544067382812
-0.465484619140625 0.0626831054687501 -0.0125999450683594 0.0629959106445313
-0.43243408203125 -0.13433837890625 -0.130790710449219 -0.00015258789062503
-0.497833251953125 -0.268463134765625 -0.29901123046875 -0.0433654785156251
-0.551177978515625 -0.36712646484375 -0.35919189453125 -0.076568603515625
-0.420135498046875 -0.29876708984375 -0.197845458984375 -0.4207763671875
-0.372833251953125 -0.21038818359375 -0.18280029296875 -0.180496215820313
-0.275848388671875 -0.179183959960938 0.079833984375 -0.0276565551757813
-0.313629150390625 -0.143402099609375 0.213302612304687 -0.127593994140625
-0.355560302734375 -0.047119140625 0.270706176757813 -0.235977172851563
-0.41015625 0.150360107421875 0.235595703125 -0.3623046875
-0.32794189453125 0.264678955078125 0.1607666015625 -0.455963134765625
-0.291259765625 0.2794189453125 0.131378173828125 -0.427093505859375
-0.3189697265625 0.296539306640625 0.15118408203125 -0.3477783203125
-0.335540771484375 0.203582763671875 0.186843872070312 -0.214752197265625
-0.317779541015625 0.058624267578125 0.108863830566406 -0.0739593505859375
-0.288726806640625 0.03253173828125 -0.03192138671875 0.00943565368652343
-0.286773681640625 -0.0633544921875001 -0.182769775390625 -0.07965087890625
-0.3768310546875 -0.159820556640625 -0.379547119140625 -0.153076171875
-0.440155029296875 -0.257171630859375 -0.46661376953125 -0.22467041015625
-0.228378295898438 -0.0802154541015625 -0.274383544921875 -0.51654052734375
-0.156204223632812 -0.0414276123046875 -0.226318359375 -0.2828369140625
-0.07574462890625 -0.0598220825195312 0.0108871459960937 -0.0911941528320313
-0.0996017456054687 -0.0945205688476563 0.185623168945313 -0.159820556640625
-0.155288696289063 -0.0612640380859375 0.285736083984375 -0.258575439453125
-0.22308349609375 0.0444183349609375 0.2939453125 -0.442657470703125
-0.192001342773438 0.095458984375 0.22332763671875 -0.5701904296875
-0.1666259765625 0.11181640625 0.189697265625 -0.529754638671875
-0.193008422851562 0.115966796875 0.2113037109375 -0.425506591796875
-0.176437377929688 0.0514373779296875 0.236175537109375 -0.257369995117188
-0.128837585449219 -0.0192413330078125 0.106834411621094 -0.0940475463867188
-0.095123291015625 0.0113906860351563 -0.0582504272460938 -0.0444793701171875
-0.130142211914063 0.01629638671875 -0.204086303710938 -0.16448974609375
-0.226974487304688 -0.0353546142578125 -0.400543212890625 -0.249603271484375
-0.280029296875 -0.117919921875 -0.531768798828125 -0.3331298828125
0.0188827514648438 -0.0936737060546875 0.56280517578125 0.26141357421875
0.0291290283203125 -0.114006042480469 0.363372802734375 0.269744873046875
-0.0636215209960938 -0.1024169921875 0.19976806640625 0.14300537109375
-0.102500915527344 -0.0157089233398437 0.0793914794921875 0.0876083374023437
-0.07171630859375 0.0399398803710937 -0.109199523925781 0.0595016479492188
-0.0216598510742188 0.0851593017578125 -0.271774291992188 0.26959228515625
0.0207595825195312 0.0932159423828125 -0.244354248046875 0.4898681640625
0.0175399780273438 0.0690689086914062 -0.188446044921875 0.557952880859375
0.0318603515625 0.071502685546875 -0.208984375 0.56512451171875
-0.005340576171875 0.0889968872070312 -0.28118896484375 0.463775634765625
-0.054718017578125 0.0874099731445313 -0.214996337890625 0.311553955078125
-0.101676940917969 0.0549545288085937 -0.107864379882813 0.199142456054687
-0.118629455566406 -0.0579376220703125 0.0197906494140625 0.196624755859375
-0.0544357299804688 -0.112655639648438 0.26556396484375 0.334442138671875
-0.0152244567871094 -0.0538520812988281 0.26531982421875 0.61138916015625
-0.208633422851563 -0.25811767578125 0.518096923828125 0.25164794921875
-0.191574096679688 -0.201690673828125 0.296875 0.291778564453125
-0.235519409179688 -0.153976440429687 0.193771362304687 0.195541381835938
-0.274185180664063 -0.0300750732421875 0.109100341796875 0.118904113769531
-0.242233276367188 0.0669097900390625 -0.0631027221679688 0.0353507995605469
-0.200469970703125 0.198699951171875 -0.2496337890625 0.219833374023437
-0.123550415039063 0.26934814453125 -0.246826171875 0.42974853515625
-0.121688842773437 0.248016357421875 -0.183807373046875 0.50018310546875
-0.125930786132812 0.264450073242187 -0.18402099609375 0.512939453125
-0.203231811523438 0.234146118164062 -0.233489990234375 0.4368896484375
-0.278549194335938 0.139999389648438 -0.15802001953125 0.29595947265625
-0.322174072265625 0.052001953125 -0.067169189453125 0.202346801757813
-0.304656982421875 -0.162109375 0.0498504638671875 0.18695068359375
-0.257354736328125 -0.2672119140625 0.238006591796875 0.31500244140625
-0.229583740234375 -0.224822998046875 0.225433349609375 0.55877685546875
-0.416351318359375 -0.403228759765625 0.4154052734375 0.1876220703125
-0.409576416015625 -0.288421630859375 0.210464477539063 0.275955200195313
-0.4058837890625 -0.20166015625 0.196990966796875 0.211166381835937
-0.432891845703125 -0.045684814453125 0.145751953125 0.11309814453125
-0.393829345703125 0.0816345214843749 -0.00196599960327151 -0.00875329971313476
-0.362396240234375 0.27972412109375 -0.191009521484375 0.130416870117188
-0.25634765625 0.402130126953125 -0.21392822265625 0.29937744140625
-0.243194580078125 0.391937255859375 -0.15277099609375 0.361328125
-0.256011962890625 0.4248046875 -0.134033203125 0.38482666015625
-0.356597900390625 0.367095947265625 -0.156036376953125 0.34588623046875
-0.4532470703125 0.205352783203125 -0.0844879150390625 0.243072509765625
-0.499053955078125 0.0801391601562499 -0.0279388427734375 0.187957763671875
-0.461090087890625 -0.21173095703125 0.0468292236328125 0.15667724609375
-0.433990478515625 -0.3548583984375 0.14617919921875 0.251495361328125
-0.41827392578125 -0.34283447265625 0.1231689453125 0.440338134765625
-0.561126708984375 -0.494140625 0.265609741210937 0.0710906982421875
-0.56890869140625 -0.34979248046875 0.110549926757812 0.21728515625
-0.528717041015625 -0.2379150390625 0.206130981445312 0.190994262695312
-0.54583740234375 -0.06658935546875 0.187118530273438 0.0664825439453125
-0.5030517578125 0.078582763671875 0.0708160400390625 -0.0740585327148438
-0.480072021484375 0.319580078125 -0.101509094238281 0.0101852416992188
-0.35540771484375 0.47186279296875 -0.147140502929688 0.118057250976563
-0.327484130859375 0.472747802734375 -0.101394653320312 0.168548583984375
-0.34197998046875 0.522430419921875 -0.072540283203125 0.198135375976563
-0.447113037109375 0.44805908203125 -0.0660858154296875 0.199508666992188
-0.54815673828125 0.249420166015625 -0.0121002197265625 0.154861450195313
-0.5867919921875 0.11383056640625 -0.00299072265625004 0.153900146484375
-0.54815673828125 -0.20721435546875 0.00601196289062498 0.114280700683594
-0.545318603515625 -0.36578369140625 0.00527954101562497 0.165847778320312
-0.54541015625 -0.396026611328125 -0.027496337890625 0.2825927734375
-0.61590576171875 -0.50732421875 0.0898971557617187 -0.085968017578125
-0.62005615234375 -0.35540771484375 0.00175476074218745 0.112640380859375
-0.550537109375 -0.2528076171875 0.194580078125 0.13006591796875
-0.5675048828125 -0.0968017578125001 0.216232299804688 -0.00741577148437501
-0.54205322265625 0.0498962402343749 0.144805908203125 -0.14727783203125
-0.534423828125 0.312652587890625 0.00803375244140622 -0.125213623046875
-0.402252197265625 0.472991943359375 -0.0558853149414063 -0.0854949951171875
-0.361053466796875 0.480560302734375 -0.0345344543457031 -0.0473289489746093
-0.37994384765625 0.531341552734375 -0.00435543060302737 -0.00949764251708981
-0.466094970703125 0.445648193359375 0.0228824615478515 0.032135009765625
-0.548248291015625 0.237152099609375 0.0460586547851562 0.0546379089355469
-0.5655517578125 0.11993408203125 0.00366210937499998 0.10858154296875
-0.534637451171875 -0.168212890625 -0.0612258911132813 0.063720703125
-0.56634521484375 -0.31939697265625 -0.155899047851563 0.072723388671875
-0.59332275390625 -0.3856201171875 -0.197219848632813 0.112106323242187
-0.5650634765625 -0.4287109375 -0.077423095703125 -0.254547119140625
-0.5447998046875 -0.298004150390625 -0.103843688964844 -0.02587890625
-0.456146240234375 -0.2310791015625 0.146484375 0.04766845703125
-0.484954833984375 -0.124267578125 0.218292236328125 -0.0809326171875
-0.4886474609375 0.00964355468750001 0.207977294921875 -0.207061767578125
-0.507049560546875 0.258758544921875 0.119491577148437 -0.255996704101562
-0.3873291015625 0.4046630859375 0.0438232421875 -0.28485107421875
-0.34100341796875 0.413848876953125 0.039306640625 -0.253082275390625
-0.363861083984375 0.453704833984375 0.0651397705078125 -0.20166015625
-0.421661376953125 0.36083984375 0.104766845703125 -0.118186950683594
-0.461517333984375 0.167938232421875 0.0856475830078125 -0.0289764404296875
-0.4517822265625 0.0884399414062501 -0.00640106201171878 0.0599174499511719
-0.43182373046875 -0.11224365234375 -0.131141662597656 0.00339508056640626
-0.503570556640625 -0.235137939453125 -0.29364013671875 -0.026611328125
-0.555267333984375 -0.327178955078125 -0.35064697265625 -0.050750732421875
-0.42645263671875 -0.27130126953125 -0.21124267578125 -0.400726318359375
-0.372039794921875 -0.183441162109375 -0.188934326171875 -0.165359497070312
-0.281280517578125 -0.1649169921875 0.0745010375976563 -0.0322799682617188
-0.317138671875 -0.124786376953125 0.19793701171875 -0.132431030273438
-0.352142333984375 -0.02789306640625 0.2510986328125 -0.244476318359375
-0.39501953125 0.170013427734375 0.21185302734375 -0.3660888671875
-0.30908203125 0.277984619140625 0.1309814453125 -0.45367431640625
-0.26971435546875 0.287811279296875 0.107330322265625 -0.421600341796875
-0.295135498046875 0.309478759765625 0.13238525390625 -0.346588134765625
-0.31719970703125 0.21820068359375 0.171844482421875 -0.220687866210937
-0.31085205078125 0.07373046875 0.105056762695312 -0.0787734985351563
-0.27899169921875 0.0466156005859375 -0.0292282104492188 0.01019287109375
-0.282745361328125 -0.048065185546875 -0.185073852539063 -0.07012939453125
-0.380706787109375 -0.13336181640625 -0.378448486328125 -0.129119873046875
-0.445037841796875 -0.228179931640625 -0.465850830078125 -0.190185546875
-0.227371215820312 -0.065948486328125 -0.29400634765625 -0.489990234375
-0.15350341796875 -0.0314788818359375 -0.237747192382813 -0.263931274414063
-0.076690673828125 -0.0566482543945312 0.00511932373046875 -0.0905303955078125
-0.104286193847656 -0.086578369140625 0.169647216796875 -0.162857055664062
-0.157119750976563 -0.0511016845703125 0.2635498046875 -0.265548706054688
-0.215911865234375 0.0564727783203125 0.264190673828125 -0.445770263671875
-0.184494018554687 0.105178833007812 0.1871337890625 -0.5665283203125
-0.157669067382813 0.118453979492187 0.156982421875 -0.524383544921875
-0.18267822265625 0.124298095703125 0.186248779296875 -0.425262451171875
-0.16986083984375 0.0599517822265625 0.216934204101563 -0.265457153320313
-0.12823486328125 -0.0136184692382813 0.100120544433594 -0.0971908569335938
-0.089996337890625 0.016754150390625 -0.0582122802734375 -0.0409355163574219
-0.126434326171875 0.02301025390625 -0.209793090820313 -0.152069091796875
-0.22625732421875 -0.0211944580078125 -0.404083251953125 -0.2197265625
-0.279937744140625 -0.099945068359375 -0.5355224609375 -0.2930908203125
0.0160064697265625 -0.09332275390625 0.560302734375 0.23992919921875
0.024383544921875 -0.113807678222656 0.36676025390625 0.25457763671875
-0.067474365234375 -0.099090576171875 0.199935913085937 0.13604736328125
-0.100959777832031 -0.0120773315429688 0.0850601196289063 0.0839080810546875
-0.0703201293945312 0.0414047241210938 -0.10479736328125 0.0603179931640625
-0.018035888671875 0.0862197875976563 -0.257492065429688 0.274871826171875
0.0233917236328125 0.0921478271484375 -0.22515869140625 0.4893798828125
0.0190620422363281 0.0672645568847656 -0.17041015625 0.55523681640625
0.0344657897949219 0.0689735412597656 -0.19085693359375 0.56597900390625
-0.00115203857421874 0.088470458984375 -0.2650146484375 0.46539306640625
-0.0508270263671875 0.0889892578125 -0.202178955078125 0.311920166015625
-0.0984344482421875 0.0563507080078125 -0.0989227294921875 0.197372436523437
-0.121360778808594 -0.0541458129882812 0.0256805419921875 0.196090698242188
-0.05926513671875 -0.110343933105469 0.273681640625 0.319732666015625
-0.0143280029296875 -0.0530509948730469 0.27764892578125 0.594482421875
-0.215103149414063 -0.249725341796875 0.51751708984375 0.2318115234375
-0.195327758789063 -0.19281005859375 0.29888916015625 0.28070068359375
-0.240493774414063 -0.14599609375 0.194015502929687 0.187606811523438
-0.272079467773438 -0.02020263671875 0.114646911621094 0.114669799804688
-0.238250732421875 0.073394775390625 -0.0596122741699219 0.0343856811523438
-0.191452026367188 0.203720092773438 -0.236175537109375 0.22369384765625
-0.114242553710938 0.271392822265625 -0.230621337890625 0.4302978515625
-0.113052368164063 0.248397827148438 -0.16741943359375 0.497802734375
-0.116195678710938 0.264572143554688 -0.167572021484375 0.514678955078125
-0.192398071289063 0.238449096679687 -0.220947265625 0.438201904296875
-0.271697998046875 0.1483154296875 -0.145782470703125 0.2940673828125
-0.31781005859375 0.060211181640625 -0.0580902099609375 0.199386596679687
-0.309967041015625 -0.154022216796875 0.0542755126953125 0.18389892578125
-0.265304565429688 -0.258026123046875 0.24566650390625 0.30126953125
-0.230377197265625 -0.216064453125 0.238677978515625 0.545196533203125
-0.42529296875 -0.38714599609375 0.416595458984375 0.171630859375
-0.413330078125 -0.2730712890625 0.214431762695312 0.267776489257812
-0.4114990234375 -0.190185546875 0.197586059570312 0.20318603515625
-0.430877685546875 -0.0303344726562499 0.149566650390625 0.108871459960938
-0.3887939453125 0.0921325683593749 -0.000919342041015648 -0.010528564453125
-0.349090576171875 0.288970947265625 -0.182052612304688 0.133758544921875
-0.243743896484375 0.406494140625 -0.201263427734375 0.299896240234375
-0.228668212890625 0.39410400390625 -0.14129638671875 0.36163330078125
-0.240631103515625 0.429229736328125 -0.122650146484375 0.38433837890625
-0.340423583984375 0.374237060546875 -0.146697998046875 0.3458251953125
-0.44476318359375 0.219482421875 -0.074188232421875 0.238845825195312
-0.49169921875 0.0946044921875 -0.01934814453125 0.18353271484375
-0.468658447265625 -0.20098876953125 0.04803466796875 0.152496337890625
-0.443572998046875 -0.34014892578125 0.153182983398437 0.242095947265625
-0.4183349609375 -0.327545166015625 0.13555908203125 0.431854248046875
-0.57177734375 -0.47283935546875 0.267623901367187 0.061370849609375
-0.57110595703125 -0.32763671875 0.114303588867187 0.214065551757812
-0.535430908203125 -0.224151611328125 0.20574951171875 0.181076049804688
-0.543975830078125 -0.0480346679687499 0.188369750976562 0.062896728515625
-0.49688720703125 0.0939636230468751 0.0682830810546875 -0.076995849609375
-0.46783447265625 0.331878662109375 -0.0974807739257813 0.0113143920898438
-0.339996337890625 0.478912353515625 -0.141281127929688 0.120559692382813
-0.310302734375 0.47607421875 -0.0962066650390626 0.17071533203125
-0.32159423828125 0.52642822265625 -0.06658935546875 0.198287963867188
-0.42779541015625 0.457183837890625 -0.0619354248046875 0.198135375976563
-0.537017822265625 0.26348876953125 -0.00540161132812505 0.149139404296875
-0.578369140625 0.131103515625 0.00480651855468747 0.149063110351562
-0.55487060546875 -0.193359375 0.00550079345703122 0.11053466796875
-0.555908203125 -0.34796142578125 0.010711669921875 0.161880493164062
-0.54718017578125 -0.374908447265625 -0.0177612304687501 0.28167724609375
-0.62506103515625 -0.4847412109375 0.090789794921875 -0.087371826171875
-0.62139892578125 -0.33148193359375 0.00383758544921872 0.114151000976562
-0.555816650390625 -0.237060546875 0.193145751953125 0.121139526367187
-0.56536865234375 -0.0774536132812499 0.213150024414062 -0.0101470947265625
-0.53558349609375 0.06622314453125 0.138534545898437 -0.151229858398438
-0.5220947265625 0.325592041015625 0.00582122802734371 -0.125839233398437
-0.38543701171875 0.482177734375 -0.0581283569335938 -0.0822372436523437
-0.343994140625 0.485931396484375 -0.0357666015625 -0.0431594848632812
-0.358123779296875 0.537139892578125 -0.00460338592529299 -0.00878572463989255
-0.448028564453125 0.4560546875 0.0210437774658203 0.0294609069824219
-0.537933349609375 0.25286865234375 0.0489997863769531 0.04962158203125
-0.55810546875 0.134979248046875 0.010986328125 0.104568481445313
-0.536773681640625 -0.15399169921875 -0.0625114440917969 0.0626754760742188
-0.57379150390625 -0.300048828125 -0.150741577148438 0.0756378173828125
-0.5938720703125 -0.364013671875 -0.1878662109375 0.119140625
-0.5711669921875 -0.40716552734375 -0.0790252685546875 -0.250106811523438
-0.545074462890625 -0.27630615234375 -0.104179382324219 -0.0204010009765625
-0.4613037109375 -0.22039794921875 0.1446533203125 0.0406341552734375
-0.485076904296875 -0.109832763671875 0.21197509765625 -0.0825347900390625
-0.48583984375 0.0260925292968749 0.198593139648437 -0.210052490234375
-0.496734619140625 0.27020263671875 0.111892700195312 -0.256256103515625
-0.372589111328125 0.4140625 0.03497314453125 -0.280776977539063
-0.32550048828125 0.41912841796875 0.0316314697265625 -0.24822998046875
-0.344818115234375 0.46051025390625 0.0604705810546875 -0.201263427734375
-0.40570068359375 0.371368408203125 0.0978164672851562 -0.122390747070312
-0.453369140625 0.18072509765625 0.0862274169921875 -0.0332412719726562
-0.44305419921875 0.101287841796875 -0.00120544433593752 0.0575408935546875
-0.4322509765625 -0.100860595703125 -0.134620666503906 0.00487518310546872
-0.50787353515625 -0.217926025390625 -0.288848876953125 -0.0174560546875
-0.558502197265625 -0.305816650390625 -0.34478759765625 -0.037353515625
-0.43048095703125 -0.255615234375 -0.217132568359375 -0.39093017578125
-0.371307373046875 -0.168121337890625 -0.192459106445313 -0.156524658203125
-0.284759521484375 -0.158416748046875 0.0710906982421875 -0.0358810424804688
-0.319183349609375 -0.114410400390625 0.189010620117187 -0.13275146484375
-0.35211181640625 -0.016571044921875 0.240280151367187 -0.246871948242188
-0.38641357421875 0.18060302734375 0.200714111328125 -0.367156982421875
-0.30096435546875 0.285919189453125 0.11724853515625 -0.44866943359375
-0.25927734375 0.29278564453125 0.09368896484375 -0.41607666015625
-0.282928466796875 0.313995361328125 0.1236572265625 -0.346405029296875
-0.30816650390625 0.2274169921875 0.162979125976562 -0.224761962890625
-0.30755615234375 0.0814208984375 0.103660583496094 -0.0821533203125
-0.273391723632813 0.05438232421875 -0.025991439819336 0.00951957702636719
-0.28179931640625 -0.03924560546875 -0.188583374023438 -0.0669097900390625
-0.383087158203125 -0.12109375 -0.375030517578125 -0.115203857421875
-0.445831298828125 -0.211212158203125 -0.46240234375 -0.171142578125
-0.225967407226563 -0.05889892578125 -0.29925537109375 -0.47674560546875
-0.151092529296875 -0.0254364013671875 -0.24365234375 -0.254806518554687
-0.0770339965820313 -0.0558624267578125 0.000747680664062489 -0.0914382934570313
-0.107009887695313 -0.0827102661132812 0.161178588867188 -0.162200927734375
-0.158157348632813 -0.0447998046875 0.253768920898438 -0.265289306640625
-0.212371826171875 0.061859130859375 0.2470703125 -0.4451904296875
-0.181442260742188 0.1112060546875 0.16748046875 -0.56170654296875
-0.1534423828125 0.122055053710937 0.140594482421875 -0.52032470703125
-0.17694091796875 0.128097534179688 0.174041748046875 -0.4266357421875
-0.166000366210938 0.0644378662109375 0.206710815429687 -0.269241333007813
-0.128402709960938 -0.0101089477539062 0.0972747802734375 -0.0988082885742188
-0.087432861328125 0.0190353393554687 -0.0578079223632813 -0.039703369140625
-0.123489379882813 0.0272750854492187 -0.213668823242188 -0.145553588867188
-0.225967407226563 -0.0126495361328125 -0.403411865234375 -0.20458984375
-0.279891967773438 -0.0898895263671875 -0.53448486328125 -0.27215576171875
0.0136032104492188 -0.0943603515625 0.57061767578125 0.22821044921875
0.020904541015625 -0.116569519042969 0.374176025390625 0.24871826171875
-0.0712432861328125 -0.0989456176757813 0.204574584960938 0.135330200195313
-0.102737426757813 -0.00985717773437501 0.0912704467773437 0.0812530517578125
-0.0717544555664063 0.0435714721679687 -0.103561401367188 0.06121826171875
-0.0141372680664063 0.0895538330078125 -0.251434326171875 0.283447265625
0.0268783569335937 0.0938873291015625 -0.21636962890625 0.49859619140625
0.0206756591796875 0.0680427551269531 -0.16107177734375 0.5653076171875
0.0374412536621094 0.0678062438964844 -0.1807861328125 0.57928466796875
0.00275421142578124 0.0891647338867188 -0.259368896484375 0.479583740234375
-0.048614501953125 0.0932083129882813 -0.197357177734375 0.31787109375
-0.09906005859375 0.0587615966796875 -0.09478759765625 0.201065063476563
-0.126930236816406 -0.0520248413085937 0.0333404541015625 0.200973510742188
-0.0639495849609375 -0.110748291015625 0.286773681640625 0.315093994140625
-0.012725830078125 -0.0558815002441406 0.29461669921875 0.5936279296875
-0.225875854492188 -0.247650146484375 0.528167724609375 0.220703125
-0.20367431640625 -0.190139770507813 0.308380126953125 0.278167724609375
-0.249755859375 -0.142562866210938 0.198577880859375 0.186782836914063
-0.276718139648438 -0.0129241943359376 0.121734619140625 0.113594055175781
-0.241134643554687 0.08062744140625 -0.0588722229003906 0.0339622497558594
-0.187728881835937 0.213729858398438 -0.23150634765625 0.230300903320313
-0.1092529296875 0.279327392578125 -0.22247314453125 0.43914794921875
-0.107833862304688 0.255645751953125 -0.15936279296875 0.50689697265625
-0.111801147460938 0.271224975585938 -0.157989501953125 0.52435302734375
-0.188369750976563 0.247299194335938 -0.214599609375 0.450103759765625
-0.272293090820313 0.159042358398438 -0.140045166015625 0.297760009765625
-0.32147216796875 0.069091796875 -0.05181884765625 0.200714111328125
-0.322509765625 -0.1505126953125 0.0595703125 0.18719482421875
-0.27838134765625 -0.25640869140625 0.2568359375 0.29742431640625
-0.23590087890625 -0.2159423828125 0.254913330078125 0.5465087890625
-0.44317626953125 -0.382720947265625 0.426361083984375 0.161834716796875
-0.42529296875 -0.266693115234375 0.222274780273437 0.26763916015625
-0.426177978515625 -0.184295654296875 0.201187133789063 0.202117919921875
-0.43927001953125 -0.0184326171875 0.156570434570312 0.108535766601562
-0.3919677734375 0.10498046875 -0.000348091125488305 -0.0132761001586914
-0.345855712890625 0.303497314453125 -0.178466796875 0.136566162109375
-0.23626708984375 0.420379638671875 -0.196807861328125 0.306976318359375
-0.221038818359375 0.40643310546875 -0.1353759765625 0.36962890625
-0.23236083984375 0.4405517578125 -0.115570068359375 0.392578125
-0.336151123046875 0.389739990234375 -0.14190673828125 0.35504150390625
-0.4464111328125 0.235931396484375 -0.06805419921875 0.240310668945313
-0.4970703125 0.10699462890625 -0.0126800537109375 0.182815551757813
-0.486297607421875 -0.193389892578125 0.050537109375 0.153762817382812
-0.4622802734375 -0.3355712890625 0.16278076171875 0.239166259765625
-0.42919921875 -0.324859619140625 0.146575927734375 0.433624267578125
-0.5941162109375 -0.46661376953125 0.274993896484375 0.0539093017578125
-0.58807373046875 -0.31671142578125 0.119949340820312 0.216690063476562
-0.55535888671875 -0.217071533203125 0.208770751953125 0.17889404296875
-0.55328369140625 -0.033203125 0.194015502929688 0.0612030029296875
-0.50238037109375 0.108673095703125 0.0683517456054687 -0.0813369750976563
-0.465606689453125 0.349395751953125 -0.096832275390625 0.010955810546875
-0.33258056640625 0.496673583984375 -0.140899658203125 0.125320434570313
-0.301788330078125 0.491546630859375 -0.0935516357421875 0.176483154296875
-0.313873291015625 0.543792724609375 -0.0621185302734375 0.202178955078125
-0.420562744140625 0.47589111328125 -0.059906005859375 0.202346801757813
-0.53955078125 0.28521728515625 9.15527343749553E-05 0.147781372070313
-0.5848388671875 0.14715576171875 0.012054443359375 0.147750854492188
-0.57159423828125 -0.18389892578125 0.00455474853515622 0.111373901367187
-0.576904296875 -0.3414306640625 0.0155181884765625 0.161788940429687
-0.561798095703125 -0.367950439453125 -0.00891113281250003 0.286895751953125
-0.64971923828125 -0.47540283203125 0.0937271118164062 -0.0930633544921875
-0.6378173828125 -0.31915283203125 0.00573730468749995 0.117843627929687
-0.575439453125 -0.2303466796875 0.195114135742188 0.118515014648438
-0.57769775390625 -0.0635375976562499 0.216400146484375 -0.012939453125
-0.542572021484375 0.0836181640625 0.136734008789062 -0.15673828125
-0.520843505859375 0.3431396484375 0.0037460327148437 -0.129547119140625
-0.381195068359375 0.5001220703125 -0.0606613159179688 -0.0812835693359375
-0.33544921875 0.502227783203125 -0.0370140075683594 -0.0395622253417968
-0.34967041015625 0.554107666015625 -0.00326919555664065 -0.00952816009521481
-0.442138671875 0.475677490234375 0.0207176208496093 0.028921127319336
-0.54296875 0.272308349609375 0.0531997680664062 0.0448532104492188
-0.562744140625 0.15118408203125 0.0173797607421875 0.1015625
-0.55328369140625 -0.144805908203125 -0.0660858154296875 0.0645256042480469
-0.5946044921875 -0.28961181640625 -0.150054931640625 0.07843017578125
-0.6092529296875 -0.3531494140625 -0.185104370117188 0.126251220703125
-0.59326171875 -0.39898681640625 -0.0824279785156251 -0.25396728515625
-0.55780029296875 -0.26458740234375 -0.108406066894531 -0.01580810546875
-0.4755859375 -0.214813232421875 0.144073486328125 0.037353515625
-0.497528076171875 -0.0983886718750001 0.21295166015625 -0.084991455078125
-0.493133544921875 0.03851318359375 0.195465087890625 -0.217132568359375
-0.497528076171875 0.286865234375 0.107559204101562 -0.263229370117188
-0.37127685546875 0.43170166015625 0.029296875 -0.282928466796875
-0.320709228515625 0.434844970703125 0.027130126953125 -0.248367309570312
-0.33782958984375 0.476104736328125 0.058868408203125 -0.206253051757812
-0.40252685546875 0.38818359375 0.0944366455078125 -0.127655029296875
-0.458709716796875 0.1964111328125 0.0897064208984375 -0.0388565063476562
-0.447845458984375 0.113800048828125 0.00447082519531247 0.0547332763671875
-0.44403076171875 -0.0924987792968749 -0.139823913574219 0.00693511962890622
-0.523681640625 -0.207183837890625 -0.292388916015625 -0.012176513671875
-0.5716552734375 -0.296142578125 -0.345428466796875 -0.02813720703125
-0.442718505859375 -0.249420166015625 -0.224609375 -0.392486572265625
-0.378448486328125 -0.16143798828125 -0.200149536132813 -0.15234375
-0.295166015625 -0.1583251953125 0.0687675476074219 -0.0393180847167969
-0.32763671875 -0.107635498046875 0.187469482421875 -0.13470458984375
-0.35833740234375 -0.00729370117187496 0.237350463867187 -0.25433349609375
-0.388641357421875 0.1925048828125 0.19512939453125 -0.374359130859375
-0.299530029296875 0.300445556640625 0.107818603515625 -0.453857421875
-0.256439208984375 0.304473876953125 0.08746337890625 -0.419464111328125
-0.278656005859375 0.32684326171875 0.11920166015625 -0.355804443359375
-0.3074951171875 0.238128662109375 0.15826416015625 -0.233200073242187
-0.3114013671875 0.091796875 0.105262756347656 -0.0870208740234375
-0.275100708007813 0.06219482421875 -0.0230216979980469 0.00861358642578125
-0.28759765625 -0.0326843261718751 -0.195068359375 -0.06414794921875
-0.393829345703125 -0.1097412109375 -0.383331298828125 -0.106353759765625
-0.4581298828125 -0.20355224609375 -0.468597412109375 -0.160858154296875
-0.230972290039063 -0.054718017578125 -0.3114013671875 -0.47845458984375
-0.152557373046875 -0.0222320556640625 -0.2552490234375 -0.2529296875
-0.0803375244140625 -0.0571517944335938 -0.00312042236328125 -0.0928192138671875
-0.111785888671875 -0.0815658569335938 0.157379150390625 -0.163787841796875
-0.162490844726563 -0.0407562255859375 0.248764038085938 -0.272125244140625
-0.21343994140625 0.0684051513671875 0.240997314453125 -0.453277587890625
-0.181976318359375 0.119049072265625 0.15704345703125 -0.56915283203125
-0.153839111328125 0.128097534179687 0.1324462890625 -0.528717041015625
-0.175994873046875 0.134170532226563 0.16876220703125 -0.438018798828125
-0.166732788085938 0.0703277587890625 0.20233154296875 -0.27899169921875
-0.131233215332031 -0.00739288330078126 0.0979156494140625 -0.102828979492187
-0.086273193359375 0.0214157104492187 -0.0580177307128906 -0.0407485961914062
-0.124755859375 0.0323410034179687 -0.222442626953125 -0.144088745117188
-0.231033325195312 -0.00418090820312501 -0.410003662109375 -0.1956787109375
-0.28729248046875 -0.08404541015625 -0.544036865234375 -0.260894775390625
0.0100631713867187 -0.0972671508789063 0.5946044921875 0.2115478515625
0.0164642333984375 -0.121498107910156 0.396575927734375 0.241455078125
-0.0788040161132813 -0.098785400390625 0.215103149414063 0.131912231445313
-0.107177734375 -0.00573730468750002 0.0996017456054688 0.0786590576171875
-0.073455810546875 0.0479507446289063 -0.104522705078125 0.0653457641601563
-0.00792694091796875 0.0944747924804688 -0.245941162109375 0.302215576171875
0.034027099609375 0.0958709716796875 -0.203338623046875 0.52447509765625
0.0255355834960938 0.0700874328613281 -0.14349365234375 0.5888671875
0.0417060852050781 0.0683441162109375 -0.16259765625 0.60595703125
0.0081329345703125 0.0916366577148438 -0.24639892578125 0.50732421875
-0.0447006225585938 0.0994796752929687 -0.19036865234375 0.3353271484375
-0.100326538085937 0.06414794921875 -0.08697509765625 0.210159301757813
-0.135307312011719 -0.047882080078125 0.0472564697265625 0.209625244140625
-0.0717620849609375 -0.112655639648438 0.312103271484375 0.311920166015625
-0.0124320983886719 -0.0599212646484375 0.3284912109375 0.60076904296875
-0.245880126953125 -0.244598388671875 0.55364990234375 0.2041015625
-0.2191162109375 -0.187408447265625 0.330047607421875 0.27362060546875
-0.267257690429688 -0.136489868164062 0.210418701171875 0.186248779296875
-0.286651611328125 9.15527343750368E-05 0.133415222167969 0.112434387207031
-0.247268676757813 0.0956573486328125 -0.0590553283691406 0.0351753234863281
-0.18206787109375 0.230667114257813 -0.227340698242188 0.245712280273438
-0.09808349609375 0.295989990234375 -0.21209716796875 0.4609375
-0.0988006591796875 0.26947021484375 -0.14208984375 0.529144287109375
-0.10235595703125 0.2860107421875 -0.14166259765625 0.549530029296875
-0.181228637695313 0.265121459960938 -0.2030029296875 0.47528076171875
-0.274551391601563 0.179122924804688 -0.131866455078125 0.3109130859375
-0.33056640625 0.08544921875 -0.042755126953125 0.207046508789063
-0.344146728515625 -0.14208984375 0.0714111328125 0.193130493164063
-0.302001953125 -0.254913330078125 0.280548095703125 0.292755126953125
-0.250106811523438 -0.216354370117188 0.286041259765625 0.554534912109375
-0.47698974609375 -0.375457763671875 0.447418212890625 0.14727783203125
-0.451416015625 -0.25457763671875 0.240829467773437 0.26885986328125
-0.4544677734375 -0.173065185546875 0.212753295898437 0.20172119140625
-0.455810546875 0.003204345703125 0.169235229492187 0.1065673828125
-0.402008056640625 0.126739501953125 -0.000161170959472681 -0.0164995193481445
-0.343597412109375 0.33135986328125 -0.178085327148438 0.1453857421875
-0.224212646484375 0.446624755859375 -0.19049072265625 0.32489013671875
-0.210235595703125 0.42987060546875 -0.123779296875 0.387969970703125
-0.219879150390625 0.467041015625 -0.10247802734375 0.409332275390625
-0.328460693359375 0.419586181640625 -0.132659912109375 0.373779296875
-0.4527587890625 0.266571044921875 -0.059326171875 0.246932983398438
-0.5128173828125 0.135162353515625 -0.00231933593750002 0.186126708984375
-0.516143798828125 -0.18035888671875 0.0583953857421875 0.158233642578125
-0.497802734375 -0.3287353515625 0.179275512695313 0.23675537109375
-0.45587158203125 -0.32025146484375 0.17108154296875 0.4442138671875
-0.6390380859375 -0.45697021484375 0.287567138671875 0.04150390625
-0.62286376953125 -0.30084228515625 0.133468627929687 0.222274780273437
-0.5894775390625 -0.20172119140625 0.219284057617187 0.177963256835937
-0.5745849609375 -0.00842285156249995 0.2059326171875 0.0573577880859375
-0.5140380859375 0.1348876953125 0.067108154296875 -0.0892791748046875
-0.46551513671875 0.382965087890625 -0.0989151000976563 0.0123291015625
-0.321685791015625 0.530426025390625 -0.1400146484375 0.135360717773438
-0.289459228515625 0.522430419921875 -0.08856201171875 0.188629150390625
-0.29815673828125 0.5765380859375 -0.0558319091796875 0.2108154296875
-0.4127197265625 0.513031005859375 -0.0541839599609375 0.212173461914063
-0.54876708984375 0.32177734375 0.00791931152343747 0.1480712890625
-0.598876953125 0.17938232421875 0.0217742919921875 0.147689819335938
-0.6043701171875 -0.1669921875 0.00735473632812497 0.115264892578125
-0.61602783203125 -0.32623291015625 0.0244140625 0.163406372070312
-0.5941162109375 -0.3592529296875 0.00613403320312499 0.297271728515625
-0.69482421875 -0.46484375 0.0955276489257812 -0.103057861328125
-0.672119140625 -0.30169677734375 0.0101089477539062 0.124969482421875
-0.61114501953125 -0.21575927734375 0.202316284179688 0.115081787109375
-0.601806640625 -0.0394287109374999 0.2252197265625 -0.0187225341796875
-0.55828857421875 0.110015869140625 0.134613037109375 -0.168792724609375
-0.52520751953125 0.3792724609375 -0.000885009765625037 -0.136329650878906
-0.3714599609375 0.537445068359375 -0.0655975341796875 -0.079193115234375
-0.326263427734375 0.53253173828125 -0.0379829406738281 -0.03692626953125
-0.33612060546875 0.59033203125 -0.0034141540527344 -0.0112295150756836
-0.435455322265625 0.514739990234375 0.0211105346679687 0.0289707183837891
-0.5499267578125 0.3084716796875 0.0591506958007812 0.0399055480957031
-0.5767822265625 0.1820068359375 0.0257492065429687 0.0998001098632813
-0.5833740234375 -0.12701416015625 -0.0689888000488282 0.0692787170410156
-0.63067626953125 -0.273193359375 -0.1510009765625 0.085235595703125
-0.642578125 -0.341064453125 -0.181671142578125 0.139862060546875
-0.634033203125 -0.38671875 -0.0923614501953126 -0.261734008789063
-0.5882568359375 -0.2486572265625 -0.112709045410156 -0.010040283203125
-0.507476806640625 -0.20477294921875 0.14776611328125 0.03302001953125
-0.5191650390625 -0.0794372558593749 0.217086791992187 -0.0926666259765625
-0.50994873046875 0.060455322265625 0.194381713867187 -0.231903076171875
-0.5025634765625 0.31939697265625 0.102142333984375 -0.277069091796875
-0.363555908203125 0.465545654296875 0.018890380859375 -0.290924072265625
-0.3134765625 0.46392822265625 0.0191497802734375 -0.255340576171875
-0.32891845703125 0.5076904296875 0.0527191162109375 -0.217269897460937
-0.39739990234375 0.41986083984375 0.0916213989257812 -0.135993957519531
-0.466796875 0.225311279296875 0.0927200317382812 -0.0470809936523437
-0.456756591796875 0.138519287109375 0.00952911376953123 0.0523414611816406
-0.46563720703125 -0.075836181640625 -0.148300170898438 0.012939453125
-0.553497314453125 -0.188873291015625 -0.302154541015625 -0.000457763671874952
-0.60345458984375 -0.28192138671875 -0.3541259765625 -0.012054443359375
-0.470550537109375 -0.237884521484375 -0.245513916015625 -0.399749755859375
-0.39776611328125 -0.14898681640625 -0.214263916015625 -0.147735595703125
-0.315765380859375 -0.15362548828125 0.0671424865722656 -0.0431175231933594
-0.3455810546875 -0.0979614257812499 0.188613891601562 -0.142822265625
-0.37158203125 0.00927734374999993 0.235870361328125 -0.270095825195313
-0.3934326171875 0.2159423828125 0.18682861328125 -0.3941650390625
-0.296356201171875 0.3255615234375 0.09423828125 -0.4697265625
-0.252471923828125 0.3270263671875 0.0743103027343749 -0.433349609375
-0.275299072265625 0.350341796875 0.109619140625 -0.3746337890625
-0.304534912109375 0.26129150390625 0.15228271484375 -0.248275756835937
-0.3193359375 0.108642578125 0.106559753417969 -0.097076416015625
-0.279220581054688 0.0765838623046876 -0.0211505889892578 0.00579833984375
-0.2998046875 -0.019866943359375 -0.208221435546875 -0.058746337890625
-0.413665771484375 -0.090911865234375 -0.397613525390625 -0.0942687988281251
-0.48309326171875 -0.188507080078125 -0.48602294921875 -0.144195556640625
-0.241439819335937 -0.0466461181640625 -0.339508056640625 -0.484039306640625
-0.157943725585938 -0.0162353515625 -0.276809692382812 -0.250198364257812
-0.086334228515625 -0.0574493408203125 -0.00899505615234376 -0.0951461791992188
-0.1197509765625 -0.0794906616210938 0.155441284179688 -0.172454833984375
-0.170211791992188 -0.0348052978515625 0.247222900390625 -0.28802490234375
-0.218505859375 0.0796356201171875 0.23077392578125 -0.4755859375
-0.1829833984375 0.133636474609375 0.13995361328125 -0.5921630859375
-0.154510498046875 0.139572143554688 0.1156005859375 -0.548797607421875
-0.176681518554687 0.145828247070313 0.157745361328125 -0.460723876953125
-0.16827392578125 0.0796661376953125 0.1961669921875 -0.298065185546875
-0.13653564453125 -0.00197601318359377 0.0985336303710937 -0.111404418945313
-0.0860748291015625 0.0258026123046875 -0.0607414245605469 -0.0419540405273437
-0.126388549804688 0.0411605834960937 -0.23773193359375 -0.140151977539063
-0.240386962890625 0.00958251953125003 -0.4310302734375 -0.18255615234375
-0.3017578125 -0.0716552734375 -0.5701904296875 -0.2447509765625
0.00446319580078126 -0.099334716796875 0.6243896484375 0.17523193359375
0.00766754150390626 -0.126876831054688 0.42279052734375 0.21771240234375
-0.0895309448242187 -0.0958099365234375 0.230087280273438 0.1221923828125
-0.111434936523438 0.00286102294921875 0.110359191894531 0.0731124877929688
-0.0738449096679688 0.0559310913085938 -0.103721618652344 0.0734939575195312
0.00140380859375001 0.0987701416015625 -0.2303466796875 0.3275146484375
0.0442047119140625 0.0964889526367187 -0.171112060546875 0.551422119140625
0.0327987670898438 0.07037353515625 -0.1075439453125 0.6143798828125
0.0494651794433594 0.06756591796875 -0.1248779296875 0.63641357421875
0.0167999267578125 0.0936813354492188 -0.218353271484375 0.542022705078125
-0.0373001098632813 0.107383728027344 -0.170379638671875 0.357330322265625
-0.100013732910156 0.07403564453125 -0.072113037109375 0.221588134765625
-0.145004272460938 -0.038421630859375 0.0698699951171875 0.214340209960938
-0.0833663940429688 -0.112075805664063 0.34576416015625 0.296295166015625
-0.014678955078125 -0.0647621154785156 0.38262939453125 0.59454345703125
-0.2718505859375 -0.231658935546875 0.58258056640625 0.17034912109375
-0.23931884765625 -0.175796508789062 0.3580322265625 0.257720947265625
-0.28826904296875 -0.120880126953125 0.227554321289062 0.1796875
-0.295989990234375 0.022796630859375 0.148391723632813 0.105789184570313
-0.248031616210937 0.117416381835937 -0.0583763122558594 0.0379524230957031
-0.16900634765625 0.252288818359375 -0.216522216796875 0.266921997070313
-0.07720947265625 0.3125 -0.1859130859375 0.48828125
-0.08099365234375 0.284881591796875 -0.111083984375 0.55511474609375
-0.082794189453125 0.302154541015625 -0.1070556640625 0.5770263671875
-0.16607666015625 0.287445068359375 -0.174102783203125 0.50494384765625
-0.269088745117188 0.207275390625 -0.11248779296875 0.326416015625
-0.3353271484375 0.112213134765625 -0.0264892578125 0.213485717773438
-0.36822509765625 -0.121337890625 0.09173583984375 0.195571899414063
-0.33319091796875 -0.241485595703125 0.310821533203125 0.278533935546875
-0.27215576171875 -0.208206176757813 0.33599853515625 0.5494384765625
-0.5218505859375 -0.349945068359375 0.470855712890625 0.118316650390625
-0.483184814453125 -0.22918701171875 0.266464233398437 0.261032104492188
-0.4869384765625 -0.143280029296875 0.231094360351562 0.195571899414063
-0.470184326171875 0.039794921875 0.185470581054687 0.0979461669921875
-0.40460205078125 0.16241455078125 -0.00189208984375003 -0.019744873046875
-0.327606201171875 0.36724853515625 -0.172637939453125 0.159469604492188
-0.196380615234375 0.47918701171875 -0.1734619140625 0.34661865234375
-0.183563232421875 0.45782470703125 -0.10009765625 0.40838623046875
-0.191650390625 0.4991455078125 -0.07720947265625 0.42919921875
-0.305206298828125 0.459197998046875 -0.109130859375 0.395477294921875
-0.447601318359375 0.31109619140625 -0.042266845703125 0.255325317382813
-0.518035888671875 0.17742919921875 0.01385498046875 0.187103271484375
-0.549713134765625 -0.1480712890625 0.0736846923828125 0.159942626953125
-0.541839599609375 -0.303741455078125 0.202728271484375 0.228164672851562
-0.49078369140625 -0.30047607421875 0.21185302734375 0.443084716796875
-0.69415283203125 -0.422119140625 0.29962158203125 0.019927978515625
-0.6640625 -0.26318359375 0.152389526367187 0.221206665039062
-0.62969970703125 -0.16357421875 0.234848022460938 0.170547485351563
-0.59393310546875 0.0366210937500001 0.219451904296875 0.045745849609375
-0.520172119140625 0.177978515625 0.0621490478515625 -0.0992965698242188
-0.451507568359375 0.429107666015625 -0.101295471191406 0.0162734985351563
-0.2900390625 0.57122802734375 -0.134857177734375 0.149612426757813
-0.258575439453125 0.557464599609375 -0.0761871337890625 0.201629638671875
-0.2657470703125 0.61724853515625 -0.042755126953125 0.220352172851563
-0.386260986328125 0.561309814453125 -0.040771484375 0.22406005859375
-0.542144775390625 0.37481689453125 0.0196533203125 0.14764404296875
-0.60595703125 0.22918701171875 0.0363922119140625 0.145095825195313
-0.64105224609375 -0.126953125 0.015289306640625 0.11944580078125
-0.66156005859375 -0.291748046875 0.037353515625 0.164047241210937
-0.63665771484375 -0.3299560546875 0.0302124023437499 0.306976318359375
-0.75341796875 -0.42645263671875 0.0918579101562499 -0.117233276367188
-0.7159423828125 -0.25860595703125 0.019012451171875 0.131301879882812
-0.65472412109375 -0.1767578125 0.214324951171875 0.106033325195312
-0.62420654296875 0.00622558593749999 0.23309326171875 -0.0339813232421875
-0.56640625 0.15570068359375 0.126724243164062 -0.18536376953125
-0.51348876953125 0.42828369140625 -0.0110626220703125 -0.14300537109375
-0.3424072265625 0.58258056640625 -0.0725860595703125 -0.0756683349609375
-0.29541015625 0.57318115234375 -0.039520263671875 -0.0332984924316406
-0.304443359375 0.63372802734375 -0.00439643859863283 -0.0126485824584961
-0.40972900390625 0.56304931640625 0.0230655670166015 0.0284843444824219
-0.545745849609375 0.361175537109375 0.0646018981933593 0.0319442749023438
-0.579833984375 0.2315673828125 0.0368881225585937 0.0959243774414063
-0.61334228515625 -0.0875244140624999 -0.068115234375 0.0771636962890625
-0.67266845703125 -0.2333984375 -0.14892578125 0.09716796875
-0.68865966796875 -0.30389404296875 -0.172561645507813 0.15753173828125
-0.68560791015625 -0.3516845703125 -0.11212158203125 -0.267257690429688
-0.6236572265625 -0.21197509765625 -0.117835998535156 0.00102996826171871
-0.544921875 -0.17462158203125 0.151473999023437 0.024261474609375
-0.54193115234375 -0.0433349609375 0.2186279296875 -0.109161376953125
-0.519561767578125 0.1016845703125 0.184310913085937 -0.253143310546875
-0.49774169921875 0.36639404296875 0.0858764648437499 -0.29388427734375
-0.34136962890625 0.50933837890625 0.000671386718749953 -0.298736572265625
-0.28814697265625 0.5 0.00540161132812496 -0.26141357421875
-0.302398681640625 0.5484619140625 0.03955078125 -0.229827880859375
-0.377777099609375 0.4622802734375 0.0829010009765625 -0.146469116210937
-0.465972900390625 0.269073486328125 0.0932998657226562 -0.059906005859375
-0.460205078125 0.175933837890625 0.0167350769042968 0.0478324890136719
-0.48779296875 -0.0433044433593749 -0.154342651367188 0.02410888671875
-0.586181640625 -0.15087890625 -0.310150146484375 0.020599365234375
-0.6416015625 -0.24359130859375 -0.36126708984375 0.0125122070312501
-0.506622314453125 -0.21014404296875 -0.279327392578125 -0.39898681640625
-0.420257568359375 -0.122283935546875 -0.234039306640625 -0.134475708007813
-0.3408203125 -0.1368408203125 0.0639228820800781 -0.0492134094238281
-0.364654541015625 -0.0756835937500001 0.185638427734375 -0.158096313476563
-0.382354736328125 0.0369567871093749 0.2235107421875 -0.29425048828125
-0.393035888671875 0.251983642578125 0.16656494140625 -0.418914794921875
-0.282440185546875 0.361236572265625 0.06671142578125 -0.488311767578125
-0.2362060546875 0.35601806640625 0.04925537109375 -0.4500732421875
-0.25732421875 0.3824462890625 0.087188720703125 -0.395843505859375
-0.292694091796875 0.291656494140625 0.138198852539062 -0.267166137695313
-0.321502685546875 0.136566162109375 0.104759216308594 -0.111091613769531
-0.2799072265625 0.09930419921875 -0.0198154449462891 0.0040740966796875
-0.3096923828125 0.00402832031250004 -0.2218017578125 -0.0452880859375
-0.435089111328125 -0.0594787597656249 -0.414398193359375 -0.06634521484375
-0.51263427734375 -0.156036376953125 -0.50665283203125 -0.113525390625
-0.254058837890625 -0.030609130859375 -0.38262939453125 -0.47833251953125
-0.163238525390625 -0.00521850585937504 -0.30633544921875 -0.2364501953125
-0.0950469970703125 -0.0541458129882813 -0.0177764892578125 -0.097503662109375
-0.130363464355469 -0.073760986328125 0.148101806640625 -0.185806274414062
-0.177703857421875 -0.02276611328125 0.2353515625 -0.311981201171875
-0.220413208007813 0.0975494384765625 0.20751953125 -0.504852294921875
-0.17938232421875 0.153411865234375 0.1065673828125 -0.61614990234375
-0.150131225585938 0.155624389648438 0.08392333984375 -0.572021484375
-0.173095703125 0.163528442382813 0.1312255859375 -0.488861083984375
-0.16748046875 0.0944061279296875 0.179779052734375 -0.321563720703125
-0.141281127929687 0.00759887695312501 0.0941925048828125 -0.123542785644531
-0.0848388671875 0.0328826904296875 -0.0656280517578125 -0.0414619445800781
-0.1258544921875 0.0544357299804688 -0.25775146484375 -0.128173828125
-0.24761962890625 0.0311584472656249 -0.45367431640625 -0.15643310546875
-0.31756591796875 -0.049957275390625 -0.60137939453125 -0.20989990234375
-0.00329589843749999 -0.0992965698242187 0.63787841796875 0.121826171875
-0.00345611572265625 -0.129203796386719 0.441802978515625 0.180267333984375
-0.0989761352539063 -0.0878372192382813 0.239898681640625 0.105331420898438
-0.111854553222656 0.0133590698242188 0.117637634277344 0.0635147094726563
-0.0701751708984375 0.0646476745605469 -0.0980606079101562 0.0824737548828125
0.0125503540039062 0.0986099243164063 -0.200439453125 0.347747802734375
0.0552597045898437 0.0924224853515625 -0.1259765625 0.56756591796875
0.0406036376953125 0.0675888061523438 -0.05596923828125 0.624755859375
0.056793212890625 0.0634040832519531 -0.0678100585937499 0.64862060546875
0.0271377563476562 0.0921707153320313 -0.1676025390625 0.5626220703125
-0.0257034301757812 0.112014770507812 -0.138275146484375 0.3707275390625
-0.094329833984375 0.0838851928710938 -0.049530029296875 0.225921630859375
-0.150588989257813 -0.0250091552734375 0.09619140625 0.208358764648438
-0.0949478149414063 -0.105674743652344 0.374114990234375 0.26361083984375
-0.0195121765136719 -0.0678062438964844 0.436431884765625 0.560943603515625
-0.29388427734375 -0.20465087890625 0.59759521484375 0.1192626953125
-0.25543212890625 -0.153610229492187 0.381317138671875 0.2266845703125
-0.30303955078125 -0.09283447265625 0.24237060546875 0.1639404296875
-0.294830322265625 0.0515441894531249 0.160629272460937 0.09326171875
-0.238128662109375 0.141586303710937 -0.0556068420410156 0.0414390563964844
-0.14453125 0.269287109375 -0.19287109375 0.284149169921875
-0.0457763671875 0.3206787109375 -0.14385986328125 0.504180908203125
-0.053802490234375 0.292449951171875 -0.06201171875 0.5645751953125
-0.05499267578125 0.312103271484375 -0.056396484375 0.58673095703125
-0.138336181640625 0.304046630859375 -0.126434326171875 0.5233154296875
-0.25 0.233749389648438 -0.08258056640625 0.334564208984375
-0.32763671875 0.144195556640625 -0.00445556640625 0.212356567382813
-0.383697509765625 -0.087921142578125 0.114273071289062 0.187759399414063
-0.359130859375 -0.2125244140625 0.33770751953125 0.248138427734375
-0.2913818359375 -0.18780517578125 0.38873291015625 0.520233154296875
-0.55572509765625 -0.299835205078125 0.481109619140625 0.07611083984375
-0.50579833984375 -0.18353271484375 0.290985107421875 0.238494873046875
-0.506866455078125 -0.097198486328125 0.246841430664062 0.18048095703125
-0.467254638671875 0.084442138671875 0.19732666015625 0.0826263427734375
-0.3907470703125 0.199432373046875 -0.00432014465332034 -0.0223560333251953
-0.294891357421875 0.39874267578125 -0.159774780273438 0.171829223632813
-0.149627685546875 0.498260498046875 -0.144317626953125 0.36285400390625
-0.14154052734375 0.475250244140625 -0.0628662109375 0.41705322265625
-0.145660400390625 0.518524169921875 -0.0386962890625 0.43731689453125
-0.26177978515625 0.488128662109375 -0.0706787109375 0.406524658203125
-0.42010498046875 0.356353759765625 -0.0192718505859375 0.254959106445313
-0.50604248046875 0.226409912109375 0.0329742431640625 0.1812744140625
-0.56817626953125 -0.0984497070312499 0.0908203124999999 0.153915405273438
-0.5745849609375 -0.25323486328125 0.225128173828125 0.207748413085937
-0.518646240234375 -0.259918212890625 0.253875732421875 0.42620849609375
-0.73846435546875 -0.35577392578125 0.30169677734375 -0.01043701171875
-0.689697265625 -0.200927734375 0.172988891601562 0.209808349609375
-0.65301513671875 -0.10272216796875 0.248504638671875 0.153228759765625
-0.59197998046875 0.09228515625 0.226943969726562 0.0271759033203125
-0.505035400390625 0.226409912109375 0.0524749755859375 -0.10809326171875
-0.4134521484375 0.4716796875 -0.101844787597656 0.022216796875
-0.239013671875 0.6004638671875 -0.12225341796875 0.161880493164063
-0.2080078125 0.58245849609375 -0.056915283203125 0.208267211914063
-0.20965576171875 0.64337158203125 -0.0241851806640625 0.223480224609375
-0.334228515625 0.5987548828125 -0.01983642578125 0.228469848632813
-0.510009765625 0.42926025390625 0.033416748046875 0.14141845703125
-0.58673095703125 0.2872314453125 0.05169677734375 0.135887145996094
-0.65716552734375 -0.0678710937499999 0.0263214111328125 0.117828369140625
-0.69488525390625 -0.2315673828125 0.0523681640624999 0.158432006835937
-0.6688232421875 -0.27410888671875 0.060638427734375 0.30487060546875
-0.79937744140625 -0.35235595703125 0.0816268920898437 -0.129776000976563
-0.74139404296875 -0.19134521484375 0.0307159423828125 0.132217407226563
-0.68096923828125 -0.1163330078125 0.22186279296875 0.0892791748046875
-0.625 0.06353759765625 0.233306884765625 -0.054412841796875
-0.552886962890625 0.20782470703125 0.109161376953125 -0.199630737304687
-0.47869873046875 0.475616455078125 -0.0243988037109375 -0.144821166992187
-0.28997802734375 0.6187744140625 -0.0786972045898438 -0.0689697265624999
-0.24346923828125 0.60015869140625 -0.0393028259277344 -0.0292434692382812
-0.2467041015625 0.6654052734375 -0.00682163238525392 -0.0146493911743164
-0.35601806640625 0.60406494140625 0.0253620147705078 0.0272197723388672
-0.515655517578125 0.416015625 0.0684051513671875 0.0204849243164063
-0.56036376953125 0.286712646484375 0.047149658203125 0.085723876953125
-0.62493896484375 -0.0301513671875 -0.0628738403320313 0.0835647583007813
-0.70013427734375 -0.17071533203125 -0.140289306640625 0.109176635742188
-0.71783447265625 -0.24212646484375 -0.154464721679688 0.174118041992187
-0.72344970703125 -0.28741455078125 -0.13726806640625 -0.262954711914063
-0.64556884765625 -0.15179443359375 -0.118873596191406 0.014862060546875
-0.5693359375 -0.12542724609375 0.152191162109375 0.0118255615234375
-0.548614501953125 0.00689697265624995 0.211166381835937 -0.127685546875
-0.5118408203125 0.14752197265625 0.160659790039062 -0.271072387695313
-0.467987060546875 0.411956787109375 0.060150146484375 -0.3040771484375
-0.29559326171875 0.543548583984375 -0.023284912109375 -0.2987060546875
-0.243988037109375 0.526580810546875 -0.0139312744140625 -0.261932373046875
-0.25482177734375 0.57867431640625 0.017730712890625 -0.236679077148437
-0.33489990234375 0.499267578125 0.0695343017578125 -0.154708862304687
-0.443389892578125 0.313568115234375 0.0882720947265625 -0.074066162109375
-0.443328857421875 0.219390869140625 0.0210952758789062 0.040191650390625
-0.493072509765625 0.00335693359374994 -0.15521240234375 0.0385894775390625
-0.60345458984375 -0.0933227539062501 -0.30853271484375 0.048370361328125
-0.6663818359375 -0.18438720703125 -0.355072021484375 0.046173095703125
-0.530059814453125 -0.16180419921875 -0.315704345703125 -0.378082275390625
-0.432769775390625 -0.0828857421875001 -0.248519897460938 -0.1119384765625
-0.35955810546875 -0.105377197265625 0.0578575134277343 -0.0550041198730469
-0.3736572265625 -0.0426635742187501 0.171798706054687 -0.174407958984375
-0.379791259765625 0.071075439453125 0.198211669921875 -0.314239501953125
-0.373291015625 0.287841796875 0.131195068359375 -0.435943603515625
-0.249542236328125 0.38848876953125 0.0264892578124999 -0.4945068359375
-0.20611572265625 0.3770751953125 0.013641357421875 -0.45440673828125
-0.224273681640625 0.40777587890625 0.05072021484375 -0.406951904296875
-0.266937255859375 0.32012939453125 0.112319946289062 -0.280624389648438
-0.30999755859375 0.16619873046875 0.0949172973632812 -0.124565124511719
-0.26922607421875 0.125732421875 -0.0197410583496094 9.72747802734477E-05
-0.308746337890625 0.034027099609375 -0.229324340820313 -0.025299072265625
-0.44281005859375 -0.0165100097656251 -0.42071533203125 -0.029876708984375
-0.52801513671875 -0.106231689453125 -0.513458251953125 -0.0686035156249999
-0.259506225585938 -0.00640869140624995 -0.425689697265625 -0.450775146484375
-0.164688110351562 0.011199951171875 -0.33038330078125 -0.2076416015625
-0.103065490722656 -0.0460662841796875 -0.0279922485351563 -0.0964813232421875
-0.138702392578125 -0.062469482421875 0.130203247070313 -0.198684692382812
-0.18023681640625 -0.00732421875 0.208953857421875 -0.331390380859375
-0.214019775390625 0.11761474609375 0.165802001953125 -0.522308349609375
-0.165664672851563 0.171981811523438 0.0552368164062499 -0.62567138671875
-0.137725830078125 0.170486450195312 0.03778076171875 -0.58056640625
-0.15966796875 0.180328369140625 0.087890625 -0.503173828125
-0.159820556640625 0.109420776367188 0.150115966796875 -0.3385009765625
-0.140525817871094 0.0199203491210937 0.0828399658203125 -0.1339111328125
-0.078857421875 0.0401992797851563 -0.070831298828125 -0.0386886596679688
-0.118515014648438 0.0687026977539063 -0.271438598632813 -0.104934692382813
-0.2452392578125 0.0583953857421875 -0.466827392578125 -0.114654541015625
-0.32403564453125 -0.017303466796875 -0.6182861328125 -0.15509033203125
-0.00884246826171875 -0.0960922241210938 0.6268310546875 0.0694580078125
-0.0136642456054688 -0.126945495605469 0.439117431640625 0.138885498046875
-0.104019165039063 -0.0772018432617188 0.240936279296875 0.0876617431640625
-0.107978820800781 0.0226669311523438 0.121910095214844 0.0533370971679687
-0.0633316040039063 0.0699005126953125 -0.088348388671875 0.0877609252929687
0.0222549438476563 0.094573974609375 -0.167938232421875 0.352508544921875
0.0630264282226563 0.0846328735351563 -0.081817626953125 0.560821533203125
0.0459518432617188 0.062469482421875 -0.00732421875000004 0.6116943359375
0.0615005493164062 0.0564041137695313 -0.0150756835937499 0.63507080078125
0.0356521606445313 0.0867843627929688 -0.11773681640625 0.55767822265625
-0.014312744140625 0.111915588378906 -0.104217529296875 0.3685302734375
-0.08612060546875 0.0894317626953125 -0.0277252197265625 0.220535278320313
-0.149765014648437 -0.0113067626953125 0.11639404296875 0.194320678710938
-0.102523803710938 -0.0960235595703125 0.385284423828125 0.22296142578125
-0.0242271423339844 -0.0688667297363281 0.468841552734375 0.511016845703125
-0.30108642578125 -0.173797607421875 0.5880126953125 0.0682373046875
-0.259353637695313 -0.128860473632813 0.38555908203125 0.191162109375
-0.304962158203125 -0.0640869140625 0.247512817382812 0.144241333007812
-0.28143310546875 0.075469970703125 0.166732788085937 0.0783538818359375
-0.219985961914063 0.157760620117188 -0.0517578125 0.0431709289550781
-0.117523193359375 0.272994995117188 -0.166107177734375 0.28924560546875
-0.016845703125 0.314178466796875 -0.1033935546875 0.50164794921875
-0.028106689453125 0.28839111328125 -0.018707275390625 0.553070068359375
-0.027374267578125 0.30780029296875 -0.00976562499999995 0.5743408203125
-0.10821533203125 0.30682373046875 -0.0812988281249999 0.51861572265625
-0.223358154296875 0.249359130859375 -0.05389404296875 0.32769775390625
-0.308807373046875 0.1666259765625 0.014404296875 0.201919555664062
-0.38214111328125 -0.054229736328125 0.131134033203125 0.172164916992188
-0.36962890625 -0.178955078125 0.34844970703125 0.2120361328125
-0.29779052734375 -0.164276123046875 0.41815185546875 0.47479248046875
-0.565673828125 -0.24285888671875 0.4718017578125 0.03521728515625
-0.506072998046875 -0.136260986328125 0.299713134765625 0.21002197265625
-0.505096435546875 -0.049407958984375 0.25238037109375 0.160964965820313
-0.447357177734375 0.121307373046875 0.201004028320312 0.065338134765625
-0.36322021484375 0.226654052734375 -0.0073814392089844 -0.0228824615478515
-0.254730224609375 0.410675048828125 -0.143356323242188 0.177520751953125
-0.104705810546875 0.4949951171875 -0.113983154296875 0.36456298828125
-0.098968505859375 0.47186279296875 -0.030426025390625 0.40899658203125
-0.09814453125 0.516082763671875 -0.00543212890624999 0.42706298828125
-0.213165283203125 0.496734619140625 -0.03619384765625 0.4000244140625
-0.379547119140625 0.381988525390625 0.00184631347656247 0.244155883789063
-0.475250244140625 0.259857177734375 0.047454833984375 0.167236328125
-0.56396484375 -0.049072265625 0.10284423828125 0.140838623046875
-0.58306884765625 -0.2003173828125 0.234695434570312 0.180694580078125
-0.525604248046875 -0.2144775390625 0.2825927734375 0.392578125
-0.7496337890625 -0.283447265625 0.290863037109375 -0.03515625
-0.68646240234375 -0.13702392578125 0.184158325195312 0.192306518554688
-0.65179443359375 -0.0426025390625001 0.252777099609375 0.133499145507813
-0.56890869140625 0.14013671875 0.225082397460937 0.00927734375000001
-0.47100830078125 0.26055908203125 0.0397415161132812 -0.110786437988281
-0.36602783203125 0.49176025390625 -0.0998382568359375 0.0273361206054688
-0.18280029296875 0.6024169921875 -0.107345581054688 0.1669921875
-0.15655517578125 0.580810546875 -0.0388641357421875 0.205963134765625
-0.15130615234375 0.64349365234375 -0.00877380371093753 0.219024658203125
-0.2744140625 0.60955810546875 -0.00057983398437503 0.22296142578125
-0.4617919921875 0.4608154296875 0.0434646606445312 0.128936767578125
-0.548065185546875 0.32666015625 0.0614547729492187 0.121086120605469
-0.6480712890625 -0.0134887695312501 0.0361480712890625 0.111358642578125
-0.69921875 -0.16766357421875 0.063232421875 0.148178100585938
-0.67120361328125 -0.21514892578125 0.087066650390625 0.290557861328125
-0.80731201171875 -0.276611328125 0.0672149658203124 -0.135398864746094
-0.73712158203125 -0.12408447265625 0.0402374267578125 0.128646850585938
-0.67669677734375 -0.0524902343750001 0.220794677734375 0.072479248046875
-0.602783203125 0.11376953125 0.223876953125 -0.070953369140625
-0.520294189453125 0.24444580078125 0.087982177734375 -0.204269409179687
-0.43157958984375 0.50091552734375 -0.036956787109375 -0.1405029296875
-0.23272705078125 0.62255859375 -0.0809783935546875 -0.0609893798828125
-0.192138671875 0.60150146484375 -0.0381813049316406 -0.026275634765625
-0.18719482421875 0.667236328125 -0.010441780090332 -0.0143594741821289
-0.2977294921875 0.61572265625 0.0270614624023437 0.0239086151123047
-0.4676513671875 0.44732666015625 0.0670242309570312 0.00961303710937503
-0.522430419921875 0.323333740234375 0.0528182983398437 0.0725250244140625
-0.61285400390625 0.0213623046874999 -0.0552825927734375 0.0854568481445313
-0.6978759765625 -0.10650634765625 -0.127700805664063 0.116111755371094
-0.71600341796875 -0.17828369140625 -0.132583618164063 0.180130004882813
-0.72906494140625 -0.21734619140625 -0.154434204101563 -0.248809814453125
-0.63958740234375 -0.0926513671875 -0.114677429199219 0.0260391235351562
-0.57000732421875 -0.0712890625 0.146133422851562 0.000579833984374996
-0.533660888671875 0.0507507324218751 0.195404052734375 -0.14080810546875
-0.486419677734375 0.182159423828125 0.133529663085938 -0.276596069335938
-0.4251708984375 0.4373779296875 0.034027099609375 -0.302154541015625
-0.244720458984375 0.552886962890625 -0.04345703125 -0.288360595703125
-0.19732666015625 0.5302734375 -0.0305633544921875 -0.253982543945312
-0.2012939453125 0.58544921875 -0.00416564941406252 -0.231979370117188
-0.284637451171875 0.513336181640625 0.054290771484375 -0.155975341796875
-0.40631103515625 0.3414306640625 0.0792465209960937 -0.0834274291992187
-0.4112548828125 0.248626708984375 0.0238723754882812 0.0311737060546875
-0.478485107421875 0.04266357421875 -0.149871826171875 0.050018310546875
-0.5968017578125 -0.0401611328125 -0.29583740234375 0.0711975097656251
-0.66156005859375 -0.12286376953125 -0.33685302734375 0.0713500976562499
-0.530120849609375 -0.11090087890625 -0.33837890625 -0.347503662109375
-0.42742919921875 -0.0427551269531249 -0.250900268554688 -0.086517333984375
-0.36187744140625 -0.072113037109375 0.0490379333496093 -0.0580863952636719
-0.368408203125 -0.0123596191406249 0.152664184570312 -0.18157958984375
-0.363311767578125 0.0985412597656249 0.1668701171875 -0.319549560546875
-0.343719482421875 0.308746337890625 0.093475341796875 -0.43316650390625
-0.21307373046875 0.3995361328125 -0.00939941406250001 -0.48333740234375
-0.172576904296875 0.38299560546875 -0.017730712890625 -0.44512939453125
-0.18731689453125 0.41497802734375 0.0163269042968749 -0.400787353515625
-0.234588623046875 0.33258056640625 0.0865478515625 -0.281524658203125
-0.2882080078125 0.186004638671875 0.08135986328125 -0.13165283203125
-0.249603271484375 0.14288330078125 -0.0205116271972656 -0.00235557556152343
-0.29608154296875 0.0595703124999999 -0.227096557617188 -0.00636291503906254
-0.433258056640625 0.0234375000000001 -0.40985107421875 0.00482177734374994
-0.522918701171875 -0.0575256347656251 -0.498870849609375 -0.0264282226562501
-0.254348754882813 0.016937255859375 -0.449462890625 -0.406982421875
-0.15869140625 0.0258636474609375 -0.3397216796875 -0.173431396484375
-0.105613708496094 -0.0360565185546875 -0.0373687744140625 -0.0918960571289063
-0.14111328125 -0.0502471923828125 0.110061645507812 -0.201019287109375
-0.176055908203125 0.00714111328125 0.177398681640625 -0.33575439453125
-0.201766967773438 0.131195068359375 0.1219482421875 -0.52069091796875
-0.148635864257813 0.18182373046875 0.00854492187499993 -0.6138916015625
-0.12152099609375 0.177108764648438 -0.00427246093750004 -0.5679931640625
-0.142868041992188 0.189208984375 0.045166015625 -0.498748779296875
-0.147979736328125 0.118728637695312 0.118499755859375 -0.33966064453125
-0.135833740234375 0.0295791625976563 0.068603515625 -0.138374328613281
-0.0709609985351562 0.0439682006835938 -0.0743942260742188 -0.034942626953125
-0.107131958007812 0.0778656005859375 -0.274276733398437 -0.08135986328125
-0.233673095703125 0.0806732177734375 -0.46026611328125 -0.0744323730468749
-0.316680908203125 0.0130920410156251 -0.60760498046875 -0.10272216796875
-0.0109176635742187 -0.0926589965820313 0.604736328125 0.03778076171875
-0.0196533203125 -0.123558044433594 0.425140380859375 0.11456298828125
-0.104728698730469 -0.0692214965820312 0.234909057617188 0.0780487060546875
-0.102828979492188 0.0276336669921875 0.122207641601563 0.0457534790039063
-0.0583572387695313 0.0717697143554688 -0.0800018310546875 0.0880508422851562
0.0279006958007813 0.0894546508789063 -0.145263671875 0.34649658203125
0.066314697265625 0.0772018432617187 -0.0548706054687499 0.545074462890625
0.0489425659179688 0.0572967529296875 0.0177001953125 0.5892333984375
0.06341552734375 0.0514297485351563 0.0136108398437501 0.61016845703125
0.0407562255859375 0.080322265625 -0.08447265625 0.54010009765625
-0.00658416748046874 0.108970642089844 -0.08331298828125 0.35528564453125
-0.0794830322265625 0.0913543701171875 -0.013427734375 0.209335327148437
-0.146102905273438 -0.00302124023437499 0.128097534179688 0.178909301757812
-0.10443115234375 -0.088836669921875 0.383514404296875 0.19403076171875
-0.0276298522949219 -0.0688667297363281 0.4739990234375 0.4688720703125
-0.296722412109375 -0.150482177734375 0.56658935546875 0.03936767578125
-0.254867553710938 -0.1112060546875 0.377105712890625 0.165679931640625
-0.2977294921875 -0.044281005859375 0.243881225585938 0.132476806640625
-0.267593383789062 0.08697509765625 0.166778564453125 0.0685882568359375
-0.203933715820312 0.16302490234375 -0.0477066040039063 0.042938232421875
-0.0980072021484375 0.269088745117188 -0.146148681640625 0.2845458984375
0.000244140624999982 0.3021240234375 -0.0791015625 0.4886474609375
-0.012542724609375 0.277542114257813 0.00515747070312498 0.53192138671875
-0.010406494140625 0.297119140625 0.016693115234375 0.551727294921875
-0.0867919921875 0.300140380859375 -0.05194091796875 0.49859619140625
-0.20159912109375 0.252960205078125 -0.036041259765625 0.313079833984375
-0.28985595703125 0.176025390625 0.024322509765625 0.187942504882813
-0.372772216796875 -0.0323791503906249 0.139175415039062 0.156295776367188
-0.3673095703125 -0.1539306640625 0.34661865234375 0.184234619140625
-0.29559326171875 -0.146820068359375 0.42547607421875 0.43621826171875
-0.555145263671875 -0.201812744140625 0.4544677734375 0.010101318359375
-0.491790771484375 -0.105865478515625 0.2960205078125 0.18878173828125
-0.492279052734375 -0.0193481445312499 0.24884033203125 0.147369384765625
-0.424072265625 0.1397705078125 0.19989013671875 0.054229736328125
-0.337310791015625 0.23565673828125 -0.0100784301757813 -0.0225086212158203
-0.224578857421875 0.408172607421875 -0.131942749023438 0.176025390625
-0.076416015625 0.480010986328125 -0.095733642578125 0.355072021484375
-0.0738525390625 0.457550048828125 -0.014007568359375 0.394287109375
-0.0694580078125 0.5020751953125 0.011383056640625 0.4110107421875
-0.17938232421875 0.4888916015625 -0.014251708984375 0.385009765625
-0.34527587890625 0.38787841796875 0.012603759765625 0.229736328125
-0.44451904296875 0.274871826171875 0.0543212890625 0.152191162109375
-0.547515869140625 -0.0187377929687501 0.108505249023437 0.128608703613281
-0.5753173828125 -0.16351318359375 0.234848022460937 0.159927368164063
-0.516265869140625 -0.1834716796875 0.29193115234375 0.363311767578125
-0.7333984375 -0.23089599609375 0.276931762695312 -0.04974365234375
-0.6641845703125 -0.09552001953125 0.18487548828125 0.177764892578125
-0.6322021484375 -0.00256347656249997 0.247756958007812 0.121139526367188
-0.53936767578125 0.1669921875 0.219070434570313 -0.00099182128906249
-0.440185546875 0.272552490234375 0.0311737060546875 -0.1094970703125
-0.32830810546875 0.492919921875 -0.0970687866210938 0.0298385620117188
-0.14691162109375 0.5882568359375 -0.096405029296875 0.165863037109375
-0.12481689453125 0.5654296875 -0.0288238525390625 0.199020385742188
-0.11419677734375 0.62750244140625 -9.15527343749842E-05 0.210418701171875
-0.23187255859375 0.60162353515625 0.01116943359375 0.213455200195313
-0.4219970703125 0.468353271484375 0.04620361328125 0.115951538085938
-0.5137939453125 0.342864990234375 0.06396484375 0.106300354003906
-0.62738037109375 0.0208129882812499 0.0405349731445312 0.103927612304688
-0.685302734375 -0.12548828125 0.0673141479492187 0.137481689453125
-0.656005859375 -0.17425537109375 0.100814819335937 0.27410888671875
-0.79144287109375 -0.22015380859375 0.057098388671875 -0.13671875
-0.712158203125 -0.0791015625 0.044464111328125 0.123138427734375
-0.6593017578125 -0.0109863281250001 0.213455200195313 0.06170654296875
-0.57611083984375 0.14080810546875 0.21307373046875 -0.077880859375
-0.488616943359375 0.25738525390625 0.0720977783203125 -0.200897216796875
-0.3927001953125 0.503631591796875 -0.0457000732421875 -0.13427734375
-0.1959228515625 0.6102294921875 -0.0809097290039063 -0.054931640625
-0.15728759765625 0.587158203125 -0.0378456115722656 -0.0241165161132812
-0.14801025390625 0.651123046875 -0.0135946273803711 -0.0137796401977539
-0.25457763671875 0.607666015625 0.0271797180175781 0.0203132629394532
-0.429229736328125 0.454498291015625 0.0631294250488281 0.000549316406250028
-0.48565673828125 0.33746337890625 0.0528297424316406 0.0599403381347657
-0.5899658203125 0.051513671875 -0.050079345703125 0.0844955444335938
-0.6796875 -0.0647583007812499 -0.117477416992188 0.116706848144531
-0.69677734375 -0.13604736328125 -0.114501953125 0.177825927734375
-0.7158203125 -0.16796875 -0.162445068359375 -0.2347412109375
-0.61724853515625 -0.05450439453125 -0.109260559082031 0.032012939453125
-0.556854248046875 -0.0360107421874999 0.138381958007812 -0.00519561767578125
-0.512115478515625 0.0757141113281249 0.18048095703125 -0.143310546875
-0.45928955078125 0.197021484375 0.111846923828125 -0.271240234375
-0.392791748046875 0.4427490234375 0.016448974609375 -0.293121337890625
-0.210296630859375 0.543853759765625 -0.0538330078125 -0.275985717773437
-0.166595458984375 0.518585205078125 -0.0391693115234375 -0.244110107421875
-0.16778564453125 0.5732421875 -0.0166015625 -0.22479248046875
-0.247467041015625 0.507598876953125 0.044158935546875 -0.15264892578125
-0.373870849609375 0.3492431640625 0.0700607299804687 -0.088287353515625
-0.38299560546875 0.257720947265625 0.0220146179199219 0.0228538513183594
-0.4593505859375 0.066192626953125 -0.144088745117188 0.054962158203125
-0.5784912109375 -0.00421142578124993 -0.2801513671875 0.0823211669921875
-0.642333984375 -0.0835571289062499 -0.31512451171875 0.082977294921875
-0.517333984375 -0.0766906738281249 -0.343017578125 -0.32305908203125
-0.411224365234375 -0.0171203613281249 -0.246429443359375 -0.069915771484375
-0.355133056640625 -0.048370361328125 0.0413131713867187 -0.0578193664550781
-0.356719970703125 0.00604248046874998 0.135757446289062 -0.180389404296875
-0.34600830078125 0.109405517578125 0.143890380859375 -0.3128662109375
-0.319061279296875 0.3167724609375 0.0694580078125 -0.421356201171875
-0.187591552734375 0.395111083984375 -0.029205322265625 -0.4649658203125
-0.149505615234375 0.377410888671875 -0.034637451171875 -0.428802490234375
-0.162017822265625 0.410369873046875 -0.00408935546875 -0.38714599609375
-0.209808349609375 0.33123779296875 0.068878173828125 -0.274398803710938
-0.268936157226563 0.193389892578125 0.070343017578125 -0.133682250976563
-0.230804443359375 0.147567749023438 -0.0220069885253906 -0.00583267211914061
-0.2796630859375 0.072998046875 -0.221527099609375 0.00491333007812498
-0.4158935546875 0.0494079589843751 -0.390838623046875 0.0239562988281249
-0.50360107421875 -0.0260314941406249 -0.47698974609375 -0.00274658203125003
-0.244827270507813 0.031982421875 -0.453765869140625 -0.375701904296875
-0.150253295898438 0.034332275390625 -0.33685302734375 -0.149932861328125
-0.105140686035156 -0.0277023315429687 -0.0436325073242188 -0.0865020751953125
-0.139480590820313 -0.041839599609375 0.093170166015625 -0.196380615234375
-0.170028686523438 0.013916015625 0.153076171875 -0.32861328125
-0.190505981445313 0.136917114257812 0.094696044921875 -0.50567626953125
-0.135467529296875 0.183242797851563 -0.0167236328125001 -0.5909423828125
-0.110443115234375 0.17755126953125 -0.027374267578125 -0.548248291015625
-0.12969970703125 0.189788818359375 0.020538330078125 -0.482513427734375
-0.136566162109375 0.121017456054688 0.0965576171875 -0.33209228515625
-0.129798889160156 0.0336685180664062 0.0571517944335938 -0.136428833007813
-0.0639839172363281 0.0445671081542969 -0.0758285522460938 -0.03204345703125
-0.096527099609375 0.08172607421875 -0.270660400390625 -0.065155029296875
-0.220977783203125 0.0937652587890625 -0.4434814453125 -0.0504760742187501
-0.30303955078125 0.0321044921875 -0.58697509765625 -0.0714111328125
-0.0119171142578125 -0.0904693603515625 0.5892333984375 0.0240478515625
-0.0235595703125 -0.122352600097656 0.4130859375 0.103973388671875
-0.105049133300781 -0.0652236938476562 0.231964111328125 0.0765380859375
-0.100364685058594 0.0299758911132812 0.124244689941406 0.0430450439453125
-0.0561981201171875 0.0731658935546875 -0.0749053955078125 0.0874481201171875
0.031005859375 0.0863800048828125 -0.132965087890625 0.34033203125
0.0681686401367188 0.0724105834960938 -0.043426513671875 0.53607177734375
0.0510406494140625 0.0540695190429688 0.02728271484375 0.57476806640625
0.0643577575683594 0.0476417541503906 0.0245361328125 0.59478759765625
0.0430374145507812 0.0772933959960938 -0.069427490234375 0.52459716796875
-0.00201416015624999 0.106925964355469 -0.072357177734375 0.344482421875
-0.0762786865234375 0.0921783447265625 -0.00634765625 0.199874877929688
-0.143936157226563 0.00215148925781252 0.136306762695313 0.168243408203125
-0.105628967285156 -0.0857620239257812 0.378692626953125 0.175750732421875
-0.0304603576660156 -0.0701904296875 0.4739990234375 0.44757080078125
-0.29229736328125 -0.137725830078125 0.5511474609375 0.025390625
-0.251312255859375 -0.10284423828125 0.367645263671875 0.1546630859375
-0.293670654296875 -0.033294677734375 0.241455078125 0.130218505859375
-0.259033203125 0.0923309326171875 0.168258666992187 0.0639495849609375
-0.195541381835938 0.164794921875 -0.0455780029296875 0.0425338745117187
-0.088043212890625 0.265487670898438 -0.136962890625 0.280014038085938
0.00930786132812497 0.29364013671875 -0.068511962890625 0.479705810546875
-0.00552368164062498 0.271621704101563 0.012969970703125 0.5196533203125
-0.000823974609375006 0.291015625 0.026947021484375 0.537750244140625
-0.075592041015625 0.294677734375 -0.038482666015625 0.485107421875
-0.188766479492187 0.252899169921875 -0.027496337890625 0.30084228515625
-0.279891967773438 0.18084716796875 0.029266357421875 0.177337646484375
-0.36822509765625 -0.021820068359375 0.144241333007812 0.146377563476562
-0.365234375 -0.141143798828125 0.343170166015625 0.1689453125
-0.294158935546875 -0.139129638671875 0.426971435546875 0.415557861328125
-0.547149658203125 -0.1805419921875 0.44012451171875 -0.00192260742187501
-0.481201171875 -0.0885009765625 0.290313720703125 0.1785888671875
-0.48199462890625 -0.000946044921874904 0.245880126953125 0.144332885742188
-0.4095458984375 0.149169921875 0.200408935546875 0.0498046875
-0.32354736328125 0.23651123046875 -0.0113487243652344 -0.0226554870605469
-0.2095947265625 0.404388427734375 -0.1260986328125 0.173126220703125
-0.061676025390625 0.470123291015625 -0.087188720703125 0.34967041015625
-0.061798095703125 0.44781494140625 -0.00579833984374997 0.385955810546875
-0.0546875 0.49285888671875 0.019012451171875 0.401031494140625
-0.160186767578125 0.481536865234375 -0.00500488281250005 0.37432861328125
-0.328216552734375 0.38958740234375 0.01593017578125 0.21807861328125
-0.4283447265625 0.279541015625 0.05584716796875 0.140235900878906
-0.539642333984375 -0.00369262695312496 0.111030578613281 0.120140075683594
-0.5704345703125 -0.143798828125 0.232528686523437 0.147994995117188
-0.509063720703125 -0.169036865234375 0.2950439453125 0.347381591796875
-0.722412109375 -0.20233154296875 0.266464233398437 -0.0566864013671875
-0.650390625 -0.0720825195312499 0.182418823242187 0.170440673828125
-0.62115478515625 0.0192260742187499 0.2427978515625 0.116989135742188
-0.521881103515625 0.176483154296875 0.216461181640625 -0.00515747070312499
-0.422393798828125 0.27435302734375 0.0250625610351562 -0.107658386230469
-0.310272216796875 0.488922119140625 -0.09735107421875 0.030548095703125
-0.1295166015625 0.5770263671875 -0.0923614501953125 0.165084838867188
-0.110870361328125 0.555389404296875 -0.0258331298828125 0.195785522460938
-0.09674072265625 0.6173095703125 0.000946044921875006 0.206207275390625
-0.2099609375 0.59326171875 0.01568603515625 0.206222534179688
-0.399932861328125 0.46875 0.0454483032226562 0.106834411621094
-0.493194580078125 0.34735107421875 0.0626678466796875 0.0955352783203125
-0.61456298828125 0.03558349609375 0.04193115234375 0.0986480712890625
-0.676025390625 -0.10174560546875 0.06903076171875 0.130035400390625
-0.6434326171875 -0.1563720703125 0.1075439453125 0.263717651367188
-0.7791748046875 -0.190185546875 0.0499649047851562 -0.137672424316406
-0.6962890625 -0.0541381835937498 0.0439987182617187 0.120689392089844
-0.647216796875 0.01324462890625 0.207565307617187 0.05755615234375
-0.557861328125 0.1533203125 0.206192016601562 -0.07965087890625
-0.4705810546875 0.25958251953125 0.0626068115234375 -0.196548461914062
-0.374053955078125 0.5030517578125 -0.0505828857421875 -0.130424499511719
-0.178466796875 0.6019287109375 -0.0805816650390625 -0.0510406494140625
-0.14276123046875 0.5767822265625 -0.0377998352050781 -0.0231399536132812
-0.13067626953125 0.6412353515625 -0.0156974792480469 -0.0120220184326171
-0.2322998046875 0.60162353515625 0.02734375 0.018697738647461
-0.4078369140625 0.456634521484375 0.0593681335449218 -0.00646591186523435
-0.4671630859375 0.340179443359375 0.0496368408203125 0.0510482788085938
-0.57635498046875 0.06634521484375 -0.048370361328125 0.08270263671875
-0.66876220703125 -0.041748046875 -0.111549377441406 0.115203857421875
-0.68218994140625 -0.11578369140625 -0.103744506835938 0.173980712890625
-0.70147705078125 -0.13946533203125 -0.166885375976563 -0.228515625
-0.602294921875 -0.0338134765625 -0.108116149902344 0.03472900390625
-0.5474853515625 -0.015716552734375 0.131988525390625 -0.007568359375
-0.49847412109375 0.087249755859375 0.17156982421875 -0.142410278320313
-0.444366455078125 0.198883056640625 0.100189208984375 -0.265426635742188
-0.374298095703125 0.443572998046875 0.007720947265625 -0.28533935546875
-0.195404052734375 0.537811279296875 -0.05743408203125 -0.268798828125
-0.154571533203125 0.51226806640625 -0.0424346923828125 -0.238494873046875
-0.14971923828125 0.565185546875 -0.0232696533203125 -0.217864990234375
-0.22882080078125 0.50286865234375 0.0391998291015625 -0.1500244140625
-0.35699462890625 0.350830078125 0.0642471313476562 -0.0924606323242187
-0.36572265625 0.260528564453125 0.0195121765136719 0.016164779663086
-0.44622802734375 0.07757568359375 -0.141265869140625 0.05731201171875
-0.56744384765625 0.01605224609375 -0.270217895507813 0.0860137939453125
-0.6260986328125 -0.06396484375 -0.30133056640625 0.0858459472656251
-0.50640869140625 -0.05792236328125 -0.344696044921875 -0.3099365234375
-0.39990234375 -0.00347900390625 -0.243453979492187 -0.0619964599609375
-0.349700927734375 -0.033782958984375 0.0346183776855469 -0.0581092834472656
-0.34918212890625 0.0153503417968749 0.125732421875 -0.176971435546875
-0.336822509765625 0.112335205078125 0.130584716796875 -0.30517578125
-0.308258056640625 0.319091796875 0.058349609375 -0.41278076171875
-0.17578125 0.39288330078125 -0.0355224609375 -0.454681396484375
-0.13958740234375 0.372772216796875 -0.04034423828125 -0.420257568359375
-0.14923095703125 0.4066162109375 -0.014404296875 -0.377593994140625
-0.1964111328125 0.328399658203125 0.060943603515625 -0.268630981445313
-0.258392333984375 0.194305419921875 0.0630340576171875 -0.134124755859375
-0.219833374023437 0.14801025390625 -0.0251293182373047 -0.00968360900878905
-0.26947021484375 0.08026123046875 -0.218490600585938 0.0108184814453125
-0.405609130859375 0.066375732421875 -0.380584716796875 0.0317687988281251
-0.489990234375 -0.010772705078125 -0.460205078125 0.00491333007812506
-0.237762451171875 0.040557861328125 -0.452789306640625 -0.360595703125
-0.144317626953125 0.03863525390625 -0.333984375 -0.13720703125
-0.104049682617188 -0.0230560302734375 -0.0493698120117188 -0.0830841064453125
-0.138099670410156 -0.0371170043945313 0.082977294921875 -0.19146728515625
-0.166152954101563 0.016204833984375 0.1412353515625 -0.31964111328125
-0.185867309570313 0.1395263671875 0.08197021484375 -0.49365234375
-0.1292724609375 0.183868408203125 -0.02630615234375 -0.57879638671875
-0.10577392578125 0.176467895507813 -0.035919189453125 -0.537109375
-0.123504638671875 0.189315795898438 0.00857543945312502 -0.472320556640625
-0.130996704101563 0.120361328125 0.086273193359375 -0.3251953125
-0.126754760742188 0.034820556640625 0.0508270263671875 -0.135505676269531
-0.0593605041503906 0.0432701110839844 -0.078460693359375 -0.0319061279296875
-0.0895538330078125 0.083831787109375 -0.267776489257812 -0.0578155517578125
-0.212677001953125 0.102142333984375 -0.430511474609375 -0.0386047363281249
-0.29345703125 0.041748046875 -0.57098388671875 -0.058837890625
-0.0123214721679687 -0.090972900390625 0.588134765625 0.01824951171875
-0.0271148681640625 -0.123985290527344 0.411712646484375 0.101165771484375
-0.107612609863281 -0.0634231567382813 0.234649658203125 0.0800933837890625
-0.100593566894531 0.0320510864257812 0.129768371582031 0.04229736328125
-0.0556793212890625 0.0764236450195313 -0.07183837890625 0.0882720947265625
0.034149169921875 0.0859222412109375 -0.127410888671875 0.34375
0.071136474609375 0.0697174072265625 -0.0367431640625 0.539794921875
0.05352783203125 0.052520751953125 0.0313720703125001 0.5791015625
0.0669059753417969 0.0465621948242188 0.0316162109375 0.59375
0.0463104248046875 0.075836181640625 -0.063079833984375 0.5233154296875
0.00206756591796875 0.108406066894531 -0.0675048828125 0.339508056640625
-0.0760498046875 0.0954055786132813 -0.000625610351562516 0.19512939453125
-0.145599365234375 0.00511169433593749 0.146026611328125 0.161834716796875
-0.109817504882813 -0.0862197875976563 0.3841552734375 0.167327880859375
-0.0345306396484375 -0.0723037719726563 0.48248291015625 0.442291259765625
-0.2928466796875 -0.1314697265625 0.5513916015625 0.01806640625
-0.2529296875 -0.099273681640625 0.367919921875 0.152923583984375
-0.2955322265625 -0.024993896484375 0.244613647460937 0.133956909179688
-0.25799560546875 0.0979766845703124 0.174819946289063 0.0622711181640625
-0.194381713867187 0.168487548828125 -0.0437583923339844 0.0427894592285156
-0.08245849609375 0.268035888671875 -0.133819580078125 0.28131103515625
0.014495849609375 0.293487548828125 -0.0648193359375 0.483734130859375
-0.000686645507812471 0.271453857421875 0.017852783203125 0.52301025390625
0.00494384765624997 0.2913818359375 0.03082275390625 0.538848876953125
-0.06842041015625 0.296173095703125 -0.0309143066406251 0.483428955078125
-0.184066772460938 0.257522583007813 -0.024993896484375 0.296142578125
-0.278533935546875 0.187255859375 0.0323486328125 0.17108154296875
-0.37103271484375 -0.0143737792968749 0.151947021484375 0.140823364257813
-0.371734619140625 -0.13494873046875 0.34771728515625 0.159210205078125
-0.29901123046875 -0.13751220703125 0.4344482421875 0.410369873046875
-0.54888916015625 -0.169586181640625 0.43914794921875 -0.00747680664062501
-0.48248291015625 -0.0797424316406251 0.290191650390625 0.17803955078125
-0.485443115234375 0.0133056640625001 0.248306274414062 0.146804809570313
-0.40765380859375 0.15948486328125 0.205520629882812 0.048004150390625
-0.32147216796875 0.24267578125 -0.0118179321289063 -0.0225162506103516
-0.202880859375 0.411590576171875 -0.125839233398437 0.175628662109375
-0.054962158203125 0.471954345703125 -0.08544921875 0.3544921875
-0.05499267578125 0.4505615234375 -0.00543212890625005 0.389495849609375
-0.0460205078125 0.49542236328125 0.0220947265625 0.402191162109375
-0.149749755859375 0.48602294921875 0.00189208984374996 0.37164306640625
-0.320831298828125 0.39794921875 0.0174560546875 0.212005615234375
-0.426055908203125 0.289459228515625 0.0564956665039062 0.133399963378906
-0.542572021484375 0.00622558593750001 0.116294860839844 0.115463256835938
-0.57904052734375 -0.13177490234375 0.235687255859375 0.141616821289062
-0.51318359375 -0.162506103515625 0.304046630859375 0.3427734375
-0.72698974609375 -0.18475341796875 0.26318359375 -0.0612335205078125
-0.651611328125 -0.0590209960937499 0.182754516601562 0.170425415039063
-0.6243896484375 0.0392456054687501 0.243942260742187 0.1181640625
-0.51910400390625 0.189208984375 0.2200927734375 -0.00694274902343749
-0.4200439453125 0.279876708984375 0.0219879150390625 -0.107383728027344
-0.304351806640625 0.49761962890625 -0.0997467041015625 0.031707763671875
-0.1224365234375 0.58233642578125 -0.0927734375 0.168869018554688
-0.104736328125 0.559173583984375 -0.024871826171875 0.198593139648438
-0.08831787109375 0.6219482421875 0.00100708007812498 0.208053588867188
-0.19769287109375 0.59930419921875 0.018157958984375 0.204391479492188
-0.39337158203125 0.4796142578125 0.0451507568359375 0.0999679565429688
-0.4901123046875 0.358154296875 0.061553955078125 0.087310791015625
-0.618408203125 0.0484619140625 0.044097900390625 0.0963897705078125
-0.6832275390625 -0.0841064453125 0.0715179443359375 0.127243041992188
-0.64642333984375 -0.14581298828125 0.115676879882812 0.260757446289063
-0.783447265625 -0.17108154296875 0.0444793701171874 -0.140975952148438
-0.695556640625 -0.0387573242187501 0.0431365966796875 0.122032165527344
-0.648681640625 0.0317993164062501 0.206680297851562 0.058349609375
-0.55609130859375 0.16552734375 0.20654296875 -0.081695556640625
-0.469970703125 0.265350341796875 0.0574951171875 -0.195220947265625
-0.36846923828125 0.513397216796875 -0.0556411743164063 -0.129051208496094
-0.1724853515625 0.60833740234375 -0.0827178955078125 -0.0491104125976562
-0.13818359375 0.581787109375 -0.0386390686035156 -0.0218849182128906
-0.12115478515625 0.64837646484375 -0.0188484191894531 -0.0103206634521484
-0.2208251953125 0.6080322265625 0.0269794464111328 0.0170688629150391
-0.402679443359375 0.465179443359375 0.0564994812011718 -0.0132789611816406
-0.462860107421875 0.34979248046875 0.0472831726074218 0.0433845520019531
-0.57763671875 0.0778198242187501 -0.0485000610351563 0.0831680297851562
-0.67254638671875 -0.0228881835937499 -0.108802795410156 0.115676879882813
-0.68402099609375 -0.10479736328125 -0.097869873046875 0.172607421875
-0.70513916015625 -0.122802734375 -0.174423217773438 -0.230484008789063
-0.6005859375 -0.0191040039062501 -0.110366821289063 0.0377655029296875
-0.5484619140625 0.000549316406250096 0.127433776855469 -0.007476806640625
-0.49932861328125 0.0957946777343749 0.168182373046875 -0.142959594726563
-0.444427490234375 0.202484130859375 0.0936431884765625 -0.264251708984375
-0.37261962890625 0.453094482421875 0.001800537109375 -0.285003662109375
-0.188629150390625 0.545440673828125 -0.0615997314453125 -0.268295288085938
-0.1492919921875 0.51654052734375 -0.0456085205078125 -0.23919677734375
-0.14227294921875 0.571044921875 -0.0279083251953125 -0.217453002929687
-0.219940185546875 0.507781982421875 0.0366058349609375 -0.151748657226562
-0.3541259765625 0.358489990234375 0.0596542358398437 -0.0980682373046875
-0.362060546875 0.266937255859375 0.0146121978759765 0.00964450836181642
-0.444427490234375 0.0865173339843751 -0.142822265625 0.0597381591796875
-0.56866455078125 0.03399658203125 -0.267745971679688 0.0892181396484375
-0.62493896484375 -0.0521240234375 -0.296875 0.0873413085937501
-0.50799560546875 -0.043853759765625 -0.353912353515625 -0.308685302734375
-0.397186279296875 0.00607299804687494 -0.248275756835938 -0.0583648681640625
-0.351226806640625 -0.0236511230468749 0.0287399291992187 -0.0582695007324219
-0.351348876953125 0.021209716796875 0.1199951171875 -0.176361083984375
-0.3367919921875 0.114471435546875 0.125823974609375 -0.30340576171875
-0.3056640625 0.326019287109375 0.05145263671875 -0.41290283203125
-0.17132568359375 0.39910888671875 -0.040069580078125 -0.45574951171875
-0.1383056640625 0.3779296875 -0.044525146484375 -0.421905517578125
-0.14508056640625 0.4102783203125 -0.02105712890625 -0.379638671875
-0.190399169921875 0.330963134765625 0.0572662353515625 -0.27044677734375
-0.256134033203125 0.19915771484375 0.05792236328125 -0.138153076171875
-0.2158203125 0.150588989257812 -0.0291194915771485 -0.0128173828125
-0.266510009765625 0.0863037109375 -0.221450805664063 0.0138549804687501
-0.40478515625 0.0785217285156251 -0.3785400390625 0.036590576171875
-0.48846435546875 -0.000305175781250068 -0.45904541015625 0.00863647460937494
-0.23858642578125 0.04730224609375 -0.462615966796875 -0.35821533203125
-0.141677856445313 0.042938232421875 -0.33978271484375 -0.13323974609375
-0.104507446289063 -0.018402099609375 -0.0561676025390625 -0.0823516845703125
-0.140174865722656 -0.0348281860351563 0.0759124755859375 -0.188720703125
-0.16778564453125 0.0167236328125 0.136688232421875 -0.317413330078125
-0.187423706054687 0.1453857421875 0.076446533203125 -0.494171142578125
-0.127899169921875 0.188735961914063 -0.0319213867187499 -0.58184814453125
-0.10552978515625 0.1810302734375 -0.0406494140625 -0.541412353515625
-0.122802734375 0.193069458007813 0.00238037109374994 -0.475433349609375
-0.130332946777344 0.122711181640625 0.081146240234375 -0.325897216796875
-0.127922058105469 0.036041259765625 0.0466842651367188 -0.136558532714844
-0.0563468933105469 0.0418586730957031 -0.0836639404296875 -0.0331954956054687
-0.0853118896484375 0.0875091552734375 -0.271682739257813 -0.0547637939453125
-0.210205078125 0.111923217773438 -0.4285888671875 -0.0341796875
-0.291107177734375 0.049530029296875 -0.570068359375 -0.05255126953125
-0.014251708984375 -0.0931396484375 0.60125732421875 0.00170898437499999
-0.0333404541015625 -0.128135681152344 0.41986083984375 0.096038818359375
-0.113639831542969 -0.0618896484375 0.24609375 0.0822296142578125
-0.103347778320313 0.0365066528320312 0.139419555664063 0.0395355224609375
-0.0558853149414062 0.08172607421875 -0.069061279296875 0.0906982421875
0.0390396118164063 0.0864334106445313 -0.1190185546875 0.354461669921875
0.07562255859375 0.0681686401367188 -0.024505615234375 0.55767822265625
0.0583686828613281 0.0505256652832031 0.04754638671875 0.5965576171875
0.07208251953125 0.0442123413085938 0.04534912109375 0.606689453125
0.0513687133789063 0.0749969482421875 -0.0499267578125 0.53155517578125
0.00727081298828126 0.110633850097656 -0.059417724609375 0.34344482421875
-0.07501220703125 0.10211181640625 0.00779724121093751 0.194091796875
-0.149734497070313 0.0105743408203125 0.162887573242188 0.155197143554688
-0.117454528808594 -0.0866928100585938 0.401123046875 0.15380859375
-0.03973388671875 -0.0750198364257812 0.50885009765625 0.4388427734375
-0.3018798828125 -0.123321533203125 0.5623779296875 0.00366210937499999
-0.262222290039063 -0.0935211181640625 0.376190185546875 0.150390625
-0.303375244140625 -0.0122070312499999 0.25762939453125 0.137435913085938
-0.261184692382813 0.111328125 0.187179565429688 0.059234619140625
-0.19427490234375 0.180282592773437 -0.0421943664550781 0.0432891845703125
-0.0741119384765625 0.277328491210937 -0.1290283203125 0.290985107421875
0.02410888671875 0.2989501953125 -0.053558349609375 0.50177001953125
0.00848388671874997 0.276840209960938 0.03106689453125 0.53900146484375
0.0159912109375 0.299041748046875 0.043701171875 0.550994873046875
-0.058807373046875 0.30419921875 -0.0196533203125 0.490447998046875
-0.17779541015625 0.27001953125 -0.01788330078125 0.29571533203125
-0.280288696289062 0.20330810546875 0.038970947265625 0.167266845703125
-0.382171630859375 -0.00164794921875 0.165802001953125 0.133575439453125
-0.388671875 -0.124908447265625 0.362762451171875 0.148162841796875
-0.31182861328125 -0.1329345703125 0.45947265625 0.405670166015625
-0.56475830078125 -0.15167236328125 0.446014404296875 -0.021392822265625
-0.495849609375 -0.0639953613281251 0.29852294921875 0.177734375
-0.495025634765625 0.0379638671875001 0.260421752929687 0.150161743164063
-0.411865234375 0.178070068359375 0.216903686523437 0.0426788330078125
-0.32122802734375 0.257415771484375 -0.0127506256103516 -0.0226154327392578
-0.1937255859375 0.42816162109375 -0.125473022460938 0.182693481445313
-0.041961669921875 0.485443115234375 -0.079833984375 0.368499755859375
-0.043701171875 0.462615966796875 0.00448608398437503 0.4033203125
-0.0303955078125 0.510009765625 0.030242919921875 0.413116455078125
-0.1363525390625 0.500823974609375 0.010009765625 0.37652587890625
-0.315521240234375 0.418975830078125 0.0211639404296875 0.209823608398438
-0.4295654296875 0.31243896484375 0.0594253540039062 0.127754211425781
-0.557342529296875 0.025390625 0.125862121582031 0.110443115234375
-0.60003662109375 -0.11260986328125 0.246902465820312 0.134140014648438
-0.531768798828125 -0.151885986328125 0.32452392578125 0.34161376953125
-0.7481689453125 -0.16033935546875 0.26336669921875 -0.0724639892578125
-0.66644287109375 -0.0365600585937501 0.18792724609375 0.1729736328125
-0.63653564453125 0.0694580078125001 0.252655029296875 0.120574951171875
-0.52471923828125 0.21234130859375 0.2276611328125 -0.0128326416015625
-0.421539306640625 0.2978515625 0.0175552368164062 -0.109588623046875
-0.29443359375 0.521148681640625 -0.104164123535156 0.0364608764648438
-0.1099853515625 0.60015869140625 -0.0919342041015625 0.178878784179688
-0.09112548828125 0.5767822265625 -0.021209716796875 0.206619262695313
-0.0701293945312501 0.64166259765625 0.0045166015625 0.215621948242188
-0.1807861328125 0.61859130859375 0.0240631103515625 0.205780029296875
-0.386688232421875 0.506134033203125 0.0448226928710937 0.093841552734375
-0.489837646484375 0.3841552734375 0.0616836547851562 0.0807647705078125
-0.63409423828125 0.0721435546875001 0.0489120483398437 0.0948104858398438
-0.7047119140625 -0.0590820312499999 0.0783233642578124 0.124488830566406
-0.66748046875 -0.13031005859375 0.128814697265625 0.26116943359375
-0.80560302734375 -0.14501953125 0.0367889404296875 -0.146942138671875
-0.71038818359375 -0.01251220703125 0.0443801879882812 0.126548767089844
-0.6611328125 0.0643310546874999 0.209945678710937 0.057098388671875
-0.56524658203125 0.190185546875 0.209060668945312 -0.0873565673828125
-0.47454833984375 0.282928466796875 0.0509796142578125 -0.199188232421875
-0.362579345703125 0.53924560546875 -0.0634536743164062 -0.128959655761719
-0.1605224609375 0.6307373046875 -0.0872421264648438 -0.045562744140625
-0.1256103515625 0.60205078125 -0.0401611328125 -0.01953125
-0.1044921875 0.67034912109375 -0.0223064422607422 -0.00876998901367184
-0.20458984375 0.627197265625 0.02679443359375 0.0145645141601563
-0.398681640625 0.491729736328125 0.0534706115722656 -0.020751953125
-0.4622802734375 0.372650146484375 0.04449462890625 0.0366706848144531
-0.5897216796875 0.1004638671875 -0.0465545654296875 0.0856475830078125
-0.69000244140625 0.00506591796875007 -0.107475280761719 0.119216918945313
-0.7012939453125 -0.08489990234375 -0.090850830078125 0.17742919921875
-0.72442626953125 -0.0971679687499999 -0.19158935546875 -0.232559204101562
-0.610595703125 0.00415039062500013 -0.115676879882813 0.0439453125
-0.55963134765625 0.026824951171875 0.124755859375 -0.00949859619140625
-0.508331298828125 0.116363525390625 0.165603637695312 -0.148757934570313
-0.451202392578125 0.21807861328125 0.086639404296875 -0.269210815429688
-0.36968994140625 0.480377197265625 -0.00888061523437504 -0.2889404296875
-0.17999267578125 0.56658935546875 -0.070465087890625 -0.272491455078125
-0.13983154296875 0.536590576171875 -0.0523834228515625 -0.2442626953125
-0.13067626953125 0.59228515625 -0.03662109375 -0.221511840820312
-0.207733154296875 0.52642822265625 0.0320587158203125 -0.157211303710937
-0.35174560546875 0.379241943359375 0.054718017578125 -0.107170104980469
-0.361114501953125 0.282958984375 0.0104608535766601 0.0046968460083008
-0.451812744140625 0.1058349609375 -0.146377563476563 0.065643310546875
-0.57830810546875 0.0617675781249999 -0.2694091796875 0.0973358154296875
-0.639404296875 -0.03350830078125 -0.297576904296875 0.0944824218750001
-0.52130126953125 -0.0234985351562501 -0.37744140625 -0.31036376953125
-0.402862548828125 0.0213623046874999 -0.259490966796875 -0.051422119140625
-0.358367919921875 -0.00842285156250007 0.0212287902832031 -0.0584754943847656
-0.360382080078125 0.0335388183593751 0.114501953125 -0.18048095703125
-0.345550537109375 0.125335693359375 0.117828369140625 -0.309844970703125
-0.3062744140625 0.347198486328125 0.03973388671875 -0.421539306640625
-0.165557861328125 0.416656494140625 -0.0518798828125 -0.4674072265625
-0.13238525390625 0.393402099609375 -0.056549072265625 -0.43341064453125
-0.13775634765625 0.42645263671875 -0.03289794921875 -0.389434814453125
-0.184173583984375 0.34417724609375 0.0486602783203125 -0.279067993164062
-0.25750732421875 0.211135864257813 0.0523834228515625 -0.145599365234375
-0.21380615234375 0.158035278320313 -0.0367927551269531 -0.0156822204589844
-0.266830444335938 0.0999908447265625 -0.227935791015625 0.0216674804687501
-0.408172607421875 0.10302734375 -0.382080078125 0.0473632812499999
-0.49810791015625 0.017364501953125 -0.46630859375 0.0186767578125001
-0.242141723632813 0.0593109130859375 -0.490570068359375 -0.3563232421875
-0.141159057617187 0.0493621826171875 -0.35723876953125 -0.125762939453125
-0.105766296386719 -0.0141372680664062 -0.0669479370117187 -0.0802841186523438
-0.145828247070313 -0.0315399169921875 0.068145751953125 -0.190338134765625
-0.173370361328125 0.019287109375 0.130615234375 -0.3240966796875
-0.18975830078125 0.156784057617188 0.064849853515625 -0.506683349609375
-0.125808715820312 0.199203491210938 -0.04827880859375 -0.5968017578125
-0.103958129882812 0.19024658203125 -0.05633544921875 -0.5577392578125
-0.12139892578125 0.20245361328125 -0.0103759765625 -0.4888916015625
-0.130897521972656 0.128753662109375 0.0733642578125 -0.3359375
-0.130729675292969 0.0400543212890625 0.041046142578125 -0.141632080078125
-0.0539436340332031 0.0414505004882812 -0.0922775268554688 -0.0332107543945312
-0.0808792114257813 0.0941696166992187 -0.28271484375 -0.0484619140625
-0.207916259765625 0.128189086914063 -0.4375 -0.024505615234375
-0.29461669921875 0.062408447265625 -0.5850830078125 -0.0388183593750001
-0.0177459716796875 -0.0950088500976563 0.61602783203125 -0.0296630859375
-0.0434722900390625 -0.131538391113281 0.434478759765625 0.081085205078125
-0.120841979980469 -0.0566558837890625 0.262985229492187 0.0787200927734375
-0.104377746582031 0.044403076171875 0.151321411132812 0.03253173828125
-0.0529251098632813 0.089691162109375 -0.0637588500976563 0.0948715209960937
0.046356201171875 0.0863113403320313 -0.1016845703125 0.3677978515625
0.08160400390625 0.0643386840820313 0.00714111328125004 0.57720947265625
0.0642738342285156 0.0471878051757813 0.078857421875 0.61181640625
0.078704833984375 0.0396575927734375 0.07586669921875 0.6219482421875
0.05865478515625 0.07257080078125 -0.025848388671875 0.542266845703125
0.0162887573242188 0.113304138183594 -0.045135498046875 0.347137451171875
-0.0711288452148438 0.111656188964844 0.0212554931640625 0.18975830078125
-0.154251098632813 0.0203399658203125 0.183547973632813 0.14068603515625
-0.127738952636719 -0.083465576171875 0.421661376953125 0.12994384765625
-0.0465087890625 -0.076171875 0.548370361328125 0.42218017578125
-0.313232421875 -0.107330322265625 0.57470703125 -0.0260009765625
-0.272689819335938 -0.0816802978515625 0.390899658203125 0.138427734375
-0.309722900390625 0.00750732421874995 0.275222778320313 0.134445190429688
-0.260147094726563 0.130905151367188 0.200973510742187 0.0494384765625
-0.189010620117188 0.197906494140625 -0.0388832092285156 0.0457763671875
-0.058135986328125 0.28924560546875 -0.116546630859375 0.303436279296875
0.042236328125 0.3052978515625 -0.02764892578125 0.51971435546875
0.025115966796875 0.2828369140625 0.05877685546875 0.555389404296875
0.034759521484375 0.304412841796875 0.07080078125 0.56512451171875
-0.03997802734375 0.3138427734375 0.00512695312500003 0.499755859375
-0.1649169921875 0.28729248046875 -0.00585937499999999 0.2962646484375
-0.275375366210937 0.226654052734375 0.049041748046875 0.162002563476563
-0.392333984375 0.0227966308593749 0.183349609375 0.119232177734375
-0.40765380859375 -0.1024169921875 0.3804931640625 0.126861572265625
-0.329742431640625 -0.117401123046875 0.496307373046875 0.3895263671875
-0.5849609375 -0.11944580078125 0.454010009765625 -0.04571533203125
-0.508087158203125 -0.035186767578125 0.311492919921875 0.171051025390625
-0.501708984375 0.0731201171874999 0.27703857421875 0.147628784179688
-0.40765380859375 0.210723876953125 0.23028564453125 0.032958984375
-0.31561279296875 0.28387451171875 -0.013824462890625 -0.0229301452636719
-0.172637939453125 0.451080322265625 -0.120498657226563 0.194366455078125
-0.01605224609375 0.5009765625 -0.0631103515625 0.38507080078125
-0.018768310546875 0.476531982421875 0.02691650390625 0.4171142578125
-0.00054931640624996 0.5257568359375 0.04931640625 0.425048828125
-0.107513427734375 0.519775390625 0.028045654296875 0.382354736328125
-0.296875 0.448516845703125 0.028472900390625 0.204696655273438
-0.42236328125 0.347076416015625 0.0656356811523437 0.1207275390625
-0.57220458984375 0.06024169921875 0.138824462890625 0.0997390747070313
-0.622314453125 -0.07440185546875 0.26068115234375 0.118698120117188
-0.55548095703125 -0.12255859375 0.3536376953125 0.327911376953125
-0.7723388671875 -0.1171875 0.262863159179688 -0.087310791015625
-0.68072509765625 0.00445556640625012 0.197906494140625 0.171981811523438
-0.64129638671875 0.11822509765625 0.26507568359375 0.116378784179688
-0.522979736328125 0.252593994140625 0.235702514648438 -0.023712158203125
-0.41790771484375 0.328704833984375 0.0114974975585937 -0.1116943359375
-0.2734375 0.552764892578125 -0.107826232910156 0.0444259643554688
-0.0802001953125 0.62261962890625 -0.08563232421875 0.191665649414063
-0.06231689453125 0.5972900390625 -0.010040283203125 0.216766357421875
-0.03546142578125 0.663330078125 0.0133819580078125 0.223236083984375
-0.14801025390625 0.64312744140625 0.0336761474609375 0.207427978515625
-0.36773681640625 0.541168212890625 0.0449905395507812 0.0865859985351563
-0.479949951171875 0.42230224609375 0.0628738403320312 0.072845458984375
-0.6451416015625 0.11248779296875 0.0577926635742187 0.0902786254882813
-0.72344970703125 -0.0117187500000001 0.0876846313476562 0.119400024414062
-0.6900634765625 -0.0936889648437499 0.149871826171875 0.257476806640625
-0.83258056640625 -0.0951538085937499 0.0243225097656249 -0.152664184570313
-0.72296142578125 0.03350830078125 0.0480804443359375 0.131980895996094
-0.66925048828125 0.11334228515625 0.21435546875 0.0536956787109375
-0.56494140625 0.229736328125 0.209152221679688 -0.099456787109375
-0.472625732421875 0.3138427734375 0.0390777587890625 -0.203125
-0.34307861328125 0.5740966796875 -0.0751953125 -0.125724792480469
-0.1290283203125 0.6590576171875 -0.0927505493164063 -0.0396041870117187
-0.0969848632812499 0.626220703125 -0.0414505004882813 -0.01580810546875
-0.07037353515625 0.6949462890625 -0.0249557495117188 -0.0053310394287109
-0.17333984375 0.65374755859375 0.0266151428222656 0.0115242004394532
-0.37884521484375 0.5262451171875 0.0468940734863281 -0.0306053161621093
-0.452972412109375 0.409332275390625 0.0411186218261718 0.0297470092773438
-0.59564208984375 0.1395263671875 -0.0432968139648438 0.0877761840820313
-0.7032470703125 0.0533447265625 -0.100669860839844 0.125030517578125
-0.722900390625 -0.0443115234374998 -0.0799865722656251 0.182876586914062
-0.7449951171875 -0.0509033203125 -0.2137451171875 -0.228622436523437
-0.6197509765625 0.04351806640625 -0.120819091796875 0.0544662475585937
-0.5654296875 0.0675048828125 0.120864868164062 -0.0112762451171875
-0.51287841796875 0.150146484375 0.159393310546875 -0.157943725585938
-0.454376220703125 0.246673583984375 0.0730133056640625 -0.275009155273438
-0.355865478515625 0.51519775390625 -0.02716064453125 -0.2926025390625
-0.15411376953125 0.59356689453125 -0.087005615234375 -0.274734497070312
-0.11480712890625 0.56005859375 -0.064971923828125 -0.247802734375
-0.10101318359375 0.61700439453125 -0.0518341064453125 -0.224746704101562
-0.181884765625 0.549957275390625 0.0235748291015625 -0.164657592773437
-0.339569091796875 0.407501220703125 0.0443267822265625 -0.11676025390625
-0.352569580078125 0.30792236328125 0.00363206863403318 -0.000135898590087872
-0.451751708984375 0.13665771484375 -0.146499633789063 0.0745391845703125
-0.58563232421875 0.106201171875 -0.267440795898438 0.11163330078125
-0.65478515625 0.00561523437499996 -0.29705810546875 0.109344482421875
-0.532257080078125 0.0105895996093751 -0.410369873046875 -0.297027587890625
-0.40576171875 0.0472412109375001 -0.275192260742188 -0.0354461669921875
-0.362701416015625 0.0170288085937501 0.0101203918457031 -0.0567512512207031
-0.367218017578125 0.0549926757812499 0.10247802734375 -0.184707641601563
-0.35089111328125 0.14471435546875 0.103912353515625 -0.31689453125
-0.297393798828125 0.37567138671875 0.019287109375 -0.429443359375
-0.14739990234375 0.440277099609375 -0.078826904296875 -0.4779052734375
-0.116302490234375 0.413848876953125 -0.0803222656250001 -0.444549560546875
-0.1185302734375 0.44805908203125 -0.0565185546875 -0.39886474609375
-0.16973876953125 0.361114501953125 0.034149169921875 -0.2879638671875
-0.252517700195313 0.2294921875 0.0405426025390625 -0.154403686523437
-0.207550048828125 0.172073364257813 -0.0455131530761719 -0.0161399841308594
-0.263214111328125 0.119964599609375 -0.233795166015625 0.034088134765625
-0.406890869140625 0.13824462890625 -0.38653564453125 0.0669555664062499
-0.507293701171875 0.0487976074218749 -0.475494384765625 0.042633056640625
-0.2432861328125 0.0785064697265625 -0.528289794921875 -0.338714599609375
-0.1387939453125 0.0587387084960938 -0.37921142578125 -0.1068115234375
-0.107421875 -0.00655364990234377 -0.0818405151367188 -0.0738143920898438
-0.151229858398438 -0.02423095703125 0.0551910400390625 -0.191024780273438
-0.178909301757813 0.0279083251953125 0.11553955078125 -0.3323974609375
-0.1881103515625 0.173355102539063 0.041778564453125 -0.51885986328125
-0.11773681640625 0.214218139648438 -0.07940673828125 -0.61285400390625
-0.0968170166015625 0.202728271484375 -0.08673095703125 -0.57269287109375
-0.115615844726563 0.2159423828125 -0.0377197265625 -0.503173828125
-0.128189086914063 0.13836669921875 0.055999755859375 -0.347625732421875
-0.1322021484375 0.0458984375 0.030059814453125 -0.146499633789063
-0.0508995056152344 0.0427055358886719 -0.10382080078125 -0.029052734375
-0.0728759765625 0.102455139160156 -0.294281005859375 -0.03533935546875
-0.200973510742188 0.148666381835938 -0.445068359375 -0.00512695312499999
-0.296417236328125 0.082916259765625 -0.599609375 -0.00836181640625004
-0.0224151611328125 -0.0955276489257813 0.61492919921875 -0.07232666015625
-0.056060791015625 -0.13177490234375 0.438690185546875 0.058441162109375
-0.126884460449219 -0.0485916137695313 0.277481079101563 0.0675506591796875
-0.1029052734375 0.0524139404296875 0.161712646484375 0.0206756591796875
-0.046722412109375 0.0967864990234375 -0.05389404296875 0.0971603393554688
0.054351806640625 0.0838775634765625 -0.074615478515625 0.3763427734375
0.08770751953125 0.0584487915039063 0.04583740234375 0.58465576171875
0.0686912536621094 0.0405311584472656 0.1204833984375 0.615234375
0.0845260620117188 0.0318984985351563 0.11474609375 0.62255859375
0.0666351318359375 0.0671806335449219 0.00555419921875003 0.542938232421875
0.0264511108398438 0.112030029296875 -0.023956298828125 0.341766357421875
-0.0629653930664062 0.120079040527344 0.036407470703125 0.178497314453125
-0.15484619140625 0.032501220703125 0.200790405273438 0.117263793945313
-0.138313293457031 -0.0741729736328125 0.434234619140625 0.09503173828125
-0.0533523559570313 -0.0738067626953125 0.58367919921875 0.38372802734375
-0.31927490234375 -0.085052490234375 0.5758056640625 -0.06549072265625
-0.279342651367188 -0.062744140625 0.4013671875 0.1192626953125
-0.3070068359375 0.0325927734375001 0.293975830078125 0.123748779296875
-0.251739501953125 0.151336669921875 0.213958740234375 0.0348663330078125
-0.175689697265625 0.214141845703125 -0.0349655151367188 0.0475540161132813
-0.03680419921875 0.295074462890625 -0.096343994140625 0.313201904296875
0.06256103515625 0.304107666015625 0.00827026367187504 0.529876708984375
0.045318603515625 0.282470703125 0.096893310546875 0.5595703125
0.058502197265625 0.303436279296875 0.1064453125 0.56732177734375
-0.016204833984375 0.31488037109375 0.034912109375 0.497314453125
-0.143951416015625 0.300140380859375 0.00875854492187498 0.288116455078125
-0.260604858398438 0.249984741210938 0.0586700439453125 0.149093627929688
-0.39410400390625 0.0514526367187501 0.197677612304687 0.0972137451171875
-0.419189453125 -0.0708312988281251 0.3927001953125 0.094329833984375
-0.34075927734375 -0.095550537109375 0.52923583984375 0.354522705078125
-0.59002685546875 -0.0730590820312499 0.451171875 -0.07666015625
-0.510498046875 0.00201416015625009 0.3232421875 0.157928466796875
-0.493927001953125 0.114837646484375 0.294219970703125 0.138885498046875
-0.393524169921875 0.2430419921875 0.240188598632812 0.017120361328125
-0.298614501953125 0.3082275390625 -0.0138435363769531 -0.0224628448486328
-0.139129638671875 0.467071533203125 -0.109222412109375 0.20379638671875
0.017822265625 0.507415771484375 -0.03631591796875 0.3973388671875
0.012176513671875 0.480682373046875 0.05670166015625 0.423614501953125
0.036895751953125 0.52874755859375 0.075164794921875 0.42803955078125
-0.0701293945312499 0.528411865234375 0.050872802734375 0.3797607421875
-0.265960693359375 0.47235107421875 0.035400390625 0.196640014648438
-0.39825439453125 0.381378173828125 0.0694808959960937 0.107940673828125
-0.57000732421875 0.105224609375 0.150100708007812 0.082366943359375
-0.6298828125 -0.0252075195312499 0.270706176757812 0.0958251953125
-0.56781005859375 -0.08428955078125 0.38232421875 0.30206298828125
-0.7801513671875 -0.0573730468749999 0.25543212890625 -0.105514526367187
-0.67919921875 0.05657958984375 0.207305908203125 0.167129516601563
-0.62933349609375 0.171142578125 0.275650024414062 0.106796264648438
-0.5030517578125 0.293792724609375 0.238235473632812 -0.0391998291015625
-0.397735595703125 0.359588623046875 0.00531005859374997 -0.11102294921875
-0.2347412109375 0.5775146484375 -0.107635498046875 0.0552291870117188
-0.0390014648437501 0.63629150390625 -0.0742645263671875 0.203689575195313
-0.02227783203125 0.60821533203125 0.00662231445312502 0.222702026367188
0.0125122070312501 0.67138671875 0.026824951171875 0.22747802734375
-0.10186767578125 0.65447998046875 0.0445709228515625 0.203994750976563
-0.330322265625 0.5712890625 0.0440826416015625 0.077392578125
-0.4525146484375 0.461029052734375 0.0617752075195312 0.061737060546875
-0.63861083984375 0.16253662109375 0.0653762817382812 0.0811538696289063
-0.726318359375 0.04473876953125 0.0968170166015625 0.109115600585938
-0.70013427734375 -0.042724609375 0.172348022460937 0.244659423828125
-0.8394775390625 -0.0317993164062501 0.0100250244140625 -0.152236938476562
-0.71612548828125 0.0881958007812498 0.0525283813476562 0.135528564453125
-0.65399169921875 0.169921875 0.216217041015625 0.0476531982421875
-0.54656982421875 0.272857666015625 0.203598022460937 -0.10980224609375
-0.456390380859375 0.347747802734375 0.02618408203125 -0.202651977539062
-0.30352783203125 0.60614013671875 -0.08721923828125 -0.117713928222656
-0.087646484375 0.67462158203125 -0.0953140258789063 -0.02935791015625
-0.05584716796875 0.6397705078125 -0.0408515930175781 -0.0114707946777343
-0.0224609375000001 0.70697021484375 -0.0267810821533203 -0.00150871276855464
-0.12646484375 0.668212890625 0.0237178802490234 0.0087985992431641
-0.345306396484375 0.558258056640625 0.0376014709472656 -0.039459228515625
-0.4254150390625 0.443695068359375 0.035491943359375 0.0218772888183594
-0.58746337890625 0.18487548828125 -0.0369491577148438 0.0877838134765625
-0.69744873046875 0.11236572265625 -0.0918502807617188 0.1292724609375
-0.726318359375 0.00836181640625009 -0.06329345703125 0.184844970703125
-0.74969482421875 0.00836181640624985 -0.237533569335938 -0.2139892578125
-0.61181640625 0.0909423828124999 -0.125022888183594 0.0689315795898437
-0.555755615234375 0.113067626953125 0.1131591796875 -0.012451171875
-0.502227783203125 0.18853759765625 0.145950317382812 -0.163253784179688
-0.4429931640625 0.276519775390625 0.0546417236328125 -0.274139404296875
-0.321990966796875 0.545745849609375 -0.047607421875 -0.288055419921875
-0.1143798828125 0.61444091796875 -0.105880737304688 -0.269439697265625
-0.07843017578125 0.57525634765625 -0.0812530517578125 -0.245559692382813
-0.0584716796875 0.63128662109375 -0.0689697265625 -0.22149658203125
-0.14453125 0.562744140625 0.00929260253906249 -0.167556762695312
-0.314453125 0.43426513671875 0.0284500122070312 -0.124282836914062
-0.33355712890625 0.3343505859375 -0.00505304336547854 -0.00238513946533201
-0.441192626953125 0.170654296875 -0.141677856445313 0.085235595703125
-0.57366943359375 0.1553955078125 -0.258621215820313 0.127105712890625
-0.65618896484375 0.053955078125 -0.28802490234375 0.126739501953125
-0.53179931640625 0.05224609375 -0.43701171875 -0.268646240234375
-0.398773193359375 0.07855224609375 -0.285675048828125 -0.010589599609375
-0.358154296875 0.0447998046875 -0.00267410278320314 -0.0496597290039063
-0.363250732421875 0.082427978515625 0.0868377685546874 -0.18426513671875
-0.346282958984375 0.1685791015625 0.0838623046875 -0.3170166015625
-0.274078369140625 0.40301513671875 -0.00973510742187501 -0.43048095703125
-0.1182861328125 0.455657958984375 -0.109161376953125 -0.475921630859375
-0.087860107421875 0.426513671875 -0.1094970703125 -0.444854736328125
-0.089385986328125 0.461669921875 -0.0849609375 -0.398284912109375
-0.145233154296875 0.374481201171875 0.0125732421875 -0.29302978515625
-0.237960815429688 0.2471923828125 0.025054931640625 -0.159439086914062
-0.195053100585938 0.18292236328125 -0.0546684265136719 -0.0133285522460937
-0.248886108398437 0.138626098632813 -0.234893798828125 0.050018310546875
-0.39166259765625 0.17340087890625 -0.37969970703125 0.0884094238281249
-0.501861572265625 0.0875854492187499 -0.471893310546875 0.0731201171875001
-0.236495971679688 0.0989227294921875 -0.559783935546875 -0.304046630859375
-0.132553100585938 0.0685348510742188 -0.396514892578125 -0.076171875
-0.104972839355469 0.00201416015625002 -0.0956192016601563 -0.0597763061523438
-0.153549194335938 -0.0142974853515625 0.0379638671875 -0.18487548828125
-0.181716918945313 0.038604736328125 0.096343994140625 -0.333709716796875
-0.17828369140625 0.190750122070313 0.01007080078125 -0.521575927734375
-0.104110717773438 0.226226806640625 -0.11883544921875 -0.61346435546875
-0.08380126953125 0.212051391601563 -0.1270751953125 -0.57568359375
-0.103927612304688 0.227188110351562 -0.07342529296875 -0.507049560546875
-0.120986938476563 0.147354125976563 0.032196044921875 -0.35302734375
-0.131362915039063 0.0530548095703125 0.0166015625 -0.148117065429688
-0.0461769104003906 0.0425643920898437 -0.113327026367188 -0.0213699340820313
-0.0591659545898438 0.109344482421875 -0.301361083984375 -0.0166015625
-0.185150146484375 0.16888427734375 -0.44366455078125 0.0202636718750001
-0.289215087890625 0.107208251953125 -0.60186767578125 0.0307006835937501
-0.024749755859375 -0.09295654296875 0.5985107421875 -0.1058349609375
-0.0669937133789063 -0.126617431640625 0.437591552734375 0.03900146484375
-0.128631591796875 -0.0413284301757813 0.287933349609375 0.054901123046875
-0.100021362304688 0.06024169921875 0.168167114257813 0.00836181640625
-0.0382919311523438 0.101081848144531 -0.0458984375 0.0955123901367187
0.062042236328125 0.0777816772460938 -0.049713134765625 0.372833251953125
0.091461181640625 0.0517959594726563 0.08428955078125 0.57818603515625
0.0700454711914063 0.0329551696777344 0.1580810546875 0.6038818359375
0.0871429443359375 0.0229644775390625 0.1466064453125 0.608642578125
0.071563720703125 0.0606002807617188 0.03021240234375 0.531280517578125
0.0356979370117187 0.108650207519531 -0.00909423828124997 0.326904296875
-0.0516586303710938 0.124931335449219 0.045013427734375 0.15863037109375
-0.15087890625 0.044952392578125 0.212478637695313 0.086639404296875
-0.14508056640625 -0.066497802734375 0.43328857421875 0.0576171875
-0.0594100952148438 -0.0715866088867187 0.599853515625 0.33843994140625
-0.31390380859375 -0.0606689453125 0.5592041015625 -0.09844970703125
-0.279327392578125 -0.0459747314453125 0.402008056640625 0.1007080078125
-0.29815673828125 0.05316162109375 0.30438232421875 0.112579345703125
-0.236175537109375 0.166702270507813 0.220794677734375 0.019012451171875
-0.16064453125 0.225265502929688 -0.0271720886230469 0.0453948974609375
-0.012420654296875 0.2930908203125 -0.078125 0.31329345703125
0.08099365234375 0.29693603515625 0.0401611328125 0.526824951171875
0.0601348876953125 0.272796630859375 0.129638671875 0.551361083984375
0.077117919921875 0.29412841796875 0.1356201171875 0.557281494140625
0.00555419921875002 0.308074951171875 0.0567626953125 0.48394775390625
-0.12261962890625 0.304779052734375 0.0186920166015625 0.274642944335937
-0.238861083984375 0.263961791992188 0.0627517700195312 0.132331848144531
-0.383453369140625 0.0769042968750001 0.203521728515625 0.0685882568359375
-0.416473388671875 -0.040802001953125 0.3897705078125 0.0628662109375
-0.339996337890625 -0.07061767578125 0.54327392578125 0.3135986328125
-0.57904052734375 -0.03192138671875 0.43829345703125 -0.100311279296875
-0.498565673828125 0.0343627929687499 0.32672119140625 0.146697998046875
-0.4710693359375 0.1451416015625 0.301727294921875 0.12762451171875
-0.36810302734375 0.265869140625 0.241119384765625 0.00248718261718752
-0.27294921875 0.322113037109375 -0.0121231079101563 -0.0221538543701172
-0.1031494140625 0.4691162109375 -0.0972137451171875 0.209381103515625
0.049652099609375 0.500946044921875 -0.012451171875 0.39971923828125
0.04248046875 0.4742431640625 0.08197021484375 0.4168701171875
0.06829833984375 0.518035888671875 0.0989990234375 0.4229736328125
-0.033294677734375 0.523681640625 0.06915283203125 0.366851806640625
-0.232421875 0.483184814453125 0.038604736328125 0.182525634765625
-0.36669921875 0.402679443359375 0.0713958740234375 0.0928726196289063
-0.55340576171875 0.1414794921875 0.153427124023438 0.059173583984375
-0.6170654296875 0.0209350585937501 0.27099609375 0.0709075927734375
-0.560577392578125 -0.0444641113281251 0.39752197265625 0.26971435546875
-0.76629638671875 -0.00354003906249989 0.241851806640625 -0.115264892578125
-0.6561279296875 0.1007080078125 0.213088989257812 0.162002563476563
-0.59698486328125 0.2113037109375 0.279739379882812 0.0992584228515625
-0.470855712890625 0.322967529296875 0.236007690429688 -0.0492401123046875
-0.3707275390625 0.375518798828125 0.000144958496093738 -0.107627868652344
-0.19256591796875 0.58526611328125 -0.103118896484375 0.0639877319335938
0.00152587890624997 0.63262939453125 -0.0587158203125 0.210739135742188
0.011474609375 0.59991455078125 0.021942138671875 0.223342895507813
0.0516357421875 0.66278076171875 0.038330078125 0.227218627929688
-0.05670166015625 0.64801025390625 0.0524749755859375 0.197097778320313
-0.2889404296875 0.58233642578125 0.0371551513671875 0.0690574645996094
-0.4161376953125 0.485015869140625 0.0568389892578125 0.05133056640625
-0.61614990234375 0.2020263671875 0.0705184936523437 0.0679397583007813
-0.70648193359375 0.09613037109375 0.102531433105469 0.0975189208984375
-0.6859130859375 0.00256347656249989 0.1865234375 0.224533081054688
-0.82110595703125 0.0299072265624998 -0.00466918945312506 -0.148895263671875
-0.69281005859375 0.13531494140625 0.0557098388671875 0.140945434570313
-0.62335205078125 0.21124267578125 0.213455200195312 0.04571533203125
-0.514404296875 0.303619384765625 0.19476318359375 -0.1168212890625
-0.4295654296875 0.366180419921875 0.01605224609375 -0.194869995117187
-0.26007080078125 0.6165771484375 -0.0918960571289062 -0.106178283691406
-0.04693603515625 0.67510986328125 -0.09368896484375 -0.0204925537109374
-0.0196533203125 0.6361083984375 -0.0370025634765625 -0.00859069824218747
0.0216064453125001 0.69915771484375 -0.0285873413085938 0.00267982482910161
-0.08447265625 0.660888671875 0.0207424163818359 0.00683975219726567
-0.30609130859375 0.572021484375 0.023468017578125 -0.0447425842285156
-0.388092041015625 0.463897705078125 0.0276908874511718 0.0146923065185547
-0.56103515625 0.21868896484375 -0.030303955078125 0.0826416015625
-0.67230224609375 0.1624755859375 -0.0815048217773438 0.128517150878906
-0.70941162109375 0.05609130859375 -0.0478057861328126 0.180877685546875
-0.73199462890625 0.0600585937500001 -0.250747680664063 -0.191314697265625
-0.58575439453125 0.13153076171875 -0.120071411132813 0.0874557495117188
-0.527679443359375 0.14837646484375 0.106544494628906 -0.00830841064453124
-0.478515625 0.217498779296875 0.131240844726563 -0.163070678710938
-0.421417236328125 0.29888916015625 0.0391082763671875 -0.263031005859375
-0.284637451171875 0.560333251953125 -0.062042236328125 -0.274154663085938
-0.0761108398437499 0.6163330078125 -0.115432739257813 -0.256759643554687
-0.0438232421875 0.57586669921875 -0.091064453125 -0.237884521484375
-0.02215576171875 0.62786865234375 -0.08209228515625 -0.21295166015625
-0.10601806640625 0.561187744140625 -0.00311279296875 -0.165817260742187
-0.28167724609375 0.445648193359375 0.0122222900390625 -0.124984741210937
-0.3038330078125 0.347900390625 -0.01141357421875 -0.00515460968017576
-0.415374755859375 0.194732666015625 -0.134971618652344 0.0877227783203125
-0.54315185546875 0.195404052734375 -0.245147705078125 0.134994506835938
-0.63580322265625 0.0933227539062499 -0.271286010742188 0.137222290039062
-0.518646240234375 0.092987060546875 -0.453399658203125 -0.233551025390625
-0.378692626953125 0.104248046875 -0.289031982421875 0.01397705078125
-0.341644287109375 0.068389892578125 -0.011627197265625 -0.0391311645507812
-0.351898193359375 0.103363037109375 0.074371337890625 -0.176605224609375
-0.3360595703125 0.184051513671875 0.06640625 -0.30865478515625
-0.2471923828125 0.417938232421875 -0.0303955078125 -0.4180908203125
-0.088043212890625 0.45904541015625 -0.135955810546875 -0.466033935546875
-0.061309814453125 0.429901123046875 -0.135040283203125 -0.437469482421875
-0.062164306640625 0.4625244140625 -0.109130859375 -0.38751220703125
-0.122802734375 0.376800537109375 -0.00714111328124999 -0.286895751953125
-0.220458984375 0.257247924804688 0.00924682617187497 -0.157669067382812
-0.177566528320312 0.190704345703125 -0.0621185302734375 -0.00819015502929685
-0.229583740234375 0.152420043945313 -0.230484008789063 0.0601348876953125
-0.364349365234375 0.20172119140625 -0.365447998046875 0.106201171875
-0.485260009765625 0.118560791015625 -0.45635986328125 0.095733642578125
-0.224822998046875 0.117874145507812 -0.5750732421875 -0.26116943359375
-0.122756958007812 0.0757522583007813 -0.3995361328125 -0.043365478515625
-0.097198486328125 0.00798034667968748 -0.106407165527344 -0.0414352416992188
-0.152450561523438 -0.00457763671874997 0.0259552001953125 -0.173370361328125
-0.181137084960938 0.0493011474609375 0.080169677734375 -0.3255615234375
-0.166458129882813 0.202133178710937 -0.015625 -0.509857177734375
-0.0874481201171875 0.231292724609375 -0.15155029296875 -0.600830078125
-0.072174072265625 0.217514038085938 -0.15740966796875 -0.564697265625
-0.0898590087890625 0.233657836914063 -0.106353759765625 -0.497161865234375
-0.1116943359375 0.150100708007813 0.00836181640624996 -0.349273681640625
-0.126937866210938 0.057647705078125 0.0030975341796875 -0.144393920898438
-0.0406646728515625 0.0418815612792969 -0.120895385742188 -0.0109939575195313
-0.04510498046875 0.109893798828125 -0.300018310546875 0.000366210937500013
-0.16278076171875 0.182540893554688 -0.432159423828125 0.0399169921875
-0.275146484375 0.125213623046875 -0.5872802734375 0.06475830078125
-0.02581787109375 -0.093963623046875 0.57867431640625 -0.12957763671875
-0.0747528076171875 -0.122482299804688 0.43157958984375 0.028472900390625
-0.131019592285156 -0.0356292724609375 0.295440673828125 0.04754638671875
-0.0963592529296875 0.0646591186523437 0.173660278320313 -0.000350952148437496
-0.03363037109375 0.103721618652344 -0.0375747680664063 0.0922775268554688
0.0644607543945313 0.0749664306640625 -0.033538818359375 0.365478515625
0.0939254760742188 0.0472564697265625 0.10760498046875 0.56787109375
0.0720138549804688 0.02874755859375 0.17877197265625 0.59075927734375
0.08770751953125 0.0165252685546875 0.16357421875 0.5972900390625
0.0731964111328125 0.0530624389648438 0.040008544921875 0.516387939453125
0.0415573120117187 0.104118347167969 -0.00680541992187501 0.312744140625
-0.0438003540039062 0.124786376953125 0.0477294921875 0.140899658203125
-0.148406982421875 0.049957275390625 0.212738037109375 0.0595703125
-0.147842407226563 -0.060302734375 0.42657470703125 0.031036376953125
-0.0600090026855469 -0.0676155090332031 0.60296630859375 0.3055419921875
-0.3060302734375 -0.048583984375 0.540435791015625 -0.118621826171875
-0.273605346679688 -0.03338623046875 0.3997802734375 0.094970703125
-0.288360595703125 0.0624389648437501 0.314697265625 0.10382080078125
-0.223159790039063 0.1748046875 0.22515869140625 0.00816345214843751
-0.146987915039062 0.227935791015625 -0.0221481323242188 0.0427017211914063
0.000244140624999975 0.287994384765625 -0.06317138671875 0.3084716796875
0.095306396484375 0.289337158203125 0.0625610351562501 0.520263671875
0.0720977783203125 0.2650146484375 0.1522216796875 0.540771484375
0.087432861328125 0.284210205078125 0.150604248046875 0.548004150390625
0.018829345703125 0.297943115234375 0.06561279296875 0.472137451171875
-0.104705810546875 0.3031005859375 0.0170440673828125 0.260498046875
-0.221221923828125 0.271484375 0.0619888305664062 0.114761352539063
-0.372955322265625 0.093231201171875 0.203231811523437 0.0449981689453125
-0.411590576171875 -0.020721435546875 0.384429931640625 0.036102294921875
-0.334930419921875 -0.0561523437500001 0.547637939453125 0.281097412109375
-0.56329345703125 -0.00677490234375011 0.4237060546875 -0.116302490234375
-0.48345947265625 0.0547180175781249 0.32586669921875 0.140167236328125
-0.4488525390625 0.16375732421875 0.31146240234375 0.121337890625
-0.342987060546875 0.276519775390625 0.248184204101562 -0.00740051269531248
-0.25299072265625 0.326263427734375 -0.00916099548339845 -0.0222301483154297
-0.079803466796875 0.46533203125 -0.085968017578125 0.2108154296875
0.070892333984375 0.492431640625 0.00656127929687504 0.3974609375
0.059722900390625 0.4647216796875 0.09930419921875 0.410675048828125
0.089111328125 0.507781982421875 0.109222412109375 0.41619873046875
-0.0126342773437499 0.508758544921875 0.073211669921875 0.356781005859375
-0.205810546875 0.482879638671875 0.02947998046875 0.1734619140625
-0.341033935546875 0.410430908203125 0.0647048950195312 0.079742431640625
-0.535125732421875 0.162078857421875 0.151809692382812 0.0395965576171875
-0.60015869140625 0.0477905273437499 0.267669677734375 0.0513916015625
-0.5469970703125 -0.0208740234374999 0.400299072265625 0.24383544921875
-0.74365234375 0.0346679687499999 0.230453491210937 -0.122238159179688
-0.63458251953125 0.12652587890625 0.21539306640625 0.160797119140625
-0.56689453125 0.23382568359375 0.28363037109375 0.097930908203125
-0.442169189453125 0.336578369140625 0.2366943359375 -0.0547637939453125
-0.3489990234375 0.381866455078125 -0.000373840332031275 -0.103652954101562
-0.16387939453125 0.582275390625 -0.0990447998046875 0.0715103149414063
0.028564453125 0.62469482421875 -0.04754638671875 0.213363647460938
0.0379028320312499 0.5919189453125 0.0350799560546875 0.219940185546875
0.079345703125 0.6513671875 0.0455169677734375 0.226776123046875
-0.03228759765625 0.6365966796875 0.0525970458984375 0.190963745117188
-0.26104736328125 0.5850830078125 0.0267791748046875 0.0609245300292969
-0.385284423828125 0.490753173828125 0.0490150451660156 0.0418624877929688
-0.59173583984375 0.22198486328125 0.0694885253906249 0.0527114868164063
-0.67938232421875 0.12957763671875 0.102767944335937 0.0837020874023438
-0.668212890625 0.02978515625 0.193679809570312 0.207504272460937
-0.7940673828125 0.0678100585937499 -0.0117340087890625 -0.143539428710938
-0.6654052734375 0.1622314453125 0.0610656738281249 0.147018432617187
-0.58758544921875 0.2330322265625 0.212554931640625 0.0490570068359375
-0.48681640625 0.3192138671875 0.1910400390625 -0.114028930664062
-0.411468505859375 0.37579345703125 0.011993408203125 -0.18621826171875
-0.23028564453125 0.61798095703125 -0.0929183959960938 -0.0941619873046875
-0.0156860351562501 0.671142578125 -0.0896453857421875 -0.0125732421875
0.0069580078125 0.62908935546875 -0.0327892303466797 -0.00689888000488277
0.04840087890625 0.69342041015625 -0.0291061401367187 0.00835990905761722
-0.0552978515625 0.6527099609375 0.0157699584960937 0.00344944000244145
-0.27813720703125 0.574462890625 0.01019287109375 -0.0479354858398437
-0.36175537109375 0.470458984375 0.0197277069091797 0.0112056732177735
-0.5362548828125 0.2373046875 -0.0286178588867188 0.0742721557617188
-0.64166259765625 0.1905517578125 -0.0752716064453125 0.120689392089844
-0.68707275390625 0.0826416015624999 -0.0377197265625 0.173095703125
-0.70892333984375 0.0958862304687499 -0.255477905273438 -0.176071166992188
-0.56097412109375 0.155059814453125 -0.117897033691406 0.100807189941406
-0.501800537109375 0.16717529296875 0.103363037109375 0.00315856933593751
-0.455841064453125 0.230682373046875 0.124847412109375 -0.152450561523437
-0.407257080078125 0.306396484375 0.0345916748046875 -0.255462646484375
-0.255859375 0.56494140625 -0.0684967041015625 -0.259567260742188
-0.0498046875 0.6123046875 -0.121185302734375 -0.246383666992187
-0.02294921875 0.5699462890625 -0.09661865234375 -0.233474731445313
0.00390624999999995 0.62384033203125 -0.09246826171875 -0.205337524414062
-0.086151123046875 0.554534912109375 -0.0120391845703125 -0.16326904296875
-0.261749267578125 0.4488525390625 -0.00232696533203127 -0.125289916992187
-0.282501220703125 0.35089111328125 -0.0221538543701172 -0.00349426269531248
-0.3905029296875 0.206329345703125 -0.132179260253906 0.086090087890625
-0.514251708984375 0.21905517578125 -0.235595703125 0.133544921875
-0.61224365234375 0.12066650390625 -0.26031494140625 0.139694213867188
-0.495574951171875 0.115142822265625 -0.45758056640625 -0.20843505859375
-0.36236572265625 0.11749267578125 -0.285247802734375 0.038360595703125
-0.3232421875 0.0788269042968749 -0.0165462493896485 -0.0201358795166016
-0.33905029296875 0.11358642578125 0.0645294189453125 -0.163223266601563
-0.3271484375 0.1934814453125 0.059722900390625 -0.29541015625
-0.2236328125 0.422332763671875 -0.04058837890625 -0.40313720703125
-0.0693359375 0.459136962890625 -0.146514892578125 -0.453338623046875
-0.04693603515625 0.4271240234375 -0.14739990234375 -0.425933837890625
-0.04315185546875 0.463226318359375 -0.12457275390625 -0.377197265625
-0.105743408203125 0.371917724609375 -0.0196533203125 -0.283447265625
-0.20941162109375 0.259567260742188 -0.00614929199218753 -0.152969360351562
-0.166030883789063 0.190399169921875 -0.0691604614257813 -0.00487899780273435
-0.208892822265625 0.156631469726562 -0.227645874023438 0.063720703125
-0.33673095703125 0.21588134765625 -0.3536376953125 0.10675048828125
-0.4630126953125 0.14044189453125 -0.4427490234375 0.105560302734375
-0.212066650390625 0.127212524414063 -0.578369140625 -0.230712890625
-0.114738464355469 0.0798110961914063 -0.399566650390625 -0.0148925781250001
-0.0918502807617188 0.0114593505859375 -0.1075439453125 -0.0203628540039063
-0.148895263671875 -0.000976562500000018 0.0192108154296875 -0.154830932617188
-0.178695678710938 0.0541534423828125 0.07354736328125 -0.310028076171875
-0.155563354492188 0.208282470703125 -0.026580810546875 -0.496612548828125
-0.077239990234375 0.233154296875 -0.1690673828125 -0.58880615234375
-0.061920166015625 0.218185424804688 -0.180450439453125 -0.553497314453125
-0.08001708984375 0.23748779296875 -0.12518310546875 -0.48663330078125
-0.106033325195312 0.151565551757813 -0.004364013671875 -0.342193603515625
-0.12408447265625 0.0609130859375 -0.007293701171875 -0.138046264648438
-0.036407470703125 0.0364799499511719 -0.126182556152344 -0.00289916992187502
-0.0320281982421875 0.109169006347656 -0.300537109375 0.00793457031249997
-0.144439697265625 0.187591552734375 -0.421783447265625 0.0473937988281251
-0.261077880859375 0.137039184570313 -0.57080078125 0.08465576171875
-0.025848388671875 -0.0959091186523438 0.56744384765625 -0.1424560546875
-0.0824737548828125 -0.120933532714844 0.43218994140625 0.0279541015625
-0.135780334472656 -0.0314483642578125 0.310821533203125 0.042327880859375
-0.09527587890625 0.0700531005859375 0.183563232421875 -0.0096435546875
-0.0296173095703125 0.108383178710938 -0.0311279296875 0.0876083374023438
0.0689315795898438 0.0725021362304688 -0.023162841796875 0.362823486328125
0.096588134765625 0.0430450439453125 0.12628173828125 0.56610107421875
0.0724029541015625 0.0241622924804688 0.19403076171875 0.59033203125
0.0877914428710938 0.0104293823242188 0.17236328125 0.5975341796875
0.0754013061523438 0.0470352172851563 0.039886474609375 0.513641357421875
0.046661376953125 0.102279663085938 -0.013580322265625 0.302947998046875
-0.0375823974609375 0.127578735351563 0.0428619384765625 0.123863220214844
-0.1475830078125 0.0553741455078125 0.212249755859375 0.032257080078125
-0.152877807617188 -0.0553741455078125 0.424560546875 0.01025390625
-0.0629196166992187 -0.068206787109375 0.61126708984375 0.28656005859375
-0.300201416015625 -0.04193115234375 0.532073974609375 -0.130950927734375
-0.274566650390625 -0.0276641845703125 0.40264892578125 0.094390869140625
-0.283843994140625 0.067962646484375 0.33184814453125 0.101348876953125
-0.215545654296875 0.18096923828125 0.236083984375 -0.00123596191406249
-0.138961791992188 0.23162841796875 -0.0164222717285156 0.0378494262695313
0.01214599609375 0.2861328125 -0.05389404296875 0.3084716796875
0.10467529296875 0.28564453125 0.078277587890625 0.52081298828125
0.0784454345703125 0.262435913085938 0.1683349609375 0.540557861328125
0.0951690673828125 0.278900146484375 0.161529541015625 0.549163818359375
0.025299072265625 0.294036865234375 0.0665283203124999 0.46966552734375
-0.094818115234375 0.303924560546875 0.00689697265625002 0.2535400390625
-0.209823608398437 0.275527954101563 0.0553512573242187 0.0994644165039063
-0.36895751953125 0.103729248046875 0.200912475585937 0.020355224609375
-0.409271240234375 -0.00811767578124993 0.38092041015625 0.01605224609375
-0.331817626953125 -0.049102783203125 0.553314208984375 0.260467529296875
-0.55303955078125 0.00753784179687498 0.415924072265625 -0.12548828125
-0.47509765625 0.0669250488281251 0.33282470703125 0.143829345703125
-0.435577392578125 0.172821044921875 0.327362060546875 0.12261962890625
-0.329742431640625 0.284942626953125 0.25701904296875 -0.0151824951171875
-0.24468994140625 0.330963134765625 -0.0050029754638672 -0.0255031585693359
-0.063507080078125 0.46405029296875 -0.0799560546875 0.212539672851563
0.086395263671875 0.490875244140625 0.01910400390625 0.400604248046875
0.07061767578125 0.46209716796875 0.11285400390625 0.4107666015625
0.1024169921875 0.5054931640625 0.119415283203125 0.42095947265625
0.000305175781250006 0.505218505859375 0.072235107421875 0.3543701171875
-0.193084716796875 0.486419677734375 0.0194854736328125 0.16754150390625
-0.325958251953125 0.4190673828125 0.0561676025390625 0.0680732727050782
-0.525115966796875 0.174163818359375 0.148529052734375 0.0201873779296875
-0.5927734375 0.0673828125 0.265487670898437 0.035736083984375
-0.54119873046875 -0.00827026367187491 0.40594482421875 0.227783203125
-0.7310791015625 0.056396484375 0.2230224609375 -0.127365112304688
-0.62054443359375 0.1441650390625 0.221160888671875 0.168792724609375
-0.544830322265625 0.24639892578125 0.2965087890625 0.103179931640625
-0.42333984375 0.34521484375 0.243087768554688 -0.0589752197265625
-0.338409423828125 0.38665771484375 0.00276947021484372 -0.102783203125
-0.1448974609375 0.58233642578125 -0.0945968627929688 0.0769195556640626
0.04632568359375 0.6263427734375 -0.03802490234375 0.21832275390625
0.04998779296875 0.59197998046875 0.044189453125 0.219528198242188
0.095703125 0.6517333984375 0.0495758056640625 0.2313232421875
-0.016845703125 0.6317138671875 0.0503692626953125 0.188491821289063
-0.24658203125 0.59222412109375 0.0129776000976562 0.0582351684570313
-0.368927001953125 0.499725341796875 0.0400009155273437 0.034454345703125
-0.57891845703125 0.2354736328125 0.0663871765136718 0.0381126403808594
-0.66510009765625 0.1490478515625 0.102394104003906 0.0720291137695313
-0.657958984375 0.0452880859375 0.199676513671875 0.195831298828125
-0.78076171875 0.09429931640625 -0.0175018310546876 -0.141769409179688
-0.64666748046875 0.18084716796875 0.06640625 0.158218383789063
-0.5655517578125 0.2447509765625 0.2197265625 0.058013916015625
-0.468719482421875 0.326385498046875 0.193222045898437 -0.110824584960938
-0.402435302734375 0.379669189453125 0.0135345458984375 -0.182601928710937
-0.211669921875 0.62255859375 -0.09002685546875 -0.086029052734375
0.00317382812499998 0.6729736328125 -0.0858001708984375 -0.0074386596679687
0.0218505859375001 0.632080078125 -0.0289173126220703 -0.00606918334960934
0.0665283203125 0.69659423828125 -0.028533935546875 0.0122756958007813
-0.0398559570312499 0.65081787109375 0.0122776031494141 0.00468921661376957
-0.2640380859375 0.5811767578125 -0.00423812866210939 -0.04779052734375
-0.345489501953125 0.475189208984375 0.00931644439697263 0.00755310058593753
-0.52044677734375 0.24639892578125 -0.0316848754882813 0.0668487548828125
-0.62249755859375 0.207763671875 -0.0739212036132813 0.11322021484375
-0.6734619140625 0.0972900390625 -0.0327606201171875 0.165863037109375
-0.69146728515625 0.120361328125 -0.260116577148438 -0.16552734375
-0.545166015625 0.168548583984375 -0.114639282226563 0.116249084472656
-0.480621337890625 0.17620849609375 0.104171752929687 0.0173568725585938
-0.44342041015625 0.2376708984375 0.125335693359375 -0.142913818359375
-0.403533935546875 0.311676025390625 0.0367889404296875 -0.247833251953125
-0.24053955078125 0.57025146484375 -0.0676727294921875 -0.253067016601563
-0.03363037109375 0.6175537109375 -0.122787475585937 -0.24383544921875
-0.010009765625 0.57415771484375 -0.098541259765625 -0.2333984375
0.02056884765625 0.62994384765625 -0.0969085693359375 -0.200576782226562
-0.072509765625 0.554779052734375 -0.01959228515625 -0.162078857421875
-0.251953125 0.455535888671875 -0.015289306640625 -0.122795104980469
-0.2705078125 0.3514404296875 -0.0303401947021485 -0.0025196075439453
-0.3760986328125 0.21234130859375 -0.134605407714844 0.0830612182617188
-0.49298095703125 0.232208251953125 -0.232391357421875 0.130691528320313
-0.60015869140625 0.135498046875 -0.254318237304688 0.137939453125
-0.48333740234375 0.1353759765625 -0.46197509765625 -0.192657470703125
-0.35009765625 0.12646484375 -0.283905029296875 0.058074951171875
-0.310791015625 0.0840148925781251 -0.0178756713867188 -0.00161933898925781
-0.3330078125 0.118621826171875 0.063690185546875 -0.148178100585937
-0.32586669921875 0.198333740234375 0.06341552734375 -0.286376953125
-0.215087890625 0.429962158203125 -0.040069580078125 -0.396697998046875
-0.05694580078125 0.464111328125 -0.153167724609375 -0.450897216796875
-0.034759521484375 0.431121826171875 -0.157379150390625 -0.427947998046875
-0.031524658203125 0.4697265625 -0.13543701171875 -0.37457275390625
-0.100250244140625 0.372344970703125 -0.0272369384765625 -0.280853271484375
-0.203643798828125 0.262222290039063 -0.016387939453125 -0.148193359375
-0.158981323242188 0.18634033203125 -0.0783538818359375 0.000793457031250025
-0.195083618164063 0.157623291015625 -0.229888916015625 0.0669403076171875
-0.31817626953125 0.227264404296875 -0.351165771484375 0.10662841796875
-0.4510498046875 0.15234375 -0.43646240234375 0.112457275390625
-0.203628540039063 0.137908935546875 -0.58306884765625 -0.21209716796875
-0.108139038085938 0.0821456909179687 -0.4014892578125 0.00820922851562498
-0.0854568481445313 0.0112075805664062 -0.108078002929688 0.0005340576171875
-0.148757934570313 0.000549316406249973 0.0206298828125 -0.137870788574219
-0.181228637695313 0.056182861328125 0.078338623046875 -0.302154541015625
-0.150543212890625 0.214248657226563 -0.029052734375 -0.492279052734375
-0.0718994140625 0.237136840820312 -0.1800537109375 -0.589599609375
-0.0565338134765625 0.22186279296875 -0.194488525390625 -0.55364990234375
-0.074615478515625 0.243499755859375 -0.14111328125 -0.484771728515625
-0.105438232421875 0.154067993164063 -0.01416015625 -0.3402099609375
-0.124717712402344 0.0620269775390625 -0.0147628784179688 -0.131095886230469
-0.0347938537597656 0.0319919586181641 -0.134780883789063 0.00614166259765627
-0.0203323364257812 0.106674194335938 -0.30706787109375 0.0125732421874999
-0.129226684570313 0.193984985351562 -0.422149658203125 0.047576904296875
-0.251235961914063 0.144668579101563 -0.56494140625 0.0943603515625001
-0.027587890625 -0.100990295410156 0.56756591796875 -0.15740966796875
-0.0937271118164062 -0.120460510253906 0.445587158203125 0.026641845703125
-0.142898559570313 -0.0265045166015625 0.334259033203125 0.034454345703125
-0.0958709716796875 0.0764694213867188 0.19854736328125 -0.02349853515625
-0.0249786376953125 0.114654541015625 -0.0254364013671875 0.082275390625
0.0752639770507813 0.0718536376953125 -0.01214599609375 0.365509033203125
0.102142333984375 0.038330078125 0.14984130859375 0.57525634765625
0.0741043090820312 0.0199050903320312 0.21795654296875 0.59991455078125
0.0895156860351563 0.00424957275390625 0.1893310546875 0.6124267578125
0.07830810546875 0.0423126220703125 0.042022705078125 0.5247802734375
0.0534133911132812 0.101715087890625 -0.023681640625 0.3031005859375
-0.0320281982421875 0.131057739257813 0.0327224731445312 0.107940673828125
-0.149459838867188 0.063140869140625 0.20965576171875 0.0036163330078125
-0.162017822265625 -0.050140380859375 0.427154541015625 -0.016326904296875
-0.0669288635253906 -0.0699234008789063 0.629638671875 0.2689208984375
-0.30023193359375 -0.03668212890625 0.531951904296875 -0.14556884765625
-0.280563354492188 -0.0213623046875001 0.419708251953125 0.096435546875
-0.285736083984375 0.075653076171875 0.35736083984375 0.09503173828125
-0.2110595703125 0.191299438476562 0.253005981445312 -0.0167999267578125
-0.134170532226562 0.241317749023438 -0.0121479034423828 0.0304203033447266
0.024658203125 0.290069580078125 -0.046112060546875 0.3123779296875
0.1190185546875 0.28704833984375 0.1002197265625 0.531982421875
0.086883544921875 0.263885498046875 0.19024658203125 0.548919677734375
0.105361938476562 0.28076171875 0.1790771484375 0.5643310546875
0.034210205078125 0.295166015625 0.06805419921875 0.47882080078125
-0.086151123046875 0.31121826171875 -0.00439453125000003 0.254074096679688
-0.202301025390625 0.2860107421875 0.0445098876953125 0.0867080688476563
-0.370849609375 0.11700439453125 0.196273803710938 -0.00659179687499999
-0.4150390625 0.00488281249999994 0.383087158203125 -0.0064697265625
-0.336151123046875 -0.0423583984375 0.56890869140625 0.24298095703125
-0.552978515625 0.0243225097656249 0.41339111328125 -0.13592529296875
-0.477294921875 0.0820922851562499 0.34942626953125 0.149688720703125
-0.430755615234375 0.184234619140625 0.354644775390625 0.12078857421875
-0.320465087890625 0.2978515625 0.2740478515625 -0.027740478515625
-0.239227294921875 0.3426513671875 -0.00102806091308595 -0.0319080352783203
-0.04827880859375 0.4718017578125 -0.0734100341796875 0.217941284179688
0.105377197265625 0.49810791015625 0.03594970703125 0.411865234375
0.085693359375 0.4697265625 0.131378173828125 0.41729736328125
0.118133544921875 0.514373779296875 0.13446044921875 0.433441162109375
0.01312255859375 0.51141357421875 0.0745849609375 0.36322021484375
-0.18060302734375 0.5013427734375 0.00590515136718747 0.169189453125
-0.316619873046875 0.43328857421875 0.0445518493652344 0.0584487915039063
-0.525482177734375 0.19036865234375 0.142608642578125 -0.00193786621093749
-0.59393310546875 0.0871582031250001 0.265426635742187 0.0177154541015625
-0.5438232421875 0.00332641601562501 0.4193115234375 0.213104248046875
-0.7269287109375 0.0789794921875001 0.219940185546875 -0.134567260742188
-0.6162109375 0.16497802734375 0.23675537109375 0.1783447265625
-0.53497314453125 0.260528564453125 0.319732666015625 0.105682373046875
-0.412628173828125 0.3590087890625 0.257675170898438 -0.06610107421875
-0.33526611328125 0.39990234375 0.00682067871093749 -0.106864929199219
-0.12896728515625 0.595703125 -0.0904464721679688 0.0827102661132813
0.0685424804687499 0.63812255859375 -0.027191162109375 0.226715087890625
0.06951904296875 0.60455322265625 0.0566864013671875 0.222518920898438
0.11676025390625 0.66534423828125 0.0579376220703125 0.240859985351563
-0.000549316406250025 0.642822265625 0.049041748046875 0.193878173828125
-0.232177734375 0.61004638671875 -0.00202560424804689 0.0605850219726563
-0.358367919921875 0.51544189453125 0.0273952484130859 0.0283851623535157
-0.57757568359375 0.25128173828125 0.0587959289550781 0.0226287841796875
-0.6612548828125 0.17010498046875 0.101188659667969 0.0601119995117188
-0.65960693359375 0.0615844726562499 0.208984375 0.186309814453125
-0.778076171875 0.12322998046875 -0.0240478515625 -0.14117431640625
-0.63909912109375 0.202880859375 0.0776672363281249 0.172195434570313
-0.554229736328125 0.258636474609375 0.236236572265625 0.06695556640625
-0.458740234375 0.339202880859375 0.20367431640625 -0.110794067382812
-0.40252685546875 0.394744873046875 0.0180816650390625 -0.184906005859375
-0.19622802734375 0.63922119140625 -0.0880661010742188 -0.0815963745117187
0.024169921875 0.68927001953125 -0.0820465087890625 -0.00337219238281247
0.0383911132812499 0.64642333984375 -0.0256385803222656 -0.00835037231445308
0.09033203125 0.71368408203125 -0.0287055969238281 0.0181427001953125
-0.0241699218749999 0.66302490234375 0.00678014755249023 0.00641345977783207
-0.25164794921875 0.60101318359375 -0.0205879211425781 -0.0455474853515625
-0.335357666015625 0.48797607421875 -0.00275278091430666 0.0061755180358887
-0.51641845703125 0.25933837890625 -0.0396690368652344 0.0582733154296875
-0.61187744140625 0.2288818359375 -0.0759735107421876 0.106826782226563
-0.67364501953125 0.11669921875 -0.0277099609375 0.1627197265625
-0.6865234375 0.14849853515625 -0.270980834960938 -0.158706665039062
-0.5361328125 0.1864013671875 -0.10943603515625 0.135009765625
-0.470184326171875 0.1839599609375 0.114608764648437 0.032501220703125
-0.439422607421875 0.24920654296875 0.132637023925781 -0.136054992675781
-0.408966064453125 0.325469970703125 0.0414276123046875 -0.247833251953125
-0.2279052734375 0.58966064453125 -0.0659332275390625 -0.252410888671875
-0.0153198242187499 0.63543701171875 -0.12725830078125 -0.246810913085938
0.00646972656249997 0.5892333984375 -0.104965209960938 -0.240753173828125
0.0414428710937501 0.64813232421875 -0.105255126953125 -0.199676513671875
-0.06048583984375 0.566162109375 -0.029083251953125 -0.16278076171875
-0.244110107421875 0.47216796875 -0.0308609008789063 -0.11944580078125
-0.263824462890625 0.360504150390625 -0.0418663024902344 0.000129699707031269
-0.368804931640625 0.2191162109375 -0.1434326171875 0.08148193359375
-0.47802734375 0.249298095703125 -0.237152099609375 0.128067016601563
-0.59735107421875 0.15325927734375 -0.253387451171875 0.1409912109375
-0.4761962890625 0.156829833984375 -0.475341796875 -0.179718017578125
-0.34173583984375 0.1376953125 -0.28424072265625 0.0814208984375001
-0.30328369140625 0.087432861328125 -0.0118408203125 0.0195808410644531
-0.332763671875 0.125579833984375 0.0709152221679687 -0.134963989257813
-0.332366943359375 0.20989990234375 0.071258544921875 -0.28729248046875
-0.2073974609375 0.4464111328125 -0.04083251953125 -0.4002685546875
-0.044952392578125 0.47906494140625 -0.166107177734375 -0.459442138671875
-0.0230712890625 0.445220947265625 -0.172515869140625 -0.435546875
-0.0157470703125 0.486480712890625 -0.151519775390625 -0.376800537109375
-0.095001220703125 0.38397216796875 -0.038482666015625 -0.283843994140625
-0.203399658203125 0.272308349609375 -0.0277252197265625 -0.144180297851562
-0.155059814453125 0.18768310546875 -0.0895156860351563 0.00796508789062499
-0.185134887695312 0.158584594726563 -0.241195678710938 0.0711212158203125
-0.30120849609375 0.239349365234375 -0.359527587890625 0.108367919921875
-0.44744873046875 0.167877197265625 -0.43951416015625 0.121490478515625
-0.19512939453125 0.151260375976562 -0.6005859375 -0.1937255859375
-0.103019714355469 0.0857620239257813 -0.4063720703125 0.03472900390625
-0.080596923828125 0.00926971435546874 -0.104293823242187 0.0247726440429688
-0.1519775390625 0.00228881835937498 0.0288162231445312 -0.122871398925781
-0.1878662109375 0.062469482421875 0.0882568359375 -0.302154541015625
-0.14764404296875 0.225799560546875 -0.029693603515625 -0.5006103515625
-0.066619873046875 0.24700927734375 -0.198974609375 -0.60205078125
-0.0513153076171875 0.230697631835938 -0.21673583984375 -0.56427001953125
-0.0685577392578125 0.254791259765625 -0.160369873046875 -0.491363525390625
-0.106201171875 0.161026000976563 -0.0247802734375 -0.343963623046875
-0.128608703613281 0.0650711059570312 -0.02203369140625 -0.125411987304687
-0.0340099334716797 0.0273761749267578 -0.144943237304688 0.0185546875
-0.00822448730468749 0.104026794433594 -0.32269287109375 0.020751953125
-0.11334228515625 0.200897216796875 -0.4332275390625 0.050323486328125
-0.245941162109375 0.157028198242187 -0.56890869140625 0.10888671875
-0.0330581665039063 -0.108131408691406 0.568603515625 -0.18304443359375
-0.108970642089844 -0.117706298828125 0.4693603515625 0.017852783203125
-0.154083251953125 -0.01727294921875 0.36419677734375 0.013397216796875
-0.0949859619140625 0.0884933471679688 0.213882446289063 -0.046875
-0.0166473388671875 0.123336791992187 -0.02081298828125 0.0760879516601563
0.0850067138671875 0.068450927734375 0.00619506835937504 0.37213134765625
0.109214782714844 0.0305557250976562 0.1883544921875 0.5867919921875
0.0767364501953125 0.0137939453125 0.2591552734375 0.61212158203125
0.0904312133789063 -0.00397491455078125 0.224365234375 0.63165283203125
0.0821609497070313 0.0360946655273438 0.054779052734375 0.5458984375
0.0631103515625 0.099639892578125 -0.03253173828125 0.3123779296875
-0.0227203369140625 0.136009216308594 0.0176315307617188 0.0949172973632813
-0.152008056640625 0.074554443359375 0.200210571289063 -0.031646728515625
-0.17559814453125 -0.04217529296875 0.428314208984375 -0.050811767578125
-0.07513427734375 -0.0719070434570313 0.65826416015625 0.2391357421875
-0.30462646484375 -0.0284423828125 0.532318115234375 -0.170257568359375
-0.2896728515625 -0.00930786132812504 0.44488525390625 0.08892822265625
-0.290069580078125 0.0897216796875001 0.39361572265625 0.07666015625
-0.205413818359375 0.207000732421875 0.271347045898438 -0.0424957275390625
-0.12506103515625 0.256622314453125 -0.0094280242919922 0.0219364166259766
0.04327392578125 0.294647216796875 -0.03131103515625 0.321319580078125
0.14019775390625 0.287322998046875 0.134429931640625 0.544830322265625
0.102340698242187 0.266006469726563 0.229095458984375 0.559783935546875
0.122406005859375 0.283355712890625 0.21343994140625 0.5826416015625
0.04742431640625 0.298675537109375 0.080352783203125 0.498291015625
-0.072235107421875 0.322967529296875 -0.0144500732421875 0.264541625976563
-0.19061279296875 0.3016357421875 0.0289764404296875 0.0758056640625
-0.3740234375 0.13763427734375 0.184494018554687 -0.038055419921875
-0.42510986328125 0.0256042480468749 0.38360595703125 -0.03863525390625
-0.3455810546875 -0.0321350097656251 0.59515380859375 0.2158203125
-0.555755615234375 0.0485229492187499 0.41375732421875 -0.157440185546875
-0.481048583984375 0.103851318359375 0.37701416015625 0.148223876953125
-0.42742919921875 0.20526123046875 0.39178466796875 0.10723876953125
-0.3092041015625 0.316741943359375 0.294464111328125 -0.0518798828125
-0.230133056640625 0.36248779296875 0.00161361694335936 -0.0407829284667969
-0.022430419921875 0.484893798828125 -0.063232421875 0.225784301757813
0.13665771484375 0.5064697265625 0.064300537109375 0.42535400390625
0.111602783203125 0.480987548828125 0.1630859375 0.4254150390625
0.14996337890625 0.52630615234375 0.160980224609375 0.44873046875
0.03582763671875 0.5235595703125 0.084686279296875 0.377288818359375
-0.161041259765625 0.525054931640625 -0.00700378417968749 0.178909301757813
-0.30120849609375 0.458587646484375 0.0281600952148437 0.050933837890625
-0.528533935546875 0.2169189453125 0.128936767578125 -0.0269851684570312
-0.59967041015625 0.11553955078125 0.263763427734375 -0.00665283203124999
-0.554046630859375 0.024169921875 0.4404296875 0.19158935546875
-0.7283935546875 0.11492919921875 0.215362548828125 -0.147140502929688
-0.6134033203125 0.19610595703125 0.262435913085937 0.183319091796875
-0.527984619140625 0.284515380859375 0.35504150390625 0.099212646484375
-0.398773193359375 0.38177490234375 0.27685546875 -0.0837249755859375
-0.329986572265625 0.42425537109375 0.00833129882812499 -0.11578369140625
-0.1021728515625 0.6168212890625 -0.0842361450195313 0.0899581909179688
0.10491943359375 0.65753173828125 -0.00952148437499998 0.237014770507813
0.10015869140625 0.6226806640625 0.074310302734375 0.224685668945313
0.15850830078125 0.68536376953125 0.0746612548828125 0.252914428710938
0.029296875 0.66259765625 0.0531768798828125 0.20391845703125
-0.20745849609375 0.6400146484375 -0.0182914733886719 0.0697479248046875
-0.34222412109375 0.54498291015625 0.0109329223632812 0.0252609252929688
-0.576904296875 0.27947998046875 0.0447120666503906 0.00664520263671877
-0.6607666015625 0.2039794921875 0.0977096557617187 0.0453033447265625
-0.66778564453125 0.089111328125 0.22259521484375 0.173355102539063
-0.77630615234375 0.16571044921875 -0.0348663330078126 -0.142532348632813
-0.632080078125 0.2353515625 0.0983428955078125 0.186569213867188
-0.542755126953125 0.279815673828125 0.264678955078125 0.068450927734375
-0.451202392578125 0.362823486328125 0.219390869140625 -0.119354248046875
-0.402252197265625 0.422027587890625 0.0207061767578125 -0.192642211914062
-0.17205810546875 0.66680908203125 -0.0854644775390625 -0.0781936645507812
0.0611572265625 0.71405029296875 -0.0774383544921875 -0.000480651855468694
0.072265625 0.6685791015625 -0.0238285064697266 -0.0115299224853515
0.1319580078125 0.739501953125 -0.0278778076171875 0.0249767303466797
0.00469970703125002 0.6851806640625 0.00216770172119141 0.0113105773925782
-0.23126220703125 0.63348388671875 -0.0389938354492188 -0.0370941162109375
-0.3203125 0.516265869140625 -0.0180015563964844 0.00786590576171878
-0.512908935546875 0.2823486328125 -0.052734375 0.0521163940429688
-0.6048583984375 0.25799560546875 -0.0818862915039063 0.102645874023438
-0.67608642578125 0.14581298828125 -0.0205535888671875 0.16046142578125
-0.6806640625 0.1890869140625 -0.28741455078125 -0.148101806640625
-0.526702880859375 0.21307373046875 -0.0972747802734375 0.157928466796875
-0.4625244140625 0.198883056640625 0.133720397949219 0.0452651977539063
-0.4376220703125 0.268707275390625 0.146026611328125 -0.13482666015625
-0.412139892578125 0.353729248046875 0.045196533203125 -0.255035400390625
-0.2066650390625 0.6199951171875 -0.069122314453125 -0.25592041015625
0.0171508789062501 0.66107177734375 -0.138198852539062 -0.250534057617187
0.037353515625 0.6124267578125 -0.11944580078125 -0.248275756835937
0.0797119140624999 0.67279052734375 -0.11968994140625 -0.197555541992187
-0.0362548828125 0.58807373046875 -0.0414276123046875 -0.162872314453125
-0.231475830078125 0.49920654296875 -0.048583984375 -0.112510681152344
-0.254119873046875 0.378265380859375 -0.0553359985351563 0.00706481933593752
-0.361083984375 0.23187255859375 -0.15667724609375 0.0852203369140625
-0.4622802734375 0.273406982421875 -0.247268676757813 0.133438110351562
-0.59716796875 0.1829833984375 -0.25274658203125 0.150115966796875
-0.46697998046875 0.18731689453125 -0.496826171875 -0.15972900390625
-0.3316650390625 0.154022216796875 -0.28118896484375 0.1124267578125
-0.297882080078125 0.0931396484375001 0.00216293334960935 0.0403823852539063
-0.335784912109375 0.13995361328125 0.0833053588867187 -0.126251220703125
-0.339813232421875 0.23095703125 0.07757568359375 -0.29461669921875
-0.19378662109375 0.472076416015625 -0.047607421875 -0.412994384765625
-0.020782470703125 0.5020751953125 -0.190216064453125 -0.47161865234375
-0.000885009765625011 0.463287353515625 -0.201202392578125 -0.448150634765625
0.01141357421875 0.508941650390625 -0.178070068359375 -0.381103515625
-0.081939697265625 0.40283203125 -0.05615234375 -0.287750244140625
-0.19903564453125 0.290252685546875 -0.0421142578125 -0.138404846191406
-0.151931762695313 0.19183349609375 -0.100357055664063 0.0212326049804688
-0.173309326171875 0.161483764648437 -0.256988525390625 0.0836944580078125
-0.281982421875 0.25537109375 -0.373870849609375 0.119293212890625
-0.4417724609375 0.191741943359375 -0.444488525390625 0.140625
-0.183074951171875 0.16827392578125 -0.6275634765625 -0.1654052734375
-0.0958633422851563 0.0916748046875 -0.410430908203125 0.0717468261718749
-0.0773849487304688 0.00632476806640624 -0.0916061401367188 0.0529632568359375
-0.158187866210938 0.00588989257812502 0.04296875 -0.110702514648437
-0.196487426757813 0.0749359130859375 0.09649658203125 -0.311920166015625
-0.141632080078125 0.243896484375 -0.0419921875 -0.51947021484375
-0.0558319091796875 0.261550903320313 -0.23541259765625 -0.61962890625
-0.040374755859375 0.24395751953125 -0.2568359375 -0.57647705078125
-0.0557861328125 0.2720947265625 -0.194549560546875 -0.49810791015625
-0.10528564453125 0.173583984375 -0.043609619140625 -0.34918212890625
-0.133377075195313 0.0715484619140625 -0.030517578125 -0.118331909179687
-0.0347309112548828 0.0221385955810547 -0.15625 0.0381622314453125
0.0054779052734375 0.0992202758789062 -0.34356689453125 0.038116455078125
-0.0933990478515625 0.20953369140625 -0.45269775390625 0.062835693359375
-0.23760986328125 0.1746826171875 -0.57769775390625 0.13580322265625
-0.0431900024414063 -0.112838745117188 0.55877685546875 -0.216064453125
-0.126258850097656 -0.107406616210938 0.4937744140625 -0.00811767578125001
-0.162689208984375 -0.00100708007812503 0.389129638671875 -0.025543212890625
-0.0881881713867188 0.100799560546875 0.221221923828125 -0.0813446044921875
-0.00376892089843751 0.129348754882813 -0.016510009765625 0.0658493041992188
0.0953292846679688 0.0603561401367187 0.033447265625 0.371002197265625
0.114669799804688 0.017974853515625 0.24029541015625 0.582275390625
0.0769500732421875 0.00605010986328125 0.31500244140625 0.607666015625
0.0892333984375 -0.0137863159179687 0.279541015625 0.638916015625
0.0848922729492188 0.0259475708007813 0.084228515625 0.565185546875
0.0739822387695313 0.0924301147460938 -0.034271240234375 0.327972412109375
-0.010589599609375 0.138076782226563 -0.00425720214843749 0.0874862670898438
-0.149017333984375 0.0902252197265625 0.174758911132813 -0.0670166015625
-0.18707275390625 -0.02679443359375 0.415069580078125 -0.097076416015625
-0.0855712890625 -0.0702896118164063 0.6796875 0.189453125
-0.307708740234375 -0.014984130859375 0.52294921875 -0.20269775390625
-0.297119140625 0.0108337402343751 0.47515869140625 0.066986083984375
-0.290008544921875 0.11004638671875 0.425506591796875 0.037841796875
-0.190521240234375 0.225250244140625 0.281021118164063 -0.08087158203125
-0.105422973632812 0.27081298828125 -0.00883960723876954 0.00963211059570314
0.06884765625 0.29266357421875 -0.00894165039062497 0.32403564453125
0.166351318359375 0.277603149414063 0.184417724609375 0.5445556640625
0.122650146484375 0.262542724609375 0.28033447265625 0.55364990234375
0.145309448242188 0.278167724609375 0.26507568359375 0.58746337890625
0.068634033203125 0.29803466796875 0.109527587890625 0.51409912109375
-0.047637939453125 0.331512451171875 -0.0179901123046875 0.2806396484375
-0.170166015625 0.317596435546875 0.00708007812499999 0.0712127685546875
-0.368988037109375 0.16485595703125 0.158218383789063 -0.06939697265625
-0.429290771484375 0.0558471679687499 0.370391845703125 -0.079193115234375
-0.35247802734375 -0.0136413574218749 0.6151123046875 0.17108154296875
-0.5513916015625 0.0806579589843751 0.4034423828125 -0.182525634765625
-0.47576904296875 0.135589599609375 0.4114990234375 0.13287353515625
-0.41650390625 0.230560302734375 0.42816162109375 0.072998046875
-0.287994384765625 0.339141845703125 0.307891845703125 -0.08941650390625
-0.209259033203125 0.38543701171875 -0.000110626220703143 -0.0536651611328125
0.01397705078125 0.492340087890625 -0.04620361328125 0.231536865234375
0.179718017578125 0.50537109375 0.10406494140625 0.42901611328125
0.149627685546875 0.481414794921875 0.202880859375 0.41949462890625
0.19500732421875 0.525482177734375 0.204193115234375 0.453948974609375
0.073760986328125 0.528411865234375 0.106658935546875 0.389251708984375
-0.12371826171875 0.54541015625 -0.013763427734375 0.195037841796875
-0.27239990234375 0.484771728515625 0.00727844238281248 0.0493698120117188
-0.519287109375 0.25421142578125 0.102317810058594 -0.0499649047851562
-0.59332275390625 0.156982421875 0.251708984375 -0.036346435546875
-0.55548095703125 0.056793212890625 0.455474853515625 0.154632568359375
-0.7159423828125 0.163330078125 0.2032470703125 -0.160049438476563
-0.59771728515625 0.23541259765625 0.29583740234375 0.176971435546875
-0.5064697265625 0.3116455078125 0.39019775390625 0.07366943359375
-0.3746337890625 0.406219482421875 0.290557861328125 -0.114471435546875
-0.308868408203125 0.452911376953125 0.00563049316406248 -0.127235412597656
-0.0594482421875 0.63348388671875 -0.0734024047851562 0.0953140258789063
0.15948486328125 0.6636962890625 0.0159149169921875 0.2410888671875
0.14959716796875 0.62896728515625 0.096710205078125 0.220596313476563
0.2166748046875 0.69049072265625 0.100357055664063 0.258941650390625
0.0762939453125001 0.6724853515625 0.0636444091796875 0.213104248046875
-0.164794921875 0.6693115234375 -0.0303115844726563 0.0862884521484375
-0.3082275390625 0.574462890625 -0.00888061523437502 0.0283660888671875
-0.56561279296875 0.31646728515625 0.0213375091552734 -0.00486755371093748
-0.64581298828125 0.2452392578125 0.0872650146484375 0.02984619140625
-0.6640625 0.129150390625 0.235992431640625 0.151473999023438
-0.75634765625 0.21759033203125 -0.0489425659179688 -0.139358520507813
-0.6090087890625 0.27569580078125 0.127670288085937 0.193359375
-0.52105712890625 0.305816650390625 0.29595947265625 0.056488037109375
-0.430145263671875 0.3897705078125 0.233352661132813 -0.138381958007812
-0.387451171875 0.45562744140625 0.0178070068359375 -0.2032470703125
-0.127197265625 0.69232177734375 -0.084014892578125 -0.0756378173828125
0.11968994140625 0.7274169921875 -0.0718460083007812 0.00289154052734379
0.12567138671875 0.68048095703125 -0.0230426788330078 -0.014923095703125
0.19732666015625 0.7479248046875 -0.0227432250976562 0.03289794921875
0.054931640625 0.69989013671875 -0.00110244750976562 0.0193328857421875
-0.18914794921875 0.66400146484375 -0.0551719665527344 -0.0206756591796875
-0.29107666015625 0.542694091796875 -0.0347003936767578 0.0158195495605469
-0.498931884765625 0.3109130859375 -0.0712356567382813 0.0534286499023438
-0.58251953125 0.29473876953125 -0.0907211303710938 0.101547241210938
-0.66937255859375 0.18719482421875 -0.0109405517578125 0.154983520507813
-0.658203125 0.23614501953125 -0.30511474609375 -0.126983642578125
-0.504058837890625 0.246002197265625 -0.0742340087890625 0.180023193359375
-0.44635009765625 0.216766357421875 0.162185668945312 0.04815673828125
-0.42523193359375 0.294647216796875 0.161483764648437 -0.141098022460937
-0.40570068359375 0.389007568359375 0.0447540283203125 -0.266693115234375
-0.1671142578125 0.64996337890625 -0.07666015625 -0.259750366210937
0.0706176757812501 0.67852783203125 -0.1541748046875 -0.25091552734375
0.0846557617187501 0.62677001953125 -0.140960693359375 -0.25054931640625
0.139404296875 0.68634033203125 -0.1363525390625 -0.18865966796875
0.00366210937499999 0.6046142578125 -0.0562744140625 -0.156295776367188
-0.20123291015625 0.52685546875 -0.065582275390625 -0.0973052978515625
-0.23492431640625 0.393646240234375 -0.0675163269042969 0.0205345153808594
-0.34698486328125 0.246429443359375 -0.170700073242188 0.09869384765625
-0.436126708984375 0.298736572265625 -0.255538940429688 0.14569091796875
-0.58245849609375 0.2220458984375 -0.247100830078125 0.161590576171875
-0.443359375 0.221527099609375 -0.517822265625 -0.1220703125
-0.31402587890625 0.172882080078125 -0.265380859375 0.148361206054688
-0.290435791015625 0.10150146484375 0.027557373046875 0.0575790405273438
-0.333984375 0.15997314453125 0.101371765136719 -0.123847961425781
-0.33746337890625 0.2626953125 0.078948974609375 -0.309051513671875
-0.162200927734375 0.49945068359375 -0.064453125 -0.42401123046875
0.019561767578125 0.519683837890625 -0.226959228515625 -0.47418212890625
0.034088134765625 0.477752685546875 -0.242401123046875 -0.4464111328125
0.054901123046875 0.523223876953125 -0.21173095703125 -0.37249755859375
-0.057220458984375 0.41949462890625 -0.079254150390625 -0.283416748046875
-0.185577392578125 0.310546875 -0.0556716918945313 -0.125106811523437
-0.144210815429688 0.198089599609375 -0.107872009277344 0.0416183471679688
-0.158523559570313 0.16162109375 -0.27032470703125 0.107131958007813
-0.25384521484375 0.269729614257813 -0.384674072265625 0.140838623046875
-0.425689697265625 0.225341796875 -0.43988037109375 0.165557861328125
-0.1617431640625 0.184341430664062 -0.64654541015625 -0.11846923828125
-0.0843353271484375 0.096038818359375 -0.39886474609375 0.118560791015625
-0.075103759765625 0.00183868408203126 -0.0649642944335937 0.0781097412109375
-0.163970947265625 0.015380859375 0.0634002685546875 -0.10467529296875
-0.200164794921875 0.0931549072265625 0.0999755859375 -0.328521728515625
-0.126922607421875 0.263336181640625 -0.066070556640625 -0.5355224609375
-0.0361175537109375 0.276290893554688 -0.28826904296875 -0.622802734375
-0.021148681640625 0.254776000976562 -0.31170654296875 -0.572265625
-0.033172607421875 0.286346435546875 -0.23907470703125 -0.492034912109375
-0.097412109375 0.18804931640625 -0.06903076171875 -0.348297119140625
-0.135566711425781 0.0830841064453125 -0.0380783081054688 -0.106010437011719
-0.037139892578125 0.016845703125 -0.159652709960938 0.0650482177734375
0.0199508666992188 0.0883865356445313 -0.360595703125 0.0709533691406249
-0.066650390625 0.213180541992188 -0.4697265625 0.0895690917968749
-0.220260620117188 0.19451904296875 -0.5712890625 0.17254638671875
-0.0550308227539062 -0.114395141601563 0.535186767578125 -0.242034912109375
-0.138809204101562 -0.0898361206054688 0.506439208984375 -0.043243408203125
-0.163406372070312 0.018341064453125 0.3974609375 -0.074310302734375
-0.07659912109375 0.110626220703125 0.214431762695313 -0.118606567382812
0.012847900390625 0.12939453125 -0.0174903869628906 0.053741455078125
0.101768493652344 0.0478668212890625 0.05841064453125 0.357940673828125
0.114372253417969 0.00304412841796875 0.289642333984375 0.55474853515625
0.0750656127929688 -0.0019378662109375 0.3662109375 0.57708740234375
0.0845794677734375 -0.0234832763671875 0.334716796875 0.61895751953125
0.0839385986328125 0.0157546997070313 0.119873046875 0.570068359375
0.0817184448242188 0.0812530517578125 -0.029083251953125 0.3438720703125
0.00215911865234375 0.134544372558594 -0.029022216796875 0.0907974243164063
-0.139976501464844 0.103759765625 0.133438110351563 -0.09124755859375
-0.19268798828125 -0.00645446777343748 0.3812255859375 -0.13409423828125
-0.095184326171875 -0.0642242431640625 0.68048095703125 0.132080078125
-0.3040771484375 -0.00152587890625001 0.50067138671875 -0.227996826171875
-0.294769287109375 0.03338623046875 0.49505615234375 0.032501220703125
-0.28106689453125 0.13018798828125 0.440277099609375 -0.01409912109375
-0.16912841796875 0.237106323242188 0.2752685546875 -0.123870849609375
-0.0816650390625 0.277664184570313 -0.0140390396118164 -0.00298976898193358
0.093902587890625 0.279708862304688 0.01385498046875 0.316314697265625
0.188125610351563 0.258132934570313 0.231781005859375 0.5238037109375
0.141830444335938 0.250564575195313 0.3289794921875 0.527801513671875
0.166580200195312 0.26422119140625 0.31927490234375 0.5706787109375
0.08929443359375 0.2879638671875 0.144989013671875 0.5155029296875
-0.020965576171875 0.32916259765625 -0.01434326171875 0.297637939453125
-0.143829345703125 0.322540283203125 -0.016845703125 0.0759429931640625
-0.352386474609375 0.18951416015625 0.11688232421875 -0.0883407592773437
-0.42181396484375 0.0879516601562501 0.338653564453125 -0.111724853515625
-0.35125732421875 0.00689697265624999 0.61285400390625 0.1187744140625
-0.5318603515625 0.109527587890625 0.3826904296875 -0.201934814453125
-0.45660400390625 0.16455078125 0.436767578125 0.103118896484375
-0.396087646484375 0.2506103515625 0.44976806640625 0.0240478515625
-0.2574462890625 0.351470947265625 0.30517578125 -0.13226318359375
-0.179931640625 0.3958740234375 -0.00707244873046876 -0.066497802734375
0.053924560546875 0.48284912109375 -0.027313232421875 0.228607177734375
0.2216796875 0.4852294921875 0.14459228515625 0.414459228515625
0.1851806640625 0.4678955078125 0.239105224609375 0.39813232421875
0.23907470703125 0.50750732421875 0.248443603515625 0.44036865234375
0.112152099609375 0.518768310546875 0.135162353515625 0.391204833984375
-0.079681396484375 0.5498046875 -0.0131988525390625 0.214813232421875
-0.233612060546875 0.494873046875 -0.0152587890625 0.05743408203125
-0.497283935546875 0.2838134765625 0.0652427673339843 -0.0593528747558594
-0.57379150390625 0.19390869140625 0.225540161132813 -0.059173583984375
-0.54437255859375 0.087371826171875 0.456939697265625 0.11285400390625
-0.6845703125 0.200927734375 0.185989379882812 -0.166778564453125
-0.5650634765625 0.26806640625 0.32635498046875 0.15765380859375
-0.47674560546875 0.331024169921875 0.414642333984375 0.03289794921875
-0.338958740234375 0.41937255859375 0.2923583984375 -0.15203857421875
-0.2789306640625 0.47161865234375 -0.00142669677734376 -0.139060974121094
-0.00817871093749997 0.6317138671875 -0.0612106323242188 0.095855712890625
0.21563720703125 0.6458740234375 0.041961669921875 0.234222412109375
0.19940185546875 0.61553955078125 0.1173095703125 0.20703125
0.27764892578125 0.67120361328125 0.1282958984375 0.25384521484375
0.12860107421875 0.662109375 0.0786895751953125 0.218582153320313
-0.10968017578125 0.67724609375 -0.0343551635742188 0.108009338378906
-0.26239013671875 0.588134765625 -0.0268096923828125 0.0402297973632813
-0.538787841796875 0.345733642578125 -0.00782394409179691 -0.00447845458984373
-0.61669921875 0.27935791015625 0.069183349609375 0.0199241638183594
-0.64239501953125 0.16455078125 0.23931884765625 0.123077392578125
-0.71429443359375 0.260009765625 -0.061859130859375 -0.129783630371094
-0.56890869140625 0.3052978515625 0.159454345703125 0.187347412109375
-0.49188232421875 0.3199462890625 0.322845458984375 0.030029296875
-0.39984130859375 0.406829833984375 0.24029541015625 -0.16400146484375
-0.357330322265625 0.4837646484375 0.0117034912109375 -0.21380615234375
-0.0725708007812499 0.69940185546875 -0.0810394287109375 -0.074554443359375
0.18182373046875 0.7174072265625 -0.0658149719238281 0.00271987915039066
0.18048095703125 0.66876220703125 -0.0233516693115234 -0.0184440612792968
0.265625 0.730712890625 -0.0153312683105469 0.039215087890625
0.1097412109375 0.6927490234375 -0.000152587890624991 0.0293731689453125
-0.13519287109375 0.6749267578125 -0.0626029968261719 0.00323104858398441
-0.2498779296875 0.55548095703125 -0.049041748046875 0.031402587890625
-0.472015380859375 0.331878662109375 -0.0901336669921875 0.06341552734375
-0.5472412109375 0.3209228515625 -0.0997695922851563 0.104949951171875
-0.64208984375 0.2239990234375 -0.00378417968750004 0.144073486328125
-0.6146240234375 0.27166748046875 -0.31280517578125 -0.099822998046875
-0.4669189453125 0.265838623046875 -0.041900634765625 0.191650390625
-0.425201416015625 0.22735595703125 0.191543579101562 0.0387420654296875
-0.402984619140625 0.314849853515625 0.174667358398437 -0.155670166015625
-0.3812255859375 0.419677734375 0.0393524169921875 -0.277938842773438
-0.11627197265625 0.66156005859375 -0.08563232421875 -0.259918212890625
0.12982177734375 0.67279052734375 -0.169815063476562 -0.244796752929687
0.1373291015625 0.6181640625 -0.1634521484375 -0.243072509765625
0.20306396484375 0.67578125 -0.147872924804688 -0.17205810546875
0.05206298828125 0.60369873046875 -0.0683135986328125 -0.141647338867187
-0.16064453125 0.540618896484375 -0.0757675170898438 -0.0741119384765625
-0.206756591796875 0.403778076171875 -0.07513427734375 0.0394134521484375
-0.326385498046875 0.25408935546875 -0.179306030273438 0.11871337890625
-0.40069580078125 0.31231689453125 -0.258560180664062 0.16119384765625
-0.551727294921875 0.25341796875 -0.235610961914063 0.168136596679687
-0.404754638671875 0.24652099609375 -0.52166748046875 -0.079925537109375
-0.288360595703125 0.1832275390625 -0.23388671875 0.176513671875
-0.280624389648438 0.10455322265625 0.0607795715332031 0.062469482421875
-0.324798583984375 0.1783447265625 0.120780944824219 -0.130615234375
-0.323211669921875 0.290679931640625 0.074005126953125 -0.32391357421875
-0.1217041015625 0.514617919921875 -0.0863037109375 -0.4263916015625
0.06640625 0.520538330078125 -0.264556884765625 -0.460479736328125
0.075469970703125 0.47509765625 -0.281951904296875 -0.428131103515625
0.105072021484375 0.520416259765625 -0.2406005859375 -0.348297119140625
-0.023193359375 0.4249267578125 -0.0992279052734375 -0.267959594726562
-0.162994384765625 0.32562255859375 -0.0631866455078125 -0.105667114257812
-0.13427734375 0.20098876953125 -0.107315063476563 0.0641860961914063
-0.144454956054687 0.155593872070313 -0.273330688476563 0.137664794921875
-0.217941284179688 0.271286010742188 -0.386749267578125 0.166748046875
-0.39410400390625 0.248321533203125 -0.424163818359375 0.188018798828125
-0.133026123046875 0.191085815429688 -0.646484375 -0.0668945312500001
-0.0717239379882812 0.0953750610351563 -0.367523193359375 0.15826416015625
-0.0748672485351563 -0.00320434570312499 -0.027313232421875 0.09002685546875
-0.166152954101562 0.0265960693359375 0.0860977172851562 -0.10888671875
-0.196548461914063 0.1126708984375 0.0955810546875 -0.345855712890625
-0.10406494140625 0.277008056640625 -0.098419189453125 -0.54046630859375
-0.01019287109375 0.28179931640625 -0.3394775390625 -0.60491943359375
0.0013580322265625 0.257736206054688 -0.361480712890625 -0.54443359375
-0.00512695312500003 0.29095458984375 -0.279876708984375 -0.46514892578125
-0.0835113525390625 0.200088500976563 -0.0931396484375 -0.33453369140625
-0.132286071777344 0.0952835083007813 -0.0405044555664063 -0.0902786254882813
-0.0414047241210938 0.0132522583007813 -0.15301513671875 0.093841552734375
0.0286102294921875 0.0718307495117187 -0.36480712890625 0.110687255859375
-0.039581298828125 0.205169677734375 -0.474151611328125 0.126068115234375
-0.193374633789062 0.2064208984375 -0.552825927734375 0.206024169921875
-0.0654678344726562 -0.112503051757813 0.50958251953125 -0.251861572265625
-0.142608642578125 -0.070556640625 0.50897216796875 -0.074188232421875
-0.157745361328125 0.0352630615234375 0.388427734375 -0.117950439453125
-0.0630416870117188 0.114013671875 0.196670532226563 -0.149139404296875
0.0257720947265625 0.12457275390625 -0.0231475830078125 0.0422744750976563
0.103668212890625 0.03509521484375 0.07244873046875 0.339080810546875
0.109138488769531 -0.009033203125 0.31866455078125 0.51788330078125
0.070953369140625 -0.00829315185546875 0.39825439453125 0.53857421875
0.077056884765625 -0.0298919677734375 0.37347412109375 0.5870361328125
0.0796661376953125 0.00711822509765625 0.15020751953125 0.5653076171875
0.0844268798828125 0.0689163208007813 -0.021331787109375 0.356903076171875
0.0110092163085938 0.127960205078125 -0.0508804321289062 0.103767395019531
-0.128128051757813 0.110855102539062 0.0876846313476563 -0.0952682495117188
-0.1910400390625 0.011627197265625 0.3388671875 -0.15118408203125
-0.101829528808594 -0.056793212890625 0.66204833984375 0.08843994140625
-0.297332763671875 0.00720214843750003 0.476959228515625 -0.23846435546875
-0.28594970703125 0.05047607421875 0.5030517578125 -0.001739501953125
-0.26800537109375 0.143402099609375 0.436553955078125 -0.062103271484375
-0.148147583007812 0.239059448242188 0.257064819335938 -0.158782958984375
-0.060089111328125 0.274383544921875 -0.0233879089355469 -0.0134124755859375
0.109527587890625 0.261688232421875 0.02880859375 0.301422119140625
0.1993408203125 0.2362060546875 0.263153076171875 0.49114990234375
0.152801513671875 0.234664916992188 0.35906982421875 0.489532470703125
0.179443359375 0.245407104492188 0.355438232421875 0.538543701171875
0.101516723632813 0.273681640625 0.173187255859375 0.509429931640625
-0.000579833984374999 0.318695068359375 -0.00585937500000002 0.312286376953125
-0.121337890625 0.31793212890625 -0.03753662109375 0.091400146484375
-0.33197021484375 0.20147705078125 0.0737533569335937 -0.0869903564453125
-0.406494140625 0.109405517578125 0.30145263671875 -0.1243896484375
-0.343658447265625 0.020751953125 0.59564208984375 0.07830810546875
-0.509033203125 0.122833251953125 0.360809326171875 -0.207733154296875
-0.432830810546875 0.18023681640625 0.45196533203125 0.071685791015625
-0.37451171875 0.25848388671875 0.451446533203125 -0.0244140625
-0.22979736328125 0.3509521484375 0.28973388671875 -0.1688232421875
-0.15350341796875 0.39654541015625 -0.0176925659179688 -0.0766220092773437
0.08062744140625 0.462432861328125 -0.0143890380859375 0.2191162109375
0.249114990234375 0.455108642578125 0.171844482421875 0.389678955078125
0.21124267578125 0.4454345703125 0.262908935546875 0.36724853515625
0.268890380859375 0.479278564453125 0.279327392578125 0.41607666015625
0.14044189453125 0.497222900390625 0.156280517578125 0.38580322265625
-0.044342041015625 0.53851318359375 -0.00657653808593749 0.232498168945313
-0.200836181640625 0.490447998046875 -0.0324020385742188 0.07525634765625
-0.470550537109375 0.297698974609375 0.0287132263183593 -0.0520820617675781
-0.5474853515625 0.214019775390625 0.19451904296875 -0.06683349609375
-0.525604248046875 0.10302734375 0.442047119140625 0.08111572265625
-0.64447021484375 0.21978759765625 0.170639038085937 -0.164901733398438
-0.5284423828125 0.2808837890625 0.346771240234375 0.132537841796875
-0.448974609375 0.332061767578125 0.423431396484375 -0.00933837890624998
-0.31011962890625 0.418487548828125 0.282867431640625 -0.184600830078125
-0.24945068359375 0.47625732421875 -0.0109710693359375 -0.148284912109375
0.03045654296875 0.61444091796875 -0.051849365234375 0.09051513671875
0.2548828125 0.6168212890625 0.06103515625 0.219512939453125
0.234130859375 0.58941650390625 0.129470825195313 0.188766479492188
0.31982421875 0.63629150390625 0.1495361328125 0.242019653320313
0.16748046875 0.6376953125 0.09356689453125 0.219497680664063
-0.06549072265625 0.6671142578125 -0.0290069580078125 0.129844665527344
-0.22442626953125 0.58258056640625 -0.0401954650878906 0.0597305297851563
-0.510040283203125 0.35601806640625 -0.0340576171875 0.00890541076660158
-0.5833740234375 0.29376220703125 0.0486640930175781 0.0195579528808594
-0.614013671875 0.18212890625 0.231781005859375 0.100997924804688
-0.66668701171875 0.27490234375 -0.0686950683593751 -0.117156982421875
-0.52667236328125 0.31048583984375 0.1849365234375 0.173294067382813
-0.463897705078125 0.318634033203125 0.33782958984375 -0.00076293945312498
-0.3704833984375 0.4085693359375 0.23974609375 -0.190155029296875
-0.3287353515625 0.493499755859375 0.00335693359374996 -0.2230224609375
-0.02740478515625 0.6864013671875 -0.0779876708984375 -0.0756912231445312
0.229736328125 0.689697265625 -0.0602798461914062 -0.000724792480468694
0.22137451171875 0.6436767578125 -0.0246143341064453 -0.0220756530761718
0.3138427734375 0.69451904296875 -0.00534439086914061 0.0420150756835938
0.15081787109375 0.66973876953125 0.00635147094726563 0.03790283203125
-0.0891113281250001 0.66827392578125 -0.059844970703125 0.0268325805664063
-0.216156005859375 0.550262451171875 -0.0558815002441406 0.0520706176757813
-0.448944091796875 0.337677001953125 -0.104225158691406 0.0815200805664062
-0.513092041015625 0.32763671875 -0.109794616699219 0.111793518066406
-0.607421875 0.23785400390625 -0.00305938720703128 0.132232666015625
-0.56671142578125 0.28326416015625 -0.31085205078125 -0.075714111328125
-0.429931640625 0.265960693359375 -0.0106201171875 0.190200805664063
-0.406219482421875 0.22381591796875 0.21484375 0.0196685791015625
-0.38201904296875 0.321563720703125 0.183151245117187 -0.174819946289062
-0.35400390625 0.43536376953125 0.0323486328125 -0.28936767578125
-0.071044921875 0.65545654296875 -0.0923919677734375 -0.259185791015625
0.1759033203125 0.6510009765625 -0.1810302734375 -0.235763549804687
0.17529296875 0.59771728515625 -0.177398681640625 -0.230239868164062
0.2503662109375 0.6455078125 -0.150924682617187 -0.154373168945313
0.0899047851562501 0.58807373046875 -0.0708160400390625 -0.126480102539062
-0.122772216796875 0.54046630859375 -0.0739898681640625 -0.0509414672851562
-0.18572998046875 0.401641845703125 -0.07501220703125 0.060089111328125
-0.311431884765625 0.252044677734375 -0.182662963867188 0.14080810546875
-0.366790771484375 0.308837890625 -0.258895874023437 0.175765991210938
-0.51605224609375 0.26397705078125 -0.22540283203125 0.1671142578125
-0.365875244140625 0.249176025390625 -0.511199951171875 -0.0455322265625
-0.262969970703125 0.179397583007812 -0.197021484375 0.187774658203125
-0.273284912109375 0.1009521484375 0.0930328369140625 0.052886962890625
-0.311553955078125 0.188873291015625 0.136795043945312 -0.145843505859375
-0.303985595703125 0.307952880859375 0.0677490234375 -0.337005615234375
-0.08416748046875 0.512786865234375 -0.102142333984375 -0.423858642578125
0.103271484375 0.506256103515625 -0.289154052734375 -0.44085693359375
0.106536865234375 0.4619140625 -0.307403564453125 -0.402099609375
0.144378662109375 0.500640869140625 -0.254547119140625 -0.3204345703125
0.00497436523437499 0.42059326171875 -0.10888671875 -0.248046875
-0.141998291015625 0.330230712890625 -0.0610122680664063 -0.0856552124023437
-0.1265869140625 0.198028564453125 -0.0994338989257813 0.0845565795898438
-0.136672973632813 0.143997192382813 -0.268646240234375 0.16546630859375
-0.191635131835938 0.259628295898438 -0.38299560546875 0.189697265625
-0.36248779296875 0.25274658203125 -0.406646728515625 0.1968994140625
-0.106460571289063 0.18585205078125 -0.63104248046875 -0.0272216796875001
-0.0606155395507812 0.0897750854492188 -0.327667236328125 0.17864990234375
-0.0774993896484375 -0.00892639160156248 0.0106353759765625 0.0847396850585938
-0.164901733398437 0.0359649658203125 0.106094360351562 -0.123550415039062
-0.187667846679688 0.127197265625 0.08831787109375 -0.36083984375
-0.0806884765625 0.28118896484375 -0.12274169921875 -0.535614013671875
0.0123138427734375 0.27886962890625 -0.37591552734375 -0.57440185546875
0.0199127197265625 0.25286865234375 -0.393096923828125 -0.50726318359375
0.019866943359375 0.2861328125 -0.30126953125 -0.428924560546875
-0.0681610107421875 0.205230712890625 -0.105804443359375 -0.314544677734375
-0.127731323242188 0.103561401367188 -0.0353164672851563 -0.0749893188476563
-0.0475273132324219 0.0112419128417969 -0.137619018554688 0.11639404296875
0.0307426452636719 0.0543670654296875 -0.3548583984375 0.145782470703125
-0.01922607421875 0.188461303710938 -0.4698486328125 0.15399169921875
-0.168411254882813 0.204803466796875 -0.52728271484375 0.222686767578125
-0.0730972290039063 -0.110000610351563 0.498321533203125 -0.250946044921875
-0.140434265136719 -0.0551834106445313 0.51123046875 -0.0986328125
-0.149505615234375 0.046630859375 0.373565673828125 -0.149993896484375
-0.0523757934570312 0.113578796386719 0.17626953125 -0.169189453125
0.03460693359375 0.118072509765625 -0.0329208374023438 0.0344314575195313
0.102348327636719 0.0253829956054688 0.075927734375 0.320709228515625
0.102790832519531 -0.0163116455078125 0.331451416015625 0.48681640625
0.06671142578125 -0.01153564453125 0.41351318359375 0.50665283203125
0.0716323852539063 -0.0324249267578125 0.39337158203125 0.5621337890625
0.0738143920898438 0.00286102294921875 0.169952392578125 0.56011962890625
0.08349609375 0.0599746704101562 -0.013336181640625 0.37017822265625
0.0145111083984375 0.120994567871094 -0.066802978515625 0.124061584472656
-0.119331359863281 0.114021301269531 0.0498046875 -0.0814895629882813
-0.186660766601562 0.0252838134765625 0.30499267578125 -0.150848388671875
-0.105361938476563 -0.0499954223632813 0.6419677734375 0.06732177734375
-0.29345703125 0.00833129882812495 0.4632568359375 -0.237213134765625
-0.27655029296875 0.0596160888671875 0.5081787109375 -0.026641845703125
-0.258255004882813 0.150543212890625 0.424102783203125 -0.098419189453125
-0.134201049804687 0.236160278320313 0.234664916992188 -0.182052612304688
-0.04632568359375 0.26873779296875 -0.0348052978515625 -0.0205669403076172
0.116500854492187 0.245681762695313 0.033905029296875 0.287445068359375
0.202972412109375 0.21807861328125 0.277801513671875 0.462799072265625
0.15728759765625 0.223358154296875 0.37225341796875 0.460205078125
0.184860229492188 0.231704711914063 0.375274658203125 0.513671875
0.106582641601562 0.261871337890625 0.191162109375 0.503570556640625
0.00991821289062502 0.3074951171875 0.00286865234374998 0.326995849609375
-0.110107421875 0.310546875 -0.0510711669921875 0.112541198730469
-0.320037841796875 0.204559326171875 0.038818359375 -0.0698318481445312
-0.39373779296875 0.119720458984375 0.268310546875 -0.12109375
-0.338104248046875 0.02569580078125 0.57598876953125 0.0599365234375
-0.492767333984375 0.120697021484375 0.348968505859375 -0.20452880859375
-0.415618896484375 0.1824951171875 0.460906982421875 0.045928955078125
-0.361114501953125 0.25872802734375 0.444488525390625 -0.061614990234375
-0.21282958984375 0.34521484375 0.270370483398438 -0.195281982421875
-0.13677978515625 0.39190673828125 -0.02960205078125 -0.0840072631835937
0.0972900390625 0.443939208984375 -0.00865173339843749 0.208938598632813
0.2618408203125 0.43182373046875 0.18609619140625 0.366943359375
0.223175048828125 0.426910400390625 0.273773193359375 0.3433837890625
0.284698486328125 0.45501708984375 0.297454833984375 0.39508056640625
0.15399169921875 0.481170654296875 0.174652099609375 0.38067626953125
-0.023681640625 0.524078369140625 0.00399780273437503 0.248077392578125
-0.181854248046875 0.481964111328125 -0.0423202514648438 0.09832763671875
-0.454864501953125 0.30072021484375 0.00033378601074216 -0.0315437316894531
-0.5296630859375 0.219573974609375 0.168624877929688 -0.060089111328125
-0.512786865234375 0.10699462890625 0.425201416015625 0.06494140625
-0.61834716796875 0.21441650390625 0.163406372070312 -0.158203125
-0.503814697265625 0.274871826171875 0.36090087890625 0.110107421875
-0.4351806640625 0.326324462890625 0.422698974609375 -0.04443359375
-0.292633056640625 0.41253662109375 0.27020263671875 -0.21075439453125
-0.230987548828125 0.475616455078125 -0.021942138671875 -0.15673828125
0.05267333984375 0.59564208984375 -0.04669189453125 0.0841140747070313
0.27813720703125 0.58917236328125 0.070465087890625 0.204513549804688
0.25238037109375 0.56732177734375 0.134429931640625 0.173187255859375
0.34320068359375 0.606201171875 0.164382934570313 0.229232788085938
0.1878662109375 0.61572265625 0.107650756835938 0.219314575195313
-0.0379638671875 0.652099609375 -0.0180206298828125 0.147567749023438
-0.20367431640625 0.5743408203125 -0.0453643798828125 0.0826568603515626
-0.49530029296875 0.35711669921875 -0.0531768798828125 0.03106689453125
-0.56298828125 0.29730224609375 0.0316200256347656 0.0282478332519531
-0.596435546875 0.18292236328125 0.220382690429687 0.087493896484375
-0.63427734375 0.26898193359375 -0.0705108642578125 -0.105857849121094
-0.502471923828125 0.30035400390625 0.204208374023438 0.156356811523438
-0.45257568359375 0.30816650390625 0.346527099609375 -0.029571533203125
-0.3538818359375 0.405120849609375 0.235519409179687 -0.213058471679687
-0.3101806640625 0.49859619140625 -0.00474548339843749 -0.232254028320312
-0.00152587890624999 0.67333984375 -0.0764083862304688 -0.0799407958984375
0.25653076171875 0.66326904296875 -0.0571403503417969 -0.00547790527343747
0.2431640625 0.6204833984375 -0.0264263153076172 -0.0257492065429687
0.3428955078125 0.6622314453125 0.00430679321289064 0.0418472290039063
0.1761474609375 0.6478271484375 0.0153388977050781 0.0445175170898438
-0.06134033203125 0.6566162109375 -0.0497817993164063 0.0454902648925782
-0.1982421875 0.54339599609375 -0.0563201904296875 0.073516845703125
-0.437957763671875 0.33551025390625 -0.113433837890625 0.103195190429688
-0.493255615234375 0.32220458984375 -0.118904113769531 0.122802734375
-0.58599853515625 0.23663330078125 -0.00805664062500004 0.123611450195313
-0.53375244140625 0.273468017578125 -0.305328369140625 -0.05999755859375
-0.407135009765625 0.2529296875 0.0137481689453125 0.181427001953125
-0.401214599609375 0.214385986328125 0.232040405273437 -0.00244140624999999
-0.369354248046875 0.32177734375 0.188644409179687 -0.195785522460937
-0.338623046875 0.44354248046875 0.02691650390625 -0.300262451171875
-0.04205322265625 0.6456298828125 -0.0952606201171875 -0.259796142578125
0.2056884765625 0.62921142578125 -0.18695068359375 -0.2296142578125
0.19671630859375 0.578857421875 -0.185592651367188 -0.220123291015625
0.278564453125 0.61724853515625 -0.146774291992187 -0.142166137695313
0.112548828125 0.57232666015625 -0.0658035278320312 -0.113861083984375
-0.099609375 0.533905029296875 -0.064727783203125 -0.0329704284667968
-0.175079345703125 0.39642333984375 -0.0700912475585938 0.079345703125
-0.305816650390625 0.24517822265625 -0.181808471679688 0.162277221679688
-0.350860595703125 0.297943115234375 -0.26116943359375 0.189620971679688
-0.49151611328125 0.2586669921875 -0.2232666015625 0.163253784179688
-0.338775634765625 0.23712158203125 -0.498077392578125 -0.0259094238281249
-0.249160766601563 0.167068481445312 -0.167098999023438 0.185379028320312
-0.27410888671875 0.0937347412109375 0.118316650390625 0.0347137451171875
-0.3038330078125 0.194244384765625 0.148529052734375 -0.165878295898438
-0.290252685546875 0.317596435546875 0.061370849609375 -0.350189208984375
-0.059844970703125 0.508453369140625 -0.1124267578125 -0.42333984375
0.128082275390625 0.49267578125 -0.30517578125 -0.424224853515625
0.124420166015625 0.4483642578125 -0.319976806640625 -0.379730224609375
0.167816162109375 0.481475830078125 -0.255950927734375 -0.29718017578125
0.023162841796875 0.41357421875 -0.107086181640625 -0.23321533203125
-0.12872314453125 0.33135986328125 -0.0518722534179688 -0.0710296630859375
-0.126220703125 0.197021484375 -0.0880584716796875 0.101333618164063
-0.138084411621094 0.1326904296875 -0.260360717773438 0.187347412109375
-0.177566528320313 0.241973876953125 -0.379608154296875 0.206268310546875
-0.340576171875 0.245025634765625 -0.397735595703125 0.19708251953125
-0.0891571044921875 0.173171997070313 -0.61370849609375 -0.00585937499999992
-0.0554733276367188 0.0814132690429688 -0.293304443359375 0.18048095703125
-0.0831756591796875 -0.0137786865234375 0.0403404235839844 0.0673179626464844
-0.163528442382813 0.04229736328125 0.1207275390625 -0.1441650390625
-0.1802978515625 0.136215209960938 0.081329345703125 -0.37677001953125
-0.063934326171875 0.281036376953125 -0.13909912109375 -0.53302001953125
0.02825927734375 0.273330688476563 -0.395233154296875 -0.55010986328125
0.0318603515625 0.247543334960938 -0.40887451171875 -0.476531982421875
0.036590576171875 0.27880859375 -0.308258056640625 -0.40216064453125
-0.0561981201171875 0.20794677734375 -0.10736083984375 -0.299346923828125
-0.123001098632812 0.1102294921875 -0.024871826171875 -0.0649490356445313
-0.0543289184570313 0.0114059448242188 -0.120155334472656 0.131683349609375
0.0255317687988281 0.0401229858398438 -0.34332275390625 0.17193603515625
-0.010009765625 0.170257568359375 -0.46636962890625 0.173828125
-0.151016235351562 0.196304321289063 -0.512664794921875 0.22406005859375
-0.0814285278320313 -0.108657836914063 0.504180908203125 -0.251800537109375
-0.136833190917969 -0.0453872680664063 0.51953125 -0.122283935546875
-0.143341064453125 0.0541229248046875 0.362945556640625 -0.17462158203125
-0.0455551147460938 0.113090515136719 0.15936279296875 -0.184585571289062
0.0407943725585937 0.113731384277344 -0.0447578430175781 0.0301399230957031
0.101387023925781 0.0179824829101563 0.073028564453125 0.31402587890625
0.0982513427734375 -0.0218429565429688 0.339630126953125 0.472320556640625
0.0638999938964844 -0.0137252807617188 0.425323486328125 0.49053955078125
0.0680694580078125 -0.0343513488769531 0.410064697265625 0.54986572265625
0.0705337524414063 -9.1552734375E-05 0.1871337890625 0.5655517578125
0.0823211669921875 0.054595947265625 -0.00476074218749996 0.3880615234375
0.0160980224609375 0.117813110351563 -0.0768585205078125 0.1495361328125
-0.114730834960937 0.116775512695313 0.0232810974121094 -0.0603904724121094
-0.184280395507813 0.036102294921875 0.2825927734375 -0.140899658203125
-0.108718872070313 -0.0452728271484375 0.63482666015625 0.05987548828125
-0.298583984375 0.00628662109374996 0.4681396484375 -0.238525390625
-0.273544311523438 0.0655975341796876 0.51953125 -0.051605224609375
-0.2552490234375 0.155242919921875 0.4163818359375 -0.12689208984375
-0.126296997070312 0.2354736328125 0.218124389648438 -0.20037841796875
-0.0391845703125 0.266311645507813 -0.0482406616210938 -0.0245742797851562
0.121658325195313 0.237030029296875 0.0333251953125 0.281341552734375
0.205963134765625 0.208419799804687 0.287933349609375 0.44903564453125
0.160797119140625 0.217620849609375 0.382659912109375 0.443206787109375
0.189910888671875 0.224853515625 0.3931884765625 0.499176025390625
0.108871459960938 0.257614135742188 0.209442138671875 0.50689697265625
0.01556396484375 0.302703857421875 0.0135498046875 0.343597412109375
-0.106201171875 0.308929443359375 -0.0574417114257813 0.139297485351563
-0.317718505859375 0.208038330078125 0.0156478881835937 -0.0456047058105469
-0.391265869140625 0.128326416015625 0.250091552734375 -0.109573364257813
-0.341278076171875 0.0272216796875 0.56756591796875 0.05328369140625
-0.492584228515625 0.117034912109375 0.35205078125 -0.201202392578125
-0.409454345703125 0.1834716796875 0.475006103515625 0.02362060546875
-0.36175537109375 0.259979248046875 0.439971923828125 -0.091094970703125
-0.207122802734375 0.343353271484375 0.255096435546875 -0.216461181640625
-0.12982177734375 0.392974853515625 -0.0429000854492187 -0.0900115966796875
0.106658935546875 0.4359130859375 -0.00790405273437498 0.2037353515625
0.271759033203125 0.418731689453125 0.194580078125 0.354034423828125
0.23272705078125 0.420257568359375 0.280792236328125 0.328887939453125
0.297576904296875 0.44268798828125 0.314422607421875 0.38323974609375
0.162445068359375 0.473846435546875 0.189788818359375 0.3836669921875
-0.0115966796875 0.52044677734375 0.01641845703125 0.264251708984375
-0.174957275390625 0.48175048828125 -0.045135498046875 0.123344421386719
-0.4556884765625 0.30419921875 -0.0172166824340821 -0.00557327270507811
-0.526702880859375 0.226165771484375 0.153854370117187 -0.04705810546875
-0.514923095703125 0.105560302734375 0.41729736328125 0.05987548828125
-0.61370849609375 0.20782470703125 0.1644287109375 -0.153213500976563
-0.4974365234375 0.269744873046875 0.376007080078125 0.090362548828125
-0.439422607421875 0.324066162109375 0.424041748046875 -0.073516845703125
-0.28729248046875 0.41021728515625 0.260177612304688 -0.233978271484375
-0.2252197265625 0.4798583984375 -0.0336151123046875 -0.164947509765625
0.0658569335937501 0.59124755859375 -0.0464019775390625 0.079345703125
0.2947998046875 0.57794189453125 0.075775146484375 0.19525146484375
0.267547607421875 0.55926513671875 0.13641357421875 0.163345336914063
0.3623046875 0.59051513671875 0.17791748046875 0.222000122070313
0.200927734375 0.60797119140625 0.121246337890625 0.221542358398438
-0.021728515625 0.65020751953125 -0.00514221191406249 0.162200927734375
-0.19659423828125 0.57525634765625 -0.0447616577148438 0.106452941894531
-0.49749755859375 0.36273193359375 -0.0640716552734375 0.0574417114257813
-0.5609130859375 0.298309326171875 0.0199394226074218 0.0431709289550782
-0.598388671875 0.17877197265625 0.212356567382812 0.0839385986328125
-0.6259765625 0.25732421875 -0.0695571899414063 -0.0986785888671875
-0.496734619140625 0.29058837890625 0.220809936523438 0.142333984375
-0.46099853515625 0.303619384765625 0.3538818359375 -0.055694580078125
-0.3533935546875 0.405548095703125 0.232711791992187 -0.237548828125
-0.305084228515625 0.506988525390625 -0.01422119140625 -0.244552612304687
0.0158081054687499 0.6712646484375 -0.0766448974609375 -0.0853271484375
0.27825927734375 0.6514892578125 -0.0582160949707031 -0.0106468200683593
0.25994873046875 0.6136474609375 -0.029611587524414 -0.029245376586914
0.36505126953125 0.64605712890625 0.0135574340820313 0.0396499633789063
0.19287109375 0.6409912109375 0.0265579223632813 0.0485992431640625
-0.04425048828125 0.65582275390625 -0.0371627807617188 0.05902099609375
-0.193115234375 0.544769287109375 -0.0514755249023438 0.0947341918945313
-0.443115234375 0.337677001953125 -0.117790222167969 0.127998352050781
-0.493804931640625 0.31951904296875 -0.127006530761719 0.138572692871094
-0.58599853515625 0.23162841796875 -0.0149917602539063 0.120956420898438
-0.522979736328125 0.259765625 -0.3038330078125 -0.049896240234375
-0.404022216796875 0.240692138671875 0.0312957763671875 0.171890258789063
-0.41259765625 0.20721435546875 0.245712280273437 -0.0264129638671875
-0.36932373046875 0.32452392578125 0.192535400390625 -0.219940185546875
-0.333282470703125 0.456573486328125 0.0191650390624999 -0.31591796875
-0.02484130859375 0.646240234375 -0.099456787109375 -0.267242431640625
0.22650146484375 0.62017822265625 -0.19439697265625 -0.229400634765625
0.21356201171875 0.5723876953125 -0.19390869140625 -0.217132568359375
0.30084228515625 0.6025390625 -0.142135620117187 -0.13812255859375
0.1290283203125 0.5673828125 -0.0577850341796875 -0.108940124511719
-0.087158203125 0.53521728515625 -0.0525970458984375 -0.0220870971679687
-0.17401123046875 0.399444580078125 -0.0618362426757813 0.0965957641601563
-0.31463623046875 0.2437744140625 -0.180953979492188 0.185043334960937
-0.349029541015625 0.28973388671875 -0.266632080078125 0.206634521484375
-0.489410400390625 0.251617431640625 -0.229217529296875 0.161483764648438
-0.3271484375 0.222503662109375 -0.494842529296875 -0.0159606933593749
-0.247451782226563 0.156600952148438 -0.147842407226563 0.1798095703125
-0.284423828125 0.089141845703125 0.136863708496094 0.0125274658203125
-0.3050537109375 0.199737548828125 0.156829833984375 -0.191009521484375
-0.285186767578125 0.329193115234375 0.055328369140625 -0.368896484375
-0.0435485839843749 0.50994873046875 -0.120819091796875 -0.430877685546875
0.14654541015625 0.48651123046875 -0.3199462890625 -0.418426513671875
0.137939453125 0.443817138671875 -0.33160400390625 -0.369110107421875
0.1859130859375 0.472564697265625 -0.255584716796875 -0.28753662109375
0.036895751953125 0.4134521484375 -0.101776123046875 -0.227737426757812
-0.1209716796875 0.336822509765625 -0.0401229858398438 -0.0634956359863281
-0.130020141601563 0.200714111328125 -0.076751708984375 0.115020751953125
-0.146697998046875 0.127182006835938 -0.25482177734375 0.209030151367188
-0.1771240234375 0.231002807617188 -0.38433837890625 0.22564697265625
-0.336181640625 0.23675537109375 -0.40106201171875 0.196533203125
-0.0802459716796875 0.161407470703125 -0.609375 0.00610351562499999
-0.0550003051757812 0.074951171875 -0.273117065429688 0.175918579101562
-0.0916061401367188 -0.017120361328125 0.0613746643066406 0.0447273254394531
-0.165130615234375 0.048309326171875 0.130111694335938 -0.1695556640625
-0.177444458007812 0.144927978515625 0.0747985839843749 -0.39593505859375
-0.052398681640625 0.283294677734375 -0.153900146484375 -0.5394287109375
0.0410308837890625 0.27191162109375 -0.415557861328125 -0.5384521484375
0.039825439453125 0.246414184570313 -0.42242431640625 -0.461090087890625
0.048095703125 0.27423095703125 -0.3111572265625 -0.38970947265625
-0.04705810546875 0.211044311523438 -0.10443115234375 -0.294158935546875
-0.121597290039063 0.116897583007812 -0.013214111328125 -0.0605049133300781
-0.0615463256835937 0.013824462890625 -0.105056762695312 0.1434326171875
0.0179672241210937 0.0310764312744141 -0.335662841796875 0.19403076171875
-0.00834655761718752 0.15704345703125 -0.469482421875 0.19549560546875
-0.143997192382812 0.188369750976563 -0.51434326171875 0.22686767578125
-0.0909500122070313 -0.107963562011719 0.52008056640625 -0.26568603515625
-0.135055541992188 -0.0374984741210938 0.535675048828125 -0.153564453125
-0.139083862304688 0.0618057250976562 0.3558349609375 -0.20330810546875
-0.0399169921875 0.113746643066406 0.143508911132813 -0.200927734375
0.0477294921875 0.111114501953125 -0.0573501586914063 0.0307083129882813
0.102439880371094 0.0107574462890625 0.072845458984375 0.31536865234375
0.0956268310546875 -0.0265731811523438 0.356903076171875 0.4654541015625
0.0627899169921875 -0.0163307189941406 0.4503173828125 0.4814453125
0.0660324096679688 -0.0369224548339844 0.440399169921875 0.547027587890625
0.0686225891113281 -0.00211334228515625 0.2156982421875 0.57879638671875
0.0826263427734375 0.0499954223632813 0.01123046875 0.41162109375
0.0183334350585937 0.117645263671875 -0.07830810546875 0.179275512695313
-0.112380981445312 0.122962951660156 0.00700759887695312 -0.0357437133789063
-0.183761596679688 0.04901123046875 0.274642944335938 -0.133819580078125
-0.113609313964844 -0.04022216796875 0.645751953125 0.05059814453125
-0.311248779296875 0.0101318359375 0.482391357421875 -0.249786376953125
-0.274139404296875 0.0738983154296875 0.5380859375 -0.082611083984375
-0.256332397460938 0.167205810546875 0.411895751953125 -0.157012939453125
-0.120391845703125 0.239990234375 0.202316284179688 -0.220703125
-0.030731201171875 0.270523071289063 -0.0627822875976563 -0.0254287719726562
0.129074096679687 0.232421875 0.03411865234375 0.283294677734375
0.21441650390625 0.202178955078125 0.30517578125 0.442047119140625
0.169631958007813 0.215896606445312 0.40374755859375 0.433807373046875
0.200775146484375 0.220352172851563 0.421783447265625 0.493682861328125
0.116607666015625 0.258560180664063 0.236602783203125 0.515350341796875
0.022796630859375 0.305267333984375 0.030853271484375 0.364715576171875
-0.103546142578125 0.316009521484375 -0.0567474365234375 0.167877197265625
-0.321929931640625 0.22052001953125 0.00295257568359373 -0.0192203521728515
-0.395263671875 0.14361572265625 0.2430419921875 -0.10015869140625
-0.35260009765625 0.03521728515625 0.57684326171875 0.0450439453125
-0.507293701171875 0.121673583984375 0.362701416015625 -0.210205078125
-0.4149169921875 0.19134521484375 0.495819091796875 -0.00555419921874999
-0.3681640625 0.2733154296875 0.43994140625 -0.124267578125
-0.2027587890625 0.351837158203125 0.24151611328125 -0.240493774414063
-0.1231689453125 0.405426025390625 -0.05908203125 -0.0938568115234375
0.121917724609375 0.436492919921875 -0.00704956054687499 0.204086303710938
0.29083251953125 0.413299560546875 0.2081298828125 0.34820556640625
0.250732421875 0.419036865234375 0.294952392578125 0.319061279296875
0.3192138671875 0.43756103515625 0.337646484375 0.375213623046875
0.178863525390625 0.4764404296875 0.214080810546875 0.388092041015625
0.00183105468749996 0.527862548828125 0.034088134765625 0.281463623046875
-0.16876220703125 0.495361328125 -0.04083251953125 0.150787353515625
-0.464019775390625 0.322906494140625 -0.0251178741455078 0.0235748291015625
-0.534210205078125 0.24261474609375 0.14923095703125 -0.0336456298828125
-0.52972412109375 0.11407470703125 0.42218017578125 0.0535888671875
-0.62701416015625 0.21075439453125 0.169998168945312 -0.154861450195313
-0.5059814453125 0.27587890625 0.396484375 0.067901611328125
-0.452789306640625 0.336944580078125 0.4285888671875 -0.106414794921875
-0.288330078125 0.421905517578125 0.249099731445312 -0.261734008789063
-0.21978759765625 0.498992919921875 -0.0498809814453125 -0.173553466796875
0.0853271484375 0.59765625 -0.0467605590820313 0.0770721435546875
0.32110595703125 0.5745849609375 0.082427978515625 0.189651489257813
0.291900634765625 0.561431884765625 0.141082763671875 0.157257080078125
0.3916015625 0.584228515625 0.194107055664063 0.216552734375
0.22491455078125 0.6114501953125 0.14117431640625 0.223892211914063
-0.00122070312500002 0.66107177734375 0.01104736328125 0.1759033203125
-0.1885986328125 0.592529296875 -0.0368576049804688 0.131095886230469
-0.508819580078125 0.383514404296875 -0.0665206909179688 0.0869064331054688
-0.5718994140625 0.3160400390625 0.015777587890625 0.0612449645996094
-0.6156005859375 0.1883544921875 0.211532592773437 0.0813751220703125
-0.63671875 0.25836181640625 -0.0700912475585938 -0.0935287475585937
-0.5040283203125 0.29248046875 0.2393798828125 0.127166748046875
-0.4794921875 0.314361572265625 0.362518310546875 -0.08746337890625
-0.356170654296875 0.419830322265625 0.227828979492187 -0.267135620117188
-0.301788330078125 0.53143310546875 -0.02923583984375 -0.2587890625
0.0386962890625 0.680908203125 -0.0806961059570313 -0.0915756225585937
0.30877685546875 0.6502685546875 -0.0618476867675781 -0.01470947265625
0.28619384765625 0.61590576171875 -0.0350570678710937 -0.0323371887207031
0.39715576171875 0.64068603515625 0.0217208862304688 0.0362319946289063
0.21844482421875 0.64361572265625 0.0392913818359375 0.0490264892578125
-0.0241088867187501 0.67034912109375 -0.0228042602539063 0.069244384765625
-0.185546875 0.56231689453125 -0.0418319702148438 0.115707397460938
-0.455322265625 0.355865478515625 -0.1158447265625 0.157150268554688
-0.502685546875 0.333221435546875 -0.130950927734375 0.161361694335938
-0.601318359375 0.2373046875 -0.0210113525390625 0.123802185058594
-0.5299072265625 0.258392333984375 -0.309417724609375 -0.040252685546875
-0.413421630859375 0.23870849609375 0.0475921630859375 0.163742065429688
-0.43157958984375 0.21612548828125 0.257415771484375 -0.0556793212890625
-0.375946044921875 0.341156005859375 0.190444946289062 -0.250335693359375
-0.33074951171875 0.4808349609375 0.00448608398437494 -0.3359375
-0.00177001953125007 0.65814208984375 -0.108322143554688 -0.277816772460937
0.256591796875 0.621337890625 -0.209548950195312 -0.230819702148438
0.23944091796875 0.5762939453125 -0.208465576171875 -0.215774536132812
0.33050537109375 0.59649658203125 -0.14202880859375 -0.138076782226562
0.15313720703125 0.57293701171875 -0.0508956909179687 -0.109344482421875
-0.072174072265625 0.55072021484375 -0.040771484375 -0.0162620544433593
-0.17083740234375 0.4151611328125 -0.050018310546875 0.113700866699219
-0.32647705078125 0.255035400390625 -0.177047729492188 0.212921142578125
-0.3580322265625 0.2962646484375 -0.271652221679688 0.233047485351562
-0.500885009765625 0.2569580078125 -0.239990234375 0.169723510742188
-0.329498291015625 0.216461181640625 -0.505279541015625 -0.00170898437499989
-0.25390625 0.153244018554688 -0.134674072265625 0.176528930664063
-0.302398681640625 0.0940246582031249 0.1505126953125 -0.0146484375
-0.30987548828125 0.213348388671875 0.158584594726562 -0.222213745117188
-0.284088134765625 0.35003662109375 0.0426025390625 -0.393768310546875
-0.02386474609375 0.5206298828125 -0.137237548828125 -0.44451904296875
0.170196533203125 0.4874267578125 -0.3436279296875 -0.416107177734375
0.157928466796875 0.447723388671875 -0.353485107421875 -0.362457275390625
0.209869384765625 0.469207763671875 -0.262664794921875 -0.285919189453125
0.0540771484375 0.419708251953125 -0.100357055664063 -0.229248046875
-0.11187744140625 0.350494384765625 -0.0302162170410156 -0.0609474182128906
-0.132095336914062 0.211456298828125 -0.0636825561523438 0.12890625
-0.158432006835938 0.129180908203125 -0.249404907226562 0.236251831054688
-0.18133544921875 0.230133056640625 -0.391754150390625 0.25372314453125
-0.340789794921875 0.2391357421875 -0.414031982421875 0.208892822265625
-0.0763702392578125 0.153091430664063 -0.61907958984375 0.0218505859375001
-0.05718994140625 0.0711212158203125 -0.262496948242187 0.175247192382813
-0.103492736816406 -0.01727294921875 0.0745925903320313 0.0188980102539063
-0.169418334960938 0.05645751953125 0.131683349609375 -0.200225830078125
-0.176788330078125 0.157669067382813 0.062652587890625 -0.42413330078125
-0.040374755859375 0.290771484375 -0.17535400390625 -0.55487060546875
0.0552520751953125 0.274246215820312 -0.445281982421875 -0.53277587890625
0.050628662109375 0.249862670898438 -0.4454345703125 -0.451385498046875
0.061859130859375 0.2747802734375 -0.323883056640625 -0.387664794921875
-0.0367279052734375 0.21832275390625 -0.106353759765625 -0.297515869140625
-0.120529174804688 0.127532958984375 -0.00247573852539063 -0.0611801147460938
-0.0682144165039063 0.019317626953125 -0.0903778076171875 0.155197143554688
0.00983619689941406 0.0254173278808594 -0.329864501953125 0.220855712890625
-0.00936889648437501 0.149642944335938 -0.47808837890625 0.225616455078125
-0.142440795898437 0.18609619140625 -0.528045654296875 0.2412109375
-0.103828430175781 -0.104866027832031 0.5333251953125 -0.300506591796875
-0.133819580078125 -0.0294418334960938 0.54766845703125 -0.203643798828125
-0.134117126464844 0.0720443725585937 0.343536376953125 -0.23773193359375
-0.0329666137695312 0.115875244140625 0.123992919921875 -0.218948364257813
0.0559539794921875 0.107894897460938 -0.0694580078125 0.0347518920898438
0.103034973144531 0.00229644775390625 0.080841064453125 0.32000732421875
0.093048095703125 -0.0338058471679687 0.386383056640625 0.45562744140625
0.0614471435546875 -0.0198287963867188 0.48699951171875 0.465972900390625
0.0642890930175781 -0.04132080078125 0.4852294921875 0.53582763671875
0.0676040649414063 -0.0051727294921875 0.25933837890625 0.58935546875
0.0849609375 0.0450897216796875 0.0393371582031251 0.4346923828125
0.0223770141601563 0.118461608886719 -0.0685882568359375 0.210861206054688
-0.10687255859375 0.133010864257813 -0.000270843505859381 -0.0103883743286133
-0.181442260742187 0.064361572265625 0.270843505859375 -0.13385009765625
-0.119400024414063 -0.0331802368164063 0.666748046875 0.023681640625
-0.327362060546875 0.022735595703125 0.4945068359375 -0.280548095703125
-0.276580810546875 0.088134765625 0.55413818359375 -0.129791259765625
-0.25537109375 0.186065673828125 0.40277099609375 -0.194366455078125
-0.111770629882813 0.249160766601562 0.182464599609375 -0.242843627929687
-0.0172271728515625 0.27764892578125 -0.07830810546875 -0.0219573974609375
0.142684936523437 0.226821899414063 0.041259765625 0.288482666015625
0.22833251953125 0.19256591796875 0.332275390625 0.43243408203125
0.183929443359375 0.212417602539063 0.435791015625 0.418670654296875
0.216949462890625 0.213287353515625 0.463714599609375 0.48150634765625
0.131118774414063 0.25860595703125 0.278045654296875 0.520538330078125
0.036773681640625 0.310791015625 0.05950927734375 0.383636474609375
-0.093353271484375 0.329132080078125 -0.044952392578125 0.197433471679688
-0.321746826171875 0.2427978515625 -0.000318050384521503 0.00807189941406252
-0.397613525390625 0.171051025390625 0.242782592773438 -0.0966949462890625
-0.36578369140625 0.0511474609375 0.59332275390625 0.0225830078125
-0.5245361328125 0.14306640625 0.37237548828125 -0.23199462890625
-0.419342041015625 0.21148681640625 0.51434326171875 -0.04693603515625
-0.370452880859375 0.300048828125 0.435302734375 -0.1649169921875
-0.19342041015625 0.36895751953125 0.221389770507813 -0.268051147460938
-0.105743408203125 0.423492431640625 -0.0777130126953125 -0.0933303833007812
0.145538330078125 0.43670654296875 -0.00253295898437497 0.2076416015625
0.3204345703125 0.403839111328125 0.230010986328125 0.340972900390625
0.27935791015625 0.415740966796875 0.315948486328125 0.308563232421875
0.3507080078125 0.4278564453125 0.369873046875 0.363739013671875
0.208587646484375 0.4775390625 0.24969482421875 0.389129638671875
0.029052734375 0.541778564453125 0.060272216796875 0.295623779296875
-0.153106689453125 0.5177001953125 -0.0265350341796875 0.17755126953125
-0.466339111328125 0.3564453125 -0.02337646484375 0.0527191162109375
-0.539703369140625 0.277496337890625 0.151031494140625 -0.0238189697265625
-0.547943115234375 0.13775634765625 0.4344482421875 0.039306640625
-0.64422607421875 0.2354736328125 0.173873901367187 -0.16448974609375
-0.511749267578125 0.29876708984375 0.417022705078125 0.03399658203125
-0.460784912109375 0.36907958984375 0.42742919921875 -0.148223876953125
-0.27935791015625 0.44647216796875 0.231048583984375 -0.29254150390625
-0.203094482421875 0.528289794921875 -0.07135009765625 -0.17816162109375
0.1185302734375 0.6065673828125 -0.0471115112304687 0.07720947265625
0.3624267578125 0.56512451171875 0.0927734375 0.185516357421875
0.3310546875 0.55889892578125 0.149887084960938 0.150543212890625
0.43646240234375 0.572265625 0.215423583984375 0.206436157226563
0.26324462890625 0.61224365234375 0.166732788085938 0.221450805664063
0.03216552734375 0.6778564453125 0.0334930419921875 0.186126708984375
-0.1688232421875 0.61865234375 -0.0211944580078125 0.154388427734375
-0.513702392578125 0.42236328125 -0.0594635009765625 0.117774963378906
-0.57623291015625 0.3516845703125 0.0201263427734375 0.0794448852539063
-0.6348876953125 0.2154541015625 0.21612548828125 0.076904296875
-0.65142822265625 0.279296875 -0.0724182128906251 -0.0885086059570312
-0.512969970703125 0.311981201171875 0.259109497070312 0.105270385742188
-0.49493408203125 0.3448486328125 0.36517333984375 -0.126617431640625
-0.35284423828125 0.44879150390625 0.211181640625 -0.301788330078125
-0.28875732421875 0.56854248046875 -0.0535888671875 -0.271087646484375
0.0757446289062499 0.695556640625 -0.0887527465820312 -0.0969619750976562
0.35626220703125 0.6451416015625 -0.0668792724609375 -0.0157012939453125
0.33050537109375 0.61627197265625 -0.0416984558105468 -0.0328750610351562
0.44512939453125 0.628173828125 0.0300006866455078 0.0321216583251954
0.2601318359375 0.646728515625 0.0535507202148438 0.0455818176269532
0.0115966796874999 0.6893310546875 -0.00662994384765625 0.0755081176757813
-0.16595458984375 0.59027099609375 -0.02496337890625 0.135612487792969
-0.46246337890625 0.39190673828125 -0.105178833007813 0.188858032226563
-0.506317138671875 0.365203857421875 -0.126373291015625 0.188583374023438
-0.61712646484375 0.2664794921875 -0.023712158203125 0.130226135253906
-0.540618896484375 0.2725830078125 -0.31793212890625 -0.0223083496093749
-0.422149658203125 0.252685546875 0.064056396484375 0.154296875
-0.45086669921875 0.241729736328125 0.262069702148438 -0.0912322998046875
-0.375396728515625 0.371246337890625 0.17864990234375 -0.28564453125
-0.318695068359375 0.51885986328125 -0.019775390625 -0.356536865234375
0.0360107421875 0.675537109375 -0.12652587890625 -0.289276123046875
0.3021240234375 0.61907958984375 -0.230972290039062 -0.228439331054687
0.279052734375 0.5780029296875 -0.229156494140625 -0.208999633789062
0.37432861328125 0.58746337890625 -0.147415161132813 -0.1373291015625
0.1912841796875 0.57647705078125 -0.0483627319335937 -0.113212585449219
-0.041748046875 0.571044921875 -0.0301933288574219 -0.0128440856933593
-0.158477783203125 0.43878173828125 -0.03363037109375 0.129341125488281
-0.335845947265625 0.28094482421875 -0.164093017578125 0.245742797851563
-0.360992431640625 0.318939208984375 -0.26837158203125 0.26837158203125
-0.512176513671875 0.279815673828125 -0.247879028320313 0.1875
-0.333343505859375 0.222747802734375 -0.516326904296875 0.024810791015625
-0.261566162109375 0.159515380859375 -0.122344970703125 0.1761474609375
-0.319671630859375 0.11102294921875 0.155044555664063 -0.0458831787109375
-0.312652587890625 0.237030029296875 0.147918701171875 -0.2569580078125
-0.27532958984375 0.38165283203125 0.01715087890625 -0.419891357421875
0.00659179687499996 0.53466796875 -0.165985107421875 -0.4598388671875
0.206207275390625 0.48834228515625 -0.37939453125 -0.409423828125
0.18841552734375 0.450042724609375 -0.38385009765625 -0.349334716796875
0.2430419921875 0.464019775390625 -0.278778076171875 -0.281707763671875
0.082122802734375 0.42572021484375 -0.105575561523437 -0.2337646484375
-0.094207763671875 0.368560791015625 -0.0218734741210938 -0.0619735717773437
-0.129241943359375 0.228439331054687 -0.046234130859375 0.142044067382813
-0.16827392578125 0.140762329101563 -0.23724365234375 0.269989013671875
-0.182235717773437 0.238632202148438 -0.390838623046875 0.295074462890625
-0.344970703125 0.25323486328125 -0.4256591796875 0.236724853515625
-0.0731964111328125 0.148956298828125 -0.6337890625 0.0515747070312499
-0.0592498779296875 0.071380615234375 -0.254348754882812 0.180404663085938
-0.115798950195313 -0.011962890625 0.0798416137695312 -0.00921630859375
-0.172714233398438 0.0694732666015625 0.12164306640625 -0.233810424804688
-0.172698974609375 0.175506591796875 0.036712646484375 -0.45294189453125
-0.022918701171875 0.3001708984375 -0.2130126953125 -0.56976318359375
0.0753936767578125 0.2763671875 -0.49151611328125 -0.519195556640625
0.067291259765625 0.252487182617188 -0.48175048828125 -0.434814453125
0.08050537109375 0.275177001953125 -0.34735107421875 -0.37872314453125
-0.0217437744140625 0.225494384765625 -0.11651611328125 -0.30377197265625
-0.114593505859375 0.141372680664063 0.00569915771484375 -0.0650367736816406
-0.0736618041992188 0.0275421142578125 -0.0723419189453125 0.167953491210938
0.00182342529296875 0.0232295989990234 -0.320037841796875 0.255889892578125
-0.00781249999999999 0.146469116210938 -0.481353759765625 0.270111083984375
-0.139984130859375 0.189804077148437 -0.5399169921875 0.2738037109375
-0.117050170898438 -0.095306396484375 0.52783203125 -0.3448486328125
-0.132438659667969 -0.019866943359375 0.53851318359375 -0.260650634765625
-0.126243591308594 0.0822067260742188 0.318572998046875 -0.2724609375
-0.0244522094726562 0.116859436035156 0.097686767578125 -0.233566284179688
0.0658035278320313 0.10186767578125 -0.0784988403320312 0.0441131591796875
0.101325988769531 -0.0087127685546875 0.09490966796875 0.321380615234375
0.0881195068359375 -0.041473388671875 0.422393798828125 0.42987060546875
0.0588417053222656 -0.0240364074707031 0.524749755859375 0.429840087890625
0.06005859375 -0.0464096069335938 0.53424072265625 0.503662109375
0.0657958984375 -0.00878143310546875 0.31402587890625 0.580322265625
0.0866928100585937 0.0381317138671875 0.079315185546875 0.445892333984375
0.0292892456054687 0.118705749511719 -0.0466766357421875 0.237655639648437
-0.09619140625 0.142807006835938 0.000891685485839837 0.0133695602416992
-0.17291259765625 0.08258056640625 0.264678955078125 -0.14080810546875
-0.12347412109375 -0.02294921875 0.6778564453125 -0.0196533203125
-0.33819580078125 0.0462951660156249 0.489593505859375 -0.321807861328125
-0.273330688476562 0.10809326171875 0.55120849609375 -0.188262939453125
-0.244491577148438 0.208984375 0.381134033203125 -0.234588623046875
-0.0954742431640625 0.257705688476563 0.153518676757813 -0.262603759765625
0.00344848632812503 0.281219482421875 -0.0921783447265625 -0.0125732421875
0.157821655273438 0.215133666992188 0.054656982421875 0.290191650390625
0.242080688476563 0.174591064453125 0.366455078125 0.409393310546875
0.200851440429688 0.200668334960938 0.469635009765625 0.385986328125
0.234649658203125 0.197784423828125 0.507659912109375 0.449615478515625
0.149993896484375 0.252334594726563 0.328399658203125 0.50714111328125
0.05865478515625 0.310516357421875 0.097381591796875 0.39166259765625
-0.072967529296875 0.340850830078125 -0.0211181640625 0.221282958984375
-0.310394287109375 0.27227783203125 0.00596809387207029 0.0323963165283203
-0.3870849609375 0.20440673828125 0.242446899414062 -0.101272583007812
-0.372161865234375 0.078369140625 0.6051025390625 -0.01519775390625
-0.532958984375 0.1771240234375 0.36834716796875 -0.262237548828125
-0.414215087890625 0.240478515625 0.517608642578125 -0.102783203125
-0.359405517578125 0.333709716796875 0.4169921875 -0.208709716796875
-0.172088623046875 0.386077880859375 0.19061279296875 -0.291839599609375
-0.0771484375 0.4378662109375 -0.0975265502929688 -0.08544921875
0.176849365234375 0.427459716796875 0.00712585449218752 0.209503173828125
0.35296630859375 0.379547119140625 0.25555419921875 0.3240966796875
0.313079833984375 0.398101806640625 0.34063720703125 0.285369873046875
0.3892822265625 0.40234375 0.405029296875 0.3355712890625
0.243804931640625 0.466766357421875 0.288665771484375 0.373748779296875
0.0676879882812501 0.542816162109375 0.093292236328125 0.299560546875
-0.121612548828125 0.53704833984375 -0.00141906738281253 0.198379516601563
-0.4527587890625 0.39874267578125 -0.0107879638671875 0.0784835815429688
-0.527374267578125 0.3236083984375 0.156463623046875 -0.0204925537109375
-0.555206298828125 0.177978515625 0.4415283203125 0.0125732421875
-0.6507568359375 0.275146484375 0.170928955078125 -0.177886962890625
-0.50677490234375 0.332275390625 0.42669677734375 -0.01031494140625
-0.45098876953125 0.41094970703125 0.411712646484375 -0.19329833984375
-0.2568359375 0.472930908203125 0.1998291015625 -0.32073974609375
-0.1685791015625 0.55560302734375 -0.0970458984375 -0.175033569335937
0.16424560546875 0.60101318359375 -0.0456390380859375 0.0777130126953125
0.41015625 0.540191650390625 0.104751586914063 0.177383422851563
0.376922607421875 0.53936767578125 0.158660888671875 0.138412475585938
0.484161376953125 0.54010009765625 0.237167358398438 0.187286376953125
0.31182861328125 0.59869384765625 0.192901611328125 0.207717895507813
0.0838623046875 0.68365478515625 0.0590362548828125 0.1881103515625
-0.12744140625 0.64276123046875 0.00381469726562497 0.171707153320313
-0.497222900390625 0.47064208984375 -0.04095458984375 0.144927978515625
-0.561065673828125 0.401092529296875 0.0313034057617187 0.0934219360351563
-0.64007568359375 0.25958251953125 0.221298217773437 0.066741943359375
-0.653564453125 0.31817626953125 -0.0751495361328126 -0.0818710327148437
-0.510498046875 0.34368896484375 0.273040771484375 0.0752716064453125
-0.492095947265625 0.3890380859375 0.35174560546875 -0.169830322265625
-0.333251953125 0.4814453125 0.180419921875 -0.33154296875
-0.2523193359375 0.60479736328125 -0.084503173828125 -0.273895263671875
0.12921142578125 0.6976318359375 -0.0998916625976562 -0.0986175537109375
0.4102783203125 0.62054443359375 -0.0717926025390625 -0.0139541625976562
0.380615234375 0.59710693359375 -0.0487480163574218 -0.03021240234375
0.49847412109375 0.593994140625 0.0369186401367188 0.0244483947753907
0.31280517578125 0.63134765625 0.0653266906738281 0.0367889404296875
0.0650024414062501 0.6968994140625 0.0105133056640625 0.0764617919921875
-0.1270751953125 0.6148681640625 -0.00183105468750002 0.149337768554688
-0.448944091796875 0.43927001953125 -0.080841064453125 0.21759033203125
-0.49188232421875 0.40753173828125 -0.109161376953125 0.214492797851563
-0.62060546875 0.30828857421875 -0.0211868286132813 0.137657165527344
-0.539825439453125 0.300811767578125 -0.320892333984375 0.00366210937500006
-0.422454833984375 0.27752685546875 0.0793914794921875 0.140235900878906
-0.455841064453125 0.282257080078125 0.253021240234375 -0.128189086914062
-0.359893798828125 0.406402587890625 0.15057373046875 -0.315765380859375
-0.286895751953125 0.557403564453125 -0.056854248046875 -0.36663818359375
0.0889892578124999 0.68084716796875 -0.151763916015625 -0.29296875
0.35552978515625 0.59747314453125 -0.2542724609375 -0.2147216796875
0.326904296875 0.561981201171875 -0.250030517578125 -0.1925048828125
0.42449951171875 0.559478759765625 -0.154983520507812 -0.132720947265625
0.2386474609375 0.56488037109375 -0.0497360229492187 -0.117195129394531
0.0040283203125 0.5809326171875 -0.0204963684082031 -0.0131950378417968
-0.1298828125 0.46075439453125 -0.01165771484375 0.140945434570313
-0.329864501953125 0.31494140625 -0.136642456054687 0.275314331054688
-0.348236083984375 0.347015380859375 -0.247833251953125 0.30535888671875
-0.51092529296875 0.3135986328125 -0.24566650390625 0.211837768554688
-0.330352783203125 0.237060546875 -0.5211181640625 0.06390380859375
-0.262359619140625 0.174346923828125 -0.108734130859375 0.176681518554688
-0.328857421875 0.13897705078125 0.149002075195312 -0.0776824951171875
-0.3023681640625 0.26629638671875 0.12347412109375 -0.286376953125
-0.25054931640625 0.41375732421875 -0.02239990234375 -0.436920166015625
0.048919677734375 0.541015625 -0.20556640625 -0.4627685546875
0.24969482421875 0.473602294921875 -0.417816162109375 -0.383819580078125
0.226165771484375 0.439300537109375 -0.4166259765625 -0.320343017578125
0.281005859375 0.445465087890625 -0.29974365234375 -0.26666259765625
0.118743896484375 0.421356201171875 -0.11785888671875 -0.23565673828125
-0.064971923828125 0.3822021484375 -0.0174484252929688 -0.0646743774414062
-0.116806030273438 0.246063232421875 -0.0248565673828125 0.151153564453125
-0.170166015625 0.157485961914063 -0.210784912109375 0.302276611328125
-0.173477172851563 0.251846313476563 -0.37060546875 0.34185791015625
-0.340301513671875 0.2740478515625 -0.4237060546875 0.27362060546875
-0.0679168701171875 0.145767211914063 -0.638671875 0.0985107421874999
-0.059722900390625 0.0736770629882813 -0.242111206054688 0.18988037109375
-0.125221252441406 -0.00115966796875 0.0746078491210937 -0.0361175537109375
-0.171340942382813 0.0864410400390625 0.0980072021484375 -0.26226806640625
-0.160690307617188 0.195159912109375 -0.00506591796875004 -0.47265625
0.00268554687499998 0.3040771484375 -0.263427734375 -0.56976318359375
0.100509643554687 0.271026611328125 -0.539306640625 -0.485076904296875
0.0884246826171875 0.249542236328125 -0.520172119140625 -0.397491455078125
0.10223388671875 0.26934814453125 -0.375732421875 -0.3607177734375
-0.00163269042968752 0.228179931640625 -0.134185791015625 -0.304840087890625
-0.10357666015625 0.15472412109375 0.01019287109375 -0.0709686279296875
-0.07476806640625 0.0378570556640625 -0.04925537109375 0.176040649414063
-0.00474357604980469 0.0237026214599609 -0.296112060546875 0.292694091796875
-0.00390625000000001 0.143417358398438 -0.46441650390625 0.32177734375
-0.132904052734375 0.19610595703125 -0.536224365234375 0.31842041015625
-0.125808715820313 -0.0811996459960938 0.501861572265625 -0.383636474609375
-0.127479553222656 -0.0107879638671875 0.504058837890625 -0.311126708984375
-0.114364624023438 0.0894546508789062 0.282470703125 -0.29571533203125
-0.0155105590820313 0.115058898925781 0.0673370361328125 -0.238037109375
0.0719528198242188 0.0927810668945313 -0.08251953125 0.054656982421875
0.0957717895507813 -0.0178680419921875 0.10858154296875 0.31494140625
0.0801544189453125 -0.0462188720703125 0.443634033203125 0.390716552734375
0.0539627075195313 -0.0266075134277344 0.547119140625 0.3797607421875
0.053985595703125 -0.0487937927246094 0.56536865234375 0.45208740234375
0.0626716613769531 -0.0127525329589844 0.359161376953125 0.548431396484375
0.0854263305664063 0.030303955078125 0.1181640625 0.4385986328125
0.0364837646484375 0.114967346191406 -0.0178985595703125 0.250473022460938
-0.0812225341796875 0.147552490234375 0.00853919982910156 0.0306930541992188
-0.157791137695313 0.0962066650390625 0.253631591796875 -0.14593505859375
-0.1229248046875 -0.0115737915039062 0.66766357421875 -0.06634521484375
-0.337249755859375 0.0733032226562501 0.46539306640625 -0.35699462890625
-0.261138916015625 0.124160766601562 0.524505615234375 -0.242034912109375
-0.224777221679687 0.225906372070313 0.346160888671875 -0.26287841796875
-0.075164794921875 0.25933837890625 0.119964599609375 -0.269866943359375
0.024871826171875 0.27581787109375 -0.10040283203125 0.000259399414062535
0.168212890625 0.196548461914062 0.0682373046875 0.28460693359375
0.247085571289063 0.151260375976563 0.386993408203125 0.373321533203125
0.210662841796875 0.18218994140625 0.487457275390625 0.341064453125
0.244033813476563 0.175491333007813 0.535247802734375 0.40020751953125
0.16448974609375 0.237091064453125 0.366668701171875 0.47381591796875
0.07879638671875 0.299896240234375 0.13275146484375 0.38189697265625
-0.0498046875 0.34222412109375 0.00724792480468748 0.232498168945313
-0.285888671875 0.293670654296875 0.0187034606933594 0.0492477416992188
-0.36102294921875 0.231231689453125 0.2369384765625 -0.105606079101563
-0.365325927734375 0.104644775390625 0.59521484375 -0.056640625
-0.522918701171875 0.2137451171875 0.350494384765625 -0.287078857421875
-0.39410400390625 0.264007568359375 0.4986572265625 -0.15374755859375
-0.333587646484375 0.36041259765625 0.382354736328125 -0.241302490234375
-0.14361572265625 0.39166259765625 0.153717041015625 -0.302490234375
-0.042938232421875 0.4383544921875 -0.111518859863281 -0.072113037109375
0.203399658203125 0.40484619140625 0.016693115234375 0.206375122070313
0.373260498046875 0.34246826171875 0.273040771484375 0.298248291015625
0.336456298828125 0.368896484375 0.35223388671875 0.25244140625
0.41058349609375 0.363250732421875 0.4246826171875 0.295013427734375
0.275726318359375 0.43914794921875 0.318145751953125 0.342803955078125
0.106719970703125 0.52923583984375 0.122772216796875 0.289886474609375
-0.08160400390625 0.538787841796875 0.026702880859375 0.206497192382813
-0.4193115234375 0.43133544921875 0.00827026367187498 0.0954971313476563
-0.492431640625 0.357391357421875 0.159744262695313 -0.02044677734375
-0.5438232421875 0.21539306640625 0.435943603515625 -0.016265869140625
-0.63446044921875 0.31585693359375 0.16143798828125 -0.187240600585937
-0.4832763671875 0.360931396484375 0.41796875 -0.055206298828125
-0.422637939453125 0.44415283203125 0.378936767578125 -0.228302001953125
-0.22283935546875 0.48663330078125 0.16009521484375 -0.333465576171875
-0.1265869140625 0.56512451171875 -0.118438720703125 -0.161880493164062
0.2041015625 0.57647705078125 -0.04443359375 0.0770111083984375
0.44244384765625 0.493560791015625 0.112777709960938 0.163330078125
0.40997314453125 0.501678466796875 0.16253662109375 0.122833251953125
0.516326904296875 0.488861083984375 0.249404907226562 0.161178588867188
0.352294921875 0.561370849609375 0.21063232421875 0.184494018554688
0.134521484375 0.66485595703125 0.0807037353515625 0.180160522460938
-0.07855224609375 0.64422607421875 0.0309600830078125 0.177658081054688
-0.459716796875 0.50567626953125 -0.0144500732421875 0.16156005859375
-0.52435302734375 0.437255859375 0.0459365844726562 0.100212097167969
-0.62457275390625 0.30126953125 0.22052001953125 0.0540008544921875
-0.63629150390625 0.353515625 -0.075469970703125 -0.073577880859375
-0.4892578125 0.37060546875 0.2742919921875 0.0425567626953125
-0.4671630859375 0.427154541015625 0.323211669921875 -0.20343017578125
-0.295806884765625 0.502288818359375 0.141815185546875 -0.345611572265625
-0.203369140625 0.62164306640625 -0.113906860351563 -0.263046264648437
0.179443359375 0.67425537109375 -0.1103515625 -0.0951538085937499
0.4515380859375 0.5721435546875 -0.0751724243164062 -0.010528564453125
0.418243408203125 0.557037353515625 -0.0539131164550781 -0.0250320434570312
0.533905029296875 0.54119873046875 0.0406417846679688 0.0162544250488282
0.35504150390625 0.5928955078125 0.072357177734375 0.0247039794921875
0.11785888671875 0.67889404296875 0.0241546630859375 0.0721588134765626
-0.08056640625 0.616943359375 0.023529052734375 0.153366088867188
-0.41448974609375 0.47210693359375 -0.0484313964843751 0.23260498046875
-0.456268310546875 0.43798828125 -0.084259033203125 0.22894287109375
-0.60107421875 0.348876953125 -0.014495849609375 0.141769409179688
-0.522735595703125 0.327362060546875 -0.312286376953125 0.028411865234375
-0.407501220703125 0.2987060546875 0.0895156860351562 0.122085571289063
-0.44091796875 0.3189697265625 0.22943115234375 -0.1573486328125
-0.3284912109375 0.430511474609375 0.11444091796875 -0.33062744140625
-0.24127197265625 0.57696533203125 -0.09326171875 -0.35968017578125
0.13922119140625 0.6602783203125 -0.177398681640625 -0.2841796875
0.39654541015625 0.552703857421875 -0.269607543945313 -0.192718505859375
0.364471435546875 0.525848388671875 -0.263015747070313 -0.167617797851562
0.4578857421875 0.511962890625 -0.159652709960938 -0.124038696289062
0.2779541015625 0.53216552734375 -0.0533981323242187 -0.118354797363281
0.05078125 0.57159423828125 -0.013615608215332 -0.0152263641357422
-0.0942993164062501 0.467987060546875 0.0118255615234375 0.142471313476563
-0.307769775390625 0.340240478515625 -0.10064697265625 0.291900634765625
-0.32159423828125 0.366851806640625 -0.21429443359375 0.3287353515625
-0.491851806640625 0.344146728515625 -0.232559204101563 0.231094360351563
-0.320281982421875 0.2479248046875 -0.50689697265625 0.10137939453125
-0.254669189453125 0.18609619140625 -0.09259033203125 0.172088623046875
-0.3233642578125 0.166534423828125 0.13140869140625 -0.101081848144531
-0.28125 0.28924560546875 0.08966064453125 -0.301849365234375
-0.215972900390625 0.431976318359375 -0.065277099609375 -0.433990478515625
0.091064453125 0.5262451171875 -0.2430419921875 -0.448394775390625
0.2828369140625 0.44097900390625 -0.442657470703125 -0.345001220703125
0.254669189453125 0.414764404296875 -0.434600830078125 -0.281494140625
0.310089111328125 0.412689208984375 -0.31170654296875 -0.244232177734375
0.150299072265625 0.401275634765625 -0.129486083984375 -0.229537963867187
-0.03240966796875 0.3819580078125 -0.0146255493164063 -0.0672607421875
-0.09716796875 0.254684448242188 -0.00199890136718751 0.1513671875
-0.162078857421875 0.172164916992188 -0.17242431640625 0.322265625
-0.158309936523437 0.25799560546875 -0.3331298828125 0.374481201171875
-0.32476806640625 0.291778564453125 -0.403594970703125 0.307220458984375
-0.06341552734375 0.140625 -0.62060546875 0.14276123046875
-0.0574951171875 0.0748443603515625 -0.22467041015625 0.194671630859375
-0.128730773925781 0.01165771484375 0.060089111328125 -0.0564804077148438
-0.162521362304688 0.10101318359375 0.06646728515625 -0.276504516601563
-0.142654418945313 0.20782470703125 -0.050567626953125 -0.472015380859375
0.027313232421875 0.298065185546875 -0.309478759765625 -0.5458984375
0.121627807617187 0.25555419921875 -0.57012939453125 -0.43212890625
0.106109619140625 0.238067626953125 -0.5394287109375 -0.34710693359375
0.12066650390625 0.254348754882813 -0.394287109375 -0.32794189453125
0.0185394287109375 0.221588134765625 -0.1512451171875 -0.295928955078125
-0.0869293212890625 0.161697387695313 0.0115814208984375 -0.0758590698242187
-0.0716934204101563 0.0464096069335937 -0.025543212890625 0.176239013671875
-0.0100727081298828 0.0252361297607422 -0.2589111328125 0.31768798828125
0.000755310058593758 0.137351989746094 -0.427154541015625 0.36248779296875
-0.122772216796875 0.19818115234375 -0.511016845703125 0.3572998046875
-0.127471923828125 -0.0665283203125 0.472686767578125 -0.40020751953125
-0.121116638183594 -0.00592041015625003 0.466644287109375 -0.336578369140625
-0.103218078613281 0.0916290283203125 0.2491455078125 -0.302001953125
-0.00894927978515626 0.111503601074219 0.0435333251953125 -0.23333740234375
0.07464599609375 0.0846099853515625 -0.0832061767578125 0.0634536743164062
0.0890350341796875 -0.0230941772460938 0.115997314453125 0.306060791015625
0.0725173950195313 -0.0477752685546875 0.447021484375 0.355743408203125
0.0499420166015625 -0.0269927978515625 0.5467529296875 0.3365478515625
0.0486259460449219 -0.0493659973144531 0.5733642578125 0.406494140625
0.0592155456542969 -0.0150222778320313 0.380279541015625 0.513153076171875
0.0819473266601563 0.024200439453125 0.144134521484375 0.424102783203125
0.040283203125 0.110481262207031 0.005767822265625 0.253036499023438
-0.0691680908203125 0.1466064453125 0.0179824829101562 0.0422210693359375
-0.142364501953125 0.101516723632812 0.2421875 -0.144729614257813
-0.119773864746094 -0.00394439697265626 0.64508056640625 -0.0960693359375
-0.32891845703125 0.0913696289062499 0.438751220703125 -0.37103271484375
-0.246994018554688 0.133026123046875 0.487762451171875 -0.2724609375
-0.205520629882812 0.232177734375 0.3111572265625 -0.274169921875
-0.060882568359375 0.254562377929688 0.092498779296875 -0.26556396484375
0.0380859375 0.265945434570313 -0.103469848632812 0.0121002197265625
0.16912841796875 0.180099487304688 0.0753326416015625 0.27685546875
0.2435302734375 0.13275146484375 0.392181396484375 0.340606689453125
0.2115478515625 0.167755126953125 0.48541259765625 0.302734375
0.243576049804687 0.156387329101562 0.5400390625 0.3560791015625
0.169845581054688 0.221221923828125 0.3834228515625 0.43804931640625
0.0887451171875 0.28607177734375 0.153411865234375 0.365875244140625
-0.032867431640625 0.335968017578125 0.0306549072265625 0.23345947265625
-0.26220703125 0.299560546875 0.0322608947753906 0.0591468811035156
-0.3343505859375 0.24212646484375 0.230255126953125 -0.105911254882812
-0.35308837890625 0.120513916015625 0.57415771484375 -0.08203125
-0.506500244140625 0.235870361328125 0.33184814453125 -0.29705810546875
-0.372589111328125 0.27545166015625 0.4691162109375 -0.1868896484375
-0.305877685546875 0.371795654296875 0.34588623046875 -0.25592041015625
-0.1214599609375 0.38775634765625 0.122467041015625 -0.299468994140625
-0.019989013671875 0.43109130859375 -0.118621826171875 -0.0571517944335937
0.213836669921875 0.378387451171875 0.021270751953125 0.200714111328125
0.375152587890625 0.308563232421875 0.274810791015625 0.2720947265625
0.342376708984375 0.34112548828125 0.35015869140625 0.22381591796875
0.41339111328125 0.32763671875 0.4276123046875 0.259857177734375
0.286376953125 0.40960693359375 0.32958984375 0.312042236328125
0.129058837890625 0.505462646484375 0.139205932617187 0.27593994140625
-0.054840087890625 0.52838134765625 0.0496826171875 0.206222534179688
-0.386505126953125 0.441650390625 0.026611328125 0.1031494140625
-0.456787109375 0.371856689453125 0.161407470703125 -0.0206756591796875
-0.525238037109375 0.236907958984375 0.4219970703125 -0.03350830078125
-0.6129150390625 0.33685302734375 0.15203857421875 -0.189620971679687
-0.458648681640625 0.37158203125 0.397430419921875 -0.084381103515625
-0.39312744140625 0.45953369140625 0.3433837890625 -0.243560791015625
-0.19610595703125 0.483856201171875 0.127288818359375 -0.331329345703125
-0.09332275390625 0.560546875 -0.130661010742187 -0.145675659179688
0.2255859375 0.546051025390625 -0.0450973510742187 0.07586669921875
0.45013427734375 0.45123291015625 0.11376953125 0.150527954101563
0.421051025390625 0.46514892578125 0.159454345703125 0.110702514648438
0.52313232421875 0.4437255859375 0.250534057617188 0.138351440429688
0.366302490234375 0.523681640625 0.21612548828125 0.163055419921875
0.16375732421875 0.6351318359375 0.0932464599609375 0.16925048828125
-0.04541015625 0.63189697265625 0.052825927734375 0.176010131835938
-0.4234619140625 0.51983642578125 0.00979614257812499 0.16650390625
-0.484588623046875 0.449310302734375 0.0574111938476562 0.10125732421875
-0.601318359375 0.32550048828125 0.215316772460937 0.0447845458984375
-0.61383056640625 0.37152099609375 -0.0734176635742188 -0.06719970703125
-0.465667724609375 0.381866455078125 0.26495361328125 0.0182647705078125
-0.439361572265625 0.44647216796875 0.29150390625 -0.218353271484375
-0.267669677734375 0.50457763671875 0.1090087890625 -0.344757080078125
-0.16644287109375 0.620849609375 -0.132354736328125 -0.246734619140625
0.2078857421875 0.64141845703125 -0.118400573730469 -0.0903625488281249
0.464813232421875 0.524932861328125 -0.077728271484375 -0.00741577148437498
0.433013916015625 0.5186767578125 -0.0569572448730468 -0.0208892822265625
0.541259765625 0.491943359375 0.0417900085449219 0.00779724121093753
0.371856689453125 0.5518798828125 0.0734405517578125 0.0136642456054688
0.15020751953125 0.64990234375 0.0328636169433594 0.0665054321289063
-0.0473022460937501 0.60565185546875 0.043731689453125 0.150177001953125
-0.382171630859375 0.48577880859375 -0.0196380615234375 0.236068725585938
-0.4229736328125 0.446868896484375 -0.0621795654296875 0.233184814453125
-0.57733154296875 0.36846923828125 -0.00984191894531252 0.142257690429688
-0.50482177734375 0.338043212890625 -0.29986572265625 0.04364013671875
-0.390228271484375 0.306976318359375 0.09130859375 0.105438232421875
-0.42138671875 0.338470458984375 0.203338623046875 -0.171401977539063
-0.301239013671875 0.43798828125 0.0830078125 -0.331695556640625
-0.20343017578125 0.58001708984375 -0.1177978515625 -0.344268798828125
0.16986083984375 0.63153076171875 -0.193557739257813 -0.272415161132812
0.411346435546875 0.510467529296875 -0.27471923828125 -0.172607421875
0.37945556640625 0.49114990234375 -0.26531982421875 -0.146316528320312
0.467926025390625 0.46746826171875 -0.159881591796875 -0.11663818359375
0.295989990234375 0.49615478515625 -0.0551223754882813 -0.119224548339844
0.0806884765625001 0.5499267578125 -0.00920677185058594 -0.01727294921875
-0.0679931640625 0.460479736328125 0.0308151245117188 0.139030456542969
-0.28662109375 0.3515625 -0.068145751953125 0.29400634765625
-0.296295166015625 0.3712158203125 -0.184051513671875 0.336944580078125
-0.471771240234375 0.35821533203125 -0.217788696289063 0.240203857421875
-0.3092041015625 0.25103759765625 -0.486541748046875 0.123748779296875
-0.246322631835938 0.191131591796875 -0.082366943359375 0.163177490234375
-0.311981201171875 0.183563232421875 0.110572814941406 -0.11395263671875
-0.259765625 0.2977294921875 0.060943603515625 -0.302825927734375
-0.185302734375 0.436004638671875 -0.094940185546875 -0.41986083984375
0.117340087890625 0.504180908203125 -0.2669677734375 -0.4287109375
0.296905517578125 0.40557861328125 -0.449615478515625 -0.30914306640625
0.26953125 0.388885498046875 -0.434539794921875 -0.246826171875
0.3193359375 0.378814697265625 -0.313232421875 -0.224639892578125
0.165313720703125 0.376617431640625 -0.1358642578125 -0.222457885742187
-0.00878906249999997 0.371246337890625 -0.0131072998046875 -0.0680656433105468
-0.0815277099609375 0.255599975585938 0.0156402587890625 0.146560668945313
-0.153854370117188 0.179550170898437 -0.138336181640625 0.3265380859375
-0.145095825195313 0.256362915039062 -0.29705810546875 0.38629150390625
-0.308349609375 0.298980712890625 -0.38092041015625 0.321441650390625
-0.0617294311523438 0.133506774902344 -0.59576416015625 0.16778564453125
-0.0561447143554688 0.07391357421875 -0.209243774414063 0.191848754882813
-0.128807067871094 0.0208969116210938 0.0441741943359375 -0.0683135986328125
-0.152450561523438 0.108505249023437 0.0396575927734375 -0.27825927734375
-0.125625610351563 0.212203979492187 -0.082183837890625 -0.4581298828125
0.0435791015625 0.286346435546875 -0.336456298828125 -0.517822265625
0.132415771484375 0.2366943359375 -0.57525634765625 -0.38604736328125
0.115570068359375 0.224884033203125 -0.538665771484375 -0.305419921875
0.129913330078125 0.238632202148438 -0.39599609375 -0.301361083984375
0.0300140380859375 0.210189819335937 -0.15924072265625 -0.285369873046875
-0.073486328125 0.161468505859375 0.0116729736328125 -0.07867431640625
-0.0678253173828125 0.0518074035644531 -0.00796508789062501 0.170120239257812
-0.013824462890625 0.0269279479980469 -0.223175048828125 0.3253173828125
0.00127410888671874 0.131378173828125 -0.3890380859375 0.37921142578125
-0.115203857421875 0.19622802734375 -0.481475830078125 0.37677001953125
-0.126197814941406 -0.0573501586914063 0.4549560546875 -0.405364990234375
-0.115776062011719 -0.003875732421875 0.438568115234375 -0.3489990234375
-0.0955047607421875 0.090240478515625 0.226715087890625 -0.301055908203125
-0.00576019287109376 0.108139038085938 0.027862548828125 -0.225631713867188
0.0753555297851563 0.0796051025390625 -0.084442138671875 0.070159912109375
0.08367919921875 -0.024871826171875 0.11651611328125 0.30218505859375
0.0666847229003906 -0.0472755432128906 0.44354248046875 0.333526611328125
0.0475807189941406 -0.0257072448730469 0.53643798828125 0.3128662109375
0.0459709167480469 -0.0482521057128906 0.56951904296875 0.3800048828125
0.0558624267578125 -0.0149879455566406 0.38885498046875 0.49066162109375
0.0780105590820312 0.022186279296875 0.1563720703125 0.41259765625
0.0413894653320313 0.107505798339844 0.02178955078125 0.252944946289063
-0.0607147216796875 0.143600463867188 0.0267295837402344 0.0505447387695313
-0.130691528320313 0.101417541503906 0.236419677734375 -0.140335083007813
-0.117446899414062 -1.52587890624773E-05 0.62774658203125 -0.10748291015625
-0.32196044921875 0.10211181640625 0.423492431640625 -0.37677001953125
-0.23809814453125 0.135391235351563 0.461456298828125 -0.286834716796875
-0.19256591796875 0.232925415039062 0.2872314453125 -0.274932861328125
-0.05291748046875 0.248886108398437 0.0741424560546875 -0.259124755859375
0.044921875 0.258621215820313 -0.105659484863281 0.0213165283203125
0.166244506835938 0.169937133789063 0.07525634765625 0.273056030273438
0.23712158203125 0.123184204101563 0.38726806640625 0.321441650390625
0.209640502929688 0.160232543945313 0.47705078125 0.282135009765625
0.240402221679688 0.145767211914063 0.536224365234375 0.330108642578125
0.168304443359375 0.211669921875 0.38983154296875 0.416473388671875
0.0912017822265625 0.27630615234375 0.16461181640625 0.35595703125
-0.0247802734375 0.329925537109375 0.0472412109375 0.23272705078125
-0.248046875 0.298675537109375 0.0434722900390625 0.0654067993164063
-0.315338134765625 0.241790771484375 0.227890014648437 -0.103256225585937
-0.346405029296875 0.127655029296875 0.560302734375 -0.0916748046875
-0.496307373046875 0.2459716796875 0.320343017578125 -0.300689697265625
-0.36090087890625 0.277374267578125 0.446624755859375 -0.20233154296875
-0.289794921875 0.37371826171875 0.321197509765625 -0.257659912109375
-0.109710693359375 0.3819580078125 0.10260009765625 -0.292999267578125
-0.00704956054687495 0.423492431640625 -0.122428894042969 -0.0459442138671875
0.214813232421875 0.362762451171875 0.02032470703125 0.197891235351563
0.368927001953125 0.289886474609375 0.272003173828125 0.256027221679687
0.34234619140625 0.324676513671875 0.3416748046875 0.20953369140625
0.409210205078125 0.306732177734375 0.423980712890625 0.238189697265625
0.28515625 0.3902587890625 0.330718994140625 0.29388427734375
0.1356201171875 0.488525390625 0.147735595703125 0.266387939453125
-0.042327880859375 0.520050048828125 0.065704345703125 0.204010009765625
-0.36700439453125 0.444061279296875 0.042205810546875 0.106697082519531
-0.4337158203125 0.371246337890625 0.164352416992187 -0.019866943359375
-0.51416015625 0.247344970703125 0.41192626953125 -0.040771484375
-0.60040283203125 0.34661865234375 0.147354125976562 -0.190048217773437
-0.445648193359375 0.37322998046875 0.3802490234375 -0.101104736328125
-0.3768310546875 0.4647216796875 0.31884765625 -0.246063232421875
-0.180572509765625 0.480560302734375 0.1051025390625 -0.325469970703125
-0.075958251953125 0.55426025390625 -0.137397766113281 -0.133262634277344
0.2318115234375 0.525115966796875 -0.0477752685546875 0.0758438110351563
0.447540283203125 0.424072265625 0.110397338867188 0.14300537109375
0.42138671875 0.44573974609375 0.153762817382813 0.104446411132813
0.5179443359375 0.41558837890625 0.248092651367188 0.123992919921875
0.366485595703125 0.49835205078125 0.21673583984375 0.148880004882813
0.174072265625 0.6141357421875 0.099945068359375 0.162246704101563
-0.02984619140625 0.6207275390625 0.0687408447265625 0.172561645507813
-0.401885986328125 0.52215576171875 0.0280303955078125 0.166748046875
-0.4610595703125 0.448516845703125 0.0660171508789062 0.10107421875
-0.58984375 0.33526611328125 0.210708618164062 0.04132080078125
-0.60211181640625 0.378173828125 -0.0707931518554688 -0.0630722045898437
-0.454193115234375 0.38311767578125 0.254684448242187 0.00434875488281252
-0.424896240234375 0.453826904296875 0.267578125 -0.221908569335938
-0.250579833984375 0.503570556640625 0.088134765625 -0.3397216796875
-0.14422607421875 0.61749267578125 -0.143142700195312 -0.233749389648438
0.21759033203125 0.61785888671875 -0.124320983886719 -0.0868911743164062
0.463836669921875 0.4947509765625 -0.0801925659179687 -0.00565338134765622
0.436309814453125 0.496063232421875 -0.0592460632324219 -0.016876220703125
0.53851318359375 0.4605712890625 0.0401420593261719 0.00140380859375003
0.373321533203125 0.52313232421875 0.072723388671875 0.00547027587890628
0.16302490234375 0.6285400390625 0.0379753112792969 0.0624580383300782
-0.03155517578125 0.59521484375 0.0581817626953125 0.1463623046875
-0.3634033203125 0.48944091796875 0.000885009765624988 0.234054565429688
-0.40509033203125 0.44512939453125 -0.04718017578125 0.23236083984375
-0.565185546875 0.37615966796875 -0.00857543945312504 0.142349243164063
-0.497161865234375 0.339691162109375 -0.290435791015625 0.05059814453125
-0.383148193359375 0.30804443359375 0.0886077880859375 0.0943984985351563
-0.4083251953125 0.3492431640625 0.182632446289063 -0.175338745117188
-0.284912109375 0.438751220703125 0.063323974609375 -0.327911376953125
-0.18182373046875 0.57843017578125 -0.131683349609375 -0.331787109375
0.1826171875 0.6107177734375 -0.203292846679687 -0.262954711914062
0.4136962890625 0.481689453125 -0.275711059570313 -0.160049438476563
0.382781982421875 0.470245361328125 -0.264663696289063 -0.133209228515625
0.466766357421875 0.440521240234375 -0.158843994140625 -0.114730834960938
0.297332763671875 0.47161865234375 -0.0566482543945312 -0.12127685546875
0.092987060546875 0.533721923828125 -0.00567817687988281 -0.019021987915039
-0.05450439453125 0.454803466796875 0.0432205200195312 0.134483337402344
-0.273162841796875 0.3553466796875 -0.04595947265625 0.29083251953125
-0.2833251953125 0.36712646484375 -0.163909912109375 0.33642578125
-0.460723876953125 0.363433837890625 -0.209793090820313 0.243576049804688
-0.305633544921875 0.24871826171875 -0.47186279296875 0.133209228515625
-0.242568969726563 0.191207885742188 -0.0784759521484375 0.15484619140625
-0.305938720703125 0.19342041015625 0.0937347412109375 -0.118476867675781
-0.2469482421875 0.2999267578125 0.04168701171875 -0.3009033203125
-0.166961669921875 0.435333251953125 -0.1114501953125 -0.408111572265625
0.1270751953125 0.48675537109375 -0.279052734375 -0.413818359375
0.299591064453125 0.38397216796875 -0.44964599609375 -0.28668212890625
0.2724609375 0.3712158203125 -0.430755615234375 -0.22576904296875
0.320068359375 0.358123779296875 -0.310302734375 -0.214752197265625
0.169097900390625 0.3585205078125 -0.137313842773437 -0.219940185546875
0.00292968750000003 0.361053466796875 -0.010284423828125 -0.0694084167480469
-0.0723114013671875 0.2532958984375 0.0275115966796875 0.14093017578125
-0.149490356445313 0.183761596679688 -0.115081787109375 0.323699951171875
-0.139892578125 0.251785278320313 -0.2725830078125 0.38751220703125
-0.301513671875 0.300384521484375 -0.366607666015625 0.325836181640625
-0.0645904541015625 0.12725830078125 -0.57891845703125 0.1790771484375
-0.0570449829101563 0.0725173950195313 -0.202117919921875 0.185836791992188
-0.128288269042969 0.0273971557617187 0.0295639038085937 -0.0732345581054688
-0.145599365234375 0.1131591796875 0.021514892578125 -0.27630615234375
-0.114715576171875 0.212539672851563 -0.1004638671875 -0.44677734375
0.0514068603515625 0.276382446289063 -0.346923828125 -0.498748779296875
0.134872436523438 0.224395751953125 -0.57183837890625 -0.35662841796875
0.118728637695312 0.215988159179688 -0.530181884765625 -0.28118896484375
0.132049560546875 0.227554321289063 -0.393585205078125 -0.287078857421875
0.03436279296875 0.201080322265625 -0.163101196289063 -0.279861450195313
-0.06549072265625 0.159210205078125 0.01300048828125 -0.08111572265625
-0.0643119812011719 0.0545654296875 0.003753662109375 0.163375854492188
-0.0169639587402344 0.0295429229736328 -0.199676513671875 0.32440185546875
-0.000740051269531252 0.126121520996094 -0.360992431640625 0.385162353515625
-0.111968994140625 0.193756103515625 -0.4642333984375 0.3822021484375
-0.126388549804688 -0.051727294921875 0.454254150390625 -0.41339111328125
-0.114204406738281 -0.00385284423828125 0.42633056640625 -0.35809326171875
-0.0927581787109375 0.0894546508789063 0.2154541015625 -0.302215576171875
-0.00458526611328125 0.106864929199219 0.0183258056640625 -0.223007202148437
0.076812744140625 0.0771484375 -0.0867385864257813 0.0766143798828125
0.0808792114257812 -0.02655029296875 0.11627197265625 0.306915283203125
0.0640525817871094 -0.0463066101074219 0.444305419921875 0.328338623046875
0.0470848083496094 -0.0242576599121094 0.5382080078125 0.30487060546875
0.0445632934570313 -0.0477828979492188 0.57427978515625 0.3720703125
0.0541839599609375 -0.014404296875 0.3980712890625 0.486358642578125
0.0756683349609375 0.0218734741210937 0.165557861328125 0.41326904296875
0.0428619384765625 0.108558654785156 0.034271240234375 0.256973266601563
-0.057403564453125 0.142440795898437 0.0347480773925781 0.0576820373535156
-0.124282836914063 0.101478576660156 0.238433837890625 -0.135940551757813
-0.117744445800781 0.00305175781249999 0.63018798828125 -0.11114501953125
-0.32293701171875 0.109832763671875 0.4228515625 -0.383209228515625
-0.23712158203125 0.13720703125 0.44873046875 -0.296478271484375
-0.188827514648438 0.235946655273437 0.275222778320313 -0.275497436523438
-0.05072021484375 0.248748779296875 0.06439208984375 -0.255996704101563
0.0493011474609375 0.257583618164062 -0.108894348144531 0.0287399291992188
0.164337158203125 0.167266845703125 0.074615478515625 0.276641845703125
0.234466552734375 0.1199951171875 0.386962890625 0.31585693359375
0.210845947265625 0.159332275390625 0.476287841796875 0.2757568359375
0.240036010742188 0.142608642578125 0.5406494140625 0.322265625
0.167572021484375 0.210494995117188 0.39599609375 0.411407470703125
0.0906219482421875 0.275192260742188 0.17236328125 0.35565185546875
-0.02239990234375 0.332305908203125 0.05975341796875 0.235397338867188
-0.24432373046875 0.30133056640625 0.0535430908203125 0.07073974609375
-0.30975341796875 0.2425537109375 0.231674194335937 -0.101181030273437
-0.348785400390625 0.1337890625 0.561248779296875 -0.093994140625
-0.499969482421875 0.25518798828125 0.320281982421875 -0.30718994140625
-0.361663818359375 0.281707763671875 0.4359130859375 -0.213592529296875
-0.286834716796875 0.380615234375 0.30889892578125 -0.258880615234375
-0.107177734375 0.383819580078125 0.09136962890625 -0.29058837890625
-0.00161743164062505 0.424835205078125 -0.126907348632813 -0.0382614135742187
0.2144775390625 0.35797119140625 0.01824951171875 0.201370239257813
0.367218017578125 0.283294677734375 0.270248413085937 0.252243041992187
0.344268798828125 0.32373046875 0.3404541015625 0.20587158203125
0.411224365234375 0.300567626953125 0.42626953125 0.230255126953125
0.285552978515625 0.388092041015625 0.334259033203125 0.286895751953125
0.1380615234375 0.48681640625 0.154876708984375 0.266159057617188
-0.036865234375 0.52239990234375 0.0791473388671875 0.205551147460938
-0.362579345703125 0.45037841796875 0.0543975830078125 0.1104736328125
-0.42779541015625 0.37237548828125 0.169448852539062 -0.0185394287109375
-0.5191650390625 0.254608154296875 0.4127197265625 -0.0435791015625
-0.60687255859375 0.356201171875 0.148178100585937 -0.192642211914062
-0.44793701171875 0.37841796875 0.372161865234375 -0.111083984375
-0.3748779296875 0.474639892578125 0.305633544921875 -0.2474365234375
-0.176727294921875 0.4844970703125 0.093353271484375 -0.3232421875
-0.066497802734375 0.56085205078125 -0.143783569335938 -0.125900268554687
0.2335205078125 0.52178955078125 -0.0515213012695312 0.078369140625
0.44744873046875 0.415557861328125 0.107696533203125 0.14178466796875
0.425933837890625 0.442291259765625 0.15118408203125 0.10467529296875
0.5205078125 0.407989501953125 0.248672485351563 0.11663818359375
0.367431640625 0.492706298828125 0.218246459960938 0.142730712890625
0.177734375 0.61114501953125 0.10491943359375 0.161956787109375
-0.023681640625 0.6229248046875 0.082061767578125 0.1729736328125
-0.39739990234375 0.530548095703125 0.042572021484375 0.16845703125
-0.457275390625 0.450286865234375 0.0732345581054687 0.102256774902344
-0.596435546875 0.3458251953125 0.210464477539062 0.041290283203125
-0.611328125 0.38592529296875 -0.06927490234375 -0.0621147155761719
-0.45831298828125 0.387725830078125 0.249801635742187 -0.00381469726562498
-0.4246826171875 0.466827392578125 0.25579833984375 -0.222412109375
-0.246673583984375 0.509307861328125 0.07525634765625 -0.339111328125
-0.13507080078125 0.6256103515625 -0.151077270507813 -0.227798461914063
0.222900390625 0.61474609375 -0.13104248046875 -0.0855178833007812
0.465576171875 0.4857177734375 -0.0845489501953125 -0.00312042236328122
0.441986083984375 0.492034912109375 -0.0626640319824219 -0.0132942199707031
0.541290283203125 0.451416015625 0.0390243530273438 -0.0037879943847656
0.374481201171875 0.51812744140625 0.07220458984375 -9.91821289062183E-05
0.16815185546875 0.62408447265625 0.0423583984375 0.0611991882324219
-0.0240478515625 0.597900390625 0.070770263671875 0.1448974609375
-0.35968017578125 0.496856689453125 0.0157470703125 0.233612060546875
-0.39984130859375 0.4464111328125 -0.0391998291015625 0.234878540039063
-0.57244873046875 0.38861083984375 -0.00909423828125002 0.145233154296875
-0.50653076171875 0.34423828125 -0.289306640625 0.0551452636718751
-0.3883056640625 0.311676025390625 0.0859756469726562 0.088592529296875
-0.4093017578125 0.3609619140625 0.1710205078125 -0.176101684570313
-0.2806396484375 0.44561767578125 0.05029296875 -0.328460693359375
-0.17315673828125 0.58636474609375 -0.142547607421875 -0.327178955078125
0.18670654296875 0.60699462890625 -0.212371826171875 -0.261367797851562
0.415313720703125 0.46990966796875 -0.2813720703125 -0.153839111328125
0.389404296875 0.465911865234375 -0.26812744140625 -0.126678466796875
0.468017578125 0.4306640625 -0.161468505859375 -0.117721557617187
0.297821044921875 0.4644775390625 -0.0589447021484375 -0.126411437988281
0.10009765625 0.529693603515625 -0.00145339965820312 -0.0209083557128906
-0.047119140625 0.45758056640625 0.0541534423828125 0.132225036621094
-0.270965576171875 0.363250732421875 -0.031524658203125 0.290863037109375
-0.282928466796875 0.36846923828125 -0.154052734375 0.340087890625
-0.465606689453125 0.372222900390625 -0.21026611328125 0.248672485351563
-0.3134765625 0.248809814453125 -0.470184326171875 0.139923095703125
-0.24737548828125 0.193557739257812 -0.0794830322265625 0.150848388671875
-0.3074951171875 0.20257568359375 0.0823287963867188 -0.119674682617188
-0.243377685546875 0.305450439453125 0.02899169921875 -0.301605224609375
-0.160400390625 0.44122314453125 -0.1241455078125 -0.4053955078125
0.132049560546875 0.483245849609375 -0.2913818359375 -0.41131591796875
0.30120849609375 0.37554931640625 -0.45416259765625 -0.2779541015625
0.27728271484375 0.36767578125 -0.4322509765625 -0.2169189453125
0.322509765625 0.352386474609375 -0.31414794921875 -0.21551513671875
0.17034912109375 0.35107421875 -0.140914916992188 -0.223724365234375
0.00778198242187502 0.358001708984375 -0.00721740722656249 -0.0717620849609375
-0.0684661865234375 0.255691528320313 0.0371627807617187 0.138618469238281
-0.15032958984375 0.188751220703125 -0.100555419921875 0.323577880859375
-0.142257690429688 0.252273559570312 -0.26214599609375 0.393829345703125
-0.3048095703125 0.304443359375 -0.366058349609375 0.334320068359375
-0.0711135864257812 0.12493896484375 -0.57763671875 0.18603515625
-0.0597381591796875 0.0727691650390625 -0.202529907226562 0.18255615234375
-0.130020141601562 0.0325164794921875 0.0185928344726562 -0.0761489868164062
-0.143844604492188 0.116744995117187 0.00920104980468751 -0.277069091796875
-0.111114501953125 0.21661376953125 -0.112945556640625 -0.446075439453125
0.055572509765625 0.274444580078125 -0.3585205078125 -0.494659423828125
0.136749267578125 0.218765258789063 -0.57470703125 -0.3450927734375
0.12139892578125 0.214004516601563 -0.530975341796875 -0.271759033203125
0.133636474609375 0.224777221679688 -0.39910888671875 -0.285797119140625
0.03515625 0.197616577148437 -0.165771484375 -0.283203125
-0.061859130859375 0.159072875976562 0.015777587890625 -0.0851364135742187
-0.0628814697265625 0.05682373046875 0.0121612548828125 0.161087036132813
-0.0200061798095703 0.0323314666748047 -0.186370849609375 0.326324462890625
-0.0055694580078125 0.125450134277344 -0.352508544921875 0.39080810546875
-0.114349365234375 0.19415283203125 -0.4632568359375 0.39031982421875
-0.128791809082031 -0.0474395751953125 0.461578369140625 -0.4371337890625
-0.116119384765625 -0.0037841796875 0.422760009765625 -0.3807373046875
-0.092987060546875 0.092041015625 0.20751953125 -0.312713623046875
-0.00335693359375 0.108619689941406 0.00856018066406248 -0.22589111328125
0.0807037353515625 0.0769805908203125 -0.0895843505859375 0.084930419921875
0.0800704956054688 -0.0283584594726563 0.12347412109375 0.318603515625
0.0626602172851563 -0.046783447265625 0.46063232421875 0.327850341796875
0.0478897094726563 -0.0246238708496094 0.55548095703125 0.300048828125
0.0446205139160156 -0.0499839782714844 0.59814453125 0.369140625
0.054290771484375 -0.014373779296875 0.42108154296875 0.4923095703125
0.0757980346679688 0.0223846435546875 0.18255615234375 0.423431396484375
0.0459747314453125 0.111213684082031 0.0484466552734375 0.2655029296875
-0.054962158203125 0.145355224609375 0.0440216064453125 0.0647811889648438
-0.122276306152344 0.103721618652344 0.245468139648438 -0.13946533203125
-0.121063232421875 0.00742340087890623 0.64642333984375 -0.12554931640625
-0.331390380859375 0.12310791015625 0.428985595703125 -0.405548095703125
-0.241180419921875 0.145217895507812 0.4454345703125 -0.31829833984375
-0.188674926757813 0.246429443359375 0.269775390625 -0.285980224609375
-0.04736328125 0.255294799804688 0.05462646484375 -0.259994506835938
0.056640625 0.263687133789063 -0.113136291503906 0.0375442504882813
0.16851806640625 0.167724609375 0.07904052734375 0.287994384765625
0.238571166992188 0.118972778320313 0.3995361328125 0.317138671875
0.219497680664063 0.160888671875 0.49078369140625 0.272979736328125
0.247848510742188 0.141647338867188 0.56231689453125 0.319580078125
0.173797607421875 0.213882446289063 0.415008544921875 0.414642333984375
0.09515380859375 0.281768798828125 0.187713623046875 0.364959716796875
-0.01776123046875 0.3421630859375 0.075592041015625 0.242431640625
-0.24505615234375 0.314208984375 0.0649795532226562 0.0767364501953125
-0.310577392578125 0.250732421875 0.240066528320313 -0.10467529296875
-0.359161376953125 0.14727783203125 0.57733154296875 -0.10662841796875
-0.51324462890625 0.27557373046875 0.325714111328125 -0.323028564453125
-0.368621826171875 0.295989990234375 0.43359375 -0.233306884765625
-0.286651611328125 0.400054931640625 0.30364990234375 -0.26739501953125
-0.103790283203125 0.395233154296875 0.08160400390625 -0.295806884765625
0.00976562499999997 0.43841552734375 -0.133110046386719 -0.0302963256835937
0.223541259765625 0.363250732421875 0.0194091796875 0.210479736328125
0.37786865234375 0.282928466796875 0.279403686523438 0.253707885742188
0.3602294921875 0.326751708984375 0.349853515625 0.206451416015625
0.425811767578125 0.301055908203125 0.44207763671875 0.225189208984375
0.296630859375 0.392852783203125 0.349334716796875 0.2877197265625
0.148651123046875 0.497467041015625 0.167465209960937 0.2716064453125
-0.0296630859375001 0.539642333984375 0.0962677001953125 0.210494995117188
-0.36651611328125 0.470550537109375 0.0681686401367187 0.114585876464844
-0.4315185546875 0.38543701171875 0.1783447265625 -0.020294189453125
-0.53485107421875 0.2763671875 0.424652099609375 -0.050140380859375
-0.626708984375 0.3814697265625 0.15093994140625 -0.201324462890625
-0.458709716796875 0.398590087890625 0.371917724609375 -0.125030517578125
-0.376617431640625 0.501678466796875 0.30059814453125 -0.254364013671875
-0.17333984375 0.50164794921875 0.081695556640625 -0.329986572265625
-0.055419921875 0.58172607421875 -0.153778076171875 -0.120529174804687
0.24761962890625 0.52947998046875 -0.055816650390625 0.0837783813476563
0.462646484375 0.41534423828125 0.10943603515625 0.145492553710938
0.44549560546875 0.446441650390625 0.153656005859375 0.107147216796875
0.539276123046875 0.405487060546875 0.256820678710938 0.11114501953125
0.3804931640625 0.4969482421875 0.225570678710938 0.138763427734375
0.1923828125 0.62408447265625 0.11553955078125 0.16424560546875
-0.01312255859375 0.642822265625 0.0983428955078125 0.173965454101563
-0.39892578125 0.556549072265625 0.0568695068359375 0.172317504882813
-0.46142578125 0.46923828125 0.0819549560546875 0.104873657226563
-0.6148681640625 0.37158203125 0.216690063476562 0.0400390625
-0.63128662109375 0.41143798828125 -0.0711441040039063 -0.0612106323242187
-0.47137451171875 0.4085693359375 0.251220703125 -0.0119171142578125
-0.428436279296875 0.49578857421875 0.250396728515625 -0.228317260742187
-0.244873046875 0.53125 0.061981201171875 -0.347015380859375
-0.12115478515625 0.6497802734375 -0.165130615234375 -0.22601318359375
0.2391357421875 0.6275634765625 -0.1412353515625 -0.083953857421875
0.482421875 0.4849853515625 -0.0899887084960937 0.00132751464843755
0.4632568359375 0.496368408203125 -0.0669441223144531 -0.00906372070312498
0.561981201171875 0.45037841796875 0.0376129150390625 -0.00862884521484372
0.387359619140625 0.5211181640625 0.072723388671875 -0.00632476806640622
0.18408203125 0.63714599609375 0.0488624572753906 0.0609321594238282
-0.01202392578125 0.61566162109375 0.086212158203125 0.144882202148438
-0.360870361328125 0.522064208984375 0.030487060546875 0.238372802734375
-0.40533447265625 0.4656982421875 -0.0305633544921875 0.242889404296875
-0.59033203125 0.41473388671875 -0.00894165039062504 0.151687622070313
-0.525482177734375 0.364013671875 -0.294830322265625 0.0643310546875
-0.399505615234375 0.327972412109375 0.0866622924804687 0.0864105224609375
-0.41668701171875 0.3863525390625 0.164093017578125 -0.18017578125
-0.2784423828125 0.4658203125 0.03668212890625 -0.33673095703125
-0.162109375 0.6107177734375 -0.159210205078125 -0.32952880859375
0.2044677734375 0.617919921875 -0.229339599609375 -0.264480590820312
0.431671142578125 0.47222900390625 -0.29327392578125 -0.14825439453125
0.408447265625 0.470703125 -0.2781982421875 -0.120559692382812
0.48724365234375 0.431671142578125 -0.170547485351563 -0.1219482421875
0.3095703125 0.468048095703125 -0.0649337768554687 -0.133682250976562
0.114105224609375 0.538818359375 0.00175857543945313 -0.0231533050537109
-0.0384521484375 0.47088623046875 0.0679550170898438 0.131988525390625
-0.2730712890625 0.382537841796875 -0.017242431640625 0.296783447265625
-0.28656005859375 0.38323974609375 -0.146331787109375 0.353668212890625
-0.4775390625 0.39617919921875 -0.214492797851563 0.263565063476562
-0.328155517578125 0.2611083984375 -0.479644775390625 0.15509033203125
-0.256210327148437 0.202865600585938 -0.0800323486328125 0.152816772460938
-0.314422607421875 0.21881103515625 0.0742645263671875 -0.122306823730469
-0.24322509765625 0.320220947265625 0.015289306640625 -0.309234619140625
-0.153106689453125 0.4609375 -0.142059326171875 -0.41082763671875
0.14593505859375 0.490814208984375 -0.311309814453125 -0.415069580078125
0.313934326171875 0.375091552734375 -0.471771240234375 -0.271514892578125
0.291717529296875 0.371368408203125 -0.447845458984375 -0.20855712890625
0.3363037109375 0.353424072265625 -0.329620361328125 -0.2181396484375
0.17730712890625 0.355377197265625 -0.15087890625 -0.231857299804688
0.0169677734375 0.365997314453125 -0.005523681640625 -0.0769271850585937
-0.06365966796875 0.26446533203125 0.0483322143554687 0.138565063476563
-0.152664184570313 0.200302124023438 -0.08831787109375 0.331878662109375
-0.1455078125 0.261398315429688 -0.256378173828125 0.4088134765625
-0.311859130859375 0.32098388671875 -0.372955322265625 0.353607177734375
-0.0786514282226563 0.128105163574219 -0.58941650390625 0.20281982421875
-0.0632553100585938 0.0755767822265625 -0.205825805664062 0.187469482421875
-0.134262084960938 0.0385589599609375 0.00907897949218749 -0.0781402587890625
-0.142608642578125 0.124755859375 -0.00503540039062499 -0.2833251953125
-0.106735229492188 0.225860595703125 -0.131683349609375 -0.453521728515625
0.0635833740234375 0.27862548828125 -0.382598876953125 -0.49871826171875
0.143463134765625 0.218963623046875 -0.59649658203125 -0.339599609375
0.129501342773438 0.215866088867188 -0.548095703125 -0.2647705078125
0.14190673828125 0.22686767578125 -0.41595458984375 -0.286590576171875
0.0382232666015625 0.199615478515625 -0.177337646484375 -0.292083740234375
-0.0585784912109375 0.163406372070313 0.0180740356445312 -0.0919189453125
-0.0625343322753906 0.0604248046875 0.0218353271484375 0.161636352539063
-0.0231742858886719 0.0361671447753906 -0.177459716796875 0.337066650390625
-0.00788116455078124 0.129653930664062 -0.346435546875 0.411224365234375
-0.117233276367188 0.201370239257812 -0.47161865234375 0.413330078125
-0.134124755859375 -0.0406723022460937 0.459686279296875 -0.47723388671875
-0.12054443359375 -0.000427246093749983 0.408599853515625 -0.416015625
-0.092926025390625 0.0978622436523438 0.193878173828125 -0.331146240234375
5.3405761718739E-05 0.112152099609375 -0.00588989257812502 -0.23162841796875
0.08807373046875 0.0737228393554688 -0.0903701782226562 0.0967788696289063
0.0793075561523437 -0.0332489013671875 0.14068603515625 0.329803466796875
0.0606231689453125 -0.0494194030761719 0.4891357421875 0.31842041015625
0.0489540100097656 -0.02703857421875 0.58642578125 0.28521728515625
0.0430221557617188 -0.05328369140625 0.6397705078125 0.35150146484375
0.0546302795410156 -0.0160484313964844 0.463043212890625 0.48980712890625
0.077911376953125 0.0211029052734375 0.21282958984375 0.431793212890625
0.0524673461914063 0.113548278808594 0.070343017578125 0.27386474609375
-0.0493316650390625 0.15081787109375 0.0556831359863281 0.0701065063476563
-0.119102478027344 0.109710693359375 0.251312255859375 -0.151473999023438
-0.124961853027344 0.0157012939453125 0.6669921875 -0.1610107421875
-0.339141845703125 0.14764404296875 0.427001953125 -0.44305419921875
-0.244277954101563 0.16015625 0.436004638671875 -0.352508544921875
-0.183837890625 0.264862060546875 0.25848388671875 -0.304168701171875
-0.039398193359375 0.265899658203125 0.0400238037109375 -0.268951416015625
0.0730133056640625 0.269851684570313 -0.116439819335938 0.0491867065429688
0.179031372070313 0.16595458984375 0.093414306640625 0.299407958984375
0.248855590820313 0.114242553710938 0.426239013671875 0.309600830078125
0.234954833984375 0.158126831054688 0.518402099609375 0.261383056640625
0.262176513671875 0.13458251953125 0.597900390625 0.30035400390625
0.186904907226562 0.216018676757813 0.452056884765625 0.41046142578125
0.109283447265625 0.28973388671875 0.21490478515625 0.370330810546875
-0.00335693359374997 0.357757568359375 0.0988311767578125 0.247268676757813
-0.240264892578125 0.337158203125 0.0786666870117187 0.0789566040039063
-0.310150146484375 0.2703857421875 0.247177124023438 -0.116943359375
-0.36920166015625 0.173675537109375 0.594482421875 -0.13739013671875
-0.523895263671875 0.317291259765625 0.323883056640625 -0.3521728515625
-0.371551513671875 0.324188232421875 0.42962646484375 -0.264007568359375
-0.278228759765625 0.432159423828125 0.296142578125 -0.285125732421875
-0.08953857421875 0.414886474609375 0.065093994140625 -0.3060302734375
0.034088134765625 0.45465087890625 -0.141845703125 -0.0198974609375
0.2464599609375 0.365631103515625 0.0274810791015625 0.220626831054688
0.400360107421875 0.276336669921875 0.297882080078125 0.251708984375
0.387908935546875 0.32373046875 0.368499755859375 0.200439453125
0.451995849609375 0.289642333984375 0.468658447265625 0.209808349609375
0.3212890625 0.3955078125 0.3756103515625 0.280120849609375
0.17333984375 0.51092529296875 0.1904296875 0.27435302734375
-0.00604248046875003 0.564453125 0.118438720703125 0.211837768554688
-0.3590087890625 0.507843017578125 0.084442138671875 0.116371154785156
-0.430816650390625 0.417510986328125 0.187347412109375 -0.0285186767578125
-0.547027587890625 0.31744384765625 0.43841552734375 -0.072662353515625
-0.639404296875 0.43218994140625 0.149261474609375 -0.21588134765625
-0.461212158203125 0.43603515625 0.3721923828125 -0.14971923828125
-0.36676025390625 0.543731689453125 0.294708251953125 -0.271514892578125
-0.15667724609375 0.531280517578125 0.062713623046875 -0.341583251953125
-0.02490234375 0.60711669921875 -0.168441772460938 -0.11114501953125
0.279998779296875 0.536529541015625 -0.0573883056640625 0.0915298461914063
0.494049072265625 0.408660888671875 0.11724853515625 0.147720336914063
0.483917236328125 0.44183349609375 0.162017822265625 0.107254028320313
0.57568359375 0.3916015625 0.26910400390625 0.0994873046875
0.412567138671875 0.49957275390625 0.2393798828125 0.130905151367188
0.2271728515625 0.637939453125 0.130889892578125 0.164505004882813
0.0164794921875001 0.6690673828125 0.11993408203125 0.173110961914063
-0.39056396484375 0.599365234375 0.0756072998046874 0.174636840820313
-0.458343505859375 0.505462646484375 0.0932693481445312 0.105628967285156
-0.62664794921875 0.4219970703125 0.225448608398437 0.032745361328125
-0.64532470703125 0.46142578125 -0.0729980468750001 -0.058807373046875
-0.476226806640625 0.445037841796875 0.255172729492187 -0.0263671875
-0.42388916015625 0.5404052734375 0.244003295898438 -0.2421875
-0.228515625 0.564208984375 0.041717529296875 -0.357421875
-0.090576171875 0.6844482421875 -0.186447143554688 -0.22039794921875
0.2757568359375 0.63653564453125 -0.154312133789062 -0.0789642333984375
0.517913818359375 0.478118896484375 -0.0950927734375 0.00886535644531254
0.5045166015625 0.493743896484375 -0.0709228515625 -0.00184631347656247
0.60162353515625 0.43731689453125 0.0353240966796875 -0.0144844055175781
0.421783447265625 0.52276611328125 0.072235107421875 -0.0138702392578125
0.22021484375 0.64886474609375 0.0576057434082031 0.0593757629394532
0.01715087890625 0.64068603515625 0.10467529296875 0.14202880859375
-0.35064697265625 0.56329345703125 0.0509033203125 0.24273681640625
-0.4022216796875 0.499847412109375 -0.016265869140625 0.253692626953125
-0.59765625 0.4666748046875 -0.00422668457031255 0.160629272460938
-0.53802490234375 0.406280517578125 -0.300140380859375 0.08245849609375
-0.406768798828125 0.358367919921875 0.0921554565429687 0.0825653076171875
-0.41522216796875 0.426055908203125 0.157699584960937 -0.189346313476562
-0.267822265625 0.498016357421875 0.01568603515625 -0.346099853515625
-0.1336669921875 0.64569091796875 -0.1856689453125 -0.3291015625
0.2396240234375 0.62939453125 -0.254364013671875 -0.261627197265625
0.46405029296875 0.46484375 -0.3121337890625 -0.136199951171875
0.446319580078125 0.467254638671875 -0.29388427734375 -0.107177734375
0.52288818359375 0.422210693359375 -0.187088012695312 -0.12054443359375
0.338592529296875 0.47064208984375 -0.0763092041015625 -0.140060424804687
0.142974853515625 0.550933837890625 0.00490951538085938 -0.0263023376464843
-0.016448974609375 0.490142822265625 0.0846786499023438 0.12908935546875
-0.266357421875 0.41375732421875 0.00338745117187498 0.305999755859375
-0.283416748046875 0.41119384765625 -0.13092041015625 0.374542236328125
-0.4832763671875 0.438873291015625 -0.21319580078125 0.286773681640625
-0.33819580078125 0.287353515625 -0.488128662109375 0.18511962890625
-0.261703491210938 0.222503662109375 -0.076995849609375 0.15838623046875
-0.316375732421875 0.247161865234375 0.0664443969726562 -0.127098083496094
-0.2352294921875 0.3447265625 -0.00488281250000003 -0.31707763671875
-0.132171630859375 0.48724365234375 -0.171478271484375 -0.41455078125
0.1737060546875 0.501190185546875 -0.34552001953125 -0.4141845703125
0.33953857421875 0.370758056640625 -0.500640869140625 -0.25494384765625
0.319091796875 0.3695068359375 -0.472503662109375 -0.19232177734375
0.363128662109375 0.347320556640625 -0.355712890625 -0.211151123046875
0.197235107421875 0.358306884765625 -0.1697998046875 -0.2379150390625
0.03515625 0.375335693359375 -0.00508880615234376 -0.0819320678710937
-0.051971435546875 0.277862548828125 0.063323974609375 0.137222290039063
-0.150390625 0.21917724609375 -0.069671630859375 0.34600830078125
-0.142196655273437 0.278488159179688 -0.2408447265625 0.438568115234375
-0.31317138671875 0.3511962890625 -0.37347412109375 0.389556884765625
-0.0835800170898438 0.136573791503906 -0.6009521484375 0.23956298828125
-0.0652847290039063 0.0812225341796875 -0.206253051757812 0.199493408203125
-0.137763977050781 0.0495681762695313 -0.000289916992187505 -0.0804367065429688
-0.139389038085938 0.136642456054688 -0.025604248046875 -0.289459228515625
-0.0973052978515625 0.240554809570312 -0.163818359375 -0.46112060546875
0.07952880859375 0.2838134765625 -0.423065185546875 -0.4969482421875
0.15740966796875 0.216842651367188 -0.63177490234375 -0.31951904296875
0.144241333007813 0.216323852539063 -0.57708740234375 -0.24658203125
0.15753173828125 0.227813720703125 -0.4483642578125 -0.2777099609375
0.0473175048828125 0.204055786132813 -0.199249267578125 -0.298309326171875
-0.051727294921875 0.170166015625 0.0179290771484375 -0.100067138671875
-0.061004638671875 0.06646728515625 0.03497314453125 0.16278076171875
-0.0246009826660156 0.0414848327636719 -0.160064697265625 0.3553466796875
-0.00587463378906251 0.135604858398438 -0.334381103515625 0.44287109375
-0.114974975585938 0.2144775390625 -0.472198486328125 0.453369140625
-0.138687133789062 -0.0299606323242188 0.437286376953125 -0.524932861328125
-0.123626708984375 0.00701141357421876 0.380615234375 -0.454345703125
-0.0887908935546875 0.106941223144531 0.16864013671875 -0.34893798828125
0.00693511962890626 0.114814758300781 -0.0265350341796875 -0.234130859375
0.0951614379882813 0.0672760009765625 -0.0866241455078125 0.10882568359375
0.0766677856445312 -0.0394363403320312 0.166229248046875 0.3338623046875
0.0566940307617188 -0.0517196655273438 0.52093505859375 0.290191650390625
0.0480575561523438 -0.0298423767089844 0.61773681640625 0.24798583984375
0.0388946533203125 -0.0574607849121094 0.68280029296875 0.3084716796875
0.0545921325683594 -0.0178184509277344 0.51165771484375 0.468536376953125
0.0798797607421875 0.0182418823242188 0.25115966796875 0.42791748046875
0.061370849609375 0.113388061523438 0.0975189208984375 0.2744140625
-0.0395050048828125 0.1558837890625 0.0693130493164062 0.0712890625
-0.112869262695313 0.118186950683594 0.249221801757813 -0.16912841796875
-0.125770568847656 0.0272674560546875 0.67193603515625 -0.21502685546875
-0.337615966796875 0.17901611328125 0.406982421875 -0.488311767578125
-0.240447998046875 0.181350708007813 0.412384033203125 -0.39178466796875
-0.16943359375 0.286163330078125 0.237091064453125 -0.32513427734375
-0.0220489501953125 0.275039672851563 0.0173797607421875 -0.274871826171875
0.095367431640625 0.269119262695313 -0.116600036621094 0.0632400512695313
0.191787719726562 0.156982421875 0.115447998046875 0.30499267578125
0.259552001953125 0.101348876953125 0.456024169921875 0.28680419921875
0.250946044921875 0.146347045898438 0.54595947265625 0.23077392578125
0.275070190429688 0.118179321289063 0.63433837890625 0.26055908203125
0.205322265625 0.209976196289063 0.493927001953125 0.38690185546875
0.130157470703125 0.291107177734375 0.25054931640625 0.365142822265625
0.02081298828125 0.368133544921875 0.1253662109375 0.245223999023438
-0.223724365234375 0.361541748046875 0.0933074951171875 0.0771255493164063
-0.299102783203125 0.29534912109375 0.246963500976562 -0.134429931640625
-0.367340087890625 0.209197998046875 0.60003662109375 -0.18524169921875
-0.516632080078125 0.368194580078125 0.308013916015625 -0.386962890625
-0.359710693359375 0.360137939453125 0.4102783203125 -0.301727294921875
-0.25360107421875 0.466156005859375 0.277923583984375 -0.307861328125
-0.062713623046875 0.431243896484375 0.039642333984375 -0.313629150390625
0.071624755859375 0.46209716796875 -0.147842407226562 -0.00392150878906249
0.274444580078125 0.35540771484375 0.0408935546875 0.227920532226563
0.424896240234375 0.2557373046875 0.320556640625 0.238616943359375
0.419708251953125 0.305145263671875 0.389556884765625 0.179046630859375
0.480804443359375 0.26251220703125 0.494537353515625 0.176544189453125
0.354827880859375 0.386016845703125 0.406402587890625 0.2579345703125
0.211517333984375 0.51220703125 0.218048095703125 0.267486572265625
0.03411865234375 0.57958984375 0.144485473632813 0.205352783203125
-0.331756591796875 0.546295166015625 0.101325988769531 0.113365173339844
-0.412872314453125 0.454254150390625 0.191802978515625 -0.040771484375
-0.54168701171875 0.372222900390625 0.443115234375 -0.106201171875
-0.6278076171875 0.49444580078125 0.139236450195313 -0.23370361328125
-0.44586181640625 0.481658935546875 0.362396240234375 -0.181121826171875
-0.33660888671875 0.5908203125 0.279205322265625 -0.29254150390625
-0.123077392578125 0.555389404296875 0.035614013671875 -0.349029541015625
0.02410888671875 0.6251220703125 -0.182113647460937 -0.095245361328125
0.32257080078125 0.52923583984375 -0.055328369140625 0.099945068359375
0.530792236328125 0.3834228515625 0.12884521484375 0.144515991210938
0.5267333984375 0.419677734375 0.172836303710938 0.100616455078125
0.61456298828125 0.359375 0.27972412109375 0.0791015625
0.45452880859375 0.483673095703125 0.25299072265625 0.114974975585938
0.27557373046875 0.63702392578125 0.149688720703125 0.15814208984375
0.0648193359375 0.68505859375 0.143295288085937 0.164016723632813
-0.35845947265625 0.64532470703125 0.096221923828125 0.171676635742188
-0.43621826171875 0.549285888671875 0.105552673339844 0.102149963378906
-0.61517333984375 0.48638916015625 0.232040405273437 0.0186309814453125
-0.63629150390625 0.5257568359375 -0.0770950317382813 -0.0546340942382812
-0.46124267578125 0.492706298828125 0.254440307617187 -0.0473175048828125
-0.39422607421875 0.59112548828125 0.231353759765625 -0.258819580078125
-0.19476318359375 0.5943603515625 0.01171875 -0.364044189453125
-0.03759765625 0.708984375 -0.209075927734375 -0.20501708984375
0.326171875 0.6314697265625 -0.16802978515625 -0.068572998046875
0.559295654296875 0.45098876953125 -0.0975799560546875 0.0185470581054688
0.552459716796875 0.46978759765625 -0.0728759765625 0.00710296630859377
0.64373779296875 0.40167236328125 0.03070068359375 -0.0194644927978515
0.46417236328125 0.505035400390625 0.0701828002929688 -0.0222282409667969
0.2685546875 0.6485595703125 0.0667304992675781 0.0549049377441407
0.0657958984375 0.65484619140625 0.12530517578125 0.132240295410156
-0.32122802734375 0.607421875 0.0752716064453125 0.242568969726563
-0.377716064453125 0.54046630859375 0.00482177734374995 0.261276245117188
-0.58319091796875 0.5283203125 0.00494384765624998 0.16796875
-0.5301513671875 0.4593505859375 -0.29833984375 0.107513427734375
-0.3963623046875 0.3980712890625 0.0984954833984375 0.074432373046875
-0.394683837890625 0.472869873046875 0.146408081054687 -0.19989013671875
-0.23736572265625 0.529144287109375 -0.013458251953125 -0.34979248046875
-0.0824584960937501 0.67388916015625 -0.2161865234375 -0.316375732421875
0.29010009765625 0.62469482421875 -0.28289794921875 -0.249359130859375
0.5040283203125 0.440216064453125 -0.328857421875 -0.11395263671875
0.491607666015625 0.445404052734375 -0.306488037109375 -0.085296630859375
0.56439208984375 0.3917236328125 -0.205123901367187 -0.110610961914063
0.374420166015625 0.456573486328125 -0.0920867919921875 -0.140853881835937
0.184295654296875 0.550445556640625 0.00704574584960939 -0.0306587219238281
0.021087646484375 0.50274658203125 0.102073669433594 0.12060546875
-0.242584228515625 0.447296142578125 0.03076171875 0.309417724609375
-0.262786865234375 0.442169189453125 -0.102294921875 0.39276123046875
-0.46734619140625 0.49127197265625 -0.19976806640625 0.31396484375
-0.334381103515625 0.321502685546875 -0.483642578125 0.22637939453125
-0.257888793945313 0.247100830078125 -0.06878662109375 0.16265869140625
-0.306915283203125 0.27972412109375 0.0566787719726562 -0.131813049316406
-0.214599609375 0.3701171875 -0.0325927734375 -0.318695068359375
-0.0951232910156249 0.50933837890625 -0.20843505859375 -0.406646728515625
0.21337890625 0.497528076171875 -0.3875732421875 -0.398193359375
0.37030029296875 0.352996826171875 -0.52947998046875 -0.221649169921875
0.35504150390625 0.353729248046875 -0.49359130859375 -0.160369873046875
0.396453857421875 0.32867431640625 -0.383392333984375 -0.189849853515625
0.224090576171875 0.3514404296875 -0.194244384765625 -0.234207153320312
0.06390380859375 0.379150390625 -0.00727081298828125 -0.0878524780273437
-0.030975341796875 0.286651611328125 0.0801544189453125 0.13067626953125
-0.139450073242188 0.238800048828125 -0.04144287109375 0.3565673828125
-0.12860107421875 0.295440673828125 -0.209625244140625 0.465972900390625
-0.299163818359375 0.383392333984375 -0.356842041015625 0.429656982421875
-0.082244873046875 0.148513793945313 -0.595947265625 0.28973388671875
-0.0641250610351563 0.0886383056640625 -0.197982788085938 0.213577270507813
-0.137611389160156 0.0618667602539062 -0.00965881347656252 -0.0811614990234375
-0.130157470703125 0.150131225585937 -0.050506591796875 -0.289581298828125
-0.07928466796875 0.254806518554688 -0.20440673828125 -0.454437255859375
0.102752685546875 0.283172607421875 -0.471343994140625 -0.47808837890625
0.174530029296875 0.20831298828125 -0.66680908203125 -0.27783203125
0.163406372070312 0.210220336914062 -0.60455322265625 -0.20892333984375
0.178436279296875 0.221282958984375 -0.48260498046875 -0.25030517578125
0.0618896484375 0.204254150390625 -0.228271484375 -0.293182373046875
-0.039764404296875 0.176666259765625 0.014739990234375 -0.108314514160156
-0.0564041137695312 0.07196044921875 0.052215576171875 0.160125732421875
-0.0233345031738281 0.0477104187011719 -0.1328125 0.372650146484375
0.00125122070312499 0.141006469726563 -0.304351806640625 0.47796630859375
-0.105117797851562 0.227783203125 -0.45062255859375 0.5035400390625
-0.139335632324219 -0.0173416137695313 0.39569091796875 -0.556793212890625
-0.12359619140625 0.0159530639648438 0.3370361328125 -0.477691650390625
-0.0808944702148438 0.114585876464844 0.136627197265625 -0.353363037109375
0.0137481689453125 0.115776062011719 -0.0476226806640625 -0.229141235351563
0.0990219116210938 0.0572509765625 -0.0791778564453125 0.117774963378906
0.07080078125 -0.04388427734375 0.19134521484375 0.32550048828125
0.0515937805175781 -0.052886962890625 0.538665771484375 0.249755859375
0.0456733703613281 -0.0322418212890625 0.62957763671875 0.19830322265625
0.0323829650878906 -0.0595054626464844 0.70355224609375 0.25006103515625
0.0529441833496094 -0.020599365234375 0.54754638671875 0.424224853515625
0.0806427001953125 0.0142288208007812 0.28692626953125 0.407501220703125
0.0694808959960938 0.109481811523437 0.123382568359375 0.264724731445312
-0.0283203125 0.156845092773438 0.0807571411132813 0.0675582885742188
-0.101852416992188 0.123275756835938 0.237518310546875 -0.182083129882813
-0.121978759765625 0.0388107299804688 0.65142822265625 -0.265625
-0.322723388671875 0.207672119140625 0.36663818359375 -0.518646240234375
-0.227340698242187 0.198760986328125 0.3697509765625 -0.417877197265625
-0.14703369140625 0.299896240234375 0.207672119140625 -0.33502197265625
-0.00292968750000002 0.2769775390625 -0.00752258300781247 -0.271697998046875
0.11590576171875 0.258224487304688 -0.112281799316406 0.0751800537109375
0.200149536132812 0.141754150390625 0.1363525390625 0.29962158203125
0.263656616210938 0.083953857421875 0.47308349609375 0.25152587890625
0.260894775390625 0.1280517578125 0.558563232421875 0.18731689453125
0.280029296875 0.0976409912109375 0.65045166015625 0.20550537109375
0.21942138671875 0.1961669921875 0.523590087890625 0.345855712890625
0.15008544921875 0.28240966796875 0.278839111328125 0.34423828125
0.048004150390625 0.366455078125 0.148941040039062 0.23162841796875
-0.196319580078125 0.378082275390625 0.10455322265625 0.0709152221679688
-0.27569580078125 0.31365966796875 0.2376708984375 -0.149673461914062
-0.349700927734375 0.240325927734375 0.58203125 -0.23236083984375
-0.48760986328125 0.411468505859375 0.27679443359375 -0.41168212890625
-0.334381103515625 0.385284423828125 0.3770751953125 -0.32965087890625
-0.21533203125 0.487518310546875 0.251007080078125 -0.320709228515625
-0.0302734375 0.435638427734375 0.01220703125 -0.3109130859375
0.108978271484375 0.45367431640625 -0.147506713867187 0.0122833251953125
0.297332763671875 0.33282470703125 0.0560760498046875 0.227294921875
0.437713623046875 0.22344970703125 0.3341064453125 0.213897705078125
0.440948486328125 0.27264404296875 0.3990478515625 0.149322509765625
0.494873046875 0.2252197265625 0.50341796875 0.134765625
0.380096435546875 0.35986328125 0.4246826171875 0.225677490234375
0.246551513671875 0.49578857421875 0.239669799804688 0.249038696289063
0.07696533203125 0.5758056640625 0.164825439453125 0.189407348632813
-0.291748046875 0.5726318359375 0.1148681640625 0.105049133300781
-0.379669189453125 0.480560302734375 0.189559936523438 -0.0532684326171875
-0.51129150390625 0.41790771484375 0.431610107421875 -0.13836669921875
-0.592041015625 0.54736328125 0.121444702148437 -0.243804931640625
-0.412872314453125 0.51434326171875 0.340576171875 -0.20758056640625
-0.28857421875 0.618896484375 0.25555419921875 -0.306060791015625
-0.07891845703125 0.56341552734375 0.00500488281250002 -0.344818115234375
0.0769042968750001 0.619140625 -0.188995361328125 -0.0744934082031249
0.35858154296875 0.500274658203125 -0.0507431030273437 0.106147766113281
0.550140380859375 0.340789794921875 0.138114929199219 0.136116027832031
0.556488037109375 0.37750244140625 0.1790771484375 0.08935546875
0.6357421875 0.30780029296875 0.280364990234375 0.05511474609375
0.48602294921875 0.45025634765625 0.258956909179688 0.093292236328125
0.3209228515625 0.61395263671875 0.163345336914063 0.14398193359375
0.11834716796875 0.67730712890625 0.15997314453125 0.146484375
-0.3074951171875 0.672607421875 0.1138916015625 0.162506103515625
-0.394287109375 0.577392578125 0.115165710449219 0.0943603515625
-0.57623291015625 0.53875732421875 0.230194091796875 0.00205993652343753
-0.596435546875 0.57904052734375 -0.0786056518554688 -0.048675537109375
-0.426422119140625 0.526885986328125 0.245193481445312 -0.0674285888671875
-0.3453369140625 0.6251220703125 0.211105346679687 -0.269912719726562
-0.147216796875 0.60833740234375 -0.01812744140625 -0.357269287109375
0.0228271484375 0.70892333984375 -0.224639892578125 -0.181533813476562
0.3709716796875 0.60211181640625 -0.176223754882812 -0.0542449951171874
0.586181640625 0.405517578125 -0.096282958984375 0.027862548828125
0.5860595703125 0.42474365234375 -0.0709075927734375 0.0156707763671875
0.668212890625 0.34893798828125 0.024923324584961 -0.0222911834716797
0.495452880859375 0.469879150390625 0.0653038024902344 -0.0291595458984375
0.31640625 0.62322998046875 0.0736007690429688 0.0461349487304688
0.11566162109375 0.64453125 0.13916015625 0.115394592285156
-0.272705078125 0.6314697265625 0.0980682373046875 0.234039306640625
-0.33526611328125 0.5653076171875 0.0274200439453125 0.259735107421875
-0.54205322265625 0.5787353515625 0.0160980224609375 0.16973876953125
-0.4998779296875 0.504058837890625 -0.285125732421875 0.12957763671875
-0.370819091796875 0.427032470703125 0.100341796875 0.06341552734375
-0.357635498046875 0.505096435546875 0.13055419921875 -0.206527709960937
-0.19549560546875 0.545196533203125 -0.04217529296875 -0.340606689453125
-0.026611328125 0.6766357421875 -0.23968505859375 -0.292236328125
0.33441162109375 0.59796142578125 -0.3046875 -0.225616455078125
0.52996826171875 0.39892578125 -0.334442138671875 -0.086639404296875
0.5230712890625 0.405120849609375 -0.309173583984375 -0.0583496093749999
0.5888671875 0.3431396484375 -0.216293334960938 -0.0921783447265625
0.405181884765625 0.425994873046875 -0.10546875 -0.13458251953125
0.223663330078125 0.53253173828125 0.00798416137695314 -0.0354423522949218
0.06024169921875 0.49517822265625 0.114646911621094 0.105377197265625
-0.208221435546875 0.467498779296875 0.058441162109375 0.30413818359375
-0.23089599609375 0.459869384765625 -0.068084716796875 0.39837646484375
-0.42962646484375 0.528839111328125 -0.175445556640625 0.331787109375
-0.3135986328125 0.35186767578125 -0.460784912109375 0.260986328125
-0.241668701171875 0.2667236328125 -0.0587158203125 0.162322998046875
-0.28424072265625 0.30474853515625 0.0453338623046875 -0.133537292480469
-0.1832275390625 0.38360595703125 -0.05767822265625 -0.309326171875
-0.049957275390625 0.51434326171875 -0.238800048828125 -0.38214111328125
0.249298095703125 0.477447509765625 -0.41888427734375 -0.36669921875
0.39263916015625 0.32147216796875 -0.540740966796875 -0.178741455078125
0.37939453125 0.324127197265625 -0.49993896484375 -0.119293212890625
0.418548583984375 0.29443359375 -0.398773193359375 -0.156402587890625
0.2470703125 0.33294677734375 -0.214706420898438 -0.220413208007812
0.0916748046875 0.371124267578125 -0.0110244750976562 -0.0917282104492187
-0.00866699218750001 0.28619384765625 0.0931777954101563 0.118972778320313
-0.120697021484375 0.252532958984375 -0.00933837890625003 0.355987548828125
-0.10736083984375 0.305328369140625 -0.168975830078125 0.478271484375
-0.270233154296875 0.40838623046875 -0.321868896484375 0.4599609375
-0.07550048828125 0.157180786132813 -0.56884765625 0.33441162109375
-0.0591278076171875 0.094085693359375 -0.183395385742187 0.222122192382813
-0.13238525390625 0.0733642578125 -0.01904296875 -0.0790481567382813
-0.115447998046875 0.157546997070313 -0.0730133056640625 -0.27886962890625
-0.0560150146484375 0.25897216796875 -0.236907958984375 -0.430633544921875
0.123382568359375 0.271835327148438 -0.50665283203125 -0.436676025390625
0.186614990234375 0.192214965820313 -0.68206787109375 -0.22222900390625
0.177978515625 0.195526123046875 -0.613525390625 -0.1593017578125
0.194717407226563 0.204849243164062 -0.50018310546875 -0.20849609375
0.075408935546875 0.197891235351562 -0.252212524414062 -0.276702880859375
-0.0250091552734375 0.176055908203125 0.0082550048828125 -0.114242553710938
-0.0496978759765625 0.0748748779296875 0.06744384765625 0.150955200195313
-0.0195770263671875 0.0526885986328125 -0.09820556640625 0.378875732421875
0.00973510742187501 0.140975952148438 -0.259307861328125 0.495147705078125
-0.0900115966796875 0.234222412109375 -0.4100341796875 0.538818359375
-0.137046813964844 -0.00715637207031252 0.35516357421875 -0.56951904296875
-0.121879577636719 0.023040771484375 0.299102783203125 -0.482696533203125
-0.0729141235351562 0.117668151855469 0.1116943359375 -0.347869873046875
0.0196914672851563 0.115264892578125 -0.0635986328125 -0.220001220703125
0.099029541015625 0.0490875244140625 -0.0722427368164063 0.122825622558594
0.0645980834960938 -0.0459747314453125 0.2059326171875 0.31353759765625
0.0473365783691406 -0.0518112182617188 0.539276123046875 0.214935302734375
0.0429115295410156 -0.0326805114746094 0.62396240234375 0.15960693359375
0.0268783569335938 -0.0583419799804688 0.7008056640625 0.20062255859375
0.0510520935058594 -0.021942138671875 0.5625 0.385009765625
0.0795440673828125 0.0114364624023438 0.30328369140625 0.3837890625
0.0739212036132813 0.105491638183594 0.139083862304687 0.251022338867188
-0.0204925537109375 0.153671264648438 0.08819580078125 0.0625457763671875
-0.09259033203125 0.123489379882813 0.225723266601563 -0.1875
-0.116134643554688 0.0463180541992188 0.6220703125 -0.2978515625
-0.305938720703125 0.2257080078125 0.32818603515625 -0.52996826171875
-0.2144775390625 0.208297729492187 0.332550048828125 -0.427490234375
-0.125457763671875 0.30413818359375 0.1834716796875 -0.333892822265625
0.011474609375 0.272964477539063 -0.0259552001953125 -0.2626953125
0.128463745117188 0.244415283203125 -0.1060791015625 0.0835800170898438
0.2000732421875 0.127914428710938 0.14971923828125 0.291015625
0.260757446289063 0.069732666015625 0.475555419921875 0.220947265625
0.262481689453125 0.112319946289063 0.553924560546875 0.151641845703125
0.276809692382812 0.080474853515625 0.64703369140625 0.16021728515625
0.224945068359375 0.182327270507813 0.533966064453125 0.30902099609375
0.16162109375 0.270401000976563 0.294189453125 0.322723388671875
0.06719970703125 0.357879638671875 0.162750244140625 0.21624755859375
-0.1734619140625 0.381103515625 0.111404418945312 0.0644378662109375
-0.253753662109375 0.31890869140625 0.227096557617187 -0.156646728515625
-0.329986572265625 0.2574462890625 0.555145263671875 -0.260162353515625
-0.456390380859375 0.436492919921875 0.24542236328125 -0.420135498046875
-0.309051513671875 0.3983154296875 0.343963623046875 -0.339874267578125
-0.182098388671875 0.49273681640625 0.22821044921875 -0.32318115234375
-0.00646972656249999 0.4287109375 -0.00860595703124999 -0.301666259765625
0.1331787109375 0.434844970703125 -0.143692016601563 0.0240631103515625
0.305908203125 0.3084716796875 0.0656890869140625 0.223556518554688
0.438720703125 0.1961669921875 0.337799072265625 0.19219970703125
0.448333740234375 0.24322509765625 0.397796630859375 0.124359130859375
0.493072509765625 0.19146728515625 0.495880126953125 0.100738525390625
0.3887939453125 0.3326416015625 0.42919921875 0.1954345703125
0.26837158203125 0.4732666015625 0.250244140625 0.230438232421875
0.1070556640625 0.56072998046875 0.176040649414063 0.17205810546875
-0.2545166015625 0.57928466796875 0.123252868652344 0.0971298217773438
-0.3448486328125 0.48944091796875 0.18499755859375 -0.0606231689453125
-0.47760009765625 0.442474365234375 0.41265869140625 -0.16058349609375
-0.55242919921875 0.5762939453125 0.106216430664063 -0.246444702148437
-0.38006591796875 0.527435302734375 0.3157958984375 -0.220947265625
-0.24407958984375 0.6239013671875 0.233978271484375 -0.309600830078125
-0.047821044921875 0.5556640625 -0.0164794921875 -0.333251953125
0.1129150390625 0.59942626953125 -0.188140869140625 -0.0572662353515625
0.374237060546875 0.468048095703125 -0.0467681884765625 0.110054016113281
0.554046630859375 0.30413818359375 0.14141845703125 0.126724243164063
0.5665283203125 0.3409423828125 0.17962646484375 0.0782470703125
0.6353759765625 0.26556396484375 0.2738037109375 0.03680419921875
0.497894287109375 0.414459228515625 0.25732421875 0.075286865234375
0.345703125 0.58489990234375 0.1695556640625 0.13031005859375
0.15185546875 0.65692138671875 0.168289184570313 0.129119873046875
-0.26507568359375 0.68145751953125 0.125350952148437 0.15277099609375
-0.35577392578125 0.58697509765625 0.120704650878906 0.0866470336914063
-0.53448486328125 0.56591796875 0.224090576171875 -0.0101165771484375
-0.55523681640625 0.608154296875 -0.07745361328125 -0.0441436767578125
-0.395172119140625 0.5411376953125 0.230941772460938 -0.0803985595703125
-0.30242919921875 0.63604736328125 0.193527221679688 -0.272689819335937
-0.10980224609375 0.604248046875 -0.039154052734375 -0.344207763671875
0.0667724609374999 0.6925048828125 -0.228790283203125 -0.159622192382812
0.3927001953125 0.56610107421875 -0.179656982421875 -0.041229248046875
0.59124755859375 0.3643798828125 -0.0926513671875 0.0344085693359375
0.59765625 0.3829345703125 -0.0675010681152343 0.020660400390625
0.66986083984375 0.3028564453125 0.0194091796875 -0.0226192474365234
0.508514404296875 0.433441162109375 0.0597114562988282 -0.0339202880859375
0.34234619140625 0.591552734375 0.0763702392578125 0.0377655029296875
0.14874267578125 0.62384033203125 0.145751953125 0.0998535156250001
-0.23321533203125 0.64007568359375 0.113479614257812 0.222091674804688
-0.298828125 0.57159423828125 0.0438385009765625 0.253128051757813
-0.49951171875 0.60137939453125 0.0238494873046875 0.167617797851563
-0.46539306640625 0.52764892578125 -0.269134521484375 0.141937255859375
-0.34423828125 0.439788818359375 0.0979461669921875 0.0537872314453125
-0.320526123046875 0.51788330078125 0.11846923828125 -0.207901000976563
-0.16094970703125 0.54376220703125 -0.0601806640625 -0.3275146484375
0.01605224609375 0.6624755859375 -0.249374389648437 -0.26629638671875
0.35723876953125 0.564453125 -0.314422607421875 -0.20294189453125
0.536163330078125 0.361175537109375 -0.332061767578125 -0.0643310546875
0.533782958984375 0.3668212890625 -0.3035888671875 -0.037567138671875
0.59381103515625 0.2998046875 -0.21923828125 -0.0762481689453125
0.415924072265625 0.395263671875 -0.114654541015625 -0.127578735351562
0.248138427734375 0.507720947265625 0.00749969482421876 -0.0392227172851562
0.085601806640625 0.480712890625 0.120864868164062 0.0913238525390625
-0.178131103515625 0.474029541015625 0.07830810546875 0.2933349609375
-0.201324462890625 0.463104248046875 -0.04119873046875 0.393310546875
-0.39373779296875 0.546783447265625 -0.154022216796875 0.33795166015625
-0.291015625 0.36688232421875 -0.432464599609375 0.2801513671875
-0.226318359375 0.275009155273438 -0.052734375 0.158203125
-0.26123046875 0.31689453125 0.0365982055664062 -0.132659912109375
-0.157745361328125 0.384368896484375 -0.072967529296875 -0.29522705078125
-0.018768310546875 0.505157470703125 -0.252166748046875 -0.356231689453125
0.269256591796875 0.4517822265625 -0.4344482421875 -0.334014892578125
0.39715576171875 0.292510986328125 -0.53790283203125 -0.14276123046875
0.3887939453125 0.29583740234375 -0.49310302734375 -0.0871276855468749
0.425048828125 0.26312255859375 -0.39910888671875 -0.127685546875
0.2576904296875 0.312286376953125 -0.225601196289062 -0.204574584960937
0.109893798828125 0.355224609375 -0.0145111083984375 -0.0937271118164062
0.00741577148437499 0.278564453125 0.100425720214844 0.10699462890625
-0.103286743164063 0.258255004882813 0.014312744140625 0.347259521484375
-0.089447021484375 0.305145263671875 -0.133331298828125 0.476776123046875
-0.2449951171875 0.416015625 -0.28839111328125 0.47186279296875
-0.068115234375 0.161300659179688 -0.536468505859375 0.357635498046875
-0.0544357299804688 0.0960159301757813 -0.171722412109375 0.223297119140625
-0.12567138671875 0.079864501953125 -0.0262527465820313 -0.0757217407226562
-0.102615356445313 0.158767700195313 -0.086395263671875 -0.265090942382813
-0.0376129150390625 0.255508422851563 -0.2540283203125 -0.405670166015625
0.13494873046875 0.257293701171875 -0.522796630859375 -0.398834228515625
0.191482543945313 0.17669677734375 -0.67657470703125 -0.1787109375
0.184066772460938 0.181121826171875 -0.60565185546875 -0.12060546875
0.202590942382813 0.187301635742188 -0.500885009765625 -0.172576904296875
0.0837249755859375 0.188186645507813 -0.265426635742188 -0.25689697265625
-0.0149383544921875 0.171661376953125 0.00283050537109374 -0.116958618164062
-0.04376220703125 0.0749053955078125 0.076416015625 0.140670776367188
-0.0158729553222656 0.0554962158203125 -0.070587158203125 0.37322998046875
0.015716552734375 0.138519287109375 -0.221038818359375 0.498748779296875
-0.0782928466796875 0.234054565429688 -0.3707275390625 0.55462646484375
-0.133918762207031 -6.10351562500059E-05 0.33062744140625 -0.57427978515625
-0.120010375976563 0.0284805297851562 0.275115966796875 -0.480712890625
-0.0668258666992188 0.120002746582031 0.097991943359375 -0.3408203125
0.0230484008789063 0.114715576171875 -0.073577880859375 -0.211929321289063
0.0975494384765625 0.0438690185546875 -0.0694808959960938 0.12567138671875
0.0599403381347656 -0.0463142395019531 0.215118408203125 0.3074951171875
0.04486083984375 -0.0493850708007813 0.5357666015625 0.194061279296875
0.0414199829101562 -0.0323753356933594 0.61578369140625 0.135498046875
0.0228996276855469 -0.0569572448730469 0.6939697265625 0.17034912109375
0.0496826171875 -0.0222854614257813 0.56787109375 0.35772705078125
0.0783233642578125 0.0100250244140625 0.312835693359375 0.367889404296875
0.07708740234375 0.102745056152344 0.1488037109375 0.240280151367188
-0.016265869140625 0.150527954101563 0.0936737060546875 0.0593109130859375
-0.0876388549804688 0.122222900390625 0.219711303710938 -0.189910888671875
-0.111885070800781 0.0506973266601562 0.597412109375 -0.3145751953125
-0.292266845703125 0.236236572265625 0.304656982421875 -0.532135009765625
-0.206558227539063 0.213790893554687 0.3092041015625 -0.427337646484375
-0.11199951171875 0.3055419921875 0.170135498046875 -0.3294677734375
0.0209503173828125 0.269073486328125 -0.03759765625 -0.254730224609375
0.133193969726563 0.233535766601563 -0.102935791015625 0.0885772705078125
0.196884155273438 0.119140625 0.15728759765625 0.285888671875
0.257308959960938 0.062469482421875 0.472686767578125 0.20159912109375
0.262664794921875 0.103713989257813 0.54644775390625 0.132232666015625
0.272308349609375 0.0714874267578125 0.637451171875 0.133056640625
0.22613525390625 0.173736572265625 0.535919189453125 0.284088134765625
0.166763305664063 0.262741088867188 0.300506591796875 0.30889892578125
0.077728271484375 0.351104736328125 0.171127319335938 0.204513549804688
-0.158966064453125 0.381866455078125 0.117156982421875 0.0604019165039063
-0.240447998046875 0.318634033203125 0.2208251953125 -0.159881591796875
-0.31512451171875 0.2684326171875 0.533966064453125 -0.273468017578125
-0.435791015625 0.450103759765625 0.227935791015625 -0.422210693359375
-0.295379638671875 0.403289794921875 0.3211669921875 -0.34405517578125
-0.160491943359375 0.49322509765625 0.2138671875 -0.321136474609375
0.00845336914062504 0.423553466796875 -0.02117919921875 -0.29278564453125
0.14697265625 0.419830322265625 -0.140464782714844 0.032379150390625
0.305694580078125 0.292266845703125 0.0704345703125 0.221282958984375
0.433807373046875 0.179901123046875 0.3365478515625 0.1783447265625
0.449859619140625 0.225738525390625 0.39251708984375 0.1090087890625
0.488525390625 0.173980712890625 0.487457275390625 0.080963134765625
0.39300537109375 0.31671142578125 0.42779541015625 0.176666259765625
0.277923583984375 0.4600830078125 0.254074096679688 0.21807861328125
0.12225341796875 0.548797607421875 0.181915283203125 0.159622192382813
-0.23309326171875 0.5809326171875 0.129974365234375 0.0914154052734375
-0.325714111328125 0.489349365234375 0.182861328125 -0.06500244140625
-0.455413818359375 0.455810546875 0.397796630859375 -0.171478271484375
-0.524169921875 0.59185791015625 0.0961608886718749 -0.247207641601562
-0.361663818359375 0.53497314453125 0.29742431640625 -0.22515869140625
-0.21734619140625 0.6243896484375 0.22113037109375 -0.3094482421875
-0.02679443359375 0.548919677734375 -0.02874755859375 -0.323516845703125
0.13311767578125 0.58355712890625 -0.185760498046875 -0.046112060546875
0.378204345703125 0.44671630859375 -0.04510498046875 0.113212585449219
0.5513916015625 0.280670166015625 0.142715454101563 0.12152099609375
0.56903076171875 0.31353759765625 0.177597045898438 0.0720367431640625
0.6298828125 0.240234375 0.267303466796875 0.026763916015625
0.5015869140625 0.3944091796875 0.253768920898438 0.06396484375
0.359375 0.5643310546875 0.171707153320313 0.12103271484375
0.169921875 0.64068603515625 0.172821044921875 0.116973876953125
-0.2374267578125 0.6817626953125 0.13360595703125 0.145721435546875
-0.33306884765625 0.5860595703125 0.12371826171875 0.0814590454101563
-0.50958251953125 0.58062744140625 0.217437744140625 -0.01513671875
-0.5296630859375 0.62274169921875 -0.0770187377929688 -0.0419464111328125
-0.377471923828125 0.5482177734375 0.219497680664062 -0.0860137939453125
-0.274658203125 0.63818359375 0.183547973632812 -0.273590087890625
-0.0867919921875001 0.595947265625 -0.050079345703125 -0.333160400390625
0.09368896484375 0.6751708984375 -0.22796630859375 -0.14581298828125
0.40142822265625 0.541595458984375 -0.181503295898437 -0.0315093994140625
0.5882568359375 0.33978271484375 -0.0899658203125 0.0383224487304688
0.59979248046875 0.35516357421875 -0.0655670166015625 0.0244560241699219
0.66650390625 0.27362060546875 0.0158576965332032 -0.0211849212646484
0.512115478515625 0.41156005859375 0.0548286437988282 -0.0368270874023437
0.353759765625 0.5694580078125 0.0765914916992188 0.0316009521484375
0.16571044921875 0.607421875 0.148651123046875 0.0881500244140626
-0.206787109375 0.6427001953125 0.12420654296875 0.21527099609375
-0.27587890625 0.57073974609375 0.053680419921875 0.246627807617188
-0.47271728515625 0.6138916015625 0.0283050537109375 0.166671752929688
-0.443603515625 0.540008544921875 -0.25885009765625 0.147674560546875
-0.32928466796875 0.4462890625 0.0927810668945312 0.0482635498046875
-0.295989990234375 0.5225830078125 0.110565185546875 -0.207351684570313
-0.138641357421875 0.53863525390625 -0.07012939453125 -0.31732177734375
0.04168701171875 0.6483154296875 -0.251937866210938 -0.251083374023437
0.36639404296875 0.5419921875 -0.31976318359375 -0.18670654296875
0.53448486328125 0.338104248046875 -0.327178955078125 -0.050048828125
0.537628173828125 0.342803955078125 -0.29803466796875 -0.024993896484375
0.5908203125 0.27386474609375 -0.218673706054687 -0.064697265625
0.418975830078125 0.37677001953125 -0.119331359863281 -0.122756958007812
0.258819580078125 0.48907470703125 0.00652313232421876 -0.0424079895019531
0.10040283203125 0.46710205078125 0.124176025390625 0.0818557739257813
-0.156280517578125 0.47515869140625 0.0914306640625 0.28472900390625
-0.183624267578125 0.459686279296875 -0.024810791015625 0.38726806640625
-0.370330810546875 0.55426025390625 -0.139892578125 0.340728759765625
-0.277069091796875 0.374664306640625 -0.415435791015625 0.29010009765625
-0.218063354492187 0.280380249023438 -0.051483154296875 0.154510498046875
-0.24603271484375 0.32171630859375 0.0305099487304687 -0.131134033203125
-0.14154052734375 0.380584716796875 -0.079986572265625 -0.285400390625
0.00207519531249999 0.49609375 -0.257080078125 -0.3397216796875
0.276824951171875 0.433624267578125 -0.43988037109375 -0.3125
0.395782470703125 0.273834228515625 -0.531585693359375 -0.119232177734375
0.392059326171875 0.277313232421875 -0.484527587890625 -0.0667419433593749
0.42645263671875 0.242340087890625 -0.3968505859375 -0.108642578125
0.262176513671875 0.298583984375 -0.231414794921875 -0.193679809570312
0.118560791015625 0.3431396484375 -0.0168609619140625 -0.0962371826171875
0.0157928466796875 0.271377563476563 0.10406494140625 0.0982666015625
-0.0908203125 0.260330200195313 0.030487060546875 0.33978271484375
-0.079376220703125 0.3028564453125 -0.11187744140625 0.4722900390625
-0.229766845703125 0.42138671875 -0.2677001953125 0.477020263671875
-0.0633544921875 0.1640625 -0.513153076171875 0.368865966796875
-0.0522232055664063 0.09735107421875 -0.166824340820312 0.222869873046875
-0.121437072753906 0.0831680297851563 -0.0313186645507813 -0.0732498168945313
-0.09417724609375 0.1563720703125 -0.0916900634765625 -0.255111694335938
-0.0267486572265625 0.25103759765625 -0.2593994140625 -0.38836669921875
0.14013671875 0.248336791992188 -0.52691650390625 -0.373504638671875
0.190521240234375 0.167327880859375 -0.670166015625 -0.15087890625
0.186920166015625 0.171493530273438 -0.59478759765625 -0.09637451171875
0.205551147460938 0.176422119140625 -0.49658203125 -0.148101806640625
0.0875091552734375 0.181732177734375 -0.271514892578125 -0.244003295898438
-0.0086517333984375 0.167022705078125 -0.000732421874999989 -0.119293212890625
-0.0407028198242187 0.0742568969726563 0.0817108154296875 0.133193969726563
-0.0128326416015625 0.0577278137207031 -0.052947998046875 0.367340087890625
0.0189056396484375 0.13568115234375 -0.19671630859375 0.4964599609375
-0.0725250244140625 0.23388671875 -0.344268798828125 0.561492919921875
-0.132362365722656 0.00478363037109378 0.3187255859375 -0.5853271484375
-0.11993408203125 0.0328292846679688 0.26092529296875 -0.487030029296875
-0.0630340576171875 0.12396240234375 0.091522216796875 -0.3414306640625
0.0269546508789062 0.116294860839844 -0.0825958251953125 -0.208343505859375
0.0968093872070312 0.0402450561523438 -0.0684814453125 0.130775451660156
0.0565986633300781 -0.0464935302734375 0.224945068359375 0.307098388671875
0.044921875 -0.0478706359863281 0.540863037109375 0.181060791015625
0.0410308837890625 -0.0323257446289062 0.61639404296875 0.12127685546875
0.0206642150878906 -0.0559310913085937 0.69525146484375 0.1513671875
0.0495071411132812 -0.0225944519042969 0.579833984375 0.34295654296875
0.0790328979492188 0.0094757080078125 0.322845458984375 0.36376953125
0.0806045532226563 0.101936340332031 0.157485961914063 0.235244750976563
-0.014373779296875 0.150772094726563 0.10015869140625 0.0569076538085938
-0.085723876953125 0.122108459472656 0.219253540039063 -0.193649291992188
-0.109359741210937 0.0547103881835938 0.59100341796875 -0.32916259765625
-0.28717041015625 0.246795654296875 0.2933349609375 -0.542388916015625
-0.203811645507812 0.221710205078125 0.297210693359375 -0.433319091796875
-0.10308837890625 0.311248779296875 0.163848876953125 -0.33160400390625
0.0279541015625 0.27044677734375 -0.0466156005859375 -0.251571655273438
0.137619018554688 0.228652954101562 -0.101654052734375 0.0946578979492188
0.196609497070313 0.115554809570312 0.16510009765625 0.28717041015625
0.25848388671875 0.0592193603515625 0.4771728515625 0.192047119140625
0.266937255859375 0.0989837646484375 0.547515869140625 0.11993408203125
0.273330688476563 0.0672607421875 0.63873291015625 0.11602783203125
0.230606079101563 0.17022705078125 0.54608154296875 0.2703857421875
0.172775268554688 0.262542724609375 0.309417724609375 0.3045654296875
0.085784912109375 0.352081298828125 0.179000854492188 0.198684692382813
-0.152130126953125 0.387481689453125 0.123489379882812 0.05804443359375
-0.236785888671875 0.321533203125 0.221466064453125 -0.1636962890625
-0.310333251953125 0.278564453125 0.52740478515625 -0.2867431640625
-0.425201416015625 0.4659423828125 0.217742919921875 -0.42938232421875
-0.29071044921875 0.41485595703125 0.3087158203125 -0.3487548828125
-0.14666748046875 0.500457763671875 0.208465576171875 -0.325225830078125
0.01934814453125 0.423431396484375 -0.02960205078125 -0.290435791015625
0.15753173828125 0.41619873046875 -0.139785766601563 0.038604736328125
0.30841064453125 0.28521728515625 0.0758056640625 0.224380493164063
0.437103271484375 0.172882080078125 0.3411865234375 0.171173095703125
0.456573486328125 0.216949462890625 0.393341064453125 0.10137939453125
0.491973876953125 0.163726806640625 0.488983154296875 0.06854248046875
0.399932861328125 0.310821533203125 0.43231201171875 0.163970947265625
0.2874755859375 0.4569091796875 0.26141357421875 0.21356201171875
0.134857177734375 0.54901123046875 0.189254760742188 0.152389526367188
-0.22015380859375 0.5909423828125 0.138336181640625 0.0888214111328125
-0.318695068359375 0.4957275390625 0.18402099609375 -0.068878173828125
-0.446746826171875 0.4722900390625 0.3931884765625 -0.179901123046875
-0.51300048828125 0.6112060546875 0.0907745361328125 -0.251251220703125
-0.355224609375 0.548583984375 0.28814697265625 -0.2308349609375
-0.20098876953125 0.6357421875 0.217071533203125 -0.314422607421875
-0.01361083984375 0.550079345703125 -0.036590576171875 -0.32080078125
0.14910888671875 0.57763671875 -0.186386108398438 -0.0390625
0.38446044921875 0.438720703125 -0.0440444946289062 0.117996215820313
0.55517578125 0.27197265625 0.145034790039063 0.118759155273438
0.57958984375 0.30218505859375 0.17913818359375 0.0698699951171875
0.63482666015625 0.22637939453125 0.26654052734375 0.0207366943359375
0.509246826171875 0.38568115234375 0.254791259765625 0.056365966796875
0.370147705078125 0.558074951171875 0.175735473632813 0.116455078125
0.1842041015625 0.64013671875 0.178909301757813 0.109115600585938
-0.22174072265625 0.6929931640625 0.143753051757813 0.142242431640625
-0.32281494140625 0.593017578125 0.127922058105469 0.0784835815429688
-0.49737548828125 0.5989990234375 0.216537475585937 -0.018768310546875
-0.51763916015625 0.6416015625 -0.0780258178710938 -0.0412368774414062
-0.37109375 0.5625 0.2137451171875 -0.089752197265625
-0.2576904296875 0.64935302734375 0.17950439453125 -0.278045654296875
-0.0731811523437499 0.59967041015625 -0.056976318359375 -0.3311767578125
0.11004638671875 0.6724853515625 -0.230316162109375 -0.137664794921875
0.409271240234375 0.5340576171875 -0.185211181640625 -0.0245513916015625
0.593505859375 0.328369140625 -0.0889739990234374 0.0416412353515625
0.61163330078125 0.342041015625 -0.0638351440429687 0.0277442932128906
0.67266845703125 0.25946044921875 0.0144596099853516 -0.0199718475341797
0.51953125 0.402923583984375 0.0515403747558594 -0.0400123596191406
0.3670654296875 0.56341552734375 0.07818603515625 0.0277862548828125
0.17840576171875 0.60455322265625 0.154678344726562 0.080291748046875
-0.19036865234375 0.65301513671875 0.135406494140625 0.211746215820313
-0.2669677734375 0.57684326171875 0.062286376953125 0.24542236328125
-0.462890625 0.6326904296875 0.030975341796875 0.169265747070313
-0.43292236328125 0.556488037109375 -0.25543212890625 0.152511596679687
-0.32568359375 0.458404541015625 0.0889816284179687 0.0465850830078125
-0.28521728515625 0.5335693359375 0.106475830078125 -0.210830688476562
-0.12628173828125 0.5408935546875 -0.075958251953125 -0.314544677734375
0.0577392578125 0.64715576171875 -0.25579833984375 -0.244216918945313
0.37652587890625 0.534210205078125 -0.3280029296875 -0.177734375
0.538848876953125 0.327239990234375 -0.328857421875 -0.040985107421875
0.545684814453125 0.330230712890625 -0.296783447265625 -0.016632080078125
0.5975341796875 0.26177978515625 -0.220489501953125 -0.0569610595703125
0.42620849609375 0.368865966796875 -0.125816345214844 -0.120964050292969
0.269378662109375 0.482147216796875 0.00596237182617189 -0.0456695556640625
0.109100341796875 0.4652099609375 0.129173278808594 0.0747451782226563
-0.14422607421875 0.484893798828125 0.103912353515625 0.282989501953125
-0.175933837890625 0.464569091796875 -0.0135498046875 0.387939453125
-0.3614501953125 0.5703125 -0.132720947265625 0.34912109375
-0.270904541015625 0.385833740234375 -0.408294677734375 0.299041748046875
-0.216278076171875 0.2884521484375 -0.0537567138671875 0.15618896484375
-0.24041748046875 0.3292236328125 0.0264816284179688 -0.13201904296875
-0.133453369140625 0.381927490234375 -0.085723876953125 -0.283050537109375
0.0146484375 0.49609375 -0.26312255859375 -0.334503173828125
0.28497314453125 0.428009033203125 -0.450469970703125 -0.302703857421875
0.39959716796875 0.267059326171875 -0.5352783203125 -0.10675048828125
0.39990234375 0.26947021484375 -0.483154296875 -0.0549316406249999
0.43157958984375 0.2322998046875 -0.398406982421875 -0.0960998535156249
0.26708984375 0.2919921875 -0.23956298828125 -0.189407348632812
0.12518310546875 0.33880615234375 -0.0190048217773437 -0.0998611450195313
0.021087646484375 0.270462036132813 0.108558654785156 0.09295654296875
-0.082183837890625 0.266357421875 0.04339599609375 0.33837890625
-0.07366943359375 0.305084228515625 -0.099700927734375 0.47552490234375
-0.2237548828125 0.42974853515625 -0.2557373046875 0.489501953125
-0.0608062744140625 0.168701171875 -0.50482177734375 0.382171630859375
-0.051849365234375 0.10003662109375 -0.167633056640625 0.22674560546875
-0.121681213378906 0.0864181518554688 -0.036102294921875 -0.0714797973632813
-0.0909576416015625 0.155914306640625 -0.096832275390625 -0.252517700195313
-0.01995849609375 0.25115966796875 -0.2669677734375 -0.38427734375
0.144744873046875 0.245819091796875 -0.53875732421875 -0.362884521484375
0.192169189453125 0.164642333984375 -0.67236328125 -0.13299560546875
0.190277099609375 0.167922973632813 -0.59527587890625 -0.08172607421875
0.210494995117188 0.170150756835938 -0.497589111328125 -0.134063720703125
0.0910186767578125 0.179214477539063 -0.280303955078125 -0.239089965820313
-0.00567626953125001 0.165618896484375 -0.00319671630859375 -0.123344421386719
-0.0394058227539063 0.0742874145507813 0.087158203125 0.129341125488281
-0.008697509765625 0.0597763061523438 -0.03985595703125 0.366973876953125
0.0202713012695312 0.136138916015625 -0.18243408203125 0.500335693359375
-0.0710906982421875 0.237869262695313 -0.330322265625 0.574462890625
-0.133567810058594 0.0110855102539063 0.30548095703125 -0.61187744140625
-0.120712280273438 0.0394668579101563 0.250946044921875 -0.50775146484375
-0.0581512451171875 0.130134582519531 0.0831298828125 -0.35076904296875
0.0328598022460937 0.119560241699219 -0.0945892333984375 -0.208633422851563
0.0985260009765625 0.0374221801757813 -0.0670089721679688 0.140045166015625
0.0546760559082031 -0.0483551025390625 0.243988037109375 0.310455322265625
0.0457191467285156 -0.0488739013671875 0.55804443359375 0.16705322265625
0.0418853759765625 -0.033355712890625 0.6307373046875 0.1026611328125
0.0183143615722656 -0.0563812255859375 0.7154541015625 0.1287841796875
0.0506248474121094 -0.0248947143554688 0.6064453125 0.33026123046875
0.081817626953125 0.00841522216796875 0.344696044921875 0.363800048828125
0.0870285034179688 0.103034973144531 0.171340942382813 0.233657836914063
-0.01129150390625 0.154312133789063 0.108642578125 0.0544586181640625
-0.085052490234375 0.125930786132813 0.22088623046875 -0.204177856445313
-0.108879089355469 0.0604476928710938 0.59197998046875 -0.357421875
-0.285186767578125 0.2657470703125 0.28271484375 -0.56610107421875
-0.201995849609375 0.237548828125 0.2872314453125 -0.453399658203125
-0.09246826171875 0.323699951171875 0.157196044921875 -0.34368896484375
0.0394439697265625 0.276504516601563 -0.058135986328125 -0.2540283203125
0.147491455078125 0.228073120117188 -0.101539611816406 0.103096008300781
0.201324462890625 0.1134033203125 0.180908203125 0.292327880859375
0.265945434570313 0.05462646484375 0.49267578125 0.1805419921875
0.277587890625 0.09326171875 0.56329345703125 0.10504150390625
0.280776977539063 0.061431884765625 0.65606689453125 0.09588623046875
0.241546630859375 0.168624877929688 0.5694580078125 0.2576904296875
0.186126708984375 0.264694213867188 0.32977294921875 0.304351806640625
0.09942626953125 0.35894775390625 0.192276000976563 0.1934814453125
-0.144683837890625 0.403564453125 0.13470458984375 0.0548553466796875
-0.2347412109375 0.3349609375 0.223831176757812 -0.174591064453125
-0.30767822265625 0.29827880859375 0.529327392578125 -0.310455322265625
-0.420867919921875 0.496002197265625 0.209381103515625 -0.447479248046875
-0.28582763671875 0.438690185546875 0.301910400390625 -0.365020751953125
-0.130706787109375 0.52008056640625 0.20343017578125 -0.339874267578125
0.035125732421875 0.432708740234375 -0.041107177734375 -0.29388427734375
0.174468994140625 0.41668701171875 -0.141510009765625 0.046875
0.32086181640625 0.28350830078125 0.0859375 0.23065185546875
0.4503173828125 0.1641845703125 0.35333251953125 0.163818359375
0.476226806640625 0.20623779296875 0.40496826171875 0.09088134765625
0.5076904296875 0.15289306640625 0.500213623046875 0.0517578125
0.418792724609375 0.307769775390625 0.44879150390625 0.1527099609375
0.3092041015625 0.46044921875 0.27606201171875 0.211990356445313
0.154541015625 0.55853271484375 0.201828002929688 0.144943237304688
-0.20513916015625 0.61505126953125 0.151641845703125 0.085418701171875
-0.314239501953125 0.515289306640625 0.188873291015625 -0.076812744140625
-0.44207763671875 0.502899169921875 0.395233154296875 -0.195770263671875
-0.507080078125 0.6480712890625 0.0834808349609375 -0.260879516601563
-0.34814453125 0.57794189453125 0.28399658203125 -0.242950439453125
-0.181884765625 0.66070556640625 0.21319580078125 -0.329986572265625
0.00445556640624998 0.562744140625 -0.047882080078125 -0.32586669921875
0.17352294921875 0.584228515625 -0.190826416015625 -0.0320281982421874
0.403717041015625 0.437255859375 -0.042266845703125 0.125717163085938
0.574462890625 0.26129150390625 0.152496337890625 0.117568969726563
0.60321044921875 0.29083251953125 0.186050415039063 0.066650390625
0.655517578125 0.21148681640625 0.2733154296875 0.012298583984375
0.5322265625 0.37969970703125 0.260818481445313 0.04779052734375
0.39654541015625 0.5626220703125 0.185028076171875 0.11334228515625
0.2080078125 0.65093994140625 0.189712524414063 0.09942626953125
-0.20245361328125 0.72259521484375 0.159378051757813 0.13946533203125
-0.31475830078125 0.61529541015625 0.136161804199219 0.0760879516601563
-0.48980712890625 0.63653564453125 0.2198486328125 -0.0249176025390625
-0.51141357421875 0.6793212890625 -0.0809555053710938 -0.0396499633789062
-0.36590576171875 0.59283447265625 0.212356567382813 -0.096893310546875
-0.2415771484375 0.67730712890625 0.176025390625 -0.29150390625
-0.0548706054687501 0.61505126953125 -0.06951904296875 -0.33551025390625
0.13739013671875 0.682861328125 -0.238540649414063 -0.132125854492187
0.43359375 0.534820556640625 -0.192489624023437 -0.0167083740234374
0.6153564453125 0.32012939453125 -0.0895538330078125 0.046722412109375
0.6378173828125 0.32940673828125 -0.0636558532714843 0.0318756103515625
0.6954345703125 0.2425537109375 0.0142250061035157 -0.0194625854492187
0.542694091796875 0.39678955078125 0.0484161376953125 -0.0434303283691406
0.3934326171875 0.56573486328125 0.0816497802734375 0.0241928100585938
0.20050048828125 0.61444091796875 0.163330078125 0.0717620849609375
-0.17010498046875 0.6773681640625 0.153305053710938 0.210006713867188
-0.25750732421875 0.5985107421875 0.07421875 0.24853515625
-0.4534912109375 0.66973876953125 0.037261962890625 0.175216674804688
-0.4273681640625 0.58843994140625 -0.256072998046875 0.165283203125
-0.322662353515625 0.485809326171875 0.08905029296875 0.0465011596679688
-0.2742919921875 0.55908203125 0.102935791015625 -0.21954345703125
-0.1126708984375 0.556640625 -0.08709716796875 -0.31884765625
0.082763671875 0.6595458984375 -0.267440795898438 -0.2413330078125
0.398681640625 0.537353515625 -0.34393310546875 -0.16973876953125
0.56060791015625 0.321563720703125 -0.337005615234375 -0.0297851562500001
0.57098388671875 0.319580078125 -0.302001953125 -0.00527954101562498
0.61895751953125 0.24737548828125 -0.226791381835938 -0.048919677734375
0.446075439453125 0.365020751953125 -0.136077880859375 -0.120529174804688
0.28948974609375 0.484405517578125 0.00485992431640626 -0.05047607421875
0.125762939453125 0.47186279296875 0.137184143066406 0.0680084228515625
-0.127044677734375 0.505126953125 0.12310791015625 0.283966064453125
-0.16748046875 0.480926513671875 0.000885009765625029 0.39739990234375
-0.3525390625 0.60308837890625 -0.122894287109375 0.365570068359375
-0.26605224609375 0.407470703125 -0.40875244140625 0.319366455078125
-0.21527099609375 0.305511474609375 -0.053741455078125 0.162582397460938
-0.2373046875 0.347625732421875 0.0217742919921875 -0.135940551757813
-0.1258544921875 0.39251708984375 -0.096038818359375 -0.28662109375
0.033294677734375 0.5068359375 -0.27801513671875 -0.3341064453125
0.304931640625 0.432403564453125 -0.47332763671875 -0.295379638671875
0.415771484375 0.263946533203125 -0.54949951171875 -0.0902709960937499
0.419677734375 0.26251220703125 -0.492767333984375 -0.0382690429687499
0.44903564453125 0.220855712890625 -0.40863037109375 -0.083343505859375
0.27947998046875 0.29217529296875 -0.253952026367188 -0.186416625976562
0.137786865234375 0.341705322265625 -0.0220184326171875 -0.104698181152344
0.0291290283203125 0.274688720703125 0.117645263671875 0.0882568359375
-0.0722808837890625 0.277069091796875 0.061187744140625 0.342620849609375
-0.067718505859375 0.315032958984375 -0.0823974609375 0.48797607421875
-0.216888427734375 0.454803466796875 -0.243438720703125 0.51324462890625
-0.058380126953125 0.17669677734375 -0.50390625 0.408416748046875
-0.0513458251953125 0.106033325195312 -0.168319702148437 0.238845825195313
-0.123313903808594 0.0943527221679688 -0.0424385070800781 -0.0702705383300781
-0.0893402099609375 0.16015625 -0.10650634765625 -0.254409790039063
-0.01104736328125 0.257064819335938 -0.282806396484375 -0.386566162109375
0.1568603515625 0.247650146484375 -0.56378173828125 -0.3543701171875
0.201065063476563 0.164276123046875 -0.6890869140625 -0.11334228515625
0.200424194335938 0.165939331054688 -0.60821533203125 -0.0630493164062499
0.221389770507812 0.165435791015625 -0.511566162109375 -0.1190185546875
0.0967559814453125 0.180801391601563 -0.29736328125 -0.234527587890625
-0.00157165527343749 0.168121337890625 -0.00754547119140625 -0.129737854003906
-0.038299560546875 0.0764999389648437 0.09619140625 0.127639770507813
-0.00417709350585938 0.062591552734375 -0.024261474609375 0.374664306640625
0.023712158203125 0.139518737792969 -0.1661376953125 0.5167236328125
-0.0677490234375 0.249847412109375 -0.31793212890625 0.60357666015625
-0.135261535644531 0.0202102661132812 0.2799072265625 -0.64849853515625
-0.120803833007812 0.0489959716796875 0.22540283203125 -0.537384033203125
-0.0497894287109375 0.136825561523437 0.066009521484375 -0.365020751953125
0.043212890625 0.122108459472656 -0.111846923828125 -0.206893920898438
0.101425170898438 0.0324478149414063 -0.0616455078125 0.150344848632812
0.051116943359375 -0.0517234802246094 0.272216796875 0.306610107421875
0.0462837219238281 -0.0520591735839844 0.5804443359375 0.1395263671875
0.0424346923828125 -0.0361480712890625 0.6512451171875 0.0704345703125
0.0154571533203125 -0.0569305419921875 0.73822021484375 0.089111328125
0.0504493713378906 -0.0287933349609375 0.6435546875 0.3045654296875
0.0854110717773438 0.00452423095703125 0.37677001953125 0.356842041015625
0.0966720581054688 0.101036071777344 0.190322875976562 0.2269287109375
-0.00498962402343749 0.158737182617188 0.118743896484375 0.0480270385742188
-0.0821762084960937 0.132888793945313 0.218170166015625 -0.222274780273438
-0.106414794921875 0.0687484741210938 0.58642578125 -0.4005126953125
-0.276702880859375 0.292327880859375 0.25714111328125 -0.60101318359375
-0.194076538085937 0.258544921875 0.2655029296875 -0.480316162109375
-0.073516845703125 0.338592529296875 0.14251708984375 -0.361785888671875
0.0581512451171875 0.28106689453125 -0.0760345458984375 -0.25628662109375
0.163406372070313 0.223602294921875 -0.0982284545898437 0.113975524902344
0.209747314453125 0.106307983398438 0.205474853515625 0.291717529296875
0.277191162109375 0.0428466796875 0.5166015625 0.15618896484375
0.292755126953125 0.0804443359375 0.580810546875 0.0750732421875
0.291961669921875 0.0489501953125 0.6767578125 0.0577392578125
0.257659912109375 0.159927368164062 0.59893798828125 0.2298583984375
0.206756591796875 0.263275146484375 0.359039306640625 0.294891357421875
0.123199462890625 0.36480712890625 0.210494995117188 0.184967041015625
-0.126678466796875 0.42535400390625 0.147064208984375 0.04656982421875
-0.2257080078125 0.356292724609375 0.222885131835937 -0.19232177734375
-0.297882080078125 0.326507568359375 0.524688720703125 -0.3505859375
-0.4049072265625 0.5390625 0.189361572265625 -0.47283935546875
-0.26922607421875 0.471832275390625 0.285736083984375 -0.391387939453125
-0.102294921875 0.54241943359375 0.19036865234375 -0.3604736328125
0.061553955078125 0.441009521484375 -0.059722900390625 -0.29815673828125
0.202850341796875 0.41558837890625 -0.141998291015625 0.0577392578125
0.3409423828125 0.274932861328125 0.102508544921875 0.23455810546875
0.47149658203125 0.14678955078125 0.372039794921875 0.1478271484375
0.50244140625 0.18572998046875 0.419891357421875 0.071624755859375
0.530426025390625 0.128387451171875 0.51544189453125 0.02294921875
0.448272705078125 0.293487548828125 0.46856689453125 0.13006591796875
0.345458984375 0.457672119140625 0.297821044921875 0.202239990234375
0.1905517578125 0.56781005859375 0.217697143554688 0.132644653320313
-0.1756591796875 0.64776611328125 0.167465209960938 0.075897216796875
-0.298187255859375 0.54669189453125 0.191802978515625 -0.0903778076171875
-0.42462158203125 0.54742431640625 0.392730712890625 -0.224578857421875
-0.4832763671875 0.69970703125 0.0714111328125 -0.27313232421875
-0.3272705078125 0.62017822265625 0.275177001953125 -0.263504028320312
-0.14605712890625 0.69342041015625 0.200958251953125 -0.3526611328125
0.037353515625 0.57537841796875 -0.0679931640625 -0.33148193359375
0.21148681640625 0.58746337890625 -0.196517944335938 -0.0207366943359375
0.435333251953125 0.42852783203125 -0.0362548828125 0.134033203125
0.60308837890625 0.2415771484375 0.162643432617188 0.112213134765625
0.6385498046875 0.26214599609375 0.195159912109375 0.05828857421875
0.6873779296875 0.1807861328125 0.281021118164063 -0.00500488281249999
0.56951904296875 0.36309814453125 0.268585205078125 0.0323333740234375
0.440765380859375 0.55767822265625 0.19818115234375 0.105133056640625
0.24957275390625 0.65850830078125 0.202835083007813 0.0853576660156251
-0.16485595703125 0.757080078125 0.179107666015625 0.130340576171875
-0.293212890625 0.6488037109375 0.146255493164062 0.0683441162109375
-0.46697998046875 0.68994140625 0.223312377929687 -0.0363922119140625
-0.488037109375 0.7349853515625 -0.0850830078125 -0.0360183715820312
-0.34521484375 0.6365966796875 0.210403442382812 -0.10882568359375
-0.20745849609375 0.71295166015625 0.16546630859375 -0.31103515625
-0.02215576171875 0.63287353515625 -0.089935302734375 -0.340301513671875
0.181396484375 0.69091796875 -0.251556396484375 -0.121597290039063
0.472259521484375 0.528228759765625 -0.200393676757812 -0.00343322753906251
0.647216796875 0.2978515625 -0.0892333984375 0.0536651611328125
0.67449951171875 0.30194091796875 -0.0613555908203125 0.0379371643066406
0.72821044921875 0.20892333984375 0.0147590637207032 -0.0208988189697265
0.5782470703125 0.3787841796875 0.0440788269042969 -0.0482559204101562
0.435516357421875 0.5606689453125 0.0862655639648438 0.0178909301757813
0.23956298828125 0.619140625 0.173629760742188 0.0569305419921875
-0.1312255859375 0.7103271484375 0.177169799804688 0.20330810546875
-0.2347412109375 0.62774658203125 0.0919952392578125 0.250198364257813
-0.426513671875 0.72174072265625 0.048126220703125 0.180145263671875
-0.40704345703125 0.6358642578125 -0.253372192382813 0.185043334960938
-0.308441162109375 0.523345947265625 0.0913772583007812 0.0451507568359375
-0.2498779296875 0.5946044921875 0.0933380126953125 -0.231964111328125
-0.08642578125 0.5748291015625 -0.106903076171875 -0.3221435546875
0.12396240234375 0.6728515625 -0.287689208984375 -0.233489990234375
0.438873291015625 0.532989501953125 -0.365264892578125 -0.15380859375
0.59246826171875 0.3033447265625 -0.347381591796875 -0.0107421874999999
0.60504150390625 0.29541015625 -0.3067626953125 0.01300048828125
0.6507568359375 0.21673583984375 -0.232589721679687 -0.0360565185546875
0.476654052734375 0.35235595703125 -0.15045166015625 -0.116531372070312
0.32470703125 0.481292724609375 0.00257492065429689 -0.0552253723144531
0.154266357421875 0.47711181640625 0.146987915039063 0.0562286376953125
-0.0969848632812501 0.52752685546875 0.149627685546875 0.281082153320313
-0.148162841796875 0.503662109375 0.026153564453125 0.4072265625
-0.32708740234375 0.64593505859375 -0.10394287109375 0.38543701171875
-0.251953125 0.43914794921875 -0.400299072265625 0.35333251953125
-0.206878662109375 0.3306884765625 -0.0493316650390625 0.172821044921875
-0.224822998046875 0.37481689453125 0.0136337280273437 -0.139907836914062
-0.1090087890625 0.407958984375 -0.11456298828125 -0.287567138671875
0.063568115234375 0.517791748046875 -0.30377197265625 -0.32940673828125
0.337310791015625 0.42987060546875 -0.504974365234375 -0.27557373046875
0.44049072265625 0.25213623046875 -0.5679931640625 -0.05926513671875
0.445343017578125 0.245819091796875 -0.503570556640625 -0.0101623535156249
0.473876953125 0.19866943359375 -0.4208984375 -0.0600891113281251
0.30181884765625 0.285858154296875 -0.27532958984375 -0.176177978515625
0.15899658203125 0.342376708984375 -0.0289154052734375 -0.110481262207031
0.0446319580078125 0.279937744140625 0.128929138183594 0.0802536010742188
-0.054168701171875 0.290008544921875 0.0888671875 0.346221923828125
-0.0538330078125 0.3277587890625 -0.0541992187499999 0.5068359375
-0.196746826171875 0.48590087890625 -0.21759033203125 0.5438232421875
-0.04931640625 0.186752319335938 -0.49420166015625 0.448699951171875
-0.0475540161132812 0.113761901855469 -0.162734985351563 0.25701904296875
-0.123100280761719 0.106437683105469 -0.0498428344726563 -0.0673980712890625
-0.0840911865234375 0.16717529296875 -0.122634887695313 -0.254348754882813
0.00456237792968751 0.264785766601562 -0.3111572265625 -0.383758544921875
0.176666259765625 0.246597290039063 -0.600341796875 -0.33447265625
0.214736938476563 0.160736083984375 -0.7119140625 -0.076904296875
0.215682983398438 0.15972900390625 -0.62322998046875 -0.0311279296875001
0.236846923828125 0.155380249023437 -0.527679443359375 -0.0925903320312499
0.108367919921875 0.180007934570313 -0.32122802734375 -0.2230224609375
0.00682067871093748 0.171371459960938 -0.015350341796875 -0.135498046875
-0.0356216430664062 0.08026123046875 0.1083984375 0.123497009277344
0.00106048583984375 0.0646476745605469 0.000976562500000006 0.383270263671875
0.0306243896484375 0.143203735351563 -0.137603759765625 0.5394287109375
-0.0560302734375 0.264053344726563 -0.2890625 0.64056396484375
-0.133575439453125 0.0321502685546875 0.23358154296875 -0.68194580078125
-0.116188049316406 0.0582504272460937 0.182586669921875 -0.560211181640625
-0.0374908447265625 0.140869140625 0.038848876953125 -0.3734130859375
0.0546951293945313 0.118972778320313 -0.130645751953125 -0.199432373046875
0.102653503417969 0.0253448486328125 -0.0513153076171875 0.1593017578125
0.0448417663574219 -0.05511474609375 0.300750732421875 0.290557861328125
0.0444869995117188 -0.0563087463378906 0.59423828125 0.0965576171875
0.0415306091308594 -0.0393714904785156 0.65936279296875 0.02032470703125
0.0109405517578125 -0.05712890625 0.74853515625 0.02984619140625
0.04815673828125 -0.0331764221191406 0.673583984375 0.255615234375
0.0875015258789063 -0.00209808349609375 0.411346435546875 0.33349609375
0.106910705566406 0.0942611694335938 0.210067749023438 0.212326049804688
0.00532531738281249 0.160797119140625 0.126686096191406 0.0366897583007813
-0.074493408203125 0.139862060546875 0.20587158203125 -0.24066162109375
-0.100929260253906 0.076446533203125 0.56011962890625 -0.4505615234375
-0.2554931640625 0.320037841796875 0.2147216796875 -0.6287841796875
-0.174560546875 0.27777099609375 0.227783203125 -0.50445556640625
-0.045074462890625 0.347259521484375 0.11663818359375 -0.375885009765625
0.081329345703125 0.277847290039063 -0.0978851318359375 -0.252166748046875
0.180679321289063 0.211837768554688 -0.090728759765625 0.124336242675781
0.21661376953125 0.09326171875 0.231674194335937 0.2802734375
0.284820556640625 0.02374267578125 0.53143310546875 0.11956787109375
0.30377197265625 0.05816650390625 0.58917236328125 0.03277587890625
0.2987060546875 0.02874755859375 0.68597412109375 0.0040283203125
0.272506713867188 0.1429443359375 0.62384033203125 0.1845703125
0.229705810546875 0.252059936523438 0.387786865234375 0.271759033203125
0.15203857421875 0.360321044921875 0.227447509765625 0.166351318359375
-0.096954345703125 0.440826416015625 0.1572265625 0.0326080322265625
-0.204315185546875 0.376983642578125 0.212615966796875 -0.211212158203125
-0.27423095703125 0.35516357421875 0.501129150390625 -0.39276123046875
-0.36651611328125 0.5794677734375 0.153961181640625 -0.494171142578125
-0.236602783203125 0.50128173828125 0.255645751953125 -0.4136962890625
-0.057952880859375 0.556976318359375 0.164459228515625 -0.379302978515625
0.097412109375 0.439422607421875 -0.083709716796875 -0.29632568359375
0.23553466796875 0.401580810546875 -0.1387939453125 0.0698623657226563
0.360382080078125 0.255706787109375 0.123001098632813 0.230377197265625
0.488189697265625 0.113922119140625 0.38568115234375 0.121429443359375
0.525146484375 0.148468017578125 0.42913818359375 0.0404052734375
0.5458984375 0.091033935546875 0.521240234375 -0.02001953125
0.473663330078125 0.265350341796875 0.482757568359375 0.09307861328125
0.383087158203125 0.43853759765625 0.31927490234375 0.182464599609375
0.235107421875 0.5615234375 0.2301025390625 0.111328125
-0.1275634765625 0.67022705078125 0.181289672851563 0.059417724609375
-0.2642822265625 0.575439453125 0.189285278320312 -0.106903076171875
-0.38616943359375 0.58978271484375 0.378082275390625 -0.256988525390625
-0.43414306640625 0.7510986328125 0.05157470703125 -0.282562255859375
-0.284912109375 0.6568603515625 0.25537109375 -0.28472900390625
-0.091552734375 0.71270751953125 0.17633056640625 -0.3714599609375
0.0816650390625 0.57708740234375 -0.093719482421875 -0.328857421875
0.2591552734375 0.57403564453125 -0.200057983398437 -0.00616455078124993
0.468963623046875 0.4041748046875 -0.0261306762695312 0.1387939453125
0.62872314453125 0.20068359375 0.17242431640625 0.1011962890625
0.66864013671875 0.21636962890625 0.20257568359375 0.044219970703125
0.70880126953125 0.12872314453125 0.2835693359375 -0.028350830078125
0.60235595703125 0.32501220703125 0.27197265625 0.01104736328125
0.48760986328125 0.53082275390625 0.2103271484375 0.0899658203125
0.30145263671875 0.647705078125 0.21173095703125 0.0638885498046875
-0.10394287109375 0.77978515625 0.198486328125 0.112503051757813
-0.251953125 0.67755126953125 0.154891967773438 0.057159423828125
-0.41705322265625 0.7381591796875 0.222930908203125 -0.052886962890625
-0.4381103515625 0.7861328125 -0.0878982543945313 -0.0298080444335937
-0.30230712890625 0.67681884765625 0.202865600585937 -0.123077392578125
-0.1541748046875 0.7420654296875 0.144317626953125 -0.327789306640625
0.02496337890625 0.6365966796875 -0.1163330078125 -0.33709716796875
0.236083984375 0.68121337890625 -0.2628173828125 -0.104354858398437
0.51641845703125 0.503265380859375 -0.203781127929687 0.013092041015625
0.67974853515625 0.2576904296875 -0.0857315063476562 0.0614242553710938
0.7056884765625 0.2529296875 -0.05645751953125 0.0427742004394531
0.75286865234375 0.15374755859375 0.0149326324462891 -0.0241374969482422
0.61358642578125 0.33953857421875 0.0378646850585938 -0.0525856018066406
0.482940673828125 0.533355712890625 0.0893173217773438 0.00945281982421878
0.288818359375 0.60906982421875 0.180465698242188 0.037933349609375
-0.07391357421875 0.72900390625 0.20147705078125 0.185684204101563
-0.191650390625 0.65252685546875 0.1143798828125 0.244171142578125
-0.371826171875 0.76953125 0.0633697509765625 0.180740356445313
-0.36492919921875 0.6798095703125 -0.240020751953125 0.207321166992188
-0.273193359375 0.55841064453125 0.0945358276367187 0.0410079956054688
-0.207763671875 0.62493896484375 0.0771942138671875 -0.241806030273437
-0.04791259765625 0.5853271484375 -0.132080078125 -0.316864013671875
0.177978515625 0.66668701171875 -0.3076171875 -0.21533203125
0.48394775390625 0.507720947265625 -0.3831787109375 -0.12664794921875
0.6231689453125 0.2666015625 -0.351104736328125 0.0164794921875
0.63677978515625 0.251708984375 -0.305084228515625 0.0358886718750001
0.67266845703125 0.166015625 -0.23492431640625 -0.0195465087890625
0.50628662109375 0.32025146484375 -0.163726806640625 -0.104949951171875
0.362335205078125 0.4598388671875 -0.00120162963867186 -0.0590896606445312
0.1910400390625 0.470703125 0.154098510742188 0.039093017578125
-0.052490234375 0.5416259765625 0.1788330078125 0.267074584960938
-0.113311767578125 0.52105712890625 0.061004638671875 0.408203125
-0.278076171875 0.6851806640625 -0.073089599609375 0.39959716796875
-0.222442626953125 0.464691162109375 -0.3768310546875 0.387603759765625
-0.184967041015625 0.353790283203125 -0.038665771484375 0.179977416992188
-0.199493408203125 0.3995361328125 0.00303649902343749 -0.1416015625
-0.082916259765625 0.419036865234375 -0.135955810546875 -0.281143188476563
0.104095458984375 0.516998291015625 -0.33074951171875 -0.31268310546875
0.375244140625 0.410797119140625 -0.534942626953125 -0.240264892578125
0.465667724609375 0.2264404296875 -0.57659912109375 -0.0153198242187499
0.469879150390625 0.2144775390625 -0.504852294921875 0.0269775390624999
0.49261474609375 0.16217041015625 -0.42572021484375 -0.028106689453125
0.326416015625 0.26519775390625 -0.2939453125 -0.1558837890625
0.185821533203125 0.33282470703125 -0.0372314453125 -0.112060546875
0.0650634765625 0.278457641601563 0.137794494628906 0.0667266845703125
-0.028594970703125 0.297149658203125 0.121307373046875 0.3388671875
-0.031219482421875 0.3360595703125 -0.012420654296875 0.514984130859375
-0.159637451171875 0.510772705078125 -0.17333984375 0.56829833984375
-0.0365753173828125 0.1939697265625 -0.4642333984375 0.490966796875
-0.0395660400390625 0.121185302734375 -0.146499633789063 0.2740478515625
-0.116767883300781 0.120155334472656 -0.0564498901367187 -0.0617713928222656
-0.075439453125 0.173751831054688 -0.142105102539063 -0.246231079101563
0.0249786376953125 0.266326904296875 -0.343658447265625 -0.367095947265625
0.198318481445313 0.23638916015625 -0.63427734375 -0.2928466796875
0.23028564453125 0.149551391601563 -0.72430419921875 -0.0217285156250001
0.229965209960938 0.146163940429688 -0.6268310546875 0.0177001953125
0.250686645507813 0.136672973632813 -0.5362548828125 -0.0518798828125
0.121994018554687 0.174057006835938 -0.343170166015625 -0.199127197265625
0.018768310546875 0.172027587890625 -0.0257415771484375 -0.139183044433594
-0.0302658081054688 0.0829010009765625 0.121200561523438 0.113616943359375
0.00801467895507812 0.0643119812011719 0.032745361328125 0.384185791015625
0.0403900146484375 0.144027709960938 -0.093780517578125 0.554290771484375
-0.0366668701171875 0.274978637695313 -0.2392578125 0.6728515625
-0.127182006835938 0.041839599609375 0.17645263671875 -0.69256591796875
-0.108551025390625 0.0651626586914063 0.13470458984375 -0.56488037109375
-0.025299072265625 0.139366149902344 0.010650634765625 -0.370025634765625
0.0640716552734375 0.112800598144531 -0.145706176757812 -0.18572998046875
0.1015625 0.0180892944335938 -0.0394287109375 0.163162231445312
0.0376014709472656 -0.0556068420410156 0.321258544921875 0.263824462890625
0.0408935546875 -0.0596694946289063 0.59088134765625 0.05078125
0.0401802062988281 -0.0427398681640625 0.64447021484375 -0.026611328125
0.00642013549804688 -0.0554695129394531 0.7353515625 -0.02777099609375
0.0445327758789063 -0.0366744995117188 0.6820068359375 0.19903564453125
0.0872116088867188 -0.00882720947265625 0.431549072265625 0.299072265625
0.114021301269531 0.0844879150390625 0.222137451171875 0.191131591796875
0.0151214599609375 0.15899658203125 0.129859924316406 0.0245208740234375
-0.064422607421875 0.142715454101563 0.187255859375 -0.25238037109375
-0.0921783447265625 0.0824127197265625 0.5157470703125 -0.483673095703125
-0.225677490234375 0.33721923828125 0.16290283203125 -0.6397705078125
-0.149627685546875 0.28826904296875 0.1839599609375 -0.51251220703125
-0.016387939453125 0.34466552734375 0.0860595703125 -0.37908935546875
0.100921630859375 0.266250610351563 -0.116012573242187 -0.240646362304687
0.191055297851562 0.194717407226563 -0.0806350708007813 0.130012512207031
0.216690063476563 0.078948974609375 0.250885009765625 0.259353637695313
0.283599853515625 0.00244140625 0.530517578125 0.079132080078125
0.305328369140625 0.03436279296875 0.578369140625 -0.0118408203125
0.296600341796875 0.00750732421875 0.6717529296875 -0.04949951171875
0.278900146484375 0.121688842773437 0.62799072265625 0.1343994140625
0.245956420898438 0.231674194335938 0.404876708984375 0.24090576171875
0.177490234375 0.34393310546875 0.235549926757813 0.142868041992188
-0.0627746582031251 0.443115234375 0.161590576171875 0.0161590576171875
-0.177337646484375 0.3856201171875 0.195907592773438 -0.224227905273437
-0.242401123046875 0.37091064453125 0.462493896484375 -0.42327880859375
-0.31573486328125 0.60498046875 0.115142822265625 -0.50146484375
-0.194549560546875 0.514892578125 0.21832275390625 -0.423980712890625
-0.0124816894531249 0.55322265625 0.134613037109375 -0.38543701171875
0.127105712890625 0.42236328125 -0.105255126953125 -0.28619384765625
0.260101318359375 0.376373291015625 -0.1317138671875 0.0792312622070313
0.371856689453125 0.22833251953125 0.138687133789063 0.218215942382813
0.491119384765625 0.07843017578125 0.387237548828125 0.0914306640625
0.529052734375 0.106719970703125 0.4229736328125 0.00915527343750001
0.54449462890625 0.049041748046875 0.50982666015625 -0.061920166015625
0.48638916015625 0.2261962890625 0.480621337890625 0.054931640625
0.412933349609375 0.4052734375 0.33026123046875 0.155548095703125
0.273651123046875 0.53814697265625 0.234085083007813 0.0875396728515625
-0.0733642578125 0.67254638671875 0.18780517578125 0.0388031005859375
-0.22308349609375 0.58416748046875 0.17987060546875 -0.12091064453125
-0.3328857421875 0.61273193359375 0.353057861328125 -0.27960205078125
-0.3707275390625 0.78070068359375 0.030364990234375 -0.2833251953125
-0.23065185546875 0.67425537109375 0.228240966796875 -0.296234130859375
-0.0340576171875 0.71051025390625 0.14825439453125 -0.380035400390625
0.1214599609375 0.558990478515625 -0.11700439453125 -0.31817626953125
0.297088623046875 0.543121337890625 -0.197906494140625 0.00895690917968755
0.489959716796875 0.36773681640625 -0.015533447265625 0.139633178710938
0.6357421875 0.15386962890625 0.177276611328125 0.087371826171875
0.67510986328125 0.16314697265625 0.203155517578125 0.0282745361328125
0.70623779296875 0.07513427734375 0.276321411132813 -0.0529937744140625
0.61688232421875 0.2769775390625 0.266708374023438 -0.0102386474609375
0.520904541015625 0.488616943359375 0.2149658203125 0.0721588134765625
0.3448486328125 0.61859130859375 0.211700439453125 0.0406341552734375
-0.041015625 0.7784423828125 0.209442138671875 0.0882720947265626
-0.202392578125 0.68707275390625 0.158401489257812 0.04315185546875
-0.3521728515625 0.7626953125 0.214996337890625 -0.067657470703125
-0.37188720703125 0.81341552734375 -0.0874099731445313 -0.0234069824218749
-0.247314453125 0.6954345703125 0.189666748046875 -0.133651733398437
-0.0929565429687499 0.74560546875 0.119354248046875 -0.3338623046875
0.06689453125 0.62371826171875 -0.138671875 -0.324432373046875
0.2823486328125 0.6507568359375 -0.267730712890625 -0.0846405029296874
0.544891357421875 0.460235595703125 -0.20135498046875 0.0282440185546875
0.69085693359375 0.20794677734375 -0.0792999267578125 0.0677719116210938
0.71636962890625 0.19696044921875 -0.0503883361816406 0.0452995300292969
0.751220703125 0.09368896484375 0.0144233703613282 -0.0280342102050781
0.628662109375 0.29083251953125 0.0303421020507813 -0.0545539855957031
0.51422119140625 0.4898681640625 0.0892257690429688 0.00041198730468753
0.328857421875 0.5794677734375 0.179122924804688 0.017242431640625
-0.0128173828125 0.7239990234375 0.218063354492187 0.160400390625
-0.1448974609375 0.65716552734375 0.132217407226563 0.231109619140625
-0.30401611328125 0.79193115234375 0.0772247314453125 0.174911499023438
-0.309326171875 0.70147705078125 -0.220138549804688 0.22198486328125
-0.22882080078125 0.5758056640625 0.0953216552734375 0.0360336303710938
-0.15631103515625 0.6336669921875 0.0589447021484375 -0.244598388671875
-0.00787353515624994 0.5789794921875 -0.151763916015625 -0.3018798828125
0.2225341796875 0.64215087890625 -0.320220947265625 -0.190826416015625
0.516082763671875 0.46710205078125 -0.39044189453125 -0.096649169921875
0.635986328125 0.22222900390625 -0.342376708984375 0.043853759765625
0.64801025390625 0.20220947265625 -0.293670654296875 0.056884765625
0.673583984375 0.1123046875 -0.23004150390625 -0.00445556640625
0.521942138671875 0.27734375 -0.171844482421875 -0.090179443359375
0.389892578125 0.426483154296875 -0.00611877441406247 -0.0608673095703125
0.221099853515625 0.449676513671875 0.1544189453125 0.021514892578125
-0.00720214843750005 0.53717041015625 0.200820922851563 0.242965698242188
-0.07562255859375 0.521942138671875 0.09136962890625 0.396636962890625
-0.2191162109375 0.7005615234375 -0.040252685546875 0.4010009765625
-0.18548583984375 0.479644775390625 -0.341461181640625 0.41009521484375
-0.156219482421875 0.36676025390625 -0.0256500244140625 0.182220458984375
-0.16546630859375 0.412933349609375 -0.00707244873046875 -0.138877868652344
-0.055419921875 0.418365478515625 -0.153213500976562 -0.266677856445313
0.1417236328125 0.500244140625 -0.3504638671875 -0.285369873046875
0.40142822265625 0.377288818359375 -0.54931640625 -0.197784423828125
0.478973388671875 0.194183349609375 -0.56793212890625 0.0289306640625
0.479034423828125 0.177276611328125 -0.490081787109375 0.0625000000000001
0.49664306640625 0.12225341796875 -0.417999267578125 0.00167846679687501
0.338623046875 0.238006591796875 -0.30255126953125 -0.130279541015625
0.205718994140625 0.313262939453125 -0.04559326171875 -0.110816955566406
0.0832366943359375 0.26947021484375 0.141036987304687 0.05126953125
-0.00378417968749998 0.29302978515625 0.148406982421875 0.319122314453125
-0.00833129882812502 0.334808349609375 0.028900146484375 0.505615234375
-0.117034912109375 0.52032470703125 -0.12548828125 0.57440185546875
-0.02252197265625 0.195098876953125 -0.41815185546875 0.519775390625
-0.0293121337890625 0.124244689941406 -0.126220703125 0.28253173828125
-0.105766296386719 0.130058288574219 -0.0599746704101563 -0.0543975830078125
-0.0646514892578125 0.176055908203125 -0.156143188476562 -0.231491088867188
0.04510498046875 0.25897216796875 -0.366180419921875 -0.339202880859375
0.215377807617188 0.217086791992188 -0.65118408203125 -0.2431640625
0.23992919921875 0.132858276367187 -0.71173095703125 0.0327758789062501
0.23779296875 0.127517700195313 -0.611572265625 0.0611572265625
0.255889892578125 0.114242553710937 -0.52740478515625 -0.012359619140625
0.1317138671875 0.162933349609375 -0.35357666015625 -0.169097900390625
0.0301513671875 0.167449951171875 -0.0359725952148438 -0.137290954589844
-0.0248260498046875 0.0836868286132813 0.129196166992188 0.100540161132812
0.0137367248535156 0.0615158081054687 0.0631103515625 0.371734619140625
0.048858642578125 0.140655517578125 -0.048370361328125 0.55084228515625
-0.01446533203125 0.27685546875 -0.17962646484375 0.6802978515625
-0.1195068359375 0.0474090576171875 0.13311767578125 -0.68646240234375
-0.100456237792969 0.0675506591796875 0.09710693359375 -0.55438232421875
-0.0169143676757812 0.134834289550781 -0.00891113281249997 -0.36004638671875
0.0687408447265625 0.105514526367188 -0.153305053710938 -0.1717529296875
0.098480224609375 0.0129318237304688 -0.0297088623046875 0.163650512695313
0.0312995910644531 -0.0530204772949219 0.328460693359375 0.24005126953125
0.0366783142089844 -0.061187744140625 0.5753173828125 0.01873779296875
0.037689208984375 -0.0450096130371094 0.6226806640625 -0.05743408203125
0.00403594970703125 -0.0530242919921875 0.70794677734375 -0.06610107421875
0.0400390625 -0.0380287170410156 0.6746826171875 0.1551513671875
0.0847625732421875 -0.0142669677734375 0.43939208984375 0.26971435546875
0.115882873535156 0.0758209228515625 0.224853515625 0.172561645507813
0.022216796875 0.154495239257812 0.129127502441406 0.0139236450195313
-0.0560760498046875 0.14166259765625 0.170944213867188 -0.25531005859375
-0.0846481323242187 0.0838775634765625 0.47509765625 -0.495819091796875
-0.198760986328125 0.34234619140625 0.12384033203125 -0.63372802734375
-0.128509521484375 0.289154052734375 0.148040771484375 -0.506195068359375
0.00369262695312501 0.334686279296875 0.0650634765625 -0.373199462890625
0.11151123046875 0.251800537109375 -0.126983642578125 -0.22796630859375
0.1947021484375 0.17864990234375 -0.072418212890625 0.132499694824219
0.211761474609375 0.0694427490234375 0.259567260742188 0.238998413085938
0.276168823242188 -0.01348876953125 0.518829345703125 0.0479736328125
0.30126953125 0.015869140625 0.5582275390625 -0.04168701171875
0.289764404296875 -0.007904052734375 0.644775390625 -0.08624267578125
0.276290893554688 0.104248046875 0.61688232421875 0.09478759765625
0.252273559570313 0.21295166015625 0.409759521484375 0.212890625
0.191741943359375 0.326171875 0.236038208007813 0.124008178710938
-0.0367431640625 0.435150146484375 0.161026000976563 0.00224304199218753
-0.155364990234375 0.384185791015625 0.18017578125 -0.230209350585937
-0.214569091796875 0.373992919921875 0.4256591796875 -0.435699462890625
-0.2711181640625 0.6083984375 0.0854492187499999 -0.494964599609375
-0.1595458984375 0.514801025390625 0.188690185546875 -0.42291259765625
0.0198669433593749 0.538970947265625 0.110931396484375 -0.381744384765625
0.146453857421875 0.401519775390625 -0.118026733398438 -0.27313232421875
0.27093505859375 0.350189208984375 -0.124626159667969 0.0852737426757813
0.37066650390625 0.205841064453125 0.147079467773438 0.204833984375
0.483551025390625 0.05145263671875 0.380706787109375 0.069976806640625
0.522613525390625 0.074676513671875 0.410614013671875 -0.015045166015625
0.53265380859375 0.01898193359375 0.489105224609375 -0.089569091796875
0.484832763671875 0.19482421875 0.469482421875 0.026947021484375
0.424102783203125 0.373260498046875 0.332427978515625 0.13470458984375
0.294677734375 0.51019287109375 0.230392456054688 0.0680999755859375
-0.0347900390625 0.65802001953125 0.188766479492188 0.020263671875
-0.1910400390625 0.58123779296875 0.170303344726563 -0.12835693359375
-0.29022216796875 0.61376953125 0.32757568359375 -0.289459228515625
-0.3162841796875 0.78387451171875 0.014251708984375 -0.278839111328125
-0.1865234375 0.6734619140625 0.20599365234375 -0.29827880859375
0.00982666015624999 0.696533203125 0.125152587890625 -0.3778076171875
0.147216796875 0.535888671875 -0.130645751953125 -0.303741455078125
0.31597900390625 0.511383056640625 -0.193710327148437 0.0199432373046876
0.494171142578125 0.334808349609375 -0.00892639160156248 0.13775634765625
0.63037109375 0.1181640625 0.177642822265625 0.0766448974609375
0.66668701171875 0.1212158203125 0.19921875 0.0157012939453125
0.6904296875 0.03472900390625 0.263565063476563 -0.0699615478515625
0.613037109375 0.23822021484375 0.25701904296875 -0.023529052734375
0.53302001953125 0.448883056640625 0.214859008789063 0.0580902099609375
0.36688232421875 0.58441162109375 0.205230712890625 0.02252197265625
0.00360107421875001 0.76116943359375 0.212112426757813 0.065948486328125
-0.16510009765625 0.67889404296875 0.157806396484375 0.0321807861328125
-0.29736328125 0.76080322265625 0.204620361328125 -0.07635498046875
-0.31597900390625 0.8167724609375 -0.0856552124023438 -0.0189132690429687
-0.20166015625 0.69488525390625 0.1768798828125 -0.13800048828125
-0.04693603515625 0.733642578125 0.099822998046875 -0.332183837890625
0.09521484375 0.6026611328125 -0.1514892578125 -0.3079833984375
0.3077392578125 0.616943359375 -0.266281127929688 -0.0673065185546874
0.552703857421875 0.422088623046875 -0.197479248046875 0.039398193359375
0.6884765625 0.16748046875 -0.071990966796875 0.0715179443359375
0.7093505859375 0.15020751953125 -0.0442390441894531 0.0447959899902344
0.73443603515625 0.04937744140625 0.011627197265625 -0.0324230194091797
0.6248779296875 0.251708984375 0.0245475769042969 -0.0537223815917969
0.525421142578125 0.450897216796875 0.0871200561523438 -0.00624847412109372
0.34991455078125 0.5477294921875 0.172454833984375 0.00158691406250003
0.0285034179687501 0.70404052734375 0.224807739257813 0.135360717773438
-0.1102294921875 0.6497802734375 0.143173217773438 0.216171264648438
-0.24908447265625 0.7890625 0.0849609375 0.166458129882813
-0.260986328125 0.70367431640625 -0.201126098632813 0.227371215820313
-0.191650390625 0.57794189453125 0.0945281982421875 0.0314407348632813
-0.11578369140625 0.63037109375 0.045989990234375 -0.242446899414062
0.01904296875 0.563232421875 -0.162567138671875 -0.286102294921875
0.24957275390625 0.61260986328125 -0.32342529296875 -0.168670654296875
0.52777099609375 0.42852783203125 -0.38848876953125 -0.071319580078125
0.6356201171875 0.1837158203125 -0.329742431640625 0.061279296875
0.640625 0.1612548828125 -0.279708862304687 0.0680541992187501
0.658203125 0.07110595703125 -0.222732543945312 0.00361633300781247
0.5203857421875 0.24462890625 -0.173995971679687 -0.076934814453125
0.40118408203125 0.394012451171875 -0.00941085815429686 -0.0614051818847656
0.23773193359375 0.425689697265625 0.149490356445313 0.00808715820312503
0.0243225097656249 0.522308349609375 0.211654663085938 0.218368530273438
-0.048980712890625 0.513458251953125 0.112091064453125 0.379058837890625
-0.17083740234375 0.69482421875 -0.0155029296875001 0.392730712890625
-0.153778076171875 0.479644775390625 -0.307098388671875 0.417510986328125
-0.130615234375 0.368743896484375 -0.0163116455078125 0.180389404296875
-0.137237548828125 0.414154052734375 -0.0134735107421875 -0.13409423828125
-0.036773681640625 0.410125732421875 -0.160659790039062 -0.25091552734375
0.1641845703125 0.47796630859375 -0.357818603515625 -0.26153564453125
0.4127197265625 0.345550537109375 -0.548858642578125 -0.162445068359375
0.480133056640625 0.16400146484375 -0.54644775390625 0.057708740234375
0.47723388671875 0.146453857421875 -0.469573974609375 0.0830383300781251
0.48773193359375 0.090362548828125 -0.402740478515625 0.0206604003906251
0.339691162109375 0.215789794921875 -0.303131103515625 -0.108551025390625
0.215362548828125 0.29351806640625 -0.0505523681640625 -0.108184814453125
0.0946044921875 0.257003784179688 0.139923095703125 0.0387954711914063
0.01470947265625 0.28387451171875 0.16363525390625 0.297149658203125
0.00799560546875 0.328399658203125 0.056793212890625 0.489593505859375
-0.08245849609375 0.515106201171875 -0.08905029296875 0.56512451171875
-0.011505126953125 0.192337036132813 -0.376190185546875 0.527435302734375
-0.0208740234375 0.124755859375 -0.108428955078125 0.2835693359375
-0.0946807861328125 0.134361267089844 -0.0616645812988281 -0.0484428405761719
-0.056976318359375 0.174774169921875 -0.162155151367187 -0.216537475585938
0.0580291748046875 0.249404907226563 -0.3760986328125 -0.313018798828125
0.222259521484375 0.199142456054688 -0.65106201171875 -0.20062255859375
0.243682861328125 0.11810302734375 -0.68731689453125 0.0714721679687502
0.239349365234375 0.112548828125 -0.5859375 0.0881958007812501
0.253753662109375 0.096343994140625 -0.509918212890625 0.0128479003906251
0.135055541992188 0.151870727539063 -0.35308837890625 -0.14410400390625
0.0370635986328125 0.160720825195313 -0.0430145263671875 -0.134536743164063
-0.0203094482421875 0.0820236206054688 0.132041931152344 0.08831787109375
0.0173149108886719 0.0577392578125 0.082733154296875 0.3546142578125
0.0541839599609375 0.13616943359375 -0.01519775390625 0.535064697265625
0.00154113769531253 0.2720947265625 -0.13458251953125 0.671142578125
-0.113426208496094 0.0505828857421875 0.10479736328125 -0.67926025390625
-0.0960159301757813 0.0677413940429688 0.074676513671875 -0.546661376953125
-0.0128707885742188 0.131851196289063 -0.020599365234375 -0.35296630859375
0.0720062255859375 0.101318359375 -0.1578369140625 -0.162841796875
0.0961227416992188 0.0102691650390625 -0.02337646484375 0.163421630859375
0.027099609375 -0.0489463806152344 0.3321533203125 0.2237548828125
0.0331268310546875 -0.0620841979980469 0.56280517578125 -0.000671386718750004
0.0366172790527344 -0.0467109680175781 0.60418701171875 -0.0743408203125
0.00335311889648437 -0.0509223937988281 0.68621826171875 -0.08697509765625
0.0373573303222656 -0.0387191772460938 0.666748046875 0.13006591796875
0.0824813842773438 -0.0176620483398438 0.441375732421875 0.25054931640625
0.116958618164062 0.0699539184570313 0.22515869140625 0.160079956054688
0.0253448486328125 0.151718139648438 0.127777099609375 0.00685882568359376
-0.0508346557617188 0.140098571777344 0.160964965820313 -0.257156372070313
-0.0799560546875 0.08380126953125 0.44598388671875 -0.498779296875
-0.18023681640625 0.34381103515625 0.09710693359375 -0.62640380859375
-0.115631103515625 0.28778076171875 0.12615966796875 -0.500335693359375
0.016143798828125 0.32708740234375 0.05224609375 -0.367523193359375
0.117691040039063 0.241500854492188 -0.1341552734375 -0.219436645507812
0.195465087890625 0.16845703125 -0.0668792724609375 0.134147644042969
0.208114624023438 0.0654449462890625 0.263626098632813 0.225875854492188
0.270675659179688 -0.02227783203125 0.50921630859375 0.030181884765625
0.29718017578125 0.0035400390625 0.542724609375 -0.05810546875
0.284271240234375 -0.015960693359375 0.62640380859375 -0.1065673828125
0.273971557617188 0.094635009765625 0.60711669921875 0.07257080078125
0.25537109375 0.199722290039063 0.41131591796875 0.1966552734375
0.19866943359375 0.314361572265625 0.233123779296875 0.111129760742188
-0.022705078125 0.4281005859375 0.15966796875 -0.00834655761718747
-0.141357421875 0.38153076171875 0.171234130859375 -0.231964111328125
-0.197418212890625 0.3721923828125 0.40325927734375 -0.43963623046875
-0.24224853515625 0.6097412109375 0.064239501953125 -0.490234375
-0.136383056640625 0.511474609375 0.170379638671875 -0.418670654296875
0.039581298828125 0.52886962890625 0.098236083984375 -0.378265380859375
0.1544189453125 0.387664794921875 -0.125946044921875 -0.263931274414063
0.27642822265625 0.33306884765625 -0.12054443359375 0.089141845703125
0.367919921875 0.195281982421875 0.1505126953125 0.196640014648438
0.4764404296875 0.03338623046875 0.37713623046875 0.054931640625
0.5172119140625 0.0531005859375 0.399505615234375 -0.02685546875
0.52423095703125 0.0009765625 0.47235107421875 -0.10675048828125
0.48016357421875 0.1773681640625 0.461334228515625 0.00958251953125001
0.42962646484375 0.352569580078125 0.333099365234375 0.121124267578125
0.3048095703125 0.492645263671875 0.225341796875 0.05560302734375
-0.0101318359375001 0.6461181640625 0.188278198242188 0.00630187988281254
-0.17169189453125 0.57659912109375 0.1636962890625 -0.132644653320312
-0.26141357421875 0.61138916015625 0.310150146484375 -0.29327392578125
-0.28021240234375 0.78289794921875 0.00404357910156249 -0.275192260742187
-0.15740966796875 0.668212890625 0.191253662109375 -0.296234130859375
0.0355834960937499 0.68389892578125 0.112030029296875 -0.375335693359375
0.15814208984375 0.519073486328125 -0.1383056640625 -0.29437255859375
0.326202392578125 0.48974609375 -0.189956665039062 0.0276947021484375
0.493927001953125 0.317138671875 -0.00580596923828122 0.136184692382813
0.62408447265625 0.09320068359375 0.178451538085938 0.0691986083984375
0.659912109375 0.09539794921875 0.195068359375 0.00785827636718751
0.6787109375 0.0107421875 0.252944946289063 -0.080780029296875
0.60693359375 0.21575927734375 0.25006103515625 -0.031829833984375
0.539093017578125 0.4228515625 0.213851928710938 0.0489501953125
0.381103515625 0.56280517578125 0.198822021484375 0.0109710693359375
0.03143310546875 0.7451171875 0.2125244140625 0.0490570068359375
-0.1439208984375 0.67120361328125 0.15673828125 0.024627685546875
-0.262939453125 0.75628662109375 0.198440551757812 -0.0807189941406249
-0.27899169921875 0.8157958984375 -0.0838394165039063 -0.0159149169921875
-0.17120361328125 0.69287109375 0.169021606445313 -0.139129638671875
-0.0178833007812501 0.722412109375 0.088897705078125 -0.329833984375
0.10858154296875 0.58807373046875 -0.158050537109375 -0.298675537109375
0.3209228515625 0.5938720703125 -0.26531982421875 -0.0549774169921875
0.55548095703125 0.399383544921875 -0.195343017578125 0.04742431640625
0.683349609375 0.1419677734375 -0.0660018920898437 0.0727081298828125
0.70281982421875 0.12481689453125 -0.0408134460449218 0.0429916381835938
0.72027587890625 0.0235595703125 0.00820541381835942 -0.036376953125
0.6197509765625 0.229736328125 0.0209922790527344 -0.0523719787597656
0.531768798828125 0.425323486328125 0.0860137939453125 -0.0107879638671875
0.359100341796875 0.527252197265625 0.165451049804688 -0.00859069824218747
0.0553588867187499 0.686279296875 0.226104736328125 0.117141723632813
-0.0897216796875 0.6414794921875 0.148651123046875 0.2059326171875
-0.2149658203125 0.78271484375 0.0895538330078125 0.160369873046875
-0.23065185546875 0.70391845703125 -0.18743896484375 0.229751586914063
-0.1649169921875 0.57586669921875 0.0937652587890625 0.0296783447265625
-0.0889282226562501 0.62518310546875 0.0387420654296875 -0.240264892578125
0.0313720703124999 0.553619384765625 -0.1666259765625 -0.276031494140625
0.2645263671875 0.5927734375 -0.32421875 -0.153350830078125
0.531585693359375 0.405731201171875 -0.387847900390625 -0.0546569824218749
0.63385009765625 0.15960693359375 -0.318389892578125 0.071929931640625
0.6357421875 0.136474609375 -0.269088745117187 0.0727996826171875
0.64605712890625 0.0450439453125 -0.218826293945312 0.00628662109374999
0.5174560546875 0.225921630859375 -0.174453735351562 -0.0687713623046875
0.4049072265625 0.372528076171875 -0.0106315612792968 -0.0622978210449218
0.246429443359375 0.4117431640625 0.144805908203125 -0.000930786132812475
0.042724609375 0.5087890625 0.216339111328125 0.19927978515625
-0.033843994140625 0.506591796875 0.124114990234375 0.36737060546875
-0.14093017578125 0.69061279296875 -0.000427246093750035 0.38446044921875
-0.13397216796875 0.47650146484375 -0.28643798828125 0.41937255859375
-0.113494873046875 0.36859130859375 -0.01025390625 0.179000854492188
-0.11712646484375 0.412322998046875 -0.0174942016601563 -0.13201904296875
-0.027618408203125 0.404144287109375 -0.163192749023438 -0.241729736328125
0.175140380859375 0.464447021484375 -0.36138916015625 -0.243988037109375
0.416778564453125 0.324981689453125 -0.548492431640625 -0.13824462890625
0.479095458984375 0.14459228515625 -0.532989501953125 0.0752258300781249
0.47314453125 0.128753662109375 -0.454315185546875 0.0930786132812499
0.479034423828125 0.0714111328125 -0.39276123046875 0.0285949707031251
0.337738037109375 0.201568603515625 -0.301300048828125 -0.0946350097656249
0.219345092773437 0.280029296875 -0.0533523559570313 -0.107208251953125
0.100204467773438 0.248367309570313 0.13751220703125 0.0309906005859375
0.02557373046875 0.276123046875 0.1717529296875 0.280624389648438
0.01702880859375 0.323486328125 0.074615478515625 0.476776123046875
-0.063323974609375 0.508453369140625 -0.06536865234375 0.5540771484375
-0.005462646484375 0.189300537109375 -0.348480224609375 0.528076171875
-0.0135498046875 0.12359619140625 -0.09759521484375 0.283233642578125
-0.0860671997070312 0.13604736328125 -0.0621452331542969 -0.0445365905761719
-0.052764892578125 0.17376708984375 -0.162582397460938 -0.206756591796875
0.065155029296875 0.241928100585938 -0.3800048828125 -0.296539306640625
0.225128173828125 0.185745239257813 -0.65081787109375 -0.174560546875
0.245834350585938 0.108062744140625 -0.6695556640625 0.0913696289062499
0.23919677734375 0.103103637695312 -0.56854248046875 0.10235595703125
0.250228881835937 0.0846405029296875 -0.49652099609375 0.0271301269531251
0.135833740234375 0.146026611328125 -0.35028076171875 -0.12762451171875
0.0399322509765625 0.155654907226562 -0.04669189453125 -0.13232421875
-0.0175323486328125 0.08087158203125 0.133270263671875 0.0815200805664063
0.0190010070800781 0.0552139282226563 0.093231201171875 0.341278076171875
0.0569229125976563 0.133743286132812 0.00650024414062501 0.52301025390625
0.011993408203125 0.2684326171875 -0.10894775390625 0.65850830078125
-0.111122131347656 0.0529327392578125 0.08538818359375 -0.6839599609375
-0.095123291015625 0.0690078735351562 0.0576171875 -0.548004150390625
-0.0103530883789062 0.131340026855469 -0.0281982421875 -0.35296630859375
0.0752487182617188 0.09869384765625 -0.163619995117188 -0.158859252929688
0.0959014892578125 0.0093841552734375 -0.018829345703125 0.165374755859375
0.0255661010742188 -0.0451583862304688 0.339752197265625 0.214447021484375
0.030670166015625 -0.0622406005859375 0.560791015625 -0.014739990234375
0.0362319946289063 -0.0493545532226562 0.59912109375 -0.08636474609375
0.0035247802734375 -0.05010986328125 0.67926025390625 -0.10211181640625
0.0357246398925781 -0.0388526916503906 0.66937255859375 0.11273193359375
0.0821685791015625 -0.0203857421875 0.451446533203125 0.23974609375
0.119842529296875 0.0663986206054688 0.226959228515625 0.1533203125
0.0284576416015625 0.1519775390625 0.127685546875 0.000793457031250009
-0.0482330322265625 0.140731811523438 0.156036376953125 -0.26080322265625
-0.0780181884765625 0.0844573974609375 0.434051513671875 -0.507904052734375
-0.169097900390625 0.349822998046875 0.07904052734375 -0.63165283203125
-0.106689453125 0.29046630859375 0.111083984375 -0.50079345703125
0.025634765625 0.325714111328125 0.044342041015625 -0.36932373046875
0.12353515625 0.238418579101563 -0.14056396484375 -0.216415405273438
0.198043823242187 0.16351318359375 -0.0631103515625 0.137367248535156
0.208984375 0.065887451171875 0.270065307617188 0.218765258789063
0.269638061523437 -0.0288848876953125 0.50787353515625 0.01568603515625
0.298431396484375 -0.00616455078125 0.539398193359375 -0.06781005859375
0.28521728515625 -0.022430419921875 0.61798095703125 -0.1201171875
0.2752685546875 0.089599609375 0.6097412109375 0.05780029296875
0.260116577148438 0.193511962890625 0.419677734375 0.186981201171875
0.20611572265625 0.310455322265625 0.2327880859375 0.103302001953125
-0.01177978515625 0.429107666015625 0.160018920898438 -0.01751708984375
-0.135040283203125 0.385040283203125 0.16656494140625 -0.237716674804687
-0.18780517578125 0.377166748046875 0.390899658203125 -0.4459228515625
-0.2237548828125 0.61785888671875 0.0500183105468749 -0.492767333984375
-0.121826171875 0.516571044921875 0.15728759765625 -0.41973876953125
0.056060791015625 0.527069091796875 0.090606689453125 -0.38079833984375
0.161865234375 0.382110595703125 -0.13287353515625 -0.262008666992188
0.281890869140625 0.32550048828125 -0.118148803710938 0.0945968627929687
0.37274169921875 0.192169189453125 0.155349731445313 0.193817138671875
0.47845458984375 0.02105712890625 0.3782958984375 0.04498291015625
0.5206298828125 0.0384521484375 0.398406982421875 -0.03631591796875
0.5240478515625 -0.011444091796875 0.463958740234375 -0.119384765625
0.484344482421875 0.1685791015625 0.460968017578125 -0.00106811523437499
0.43829345703125 0.341156005859375 0.339080810546875 0.112457275390625
0.31829833984375 0.487548828125 0.223617553710938 0.04718017578125
0.0052490234375 0.64642333984375 0.188934326171875 -0.00588989257812496
-0.1605224609375 0.58184814453125 0.160873413085938 -0.138076782226562
-0.24603271484375 0.6185302734375 0.30255126953125 -0.29833984375
-0.25537109375 0.7940673828125 -0.00354003906250003 -0.275405883789063
-0.13690185546875 0.6756591796875 0.182525634765625 -0.298309326171875
0.0576171875 0.6832275390625 0.10443115234375 -0.378509521484375
0.166412353515625 0.514862060546875 -0.1453857421875 -0.292205810546875
0.335845947265625 0.48040771484375 -0.189712524414062 0.035430908203125
0.50250244140625 0.30889892578125 -0.00373840332031247 0.138397216796875
0.628173828125 0.077392578125 0.181869506835938 0.0637359619140625
0.66473388671875 0.07598876953125 0.1944580078125 0.0016632080078125
0.67840576171875 -0.008056640625 0.246231079101563 -0.089935302734375
0.6119384765625 0.20391845703125 0.247604370117188 -0.03753662109375
0.549560546875 0.40972900390625 0.217254638671875 0.0425262451171875
0.393585205078125 0.556488037109375 0.194900512695313 0.00376892089843753
0.0513916015624999 0.74322509765625 0.213607788085938 0.0346527099609375
-0.129638671875 0.6766357421875 0.158401489257812 0.01934814453125
-0.24420166015625 0.76458740234375 0.196121215820312 -0.0840301513671875
-0.25439453125 0.82733154296875 -0.0838851928710938 -0.0138626098632812
-0.14996337890625 0.70013427734375 0.165313720703125 -0.14093017578125
0.00537109375000001 0.724609375 0.08197021484375 -0.334503173828125
0.11846923828125 0.58660888671875 -0.1640625 -0.29583740234375
0.33453369140625 0.5855712890625 -0.266693115234375 -0.045562744140625
0.56591796875 0.38873291015625 -0.196884155273437 0.0559234619140625
0.6884765625 0.122802734375 -0.0610351562499999 0.0737380981445313
0.70574951171875 0.1048583984375 -0.0393257141113281 0.0411415100097656
0.72052001953125 0.00408935546875 0.00347518920898442 -0.0405616760253906
0.62322998046875 0.2158203125 0.018280029296875 -0.0521469116210937
0.541534423828125 0.411651611328125 0.086944580078125 -0.0146255493164062
0.373779296875 0.51971435546875 0.162384033203125 -0.0154876708984375
0.0739746093749999 0.6851806640625 0.229507446289063 0.102157592773438
-0.0780029296875 0.64453125 0.155548095703125 0.200302124023438
-0.19390869140625 0.788330078125 0.0936279296875 0.158477783203125
-0.21185302734375 0.7119140625 -0.1805419921875 0.234268188476563
-0.14605712890625 0.58294677734375 0.0944366455078125 0.02978515625
-0.0672607421875 0.62744140625 0.033203125 -0.242431640625
0.040283203125 0.553955078125 -0.171798706054688 -0.2734375
0.27911376953125 0.58477783203125 -0.32928466796875 -0.142669677734375
0.540069580078125 0.39404296875 -0.39306640625 -0.041046142578125
0.64068603515625 0.14312744140625 -0.3126220703125 0.079498291015625
0.640625 0.119140625 -0.265838623046875 0.0754547119140625
0.64501953125 0.02935791015625 -0.220672607421875 0.00752258300781253
0.5198974609375 0.216552734375 -0.177032470703125 -0.0628509521484375
0.414306640625 0.362884521484375 -0.0123443603515625 -0.0647659301757812
0.256195068359375 0.4039306640625 0.14263916015625 -0.00698852539062497
0.057220458984375 0.50445556640625 0.222259521484375 0.186813354492188
-0.022613525390625 0.510650634765625 0.136383056640625 0.361236572265625
-0.12249755859375 0.6947021484375 0.01043701171875 0.383056640625
-0.122314453125 0.4827880859375 -0.271331787109375 0.425689697265625
-0.101654052734375 0.372528076171875 -0.00613403320312501 0.18072509765625
-0.10406494140625 0.416015625 -0.0209884643554688 -0.132614135742187
-0.02105712890625 0.4071044921875 -0.16802978515625 -0.238265991210937
0.18719482421875 0.460205078125 -0.36834716796875 -0.233642578125
0.422882080078125 0.31573486328125 -0.555633544921875 -0.1207275390625
0.48638916015625 0.132904052734375 -0.52655029296875 0.088134765625
0.4774169921875 0.11651611328125 -0.449615478515625 0.100250244140625
0.479339599609375 0.058685302734375 -0.393585205078125 0.0353698730468749
0.341278076171875 0.196502685546875 -0.30322265625 -0.0862121582031249
0.225326538085938 0.274276733398438 -0.05670166015625 -0.108169555664062
0.104660034179688 0.245361328125 0.138694763183594 0.0262069702148438
0.032806396484375 0.273361206054688 0.180328369140625 0.271270751953125
0.0245361328125 0.325531005859375 0.0902099609375 0.4715576171875
-0.0476379394531251 0.511199951171875 -0.0499267578125 0.555633544921875
-0.00187683105468749 0.190200805664063 -0.33294677734375 0.5362548828125
-0.00847625732421876 0.123558044433594 -0.0916748046875 0.28729248046875
-0.0810394287109375 0.13873291015625 -0.0645942687988281 -0.0426025390625
-0.0512847900390625 0.177520751953125 -0.165878295898437 -0.203323364257813
0.0711669921875 0.239547729492188 -0.38909912109375 -0.28729248046875
0.229034423828125 0.178543090820313 -0.6583251953125 -0.153564453125
0.250564575195313 0.101760864257813 -0.66326904296875 0.107421875
0.24285888671875 0.0977935791015625 -0.56317138671875 0.11114501953125
0.250091552734375 0.0776519775390625 -0.49432373046875 0.0359191894531249
0.138031005859375 0.143890380859375 -0.353240966796875 -0.11688232421875
0.042449951171875 0.154327392578125 -0.0503158569335937 -0.133392333984375
-0.0165328979492188 0.0807113647460938 0.136627197265625 0.0776290893554688
0.0205764770507812 0.0543251037597656 0.102264404296875 0.335723876953125
0.06036376953125 0.134773254394531 0.022003173828125 0.5181884765625
0.0190582275390625 0.2689208984375 -0.0904541015625 0.6588134765625
-0.10888671875 0.0576400756835937 0.0587158203125 -0.69970703125
-0.0951385498046875 0.0726776123046875 0.036834716796875 -0.55694580078125
-0.00646972656250002 0.134468078613281 -0.04046630859375 -0.358917236328125
0.0808334350585937 0.0967330932617187 -0.17413330078125 -0.155715942382813
0.09759521484375 0.0068511962890625 -0.0131683349609375 0.169815063476563
0.0261154174804688 -0.0423393249511719 0.354705810546875 0.204010009765625
0.0292243957519531 -0.0639877319335938 0.5682373046875 -0.03460693359375
0.0353126525878906 -0.0539703369140625 0.6021728515625 -0.104248046875
0.00360870361328125 -0.0509757995605469 0.6837158203125 -0.123779296875
0.0340003967285156 -0.0400962829589844 0.68463134765625 0.0899658203125
0.0828628540039063 -0.02459716796875 0.4697265625 0.2281494140625
0.12530517578125 0.0620880126953125 0.23370361328125 0.146743774414063
0.03369140625 0.1549072265625 0.129600524902344 -0.00640106201171874
-0.0447540283203125 0.14324951171875 0.150405883789063 -0.271697998046875
-0.0762939453125 0.0881271362304687 0.42205810546875 -0.527801513671875
-0.15576171875 0.362945556640625 0.05377197265625 -0.645263671875
-0.09716796875 0.299468994140625 0.09234619140625 -0.51055908203125
0.038970947265625 0.330413818359375 0.033447265625 -0.378204345703125
0.133224487304688 0.236434936523438 -0.15234375 -0.215225219726562
0.206405639648438 0.158859252929688 -0.059112548828125 0.143280029296875
0.215423583984375 0.06488037109375 0.282562255859375 0.21136474609375
0.273117065429688 -0.039215087890625 0.515167236328125 -0.001617431640625
0.3043212890625 -0.019317626953125 0.543243408203125 -0.085693359375
0.29095458984375 -0.03289794921875 0.6195068359375 -0.1424560546875
0.282958984375 0.083221435546875 0.62158203125 0.0355224609375
0.272445678710938 0.1875 0.4373779296875 0.175140380859375
0.22222900390625 0.309051513671875 0.238082885742188 0.095245361328125
0.00363159179687505 0.438262939453125 0.161880493164062 -0.0284423828125
-0.126220703125 0.3956298828125 0.16131591796875 -0.24835205078125
-0.177642822265625 0.3907470703125 0.38043212890625 -0.464263916015625
-0.20001220703125 0.637939453125 0.031829833984375 -0.5028076171875
-0.1014404296875 0.531158447265625 0.141845703125 -0.430023193359375
0.08184814453125 0.5338134765625 0.07965087890625 -0.39239501953125
0.17742919921875 0.383026123046875 -0.14520263671875 -0.262283325195313
0.297454833984375 0.3199462890625 -0.116065979003906 0.102569580078125
0.38568115234375 0.188262939453125 0.164505004882813 0.191635131835938
0.4871826171875 0.004730224609375 0.386260986328125 0.030029296875
0.530029296875 0.018218994140625 0.399993896484375 -0.05096435546875
0.533905029296875 -0.029998779296875 0.463134765625 -0.13800048828125
0.498687744140625 0.157562255859375 0.467864990234375 -0.019012451171875
0.457672119140625 0.332183837890625 0.35247802734375 0.101715087890625
0.342254638671875 0.48468017578125 0.225143432617188 0.03887939453125
0.02880859375 0.65765380859375 0.191116333007812 -0.0203399658203125
-0.1463623046875 0.59869384765625 0.159591674804688 -0.147872924804687
-0.228515625 0.6378173828125 0.297271728515625 -0.31304931640625
-0.22723388671875 0.82073974609375 -0.01434326171875 -0.279190063476562
-0.11029052734375 0.6934814453125 0.174774169921875 -0.306793212890625
0.0887451171875 0.6915283203125 0.0941162109375 -0.39093017578125
0.185821533203125 0.51800537109375 -0.15838623046875 -0.2933349609375
0.358642578125 0.474761962890625 -0.189849853515625 0.045623779296875
0.52227783203125 0.301971435546875 -0.00024414062499997 0.143569946289063
0.64178466796875 0.05694580078125 0.18914794921875 0.056610107421875
0.679443359375 0.04986572265625 0.19708251953125 -0.00634765625
0.68927001953125 -0.03143310546875 0.24176025390625 -0.101104736328125
0.6297607421875 0.19049072265625 0.25048828125 -0.047332763671875
0.5745849609375 0.39715576171875 0.224822998046875 0.0341796875
0.421142578125 0.554107666015625 0.194625854492188 -0.00552368164062497
0.08001708984375 0.751708984375 0.217437744140625 0.01885986328125
-0.112060546875 0.69525146484375 0.16241455078125 0.011993408203125
-0.21844482421875 0.78826904296875 0.195953369140625 -0.0923004150390624
-0.22540283203125 0.854736328125 -0.0853118896484375 -0.010589599609375
-0.1224365234375 0.7186279296875 0.163192749023438 -0.145767211914062
0.0370483398437501 0.735595703125 0.072357177734375 -0.34588623046875
0.13885498046875 0.5936279296875 -0.177032470703125 -0.296844482421875
0.36138916015625 0.584228515625 -0.27197265625 -0.0337982177734375
0.5892333984375 0.3798828125 -0.199600219726562 0.0684661865234375
0.7076416015625 0.09906005859375 -0.0564651489257812 0.0752944946289063
0.72357177734375 0.07781982421875 -0.0387039184570312 0.0407600402832031
0.732666015625 -0.02264404296875 -0.00287246704101558 -0.0430221557617188
0.641357421875 0.20208740234375 0.01556396484375 -0.0535011291503906
0.564697265625 0.39862060546875 0.0882492065429688 -0.0208358764648437
0.397918701171875 0.516357421875 0.161651611328125 -0.023406982421875
0.10101318359375 0.6912841796875 0.235595703125 0.08758544921875
-0.057373046875 0.66058349609375 0.167205810546875 0.195877075195313
-0.16668701171875 0.809814453125 0.1009521484375 0.157470703125
-0.186279296875 0.73486328125 -0.173065185546875 0.244400024414063
-0.1240234375 0.59716796875 0.0973129272460937 0.0296401977539063
-0.04248046875 0.638916015625 0.0252685546875 -0.24993896484375
0.0577392578125 0.56463623046875 -0.1832275390625 -0.273666381835937
0.305419921875 0.5858154296875 -0.338165283203125 -0.130889892578125
0.56488037109375 0.38311767578125 -0.402435302734375 -0.0209960937499999
0.65936279296875 0.12109375 -0.31103515625 0.0906066894531251
0.6563720703125 0.09503173828125 -0.266799926757813 0.0823974609375
0.656005859375 0.00433349609375 -0.227752685546875 0.0132904052734375
0.53594970703125 0.20477294921875 -0.18310546875 -0.0565032958984375
0.432464599609375 0.353240966796875 -0.0152015686035156 -0.0680084228515625
0.27435302734375 0.40191650390625 0.142929077148438 -0.013824462890625
0.077606201171875 0.50860595703125 0.232315063476563 0.17523193359375
-0.00588989257812497 0.522613525390625 0.154022216796875 0.3609619140625
-0.09722900390625 0.71282958984375 0.023834228515625 0.388641357421875
-0.1075439453125 0.497100830078125 -0.26043701171875 0.44171142578125
-0.087249755859375 0.381317138671875 6.10351562500099E-05 0.18658447265625
-0.08782958984375 0.42608642578125 -0.0271835327148438 -0.133918762207031
-0.01031494140625 0.417755126953125 -0.176834106445313 -0.238235473632812
0.20703125 0.46148681640625 -0.38232421875 -0.223663330078125
0.441986083984375 0.305328369140625 -0.5716552734375 -0.0963134765625
0.50299072265625 0.116790771484375 -0.5284423828125 0.10791015625
0.49090576171875 0.10052490234375 -0.451812744140625 0.112823486328125
0.486053466796875 0.042083740234375 -0.400299072265625 0.0461425781249999
0.353485107421875 0.191009521484375 -0.31103515625 -0.074798583984375
0.236114501953125 0.270492553710938 -0.0619583129882812 -0.1103515625
0.1141357421875 0.245193481445313 0.142410278320313 0.019805908203125
0.0443878173828125 0.275177001953125 0.192535400390625 0.264373779296875
0.036346435546875 0.33270263671875 0.11151123046875 0.473052978515625
-0.02899169921875 0.523651123046875 -0.0307006835937499 0.56427001953125
0.0032196044921875 0.194488525390625 -0.31689453125 0.55401611328125
-0.00270843505859376 0.124725341796875 -0.0826416015625 0.296539306640625
-0.075958251953125 0.143569946289062 -0.0680084228515625 -0.0394783020019531
-0.04742431640625 0.183731079101563 -0.172882080078125 -0.20208740234375
0.0805511474609375 0.24078369140625 -0.407745361328125 -0.278961181640625
0.238265991210938 0.17242431640625 -0.67535400390625 -0.1259765625
0.26068115234375 0.0938720703125 -0.66680908203125 0.1318359375
0.251113891601563 0.0906829833984375 -0.56494140625 0.1287841796875
0.255599975585938 0.069610595703125 -0.501495361328125 0.0502014160156251
0.144577026367188 0.14324951171875 -0.361968994140625 -0.1044921875
0.0469207763671875 0.155502319335938 -0.0568466186523438 -0.135429382324219
-0.0148391723632812 0.081634521484375 0.143646240234375 0.073089599609375
0.0229644775390625 0.0544471740722656 0.116943359375 0.335418701171875
0.0662078857421875 0.137603759765625 0.043548583984375 0.521759033203125
0.02960205078125 0.273544311523438 -0.0687866210937499 0.67083740234375
0.111008815357028 0.135854269425851 0.630015008039551 -0.379799676960026
0.132863199724544 0.0844786900979963 0.539164689921456 -0.279285218260451
0.131081194680068 -0.0446246255061418 0.284784366860792 -0.254179966618745
0.0397328676363404 -0.128212504119496 0.0124303276426736 -0.230609203389299
-0.0686233418180871 -0.0933550329675179 -0.169226454583567 0.102526343202533
-0.080952223311228 -0.0220931349421833 -0.0125039191589637 0.418108893131498
-0.105843574168615 0.0107882361855282 0.244349681524158 0.533198701695673
-0.103029032549573 0.0242597579727423 0.399308255939829 0.533826302125023
-0.0947530060119465 0.020593500290329 0.41170105321378 0.587793635649794
-0.0925945912842486 0.00660211506957063 0.260405053502869 0.633261738818568
-0.0975269959395967 -0.0565514551527446 0.0238675467514582 0.56510408112927
-0.0406418635563533 -0.155109654281212 -0.0398358916625532 0.293374943408482
0.0707165755763875 -0.138363951505461 0.0654229657288102 0.0928693485502952
0.125400793497578 -0.0377684547337263 0.309850017191686 -0.0258501005307772
0.0899963909199065 0.0427134213524343 0.662525712386234 -0.00784907908438999
0.382025291297788 -0.000288523265022975 0.545194626584641 -0.381700533167907
0.310263781377259 -0.0679707437541147 0.487024328211432 -0.230996601159352
0.257780101984059 -0.198863049682615 0.293753112814605 -0.206006179904739
0.121215383975461 -0.268606985586726 0.035472485356739 -0.24583038727116
-0.0349304500041569 -0.282271035162697 -0.197683903344767 0.0573381649805944
-0.113612394803285 -0.235438047645573 -0.0815032000877771 0.37842072617659
-0.214389590494991 -0.221211703082391 0.162242618770418 0.51791771041897
-0.250708546326467 -0.193332117300544 0.337317836085848 0.50839882974994
-0.247343165563379 -0.234332473254836 0.374542247672442 0.540695447732474
-0.155695012583543 -0.268680948072921 0.234577903244743 0.561641830907317
-0.0726014971616738 -0.34008949808907 0.016258949601368 0.50461933657325
0.109757176204006 -0.392589365285387 -0.0289108483950888 0.250515725906979
0.276580740889735 -0.32449276797233 0.0846563162329308 0.0824032168344431
0.364762139908524 -0.131475398746417 0.291350250577498 -0.0354445449171537
0.3761933238431 -0.0366346777928524 0.598634098324878 -0.032911741711405
0.627098747852276 -0.131731957791487 0.379616247753595 -0.347936658954195
0.49213650930909 -0.223278489186285 0.399821587051937 -0.171182941451739
0.395952179043894 -0.355272477276227 0.281662965097681 -0.182555547153368
0.215855703898403 -0.406842476614393 0.0386392998099618 -0.269625271773369
0.0189465600223768 -0.465544455846386 -0.219700733716921 -0.00855308433607813
-0.118598245513166 -0.4411908042159 -0.148192961315535 0.279993575035437
-0.285891478850315 -0.437502595876301 0.0520329631543946 0.424950592954073
-0.363288532537334 -0.384421588517097 0.222569433226331 0.407107351208734
-0.37945119479462 -0.441186256198758 0.279935024534986 0.415782703655833
-0.229357066379267 -0.487534624613077 0.172831162068342 0.414600940671043
-0.0924519063709207 -0.572748259327589 0.00656341516359777 0.390969224205417
0.185791210032928 -0.604143896421355 -0.0163904135216307 0.199235991460354
0.399342014277479 -0.504159398492321 0.0776135218879676 0.0968108272286657
0.529318421799871 -0.244394787765849 0.196065104646238 -0.00701636139085825
0.595684938496422 -0.133621787433421 0.437746586721523 -0.0314710779064109
0.791416979940317 -0.236181734044611 0.140540608618276 -0.274832235896554
0.623505078845029 -0.336072012704158 0.275958987485763 -0.0990347800001637
0.52075807791463 -0.457892132442961 0.251752938942325 -0.183739581872936
0.327360003182535 -0.510312453852457 0.0239780081223324 -0.311561499673907
0.0930685327504182 -0.619687397838792 -0.235708215005846 -0.104348540231332
-0.104441790660695 -0.611822086869978 -0.208638952738006 0.123956250840866
-0.312805698703965 -0.603481304920868 -0.0692986108592472 0.257413150048224
-0.423468378799097 -0.51758819449058 0.0707890024226748 0.244577636754282
-0.459300189082233 -0.57305900397542 0.138611423335934 0.237957620874864
-0.278652213630188 -0.614006921494884 0.0723111102189844 0.224205810753146
-0.119449392244274 -0.699190458013551 -0.0135697597782644 0.241693573484954
0.194145830755337 -0.714337077532736 -0.00892118044948119 0.148689187285121
0.422788344496467 -0.609019868910361 0.0502430855076908 0.13704829993761
0.581898036100939 -0.339691034192502 0.0512614197992966 0.0690071219309676
0.708970493308671 -0.228659225650221 0.207591938487131 0.0100559534980273
0.821019560516546 -0.287673846423935 -0.133119208276924 -0.181024588473042
0.647140986526937 -0.356746428625515 0.118152235624385 -0.0309401182241383
0.590873449648751 -0.447095600042915 0.19173520123613 -0.196983091941731
0.429218107728464 -0.525174870314597 0.00308927323720071 -0.351331141309978
0.178221765826558 -0.69730032317283 -0.22704487722568 -0.227024876319178
-0.0680479210896573 -0.702258516629455 -0.250956065281207 -0.0839384470410454
-0.298217833238384 -0.686782941392331 -0.189649012483134 0.034763551565005
-0.417452787073881 -0.573117231125846 -0.0946474644638131 0.0430731752179678
-0.455448685494802 -0.610198777540741 -0.0247486856537753 0.0377050802336326
-0.263516971381127 -0.634212627429888 -0.0414560923821419 0.0219503829657573
-0.106667886502135 -0.688008869370436 -0.0312224783006391 0.0851526835029984
0.180200335159195 -0.667085102333646 -0.00137576305291716 0.110801309264274
0.36607109535354 -0.582429221879293 0.00826649001774267 0.197442078875377
0.523211390541748 -0.370818929512585 -0.108506255218758 0.174405071333876
0.702436503386777 -0.293311573052421 -0.0447125435768358 0.0876690230380106
0.708918778583056 -0.283631824732146 -0.388153486392183 -0.0913049488166936
0.55178230685333 -0.294420827555598 -0.0594748243559543 0.0125232974071216
0.560104601809236 -0.331369165633969 0.105819474809214 -0.196115365035603
0.465647213013711 -0.435656092782248 -0.00258655751872139 -0.36357869886572
0.230520211888237 -0.651066611720551 -0.174872136990202 -0.355759341904317
-0.0305573100271384 -0.672104311512055 -0.263866822378918 -0.310263579915857
-0.236821645329427 -0.659014062368114 -0.29473577168443 -0.207681597357194
-0.343156780818998 -0.541963311011676 -0.245900139115431 -0.163495512362095
-0.370285623085136 -0.560706674339056 -0.170052763249827 -0.155640290311133
-0.180517883466858 -0.555857846111236 -0.12468878060098 -0.157893787229833
-0.0406729058802712 -0.555793704132642 -0.0219562087933885 -0.0455629324374925
0.1630831111122 -0.487583022325463 0.00975230861668087 0.101710064457824
0.264383421400921 -0.440557688694114 -0.050198128782257 0.257345712438754
0.389304935574673 -0.332780874898565 -0.254313312859728 0.265437577628924
0.593495932739335 -0.307328586778536 -0.272458634343076 0.181084024155158
0.482420402056639 -0.240518552558164 -0.580842967162866 -0.0193488546368108
0.358639157144685 -0.198336177752071 -0.226285202338069 0.0348205001429807
0.413048871570242 -0.174323879148114 0.0211556318291247 -0.16790618216858
0.386757228174062 -0.276358016938775 0.015323579421367 -0.337385214207743
0.220344146972118 -0.478996307281753 -0.0943855395158693 -0.463374541277787
0.00581746819073538 -0.517466565056527 -0.255704408506652 -0.508479272930544
-0.140276297987333 -0.518991823349959 -0.371075301460074 -0.423104240800173
-0.218752252782818 -0.432465389076243 -0.359639374197567 -0.342721970719303
-0.225209908952303 -0.435165827662981 -0.262444831877824 -0.317988348363321
-0.0646874744939177 -0.403926015045277 -0.149228182162754 -0.289888102937537
0.0368105940055292 -0.352963820117687 0.0218103015314386 -0.12069230280071
0.129041249947325 -0.252465270013161 0.0156275993407783 0.122854960586865
0.139670225195488 -0.252280463203711 -0.127101849566295 0.291050456998059
0.223504990234436 -0.256657090633751 -0.367551899047101 0.306472237268489
0.414036697960603 -0.27266420574717 -0.44498940705331 0.264080874861014
0.182366406470332 -0.176713665312217 -0.680198598163642 0.0375558999033692
0.101491352592929 -0.110328763498593 -0.341906910590969 0.0599172605768759
0.172769533417439 -0.022535762395136 -0.0281377260447079 -0.118908553214555
0.211221692788617 -0.0787276118813855 0.0511262039596134 -0.295400931177416
0.159197346007597 -0.216970641637015 -0.0196026332173514 -0.531923016510377
0.045192787871912 -0.26966359729762 -0.242470292654843 -0.637297406953318
-0.02060339452343 -0.292961652012355 -0.412376525438994 -0.565636562390721
-0.0613541904591514 -0.254518499195992 -0.418854209150225 -0.463012446491475
-0.0566412612419821 -0.252534625098457 -0.289987320283441 -0.429745743571327
0.0393870342046476 -0.209298715565567 -0.119251525582909 -0.360099157760271
0.0840648380182529 -0.134051671529568 0.0778309780679821 -0.135094431250361
0.0710986736259427 -0.0424454880756417 0.00124798137536351 0.159291974628411
0.0165051687262973 -0.0797945175165634 -0.211623513572682 0.283736686701626
0.0621711813684815 -0.162440721224209 -0.436030798467845 0.29632017645442
0.193851748987527 -0.195255834233047 -0.552730672221455 0.326543796651079
0.120036152036247 0.127642636874748 0.602381706886422 -0.426446662790435
0.139781951946245 0.0755656728558508 0.518526599144615 -0.320485299265074
0.128357554831112 -0.0541463679850281 0.269238109771182 -0.275947756691223
0.0312644083661975 -0.130846186695942 -0.00542048453226616 -0.233707471984054
-0.0735362770194374 -0.0898065246306251 -0.163465864723363 0.115101122777719
-0.0825991579119357 -0.0206613932963855 0.0166762571866749 0.419497599215443
-0.105068183314081 0.0171145764647192 0.278047487760926 0.514655174931911
-0.102604276149431 0.0328415982840868 0.432885911774412 0.509356084689045
-0.0951494543241522 0.0269358052944572 0.448905619658441 0.560657277519732
-0.0915533398302447 0.0129372076092257 0.303858032221196 0.617279420066674
-0.102269939972646 -0.0488136672236733 0.0648115665411105 0.567938654920003
-0.0529410606482151 -0.152401282150473 -0.0218973164817172 0.295894608951629
0.06250239162505 -0.144114999878171 0.0727753393741095 0.0867861041928568
0.123907379564709 -0.0446697171289771 0.309720171516338 -0.0462869651657976
0.0931106466421097 0.037295022511104 0.662779902462196 -0.0514155339335348
0.382013993205315 -0.0288582249740715 0.519432780633701 -0.42222004278272
0.30565820331828 -0.0903936299962376 0.468744913367854 -0.265826860835797
0.242612683279772 -0.217186100384586 0.282423150305491 -0.227291314158646
0.103861955247581 -0.276069636802545 0.018024443923986 -0.251628957767725
-0.0534429299338019 -0.279645508860028 -0.193658801374781 0.0713327858264611
-0.130020052086832 -0.23366512181645 -0.0565202414512537 0.383820468208812
-0.229941053801924 -0.208064862219257 0.196772908984215 0.506186169330447
-0.265394475970462 -0.174366285920757 0.369356729358901 0.485411606907543
-0.265236963789695 -0.219659430914813 0.409151486997514 0.5156094706235
-0.172872017523579 -0.261453440094417 0.274643440181469 0.547041459859877
-0.0967721820276707 -0.336162838991988 0.052907410809623 0.508215925696148
0.0831773595393672 -0.402738502344531 -0.0141740175872207 0.250788279964478
0.256696461261632 -0.344431203205481 0.0929781799544386 0.0726232125776514
0.359440394585133 -0.154299175103717 0.290750958702149 -0.0551978978486806
0.375985395499212 -0.0629685819439965 0.59937824339684 -0.0722001662064651
0.61978114555311 -0.18000446507829 0.35309071526606 -0.376021297207703
0.476507499918358 -0.259056860427478 0.386759917622191 -0.197946790852173
0.369414493305721 -0.384969488827452 0.27268019543269 -0.202572652901782
0.190962443191994 -0.421301681650164 0.0204815714289102 -0.276259414028005
-0.0124060578414092 -0.466982173151004 -0.220604248308168 0.00784028058348973
-0.148208575608901 -0.440067439560836 -0.132050736733843 0.291285566315807
-0.31685466649403 -0.420438775283105 0.082573218438272 0.419755422774068
-0.391226473006259 -0.358638673331689 0.248643412914253 0.391606933053906
-0.413594254699041 -0.41742092938351 0.30658577657027 0.395616909476863
-0.261674306220495 -0.477333704406294 0.202118192287228 0.4039034154496
-0.131476749792831 -0.570008919703077 0.0372686142400956 0.393384793298952
0.145458165091508 -0.621752650357139 -0.00532619985535231 0.198841291591412
0.368063140298302 -0.531907731355325 0.087226576580116 0.0853907076068022
0.517907596373991 -0.280575816539434 0.197155404884472 -0.0214914299669723
0.590611955397259 -0.177073734563634 0.436335137959019 -0.0606561248878361
0.775075225035323 -0.296329022273233 0.120323841089932 -0.284551921167537
0.598400951353295 -0.382632845132411 0.267477565084079 -0.11420975404324
0.486866284133476 -0.498115049371258 0.242406350017106 -0.20258523607827
0.29842616330884 -0.533016598486412 0.0033015571610839 -0.318665155069799
0.0506662874290691 -0.626523223077209 -0.24257963992425 -0.0862820130956255
-0.145178325372873 -0.612136991726982 -0.204265751179574 0.139980197516894
-0.357525464767881 -0.584812268464808 -0.0480610800150326 0.261050831155387
-0.460636642521441 -0.487186876474781 0.0871065592447239 0.237622894543201
-0.501685826939665 -0.541791414774083 0.152334295121236 0.22561433128955
-0.318658393991252 -0.601242143991452 0.0866755205145419 0.218291874637063
-0.16832597609618 -0.692732793230339 0.0070410708950793 0.24357319168968
0.14595032413574 -0.731443680773019 -0.000864154985813053 0.146389114208432
0.382638264739639 -0.640536147927448 0.0638642501029476 0.126347313975339
0.564992565840535 -0.380432528587698 0.0582091482516384 0.0644883642753821
0.696446167890578 -0.280663447558605 0.20804122356486 -0.00416590889612977
0.804866779173586 -0.350195974741019 -0.146206825463747 -0.170557669255965
0.620636702624215 -0.405381922883491 0.114358784364324 -0.0337591774039694
0.556255006646271 -0.490634300680997 0.181756411989146 -0.21093231045811
0.399014219511297 -0.555728867865574 -0.0189081769613597 -0.357048319165701
0.129983162406184 -0.710721289276579 -0.242285872804482 -0.20979318734855
-0.116736863427288 -0.705181377670575 -0.261707079324388 -0.0640103700712657
-0.34728325771676 -0.670837250616596 -0.183779048798476 0.0475889647064401
-0.45692802548479 -0.545083156148361 -0.0908777578004139 0.0464673941338243
-0.501871583790868 -0.580675264693964 -0.0252105702393735 0.0356117013755584
-0.306890092893819 -0.62316220546911 -0.0417708194624448 0.0239323766864353
-0.154091090238481 -0.682816488501851 -0.0224785470344137 0.0858276497621803
0.136000171954731 -0.684326359162943 0.00556174428950093 0.108717332655773
0.327759952615211 -0.608474054836062 0.0263479575718014 0.190731290338022
0.502424566892929 -0.409591864295652 -0.0940874994104858 0.18111728499073
0.684141520295484 -0.345622535211522 -0.0396445631741475 0.0905632648614869
0.695249597244168 -0.33482011818958 -0.394618080248401 -0.0632807526169813
0.532081604856054 -0.332636768391407 -0.0596936411414543 0.0207804782682171
0.537486867675755 -0.371694226639673 0.0937281041479869 -0.205651251977853
0.442482107144397 -0.470306655562401 -0.0258348255209021 -0.367496038386808
0.185791394206993 -0.666646493488976 -0.199737880187551 -0.343323142608969
-0.0756487203559271 -0.676522584248102 -0.290603464901688 -0.289533547860783
-0.285738436060764 -0.645932764072875 -0.30519032414154 -0.18761432606889
-0.38311670839001 -0.519284548813193 -0.255595811766114 -0.15005341501449
-0.409952518095073 -0.535798972109491 -0.183455251287731 -0.147712688107123
-0.217550958360353 -0.54855145223025 -0.137873287656207 -0.150672348044878
-0.0777561849658416 -0.554683490827292 -0.0227709872451753 -0.0466414869360362
0.130604933442398 -0.500799879238793 0.017431288665709 0.099689585581971
0.23432217447137 -0.458391463291771 -0.028551544542684 0.256161907490906
0.369303551924246 -0.361729834570069 -0.233161384338968 0.282468685863015
0.573750282159622 -0.354114844307209 -0.262008726885018 0.198635589312505
0.470002279793903 -0.276282333717747 -0.581705485102762 0.020409424604472
0.343815004800116 -0.222402267427915 -0.225059901107276 0.0542862042906922
0.400624095023935 -0.203634806810087 0.00843871139317785 -0.170177832432396
0.373898812295721 -0.30353165038472 -0.00549091834519654 -0.342245480076181
0.188187875144875 -0.494139289347088 -0.125078688700136 -0.457003543230424
-0.0284765205057302 -0.522347643116761 -0.293895316802045 -0.490019192571856
-0.180579066346348 -0.511275342857275 -0.3967543525752 -0.395620886341225
-0.248502036522456 -0.4173937060849 -0.381526216346366 -0.321499370957198
-0.255572392762777 -0.419476025164896 -0.285548901430842 -0.302761273748384
-0.0897476780647669 -0.403813000761446 -0.171095312652666 -0.279621289204377
0.0136670526322801 -0.35476669278279 0.0151522325384008 -0.125421377546025
0.112523177371635 -0.261181953427119 0.0264623485180665 0.122255932502266
0.121196567955473 -0.261050230743025 -0.103197578769025 0.296513957726361
0.207197023022179 -0.274880708437592 -0.342727113036858 0.332514068423353
0.396948398502775 -0.305183554463322 -0.429102459718499 0.294604080355444
0.173293795134602 -0.189506989364568 -0.674467748545564 0.0847607922444958
0.0925466782105608 -0.116643713993706 -0.339429550605631 0.0862521804376587
0.171536623629729 -0.0340450787972865 -0.038874369583141 -0.116919899283684
0.209266751236651 -0.0932280566659483 0.0334168212590087 -0.300547317266311
0.145097668401793 -0.226676181285113 -0.0563109074781696 -0.533584079316647
0.028193598249213 -0.273772869041446 -0.289380655149379 -0.621723689273267
-0.0437284785829471 -0.293629769093081 -0.448551209314601 -0.536212748509487
-0.0793243637741484 -0.252392889266952 -0.448406773441566 -0.439699944241122
-0.0735424609919441 -0.248366781734293 -0.321182111185691 -0.413803207025227
0.02625171670311 -0.21400005168922 -0.145642524371181 -0.351481883488012
0.0760648807155042 -0.13903471586042 0.0699091775579258 -0.14229535062541
0.0689682172338979 -0.0458184428926458 0.0148094996983906 0.16070134415303
0.0111353552603096 -0.08101842736834 -0.190211647831936 0.297097041200144
0.0511539017596547 -0.169170866748017 -0.413661304676777 0.323677932643276
0.181342193040158 -0.210202860739306 -0.532011269156623 0.363592104402936
0.124898757158291 0.117340326383132 0.563602814389224 -0.45821511061795
0.142295140559868 0.0653685878698029 0.486163220411325 -0.349885502073624
0.122250745849163 -0.0618001522988761 0.248996287979715 -0.288364267266607
0.0218207979692688 -0.130951228246572 -0.0215026673192933 -0.230230785860235
-0.0771699429915154 -0.0850651996997032 -0.15432452147261 0.124320848251546
-0.0831538861143983 -0.0182100790597241 0.0421050451294696 0.410618557951799
-0.10222460718055 0.0226459044274901 0.304004008791717 0.486420833195066
-0.0989326851533746 0.0410054441136632 0.453687340631585 0.473973904584064
-0.0928514963083903 0.0321015110591931 0.473497259791504 0.524700585613668
-0.0887799265313317 0.0177145364259685 0.338242764148585 0.588837060344085
-0.103441605400307 -0.040015245288523 0.101193884118172 0.555614204795313
-0.0625807917524005 -0.146419749319863 -0.00556364580567731 0.291528327198986
0.0539021375236927 -0.146905204853379 0.0769717600129643 0.0786260739487022
0.120262039884612 -0.0497021778954852 0.302599881023818 -0.0639977568544087
0.0940013653015763 0.0309661246889546 0.650141760598959 -0.08991419160443
0.373461391012353 -0.056079765033816 0.481114455808323 -0.448218640970785
0.294129672219218 -0.108470857955456 0.440977904725415 -0.291503561696487
0.223436536586068 -0.229898963971829 0.265287413542424 -0.241267964069544
0.0862014938250722 -0.277501344199094 0.00209760382838995 -0.250192267719033
-0.0686493629834042 -0.271422742697496 -0.185669074944765 0.0835953536630064
-0.142522386460081 -0.226095602429115 -0.0333539304846538 0.380917434204824
-0.239539924008399 -0.190853584142536 0.223711377583748 0.480879796496501
-0.272305869115876 -0.153626287346423 0.390499126964489 0.454090935096133
-0.277219504409729 -0.199060100098897 0.432107671337888 0.480724348819948
-0.185880146319388 -0.249497603807743 0.304396522842329 0.519777417766358
-0.115685354622477 -0.323923351931893 0.0864574124396496 0.498241649117086
0.0573765654437649 -0.402228939789784 -0.000851939636469994 0.246275919279504
0.232747063295841 -0.355935790978029 0.0966502059624087 0.0611718129277194
0.347116260773774 -0.17274088256948 0.283598462276091 -0.0723053727482057
0.366705630944785 -0.086330913470526 0.584665303433785 -0.106956764468998
0.597324200401232 -0.219950275035821 0.321383972893106 -0.391249826766736
0.449853778755597 -0.285736135656672 0.364920009902606 -0.215748718285408
0.337268355269954 -0.402599136425297 0.257811895279168 -0.21702429566319
0.164443070309642 -0.425833625995528 0.00320397410133804 -0.27661096511481
-0.0395847087688427 -0.455724448630062 -0.214606468189722 0.0217573711792149
-0.173684179440931 -0.429794944702525 -0.114569511541387 0.296385230856395
-0.338651214387834 -0.393875822572606 0.107388256285943 0.40352675549324
-0.408396494764243 -0.325008987690839 0.265540307656643 0.367605142383165
-0.434122707314379 -0.384993636478516 0.323152353304555 0.367179713033858
-0.286837725382399 -0.458253726509882 0.224426889898801 0.38373450627284
-0.165660534660865 -0.551646533844689 0.0643345515950312 0.384951248930396
0.104716291122597 -0.623697769329358 0.00452174280132343 0.19383629368023
0.330395843952031 -0.546820259733907 0.0929823961485351 0.0720844322852985
0.496181072549685 -0.306442007658991 0.193651010562064 -0.034507212583853
0.568914770920831 -0.211676625852826 0.424483268240633 -0.0848585009495636
0.746471069772107 -0.346223377299044 0.0991043286554292 -0.286548386313555
0.562385126849057 -0.41223551629641 0.254952970801072 -0.125236749794684
0.445089535648359 -0.521641589998145 0.227098911844067 -0.215146333545754
0.263842600539693 -0.543805175309743 -0.01692701104907 -0.317907831267156
0.0118381725739958 -0.616729593340293 -0.242019215229464 -0.0692609870603786
-0.182093007862589 -0.598281349478008 -0.195560716814754 0.153108587763301
-0.389037562894081 -0.554562767224983 -0.0289718800294113 0.256255630012654
-0.484948537816348 -0.451266555282393 0.0987401875725148 0.225425466365243
-0.529116107554055 -0.499325882123877 0.160571761682524 0.209663834130294
-0.351046671345045 -0.577610599236213 0.097499239534624 0.208882831927174
-0.208034435066395 -0.671413278045138 0.0246923474329701 0.237664839554766
0.099412793555184 -0.732733983826544 0.00626654693690227 0.141910044831387
0.33783865662107 -0.652799257567036 0.0723986101720599 0.11230666434048
0.535462859176917 -0.408900007170993 0.0625814305304817 0.0578836185947045
0.667996065060676 -0.322367822561972 0.203327994308096 -0.016930381319662
0.769553768277442 -0.401585241273404 -0.154944630675765 -0.15610533905099
0.582611650760915 -0.436358538250548 0.110958412897468 -0.0359095027706969
0.512064450716804 -0.518669567642925 0.166836817498838 -0.219753848553814
0.364635921720954 -0.571563584157711 -0.0403530129999225 -0.355860770701615
0.0844714409725229 -0.705532783253002 -0.249321020801082 -0.190554749950494
-0.160519259042926 -0.690234368342166 -0.265243544176024 -0.0425767928987988
-0.386758925541573 -0.637511375669778 -0.173395658425197 0.0559066356490456
-0.485459686091196 -0.506361932828229 -0.0865824076185553 0.0483151978203331
-0.530149939606038 -0.538467478471085 -0.0264692576231921 0.0337470133066855
-0.338992427739607 -0.599228381331849 -0.0421966735582962 0.0253312482589527
-0.194186661148742 -0.662116961320133 -0.0146858053942702 0.0829559992432845
0.0905858168785267 -0.683138601842048 0.0111966396315885 0.104780643102983
0.282248720593758 -0.618833371927992 0.0404032577384096 0.17856318211036
0.471250795551049 -0.435229083927209 -0.0792038142397409 0.181930814967916
0.652596521719198 -0.385835165037073 -0.0352666672286681 0.0912146310496567
0.662892706361263 -0.377817337345436 -0.390039785635172 -0.0354080988647282
0.498358402525438 -0.357863236999108 -0.0554929609711319 0.0292905345439026
0.503159977824153 -0.399169772138522 0.0800156042473322 -0.209480934146466
0.412238664031433 -0.491424670933775 -0.0479956631185075 -0.364952367257338
0.142791956298345 -0.665208423179067 -0.215631796348822 -0.324504284153999
-0.116081586914679 -0.665120789559887 -0.308270520444072 -0.263519045039198
-0.324853400362811 -0.618542023139371 -0.306806280488359 -0.165599852341411
-0.41017853748929 -0.487072928970556 -0.259289542480377 -0.13460846593419
-0.437594156304617 -0.498322675380646 -0.191466831388442 -0.136172333348211
-0.246290158436826 -0.531193957379099 -0.147665130381958 -0.139327834225214
-0.109566920548988 -0.538029758132013 -0.0235161464218017 -0.047897438830075
0.0981034287905147 -0.499673538052323 0.0245027200603508 0.0952622574887186
0.19988524433918 -0.465170668111924 -0.00962727225595039 0.247668792199364
0.341144684394238 -0.381834728195607 -0.208289761104902 0.290415918696201
0.542351194159664 -0.385934749542598 -0.247167823913975 0.210946469993538
0.445668226773699 -0.302645734809626 -0.567319005393443 0.0571218511275653
0.322450611480996 -0.23802832871511 -0.216026774226567 0.0707242634041754
0.38056931253135 -0.224608889717232 -0.00310093684942909 -0.168823009795863
0.353761697341369 -0.322481421195273 -0.025830801596731 -0.338967497752463
0.156424899427812 -0.495935769952941 -0.150379233742174 -0.442176137465314
-0.0598093708216502 -0.513711105408208 -0.321876842663416 -0.461264767171705
-0.21467219738951 -0.492903911711156 -0.410204244822858 -0.365007649741369
-0.273086374862917 -0.396125779276966 -0.392946368954264 -0.29438934311506
-0.277973369215324 -0.394468668344231 -0.301481293906607 -0.282491451845175
-0.112473189381548 -0.393946113571239 -0.187264139060752 -0.263250323023604
-0.00655405431403041 -0.348149481928388 0.00839249209467391 -0.12732991046237
0.0954010994775365 -0.262726133719766 0.0363818348409164 0.117858456376975
0.101866567536287 -0.263655179951956 -0.0809410522052305 0.294659130478736
0.186591633088582 -0.284854538183102 -0.312589517838416 0.345372265225382
0.371656437919905 -0.326300825284378 -0.406289515137043 0.316615102528752
0.160691540468143 -0.197653590186933 -0.654160876034676 0.122903346801112
0.0824167448184417 -0.118925642177756 -0.327784043391249 0.107462519519647
0.166033133104235 -0.0439346083929958 -0.0471412222843241 -0.111593891462935
0.201719341015904 -0.104361723686848 0.0157537674703704 -0.298672843196946
0.129957965884806 -0.231165204502822 -0.0874665035158115 -0.522746486762358
0.0106243236185421 -0.271631197366322 -0.321909890055124 -0.590703984370289
-0.0647192700773879 -0.28584577557198 -0.470366469372279 -0.499262284327026
-0.0949959950655784 -0.244883467863135 -0.465673189099756 -0.406290132148244
-0.0872328656589937 -0.239318601874315 -0.339925571202837 -0.386990612726272
0.0133390303362336 -0.213255170390071 -0.164726685822292 -0.335100384213898
0.0677067419344066 -0.140780540049703 0.0604081525958366 -0.146232337353421
0.0654994990521911 -0.0481826277747482 0.0273903047990276 0.157798506394822
0.00551493111065345 -0.0799353620348638 -0.166951105705335 0.301860902913627
0.0396047361200706 -0.171214995032801 -0.382746503027441 0.342362287035564
0.165792766557954 -0.218467359406935 -0.502511688251288 0.389972385416741
0.156727404080382 0.0577462487572678 0.356032575882574 -0.613132728821012
0.156451655103926 0.00193509327319817 0.318537135369114 -0.48427243175234
0.0887545047550387 -0.103798388284427 0.135042986260456 -0.344454268832055
-0.0288907265351229 -0.129305095572172 -0.0911723068378955 -0.204630733535066
-0.101352363223688 -0.0511806330115961 -0.0953434872818002 0.164634740384383
-0.0833031207291563 0.013611233216269 0.18214896804432 0.360133424905136
-0.0855751338875284 0.0595314048044774 0.450024214637339 0.335614856882941
-0.0722892396531039 0.0723663233936002 0.574410356616594 0.273471917872604
-0.0739696437673584 0.0621338163710141 0.607583812887653 0.31943484745069
-0.0737206901000823 0.0424118030907932 0.506647069087773 0.426958232236035
-0.108320698090908 0.000278685347623027 0.284730074308901 0.469808108460259
-0.107637265955354 -0.112680907894208 0.0912774410668022 0.271441037232781
0.0014313435840534 -0.154110522039557 0.0942730645942427 0.0479417162158004
0.0930104315077178 -0.0861172871222752 0.256586611083365 -0.158599519681545
0.0945908633458363 7.77303844676988E-05 0.565740961496096 -0.28709423233277
0.325995249012643 -0.195241741271589 0.283597092500653 -0.563028827296255
0.23273449134675 -0.21416795357106 0.302194639303005 -0.401133591413042
0.12033507105127 -0.295423775004785 0.174480079775591 -0.29746462270425
-0.0239489157624411 -0.286570163431682 -0.0694172350909548 -0.224794974116495
-0.156696874078369 -0.223591092074372 -0.130386870590389 0.139999946890401
-0.208838216306032 -0.15609552050554 0.110963834577842 0.359765354093333
-0.288297373598628 -0.0920942133329864 0.381744295683099 0.3630310285188
-0.294394420482208 -0.0455936174934765 0.516488015171362 0.273815244439536
-0.320466244060286 -0.0859077890642065 0.557652886330728 0.291726232789291
-0.254236714836198 -0.17097163387992 0.457890155862568 0.377685423312557
-0.215383333619296 -0.25550629097651 0.257741515053031 0.426577161422101
-0.0836466351272457 -0.390389730019657 0.0791610774289978 0.234291491716699
0.0951757604531103 -0.40439096533482 0.100772034420447 0.0256531938263209
0.261664310332069 -0.277330907996541 0.231798586874457 -0.163282077128466
0.311049209823478 -0.198592660177402 0.491515694296359 -0.289039749143879
0.47716182573924 -0.43100163888611 0.156924937862118 -0.444396020159499
0.311539299190875 -0.434752346662316 0.263549060257986 -0.292762433341527
0.160929013416836 -0.494533172517874 0.182813764578884 -0.261457957572048
-0.00669428143298047 -0.452029401658798 -0.0708628608301251 -0.244227074404374
-0.193159597458292 -0.400964525789913 -0.16979222537318 0.095690330842878
-0.308031903718475 -0.33119080158087 0.0143975957542402 0.312104380884534
-0.452727669551494 -0.247353559621846 0.254406491101018 0.337634609234901
-0.476818653502476 -0.158298456684043 0.377572263634096 0.237091626260286
-0.526876322852097 -0.200442471060986 0.423970231205752 0.222431675809668
-0.418639191171012 -0.330488867847431 0.342616858398747 0.28179728490296
-0.338607357227009 -0.447129049957859 0.204053525389573 0.334594426171401
-0.116620631380884 -0.610107560273084 0.0676856640048554 0.189250098587329
0.120294283880637 -0.612865061074147 0.0962943114164874 0.0374526885471882
0.353523612587255 -0.453467874615299 0.157328936181325 -0.100376316188352
0.460323566998515 -0.382924756042065 0.344281419250814 -0.22189928286241
0.567315399259163 -0.602014792011495 -0.0121506767385637 -0.26401191358116
0.368244352726221 -0.592028298963365 0.196611864770443 -0.162782161322567
0.217646690020017 -0.642182616016753 0.161514069110623 -0.241136670171955
0.0392271123736809 -0.597878246311426 -0.0979148978073662 -0.268077633644735
-0.202220564581901 -0.567148583624206 -0.219242732167183 0.0257504300545594
-0.373585923685313 -0.485076737284371 -0.104353120416227 0.212264151079516
-0.559076340349316 -0.3786304900319 0.0824556782798583 0.254534334568818
-0.588257027141859 -0.243843207222894 0.179524065022135 0.162673658519168
-0.651534620317382 -0.273941943518199 0.221648362207677 0.132045250921929
-0.518050491602385 -0.415511945672304 0.171255692560378 0.165218992976999
-0.417984539298187 -0.54047490320933 0.120503199602039 0.214229024871422
-0.157560280086569 -0.708076095610206 0.0534507992119512 0.141888864596892
0.0913481634982799 -0.711340018852349 0.0896545812988864 0.0821472102811614
0.355111626923494 -0.562090847118531 0.0657256835304724 0.0271668123942032
0.5164221284491 -0.521164504348324 0.15884405699131 -0.0894131370881096
0.572429088598565 -0.659902843237641 -0.199005639612182 -0.0561444813677156
0.379316927653328 -0.616365973708817 0.0968916622441141 -0.030863131774447
0.281501930262515 -0.664063514714452 0.10110195482587 -0.221453900469829
0.122468121372189 -0.663453351975904 -0.134936038898186 -0.28880694336413
-0.165608264549116 -0.674174907787378 -0.265011229129244 -0.0797412241477095
-0.38712932243302 -0.577216668014998 -0.23238913447459 0.0588926153931228
-0.586645530845502 -0.458382910273176 -0.118568103045052 0.124645319429144
-0.607993027308654 -0.295878851755321 -0.0493279900211403 0.0654064922019241
-0.666136513406768 -0.30778352510199 -0.00753122892978023 0.0348253795077727
-0.513465463394993 -0.438593104137186 -0.0182949135134853 0.0442882199144834
-0.399566988786959 -0.537724424104217 0.0303792790380823 0.0859480003016045
-0.14758818190473 -0.65927542098749 0.0466584380230881 0.104247681180895
0.0533434336415371 -0.659902822539587 0.0838096184379977 0.152382283779388
0.286419747450626 -0.563812008728908 -0.0233708246487678 0.188574480929474
0.480499766426353 -0.575002066565965 -0.0262269621356558 0.08681281578922
0.481811336078928 -0.597063732478547 -0.372549872991948 0.130002447006538
0.330731202350592 -0.511740460686351 -0.0361808064678006 0.0790873779258218
0.317754935004767 -0.549350003849743 0.016031533790788 -0.184491817438841
0.195813477659504 -0.606584528519311 -0.150070580598614 -0.292710367257224
-0.0985482724318418 -0.660424393090021 -0.281641492294806 -0.212536753878429
-0.339148447414093 -0.570666139968842 -0.348392187436087 -0.126901442308347
-0.524393772030738 -0.463812242379936 -0.320177830581769 -0.030624133434058
-0.534687464303267 -0.306653176218318 -0.271090331785936 -0.0399289935848379
-0.567688305286296 -0.304130553005855 -0.216180069841708 -0.0635962853739928
-0.405758154144581 -0.405697945642403 -0.17172826815109 -0.0710537905176049
-0.281469901827441 -0.45335130278301 -0.0267601345803424 -0.030190081554665
-0.0779662412949733 -0.491511893874632 0.0557824560313228 0.0876669728028532
0.0305215939392629 -0.491428667142155 0.0652958345234853 0.231205872088066
0.18384546583336 -0.472503480537599 -0.104485537111006 0.331378924019947
0.379259467615221 -0.540396152063769 -0.179409995958966 0.265272482336024
0.307513698504571 -0.443856808046011 -0.502723959079383 0.265453847770967
0.212235365395415 -0.334663917237174 -0.171885969393614 0.159451191898078
0.269234463097212 -0.34416841971062 -0.0558582105282023 -0.128338621127026
0.205223347315665 -0.428705124493098 -0.128072656105424 -0.281251518764761
-0.0290895308811225 -0.511812731094706 -0.268558773520185 -0.345699417039477
-0.23378164042656 -0.455837489673798 -0.43631327189002 -0.304922798351148
-0.378176936003681 -0.387053991201682 -0.487869741827938 -0.17829387706088
-0.383321006760921 -0.268911004804472 -0.44953191233985 -0.136661587169715
-0.385757850643517 -0.264313912569229 -0.365488226779239 -0.158161533372669
-0.235666940216097 -0.324716173319442 -0.252206847471686 -0.172452242288347
-0.121379959647772 -0.314659861216223 -0.0302769969590213 -0.114968460287677
0.000529501159052348 -0.272341456713845 0.0738712335884205 0.100450680538015
0.00586714045122954 -0.27464540451178 0.0196406074017344 0.297993039783686
0.0756719437442427 -0.329796304731879 -0.178580429450821 0.416585323298302
0.23958841086876 -0.42827294799203 -0.285192260605002 0.413745015590833
0.0788636346919683 -0.239335734707528 -0.558605925430487 0.34320307503042
0.031704026734221 -0.135424868863851 -0.262047267858781 0.217746966281893
0.136677923118909 -0.100158825418066 -0.0841244272970843 -0.0746438204189397
0.146381245206842 -0.17240246943945 -0.0845339201754111 -0.269590825439448
0.0388350019197286 -0.260499467009973 -0.247080025907704 -0.446475808880879
-0.0868323886060428 -0.258045774820899 -0.490284834174554 -0.427349567445625
-0.165826208660719 -0.24629664392878 -0.598339988901255 -0.284642540718604
-0.171579494643509 -0.191610771924788 -0.558096393935473 -0.211729176539871
-0.159793704629095 -0.188874065880622 -0.437539278702043 -0.24060413814946
-0.0603119262963316 -0.199808948452803 -0.25906449719832 -0.246397465727446
0.0159095332405716 -0.151135991225325 0.00646648116980271 -0.150299542536959
0.0445146430615701 -0.0657521367720665 0.0788820259544949 0.136564866192432
-0.0208442595906377 -0.0752513097279801 -0.0538345721201561 0.331861805734657
-0.0196716591827988 -0.174354281316702 -0.24066112269158 0.437207058997372
0.0849612546510269 -0.260866952696753 -0.346033972669769 0.514432049808176
0.156201008136342 0.0520411160070985 0.33161497872453 -0.617761558058632
0.154877684791323 -0.00323459715135323 0.295692630559018 -0.486423195097735
0.0844872469571077 -0.105740449141926 0.124756580191603 -0.347110151566025
-0.0329259693136788 -0.127198289702769 -0.0973177131833976 -0.201786001555444
-0.101902921017426 -0.0495454948307643 -0.0894173182104073 0.165758163396248
-0.0839551386862463 0.0142516373074197 0.19190901319855 0.350260419323805
-0.0834158982223434 0.0613372361913184 0.45000040945789 0.31885051781676
-0.0682160977507946 0.0745955900545393 0.572580344093174 0.256762219929972
-0.0718263025323187 0.0648538678844551 0.609933247793798 0.299538128075995
-0.0715722839633603 0.0440304457844186 0.51684580529621 0.405790055841568
-0.105888089055376 0.00426964891474255 0.298038304793479 0.455308645175072
-0.110580336855089 -0.107775869455303 0.0970156617463386 0.266300023029455
-0.00394268021795338 -0.154135598912596 0.0939433147740144 0.0428272877456011
0.0902690754210785 -0.0878507018103883 0.249679244866475 -0.164575374659322
0.0934778693106269 -0.0031429065697143 0.552926230657941 -0.30090640369957
0.314365411795291 -0.20510644562908 0.260941415167816 -0.565591770012037
0.223061373674773 -0.218902183997737 0.283870971138228 -0.404665228137271
0.108193733581437 -0.2955901176226 0.165081730258527 -0.301352510785334
-0.0321856208623408 -0.284290464247317 -0.076935121548006 -0.223703280958786
-0.160097875866805 -0.217266423679518 -0.123800512125774 0.140783728734653
-0.213759729004616 -0.150020838770475 0.120527233280249 0.353463691528058
-0.28926651372657 -0.0818279531485953 0.383468365216428 0.346302337752249
-0.292148325683153 -0.0356713054820637 0.513671358511844 0.25858111966734
-0.320514797185612 -0.0737216119685204 0.558979520838968 0.272501159848055
-0.258157798104954 -0.164008725668919 0.466018832399066 0.357674546260977
-0.22008432369778 -0.246606485442979 0.271088405908473 0.413303361459948
-0.0953222409052158 -0.38437466163578 0.083749171181121 0.229593913498241
0.0823907194298825 -0.404847509087828 0.0989808080979158 0.0184028147221496
0.252835201127399 -0.283827212670092 0.224229945610015 -0.168928754719727
0.301591790146436 -0.208161071443158 0.480044981108033 -0.301200003107607
0.456078037315494 -0.445164999878107 0.139304505996035 -0.443130292769713
0.294836449793139 -0.43988464493479 0.249980170502105 -0.295958385703259
0.140795099665985 -0.493720873208791 0.175201564582699 -0.265680826154381
-0.0192561672020129 -0.449835727832408 -0.0800520658437869 -0.242764695336755
-0.202117921682376 -0.390411394796274 -0.163959530604418 0.0984862641465781
-0.317946149740436 -0.321363995017141 0.0233548252431434 0.309960844563495
-0.456686585544915 -0.230651025001949 0.258785450957206 0.322830605839817
-0.474822487002138 -0.13980304159631 0.376476899756988 0.222709140261501
-0.528418926103869 -0.181118205776907 0.421973171815081 0.206782926674859
-0.425719461019871 -0.317158797042563 0.347143949322394 0.267664565685495
-0.348063965122505 -0.432647619267781 0.213835997658554 0.323053462286125
-0.134327897825665 -0.60270085782521 0.0707483260785416 0.184802326151829
0.101363104631411 -0.611407474206653 0.0937726598168044 0.0282005747467357
0.340013743774135 -0.461542118695249 0.152408004717167 -0.105479787091384
0.443611520479972 -0.395520154125523 0.33538100038585 -0.230285800717752
0.540558360318866 -0.618882304684864 -0.0202187869111423 -0.259227173737854
0.345303490495076 -0.595177218829849 0.19076553102856 -0.164748141520201
0.192214841626199 -0.6422255127163 0.15270694178984 -0.244960232758347
0.0245851015376475 -0.595984391242522 -0.108690909423405 -0.265640790739654
-0.214471185087589 -0.555338303126502 -0.215581800610541 0.0306028457672924
-0.388339392316344 -0.470664288581026 -0.0972846261766395 0.216131723148731
-0.565860038803522 -0.356340961625727 0.0874593710535927 0.244970851597815
-0.588574865914451 -0.222660867465062 0.179199203010723 0.154166254418073
-0.654491204891317 -0.248712330260671 0.220392211418849 0.124052746172335
-0.528052130433401 -0.400731042525001 0.173146532850126 0.157898632901846
-0.429890413457428 -0.521973309738127 0.126053087745677 0.205465957599113
-0.178134621999296 -0.698420363931762 0.0551414080994547 0.138025257794062
0.067973617117374 -0.708295940639203 0.0885643609756084 0.0714939695767472
0.33690533115875 -0.571348783053778 0.0653082701662181 0.0231154187564787
0.494802422250263 -0.534203099031522 0.154588343576576 -0.0931463959299188
0.54302551800844 -0.675467489054733 -0.197692843792683 -0.0489386477059705
0.355982851530992 -0.621369589094278 0.0973082631337011 -0.031830136460778
0.255718566204939 -0.666829339970654 0.0925959296108465 -0.223071025582513
0.102837440119608 -0.662998140716427 -0.14544445377537 -0.283694321074571
-0.182644672980369 -0.661646393346709 -0.263836951820922 -0.072207812596469
-0.403453301706996 -0.561293503184234 -0.228649736597477 0.069009113615902
-0.598395532305283 -0.435054035390232 -0.113250943294726 0.122276330499651
-0.612686627877486 -0.272365572848634 -0.0486483004561986 0.0644050729559522
-0.667808071679965 -0.280466997096104 -0.00944414283621833 0.0352378891487765
-0.522618315430969 -0.421824884409146 -0.0184064327782174 0.0449713382837786
-0.410582297992686 -0.519393787644674 0.0320859355119755 0.0808200178586775
-0.16761342954725 -0.648335426897084 0.0488619238036505 0.100374090539921
0.0323783105535837 -0.655183033832561 0.0850264962850388 0.141749840959158
0.266805767188091 -0.569484415014412 -0.0175301695780796 0.184106253963134
0.457448594356684 -0.587669486966466 -0.024554066236227 0.0876115574128409
0.456779806919348 -0.608793860488879 -0.362285250901685 0.138348218635672
0.311350448229459 -0.514773462233143 -0.029951105283842 0.0797121635826585
0.295134005069562 -0.552668849692509 0.00951449710711879 -0.182923945164219
0.178360517671888 -0.610158147284054 -0.160392122751098 -0.285766404972321
-0.116585135278731 -0.651856428529686 -0.284212670895831 -0.201855351029977
-0.354841808931465 -0.557307140020178 -0.349425713476222 -0.113051526683117
-0.536003979229838 -0.44128359245808 -0.315675384398122 -0.0247418917434022
-0.540844981530126 -0.284687423947756 -0.269359057361262 -0.0334036720440225
-0.569933441613137 -0.281796542141916 -0.217617392638201 -0.055442121331291
-0.416021522715302 -0.393169208062104 -0.173085266736936 -0.063560260609597
-0.289264411069304 -0.438235615151864 -0.0276825820972715 -0.0329412638108352
-0.0920034618036973 -0.484139188093538 0.0589124735204455 0.0836530117542622
0.0114840923334202 -0.486573148900294 0.0705275930391545 0.22168789649084
0.16827614753112 -0.473987405603077 -0.091960283018433 0.327204486960094
0.35811216861064 -0.548864246679686 -0.171459762966062 0.2692427243514
0.290803611406634 -0.452724830648115 -0.487918575351775 0.275667652199721
0.199933903021962 -0.334332714999262 -0.162136752570632 0.161991357472644
0.256174301680638 -0.348392960755153 -0.0608776239713468 -0.124263891800271
0.192924841791861 -0.434827759564948 -0.137643483950946 -0.274371085996289
-0.0409547885168455 -0.506554452094104 -0.27653752808364 -0.335087325427297
-0.24667652714073 -0.44462954604738 -0.441266717650574 -0.286977027157355
-0.387497690288135 -0.368266098177677 -0.48487725211157 -0.166247488125038
-0.388191529153135 -0.253399634415494 -0.446512937371195 -0.124643405508021
-0.389187700722123 -0.249332973473565 -0.367232351120366 -0.145034564069543
-0.246059358114677 -0.316688405309147 -0.254817648415423 -0.160805170037994
-0.127866993197385 -0.306950584731424 -0.0337560464826193 -0.114176456160946
-0.00721623789022772 -0.269060021883915 0.0785198405216196 0.0960275234842918
-0.00365307790282931 -0.271468555000542 0.0279158363616322 0.290008543906521
0.0645878615926871 -0.329763893795894 -0.162554492784512 0.414686386325679
0.225317658245041 -0.433107710040627 -0.272756406145915 0.41923949751918
0.0716705398483974 -0.241534349302594 -0.540603187751381 0.352990322076013
0.0272836347941522 -0.132809873151459 -0.251488567751377 0.222217146482668
0.132723079820235 -0.102846440831077 -0.0872193964171734 -0.0690614817449377
0.141044800266578 -0.176067292570055 -0.090946626874652 -0.263058647332475
0.0318631757968507 -0.259810354615857 -0.258922064341879 -0.434887836805856
-0.0939156292492829 -0.253366498721171 -0.498904491194775 -0.407141236329915
-0.173690961549136 -0.23729243432744 -0.597722616958798 -0.266442368447198
-0.177992698050878 -0.18393186784046 -0.556340752554799 -0.195283523478664
-0.164501531491783 -0.181892489371734 -0.438679997047814 -0.224155485189396
-0.0657415167671929 -0.197124709177153 -0.262153356635278 -0.235152829419208
0.0120113681854164 -0.149586880072281 0.00179394889999218 -0.149583376657978
0.0428858609762567 -0.0652800449364018 0.0852235711776906 0.132515375560387
-0.0240465783912612 -0.0739100548018761 -0.0436631284604558 0.327747055747133
-0.0256058275180953 -0.172570720041292 -0.223641518541672 0.435745881650547
0.0772086853956938 -0.262119536400174 -0.328559185917761 0.520927770981359
0.158213967662128 0.0482736027446935 0.313711353509075 -0.633742562274626
0.156690166683733 -0.00806192220748814 0.278182874536711 -0.498955968253489
0.0813253399399465 -0.109025236584881 0.114668308477065 -0.3555822654884
-0.0382997660689924 -0.12692440429636 -0.105540459206598 -0.203474051294605
-0.104907432362552 -0.0484402830096644 -0.084340595602011 0.168731298832383
-0.0861618117887592 0.0153602965748905 0.204794409105715 0.347598225793178
-0.0835524245333591 0.0642007099906266 0.460535912331538 0.309734808831673
-0.0654117724720487 0.0776749714126848 0.580797750613436 0.245202225471519
-0.0709398327280634 0.068648826783009 0.622744218665849 0.285705569515523
-0.0710937333071847 0.046392434922533 0.533711762217371 0.38946867274333
-0.105205059430189 0.00777340612184642 0.317297994788437 0.450123772736472
-0.11563746334781 -0.104631191782597 0.104113540769687 0.265778891528396
-0.00860454928294117 -0.156693867761475 0.0949523720560055 0.039107627030533
0.0901470903004651 -0.0919771199050496 0.247710376153331 -0.174064716141056
0.0931965445088656 -0.00638646737787373 0.550190171514368 -0.322010087331328
0.309488083766785 -0.219394326034641 0.243147932508467 -0.576222747890052
0.217683928697382 -0.228861464100881 0.269868583884783 -0.413893573305141
0.0985390291896201 -0.301716691626032 0.15793718190852 -0.310413013741252
-0.0416036325664021 -0.285477546845533 -0.0863683463087614 -0.22687153793656
-0.167103708602311 -0.215480089582246 -0.12034161797683 0.143875233576527
-0.222061360222255 -0.146882345005221 0.131888865780142 0.353547057505587
-0.296077855256184 -0.0738912089764449 0.393347052105857 0.336961453815379
-0.293910857411906 -0.0259675315164923 0.520105100143379 0.246776505310151
-0.326418211147802 -0.0624487222457309 0.569715652690524 0.258424897265314
-0.267749088794639 -0.159789720278211 0.480787140053975 0.345176009202413
-0.228022336231216 -0.242052505798231 0.287215621283261 0.407209403423884
-0.109189753856411 -0.386658073373549 0.0900561981455155 0.22920823505365
0.0702506610716318 -0.412586993067765 0.097748902773778 0.0124163706568916
0.250058854897194 -0.295592070525334 0.220597714684386 -0.177906249104059
0.297950712026701 -0.220680389422934 0.475226045670425 -0.320846698710899
0.443337281343591 -0.46745861550786 0.125638427962127 -0.450099611680257
0.28288562594856 -0.452972992368205 0.242342078064049 -0.303033696619013
0.123506664346169 -0.501069496681032 0.16920559764341 -0.275052299581303
-0.0335635177204431 -0.454317895157021 -0.0907479746793209 -0.245106280035012
-0.213341809865271 -0.389069627346378 -0.162561476046918 0.101717573920698
-0.333921570934903 -0.316400051305559 0.0328082255414854 0.313837742161065
-0.469126418682864 -0.216572478965642 0.266795565550037 0.315730914470673
-0.482414786945365 -0.124533661095193 0.381089909725196 0.214027960719438
-0.539321022744816 -0.161759633633423 0.429431938309921 0.197257824121824
-0.442854579669767 -0.309592571154612 0.358845482935737 0.257330318252461
-0.362979199533836 -0.425699569872141 0.226384761860956 0.317175374812888
-0.154664297272381 -0.606321073447777 0.0750890012655136 0.184080779413239
0.0832462045515834 -0.621998308094598 0.0922297089681299 0.0209685585021643
0.332100214315767 -0.478159233011094 0.14933505055515 -0.112744105626455
0.436617958287899 -0.4171451487898 0.331886904061946 -0.243786361691191
0.523378508362086 -0.644765350724681 -0.0293808802881578 -0.258557575033603
0.331838060182039 -0.611252091900157 0.188618396023752 -0.170767394823949
0.169518418637487 -0.65165407969884 0.147878290818567 -0.25214586179504
0.00583290222303665 -0.604948866998991 -0.121518838323176 -0.267004787901593
-0.231431307963705 -0.552790100674295 -0.216597326566307 0.0348488060324113
-0.408730537384737 -0.46427428502402 -0.0915480387280167 0.223471536998913
-0.58677694194545 -0.340475063675128 0.0933237049990306 0.241506706022827
-0.600369751401664 -0.203637488033271 0.181323152050027 0.14913434624976
-0.666832874347489 -0.224841280123607 0.223615922615819 0.118043778056822
-0.548807571258886 -0.391228545462387 0.178451696742178 0.152808255068654
-0.447828828259708 -0.513922577144602 0.132923378158428 0.200435585147961
-0.203368032130451 -0.700750163255707 0.0586253712097724 0.136447428349375
0.0475556959826693 -0.718640517898623 0.0874222746673557 0.063258304813588
0.323964096176451 -0.58809412158844 0.0652318659921648 0.0190466512034402
0.482988708486792 -0.558173706657434 0.151827339364423 -0.0993804977673407
0.523933187203214 -0.703169278981656 -0.20082471620805 -0.0421055044995406
0.339502293119902 -0.636169735748941 0.100003141167588 -0.0340892431886898
0.233676893536065 -0.678781091431986 0.0875402654578617 -0.228256599486161
0.0837271435540758 -0.6766092921528 -0.159167879840897 -0.283015824114364
-0.202587799591319 -0.663186413005828 -0.26845333135613 -0.065364763648028
-0.428933303393902 -0.556171746698628 -0.22866024167943 0.0804114365599657
-0.618788009371576 -0.416223120545968 -0.111618160967748 0.122806645178531
-0.625511996181258 -0.253199657152765 -0.0501022332138302 0.0647250335547838
-0.681215938654585 -0.25917407102213 -0.0104371345235666 0.0358879340446929
-0.546644420691134 -0.41361324398985 -0.0183728897466291 0.0466147465461579
-0.427881041074884 -0.510585033746584 0.0331325370455 0.0775661448428268
-0.188182277077986 -0.649530777064192 0.0515266776307299 0.0980663479186698
0.00905441501369353 -0.662764435628124 0.0870213621746355 0.134421618218848
0.252681706950547 -0.58497413722209 -0.0122038786163983 0.183466982245839
0.443823294971017 -0.610992091430381 -0.0226076896068301 0.089470876042902
0.439229775828068 -0.634448134690963 -0.360234285024469 0.151215686597383
0.299250695108809 -0.526561243940778 -0.0248218286758443 0.080373917826477
0.28011929569281 -0.566592697736041 0.00252614787919435 -0.183608742112803
0.163590887916112 -0.623673586535267 -0.17163300724975 -0.283483482861364
-0.135052985506117 -0.654751835787877 -0.293440859765545 -0.196238263380008
-0.378946386776216 -0.551729858632459 -0.355623867032491 -0.0999531843886319
-0.557801099412892 -0.424183485773723 -0.318134386984701 -0.0202041119900929
-0.554346853852171 -0.268262273881969 -0.273972555723068 -0.0278226494292162
-0.583363265128314 -0.262785762409253 -0.221294299748539 -0.0481430656094963
-0.433870210840531 -0.386227139254199 -0.176996866981071 -0.057199874483
-0.303209791112396 -0.432909547932557 -0.0311252859603924 -0.0343805369526841
-0.108618809852023 -0.484581807212324 0.063352160955885 0.0810498439697038
-0.00423242759057366 -0.490284876502228 0.0765911117515589 0.215508552261476
0.154653168696748 -0.485022791754526 -0.0822731298138512 0.329607710183962
0.345292651166253 -0.567967872296708 -0.165194001007004 0.27845756727912
0.27778150262977 -0.468446410611306 -0.481375083447623 0.289952864212346
0.192155937177334 -0.341769016658018 -0.15727254651972 0.166934584675279
0.247705762443296 -0.359534032396646 -0.0669134948836089 -0.120939897777759
0.183698894617685 -0.446590496272175 -0.146837982492067 -0.271926174342548
-0.0552982744304765 -0.510538721975922 -0.289257708620159 -0.330582635385001
-0.265215297152592 -0.441188232527776 -0.453257296052413 -0.273621482809514
-0.406131214106474 -0.356447607358231 -0.492463834511515 -0.155329139060157
-0.401065199565387 -0.24187545054683 -0.454615133042276 -0.115016539142976
-0.399071400172194 -0.237371572239376 -0.37349435516723 -0.134233642873426
-0.258399294392054 -0.313784841611471 -0.261652943938857 -0.152940890150046
-0.13596384442994 -0.304912084668486 -0.0383081735365085 -0.115618011864046
-0.0139879571374321 -0.270334445164352 0.0848266743239295 0.0931785370931517
-0.0134561405865003 -0.273659423883758 0.0370364691301816 0.287768605467285
0.0545817341024162 -0.335696511537499 -0.150907440497182 0.418656439243096
0.214679619574472 -0.446386002848416 -0.260813142911525 0.433949609098235
0.0649335077117797 -0.248271507606639 -0.533161411051676 0.369592113849464
0.0231199690107636 -0.132426197793801 -0.245828442649837 0.230778306527992
0.13111260375781 -0.108484785090986 -0.0918777954844262 -0.0628343061260161
0.138372711121875 -0.183735199493785 -0.0985896475435741 -0.261075792480919
0.0245189134702642 -0.263786208602781 -0.275120947174608 -0.431890654398317
-0.103311353399928 -0.252974972173617 -0.516007018606796 -0.395435679706262
-0.183885474607975 -0.232004657965596 -0.608768246904469 -0.25308522883758
-0.186565666716473 -0.178975560885853 -0.565348872532537 -0.1827805481224
-0.171703715140207 -0.177461826865878 -0.449456837506894 -0.212374033663745
-0.0732782506659658 -0.197976458349777 -0.270341786475304 -0.226789101388497
0.00850578247104043 -0.150733562341339 -0.00196761001427879 -0.150609061969901
0.0419752587990147 -0.0665665038997237 0.0931976314769818 0.130880644244715
-0.0274456083304682 -0.074240267899779 -0.0343693834139076 0.329964163023243
-0.0312522577094681 -0.173834063541352 -0.21158627474134 0.442155519575351
0.0712622174923839 -0.268090624737105 -0.315234055580387 0.539059905990581
0.161738167857643 0.0408966332325003 0.286796087085522 -0.658499422746268
0.158459797083485 -0.0168146736558574 0.254348937234237 -0.517451441482398
0.0767119219862261 -0.114172843611933 0.099659259923834 -0.370309819193429
-0.0461245227034744 -0.127043397308257 -0.119331260092435 -0.205602392624266
-0.110039982312081 -0.0453830245943002 -0.0781783049070833 0.174601305767016
-0.0892279612414367 0.01847443078258 0.226418330274756 0.343262309343069
-0.0829235343800837 0.0699692313639241 0.479645495515739 0.29502042537701
-0.0616838748494817 0.0825265334570188 0.599218603663848 0.226465399885838
-0.0675497956985596 0.0743964814916523 0.645508648160865 0.258754866579609
-0.0701662198007826 0.0503695833415084 0.560435785681322 0.36842848090199
-0.105254551717325 0.0129725419069875 0.34395333505887 0.441751987745932
-0.123262728387887 -0.0998895133743961 0.117467029532305 0.265537293466496
-0.0172229106215781 -0.160167992585768 0.0975184220229848 0.0346937701212557
0.0876082337752236 -0.0983351570847321 0.244009644650617 -0.188563370128087
0.0936640572738693 -0.0116613179007303 0.543630118862207 -0.357073971526903
0.300867058335038 -0.240888116755834 0.217570789664867 -0.59676196393455
0.210052149714785 -0.244857619677649 0.250721449831521 -0.434149074114333
0.0840786264707053 -0.309788423068217 0.145874157216301 -0.325639736093913
-0.0565800795865966 -0.289098683610916 -0.101387911925236 -0.230473605641321
-0.180330267283716 -0.212092522144873 -0.115965525341248 0.150013472691475
-0.235614718724042 -0.140245331064035 0.152103427859814 0.352982061612617
-0.305453921028287 -0.0589010771664232 0.413483630718764 0.324591550361467
-0.298874020031455 -0.0117531234716735 0.536812115376358 0.229357332205962
-0.333792119500008 -0.0452692502666966 0.590170034986915 0.235008598775689
-0.281135782620421 -0.150154325692819 0.504132561770935 0.32489038458203
-0.242756833492879 -0.235942345236843 0.311860230712738 0.398603500047569
-0.131511539245573 -0.388831133322852 0.101862450253765 0.229079833262618
0.0505496279682653 -0.424733880335246 0.0976815200931759 0.00583636154729166
0.240644181215039 -0.315130080099709 0.215839007862761 -0.191127661951114
0.291127377031771 -0.242131880964286 0.468451352798915 -0.351101316620126
0.423541799573679 -0.503402318662786 0.103569712230082 -0.461538185298926
0.264875897015084 -0.476316354793447 0.230675861860266 -0.318530331073833
0.0990745078942068 -0.516150002872135 0.15894427719362 -0.289271493552848
-0.0567525596340921 -0.46136929724846 -0.107330314959079 -0.247677280347286
-0.233980206446128 -0.386192410163691 -0.161008386732964 0.108411682316637
-0.358055140756513 -0.307144074629871 0.0486857458393702 0.318602685352879
-0.491567942126328 -0.194934673883529 0.283564046554358 0.307640064664858
-0.496387196158124 -0.103350649099257 0.39194170465569 0.201989649993681
-0.555052466059555 -0.135650656045112 0.443852977098803 0.179182490828575
-0.469446429754674 -0.295080905709296 0.376249993032492 0.242339243602194
-0.388262051373437 -0.417550986536612 0.244856724038781 0.309665173013947
-0.188349488953546 -0.610535225718099 0.0843976544058033 0.182564912783383
0.05262909039375 -0.638565828842463 0.0909948647952912 0.0131268979063574
0.315363840780315 -0.506644966643333 0.145286499112529 -0.121961980142654
0.423079476602691 -0.450781451726697 0.324881152995457 -0.266537441969121
0.494680807018265 -0.688395211007849 -0.0434427902088275 -0.259203781385458
0.306642701774258 -0.638461906178112 0.184010625777282 -0.181514078347691
0.137607860426578 -0.669630877151942 0.13912634943887 -0.265035550436498
-0.02429806608974 -0.618239654370252 -0.139448383725311 -0.26687868195064
-0.259770002208333 -0.550867411931724 -0.219536633883304 0.0438861058339347
-0.442245710603551 -0.453738646119921 -0.0825213254814317 0.234163602659357
-0.612872099161648 -0.313356974275571 0.103732651274494 0.237951658781493
-0.618700468023717 -0.177219719531607 0.186825910809349 0.144128783642285
-0.688181711167391 -0.192571584090904 0.229954360869866 0.1092202583846
-0.581034517827737 -0.372143956281743 0.186592311208549 0.14570887377928
-0.478250625436616 -0.50107106555432 0.14395652502772 0.195112586530909
-0.242110630211305 -0.704391333172641 0.0654814029216953 0.135143296488465
0.0101867759607393 -0.733132606681444 0.0881100334469639 0.0559074652596983
0.301831512836426 -0.617116468332221 0.0664904446573213 0.0152308269735889
0.462635071361672 -0.596990901757178 0.148379350979733 -0.108958682654489
0.492945831218413 -0.747460083835643 -0.205268957973785 -0.0312592116284519
0.317649129667251 -0.663475798086713 0.101280372467472 -0.0407706979503506
0.204304969422629 -0.701005736273042 0.0776434970107371 -0.236575835860908
0.0533626561017563 -0.695942403560539 -0.177621516579013 -0.281100091517764
-0.236061442105653 -0.664030639949016 -0.277270822443793 -0.0560430210070923
-0.466052645757449 -0.54449026872986 -0.22875065814278 0.0955694061375085
-0.65278043744617 -0.390016516466944 -0.109689635705898 0.126562246030309
-0.648215405686204 -0.227210745363224 -0.0517479743601733 0.0672499342700837
-0.703959846990599 -0.22519367436948 -0.0106659288162212 0.0373590864732666
-0.579739127293479 -0.396989161323844 -0.0181628462282216 0.0482057459078702
-0.457500507320227 -0.498225505838166 0.0355952194510283 0.0749988287279522
-0.225554042770587 -0.653082437966149 0.0573707686092438 0.0956518194377883
-0.0233984739640845 -0.675914626800506 0.0910577144865108 0.127077514342278
0.228198815657835 -0.609680557961735 -0.00404879519465674 0.185243291963194
0.418690824299618 -0.648445833642007 -0.0201858736967315 0.0930487271854689
0.411595003361432 -0.672364158451094 -0.358295446925197 0.171090513255523
0.280257433117213 -0.548696234985009 -0.0200648283311634 0.0811171546623949
0.25643663421121 -0.59082177504212 -0.00674062078525887 -0.185578288802636
0.137974670843225 -0.646996996480589 -0.19028519523094 -0.279694200933332
-0.168356281205899 -0.660579683729475 -0.309559394765075 -0.186015688518127
-0.414172320322043 -0.54335632767755 -0.368026203842163 -0.081683959181295
-0.589152375478916 -0.400624049535104 -0.325077967788002 -0.00857158920438107
-0.577496137181238 -0.243847172952119 -0.281901501456125 -0.0168429811213723
-0.604340965734755 -0.23557375834825 -0.228956420798626 -0.0371916436746181
-0.46369329321608 -0.374304333126113 -0.18373776769579 -0.0485951947931098
-0.326352817656703 -0.427363090266812 -0.0356540137559149 -0.0353327926311384
-0.132069917757924 -0.489225384266333 0.0690052394071059 0.0768126857539629
-0.0309640839558814 -0.498376340274532 0.085457528636371 0.211133007706292
0.134117668433153 -0.502743833599691 -0.0679071956578006 0.336193178420833
0.321784499693787 -0.599916102465127 -0.154868681262738 0.29334158957453
0.256503339461013 -0.494364154242056 -0.474776144256751 0.316514739091202
0.180537956740668 -0.3546828408786 -0.150909129766104 0.175143151932081
0.235536788461292 -0.377932085729781 -0.0742133464461062 -0.117067641696249
0.167180770994676 -0.466666796938851 -0.162116762031638 -0.268677790420642
-0.0802938173592369 -0.518152261173049 -0.311724860333125 -0.322054595436232
-0.292845854343659 -0.436844477340497 -0.477223743472946 -0.254310130892106
-0.432886935054308 -0.341761865919444 -0.507777777253734 -0.13729711922844
-0.420891475831968 -0.224840913197485 -0.467687734064615 -0.0974886000681437
-0.418790329898609 -0.219031926033297 -0.385073977532453 -0.117113927136974
-0.280097264828563 -0.308906533864844 -0.273397449648292 -0.140591090852737
-0.150260869103854 -0.303068314394323 -0.0449767209682165 -0.117297705982346
-0.0272869884898249 -0.274058150671285 0.0932950094321464 0.0891195647627582
-0.0296278019782867 -0.277473181128463 0.0497606363829985 0.287452556790979
0.0386733818483632 -0.345563266528413 -0.133219161905273 0.428836539781449
0.196493516923677 -0.468287044099205 -0.244493828058973 0.457325444364121
0.0534957405096812 -0.25819898014638 -0.523923729331534 0.398027412990367
0.0178923123672673 -0.133183680571978 -0.239416734207234 0.24537491810333
0.128519483345885 -0.117652503041104 -0.0968048903872267 -0.0553290030706893
0.133210174543915 -0.194464256065969 -0.109743630574259 -0.25990814469167
0.0135932400310029 -0.270518807072132 -0.302537140628359 -0.427570479492722
-0.118086573997837 -0.252022688986648 -0.546073498049493 -0.377091144188657
-0.199615238692148 -0.225753330844391 -0.629674263124457 -0.230329527046012
-0.19983971350795 -0.171590136468113 -0.583233796141998 -0.162713789994596
-0.18347549807077 -0.170209057474173 -0.46443058366376 -0.193716307360709
-0.0853722012035665 -0.198995694827983 -0.283804260400587 -0.215711263334576
0.00264387289742592 -0.15375358543342 -0.00874913432601679 -0.153479388437269
0.0402805833886033 -0.06982006028993 0.104203526925994 0.128074779901233
-0.0327045344177096 -0.0742289166759244 -0.0197777255176657 0.335197739822481
-0.040515311973514 -0.175622428419216 -0.193457714896892 0.455138192447038
0.0609996421727153 -0.279029577759185 -0.293260429925168 0.566900799797131
0.164812821395645 0.0307875050189636 0.241156329333046 -0.68285096009295
0.158732847384621 -0.0290647033439074 0.217419904606329 -0.534430827225856
0.0700904375803912 -0.119800038296484 0.0753658642268881 -0.380945753039721
-0.0548837511031239 -0.123692032151232 -0.137355621107813 -0.202321248621164
-0.115256775808834 -0.039888058241558 -0.06738167187621 0.179156204821744
-0.090681833967231 0.0231402356708993 0.25241497685833 0.328453448299199
-0.0792970150995067 0.0769517507826266 0.501143739775769 0.267928082005418
-0.0557845930469782 0.0869348383874692 0.614565996280813 0.193501279999221
-0.0618445954444999 0.0792266096211348 0.665975898178606 0.220259401805961
-0.0665446992896403 0.0559679064317293 0.588475470175052 0.331479530802146
-0.104329687864627 0.0194830213218049 0.375248494489274 0.421668651973264
-0.131917682516707 -0.0913170324079232 0.134006622888276 0.25952771564814
-0.0289030662291097 -0.161241505067854 0.0997541775871377 0.0285207487620869
0.0823744673826903 -0.105013203681881 0.234322980276925 -0.205614025655433
0.0925263821278728 -0.0175293461229246 0.524506797657589 -0.399040657964075
0.283527180643364 -0.26505217078428 0.176707842173934 -0.614577775428811
0.194243757302123 -0.261883848877395 0.221535905394606 -0.449796479551949
0.06273706501696 -0.316925859819939 0.125374706376102 -0.339352012755774
-0.0749974301960791 -0.287082790786215 -0.120919585357605 -0.228775256092942
-0.195145512715887 -0.20254654428119 -0.108494778604114 0.155968008618025
-0.249492054931612 -0.127827754653107 0.177047632290274 0.344292905232558
-0.312934272435191 -0.0367381485689283 0.434377997939285 0.300443678800707
-0.301506706330596 0.00859640875348855 0.552058226370057 0.201720430880092
-0.338124848168325 -0.022044055534539 0.607562144244303 0.197775033200052
-0.295746727652946 -0.133823488526812 0.528246225124509 0.292776360419654
-0.25856326736881 -0.222622737595875 0.340118080502442 0.3803983744151
-0.160132470770552 -0.38309810397715 0.116073446904732 0.223540369973865
0.0208920280775406 -0.432606012890949 0.0968517615980655 -0.00282986834590518
0.222665617707952 -0.335052567693847 0.205150915649523 -0.206742655441789
0.275711307305574 -0.265815947485733 0.447285777814483 -0.386777382578436
0.386875383319943 -0.537706678956658 0.0732915178632812 -0.467633663209326
0.236527376966048 -0.499264963123535 0.208857835941955 -0.333844469813767
0.0641226307415848 -0.524996479656247 0.141836188224356 -0.303089480677697
-0.0871633583335594 -0.461786928600518 -0.127058684298254 -0.244938703053573
-0.260595751236595 -0.373268488508983 -0.157528355171782 0.116742658629775
-0.382405743393495 -0.287446909084471 0.0703214253096305 0.31786338899792
-0.508678841463072 -0.160869457686761 0.30293855567552 0.289796194061473
-0.505331235079776 -0.069654472676688 0.403304794696323 0.181552131249013
-0.56608897924915 -0.0967288754907094 0.457213251544078 0.150880148797084
-0.496191350500588 -0.267983893864545 0.39169337327671 0.218541934782938
-0.417813443960512 -0.396127805139549 0.266665464152657 0.294105772835498
-0.233884468133406 -0.604155086577315 0.0958555335659789 0.177353731387604
0.00903599717194388 -0.647932988239564 0.0882468783838851 0.00387834787628796
0.286440987410161 -0.533748916697053 0.137985367078149 -0.132644403852447
0.393466287239269 -0.486064287980898 0.307113672593095 -0.291550729983423
0.446339745224391 -0.729041096641806 -0.0600775495763677 -0.255030562585203
0.265382952555124 -0.664288229863322 0.172575476175403 -0.194327813414314
0.0918793449383672 -0.683283973872747 0.122567923222587 -0.276714176478252
-0.0644759034489792 -0.623279246216834 -0.16110160186684 -0.262318783892517
-0.296013044719725 -0.539661458904306 -0.220918912580326 0.0561861181150853
-0.478957217226948 -0.428705711464384 -0.0677552721517646 0.243540263047812
-0.640473005634383 -0.271351267183103 0.117604772336676 0.230826356946878
-0.634471686977681 -0.135936976807628 0.192354309679629 0.134755082158678
-0.702795148228737 -0.144085633257369 0.235770649171634 0.0952156467915823
-0.615217716551879 -0.339613185710716 0.19506536541759 0.133811879642116
-0.514412272789541 -0.47445163376972 0.156064023244795 0.185745247761189
-0.292939500845639 -0.695082590538747 0.0734705702715569 0.129474819081644
-0.0407345909881032 -0.740066164287214 0.0869388712295601 0.0463351545557924
0.262888795426431 -0.644076668853575 0.0664400405227735 0.0101849514124336
0.422993933361935 -0.636659149685109 0.140132291884888 -0.119796751723363
0.438468255397846 -0.790926031390007 -0.208567679932936 -0.0162259451392078
0.276107562946035 -0.687215605695005 0.0997531677362141 -0.0481341976277897
0.156228821972184 -0.717698839515105 0.0635312624439833 -0.243329382889912
0.00813054989719673 -0.707589242621434 -0.199834229348874 -0.272095363439679
-0.28058328159364 -0.654568606029781 -0.285753392497153 -0.0381822561736417
-0.508518252080902 -0.518816649620463 -0.225002214696796 0.115221735195263
-0.685458215748563 -0.343965377853077 -0.103541864187641 0.131912300848057
-0.666665279710311 -0.183719159326114 -0.0512958189454726 0.0715609236103398
-0.721753890685665 -0.175117186159916 -0.0102277038159228 0.038504730545568
-0.614086356389834 -0.361977212128614 -0.0170423516529145 0.0503900092039487
-0.489820871171825 -0.474230967204504 0.0378226403042209 0.0713994130814695
-0.272041183454952 -0.642573368978913 0.0633362976028734 0.0900613466678128
-0.0719862430384337 -0.67809487576313 0.0951671060812626 0.117061004716738
0.189294250566851 -0.632547507062623 0.00627147774202093 0.184873406596497
0.37696103937229 -0.687090379822565 -0.0149837263060038 0.0958464041623322
0.363141534515339 -0.707039558131848 -0.348720136642793 0.195918998979946
0.249018477460687 -0.569324243560256 -0.0155249611703255 0.081625878733302
0.217766498558684 -0.611575953598536 -0.0177721037928323 -0.184792284506426
0.0984309089615922 -0.665572428622914 -0.211008311915481 -0.269855129066733
-0.211009080872981 -0.656646265620894 -0.326481334931838 -0.166319145881593
-0.456788829111222 -0.519811816818275 -0.376281988607436 -0.0534445505843589
-0.623588554346955 -0.360522206552599 -0.328663732188223 0.00908937805014458
-0.596510914067433 -0.206103260129705 -0.287932170781229 -6.8752498592685E-05
-0.621786825488771 -0.192609022134667 -0.232588640210992 -0.0228048351140752
-0.496188450190974 -0.347291506246884 -0.18907674931084 -0.0351130287108435
-0.353288849558738 -0.409206105207077 -0.0402450169648508 -0.0348619855593673
-0.165823472251147 -0.483208674439482 0.076090246581805 0.0695582485091449
-0.0666027841248688 -0.497891886738661 0.0965271439680535 0.202569747499547
0.101561004922682 -0.517500610299147 -0.0479045935934916 0.340302787165953
0.283017859984158 -0.631893928833071 -0.136700392949938 0.30815530702171
0.222517253746948 -0.518229293775066 -0.45730006686005 0.350248257208518
0.160937663537907 -0.366305355294575 -0.141316934335198 0.185592992566408
0.212145738418029 -0.397280611220048 -0.0824536784883021 -0.109662933063585
0.139836546114409 -0.485321122987551 -0.180251514933286 -0.260481999514873
-0.113743980451864 -0.517846077804998 -0.336996246798551 -0.303849407770341
-0.326333342461708 -0.42018750806649 -0.49826243793452 -0.22134040573733
-0.459513114356425 -0.311066097499255 -0.521303080001975 -0.109518402834334
-0.438443417058399 -0.197232630900162 -0.477548814823071 -0.0699541213227962
-0.433940354144615 -0.189358311697718 -0.393962132220387 -0.0936749926681966
-0.306464071165896 -0.292902637350383 -0.283735944294441 -0.122531263767541
-0.169240631750553 -0.295853649479907 -0.0534689474724983 -0.115718463993617
-0.0454403397818618 -0.274152980979743 0.10196128164135 0.0806332713428661
-0.0508838435684224 -0.277056607922588 0.0661817042529171 0.282845163737109
0.0150924594077306 -0.352962176041483 -0.107092710825633 0.437851176615418
0.165336613698875 -0.491246359794268 -0.216725205566243 0.478763275666798
0.0356155204131272 -0.266202784813015 -0.502635045091063 0.433266883024218
0.010899437929307 -0.132940483942927 -0.226004392241642 0.262308594806186
0.121209809463913 -0.127485841558727 -0.100100383568317 -0.0443429972659415
0.122819056078444 -0.207235219008382 -0.124658772839932 -0.255266976584916
-0.00302915297938299 -0.273988416450787 -0.334029192055723 -0.411596967804245
-0.135584340835413 -0.245666383488116 -0.576721430851058 -0.340785016553802
-0.218549999027447 -0.2128510316401 -0.648833732753429 -0.193316572499521
-0.21256900420476 -0.158298683291561 -0.596418212872599 -0.129704085970852
-0.195870744711509 -0.157279408815336 -0.478552163472638 -0.165674442402129
-0.101621917535101 -0.195325694564856 -0.297954023876384 -0.196582708038997
-0.00625669601928268 -0.154805035428718 -0.0177380730882926 -0.153714623940571
0.0357903928616001 -0.072841475346434 0.116134204189057 0.12150070597161
-0.0393866609555089 -0.0728737264736774 1.72781038204974E-05 0.337702711998965
-0.0529617432029694 -0.176376347408887 -0.166035008476537 0.467665513461319
0.0430281488945514 -0.288675056631579 -0.254559412237682 0.5939225919257
0.160302501539809 -0.0165598654382675 0.109123461637894 -0.69082989703905
0.143336779856955 -0.0727513968718288 0.113610527060747 -0.543816717069477
0.0429855917257572 -0.135954481633854 0.0101366910945543 -0.377868301237002
-0.0808399692371011 -0.110738175030922 -0.16550024049729 -0.174073489777923
-0.119656634252274 -0.0142264130943559 -0.0324909512741995 0.179348912319474
-0.0761542569897212 0.0409150296877806 0.299763539249483 0.267293571292873
-0.0549074022951429 0.090159862443625 0.531627919957 0.172734613605336
-0.0305173339287739 0.0882190175361161 0.624206559998376 0.0907799361516336
-0.0387653262718685 0.0826243996672232 0.68101313346786 0.11475885459853
-0.0511949439250243 0.0577527365141083 0.62550815349562 0.237947860315404
-0.0919325981390473 0.0323135078598885 0.429369684805522 0.353081857512947
-0.142817643777379 -0.0681679125840712 0.170381659868759 0.237463594243013
-0.0561634353259496 -0.154087617788578 0.101405940371694 0.0170263650888196
0.0592961289055142 -0.116709891485612 0.198770234492884 -0.237972679131472
0.0815535198585933 -0.0350445377857647 0.452400437677083 -0.463551854169919
0.214686018713494 -0.326053203204595 0.0677987137133649 -0.603075167291972
0.131985874022573 -0.303356906953931 0.141765185998067 -0.455849670698659
-0.00214333251475128 -0.325589158075727 0.0773196753533965 -0.341698530575554
-0.132731783194653 -0.26623501095184 -0.14564711885099 -0.199214741211756
-0.225443173507423 -0.158301729440769 -0.0703263749474606 0.162375107145582
-0.256992777161306 -0.0761986543757311 0.236585979748666 0.292871638069994
-0.306592763898361 0.0248363877904322 0.483134074610822 0.215169993876988
-0.280248200273449 0.0526406391126943 0.565000283071537 0.106888486299735
-0.32705276403594 0.0338013694220091 0.621278000343501 0.102555333229691
-0.310493276893422 -0.0866299638893486 0.564532318032745 0.210528871314046
-0.284388608356288 -0.17663632989363 0.393771604052681 0.320615759530574
-0.223639877226066 -0.349763379081126 0.147987615382868 0.211755588013477
-0.0531863599526368 -0.426476169585753 0.0882449837795027 -0.00715122937635863
0.159422997579443 -0.36366992366903 0.160946112836334 -0.237011051051581
0.222266408480908 -0.308388224603143 0.369909976603371 -0.443460212832421
0.25860604108713 -0.608349689822997 0.00200613873565871 -0.433832155388185
0.125988882277792 -0.5376484485746 0.160814194464071 -0.337668836964609
-0.0414440953380784 -0.527242485777516 0.110451443831929 -0.305036713519987
-0.179421886547958 -0.435222219636531 -0.146104488905542 -0.2098892283079
-0.319140682082257 -0.311947470344502 -0.117182170136588 0.131670288005867
-0.415831831401123 -0.20479621480723 0.13495390169677 0.2847963468205
-0.524548653297849 -0.0586129637597134 0.360609349792185 0.228024062763324
-0.491361291995204 0.0112705242923139 0.418989562736572 0.10712440291469
-0.564198418035205 0.00326712610182188 0.465800966078918 0.0766038580430925
-0.533101922352263 -0.180466781151193 0.424589756176668 0.158412607872685
-0.469485671693298 -0.316595937151091 0.311790887935911 0.248949762911206
-0.336660884240291 -0.554206332070546 0.12470906644563 0.174802337954646
-0.101366235691987 -0.633222785497878 0.0776038215527086 0.0055681751777351
0.188386668086658 -0.570625463725663 0.0988824128238105 -0.153331108953859
0.30361724920722 -0.54505067676585 0.239613124189283 -0.32946023216695
0.277257449252378 -0.798803796264967 -0.0827656297066033 -0.199693501318021
0.125823417789389 -0.698281264608053 0.157691278340555 -0.193107208784082
-0.0438846300313632 -0.685156859067984 0.104629856381329 -0.271266261975051
-0.188889713404302 -0.595562052755515 -0.173869002249444 -0.214125004241288
-0.384796905659446 -0.464380200174929 -0.18199137468839 0.0848322419029374
-0.536053570580498 -0.323870255670702 -0.00409668237906155 0.236535360519132
-0.678797505858925 -0.14104375153449 0.177422273346206 0.203771405263286
-0.629063890288106 -0.0307709027609267 0.208818095966055 0.0932996964321146
-0.7081963741563 -0.0177498311054979 0.243177721252086 0.0540185439261895
-0.663884205503601 -0.226855601135718 0.220948351321966 0.105071943877872
-0.576033698969894 -0.37506406114543 0.188614237381377 0.159971993423409
-0.412383127007187 -0.631919607456072 0.098084718025733 0.132293574347459
-0.164689891844176 -0.713221682415505 0.0812755880462605 0.0491571579834534
0.150287282969049 -0.674409901613565 0.0460543855549937 -0.00131430123050217
0.308936482648474 -0.697319799828836 0.0964588545134576 -0.136608956213726
0.260264645127416 -0.850231998982359 -0.182190104219256 0.0558615881446841
0.134532816875644 -0.719147062053401 0.113870477226572 -0.039565640808298
0.0114399520574662 -0.731645317441829 0.0537705740581527 -0.222652680638377
-0.135646739288595 -0.692206381634974 -0.210064185195039 -0.211073887709964
-0.391953345401411 -0.580668428089375 -0.255786371446409 0.00740410169183998
-0.584831711091874 -0.407194021954773 -0.173381749015785 0.140951842616817
-0.741938865997206 -0.201405091105425 -0.0504609670978925 0.146797793141665
-0.671660843330289 -0.0687068321158425 -0.0365573259659406 0.0696974277126108
-0.733062568299134 -0.0411603419785195 -0.00359252657473545 0.0350142344437272
-0.668162515981776 -0.246531684005488 0.0012701184846576 0.0550250301334459
-0.554854101566855 -0.377324695517656 0.0564712183280205 0.0664466309809986
-0.381446700634239 -0.584740794300466 0.0819014923759143 0.0927744227783528
-0.184257086837237 -0.648323835045347 0.100710531688448 0.115652037102819
0.0818415914105078 -0.651386413502705 0.0132724949844068 0.180532009394609
0.257718174119778 -0.740955287185204 -0.0254127490482379 0.0970915349739312
0.202502493711549 -0.750225474695205 -0.282878336017412 0.27872996311607
0.131129900222228 -0.594650671476303 0.0193917932797972 0.101992524486198
0.0921167223259607 -0.639047061488654 -0.0217506863151838 -0.150328498605591
-0.0422067103176706 -0.670874711600229 -0.223894876167577 -0.202227974585191
-0.329302819667154 -0.597400206606251 -0.317105824021419 -0.106176660478063
-0.539813147259107 -0.419574042840517 -0.348489140644217 0.00722652121738315
-0.688732588091419 -0.228359839756607 -0.290732387539203 0.0685013611564317
-0.610413074771583 -0.100136378709828 -0.275656460714682 0.0380217397801176
-0.639935680648834 -0.0734689529198623 -0.228081607803061 0.0090278072713934
-0.549672770306482 -0.250514492350595 -0.18081525415831 -0.0033011490338624
-0.410872031954592 -0.337225746648589 -0.0381618889537519 -0.0258471618268675
-0.248604740880138 -0.446009275809821 0.0894331948901777 0.0665129974263718
-0.147003299054217 -0.474296733659695 0.116338532478233 0.194878212264006
0.0153300045060458 -0.525120551348836 -0.0139067796375513 0.342751534239879
0.177143253222781 -0.66949067605525 -0.109858297689923 0.322175509350157
0.106602955399249 -0.535708036301392 -0.365337877165406 0.43382016253507
0.0871269714027343 -0.378044327184825 -0.0939857195711899 0.216902000800715
0.126901100086486 -0.427452310497713 -0.0809877514812702 -0.0692758311289765
0.034472812283139 -0.503291438340435 -0.198816695188329 -0.201922677366635
-0.212862466307541 -0.486401742751734 -0.357152892423501 -0.235206140339798
-0.401132974058958 -0.345645324376156 -0.499824215395909 -0.131842485377395
-0.523398657287094 -0.213697640711859 -0.503408664930318 -0.0115198014662028
-0.460222854290577 -0.114497638100486 -0.471256138139091 0.00268934741002674
-0.459864982507528 -0.103436039470131 -0.396152798808675 -0.036186912813409
-0.353705710180058 -0.230091380761006 -0.288660960240653 -0.0751754050161034
-0.213507200142616 -0.258169000886107 -0.0652280186734607 -0.102766326754175
-0.0926571820084278 -0.262042776895624 0.114261083911893 0.0690971408438489
-0.0940974190751924 -0.261649108446601 0.10256792855633 0.272231939225036
-0.039185213981319 -0.350504911870989 -0.052956672560434 0.447853200622385
0.0874258800724395 -0.511632185242704 -0.156444182663811 0.500096624584628
-0.0222090123302461 -0.252546745603575 -0.401109161339039 0.508342787387363
-0.0131737878397333 -0.12069450311181 -0.17034268640179 0.297216487905451
0.0908326093250467 -0.146925217390156 -0.098757335463087 -0.012927542267612
0.073167254267236 -0.229328354983906 -0.155338324311515 -0.215581002738257
-0.0622379501730167 -0.271394017188791 -0.386136174687549 -0.337294250813732
-0.190513733546178 -0.212332931375155 -0.60308820778787 -0.229763239852341
-0.266587489041448 -0.162402717043305 -0.650662495305172 -0.0725873603417756
-0.237992304358368 -0.11277908507736 -0.595431562988464 -0.0337531580181788
-0.223636932057656 -0.113587306943013 -0.48976546390796 -0.0918056081329697
-0.137502915936475 -0.168877262322651 -0.315765887637777 -0.146297403231044
-0.0332844452803601 -0.149323855825898 -0.0375711992202326 -0.145085188843652
0.0235241979182883 -0.0793759110252668 0.132510783764503 0.102238147479479
-0.0478063781700997 -0.0662869432726036 0.0468799023875704 0.332260746130412
-0.0761273986013577 -0.16726128344055 -0.100454371443612 0.485769216497343
0.00184758836346733 -0.293140534700351 -0.170944347485849 0.61676455721236
0.153646617638958 -0.0233530978033799 0.068663207203304 -0.674233451711458
0.134268280586314 -0.0784726811142961 0.0823915027638278 -0.527756455668324
0.0355484250636038 -0.134794937713758 -0.0098578218083647 -0.368976616138569
-0.0825783920018633 -0.103626007430499 -0.174729951944025 -0.161986254469233
-0.118716514585884 -0.00862053198362907 -0.025326293239702 0.173901504846274
-0.0746057509437418 0.0430738931539901 0.303207216138561 0.241114762436075
-0.0475300605686965 0.0912179416519628 0.523618221549312 0.140948358275257
-0.0248825819893229 0.0872164970625319 0.61182581918186 0.0632856895568893
-0.0323581940500389 0.0811239055475098 0.664084493908749 0.0809952237477701
-0.0459041135754629 0.0578973997190381 0.615632454044262 0.199517718855863
-0.0868692010941053 0.0351315978655505 0.433822053829683 0.319918383879869
-0.141553814320218 -0.0569777753534441 0.174081516776124 0.221724909573884
-0.0632245374739474 -0.147303112824442 0.099286953762216 0.0103950806875228
0.0518127096463116 -0.116394192228073 0.181653385030347 -0.241564675154971
0.0761239532134344 -0.0370913288870183 0.412542227934501 -0.474694236372435
0.186822375400571 -0.326847343057288 0.0336057067768346 -0.586394147404723
0.110649760708139 -0.30171671514012 0.113367131949644 -0.445760875953584
-0.0196086272642828 -0.315312623827325 0.0569483530792729 -0.337952306843299
-0.141692512737626 -0.252440736159021 -0.156438405147705 -0.187107061471313
-0.226962458745168 -0.142924924172094 -0.0639377229569422 0.158548759556717
-0.256407767973974 -0.0609768037080929 0.242742947990764 0.270013178153318
-0.294267276753282 0.0423740793732206 0.476527411614244 0.184027452457612
-0.268161130993246 0.066087431147089 0.553694439784352 0.0807767989408284
-0.31367728663186 0.0492959876357249 0.603756772190367 0.0690100443632213
-0.30696690074325 -0.0686948132972307 0.555046640372884 0.175258613156653
-0.284041344336 -0.158782215234108 0.395170811713745 0.291560323747983
-0.234560013994156 -0.3272833636088 0.151440172967406 0.197340704330446
-0.0732442731581175 -0.410435994679511 0.0827044037193014 -0.0127989169152086
0.135924120454912 -0.362955477792463 0.145648899363471 -0.237728776488458
0.19576185443392 -0.311164639435377 0.332878587820813 -0.448563135314912
0.211714834461605 -0.603465109023078 -0.0199660454234117 -0.41813291399185
0.0942622424946567 -0.529188388341264 0.137696315915144 -0.331507545830365
-0.0690532496982239 -0.508746206132795 0.0915283795153 -0.303785856459866
-0.197949085005847 -0.414999039762914 -0.157137533351405 -0.197608223228661
-0.323262013262197 -0.287345035261364 -0.111271345447309 0.132678059244046
-0.417498103538387 -0.177468868053683 0.145768239563095 0.269431338740306
-0.509148892181121 -0.0252524908339066 0.358232593884048 0.201001310275071
-0.474639362650619 0.0362833837346739 0.410538457807881 0.0886296653203009
-0.545057773252859 0.0314938311553834 0.452121872704626 0.0529774975199823
-0.529050639669189 -0.148076847429137 0.415600806807944 0.132986834336651
-0.47098392105019 -0.286579518185683 0.312960095171278 0.225810342821029
-0.355370526405514 -0.518685935977358 0.126304177609086 0.162167753656718
-0.131291780230575 -0.607669173660928 0.0705278267826085 -0.000493010412564806
0.154913023838059 -0.563597271068433 0.0888981298684789 -0.153750910455012
0.261064856275098 -0.54497106851907 0.211449151676476 -0.331536460514213
0.217500000624255 -0.789612784038696 -0.0897549584389181 -0.186712983562361
0.0860612284788076 -0.685398390337046 0.143988573397714 -0.191734879806568
-0.0808002055885675 -0.661358948497344 0.0885863158689627 -0.269253409008124
-0.217738319986608 -0.571953618332571 -0.183269390151456 -0.199007074682847
-0.395518418177158 -0.432939356689898 -0.175887233111375 0.0917634707671428
-0.54050366066658 -0.285562779575609 0.00902844935408853 0.232094198592243
-0.664076790622421 -0.0962770330126156 0.178137292403824 0.185976418933599
-0.609785277774744 0.00291507569808356 0.204326920327826 0.0845833135009121
-0.682899640334746 0.0204100344284347 0.235166672212542 0.0411788294324128
-0.659015878550438 -0.184706250082612 0.216443792965202 0.092270438183632
-0.576016561227532 -0.338013481701823 0.188183649159824 0.145092219946266
-0.43336807727734 -0.590240405356682 0.0985492072951557 0.121757890546655
-0.196861801892445 -0.683200992106665 0.0749038491828547 0.042464385266086
0.111237111647033 -0.663918132641082 0.0437974534947121 -0.00335435215870326
0.258603215323791 -0.695965601441614 0.0837761486167566 -0.13720590673645
0.198667492781832 -0.839932621240719 -0.172958993945106 0.0661417492272619
0.095235557497769 -0.704830080612614 0.107676620191784 -0.0420614003280533
-0.0272011811482703 -0.709641560411757 0.0414718855842446 -0.220217684108241
-0.170873237978168 -0.669591798168451 -0.217590834989591 -0.193878693872563
-0.408107590057046 -0.545739936493211 -0.250541428397841 0.0213122956994794
-0.591119695708649 -0.364128618301961 -0.158931554819191 0.149971745039036
-0.727911399014788 -0.15183856173656 -0.0451791966696612 0.141689386663461
-0.653561512563472 -0.0323239621036241 -0.034802422384216 0.0720841994242568
-0.707604466612099 -0.001192153029933 -0.00421781475267707 0.0352724503939118
-0.664495334350714 -0.204013952723738 0.00203970584752838 0.0555962969346265
-0.554715214357542 -0.340498373404515 0.054752122692519 0.0611335777101787
-0.401261127715662 -0.545768752043566 0.081362935067452 0.0830322871187581
-0.211880995916838 -0.616663831414402 0.0967303650996287 0.10516891012412
0.0452947705422872 -0.638360203570843 0.019856186238526 0.174482147060547
0.206095211982621 -0.732512354611984 -0.0206705055163812 0.0964015442950808
0.151002808807517 -0.740287930661282 -0.259679284447664 0.286180824189589
0.101166010134112 -0.583942774174216 0.0221697317575163 0.0991167151043793
0.0547478535323499 -0.622528750977754 -0.0277787639914511 -0.144898810822185
-0.0770283205083391 -0.652390219037282 -0.228408499206528 -0.186537588669945
-0.346948959450329 -0.564838854080918 -0.31430710348758 -0.0854532488189907
-0.546849302924487 -0.377980846405176 -0.335643127751513 0.0287614293245569
-0.679314316869714 -0.180772149539882 -0.281158381100518 0.0780119200596105
-0.596336968168806 -0.0646215539645851 -0.267690212503129 0.051751908361072
-0.619080986799862 -0.0365182382134421 -0.222041448927778 0.0201065639351057
-0.548485832561525 -0.213008837328466 -0.175711099462052 0.00791863196603666
-0.413636669984592 -0.308309958506898 -0.0401738398954484 -0.0230725418741097
-0.264978597499565 -0.418937271555452 0.0883975692525305 0.0573864051163647
-0.168541096306107 -0.450120246140879 0.117561811650015 0.181629190806466
-0.0129282910421903 -0.512490379560798 0.00124468825211305 0.332322203132745
0.132377015221741 -0.660624629678657 -0.0893393893207191 0.319056030545423
0.0703906968507498 -0.525393766759597 -0.33378348898312 0.44042242634506
0.0686989574458677 -0.371402628798943 -0.0820954075852226 0.217038418265315
0.100008951190396 -0.420282684423133 -0.0800844486120069 -0.0619474510582585
0.00626675506062715 -0.493113011139486 -0.203272477687981 -0.18672547988635
-0.228690696408221 -0.463176524192469 -0.35940944134285 -0.207782394615661
-0.406940610722471 -0.31461283871744 -0.489113890094481 -0.0984990497074073
-0.51837703754034 -0.175730942771257 -0.489212895527467 0.011179717052393
-0.451919829943588 -0.0873042353361917 -0.459685074514075 0.0243173272657412
-0.445913682810668 -0.0753481705395182 -0.385560284301431 -0.0147515364164853
-0.357329824013672 -0.20205439171433 -0.281913831527941 -0.0568311951374683
-0.218776023934833 -0.241056824140216 -0.0692785376827854 -0.0959222574003017
-0.103356675538778 -0.248252037128897 0.114826329266605 0.0586862612550065
-0.106267748995694 -0.246682695463904 0.108290741418453 0.258703794546851
-0.0587760193509114 -0.340451457404741 -0.0322883991601924 0.435834328406812
0.0541599120992325 -0.505207660005363 -0.123269794377796 0.494912744924867
-0.0361505674637948 -0.244608451610734 -0.363012406969573 0.51388159792145
-0.015174256009811 -0.116198247494206 -0.151728641763747 0.298221019561302
0.0805554699321662 -0.146139746077229 -0.0931690365376697 -0.00526632288571924
0.0588265480693077 -0.227132656149465 -0.159688016902158 -0.203107359302585
-0.073247340222403 -0.2618343318242 -0.391246481376516 -0.307216450121082
-0.194439515794994 -0.195774877145393 -0.595387938875644 -0.18893000906163
-0.268470504557984 -0.141019003292678 -0.633977884309888 -0.038696612285921
-0.236678622549928 -0.0969889193375724 -0.579915145281769 -0.00714753089525635
-0.219660110914229 -0.0974703849188646 -0.47742373598437 -0.0667348129879901
-0.142442074868328 -0.154902632989875 -0.311141105643679 -0.125519168832179
-0.0386444043603902 -0.143552106357975 -0.0422741729169106 -0.139076508888215
0.0183283702686904 -0.077221273805016 0.135385225732867 0.0917102639945692
-0.0515392700539691 -0.0610802424942819 0.059271236956088 0.320899267499779
-0.0838546980508105 -0.159863762759654 -0.0748073559253795 0.475027355332814
-0.0150027287570773 -0.287543515932122 -0.132178040536252 0.608124015620524
0.1491798866344 -0.0260642996158166 0.0444842758683378 -0.658931397635207
0.126692813886379 -0.0812418250177123 0.0653556774676404 -0.511164881489724
0.031398535794732 -0.134164200841429 -0.0213652930230085 -0.361687224375407
-0.0821462651692191 -0.0998959089051405 -0.180050947341862 -0.1543694439919
-0.117251209878909 -0.00559619414524341 -0.0233394831884165 0.168520429858272
-0.0748833793244771 0.044273268342736 0.299567860481895 0.224325892347899
-0.0422030144560789 0.0908615975729856 0.5131236631794 0.123608411886347
-0.021346778265926 0.086038451234017 0.601355364473782 0.050221536565263
-0.029225780104693 0.0799274844565925 0.647591784684631 0.0627364292663415
-0.0427540464874743 0.0571430382557804 0.603055696900157 0.177576964005238
-0.0835177362865649 0.0360441870486749 0.430726194427404 0.2997247847104
-0.138547856145892 -0.0506117904751096 0.173794272316223 0.212278743395028
-0.0661669398317725 -0.14119192328693 0.0967799831350235 0.00577255651309862
0.0477134861153664 -0.114765793658009 0.172440575677714 -0.242403832961422
0.0719653719126112 -0.036084759026854 0.386121017049459 -0.474746551604769
0.168429310462261 -0.323159586627539 0.0146230635810878 -0.571571996918474
0.0973075908593541 -0.29837908269155 0.0992491038509279 -0.434503583963438
-0.0285502660287827 -0.307539212401035 0.0445937622053689 -0.333408801274672
-0.14480708974375 -0.243602161835186 -0.163293287679553 -0.180108754600264
-0.225421228470475 -0.13478596297112 -0.0619891347027895 0.154638629396012
-0.255215045469667 -0.0522585994997342 0.24217866006116 0.255397577482128
-0.28323800008359 0.0502456462658055 0.466752828285671 0.166388629609544
-0.260229684300046 0.0716541270484427 0.544206235601058 0.0707171674847135
-0.303261689701901 0.056194186737799 0.588741412273792 0.0545038538619454
-0.30246834918864 -0.0582967194406519 0.543844313521523 0.155749317162095
-0.281316098020512 -0.148852526591271 0.393515147919936 0.272821568158069
-0.238022511206766 -0.311983741655179 0.149741064269811 0.189387473567798
-0.0830721321112216 -0.398222193358672 0.077935986306936 -0.0160972941913588
0.123054143513012 -0.359542989283495 0.137043604828059 -0.236785307183204
0.180370307792861 -0.307703645223962 0.310598064010128 -0.448505136394128
0.183672876617681 -0.592911508361393 -0.0306051335635569 -0.406035965133544
0.0741611352641954 -0.520390248267232 0.12643215063719 -0.324045995618734
-0.0827038296153665 -0.494406946363841 0.0801432333459065 -0.300218679435185
-0.20499708581592 -0.400221278971749 -0.163751518263255 -0.189620253700879
-0.322646327914944 -0.274525489787246 -0.10961901498941 0.131827016379889
-0.415660381880798 -0.160479090777164 0.148737654901048 0.25878551518903
-0.494299352491983 -0.00677962903790068 0.34965639931749 0.184698233764541
-0.462857075051745 0.0480471576587425 0.40288347450043 0.0818903591318745
-0.528263471791735 0.0466352314617663 0.439904895014569 0.0413115780652441
-0.523138951235328 -0.127894268962795 0.406338529721648 0.119286439869115
-0.466839531101275 -0.267959382518069 0.310182129159154 0.211902297037315
-0.360632169096854 -0.496576622161402 0.123307318411853 0.154494784893397
-0.146161578361264 -0.589891152185374 0.0643892852125854 -0.00307769784295611
0.134434531497581 -0.556720874397843 0.0836239011679916 -0.152308098927245
0.235074686079243 -0.538899812826242 0.194920950480236 -0.32830582474407
0.180777622661552 -0.774737713003675 -0.0914133738303707 -0.176530864415257
0.0649298624746744 -0.672641118386337 0.135218949382286 -0.188999803823454
-0.0982491964601021 -0.641807252931386 0.0782534370664889 -0.267100132113283
-0.229551093487358 -0.5548586273606 -0.189679885078919 -0.190181831955044
-0.395306584659113 -0.414372589841536 -0.17337210482032 0.0945554760528613
-0.537686082517582 -0.263552729348944 0.0160157534044338 0.228033103554633
-0.646059091698079 -0.0698935544413854 0.173778446458991 0.173328864144805
-0.595136665002151 0.0183234215388801 0.200839506535293 0.0824069518443942
-0.661110366123227 0.0388768628870699 0.227424660913666 0.0360799826758087
-0.650236135228233 -0.161367646998314 0.211086091451916 0.0862431496702493
-0.572847237640544 -0.316904342621564 0.185055426268208 0.137214748006616
-0.44006763658965 -0.563462646431688 0.0944074593465385 0.114872010862472
-0.210583081947481 -0.659904140218345 0.068148456781447 0.0387755744254824
0.0877530832501363 -0.655050715685579 0.0427439695277652 -0.00404743107952678
0.227205118306106 -0.687224273859712 0.0755697719190175 -0.135715471372715
0.161380739026565 -0.821840841362913 -0.164701705025258 0.071830270809898
0.0744557476341914 -0.692216382462782 0.103876800484449 -0.0416326852819388
-0.0490862704450832 -0.688627968654342 0.0347231264178801 -0.217186643765843
-0.187811457271061 -0.652914369992756 -0.221209984364741 -0.182840554693184
-0.410715686646579 -0.525092182522662 -0.246697390465474 0.0292783217915315
-0.588006933157925 -0.337555006031996 -0.149019508382103 0.153453523080018
-0.710577886157887 -0.123445313303171 -0.0454267783788336 0.136209870903492
-0.638586086914471 -0.0129436065861079 -0.0339797253385552 0.0750721199298888
-0.684564954302773 0.0185433615869855 -0.00519267676569577 0.0358133166814723
-0.655627539924657 -0.177662218826754 0.00173783222871638 0.0561869277352905
-0.551112675677659 -0.320997714676721 0.0523265290501412 0.0596557029610778
-0.406259371647592 -0.520315557982997 0.077374235599482 0.077076955073239
-0.224268525294578 -0.59334560949664 0.0906656992403099 0.100397830525041
0.0238312930434209 -0.626200601003939 0.0238296987308591 0.169875439115866
0.174421906238075 -0.723290360666368 -0.0188240178416618 0.0958371622679595
0.118224031543824 -0.723498883320771 -0.243217496336803 0.288694511601337
0.0853271828369618 -0.576239659681408 0.0236179769499814 0.0987536174305482
0.0372947727233628 -0.608296461987853 -0.0311543593036067 -0.141065606041787
-0.0952733996914104 -0.63834959979735 -0.230809253216314 -0.175121889684403
-0.352395185350557 -0.546972285797319 -0.310742395144676 -0.0732045113101248
-0.545979050182258 -0.352668772954076 -0.323737598727731 0.0411254868189886
-0.66469974710556 -0.151757616975169 -0.275581863277615 0.0802341921757711
-0.583799592616957 -0.0458192456481539 -0.262200869039991 0.0590794976780265
-0.599551157895891 -0.0201350111361116 -0.217238689388084 0.0252660395542144
-0.542561933093767 -0.190663863923518 -0.171735980726448 0.0142686654483773
-0.410146637475509 -0.292969070163392 -0.0421450169830523 -0.0207910885949059
-0.2686214128232 -0.399204110678779 0.085342265141026 0.0513928470417564
-0.177956632228787 -0.431634154274584 0.113467632945727 0.174317016180106
-0.0298913069161013 -0.501113684824952 0.0102012649943963 0.324375402556172
0.103553397419586 -0.651774204760583 -0.0779696663875939 0.315066125375018
0.0487824636348135 -0.513992174581595 -0.310836596439387 0.439649214355258
0.0607382361011558 -0.366446069693616 -0.0753978455028007 0.216721760805844
0.0870185829850443 -0.411766330352623 -0.0792828763407513 -0.0577783640822925
-0.00820249794887051 -0.483664489380091 -0.204333146286198 -0.177816226096973
-0.235325387832606 -0.449114569658048 -0.357015795956656 -0.191831027494402
-0.406133190308297 -0.295419862881279 -0.477722920919498 -0.0795386627719537
-0.509641067079665 -0.151890899713305 -0.478899740087838 0.0212932136381722
-0.442997486332751 -0.0718742173482661 -0.450704729633346 0.0363718750520086
-0.432603901071644 -0.0605860161620343 -0.376196241508472 -0.00621219773295658
-0.355362919443899 -0.18591256872689 -0.275377993527641 -0.0464906498046403
-0.218438628433473 -0.231364336583279 -0.0711990216246063 -0.0914777146810734
-0.10626428729139 -0.237043011662296 0.113459335893383 0.0522158124397139
-0.111728551501764 -0.234748047527848 0.108780222500985 0.250439237350162
-0.0687479468947924 -0.331356513439296 -0.0193175188002075 0.426306345551864
0.0353220918448519 -0.496896953463214 -0.10598047815613 0.486631151108443
-0.044579887344884 -0.238274984294982 -0.33989901993214 0.511981201542471
-0.0151110241977508 -0.11469780031981 -0.141967702226322 0.298248331710522
0.0755637711067792 -0.144671287441428 -0.0894727090502119 -0.000627786057126283
0.0509197877660963 -0.223986318144205 -0.160614963055356 -0.195753782739661
-0.07806497137899 -0.256205951541314 -0.389254801201957 -0.288203174444306
-0.193480275606576 -0.185519409547139 -0.584912290352802 -0.166689194106167
-0.266202157971102 -0.126669820260842 -0.618596735003212 -0.0218964649448001
-0.234225510468123 -0.0882274894900935 -0.569255309962028 0.00840216478346953
-0.214132705621933 -0.0881076394585872 -0.467214520849166 -0.0542993905037739
-0.144108269584462 -0.146118661469235 -0.304023315208883 -0.113043931711009
-0.0410912820562107 -0.139479592263057 -0.043865292584034 -0.134610151287166
0.0159131478334372 -0.0743869748634631 0.136336578691192 0.0851134086833223
-0.0537695785419378 -0.0571729546449482 0.0637712873528522 0.313709645590793
-0.0884392967521659 -0.154506961590641 -0.0619944017116548 0.463897010254523
-0.024612383828758 -0.283745549601145 -0.108794112632463 0.595653101607895
0.147779233972978 -0.0274433764693105 0.0311380533052429 -0.654655978389885
0.122419134423349 -0.0822773369274734 0.0565706221092997 -0.508149514595049
0.0280001270978958 -0.135005832916244 -0.0279116622582579 -0.361302058694478
-0.0833914057005224 -0.100216139694797 -0.187028102228188 -0.150998640487286
-0.118133133035396 -0.00349024609881556 -0.0236565839054746 0.1670135417073
-0.0763566385072264 0.0460352920432581 0.299741470158732 0.216653868323544
-0.0386661793035303 0.0905608699780013 0.510905905308492 0.11589229002765
-0.0190662989211053 0.0859012653883866 0.602379975631063 0.0444121651610769
-0.0275709445976389 0.0791212627082441 0.64584369596739 0.0559627138033734
-0.0409045763844436 0.0570118673071818 0.600836144620726 0.168371517075342
-0.0826149622848564 0.0369218651814026 0.432210646405016 0.29314324502554
-0.137900051781041 -0.0477320299606327 0.173560906572064 0.210379472444921
-0.0681547015931774 -0.139793774907383 0.0956852526629734 0.00180590941553581
0.0460204030335284 -0.11457856125015 0.169450427839019 -0.246423842929032
0.0709971667599159 -0.0347838818219332 0.374000635084972 -0.480223079370599
0.158371787906503 -0.322307908981909 0.00350118783132023 -0.566346612195587
0.0888940133153083 -0.298386188837548 0.0915152008028646 -0.430214096201968
-0.0348693622664417 -0.305807656694048 0.0380762737514107 -0.334209187644841
-0.149500160435449 -0.241864687666256 -0.170679686568933 -0.176223568269575
-0.226922963732925 -0.131520084972529 -0.0639042854592241 0.154472242654739
-0.258054213824259 -0.0461585136145689 0.243082532309632 0.248739844007755
-0.277142251842549 0.055729338053394 0.460111024345799 0.158034766497319
-0.257110045137752 0.0762731505289935 0.546228252919817 0.0662982529082349
-0.299856866259833 0.0605276605613206 0.584440362115005 0.0472145250879668
-0.303070305034158 -0.0523099926202345 0.540488497307253 0.147534615250103
-0.283092515631893 -0.145939985663634 0.394722297686505 0.267401795114603
-0.241699763930195 -0.306797838545289 0.148617137991492 0.187117753414698
-0.0888711614949229 -0.394530359688408 0.0749119749163727 -0.0193036860233647
0.116281459594494 -0.360386913067736 0.134247913739537 -0.240135733321169
0.172139862347006 -0.307523289939421 0.298708333655587 -0.452029387222848
0.164373095319764 -0.592191725947293 -0.0366721281242056 -0.400914769066873
0.0619729534310122 -0.519650075064305 0.122440140992863 -0.321835201651079
-0.0921904545807641 -0.48958024722578 0.0738125885458773 -0.30214742097536
-0.212973214436745 -0.396807958782889 -0.171042659022021 -0.185289084310534
-0.326379786859216 -0.26904874246476 -0.111460888334615 0.133290691860444
-0.419766176480321 -0.151558789798253 0.151669929977019 0.255030909841921
-0.486498687134135 0.00251196807535882 0.343230319415014 0.176557058250687
-0.459356121921223 0.0556224683746726 0.404388422563117 0.0801248769591799
-0.520827799716353 0.0540553626652836 0.435306567379929 0.037221095599759
-0.524295683816721 -0.118527870804812 0.403653510708924 0.114170506858091
-0.469973402086607 -0.26370945980601 0.309499567095867 0.207562355696198
-0.369364045589683 -0.488566567997587 0.120718617216205 0.153187072872159
-0.154438289102277 -0.584524477557143 0.0595769009602579 -0.00487905548468815
0.12331458324771 -0.559352194577877 0.0818948706808078 -0.154087040172934
0.221563916633007 -0.539403276910395 0.185498944187652 -0.331049980602673
0.157723805014303 -0.771328571569296 -0.0920718240709169 -0.172182700660197
0.0514728632391639 -0.671699563722295 0.133552681707779 -0.188195981765357
-0.109980852743559 -0.637115327774884 0.0721639603164798 -0.268178385972614
-0.241708752969085 -0.5506534167605 -0.195923550013411 -0.184859337370491
-0.400670867517891 -0.409084325949762 -0.175049976580015 0.098721559281039
-0.543048366532053 -0.25211179886851 0.0203650737782539 0.227840389190334
-0.638795756082057 -0.0560690953163908 0.167951718684367 0.16792542210861
-0.59320810518399 0.0294937099690825 0.202050405533084 0.0836222518170296
-0.653853860669558 0.0494891789011658 0.224772458851598 0.0346773343794428
-0.651427873929884 -0.147210159886565 0.209848339728861 0.0848178637318756
-0.574933801941748 -0.309881450994097 0.184117254458634 0.13528708583007
-0.44755945953491 -0.553177837238531 0.091370721982679 0.113991729442558
-0.220200599021911 -0.652237591404219 0.0623377040917486 0.0375742900747215
0.0747274784315171 -0.654112481081859 0.0431125662290536 -0.0052425676846372
0.211242675459343 -0.687348323648516 0.0700587242736467 -0.135451043052988
0.13701933264733 -0.817199237318788 -0.159676581950755 0.0770001275861272
0.0627914416791177 -0.692807604757128 0.103898307564312 -0.040476680208044
-0.058980856680045 -0.685858376826847 0.029812210594091 -0.21680113602357
-0.200716958401728 -0.648786727961557 -0.226984499150693 -0.17761890807
-0.416330686965929 -0.517875684326464 -0.248069603924582 0.0348015816084645
-0.593088213657235 -0.325545671298396 -0.143448351612673 0.157945981318036
-0.704494149115655 -0.10556628276641 -0.049719751720574 0.133519365434258
-0.635225132244119 -0.002110308783281 -0.0330465669448876 0.0791463465154518
-0.676154903087521 0.0291002672181141 -0.00666713395515367 0.0373766938090014
-0.657243065473764 -0.164815219574114 0.00177969750239735 0.058762220855108
-0.552870808753346 -0.313020753417893 0.050423256544692 0.0597058789429391
-0.412416481353412 -0.50977881799842 0.0741775877931356 0.0750761125832585
-0.23455272054909 -0.585117485275646 0.08658522761087 0.0995743312040749
0.0118208914281748 -0.625009065131215 0.0262187634124989 0.168315748450473
0.156190436436161 -0.723038216540655 -0.0182862680916561 0.0972033207900807
0.0990407343126073 -0.718218211127112 -0.233520634322773 0.292849407785373
0.075672191861704 -0.575863094830292 0.0254334869189548 0.10107967868741
0.0272960675480378 -0.606190696426836 -0.0337630090122534 -0.139363092539305
-0.109815760972155 -0.635465198931276 -0.234173599227264 -0.169711734425806
-0.360108625678926 -0.542697626205442 -0.312576381306569 -0.0651965096265462
-0.548873177350861 -0.342319865717091 -0.318583788507507 0.0490536907074711
-0.661215283510722 -0.135591319272905 -0.277980041998315 0.0815295104752654
-0.581943631091244 -0.035271854507924 -0.262000719002196 0.0651660200849998
-0.592519274692426 -0.010620918263563 -0.216148735523515 0.0286119667469021
-0.544893235759439 -0.179589579061179 -0.170469521219359 0.0192053242171892
-0.412184773515216 -0.288096089638615 -0.0445993402898193 -0.0193351447968531
-0.273658205863061 -0.39090906975225 0.0836954812188157 0.0480085810522639
-0.183988747831775 -0.424645549680533 0.110856367158287 0.172853437387701
-0.042077530734661 -0.500263384303093 0.0140113946084078 0.322357647414106
0.0856321599155433 -0.651947840844569 -0.0722455845438453 0.316443712845526
0.0340366899760931 -0.511265521208327 -0.299598303179985 0.444330726823141
0.0566280864275246 -0.36844672375946 -0.0719369746286705 0.220188245446903
0.0818397515078988 -0.411928608782279 -0.080142299333637 -0.0544318951875529
-0.0180696327736962 -0.482855660486118 -0.206849947790154 -0.173604689736102
-0.241150637835396 -0.446676398478436 -0.358518228929808 -0.183818558040007
-0.408129295181646 -0.288917865299311 -0.473570709979227 -0.0695633578351659
-0.508362300091201 -0.13878748708934 -0.477967781966703 0.0265872652914519
-0.442969265244362 -0.0639228279337348 -0.4498795446412 0.0430172848402638
-0.427555142952704 -0.0533742967471906 -0.374582040971129 -0.00156786455025823
-0.356692113459235 -0.177567800844048 -0.27246110346325 -0.040617069756715
-0.219912612168181 -0.228420926115097 -0.0719738371150731 -0.0905092293312512
-0.10827454929973 -0.232090108455442 0.113128799434873 0.0482765382821751
-0.116590025694268 -0.22974983355792 0.108342892913601 0.249729413592169
-0.0775001912700637 -0.329605436578578 -0.0127754430402525 0.424286162802994
0.0223231677707589 -0.497072476260179 -0.094584927661555 0.486375973928084
-0.0510529029115898 -0.235494729343214 -0.328293338619338 0.516165031612463
-0.0152394947727743 -0.115403076389148 -0.136648448688656 0.30262919018239
0.0747806459963836 -0.145644525060141 -0.0878374490892599 0.00301878775603814
0.0477207392256407 -0.223600186901572 -0.162133427204907 -0.193193496624063
-0.0825855395772219 -0.256610344217882 -0.39135313157461 -0.280225839985667
-0.1947240536507 -0.183730619667253 -0.582099878483093 -0.154415764929017
-0.266719275972852 -0.118635758045027 -0.614182234223105 -0.0131847921519658
-0.235486889924304 -0.083526706485602 -0.569870977862816 0.0147973439087989
-0.212059066007728 -0.0854288394396104 -0.464778659499444 -0.0496805415369317
-0.145594698580287 -0.141201660193777 -0.300536115823922 -0.10798609403259
-0.0419717516403754 -0.138465325033088 -0.044194962799539 -0.133741196816021
0.0153784404905351 -0.0727230967275092 0.137972028149515 0.081528112291263
-0.0556851885742785 -0.0547742578434487 0.066127341087443 0.314303757063372
-0.0930105517503567 -0.153160534179079 -0.056679116311176 0.462751130745995
-0.0315876228387561 -0.284509425465357 -0.0956067201805186 0.594791202349486
0.150281545125138 -0.0310281717885221 0.0128264041177853 -0.665092886502477
0.121635198534765 -0.085566292588918 0.0466588236658064 -0.516310015278036
0.0249455495181046 -0.138597734155032 -0.0381085812650956 -0.369799953372663
-0.0883390582260775 -0.102366640081081 -0.199706420280143 -0.149331770424274
-0.12250495550266 -0.00139851993226907 -0.0243681172394018 0.170709916799999
-0.0792339209687875 0.0497198358621884 0.306860554163933 0.211651239394328
-0.0356218551007008 0.0921188365872824 0.520921622331572 0.108073226837157
-0.0163769718870993 0.0884959368134653 0.618468686414638 0.0357663139256793
-0.0266332571779345 0.081244825817794 0.658700679077037 0.0441134916700611
-0.0400152683816246 0.0588315678868102 0.614028943860948 0.159632629168144
-0.0830095007917873 0.0389355896345595 0.447061639489789 0.288641293008235
-0.141207432752715 -0.044803400335363 0.178885358787084 0.212282335822246
-0.0724378565476512 -0.14093674010819 0.0967999639486151 -0.00254483312752261
0.0444365695383919 -0.117588110816774 0.168189512160201 -0.258476851506043
0.0724481164826142 -0.0340814573492002 0.366752744471148 -0.498476092192207
0.150099871767037 -0.329418203712036 -0.011792445820977 -0.575281697636874
0.0801837700682368 -0.304647900512979 0.0850448599725131 -0.438985663368263
-0.0444933796297999 -0.311329377004035 0.0306489522404977 -0.34256105741946
-0.159347376155339 -0.245000190749417 -0.183543130123491 -0.175990309824217
-0.235677376654631 -0.13032972372497 -0.066219927840288 0.158781740139973
-0.266621479079569 -0.0398790692530245 0.251179589954775 0.247582569791451
-0.278380030020833 0.0633184172503536 0.46941459328163 0.153475968328175
-0.259186506103943 0.0843070082250519 0.560617564462327 0.0594091739115902
-0.303367743497301 0.0686443541644545 0.596528124169618 0.036748390365202
-0.311388784695036 -0.0461724660869927 0.553794818640413 0.140709035985917
-0.292412256511204 -0.143569038293262 0.407851342938285 0.264446401983062
-0.253522694504045 -0.306932398819685 0.152560154627467 0.18974508094825
-0.0995776063710469 -0.400167665452132 0.0731055830221324 -0.0228738194720144
0.110425925897855 -0.370913634003871 0.132146176603637 -0.250879061232645
0.166767286361934 -0.315561543050923 0.29019764953029 -0.467384121394297
0.146688293470317 -0.602340447080351 -0.0476354761080334 -0.405557968929831
0.0477675798138204 -0.531695057238197 0.11885216554061 -0.329205021556405
-0.108440962982388 -0.497074676332574 0.0685430557184132 -0.310012714762158
-0.230481866071576 -0.401046793113713 -0.183938584545623 -0.184537130814103
-0.339080354364349 -0.269653940275152 -0.116034652487892 0.13888420185968
-0.434014213779811 -0.142473137415104 0.158976071387326 0.257077258055449
-0.492491633738649 0.0154337394436289 0.346846913790765 0.173759948490609
-0.465394825816261 0.0697575196223613 0.417612402835379 0.0757295899174111
-0.529436628830021 0.0675283397470019 0.444310584055416 0.0306913493911056
-0.5388057792895 -0.107977588065856 0.412629070877123 0.108860427191539
-0.486592160078401 -0.260298405584105 0.318812020616882 0.206658388724382
-0.388553518831719 -0.488682188445297 0.122891372456119 0.155374663078775
-0.171181338836924 -0.591923723418272 0.0565235565752399 -0.00677047175258223
0.113445031415025 -0.57447038357775 0.0806772602881852 -0.161839535166635
0.209695918577024 -0.554839769392528 0.176880460993109 -0.341580649706299
0.134086321199671 -0.785814467020785 -0.0952320733788699 -0.170900797667529
0.0322168043884283 -0.68623974183135 0.133372050378728 -0.192654490492884
-0.130030404356527 -0.646499866596934 0.0677508784725755 -0.275257574113399
-0.263247434844423 -0.555682560455129 -0.207738401199869 -0.183133028665046
-0.418346461023829 -0.410304396279613 -0.180929594397977 0.10635076607408
-0.560992430032555 -0.242601284764678 0.0271945942189108 0.232934248626802
-0.647200170936985 -0.0399496208969613 0.166269655922282 0.167354534360982
-0.602606944369226 0.0454453892785838 0.209324589628561 0.0844205282121818
-0.663481408102333 0.063765902917322 0.228325113067507 0.0328690489699861
-0.670404955509744 -0.13385348213693 0.214564183929463 0.0847183205521959
-0.594947329262615 -0.304970577839415 0.18882103995502 0.135707467690906
-0.46862215959831 -0.552274323404477 0.09111386968073 0.114737590287266
-0.238588276790212 -0.659344417367632 0.059485289427742 0.03714567351494
0.0597823887485451 -0.670526321375627 0.0441527202521838 -0.00830435861418572
0.193304400506698 -0.70554756970798 0.0654188061165499 -0.138351566573087
0.112223365256009 -0.830028778946288 -0.156792018046427 0.0826137122023509
0.0467247744878322 -0.709757511645302 0.106633866474028 -0.0418861647447261
-0.0784357064875822 -0.697641400444933 0.0254441352214276 -0.221491220764404
-0.22405230196334 -0.657290489239718 -0.238749952669913 -0.175386935132777
-0.43712369057173 -0.524016853686086 -0.255543844692419 0.0451911100198639
-0.614141265302015 -0.315854663451892 -0.139785587797863 0.166283620878716
-0.716191142190012 -0.0877120739816736 -0.0558970255881941 0.136263391898626
-0.648836407876324 0.0157015854082897 -0.0316874695601834 0.0844831420692818
-0.685023265508261 0.0432545930052231 -0.00737302749170095 0.0393602035332266
-0.675342258484276 -0.151041157744458 0.0027253917837057 0.0621889231011874
-0.573084893107114 -0.3097910727351 0.0506229113306672 0.0616480774951483
-0.432167217924628 -0.508644542036458 0.0737449409836645 0.0753687835441267
-0.252558416341515 -0.589898683291367 0.0850481461391502 0.101125058837635
-0.00737432892868565 -0.639616799848881 0.0305401691828879 0.170945235792387
0.135755544990515 -0.741705002208482 -0.0183697476032495 0.100625963220136
0.0753307557955752 -0.729385083401892 -0.227176694240302 0.303961572489464
0.0657373568015368 -0.592601329118875 0.0292919236587701 0.1052630196738
0.014184058367157 -0.620318275299565 -0.0387744783265404 -0.139990030580451
-0.127309029773541 -0.646778910805074 -0.244694315500344 -0.166935183861153
-0.380336717383204 -0.549683601870883 -0.320778389593081 -0.0556076249637758
-0.570057615913942 -0.337449119623933 -0.320506238971183 0.0599335728582502
-0.673652759425204 -0.119235959359272 -0.288211470027623 0.088107351913282
-0.594886503346536 -0.0203364454086657 -0.266751355105762 0.074719675051108
-0.600173276472508 -0.000106019948436419 -0.221506523239196 0.0341710946889594
-0.560468066375304 -0.167497529100217 -0.172017795469825 0.0251404599393735
-0.426491945117411 -0.286444967063109 -0.0474407038697349 -0.0176931881270989
-0.285832928168652 -0.390412275901793 0.0839607675573986 0.0461089197406031
-0.198874368881083 -0.425486987529461 0.112810884118442 0.176358915690424
-0.0573709157233159 -0.508860338202074 0.0216309896385565 0.329048334991727
0.0666556727418451 -0.668347532005017 -0.0659686837740787 0.324528545193466
0.0191019091502009 -0.517835516853351 -0.290613868067142 0.458647897752182
0.0503214993794791 -0.379064328190326 -0.0672613303520354 0.229926633920782
0.0751170171121535 -0.424242201538363 -0.0827979985958757 -0.0515612654289085
-0.0297287391533163 -0.494263346054473 -0.216021590303861 -0.17167810054663
-0.257340359194817 -0.453685736139467 -0.369648585781268 -0.176259854250708
-0.424283492478349 -0.287054668404464 -0.481608055180361 -0.0578948142250719
-0.517459089659403 -0.124626740761932 -0.490367452375036 0.0361878551524837
-0.4534863895261 -0.0531568082182203 -0.459585389363462 0.0558651534268595
-0.43334412802434 -0.0470304096178994 -0.382430432626116 0.00530508505234951
-0.368314147683951 -0.170995907383928 -0.276596842736765 -0.034980842982117
-0.228348190554869 -0.22947574240079 -0.0762243703046563 -0.0900124969587529
-0.113898774281235 -0.231698097851475 0.116413919757316 0.045645724076955
-0.124773360095611 -0.229011678657712 0.113693598535064 0.255655512615954
-0.0901975578727258 -0.334786995914477 -0.00437152676770108 0.433007983063481
0.00532603413376807 -0.510256867136497 -0.0840118543529916 0.496571198476036
-0.0599899331709143 -0.237297591150067 -0.318619780107382 0.530599896170038
-0.0171306852765279 -0.11902716341336 -0.130480665419964 0.316027418985981
0.073740058647664 -0.151529092140122 -0.0877992393182469 0.00761586009251593
0.0447839337010617 -0.229573585917792 -0.169336688251216 -0.194741524215617
-0.0908966890875349 -0.261419765535655 -0.406143029202815 -0.275055152007019
-0.202535737277832 -0.184540421217324 -0.596188212946087 -0.144233968279052
-0.2740039543465 -0.111601196198439 -0.627517484106862 -0.00259257456629491
-0.242822071031044 -0.0787363092720061 -0.583216553995733 0.0284705943302633
-0.21617594863369 -0.0832696889437856 -0.475357477610443 -0.0418326402502218
-0.151882458300335 -0.139881569812175 -0.305527610255153 -0.104752621070072
-0.0453348894114658 -0.140719503908816 -0.0465710512202218 -0.135910506482932
0.014986338726072 -0.072980886624934 0.144267708980851 0.0795147536973498
-0.0599974948646826 -0.0535318829092092 0.072984654361577 0.323095764388819
-0.101217752750857 -0.154159770391788 -0.049016687301508 0.472964595471863
-0.0427780935381149 -0.292012064954074 -0.0821266871944022 0.608474675494712
0.136345174031617 -0.0547898435571598 -0.0441271881488296 -0.665512672382348
0.100274017406398 -0.105349688100315 0.00561292132929184 -0.522771282787729
-0.000367789886105641 -0.144983453519807 -0.0637981398278027 -0.371183565558945
-0.109901510287585 -0.0913319063922597 -0.21256017906299 -0.136600533002132
-0.123670320270791 0.0165352604724013 -0.0122057481389753 0.168532478437622
-0.070917270538015 0.0587718040433293 0.327898205297927 0.180778026709114
-0.0185176708987349 0.0956778072821944 0.538505289121806 0.0507383162496204
-0.00374414782423473 0.0876342137379065 0.640262793156101 -0.0296416411903763
-0.0159836327242122 0.086833196046867 0.693750162380208 -0.0205894174467173
-0.0367671593126543 0.0679376067952722 0.660729088078199 0.104717286690101
-0.0836439545253382 0.0538802749034295 0.497917331838249 0.256895051281032
-0.154083045499561 -0.0248918798356146 0.213006060164506 0.205972640271092
-0.0913243324796288 -0.133877283032339 0.103885353758902 -0.00961741513485891
0.0374571776403787 -0.121534044593272 0.144134881276816 -0.289428515195207
0.0802697077873344 -0.0355183727604832 0.331657645791265 -0.552080549045066
0.0932143281747051 -0.350646642355398 -0.038796728834392 -0.571699230960969
0.0296828981888196 -0.31947679380008 0.0652438635557585 -0.449289171282463
-0.095461240256067 -0.30861593205533 0.0243957476280448 -0.355010546131057
-0.202956751117165 -0.224248405060184 -0.186852035065159 -0.168641825123074
-0.253220431294707 -0.100150628482787 -0.0483886441391322 0.15407145627478
-0.27080055515764 -0.00863130265385382 0.280429467781195 0.213029747150924
-0.268649038728594 0.101245330199707 0.50081798970805 0.0911037292192021
-0.249019865045188 0.109335577868137 0.581213726759309 -0.00245657004765505
-0.298018262382373 0.108582544388808 0.628570209327379 -0.0209364754631578
-0.326695043966832 -0.00472760263091021 0.602135762531821 0.0920286667067542
-0.317786117493043 -0.10658188728388 0.46233162811353 0.234590882177857
-0.302733383922893 -0.277830606718026 0.191175498798148 0.191022617564182
-0.149722934116713 -0.396178778282058 0.0797711881912829 -0.0163381792448531
0.0760352583520395 -0.39429602545629 0.0961099377546745 -0.26548533286037
0.148417584402293 -0.341599035674064 0.238208064533336 -0.50189922742903
0.0512196843053635 -0.618666827092254 -0.0380460884477627 -0.394446263836517
-0.0311407134811107 -0.541395787067506 0.124553351213735 -0.342475265823775
-0.186437558518477 -0.485858734092738 0.0829361751158282 -0.32875632164274
-0.29751433559189 -0.370301571166899 -0.172538121147255 -0.181274252278234
-0.375136528632012 -0.227317522072576 -0.0910086328408766 0.132747478123948
-0.451705643184689 -0.0915026691913629 0.194387704340685 0.224268832260632
-0.492682165325628 0.0829629253813086 0.38969391551567 0.116553381446192
-0.460361547291744 0.115762361354525 0.433846383745804 0.0288886051188785
-0.526146273096759 0.135549357266734 0.466749878384055 -0.0119561591896884
-0.567526529423771 -0.0385509133914265 0.455914229995074 0.0721202250538068
-0.528055275453354 -0.201856868769767 0.368366793438414 0.182404288722168
-0.462666852981526 -0.445699880752407 0.163875674016429 0.16084355849623
-0.244244249570417 -0.583548807680649 0.067832207905136 0.0108666875064812
0.0531215380290794 -0.609639322754055 0.0435549399956729 -0.154241606384569
0.165298368467218 -0.599746454847185 0.1205535398019 -0.349251818313594
0.0143897495260149 -0.79554663683527 -0.0532319588617998 -0.15290535323219
-0.0646384379613861 -0.696915336894561 0.162148400598353 -0.203379247271311
-0.22756110251214 -0.63596310056518 0.098937042991421 -0.29339272725213
-0.354300954449385 -0.52106734018849 -0.182433714347018 -0.177465372944885
-0.474084816168437 -0.359515706846766 -0.149665947912214 0.101535790532604
-0.592530833901242 -0.176197086879144 0.0654490700102068 0.207349146444887
-0.658660296804255 0.0510644811666897 0.214473407927498 0.12358237590445
-0.602701170196717 0.10685861756162 0.219707981806376 0.0579545522501037
-0.660808344354215 0.14931184489413 0.241235922038474 0.0127032123494307
-0.70308794566932 -0.0483643235134254 0.247314759880317 0.0639112476969299
-0.64234822803666 -0.236814180910507 0.226140593706781 0.121217852481731
-0.551157417086128 -0.500420224660653 0.129871814763364 0.121682622074418
-0.325145013712409 -0.643291061634434 0.0788734971218015 0.0610701828078222
-0.0171055725270037 -0.705215833703227 0.0211757369603247 0.0190134640900584
0.127169674670571 -0.758588132068618 0.0167703374813671 -0.117616424906993
-0.00983173851632991 -0.832495471921866 -0.0901200981764328 0.108770421176033
-0.0507536709990486 -0.718968927525386 0.151498321935982 -0.0449842264935852
-0.180692545132646 -0.694371882506129 0.0652111996563679 -0.227417391782288
-0.327756023056856 -0.628604699613472 -0.203693702865359 -0.160524724905407
-0.509200061439501 -0.472424422724297 -0.222325166916616 0.0442294850897998
-0.65695422216723 -0.245573910909035 -0.104988233765123 0.153959539374535
-0.737796983523234 0.0141503100608414 -0.00873280106882736 0.113033748574494
-0.65189587455587 0.0828669235918726 -0.0287239441221925 0.0828738319693033
-0.685421733376721 0.129499830669681 -0.00380225196309768 0.0434758641902637
-0.707230441373711 -0.0666119850957079 0.0236050684560449 0.062563307768421
-0.617786370521714 -0.244092078320559 0.0730790697989299 0.0575980705673784
-0.505282441471873 -0.45989857951538 0.105486679218719 0.0798126978667328
-0.331260678860488 -0.570005048969414 0.11274718486831 0.123163910046901
-0.0866637915081603 -0.664952672065684 0.0297973710512036 0.210311427779829
0.057595635117911 -0.791566156164351 -0.04575500995086 0.144641413464109
-0.0270064625138659 -0.726304369092281 -0.15076592347975 0.336414238017234
-0.0119868056397815 -0.604298663263106 0.0781247121058992 0.113825269354641
-0.0759938528680916 -0.6277344235232 0.00243436482587738 -0.130505091158084
-0.228246129852704 -0.633470208905869 -0.210361356836217 -0.144253108229458
-0.458853210284673 -0.505370778544613 -0.296479644183877 -0.0487944064741064
-0.617363331732944 -0.271217043555493 -0.297478422010355 0.064909031687027
-0.700945365813104 -0.0215758006807677 -0.250097435295066 0.0911597758796956
-0.602940017312267 0.0426805300893374 -0.271120222609142 0.0992150518605598
-0.605381363248095 0.0766749843647409 -0.227159506323118 0.0594726739701813
-0.588870544932715 -0.100161627944069 -0.165089365550828 0.0413700549156462
-0.466009781243292 -0.239423635323301 -0.0404348753855512 -0.014361840182323
-0.339818569191738 -0.357710103890015 0.106989801338658 0.0465934996159715
-0.257938013387938 -0.406020926513572 0.147382422313971 0.192884379893093
-0.128403279262227 -0.524896592042571 0.0434648440982038 0.37309022863891
-0.00920073616518081 -0.709199153064301 -0.0685794287098793 0.379872822909026
-0.0523027785679797 -0.507572362012238 -0.219477542637404 0.494812949133723
0.00410436915841826 -0.385779598888378 -0.0224245544392861 0.248513073202518
0.0146864064622855 -0.438689554829142 -0.0512592324601619 -0.0318157215949092
-0.105931228605775 -0.493414735268637 -0.194938827147706 -0.147568859104559
-0.325985229140238 -0.425535559231931 -0.364929936162734 -0.159455340106347
-0.46819899662905 -0.236756548162571 -0.476632445765003 -0.0322912425981265
-0.545303109464986 -0.0497521649609941 -0.468327526721245 0.0674472629196107
-0.464930990101149 -0.00539384041105419 -0.470216417447489 0.101670068984413
-0.442868276767917 0.00567296216514084 -0.398657698480574 0.0453229345041598
-0.392636176574016 -0.128604848158835 -0.283924992556583 -0.0104754851537294
-0.25592015520555 -0.206155723924131 -0.0818103660602684 -0.0868624577087827
-0.144775752771652 -0.218573129734314 0.134522118869132 0.0401484930116049
-0.160958353333783 -0.215084637268254 0.152258156759166 0.269321774208886
-0.144662581496752 -0.339637295524429 0.0340302574367503 0.477228903787581
-0.0593334707750601 -0.538466030433456 -0.0612733347285258 0.554308278407722
-0.087716009320459 -0.219071163378003 -0.262773461736311 0.563360486366189
-0.0279023830259963 -0.113930628670899 -0.0942520138222853 0.337859538388655
0.0522884383439256 -0.1637662490739 -0.0732885759740046 0.0267502581985948
0.0094485718914541 -0.239054143987946 -0.172542719589518 -0.175282443379658
-0.134921700699759 -0.252231656373019 -0.423412469556326 -0.246200494862184
-0.234056923166631 -0.158436972671405 -0.60985262666079 -0.0993777112841978
-0.297775828048653 -0.0695790751358509 -0.621929510054954 0.0533045582107659
-0.255563784162509 -0.0507449470912198 -0.598101326506549 0.0885288330954334
-0.228462818968224 -0.0585352058804137 -0.500687803926476 0.00338072609912686
-0.168204939771345 -0.123948497054265 -0.32521651688393 -0.0806298611416991
-0.060327883614499 -0.136625097964214 -0.0588078201911358 -0.137108702047612
0.00573528302158957 -0.0731926527869951 0.162865771272941 0.070631441542798
-0.0751477906038005 -0.0457513631275082 0.112753066051393 0.337863406885307
-0.134008937060021 -0.152864189238265 -0.002411106964754 0.514792879003996
-0.0875560303764706 -0.306369786955308 -0.0394935894841489 0.658352752568463
0.134996149573156 -0.0664445510650848 -0.0967918513073723 -0.667122481845273
0.0928697264278524 -0.111935213844461 -0.0328084532742231 -0.529022269222069
-0.0111840063354456 -0.147117050690042 -0.0939467775344155 -0.374050840960308
-0.11982035997215 -0.0847229243188649 -0.229931038784976 -0.12044022947425
-0.126864282242243 0.0264795987318594 -0.00354404891436759 0.173355865199556
-0.069891819927812 0.0669603165805945 0.342516781536769 0.158916973776634
-0.0122010845103955 0.0970647039448814 0.550105144867391 0.0145111043397498
0.00414115803017734 0.0886653932733846 0.652365651648952 -0.0781710138530812
-0.00908882731026173 0.0892878822110609 0.703765596010932 -0.0700494339003591
-0.0319831964663592 0.0703494401660693 0.676919273636521 0.0598740062798521
-0.0810562643162255 0.0604622473888731 0.525294213052992 0.225507040614566
-0.158057417410492 -0.0141134916846609 0.230218245573429 0.19627930315971
-0.103013405685902 -0.129763836383128 0.102342230348563 -0.0197554522799837
0.0297740350625252 -0.125851626935941 0.123387550747452 -0.308249747695632
0.0808603783805906 -0.0400843269766765 0.291486098646425 -0.584921895320998
0.0665943036250925 -0.359561787742167 -0.0835782887806083 -0.572938257255406
0.00455735065515278 -0.323232873573137 0.0333206456789511 -0.459500812512469
-0.120847184189071 -0.305322060759975 -0.00301435983983104 -0.363759831406407
-0.22510762261904 -0.211972998824902 -0.206563936621161 -0.155213487752179
-0.267202322836928 -0.0831311684468849 -0.0417267526580759 0.161546372502238
-0.277565036296101 0.014194822268413 0.296676732063567 0.19535372950811
-0.263605838213054 0.121034449730657 0.511656574714154 0.0604915298278903
-0.24375065708452 0.129399015947549 0.595338773790953 -0.0435487490917696
-0.29346039385841 0.13389211490275 0.637511427605008 -0.0656497887818097
-0.332595523067289 0.019687228768453 0.616684928813276 0.0499282986464581
-0.33269263277274 -0.0852056711033527 0.487267372732341 0.20747399610513
-0.328103428843245 -0.259694781316531 0.206300751872083 0.182875633984345
-0.180786972725094 -0.391609569019563 0.0751691818638684 -0.024076223124629
0.0468834570997056 -0.406966733021687 0.0764172268570664 -0.280594653125059
0.125424063965254 -0.356914608319885 0.19950112613197 -0.526539795992686
0.00196526789525805 -0.626086332821639 -0.0692036276626708 -0.395640578651777
-0.0755386078159055 -0.545009957954914 0.100298777421121 -0.356183649594097
-0.227761199575056 -0.478135385563438 0.0599686514006488 -0.340529252514027
-0.333553210804362 -0.353119709795795 -0.192937408742365 -0.169604530138215
-0.400059611364835 -0.203886254674752 -0.0866471054154885 0.145349417301792
-0.466430837048993 -0.0569216239072829 0.213112452757674 0.213908374738996
-0.491284111416515 0.119344211136872 0.398311953342771 0.0966902320915318
-0.457586626713985 0.152888723863166 0.446687287311725 -0.00190335623919313
-0.523763029326585 0.177644297446746 0.473152212376192 -0.0451041508136826
-0.579352810190226 0.0037742693871068 0.466953745907085 0.0411226753611349
-0.555604658510354 -0.166883088391962 0.387784572977319 0.161106383115354
-0.502979666087992 -0.417933572687637 0.174655402030408 0.15474184384082
-0.290982169732194 -0.574931177253106 0.0640600804807848 0.00607582227422438
0.00557750121026413 -0.622590533392208 0.0321486983438477 -0.163673480782776
0.121689719996762 -0.621632850852912 0.0916464727851642 -0.361989292470781
-0.0496462231340939 -0.801146459958473 -0.0641274762887766 -0.150293439307947
-0.119812534299725 -0.700306410577428 0.15238243643899 -0.218217223248286
-0.282317497646068 -0.627931503026289 0.0796705158296015 -0.305513734086884
-0.402714646068876 -0.500410086932303 -0.202427358510124 -0.165376773360792
-0.509546768501963 -0.331644565353286 -0.147533857733732 0.118843996630772
-0.616361889202344 -0.130922084728955 0.0831598134393583 0.207075063863664
-0.660980338728015 0.101281136536311 0.218332872021492 0.116683690347515
-0.599387954096336 0.155772385772611 0.229769490200032 0.0434933177055387
-0.658590969146759 0.201925043096145 0.245950982007713 -0.00316592596529606
-0.719449963655696 0.00565356016949831 0.256112769906054 0.0494532159934607
-0.672861263179384 -0.194189310254976 0.237720402863517 0.10963437905667
-0.598707599078475 -0.464422433713023 0.137716631308913 0.11743694282314
-0.378859277861038 -0.628060464297534 0.0793621758141215 0.0579628529674028
-0.0743436176279406 -0.714312717225886 0.0219585475029458 0.0149672394720737
0.0672380742329745 -0.779622847165927 0.00466650505392658 -0.117611753662769
-0.0785491031139204 -0.83549194607017 -0.0805226491494684 0.115522597187465
-0.106788610133788 -0.726902468747002 0.153610901754502 -0.0558285592705614
-0.239424423385478 -0.690963842818884 0.0513189338705748 -0.235993488051588
-0.383796740752768 -0.613660409785469 -0.222514069084364 -0.146497761495392
-0.555113346848526 -0.444544477417811 -0.223338722571553 0.0665472717774256
-0.687943460253356 -0.196040979135896 -0.0910645613019391 0.165176289192244
-0.741638715653623 0.0700731260143807 -0.00926997315171712 0.121678483423676
-0.653459823885438 0.136340940513353 -0.0214202117527355 0.0880353561281902
-0.68379696996525 0.182963777411996 -0.00125179155852226 0.045797198638674
-0.72396029814553 -0.0112051482419468 0.0285388380756631 0.0632910637230591
-0.647734797005814 -0.204552385075028 0.0765192403761228 0.0566485176184243
-0.54747831384112 -0.429686883226837 0.109577907412444 0.0756953765054171
-0.378062346466324 -0.55183764435948 0.119546619540208 0.118910646230086
-0.141086371200961 -0.667879545128647 0.0452989443602811 0.209185404825735
-0.00792829632022026 -0.808943249684076 -0.0372754687505347 0.152075851432226
-0.085008440841236 -0.727418976102149 -0.125120838061884 0.349825773821715
-0.0582558980115129 -0.612122254761196 0.0916925071220972 0.110591156172431
-0.126271645909845 -0.633671344836957 -0.00568713111711593 -0.130393937528929
-0.281300277049748 -0.626638523151932 -0.227776203466041 -0.129081757974272
-0.506508786731014 -0.4823907979256 -0.30345868112446 -0.0241059533338836
-0.649896383319454 -0.226350132680916 -0.292968953491549 0.0888755223461904
-0.706855094745088 0.0321023640357006 -0.255012844181945 0.11444349010201
-0.608458896164979 0.0909434866990034 -0.26772440476879 0.122865717145686
-0.607238124984639 0.121990207408791 -0.227417862088887 0.0773089024971631
-0.607366801193363 -0.0549620857884903 -0.164031573955236 0.0554698357846763
-0.490556184341504 -0.211484457920134 -0.0439783560916915 -0.00910506588716206
-0.369681693950078 -0.338965341370857 0.110121668472187 0.0397965663794068
-0.291282185802246 -0.392007390171216 0.160571736709154 0.187454903670996
-0.172204014659413 -0.519960925425792 0.0711618373147379 0.37413678914172
-0.0693420350137894 -0.720170847080345 -0.0407658143096099 0.392133534165785
-0.0916452351061121 -0.504629551924445 -0.183904731512832 0.515583069511912
-0.025352788509526 -0.393560822692834 -0.000296380262395536 0.256553008185419
-0.0195240695152565 -0.448364742475107 -0.0527601620660374 -0.0261038679476211
-0.144435089135212 -0.495816179463274 -0.21138788701817 -0.134250774743303
-0.364000652913375 -0.408957034791799 -0.380376465248221 -0.133463566977708
-0.494646531875431 -0.205462729386707 -0.482328896638539 0.00229393116742868
-0.552263026899842 -0.00776134119608067 -0.475584245703251 0.103952748793364
-0.471537239392716 0.0315483793191112 -0.471611824626196 0.138470739092756
-0.448747220166594 0.0372592408933847 -0.402727003486961 0.0741594026508993
-0.406981978401758 -0.0989328728709691 -0.288056801747853 0.0091801711734615
-0.275683283794457 -0.192303214260195 -0.090049013148673 -0.0810930550780794
-0.161747507643574 -0.210917974839294 0.139802547505038 0.0303595611742845
-0.180307069204906 -0.203638796020402 0.173886793612723 0.265706532429418
-0.174840894383996 -0.33216960723167 0.0695738603948494 0.482664463061938
-0.107172240262971 -0.543159862649224 -0.0195199211527762 0.567918285184658
-0.105667367072564 -0.212817388840502 -0.223528278559746 0.587606927500276
-0.036125852380774 -0.114257167379661 -0.066241114581439 0.352796074483256
0.0407637895442095 -0.171727920932222 -0.0694778586738094 0.0345964763187062
-0.00721326375000212 -0.245084923042997 -0.187993541705274 -0.165341483981013
-0.156955318474348 -0.247863662124615 -0.44755886661114 -0.218988679392548
-0.251429780889481 -0.144658380381092 -0.623477845073303 -0.0558254852948421
-0.305028248040698 -0.0457748528141498 -0.630403671205977 0.0986914778595286
-0.263771680979971 -0.03043399367828 -0.602328321597237 0.135460917376489
-0.236509185930368 -0.0438467881280354 -0.509685892964568 0.0399399688653034
-0.179206238586813 -0.112367275544844 -0.334445147874312 -0.0594992539694577
-0.0707242993834013 -0.135250178606896 -0.0686837266444033 -0.135525804006492
0.000941618304701533 -0.0746936620938 0.171928994152905 0.0591390574164655
-0.0813144886536988 -0.0383115798148362 0.141071920857672 0.33971983458955
-0.149513287673894 -0.143381839497953 0.0358893775349817 0.52352985728073
-0.116696536156091 -0.305808683475008 0.0134289292640294 0.66906014883492
0.127440125919372 -0.0759636877675678 -0.147437957089876 -0.644022456292894
0.0827726476312356 -0.114981765385896 -0.0739710642098922 -0.518116108167818
-0.0231710231718815 -0.144494272880431 -0.122824682945844 -0.362855670032783
-0.126669383160951 -0.0739490924528406 -0.238257931615728 -0.0981459430722521
-0.125696098287584 0.0378609071477429 0.00641664569306604 0.172665147835749
-0.0648258850081239 0.0746185169408502 0.345382945982367 0.129840770327961
-0.00560302580629623 0.0952928427159295 0.54388413491158 -0.025501263130725
0.0114808598630942 0.0863040404180715 0.639418755390942 -0.127084500459145
-0.00110360019554953 0.0887297511662575 0.689225739281168 -0.124103135341157
-0.0259846407720295 0.0703929660376843 0.673173758628818 0.00818127462979358
-0.0751744268159748 0.0655659689956638 0.53770600388404 0.183310848041699
-0.156050944705733 -0.000751186447027407 0.240903530731551 0.177246603582697
-0.111258764173121 -0.120437432539066 0.0957131795726455 -0.029560869347389
0.0198981767493311 -0.12586118176791 0.0947115051980101 -0.316686088615079
0.0788229899765105 -0.044673529254789 0.237501863207665 -0.597704702565395
0.0344703732816017 -0.35672352558428 -0.126906733315614 -0.552769011663027
-0.0218750588976932 -0.315628309751197 -0.00346518692443138 -0.4542575698792
-0.145108114739288 -0.290355847953954 -0.0307989632531581 -0.359838077071997
-0.240844091865984 -0.190690091069763 -0.219442451138797 -0.13448995092453
-0.272438608318984 -0.0606430805525736 -0.0328007684102987 0.165976679161445
-0.273685484512066 0.0401172603563393 0.304787904994862 0.170582182830441
-0.248877831921215 0.137903166197292 0.506596081179533 0.0262878004532626
-0.228333206967633 0.146858454918222 0.586046764972285 -0.0911298657945721
-0.277941484604835 0.155292539025164 0.623132382510537 -0.114276417620601
-0.327610640454769 0.0461774179562944 0.612856661788729 0.00411727797655447
-0.336218288001315 -0.059885158604329 0.497813814406616 0.168446167945076
-0.343816342927143 -0.229766232365745 0.215963504605098 0.167066557339504
-0.208686964576466 -0.373199344685135 0.067844242589097 -0.0303263135206287
0.0144830405881857 -0.404944029835451 0.0506870386493746 -0.286619267568398
0.0956413885032244 -0.361127040201098 0.149695007480211 -0.531458296440147
-0.0521886438378677 -0.611206888259794 -0.0978183115326588 -0.380929809962552
-0.119794351564684 -0.527150559933062 0.0728601750044357 -0.358652679480985
-0.266286360325683 -0.452162470523498 0.0340107641105518 -0.341750530942389
-0.358332277839304 -0.320677223677379 -0.208276104997535 -0.149424451543984
-0.413087335330054 -0.170792640972078 -0.0769528975191239 0.154530501713674
-0.466023941053204 -0.0146009465948424 0.225962864851825 0.19529389083363
-0.470880673754838 0.155519780867167 0.396182719572589 0.0729663411908668
-0.435224766250452 0.187501151653255 0.442241289771202 -0.0369854975938412
-0.50093620728582 0.217644882516449 0.462076303884901 -0.080445805547447
-0.572049817374425 0.0531138610376891 0.462907143850566 0.00751217497572078
-0.563502169117062 -0.120596241025438 0.395104652661982 0.132160700271224
-0.530568836600492 -0.372356643836922 0.182724448479491 0.142381126652796
-0.332154702280438 -0.54475269042345 0.05842778757598 0.00203074117829529
-0.0441218568541135 -0.613954234535316 0.0158201972862182 -0.16740809379597
0.066298101473445 -0.619814723602154 0.0567761614354183 -0.358309344633039
-0.115715329284637 -0.77503671939023 -0.0730611507593188 -0.142846091705984
-0.176411374157817 -0.6795252707044 0.134737217306663 -0.226523592472161
-0.331748676948684 -0.59498661919062 0.0566462331531314 -0.308067745363006
-0.440179900883079 -0.459822476103894 -0.216986646286735 -0.144126809031495
-0.531872308068324 -0.289818448928329 -0.136856801650723 0.134285079192592
-0.619502345601948 -0.0766966947682111 0.100072541848924 0.198113744345397
-0.640175977537948 0.150630509205396 0.219636069979828 0.108152131555689
-0.576953385683541 0.20185837717382 0.231777004443219 0.0254908507797924
-0.631767362550463 0.251620717643962 0.242395199023259 -0.0207308122575207
-0.708534323596594 0.0646027087562195 0.255080320069512 0.0309283508610034
-0.682460181368737 -0.141395023478295 0.242932740905054 0.0941551619499991
-0.62807858484619 -0.41196232443948 0.142574381617721 0.109025533506031
-0.422475993263649 -0.590496725304549 0.0774845248513204 0.0532396812609336
-0.130544210047445 -0.697676996614218 0.0202413158649816 0.0101491984355732
-0.000259568851694383 -0.771622143278734 -0.00752927048782534 -0.11291315511125
-0.144327412678975 -0.806927507324005 -0.0682907492843839 0.119038428783485
-0.164336148602513 -0.706793533926548 0.150054860527182 -0.0676743837141767
-0.294592332365503 -0.66045786011111 0.0332963505496568 -0.236149821236691
-0.429346401528712 -0.574120942847469 -0.234266836234648 -0.124026011111593
-0.586377159083 -0.397242543530389 -0.214024983547421 0.0882878568971619
-0.694894374569092 -0.136281456756326 -0.0733671196838173 0.170623898713744
-0.721240618851185 0.126471077988055 -0.00541482675294057 0.129923986152458
-0.631248423867999 0.185262379997236 -0.0126799745443283 0.0896584872920042
-0.659359932238787 0.234022576310364 0.00247888349984971 0.0466939894665554
-0.713657540980925 0.0483105420012393 0.0322668562235015 0.0627180510298379
-0.658134693907434 -0.152500773157418 0.0798899979324121 0.0542794321275309
-0.572979412081027 -0.380323092104271 0.111514500721516 0.0689206043803961
-0.415596819312886 -0.513320525087812 0.122706065364935 0.110792306355339
-0.195143219325434 -0.644648942926012 0.0592008854670144 0.200914714431229
-0.079078745642911 -0.794808541724972 -0.0254592747655747 0.155875944930842
-0.142477302562523 -0.701401015708313 -0.0952532682537031 0.351735625974487
-0.105301507543359 -0.600216810131142 0.102721013626785 0.102038515023717
-0.177648015126374 -0.615466873440695 -0.014064564326587 -0.126635695883388
-0.32841635943334 -0.596532162924072 -0.23749250249742 -0.106854526243244
-0.539168781396223 -0.439404672146195 -0.299687802015736 0.0048547119151809
-0.66112322304204 -0.170339856562468 -0.276797330313693 0.110626584362351
-0.689949989023059 0.0860296621795882 -0.247312343705354 0.139745516104557
-0.591381414124397 0.137970548000869 -0.253824460883973 0.142837187575838
-0.588358930908568 0.16773173923553 -0.218709502894019 0.0945827464414684
-0.600180941801409 -0.00370713006289873 -0.15738557825029 0.0681857813494844
-0.50362549736436 -0.171191940795097 -0.0441439871274368 -0.00152557745327237
-0.390234026267016 -0.304879137690074 0.109860506940168 0.0319903730833431
-0.317755011979303 -0.360545044554321 0.171274858110976 0.175152376842485
-0.215004308843382 -0.496516524361336 0.0981903748257585 0.363053612084779
-0.133018015459719 -0.701832022643686 -0.00741363548347335 0.390792666165426
-0.130236565981116 -0.484758657435188 -0.140422302226746 0.517801831229226
-0.0556196848356117 -0.38720327766067 0.0246187205677342 0.253364029556455
-0.0569182109939037 -0.441615172362915 -0.0518830261647289 -0.0188326230706557
-0.181818260113737 -0.478328819039251 -0.219620621913857 -0.114287295866475
-0.394829815262698 -0.378113600894557 -0.381981050703606 -0.0996509450557839
-0.506152265343641 -0.162080324460718 -0.472592764503372 0.0388065965111279
-0.54159424225132 0.038558323871675 -0.464530525653208 0.142657922172549
-0.461651764500799 0.070163188796279 -0.4541534036358 0.174368070551157
-0.439120382878159 0.0706162616085067 -0.392410287161259 0.104111190805645
-0.409076357158579 -0.0637135874664147 -0.283182204455473 0.0308607144150983
-0.287234642469504 -0.170515651001522 -0.0955930866364503 -0.0712445470496391
-0.173650166465364 -0.194697455022782 0.140480927119123 0.0184957220151779
-0.194052205167858 -0.183426516531347 0.193396735282721 0.25184231372038
-0.201238388650501 -0.3113432812883 0.104446680565115 0.470046931604996
-0.156725176175633 -0.5254502885526 0.028505401360552 0.559986444031451
-0.119954016472151 -0.199226779915251 -0.175744936821884 0.593589053726833
-0.0446644009307081 -0.11164863043848 -0.0333794397162559 0.354036767993643
0.025372105191211 -0.173239840244457 -0.0630195847666989 0.0419842702341675
-0.0265969067836242 -0.24323364133173 -0.198397937982231 -0.147943065875665
-0.176410411107275 -0.233294603272984 -0.45667282806153 -0.179870699345395
-0.260996213188023 -0.123244228196479 -0.616843810249081 -0.00624024512564514
-0.301287563390148 -0.0196481323141995 -0.615947087609455 0.145453991890269
-0.262497177746939 -0.00803178276726689 -0.583929218530602 0.182503436399226
-0.236160281076911 -0.0244341290674025 -0.500874648883306 0.0787783958901339
-0.184259143123222 -0.0951107594229874 -0.334267405328546 -0.0352130574807575
-0.0800436891952654 -0.128799249010809 -0.0772291325312291 -0.128724372859289
-0.00353608612236395 -0.0730805182187203 0.176686920867961 0.0440087828469827
-0.0846230605644398 -0.0287251899049161 0.168510858527182 0.328018095775772
-0.161198959424676 -0.127823375669434 0.0760421238327186 0.512849785574847
-0.144433068828638 -0.291908018987017 0.0684410685294237 0.657028500067458
0.118116588037906 -0.0811905153659708 -0.178827795134722 -0.608636368419041
0.0741785797269677 -0.113419262267344 -0.101828888653958 -0.495155030032843
-0.0312198408530624 -0.139023977431247 -0.14021785203238 -0.346170084516953
-0.128423226100493 -0.0642468780109971 -0.237863885001795 -0.0787823293563241
-0.121709117319666 0.0459109339011736 0.0133602355865532 0.169274029716003
-0.0596005538016797 0.0784499119713116 0.338058179852187 0.107194330704164
-0.000855068823037441 0.0910942013644607 0.525419862263819 -0.0526295442421202
0.0165697721488486 0.0816330711007088 0.614754907336511 -0.159832241923855
0.00413761299966134 0.0854156341136319 0.65965852142809 -0.157170953653585
-0.0221723269980783 0.0682336081826471 0.651807667806708 -0.0283357962451318
-0.0690961970682094 0.0672286676025392 0.531116214979169 0.148032848393115
-0.150247425530075 0.00861716252615851 0.241223322473647 0.160279018467776
-0.115291930360573 -0.111392742047793 0.0871821970865366 -0.0353764654097211
0.013026420118631 -0.122307733750058 0.0697624284322568 -0.314656629097335
0.0761927283642619 -0.0473277207271378 0.190521864566169 -0.587933149822178
0.0105440734509572 -0.342991198839052 -0.151733620103374 -0.5210195539833
-0.0400279255362696 -0.300614848193886 -0.029531985121421 -0.437688515760464
-0.158674266663546 -0.270921867639946 -0.0501192511231269 -0.348080195973123
-0.245660915213998 -0.168560764903494 -0.222303861454066 -0.114146706012784
-0.269246492143683 -0.042442263548129 -0.0240093317613038 0.16699432519844
-0.262451465795553 0.0576910913535504 0.302077836543237 0.149306992195825
-0.232316148311368 0.145412754027427 0.492918030164686 0.00259213184266788
-0.211128223416529 0.153520427351673 0.564709008346075 -0.120017902018678
-0.258667916347301 0.166122481559046 0.596107612214792 -0.144097176609525
-0.314944419280518 0.0637849439634158 0.592511410339673 -0.0270252469657937
-0.330597652346748 -0.0396426453216739 0.492672124234549 0.136301010131509
-0.346364388172758 -0.202026057221525 0.217340776091233 0.153286681288637
-0.223482525519464 -0.349586623994768 0.0587454940393912 -0.0334663338585154
-0.00962912096417432 -0.391344000558854 0.028726571699038 -0.282480388856258
0.0709233106328717 -0.352418373523407 0.11060387318681 -0.518074770177954
-0.087606370494246 -0.579277651806155 -0.114488794126582 -0.358822483695068
-0.147344431497445 -0.498250798166513 0.0486217897635746 -0.350848042610743
-0.286682029622457 -0.418210223907868 0.0145857180378186 -0.334194443003175
-0.36871398570414 -0.286668108333909 -0.212081306505314 -0.128722659859263
-0.411961355545964 -0.141911059803156 -0.0667815594944576 0.158755277568751
-0.450177508972577 0.0176895877037175 0.228511750657278 0.176808376632479
-0.445213188495658 0.174982265813763 0.386475760518663 0.0571930941347492
-0.408494593062386 0.205115113993205 0.427218608107629 -0.0602325118174928
-0.47010789522638 0.2398019018602 0.443194600654671 -0.102134423639552
-0.549401337322548 0.0857997877741016 0.448795301359467 -0.0169772255699144
-0.55402053351561 -0.0860822438239861 0.391436837234003 0.108921513537102
-0.534083140288168 -0.328943794297795 0.183767539249348 0.131556393761306
-0.352656704149768 -0.508037612609665 0.0507874449869409 0.000160108260413693
-0.0807025433526343 -0.58925772786103 0.00255779603556723 -0.165294442729495
0.0242568537579688 -0.601587253160942 0.0313161376122087 -0.345428329861342
-0.159182384668138 -0.732228873931946 -0.0767351175574796 -0.133063709312458
-0.211027232557193 -0.644679671005066 0.11824629450094 -0.227689693226174
-0.360082943356697 -0.551283516610391 0.0397069699650657 -0.301996940695017
-0.454248275876299 -0.415323145572612 -0.220223100170775 -0.12290668909127
-0.534778090858384 -0.251405270989218 -0.123539239306544 0.143545085401217
-0.603388558796636 -0.0348362783494266 0.110449115618886 0.186227094253921
-0.604880263767482 0.179784779152772 0.216604356146948 0.102415457565356
-0.543803711636296 0.227845867955625 0.226784106761536 0.011683655672413
-0.594830821337395 0.280046904642487 0.232036053512802 -0.0325677392116192
-0.681196835140685 0.107010966641941 0.24827581264374 0.0184995493851573
-0.672517484062318 -0.0979501655472449 0.241675880194966 0.0822952444998458
-0.63128577642186 -0.360804025901075 0.142734332602087 0.101225205264207
-0.441092603980448 -0.546598860671534 0.0728514282798549 0.0498554898098595
-0.169714701407388 -0.663653278066012 0.0170972940774816 0.00712740096894296
-0.0502422053761553 -0.74197467973837 -0.0152293414313456 -0.103828169304152
-0.186295591208006 -0.761404400019576 -0.0575563667768201 0.11755921572137
-0.200360985890832 -0.673716426072452 0.143617545070212 -0.0751415888506612
-0.325779345338077 -0.620312119508727 0.021652790788371 -0.229408400055693
-0.45083783309018 -0.527483415543124 -0.235864032930325 -0.101910644362392
-0.593312571963024 -0.352989548199738 -0.198682375930383 0.103230200984832
-0.681012443343012 -0.0875198094358258 -0.0564620077611236 0.168467179022316
-0.684817939687634 0.163744020471367 0.000478611636565137 0.135816936746823
-0.596684719303713 0.21536558808581 -0.00690760119047641 0.0877468502880881
-0.621157268162871 0.264561848830872 0.00396797197347011 0.0457577761446291
-0.684706859692784 0.0899930734020647 0.0349704447572669 0.0610311167454311
-0.647804173766897 -0.112157377125625 0.0813621330110576 0.0530371041696125
-0.574828914139754 -0.33346198289989 0.110932043430796 0.0634614383916778
-0.430875878380389 -0.471388756223118 0.121249045275058 0.103887941507592
-0.226607924515945 -0.610396390950896 0.0661855309561631 0.189765903555061
-0.129484245617295 -0.758652658383558 -0.0154658372269989 0.154913606497708
-0.176771552688531 -0.659198597834814 -0.0701486702380447 0.342805399072555
-0.137151473975935 -0.575211863488621 0.108221026530545 0.0921114537947291
-0.210196056353824 -0.5828448823963 -0.0181847054955371 -0.118974933783068
-0.353907145761587 -0.558359309175603 -0.236433063240195 -0.0851941127599583
-0.550715251956338 -0.394999146235667 -0.284833610174241 0.0248527215252312
-0.648581411979422 -0.125617371523197 -0.25643580932805 0.121680804761504
-0.656756562690404 0.123141158948562 -0.234159963233918 0.157566368182051
-0.560800210364125 0.168621877992904 -0.236701784531068 0.153279339667193
-0.558152573039684 0.195285248026982 -0.207185620573398 0.10384819498187
-0.578763231564806 0.0323790366307095 -0.148198195156835 0.0768532178459348
-0.49794613425262 -0.138566290300867 -0.0418175091215063 0.00481584141388943
-0.393218623740617 -0.271718516991193 0.107190577674278 0.0265483665307623
-0.326726210758875 -0.327866566481232 0.174351588546693 0.163050763862837
-0.238780393572038 -0.463921184795994 0.115380121890517 0.344983940793254
-0.176811930098915 -0.666827892581817 0.0172792242054689 0.378253238641817
-0.151799523030787 -0.454775220208778 -0.105211666401535 0.505173035872475
-0.0755595587641986 -0.372722175132493 0.0410433600223125 0.243457046192737
-0.0818494553657863 -0.42397759746828 -0.04756102907048 -0.0119885682472305
-0.204566107188852 -0.453569940155751 -0.219215180832372 -0.0948086921864108
-0.406449665722961 -0.344471662481803 -0.371911961419418 -0.0723743034053748
-0.50050136672638 -0.127118175802203 -0.451564244883397 0.064367289233018
-0.51653811840433 0.067341105178058 -0.442471410538838 0.169167951314071
-0.44040890933712 0.0946919619029126 -0.428367513123083 0.196155802614289
-0.417565641205163 0.0943605516135658 -0.375394354795344 0.122806093450127
-0.396099294275008 -0.0373961516069288 -0.271593198815241 0.0458295074659856
-0.287682266714229 -0.149544884815001 -0.0950401699296907 -0.0617881835254612
-0.177753230769001 -0.178439525952132 0.137039357567619 0.0100159369044501
-0.197145835680006 -0.162407467953076 0.202059165192967 0.235657962803323
-0.215367326090304 -0.286415132241235 0.127970172492994 0.448256660107526
-0.188465610763835 -0.496618021588993 0.0622338463072827 0.539011367895623
-0.125157489875927 -0.183232815890703 -0.13639103178437 0.579113785675553
-0.0492845114348976 -0.106281543527896 -0.00729017398150034 0.344564073307671
0.0134695744616356 -0.168910442392124 -0.0545765388993668 0.0472527254518675
-0.039788070864959 -0.235577300377148 -0.199988779515438 -0.130392306767213
-0.18553506418585 -0.216489729504132 -0.449733773072974 -0.148702027332024
-0.26115741623438 -0.104710615669595 -0.594919693208159 0.0265940202715593
-0.289400759492863 -0.00123419775585735 -0.589021798149845 0.177088494998751
-0.253409764161921 0.00787889768395535 -0.55370577582834 0.210857200921217
-0.229918073682437 -0.00990160433481257 -0.480997963368092 0.103673531841488
-0.18171873910656 -0.0809263354053729 -0.324713823673424 -0.0158921655497649
-0.0845125073920903 -0.119857070686729 -0.080424547287047 -0.12017045821964
-0.00683855532590236 -0.0696880610770498 0.175086992203104 0.032370686137608
-0.0845640633301484 -0.0203505567769932 0.184852330681522 0.310927578802293
-0.164814577444876 -0.113023565066008 0.102821960880658 0.492852481094482
-0.162668475603192 -0.272247761431896 0.107591684809332 0.628540998001822
0.111899107108327 -0.0824378342684886 -0.189632530279606 -0.579929260880285
0.0692135989452501 -0.110225293972543 -0.113311272287008 -0.475928680853096
-0.0357927830048774 -0.134602998295891 -0.147454793039279 -0.334021792337397
-0.128799398636964 -0.058396625854351 -0.234372674555018 -0.0680645512737196
-0.117810492215923 0.0507054461563659 0.0154611567754106 0.16605084701391
-0.0561791916020421 0.0804835012386185 0.328131215692203 0.0952163205990273
0.000970762168096301 0.0879236788114356 0.509965256197745 -0.065670663425667
0.0194384420052929 0.077950273955686 0.595323969397222 -0.174494125864399
0.00693700286404085 0.0826647773036371 0.639376628039249 -0.171048047954083
-0.0201291585104339 0.065753172366421 0.634208571079372 -0.0465624353776002
-0.0649184553190873 0.0670968695491522 0.520980252365277 0.127537024165612
-0.144916480610065 0.0132530396265159 0.239044142707999 0.152065166992838
-0.11636521969352 -0.105187858304089 0.0800832481681602 -0.0378888221200808
0.0101701484732433 -0.118971665978902 0.0536548575680641 -0.309455414059226
0.0747674626203923 -0.0486401034112567 0.163704765290733 -0.572193183648049
-0.00128015008723351 -0.329578699484393 -0.161896168321229 -0.498006774294307
-0.0484361532273814 -0.287647891543875 -0.0435372243602925 -0.423764042306323
-0.164586648388053 -0.256650356974077 -0.0588199197143333 -0.339720247890081
-0.246499070613461 -0.154664479622243 -0.220130295807312 -0.102677022368503
-0.26493483108617 -0.0316964938071064 -0.0192851129027111 0.16611146396557
-0.253286565904574 0.0674536197195381 0.296360436997943 0.137195842296909
-0.220949275632951 0.14701349012609 0.480445071028236 -0.00570993551490935
-0.199598548680177 0.15468791874825 0.547516278097558 -0.134404572213497
-0.245081526910264 0.170406910942866 0.576131510625532 -0.156688298324362
-0.304355330138569 0.0716650109013034 0.575895516155001 -0.0437508684176656
-0.32435447443677 -0.0284393819733371 0.485752633495314 0.120885515994108
-0.342332735975055 -0.185389829917697 0.21506335326524 0.145912226657569
-0.228377580886872 -0.333925045993301 0.051161959802835 -0.0335113964416224
-0.0215123414028413 -0.378372461670742 0.0154919446738188 -0.277725236271931
0.0575598697582679 -0.343938219182911 0.0874087346915565 -0.500381357348004
-0.104423932381332 -0.553935290796855 -0.119483461083721 -0.342262769340051
-0.159474244902189 -0.477596319694641 0.0368195605306119 -0.340635344767064
-0.29535938285836 -0.395362782317246 0.00548575714779862 -0.327647602993762
-0.369765814361093 -0.26391175146867 -0.210782977614802 -0.115020518572521
-0.406868232519096 -0.124278350804359 -0.0594048897741235 0.160700689575693
-0.436543185024096 0.0348427855744381 0.227875800755318 0.165288480847787
-0.425207515991166 0.18167637493909 0.379065582798146 0.0522620938528448
-0.388647192697792 0.211828355210317 0.415179957742893 -0.0720147611035168
-0.447540058922206 0.24804757111369 0.427508224846142 -0.112168559472749
-0.532252956932113 0.101221528163005 0.435120600548313 -0.0275492578129512
-0.545148708830368 -0.0681694774386569 0.386255380126593 0.0975112278355105
-0.530335662981416 -0.303040527695022 0.182223525358137 0.126838975154029
-0.358184767063777 -0.483440104513385 0.0444615292090551 0.00128537617889021
-0.097015567091272 -0.568869618958529 -0.00642956174362218 -0.162447062938412
0.00269452399452283 -0.582390574796364 0.0168738917305627 -0.331025336253313
-0.177385330188625 -0.697738810618367 -0.076762857198974 -0.125910983385873
-0.225445995459062 -0.616882995322552 0.10801553321058 -0.225400714364845
-0.370407715504174 -0.521044819129661 0.0317303474820517 -0.296201846846627
-0.457823139501157 -0.385698785404102 -0.217409552041725 -0.108103890534099
-0.530032192689762 -0.227154309881792 -0.112739562036402 0.147823434977983
-0.585449155248698 -0.00996800946517655 0.115309488084268 0.177159824454121
-0.578911709215205 0.192597993009157 0.215847212248055 0.102915309041593
-0.520116761296914 0.23744652059382 0.221109899752676 0.00476794785298905
-0.565198525641177 0.290911344234576 0.224081396911586 -0.0374508219117315
-0.657416185323024 0.126442806459604 0.242533244622684 0.0134054607963662
-0.660724369700692 -0.0744024763417381 0.241238471057129 0.0767343918195349
-0.624897831729459 -0.329173315078743 0.141518483346617 0.0978695193177666
-0.446524680052872 -0.518175114543381 0.0679407427019098 0.0506594280167881
-0.186934142202038 -0.638628521524659 0.0140986702613756 0.00508361956508238
-0.0769516204788765 -0.717111926085953 -0.0193273015703094 -0.0959613556963043
-0.203672144306384 -0.723654402368604 -0.0503862097693342 0.114673739194065
-0.218170584331185 -0.646751349371174 0.138892351852551 -0.0778905772706691
-0.339770477441295 -0.588032929576352 0.017555719527881 -0.224184022861949
-0.458138300444512 -0.495815538640808 -0.230823603344601 -0.0865888855786167
-0.591575447475804 -0.325559241124281 -0.184743855563925 0.109791602318653
-0.66310364866488 -0.0617344640963059 -0.0456331791557747 0.164077421890504
-0.654735510735823 0.17788957427163 0.00552655242599486 0.141892565019445
-0.571495569216449 0.2289922964271 -0.00374134424786858 0.0859802890781231
-0.591994568974325 0.277272767432904 0.00437618552266075 0.0448376655159461
-0.662692232193637 0.108859567180193 0.0367773678450495 0.061642514064308
-0.636788741136144 -0.0892652458194567 0.083980856211667 0.0534810315050796
-0.568425737584576 -0.304017390338678 0.109286142120224 0.0613190092163905
-0.431611039450964 -0.443733782823185 0.118300076594294 0.101450341650668
-0.2423044777098 -0.581774118191971 0.0684920522607544 0.181905846192278
-0.155071996232054 -0.730421726757767 -0.00942580539050663 0.153605001475079
-0.189585843835512 -0.628731222468309 -0.0565916568996138 0.33314994781039
-0.152545726202072 -0.555245758416811 0.110692174118455 0.0857212098132199
-0.224195648143031 -0.559057296843323 -0.0170394631938549 -0.113890876476727
-0.366076408065705 -0.529706274550023 -0.230280025501652 -0.0701667462082086
-0.552861250211157 -0.369645482667066 -0.270816051202244 0.0361048274942308
-0.634249002967623 -0.0994771304211842 -0.240149842011557 0.12418723051156
-0.627957800689633 0.139858590431828 -0.22150741114243 0.167270983974752
-0.537946041258124 0.180509832654912 -0.225403854512795 0.156348351297502
-0.532400037797666 0.207463705154108 -0.199462517526466 0.107158364678872
-0.559261746317703 0.0482595258644858 -0.141153386890414 0.0810748645960721
-0.490444417137575 -0.120028178449768 -0.0381102050044699 0.00914584754636715
-0.389662717002263 -0.250294468501241 0.104865357753799 0.0236280269806961
-0.327139513867054 -0.307266782720412 0.172785043960431 0.157287376595932
-0.248776451654364 -0.441075157352036 0.121672002342448 0.332209219287053
-0.199905965950812 -0.637429757619286 0.0300067269963631 0.367409868942869
-0.157788957397892 -0.432733002585893 -0.0871284896307627 0.492147135981885
-0.0860804085326642 -0.360509647928002 0.0511613876540444 0.234643469786493
-0.0945076693518265 -0.409208028880253 -0.041934576438861 -0.00700700598291499
-0.215037457892494 -0.435358267718578 -0.213465850771045 -0.0806984121269196
-0.409188207706339 -0.324527188685368 -0.359621737801855 -0.0590240573911959
-0.491033184330118 -0.107270402986321 -0.43231330785149 0.0739953997803801
-0.497166143364609 0.0808896253788444 -0.425444639215262 0.182253763404881
-0.423359047308787 0.106761195626328 -0.411112836107594 0.203559686767635
-0.402877804797881 0.103656615497335 -0.361720923629569 0.129836253791519
-0.38384305118519 -0.0244121819472417 -0.261436801603426 0.0532079900764794
-0.28529779101445 -0.137381695131341 -0.0919430923845737 -0.0550214125007712
-0.176885141488886 -0.166403191990643 0.133669323589903 0.00559904740074206
-0.196302087123466 -0.149012095145041 0.204996816222765 0.22593232691398
-0.220600221008215 -0.268973158766379 0.139509848745836 0.43274757490709
-0.203974732834959 -0.472120600448522 0.0796629226294385 0.518236701358012
-0.125135075924182 -0.173693279921164 -0.115334258074401 0.565148027684506
-0.0511350074009052 -0.103179620334609 0.00668073355626617 0.334647418210218
0.00739521790729389 -0.164841408686682 -0.0463788380890007 0.0504158587763146
-0.0465765289327078 -0.229157730613053 -0.195666046835819 -0.11856527219229
-0.188856093054282 -0.206127717148779 -0.439066385768725 -0.133486723735326
-0.258506023974362 -0.0933095480839833 -0.575254374264806 0.04180458299296
-0.279077297472382 0.00773666576973632 -0.567898378326288 0.190448863121652
-0.245423789792141 0.0166251624396037 -0.531654750502249 0.221505504576205
-0.222912546544503 -0.00239955261192005 -0.466558604336963 0.115340945501508
-0.177581234769773 -0.0733931559239512 -0.315755103760597 -0.00730823072426089
-0.0856935733746237 -0.114077613023043 -0.0799702463004111 -0.114472570672054
-0.00807154997046959 -0.0667728991256453 0.173326493583436 0.0256989961410563
-0.0837858426183164 -0.0140878328692459 0.192121543227852 0.299737718007031
-0.165370070297189 -0.102579750044881 0.11607903702065 0.474801986949608
-0.171080578164276 -0.256363879877045 0.125496185984958 0.600643038561585
0.0876273958452712 -0.101368790277265 -0.302896953888446 -0.540381925022596
0.0398863780875672 -0.116734023997219 -0.205613930793547 -0.453286842404999
-0.0657559578483035 -0.119038467228952 -0.209526442125484 -0.313553873756628
-0.138274759936724 -0.0238377043503272 -0.248540419622746 -0.032630467996872
-0.0996945507696907 0.0756484672858471 0.0397974135094685 0.16078833257458
-0.0352261452097809 0.0868429502967988 0.335334728858289 0.0329834169747473
0.0214201702240608 0.0793362705764899 0.482003992777394 -0.160489905104437
0.0350468290522507 0.0674064561020844 0.548258511261445 -0.291899015410989
0.0275770419317319 0.074487049051707 0.599752297995949 -0.302455864941534
-0.00160736853430118 0.0674862978996229 0.623920321891155 -0.183539296672776
-0.0431662911494361 0.0782505685990297 0.547434799431925 0.0129630073665149
-0.133445709722391 0.0455293462633483 0.271310526039028 0.0988795443281435
-0.130830477660686 -0.0760002442616117 0.0733311515351314 -0.0594368837808706
-0.00979411055150436 -0.119315128044224 -0.0187293259729609 -0.315311237696105
0.0702452852878124 -0.0706559755634301 0.0407159954930282 -0.594541458208281
-0.0654759830080913 -0.307007275161068 -0.251036008380192 -0.480408719490673
-0.108420187748222 -0.25926914772116 -0.121084552971218 -0.425414149181018
-0.212792300591025 -0.205740475413235 -0.121049917272584 -0.351362010003312
-0.269731741408235 -0.0878813622924735 -0.236963109410665 -0.0807194206707689
-0.257872009784827 0.0278558564568092 0.00348398031851951 0.156586108295979
-0.224270597575527 0.114333765027281 0.306344882687684 0.0696347373530278
-0.174234440703335 0.183345249795388 0.457492713336153 -0.110565506517046
-0.160097212007811 0.181073573305258 0.507747827236096 -0.24323554443951
-0.194581140259514 0.206631248763664 0.545493701986285 -0.275889384301503
-0.273210309234324 0.130138910195023 0.572569044244065 -0.171257845822147
-0.306542772537308 0.0371460344726262 0.513247235805563 0.00983939178254891
-0.361366106849705 -0.104738514046002 0.253315638931543 0.0960758763724514
-0.282227849343282 -0.270683810411286 0.0563061792274482 -0.0487057569134198
-0.0974013265269328 -0.363380927629447 -0.0397916387853465 -0.264856139769148
-0.0106799388505789 -0.352528640324061 -0.00956367188133159 -0.492977652932061
-0.205150930200311 -0.492860079315647 -0.171408536154736 -0.346213105568709
-0.253154496803821 -0.416566643990099 -0.0193100650942814 -0.370688910235356
-0.363073124502923 -0.307799389935193 -0.0513661286863651 -0.368704262702253
-0.410676130711698 -0.160624223953958 -0.224384050545648 -0.107615827160997
-0.412386478766985 -0.0314586520218911 -0.0378960974510527 0.147245170257441
-0.405016717804424 0.119674978800498 0.241134563152037 0.0997376112738707
-0.358349069078145 0.260744471458615 0.363315690925825 -0.0457489558119021
-0.330091116182126 0.270222496318645 0.390291412939912 -0.155851726061695
-0.371723572908289 0.320736199193057 0.407823202025507 -0.201939830528666
-0.486904722259445 0.203234837760186 0.44054399529356 -0.130644139064163
-0.524908184908958 0.0430049456661172 0.412384938423781 0.00616460811332138
-0.562929961390817 -0.179939493385104 0.220932189743386 0.0806757917554884
-0.435757771731131 -0.385824316013615 0.0652897447503652 -0.0143341072901423
-0.213102683614871 -0.52835032232466 -0.0256570417065988 -0.138388500219841
-0.11860687181194 -0.568020050020213 -0.0334181830278233 -0.299390379740816
-0.299090943846453 -0.611216283700781 -0.0796802015363373 -0.148651262890251
-0.345657203489502 -0.535342319188732 0.0807925455230439 -0.275831321763577
-0.461524237840709 -0.410509049125145 -0.011988445308629 -0.353995925384061
-0.519911604427406 -0.256042608826449 -0.223387761465379 -0.109288142368146
-0.551828516842389 -0.102425365786394 -0.0916944232549228 0.133266769607991
-0.556756474998406 0.107506975459138 0.130622106266546 0.122984865845444
-0.49955002786493 0.305088118227577 0.209193840584377 0.0249167841169396
-0.45114208825979 0.321814328148444 0.215558636478081 -0.0414309538458471
-0.476643063675029 0.384699562986553 0.223430855640701 -0.0859947437917181
-0.603211111653947 0.251318032070672 0.258115185896176 -0.0501982208986433
-0.636659833163481 0.0565396597264705 0.263699773781968 0.015804272731616
-0.658900102066466 -0.187614723796138 0.176390590663484 0.0591294164859377
-0.525597339916616 -0.397920572190744 0.103552547463932 0.0265877139714523
-0.316693901192491 -0.573465353941347 0.0397517661291563 0.0252007022257649
-0.227667807528239 -0.678047450847841 -0.0108353381606463 -0.0559245483297546
-0.327466665716269 -0.630073220271836 -0.00373641295416822 0.0851422277150042
-0.343596650560644 -0.565798268956898 0.143625562226901 -0.135866436112998
-0.447573862735974 -0.480916005943608 -0.00468386598990399 -0.27868809275553
-0.544709670266794 -0.35907341511709 -0.222474658911967 -0.0884360737485272
-0.632608395515012 -0.182102671184401 -0.16844443562947 0.101527831714826
-0.641135284549 0.0760567609281842 -0.0299703923595537 0.134531388825495
-0.575535880226218 0.30970313024864 0.00972313229025983 0.0976405135669437
-0.50384136902288 0.322576790059363 0.0117235953587286 0.0831515304467072
-0.506334001461582 0.37512665098584 0.0218482173122189 0.0409868308816647
-0.613153775742325 0.23506278066025 0.0631675117775975 0.0419214221365116
-0.617634090499143 0.0373192587955356 0.102525010085531 0.027329040238803
-0.598690201652085 -0.175580020036168 0.134240001762537 0.029878912926219
-0.495151151747044 -0.329509334031406 0.162245705214627 0.0658792221165763
-0.358667082450958 -0.503233667424415 0.137334175179559 0.184788933494614
-0.309880967859583 -0.669585640476482 0.0548411951857837 0.185792335489818
-0.294712125204378 -0.545725021752815 0.0317435838444786 0.31007691780223
-0.26001058638938 -0.495035337012248 0.148658690833107 0.0394011262701387
-0.330812133892076 -0.477040126071946 -0.0100016811559517 -0.151497282385169
-0.464735774212825 -0.414250975536392 -0.211267518257743 -0.0664497387523054
-0.605743622866159 -0.232885319856769 -0.26451572003255 0.0435686866603598
-0.624744860021149 0.0360781027933066 -0.227481393815601 0.13241310416255
-0.560251107311817 0.268863060901109 -0.204882055236229 0.166435458413994
-0.479993750479573 0.273028851857958 -0.190454355976973 0.197143785397242
-0.465365026809749 0.299854488908386 -0.169136321510204 0.145594477341774
-0.527592209102529 0.156694425786424 -0.111787708026064 0.101404472814615
-0.486871927141862 -0.0216074031101393 -0.028575204576388 0.0115184011566485
-0.416074812614899 -0.15973294406244 0.11935990402925 -0.00493796893858788
-0.369251950832219 -0.218250395102173 0.22493151095547 0.11155307559208
-0.338191797425218 -0.363273282654112 0.222146034584412 0.315544118493437
-0.333996793657434 -0.567473951836556 0.137798956750546 0.381079550669203
-0.228983107819232 -0.371786450136127 0.0269422478043421 0.487768262293352
-0.155082032714151 -0.325308212582083 0.113819803410265 0.210143020159503
-0.175372165834739 -0.364427991558879 -0.0149760373021622 -0.0239745822780766
-0.302468904647324 -0.360528383125267 -0.198329005816952 -0.0661733792406762
-0.462419221558199 -0.219940988312439 -0.369041606764452 -0.0228452673552011
-0.491802041991138 0.00154730162255039 -0.422230878933335 0.12865879093239
-0.450245308531329 0.186575505894024 -0.396852924377205 0.226350609534552
-0.385838108712627 0.182623511353708 -0.360877948768898 0.280761159396134
-0.363343021725822 0.177048143752556 -0.328587747238006 0.204051951676936
-0.374424731326848 0.0505757743899857 -0.24183151451363 0.104048156552081
-0.295838242507007 -0.0766760603024161 -0.097464231440034 -0.0395538208915848
-0.197468702451698 -0.121956354477333 0.140994697416058 -0.0265715636715919
-0.214933450097351 -0.0945316017203977 0.264281573633155 0.176162991190722
-0.275739346955373 -0.203567593021723 0.256172615923004 0.405283064775878
-0.304245809318922 -0.40401082262926 0.212147099690761 0.510476045031705
-0.149633929810421 -0.136954820877468 0.00347270984921197 0.580599546240291
-0.0668306522308391 -0.087989075341488 0.0825580835611433 0.328345040070316
-0.0277268167035115 -0.157410113465059 -0.0177192827761064 0.0530345542827476
-0.0978223828908499 -0.205385838232953 -0.199187839355408 -0.0892157082580402
-0.229027447628113 -0.151544538327 -0.459842982451836 -0.0640046705692121
-0.267889862551083 -0.0301231760674183 -0.564959538405892 0.139092255817203
-0.262120665438308 0.0721162886510424 -0.526486267882393 0.276350124946081
-0.233138544444525 0.0648111184884226 -0.475877653310765 0.323621982147369
-0.215375550997889 0.0417531464830898 -0.438093806863313 0.211637165242581
-0.186519519431303 -0.0371241527203841 -0.312125112455986 0.0579647990412269
-0.102537629542906 -0.0936004352532522 -0.10021432246071 -0.0990761776108701
-0.0172278113795194 -0.0585919657880359 0.181785606254882 -0.0131700885408038
-0.082464526922247 0.0108677565043723 0.263272404869602 0.254946398772487
-0.187991118440707 -0.0559450856838942 0.234556518006968 0.447451710581475
-0.225258818465305 -0.20095268569713 0.266007331889748 0.574634644141553
0.0860684987266055 -0.10483276506059 -0.318550648473464 -0.537577361394454
0.0392632276198514 -0.118148384017357 -0.22231459403826 -0.452428688682006
-0.0715224987365022 -0.118658242634591 -0.225628113592428 -0.316178921550005
-0.142141583345686 -0.0185943299282844 -0.256059373709716 -0.026397040343431
-0.0985646667108035 0.0826017510643555 0.0435250153373669 0.1658340928127
-0.0323507854680393 0.0915368965931635 0.340750871723112 0.0262682606689301
0.0227668222250123 0.0799856406162019 0.486570957923723 -0.177557589352483
0.0372371715320978 0.0660819916989438 0.55192329418435 -0.314030700241684
0.0311758564074264 0.074146222130976 0.604636037917987 -0.324476628202292
-0.000438994301715408 0.0681458607453867 0.630988721123644 -0.202792825040341
-0.0414279329949376 0.0811253995870008 0.558313621565818 -0.00290264450533074
-0.134009578145927 0.0494863243899997 0.278945901765635 0.0953696181212033
-0.136220137994616 -0.0738072817942503 0.0680246377076293 -0.0619825923683202
-0.0123327729020525 -0.121795515125821 -0.0346958565268773 -0.31986011242634
0.0707803589332372 -0.0745569714488618 0.0245220458830393 -0.600527510666898
-0.0748804036116165 -0.30587040173708 -0.264855816885622 -0.477203385371341
-0.116695122284818 -0.257550254531309 -0.13663097958217 -0.426336118307965
-0.223916396684098 -0.199008474491627 -0.134890510692799 -0.358299174591606
-0.278228588260213 -0.0788064228169974 -0.244488742568741 -0.0754395312327642
-0.262278399819698 0.0380823681403021 0.00780229079896877 0.1618417803949
-0.222462438416305 0.124884376934618 0.313014766058005 0.0638292830872873
-0.171578065905421 0.190265938481718 0.466038373496978 -0.123347706904528
-0.157243202662824 0.187276517580276 0.512854810969362 -0.263374474983542
-0.189521514975654 0.215634523789094 0.547000410163625 -0.296229349410551
-0.274934362425287 0.140442454789112 0.578273996538424 -0.190380616383961
-0.312817431770136 0.0476562516896685 0.525633662764692 -0.00354102627255365
-0.370450589825101 -0.0953477715353519 0.26110876217168 0.0926077356657643
-0.296237986278435 -0.266928120964884 0.0513722031116375 -0.048779438290192
-0.109215289900042 -0.365841229185151 -0.0544006201402718 -0.267580095000865
-0.0224470232851138 -0.357449798136881 -0.0241696521232752 -0.494541399825258
-0.219382029842108 -0.488252064984855 -0.181375660046367 -0.345957016054295
-0.270231625720831 -0.412342247309716 -0.0313892807521306 -0.373116305993702
-0.379496084142107 -0.29598442065706 -0.0624991987872907 -0.379131144650901
-0.422303341124699 -0.146815625666776 -0.23130117481943 -0.102754196907255
-0.422855745288197 -0.0167290061525703 -0.0315435316343254 0.151827358518142
-0.404800164197536 0.136020052462742 0.248310548844201 0.0938971427351515
-0.355176111585078 0.273196437760226 0.374177002759993 -0.0532842986725195
-0.328569267625746 0.284029667266857 0.394491265143627 -0.16902038663306
-0.365959278215548 0.33621041303402 0.410975854281218 -0.215808818776365
-0.489263661815565 0.223244633511103 0.446714156115798 -0.143671777205643
-0.535068111435753 0.0604475007799453 0.423842981743278 -0.00464396447932011
-0.578270220778817 -0.164068505300849 0.228921038254609 0.0789911357188802
-0.456468148424369 -0.379598265338471 0.0627767929680305 -0.0120426300605829
-0.232898649427567 -0.529577480373482 -0.0355735123966003 -0.139450159423297
-0.140278570252592 -0.572075382765805 -0.0420939383689365 -0.298536894587228
-0.316699131902972 -0.604635411438942 -0.0837920739147769 -0.147979116967628
-0.368575020502341 -0.530611892623078 0.0739065346834489 -0.280980891100529
-0.483423481769401 -0.396872601799214 -0.0209157282997607 -0.363629932374788
-0.537389177050155 -0.237527167282073 -0.228197736120946 -0.104594906601784
-0.566800759869318 -0.0859291849898418 -0.0854141816072829 0.13781445550359
-0.558675082559347 0.127677491469324 0.137822393609728 0.118066846232307
-0.49722409619915 0.321041357592525 0.22069106470644 0.0247263333558304
-0.448173929407694 0.336802250091942 0.218791724659281 -0.0467631528809868
-0.46884402027048 0.403340647593184 0.223945955058402 -0.0922633810328952
-0.605511544894136 0.275428415382346 0.263378404951676 -0.056409453970588
-0.648017721035175 0.0797735781317295 0.274466162122429 0.00921661833618028
-0.67474817529053 -0.168767527107507 0.182833097026714 0.0577759954384481
-0.546465782539348 -0.387204153991417 0.104080097297937 0.0293720465668403
-0.339671330523462 -0.571339332594964 0.0373791962000054 0.0245891883200855
-0.256709072674552 -0.676978977258054 -0.0114245917404818 -0.0522232696576262
-0.344770825012394 -0.623069581315644 0.000485026904029184 0.0860276157895967
-0.366550875928565 -0.563583295824082 0.143450559932153 -0.14154835793946
-0.471428510478301 -0.470288697964426 -0.00868687265854842 -0.287391513296846
-0.566480456432831 -0.343819108842056 -0.224361126057821 -0.0825252179161207
-0.654024424635856 -0.163135265853871 -0.162611212540964 0.106320350687022
-0.646916151305731 0.0974301400090683 -0.0249653712492548 0.132819077596384
-0.571357704570892 0.328843329146075 0.0200155534934749 0.103904275412396
-0.500716492788405 0.341743256687778 0.0152659022829845 0.086606395878374
-0.499453029885385 0.39514167485141 0.0219324346356518 0.0429397264143033
-0.614438439538042 0.25878411609642 0.0680249320157988 0.0429149297102987
-0.629605283550138 0.0599412350064737 0.110934724749614 0.0256677489813387
-0.612961109985778 -0.159962322440672 0.139287761329762 0.0282997924450529
-0.515280452105666 -0.31841375042965 0.166855902517412 0.0676902596475514
-0.38132325586172 -0.496835020711228 0.14272142027097 0.18301651036484
-0.338817531670415 -0.664164642045179 0.0627685296823378 0.188955912485573
-0.308916485362933 -0.54047498768416 0.0415743124143462 0.313167881289932
-0.281037939304938 -0.492904530148735 0.154601023230041 0.0357632763849805
-0.354344805502379 -0.473217528598471 -0.00821666847141787 -0.156371062972265
-0.486966378769247 -0.402516396123124 -0.210930398361989 -0.0613473414244347
-0.628164436714084 -0.215972149939531 -0.262987585142592 0.0492715953137255
-0.633480393041148 0.0571400469370837 -0.225583489730327 0.135714846460993
-0.557193697877573 0.285695712296928 -0.197887068761228 0.179740743387937
-0.479743571664786 0.290904884322392 -0.187524126768164 0.20815122630325
-0.460891605623613 0.31681391966873 -0.169414039589239 0.154891059431297
-0.531014383355664 0.176239561400959 -0.108734327507103 0.107863457769321
-0.498450491510348 -0.00571529639190502 -0.0239857770156596 0.0126561912427898
-0.426133890871253 -0.149850919481392 0.122401716105574 -0.00783061894447127
-0.381074030587743 -0.20835186905201 0.232739188354197 0.111048790511223
-0.355122929347502 -0.354426829455129 0.234078354192299 0.313233255269427
-0.360513818603909 -0.560272111411574 0.151268771970346 0.381776138211221
-0.238340960065454 -0.369299180386952 0.0410520469133119 0.492985956208157
-0.168997976847138 -0.327163388628808 0.125502228127931 0.209875332490668
-0.19308605758558 -0.365735622906301 -0.00832143438149681 -0.0253082403598779
-0.320014063182305 -0.35631151851629 -0.198014723526399 -0.0614488635514046
-0.482748024490213 -0.207530912855636 -0.372184688183434 -0.0154074458599184
-0.500239822152326 0.0174359308766204 -0.424701390465425 0.138083167618254
-0.447875240645638 0.200613396652307 -0.39402830636111 0.245300352641901
-0.387291464681127 0.197589810063935 -0.359921624275779 0.298269612562933
-0.361711984152918 0.19063093626011 -0.331042949160805 0.21853790808486
-0.378659464257522 0.0630438878425894 -0.241031702219462 0.112506140722188
-0.303860464356929 -0.0698436496637587 -0.0972890154190896 -0.0377449271559061
-0.201286146899362 -0.117687591517002 0.143478227264817 -0.0317199782823539
-0.21991387648307 -0.0864732266902492 0.277541353181902 0.17327083420704
-0.28689592004422 -0.19411481883336 0.273494999954873 0.402688734464085
-0.324601072933008 -0.395963387281691 0.229375259458454 0.510834346519556
-0.153840789746265 -0.135789534409012 0.0198683431744404 0.58738142247366
-0.0719517654679028 -0.0890758684151208 0.0978805899346858 0.33057527588408
-0.0344895714528153 -0.160333680642126 -0.00876529301355749 0.0533936355233758
-0.106586550106867 -0.206120959381782 -0.199511238995893 -0.0861158165136671
-0.240521874228239 -0.146748521485994 -0.468755899675734 -0.055045253742328
-0.274582547123501 -0.0220205642831412 -0.569455632937033 0.153652003679134
-0.261240949039299 0.0801652300765126 -0.526973867340062 0.296784166378455
-0.234235204039724 0.073126713642497 -0.474569155858682 0.343372169949374
-0.216333030520317 0.0478969785535709 -0.44030713856694 0.229863420571385
-0.189783758974148 -0.0327468828958171 -0.315521146158392 0.0675946953359976
-0.106573227772664 -0.0919297383774042 -0.102287203744337 -0.100107885857665
-0.0174221738212822 -0.0586606435627473 0.186425536183452 -0.0198908160957704
-0.0833049074766585 0.016999861139081 0.27954380642032 0.253516667708085
-0.193248121871777 -0.0488241479302443 0.252262889787262 0.445972594139098
-0.237119357124474 -0.193705081945669 0.286667478297944 0.571177402198013
0.0812308366178366 -0.111609474582088 -0.353011008550887 -0.52650112421137
0.0363556818075707 -0.121735504953321 -0.25408963606074 -0.446591472982834
-0.0796767017194165 -0.115565659986245 -0.252546903618626 -0.312039456432316
-0.147002083739662 -0.00939821200604122 -0.266679855697941 -0.0122399297747644
-0.094890141275223 0.0917405564189837 0.0536808605020441 0.169550749501436
-0.0261855701896756 0.0972068868760496 0.348843205391573 0.00991069706294143
0.0269687495393125 0.0808075732777313 0.488907209587391 -0.211960786643877
0.0412653361581635 0.0644636935002838 0.546949558590761 -0.356403147440989
0.036654505567067 0.073702420956161 0.600067901406911 -0.368397537085027
0.00256496071172726 0.0693683233788828 0.635531111920717 -0.242274191624483
-0.0381909230710736 0.085063199137716 0.57092070860871 -0.0351538109912874
-0.133927858175352 0.0583979881820286 0.290742061663418 0.0827293565736654
-0.144269409129655 -0.0672403857776745 0.0606873687490655 -0.0659895365604988
-0.0182408204943283 -0.124355942140593 -0.0598343688234434 -0.322514761571475
0.0685858923318188 -0.0816046308350551 -0.0106053515989262 -0.609952945490435
-0.0925822405190451 -0.303907862878382 -0.295562011975908 -0.468493900707509
-0.131431437772217 -0.253062038372095 -0.164098663634142 -0.42435106148381
-0.240518371919049 -0.186796891787969 -0.162388811285194 -0.361887279564777
-0.288687119903581 -0.0605763538000009 -0.256958163994824 -0.0636697114671452
-0.266288408108883 0.0569199261796642 0.0180488323966083 0.165970509075933
-0.217934356009032 0.142278057652674 0.322388319272308 0.0472043234517563
-0.164821599093911 0.203690237144607 0.473219362882001 -0.153299195196843
-0.149933121420476 0.199593705937725 0.509889431573206 -0.299868821340533
-0.179208009423984 0.230919072455075 0.5421881935877 -0.335051757467321
-0.272544010637937 0.160869323465008 0.581534892425928 -0.226904872320145
-0.318616136631187 0.0687339121355109 0.539016352086341 -0.0349823944984091
-0.38385229186603 -0.0754228731340254 0.273121829263296 0.0813645759582035
-0.320371532482168 -0.255177384793199 0.0455448197118692 -0.049242693212235
-0.132607299994597 -0.367367698489429 -0.0773852145825007 -0.267796842964217
-0.0457402970380981 -0.361076056528755 -0.0526144598330405 -0.498326471913691
-0.248940478969646 -0.478193563390828 -0.203398145444943 -0.33959774737043
-0.299025578769936 -0.400564746921942 -0.0545926750601505 -0.376584349199495
-0.408942328525233 -0.274684282842351 -0.0879515311301753 -0.387563897737442
-0.439069152976343 -0.119759532447372 -0.243214853977519 -0.0927685992075339
-0.434187282307484 0.0120675965813915 -0.0216789541938515 0.156824242587076
-0.401997924121439 0.163957212232441 0.257927724481161 0.0801050979500997
-0.345162731679603 0.298612532513556 0.385398850772723 -0.0751960569127579
-0.318952089759974 0.306422998441228 0.394627672655465 -0.19551229085199
-0.350868065201816 0.364306358412851 0.406544861770916 -0.242729548738403
-0.486079586437805 0.259868133947325 0.449200342234389 -0.170665453410688
-0.545304144975172 0.0958549917868912 0.438017978871041 -0.0305129237705199
-0.600065299612855 -0.131968580918536 0.240304300342024 0.0690574500916897
-0.489825853431284 -0.360479703116296 0.0605153712205305 -0.011381727639323
-0.268758797261962 -0.525559215651577 -0.0502189724719272 -0.138278946432233
-0.180755947246578 -0.570874378144441 -0.0591640555935577 -0.296471646199697
-0.352111480442798 -0.589842192963965 -0.0907606321944536 -0.145977207063209
-0.406381245639818 -0.517372809351082 0.0602650854318956 -0.288891714145425
-0.518428480173677 -0.370873017695842 -0.0421180329049916 -0.376115870498262
-0.562247655826881 -0.205283141284773 -0.237265144973889 -0.0948264795810808
-0.587443499591425 -0.0497926172389948 -0.0765270245281274 0.143549851542911
-0.55818612732097 0.16306578394896 0.146869194821593 0.108081571966112
-0.48713342688916 0.354067779998297 0.234200209329166 0.0141594694783938
-0.43790200687397 0.369009887959681 0.2229456788506 -0.0587349866080679
-0.451691842845672 0.438874340649294 0.223532663536052 -0.105542366696236
-0.60111964193615 0.318737997540509 0.268669652094753 -0.0708390185373657
-0.660214765183487 0.123913233749347 0.287626918900094 -0.00671050628003417
-0.695988945902955 -0.131539005469765 0.19176335040874 0.0492658029385244
-0.583814697587596 -0.362659676146458 0.107015084703802 0.0297184155159589
-0.379926604918395 -0.559336266335321 0.0356659587077317 0.0238690987366673
-0.3068146089673 -0.667756066093549 -0.0122880278887185 -0.0488712679648258
-0.380331413789773 -0.609941635879672 0.00726357024108919 0.0873504114105884
-0.410058906743588 -0.55108609506964 0.141027771638587 -0.151844717418034
-0.512084417869018 -0.447517432131307 -0.0211197693909177 -0.298434528710125
-0.596728751919972 -0.310778223857134 -0.23152835164416 -0.07338895471583
-0.679770311927391 -0.125247752369528 -0.157024421405108 0.115326555379604
-0.653203125438936 0.137384286037662 -0.0181991674317649 0.131283496709664
-0.562117265375427 0.363699790492731 0.0343912419329283 0.107825099928666
-0.490461113261163 0.376729814390272 0.0224652776802013 0.089843937330644
-0.483556404959957 0.431484159916003 0.0242468033318548 0.0456321567962222
-0.612658285633552 0.302229871286481 0.0754524400318955 0.0416941679617245
-0.641588016829231 0.100347927600289 0.12123040310254 0.0189100464992502
-0.632905840637944 -0.125185039947505 0.145452696600556 0.0211096696286585
-0.544786481050263 -0.292576289980273 0.175098359346481 0.0643218044483531
-0.419422516406561 -0.480487269642643 0.153915718227211 0.179172490451797
-0.387628491700856 -0.649289345683684 0.0764120907265896 0.189993765356709
-0.340622868843807 -0.529782082084075 0.0620728351447143 0.315562373731361
-0.317135355498608 -0.486872692980726 0.163710371073623 0.0266957747319302
-0.393630059863226 -0.45786432497019 -0.0120691650847534 -0.163906767572811
-0.520757659362737 -0.379976439748121 -0.215182470061826 -0.0518456065580411
-0.659096975105579 -0.178918102239723 -0.262790156594578 0.0611814914539396
-0.642741372659389 0.0958891456469582 -0.22336384397302 0.14597816720569
-0.550447392703962 0.321515531514325 -0.185879670572192 0.197581166522718
-0.471485334582512 0.323757456257771 -0.177379977417399 0.226047750234162
-0.449707297797666 0.348112768336875 -0.165170327491177 0.171196792763292
-0.530522439125177 0.211620273502843 -0.101206255662148 0.117695871634801
-0.510373307580413 0.0248642775906408 -0.0186522769817702 0.0136706777884227
-0.440397348875975 -0.127568738133056 0.125443366005523 -0.015639143783609
-0.40074802770348 -0.187800702703104 0.245799140267143 0.103388583299175
-0.38311234911174 -0.336193586931579 0.256219372462575 0.304969876073652
-0.403820124925424 -0.542985943829001 0.177467970878612 0.379371176935544
-0.260775169361816 -0.361620863329125 0.0723707873632923 0.496978149234418
-0.194019625795992 -0.323658843888698 0.144808254001559 0.20528791663251
-0.221631760747027 -0.360667405496812 -0.00236760608405157 -0.0292417310941418
-0.348244434051344 -0.343913593902037 -0.199814564728161 -0.0538121630687328
-0.50663839828684 -0.180471630749689 -0.380334921098482 0.0021468061952144
-0.511242485775713 0.0484589017022143 -0.425775105769958 0.160691355846431
-0.443490956862509 0.228962006549463 -0.384553664266911 0.275939438392088
-0.382650546112972 0.224687691892601 -0.347568588407203 0.328490716121594
-0.35562169474011 0.212718269776263 -0.326530086158642 0.244847981898206
-0.381701531768853 0.0867315187162461 -0.237775849268956 0.129590635110647
-0.315201433262886 -0.0521981042192831 -0.0972135838638471 -0.0342849652974342
-0.209739012023281 -0.108415510494142 0.146411039770265 -0.0420582697842459
-0.228686448365753 -0.0716430891859309 0.296440558246989 0.163328382659321
-0.304982631873636 -0.177601334265917 0.300724719380922 0.39372832867875
-0.35773092870003 -0.377574740313151 0.263743728386469 0.503460159285044
-0.163140248274871 -0.130853059052985 0.0542845061517795 0.596630764158028
-0.0806470283466912 -0.0877478490405182 0.124186022147048 0.328758701555924
-0.0475392716699971 -0.161693006859035 0.00211795851544079 0.052494771456328
-0.121602306899629 -0.204450995452649 -0.203618421014135 -0.0788501522273112
-0.256228359061102 -0.133898009664193 -0.482325732158817 -0.0323636969084065
-0.283572137430213 -0.00451004395349702 -0.574608290674829 0.187930186236977
-0.260856051680299 0.0956461931127272 -0.5207593098027 0.334524866141733
-0.235011820964051 0.0894062874407458 -0.464604889234958 0.380191779025673
-0.217361381732446 0.0612119634217826 -0.43707572400279 0.264005969487615
-0.19502835044788 -0.0221357565488557 -0.316888759126825 0.0867261031015471
-0.113693437937036 -0.0876374279097326 -0.108525601913733 -0.0981687349161248
-0.0191765818447455 -0.0581647351364831 0.191713036955755 -0.0331778141996878
-0.082990906197053 0.0258727746446417 0.304789067519328 0.243292854693267
-0.200615637776566 -0.035905243190075 0.283766714287013 0.439403542136024
-0.254580998997466 -0.18004107990573 0.32301112276475 0.562508549607499
0.0717987496770976 -0.117639229047331 -0.390023568796946 -0.49338709960851
0.0309328026194229 -0.124380813837312 -0.286432553690724 -0.420657279408667
-0.0883560141330385 -0.108293242510167 -0.281614888174009 -0.292307574614718
-0.147904213600707 0.00352064727342688 -0.270333244323792 0.00990148800178851
-0.0856493061067278 0.100380018750105 0.0665508953265298 0.166596876267576
-0.0166704044713218 0.100382248620137 0.347582184288342 -0.0159954244630701
0.0320054084910483 0.0788188950784151 0.470776713862269 -0.251985072823587
0.0456775905726639 0.0603665290079585 0.51643841186506 -0.402161487064306
0.0427558036443767 0.0693238705629106 0.570422918164657 -0.414975159363265
0.00748299876703525 0.0685675029561311 0.613834589467311 -0.290952665901466
-0.0310289460231773 0.0878327711996451 0.564833396891525 -0.0809838784952611
-0.128289440587275 0.0684186934919463 0.295968047286787 0.0620198753101061
-0.149778826169731 -0.0554894655023851 0.0496742466749937 -0.0682810571916291
-0.0277514041990152 -0.12298055397552 -0.0905320434307363 -0.312348316066168
0.0626595670904369 -0.0868694434019109 -0.0585903690125847 -0.60189268982032
-0.112822239851165 -0.292629451157804 -0.327526269341173 -0.441615123689346
-0.147848534500398 -0.239352750759361 -0.197207832970783 -0.404978909461975
-0.25368415768718 -0.163153594575594 -0.195253458431625 -0.351297748162167
-0.291465535823589 -0.0345299382131925 -0.264046869370851 -0.0425110379001113
-0.259618127440226 0.0803107229113766 0.031340637534894 0.165122696903378
-0.202596902057148 0.159870454403228 0.32346982152775 0.0221076565739039
-0.148302153248617 0.215464919144469 0.461370519969399 -0.192139044230806
-0.133994831311515 0.209141827941375 0.486124292066516 -0.341342983606697
-0.157969371684899 0.243115611432397 0.514598975461407 -0.375382430589445
-0.2591887740062 0.183158187500863 0.56337887131385 -0.272486126851081
-0.312969258081507 0.0958584741541982 0.537118427757924 -0.0778235440887298
-0.38773508928039 -0.0437052976690248 0.27881976865037 0.0614190361891188
-0.340412699117091 -0.22838519269303 0.037282713154862 -0.0484422178304339
-0.160283767414412 -0.354541782937384 -0.103601216262831 -0.256822084178016
-0.0746604487895167 -0.352763299573228 -0.090075812850083 -0.487941914944454
-0.27966054483453 -0.451718855139321 -0.224232870305529 -0.321763829469373
-0.327216388908567 -0.371608609941638 -0.0832146187540711 -0.36597970878154
-0.428434974171293 -0.234934179456765 -0.121253987677872 -0.384072642842946
-0.445724467087539 -0.0773542146617074 -0.251758673599256 -0.0741566914061696
-0.432914893858393 0.0496775231035214 -0.00885661206398409 0.156748944285333
-0.384590795577625 0.195970816545889 0.261349871107264 0.0573646996917233
-0.320218804573002 0.323054459953138 0.383035850132379 -0.105884962634864
-0.293502823631522 0.330886602547194 0.380367434690977 -0.226038327807884
-0.316394555825694 0.388153543906504 0.385986967349749 -0.272733315938494
-0.464211661193808 0.298136404565089 0.436910149852606 -0.204564687060678
-0.537776207587849 0.142044900534697 0.438724817860852 -0.066480876051774
-0.606333323145261 -0.081430740451682 0.245632421431842 0.0507133429179555
-0.518540004876345 -0.317550006343877 0.057341248977597 -0.0105933626396463
-0.309225375259245 -0.499528199276037 -0.0654297776283341 -0.13099097999349
-0.227583661653255 -0.547284322547644 -0.0800358288340921 -0.285345253746668
-0.389999423362713 -0.555502066214274 -0.0981120715090618 -0.137528731757159
-0.443907839577762 -0.475907136138061 0.0395199657655722 -0.290308809655326
-0.548283549736643 -0.319355611763796 -0.0727755497016807 -0.377550202452834
-0.573031796073283 -0.152952807403005 -0.24535524106507 -0.0782619489540161
-0.590243715390294 0.00258617846508929 -0.0634151383596441 0.146138333273126
-0.540808408911934 0.207017539399092 0.152523747021614 0.0925580275542963
-0.454543889990342 0.387781369383298 0.241174739703494 -0.00447527838533936
-0.406534853107089 0.40105464606967 0.219827055215381 -0.0758870703410637
-0.411830110002129 0.470130067698576 0.21388172623263 -0.120546358692587
-0.572648328343259 0.369068618335438 0.265858668284558 -0.090539734925888
-0.648484632119392 0.178993634935682 0.29112938234945 -0.0324392345392625
-0.702738113253911 -0.0743727650335372 0.195975020348588 0.0346030749815991
-0.609950408545547 -0.311654700530943 0.108883911845139 0.0266357171193451
-0.42255681132082 -0.523751552125929 0.0339486404988973 0.0235690527436295
-0.361684852273173 -0.631547078353689 -0.0139665122784818 -0.0443237250442994
-0.418756522824756 -0.573045230519848 0.01730566598968 0.0853375981417733
-0.450397354544176 -0.512110593664369 0.131892448351899 -0.162282555320519
-0.548374587065877 -0.396298440712025 -0.0436240904037579 -0.302508103575509
-0.617226300372244 -0.25624299792532 -0.234744780785608 -0.0577255099764378
-0.688743435603552 -0.0645150022969481 -0.145652816210538 0.123388867907204
-0.636668256003317 0.190348266839108 -0.00988188808839968 0.127069805241952
-0.526745830532784 0.403661300428693 0.0486863252749355 0.105239897936184
-0.459690622226842 0.412950820035415 0.0323898713444956 0.089531709847609
-0.444039849062055 0.466313930038596 0.0281501690471058 0.0467255534594381
-0.583164616621901 0.35329758311093 0.0823461743445944 0.0365810529896075
-0.632856499825974 0.153108720683801 0.128157838522671 0.00735064029603978
-0.636440156601988 -0.0728265804878828 0.147269461287316 0.00871186186434169
-0.565093030715545 -0.243841008027088 0.181047168530278 0.0548631990697193
-0.454283718197614 -0.439847590648094 0.165312997251883 0.167281452123079
-0.441803839558732 -0.605030865406124 0.0933423707233604 0.184329118690431
-0.373740972501722 -0.498644550199629 0.0888995980679968 0.306244572204231
-0.356821728799477 -0.456692200121418 0.169582620335932 0.0122629984971729
-0.430488346678861 -0.418270492470528 -0.0204005643503782 -0.169533238164468
-0.547196299408661 -0.331778345039374 -0.215274987340334 -0.0382335750431287
-0.673908162210923 -0.120222710003945 -0.255210453763106 0.079434670983113
-0.631734655042114 0.149052141337065 -0.212112060206429 0.158671065309934
-0.519071013313506 0.359259513999924 -0.163963565249922 0.211875565730098
-0.443814134234791 0.359098962292234 -0.15611461029507 0.240582547357876
-0.416964957067149 0.379937428784992 -0.150899007768062 0.187289474679244
-0.50841425826801 0.255236007159371 -0.0889642284780426 0.124989109955153
-0.507406292420511 0.0675424377039419 -0.0118766072291482 0.0126055964791711
-0.446981717720746 -0.0918740963236494 0.124151307198631 -0.0264141288290629
-0.411666381889025 -0.15145812225389 0.25542253956947 0.086150912311159
-0.408805363855652 -0.300140654276807 0.277285319869523 0.283760704166786
-0.448758460688854 -0.497388074758624 0.207540127247538 0.363551652809174
-0.283474842123853 -0.339659588289136 0.110421224453069 0.486339177949462
-0.220760896756964 -0.305684973223657 0.166028440495868 0.19004156432459
-0.253020831337018 -0.337643997963906 0.000542954063634983 -0.0341978371897073
-0.373576128447753 -0.312364665087621 -0.199186957283333 -0.0413212160958106
-0.522887329830897 -0.134444320191615 -0.377617725191133 0.0290422559933439
-0.505302441267384 0.092102964338909 -0.413546776811409 0.19151470810273
-0.421523567283607 0.259450423280687 -0.359050262450263 0.304879826553497
-0.363409198419702 0.253965995865688 -0.318964010344931 0.355806346049699
-0.336291182122479 0.239132627925181 -0.304360742626986 0.273758193482956
-0.372199441823417 0.118348160318278 -0.224181053211933 0.147600724895638
-0.31843907744478 -0.0257576886506519 -0.0962829608764059 -0.0292284885139886
-0.215074938508264 -0.091027236916486 0.142894232028282 -0.0546586531476665
-0.231513955875769 -0.050093133840961 0.312204774193142 0.141097127205413
-0.317560763070296 -0.148637934843864 0.329750391115884 0.366925328805259
-0.387621457834766 -0.339327237275186 0.301632601604101 0.477631393777323
-0.171663133528235 -0.119466483870517 0.100449394467276 0.586476351160898
-0.0898423377873656 -0.0808921133053188 0.154159034127757 0.313545487744734
-0.0633956430690054 -0.156149176506595 0.012699207297826 0.0468937363846398
-0.136870423724959 -0.193924572148128 -0.205705687334212 -0.0663086266295012
-0.267317379208425 -0.109955327187533 -0.484418528715683 0.00438053131659308
-0.282924486523124 0.0200284356955811 -0.558702161471162 0.231106460800319
-0.250531688008193 0.113620781940202 -0.490368553788926 0.375511005835417
-0.225859825106235 0.108253264185581 -0.432348570318218 0.417267561304485
-0.21039078904335 0.0778002755563177 -0.413918922393669 0.299887813907168
-0.195031221127314 -0.00691482390969269 -0.308258071737624 0.111130485668848
-0.119510101242058 -0.0779352186480126 -0.113962844784302 -0.0916378095354727
-0.0215240197839062 -0.0566162111279894 0.189575593883662 -0.0492421207988648
-0.0789710922204414 0.0356398691601161 0.327724831732651 0.218448225217369
-0.202807560059442 -0.0171174572749576 0.316473979097877 0.412794439124073
-0.268852838659083 -0.154486947935144 0.365165419837427 0.530962112618272
0.0601550332390704 -0.11764941888359 -0.402554669725567 -0.445734707640985
0.0242683430211792 -0.123236236378556 -0.30604639027954 -0.381152355448347
-0.0915753063469957 -0.0976372477401852 -0.295134881754559 -0.262216913281268
-0.142016309769233 0.0143208146980848 -0.263206372583758 0.0295301410669431
-0.0749711820441368 0.103049231617118 0.0753514595805338 0.156425834411791
-0.00731580266010531 0.0989790357845853 0.331739189010545 -0.0382163528671381
0.0354011823045986 0.0744778457526949 0.433247837869311 -0.276104729467306
0.047159504548573 0.0544417946400068 0.470097913397197 -0.423772094010189
0.0460029861856864 0.0625570809841526 0.518825957927849 -0.43946109219809
0.0105221646614887 0.0648360384182902 0.569231989661153 -0.322344302089407
-0.0228479672587134 0.0866817103809497 0.536544667555261 -0.116678475636884
-0.118064829473241 0.0743429038263413 0.287334305564705 0.0416314186007462
-0.148336416882093 -0.0426642905278073 0.0380012321231438 -0.0661201106537236
-0.0336716634019199 -0.116032690900443 -0.11238420677321 -0.289784466310641
0.0560014591486349 -0.0885550767092212 -0.097300892739192 -0.570232241562162
-0.126691474055894 -0.271501163746771 -0.33957113674626 -0.399407398270579
-0.154310179029199 -0.219053066092856 -0.216605693657273 -0.37172809895796
-0.253201549105131 -0.136071626291144 -0.216653377930404 -0.326182423848733
-0.281793547592871 -0.00939998924135613 -0.260155463849506 -0.022059567520002
-0.243178155519322 0.0975387582959423 0.0407346332133626 0.156283772264741
-0.181724027312972 0.168667604117287 0.309750882829265 2.50117448807387E-05
-0.128014358498802 0.216806382469333 0.431920386198853 -0.217509257044073
-0.114915198842928 0.209617248733159 0.445062818513441 -0.364467097077047
-0.133314691686953 0.242616566116349 0.469452668791779 -0.397258256787021
-0.235637683201048 0.19425244677725 0.523575725238471 -0.300080891598602
-0.294077191795506 0.115464874720277 0.511906611732237 -0.113748954984402
-0.374924007805288 -0.0141028518554788 0.271792451636851 0.0418030068480414
-0.343810323254011 -0.194516409651415 0.0289263631986794 -0.0449233831246265
-0.177808141286599 -0.327680878836184 -0.12076964089711 -0.235476986271713
-0.0956556493811073 -0.330232138528559 -0.117618410586904 -0.458618142309486
-0.29488162503522 -0.412569508615069 -0.233581104472044 -0.292635901853825
-0.33610446504424 -0.33115244605359 -0.101839944839021 -0.342881580751919
-0.427122924872186 -0.189533012608276 -0.146665712971685 -0.364338120269156
-0.429716637957292 -0.0390957041951816 -0.250319390549589 -0.053842332232453
-0.411207109564987 0.0809711651530949 0.00212688489971001 0.150773891836757
-0.353009310199625 0.215700954732076 0.251901609512833 0.0362877372121615
-0.285283919278481 0.329191524779189 0.364357442117317 -0.12950531404598
-0.260051048816092 0.337634882426504 0.351939601034412 -0.244802346819041
-0.273138940376928 0.392379310367066 0.35239241988554 -0.28732416788228
-0.423396541030466 0.322508729782051 0.41003950689739 -0.226420570210564
-0.506419519554004 0.177051482275082 0.421058041215487 -0.0965493915479253
-0.588154908596647 -0.0357396679793891 0.239476004895531 0.0326613499070688
-0.52093211246526 -0.265434663011919 0.0537138274042911 -0.00855584667980029
-0.329960482639665 -0.455786913755141 -0.0750040194216563 -0.117250129659191
-0.256698794955259 -0.502694720739006 -0.0939220260207458 -0.265923095565047
-0.403836162546717 -0.505223118444537 -0.0996837153643148 -0.125782444788617
-0.457490698071068 -0.423105333557213 0.021703819184379 -0.280473691953221
-0.54778478802825 -0.261828194663406 -0.0983758800992756 -0.363601152107672
-0.557588071053023 -0.0995187019265587 -0.242661213485608 -0.059342864075883
-0.566216331383774 0.0472748979416202 -0.0516247850754503 0.143286485372673
-0.502716234957045 0.237884234245457 0.149374899476561 0.076166520807521
-0.411161695811418 0.400849366144385 0.236910744837627 -0.0222280208838353
-0.363541245030074 0.413717700971614 0.209440684896011 -0.0878808664405256
-0.360122556377522 0.47732351250994 0.198149590367446 -0.127825746449868
-0.521407056263677 0.395208280538204 0.252272082298591 -0.104804272300927
-0.611255776088493 0.221184581589221 0.282948919578382 -0.054545573634833
-0.676912710470657 -0.0209091806827363 0.190661304227319 0.0198030725399318
-0.606779118893091 -0.253961892856235 0.107563090979133 0.0230402213732037
-0.442362253743933 -0.468958536070027 0.0318785666039384 0.0235602890284458
-0.390656970501053 -0.568952014069416 -0.0124511717311351 -0.0396857271959207
-0.434602730123108 -0.520773201266473 0.0253361163429685 0.0782724756268487
-0.467213426468928 -0.456837749129388 0.120369308293712 -0.166628349053031
-0.553507161418972 -0.334934564075758 -0.0638728328067538 -0.294446901603782
-0.605577783952562 -0.197338593062033 -0.230647232338624 -0.0421566632770156
-0.666530316947953 -0.00821037970576835 -0.130987854134139 0.12583215622444
-0.597060717939358 0.228035644940676 -0.00399583534057843 0.119214610061083
-0.47912672317275 0.419986833209739 0.0601914568846963 0.0962411551480496
-0.412769157285779 0.42859059623965 0.0403413679340619 0.08411748119233
-0.391639868273187 0.474185507161012 0.0312510775339263 0.0459258391684303
-0.533177541031429 0.380396337863104 0.0855743864573871 0.0289935968186121
-0.598649190483899 0.194072238877758 0.128843890585123 -0.00550101978160494
-0.613700587486644 -0.0269666349882098 0.141624217363018 -0.00148236784519883
-0.558283231078697 -0.192618397528012 0.179854526951918 0.044752728046106
-0.465516054037794 -0.386601651941664 0.168719302412308 0.151071048815578
-0.468024326276243 -0.538071737673026 0.104913923556604 0.171030472796701
-0.386622311989297 -0.454775255909534 0.108138467874606 0.285423681089402
-0.373939510772208 -0.410968432588096 0.168646837737195 -0.00345114381712528
-0.443541176741762 -0.364965946158259 -0.0298227664079921 -0.168338387047098
-0.545421061401951 -0.276813150094225 -0.208027121301132 -0.025668184630374
-0.654899442550094 -0.0643888559961281 -0.239035237774914 0.0903980673911667
-0.595710329731448 0.188782067488206 -0.196082956012329 0.163308099939266
-0.474007308453262 0.376198087131621 -0.137839944477202 0.213997227078143
-0.401530302942392 0.376053135622553 -0.1305350149433 0.243275904355047
-0.371504500235488 0.390363458614458 -0.131289368827752 0.193971030986818
-0.469551116181782 0.280984436314245 -0.0728343155175626 0.125629654274489
-0.483155289709706 0.103094312380045 -0.0061206414813131 0.00957266294011805
-0.43133307297808 -0.058068569877329 0.116671385960956 -0.0346181146796329
-0.404003255333239 -0.114047963432549 0.254677496944856 0.0679891269350155
-0.411932354952924 -0.254621676476245 0.28537699189352 0.253878694228597
-0.465113207021102 -0.434317353513977 0.224961795144803 0.332460443214182
-0.292252467880363 -0.308903242777912 0.140349063723322 0.457525415443894
-0.234962827384426 -0.275527896890615 0.176823400345147 0.166203779585678
-0.268304644457475 -0.301622468783703 0.00220560654247618 -0.0395651331521368
-0.378499622819659 -0.272546376551546 -0.191675189763445 -0.0294002067031416
-0.512727088967525 -0.0903593865339686 -0.360043429147442 0.0523592801686355
-0.479015036830286 0.125773866974402 -0.386443421324071 0.209320858317538
-0.386309623453371 0.275716166121625 -0.320646259761794 0.317676934182059
-0.331361324269233 0.268716117688588 -0.28023314844122 0.36465764841807
-0.305333859808449 0.250709471047052 -0.272696405858602 0.28672021066221
-0.347752997667355 0.139951251381265 -0.202438099556941 0.156498929634513
-0.307479858581017 -0.00188498146574051 -0.0919967232575259 -0.0241797242119886
-0.210046125743967 -0.0736128877695384 0.133808963393159 -0.0640335577223575
-0.223242161884165 -0.028613104605002 0.31421881443076 0.115036185915968
-0.314432475210353 -0.116356170834063 0.341632107056327 0.329642781212255
-0.395945742196717 -0.292203965081311 0.320321655370086 0.436333910026581
-0.172698213669725 -0.105514863468188 0.135191451496956 0.554988991155317
-0.0936484480198834 -0.0702791694868659 0.173352407891772 0.283710240189314
-0.0737501382617294 -0.143025166877433 0.0203208737956926 0.0380241587410998
-0.144849045393084 -0.177141212131722 -0.199610749485394 -0.0534540526976716
-0.264732688337414 -0.0844189556630182 -0.465013729146335 0.0370671490036738
-0.271359082524273 0.0412329450991887 -0.523029422355893 0.260315816413054
-0.232383350769711 0.124261395090466 -0.445570884075566 0.395870760321348
-0.208853874871147 0.119993775821572 -0.386359087928468 0.432553608349638
-0.195831838957903 0.088317544573458 -0.375492636007834 0.320243386169535
-0.186514443354858 0.00680831625548833 -0.287243355444955 0.127836285053386
-0.119196496069215 -0.066774025763159 -0.113931913063328 -0.083079407706868
-0.0221845128421712 -0.0529259853733654 0.180601850955612 -0.061787250849258
-0.0715987507063901 0.0425621323752703 0.334789799207646 0.187546100424923
-0.195647972730321 -0.000526129002118358 0.331237326766911 0.372499118397748
-0.269279981776265 -0.126073237498431 0.382669522724543 0.481905457010166
0.0280659566262803 -0.117404579028218 -0.449482952622199 -0.347832821407362
-0.000583757973348595 -0.116099616497255 -0.351312084252342 -0.306411603750322
-0.103835154280586 -0.0744414234433999 -0.331407322086479 -0.20395600773016
-0.128343014131509 0.0417314871875087 -0.257384234379725 0.06909447956938
-0.0495014109932422 0.105568845038921 0.0912131982402247 0.142709718365862
0.0077462008476229 0.0896342101000758 0.307039244865113 -0.0830053906462252
0.0412543699051514 0.0610124342762153 0.369757336360907 -0.3287955276983
0.0496184311482794 0.0402512069407188 0.37536871692579 -0.477127066541368
0.0497204481595607 0.046399559246109 0.419888700472875 -0.507180298081463
0.0199186800548891 0.0548589117315082 0.48357206422495 -0.40654750752766
-0.00686128930472921 0.0797501433338516 0.486457477966034 -0.202102594958147
-0.0968283973446859 0.0874241525141226 0.278295240055448 -0.00855890843000615
-0.143091983194129 -0.0211087706763282 0.0193396567888756 -0.0664802666446953
-0.047300063326153 -0.107876985961735 -0.155663117766405 -0.244987454443831
0.0382922579268149 -0.0991732686809695 -0.175627060240437 -0.514273875190187
-0.160525966110651 -0.234687599496443 -0.389341099384278 -0.323844165345019
-0.177822596062244 -0.178114996788374 -0.27099926665255 -0.318282732174448
-0.256121913923431 -0.0853821254635689 -0.278872698636761 -0.283380836362234
-0.258254605284286 0.042605006353391 -0.270784508405288 0.0125051890745162
-0.204762666525166 0.12646157108296 0.0471422915499197 0.146234313879926
-0.143977559670858 0.178401806813471 0.284296326476386 -0.0414629641399649
-0.089009859625852 0.215373855639742 0.370501745693037 -0.271831519656401
-0.0821504428767629 0.206808006161153 0.361347169525342 -0.417571445938884
-0.0930903696015547 0.240117310302128 0.379464265407704 -0.46168780384181
-0.19190440679749 0.213708449084805 0.444058320981495 -0.383738219616467
-0.256864012502382 0.141146600663877 0.465543656749929 -0.198454117004272
-0.350306725907179 0.0395910223020231 0.269272303468508 -0.0068503304420575
-0.342894725277864 -0.136529315741129 0.0160165830122982 -0.0484860900040013
-0.212175998671443 -0.281741461630376 -0.147831925384633 -0.193213861137047
-0.136374526622347 -0.301626405273649 -0.17454790584811 -0.40555470394468
-0.328308085991928 -0.344017688303801 -0.277400483997584 -0.251835638064505
-0.360016917466891 -0.255451031786526 -0.164806908908323 -0.318887623979284
-0.418817381556719 -0.108076944772354 -0.23101577541749 -0.3404140328221
-0.396806416882967 0.0397347362323972 -0.274346143025065 -0.0285749260152967
-0.361153390442828 0.137291437099749 -0.00160200343667766 0.144196396920716
-0.296574447135732 0.246545269236387 0.226194082663052 0.0036888573080676
-0.216040541278628 0.343248394801845 0.311513709929676 -0.175917186416407
-0.200733239055014 0.343780005548098 0.290640922686045 -0.288924663301116
-0.202492354824036 0.400574304834108 0.287107764596616 -0.341609974360671
-0.348570213412765 0.360431710681588 0.347259831081633 -0.29897546415823
-0.447953072225217 0.22687088972902 0.384891900511026 -0.169262433771244
-0.553009220163728 0.050394985226431 0.241513134693252 -0.0115762950344519
-0.515564008383891 -0.17941493576821 0.0468244490847867 -0.021911693053069
-0.372506731109813 -0.375760167078539 -0.0802605392462014 -0.0930482416147853
-0.309314165690362 -0.435841889856586 -0.118972072528515 -0.231670135418246
-0.435517120605536 -0.415567410855493 -0.128748759006842 -0.125386261187575
-0.483632116829874 -0.32190548373938 -0.0398132084923964 -0.287690118034762
-0.541258019096408 -0.155355299365724 -0.190765374090783 -0.356296634817199
-0.520486199008307 0.0031405100436486 -0.273182177751028 -0.04278381790109
-0.508735214794836 0.130857474462915 -0.0627961729783716 0.142095169622365
-0.434316245603117 0.288408274219199 0.128282560357483 0.0576101976950467
-0.320018639490427 0.425870193006216 0.20014058098823 -0.0535243505822628
-0.28766145111706 0.43007024944049 0.180093966342746 -0.117318522879062
-0.269485419941835 0.492552510438826 0.168415602028751 -0.165241814886925
-0.429486022825945 0.445917474200987 0.218728600302045 -0.160099286507286
-0.541218441920937 0.281960284551537 0.263173761701212 -0.107132895920477
-0.635313341229505 0.0742825809971819 0.194721366365102 -0.0171575005346474
-0.590933903944063 -0.155304471932209 0.103695898709003 -0.00298407823702642
-0.476729400924165 -0.36871713529845 0.0463382274643245 0.0166661780576431
-0.44225339002623 -0.478731026617709 -0.00861866348235971 -0.035374486233106
-0.460145192922637 -0.426586911034192 0.0219627265398871 0.0403364309448342
-0.495748784984735 -0.351906025844039 0.073364506014581 -0.202472090362901
-0.555438854696314 -0.221498076805775 -0.144589405784992 -0.303985631571369
-0.579146774945834 -0.0782658888395559 -0.256083636877611 -0.0369634538491053
-0.609238525842604 0.0954805911900968 -0.145739881322194 0.13389702250304
-0.523033379692311 0.295978538543256 -0.0143896524550093 0.121547706223463
-0.380826998907552 0.454247820576317 0.0462762505838653 0.0861468479081902
-0.330921614896475 0.452020460335571 0.0479819988112166 0.0717299727315601
-0.298472434447282 0.496391976234344 0.0398774025833659 0.02794161793607
-0.442985044263549 0.43449198519312 0.0848205738260622 -0.00456155206828948
-0.532728769024677 0.255733416524478 0.126083595637217 -0.0345472819445501
-0.575995966205825 0.0602836382517327 0.143179684881201 -0.0290179872413624
-0.53782534084882 -0.10351159894956 0.176908033381825 0.00438668666524175
-0.485319416250756 -0.284021990847986 0.195657936982128 0.108941781440912
-0.506794291744312 -0.435076494206516 0.131452208682804 0.140786849597154
-0.406452553476265 -0.370439902685663 0.136012322185734 0.220450391359621
-0.401783203463687 -0.323803218528645 0.15009077289752 -0.0563700342501284
-0.457732059630282 -0.264928108118707 -0.0815712646735312 -0.19088774506147
-0.539029391117466 -0.163678786603888 -0.22289067832291 -0.0290723354269413
-0.609004352733862 0.0450363263632136 -0.25262400630164 0.115031113047812
-0.527511979451847 0.261456814246728 -0.189522304354113 0.192570278104697
-0.380813195279098 0.416494971869355 -0.125411353638106 0.229138197386352
-0.325401809825291 0.404846993897463 -0.0882902662357885 0.248950516094415
-0.2916096176346 0.416490099054475 -0.0893782595105137 0.197688215188559
-0.398267825721717 0.333083237532559 -0.04716113145241 0.116956496986217
-0.438646297138877 0.155337835179761 4.3445014185386E-05 0.00406450641759387
-0.410972810251868 0.00326254805144789 0.11186020641848 -0.0541192697982922
-0.383215780967454 -0.0508630760359235 0.252929728383602 0.0148406422112907
-0.416016107233535 -0.168913672632836 0.319453593792156 0.18231817466112
-0.490020986109123 -0.337116006984363 0.265652480012082 0.272765229362151
-0.30000744398601 -0.245648455598711 0.198421516861786 0.382032063796877
-0.253243929902239 -0.218773934698191 0.190433205369947 0.107349804601377
-0.288081592812028 -0.233531871830546 -0.0162329951346983 -0.0682125829261
-0.387647786109318 -0.185773751096776 -0.197174805153069 -0.0306287185594578
-0.483298621010559 0.00136014050780436 -0.364295742800143 0.0981385816431039
-0.426877286669892 0.190432822137149 -0.356313834849593 0.265282280113961
-0.31436215107638 0.311996697645094 -0.280679787114801 0.355725177889004
-0.273020691555988 0.296913381856883 -0.210133688784847 0.388059944515746
-0.248502059454656 0.276966884890033 -0.208207024573398 0.313454765072927
-0.30419705893247 0.182185370905314 -0.164025485740972 0.172251841710658
-0.287412095599703 0.036552263561037 -0.0877464489081349 -0.0115328284394208
-0.203945261204864 -0.0416693765538348 0.119379463306482 -0.0833066473521505
-0.2049532909305 0.00619897901921302 0.318028106554165 0.0508481975663085
-0.305407491766308 -0.0530864020956596 0.381955341906884 0.242525605900125
-0.405163707313711 -0.212234140794346 0.367558586730865 0.353478309984116
-0.164444782268972 -0.0712407438109856 0.214840877158023 0.485075625243803
-0.0918825593174384 -0.0502406798018958 0.211462693117895 0.227645838340215
-0.0874309313357147 -0.117104499563789 0.0256408922868718 0.0155982628643787
-0.161843179272066 -0.136425193817197 -0.198158845593364 -0.038060081679293
-0.256407824258835 -0.0291066109085372 -0.452140184877854 0.106046556267619
-0.243960873437808 0.0844156984253956 -0.46823793345881 0.333936699899589
-0.193864370482958 0.152081410967925 -0.378563769008683 0.447367754528426
-0.177518044390626 0.143554241631774 -0.296834497767888 0.468624532239975
-0.169043394643652 0.112572639105507 -0.300575663315753 0.365042710931808
-0.174222867255446 0.0338410735336594 -0.247423783240901 0.16572725157686
-0.119691687325734 -0.0482791817133505 -0.120932938313954 -0.0616901290581422
-0.0243732440488563 -0.0479657812973321 0.161570488476425 -0.0888085810614787
-0.0558238074457062 0.053046811091914 0.351098375777137 0.116629858552301
-0.17904863894598 0.0370227055082688 0.375844512575867 0.28562704589614
-0.262804033626543 -0.074769332629848 0.430349941434629 0.388038792298728
0.0269957320984565 -0.112609619546147 -0.426883821802935 -0.335491263390773
0.000956895682450538 -0.115507873503238 -0.335423548706756 -0.292603160749395
-0.100117989061141 -0.0726970175884356 -0.324157758817018 -0.197022545698059
-0.124130705218987 0.0411245559082689 -0.251719691444479 0.0679370202365772
-0.0473907261362916 0.102099409356122 0.086939055083381 0.138684139737247
0.00881231262867797 0.0869671525116325 0.295476176396088 -0.076582273712809
0.0397716651887372 0.0603800984827463 0.355210611935749 -0.316740351075853
0.0472163479212889 0.0390461285687921 0.361350084568791 -0.461913432452236
0.047284530647683 0.0436396981542772 0.406327889755918 -0.488930359898157
0.0177678363999505 0.0539207770515365 0.469397984969943 -0.389072735623921
-0.00612171596880172 0.0761728800263919 0.468727484702006 -0.19323188805004
-0.0938349199226095 0.0837402700911687 0.268543755454377 -0.00372483705869922
-0.139031330246115 -0.0201136093112137 0.0151796101473862 -0.0595211204083391
-0.043225202890223 -0.104268609493309 -0.1518045006472 -0.231641848470847
0.0388480288695058 -0.097465325247895 -0.16587946760589 -0.492448698519344
-0.152536242109986 -0.226612984570358 -0.369150543032007 -0.314549005090339
-0.16889002949807 -0.174209430112824 -0.255406172199479 -0.30324471872637
-0.245818779559384 -0.0811137179871163 -0.273374296449875 -0.274622366835014
-0.247313081432268 0.0421438621111584 -0.265105932619965 0.0121895042868078
-0.197458361471767 0.122861817263224 0.0439584125316523 0.142281176431726
-0.137490831460756 0.172085924166052 0.27157536980116 -0.0366589173428684
-0.0861504858165872 0.207444813198417 0.356663825231939 -0.261782957503593
-0.0807092107026169 0.199645059997952 0.349449779153593 -0.403526632998975
-0.0900382346168509 0.22935078001782 0.369088149509723 -0.444739982022252
-0.185857993469132 0.206221771974685 0.43197689819392 -0.369925175804349
-0.248076770964695 0.137153101963131 0.451557828534393 -0.190774928969923
-0.337346600173739 0.0373292197854868 0.2601119196876 -0.00254698641023423
-0.331137224046816 -0.130722212625795 0.0143276056652347 -0.0418232074579183
-0.201075397326279 -0.271115752128398 -0.144231914564471 -0.181954080945159
-0.127258355494575 -0.289553785933709 -0.164229201996941 -0.389914696249432
-0.312360902581898 -0.332830487920186 -0.26249650848972 -0.243963551293859
-0.343999229764893 -0.247818712747057 -0.152645759720714 -0.304772875085247
-0.402282867743942 -0.101351587180405 -0.226874255007733 -0.330318023281671
-0.378634530026797 0.0406026964870381 -0.268229518585981 -0.0263803555979967
-0.347946971261436 0.134600805132191 -0.00343321585889416 0.139788400020926
-0.28504879292615 0.237154137206509 0.215089250836301 0.00631647014950328
-0.209619100875183 0.327249546031814 0.302150055929157 -0.170206960405115
-0.195503122764073 0.331586032330778 0.282690959940729 -0.279754959593947
-0.195357540354316 0.382682148765675 0.280622306444883 -0.327378456615772
-0.336642312684515 0.347683059337684 0.337147086751464 -0.289010451738471
-0.432038346443972 0.219804281441737 0.373703132247769 -0.16576024146107
-0.531768343353667 0.0465711857556829 0.233113373098667 -0.00806885380876691
-0.496841592136538 -0.172599346228785 0.0461053107049933 -0.0161096098461653
-0.355173653778828 -0.361176792760053 -0.0789607767649326 -0.0862672932162174
-0.292957862951994 -0.415755218831392 -0.110991174488538 -0.221814934769392
-0.415353549080502 -0.402475372907514 -0.120178658361197 -0.123790725816003
-0.464582672017019 -0.311048879261192 -0.0337522789478558 -0.278285237492083
-0.515977608326817 -0.145782560438698 -0.188519737752398 -0.347084783793813
-0.494853107519711 0.00355419648206014 -0.2654543990869 -0.041533915203922
-0.488741320520676 0.128761147312242 -0.0612531691885833 0.137046338993741
-0.416424771861264 0.277721294058164 0.119613872479501 0.0567472739436418
-0.309452890514653 0.407318956720858 0.195491803748437 -0.0534185247610621
-0.278993712606394 0.414692593841232 0.176883949791622 -0.114596803244365
-0.261001039942252 0.470182925755722 0.165614404520301 -0.156884175897049
-0.414485150689973 0.429141169641749 0.215994313887892 -0.154954667681071
-0.521457795175537 0.274186505985687 0.256436301212709 -0.107556313199017
-0.609389231633818 0.0686895812415039 0.186629918037943 -0.0144858374295718
-0.568572771431836 -0.150076124568461 0.102769091458936 0.000723405065555396
-0.456410299849909 -0.351428979364436 0.0441974807508013 0.0185756447409773
-0.420925499370348 -0.454772169496456 -0.00530161386229452 -0.0337261118241575
-0.440314327877914 -0.41566306746382 0.0229574308696525 0.0344534108009089
-0.474777482210845 -0.339527960799635 0.0737086667596898 -0.198664625731653
-0.53196701416481 -0.209159988584571 -0.141375178508764 -0.298043839166261
-0.554242816575348 -0.0746974151206788 -0.246528792057985 -0.0369081779320672
-0.586189238744861 0.0938896315220045 -0.140970702162185 0.127513386331581
-0.503902022450646 0.284690550813824 -0.018697925884795 0.116694937146125
-0.368999225303006 0.434096682133756 0.0469544784626285 0.080609770260576
-0.320498841293201 0.436471429466793 0.0491182995055775 0.068000422366965
-0.288522150091956 0.472855041422957 0.0407956185631878 0.0294269021924212
-0.427439142680491 0.416900885590266 0.0850938553790487 -0.0058340121800614
-0.513231829745453 0.248519299614198 0.123777824429556 -0.0381852512730793
-0.552763919695367 0.0542376672310358 0.137286661055729 -0.0260673593877551
-0.516077352702405 -0.09907203190362 0.174156616212849 0.00630423574261678
-0.464670820285134 -0.271185577547831 0.187873002151518 0.106570446333889
-0.482055795357284 -0.411814100162465 0.127816575891381 0.134967398765373
-0.387996712986479 -0.361660152769546 0.130751178039825 0.20803173618225
-0.385249841265308 -0.310290365183273 0.146139307134746 -0.0601689448779952
-0.438986403748772 -0.251038460658597 -0.079662903492844 -0.189297373888258
-0.515261038108119 -0.156944131160635 -0.213083206409798 -0.0301827902850633
-0.58638870035662 0.0449049781324422 -0.242826616351618 0.108986910054452
-0.508195339720647 0.252559969972274 -0.187345410120292 0.183837285928774
-0.370746801294343 0.397549743964972 -0.119452068230356 0.217452161733087
-0.315372429226208 0.389826869904612 -0.0828575543378979 0.239501251257463
-0.281113742231548 0.397151451341918 -0.083899226964239 0.193022604455913
-0.383452524063284 0.317934816817548 -0.0429016772377875 0.111047156346826
-0.420977199725696 0.151053492442682 0.00148701908214853 -0.000706811635894135
-0.393270912836856 0.000813454621476971 0.107066219603855 -0.0507571471791519
-0.366463440795899 -0.0469510450063239 0.247848608875322 0.015508954800824
-0.397944219087232 -0.158688284100465 0.307676357401478 0.176992751410246
-0.467118387253696 -0.31887344294689 0.253976381225507 0.261972924838967
-0.28891641671436 -0.240629676137127 0.187848817314539 0.364793431577979
-0.243421690327043 -0.20960951813609 0.183124620104773 0.0971740554974073
-0.276177323518369 -0.221802767205536 -0.0147628783229603 -0.0711624926173603
-0.371283630501535 -0.180500569922769 -0.187900432821384 -0.0327493281748533
-0.464365050127922 0.00312571209027492 -0.35147440957138 0.0928662124691691
-0.411430313481904 0.183506722028944 -0.35015114846824 0.254093194932956
-0.304971823115495 0.298127659075506 -0.269907070725196 0.340161594456024
-0.262488678278824 0.286922547544333 -0.20140395989472 0.373819011326434
-0.240817136315077 0.26377091717268 -0.199666436769418 0.303508930323467
-0.292541636900114 0.17369247453016 -0.156679210211376 0.16518541360626
-0.27563927986331 0.0348628295788125 -0.0837811325992305 -0.0155900958251699
-0.194533438169397 -0.0429860929461278 0.116175376920384 -0.0795103845705602
-0.194672613101295 0.0075243781255564 0.311117110843394 0.0487629544686454
-0.293064558053027 -0.0480577858277357 0.367209461785967 0.234134141816136
-0.38737112006101 -0.198797740557351 0.351163828764707 0.340712558765915
-0.159936129297706 -0.071158835030127 0.202683604532839 0.464612278623513
-0.0887384202818008 -0.0464959870680294 0.20147591491712 0.213671204196277
-0.0840805527878689 -0.111003209402007 0.0268382700438523 0.00939829075450563
-0.155306743944959 -0.132703536736219 -0.189456833160981 -0.0405461305665291
-0.246764998605592 -0.0274416302226193 -0.436773454524549 0.0997665609716549
-0.234755530682412 0.0825898028790983 -0.455471209697732 0.318741022601748
-0.187672698408884 0.145264284840689 -0.366240834114618 0.428767801001963
-0.170452671069482 0.137991679588047 -0.28547692964591 0.45211624500328
-0.162860230170099 0.106874509398395 -0.287913552982847 0.353595901865425
-0.166696952089003 0.0314181418563362 -0.23799776470467 0.157591357289651
-0.114120140041314 -0.0469233672096726 -0.116218226186376 -0.0625413119476597
-0.0220012156381398 -0.0469495989558364 0.158530190385949 -0.0862271842030432
-0.0515350022343035 0.0530540828777202 0.343112012023413 0.111984653817469
-0.172914082014668 0.0373979527643651 0.360728908484848 0.276094890457395
-0.251935897985812 -0.0685222389451934 0.410707383241759 0.374641701085285
0.0289573031724529 -0.11163133314975 -0.416612819159054 -0.343547784342605
0.00354744908466067 -0.118699740840578 -0.326029958475386 -0.29535666178442
-0.099699037175736 -0.0751350738406027 -0.325746491859312 -0.202586693339867
-0.124754629391654 0.0401509231519862 -0.259145835019928 0.0660252829237224
-0.0488724048734135 0.102493595775313 0.0828850206127671 0.141471139348029
0.00951176031844107 0.0879472413008601 0.296920605148436 -0.0691098323021652
0.0391528165518147 0.0621644912744805 0.360484120025991 -0.310265189232164
0.0459707584869142 0.0395079171654496 0.368428583077502 -0.459325932765065
0.0459737950486762 0.0436599353714717 0.416918446800876 -0.483984183176418
0.0157457447432539 0.0548357189395983 0.478868749219395 -0.383334767690583
-0.00758192905332146 0.0753652973948955 0.474141247573788 -0.182916883680893
-0.0952432668700622 0.0817941972756853 0.269902091676513 0.00506233122926586
-0.139618427838205 -0.0216385644794342 0.0132840439672238 -0.0542242326676018
-0.0386867764942238 -0.107022286464592 -0.151013258467588 -0.229278782564192
0.0422586579912905 -0.0992443413542575 -0.155318224937005 -0.494711916820898
-0.148485588879643 -0.228894508906751 -0.359142820446641 -0.321217862238321
-0.165521299312713 -0.179768950350945 -0.245999493495694 -0.306547072416179
-0.243818263997903 -0.0847593963454475 -0.274318788089194 -0.279950067860518
-0.246498621031319 0.0390501508525639 -0.269954239089465 0.00977398914427037
-0.198976735347923 0.121629719875521 0.0399971701233327 0.144351801879204
-0.13891864782733 0.170031618033435 0.272125848520841 -0.0289322786498448
-0.0894552571643796 0.205926051035382 0.362290045300325 -0.255804849563508
-0.0849873910572829 0.198529273233341 0.3553337529386 -0.401590805690818
-0.0946410365765064 0.226220540753133 0.377744686399936 -0.439578453309713
-0.190092271043625 0.204411807811352 0.441709091329357 -0.363212228965994
-0.250149264508185 0.133410563643919 0.457263767210481 -0.185050553911188
-0.337979636992635 0.0309000978443233 0.260993494080548 0.00516343619305708
-0.330096963339064 -0.135441304981906 0.014045763479934 -0.0366223656495002
-0.193459080620374 -0.275651952973682 -0.143722596854274 -0.18031189956312
-0.119405777384373 -0.291484741058277 -0.155313108369997 -0.391632912244477
-0.304625314741446 -0.338916435214036 -0.253891648508425 -0.251025116486072
-0.339319457082329 -0.254098104644876 -0.142410164274798 -0.307509829535587
-0.398672543210664 -0.105869329775202 -0.22666076066067 -0.336620172646459
-0.374943892515095 0.0353226300683209 -0.271080091628769 -0.0298464989258015
-0.349290958195429 0.131647119023311 -0.00644290677066972 0.140658709903844
-0.289072662980256 0.231834348596132 0.212384020115623 0.0128137697279564
-0.215305691782818 0.322777803123632 0.306729405533002 -0.165536791299668
-0.202234919347638 0.330524647976837 0.288928570908421 -0.277393653207676
-0.202248626251928 0.37668778571264 0.28779555418927 -0.321868508898481
-0.342337445569552 0.34244691389781 0.34708371280091 -0.28425291120111
-0.436108420807401 0.21622788330122 0.379872777584195 -0.162832612756794
-0.532570486586667 0.0356237892394181 0.233221152429207 -0.000929440837261345
-0.494200229175532 -0.178960848176314 0.047429780728876 -0.0112050686708302
-0.345849758324694 -0.365604783693511 -0.0785228772084245 -0.0843914472849322
-0.281513259797979 -0.417533542948212 -0.103842088603231 -0.222886059410991
-0.40600166463573 -0.410887423600228 -0.114644855922502 -0.129845505780105
-0.457503489560817 -0.318910841601861 -0.0247144846694147 -0.281351951847147
-0.51174235591937 -0.151364021520842 -0.187007034149009 -0.353249879543318
-0.489362716647409 -0.00353795052114688 -0.26717678792645 -0.0447476564075323
-0.488937422652805 0.12296488381597 -0.064485265838811 0.136514618672099
-0.421091639090753 0.271060182301288 0.115549088418774 0.060530235297317
-0.31890966325422 0.398754345163823 0.199054880442966 -0.0516338544717917
-0.287381496134141 0.412393787779908 0.180997270988862 -0.113394583564581
-0.270214196083075 0.462276220009773 0.170788652973541 -0.152841700490675
-0.421281073628739 0.42221398099591 0.22236143231987 -0.153746462518492
-0.525110065185534 0.268454168956013 0.260906587040402 -0.107232939113853
-0.6112029033234 0.0559936077972918 0.187281039119127 -0.0074159953730136
-0.566322559839778 -0.157834644035309 0.105970329855214 0.00531891009034828
-0.446389713273673 -0.358155099698035 0.0428998192310536 0.0214964656649856
-0.407551376418355 -0.455134253428626 -0.00235233385022865 -0.0337185847981499
-0.430136350582658 -0.425600589443826 0.0231433016547637 0.0305698741920673
-0.468564795902912 -0.346851485308855 0.0790888717543628 -0.201992229437484
-0.525697936544774 -0.213823168070525 -0.140324362649133 -0.304621311101918
-0.546769319415425 -0.0842241564607495 -0.247053908092589 -0.0415021059134802
-0.586680267272595 0.0864140810197374 -0.142906780008655 0.124935872723407
-0.508817823047094 0.276648478331318 -0.0243904066464432 0.117230157546235
-0.378210982418006 0.425487346924604 0.0475768919972389 0.0790964502852944
-0.328436550793294 0.43222992010399 0.051052468637732 0.0677447185007833
-0.298847697420182 0.464621351893107 0.0435957763309113 0.032192128792087
-0.433891817095511 0.409633192798421 0.0891970567137123 -0.00673112589231726
-0.516768584293299 0.242561044062447 0.126155096902811 -0.0406403680153686
-0.554593528414841 0.0409538030898217 0.137677097131597 -0.0198400322760019
-0.513065307567782 -0.106252802422802 0.177987147965 0.0109797956237742
-0.45642082536063 -0.276554735608997 0.186256323095173 0.110780030663924
-0.468845640249318 -0.413326867032774 0.125946262808144 0.137156384301213
-0.382238623029328 -0.371833327609865 0.124832357647544 0.206057714601683
-0.380835648884012 -0.316432819487079 0.146905569253909 -0.0629430051795876
-0.432164680353928 -0.255434714284913 -0.0774744602664222 -0.195673174851015
-0.509287578961679 -0.167711060319872 -0.211210831086439 -0.0353358610538691
-0.585792875726783 0.0368183414792873 -0.244704845607138 0.103572294068112
-0.514969328355897 0.245778145081418 -0.194420679121048 0.18062949990677
-0.37689931425832 0.387881067001402 -0.122993867946502 0.213966938028756
-0.322585286266319 0.386106573532822 -0.0839771547036078 0.237712281568676
-0.290719286576777 0.388544688015167 -0.0837479554716126 0.193733417486862
-0.386952633236376 0.311519662945637 -0.0425041752401521 0.107918898837786
-0.423832290316936 0.145997197689544 0.00247955170142772 -0.00543537269855482
-0.391986568608372 -0.0101465585980387 0.108639286008837 -0.0473852862543253
-0.364454168244893 -0.0515034354711901 0.252360393177517 0.0195270796499161
-0.392255887088552 -0.161779633820782 0.304669804709835 0.181753121154049
-0.456927689816762 -0.320627943371805 0.24820738087463 0.267127170598296
-0.286379008276646 -0.247386566021042 0.178176234460845 0.364994939395714
-0.239369681595716 -0.211988400426979 0.179978319443431 0.0952742321423494
-0.270997808246137 -0.223060480569587 -0.0123828448088836 -0.0768198182117371
-0.368213633451376 -0.188109142295817 -0.184537477548537 -0.0398526797084176
-0.464862696425438 -0.00206026949097403 -0.351945505092428 0.0857794164492366
-0.415053357340939 0.179263979900758 -0.356630144667066 0.247187086128461
-0.310755333896425 0.291175152850942 -0.275602437788439 0.335751902691232
-0.267604932240789 0.283404645760053 -0.206426138041708 0.371043405910144
-0.245289161774357 0.259138197269089 -0.200972672936325 0.302449684577575
-0.294702021084686 0.167412687823737 -0.158106586803812 0.160519230110402
-0.275662736356002 0.0309991590277716 -0.0835891149115818 -0.0206900730782404
-0.192536951380911 -0.0481859551112085 0.118813577887111 -0.0772141580469816
-0.192141602015862 0.00663200243737889 0.315925203810966 0.0531004509224685
-0.29127254506562 -0.0489430188287584 0.364074105234418 0.241291297682412
-0.379907724144972 -0.200212368579486 0.342279925379455 0.347936913560637
-0.161188382277348 -0.0758465587169156 0.190372165763696 0.468192654949941
-0.0881141915767433 -0.0462814821429136 0.195719946946351 0.212493981388958
-0.0816747169086629 -0.110246248479177 0.0286081680679741 0.00423436595122419
-0.153132857998955 -0.137126118671721 -0.186162928294422 -0.048903644135046
-0.245779198554257 -0.0316102091680622 -0.438168790374311 0.0913291262895232
-0.236493489640087 0.0805761373854317 -0.463422564415998 0.311540793418962
-0.190831834402696 0.141110025340668 -0.375199514909916 0.423856947314258
-0.172605429863432 0.136038027064436 -0.293228951883015 0.450344480991867
-0.164584861340423 0.102683228988715 -0.292340374571647 0.350444616317592
-0.166867235681852 0.0277436960281038 -0.240427544011522 0.15261892765198
-0.112371832502688 -0.0496663199738057 -0.1151295346457 -0.0676526350710474
-0.019731170861627 -0.0487635281825444 0.163164816714524 -0.084696744723521
-0.0504879246208272 0.0541748448008414 0.34693745340736 0.116368748494588
-0.17382124720062 0.037445066520741 0.357128978549307 0.283054576768981
-0.249989088355681 -0.0698152154701335 0.400530416731445 0.382000441207336
0.030556829452545 -0.115223461107663 -0.427064197482325 -0.35980366078977
0.00395907398394253 -0.126379353879934 -0.333087934659327 -0.307538676166254
-0.104500805552389 -0.0789396049966284 -0.344489004507345 -0.210284933883674
-0.13040619319141 0.0420169094473899 -0.275095570906853 0.0714730423708398
-0.0510000435853593 0.106763454573571 0.084384126424274 0.149590766220989
0.01132999521009 0.0910584156782031 0.310144358068002 -0.068465073819239
0.0411282859479446 0.0658047604729955 0.375904568810435 -0.321292575398138
0.047144735732436 0.041608032081884 0.384431090534995 -0.47789854274945
0.0472550649043418 0.0448658425369558 0.435997494834484 -0.504752182336359
0.0153961427211131 0.0580073035867442 0.501899619285322 -0.396710855547225
-0.00823747771020211 0.0770717082622242 0.497157522999674 -0.186343145026586
-0.0993826741224389 0.0848053899090697 0.28204148482381 0.0101334439399869
-0.146135271814827 -0.0221386016418086 0.0116762962257564 -0.0508328836796648
-0.0373600225269173 -0.113883224369282 -0.157994804061777 -0.232653378860183
0.0446761908370266 -0.106699073109451 -0.158056481596218 -0.512887871880301
-0.152099537767685 -0.238114250758732 -0.367417175036255 -0.338313017212652
-0.171396406031876 -0.189691302116483 -0.249266501208877 -0.318940789030389
-0.252904849759873 -0.0879213796341003 -0.290189316428167 -0.292209240675674
-0.255113513623333 0.0407905924355222 -0.286441223652195 0.0125137119324032
-0.206574390095562 0.127512178036868 0.0397440928660882 0.151950271653291
-0.143566730977735 0.176425989135396 0.283211476504577 -0.0257540119502732
-0.0938175765752717 0.214593607714586 0.379227335284471 -0.264867296915505
-0.0895177460158127 0.207297898753476 0.371264306243015 -0.420169942551663
-0.0999938117419231 0.233510855938152 0.396126042886488 -0.457749615873421
-0.199192632970625 0.21227376833049 0.464127080620881 -0.377747680607453
-0.261088721434176 0.138697617433029 0.479767152030973 -0.191304818238423
-0.35218327631614 0.0293903706979852 0.272437054768372 0.0106712444772438
-0.343680826600611 -0.14119033384916 0.0136646663926873 -0.0326343161522561
-0.196626258630146 -0.289375339091357 -0.151304531104148 -0.183159299117535
-0.120774973725789 -0.304544363110275 -0.157522071865886 -0.40584516778218
-0.314478717452773 -0.354452276147792 -0.257633324932711 -0.266577714320002
-0.352099212393451 -0.266696363732718 -0.141913638050516 -0.321028759450375
-0.412519242425436 -0.108922099241459 -0.240994799333551 -0.351608729533779
-0.386074044805142 0.0368834034895059 -0.286230996581778 -0.029785958605908
-0.361765936029125 0.13850765860865 -0.00863215687461681 0.148756121765291
-0.299724077668194 0.241658915569758 0.21995514645625 0.0174581916399587
-0.226250040843692 0.333098642237119 0.321626101509948 -0.172594673017895
-0.212677910861638 0.343324298858039 0.303558649939078 -0.290796080073278
-0.213168389457636 0.389930044189174 0.303756012494187 -0.335127151846831
-0.359071568302411 0.355962553146203 0.366178995355339 -0.297795490091362
-0.454005259361048 0.224688951813159 0.398690800555333 -0.171504868128867
-0.554433472910572 0.0323172249668736 0.243401360346813 0.00420342240475448
-0.513888136507382 -0.18707398214956 0.0507275317347371 -0.00731927044985327
-0.354764302802751 -0.381587242662745 -0.0829402747695963 -0.0839765653085797
-0.285899217410479 -0.432807339051475 -0.10436097699797 -0.230945652090304
-0.418087048109544 -0.430461654300076 -0.116331475762237 -0.13979737709857
-0.474099100167531 -0.333625190738452 -0.0210524689958279 -0.296331845574691
-0.529346722718776 -0.153771281575927 -0.199564800612987 -0.371854000734742
-0.505341911285644 -0.0048741004925304 -0.279674082254187 -0.0471639278302935
-0.508002416901357 0.128379293152177 -0.0676848057392622 0.143390235165413
-0.439009076437027 0.282220293743277 0.117034785532901 0.0666089417234084
-0.335072301158653 0.41199276688884 0.209287052278454 -0.0542007197805938
-0.300610794786831 0.429022088798859 0.191157921094479 -0.11984962629966
-0.283546668638975 0.477236990229817 0.181847564031007 -0.157509189660065
-0.440200633159031 0.437630346765414 0.23563096106428 -0.162170508241002
-0.547422132357599 0.279786256147363 0.274659112260032 -0.115261595899872
-0.636576970479436 0.0524387727512138 0.195654770076354 -0.00247652159506928
-0.58927877155147 -0.165568770314574 0.112914503899707 0.00897668168013467
-0.459251630064073 -0.373798979633336 0.0431084493085099 0.0251537692354929
-0.415804447861203 -0.471170560676188 -0.000339111468278778 -0.0346268957338627
-0.444307780952302 -0.446977693135935 0.0237001268278153 0.0274852493872725
-0.486351598189485 -0.36214398108434 0.0847979958048774 -0.213741698059126
-0.542053936470041 -0.220677854133696 -0.148338337359227 -0.32186750564562
-0.564694829838266 -0.0909188194576852 -0.256327888957373 -0.0450078141934621
-0.607845520529728 0.0905254916457697 -0.14883221014069 0.129467826677564
-0.528468219414195 0.28956114844115 -0.030027157398447 0.124544081738949
-0.397504207341196 0.438691916314261 0.0512437342810732 0.0812433715542754
-0.344562743076173 0.45041312412404 0.0555973102449504 0.0691209770018122
-0.314932391190119 0.478558976494792 0.0492949015099096 0.0356514944857779
-0.452704330065769 0.42483041409428 0.0961604775350497 -0.00972777197554748
-0.53646948191494 0.252624316237926 0.133363920314258 -0.0470292655185722
-0.577225819981837 0.0362381418778286 0.144144901031752 -0.0163492424287356
-0.532569752406669 -0.111157625106944 0.189830897510632 0.0125821352077682
-0.469966354339291 -0.287725587425234 0.192747074558062 0.117316739297604
-0.480196282639807 -0.426660313337679 0.130389399040378 0.143908796893644
-0.396595251077282 -0.391185935801055 0.126974778798904 0.211729040790585
-0.394344385646997 -0.329637058569959 0.152195452486406 -0.0693379786962344
-0.446948769825205 -0.263574593079465 -0.0812011217510308 -0.20907822930282
-0.526713600337076 -0.177479863333904 -0.218204364369786 -0.0411393336168851
-0.608701491728951 0.0392831002937813 -0.254528361490678 0.104424393924225
-0.534576960601266 0.25588430560707 -0.206972911529032 0.188854438723463
-0.396924561675883 0.399247379697371 -0.127390051716477 0.221500305955534
-0.336215135157796 0.402541335813831 -0.085144436702205 0.246633064713679
-0.304278458107008 0.400580049015491 -0.0846269168963024 0.202777748462621
-0.404205725275617 0.321311564661637 -0.0421707387469166 0.109857260668352
-0.440444612601725 0.150791076565437 0.00295966339630114 -0.00898307177516608
-0.409521104327108 -0.0154889456394631 0.11465752319075 -0.0452887099345069
-0.376745464028663 -0.0528049642031288 0.267910094764605 0.0211116276275465
-0.405169703503096 -0.165387611737305 0.317077095257173 0.190531683804791
-0.467106183898231 -0.329784570596794 0.255424777751012 0.279552859055047
-0.29876688012701 -0.261059238751793 0.178859554468375 0.380018255259643
-0.247111278454225 -0.220183279135952 0.183878009299109 0.0961744426346824
-0.279436660267233 -0.230441137149293 -0.0123800135336394 -0.0860653977903902
-0.382118986203437 -0.199050989226314 -0.189538835103336 -0.0476530429568201
-0.48214213232095 -0.00348216363160143 -0.367283240843779 0.085311228817971
-0.431999517982356 0.188559210172095 -0.37612342210038 0.257477026882461
-0.327134015683207 0.299968574325256 -0.289572323503772 0.347314625155286
-0.279529842021536 0.295531130143132 -0.211270204508895 0.385825252496865
-0.257431987904965 0.265923877188455 -0.20727920934502 0.316427920586163
-0.307358698447333 0.172198185785299 -0.164082469105643 0.164480215365757
-0.285244087298471 0.0308304654025633 -0.0871003410956808 -0.0251774992452614
-0.199451254107116 -0.0537983594468958 0.126873754948032 -0.079519340299242
-0.197995355563382 0.00842288968381224 0.333658915736581 0.0544859327309791
-0.301181406599133 -0.0478153329014274 0.378389513236364 0.250342826696751
-0.390743631623387 -0.206129775501662 0.352317835765837 0.364473102522162
-0.17020578337922 -0.0805071946398674 0.191445986597209 0.488098420357349
-0.0903017326332211 -0.0465173482759882 0.199646516370673 0.218035830461624
-0.0836180937271087 -0.112805529177962 0.0313111552803013 -0.00222678246237587
-0.1600504459048 -0.145441873089326 -0.192148363447178 -0.058111029582924
-0.255521567187864 -0.0334571066962651 -0.457969719306498 0.0920589384423902
-0.245701606709981 0.0849265014643294 -0.486825110819568 0.32296157025575
-0.200469141144828 0.14494622206337 -0.39418162945006 0.441073673639925
-0.179161355757679 0.141677593139509 -0.304180540872077 0.467441433155769
-0.172188619891664 0.104876221064279 -0.302430353070232 0.363842257239352
-0.173168991606001 0.0270227785347967 -0.25019742119022 0.156245197283957
-0.115185728045653 -0.0533489023987096 -0.120585053877209 -0.074015114171154
-0.0183982527208209 -0.0517880022994546 0.174269472874393 -0.0891609632662916
-0.0503635151681958 0.0581413763859527 0.366639580520337 0.119356157985009
-0.180518692267668 0.0414299410548299 0.370782978654196 0.294592036026095
-0.257812041743615 -0.0707671607293454 0.413093144901381 0.400916945791338
0.0280154722853902 -0.12328812764813 -0.462713401638448 -0.370184251154333
-0.00113117897261232 -0.136988197864674 -0.360229788131947 -0.313750847612993
-0.115188014356296 -0.0799313048336621 -0.379874817421396 -0.207222252269567
-0.136899924646817 0.0500146944704813 -0.295853281707317 0.0915233212724333
-0.0501649792798073 0.116319821181057 0.0930875443631571 0.157799394859756
0.01669365893431 0.0960051920109153 0.32776536415061 -0.082976328398637
0.0468277242780217 0.0690752776996972 0.386839046758308 -0.354494759657487
0.051628475477897 0.042657250497276 0.386482115262821 -0.524675350249828
0.0509404516819267 0.0448237255078092 0.443891045139089 -0.553563117709634
0.0177262786356422 0.0617785090272744 0.521450279277014 -0.442164817677282
-0.00604299740715657 0.0816217036833104 0.523373471415942 -0.214616460020666
-0.102931248812403 0.0936995779753957 0.302311625504537 0.00502064852263183
-0.156556493630648 -0.0169040636477736 0.00839526532779792 -0.0482563406877834
-0.0421935781679993 -0.123579325252937 -0.178190762782574 -0.234254505290846
0.0432499745541206 -0.118410601834619 -0.185881503516952 -0.53726130179824
-0.169235493522835 -0.247174404127677 -0.398187819065024 -0.349865827243632
-0.189951833662479 -0.196249171833642 -0.271137196245803 -0.330335825966615
-0.271394561482299 -0.0823385197957489 -0.32577925235927 -0.296729802899414
-0.267532662503124 0.0536174600920894 -0.30841151554626 0.0272941098002579
-0.213616261733286 0.145562581945862 0.0461949679090081 0.162436395035128
-0.144271213696874 0.193113794023375 0.299420050457467 -0.0352500633668717
-0.0918307554436727 0.230949884831886 0.393091957844844 -0.296009978178531
-0.0878202928857035 0.224193762742428 0.377853542913635 -0.462892603990862
-0.0986249530116903 0.250608089277001 0.404773250134567 -0.501136249367251
-0.204810277737142 0.234258855344044 0.482562687789654 -0.422277425541004
-0.272219255085852 0.157300137388645 0.506009029343286 -0.223546446899971
-0.373347112927033 0.0428292214842419 0.291713973818384 0.00621905198148996
-0.371152232149658 -0.135851386935148 0.0131516212688406 -0.0298221737138834
-0.216810072691423 -0.302525613540869 -0.168781187146842 -0.183042622301979
-0.137472442274861 -0.319648121002993 -0.179828095141436 -0.422918130013801
-0.345534458610001 -0.364851013073792 -0.280196632606558 -0.277749436196507
-0.384166433134287 -0.270037731961381 -0.158285878609657 -0.338492312188859
-0.440951066726379 -0.0977930913403837 -0.275824874756119 -0.364812579865137
-0.4063646427437 0.0529361674310605 -0.308814656414931 -0.0184488825302864
-0.377904230762845 0.164171457106516 -0.00435418378692484 0.159847179791239
-0.307850497124645 0.267197920580254 0.233358839845933 0.0143244120920558
-0.229205966728058 0.362911103901309 0.337671517701647 -0.196275692063309
-0.213371426673262 0.374383316703264 0.310486526092876 -0.322302133198558
-0.213843154859013 0.419609008882868 0.312930847272276 -0.366948242741946
-0.367426627049654 0.391697501048659 0.381302455878328 -0.333551344857565
-0.47349553812078 0.257266956852657 0.420815731068629 -0.200131941261837
-0.588009638778932 0.0535635902796353 0.261025129930528 0.000690114531117784
-0.55351222850994 -0.177236058558285 0.0549926125722942 -0.00576040803503214
-0.385535416189757 -0.393734743417134 -0.0931807066108715 -0.0818387927684125
-0.316551094551551 -0.450295276982222 -0.11685674911051 -0.239778106293691
-0.459420074694227 -0.444479450218396 -0.12706034509783 -0.148353452471564
-0.517194227008659 -0.335673426815161 -0.0299078702325019 -0.316775250999653
-0.564771599188322 -0.140538433879976 -0.231333411351023 -0.389064217976915
-0.532492806876442 0.0117235088865342 -0.300679883237161 -0.0391634526449144
-0.532837991437719 0.158969049940207 -0.0661497218761963 0.155288531876709
-0.454847618278361 0.315447603375355 0.124953297033449 0.0705350646322021
-0.341849889001832 0.447754675706396 0.222818883864427 -0.0670627543725796
-0.304348454826483 0.467493941352023 0.200537582996606 -0.136830060907664
-0.287806469809766 0.514952402680947 0.191201951122952 -0.173952419730975
-0.451548076547817 0.482757828170036 0.248006686967241 -0.184746827632472
-0.569438345201307 0.318799610382641 0.289229648560661 -0.137144250447599
-0.674983597603687 0.0770971901813605 0.209542190873739 -0.00529481089130044
-0.631541711988055 -0.149529474215328 0.12349247480293 0.00735705202800288
-0.495512919098488 -0.379153243877767 0.0455941967650753 0.02749576638801
-0.453408579807351 -0.483801296920507 -0.000526751468390901 -0.0350591910634735
-0.487764038848209 -0.462216063979152 0.0249953863866914 0.0243167881170592
-0.529125529430841 -0.365364407705861 0.0825082964359717 -0.233626636107127
-0.581303061305854 -0.211372399414496 -0.174140744666724 -0.340324605634087
-0.600052061444102 -0.0787501694861303 -0.274154761741152 -0.040824148924787
-0.640998718058167 0.121188930741494 -0.152687211703844 0.14233934971285
-0.550679767720083 0.32689615926464 -0.0299022090780933 0.136127702794234
-0.408897070220806 0.477432037977747 0.0595619446447999 0.0827074399805616
-0.349240664307937 0.492794132111175 0.0641073923142554 0.0690949206452831
-0.319034821144973 0.517768676868823 0.058049525743573 0.0364579714272394
-0.465502002123226 0.467655635300593 0.104390961799005 -0.0174767773028089
-0.559654722478605 0.288583245923892 0.140584201370466 -0.0597158938154933
-0.614013264693516 0.0562897593575732 0.154933567760713 -0.0186214013782816
-0.565835093934613 -0.0958932546441512 0.205922548407037 0.00729968560618717
-0.504600768152835 -0.285422511684945 0.207937663194582 0.118566454210428
-0.520044997293368 -0.433269663249444 0.144048934745302 0.148946579399039
-0.437181172558809 -0.402852583344764 0.13809696522464 0.218139691057349
-0.429982591026316 -0.333240692082656 0.157405539406535 -0.0819703041695847
-0.481769515657527 -0.260182395104774 -0.0970357257133762 -0.224772718027417
-0.563973703002675 -0.171113119265699 -0.231567279787671 -0.0407693502684843
-0.642308702765831 0.0654635097353122 -0.265379205107538 0.119078451785013
-0.557418144021829 0.294409102055464 -0.21635124548938 0.211246472109834
-0.409882907663717 0.438688043660165 -0.126659888716051 0.239484748752843
-0.341840250855415 0.441555776196712 -0.0794253626757822 0.263393274448083
-0.311807267636371 0.433700326010945 -0.07770137745222 0.220557524251934
-0.417867061281884 0.356916040815958 -0.0390008895697913 0.114753654291246
-0.460529707632175 0.176169950367968 0.00315020517561047 -0.0145594246721195
-0.435633760436384 -0.00491429211173273 0.122356125805137 -0.0504681200132234
-0.399657089346504 -0.039697517447972 0.290450556846981 0.0106415372944406
-0.43120495997358 -0.157906295778821 0.343205269914094 0.189858325078251
-0.504560662487149 -0.330939497456881 0.279472640500167 0.289330820056052
-0.329362012910225 -0.268279603392954 0.200066041561794 0.395360013984926
-0.270570274469165 -0.223449301542705 0.196680813574226 0.0925534200759422
-0.303752470887456 -0.230931968947025 -0.0171688598219071 -0.0974174196117066
-0.41316777488533 -0.199464431791117 -0.201606747501722 -0.049857530391289
-0.511553949385309 0.0150402097247173 -0.386259390364137 0.101714066325686
-0.450253910055593 0.218165785202096 -0.392586461891851 0.289641041018449
-0.338841754974128 0.330139932777114 -0.295031116280138 0.381022945009807
-0.285156037471384 0.324334640899002 -0.210114308257236 0.416596020216944
-0.265153147376675 0.288704954369493 -0.204477209357873 0.345838312234358
-0.319379447281497 0.192736241165189 -0.167245249317566 0.178592013795903
-0.300717306074245 0.0420162064315705 -0.0940000696144161 -0.026784612361043
-0.213127380044352 -0.0523370350342753 0.135179665601828 -0.088696172850433
-0.206630543156863 0.0196085743906589 0.362083849707834 0.0419977353300123
-0.318181036730785 -0.0361586562863204 0.411109476398802 0.250899254321362
-0.418374299301531 -0.20178998215529 0.384749414147052 0.376240527863232
-0.187069586610337 -0.0794207329289684 0.216819938310681 0.513101882126024
-0.0966663290718302 -0.0447597087788096 0.217739937947682 0.222567551923105
-0.0921933406595809 -0.114758955505667 0.0341561346081667 -0.0109384252136131
-0.176796920655663 -0.149857271352879 -0.205802196475759 -0.0615704788387792
-0.272222618434514 -0.0258275712620163 -0.484689959282126 0.112505617834662
-0.25693616771748 0.101060684947465 -0.508435715268564 0.364898526537845
-0.208845833752532 0.161658562846932 -0.403159528448191 0.485148925861133
-0.183754206894804 0.157547947672668 -0.304387727225304 0.508998011076783
-0.179750341972543 0.116125554725839 -0.304691485128116 0.400209272424762
-0.182403491696623 0.0332287640830724 -0.259941764383632 0.174132114368642
-0.123781354356927 -0.0537665031839438 -0.131034414525504 -0.0774354487896011
-0.0205868456778624 -0.0555799088156026 0.186254015952791 -0.10428688346705
-0.0486905913423862 0.0658873327300878 0.399078481315237 0.109814297426758
-0.189150639795589 0.0540829999071574 0.404165533469699 0.297420235979715
-0.274431406120594 -0.0637520652929019 0.45065710273941 0.412220884946611
0.0361950593405428 -0.118333225741733 -0.412763017594856 -0.455922153847932
0.0130357317706157 -0.137876501194334 -0.324915902306881 -0.382043250417597
-0.110411395153433 -0.0963441508895756 -0.377557498479502 -0.270084394907735
-0.146335315649336 0.0370306651031281 -0.338887973264892 0.0586607484915107
-0.0654563198125529 0.111024760837197 0.0715525504030051 0.186272366190535
0.00475996823799779 0.0972272083230584 0.354384180753528 -0.0379317530216176
0.0396802273100467 0.0767819319041769 0.457847210682906 -0.315663776136051
0.0456966033657695 0.0485489565572064 0.47858148697137 -0.495199675319209
0.0450861913225554 0.0546495746178026 0.542626341018259 -0.523649852110437
0.010328960489658 0.0654437671126327 0.605647673107525 -0.39695406883644
-0.017451271972165 0.0827010453901307 0.577935876616568 -0.154620124432223
-0.11870316367513 0.0840283643238597 0.32024049933889 0.0453810470714775
-0.161150418941986 -0.0463053161789253 0.0174700924719729 -0.0413215404393181
-0.021659387042373 -0.145228253582085 -0.149802672311945 -0.254293204686649
0.0642014079374432 -0.128099694457117 -0.110432098021856 -0.581275778044281
-0.14339234270592 -0.278808287210949 -0.355765298915104 -0.43106769754101
-0.16939696452981 -0.226244279792148 -0.237615740682856 -0.387625462995629
-0.269051628653986 -0.123774192331813 -0.319122171336237 -0.356377140712463
-0.278426263209346 0.0218350993349551 -0.351625120482444 -0.0132944472949547
-0.237253221782975 0.116136767220751 0.0140197594054973 0.187365785729091
-0.177014372166799 0.17314177526511 0.313705411029525 0.0113181057943604
-0.128253970635096 0.221781797357563 0.449586964982987 -0.254693461340851
-0.13202350800743 0.211820792192546 0.460709625205395 -0.431505163159354
-0.143480907451843 0.242954672493262 0.495699306740816 -0.479802763411685
-0.249580749143466 0.209381671409837 0.564027305039334 -0.388340751167728
-0.310293951320395 0.11340534284587 0.569410313302772 -0.170565483974788
-0.394646776301831 -0.0118307746513699 0.325560347905133 0.0422898267543127
-0.361925947011642 -0.209327139347519 0.0265818855805405 -0.0183062152528227
-0.172908813984181 -0.36034156183072 -0.140750840320562 -0.192253558335741
-0.090926127803982 -0.3738041905236 -0.116494790348689 -0.449186119746177
-0.301528812144999 -0.427822636449704 -0.254725168921013 -0.347009166524979
-0.355918059473237 -0.331225603162275 -0.124804517649163 -0.383927870100195
-0.439290127492383 -0.165530822352496 -0.26759826853227 -0.421452938587638
-0.417574356845375 0.0013982438064003 -0.352688827111325 -0.0669629000859531
-0.406071028479246 0.111342828842649 -0.0465452570253526 0.180769048120606
-0.357992466046651 0.225345347277368 0.232202615273505 0.0559548776588714
-0.290153617146166 0.335465572905684 0.370936627427225 -0.158042034472489
-0.289750848878838 0.345591287456835 0.372433082415958 -0.29561721221299
-0.29188398987301 0.398748896812721 0.380643409892178 -0.353717857686241
-0.445625360374143 0.34801990566747 0.447025183216632 -0.314283977074222
-0.540101461970886 0.18204919023649 0.485290274732279 -0.164177296542696
-0.623680366764768 -0.0359396175194731 0.306543411737837 0.0275571556265395
-0.544233685262716 -0.286843075877392 0.0734952799783595 0.0127727945587644
-0.333889891854618 -0.482238637037708 -0.0690199808240002 -0.0738747958372657
-0.255993603437326 -0.540718650704719 -0.0743545701302316 -0.237223760107268
-0.401134894923322 -0.52949375749987 -0.12100083663564 -0.196475948734047
-0.479218104221045 -0.419336082253454 0.000225492003403612 -0.347600856816571
-0.557261716162056 -0.229891760228951 -0.22566217176584 -0.4460459632868
-0.539552997143377 -0.0594439421337415 -0.346959520749873 -0.0960819638141482
-0.563076604360191 0.0825136806633932 -0.118347784664788 0.168027489889302
-0.51696032988146 0.253503907404157 0.106021929340147 0.100908982222051
-0.420415616686867 0.407107532328327 0.227069679174643 -0.0381150788162664
-0.399385745648915 0.427918976261902 0.229845269574618 -0.116280970316589
-0.383454054230202 0.484869806873923 0.227124013691744 -0.168826535973927
-0.549393607003309 0.430999577664339 0.287469265279032 -0.180028906197991
-0.653576858212075 0.227364236537194 0.342497356654955 -0.120434338379684
-0.717827915751894 -0.0259006924207643 0.258418504036705 0.0106694729947733
-0.628040476845024 -0.271716747195913 0.146885902955528 0.0333860727239068
-0.447391166241935 -0.482470507416387 0.0635453782917354 0.0560950648142522
-0.393822970619964 -0.597555608644817 0.0192148435773816 -0.000995708316522163
-0.424731204972882 -0.553444175047497 0.00562768986330804 0.00312658389329542
-0.485145615050634 -0.451801353771644 0.103754412528624 -0.24707365209018
-0.561536944929671 -0.303211247040689 -0.173129794617813 -0.393510414654328
-0.595426742184807 -0.162720577851906 -0.319966467362801 -0.10389651347774
-0.670045522683696 0.0290366078019352 -0.213222197787687 0.139676114862565
-0.619129591162711 0.253637780560432 -0.0683027445608733 0.148253079299692
-0.495672242573763 0.428152854129312 0.029640535254075 0.0966163478254819
-0.450493918215403 0.447169236674893 0.0575232877451008 0.079966412041129
-0.416398490964616 0.482997420341666 0.0593370072542549 0.0350950128793968
-0.560310435579623 0.413071297561415 0.114485804962779 -0.0242243424879528
-0.638683517429621 0.198583111174456 0.176870605423428 -0.0582838880744557
-0.651374884772831 -0.037986188541179 0.20070347112694 -0.00989487999066761
-0.570990565957158 -0.200104554194475 0.23236832044675 0.0403603061838555
-0.47098344360305 -0.379709882144211 0.219485594413844 0.166847286478006
-0.471428544368991 -0.55335583396793 0.143019862482862 0.213949153485097
-0.376914261042301 -0.485590090349305 0.0923842688704097 0.222963938470717
-0.387736426953223 -0.405373206576191 0.16178335145615 -0.0768576600808571
-0.450685725979804 -0.339645560878014 -0.100556281790624 -0.267634755332063
-0.546746008265649 -0.253335741345672 -0.269851172510704 -0.105886122425751
-0.665128797260602 -0.0266825928733549 -0.328315068012521 0.0950714147280468
-0.621860027250911 0.221760981594636 -0.27348814628019 0.199341598568038
-0.491074742217646 0.389662975643055 -0.188018295181855 0.236205525869843
-0.433694263624298 0.396546376178708 -0.120565389310187 0.262692982694751
-0.396101473271147 0.396678760282819 -0.107609595172826 0.211519981982581
-0.493976224592817 0.30266416682692 -0.0535028540340372 0.0988792637425952
-0.513599058213138 0.0980009009175033 0.0225545662084366 -0.0245029929440707
-0.454089339056994 -0.0753052864865084 0.162466011621758 -0.0423716017224891
-0.404522658852649 -0.109358098306136 0.316141856905348 0.0509917031282981
-0.416422613559033 -0.231921094573029 0.345967524872886 0.252621876081589
-0.473651911668805 -0.441168187331811 0.262259947482737 0.377401429960711
-0.285620920261955 -0.327091620644708 0.132359335809034 0.42232869313114
-0.237383574502455 -0.269505209306095 0.1811415091453 0.11473604891819
-0.271974300127753 -0.280978198934796 -0.0235235730888151 -0.124483428909322
-0.391259938275271 -0.260900921989353 -0.226232256293298 -0.111520384321407
-0.52352621290625 -0.0570820123909435 -0.447177766111484 0.0563575671884924
-0.50031734859127 0.163610924434094 -0.466541356059434 0.25507073910866
-0.40101189578944 0.290235562287168 -0.381386686250844 0.361876072130018
-0.353555997147528 0.288077083379496 -0.279146354375037 0.405460598367846
-0.323971799016988 0.25503541532553 -0.257701772619258 0.32872999490377
-0.364258722243377 0.148304431159164 -0.19659045261904 0.153708031218926
-0.323482243641976 -0.0136992807855457 -0.0834908648791924 -0.0451568485068772
-0.212099339320241 -0.0899488002057934 0.170799514536375 -0.07592012361289
-0.212756784824009 -0.0105317330030439 0.382729767307772 0.0902431207090674
-0.319541799225068 -0.0824152073355041 0.402571634735 0.318778741511691
-0.406787452526728 -0.287310135664599 0.355076734612779 0.477161752690767
-0.17003328149398 -0.108039072542986 0.137479490918094 0.556264189658099
-0.0859363321363661 -0.0619202816356287 0.19002491670517 0.258277856076068
-0.0740272810782286 -0.130146623285378 0.031549992989735 -0.0212693944424283
-0.161283042198164 -0.175464116019604 -0.215990684593715 -0.115603651880319
-0.273888078182356 -0.05972204994217 -0.539467690442759 0.05058895760158
-0.280936175069458 0.0734579598406296 -0.593058320993838 0.316273634577705
-0.242211199233048 0.13730146836822 -0.505132029408161 0.455724865525681
-0.217981180478365 0.134543518821313 -0.393317153214806 0.49078547688238
-0.206997560230165 0.0894921423922329 -0.36974280827107 0.37664463017806
-0.196945314528979 0.00497023250751073 -0.292645757643474 0.142181235934979
-0.119617244794153 -0.0820589258352717 -0.122501147852669 -0.098560435063745
-0.00841639995556871 -0.062080607748058 0.21570787268327 -0.0825006803078352
-0.057078164334654 0.0670309503601761 0.40869957355599 0.16409054599234
-0.202488349941895 0.034852734313329 0.383597042897533 0.362773556362326
-0.276266804638366 -0.113071182025989 0.412473726541107 0.514748130683026
0.0249934174365613 -0.121565006893518 -0.455073188937192 -0.419562467598333
-0.0011013397298892 -0.141962852764825 -0.360134114565308 -0.350587381612375
-0.120691200030807 -0.0856954796465183 -0.410890195632844 -0.228100967325515
-0.143718194402737 0.0522133869446114 -0.338166844392266 0.100354330685966
-0.0539622574473056 0.11867290200494 0.0876472824722024 0.181892009238916
0.015720890146382 0.0965455575369113 0.350378261477459 -0.0725927545500543
0.0486790778805007 0.0732988087543427 0.426615375637573 -0.363917546590578
0.0509424145812191 0.0443700528247523 0.426078974875539 -0.546961833366306
0.0491158633574084 0.0495483792027707 0.48920130307414 -0.58210123760189
0.0162374923438989 0.0654446456059694 0.568798575021761 -0.461089102959135
-0.00980122399189652 0.0838815978842135 0.56784890334721 -0.213106010818185
-0.110610852978138 0.0960911721497567 0.328448199714753 0.0169942488543439
-0.165925460495549 -0.0282903826293999 0.0114694759889874 -0.037198131087052
-0.0364013219468778 -0.147955380084931 -0.176232998554373 -0.231798392287019
0.0497296679178051 -0.138186975560412 -0.168075641952058 -0.570204580005715
-0.171782084835262 -0.263553089642437 -0.397262204500141 -0.401506808563198
-0.192732560272309 -0.20978991190147 -0.273064773422946 -0.366955273275337
-0.281865032637008 -0.094311705099401 -0.361462633539491 -0.32119150190255
-0.275478395097844 0.0502026061535279 -0.358523428676954 0.0272938259213453
-0.224542935528656 0.142824377779443 0.0310425915326961 0.188560990552987
-0.158380500091255 0.190942204586577 0.314835112182023 -0.0180085514256164
-0.106149331883275 0.234985840675195 0.426298363010288 -0.302509333970148
-0.11121356644348 0.227141070699265 0.415227344837928 -0.480926065004238
-0.120691410920704 0.2569762351705 0.446884912781204 -0.533449775116857
-0.229447686530423 0.23692187211115 0.52670353594597 -0.449838490914062
-0.299917990070984 0.146017291437496 0.557214012386932 -0.232408547485482
-0.399040067205951 0.0274810556596974 0.334936104284088 0.0139161660304153
-0.383716105493218 -0.170533482135052 0.0241504403531926 -0.0161585981037491
-0.207673020421248 -0.347220749010911 -0.161526968936505 -0.171487489676046
-0.129094879264224 -0.36658774145457 -0.159755001480613 -0.436279979487542
-0.345078333470867 -0.39846034682687 -0.287363711891844 -0.32749672041818
-0.389533174585766 -0.295243362776437 -0.159495428355147 -0.375218494338887
-0.454436882831617 -0.116787868976508 -0.317709349027741 -0.393867355372681
-0.416164843191976 0.0439269872570952 -0.364951767379937 -0.0288619580452594
-0.394275083381426 0.153609165462679 -0.0293157065669307 0.186837442035813
-0.332914826542763 0.262202930730037 0.237237788298361 0.0365968832055544
-0.257998763404256 0.364989916770841 0.357265910250472 -0.198405225040324
-0.254922787785778 0.377012217141234 0.342166071224139 -0.33716383085732
-0.252933897584457 0.427809374192841 0.346648061665423 -0.39504901400462
-0.410425495675277 0.3965635708604 0.416805171893007 -0.364544241695753
-0.522520067742192 0.238153534273165 0.471927506803454 -0.220119007912402
-0.629826333947979 0.0264448407074712 0.313725501311197 0.00136038157317035
-0.571747159633628 -0.227597855937736 0.0759071530871253 0.00880203045384977
-0.380649438639323 -0.451842407914638 -0.0777366425863743 -0.061766801955963
-0.30889713326374 -0.516061601462286 -0.0960885061324921 -0.228235713449966
-0.455321624246132 -0.491415401237625 -0.141547256179067 -0.18940217081325
-0.521163155910565 -0.36817445627592 -0.0329617103246226 -0.351955977657675
-0.579565229290598 -0.169219856209818 -0.278310155596509 -0.424589505618027
-0.544541004909035 -0.00495519450526857 -0.36180030505817 -0.0613503226961164
-0.553985839724366 0.142867652868468 -0.10145547196745 0.180725172728359
-0.489667912840504 0.308649587793092 0.11574189718269 0.0947163537477244
-0.382487196295954 0.449991061551395 0.22567973633213 -0.064098033734812
-0.357507806490999 0.470610463266483 0.21870884561645 -0.143502427081995
-0.337460358897854 0.524296956584388 0.214548954560595 -0.19346998469173
-0.504415560320018 0.488315714585366 0.271183783534849 -0.214433200791161
-0.630219102517471 0.297649001654215 0.332942492034897 -0.161837057091541
-0.72682937534966 0.0448306574536828 0.264999027946277 -0.0101111306028144
-0.655434753146307 -0.204448208477114 0.153048855233433 0.0198170793707733
-0.491717977927606 -0.437603236135182 0.0675999356784548 0.0534142998116374
-0.449674384459087 -0.55887929186022 0.0208993830171912 -0.00158523828542301
-0.4807831283363 -0.512399035487159 0.00370708559395504 -0.000224455791744556
-0.531399300852238 -0.401327542001631 0.0799793867523029 -0.260845901120505
-0.589950118695885 -0.241766884989196 -0.220318841674064 -0.380494505685861
-0.611610951132095 -0.104494822929606 -0.334416249491578 -0.0752084019756975
-0.66472794768907 0.0989945944024407 -0.199075988646682 0.160918556195809
-0.593227211436428 0.318118333967781 -0.0546581151898995 0.159548708262604
-0.45542240358438 0.477722708197721 0.0410470283655511 0.091851449986079
-0.405896363997911 0.494384825009787 0.0660160102383041 0.0712414398582419
-0.370838074350637 0.523657449674387 0.0679500506850433 0.0273871731388128
-0.518958043834054 0.471611804548629 0.112803036150438 -0.0401148492502683
-0.618688158403141 0.264934191718254 0.171239435153321 -0.0819053466555853
-0.658810960520407 0.0256750488677211 0.204846881407555 -0.0268576957271704
-0.58933072341618 -0.13830062954426 0.240012041916433 0.0156687451605185
-0.504524699040136 -0.333424706485879 0.234488927405483 0.146633836014246
-0.523486704661234 -0.505076607665645 0.165091656960982 0.202047570325548
-0.42964908267572 -0.448147089801433 0.112605377184204 0.213559790739632
-0.427495553689013 -0.365805697037097 0.153982746142726 -0.0957467981794922
-0.483317361932875 -0.287871765790953 -0.13391387623911 -0.263630086237944
-0.573616384446988 -0.200409367049945 -0.284136241557151 -0.0848008207199409
-0.667826420649078 0.0421620819584247 -0.318782931259379 0.126464519046193
-0.596748805256205 0.287477663201501 -0.255683967069359 0.230857546750773
-0.455956871338037 0.4404065066231 -0.163738125792641 0.2543081847386
-0.39362948916707 0.442295367717797 -0.0925514186391933 0.273531425409154
-0.358597647140508 0.437002885991463 -0.0812974162395796 0.222231860189321
-0.463853281136837 0.355272450721091 -0.0429616030741093 0.101430519370559
-0.505602633262329 0.149322439609589 0.0198315281259164 -0.0321155633648695
-0.463924301771902 -0.0305878039277823 0.163797495463229 -0.0576417913941248
-0.412200592374223 -0.0648864274199696 0.326251699323523 0.0154588336047327
-0.435036554580416 -0.187598030451038 0.369850614209024 0.217925345246151
-0.514581045946682 -0.390869364532632 0.300147261819182 0.354828414624757
-0.322272119749104 -0.298611386349567 0.172057316159132 0.412875540076822
-0.264090397208644 -0.244321943073682 0.192813469522741 0.0948831256961869
-0.298616430823421 -0.250576163795467 -0.0395911818743479 -0.128880762712473
-0.420142007651022 -0.222689496714328 -0.239946544016503 -0.0961478181807207
-0.530236578045238 -0.00335292740934501 -0.443441329274044 0.0985987299735712
-0.482077551773362 0.216175891397866 -0.444354986451726 0.306342927743191
-0.375960162097235 0.331519357423527 -0.346179385846936 0.403275388731771
-0.324187272323029 0.325466079057646 -0.238040424985691 0.434104955541606
-0.30091032534501 0.288774424440411 -0.219014770250191 0.355294699785487
-0.34921822213669 0.18585332009384 -0.180953442531237 0.172291607910808
-0.325905146637599 0.0169632316912341 -0.088750784019095 -0.0401445025252282
-0.221630502128653 -0.0701966823924072 0.167516042967839 -0.0954891541615331
-0.20982611250589 0.0140592917716237 0.397022702408628 0.0471028779988194
-0.324085424368842 -0.0466771063916163 0.434338526851771 0.275924447708941
-0.433237831718547 -0.243742528038398 0.404099058072522 0.446241328367984
-0.184518023975266 -0.0897059824764188 0.192084626090917 0.545375659845016
-0.0913291673839808 -0.0525017103176532 0.215337663992142 0.237581056636615
-0.0860406820820401 -0.120382888389412 0.0274481027909584 -0.0321713830387897
-0.180907238962563 -0.160388769646912 -0.230863400859548 -0.101659305870931
-0.280972831200918 -0.0319618791085403 -0.537381384813139 0.105560854293258
-0.272770536851315 0.103869610427459 -0.562931861883035 0.379542264681081
-0.229978927537789 0.163245899991365 -0.460032370805627 0.51067669215422
-0.204229665142297 0.156723574653947 -0.34139624545045 0.531878423325528
-0.198805457835009 0.110473108949584 -0.328158748065101 0.414419886255088
-0.196160544510093 0.0237869577462107 -0.27876472240051 0.171117642133224
-0.128030375007086 -0.0722753160061279 -0.133327386593181 -0.0896153489987878
-0.0133090543085763 -0.0621439751628027 0.211958127195228 -0.109520656328725
-0.0467770581509809 0.0755566737780392 0.431519749726992 0.117787136016031
-0.196868891525219 0.0583710772966142 0.420443321351357 0.322558604951701
-0.28686645775958 -0.083672282996606 0.462633226129279 0.4767938238291
0.0147832922666131 -0.11912505365612 -0.471359765967689 -0.374246585547769
-0.013251579809458 -0.139689079676647 -0.373536207111271 -0.315090314772682
-0.123502572582205 -0.0734360023474762 -0.417695917605798 -0.183538521495772
-0.135037984127176 0.0627323126904462 -0.321911986293167 0.131248841588699
-0.0416796584909472 0.120893211732104 0.0961199128450163 0.171185236413532
0.0238986909361663 0.0908082453929951 0.33145521823985 -0.0964382087467354
0.0539368877778768 0.0669724420480091 0.382190668404372 -0.387042689067648
0.0526349968488014 0.0393861294527353 0.364881153840741 -0.561194036280358
0.0503618969876563 0.0441262518602387 0.423381683411005 -0.604782394923057
0.0209682474076728 0.0631218834617149 0.51392843560895 -0.493683458908521
-0.00294373347469098 0.0813568089521044 0.53287034305719 -0.250266345990471
-0.0997295607864827 0.102249277224721 0.322034344792829 -0.00635183206676679
-0.161855950990646 -0.0126609881118954 0.0072570815402525 -0.0308893534671592
-0.0474321999729599 -0.144510028513718 -0.186486809774893 -0.201984731429976
0.0349177401074732 -0.139088445741001 -0.205765399626298 -0.534963681400603
-0.185537808063511 -0.24027569941187 -0.413564180574459 -0.361432425621789
-0.202982413452777 -0.188807705059736 -0.289329601579891 -0.33539853484716
-0.278119031081372 -0.0676987855430977 -0.379372814688846 -0.277597831661187
-0.261813666866829 0.0712716091063447 -0.348269518503451 0.0606480711775755
-0.203715106954962 0.157819513064596 0.0421835922705528 0.181268069868987
-0.135040969787888 0.196994097453695 0.300929470635396 -0.0398826813714133
-0.0835459264257236 0.235128286101312 0.387716320156854 -0.328443094988944
-0.0895001959398179 0.228961306938057 0.359625873152654 -0.498363483132891
-0.0966901166400288 0.25787090347183 0.390511738545015 -0.553002750484723
-0.202894865556923 0.248860057903216 0.473750705528376 -0.479617806808693
-0.278060107690103 0.165545834916671 0.521349591762392 -0.272571941246447
-0.384276490297245 0.0583294166414603 0.32806949682127 -0.00947086479116626
-0.382904554322639 -0.13227565567935 0.0223541601641572 -0.012306913088011
-0.226457037342545 -0.323269934533744 -0.168510638602239 -0.145171615244557
-0.152365922705229 -0.343904443845495 -0.185119381822739 -0.406326394068874
-0.365106308495973 -0.356566205887333 -0.302962877945224 -0.298928483295112
-0.399620948838561 -0.252667793815445 -0.181147493183059 -0.352927259832352
-0.445070777585682 -0.0739428646701686 -0.34421876168414 -0.351636590237128
-0.396416694263426 0.0758028251682994 -0.358888549058152 0.00465260578700173
-0.364681191516455 0.182764860088413 -0.0150218118265814 0.184214319088696
-0.297651882444421 0.279786355763757 0.23139484409978 0.0199197913953704
-0.220198039457872 0.373804429950093 0.329901906427772 -0.222804134924119
-0.216361025052355 0.385614905905985 0.300503395424252 -0.354300495391726
-0.211289571928746 0.432143516330233 0.305280605737876 -0.410557009047077
-0.365056901234873 0.41741613748623 0.373895796520324 -0.390036624957599
-0.484528225617779 0.273480022041551 0.438162681250198 -0.255999017166127
-0.609743273132024 0.0738673905652501 0.307816501709386 -0.0193947085915221
-0.569320954198348 -0.172274707426623 0.0748487736373147 0.00549052232366682
-0.39998273182333 -0.410074709665085 -0.0807840713667546 -0.0471329576971152
-0.334659048770535 -0.471457375034751 -0.107730727345 -0.212429175570156
-0.479243576905068 -0.435966654617862 -0.152413470318388 -0.175698586237916
-0.530842899810202 -0.311961616035821 -0.058071184529354 -0.340640650487901
-0.568459444583993 -0.112336758133045 -0.309926806171535 -0.386953706420314
-0.523915420068361 0.0385969398199523 -0.359163244057627 -0.0293062744645635
-0.519530128798705 0.183121712662785 -0.0840679815129646 0.181943613945893
-0.44458679003384 0.338351941846188 0.118360286435477 0.0864986251870763
-0.334366705904526 0.465761770266179 0.213270474652122 -0.0835387980008783
-0.307358930239583 0.484313726679655 0.198286917563676 -0.158097431115864
-0.284511158890185 0.531987077390452 0.194563569940732 -0.207018034041711
-0.44822676103448 0.514802976481212 0.244255660978055 -0.232988757381754
-0.585600046014088 0.337770659798715 0.3077491704549 -0.189272398080774
-0.700712580370391 0.102068064747984 0.260242706965093 -0.0284006079501168
-0.646833209232399 -0.141214563943963 0.151488538034569 0.00726728821484133
-0.504949599410671 -0.387572414710859 0.0675637875991845 0.0506741338086559
-0.475502985955444 -0.501607745683783 0.022785645266556 -0.00104041476941608
-0.506670201917243 -0.455727777299037 0.0016672263036505 -0.0029253125200922
-0.542135653586991 -0.345148908185565 0.0557676670746636 -0.262991790171178
-0.58612930336164 -0.180430648487862 -0.250338794906969 -0.351611816814044
-0.596822812250627 -0.0523273011177442 -0.33444961710607 -0.0477311606461774
-0.63123981019896 0.149122101304876 -0.179207326706976 0.169137472279645
-0.543273266902766 0.356857213883615 -0.0404827239918824 0.16184835789406
-0.405642386390657 0.500266429291824 0.04810602785401 0.0824736008402145
-0.351706380195032 0.509976752995722 0.0693304597618628 0.060971106878354
-0.317834665525029 0.535478916322834 0.0719068056217508 0.0184880771998961
-0.462583234199686 0.499382755591943 0.105780682342029 -0.0516327190117794
-0.575689831258921 0.306174020391212 0.157286704273134 -0.0996665024869391
-0.63674356451529 0.0762743850598376 0.201230975090424 -0.0397732218614363
-0.575815675480306 -0.0854500643931665 0.235133075765702 -0.00552793470289011
-0.50776941952078 -0.28359045188486 0.23559143498714 0.125722696400351
-0.539676199601997 -0.445928579732905 0.176269930121199 0.184321635557113
-0.451133417066456 -0.397452123112312 0.123089369785258 0.197495655480183
-0.438819260420718 -0.31647168045604 0.140269698880676 -0.10804223877025
-0.48607964862553 -0.236532034525006 -0.156343203764066 -0.246643515444312
-0.569132751901567 -0.148737661707298 -0.285252402854807 -0.0637416981683116
-0.639894868515606 0.093223908457495 -0.298214115776236 0.145225739048221
-0.548794822221533 0.327226504427255 -0.229429397676911 0.246676679861595
-0.407238373099278 0.463113154424596 -0.137442761773381 0.257930941110253
-0.344104638975493 0.460182297194096 -0.0673621526413791 0.268739735598703
-0.31137487211337 0.449725688000871 -0.0562748177802077 0.218114715850519
-0.417873954110759 0.380090978580407 -0.0335887509168135 0.0986548757013146
-0.476457610522141 0.185257673623255 0.0148276228018241 -0.0374942312679251
-0.453225497625059 0.00603854817823982 0.157880844872272 -0.0692143019492018
-0.397809600041459 -0.0270554230555254 0.317855397889138 -0.0146289544695298
-0.428675959014693 -0.147482827864893 0.371162356085861 0.181475803932227
-0.524841568696423 -0.334925299699085 0.319019598064886 0.321265343165592
-0.337547460748603 -0.261156927758738 0.197052960959312 0.387333405363105
-0.272108108807889 -0.213597194869919 0.192429612842629 0.073991460111435
-0.305809451517573 -0.214354410430765 -0.0533790658284663 -0.125505207654505
-0.424498761672336 -0.182847158830815 -0.243907551039441 -0.0792602919313446
-0.510004174479633 0.0401813141741987 -0.420887522039486 0.129497338827562
-0.445776074034179 0.249532419097767 -0.405607797146766 0.334179793057643
-0.337736360620822 0.352430812880039 -0.30163332917077 0.41721403328707
-0.285520276830726 0.339647076373295 -0.19209950982801 0.436716271130616
-0.267948766419427 0.300960212897722 -0.178895927996498 0.358943345368974
-0.322141666307983 0.20595326747324 -0.160958388488572 0.179470434101861
-0.312825200228716 0.0418037427541021 -0.0906756278429525 -0.0361803532327343
-0.21927741533025 -0.0508412182474128 0.157896272896775 -0.108548271532363
-0.196542012343526 0.0320698201249588 0.390307928403117 0.00906683320548548
-0.311737587429197 -0.0182669493479153 0.437505157317508 0.231306233293643
-0.433981823039977 -0.200491008130607 0.424779283725118 0.40271602369469
-0.187501446282434 -0.0702736375705723 0.227928746555609 0.514571587929027
-0.0908999442562166 -0.0425647185136404 0.225506714717341 0.210442057540033
-0.0911057700036324 -0.10730926519815 0.0198276776660481 -0.039233685829222
-0.188981337283269 -0.14110428092551 -0.235316869966884 -0.0856600492685334
-0.273484289846572 -0.00869115500499313 -0.512782452592388 0.144323656697591
-0.252307435671858 0.123367481128559 -0.515810889753034 0.415712225592784
-0.210174083865636 0.177630018886276 -0.405032299134353 0.53383237274876
-0.183994055705853 0.167011390309697 -0.285729404443447 0.539728705384196
-0.184125264190241 0.122168199635122 -0.280446075563803 0.424364097989117
-0.187459989431317 0.0373205589240697 -0.254982498891516 0.186822318778219
-0.129924038872416 -0.0604941380288653 -0.136485013259289 -0.0784118318945153
-0.0160781471592207 -0.0594699013517106 0.199406004670005 -0.127693330920973
-0.0356204792518301 0.0778680865950174 0.42921857005829 0.0741449213745433
-0.182704084739461 0.0736862925029076 0.427827246660978 0.276670141496169
-0.282573240055674 -0.0568103982158576 0.484593149284066 0.42845634769038
0.00968608390932119 -0.115045483005383 -0.467876313102946 -0.344641091329429
-0.0190241906460192 -0.135963359490538 -0.370329341277611 -0.289578725134057
-0.122641426399777 -0.0655844581135061 -0.412476335540449 -0.153470345623996
-0.12710188154045 0.067386614045891 -0.305956440572479 0.146403837561761
-0.0337537829059969 0.118902478886784 0.096303894161579 0.16374858335682
0.0275158440709143 0.0849815959165033 0.312205039427335 -0.104723393254559
0.0557015106267668 0.0617297198057143 0.34628468656143 -0.389632888723438
0.0528245567915883 0.0363533580458452 0.324228321153098 -0.554082055469805
0.0496677593566291 0.0408046593645201 0.381101776430136 -0.600280463466552
0.0230753304316126 0.0607515074560068 0.472344197758365 -0.498721430780186
1.50763557629288E-05 0.0779880926252724 0.504506090526802 -0.263634610418609
-0.0918301806220927 0.102516447559967 0.312326152668623 -0.0180268945848283
-0.155261905980613 -0.00400077109546283 0.00480678573733056 -0.0243792190950159
-0.0532105623710814 -0.139884501862884 -0.184130897168431 -0.179089383400902
0.0255731165590259 -0.136247844335604 -0.217791801447329 -0.504519471893276
-0.188072917142592 -0.222505637978472 -0.413498574346723 -0.333472426443334
-0.202283432016144 -0.172930013578941 -0.290931615332518 -0.313608815652291
-0.268730727825015 -0.051809827778513 -0.380183913145483 -0.24494720999857
-0.247146196148553 0.0808604013049449 -0.333780796712996 0.0788287805955621
-0.186212259102107 0.161973946743498 0.0458503831439492 0.175303916683834
-0.119749031128207 0.193414612864052 0.286984856550986 -0.0480734442922657
-0.0697128686275943 0.229610831995273 0.355604806849481 -0.334174055728508
-0.0755149255031176 0.224709056800138 0.321036707374998 -0.494491461785843
-0.0821068521064979 0.252097647822574 0.349559653921668 -0.549664517882105
-0.183108043580638 0.249625097852089 0.434982479981542 -0.483573075422775
-0.259272982292943 0.171909512576529 0.490526749169394 -0.287506109614419
-0.368400062320144 0.0725759158553913 0.318430428272715 -0.0205053959808204
-0.370880955926704 -0.109099090547877 0.0204597636480258 -0.00803453733906935
-0.231194149429425 -0.304959141846943 -0.166038083715553 -0.125939740200907
-0.160748715132393 -0.324680061990339 -0.193624106581016 -0.381350606044685
-0.365287734204598 -0.325364567755431 -0.303416796149371 -0.277098732360658
-0.392402399446182 -0.226041475364932 -0.188293533130869 -0.334866871984194
-0.427837429917594 -0.0483772124238962 -0.351542593235749 -0.319276734311194
-0.375055363561829 0.0899649455995613 -0.348449399070925 0.024547222298536
-0.338857468122658 0.193055262422406 -0.00847778753370802 0.179147759178394
-0.272315512536395 0.280194043460041 0.222272230183509 0.0129760611052305
-0.196849113152476 0.368564202928669 0.306626248568102 -0.23158382696456
-0.190343052742554 0.38076930598774 0.271107444061612 -0.354546840068447
-0.184706421658564 0.423431566359399 0.275939727790302 -0.410749876538449
-0.330472696243765 0.41809112072286 0.341125570752628 -0.393482961705303
-0.452925581880081 0.284514091119481 0.409433231664494 -0.269954959664269
-0.584515665343024 0.0973596755259625 0.299395840580026 -0.0297828838037605
-0.550823003553594 -0.13882365397154 0.0726351984351531 0.00439206385591246
-0.39907126512169 -0.380811702857982 -0.0791819562489276 -0.0359799586740226
-0.340023286949976 -0.438664064105154 -0.108902815972941 -0.198219781474484
-0.477408852557028 -0.397663471363313 -0.155016215952395 -0.165315434490981
-0.521421935960407 -0.277043557677122 -0.0706088755252267 -0.329308014503805
-0.547672590730671 -0.0799839357908005 -0.320912067017021 -0.355263331992759
-0.49926461790459 0.0585741395720744 -0.350827347264485 -0.00978593323922672
-0.487234636825963 0.19966553381704 -0.0744250844526843 0.178996916406136
-0.410367521133182 0.341928778603481 0.117301926378038 0.0814170028536209
-0.303571699634959 0.462111234519549 0.20073623436272 -0.0924261206570455
-0.274248637852328 0.479211622151076 0.182299680722936 -0.162520890876721
-0.250213114829905 0.522281948284435 0.178838356909966 -0.210282625600657
-0.406408357340553 0.514427471612634 0.223909740605851 -0.237776889759533
-0.545550292325957 0.35217017310945 0.28457209064407 -0.201050557344442
-0.671963561817213 0.128051452020592 0.253650557688111 -0.036228603714585
-0.622299092744838 -0.107008900030399 0.145999939891764 0.00116012606308896
-0.496408934628027 -0.352582844523651 0.0666322548789177 0.0499367695686591
-0.471755327813693 -0.460901403163063 0.0236475956134322 -0.00163622777504999
-0.503850285406891 -0.414231219361351 -0.000548153550256024 -0.00397126985956322
-0.533078729105571 -0.306690977973507 0.0413947180299014 -0.257501067933341
-0.564725653054919 -0.145017259410701 -0.262789461668242 -0.324558729646191
-0.574849319775727 -0.0255703445832448 -0.328054512553327 -0.0310838376566269
-0.597434762219797 0.1716914952739 -0.165309286222285 0.169406910917672
-0.503099721197176 0.36467238190875 -0.0321744084450251 0.160596436448826
-0.367629267314524 0.498772984638663 0.0491730359424049 0.0747293124136853
-0.316088457511395 0.505973111149356 0.067965315920502 0.0534043768650037
-0.283007078920478 0.527285370561093 0.0721029634572651 0.010371440574697
-0.422372921407484 0.500280035853234 0.0982953252271874 -0.0572781333654514
-0.539451577181874 0.319688691226901 0.144217613266251 -0.107529185113063
-0.611107321880536 0.10174718516302 0.195985628689332 -0.0470126059501206
-0.550463527773304 -0.0558030725656924 0.226430151654737 -0.0169105100793434
-0.496174747007788 -0.254356232571069 0.230085215077522 0.114021274416302
-0.534815937524559 -0.40273911217841 0.17907290358891 0.171367776532606
-0.451267790370262 -0.360524525022484 0.124509368339501 0.184452155205241
-0.432435813451071 -0.284044413426618 0.128590615658982 -0.112399838825581
-0.47188019847957 -0.201080479327912 -0.167867379798624 -0.231147834006034
-0.552660656340834 -0.118221079405941 -0.281801553549149 -0.0505714131032696
-0.607315308565339 0.118103953426896 -0.280876776340821 0.150290971166813
-0.510141371466368 0.338338346103358 -0.209888342086444 0.249512519210493
-0.371229969464161 0.463888620576943 -0.120586625517713 0.25240341942043
-0.310812084052611 0.456008799467462 -0.0540308832109474 0.25966968723952
-0.281121763812054 0.444498107093364 -0.0406207014139596 0.207938570402862
-0.385082305936938 0.383436165000895 -0.0287191436599333 0.0942293209027076
-0.447748752037141 0.199134215332373 0.00957923107917546 -0.0415025323110599
-0.434357635223728 0.0254730404536597 0.152522362893292 -0.0749160028298465
-0.377615620538516 -0.00709378451092804 0.306487155613106 -0.0312390205180027
-0.413979975682367 -0.123196745863729 0.362234305713516 0.159602517004962
-0.51456867665042 -0.297610818352677 0.321180550198819 0.298217249779671
-0.336706201007946 -0.233979607618175 0.20583315968782 0.364191296150175
-0.26805742099259 -0.192060580069526 0.186150773729623 0.0611196909148807
-0.298612028043391 -0.189132132476595 -0.0624286320089883 -0.120835382772828
-0.416307314008117 -0.156233659986065 -0.242332257016187 -0.0692438591577862
-0.487639685057913 0.0601332831085889 -0.39910826535712 0.140483997119796
-0.413478627307955 0.257902403190309 -0.374267062293599 0.342188099734307
-0.309539810397336 0.35535424442316 -0.27124125685498 0.416302905712676
-0.258420184044094 0.339323329295031 -0.164884615855672 0.425378805219078
-0.245985534627044 0.299471141664745 -0.152878174145965 0.348980093663825
-0.300554442407203 0.211706998478505 -0.146966215945267 0.177654157462945
-0.298602745321238 0.0531032351419554 -0.0909952497436348 -0.0345417788536651
-0.21241868120855 -0.0405408561022656 0.149376972143886 -0.115062533414302
-0.182187924626104 0.0407693853751298 0.377274492537476 -0.0143169239005871
-0.296022064482556 -0.00347294119410577 0.428792085299187 0.204180163263028
-0.423290790678686 -0.171507808739269 0.427642677563161 0.371509450346453
-0.18475901587582 -0.0564579698793126 0.242476835904089 0.487855271981925
-0.0873913139608383 -0.0359404297333768 0.223943890078172 0.191132180458283
-0.0894940797228812 -0.0968392979473283 0.013186926634796 -0.0424089626146888
-0.188800806816805 -0.12644439434869 -0.233590963258369 -0.0761779799604724
-0.262945050973341 0.00299565200855681 -0.48797224277648 0.160234743353179
-0.234949514586731 0.129665349199185 -0.477250533355317 0.423104679522136
-0.193515292736706 0.181209286384884 -0.364271187083509 0.533260352627568
-0.169035871605941 0.168339989794338 -0.248752470897149 0.529464727519281
-0.172422659885058 0.124822198016918 -0.246624936925 0.417762566075101
-0.178171190923613 0.0427449022798187 -0.236223671378247 0.189795512713144
-0.127991805278357 -0.0535103613905588 -0.136178421962077 -0.0725586890809015
-0.0167916603654323 -0.0576409110438377 0.187978799442323 -0.137018919490986
-0.0274803705875721 0.0768531226718983 0.419218128971371 0.0470180702856236
-0.169493263791436 0.0799678129520915 0.421102484439384 0.247186262520562
-0.273075633238538 -0.0409564626451509 0.483722325626133 0.393065515010411
0.00823473449377756 -0.113211778586293 -0.46587529526754 -0.332520944680522
-0.023024645272267 -0.134901274348802 -0.368154181507199 -0.278802575688478
-0.122681270611452 -0.0632645340258659 -0.410167259002164 -0.137702979720479
-0.123634782563653 0.0701817786794923 -0.298430381329943 0.156134853924075
-0.0293352605319645 0.118513421869217 0.0951387958188644 0.163812978715982
0.0290620882865439 0.0819589797424493 0.303190512948769 -0.106358527017745
0.0567682437808164 0.0592843454855067 0.330388467159996 -0.389346540516949
0.0532203202588144 0.0350441901203874 0.303901238110544 -0.549413162814356
0.0488109333878187 0.0395231529300155 0.359091426130787 -0.597938142643555
0.0244028759318609 0.060119761796428 0.454807636095062 -0.50268498520557
0.00130717730896755 0.0763248452698555 0.491311858580789 -0.271417650341158
-0.0879202218058745 0.103163942775018 0.309364102349306 -0.022593020613309
-0.150986743640534 -0.000398262896894351 0.00348389910632486 -0.0178815247647225
-0.0570398659577132 -0.139564673346559 -0.180991857073237 -0.165846321396216
0.0203290072814673 -0.134793996783518 -0.223157129352125 -0.49066223750931
-0.187623569042038 -0.214065364587875 -0.411623263722775 -0.324886558580075
-0.202087383083777 -0.16670691461779 -0.291021392666977 -0.303684684899816
-0.263639850827305 -0.045025276615286 -0.380313928562259 -0.22730423518217
-0.239908319732335 0.0848361263054214 -0.328718290531417 0.0898455669628265
-0.176987018891729 0.16418478221476 0.0454689819297431 0.174755785949432
-0.112648545655608 0.190928194274125 0.279563725529737 -0.0497965256243832
-0.0636261216791979 0.227125861898909 0.339783785196249 -0.337199648238414
-0.0686159109754634 0.223035021808827 0.302155131537455 -0.491955027520403
-0.07520607832802 0.249078142498443 0.330806285364643 -0.54885038326847
-0.172989079278557 0.250084652515336 0.416406537056386 -0.486219891072742
-0.250484479669312 0.174964221012309 0.475238221403098 -0.295903342340943
-0.361159792419375 0.0793218912490631 0.31582064610742 -0.0245650751475369
-0.363798440896814 -0.0985571999369102 0.0191361058689761 -0.00352940412920076
-0.233481726507003 -0.299060019316737 -0.163031932177058 -0.114101930012961
-0.164152416390218 -0.315500922462124 -0.195376457777567 -0.370659856058566
-0.362810998768347 -0.312244759688711 -0.304527992131554 -0.270312661009864
-0.388234004351935 -0.213811886028269 -0.191840746897013 -0.327947805051447
-0.418765160622031 -0.0368250934722164 -0.355618034664315 -0.301146715572579
-0.363244449135231 0.0963111814339736 -0.344724776767485 0.0356614359259674
-0.325112816931849 0.197423717746287 -0.00655790957759974 0.177918855203849
-0.258948122971455 0.27893409579278 0.218057925572072 0.0119198672519114
-0.18499776826112 0.364972991855417 0.294821609701329 -0.236279329486118
-0.178904861145482 0.378000045277104 0.256910070967224 -0.354240276856426
-0.172415589918357 0.419703328754905 0.26153764657891 -0.412409345575446
-0.31374200226078 0.419533634752551 0.32533476287215 -0.396338276940756
-0.438464657882824 0.28844009664294 0.393718575525067 -0.2767870422974
-0.57340997992535 0.109403279444757 0.297416817127213 -0.0332122923836676
-0.539373868310533 -0.124829232274767 0.0707716462165452 0.00617921880827537
-0.397938717682295 -0.369503095898388 -0.0766731671515538 -0.0280332365006333
-0.33996549710843 -0.423418465463818 -0.109528054079425 -0.192720441644501
-0.475637557006443 -0.380077775703863 -0.156388991506797 -0.162019432364541
-0.514031150909637 -0.261155368405849 -0.0767351552806732 -0.324921387555182
-0.53360498885709 -0.0644058360784892 -0.327381953389803 -0.33834815730419
-0.485919275663154 0.0678131034866201 -0.347912938517089 0.00101200159643731
-0.470953976278597 0.206525938450543 -0.0703828496099545 0.177549779188004
-0.392820404961013 0.34249285052779 0.116984703142075 0.0812900197334956
-0.288620219396404 0.459840321088325 0.193733305206584 -0.0976969718000473
-0.258374906579329 0.476698418228511 0.173154174574317 -0.164267952925587
-0.234234027222176 0.518332243825748 0.171745763886825 -0.213944668141567
-0.387071612598296 0.514985251102847 0.213272303954307 -0.240538838320175
-0.52875731534344 0.35789560044166 0.272035529653362 -0.207620035510326
-0.658860036002864 0.14046529453023 0.253232960158729 -0.039490880713315
-0.607946167867647 -0.0908906438895449 0.142844102779187 -0.00114539295240486
-0.491906110113099 -0.34058153853798 0.0664644077695475 0.0528897169037225
-0.469388803579329 -0.442568772328309 0.0259323005650732 -0.00115756211130513
-0.504042351999844 -0.396634525452634 -0.00231911067619406 -0.00548293148440583
-0.52523105272267 -0.288181580011649 0.0334030621786125 -0.256328057631499
-0.55284396996644 -0.127095535947942 -0.269954179600949 -0.310838903541474
-0.560867503968137 -0.0142896242937541 -0.326976225435733 -0.0224410714110648
-0.578692794710942 0.180882760258378 -0.159801389013815 0.167968411558171
-0.483045721864449 0.3659018048334 -0.0276157304604544 0.160378302131192
-0.351877837061874 0.498303371502582 0.0486753904277195 0.0694559395301004
-0.299788991974928 0.504130850182841 0.0663813154663894 0.0491411372675596
-0.26686062285241 0.523935282704655 0.07206059607864 0.00454449476866385
-0.402025968951246 0.500096913367056 0.0941994636754909 -0.0601758751869724
-0.521620691164122 0.325219146533164 0.134910874954093 -0.112927780285957
-0.600076268421699 0.111440998868246 0.195544590070114 -0.0497548136668222
-0.535848160962502 -0.0421616842053598 0.221609226450269 -0.0231220494328944
-0.487448888559981 -0.241361017144869 0.227099344316605 0.110275388672732
-0.529308696593557 -0.383915524693617 0.181793735855769 0.166555197110943
-0.449425193015224 -0.343075728973856 0.124398219629598 0.178011446275085
-0.426686133318785 -0.269861918103883 0.1211141772008 -0.11480668571949
-0.461698832658761 -0.18578200765823 -0.174505825432689 -0.222060217290589
-0.543996201945382 -0.105561641800002 -0.282068815987275 -0.0447112466767378
-0.592507935136725 0.127351823820883 -0.272973559129137 0.150796885339358
-0.490681358657334 0.341563431557209 -0.200303694066704 0.251001273415932
-0.355117216520313 0.465013218932921 -0.114335524439784 0.249037253538917
-0.296574425659047 0.454488239903632 -0.0477166846569641 0.25417731762817
-0.267639898317916 0.442848491516889 -0.0345210738401966 0.200096398165441
-0.369167133160083 0.383826605924489 -0.027166077391279 0.0907915377984541
-0.436085826212082 0.205130813576656 0.00527260046002166 -0.0446649973797852
-0.428090243497089 0.0339607177965548 0.15130583729901 -0.0783118252850227
-0.363948305593976 0.00125218615124375 0.300153075727725 -0.0403382285583676
-0.404811005359269 -0.116205844473115 0.357040913381165 0.152574883386904
-0.508746729598271 -0.281892991035887 0.323498167213509 0.289768110304151
-0.335216331380558 -0.221454307287047 0.209113574465711 0.354467437200309
-0.264317557912422 -0.182709183505283 0.182252073812793 0.055181823477123
-0.292349691894587 -0.176657529582747 -0.0679533903845671 -0.1180119669715
-0.410790382603044 -0.144581389728459 -0.243294029066794 -0.0661277728918863
-0.477539451534233 0.0685218584942383 -0.389244152391125 0.143914316741308
-0.398850672588114 0.261981764319473 -0.360796486212029 0.344509839727102
-0.296095604123143 0.357036362639062 -0.25792223469845 0.414084969579262
-0.24708307532881 0.338502237850386 -0.155124146941871 0.419733030721234
-0.236028317070541 0.300271037435858 -0.140381834253506 0.341051041469738
-0.290488610305988 0.212588961276202 -0.140555518368261 0.176234704474822
-0.292105031995808 0.0577669442433835 -0.0926540878957495 -0.0352133563105873
-0.209691991983947 -0.035775666887063 0.146548142678694 -0.119095682600956
-0.173639736961047 0.0447351249876788 0.371236002769503 -0.025744240201033
-0.287395055533597 0.0022012448256484 0.423553033817483 0.193137583500567
-0.417597021885891 -0.159740467190224 0.427083388492076 0.359020926188355
-0.183201973609038 -0.0492352390451656 0.250001322294477 0.473992002813372
-0.0848109966592289 -0.0333408198908137 0.220769985148682 0.181775931436017
-0.0857483401481467 -0.091258711794532 0.00813943603656595 -0.044059319367689
-0.188145209803812 -0.119472473887952 -0.234714140878576 -0.0734541091849202
-0.258751548010405 0.00735620201923851 -0.475880975088435 0.166409892414699
-0.22582215700064 0.131829194992931 -0.458380636104348 0.427510417476585
-0.18581184041913 0.184141034289005 -0.346446850656734 0.533060269046318
-0.162839613058572 0.168478067824502 -0.23360374413506 0.523670717162734
-0.166544367625492 0.126560646187756 -0.230465742678247 0.411900433760278
-0.174183328041826 0.0446635306466356 -0.22702282451254 0.189605445764753
-0.126885559409357 -0.050377833272299 -0.136559878769102 -0.070477647068667
-0.0163988160205681 -0.0568919304751296 0.183746124188724 -0.14373832557326
-0.0224783329639906 0.0770460001561045 0.414811703845962 0.031833071855492
-0.162342749978577 0.0831156890867978 0.416247560764977 0.235276686186221
-0.268298208823972 -0.0332923748295686 0.484180590032134 0.378573246469259
-0.0371237319771185 -0.0972781390050139 -0.576549183782293 -0.105374546733551
-0.0763145382801831 -0.104969774418698 -0.464776484502561 -0.0891026904023293
-0.135826226576623 0.000274739897511628 -0.433833069412825 0.0680244232087004
-0.0740305131572464 0.116369625264159 -0.199402944178757 0.289849423838577
0.0269121105968077 0.115622000853227 0.164844378689742 0.112586426792888
0.0590410663176013 0.0589687963453315 0.227927616414606 -0.230071517444772
0.0783868851697022 0.0280651836858565 0.125039946580106 -0.499918285157693
0.0618739111454869 0.0121211917104069 0.0225912219585572 -0.632545027765646
0.0649706523391959 0.0139019124613181 0.0487104378643524 -0.704919888720819
0.0492282962407411 0.0421999392776012 0.17801332387222 -0.659371111798604
0.0351307351672825 0.0673491067969699 0.318103505399504 -0.467024079530924
-0.0290589363871509 0.131846684760102 0.262639601935791 -0.159366718050444
-0.138062603630128 0.0659930720573133 -0.00375202799940252 -0.0176087238585902
-0.120150133898704 -0.105775904064295 -0.223293144219372 -0.0713981695670182
-0.0497380394072302 -0.137579155359415 -0.409315810115481 -0.346793029126951
-0.257019321550722 -0.10893580142884 -0.531792360261673 -0.117049187571902
-0.250706856353374 -0.0585773164223824 -0.406336422096885 -0.142140502892533
-0.255012220215006 0.076830670175502 -0.448819921399053 -0.018420232955205
-0.170246291662128 0.180151396316834 -0.260751756771548 0.248384867842161
-0.0841917816037656 0.219723787081377 0.124570978512169 0.15023613959096
-0.0207093988435284 0.218978967575638 0.233649719784524 -0.162496911640858
0.04143989571621 0.231843036335466 0.156199213170827 -0.450817589138673
0.0300838055926109 0.238835467273231 0.044894100795343 -0.580326722755715
0.0408904341526461 0.260601232149722 0.0412082955248517 -0.647807044677162
-0.0479485854610057 0.303744644555966 0.142419129851309 -0.629186084986706
-0.154670393923703 0.269574913708611 0.285052196692731 -0.490425411218689
-0.285794379303966 0.232939109518851 0.259633572093695 -0.183655368804237
-0.377380463091482 0.0680198012830312 0.0183712561317054 -0.0217561630605473
-0.352326452579484 -0.172869633822059 -0.177012421782732 -0.0409364523890387
-0.304880670804477 -0.216927902534263 -0.318207515950249 -0.259872778637205
-0.456869978887745 -0.127787272862458 -0.417774297729915 -0.110439877533083
-0.437092268872374 -0.0229369190611613 -0.33013053333832 -0.204520348865981
-0.390489954989467 0.149423937674849 -0.462056946758222 -0.0878847372612386
-0.2743526490628 0.242342489323948 -0.304701282912612 0.210903200153384
-0.201322009935728 0.312503765472114 0.0770924189453213 0.182344547261743
-0.113391328378432 0.361476051537676 0.20640035761938 -0.0740414587269287
-0.00791060940260967 0.410701525478757 0.158091765876923 -0.332378288654903
-0.00500600860131008 0.429970999088957 0.0644773115748658 -0.433577469781558
0.0255561077058326 0.459249987325735 0.0387047134545511 -0.492877609212812
-0.102415821994373 0.52071772034649 0.0963960639807474 -0.507922156714868
-0.276018028829833 0.458330814131802 0.210286919746552 -0.445297598122586
-0.465081834079283 0.354669065225335 0.23062212635443 -0.19613700342885
-0.549589169486193 0.121028142391765 0.0673592937923826 -0.0452530350531732
-0.534103228069439 -0.165704641009702 -0.0593330885001871 -0.00891073269801871
-0.51665810381785 -0.235262654253455 -0.153968537147868 -0.143153846455896
-0.587380695697191 -0.147597184200274 -0.239411799060477 -0.072263712198635
-0.570648011372161 -0.0149415732081636 -0.227356787792786 -0.249083908835985
-0.50317841683677 0.173491829666594 -0.457363833223475 -0.128282068488595
-0.394583135593955 0.268504050076292 -0.330750582000915 0.183704926923831
-0.326388790169533 0.383697754592594 0.0171996299542658 0.214800129340795
-0.20643023939428 0.478247797081332 0.14555416089887 0.0376219132076204
-0.0613798097187077 0.539622187651194 0.127420275054559 -0.156174138088465
-0.0364769252221777 0.555642241658709 0.0751494270593497 -0.224145653925503
0.0100329423233426 0.577482322573831 0.0460824640781666 -0.274293126594606
-0.127687011563732 0.641431484681449 0.0627737082559481 -0.31571151247256
-0.329441053270476 0.562664274786522 0.126794849883238 -0.330906039018853
-0.530758840849 0.420820349940623 0.182340978496869 -0.187020385150869
-0.597203998175974 0.181906308345834 0.12599922941017 -0.0883426584693491
-0.605943896410314 -0.095553553404868 0.103094189727687 -0.00316359916500412
-0.644889442434983 -0.188591434276805 0.0554399749860365 -0.0341227052322633
-0.620565379267118 -0.152944076803476 -0.030950596998735 0.00541476579930358
-0.593097822114659 -0.0368903703289061 -0.0972422434797366 -0.236201194447265
-0.546508032337198 0.122623271029476 -0.398032306348582 -0.130757356926798
-0.49772773791222 0.227491186421048 -0.328520296949528 0.15175342914852
-0.436744568190394 0.407362430864228 -0.0703654013385893 0.24936959815802
-0.274992261680306 0.539808936416213 0.0494889502681666 0.177029021828558
-0.102519570056392 0.600924319690514 0.0703925146171989 0.064770758910779
-0.061319149033504 0.596253908176335 0.0750845347485413 0.0174862506195472
-0.0186509407589481 0.597257051302209 0.056037637630509 -0.0326028409464427
-0.148172086450586 0.636438469121811 0.0376789805847473 -0.0997149053748427
-0.339215792970579 0.531752373645753 0.0474483432394822 -0.183497904459928
-0.490120499643403 0.370056490619966 0.129286088382411 -0.169394105579909
-0.507229464163507 0.195579023165623 0.184953231653267 -0.142077512133886
-0.552046997671676 -0.00456558772936324 0.266692666534949 -0.0220534677003133
-0.670918241146575 -0.105411169263899 0.268926767949787 0.0471502334184145
-0.549864681609546 -0.12978359163941 0.168644583638124 0.118290556786656
-0.495742911546879 -0.0646393710813248 0.047209189158211 -0.149249354126027
-0.489064203461603 0.0305723374496961 -0.274406451087145 -0.0992961271036023
-0.521669733940597 0.13858772882202 -0.30218504665872 0.106419407505065
-0.471116499959671 0.366702467590868 -0.183218346300792 0.284282526380098
-0.292316882696072 0.521284895903575 -0.0659287258919561 0.336124559099474
-0.119719304935553 0.573466812432159 0.00457585553072243 0.301226306963866
-0.0780779167505627 0.549345276335823 0.066101633088232 0.253701367591683
-0.0552769302729733 0.523283299368248 0.0508458079702259 0.192243150496639
-0.168267964871004 0.514364459442114 0.00115817971547314 0.0913904151434478
-0.313530328045176 0.381928577680168 -0.0318842456945632 -0.0606630813258
-0.369393287185098 0.220066637247933 0.0859277593273486 -0.168004195581501
-0.329211736244884 0.160885265444427 0.246479776834259 -0.187614586487842
-0.4172531080906 0.0757893019796619 0.395039370817945 -0.0366185804535669
-0.602073198964059 -0.017130958720124 0.446319172615731 0.0967113318049102
-0.394428659985121 -0.0684505628159843 0.329721839353 0.240207022469418
-0.314208893197099 -0.0567952771806881 0.182459672320965 -0.0263059733325279
-0.332994862718314 -0.0359338624587551 -0.129209929776643 -0.0631948888066999
-0.423091884399827 0.049304233194048 -0.273335497275491 0.0613735157980549
-0.393156362176718 0.266775231180026 -0.292170225712641 0.325398644897213
-0.240396849010872 0.410379399970819 -0.167801330149277 0.489086523618562
-0.112324721283095 0.45106902632148 -0.0487761975135708 0.512433782722907
-0.0824687702606008 0.418842004995418 0.0477225617544316 0.451347148248311
-0.0884444852415658 0.379942744338907 0.022244192418473 0.367778890798083
-0.172656225837743 0.323587556031862 -0.0569039748690158 0.218144116210545
-0.245880784953062 0.183958395636825 -0.107166695742568 -0.00299556050381903
-0.202860996510741 0.0585712550961381 0.074393796035621 -0.193036009327641
-0.131775521477252 0.117346905200783 0.316333985391777 -0.200707628831914
-0.255392471340123 0.133493411001453 0.466037682685783 -0.0238756515879957
-0.457268332509908 0.0553861880259584 0.564030365872216 0.119344800035517
-0.183821853123482 0.0238584107969646 0.430799045491225 0.329089856136492
-0.0904077606217047 0.000223721053321341 0.279764586736004 0.0675664638601186
-0.11259319056235 -0.0471676659553367 -0.0219486066771834 -0.0408549325547855
-0.215319089930032 -0.0219927160494833 -0.261102437585751 0.0419551031848103
-0.222652669106757 0.120295627831696 -0.357474453041646 0.375735027012986
-0.139885004170395 0.218460484241971 -0.218774159374964 0.602635649852659
-0.0872695479204548 0.247277186484843 -0.0725048926089488 0.651193758058946
-0.0762352080077938 0.224260196882798 0.02698196605002 0.578427388253722
-0.0997740440093828 0.191124742086125 -0.0230135283630933 0.472467439569887
-0.140470609217868 0.118213290159624 -0.12179084925882 0.270391922187282
-0.140392597525254 0.0100764380224344 -0.155204620553384 -0.00938530878363362
-0.0372395158426513 -0.0476484351695941 0.10390427269079 -0.220270860084669
0.0207982052151067 0.0826108086208052 0.381874436631943 -0.1631505691649
-0.105205484196261 0.152343776798442 0.474519234575447 0.0247142517363917
-0.259263008988315 0.100967916743859 0.615149163361227 0.119551933189213
-0.042666284031423 -0.0990024219341775 -0.59973814299905 -0.0839522076413532
-0.0847783883701525 -0.104773003404809 -0.480345927355477 -0.0717185260806345
-0.14057627999054 0.00691084175156859 -0.438735304285075 0.0925160423750893
-0.0701397707645579 0.123595326890062 -0.18819909334743 0.311943401730036
0.0344002655951089 0.116577605500918 0.175321942248891 0.112520839414694
0.0623225937063139 0.0577420081740359 0.224832438750092 -0.24330921980698
0.0822604149147682 0.0252315152553169 0.103002040473318 -0.516364355447058
0.065118947812822 0.00893648330331519 -0.0082269361021926 -0.646982517416704
0.0681851975919216 0.0116966470340999 0.0143459267009752 -0.72352934222353
0.0530403478075049 0.0407365411360295 0.150975055476968 -0.686375012180606
0.0386620986643272 0.066818276103165 0.305587753780591 -0.494965813824219
-0.0231088118800563 0.137056919357785 0.264817686933126 -0.175815677931695
-0.13704791613291 0.0723153944372915 -0.00144934800010822 -0.0112538357201718
-0.130471433148821 -0.103463851453833 -0.225678429316915 -0.0614572463348553
-0.0582120157232598 -0.13728298441918 -0.434490309033405 -0.337860421048265
-0.267475423961185 -0.100358367112819 -0.55521013297773 -0.100133599753881
-0.260010521270036 -0.0488389044092532 -0.423032594313651 -0.127708643132761
-0.25672190558609 0.091589476463713 -0.458694441227094 0.00556970028768094
-0.164658020435877 0.192172219953411 -0.253821920443023 0.272335538196743
-0.0736985259665382 0.227879634570159 0.134853585010995 0.152273402853146
-0.0111292519365571 0.223975094837105 0.234083087687856 -0.174596890388107
0.0545053537538772 0.235396421253221 0.136528170144527 -0.468368654128159
0.042977518260248 0.242945706370635 0.018505465569067 -0.593798281512246
0.0546722098864622 0.264585263597103 0.00929245175771518 -0.665444338600257
-0.0330642021709811 0.31366686757993 0.11654127982304 -0.653346161994844
-0.146031259114914 0.283542789151058 0.266724523339476 -0.517878662540943
-0.282415482244063 0.252725806846563 0.261255723175622 -0.199606870508911
-0.380699489182884 0.0852915121747377 0.0203809909195127 -0.0172888415642529
-0.371206157510209 -0.162816059606552 -0.177615490104441 -0.0316946913164969
-0.320472482645687 -0.208283397972083 -0.337479929560366 -0.251825168143284
-0.473339207069054 -0.109110286034 -0.437191910497414 -0.0980125948294307
-0.44811486387767 -0.00411594490899736 -0.348785121436776 -0.195521710179452
-0.388790302133448 0.172424424325156 -0.475274323042276 -0.0635567592865605
-0.267941300597393 0.260880836512553 -0.302479596796101 0.235452028060802
-0.187879744259219 0.327814090767985 0.0873080666733547 0.18511459461754
-0.099343222760194 0.373894093470644 0.211099097568282 -0.0823517610529841
0.0110118957680724 0.421249952216902 0.143669851486571 -0.347635096072697
0.0155752464426782 0.441724468938782 0.0449758451219198 -0.44507932068165
0.0475381278089937 0.469859006091443 0.0137196559277472 -0.508866644578292
-0.0773742633392135 0.539176296342621 0.0731709289635238 -0.524917582202592
-0.260745429640807 0.483248993617897 0.19014782844001 -0.466459378004566
-0.460037937830002 0.387201895526488 0.231181439829461 -0.212224957010401
-0.553769590043242 0.145765819026206 0.0685233121502188 -0.0439987557260495
-0.555779493945318 -0.146470414264327 -0.0564949235664797 -0.00463108428301701
-0.5388486723515 -0.216597454523204 -0.161959189525816 -0.140252831704429
-0.606643401454184 -0.12460843284072 -0.252066794244653 -0.0652135977110747
-0.582738176663627 0.00931720340517537 -0.246339372127902 -0.24460390888148
-0.5034533407203 0.201379425375453 -0.473742791742582 -0.105387137215797
-0.390275051364963 0.291738132043144 -0.331388740824733 0.208091738975776
-0.314104836824975 0.405402168520598 0.0269651933212766 0.219763898718924
-0.188116595953952 0.497757394473001 0.153543883708431 0.0341885235677354
-0.0364421374866468 0.55702567812974 0.119710455333341 -0.165960724164177
-0.00967410712427373 0.570791577735077 0.0649869576913495 -0.231628105521228
0.0368334989460417 0.589477723017036 0.0312010296311069 -0.285173053133355
-0.0970920217920361 0.66333960843341 0.0479015286566519 -0.327995277778969
-0.310537250159785 0.589494888443664 0.108917829055615 -0.345091636074009
-0.522220753934418 0.459087461504251 0.182353299288813 -0.202322571469357
-0.599501174521925 0.210180718365326 0.12543977246075 -0.0925518398466197
-0.625266992173268 -0.0732999609303076 0.109063243177575 -0.00598847558938434
-0.666747332788496 -0.163466673939535 0.0582236795705162 -0.0386520467392014
-0.640996856090803 -0.126219377873367 -0.0344121822440878 0.00550076826993413
-0.605789583091319 -0.0117719511843133 -0.112386735038111 -0.237341151798781
-0.548022475198133 0.150245068100119 -0.414719593763471 -0.110964990223152
-0.496863220399654 0.254801050772345 -0.331775715637786 0.174569546743428
-0.42504251834649 0.434865224933156 -0.0618293123956557 0.257750759732666
-0.255758042910637 0.564712059760958 0.0610595057779417 0.180965944107876
-0.0740093690852736 0.622810775232104 0.0725856105706987 0.0630449100885089
-0.0346542547013565 0.614765049035554 0.0764831191784426 0.0154334485051757
0.0078657494876541 0.612701278533707 0.0522813449774686 -0.0383812410502604
-0.120502600621214 0.658605929850591 0.0328501859410458 -0.105089388993836
-0.320310217240015 0.559383048589754 0.0347680457283699 -0.19132398928254
-0.484723260821608 0.402859976623374 0.127662105277173 -0.182391710613679
-0.505555988129025 0.220355276888502 0.181903577810849 -0.153252107222995
-0.566811529640558 0.0176438133101775 0.274311183287312 -0.0324074750481379
-0.68689514203574 -0.0763487356305939 0.280500311217328 0.0351723344707062
-0.568302565981967 -0.106127454028464 0.17659755711503 0.111808291375781
-0.508767040984957 -0.0444187773996445 0.0400032720639509 -0.154757758883925
-0.492276270959338 0.0524812677377157 -0.28670444628205 -0.0862415198104481
-0.526570606064253 0.164924550304175 -0.307450173940591 0.124463839744935
-0.462888920257911 0.395354818627844 -0.175896806665087 0.298649652504528
-0.27393483148769 0.546162913336888 -0.0511533502227404 0.348185244267715
-0.0941357330706984 0.593934530958969 0.0175687426774307 0.309342411476049
-0.0531750624346955 0.567495183585171 0.0784202269260631 0.25678123738666
-0.0330432566641294 0.539755607517099 0.0581223771851465 0.191964462485034
-0.147379703394868 0.535294768983933 0.00424822086522049 0.091751883048108
-0.302253503681869 0.406676895091058 -0.0401923778380765 -0.0618574292334592
-0.368579096965047 0.244351925782294 0.0820684991894324 -0.180168538428154
-0.323427539140851 0.177280959470338 0.241773364151407 -0.2055480692985
-0.422377283232532 0.0951175933260153 0.403751413948227 -0.0542542640009904
-0.614560149747409 0.0120835110598883 0.465451245855043 0.0785522286571519
-0.405934070327253 -0.0501782333295801 0.3494352760591 0.230636563522186
-0.322127411985664 -0.0452768806940632 0.184080130148858 -0.0347655192710834
-0.337549045094612 -0.0233918127939524 -0.137344141168015 -0.0571328338976959
-0.430010044606051 0.069548650195757 -0.280684712044401 0.0759628037584992
-0.389596167308154 0.291388512374731 -0.2854943682632 0.345308832813312
-0.225373824304378 0.430356895333391 -0.148636027514519 0.508762849110172
-0.091399104122813 0.468544628416208 -0.0255097326971596 0.527951962292781
-0.065023176391006 0.434092174642057 0.0692241317410887 0.459409000901729
-0.0722744471812564 0.39413587986214 0.0385350081346322 0.371811252826563
-0.160836774511225 0.338810255284542 -0.0483335471537364 0.224411379840268
-0.242331562836169 0.199614838595432 -0.113557131113163 0.000989907139180506
-0.205062796520747 0.0689475496143625 0.0672052368510332 -0.205994206908285
-0.125314621079098 0.124691005050687 0.313392962653306 -0.223730119880269
-0.253678767055927 0.147256489315157 0.475775464508776 -0.0441939595513356
-0.463372205170796 0.0792834123203041 0.587240338266391 0.0953286912489186
-0.186517856392658 0.0351219947623474 0.456429613135331 0.314340397577421
-0.0913689834081017 0.00321962628019444 0.288571224062481 0.0561520514742235
-0.113948026027037 -0.0446200877325307 -0.0265139651110059 -0.040872840192247
-0.22073111890506 -0.0122133493228941 -0.269930788950852 0.0555380629033978
-0.223400417912204 0.134417915801933 -0.349991784213278 0.401787659327172
-0.13205412907859 0.229116419519049 -0.194656564410909 0.626122986735411
-0.0758908469079523 0.258589804369486 -0.0403139989611002 0.672013970295183
-0.0669173850805549 0.233883305860554 0.0550787842326863 0.591891145460825
-0.0934287415428104 0.2008070859226 -0.00263125608868708 0.481790643293412
-0.139120867734301 0.12720165045582 -0.112257408386057 0.279838147361621
-0.143124495209323 0.0170986229063898 -0.161807022291447 -0.00333883531525928
-0.0394718929192401 -0.0479332078327287 0.0948543447392071 -0.236633196333222
0.0284187975909957 0.0834165687170725 0.38196395113753 -0.190823934477927
-0.098578220554637 0.161378959478818 0.486259142197697 0.00306709407649801
-0.25947489444277 0.117191660542735 0.638956714750476 0.093308513584928
-0.0506308311571017 -0.097459081499082 -0.615692518851111 -0.0429973037396742
-0.0951647701691706 -0.100507850372694 -0.492305570566895 -0.0389433866812608
-0.143449479023195 0.0187882360742186 -0.435128229636623 0.128414241912975
-0.0614146391382506 0.130361320320251 -0.163678378145689 0.334350360731801
0.044551343499249 0.114245008439638 0.187241911634793 0.104615347440299
0.0663723077560904 0.0539793503416751 0.210397882825953 -0.259533366502167
0.0856244375710605 0.0187998932305303 0.0655623350046513 -0.528024439276976
0.0679062436197682 0.00296672252824002 -0.056014168206799 -0.650455763821926
0.0703858008903714 0.00677788892704561 -0.0404205196550431 -0.732026827992645
0.0573715225332605 0.0380443331644401 0.10309236098525 -0.704570178495036
0.0430949253209601 0.0648583719773431 0.274572646230462 -0.524759505531398
-0.0127963488120812 0.139994999206403 0.257774512320474 -0.196801522745837
-0.132805654065216 0.0814817944521253 0.00315965496208293 -0.00498632008930317
-0.141855703174476 -0.0948195892392843 -0.22614362978763 -0.0459574730271294
-0.0689469668794137 -0.132454249155629 -0.461171788956513 -0.308231421819269
-0.277206823597231 -0.0823650915040934 -0.570678697292936 -0.0617964711541553
-0.26600560107101 -0.0314244819578414 -0.438470341949898 -0.100305524807172
-0.252214198205757 0.112944119451077 -0.460574655720914 0.0420421548994535
-0.151018380335512 0.205507643768986 -0.235006635912746 0.298738336872823
-0.0549919522200674 0.234124217339167 0.148139645160539 0.147661144317913
0.00483400713369784 0.226913022357177 0.226482597849684 -0.191053295917542
0.0734732622236437 0.232852333957431 0.100692940196735 -0.482562221799334
0.0625872014245377 0.242827098032996 -0.0252062383293666 -0.597931408630448
0.0748679023190922 0.26239175825359 -0.0412794351034963 -0.670702590296958
-0.00903784084253069 0.319921378270315 0.0683067142428891 -0.670282728404936
-0.126529259530964 0.296148929131082 0.231155490592758 -0.544497359874078
-0.266175255691893 0.27684209044807 0.25348857382171 -0.2212939100904
-0.377346020075645 0.110919334460861 0.0237462848628793 -0.0126546780025788
-0.390037839892589 -0.138339710691601 -0.176235909907506 -0.0188369067901265
-0.337566822491899 -0.185956202853291 -0.357776991036428 -0.230855152429582
-0.484511461739555 -0.077805217914686 -0.452223640571652 -0.0679906910734433
-0.451821768171321 0.0271287006871456 -0.367173289608796 -0.172563700442393
-0.376669147467236 0.204171116970795 -0.483037313442815 -0.0257652874713722
-0.249198295289902 0.280416559715219 -0.287875496321527 0.265375757252974
-0.163243347880407 0.341618998108541 0.101473490386692 0.183153998657866
-0.0728192124760344 0.385048320487053 0.210259194697419 -0.0963432514481699
0.0418363115739741 0.424125568292117 0.116996071989575 -0.360986506431762
0.0491070347887835 0.446391149739865 0.012740978940969 -0.45139944063125
0.0831915561730884 0.470079693839159 -0.0275731685797055 -0.513409622662621
-0.038363682069148 0.55133865808159 0.0345928343896152 -0.53753479981662
-0.227918968630929 0.506511916964268 0.154958884232458 -0.486975577643917
-0.436454813970979 0.426522134456022 0.223072590237784 -0.233028703100272
-0.548100011547814 0.184184853248192 0.0695450514513941 -0.0441228066783317
-0.576244430161303 -0.110962186627564 -0.0525647505810735 0.00139452183951731
-0.556546783773876 -0.178536547974371 -0.172160923179506 -0.132186788286155
-0.621787204422316 -0.0798370983941015 -0.263330759785206 -0.0490336498758093
-0.585639778242541 0.0498825601305261 -0.267585460377026 -0.230294178828076
-0.488340370594756 0.241554171962299 -0.485349299479558 -0.0679547547304352
-0.371038004878647 0.319965635657925 -0.320276122161475 0.239960997382516
-0.285790706624276 0.428750810621168 0.0422531050555352 0.220921957719614
-0.154074762828811 0.514333457512361 0.161003467731619 0.0252723989000471
0.0037771411181903 0.565093605598666 0.106279443806597 -0.175735645362509
0.0320142731961251 0.579602924538805 0.0480100549238024 -0.237107756885269
0.078579888532395 0.59252728131154 0.00701391796159459 -0.290634619587772
-0.0482230449773728 0.677889237026016 0.0229782308968551 -0.336806303878525
-0.269273649252224 0.618481151190987 0.0809017383902299 -0.357277032113796
-0.495224344022481 0.503258777913476 0.174260977008379 -0.220467344130319
-0.588112939777731 0.252066897580345 0.122365836344979 -0.0990695970276147
-0.639182887278973 -0.030424186395814 0.113459536956861 -0.0121209001278266
-0.68053261421077 -0.11720578393519 0.0576632334225267 -0.0449815268048516
-0.655174406135066 -0.0802978109998015 -0.0377770270323386 0.0073339115900205
-0.610712040131317 0.0284689030177782 -0.131428417456216 -0.232352506416282
-0.53611692621165 0.190654950176276 -0.425736193716411 -0.0788212126402191
-0.48093715126598 0.29062149393257 -0.324087714885802 0.204942670290173
-0.395724538068098 0.466400505329998 -0.0456139167404565 0.264128946737291
-0.217928833394856 0.586684553356419 0.0773626575518503 0.179426953594616
-0.028459401504074 0.635177679216486 0.0760610003454395 0.0599312105714837
0.0108573160732968 0.627062875233053 0.0781968418751528 0.0110647247317099
0.0534382014915 0.617663125917016 0.0465171799673579 -0.0436201889693557
-0.0714596699928372 0.67456146442945 0.0232983575653368 -0.110857588550598
-0.282764725006122 0.589765340685978 0.0161267464680133 -0.195688514393258
-0.45863573155321 0.444831507858668 0.118625131449771 -0.197629998226395
-0.492317960341321 0.254114791218093 0.172884740306227 -0.165915293919364
-0.571501846597193 0.0562611610693002 0.277404307374058 -0.0500680965017684
-0.697774319983506 -0.0276075669413477 0.288829644671574 0.0132661604584147
-0.579690470231888 -0.0641502245528746 0.184727747812367 0.100090177239834
-0.515548364687341 -0.0117334645420098 0.0284658038188929 -0.159261102450143
-0.487170461419639 0.0873398675437665 -0.295313250760617 -0.0633805955486729
-0.519282568623589 0.204191162676985 -0.304344614519116 0.150487358197063
-0.437808050104183 0.431532801429652 -0.158288213436971 0.311751729809806
-0.237375407880177 0.569929831295717 -0.0247356645636032 0.356087518900749
-0.0510312795854673 0.608956459208445 0.0399389409912339 0.313062932695623
-0.0122724376777971 0.577907636102554 0.0977184617604894 0.254661200189055
0.00634007059038943 0.548735869126422 0.0700221905459864 0.187934156686384
-0.107830805836311 0.550423422245547 0.0100813853905852 0.0903592123116674
-0.275360993187441 0.432711963730838 -0.0498208477302136 -0.0591906280302696
-0.355241438751825 0.274804256286339 0.0715500011931837 -0.192841702595037
-0.309723263630308 0.199633650142134 0.228638330971966 -0.226372932869005
-0.420504298199041 0.12504930014125 0.405856801077929 -0.0814705321953183
-0.616464361678203 0.0568392745888668 0.479062695503114 0.0441909921764566
-0.412183984302565 -0.0182942669663368 0.369049462566612 0.204965216288391
-0.327521280090581 -0.0251052852192361 0.182979445140712 -0.0488984005992643
-0.337594612243453 -0.00122572335283018 -0.142623064344518 -0.0463210851064902
-0.428975347542522 0.100579725854214 -0.281429038763363 0.0975046339856535
-0.372918241404833 0.322674870491753 -0.265696346960499 0.367296548234075
-0.196542571181589 0.449087971232187 -0.112922821072421 0.525612921235857
-0.0571580281083994 0.481449947417743 0.0142440668361351 0.536753867985822
-0.0325815443904445 0.443611918722799 0.103954298395983 0.459509529209555
-0.0428578303714306 0.403072930626221 0.0642806119248612 0.371192407722441
-0.137306817251585 0.353056258012418 -0.0330450770382814 0.229104929366928
-0.230220789311075 0.219446357556518 -0.117849911257541 0.00886938589163976
-0.201458109846708 0.0840577340988242 0.0525260248653928 -0.218793744896692
-0.113763371465114 0.13352811206364 0.29772730222466 -0.252982187468515
-0.244312862033685 0.166414243875285 0.478458491248695 -0.0772062919117467
-0.458404635017565 0.116034750460972 0.603904538490147 0.0520120535256015
-0.184694657925498 0.0510087502589461 0.483761592329577 0.283274130775982
-0.0917807994387185 0.00881093118491696 0.294656317886984 0.0355462446670948
-0.115366243900918 -0.0390857369864838 -0.0313388096087272 -0.0391813595563227
-0.223711615371051 0.003468796795743 -0.27184137849205 0.0745170656089797
-0.216685889676729 0.152698667528247 -0.326083073148228 0.430631775679414
-0.11560815823074 0.240058237343184 -0.150315092008402 0.648375249698637
-0.0560198407616949 0.267443573134027 0.00999821148190424 0.683492258170734
-0.050913748082379 0.241470012272122 0.100071883132152 0.592492653044201
-0.0796776654060967 0.21017487488816 0.0323076322265735 0.484338671732774
-0.131997869275749 0.138737428716638 -0.0930252171904378 0.288695141821268
-0.143272989590018 0.0273225903726034 -0.165436884326638 0.00761364741171723
-0.0434313273028292 -0.046532397281347 0.0773611564714206 -0.252027860895151
0.037991586053937 0.0820422017130912 0.369643822257247 -0.225680614849665
-0.0868385481777282 0.169987475753247 0.491177694101292 -0.0316523249234361
-0.251406334640384 0.138743615116361 0.65471194753839 0.0475599534699213
-0.0578883770056332 -0.0916734072099951 -0.61130869468976 0.00227627510304083
-0.102584610532012 -0.091269285029832 -0.486636019093589 0.000284908481472478
-0.140139784080405 0.0313624841461784 -0.415143582584834 0.160416914302154
-0.0499403945895055 0.132997589369859 -0.132535489095955 0.345659378845866
0.0529291745557159 0.108156376719054 0.193507823277386 0.0924370238931924
0.0689064311159841 0.0483201887057668 0.188170283674171 -0.269514510554357
0.0860592565268815 0.0106274604234292 0.0215454562249944 -0.519311766632592
0.0679333966394467 -0.003557026923343 -0.103798712589171 -0.632340160167117
0.0703876698734131 0.0012068574516027 -0.0977041818363955 -0.713343327216771
0.0598019878471745 0.0323312460853755 0.0438118928917504 -0.700354159083093
0.0463744562818585 0.0598753345151479 0.22883210150602 -0.538702877741007
-0.00114080499957466 0.13853699779517 0.240113914807002 -0.211801852479839
-0.124234225933849 0.0884248117747448 0.00833088828425908 -0.000321924510353394
-0.148502005797234 -0.0820179551910248 -0.219789031012931 -0.0284817409717587
-0.0767987415301206 -0.123547753990179 -0.475566880906479 -0.267874985548358
-0.278126316621941 -0.0592824411269955 -0.57018540169904 -0.0174974354135418
-0.26426367759445 -0.0113819491765609 -0.438162583879939 -0.0660329057756831
-0.236863958286515 0.132062189328249 -0.446415628558356 0.0779910616088374
-0.131236700938088 0.213202269125284 -0.20544223674938 0.316325631202404
-0.0348630772652887 0.231671274309062 0.156726277612384 0.137050843679006
0.0218029075715725 0.222225231291207 0.209795451616884 -0.202851079408233
0.0907060450126159 0.222650098582485 0.0592665577026393 -0.478647442860335
0.0815329845296177 0.23248934806405 -0.0706777751634182 -0.583873838357772
0.0937377165721546 0.250709834933056 -0.0953411944324236 -0.654904783958185
0.0175745698587573 0.313782985046813 0.0133384178818845 -0.663194943010538
-0.101939682406858 0.300710783524471 0.183027339370886 -0.554138564404646
-0.240123991728141 0.293300163980864 0.235840504579644 -0.237071357924463
-0.36151625174909 0.135177566938469 0.0280749502285012 -0.00854864149940776
-0.394851549433676 -0.107383244985332 -0.168946081799666 -0.00552474910526272
-0.343297246440679 -0.156980858741279 -0.366701458844324 -0.20089574866007
-0.482137551806752 -0.039885155129647 -0.454323240094435 -0.0331492532605982
-0.440572653320158 0.0590164360477416 -0.374327654796988 -0.142307547768395
-0.350248551226749 0.230609800719833 -0.47400138627102 0.0130481337519604
-0.22221870730821 0.292657564694026 -0.261238656941685 0.287951629399474
-0.131786549899743 0.344268952663862 0.113456607485475 0.173921550306025
-0.0430243243694384 0.38244105740904 0.202145228113141 -0.110422040716729
0.0754923947916469 0.41157782151307 0.0844010127149383 -0.361214155608768
0.0845320474059078 0.434076910238436 -0.0220737068666811 -0.442504122693132
0.11648285931415 0.453961467071589 -0.0685026730983138 -0.501490402883521
0.0077035129460923 0.543383680894393 -0.00878017900213094 -0.532306621687191
-0.183207787908117 0.514492339804991 0.110953866296186 -0.490151889439282
-0.394931468333591 0.452997211307199 0.20535227859584 -0.24825457957654
-0.522011936290478 0.219156891626929 0.06962241138552 -0.0436747531113994
-0.574710237875603 -0.0668424219028299 -0.0474664577188373 0.00591827738801337
-0.556792853683403 -0.1348660870122 -0.178031613225042 -0.118802626531805
-0.614738923141108 -0.0309089701316134 -0.266713434130867 -0.0287131996252841
-0.570348290214224 0.0907462691697658 -0.280107398699642 -0.20631406947549
-0.454984926346702 0.274621355443649 -0.479640004985904 -0.0276250942086278
-0.338091123840731 0.341350374657922 -0.296039454321269 0.264624832902887
-0.246087782287704 0.439565968733189 0.0560706116148047 0.213574118717181
-0.112304328087781 0.516230329160473 0.162931511278987 0.0125179407665724
0.0485049531020616 0.554392747449971 0.0887143471512098 -0.178853892613388
0.0777287226153826 0.567689155486346 0.0300687923039945 -0.234984565760026
0.122014382742936 0.574926207691021 -0.0183686383017699 -0.284505361164448
0.00689639399075671 0.669124866448843 -0.00545855449653563 -0.334615236880572
-0.217325146262796 0.627012395974798 0.047367021441862 -0.356778472507468
-0.447158237946169 0.532680288387607 0.157714464144901 -0.233485715356437
-0.556363378191568 0.28689968085268 0.11539653928347 -0.102921103519679
-0.631245935848931 0.0159274915288531 0.113446916318462 -0.0192143303973927
-0.674209073392341 -0.06317081692925 0.0546168003385482 -0.0506335147791667
-0.647876788509919 -0.0299150866944315 -0.0396313867338512 0.00993454723210771
-0.595808531850838 0.0713119902334913 -0.146622146376873 -0.218244501145906
-0.504678610610758 0.227083011530888 -0.421874477003964 -0.042026392872387
-0.449326346503228 0.318854967202266 -0.303395210689212 0.229320830190004
-0.353268200331956 0.486265010366101 -0.0272140119928099 0.261040900335922
-0.169524493580569 0.592163818866867 0.0913039432681912 0.170202633448195
0.0223653544170464 0.625959100808978 0.0778695700712313 0.0549125952496943
0.0608377867927752 0.615471641976205 0.0779759661193085 0.00617433590425428
0.0978499474616163 0.600901480602463 0.0391780310933011 -0.0458568516954465
-0.0148397516275809 0.665615083747712 0.0121251516181597 -0.112757245676271
-0.232905267339682 0.6004674633735 -0.00356741441875021 -0.192346011730649
-0.416872115506336 0.471887625226425 0.104035534114462 -0.208391427337893
-0.461964351256769 0.283617121956006 0.158029513504821 -0.174729460595407
-0.55723440372241 0.0963790681364152 0.271227476775654 -0.0692174749177514
-0.682241183927603 0.0264339856777056 0.286205979585492 -0.0108063443550684
-0.573132905483856 -0.0172056338180658 0.186457331425228 0.0832935129383833
-0.50511099985196 0.0237669535528134 0.0164087978806098 -0.159021999587821
-0.465756036187247 0.11926631578339 -0.292907442673957 -0.0381802135170073
-0.493377105031078 0.236759313348381 -0.28808641011995 0.17321810223486
-0.397827636647289 0.454596899606396 -0.133865734724032 0.315853356040513
-0.189376997888589 0.575804294365873 0.00411225651997936 0.350366762120426
0.000615901989931283 0.602462709692062 0.0637395510069651 0.305347310052733
0.0339926179948219 0.571472328703397 0.11656129673218 0.243494521873478
0.0487337431734677 0.535183480650672 0.0801875452255441 0.178929706868031
-0.0618432715973186 0.547474753226963 0.0148804693162173 0.0857831537028542
-0.236720469745457 0.445537601175561 -0.0574994466151217 -0.0531373799838057
-0.327144289432221 0.296552944205148 0.0559925627970967 -0.200286673542937
-0.285991572823624 0.216362669947975 0.206222687068463 -0.240301883234223
-0.401212303541126 0.152382775185081 0.393339246744116 -0.109785662478376
-0.595931310516603 0.103662855893007 0.476254037743595 0.00382626952963381
-0.40445346780478 0.0152253455545366 0.375682134686519 0.172711303686562
-0.323066865728543 -0.00141961622026875 0.175991380688612 -0.0623488446112692
-0.326561553700004 0.0209266295355993 -0.14279831180979 -0.034539685797376
-0.412104474250795 0.129431912682287 -0.271138871392319 0.116963046475009
-0.343271315427931 0.34318945165394 -0.234964457180571 0.378577852689079
-0.158488958089069 0.454651767026599 -0.0689766184585122 0.523749560713083
-0.0160390268631191 0.476430146821141 0.0571301585811939 0.526942121082883
0.00225652074769856 0.440399756326416 0.139613302840202 0.441782298146894
-0.0115741284181973 0.399176733340833 0.0906861281760558 0.357035847794353
-0.107389427888213 0.357569010797415 -0.0154741651251796 0.224344403949619
-0.208888675641625 0.23321796215688 -0.117791790250118 0.0180136342371835
-0.189879283106424 0.0984346688656478 0.0337205450223253 -0.224694323261284
-0.0975394491185402 0.137486163946535 0.270297937909002 -0.274092026908849
-0.226139869874966 0.181209418987975 0.464827959492874 -0.109379733266119
-0.439015618063629 0.150507237383794 0.598554855559605 0.002431519977373
-0.176053849371586 0.0660216949214918 0.495559109003575 0.237890284082201
-0.0896974003520604 0.0149470854651411 0.292097969768168 0.0113600141905129
-0.113724562344322 -0.0334131274061021 -0.034256214174583 -0.036783620320835
-0.218752909169042 0.0197183453122956 -0.263462016402301 0.0929210731408372
-0.201674403985904 0.167497202011286 -0.287940704869239 0.445962376780616
-0.0946509852919164 0.243253347288878 -0.0976001959943054 0.647571454943283
-0.0323849347645302 0.266044525629326 0.0676752468231115 0.669544678192612
-0.0309096272456574 0.241838946838743 0.144200450094 0.572488176919883
-0.0621950828734492 0.212900292774977 0.0682301791573595 0.47092022805456
-0.118666932677705 0.145760619428225 -0.0695202337704534 0.288040652636402
-0.137443710744954 0.0374027286359017 -0.163334627166549 0.0196253952118568
-0.0452134633699986 -0.0430778624795672 0.0540814889727071 -0.259270107296569
0.04628879093133 0.0773020240350639 0.3423708918757 -0.255542849052324
-0.0713108310309931 0.173176890689754 0.480652600387073 -0.0658534238462721
-0.234040753064232 0.15694582765063 0.649169453075209 -0.00488948051922274
-0.060434899537161 -0.0847355350055129 -0.589998605628324 0.037875860882599
-0.10527302099812 -0.0823898948928775 -0.468277100880177 0.0264600864085233
-0.133250415036035 0.0394561252844784 -0.389869827028125 0.177702893638806
-0.0403329492015872 0.131089562320179 -0.105116589594061 0.343858756066319
0.0575027293672026 0.100658470150213 0.193310278543146 0.0823422951199053
0.0687609980877233 0.0436993819115742 0.167560316771149 -0.267306935714412
0.0840154514289065 0.00429636770690886 -0.00895332221353267 -0.499902037527439
0.0655792246553638 -0.00883519576527339 -0.134341592119649 -0.600012710767414
0.0684152817595678 -0.00367300903329609 -0.135917514399351 -0.679659833548628
0.0593519083543221 0.0281238785763198 0.00322753990691147 -0.677251067392981
0.0468367753472219 0.0554854646153212 0.190104578454802 -0.532845602573298
0.00675643158342222 0.133493333081841 0.222877327605075 -0.216612270549892
-0.115428574739091 0.0897389734003412 0.0143162790495094 0.00277734333324913
-0.148585122062058 -0.0699380252109958 -0.208896509611239 -0.0175980437783537
-0.079279401871292 -0.114427868483271 -0.472050760815976 -0.231794397711852
-0.269733528896569 -0.0407519334869242 -0.554273425216458 0.0152754751132306
-0.2551073832441 0.00260771368103632 -0.425286440795457 -0.0400353963409886
-0.218001552332789 0.141390054337901 -0.423078955126958 0.100101658968725
-0.113910880876174 0.211462302946175 -0.177643553545184 0.319899496239368
-0.0195588975023079 0.222527844023518 0.158776587024894 0.126711743445859
0.0329769022883481 0.212341290763484 0.192116103208185 -0.205434703806242
0.100205527204081 0.208411834877258 0.0290071506955238 -0.461029778827162
0.0923450735736327 0.21841135759897 -0.0988845606108088 -0.555874740944239
0.104320131439069 0.234698300032914 -0.130338030872089 -0.621834330595859
0.0354446818025997 0.300397891681803 -0.0247575396481274 -0.638699516999953
-0.0817800774686239 0.294524580132345 0.141803527791135 -0.542836370199483
-0.214067336880793 0.295420779292366 0.21729355278373 -0.241768609289237
-0.339874898581118 0.14623470929607 0.0328775840214807 -0.00569981833567307
-0.387591614817014 -0.0811348214618687 -0.158085225990257 0.00263842166917473
-0.335540786300312 -0.132841217981657 -0.363516687998943 -0.174411415472368
-0.463014862464184 -0.0103869724426466 -0.442923277208429 -0.00660031664201963
-0.420397181897364 0.0789707958204165 -0.367043973246371 -0.116882129422066
-0.320091857949812 0.241948666283137 -0.452319181390381 0.039233789809812
-0.195855807255341 0.292662742259465 -0.233530676345255 0.295605970753242
-0.106336610991616 0.336110099284546 0.117025610932665 0.164403773340641
-0.0203899465611307 0.370344893570057 0.190229119406108 -0.116597277352446
0.0966544288502845 0.391422872123666 0.0598643427387845 -0.350603394197782
0.106450659104228 0.412877193552088 -0.0443751458165489 -0.423373109542795
0.136065462429782 0.428545660376092 -0.0954024322711466 -0.474930874674015
0.0398440050021547 0.520651046315664 -0.0395919438513427 -0.5130005161057
-0.149731017955029 0.505366760271232 0.0772406415215056 -0.47698100252388
-0.354314385915583 0.457342666126522 0.188018080166153 -0.252256535556686
-0.490738497975722 0.23442937742991 0.070427851790901 -0.0417292110236989
-0.557625332031548 -0.0345668170576816 -0.041697727675998 0.00801823719146768
-0.538681333474809 -0.0994722135378698 -0.177543317597655 -0.106036782118448
-0.591479035136404 0.00521782005527091 -0.262266107554362 -0.0115418739052495
-0.543690142300037 0.114960630587329 -0.280158773179866 -0.184011319741653
-0.415354515119853 0.287011213318918 -0.460334349629377 0.000517004369628298
-0.305134005254078 0.343347823886012 -0.269452624683315 0.275183003508876
-0.21157556889644 0.432192598138387 0.0636344214639135 0.203740537135809
-0.0795555549511505 0.502225751356004 0.158948266471216 0.00292102238931675
0.0783903149533671 0.530584744891224 0.0739550082886796 -0.174895862530603
0.106875774524927 0.543243051860525 0.0165599968008191 -0.226967925846872
0.147968015420975 0.545410049251233 -0.035098695106046 -0.27101650306193
0.0458894401859018 0.640555622035558 -0.0262999790063431 -0.323101539171927
-0.17434349384364 0.616060031689661 0.0225575602004942 -0.34448778452316
-0.399556351126836 0.539526575987812 0.142285068535115 -0.237859150205634
-0.520131014647363 0.30231629314829 0.109685394323191 -0.10250994573441
-0.606093797267514 0.0485867814598548 0.111547005289299 -0.0241618930083766
-0.648070265506884 -0.025743658870573 0.050770898587247 -0.0539416183684372
-0.621622797489144 0.00838841202961364 -0.0406525408247035 0.0126308131810192
-0.569151437640065 0.0964865550535042 -0.152096228087788 -0.20331271367254
-0.466409586221829 0.244085105158111 -0.405285674278826 -0.0174601352797447
-0.41412244990532 0.329190573781147 -0.278958690602801 0.240592484724724
-0.312911616977698 0.483750936784283 -0.0148359636838823 0.252034159461039
-0.129589129352757 0.577353241406954 0.0985488535531695 0.158186574886093
0.0569435629642146 0.601027916919165 0.0778209272931474 0.050251745176425
0.0941464534139767 0.589626882794344 0.0767193285634404 0.0016202549215603
0.126976249403999 0.571698893570626 0.0335763205231656 -0.0455407625463626
0.0229386899446712 0.640824518225288 0.00333021253164713 -0.11081124709773
-0.189045172107694 0.590333560951288 -0.0178913996192699 -0.183844779854095
-0.374213358020451 0.478023477267224 0.0907904663100831 -0.211603968513105
-0.427921587904094 0.294321136256757 0.144505418304596 -0.175876228034306
-0.53058957911128 0.120751982283502 0.259462217826794 -0.0801950319240806
-0.6505389791994 0.0606081493525904 0.275914326959006 -0.0281830452495211
-0.55011622011487 0.0146490525186163 0.181774911933638 0.069980165917003
-0.483579956304553 0.0494534005597234 0.00785876732400613 -0.155380369829527
-0.436097897225167 0.137025832858186 -0.28221898981855 -0.0220622228781968
-0.460012818236185 0.252728504171265 -0.268799629592275 0.183729253235597
-0.35791715365947 0.457514958882675 -0.116110617159986 0.309166995843955
-0.14903023572067 0.564487741879128 0.0233535182358506 0.336681264594673
0.0356808742524032 0.578471896213544 0.0798097444074433 0.291653375583143
0.0666564447351992 0.5489833211144 0.126975757876259 0.227481247568198
0.074969154302452 0.513464365443924 0.0862413534854748 0.166814395378574
-0.0278987059745555 0.528598214510521 0.0171860349753446 0.0795999609756612
-0.202594166603651 0.440813113717011 -0.0614155633842802 -0.0471162914866396
-0.296555465343375 0.304123868529785 0.0429582438514368 -0.201829788131313
-0.261827245300341 0.219454451637366 0.184561003332262 -0.243094332461627
-0.377056077295634 0.167473329485135 0.373418376087516 -0.126159445453669
-0.562229525879837 0.132589045551279 0.459997032751161 -0.0245243145844609
-0.386414515369208 0.0379477528720568 0.369016623035282 0.144800240412194
-0.310737416062937 0.0148013145485009 0.166335921424036 -0.0711114785242332
-0.30952060728746 0.0336925783763171 -0.138176916567399 -0.0263960771969736
-0.389683045870434 0.144701005828762 -0.256028471303448 0.127307435552181
-0.311531492739981 0.348594816636808 -0.208040444428049 0.374594275430517
-0.125769552126691 0.44516904837249 -0.0383916977584479 0.506552613411646
0.0123710480543557 0.458740994735422 0.0857531060103493 0.502874386678692
0.0284258142834941 0.4244459966239 0.159620452423899 0.417465107863458
0.00993720526444616 0.38372945801537 0.105428195660381 0.337486858200277
-0.0832535001896006 0.347704683364876 -0.00411261838393608 0.215098379194321
-0.187068036118048 0.234226096912596 -0.114215530675948 0.0236505480900083
-0.176614473247866 0.104334060890181 0.0182058714477812 -0.223369682265559
-0.082244336812191 0.135608208911168 0.242639115302097 -0.281337597584108
-0.206445432913072 0.186278335180827 0.441936674332105 -0.132291368491162
-0.410614875078519 0.168575408178183 0.578667619184195 -0.0328069972761335
-0.164144608722601 0.0748788880379773 0.488541811321379 0.200317779053567
-0.0854007493044974 0.0195786496555482 0.280579021729064 -0.00608365859660739
-0.11029658109535 -0.0287649913298746 -0.0353197561406263 -0.035074770273768
-0.208847179464915 0.0297439008443755 -0.250607585840717 0.102220712956367
-0.185537022102216 0.172757804511768 -0.2542577793638 0.443288919217352
-0.0771053143425836 0.2385034081218 -0.0581010127518215 0.627981727450638
-0.0146955895920293 0.257549726936295 0.10384569224043 0.63829463598053
-0.0154451929879779 0.235174112875896 0.170980272503937 0.540251904679664
-0.0477773322630792 0.208633650687102 0.0916930823675703 0.445921421551232
-0.106621006623967 0.146450487020026 -0.0517797104427167 0.277590924489939
-0.129641492223745 0.042648423307139 -0.1570210555612 0.0263162329980352
-0.0449072014444966 -0.0394605151665868 0.0353191096235852 -0.257935525925142
0.0521324027705127 0.0713988072009337 0.312133108512592 -0.268911379072318
-0.0586096807460228 0.170440680256804 0.458973089220957 -0.0895332439756356
-0.214077209769753 0.164196617989401 0.626193137243509 -0.0429034061964432
-0.0516777887557849 -0.0804405582027455 -0.578468170145569 0.0208372054160461
-0.096472253701459 -0.0809134170892611 -0.455245438493127 0.0151648040998845
-0.128234614404439 0.0383977837018742 -0.375209530812399 0.164660878833481
-0.0390888280258102 0.12406027726414 -0.102002609480402 0.336522831555835
0.0517896417654022 0.095576440058471 0.190381160570468 0.0870417734336583
0.0633361878316481 0.0444280030197551 0.167846696569704 -0.250352375098289
0.0810650227950427 0.00116597613012857 -0.00186065230416823 -0.479688962206616
0.0652100219332327 -0.0104750774442023 -0.122577103692809 -0.5785595663823
0.0665636206224508 -0.00921688792834957 -0.126378114644775 -0.653824131047774
0.0565333870387335 0.0238462674586637 0.00733312353970231 -0.651758104852385
0.0439141397806211 0.051702346088814 0.188297938654828 -0.508574154193633
0.00735857480867328 0.12391825784708 0.217094330684009 -0.198014279511543
-0.114306188269115 0.0842542960171851 0.0153391382386526 0.00462721788099315
-0.147400818645166 -0.0708394447754513 -0.194596917199306 -0.0286452748447738
-0.080774130051367 -0.111106016447992 -0.438760366276192 -0.241525460466284
-0.258561522451954 -0.0473771049267419 -0.543040011505785 0.00749293611357902
-0.245658823642091 -0.00399669130705703 -0.406855891702591 -0.0431051549902735
-0.212860370601403 0.134557038789537 -0.399248497786238 0.0924454404845251
-0.111224940350075 0.198932367946174 -0.170914300987464 0.316702251239705
-0.0256115646795699 0.209170827925 0.157677065435136 0.135056928685528
0.0241302212100691 0.206095932478958 0.194582945374168 -0.188732376345407
0.0917342605601771 0.199302694425725 0.0389854410318222 -0.439895429763296
0.0852452385142379 0.215531763162792 -0.0905784403872055 -0.530998859259452
0.096072223315224 0.225738173065861 -0.124335071341461 -0.598948220047962
0.029347411290969 0.290026312326391 -0.0247507663924349 -0.614449323538575
-0.0868038480431345 0.28459633532137 0.132911357315677 -0.51892701878286
-0.208378864729 0.27557335656217 0.200192712986255 -0.225020812031689
-0.334174235853758 0.13269577449853 0.0278416820216068 -0.00823819482127714
-0.377647223673506 -0.0859955134872107 -0.148018900446596 -0.0135389097006134
-0.327670834427725 -0.129507744033091 -0.339056885710979 -0.190928691824316
-0.449974911767824 -0.0268876687907764 -0.436963792793553 -0.00111544965049228
-0.409485152222776 0.0633695552034215 -0.345669417153227 -0.112034995721586
-0.314261458145299 0.227368573992339 -0.421172331544656 0.0378034909212196
-0.192636289410504 0.274277172380676 -0.224334774763812 0.296906553291433
-0.113373355426283 0.314491740118926 0.118029019741418 0.175727864706607
-0.0304979029834636 0.355887955407213 0.194044853511116 -0.100408518191308
0.0832520295046342 0.37925586393072 0.0700752921770784 -0.329445690829705
0.0944728904644368 0.4083663911634 -0.038081395717623 -0.401961630736117
0.12474097973586 0.41721136988453 -0.0932257955771309 -0.455135170074458
0.0323154572264698 0.506362738987457 -0.04494719900336 -0.489951274650145
-0.156862765726017 0.491542745569505 0.0610768667473388 -0.454842395254294
-0.346886151222073 0.430760311719958 0.162400938168775 -0.235700501963804
-0.482447032811359 0.216354832659043 0.0589212449068435 -0.0452653196291261
-0.542797617215121 -0.0423449644734162 -0.0378710780323707 -0.0096112568123929
-0.522208773592502 -0.0997865826848454 -0.165314887739508 -0.124850938997221
-0.577970597640553 -0.020206159624217 -0.26312854723283 0.00368722113070539
-0.532072902267938 0.0918398849678007 -0.257732318996539 -0.171395996385941
-0.410133654404979 0.267363699552892 -0.425573229553275 0.00477183671580502
-0.299537595043411 0.318256680820942 -0.260775290008617 0.281124170244961
-0.215896458856733 0.403573697292265 0.0657800255274874 0.218095273423973
-0.0900987669196146 0.482619560126077 0.163349603303737 0.0155698899632021
0.0625586542994814 0.513402790495219 0.0843578081858664 -0.157118883443974
0.0914983284512095 0.538789055869524 0.020679092872789 -0.212075754611509
0.133357473667535 0.534813293645077 -0.0381776736902918 -0.257039084206658
0.0381660048361298 0.625462126346416 -0.0355042600140499 -0.305044358589599
-0.18049692739555 0.599534054670909 0.00145990507480676 -0.326687105116409
-0.392159272269044 0.507804693387 0.113020185277743 -0.222790045265481
-0.50949895501446 0.279159673065795 0.0940554369223669 -0.102551537244602
-0.588363407949403 0.0361521826637115 0.106723904357652 -0.0364080545781285
-0.625104481764771 -0.0271559731096982 0.0483607881173933 -0.0695539916720298
-0.609753951557707 -0.0202661365137746 -0.0498959746541224 0.0357576593470476
-0.557866834040603 0.0708331043562584 -0.134454184464482 -0.185202109540051
-0.457633151971861 0.220188275798016 -0.375527001813549 -0.00946623414474198
-0.40383009670506 0.300219257689392 -0.273853033338624 0.250114001571114
-0.315765302603276 0.449088329107886 -0.0125241746691346 0.266647317784524
-0.141020748867714 0.553961377637909 0.103008964670323 0.164268627058884
0.0409112256592292 0.58423589189922 0.0864279770066172 0.0612750876922593
0.0767776443828143 0.585693601987046 0.0772229243989362 0.00873226082283428
0.113689730526347 0.56088782382025 0.0252549346618709 -0.039061685658219
0.0166298924037807 0.625311828787285 -0.00860977023260339 -0.100861559059739
-0.196117378498251 0.577137397749506 -0.0387245862222589 -0.173463292244698
-0.367196671331061 0.453588295535456 0.0637867814919947 -0.201558195735231
-0.418246931460977 0.272141037975857 0.128783591871575 -0.170197426425685
-0.513199035090619 0.107857774630948 0.247997681442857 -0.0835944543719823
-0.624417827260885 0.0549127648796696 0.260324128005091 -0.0371420224054127
-0.539765429349886 -0.0108135803199686 0.164297418929128 0.0951502213358281
-0.473268536542505 0.0271519180269336 0.0160033939395245 -0.138133055354537
-0.424428499791763 0.115150582703057 -0.261785930093438 -0.0128576066232059
-0.446772741570222 0.226253847535986 -0.26811316768004 0.194001572578085
-0.357936755463079 0.424807079613752 -0.111871595554781 0.318689303560514
-0.157926966045499 0.540005851841321 0.0264452499677284 0.332674191076128
0.0191070311322065 0.563940696261389 0.0853381508710198 0.293201685447376
0.0511807646350527 0.543286977127012 0.123172542768865 0.224410218270347
0.0642375969874617 0.503737530914329 0.0750052515313336 0.165219977318751
-0.0337136205038877 0.515730541362586 0.00522998576644955 0.0809845747536487
-0.205744515704693 0.430763734846227 -0.0773225951441677 -0.0459062968255106
-0.289607677348616 0.284814714193207 0.0233667893511897 -0.197153909328723
-0.252534114625081 0.202123497454368 0.171298196038246 -0.231475147361009
-0.361517358620326 0.155366563428362 0.357411847461651 -0.120117374061214
-0.538043680704192 0.124098534129424 0.434199526934758 -0.0233191086829346
-0.380789485443297 0.0171944981192754 0.346625810558647 0.166871844589912
-0.304192666347807 -0.000314149880641497 0.163672931588292 -0.05718206097576
-0.30011146370125 0.0185786557460047 -0.129013290781428 -0.0191604859161793
-0.37487808966211 0.125511290347157 -0.256832156965581 0.132935897658656
-0.306412173680774 0.323444836967268 -0.20408559432172 0.374801836583498
-0.130320868225418 0.424740028069252 -0.0391442477341808 0.492825615858451
0.00115133633561401 0.448374970951587 0.0877605503450276 0.494097885184789
0.0172006083146864 0.420310879470531 0.151993912770458 0.405010355299267
0.00317192121849186 0.379349858706877 0.0936644352707346 0.326753322265578
-0.0846610040300677 0.340246577887585 -0.0130028949614204 0.206891694305113
-0.187552995275645 0.226732169452443 -0.121810329296373 0.0187194664539051
-0.171027316087066 0.093746394726142 0.00985622563824688 -0.221649507558853
-0.0755445049162873 0.124619737416877 0.231348861516545 -0.264684424211588
-0.19496761252072 0.176573724840282 0.421938189946312 -0.118029035156679
-0.390218871188629 0.159189730628597 0.547750352904347 -0.0224333163510919
-0.1640064051427 0.0611511606703282 0.46347027155212 0.213213351462658
-0.0861651008597868 0.0130483688258274 0.270477207067248 0.0023030366768974
-0.10631774939666 -0.0351451940653678 -0.0342293146418012 -0.0321314520810593
-0.198927686242041 0.0220917597770394 -0.250883146872786 0.0990629437908222
-0.178441413554159 0.160288468389422 -0.251707446291229 0.428794265623006
-0.0764330854797792 0.226108881180403 -0.0626698091895697 0.601921636901832
-0.0203166124141391 0.253165501301688 0.0989346521199748 0.622130112360374
-0.0214328732970543 0.233320525475603 0.161019508008327 0.522772870365596
-0.0495076696305668 0.207182444672047 0.0807249015477043 0.428563003110622
-0.106107068570584 0.144190620199023 -0.0558953548641735 0.264771464400674
-0.128725051581257 0.0396781723913019 -0.155694935381068 0.0183350692391654
-0.0418588092484994 -0.0442509216263095 0.0344976928765739 -0.255190998625877
0.0571898430912667 0.066376407857389 0.300344887957842 -0.249910958058111
-0.0516070540159039 0.164701767225211 0.439511316784225 -0.0735795364919387
-0.201055690962128 0.155248830003843 0.594679111470541 -0.0236108125925554
-0.0522498267657546 -0.0789278405009131 -0.574148409789582 0.0263978076290948
-0.0977964253839676 -0.0790064097278917 -0.450291288274442 0.0190825165321345
-0.126080016093749 0.0404794085478147 -0.370069475833874 0.166749096097711
-0.037828980336042 0.123875497800336 -0.0945908460141051 0.337426340859584
0.0524038288796896 0.0938007991041379 0.192141432911856 0.0883681609985844
0.0636979410393252 0.0440626361786059 0.16504862170649 -0.246955362260016
0.0798588330205023 -0.00077229793707787 -0.00705989342055697 -0.473742978604187
0.063988425465517 -0.0127281334364891 -0.127537892935621 -0.570369928442676
0.0661545489624904 -0.0108907754131268 -0.130190902237979 -0.643849580746796
0.0566689670635222 0.0233844303940656 0.000873750831664656 -0.645109177202424
0.0428304982457374 0.0515688784717307 0.18254586145968 -0.505682488076227
0.00832540005770568 0.122909786578029 0.216193968348766 -0.19816006359998
-0.113080196747381 0.0831747616957567 0.0216866105358902 0.00706342313920212
-0.147112020805908 -0.0693986127558671 -0.189207002695642 -0.0278627140472579
-0.0804677894598843 -0.110193536287555 -0.436393585154376 -0.23296788293826
-0.255661885376613 -0.043762741961435 -0.539202006211329 0.0138405979573347
-0.243544387608621 -0.00202987089558186 -0.403226420784976 -0.0399045455541858
-0.206237885994546 0.136367031042838 -0.393787151282796 0.0950916363244679
-0.108047420883184 0.198143515048511 -0.163025826568806 0.318755405619974
-0.0230349561951105 0.205836292361081 0.158604940750144 0.136833134444278
0.0270857753301831 0.204272341505431 0.192094982370247 -0.18625058093523
0.0928044846453385 0.19522529761393 0.033398147320743 -0.432561755561326
0.0866451991501638 0.211237521729658 -0.094277786986484 -0.52380506931963
0.0970652488017256 0.221311776488639 -0.128536056151861 -0.588390929230708
0.0328948875358211 0.285918140927754 -0.031564509478304 -0.608537481296936
-0.0840735324314623 0.282832404226146 0.1260581825422 -0.515660762850366
-0.202430683337398 0.276036853513138 0.199742845696819 -0.225595440005912
-0.330045146794255 0.132346489785316 0.0342011702333334 -0.00574815210846351
-0.375481404751491 -0.0825466146426363 -0.143250972182066 -0.013132563826028
-0.323630128510912 -0.127080806946611 -0.336468361366762 -0.185601334389317
-0.443561184258913 -0.0223921073428992 -0.434797642467809 0.00537867644729795
-0.406388653978732 0.0636392227590476 -0.343084756419046 -0.11008956560271
-0.303290968769507 0.228881567725497 -0.414538373589689 0.0402137575220846
-0.187063512521316 0.27310031415772 -0.216957211708818 0.300196350786753
-0.109345449208695 0.310053948869522 0.118102170442277 0.177480305597647
-0.0261049006773182 0.353266077110914 0.192500619774305 -0.100514199323336
0.0871052855207952 0.373241897362543 0.0652016572125949 -0.323358263121392
0.0980276943391367 0.403335657005091 -0.0408347657422884 -0.397514018092089
0.125404974931934 0.411822548802182 -0.0967072479309921 -0.447837144827963
0.0365593295835524 0.501901392740802 -0.0504098080393068 -0.486480585319753
-0.150161377828743 0.487618872044009 0.0539104315771342 -0.45060116948118
-0.338691779809288 0.430348062927368 0.161726423532736 -0.23892142429955
-0.475985412769513 0.215340896304357 0.0646280691704878 -0.0428473410264276
-0.537941928947831 -0.0391286481721512 -0.0339340755836852 -0.00928981438739417
-0.514448723724903 -0.0961927833299576 -0.16474779479636 -0.122923645197166
-0.569449620656285 -0.0136298322069809 -0.262416115846143 0.00755185073889843
-0.526258673801484 0.0933030072211934 -0.256198311144937 -0.169908708010235
-0.396641240643672 0.266188660411424 -0.419285572779589 0.00584408603534292
-0.291718524458819 0.318117534860972 -0.254190519365104 0.283950436777714
-0.211316830563367 0.399354306162146 0.0658059360701128 0.218678988375046
-0.0833487711916038 0.477789626128585 0.162769156206858 0.0145952305856402
0.0679924419238693 0.507657530783415 0.0812232012613905 -0.153787420403928
0.098548789830795 0.532745522117397 0.0193441645789707 -0.211290857214595
0.135126098191913 0.526970663351079 -0.0403958342749135 -0.252577453274567
0.0438772418781745 0.617100087120329 -0.0398360626333151 -0.303192719390218
-0.174003568926858 0.596300558574106 -0.0031137186945456 -0.322379113834048
-0.382564870405567 0.508751303476447 0.111940981623283 -0.227082380327544
-0.501747780088841 0.277775389586891 0.0977791145613274 -0.101532630586413
-0.582122575270203 0.0395503382487054 0.108199349667623 -0.0369787845673782
-0.614624876724948 -0.0234081753995725 0.0478146233012326 -0.0714485433404421
-0.60114216416023 -0.0128058411550383 -0.051538612249465 0.0366958979622196
-0.550735371754206 0.0732487797420344 -0.134419425122083 -0.185567179104787
-0.445570810217141 0.218332989826256 -0.369759955063639 -0.00908625114214678
-0.395397430065851 0.298990329417891 -0.269139975191016 0.252341725253005
-0.308399905074354 0.446565026666555 -0.0124503677223798 0.265129889271422
-0.134125384932354 0.54881940700788 0.104113187630278 0.162406712000566
0.0475073593185103 0.576018136166023 0.0872672142746044 0.0622158503227653
0.0850960281229149 0.57934074417961 0.0775570085781749 0.00549908828155765
0.116405825893164 0.554719932600478 0.0244729033464321 -0.0387754744922867
0.0229388156753747 0.616591092146219 -0.0117878976876542 -0.101355057567798
-0.188463168267915 0.571598326207797 -0.0424561629464077 -0.16971925167675
-0.357589742902875 0.452286162333492 0.060715373127046 -0.206443727427914
-0.410652652321396 0.269709041464174 0.128778422450601 -0.169299147541128
-0.50708241135284 0.110176357476159 0.247138245092311 -0.0842131154304424
-0.614041458520617 0.057813492594391 0.257778475436069 -0.0408365181484275
-0.531408160243056 -0.00590278625717859 0.160719744149667 0.0937228356468762
-0.468282130976626 0.02774923479554 0.014304328871473 -0.139500721736792
-0.414639622355085 0.112385837684342 -0.258943851347714 -0.013582099997972
-0.440432691572169 0.224717555486916 -0.26476072811934 0.194843953154712
-0.351661496289845 0.422434585196868 -0.110806484149742 0.316941605156927
-0.14885708674833 0.534450489656857 0.0296002780981121 0.3303960563982
0.0267076015141858 0.555829947994554 0.0889532478845055 0.290722581037159
0.058126639770344 0.537770814497826 0.125456317256737 0.218587570171092
0.0672787311450105 0.499705394353106 0.0754196752391181 0.161314397744446
-0.0280784044304194 0.510724925231973 0.00391392443089137 0.0778601460417881
-0.200343037954326 0.425995656704028 -0.0787821091936897 -0.0436581863174971
-0.2824124077347 0.284887751950268 0.0196153359974044 -0.201509262778398
-0.246263442994269 0.19971485478048 0.167773979776109 -0.231743486490543
-0.355621243328608 0.155691679046925 0.35434464097702 -0.122054731250403
-0.527877686836098 0.127363257031485 0.431125424722791 -0.0298775183242997
-0.373602417148016 0.0210438896654286 0.340733768555569 0.159909246373798
-0.30140134900019 0.00105053616719636 0.160910140385058 -0.0601726117521711
-0.294150365933081 0.0169401268890307 -0.127946695838299 -0.0209440114141696
-0.370214582192579 0.125413590024947 -0.255038158435106 0.133588460172474
-0.302472811374705 0.322755024761982 -0.201451259661427 0.371493475339702
-0.123693213326538 0.420066627601188 -0.0341433594014602 0.488763369876305
0.00855600673894779 0.442315550544227 0.0944334388327239 0.488668724577135
0.0234652076947851 0.415905578472202 0.155520956810582 0.396112014730263
0.0067697193444365 0.375604834159735 0.095004260133299 0.320159389424987
-0.0808762572037959 0.335864525660198 -0.0123920044114552 0.203197791084251
-0.183017030832952 0.225861788772987 -0.122112593142811 0.0195542540816271
-0.166492537440377 0.0927960287997441 0.00414070329211428 -0.225063540309503
-0.0696747545766035 0.122267041158041 0.224277017114168 -0.266320555574786
-0.190342111814116 0.175948839710121 0.417283393022959 -0.120025679173969
-0.382803711900011 0.161353742768931 0.54320383831088 -0.0298565739532629
-0.160246172670534 0.0629943174481038 0.457093951789744 0.207215596875189
-0.084814931975888 0.0141957004865466 0.266583090674815 -0.00152146211883628
-0.105905104966283 -0.0366971072115201 -0.0349641985877449 -0.0341782408415954
-0.196989928638779 0.0213529212793569 -0.250571598453345 0.0989914602953064
-0.175625092460373 0.161276204637652 -0.247638156965339 0.426224557911067
-0.0740162223641116 0.223464650182804 -0.0578766616100633 0.598553659891104
-0.0158760067467333 0.249883870643339 0.106807056633213 0.611694454978643
-0.0178107399527294 0.231920805286294 0.165608853503693 0.512199959315754
-0.0472248723297856 0.205941548764249 0.0832665799542775 0.421418966800044
-0.103765079558858 0.142593229913941 -0.0543152523012226 0.25989491458904
-0.126781236707348 0.0391736458561429 -0.154327860869441 0.0179213526120783
-0.0401193318666737 -0.0449636724981318 0.0279832127693546 -0.257242561906289
0.0610403442443594 0.0644448107991052 0.291620543156219 -0.252360215524993
-0.048411977594754 0.164164989623307 0.434092589029337 -0.07727468847236
-0.195804092078102 0.155717146625973 0.591239259151493 -0.0314563788103444
-0.0547624189346786 -0.0796588407098348 -0.583494048808672 0.0360059503565543
-0.101811652075288 -0.0787888683937047 -0.4575993247781 0.0261559491141707
-0.126718479330886 0.0439348443001515 -0.374419283292562 0.174901393943542
-0.0371318986107642 0.127329941880868 -0.0876210989044614 0.347216448008136
0.0549887559417579 0.0941331687895675 0.199085908026821 0.092237733431134
0.0660810231837052 0.0448490486370846 0.166809588976037 -0.250689131405181
0.0807253840473738 -0.00232201345929594 -0.0129714901263378 -0.477034233530102
0.0639580918359674 -0.0155668333691509 -0.136775086457004 -0.575745601712244
0.0673263911633031 -0.0137614009601211 -0.142467369444662 -0.652120660191873
0.058574679960829 0.0230248918429467 -0.0088471246653513 -0.656510521575566
0.0433457686265233 0.0531509096953231 0.179212980682627 -0.518268004288138
0.0107785102439072 0.125065954098641 0.220671102498866 -0.204983965332969
-0.115788223067469 0.085643422794336 0.0285098502546377 0.00877221043400745
-0.151506690938458 -0.068769646647584 -0.18941255560641 -0.0272665836825221
-0.0832040535348083 -0.112274968177024 -0.445825046796013 -0.230106268819667
-0.260048734281132 -0.0417421492001521 -0.550653066996393 0.0232576885700419
-0.249387061665872 0.000864253116478269 -0.409694197539174 -0.0367383322631401
-0.204610168172258 0.141503102936871 -0.399313373051352 0.100879179733388
-0.106433193414436 0.203420168301354 -0.158685282346896 0.32962276036118
-0.0202463978905475 0.209330777152129 0.165864052204637 0.141760013472887
0.0315673882356723 0.207682860271812 0.195285134140236 -0.190048168465708
0.0966514593139557 0.197123472437175 0.0267289156070892 -0.43807449247163
0.0912940566027508 0.212660517287166 -0.102184908597018 -0.531159522737622
0.100764247104261 0.22295801055607 -0.137901733597149 -0.596046294960594
0.0378016770425903 0.290572534109587 -0.0433731537093324 -0.619621292382757
-0.0826908248044464 0.290077409196073 0.121341938909978 -0.526783523053191
-0.202636267274841 0.283607004295219 0.203690703536467 -0.234736262258892
-0.336017982489934 0.137324381016453 0.0421867750122131 -0.00430193957046498
-0.383923011195216 -0.0807154512706024 -0.142032766532732 -0.0128372443404583
-0.329764547665123 -0.127264751893355 -0.344214178503411 -0.185399814570823
-0.451433623710358 -0.0171909824686566 -0.443207731367859 0.0114840500357901
-0.413202990857849 0.070084544506541 -0.349832418974013 -0.110127009511551
-0.300883835015555 0.235433413143295 -0.420884599591434 0.0452919178067718
-0.18572263347458 0.279532815751246 -0.214134445596155 0.310774866074777
-0.106844906470401 0.31525197564879 0.123868131091562 0.18349309679398
-0.0197464649757507 0.359229621407416 0.19663858231039 -0.103725755809059
0.0936866352943691 0.377281170596903 0.0613967530223976 -0.327775636345818
0.107099862780966 0.408803595544898 -0.0468444313276102 -0.405191732304433
0.132076960899843 0.417547878110764 -0.10288339379978 -0.453216239254362
0.0458554780705804 0.507782110985539 -0.0607232642991049 -0.494989232143429
-0.148444323807104 0.49995525126449 0.0481758818333198 -0.459186637809009
-0.338831101867237 0.443306073710282 0.163669915537062 -0.248900766846749
-0.482393701481832 0.223058172893509 0.072058786563094 -0.0434526999625685
-0.549628096489256 -0.0353713185573995 -0.0316825004392261 -0.00943309387199912
-0.522912350135271 -0.0931073323993094 -0.16879586300006 -0.124410029107083
-0.5784781779107 -0.00757415628958481 -0.268803244229502 0.0124163393526092
-0.536481610401664 0.0990748356694102 -0.263302344443295 -0.173654140447301
-0.394808808092319 0.273087342269863 -0.426602213048389 0.00856754706137508
-0.290535379873926 0.325970836620909 -0.253095724909601 0.296152580343355
-0.210595057453815 0.407591805235428 0.0691703735970369 0.225191750471584
-0.0778607029636313 0.485703840323143 0.167690241854708 0.0135146936370982
0.0766950441127463 0.514875927661389 0.0817438799687389 -0.155044883266426
0.109591307656556 0.540536404790463 0.0168777218555016 -0.216904024207699
0.143578915297185 0.535701678447887 -0.0447592146689901 -0.256030498553111
0.0532503467048922 0.627064496393645 -0.0464638992175224 -0.309509785698899
-0.16936923152817 0.608071080150687 -0.00958894544424096 -0.326999709652736
-0.382157261037753 0.522541652915694 0.111199152814848 -0.238336009660242
-0.508689318168684 0.287145613389698 0.103936219986026 -0.104014022777284
-0.593517973504684 0.0455874364316647 0.112816730880842 -0.0391638518847446
-0.622178398942974 -0.0200599349856649 0.047712462735368 -0.074737184802998
-0.610059850408437 -0.00719837844806339 -0.0543266011302208 0.0394698635408679
-0.563516447566325 0.0789789898841158 -0.139712404724951 -0.191019952306022
-0.445539312007093 0.224645729869522 -0.377569710655941 -0.00843752643347486
-0.399789872275982 0.308342641774947 -0.270188991182826 0.263262711997378
-0.310701690697303 0.456023394076688 -0.0104615440543842 0.272494789054762
-0.127067003956909 0.558766355289579 0.109237529812538 0.164715829393075
0.0579841499447611 0.584378696292662 0.0913958682271857 0.0640705809808858
0.0976608153623367 0.589545554515088 0.0789766545701294 0.00178316858290454
0.124084714314224 0.564437758413722 0.0241872600108463 -0.0402288215141271
0.0309734717619494 0.626363735996 -0.0156047569749473 -0.104303507505177
-0.185875351021295 0.583444764040038 -0.0469151201903684 -0.171351462747769
-0.356252578831052 0.464043655020083 0.0577939932201572 -0.216715044060332
-0.413739766978777 0.277536494705386 0.132734028860081 -0.174935995382128
-0.515167797672389 0.118005051862848 0.252771139184028 -0.0896793308476815
-0.62092738254635 0.0650306420459413 0.262570322670953 -0.0468541772986036
-0.537802344453083 0.00084138238112863 0.161784330333297 0.0943959496335294
-0.478061466041093 0.0330142382246626 0.0127882431502243 -0.145780856768254
-0.416558269205997 0.116547989595231 -0.263986618522481 -0.0140953295063079
-0.446117365473844 0.231936726161346 -0.267203712570603 0.20306044203315
-0.353261818179077 0.432623946235005 -0.112138214889728 0.324404878696631
-0.144571925155381 0.544713021515016 0.0349038970880124 0.33614179906897
0.0366324442661082 0.563276895673701 0.0979008699378982 0.295497378653427
0.069568455811787 0.547501020971862 0.129953995687304 0.2171399708259
0.0738055739386915 0.50790640883319 0.078238947669505 0.162354433704889
-0.0214198490570544 0.519185779078274 0.00355858607577177 0.0774863688355829
-0.199349373164334 0.436233581949179 -0.0824295015574786 -0.0429124790279379
-0.281578087222553 0.291746402001226 0.0147732631382452 -0.210553776939581
-0.244697010021981 0.203618700266768 0.168837620260104 -0.239131766107037
-0.360632737697618 0.162435730561594 0.361005288204231 -0.128120142142513
-0.533038326562837 0.135308445524165 0.439371004454805 -0.0387687645028932
-0.377864958654687 0.0269637089374964 0.345043495483396 0.160048538858866
-0.307027236100039 0.00419295931450486 0.162485558603768 -0.0662379426680999
-0.298046221709908 0.0173785622137176 -0.132010090778533 -0.0236569409147037
-0.376168030236725 0.129300940677809 -0.260381433614857 0.138767222881527
-0.304469613105535 0.332578740738326 -0.203976239538717 0.380257031536155
-0.11988952916204 0.427666066959274 -0.0288538771560589 0.498477598404742
0.0135507627175924 0.448777341179948 0.10672264856983 0.495048472198596
0.0313841410250844 0.423424796807085 0.162782866636272 0.397112811463827
0.0111019548112754 0.38238166349126 0.0998086679186672 0.32273566574188
-0.0784298527229165 0.342008444870831 -0.0106494627101243 0.204794882253118
-0.184174703476481 0.230662582014787 -0.125703644267723 0.0209961757238793
-0.166866363799117 0.0945653325102195 -0.00296685288943449 -0.233649536877452
-0.0661141459766911 0.122903514010006 0.223322636075731 -0.275240482340194
-0.19105233703571 0.181726910007847 0.423661206023021 -0.126826378112672
-0.385115239382769 0.168273346385662 0.554493641134037 -0.0400274740451423
-0.161237790775321 0.0670387573981915 0.464395778036091 0.203279048372492
-0.0857470018212352 0.0158942713292886 0.26984980178939 -0.00610091881215365
-0.109143156928743 -0.0377183143550728 -0.0384206305503677 -0.0374459680272872
-0.201355650352439 0.0226357456885886 -0.257008286166833 0.102788702928188
-0.177159482918979 0.166643853016106 -0.248194696341111 0.435585785289464
-0.0723987900937139 0.227157546292994 -0.0490246856421402 0.610783466931695
-0.0120071834026451 0.253071053896922 0.120147247057332 0.619833900202544
-0.0133637748927218 0.23625512321672 0.175625675573793 0.515024617442076
-0.0448672581000441 0.210563356338903 0.0887969732863604 0.423149151090501
-0.10442641305968 0.145717939197662 -0.0529288260742061 0.263484447445544
-0.128449453772292 0.0402345884638063 -0.157829616005014 0.0188427383037575
-0.0404538575559528 -0.0468036320340822 0.0208464863510776 -0.26603741352265
0.0665462941024481 0.0634541177273817 0.290256369891954 -0.263594900549995
-0.0472106132611287 0.168164026995598 0.439516721342461 -0.0836788579961391
-0.195579838788112 0.16097947096327 0.601923071713222 -0.0415702119935997
-0.0595649432126496 -0.0797722324169822 -0.602296875975703 0.0576100100191949
-0.109503016757106 -0.0777422746617925 -0.473320563831321 0.0446004271928424
-0.128723867968076 0.0515120165027904 -0.381191537163832 0.197114460135019
-0.0335289602957445 0.134624845849779 -0.0743536999533984 0.36460461449487
0.0607849164931943 0.0952418014004778 0.21413756752641 0.0913049830725799
0.0706317621554563 0.0445384800282733 0.166060405646074 -0.26345759335554
0.0823538360837905 -0.00574218117613514 -0.0318123360294635 -0.490235433120845
0.0641055032848634 -0.0198205484547455 -0.162206603818093 -0.589229666267999
0.0688872165364001 -0.0187043227099452 -0.172074557593088 -0.668690825290043
0.0626740851880865 0.0217402987399326 -0.0334761697911384 -0.68126027135597
0.0460662527624692 0.05522574784479 0.167305824845762 -0.544375387391511
0.0157582755191168 0.129298785977013 0.22424025753257 -0.219837463586746
-0.117977946464104 0.0919709326847458 0.0369616231875837 0.00868863321779961
-0.160465695363334 -0.0663032500354066 -0.194187321895998 -0.0231938949577321
-0.0907430305224421 -0.114736510139444 -0.47054893150342 -0.220399858759571
-0.269650117472741 -0.0328376171962794 -0.568904123093593 0.0446310818277798
-0.259142943083865 0.00995149226493669 -0.426241318727445 -0.0240958863806404
-0.203320286000839 0.154249398686685 -0.409783296595627 0.118581302960488
-0.101780465129526 0.215820050907313 -0.148601197676572 0.348672835132356
-0.0134199396502368 0.216116191761338 0.179779097370023 0.145406354599503
0.0414569869186458 0.213845589338888 0.19720590453372 -0.202867316981857
0.10715065351396 0.199553421582243 0.0118258343645632 -0.451105258786181
0.102288007779756 0.215995872969333 -0.124859846455317 -0.544695887202443
0.11220263820306 0.22621316861939 -0.164343845199039 -0.608921410328227
0.05113875232744 0.299044310047918 -0.0673297085200494 -0.641873064086872
-0.0764156730383802 0.305156545689931 0.105771930748903 -0.549454796159581
-0.199557693859485 0.30155002625088 0.20547735910524 -0.252605424051768
-0.344976247639197 0.153320116174257 0.0513432683832523 -0.00564765492586026
-0.402417345821077 -0.07079120796363 -0.14439937335418 -0.00888684127968162
-0.345754577144445 -0.122099228827202 -0.363724150902752 -0.178459510757592
-0.464957140071168 -0.00109404835212135 -0.460154583647926 0.0285087773657842
-0.426658676861912 0.0864800039689671 -0.367737064407052 -0.103508329350634
-0.296980380032805 0.253485983636211 -0.434980108789188 0.0605558585676714
-0.18070939227867 0.29690542239241 -0.206771078499278 0.332359805208651
-0.0999186779523078 0.329437819878683 0.137438731289709 0.189344457617294
-0.0055595340028049 0.371917788352461 0.201730858365328 -0.113739062081461
0.110650001583445 0.387588304063754 0.0520041466044204 -0.338932129003525
0.12746857160125 0.419067141822172 -0.0641872590839801 -0.417830082441094
0.150440775918936 0.425748424229419 -0.124177391192715 -0.462795252600185
0.0669324529937385 0.52331816001945 -0.0829637015604829 -0.511692276364002
-0.135834752689117 0.523873766505342 0.0320626490766308 -0.477690557119327
-0.33424063294493 0.472138551441145 0.162282737437236 -0.268848135971526
-0.492821535011341 0.247284673765467 0.0808150556215506 -0.0480662160167702
-0.570952853174383 -0.0180380885533235 -0.0299997337902387 -0.00960354466265452
-0.54204568673605 -0.0785713135089638 -0.178954342175492 -0.123051105295724
-0.597016424261996 0.0125004570794696 -0.279158321887022 0.0235563448282437
-0.554068459255757 0.121322448119439 -0.279691827141599 -0.172717649463122
-0.392809807810817 0.293952293751223 -0.442319488537727 0.0225225358721224
-0.28920695045301 0.348117338175257 -0.248637561192062 0.318315834107266
-0.203800068145071 0.428310090971983 0.0810108220747842 0.233615421461666
-0.062452022871196 0.504579656622004 0.176016215380267 0.00838515941935093
0.100040608976521 0.528447138712555 0.080592941364163 -0.16125231500061
0.135594430024715 0.554335585713855 0.00876281538988163 -0.226361581994843
0.167776352851097 0.550541101899425 -0.0557886497846698 -0.262833057590763
0.0800881767709747 0.645179274224768 -0.0625889522402069 -0.320007124168186
-0.15618881906432 0.639434646278252 -0.0228455149373864 -0.338451578724276
-0.375266267544748 0.556439670772794 0.106274745616008 -0.256998451760595
-0.516900198021484 0.313540045041491 0.110118422184987 -0.112784173723512
-0.614710509591066 0.0677489795038836 0.118367300692967 -0.0452158782657499
-0.642434347876116 -0.000913366490556528 0.0469310720818592 -0.0806273477927584
-0.629903594506453 0.0152201747288038 -0.0564724971859779 0.044694095678181
-0.582251160744843 0.100985124972117 -0.152616650597259 -0.195942029131039
-0.447830037508325 0.245269034750351 -0.392495232222694 0.00124589993941729
-0.402915491872724 0.332844026676576 -0.268694106595301 0.284255733190199
-0.307154423718354 0.482168843612086 -0.00177985413964607 0.284334961478805
-0.111372886946439 0.582248141981294 0.119915679999623 0.166649670614746
0.0820381941721428 0.601295269866113 0.10003491037051 0.0639453680259412
0.125648024890509 0.605418137527852 0.080974413161348 -0.00297136502260234
0.148162326112277 0.58160444157323 0.0236315003597762 -0.0421445381599594
0.0559781850113654 0.645639484593739 -0.0223991182168611 -0.108969963374764
-0.172591286567978 0.6119769704638 -0.056294748687724 -0.175177769174231
-0.351603616408177 0.493888278183907 0.0501155679251564 -0.232747689092268
-0.41656982962068 0.299188090374746 0.134704554672496 -0.187069873405698
-0.52888709095313 0.139422126982161 0.260790244316319 -0.101952246558997
-0.638187183142519 0.09058059878966 0.27148736600958 -0.0604065631473227
-0.555898178069911 0.0212783781769006 0.168511868887448 0.0940945034767881
-0.496965268116404 0.0501734908090703 0.00668938563064433 -0.154269598892714
-0.423861194661634 0.131339249614788 -0.276684515066233 -0.00934223601149986
-0.454747973896571 0.253934534924069 -0.269586571792554 0.221671423793448
-0.35407131743047 0.461525702353317 -0.106269808240516 0.340215971068756
-0.13011238263861 0.567135744868132 0.048758181497419 0.348010017839103
0.059924090999642 0.579459929135779 0.115530572310381 0.302566592226385
0.0954677803036009 0.563162110842907 0.142169098080308 0.217100175498124
0.0938820529038013 0.524954329449419 0.0867136431218774 0.164739036557
-0.00510324518674381 0.535084929509711 0.00445812660291923 0.0794150985389979
-0.191077580639226 0.459495101083291 -0.0885284110917 -0.0407234528836656
-0.279680262917285 0.311370434117359 0.00325704480291192 -0.224085048782363
-0.243937358981667 0.216369955137231 0.166605664338721 -0.255687873296444
-0.367864142749683 0.181432396381351 0.370200246702561 -0.146482856514249
-0.544411510873953 0.159277617024609 0.454609495275874 -0.0594241342373821
-0.388303573398872 0.0420128218757055 0.359782247935399 0.154479040762178
-0.319107570857816 0.0151521620935428 0.164099025567319 -0.076707895514633
-0.306829479477117 0.0254678858064292 -0.139804883723311 -0.0233516331175848
-0.387432887000968 0.145620202530319 -0.266028769555816 0.153543842131684
-0.305804654301696 0.355296960833228 -0.200653750095446 0.400891200088571
-0.109948197342025 0.445444076986553 -0.0104148947562476 0.518052592333111
0.0337888175431892 0.461078792553937 0.13340681147336 0.507485581955841
0.050566209170095 0.436536696256918 0.182203900144329 0.402659177856862
0.0244251480152058 0.396091877844203 0.114727463114644 0.328653025820159
-0.0698411712226152 0.35538372077978 -0.00566687065811247 0.210922531870501
-0.182547266270383 0.245092272955319 -0.130764029668377 0.0256336996988401
-0.168288967011452 0.101720319196329 -0.016414380238972 -0.246106111595998
-0.0603790623629964 0.127204692392644 0.21968526335554 -0.295740623716135
-0.190694151397539 0.195718810881794 0.434114251817338 -0.146571631253329
-0.389659914921875 0.188193821351678 0.573966376890194 -0.0645606905399747
-0.16283298872477 0.0767101671549934 0.48452173670634 0.194226214705763
-0.0888856340055243 0.0197713434169244 0.278188666541008 -0.017371951170246
-0.115461391483973 -0.0365393343956757 -0.0435200295799637 -0.0403058345593781
-0.209675300614844 0.0287874345576566 -0.266704246076661 0.115208821257063
-0.178245073495215 0.180315442999987 -0.243123363569912 0.459681899422631
-0.0676761214827177 0.236697286074517 -0.0272430991895548 0.636202098816223
-0.00143583901943486 0.260770050026591 0.151721346107241 0.634592325647515
-0.00356588283846196 0.244788921558691 0.199831060191275 0.524086415151309
-0.0385293138821274 0.219985063403696 0.106274633724621 0.431479024323208
-0.103329742253261 0.153916685755934 -0.0465012925033663 0.272318162297737
-0.131630396703267 0.0459400649267141 -0.164362209051696 0.0236678098876844
-0.0430517354433239 -0.0492534385119696 0.00742404123536308 -0.280504698084009
0.0748253991434131 0.062107226703462 0.287367099445987 -0.286291604807717
-0.0422453363984341 0.177001183526206 0.451859367488426 -0.100721715821756
-0.194748753816366 0.173823003459368 0.623674041695456 -0.067856841188484
-0.0666834111247091 -0.0770457764910896 -0.617221546141192 0.101833878618691
-0.119068358549182 -0.0730847217951259 -0.485014745136484 0.0765378514551634
-0.127700472415395 0.0619761974209391 -0.379041220808626 0.229331064757995
-0.0245937499824237 0.142762056096787 -0.0479665916647463 0.381750698993007
0.0697499333580681 0.0937718782628636 0.231712228330201 0.0821429430091831
0.0769871039111224 0.0416478087429169 0.155530813117437 -0.281499256720927
0.0840799861620411 -0.0109531420158242 -0.0663634473304995 -0.498747912320412
0.0627275216156162 -0.0255401163799512 -0.20729117107395 -0.594078881754013
0.068562791601973 -0.0259094092966776 -0.221235889086452 -0.674656181197136
0.0670127713458395 0.0176932212222139 -0.0821003299243383 -0.701191954097416
0.0509978108262389 0.0555695086855702 0.135212158439965 -0.573400721259389
0.025573759819803 0.132630069193914 0.219333282344658 -0.243260514305735
-0.117284006597465 0.102588631633568 0.0453516125626458 0.00657462424323651
-0.171301521109088 -0.0583789421835681 -0.198034865322302 -0.0122087979074621
-0.101623678467676 -0.112808842806807 -0.49497830368263 -0.192760522347158
-0.279232116722724 -0.0149162981020863 -0.583080014614699 0.0845956825650854
-0.267322698530039 0.0276993682125362 -0.441800738190239 0.00219321626554037
-0.195420248665074 0.170747376177425 -0.413085693689684 0.148982667809871
-0.0888908249797079 0.230677796453553 -0.1250172123248 0.370326692451407
0.00151446270643362 0.223652838613371 0.199570074161079 0.140085704675532
0.0581578925920874 0.217456685647776 0.191769060667398 -0.220905248337698
0.123990121629897 0.198159403346382 -0.0180051157829032 -0.462414217499883
0.119976427260977 0.215118493013423 -0.165296268492128 -0.552629753889982
0.129534943264143 0.223889632499121 -0.210822318512616 -0.615898673040294
0.073775165515458 0.304076359432516 -0.116095797975549 -0.658794514067536
-0.0581855494735755 0.321770304420435 0.072376333695234 -0.576040156716685
-0.184683026628263 0.324513624934266 0.196556357184014 -0.277314132668879
-0.346720430571437 0.181053401696901 0.0605933542652037 -0.00977210782446328
-0.420019834349056 -0.0472215811271491 -0.146349322865085 -0.00152675072622363
-0.363869685201872 -0.104194653523042 -0.384597248308045 -0.157605781058269
-0.478540129534756 0.0308586760717718 -0.473093087620208 0.061808966652139
-0.435850732132158 0.117488595280478 -0.386526309800667 -0.0839804252538422
-0.284088512432627 0.277386631056405 -0.444016098628941 0.0904036896929877
-0.16393681796329 0.318587009530742 -0.18617159853249 0.358656583055218
-0.0804592319938019 0.346163361935021 0.157593327791357 0.188654575939839
0.0211294706202454 0.382503067057188 0.202411124485395 -0.130200251165641
0.142281388507092 0.391208836001183 0.0314452210424425 -0.350287703456165
0.161657923363093 0.423117124083685 -0.0945273086849964 -0.42593447855761
0.182452693225423 0.429071717615426 -0.159849313243443 -0.468005283400757
0.104893961608602 0.534039340032958 -0.123388036847189 -0.522845961567439
-0.105324967783077 0.551231191480416 -0.000727677517793942 -0.494643788556718
-0.312149864733617 0.510563443711711 0.149265597586696 -0.292600564332156
-0.491997716738172 0.287146412762687 0.0873075370520615 -0.0568281229116145
-0.591195024083172 0.020056132548476 -0.0280022323292737 -0.00983949156770714
-0.563243253635903 -0.047897523652993 -0.191633918376797 -0.115082802514137
-0.613036190017151 0.0556701378565717 -0.287206836254916 0.0452645146852997
-0.565045748333563 0.162440748959363 -0.301784009810821 -0.161888895225842
-0.379314677630691 0.326255377220231 -0.456126440583101 0.0505332574764445
-0.273516915173945 0.378500809223699 -0.232108266497792 0.347446399405483
-0.183206818106033 0.454742235020328 0.101106468925502 0.237978063116094
-0.027287776645043 0.523874996916607 0.183685375164443 -0.002992395209436
0.139624325215124 0.536780699292285 0.0741601273697686 -0.16964581713155
0.18110680842984 0.561549361081404 -0.00692003697150697 -0.2349082903653
0.209374041082219 0.555344063290483 -0.0746212809395116 -0.266152142153673
0.127068508746485 0.658995943350629 -0.0900107000148524 -0.327163295959295
-0.117330527371532 0.67068982001999 -0.0475928456453097 -0.346923177433855
-0.349116733852318 0.599304191700473 0.0908323026308579 -0.278307846426416
-0.512263720946252 0.356072610579581 0.11158306298893 -0.126010368866765
-0.629127587103024 0.108610768289926 0.121414492657319 -0.0552914418480077
-0.659504507523277 0.0416382727873308 0.0440737264649709 -0.0878621728852605
-0.646009103823282 0.0582121819451527 -0.0562599927417032 0.0522292017010865
-0.59562117995941 0.143344113095543 -0.172368037723994 -0.195322017381793
-0.441456878758248 0.278745187049974 -0.406649119269439 0.0252547486929866
-0.392805616956349 0.368035375330854 -0.2552359901731 0.314287467235892
-0.286190370363923 0.518638456768227 0.0169075802978587 0.295141557258447
-0.0725540539990484 0.604388471684411 0.136249273386725 0.16399617895961
0.126504468413515 0.611534586800128 0.110855175348789 0.0598269053836851
0.175131504311911 0.615193680375585 0.0819513574977288 -0.0104234009131737
0.190538377505794 0.589838148999218 0.0215108532704213 -0.0447638332428328
0.101373355292822 0.659828309402367 -0.0337998170519134 -0.111644408613577
-0.135862019778615 0.644137574894872 -0.0715859777129537 -0.176582276820541
-0.327871296824432 0.534207221595859 0.0328725724767386 -0.24901343132844
-0.409370607410553 0.334059883608037 0.129241374204362 -0.204569412867929
-0.536539513833059 0.177828188096685 0.264243939306724 -0.122961639121221
-0.650044461035628 0.134036261572338 0.276514860706001 -0.083318054234781
-0.567779215558729 0.0603684112640722 0.179002642935965 0.0884258772990588
-0.509847690539246 0.0852574408775278 -0.00567376477803323 -0.162329568380783
-0.425815219101384 0.160902015281628 -0.28790993941272 0.00616085652085679
-0.452181509366781 0.291123213447891 -0.262824709618783 0.248334510328506
-0.336065527978109 0.500031863910331 -0.0895069154943407 0.359057954275171
-0.0956949019613288 0.591839011533797 0.0742529552933412 0.356339883167684
0.102880722036832 0.590590209600873 0.144586252598911 0.302529464153174
0.140914485344639 0.572801686414979 0.159914778987672 0.211666472586029
0.132499852697927 0.534262447038596 0.0998478369242501 0.163124645928985
0.0317314388994917 0.551330979792508 0.00735392958371521 0.0804463672310377
-0.167495448829985 0.487428383911115 -0.0953544364316969 -0.0354711619614816
-0.267091813601182 0.340014237550411 -0.0162284176826865 -0.236104025960735
-0.234432299856624 0.236569759714667 0.154848010574899 -0.277037975386854
-0.365000772176187 0.211763765196299 0.373444307138398 -0.174918448081393
-0.547162776644277 0.200238564547622 0.465092611500102 -0.0952563126056458
-0.395590174902586 0.0700943385058587 0.379002681999564 0.137826198291008
-0.328665170647905 0.0379568002473168 0.162812995894564 -0.0928573785946686
-0.313288653965048 0.0438111293579881 -0.148287288775894 -0.0180947898372705
-0.392039918975314 0.174101187398144 -0.265555365302124 0.175707008250256
-0.293382161066464 0.388922724341548 -0.183662715300995 0.427058066076305
-0.0839330588560573 0.464937836317999 0.0256608061430909 0.53582629526265
0.0666258798211177 0.470247164269987 0.175464424348853 0.509888418956475
0.0846901077828856 0.446310721651226 0.213704831030455 0.399540625320086
0.0517800725057383 0.408287420576139 0.139132800337131 0.329480099966386
-0.0488732719051397 0.370316719919905 0.00671916371952147 0.216423101920321
-0.172203050398759 0.265306249533086 -0.134471407071428 0.0350307887459665
-0.165478573550364 0.114929291352602 -0.038335550647571 -0.256899536903965
-0.0497921144454695 0.131619370151972 0.203916444664143 -0.321022205821622
-0.182396470524681 0.214912153341918 0.438849671238884 -0.178500227353181
-0.386695545007698 0.219482396344525 0.587021622502367 -0.10942362576713
-0.160315427018626 0.0905666737437876 0.508227852117938 0.169913367704274
-0.0895255958680735 0.0271327637753385 0.283667520378183 -0.0384746420228701
-0.121888730284562 -0.0305505896076686 -0.0503258843571497 -0.0406474315578516
-0.216328748894496 0.0423612165949696 -0.27029852816369 0.136178208845223
-0.172366698431329 0.199585149391957 -0.221709436115817 0.490488994554557
-0.0542429266790878 0.247800345699877 0.0150448721546099 0.656873199409609
0.0165597780084559 0.266436085305467 0.202174422545392 0.641108582409463
0.0150623849205985 0.251926734618607 0.239820957928795 0.52462999363566
-0.0247276951643476 0.230439284620153 0.136770149200058 0.436242809483682
-0.0967338842178599 0.16516381268532 -0.0307373368708629 0.281789142763141
-0.132823857814404 0.0548588334341123 -0.169202691913898 0.0340009894494401
-0.0475276817153135 -0.0505363544888647 -0.016383189574848 -0.291713016820606
0.0853536557457387 0.0562642775136719 0.272296166037378 -0.316326594298282
-0.0304795071074897 0.186172081621703 0.458833461809075 -0.133797176237988
-0.187119502689974 0.192100158432537 0.637379110687503 -0.116646686379672
-0.0221170135080905 -0.0928434770689646 -0.618448368653708 -0.167945250888786
-0.0737972998042553 -0.114607608381832 -0.47775282492945 -0.129254824113176
-0.137340649006838 0.00397309268557527 -0.439730413603596 0.0526389977519438
-0.0772840621231081 0.118530992407155 -0.19748471869154 0.335950719455751
0.0241029048908064 0.111977105304822 0.187195953386944 0.173636900257181
0.0519801684358045 0.0697813935094306 0.265457247849256 -0.19154139504775
0.0803204166825127 0.0206064616760634 0.149548753701967 -0.482090884388277
0.0657313417670797 2.37896733864124E-05 0.0564733972929259 -0.623855666080977
0.0683082572913863 0.00107066913680248 0.0747937536231444 -0.704001239595519
0.0507928741396797 0.0398053736408291 0.209943937935432 -0.670253023078488
0.0229053783477533 0.0710192264716105 0.361865672820899 -0.466085628165519
-0.0293288190905675 0.126823383060975 0.303625872992321 -0.124457054377507
-0.152342255886596 0.0437701707318932 0.0416261153477885 0.0256588135529812
-0.137236772450798 -0.126661077603275 -0.170276534101201 -0.102924459059435
-0.0488168440914891 -0.145802640441975 -0.363733754154671 -0.399901568515104
-0.24527525452136 -0.125694015923317 -0.57793636119968 -0.161814046202253
-0.254249917292214 -0.083149117986632 -0.401218529081613 -0.180263042316061
-0.243794231423062 0.0780041501318864 -0.432602669333004 -0.0367742232816624
-0.170742454823503 0.172552330732268 -0.261988431594523 0.294416795031868
-0.0924716482806396 0.201676931937865 0.139067706888588 0.217337986970011
-0.037868908290195 0.222651866240417 0.278028110735283 -0.121730405750131
0.0302707208236544 0.23088643129034 0.182007924548373 -0.428435554835665
0.018529971910766 0.249212066321082 0.0777947286991237 -0.568659873621414
0.0213701237823242 0.255919599461066 0.0585473380588485 -0.64530577713892
-0.0582462510032548 0.306244214019304 0.157067754758836 -0.643782914889799
-0.188148675864515 0.272767435806771 0.293848584019547 -0.494835952675394
-0.300319674187975 0.215529388732489 0.288249374303258 -0.168513067992288
-0.395286308203295 0.0164563626766501 0.0596998897380498 0.0124419126919282
-0.369899093961261 -0.21998796030527 -0.125279744963909 -0.075237270739005
-0.290891183500462 -0.246907804721982 -0.274863259831552 -0.321971089058771
-0.448876168777477 -0.168157683198124 -0.464596848575349 -0.130678707029021
-0.449016188921659 -0.0697663863111379 -0.308403322717634 -0.238300519428532
-0.369908049894386 0.139427662236985 -0.431561235065921 -0.104470126179788
-0.274681934579018 0.222905725107509 -0.309699661170796 0.260409239473423
-0.219077040575317 0.278809851075726 0.0848142907498954 0.248487392737706
-0.140483433144706 0.358679290212683 0.253179324124442 -0.0339819405928718
-0.0320505034509441 0.41596482323103 0.181464364856218 -0.30466314132643
-0.0291879121344744 0.460984256880165 0.0919459580972958 -0.423844843608417
-0.0132940147111912 0.468170756549561 0.0442595113332927 -0.491543093859251
-0.121511871661251 0.531952121290094 0.0918486051183993 -0.523390854414959
-0.327273214022013 0.466253158441203 0.18715167415493 -0.448240730322056
-0.493186018954038 0.33170008516474 0.24428625718268 -0.203299640033329
-0.574494036046619 0.0520956001940496 0.101220699677778 -0.0228317061539479
-0.551705607316868 -0.230160703965294 -0.0125813671296016 -0.0355609279743453
-0.497154637517384 -0.278991598191546 -0.116340223573726 -0.199082462760397
-0.58407076237976 -0.205939779643855 -0.28505291011568 -0.0629922457973099
-0.589318580867452 -0.0829940880027144 -0.194033501624724 -0.274001310591059
-0.479322223669566 0.142601479153111 -0.423385787816339 -0.144867737780412
-0.398574419972792 0.230907821212969 -0.345664737469849 0.234564969018533
-0.358549720711168 0.335490804477549 0.0158009213240462 0.275540336239109
-0.242903035732797 0.468539628271223 0.185629571720594 0.0744084245943725
-0.0943840268144353 0.551799089426828 0.147379038394903 -0.122893482397656
-0.0685336964512113 0.59927330051149 0.0934845531326605 -0.214753005288768
-0.0402303234801559 0.596630829106309 0.0379327854883318 -0.27239779287561
-0.151495764373197 0.657768650674779 0.0396152198504061 -0.331604843007227
-0.387080793356634 0.573115183158984 0.0786904052297414 -0.33181457356052
-0.563362421904198 0.397070758801413 0.18059079087098 -0.215186388052253
-0.619481502176566 0.105206325608971 0.149821715182177 -0.076929243073895
-0.622042468033384 -0.163570422809009 0.14425715773452 -0.0129373741106096
-0.622021344376741 -0.237220364953642 0.088010705039895 -0.0689267287252711
-0.617519624617831 -0.218640271021603 -0.0741328763923175 0.0434043871076748
-0.612959642337275 -0.11402758053817 -0.0591198661466383 -0.250315611780473
-0.516234847502945 0.0720720805471415 -0.368881576480332 -0.145282176875548
-0.503607015070251 0.172832163485976 -0.355528215863426 0.197016876775273
-0.480190960448057 0.350901942861442 -0.0851356441870221 0.297368734184672
-0.319214831733362 0.523725210276793 0.0729815345336029 0.208173047617291
-0.137346956733406 0.616015966378309 0.0868670209614711 0.102671425186969
-0.0953761050556893 0.647189104728704 0.0829575552832517 0.0261361125206101
-0.0684481466620028 0.622255406510712 0.0352609826809619 -0.0315727252060297
-0.172267413917118 0.649204646994627 0.00348815523100761 -0.112838242327934
-0.393102699013653 0.54234933282246 -0.012904868811021 -0.185763116202597
-0.518966089283368 0.346085942701354 0.114930157283159 -0.214430757543747
-0.515103563646139 0.128394187600339 0.19961964347574 -0.140498485363209
-0.564116634225901 -0.0623165791969994 0.302514325898311 -0.0109356728461834
-0.648768709551178 -0.146596346700392 0.298491401982946 0.0391573379195059
-0.548700036547928 -0.187469330760836 0.128449481812208 0.17563698866651
-0.510508149011268 -0.13292244589316 0.0786297732857009 -0.150664073548066
-0.454938746527771 -0.0319906347853819 -0.255246058172596 -0.111550060771086
-0.5303561481925 0.0763311207642007 -0.337688678430016 0.133432999491339
-0.516437693652538 0.31518250055719 -0.211808697438336 0.312436834348589
-0.334788907917885 0.501070273214216 -0.0662446853011832 0.358755056241201
-0.149836355759523 0.58962399632312 0.0150665514387553 0.337588299238321
-0.108857842426223 0.593105602375207 0.0622662217051746 0.259567703746925
-0.0973895811410497 0.549977764920498 0.0224311812870177 0.188670038132569
-0.19493067619206 0.521912903214939 -0.0350037794970024 0.0775038455068794
-0.354634841993305 0.382893616052503 -0.0893784000502044 -0.0706985104605995
-0.383345783804237 0.19349968648942 0.0691505458039089 -0.226941669282069
-0.311239552380122 0.111684040804037 0.254753750549095 -0.19258146226781
-0.41732830465739 0.0384970046901101 0.421754347144686 -0.00663762355204672
-0.584133568499899 -0.0452484062207413 0.475073622971456 0.113658767792499
-0.393568749936514 -0.107627736792385 0.292228393284452 0.301447743630995
-0.322800947244038 -0.102549955971032 0.197873313993711 -0.0161569186256132
-0.305613341279285 -0.0925867223669535 -0.122558218389573 -0.0750250210935487
-0.426831228645505 -0.00471216140564385 -0.315484186856814 0.0618497742784102
-0.428488133431651 0.231455286116059 -0.331999573525434 0.331935238012341
-0.268435248862568 0.391553934530307 -0.19141649903428 0.502365004377272
-0.131814439615788 0.464994501260517 -0.0441868678353148 0.539214107398792
-0.106629468638198 0.452248517214656 0.034496460245071 0.452412985616616
-0.11668019450757 0.399308732941885 -0.0098911168500644 0.35577392923909
-0.195042602995411 0.322191902540545 -0.0888542540522007 0.198797114091751
-0.268531369690145 0.174952447974958 -0.148567984111642 -0.0260808608544869
-0.199189992012774 0.030386273999739 0.0642813066294031 -0.256732474285339
-0.0952859077339631 0.0941167857690664 0.320689018519523 -0.209997959132323
-0.249618199846969 0.119767677003211 0.481532650749824 0.0216822871639512
-0.443674650886108 0.0406692571903803 0.590758498868323 0.158370512325972
-0.187782758894197 0.00903617987295905 0.398190253092727 0.378072233884409
-0.0974483724554855 -0.0138525595893931 0.280755955985776 0.0824380038642109
-0.09928108900878 -0.0796842978245978 -0.0293139126635086 -0.0580723506348122
-0.213571703500955 -0.0520174702119726 -0.307963826047201 0.0172487071418133
-0.234788233424441 0.109850669315573 -0.404704491836472 0.36564377701908
-0.149049929679542 0.204464875935435 -0.259324258145599 0.610931014833921
-0.0918294035742857 0.255944255601808 -0.0794279433020329 0.668757612639894
-0.0898593178654713 0.24171142151215 0.00343237516767124 0.574243966376244
-0.113291297843295 0.203460984564515 -0.0559847904670546 0.451882603396996
-0.155901277269881 0.114471216678659 -0.145715127650581 0.240639277677619
-0.145783078089162 -0.0040674196051821 -0.172951132135043 -0.0436741033810203
-0.0230531688809542 -0.0712090804039661 0.105803469160844 -0.279511123363467
0.0617286135313349 0.0835890643653786 0.382729150674546 -0.172919444782666
-0.0988585939381725 0.157802618891738 0.477682647574325 0.0784911790353898
-0.249264244368369 0.0978533436493111 0.638071264330937 0.176715110019634
-0.028333854161605 -0.0889554624521608 -0.620685738693806 -0.117834747045952
-0.0823407937329066 -0.108215082768654 -0.478316018847702 -0.090472184891194
-0.134355280390791 0.0141117539385512 -0.428179863570239 0.0851103848259456
-0.0663766157049111 0.124112865325424 -0.165935823724418 0.3473296026191
0.0322506777068765 0.107873902636321 0.201014348846797 0.158838106185232
0.0572173044196825 0.0652345296871738 0.248214756263803 -0.207178182523903
0.0803723697273374 0.0141748576944616 0.108930197088983 -0.481880107128515
0.0635560510136534 -0.00585186651018627 0.00854526791158655 -0.616128964467329
0.0659754160433691 -0.00699402620263136 0.0184957923629991 -0.698337968582098
0.0541926778372369 0.0349565991508174 0.154871019687377 -0.677503904310302
0.0281525671701077 0.0694745883387279 0.32003857169792 -0.489565229918111
-0.0190039900543781 0.127953544049717 0.292586138158372 -0.145332415364693
-0.148246142068228 0.0543903376596198 0.0495366726021124 0.0234097333914672
-0.14652000163091 -0.115463878039866 -0.171473581811071 -0.0888859729313295
-0.0600141209592447 -0.140632084750647 -0.385723234350856 -0.362187481843529
-0.249471141359985 -0.102872686894101 -0.580806559918083 -0.114732525848606
-0.257621437240056 -0.0627858256846082 -0.408007590868617 -0.148250924402324
-0.230841343276528 0.0942121276124464 -0.428211322365464 -0.00457200152925386
-0.152944997408638 0.184942820566253 -0.232365425027146 0.311664893571535
-0.0754241035783121 0.205522788730833 0.156459976142553 0.205410943644747
-0.0187821974180486 0.221931220838853 0.265501714286676 -0.139543970490439
0.0484790813403331 0.223834670673485 0.146136947302625 -0.43214534786814
0.0378930099568316 0.242994955190579 0.0332974538498096 -0.564157297687723
0.0389523769853619 0.249307800496096 0.00934746557269131 -0.638765204192667
-0.0328629112896584 0.30570043456299 0.103439845832092 -0.647887707829378
-0.164240630549681 0.285129372092035 0.250831281631151 -0.51100832054056
-0.279526444416218 0.235744126565512 0.274252860252174 -0.189497740618124
-0.389712065970828 0.0463930854920891 0.0672154875940003 0.00778385326901255
-0.382622837042384 -0.190893824857247 -0.125208197577478 -0.0652528676661281
-0.304934739478661 -0.222531009851832 -0.29335842565757 -0.295522210850542
-0.451756369205296 -0.129572284797539 -0.467190500650394 -0.0930278451301569
-0.449718289126116 -0.0344330050896393 -0.321908134787428 -0.212746973860357
-0.348609394409191 0.162365338580785 -0.432060247466467 -0.0717860266124544
-0.251314314648575 0.241520498985383 -0.282621734192733 0.281150300921059
-0.194365978686748 0.291195796374454 0.104628918155194 0.240318455718308
-0.109952613726725 0.362338141803569 0.24796927185843 -0.0516621092797913
0.000709998543047737 0.410058867418827 0.156495315622074 -0.31199980038085
0.00904350296897249 0.455029568463553 0.058192673699945 -0.423149104408444
0.0212889883026768 0.461926500862019 0.00734557361002256 -0.486319836420016
-0.0775724777304766 0.533506190077641 0.0473538382737124 -0.524205909715936
-0.286513406297705 0.486979659670888 0.149288665541687 -0.457286792636166
-0.459109833892866 0.365087711922431 0.225764807253048 -0.222481206617395
-0.561807492064328 0.0934185059285314 0.10518769045299 -0.0304581686638286
-0.561885690804801 -0.188228968260151 -0.0122181646290556 -0.0339064069855557
-0.508545192785155 -0.2395259681097 -0.127646512383925 -0.187282151949743
-0.585903378206338 -0.155770661544887 -0.286405758503449 -0.0386145220725421
-0.59040911615268 -0.0361239407842105 -0.211633383177516 -0.257303584432793
-0.455255519997968 0.173893479386561 -0.428135264076554 -0.112463854750029
-0.372994661930944 0.259596736892099 -0.319922298219546 0.259696073500055
-0.328161529106285 0.35922320654406 0.0369926517643225 0.271419904608747
-0.202133689797347 0.476237879753612 0.189814839622867 0.0603918250244953
-0.047918919574964 0.546993671113766 0.13807614505057 -0.130650928662511
-0.0189802988243855 0.595024835203174 0.0749635171342032 -0.21854116493836
0.00582413694041279 0.592843740478181 0.0181021824897125 -0.270751063635008
-0.0977148440991792 0.658232845358783 0.010488489830364 -0.330599268409295
-0.336962351355851 0.596531474884049 0.0503640847153366 -0.333638686019339
-0.524169645917297 0.436105684443963 0.159839476757546 -0.230728098327649
-0.603130054012436 0.15079239099039 0.147621861368748 -0.0889057371802888
-0.627313924040345 -0.117403538080237 0.143719238588489 -0.023440336370685
-0.628851991246057 -0.188450874682523 0.0833921549650476 -0.075519124824229
-0.620546709579854 -0.166296384457358 -0.0698035468392539 0.0511209748751417
-0.614590278424491 -0.0654290734806793 -0.0778043582456282 -0.244711680325283
-0.499407116149911 0.106754197554541 -0.375606270723389 -0.118565945589136
-0.482626510335356 0.207852706251934 -0.333874661061782 0.222663162071325
-0.448157610698493 0.384567678957122 -0.0620359155038264 0.300144640847306
-0.275394326497575 0.538329436858055 0.0884058291109493 0.201081856218273
-0.086042954193935 0.61414592733894 0.0969141778856073 0.0944417484256404
-0.0411964349306296 0.642479593947273 0.083111335071346 0.0188863637309907
-0.0203044438773074 0.6183848444288 0.0334234275121735 -0.0341176216574468
-0.122678000473125 0.651593059772073 -0.0079168341829696 -0.112340992786026
-0.345217481943064 0.566990974684766 -0.0289003822737513 -0.182773245358842
-0.482178886170396 0.380902274834105 0.093906936544189 -0.225746484897572
-0.496039749369966 0.163317360002911 0.189154167675376 -0.155507708909081
-0.559873248181261 -0.0202338415065222 0.298869409174895 -0.032565552952209
-0.647815863989129 -0.0962050013127699 0.298423985350223 0.013439550618587
-0.549907687795392 -0.142226357284808 0.139179111385886 0.165320609654808
-0.513960088725399 -0.0916888948344099 0.0644268991525318 -0.157526310761423
-0.447656446734028 -0.00105814582552804 -0.262518231982068 -0.0937871930747149
-0.515743726889332 0.113797597158503 -0.322705908684746 0.157866963416611
-0.486844593579755 0.351382406902588 -0.186831556835845 0.323588843275796
-0.289291907805587 0.519192262056094 -0.0375181332253904 0.359923718467189
-0.101172989923339 0.587124401258495 0.0451768621542473 0.329556466160221
-0.0572439612387249 0.590703812122817 0.0800870664448015 0.248833045572661
-0.0538052818815078 0.550472713207202 0.0370277829036965 0.183377138801865
-0.150490583702147 0.525648301204581 -0.0308129313672362 0.077837882360787
-0.319762702784203 0.406107458341936 -0.0956042243103105 -0.062897919356533
-0.361800170884919 0.219169972006788 0.0478136658770134 -0.233602182232502
-0.294691420296648 0.131318988868258 0.236681986484342 -0.211174266858975
-0.407981935223628 0.0706418814873481 0.416557037621502 -0.0375790827455066
-0.575742312409609 0.000341902084172518 0.478202879681324 0.0723343791260948
-0.39377755800887 -0.0751139733025794 0.30935588902439 0.27674872899868
-0.325649099464561 -0.0755067395549391 0.192513961809448 -0.0348649403342484
-0.305951888220084 -0.0702852117891673 -0.129111117590416 -0.0682446791513506
-0.423072882160611 0.0260413471614547 -0.307092510171583 0.0846053919782754
-0.404914584315185 0.263419192411353 -0.304990898852648 0.352115990641863
-0.234089063392862 0.40532755199243 -0.148811510313486 0.512181486022808
-0.0926113656770013 0.464429704542062 0.000817581095967519 0.53096987875658
-0.0686111423870508 0.451989286253351 0.0678852172479452 0.439069583167612
-0.0826511111106993 0.403213992761372 0.0175102483661354 0.349099175565936
-0.16770905020438 0.33117798803179 -0.0727175547040055 0.201596483210336
-0.251381736860549 0.192667904755227 -0.149451011887534 -0.0151135696321258
-0.192479261017119 0.0434368656188395 0.0399717734202705 -0.262562396727782
-0.0825800442686913 0.097794022484768 0.297676834144701 -0.23239489470635
-0.235853715275046 0.137862422362339 0.475978952780736 -0.0139493540097091
-0.431821440854559 0.0742073480279228 0.595371940410639 0.105845588948912
-0.181973338596172 0.023339903329803 0.418266640775518 0.343288318416833
-0.0958915697137441 -0.00518874198964041 0.281478960511683 0.0571147644969851
-0.103348684543159 -0.0712785455040509 -0.0359770845123626 -0.0582937296537653
-0.215776799510172 -0.0360405753857741 -0.304713948605601 0.0397621553949277
-0.223315825730482 0.12738617293474 -0.371883482866674 0.391599227420875
-0.131314218094397 0.211671719782723 -0.208721298866697 0.622726917932661
-0.0708795044599169 0.25702176140584 -0.0250556752215185 0.66205414829215
-0.0681795422094131 0.244072666485576 0.0459355681393008 0.561386865719577
-0.0942938146669852 0.210054167437545 -0.0216970023798167 0.446018746247356
-0.145710924194978 0.123910480447617 -0.124792608370933 0.246228560022061
-0.14379862419069 0.0056671217080641 -0.174859767541415 -0.0306655408886126
-0.0272353368244562 -0.0705579562888163 0.0794269106895502 -0.288382105800735
0.0706782605683277 0.0758548496811555 0.358816126725815 -0.200844195025172
-0.0841333621590357 0.164209429914095 0.475469825445576 0.0425598500521692
-0.23705301066977 0.114853374156968 0.641632328910577 0.120643768335135
-0.03251604260857 -0.0841291716822564 -0.612799361979338 -0.0760905409757293
-0.0889557640214978 -0.10132912741352 -0.471102551457264 -0.0591217982924276
-0.131013532109111 0.0210808067912043 -0.412719179258703 0.107540318164172
-0.0561554553930663 0.126669119566298 -0.139167363121126 0.350262040805626
0.0384696939363715 0.103519497002909 0.209023942156279 0.144067783365022
0.0605669929795973 0.0607524619483789 0.230552288923493 -0.215441072149641
0.0792851234466724 0.00859136894386558 0.0783283755747156 -0.473212003315317
0.0601231482061874 -0.0102399433989714 -0.0266446172393553 -0.600139841972865
0.0619130947692694 -0.0124309390938019 -0.0217870707687652 -0.681851632602342
0.0557987767420425 0.030179090260959 0.10643404772701 -0.671615983274664
0.032345310359724 0.0678811993413221 0.282615767590437 -0.49867068787561
-0.0106464813315262 0.126547912807082 0.280511064710695 -0.159899306607034
-0.143286482747923 0.062251912035421 0.0557169280831741 0.0200460396890636
-0.152295015572236 -0.104756148878957 -0.169418412783089 -0.077457586235901
-0.068065889546778 -0.133852342661339 -0.393785269604078 -0.328753999913146
-0.247155395883841 -0.0846175011067757 -0.575800846347747 -0.0760000322988593
-0.256708135947151 -0.045335614731626 -0.405417231904717 -0.121519280745466
-0.218118251620164 0.103519091736815 -0.418221110080259 0.0189600878441831
-0.135584651725415 0.190998176122386 -0.205578006602672 0.3187036250861
-0.0609227289266931 0.205479665246015 0.167430320021511 0.192229568941109
-0.00393906981288724 0.217264436844286 0.251907701081725 -0.150822746782986
0.0614894390393113 0.215487467476263 0.116707266880221 -0.427215942980525
0.0515033912768951 0.233700810855171 0.000350222545081572 -0.551617725449333
0.0515689540718209 0.24047002213628 -0.028187551169027 -0.623850569685163
-0.0127281131240842 0.29981965812305 0.0580266207941232 -0.641101860732823
-0.143209293762513 0.289994050210855 0.212390302264895 -0.515162912413524
-0.257421018884368 0.247655965172803 0.257775558537608 -0.20263182431684
-0.378916395208103 0.0682944371408454 0.0730507628252997 0.00277842128004734
-0.387127158390172 -0.165030822122592 -0.123496475640269 -0.0574347252704932
-0.311126496759886 -0.200261626769467 -0.301420918328969 -0.270398641151707
-0.443939984793902 -0.0980815841066314 -0.46168370745339 -0.0612748806704322
-0.443190672035475 -0.0060308789906034 -0.326953917570535 -0.189225760548954
-0.327418832729369 0.177600640577354 -0.427062481430669 -0.0473449446137645
-0.226994518371511 0.252011816617511 -0.256428055038212 0.29232423755206
-0.171310967784457 0.297747645604189 0.118298142774689 0.229198863338278
-0.0838015192306817 0.3598069741833 0.239918111295791 -0.0649016711664607
0.0266182470975431 0.398895135122866 0.134361816247521 -0.312163127530111
0.0382190277770704 0.442222365259108 0.0311510081599099 -0.415609705178667
0.0478215709490068 0.449063782859042 -0.0209676215200954 -0.47430948822871
-0.0430279088940466 0.523207084472157 0.0114004747125734 -0.515142129736786
-0.248868113305468 0.496441431333562 0.115543215969768 -0.456533772688527
-0.426124906184913 0.384761983156469 0.207267460339896 -0.234024247457191
-0.544567150933242 0.124563893579665 0.107351258197792 -0.0382181091565243
-0.562220554522273 -0.151230814962131 -0.0108765206942984 -0.0328305100346402
-0.509905393383305 -0.204539808035289 -0.133057118990711 -0.175710976296594
-0.577958758302788 -0.118288166559509 -0.281529957592837 -0.0188600797938817
-0.579817012877121 0.000471003612272851 -0.222497901194853 -0.240959208278421
-0.430347951237955 0.192975723693475 -0.426291568916038 -0.086696662584486
-0.345785037238784 0.274576878388624 -0.293867244254225 0.273529552535183
-0.297250481673363 0.371962336940106 0.0532221251103865 0.263463079987404
-0.16728694873637 0.476714924416713 0.189998548614948 0.0488001478056767
-0.0133085935316565 0.53544610746437 0.129072526623147 -0.134959122415243
0.0210146031680824 0.579950944002284 0.060301716931736 -0.217976537343512
0.0405909596648258 0.577846478069803 0.00261146112115412 -0.266078044055971
-0.0535404255960637 0.646909000610503 -0.0130630748294048 -0.32347062495287
-0.291242388301122 0.605071079462371 0.0269886113189232 -0.329241600790654
-0.484888875943806 0.45864718325892 0.140046208957565 -0.238961475793747
-0.579053508499849 0.182932844392137 0.1439017836228 -0.0983537129581352
-0.62123249286955 -0.0782966387735928 0.141890826966791 -0.0310696145724085
-0.625294325726835 -0.147393195141415 0.0791382923419446 -0.0807021244966714
-0.611949731554664 -0.126332578413334 -0.0646927653902255 0.0560833218144703
-0.605129049808508 -0.0264804033494983 -0.0926371171352424 -0.237345079623702
-0.476315943440439 0.128596257853961 -0.375910481381509 -0.0958434673958155
-0.457700245783977 0.232791773378019 -0.310556283806077 0.238415246497497
-0.414448309107326 0.404717179297145 -0.0432585946337127 0.297088491926982
-0.234470627465967 0.540068595922111 0.099441261767395 0.192017444268426
-0.0460886726987221 0.601974815392316 0.103346139350895 0.0856663694891916
0.00165814421349115 0.626689714921375 0.0812312867318368 0.0126105701545553
0.020022407634281 0.607773412247638 0.0316224321617931 -0.0365404347245473
-0.0784299537870426 0.643097834893979 -0.0174827399060589 -0.109094132709067
-0.302573308620517 0.57638127432579 -0.041909220705372 -0.176821753472643
-0.4474191286468 0.400464390350292 0.0743187066278196 -0.230334355598269
-0.47513629088945 0.187672133041566 0.178867420022052 -0.16558548962915
-0.549780536159637 0.0124407900844507 0.292738714312563 -0.0490268739066706
-0.637649595870294 -0.056435715247174 0.293244556001512 -0.00717063830312671
-0.542413782677834 -0.105114860725115 0.146227189687617 0.15516920459863
-0.509836064245443 -0.0584468674587249 0.0519498026987136 -0.160722970952831
-0.433488750798988 0.0226618971604088 -0.264243937985186 -0.080106409371919
-0.497941189381661 0.140779721708044 -0.305265223952905 0.172828263542377
-0.455390273206101 0.375081241136092 -0.164859897893229 0.327664409887777
-0.251738889430562 0.522451406923533 -0.0135403881913494 0.35467264699481
-0.0631889222091784 0.576100905900458 0.0680223982554283 0.316958669163663
-0.0182561109495388 0.578963786837099 0.0919906756185037 0.236821939951952
-0.018433254016414 0.540980914232502 0.0479287298766429 0.175959186865151
-0.116588013105124 0.522133658921623 -0.0266835926280968 0.0775328753495165
-0.286741674484402 0.417515417732194 -0.0990450982650275 -0.0562868126549643
-0.338725436195756 0.234605842110045 0.0268306729171461 -0.235417462541048
-0.276884310014952 0.143590661440406 0.219224042913488 -0.221761342853802
-0.394623514401006 0.092185555411282 0.40654427114747 -0.06084827908062
-0.561182756594073 0.0358445984124974 0.471659109692924 0.0384158335177742
-0.385235733792288 -0.0502514427244898 0.318025319709938 0.252667861075461
-0.322223846858324 -0.0537471586250893 0.183457567003596 -0.0484596536895435
-0.300408887776395 -0.0528803129306698 -0.132937417494539 -0.0619214205501069
-0.413094838785473 0.0489558329637853 -0.296124333248523 0.100684982967291
-0.380814259262675 0.282203408836367 -0.279260617296648 0.361755048689476
-0.204803888467347 0.407236017784635 -0.114123272622376 0.509876395626908
-0.0625618906504327 0.454738835596773 0.0355496231757375 0.517398956732315
-0.0356496027544968 0.4427117109164 0.0906164678562499 0.422771028589873
-0.0549922830956509 0.398204313333056 0.0372008609823016 0.33756995475363
-0.144169786892286 0.332711267167769 -0.058818750604915 0.199905033107139
-0.2335815716547 0.203577738810389 -0.148504953557706 -0.00580991610415837
-0.18446363443423 0.0520744997685802 0.0179929016135563 -0.262519653852612
-0.071496870881432 0.0978039920841985 0.27406284472301 -0.245568341158431
-0.221249770851798 0.149236948948112 0.46523837027158 -0.0400144344479813
-0.417041775825456 0.099358741319314 0.587134122546165 0.0637007895058591
-0.174813347395634 0.0335087813505812 0.426764265907518 0.310267095629816
-0.0932193171248724 0.000359491392453199 0.275104143001926 0.0360410663735805
-0.104139229597581 -0.0640437859992932 -0.041561981059294 -0.0565483084633128
-0.215072626660085 -0.023284558942671 -0.297404288199573 0.056010714830514
-0.210829029097699 0.138937623806634 -0.343276955132404 0.404070776758736
-0.115674020440491 0.213777650071917 -0.16369704186073 0.622414535889909
-0.053801809167725 0.253148179356719 0.0179685684167507 0.644969465622481
-0.0505325327110571 0.241012804841238 0.07698266856674 0.542067015995176
-0.0774865549135392 0.210626139006925 0.00477776389303988 0.433920291054714
-0.135080349650935 0.129513025511494 -0.10738359432715 0.245925122870611
-0.139958997128426 0.0130780709200313 -0.174614057610048 -0.0208687624000374
-0.0307712247362736 -0.0689804571412688 0.0555537475404114 -0.290242682414527
0.0771970827203526 0.0678696176514491 0.334080743383098 -0.21827908265679
-0.0710929887273248 0.167057516684909 0.467060432867739 0.0149755278201106
-0.223360809885799 0.126484988432251 0.633849143037574 0.0770707152976076
-0.0352472317339794 -0.0803473771027325 -0.605849348398431 -0.0452302458046342
-0.0945011168013322 -0.0949968099064253 -0.464550758812295 -0.0353930415603468
-0.127565663961592 0.0271275854621205 -0.400221994868243 0.12536961422171
-0.0473831479843854 0.127757280039372 -0.116988746805812 0.353328852508279
0.0426793128894591 0.099174048871707 0.215015650054029 0.131753419726756
0.0630118413054525 0.0571139416789492 0.216796816020403 -0.221960365241612
0.0780019969767254 0.00415762866847697 0.0529903506720579 -0.465362907749586
0.0566346648883164 -0.0138359640665163 -0.0539800874676991 -0.585746975539113
0.0579721292560429 -0.0165015697379292 -0.0556692045480888 -0.668576817716785
0.0566833137054515 0.025938424328301 0.0688667885773619 -0.665712479664895
0.0357048512694971 0.0662845156995461 0.251847037186132 -0.503625008845567
-0.00335517925157065 0.125100723321511 0.270012966427628 -0.171441835936967
-0.139131558764682 0.0685763634866715 0.0611049543234948 0.0159239917090847
-0.156775009020561 -0.0954260223974334 -0.167212681306602 -0.0703081871557262
-0.0746964667814812 -0.12754286255583 -0.399309854806594 -0.3028237508865
-0.243868852591713 -0.0707110181428853 -0.568415855318641 -0.0473874346925125
-0.256296138398689 -0.0321537612795176 -0.405240351515316 -0.0987606832409588
-0.207966106218973 0.111403922063934 -0.410936969697984 0.0371241316243817
-0.120801825600386 0.195161431227362 -0.183467436148044 0.323856805205773
-0.0482299279104794 0.204646134831912 0.175324375888955 0.181366526136072
0.00806323705769902 0.213099756891532 0.240321562746484 -0.159507796860074
0.0712309020939464 0.206461421263232 0.0935897513202491 -0.422918875846747
0.0620169612066919 0.225938198814691 -0.0260806066599888 -0.54008602239031
0.0608576712681026 0.232125605236358 -0.0577731131630584 -0.610671111675356
0.00268360398076335 0.293452330932614 0.0216153391466332 -0.633429762009409
-0.124436196587143 0.293941052850236 0.180725344669323 -0.517617586483097
-0.240342011971763 0.256254214627932 0.24420512510335 -0.213357992564334
-0.369616964901473 0.0862400788419955 0.0777709230080278 -0.00240688822752398
-0.390294252399486 -0.144400701508058 -0.121311407661046 -0.0510574628831491
-0.316249478463414 -0.181489968651562 -0.306525940000381 -0.249723968783896
-0.436855447382498 -0.0751660338527411 -0.457332234557389 -0.0367242990113806
-0.435831823107453 0.0158199748869348 -0.331299678028958 -0.170736571703203
-0.310878658134924 0.187581392256589 -0.422875475806895 -0.028520873803964
-0.206805513063916 0.259153540674171 -0.235382136354594 0.299785606239807
-0.151699246090706 0.301412917109332 0.128203937562867 0.219765916654484
-0.0635404520288696 0.355388294475389 0.232863014365896 -0.0738158372367375
0.0471970286751804 0.387863366817027 0.117327009428894 -0.310659499366526
0.060549374447325 0.43012363616688 0.0106755718887653 -0.409582922864142
0.0677802724132115 0.438983936402236 -0.0439400303089905 -0.465199924571365
-0.0150796047776895 0.515441754678151 -0.0185506156687196 -0.507015015879297
-0.21783391929495 0.499544156724609 0.0877898797663834 -0.453737822507789
-0.398431302548726 0.399220739906593 0.191060896990429 -0.242678766989097
-0.528598278670001 0.148647620569126 0.109119902666153 -0.045833045011797
-0.562389603661599 -0.124969953533754 -0.00989033709074121 -0.0313677496818623
-0.510831583680409 -0.17646170438554 -0.137221262111309 -0.167095816258209
-0.568608197411551 -0.0890159481161766 -0.276854831760222 -0.0033127494389349
-0.570227746811822 0.0287149172121272 -0.232064404296898 -0.22734337168693
-0.410117169440565 0.207101031414059 -0.4247032534389 -0.0679212188648041
-0.322778321141515 0.286660159726646 -0.273853170069628 0.283239833143562
-0.272551582095316 0.381348481605523 0.064899828979399 0.256988137929184
-0.140780844204649 0.474298824733489 0.18915966877984 0.0395535596243749
0.0124663789054761 0.522706167275293 0.121613588008996 -0.137862785807118
0.0510713829044239 0.56614425757059 0.0481101166496319 -0.216591838798064
0.0698451718846912 0.565853799300501 -0.0104009996944251 -0.262767470416221
-0.0211040430848404 0.637246679362251 -0.032683399799173 -0.316464713314851
-0.25460955831803 0.612380016728156 0.00683232267495033 -0.325056207828782
-0.450345423662572 0.472358329436288 0.12300680180297 -0.244404193000964
-0.560414924215946 0.206477222118687 0.140358181995602 -0.106828022655068
-0.615160813557672 -0.0485222825804343 0.140398074018287 -0.0366479900663643
-0.618415323807554 -0.114437796783137 0.0740750943749549 -0.0858094377485453
-0.602136183361159 -0.0960724743393358 -0.0603557504426694 0.0598874494766524
-0.59717226899426 0.00245297909631757 -0.104146925295245 -0.230563184593782
-0.459409201014736 0.14624232427846 -0.376535152907488 -0.0791523287198165
-0.435392069669428 0.248658126431323 -0.292253380663438 0.24944772812031
-0.386799521918988 0.419566591099445 -0.0295806283986192 0.294500931650084
-0.204529445213896 0.539809205420376 0.107354045762837 0.185418804580208
-0.0155657361430807 0.588405928393564 0.108683895173961 0.0784197745605981
0.0350296130751673 0.612671637125749 0.0795968815049778 0.00749024948518737
0.0502934698727133 0.595968558063335 0.0293861833537319 -0.0390815138875425
-0.0442979308657793 0.634486672618167 -0.0252192790667299 -0.106178569612809
-0.265491549178257 0.582466432581618 -0.0526845145442684 -0.171234778159807
-0.418608816465813 0.414183937415333 0.0566650685663671 -0.233213826082194
-0.454515131391122 0.205436523278652 0.168700711457799 -0.173410188227383
-0.541243790352214 0.0366381179007252 0.287349071375433 -0.0612013649016618
-0.629235412641537 -0.0234056411642349 0.288822565706338 -0.0245755012236601
-0.533481148210847 -0.0794475196377808 0.151879154401716 0.147100765513079
-0.502802700990822 -0.031430766537557 0.0408105826664393 -0.163533527057455
-0.421567611286643 0.0393497098864428 -0.266950139207213 -0.0688141261908581
-0.48151289730546 0.161402715642821 -0.290540374126091 0.183901871429251
-0.4293110123236 0.392243052414736 -0.14878189686621 0.330399720478484
-0.222070214379511 0.52256233879372 0.00502977551980494 0.350849603784843
-0.0334991874404336 0.565384070923808 0.0863069267482022 0.305605850968462
0.0134534196400707 0.56450963511818 0.100555938802027 0.226451969720641
0.0110406349983592 0.532155614557912 0.0552117820062203 0.167769095405645
-0.0885069707712626 0.517236179852875 -0.0237935474654872 0.0769010969786219
-0.259329158842695 0.423817767196206 -0.102523123446939 -0.0493510406781623
-0.321076500340446 0.245512512679336 0.0094945377045658 -0.235309801314261
-0.262958809382027 0.151920779567176 0.2037798481477 -0.23037982828861
-0.381813798276302 0.109193785136133 0.397269489686559 -0.0778324179593987
-0.548469748116424 0.0622025264703842 0.464860956474888 0.0112189898783176
-0.378194893588052 -0.0314164188717853 0.323066671442496 0.233245979712905
-0.318587424276059 -0.0370990498436614 0.17508615724367 -0.0589273474462756
-0.296076876375822 -0.0404580231743941 -0.137321927776327 -0.0573279784087883
-0.404370683728336 0.0677006684989911 -0.286952601029441 0.11182112101338
-0.359019565064123 0.298214211949142 -0.258738421220148 0.369184470901883
-0.181985092660836 0.408715884464948 -0.0851324053283782 0.508466008694149
-0.0388971144613201 0.446795559059154 0.0624328184712556 0.501974429201785
-0.0130914971225275 0.434026962243905 0.107243164031298 0.40905544419796
-0.0325097044063148 0.394312189014578 0.0528243302963533 0.327489339046114
-0.12626252762434 0.333345413849397 -0.0485167767246308 0.197761176604134
-0.218375569131084 0.211248007110559 -0.147993909405427 0.00177282394449
-0.177767628408386 0.0579934756168424 -0.000998622175412731 -0.261566388194972
-0.0627842436335665 0.0972957132334207 0.254876221583754 -0.254762393247194
-0.20902395461124 0.157305949114089 0.455396293183275 -0.0593080473021785
-0.402877028358486 0.117992689592398 0.578132719245238 0.0299929943734798
-0.168997464493383 0.040407071841886 0.431058389346793 0.283702366742119
-0.0900477259487006 0.00457524037941419 0.268965970288032 0.0193507452639487
-0.103595023832872 -0.0591200710518485 -0.0471739997589496 -0.0552141297898503
-0.214738506280275 -0.0128631715656885 -0.291996408231366 0.0683146944149402
-0.198980315907984 0.148118008150703 -0.320490710598787 0.414683090302878
-0.10362429046226 0.214529717516761 -0.128450153247817 0.618840808894802
-0.0401943935254313 0.24913810135744 0.0507433717582965 0.627268578237428
-0.0364944435995218 0.237251613482625 0.0995890129503504 0.526945549445447
-0.0637104723081285 0.210045450555405 0.0239027479832995 0.424586906629663
-0.126708602958085 0.133722488180303 -0.0935366031508628 0.244556538499495
-0.136885920527145 0.0189569595886993 -0.173537356622553 -0.0124639081552502
-0.0328597331423001 -0.0684084517707215 0.035332394340372 -0.289988347874343
0.0820375938965851 0.0607107761409428 0.313232194070313 -0.229583888474195
-0.0605969517436401 0.168338570643367 0.459432257206673 -0.0064589059926462
-0.211981015427236 0.135672375866255 0.625096761372492 0.0407234054965155
-0.0374884969168044 -0.0773560095547094 -0.601909640532797 -0.0152786248477898
-0.0991249986599751 -0.0889400549099955 -0.460845741058243 -0.0130766005603884
-0.12499804019683 0.0331050758929487 -0.392641379367398 0.142989004561916
-0.0393577357796065 0.129561307699956 -0.0963788107804874 0.356802415231392
0.0468962297070896 0.0958103242968041 0.221061259518696 0.121146001734106
0.0662529825710146 0.0539613956651024 0.203671488165145 -0.228501429908577
0.077822353542797 0.000615056069654729 0.0302360831060299 -0.460051145750321
0.0533966759737663 -0.0164871979969209 -0.0820459114192896 -0.57656588428559
0.0539021830200136 -0.0202246098523541 -0.0868837493978251 -0.657102450670386
0.0579413177589925 0.0215015012486866 0.0325776370738532 -0.661070392828686
0.0400174401108851 0.064738752086164 0.222686470440811 -0.512354760375907
0.00349006239560017 0.125053953113665 0.26030844188649 -0.183306185003509
-0.135373147067458 0.0749796116219865 0.0659725353820486 0.0117886745479022
-0.161955346816933 -0.0865588643655592 -0.166717057017372 -0.0633249192107695
-0.0813641852986894 -0.122058703476519 -0.408359958933381 -0.279243255539843
-0.242278691778894 -0.0584259998679503 -0.564830953509641 -0.0180616698470118
-0.255967695268867 -0.0185002011697684 -0.404908708254505 -0.0793180091520257
-0.19869035647799 0.118840992962869 -0.406479261599445 0.0544250556975564
-0.107108495115777 0.198294412067527 -0.165247000743683 0.330020579053813
-0.0363593080386857 0.205364314346578 0.182923181208741 0.171290337365942
0.0193332289317776 0.209730164818255 0.230049696918819 -0.167326662109953
0.0807865704474522 0.198500415864538 0.071695179208719 -0.419742614956773
0.0722000143486936 0.218522793185823 -0.0510000952810464 -0.531981859055081
0.0697233307346385 0.225947152367612 -0.0884129638561752 -0.601445503868472
0.0176938067811173 0.289235419461937 -0.0116223310941094 -0.625965871422979
-0.107159110187092 0.298490014507382 0.152769571408076 -0.520820077697991
-0.226131106080185 0.265828887203075 0.232229808068783 -0.22413216094329
-0.362280827548738 0.102023730906949 0.0815996894359904 -0.00805939171646725
-0.396763258815074 -0.125092966867202 -0.119597950340681 -0.0459361584608253
-0.322942007414085 -0.163241770068418 -0.313195494497588 -0.233673851819244
-0.43479868739738 -0.0554286652156145 -0.4538933361341 -0.0127860070957314
-0.432959763576987 0.0382778770126957 -0.334537679501315 -0.153267556811522
-0.295446457869169 0.198729268935004 -0.422422742511987 -0.0105212135032888
-0.18774046074452 0.265430325341264 -0.218811255639038 0.307807962759751
-0.133400896996985 0.305714536999816 0.136499964206859 0.211996188504601
-0.0455564276611044 0.352445304925073 0.226623985005964 -0.0825272074085286
0.064707168307741 0.377646078844991 0.101284318256865 -0.311259142273278
0.0809036477125324 0.41978463087825 -0.00857928667214536 -0.404681442802685
0.0897538069961961 0.431437869092251 -0.0659667868861674 -0.458926784955225
0.0118492803702228 0.508895474371236 -0.048120061011765 -0.499612263819103
-0.18908169227002 0.505242236004379 0.0627421208570928 -0.454580719129077
-0.372997606153265 0.416352822105545 0.17684953897449 -0.251434112867771
-0.515294755343034 0.172812590703148 0.109459028965588 -0.0540124282418742
-0.564344816688042 -0.0971984556969324 -0.00901898287745708 -0.0312426253235372
-0.513881285528425 -0.149886590408626 -0.143574717172916 -0.159862378405181
-0.565201046157586 -0.0633883742367126 -0.274040138239349 0.0113191032420009
-0.566066040870708 0.0566540251807324 -0.241387046422878 -0.213943767253883
-0.39358599383262 0.222699508727753 -0.426703497578195 -0.0489181178096012
-0.301567652754625 0.29792976668189 -0.25678665506061 0.29419091712345
-0.248712363884658 0.392457722632958 0.0752894096498492 0.252120084797252
-0.116225373614891 0.473886237044364 0.189091740929635 0.0325512535714697
0.0398223955853575 0.511420484323395 0.115090573061922 -0.142235627995303
0.0810742497746128 0.552885327238615 0.0362625386968575 -0.216482349214631
0.097286934008384 0.556049981355593 -0.0237969684549896 -0.260179119657444
0.00936796127983963 0.6317641283174 -0.0507152178383727 -0.310331665027496
-0.220774057824189 0.619126911690976 -0.0119670073535369 -0.321398215965951
-0.422777399882505 0.491023194208555 0.106587423093056 -0.249810729558765
-0.542617374665125 0.232119034370045 0.1365150617798 -0.1155627427201
-0.613804635830402 -0.0215015701485269 0.139417537877612 -0.0422346165259424
-0.617909350316168 -0.0823918696599032 0.0699528734399364 -0.0905926229516755
-0.598723488546279 -0.0689781005656285 -0.0558834957376688 0.063927167218938
-0.59270065146458 0.0335956348449698 -0.115655271250485 -0.224808290635697
-0.445735337779376 0.163257691613626 -0.381083272671559 -0.0622045310591743
-0.416691413009087 0.265817264119325 -0.276992704575621 0.260785006489734
-0.358872313511757 0.435177865600634 -0.0179515437603493 0.294196599326525
-0.175832381462473 0.54275677517632 0.116143060919287 0.180006136741403
0.0123278049037422 0.578508144999558 0.114185499487932 0.0708238599692528
0.0665409796987958 0.599419760280528 0.0776835315151852 0.00412321320923111
0.0809549650520072 0.585099990595535 0.026392447773031 -0.0414429416980425
-0.0122211661505601 0.628092756996813 -0.0324454498374833 -0.102633232071042
-0.231799319893989 0.590472520699951 -0.0631275179424949 -0.165736334693841
-0.394660200818303 0.430818642193298 0.0406756877835927 -0.235275438094365
-0.438010902950277 0.223342161836668 0.159857661726405 -0.182192703820784
-0.534523609414691 0.0608867502494786 0.28352292884661 -0.0729900698016434
-0.620444811495568 0.00939505098630442 0.283425670317847 -0.0416585452104067
-0.529137052960484 -0.0556483346818495 0.157518194285011 0.139239033035324
-0.499327410040783 -0.00816816970170858 0.0285994126543558 -0.165365850739436
-0.413199435271362 0.0551925190422618 -0.271830812054105 -0.0571572580104756
-0.468111492648672 0.181301876101762 -0.279567417220717 0.19589684939131
-0.403486548904698 0.41186330267334 -0.134073009320168 0.334928016966612
-0.195029912412954 0.525844696033636 0.0218889329710052 0.348918829541252
-0.00747823799993403 0.556980443353847 0.102116401309664 0.295200609689529
0.0423495303376498 0.554443799298356 0.108843627146681 0.219085043792955
0.0401764591328526 0.523761910636723 0.0617625718389073 0.161897604411646
-0.0629961157326457 0.515922045282039 -0.020478228747139 0.0771813376694962
-0.235082134773876 0.433470274757745 -0.106148021220279 -0.0428884104602808
-0.303271291588071 0.257371386371565 -0.00826899231903374 -0.235032637250647
-0.250644173765608 0.161222701202412 0.189194878923244 -0.238675644959372
-0.373380408568014 0.126395175126176 0.391534862014141 -0.0944555621989805
-0.536338353239044 0.0898689907666381 0.45910266760467 -0.0156931280713917
-0.37566319372217 -0.0146271786265284 0.330682653623909 0.215371491618695
-0.316463605903198 -0.0223602669913171 0.166732526441658 -0.0691614051280905
-0.293344968508791 -0.0292792795232054 -0.142405465044396 -0.0516866503859898
-0.397858661223735 0.0841032431682112 -0.280030198096307 0.122826363546975
-0.340907724427963 0.314548792656437 -0.241482987650705 0.378521800830661
-0.161237610684665 0.413299221630168 -0.0579396495864546 0.508181723619367
-0.0176698983479364 0.440945966290073 0.0884789787528991 0.488650513677156
0.00919511441963104 0.426785278369091 0.123667382443978 0.397652002716145
-0.0104204097345468 0.389074826510278 0.0674739987709896 0.319488111969905
-0.108380978941493 0.336552697422799 -0.0391459216263869 0.197037863493655
-0.205156444075988 0.218893841956467 -0.147968036485993 0.00999332146895075
-0.172039756719861 0.0642930863002891 -0.0191358693559518 -0.260742229736242
-0.0541665276233821 0.0966574863962811 0.237910411305502 -0.264247714032834
-0.198281711573463 0.166450580393906 0.449389377762839 -0.0795927769453916
-0.390567489141803 0.136816213813674 0.571849724670855 -0.00177906961943372
-0.164979043240802 0.0479562010079847 0.43761569861858 0.260698931572226
-0.0887186879548724 0.00914673342368671 0.263069107104694 0.00487015805367471
-0.104313172022853 -0.0545085953897555 -0.0528521624412487 -0.0530751453929662
-0.214611673302817 -0.00320403133659516 -0.288269881145042 0.0802793412411218
-0.189409453482978 0.156941344491512 -0.299012422349427 0.424748925903817
-0.0924989660903011 0.21684657919387 -0.0946518465606384 0.619228983475506
-0.0278907497769169 0.246960237441632 0.082999300830544 0.615243266685782
-0.023993371938052 0.235204389757704 0.119807724721667 0.515852535637882
-0.0510420257755783 0.209432569701043 0.0423653936600467 0.416895613354399
-0.118465408527453 0.138735329995463 -0.0809016950345182 0.243739768440051
-0.133988222180627 0.0243444635061656 -0.173005277479969 -0.00477059972899511
-0.0354114302595023 -0.0682193942471511 0.0153828990970494 -0.28975670326528
0.0866162818063645 0.0532667428429855 0.296036191093547 -0.240651406128543
-0.0509463575707071 0.17056365339327 0.454768833407813 -0.0271891839145323
-0.202140570456956 0.145021826792389 0.618121274569357 0.00755984873521427
-0.0165564665290177 -0.0858474197577537 -0.589479760510878 -0.107651836763954
-0.078803732488821 -0.105046160216164 -0.444978879884632 -0.0850167379364351
-0.12359183382671 0.00732352244949033 -0.405780459598334 0.0709724229517684
-0.0573487570892668 0.112099554776379 -0.149767121192847 0.333657145881237
0.0271030610293376 0.0994339024701065 0.19690330183057 0.150390280773514
0.054618217952015 0.064704730456913 0.234999962698209 -0.187816480468754
0.0730945319486026 0.0120779643020427 0.107731881741757 -0.44363505397163
0.0530919706602633 -0.00611218583610289 0.0180636971378623 -0.572513003458716
0.0536514514152036 -0.00956954734707261 0.0240027034740242 -0.654227640019663
0.0504653813852929 0.0306428098894119 0.142904320507143 -0.632130754376932
0.0281102420389517 0.0705012716397299 0.303117827713671 -0.459210058483311
-0.0194020995440916 0.118338541859465 0.289086182708401 -0.13040674618052
-0.148094660418321 0.0481188921941187 0.0639584932265863 0.0237166518013532
-0.145686512403399 -0.1128055729482 -0.153007000254384 -0.0954886640266956
-0.0581360600228173 -0.132195396342626 -0.357971402621129 -0.355396077739576
-0.215219210681655 -0.101081488539531 -0.555287335721092 -0.104906974254836
-0.238776459690469 -0.0584315625038425 -0.381927483816205 -0.148034240209062
-0.204370359704323 0.0787593092781931 -0.409404390841061 -0.0207701322053127
-0.12947262160611 0.166784926100596 -0.21446256608956 0.293964152935321
-0.0693816202284113 0.190596327400488 0.153217965109559 0.192167806265541
-0.0159889425287392 0.206852198241209 0.248635083516757 -0.126764790623323
0.0457546735035069 0.203840821158481 0.14013558837174 -0.397738454433502
0.03376279276457 0.22753239275952 0.039541591365866 -0.524233739273095
0.0267232530042938 0.23286152223346 0.0122666244090945 -0.599861633475006
-0.0327555973687181 0.282529382429684 0.0902130685314669 -0.602594835066284
-0.155164692551606 0.27198601161476 0.228828695296078 -0.471486140454689
-0.264542904664319 0.211687209831003 0.261656563410317 -0.171030203550735
-0.373362269092137 0.031146854319109 0.0757638765317485 0.00703694954410675
-0.367989891785233 -0.192708489505541 -0.111692719934956 -0.0729764583727102
-0.285907225616997 -0.216724703595621 -0.271791559437132 -0.291856872932863
-0.398895933728207 -0.129979169107443 -0.450190913591431 -0.0839274789126556
-0.415660975838206 -0.0289117704117638 -0.305316108381445 -0.217331200745021
-0.309376258575826 0.140372671976274 -0.416405122057892 -0.0900318691307443
-0.214972708715318 0.216736349578737 -0.264579967629962 0.263779080201433
-0.177376644234033 0.271875259801342 0.102911949125125 0.223739153928368
-0.100748218478684 0.332930226253299 0.229594580728144 -0.0467232415394977
0.00232766886896888 0.374086577828718 0.150029814650388 -0.285457646300676
0.0117805284991395 0.426356705597552 0.0589705770928209 -0.395254451252279
0.0114240734406259 0.434228535209852 0.00811490402528901 -0.455972734841772
-0.0755563452971334 0.494626352617615 0.0334225202615711 -0.481168997343123
-0.272198028101053 0.46047660221563 0.127587564432821 -0.415243115904289
-0.435479369286255 0.32940197156457 0.205999356323526 -0.203240525554378
-0.53837331806965 0.0700081940353545 0.105137619408554 -0.0303226529917786
-0.538632949712818 -0.196631619833381 -0.00553110211332635 -0.0410099265567889
-0.475521248743497 -0.236413429819714 -0.116889628311892 -0.187922580363493
-0.525337900720322 -0.156669950414808 -0.27765498296024 -0.0328346739440976
-0.545919650044569 -0.0280293800609807 -0.203694182340576 -0.268152627906236
-0.406763721831436 0.147623950901061 -0.41473920087772 -0.132745065868155
-0.326935693660039 0.229270720810792 -0.30203879492813 0.240340075781833
-0.301926242367211 0.33549705441292 0.0370795629699546 0.252570742648336
-0.189690551356037 0.437131301148267 0.173095016179276 0.0557074593649866
-0.0419011614797317 0.500422013888558 0.134086462218848 -0.117923819951921
-0.011231270822667 0.555654987210136 0.0715160714773364 -0.204100677987005
-0.00159172197470617 0.556816870116415 0.0152750996983851 -0.255289159694995
-0.0964926338050299 0.611639265990432 -0.00403045300303836 -0.29805925923623
-0.321093665725121 0.563860835136722 0.0313533594916129 -0.293388684975118
-0.496828749465176 0.392178599880305 0.133761318898092 -0.211608016836918
-0.5754589992031 0.12007055954363 0.139879600569279 -0.085626257801355
-0.597533421574859 -0.133176864644376 0.1427188726132 -0.026719014267877
-0.590416911829851 -0.189586468717773 0.0842758952888892 -0.0790588091495591
-0.559923690323627 -0.16754466006616 -0.0712075342392669 0.0509863107012208
-0.570173898705852 -0.0532687213335272 -0.0786191958936152 -0.261026425755653
-0.446338727118302 0.0813511400381629 -0.367770989146859 -0.139021424790871
-0.431591403275295 0.180732725438359 -0.31706607943396 0.204381844883328
-0.412898827513766 0.358303284042522 -0.0589806871426862 0.277969301823933
-0.258947428813962 0.493376291530034 0.0772004437634487 0.187114262118053
-0.0766020677905756 0.560162637756257 0.0968256094887387 0.0902777874832335
-0.0314638767283745 0.596930452476965 0.0747712026956068 0.016150595503576
-0.0219731139179635 0.582248393044996 0.0273270878064314 -0.0341871969628062
-0.116854552795257 0.606735586847774 -0.0208229017292763 -0.0948599392599063
-0.328464343392601 0.532242474421797 -0.0447921113609674 -0.151189642513108
-0.455835184135105 0.340021238478482 0.0655467785459728 -0.210256597289229
-0.469949031758556 0.133191162824701 0.175235984927639 -0.147378902193482
-0.534084384573768 -0.0379277362087321 0.290954415967663 -0.0313246386864038
-0.607853993888131 -0.100848491253437 0.290074414823403 0.00880914438960732
-0.499494301933031 -0.14173595525337 0.12710385782814 0.157196327040068
-0.475103578259841 -0.0782231522217491 0.0540155189248087 -0.178036750585922
-0.400952644442345 -0.0167734758667245 -0.258378596152984 -0.114855977445679
-0.469722074388334 0.0927595449444872 -0.308096833563582 0.137728837304414
-0.452052391963924 0.327858206429921 -0.178345085460004 0.300110636271379
-0.27370367824531 0.47273464357222 -0.0401553121978683 0.336997598721075
-0.0921347979054644 0.533943544661333 0.047844238360353 0.308260064730925
-0.0481779960764594 0.548655394757814 0.0680515515400113 0.22978407785231
-0.0511533943139806 0.513403697188977 0.0282445616258174 0.168329996927071
-0.145870791414271 0.487800653302797 -0.0388965646008667 0.0780353524734002
-0.30240992484968 0.380349131112519 -0.106136311671226 -0.0442951851876352
-0.339373397678018 0.1904694356815 0.0196350080324707 -0.224631777145588
-0.27316314319683 0.106335003309588 0.218261066038128 -0.199489539749179
-0.385280422094443 0.053478287801227 0.402878988052581 -0.0309130110495065
-0.539628924230196 -0.00511267228806226 0.462003256103104 0.0666745659499248
-0.361982139423258 -0.073870806577173 0.286217720343851 0.259932367349999
-0.300180416614575 -0.0640308045292123 0.172758105785726 -0.0564453424429108
-0.274004048607031 -0.0760493260231829 -0.131272082963151 -0.0841080846605249
-0.38963382817485 0.0141513794562722 -0.296525809266287 0.0664645160398237
-0.375612431468095 0.242814615703736 -0.289925111730242 0.327148612297383
-0.221396124952388 0.367932785571845 -0.142380997397226 0.480921765683154
-0.084027439359723 0.421642098651044 0.00170657223357814 0.495889841784551
-0.0589393200386258 0.418700237233603 0.0534783421207038 0.405538848369527
-0.0772432815019019 0.374485967024956 0.00752290092843138 0.32190034006736
-0.160528801440891 0.306461379370127 -0.075837070610357 0.186175278808438
-0.236123638822338 0.177217961796784 -0.153732808013101 -0.00761562797494661
-0.178408569504252 0.0283473607351175 0.0159541098412053 -0.258380743810406
-0.067578849434023 0.0797870122174413 0.274592038944515 -0.217593947454323
-0.22219347892941 0.124528928581424 0.458707180932131 -0.00365431591370169
-0.404454891641143 0.0661210443989366 0.572909572922009 0.101984106511751
-0.172362620694018 0.021535942091241 0.38440568034501 0.32214387995924
-0.0878729503389534 -0.00174738155324003 0.252748664422784 0.0385115091106432
-0.0900867336648581 -0.0698822194764065 -0.0441524628543955 -0.0637442683640191
-0.201576843944431 -0.039962729398602 -0.297281112461536 0.0274741634901635
-0.205186128122144 0.114493397181147 -0.354897504526534 0.36586945225317
-0.124131922142308 0.189323766100124 -0.19307589307682 0.589722127128894
-0.0632461521252957 0.232856915619271 -0.0254714971748525 0.618310560641783
-0.0621587733063309 0.22548793050578 0.0308954879719093 0.519719796219223
-0.0848488336066494 0.191802785920338 -0.0308700746757453 0.411291179197761
-0.136660008342983 0.114179147418899 -0.123511361215877 0.220485811265974
-0.134254698940215 -0.00093559328564702 -0.172211959551985 -0.03335823292685
-0.0237081852602665 -0.0740519970572333 0.0591814662636133 -0.286023463282295
0.0783753137940972 0.0650254869063565 0.331515306185979 -0.184715234990387
-0.0771395728880952 0.155464525880541 0.456410517763809 0.053212124127955
-0.222259318473353 0.105834398030168 0.619046672131604 0.11934114394945
-0.0189021494794544 -0.0832317614503486 -0.582840061643187 -0.0742372575141726
-0.0832577195412303 -0.0978682194735105 -0.439575047334 -0.0604785458955938
-0.119494256641035 0.0132328649082659 -0.395744360261446 0.0914292067738253
-0.049148828790242 0.113048380614271 -0.1275050048852 0.335596791654721
0.0316256711831542 0.0960994851408642 0.201332706099017 0.138223975382509
0.057980887639652 0.0613921172669992 0.221333117690478 -0.193381034640495
0.0720923446366065 0.00788935638308782 0.0837265969879368 -0.436068262143914
0.0500154365261381 -0.00869137852880415 -0.0109136988373513 -0.561299766934709
0.049756047326786 -0.0122666309441264 -0.0108247372619771 -0.642835956695087
0.0511990062537493 0.0257785905766571 0.10324096975739 -0.626047158687837
0.0321620380946351 0.0687504715204813 0.272189805551206 -0.464953995912989
-0.0114067481837381 0.117481476812682 0.278425260914689 -0.14259163441943
-0.143783371978611 0.0548541037874559 0.0678732780056773 0.0190331704341477
-0.151064720041544 -0.102370727380489 -0.152302056355185 -0.0872561893214459
-0.0639709558844301 -0.124847843686707 -0.365180963531747 -0.329779468742408
-0.2130627825388 -0.0886824964752151 -0.548772253783315 -0.0731411235231355
-0.237197246491375 -0.0442506534475581 -0.381704288987072 -0.126825024816432
-0.194700088670658 0.0863095755207537 -0.404152832033924 -0.000469020800891348
-0.115995390869073 0.168822107126807 -0.194379035358097 0.300091954034179
-0.0565285382970924 0.189931748103417 0.15895729526639 0.182192908804975
-0.00370242520435645 0.203047328790242 0.236655916505042 -0.133663706887919
0.0548550333392634 0.196146507504309 0.117082268316156 -0.393175086383607
0.0439915527701287 0.220205031776731 0.0122272923709017 -0.515609096018815
0.0370313411084445 0.226057340524514 -0.0210710279347471 -0.587721260786666
-0.0165924834479737 0.276425880435958 0.0537162363394106 -0.593745484418117
-0.136779512180481 0.275125977207905 0.198455187632646 -0.473867785147613
-0.246074335455807 0.222072880642031 0.247978622711165 -0.181745592111624
-0.365535686985504 0.0501600597496838 0.0783000408634371 0.00180008742300548
-0.372798685134545 -0.168759222334271 -0.110687658189822 -0.0667178433929742
-0.290909008226014 -0.195562016317776 -0.28025191057171 -0.272536217848551
-0.395179296612167 -0.10815057423626 -0.444610133657605 -0.0591701099317498
-0.409753398510976 -0.00556646852693678 -0.310350264931508 -0.196827125195677
-0.291385931338297 0.152123278854016 -0.415943210080932 -0.0684568508138381
-0.195768693134822 0.22269920624929 -0.245677364425267 0.272643235282982
-0.157247767424235 0.274780622095426 0.109628364915398 0.215996198595667
-0.0802360360041112 0.331664619372562 0.222534433525975 -0.054383461339198
0.0210244031833011 0.363210006512205 0.131936211049035 -0.285443734243516
0.0334354502522474 0.414366807175519 0.0377431825860825 -0.388970446453273
0.0339740337825451 0.42356221435678 -0.0182995209521722 -0.447451895278926
-0.0474343003577879 0.48723707598832 0.00482355377221427 -0.471878890259071
-0.241457379415039 0.465687721909398 0.101066744054691 -0.411904207603072
-0.407508319433798 0.345882456762577 0.190390692544294 -0.209993782871644
-0.523179606231605 0.0947663912168474 0.103844118937548 -0.0371891852217806
-0.539597372247762 -0.165717610577726 -0.00507081184494592 -0.0398261395267159
-0.47616306795625 -0.205258828945698 -0.123889565810761 -0.179453953731699
-0.520022806570828 -0.128578487330691 -0.272764264782912 -0.0175011905263412
-0.538474083752095 0.000703457185725497 -0.213526218366027 -0.253800313568797
-0.385261697344866 0.162370806220588 -0.419625713946087 -0.111983557758786
-0.304051389660513 0.240651064573626 -0.28538057644355 0.251680003825988
-0.274441944996138 0.343385774923996 0.0462900432670509 0.24911712081146
-0.162547966202195 0.436414575405213 0.17213140490039 0.0498172729283577
-0.0169004047340973 0.488105771637097 0.126146700639118 -0.1219515393801
0.0184106296605176 0.541983490711024 0.0586731295412755 -0.203159931577294
0.0278896539228593 0.543890054543422 -0.000145436192234073 -0.251215393651099
-0.0594442298324424 0.604177862977848 -0.0224729918811275 -0.290125058759996
-0.28350947950051 0.569518834198394 0.0131341428328615 -0.287613599224468
-0.463982278426794 0.410523500647586 0.116857780014117 -0.216126742194252
-0.555212728002856 0.145553742016808 0.133815955578071 -0.0931774075387562
-0.595044971056205 -0.0998444205149154 0.141325671011201 -0.0331578457004329
-0.583111681533206 -0.153387432463234 0.0773023730874193 -0.0832422284518334
-0.55403405965092 -0.138098948776387 -0.0667001244172657 0.0540755686381393
-0.563182916691171 -0.0222420338566486 -0.0919245203373624 -0.253531389554841
-0.429180708213906 0.0995789892935807 -0.373823635625642 -0.11967672149721
-0.411410528942728 0.196726975887954 -0.301489935018399 0.216506937272122
-0.384506793809129 0.371924722555283 -0.0464466468026901 0.278752896570833
-0.227154032093351 0.49595375433058 0.0859114007534589 0.18319482920328
-0.0485182796157207 0.549230656660093 0.101009241190023 0.0808701362632782
-0.00088732535076985 0.5849378229254 0.0732204354818471 0.0128577318669472
0.011297780454452 0.570261725279412 0.0223201597725553 -0.0365002644099835
-0.0827536524446204 0.599238795359351 -0.0279596797952476 -0.0914171817841
-0.291736495490351 0.539614258138914 -0.0536975775937299 -0.143891702580483
-0.427872496554008 0.356468144914772 0.0480440529264266 -0.210877575264393
-0.451040127051872 0.152720217575197 0.16463491382164 -0.15514627142656
-0.526458927389629 -0.0108301062166482 0.286674599928536 -0.0444326990641536
-0.597578844641241 -0.0656826700402044 0.282813780196496 -0.00791773054223508
-0.495674630536069 -0.112290435825723 0.132802310384459 0.148939855682927
-0.47156492462413 -0.050665604446325 0.0401848213250595 -0.179027405109706
-0.390946108143896 0.00113634368481735 -0.265593975822973 -0.101905589154316
-0.453404435637962 0.113006631820485 -0.298103893090888 0.150669059294552
-0.424390998771328 0.344433284464197 -0.16233954760707 0.30652622597261
-0.24567839666429 0.477218761694378 -0.0215845112601949 0.335135202742157
-0.0642680525518115 0.524975420292568 0.0645380693711033 0.295194969559734
-0.0178448547110109 0.537831372314718 0.0773730725708758 0.222251215409016
-0.0220578826303784 0.503600993038954 0.0343495156043665 0.161982503375815
-0.116300358145477 0.484479496930421 -0.0368519953323543 0.0786194758511141
-0.274360700111636 0.388765339284073 -0.107771614317133 -0.0365938478777008
-0.321207654709865 0.202540330550668 0.00248673436717715 -0.222265241783269
-0.258449206678582 0.115224398743908 0.202914144178803 -0.206277950250752
-0.375739389235244 0.0736477860018587 0.395780104438015 -0.049034174782182
-0.525501474506709 0.0229892558649079 0.454406115519275 0.0394732003754805
-0.356395645106718 -0.0539683237731869 0.292758678730091 0.239890989840305
-0.298622111169101 -0.0466890918544824 0.162143865282548 -0.0652077380724074
-0.270895914908185 -0.0624243141424988 -0.138300723367975 -0.077655056706319
-0.3824687250147 0.0326800175856241 -0.290677581189684 0.0792109053998961
-0.354130837373882 0.258061508441056 -0.270676938703154 0.336031840981599
-0.199615972144471 0.371788576375789 -0.11298445360426 0.480461792094874
-0.0623079332761364 0.415588065936086 0.0295032298152761 0.480645033250543
-0.0362890262455439 0.410898544219024 0.0715768369268833 0.394528089136109
-0.053510990967034 0.368565242515033 0.0221496444907526 0.313444151125483
-0.140173653040546 0.307405800420194 -0.0662103164855081 0.184479396080656
-0.221343612339276 0.1847376193495 -0.151610613693304 0.000675710881544494
-0.172814356663818 0.0361194770954712 -0.00301767706794117 -0.254926504350556
-0.0588556723206737 0.078621861968649 0.256198489573692 -0.225398479538042
-0.211070606678844 0.134241667019973 0.45051299420202 -0.0241021670354842
-0.389228107240223 0.0864417791000146 0.563780645332653 0.0680094798292394
-0.168317572880673 0.0310682180744577 0.389814058583207 0.296269053197708
-0.0864619827641983 0.0038327562031824 0.24517544055369 0.0241592899386775
-0.090729734691863 -0.0646725075176329 -0.049614754615898 -0.0615546945780072
-0.201075467824157 -0.0295178667519998 -0.293166971090561 0.0403740137611105
-0.194824109179279 0.12285082575635 -0.331627759624766 0.378109068643122
-0.112891215125723 0.191702433127999 -0.156585403980875 0.587511821201453
-0.050225323455967 0.229838519786575 0.00875420366932979 0.603177089855956
-0.0484627829782715 0.22326720912756 0.0546501342376797 0.50639145580387
-0.0721800720668765 0.190764370263634 -0.0117870341701338 0.402455729577331
-0.127209801970044 0.118441308394517 -0.110248605287681 0.219102662999884
-0.131022623988239 0.0054221196185783 -0.170316756734296 -0.0248567581858329
-0.0269278630445112 -0.0724642724600811 0.039517913675303 -0.284876003613838
0.0829837331980605 0.0579754180722851 0.313428894022568 -0.19672508485343
-0.0672949378066814 0.157106328563939 0.449605828350076 0.0295990561589408
-0.210923028001552 0.114026285943168 0.609658307009151 0.0836828604767182
-0.0203243427267129 -0.0813643082717396 -0.571581487284239 -0.0487930923641171
-0.0854594998839222 -0.0927364757762038 -0.429683733378027 -0.0421043093662939
-0.115699806549376 0.0167051818748991 -0.384819136935359 0.104789821874798
-0.0421909071166524 0.111912094676274 -0.109607766700526 0.333657709926476
0.035539041131034 0.092555637475903 0.203020875887259 0.128320317514413
0.0609511891850822 0.0579823177524403 0.209160194911714 -0.195267618195436
0.0707979141137992 0.00464259352984994 0.0643753619763835 -0.425622032879452
0.0468163259151636 -0.0101568485502833 -0.0315757360020241 -0.547694301176303
0.0460497145466872 -0.0137442247483375 -0.0373710575009057 -0.626186307351045
0.0512119143741355 0.0222670877015425 0.0740188663115551 -0.615378277857544
0.0357170843019757 0.0660589557548717 0.246784660015105 -0.466764676440448
-0.00464226693667395 0.11600724245092 0.267166871577493 -0.150827976880419
-0.138892189367535 0.0604927690195596 0.0703636234157304 0.014597368830678
-0.152820265368091 -0.0934548744693503 -0.150725970035535 -0.0809962360299596
-0.0668821064263062 -0.11688206898381 -0.36744800691239 -0.30529057131986
-0.20965871205334 -0.0792062999009444 -0.538858296233662 -0.0497467774753326
-0.233938251683896 -0.0327316262701272 -0.376233370968989 -0.108113090013371
-0.183313669258781 0.0908782329620516 -0.398242250830536 0.0148179020316599
-0.103852659135263 0.168880800738087 -0.177319863378941 0.301232589814596
-0.0452433057262757 0.187570569023854 0.161553865839856 0.173423703645405
0.00645384969378027 0.198388773756102 0.226622681433904 -0.136499265908603
0.0612200212106235 0.187846255428702 0.097906988479343 -0.385639783011428
0.050829629179619 0.212771031627446 -0.00960116384205394 -0.504222274813126
0.0441474751867501 0.219482123995347 -0.0438507712050414 -0.572456324522825
-0.00500393266267581 0.26941651046033 0.0259383872552239 -0.579048360791051
-0.120726381050675 0.274672047579519 0.173764888774627 -0.470976602014025
-0.230836534472948 0.226650186346854 0.234957707541243 -0.187434123509331
-0.354363100846368 0.0619539856075853 0.0792470977811032 -0.00300724109067684
-0.373712643782979 -0.150796263177291 -0.108899310005734 -0.0621694296682336
-0.290129990163941 -0.177551766521307 -0.285075727965356 -0.253935731471194
-0.387880926313645 -0.0915479593507746 -0.435862648052869 -0.0381054541382638
-0.401296611252673 0.01233465189074 -0.31135821614825 -0.180155372183311
-0.275549209306819 0.157580043502583 -0.414700489052035 -0.0516568955195144
-0.178635725422342 0.223439921183388 -0.229333159743119 0.276174177132133
-0.138566832015636 0.274481011076787 0.11449483954353 0.209832681395546
-0.0647912337195912 0.32532474166379 0.215187584849974 -0.0578940454712597
0.0350301176472358 0.352089995934742 0.118699424553376 -0.282226513956159
0.0482183168326002 0.402885037828808 0.0205285817962573 -0.380631450889467
0.0486688203137669 0.412289392603101 -0.0367620835078218 -0.435769992513451
-0.0259101183346264 0.475731740958576 -0.0185092101193491 -0.459565826097881
-0.215611795525073 0.466486012808578 0.0799493328689959 -0.405992753438725
-0.383427667004893 0.354918688014382 0.175225721823454 -0.213900727812295
-0.506510995635626 0.112925185584737 0.10284990018227 -0.0418029790131332
-0.536307733107109 -0.141810432337035 -0.00458449419900562 -0.0387472651736673
-0.47207204438408 -0.180458571029667 -0.128549961205503 -0.170047338571049
-0.511039749335366 -0.106839950973781 -0.266166421251057 -0.00520804889114502
-0.528269056319539 0.0247426507268454 -0.22018753049617 -0.240005083794806
-0.366995164551795 0.171639618334812 -0.420348574338106 -0.0913215017998657
-0.284080419347314 0.244725683349147 -0.269722845497649 0.259823672457811
-0.251268653360469 0.346734577216728 0.0526992106217257 0.245096614063109
-0.139864169481427 0.432989784215595 0.172054642077714 0.0463952400969542
0.0011872576101413 0.474967959184787 0.118843161124859 -0.124076768750488
0.0397015857348933 0.527230107734934 0.0483225966443439 -0.199420894578349
0.048526817664882 0.528859652348625 -0.012252271639891 -0.24494488371912
-0.0334616363317849 0.590270853926575 -0.0363894736371735 -0.28088475981756
-0.252604418849512 0.569412376598458 -0.00199413040180699 -0.280461103751902
-0.435624112043059 0.420073945772517 0.10213553874925 -0.216415155840034
-0.535624550678644 0.163973750253393 0.128394200173506 -0.097495197772491
-0.588358607802307 -0.0737862411483049 0.13982819511581 -0.036914701353905
-0.573893679730459 -0.124910266164739 0.0710815189485925 -0.0857125329472823
-0.546352452712943 -0.113115280392925 -0.0622950037014353 0.0570600478347929
-0.552629713057262 0.00264637864918537 -0.101645679755178 -0.244895887503767
-0.412671101510276 0.111519305911896 -0.377672587535154 -0.103801524245377
-0.391993058304254 0.205608533865483 -0.288018682958025 0.224524055417613
-0.357965632186416 0.379027459290424 -0.0363369956402808 0.279414370128317
-0.201937004711572 0.49250118708091 0.0920714582667162 0.179827747091134
-0.02882466022516 0.534901743016664 0.1031595931484 0.0732092999884471
0.0252555016904903 0.568313769009158 0.0709536029419367 0.010461727333939
0.0337039187306439 0.553672659745838 0.0190375829618108 -0.0362701278816538
-0.0546209251947848 0.585988694868075 -0.0335125937585941 -0.0863751908879052
-0.26216455825485 0.53986771609842 -0.0605819497284559 -0.136962512575317
-0.402761376791257 0.364964137329068 0.0334396632090282 -0.208758796582815
-0.431494313452887 0.165345393908448 0.155145713045417 -0.15883790647637
-0.517093766727623 0.0110019293083198 0.281572243054069 -0.0544135831359905
-0.584154666584351 -0.0387085697093033 0.273754740343598 -0.01984855420432
-0.487514917754242 -0.0915968368372758 0.135312872976567 0.140335890895459
-0.464000004008514 -0.0295744981615834 0.0290862308441832 -0.177075054172496
-0.378777373074705 0.014925456298556 -0.270029990111334 -0.0894852092096395
-0.438226399424256 0.125127360130475 -0.287221771835492 0.160977340810301
-0.397637674098776 0.352458188888568 -0.150214712007059 0.308673355592259
-0.220939896940056 0.476226506911316 -0.00558957454147773 0.331996508844506
-0.0429581520003221 0.51275491633286 0.0751525804840195 0.282590622987805
0.00374141553333129 0.523567461970693 0.0841637002522442 0.215298638142346
0.000918756349241649 0.490689778111483 0.0380842699994488 0.156778274365598
-0.093873218845174 0.477807594255501 -0.0349362575651789 0.0775983439309145
-0.25105247383921 0.391177312431479 -0.107816664085569 -0.0306454113397391
-0.304331691942007 0.210886287044058 -0.0126645361346513 -0.217936632886111
-0.245310883470486 0.120381027130894 0.190197473117431 -0.209233965171448
-0.364953153911243 0.0870843873246822 0.387412311552577 -0.0623781648345851
-0.50958011094923 0.0448352876808313 0.442334168558865 0.0192212282556387
-0.350500931826882 -0.0370010908872023 0.29294204382887 0.222944025906883
-0.294030281363232 -0.0329289305555682 0.150616512946432 -0.0703545270018232
-0.264943551195615 -0.0525075956956173 -0.143086375537636 -0.0712345453182996
-0.372518339381576 0.0457353682598281 -0.284186875565858 0.0892701468036732
-0.335485284720845 0.267181478968549 -0.254930581628681 0.342119301517414
-0.180733014925455 0.372245117230134 -0.0900015135647689 0.477168879367352
-0.0449687283504832 0.406744133549105 0.0487854284371993 0.465257948823168
-0.0188002127565145 0.400228050335353 0.0849154394565971 0.383626975640077
-0.0373545306496926 0.361431387444884 0.0322084187176078 0.304230948035394
-0.123669814485136 0.30534178319007 -0.0593567491079562 0.180998398540082
-0.207726640152845 0.188894168260093 -0.148528830443412 0.00658319962200165
-0.165855287906786 0.0408486106366442 -0.0185125060113048 -0.249584043144321
-0.0512393866938112 0.0771768422265935 0.240639412005832 -0.228513534463134
-0.200555590471604 0.140794015877858 0.440673958278278 -0.040265046101499
-0.375563001886802 0.10089212903734 0.551837845253711 0.0411101871308766
-0.162489961127732 0.0384471794718547 0.3908559700985 0.274896164414903
-0.0838976226226439 0.00792947257875743 0.236207340997432 0.0147544578216257
-0.0900187937087603 -0.0609026887970326 -0.0542262456432622 -0.0578266992484271
-0.199788212555636 -0.0209178047217036 -0.289131461139491 0.0508091371021813
-0.184424525828792 0.127907129144865 -0.310724658142535 0.38244462464105
-0.102859424455605 0.191600839479286 -0.12751293866722 0.580634248195605
-0.0407227278656438 0.225105108576388 0.0313716485803895 0.585483071330693
-0.0381606134293887 0.219738582413427 0.0728453567777858 0.494875187648901
-0.062182236008948 0.187919037120173 0.00347899532588979 0.392951441757479
-0.118828694233988 0.12021060362167 -0.100793855839865 0.21613535795422
-0.127765469192745 0.00916216666932755 -0.167074962167381 -0.0187180093858657
-0.0278854171918018 -0.0705844852205385 0.0228248797288414 -0.280282300690384
0.0860262457600721 0.0511316742934408 0.297116230286933 -0.201173730145333
-0.0585825137516006 0.157020133763391 0.441371466858914 0.0125696291873505
-0.201132443403262 0.118972561979189 0.597585139493008 0.0551127315910106
-0.021094415320813 -0.0798231054708186 -0.563970422160248 -0.0323327540456333
-0.0877053747398014 -0.0890719023907647 -0.422986667492334 -0.029565288488322
-0.113250810706996 0.0183870115234475 -0.376933978373526 0.114352541154264
-0.037868360254646 0.111013400652799 -0.0960039620079391 0.331882897608825
0.0383233483207361 0.0903206555397924 0.203884649930666 0.121492154514447
0.0636901844671427 0.0549274147988078 0.20182627014073 -0.195100403685554
0.070132584010061 0.00230493640961693 0.0516289108173796 -0.417121618489901
0.0450954756140048 -0.0102302227257091 -0.0475569734563094 -0.538036171154071
0.043146119016507 -0.0138282881459085 -0.0567576647470853 -0.615864492477236
0.0503996357023548 0.0195156700187609 0.053873762298754 -0.607098318127703
0.0382656254133503 0.064244443884132 0.228928898450601 -0.465981202946902
0.000122325856009065 0.114112610188415 0.259785026343702 -0.15562464466864
-0.135258253304445 0.0641475417549139 0.0718457640570679 0.0111593039949862
-0.154495281270024 -0.0866817975771932 -0.14884818436699 -0.0780279495660404
-0.067175156040359 -0.111401245626534 -0.367325354124383 -0.290753095213607
-0.206567136544443 -0.0730887868257464 -0.532537628837097 -0.0335100012542871
-0.23203145032337 -0.0248360399004073 -0.37322413292444 -0.0959996078129699
-0.176239950555562 0.092252022067297 -0.395142742044103 0.0271130148075945
-0.0944184944469034 0.167510653889373 -0.164762134126687 0.302103030003878
-0.0375567422239205 0.185416924139472 0.163116344654007 0.168537645517313
0.0133940574759279 0.195164097472512 0.221069239284682 -0.137610569662147
0.0653545437346841 0.182537196218674 0.0865454998035136 -0.379065413231433
0.0566335771164249 0.208279744104015 -0.0232350186787792 -0.495511588285091
0.0479624527336131 0.214467002059799 -0.0604259560948875 -0.560691441407687
0.00225120465630246 0.263530957452167 0.00732114470167337 -0.569435755528109
-0.109806199524943 0.275293920014952 0.155953804206726 -0.467587754933187
-0.218837944064254 0.229925088692275 0.225845769451545 -0.191653964360942
-0.346561379048328 0.0715073598759982 0.0807337856952825 -0.00670308729092818
-0.373752341957445 -0.138644625431124 -0.107551757529717 -0.0598620002447893
-0.287615323163605 -0.165673211244576 -0.287271628486393 -0.243047192086763
-0.382469728231742 -0.080922229702294 -0.429421752782245 -0.0245114325864266
-0.395892972173819 0.0250415759381528 -0.311196957446308 -0.168778345387241
-0.264340017816237 0.159807945678711 -0.414889147070477 -0.0388496844599176
-0.166271387510027 0.223169719755479 -0.217781393269767 0.280093898846957
-0.125454307169283 0.273376303023274 0.117341554186406 0.206886239433672
-0.0530139901199327 0.321519304282188 0.212808572153387 -0.058775165993552
0.0430735476730496 0.344230212911979 0.10903068160127 -0.278960647095738
0.0592323647484126 0.393894407626793 0.0088845085821314 -0.374512885093772
0.0604846869824096 0.403548387144948 -0.051277964998206 -0.427155261065554
-0.0108993335347786 0.468302176289643 -0.0336749979660782 -0.448995235526527
-0.195979705901205 0.465056489587281 0.0645182801701796 -0.400939830520948
-0.366854238006482 0.359098193755446 0.16476512994412 -0.21620136739485
-0.494195818186825 0.123357422872132 0.102105428843925 -0.0462623517083077
-0.534078126499603 -0.123926548233141 -0.0032934295123297 -0.0386792423166391
-0.465399894215185 -0.163460412122597 -0.132805550523455 -0.164727668446818
-0.505023689293371 -0.0930089361529818 -0.261395851418453 0.00297412896322689
-0.521750217419926 0.0419182433393421 -0.223624047559506 -0.230186737118701
-0.353897271798413 0.176909887694354 -0.42326418402318 -0.0806945547510529
-0.270089663708976 0.246634504499827 -0.259081686898839 0.265530637518085
-0.234442644860361 0.347737685006315 0.0584734473991425 0.245166815694543
-0.124122916365775 0.43065281023637 0.173233268121172 0.0455242736587377
0.0133991627667285 0.464623867131264 0.114198740861773 -0.125831440604843
0.053686225599807 0.516431257571331 0.0419597130900547 -0.196619358466388
0.0643446736426439 0.518976189836678 -0.021190322392617 -0.240313416415898
-0.0163221020600785 0.581089035503019 -0.047229391483909 -0.273247230095069
-0.230008424442278 0.568714607027026 -0.0117159533739323 -0.275056765043513
-0.415275130034626 0.425856743802961 0.0905018612493846 -0.21645645201969
-0.520829839895645 0.174119109308596 0.124778901246579 -0.100817079955393
-0.583876333777799 -0.0560906087168618 0.139238835815408 -0.0407074506058427
-0.565030050676894 -0.106601901315445 0.0655187928771529 -0.0866256867267492
-0.539502972592278 -0.0972882796495397 -0.0588188711486689 0.0584547059830221
-0.547005610496703 0.0222074985805808 -0.110293991178826 -0.239309360516255
-0.400740695886923 0.119169202333805 -0.381591530433307 -0.0915903353563485
-0.379533751135213 0.211844691689077 -0.279241907127526 0.231757577254359
-0.339821035289047 0.382539944746563 -0.0288576029635669 0.280696073492905
-0.184633903629386 0.49164301909479 0.09930202673969 0.178571190286666
-0.0136945656553158 0.524986885149335 0.104288892215689 0.0679167052998922
0.0403293057931335 0.558332350255716 0.0701543861294536 0.00931451033205297
0.0491859418394349 0.543542926097295 0.0154874256555283 -0.0353629103118855
-0.0359038859017501 0.577863150262411 -0.0385487347430201 -0.0825935869843507
-0.239527869447971 0.540076115795892 -0.0652932082433095 -0.132147663261285
-0.383845360544225 0.371495275021195 0.0223353830980952 -0.206588274268437
-0.419119003005069 0.171319008940048 0.148803880342972 -0.160839212844387
-0.511594402775978 0.0268409566666348 0.278655545142176 -0.0604299007567155
-0.572014842070108 -0.0209701230670714 0.266857875209243 -0.0292121880649091
-0.481097269283982 -0.0764311666772367 0.136885219276224 0.135178541859854
-0.458488489826705 -0.0123700868670742 0.0202499866747194 -0.175483644609036
-0.370062346087981 0.0220279358941208 -0.27472897163928 -0.0800781306970701
-0.429922435672105 0.135059486762025 -0.281349412365417 0.168942486671005
-0.381572733878745 0.359574002324445 -0.139728101361141 0.311845443592274
-0.203493790066196 0.475178416941397 0.0062586681745364 0.330026909788573
-0.0304915419038371 0.506013459530509 0.0825310761192536 0.272557642985402
0.018393818475671 0.514008880213534 0.0878458051468874 0.209319127749562
0.0146811596783915 0.481628039191092 0.0396844293499442 0.153203949184581
-0.0779819567325009 0.472346684032684 -0.0343984865156387 0.0783256812697469
-0.233748915365666 0.391869137406101 -0.108684515046909 -0.0264606410822878
-0.292527771468538 0.214172361639088 -0.0246824394200388 -0.21418898505755
-0.235197859077834 0.123076062519551 0.181786532727324 -0.211045317193217
-0.358731798122939 0.0971694122222748 0.38268109704567 -0.0718338725501052
-0.49855691392273 0.0587575965183642 0.434681454853339 0.00756747845438784
-0.344749664650351 -0.0266454703918043 0.291663900984723 0.212257737737672
-0.290251263641905 -0.0215833943305421 0.142577013008175 -0.0728351867883834
-0.260191998506572 -0.0466380055950137 -0.147627812691653 -0.0652107190801438
-0.367547191410079 0.0547855195014684 -0.281129912109102 0.0972797549266575
-0.321365058552547 0.271697883402678 -0.242337700595059 0.343603529742866
-0.167937161146072 0.371017263344605 -0.0719442899133413 0.473202751949836
-0.0346669973412066 0.400245649673439 0.0602187795075352 0.453105550325016
-0.00677340785200136 0.394574355902339 0.0940846723628044 0.375459293246436
-0.0255540331571795 0.354511638672821 0.0390115848815464 0.29799262312361
-0.112748381693775 0.303837010887816 -0.0549389166229653 0.179248261676356
-0.198127198723028 0.191294371100902 -0.146452642175265 0.0101800936606016
-0.16121598693253 0.0442295694571418 -0.0309285439675065 -0.245606723041299
-0.0455209225243835 0.0752027081563153 0.230585767356951 -0.230223528757614
-0.194123504213555 0.146246694656532 0.436169115382767 -0.0516456416620077
-0.366117773512846 0.109770783054227 0.542639923916779 0.023618068721222
-0.157957799616706 0.0439591531925081 0.388057698807569 0.2596847925302
-0.0816045151147607 0.0122589742477425 0.228569624840531 0.00910677354077481
-0.089076961972451 -0.058536335669529 -0.0579706486181137 -0.0548428619623188
-0.198633715137223 -0.014813938646747 -0.286430406114392 0.0588210966271152
-0.177343906664104 0.131602486696236 -0.296495813991026 0.385847321611898
-0.0966021715109321 0.192171577062793 -0.106338059041546 0.575176870920949
-0.0346088365659523 0.222510938736024 0.0479831109881237 0.572664387898133
-0.0304586625723556 0.216595421743448 0.0848590324546418 0.484161725247726
-0.0557127132712516 0.185475737267342 0.0117884264621239 0.385956175324092
-0.113043417522257 0.120877582989855 -0.0945504461387748 0.212897329761392
-0.125117882328358 0.0120936288230934 -0.16561764728396 -0.0156167823118276
-0.0286568810666843 -0.0696592191922519 0.0107223792739902 -0.277573256128129
0.088117239645695 0.0455455007077043 0.286563746738699 -0.203168298655055
-0.05329149897223 0.158052881626916 0.437749691978361 0.00187878435219178
-0.195138429309927 0.122167283426619 0.589390009181027 0.0350710779254451
-0.0224990942546399 -0.0799197092066194 -0.566856299190447 -0.0167391448762325
-0.0908964989622184 -0.0868576876067172 -0.424475311423062 -0.0201973536795253
-0.114013361788433 0.0197096809179065 -0.377502503368143 0.125436433319548
-0.0345695420084735 0.111474643776138 -0.0869206804892707 0.335047832112535
0.0413525308201156 0.0888446225954624 0.207017408935771 0.11813311529253
0.0670556279799706 0.0531854281989985 0.198922291391076 -0.199265796691665
0.070541734869423 -2.84388803300367E-06 0.043313491306328 -0.415605557760125
0.0440960242347988 -0.0105459596204471 -0.0620249305556889 -0.537654505150374
0.0412811663616883 -0.0149980683341347 -0.0751392575878109 -0.615609653699829
0.0499655056225427 0.0171592083744921 0.037488975560749 -0.607933185885686
0.0408962743949031 0.0639784477253572 0.217726026894294 -0.472166543072006
0.00442154283138781 0.113660701577184 0.25774412260821 -0.162061127600044
-0.135114690435659 0.0679708842839663 0.0755628744392514 0.00743709851137906
-0.158241251467031 -0.0823787604183066 -0.150421688464616 -0.0778773444980403
-0.0667704593202625 -0.109087354449225 -0.375272259068624 -0.281615621250561
-0.207069675937595 -0.0696356945188736 -0.533852172315688 -0.0186372479547606
-0.233773278796425 -0.0174598213858925 -0.375707277476581 -0.0845974999554525
-0.173327119051431 0.0945268718120885 -0.398808483516601 0.037049343405748
-0.0887250930568152 0.169575093996475 -0.157377439707839 0.307048614274914
-0.0305096287443248 0.18570880335745 0.16681184100833 0.167427760009972
0.0205841301791635 0.194172880789093 0.220014673559789 -0.14024854661959
0.0700186339995163 0.180728394671514 0.0776243162012804 -0.378341598112026
0.0616197513213824 0.207863626086009 -0.0376733350568004 -0.496618888741161
0.0536007094700583 0.213700092007884 -0.0769592298575672 -0.560128026098018
0.0090659013714385 0.263677109057004 -0.00991174286787016 -0.569935475213507
-0.100844021220778 0.279046766966092 0.143866591698125 -0.471766451720483
-0.212471284511222 0.235068516606506 0.221098419604399 -0.197486314606559
-0.34619335301388 0.0797006868128924 0.084244710678556 -0.0105686638206706
-0.379817174224548 -0.128075049264014 -0.108119700480261 -0.0595369116127138
-0.288881979265396 -0.157978789388534 -0.292981416621107 -0.235488254681048
-0.382972219926306 -0.0740212408296107 -0.431049619637625 -0.0132651736770134
-0.397644660552558 0.0375560163708897 -0.316020577613973 -0.161157797801149
-0.258572538774567 0.16415642702463 -0.422264418650708 -0.028420448752734
-0.158342111780493 0.225974311474238 -0.211895837051362 0.287510545713612
-0.115827513455538 0.276002791060166 0.122519473048426 0.208499991058188
-0.0410414703406849 0.324918287658078 0.214544795633514 -0.0602539835166021
0.0517074506512932 0.341353970057212 0.102171926547679 -0.280657913126325
0.0701257892303053 0.393217566952705 -0.00124791309394257 -0.375085903836495
0.0707524922591208 0.402473808110981 -0.0625220117254285 -0.425876207040108
0.000724397995140121 0.468293577128985 -0.0487274619251346 -0.447183497056461
-0.181358506714138 0.473105448683688 0.0528924223066294 -0.403525976264017
-0.355640729910177 0.369941712106387 0.157719382685272 -0.22041924576632
-0.492427235288796 0.135382509055062 0.103774968362605 -0.0502571639149868
-0.543337948343326 -0.110618474941186 -0.00170705036007474 -0.0400098894644021
-0.465538013334348 -0.151425687926329 -0.137895764314726 -0.16095769895291
-0.506982856248626 -0.0827620227723935 -0.261145485961206 0.00967166102555077
-0.521957899171851 0.0595393931560847 -0.230900423040574 -0.225297175186681
-0.347832104146231 0.182514185312276 -0.43240199542792 -0.0684172126940121
-0.261505854959539 0.252073269202806 -0.253075120191504 0.274875928633941
-0.22269881213669 0.352318062652305 0.0652143698738254 0.248603110544032
-0.111189312350512 0.434112025970235 0.178625384991562 0.0457125705087038
0.0238200319655664 0.465800552889242 0.111959870406419 -0.128708214985384
0.0681384664600502 0.514640275481073 0.0366439721766643 -0.19743095935268
0.0782327653132374 0.517341096382288 -0.0285021849470185 -0.238811865196681
-0.000519808744002847 0.581090827312993 -0.0570859106829108 -0.269528909292905
-0.211593019882918 0.576719189575185 -0.0212420485570135 -0.273037452021331
-0.403266856554188 0.437415697571627 0.0811087313967985 -0.21856010578656
-0.516165881581157 0.185307242715039 0.124660511586913 -0.105606561300917
-0.590996052629218 -0.0406029145075328 0.141277059657348 -0.0446471167538354
-0.564470614432468 -0.0917322698561427 0.0624653023636823 -0.0884833176407928
-0.541410534096214 -0.085491439229815 -0.0562265977003433 0.0600724606455483
-0.549066875767924 0.0391655299691359 -0.117531140913339 -0.236799385190629
-0.395322664708945 0.125540013370844 -0.391448003453819 -0.0800697857466368
-0.373897659144654 0.219144770989544 -0.274400738813867 0.242974364019633
-0.32718280586063 0.392417536081936 -0.0213480408748304 0.286272919420177
-0.171740050070598 0.497766357088378 0.108787764047343 0.180258061430619
-0.00152050728294762 0.525918442066389 0.106022768233552 0.0632905531099043
0.0548777629393173 0.557244619708306 0.0707114238238998 0.00805883506069635
0.0645738435607698 0.541513959417029 0.0132296567151958 -0.0349629514000203
-0.0199731441064622 0.578688743113335 -0.043148930106646 -0.0795479547254424
-0.224338838972044 0.548238541307139 -0.0712205829670946 -0.129151721131329
-0.372403510233632 0.381020417508505 0.0111442333083701 -0.206783786560296
-0.413529046464381 0.180065070590515 0.146552984911879 -0.165466348261024
-0.514240995919808 0.041310046753517 0.281201822771917 -0.0683247388993048
-0.570669816170416 -0.00497637588284546 0.265503994250624 -0.0368362930780076
-0.481702391198941 -0.0648055413499806 0.140746334649127 0.132187926543249
-0.459813553409337 0.00249976898296529 0.0128288921540891 -0.175434109152984
-0.367223609730159 0.0282999426315722 -0.283658715088694 -0.0711282328982808
-0.426873566827058 0.144293935933204 -0.27896845135731 0.179489836757888
-0.370620876893764 0.369386775863416 -0.132275129388031 0.319445048790215
-0.19081829824885 0.483431197962499 0.0194977201632581 0.332815668374674
-0.0203838936715261 0.507663441213147 0.0901570867871293 0.268436715858783
0.032354872357173 0.513598343766862 0.0941458784160757 0.20811291440609
0.0283789326805686 0.480720508910282 0.0427464868866405 0.152476751967191
-0.0654631659887977 0.473721334310612 -0.0340662583337041 0.0802739573936318
-0.222063553072176 0.398275476267323 -0.111139578728629 -0.0223758313625251
-0.285465071685714 0.222544080124094 -0.0363085330964857 -0.213154233727982
-0.22995175056745 0.126806400670127 0.177962084857786 -0.215251174471555
-0.357635262677845 0.109814457854458 0.385727841294133 -0.082370639105247
-0.494980605774015 0.0738384063699273 0.434702126800597 -0.0080595652773556
-0.343799448730615 -0.0169847978416292 0.29652362610471 0.207159446750433
-0.29043545986676 -0.0114212833730401 0.138534316413747 -0.0753426574889433
-0.259825638752951 -0.042776303821183 -0.15439141696248 -0.0600555293484955
-0.36806123910659 0.0643838888378049 -0.280361615394551 0.106678040007255
-0.313559164619208 0.280851079761078 -0.234932447867553 0.353894487792488
-0.16005691810857 0.378497690455644 -0.0555698283046906 0.477959791012716
-0.0261634469454214 0.403426861731288 0.0724327085504704 0.450376046814742
0.00388121123147905 0.39464268276914 0.100764632256045 0.373793873154103
-0.0163054691976048 0.354787730023016 0.0449626956179794 0.296792658770326
-0.104207802377047 0.306069899296868 -0.0518112925824846 0.180845161893829
-0.192698401553279 0.196115474681993 -0.14758252942123 0.0133262550895208
-0.158229973493241 0.0472365988465803 -0.0429115619856802 -0.245516071869313
-0.0408880308344923 0.0745793417933564 0.227155029511063 -0.23499290703328
-0.190846729333465 0.154878447623203 0.43878376933669 -0.0614419183208728
-0.363077956300086 0.1205553299607 0.542974438092504 0.00722146431776819
-0.155808124168787 0.0490056701169858 0.392412277874047 0.252344703602351
-0.0802298325439458 0.0154935809525182 0.226774582596203 0.00495001235735521
-0.0880541006294581 -0.0577795721126629 -0.0615557744860641 -0.0531714367388665
-0.201021589718307 -0.00957243934581741 -0.289199926271138 0.0668921964731707
-0.174634224649325 0.136941946210953 -0.288820181455555 0.395188508802206
-0.0925841336442833 0.195922725108556 -0.0891768927894911 0.579635376594983
-0.0301468181774048 0.224363862539341 0.0632806028731436 0.56970306043387
-0.0253241893077886 0.217615412910764 0.0961330851007163 0.483297635477378
-0.0508992886267986 0.186647515850015 0.0208811833571092 0.385553523133452
-0.110136683679688 0.123396935963384 -0.090795099427986 0.21459977571905
-0.125440406473619 0.0140300226529935 -0.167493528165501 -0.0139281264089076
-0.0301121290538097 -0.070195278760112 -0.00097907684976173 -0.278205474583124
0.0914738867195087 0.0416996110029167 0.282642664285425 -0.208355597694661
-0.0489972364008204 0.161991698179832 0.440832625046394 -0.00780014025770796
-0.193315766033556 0.128771663177402 0.590450043867424 0.018576378992986
-0.0681184001937366 -0.0505514622880945 -0.462557896366998 0.349122942516626
-0.124467459601961 -0.0113807316944916 -0.351169574328867 0.253993063973657
-0.0812539038986004 0.0871973120854035 -0.225679924197295 0.342046114521888
0.04042765603638 0.108076796384038 0.147702928058577 0.325926730452487
0.0862314399488835 0.0440503946787511 0.240781032764014 -0.0364444192089811
0.0844380840232246 -0.00154383303325686 0.0356153418564456 -0.282835555654147
0.0527329811007666 -0.0427438624413231 -0.230096199715812 -0.359585558115257
0.0272475267907788 -0.0362970308731992 -0.391048601661045 -0.386001392669199
0.0189121659610149 -0.0391213982517586 -0.453285457905572 -0.437378598661367
0.0474928551233567 -0.0196058715747239 -0.3597839499211 -0.507350120789057
0.0735924675174727 0.0200934869616545 -0.132756990819852 -0.511866340070949
0.0759367500933546 0.0858949087327763 0.10185323412709 -0.295468681860335
-0.0667438156851454 0.145955724792007 0.0657000129745665 -0.0475923982773286
-0.184684979055762 0.0407415287757675 -0.171040971508728 0.0310897452134643
-0.130684868415202 -0.0493481454497529 -0.478841146088324 0.0231844253317901
-0.211934480646689 0.0661914863725605 -0.434772431382141 0.338675885045868
-0.194247584781155 0.127743815504467 -0.356909989648386 0.177531602163949
-0.0827512864595544 0.179681661589833 -0.297469710715669 0.289471584999724
0.0329876112307808 0.184204428666681 0.0743331044275827 0.353722056649072
0.0891026383696925 0.162522637909519 0.241856407708809 0.0314430082640541
0.136060753972122 0.137138745510421 0.091652728777477 -0.244977974431855
0.164424936618536 0.0983835906837917 -0.176506949344537 -0.351188091065402
0.17992870557526 0.125090235255315 -0.344952927751712 -0.36907164048134
0.175509191596356 0.136355188678193 -0.424043664834593 -0.391401154247899
0.175056255223943 0.204420089373068 -0.37291115478375 -0.445508565203686
0.098878881947615 0.286171437012005 -0.186124689574742 -0.464997037073078
-0.0231700066980311 0.323929164874335 0.0507372150091237 -0.301974807862909
-0.233069225175955 0.294233017235069 0.0628607217349327 -0.068676568895784
-0.395748876819434 0.150060571550875 -0.124664440831884 0.01044876725408
-0.343699236597441 0.0592359349703002 -0.376286100147893 -0.00124322179287318
-0.357761788204592 0.166192675618715 -0.348061624304058 0.288411063452028
-0.289603343025554 0.27043140448405 -0.359635083656721 0.0860677342291093
-0.108363070358407 0.285622393157689 -0.35476191358391 0.258294622189131
0.012236475397278 0.268836930017291 0.0192308190174916 0.377193163970883
0.0772023044933895 0.283502464242147 0.234651586258407 0.0939943285477898
0.167257411156578 0.277505769937418 0.138591576826526 -0.174897753219231
0.250654104169236 0.236567492712071 -0.0924609402470507 -0.287240490052647
0.304671342443144 0.26723002914518 -0.240532918917622 -0.295106920484496
0.31083628781254 0.277186714362208 -0.326370434977555 -0.29545344142176
0.301234986740171 0.373546257950463 -0.3270892943301 -0.324822279163505
0.160369350409424 0.495468166268193 -0.211490273444858 -0.351557292922304
-0.0530070396741043 0.525089568440672 -0.0150415034760085 -0.27900960094701
-0.319993338025337 0.434105298842466 0.053397571079195 -0.113809023478505
-0.51493577553675 0.271711786207927 -0.0281136560298064 -0.0496027033483543
-0.482253497019946 0.184184292396436 -0.200749659297235 -0.0531326028013954
-0.461845896791329 0.231532971128757 -0.198132534904045 0.20763039394423
-0.375953917686278 0.360864196890398 -0.336621979250378 -0.0128679911876989
-0.168471089548612 0.353852346374691 -0.391273698127926 0.239259966003794
-0.0548455739609784 0.350464338331949 -0.0217914842721627 0.397940511062772
0.0405025263052115 0.409482098985661 0.216083347948159 0.164777718688036
0.18087710511656 0.408601525657067 0.177226127071467 -0.0658112883870708
0.305202802558589 0.349877249912215 0.0134701627251654 -0.170379575837661
0.381925439336163 0.364285064765378 -0.0980702297690588 -0.179433616898061
0.392555446199264 0.363955000575569 -0.182399196287181 -0.168937508287379
0.375344474356281 0.463390476577033 -0.22102112094762 -0.17711481493588
0.20441182403422 0.601910795684151 -0.185911596656333 -0.202903978165698
-0.049723627150231 0.612299977829848 -0.0750413952900482 -0.227575157146504
-0.306065134414389 0.490929819342529 0.0339984474356444 -0.170813119836427
-0.505022949328669 0.36034160503501 0.0806013835707616 -0.15066319351647
-0.518076048974194 0.299627818839459 0.00677417488961122 -0.13413945775237
-0.490907571820873 0.249462398776456 -0.00498985194398149 0.119747018462905
-0.404667580192381 0.359285510000492 -0.257378776959111 -0.0931693563334192
-0.240076563089867 0.335914909723519 -0.368646094707293 0.204359000313551
-0.163156604028642 0.391956303050497 -0.0632141782942632 0.391836116302364
-0.0180850016220712 0.503368315488428 0.171538733146784 0.250880075665925
0.174934273197899 0.496304607181868 0.206954694613552 0.0867952818455781
0.32603202548319 0.412309091876159 0.13287263771147 -0.0131205927527758
0.397766024416498 0.406783545893479 0.059487765444745 -0.0394309929916382
0.399398382274529 0.392432879224594 -0.0189491958895161 -0.03502302011183
0.356744635470712 0.474144465037808 -0.0882087047049086 -0.0354279114486135
0.175919974389207 0.585857883077158 -0.132624337640643 -0.0568672408771689
-0.0604521481011017 0.547783060892054 -0.123979672700889 -0.172115173055826
-0.224269458834246 0.416930455442523 0.0114418918492731 -0.230464448755265
-0.386761909736303 0.374655759635357 0.174442356664931 -0.258989475511371
-0.461439904387628 0.375368168674089 0.199777059631758 -0.230664949446879
-0.428608810718241 0.230378301913634 0.196718401349118 0.0485912904844837
-0.358583307692778 0.276324597372067 -0.113927673199883 -0.130446845950289
-0.278361208686038 0.242141275825212 -0.280496736573496 0.141116600216462
-0.250214050316033 0.366088511888125 -0.112167230252762 0.342925316979805
-0.0650668291163973 0.513351021187423 0.102736321470394 0.347150522043597
0.150447863544699 0.498385950889161 0.232658546168413 0.263521192278581
0.301885355384201 0.40843263076101 0.25101990279145 0.16093741809477
0.354152852218417 0.387985435749547 0.203859526783576 0.103899686034242
0.332244408527592 0.36777879771897 0.125099375161528 0.093815616330053
0.254739007141226 0.419560590881056 0.0214323551798588 0.0853976305204367
0.0803790394975909 0.466330923972619 -0.0973117784078967 0.0527820557553758
-0.0920758588416713 0.361239361457092 -0.166813595827553 -0.145011456089556
-0.107028827149474 0.249615861247507 0.00268639575615121 -0.28829169749964
-0.213495636774744 0.324638783674181 0.247861126179757 -0.333731299352884
-0.344756546541048 0.389245064919732 0.348224157184385 -0.318400772288973
-0.286526764202078 0.187459952703569 0.366773300633622 -0.00101794534752219
-0.231647872567887 0.163705032989162 0.052297928105684 -0.135637414195872
-0.233265927378239 0.119870459455019 -0.169343684788652 0.0617074354579868
-0.252329399821206 0.269173313264352 -0.162998184535826 0.282196482106723
-0.0740734313278281 0.410710903255548 0.0404935680609944 0.436747650573527
0.110061693109648 0.395182269570709 0.263487069980393 0.422485678982774
0.231127626517742 0.330750446679601 0.352981578769364 0.316262989498439
0.255282705096265 0.311207639541434 0.316741561664532 0.231047076077757
0.215839083416728 0.294352661573923 0.22237623737448 0.206960229862876
0.11580950177008 0.311613332823371 0.0714219301230534 0.175546062982096
-0.0282504755218416 0.283293422572991 -0.105784329802901 0.10513248836193
-0.101256689850699 0.137151739455547 -0.193554947761161 -0.164094557937335
0.0158061586961969 0.0800542723210189 0.0273483817074675 -0.333874043277308
-0.0457972333371242 0.249210203473449 0.304237456998501 -0.348466738503015
-0.205560156109275 0.341242458313237 0.439352986184092 -0.375156009560192
-0.0930467638912216 0.131159767204849 0.473121617729536 -0.035892137178957
-0.0511419683961499 0.0581325579063549 0.179377931718676 -0.133842060004153
-0.105865634171615 0.00489713463121478 -0.0870141119895632 -0.000132647426786373
-0.164259511987424 0.114466977279556 -0.195202964906317 0.246520734458962
-0.0513515709031519 0.213343296080219 0.0217273074955855 0.498697357518348
0.0504373984428536 0.210573439475167 0.299300989365942 0.517895495019868
0.118148921781678 0.192571204019632 0.420847966086069 0.416799797771915
0.12063281112244 0.189961068130569 0.381630532043954 0.321528103499714
0.0808231886615502 0.182849025347084 0.259847066944842 0.292805411662672
-0.00729401663969428 0.169604161140331 0.061224382877994 0.226958476713043
-0.0934978830402644 0.0930727007933104 -0.141345818648326 0.0962685368811257
-0.0721589637591925 -0.0405335557972526 -0.183205907940094 -0.217128025668385
0.104172242974006 -0.0344783575136823 0.0889926690533605 -0.346274125385725
0.0741747966373486 0.161314403734243 0.341136487258627 -0.300071479142712
-0.0639448388313397 0.235106996596028 0.480918539844899 -0.390970127309175
-0.0718641453808801 -0.0483665736479969 -0.450522175893789 0.385041199002232
-0.12870653192827 -0.00339599346724468 -0.341385595905799 0.281604228192143
-0.0798454188922104 0.0945951563367863 -0.211027711321472 0.363967891466643
0.0476419233262838 0.107441008746136 0.172193335644786 0.322664547911099
0.0907245982976623 0.0388948318561745 0.244431742575433 -0.0511720495797882
0.086660568191286 -0.00832640729168295 0.0208441030735809 -0.291056725763626
0.0504142290734063 -0.0478036837201071 -0.255802106497507 -0.353327345787438
0.0253899144229523 -0.0382277716823096 -0.42284653008347 -0.3703901855654
0.0160972088557507 -0.0396299774166335 -0.495496204947623 -0.418251478851607
0.0467061632640314 -0.0225180857562312 -0.399450337928569 -0.492367361922707
0.0778954811746589 0.0141236440458262 -0.167905535579947 -0.515910095227678
0.083231957225083 0.0820102336546348 0.087753460765526 -0.308557500656266
-0.0592375207594611 0.154534949847275 0.063690802700191 -0.0560522287937302
-0.186259486000402 0.0542457213446719 -0.175361633815031 0.0419985100808897
-0.134516404341596 -0.044843259131923 -0.484890290753894 0.0549300130939451
-0.212230855678222 0.0789311015972214 -0.422886593288525 0.374968172509621
-0.189625405460572 0.144147943133784 -0.350791002352932 0.202731587707688
-0.0750953286150495 0.18754950084576 -0.286972434558378 0.317090936892653
0.0450581405088089 0.184256543872207 0.0974235704379321 0.356323085751386
0.101978562381898 0.158553301271307 0.250752176920619 0.0190508254823036
0.14850217521081 0.128899602438202 0.0815409766687273 -0.256576273522121
0.173532606607803 0.0893045289614242 -0.200262681223843 -0.347107194789451
0.191863980354797 0.115605574222832 -0.375412238258173 -0.354898102804114
0.187460739623032 0.129368541935847 -0.45872929123449 -0.373377278064848
0.191293246308782 0.197531197554362 -0.410104536857107 -0.428927446436401
0.121190945335432 0.284843931339885 -0.221661475393392 -0.462583237956838
-0.00250781690020379 0.331251203274921 0.0341411756900184 -0.310812551557402
-0.221482338459394 0.314726594660309 0.0596028473592494 -0.0774473317813191
-0.395331912140166 0.180973653605898 -0.128549869318435 0.018432200938788
-0.345672447451028 0.0789698934886528 -0.382781833951415 0.0249883092331632
-0.355673519543368 0.190556341727387 -0.336463265887715 0.316884522024229
-0.277178446901179 0.295927727713472 -0.361199945611514 0.110522832511144
-0.0939538032235302 0.295780351591672 -0.348845042165199 0.290914151642151
0.030885425074334 0.270869185917921 0.0442878598172983 0.383924888467196
0.0987485964885239 0.282042633389129 0.248181357484583 0.0835703629468173
0.189164138735104 0.269985973927034 0.135698583067216 -0.188681617923173
0.270098573643447 0.224568389128209 -0.111099314908877 -0.286707774162156
0.328734383562006 0.253665866305577 -0.264088045594773 -0.286141999526078
0.335034550541764 0.263675341864974 -0.354179912256363 -0.279428446916231
0.331301044082821 0.360155421630386 -0.354636829058776 -0.305576414585519
0.197274690623664 0.495513939248134 -0.239757274119157 -0.34510269595622
-0.0218307006336777 0.53871191509334 -0.0323490526476305 -0.28183570992191
-0.299072622832235 0.462466315715858 0.0472916453232869 -0.122890205814119
-0.509258086461246 0.315246630494987 -0.0324140063526142 -0.0505062693489206
-0.477533620547382 0.216284926301037 -0.207117801700131 -0.0394208377892361
-0.459294325793178 0.263139444336209 -0.189489505869045 0.225233287761687
-0.356585152756497 0.394501243085849 -0.345264847161498 0.00756921211236107
-0.15122953461145 0.368462943851588 -0.387286318496188 0.275474364253655
-0.0336860128593336 0.359405243701299 0.00448564666437308 0.409020095262343
0.068978822250244 0.412032238353143 0.234032941524422 0.156724492728445
0.212486042842436 0.402305242056739 0.183044040479154 -0.0806692852676625
0.334939107451113 0.336850118190836 0.00279484653380475 -0.176155007798729
0.41347770599493 0.347380053262892 -0.110751223087299 -0.177459914154109
0.423685219351667 0.346608651612644 -0.197074028222526 -0.159753742406869
0.41419602377027 0.447377866745798 -0.236155712746683 -0.163621179719234
0.24952863160075 0.601660043283656 -0.203755035976589 -0.192909174282566
-0.0112164940534583 0.625970877833446 -0.0926541326595585 -0.223594820552498
-0.281586779454453 0.519248386512474 0.0240858819297649 -0.179286446077774
-0.494747894102884 0.404695643264006 0.073577129461285 -0.161476210434735
-0.50544200341247 0.336015121959257 -0.00257740424459585 -0.136585409359466
-0.48679290707581 0.283821509211465 0.00238234671083741 0.122007078468188
-0.388287465252382 0.395858416336882 -0.269251987877579 -0.0790083268572675
-0.226954122303417 0.354844923117778 -0.367261652783958 0.238260955395995
-0.141526468659034 0.409964108526694 -0.036925668967767 0.404941337428306
0.0140995656200539 0.514297151449868 0.193192249217966 0.246519988430595
0.211229088774924 0.494720133676302 0.222569498667531 0.0727016696214306
0.358410000354747 0.402176167690121 0.13396447599267 -0.0234018784991567
0.432568202673846 0.388596484908864 0.0584826919649275 -0.0436079820972361
0.433356374303116 0.37483937399935 -0.0215186818973763 -0.0335231311092116
0.397570563532954 0.461472631079167 -0.0918765397765996 -0.0282998061832545
0.219934352749021 0.585999974552441 -0.13926178195267 -0.0480190542808281
-0.0265054108353172 0.561002457498856 -0.139333832896319 -0.16335331754214
-0.202498543283305 0.437465199171348 -0.00223533329677944 -0.239288826369898
-0.370460170893598 0.412172530860367 0.16331510393845 -0.279542292895894
-0.441863132149346 0.409668547544821 0.187267586893112 -0.247738861397042
-0.424244190419217 0.262189352528615 0.203924807705986 0.0375953096543956
-0.345703853910162 0.308053628793558 -0.126410670481716 -0.125539572064185
-0.270392284843139 0.261347223383319 -0.280755967226699 0.16663633081636
-0.234139818850332 0.390525444674118 -0.0911423618759966 0.359081168833136
-0.0323496917341763 0.527473575043653 0.127170115468682 0.349442181135872
0.186645050886279 0.499073721761122 0.258939024657636 0.251972145013364
0.3327454100268 0.399337653562659 0.264969084760647 0.145841380425171
0.387386883816041 0.373470378035547 0.215658244645134 0.093141348954337
0.36362298921275 0.352107732507948 0.133260793988583 0.0891481790279517
0.288176926801133 0.410565358785844 0.027433802620331 0.0868042161486009
0.114399077930804 0.469484507507741 -0.0970352858140157 0.0614044684270604
-0.0710190877837235 0.372289164992069 -0.18243728179355 -0.13174826574264
-0.0929609721481842 0.25739301583245 -0.0142465306203159 -0.297594418881522
-0.194085059441314 0.349482215525381 0.232900709676534 -0.362275409711034
-0.323239034671822 0.418644447063399 0.332169826929609 -0.346335738842163
-0.279999756856428 0.208516501308224 0.37464185616968 -0.0215431137704971
-0.223592042067739 0.182252621927448 0.0448859853117394 -0.139934952544263
-0.232347240285522 0.134188551486792 -0.170543680451195 0.0770227180453639
-0.242556146581288 0.291176687126738 -0.148138032313557 0.299646834553257
-0.0485565319541068 0.424056108300214 0.0677022317192994 0.444968808919419
0.139567485268492 0.396901421282254 0.299086118699242 0.413184590295743
0.257776787624426 0.324039958717657 0.378452867345769 0.297722450031485
0.281746586075909 0.302393884036388 0.337526301576223 0.215654737054943
0.239115495689784 0.285635574222482 0.238173687099448 0.198169682762412
0.137921079146608 0.309971403069617 0.0829193107889411 0.174729269437099
-0.0104426858219486 0.290526413935805 -0.102640104310396 0.114605318417858
-0.0950500632722278 0.14381594099472 -0.211502048345022 -0.15069920901605
0.0220202424613487 0.076196611115357 0.00894868635231299 -0.34383846856932
-0.027681312232802 0.260636356940941 0.288840073739723 -0.379518901158584
-0.186443171744103 0.362412848580461 0.420898896306705 -0.411831880982624
-0.0852277791003412 0.139400647754186 0.481079595289179 -0.0624723006241404
-0.0467108844280609 0.0625499006083613 0.175080044504921 -0.145729253088551
-0.108426542984345 0.00948249375234766 -0.089306681759388 0.00666341745299745
-0.161784459307227 0.128791063262911 -0.184810639309143 0.26659824470548
-0.0389580610686152 0.221545084755513 0.0516387439998318 0.511308926807427
0.0660350279346267 0.212724224171464 0.341133402291531 0.507606345326011
0.133194240245461 0.190382898025897 0.455152210336708 0.396591139821216
0.136004202513166 0.186506326899547 0.409726623161128 0.304832667723493
0.0937583769672576 0.180324960231398 0.281941330324957 0.283207947993245
0.00290502306188094 0.172689425754205 0.0749571967300327 0.227822369408436
-0.0902659518333335 0.100909387597659 -0.140821427110767 0.105843345153697
-0.076491359221587 -0.0389522609034777 -0.202675610677009 -0.207808040609364
0.104903271524846 -0.0444400065399237 0.0724547987291327 -0.360218033857166
0.0892840901032078 0.161958163221014 0.331134459742828 -0.332513445841055
-0.0489413769144403 0.245228116639868 0.460843736869815 -0.430010629952501
-0.0758607256117188 -0.0442639220043888 -0.41834476327763 0.425576616008554
-0.130712706933123 0.00791099523366352 -0.316709273873071 0.309238033452703
-0.0738470262986007 0.102103759292495 -0.182616093663138 0.383986189776792
0.0563648050033126 0.103833066615418 0.198241832357371 0.308529815774431
0.0940775965131796 0.0317235644329562 0.243139873631644 -0.0704392982108301
0.0861251350426115 -0.0175407867015473 -0.0016825887039257 -0.294055658307113
0.0462461289904555 -0.0526441471880974 -0.28357649589346 -0.333719137304858
0.0220620183118441 -0.0401883501637513 -0.457088466053065 -0.334721608733815
0.0114859933705943 -0.0395601156598966 -0.530535274879697 -0.374195155933511
0.044079734609997 -0.0263588793718544 -0.443302140831882 -0.460937916990566
0.0796757545815302 0.00653610600759899 -0.212898301959938 -0.502909391328916
0.0908854413879025 0.074491909482797 0.0647544260920287 -0.317681645620028
-0.0470470082908158 0.161970943190907 0.0578661696841353 -0.0636208761221159
-0.182292741306681 0.0705280078422833 -0.174255564132202 0.0572524905276587
-0.138342865083938 -0.0367324098567504 -0.476912132600933 0.0940958132833761
-0.206737543742076 0.0951181649392166 -0.391670483704296 0.413112834224755
-0.177489700808638 0.160650209669488 -0.333934581931254 0.231658722654408
-0.0611429520391834 0.193840860912685 -0.261760901766586 0.345309050650143
0.0605143394623396 0.178926558867213 0.127413313549929 0.348962206755186
0.115948728724669 0.147833573751582 0.255346183549168 0.000355334484647221
0.159057099421329 0.114278362407729 0.0636967718156701 -0.264796696524819
0.181230036447939 0.0743807433918157 -0.229261418410851 -0.329949881466553
0.202351963520016 0.0997753975222946 -0.405305594100032 -0.324001368594136
0.198008091502297 0.115824510580231 -0.490786663806369 -0.332988972458735
0.207790137275399 0.180982849996506 -0.446858072977946 -0.393893826834487
0.146594155282549 0.274254560970763 -0.26112926312123 -0.444317480570663
0.0255541098188127 0.331528086300346 0.0103708939586509 -0.313463098295802
-0.197269515685421 0.336248048004359 0.0519624697398587 -0.0855209935630197
-0.381809748726284 0.216094179776819 -0.128255375396543 0.0294033165121271
-0.337732315523697 0.104406577938633 -0.379324886934919 0.057092500965198
-0.341875106627296 0.218299253222165 -0.311480771307354 0.348118478408655
-0.250276011649546 0.322068077930727 -0.35194487729113 0.139748642978213
-0.071411023728044 0.302126654437425 -0.329068735118423 0.324671548444497
0.0538097598027632 0.266367834786806 0.0770148442696283 0.382474217144104
0.123366678123477 0.271022482269765 0.25825970156548 0.0660203265877243
0.212454806406792 0.25057680363096 0.124836470680539 -0.203289187183928
0.288395457231703 0.202829403347002 -0.13494742505249 -0.278037682953926
0.352111564410739 0.225165895840482 -0.28796316059597 -0.265085823979164
0.357765366504593 0.236978789036271 -0.377799070868198 -0.248918020379076
0.363796354814625 0.331942953783264 -0.381251076990522 -0.274620944508555
0.241147038027503 0.480221960100193 -0.268699667686221 -0.325112011889887
0.0235926636083642 0.540903535573884 -0.0551469871804197 -0.27738792897592
-0.263059266857802 0.489429819805589 0.0363552289421237 -0.130188454758285
-0.484782232016598 0.360823676023941 -0.0371182631729031 -0.0489552002499173
-0.457715852881521 0.249858751035171 -0.210120769702084 -0.0203525551832848
-0.440740851298366 0.301074368774701 -0.171385515467664 0.240825057600265
-0.323182353965805 0.429107886894206 -0.346005062161701 0.0352361956787487
-0.121257658766817 0.379091828353226 -0.369032209596885 0.314288027377878
-0.00292683485957627 0.359817527063125 0.0401434205138109 0.411133956569524
0.104743275570248 0.404043957275113 0.250213901864805 0.139278181906565
0.246923241282868 0.38299831590264 0.181351163338727 -0.0998257394505182
0.362071437850892 0.310548117482973 -0.0118632016402217 -0.177749663444996
0.444301383055799 0.312918582728572 -0.125063545601875 -0.168714454224201
0.453561674133533 0.311020585707638 -0.210464618135125 -0.14197859095609
0.452779146366959 0.411946679317392 -0.249257697477386 -0.141857814970033
0.30334651496376 0.579431130487181 -0.220113972353137 -0.174279472485413
0.0409414633068907 0.628576274355952 -0.111220760984156 -0.21265273161401
-0.241337067299583 0.543103137468916 0.00943534505416516 -0.185536540433536
-0.460480383217693 0.451469905687908 0.0604392870654337 -0.171109549958193
-0.475316805161951 0.374833287377611 -0.0134602869998381 -0.134759878120141
-0.466502399130529 0.32325608464616 0.012732843261365 0.122146201159077
-0.353665551206776 0.432074091073594 -0.278229803409799 -0.0568003936924446
-0.199622816749789 0.371645732834371 -0.351408404328635 0.277704456775565
-0.108742087675261 0.421064129528408 -0.000912720949365695 0.409654309989767
0.0595254590980219 0.511116117392429 0.216083971538946 0.233441794341221
0.255376724217984 0.475426188165147 0.233586252356346 0.050000593515244
0.39252448342382 0.372863879934428 0.13119295144853 -0.0360741862239292
0.4674579020258 0.353538596785798 0.0552028375638493 -0.0496105241119087
0.464208113734755 0.338258115253093 -0.0247751569650229 -0.0305123962880759
0.437279320972003 0.425999826898272 -0.0934887178320858 -0.018826622589347
0.272456324757494 0.567415390432796 -0.144049282853516 -0.0337410772603445
0.0205278342915019 0.562820967122834 -0.154754204588159 -0.145779879592997
-0.168486079627458 0.452813470437161 -0.0219284589094101 -0.243127534477627
-0.334166720996417 0.447985351102907 0.140825731366219 -0.298024722445578
-0.405213045022227 0.444910823644145 0.165414936425889 -0.263065563391154
-0.40436187924756 0.296044686063703 0.20728028929458 0.0202057288811593
-0.31775977541757 0.338599495335866 -0.138008964671459 -0.114699368180736
-0.250520982808131 0.280647176177098 -0.269296515112826 0.195993557633663
-0.202957372812937 0.410925781105977 -0.0604176381345695 0.367399951950749
0.0117881292787687 0.530979212202084 0.156793676205883 0.343129217338148
0.230881720305981 0.483461258507843 0.284709621852097 0.226966651057898
0.36694247380593 0.373229898620314 0.276374705025188 0.122094771622515
0.419944633859929 0.341386156347091 0.223717727137905 0.0753588782763384
0.390959690731503 0.323358203432177 0.140590777410983 0.0785199756981366
0.323682419639912 0.386540712081089 0.0339206221504034 0.085176410340518
0.154777956081991 0.460192180566262 -0.0926584633680275 0.0711231087957781
-0.0404108051527038 0.376490873151974 -0.19494046545465 -0.111222208247732
-0.0717600416695556 0.262131545300153 -0.0380646687799096 -0.299560803867069
-0.160447855488956 0.369236057606023 0.203696643904651 -0.387160561037754
-0.284004209875858 0.44474897153026 0.301669163177639 -0.375003158279632
-0.262735538674577 0.232272305201071 0.374512715727552 -0.051708817648917
-0.20599118628868 0.201904998416358 0.0327738577056333 -0.14248512199149
-0.223448929185376 0.149978840502506 -0.166056494109576 0.0947593391925984
-0.218923091378525 0.31402608492061 -0.123494106025329 0.31332903063969
-0.0121514439068557 0.428546582995189 0.104752947750721 0.443905658795506
0.174145990782393 0.385936045550297 0.336318627118213 0.385274178819572
0.285717177377807 0.304528959511808 0.404140096956123 0.265492489727812
0.309072559975435 0.278470102005133 0.356515815153758 0.188567362796494
0.262417460590636 0.265803940053824 0.254845789534138 0.179502526689585
0.1639059155071 0.297860600370286 0.0958781191032626 0.167954834866255
0.0137816568106759 0.291366241643791 -0.0946740728844418 0.123425037002965
-0.0836035048159116 0.149297841502267 -0.226669065743068 -0.12909274794485
0.0293486183338178 0.0709459208106765 -0.0173103152331637 -0.348699492461424
-0.000668423431380773 0.266114762135962 0.25839603897777 -0.408751846176826
-0.153600662665495 0.377085235627937 0.382715830230427 -0.449390557542858
-0.0730578970368254 0.146511806592592 0.476520862827816 -0.100218649668574
-0.0397113231888726 0.0659247358012173 0.163287491187393 -0.158019150446904
-0.109540520347542 0.0163993931104202 -0.0895879099088645 0.0151528296305118
-0.151932782263934 0.144444831489382 -0.164738473836291 0.283956348827635
-0.0194079014006397 0.225061871282755 0.0929490081418325 0.512262306731984
0.0848545303024729 0.207754643543167 0.385871306112546 0.480024525177173
0.149710048497643 0.180300064292403 0.488554078201152 0.35749964685009
0.153012964033586 0.175103188829006 0.43629452662301 0.272364467234075
0.108964114296276 0.172635993360168 0.305585040678396 0.261066343974451
0.0165820393313584 0.171932600617907 0.091940716980691 0.222014359865252
-0.0828200308073246 0.107901569269819 -0.134339871333831 0.118300837429181
-0.0809019770332216 -0.0347454315205638 -0.222136236045086 -0.188899074844567
0.102183443500056 -0.0559761743479935 0.0458991587353608 -0.36935635885512
0.106982607481619 0.156411175849436 0.304555421774625 -0.362589402950122
-0.0267542368885985 0.251317160814835 0.422088984588291 -0.469487786924257
-0.0776229933343119 -0.038596126539335 -0.373387976414635 0.452672497594562
-0.127390171159232 0.0192861194097871 -0.280798925693436 0.326775855084209
-0.0656379012693285 0.107569771926011 -0.147492138418518 0.394696372217453
0.0639457030294413 0.0974280947102402 0.218602642283955 0.286022462325341
0.0950019821310848 0.0230277968952485 0.232787724840967 -0.0877582880598551
0.0821587705560548 -0.0252640898613524 -0.0239880970669962 -0.288149111884099
0.0394359508876385 -0.0555897911522284 -0.302398674834539 -0.301681587803687
0.0182747752161612 -0.0406908668423903 -0.473873679892074 -0.290189284415627
0.00784621938599323 -0.0377922162349463 -0.550108545263086 -0.318950143427455
0.039785370363563 -0.0285700968146882 -0.471541437328103 -0.410865640427268
0.0788407371726944 -0.00177647055310919 -0.249884195394623 -0.474485241131741
0.0955735329184811 0.0645306220132584 0.038786772689578 -0.317621547383901
-0.032454158328725 0.163917316301784 0.0501499479400956 -0.0679825770119545
-0.171559307985704 0.0847030516877049 -0.166141161115081 0.0715563945385887
-0.138332697789974 -0.0280031512392506 -0.453422388074719 0.129839826586604
-0.194682488351157 0.108079081371942 -0.348207571372184 0.436569321497892
-0.160036214752859 0.172959078836017 -0.305697665474177 0.252747728798407
-0.0452864497445952 0.194212739077962 -0.230168788615838 0.363643606274693
0.0735887821042717 0.168071126482897 0.152716738682057 0.332319348945868
0.125671909608572 0.133969091919754 0.251133106683137 -0.0179841149959678
0.164407351871552 0.0961129825504887 0.0432635628373135 -0.265448780574628
0.182186620060616 0.05676027438301 -0.249372148767772 -0.303651031835104
0.206687268780609 0.0809326310560921 -0.422197272080063 -0.28315828156888
0.202475224941316 0.0973368165478596 -0.50765219612189 -0.282315832438128
0.217121996348242 0.158397099315513 -0.469705378692897 -0.344695355720473
0.166310838503969 0.254705489878105 -0.293279221810042 -0.412223831017282
0.0527127028381802 0.321424928633253 -0.0127540125129992 -0.307785505754369
-0.166139023822513 0.344685362660098 0.0430451205147499 -0.0898891380475745
-0.354598529190838 0.24569829175691 -0.123371007112257 0.0395562226473167
-0.321309399652227 0.125822618615724 -0.361146277361404 0.0874219326475522
-0.31864675794762 0.241320251041576 -0.276475448169027 0.365815527083268
-0.216431205810938 0.337298975405398 -0.33258003011623 0.164223086398563
-0.0464223387115023 0.30034959376341 -0.295682780642361 0.351150432734967
0.0743506770438178 0.253361728597072 0.106345351628768 0.368464364030105
0.143085729947154 0.252092378373271 0.260209315039955 0.0459556052149449
0.229329977513014 0.224605032015172 0.108801302386852 -0.211975744997161
0.298055029962888 0.173940151085845 -0.153891790522506 -0.260360478477398
0.362864809122148 0.190459378384582 -0.303296386213372 -0.235656593946796
0.36892839634741 0.202620900853517 -0.38970703995735 -0.209909426835146
0.382587667841791 0.292302983744677 -0.393817587117821 -0.233983718469315
0.277259023504934 0.447589167775408 -0.289386141317062 -0.291845542220407
0.068174395657153 0.525112569742425 -0.0746056475603778 -0.26504990716082
-0.215922535449316 0.499853867001771 0.0238722241009222 -0.132745265917222
-0.441096900377566 0.396862792230498 -0.0407410845220211 -0.0453004658994507
-0.425483064949443 0.279213612261974 -0.204039987888208 -0.00206513864973073
-0.40808666859672 0.329423457549545 -0.147247844741545 0.250227088858954
-0.276327817132128 0.448072389392888 -0.335772728069886 0.0621261652515496
-0.0899316868012982 0.379489024542969 -0.335547992663142 0.344086196195066
0.0271085733107267 0.349253263126614 0.0741392859990181 0.398937165091465
0.136814704937327 0.383245291846262 0.259477232910083 0.118107862920237
0.273131381683397 0.350956520281778 0.172796796692131 -0.117107952224882
0.38048977856818 0.273157220007183 -0.0265316435054548 -0.173278132981256
0.460724608193304 0.269193162442544 -0.13632773003107 -0.15589381290352
0.468792559259332 0.267445833360054 -0.217607066620332 -0.119915489796826
0.476142766271363 0.362420539377114 -0.254243502971481 -0.114960574137263
0.346334462866795 0.541360025237642 -0.229712053527318 -0.149650390280002
0.0929312432804046 0.609465022264837 -0.124526730023502 -0.19529362706007
-0.191567028844073 0.5491872455445 -0.00779176665585915 -0.184686657525393
-0.409352644136391 0.481825455029365 0.0449104971269106 -0.174130693169271
-0.430614756127621 0.400842246649547 -0.0240437527898602 -0.129457894130377
-0.430587533694025 0.35526379270295 0.0221069186841632 0.117824368184577
-0.304966282702455 0.453168452263386 -0.277341309923365 -0.0332337182631816
-0.165751720145156 0.378452415067535 -0.320127800360399 0.306936585893533
-0.0708443016337882 0.418749959919683 0.0346458552791887 0.401314576301088
0.100901391332676 0.492313451510466 0.233403722334788 0.212267299389696
0.289549172662579 0.440843863595245 0.236220118857947 0.0246484326557309
0.413670384951689 0.332951482812873 0.123707545767255 -0.047829402120152
0.488280396410725 0.304256578465455 0.0497433025463292 -0.054153842839589
0.481007626548397 0.292112406636025 -0.0261607419340126 -0.0268956657838213
0.4609347931096 0.378094298615965 -0.0915662159342187 -0.00925964592837775
0.314465470326952 0.531618408978472 -0.14361206158267 -0.01920735255047
0.0670043489463769 0.546045906809078 -0.162217043557631 -0.124568167221871
-0.126488297757563 0.454214846308371 -0.0425911820188595 -0.239162621368391
-0.285776150685153 0.468985371041664 0.111727271748665 -0.307233121461204
-0.353747524375353 0.464756363423079 0.138016297521848 -0.268803649217679
-0.370963464903933 0.322941150162792 0.204557422774203 0.0030657469783506
-0.277522545306181 0.358422940729767 -0.144696249887973 -0.100013896706605
-0.223197302150575 0.292103296396721 -0.247570424237409 0.221071921899387
-0.166203221941573 0.418093343569043 -0.0271180929881254 0.364646204995053
0.0568730287333758 0.516298624685664 0.183346149213397 0.323959371132807
0.267296814190832 0.452285708903726 0.299536347248998 0.193879715840045
0.38987966458934 0.334931615612293 0.277817695698044 0.0944035050312705
0.440393187957813 0.297413332670038 0.22519672152052 0.0543015559880148
0.409315618989461 0.28164385846136 0.144237556492526 0.0650709721158876
0.3479246503102 0.349420989631816 0.0404355706977196 0.0812615008852414
0.190107663789254 0.435573120073395 -0.0846373786323942 0.0783075094371108
-0.00824042265786248 0.369907175310485 -0.199645191735897 -0.0869793514615238
-0.0487272619693619 0.259319892346592 -0.062258334610591 -0.294373362276618
-0.120428777584819 0.376514541433485 0.164845773570467 -0.398986355332934
-0.236650406595999 0.454612176610916 0.259724912472612 -0.389771915658251
-0.236441910716747 0.248626563221951 0.361401517483327 -0.0807437594981369
-0.181089043315949 0.214186405705516 0.0201480698332523 -0.140316685579368
-0.207382987395749 0.162483722620608 -0.154671888328324 0.110107793141295
-0.189516512784304 0.325231568631404 -0.0957752226790239 0.316119981607048
0.0233737405190382 0.419020408405027 0.140914109156073 0.428762872458705
0.204659187201975 0.363070244158779 0.361772873981939 0.346050799810264
0.304962311994839 0.274598295493433 0.413522251738872 0.223152552986393
0.326788188067711 0.246244375763231 0.364128178622083 0.153947294320617
0.278940268772469 0.237607336847316 0.263767331562651 0.15491581217226
0.184602298685234 0.27611152004547 0.106442060339223 0.156548131640823
0.0380584647640762 0.28230794422013 -0.0838508370443412 0.129326479857857
-0.0705578326180918 0.150378776881608 -0.231933761637231 -0.103386941982033
0.0344778985134049 0.0634614346482376 -0.0444500440546046 -0.343298241185416
0.0274002273022699 0.261310783007733 0.217442826917256 -0.423680941413511
-0.114131196417283 0.380487933100486 0.333278967446976 -0.467041020879851
-0.0578092551362779 0.149076709826936 0.456927828386039 -0.135752199470839
-0.031012152921181 0.0664870267290377 0.147101922223202 -0.166464367798315
-0.106682458917784 0.0229780852613284 -0.0867097279033653 0.0227695689819576
-0.137776001655399 0.155011160450143 -0.13787863088792 0.292681520064405
-3.36030188859077E-05 0.221559701806349 0.134600602320133 0.495232014507681
0.101330276887277 0.196536541837364 0.417424391377055 0.433570541235921
0.162249695063022 0.164303648504486 0.504228230900279 0.308131847234147
0.165860667284858 0.157619205303498 0.45164347710864 0.230686421848326
0.120625912155055 0.159223614782769 0.321121861514081 0.23019277056308
0.0292236356793676 0.165874270901168 0.105548189029191 0.209080970403226
-0.0725306805340248 0.112545936388501 -0.124040676619738 0.126130328590458
-0.0833464504577848 -0.0290338475923405 -0.233484241522503 -0.163082177535672
0.0952905060401337 -0.0662327145453383 0.0168150536078617 -0.367792010713035
0.121683749200181 0.143735459650783 0.266478681411073 -0.383697432966155
-0.00288044455288556 0.249006750796426 0.367917332602937 -0.493528870427399
-0.0776107580701498 -0.0331251081916284 -0.327177210466037 0.459845553654148
-0.122170964851268 0.0271696263013362 -0.247840553538648 0.330112855671558
-0.0574117026588332 0.109461142073754 -0.117826465745433 0.390826820173484
0.0674329135941931 0.0902165237443206 0.227645423382754 0.262561294098198
0.0929771626442818 0.0160666699684034 0.219960582398067 -0.0979430405392157
0.0768960179654545 -0.0305313745976568 -0.0396555472197058 -0.276273997098537
0.0329848831810303 -0.0559418104434163 -0.308893503426993 -0.268808566280001
0.0146046526110592 -0.0395422714149972 -0.4753262337045 -0.248319882055567
0.00504710108697856 -0.0344518267973952 -0.549033005425516 -0.269197416318091
0.0357974743778018 -0.0303138585321881 -0.479377594410427 -0.362973656696997
0.0755734587246745 -0.0079784615586457 -0.271513133030072 -0.439200575110122
0.0967971363908685 0.0550374094674259 0.0192572659568092 -0.309841894658199
-0.0203747068601976 0.161675393947774 0.0431139425380555 -0.0693138876150038
-0.158592425136684 0.0921943595245003 -0.155144158945535 0.0804307477370351
-0.135450756294351 -0.0203526172576003 -0.42246436234758 0.150457615018307
-0.181343080421251 0.114971406070854 -0.305034393324452 0.444922905213419
-0.1408536965835 0.177196560394552 -0.276348217357512 0.258312419735575
-0.0330102015777008 0.190203544262148 -0.199139093566134 0.368019969705413
0.0821412758990839 0.1558190006468 0.167825889781252 0.310384918751879
0.129490999541323 0.119306346817546 0.243214476429537 -0.0302288425552523
0.163334181684158 0.0804424829845442 0.0267996675805395 -0.260068670570918
0.177196029318918 0.0431893188298929 -0.256412484443676 -0.276052859775083
0.203197468779823 0.0644725140936029 -0.42553758652411 -0.245721400420622
0.20045354371758 0.082230659393487 -0.506547317038104 -0.238698490640554
0.21934773682394 0.138046034971787 -0.473351524031903 -0.299401396111526
0.17712220251562 0.233039400746348 -0.308365780635782 -0.374911952265555
0.0713932907534006 0.304737695709357 -0.0299540451866762 -0.295483428818018
-0.138173875887273 0.343274666260462 0.0343000901486609 -0.0904372490321528
-0.324557143364105 0.259769394634584 -0.115391571455111 0.0469847589084536
-0.300263902933187 0.138043399513722 -0.337544931038055 0.104357740485487
-0.292216053066139 0.251003820811609 -0.240448676641634 0.370960240050503
-0.183400974630753 0.338891592029339 -0.308383703374679 0.177291542754309
-0.0275008104044618 0.29157780924296 -0.260801648097427 0.362423077017478
0.0881834967360456 0.235975782132842 0.12666831715314 0.348612319432293
0.153850879486402 0.230228437857548 0.256151433249841 0.0298757567908615
0.233312844897969 0.199572962637634 0.093636976407451 -0.214272080995161
0.297155958148245 0.147770475597835 -0.163801645223164 -0.240539739896357
0.361477115079589 0.158903569675547 -0.307824095589587 -0.207562924997807
0.366697583680964 0.172605773079561 -0.388336869457169 -0.175792317681818
0.387072339567846 0.255607726666531 -0.392402128206354 -0.197266641082911
0.297115595392658 0.410198332258978 -0.297535388742877 -0.260503883344106
0.10038368143599 0.499928950485441 -0.0864262847889061 -0.248521332079881
-0.178995335951455 0.495930846568425 0.0130492617404877 -0.130884448367645
-0.396931595048672 0.412467044029343 -0.0416558842397954 -0.0418825310445481
-0.389645723632584 0.290548463689236 -0.192798983834326 0.0100040974306029
-0.372460354484161 0.344137271397025 -0.125111450964245 0.250129230520621
-0.23251928524076 0.449765084510564 -0.31892131920874 0.0807747827847845
-0.0647540477884912 0.369268037152651 -0.298485065202675 0.359513938546946
0.0484060847717579 0.330769715430386 0.0980859417581139 0.379072455466533
0.156204756974455 0.355805511565808 0.259982692454376 0.0988357707485962
0.285470814645562 0.31839971886833 0.161163275474347 -0.128651125631346
0.381725632981487 0.237356795182848 -0.0374704103347072 -0.16453907778372
0.461612055251699 0.226781901835313 -0.142034016367404 -0.141750658056309
0.466008638492795 0.226855414261601 -0.216399738918091 -0.100965176514282
0.481135418490553 0.315795309530349 -0.250255629353993 -0.09245844666428
0.371516683643 0.496676227963846 -0.230443333065186 -0.127656552384286
0.128732679688002 0.579059963507519 -0.129676261918149 -0.176866862876338
-0.150766418420821 0.53964574147982 -0.0208993039009258 -0.179602697619126
-0.358559598313983 0.493444920853372 0.0316788358338111 -0.172306986190773
-0.385242657236322 0.407484749780809 -0.0297488756557087 -0.122537080422274
-0.391412703309591 0.369049789516719 0.028887783987819 0.111679421576741
-0.258484398954192 0.457247952044098 -0.269295143776472 -0.0145767705652179
-0.136589406864447 0.373034273903171 -0.287033290923125 0.324088333829123
-0.0416478683343571 0.40586876289745 0.0600490416889398 0.383036647437729
0.128667558775094 0.464376651229258 0.241201289338079 0.190835448424191
0.30759745213505 0.401920573345785 0.231088351965894 0.00310775326202189
0.420333531673095 0.294147300526707 0.113925789965622 -0.0542617457855525
0.489540925659109 0.259928427071842 0.0435042280574701 -0.0561943342682796
0.481595018623795 0.249058153776805 -0.0262744393513625 -0.0241388328399427
0.4680836982164 0.330902924336491 -0.0875549804799679 -0.00211118037314784
0.339853007716265 0.489361066736835 -0.138936052200946 -0.00799369343990788
0.0991470935073156 0.519300494340677 -0.160965801725111 -0.105494544445714
-0.0937602193701769 0.444405233564032 -0.0578995489227334 -0.230477201488539
-0.238945034108211 0.471769743204671 0.0872173880477094 -0.305584636557793
-0.307348511619951 0.463416995878946 0.115143246513709 -0.266076475662078
-0.335276055517982 0.33324464733391 0.196308897221117 -0.010243908137442
-0.239490470717896 0.362581943488089 -0.145979659925955 -0.0863511394904575
-0.198858050010671 0.293217099661692 -0.22255185582873 0.234104801918869
-0.133813382114376 0.411700336249788 -0.00218762048092796 0.351917230892793
0.0863262767283768 0.489917801953239 0.200006223706576 0.301138755195506
0.286555014584472 0.415303194526416 0.30231518058363 0.16140305059534
0.398011733665841 0.297633349847792 0.270957260474011 0.0715614586631584
0.444087257956652 0.256064062082693 0.218853193517078 0.0368373390797543
0.411693991617965 0.244137453733477 0.142789540100766 0.0540135439492918
0.356158085606685 0.309663895645554 0.0441927136707613 0.0758910611163199
0.21243734168035 0.404173174928566 -0.0767140571765093 0.0820185171418433
0.0141473502550849 0.354203694943465 -0.196268125173457 -0.0659770559455857
-0.0309267684372046 0.24873060580025 -0.0802420372726993 -0.281868245277451
-0.0849162395616927 0.370350188683026 0.131243598746936 -0.397732499827222
-0.193124523223016 0.448283412277646 0.221299479727838 -0.388605923060488
-0.211630778026087 0.253172439914012 0.343208371132951 -0.098835432422006
-0.157229630532051 0.215988985012537 0.010598982937858 -0.135487134887273
-0.191593984958987 0.167184413796886 -0.140541619802281 0.118864400687198
-0.162656123403777 0.326123461438292 -0.0711640040353877 0.311039309111422
0.0493490090665851 0.400562158797851 0.163987375371414 0.405413759687381
0.221508160620035 0.334343142590604 0.372482941034473 0.304097835109025
0.312448430517857 0.244632485453284 0.409506767719033 0.185603308773629
0.331766113376565 0.214471385675489 0.359701462707378 0.125543284800196
0.282639255014699 0.209453283489898 0.263391322902065 0.132302769498471
0.194080776456696 0.252474886697872 0.111256352026582 0.143326166821988
0.0555729365521387 0.268475002543276 -0.0740282735005657 0.130586967613946
-0.0593747441328342 0.147736509489947 -0.229445493635082 -0.0797815101955821
0.0369910548092938 0.0544470374713801 -0.0651940417445316 -0.331187673576168
0.0492377872386471 0.249443783866769 0.179848991754743 -0.425306530726907
-0.0817254505304564 0.370127804621587 0.285396210996686 -0.468983822770813
-0.0450031220824015 0.146655803618443 0.43174583803985 -0.155594934129503
-0.0237520021036634 0.064357026346699 0.131750561026235 -0.168434605182541
-0.102372355941502 0.0269455834064562 -0.0820196775618321 0.0276337023001316
-0.122443880784469 0.159130366470247 -0.115065485794123 0.290405894489405
0.0143947323507217 0.212257620690843 0.163158943943387 0.470778686128574
0.111456111049427 0.181847178932274 0.431028533814993 0.385270522737752
0.167471459155853 0.148101554990286 0.504922868071773 0.260700216954244
0.170871710780938 0.139605045032549 0.449398846663528 0.192803264633383
0.125696127059111 0.144518158894272 0.323381159722334 0.201773941787573
0.0380083330757969 0.157148756446249 0.11214100873757 0.194617138367277
-0.0629606030880457 0.112578593138909 -0.113885688937643 0.128873232595743
-0.0833483805128487 -0.0241389956838737 -0.23555746091426 -0.139935168049601
0.0873083370694239 -0.0721642697052109 -0.00619239597461505 -0.357650362782945
0.130503088475637 0.131108510147976 0.231881348506391 -0.387813551988356
0.014990600338272 0.239419139359089 0.316864341961027 -0.496795555854128
-0.0564647843837029 -0.0637939186960965 -0.467157963870237 0.298595849891033
-0.117962617779604 -0.0251847053488633 -0.344196333854926 0.206054962909921
-0.095198164305679 0.0774878975145741 -0.251217928984247 0.313428981448933
0.023362767642175 0.104422006076348 0.113736363144912 0.322971814470154
0.0741563333287646 0.0513070891106884 0.236934507597121 -0.00547545639327972
0.0794391573677032 0.00259297831826207 0.072072453056662 -0.26358708998196
0.0493549543464958 -0.0367056105228433 -0.172731605850959 -0.358982274784845
0.0265891734566679 -0.0299459637085695 -0.33206599999835 -0.398130837388989
0.0124398704775558 -0.0259127667398869 -0.387099956004836 -0.44188928463615
0.0380509371854811 -0.0104578747240935 -0.292485652374719 -0.503572574498355
0.0651100486425529 0.0189471211015791 -0.0766247673173052 -0.490212486663602
0.0644349234077677 0.0817453943481649 0.137997786270433 -0.267655227464328
-0.0748539248226264 0.141141520960151 0.0604481110561253 -0.0444822809376514
-0.174754221456912 0.0314907241543673 -0.175166956023439 0.0103911923569574
-0.122220138834805 -0.0629681875282106 -0.428197444931673 -0.0321681061633181
-0.213284448023946 0.0279344409923815 -0.423856875856842 0.299808863296971
-0.193753765039027 0.0996599875249534 -0.334000796665684 0.134018448714218
-0.105221527014293 0.157584652551204 -0.309308079855513 0.261039604385186
0.0108676210693942 0.165951620762307 0.0452338410268095 0.344635197219827
0.0659997160260731 0.153584703008694 0.238829209855222 0.064025894187316
0.113269633131745 0.132276239024774 0.131906581022244 -0.225095300560079
0.1393028531081 0.10401097354917 -0.120302622854272 -0.34248484390498
0.15837573614777 0.13261724793414 -0.287866838752362 -0.377689854890693
0.145953961075319 0.149817253820379 -0.3625940095569 -0.396250331235401
0.141901180872751 0.204196247364691 -0.312975287429812 -0.439487115425392
0.0719777442723678 0.27136489567736 -0.132777050946106 -0.445317414673686
-0.0483196789260041 0.296907211321438 0.0844038827929533 -0.271442518120151
-0.246906213277686 0.266624654112474 0.0559924085054593 -0.0682026103727598
-0.378803491760583 0.127237603946649 -0.136448291512511 -0.0102223607712341
-0.32415222884968 0.0239599996512436 -0.338885801103066 -0.0494590881014014
-0.370977172128765 0.106308100226975 -0.321577887481385 0.267468819744879
-0.29389650900557 0.225898140063148 -0.324921666193306 0.0515318341980143
-0.139637529981075 0.249885253594941 -0.356414340443527 0.235337056764611
-0.0153378625559573 0.236941234369561 -0.00110207978270153 0.363118389906273
0.0443013877377261 0.25969057152497 0.233927806466616 0.123102406303724
0.1281704793562 0.26244632813381 0.179965780347674 -0.159508358012903
0.206003576008426 0.2417340042923 -0.0485095175443418 -0.277395292356549
0.265593059312954 0.275721762252529 -0.197289292067075 -0.301210744146191
0.263625597222949 0.290587648709202 -0.281241398502855 -0.29365530475559
0.251764982503745 0.366798467033165 -0.278608690012489 -0.315043009870356
0.118423373733141 0.475590075261328 -0.164947428544321 -0.337486097622521
-0.0930119772984051 0.484726171024453 0.0132001366989619 -0.247595512426315
-0.336575723358677 0.390091277921516 0.0491942948980351 -0.111396264680834
-0.495985084114101 0.239712145392306 -0.0455349067853149 -0.0648731776221744
-0.455257072001447 0.132556612749496 -0.18059779495739 -0.087067348012286
-0.483114862827073 0.15644666725915 -0.160731075894109 0.208833146814003
-0.380419059144373 0.304819299853515 -0.292331660461013 -0.0358834971940319
-0.20398004099346 0.304456029079606 -0.38318003691184 0.221443385954039
-0.0869939658219051 0.305069299043342 -0.0334760468630011 0.384530051591713
-0.00364612249247538 0.369987847786855 0.217996417486603 0.187429398851203
0.129497297674523 0.38496531154714 0.213290763354775 -0.0571686838360509
0.246378718642315 0.35400220232699 0.0379071958651236 -0.161514122769059
0.329772542164706 0.374345732251838 -0.0743402076153056 -0.181684246823894
0.334627233033047 0.375238557461302 -0.157215132498386 -0.161578086099504
0.314907010836044 0.453583743671589 -0.190568743742912 -0.165851015384895
0.157162940477576 0.576251076302906 -0.155741381526723 -0.193044407848182
-0.0944792766437425 0.565274420143578 -0.0542919325155683 -0.196830074121739
-0.32798897375232 0.439736190048154 0.0367932474378183 -0.16694562332319
-0.488887321426436 0.324368604425163 0.0641832832724326 -0.153988723180847
-0.485960549064753 0.238219604586451 0.00856467631732069 -0.146126781345698
-0.511458615296319 0.172315135469584 0.0331581300198212 0.144734669728516
-0.407338289256876 0.299788679705347 -0.212276154385099 -0.0999552641607813
-0.268880682534973 0.277777151120909 -0.361071454150765 0.198450417816663
-0.197137409953352 0.333235996411516 -0.0663246727840497 0.380837614685474
-0.068404596512733 0.453063627105359 0.170625612739911 0.26390918913179
0.116781691832688 0.469708926659802 0.228581139851982 0.0866590266623938
0.258907821818068 0.417382893817699 0.131440890635505 -0.00630847554244001
0.344852078710329 0.413946055619532 0.0589194036189319 -0.0362275201189941
0.340330971671532 0.399509336817932 -0.0171538815927103 -0.0226944530540359
0.299814335861806 0.460713375044717 -0.0801095254220697 -0.0247283851878332
0.132984817696954 0.559798403629384 -0.120145756858541 -0.0529595850635521
-0.0986963695465349 0.502256837843677 -0.109569326762576 -0.145192572288958
-0.243630056452329 0.368849941390669 0.0253787973812312 -0.226429165773812
-0.371681637563329 0.342388413957668 0.164228291735542 -0.249488837210153
-0.430597488186754 0.313624761256554 0.186279626198295 -0.217493628349996
-0.443796810650473 0.163800363542496 0.223249472883669 0.0933162997126065
-0.351904679791062 0.222665574002108 -0.0796784864195235 -0.118747100257174
-0.292894222193923 0.181610779169614 -0.271750509461989 0.145571149719955
-0.279033363178605 0.30477694096276 -0.111778646854226 0.333627895546983
-0.116631704875017 0.461342713738726 0.0915089003458127 0.348825552651476
0.0937780540383336 0.472227546711559 0.230959056602603 0.256327201208022
0.238321006717601 0.411434738382378 0.22301802961427 0.16523225511163
0.305450879944736 0.393403623285182 0.180929261804271 0.113395038206604
0.280784020297513 0.369732154955187 0.103818501368449 0.108554162419062
0.207055745928467 0.40228510781874 0.00750674996884355 0.0917253624142485
0.0506931746098629 0.439864864341394 -0.0994861201917108 0.048587372816643
-0.116532814077673 0.322503644507028 -0.154374879119835 -0.125649865011118
-0.118455263612719 0.212092447376652 0.0299349196807383 -0.281643784979354
-0.198074596563943 0.302213515269438 0.243628511824912 -0.310934847558612
-0.320669691993011 0.336276556382964 0.324226109600456 -0.281711548173363
-0.296382855459221 0.141348392239809 0.376569826178789 0.0595251099786829
-0.221674160086605 0.126469442421773 0.0723417025069937 -0.107714819628632
-0.236424344522549 0.070375381831103 -0.162510137625999 0.0687988346367512
-0.270346848196339 0.220171084813343 -0.165540940291541 0.27067212864822
-0.114589571448351 0.367763499328596 0.0140850796794091 0.428161432240119
0.066628235293552 0.375873245537194 0.234877819088551 0.409338027596911
0.183203792518077 0.334602907491074 0.30160233772369 0.321336038583165
0.220267402987272 0.314309272203938 0.273452467013533 0.244869374506907
0.179030834615621 0.290906419817112 0.181658683770381 0.220575021981039
0.0844357406619854 0.293233944189902 0.0415181947611324 0.174004116613178
-0.0434792512345134 0.261185996787593 -0.115953792363082 0.0898308146229081
-0.109145660062616 0.11167417364307 -0.177133707751616 -0.154265307340346
0.0112514458854483 0.0570937849965148 0.0669122933466984 -0.319146501915023
-0.0359543194222321 0.235508493220126 0.304534544493429 -0.312714729941123
-0.192545329029218 0.302601150610613 0.413119998592503 -0.322581153332038
-0.0999775219578264 0.114118448515651 0.462731197096927 0.0284163711745955
-0.0452320642456769 0.0464759982072727 0.185328472982969 -0.0989723779120485
-0.102747654616076 -0.0178458049274706 -0.0832321911654011 0.000317669752989425
-0.169601300627456 0.0909048224791807 -0.208234806628875 0.231207789174395
-0.0714699994633975 0.187776834736571 -0.0234082055858699 0.485905045156784
0.0284407033432911 0.201010804872301 0.246529253521699 0.505665734615597
0.0922523778029831 0.194421200594082 0.355008217164311 0.422685454308318
0.103477702295294 0.187810167671552 0.328990091592185 0.339722577847433
0.0626294479747893 0.17475815685536 0.210577911955619 0.303402752684705
-0.0211237874595986 0.153330934548969 0.0238173158148433 0.216997099562295
-0.0959368752575478 0.0800548775418273 -0.152054679125695 0.0709454311044864
-0.0697066722474445 -0.0505498637987112 -0.15836254130794 -0.213621411976855
0.100970910576593 -0.0418260634311702 0.133851894193751 -0.320212986451423
0.0760634441262641 0.155561640725666 0.342914864115689 -0.256700266554818
-0.0609893036700027 0.216721967614129 0.454836532619568 -0.329151687906466
-0.0583628117570222 -0.062063588083019 -0.445542927870945 0.313200660221184
-0.117698010836161 -0.0191590995176066 -0.327767893149411 0.2128765310275
-0.0919113489033504 0.0821902754838441 -0.23576955424551 0.321934851011405
0.0271029932392062 0.102423019936632 0.124104883644227 0.314997596979575
0.0753349950644664 0.0475332645172729 0.233907971961575 -0.0118663858893606
0.0780302732438834 -0.00167205543332421 0.0618999282269628 -0.262247194832869
0.0462935026309306 -0.037526419885506 -0.182012667378004 -0.344454717651409
0.0246956126114886 -0.0296262560828769 -0.34339001548095 -0.378158296812564
0.0112275689211213 -0.0238401507887558 -0.400196131935528 -0.416336491694993
0.0368147851274579 -0.0110507293831764 -0.310172159775979 -0.482694506775061
0.0647187494470662 0.0147881917496539 -0.0964115548535295 -0.479615507650929
0.0675148481542232 0.0765622205273895 0.127375187885036 -0.270659123173714
-0.0678420420644662 0.143726834097311 0.0570434127139965 -0.0466438660522746
-0.17071973554862 0.0374260720542541 -0.170544053600863 0.0182286716390549
-0.123732807867365 -0.0597554495929988 -0.416829074640344 -0.0168829434337275
-0.209479077910354 0.0354416010274978 -0.402406438109976 0.313894651664347
-0.185258785531706 0.107272016298684 -0.321341135541284 0.141725152379614
-0.0984540118543481 0.160651470797583 -0.294680086456095 0.273197876260974
0.0174117817060622 0.161766156028356 0.0567745064435531 0.33866597749425
0.071598341758121 0.147084837323147 0.239853492192737 0.0575467062500054
0.115895603541705 0.124317484673141 0.122619748233533 -0.228105859141159
0.140845970144703 0.0972343240015214 -0.130734333725532 -0.332194715040357
0.161776909265526 0.124741308137073 -0.29934239253087 -0.361175490880724
0.150232896434153 0.143186725652254 -0.37452569734699 -0.37315696257824
0.147288547593626 0.195390472291902 -0.325329538853185 -0.419033634784259
0.0834395574795627 0.263703877390659 -0.148360141565173 -0.432647831751665
-0.0347764005785923 0.294998101821401 0.0753440007070186 -0.271814566745571
-0.232708232504691 0.273335985625976 0.0519425752933209 -0.0697577135020103
-0.366086022976483 0.140665020578834 -0.133744982199433 -0.0039627213756383
-0.318090502891106 0.0337836872232824 -0.330745798737798 -0.0392633445162529
-0.3618405746651 0.118083214994731 -0.302739578948511 0.277145475507793
-0.277566899205864 0.236716168927981 -0.316346330839694 0.0608451974260575
-0.127412939798067 0.252320337337224 -0.339967060417186 0.248600842927816
-0.00474477446957879 0.23156963673383 0.013321638501678 0.359702108886
0.0550588839670761 0.250980060623299 0.238932456024869 0.116034640576636
0.137517787734304 0.251265755105692 0.172928076780671 -0.166693736325296
0.212505204576921 0.22907211884426 -0.057258277547094 -0.270442920425854
0.271583841961718 0.259251782999634 -0.207029295025815 -0.288789091672688
0.270985901706996 0.276517516734665 -0.289516238508874 -0.276527306839119
0.262336199870607 0.350368648182639 -0.285703553917328 -0.29655537737776
0.138466349005568 0.461798095328731 -0.176643856318561 -0.323609410010963
-0.0718467292094534 0.48007655929952 0.00624366203951352 -0.243586398460992
-0.316863156537714 0.397939124776393 0.043734724466277 -0.113097214201472
-0.476097776172695 0.257158084564466 -0.0461036058097376 -0.0628466067975687
-0.440971121691321 0.14392871307176 -0.177401827077836 -0.079163130750432
-0.470702312450937 0.173491963201208 -0.147942384150494 0.211608534383486
-0.358078777599072 0.317663312511226 -0.288509150334718 -0.0256232649562555
-0.188018259452413 0.308146283223165 -0.368646968070249 0.238176844185716
-0.0735262109480488 0.300491387666213 -0.0164050085538501 0.38066361503962
0.0137220430015041 0.361278225422321 0.225619750208774 0.178150920987352
0.1433846260496 0.371484526813636 0.209225175905531 -0.0693672617553894
0.25702258198919 0.338514513077065 0.0309470664806452 -0.160242870162977
0.341707044018349 0.352196260469227 -0.0813214246698856 -0.175508032496747
0.34452371354106 0.357410102561499 -0.161432070275344 -0.15245404482539
0.329124061216232 0.431609431624527 -0.192999703438678 -0.154356892156038
0.182160811058004 0.560306742754123 -0.16124588593572 -0.182196250945723
-0.0697721083185308 0.561155260056284 -0.0581908325610611 -0.189607269225149
-0.304560566998587 0.44757116536741 0.0289942825508239 -0.168910234771763
-0.463633596368487 0.340025662972047 0.0583043965625109 -0.15620964962526
-0.466827580383386 0.249593752302984 0.00431503474412762 -0.144215947030399
-0.496881836928357 0.190468663284295 0.0385327332184635 0.139878468024271
-0.383669570039592 0.313296255183009 -0.212967437958982 -0.0913451129629949
-0.254860386922891 0.282941361002187 -0.344600642522965 0.215845765149655
-0.180487972131574 0.334300440137695 -0.0492416521043528 0.376857445619578
-0.0480956463309386 0.446009173309851 0.181953678484057 0.254866421859898
0.134918484089699 0.455537919741578 0.230758528603868 0.0711528763402192
0.272572665967469 0.401442141602165 0.128690941966035 -0.0120303146674274
0.358380041972891 0.391202688298899 0.0556546752154276 -0.03811547609762
0.35152281769431 0.379662340472774 -0.0181605576092403 -0.0219458002412408
0.313285731892534 0.439786203131373 -0.078729163525181 -0.0211932733125131
0.158015996821513 0.543359064788187 -0.120252496352557 -0.0456206023527377
-0.078188274946889 0.498927457541001 -0.111405013744542 -0.134903490864026
-0.224598632571337 0.371417634617222 0.0155382219110528 -0.227273410105579
-0.34620926181423 0.354069490575893 0.151663417517058 -0.254860268881404
-0.408053226413037 0.320113931058893 0.173912530280407 -0.220579048006901
-0.42987254192713 0.178864903157819 0.223396533924302 0.0829813699022237
-0.332900746844997 0.234013785686463 -0.0831857331511791 -0.114364304303952
-0.282686639584575 0.186795486303182 -0.259619799925152 0.158756221023137
-0.262977201933663 0.310308853947879 -0.0963026942890454 0.332145057654051
-0.0963931423942777 0.457167872013957 0.105761487596221 0.341482060371661
0.112597596704412 0.459452928745978 0.239869043741196 0.237235633255734
0.253495809988322 0.39647761877594 0.22565055161902 0.152311685672354
0.319684960297891 0.372287580166435 0.181324854900051 0.103550026436584
0.291189551389144 0.352305131251986 0.106376400661106 0.101868112997347
0.220484546001695 0.386944166391243 0.0112431722701097 0.0894242616749909
0.0703039718490373 0.428854353296096 -0.096469309307372 0.0521032602363138
-0.101068544724245 0.321413246075335 -0.15553734305591 -0.113997772394458
-0.106081158282669 0.211129350184646 0.0179902417054092 -0.282180448653102
-0.176247249974456 0.305842160477454 0.226627418927629 -0.319190609744674
-0.298002062674377 0.339639813676819 0.305184676318792 -0.28843462543376
-0.284926428977783 0.150220959461283 0.372107969947888 0.044391976254772
-0.210078869374746 0.132110084013242 0.0672942716844714 -0.109195112635509
-0.232058694041903 0.0756025543385385 -0.156119407970069 0.0767361887027272
-0.258896570975266 0.227947541767809 -0.153136966775226 0.271624922755764
-0.097632470466209 0.365954606180303 0.0317518650597836 0.420998162550577
0.0821858023862807 0.366014899024797 0.248784342630953 0.389387016437898
0.195458543868273 0.321976655387917 0.309223463645591 0.302020760852793
0.231850275921081 0.29919090998275 0.280387114886078 0.230576080519148
0.187666065377413 0.277286806412104 0.188040492455673 0.20964241239276
0.0943026023415622 0.284300138117253 0.0467605600870777 0.168487899384333
-0.0306998550753074 0.258056815476595 -0.111864834747637 0.0927712864349517
-0.103931733336905 0.112060497652268 -0.180355595210804 -0.142470590737643
0.0144951668566356 0.0526938735761913 0.053350564870633 -0.320813653088023
-0.0196839369216776 0.234018774302055 0.286429036838284 -0.322054537225592
-0.173242957106277 0.302941088081339 0.387394930553984 -0.331825436571673
-0.0925706189721694 0.115964467487964 0.456543617836741 0.0124980723830217
-0.0408226894728452 0.0461333264121578 0.178944073745496 -0.104337557857846
-0.103591494538954 -0.0161019610242824 -0.0825368493208438 0.00383858889313702
-0.164412639030459 0.0969077419651927 -0.196760285198666 0.236026557303055
-0.0623070897252135 0.188200155457015 -0.00238640860052703 0.479938152365007
0.0366377832820934 0.195745873070969 0.264165959442727 0.483904213570973
0.100497106904082 0.188054240698412 0.367267352686324 0.400714530641219
0.110703565375643 0.178967248925002 0.338117452596922 0.320917089042448
0.0689686266481422 0.168680193533873 0.218273110352465 0.290277839664418
-0.0149182372370575 0.151472958168074 0.0290298000938402 0.211734311160716
-0.0911824825307467 0.0827950792523588 -0.148260412947981 0.0761294834639578
-0.0719020513470725 -0.0476189539558673 -0.165010708909229 -0.201647006898349
0.0990148117120064 -0.0471219246489305 0.120450317332571 -0.325000463798395
0.0855126951234228 0.150387898187747 0.325392022885552 -0.267928058342547
-0.0488603273871564 0.215348330200407 0.429424383480975 -0.33902369827081
-0.0609472808605874 -0.059403653013312 -0.422736853138858 0.333711143489975
-0.118997065636405 -0.0122339505644356 -0.313069281880469 0.22322360050304
-0.0879254626398156 0.0888734119791486 -0.218062977238493 0.334486537548082
0.0328274982399637 0.10105230248794 0.139688820509173 0.308519102510196
0.0780456860000694 0.0429814989336974 0.234156837732904 -0.0217241385152136
0.0768222000211406 -0.00687054487243779 0.0487555625556232 -0.264344826426696
0.0431768304340114 -0.0399803293000112 -0.197443637529662 -0.333913517515233
0.0228116402243824 -0.0296963889325023 -0.362572175258261 -0.35724880557973
0.00992667861879533 -0.0224711057410587 -0.421101550272198 -0.391636473161418
0.0352348296292223 -0.0121630455407136 -0.334657104149537 -0.460547179007273
0.0653790856503184 0.0100009776017392 -0.122228910050413 -0.471329972288175
0.0720775522169963 0.0711492943883483 0.114314888008619 -0.27755647255084
-0.0595398804044559 0.148806616329804 0.053193425617372 -0.0498481687602552
-0.168542530656366 0.0457732540469487 -0.167360691488977 0.0277737101121055
-0.127407676898257 -0.0557047877230754 -0.411451539583218 -8.78749411909775E-05
-0.206668650423323 0.0450177906818313 -0.381562296933405 0.332660979145507
-0.177648972804861 0.117049000026343 -0.311394691536668 0.153501570112966
-0.0893879854463459 0.166314804540096 -0.278622867260228 0.290478190768124
0.0265989571339752 0.158990645374696 0.0743810845890644 0.335525844853361
0.0794843842799796 0.141439479606148 0.245029395195243 0.0469996454690726
0.121950961782565 0.115497108040403 0.111861516961903 -0.234346293635708
0.144776866862595 0.0884542109572381 -0.145425196062035 -0.323691320555228
0.167556797791421 0.115411261424544 -0.319036733181771 -0.342241719913002
0.157029748981467 0.136530481722354 -0.392593380726094 -0.34939525151905
0.156207044016313 0.187031073152666 -0.34553513893603 -0.396121491423957
0.0986000765886387 0.25657512915725 -0.172835455214564 -0.421478833776484
-0.0180274063880695 0.293207233616399 0.0627354701156096 -0.275270286014829
-0.217921034355887 0.285682526595418 0.0477348488251104 -0.0726911173187742
-0.357892228876008 0.159606357954335 -0.131501748777468 0.0030983377741551
-0.315305403583972 0.0466102414632833 -0.327904799814299 -0.0247259066418396
-0.355103648602551 0.137205992962755 -0.285089284053665 0.288530951337837
-0.261106034596931 0.251323090363566 -0.310022755715266 0.0730380484647978
-0.113649488597751 0.258462982548913 -0.323929905572765 0.269157238154048
0.00794614674025047 0.228216996035334 0.0315663943660864 0.358751130161712
0.0687876812754391 0.244740376166988 0.247604317948142 0.104902504041603
0.150355503154851 0.240394952408497 0.165008755190176 -0.178068896873763
0.222980067119911 0.216193551791246 -0.0697238831159189 -0.266062087632813
0.286278809759622 0.244276175793695 -0.222823748619122 -0.276086042074502
0.28571307928437 0.262693479920328 -0.303560226600393 -0.258220008734327
0.279303636120435 0.335080481582821 -0.29926517659957 -0.279841740310581
0.16615565865652 0.449967133257936 -0.193475931564013 -0.311149507472098
-0.0452580725828755 0.482135016777701 -0.00349273030527409 -0.242566317581623
-0.294926313061645 0.413598774325238 0.0377182021449409 -0.116958201375909
-0.45726411115044 0.282827419979286 -0.0481894815363273 -0.0608662133154148
-0.430494581915434 0.161417567675682 -0.177693983245675 -0.0724789091508715
-0.459215667962987 0.197614294690677 -0.135304508106114 0.217181866100192
-0.335791909777543 0.335633198434928 -0.288070314964251 -0.013309794715988
-0.171670574153353 0.316141857514398 -0.350378348191852 0.260717965739117
-0.0571172430812553 0.300816764605743 0.00406912067885716 0.380274412762424
0.0343500258255322 0.356216352640265 0.238184630983772 0.167494418357248
0.163695577173334 0.360461484609208 0.206418715253977 -0.0832970869337249
0.273632305557652 0.322263699954461 0.0231987026269888 -0.161715546472787
0.360344191059752 0.332633578575274 -0.0917164652491701 -0.170985760792597
0.362896227642957 0.337091513788669 -0.169892105889023 -0.142646942523317
0.349850885379242 0.411786526963931 -0.198954909896372 -0.142794508565768
0.213676461273596 0.545917658788768 -0.171018113497117 -0.170714610092871
-0.0380679399466559 0.562457105540589 -0.0654183199473384 -0.18398146748242
-0.279067081719612 0.46012684775756 0.0194577352717819 -0.172054737398732
-0.439505464330972 0.365079124088965 0.0503910659092349 -0.160628291070555
-0.448786322159356 0.26685352114731 -0.00210467721978159 -0.14445329241884
-0.484681964082632 0.216366474035848 0.0460148423200724 0.136207505354419
-0.362046795419761 0.332488151583164 -0.216424113144064 -0.0819764457095764
-0.239085866585838 0.295035432814149 -0.328145668742001 0.236772494301557
-0.162518397495882 0.339718530688225 -0.0282286902086878 0.377454689386966
-0.0244829103268291 0.445330799148735 0.197641922878576 0.245835028650576
0.158760870860781 0.443469602743376 0.235003096498616 0.0545500673806897
0.293608420397252 0.384548266307006 0.127570320153485 -0.019654956123881
0.378607001925623 0.369538170155554 0.0522818575772496 -0.0410045599732871
0.371392345500201 0.358742933172532 -0.0206067100011891 -0.0206837923047897
0.335184431125377 0.420719721758743 -0.0783791160959294 -0.0171981468918161
0.188930353242712 0.530599484070708 -0.12238144243388 -0.0374842863707342
-0.0492696584889643 0.497951082527069 -0.115648172540701 -0.126244653938785
-0.202518975419342 0.380987763980156 0.00238083748421814 -0.230663561071017
-0.317924029752058 0.370751463885466 0.136783015966561 -0.265038437183719
-0.385185570334705 0.334482685152016 0.161302403818153 -0.227908709823199
-0.417708147130838 0.200014497629875 0.226834997633417 0.0705536818612297
-0.314948545371039 0.2498895920562 -0.0892161156393855 -0.111471241273646
-0.272987902055505 0.200151816128375 -0.2478794156303 0.174494736405713
-0.246737205796777 0.322389794691749 -0.0780342003815479 0.334443562686078
-0.0707120773494377 0.458973211894554 0.12539950647661 0.334966362489234
0.137111372932493 0.448704652161548 0.252921290842394 0.219132898022946
0.274334477605009 0.380896762948371 0.232290709173302 0.138615266812122
0.339379793967338 0.351571529241841 0.186108043965542 0.0938994673820912
0.310406905394381 0.334308112371854 0.110380606776805 0.0955965651256043
0.240833668522341 0.371970085557965 0.0155661936853837 0.0870221361647036
0.0943864827728304 0.421701526366317 -0.0936718372466469 0.0578556875703794
-0.083799274852254 0.324135945455146 -0.159095849987954 -0.101924878689075
-0.0941558931538205 0.212608020243313 0.00188128027433414 -0.286511631803548
-0.151983647190582 0.314183784561857 0.20705830453854 -0.332338110606076
-0.273678702366525 0.349555975961351 0.285925591383503 -0.301511293031341
-0.274320980076765 0.165079152821017 0.373148803421377 0.0261551299300142
-0.198776570241645 0.142200047348983 0.0612666808513036 -0.113383711421655
-0.228978605941567 0.0857210070261379 -0.149902088119545 0.0865333249652051
-0.246912142379647 0.240413641859543 -0.139284332437231 0.277971777871563
-0.0785174290188582 0.371032029878749 0.0542954944750359 0.419216591586383
0.100883441814728 0.358797987509355 0.270359846703258 0.369431547155942
0.214125125062152 0.309168514539507 0.324122814890523 0.283308614962305
0.247429006192482 0.282855457653313 0.290779439267662 0.213489284748794
0.203059505733038 0.266021192533195 0.198254586909995 0.1975420416977
0.108898711238794 0.277703026775259 0.0541532051997272 0.163633653476584
-0.0163530756584918 0.2567111997311 -0.107441977436009 0.0988423146694112
-0.0976499586940556 0.116516485719918 -0.185748042443031 -0.129140006586097
0.0180695033318242 0.0478148799082917 0.0366406143136843 -0.326617248261983
-0.000753263744632606 0.233411155153987 0.264699839243058 -0.338275434135412
-0.153435006265374 0.307691712727286 0.365610857080436 -0.347247839163376
-0.0851054018865506 0.120220954085107 0.453815969648698 -0.00900450822004824
-0.0367508804324652 0.0465085642866475 0.172410224890896 -0.113134264212467
-0.105957358925038 -0.0128031277240123 -0.0824662549870959 0.00774437714394296
-0.159465905447048 0.107055162429603 -0.18485228323949 0.245338445699245
-0.0532001267054973 0.190875125142963 0.0244586467605891 0.478190606139068
0.0471026461439331 0.191935630070578 0.290108090049587 0.46499100543572
0.1119214458144 0.181825427568546 0.386416558085666 0.375631286089126
0.120739727339536 0.170241694310333 0.356849962754249 0.301872991555116
0.0772889464238146 0.162979455237171 0.234478390644316 0.276843586278093
-0.00748171971304192 0.151827544279419 0.038450865527614 0.2091104530212
-0.0862605212280202 0.086599243889876 -0.145599115884542 0.0831828655058272
-0.0746637357385786 -0.0439325899578395 -0.174304922271124 -0.19069484567131
0.096720608499208 -0.0547850357909476 0.104197986951408 -0.332168102188259
0.0975510777924574 0.145271361381289 0.30759571241496 -0.284126324801955
-0.0355389940015826 0.216539710249007 0.405479913487804 -0.35633376020794
-0.0649143819058809 -0.0558743908737534 -0.390696320491864 0.358939291103718
-0.118319644978807 -0.00308865284189191 -0.292118976827897 0.238480710934626
-0.0801085943296135 0.0957820739698692 -0.188884211415552 0.348161863723549
0.0403676781279147 0.0983457266902565 0.161362546063407 0.295482916623205
0.0797866359812791 0.0363751046860022 0.232056843748184 -0.0364250326527462
0.0747808023588195 -0.0133442507012887 0.0296695924971229 -0.263571981078548
0.0393172723869105 -0.0420093068149234 -0.216562412225581 -0.313339305335647
0.0202036535172155 -0.0299097471727263 -0.384683869153845 -0.324134518430456
0.00893927945304332 -0.0205123344998137 -0.443853209388291 -0.351397537728703
0.0339478518042997 -0.0138847190011149 -0.364722844169591 -0.425553788274388
0.0653884853202742 0.00414768460829965 -0.156504247792628 -0.453686448038572
0.0768220798955507 0.0635103857548595 0.0939161091778359 -0.284303241344401
-0.0463403305337983 0.152610248465024 0.0481863999218574 -0.0518874336684117
-0.163990607472671 0.0568446374948655 -0.161037286069631 0.0398890813067134
-0.131091154179976 -0.0470616696914477 -0.402292845255028 0.0232988518726299
-0.20089202230967 0.0588025508225158 -0.347370351284865 0.353609366383026
-0.165255296932517 0.128402529357547 -0.295026515545382 0.168950068926296
-0.0759481252285068 0.171986100173189 -0.25198064147909 0.308761872518535
0.0380763065066856 0.154363925764642 0.0980445289066656 0.327231891368792
0.0895555884730511 0.132242379113196 0.248573122181195 0.0302653944057659
0.128031125691171 0.103414290478424 0.0943911613845712 -0.240415190408491
0.149220609747516 0.0761352665170694 -0.164817353634756 -0.307678872625973
0.174677211620984 0.101448791087031 -0.340021423876387 -0.313032082191056
0.166067820241161 0.124314490228726 -0.412999913962165 -0.314081791751186
0.167930153515926 0.172463726537681 -0.370053781879697 -0.363498142173193
0.116885194807756 0.243548573133239 -0.201863923081059 -0.402138239577771
0.00448362635125729 0.289645649880659 0.0441948042531564 -0.276773385037573
-0.192197063313496 0.298037128544692 0.0413617135870102 -0.0761326585847139
-0.338875591598819 0.184051475573322 -0.127302330835085 0.0122218308434931
-0.308276371449824 0.0661922155513026 -0.32118458812087 -0.00611554173677136
-0.339273222892561 0.161382184181206 -0.257377135797404 0.304650686855968
-0.235487832672512 0.266245478597879 -0.299465258718643 0.0908329189145207
-0.0923099779178733 0.264664192866054 -0.297237692720511 0.29046999590891
0.0254668947329986 0.222538370553369 0.0574109081351729 0.350840341716192
0.0864741928315897 0.233673732595846 0.25580009418621 0.0869756279249873
0.165476171847792 0.223008482672878 0.150902378855672 -0.189421622890607
0.236014144515157 0.195960126948419 -0.0868752501514615 -0.257693017327064
0.303161804400733 0.218042600125869 -0.24123039019082 -0.255756839311732
0.301884390235348 0.237948425070356 -0.319230449931985 -0.230392250059126
0.29883086331723 0.308316272952865 -0.314067014590434 -0.251369996444838
0.199490349290408 0.429385295761282 -0.214689846776589 -0.290225315301892
-0.00631390352028299 0.477826755762765 -0.0191845954067848 -0.239301527081351
-0.258643178671604 0.428813616654739 0.027532691528173 -0.119128324723512
-0.42863942278702 0.311797656730145 -0.0500132666972416 -0.0578535694850268
-0.413048802399648 0.185293782511941 -0.177790235899226 -0.0613707890301355
-0.438918358784212 0.229842561027229 -0.116520656837014 0.221730979852644
-0.303239528631196 0.355984179991749 -0.284223984323872 0.00399893385050385
-0.146301473925579 0.32610669475381 -0.323539158505996 0.286634320647398
-0.0341051984995472 0.298349090245707 0.0316066606893454 0.374424424942565
0.0604842663390635 0.345956317333374 0.25187315656769 0.148322856353436
0.18718487146319 0.339809513718688 0.198834193748041 -0.10043516071143
0.294582928665836 0.298114824574627 0.0111350359441073 -0.161564137914666
0.38059659514085 0.298076688875053 -0.104069592418707 -0.161626978511452
0.384943347276808 0.305464652997052 -0.178488722280352 -0.126846721707482
0.375573354812041 0.378082671568771 -0.205670741966397 -0.125733303792284
0.253860980677487 0.520060835823277 -0.180960453405806 -0.153538327541091
0.00418444050820812 0.555362390877875 -0.0749316297496321 -0.17619375341396
-0.242231524822906 0.472613689563122 0.0058252394571792 -0.173920168108281
-0.401243511511496 0.392233132505544 0.0379643992145185 -0.164990263312019
-0.422676140634746 0.289836942843552 -0.0105181025306003 -0.143870494357102
-0.460687150837531 0.24992765406429 0.0558496026017274 0.129674757389977
-0.327838430457588 0.354299289976165 -0.21920138316497 -0.0679818597242147
-0.214778252134133 0.307674193050668 -0.302350337569719 0.259947151747414
-0.135932669980918 0.346937311089764 -0.00145559084615767 0.374352679071956
0.00918038957316403 0.438562372510302 0.216862827689699 0.228055328855816
0.188993688601007 0.422089387124243 0.236288737900648 0.0312871460407715
0.318768139633756 0.355654960418802 0.124745158607224 -0.0301784588519188
0.401899433223511 0.333873451288023 0.0481966525692641 -0.0442921395629547
0.394319772970162 0.325536568682979 -0.0226031715297697 -0.0183971915640562
0.362594559089773 0.386724438539506 -0.0792779965819251 -0.0114525155080802
0.228088153068113 0.504449548081222 -0.123805592840715 -0.0259846771362896
-0.0118058978206632 0.494366626529573 -0.120428310949143 -0.113964917531063
-0.170374805362241 0.387033684657751 -0.0162688387401918 -0.231019339006941
-0.280315251652074 0.388895163125669 0.114373533831593 -0.273733516162062
-0.355106528716454 0.351526997008234 0.143343708309666 -0.236017332207753
-0.396422308607693 0.22841331022543 0.228303644077444 0.0532097849031028
-0.287272022549661 0.267772851188834 -0.0955759027472114 -0.105283789782169
-0.256632338639291 0.216560086048672 -0.228718392433215 0.192997852720754
-0.221794441909863 0.334332327968249 -0.0545921050527459 0.334013112769956
-0.0353407756090618 0.456575738810906 0.150740119821825 0.322552020359351
0.169061181877679 0.428865711753562 0.266102647478392 0.192278859536681
0.299311019318364 0.354777267297338 0.238698179033191 0.116693524939257
0.362223504882749 0.319021486174419 0.189772666282775 0.0785672021663089
0.330297789464486 0.306024756444724 0.115046123123392 0.0862132872113509
0.263144453336392 0.346499669995258 0.0209657483091403 0.0838044712148862
0.12648247964496 0.404982931887464 -0.0885178854751138 0.0656221114001443
-0.0586891762146879 0.3243165159314 -0.161412591464793 -0.0866452458111529
-0.075940286517297 0.213349908111789 -0.0202666801395655 -0.286560125248285
-0.119564563703331 0.318380489108962 0.176980810194578 -0.344760593178221
-0.242738088466867 0.358444176476783 0.259121714129812 -0.315027148339739
-0.256334893363098 0.182624228843731 0.369328546270173 4.46860094336929E-06
-0.183023698375141 0.152461297361925 0.0512032512694952 -0.117232576635171
-0.22190383534876 0.100048466023095 -0.13985155495737 0.097204436851098
-0.228003824679202 0.256478628850682 -0.118895529102394 0.283745428102042
-0.0494213518067784 0.370101958613368 0.0869002699014687 0.410990566013042
0.124775765348685 0.343958499496328 0.29339847359255 0.340571932808006
0.234870937938439 0.289630170948153 0.339642759043326 0.252200797863209
0.266318127886035 0.256540347693047 0.302935109714276 0.189435934470367
0.219504033168432 0.245779467664752 0.20963292121128 0.1799354870263
0.127164120193917 0.265020510204303 0.0630035868811481 0.156725517449711
0.00415203987479796 0.253192364613154 -0.0995154422605872 0.105805755322922
-0.0881002257705481 0.121610873613903 -0.191059403308915 -0.111723583537769
0.0226418235557933 0.0423285052969823 0.0102031860264655 -0.329260291018204
0.0227666805767778 0.227736089814434 0.234136015218388 -0.353256819036643
-0.126442244487654 0.310562280160029 0.333435999622811 -0.36462610220429
-0.0732017810322233 0.124390946660501 0.447473040646385 -0.0387255987363258
-0.0314547437892656 0.0470895641529378 0.161666716750045 -0.1240863194137
-0.107813831619031 -0.00518160314586509 -0.0811832344532616 0.0133314979179019
-0.150151402467937 0.117879196617855 -0.166892172733432 0.255210573029309
-0.0376561071672648 0.193092354809451 0.0584838428481389 0.470654892236322
0.0601732363475383 0.184652393944341 0.319907069998124 0.433033937676043
0.124600490650599 0.170214824559858 0.408567771967722 0.340460952947721
0.132711332549895 0.157046832889273 0.374654577568743 0.269740313121226
0.0880968722822871 0.154093615671639 0.251975713152046 0.254739645000465
0.00335222522377552 0.14947379618851 0.0504327184301096 0.202122621165409
-0.0789556087259835 0.0906096388944156 -0.139221126416647 0.0920907287237705
-0.0772987799262201 -0.0385958396682573 -0.185269263375148 -0.173359948304043
0.0913469650911659 -0.0633520153712056 0.0785188035975919 -0.339782655205796
0.111122182968097 0.134731256075739 0.280845121015367 -0.303620792385678
-0.0171209656878424 0.214322405148883 0.371761390555331 -0.377088133184306
-0.0672986751070355 -0.0497641714994081 -0.346127285739449 0.36985828924819
-0.114519262853466 0.0058616024056978 -0.263450553706809 0.245652751560709
-0.0690297382831424 0.0998446694258921 -0.155910065114172 0.349828039656443
0.046614639706381 0.0919105281485401 0.176724171827904 0.272646133765708
0.0796150392281754 0.0288788890554977 0.222230004678677 -0.050013169033868
0.0698086848992512 -0.0187142150460246 0.0101934840167359 -0.255800062425264
0.034253590242655 -0.0432415600774131 -0.229248909761539 -0.284071186340021
0.0177789161502866 -0.0291908602039177 -0.394168274949743 -0.280664787509882
0.00782989077531121 -0.0188897108658699 -0.45058839316642 -0.302419032445525
0.0314494602058931 -0.0144636847338995 -0.38004671898508 -0.379890819145711
0.0629467665035869 -0.00246609534370238 -0.183037361504743 -0.422878150820644
0.0778243638112419 0.0539299436919568 0.0707714230673737 -0.281492745507856
-0.0318473693215122 0.151938413597039 0.0421235064693606 -0.0525698906407834
-0.154575074243625 0.0666581607790674 -0.149877233940782 0.0496930481461654
-0.131634909075719 -0.0366753243319238 -0.382482114241488 0.0460836000531065
-0.189079943455703 0.0703113551362581 -0.305791069019592 0.36262346095222
-0.147526542727503 0.135128092436204 -0.271576069868441 0.179004288750595
-0.0584368590998211 0.171535443641426 -0.218719250950443 0.315048887920741
0.0483242873431733 0.143788253065916 0.117100709292806 0.306728782667654
0.0957211891425705 0.118836991016462 0.244268426744399 0.0124896559856888
0.129546518658468 0.0883375146072398 0.0738263300700232 -0.238788589663821
0.147643380890864 0.0613836891529214 -0.180243907626763 -0.284167634673278
0.175464557237393 0.0840127485508102 -0.350865175116174 -0.275117489924463
0.169317605206766 0.108143442183249 -0.419680432473795 -0.268331662264605
0.173616681844799 0.153832911503713 -0.381156974379128 -0.318749193079548
0.131216146623206 0.223103695641152 -0.223928706480138 -0.368569780553672
0.0256248180999767 0.277157314811907 0.0236962692277475 -0.271069616236313
-0.161220281789334 0.301070493303749 0.0332017152609755 -0.0760816566000717
-0.312533200698168 0.200873216410674 -0.119585557468311 0.0201832433298999
-0.293060711230937 0.0831902903619742 -0.305473701039893 0.0129786122947415
-0.314107243860225 0.179812810439299 -0.223887693005322 0.309326876106983
-0.204731350287021 0.273279987612773 -0.281921284358186 0.104997428974636
-0.0673372116737505 0.261684984548148 -0.26327350538987 0.301793062107617
0.0402689635755161 0.210846428178476 0.0802960094874934 0.332934427012002
0.100925912847039 0.214710189579333 0.255962129967593 0.0649792186406699
0.173741372623281 0.199767340715413 0.131809129692541 -0.194972672047687
0.240033088349822 0.16912861750163 -0.101903833397595 -0.241171103278878
0.306940310006823 0.184010944153335 -0.251160745153181 -0.226995683781632
0.308652888091498 0.205134296885521 -0.322965466717358 -0.195481285928653
0.310526187991424 0.273171592164004 -0.319521352596315 -0.217269447421661
0.224356598070682 0.394768970830188 -0.227913579654745 -0.260371827866616
0.0279060980550882 0.457938460454892 -0.0332222750747191 -0.22917807679399
-0.216832378931295 0.431407894403992 0.0166492367207811 -0.118065612356914
-0.386084023744556 0.330667931564784 -0.0513341487479714 -0.0536977641427553
-0.382752963811809 0.2039211323407 -0.173267080833028 -0.0494027990001064
-0.402665403869482 0.253545169743887 -0.0958577252349115 0.219636166569399
-0.261257633195834 0.362590404296333 -0.273179409254282 0.0204035754849045
-0.114173548149539 0.32401325513528 -0.286964535719855 0.299696293332047
-0.0108585783466561 0.286761366982397 0.0574221719774947 0.357568537886303
0.0828000084547085 0.323510153377016 0.25606314410865 0.123829262760164
0.204165541535585 0.309196508160304 0.18373785193898 -0.115314842875752
0.30373535441615 0.261716279371894 -0.00090497199970146 -0.157086607372947
0.389533856195828 0.256112329933162 -0.112743273327149 -0.146155654665751
0.391828132192017 0.263383859029815 -0.18107439516224 -0.106835986840356
0.386943969774393 0.333913811160141 -0.206768714029046 -0.105142664347991
0.283810289067999 0.47541618221504 -0.184718256719902 -0.130517905170777
0.0465487179387557 0.532581989044148 -0.0818417293264258 -0.163072017407203
-0.196828349093334 0.471264424468438 -0.00957033399480412 -0.169817506930185
-0.350801870929352 0.405268754747103 0.0244702120186307 -0.162689781720415
-0.384725049688448 0.303877756768116 -0.0194717286942846 -0.139316675670669
-0.422633442528956 0.273624897038632 0.0619598410770146 0.118535447927946
-0.284839348643254 0.362983106742064 -0.216104963481238 -0.053383296593012
-0.181568332631727 0.311321599380492 -0.269831081215674 0.273236308545653
-0.105096109950892 0.340592370252976 0.025482725073703 0.358992385622122
0.0425719627542311 0.41717376847259 0.228531026366393 0.202562599043388
0.212528499968999 0.387010275257403 0.229704429750888 0.00807608733984415
0.332573412253095 0.315424692595474 0.116365278403015 -0.0399491881483282
0.411410601590004 0.287159242824237 0.0423732390732013 -0.0454753576963452
0.402874737877029 0.281861306159038 -0.0235740850914983 -0.015497425835068
0.374738606494361 0.344496107970704 -0.077118764755808 -0.00546546295393072
0.259414024348069 0.463204305448243 -0.120010064391544 -0.0135588964018381
0.026308338082026 0.474741889548984 -0.12104273720936 -0.0998138321015474
-0.134637301652334 0.381867734095611 -0.0351553422296323 -0.224039440070805
-0.234391893215625 0.390853899206343 0.0871719795974135 -0.273287416609389
-0.312729600186985 0.357515517960327 0.12018234554019 -0.237011403189293
-0.361623030228439 0.248495642004586 0.22277339940036 0.0334587424990311
-0.253817520839727 0.277419548330983 -0.100239323023175 -0.0969889469746307
-0.229865883254739 0.225585602316151 -0.202692516583678 0.202243455425871
-0.189378925489621 0.338159801107214 -0.0291100758801782 0.326061993459652
-0.00118892690617848 0.439933798740476 0.171037718510996 0.298158761111572
0.193128533127985 0.396884089307371 0.269715953563779 0.159021936882166
0.314496403601049 0.316548059345973 0.237179442500189 0.0923447073578452
0.370762400316549 0.276608200815942 0.188604914662714 0.0609910793956644
0.340264591382707 0.265831509052459 0.116197896927574 0.0742946158466519
0.279017030413604 0.311235581051931 0.0245283122466826 0.0778820545103949
0.152965321326038 0.377028261668761 -0.0798303794149563 0.0704994872689279
-0.0318990184675665 0.314335189006279 -0.158914567891331 -0.0699780167345648
-0.0569740884210862 0.206267652367129 -0.0436038369892572 -0.27779397579418
-0.0856736319423051 0.310463390552568 0.142120979789578 -0.344552094161322
-0.206292961774372 0.356287788700468 0.225532397967459 -0.319632203475104
-0.229763410649911 0.192780832223669 0.354160535202829 -0.0267219021182991
-0.161599976090648 0.157565978478267 0.0403555390726312 -0.118076424561069
-0.208041547821374 0.112336716912297 -0.12591349004441 0.1035714419929
-0.20110086850752 0.263910553926025 -0.0942904574234329 0.281642021212252
-0.0204180082634662 0.359144223780272 0.115360115967452 0.388510655665502
0.146139810970173 0.3203895377019 0.306745439223247 0.299844037528251
0.247369117877447 0.258891823468961 0.34286673201875 0.214895322360383
0.274569403215068 0.224432444205502 0.306228155829904 0.157920660197159
0.228852260446693 0.218025647298754 0.214104909280256 0.157113218655271
0.140999431403665 0.24383235725342 0.0696564951437613 0.145156401603267
0.0234909922447882 0.240479418450998 -0.0881473893328573 0.109126887090702
-0.075846574215575 0.122066721135793 -0.18973115509792 -0.0922106300064976
0.0247892314804936 0.0358083749995258 -0.0157745029616013 -0.320430972881313
0.0439004901339448 0.213963753291019 0.196578034947258 -0.355093148246367
-0.0980140836734273 0.303167457296289 0.291750744000739 -0.371012762000872
-0.0599081491566719 0.123730797295151 0.428194247537301 -0.0666849948361712
-0.0260289755781302 0.0461967762163833 0.145306722747986 -0.131005329657922
-0.1057196620049 0.00274785884842768 -0.0771842451877712 0.0183439244922755
-0.135712360859618 0.125748739610278 -0.142469135610957 0.258891658977927
-0.0220485933813694 0.188090260399223 0.0942640613225222 0.448362310561812
0.0711452098405942 0.172173342908192 0.339226454816081 0.387803490224318
0.134055818561281 0.153159665058415 0.417933260939592 0.29422382749092
0.138720557921456 0.138779149086703 0.380035492758366 0.229807544958253
0.0957658101996291 0.140477770752843 0.261388627167484 0.225196399034062
0.0139002330132132 0.142645728474061 0.0611576333483142 0.190609825153656
-0.0694011484428813 0.092175680825981 -0.127684899000604 0.098322456590711
-0.0768586016720748 -0.0321429485966343 -0.189799348377264 -0.152308040807894
0.0835909412954784 -0.0697019269309797 0.0498614848364261 -0.334957082756445
0.119991520739877 0.119235462792038 0.246087415468851 -0.310489504074808
0.000150900724080638 0.20543828003632 0.327010928718544 -0.384265741232487
-0.0739745419598664 -0.0347879073077505 -0.263946380529786 0.396744526761015
-0.107907617260745 0.0225725252718958 -0.208874746400434 0.263551788582955
-0.0481845762170093 0.105228634023746 -0.0931436136451301 0.347802943231561
0.056307293853152 0.0798191704000842 0.209510232129757 0.223866412346675
0.0783051751729983 0.0171473901281578 0.201127866224373 -0.0818638512930718
0.0608712127461815 -0.026921136860838 -0.0273073792143023 -0.241790748416827
0.0230847193204434 -0.0444853411255296 -0.258447219603494 -0.238093191547755
0.0121747377159318 -0.0293962671154626 -0.406661988000294 -0.202724659778618
0.00638779326541022 -0.0154130683119975 -0.461691810490852 -0.216671223234579
0.0280847000452739 -0.0144272539482769 -0.408960232805627 -0.295322331259901
0.0571287583199275 -0.00793588371108567 -0.228762347479381 -0.369572831433605
0.076125247348858 0.0389643581974723 0.0297861470414323 -0.277451688708995
-0.00553922218412536 0.14517668702316 0.0357386913694751 -0.0495146608318169
-0.13137024938028 0.0843385641482311 -0.134996312003202 0.0734043004347876
-0.12638236302546 -0.00927586163311473 -0.357147093056328 0.0914004146496148
-0.171033408924457 0.0990801540549871 -0.218954890693694 0.371112344123089
-0.119832554285854 0.147185359851674 -0.22465065089211 0.198877577039506
-0.0285435336924799 0.170393543952831 -0.155242656116841 0.320356996961398
0.0639675375749386 0.127224183733366 0.15991125612194 0.263471813402886
0.105077686315451 0.0972381805582002 0.232556660136228 -0.0305126795324143
0.130452675909786 0.0635318898812978 0.0356595229913612 -0.240049260817801
0.141986965567758 0.0367561855679294 -0.207738867037467 -0.248188581849865
0.174482595551455 0.0532540735143315 -0.363825753443663 -0.202573885070908
0.174493926914576 0.0785439542355115 -0.424365814396529 -0.189612558613406
0.183168577778309 0.118954999234066 -0.395128015249372 -0.239560387962542
0.154055259930859 0.189006842142442 -0.25299451777788 -0.313991465235924
0.0584726401434983 0.25141763676749 -0.00647969653709738 -0.257408327529878
-0.102928927733672 0.302396402982857 0.0250731127703069 -0.0646785633492661
-0.255154687817326 0.227297108987156 -0.11365625177049 0.0512658442807977
-0.255060465911205 0.121356257919234 -0.293861735935336 0.0535245066006111
-0.272780839093088 0.222950937619179 -0.142203732652528 0.298361004701815
-0.154480026972448 0.282490636106796 -0.243606167390169 0.125942232771489
-0.0237318637324818 0.256105237682001 -0.196950853148239 0.310342799424002
0.0652956728117213 0.189094155773765 0.12994341684072 0.291461860212997
0.122052167277001 0.184638672391669 0.253844978807276 0.0128393389618004
0.186725316338627 0.159987468750519 0.0980259455262431 -0.212313841298672
0.242391411558398 0.123983912701619 -0.124263004556655 -0.221364499321219
0.311960287981809 0.126651516797093 -0.263838415328581 -0.173320445702108
0.318712446985817 0.14876363673443 -0.321131430616412 -0.136415260407609
0.324704531666862 0.209137032268049 -0.31903505171694 -0.155079294672305
0.265155425679409 0.331528198865015 -0.23682983438612 -0.213985343140433
0.0879621401152896 0.41828066108143 -0.0490928448421546 -0.207278692936067
-0.133857772385439 0.430554738758911 0.00556689648204862 -0.0989059348976421
-0.301908371560494 0.354342320526692 -0.0614824843051682 -0.0208477175114399
-0.320156029662982 0.24279674641707 -0.181256855289663 -0.0206878416671328
-0.345807621493422 0.305736001909692 -0.0286068967810214 0.189130107072572
-0.193887159542711 0.373814794981866 -0.247563131507417 0.0431004048262934
-0.0591737812330909 0.321580683332837 -0.217060818248139 0.308674620878811
0.0270163139564392 0.267172784523805 0.115524717065425 0.317170799502551
0.120309813810813 0.287449658380907 0.265716441238376 0.0633763412197447
0.228540039110687 0.257962995629175 0.15962885391527 -0.149988067365883
0.31404167684587 0.20065287196889 -0.0135848625972222 -0.158072211412671
0.398773931803906 0.180188280026076 -0.123114236251844 -0.119050179489365
0.404168575485974 0.189051563108615 -0.174725106184949 -0.0747072710665369
0.40445703465398 0.251570184954749 -0.195621410479836 -0.0684096241328567
0.333614303453446 0.394765028148385 -0.175893873106858 -0.100181683155963
0.115607870910349 0.483861757693028 -0.082868164441361 -0.1370589343687
-0.109822880681003 0.464029719914233 -0.0257658806698212 -0.144823884857004
-0.261667483661239 0.414657202236868 -0.0053162654239648 -0.131800656147517
-0.308037687804912 0.330637904765954 -0.0494998815651566 -0.12286607634742
-0.3601210495012 0.326269957086901 0.10531190999503 0.0710691003884843
-0.21580049897459 0.3758939065507 -0.204043801170044 -0.0338192872760971
-0.124806902849762 0.31849882398181 -0.200769894657008 0.282563119396795
-0.0540465553474145 0.331075132465261 0.0906983404271758 0.324399362589142
0.0928719664750567 0.37999815525008 0.254205923077986 0.138968216238699
0.248094116685629 0.329301216639845 0.22119177688764 -0.0438225725945508
0.348650544928206 0.246259860773052 0.114601578427562 -0.0642508304242784
0.42204835776311 0.206294292154449 0.0362628672624839 -0.0480482664477265
0.415014716338256 0.203004931383007 -0.0150942432602685 -0.0118698833900551
0.393130699763577 0.262633117069994 -0.0609295534052378 0.00484001858655553
0.307062288107137 0.387954195542668 -0.0996913463126431 0.000904696971495515
0.0883243875214585 0.433137012906647 -0.112411239679494 -0.0709017293595421
-0.0676814003263535 0.370899325198259 -0.0599478770735888 -0.195425783081297
-0.158985607846616 0.385550086770392 0.0411368219225679 -0.246933522822756
-0.235376471950056 0.366790424878162 0.0699299878869022 -0.230543759010897
-0.3036368074237 0.291506248693497 0.238435880588 -0.0276896663893023
-0.198225808825647 0.289415291110709 -0.103068961655263 -0.087607700630484
-0.18258434393849 0.243831025522513 -0.147710498367282 0.210473714446806
-0.133135001427962 0.339235968149101 0.0365927545893405 0.302591159255495
0.0565650792109713 0.40815554814734 0.216841996097292 0.237337575306667
0.231659410869841 0.342357528797615 0.280162249370114 0.0915887827753236
0.333624375919711 0.250340998588826 0.247246439598617 0.0443020334246867
0.384036121618674 0.201847160948532 0.187244047761003 0.0289541144056288
0.354430204322346 0.197003843649189 0.126532715935031 0.0523825807816161
0.299183874627174 0.246938360530704 0.0427644040558969 0.0691086779461175
0.197127877793145 0.322462482847894 -0.0539499554402826 0.0760083486713447
0.0141470579340468 0.293733525071616 -0.149366869446425 -0.0378417076213262
-0.0230461133420634 0.197380291789263 -0.0788808132327325 -0.250932299898483
-0.035530635034985 0.290293229480972 0.0849700255585472 -0.327379163121442
-0.138753578628389 0.348030589940756 0.159950213954599 -0.321874287000652
-0.187244862189303 0.217390765863792 0.344214616165572 -0.0941383564628977
-0.129297789444071 0.166010456327159 0.0238779180369984 -0.122147205965176
-0.17924665163834 0.134188807146763 -0.0920481023043502 0.111281775495597
-0.154078418710135 0.272794763805427 -0.0333786296622461 0.274759500285419
0.026916834452587 0.337538839131517 0.176220910914778 0.33424446470801
0.179000546037914 0.27636374512311 0.332863295782533 0.222097724354427
0.266585198302999 0.203932456430823 0.362952873613399 0.144929692420329
0.287068621474558 0.167426031985605 0.310014511780595 0.10176415431117
0.242935645187375 0.168227230178539 0.228087529273409 0.116575001029451
0.163545531368593 0.202411597622246 0.0910530285858909 0.126300490609715
0.0573438355070481 0.215550184450801 -0.0615644500728324 0.11531058488198
-0.0525736735311221 0.122869102608415 -0.188336873321919 -0.0556639748040123
0.0257950747916212 0.0278074442287245 -0.0612620093226633 -0.30092641649725
0.0685422056382027 0.183831216409576 0.135514682045862 -0.351057111697786
-0.0471672420061539 0.28444164357405 0.216975519580975 -0.379530045904711
-0.0344378964152744 0.124190037959524 0.395407829574504 -0.132469888889801
-0.0170743485456812 0.0441306355672479 0.116641452453082 -0.145014544816445
-0.100462753329115 0.0182588622258423 -0.0653348445121612 0.0283022982017266
-0.110623154338419 0.136373845859878 -0.0866365000205338 0.264233145004458
0.00272526737463063 0.179124493029708 0.161138259605349 0.399547249524766
0.0900020323553626 0.150722408277379 0.374400715184348 0.306747313652055
0.148104983033471 0.122573159247178 0.441302476083806 0.213401790388486
0.148455642466108 0.107800020631599 0.388450414188446 0.155793973700219
0.108565712363643 0.115147910476078 0.2785719734369 0.173096709167555
0.0326784376251411 0.127745471160725 0.0857445305067421 0.171534635986674
-0.049714239103601 0.0944841872148124 -0.105472791469967 0.111955274777367
-0.0750423792191759 -0.0172094259996985 -0.200856099431629 -0.11489408493698
0.063378743454409 -0.0773981370297891 -0.0023043343845891 -0.327108717841343
0.12363112520878 0.0890812129727719 0.190103169300112 -0.321015928467528
0.0259134446799322 0.182712795366722 0.250884821199134 -0.398276207165289
-0.0719117803966588 -0.031856000579961 -0.240514706474477 0.377316475872504
-0.102017991400513 0.02424088177853 -0.194798298725447 0.250281303452074
-0.0434630100643267 0.101009057298612 -0.0816332816633446 0.332060220359324
0.0553811650583624 0.0743984126044456 0.202498286703335 0.20896284126139
0.0746219858915377 0.0143971579878583 0.191116406588109 -0.0796724239443882
0.056649496474998 -0.0262853553010655 -0.0292506385538754 -0.228102018677768
0.0205351691035539 -0.0417836424979068 -0.247671814913085 -0.220320425534221
0.0106930316946291 -0.027660592926888 -0.388524358256491 -0.182875513862192
0.00663590143821412 -0.014069289222841 -0.438645916451037 -0.193920829385636
0.0271560779031923 -0.0137355342037818 -0.392538935789827 -0.269756509257459
0.0533188424296909 -0.0100022911484544 -0.222371474241728 -0.34249630434621
0.0722951209070356 0.0342782058699168 0.0232466460232824 -0.264075489794665
-0.00139187072559628 0.137301908202895 0.0337891772499584 -0.0461240354285528
-0.123954723430937 0.0820626653127681 -0.125614912342287 0.0710762659954216
-0.120932234415789 -0.00739037900999442 -0.338100510013048 0.0878463380779691
-0.160474356555733 0.0962803126169392 -0.199366487640376 0.352825122351605
-0.109892346678137 0.140430496190747 -0.211316038102471 0.189071277186896
-0.0225298764761247 0.161456334629382 -0.140555616556329 0.307264595086151
0.0636498629775732 0.117239120144148 0.154680663810201 0.247557739068905
0.101406810381664 0.0887402892666129 0.222357234391153 -0.0320757971524464
0.124067430559584 0.0569726792246325 0.0302961644059989 -0.228865377281288
0.134156943359622 0.0320941599537644 -0.200507250994102 -0.230654488113092
0.166706058016154 0.0457722878522379 -0.348203109141945 -0.183247477852014
0.167559848304659 0.0710024697012853 -0.403862332766187 -0.169611281216711
0.175716236150973 0.109446649420875 -0.377113836598611 -0.218410449056234
0.148343985856819 0.173586269340937 -0.244770859968918 -0.289385895657488
0.0603055233408203 0.235827266959689 -0.0104794017147478 -0.24418266527552
-0.0904803684475295 0.287208370958631 0.0223938720022722 -0.0615442051067888
-0.237493248380264 0.219282575052259 -0.105309160182044 0.0494334586855476
-0.24100155049071 0.117496996464409 -0.277913737198304 0.0515200458615133
-0.253788796844919 0.215904406533857 -0.12881482657564 0.282340405534055
-0.137838113704679 0.268795932787381 -0.231314520749296 0.121156954787672
-0.0156363861087856 0.241871934232408 -0.180770745612932 0.296929467066029
0.0655533684458051 0.175567342376244 0.127295733111751 0.275796673243829
0.118475108101456 0.170047251335722 0.24277409087787 0.00770893257733869
0.178865714280098 0.146840305947124 0.0890498542257636 -0.204025441583281
0.230714845050574 0.112419127117516 -0.121654635925119 -0.206778327084756
0.297008372517496 0.112106470398207 -0.25317733134339 -0.157034904725238
0.30477668950102 0.13369177156388 -0.305043719765428 -0.120584653624646
0.310144372446788 0.190095615690946 -0.303843997513408 -0.139117065275473
0.258093941616331 0.305276689614344 -0.226543498520484 -0.194845305396834
0.0917138597777754 0.392975595713323 -0.0481720158512429 -0.196395322452332
-0.118739508197543 0.409969691945874 0.00217866173742021 -0.0942299561766694
-0.279397331653258 0.340810426494426 -0.0580630135424626 -0.0204199610650388
-0.299703484513884 0.232300714125884 -0.172012290841054 -0.0200563934746633
-0.320984214395299 0.295262976674786 -0.024792762943723 0.177939566002937
-0.173497706610234 0.35558311897622 -0.236867276674499 0.0418836489651696
-0.0475256129468871 0.303370839640373 -0.198724165617523 0.296093523764589
0.0309038645048429 0.250126328851052 0.114305003143749 0.299962714502285
0.118735422972867 0.267428903187048 0.255332111453998 0.0544746129895309
0.220046827368201 0.237166410009411 0.147648537679398 -0.147285073314688
0.300708894366181 0.184148033804837 -0.0166282617343804 -0.149058352983588
0.379558127064505 0.160616269055586 -0.118772734389183 -0.109197767790145
0.387470165941107 0.170183714729318 -0.166054611498365 -0.0654741171316093
0.386230300418832 0.230798932501572 -0.185643397520629 -0.0604317331706587
0.3227207128274 0.363785824562966 -0.167039463798813 -0.0893414578456504
0.119520244914354 0.453398793875878 -0.0786568234032109 -0.128962008340955
-0.096397327610556 0.438857274530452 -0.0297570075416946 -0.137072889614056
-0.239868341573939 0.395083579175377 -0.00776078251746314 -0.126361401215405
-0.286861957176092 0.31345237166043 -0.0494588479102923 -0.117768086855438
-0.334234362939066 0.313571843429424 0.0988943247258536 0.0644759617640887
-0.194093655909433 0.356713845801684 -0.197233020542551 -0.0312257345103405
-0.110963191956141 0.302179459488114 -0.183827429028386 0.271277320644016
-0.04561008632679 0.312925230466489 0.0912978773976481 0.3065810384147
0.0942338410934768 0.355808454132062 0.2454200972859 0.125900685210399
0.238157078194384 0.305548622644081 0.207273976130247 -0.049079357687049
0.33510706339788 0.22596503412753 0.105761812326678 -0.0640025051505499
0.403083235797535 0.1826522677002 0.0331264797217625 -0.0459281630722942
0.397346810481209 0.182277774726348 -0.0144329663520095 -0.00921108632105884
0.375598607807069 0.23929770875193 -0.0583756633827403 0.0066688141265092
0.299073949118994 0.356635421171794 -0.0932464092683604 0.00458335811661941
0.0940002324690349 0.406391691990963 -0.105295394766359 -0.0660440640170827
-0.0569840626014151 0.350373039945182 -0.064555699071358 -0.185153708121039
-0.141200966995035 0.363855251589636 0.0331071802583164 -0.235516167465144
-0.218341559195265 0.345503551041623 0.0615507451844691 -0.220622654649535
-0.28023735221038 0.277972590770226 0.223838818760311 -0.0299386027601232
-0.180142136384474 0.275970827138384 -0.102726301769672 -0.0834409806096564
-0.16828067104115 0.232828127655285 -0.134701888482574 0.202455511836857
-0.119161763438297 0.323882384878666 0.0396853896054152 0.287454599208842
0.0599410879445841 0.384675666725914 0.211713393158006 0.22058413345074
0.222149596844907 0.317063207100461 0.264151499945937 0.0781885316888886
0.3207437540605 0.228684499122022 0.232403163857503 0.0361337222081225
0.366749340188522 0.180037935560529 0.177610775418837 0.0240591062021441
0.33884390154449 0.176967237994968 0.120288786063409 0.0482736537683718
0.28747203751518 0.226198486041087 0.0403496321676911 0.0653237381776004
0.191985170985779 0.298621563993078 -0.0490358365413276 0.0740716650824387
0.0192785645873272 0.275600511917904 -0.139683159507328 -0.0332240812332209
-0.0184951763602537 0.183620881091932 -0.0839563425132482 -0.237437464729158
-0.0253226441444235 0.270745822365707 0.0736731329770919 -0.310721690477983
-0.126209785080674 0.32804165635567 0.145649768598588 -0.306315646678328
-0.171602454792967 0.206370269362042 0.323768021296704 -0.0941329551698724
-0.118270344819368 0.156539395343583 0.0180636196096095 -0.116407350030437
-0.167416878020471 0.130312642816075 -0.0845974169160204 0.106197417330066
-0.140424168972704 0.261350477585018 -0.026749694063294 0.262100126656508
0.0315100625735468 0.318288378475066 0.174827243616716 0.312930734077118
0.17181750601958 0.256673560318684 0.317525816334593 0.20053699916874
0.256086925180482 0.1864978785097 0.344085890732462 0.12815845285357
0.274344886467153 0.150375237770025 0.296254782700694 0.0896063220948793
0.232483310949165 0.153285682313767 0.217313840349332 0.105828931837577
0.157702786037769 0.188011006844285 0.0862607686824532 0.118783020864669
0.0581469218362926 0.201114393677783 -0.0564835723305376 0.110835634664861
-0.0476838247815881 0.115487760169762 -0.17692940202518 -0.0491766571315113
0.0246204919202249 0.0228038458993528 -0.0662705961580819 -0.285831941954421
0.0707042562050864 0.169105136533646 0.121895200573096 -0.33354295209739
-0.0422688992414636 0.26817154633936 0.199157896906227 -0.36023356910382
-0.029801593067189 0.116638488794207 0.373443195251139 -0.130567787921598
-0.0151119638854919 0.0402533842291751 0.106778626646295 -0.139522710014018
-0.0949849191862801 0.0195745596404323 -0.0611876693231191 0.02775065836726
-0.101785629348559 0.132556285343107 -0.0777936154261644 0.252703302173411
0.00605211708032384 0.169824869741682 0.160259474189422 0.374902205764784
0.0870524018632112 0.140616573558288 0.355897679264728 0.281155213754802
0.143230113202203 0.111895329331604 0.419630374834972 0.191954052633309
0.142216212010042 0.0974673651604131 0.371820141495621 0.138905781308294
0.103761808002818 0.106455329796726 0.267443788517245 0.157416213721949
0.0320219349576718 0.119816593942825 0.0823237590405255 0.160849845352669
-0.0450500071642431 0.0896916499787954 -0.098895845839946 0.107600805193779
-0.0715776995633497 -0.0157728684568901 -0.190837044835288 -0.104572189720297
0.0590651942683507 -0.0755792379713251 -0.00956872127539821 -0.311302973133828
0.120863875727824 0.0794159940554572 0.175201537001068 -0.305175820848966
0.0279866421570317 0.171800344062052 0.231165371282887 -0.379082868239468
-0.0713768902735171 -0.0313410912499385 -0.23526799474666 0.363406123873198
-0.0994319797842067 0.0236662566642656 -0.192216853139784 0.24028062776662
-0.0420086662269746 0.0984071315067844 -0.0806553454357818 0.324276776318081
0.0542047744747792 0.0716331721043579 0.196807691741053 0.205322554742174
0.0729190990814077 0.0146262887668277 0.188794627019879 -0.0763358858880095
0.0548949186090968 -0.0256891495020972 -0.0262280562611027 -0.221496062040003
0.0198771208964212 -0.0397983511653011 -0.239779701314375 -0.214557111539973
0.0110588866130006 -0.0265817180526255 -0.377938836720676 -0.177544647038706
0.00809383828349755 -0.0130320535944346 -0.425947227979631 -0.188493390834674
0.0272010872075681 -0.0133401722221791 -0.379470816964111 -0.260887521425524
0.0515371237466952 -0.0105735106009674 -0.215214272009143 -0.332277215609922
0.069227226275277 0.0329013990192925 0.023612103347664 -0.257320618003784
-2.10754657297637E-05 0.133607443544036 0.0338886496783034 -0.0433443841134215
-0.12171245672028 0.0810627723688648 -0.122277557563769 0.0669880723988826
-0.118619100163995 -0.00800044063774072 -0.330405569960989 0.0800185207621331
-0.157208440822166 0.0932499916999134 -0.195806989691686 0.341157845487256
-0.10633296318837 0.136060500530615 -0.209039966182001 0.180443079548346
-0.0211989707822402 0.156200032612887 -0.138802951787271 0.299417134641774
0.0611809213636517 0.112979872750362 0.14994726841605 0.242654916553125
0.0979816093546497 0.0854271118351075 0.219157490475134 -0.0297636540374552
0.11976706592685 0.0548069919098242 0.0311737766728515 -0.222223289497682
0.129764559257423 0.0318017918349013 -0.194926631429115 -0.224042524776819
0.162591070926849 0.0434490685191174 -0.33977908657817 -0.177403675188512
0.16463455316015 0.0695901461383663 -0.389345538564022 -0.164214963498276
0.170884228701326 0.10628152836261 -0.365694604661984 -0.210739813002276
0.144552862164474 0.166801810869964 -0.236017125317802 -0.279804338554222
0.0587223286318293 0.228367962339027 -0.00826395909559252 -0.238690590289136
-0.0880938484770664 0.278962579174147 0.0224925202443705 -0.0581622837325447
-0.231979865388838 0.212682171695461 -0.102193423613245 0.0457056456631045
-0.235938857077958 0.111838012322048 -0.272454254840496 0.0442112564039386
-0.247762721919445 0.20862805513672 -0.126955627626669 0.273085306020666
-0.132552201090956 0.259860601103224 -0.228574192433915 0.114747800179248
-0.0138225901039041 0.233844589445942 -0.176447861322174 0.289555753305949
0.0637654785522792 0.168620465583357 0.1219538547037 0.269648541960483
0.114179686114949 0.163516007023266 0.238931974103331 0.00882818582299107
0.172305886298724 0.141135414312603 0.0865316071795789 -0.200114277494868
0.223475838070825 0.109436732823272 -0.11837858267451 -0.200508487509137
0.28915964797676 0.107569781907995 -0.246604354445851 -0.151302236402799
0.297384788031022 0.130551163408585 -0.296337940432213 -0.11601233931443
0.302253991090651 0.184519010742391 -0.294664390595503 -0.13460548949234
0.251232830289855 0.293617180072746 -0.218660098631151 -0.187817706450598
0.0875578768788562 0.380289874124718 -0.045192772940722 -0.19277551415191
-0.115836550430922 0.396545212775794 0.000838414958026092 -0.0913843838327494
-0.273664565866205 0.328711770251494 -0.0562702179588762 -0.0215016349543863
-0.294929669481044 0.22290292022358 -0.169308387457638 -0.0230045936075808
-0.313197714390702 0.285295212365291 -0.0261592865088615 0.172586089225278
-0.16747749917258 0.343631376623984 -0.233533496470446 0.0383854803867483
-0.0438935337006937 0.292351958668747 -0.195071036018319 0.287975346813546
0.0295514003669734 0.241321293236166 0.109395160976914 0.294725876929126
0.113438829638504 0.257609458639484 0.250805506034111 0.0538536867299209
0.212118343893585 0.228215908787271 0.143373515982075 -0.145500225163563
0.291833605016271 0.178255508270066 -0.0171842634992995 -0.144706286903913
0.36863608079449 0.15375077643219 -0.115195817606115 -0.104975818109844
0.376847997030905 0.164718570327046 -0.160956545302827 -0.0623837139633891
0.375574032614949 0.223895785962725 -0.18030064946869 -0.0580454907363352
0.31399745695091 0.350951829581817 -0.160192196175175 -0.0848069436338175
0.11456359075947 0.440197662218397 -0.0741593341139539 -0.127235355355552
-0.0938854630513635 0.424788551473567 -0.0316068892536389 -0.133594206152537
-0.232325035862662 0.381890931858087 -0.00805584396891617 -0.124990864116935
-0.282430404881857 0.302113132403397 -0.0497350465476542 -0.116581238467892
-0.324956231229866 0.303720195209392 0.0944922083743594 0.0629925848923218
-0.188821830968444 0.344351614439992 -0.19629503638958 -0.0322749119351352
-0.10744368677593 0.291930332108582 -0.179191340541616 0.264474780376808
-0.0436586550044152 0.3017005539531 0.0885127785179144 0.300653708544102
0.0902668765791292 0.342285585783878 0.241157336375085 0.121998624360475
0.229530677397009 0.295123674489528 0.199199209820227 -0.0510002532389231
0.326372812018909 0.218882846698952 0.101673132528 -0.0618794309497802
0.392669959341887 0.176458805174298 0.0328871271454491 -0.0435182900324511
0.386337991696969 0.176957975785782 -0.0133249247944716 -0.00795250987886945
0.364863435525102 0.232840966529147 -0.0569672715012588 0.00752764808627623
0.289851119820191 0.343986541831188 -0.0894331838033704 0.00667351611411804
0.0905412865571863 0.393460720683234 -0.100319178706713 -0.0649344688301226
-0.0570653640497577 0.337264633784538 -0.0659337843295396 -0.180571343641969
-0.135862757387408 0.35019311535774 0.0317620431544626 -0.230572731151725
-0.215899951304552 0.333722102387636 0.0593563462966523 -0.215663172122847
-0.27387277037242 0.268366985306938 0.217237757949744 -0.027624263802712
-0.17523377233189 0.265087946596764 -0.103297747876116 -0.0821146874137717
-0.163415217982056 0.224644849851343 -0.130746307776715 0.196480402887765
-0.116089248053575 0.314528888221871 0.0388866003929353 0.281878893166811
0.0569063164227355 0.372984819691087 0.207330651154456 0.213713928421468
0.215395625791727 0.307847596720061 0.254250931853832 0.0729622343354988
0.313792568696283 0.221404049088529 0.224070349405886 0.0349034170938615
0.356782206475357 0.172455797634692 0.173688938960919 0.0236185505217146
0.329060483128578 0.172938001932656 0.117801052526289 0.0478254061369383
0.278731932163614 0.220399505872312 0.0382487635710258 0.064802408262508
0.186467199922117 0.286844461022192 -0.0470900162026377 0.0733613630436656
0.0178961819019792 0.265307056878527 -0.13440772287749 -0.0324173671972643
-0.0191500223993099 0.174574741851229 -0.0851559982385024 -0.231170272631857
-0.0230014651465107 0.258769830662291 0.0713521604596862 -0.303158367347987
-0.125889381727248 0.316174186844924 0.141471860030705 -0.296540580125695
-0.167274851756394 0.196911762134822 0.315689235391527 -0.0888308456154713
-0.114968607884556 0.149668836872819 0.0147659576641479 -0.113688145994018
-0.164348108378033 0.125352353251647 -0.0820224615986832 0.103280304596899
-0.136478963845981 0.254666267667247 -0.0269946667987967 0.255727995154832
0.0298201845571549 0.309487952972678 0.170696350524334 0.303748278774851
0.16615999233235 0.249844021566659 0.304732195120122 0.193048342352709
0.24958695168829 0.18026560106648 0.33153425384702 0.124248417384888
0.266049546473866 0.144126144877064 0.288851463337687 0.0867280326311853
0.226128080629962 0.148326871778154 0.211754249299838 0.103375441535076
0.152508585169571 0.182759448352204 0.082390675257567 0.116667660383688
0.0564238483361692 0.193448174347236 -0.0557678352870575 0.108266798520093
-0.0467760464481967 0.110352955727801 -0.170618196163619 -0.0488146936717312
0.0238459746858813 0.0185388493556347 -0.06735135205707 -0.278902699874249
0.0707172128125152 0.160961294536964 0.119790654350965 -0.323622567273543
-0.0418667419530252 0.259033643601904 0.194216855886553 -0.347467489914169
-0.0287468450637511 0.110882721846792 0.364676621456998 -0.123768180256133
-0.0149152877487316 0.0382367811047772 0.10338827982623 -0.134755792507892
-0.0934233188133433 0.0190553093792633 -0.0604517352557276 0.026034345617974
-0.099378820292775 0.129574496445919 -0.0766449827563716 0.246577108744619
0.00544152724848122 0.165091600665774 0.157174684021609 0.364177871185752
0.0840458392335104 0.137016856596007 0.344422989359569 0.271300180537924
0.13969765034986 0.107450139409852 0.406110840485715 0.184937590610797
0.13746621187209 0.0939389077892655 0.361992496543048 0.133508307595713
0.100333263625639 0.102939622706391 0.260043426058449 0.153373800121891
0.0301935460354191 0.116310295705659 0.0783132886189201 0.157354248422293
-0.0443951473644925 0.0859195348372306 -0.0978537281707621 0.104245333158051
-0.0695264699790182 -0.0165577920854888 -0.184888514258886 -0.103642850824955
0.0572731913074735 -0.0754742165126371 -0.009771282079938 -0.304876923969394
0.119184151034469 0.0756173000752795 0.171419703993048 -0.294951718157621
0.0265039063139072 0.16746851290997 0.225984687634496 -0.36530356280692
-0.0727422730282241 -0.0312021390138364 -0.238825622350767 0.365460914640116
-0.100927806346852 0.0239404614765082 -0.19542462238402 0.240789344064918
-0.0423743784581076 0.099622914499125 -0.0811758202193941 0.328039517925316
0.054681209781645 0.071631208623749 0.197927651876263 0.207965360033523
0.0742844895485779 0.0147737959030369 0.193358583655215 -0.0759367015097295
0.0550275792734893 -0.0253480058732107 -0.0256728370256121 -0.223594719141548
0.0195689318238782 -0.0399516822951541 -0.240957058448168 -0.216770632232648
0.0109607122306224 -0.0267074755815495 -0.381647396845688 -0.17681034727107
0.00938911056164719 -0.0128535464556029 -0.429125563099221 -0.187858470231889
0.0279203055876288 -0.0138759550252381 -0.380530507744152 -0.261413912514921
0.0510466464062732 -0.0111758966315934 -0.216101822737668 -0.333238145814918
0.0696846561532173 0.0317536409104079 0.0255309892945152 -0.260424737103104
0.00111206042042758 0.134825373431299 0.0359850731130753 -0.0426903887241161
-0.12438720344459 0.0824153552244088 -0.123140837224374 0.0661246191545695
-0.120810305342962 -0.00871058540972528 -0.334955316382894 0.0779707848183857
-0.159373819128711 0.0937980061754899 -0.198499559278046 0.343289896264926
-0.106675449986162 0.136034557566356 -0.212761220776652 0.180226318644385
-0.020258781829699 0.156533405471926 -0.139584180029675 0.303669805610293
0.0621683875578367 0.112411882415128 0.149810304004835 0.247125525948047
0.0988943581823 0.0847289206632071 0.224404265386986 -0.0294284038108349
0.120170180703843 0.0545322769263328 0.0320139081012654 -0.224885465408487
0.130988982851093 0.0316281381327331 -0.195617497637978 -0.225275820212237
0.163811976562452 0.0426264466499752 -0.342112446934518 -0.176827736032502
0.167171940586321 0.0696590541835878 -0.392951093277787 -0.163837603992505
0.173334169618607 0.106530806991963 -0.367567780658129 -0.210187367214176
0.145291093861733 0.166231830249096 -0.236876891168491 -0.280045754477915
0.0588019028288308 0.228934569001167 -0.00767726902877405 -0.242412789389577
-0.0888098771452211 0.280444535733201 0.023139992519479 -0.0579851025538543
-0.234639517960663 0.21440122203207 -0.103723493018742 0.0449093605980652
-0.240161375849687 0.112359692747192 -0.277623938092551 0.0417068842476987
-0.25039277364187 0.210307713778612 -0.129635938479241 0.275307528739266
-0.132894134996383 0.260892562762601 -0.233507551789808 0.113288858843522
-0.0119965599476687 0.233851754782369 -0.178237991258568 0.293288986207291
0.0648267802093717 0.167374045283649 0.121766728344644 0.275023206012853
0.114654350157621 0.162508855181825 0.244287059270075 0.00896179899680473
0.173062269689566 0.140419666882368 0.0881244213766415 -0.203151174566821
0.225703207065966 0.109775499447317 -0.119486471663081 -0.201676571820185
0.291875891753427 0.10549004596087 -0.248605903211464 -0.150120359045303
0.301014555650684 0.129976799527666 -0.298091863993999 -0.114997456734089
0.305327166633845 0.185762392207889 -0.295910000336738 -0.133480591405636
0.252690152252809 0.293104806510853 -0.219033641234512 -0.187257978222315
0.0908155064579605 0.382452974467236 -0.0438845117117903 -0.196030196307181
-0.11703879432763 0.399704408184695 -0.000243262185412074 -0.0912846318493459
-0.275653582538854 0.33035471758515 -0.0575577871860426 -0.0231009342195057
-0.299751528971301 0.222484982865578 -0.172648029433802 -0.0261562623557006
-0.316247857572043 0.287062908746461 -0.0279122261949438 0.173828425912746
-0.168355356964492 0.344475296095424 -0.2402872721599 0.0371792844913936
-0.0424410277154207 0.292960001946112 -0.196602984939376 0.292047780854714
0.0311949422194751 0.24047247404593 0.111228535900442 0.299529502568858
0.11416524666822 0.256509095786612 0.255903965984675 0.0535142276348531
0.212414695511682 0.228029587370732 0.143638215516106 -0.148922644477372
0.294828408520695 0.177952945177021 -0.0178222610031216 -0.144760243623108
0.372018044672473 0.151858037815575 -0.115506332459115 -0.104022016321296
0.380938186290662 0.163286926066062 -0.160488897449926 -0.0609900389476014
0.379451071746068 0.22366765947746 -0.181714998919251 -0.057221570768068
0.317469702083024 0.350240164394256 -0.15994760189174 -0.0829877693306538
0.117254966544271 0.441559199347389 -0.0733689598139752 -0.129579511844089
-0.0966467734832338 0.426757784359551 -0.0348389758258532 -0.134233955101329
-0.232746124400981 0.384020545457117 -0.0099909745031757 -0.127274615047138
-0.287253567905428 0.301128018696485 -0.0517504540526391 -0.119476378482074
-0.328958880772954 0.3045503949087 0.094124161449607 0.0642981693121842
-0.188050767082299 0.345564320066854 -0.202866497119949 -0.0344262667672107
-0.105685400972199 0.291721074632062 -0.180129210341703 0.268494527787237
-0.043526477606311 0.302522078939359 0.0898100430821914 0.306497205877141
0.0897979331014645 0.343807963669609 0.246268363362509 0.122736024319287
0.230204317110381 0.295340873730795 0.198808729522724 -0.0546451493161256
0.328938138813301 0.218002296517553 0.101173665944114 -0.0615987486121413
0.395517120463481 0.173481377076782 0.0340189649135045 -0.0434663557470786
0.391406081402667 0.176555895470031 -0.0123804355768631 -0.00681796150420603
0.369232643645883 0.233166213751204 -0.0577438614293652 0.009186127886886
0.291724135746682 0.341300145972442 -0.0877794851289278 0.00849237952256847
0.0921475286378961 0.39338679604525 -0.0998598027652286 -0.066013449612311
-0.058065901954725 0.336806020154648 -0.0709742647840512 -0.181948619398242
-0.135865081909906 0.34941667922212 0.0304819725113435 -0.233718929283018
-0.220749308529524 0.334035242840641 0.0586377651523361 -0.217986342027633
-0.277056919072728 0.268313102511036 0.218300056947507 -0.0260523920059018
-0.17500681610645 0.264803798893614 -0.108586844614019 -0.0837233692904194
-0.164121466691215 0.224524213408677 -0.1314918108438 0.199054292547534
-0.117857812380918 0.315993302962264 0.0405214864845345 0.285640803149995
0.0562376130939296 0.374765466111537 0.211712173571932 0.215008191833095
0.215898180432266 0.309255034288794 0.254078123423971 0.0706469507365942
0.316284565649331 0.221230547820928 0.224311297412108 0.0355076811898734
0.358661263780301 0.1705071917833 0.176846204619218 0.0233209898356556
0.331930122550728 0.172068925173962 0.119496056588276 0.0484369619924091
0.280457301528529 0.221622059641205 0.0378707873530045 0.0660884353361799
0.18774069584084 0.285474714354158 -0.0467065711185979 0.0750345520009753
0.0174103617701687 0.26537172780095 -0.134430259996101 -0.0333080670203671
-0.0197413414169312 0.17195374810281 -0.0901200839853664 -0.233428271266449
-0.0212851039246246 0.256602147182038 0.0705858742588124 -0.305941783385314
-0.128748632505886 0.316233817190601 0.142333658584055 -0.298002704288183
-0.169764508384117 0.196793290733631 0.319297416530983 -0.0869536735511579
-0.115565196983055 0.149381302381481 0.0123044194393734 -0.114349761587498
-0.165825455652731 0.125684595694159 -0.0823421318443654 0.104038785185835
-0.137045574073433 0.257237003232562 -0.0269912029620253 0.258336322538787
0.029608568974312 0.31110840675053 0.173544275538149 0.305143433999637
0.166657460133195 0.251604369126581 0.303910222605894 0.192847422305101
0.252215622477337 0.179675907833058 0.333198037673491 0.124768565811175
0.268111255504621 0.142306739167045 0.291679703068617 0.0864507208139607
0.228038370791122 0.148203341884315 0.214293794195856 0.104241416586461
0.153623784576391 0.183555418765909 0.0817855896791173 0.119196340251782
0.0559888323474607 0.192969487026053 -0.0557259244910949 0.109669582030096
-0.0477421679766825 0.109456690860048 -0.171808250951773 -0.0489769685544758
0.0238783770929321 0.0153149043382788 -0.0709117915507818 -0.281698509822757
0.0732008028679989 0.158806761398325 0.120424530897486 -0.325859641147616
-0.0432333051824114 0.260928154830174 0.196598749321653 -0.348707848370974
-0.0296820259800256 0.110407604035819 0.370925275117193 -0.122866565885937
-0.0150687310570283 0.0375827118242624 0.102653874589226 -0.13524208284653
-0.0942603050529128 0.0190954857964329 -0.0608102508853219 0.0257901400445014
-0.0992555968932355 0.131780619888307 -0.0776073172956002 0.249035574273787
0.00575363850046091 0.16705611838013 0.15824555683998 0.366070066984887
0.0838991274584134 0.138566403671938 0.345589877539156 0.273064726247874
0.141417897732434 0.106682280730158 0.408306072026164 0.185216895471488
0.138321741629162 0.0923923998560347 0.364840319234156 0.131358648333864
0.101451185399349 0.103017727207426 0.262569921162266 0.152703835023813
0.0294702401869639 0.117286093274754 0.0776711886528844 0.159926500686322
-0.0452222618527321 0.0863691084383575 -0.0997879727478538 0.105228746425573
-0.0704030374862589 -0.0182549916451677 -0.185861274480195 -0.104951262786772
0.0584473556886967 -0.0780516055087941 -0.0111228905582948 -0.308410582509746
0.122339830438585 0.0742959749420632 0.174807753190332 -0.295036204811492
0.0268615524025962 0.169345984874116 0.229845293001796 -0.366227919785409
-0.0764060337093836 -0.0304507637842896 -0.237203041137455 0.383864485372763
-0.104417654526457 0.0279106056024221 -0.198958667990782 0.251848991926342
-0.0405772046749143 0.105001212500571 -0.0754960629754476 0.344921339072023
0.0589030526715344 0.0720388122227799 0.211064647798053 0.212536085957565
0.0775627003699237 0.0134757616739823 0.201472113771969 -0.083885601840205
0.0566143385318563 -0.0280677715189412 -0.0322014201210296 -0.231430660682204
0.0190841370864445 -0.0414902015804423 -0.256049164966458 -0.216589848896538
0.0107195343890045 -0.0279905615409681 -0.400537781468283 -0.169851937297103
0.0103659686912032 -0.0136312420004059 -0.448981933056643 -0.180298028598825
0.0291490366328244 -0.0149795484066721 -0.401275377486824 -0.258467742771044
0.051860995045343 -0.0143535642099871 -0.232776805275979 -0.33833612838466
0.0729428971069271 0.0302038871638464 0.0194558702685789 -0.271658107486926
0.00569913037554994 0.139505240812349 0.0372864728096113 -0.0438497915213885
-0.127639448745629 0.0901630306318764 -0.1268071523917 0.0714174493057675
-0.127154565238056 -0.00630260530390161 -0.348164127897472 0.0869886777238779
-0.163114113216909 0.10228591290965 -0.197007178998712 0.359530581157474
-0.106343999729156 0.143494126564905 -0.218768742761646 0.190270574419349
-0.0157164163818337 0.161943239586872 -0.137906951891151 0.320560142523507
0.0678191581295945 0.113056166649745 0.161606937564108 0.254837481758004
0.10520364960648 0.0844995325015825 0.234012758640906 -0.0366089682196517
0.126202794705814 0.0525142435208485 0.0272127040965782 -0.234874478648237
0.136896620094464 0.0288782410547041 -0.209910452598165 -0.228336344768665
0.170942859654808 0.0382912940016291 -0.360105649739144 -0.170490020413633
0.177058402972511 0.0669033801373239 -0.411479443011567 -0.155115538458142
0.183398982514822 0.105050639330866 -0.386132472331725 -0.207495804844213
0.154244301294665 0.165905940662913 -0.251663958276645 -0.282600232413153
0.0676815680253559 0.234245849207964 -0.0136117607756174 -0.253032135982734
-0.0837216081938637 0.292449330618845 0.0228105411616597 -0.0599978078406154
-0.237211918556321 0.23053204193897 -0.106674395252208 0.0480640469190573
-0.247586568077332 0.120968859293499 -0.288945220884178 0.0483041679574749
-0.255373105787075 0.225329701566478 -0.127958949894856 0.287821360764499
-0.12944163756102 0.272557959361911 -0.242345915621729 0.122644709669775
-0.00439585712410818 0.240772669148173 -0.177629117643505 0.311338592606026
0.0721029004084399 0.169541747294615 0.133605303224392 0.284688769644502
0.123874393190433 0.162673933807192 0.256475032229654 0.00236736952816773
0.182070721902624 0.139148503303968 0.0851604398135325 -0.214527862526536
0.237703785128374 0.105682670194991 -0.129492164700871 -0.204802844344791
0.30524257235862 0.098132844165376 -0.262115387614629 -0.147028280414094
0.318154535046407 0.124568919684347 -0.311018109632558 -0.108592649144962
0.322330707867954 0.182592356683129 -0.310194717353098 -0.128378470622805
0.270227485134741 0.293375866974782 -0.230134629930767 -0.185974057165342
0.105009477400584 0.392885966111808 -0.0506608671786163 -0.203491355456727
-0.111651478274259 0.4164471733656 -0.00356203005783329 -0.0943932417196393
-0.27610142322284 0.351726375146229 -0.0616517477092378 -0.02407257081582
-0.306966909198099 0.237559651820875 -0.182873480881661 -0.0247828624360587
-0.321069914785967 0.305532629131068 -0.0260181205641994 0.181429990076202
-0.163624877419401 0.361425235786484 -0.253292359631355 0.0437520237837574
-0.0337910148262617 0.303224094266052 -0.195575511302642 0.310977846668351
0.0395101217377476 0.246409057876494 0.123704888150517 0.311351927653482
0.124707925110265 0.260100807549074 0.270150343956466 0.048324582844959
0.225576487091648 0.228722440549362 0.142764134710195 -0.161217689241155
0.312089280750943 0.174123683987425 -0.023468758171928 -0.148818015364186
0.390501717460345 0.142126012871725 -0.122512100185279 -0.103382112791578
0.401165758653899 0.157665985651848 -0.167410268613002 -0.0574631254165305
0.399997085259813 0.219937818933226 -0.189017108542571 -0.052940859778597
0.338598303029951 0.34865160284833 -0.165376305123378 -0.0802348699728325
0.13501404892243 0.452115566474169 -0.0786659442433515 -0.133764378603003
-0.0874002501079729 0.443059324199521 -0.0422151665995943 -0.137274961895115
-0.230456907702874 0.403128135037206 -0.0151201189265039 -0.133553075948148
-0.292223163769336 0.31861687701308 -0.0593361136402461 -0.124133807057476
-0.333296603307637 0.324735578222094 0.0986157966264871 0.0649671402153734
-0.184242452371316 0.362350227363475 -0.216439598849931 -0.0303251195187637
-0.100444670410433 0.30357543783408 -0.178745239483701 0.284440446408261
-0.0367081422571352 0.31306352916029 0.102814951577452 0.317225469375969
0.101674885167678 0.352973689153991 0.261679577175736 0.119554083816159
0.245672425935113 0.298836683164901 0.202332780142889 -0.064319605086481
0.34810955835312 0.215324200730138 0.102069671842354 -0.0661446168271411
0.413477211968507 0.164916339768107 0.0352179730225934 -0.0455533061035376
0.41142831104358 0.16892263297318 -0.0125577163963644 -0.00599848646588895
0.389646671765485 0.228789617372309 -0.0597533547851736 0.011673646859076
0.313280254893745 0.341642425983373 -0.088386362482825 0.0126173587447183
0.105982661864728 0.403966807378899 -0.103736290438487 -0.0662811323369432
-0.0524061778708207 0.347173401303106 -0.0820191448918275 -0.185634735350773
-0.129532891862031 0.364407142232012 0.0223403157076461 -0.244626590454644
-0.221184706757314 0.350087819529816 0.0529190485827936 -0.227913966439189
-0.281227145001244 0.284770689973403 0.225807574624852 -0.0318305002750677
-0.173319729675011 0.278079601780767 -0.119656501484972 -0.0828137638588693
-0.164131286842328 0.235448016783562 -0.130241472628609 0.211001950662733
-0.113104783158326 0.329986728340473 0.0516110753112415 0.296630309301737
0.0669221938137209 0.386649881684299 0.227983287229658 0.215642206154018
0.231501670990502 0.313425007718675 0.261882597972106 0.0648300962450272
0.334982845897944 0.217435629359677 0.232830751691793 0.0303046332073893
0.376492295930027 0.162941148332917 0.185079642548855 0.0182063054487605
0.350150639880617 0.166543509784762 0.125937405629774 0.0472624688814357
0.297707758937132 0.220154661465381 0.0410264177090003 0.0689964572093396
0.201302801288817 0.287125372207515 -0.0445605531609258 0.0802287732408143
0.0261039014124009 0.271999806885447 -0.139495611458545 -0.0309031948623318
-0.0167998276171748 0.175500508993297 -0.104067670258177 -0.238339471555173
-0.0132141916474434 0.263884398671151 0.0632267836182499 -0.320137744924038
-0.12630235942766 0.330836418550665 0.13817985249455 -0.312620288086054
-0.171557155463249 0.207560274273245 0.330417363616321 -0.0978361161249396
-0.11575790856855 0.157334851489188 0.00584274304194275 -0.117963920648014
-0.16820404116429 0.134094301023165 -0.0820459816421148 0.109863067768129
-0.134962432280279 0.271125533048959 -0.0195960334134668 0.269523966841725
0.0393424340514732 0.322237849339699 0.190337400751295 0.310250685185688
0.179848388457378 0.256723209246144 0.3184647937747 0.189080882112385
0.268128695219253 0.176461895479842 0.348017922881819 0.118654606474784
0.281382623355514 0.137398127624853 0.307148355221553 0.0792439617686211
0.240902966950888 0.145561998017755 0.225223600778231 0.101721378920556
0.164569538719752 0.186115342973246 0.088021664157757 0.122074450379823
0.0627096234149939 0.196317712372986 -0.0549668548327978 0.115776249446913
-0.0468312063814857 0.112247453001596 -0.179073178603541 -0.0466956388423068
0.0250285700971147 0.0112478541945102 -0.084053089344904 -0.291135479968427
0.0824955236025721 0.159762990381948 0.116014274646582 -0.340815467072881
-0.0381332683528804 0.271606047016953 0.194206961229857 -0.364725197087425
-0.0280007341354301 0.114155048184849 0.383471888789378 -0.135824793189467
-0.0140003571687781 0.0386410518902013 0.101800020811909 -0.142115326348044
-0.097620816108227 0.0223963985543398 -0.0628492258639669 0.0274140611532227
-0.0986174233255089 0.140396641213034 -0.0746063083173898 0.261233554708343
0.0108960903154959 0.173677170839062 0.175167651568318 0.374675721536298
0.091818131545085 0.142040854178062 0.365377391243776 0.272312564406518
0.15032250859122 0.104604177327812 0.428537297648476 0.177214494771824
0.145828280957409 0.0904516363414461 0.384915785465891 0.124327524783006
0.107231957340667 0.103333124764861 0.27760171420005 0.150126862255248
0.0336801978670186 0.121465229528587 0.0842857288866287 0.164338031267497
-0.0447392962268977 0.0905845595911226 -0.101872469079919 0.111996797055816
-0.0737812462875123 -0.0180233972757949 -0.194839952971871 -0.104432193832015
0.0596304268931102 -0.0852898156544643 -0.0211261250603517 -0.321392243731263
0.130911004762642 0.0718838120747309 0.173677934959199 -0.310484125155165
0.0326145001988185 0.175858343480868 0.228004558894164 -0.383862429027687
-0.0881816552594389 -0.0203855286258528 -0.163346183022072 0.440854906936235
-0.105338384849761 0.0449136901331213 -0.154479958261425 0.293482195435548
-0.0242340098307094 0.112861051975639 -0.00990375509944084 0.366693511793403
0.0695084921378379 0.0649625401173313 0.257499574388707 0.171359703979143
0.0835400583172321 0.0025209488985096 0.188006527285008 -0.127416572624488
0.0544729066015372 -0.0380839630632546 -0.0801359962763558 -0.229923999626636
0.0125653661479426 -0.0460739552210075 -0.312740065466531 -0.171338647432913
0.00779439146539404 -0.0326041190948281 -0.440818185156501 -0.0964398047003861
0.00990826980894284 -0.0196310429257093 -0.494516196522494 -0.0972883429129477
0.0302405959771621 -0.0241541409790467 -0.459206673427879 -0.188824069861034
0.0535436100842393 -0.0264205747720519 -0.302688624042723 -0.305028027510673
0.0786794796349057 0.0193249674595806 -0.0309638814256218 -0.286231833934956
0.0333600966199541 0.140021361159521 0.0341534972142095 -0.0530462323207245
-0.111711674757659 0.115791043938423 -0.114560308388501 0.0996744773583397
-0.12841770864468 0.0181051516068048 -0.347095815055347 0.150526210765606
-0.150628622809858 0.136565339461467 -0.128989309669787 0.392635894194318
-0.0850948238271651 0.164367412093684 -0.190384094862805 0.230348457569039
0.0136027299112012 0.165008718830975 -0.0829256069414264 0.351571071814257
0.0849339467718913 0.102962695334433 0.215188896722315 0.224588499645256
0.122384572622159 0.0689220028531554 0.229569685925347 -0.0884046299800536
0.139176900158979 0.0314794366663911 -0.0246118792031199 -0.249035077880729
0.145658624287697 0.00584943594609687 -0.269172004371602 -0.194669600995945
0.183647998139861 0.00458918552777698 -0.399919527202691 -0.104398376113106
0.194501192345816 0.0300476089045964 -0.45344777967672 -0.0811408241326158
0.208260182358082 0.0687110589287492 -0.432814096136881 -0.137461038749195
0.190358834398258 0.136082523685301 -0.312792706469421 -0.245951430344817
0.110519363442477 0.22721066102876 -0.0601214367396375 -0.264246113663375
-0.0282385060645275 0.312764822490442 0.0186535859246339 -0.0674993866163894
-0.196526666068001 0.276414577141999 -0.0947098236310203 0.0741248928480757
-0.227259625974742 0.168806175053589 -0.293558673896227 0.101510718863166
-0.221197751274954 0.285824984053233 -0.0738971287126706 0.293193164487449
-0.0832649068817612 0.301777864294673 -0.231843466216699 0.160743497236097
0.0401533134701172 0.242730313119399 -0.128640357441766 0.346416994349859
0.0990570364468915 0.15855964977344 0.192394930344861 0.259103185669936
0.153396052276307 0.145138442887524 0.25853752899071 -0.0577539998237592
0.212057961259104 0.109993948099319 0.0346178918612616 -0.244035970737879
0.262314212142106 0.0657805435122454 -0.182282559562926 -0.191730461103896
0.33121649015825 0.040149718093961 -0.296081147225708 -0.0981026917627313
0.348383682229938 0.0616525211865602 -0.340255028911832 -0.052625997674154
0.361960557188932 0.121101791353102 -0.339918570512546 -0.0749978278492245
0.329107829925862 0.242012863839228 -0.272460253559843 -0.153242274596897
0.176832723453704 0.380550855233828 -0.0878157025163846 -0.209469528643852
-0.031010785909904 0.442558277571057 -0.0143259160969954 -0.0984241915132633
-0.21370324483066 0.40496097892298 -0.0601085188859742 -0.00801868617829002
-0.265644645143394 0.295684310402223 -0.196920489467997 0.00742609084376363
-0.273558567937466 0.38467437826608 0.0089475740793847 0.1539113653549
-0.100745955932838 0.400570089482878 -0.259839404676152 0.0769816072839924
0.0220890469150568 0.312835476243563 -0.147422046237079 0.344598696311775
0.0788328413603511 0.242118113496603 0.190108270956219 0.283064254074048
0.171074750107409 0.24475195518096 0.281358906325024 -0.0194759275459075
0.271012828990991 0.192825277263341 0.101074312778878 -0.204083925313906
0.350615464608476 0.122238128587041 -0.0605773467305168 -0.158239031292913
0.425971831036069 0.0696410801424746 -0.145684111529764 -0.0815244479480424
0.439743526489689 0.0775646531650247 -0.183376637251437 -0.0276506902505132
0.447239599057925 0.145547655728375 -0.201679557039679 -0.0213903070817349
0.406835735929013 0.284271268213433 -0.186237850322017 -0.0576327905654704
0.217278755514923 0.434683050408936 -0.103465981926789 -0.13262966776404
-0.00291820530592816 0.463464776953313 -0.0637321726691973 -0.135020194034752
-0.157975623333512 0.44876477626616 -0.0328873395027261 -0.130227807952092
-0.237069756069931 0.374690134375274 -0.0866894646758161 -0.116212992144921
-0.283312988578667 0.408053567476855 0.114337021444161 0.00677409362953176
-0.122416952517993 0.405405054315291 -0.237688032982771 -0.00540120546182574
-0.0471167644686544 0.325286417310657 -0.131643135213243 0.313160049944483
0.0126009324734999 0.324774175954074 0.174628629887327 0.288853961600934
0.163544113559696 0.343710354151148 0.287656541150943 0.0495093034667929
0.303562264425537 0.260283205167818 0.179061950352036 -0.119062828881721
0.39549107592095 0.158335348576413 0.0862803426411327 -0.100936030068221
0.453055441625293 0.0903477360744542 0.0252952505055697 -0.0538233178418565
0.449810098688746 0.0902170572616035 -0.0130057168165634 -0.00429354497069173
0.437802247453988 0.158207629854328 -0.057021258211488 0.0206904973706758
0.37977770834612 0.282548473992708 -0.0895002641054698 0.0225281299774891
0.178912216001793 0.388278362527504 -0.116359583178151 -0.0571458725061906
0.0140896443810665 0.358545582429131 -0.11766710685132 -0.176003165592617
-0.0620971128641968 0.389940403984133 -0.0166452578267159 -0.253064642489873
-0.161131181596116 0.392308126296038 0.0100179600465309 -0.242364537516349
-0.236404811484315 0.355867896607456 0.226470357885567 -0.112890036679252
-0.126205050904211 0.317922354329394 -0.145044900039663 -0.0753019739704544
-0.125665318011202 0.268839034259902 -0.0901909046059543 0.226898373325278
-0.0615117954463339 0.357066640433382 0.119732428876713 0.275987403108638
0.133261853048649 0.384214172518956 0.272681888430492 0.153177065555929
0.290496913853196 0.280316601233948 0.266348817193236 0.000575935498193073
0.382520523486164 0.161985274174029 0.240891113050934 -0.0287230359849281
0.413144276029475 0.0963862638371924 0.190654045481881 -0.0183793261537696
0.387251886699361 0.10034645231379 0.138955254029388 0.0237359640296102
0.341526794309872 0.167670659265609 0.0562066197632763 0.0608222272017398
0.255932967399893 0.249591786285089 -0.0311879580065859 0.0856964161177065
0.0734714546705849 0.269339775617085 -0.146510232692577 -0.010885844529541
0.015710155764362 0.176383117335176 -0.152447184072066 -0.225598557356228
0.0359337415539556 0.267393651369274 0.00813875571493903 -0.339566704694901
-0.0686672179585861 0.357137648278768 0.0850843736684098 -0.34448063167944
-0.137848109017471 0.255186080416066 0.321705064677511 -0.191159487729521
-0.0893988712185143 0.183431702393454 -0.0195965649697616 -0.129571679101131
-0.149698252744256 0.167008983151882 -0.0579081887519196 0.117039520692214
-0.0943685278144541 0.30134572400232 0.0414650107494639 0.266044194387083
0.0919432994464831 0.324657886769786 0.254593396532943 0.2615775085558
0.227950926199068 0.23002213411789 0.352483965181709 0.121280898409238
0.305294787151452 0.131442105797966 0.379985539647249 0.0415032951231418
0.311161607188754 0.0888738442769933 0.326420618678571 0.0198756538996747
0.271465243062391 0.102163746719241 0.252227813425102 0.0597425192006807
0.199529652791578 0.158751749974739 0.11359092232103 0.108016684050338
0.0985933317640817 0.184071288790807 -0.0351997704167931 0.126339422990429
-0.0274933126801229 0.120377767491781 -0.190849662347096 -0.0159041830614905
0.0269575987507359 0.00324282325603059 -0.14398064436356 -0.283784488456921
0.113219032687317 0.145042748890667 0.0574572416703819 -0.373765712844334
0.00947898541404596 0.281554010404341 0.134875914660023 -0.408411083610969
-0.00785011508612466 0.127904605335802 0.367565609038752 -0.227226531366538
-0.00611440658615113 0.0435520626759443 0.0757598616760896 -0.165993372844933
-0.0963065468116167 0.0409029870953954 -0.0568788594580169 0.0355835748301787
-0.0784718355052832 0.160396419363361 -0.0174895041460682 0.275397033369292
0.0360081007896049 0.177731958778649 0.25551436539768 0.337619912723965
0.117478465550449 0.129635254063855 0.422210166695286 0.202010165364887
0.171263010966827 0.0792475796166591 0.477857119809053 0.0882838642156817
0.163352598627318 0.0666273113638687 0.414209390088119 0.0504867663101312
0.127473845186728 0.0858107612407725 0.314098750076492 0.0993919067329309
0.0545005529834128 0.117460785273132 0.118475151683041 0.153213320339361
-0.0298947818201299 0.0981416441038246 -0.0837934574051178 0.13391826492706
-0.0776151944610569 -0.00595110016602682 -0.220224564106068 -0.0715061632874947
0.0439478682002866 -0.0999573505563501 -0.0866711492079695 -0.327372136606535
0.14558132047221 0.0481001464371064 0.121009202036902 -0.354025466968395
0.0646407974654675 0.172817901933144 0.166260020976549 -0.435990051597655
-0.0904588295701585 -0.0096913125440739 -0.11276222122194 0.455486987418751
-0.100048778240498 0.0574817751449196 -0.124679631867412 0.307864618065332
-0.0109176753137786 0.115075860399898 0.0328650212040971 0.367989598696094
0.0763640680691178 0.0565813176672048 0.277115241102872 0.142951255647256
0.0842225996261207 -0.00788224386059352 0.174657150752251 -0.148630651196347
0.050240770401471 -0.0437682499877456 -0.106416181951984 -0.219505934140289
0.00680671892836948 -0.0461372914342712 -0.331958626362214 -0.132063748538786
0.00382305755554397 -0.0326940634001499 -0.449365299456987 -0.0421102014707186
0.00886596467618664 -0.0212583403212336 -0.501664726440708 -0.0389598914950498
0.0277608942815707 -0.0285526944562404 -0.476832338856803 -0.132719189204936
0.0486332703332033 -0.0330945962861291 -0.33602382855971 -0.268684903779735
0.0795542894233081 0.00926358225342223 -0.0635469877504559 -0.282730386150889
0.0499393777362902 0.136373918925041 0.0297169350310157 -0.0563634472764715
-0.097902368598986 0.129035046517388 -0.102662153802436 0.111709689880125
-0.126647642318813 0.0328736803796666 -0.331469959277371 0.187859868643036
-0.134369177730407 0.153765133632883 -0.0860653679689235 0.406424117603484
-0.0660332582034741 0.17284372241135 -0.167301654707527 0.249208763455896
0.0323563075609394 0.161325203002008 -0.0413555517136141 0.361754594037108
0.0952923690222418 0.0908001108295842 0.240064084699084 0.202054957133522
0.129824651266732 0.0532092798957557 0.220639211709885 -0.114582564120282
0.141422123470678 0.0144439693319123 -0.053890746005092 -0.245325832171329
0.14471013994875 -0.0116956183658348 -0.290355407694559 -0.161468425162627
0.182582157111314 -0.0180976550647654 -0.410052675815183 -0.0551196685192023
0.197886615200033 0.00576269163971819 -0.458076173327543 -0.0249812896313956
0.214703581338507 0.0430638512110557 -0.446030591530508 -0.0846950518383892
0.202880407199147 0.111503754675458 -0.338089651931799 -0.20847988422011
0.13508851868624 0.212372745972139 -0.0898880639965611 -0.258178519992652
0.00744839209237916 0.313732294736323 0.0109485345645123 -0.0685817040333305
-0.163067582609457 0.298370516134133 -0.0865457131140203 0.0843869936714721
-0.208260251864271 0.193161853936731 -0.284529145028068 0.132759621852782
-0.186914106271484 0.310827955922366 -0.0422813729140197 0.30074509635985
-0.0478194965240474 0.309726040815278 -0.216657676827163 0.186204825152167
0.0688681993289069 0.235101393320007 -0.0877087372915559 0.360813424940164
0.115489646936593 0.14358548104537 0.223447918882066 0.239112839638719
0.169030478049868 0.124161435732074 0.253320333545867 -0.0876431467714629
0.22234487207097 0.0828327671373988 0.00535321397203802 -0.247595486152716
0.267822845561719 0.0334869381184418 -0.202597874178651 -0.168554679406855
0.333214389242566 -0.000324420958401444 -0.305258059594455 -0.061817812545199
0.354796949107434 0.0178790450843575 -0.342520282800757 -0.0116622494389174
0.375137529856751 0.0762743714152582 -0.345330302552888 -0.034393946662591
0.353692546939217 0.199501358764575 -0.286838042409618 -0.121058411477319
0.218356383026453 0.356959046194675 -0.111070132321602 -0.200216191038898
0.018477899700185 0.443479338449316 -0.0266725243208518 -0.0951446056299882
-0.163498352540236 0.427691186548276 -0.0619260266793508 -0.00179564353443971
-0.233308818706157 0.324285538283038 -0.199255403493249 0.0296442640096849
-0.227161812883234 0.415658382502357 0.0251428544737825 0.15306499960841
-0.05255877431587 0.408221578031452 -0.255058594802931 0.108544894067965
0.0587148443959541 0.305389970319454 -0.106367973877124 0.361761718314179
0.105848408433765 0.228638895912069 0.224125192922737 0.263242770779666
0.197237238586315 0.221136948527767 0.280034321151385 -0.0530619987036529
0.290242246059463 0.158794564622228 0.0752802786427427 -0.215630834848187
0.362431062829985 0.0780222775440668 -0.0789124372336282 -0.150968952870066
0.431176866285906 0.017086034383265 -0.153903879958142 -0.064327944412553
0.446103251644087 0.0242770522076205 -0.184164925437042 -0.00519985998515939
0.461257024116405 0.0893004163398251 -0.202676572668257 0.00311655902082772
0.436659157068775 0.232681657806197 -0.18913092565475 -0.0361154779272701
0.26637950588239 0.404551991941585 -0.117783612347557 -0.122244427334796
0.0491298468281634 0.460591632635581 -0.0812490336375185 -0.12474144337608
-0.103316246785026 0.462361287028818 -0.0507496921235975 -0.125720715385072
-0.196309443132543 0.399192304387355 -0.104115602917934 -0.105605978505273
-0.234716735386198 0.440197954831 0.114011951757193 -0.00476434366016718
-0.0729140408378875 0.416630038495413 -0.242818317331569 0.0246562298592675
-0.00916568529141931 0.326099398860327 -0.0939916063189476 0.327796062404292
0.0499854592889402 0.319543827082574 0.209212592380973 0.268547465406604
0.201671639133099 0.321477925988714 0.294095339330409 0.0137713062763904
0.330457618797946 0.223009646646437 0.161896781922216 -0.140838413150868
0.410349730257787 0.106603912656035 0.0732939441928629 -0.110563246412335
0.459169699817645 0.0324203458685712 0.0203579497247202 -0.0573577006997576
0.45850592287409 0.0346667578412848 -0.0124092249082474 -0.00297830717301724
0.454337884959528 0.105244463094055 -0.0539814696081169 0.027279804133714
0.408442084087164 0.234827128943924 -0.0833791450868714 0.0328844588224811
0.222476621842395 0.363670613503314 -0.121601993137868 -0.0448197048745277
0.0531623450151507 0.353106765659393 -0.140706160696815 -0.158793915292597
-0.0155291174386946 0.391568778169598 -0.0487519101614819 -0.249598733059447
-0.116409098912563 0.407928288607688 -0.0199810365018087 -0.241392343477994
-0.194199539983818 0.382482615226918 0.21342306337417 -0.137639845508972
-0.0877126963692907 0.328748140823086 -0.157679978611429 -0.05443495926329
-0.0944529168280373 0.279959357251659 -0.0632132037214828 0.236076488664432
-0.0202404269747664 0.361214644280511 0.151855114336472 0.260728170062072
0.17609097583712 0.366537015023445 0.290376499154711 0.117470111867238
0.321084159374119 0.242298273247354 0.261780588037838 -0.0310209490882526
0.397804198795648 0.113358190961748 0.234970938111204 -0.0570652273068308
0.420585969990826 0.0446151773926242 0.188236275061045 -0.0418466171860028
0.395288452916894 0.0521842489830954 0.141935622606404 0.00675751257736984
0.359882255713148 0.125159646506418 0.0623667097078942 0.05491352203335
0.281511532368494 0.215601093440732 -0.0198357264144807 0.088357891828749
0.103411407718882 0.257037863330566 -0.146307732592237 0.00548154808470802
0.0337499479771824 0.170204675377703 -0.181469308390163 -0.204759024308948
0.0678865762553582 0.258552503214289 -0.0328562247059235 -0.338725403449748
-0.0273899435545125 0.36278603066586 0.0435477804168621 -0.351276000689982
-0.109136556778776 0.269403114678275 0.299881829223995 -0.227117679147795
-0.0667282437029984 0.190209141541984 -0.0354281991030754 -0.123128087510731
-0.130315441392204 0.182411770455189 -0.0449672706759642 0.122375154133426
-0.058524516101717 0.310976085880237 0.0717098405703907 0.258749617425572
0.129777389379888 0.312957050176841 0.284151079656223 0.228441993984674
0.253554720985893 0.202407730814548 0.362128700467485 0.078976719453526
0.317949845407149 0.0923849804810447 0.380876366587638 -0.00478613594809734
0.318506459541121 0.0494915229343008 0.32706114246958 -0.0208867306193595
0.281418055592022 0.0681307849821633 0.258775168643103 0.0284294440128477
0.217593876900697 0.133209828697032 0.125175598011523 0.0946946912923048
0.118648756250784 0.16966198702643 -0.0201785113369599 0.13009767758731
-0.0152508911397871 0.121278270625916 -0.192230237567532 0.0047145371789318
0.0249158832156198 -0.00406879931608131 -0.179034815394272 -0.264691948633847
0.130226089048458 0.127619731149164 0.0134813933060256 -0.377914645795202
0.0429454618941541 0.279166482635654 0.0877704290491922 -0.420934559615237
0.00674275307689267 0.127511752735722 0.343425072229527 -0.267965129589812
-0.000538846938321021 0.0423113562442801 0.056956515142552 -0.171521187134445
-0.0910828801538661 0.0513292208407219 -0.0541866058066692 0.041578674757773
-0.0591489347293077 0.169458931269576 0.013461727552196 0.275972405431993
0.0566365391655019 0.173570183380036 0.292990546280761 0.304312788035406
0.131876903593908 0.114910306971765 0.443153864350559 0.149440408525877
0.179485182917156 0.0567578883594702 0.484019153216144 0.0295405078954675
0.169576254029649 0.0460880440086187 0.417802594809954 -0.0013317538414211
0.136990275350745 0.0694839984793747 0.325218254026951 0.0596998080489912
0.0677525951055087 0.11085784355354 0.135044403232445 0.139270278077909
-0.0177823312718191 0.10007202249214 -0.0692083772676298 0.143315046095998
-0.0787928978552803 0.00173662260877757 -0.228054705436288 -0.0475269282668656
0.0311618467325402 -0.107936889752723 -0.125260859257675 -0.316714936242386
0.151889562472464 0.0283767981247941 0.0813779769844109 -0.366806887092617
0.0859959079165151 0.164798107389808 0.115575620560004 -0.450942969345691
-0.0859742796237537 0.000789532196302343 -0.0617796987153498 0.441462333782482
-0.0888821586715689 0.0652260014284632 -0.0896073784943566 0.302851037128873
0.00168199843083463 0.110335427476265 0.0703899694139588 0.345058498265279
0.0770431627765438 0.0457133307965849 0.278135681525873 0.107830405965328
0.0790529244674907 -0.0174969239668888 0.151559312262449 -0.157701719732861
0.043297188200216 -0.0468695698696601 -0.122815245127488 -0.194531393414599
0.00167669148365779 -0.0431645137939537 -0.326733939564545 -0.0866402062547341
0.000107626309331198 -0.0310928261345324 -0.428494824626327 0.0107946325263946
0.00674214767295917 -0.021735181012889 -0.477074589296135 0.0179558436192518
0.0229200126818662 -0.0304953959297701 -0.462855478511512 -0.0742797303324918
0.0408428148596978 -0.0365167622652039 -0.343863119266449 -0.216815859816549
0.0748969140281388 0.000560155163144241 -0.0889556127903725 -0.26118857435521
0.0624313350973537 0.123228273147592 0.0239398374625993 -0.0559943602105887
-0.078490344780911 0.132694909774456 -0.085514849293724 0.116709592406641
-0.117506526353358 0.0437867884482494 -0.297878582875077 0.211108428147229
-0.109858640467513 0.159972203715749 -0.040480106074277 0.392583498510732
-0.044192558289152 0.169448845001671 -0.13670972050283 0.253309344701385
0.047142359242659 0.147857161484073 -0.00144253984500782 0.346446505575066
0.0981839974791795 0.0751621337568088 0.249617017313644 0.168573327863863
0.127505027845394 0.0341775315291968 0.198679087275469 -0.131227821138745
0.135031139517717 -0.00215327387425872 -0.0765001718382544 -0.22519223872385
0.134618422165756 -0.0264109797699758 -0.290729840445107 -0.119427190985139
0.169174092174851 -0.0371969086774246 -0.391155310218446 -0.00646357808029002
0.188017904390553 -0.0176583839835927 -0.433491570067931 0.0251914443245495
0.207365096586428 0.0165861508380749 -0.42922792087648 -0.0335646497689164
0.201593029803053 0.0834456350929247 -0.339283260900394 -0.161047854867758
0.148968991097265 0.185855603306673 -0.111426618066289 -0.235892241601607
0.0401677980082163 0.295856918921522 0.00431005304175101 -0.0644637780490796
-0.121767184085973 0.298139428327291 -0.074400453237289 0.0891760798220576
-0.17832369022114 0.203953350556226 -0.258475809473431 0.154764797059027
-0.14241115043241 0.313535588184044 -0.0110168555769122 0.288866298465087
-0.0108796108052391 0.295567656865185 -0.190076945764307 0.198882822666331
0.0900022064187417 0.212110583628461 -0.0446358864217156 0.350873589335124
0.123169141915961 0.120816332132049 0.237765373822643 0.20486623274657
0.171451429019253 0.0969369458381928 0.232122137962386 -0.109440389723511
0.217328062409583 0.0530871661084152 -0.0222816186649084 -0.233937485789308
0.255422339577628 0.00257862334373564 -0.209328096878737 -0.13691131950567
0.31258400396097 -0.038090748179403 -0.29329705433895 -0.0253137238451716
0.336570986632653 -0.0230800788407888 -0.32259869438426 0.0259558507755489
0.361427630810599 0.0311314489984428 -0.328770257034777 0.00438784809369342
0.352209740951197 0.150267103630239 -0.28085305883341 -0.0844494903849275
0.243395353991777 0.311294128826298 -0.125749331875279 -0.17893089067674
0.0632038942328214 0.414645622427617 -0.0352336911243216 -0.0847896859320171
-0.107098295203294 0.419012832298452 -0.0605232604631552 0.0048405458832366
-0.188402553836314 0.328766083140096 -0.189342943430007 0.0491273408239334
-0.167831573061257 0.417017249914307 0.0375844875252211 0.143146266523205
-0.00539842818983574 0.389470332395862 -0.234961860943343 0.132486516426218
0.0880996872979289 0.278976633803223 -0.0628030393980488 0.354625142654397
0.122046472392513 0.201668149852305 0.240810148293631 0.225903860627144
0.208140371887526 0.185442383864341 0.261323493455811 -0.0815614637280344
0.288881297433201 0.117663219529992 0.0464068780829369 -0.211802734593373
0.347531217510979 0.0334746433363521 -0.0904921798075608 -0.133701122926993
0.405725491958046 -0.0317290179823738 -0.150221523757272 -0.0447295331558742
0.422825871058359 -0.0288563566715401 -0.172954979940703 0.0142574146489551
0.44534877740922 0.0342452707006809 -0.190237941167722 0.0243194017606939
0.4331132479314 0.170594195559395 -0.180152095324775 -0.0152654352007156
0.292480376803616 0.352311730456003 -0.123803958133898 -0.103890867225129
0.0930447087395893 0.428590855683048 -0.0911963132220494 -0.106722846458389
-0.0476720080235255 0.443884952834448 -0.063838849834881 -0.113163817597989
-0.145252285764467 0.39568772693358 -0.112207680660887 -0.0868538553084798
-0.173898273433704 0.440742781791022 0.107228604638458 -0.0146525322772352
-0.0233056269943206 0.398159834980211 -0.230385351406828 0.0521007056028441
0.0254575009692072 0.305865862577994 -0.0542487282041877 0.32062001502917
0.0796735213462028 0.293210758531926 0.227132053652635 0.2312876522625
0.222755726275003 0.280927988095657 0.279704778689122 -0.0208901872168939
0.33410411162741 0.175070427072143 0.134917439274226 -0.150291294642576
0.395564050169996 0.0548236624862843 0.0566582777111976 -0.112428864377029
0.434604859793054 -0.0197028771581517 0.0137335399673386 -0.0576689652571092
0.434446432636612 -0.0188320491097216 -0.0116013516312264 -0.00144108144545496
0.439271994203505 0.0484739184822323 -0.0484848975213358 0.0319137812739131
0.407295803159345 0.175244202108818 -0.07359694228209 0.0384600420686865
0.246085490807686 0.317824820260465 -0.119019573758783 -0.0307345625063159
0.0851272147951838 0.324589948673077 -0.150651022536866 -0.131548848136581
0.026464468684636 0.369226801336887 -0.0750840218553974 -0.229744533520338
-0.0689381471910213 0.395687511808242 -0.0454478904761907 -0.223945085429842
-0.144112590909419 0.382992599995403 0.188128460018076 -0.151601786932958
-0.0469659366095946 0.317209419993265 -0.156915539442178 -0.0313208571449166
-0.060085728352179 0.27167997885493 -0.035371863535016 0.230956205164594
0.0184898438156239 0.341397365832049 0.171836147987633 0.229231121471857
0.205870019066509 0.327913996073068 0.28644181045029 0.0773556703276385
0.327923805332857 0.194425421955069 0.241104968026557 -0.0567245914750074
0.385469014927067 0.0626078486672614 0.213520175840314 -0.0795993009522551
0.399827354481435 -0.0046320159884445 0.173034993541262 -0.0618309714838599
0.378459991790142 0.00572568322529657 0.134900446342494 -0.0091776026458803
0.352573982280752 0.0779277874508646 0.0643755274560506 0.046172998152037
0.286305991139466 0.171671451860749 -0.00822453112496932 0.0841766609977017
0.12182141712743 0.229589197117926 -0.137373862860492 0.0195430097762373
0.0458529469080627 0.153880767075416 -0.194750588531788 -0.171343296348319
0.0911931777411076 0.232216484832405 -0.0691040081567182 -0.315920444074816
0.0111265531923832 0.344365388480516 0.00414629534580485 -0.334312580090825
-0.0755444387698483 0.266248423657258 0.262303286780692 -0.244876512218839
-0.0424795335602091 0.1847614573384 -0.0472047891704001 -0.109753128082722
-0.104317045249861 0.183713526195335 -0.0312318046636879 0.120976360773503
-0.0218675524523621 0.298995520620213 0.0935507949345797 0.237224268629205
0.15576405076772 0.282113087789538 0.291514352938296 0.183130898955592
0.259652155261691 0.163850855775019 0.348648156946929 0.035602564181063
0.307875906836046 0.0510311255366682 0.35700511949704 -0.0460896583427289
0.303844007558797 0.0114235129040682 0.305913610974607 -0.0577253757204109
0.271162332835949 0.0329203908851778 0.246862045497866 -0.0012912428242096
0.218969818159899 0.101915625739769 0.127459789935917 0.0772144151401619
0.128185589006985 0.146265893445887 -0.00584078166231424 0.124643577869915
-0.00385191582154807 0.113889191710509 -0.1810081776773 0.0233817583020904
0.0206889366450273 -0.00980217494284823 -0.199490667178377 -0.229821290183414
0.136455672828219 0.103206253760086 -0.0270596141665697 -0.357775692814386
0.0700766317912403 0.258579078293279 0.0405926076934305 -0.404520294340244
0.0182489671381005 0.119183460512616 0.299932396823702 -0.290914470505654
0.00410936451517786 0.0385838193846563 0.0372925810011592 -0.165894292919856
-0.0802699348055708 0.0569642504089616 -0.049112407758013 0.0451774382986295
-0.0366101195551326 0.166470829820099 0.0400860196580753 0.260117861873756
0.0725727443997909 0.158084797935857 0.307232808777184 0.254830488310184
0.136327672737464 0.0946061939383776 0.432047188710421 0.0945443000038941
0.173941751581528 0.0321640125713631 0.456978523336594 -0.0242929487877357
0.163532644289465 0.0241077849315493 0.392741151685339 -0.0475519507562908
0.134833411033911 0.0505991812815669 0.312471489999891 0.0200479496198743
0.0754075104588165 0.0970650136025653 0.141417572764849 0.11765630416981
-0.00662296132942928 0.0953568228708336 -0.0506669273965307 0.14211238321846
-0.0749448499659332 0.0083372067836866 -0.221219963653257 -0.0221563040923804
0.0173998756372932 -0.107746150867735 -0.152182575879715 -0.286281258491766
0.146686527291014 0.0088249864241637 0.0386638935432553 -0.353731620006915
0.10079269237721 0.146523248543546 0.0649736581408382 -0.43690520868573
-0.0784988965842023 0.00555970670361295 -0.0324383441865434 0.410161118969363
-0.0779530147656998 0.0660083468240399 -0.068113091332596 0.285257818686146
0.00813198242886142 0.10204516595632 0.0863333079535034 0.313575850366058
0.0736509786007307 0.0376125050971765 0.26391413107352 0.0843206168436852
0.071913920602978 -0.021539978267364 0.132298301381452 -0.154304042854635
0.0374218748582797 -0.0465191817683136 -0.124092216371198 -0.1699838149778
-0.000332248680671571 -0.038167805795159 -0.305000999773886 -0.0572669672113263
-0.00140068629175951 -0.0280121814685828 -0.391763393667969 0.0387570497415507
0.00497532139017174 -0.0211150821326511 -0.436011035946745 0.0467711553117459
0.0190438641600674 -0.0300745757426601 -0.428640308128536 -0.038450670861308
0.0339269374787553 -0.0361892990151642 -0.328615768072283 -0.178142978396325
0.0686593164806647 -0.00406254220475452 -0.0981646687245632 -0.235369749223889
0.0659531744108472 0.109736179796575 0.0200305472004287 -0.0524428980831375
-0.063588453402105 0.127454687973863 -0.0713906777660605 0.112162938393095
-0.106691271971103 0.04820781355267 -0.263537983997538 0.212547604752442
-0.0898433694595299 0.153281697913324 -0.0174599908642581 0.365008149965369
-0.0292332930435569 0.158360129029553 -0.113627947277401 0.241937530143858
0.0526217052122676 0.132147373976279 0.0211901647440005 0.319554255892371
0.0942729654030121 0.062593700906095 0.24125802616227 0.142120353993171
0.119166294780758 0.0217318583119648 0.177529900665365 -0.132493847156674
0.123855507266123 -0.0118975838015306 -0.08419013219852 -0.20137927511754
0.121667219081569 -0.0325074293196006 -0.274622208616543 -0.0895194413139768
0.152188939452812 -0.0457413206253131 -0.359175047297268 0.0218428061331296
0.171138829452627 -0.0295577185888569 -0.393030602340135 0.0526606129479068
0.19069479128989 0.00102323921442532 -0.39508936482663 -0.00385232354498569
0.18848521395446 0.0628985026371683 -0.320326812328672 -0.126450445552196
0.147830396218104 0.161031129016427 -0.118024258211889 -0.211680942269653
0.05568385876925 0.269437151518391 0.000774404679898769 -0.0587511622084643
-0.0928641517855343 0.280723522787478 -0.0630395590552396 0.0863116901973218
-0.153459456951521 0.198231818795434 -0.232241664806856 0.159507351198238
-0.109652411131905 0.296627312283581 0.00638608949320107 0.268203099863882
0.00939887424198515 0.271250140740256 -0.166024440581842 0.19663362478824
0.0955299077248578 0.187682560945307 -0.0196941614607613 0.326766691694795
0.119247600103028 0.10190925062752 0.232553917852199 0.176477515910827
0.162570750559578 0.0762243605438662 0.208933443516995 -0.115805263014953
0.201082430479962 0.03392281951543 -0.0351023322967488 -0.21347885110303
0.233911491290196 -0.0149266211367685 -0.201054882864073 -0.111834184429983
0.283258307484152 -0.0567154545436541 -0.270485855747957 -0.00377436222364225
0.307322799238782 -0.0451228350195144 -0.294028257996832 0.0452030078818195
0.333419134178389 0.00391812656514813 -0.301587744546576 0.0246023920954919
0.331754952520604 0.114869996480994 -0.261867290100877 -0.0601234936926583
0.242667837283879 0.270123905918246 -0.127423172117775 -0.157754459113601
0.0837974791956144 0.378710719048198 -0.037265056651369 -0.0739986858310752
-0.0719703778919096 0.390062992641823 -0.056928336975768 0.00902219130866762
-0.154989557810809 0.314025938467828 -0.175399209518093 0.0582627676179341
-0.127492429000003 0.394258806317481 0.0430414029978935 0.131256226670575
0.0220059391917815 0.357676190446817 -0.21130996577704 0.139007518455631
0.0982581367682934 0.248461728722616 -0.0355995847967191 0.331124699264421
0.124391060377573 0.175635239305823 0.237102775982595 0.195096362079909
0.201683645672521 0.155860905792323 0.236355639538138 -0.0927962218611653
0.270762090100084 0.0886307081578701 0.0274754762364264 -0.198007696301343
0.320543737475935 0.00751645739754368 -0.0920132483985229 -0.117094692082865
0.368924530580482 -0.0578445787192322 -0.141180215546682 -0.0319834640427624
0.384263808435885 -0.0562067747143617 -0.156490781436388 0.0241779293397141
0.412191303469293 0.00229093953120533 -0.173811391504805 0.0346181808265834
0.407568532496883 0.127486362800399 -0.164661413685071 -0.00373107317834943
0.289801183188742 0.303629708289081 -0.120533694406183 -0.0896407554822781
0.1113996403789 0.38632044996748 -0.0906994834104792 -0.089552266015874
-0.0149611211932579 0.408228051355341 -0.0681975493714672 -0.0987316129668432
-0.109937202181466 0.372380356126596 -0.111948712781212 -0.0707378597056441
-0.131682129054876 0.416532082104843 0.0971646331635827 -0.0191230622066357
0.00506562577971956 0.3651955122554 -0.212143351472685 0.0663509793821178
0.0423497420673195 0.276596796823067 -0.0294157920909741 0.299283540944218
0.0906252357139061 0.262746717253395 0.224986110370649 0.199205132261234
0.22053814768167 0.24276642923021 0.256008736290579 -0.0388323072262864
0.315495425384852 0.139218560342244 0.112193603682781 -0.146947883372324
0.365609516475339 0.0239197154210562 0.0429396323869721 -0.107228126107198
0.396219306172209 -0.0470441300289087 0.00827981683734029 -0.0557416842536272
0.396735645950319 -0.0475012881676035 -0.00995831889848455 -0.00125176840804295
0.405737433737146 0.0145092841005038 -0.042878862913874 0.033045770161436
0.383647109101647 0.13298394932194 -0.0639536479458462 0.0383480850676004
0.243671412243315 0.274532390208142 -0.111652432557983 -0.0222192850041369
0.0956934276773474 0.290950333403091 -0.147322661184045 -0.108484586313314
0.0469794936035506 0.333828038636217 -0.0862082445025923 -0.204872263138656
-0.0389333594085196 0.368505378928062 -0.0577300752068941 -0.200489930196703
-0.107728197591154 0.361736433558091 0.16467010846704 -0.150732024976471
-0.0227085398805166 0.292767955734879 -0.147892821830206 -0.014827388043765
-0.039114197249144 0.251136570307081 -0.0179614706147752 0.215683243688113
0.0383966625260895 0.311325430106507 0.171552981120857 0.200270270422052
0.210741278912556 0.288574134137484 0.267011129545988 0.0507741628394367
0.312062051668725 0.159459283874581 0.215600214049756 -0.0682498731042623
0.355257336309065 0.0306676506579672 0.189419547497099 -0.0874762016672038
0.364339920571365 -0.0312178982906689 0.153863084173896 -0.0697102688712486
0.3458122822987 -0.0206513465596683 0.124214952603684 -0.0181765170130425
0.329107882404668 0.0479294496983194 0.061289605133062 0.0385312461483808
0.272364717973063 0.137466707506139 -0.00216627370086372 0.0769164289115581
0.124195226958559 0.20271133198185 -0.125592221875898 0.0253535473316825
0.0488497683545104 0.136204878055715 -0.191581338241157 -0.143273035302139
0.0983291003337994 0.204299800839476 -0.0841818037207459 -0.284400496989923
0.0314031871735343 0.315039092952584 -0.0164092342587996 -0.305548018971496
-0.053511333719836 0.249687316523062 0.227681850530973 -0.243408618623151
-0.0277529733215888 0.170377297950747 -0.0503574443633362 -0.095232925156994
-0.0856255659601115 0.173816018323175 -0.0210871366731049 0.113523766076791
-0.000834463919235278 0.275821544675588 0.0999314965497326 0.211534937024463
0.161583402449667 0.250425253478659 0.277214667044634 0.147058329318023
0.248866441448165 0.134229653535947 0.319771169983724 0.0102543909562069
0.28434289194053 0.0249030396133907 0.322374862744453 -0.0655140522349406
0.278166554579887 -0.0113832396291031 0.2757730896605 -0.0746704689309283
0.249950513693166 0.0116244160474667 0.226243752189663 -0.0191022647737876
0.207168192342017 0.0782719763991011 0.12122719961366 0.0633745210571323
0.126010080036675 0.125137026905647 0.0024286950777254 0.11420380173506
0.00188136616452204 0.10346044993519 -0.165832030812218 0.03245111833072
0.0155863677739088 -0.0130454777144793 -0.198640230122051 -0.197146711787833
0.132324628589557 0.0826551763758635 -0.0475897479618748 -0.325632378012026
0.081468859925216 0.232367943631507 0.0137848875672079 -0.37312120888559
0.0230753047047196 0.108553128091805 0.260305161572444 -0.287486761213512
0.00582056461365249 0.0332083933656138 0.0253875502133776 -0.153641701426816
-0.071416328195994 0.055945147186824 -0.0434949187472618 0.0454188056300905
-0.0217242713505005 0.155481677780036 0.0516275056164989 0.236813843482832
0.0775583239807043 0.141656543595013 0.29640003783944 0.213685317047116
0.131521109069055 0.0784468127418621 0.402269058197303 0.05865477348293
0.160126676346443 0.0170436835341237 0.415183152117181 -0.0532210927426769
0.150306029483751 0.010951722506366 0.354785825635118 -0.0709668099340908
0.126458168561411 0.0374527255211002 0.28730141670635 -0.00435834577000804
0.0756842883947866 0.0847633329275448 0.13695499246681 0.0997187726258495
-0.000893099359865169 0.087115902228787 -0.0394413699807032 0.134097785848013
-0.0695101933723346 0.0110818970457852 -0.20593369238054 -0.0070951403573305
0.00760972451233916 -0.10198778555407 -0.158194256050791 -0.254497586227464
0.135970333194669 -0.00249188267684653 0.0155301290446145 -0.327796040521345
0.102474138574427 0.127196962874289 0.0341235100666392 -0.404317400722081
-0.072782399516589 0.00595882887324519 -0.0232403990635278 0.386079864322368
-0.0711898867792919 0.0643117575488424 -0.0619845904305427 0.267950080799783
0.0103945636600763 0.0958636651811238 0.087520112699331 0.291836247848004
0.0700152089491097 0.0343523788710178 0.249902249581284 0.0741738134247043
0.0668273994136425 -0.0223660591449833 0.12342327364745 -0.147320667981159
0.0338724541403043 -0.044988596469112 -0.118526231742183 -0.154777984833119
-0.00105728155479698 -0.0350144157762209 -0.284320218866722 -0.0436524070577351
-0.00181940626903432 -0.0250910640782896 -0.364374552016088 0.0482490000005539
0.00404041286977143 -0.0204262559576475 -0.403691904806082 0.0546011625513125
0.0169438466669344 -0.0294065533952333 -0.399927490126248 -0.026701172139825
0.0295658558684307 -0.0339169231668898 -0.308498368737467 -0.157857958641418
0.0635837827809792 -0.00533186246231446 -0.0966748455754664 -0.218338498406047
0.0650952712047355 0.100645704859522 0.0194647446944613 -0.0488390667927476
-0.0569551534387112 0.120392920506064 -0.065160140943991 0.106250603635399
-0.0995842115859763 0.0479491509890935 -0.245806698280207 0.204669089378671
-0.0799665404659216 0.143903239917637 -0.00893167597111855 0.342559497037375
-0.0238620653372919 0.147969785939964 -0.104240522456411 0.229231889774545
0.0517727610609267 0.121533919547119 0.0256400691928953 0.298944063495435
0.0890091618125574 0.0560287918141737 0.229774836701609 0.129459925727441
0.111197246842233 0.0161366139049692 0.165818733081422 -0.127421583470317
0.114514061511894 -0.0151878644547866 -0.082355695169072 -0.185232315540158
0.112664279911528 -0.0332221010316381 -0.257027464163643 -0.0755011953943783
0.140789925755858 -0.0466724298279698 -0.333476663679659 0.029333002964905
0.158885515544539 -0.0324967457071055 -0.366357662559282 0.0586132461314511
0.177908962687655 -0.00502603264811442 -0.368658236146486 0.00459294450241672
0.176071421052582 0.0547808755958647 -0.299972566285839 -0.110293958257454
0.140612431697417 0.146741015050506 -0.114401305064059 -0.196130376015941
0.0583370017677448 0.250595569900646 0.00070678318781305 -0.0540096948451845
-0.0801139567258953 0.263919656751572 -0.0576471601435859 0.082112974803182
-0.140798655928504 0.188926741522627 -0.217675846546877 0.154851812047873
-0.0946210458502025 0.278819918534826 0.010645748000864 0.252990210588849
0.0164409274343681 0.25193578075576 -0.15434688102692 0.189391794913724
0.0932406220356039 0.171182004945976 -0.0109332192878007 0.306467754821411
0.112694082182372 0.0911316078262703 0.222603334351169 0.161023131124834
0.152103924187662 0.065298866203496 0.195247757135996 -0.113135302019866
0.187494305339283 0.0265296899961695 -0.0385749888872243 -0.198227297486707
0.216799585096629 -0.0197177753546973 -0.189574102193834 -0.0982137211384563
0.261248920944862 -0.0613062677317124 -0.2515612448508 0.00345558915971269
0.28462027947768 -0.0516462975056297 -0.27238347945737 0.0498024294621356
0.310490396569894 -0.00643726769488499 -0.280161715700933 0.0302822783749083
0.310600502306952 0.0977164110691618 -0.244171135733372 -0.0512284574463961
0.231912649791101 0.247037659825362 -0.122546725035003 -0.146704510389265
0.0860653051597319 0.3519486275314 -0.0356497695975055 -0.06627346940231
-0.0584786925338388 0.363582418732844 -0.0546597160632692 0.0104821290545082
-0.14037808293971 0.296681871553336 -0.165251580139655 0.0608097232806909
-0.109518538299675 0.370509907771478 0.042292193666985 0.123666651108662
0.0283039686909597 0.331669231960805 -0.196758743362042 0.137349824267115
0.0967659728474006 0.227659929351758 -0.0257163070084652 0.310984076209156
0.118779069901593 0.15921594819001 0.228139708554062 0.178560747147717
0.189893281407823 0.138724246160289 0.220288335321022 -0.0930938640888952
0.252956854745841 0.0749991358511922 0.0195186116990864 -0.185209244156375
0.297658652515855 -0.00197383474986329 -0.0892303574398463 -0.106614115961623
0.340186981144188 -0.0643700961727266 -0.13269756723623 -0.02668482612813
0.356748994784656 -0.0628870898928051 -0.144657923422974 0.0261615130227594
0.381757594377465 -0.0111886296345799 -0.161330718391788 0.0366594871124326
0.381307560079503 0.108459195003239 -0.152474587825938 -0.00191725785026839
0.274858429374331 0.276339742569479 -0.114854211152453 -0.0824431875446418
0.110493575328754 0.357153208988112 -0.0866935669798609 -0.0789996042845622
-0.00492486600287767 0.380273369043948 -0.0680780816813984 -0.0892614109389751
-0.0969776776889094 0.349446726877699 -0.108301659313876 -0.0602789315657377
-0.113515613279318 0.391561883740631 0.0903131752400416 -0.0188187219057915
0.0141046778226907 0.339010815046753 -0.199170505634848 0.0712427178928959
0.0453194895219592 0.25566719672346 -0.0205739184413426 0.282204520395513
0.0895435719711831 0.241795026309495 0.215187634351639 0.181697965256698
0.211155395604257 0.220680178677155 0.237833234189634 -0.0442321249410009
0.295820568961468 0.121965700115451 0.0992834826032157 -0.139473081652081
0.340761108324881 0.0126399567677235 0.0361015154311985 -0.101506120510421
0.366335640170395 -0.0559489633126725 0.00526595841925055 -0.0533397802585825
0.368161661366854 -0.0552912594713628 -0.00926339242395301 -0.00123795669252474
0.379934840143131 0.00302081957526463 -0.0402123883477497 0.0323086321044211
0.358328673166537 0.114615363756708 -0.058461678445916 0.0351819515621557
0.231206134782316 0.250187665310215 -0.104959934727538 -0.0191639053780314
0.0931418513253398 0.267999609497605 -0.140992118493437 -0.0952347658306685
0.0515559427549168 0.306426939821461 -0.0870032816712099 -0.187394160405409
-0.0308009474799085 0.343660260082388 -0.0588743693497881 -0.183488866185385
-0.0918893110160953 0.340245883252855 0.151552008157066 -0.144024208212794
-0.0137522138072155 0.271716153852049 -0.13990108486671 -0.00774372599968342
-0.0320577026882807 0.233110464758177 -0.0114430390548949 0.203133136279187
0.0420174982484321 0.288930997287363 0.165186926477648 0.183640454320439
0.202190842393521 0.264014692089406 0.248241501163354 0.0396059794526214
0.294509229751487 0.14025661031201 0.19683085280232 -0.0686590493517597
0.329933435429572 0.0180254649601187 0.172341329508314 -0.0854043460715632
0.338592774731322 -0.0397512622875124 0.140739774129791 -0.0715084013393249
0.32129047733834 -0.0290004671071109 0.115562152747819 -0.0207227407400464
0.306769039693548 0.0349343203013482 0.0574374825916733 0.035816012903146
0.255652132266756 0.12118093303757 -0.000242381986244435 0.0701390985194322
0.118495119074624 0.18558573770672 -0.117236238575631 0.0257737357986912
0.0452634633864179 0.123833183535265 -0.182104748653292 -0.126471004671249
0.0961174634782295 0.185786083520465 -0.08711470244545 -0.261178618391681
0.0355852636843272 0.29250481136014 -0.0215606585589722 -0.283222975657436
-0.045014568119689 0.234029709546295 0.208403802685815 -0.233036958629705
-0.0222930738273559 0.158302843546371 -0.0489765955308898 -0.085520244050004
-0.0772477446002727 0.162869729167826 -0.0174771617985633 0.107616996687246
0.00533090098368941 0.256817384535312 0.0968878435392098 0.19586598367678
0.157268269185726 0.230215753586721 0.259739880557491 0.131026313003227
0.234773404628118 0.119275875971914 0.296496497414851 0.00114202685285712
0.264033965792043 0.0154538702146925 0.296672809273323 -0.0696340607921608
0.257778758455698 -0.0177535881494901 0.253539161123631 -0.0779114630509515
0.23253277139403 0.00454427201625067 0.211134087428963 -0.0244553844369028
0.194781211947166 0.0677794956041361 0.11435025854688 0.0571526432939785
0.119259393808747 0.112733211748826 0.00371708128617452 0.105292737497819
0.00218045865665886 0.0956415438857621 -0.15502847036366 0.0333430618651745
0.0116955699043451 -0.0149525166576036 -0.19144239047765 -0.178988121931141
0.124962444804655 0.0725062008800848 -0.0517860783055018 -0.301938607524516
0.081308274282936 0.214003458724579 0.00684002513998633 -0.349174128958311
0.0233659298747419 0.10189220036479 0.238332222057937 -0.27640701974907
0.00550740443330314 0.0298746197686245 0.0221234888045429 -0.14428717337214
-0.0660854100710448 0.0529077574421548 -0.0401687343060788 0.0433822382382961
-0.0165176110311504 0.145290765858338 0.0514584076819308 0.220661296559279
0.0762736152122817 0.131107216879198 0.279317130683224 0.191585804558754
0.125181611373017 0.070455317266093 0.374811670614835 0.0432270273493882
0.148520371336506 0.0110668578994542 0.383715094068225 -0.0600742667214025
0.139416324229024 0.00629347139451093 0.32806715938811 -0.0779306198832736
0.118281698530775 0.0319696106151181 0.267219479525402 -0.0122174151744547
0.0720988741223111 0.0768739498333392 0.129325518571795 0.090269295486154
0.000523174765971848 0.0803885356896016 -0.0359514711536702 0.125085609125972
-0.065493036663111 0.0106826533749293 -0.194181248088094 -0.00319242506846489
0.0031467208670295 -0.0974605120240631 -0.155039817480594 -0.235036108875292
0.127074315076546 -0.00693507019627885 0.00893176528946184 -0.305700078751034
0.100070078998337 0.115522745766803 0.0271036132926959 -0.379339449680243
-0.0699643266113042 -0.00458529334063072 -0.0658905684583174 0.365673209569299
-0.0771375708668125 0.0514051646496926 -0.0951895748927199 0.247295703277861
-0.00352522951694055 0.0924723089176216 0.0446212979520564 0.289696366155258
0.0606256499496934 0.0435313651765689 0.226946852227638 0.0998196389349102
0.067052521909726 -0.0116346669666713 0.135915260141152 -0.124206569731835
0.0388461896929817 -0.0382808468262139 -0.092911080436089 -0.159977303783879
0.00385763765090482 -0.0322381042009046 -0.267355904353729 -0.071235792665636
0.000186275966548525 -0.0231634961624687 -0.352915553360306 0.000498978883331278
0.00415605907178502 -0.0154330371719777 -0.393328017226724 0.00105640878482702
0.0171990602834513 -0.0235646439869061 -0.378293966839789 -0.07770757107349
0.028285789441592 -0.0259538498300803 -0.27336037336543 -0.19393869626383
0.0579343785516051 0.00491366472938853 -0.0634778760963993 -0.225758312736729
0.0489895898329489 0.10301291199734 0.028899450064666 -0.0448804127524736
-0.069973790311849 0.107391648382407 -0.0736744241357857 0.0931458442292887
-0.100464182347343 0.0356345068033954 -0.27078698620315 0.163970846534091
-0.0913504345904759 0.127025740382364 -0.0553529772459427 0.320564489005602
-0.0414194355581438 0.136452012818383 -0.13695868373079 0.205310873303386
0.0330781146984017 0.121356513673936 -0.018528471453928 0.290254666431301
0.0752989282297226 0.0652844827670723 0.201001587285958 0.150958590773519
0.102893963491397 0.0302511668002654 0.171879012200548 -0.101910830686409
0.109535899763044 0.000399008761843983 -0.0592854941484577 -0.183570754400473
0.111694398924983 -0.015258882478872 -0.240775544544833 -0.0990879418317576
0.138324088783678 -0.0255775962510996 -0.320844587643309 -0.0137381991506896
0.15192017018378 -0.00773364004931841 -0.357514369741347 0.00752385686667379
0.166297612550689 0.0209707054042239 -0.351985890291264 -0.0454408005755629
0.154513464658355 0.0770226101548553 -0.271766650190995 -0.150370462010815
0.109735435604667 0.160317820878503 -0.0839899924462477 -0.209096923591209
0.0219706265622285 0.244178268640077 0.0135612074633733 -0.0531726295467867
-0.11266874879903 0.239619881647253 -0.0597364138711469 0.0705335203265279
-0.160902679514716 0.162823898610423 -0.234652628252558 0.120634615524132
-0.119936039400075 0.254212664596863 -0.0341166353508429 0.230695493516574
-0.0161258101969483 0.239844250331014 -0.185093494158056 0.160654273948399
0.0672214284515698 0.172181300038196 -0.0584900522504035 0.293598435811338
0.0925208587666877 0.100940574102242 0.188130122550179 0.179452380617882
0.133711190546693 0.0816950880892349 0.195287140625092 -0.0862000737551483
0.172714852381104 0.0488883514952365 -0.0199954684768766 -0.190155334026095
0.209206992694422 0.0104596064992855 -0.175956854217203 -0.114773581475
0.254774118504982 -0.0238632859552957 -0.239357896022246 -0.0286648172313893
0.27307315857584 -0.0095388678099413 -0.266513150687605 0.0100285609366139
0.292567700159475 0.0354855243524277 -0.272535676192929 -0.0126395404721849
0.275207392321264 0.13519492594824 -0.226059443765785 -0.0891621485357591
0.182293709117006 0.267691167415424 -0.0996189301880888 -0.164215464546905
0.0336297870223874 0.344070863021141 -0.0188570982235442 -0.0704157687795371
-0.106397910283708 0.336244238450527 -0.0453887018101424 0.0010830088737464
-0.177377831062254 0.264666958558977 -0.168476431058466 0.0365582929005843
-0.144945996008178 0.341441386098303 0.00692215917312971 0.104895278911429
-0.0138056159423019 0.317104206958732 -0.223384740508313 0.10418216502547
0.063452297233457 0.225245686346871 -0.0753818296895754 0.295592800546353
0.0884137818757261 0.165231487104904 0.190009332525175 0.192643500864422
0.158806543985992 0.156166618819322 0.212337216525746 -0.0677833172791778
0.22783874146701 0.10529508048608 0.029468511091972 -0.170906367120407
0.283327668951377 0.0373598988549751 -0.0814143802726652 -0.113240685075699
0.33212601010352 -0.016601686767196 -0.121799392037752 -0.0427774181323188
0.3430786714604 -0.0122060648765185 -0.141543814294487 0.00352058822754551
0.361288855925421 0.0390740589891624 -0.160132290883368 0.00736812418000527
0.340824844148973 0.154019055779671 -0.145216811521373 -0.0312203437843695
0.220697708394629 0.302426063266458 -0.100968926668755 -0.10233098571017
0.0540522596784718 0.353772530325209 -0.0668396236179549 -0.0894194642953697
-0.0595318832541998 0.356987094059791 -0.0455399592482406 -0.0970306093521295
-0.14590483338463 0.319819915495637 -0.0941961073186121 -0.0736838361546477
-0.150577596298483 0.361942296801133 0.0683636419559879 -0.0278335733618303
-0.0291014249837718 0.323662852184365 -0.217828018218627 0.0386923005776705
0.0101602476497254 0.245451990150857 -0.0667228773347936 0.264288792869061
0.0492537088059807 0.239413051721965 0.17677701595989 0.190474252798664
0.167184893405027 0.237902277908658 0.221035797647051 -0.0218415279067262
0.261223251583443 0.154675350931229 0.0966314156911075 -0.118111728127719
0.323243390681116 0.0565260557497314 0.037020691096946 -0.0958410451107123
0.355148413797714 -0.00691523584025491 0.0131732299148962 -0.0503497774310542
0.35280672652504 -0.00536840702635721 -0.0080879228413939 -0.005236745934932
0.356789209492595 0.0506014591227552 -0.0431215100660558 0.0192913065685044
0.320352103920851 0.155644102335552 -0.061209264412989 0.0174587627379954
0.183297895242274 0.271346899553178 -0.0996074029391848 -0.0388307902493181
0.0470257120579109 0.266300034595845 -0.118506779243437 -0.111197995971258
0.00411023386043257 0.2955675924207 -0.0529449402511608 -0.194194220322759
-0.0824689532722402 0.322098456122001 -0.0279624913270814 -0.186765474317473
-0.125647975470891 0.31618370287919 0.144283483948142 -0.14015914141713
-0.0472194581900669 0.25488434968006 -0.146342130843994 -0.0292450016000151
-0.0618189919275219 0.215250971267294 -0.0452204238361968 0.185784398195656
-0.00254467173021692 0.278246651205226 0.128091169995528 0.182271911777672
0.152635662384539 0.277979939186997 0.218844177313255 0.0575096157027806
0.258754726356339 0.171717363659197 0.181254175786126 -0.0382936656221303
0.31286688030115 0.0599954724819861 0.166555136599083 -0.0659925366666107
0.326856484488169 0.00520249945524756 0.143358872434137 -0.0502668266328345
0.307294420339775 0.0132399894801751 0.113832093030775 -0.00764627952493783
0.286126265390501 0.0720552350549579 0.0504936974402215 0.037390119077934
0.22379102904691 0.147407618868571 -0.00988539549305189 0.0619855899234216
0.0846315017687219 0.193429260257938 -0.116900256802604 0.00468396334599878
0.019948746999249 0.123050134547575 -0.157426518850262 -0.147051498159784
0.0623030135163827 0.18638486594406 -0.0447874212154284 -0.265111557093817
-0.0123496487254397 0.281278692273472 0.0229810510847103 -0.279999795626949
-0.0693773614178524 0.221427291886192 0.214470599715384 -0.213138888308943
-0.0407331595049897 0.147144959089764 -0.0415126825960292 -0.0927954932891527
-0.0956840912373937 0.143372475480455 -0.0349840902784008 0.0919582730113243
-0.0313775377568765 0.243596974772849 0.0630017362164927 0.187775288653889
0.115648545667465 0.241448975517328 0.22105777334213 0.147158965510322
0.206225575162248 0.144315774551506 0.27150673252306 0.0398648513201096
0.250344919615746 0.0481288070324289 0.285384056063038 -0.0364514683559559
0.248102769086503 0.0156770626848845 0.251874706119418 -0.042622601732375
0.220091040027321 0.0329541785547693 0.205490819523314 0.0014004088082442
0.176146112505372 0.087925790997446 0.102581137797998 0.0674719900746638
0.0969026659433247 0.12190036178091 -0.0112685471567224 0.0986776523104989
-0.0134843450061235 0.092333929205201 -0.154610651700434 0.00890544179915549
0.00615833275937075 -0.0130283972789258 -0.160358668144342 -0.197506659531146
0.105505136592508 0.0835182701791592 -0.00702124019902015 -0.299173760597259
0.0418491601287698 0.213028597300519 0.0599147903508615 -0.340389002557212
0.00987165663160833 0.101870227718205 0.254126169231119 -0.243520920474249
0.00156751975249181 0.0293807386718876 0.0393336688388709 -0.137817665700795
-0.0701400283427932 0.0411071765566859 -0.0446812637094933 0.0321705034481283
-0.036099323714297 0.134771389194084 0.0203350187828711 0.210680522123602
0.0531856664907694 0.136406586494909 0.237093946256857 0.211266318658209
0.108189403054694 0.0815717709514998 0.347803370989331 0.0872292416858177
0.140889722435751 0.027608327499639 0.370477863784582 -0.016502261627721
0.132978394558439 0.0229338670165386 0.32198204324975 -0.0319141192967933
0.108583647126844 0.0436074956700998 0.257603039163436 0.0202354990339988
0.0590131138198081 0.0818535561642773 0.112572440396087 0.10233832692705
-0.0103715728376851 0.0765545594490416 -0.0517271238009654 0.115415799609673
-0.0654031346086829 0.00225065468202048 -0.187171117261717 -0.0297157441058589
0.00951147136715266 -0.0930216514914195 -0.118737635692014 -0.246572698601161
0.119422313596139 0.0086257142952892 0.0505235081252078 -0.294736159792428
0.0747989585253405 0.121856380117966 0.0828568704277012 -0.367715585212507
-0.0700811037476163 -0.00452663526628126 -0.0605931865537112 0.367745346566046
-0.0761173079509437 0.052877635457461 -0.093751826285468 0.248702449899597
-0.000807714739542947 0.0924224362270022 0.0487830324552598 0.289025799873876
0.0616026063491866 0.0423058140908184 0.228952623394049 0.0969761203503668
0.0668751976132281 -0.0137845887555977 0.136110272913528 -0.127181861385865
0.0377380239242141 -0.0395579721836658 -0.0936871763066089 -0.155723634839698
0.00407985121091109 -0.0315522629513778 -0.265669679483011 -0.0627896784435454
6.3287995203133E-05 -0.0225276432899146 -0.349597516626152 0.0102147739286069
0.003909669934882 -0.0159985771637324 -0.390060401633707 0.0106569556806792
0.0161290739006506 -0.0247904329714475 -0.376917987813244 -0.0677435375716965
0.0267746841439283 -0.026300194407644 -0.274056881241886 -0.187542743304362
0.0576697517571081 0.0035501245861575 -0.0672018163227663 -0.224146526776524
0.0515547386236033 0.101060402777228 0.0302150481595794 -0.0443358727759097
-0.0677864240735304 0.108786679855782 -0.0715529146581311 0.0943294664915304
-0.10028588857825 0.037196448833988 -0.269415777477051 0.170433318070201
-0.0880959771880004 0.126568453304221 -0.0495479885183782 0.322906266690596
-0.0384513658315686 0.136015273773267 -0.135842814791769 0.20777510438149
0.0352901219522565 0.11916496140022 -0.0136862846895451 0.290373956833731
0.0754131875651828 0.0628574135960849 0.203824845482834 0.149531509002782
0.101761128350325 0.0263844710841683 0.172581452874749 -0.105223876219077
0.108519752558036 -0.00294638336170192 -0.0616453712163159 -0.179949802138489
0.111096665306619 -0.0180665849193234 -0.239186559522315 -0.0913023223810711
0.136355754656182 -0.0292012452235898 -0.31865025825326 -0.0048793449306726
0.150449663141786 -0.0114391156176003 -0.35504417674866 0.0160094082756349
0.165039841607396 0.0155899720749233 -0.350402100408125 -0.0373335295137921
0.154107790941783 0.0737859258181491 -0.27153049044972 -0.144669759073409
0.112372167062358 0.157175620198573 -0.0874185498456615 -0.20701504951638
0.0266009189729442 0.242711799112522 0.0143166834167559 -0.0516531818659637
-0.108001520353069 0.239948620846557 -0.0590759465485464 0.0717886368503111
-0.158456862688661 0.165891776232334 -0.233380662232515 0.127107589524056
-0.113897822624137 0.253884901121682 -0.0296189975315434 0.233282567373599
-0.0112600256146832 0.237438175233427 -0.18337280131477 0.164936797534222
0.0700866192577987 0.168082172326041 -0.0531526711741174 0.294858223165422
0.0933695308459731 0.0965091096151616 0.192870594686758 0.178203414393941
0.13315421565863 0.0760083789178902 0.195885513683326 -0.0899969788559698
0.171075303555523 0.0441159003531732 -0.0232649982921612 -0.187439697051468
0.206933016789466 0.00501310766595452 -0.177161032460809 -0.109284607592631
0.250913657169226 -0.0301909822395317 -0.238279952724156 -0.0224433717637642
0.270135238213051 -0.0174372819707971 -0.263768753114838 0.0163929283821387
0.290177044150529 0.0273623391182643 -0.271179296832861 -0.00592706190537922
0.27479775724015 0.128095532029664 -0.226040171726402 -0.0848815624593454
0.18711430746412 0.261789165507089 -0.10223474719889 -0.162474305247478
0.0398858211405507 0.340436723696921 -0.0191381564037855 -0.0671997837383053
-0.0995761072786545 0.33503690796644 -0.0459387505988018 0.0031609908795503
-0.173350284676052 0.267087408778692 -0.168912365327168 0.0434680429556545
-0.136188791960702 0.341280376903768 0.00839926785520432 0.107486366109814
-0.00571785262420881 0.313770196233514 -0.223322668713675 0.110260320704424
0.0670689172063154 0.220959192762508 -0.0692061154970988 0.297188921552729
0.0904924698004741 0.160227581863703 0.194632542392283 0.190000707039278
0.15945575963642 0.15002996979788 0.211730042651151 -0.0723825871683305
0.226387486509693 0.0983302377775568 0.0247926632907697 -0.169810115400812
0.281032568294302 0.0298679749796406 -0.0832707465765893 -0.10990238119452
0.32593179576461 -0.025728564315893 -0.12262652961637 -0.0401579916016453
0.340318670002273 -0.0210998797159398 -0.140104799639139 0.00660343599836733
0.358715773252344 0.0273319938777148 -0.159218622480021 0.011886814563396
0.340406303449423 0.145180916351359 -0.145353222921514 -0.0294505719574022
0.225719607225908 0.295391440259149 -0.102263858885141 -0.10048858766458
0.0588958492061274 0.349447682873708 -0.067329732893834 -0.0848148998506872
-0.0516181433823707 0.355342976242933 -0.0485777417176079 -0.0933823157942189
-0.141588663147272 0.321221959568058 -0.0952291400571238 -0.0682591127533948
-0.14209646956119 0.363102636839585 0.0677655666358789 -0.0280021027076653
-0.0215817831614618 0.320087128010061 -0.216991937657847 0.0461048983958939
0.0144967864236664 0.241317275656412 -0.0600765399716098 0.266562823739971
0.0528937870223168 0.235024983660033 0.181021748493475 0.187196533159567
0.169253828742307 0.23113726419762 0.219593594926358 -0.027611450326374
0.261553571943682 0.14756978478809 0.0917352781179719 -0.118253889796258
0.320055931576041 0.0475039881587614 0.0332856016499674 -0.0942830756349155
0.350350719472304 -0.0161808998806041 0.0102298800153366 -0.051665014612299
0.349366208692475 -0.0147039036028562 -0.00733201911017801 -0.00553492588978304
0.354401426472161 0.0398719420492769 -0.0428259987162803 0.0217134996532276
0.321246492781502 0.146756164274692 -0.0610042889640099 0.0173431535246106
0.186584430225179 0.264995160038094 -0.100092319252963 -0.0374795000723301
0.0504003214800147 0.262609504377734 -0.120559903745387 -0.105737638556927
0.00943696175547576 0.291535951688217 -0.0575058099548116 -0.189301998709996
-0.0776907931361862 0.322072766970607 -0.0304170399345001 -0.183212800511305
-0.118254651108255 0.316021985792722 0.140867834185009 -0.14143586686121
-0.0410524804401913 0.252777798325795 -0.146389951388888 -0.0234225326786137
-0.0576123713149228 0.213236731618246 -0.0404032559565857 0.186649918744083
0.00336912516786656 0.275462836601464 0.13160266016694 0.179485805528602
0.157634169613051 0.273467815796716 0.217549385280966 0.0518938279267552
0.259851163162638 0.165745054727133 0.176454609478336 -0.041271170001909
0.31086690384985 0.0518712260166737 0.161786874090216 -0.0690207005465768
0.322699580003128 -0.00398440019477286 0.140225293722691 -0.055111066211851
0.304424539835266 0.00495509378274703 0.112774834345368 -0.0109082805849226
0.284995927469471 0.0632518825780487 0.050057135671913 0.0372496724618724
0.224015972303306 0.140408352553001 -0.010123703890527 0.0607108488151265
0.0872509229191361 0.190066225105087 -0.116988305429876 0.00700052425637917
0.0197156334989348 0.120294065022127 -0.160126555842022 -0.140594872708248
0.0654289534832811 0.181071979310348 -0.0500990375432264 -0.260821822385373
-0.00754993520960857 0.280011595196396 0.0195502855880688 -0.278087728033144
-0.0656716913381443 0.221460133717675 0.209583779625611 -0.217090223750446
-0.0375921190856958 0.145664536489193 -0.0428779430102181 -0.0905708210215347
-0.0937661150525665 0.143635787263555 -0.0325889325330915 0.0922385116824329
-0.025655087314365 0.242077213659237 0.0652297180023059 0.186250754274927
0.120445515009961 0.238272508321955 0.220636326198592 0.14161058397034
0.207056348740247 0.139037627922214 0.268084318024834 0.0333947513574232
0.24847608248046 0.0405451536195278 0.280404435983555 -0.0421817767524456
0.245625552234566 0.00884439313608161 0.24764344940372 -0.0501804206222636
0.218220280293862 0.0270191857682591 0.203770619644428 -0.00518100536402574
0.176162152496887 0.0824472834550999 0.102912390317757 0.0657009924799906
0.097235425287697 0.117355328805453 -0.0104482615161076 0.0975229596100091
-0.0128409587541692 0.0905454233110267 -0.15475814258651 0.0117812185191522
0.003439911800986 -0.0150278231308102 -0.164444518117668 -0.193324657633589
0.10758377990788 0.0781644067473433 -0.0122089446602548 -0.295703953850574
0.0466149041296302 0.210833403559655 0.0548578460802494 -0.340772561983108
0.0114112728631906 0.101693383782473 0.249216071904298 -0.248382168410721
0.00160536538013804 0.0286649495172172 0.0380692909319635 -0.139071079568434
-0.0705469363994856 0.041318055306381 -0.0441838014290627 0.0324144527852567
-0.0325525299138897 0.13454947417874 0.0227927949263329 0.210560508189171
0.0566602158321592 0.135382923648568 0.237624693648523 0.205922735110199
0.109799165162416 0.0792034358816042 0.34436052614142 0.0796713252629693
0.139114520355588 0.023466218070886 0.364691044256166 -0.0246860353630964
0.131817636450977 0.0194284200321613 0.317598276593887 -0.041380386352321
0.108302823527599 0.040330311377316 0.256423542123061 0.0125583580850316
0.0600984544071424 0.0800324004385413 0.113586405074686 0.0998589743080078
-0.0098491831338191 0.0748797706433548 -0.0512290684113803 0.116260326255097
-0.0657845515710589 0.00248994250278882 -0.188008376265931 -0.0268547069251873
0.00684094085964343 -0.094693572478778 -0.122847393645848 -0.243877509065331
0.120046145209566 0.00487317676299501 0.0471591345838088 -0.293310455420619
0.0772701317476889 0.119105188139386 0.076770290779676 -0.369265729515175
-0.0706127138211195 -0.00206297314776481 -0.0407011788253524 0.373201995264975
-0.073462201445161 0.0569756724282565 -0.0845224769661019 0.255357814904065
0.00388661544767901 0.0928702931368565 0.0626611061705192 0.287659496980898
0.064211626265226 0.0394354884785472 0.235593446248259 0.0859429622665093
0.0660112094608381 -0.018569446259889 0.133414688608615 -0.136369347453654
0.0348255460785813 -0.0426909652647156 -0.0987890893357705 -0.150051586380115
0.00293202268816975 -0.031442364891992 -0.266082329502433 -0.0462751907372137
-0.0014074407015201 -0.0219022837411012 -0.346687467702464 0.0323961483078061
0.00234705132099107 -0.01618679458979 -0.38853057836138 0.0330481330987158
0.0140300215170966 -0.0264126759056547 -0.379825685689221 -0.0467400541916775
0.0243936429989209 -0.0277309814052256 -0.281839689893154 -0.173484381657375
0.0576763966690333 -0.000131917003202035 -0.0781533963329433 -0.220292284070671
0.0579672725572896 0.0978151267027729 0.0302132110649254 -0.0455181692591075
-0.0630618409650651 0.112805918697853 -0.0669459194761103 0.0980621377522934
-0.0987427002619681 0.04270466521137 -0.261973363745441 0.187575157218376
-0.0810737762437449 0.129907233091692 -0.0315839053176927 0.328526204283887
-0.0316455264562797 0.136948893012571 -0.127064434760031 0.216931431316701
0.0416471910560961 0.116407608476386 0.000272508478832219 0.292213073253719
0.0786042579654198 0.0576760345673734 0.213593958896368 0.140924480282931
0.102416314541107 0.0184574214857453 0.171269178796592 -0.115795800575742
0.106988224494302 -0.00978796665589484 -0.0690647787164753 -0.175869992339167
0.109203951553012 -0.0243615004593018 -0.241780291431806 -0.0761365469967899
0.133659530474394 -0.0371590727062107 -0.317857267877419 0.0149108792662355
0.148727660145709 -0.0212318397083643 -0.351159755308903 0.0371766013228792
0.164222739841732 0.00530086019594941 -0.351967128491673 -0.0164084681288745
0.156922636840411 0.0648769806910368 -0.277919213119148 -0.131186874431775
0.120788297804299 0.150152809466182 -0.0979720022323984 -0.203083691175508
0.0398029812804228 0.240475774622733 0.0145552969071497 -0.0506121845259284
-0.0953620560541785 0.245870323604343 -0.0551453740718477 0.0762859286374146
-0.150824246568211 0.174759943754596 -0.228238392963188 0.14267262269728
-0.0995590830041864 0.258490051806265 -0.0171144109198771 0.237278648577122
0.00140077994653673 0.236342678476582 -0.17641403123304 0.177083164570867
0.0789796610799672 0.162354793487012 -0.0390453451022821 0.298840058813778
0.0980916800617102 0.089442604405615 0.203749655996935 0.169997598168324
0.135383385353598 0.0661448788152004 0.194436696594932 -0.102480473610446
0.17147948919072 0.0334703275267393 -0.0322877369695916 -0.185132385020242
0.206283484367235 -0.00726757071982997 -0.180781811533742 -0.096754067660847
0.247340920174286 -0.0453244852043183 -0.239017045302975 -0.00815431285386891
0.268430174912296 -0.0340356632657494 -0.261542006580688 0.0322889126952988
0.290337950161036 0.0097480291307219 -0.271438526788949 0.010364154199681
0.280315320803167 0.112392468688262 -0.229866268352126 -0.07429672665127
0.200508764675145 0.250385472584728 -0.110217746173552 -0.157294484578606
0.0577125456783241 0.338110710570526 -0.0213014345826965 -0.0640681893748009
-0.082095271494302 0.339596651318246 -0.0460042627112813 0.00775074476343271
-0.160050548934735 0.277331205341534 -0.167005367591554 0.0557186755884561
-0.117613415896532 0.347811207561585 0.0152821582043183 0.109563643241124
0.0109510924141298 0.311507534329992 -0.21863197104469 0.125138114033773
0.0793639819779161 0.21511435244799 -0.0535522027182182 0.301765213803973
0.0978819924719598 0.152557524636724 0.206626772679151 0.182155206556376
0.165400133302191 0.139283870917898 0.210870008099672 -0.0849302086809974
0.228927704142494 0.0856590414002672 0.0153009761696536 -0.16958182617903
0.280395090661366 0.0131539062670695 -0.0889689287170671 -0.103759741860468
0.322087948208667 -0.0447982540532745 -0.125320189247636 -0.0335350959336282
0.336311026208497 -0.0421252246500604 -0.139006268031718 0.014910740438944
0.358382321625285 0.00745083540651734 -0.158779737168333 0.0224015271236087
0.347072868121978 0.125328862110997 -0.146017301275611 -0.0227448335679222
0.239824800296098 0.28189466769097 -0.10767938264868 -0.095581736652346
0.0770066509386627 0.345165814260716 -0.0713531336514958 -0.0784698995083444
-0.0332670007050333 0.354748125325292 -0.0537957730576882 -0.0880002761895911
-0.125752677837574 0.329624157114752 -0.0987734897669738 -0.0606743080483015
-0.122838171525121 0.370173748958085 0.0669017986529124 -0.0295690176257746
-0.00286235180395352 0.319968758845926 -0.215628885646415 0.061179270536453
0.0268091059334469 0.238372025877065 -0.0456119673748691 0.27062604572987
0.0653598492890486 0.229550660233763 0.192611342090848 0.178037577494068
0.180980091458597 0.220831656788915 0.21811953319881 -0.0407262324505243
0.268096887681399 0.132840386157125 0.0833546148274257 -0.122055007422456
0.31963460290001 0.0283976578122067 0.0273457207252786 -0.0952349728459907
0.346984991327857 -0.0360473788739422 0.00589036312779615 -0.0531732186407699
0.346792257882292 -0.0360688512971413 -0.00735464078438227 -0.00496874159755952
0.354387358008607 0.0179190000503997 -0.0423521394818534 0.0256878663343665
0.326520998695061 0.127326999469955 -0.0609992877959398 0.0192263461697653
0.2006992335098 0.253869279915157 -0.102184671530884 -0.0328504798751409
0.0617713882865462 0.258768715617578 -0.126156861358144 -0.0960653106400072
0.024798185954804 0.288710383425747 -0.0676575757440075 -0.183052953676199
-0.0614628553362086 0.326781098079159 -0.0394064972932375 -0.180166316880527
-0.100810587458533 0.322430424602232 0.134060085208542 -0.149077910225918
-0.0263005303088474 0.253231573877259 -0.148112604679071 -0.0128022627410796
-0.0473315153714198 0.214762158403254 -0.0291864414196408 0.188441089228637
0.0176493703427529 0.273554404359304 0.141515510876523 0.173211450760183
0.172847155067828 0.264900539407365 0.219470024536785 0.0406606434878772
0.267400521187441 0.15216554613326 0.171924295470428 -0.0507003607744956
0.310448632845946 0.0327702980102258 0.15561221803883 -0.0772979408143118
0.319859869216649 -0.0229996795392573 0.134847765881575 -0.0646277068862032
0.302910614291114 -0.0134287242555874 0.111523182371599 -0.018910990984571
0.286821346082818 0.0449233346190617 0.0519634569655223 0.0358069381005251
0.230449068666409 0.126368790641144 -0.00831136799744799 0.0601180384730859
0.0953380966407699 0.183923184971337 -0.11704860413904 0.0129549977610158
0.0235680879795483 0.117618465976436 -0.168617063285408 -0.129916192407986
0.0759440215198382 0.175398910570073 -0.0636711184338145 -0.255666056564568
0.0062635750485971 0.280720243492344 0.00619401561303464 -0.279529728790109
-0.0528433810086585 0.225803114504087 0.199146069609835 -0.229291131674039
-0.0298896328966665 0.146585311210273 -0.0476746769949953 -0.0872370616528937
-0.0870584378934156 0.147447599472069 -0.0272179814263656 0.0937425659238932
-0.0127052754567139 0.242242123555249 0.0741840036197859 0.183500295168082
0.13429878493845 0.231686007242554 0.225529968073526 0.130940402727977
0.215011364030655 0.127647134820445 0.266908986490675 0.0192061696487354
0.24764455699816 0.025740989701319 0.275420973056578 -0.0572167434997605
0.243545171269697 -0.00621608302660584 0.242161861310181 -0.0659324230443834
0.21919387596698 0.0139573875662443 0.202831588139729 -0.0177985627505698
0.180264776111545 0.0711987596186803 0.106283225300849 0.0601771899754506
0.102277762505089 0.111129231335114 -0.00727487723418021 0.0982674489897711
-0.00916511752173138 0.0903406357282109 -0.154897054885838 0.0199237767492131
0.0002666833984182 -0.0174694846518605 -0.176237086102079 -0.183554217852126
0.112949263563481 0.0702283434617351 -0.0262719626243525 -0.294438815776992
0.0578948243914927 0.208038924587248 0.0368894814197138 -0.34560817618553
0.0167422424005761 0.102115772700232 0.236443476580291 -0.264101871666112
0.00376915219403496 0.0282460947729859 0.0315544438106111 -0.142123573655123
-0.0689977983152475 0.0451621328179372 -0.0431010981821792 0.0339719376629815
-0.0243796428077866 0.135701704011568 0.0327937302173241 0.209837494697175
0.0654394809943188 0.132694398323452 0.246208360636631 0.193725444362083
0.114464388545929 0.0727672630356217 0.345607950876808 0.0604457205677647
0.139079243381821 0.0148775669081937 0.360150230156566 -0.0461615539532708
0.131419269610668 0.0120672243130197 0.313172008288689 -0.0602279611683351
0.109948042458221 0.0342459377085366 0.254325117271245 -0.00431474688730234
0.0640736648517293 0.0760736534549233 0.118214154589192 0.09342964789742
-0.00590268684357006 0.0750003619679958 -0.0467645166672842 0.119490223963342
-0.0670687143159179 0.00447754379677217 -0.190515481846905 -0.0171581686154217
0.000937853962482762 -0.0965038495785907 -0.136793896572742 -0.238328427490164
0.121961789893876 -0.00306336563489529 0.0342549607503678 -0.295860650408025
0.0841157125826869 0.114585545737631 0.0572460419424879 -0.375721314265604
-0.0694258241419918 0.00259609140239909 -0.0101690452708794 0.368418615956394
-0.0678402412787898 0.0608268431065764 -0.0661706616238153 0.257182129510178
0.011302520566759 0.0901085901993885 0.0819621690842533 0.277662517488221
0.0654406516919458 0.0333070449894817 0.237217492900947 0.0680957937456584
0.0626863824382697 -0.0242122380076123 0.121419577602603 -0.144877565928813
0.0306317071097002 -0.0453279301169816 -0.104151521300937 -0.138202392620829
0.00171020998338751 -0.0306537567895224 -0.258216203857466 -0.0229767103633379
-0.00265822364330968 -0.0209642058284301 -0.333589739104591 0.0601505278843127
0.000572596379142261 -0.015796012261034 -0.37418981452796 0.0646866152518691
0.0102600129406386 -0.0272751324407875 -0.371551891045103 -0.0155919225719642
0.021528652916559 -0.0287634500228812 -0.285735996915428 -0.148031760460384
0.0558972780425579 -0.00524495560828466 -0.0915587781752468 -0.210306087441883
0.0637720135239928 0.089947103964091 0.0295741483425207 -0.0468180512644175
-0.0528810561837177 0.115243048734228 -0.0579162221123669 0.100711287327994
-0.0935562944906679 0.0497559239619281 -0.242328216490945 0.205421855794562
-0.0692318323953264 0.130659504584659 -0.00570149360400368 0.324129701271952
-0.0208138724843669 0.13395941569637 -0.110309713573437 0.222403981787054
0.0493110794477963 0.10909475995032 0.0204990520896462 0.286391052239311
0.0800097585694526 0.0495038029613378 0.219804984290538 0.123799237290356
0.0995453769099826 0.00924461490372247 0.16093141357985 -0.127932636535107
0.102190635823959 -0.01869909801248 -0.0773942514155934 -0.165598376237426
0.10396564575818 -0.0324282984347885 -0.237698968583466 -0.0536094006251144
0.126087727427549 -0.0459734682383754 -0.306284234824919 0.0412825450535807
0.141501008390533 -0.0331564489049626 -0.337956844450701 0.0646659978092961
0.158802120453332 -0.0083661472594185 -0.342870851755923 0.012342952771614
0.157182597432812 0.0507848537400261 -0.278837882674495 -0.107104539336673
0.128842181242331 0.135811480596483 -0.109992417065251 -0.191139790906313
0.0567229347275787 0.230492177918797 0.0136503421501725 -0.0494518706290019
-0.0754042048781094 0.246583833313638 -0.0473133057313849 0.0791139282381061
-0.134041306697459 0.182179670176325 -0.211141516744588 0.159773044183765
-0.0779404725285012 0.257758303268512 0.00295634055475776 0.235236294615835
0.0192680885611579 0.228451391321063 -0.160607591897181 0.186794879047848
0.0884869628287972 0.150326379644688 -0.0162960111937386 0.294475402000436
0.100890287696327 0.0774623534765042 0.212963897131132 0.153210756650183
0.133994240200997 0.0522109508045467 0.184256349258295 -0.116252857655679
0.166813211175978 0.018977308721892 -0.0438635030558949 -0.176798798261847
0.197754758636228 -0.0229398177634624 -0.180941806695212 -0.0788079585830647
0.235162195973856 -0.0636592763251937 -0.232808858490873 0.0118655962736971
0.255916128308715 -0.0547437702644062 -0.249866839540014 0.0525335059248314
0.279872024283761 -0.0147326425850358 -0.262237632850384 0.0325643787505786
0.280533537521026 0.0866477070181862 -0.22937941680658 -0.0560005435516358
0.213439599798263 0.227365139426913 -0.118566454054179 -0.14635196396275
0.0810622195060969 0.323880157444071 -0.0220908243474524 -0.0589581987070448
-0.0553427824350833 0.335697900939239 -0.0439055043956038 0.0120636306259644
-0.136319380610164 0.283074266139737 -0.157041552785075 0.0692515643679706
-0.0886713898010405 0.345906589449256 0.0243096867461001 0.10769427581827
0.0348823383394941 0.30070753717833 -0.204807249705294 0.140894261890783
0.0928181028978138 0.201054750742857 -0.0303866373423494 0.299080949393557
0.105510319438393 0.137688918881886 0.217090294785727 0.162753256706809
0.1688367736098 0.120667510177613 0.200742297073831 -0.10047670064375
0.22707217685865 0.065402612991544 0.00193240561648119 -0.165670011669439
0.271693486453689 -0.00890029912223265 -0.0936854790099615 -0.0923556548779228
0.306315308869785 -0.0692935790419019 -0.125169640097779 -0.0220457789422514
0.321424910417069 -0.0691339579163449 -0.132750554187247 0.025641864453129
0.345838521593283 -0.0237737313932497 -0.152415486299104 0.0362044921391928
0.344614574082452 0.0938539146679156 -0.14482920650609 -0.0122873141001316
0.25487540498492 0.254331575343466 -0.111946198969684 -0.0858554311821793
0.0993938316625739 0.330003304716825 -0.073328505325988 -0.0680610802629951
-0.00598026543494198 0.348150657265152 -0.0580592618080533 -0.0794903946302671
-0.0980113892738979 0.330503017983295 -0.0993582595748313 -0.0494209600048631
-0.0907562931033248 0.36905508896615 0.064387626662571 -0.0333636761029959
0.0213340529180138 0.309913050573629 -0.20596928945661 0.0776984388516089
0.0434952568085199 0.228073453790842 -0.023917627087611 0.267687901898544
0.0791024776640478 0.21526504648302 0.202417861579198 0.160046554578199
0.191296964158017 0.199383417929718 0.210205882446209 -0.0570343940911227
0.26878813867897 0.109934838231458 0.0707197114053961 -0.124967728632988
0.309951200058705 0.00203287440905411 0.0188090235545412 -0.0935066179539471
0.331810541837533 -0.0648361960972446 0.000647795485430972 -0.0524778158985553
0.33239009927156 -0.0635143178186687 -0.00714740983786392 -0.00509081597632875
0.343686032480764 -0.0125853038935446 -0.0391593772310739 0.0296930266546581
0.325485193979406 0.0964383217102388 -0.0587746857968307 0.0220576170926311
0.212675067877073 0.230430618991888 -0.102000419484976 -0.0242547368509722
0.0774935699851017 0.246617951133943 -0.128890023913984 -0.0811059185950398
0.0460372704154031 0.276255014353973 -0.0784989293557181 -0.170193604363233
-0.0357284045061659 0.32275418348455 -0.0506904702128001 -0.171663389210047
-0.0739838391125646 0.321439741037574 0.119815272946103 -0.154403875091124
-0.00623054307723157 0.247536429926106 -0.146037677699658 0.000137835217263191
-0.0308953978872006 0.211391223570882 -0.0135017268938179 0.186236210848741
0.0370553652526376 0.262607663972994 0.151577370065332 0.158462776800605
0.188122453049062 0.242125674198835 0.216375427305383 0.0220157548916773
0.271140137209218 0.127858523712729 0.161269518543121 -0.0610928921142785
0.301300223661758 0.0076200652625385 0.143088477010539 -0.0859407759841931
0.306592164990826 -0.0481802953408728 0.123514357426398 -0.0739653698190691
0.291978904671973 -0.03808420694855 0.107146366254286 -0.0282300404031347
0.280451367137753 0.0196788162904319 0.0532546206447558 0.0320305323069499
0.231352993593498 0.104028607012857 -0.00466548128920413 0.0590070334566572
0.105294125313068 0.170999218297548 -0.112879018572317 0.0213656326584701
0.0292532555066453 0.111704266906224 -0.173972638440437 -0.111100313414612
0.0870030786289771 0.161878222115653 -0.0794801910509605 -0.241937233948384
0.0278798366179171 0.272596339389308 -0.0154822967003896 -0.272884101175295
-0.0341382172938369 0.224368952329884 0.176243225508472 -0.238411405718899
-0.0167932475952264 0.144452623966379 -0.0532785517380068 -0.0809309001451091
-0.0752293920841488 0.149610763222777 -0.0196410136634928 0.0924392298408424
0.00604262028161217 0.235702052881617 0.0856549157083779 0.173261678930217
0.149470145653994 0.214607875203654 0.228671231414996 0.112182402475269
0.219076118978094 0.108300334209393 0.258158346984385 -0.000963884259929826
0.240449607172975 0.00495656901515236 0.26037745692082 -0.0764037221402421
0.23531028066083 -0.0259506118906552 0.228365324640017 -0.0845790030408574
0.212988545512824 -0.0045458152134399 0.194309856672273 -0.03520625764398
0.179028869685729 0.0540689576692414 0.107208382290562 0.0512398586273146
0.106412369780268 0.0984413947884906 -0.00132647434762685 0.0972075507759681
-0.00416145849143959 0.0868126803625343 -0.149633349988388 0.0317884107412861
-0.00301417365213507 -0.0188890184301325 -0.186093423612214 -0.164463853851465
0.115734176274471 0.0574547852681781 -0.0450375946486389 -0.283885110083773
0.072195592914016 0.19814321251118 0.00998739153720197 -0.340938552809976
0.0242061832426813 0.0988754543484273 0.209947946501652 -0.275197360396468
0.00640037118631391 0.0266607761566487 0.0197984022675617 -0.142324340234724
-0.065158650988098 0.0488187724066865 -0.0403135164508036 0.0356000972509816
-0.0139571758216046 0.133071754232999 0.0467023025998342 0.203487583883945
0.0748751361254847 0.124080670728999 0.253442043007375 0.171334570688087
0.117151492760773 0.0626653575350845 0.338146735639091 0.0322851026699774
0.13447348301192 0.00258906488316585 0.344337272908359 -0.0727432678245154
0.127895702088828 0.000698916234076974 0.297130727552379 -0.084507209127746
0.109092270245952 0.0244954004358368 0.2453629466407 -0.0261417489173622
0.0676779143131644 0.0688462907467885 0.121345324147778 0.0818011873690868
-0.00178554710960501 0.07261314975516 -0.0387529357803106 0.120251781863172
-0.0666425241571238 0.00823935189727251 -0.188347835035943 -0.00280398578853841
-0.00720105398471422 -0.0953086700300877 -0.15209751594002 -0.222282486561341
0.11953157081727 -0.0139215450156779 0.01409305606062 -0.290536443709866
0.0908679184374985 0.104632472201638 0.027222488225227 -0.372706526789969
-0.065316529178196 0.00598809310780385 0.0153938619641281 0.347680317844361
-0.0604998175527965 0.0610799714577932 -0.0477757099874257 0.247534440559529
0.0159159674003625 0.0839394881845856 0.0938626221811559 0.257802200597676
0.0637140325168363 0.0271372880253093 0.228331164772169 0.0507109552440614
0.0566787821959354 -0.0271064748328791 0.106584514759202 -0.146017484382275
0.0248782625500097 -0.0449584968871854 -0.10385166960103 -0.123762815009092
-8.92294872742658E-05 -0.0289296590369074 -0.240511959149526 -0.00372853837458643
-0.00321635749846415 -0.0192536274513577 -0.306219804029014 0.0811873946469591
-0.000894515917253919 -0.0150048272947613 -0.344054800770788 0.0865630472242791
0.00690097007268368 -0.0259993873946386 -0.347210451321706 0.010590924372392
0.0180076404157035 -0.028857152169043 -0.276807163023327 -0.121426869234209
0.0514555552778169 -0.00937251642522751 -0.098199040531513 -0.191401377080303
0.0664277409251782 0.0799112767923261 0.0273589923471678 -0.0462655616343493
-0.0429763408000736 0.112774587468133 -0.0481871556058877 0.0986067047986484
-0.0849896138195077 0.0526548960281567 -0.214606874675706 0.21104743877206
-0.0575697854833595 0.125742602727143 0.0175348379317502 0.307169888930873
-0.0118763091637191 0.126993816475706 -0.0911623361131274 0.217339749342573
0.0527061058280425 0.0976456740410776 0.0359743703558967 0.269888306287681
0.0775032360207956 0.0401904110714165 0.216368276793118 0.104566933388159
0.0917063360305824 0.00117034976337538 0.144979251826192 -0.131676367061826
0.092664467508543 -0.0250514028316167 -0.0810018690230084 -0.150139856508136
0.0944807196476908 -0.037310312993951 -0.223891706602951 -0.0337202626002126
0.11397050782276 -0.0512086596028874 -0.282514040107885 0.0609007208864535
0.130097252291572 -0.041024208805956 -0.309602863533908 0.0841012529063319
0.146541531936544 -0.0191553066142118 -0.317886583957466 0.0358143512657728
0.150082020763627 0.0368857101480541 -0.269128091924722 -0.0839280445722732
0.12910041021953 0.11829821191662 -0.114485804519111 -0.173184387608358
0.0687188163400383 0.212084614946855 0.01293500136352 -0.0473476169869015
-0.0551970444361176 0.236446379693934 -0.03926329168772 0.0776007101066599
-0.115534917376102 0.180140965992362 -0.187391279644708 0.165743097697164
-0.0572211804763119 0.245532846547284 0.0197510684106971 0.222118433053638
0.0326677537178461 0.211494742551366 -0.140590532899537 0.187205680339483
0.0923539987490197 0.133438486115885 0.00159623325805869 0.280440482712228
0.0977872276683721 0.0642583489220176 0.212219205380402 0.132498791998307
0.126648195757778 0.0392031617956364 0.167218470888016 -0.122397001026129
0.155464197847006 0.00636894404999351 -0.0517159326632191 -0.162713188826899
0.182581272295937 -0.0348928354859422 -0.17382841419967 -0.0610002659631675
0.213964364112194 -0.0752422542013567 -0.216640125551312 0.0281526920128975
0.234539219286021 -0.069291389103105 -0.228873435380252 0.0660581553107392
0.259413783337 -0.0332672845987494 -0.242555359076336 0.0494605419415957
0.266940474650618 0.0623169150631381 -0.218618039951008 -0.0382540368100916
0.214116027958633 0.198304697248545 -0.120791093344786 -0.13106564288538
0.0968870826497952 0.299284473033139 -0.0217365308943719 -0.0531266113914434
-0.0310977431411718 0.317947502116195 -0.0393424626094606 0.0154290792244063
-0.110114865880776 0.274817426600942 -0.141863313487149 0.0773756074567117
-0.0610462818327421 0.329621207491716 0.0314414805823118 0.100461129429102
0.0529354057939211 0.27898110504566 -0.184593910126048 0.147402491254032
0.099784611429412 0.180523530910789 -0.0103173301455921 0.284543022761632
0.105802726993719 0.120009703262238 0.216453310207488 0.140374418925181
0.163874290388828 0.100660723971207 0.182943386478235 -0.109075790015595
0.214893313459328 0.0467214139510038 -0.00863417332921934 -0.155162833397149
0.251101773491704 -0.0264278404988658 -0.0927446331721366 -0.0795778240940589
0.280825177132514 -0.0862181300548206 -0.11919507732444 -0.0112496194520536
0.294376641350799 -0.086599512244545 -0.121674887698388 0.0327080954925257
0.319528168116599 -0.0463283376702481 -0.139441419841775 0.0456594774879067
0.328044256519646 0.0639558333419677 -0.137552719488961 -0.00268724697572421
0.253963594574754 0.220859851483599 -0.109632316431945 -0.074400782495626
0.113140102716828 0.30250916632878 -0.0700191767060767 -0.0573874403094236
0.0164672328572976 0.324815976913853 -0.0584479445981874 -0.0694440911484029
-0.0712978247838207 0.317971343338644 -0.0947919554994292 -0.0387995592650523
-0.0606796001507979 0.351647785634527 0.0591619496454139 -0.0338725855641224
0.0415113617770349 0.288039521556384 -0.189645075750128 0.0886993162711186
0.0550225936268673 0.208911096348175 -0.00549698633773902 0.25393592092603
0.0861565746376268 0.194166926859443 0.202759024984966 0.137737157116191
0.190587213850732 0.173041195661674 0.193898452923646 -0.0686770988910335
0.257208572567442 0.0850281703989821 0.0570694352944597 -0.120833189314068
0.288252320716459 -0.0186710381350585 0.0112351637022736 -0.0878610458383939
0.304037609852619 -0.0831701175082305 -0.00540886457576772 -0.0493537456779096
0.304889592199296 -0.0823043866406049 -0.00706773334763368 -0.00533965679130434
0.31786630973019 -0.0361685255987971 -0.0335463002512874 0.0324060472872746
0.309855560518418 0.0681377246264826 -0.0549306842041839 0.0241566175610268
0.212988342368044 0.201805245863432 -0.0968828120397295 -0.0162180379376878
0.0863461908765684 0.225515976909242 -0.124147932762968 -0.0653646993995419
0.0599844011682987 0.254503402208642 -0.0828814012142572 -0.153293659320578
-0.0131421757989769 0.306049525664223 -0.057357714902371 -0.157760635653921
-0.0483060980732091 0.307381606656098 0.102976660232397 -0.152877493383373
0.011627374746648 0.231228721454374 -0.137774945730001 0.0112500532087943
-0.0159569960977531 0.199138286377528 -0.00134556583879781 0.175169853352094
0.050018421106229 0.241951006247873 0.152842814831498 0.138335873153063
0.191442848877154 0.21465557370275 0.204115037036071 0.00684930439679861
0.262390178139006 0.10263225227382 0.144889395080817 -0.0672796038190814
0.280117234950519 -0.0134669107582866 0.127813577677524 -0.0890567369327873
0.282078345697241 -0.0666846120776447 0.108741229044026 -0.0785373987034324
0.269516895910289 -0.0557596090343794 0.097414980163966 -0.0350267648369586
0.261618846043496 -0.00107404738089742 0.0523217642279454 0.0279216262810256
0.222400079293721 0.0810338837647659 -0.00206370956950225 0.0552902924922611
0.107743934234453 0.152283807236389 -0.104377868766063 0.0273266834456904
0.0323622316169146 0.10170342709827 -0.169536760134957 -0.0915331146883243
0.0921332740907886 0.1434515943571 -0.0877447667600577 -0.221442205570413
0.0433290226624154 0.254073438739562 -0.0314525551386477 -0.256202795032904
-0.017346459977713 0.212804199734328 0.150768770757082 -0.235883810451153
-0.00536978386091419 0.135003206830652 -0.0557843011186696 -0.0727088177341654
-0.0614654556035495 0.145199043133834 -0.0135294380562761 0.0872948523315346
0.019546424342576 0.219644057888762 0.0905665758335426 0.158433624555115
0.155148689237674 0.190988385877885 0.220758471840161 0.0910762718421395
0.212998759553314 0.087064262121254 0.239339497029425 -0.0167021304315406
0.223280326952735 -0.0112039859763936 0.236870732143765 -0.0883941067532916
0.216473466710948 -0.0401463181396219 0.205738545297704 -0.0957894083933025
0.198283535654678 -0.0189569887882775 0.178858902383654 -0.0484122042208607
0.169788760355427 0.0380965445450223 0.103498754830551 0.0415582305157965
0.10436128285803 0.0840753597823056 0.00313992368972031 0.091441240935151
-0.000366898864562084 0.0809064351416138 -0.139811310815778 0.0390471841690067
-0.00570299506138717 -0.0181917839591813 -0.185688281447159 -0.142051133132684
0.113095934173341 0.0434656813484866 -0.0573702700231428 -0.263620029684013
0.0809833170434716 0.181076027707203 -0.013243680540711 -0.322258987108373
0.0297712227285455 0.0923332638559383 0.179793719203447 -0.27402966401612
0.00890731544005265 0.0242627245652386 0.00908277027027802 -0.136500473673393
-0.0588365969935454 0.0496222429585844 -0.0368183460662031 0.0352007890702733
-0.00494284031756569 0.125356803008265 0.0557577407814119 0.189379617110064
0.080051040310396 0.111543750164136 0.247978714142735 0.146245276341351
0.114389401670489 0.0507996161498279 0.316462784929774 0.0088759071535841
0.124910991598209 -0.00636538817079292 0.314961741420954 -0.0906198221430431
0.119290443489588 -0.00808048143781701 0.26970187251674 -0.101559970403926
0.103500075068353 0.0158353289811113 0.225537100821957 -0.0427892326808316
0.0672623046535938 0.0599735557097652 0.1180888346445 0.068537836388547
0.00208842111104875 0.0678172566879598 -0.0297177134275743 0.117029287192856
-0.0629344125709924 0.0111958871605363 -0.177879227857807 0.0089062660077446
-0.0137100661549207 -0.0901769174591941 -0.157483966308575 -0.200957594227302
0.113059791708725 -0.022883257472353 -0.00264087800683768 -0.274938227618305
0.0926386191143063 0.0921985778969685 8.3646838902838E-05 -0.353233427816419
-0.0607979791305408 -0.00276271180465475 -0.0186120615974424 0.314356186699353
-0.0625851633879917 0.0485209520389314 -0.0717080199764328 0.22289612533098
0.00395210054912059 0.0769436358596532 0.0560839124102653 0.248532745044321
0.0546795451976942 0.0345316063225304 0.200089364265383 0.0716970135061161
0.0550140849570749 -0.01697921815448 0.111901898043755 -0.120506768669075
0.0281949221755631 -0.0381636800896107 -0.0789397613024222 -0.122842739485652
0.00400264434868578 -0.026264365055859 -0.217131943559034 -0.0246202838216008
-0.000614926047311248 -0.0165214715895273 -0.287458779363056 0.0465630375185302
0.00199569062229518 -0.0120620537743323 -0.326630982184329 0.0473262551635043
0.00935567372616021 -0.0224767657503883 -0.322658360193067 -0.0229993289311145
0.0202110964289029 -0.0227733564323674 -0.245408716682613 -0.141594921251937
0.0487675675271889 -0.000356827748653806 -0.0740952638012627 -0.191323873360341
0.0529573593461783 0.0802157399980758 0.0321254259143295 -0.0439661402502549
-0.0505877573256533 0.101337868828182 -0.0539832373014631 0.0836768902042974
-0.0832236527228464 0.0405829515865234 -0.223129546167225 0.176914860078799
-0.0660594365817796 0.105889579402554 -0.0191270552459869 0.280856202994274
-0.0258463331923855 0.111850811474535 -0.109935264751988 0.195265786983127
0.0348065520090861 0.0929565712119095 0.00178366255126338 0.255607158816725
0.0644424963965614 0.0467571201066152 0.183869521526183 0.119952203510694
0.0824403910676843 0.0130832251421024 0.144162213978198 -0.103771704598054
0.0873647359416821 -0.0117091757043395 -0.0559135995913793 -0.141291582169528
0.0914164136659312 -0.0238279163895496 -0.200238722555334 -0.0492995899090705
0.110453627134673 -0.0351295236590379 -0.264233454331655 0.0290251548936196
0.124652302119522 -0.0229626200927678 -0.295915870703112 0.0470040569566525
0.136554347935945 -0.00151917478977022 -0.301470853961716 0.000903475106209785
0.134751206936931 0.0522683388758895 -0.246544392054002 -0.109214304742954
0.107256992346129 0.126659761450147 -0.0938430197694281 -0.179207819836239
0.0420271488096665 0.203842986929539 0.0201697746090958 -0.0498673350372607
-0.0749413832172809 0.214346726078572 -0.0430483726632396 0.0600807976865912
-0.123881667959729 0.157671867034126 -0.193523971284415 0.132065495620596
-0.0779798947992192 0.21403966936187 -0.0164573125055884 0.207820089680402
0.00469467048717779 0.193672390564342 -0.15504467741194 0.167608827846526
0.066750586650212 0.128658050386365 -0.0306869974709927 0.264785225521438
0.0787908516824382 0.0703652364422856 0.17689569467218 0.144781544737442
0.108185886029311 0.0519994233652913 0.161255695622944 -0.0921759141195506
0.140401942343468 0.0240877278431961 -0.0288980949698153 -0.147477180274731
0.170920302662834 -0.0130935235559505 -0.153033645192529 -0.0695483883254133
0.20468836941872 -0.0472900367257312 -0.201143777372754 0.00377099182570751
0.223700435262862 -0.0390936450709344 -0.221198551665472 0.0370857539223342
0.241482910216222 -0.00353132248012029 -0.23591690345873 0.0203985981030982
0.240829735977418 0.0871973289782412 -0.208739773674578 -0.0641321778326944
0.178700595279931 0.209175146846878 -0.106498472137967 -0.141356977719828
0.0605637291366309 0.287831550036316 -0.011746063193521 -0.0610216992390342
-0.0600760431439067 0.292070899977195 -0.0381634109992746 -0.00210635613170393
-0.129203379729475 0.247683214895982 -0.143756187501522 0.0492630878830183
-0.0893220972559633 0.289917931957545 -0.000334683748677097 0.100288765710638
0.0163573165024043 0.25619474054155 -0.192825381316293 0.129382765814885
0.0684803806562395 0.171447808135072 -0.0438357764776617 0.268569224034113
0.0783667451513629 0.121229469936706 0.177688787730456 0.151851347996048
0.134178603754299 0.112735248831862 0.170454696259559 -0.078488508450669
0.189959366051121 0.0679292661419439 0.00667052665877557 -0.133675136173011
0.232846762556278 0.00201705191713782 -0.0797739894703156 -0.0786474947010238
0.267684592176875 -0.0512377692578063 -0.108578498855648 -0.024582333235929
0.280578162652927 -0.049933352132711 -0.119785364916561 0.0162442134935353
0.297403099091994 -0.00960761777987677 -0.141583285857182 0.0260667457028899
0.296241167202253 0.0937780896536419 -0.139860811659942 -0.0239923188285663
0.213010352044682 0.233971189076353 -0.103213411781156 -0.0874877261049543
0.0751285371386932 0.293349851839616 -0.0577582412979069 -0.0702780962358546
-0.0175848197361581 0.302603907629554 -0.0490608394173657 -0.0833289946001993
-0.0981725046536894 0.292176412765419 -0.0890945160069019 -0.0580007562389417
-0.0919209221728445 0.310241294143417 0.0353152627880241 -0.0188811885873066
0.0061427779890246 0.262153080478523 -0.194375168099384 0.0761004426651458
0.0250174921388093 0.192343864849355 -0.0385603303783603 0.23854379422382
0.0513177338368435 0.18618937607236 0.162009916259304 0.145891890815827
0.149624468912487 0.182740176256614 0.172294528377175 -0.040086279014533
0.224214554621026 0.108623705102299 0.0613539822182443 -0.094288470546187
0.264990183264869 0.0132251206847005 0.0151407235416123 -0.0769903887787001
0.28860676328125 -0.0460712142507441 -0.000599211487397576 -0.0485165147838277
0.289278079759019 -0.0455005323126973 -0.0106762993816971 -0.00917165237752719
0.295078972335375 -0.000988099171003159 -0.0425312698668196 0.0238475416549289
0.277747203470196 0.0954999434427501 -0.064510202538551 0.0108117386899523
0.176811455639034 0.210239247730181 -0.0958214960497385 -0.0317718619923287
0.0572079904709741 0.220151677284834 -0.108425442738582 -0.0808206347243759
0.0309647027619615 0.242321861938847 -0.0652089317190307 -0.162092681063712
-0.042377479618182 0.287337093244684 -0.0445556293050037 -0.167086831582526
-0.0751926575856174 0.272567562392188 0.0881717861660683 -0.123317026159689
-0.0147742517362722 0.208481026185543 -0.137486591854079 0.00688636013030592
-0.0381663922102022 0.176006059205713 -0.028495288046639 0.163670490500939
0.0120144857505458 0.225338231737156 0.114446261729725 0.140552426814979
0.146332010252466 0.220655896725815 0.172318669295174 0.028841698152506
0.225620142529646 0.124209736444599 0.135342854598808 -0.0363181332847871
0.257379066275442 0.0159310884853743 0.1206810523523 -0.0672064526346169
0.266721273702643 -0.033693442773532 0.1067751590149 -0.0646511606757491
0.252770083980986 -0.0249325346488903 0.0902759157769639 -0.0269120063343858
0.238975199098001 0.0252356475760222 0.0393624547369428 0.0276625785883114
0.195105268149812 0.0970312144915786 -0.0156301882406994 0.0462233097701066
0.0832429131086269 0.152976791676212 -0.105181673266484 0.0106145454699677
0.0191235174760726 0.0994860973335802 -0.148141128131217 -0.105644892440573
0.0718178885247396 0.142417997880602 -0.0636938140195437 -0.221706253894468
0.0155036729243508 0.244344692353544 -0.0114800029860788 -0.255753652375761
-0.0367664348006165 0.191675741253575 0.144859387284129 -0.195659572580899
-0.0189958825902488 0.11974746081032 -0.0501605608013903 -0.0674157606199353
-0.0731439485289102 0.122891726759016 -0.0293749373291008 0.0774470783539896
-0.0116426309167352 0.201595677770148 0.0567021662598349 0.150875445175779
0.116924163622942 0.194745885630285 0.180458628069275 0.105872959475963
0.182377247992714 0.104576947231162 0.216756371839604 0.0169561431582349
0.204491122847386 0.0120677305398986 0.220747724888193 -0.0573339164869766
0.204408028086339 -0.0162760703598311 0.196691358930388 -0.0703063283299425
0.183243361667128 0.00190112223590292 0.166178351586275 -0.0309482418010854
0.150227243254104 0.0523749919112836 0.0879396099189565 0.0453153756174897
0.0861976627943415 0.087535295550419 -0.00996154511649533 0.0827373961445349
-0.00906000548955011 0.07466929976727 -0.136312399371101 0.0198884067851433
-0.00445395652319835 -0.0156851801080408 -0.159591208197024 -0.150946315870903
0.100955866959002 0.0513041197938039 -0.0312299432039543 -0.255613768982936
0.0574283716262804 0.179827662317028 0.0115604130027349 -0.313459357213278
0.0180588551324068 0.0877015602657082 0.182880742071583 -0.228813855789212
0.00584093312768122 0.0220391293754598 0.0195056737088551 -0.124367515608927
-0.0596250669149456 0.0382249182235777 -0.0413157901020803 0.0255340730725516
-0.020966582486248 0.113547231303868 0.0255549437171228 0.176053524087505
0.0589159497941538 0.112548292991341 0.204210283764107 0.158042407039487
0.0965048125738413 0.0601499182524375 0.285959616015948 0.0424904936243072
0.113245654077023 0.00587365523070564 0.292995931021006 -0.0534944355824651
0.111343207946586 0.00393171835882312 0.255996203257522 -0.0683984101912974
0.0923585222351897 0.0244878844727148 0.210771312800534 -0.0205253783875479
0.0548673429140458 0.0619978607324337 0.100815635705298 0.0727094288023082
-0.0060190223170888 0.0618514798662455 -0.040516973759917 0.104577616551593
-0.0595477252480766 0.00348817406592083 -0.167316084965741 -0.0104783051792627
-0.00525111073791053 -0.0829904470213346 -0.12780717955227 -0.202332651971866
0.107203915775459 -0.0103068639261561 0.0227836647617204 -0.259278703600314
0.0767636482768402 0.0974491209585662 0.0285521190646746 -0.338489427738253
-0.0579507906505477 -0.00402278546558318 -0.0179758452398979 0.298468983430356
-0.0608860799940774 0.0452711858896581 -0.0709491671257109 0.212559293068539
0.00252662304800683 0.0739462966008705 0.0503709469452746 0.238645361155021
0.0514332123598933 0.033558073122011 0.190272605533488 0.0706484322720842
0.0523294487124808 -0.0158175441327959 0.108574148264723 -0.114932940657469
0.0260710029524748 -0.0357658833613148 -0.0710289764932187 -0.11735576763442
0.00432112640075824 -0.0248543809508634 -0.202569181298157 -0.0237523956432029
-0.000220136808370484 -0.015042487181374 -0.269778043188833 0.0451487481311632
0.00105120185392457 -0.011258293833174 -0.307375159426716 0.0461953192093519
0.00821180721174468 -0.0213720558358878 -0.3034367652521 -0.0224158864759899
0.0183122095103705 -0.0211644595216984 -0.231812822081334 -0.136420999457879
0.0461458591551703 -0.000799054924813762 -0.0681971398240268 -0.182392201902514
0.0500858372330855 0.0763622526705625 0.0336477817117302 -0.0423600668694299
-0.0486108270173248 0.0973559038593736 -0.0518206162698095 0.0794761901498966
-0.0799554803418819 0.0377171004135726 -0.211833087962824 0.168932619212719
-0.063600655669052 0.0992345312063727 -0.0176108936304953 0.267710725090687
-0.0256149823860964 0.105721001802214 -0.106963899221397 0.185564442446773
0.0315491580938403 0.0873249936872215 -0.000217744031247571 0.244482574534521
0.0599313808125791 0.0441570959277115 0.174978935132909 0.116434026527317
0.0771179091800941 0.0121162526235983 0.139249697555348 -0.0986844545302762
0.0813218473449027 -0.0110366534514346 -0.0500569128285505 -0.135289826062396
0.0865396718133409 -0.0223263971667583 -0.186164210415801 -0.0464320125066323
0.104294156126829 -0.0330393492258976 -0.248072084637932 0.0286140580662171
0.116796223285775 -0.0216585181295871 -0.278525909191327 0.0449736196293795
0.128283757452675 -0.00112660264208059 -0.283323317815826 0.00130437048488495
0.126820929209895 0.0492616565490238 -0.232874080701811 -0.10544190361528
0.100642982822098 0.119984870951366 -0.0870911322371407 -0.171894341258977
0.0388464795886781 0.193114887753354 0.022591804657793 -0.0479682704186715
-0.0726697122949842 0.204017469159536 -0.0403935160368224 0.0567497223349119
-0.118659498557124 0.149370501747159 -0.184421954369319 0.125812216222474
-0.0752867484310098 0.202829061212019 -0.0146309301439865 0.197609767669642
0.00324011236561397 0.183158836608405 -0.148994803154605 0.159622145700132
0.0621335327866405 0.120998313840808 -0.0317208324393667 0.252658335906941
0.0731435199184072 0.0651817118036656 0.168713802719514 0.140360205864002
0.100840130995605 0.0491043116910491 0.155165124982351 -0.0885854709278731
0.131416670457874 0.0228978649619774 -0.0258908070546058 -0.140413119246099
0.160721302290642 -0.011370541525243 -0.142532263946259 -0.0658477159058906
0.192670387880568 -0.0447470275703241 -0.189413605396524 0.00545023224353332
0.210035636905285 -0.0370972085342619 -0.207984577209888 0.0347144364439957
0.226546344317359 -0.00325712533097643 -0.221554727782779 0.0205544251812758
0.226538925218501 0.082526776169439 -0.197950954735814 -0.0618292070613548
0.167462129507814 0.198659336514912 -0.0992694212773687 -0.135944602836321
0.0551315411518555 0.273880679106774 -0.00744543594305287 -0.0584759538520778
-0.0586897287098553 0.277249194778184 -0.0351518170105137 -0.00161624890967611
-0.124117168337166 0.234689957426301 -0.134915910586168 0.0472230809641985
-0.0864969660869004 0.275345486760817 0.0011475301122515 0.0957115521689801
0.0148554537382175 0.242152850543183 -0.185832106836992 0.124176517926161
0.0638685952752126 0.161492008100656 -0.0438078643965858 0.256688280522209
0.0717504374738195 0.112973611559137 0.169952650782883 0.146528587827385
0.124474290837807 0.106377409223785 0.163488470124676 -0.0753576394806711
0.177792873137456 0.065120180590488 0.00755593088335787 -0.126579811078768
0.219071608036868 0.00264885995485734 -0.0741333042890867 -0.0743711856962244
0.251715160156206 -0.0482425614173643 -0.102671138604507 -0.021928276067555
0.26414185199747 -0.0469887765834199 -0.112665868314896 0.0143377520193323
0.279636184139902 -0.00887869933337987 -0.132795362948281 0.0262777321207827
0.280132729718205 0.0884362260276757 -0.132838087915271 -0.0231052301057132
0.199352608515467 0.221216790678396 -0.096927879135115 -0.0838830097960427
0.0692354923497926 0.278619772289059 -0.0514517894721229 -0.0663602099999935
-0.0185045078297753 0.286409958649088 -0.0448021210505182 -0.078827696228874
-0.0942604278944254 0.277922265911762 -0.0835354835600941 -0.0553001062673589
-0.0874680400466866 0.294776045377612 0.0349715594577664 -0.0171728361089932
0.0061795157181137 0.247629625974622 -0.185600168981031 0.073838373144294
0.022041813306115 0.180631763434878 -0.03817750839502 0.227542024053817
0.0452983666781486 0.174658676793125 0.1541000410037 0.139640219837098
0.139790798109591 0.17336927789371 0.164389074502862 -0.0389002599114334
0.210691243401651 0.103892812106727 0.0579517079828215 -0.0885318926545269
0.249233233938003 0.012955529713191 0.0143121278238421 -0.072304327187144
0.271925509938566 -0.0438683809824814 -0.00207150698796385 -0.0455066019624249
0.272201126826811 -0.0435735121534226 -0.0103717926471342 -0.00934138333417954
0.276449782999214 -0.00101711040334184 -0.0394935525571589 0.0241539369399086
0.26116307444798 0.0898228171461675 -0.0622993985512163 0.0101523165345549
0.164542933258634 0.198715373792649 -0.0900299784107333 -0.0308218861953924
0.0520168620188967 0.208427014397714 -0.100538390043102 -0.0757147631723855
0.0278025366663166 0.227780932734206 -0.0601367720065792 -0.153454970824658
-0.0414474022351354 0.272438684026168 -0.0409460955497183 -0.158441144140403
-0.0715715042048106 0.2585289554278 0.0853032350697286 -0.116449659440532
-0.0134830634196731 0.196108404547157 -0.131605426741188 0.00778569338642197
-0.038447315186301 0.16502201270802 -0.0282083523080572 0.155006991748264
0.00903241953490499 0.212439131822454 0.108149619696456 0.133925427446187
0.137544106594589 0.209492916575886 0.16279110415859 0.0276398715234288
0.213281864174434 0.118314765497037 0.126933139553958 -0.0327452224840255
0.241797054861155 0.016358247880824 0.113242770573025 -0.063277066957277
0.251268445383713 -0.0324153824473385 0.0987720354988043 -0.0613178632504984
0.238023584516252 -0.0242136389050342 0.083603762262085 -0.0263254860031618
0.224895389348649 0.0239888407643012 0.0376664548607509 0.0273655366748956
0.182412337439894 0.0910803830148772 -0.0159688300088869 0.0448288425517774
0.0762120799514501 0.14436513862444 -0.0996976533154668 0.00913308843333391
0.0152896180245176 0.0938569653756454 -0.139340423063099 -0.0997277957527749
0.06804185255885 0.132516888648896 -0.0579944453862998 -0.211058980368665
0.0143045089546815 0.232293199549343 -0.0110747266367236 -0.243308358214661
-0.0354954735741916 0.182275287462872 0.138747193035081 -0.185672524824488
-0.01814370371135 0.11195471493667 -0.0484438828011483 -0.0629342853641312
-0.070790090958945 0.114978728981231 -0.0291917129717904 0.0723759808386597
-0.0124837230181112 0.190545425373322 0.0523039611679234 0.143823414606324
0.110711881546534 0.185141771112021 0.170506854747667 0.101933089281426
0.172499933152873 0.0996485881020852 0.203788131005672 0.0174099220857628
0.192016953080469 0.0116777918427014 0.207177022263728 -0.0539855844811455
0.191985628677256 -0.0162580402767185 0.183786897967203 -0.0671633108845195
0.172640583689986 0.00121238346025133 0.155854903836826 -0.0309612180343229
0.141275772424365 0.0502543301041267 0.0826731602460541 0.0436837363590248
0.0795161483021952 0.0824743357748415 -0.0114978461549326 0.0790681344645036
-0.0109300421993412 0.0704484814857529 -0.129639030069256 0.0182252197779206
-0.00586838046464343 -0.0168837635093205 -0.151031787877671 -0.14396782177577
0.0968123571755675 0.0464645726975091 -0.0263904014577301 -0.244529328113291
0.0534583084851442 0.170871013645433 0.0112127385850378 -0.298888891874335
0.0172773262221946 0.0835943524272473 0.174932043170927 -0.216711244492917
0.0066085607179737 0.0194170193831796 0.0182021734400426 -0.118541135151653
-0.0571661623559912 0.0355280557930406 -0.040657621039743 0.0230235537080513
-0.021564554785387 0.10736750175593 0.0220951226979302 0.16828559275288
0.0564369135115427 0.106607063053071 0.192295581158384 0.151072747331413
0.0918229596827387 0.0572135366651595 0.26879406443547 0.0416546325004133
0.106047623353822 0.00551643762097609 0.274709929239297 -0.050038633636665
0.1044136800538 0.00303046013774187 0.24000432837109 -0.0657201565465576
0.0871016924240271 0.0227281642619111 0.19602379321608 -0.02090295062088
0.0515218759806748 0.05916034658334 0.0942622574522504 0.068734880811293
-0.00694214918880339 0.0579995582466845 -0.0402477830692111 0.0997496432213764
-0.0582090591005983 0.0022127940386959 -0.15987002332181 -0.0113261334954686
-0.00474483437999418 -0.0805075436212087 -0.121498194806421 -0.194450547753234
0.103054771469019 -0.0107839117086503 0.0253676741232882 -0.247440766333276
0.0724347966508555 0.0931588446431473 0.0259711485549077 -0.322319535908341
-0.0575272917363245 -0.00579939180656358 -0.0207393100804422 0.295186601309935
-0.0617366656184349 0.0443464333375225 -0.0750257704050646 0.209622067844859
0.00108268139848151 0.0740480664160662 0.0455134732456765 0.238115110049301
0.0506989234150541 0.0341482399761576 0.188197668563603 0.0749711285467237
0.0511844552022905 -0.0153053898154218 0.110200208882178 -0.112987581266873
0.0254523541170216 -0.0353875468171883 -0.0666153121592332 -0.118038596144318
0.00494672645820797 -0.0243299203843956 -0.195937318939447 -0.0250393316198024
0.000453364841464728 -0.0148878457599718 -0.262572540907659 0.0437113496615013
0.000991037578837205 -0.0102118644823338 -0.300889487049527 0.0423978333809247
0.00735041482893612 -0.0209328456696919 -0.297226339483459 -0.0255458542068544
0.0177964177930846 -0.0203668509893566 -0.226073745427294 -0.138780689869308
0.0453482938696926 -0.000511917733485632 -0.0640354683081935 -0.182385608343645
0.0489887748602538 0.0756359025124745 0.0362634713308131 -0.0421430547603108
-0.0498600289508145 0.0963927967160203 -0.0525032794479042 0.0781589587384332
-0.07977285769428 0.0357938485801909 -0.2104141396877 0.164341819755559
-0.0648347021518509 0.096805094102956 -0.0201163178726159 0.263880304180055
-0.0275096823162778 0.103632308831238 -0.110335294722668 0.18253122438616
0.0288491621568135 0.0865137057501836 -0.00563363609965748 0.243559317739135
0.0576747852861169 0.0434569272137731 0.173580207956307 0.120149152811364
0.0750870353098684 0.0126335798316189 0.140504807957123 -0.0972077111151537
0.0793194321770854 -0.00979202557600018 -0.0454466186912744 -0.135011927654159
0.0853003741726036 -0.0208480079094049 -0.180197422831889 -0.0473548699537631
0.102706817875358 -0.0311856905943034 -0.242107843691579 0.0278715563527697
0.114108833035129 -0.0201145521326757 -0.272712219554492 0.0417329937240551
0.124686072386918 0.000392920138372793 -0.276897413179293 -0.000807039952789854
0.12397368294711 0.0492879208944474 -0.227805087784935 -0.106362455139179
0.0967168601371425 0.119200736074699 -0.0830870349544716 -0.171854547526879
0.0360069807174235 0.191499475691881 0.0264644996243786 -0.0477323841723636
-0.0745753243415764 0.2012955839961 -0.0406734392269268 0.0559646187618903
-0.119890865934637 0.145542662971069 -0.182519254891091 0.122622829833961
-0.0773919396423792 0.198426418127042 -0.0156987663711346 0.195945830882878
0.00106590979174508 0.179680589436399 -0.150983664244342 0.156854201105067
0.0586910574736802 0.119297984862718 -0.0366362693513329 0.250815591196751
0.0693095619609948 0.0643432128371469 0.165594288554739 0.142962147380871
0.0968250445360125 0.0489140215748109 0.156328484447385 -0.0867917650596887
0.127596086394706 0.0240282821076494 -0.0220639905272585 -0.139335983582699
0.158423182387672 -0.00968103223513371 -0.137880631895343 -0.0660887925196203
0.189257433647757 -0.0419671141315888 -0.184736792078126 0.00477634048700837
0.20604309361839 -0.0345508130989632 -0.20434799568036 0.0316577753923266
0.221685304221706 -0.000220064471298628 -0.216631109550482 0.0185474337810725
0.220802002054979 0.082909689638975 -0.194222370433033 -0.0639145695422556
0.161074599809414 0.197016140489243 -0.095153100990522 -0.137232374837915
0.0507944136907709 0.270246137682418 -0.00286997923174057 -0.0580984355227856
-0.0619870592981685 0.273072262872426 -0.0345049245452869 -0.00235926007140824
-0.126104270751477 0.230435399383204 -0.132761664908837 0.0445483482677064
-0.0891811548177623 0.270376818282395 0.00137555015924902 0.0951283074897848
0.012426283583603 0.237536149939566 -0.187055514351653 0.122111543255607
0.0592567834930448 0.158029763485825 -0.0476495474334294 0.254583364023399
0.0673126267483123 0.110204067383851 0.167217570529008 0.147846040509199
0.119766426839694 0.105387583790785 0.163416028831062 -0.0739700814064407
0.172550516673844 0.0659583874732934 0.00930243336400091 -0.124681096486169
0.214048053374371 0.00568369242168377 -0.0714442768039689 -0.0737503848560425
0.246682981373913 -0.0448456862865283 -0.10046331542293 -0.0214930953458166
0.25835498125522 -0.0439625226775329 -0.11097087066332 0.0124048017069457
0.273141179391894 -0.00596607675853677 -0.129031620346224 0.0257996213800413
0.271639421276549 0.0892245458634919 -0.131241222296516 -0.0235285767386991
0.192229173586704 0.219833687582987 -0.0940747706346787 -0.0856547669731175
0.0636443153125637 0.276235342836043 -0.0467670250919449 -0.0662135006116266
-0.0216588215041464 0.281960447669681 -0.0429134970242852 -0.0786229369730393
-0.0965228164515735 0.273412738861187 -0.0809525447300713 -0.0558115991752683
-0.0896942982090454 0.289496630713827 0.0357838381450225 -0.0169048335281251
0.00329859725838184 0.242698757869117 -0.185601962522563 0.0729815798979049
0.0187255957030183 0.176527237527969 -0.0410070843145637 0.225695797377182
0.0403478999640349 0.170811108443627 0.15187235672039 0.140156501871879
0.134142787612305 0.171272172647985 0.16302697735104 -0.0379985856456899
0.20528973361882 0.103888839783876 0.0574082477788216 -0.0856494733360165
0.243483460205688 0.0162502577743677 0.0145743679012535 -0.0708027307921981
0.266306523445266 -0.0405391316440647 -0.00226183857657452 -0.0443759070597571
0.266233845217849 -0.0410100359990967 -0.00990634419383907 -0.0102047416894598
0.270606017835834 0.00189803649627444 -0.0375141787303944 0.0242778383204143
0.253956759612959 0.0895804995779664 -0.0626797593800289 0.00970339260005441
0.157791873284739 0.197037541396487 -0.0884155898925695 -0.0331765233211586
0.0469744194145472 0.205760341847565 -0.095544959247829 -0.075378821220947
0.0246164343805494 0.223901738952359 -0.0560152092568465 -0.151907072721928
-0.0446363514605099 0.268604050518157 -0.038253817029753 -0.157280623009319
-0.0740062839579271 0.254547900078794 0.0863987153592016 -0.113887759689833
-0.0147126863703706 0.191215284801107 -0.130330008378931 0.00844181816970586
-0.0409875911159392 0.160913268821924 -0.0304012336829256 0.152837277352467
0.00415806786358856 0.208295819504876 0.105202867022215 0.133574340064379
0.133179319917755 0.207298146733653 0.160341855403615 0.0280133297797116
0.208215656198317 0.119102336976993 0.123675923884065 -0.0301674987280566
0.236345322871064 0.0190688720379269 0.110757927334554 -0.0601177781380264
0.246106430164227 -0.0295915806174391 0.0951981848310107 -0.0588926635227775
0.233402440537861 -0.0223352686547245 0.0815770094202804 -0.0264489859013991
0.218575227788682 0.0265869144617886 0.0378472743105374 0.0272367484508535
0.176525283589709 0.0901100467261428 -0.0173674089615263 0.0443629824017951
0.0708497555203146 0.143049427659498 -0.0983383003290526 0.00724818196984409
0.0124588122636902 0.0910140883747353 -0.135159191361831 -0.0989875192003809
0.0651607153059758 0.129100460212396 -0.0531420309227577 -0.209817775803902
0.010803166591719 0.229266596124418 -0.00873947557172883 -0.240379410085215
-0.0367319322784975 0.179670829064222 0.139899605592752 -0.181372191432572
-0.0190036463973972 0.108668196487645 -0.047172573794727 -0.0619710306654629
-0.0724961441989273 0.112140698549042 -0.0311749144281149 0.0701387450351342
-0.0164241333748093 0.187079039752542 0.0489113125741042 0.144030180194862
0.10761016924996 0.182774511427985 0.166492670848473 0.102379328000293
0.168920417285325 0.0997990159372186 0.199269459292005 0.0211897947814168
0.187648996271519 0.0139319124207116 0.201753820198601 -0.0508418949045118
0.188479641168086 -0.0140376913961439 0.178272117012614 -0.0651048916156918
0.169253903222971 0.00224495506744044 0.151361679424769 -0.0294410264927198
0.137149979243471 0.0510604247372155 0.0811096092395586 0.0441299905744936
0.0748476112239277 0.0817209854025293 -0.0129334521199502 0.0792826229721466
-0.0146017332388103 0.0680256826764334 -0.127831941080295 0.0152573187495743
-0.00669950984140462 -0.018312385942639 -0.147410629129566 -0.144242323147041
0.0960040901855868 0.044334500273235 -0.021357674204617 -0.242663530181194
0.0520240657155535 0.169801312683454 0.0122504836104104 -0.295281612636461
0.0166108987443205 0.0837812014630623 0.175685848391873 -0.212456115675427
0.00607617799063193 0.0181938440367039 0.0189591392728273 -0.117762821832075
-0.0577029018283369 0.0341744202249044 -0.0423386799872061 0.0209363324815883
-0.022653255947809 0.10576745540021 0.0189316604840806 0.16748242276817
0.0549298402051229 0.10565905017155 0.187423855855911 0.151940282945703
0.0907976636394261 0.0571498401790356 0.262291594967237 0.0451391809982139
0.103230944621273 0.00705305674232767 0.268446783780692 -0.0462167135143015
0.101964673705423 0.00408061858278819 0.233504654975747 -0.0626970102809021
0.0849477280943749 0.0226151190497731 0.190934518511363 -0.0195172827302134
0.0491282186889314 0.0596094707582248 0.0911403782643036 0.0690058298679586
-0.00890773084280758 0.0564374663956156 -0.0417546291991453 0.0985867280630219
-0.058886620282441 0.000227909253690945 -0.158624208899394 -0.0147034022474685
-0.00376995053138212 -0.0810131119160837 -0.116977773835203 -0.194304362410109
0.103441107041895 -0.0113745549989552 0.0303853984008511 -0.245893030112456
0.0703108883710672 0.0935720534956552 0.0272417754851109 -0.317624621741188
