TRXV5
3
4
4
9
string Extension=J
integer IsArchMeasurement=1
integer IsSpherical=1
string Generator=SPM
string GeneratorVersion=1.3.1 Dev
double ArchRadius=0.449999988079071
integer FrequencyAxisIndex=0
integer AzimuthAxisIndex=1
integer ElevationAxisIndex=2
Frequency
5 136 690000000 960000000 LIN
Azimuth
7 8 0 2.74889357189107 LIN
Elevation
7 15 -2.74889357189107 2.74889357189107 LIN
Polar H Real Part
13
Polar H Imaginary Part
14
Polar V Real Part
13
Polar V Imaginary Part
14
Polar H Magnitude (dB)
12 0xC0000002 0 1
Polar H Phase
7 0xC0000003 0 1
Polar V Magnitude (dB)
12 0xC0000002 2 3
Polar V Phase
7 0xC0000003 2 3
0.0292377471923828 -0.00239753723144531 0.20770263671875 0.549835205078125
0.0606346130371094 0.00777435302734375 -0.00784301757812501 0.4259033203125
0.0218582153320313 -0.0629692077636719 -0.034271240234375 0.23382568359375
-0.011688232421875 -0.0484580993652344 -0.0305404663085937 0.101768493652344
-0.00842523574829102 0.00159311294555664 -0.10205078125 -0.020599365234375
-0.0157012939453125 0.0302295684814453 -0.341033935546875 -0.0213928222656251
-0.0297050476074219 0.0332622528076172 -0.510894775390625 0.13531494140625
-0.00714492797851563 0.0154647827148438 -0.550262451171875 0.249267578125
0.00963973999023438 0.0363502502441406 -0.54449462890625 0.253509521484375
-0.0012054443359375 0.0442390441894531 -0.48101806640625 0.140655517578125
-0.0226612091064453 0.0249576568603516 -0.336578369140625 0.109771728515625
-0.06744384765625 -0.01080322265625 -0.186447143554688 0.133743286132812
-0.0369491577148438 -0.0445175170898438 -0.103973388671875 0.200347900390625
0.0233573913574219 -0.0232925415039063 -0.09051513671875 0.422454833984375
-0.00793743133544922 0.00345706939697266 -0.2679443359375 0.61370849609375
-0.0235137939453125 -0.278335571289062 0.1866455078125 0.517303466796875
-0.0416259765625 -0.218948364257812 -0.048248291015625 0.401580810546875
-0.0799102783203125 -0.198837280273438 -0.061767578125 0.26031494140625
-0.118392944335937 -0.158599853515625 -0.0267715454101563 0.120445251464844
-0.140144348144531 -0.09075927734375 -0.0739669799804688 -0.0200958251953125
-0.2125244140625 -0.0200958251953125 -0.3250732421875 -0.0319213867187501
-0.249374389648438 0.0450897216796875 -0.489837646484375 0.1036376953125
-0.228240966796875 0.0226745605468751 -0.511383056640625 0.22491455078125
-0.233688354492187 0.0367431640625 -0.50030517578125 0.24749755859375
-0.23419189453125 -0.00994873046875005 -0.443756103515625 0.154632568359375
-0.198410034179688 -0.0972137451171875 -0.292999267578125 0.1214599609375
-0.199951171875 -0.1707763671875 -0.169937133789063 0.146163940429688
-0.101409912109375 -0.2265625 -0.0930633544921875 0.23077392578125
-0.01983642578125 -0.239273071289063 -0.09344482421875 0.407073974609375
-0.0403594970703125 -0.245132446289062 -0.25738525390625 0.57763671875
-0.070465087890625 -0.522857666015625 0.162353515625 0.4002685546875
-0.127960205078125 -0.430694580078125 -0.06219482421875 0.3349609375
-0.167510986328125 -0.330810546875 -0.0484161376953125 0.262405395507813
-0.214340209960937 -0.267349243164062 0.00945281982421874 0.114822387695312
-0.257675170898438 -0.185256958007813 -0.0251102447509766 -0.0283832550048828
-0.3846435546875 -0.080780029296875 -0.26446533203125 -0.0429229736328125
-0.43572998046875 0.0461425781250001 -0.3968505859375 0.0584106445312499
-0.41632080078125 0.0279846191406251 -0.392974853515625 0.167327880859375
-0.4404296875 0.0395202636718749 -0.380645751953125 0.20684814453125
-0.43621826171875 -0.0425720214843751 -0.3402099609375 0.15411376953125
-0.358184814453125 -0.179473876953125 -0.213027954101563 0.122406005859375
-0.327301025390625 -0.281402587890625 -0.142349243164063 0.143707275390625
-0.180694580078125 -0.364227294921875 -0.08795166015625 0.224075317382813
-0.081878662109375 -0.408966064453125 -0.10302734375 0.330047607421875
-0.084381103515625 -0.45281982421875 -0.23919677734375 0.44964599609375
-0.0968017578125 -0.6885986328125 0.14129638671875 0.21875
-0.17718505859375 -0.58099365234375 -0.050323486328125 0.225616455078125
-0.213653564453125 -0.432952880859375 -0.001556396484375 0.23321533203125
-0.275634765625 -0.3580322265625 0.071502685546875 0.08880615234375
-0.34515380859375 -0.269683837890625 0.0453987121582031 -0.0415077209472656
-0.5087890625 -0.13800048828125 -0.155227661132813 -0.055267333984375
-0.560211181640625 0.0406494140625001 -0.239105224609375 0.00105285644531249
-0.542724609375 0.0284423828125 -0.217391967773438 0.08306884765625
-0.57757568359375 0.039794921875 -0.204025268554688 0.130447387695313
-0.56817626953125 -0.05902099609375 -0.188873291015625 0.12261962890625
-0.461700439453125 -0.21966552734375 -0.112052917480469 0.100723266601562
-0.409820556640625 -0.32586669921875 -0.113723754882813 0.115928649902344
-0.251129150390625 -0.42901611328125 -0.09674072265625 0.174041748046875
-0.149261474609375 -0.50726318359375 -0.125335693359375 0.196533203125
-0.12451171875 -0.59161376953125 -0.224563598632813 0.260284423828125
-0.1058349609375 -0.74609375 0.132308959960938 -0.0074691772460938
-0.18194580078125 -0.63140869140625 -0.0172653198242188 0.07159423828125
-0.208251953125 -0.470611572265625 0.0511932373046875 0.162857055664062
-0.28369140625 -0.40594482421875 0.138839721679687 0.0478134155273437
-0.38153076171875 -0.32049560546875 0.130653381347656 -0.050994873046875
-0.56488037109375 -0.1790771484375 -0.00659179687500004 -0.0662002563476563
-0.60040283203125 0.0282592773437501 -0.0415573120117188 -0.0593338012695313
-0.58392333984375 0.0249633789062501 -0.0122137069702149 -0.0136251449584961
-0.62481689453125 0.0253906249999999 -0.00715637207031254 0.0381431579589844
-0.6036376953125 -0.07196044921875 -0.0219345092773438 0.0746994018554688
-0.48004150390625 -0.224151611328125 -0.014007568359375 0.0601043701171875
-0.41943359375 -0.315032958984375 -0.0904006958007813 0.0644149780273438
-0.281951904296875 -0.41998291015625 -0.110565185546875 0.0871353149414062
-0.193878173828125 -0.526214599609375 -0.14892578125 0.0336456298828125
-0.14996337890625 -0.64569091796875 -0.211700439453125 0.0361175537109374
-0.10699462890625 -0.6826171875 0.135665893554688 -0.242111206054688
-0.15191650390625 -0.56988525390625 0.0257720947265625 -0.105552673339844
-0.156341552734375 -0.426422119140625 0.0859222412109375 0.064117431640625
-0.2353515625 -0.385345458984375 0.189468383789062 0.00756835937499998
-0.34930419921875 -0.319122314453125 0.21380615234375 -0.0507965087890625
-0.53167724609375 -0.193023681640625 0.160049438476562 -0.076568603515625
-0.55108642578125 0.013336181640625 0.169082641601562 -0.116241455078125
-0.539581298828125 0.0172119140625 0.192413330078125 -0.105621337890625
-0.57867431640625 0.00292968750000011 0.181015014648437 -0.0499267578125
-0.538848876953125 -0.0853576660156251 0.130416870117187 0.0258255004882812
-0.410858154296875 -0.20526123046875 0.0617752075195312 0.0161018371582031
-0.35113525390625 -0.26153564453125 -0.0734710693359375 -0.00033569335937501
-0.26055908203125 -0.3499755859375 -0.11346435546875 -0.0217666625976563
-0.20611572265625 -0.471893310546875 -0.1549072265625 -0.129928588867188
-0.15557861328125 -0.6085205078125 -0.198272705078125 -0.183151245117187
-0.10400390625 -0.51104736328125 0.140289306640625 -0.44403076171875
-0.10638427734375 -0.409942626953125 0.064361572265625 -0.269287109375
-0.08404541015625 -0.30303955078125 0.0987472534179688 -0.0388336181640625
-0.150970458984375 -0.287811279296875 0.215850830078125 -0.0220489501953125
-0.260818481445313 -0.253387451171875 0.278823852539063 -0.04400634765625
-0.409332275390625 -0.170562744140625 0.313720703125 -0.08837890625
-0.4156494140625 -0.00448608398437507 0.357391357421875 -0.1689453125
-0.413848876953125 0.00836181640625001 0.3670654296875 -0.1834716796875
-0.44757080078125 -0.0216674804687501 0.334747314453125 -0.115142822265625
-0.397186279296875 -0.0921936035156251 0.246810913085937 -0.00437927246093751
-0.281158447265625 -0.16156005859375 0.107368469238281 -0.0186767578125
-0.234466552734375 -0.177322387695312 -0.0546531677246094 -0.0697822570800781
-0.202606201171875 -0.242385864257812 -0.0855178833007813 -0.130760192871094
-0.181884765625 -0.36029052734375 -0.129669189453125 -0.267242431640625
-0.14031982421875 -0.49188232421875 -0.182098388671875 -0.371337890625
-0.0925750732421875 -0.261520385742188 0.14404296875 -0.57568359375
-0.0586090087890625 -0.184494018554688 0.09063720703125 -0.379119873046875
-0.0172805786132813 -0.12567138671875 0.09405517578125 -0.119682312011719
-0.0521469116210938 -0.133522033691406 0.220947265625 -0.042877197265625
-0.126571655273438 -0.14117431640625 0.313995361328125 -0.042724609375
-0.219680786132813 -0.119003295898437 0.42742919921875 -0.10784912109375
-0.214675903320312 -0.02325439453125 0.4920654296875 -0.210601806640625
-0.227828979492188 -0.00440979003906245 0.486114501953125 -0.23077392578125
-0.254287719726563 -0.041259765625 0.435882568359375 -0.144927978515625
-0.207733154296875 -0.0809173583984375 0.3131103515625 -0.01373291015625
-0.128959655761719 -0.0945892333984375 0.124824523925781 -0.0394363403320313
-0.105506896972656 -0.0760879516601563 -0.0268707275390625 -0.128547668457031
-0.124114990234375 -0.1173095703125 -0.0288238525390625 -0.220138549804687
-0.133865356445313 -0.210403442382813 -0.0784912109375 -0.361358642578125
-0.10540771484375 -0.305328369140625 -0.163726806640625 -0.5067138671875
0.0305824279785156 -0.0050048828125 0.265838623046875 0.543701171875
0.0637664794921875 0.000762939453125 0.034423828125 0.44281005859375
0.0154991149902344 -0.0649642944335937 -0.0132598876953125 0.251358032226563
-0.0180320739746094 -0.047393798828125 -0.0222854614257812 0.111328125
-0.00934410095214844 0.00180816650390625 -0.105278015136719 -0.0114822387695313
-0.0140571594238281 0.0336742401123047 -0.350433349609375 0.010650634765625
-0.0276641845703125 0.0375785827636719 -0.507232666015625 0.1910400390625
-0.00569343566894531 0.0171928405761719 -0.53662109375 0.311614990234375
0.0135002136230469 0.0366859436035156 -0.5303955078125 0.31365966796875
0.00329208374023438 0.0451011657714844 -0.4781494140625 0.187957763671875
-0.0210170745849609 0.0281352996826172 -0.33258056640625 0.13897705078125
-0.07122802734375 -0.00307464599609374 -0.171585083007813 0.150360107421875
-0.0431861877441406 -0.0427131652832031 -0.0812530517578125 0.2138671875
0.0218009948730469 -0.0274124145507812 -0.044464111328125 0.439666748046875
-0.00686454772949219 0.00502634048461914 -0.2108154296875 0.6536865234375
-0.051971435546875 -0.28173828125 0.24041748046875 0.511962890625
-0.0642852783203125 -0.218475341796875 -0.010986328125 0.42230224609375
-0.100555419921875 -0.192886352539063 -0.0397186279296875 0.278976440429688
-0.137161254882813 -0.148666381835937 -0.0178451538085938 0.130020141601563
-0.152008056640625 -0.078338623046875 -0.0761489868164063 -0.0113677978515625
-0.2181396484375 0.00205993652343751 -0.334014892578125 0.00195312500000004
-0.25 0.073089599609375 -0.4901123046875 0.157623291015625
-0.231658935546875 0.0488128662109375 -0.498992919921875 0.28228759765625
-0.234939575195313 0.063323974609375 -0.486114501953125 0.304595947265625
-0.2408447265625 0.0137176513671875 -0.4371337890625 0.199951171875
-0.21337890625 -0.0800933837890625 -0.286285400390625 0.148162841796875
-0.222824096679687 -0.152999877929688 -0.154556274414062 0.162521362304688
-0.124984741210938 -0.221908569335938 -0.064697265625 0.242141723632812
-0.0410614013671875 -0.244186401367188 -0.048431396484375 0.42669677734375
-0.0644073486328125 -0.245559692382812 -0.203125 0.61480712890625
-0.124664306640625 -0.526458740234375 0.20220947265625 0.3968505859375
-0.173431396484375 -0.423614501953125 -0.03314208984375 0.354522705078125
-0.202301025390625 -0.319091796875 -0.02508544921875 0.277786254882813
-0.24517822265625 -0.250045776367187 0.0166168212890625 0.120384216308594
-0.280044555664063 -0.163253784179687 -0.0292186737060547 -0.0230941772460938
-0.398223876953125 -0.04193115234375 -0.272064208984375 -0.013824462890625
-0.43792724609375 0.092010498046875 -0.399505615234375 0.100860595703125
-0.4248046875 0.0740966796875001 -0.385955810546875 0.210418701171875
-0.446563720703125 0.088592529296875 -0.36590576171875 0.24957275390625
-0.451416015625 0.000885009765624989 -0.331268310546875 0.18914794921875
-0.38519287109375 -0.149017333984375 -0.205276489257813 0.142562866210937
-0.36505126953125 -0.25262451171875 -0.128616333007813 0.156906127929688
-0.21612548828125 -0.3543701171875 -0.0578460693359375 0.233169555664063
-0.12066650390625 -0.41058349609375 -0.065643310546875 0.346832275390625
-0.130218505859375 -0.454864501953125 -0.197845458984375 0.4820556640625
-0.16839599609375 -0.693115234375 0.162994384765625 0.210800170898437
-0.23834228515625 -0.5721435546875 -0.03399658203125 0.238525390625
-0.2584228515625 -0.4185791015625 0.0195159912109375 0.241989135742187
-0.316009521484375 -0.33831787109375 0.0761642456054688 0.0881423950195312
-0.37841796875 -0.240509033203125 0.0400848388671875 -0.0411567687988281
-0.53155517578125 -0.0879516601562501 -0.15985107421875 -0.03424072265625
-0.56494140625 0.09844970703125 -0.24462890625 0.0285186767578125
-0.551910400390625 0.087799072265625 -0.214126586914063 0.105209350585938
-0.5867919921875 0.102294921875 -0.194793701171875 0.154159545898438
-0.58721923828125 -0.000183105468749941 -0.1810302734375 0.143783569335937
-0.495513916015625 -0.1778564453125 -0.1053466796875 0.110641479492187
-0.455413818359375 -0.290924072265625 -0.102500915527344 0.126930236816406
-0.295196533203125 -0.41339111328125 -0.071044921875 0.181930541992188
-0.198638916015625 -0.505767822265625 -0.1004638671875 0.2127685546875
-0.18670654296875 -0.593017578125 -0.201385498046875 0.2861328125
-0.18414306640625 -0.751708984375 0.130882263183594 -0.0195236206054688
-0.24920654296875 -0.6234130859375 -0.0166854858398438 0.076812744140625
-0.2562255859375 -0.458465576171875 0.0644683837890625 0.163009643554687
-0.330902099609375 -0.38739013671875 0.139717102050781 0.0394287109375
-0.4212646484375 -0.290130615234375 0.125465393066406 -0.05780029296875
-0.5908203125 -0.1248779296875 -0.00932693481445317 -0.0585746765136719
-0.60638427734375 0.0903930664062501 -0.0477409362792969 -0.0517349243164062
-0.5938720703125 0.0878295898437499 -0.0144901275634766 -0.0143957138061523
-0.63714599609375 0.094482421875 -0.00293350219726567 0.0386466979980469
-0.6240234375 -0.010009765625 -0.0155792236328125 0.0775909423828125
-0.514556884765625 -0.18310546875 -0.00973892211914065 0.0604438781738281
-0.46234130859375 -0.279144287109375 -0.08599853515625 0.0734176635742187
-0.324310302734375 -0.400115966796875 -0.0939483642578125 0.0954055786132812
-0.245880126953125 -0.519775390625 -0.141326904296875 0.0478515625
-0.21954345703125 -0.6458740234375 -0.210540771484375 0.0557098388671875
-0.17987060546875 -0.68511962890625 0.10992431640625 -0.26007080078125
-0.21136474609375 -0.56414794921875 0.0080413818359375 -0.111129760742188
-0.19757080078125 -0.420196533203125 0.0894317626953125 0.056365966796875
-0.2781982421875 -0.372100830078125 0.187255859375 -0.00802612304687502
-0.38916015625 -0.292449951171875 0.210006713867187 -0.064910888671875
-0.5614013671875 -0.14410400390625 0.159103393554687 -0.08514404296875
-0.558502197265625 0.069183349609375 0.160140991210937 -0.13262939453125
-0.550323486328125 0.0759277343749999 0.18365478515625 -0.129623413085938
-0.59149169921875 0.0670166015625 0.179977416992188 -0.0699920654296875
-0.55963134765625 -0.0307006835937499 0.136039733886719 0.0133743286132812
-0.441741943359375 -0.167999267578125 0.0631103515625 0.00940322875976561
-0.385223388671875 -0.23101806640625 -0.075714111328125 0.004913330078125
-0.29608154296875 -0.329925537109375 -0.109481811523438 -0.0165481567382813
-0.253570556640625 -0.46246337890625 -0.163665771484375 -0.12005615234375
-0.221923828125 -0.6082763671875 -0.218856811523437 -0.169692993164063
-0.157867431640625 -0.510772705078125 0.0960693359375 -0.4676513671875
-0.1484375 -0.40447998046875 0.03021240234375 -0.284576416015625
-0.112884521484375 -0.30267333984375 0.0908432006835937 -0.04974365234375
-0.1817626953125 -0.282012939453125 0.212158203125 -0.0410614013671875
-0.290985107421875 -0.236480712890625 0.276626586914063 -0.0645751953125
-0.43695068359375 -0.1329345703125 0.313934326171875 -0.113250732421875
-0.424468994140625 0.037994384765625 0.346893310546875 -0.206512451171875
-0.423004150390625 0.0537109375 0.35302734375 -0.22662353515625
-0.46026611328125 0.0270690917968749 0.33038330078125 -0.15264892578125
-0.41571044921875 -0.0520019531250001 0.250625610351563 -0.0302581787109375
-0.303375244140625 -0.13751220703125 0.105552673339844 -0.029083251953125
-0.256927490234375 -0.156036376953125 -0.0643882751464844 -0.0657768249511719
-0.227325439453125 -0.224609375 -0.0930862426757813 -0.13177490234375
-0.22027587890625 -0.34942626953125 -0.15264892578125 -0.263641357421875
-0.19451904296875 -0.487274169921875 -0.2208251953125 -0.364288330078125
-0.120162963867188 -0.255630493164062 0.08544921875 -0.60302734375
-0.076751708984375 -0.181808471679688 0.046142578125 -0.40032958984375
-0.0285873413085938 -0.128959655761719 0.0784835815429688 -0.131454467773438
-0.0656509399414063 -0.13330078125 0.216201782226563 -0.0623626708984375
-0.143295288085938 -0.132720947265625 0.314483642578125 -0.066619873046875
-0.238479614257813 -0.0987701416015625 0.427154541015625 -0.14483642578125
-0.220596313476563 -0.00201416015625005 0.4805908203125 -0.262786865234375
-0.233230590820313 0.0208892822265625 0.469482421875 -0.286956787109375
-0.263641357421875 -0.01324462890625 0.429534912109375 -0.1942138671875
-0.220916748046875 -0.0614166259765625 0.317718505859375 -0.046783447265625
-0.14080810546875 -0.084869384765625 0.1199951171875 -0.0517730712890625
-0.113090515136719 -0.067413330078125 -0.0428085327148438 -0.129890441894531
-0.134674072265625 -0.105606079101563 -0.04693603515625 -0.227554321289063
-0.15765380859375 -0.199981689453125 -0.11053466796875 -0.36468505859375
-0.140838623046875 -0.299957275390625 -0.214202880859375 -0.503021240234375
0.0303134918212891 -0.00777244567871094 0.311431884765625 0.51373291015625
0.0638008117675781 -0.00593948364257813 0.0770568847656249 0.43865966796875
0.0084686279296875 -0.0644073486328125 0.00988769531249998 0.256698608398438
-0.0227470397949219 -0.0438919067382813 -0.0120315551757813 0.117294311523438
-0.0090341567993164 0.00321102142333985 -0.1031494140625 -0.000778198242187522
-0.0111656188964844 0.0360984802246094 -0.3438720703125 0.042144775390625
-0.0232963562011719 0.0411300659179688 -0.48016357421875 0.234649658203125
-0.00428199768066406 0.0183067321777344 -0.496551513671875 0.35650634765625
0.0168190002441406 0.0361824035644531 -0.493988037109375 0.358184814453125
0.00838851928710938 0.0443611145019531 -0.453521728515625 0.226776123046875
-0.0168170928955078 0.0290145874023438 -0.314483642578125 0.159698486328125
-0.0703659057617187 0.00496673583984375 -0.150909423828125 0.158096313476563
-0.0480232238769531 -0.0378608703613281 -0.0542755126953125 0.214950561523438
0.0191326141357422 -0.0304164886474609 0.00097656250000004 0.43701171875
-0.00469350814819336 0.00621366500854492 -0.145263671875 0.6634521484375
-0.0770111083984375 -0.271682739257813 0.282623291015625 0.4852294921875
-0.08111572265625 -0.208251953125 0.028594970703125 0.422760009765625
-0.114761352539062 -0.1795654296875 -0.01361083984375 0.28466796875
-0.148483276367188 -0.133804321289063 -0.00746154785156251 0.135284423828125
-0.156661987304688 -0.0640869140625 -0.0750350952148438 -0.00235748291015626
-0.212844848632812 0.0231170654296875 -0.326202392578125 0.032928466796875
-0.238082885742188 0.0959930419921874 -0.466705322265625 0.2005615234375
-0.223541259765625 0.0709228515625 -0.46295166015625 0.32464599609375
-0.224884033203125 0.0860748291015625 -0.450714111328125 0.344818115234375
-0.23577880859375 0.037109375 -0.413421630859375 0.235107421875
-0.217437744140625 -0.0598907470703125 -0.268524169921875 0.167282104492188
-0.2347412109375 -0.12896728515625 -0.134063720703125 0.1689453125
-0.1422119140625 -0.208084106445313 -0.0335540771484375 0.239486694335938
-0.06011962890625 -0.238311767578125 -0.00256347656249997 0.422210693359375
-0.08380126953125 -0.235763549804688 -0.1431884765625 0.62249755859375
-0.1702880859375 -0.507354736328125 0.232177734375 0.37457275390625
-0.20721435546875 -0.399078369140625 -0.00247192382812503 0.356353759765625
-0.222869873046875 -0.29541015625 -0.000793457031250011 0.281036376953125
-0.263839721679688 -0.223770141601563 0.0243453979492187 0.122772216796875
-0.289886474609375 -0.136383056640625 -0.0296001434326172 -0.0162792205810547
-0.393096923828125 -0.00515747070312506 -0.264877319335938 0.0142822265624999
-0.421539306640625 0.13287353515625 -0.383026123046875 0.138275146484375
-0.411834716796875 0.1151123046875 -0.3597412109375 0.24139404296875
-0.433197021484375 0.13232421875 -0.336700439453125 0.27978515625
-0.445526123046875 0.0443420410156251 -0.31048583984375 0.21533203125
-0.394744873046875 -0.112213134765625 -0.189193725585938 0.154769897460938
-0.3841552734375 -0.214447021484375 -0.109283447265625 0.161849975585938
-0.242034912109375 -0.330108642578125 -0.0272979736328125 0.22857666015625
-0.15252685546875 -0.396392822265625 -0.02667236328125 0.3460693359375
-0.1690673828125 -0.435211181640625 -0.14837646484375 0.490997314453125
-0.228271484375 -0.6685791015625 0.176345825195313 0.19390869140625
-0.285064697265625 -0.537109375 -0.0160064697265625 0.241668701171875
-0.28717041015625 -0.38726806640625 0.0371551513671875 0.239852905273437
-0.339202880859375 -0.304168701171875 0.0780105590820313 0.0848541259765625
-0.391815185546875 -0.20599365234375 0.0360031127929687 -0.0386619567871094
-0.52667236328125 -0.039276123046875 -0.15606689453125 -0.014312744140625
-0.543701171875 0.14947509765625 -0.237167358398438 0.0536651611328125
-0.534088134765625 0.1402587890625 -0.201644897460938 0.122833251953125
-0.5677490234375 0.15850830078125 -0.177108764648438 0.167816162109375
-0.57891845703125 0.055908203125 -0.165298461914063 0.156936645507813
-0.505706787109375 -0.132293701171875 -0.0938796997070313 0.115921020507812
-0.475677490234375 -0.244171142578125 -0.0885772705078125 0.1309814453125
-0.322418212890625 -0.3812255859375 -0.0440521240234375 0.17840576171875
-0.237060546875 -0.482635498046875 -0.0723876953125 0.214584350585937
-0.23699951171875 -0.56689453125 -0.16973876953125 0.2978515625
-0.25 -0.72235107421875 0.122627258300781 -0.029449462890625
-0.3001708984375 -0.58917236328125 -0.0163497924804688 0.0787582397460937
-0.28759765625 -0.428314208984375 0.073760986328125 0.157730102539062
-0.358184814453125 -0.351593017578125 0.134979248046875 0.0313720703125
-0.439208984375 -0.25018310546875 0.117538452148437 -0.060546875
-0.59130859375 -0.0709228515624999 -0.00981903076171879 -0.0503044128417969
-0.58660888671875 0.14459228515625 -0.0522346496582032 -0.0433311462402344
-0.576904296875 0.1444091796875 -0.0167160034179688 -0.0133028030395508
-0.617919921875 0.1546630859375 0.00078201293945309 0.037322998046875
-0.6158447265625 0.0486450195312499 -0.0083694458007813 0.0778350830078125
-0.5245361328125 -0.1331787109375 -0.00568008422851566 0.0588569641113281
-0.481201171875 -0.232574462890625 -0.0776748657226563 0.0774307250976563
-0.348785400390625 -0.365631103515625 -0.0753555297851563 0.0942001342773437
-0.286041259765625 -0.491180419921875 -0.127601623535156 0.0552291870117187
-0.2744140625 -0.61773681640625 -0.200332641601563 0.0716094970703125
-0.24029541015625 -0.6580810546875 0.0792236328125 -0.266098022460938
-0.2586669921875 -0.5335693359375 -0.0106735229492188 -0.109596252441406
-0.22796630859375 -0.39776611328125 0.0871200561523438 0.0482254028320312
-0.3050537109375 -0.34307861328125 0.17791748046875 -0.0203399658203125
-0.4083251953125 -0.255279541015625 0.199462890625 -0.073760986328125
-0.564208984375 -0.0913696289062499 0.1533203125 -0.0898590087890625
-0.54034423828125 0.118896484375 0.1461181640625 -0.141311645507812
-0.533294677734375 0.12738037109375 0.166702270507813 -0.14544677734375
-0.57537841796875 0.12261962890625 0.169876098632812 -0.0882415771484375
-0.55377197265625 0.0220947265625 0.134117126464844 4.57763671875014E-05
-0.4500732421875 -0.126068115234375 0.0616035461425781 0.00404739379882812
-0.400054931640625 -0.191009521484375 -0.074554443359375 0.0114288330078125
-0.315399169921875 -0.297271728515625 -0.101631164550781 -0.0144195556640625
-0.287200927734375 -0.433563232421875 -0.166275024414063 -0.108566284179688
-0.2755126953125 -0.57757568359375 -0.228485107421875 -0.150604248046875
-0.202911376953125 -0.487579345703125 0.04656982421875 -0.468780517578125
-0.181640625 -0.38433837890625 -0.00451660156249999 -0.28375244140625
-0.134979248046875 -0.28973388671875 0.0797195434570313 -0.0564956665039063
-0.20318603515625 -0.26263427734375 0.199554443359375 -0.0555877685546875
-0.308013916015625 -0.20904541015625 0.266326904296875 -0.07989501953125
-0.442779541015625 -0.09124755859375 0.30364990234375 -0.1329345703125
-0.412811279296875 0.0758056640625001 0.322845458984375 -0.23016357421875
-0.40997314453125 0.093536376953125 0.324371337890625 -0.255889892578125
-0.449859619140625 0.0711669921875 0.310150146484375 -0.18280029296875
-0.413604736328125 -0.013153076171875 0.243118286132813 -0.0528717041015625
-0.31109619140625 -0.107574462890625 0.0987701416015625 -0.0369796752929688
-0.265029907226563 -0.129867553710937 -0.0701332092285156 -0.0590248107910156
-0.237579345703125 -0.19976806640625 -0.0986328125 -0.12786865234375
-0.246551513671875 -0.325347900390625 -0.169387817382813 -0.25006103515625
-0.237640380859375 -0.461639404296875 -0.24810791015625 -0.34112548828125
-0.1412353515625 -0.239425659179688 0.02362060546875 -0.60107421875
-0.090545654296875 -0.172454833984375 0.000640869140625005 -0.399200439453125
-0.0390396118164062 -0.125656127929688 0.0604629516601563 -0.135520935058594
-0.0748519897460938 -0.126991271972656 0.202499389648438 -0.0774688720703125
-0.153701782226563 -0.119979858398438 0.30322265625 -0.0867919921875
-0.246322631835937 -0.0763244628906251 0.41107177734375 -0.17510986328125
-0.217437744140625 0.0177001953125 0.44915771484375 -0.3021240234375
-0.226760864257813 0.0431976318359375 0.4326171875 -0.32501220703125
-0.261444091796875 0.0121307373046875 0.4024658203125 -0.233306884765625
-0.223709106445313 -0.039642333984375 0.3074951171875 -0.07562255859375
-0.145980834960938 -0.071685791015625 0.110404968261719 -0.0602493286132813
-0.114448547363281 -0.0560836791992188 -0.0551528930664063 -0.123619079589844
-0.138259887695312 -0.090301513671875 -0.0634307861328125 -0.226898193359375
-0.172210693359375 -0.18267822265625 -0.137359619140625 -0.35321044921875
-0.167083740234375 -0.28143310546875 -0.25347900390625 -0.47747802734375
0.029754638671875 -0.00785255432128906 0.330810546875 0.48040771484375
0.0616378784179687 -0.0113754272460938 0.103546142578125 0.423583984375
0.00378036499023438 -0.0623664855957031 0.0255126953125 0.255020141601562
-0.0255584716796875 -0.0408554077148438 -0.00477600097656251 0.120979309082031
-0.00960731506347656 0.00324440002441406 -0.09771728515625 0.00553131103515627
-0.00779342651367187 0.0374565124511719 -0.329559326171875 0.0596923828125
-0.0195579528808594 0.0430030822753906 -0.450347900390625 0.256195068359375
-0.00247764587402344 0.0187873840332031 -0.457183837890625 0.376495361328125
0.0194835662841797 0.0346412658691406 -0.4547119140625 0.37701416015625
0.00941085815429687 0.0408172607421875 -0.4268798828125 0.241851806640625
-0.0147552490234375 0.0285911560058594 -0.295135498046875 0.167877197265625
-0.067474365234375 0.00996780395507811 -0.133865356445313 0.155471801757813
-0.0495719909667969 -0.0329208374023437 -0.0354766845703125 0.206756591796875
0.0178012847900391 -0.0315170288085938 0.0313720703125 0.41925048828125
-0.00184726715087891 0.00631284713745117 -0.10040283203125 0.65045166015625
-0.0917205810546875 -0.2567138671875 0.300872802734375 0.454803466796875
-0.0895843505859375 -0.196685791015625 0.05316162109375 0.41156005859375
-0.120590209960937 -0.167434692382813 0.00311279296875002 0.282135009765625
-0.152252197265625 -0.120819091796875 -0.000228881835937502 0.137733459472656
-0.154647827148438 -0.053955078125 -0.0706634521484375 0.00421905517578125
-0.2034912109375 0.0355682373046875 -0.312652587890625 0.0513916015625
-0.223922729492187 0.10906982421875 -0.439300537109375 0.224365234375
-0.212646484375 0.083953857421875 -0.427978515625 0.342681884765625
-0.212234497070312 0.0988006591796875 -0.41448974609375 0.360931396484375
-0.22613525390625 0.05010986328125 -0.38653564453125 0.249755859375
-0.215606689453125 -0.0460968017578125 -0.251129150390625 0.172698974609375
-0.23529052734375 -0.1107177734375 -0.117218017578125 0.165924072265625
-0.148788452148438 -0.194000244140625 -0.012481689453125 0.227737426757813
-0.069305419921875 -0.229934692382813 0.027618408203125 0.4071044921875
-0.0927276611328125 -0.223159790039062 -0.09954833984375 0.611328125
-0.195770263671875 -0.47845458984375 0.245635986328125 0.350860595703125
-0.222625732421875 -0.37310791015625 0.017120361328125 0.349334716796875
-0.229461669921875 -0.27349853515625 0.01416015625 0.277099609375
-0.267105102539063 -0.202621459960937 0.0278244018554687 0.124053955078125
-0.2877197265625 -0.117218017578125 -0.0278472900390625 -0.0103130340576172
-0.37896728515625 0.0167236328125001 -0.251998901367188 0.0311279296875
-0.398895263671875 0.153961181640625 -0.36224365234375 0.160614013671875
-0.39111328125 0.13812255859375 -0.3328857421875 0.25592041015625
-0.411163330078125 0.155792236328125 -0.307159423828125 0.29052734375
-0.428131103515625 0.0706787109375 -0.286956787109375 0.22509765625
-0.389739990234375 -0.0858154296875 -0.175567626953125 0.157638549804687
-0.385223388671875 -0.184906005859375 -0.0951690673828125 0.158355712890625
-0.251556396484375 -0.307830810546875 -0.00605773925781249 0.215499877929687
-0.16644287109375 -0.377899169921875 0.00109863281249997 0.332244873046875
-0.1859130859375 -0.4122314453125 -0.11480712890625 0.482635498046875
-0.2626953125 -0.63079833984375 0.178863525390625 0.180206298828125
-0.305511474609375 -0.50238037109375 -0.005645751953125 0.238601684570312
-0.2952880859375 -0.3585205078125 0.047149658203125 0.23406982421875
-0.345367431640625 -0.275421142578125 0.0765304565429687 0.08416748046875
-0.3902587890625 -0.17816162109375 0.0346641540527344 -0.0340900421142578
-0.511627197265625 -0.00866699218750006 -0.147445678710938 -0.00128173828125
-0.51544189453125 0.175994873046875 -0.226058959960938 0.0691680908203126
-0.50830078125 0.169952392578125 -0.188568115234375 0.130630493164063
-0.541015625 0.19049072265625 -0.161346435546875 0.172698974609375
-0.5577392578125 0.088287353515625 -0.150604248046875 0.1612548828125
-0.499053955078125 -0.098236083984375 -0.0855331420898438 0.115776062011719
-0.47528076171875 -0.2091064453125 -0.076873779296875 0.128005981445313
-0.330535888671875 -0.352691650390625 -0.02484130859375 0.165725708007812
-0.25360107421875 -0.45745849609375 -0.051422119140625 0.209014892578125
-0.261199951171875 -0.534149169921875 -0.146087646484375 0.2957763671875
-0.28900146484375 -0.68255615234375 0.112464904785156 -0.0343780517578125
-0.3232421875 -0.5504150390625 -0.0170669555664063 0.0808486938476562
-0.29779052734375 -0.398529052734375 0.0758209228515625 0.151687622070312
-0.36492919921875 -0.32196044921875 0.128128051757812 0.027923583984375
-0.438507080078125 -0.219390869140625 0.111564636230469 -0.0586013793945313
-0.5758056640625 -0.0368041992187501 -0.00642776489257816 -0.0426025390625
-0.557037353515625 0.173431396484375 -0.0529899597167969 -0.0347175598144531
-0.54974365234375 0.17779541015625 -0.0197772979736328 -0.0123329162597656
-0.589111328125 0.1915283203125 0.00201225280761715 0.0338726043701172
-0.5941162109375 0.0848388671875 -0.00309753417968754 0.0749435424804688
-0.51739501953125 -0.098907470703125 -0.00285339355468754 0.0562515258789062
-0.478973388671875 -0.1962890625 -0.0704727172851563 0.0774993896484375
-0.35443115234375 -0.33612060546875 -0.0611953735351563 0.0856475830078125
-0.30206298828125 -0.462799072265625 -0.114288330078125 0.05609130859375
-0.30230712890625 -0.5787353515625 -0.18780517578125 0.078460693359375
-0.2730712890625 -0.62286376953125 0.056671142578125 -0.260940551757813
-0.280426025390625 -0.50030517578125 -0.0241928100585938 -0.103569030761719
-0.2373046875 -0.372039794921875 0.0822830200195312 0.0449295043945312
-0.313629150390625 -0.316741943359375 0.166015625 -0.02471923828125
-0.410400390625 -0.22705078125 0.190017700195312 -0.0758514404296875
-0.550994873046875 -0.05743408203125 0.148956298828125 -0.08953857421875
-0.51495361328125 0.14581298828125 0.132904052734375 -0.14129638671875
-0.507537841796875 0.157989501953125 0.149398803710937 -0.150985717773437
-0.55023193359375 0.15679931640625 0.157669067382813 -0.0966796875
-0.535919189453125 0.05615234375 0.130149841308594 -0.00765228271484375
-0.445526123046875 -0.0977172851562499 0.0586395263671875 0.000160217285156244
-0.398101806640625 -0.16162109375 -0.0718002319335938 0.0136566162109375
-0.31695556640625 -0.27105712890625 -0.093597412109375 -0.0165328979492188
-0.30206298828125 -0.40484619140625 -0.162246704101563 -0.0999298095703126
-0.301605224609375 -0.541259765625 -0.2276611328125 -0.135238647460937
-0.226226806640625 -0.45904541015625 0.012542724609375 -0.454833984375
-0.196380615234375 -0.360321044921875 -0.029327392578125 -0.272445678710938
-0.1435546875 -0.27386474609375 0.0679740905761719 -0.0577659606933594
-0.210403442382813 -0.24603271484375 0.184417724609375 -0.061431884765625
-0.311279296875 -0.188232421875 0.253036499023438 -0.0853271484375
-0.43670654296875 -0.06427001953125 0.291259765625 -0.13983154296875
-0.39495849609375 0.096710205078125 0.300506591796875 -0.23974609375
-0.390838623046875 0.11614990234375 0.2967529296875 -0.267486572265625
-0.431915283203125 0.0975646972656251 0.285614013671875 -0.1971435546875
-0.40106201171875 0.013275146484375 0.231796264648437 -0.0660247802734375
-0.307220458984375 -0.08734130859375 0.0921249389648437 -0.0411758422851563
-0.262771606445313 -0.110610961914062 -0.072479248046875 -0.053863525390625
-0.237197875976562 -0.179595947265625 -0.0995712280273438 -0.125823974609375
-0.256744384765625 -0.3004150390625 -0.173873901367188 -0.236587524414063
-0.258270263671875 -0.4306640625 -0.257049560546875 -0.3187255859375
-0.15179443359375 -0.222915649414063 -0.01580810546875 -0.5797119140625
-0.0959320068359375 -0.16107177734375 -0.0301513671875 -0.386688232421875
-0.0428009033203125 -0.121017456054688 0.0450057983398437 -0.133659362792969
-0.0786209106445313 -0.121078491210938 0.188018798828125 -0.0834808349609375
-0.157363891601563 -0.110122680664062 0.288116455078125 -0.09381103515625
-0.245330810546875 -0.0596466064453125 0.3922119140625 -0.1895751953125
-0.209487915039063 0.0290679931640625 0.4178466796875 -0.316253662109375
-0.215789794921875 0.0557098388671875 0.3956298828125 -0.341796875
-0.252426147460938 0.028106689453125 0.372039794921875 -0.251251220703125
-0.219146728515625 -0.0246734619140625 0.292205810546875 -0.09149169921875
-0.143539428710937 -0.0607452392578125 0.102706909179687 -0.06396484375
-0.112075805664063 -0.0487213134765625 -0.0627288818359375 -0.11651611328125
-0.13580322265625 -0.07940673828125 -0.073150634765625 -0.221694946289063
-0.177566528320313 -0.165969848632813 -0.149169921875 -0.338165283203125
-0.17938232421875 -0.260452270507813 -0.2705078125 -0.4510498046875
0.0292987823486328 -0.00738334655761719 0.336700439453125 0.464202880859375
0.0607185363769531 -0.0143661499023437 0.112640380859375 0.415863037109375
0.00188446044921875 -0.0609931945800781 0.0333251953125 0.254806518554688
-0.0274543762207031 -0.0383415222167969 0.00144958496093751 0.125137329101563
-0.00982284545898438 0.00384044647216797 -0.0926284790039063 0.00856018066406248
-0.00698089599609375 0.03826904296875 -0.320343017578125 0.0669555664062499
-0.0183334350585937 0.0443115234375 -0.432830810546875 0.263397216796875
-0.00156974792480469 0.0191478729248047 -0.43402099609375 0.381744384765625
0.0219097137451172 0.0349025726318359 -0.432830810546875 0.380828857421875
0.0142860412597656 0.0411911010742188 -0.412567138671875 0.24578857421875
-0.0132160186767578 0.0283355712890625 -0.2857666015625 0.166839599609375
-0.0658950805664062 0.0138359069824219 -0.124969482421875 0.149642944335938
-0.0500411987304688 -0.0299911499023438 -0.025665283203125 0.198211669921875
0.0169124603271484 -0.0332717895507813 0.04534912109375 0.4088134765625
0.000178337097167968 0.00556135177612305 -0.08001708984375 0.64166259765625
-0.09588623046875 -0.247451782226563 0.304718017578125 0.439605712890625
-0.0921630859375 -0.191238403320313 0.0631103515625 0.40423583984375
-0.121063232421875 -0.160842895507813 0.010772705078125 0.28326416015625
-0.152587890625 -0.11407470703125 0.00396728515624999 0.141983032226563
-0.152603149414062 -0.05010986328125 -0.0650863647460938 0.00739288330078124
-0.19757080078125 0.039581298828125 -0.302764892578125 0.05853271484375
-0.215744018554688 0.1131591796875 -0.422515869140625 0.233184814453125
-0.205291748046875 0.0897979736328125 -0.40789794921875 0.34814453125
-0.20477294921875 0.104339599609375 -0.393646240234375 0.36444091796875
-0.219482421875 0.0562896728515625 -0.37353515625 0.254791259765625
-0.213409423828125 -0.040740966796875 -0.243743896484375 0.1724853515625
-0.233779907226563 -0.101119995117187 -0.108413696289063 0.1607666015625
-0.148681640625 -0.186447143554688 -0.00233459472656253 0.21710205078125
-0.0728607177734375 -0.226608276367188 0.041473388671875 0.395477294921875
-0.0954742431640625 -0.216995239257813 -0.08233642578125 0.6014404296875
-0.205413818359375 -0.46209716796875 0.2459716796875 0.339874267578125
-0.227081298828125 -0.35955810546875 0.023468017578125 0.34576416015625
-0.228286743164063 -0.263641357421875 0.0198974609375 0.277206420898438
-0.267044067382813 -0.191513061523437 0.0295181274414062 0.128585815429688
-0.284942626953125 -0.109832763671875 -0.0240192413330078 -0.00624656677246095
-0.370758056640625 0.0242919921874999 -0.242111206054688 0.03814697265625
-0.38623046875 0.160675048828125 -0.348419189453125 0.16998291015625
-0.379150390625 0.148345947265625 -0.318267822265625 0.260650634765625
-0.397857666015625 0.16717529296875 -0.292205810546875 0.291290283203125
-0.419586181640625 0.083465576171875 -0.274932861328125 0.2286376953125
-0.385955810546875 -0.0756530761718749 -0.169845581054688 0.156295776367187
-0.38433837890625 -0.1712646484375 -0.0880279541015625 0.153274536132813
-0.2503662109375 -0.297271728515625 0.00485229492187499 0.201736450195312
-0.16961669921875 -0.370513916015625 0.015167236328125 0.321319580078125
-0.191192626953125 -0.399444580078125 -0.097198486328125 0.475555419921875
-0.27642822265625 -0.6104736328125 0.175994873046875 0.174697875976562
-0.310455322265625 -0.48406982421875 -0.00296020507812501 0.23822021484375
-0.293609619140625 -0.34722900390625 0.0493011474609375 0.233474731445312
-0.344879150390625 -0.263153076171875 0.074066162109375 0.08770751953125
-0.3873291015625 -0.167510986328125 0.0364532470703125 -0.0291252136230469
-0.500335693359375 0.00158691406249992 -0.139228820800781 0.00527954101562498
-0.500030517578125 0.184844970703125 -0.218704223632813 0.077972412109375
-0.4947509765625 0.183013916015625 -0.18243408203125 0.133560180664062
-0.5255126953125 0.2047119140625 -0.15362548828125 0.1715087890625
-0.545196533203125 0.10345458984375 -0.143020629882813 0.161819458007812
-0.4942626953125 -0.083587646484375 -0.0823974609375 0.112594604492188
-0.4732666015625 -0.192596435546875 -0.0719375610351563 0.124488830566406
-0.32928466796875 -0.340728759765625 -0.0141448974609375 0.1529541015625
-0.257720947265625 -0.44586181640625 -0.0394439697265625 0.201004028320312
-0.268829345703125 -0.518768310546875 -0.13385009765625 0.2921142578125
-0.30169677734375 -0.66046142578125 0.105613708496094 -0.0339126586914063
-0.330810546875 -0.529541015625 -0.0205307006835938 0.08203125
-0.29669189453125 -0.387176513671875 0.0741729736328125 0.151092529296875
-0.36370849609375 -0.308319091796875 0.121109008789062 0.030914306640625
-0.436187744140625 -0.208038330078125 0.111045837402344 -0.0540237426757813
-0.56488037109375 -0.023193359375 -0.00212478637695316 -0.0379447937011719
-0.5406494140625 0.181915283203125 -0.0512771606445313 -0.0286712646484375
-0.532623291015625 0.189727783203125 -0.0217437744140625 -0.0102043151855469
-0.5738525390625 0.20648193359375 0.00111389160156247 0.0322132110595703
-0.58099365234375 0.10174560546875 -0.000801086425781278 0.0733184814453125
-0.5113525390625 -0.0848388671875 -0.00247955322265628 0.0538444519042969
-0.476715087890625 -0.179931640625 -0.06732177734375 0.0745468139648437
-0.351715087890625 -0.3231201171875 -0.0531768798828125 0.07440185546875
-0.305694580078125 -0.4488525390625 -0.105911254882813 0.0526657104492187
-0.31134033203125 -0.560516357421875 -0.180679321289063 0.0778045654296874
-0.28631591796875 -0.59942626953125 0.043548583984375 -0.25439453125
-0.2867431640625 -0.48175048828125 -0.0330963134765625 -0.0978546142578125
-0.2371826171875 -0.3621826171875 0.076995849609375 0.0451736450195312
-0.313751220703125 -0.306365966796875 0.15576171875 -0.0225677490234375
-0.40850830078125 -0.215545654296875 0.185195922851562 -0.0718231201171875
-0.543212890625 -0.044830322265625 0.149887084960937 -0.086578369140625
-0.501312255859375 0.154541015625 0.127487182617187 -0.138496398925781
-0.491790771484375 0.16900634765625 0.13983154296875 -0.151763916015625
-0.5352783203125 0.16925048828125 0.148468017578125 -0.10009765625
-0.525177001953125 0.0714721679687501 0.127189636230469 -0.0110931396484375
-0.438201904296875 -0.0847473144531251 0.0566024780273437 -0.00193786621093751
-0.3934326171875 -0.148468017578125 -0.0706634521484375 0.0136260986328125
-0.31396484375 -0.26055908203125 -0.0890655517578125 -0.0237884521484375
-0.3056640625 -0.3917236328125 -0.157333374023438 -0.0997161865234375
-0.308685302734375 -0.520904541015625 -0.22540283203125 -0.130477905273438
-0.235382080078125 -0.441253662109375 -0.00338745117187499 -0.44366455078125
-0.201141357421875 -0.348114013671875 -0.042572021484375 -0.264541625976563
-0.1435546875 -0.268402099609375 0.0595626831054687 -0.0546150207519531
-0.211578369140625 -0.240463256835937 0.174942016601563 -0.060302734375
-0.311981201171875 -0.1798095703125 0.247039794921875 -0.0819549560546875
-0.43145751953125 -0.0523681640624999 0.2872314453125 -0.139404296875
-0.38397216796875 0.102508544921875 0.289093017578125 -0.2388916015625
-0.378875732421875 0.12493896484375 0.278854370117188 -0.268356323242188
-0.420196533203125 0.10833740234375 0.271240234375 -0.2008056640625
-0.395233154296875 0.0252075195312501 0.224365234375 -0.0698699951171875
-0.30279541015625 -0.0774536132812499 0.0881500244140625 -0.0420379638671875
-0.25848388671875 -0.102767944335938 -0.0745010375976563 -0.0518646240234375
-0.233963012695313 -0.171157836914063 -0.0978317260742188 -0.128341674804688
-0.259521484375 -0.289276123046875 -0.1732177734375 -0.232589721679688
-0.264129638671875 -0.413055419921875 -0.259307861328125 -0.310760498046875
-0.153640747070313 -0.212539672851563 -0.03546142578125 -0.56658935546875
-0.0972747802734375 -0.1563720703125 -0.047637939453125 -0.375701904296875
-0.0431671142578125 -0.119834899902344 0.03546142578125 -0.129768371582031
-0.0795669555664062 -0.120834350585938 0.17816162109375 -0.0824432373046875
-0.158905029296875 -0.105255126953125 0.2813720703125 -0.093536376953125
-0.244674682617188 -0.0514678955078125 0.3846435546875 -0.19183349609375
-0.204269409179688 0.03387451171875 0.402618408203125 -0.3179931640625
-0.209213256835938 0.0605926513671875 0.375823974609375 -0.345062255859375
-0.24761962890625 0.035369873046875 0.35308837890625 -0.2564697265625
-0.2171630859375 -0.0185394287109375 0.28240966796875 -0.09698486328125
-0.141159057617188 -0.0567169189453125 0.0974044799804687 -0.0645217895507813
-0.109611511230469 -0.0462112426757813 -0.0669708251953125 -0.114166259765625
-0.13372802734375 -0.0751953125 -0.0760955810546875 -0.221771240234375
-0.178192138671875 -0.157852172851563 -0.1524658203125 -0.33233642578125
-0.182220458984375 -0.2476806640625 -0.27508544921875 -0.43853759765625
0.0319881439208984 -0.00606536865234375 0.34710693359375 0.46441650390625
0.0610313415527344 -0.0175590515136719 0.11981201171875 0.420989990234375
-0.00185012817382812 -0.0613327026367188 0.03985595703125 0.262603759765625
-0.0287361145019531 -0.0372581481933594 0.00795745849609374 0.132720947265625
-0.00943374633789063 0.00426387786865234 -0.0897293090820313 0.0099334716796875
-0.0058135986328125 0.0397758483886719 -0.32232666015625 0.0716552734375001
-0.01739501953125 0.0458145141601563 -0.431365966796875 0.271942138671875
-0.000658035278320312 0.0203418731689453 -0.428558349609375 0.391265869140625
0.0245723724365234 0.0348052978515625 -0.429229736328125 0.388763427734375
0.0163612365722656 0.0406990051269531 -0.4144287109375 0.25146484375
-0.012725830078125 0.0273456573486328 -0.287994384765625 0.16937255859375
-0.0660018920898438 0.0159149169921875 -0.122451782226562 0.1470947265625
-0.0505180358886719 -0.0283393859863281 -0.020355224609375 0.195205688476563
0.0178909301757813 -0.0357437133789063 0.05548095703125 0.4085693359375
0.00156164169311524 0.00483465194702148 -0.0693359374999999 0.64813232421875
-0.0993194580078125 -0.245941162109375 0.31256103515625 0.442138671875
-0.0955657958984375 -0.192596435546875 0.067962646484375 0.41143798828125
-0.124359130859375 -0.161788940429687 0.0157470703125 0.2913818359375
-0.1568603515625 -0.112869262695313 0.00942993164062499 0.150588989257813
-0.15521240234375 -0.0492095947265625 -0.0620536804199219 0.00928497314453125
-0.198471069335938 0.042877197265625 -0.302825927734375 0.063140869140625
-0.2158203125 0.118072509765625 -0.4200439453125 0.24273681640625
-0.206161499023437 0.0947723388671875 -0.4041748046875 0.357330322265625
-0.203781127929687 0.10980224609375 -0.391082763671875 0.371978759765625
-0.220962524414063 0.06011962890625 -0.371978759765625 0.2603759765625
-0.217361450195312 -0.038787841796875 -0.244918823242187 0.174179077148438
-0.238052368164063 -0.097381591796875 -0.106292724609375 0.158920288085938
-0.151412963867188 -0.18780517578125 0.00477600097656249 0.211456298828125
-0.07421875 -0.230880737304688 0.0528564453125 0.395843505859375
-0.0970916748046875 -0.218673706054688 -0.0711669921875001 0.607666015625
-0.213348388671875 -0.46142578125 0.251434326171875 0.343475341796875
-0.2320556640625 -0.359771728515625 0.025421142578125 0.352447509765625
-0.232894897460938 -0.264617919921875 0.0233154296875 0.28546142578125
-0.272369384765625 -0.190078735351562 0.0327835083007813 0.137687683105469
-0.289764404296875 -0.1085205078125 -0.0195903778076172 -0.00411987304687501
-0.37371826171875 0.028900146484375 -0.240631103515625 0.042388916015625
-0.38629150390625 0.168914794921875 -0.347320556640625 0.178619384765625
-0.38018798828125 0.157135009765625 -0.317718505859375 0.26800537109375
-0.39788818359375 0.17657470703125 -0.290557861328125 0.29681396484375
-0.42279052734375 0.0905761718749999 -0.27484130859375 0.232177734375
-0.394744873046875 -0.0701293945312501 -0.170578002929688 0.15765380859375
-0.3909912109375 -0.1671142578125 -0.0861053466796875 0.1519775390625
-0.255584716796875 -0.300140380859375 0.0119171142578125 0.193923950195312
-0.175201416015625 -0.37615966796875 0.024139404296875 0.320465087890625
-0.19598388671875 -0.401580810546875 -0.09027099609375 0.48114013671875
-0.28765869140625 -0.60882568359375 0.1767578125 0.177963256835937
-0.32061767578125 -0.484405517578125 -0.00408935546875002 0.243820190429687
-0.2982177734375 -0.35028076171875 0.0498199462890625 0.241653442382813
-0.352264404296875 -0.26251220703125 0.0754241943359375 0.0955276489257812
-0.394561767578125 -0.1666259765625 0.0409164428710937 -0.0261917114257813
-0.5052490234375 0.00585937499999994 -0.1353759765625 0.00907897949218749
-0.500732421875 0.193817138671875 -0.217681884765625 0.0852813720703125
-0.496063232421875 0.194305419921875 -0.182693481445313 0.138809204101563
-0.525970458984375 0.21759033203125 -0.153472900390625 0.174087524414063
-0.54998779296875 0.11627197265625 -0.140762329101563 0.16400146484375
-0.503631591796875 -0.07843017578125 -0.0836029052734375 0.112693786621094
-0.482208251953125 -0.1876220703125 -0.0710983276367188 0.12322998046875
-0.33294677734375 -0.343414306640625 -0.00953674316406253 0.144180297851562
-0.264373779296875 -0.44964599609375 -0.03204345703125 0.198150634765625
-0.27728271484375 -0.518768310546875 -0.13037109375 0.29486083984375
-0.31488037109375 -0.66143798828125 0.101272583007813 -0.0323867797851563
-0.340576171875 -0.52886962890625 -0.0259552001953125 0.0873031616210937
-0.30035400390625 -0.39129638671875 0.072906494140625 0.15802001953125
-0.371185302734375 -0.309417724609375 0.120193481445312 0.0366973876953125
-0.444091796875 -0.206024169921875 0.11480712890625 -0.0508956909179688
-0.57269287109375 -0.0184326171875 0.00297546386718746 -0.0355300903320313
-0.543243408203125 0.190582275390625 -0.0506629943847657 -0.0245018005371094
-0.53436279296875 0.202239990234375 -0.0238628387451172 -0.00877380371093749
-0.57586669921875 0.21875 -0.00108146667480472 0.0317726135253906
-0.58612060546875 0.1119384765625 0.00139617919921871 0.0732192993164063
-0.5184326171875 -0.0779724121093751 -0.00352478027343753 0.0529708862304688
-0.483734130859375 -0.17449951171875 -0.0673599243164063 0.0745010375976563
-0.357208251953125 -0.3251953125 -0.0503807067871094 0.0650634765625
-0.31396484375 -0.452117919921875 -0.102607727050781 0.0486602783203125
-0.32080078125 -0.559295654296875 -0.181381225585938 0.0790252685546875
-0.3009033203125 -0.599365234375 0.0361175537109375 -0.25390625
-0.29486083984375 -0.4832763671875 -0.0415191650390625 -0.094940185546875
-0.240692138671875 -0.3677978515625 0.0736160278320312 0.0504150390625
-0.320770263671875 -0.308746337890625 0.152023315429687 -0.0188751220703125
-0.41888427734375 -0.215362548828125 0.188735961914063 -0.0688934326171875
-0.55181884765625 -0.0402526855468751 0.156112670898437 -0.0864105224609375
-0.50311279296875 0.16046142578125 0.128807067871094 -0.138046264648438
-0.49365234375 0.179931640625 0.13580322265625 -0.1536865234375
-0.53936767578125 0.182891845703125 0.144378662109375 -0.103897094726562
-0.529327392578125 0.0808410644531249 0.128738403320312 -0.0136642456054687
-0.444549560546875 -0.0802001953125001 0.0551834106445312 -0.00408172607421876
-0.3992919921875 -0.145111083984375 -0.0728912353515625 0.0139694213867187
-0.317779541015625 -0.26031494140625 -0.0877227783203125 -0.0330734252929688
-0.313568115234375 -0.392333984375 -0.1566162109375 -0.103775024414063
-0.320556640625 -0.52154541015625 -0.228927612304688 -0.132003784179688
-0.245147705078125 -0.440521240234375 -0.0147094726562501 -0.444244384765625
-0.20648193359375 -0.34942626953125 -0.054412841796875 -0.263565063476563
-0.14349365234375 -0.273712158203125 0.0545845031738281 -0.05242919921875
-0.216888427734375 -0.243896484375 0.169647216796875 -0.0571746826171875
-0.320098876953125 -0.17926025390625 0.2501220703125 -0.0800323486328125
-0.44000244140625 -0.0481262207031249 0.29388427734375 -0.14190673828125
-0.386749267578125 0.1080322265625 0.290557861328125 -0.242950439453125
-0.379791259765625 0.131927490234375 0.274658203125 -0.272537231445313
-0.423919677734375 0.11871337890625 0.266998291015625 -0.206756591796875
-0.39886474609375 0.0310668945312501 0.225204467773437 -0.074737548828125
-0.306060791015625 -0.0761718750000001 0.0869293212890625 -0.0447235107421875
-0.261993408203125 -0.101486206054687 -0.0779266357421875 -0.0514755249023438
-0.235580444335937 -0.17169189453125 -0.100578308105469 -0.137214660644531
-0.2652587890625 -0.289337158203125 -0.174697875976563 -0.237838745117188
-0.272674560546875 -0.411468505859375 -0.265594482421875 -0.312164306640625
-0.15997314453125 -0.211685180664063 -0.04638671875 -0.56707763671875
-0.10040283203125 -0.15826416015625 -0.058441162109375 -0.377716064453125
-0.0421829223632813 -0.1243896484375 0.0288619995117188 -0.127418518066406
-0.0822601318359375 -0.124046325683594 0.17315673828125 -0.080902099609375
-0.165008544921875 -0.106353759765625 0.28369140625 -0.091583251953125
-0.250778198242188 -0.0482482910156249 0.38885498046875 -0.195556640625
-0.207290649414062 0.0358734130859375 0.404052734375 -0.32501220703125
-0.210220336914063 0.0643768310546875 0.37066650390625 -0.351593017578125
-0.24981689453125 0.0410614013671875 0.34906005859375 -0.263336181640625
-0.220291137695313 -0.0136871337890625 0.282257080078125 -0.102294921875
-0.142852783203125 -0.0573577880859375 0.0953903198242187 -0.0665130615234375
-0.108787536621094 -0.0454788208007812 -0.0712738037109375 -0.114334106445313
-0.133232116699219 -0.0756683349609375 -0.0806121826171875 -0.229873657226563
-0.182571411132813 -0.156097412109375 -0.156890869140625 -0.338226318359375
-0.1871337890625 -0.2452392578125 -0.281005859375 -0.441986083984375
0.0353660583496094 -0.00740814208984375 0.37225341796875 0.47369384765625
0.0619316101074219 -0.0206184387207031 0.136474609375 0.43603515625
-0.00457763671875 -0.0625419616699219 0.0504150390625 0.276809692382813
-0.0322151184082031 -0.038177490234375 0.017608642578125 0.142196655273437
-0.00911521911621094 0.00343799591064453 -0.0891647338867188 0.0111465454101562
-0.00379180908203125 0.0422515869140625 -0.332611083984375 0.083221435546875
-0.0151901245117187 0.0500602722167969 -0.43682861328125 0.29296875
0.000434875488281251 0.0208854675292969 -0.430908203125 0.41571044921875
0.0281410217285156 0.0354843139648438 -0.43231201171875 0.412445068359375
0.0188140869140625 0.0410232543945313 -0.4241943359375 0.26812744140625
-0.0131778717041016 0.0284633636474609 -0.295257568359375 0.17816162109375
-0.0668678283691406 0.0196342468261719 -0.12109375 0.1495361328125
-0.0531730651855469 -0.0278816223144531 -0.0133514404296875 0.196975708007813
0.0175247192382812 -0.0394935607910156 0.07342529296875 0.4189453125
0.00299310684204102 0.00401020050048828 -0.0512084960937501 0.6724853515625
-0.107315063476563 -0.251678466796875 0.334075927734375 0.45196533203125
-0.105133056640625 -0.197738647460937 0.079742431640625 0.428924560546875
-0.13201904296875 -0.165206909179688 0.026580810546875 0.30755615234375
-0.165969848632813 -0.112411499023438 0.01824951171875 0.162017822265625
-0.1624755859375 -0.048065185546875 -0.0598869323730469 0.0104789733886719
-0.205673217773437 0.049560546875 -0.31109619140625 0.0738830566406249
-0.219802856445313 0.129531860351563 -0.426666259765625 0.26556396484375
-0.210296630859375 0.105239868164063 -0.407073974609375 0.38134765625
-0.207168579101563 0.120346069335938 -0.3936767578125 0.3936767578125
-0.22698974609375 0.06890869140625 -0.379852294921875 0.277313232421875
-0.227935791015625 -0.0354461669921875 -0.249893188476563 0.1837158203125
-0.249191284179688 -0.0943756103515625 -0.10498046875 0.161590576171875
-0.16015625 -0.192657470703125 0.012542724609375 0.209915161132813
-0.0822601318359375 -0.240325927734375 0.068939208984375 0.405303955078125
-0.105789184570312 -0.225509643554688 -0.05517578125 0.63092041015625
-0.23309326171875 -0.46966552734375 0.26727294921875 0.35296630859375
-0.251495361328125 -0.3681640625 0.033294677734375 0.368255615234375
-0.24603271484375 -0.271102905273438 0.032958984375 0.302520751953125
-0.287506103515625 -0.189971923828125 0.0402374267578125 0.148391723632813
-0.30474853515625 -0.106903076171875 -0.0144443511962891 -0.00305747985839844
-0.3873291015625 0.03875732421875 -0.24468994140625 0.0505828857421875
-0.395294189453125 0.185760498046875 -0.351898193359375 0.197601318359375
-0.388916015625 0.175628662109375 -0.32061767578125 0.288055419921875
-0.408721923828125 0.19671630859375 -0.29449462890625 0.313262939453125
-0.4354248046875 0.107177734375 -0.27801513671875 0.244644165039063
-0.41278076171875 -0.064361572265625 -0.174224853515625 0.1658935546875
-0.411224365234375 -0.162139892578125 -0.0853271484375001 0.155349731445312
-0.269775390625 -0.30694580078125 0.0185089111328125 0.190475463867188
-0.190826416015625 -0.390380859375 0.03814697265625 0.32666015625
-0.21142578125 -0.4114990234375 -0.079254150390625 0.49981689453125
-0.31378173828125 -0.62103271484375 0.1851806640625 0.18475341796875
-0.345428466796875 -0.493743896484375 -0.00318908691406251 0.257904052734375
-0.31427001953125 -0.359375 0.058380126953125 0.256317138671875
-0.3720703125 -0.26397705078125 0.0808639526367187 0.105545043945312
-0.415771484375 -0.16497802734375 0.0466499328613281 -0.0265617370605469
-0.525787353515625 0.017822265625 -0.135078430175781 0.0137252807617187
-0.515472412109375 0.21124267578125 -0.220504760742188 0.096649169921875
-0.5087890625 0.217193603515625 -0.1861572265625 0.149276733398438
-0.53924560546875 0.242401123046875 -0.156707763671875 0.184661865234375
-0.5665283203125 0.13616943359375 -0.141159057617188 0.171356201171875
-0.525726318359375 -0.069488525390625 -0.0849685668945313 0.117210388183594
-0.506591796875 -0.182403564453125 -0.071197509765625 0.12554931640625
-0.3526611328125 -0.351043701171875 -0.00481414794921877 0.137748718261719
-0.285797119140625 -0.464141845703125 -0.02447509765625 0.1995849609375
-0.301544189453125 -0.530853271484375 -0.126068115234375 0.307708740234375
-0.34466552734375 -0.67340087890625 0.100212097167969 -0.0316238403320313
-0.369537353515625 -0.53900146484375 -0.0318832397460938 0.0956192016601562
-0.318267822265625 -0.40325927734375 0.0775909423828125 0.16864013671875
-0.393341064453125 -0.315155029296875 0.123771667480469 0.0435943603515625
-0.469573974609375 -0.206390380859375 0.121925354003906 -0.05218505859375
-0.5966796875 -0.00482177734374993 0.00889015197753902 -0.0348358154296875
-0.557952880859375 0.209442138671875 -0.0503120422363282 -0.0205955505371094
-0.54803466796875 0.22564697265625 -0.0270347595214844 -0.00727653503417968
-0.59002685546875 0.245849609375 -0.00319480895996097 0.0324459075927735
-0.60455322265625 0.13427734375 0.00472259521484371 0.0728607177734375
-0.541595458984375 -0.0683898925781251 -0.00442123413085941 0.0533561706542969
-0.50762939453125 -0.169281005859375 -0.0695648193359375 0.0768356323242187
-0.37628173828125 -0.3311767578125 -0.0500297546386719 0.0577583312988281
-0.33795166015625 -0.46368408203125 -0.101188659667969 0.0467758178710937
-0.3480224609375 -0.57171630859375 -0.185165405273438 0.0848846435546874
-0.32781982421875 -0.6102294921875 0.0266876220703125 -0.2598876953125
-0.31976318359375 -0.491119384765625 -0.0534210205078125 -0.093963623046875
-0.25579833984375 -0.3814697265625 0.0742034912109375 0.0568161010742187
-0.34112548828125 -0.31591796875 0.153884887695312 -0.0153045654296875
-0.44244384765625 -0.215972900390625 0.198348999023438 -0.070831298828125
-0.57635498046875 -0.02801513671875 0.1651611328125 -0.0907745361328125
-0.520416259765625 0.17694091796875 0.132598876953125 -0.142898559570313
-0.506866455078125 0.2012939453125 0.13336181640625 -0.160491943359375
-0.55303955078125 0.207855224609375 0.143844604492187 -0.110702514648437
-0.5460205078125 0.100250244140625 0.133995056152344 -0.0199356079101562
-0.462738037109375 -0.07403564453125 0.0550003051757812 -0.007476806640625
-0.41839599609375 -0.14056396484375 -0.0776519775390625 0.01513671875
-0.332183837890625 -0.26422119140625 -0.0927810668945313 -0.0424270629882813
-0.335906982421875 -0.39837646484375 -0.162582397460938 -0.110198974609375
-0.3455810546875 -0.531036376953125 -0.242172241210938 -0.13360595703125
-0.266448974609375 -0.446624755859375 -0.030609130859375 -0.45489501953125
-0.2254638671875 -0.357147216796875 -0.0706329345703125 -0.270248413085938
-0.153350830078125 -0.285430908203125 0.0505752563476562 -0.0501594543457031
-0.23211669921875 -0.251220703125 0.169876098632812 -0.0562744140625
-0.34002685546875 -0.179473876953125 0.259368896484375 -0.0825958251953125
-0.461334228515625 -0.0384826660156251 0.305633544921875 -0.151397705078125
-0.400421142578125 0.120819091796875 0.296234130859375 -0.258392333984375
-0.39013671875 0.14935302734375 0.274322509765625 -0.287322998046875
-0.43603515625 0.135955810546875 0.266571044921875 -0.21923828125
-0.411590576171875 0.04547119140625 0.231307983398437 -0.0839996337890625
-0.318878173828125 -0.073486328125 0.0863113403320312 -0.0485916137695313
-0.273773193359375 -0.098724365234375 -0.084320068359375 -0.0521316528320313
-0.247055053710937 -0.172500610351563 -0.10882568359375 -0.14715576171875
-0.28326416015625 -0.291259765625 -0.186386108398438 -0.2471923828125
-0.293243408203125 -0.417724609375 -0.28363037109375 -0.31951904296875
-0.172897338867188 -0.213577270507813 -0.0665283203125 -0.58319091796875
-0.108306884765625 -0.162216186523438 -0.07568359375 -0.388336181640625
-0.04644775390625 -0.130645751953125 0.022674560546875 -0.128074645996094
-0.09002685546875 -0.129493713378906 0.17303466796875 -0.081573486328125
-0.177581787109375 -0.106658935546875 0.29315185546875 -0.094818115234375
-0.264907836914063 -0.042083740234375 0.40289306640625 -0.211578369140625
-0.215103149414063 0.0414276123046875 0.41046142578125 -0.347381591796875
-0.21490478515625 0.071746826171875 0.37322998046875 -0.371734619140625
-0.257583618164063 0.050445556640625 0.35137939453125 -0.27880859375
-0.229904174804688 -0.0078125 0.28826904296875 -0.113433837890625
-0.147979736328125 -0.0578765869140625 0.0946502685546875 -0.0720596313476563
-0.113197326660156 -0.045928955078125 -0.0794677734375 -0.11639404296875
-0.138954162597656 -0.0750656127929687 -0.0904998779296875 -0.241348266601563
-0.193313598632813 -0.154876708984375 -0.17047119140625 -0.3511962890625
-0.19927978515625 -0.247589111328125 -0.304595947265625 -0.454345703125
0.038604736328125 -0.0098419189453125 0.414398193359375 0.474822998046875
0.0632743835449219 -0.0268096923828125 0.16876220703125 0.453338623046875
-0.00925445556640626 -0.0641593933105469 0.07220458984375 0.290252685546875
-0.0365180969238281 -0.0362014770507812 0.031463623046875 0.149887084960937
-0.0100679397583008 0.00373172760009765 -0.0887298583984375 0.0148162841796875
-0.002593994140625 0.0461235046386719 -0.3431396484375 0.1063232421875
-0.0115280151367187 0.0549087524414063 -0.439178466796875 0.331451416015625
0.00312423706054687 0.0218315124511719 -0.423248291015625 0.456939697265625
0.0326690673828125 0.0348472595214844 -0.428863525390625 0.45135498046875
0.0230979919433594 0.0405693054199219 -0.428955078125 0.30126953125
-0.0127811431884766 0.029632568359375 -0.2978515625 0.20013427734375
-0.0676918029785156 0.0238990783691406 -0.118087768554688 0.154998779296875
-0.0569305419921875 -0.0268287658691406 -0.00170898437500002 0.199478149414063
0.0152091979980469 -0.0447311401367187 0.103302001953125 0.42962646484375
0.00440073013305664 0.00232839584350586 -0.01031494140625 0.7042236328125
-0.12457275390625 -0.256881713867188 0.374420166015625 0.457611083984375
-0.120819091796875 -0.20068359375 0.10784912109375 0.448150634765625
-0.148529052734375 -0.167144775390625 0.047698974609375 0.32574462890625
-0.181076049804688 -0.107559204101563 0.0335845947265625 0.171798706054688
-0.173934936523437 -0.0423736572265625 -0.0564346313476563 0.0122451782226563
-0.212310791015625 0.064208984375 -0.3187255859375 0.0954895019531251
-0.221481323242187 0.149948120117188 -0.42742919921875 0.30389404296875
-0.212631225585937 0.124237060546875 -0.39898681640625 0.42041015625
-0.20849609375 0.137863159179687 -0.390228271484375 0.431610107421875
-0.233352661132813 0.08477783203125 -0.3828125 0.30755615234375
-0.24127197265625 -0.0238800048828125 -0.253326416015625 0.204025268554688
-0.2662353515625 -0.084991455078125 -0.10015869140625 0.16802978515625
-0.176681518554688 -0.194320678710938 0.026336669921875 0.209518432617187
-0.100006103515625 -0.25152587890625 0.099365234375 0.413543701171875
-0.121429443359375 -0.230056762695313 -0.01898193359375 0.66204833984375
-0.267974853515625 -0.476654052734375 0.2974853515625 0.35748291015625
-0.2847900390625 -0.36944580078125 0.05401611328125 0.38983154296875
-0.271087646484375 -0.273239135742188 0.05328369140625 0.3197021484375
-0.311737060546875 -0.183563232421875 0.0537261962890625 0.158889770507813
-0.3262939453125 -0.096710205078125 -0.0100517272949219 -0.00308895111083985
-0.40374755859375 0.06243896484375 -0.249603271484375 0.0675048828125
-0.401580810546875 0.217041015625 -0.35296630859375 0.229034423828125
-0.395111083984375 0.208251953125 -0.31591796875 0.31878662109375
-0.412628173828125 0.23065185546875 -0.291748046875 0.34417724609375
-0.448516845703125 0.13690185546875 -0.277908325195313 0.2703857421875
-0.4383544921875 -0.0449829101562499 -0.174850463867188 0.179977416992188
-0.439727783203125 -0.1470947265625 -0.0800476074218751 0.162643432617188
-0.29864501953125 -0.30975341796875 0.0314788818359375 0.186248779296875
-0.2197265625 -0.400634765625 0.061614990234375 0.332611083984375
-0.244476318359375 -0.4189453125 -0.0526123046875 0.52490234375
-0.362060546875 -0.62994384765625 0.20208740234375 0.186630249023437
-0.390655517578125 -0.4947509765625 0.00685119628906247 0.274627685546875
-0.346893310546875 -0.3634033203125 0.0769805908203125 0.271820068359375
-0.404998779296875 -0.256439208984375 0.0929107666015625 0.112388610839844
-0.44659423828125 -0.150177001953125 0.0530357360839844 -0.0295639038085938
-0.550018310546875 0.0479736328124999 -0.135627746582031 0.0219345092773438
-0.526611328125 0.249298095703125 -0.221649169921875 0.1162109375
-0.517669677734375 0.258056640625 -0.186614990234375 0.168487548828125
-0.548065185546875 0.286346435546875 -0.15557861328125 0.1998291015625
-0.5855712890625 0.1773681640625 -0.137115478515625 0.182586669921875
-0.557037353515625 -0.043701171875 -0.0849533081054688 0.124961853027344
-0.54107666015625 -0.16082763671875 -0.0687332153320313 0.132843017578125
-0.386077880859375 -0.35302734375 0.00194549560546872 0.132438659667969
-0.32501220703125 -0.47271728515625 -0.0106658935546875 0.203262329101562
-0.342742919921875 -0.53662109375 -0.11468505859375 0.325958251953125
-0.39752197265625 -0.6812744140625 0.100639343261719 -0.0318679809570313
-0.4168701171875 -0.54144287109375 -0.034027099609375 0.107536315917969
-0.352447509765625 -0.41119384765625 0.0907440185546875 0.178192138671875
-0.43023681640625 -0.309417724609375 0.131294250488281 0.047607421875
-0.504730224609375 -0.192047119140625 0.129814147949219 -0.0587997436523438
-0.62725830078125 0.0262451171875001 0.0134429931640625 -0.0352897644042969
-0.57366943359375 0.24945068359375 -0.0497779846191407 -0.017242431640625
-0.559967041015625 0.268829345703125 -0.0299110412597657 -0.00373458862304686
-0.60247802734375 0.29290771484375 -0.00436019897460941 0.0347328186035156
-0.62335205078125 0.17755126953125 0.00835418701171871 0.0719375610351563
-0.57110595703125 -0.0434570312499999 -0.00431442260742191 0.05511474609375
-0.540496826171875 -0.149993896484375 -0.0704421997070313 0.0829620361328125
-0.40911865234375 -0.328033447265625 -0.0497398376464844 0.051300048828125
-0.378448486328125 -0.466583251953125 -0.100830078125 0.0470962524414062
-0.3946533203125 -0.5762939453125 -0.187591552734375 0.097381591796875
-0.37799072265625 -0.61444091796875 0.0105743408203125 -0.266128540039063
-0.364227294921875 -0.4964599609375 -0.0679779052734376 -0.0897903442382813
-0.285430908203125 -0.391571044921875 0.0787124633789062 0.0627593994140625
-0.374603271484375 -0.31488037109375 0.158706665039062 -0.016204833984375
-0.47918701171875 -0.201568603515625 0.20654296875 -0.080718994140625
-0.60906982421875 0.00366210937499988 0.175445556640625 -0.101287841796875
-0.534210205078125 0.214691162109375 0.13250732421875 -0.154983520507812
-0.518280029296875 0.239898681640625 0.129745483398437 -0.173294067382812
-0.56646728515625 0.2498779296875 0.140701293945313 -0.120025634765625
-0.56585693359375 0.13671875 0.137710571289062 -0.0298690795898437
-0.4893798828125 -0.0520019531250001 0.0541801452636718 -0.0104866027832031
-0.44384765625 -0.123016357421875 -0.0828170776367188 0.02001953125
-0.36163330078125 -0.2596435546875 -0.1011962890625 -0.0483474731445313
-0.373443603515625 -0.39892578125 -0.175323486328125 -0.111587524414063
-0.388946533203125 -0.533935546875 -0.260986328125 -0.127960205078125
-0.304107666015625 -0.4490966796875 -0.0621337890625 -0.468353271484375
-0.25640869140625 -0.361083984375 -0.0957489013671875 -0.2742919921875
-0.17572021484375 -0.297515869140625 0.0474319458007812 -0.0482902526855469
-0.258743286132812 -0.252700805664063 0.171371459960937 -0.0592498779296875
-0.368316650390625 -0.170166015625 0.270965576171875 -0.095245361328125
-0.4874267578125 -0.0121765136718749 0.31683349609375 -0.172882080078125
-0.41339111328125 0.147369384765625 0.29705810546875 -0.284515380859375
-0.39874267578125 0.17755126953125 0.267303466796875 -0.31427001953125
-0.447662353515625 0.170135498046875 0.261856079101563 -0.240264892578125
-0.427886962890625 0.0725097656249999 0.235794067382812 -0.102890014648438
-0.336639404296875 -0.060943603515625 0.0826263427734375 -0.0546722412109375
-0.29132080078125 -0.087860107421875 -0.0933456420898438 -0.0494766235351563
-0.267105102539063 -0.168487548828125 -0.124725341796875 -0.15631103515625
-0.313385009765625 -0.2877197265625 -0.207427978515625 -0.254074096679688
-0.330291748046875 -0.417510986328125 -0.3148193359375 -0.321197509765625
-0.190887451171875 -0.211593627929688 -0.1033935546875 -0.60113525390625
-0.12322998046875 -0.164016723632813 -0.109161376953125 -0.40093994140625
-0.0551681518554688 -0.137298583984375 0.0144882202148437 -0.130477905273438
-0.101730346679688 -0.13238525390625 0.175323486328125 -0.0872802734375
-0.193756103515625 -0.09991455078125 0.303558349609375 -0.109649658203125
-0.281219482421875 -0.02667236328125 0.414306640625 -0.240936279296875
-0.22393798828125 0.0537872314453125 0.41192626953125 -0.385223388671875
-0.219650268554688 0.085968017578125 0.36602783203125 -0.405975341796875
-0.26611328125 0.0696868896484375 0.347747802734375 -0.309051513671875
-0.239410400390625 0.00653076171874996 0.292022705078125 -0.134307861328125
-0.15716552734375 -0.0527191162109375 0.090362548828125 -0.0796127319335938
-0.119438171386719 -0.0433425903320313 -0.0936508178710938 -0.117111206054687
-0.1480712890625 -0.0706024169921875 -0.110443115234375 -0.251800537109375
-0.210784912109375 -0.150054931640625 -0.194580078125 -0.36224365234375
-0.221328735351563 -0.245147705078125 -0.34429931640625 -0.45977783203125
0.0438880920410156 -0.0151557922363281 0.46514892578125 0.45147705078125
0.0638389587402344 -0.0344886779785156 0.210540771484375 0.451385498046875
-0.0168571472167969 -0.0645866394042969 0.101806640625 0.293853759765625
-0.043212890625 -0.0335540771484375 0.0501251220703125 0.152801513671875
-0.0113229751586914 0.00079059600830078 -0.0867233276367188 0.0199432373046875
0.00224685668945312 0.0475654602050781 -0.340179443359375 0.137176513671875
-0.00483322143554688 0.0573501586914063 -0.41912841796875 0.37384033203125
0.00420951843261719 0.0225677490234375 -0.391845703125 0.49884033203125
0.0374107360839844 0.0322952270507813 -0.404754638671875 0.495452880859375
0.0269699096679688 0.0392608642578125 -0.41815185546875 0.33990478515625
-0.0117073059082031 0.0306720733642578 -0.292144775390625 0.225372314453125
-0.0653648376464844 0.031768798828125 -0.107925415039063 0.160995483398438
-0.0611724853515625 -0.0235671997070313 0.014068603515625 0.198410034179688
0.0108222961425781 -0.0496597290039063 0.1441650390625 0.426666259765625
0.00546741485595703 -0.000366687774658203 0.0484008789062501 0.7218017578125
-0.147293090820312 -0.25341796875 0.42218017578125 0.43963623046875
-0.142135620117188 -0.19580078125 0.14794921875 0.45281982421875
-0.164932250976563 -0.16204833984375 0.0797729492187499 0.33245849609375
-0.194732666015625 -0.094512939453125 0.0533599853515625 0.178192138671875
-0.182571411132813 -0.0306549072265625 -0.05377197265625 0.0133705139160156
-0.214508056640625 0.0841064453125 -0.3138427734375 0.12542724609375
-0.2152099609375 0.17254638671875 -0.408355712890625 0.345550537109375
-0.2061767578125 0.144622802734375 -0.373382568359375 0.462188720703125
-0.200881958007813 0.157852172851563 -0.3653564453125 0.4718017578125
-0.231170654296875 0.105911254882812 -0.370391845703125 0.341949462890625
-0.25439453125 -0.00610351562499995 -0.243270874023438 0.224166870117187
-0.2813720703125 -0.06494140625 -0.0905303955078125 0.17486572265625
-0.197463989257813 -0.185470581054687 0.043182373046875 0.204345703125
-0.12261962890625 -0.2532958984375 0.1378173828125 0.4075927734375
-0.143783569335938 -0.226974487304688 0.0390014648437499 0.67724609375
-0.311126708984375 -0.468109130859375 0.334228515625 0.346710205078125
-0.322509765625 -0.353546142578125 0.084625244140625 0.40057373046875
-0.2999267578125 -0.261932373046875 0.082550048828125 0.32781982421875
-0.336273193359375 -0.160919189453125 0.0721893310546875 0.164520263671875
-0.34375 -0.0736083984375001 -0.00779724121093752 -0.00533199310302735
-0.408416748046875 0.098114013671875 -0.245620727539063 0.0879669189453124
-0.39581298828125 0.253570556640625 -0.33782958984375 0.261138916015625
-0.38726806640625 0.244537353515625 -0.296356201171875 0.35540771484375
-0.40386962890625 0.26947021484375 -0.273345947265625 0.373504638671875
-0.448211669921875 0.17730712890625 -0.261993408203125 0.294189453125
-0.456878662109375 -0.0111999511718749 -0.164306640625 0.196258544921875
-0.463409423828125 -0.111968994140625 -0.069732666015625 0.168563842773438
-0.33026123046875 -0.29949951171875 0.042083740234375 0.177902221679687
-0.25579833984375 -0.39703369140625 0.09234619140625 0.328277587890625
-0.281646728515625 -0.4111328125 -0.010833740234375 0.54132080078125
-0.4227294921875 -0.61529541015625 0.224136352539063 0.179489135742187
-0.443023681640625 -0.475250244140625 0.0242919921875 0.2890625
-0.387603759765625 -0.34857177734375 0.103317260742187 0.2783203125
-0.437164306640625 -0.2318115234375 0.106307983398437 0.112846374511719
-0.471771240234375 -0.12109375 0.0563201904296875 -0.0373001098632813
-0.56524658203125 0.0944824218750001 -0.129096984863281 0.0333938598632812
-0.51934814453125 0.296661376953125 -0.212295532226563 0.136703491210938
-0.50653076171875 0.304290771484375 -0.176437377929688 0.188735961914063
-0.539886474609375 0.34075927734375 -0.146224975585938 0.218185424804688
-0.58392333984375 0.22723388671875 -0.128997802734375 0.19488525390625
-0.57623291015625 -0.00183105468750008 -0.0773010253906251 0.135391235351562
-0.56927490234375 -0.121826171875 -0.0586776733398438 0.136878967285156
-0.42352294921875 -0.335784912109375 0.00929260253906246 0.121612548828125
-0.369415283203125 -0.460662841796875 0.00541687011718747 0.199783325195312
-0.394378662109375 -0.521209716796875 -0.0880126953125 0.34002685546875
-0.46356201171875 -0.66644287109375 0.101646423339844 -0.0345458984375
-0.47137451171875 -0.5179443359375 -0.03326416015625 0.118644714355469
-0.394287109375 -0.40008544921875 0.109664916992187 0.1815185546875
-0.467315673828125 -0.2845458984375 0.140266418457031 0.0439376831054687
-0.537872314453125 -0.15838623046875 0.131622314453125 -0.0687942504882813
-0.6441650390625 0.0769653320312501 0.0163612365722656 -0.0376510620117187
-0.56951904296875 0.3009033203125 -0.0464744567871094 -0.0117759704589844
-0.54913330078125 0.32196044921875 -0.0311431884765625 -0.00137138366699217
-0.59185791015625 0.350341796875 -0.00359344482421879 0.0387153625488281
-0.6246337890625 0.23529052734375 0.0113105773925781 0.0701713562011719
-0.5938720703125 0.000793457031250019 -0.00251770019531253 0.0541572570800781
-0.56622314453125 -0.11102294921875 -0.0657272338867188 0.0899658203125
-0.4425048828125 -0.305023193359375 -0.0518684387207032 0.0438270568847656
-0.4222412109375 -0.448516845703125 -0.09564208984375 0.0508956909179687
-0.451446533203125 -0.55633544921875 -0.185394287109375 0.114883422851562
-0.43524169921875 -0.59844970703125 -0.014373779296875 -0.26800537109375
-0.41326904296875 -0.4766845703125 -0.0822906494140625 -0.0815200805664063
-0.323577880859375 -0.384033203125 0.0862579345703125 0.0636520385742187
-0.41058349609375 -0.295074462890625 0.159149169921875 -0.02020263671875
-0.51055908203125 -0.17034912109375 0.211883544921875 -0.0937957763671875
-0.622802734375 0.0546875000000001 0.177291870117188 -0.116500854492188
-0.5316162109375 0.262115478515625 0.129913330078125 -0.168365478515625
-0.511444091796875 0.289306640625 0.116180419921875 -0.186355590820312
-0.5582275390625 0.30474853515625 0.131698608398437 -0.13275146484375
-0.56695556640625 0.18975830078125 0.139923095703125 -0.0460662841796875
-0.507568359375 -0.015716552734375 0.0511627197265625 -0.0152740478515625
-0.46575927734375 -0.091217041015625 -0.0848388671875 0.0284042358398437
-0.388946533203125 -0.238677978515625 -0.11138916015625 -0.052093505859375
-0.41632080078125 -0.37847900390625 -0.186355590820312 -0.107757568359375
-0.44036865234375 -0.51617431640625 -0.277633666992188 -0.110702514648438
-0.346099853515625 -0.4332275390625 -0.10205078125 -0.469757080078125
-0.29425048828125 -0.34747314453125 -0.12969970703125 -0.268112182617188
-0.203704833984375 -0.296173095703125 0.043212890625 -0.0469894409179688
-0.286041259765625 -0.23974609375 0.169265747070312 -0.06744384765625
-0.3939208984375 -0.142578125 0.273757934570313 -0.11572265625
-0.501556396484375 0.0285949707031251 0.3155517578125 -0.202392578125
-0.41119384765625 0.183258056640625 0.285064697265625 -0.316070556640625
-0.392974853515625 0.214752197265625 0.2479248046875 -0.33770751953125
-0.444671630859375 0.212371826171875 0.2464599609375 -0.265457153320313
-0.43377685546875 0.11187744140625 0.230438232421875 -0.123687744140625
-0.3504638671875 -0.0338745117187501 0.0781631469726562 -0.0654220581054688
-0.302581787109375 -0.0686950683593749 -0.101776123046875 -0.0412368774414063
-0.284027099609375 -0.149993896484375 -0.1417236328125 -0.153839111328125
-0.3427734375 -0.268646240234375 -0.229766845703125 -0.247528076171875
-0.36920166015625 -0.39910888671875 -0.3486328125 -0.304840087890625
-0.214813232421875 -0.198226928710937 -0.154052734375 -0.60186767578125
-0.140151977539062 -0.156951904296875 -0.15142822265625 -0.399078369140625
-0.0677032470703125 -0.138946533203125 -0.000305175781249991 -0.127670288085938
-0.116691589355469 -0.129859924316406 0.172882080078125 -0.0968475341796875
-0.2086181640625 -0.086395263671875 0.30810546875 -0.131683349609375
-0.292449951171875 0.000457763671875061 0.406494140625 -0.27923583984375
-0.226608276367188 0.0714263916015625 0.390777587890625 -0.428070068359375
-0.216461181640625 0.107147216796875 0.34222412109375 -0.44482421875
-0.26531982421875 0.09466552734375 0.328887939453125 -0.341583251953125
-0.24658203125 0.02734375 0.28564453125 -0.164398193359375
-0.16595458984375 -0.0433502197265625 0.084136962890625 -0.0880126953125
-0.126144409179688 -0.0351409912109375 -0.108909606933594 -0.111427307128906
-0.155990600585938 -0.059112548828125 -0.137130737304687 -0.253433227539063
-0.229476928710938 -0.135345458984375 -0.231689453125 -0.359344482421875
-0.245147705078125 -0.232833862304687 -0.38909912109375 -0.44476318359375
0.0398597717285156 -0.0194129943847656 0.498748779296875 0.4151611328125
0.057830810546875 -0.0410385131835938 0.24884033203125 0.437103271484375
-0.0226249694824219 -0.0615196228027344 0.126739501953125 0.289581298828125
-0.0451202392578125 -0.03021240234375 0.069610595703125 0.149948120117188
-0.010798454284668 0.00333404541015625 -0.0803756713867187 0.0225372314453125
0.006195068359375 0.0486831665039063 -0.325897216796875 0.1634521484375
-0.00299453735351563 0.0569534301757812 -0.382049560546875 0.40240478515625
0.00671768188476562 0.0196571350097656 -0.3494873046875 0.524810791015625
0.0398902893066406 0.0276527404785156 -0.366729736328125 0.52197265625
0.030731201171875 0.0364265441894531 -0.39361572265625 0.36846923828125
-0.010040283203125 0.0325832366943359 -0.274322509765625 0.241241455078125
-0.0643196105957031 0.035736083984375 -0.0969085693359375 0.16119384765625
-0.06298828125 -0.0185775756835938 0.0257568359375 0.187454223632813
0.00487518310546875 -0.0527572631835938 0.17645263671875 0.4073486328125
0.00673198699951172 -6.866455078125E-05 0.10650634765625 0.71038818359375
-0.164703369140625 -0.242630004882813 0.4549560546875 0.40625
-0.156524658203125 -0.182296752929687 0.18487548828125 0.44580078125
-0.180313110351562 -0.148147583007813 0.10919189453125 0.32861328125
-0.203048706054688 -0.080169677734375 0.072113037109375 0.175674438476562
-0.186325073242188 -0.016693115234375 -0.0482749938964844 0.013641357421875
-0.206436157226563 0.101791381835937 -0.300262451171875 0.146636962890625
-0.201263427734375 0.186920166015625 -0.374237060546875 0.374237060546875
-0.193099975585937 0.159591674804688 -0.3326416015625 0.486907958984375
-0.186813354492188 0.173049926757813 -0.327911376953125 0.4993896484375
-0.222763061523438 0.1234130859375 -0.344818115234375 0.367645263671875
-0.253311157226563 0.012969970703125 -0.225784301757813 0.240692138671875
-0.284698486328125 -0.04296875 -0.0767822265625 0.175491333007813
-0.211318969726563 -0.17462158203125 0.053680419921875 0.18988037109375
-0.14263916015625 -0.245498657226563 0.171661376953125 0.389801025390625
-0.15728759765625 -0.213485717773438 0.0937499999999999 0.66815185546875
-0.34576416015625 -0.4423828125 0.362823486328125 0.32208251953125
-0.35076904296875 -0.328125 0.116790771484375 0.397857666015625
-0.319366455078125 -0.240264892578125 0.11187744140625 0.3231201171875
-0.348541259765625 -0.137115478515625 0.0898895263671875 0.161270141601563
-0.349517822265625 -0.04583740234375 -0.00235271453857424 -0.00733137130737305
-0.403076171875 0.129669189453125 -0.231948852539063 0.10638427734375
-0.37432861328125 0.284149169921875 -0.311676025390625 0.284942626953125
-0.36444091796875 0.27374267578125 -0.26556396484375 0.37310791015625
-0.379852294921875 0.302001953125 -0.24542236328125 0.394378662109375
-0.43243408203125 0.21441650390625 -0.243194580078125 0.3094482421875
-0.45751953125 0.0245361328124999 -0.151412963867188 0.20574951171875
-0.472198486328125 -0.0770874023437499 -0.0579833984375 0.167861938476563
-0.35113525390625 -0.27459716796875 0.0521240234375 0.162063598632812
-0.287353515625 -0.378570556640625 0.118194580078125 0.311004638671875
-0.311859130859375 -0.384765625 0.034637451171875 0.534637451171875
-0.4658203125 -0.5794677734375 0.238250732421875 0.1673583984375
-0.47900390625 -0.433502197265625 0.046142578125 0.2933349609375
-0.410675048828125 -0.3221435546875 0.125579833984375 0.2723388671875
-0.453704833984375 -0.19842529296875 0.118843078613281 0.111640930175781
-0.48065185546875 -0.0818176269531249 0.0573883056640625 -0.0418205261230469
-0.554840087890625 0.1365966796875 -0.121833801269531 0.041351318359375
-0.498382568359375 0.33648681640625 -0.195068359375 0.153060913085938
-0.48077392578125 0.34417724609375 -0.15948486328125 0.202041625976563
-0.50830078125 0.3804931640625 -0.128555297851562 0.230270385742188
-0.564697265625 0.27532958984375 -0.117294311523438 0.201141357421875
-0.578857421875 0.043701171875 -0.0710296630859375 0.137535095214844
-0.57769775390625 -0.0778808593750001 -0.0503768920898438 0.137504577636719
-0.447418212890625 -0.3057861328125 0.0126190185546875 0.111419677734375
-0.4041748046875 -0.433807373046875 0.0234527587890625 0.191650390625
-0.4296875 -0.48822021484375 -0.0618896484375 0.345489501953125
-0.51043701171875 -0.62457275390625 0.0993576049804687 -0.0370635986328125
-0.513763427734375 -0.47735595703125 -0.0263290405273438 0.12982177734375
-0.421630859375 -0.37237548828125 0.124465942382812 0.177978515625
-0.486907958984375 -0.250213623046875 0.144973754882812 0.0416107177734375
-0.548583984375 -0.11517333984375 0.1307373046875 -0.0780563354492188
-0.637451171875 0.1279296875 0.0204811096191406 -0.0404205322265625
-0.5478515625 0.34222412109375 -0.0446929931640625 -0.00731277465820311
-0.521240234375 0.361297607421875 -0.0319061279296875 0.00492286682128908
-0.560516357421875 0.396636962890625 -0.00190353393554691 0.0396308898925782
-0.603271484375 0.282470703125 0.0144767761230468 0.0664939880371094
-0.5943603515625 0.0452880859375 0.000450134277343713 0.0550384521484375
-0.57421875 -0.0657348632812499 -0.059661865234375 0.0904693603515625
-0.4642333984375 -0.275482177734375 -0.0527496337890625 0.0389671325683594
-0.45751953125 -0.4169921875 -0.0916213989257813 0.0494537353515625
-0.48822021484375 -0.51959228515625 -0.174285888671875 0.125518798828125
-0.477874755859375 -0.560333251953125 -0.0308074951171875 -0.2578125
-0.450286865234375 -0.4361572265625 -0.0935440063476563 -0.0646438598632813
-0.348663330078125 -0.3623046875 0.0919647216796875 0.0608978271484375
-0.43475341796875 -0.26544189453125 0.158843994140625 -0.02447509765625
-0.52386474609375 -0.1287841796875 0.205795288085937 -0.11004638671875
-0.6197509765625 0.10430908203125 0.173721313476562 -0.132247924804688
-0.51470947265625 0.30108642578125 0.1160888671875 -0.177093505859375
-0.482940673828125 0.326995849609375 0.10028076171875 -0.189987182617187
-0.531036376953125 0.345611572265625 0.120254516601562 -0.138107299804687
-0.55096435546875 0.232666015625 0.131263732910156 -0.0565643310546875
-0.50799560546875 0.0207214355468751 0.0477790832519531 -0.0176963806152344
-0.470703125 -0.055816650390625 -0.0840530395507813 0.0334091186523437
-0.40283203125 -0.21075439453125 -0.118507385253906 -0.050628662109375
-0.44091796875 -0.344207763671875 -0.193328857421875 -0.100692749023438
-0.4781494140625 -0.4764404296875 -0.285003662109375 -0.0891723632812501
-0.37884521484375 -0.40155029296875 -0.13427734375 -0.45416259765625
-0.3182373046875 -0.319244384765625 -0.1539306640625 -0.24951171875
-0.22442626953125 -0.283203125 0.0407638549804687 -0.0451507568359375
-0.30645751953125 -0.2197265625 0.165084838867187 -0.0718536376953125
-0.407135009765625 -0.110198974609375 0.267059326171875 -0.131317138671875
-0.501312255859375 0.0694580078125001 0.3055419921875 -0.225830078125
-0.3994140625 0.2158203125 0.25982666015625 -0.336273193359375
-0.373443603515625 0.24298095703125 0.21942138671875 -0.35382080078125
-0.424102783203125 0.246185302734375 0.225341796875 -0.277877807617188
-0.420135498046875 0.144256591796875 0.218063354492187 -0.142623901367188
-0.353973388671875 -0.0105895996093749 0.069183349609375 -0.0665702819824219
-0.307098388671875 -0.0438232421875 -0.107223510742188 -0.0327606201171875
-0.292755126953125 -0.130157470703125 -0.158035278320313 -0.149673461914063
-0.362335205078125 -0.2406005859375 -0.249038696289062 -0.235488891601563
-0.397705078125 -0.369964599609375 -0.371063232421875 -0.276641845703125
-0.22662353515625 -0.17926025390625 -0.201416015625 -0.58087158203125
-0.154464721679687 -0.144256591796875 -0.18743896484375 -0.379669189453125
-0.0778656005859375 -0.136444091796875 -0.00809478759765626 -0.122367858886719
-0.127174377441406 -0.1212158203125 0.163772583007813 -0.101364135742188
-0.216690063476562 -0.06817626953125 0.299530029296875 -0.150848388671875
-0.2906494140625 0.021575927734375 0.38885498046875 -0.30950927734375
-0.2205810546875 0.0899810791015625 0.3572998046875 -0.45654296875
-0.207366943359375 0.123123168945312 0.3021240234375 -0.46533203125
-0.25677490234375 0.115798950195313 0.301361083984375 -0.35888671875
-0.240798950195313 0.0469207763671875 0.271072387695313 -0.181442260742188
-0.169052124023438 -0.032318115234375 0.07073974609375 -0.0908660888671875
-0.125595092773438 -0.0266036987304688 -0.118560791015625 -0.101997375488281
-0.159149169921875 -0.04730224609375 -0.159210205078125 -0.247543334960938
-0.236495971679688 -0.1163330078125 -0.2552490234375 -0.343597412109375
-0.259872436523438 -0.211624145507812 -0.420867919921875 -0.414947509765625
0.0392227172851562 -0.0242843627929687 0.510711669921875 0.378936767578125
0.0536384582519531 -0.04400634765625 0.271026611328125 0.418182373046875
-0.0280838012695313 -0.0587081909179688 0.143234252929688 0.280746459960938
-0.0480499267578125 -0.0264930725097656 0.08154296875 0.144134521484375
-0.011805534362793 0.00367069244384766 -0.0752334594726563 0.0214920043945312
0.0091094970703125 0.0501060485839844 -0.308135986328125 0.176177978515625
0.00109100341796875 0.0569076538085938 -0.352691650390625 0.41375732421875
0.00706100463867188 0.0187263488769531 -0.313629150390625 0.5303955078125
0.0409889221191406 0.022857666015625 -0.33428955078125 0.53289794921875
0.0308151245117188 0.0324916839599609 -0.3719482421875 0.382232666015625
-0.00855636596679688 0.0330085754394531 -0.260040283203125 0.247116088867187
-0.0593032836914063 0.0384292602539063 -0.08917236328125 0.15802001953125
-0.0628929138183594 -0.0153999328613281 0.03131103515625 0.177764892578125
0.000808715820312498 -0.0532264709472656 0.194915771484375 0.38458251953125
0.0079345703125 -0.000703811645507813 0.145751953125 0.6876220703125
-0.175338745117188 -0.231735229492188 0.471099853515625 0.375213623046875
-0.164459228515625 -0.172409057617188 0.208221435546875 0.431671142578125
-0.186248779296875 -0.136993408203125 0.126708984375 0.321014404296875
-0.205368041992188 -0.0675048828125 0.0862274169921875 0.170013427734375
-0.184768676757813 -0.00634765625000004 -0.0430374145507813 0.0127906799316406
-0.1976318359375 0.113327026367188 -0.282958984375 0.15728759765625
-0.18792724609375 0.195892333984375 -0.344268798828125 0.3836669921875
-0.182662963867187 0.16558837890625 -0.298492431640625 0.492156982421875
-0.174880981445313 0.179168701171875 -0.2982177734375 0.50799560546875
-0.212860107421875 0.1326904296875 -0.321533203125 0.37799072265625
-0.2510986328125 0.027130126953125 -0.211212158203125 0.244277954101563
-0.281829833984375 -0.027435302734375 -0.0679779052734375 0.169998168945313
-0.217239379882813 -0.162338256835938 0.0582427978515625 0.1766357421875
-0.1531982421875 -0.236709594726563 0.18841552734375 0.36749267578125
-0.163970947265625 -0.203598022460937 0.12823486328125 0.6474609375
-0.3621826171875 -0.417877197265625 0.37640380859375 0.29913330078125
-0.36138916015625 -0.3004150390625 0.137176513671875 0.391876220703125
-0.329681396484375 -0.2230224609375 0.12939453125 0.31561279296875
-0.350830078125 -0.116668701171875 0.101852416992187 0.156158447265625
-0.347747802734375 -0.026824951171875 0.000957489013671853 -0.0107860565185547
-0.38970947265625 0.150848388671875 -0.21795654296875 0.113265991210938
-0.35589599609375 0.300140380859375 -0.287750244140625 0.294158935546875
-0.34405517578125 0.289306640625 -0.239288330078125 0.379119873046875
-0.35650634765625 0.316650390625 -0.22027587890625 0.400909423828125
-0.41534423828125 0.234222412109375 -0.226043701171875 0.31634521484375
-0.453094482421875 0.048370361328125 -0.13848876953125 0.206954956054688
-0.469573974609375 -0.050933837890625 -0.04901123046875 0.16259765625
-0.361083984375 -0.256072998046875 0.053955078125 0.149017333984375
-0.303466796875 -0.3616943359375 0.132598876953125 0.29144287109375
-0.32269287109375 -0.363189697265625 0.0644226074218749 0.5206298828125
-0.490020751953125 -0.545440673828125 0.244903564453125 0.1552734375
-0.491790771484375 -0.3983154296875 0.060943603515625 0.29278564453125
-0.422607421875 -0.29974365234375 0.140396118164062 0.265304565429688
-0.457000732421875 -0.171112060546875 0.126968383789062 0.108039855957031
-0.479248046875 -0.055267333984375 0.0585365295410156 -0.0462303161621094
-0.539703369140625 0.1651611328125 -0.112380981445313 0.0435943603515625
-0.474639892578125 0.358184814453125 -0.18084716796875 0.158004760742188
-0.4530029296875 0.36370849609375 -0.14544677734375 0.2073974609375
-0.479522705078125 0.40155029296875 -0.115097045898438 0.234832763671875
-0.54095458984375 0.30328369140625 -0.1077880859375 0.201202392578125
-0.56988525390625 0.0731811523437499 -0.0624008178710938 0.136825561523438
-0.57379150390625 -0.0452880859374999 -0.043212890625 0.134895324707031
-0.455596923828125 -0.281341552734375 0.0120391845703125 0.0986480712890625
-0.4202880859375 -0.40863037109375 0.033172607421875 0.1781005859375
-0.444488525390625 -0.457000732421875 -0.040130615234375 0.340545654296875
-0.536865234375 -0.5860595703125 0.0983123779296875 -0.0383682250976563
-0.526885986328125 -0.4366455078125 -0.0195846557617188 0.137260437011719
-0.435791015625 -0.35052490234375 0.133560180664062 0.171646118164062
-0.495086669921875 -0.22076416015625 0.147796630859375 0.03936767578125
-0.547119140625 -0.0833129882812499 0.128822326660156 -0.0858993530273438
-0.62030029296875 0.16046142578125 0.0238838195800781 -0.0430526733398437
-0.522491455078125 0.368896484375 -0.0412940979003907 -0.00725555419921872
-0.49371337890625 0.384033203125 -0.0304450988769532 0.00836944580078127
-0.530853271484375 0.421875 3.81469726559219E-06 0.0426254272460938
-0.57806396484375 0.31298828125 0.014068603515625 0.0625190734863281
-0.5853271484375 0.0740966796875 0.00132369995117184 0.0535125732421875
-0.56976318359375 -0.0346069335937501 -0.055084228515625 0.0916748046875
-0.471038818359375 -0.251190185546875 -0.0564117431640625 0.032928466796875
-0.47265625 -0.38751220703125 -0.089263916015625 0.0439987182617187
-0.503997802734375 -0.484375 -0.163787841796875 0.131729125976562
-0.499114990234375 -0.52398681640625 -0.0410614013671875 -0.24884033203125
-0.464385986328125 -0.4019775390625 -0.09991455078125 -0.0517120361328125
-0.363677978515625 -0.345794677734375 0.095001220703125 0.0597991943359375
-0.442657470703125 -0.2396240234375 0.157699584960937 -0.02545166015625
-0.52435302734375 -0.098846435546875 0.201065063476563 -0.11798095703125
-0.60650634765625 0.1356201171875 0.169479370117187 -0.140289306640625
-0.49261474609375 0.323272705078125 0.107925415039062 -0.180892944335937
-0.45733642578125 0.346771240234375 0.0883941650390625 -0.1884765625
-0.502685546875 0.37066650390625 0.111228942871094 -0.139701843261719
-0.528106689453125 0.259490966796875 0.121932983398437 -0.0649871826171875
-0.50103759765625 0.0458679199218751 0.0439682006835937 -0.0189056396484375
-0.46588134765625 -0.0303649902343749 -0.0806503295898438 0.0370254516601562
-0.407073974609375 -0.190155029296875 -0.125282287597656 -0.0499420166015625
-0.451324462890625 -0.31640625 -0.196075439453125 -0.0958099365234375
-0.49114990234375 -0.44342041015625 -0.28302001953125 -0.0745849609375
-0.39202880859375 -0.3729248046875 -0.154998779296875 -0.4329833984375
-0.329559326171875 -0.29486083984375 -0.168182373046875 -0.23052978515625
-0.235153198242188 -0.272689819335938 0.0381660461425781 -0.0426406860351563
-0.313720703125 -0.201812744140625 0.16009521484375 -0.071441650390625
-0.4102783203125 -0.0863037109375 0.2603759765625 -0.14056396484375
-0.48992919921875 0.0968322753906251 0.29351806640625 -0.237213134765625
-0.384307861328125 0.233154296875 0.2401123046875 -0.34210205078125
-0.35357666015625 0.25836181640625 0.194427490234375 -0.3555908203125
-0.4029541015625 0.267608642578125 0.20751953125 -0.28271484375
-0.403839111328125 0.165252685546875 0.2041015625 -0.15185546875
-0.3499755859375 0.00683593750000001 0.0622787475585937 -0.065704345703125
-0.303619384765625 -0.028472900390625 -0.108131408691406 -0.0255813598632813
-0.293792724609375 -0.11407470703125 -0.167144775390625 -0.145187377929687
-0.36810302734375 -0.216705322265625 -0.257980346679688 -0.22528076171875
-0.407470703125 -0.34320068359375 -0.37774658203125 -0.2529296875
-0.232818603515625 -0.161041259765625 -0.225799560546875 -0.5556640625
-0.158767700195313 -0.132492065429687 -0.20770263671875 -0.3570556640625
-0.08331298828125 -0.134048461914063 -0.0147552490234375 -0.115928649902344
-0.133689880371094 -0.112480163574219 0.1572265625 -0.102005004882812
-0.219024658203125 -0.05364990234375 0.291229248046875 -0.159912109375
-0.28570556640625 0.03924560546875 0.3692626953125 -0.322784423828125
-0.214645385742188 0.101211547851562 0.3260498046875 -0.4671630859375
-0.197616577148438 0.13067626953125 0.272430419921875 -0.468658447265625
-0.245407104492188 0.127777099609375 0.27777099609375 -0.367095947265625
-0.233535766601563 0.0601348876953125 0.253707885742188 -0.192398071289063
-0.167892456054688 -0.02508544921875 0.0615615844726563 -0.0883102416992188
-0.124519348144531 -0.021453857421875 -0.124832153320313 -0.0916595458984375
-0.158462524414063 -0.0388946533203125 -0.171127319335938 -0.237716674804688
-0.2384033203125 -0.0998687744140625 -0.270721435546875 -0.33026123046875
-0.265167236328125 -0.195388793945312 -0.436859130859375 -0.385345458984375
0.0378913879394531 -0.0271682739257813 0.518768310546875 0.362091064453125
0.0505142211914063 -0.0463485717773438 0.284881591796875 0.4110107421875
-0.0307960510253906 -0.0560150146484375 0.155487060546875 0.27838134765625
-0.0489006042480469 -0.0248527526855469 0.0915298461914063 0.139900207519531
-0.0125904083251953 0.00216293334960938 -0.0717239379882813 0.0188140869140625
0.012237548828125 0.0518112182617188 -0.29803466796875 0.181671142578125
0.00236129760742188 0.058563232421875 -0.336822509765625 0.417266845703125
0.00606346130371094 0.0179405212402344 -0.29656982421875 0.53314208984375
0.0404319763183594 0.0203933715820312 -0.317779541015625 0.541259765625
0.0319881439208984 0.0305957794189453 -0.3619384765625 0.38983154296875
-0.00818634033203125 0.0330410003662109 -0.253097534179688 0.24908447265625
-0.0576553344726563 0.0395278930664062 -0.0874786376953125 0.153610229492188
-0.0641403198242188 -0.0133018493652344 0.0323333740234375 0.172470092773437
-0.00178909301757812 -0.0543365478515625 0.205902099609375 0.37213134765625
0.00971508026123047 -0.00232028961181641 0.16534423828125 0.67578125
-0.182296752929688 -0.226852416992187 0.478485107421875 0.359039306640625
-0.169204711914063 -0.166000366210937 0.222869873046875 0.426666259765625
-0.19189453125 -0.131698608398438 0.138519287109375 0.3184814453125
-0.207763671875 -0.060546875 0.096466064453125 0.167098999023438
-0.185638427734375 -0.001373291015625 -0.0391960144042969 0.00828933715820312
-0.192001342773437 0.120452880859375 -0.272598266601563 0.16119384765625
-0.181106567382813 0.203201293945313 -0.32818603515625 0.38714599609375
-0.17730712890625 0.1710205078125 -0.279937744140625 0.496124267578125
-0.168670654296875 0.1837158203125 -0.2825927734375 0.513519287109375
-0.208221435546875 0.139083862304688 -0.31280517578125 0.384521484375
-0.25146484375 0.035247802734375 -0.205001831054688 0.244613647460938
-0.282073974609375 -0.01934814453125 -0.0656585693359375 0.164443969726563
-0.2222900390625 -0.1575927734375 0.056884765625 0.168365478515625
-0.16094970703125 -0.233993530273437 0.19744873046875 0.354034423828125
-0.165924072265625 -0.1993408203125 0.14630126953125 0.63671875
-0.37420654296875 -0.406768798828125 0.38519287109375 0.286468505859375
-0.36846923828125 -0.2869873046875 0.150909423828125 0.391693115234375
-0.337677001953125 -0.21417236328125 0.140777587890625 0.31292724609375
-0.35491943359375 -0.104766845703125 0.1116943359375 0.155105590820312
-0.348175048828125 -0.0170288085937499 0.0031166076660156 -0.0149497985839844
-0.382843017578125 0.1639404296875 -0.208984375 0.115585327148438
-0.345367431640625 0.31243896484375 -0.274078369140625 0.297637939453125
-0.33477783203125 0.298431396484375 -0.225433349609375 0.3836669921875
-0.3455810546875 0.325836181640625 -0.206390380859375 0.407745361328125
-0.405609130859375 0.24749755859375 -0.22119140625 0.322296142578125
-0.451568603515625 0.062286376953125 -0.134490966796875 0.20599365234375
-0.470947265625 -0.0386352539062501 -0.0467376708984375 0.158432006835938
-0.36865234375 -0.249420166015625 0.050750732421875 0.139266967773437
-0.31195068359375 -0.35589599609375 0.139556884765625 0.27935791015625
-0.328369140625 -0.35357666015625 0.079986572265625 0.513336181640625
-0.504486083984375 -0.53094482421875 0.251449584960937 0.148193359375
-0.50030517578125 -0.37890625 0.069732666015625 0.2969970703125
-0.432952880859375 -0.292205810546875 0.149703979492187 0.263168334960938
-0.46234130859375 -0.15673828125 0.134506225585937 0.108200073242187
-0.48052978515625 -0.0423583984375 0.0611763000488281 -0.0507888793945313
-0.53363037109375 0.18048095703125 -0.104873657226563 0.0429153442382813
-0.463134765625 0.373504638671875 -0.17303466796875 0.1591796875
-0.440582275390625 0.37506103515625 -0.137466430664063 0.210525512695313
-0.464935302734375 0.415557861328125 -0.106842041015625 0.23876953125
-0.52813720703125 0.3184814453125 -0.10528564453125 0.203811645507813
-0.5712890625 0.0907592773437499 -0.0601959228515625 0.135673522949219
-0.574951171875 -0.02899169921875 -0.040740966796875 0.132286071777344
-0.463043212890625 -0.271240234375 0.00662994384765623 0.0909881591796875
-0.4307861328125 -0.39910888671875 0.036712646484375 0.16778564453125
-0.450897216796875 -0.44573974609375 -0.028106689453125 0.33740234375
-0.55059814453125 -0.56915283203125 0.0999832153320312 -0.0394515991210938
-0.535369873046875 -0.415618896484375 -0.016815185546875 0.144927978515625
-0.447052001953125 -0.342620849609375 0.139236450195312 0.170623779296875
-0.4991455078125 -0.2069091796875 0.152786254882813 0.0413360595703125
-0.548614501953125 -0.0670166015624999 0.129806518554687 -0.0897979736328125
-0.61456298828125 0.17828369140625 0.0287742614746093 -0.0470008850097656
-0.513397216796875 0.383087158203125 -0.039154052734375 -0.00724029541015623
-0.47918701171875 0.397674560546875 -0.0299491882324219 0.0111846923828125
-0.5146484375 0.436248779296875 0.00217437744140622 0.0441513061523438
-0.56683349609375 0.329833984375 0.011749267578125 0.0617408752441407
-0.582763671875 0.0914916992187499 0.00167083740234371 0.0522880554199219
-0.5694580078125 -0.0197143554687499 -0.0535964965820313 0.0908126831054688
-0.478240966796875 -0.242034912109375 -0.0635032653808594 0.0265769958496094
-0.480712890625 -0.374267578125 -0.0890350341796875 0.0385971069335937
-0.513946533203125 -0.467681884765625 -0.157501220703125 0.133056640625
-0.51251220703125 -0.505523681640625 -0.044708251953125 -0.243133544921875
-0.473297119140625 -0.38421630859375 -0.103530883789063 -0.0405044555664063
-0.37432861328125 -0.34033203125 0.0969467163085937 0.061279296875
-0.44976806640625 -0.22772216796875 0.158798217773438 -0.021514892578125
-0.526580810546875 -0.0825805664062501 0.201736450195313 -0.121292114257813
-0.60162353515625 0.15338134765625 0.1702880859375 -0.14630126953125
-0.482940673828125 0.3377685546875 0.104400634765625 -0.183761596679687
-0.445465087890625 0.356964111328125 0.082855224609375 -0.1865234375
-0.4892578125 0.38470458984375 0.108428955078125 -0.139732360839844
-0.51629638671875 0.27520751953125 0.116279602050781 -0.067535400390625
-0.500640869140625 0.0606079101562501 0.0412635803222656 -0.0192909240722656
-0.465179443359375 -0.0178833007812501 -0.0803375244140625 0.0391082763671875
-0.411590576171875 -0.17974853515625 -0.132705688476563 -0.0532455444335938
-0.458770751953125 -0.303009033203125 -0.199066162109375 -0.0962371826171875
-0.500732421875 -0.427581787109375 -0.282745361328125 -0.067413330078125
-0.40130615234375 -0.357757568359375 -0.1636962890625 -0.42303466796875
-0.334716796875 -0.28094482421875 -0.177688598632813 -0.217208862304688
-0.242950439453125 -0.270599365234375 0.0369796752929687 -0.0394172668457031
-0.320037841796875 -0.193115234375 0.158920288085937 -0.068878173828125
-0.4107666015625 -0.0734863281250001 0.259567260742188 -0.145111083984375
-0.485870361328125 0.1121826171875 0.291473388671875 -0.244598388671875
-0.377532958984375 0.243896484375 0.229705810546875 -0.3468017578125
-0.3448486328125 0.267486572265625 0.1829833984375 -0.354644775390625
-0.3929443359375 0.277679443359375 0.20068359375 -0.284149169921875
-0.397064208984375 0.178131103515625 0.195037841796875 -0.156814575195313
-0.348907470703125 0.01629638671875 0.0588493347167968 -0.0647468566894531
-0.3028564453125 -0.020843505859375 -0.109336853027344 -0.0210418701171875
-0.29571533203125 -0.1064453125 -0.175338745117188 -0.145370483398437
-0.372955322265625 -0.204681396484375 -0.26348876953125 -0.222381591796875
-0.41546630859375 -0.330718994140625 -0.382080078125 -0.24163818359375
-0.234451293945313 -0.152236938476563 -0.23785400390625 -0.542388916015625
-0.161285400390625 -0.125106811523438 -0.22216796875 -0.341766357421875
-0.086700439453125 -0.134162902832031 -0.017333984375 -0.109970092773438
-0.136474609375 -0.109092712402344 0.155487060546875 -0.0984039306640625
-0.21923828125 -0.04461669921875 0.2894287109375 -0.163543701171875
-0.282745361328125 0.04779052734375 0.362396240234375 -0.3310546875
-0.211776733398438 0.10723876953125 0.312225341796875 -0.472015380859375
-0.193023681640625 0.134979248046875 0.2557373046875 -0.472320556640625
-0.239486694335937 0.134231567382812 0.26611328125 -0.371124267578125
-0.229171752929688 0.0672760009765625 0.244400024414062 -0.197402954101563
-0.168685913085937 -0.0214996337890625 0.0562744140625 -0.0859527587890625
-0.124618530273438 -0.018157958984375 -0.128837585449219 -0.086517333984375
-0.15850830078125 -0.033660888671875 -0.180145263671875 -0.23492431640625
-0.239837646484375 -0.0913391113281249 -0.2789306640625 -0.32470703125
-0.269790649414063 -0.187423706054688 -0.4439697265625 -0.37359619140625
0.0377197265625 -0.0307350158691406 0.536407470703125 0.354888916015625
0.0485954284667969 -0.0499000549316406 0.304412841796875 0.41375732421875
-0.0338859558105469 -0.055389404296875 0.169952392578125 0.2838134765625
-0.0528030395507812 -0.0237312316894531 0.102447509765625 0.139045715332031
-0.0151529312133789 0.00135612487792969 -0.071075439453125 0.0150680541992187
0.0164909362792969 0.0546798706054688 -0.29730224609375 0.187957763671875
0.00506973266601563 0.0621376037597656 -0.331207275390625 0.4310302734375
0.00519180297851562 0.0191307067871094 -0.28741455078125 0.54779052734375
0.0416374206542969 0.0191764831542969 -0.311370849609375 0.55926513671875
0.0336952209472656 0.0295505523681641 -0.363037109375 0.4075927734375
-0.00718307495117188 0.0337886810302734 -0.256988525390625 0.256805419921875
-0.0577735900878906 0.040985107421875 -0.08892822265625 0.152877807617188
-0.0661239624023438 -0.01153564453125 0.0342254638671875 0.17327880859375
-0.00357818603515625 -0.0566329956054688 0.217987060546875 0.368194580078125
0.0128145217895508 -0.00430488586425781 0.18621826171875 0.68023681640625
-0.193771362304687 -0.22869873046875 0.498931884765625 0.355804443359375
-0.177581787109375 -0.164566040039062 0.242401123046875 0.4345703125
-0.2012939453125 -0.129486083984375 0.15301513671875 0.323760986328125
-0.2159423828125 -0.0557708740234375 0.1083984375 0.168411254882813
-0.191131591796875 0.00256347656249997 -0.0372505187988281 0.00369644165039063
-0.190689086914062 0.130599975585938 -0.271514892578125 0.166824340820313
-0.178680419921875 0.214385986328125 -0.324951171875 0.3980712890625
-0.177459716796875 0.179580688476562 -0.2720947265625 0.509796142578125
-0.167892456054688 0.192092895507812 -0.27593994140625 0.531951904296875
-0.208663940429687 0.148117065429688 -0.31390380859375 0.402191162109375
-0.257492065429688 0.0422363281249999 -0.2061767578125 0.250656127929688
-0.289093017578125 -0.013580322265625 -0.06640625 0.164459228515625
-0.231903076171875 -0.157455444335938 0.056915283203125 0.1671142578125
-0.17071533203125 -0.237701416015625 0.208892822265625 0.350189208984375
-0.170867919921875 -0.202743530273438 0.16571044921875 0.6444091796875
-0.39501953125 -0.40655517578125 0.40234375 0.282806396484375
-0.382354736328125 -0.283203125 0.16656494140625 0.401123046875
-0.355010986328125 -0.212890625 0.154510498046875 0.3194580078125
-0.3671875 -0.0968627929687501 0.123336791992187 0.1580810546875
-0.35687255859375 -0.00860595703125003 0.00654411315917967 -0.0204448699951172
-0.38507080078125 0.17822265625 -0.205947875976563 0.116729736328125
-0.345184326171875 0.331329345703125 -0.271087646484375 0.304962158203125
-0.334014892578125 0.3143310546875 -0.219573974609375 0.393890380859375
-0.344482421875 0.34234619140625 -0.200286865234375 0.420867919921875
-0.407379150390625 0.263214111328125 -0.2210693359375 0.3338623046875
-0.4627685546875 0.0752563476562499 -0.134735107421875 0.210464477539063
-0.482147216796875 -0.0278015136718751 -0.0469207763671875 0.158111572265625
-0.38433837890625 -0.247802734375 0.0475234985351562 0.136314392089844
-0.33026123046875 -0.358306884765625 0.147552490234375 0.274520874023438
-0.3392333984375 -0.355987548828125 0.0931396484375 0.518768310546875
-0.529815673828125 -0.52911376953125 0.262985229492187 0.145904541015625
-0.518890380859375 -0.37298583984375 0.0809326171875 0.308380126953125
-0.45440673828125 -0.29156494140625 0.16119384765625 0.268783569335938
-0.478759765625 -0.14837646484375 0.145843505859375 0.111221313476562
-0.491363525390625 -0.0309448242187501 0.0647163391113281 -0.056854248046875
-0.538787841796875 0.198883056640625 -0.101409912109375 0.0412673950195313
-0.46441650390625 0.394866943359375 -0.171035766601563 0.163543701171875
-0.440185546875 0.395660400390625 -0.13482666015625 0.21893310546875
-0.464935302734375 0.43658447265625 -0.102157592773437 0.247085571289063
-0.531768798828125 0.340423583984375 -0.106597900390625 0.210784912109375
-0.58251953125 0.10699462890625 -0.0602264404296875 0.13751220703125
-0.588623046875 -0.0151977539062501 -0.0408477783203125 0.132110595703125
-0.484283447265625 -0.26953125 0.00120544433593748 0.0870437622070313
-0.45037841796875 -0.401275634765625 0.03948974609375 0.162994384765625
-0.469085693359375 -0.4466552734375 -0.019256591796875 0.341766357421875
-0.577880859375 -0.56573486328125 0.103988647460937 -0.04132080078125
-0.55523681640625 -0.4097900390625 -0.0136260986328125 0.155670166015625
-0.46875 -0.34405517578125 0.147918701171875 0.1748046875
-0.517822265625 -0.19879150390625 0.161758422851562 0.0445098876953125
-0.56243896484375 -0.0545654296874999 0.135734558105469 -0.0965423583984375
-0.62457275390625 0.1978759765625 0.0331001281738281 -0.0525054931640625
-0.513702392578125 0.405609130859375 -0.0393218994140625 -0.0082588195800781
-0.478240966796875 0.41693115234375 -0.0291194915771485 0.0142536163330078
-0.515228271484375 0.45947265625 0.00499725341796872 0.0454788208007813
-0.5689697265625 0.3529052734375 0.00994873046874996 0.0643768310546875
-0.596923828125 0.108642578125 0.000980377197265584 0.0530509948730469
-0.58306884765625 -0.00524902343750001 -0.0540313720703125 0.0915679931640625
-0.49603271484375 -0.238372802734375 -0.0723342895507813 0.024017333984375
-0.501739501953125 -0.3740234375 -0.0923690795898438 0.0326156616210937
-0.533935546875 -0.467803955078125 -0.156234741210938 0.137527465820312
-0.53582763671875 -0.502593994140625 -0.0482177734375 -0.24609375
-0.4893798828125 -0.37860107421875 -0.107833862304688 -0.0313720703125
-0.39239501953125 -0.344970703125 0.101760864257812 0.0635833740234375
-0.465179443359375 -0.2208251953125 0.166671752929687 -0.0196533203125
-0.540374755859375 -0.0694274902343751 0.207763671875 -0.128219604492188
-0.61090087890625 0.17169189453125 0.176315307617187 -0.155654907226563
-0.48699951171875 0.359649658203125 0.103240966796875 -0.189483642578125
-0.445770263671875 0.376190185546875 0.0809478759765625 -0.1885986328125
-0.489715576171875 0.40655517578125 0.108718872070312 -0.144332885742187
-0.520294189453125 0.295135498046875 0.113838195800781 -0.0707855224609375
-0.511932373046875 0.0752563476562501 0.0406074523925781 -0.0194206237792969
-0.476226806640625 -0.00753784179687497 -0.0825576782226563 0.0411224365234375
-0.4246826171875 -0.17486572265625 -0.14447021484375 -0.0556488037109375
-0.476837158203125 -0.298553466796875 -0.207595825195313 -0.101333618164063
-0.519012451171875 -0.4249267578125 -0.28857421875 -0.063934326171875
-0.41754150390625 -0.354248046875 -0.173675537109375 -0.426971435546875
-0.3466796875 -0.2764892578125 -0.190032958984375 -0.210357666015625
-0.256820678710938 -0.275497436523438 0.0384330749511719 -0.0370521545410156
-0.3319091796875 -0.19061279296875 0.165664672851562 -0.066680908203125
-0.422210693359375 -0.0622863769531249 0.267303466796875 -0.151077270507813
-0.4940185546875 0.12591552734375 0.2972412109375 -0.25775146484375
-0.3800048828125 0.259857177734375 0.2265625 -0.358673095703125
-0.344390869140625 0.281005859375 0.17828369140625 -0.362579345703125
-0.39349365234375 0.293914794921875 0.198974609375 -0.2943115234375
-0.397735595703125 0.191680908203125 0.193008422851563 -0.16314697265625
-0.35797119140625 0.024200439453125 0.0566825866699219 -0.0641670227050781
-0.310333251953125 -0.0140075683593749 -0.113151550292969 -0.0186004638671875
-0.304901123046875 -0.10186767578125 -0.188323974609375 -0.148345947265625
-0.386383056640625 -0.19854736328125 -0.27703857421875 -0.227035522460938
-0.43157958984375 -0.327239990234375 -0.394866943359375 -0.239410400390625
-0.241958618164063 -0.147430419921875 -0.254425048828125 -0.54583740234375
-0.166732788085938 -0.123138427734375 -0.237945556640625 -0.338104248046875
-0.0920181274414062 -0.139152526855469 -0.0198211669921875 -0.107040405273438
-0.1417236328125 -0.10797119140625 0.161346435546875 -0.0975494384765625
-0.224685668945312 -0.0388031005859375 0.296905517578125 -0.169677734375
-0.288177490234375 0.055450439453125 0.366455078125 -0.345672607421875
-0.214889526367188 0.115798950195312 0.307373046875 -0.48773193359375
-0.192825317382812 0.141754150390625 0.25030517578125 -0.48321533203125
-0.240585327148437 0.14239501953125 0.26458740234375 -0.38232421875
-0.231353759765625 0.075469970703125 0.24249267578125 -0.205459594726563
-0.173187255859375 -0.0177764892578125 0.0540237426757812 -0.0849990844726563
-0.126800537109375 -0.0160903930664062 -0.135322570800781 -0.0829620361328125
-0.161529541015625 -0.0291595458984375 -0.193450927734375 -0.239242553710938
-0.247756958007812 -0.0853118896484375 -0.293609619140625 -0.3292236328125
-0.280426025390625 -0.185104370117188 -0.460968017578125 -0.37188720703125
0.0367584228515625 -0.0345230102539063 0.572509765625 0.34814453125
0.0471076965332031 -0.0546722412109375 0.341949462890625 0.418060302734375
-0.0383415222167969 -0.0543785095214844 0.19366455078125 0.29058837890625
-0.0574302673339844 -0.0215187072753906 0.117134094238281 0.138496398925781
-0.0175256729125977 0.002105712890625 -0.0730514526367188 0.0130615234375
0.0222587585449219 0.0570793151855469 -0.300628662109375 0.20538330078125
0.0100936889648438 0.0658721923828125 -0.3262939453125 0.45770263671875
0.00605583190917969 0.0215568542480469 -0.27484130859375 0.57708740234375
0.0433692932128906 0.0175018310546875 -0.30072021484375 0.59661865234375
0.0360946655273438 0.0292854309082031 -0.36260986328125 0.4405517578125
-0.00704193115234375 0.0354766845703125 -0.260177612304687 0.274917602539063
-0.058624267578125 0.0441780090332031 -0.091278076171875 0.15863037109375
-0.0698509216308594 -0.00868225097656249 0.0406951904296875 0.176727294921875
-0.00719451904296875 -0.0611839294433594 0.2427978515625 0.36956787109375
0.0150690078735352 -0.00890445709228516 0.22479248046875 0.6971435546875
-0.214141845703125 -0.229736328125 0.53564453125 0.348175048828125
-0.192153930664062 -0.163253784179688 0.2784423828125 0.444091796875
-0.218246459960938 -0.124847412109375 0.176513671875 0.33343505859375
-0.2293701171875 -0.0465087890625 0.126296997070312 0.170257568359375
-0.199691772460937 0.01092529296875 -0.0377273559570313 -0.000743865966796882
-0.189727783203125 0.145584106445313 -0.2728271484375 0.180328369140625
-0.17462158203125 0.234542846679688 -0.320343017578125 0.4241943359375
-0.17626953125 0.196884155273437 -0.26055908203125 0.539947509765625
-0.167282104492187 0.208404541015625 -0.26251220703125 0.56646728515625
-0.2103271484375 0.164047241210937 -0.311798095703125 0.433380126953125
-0.267654418945313 0.056976318359375 -0.207901000976563 0.267196655273437
-0.30322265625 -0.00170898437499993 -0.0654144287109375 0.169265747070313
-0.249832153320313 -0.154510498046875 0.06231689453125 0.16876220703125
-0.189437866210938 -0.243118286132813 0.232208251953125 0.3480224609375
-0.184280395507812 -0.207244873046875 0.201904296875 0.65936279296875
-0.431732177734375 -0.406219482421875 0.43145751953125 0.277374267578125
-0.410430908203125 -0.275360107421875 0.1959228515625 0.4141845703125
-0.383514404296875 -0.206939697265625 0.177093505859375 0.32965087890625
-0.38824462890625 -0.0833740234375001 0.141632080078125 0.161026000976563
-0.372833251953125 0.00720214843750001 0.00818443298339842 -0.0276927947998047
-0.390899658203125 0.204620361328125 -0.206939697265625 0.124160766601563
-0.340972900390625 0.36328125 -0.26800537109375 0.325714111328125
-0.33251953125 0.342071533203125 -0.210205078125 0.41802978515625
-0.34356689453125 0.372528076171875 -0.190155029296875 0.44744873046875
-0.411041259765625 0.29412841796875 -0.21734619140625 0.359527587890625
-0.48193359375 0.1004638671875 -0.135116577148438 0.222503662109375
-0.506683349609375 -0.00689697265625007 -0.044952392578125 0.162399291992187
-0.413848876953125 -0.243560791015625 0.0482330322265625 0.136642456054687
-0.36151123046875 -0.36273193359375 0.1640625 0.271896362304688
-0.368072509765625 -0.361328125 0.12255859375 0.534027099609375
-0.57769775390625 -0.5283203125 0.28289794921875 0.13970947265625
-0.557403564453125 -0.364776611328125 0.100372314453125 0.32415771484375
-0.49127197265625 -0.28631591796875 0.182861328125 0.277603149414063
-0.50640869140625 -0.131195068359375 0.16339111328125 0.113265991210937
-0.513031005859375 -0.01043701171875 0.0688056945800781 -0.0672798156738281
-0.552581787109375 0.232757568359375 -0.100303649902344 0.04168701171875
-0.464141845703125 0.43475341796875 -0.170211791992188 0.175872802734375
-0.4393310546875 0.433074951171875 -0.128204345703125 0.233688354492188
-0.46405029296875 0.477325439453125 -0.0943603515625001 0.2618408203125
-0.536773681640625 0.381134033203125 -0.103836059570313 0.226409912109375
-0.6060791015625 0.13983154296875 -0.0601654052734375 0.144729614257813
-0.61676025390625 0.01031494140625 -0.0394439697265625 0.136192321777344
-0.517578125 -0.26190185546875 -0.00289154052734378 0.0871200561523438
-0.490570068359375 -0.400634765625 0.045379638671875 0.159713745117187
-0.505767822265625 -0.447509765625 -0.00378417968750001 0.354766845703125
-0.62921142578125 -0.56219482421875 0.109542846679687 -0.0485992431640625
-0.5958251953125 -0.4007568359375 -0.00550842285156253 0.170623779296875
-0.509368896484375 -0.341644287109375 0.163711547851562 0.1805419921875
-0.548248291015625 -0.18365478515625 0.177642822265625 0.044036865234375
-0.5875244140625 -0.0308227539062501 0.141143798828125 -0.108749389648438
-0.6414794921875 0.2330322265625 0.037322998046875 -0.0615043640136719
-0.517822265625 0.44873046875 -0.0396461486816407 -0.00792312622070309
-0.478424072265625 0.457122802734375 -0.0275688171386719 0.0186481475830078
-0.5162353515625 0.5030517578125 0.0092048645019531 0.0476646423339844
-0.57525634765625 0.3946533203125 0.0109367370605468 0.0678024291992188
-0.62005615234375 0.1412353515625 0.00141525268554684 0.0547065734863281
-0.60931396484375 0.02203369140625 -0.0546417236328125 0.0963211059570312
-0.52960205078125 -0.227508544921875 -0.0831527709960938 0.0238418579101562
-0.54083251953125 -0.369293212890625 -0.0985107421875 0.0303726196289062
-0.573486328125 -0.46649169921875 -0.1558837890625 0.147735595703125
-0.57891845703125 -0.49945068359375 -0.0586395263671875 -0.25439453125
-0.523162841796875 -0.37042236328125 -0.115280151367188 -0.0195846557617188
-0.428070068359375 -0.348846435546875 0.11016845703125 0.0669174194335937
-0.4952392578125 -0.21087646484375 0.180419921875 -0.0214385986328125
-0.56707763671875 -0.04913330078125 0.216506958007813 -0.143157958984375
-0.631103515625 0.2071533203125 0.182769775390625 -0.17401123046875
-0.490753173828125 0.3988037109375 0.101272583007812 -0.20098876953125
-0.44561767578125 0.41162109375 0.0783538818359375 -0.195907592773437
-0.489959716796875 0.44635009765625 0.109222412109375 -0.155426025390625
-0.52630615234375 0.333099365234375 0.113029479980469 -0.0762939453125
-0.532562255859375 0.10101318359375 0.0402069091796875 -0.0204200744628906
-0.497100830078125 0.0142822265624999 -0.0844650268554688 0.0456466674804688
-0.45233154296875 -0.164398193359375 -0.161346435546875 -0.0555267333984375
-0.5101318359375 -0.289306640625 -0.224411010742188 -0.103134155273438
-0.5606689453125 -0.4208984375 -0.30126953125 -0.0561523437500001
-0.448699951171875 -0.3487548828125 -0.196136474609375 -0.435699462890625
-0.371490478515625 -0.272796630859375 -0.208847045898438 -0.202865600585938
-0.282623291015625 -0.28167724609375 0.0395965576171875 -0.0349044799804688
-0.353851318359375 -0.184722900390625 0.176300048828125 -0.0698699951171875
-0.44244384765625 -0.045013427734375 0.277938842773438 -0.16748046875
-0.5107421875 0.153900146484375 0.30364990234375 -0.2828369140625
-0.385284423828125 0.290069580078125 0.223602294921875 -0.380645751953125
-0.3465576171875 0.308013916015625 0.171600341796875 -0.381622314453125
-0.396270751953125 0.32391357421875 0.19744873046875 -0.314483642578125
-0.405120849609375 0.218536376953125 0.19195556640625 -0.175674438476563
-0.37237548828125 0.0410766601562499 0.0550498962402344 -0.0667190551757813
-0.32196044921875 -0.000183105468749998 -0.120712280273438 -0.0144424438476563
-0.32159423828125 -0.0909423828125 -0.209243774414063 -0.1495361328125
-0.4119873046875 -0.187774658203125 -0.30108642578125 -0.22930908203125
-0.46636962890625 -0.320770263671875 -0.418792724609375 -0.235443115234375
-0.256744384765625 -0.142074584960938 -0.285247802734375 -0.555694580078125
-0.17822265625 -0.120590209960938 -0.26654052734375 -0.334808349609375
-0.103118896484375 -0.145217895507812 -0.0237274169921875 -0.105659484863281
-0.1517333984375 -0.107833862304688 0.169525146484375 -0.103851318359375
-0.235214233398438 -0.028778076171875 0.30841064453125 -0.18682861328125
-0.298797607421875 0.07159423828125 0.371368408203125 -0.3746337890625
-0.218994140625 0.130905151367188 0.300323486328125 -0.51788330078125
-0.194488525390625 0.155487060546875 0.24102783203125 -0.509490966796875
-0.243438720703125 0.1591796875 0.259857177734375 -0.40887451171875
-0.235702514648438 0.0885467529296875 0.240325927734375 -0.221450805664063
-0.1815185546875 -0.01104736328125 0.0514144897460937 -0.0864486694335938
-0.131141662597656 -0.0114364624023437 -0.1473388671875 -0.0800933837890625
-0.169143676757812 -0.021331787109375 -0.217239379882813 -0.243423461914062
-0.261810302734375 -0.075592041015625 -0.322265625 -0.335205078125
-0.30096435546875 -0.179779052734375 -0.496429443359375 -0.36956787109375
0.0338897705078125 -0.0386810302734375 0.619873046875 0.31854248046875
0.0438995361328125 -0.061004638671875 0.391326904296875 0.40869140625
-0.0447959899902344 -0.0519332885742187 0.227264404296875 0.2884521484375
-0.0628662109375 -0.0157356262207031 0.136802673339844 0.133102416992188
-0.0210552215576172 0.00383377075195312 -0.0754013061523438 0.0133743286132812
0.0313453674316406 0.0581016540527344 -0.296295166015625 0.230987548828125
0.01849365234375 0.0691108703613281 -0.3060302734375 0.49560546875
0.0085906982421875 0.0236930847167969 -0.24267578125 0.61773681640625
0.0459327697753906 0.015716552734375 -0.26641845703125 0.64190673828125
0.0400543212890625 0.0271797180175781 -0.345123291015625 0.484832763671875
-0.00506210327148437 0.0375251770019531 -0.254150390625 0.30242919921875
-0.05865478515625 0.0499763488769531 -0.0872802734375 0.16827392578125
-0.0726318359375 -0.00331115722656251 0.0529632568359375 0.178680419921875
-0.012664794921875 -0.0646400451660156 0.2789306640625 0.359649658203125
0.0169334411621094 -0.0144844055175781 0.2845458984375 0.70587158203125
-0.241378784179688 -0.22119140625 0.58258056640625 0.3216552734375
-0.212631225585938 -0.154190063476562 0.326171875 0.43951416015625
-0.239059448242188 -0.112686157226562 0.21319580078125 0.335174560546875
-0.243270874023437 -0.0281219482421875 0.148910522460937 0.167495727539063
-0.2088623046875 0.02703857421875 -0.0391273498535156 -0.00431442260742188
-0.183074951171875 0.165664672851562 -0.268966674804688 0.201950073242187
-0.15997314453125 0.258987426757813 -0.301361083984375 0.460296630859375
-0.166900634765625 0.219329833984375 -0.22869873046875 0.57574462890625
-0.158035278320313 0.230148315429688 -0.22882080078125 0.60772705078125
-0.205337524414062 0.187057495117188 -0.29132080078125 0.475799560546875
-0.275909423828125 0.079742431640625 -0.200439453125 0.2916259765625
-0.31683349609375 0.0212402343749999 -0.0594635009765625 0.177139282226563
-0.272918701171875 -0.1427001953125 0.0729827880859375 0.168289184570313
-0.216705322265625 -0.24169921875 0.265289306640625 0.337646484375
-0.20501708984375 -0.206375122070313 0.25946044921875 0.6668701171875
-0.482025146484375 -0.389068603515625 0.469329833984375 0.25439453125
-0.44879150390625 -0.2545166015625 0.24005126953125 0.4190673828125
-0.419464111328125 -0.185272216796875 0.2127685546875 0.3331298828125
-0.4107666015625 -0.0540466308593751 0.166122436523437 0.157623291015625
-0.387115478515625 0.0362243652343751 0.00794219970703123 -0.0361480712890625
-0.388397216796875 0.241668701171875 -0.2037353515625 0.137954711914063
-0.32440185546875 0.40423583984375 -0.253143310546875 0.356048583984375
-0.319061279296875 0.3818359375 -0.18377685546875 0.448455810546875
-0.329193115234375 0.416107177734375 -0.16131591796875 0.478973388671875
-0.404144287109375 0.338714599609375 -0.20068359375 0.3927001953125
-0.494537353515625 0.143829345703125 -0.126937866210937 0.240036010742188
-0.52862548828125 0.03265380859375 -0.0383148193359375 0.168731689453125
-0.4515380859375 -0.221588134765625 0.0539169311523437 0.135986328125
-0.404541015625 -0.352996826171875 0.187454223632812 0.262680053710938
-0.40625 -0.352813720703125 0.167083740234375 0.5419921875
-0.64385986328125 -0.50421142578125 0.30535888671875 0.123504638671875
-0.60491943359375 -0.33563232421875 0.132537841796875 0.335418701171875
-0.537933349609375 -0.26116943359375 0.213394165039062 0.279251098632813
-0.536651611328125 -0.09661865234375 0.186172485351563 0.107894897460938
-0.534271240234375 0.0281372070312501 0.0686874389648437 -0.0804824829101563
-0.55645751953125 0.282684326171875 -0.0985870361328125 0.0439300537109375
-0.44549560546875 0.490234375 -0.16314697265625 0.192092895507813
-0.422332763671875 0.483642578125 -0.1131591796875 0.25225830078125
-0.4462890625 0.532928466796875 -0.0770263671875 0.278579711914063
-0.527374267578125 0.43853759765625 -0.0924835205078125 0.246200561523438
-0.62310791015625 0.19366455078125 -0.0537261962890625 0.154800415039063
-0.64208984375 0.0588989257812499 -0.0338287353515625 0.141433715820313
-0.56134033203125 -0.2340087890625 -0.00593566894531253 0.0882110595703125
-0.54168701171875 -0.382080078125 0.0549468994140625 0.154556274414063
-0.557769775390625 -0.43218994140625 0.0228271484375 0.365875244140625
-0.6982421875 -0.53582763671875 0.112335205078125 -0.0603256225585938
-0.64697265625 -0.36993408203125 0.00930786132812498 0.185638427734375
-0.559478759765625 -0.320587158203125 0.187240600585937 0.180557250976563
-0.58428955078125 -0.1492919921875 0.196014404296875 0.035736083984375
-0.6129150390625 0.0119628906250001 0.142715454101562 -0.127761840820313
-0.6500244140625 0.2894287109375 0.0379180908203125 -0.0727157592773437
-0.502899169921875 0.5076904296875 -0.040130615234375 -0.00626373291015622
-0.46075439453125 0.509521484375 -0.0239810943603516 0.0232639312744141
-0.4984130859375 0.56317138671875 0.0143623352050781 0.0471000671386719
-0.56689453125 0.4547119140625 0.01513671875 0.072296142578125
-0.637451171875 0.19610595703125 0.00392150878906247 0.0573768615722656
-0.633544921875 0.0701904296874999 -0.0503234863281251 0.102951049804688
-0.56903076171875 -0.19671630859375 -0.093505859375 0.02923583984375
-0.5909423828125 -0.3441162109375 -0.104843139648438 0.0323867797851562
-0.63250732421875 -0.4451904296875 -0.149124145507813 0.163055419921875
-0.64166259765625 -0.4742431640625 -0.0778961181640626 -0.261306762695313
-0.57147216796875 -0.34356689453125 -0.120635986328125 -0.00353240966796879
-0.4769287109375 -0.334259033203125 0.122695922851562 0.0662612915039062
-0.531005859375 -0.18365478515625 0.193267822265625 -0.0312652587890625
-0.59228515625 -0.00732421875000007 0.219573974609375 -0.1676025390625
-0.642578125 0.26025390625 0.182403564453125 -0.199050903320313
-0.4783935546875 0.454132080078125 0.0926971435546875 -0.216873168945312
-0.430755615234375 0.46136474609375 0.0711669921875 -0.206314086914062
-0.47454833984375 0.503021240234375 0.103225708007812 -0.170578002929687
-0.519073486328125 0.38421630859375 0.109687805175781 -0.0841903686523437
-0.54742431640625 0.147216796875 0.0393829345703125 -0.0225410461425781
-0.51458740234375 0.0548095703124999 -0.0872344970703125 0.0528106689453125
-0.481292724609375 -0.136566162109375 -0.179977416992188 -0.0476531982421875
-0.55291748046875 -0.262298583984375 -0.246475219726562 -0.0970916748046875
-0.61474609375 -0.3956298828125 -0.316680908203125 -0.0386657714843751
-0.492950439453125 -0.327545166015625 -0.2344970703125 -0.43865966796875
-0.406585693359375 -0.253143310546875 -0.234222412109375 -0.186599731445313
-0.31866455078125 -0.276123046875 0.0411834716796875 -0.035003662109375
-0.38134765625 -0.1676025390625 0.18487548828125 -0.08184814453125
-0.46148681640625 -0.0122070312499999 0.282806396484375 -0.195709228515625
-0.52154541015625 0.19775390625 0.30084228515625 -0.319793701171875
-0.379608154296875 0.3309326171875 0.206573486328125 -0.41131591796875
-0.33526611328125 0.344085693359375 0.154998779296875 -0.404052734375
-0.3865966796875 0.3668212890625 0.181060791015625 -0.341796875
-0.401611328125 0.259185791015625 0.184371948242187 -0.193344116210937
-0.3839111328125 0.071502685546875 0.0518264770507812 -0.0701408386230469
-0.333465576171875 0.024383544921875 -0.128097534179688 -0.00491333007812502
-0.339324951171875 -0.0690002441406249 -0.236221313476563 -0.140960693359375
-0.44091796875 -0.16168212890625 -0.334808349609375 -0.22149658203125
-0.50799560546875 -0.29913330078125 -0.45263671875 -0.214599609375
-0.276504516601563 -0.126434326171875 -0.33355712890625 -0.555755615234375
-0.194320678710938 -0.1109619140625 -0.304962158203125 -0.318817138671875
-0.120468139648438 -0.146392822265625 -0.0296096801757813 -0.103561401367188
-0.165542602539062 -0.10296630859375 0.175048828125 -0.117034912109375
-0.244979858398438 -0.011199951171875 0.31304931640625 -0.215240478515625
-0.306060791015625 0.0972900390625001 0.364532470703125 -0.419097900390625
-0.218978881835937 0.1534423828125 0.2772216796875 -0.560455322265625
-0.190719604492188 0.175003051757812 0.214691162109375 -0.543121337890625
-0.240325927734375 0.183853149414063 0.240875244140625 -0.443023681640625
-0.236770629882813 0.109359741210938 0.232040405273437 -0.24395751953125
-0.189285278320313 0.00244140624999997 0.0452041625976562 -0.0888137817382812
-0.135505676269531 -0.00177001953124998 -0.161666870117188 -0.0696258544921875
-0.17535400390625 -0.00747680664062502 -0.249679565429688 -0.238922119140625
-0.276611328125 -0.055999755859375 -0.363006591796875 -0.32672119140625
-0.327392578125 -0.1622314453125 -0.54254150390625 -0.3482666015625
0.0294380187988281 -0.0418128967285156 0.65679931640625 0.266357421875
0.0376853942871094 -0.0662078857421875 0.4407958984375 0.373687744140625
-0.0506820678710938 -0.046783447265625 0.262161254882813 0.271484375
-0.0663108825683594 -0.00754165649414063 0.15478515625 0.1209716796875
-0.0227565765380859 0.0069732666015625 -0.0771102905273438 0.0162200927734375
0.0397605895996094 0.0551567077636719 -0.27777099609375 0.257797241210938
0.0278244018554688 0.0684356689453125 -0.266448974609375 0.5260009765625
0.0111732482910156 0.0241508483886719 -0.1884765625 0.64300537109375
0.0479049682617188 0.0123710632324219 -0.2083740234375 0.6748046875
0.0434303283691406 0.0235023498535156 -0.3048095703125 0.52386474609375
-0.00222015380859375 0.0386734008789063 -0.23199462890625 0.327667236328125
-0.0557594299316406 0.0561561584472656 -0.07659912109375 0.174835205078125
-0.07440185546875 0.00363922119140624 0.06976318359375 0.173309326171875
-0.0201759338378906 -0.0664329528808594 0.313140869140625 0.33184814453125
0.0158958435058594 -0.0212440490722656 0.35528564453125 0.682861328125
-0.266830444335938 -0.199295043945312 0.61798095703125 0.26983642578125
-0.22918701171875 -0.135482788085937 0.377960205078125 0.41424560546875
-0.25439453125 -0.0893096923828125 0.251434326171875 0.32171630859375
-0.2490234375 -0.00271606445312498 0.171371459960937 0.15374755859375
-0.208999633789062 0.048492431640625 -0.04156494140625 -0.00677490234375
-0.166946411132813 0.184173583984375 -0.25250244140625 0.223678588867188
-0.13336181640625 0.276718139648438 -0.262725830078125 0.4888916015625
-0.147171020507813 0.23785400390625 -0.17718505859375 0.6011962890625
-0.1368408203125 0.249435424804688 -0.17230224609375 0.63525390625
-0.188568115234375 0.208892822265625 -0.250762939453125 0.509613037109375
-0.272171020507813 0.108901977539062 -0.17828369140625 0.3114013671875
-0.319427490234375 0.052764892578125 -0.0479583740234375 0.1810302734375
-0.290008544921875 -0.118682861328125 0.0856170654296875 0.161102294921875
-0.244003295898438 -0.227127075195312 0.296173095703125 0.309600830078125
-0.226760864257812 -0.19537353515625 0.3255615234375 0.64569091796875
-0.525634765625 -0.344818115234375 0.499298095703125 0.212677001953125
-0.47576904296875 -0.214202880859375 0.287139892578125 0.403289794921875
-0.445068359375 -0.145904541015625 0.25054931640625 0.3199462890625
-0.420013427734375 -0.0122070312500001 0.188949584960937 0.143463134765625
-0.38824462890625 0.0740966796875 0.00427627563476561 -0.0435333251953125
-0.368804931640625 0.279998779296875 -0.192550659179688 0.152618408203125
-0.28515625 0.440460205078125 -0.223846435546875 0.380645751953125
-0.284881591796875 0.416595458984375 -0.14251708984375 0.467681884765625
-0.292327880859375 0.453216552734375 -0.11688232421875 0.498077392578125
-0.373931884765625 0.381744384765625 -0.165191650390625 0.418060302734375
-0.488616943359375 0.195526123046875 -0.108535766601563 0.253280639648438
-0.53265380859375 0.0849609375 -0.026702880859375 0.170852661132813
-0.478729248046875 -0.184356689453125 0.0617752075195312 0.130393981933594
-0.44451904296875 -0.322967529296875 0.208969116210937 0.241409301757813
-0.44384765625 -0.323760986328125 0.220947265625 0.528656005859375
-0.69940185546875 -0.44622802734375 0.320404052734375 0.09454345703125
-0.6431884765625 -0.28033447265625 0.170501708984375 0.33013916015625
-0.57464599609375 -0.21240234375 0.246780395507812 0.265701293945313
-0.55224609375 -0.04522705078125 0.20599365234375 0.091705322265625
-0.536163330078125 0.0795593261718751 0.06268310546875 -0.0940399169921875
-0.536407470703125 0.337005615234375 -0.094757080078125 0.046630859375
-0.402008056640625 0.538726806640625 -0.147262573242188 0.207305908203125
-0.380889892578125 0.528228759765625 -0.089111328125 0.263671875
-0.39990234375 0.58294677734375 -0.0511474609375 0.286895751953125
-0.48956298828125 0.495697021484375 -0.0696868896484375 0.259689331054688
-0.61346435546875 0.25836181640625 -0.04229736328125 0.16009521484375
-0.64459228515625 0.12353515625 -0.0242004394531251 0.1439208984375
-0.59002685546875 -0.1851806640625 -0.00529479980468754 0.0879287719726563
-0.58502197265625 -0.3377685546875 0.063507080078125 0.14459228515625
-0.60479736328125 -0.38818359375 0.05853271484375 0.364959716796875
-0.75811767578125 -0.4757080078125 0.108360290527344 -0.0729904174804688
-0.68951416015625 -0.3094482421875 0.029449462890625 0.193191528320312
-0.60308837890625 -0.27081298828125 0.210189819335937 0.169326782226562
-0.60455322265625 -0.0967407226562501 0.210006713867187 0.01904296875
-0.61700439453125 0.0690917968749999 0.135177612304687 -0.147903442382813
-0.63323974609375 0.3529052734375 0.0341262817382812 -0.084228515625
-0.4580078125 0.56103515625 -0.0400581359863281 -0.00336456298828122
-0.41839599609375 0.557830810546875 -0.0183525085449219 0.0254936218261719
-0.4490966796875 0.61834716796875 0.0194244384765625 0.0452919006347657
-0.5279541015625 0.515106201171875 0.0221481323242187 0.0748825073242188
-0.62774658203125 0.26141357421875 0.00782012939453122 0.0578765869140625
-0.6346435546875 0.13153076171875 -0.0451354980468751 0.106239318847656
-0.5946044921875 -0.1466064453125 -0.101341247558594 0.0365753173828125
-0.63214111328125 -0.29229736328125 -0.110107421875 0.0364837646484375
-0.68048095703125 -0.38983154296875 -0.133712768554688 0.175933837890625
-0.69390869140625 -0.415771484375 -0.102890014648438 -0.257949829101563
-0.60858154296875 -0.2918701171875 -0.121429443359375 0.0159454345703125
-0.5201416015625 -0.29547119140625 0.134696960449219 0.05926513671875
-0.552978515625 -0.13690185546875 0.199981689453125 -0.0486907958984375
-0.59808349609375 0.0488281249999999 0.210494995117188 -0.193710327148438
-0.62823486328125 0.32415771484375 0.169342041015625 -0.224563598632812
-0.4425048828125 0.504852294921875 0.076629638671875 -0.227630615234375
-0.392791748046875 0.50628662109375 0.0569000244140625 -0.214553833007812
-0.433074951171875 0.553955078125 0.089447021484375 -0.183502197265625
-0.486419677734375 0.439971923828125 0.102767944335937 -0.0923385620117187
-0.540618896484375 0.202392578125 0.0371665954589843 -0.0250816345214844
-0.51397705078125 0.104461669921875 -0.0854873657226563 0.0612716674804688
-0.49822998046875 -0.092010498046875 -0.195159912109375 -0.0316619873046875
-0.58477783203125 -0.212890625 -0.264114379882813 -0.0797576904296875
-0.65936279296875 -0.3397216796875 -0.321624755859375 -0.0118408203125
-0.5283203125 -0.2835693359375 -0.27667236328125 -0.42181396484375
-0.43267822265625 -0.217041015625 -0.253768920898438 -0.15740966796875
-0.352691650390625 -0.2528076171875 0.0420494079589843 -0.0355796813964844
-0.402496337890625 -0.1356201171875 0.186782836914062 -0.0980682373046875
-0.467987060546875 0.0296325683593751 0.273452758789062 -0.226211547851562
-0.5106201171875 0.25042724609375 0.2789306640625 -0.35540771484375
-0.35211181640625 0.371826171875 0.174346923828125 -0.435516357421875
-0.30657958984375 0.3798828125 0.122711181640625 -0.42120361328125
-0.356414794921875 0.408050537109375 0.15118408203125 -0.36322021484375
-0.3822021484375 0.29913330078125 0.167236328125 -0.208084106445312
-0.3822021484375 0.109710693359375 0.0452957153320312 -0.0730209350585938
-0.33221435546875 0.0560607910156251 -0.132469177246094 0.00833892822265626
-0.34747314453125 -0.0362854003906249 -0.259857177734375 -0.1201171875
-0.46197509765625 -0.119659423828125 -0.36383056640625 -0.195892333984375
-0.54351806640625 -0.25146484375 -0.4781494140625 -0.175994873046875
-0.29046630859375 -0.10052490234375 -0.388641357421875 -0.529754638671875
-0.206069946289063 -0.0923614501953125 -0.33929443359375 -0.28497314453125
-0.138298034667969 -0.139610290527344 -0.036468505859375 -0.0986480712890625
-0.176849365234375 -0.090301513671875 0.17169189453125 -0.1331787109375
-0.247268676757812 0.0125122070312499 0.302093505859375 -0.24755859375
-0.302703857421875 0.12872314453125 0.334686279296875 -0.4603271484375
-0.207122802734375 0.176345825195313 0.23175048828125 -0.590087890625
-0.177169799804687 0.194381713867188 0.1707763671875 -0.56671142578125
-0.225936889648438 0.208526611328125 0.2020263671875 -0.470123291015625
-0.228286743164063 0.132919311523438 0.211029052734375 -0.263900756835938
-0.18994140625 0.0204925537109375 0.0371475219726562 -0.0890731811523438
-0.135543823242188 0.00976562500000002 -0.172637939453125 -0.0531005859375
-0.174346923828125 0.0113067626953125 -0.281524658203125 -0.217803955078125
-0.283843994140625 -0.028289794921875 -0.399810791015625 -0.299896240234375
-0.34649658203125 -0.12982177734375 -0.580322265625 -0.302978515625
0.0259552001953125 -0.0425910949707031 0.66424560546875 0.20751953125
0.0299797058105469 -0.0683326721191406 0.465576171875 0.32708740234375
-0.0537223815917969 -0.0393867492675781 0.2828369140625 0.24517822265625
-0.0660057067871094 0.000762939453125008 0.165298461914063 0.103729248046875
-0.0229911804199219 0.0101566314697266 -0.0751953125 0.01922607421875
0.0466270446777344 0.0490798950195313 -0.251800537109375 0.271224975585938
0.03582763671875 0.0646209716796875 -0.2177734375 0.533447265625
0.0134067535400391 0.0237045288085938 -0.13287353515625 0.64141845703125
0.0486907958984375 0.00893020629882813 -0.146484375 0.67755126953125
0.0451202392578125 0.0188827514648437 -0.2550048828125 0.537841796875
0.000946044921875003 0.0387039184570312 -0.204437255859375 0.340667724609375
-0.0513038635253906 0.0606727600097656 -0.0642242431640625 0.175140380859375
-0.0722732543945312 0.010498046875 0.0816497802734375 0.160552978515625
-0.0271072387695313 -0.0659599304199219 0.331451416015625 0.2933349609375
0.0120487213134766 -0.0276317596435547 0.4024658203125 0.63616943359375
-0.278549194335938 -0.170852661132813 0.6279296875 0.2132568359375
-0.235198974609375 -0.11260986328125 0.40875244140625 0.3729248046875
-0.258499145507813 -0.063018798828125 0.2764892578125 0.2955322265625
-0.243637084960938 0.0218963623046875 0.186111450195313 0.135391235351563
-0.201614379882813 0.0652313232421875 -0.0424079895019531 -0.00738143920898437
-0.146133422851563 0.193405151367187 -0.22943115234375 0.235687255859375
-0.104278564453125 0.281951904296875 -0.219512939453125 0.49755859375
-0.12384033203125 0.245803833007812 -0.123291015625 0.59912109375
-0.112350463867187 0.25604248046875 -0.11505126953125 0.6353759765625
-0.165878295898438 0.220855712890625 -0.20306396484375 0.52020263671875
-0.25811767578125 0.131149291992188 -0.151092529296875 0.318511962890625
-0.310272216796875 0.078948974609375 -0.0359344482421875 0.178375244140625
-0.294219970703125 -0.093475341796875 0.0942230224609375 0.147857666015625
-0.260467529296875 -0.20538330078125 0.31109619140625 0.273773193359375
-0.238861083984375 -0.177902221679688 0.3701171875 0.603271484375
-0.5469970703125 -0.29083251953125 0.506256103515625 0.166351318359375
-0.483551025390625 -0.167877197265625 0.320220947265625 0.37164306640625
-0.452392578125 -0.10333251953125 0.277313232421875 0.294525146484375
-0.412322998046875 0.02587890625 0.203445434570312 0.123046875
-0.373077392578125 0.104827880859375 -0.000854492187500019 -0.0484886169433594
-0.336700439453125 0.30328369140625 -0.176925659179688 0.159683227539063
-0.23895263671875 0.453460693359375 -0.188995361328125 0.387847900390625
-0.242279052734375 0.431884765625 -0.100799560546875 0.465423583984375
-0.247528076171875 0.469970703125 -0.07275390625 0.496002197265625
-0.3331298828125 0.405975341796875 -0.125946044921875 0.424163818359375
-0.464111328125 0.234588623046875 -0.08807373046875 0.25604248046875
-0.517120361328125 0.127960205078125 -0.0162353515625 0.166717529296875
-0.486175537109375 -0.14111328125 0.0657196044921875 0.12078857421875
-0.466156005859375 -0.2818603515625 0.218292236328125 0.212570190429687
-0.463592529296875 -0.285736083984375 0.26055908203125 0.4967041015625
-0.72503662109375 -0.3758544921875 0.321533203125 0.065582275390625
-0.652587890625 -0.21856689453125 0.198760986328125 0.312225341796875
-0.58587646484375 -0.15887451171875 0.268783569335937 0.2432861328125
-0.542938232421875 0.00234985351562502 0.216659545898438 0.0717926025390625
-0.51885986328125 0.1224365234375 0.0529251098632812 -0.103126525878906
-0.4964599609375 0.375274658203125 -0.0889816284179688 0.0467987060546875
-0.346649169921875 0.559326171875 -0.126876831054688 0.212799072265625
-0.327545166015625 0.5478515625 -0.0629425048828125 0.263275146484375
-0.34100341796875 0.6075439453125 -0.026092529296875 0.28460693359375
-0.43695068359375 0.52777099609375 -0.0452728271484375 0.261947631835938
-0.58056640625 0.3074951171875 -0.0300445556640625 0.159896850585938
-0.62261962890625 0.17572021484375 -0.015625 0.1414794921875
-0.5946044921875 -0.133056640625 -0.00560760498046879 0.0864486694335938
-0.6048583984375 -0.284423828125 0.0670623779296875 0.130950927734375
-0.6251220703125 -0.3319091796875 0.0887451171875 0.348663330078125
-0.7850341796875 -0.3983154296875 0.0985031127929687 -0.0809097290039063
-0.699462890625 -0.24310302734375 0.0490570068359374 0.192474365234375
-0.61883544921875 -0.21490478515625 0.22515869140625 0.151321411132813
-0.6004638671875 -0.044189453125 0.21441650390625 0.000167846679687497
-0.5985107421875 0.1181640625 0.119964599609375 -0.1614990234375
-0.5936279296875 0.4000244140625 0.0269241333007812 -0.0920257568359375
-0.40008544921875 0.587890625 -0.0384902954101563 -0.00231170654296871
-0.36346435546875 0.5794677734375 -0.0132503509521485 0.0249309539794922
-0.3865966796875 0.6453857421875 0.022216796875 0.0416641235351563
-0.47186279296875 0.548248291015625 0.028167724609375 0.0735855102539063
-0.5936279296875 0.31268310546875 0.011627197265625 0.0562057495117188
-0.60943603515625 0.18365478515625 -0.038909912109375 0.107093811035156
-0.5936279296875 -0.0939941406249999 -0.104301452636719 0.045257568359375
-0.64678955078125 -0.2347412109375 -0.11236572265625 0.0405197143554687
-0.699462890625 -0.32720947265625 -0.1158447265625 0.179779052734375
-0.71661376953125 -0.346923828125 -0.123062133789063 -0.244430541992188
-0.61956787109375 -0.2327880859375 -0.114036560058594 0.0338058471679687
-0.540771484375 -0.24603271484375 0.141250610351562 0.0499267578125
-0.554412841796875 -0.08978271484375 0.19891357421875 -0.064697265625
-0.58099365234375 0.0955810546875001 0.192337036132812 -0.211471557617188
-0.5927734375 0.37164306640625 0.149337768554687 -0.24005126953125
-0.38970947265625 0.531890869140625 0.0582122802734375 -0.230194091796875
-0.342681884765625 0.52587890625 0.0409088134765625 -0.215484619140625
-0.37774658203125 0.58111572265625 0.0712890625 -0.188262939453125
-0.43902587890625 0.47314453125 0.0931472778320312 -0.0957412719726562
-0.5135498046875 0.2451171875 0.0338039398193359 -0.0252265930175781
-0.494415283203125 0.144287109375 -0.0812454223632813 0.0675811767578125
-0.495269775390625 -0.0479736328125001 -0.2022705078125 -0.0130767822265625
-0.5909423828125 -0.15875244140625 -0.272232055664063 -0.0589141845703126
-0.6751708984375 -0.2764892578125 -0.315216064453125 0.0123596191406249
-0.54132080078125 -0.231597900390625 -0.306976318359375 -0.38909912109375
-0.440277099609375 -0.17333984375 -0.259735107421875 -0.124557495117188
-0.371795654296875 -0.21942138671875 0.0423774719238281 -0.0358314514160156
-0.406982421875 -0.102081298828125 0.18017578125 -0.112060546875
-0.453460693359375 0.0691833496093751 0.251846313476563 -0.247467041015625
-0.484161376953125 0.28955078125 0.24676513671875 -0.377166748046875
-0.313629150390625 0.3941650390625 0.13714599609375 -0.440093994140625
-0.269683837890625 0.39593505859375 0.08880615234375 -0.42236328125
-0.315277099609375 0.4302978515625 0.116790771484375 -0.367828369140625
-0.347198486328125 0.326385498046875 0.146270751953125 -0.214096069335937
-0.365203857421875 0.1397705078125 0.0387649536132812 -0.0711746215820312
-0.31939697265625 0.08184814453125 -0.131805419921875 0.0209503173828125
-0.340606689453125 -0.00677490234374997 -0.272567749023438 -0.0946807861328125
-0.461212158203125 -0.077667236328125 -0.3785400390625 -0.163787841796875
-0.552947998046875 -0.19720458984375 -0.481719970703125 -0.136322021484375
-0.292266845703125 -0.0733642578125 -0.4239501953125 -0.48590087890625
-0.208740234375 -0.072967529296875 -0.355133056640625 -0.241546630859375
-0.151611328125 -0.127059936523438 -0.04046630859375 -0.0911636352539063
-0.182205200195312 -0.0755767822265625 0.16229248046875 -0.144744873046875
-0.23980712890625 0.033294677734375 0.280120849609375 -0.27020263671875
-0.28839111328125 0.152496337890625 0.292724609375 -0.483184814453125
-0.189102172851562 0.1905517578125 0.181640625 -0.598876953125
-0.158187866210938 0.205001831054688 0.1229248046875 -0.56805419921875
-0.20501708984375 0.223159790039063 0.158416748046875 -0.47540283203125
-0.21234130859375 0.1490478515625 0.18377685546875 -0.270492553710938
-0.184051513671875 0.035736083984375 0.0288543701171875 -0.0860671997070313
-0.129936218261719 0.01983642578125 -0.176589965820313 -0.034149169921875
-0.16778564453125 0.0260772705078125 -0.299591064453125 -0.1888427734375
-0.278976440429687 -0.00155639648437505 -0.422271728515625 -0.26031494140625
-0.349853515625 -0.0944519042968751 -0.59375 -0.25128173828125
0.0225868225097656 -0.0427703857421875 0.654052734375 0.16619873046875
0.0242424011230469 -0.0681533813476563 0.46917724609375 0.2890625
-0.0547065734863281 -0.033111572265625 0.291229248046875 0.223114013671875
-0.0640068054199219 0.00644683837890624 0.170486450195312 0.090728759765625
-0.022705078125 0.0123157501220703 -0.0719985961914063 0.0191879272460938
0.0506706237792969 0.0437507629394531 -0.229721069335938 0.272384643554688
0.0403289794921875 0.0601730346679687 -0.186065673828125 0.52587890625
0.0153942108154297 0.0236587524414063 -0.09735107421875 0.6259765625
0.0484580993652344 0.00638961791992187 -0.10400390625 0.661376953125
0.0456733703613281 0.0141029357910156 -0.218841552734375 0.535003662109375
0.00290298461914062 0.0377388000488281 -0.182403564453125 0.337921142578125
-0.0468788146972656 0.062774658203125 -0.056884765625 0.16998291015625
-0.0690727233886719 0.0140228271484375 0.08563232421875 0.147308349609375
-0.0311965942382813 -0.0646476745605469 0.332000732421875 0.261932373046875
0.00684356689453125 -0.0315818786621094 0.4222412109375 0.59271240234375
-0.278961181640625 -0.148117065429688 0.61895751953125 0.17279052734375
-0.233642578125 -0.09600830078125 0.41778564453125 0.3367919921875
-0.254867553710938 -0.044403076171875 0.28790283203125 0.273284912109375
-0.2337646484375 0.0358428955078125 0.192123413085937 0.120254516601563
-0.191375732421875 0.0740966796875 -0.0433120727539063 -0.00898361206054686
-0.129135131835938 0.19293212890625 -0.2108154296875 0.235015869140625
-0.0835418701171875 0.277130126953125 -0.188018798828125 0.4898681640625
-0.10577392578125 0.24530029296875 -0.0894775390625 0.58160400390625
-0.0937347412109375 0.255386352539063 -0.0778808593749999 0.6190185546875
-0.147109985351563 0.222930908203125 -0.16864013671875 0.5142822265625
-0.2437744140625 0.142410278320312 -0.133453369140625 0.31427001953125
-0.297607421875 0.0947570800781251 -0.0300445556640625 0.172103881835937
-0.290924072265625 -0.07513427734375 0.0953521728515625 0.135719299316406
-0.265838623046875 -0.188491821289062 0.310760498046875 0.2430419921875
-0.244003295898437 -0.164321899414063 0.389068603515625 0.5614013671875
-0.54620361328125 -0.248748779296875 0.498626708984375 0.133758544921875
-0.476531982421875 -0.135467529296875 0.33270263671875 0.3421630859375
-0.44525146484375 -0.0729675292968749 0.288330078125 0.272613525390625
-0.396728515625 0.0489501953125 0.209808349609375 0.10693359375
-0.35491943359375 0.121307373046875 -0.00531768798828127 -0.0510749816894531
-0.309478759765625 0.311492919921875 -0.164276123046875 0.157485961914063
-0.205535888671875 0.450286865234375 -0.16522216796875 0.383148193359375
-0.211151123046875 0.430633544921875 -0.07464599609375 0.452789306640625
-0.212493896484375 0.469757080078125 -0.0434265136718751 0.482513427734375
-0.29852294921875 0.41229248046875 -0.0987243652343751 0.417633056640625
-0.437469482421875 0.25506591796875 -0.073944091796875 0.250823974609375
-0.494842529296875 0.152496337890625 -0.01080322265625 0.16033935546875
-0.47900390625 -0.112060546875 0.0636062622070312 0.112258911132813
-0.4708251953125 -0.2506103515625 0.21588134765625 0.18975830078125
-0.464691162109375 -0.254913330078125 0.27685546875 0.464599609375
-0.72406005859375 -0.32196044921875 0.314697265625 0.04547119140625
-0.642578125 -0.175537109375 0.214019775390625 0.293731689453125
-0.5792236328125 -0.119384765625 0.27752685546875 0.223480224609375
-0.524322509765625 0.0328063964843751 0.220001220703125 0.0574493408203125
-0.49468994140625 0.144195556640625 0.044281005859375 -0.107566833496094
-0.462921142578125 0.390411376953125 -0.0849533081054688 0.0441665649414063
-0.304046630859375 0.55828857421875 -0.1134033203125 0.211395263671875
-0.288177490234375 0.5472412109375 -0.04779052734375 0.255401611328125
-0.29681396484375 0.60784912109375 -0.010528564453125 0.275405883789063
-0.39300537109375 0.53533935546875 -0.02874755859375 0.257064819335938
-0.546142578125 0.332061767578125 -0.02227783203125 0.1553955078125
-0.5953369140625 0.2042236328125 -0.0123901367187501 0.136077880859375
-0.5849609375 -0.09832763671875 -0.00821685791015629 0.0842437744140625
-0.60589599609375 -0.24530029296875 0.0642776489257812 0.119117736816406
-0.62408447265625 -0.29180908203125 0.1038818359375 0.329071044921875
-0.7833251953125 -0.3394775390625 0.090240478515625 -0.0844192504882813
-0.68878173828125 -0.195556640625 0.0618133544921875 0.188262939453125
-0.615234375 -0.173583984375 0.230972290039062 0.137069702148437
-0.5833740234375 -0.00982666015625004 0.2139892578125 -0.011962890625
-0.57293701171875 0.145263671875 0.106643676757812 -0.167205810546875
-0.555267333984375 0.420166015625 0.0208511352539062 -0.0966720581054687
-0.35699462890625 0.5880126953125 -0.0373458862304688 -0.00144958496093747
-0.32135009765625 0.580322265625 -0.0103263854980469 0.0226001739501954
-0.3394775390625 0.647705078125 0.0236778259277344 0.0384483337402344
-0.425506591796875 0.55792236328125 0.0328750610351562 0.0721588134765625
-0.559722900390625 0.3350830078125 0.0128746032714843 0.0539627075195313
-0.58062744140625 0.2113037109375 -0.0362930297851563 0.105094909667969
-0.581298828125 -0.0609130859375 -0.107093811035156 0.0512619018554688
-0.64117431640625 -0.193603515625 -0.114486694335938 0.0420761108398437
-0.6953125 -0.27960205078125 -0.101654052734375 0.175933837890625
-0.71417236328125 -0.29595947265625 -0.1326904296875 -0.230209350585938
-0.6103515625 -0.191650390625 -0.105018615722656 0.045440673828125
-0.54241943359375 -0.209747314453125 0.143753051757813 0.0422210693359375
-0.542694091796875 -0.05804443359375 0.194717407226562 -0.0741424560546875
-0.556976318359375 0.12298583984375 0.175735473632813 -0.21807861328125
-0.55645751953125 0.394378662109375 0.132415771484375 -0.246429443359375
-0.349884033203125 0.536041259765625 0.0462646484375 -0.227828979492187
-0.305389404296875 0.526519775390625 0.0299224853515625 -0.211074829101562
-0.33416748046875 0.5858154296875 0.0582427978515625 -0.185470581054687
-0.3984375 0.481353759765625 0.0861282348632812 -0.0952529907226562
-0.484466552734375 0.266021728515625 0.0318412780761718 -0.0256595611572265
-0.470184326171875 0.166961669921875 -0.0781631469726563 0.0702438354492188
-0.48028564453125 -0.0207519531249999 -0.20489501953125 -0.000167846679687522
-0.58331298828125 -0.1202392578125 -0.273239135742188 -0.044525146484375
-0.66693115234375 -0.2310791015625 -0.30364990234375 0.0248107910156249
-0.5362548828125 -0.192596435546875 -0.31793212890625 -0.360565185546875
-0.4344482421875 -0.14263916015625 -0.25433349609375 -0.0989837646484375
-0.377227783203125 -0.1943359375 0.0422096252441406 -0.0352745056152344
-0.400665283203125 -0.0792236328125 0.173690795898437 -0.119537353515625
-0.435821533203125 0.0898742675781249 0.232376098632812 -0.255462646484375
-0.4552001953125 0.30889892578125 0.22100830078125 -0.383392333984375
-0.284637451171875 0.39776611328125 0.112579345703125 -0.43572998046875
-0.241729736328125 0.3975830078125 0.06658935546875 -0.41473388671875
-0.281646728515625 0.4345703125 0.092987060546875 -0.360748291015625
-0.318145751953125 0.33447265625 0.131317138671875 -0.2113037109375
-0.345367431640625 0.155364990234375 0.0343360900878906 -0.0684356689453125
-0.303436279296875 0.09521484375 -0.129463195800781 0.0295944213867188
-0.328582763671875 0.0108032226562501 -0.274261474609375 -0.075164794921875
-0.452789306640625 -0.04754638671875 -0.379913330078125 -0.1405029296875
-0.54339599609375 -0.158111572265625 -0.472259521484375 -0.11126708984375
-0.286163330078125 -0.05377197265625 -0.434295654296875 -0.446990966796875
-0.20574951171875 -0.058502197265625 -0.353759765625 -0.208831787109375
-0.157318115234375 -0.116683959960937 -0.040863037109375 -0.0849990844726563
-0.182220458984375 -0.06536865234375 0.15252685546875 -0.14984130859375
-0.229598999023437 0.0447998046875 0.259445190429688 -0.2777099609375
-0.27301025390625 0.164840698242187 0.2620849609375 -0.485015869140625
-0.174209594726562 0.195068359375 0.14642333984375 -0.5897216796875
-0.14385986328125 0.206939697265625 0.09234619140625 -0.555938720703125
-0.187332153320313 0.227767944335937 0.12896728515625 -0.4661865234375
-0.197006225585937 0.1553955078125 0.164031982421875 -0.266693115234375
-0.1756591796875 0.043609619140625 0.0240936279296875 -0.080322265625
-0.1234130859375 0.024383544921875 -0.175064086914063 -0.020416259765625
-0.158615112304688 0.0336456298828125 -0.304779052734375 -0.164306640625
-0.269058227539062 0.0160522460937499 -0.42523193359375 -0.23138427734375
-0.3414306640625 -0.06964111328125 -0.5875244140625 -0.216064453125
0.0212745666503906 -0.0415496826171875 0.64752197265625 0.143798828125
0.0208358764648438 -0.0673561096191406 0.47100830078125 0.267669677734375
-0.0545120239257812 -0.0291671752929687 0.296539306640625 0.212921142578125
-0.062469482421875 0.0101776123046875 0.174606323242188 0.082427978515625
-0.0229225158691406 0.0136203765869141 -0.0712203979492188 0.0174789428710937
0.0526313781738281 0.0392913818359375 -0.218154907226563 0.270553588867188
0.0436744689941406 0.0566825866699219 -0.1717529296875 0.52020263671875
0.0170345306396484 0.0236682891845703 -0.07977294921875 0.614990234375
0.0482521057128906 0.0048980712890625 -0.0836181640625 0.65087890625
0.0457534790039063 0.0120086669921875 -0.19970703125 0.530517578125
0.00341415405273438 0.0370864868164063 -0.173980712890625 0.336273193359375
-0.0452232360839844 0.0635757446289063 -0.0547027587890625 0.166839599609375
-0.0665359497070313 0.015533447265625 0.0867080688476563 0.139450073242188
-0.034454345703125 -0.0647468566894531 0.330230712890625 0.242919921875
0.00189590454101563 -0.0344505310058594 0.4295654296875 0.56951904296875
-0.278793334960938 -0.136016845703125 0.612548828125 0.15252685546875
-0.232620239257813 -0.0860748291015625 0.423126220703125 0.31561279296875
-0.252227783203125 -0.03253173828125 0.2955322265625 0.261962890625
-0.227066040039062 0.0445098876953124 0.197586059570312 0.111068725585938
-0.186599731445313 0.07855224609375 -0.0437088012695313 -0.0113983154296875
-0.119491577148438 0.193038940429688 -0.201614379882813 0.231781005859375
-0.0708160400390625 0.273712158203125 -0.174072265625 0.48394775390625
-0.0964202880859375 0.244705200195312 -0.074462890625 0.5728759765625
-0.08349609375 0.254180908203125 -0.05859375 0.6080322265625
-0.136001586914063 0.222854614257813 -0.149444580078125 0.508392333984375
-0.235443115234375 0.148025512695312 -0.1248779296875 0.311004638671875
-0.290191650390625 0.10296630859375 -0.028594970703125 0.167266845703125
-0.28759765625 -0.0661926269531249 0.0938720703125 0.127998352050781
-0.269805908203125 -0.180023193359375 0.306732177734375 0.2255859375
-0.248367309570312 -0.157760620117187 0.396270751953125 0.536224365234375
-0.542755126953125 -0.225799560546875 0.493621826171875 0.11737060546875
-0.471649169921875 -0.117279052734375 0.340362548828125 0.325042724609375
-0.443023681640625 -0.0540771484375 0.295623779296875 0.261199951171875
-0.386322021484375 0.062591552734375 0.214157104492188 0.0975494384765625
-0.34588623046875 0.128875732421875 -0.00814819335937502 -0.0545234680175781
-0.2943115234375 0.3162841796875 -0.157791137695313 0.154220581054688
-0.186737060546875 0.447296142578125 -0.153167724609375 0.37841796875
-0.195281982421875 0.428863525390625 -0.06134033203125 0.4437255859375
-0.193603515625 0.468048095703125 -0.02978515625 0.473175048828125
-0.2784423828125 0.414642333984375 -0.08251953125 0.41204833984375
-0.422760009765625 0.264923095703125 -0.0680694580078125 0.247390747070313
-0.4827880859375 0.1673583984375 -0.010772705078125 0.155914306640625
-0.474761962890625 -0.09661865234375 0.0598602294921875 0.107719421386719
-0.473602294921875 -0.235076904296875 0.210769653320312 0.177154541015625
-0.466644287109375 -0.2398681640625 0.28436279296875 0.444732666015625
-0.7218017578125 -0.2919921875 0.30877685546875 0.035797119140625
-0.6361083984375 -0.15081787109375 0.221923828125 0.283782958984375
-0.57684326171875 -0.0952758789062499 0.28411865234375 0.213043212890625
-0.512969970703125 0.0487060546874999 0.22344970703125 0.0479583740234375
-0.48089599609375 0.156646728515625 0.0384597778320312 -0.110603332519531
-0.445404052734375 0.39691162109375 -0.0837478637695313 0.039642333984375
-0.282623291015625 0.556610107421875 -0.107437133789063 0.209014892578125
-0.26727294921875 0.5445556640625 -0.040802001953125 0.249969482421875
-0.27252197265625 0.6070556640625 -0.00350952148437502 0.269439697265625
-0.3668212890625 0.538848876953125 -0.0194091796875 0.25299072265625
-0.526458740234375 0.344940185546875 -0.0191802978515625 0.15234375
-0.578857421875 0.22052001953125 -0.012115478515625 0.132499694824219
-0.57879638671875 -0.08026123046875 -0.0133285522460938 0.084228515625
-0.60650634765625 -0.22406005859375 0.0586853027343749 0.11279296875
-0.62261962890625 -0.27117919921875 0.111114501953125 0.31683349609375
-0.77984619140625 -0.30718994140625 0.0845718383789062 -0.0855865478515625
-0.681640625 -0.17095947265625 0.07012939453125 0.18670654296875
-0.615234375 -0.14910888671875 0.235427856445312 0.128860473632813
-0.573974609375 0.00811767578124994 0.214675903320313 -0.01922607421875
-0.55816650390625 0.156585693359375 0.0981903076171875 -0.1710205078125
-0.537017822265625 0.431732177734375 0.0153579711914062 -0.101608276367187
-0.333740234375 0.5887451171875 -0.0366477966308594 -0.00155639648437497
-0.29925537109375 0.57855224609375 -0.00999450683593752 0.021017074584961
-0.3121337890625 0.6456298828125 0.0227546691894531 0.0369415283203125
-0.3984375 0.56304931640625 0.0353813171386718 0.0701942443847657
-0.538970947265625 0.34808349609375 0.0133857727050781 0.0519905090332031
-0.56451416015625 0.22637939453125 -0.0360260009765625 0.104164123535156
-0.57373046875 -0.0440673828124999 -0.111007690429688 0.0562210083007812
-0.63897705078125 -0.17047119140625 -0.117698669433594 0.0431060791015625
-0.6903076171875 -0.2548828125 -0.0946807861328125 0.171539306640625
-0.70849609375 -0.26373291015625 -0.138198852539063 -0.222503662109375
-0.60247802734375 -0.167236328125 -0.0978851318359375 0.0517730712890625
-0.544830322265625 -0.18939208984375 0.14556884765625 0.0377655029296875
-0.535247802734375 -0.0438842773437499 0.193283081054687 -0.079986572265625
-0.543243408203125 0.1343994140625 0.165115356445312 -0.221237182617187
-0.53955078125 0.40704345703125 0.121994018554688 -0.251434326171875
-0.330352783203125 0.53594970703125 0.0399627685546875 -0.22607421875
-0.2867431640625 0.526275634765625 0.0244140625 -0.21014404296875
-0.31072998046875 0.58447265625 0.0504913330078125 -0.182846069335938
-0.373504638671875 0.48626708984375 0.0837860107421875 -0.0941619873046875
-0.466552734375 0.276641845703125 0.0304546356201172 -0.0252857208251953
-0.455718994140625 0.17730712890625 -0.078094482421875 0.07257080078125
-0.472686767578125 -0.00781250000000006 -0.20806884765625 0.00964355468749997
-0.57855224609375 -0.0981445312500001 -0.275726318359375 -0.0373687744140626
-0.66015625 -0.2069091796875 -0.297515869140625 0.0286865234374999
-0.53228759765625 -0.169830322265625 -0.323577880859375 -0.3446044921875
-0.429443359375 -0.127471923828125 -0.249267578125 -0.0842895507812501
-0.381378173828125 -0.179290771484375 0.0429344177246094 -0.0359878540039063
-0.397674560546875 -0.0675048828125001 0.168502807617187 -0.122833251953125
-0.42486572265625 0.098480224609375 0.2213134765625 -0.259384155273438
-0.44146728515625 0.3193359375 0.206146240234375 -0.386871337890625
-0.27001953125 0.40081787109375 0.0999755859375 -0.4320068359375
-0.227264404296875 0.39617919921875 0.0562744140625 -0.408599853515625
-0.26397705078125 0.4366455078125 0.0809326171874999 -0.35552978515625
-0.300384521484375 0.3370361328125 0.124176025390625 -0.20751953125
-0.333709716796875 0.162933349609375 0.032196044921875 -0.0657844543457031
-0.293182373046875 0.101470947265625 -0.129280090332031 0.035186767578125
-0.32080078125 0.0207214355468749 -0.27850341796875 -0.06219482421875
-0.4464111328125 -0.0314025878906249 -0.38134765625 -0.1270751953125
-0.535400390625 -0.138824462890625 -0.46728515625 -0.100067138671875
-0.28240966796875 -0.042388916015625 -0.441131591796875 -0.427459716796875
-0.203628540039062 -0.05029296875 -0.349639892578125 -0.188201904296875
-0.161392211914062 -0.110671997070313 -0.0406112670898438 -0.0817337036132812
-0.182159423828125 -0.0605621337890625 0.147689819335938 -0.152053833007812
-0.222610473632813 0.0499420166015625 0.249099731445313 -0.280258178710938
-0.265579223632813 0.173507690429688 0.243621826171875 -0.4884033203125
-0.167083740234375 0.197341918945313 0.13037109375 -0.5836181640625
-0.137130737304688 0.207717895507812 0.0766296386718749 -0.548370361328125
-0.178131103515625 0.229751586914063 0.113983154296875 -0.458740234375
-0.188568115234375 0.159439086914062 0.15496826171875 -0.261367797851563
-0.1712646484375 0.04705810546875 0.021881103515625 -0.0752105712890625
-0.118927001953125 0.02593994140625 -0.175399780273438 -0.0120697021484375
-0.1531982421875 0.03765869140625 -0.308258056640625 -0.1497802734375
-0.263229370117188 0.0260925292968749 -0.42742919921875 -0.213531494140625
-0.334564208984375 -0.05572509765625 -0.58392333984375 -0.19842529296875
0.0204696655273437 -0.0424575805664063 0.65521240234375 0.1324462890625
0.0182456970214844 -0.0689544677734375 0.481170654296875 0.257781982421875
-0.0545463562011719 -0.0260276794433594 0.308349609375 0.2093505859375
-0.062042236328125 0.0132637023925781 0.182968139648438 0.0770416259765625
-0.0240573883056641 0.0148239135742188 -0.0720367431640625 0.0147705078125
0.0555686950683594 0.0364761352539063 -0.214767456054688 0.27166748046875
0.0471267700195313 0.0548820495605469 -0.163665771484375 0.524932861328125
0.0192165374755859 0.0239086151123047 -0.07000732421875 0.61956787109375
0.0498466491699219 0.00345993041992187 -0.07080078125 0.653564453125
0.0463333129882813 0.00954055786132813 -0.190093994140625 0.53656005859375
0.00389480590820312 0.0381736755371094 -0.17041015625 0.342041015625
-0.0443153381347656 0.0667648315429687 -0.0554656982421875 0.16717529296875
-0.065887451171875 0.0168800354003906 0.087127685546875 0.134368896484375
-0.0392417907714844 -0.0670509338378906 0.331695556640625 0.23504638671875
-0.003173828125 -0.0371856689453125 0.444580078125 0.56231689453125
-0.283447265625 -0.128753662109375 0.619140625 0.14105224609375
-0.236038208007813 -0.0809936523437499 0.435455322265625 0.306915283203125
-0.254791259765625 -0.02313232421875 0.307647705078125 0.2586669921875
-0.227005004882813 0.052093505859375 0.207717895507812 0.104507446289062
-0.1868896484375 0.0839691162109375 -0.04541015625 -0.0147056579589844
-0.115005493164063 0.1953125 -0.198867797851563 0.232147216796875
-0.0637054443359375 0.275314331054688 -0.167877197265625 0.48944091796875
-0.0903778076171875 0.249191284179688 -0.0656127929687499 0.57623291015625
-0.077117919921875 0.258819580078125 -0.046630859375 0.6112060546875
-0.130462646484375 0.226547241210938 -0.13970947265625 0.513763427734375
-0.23455810546875 0.155227661132812 -0.1224365234375 0.31524658203125
-0.291290283203125 0.111480712890625 -0.02972412109375 0.167037963867188
-0.2916259765625 -0.061370849609375 0.0929412841796875 0.125144958496094
-0.28033447265625 -0.176193237304687 0.307708740234375 0.217437744140625
-0.25750732421875 -0.156723022460938 0.408905029296875 0.5316162109375
-0.55218505859375 -0.21295166015625 0.498382568359375 0.10760498046875
-0.477813720703125 -0.106719970703125 0.35296630859375 0.3189697265625
-0.4481201171875 -0.038177490234375 0.3084716796875 0.258514404296875
-0.38671875 0.0729980468750001 0.22418212890625 0.0912628173828125
-0.345123291015625 0.136383056640625 -0.0118408203125 -0.0592002868652344
-0.289947509765625 0.32452392578125 -0.15777587890625 0.15264892578125
-0.177459716796875 0.453216552734375 -0.14971923828125 0.383453369140625
-0.18743896484375 0.43634033203125 -0.055389404296875 0.447662353515625
-0.18353271484375 0.47845458984375 -0.0202026367187501 0.475494384765625
-0.26904296875 0.4227294921875 -0.07318115234375 0.41436767578125
-0.419189453125 0.2779541015625 -0.065765380859375 0.248550415039063
-0.48297119140625 0.180999755859375 -0.012939453125 0.156082153320313
-0.4825439453125 -0.087982177734375 0.0574874877929687 0.106788635253906
-0.48687744140625 -0.227783203125 0.208740234375 0.170303344726563
-0.479248046875 -0.236175537109375 0.294677734375 0.439056396484375
-0.73291015625 -0.27191162109375 0.310150146484375 0.02880859375
-0.64501953125 -0.13494873046875 0.23272705078125 0.28216552734375
-0.58758544921875 -0.0776367187499999 0.2955322265625 0.209716796875
-0.51556396484375 0.064117431640625 0.231216430664062 0.0416717529296875
-0.481964111328125 0.16705322265625 0.0343704223632812 -0.116340637207031
-0.441162109375 0.410888671875 -0.0862808227539063 0.035888671875
-0.27215576171875 0.56591796875 -0.105209350585938 0.211685180664063
-0.259674072265625 0.5562744140625 -0.0372772216796875 0.251846313476563
-0.26007080078125 0.61822509765625 0.000778198242187474 0.27099609375
-0.35382080078125 0.550933837890625 -0.01324462890625 0.254852294921875
-0.52276611328125 0.36016845703125 -0.0183563232421875 0.152664184570313
-0.57769775390625 0.23712158203125 -0.0147247314453125 0.133132934570313
-0.5865478515625 -0.0679931640625001 -0.0180587768554688 0.0874862670898438
-0.62091064453125 -0.21124267578125 0.0542755126953125 0.110488891601562
-0.6348876953125 -0.26251220703125 0.1173095703125 0.313232421875
-0.79095458984375 -0.28759765625 0.0812759399414062 -0.0879058837890625
-0.68878173828125 -0.1522216796875 0.0767822265625 0.18890380859375
-0.6268310546875 -0.13134765625 0.243698120117188 0.126174926757813
-0.57867431640625 0.0203857421874999 0.220260620117187 -0.025970458984375
-0.558990478515625 0.16815185546875 0.0944366455078125 -0.17706298828125
-0.533233642578125 0.4488525390625 0.0116500854492187 -0.108634948730469
-0.3250732421875 0.599853515625 -0.0376663208007813 -0.00203323364257809
-0.2918701171875 0.588623046875 -0.0106258392333985 0.0212078094482422
-0.30010986328125 0.65960693359375 0.02239990234375 0.0370674133300782
-0.3853759765625 0.57666015625 0.0386276245117187 0.0703048706054688
-0.53533935546875 0.36358642578125 0.0136337280273437 0.0514945983886719
-0.56304931640625 0.2392578125 -0.0385513305664063 0.106224060058594
-0.578857421875 -0.03082275390625 -0.117889404296875 0.063385009765625
-0.65087890625 -0.1534423828125 -0.125244140625 0.0449295043945312
-0.70062255859375 -0.24249267578125 -0.0935821533203125 0.171035766601563
-0.7203369140625 -0.2454833984375 -0.145904541015625 -0.221267700195313
-0.60992431640625 -0.15155029296875 -0.0945434570312501 0.0584259033203125
-0.558013916015625 -0.1749267578125 0.150115966796875 0.035736083984375
-0.542877197265625 -0.0332336425781249 0.19561767578125 -0.0860443115234375
-0.54559326171875 0.1446533203125 0.160385131835937 -0.228530883789062
-0.53668212890625 0.42413330078125 0.115890502929688 -0.260482788085938
-0.3223876953125 0.546112060546875 0.0363311767578125 -0.23004150390625
-0.278045654296875 0.536712646484375 0.0205078125 -0.211334228515625
-0.30126953125 0.5977783203125 0.0469818115234375 -0.184219360351563
-0.36328125 0.4981689453125 0.0836715698242187 -0.0943832397460937
-0.4630126953125 0.289520263671875 0.0294132232666015 -0.0255279541015625
-0.45574951171875 0.18817138671875 -0.0811920166015625 0.0774688720703125
-0.475982666015625 0.0032958984375 -0.215301513671875 0.0196685791015625
-0.585205078125 -0.082763671875 -0.284210205078125 -0.031494140625
-0.6671142578125 -0.19512939453125 -0.30145263671875 0.0308532714843751
-0.538055419921875 -0.1552734375 -0.3341064453125 -0.340423583984375
-0.432952880859375 -0.11688232421875 -0.250106811523438 -0.0753173828125
-0.39306640625 -0.171539306640625 0.043487548828125 -0.0367774963378906
-0.40386962890625 -0.0605468749999999 0.170852661132812 -0.128204345703125
-0.426239013671875 0.10845947265625 0.21923828125 -0.266555786132812
-0.440643310546875 0.33575439453125 0.198333740234375 -0.398284912109375
-0.264007568359375 0.4097900390625 0.092926025390625 -0.438751220703125
-0.223663330078125 0.4034423828125 0.04815673828125 -0.41357421875
-0.256256103515625 0.445526123046875 0.074737548828125 -0.357391357421875
-0.293121337890625 0.3472900390625 0.122482299804688 -0.208663940429687
-0.33154296875 0.1708984375 0.0307273864746094 -0.0652236938476562
-0.292633056640625 0.107269287109375 -0.132225036621094 0.0409393310546875
-0.321136474609375 0.028564453125 -0.286651611328125 -0.051300048828125
-0.44940185546875 -0.0179138183593749 -0.391387939453125 -0.1195068359375
-0.54022216796875 -0.126983642578125 -0.47369384765625 -0.0956115722656249
-0.2850341796875 -0.03436279296875 -0.4527587890625 -0.420623779296875
-0.205902099609375 -0.0456085205078125 -0.354339599609375 -0.17596435546875
-0.168991088867187 -0.107940673828125 -0.0421142578125 -0.0810546875
-0.187347412109375 -0.058258056640625 0.147262573242188 -0.156402587890625
-0.223114013671875 0.05523681640625 0.246490478515625 -0.28814697265625
-0.265579223632813 0.183990478515625 0.235748291015625 -0.499481201171875
-0.165283203125 0.203964233398438 0.1212158203125 -0.59326171875
-0.134719848632812 0.212371826171875 0.06768798828125 -0.554107666015625
-0.175003051757813 0.236358642578125 0.106597900390625 -0.46331787109375
-0.185440063476563 0.164306640625 0.152847290039062 -0.262924194335938
-0.171157836914063 0.0500640869140625 0.0210494995117187 -0.0722274780273438
-0.119255065917969 0.0261993408203125 -0.179367065429688 -0.00405883789062501
-0.151504516601563 0.041839599609375 -0.31829833984375 -0.14013671875
-0.262939453125 0.0347442626953125 -0.43682861328125 -0.20751953125
-0.3350830078125 -0.0478515625 -0.59515380859375 -0.19281005859375
0.0200004577636719 -0.04364013671875 0.6796875 0.113525390625
0.0156021118164062 -0.0725555419921875 0.504730224609375 0.244537353515625
-0.0552330017089844 -0.0230636596679687 0.331085205078125 0.20550537109375
-0.061981201171875 0.0176429748535156 0.19580078125 0.068511962890625
-0.0253639221191406 0.0168952941894531 -0.0743331909179688 0.013275146484375
0.0588226318359375 0.0320625305175781 -0.21270751953125 0.2843017578125
0.0519142150878906 0.0529136657714844 -0.15362548828125 0.5472412109375
0.0233879089355469 0.0246772766113281 -0.05108642578125 0.637939453125
0.0531387329101563 0.0020599365234375 -0.0488891601562499 0.67083740234375
0.0486259460449219 0.00667953491210937 -0.17645263671875 0.5556640625
0.00531387329101563 0.0386924743652344 -0.16461181640625 0.356689453125
-0.0432586669921875 0.0717010498046875 -0.054290771484375 0.172454833984375
-0.0663833618164063 0.019012451171875 0.0917739868164063 0.1309814453125
-0.0454788208007813 -0.0694046020507812 0.346099853515625 0.22540283203125
-0.0098114013671875 -0.0383262634277344 0.475677490234375 0.56121826171875
-0.295379638671875 -0.119232177734375 0.64080810546875 0.12347412109375
-0.245620727539062 -0.07403564453125 0.4613037109375 0.297760009765625
-0.261734008789063 -0.010955810546875 0.3319091796875 0.25640869140625
-0.229324340820312 0.064605712890625 0.222747802734375 0.097259521484375
-0.1900634765625 0.0933837890625 -0.0488014221191406 -0.0184555053710938
-0.109695434570313 0.203506469726562 -0.19775390625 0.240432739257813
-0.054290771484375 0.283966064453125 -0.158233642578125 0.510040283203125
-0.082061767578125 0.25982666015625 -0.0494995117187501 0.59429931640625
-0.0667724609375 0.269058227539063 -0.02581787109375 0.626220703125
-0.123794555664063 0.236221313476563 -0.1246337890625 0.529998779296875
-0.234817504882813 0.16986083984375 -0.11627197265625 0.32733154296875
-0.2947998046875 0.127716064453125 -0.02880859375 0.172286987304688
-0.302825927734375 -0.052276611328125 0.0955276489257812 0.123306274414063
-0.299072265625 -0.17095947265625 0.3170166015625 0.209442138671875
-0.275299072265625 -0.153701782226563 0.4395751953125 0.52850341796875
-0.57452392578125 -0.19342041015625 0.51617431640625 0.093048095703125
-0.493133544921875 -0.0892333984375 0.376922607421875 0.31402587890625
-0.461761474609375 -0.0179748535156251 0.33209228515625 0.255218505859375
-0.39361572265625 0.0927124023437499 0.239761352539063 0.083099365234375
-0.3494873046875 0.153350830078125 -0.0161247253417969 -0.0644454956054687
-0.28387451171875 0.344329833984375 -0.1595458984375 0.157150268554688
-0.1656494140625 0.471221923828125 -0.14227294921875 0.398101806640625
-0.17596435546875 0.4560546875 -0.043853759765625 0.4600830078125
-0.16912841796875 0.498626708984375 -0.00558471679687506 0.48736572265625
-0.256927490234375 0.44384765625 -0.05859375 0.427886962890625
-0.42095947265625 0.30316162109375 -0.0610198974609376 0.256454467773438
-0.490020751953125 0.20574951171875 -0.0127410888671875 0.159652709960938
-0.500946044921875 -0.072265625 0.0566482543945312 0.108558654785156
-0.514739990234375 -0.214630126953125 0.212875366210938 0.165191650390625
-0.505096435546875 -0.226104736328125 0.317413330078125 0.438995361328125
-0.7642822265625 -0.2476806640625 0.318267822265625 0.01922607421875
-0.66485595703125 -0.112548828125 0.252410888671875 0.282318115234375
-0.6083984375 -0.05224609375 0.315704345703125 0.205474853515625
-0.525390625 0.0849914550781251 0.244537353515625 0.0304412841796875
-0.489654541015625 0.18719482421875 0.029022216796875 -0.125289916992188
-0.43792724609375 0.44122314453125 -0.0915069580078125 0.03375244140625
-0.25982666015625 0.5914306640625 -0.10260009765625 0.221511840820313
-0.245361328125 0.58062744140625 -0.03143310546875 0.260986328125
-0.24188232421875 0.6456298828125 0.00907897949218751 0.278610229492188
-0.33917236328125 0.5794677734375 -0.00306701660156255 0.26123046875
-0.5225830078125 0.392425537109375 -0.015350341796875 0.154998779296875
-0.58709716796875 0.26605224609375 -0.0156478881835938 0.138687133789063
-0.6068115234375 -0.047607421875 -0.0215988159179688 0.0931015014648438
-0.6492919921875 -0.191650390625 0.051849365234375 0.110580444335937
-0.6646728515625 -0.24774169921875 0.130157470703125 0.314666748046875
-0.82501220703125 -0.26031494140625 0.0782623291015624 -0.093292236328125
-0.711669921875 -0.12847900390625 0.0893707275390624 0.193832397460938
-0.6519775390625 -0.105712890625 0.258377075195312 0.120559692382812
-0.59271240234375 0.0437011718749999 0.229995727539062 -0.037750244140625
-0.56903076171875 0.1915283203125 0.0885467529296875 -0.187744140625
-0.532379150390625 0.4854736328125 0.00413513183593747 -0.117233276367187
-0.31243896484375 0.6290283203125 -0.0400772094726563 -8.01086425780825E-05
-0.27716064453125 0.61712646484375 -0.010519027709961 0.0231723785400391
-0.2835693359375 0.69146728515625 0.0230178833007812 0.0378799438476563
-0.37066650390625 0.60687255859375 0.043792724609375 0.07086181640625
-0.53521728515625 0.395111083984375 0.0138893127441406 0.050811767578125
-0.56964111328125 0.2694091796875 -0.0406494140625 0.113067626953125
-0.5963134765625 -0.00903320312500005 -0.124565124511719 0.0742721557617187
-0.6763916015625 -0.13006591796875 -0.133934020996094 0.0507354736328125
-0.73028564453125 -0.2255859375 -0.092193603515625 0.175445556640625
-0.74951171875 -0.219970703125 -0.160507202148438 -0.220672607421875
-0.62896728515625 -0.13037109375 -0.0926742553710938 0.0674362182617187
-0.58245849609375 -0.1546630859375 0.156967163085937 0.0308380126953125
-0.5601806640625 -0.0133972167968749 0.201797485351562 -0.0966796875
-0.554656982421875 0.16693115234375 0.156753540039062 -0.242568969726562
-0.5379638671875 0.461456298828125 0.1065673828125 -0.276611328125
-0.3123779296875 0.57568359375 0.0289306640625 -0.238357543945312
-0.268035888671875 0.56207275390625 0.0142822265625 -0.2177734375
-0.285400390625 0.62628173828125 0.0407257080078125 -0.189956665039062
-0.351165771484375 0.526031494140625 0.0839691162109375 -0.0994949340820312
-0.465240478515625 0.315032958984375 0.0284366607666015 -0.0277137756347656
-0.459716796875 0.2103271484375 -0.083892822265625 0.084716796875
-0.488037109375 0.0235290527343749 -0.2257080078125 0.0341033935546875
-0.60601806640625 -0.0593872070312499 -0.29925537109375 -0.02264404296875
-0.69085693359375 -0.1756591796875 -0.31036376953125 0.037139892578125
-0.559326171875 -0.13665771484375 -0.357513427734375 -0.335723876953125
-0.449188232421875 -0.102386474609375 -0.258056640625 -0.06353759765625
-0.41436767578125 -0.15838623046875 0.0442085266113281 -0.0388221740722656
-0.41986083984375 -0.048126220703125 0.17254638671875 -0.138153076171875
-0.434112548828125 0.12506103515625 0.2158203125 -0.282318115234375
-0.440277099609375 0.36627197265625 0.187713623046875 -0.420562744140625
-0.25677490234375 0.432830810546875 0.0811767578125 -0.45574951171875
-0.214508056640625 0.424652099609375 0.036773681640625 -0.426239013671875
-0.24725341796875 0.469146728515625 0.064910888671875 -0.369842529296875
-0.285614013671875 0.366943359375 0.120498657226562 -0.21551513671875
-0.33349609375 0.18731689453125 0.0292320251464843 -0.0654945373535156
-0.295684814453125 0.1197509765625 -0.137870788574219 0.0512237548828125
-0.327484130859375 0.0423583984375 -0.299957275390625 -0.036956787109375
-0.46063232421875 0.00241088867187505 -0.410552978515625 -0.108673095703125
-0.55810546875 -0.110321044921875 -0.49371337890625 -0.08514404296875
-0.29296875 -0.02276611328125 -0.480804443359375 -0.41473388671875
-0.212295532226563 -0.03778076171875 -0.36822509765625 -0.164398193359375
-0.181396484375 -0.1029052734375 -0.0458984375 -0.0806503295898437
-0.196044921875 -0.0537567138671875 0.146514892578125 -0.165695190429688
-0.225433349609375 0.063140869140625 0.244903564453125 -0.305389404296875
-0.267105102539063 0.201675415039063 0.224212646484375 -0.523651123046875
-0.1632080078125 0.216598510742188 0.1024169921875 -0.61663818359375
-0.130966186523438 0.223739624023437 0.0500488281249999 -0.57183837890625
-0.171524047851562 0.250228881835937 0.094329833984375 -0.478485107421875
-0.183639526367188 0.175094604492188 0.149948120117187 -0.271697998046875
-0.172454833984375 0.0573272705078125 0.0194854736328125 -0.0714035034179688
-0.120086669921875 0.0302047729492187 -0.18701171875 0.00651550292968753
-0.152603149414062 0.0489654541015625 -0.3341064453125 -0.128021240234375
-0.266342163085938 0.048553466796875 -0.46014404296875 -0.19683837890625
-0.343353271484375 -0.03662109375 -0.6221923828125 -0.17926025390625
0.0183525085449219 -0.0462608337402344 0.7066650390625 0.07421875
0.00981903076171875 -0.0756759643554687 0.537322998046875 0.2176513671875
-0.0561714172363281 -0.0189018249511719 0.359588623046875 0.18975830078125
-0.0614356994628906 0.0226936340332031 0.209304809570313 0.0540313720703125
-0.0260219573974609 0.0204048156738281 -0.078216552734375 0.0135650634765625
0.0626945495605469 0.0269050598144531 -0.202117919921875 0.2994384765625
0.0568733215332031 0.0497817993164063 -0.1273193359375 0.5693359375
0.0265884399414063 0.0231418609619141 -0.0149536132812501 0.65625
0.0568618774414063 -0.0016632080078125 -0.00988769531250006 0.68988037109375
0.0500602722167969 0.00195693969726563 -0.14727783203125 0.578857421875
0.0071868896484375 0.0400238037109375 -0.1492919921875 0.374114990234375
-0.0394515991210938 0.0771636962890625 -0.0478973388671875 0.17877197265625
-0.0661735534667969 0.0224075317382813 0.09893798828125 0.126319885253906
-0.0539321899414063 -0.0693283081054688 0.3621826171875 0.2080078125
-0.0164222717285156 -0.0382766723632812 0.523040771484375 0.546478271484375
-0.309967041015625 -0.101715087890625 0.6688232421875 0.08782958984375
-0.256378173828125 -0.060302734375 0.494354248046875 0.274383544921875
-0.267547607421875 0.00791931152343755 0.363555908203125 0.242706298828125
-0.229782104492188 0.0828857421875 0.23992919921875 0.0816497802734375
-0.188949584960938 0.108169555664062 -0.0541000366210938 -0.0204849243164062
-0.0989227294921875 0.2152099609375 -0.191497802734375 0.25390625
-0.03802490234375 0.293975830078125 -0.1336669921875 0.53173828125
-0.067230224609375 0.271743774414063 -0.01611328125 0.61279296875
-0.050567626953125 0.280166625976563 0.01025390625 0.64251708984375
-0.110275268554688 0.248916625976563 -0.0954895019531249 0.548553466796875
-0.23089599609375 0.189895629882812 -0.102142333984375 0.340972900390625
-0.2952880859375 0.15234375 -0.0233612060546875 0.177902221679688
-0.3148193359375 -0.035400390625 0.101112365722656 0.119537353515625
-0.322296142578125 -0.1583251953125 0.33148193359375 0.192718505859375
-0.297393798828125 -0.140045166015625 0.48272705078125 0.51519775390625
-0.60137939453125 -0.159912109375 0.53594970703125 0.06475830078125
-0.5108642578125 -0.0596008300781249 0.408843994140625 0.29888916015625
-0.47442626953125 0.0155639648437501 0.36224365234375 0.242828369140625
-0.39630126953125 0.1221923828125 0.255691528320313 0.06597900390625
-0.350799560546875 0.178680419921875 -0.0239906311035156 -0.0698776245117187
-0.269561767578125 0.372589111328125 -0.158111572265625 0.165328979492188
-0.141357421875 0.493804931640625 -0.12457275390625 0.417938232421875
-0.1513671875 0.479278564453125 -0.0185546875 0.4775390625
-0.14056396484375 0.521209716796875 0.023406982421875 0.501434326171875
-0.232025146484375 0.470001220703125 -0.035247802734375 0.4390869140625
-0.4114990234375 0.339569091796875 -0.0500946044921875 0.265472412109375
-0.490203857421875 0.244110107421875 -0.00744628906250002 0.16583251953125
-0.518829345703125 -0.0424499511718749 0.0599212646484375 0.108917236328125
-0.545928955078125 -0.186065673828125 0.22100830078125 0.155502319335938
-0.537261962890625 -0.200775146484375 0.352569580078125 0.42742919921875
-0.7987060546875 -0.201904296875 0.32635498046875 0.000793457031249988
-0.68927001953125 -0.0711669921874999 0.279052734375 0.275115966796875
-0.6268310546875 -0.00762939453125004 0.341796875 0.19305419921875
-0.532684326171875 0.12353515625 0.25799560546875 0.01214599609375
-0.490631103515625 0.22174072265625 0.0194015502929687 -0.133438110351563
-0.42108154296875 0.484283447265625 -0.0958480834960938 0.0362319946289063
-0.23095703125 0.6229248046875 -0.094146728515625 0.235107421875
-0.21527099609375 0.61248779296875 -0.01666259765625 0.270889282226563
-0.206787109375 0.68017578125 0.02447509765625 0.285491943359375
-0.30743408203125 0.61492919921875 0.0139312744140625 0.266952514648438
-0.5126953125 0.4366455078125 -0.00897216796875003 0.159027099609375
-0.5850830078125 0.31365966796875 -0.012969970703125 0.145294189453125
-0.62591552734375 -0.00976562499999997 -0.0213623046875 0.101211547851562
-0.68109130859375 -0.1527099609375 0.051483154296875 0.109718322753906
-0.7017822265625 -0.2130126953125 0.15191650390625 0.312835693359375
-0.861083984375 -0.20977783203125 0.0714492797851562 -0.0982742309570313
-0.7357177734375 -0.0823364257812498 0.105728149414062 0.19659423828125
-0.675537109375 -0.0621948242187501 0.275650024414062 0.108367919921875
-0.60467529296875 0.0822753906249999 0.236984252929687 -0.0556793212890625
-0.57421875 0.22930908203125 0.0768890380859375 -0.201492309570312
-0.51788330078125 0.536041259765625 -0.00742340087890627 -0.124755859375
-0.2840576171875 0.66644287109375 -0.0422401428222656 0.00234603881835942
-0.248291015625 0.651123046875 -0.00924682617187501 0.0260639190673829
-0.24798583984375 0.72808837890625 0.0255279541015625 0.0377311706542969
-0.33746337890625 0.64398193359375 0.0502815246582031 0.0701522827148438
-0.524017333984375 0.441070556640625 0.0149421691894531 0.0506782531738282
-0.56884765625 0.3131103515625 -0.038330078125 0.120903015136719
-0.612548828125 0.0300292968750001 -0.127449035644531 0.0896453857421875
-0.702880859375 -0.0875244140625 -0.141494750976563 0.0615386962890625
-0.76385498046875 -0.18682861328125 -0.0856781005859375 0.183349609375
-0.780517578125 -0.1748046875 -0.182083129882813 -0.214691162109375
-0.6522216796875 -0.09185791015625 -0.0894241333007813 0.0792694091796875
-0.60919189453125 -0.1187744140625 0.164291381835938 0.023712158203125
-0.5772705078125 0.02191162109375 0.202926635742187 -0.113983154296875
-0.5615234375 0.2039794921875 0.145843505859375 -0.260299682617188
-0.52301025390625 0.511962890625 0.088592529296875 -0.2943115234375
-0.28656005859375 0.6119384765625 0.0144500732421875 -0.246627807617187
-0.24078369140625 0.59417724609375 0.0016632080078125 -0.22406005859375
-0.2542724609375 0.66290283203125 0.0301971435546875 -0.197006225585937
-0.324798583984375 0.5595703125 0.0822601318359375 -0.105628967285156
-0.45513916015625 0.35076904296875 0.0258464813232422 -0.02862548828125
-0.457916259765625 0.2457275390625 -0.0845870971679688 0.0964508056640625
-0.497650146484375 0.0557861328125 -0.233184814453125 0.0560760498046875
-0.623291015625 -0.0175781249999999 -0.31317138671875 -0.00299072265624994
-0.72161865234375 -0.13824462890625 -0.319122314453125 0.05413818359375
-0.57989501953125 -0.10003662109375 -0.391143798828125 -0.32281494140625
-0.46490478515625 -0.0746154785156251 -0.266189575195313 -0.045013427734375
-0.437591552734375 -0.134063720703125 0.0436935424804687 -0.0411605834960938
-0.43597412109375 -0.0227355957031249 0.170394897460937 -0.153411865234375
-0.438201904296875 0.153350830078125 0.204742431640625 -0.3037109375
-0.42828369140625 0.40740966796875 0.165252685546875 -0.445648193359375
-0.23809814453125 0.4609375 0.056488037109375 -0.474029541015625
-0.195343017578125 0.450469970703125 0.0123596191406249 -0.440155029296875
-0.225494384765625 0.499603271484375 0.044189453125 -0.38287353515625
-0.26708984375 0.39410400390625 0.11444091796875 -0.22625732421875
-0.329254150390625 0.2117919921875 0.0260658264160156 -0.0673103332519531
-0.295654296875 0.1397705078125 -0.141006469726563 0.0652923583984375
-0.33087158203125 0.064544677734375 -0.312469482421875 -0.013824462890625
-0.469757080078125 0.035858154296875 -0.4310302734375 -0.08538818359375
-0.5782470703125 -0.0802001953124999 -0.516876220703125 -0.0604858398437501
-0.299957275390625 -0.00299072265625001 -0.521087646484375 -0.39605712890625
-0.219924926757813 -0.025115966796875 -0.387664794921875 -0.141265869140625
-0.196304321289063 -0.0918426513671875 -0.0521697998046875 -0.0778121948242188
-0.206207275390625 -0.0426483154296875 0.141830444335938 -0.1806640625
-0.228042602539063 0.0771942138671875 0.234832763671875 -0.329132080078125
-0.26104736328125 0.228073120117188 0.19708251953125 -0.55389404296875
-0.15496826171875 0.2332763671875 0.0698242187499999 -0.63983154296875
-0.121002197265625 0.238235473632813 0.0191650390625001 -0.592041015625
-0.162139892578125 0.269119262695313 0.0694580078125 -0.49676513671875
-0.175933837890625 0.190460205078125 0.140960693359375 -0.28375244140625
-0.173431396484375 0.067901611328125 0.0169906616210937 -0.0707550048828125
-0.121299743652344 0.03662109375 -0.194122314453125 0.02337646484375
-0.152069091796875 0.06048583984375 -0.35205078125 -0.105865478515625
-0.267364501953125 0.069915771484375 -0.486297607421875 -0.17431640625
-0.351593017578125 -0.0157470703125 -0.65594482421875 -0.14794921875
0.0151290893554688 -0.0470504760742188 0.71942138671875 0.02056884765625
0.00273895263671875 -0.0782318115234375 0.557403564453125 0.175018310546875
-0.0561408996582031 -0.0142173767089844 0.3834228515625 0.16363525390625
-0.0586509704589844 0.0283546447753906 0.2188720703125 0.0354461669921875
-0.0265350341796875 0.0245285034179687 -0.0800552368164062 0.01605224609375
0.064453125 0.0206413269042969 -0.184478759765625 0.3140869140625
0.0618667602539062 0.0464057922363281 -0.0865478515625001 0.58404541015625
0.0305690765380859 0.0212211608886719 0.0314941406250001 0.66229248046875
0.0593719482421875 -0.00651168823242188 0.038818359375 0.69464111328125
0.0496788024902344 -0.00348663330078125 -0.1082763671875 0.59075927734375
0.00913238525390625 0.0406227111816406 -0.12615966796875 0.3870849609375
-0.0340957641601563 0.083038330078125 -0.037078857421875 0.182418823242188
-0.064910888671875 0.0255699157714844 0.1055908203125 0.11724853515625
-0.0635299682617187 -0.0673027038574219 0.375396728515625 0.1805419921875
-0.0227546691894531 -0.0361900329589844 0.5693359375 0.5106201171875
-0.31890869140625 -0.077972412109375 0.68170166015625 0.037841796875
-0.26251220703125 -0.0399627685546875 0.518585205078125 0.2381591796875
-0.265792846679688 0.031036376953125 0.3902587890625 0.215667724609375
-0.222930908203125 0.101593017578125 0.251693725585938 0.058746337890625
-0.18267822265625 0.1239013671875 -0.0591354370117188 -0.0199165344238281
-0.082977294921875 0.222747802734375 -0.17779541015625 0.264129638671875
-0.015045166015625 0.29901123046875 -0.0986328125 0.5458984375
-0.04559326171875 0.277496337890625 0.02838134765625 0.61761474609375
-0.027618408203125 0.28436279296875 0.0563964843750001 0.64630126953125
-0.0903472900390625 0.256393432617188 -0.0574951171875 0.557769775390625
-0.217910766601563 0.209640502929688 -0.080047607421875 0.3489990234375
-0.284454345703125 0.17877197265625 -0.0131988525390625 0.1802978515625
-0.318572998046875 -0.012939453125 0.107177734375 0.111846923828125
-0.33905029296875 -0.134979248046875 0.34027099609375 0.17083740234375
-0.313385009765625 -0.115966796875 0.5252685546875 0.481689453125
-0.61517333984375 -0.11151123046875 0.544830322265625 0.02679443359375
-0.517333984375 -0.018280029296875 0.43731689453125 0.26922607421875
-0.4727783203125 0.0570983886718751 0.388916015625 0.21722412109375
-0.385162353515625 0.15521240234375 0.2669677734375 0.0421142578125
-0.33837890625 0.206787109375 -0.0335159301757813 -0.0707550048828125
-0.242340087890625 0.3948974609375 -0.151473999023438 0.174041748046875
-0.104888916015625 0.508087158203125 -0.09661865234375 0.431884765625
-0.11553955078125 0.49407958984375 0.0166015625 0.483062744140625
-0.0996704101562499 0.534881591796875 0.058197021484375 0.502197265625
-0.196197509765625 0.485809326171875 -0.00265502929687501 0.441497802734375
-0.388702392578125 0.374298095703125 -0.0349884033203125 0.268630981445313
-0.474090576171875 0.287689208984375 0.000259399414062481 0.1689453125
-0.525421142578125 -0.00222778320312497 0.063385009765625 0.106559753417969
-0.56561279296875 -0.14300537109375 0.225128173828125 0.141357421875
-0.55926513671875 -0.161590576171875 0.38616943359375 0.403656005859375
-0.81646728515625 -0.13775634765625 0.3275146484375 -0.019744873046875
-0.6949462890625 -0.0147094726562499 0.304046630859375 0.257354736328125
-0.62823486328125 0.04461669921875 0.36322021484375 0.16845703125
-0.52362060546875 0.1683349609375 0.263992309570312 -0.010498046875
-0.477081298828125 0.25958251953125 0.00552368164062497 -0.138832092285156
-0.38580322265625 0.519927978515625 -0.0999374389648438 0.0395050048828125
-0.185791015625 0.646484375 -0.0782318115234375 0.24468994140625
-0.16986083984375 0.63348388671875 0.00361633300781252 0.2767333984375
-0.15447998046875 0.699951171875 0.046051025390625 0.28729248046875
-0.2584228515625 0.63623046875 0.03399658203125 0.266464233398438
-0.4815673828125 0.479034423828125 -0.000503540039062519 0.157882690429688
-0.5640869140625 0.36358642578125 -0.00505065917968753 0.150115966796875
-0.62945556640625 0.03887939453125 -0.01751708984375 0.108627319335938
-0.69732666015625 -0.0987548828124999 0.0517730712890625 0.108482360839844
-0.72552490234375 -0.161376953125 0.1748046875 0.3006591796875
-0.8839111328125 -0.1402587890625 0.0631942749023437 -0.100540161132813
-0.74444580078125 -0.0241088867187501 0.12164306640625 0.194290161132813
-0.68182373046875 -0.00622558593750005 0.28826904296875 0.08941650390625
-0.60101318359375 0.130126953125 0.237930297851562 -0.077423095703125
-0.561126708984375 0.272125244140625 0.0597076416015625 -0.209396362304688
-0.47882080078125 0.58160400390625 -0.022552490234375 -0.127685546875
-0.236572265625 0.69622802734375 -0.0431327819824219 0.00778579711914066
-0.200439453125 0.67742919921875 -0.0055370330810547 0.0293197631835938
-0.19256591796875 0.7548828125 0.0274810791015625 0.0386123657226563
-0.28765869140625 0.67138671875 0.0568885803222656 0.0665779113769532
-0.4925537109375 0.483489990234375 0.0173912048339843 0.049957275390625
-0.546966552734375 0.3612060546875 -0.0330276489257813 0.129562377929688
-0.611572265625 0.0776977539062501 -0.124595642089844 0.104789733886719
-0.71307373046875 -0.0300903320312499 -0.144744873046875 0.073822021484375
-0.78460693359375 -0.129150390625 -0.073883056640625 0.1881103515625
-0.7989501953125 -0.11187744140625 -0.202301025390625 -0.198211669921875
-0.65948486328125 -0.0404663085937499 -0.0823440551757813 0.092041015625
-0.6219482421875 -0.0689697265625 0.1676025390625 0.0136871337890625
-0.57867431640625 0.0659179687499999 0.1978759765625 -0.132415771484375
-0.54974365234375 0.244720458984375 0.125457763671875 -0.274002075195313
-0.487640380859375 0.55902099609375 0.063262939453125 -0.304595947265625
-0.24322509765625 0.64031982421875 -0.0018310546875 -0.248703002929687
-0.1982421875 0.61865234375 -0.0127105712890625 -0.22320556640625
-0.2056884765625 0.6875 0.016937255859375 -0.1983642578125
-0.280029296875 0.5850830078125 0.0777664184570312 -0.113128662109375
-0.43280029296875 0.38690185546875 0.0228443145751953 -0.0314502716064453
-0.4423828125 0.281585693359375 -0.0804977416992188 0.109573364257813
-0.493865966796875 0.0947570800781251 -0.230621337890625 0.07977294921875
-0.62579345703125 0.0343017578125 -0.320892333984375 0.0209655761718751
-0.7366943359375 -0.0837402343749999 -0.321014404296875 0.0760192871093751
-0.58892822265625 -0.0546264648437501 -0.42034912109375 -0.290679931640625
-0.471649169921875 -0.03875732421875 -0.270156860351563 -0.0184173583984375
-0.45306396484375 -0.0979614257812501 0.0405387878417968 -0.0420722961425781
-0.4422607421875 0.01007080078125 0.16107177734375 -0.167831420898438
-0.429962158203125 0.184844970703125 0.1845703125 -0.321014404296875
-0.399810791015625 0.4471435546875 0.130462646484375 -0.46234130859375
-0.204559326171875 0.482940673828125 0.021820068359375 -0.480712890625
-0.163604736328125 0.4696044921875 -0.019073486328125 -0.44342041015625
-0.1884765625 0.520843505859375 0.016937255859375 -0.38714599609375
-0.236114501953125 0.413818359375 0.101852416992187 -0.233840942382813
-0.315338134765625 0.237579345703125 0.0208320617675781 -0.0677680969238281
-0.285919189453125 0.163238525390625 -0.137809753417969 0.0828628540039063
-0.324676513671875 0.0908813476562499 -0.315399169921875 0.01605224609375
-0.466888427734375 0.076202392578125 -0.443267822265625 -0.0531005859374999
-0.5870361328125 -0.03521728515625 -0.529937744140625 -0.0249938964843751
-0.3009033203125 0.0223693847656249 -0.55596923828125 -0.356597900390625
-0.223068237304687 -0.00741577148437496 -0.39752197265625 -0.106842041015625
-0.206649780273438 -0.0747222900390625 -0.0578079223632813 -0.0721206665039063
-0.213088989257813 -0.027099609375 0.129959106445313 -0.191757202148438
-0.222000122070313 0.0933685302734375 0.212310791015625 -0.34869384765625
-0.243743896484375 0.2518310546875 0.15655517578125 -0.5723876953125
-0.137786865234375 0.247726440429687 0.02484130859375 -0.6512451171875
-0.104843139648438 0.249404907226563 -0.025146484375 -0.59637451171875
-0.142486572265625 0.2838134765625 0.0339355468749999 -0.504058837890625
-0.162109375 0.204605102539063 0.124298095703125 -0.292755126953125
-0.168365478515625 0.0796051025390625 0.0120429992675781 -0.0676040649414063
-0.119598388671875 0.0441513061523438 -0.194808959960938 0.0456695556640625
-0.145599365234375 0.07305908203125 -0.362579345703125 -0.076873779296875
-0.261215209960938 0.0925750732421875 -0.5023193359375 -0.139007568359375
-0.35302734375 0.0107421875 -0.67626953125 -0.10198974609375
0.013580322265625 -0.0450820922851562 0.70965576171875 -0.02789306640625
-0.00295257568359376 -0.0739898681640625 0.563232421875 0.1328125
-0.05426025390625 -0.0098114013671875 0.394073486328125 0.13568115234375
-0.05560302734375 0.0320854187011719 0.21826171875 0.015960693359375
-0.0255699157714844 0.0274925231933594 -0.0818862915039063 0.0175552368164063
0.0631904602050781 0.0166130065917969 -0.163116455078125 0.317657470703125
0.06597900390625 0.0429496765136719 -0.05010986328125 0.5802001953125
0.0309391021728516 0.0165462493896484 0.07305908203125 0.64886474609375
0.0570487976074219 -0.0137214660644531 0.08148193359375 0.68231201171875
0.0499343872070313 -0.00618743896484375 -0.0704956054687499 0.58685302734375
0.0102996826171875 0.0421066284179688 -0.1025390625 0.386322021484375
-0.0259170532226563 0.0858917236328125 -0.0284271240234375 0.179672241210938
-0.0620079040527344 0.0272712707519531 0.107925415039063 0.105491638183594
-0.0703887939453125 -0.0640869140625 0.3763427734375 0.1524658203125
-0.0262527465820312 -0.030975341796875 0.593994140625 0.46112060546875
-0.3170166015625 -0.0516357421875 0.67486572265625 -0.00640869140625
-0.260894775390625 -0.022125244140625 0.52606201171875 0.197601318359375
-0.255508422851563 0.0501556396484375 0.403717041015625 0.186859130859375
-0.209808349609375 0.115402221679687 0.2537841796875 0.0378875732421875
-0.171157836914063 0.134963989257812 -0.0616989135742188 -0.0179901123046875
-0.06683349609375 0.224777221679688 -0.160980224609375 0.268585205078125
0.00497436523437498 0.2940673828125 -0.06048583984375 0.5438232421875
-0.023773193359375 0.275009155273438 0.0678710937499999 0.605712890625
-0.00802612304687502 0.28057861328125 0.09814453125 0.6324462890625
-0.071014404296875 0.254531860351563 -0.02288818359375 0.547149658203125
-0.201980590820312 0.2203369140625 -0.06121826171875 0.346405029296875
-0.266342163085938 0.19573974609375 -0.0032196044921875 0.178390502929687
-0.31396484375 0.00677490234375001 0.108154296875 0.100532531738281
-0.34613037109375 -0.10601806640625 0.33905029296875 0.146728515625
-0.318878173828125 -0.092071533203125 0.548919677734375 0.4375
-0.6112060546875 -0.06353759765625 0.53790283203125 -0.00885009765625
-0.5081787109375 0.0170898437500001 0.447540283203125 0.2353515625
-0.45819091796875 0.091705322265625 0.401519775390625 0.187164306640625
-0.365631103515625 0.17987060546875 0.266632080078125 0.0198822021484375
-0.318267822265625 0.226898193359375 -0.0417404174804688 -0.0712356567382813
-0.209381103515625 0.407379150390625 -0.144638061523438 0.177490234375
-0.069244384765625 0.510894775390625 -0.068450927734375 0.4322509765625
-0.0821533203125 0.4921875 0.049468994140625 0.47332763671875
-0.065032958984375 0.531890869140625 0.086669921875 0.490325927734375
-0.15753173828125 0.4891357421875 0.02569580078125 0.433441162109375
-0.3587646484375 0.394134521484375 -0.021453857421875 0.264678955078125
-0.44366455078125 0.31585693359375 0.00933837890624997 0.166412353515625
-0.515167236328125 0.033447265625 0.0661087036132812 0.102752685546875
-0.56781005859375 -0.1026611328125 0.222885131835937 0.124542236328125
-0.56463623046875 -0.1207275390625 0.40435791015625 0.36944580078125
-0.812744140625 -0.0772094726562499 0.321441650390625 -0.038116455078125
-0.68255615234375 0.0344238281249999 0.316162109375 0.235382080078125
-0.6129150390625 0.0897216796874999 0.373138427734375 0.143890380859375
-0.501556396484375 0.201263427734375 0.261306762695312 -0.032318115234375
-0.45111083984375 0.2872314453125 -0.00610351562500004 -0.137222290039062
-0.340606689453125 0.537200927734375 -0.0998687744140625 0.04254150390625
-0.13885498046875 0.65155029296875 -0.0604248046875 0.24835205078125
-0.1263427734375 0.6343994140625 0.0245513916015625 0.273391723632813
-0.106201171875 0.698486328125 0.061309814453125 0.2802734375
-0.21044921875 0.64208984375 0.0500946044921875 0.25726318359375
-0.441619873046875 0.505218505859375 0.00671386718749999 0.156707763671875
-0.5313720703125 0.399505615234375 0.00350952148437498 0.15423583984375
-0.61846923828125 0.08087158203125 -0.0142745971679688 0.112419128417969
-0.694091796875 -0.0490722656249999 0.0493850708007812 0.106437683105469
-0.72796630859375 -0.10955810546875 0.189849853515625 0.28448486328125
-0.8759765625 -0.0713500976562499 0.0562286376953124 -0.0996627807617188
-0.72906494140625 0.0267944335937501 0.135589599609375 0.188613891601563
-0.6712646484375 0.0447387695312499 0.290802001953125 0.07281494140625
-0.58172607421875 0.16845703125 0.2296142578125 -0.0913543701171875
-0.53594970703125 0.305938720703125 0.0453643798828125 -0.210678100585938
-0.431884765625 0.60736083984375 -0.0383224487304688 -0.12579345703125
-0.18646240234375 0.70208740234375 -0.0403251647949219 0.0119476318359375
-0.1522216796875 0.678955078125 -0.000707626342773445 0.0310440063476563
-0.138671875 0.7535400390625 0.0292949676513672 0.034902572631836
-0.23468017578125 0.67425537109375 0.0631217956542968 0.0597496032714844
-0.45281982421875 0.508636474609375 0.0165824890136718 0.0496597290039063
-0.514617919921875 0.395660400390625 -0.0245590209960938 0.136497497558594
-0.5927734375 0.11676025390625 -0.116981506347656 0.118331909179688
-0.70147705078125 0.0227050781250002 -0.144012451171875 0.0843048095703125
-0.780517578125 -0.0769653320312501 -0.0628814697265625 0.185638427734375
-0.78656005859375 -0.0502929687500001 -0.212509155273438 -0.177597045898437
-0.64630126953125 0.00714111328124988 -0.0722427368164063 0.104072570800781
-0.6146240234375 -0.02423095703125 0.16510009765625 0.004364013671875
-0.564208984375 0.10430908203125 0.185531616210937 -0.1434326171875
-0.526031494140625 0.27740478515625 0.10626220703125 -0.278701782226563
-0.4385986328125 0.5875244140625 0.0386962890625 -0.305999755859375
-0.19854736328125 0.645751953125 -0.016571044921875 -0.242568969726562
-0.15411376953125 0.6195068359375 -0.0264892578125 -0.216644287109375
-0.156005859375 0.69549560546875 0.00285339355468747 -0.193099975585937
-0.2337646484375 0.5897216796875 0.0731353759765625 -0.114814758300781
-0.40142822265625 0.409881591796875 0.0190715789794922 -0.027252197265625
-0.415008544921875 0.305755615234375 -0.0745925903320313 0.121810913085937
-0.475921630859375 0.12451171875 -0.2230224609375 0.10064697265625
-0.60992431640625 0.0787353515625 -0.317596435546875 0.0445861816406249
-0.7286376953125 -0.031982421875 -0.314971923828125 0.0912780761718751
-0.5806884765625 -0.0139770507812499 -0.432525634765625 -0.255126953125
-0.46453857421875 -0.00491333007812498 -0.264205932617188 0.00495910644531252
-0.453460693359375 -0.0631103515625 0.0396804809570312 -0.0413970947265625
-0.431976318359375 0.03863525390625 0.14434814453125 -0.17523193359375
-0.40863037109375 0.208587646484375 0.16021728515625 -0.3289794921875
-0.36138916015625 0.47186279296875 0.094207763671875 -0.464111328125
-0.170257568359375 0.492340087890625 -0.00735473632812501 -0.4730224609375
-0.132171630859375 0.4698486328125 -0.04608154296875 -0.436676025390625
-0.15234375 0.52783203125 -0.0068359375 -0.381378173828125
-0.202484130859375 0.418121337890625 0.0898590087890625 -0.237991333007812
-0.29132080078125 0.25079345703125 0.013519287109375 -0.0623207092285156
-0.268356323242188 0.180450439453125 -0.129600524902344 0.095458984375
-0.308807373046875 0.11029052734375 -0.305572509765625 0.0384216308593751
-0.450469970703125 0.1082763671875 -0.440582275390625 -0.0216369628906251
-0.577880859375 0.00305175781249994 -0.526092529296875 0.0101318359375001
-0.2928466796875 0.0450439453125 -0.56878662109375 -0.30963134765625
-0.216873168945313 0.00646972656250004 -0.393157958984375 -0.070831298828125
-0.209442138671875 -0.0592498779296875 -0.0616035461425782 -0.0657768249511719
-0.209732055664063 -0.0102996826171875 0.11676025390625 -0.195846557617188
-0.211563110351563 0.107589721679687 0.187744140625 -0.355682373046875
-0.222213745117188 0.266952514648437 0.1165771484375 -0.57403564453125
-0.11993408203125 0.254241943359375 -0.016357421875 -0.6441650390625
-0.086151123046875 0.252349853515625 -0.0623779296875 -0.58343505859375
-0.12127685546875 0.29156494140625 0.00070190429687494 -0.49822998046875
-0.144088745117188 0.2095947265625 0.108642578125 -0.2919921875
-0.158935546875 0.0840301513671875 0.00898742675781249 -0.0619735717773438
-0.116561889648438 0.0506134033203125 -0.186676025390625 0.0632476806640625
-0.133430480957031 0.0816497802734375 -0.35931396484375 -0.047821044921875
-0.2462158203125 0.10943603515625 -0.507965087890625 -0.1043701171875
-0.344970703125 0.0316162109375 -0.67498779296875 -0.05780029296875
0.0123748779296875 -0.0446014404296875 0.69757080078125 -0.06146240234375
-0.007659912109375 -0.0725784301757813 0.556915283203125 0.10284423828125
-0.0540237426757812 -0.00836181640625001 0.398712158203125 0.11029052734375
-0.0534591674804688 0.0341224670410156 0.22119140625 0.0026397705078125
-0.0256080627441406 0.0283184051513672 -0.0806808471679688 0.0195999145507813
0.0619239807128906 0.0114936828613281 -0.150787353515625 0.31396484375
0.0673599243164063 0.0389518737792969 -0.024658203125 0.571533203125
0.0338554382324219 0.016754150390625 0.09893798828125 0.6339111328125
0.05810546875 -0.0178337097167969 0.107666015625 0.66290283203125
0.0464630126953125 -0.0108528137207031 -0.0489501953125 0.57440185546875
0.0127143859863281 0.039459228515625 -0.0841064453125 0.3798828125
-0.0203018188476562 0.0859756469726563 -0.020538330078125 0.173309326171875
-0.0593833923339844 0.0287094116210937 0.106315612792969 0.0952682495117188
-0.0753555297851563 -0.0592269897460937 0.37103271484375 0.134918212890625
-0.0294380187988281 -0.0265979766845703 0.60479736328125 0.42584228515625
-0.310821533203125 -0.03515625 0.6634521484375 -0.0399169921875
-0.255691528320312 -0.00822448730468753 0.526397705078125 0.16900634765625
-0.246368408203125 0.0615081787109375 0.409912109375 0.16375732421875
-0.199142456054688 0.123641967773438 0.254180908203125 0.0235595703125
-0.163070678710938 0.139358520507813 -0.0645637512207031 -0.0181198120117187
-0.052581787109375 0.221939086914062 -0.1513671875 0.266769409179688
0.020263671875 0.290252685546875 -0.04034423828125 0.53662109375
-0.0117340087890625 0.271011352539063 0.0924072265625001 0.5904541015625
0.005523681640625 0.273971557617188 0.1199951171875 0.6142578125
-0.0590362548828125 0.24957275390625 0.000732421874999983 0.535003662109375
-0.187149047851563 0.226669311523438 -0.048004150390625 0.338531494140625
-0.251800537109375 0.206192016601563 0.00173950195312497 0.17364501953125
-0.30645751953125 0.0200195312499999 0.107101440429688 0.0947341918945313
-0.34857177734375 -0.089569091796875 0.3328857421875 0.131927490234375
-0.31951904296875 -0.07403564453125 0.557281494140625 0.4033203125
-0.60107421875 -0.0338745117187499 0.53033447265625 -0.031341552734375
-0.498321533203125 0.04168701171875 0.4527587890625 0.21234130859375
-0.44293212890625 0.10992431640625 0.408477783203125 0.166015625
-0.346771240234375 0.193084716796875 0.26824951171875 0.00610351562500001
-0.30316162109375 0.23370361328125 -0.045806884765625 -0.0685081481933594
-0.184600830078125 0.406097412109375 -0.138916015625 0.177337646484375
-0.043060302734375 0.502777099609375 -0.04913330078125 0.427032470703125
-0.057037353515625 0.48681640625 0.068939208984375 0.46295166015625
-0.0362854003906251 0.52545166015625 0.109344482421875 0.47808837890625
-0.1319580078125 0.48114013671875 0.041900634765625 0.419677734375
-0.331695556640625 0.403472900390625 -0.011566162109375 0.259414672851563
-0.421844482421875 0.334197998046875 0.0146026611328125 0.165786743164063
-0.5030517578125 0.0520019531249999 0.0664825439453125 0.100135803222656
-0.5645751953125 -0.07086181640625 0.218536376953125 0.11865234375
-0.560302734375 -0.0911865234375 0.4122314453125 0.344085693359375
-0.79736328125 -0.0354003906249999 0.315277099609375 -0.052032470703125
-0.66619873046875 0.0662841796875001 0.324005126953125 0.221710205078125
-0.59222412109375 0.1182861328125 0.3773193359375 0.12506103515625
-0.47845458984375 0.22076416015625 0.258056640625 -0.0435333251953125
-0.42791748046875 0.298736572265625 -0.0155029296875 -0.136695861816406
-0.308929443359375 0.54486083984375 -0.103584289550781 0.044769287109375
-0.10894775390625 0.64715576171875 -0.0496673583984375 0.247451782226563
-0.096923828125 0.628173828125 0.0377960205078125 0.2664794921875
-0.0711669921875 0.6925048828125 0.0740509033203125 0.272781372070313
-0.1761474609375 0.63214111328125 0.06170654296875 0.247879028320313
-0.4122314453125 0.5146484375 0.00892639160156249 0.152435302734375
-0.4979248046875 0.41461181640625 0.00823974609374996 0.151504516601563
-0.5977783203125 0.10430908203125 -0.0106735229492188 0.114410400390625
-0.6826171875 -0.0122680664062499 0.0480728149414062 0.107460021972656
-0.7183837890625 -0.0753173828125 0.196563720703125 0.266326904296875
-0.85797119140625 -0.0298461914062498 0.0503997802734374 -0.0971145629882813
-0.7122802734375 0.0624389648437501 0.144607543945312 0.182968139648438
-0.65179443359375 0.0740966796874999 0.295166015625 0.060333251953125
-0.5570068359375 0.1915283203125 0.224151611328125 -0.1048583984375
-0.510223388671875 0.318328857421875 0.031768798828125 -0.212249755859375
-0.3892822265625 0.61798095703125 -0.0463714599609375 -0.121536254882812
-0.15277099609375 0.69769287109375 -0.0380973815917969 0.0131950378417969
-0.12139892578125 0.6715087890625 0.00421905517578124 0.0288925170898438
-0.1031494140625 0.7476806640625 0.0313453674316406 0.0370559692382813
-0.1973876953125 0.66796875 0.0672073364257812 0.0545845031738282
-0.4229736328125 0.519775390625 0.0158462524414062 0.0475921630859375
-0.48223876953125 0.4107666015625 -0.0185317993164063 0.138511657714844
-0.57452392578125 0.13922119140625 -0.108390808105469 0.125579833984375
-0.68670654296875 0.0557250976562501 -0.14117431640625 0.0934906005859375
-0.7698974609375 -0.0379638671874999 -0.0571746826171876 0.185211181640625
-0.771240234375 -0.0127563476562498 -0.216049194335938 -0.159439086914062
-0.63128662109375 0.0338745117187499 -0.0625381469726563 0.109077453613281
-0.60076904296875 0.00634765624999997 0.16827392578125 0.001617431640625
-0.547088623046875 0.127777099609375 0.177032470703125 -0.150405883789063
-0.502960205078125 0.290374755859375 0.0906219482421875 -0.275970458984375
-0.39837646484375 0.59832763671875 0.021270751953125 -0.300537109375
-0.1650390625 0.64532470703125 -0.0248870849609375 -0.237503051757812
-0.1259765625 0.61663818359375 -0.02880859375 -0.213516235351562
-0.12042236328125 0.69036865234375 -0.00492858886718751 -0.189285278320312
-0.20037841796875 0.58502197265625 0.0699005126953125 -0.115646362304687
-0.373931884765625 0.41583251953125 0.016845703125 -0.0277042388916015
-0.38983154296875 0.320037841796875 -0.0640106201171876 0.125999450683594
-0.45556640625 0.141082763671875 -0.2110595703125 0.111083984375
-0.59130859375 0.10760498046875 -0.31488037109375 0.059173583984375
-0.7166748046875 0.000122070312499923 -0.309295654296875 0.102752685546875
-0.56939697265625 0.01708984375 -0.435302734375 -0.226531982421875
-0.452789306640625 0.0155944824218751 -0.253509521484375 0.0252227783203125
-0.444549560546875 -0.040771484375 0.0384407043457031 -0.0371170043945313
-0.422393798828125 0.0592651367187501 0.136642456054688 -0.17938232421875
-0.392547607421875 0.219512939453125 0.144744873046875 -0.32861328125
-0.32989501953125 0.4805908203125 0.07293701171875 -0.459442138671875
-0.14727783203125 0.490020751953125 -0.025604248046875 -0.4674072265625
-0.107025146484375 0.468170166015625 -0.0599365234375 -0.4263916015625
-0.125091552734375 0.527008056640625 -0.022125244140625 -0.371246337890625
-0.178924560546875 0.4168701171875 0.080841064453125 -0.234664916992187
-0.276779174804688 0.255691528320313 0.013824462890625 -0.0596504211425781
-0.253814697265625 0.186782836914063 -0.122703552246094 0.106796264648437
-0.29473876953125 0.121795654296875 -0.298858642578125 0.0551757812499999
-0.433013916015625 0.12884521484375 -0.436553955078125 -0.00372314453124994
-0.565185546875 0.0302124023437499 -0.52301025390625 0.0301513671875
-0.281829833984375 0.0571289062499999 -0.5733642578125 -0.2774658203125
-0.214675903320312 0.01788330078125 -0.38763427734375 -0.050537109375
-0.207656860351562 -0.045196533203125 -0.0619697570800781 -0.057708740234375
-0.206527709960938 -0.00270080566406253 0.103912353515625 -0.197601318359375
-0.202911376953125 0.110580444335937 0.169097900390625 -0.356231689453125
-0.203140258789063 0.273880004882813 0.0893554687499999 -0.567138671875
-0.10845947265625 0.2537841796875 -0.04302978515625 -0.63037109375
-0.0739593505859375 0.251495361328125 -0.0848388671875 -0.56927490234375
-0.106231689453125 0.291107177734375 -0.017120361328125 -0.487762451171875
-0.129867553710938 0.210830688476563 0.099090576171875 -0.292724609375
-0.151748657226563 0.0911407470703125 0.00902938842773437 -0.055999755859375
-0.108612060546875 0.0528106689453125 -0.180679321289062 0.075958251953125
-0.126319885253906 0.0855636596679687 -0.35235595703125 -0.029632568359375
-0.2330322265625 0.118576049804687 -0.50042724609375 -0.081878662109375
-0.333740234375 0.044830322265625 -0.67230224609375 -0.02783203125
0.01220703125 -0.0444374084472656 0.69512939453125 -0.08392333984375
-0.0110244750976562 -0.0720367431640625 0.556549072265625 0.08477783203125
-0.0530509948730469 -0.00685882568359375 0.406280517578125 0.096466064453125
-0.0523719787597656 0.0354042053222656 0.223922729492188 -0.0068206787109375
-0.0263023376464844 0.0305213928222656 -0.083038330078125 0.0194320678710937
0.0622406005859375 0.00998687744140625 -0.148101806640625 0.31414794921875
0.0702972412109375 0.0383224487304688 -0.013427734375 0.5703125
0.0350532531738281 0.0150604248046875 0.113525390625 0.625
0.0567817687988281 -0.0206222534179687 0.12286376953125 0.656005859375
0.0445175170898438 -0.0123634338378906 -0.037353515625 0.57269287109375
0.0137481689453125 0.0414314270019531 -0.077728271484375 0.37860107421875
-0.01708984375 0.086090087890625 -0.0199737548828125 0.1697998046875
-0.0603981018066406 0.0277214050292969 0.1046142578125 0.0905609130859375
-0.0809478759765625 -0.056854248046875 0.369293212890625 0.1260986328125
-0.0319080352783203 -0.0233821868896484 0.6156005859375 0.4053955078125
-0.30841064453125 -0.024658203125 0.6630859375 -0.05938720703125
-0.254013061523438 0.000305175781250054 0.5289306640625 0.151214599609375
-0.241424560546875 0.0683746337890625 0.41998291015625 0.15081787109375
-0.192169189453125 0.12939453125 0.259140014648438 0.0124359130859375
-0.159423828125 0.143890380859375 -0.0674247741699219 -0.0179328918457031
-0.0447998046875 0.22247314453125 -0.150588989257812 0.26654052734375
0.030853271484375 0.28961181640625 -0.0274658203125 0.536865234375
-0.00312805175781252 0.269729614257813 0.10760498046875 0.58642578125
0.01373291015625 0.271514892578125 0.134521484375 0.60833740234375
-0.052764892578125 0.246414184570313 0.010498046875 0.53070068359375
-0.180084228515625 0.231399536132812 -0.042999267578125 0.33734130859375
-0.241546630859375 0.2138671875 0.00431823730468748 0.1712646484375
-0.30584716796875 0.0266723632812499 0.105064392089844 0.09197998046875
-0.351593017578125 -0.078399658203125 0.33154296875 0.126220703125
-0.32269287109375 -0.06231689453125 0.56646728515625 0.38421630859375
-0.5972900390625 -0.0127563476562501 0.53094482421875 -0.0472412109375
-0.492950439453125 0.0590820312500001 0.456878662109375 0.198974609375
-0.432952880859375 0.125518798828125 0.417816162109375 0.153472900390625
-0.335479736328125 0.204681396484375 0.270950317382812 -0.00497436523437499
-0.294403076171875 0.240753173828125 -0.0493049621582031 -0.07000732421875
-0.167755126953125 0.40911865234375 -0.139266967773438 0.1788330078125
-0.025604248046875 0.502227783203125 -0.0394287109375 0.42926025390625
-0.042694091796875 0.485992431640625 0.08392333984375 0.459075927734375
-0.022064208984375 0.523406982421875 0.11932373046875 0.474761962890625
-0.11834716796875 0.47760009765625 0.050262451171875 0.414398193359375
-0.31817626953125 0.411163330078125 -0.010162353515625 0.25689697265625
-0.40679931640625 0.345458984375 0.0182647705078125 0.165283203125
-0.498748779296875 0.065826416015625 0.0656967163085937 0.0993804931640625
-0.56573486328125 -0.0506591796874999 0.215911865234375 0.118438720703125
-0.56317138671875 -0.0713500976562501 0.419921875 0.33026123046875
-0.79052734375 -0.00732421875000014 0.316314697265625 -0.058013916015625
-0.65789794921875 0.0884399414062501 0.333251953125 0.21337890625
-0.58038330078125 0.13824462890625 0.3857421875 0.114898681640625
-0.464019775390625 0.233062744140625 0.259033203125 -0.054412841796875
-0.417999267578125 0.306396484375 -0.0208587646484375 -0.138511657714844
-0.28741455078125 0.55096435546875 -0.108497619628906 0.0464935302734375
-0.08697509765625 0.64678955078125 -0.0429840087890625 0.248214721679687
-0.0787353515625 0.62615966796875 0.0482177734375 0.263992309570313
-0.052734375 0.6917724609375 0.0816497802734375 0.27154541015625
-0.156494140625 0.62896728515625 0.068206787109375 0.241806030273438
-0.394317626953125 0.523223876953125 0.00836181640624999 0.15155029296875
-0.480438232421875 0.4288330078125 0.0137176513671875 0.1541748046875
-0.5908203125 0.11871337890625 -0.00732421875000005 0.116981506347656
-0.68194580078125 0.0103759765625 0.0467300415039062 0.11163330078125
-0.71783447265625 -0.0524902343749999 0.201263427734375 0.259033203125
-0.85162353515625 0.000732421874999899 0.0503768920898437 -0.0947647094726563
-0.70367431640625 0.0845947265625001 0.155624389648437 0.183563232421875
-0.64111328125 0.0947875976562501 0.300506591796875 0.053802490234375
-0.545501708984375 0.206451416015625 0.222076416015625 -0.110885620117187
-0.49835205078125 0.328338623046875 0.024139404296875 -0.212188720703125
-0.3660888671875 0.6240234375 -0.0540695190429688 -0.120094299316406
-0.13018798828125 0.70184326171875 -0.0371551513671875 0.0161247253417969
-0.1031494140625 0.67303466796875 0.00923919677734374 0.0277366638183594
-0.0807495117187501 0.75244140625 0.034423828125 0.0370674133300782
-0.17816162109375 0.66424560546875 0.069091796875 0.0490493774414063
-0.405303955078125 0.5281982421875 0.0142097473144531 0.0476646423339844
-0.463348388671875 0.42236328125 -0.0122528076171875 0.143051147460938
-0.56427001953125 0.15386962890625 -0.103103637695313 0.131103515625
-0.67962646484375 0.07659912109375 -0.143310546875 0.101150512695312
-0.76873779296875 -0.0175781250000002 -0.055572509765625 0.18194580078125
-0.765625 0.0149536132812501 -0.21636962890625 -0.149932861328125
-0.6265869140625 0.055908203125 -0.0528869628906251 0.11688232421875
-0.59588623046875 0.0250854492187499 0.172805786132812 -4.57763671874984E-05
-0.53692626953125 0.14013671875 0.174392700195312 -0.154052734375
-0.49261474609375 0.2998046875 0.0832061767578125 -0.279586791992188
-0.37835693359375 0.60626220703125 0.00964355468749998 -0.2984619140625
-0.14691162109375 0.64813232421875 -0.029510498046875 -0.236663818359375
-0.10882568359375 0.61798095703125 -0.030487060546875 -0.212188720703125
-0.0996093750000001 0.6923828125 -0.00718688964843752 -0.18853759765625
-0.1824951171875 0.5831298828125 0.0698928833007812 -0.120903015136719
-0.35955810546875 0.424774169921875 0.0146331787109375 -0.0253887176513672
-0.374053955078125 0.329132080078125 -0.056915283203125 0.132972717285156
-0.446136474609375 0.155059814453125 -0.205657958984375 0.119308471679687
-0.58221435546875 0.126953125 -0.31463623046875 0.0695495605468751
-0.71246337890625 0.017578125 -0.310821533203125 0.110504150390625
-0.56195068359375 0.0381774902343749 -0.437408447265625 -0.20892333984375
-0.4505615234375 0.0296325683593749 -0.247344970703125 0.0359649658203125
-0.44305419921875 -0.02545166015625 0.0397987365722656 -0.0346221923828125
-0.417205810546875 0.0697021484375001 0.1324462890625 -0.18011474609375
-0.384918212890625 0.226715087890625 0.135711669921875 -0.331390380859375
-0.31195068359375 0.487518310546875 0.0584716796874999 -0.457183837890625
-0.13409423828125 0.49310302734375 -0.034912109375 -0.46533203125
-0.095306396484375 0.469879150390625 -0.06744384765625 -0.422760009765625
-0.10870361328125 0.529815673828125 -0.0294189453125 -0.370025634765625
-0.164398193359375 0.41558837890625 0.0802764892578125 -0.238311767578125
-0.268157958984375 0.26177978515625 0.0133857727050781 -0.0558929443359375
-0.24395751953125 0.192657470703125 -0.115936279296875 0.116935729980469
-0.28668212890625 0.130950927734375 -0.292999267578125 0.065277099609375
-0.422882080078125 0.14129638671875 -0.437744140625 0.00848388671874995
-0.56134033203125 0.0429687500000001 -0.526153564453125 0.0448913574218751
-0.27789306640625 0.0686492919921875 -0.57794189453125 -0.2568359375
-0.213958740234375 0.0257110595703125 -0.38287353515625 -0.0335388183593751
-0.2061767578125 -0.0372467041015625 -0.060028076171875 -0.0508880615234375
-0.204147338867188 0.00228881835937499 0.0981597900390625 -0.198287963867188
-0.197265625 0.112655639648437 0.160858154296875 -0.359588623046875
-0.192535400390625 0.278427124023438 0.07525634765625 -0.56414794921875
-0.101669311523438 0.255905151367188 -0.056640625 -0.6292724609375
-0.0671234130859375 0.251541137695313 -0.09747314453125 -0.5677490234375
-0.09686279296875 0.295806884765625 -0.027984619140625 -0.485931396484375
-0.122879028320312 0.2110595703125 0.096954345703125 -0.29364013671875
-0.149093627929688 0.0927886962890625 0.0100364685058594 -0.0521240234375
-0.105148315429688 0.0556869506835938 -0.175888061523437 0.08709716796875
-0.121040344238281 0.0904388427734375 -0.350494384765625 -0.020751953125
-0.22509765625 0.125625610351563 -0.502899169921875 -0.0699157714843749
-0.3299560546875 0.052398681640625 -0.67694091796875 -0.00805664062499986
0.0130767822265625 -0.0454864501953125 0.7052001953125 -0.1104736328125
-0.0134353637695313 -0.0725784301757813 0.5648193359375 0.06573486328125
-0.0537605285644531 -0.00632858276367188 0.421051025390625 0.082489013671875
-0.0534477233886719 0.038848876953125 0.231689453125 -0.01715087890625
-0.0279293060302734 0.0346355438232422 -0.0860671997070312 0.0201950073242187
0.0634689331054688 0.00944900512695313 -0.14654541015625 0.321044921875
0.077056884765625 0.0365371704101563 0.00103759765625001 0.58038330078125
0.0369110107421875 0.0139503479003906 0.13134765625 0.6329345703125
0.0565071105957031 -0.0242729187011719 0.14202880859375 0.66259765625
0.0434379577636719 -0.015350341796875 -0.02679443359375 0.58111572265625
0.0149497985839844 0.0429801940917969 -0.072662353515625 0.384490966796875
-0.0132522583007812 0.0885009765625 -0.0187530517578125 0.168914794921875
-0.062286376953125 0.0285110473632813 0.104713439941406 0.0871200561523438
-0.0887298583984375 -0.0551986694335937 0.376251220703125 0.118011474609375
-0.0328636169433594 -0.0205135345458984 0.6392822265625 0.39031982421875
-0.31109619140625 -0.013275146484375 0.6741943359375 -0.08221435546875
-0.257232666015625 0.00965881347656249 0.542449951171875 0.13616943359375
-0.241043090820312 0.07818603515625 0.43829345703125 0.136688232421875
-0.18865966796875 0.138656616210938 0.268310546875 0.00186157226562501
-0.158615112304688 0.152938842773438 -0.07086181640625 -0.0190582275390625
-0.0367584228515625 0.226699829101562 -0.15106201171875 0.273971557617188
0.044708251953125 0.292755126953125 -0.0145263671874999 0.54766845703125
0.00575256347656249 0.272918701171875 0.1253662109375 0.59033203125
0.021759033203125 0.274871826171875 0.1529541015625 0.61578369140625
-0.047637939453125 0.248977661132812 0.02099609375 0.536224365234375
-0.175003051757812 0.2418212890625 -0.039581298828125 0.341888427734375
-0.2362060546875 0.224777221679687 0.007965087890625 0.170303344726563
-0.3114013671875 0.0345458984375 0.105979919433594 0.0897598266601562
-0.363067626953125 -0.06683349609375 0.33843994140625 0.121917724609375
-0.33038330078125 -0.0498046875 0.58935546875 0.37261962890625
-0.60296630859375 0.010009765625 0.5418701171875 -0.066314697265625
-0.496307373046875 0.0755920410156251 0.473968505859375 0.189697265625
-0.432464599609375 0.143096923828125 0.436492919921875 0.142486572265625
-0.329315185546875 0.21868896484375 0.280136108398437 -0.0175323486328125
-0.29119873046875 0.25347900390625 -0.054351806640625 -0.0728759765625
-0.155792236328125 0.419647216796875 -0.1434326171875 0.185211181640625
-0.00738525390625001 0.510711669921875 -0.028228759765625 0.43853759765625
-0.027984619140625 0.49322509765625 0.1004638671875 0.460845947265625
-0.00570678710937504 0.53338623046875 0.135772705078125 0.480010986328125
-0.10675048828125 0.483734130859375 0.060394287109375 0.41668701171875
-0.311614990234375 0.428619384765625 -0.00790405273437504 0.260330200195313
-0.39678955078125 0.36468505859375 0.0229644775390625 0.166275024414063
-0.50372314453125 0.0800781249999999 0.0677871704101562 0.100570678710938
-0.57635498046875 -0.0314331054687499 0.220794677734375 0.118255615234375
-0.5750732421875 -0.0546264648437501 0.43804931640625 0.3201904296875
-0.802490234375 0.0215454101562502 0.322540283203125 -0.069671630859375
-0.66363525390625 0.11407470703125 0.350738525390625 0.209136962890625
-0.58282470703125 0.159912109375 0.40325927734375 0.1044921875
-0.457916259765625 0.251312255859375 0.265762329101562 -0.06683349609375
-0.41583251953125 0.32159423828125 -0.0279693603515625 -0.142974853515625
-0.26983642578125 0.56610107421875 -0.11492919921875 0.0512847900390626
-0.067138671875 0.6605224609375 -0.035614013671875 0.255508422851563
-0.0599365234375 0.639892578125 0.0596466064453125 0.26397705078125
-0.0313720703124999 0.70733642578125 0.0923919677734375 0.274566650390625
-0.14190673828125 0.63885498046875 0.075286865234375 0.239852905273438
-0.383514404296875 0.54486083984375 0.00923156738281248 0.15423583984375
-0.470550537109375 0.451416015625 0.0205230712890625 0.158065795898438
-0.59442138671875 0.1378173828125 -0.00455474853515629 0.121589660644531
-0.6890869140625 0.0360107421875001 0.0485076904296875 0.117355346679687
-0.7342529296875 -0.0305175781250001 0.210662841796875 0.256103515625
-0.8609619140625 0.0343017578124998 0.0514831542968749 -0.09619140625
-0.7093505859375 0.11199951171875 0.170700073242187 0.185943603515625
-0.646728515625 0.1185302734375 0.314117431640625 0.046234130859375
-0.5428466796875 0.224609375 0.22589111328125 -0.12115478515625
-0.497100830078125 0.34442138671875 0.0165252685546875 -0.218231201171875
-0.34967041015625 0.6439208984375 -0.0628890991210938 -0.11859130859375
-0.1119384765625 0.71783447265625 -0.0351409912109375 0.0179004669189454
-0.084716796875 0.685791015625 0.013916015625 0.025320053100586
-0.0577392578125 0.7708740234375 0.0378341674804687 0.0370864868164063
-0.16265869140625 0.67608642578125 0.0730209350585937 0.0440673828125
-0.3955078125 0.54864501953125 0.0138969421386719 0.0496978759765625
-0.454010009765625 0.445068359375 -0.00411987304687504 0.14898681640625
-0.5654296875 0.1727294921875 -0.0998764038085938 0.138725280761719
-0.6845703125 0.10308837890625 -0.14508056640625 0.111801147460937
-0.7835693359375 0.00549316406249984 -0.055450439453125 0.186813354492188
-0.77447509765625 0.04327392578125 -0.222061157226563 -0.142410278320313
-0.633544921875 0.0789184570312501 -0.042877197265625 0.124969482421875
-0.60125732421875 0.0461425781249999 0.181640625 -0.00360107421875
-0.537841796875 0.15887451171875 0.175201416015625 -0.161407470703125
-0.49212646484375 0.31640625 0.074951171875 -0.28662109375
-0.36181640625 0.626220703125 -0.000457763671875036 -0.302093505859375
-0.13018798828125 0.66473388671875 -0.0350799560546875 -0.239898681640625
-0.0921630859375 0.63031005859375 -0.0330047607421875 -0.21807861328125
-0.079345703125 0.71014404296875 -0.00958251953124998 -0.191513061523437
-0.1690673828125 0.591796875 0.0705108642578125 -0.128387451171875
-0.351654052734375 0.4407958984375 0.0149402618408203 -0.0237979888916015
-0.366668701171875 0.344818115234375 -0.0494537353515625 0.141006469726563
-0.444915771484375 0.169219970703125 -0.203277587890625 0.128921508789063
-0.58331298828125 0.14886474609375 -0.320220947265625 0.0826416015625
-0.72454833984375 0.0402832031250001 -0.318939208984375 0.121490478515625
-0.56658935546875 0.0611572265625001 -0.449188232421875 -0.195648193359375
-0.456268310546875 0.048095703125 -0.244384765625 0.04913330078125
-0.44952392578125 -0.0105590820312501 0.0439491271972656 -0.0344352722167969
-0.419097900390625 0.081695556640625 0.130325317382812 -0.185455322265625
-0.38482666015625 0.237152099609375 0.128326416015625 -0.339263916015625
-0.298126220703125 0.503753662109375 0.046661376953125 -0.463287353515625
-0.124237060546875 0.505157470703125 -0.045562744140625 -0.47412109375
-0.083892822265625 0.47930908203125 -0.07720947265625 -0.428985595703125
-0.09130859375 0.54376220703125 -0.037933349609375 -0.37554931640625
-0.154327392578125 0.423187255859375 0.078857421875 -0.247116088867187
-0.263397216796875 0.27203369140625 0.0145950317382812 -0.0538063049316406
-0.238128662109375 0.20208740234375 -0.110343933105469 0.127105712890625
-0.2825927734375 0.141387939453125 -0.29339599609375 0.0753173828125001
-0.4207763671875 0.1597900390625 -0.447967529296875 0.0225830078125
-0.5701904296875 0.05853271484375 -0.541412353515625 0.0634460449218749
-0.277389526367188 0.0818634033203125 -0.59466552734375 -0.239501953125
-0.216384887695312 0.0357513427734375 -0.385467529296875 -0.0192260742187501
-0.210052490234375 -0.0293121337890625 -0.0597724914550781 -0.0473175048828125
-0.20648193359375 0.00645446777343747 0.0943756103515625 -0.201492309570312
-0.197067260742188 0.116470336914063 0.1558837890625 -0.3681640625
-0.18609619140625 0.2894287109375 0.0618896484375 -0.57281494140625
-0.0983734130859375 0.263763427734375 -0.07427978515625 -0.63934326171875
-0.061920166015625 0.256698608398438 -0.11358642578125 -0.5760498046875
-0.087127685546875 0.305328369140625 -0.041107177734375 -0.493743896484375
-0.11767578125 0.2164306640625 0.095428466796875 -0.303314208984375
-0.148330688476563 0.0961456298828125 0.0123100280761719 -0.0484619140625
-0.102508544921875 0.0594329833984375 -0.172927856445313 0.0993804931640625
-0.116981506347656 0.0960845947265625 -0.35589599609375 -0.012298583984375
-0.221481323242188 0.136154174804688 -0.51629638671875 -0.0576171875
-0.333953857421875 0.0614318847656249 -0.69622802734375 0.0158691406250001
0.0133819580078125 -0.0483245849609375 0.72015380859375 -0.1534423828125
-0.0181121826171875 -0.0735855102539063 0.5831298828125 0.03741455078125
-0.0552749633789063 -0.00440597534179687 0.443450927734375 0.059814453125
-0.0536689758300781 0.0439338684082031 0.241012573242188 -0.034149169921875
-0.0291213989257813 0.0409317016601563 -0.0892562866210938 0.0217971801757813
0.0674247741699219 0.00836944580078125 -0.140777587890625 0.3377685546875
0.0855178833007813 0.0322265625 0.02630615234375 0.601318359375
0.0402488708496094 0.0116310119628906 0.1649169921875 0.64581298828125
0.0560760498046875 -0.0284881591796875 0.1761474609375 0.67596435546875
0.0419731140136719 -0.0175514221191406 -0.0054931640625 0.59912109375
0.0181159973144531 0.04510498046875 -0.06201171875 0.396240234375
-0.00886535644531251 0.0919647216796875 -0.015655517578125 0.170578002929688
-0.065704345703125 0.0311050415039062 0.107398986816406 0.082275390625
-0.0988540649414062 -0.0525741577148438 0.39306640625 0.103851318359375
-0.0355644226074219 -0.0172691345214844 0.68084716796875 0.3646240234375
-0.3167724609375 0.00424194335937503 0.691650390625 -0.12335205078125
-0.261962890625 0.02447509765625 0.56689453125 0.11279296875
-0.24151611328125 0.0922698974609375 0.464202880859375 0.115203857421875
-0.184463500976562 0.152725219726563 0.281158447265625 -0.017578125
-0.15606689453125 0.166229248046875 -0.0766143798828125 -0.0197830200195313
-0.0240478515625 0.233322143554688 -0.149322509765625 0.288543701171875
0.06475830078125 0.2974853515625 0.00915527343750002 0.56640625
0.01910400390625 0.2806396484375 0.1571044921875 0.60009765625
0.035491943359375 0.280990600585938 0.1865234375 0.62762451171875
-0.0385284423828125 0.256118774414063 0.0424804687499999 0.549530029296875
-0.168258666992187 0.258071899414062 -0.029876708984375 0.3516845703125
-0.228561401367188 0.24249267578125 0.013641357421875 0.171463012695313
-0.320648193359375 0.049713134765625 0.110336303710937 0.0858917236328125
-0.3802490234375 -0.048919677734375 0.3525390625 0.1116943359375
-0.343536376953125 -0.03228759765625 0.62725830078125 0.34765625
-0.6173095703125 0.04351806640625 0.5560302734375 -0.09912109375
-0.50360107421875 0.106903076171875 0.5013427734375 0.170379638671875
-0.433319091796875 0.16973876953125 0.4642333984375 0.120452880859375
-0.322021484375 0.241302490234375 0.291351318359375 -0.037384033203125
-0.286895751953125 0.274017333984375 -0.0627670288085938 -0.076080322265625
-0.135162353515625 0.435455322265625 -0.144744873046875 0.197128295898438
0.0207519531250001 0.5247802734375 -0.00784301757812496 0.453460693359375
-0.00488281250000004 0.508697509765625 0.125579833984375 0.468353271484375
0.021728515625 0.549591064453125 0.163604736328125 0.486846923828125
-0.08929443359375 0.49835205078125 0.078857421875 0.42340087890625
-0.297943115234375 0.45721435546875 -0.000381469726562532 0.267303466796875
-0.385833740234375 0.393157958984375 0.0320587158203125 0.1671142578125
-0.514556884765625 0.105804443359375 0.07318115234375 0.100753784179688
-0.5970458984375 -0.000671386718750131 0.232391357421875 0.115219116210937
-0.5955810546875 -0.0240478515624999 0.467254638671875 0.305084228515625
-0.8184814453125 0.0689697265625002 0.3319091796875 -0.088897705078125
-0.67437744140625 0.154541015625 0.3775634765625 0.19903564453125
-0.5867919921875 0.19537353515625 0.42828369140625 0.084564208984375
-0.453094482421875 0.281005859375 0.27349853515625 -0.0863189697265625
-0.412506103515625 0.3480224609375 -0.0392608642578125 -0.148757934570312
-0.24676513671875 0.58966064453125 -0.121368408203125 0.059600830078125
-0.0340576171875 0.6829833984375 -0.0238800048828125 0.266128540039063
-0.0322265624999999 0.6590576171875 0.075836181640625 0.265548706054688
0.00518798828125 0.731689453125 0.109954833984375 0.277236938476563
-0.116455078125 0.65789794921875 0.0868988037109375 0.239013671875
-0.36590576171875 0.57843017578125 0.013580322265625 0.157882690429688
-0.45556640625 0.4871826171875 0.03106689453125 0.159835815429688
-0.60308837890625 0.16986083984375 0.00115966796874997 0.126113891601563
-0.70611572265625 0.0758056640625001 0.0545730590820312 0.122848510742187
-0.75970458984375 0.00726318359375013 0.22845458984375 0.252456665039063
-0.87823486328125 0.0827026367187499 0.0516891479492187 -0.101348876953125
-0.71917724609375 0.15704345703125 0.19207763671875 0.18475341796875
-0.6539306640625 0.15618896484375 0.3328857421875 0.030059814453125
-0.541107177734375 0.2562255859375 0.228713989257812 -0.13983154296875
-0.495574951171875 0.376129150390625 0.00306701660156248 -0.227081298828125
-0.3255615234375 0.67633056640625 -0.0744247436523438 -0.116867065429687
-0.0778808593749999 0.74334716796875 -0.0330142974853516 0.0201129913330079
-0.0546875 0.71051025390625 0.0179729461669922 0.0219058990478516
-0.01812744140625 0.79730224609375 0.0426292419433594 0.03533935546875
-0.134033203125 0.69696044921875 0.0769577026367187 0.0369491577148438
-0.3780517578125 0.58123779296875 0.0158576965332031 0.0516548156738282
-0.4383544921875 0.477813720703125 0.00773620605468746 0.153518676757813
-0.569091796875 0.202880859375 -0.0943756103515625 0.150177001953125
-0.695556640625 0.1434326171875 -0.14605712890625 0.12640380859375
-0.807373046875 0.0477905273437502 -0.0511779785156251 0.195968627929688
-0.7877197265625 0.0897827148437501 -0.232376098632813 -0.132217407226563
-0.6427001953125 0.12017822265625 -0.0296859741210938 0.134506225585938
-0.61376953125 0.0782470703125001 0.192794799804687 -0.0140838623046875
-0.54193115234375 0.186004638671875 0.173492431640625 -0.175430297851563
-0.493011474609375 0.344268798828125 0.0625305175781249 -0.299713134765625
-0.339111328125 0.65899658203125 -0.01708984375 -0.307769775390625
-0.10284423828125 0.69122314453125 -0.044189453125 -0.2462158203125
-0.06494140625 0.6533203125 -0.0417633056640625 -0.226608276367188
-0.0428466796875001 0.73651123046875 -0.0171051025390625 -0.197555541992187
-0.14385986328125 0.6114501953125 0.0684890747070312 -0.140571594238281
-0.339752197265625 0.4688720703125 0.0154495239257812 -0.0238857269287109
-0.353363037109375 0.3714599609375 -0.0386810302734375 0.149459838867188
-0.444671630859375 0.196441650390625 -0.200164794921875 0.143173217773438
-0.5880126953125 0.18487548828125 -0.328582763671875 0.10302734375
-0.74639892578125 0.0791015625000001 -0.3282470703125 0.14300537109375
-0.57489013671875 0.0974121093750001 -0.4696044921875 -0.1751708984375
-0.463714599609375 0.077545166015625 -0.242080688476563 0.067626953125
-0.460235595703125 0.01361083984375 0.0476722717285156 -0.0360679626464844
-0.425384521484375 0.1016845703125 0.125762939453125 -0.195541381835937
-0.3843994140625 0.25885009765625 0.116668701171875 -0.3543701171875
-0.28070068359375 0.53265380859375 0.027374267578125 -0.4771728515625
-0.1036376953125 0.5284423828125 -0.069122314453125 -0.48797607421875
-0.06396484375 0.49615478515625 -0.09759521484375 -0.440826416015625
-0.06341552734375 0.567138671875 -0.05401611328125 -0.3861083984375
-0.138916015625 0.439239501953125 0.0727996826171875 -0.261398315429688
-0.256134033203125 0.28973388671875 0.0160331726074219 -0.0532493591308594
-0.229034423828125 0.217147827148437 -0.101531982421875 0.140853881835938
-0.277786254882813 0.159271240234375 -0.296417236328125 0.091064453125
-0.421356201171875 0.1875 -0.462890625 0.0457153320312499
-0.58319091796875 0.0907592773437499 -0.560028076171875 0.0970764160156249
-0.27734375 0.101943969726562 -0.62139892578125 -0.2115478515625
-0.220230102539062 0.0525054931640625 -0.3931884765625 0.00393676757812505
-0.215347290039063 -0.0170440673828125 -0.0604515075683594 -0.0432968139648437
-0.210922241210938 0.0134429931640625 0.0872650146484375 -0.208953857421875
-0.198196411132812 0.125930786132813 0.144683837890625 -0.383636474609375
-0.1761474609375 0.30596923828125 0.03863525390625 -0.5916748046875
-0.0911712646484375 0.2784423828125 -0.10589599609375 -0.657958984375
-0.051727294921875 0.266036987304688 -0.14227294921875 -0.5877685546875
-0.07293701171875 0.32000732421875 -0.064605712890625 -0.50762939453125
-0.110824584960938 0.225677490234375 0.088470458984375 -0.319610595703125
-0.1470947265625 0.103851318359375 0.0161399841308594 -0.0459976196289062
-0.100059509277344 0.064453125 -0.169662475585938 0.116302490234375
-0.111541748046875 0.104843139648437 -0.36627197265625 0.00418090820312506
-0.216888427734375 0.151885986328125 -0.538543701171875 -0.0334472656250001
-0.34027099609375 0.07965087890625 -0.7236328125 0.0577392578125
0.0128936767578125 -0.05023193359375 0.7186279296875 -0.21478271484375
-0.023834228515625 -0.0740890502929688 0.595703125 -0.004638671875
-0.0561752319335937 -0.000476837158203132 0.460357666015625 0.0223388671875
-0.0523719787597656 0.0506706237792969 0.246978759765625 -0.0596466064453125
-0.0276870727539063 0.048583984375 -0.0927810668945313 0.0254058837890625
0.0700569152832031 0.00303268432617188 -0.123687744140625 0.3541259765625
0.0936965942382813 0.0233383178710938 0.0692138671875 0.61279296875
0.0430564880371094 0.00842666625976563 0.21136474609375 0.644775390625
0.0546073913574219 -0.0338859558105469 0.2255859375 0.67724609375
0.0402259826660156 -0.0205917358398438 0.0303344726562499 0.6114501953125
0.0222930908203125 0.0459480285644531 -0.040863037109375 0.407012939453125
-0.00182342529296874 0.0940628051757813 -0.00952148437499998 0.170059204101562
-0.0672798156738281 0.0354957580566406 0.111640930175781 0.0741500854492188
-0.109832763671875 -0.0450515747070313 0.405487060546875 0.074737548828125
-0.0367088317871094 -0.0129013061523438 0.7210693359375 0.313232421875
-0.317779541015625 0.028594970703125 0.69317626953125 -0.18292236328125
-0.262893676757813 0.0445404052734375 0.58575439453125 0.07220458984375
-0.236129760742188 0.111419677734375 0.48681640625 0.07769775390625
-0.17376708984375 0.168975830078125 0.28863525390625 -0.045166015625
-0.147048950195313 0.182662963867188 -0.0830459594726563 -0.0182723999023437
-0.0054931640625 0.2359619140625 -0.13677978515625 0.30535888671875
0.09124755859375 0.294464111328125 0.05157470703125 0.57861328125
0.040771484375 0.282989501953125 0.20123291015625 0.59912109375
0.05743408203125 0.28338623046875 0.2333984375 0.6258544921875
-0.023284912109375 0.260955810546875 0.07672119140625 0.554473876953125
-0.151351928710938 0.275741577148438 -0.01153564453125 0.359344482421875
-0.212081909179687 0.262191772460938 0.0212249755859375 0.16864013671875
-0.32379150390625 0.07208251953125 0.115486145019531 0.078125
-0.3929443359375 -0.018951416015625 0.36749267578125 0.088836669921875
-0.35107421875 -0.00448608398437505 0.6641845703125 0.30224609375
-0.6170654296875 0.09368896484375 0.56103515625 -0.146484375
-0.500457763671875 0.150909423828125 0.52667236328125 0.135284423828125
-0.42413330078125 0.206085205078125 0.4881591796875 0.08258056640625
-0.303863525390625 0.267578125 0.29833984375 -0.065460205078125
-0.27215576171875 0.298583984375 -0.0733642578125 -0.0761871337890625
-0.10357666015625 0.44683837890625 -0.139144897460938 0.213577270507813
0.06201171875 0.528778076171875 0.0240478515625 0.465850830078125
0.031768798828125 0.5169677734375 0.159912109375 0.464813232421875
0.063385009765625 0.558380126953125 0.201934814453125 0.4837646484375
-0.0579833984375 0.5107421875 0.104400634765625 0.421661376953125
-0.26861572265625 0.48541259765625 0.013214111328125 0.2716064453125
-0.358642578125 0.425567626953125 0.0425872802734375 0.16314697265625
-0.515625 0.142822265625 0.080078125 0.0969390869140625
-0.607177734375 0.0471191406249999 0.244842529296875 0.103271484375
-0.6087646484375 0.0234375 0.49737548828125 0.270355224609375
-0.82073974609375 0.13726806640625 0.33465576171875 -0.118377685546875
-0.66741943359375 0.2127685546875 0.4053955078125 0.174041748046875
-0.57659912109375 0.2440185546875 0.447998046875 0.048736572265625
-0.4327392578125 0.3150634765625 0.275894165039062 -0.113479614257812
-0.39471435546875 0.380767822265625 -0.054779052734375 -0.150680541992187
-0.20477294921875 0.61572265625 -0.12335205078125 0.0728378295898438
0.0174560546875 0.69537353515625 -0.00309753417968751 0.274002075195313
0.01336669921875 0.6728515625 0.0971221923828125 0.2611083984375
0.06243896484375 0.744873046875 0.133743286132813 0.273635864257813
-0.074462890625 0.672607421875 0.101486206054688 0.232864379882813
-0.33026123046875 0.61492919921875 0.021453857421875 0.159805297851563
-0.422088623046875 0.523895263671875 0.0449066162109375 0.157272338867188
-0.597900390625 0.2130126953125 0.010711669921875 0.12847900390625
-0.7109375 0.13275146484375 0.0647735595703125 0.125007629394531
-0.77227783203125 0.0686035156250002 0.250503540039062 0.237579345703125
-0.881103515625 0.1571044921875 0.0487899780273437 -0.10797119140625
-0.71331787109375 0.21844482421875 0.21734619140625 0.174789428710938
-0.64886474609375 0.20892333984375 0.3472900390625 0.00210571289062501
-0.526092529296875 0.295135498046875 0.2252197265625 -0.160934448242187
-0.478851318359375 0.412506103515625 -0.0160369873046876 -0.232742309570312
-0.2813720703125 0.7064208984375 -0.0865478515625 -0.110260009765625
-0.0261230468750001 0.76263427734375 -0.0280647277832031 0.0235347747802735
-0.00567626953125008 0.7247314453125 0.0219001770019531 0.0157260894775391
0.04400634765625 0.81591796875 0.0481643676757813 0.0317573547363282
-0.0903930664062499 0.7138671875 0.079010009765625 0.02728271484375
-0.34173583984375 0.61669921875 0.0182037353515625 0.0511360168457032
-0.404693603515625 0.511505126953125 0.0238189697265625 0.153488159179688
-0.5596923828125 0.245147705078125 -0.083404541015625 0.15948486328125
-0.69293212890625 0.20123291015625 -0.1390380859375 0.142776489257813
-0.820068359375 0.1129150390625 -0.0397033691406251 0.203338623046875
-0.7869873046875 0.1571044921875 -0.242355346679688 -0.117324829101562
-0.63800048828125 0.17535400390625 -0.0120086669921876 0.14105224609375
-0.6136474609375 0.126953125 0.199752807617187 -0.0292510986328125
-0.533477783203125 0.222747802734375 0.165725708007812 -0.19085693359375
-0.47808837890625 0.37994384765625 0.0403442382812499 -0.308868408203125
-0.297119140625 0.69488525390625 -0.039825439453125 -0.308502197265625
-0.05419921875 0.71221923828125 -0.0596160888671875 -0.249526977539062
-0.0213623046874999 0.66851806640625 -0.0564422607421875 -0.232803344726562
0.0150146484375 0.75518798828125 -0.02978515625 -0.201873779296875
-0.10577392578125 0.62957763671875 0.0594329833984375 -0.153030395507812
-0.3084716796875 0.499603271484375 0.0153656005859375 -0.0247821807861328
-0.324920654296875 0.39849853515625 -0.021942138671875 0.155197143554688
-0.431549072265625 0.22900390625 -0.1912841796875 0.160385131835938
-0.5792236328125 0.2354736328125 -0.32769775390625 0.131805419921875
-0.75408935546875 0.13995361328125 -0.326568603515625 0.17462158203125
-0.57025146484375 0.1439208984375 -0.48760986328125 -0.139190673828125
-0.459686279296875 0.119049072265625 -0.234176635742188 0.089447021484375
-0.463104248046875 0.048309326171875 0.0499649047851562 -0.0398139953613281
-0.42315673828125 0.130126953125 0.114471435546875 -0.205551147460938
-0.3758544921875 0.285308837890625 0.0948791503906249 -0.367828369140625
-0.2484130859375 0.559478759765625 -0.00473022460937496 -0.485321044921875
-0.07000732421875 0.54815673828125 -0.101470947265625 -0.494964599609375
-0.0306396484374999 0.508819580078125 -0.129425048828125 -0.445770263671875
-0.0210571289062499 0.58123779296875 -0.082000732421875 -0.390472412109375
-0.111328125 0.452545166015625 0.0571136474609375 -0.275955200195313
-0.238739013671875 0.30975341796875 0.0169334411621094 -0.0534629821777344
-0.212661743164062 0.232986450195313 -0.0859832763671875 0.152023315429688
-0.265106201171875 0.182510375976562 -0.29473876953125 0.113372802734375
-0.40887451171875 0.2235107421875 -0.470550537109375 0.081298828125
-0.58843994140625 0.13543701171875 -0.56854248046875 0.14788818359375
-0.268936157226563 0.127334594726562 -0.645751953125 -0.16461181640625
-0.217239379882813 0.0754547119140625 -0.3956298828125 0.0372924804687501
-0.21746826171875 -0.000442504882812495 -0.0618705749511719 -0.037139892578125
-0.21368408203125 0.025787353515625 0.073760986328125 -0.21466064453125
-0.193832397460938 0.137725830078125 0.123291015625 -0.3983154296875
-0.157318115234375 0.32452392578125 -0.000610351562500019 -0.603515625
-0.0748291015625 0.29241943359375 -0.15130615234375 -0.664306640625
-0.0352935791015625 0.273788452148438 -0.186279296875 -0.58990478515625
-0.048675537109375 0.330657958984375 -0.100250244140625 -0.5135498046875
-0.0967254638671875 0.234878540039063 0.070404052734375 -0.33416748046875
-0.142486572265625 0.113525390625 0.0182762145996094 -0.0462684631347656
-0.094085693359375 0.0701828002929688 -0.158950805664063 0.134353637695312
-0.100074768066406 0.115798950195312 -0.3729248046875 0.0283203124999999
-0.2066650390625 0.171096801757813 -0.55328369140625 0.00476074218750013
-0.3406982421875 0.1063232421875 -0.73675537109375 0.12237548828125
0.0126152038574219 -0.0530166625976563 0.6944580078125 -0.275390625
-0.0303955078125 -0.07171630859375 0.59051513671875 -0.05108642578125
-0.0553016662597656 0.00390625000000001 0.46240234375 -0.019622802734375
-0.0478553771972656 0.0559425354003906 0.242141723632813 -0.084716796875
-0.0227851867675781 0.0553207397460938 -0.0938644409179688 0.0297317504882812
0.0724029541015625 -0.00250244140625 -0.09991455078125 0.36175537109375
0.09844970703125 0.0109939575195313 0.1148681640625 0.60595703125
0.0455474853515625 0.00419998168945313 0.2569580078125 0.625244140625
0.0523567199707031 -0.0383186340332031 0.27569580078125 0.65545654296875
0.0373077392578125 -0.023345947265625 0.07208251953125 0.60589599609375
0.026458740234375 0.0450057983398438 -0.015655517578125 0.405975341796875
0.00642395019531251 0.0936660766601563 -0.00335693359374999 0.16546630859375
-0.0674209594726563 0.0406150817871094 0.112449645996094 0.0620880126953125
-0.117866516113281 -0.034332275390625 0.407318115234375 0.040863037109375
-0.0368423461914062 -0.00861740112304688 0.73870849609375 0.24676513671875
-0.307220458984375 0.0540771484375 0.67266845703125 -0.24285888671875
-0.254989624023438 0.0654144287109375 0.588134765625 0.0240478515625
-0.222488403320313 0.128921508789062 0.49322509765625 0.0343017578125
-0.154464721679688 0.181106567382813 0.286346435546875 -0.074127197265625
-0.131210327148438 0.1947021484375 -0.0883102416992188 -0.014801025390625
0.0147857666015625 0.23211669921875 -0.116546630859375 0.314788818359375
0.117233276367188 0.280654907226563 0.09368896484375 0.57489013671875
0.0631256103515625 0.27734375 0.24322509765625 0.57708740234375
0.0794525146484375 0.277359008789062 0.27972412109375 0.6021728515625
-0.006134033203125 0.260421752929688 0.112396240234375 0.545013427734375
-0.127899169921875 0.2852783203125 0.00930786132812499 0.356781005859375
-0.188491821289062 0.275421142578125 0.0279693603515625 0.160614013671875
-0.317535400390625 0.095703125 0.117424011230469 0.0670623779296875
-0.39422607421875 0.016143798828125 0.372467041015625 0.058837890625
-0.34747314453125 0.026397705078125 0.6822509765625 0.23980712890625
-0.59698486328125 0.1444091796875 0.545806884765625 -0.1961669921875
-0.480560302734375 0.19049072265625 0.5362548828125 0.09197998046875
-0.39996337890625 0.238494873046875 0.494384765625 0.038909912109375
-0.27423095703125 0.286590576171875 0.294036865234375 -0.094512939453125
-0.246612548828125 0.316070556640625 -0.0833969116210938 -0.0723190307617187
-0.066070556640625 0.447296142578125 -0.125900268554688 0.22442626953125
0.10577392578125 0.5169677734375 0.0606689453125 0.462799072265625
0.0697326660156249 0.5098876953125 0.193267822265625 0.447723388671875
0.108367919921875 0.54937744140625 0.237030029296875 0.465087890625
-0.021240234375 0.50848388671875 0.13006591796875 0.408447265625
-0.229736328125 0.5008544921875 0.0272979736328125 0.268630981445313
-0.319244384765625 0.447265625 0.0517578125 0.15386962890625
-0.499603271484375 0.17950439453125 0.08447265625 0.0889053344726563
-0.59906005859375 0.09832763671875 0.252685546875 0.084442138671875
-0.60052490234375 0.0760498046875001 0.514984130859375 0.22393798828125
-0.795654296875 0.20404052734375 0.325653076171875 -0.1492919921875
-0.637939453125 0.2677001953125 0.42218017578125 0.13909912109375
-0.546722412109375 0.28765869140625 0.453125 0.00827026367187502
-0.39764404296875 0.3421630859375 0.267837524414063 -0.139266967773437
-0.363677978515625 0.405426025390625 -0.0703125 -0.146957397460937
-0.15631103515625 0.62176513671875 -0.120338439941406 0.0849761962890626
0.0727539062499999 0.6884765625 0.0215301513671875 0.273529052734375
0.0636596679687501 0.6673583984375 0.115859985351562 0.248153686523438
0.1207275390625 0.73590087890625 0.154586791992187 0.260162353515625
-0.0267333984375 0.67083740234375 0.113922119140625 0.220382690429688
-0.27960205078125 0.633544921875 0.02935791015625 0.156875610351563
-0.373870849609375 0.54779052734375 0.055816650390625 0.146820068359375
-0.57415771484375 0.2548828125 0.0201950073242187 0.126960754394531
-0.691162109375 0.190673828125 0.0754928588867187 0.120903015136719
-0.7593994140625 0.13360595703125 0.266448974609375 0.211807250976563
-0.8515625 0.22979736328125 0.0434341430664062 -0.1129150390625
-0.68231201171875 0.2791748046875 0.237747192382812 0.155899047851563
-0.62091064453125 0.259033203125 0.34967041015625 -0.02862548828125
-0.49462890625 0.329254150390625 0.213455200195313 -0.180496215820313
-0.446502685546875 0.442413330078125 -0.037078857421875 -0.230072021484375
-0.22296142578125 0.7196044921875 -0.0956497192382812 -0.0988235473632812
0.0339965820312501 0.76239013671875 -0.0225601196289063 0.0247459411621094
0.0473022460937499 0.7205810546875 0.0228061676025391 0.00906372070312504
0.11163330078125 0.8056640625 0.051055908203125 0.0259246826171875
-0.038818359375 0.711669921875 0.0765914916992188 0.0167617797851563
-0.2908935546875 0.63671875 0.0211715698242187 0.0490570068359375
-0.354888916015625 0.5322265625 0.0374298095703125 0.14642333984375
-0.5318603515625 0.283111572265625 -0.0692291259765625 0.164108276367188
-0.666748046875 0.2572021484375 -0.125747680664063 0.154251098632813
-0.80291748046875 0.18194580078125 -0.0251464843750001 0.206130981445312
-0.7598876953125 0.2227783203125 -0.245010375976563 -0.0962524414062499
-0.609375 0.23077392578125 0.00712585449218745 0.142303466796875
-0.59490966796875 0.1746826171875 0.199691772460937 -0.046112060546875
-0.509124755859375 0.257568359375 0.152084350585937 -0.202178955078125
-0.45172119140625 0.408599853515625 0.016021728515625 -0.3092041015625
-0.241943359375 0.7081298828125 -0.0625 -0.300506591796875
0.000366210937500028 0.71484375 -0.0740509033203125 -0.2452392578125
0.0272216796875 0.66595458984375 -0.0736236572265625 -0.232025146484375
0.0759887695312501 0.7491455078125 -0.044586181640625 -0.199615478515625
-0.0609130859375 0.6290283203125 0.045196533203125 -0.161361694335937
-0.267578125 0.5159912109375 0.0147323608398437 -0.0261802673339844
-0.286468505859375 0.412445068359375 -0.00498962402343751 0.152206420898438
-0.403045654296875 0.25836181640625 -0.176773071289063 0.17333984375
-0.548797607421875 0.28167724609375 -0.31524658203125 0.157958984375
-0.73724365234375 0.20306396484375 -0.31121826171875 0.20428466796875
-0.546478271484375 0.194122314453125 -0.489501953125 -0.0966186523437501
-0.4405517578125 0.160614013671875 -0.218948364257813 0.110397338867187
-0.451629638671875 0.084686279296875 0.0502357482910156 -0.0421600341796875
-0.4095458984375 0.157470703125 0.099639892578125 -0.20989990234375
-0.35546875 0.30804443359375 0.0680236816406249 -0.37078857421875
-0.2022705078125 0.57318115234375 -0.038604736328125 -0.479339599609375
-0.027801513671875 0.55419921875 -0.13665771484375 -0.485748291015625
0.00695800781249997 0.508697509765625 -0.161956787109375 -0.436859130859375
0.02734375 0.577880859375 -0.11053466796875 -0.383697509765625
-0.07855224609375 0.45440673828125 0.0362548828125 -0.282257080078125
-0.21221923828125 0.32208251953125 0.0162887573242187 -0.0545997619628906
-0.187103271484375 0.241043090820312 -0.0691070556640625 0.157379150390625
-0.241500854492188 0.199981689453125 -0.284271240234375 0.1334228515625
-0.382476806640625 0.257354736328125 -0.46173095703125 0.118499755859375
-0.572998046875 0.1854248046875 -0.55377197265625 0.200531005859375
-0.251068115234375 0.150390625 -0.6505126953125 -0.1080322265625
-0.20501708984375 0.09649658203125 -0.383087158203125 0.07342529296875
-0.212692260742188 0.0178680419921875 -0.0609855651855469 -0.0294761657714844
-0.21124267578125 0.0386505126953125 0.0585784912109375 -0.21380615234375
-0.185150146484375 0.1484375 0.096771240234375 -0.4029541015625
-0.130126953125 0.3343505859375 -0.0411376953125 -0.598876953125
-0.05279541015625 0.300384521484375 -0.20166015625 -0.65142822265625
-0.015899658203125 0.274307250976563 -0.22930908203125 -0.57440185546875
-0.021240234375 0.331390380859375 -0.139556884765625 -0.503326416015625
-0.0793914794921875 0.238449096679688 0.0469970703125 -0.339569091796875
-0.132064819335938 0.120208740234375 0.0200157165527344 -0.0460472106933594
-0.0853500366210937 0.0731582641601563 -0.1422119140625 0.147598266601563
-0.0853271484375 0.122749328613281 -0.370208740234375 0.0547180175781251
-0.186630249023438 0.187057495117187 -0.55194091796875 0.048004150390625
-0.329620361328125 0.133331298828125 -0.72332763671875 0.1917724609375
0.0122032165527344 -0.0552864074707031 0.655029296875 -0.31732177734375
-0.0345344543457031 -0.0682411193847656 0.5711669921875 -0.0869140625
-0.0538673400878906 0.00641250610351562 0.451904296875 -0.051513671875
-0.0426025390625 0.0592918395996094 0.2330322265625 -0.103759765625
-0.0163726806640625 0.06011962890625 -0.093994140625 0.0327301025390625
0.0727691650390625 -0.00759124755859375 -0.079345703125 0.35986328125
0.0989532470703125 -0.00022125244140625 0.14971923828125 0.5865478515625
0.0462417602539063 -0.000453948974609375 0.28631591796875 0.5965576171875
0.048828125 -0.04144287109375 0.30645751953125 0.62158203125
0.0355682373046875 -0.0242462158203125 0.1002197265625 0.58697509765625
0.0298194885253906 0.0439910888671875 0.00250244140625003 0.39520263671875
0.0112991333007812 0.0916061401367188 -0.00148010253906251 0.15753173828125
-0.0669441223144531 0.0437736511230469 0.108306884765625 0.0499725341796875
-0.121650695800781 -0.0225906372070312 0.397247314453125 0.011993408203125
-0.0341072082519531 -0.00548934936523438 0.7314453125 0.18524169921875
-0.28936767578125 0.07025146484375 0.63885498046875 -0.28741455078125
-0.240570068359375 0.079681396484375 0.57513427734375 -0.01495361328125
-0.205764770507813 0.1383056640625 0.484832763671875 -0.00161743164062499
-0.136001586914062 0.184616088867188 0.276992797851562 -0.096435546875
-0.11419677734375 0.199386596679688 -0.0915679931640625 -0.0116500854492187
0.030670166015625 0.222198486328125 -0.098419189453125 0.31475830078125
0.132843017578125 0.261367797851563 0.12847900390625 0.556182861328125
0.077392578125 0.264572143554688 0.27020263671875 0.549560546875
0.094696044921875 0.264755249023438 0.30743408203125 0.569580078125
0.00735473632812497 0.25250244140625 0.13482666015625 0.52484130859375
-0.10723876953125 0.285400390625 0.022857666015625 0.3463134765625
-0.16485595703125 0.276962280273438 0.029937744140625 0.149520874023438
-0.304840087890625 0.112396240234375 0.114364624023438 0.0552520751953125
-0.384490966796875 0.04400634765625 0.36474609375 0.032073974609375
-0.33331298828125 0.0501708984375 0.6754150390625 0.183837890625
-0.5640869140625 0.17724609375 0.520538330078125 -0.232025146484375
-0.448028564453125 0.21673583984375 0.532470703125 0.053924560546875
-0.36865234375 0.255462646484375 0.48675537109375 0.00280761718750002
-0.242645263671875 0.291839599609375 0.283538818359375 -0.117218017578125
-0.220703125 0.321380615234375 -0.0903701782226563 -0.0676040649414062
-0.036163330078125 0.43597412109375 -0.112442016601562 0.228469848632813
0.13519287109375 0.494415283203125 0.089691162109375 0.4478759765625
0.097259521484375 0.493133544921875 0.214080810546875 0.424224853515625
0.139007568359375 0.52984619140625 0.2587890625 0.43670654296875
0.00500488281249995 0.494354248046875 0.144317626953125 0.3900146484375
-0.1932373046875 0.500335693359375 0.0362396240234375 0.259613037109375
-0.2816162109375 0.449310302734375 0.0536651611328125 0.141082763671875
-0.47589111328125 0.203643798828125 0.0854568481445312 0.079559326171875
-0.5743408203125 0.13775634765625 0.25146484375 0.066192626953125
-0.57806396484375 0.115478515625 0.512481689453125 0.179779052734375
-0.75140380859375 0.25177001953125 0.309051513671875 -0.171661376953125
-0.5943603515625 0.3035888671875 0.4256591796875 0.106781005859375
-0.50799560546875 0.315032958984375 0.446563720703125 -0.023681640625
-0.360015869140625 0.35076904296875 0.254043579101563 -0.1572265625
-0.330902099609375 0.4129638671875 -0.08184814453125 -0.139793395996094
-0.11468505859375 0.6099853515625 -0.113929748535156 0.0932922363281251
0.11492919921875 0.664794921875 0.0406036376953125 0.265487670898438
0.0986328125000001 0.64642333984375 0.12689208984375 0.232101440429688
0.1656494140625 0.7083740234375 0.166671752929688 0.242568969726563
0.0103759765624999 0.6522216796875 0.118087768554688 0.206680297851563
-0.23419189453125 0.633056640625 0.033660888671875 0.150100708007813
-0.325225830078125 0.548370361328125 0.0600967407226562 0.134262084960938
-0.540924072265625 0.279693603515625 0.0270233154296875 0.120796203613281
-0.6561279296875 0.2335205078125 0.0822601318359375 0.113784790039063
-0.72894287109375 0.183837890625 0.27008056640625 0.186431884765625
-0.8037109375 0.28070068359375 0.0384597778320312 -0.1163330078125
-0.63470458984375 0.31634521484375 0.248458862304687 0.13604736328125
-0.58154296875 0.290283203125 0.3427734375 -0.05255126953125
-0.455596923828125 0.34429931640625 0.199050903320312 -0.192123413085937
-0.412445068359375 0.452117919921875 -0.0522003173828125 -0.221298217773438
-0.17706298828125 0.71051025390625 -0.0988922119140625 -0.0868988037109374
0.0800781249999999 0.74139404296875 -0.0174942016601562 0.0233802795410157
0.0869140625 0.70281982421875 0.0218582153320313 0.00321006774902348
0.1591796875 0.77838134765625 0.0523681640625 0.0206947326660157
-0.0013427734375 0.6927490234375 0.0716094970703125 0.00904083251953129
-0.2451171875 0.6336669921875 0.0212669372558594 0.0454483032226563
-0.30999755859375 0.531280517578125 0.0450286865234375 0.134292602539063
-0.495361328125 0.3040771484375 -0.0566864013671875 0.162979125976563
-0.62384033203125 0.29498291015625 -0.112014770507813 0.158721923828125
-0.7674560546875 0.23284912109375 -0.0127868652343751 0.2021484375
-0.71551513671875 0.26904296875 -0.240814208984375 -0.0798492431640625
-0.56829833984375 0.26593017578125 0.0237960815429687 0.139015197753906
-0.561431884765625 0.20562744140625 0.19537353515625 -0.0580902099609375
-0.477569580078125 0.2762451171875 0.138046264648438 -0.206207275390625
-0.419036865234375 0.420166015625 -0.00329589843750004 -0.300689697265625
-0.19390869140625 0.70159912109375 -0.07611083984375 -0.285736083984375
0.0419921875 0.7001953125 -0.08447265625 -0.23809814453125
0.06256103515625 0.64898681640625 -0.086761474609375 -0.226394653320312
0.12152099609375 0.72406005859375 -0.053863525390625 -0.194076538085937
-0.0252685546875 0.6123046875 0.0324554443359375 -0.163162231445313
-0.231658935546875 0.5137939453125 0.0138721466064453 -0.0269680023193359
-0.25030517578125 0.40960693359375 0.005889892578125 0.144500732421875
-0.369903564453125 0.271514892578125 -0.160797119140625 0.177444458007813
-0.50909423828125 0.311279296875 -0.297943115234375 0.174713134765625
-0.7015380859375 0.24835205078125 -0.291595458984375 0.22198486328125
-0.51007080078125 0.22607421875 -0.477569580078125 -0.062164306640625
-0.408843994140625 0.1888427734375 -0.199005126953125 0.123306274414063
-0.429168701171875 0.11090087890625 0.0499191284179687 -0.0429763793945312
-0.3887939453125 0.173126220703125 0.087188720703125 -0.207061767578125
-0.333160400390625 0.316864013671875 0.046478271484375 -0.363983154296875
-0.16522216796875 0.57110595703125 -0.0613098144531251 -0.463531494140625
0.00555419921874999 0.5450439453125 -0.160491943359375 -0.468963623046875
0.03326416015625 0.49615478515625 -0.185028076171875 -0.419677734375
0.062713623046875 0.561676025390625 -0.130096435546875 -0.36865234375
-0.053436279296875 0.445037841796875 0.018280029296875 -0.280990600585938
-0.189056396484375 0.321685791015625 0.0158271789550781 -0.0546722412109375
-0.164215087890625 0.23858642578125 -0.05389404296875 0.155731201171875
-0.21533203125 0.206146240234375 -0.26885986328125 0.145034790039063
-0.34814453125 0.276397705078125 -0.44403076171875 0.144073486328125
-0.544677734375 0.22100830078125 -0.5274658203125 0.23834228515625
-0.227142333984375 0.1634521484375 -0.63433837890625 -0.0602416992187499
-0.187240600585938 0.111740112304687 -0.363555908203125 0.0990600585937501
-0.201675415039063 0.0301055908203125 -0.0580329895019531 -0.0217857360839844
-0.204666137695313 0.0478363037109375 0.04669189453125 -0.206558227539063
-0.175811767578125 0.152572631835937 0.07635498046875 -0.396331787109375
-0.108184814453125 0.334075927734375 -0.0694580078125 -0.58148193359375
-0.033447265625 0.299896240234375 -0.23529052734375 -0.628173828125
-0.00231933593750001 0.269119262695313 -0.257904052734375 -0.548797607421875
0.000244140625000035 0.323516845703125 -0.164093017578125 -0.4832763671875
-0.0652008056640625 0.235977172851563 0.02764892578125 -0.336456298828125
-0.122871398925781 0.121513366699219 0.02178955078125 -0.0456466674804687
-0.07666015625 0.0717010498046875 -0.126724243164063 0.154022216796875
-0.0691757202148438 0.123344421386719 -0.359130859375 0.073394775390625
-0.164779663085938 0.1944580078125 -0.537017822265625 0.0794067382812501
-0.311920166015625 0.151458740234375 -0.69097900390625 0.2408447265625
0.0129241943359375 -0.0583648681640625 0.6202392578125 -0.34130859375
-0.0362625122070312 -0.0658111572265625 0.554779052734375 -0.10601806640625
-0.0517616271972656 0.00721740722656249 0.44207763671875 -0.0706787109375
-0.0385208129882813 0.0607948303222656 0.225814819335937 -0.115707397460937
-0.0107650756835938 0.0634078979492188 -0.09405517578125 0.0341110229492187
0.07452392578125 -0.012420654296875 -0.067779541015625 0.3544921875
0.0975189208984375 -0.0092926025390625 0.16748046875 0.5697021484375
0.0471572875976563 -0.003814697265625 0.30078125 0.573486328125
0.0474205017089844 -0.0429267883300781 0.318115234375 0.59686279296875
0.0335369110107422 -0.0257282257080078 0.1121826171875 0.57183837890625
0.0320930480957031 0.0428428649902344 0.00881958007812497 0.3846435546875
0.0151214599609375 0.0897979736328125 -0.00436401367187501 0.15008544921875
-0.0669822692871094 0.0466041564941406 0.102218627929687 0.0408706665039062
-0.124137878417969 -0.0137481689453125 0.385162353515625 -0.0076904296875
-0.031280517578125 -0.00352668762207031 0.7139892578125 0.14495849609375
-0.2725830078125 0.0778198242187501 0.60723876953125 -0.31048583984375
-0.227569580078125 0.0859832763671875 0.562225341796875 -0.036346435546875
-0.192153930664062 0.141555786132813 0.477294921875 -0.02362060546875
-0.121841430664063 0.183074951171875 0.269058227539063 -0.110565185546875
-0.10205078125 0.199325561523438 -0.0944671630859375 -0.00959014892578124
0.039703369140625 0.211471557617188 -0.088165283203125 0.31231689453125
0.140792846679688 0.245681762695313 0.145843505859375 0.54022216796875
0.085723876953125 0.254913330078125 0.28350830078125 0.528472900390625
0.103973388671875 0.254043579101563 0.3197021484375 0.54486083984375
0.0139007568359375 0.245941162109375 0.143157958984375 0.508819580078125
-0.09429931640625 0.281768798828125 0.0263671875 0.33642578125
-0.149368286132812 0.273406982421875 0.0252227783203125 0.140594482421875
-0.294281005859375 0.119873046875 0.108695983886719 0.0463714599609375
-0.37286376953125 0.062835693359375 0.3572998046875 0.015289306640625
-0.318511962890625 0.0644836425781249 0.6595458984375 0.14666748046875
-0.532958984375 0.195648193359375 0.49505615234375 -0.255462646484375
-0.421539306640625 0.22802734375 0.525054931640625 0.028839111328125
-0.3433837890625 0.262359619140625 0.480255126953125 -0.01812744140625
-0.21954345703125 0.289154052734375 0.274627685546875 -0.131072998046875
-0.202362060546875 0.3194580078125 -0.0955810546875 -0.063629150390625
-0.018585205078125 0.421142578125 -0.103713989257813 0.229263305664063
0.151947021484375 0.4742431640625 0.1064453125 0.435516357421875
0.111114501953125 0.477630615234375 0.22369384765625 0.405029296875
0.157562255859375 0.51092529296875 0.26800537109375 0.415985107421875
0.018402099609375 0.481292724609375 0.1484375 0.3770751953125
-0.1702880859375 0.49383544921875 0.037689208984375 0.252273559570313
-0.2562255859375 0.442901611328125 0.049102783203125 0.130706787109375
-0.45587158203125 0.21307373046875 0.0827713012695312 0.0716705322265625
-0.550384521484375 0.161834716796875 0.247833251953125 0.0530242919921875
-0.551513671875 0.140045166015625 0.5003662109375 0.14892578125
-0.71063232421875 0.27813720703125 0.294677734375 -0.1875
-0.556884765625 0.31976318359375 0.42578125 0.085113525390625
-0.474212646484375 0.326019287109375 0.439056396484375 -0.0430908203125
-0.3314208984375 0.349761962890625 0.244491577148437 -0.167892456054688
-0.30975341796875 0.41107177734375 -0.0893707275390625 -0.1331787109375
-0.09149169921875 0.5947265625 -0.108116149902344 0.0981521606445313
0.1373291015625 0.64312744140625 0.05230712890625 0.25634765625
0.11767578125 0.62933349609375 0.130828857421875 0.219497680664063
0.1881103515625 0.6875 0.171768188476563 0.229507446289063
0.027587890625 0.63702392578125 0.116622924804687 0.196929931640625
-0.20672607421875 0.6212158203125 0.03302001953125 0.144729614257813
-0.29547119140625 0.538116455078125 0.0580062866210937 0.123565673828125
-0.51348876953125 0.289459228515625 0.0292282104492187 0.115257263183594
-0.62176513671875 0.2562255859375 0.0847015380859375 0.107101440429688
-0.69512939453125 0.21331787109375 0.267135620117187 0.168121337890625
-0.7587890625 0.3101806640625 0.0349884033203124 -0.120559692382812
-0.59429931640625 0.33673095703125 0.254837036132812 0.120803833007813
-0.546173095703125 0.3038330078125 0.336273193359375 -0.06591796875
-0.425628662109375 0.34442138671875 0.188720703125 -0.198043823242187
-0.39044189453125 0.45196533203125 -0.0621795654296875 -0.213058471679687
-0.14892578125 0.69683837890625 -0.0978546142578125 -0.0774765014648437
0.107177734375 0.72186279296875 -0.012725830078125 0.0212745666503907
0.10565185546875 0.68463134765625 0.0201053619384766 -0.00156402587890621
0.1876220703125 0.7548828125 0.0525398254394531 0.0162429809570313
0.0195922851562499 0.67669677734375 0.0654487609863281 0.00452804565429692
-0.219970703125 0.6229248046875 0.0197029113769531 0.0419731140136719
-0.281402587890625 0.52001953125 0.0460128784179687 0.124710083007813
-0.46514892578125 0.308135986328125 -0.04925537109375 0.15936279296875
-0.58709716796875 0.31494140625 -0.1025390625 0.159347534179688
-0.7325439453125 0.26239013671875 -0.00639343261718755 0.198501586914063
-0.6715087890625 0.293701171875 -0.23333740234375 -0.0702667236328125
-0.531158447265625 0.28399658203125 0.0359573364257812 0.134925842285156
-0.5308837890625 0.22119140625 0.1923828125 -0.064727783203125
-0.453033447265625 0.27886962890625 0.1297607421875 -0.206085205078125
-0.40142822265625 0.4208984375 -0.0134582519531251 -0.29132080078125
-0.16796875 0.69122314453125 -0.080322265625 -0.2728271484375
0.0686645507812501 0.6851806640625 -0.08868408203125 -0.232559204101562
0.08148193359375 0.63494873046875 -0.093994140625 -0.222427368164062
0.1474609375 0.70166015625 -0.0592193603515625 -0.189895629882812
-0.00787353515624999 0.59747314453125 0.022735595703125 -0.16241455078125
-0.208953857421875 0.50384521484375 0.0122928619384766 -0.0286769866943359
-0.225799560546875 0.399169921875 0.0112762451171875 0.137710571289063
-0.3427734375 0.272552490234375 -0.150222778320313 0.177413940429688
-0.47271728515625 0.324737548828125 -0.28387451171875 0.18170166015625
-0.6697998046875 0.274169921875 -0.275802612304688 0.232803344726563
-0.4755859375 0.2445068359375 -0.462982177734375 -0.040802001953125
-0.37994384765625 0.202239990234375 -0.182052612304688 0.131927490234375
-0.407928466796875 0.12322998046875 0.0501823425292968 -0.0419654846191406
-0.372467041015625 0.177978515625 0.08038330078125 -0.20159912109375
-0.32080078125 0.316864013671875 0.0364990234375 -0.35418701171875
-0.14251708984375 0.562744140625 -0.0711364746093751 -0.4481201171875
0.02618408203125 0.53521728515625 -0.171905517578125 -0.45697021484375
0.04718017578125 0.48663330078125 -0.19598388671875 -0.407073974609375
0.083251953125 0.545166015625 -0.1395263671875 -0.35736083984375
-0.03973388671875 0.434356689453125 0.00736999511718751 -0.2777099609375
-0.17547607421875 0.315032958984375 0.0163383483886719 -0.0553512573242187
-0.1497802734375 0.22979736328125 -0.044952392578125 0.152679443359375
-0.193984985351562 0.205032348632813 -0.259017944335938 0.150436401367188
-0.318389892578125 0.285064697265625 -0.429931640625 0.157867431640625
-0.518310546875 0.239837646484375 -0.501251220703125 0.260833740234375
-0.207763671875 0.1697998046875 -0.61419677734375 -0.03076171875
-0.170852661132812 0.119461059570313 -0.344268798828125 0.118011474609375
-0.190841674804688 0.036224365234375 -0.0535354614257813 -0.0158424377441406
-0.199111938476563 0.050811767578125 0.0424041748046875 -0.196884155273437
-0.171035766601563 0.152557373046875 0.06622314453125 -0.387359619140625
-0.094024658203125 0.33203125 -0.08251953125 -0.5654296875
-0.022216796875 0.2982177734375 -0.25286865234375 -0.607421875
0.00456237792968753 0.263885498046875 -0.2713623046875 -0.527862548828125
0.01214599609375 0.3153076171875 -0.176483154296875 -0.467987060546875
-0.057342529296875 0.230575561523438 0.01708984375 -0.332855224609375
-0.117103576660156 0.118507385253906 0.0236129760742187 -0.0461387634277344
-0.070770263671875 0.0666580200195313 -0.115631103515625 0.155899047851563
-0.0558624267578125 0.121315002441406 -0.351654052734375 0.0825195312499999
-0.147262573242187 0.196395874023438 -0.52288818359375 0.0990905761718749
-0.296142578125 0.16119384765625 -0.66082763671875 0.27398681640625
0.0136909484863281 -0.0638504028320312 0.6007080078125 -0.3614501953125
-0.0375938415527344 -0.066131591796875 0.54998779296875 -0.11895751953125
-0.0517692565917969 0.00659942626953125 0.443115234375 -0.083892822265625
-0.0364532470703125 0.062774658203125 0.225433349609375 -0.1259765625
-0.00494384765625 0.0664749145507813 -0.0963973999023438 0.0353012084960937
0.0775222778320313 -0.0165176391601563 -0.063690185546875 0.354583740234375
0.097412109375 -0.0173187255859375 0.18084716796875 0.567138671875
0.048065185546875 -0.00762557983398438 0.3131103515625 0.5675048828125
0.0475082397460938 -0.0462799072265625 0.32635498046875 0.58941650390625
0.0335369110107422 -0.0268383026123047 0.11712646484375 0.57012939453125
0.0350151062011719 0.0435752868652344 0.00738525390625001 0.381988525390625
0.0179595947265625 0.0905303955078125 -0.0119781494140625 0.14453125
-0.06939697265625 0.050048828125 0.0961837768554687 0.0334625244140625
-0.127586364746094 -0.00658416748046872 0.377532958984375 -0.0220947265625
-0.0289535522460938 -0.00374031066894531 0.7042236328125 0.11981201171875
-0.26190185546875 0.0802001953125 0.588623046875 -0.33392333984375
-0.2197265625 0.0890502929687499 0.561248779296875 -0.05322265625
-0.183563232421875 0.143310546875 0.479248046875 -0.03753662109375
-0.112899780273438 0.181594848632813 0.2686767578125 -0.123062133789062
-0.0944976806640625 0.200927734375 -0.0982894897460937 -0.00838470458984374
0.0462188720703125 0.204757690429688 -0.084075927734375 0.31329345703125
0.146102905273438 0.2364501953125 0.158416748046875 0.53692626953125
0.0916595458984375 0.251312255859375 0.29449462890625 0.520599365234375
0.110748291015625 0.249420166015625 0.32586669921875 0.537078857421875
0.016815185546875 0.243972778320312 0.146942138671875 0.507171630859375
-0.087066650390625 0.282562255859375 0.0235595703125 0.333740234375
-0.14166259765625 0.273605346679688 0.0167160034179687 0.134880065917969
-0.2906494140625 0.126953125 0.103218078613281 0.0395584106445313
-0.36724853515625 0.0767822265625 0.352264404296875 0.0020751953125
-0.310028076171875 0.0729064941406249 0.65228271484375 0.1226806640625
-0.51397705078125 0.2052001953125 0.480224609375 -0.277374267578125
-0.404510498046875 0.23614501953125 0.527252197265625 0.011871337890625
-0.32757568359375 0.266937255859375 0.48211669921875 -0.03302001953125
-0.20452880859375 0.28546142578125 0.27276611328125 -0.143417358398438
-0.19354248046875 0.319549560546875 -0.1007080078125 -0.061614990234375
-0.011383056640625 0.413665771484375 -0.100189208984375 0.2325439453125
0.162841796875 0.464141845703125 0.118865966796875 0.432098388671875
0.1212158203125 0.473388671875 0.230865478515625 0.39898681640625
0.169189453125 0.505889892578125 0.274627685546875 0.408843994140625
0.025238037109375 0.48004150390625 0.148468017578125 0.37432861328125
-0.16070556640625 0.492218017578125 0.034149169921875 0.249526977539063
-0.244476318359375 0.4410400390625 0.0413589477539062 0.125038146972656
-0.445220947265625 0.220306396484375 0.0797500610351562 0.0671005249023438
-0.53582763671875 0.178436279296875 0.245956420898438 0.044342041015625
-0.53466796875 0.155670166015625 0.496002197265625 0.132598876953125
-0.68408203125 0.294189453125 0.285247802734375 -0.203033447265625
-0.533447265625 0.33233642578125 0.43048095703125 0.070220947265625
-0.454071044921875 0.33416748046875 0.440887451171875 -0.056732177734375
-0.313446044921875 0.345703125 0.24188232421875 -0.178955078125
-0.30145263671875 0.41229248046875 -0.0957489013671875 -0.129684448242187
-0.07891845703125 0.58984375 -0.105339050292969 0.103523254394531
0.1512451171875 0.636474609375 0.06005859375 0.253585815429688
0.130859375 0.62628173828125 0.133834838867188 0.213943481445313
0.20672607421875 0.67950439453125 0.175277709960938 0.2236328125
0.0375366210937501 0.634033203125 0.114593505859375 0.194656372070313
-0.19464111328125 0.62152099609375 0.0285186767578125 0.143478393554688
-0.2813720703125 0.533416748046875 0.0519332885742187 0.117874145507813
-0.497406005859375 0.29541015625 0.0292434692382812 0.111373901367188
-0.600830078125 0.27264404296875 0.0863800048828124 0.103530883789063
-0.67657470703125 0.23138427734375 0.2646484375 0.15899658203125
-0.7296142578125 0.3302001953125 0.031341552734375 -0.127479553222656
-0.56585693359375 0.35113525390625 0.2635498046875 0.111038208007813
-0.524932861328125 0.31396484375 0.337554931640625 -0.07659912109375
-0.409210205078125 0.342010498046875 0.185592651367187 -0.203750610351562
-0.38519287109375 0.45367431640625 -0.0684814453125 -0.208236694335937
-0.1358642578125 0.6956787109375 -0.0966873168945313 -0.0709991455078124
0.12255859375 0.71734619140625 -0.0090503692626953 0.0195159912109375
0.11993408203125 0.68353271484375 0.0182876586914063 -0.00438308715820308
0.20501708984375 0.74639892578125 0.0525894165039063 0.0130157470703125
0.029541015625 0.67315673828125 0.0606231689453125 0.00263595581054692
-0.2081298828125 0.62286376953125 0.015411376953125 0.0404014587402344
-0.26690673828125 0.51324462890625 0.04339599609375 0.119781494140625
-0.448974609375 0.3109130859375 -0.046844482421875 0.157119750976563
-0.5604248046875 0.328125 -0.0989837646484375 0.1607666015625
-0.70977783203125 0.28460693359375 -0.00373840332031255 0.199188232421875
-0.6439208984375 0.3131103515625 -0.230239868164063 -0.0664215087890625
-0.5028076171875 0.29779052734375 0.0472259521484375 0.133811950683594
-0.512420654296875 0.228363037109375 0.194580078125 -0.0690155029296875
-0.440826416015625 0.27874755859375 0.126754760742187 -0.206832885742187
-0.397979736328125 0.423919677734375 -0.018646240234375 -0.287567138671875
-0.1549072265625 0.69207763671875 -0.0803070068359375 -0.267166137695312
0.08489990234375 0.6839599609375 -0.090972900390625 -0.23321533203125
0.09295654296875 0.6348876953125 -0.100555419921875 -0.222030639648437
0.1634521484375 0.69744873046875 -0.0627593994140625 -0.189498901367187
-0.000610351562499972 0.59625244140625 0.0167694091796875 -0.164291381835937
-0.202178955078125 0.502197265625 0.00980758666992186 -0.0307178497314453
-0.215972900390625 0.38934326171875 0.012542724609375 0.133232116699219
-0.3248291015625 0.271453857421875 -0.146942138671875 0.177078247070313
-0.4462890625 0.33514404296875 -0.278732299804688 0.187026977539062
-0.64923095703125 0.29400634765625 -0.266311645507813 0.243362426757813
-0.453704833984375 0.25555419921875 -0.45391845703125 -0.0272216796875
-0.357757568359375 0.212921142578125 -0.168472290039063 0.139633178710938
-0.394500732421875 0.1295166015625 0.0532493591308594 -0.0405807495117187
-0.36614990234375 0.179351806640625 0.079803466796875 -0.198013305664063
-0.31915283203125 0.320281982421875 0.0341491699218749 -0.35064697265625
-0.1318359375 0.565185546875 -0.072509765625 -0.443267822265625
0.0395202636718751 0.537139892578125 -0.1790771484375 -0.454864501953125
0.05426025390625 0.48681640625 -0.206298828125 -0.40447998046875
0.0945129394531251 0.541351318359375 -0.14508056640625 -0.3543701171875
-0.033538818359375 0.433349609375 0.00122070312500002 -0.27947998046875
-0.17169189453125 0.3121337890625 0.01593017578125 -0.0567207336425781
-0.1429443359375 0.222259521484375 -0.04083251953125 0.151702880859375
-0.178741455078125 0.202590942382812 -0.2574462890625 0.152511596679688
-0.299285888671875 0.289886474609375 -0.42584228515625 0.167236328125
-0.502197265625 0.254730224609375 -0.487640380859375 0.2803955078125
-0.192413330078125 0.174118041992188 -0.60162353515625 -0.0117797851562499
-0.157852172851562 0.126388549804688 -0.3294677734375 0.132659912109375
-0.183563232421875 0.03851318359375 -0.0488204956054688 -0.01031494140625
-0.197418212890625 0.0513763427734375 0.0434722900390625 -0.190658569335938
-0.172714233398438 0.154449462890625 0.066131591796875 -0.3846435546875
-0.087982177734375 0.334320068359375 -0.085906982421875 -0.559722900390625
-0.0142822265625 0.300262451171875 -0.2637939453125 -0.6015625
0.00691223144531252 0.265609741210938 -0.28411865234375 -0.522918701171875
0.01739501953125 0.31427001953125 -0.185394287109375 -0.4630126953125
-0.054229736328125 0.230545043945312 0.01214599609375 -0.334930419921875
-0.116851806640625 0.116401672363281 0.0255012512207031 -0.0466690063476562
-0.0684928894042969 0.0614356994628906 -0.109909057617188 0.159011840820313
-0.0445556640625 0.11865234375 -0.35357666015625 0.08795166015625
-0.134552001953125 0.198867797851563 -0.52117919921875 0.111175537109375
-0.288543701171875 0.16888427734375 -0.6435546875 0.29852294921875
0.0122299194335937 -0.0717391967773437 0.5841064453125 -0.39190673828125
-0.0403938293457031 -0.0683364868164063 0.554656982421875 -0.140167236328125
-0.0539321899414062 0.00726699829101563 0.4539794921875 -0.103271484375
-0.0346221923828125 0.0666656494140625 0.229141235351562 -0.142242431640625
0.001953125 0.0705490112304688 -0.100433349609375 0.03790283203125
0.0810394287109375 -0.0245590209960938 -0.057769775390625 0.364105224609375
0.0985260009765625 -0.0261459350585938 0.201904296875 0.57415771484375
0.0499000549316406 -0.012115478515625 0.33740234375 0.5693359375
0.0483322143554688 -0.0514068603515625 0.3447265625 0.59271240234375
0.0345611572265625 -0.0286846160888672 0.12823486328125 0.5811767578125
0.0394248962402344 0.0441055297851563 0.00631713867187499 0.387908935546875
0.0221176147460937 0.09283447265625 -0.0213165283203125 0.143722534179687
-0.0712432861328125 0.0561141967773438 0.0900192260742188 0.0245590209960938
-0.133102416992188 0.00314331054687498 0.375579833984375 -0.04144287109375
-0.027618408203125 -0.00549507141113282 0.7069091796875 0.09375
-0.25579833984375 0.0837707519531251 0.572265625 -0.36663818359375
-0.215606689453125 0.094329833984375 0.5687255859375 -0.076416015625
-0.178390502929687 0.147750854492188 0.49346923828125 -0.057952880859375
-0.105499267578125 0.184295654296875 0.27362060546875 -0.141067504882813
-0.086700439453125 0.206588745117188 -0.104400634765625 -0.00646209716796874
0.0544891357421875 0.2010498046875 -0.080474853515625 0.322601318359375
0.155715942382812 0.2313232421875 0.1802978515625 0.5418701171875
0.101211547851563 0.252410888671875 0.316619873046875 0.522308349609375
0.12158203125 0.24908447265625 0.34576416015625 0.537841796875
0.022857666015625 0.248565673828125 0.15606689453125 0.51580810546875
-0.079193115234375 0.28997802734375 0.022308349609375 0.3406982421875
-0.1343994140625 0.27923583984375 0.00693511962890623 0.133560180664063
-0.290985107421875 0.13763427734375 0.0977096557617187 0.0321197509765625
-0.365966796875 0.0948486328125 0.35101318359375 -0.0137939453125
-0.303924560546875 0.0835266113281249 0.65130615234375 0.09844970703125
-0.501251220703125 0.221923828125 0.468292236328125 -0.306488037109375
-0.393463134765625 0.250732421875 0.537109375 -0.00970458984374998
-0.314178466796875 0.278411865234375 0.49658203125 -0.0528564453125
-0.192626953125 0.286834716796875 0.275909423828125 -0.16168212890625
-0.186920166015625 0.32806396484375 -0.108787536621094 -0.0594863891601562
6.10351562499897E-05 0.4169921875 -0.0966949462890625 0.242279052734375
0.18017578125 0.4652099609375 0.135711669921875 0.436004638671875
0.13836669921875 0.481353759765625 0.246337890625 0.39959716796875
0.19061279296875 0.509124755859375 0.28912353515625 0.4083251953125
0.0362548828125 0.48895263671875 0.154083251953125 0.38153076171875
-0.15032958984375 0.50628662109375 0.03070068359375 0.255203247070313
-0.235382080078125 0.448394775390625 0.0320358276367187 0.124038696289063
-0.4423828125 0.233489990234375 0.0761642456054687 0.0620346069335938
-0.526580810546875 0.20135498046875 0.24713134765625 0.033599853515625
-0.52642822265625 0.17724609375 0.497344970703125 0.115203857421875
-0.66705322265625 0.3203125 0.275070190429687 -0.224609375
-0.5142822265625 0.353363037109375 0.444000244140625 0.05255126953125
-0.4361572265625 0.347625732421875 0.45361328125 -0.075958251953125
-0.30120849609375 0.347412109375 0.241943359375 -0.194732666015625
-0.29681396484375 0.42340087890625 -0.103935241699219 -0.127296447753906
-0.06658935546875 0.5994873046875 -0.103019714355469 0.111572265625
0.17486572265625 0.64190673828125 0.0719757080078125 0.2559814453125
0.1502685546875 0.638916015625 0.141387939453125 0.213272094726563
0.23284912109375 0.68695068359375 0.184524536132813 0.22186279296875
0.05133056640625 0.646484375 0.115676879882813 0.19793701171875
-0.1846923828125 0.63543701171875 0.0236663818359375 0.146728515625
-0.2723388671875 0.54071044921875 0.0455703735351562 0.116836547851563
-0.489990234375 0.30609130859375 0.0286483764648437 0.109565734863281
-0.58453369140625 0.29730224609375 0.0891571044921874 0.100517272949219
-0.663330078125 0.260009765625 0.268630981445312 0.1522216796875
-0.7093505859375 0.358154296875 0.0242080688476562 -0.136627197265625
-0.543731689453125 0.37457275390625 0.279159545898437 0.101181030273438
-0.507415771484375 0.327972412109375 0.346160888671875 -0.091033935546875
-0.400848388671875 0.346160888671875 0.184326171875 -0.214981079101562
-0.38446044921875 0.46929931640625 -0.076385498046875 -0.207412719726562
-0.12042236328125 0.70965576171875 -0.0947494506835938 -0.0670852661132812
0.1475830078125 0.7255859375 -0.00577735900878905 0.0179061889648438
0.14111328125 0.69708251953125 0.0160598754882813 -0.00695228576660152
0.2327880859375 0.7562255859375 0.0530166625976563 0.00981521606445317
0.04412841796875 0.68798828125 0.05694580078125 0.00177383422851567
-0.198974609375 0.63629150390625 0.00974655151367186 0.0407524108886719
-0.26055908203125 0.517242431640625 0.0409011840820312 0.118476867675781
-0.437286376953125 0.318695068359375 -0.0455474853515625 0.158523559570313
-0.54046630859375 0.35040283203125 -0.0968170166015625 0.165725708007813
-0.6978759765625 0.31341552734375 0.00163269042968748 0.20538330078125
-0.6221923828125 0.3377685546875 -0.23443603515625 -0.0628509521484375
-0.480987548828125 0.31787109375 0.0626602172851562 0.134315490722656
-0.50054931640625 0.242828369140625 0.200485229492187 -0.0765533447265625
-0.436431884765625 0.285308837890625 0.127166748046875 -0.21160888671875
-0.4013671875 0.440155029296875 -0.0233154296875 -0.288543701171875
-0.1405029296875 0.708984375 -0.08099365234375 -0.268463134765625
0.1077880859375 0.69659423828125 -0.0963134765625 -0.237823486328125
0.11004638671875 0.64813232421875 -0.111907958984375 -0.225509643554688
0.18975830078125 0.705810546875 -0.0696563720703125 -0.193527221679687
0.01171875 0.60858154296875 0.00906372070312498 -0.169204711914062
-0.197723388671875 0.51171875 0.00512313842773436 -0.0321102142333984
-0.2125244140625 0.38958740234375 0.01361083984375 0.134040832519531
-0.3106689453125 0.274993896484375 -0.14703369140625 0.182373046875
-0.427001953125 0.351470947265625 -0.278640747070313 0.19921875
-0.6363525390625 0.3232421875 -0.258682250976563 0.261978149414063
-0.43280029296875 0.27410888671875 -0.45477294921875 -0.01373291015625
-0.33929443359375 0.22802734375 -0.154388427734375 0.1514892578125
-0.386383056640625 0.137359619140625 0.0586624145507812 -0.03948974609375
-0.36688232421875 0.183502197265625 0.08160400390625 -0.198623657226563
-0.3245849609375 0.334014892578125 0.031768798828125 -0.355316162109375
-0.12030029296875 0.580810546875 -0.07696533203125 -0.449676513671875
0.05804443359375 0.550048828125 -0.1937255859375 -0.462158203125
0.066741943359375 0.499725341796875 -0.22540283203125 -0.4068603515625
0.113006591796875 0.5504150390625 -0.158203125 -0.358917236328125
-0.02545166015625 0.442352294921875 -0.00668334960937497 -0.28741455078125
-0.1712646484375 0.318084716796875 0.0142173767089844 -0.0594062805175781
-0.140640258789063 0.217727661132812 -0.03814697265625 0.155685424804688
-0.163711547851563 0.202438354492187 -0.26177978515625 0.161376953125
-0.279052734375 0.302581787109375 -0.4283447265625 0.1834716796875
-0.493408203125 0.276336669921875 -0.478851318359375 0.308319091796875
-0.178436279296875 0.183151245117188 -0.5992431640625 0.01031494140625
-0.14361572265625 0.134963989257813 -0.317169189453125 0.152618408203125
-0.1787109375 0.0402679443359375 -0.043212890625 -0.00336456298828126
-0.201141357421875 0.05316162109375 0.0469818115234375 -0.187896728515625
-0.177154541015625 0.162338256835938 0.06671142578125 -0.3922119140625
-0.08056640625 0.345703125 -0.0938720703125 -0.57159423828125
-0.00469970703125 0.309844970703125 -0.28594970703125 -0.60894775390625
0.012298583984375 0.273666381835938 -0.30615234375 -0.523284912109375
0.025970458984375 0.320068359375 -0.20062255859375 -0.467620849609375
-0.0517425537109375 0.236434936523437 0.00393676757812503 -0.344268798828125
-0.119667053222656 0.118293762207031 0.0267868041992187 -0.0484848022460937
-0.0683212280273438 0.0573997497558594 -0.106857299804688 0.16729736328125
-0.0329513549804687 0.116966247558594 -0.364227294921875 0.0998229980468751
-0.121780395507813 0.20654296875 -0.5289306640625 0.12847900390625
-0.283966064453125 0.18316650390625 -0.631591796875 0.3343505859375
0.007720947265625 -0.0814743041992188 0.556060791015625 -0.43536376953125
-0.0479202270507813 -0.0702018737792969 0.5584716796875 -0.174041748046875
-0.057373046875 0.00973129272460939 0.46630859375 -0.13629150390625
-0.0313873291015625 0.0726470947265625 0.230926513671875 -0.167770385742188
0.010955810546875 0.0731964111328125 -0.104217529296875 0.0437850952148437
0.0844650268554688 -0.0353622436523438 -0.04443359375 0.378875732421875
0.0984954833984375 -0.0380096435546875 0.23944091796875 0.5806884765625
0.0513114929199219 -0.0185737609863281 0.37762451171875 0.568115234375
0.0476303100585938 -0.0590057373046875 0.3822021484375 0.59332275390625
0.0344409942626953 -0.0324211120605469 0.15252685546875 0.59490966796875
0.0467300415039063 0.0439529418945313 0.012359619140625 0.400543212890625
0.0294342041015625 0.0955810546875 -0.032073974609375 0.147506713867187
-0.0721206665039062 0.0663986206054688 0.0789718627929688 0.0143661499023438
-0.139427185058594 0.0164337158203125 0.367218017578125 -0.067413330078125
-0.0278091430664062 -0.00738716125488282 0.70953369140625 0.0557861328125
-0.248748779296875 0.0914459228515625 0.545501708984375 -0.41192626953125
-0.210372924804688 0.103240966796875 0.57672119140625 -0.1109619140625
-0.170654296875 0.155807495117188 0.510009765625 -0.09234619140625
-0.0955810546875 0.18829345703125 0.276229858398438 -0.168930053710938
-0.075408935546875 0.214553833007813 -0.111373901367188 -0.00129699707031246
0.0655517578125 0.19677734375 -0.068817138671875 0.33819580078125
0.17132568359375 0.223617553710938 0.215850830078125 0.550140380859375
0.117584228515625 0.2530517578125 0.352294921875 0.520111083984375
0.139007568359375 0.247100830078125 0.38079833984375 0.53778076171875
0.034759521484375 0.25433349609375 0.17803955078125 0.52886962890625
-0.065399169921875 0.301300048828125 0.024810791015625 0.352447509765625
-0.12249755859375 0.290496826171875 -0.00467681884765627 0.137367248535156
-0.2879638671875 0.1566162109375 0.0882644653320312 0.0229721069335938
-0.3623046875 0.120025634765625 0.3468017578125 -0.036712646484375
-0.296966552734375 0.09930419921875 0.65716552734375 0.0648193359375
-0.4840087890625 0.2471923828125 0.442901611328125 -0.34637451171875
-0.37457275390625 0.271453857421875 0.5504150390625 -0.043548583984375
-0.296844482421875 0.292938232421875 0.5142822265625 -0.085968017578125
-0.17767333984375 0.2916259765625 0.277114868164062 -0.188186645507812
-0.175384521484375 0.3409423828125 -0.118721008300781 -0.05401611328125
0.018524169921875 0.42022705078125 -0.087188720703125 0.255813598632813
0.208465576171875 0.464996337890625 0.166107177734375 0.441802978515625
0.166473388671875 0.488372802734375 0.2744140625 0.397796630859375
0.223236083984375 0.512420654296875 0.317138671875 0.406280517578125
0.058563232421875 0.503173828125 0.1710205078125 0.38909912109375
-0.130157470703125 0.525543212890625 0.0308837890625 0.265762329101563
-0.219818115234375 0.464111328125 0.0225677490234375 0.127639770507813
-0.43426513671875 0.256317138671875 0.0704116821289062 0.0564956665039063
-0.5118408203125 0.233184814453125 0.24713134765625 0.0184783935546875
-0.51177978515625 0.20550537109375 0.502471923828125 0.091705322265625
-0.64007568359375 0.3546142578125 0.254714965820312 -0.25164794921875
-0.4852294921875 0.383636474609375 0.461944580078125 0.023406982421875
-0.411865234375 0.368621826171875 0.46649169921875 -0.1072998046875
-0.284820556640625 0.355255126953125 0.23907470703125 -0.217559814453125
-0.28863525390625 0.443572998046875 -0.116188049316406 -0.122024536132812
-0.04168701171875 0.61468505859375 -0.0963287353515625 0.12274169921875
0.211669921875 0.64813232421875 0.0914306640625 0.257614135742188
0.18890380859375 0.64971923828125 0.155349731445313 0.211700439453125
0.27752685546875 0.693603515625 0.198684692382813 0.219146728515625
0.0831298828124999 0.6649169921875 0.122039794921875 0.201171875
-0.15997314453125 0.66070556640625 0.0203399658203125 0.154037475585938
-0.254547119140625 0.5572509765625 0.0388412475585937 0.119125366210938
-0.479522705078125 0.3267822265625 0.0274734497070312 0.108451843261719
-0.56036376953125 0.32965087890625 0.0920791625976562 0.0965957641601563
-0.642822265625 0.29962158203125 0.276046752929688 0.144073486328125
-0.67730712890625 0.3995361328125 0.00991821289062496 -0.146133422851562
-0.50860595703125 0.405853271484375 0.297698974609375 0.0838623046875
-0.484832763671875 0.34869384765625 0.35614013671875 -0.115081787109375
-0.3887939453125 0.35552978515625 0.180007934570312 -0.231491088867188
-0.378387451171875 0.497314453125 -0.0880279541015625 -0.205078125
-0.0919189453125 0.73431396484375 -0.0936355590820312 -0.0623703002929687
0.191650390625 0.73919677734375 -0.00115966796874999 0.0160026550292969
0.1807861328125 0.7149658203125 0.0141401290893555 -0.00858592987060543
0.2813720703125 0.76727294921875 0.0531845092773438 0.00745010375976567
0.07586669921875 0.70672607421875 0.0533447265625 0.000507354736328168
-0.1783447265625 0.66204833984375 0.00308227539062499 0.044342041015625
-0.2476806640625 0.5284423828125 0.0388031005859375 0.120231628417969
-0.422515869140625 0.3336181640625 -0.04315185546875 0.16302490234375
-0.510772705078125 0.3780517578125 -0.0920257568359375 0.173721313476563
-0.67401123046875 0.35748291015625 0.01385498046875 0.213363647460938
-0.59051513671875 0.37371826171875 -0.241531372070313 -0.0550384521484375
-0.445953369140625 0.345794677734375 0.0837860107421875 0.131980895996094
-0.483612060546875 0.2591552734375 0.207748413085937 -0.08929443359375
-0.432708740234375 0.29840087890625 0.124374389648437 -0.2215576171875
-0.39923095703125 0.4710693359375 -0.032958984375 -0.292388916015625
-0.11163330078125 0.73651123046875 -0.0865020751953125 -0.273086547851562
0.150146484375 0.71270751953125 -0.108200073242187 -0.24322509765625
0.1458740234375 0.666015625 -0.129348754882813 -0.226531982421875
0.23297119140625 0.71795654296875 -0.0834503173828125 -0.195343017578125
0.0413818359374999 0.6270751953125 -0.00308227539062502 -0.175460815429687
-0.183013916015625 0.533355712890625 -0.00229454040527345 -0.0327320098876953
-0.203277587890625 0.395904541015625 0.01568603515625 0.137001037597656
-0.294036865234375 0.27923583984375 -0.145584106445313 0.193206787109375
-0.393768310546875 0.372772216796875 -0.275253295898438 0.217559814453125
-0.6153564453125 0.36199951171875 -0.242340087890625 0.287200927734375
-0.40557861328125 0.299407958984375 -0.455078125 0.00897216796875006
-0.31060791015625 0.2469482421875 -0.132476806640625 0.164749145507813
-0.37677001953125 0.149749755859375 0.0660629272460937 -0.0402793884277344
-0.368499755859375 0.195037841796875 0.0831146240234375 -0.202682495117188
-0.324737548828125 0.359222412109375 0.025421142578125 -0.366180419921875
-0.0965576171875 0.6055908203125 -0.088897705078125 -0.4617919921875
0.08856201171875 0.56488037109375 -0.220672607421875 -0.468597412109375
0.092864990234375 0.515045166015625 -0.2548828125 -0.406219482421875
0.14556884765625 0.56280517578125 -0.182464599609375 -0.362579345703125
-0.00936889648437495 0.45672607421875 -0.02459716796875 -0.29736328125
-0.1668701171875 0.331817626953125 0.00934982299804687 -0.0616607666015625
-0.137100219726562 0.21783447265625 -0.0319976806640625 0.162811279296875
-0.145416259765625 0.201034545898438 -0.265716552734375 0.179519653320313
-0.2510986328125 0.317291259765625 -0.430999755859375 0.210052490234375
-0.4774169921875 0.3104248046875 -0.459259033203125 0.3494873046875
-0.15850830078125 0.192092895507813 -0.5963134765625 0.0430297851562499
-0.12353515625 0.143890380859375 -0.297149658203125 0.17864990234375
-0.174301147460938 0.041778564453125 -0.0347156524658203 0.00454902648925781
-0.207275390625 0.0584716796875 0.0515289306640625 -0.188369750976563
-0.180084228515625 0.175262451171875 0.062286376953125 -0.407867431640625
-0.066192626953125 0.3621826171875 -0.112060546875 -0.58868408203125
0.011505126953125 0.322265625 -0.32269287109375 -0.6138916015625
0.0244140625 0.284423828125 -0.3426513671875 -0.523101806640625
0.041961669921875 0.3306884765625 -0.232421875 -0.471954345703125
-0.0435638427734375 0.24603271484375 -0.01373291015625 -0.35809326171875
-0.122154235839844 0.12481689453125 0.0268669128417969 -0.0512199401855469
-0.0693740844726563 0.0540122985839844 -0.0999298095703125 0.18096923828125
-0.0172195434570312 0.112632751464844 -0.37603759765625 0.12274169921875
-0.101821899414062 0.214553833007813 -0.536590576171875 0.159881591796875
-0.27459716796875 0.2042236328125 -0.61065673828125 0.38525390625
-0.00264739990234374 -0.0900344848632813 0.49945068359375 -0.476470947265625
-0.0575523376464844 -0.0686416625976563 0.54803466796875 -0.217071533203125
-0.0599250793457031 0.0158462524414063 0.467864990234375 -0.18292236328125
-0.0248336791992188 0.079193115234375 0.222381591796875 -0.1983642578125
0.0219879150390625 0.0730514526367188 -0.104965209960938 0.051361083984375
0.08245849609375 -0.0492935180664063 -0.018035888671875 0.388946533203125
0.0944290161132813 -0.0521469116210938 0.2911376953125 0.56951904296875
0.0505599975585937 -0.0265426635742187 0.42767333984375 0.545318603515625
0.042999267578125 -0.0680809020996094 0.429931640625 0.578125
0.0331649780273438 -0.0374336242675781 0.1904296875 0.60009765625
0.0547714233398438 0.0397071838378906 0.025115966796875 0.4117431640625
0.040313720703125 0.0962371826171875 -0.0436248779296875 0.155960083007813
-0.0683670043945313 0.0785675048828125 0.0595970153808594 0.00613784790039063
-0.14093017578125 0.0349273681640625 0.3450927734375 -0.09442138671875
-0.0300235748291016 -0.00878524780273438 0.699462890625 0.00823974609375
-0.237396240234375 0.09820556640625 0.490325927734375 -0.450714111328125
-0.20147705078125 0.112548828125 0.5714111328125 -0.15655517578125
-0.158187866210938 0.162887573242188 0.516143798828125 -0.141448974609375
-0.0811309814453125 0.1907958984375 0.2681884765625 -0.20330810546875
-0.058441162109375 0.21954345703125 -0.116561889648438 0.00684356689453127
0.07769775390625 0.18719482421875 -0.045074462890625 0.349395751953125
0.18829345703125 0.20819091796875 0.26409912109375 0.540924072265625
0.137664794921875 0.245574951171875 0.397735595703125 0.50091552734375
0.158966064453125 0.238067626953125 0.422882080078125 0.521636962890625
0.0523681640625 0.255569458007813 0.211456298828125 0.532623291015625
-0.043182373046875 0.308349609375 0.0352783203125 0.365753173828125
-0.102294921875 0.298248291015625 -0.0165252685546875 0.146377563476563
-0.275344848632813 0.177261352539063 0.0713119506835937 0.0164031982421875
-0.346435546875 0.148193359375 0.32952880859375 -0.061737060546875
-0.28204345703125 0.11431884765625 0.64825439453125 0.02239990234375
-0.45281982421875 0.2703857421875 0.393524169921875 -0.380340576171875
-0.344696044921875 0.2913818359375 0.5506591796875 -0.089752197265625
-0.268157958984375 0.30206298828125 0.519989013671875 -0.137176513671875
-0.1566162109375 0.29168701171875 0.265975952148438 -0.220916748046875
-0.1539306640625 0.352447509765625 -0.127845764160156 -0.0444259643554687
0.04571533203125 0.41998291015625 -0.0678253173828125 0.26708984375
0.244720458984375 0.452178955078125 0.204986572265625 0.434600830078125
0.205322265625 0.48193359375 0.3082275390625 0.38226318359375
0.266021728515625 0.50201416015625 0.3489990234375 0.3912353515625
0.094573974609375 0.508026123046875 0.19549560546875 0.39068603515625
-0.0943603515625 0.541351318359375 0.036651611328125 0.277603149414063
-0.19024658203125 0.47760009765625 0.0123825073242187 0.135627746582031
-0.41424560546875 0.280670166015625 0.0595512390136718 0.0526046752929688
-0.479827880859375 0.264923095703125 0.238174438476562 0.00149536132812502
-0.481048583984375 0.233917236328125 0.49951171875 0.0596923828125
-0.591796875 0.39031982421875 0.217514038085938 -0.272781372070313
-0.4378662109375 0.408477783203125 0.4677734375 -0.01666259765625
-0.37408447265625 0.381195068359375 0.468017578125 -0.152923583984375
-0.26263427734375 0.357269287109375 0.226470947265625 -0.242996215820312
-0.26483154296875 0.46588134765625 -0.128150939941406 -0.112434387207031
-0.00299072265624996 0.621826171875 -0.0840682983398437 0.131912231445313
0.26446533203125 0.63958740234375 0.116317749023438 0.252120971679688
0.23907470703125 0.64813232421875 0.1732177734375 0.202682495117188
0.33599853515625 0.6837158203125 0.216278076171875 0.209747314453125
0.1300048828125 0.67034912109375 0.132705688476563 0.202438354492188
-0.117431640625 0.68121337890625 0.01959228515625 0.164566040039063
-0.2252197265625 0.5709228515625 0.0327301025390625 0.125175476074219
-0.4547119140625 0.3468017578125 0.0247802734375 0.108207702636719
-0.518218994140625 0.357086181640625 0.0930023193359375 0.0909194946289063
-0.60137939453125 0.33685302734375 0.2830810546875 0.129302978515625
-0.62060546875 0.43536376953125 -0.0108642578125 -0.150131225585937
-0.452789306640625 0.42816162109375 0.31256103515625 0.054473876953125
-0.44842529296875 0.361724853515625 0.356475830078125 -0.14892578125
-0.371490478515625 0.36590576171875 0.168228149414062 -0.248489379882812
-0.3572998046875 0.52947998046875 -0.102005004882813 -0.19879150390625
-0.0449218750000001 0.75189208984375 -0.0912857055664062 -0.0584335327148437
0.250732421875 0.7369384765625 0.0039949417114258 0.0123720169067383
0.236572265625 0.71533203125 0.0121078491210938 -0.00934314727783199
0.34515380859375 0.758544921875 0.0528907775878907 0.00524902343750005
0.1282958984375 0.71624755859375 0.0481300354003906 0.00204467773437504
-0.13861083984375 0.6837158203125 -0.00416183471679688 0.052520751953125
-0.222320556640625 0.541168212890625 0.0370407104492187 0.123207092285156
-0.3970947265625 0.341888427734375 -0.0386962890625 0.167236328125
-0.46282958984375 0.397003173828125 -0.0828857421875 0.181610107421875
-0.626220703125 0.3955078125 0.0334014892578124 0.217864990234375
-0.53375244140625 0.404541015625 -0.245773315429688 -0.041015625
-0.393707275390625 0.361480712890625 0.106636047363281 0.119705200195313
-0.456268310546875 0.273101806640625 0.210479736328125 -0.107986450195312
-0.423187255859375 0.312286376953125 0.117996215820313 -0.231903076171875
-0.381866455078125 0.505462646484375 -0.04827880859375 -0.293182373046875
-0.0628662109375001 0.75830078125 -0.09698486328125 -0.275680541992187
0.20684814453125 0.71319580078125 -0.124801635742188 -0.243515014648437
0.19830322265625 0.67059326171875 -0.150131225585938 -0.2188720703125
0.293212890625 0.7130126953125 -0.101028442382812 -0.191055297851562
0.08428955078125 0.63671875 -0.0218658447265625 -0.176116943359375
-0.15643310546875 0.5540771484375 -0.0115890502929688 -0.028350830078125
-0.188751220703125 0.40234375 0.02056884765625 0.140670776367188
-0.269393920898438 0.276779174804687 -0.138427734375 0.206695556640625
-0.348480224609375 0.383056640625 -0.263427734375 0.238540649414063
-0.56982421875 0.40081787109375 -0.20947265625 0.30938720703125
-0.359039306640625 0.317840576171875 -0.44683837890625 0.037689208984375
-0.269027709960937 0.256393432617187 -0.101364135742188 0.170791625976563
-0.36083984375 0.157958984375 0.0758132934570312 -0.0443649291992188
-0.3656005859375 0.211273193359375 0.083099365234375 -0.208251953125
-0.312103271484375 0.38970947265625 0.0101928710937499 -0.375885009765625
-0.0557250976562499 0.6258544921875 -0.111663818359375 -0.470703125
0.1343994140625 0.56982421875 -0.255859375 -0.463043212890625
0.13214111328125 0.520751953125 -0.29058837890625 -0.391845703125
0.190765380859375 0.5611572265625 -0.213897705078125 -0.35400390625
0.022674560546875 0.46844482421875 -0.051177978515625 -0.3013916015625
-0.153350830078125 0.34698486328125 0.00224685668945312 -0.061248779296875
-0.133209228515625 0.217300415039062 -0.0220184326171875 0.170303344726562
-0.124038696289062 0.191268920898438 -0.261093139648438 0.203201293945313
-0.211029052734375 0.322052001953125 -0.419891357421875 0.242706298828125
-0.440673828125 0.34210205078125 -0.416015625 0.385986328125
-0.128646850585937 0.196487426757813 -0.57958984375 0.0802001953124999
-0.09637451171875 0.144790649414062 -0.260772705078125 0.1993408203125
-0.169204711914062 0.0420074462890625 -0.0199604034423828 0.009735107421875
-0.211624145507813 0.0674591064453125 0.05523681640625 -0.19189453125
-0.175796508789063 0.193527221679688 0.0482177734375 -0.423919677734375
-0.041229248046875 0.3763427734375 -0.1453857421875 -0.5975341796875
0.0374755859375 0.3302001953125 -0.37078857421875 -0.603271484375
0.044097900390625 0.292327880859375 -0.386260986328125 -0.502105712890625
0.06689453125 0.336456298828125 -0.271881103515625 -0.460845947265625
-0.0290374755859375 0.254959106445313 -0.042999267578125 -0.3643798828125
-0.121833801269531 0.134475708007812 0.0240859985351562 -0.0526008605957031
-0.0726699829101563 0.0510406494140625 -0.0861358642578125 0.195266723632813
-0.00119781494140625 0.100273132324219 -0.379241943359375 0.157562255859375
-0.074066162109375 0.214996337890625 -0.531890869140625 0.199432373046875
-0.252914428710938 0.224945068359375 -0.559417724609375 0.433197021484375
-0.0158462524414062 -0.093475341796875 0.42742919921875 -0.4786376953125
-0.0674476623535156 -0.0611038208007813 0.519439697265625 -0.249542236328125
-0.0589561462402344 0.0233421325683594 0.449188232421875 -0.227325439453125
-0.0146942138671875 0.0831222534179688 0.201873779296875 -0.224777221679687
0.0328903198242187 0.068389892578125 -0.101898193359375 0.058197021484375
0.0752029418945313 -0.0623931884765625 0.010345458984375 0.3846435546875
0.0840835571289063 -0.0638351440429688 0.3323974609375 0.536651611328125
0.0452499389648438 -0.0341835021972656 0.461761474609375 0.502899169921875
0.0339889526367188 -0.0741119384765625 0.466094970703125 0.541778564453125
0.0294189453125 -0.0426445007324219 0.22625732421875 0.5902099609375
0.0608177185058594 0.0321922302246094 0.040069580078125 0.4180908203125
0.0508575439453125 0.0915069580078125 -0.054107666015625 0.169998168945313
-0.0581436157226563 0.0879592895507812 0.0324459075927734 0.00930595397949219
-0.134880065917969 0.0539932250976563 0.309600830078125 -0.1060791015625
-0.0336017608642578 -0.00872993469238281 0.66595458984375 -0.0283203125
-0.222900390625 0.09783935546875 0.418212890625 -0.457366943359375
-0.1875 0.11712646484375 0.545928955078125 -0.195281982421875
-0.142715454101562 0.162796020507813 0.501495361328125 -0.190643310546875
-0.066680908203125 0.186508178710938 0.245254516601563 -0.232894897460937
-0.041351318359375 0.216445922851563 -0.118515014648438 0.0162582397460938
0.0860748291015625 0.172500610351562 -0.01898193359375 0.34765625
0.197250366210938 0.186065673828125 0.305999755859375 0.509429931640625
0.152618408203125 0.229827880859375 0.43206787109375 0.4605712890625
0.174407958984375 0.218856811523438 0.456878662109375 0.48638916015625
0.0700225830078125 0.246795654296875 0.24432373046875 0.519866943359375
-0.01922607421875 0.304290771484375 0.04931640625 0.374237060546875
-0.079498291015625 0.296905517578125 -0.0265045166015625 0.162216186523438
-0.253646850585938 0.187820434570313 0.0474777221679687 0.0196685791015625
-0.31915283203125 0.165771484375 0.298553466796875 -0.074493408203125
-0.260528564453125 0.119659423828125 0.61822509765625 -0.011474609375
-0.409912109375 0.272003173828125 0.329803466796875 -0.384735107421875
-0.305511474609375 0.29254150390625 0.529083251953125 -0.130828857421875
-0.236907958984375 0.29541015625 0.503692626953125 -0.185638427734375
-0.137496948242188 0.280715942382813 0.242752075195312 -0.247207641601562
-0.130950927734375 0.3526611328125 -0.132072448730469 -0.0320510864257812
0.0702819824218749 0.40643310546875 -0.045196533203125 0.267684936523438
0.27197265625 0.423004150390625 0.24005126953125 0.40875244140625
0.238433837890625 0.461669921875 0.333343505859375 0.350494384765625
0.301605224609375 0.473388671875 0.373077392578125 0.362640380859375
0.131103515625 0.494384765625 0.216949462890625 0.38031005859375
-0.055450439453125 0.538848876953125 0.04510498046875 0.288482666015625
-0.15960693359375 0.47589111328125 0.0049591064453125 0.150100708007813
-0.384521484375 0.28863525390625 0.0440177917480468 0.0557708740234375
-0.435455322265625 0.273712158203125 0.219696044921875 -0.00712585449218748
-0.438934326171875 0.243682861328125 0.48162841796875 0.034881591796875
-0.528076171875 0.3939208984375 0.1715087890625 -0.271987915039063
-0.379638671875 0.4049072265625 0.4544677734375 -0.05810546875
-0.333587646484375 0.3687744140625 0.45147705078125 -0.195404052734375
-0.242095947265625 0.34686279296875 0.203384399414063 -0.262313842773438
-0.23724365234375 0.47308349609375 -0.1348876953125 -0.0979461669921875
0.0387573242187501 0.6141357421875 -0.0674514770507813 0.133644104003906
0.30902099609375 0.60968017578125 0.138473510742188 0.234786987304688
0.28558349609375 0.6229248046875 0.186126708984375 0.1854248046875
0.385986328125 0.6475830078125 0.229354858398438 0.1943359375
0.18011474609375 0.65380859375 0.141998291015625 0.1988525390625
-0.07147216796875 0.6820068359375 0.02166748046875 0.176727294921875
-0.1942138671875 0.56939697265625 0.0273208618164062 0.136474609375
-0.42486572265625 0.348785400390625 0.0195999145507812 0.110466003417969
-0.465057373046875 0.35699462890625 0.0898895263671875 0.0871810913085938
-0.542572021484375 0.345977783203125 0.2838134765625 0.11328125
-0.545440673828125 0.43707275390625 -0.0339813232421875 -0.142669677734375
-0.386688232421875 0.419403076171875 0.313385009765625 0.021209716796875
-0.409637451171875 0.35272216796875 0.34210205078125 -0.1817626953125
-0.3531494140625 0.36224365234375 0.150970458984375 -0.259841918945313
-0.325439453125 0.544647216796875 -0.11175537109375 -0.18701171875
0.00817871093749993 0.7479248046875 -0.0867996215820312 -0.0569763183593749
0.305419921875 0.706787109375 0.00806093215942385 0.0060210227966309
0.28985595703125 0.69189453125 0.0107450485229492 -0.00938892364501949
0.40191650390625 0.72235107421875 0.0521278381347657 0.0050735473632813
0.18011474609375 0.6998291015625 0.0426826477050781 0.00590896606445317
-0.0934448242187499 0.68634033203125 -0.00825119018554689 0.064971923828125
-0.196258544921875 0.539093017578125 0.0353622436523437 0.130165100097656
-0.37158203125 0.33306884765625 -0.0350341796875 0.1705322265625
-0.40985107421875 0.38641357421875 -0.072845458984375 0.184799194335938
-0.5638427734375 0.4066162109375 0.0544586181640624 0.21185302734375
-0.463958740234375 0.40155029296875 -0.244537353515625 -0.0268096923828125
-0.3331298828125 0.3487548828125 0.123771667480469 0.096710205078125
-0.42633056640625 0.26715087890625 0.207321166992187 -0.1270751953125
-0.408203125 0.318359375 0.109024047851563 -0.239181518554688
-0.350128173828125 0.52679443359375 -0.061309814453125 -0.288665771484375
-0.00616455078124995 0.76031494140625 -0.107528686523437 -0.27520751953125
0.261474609375 0.689453125 -0.139251708984375 -0.237579345703125
0.24786376953125 0.65240478515625 -0.164520263671875 -0.202987670898437
0.34619140625 0.68267822265625 -0.115234375 -0.177810668945312
0.131591796875 0.6273193359375 -0.0391693115234375 -0.166290283203125
-0.12255859375 0.561309814453125 -0.02008056640625 -0.0182304382324218
-0.17535400390625 0.39910888671875 0.024932861328125 0.143478393554688
-0.249969482421875 0.259353637695312 -0.127029418945313 0.21453857421875
-0.29669189453125 0.3665771484375 -0.243865966796875 0.251724243164063
-0.507781982421875 0.4091796875 -0.16766357421875 0.312469482421875
-0.304351806640625 0.309722900390625 -0.424224853515625 0.058135986328125
-0.222915649414062 0.242218017578125 -0.06793212890625 0.160491943359375
-0.343780517578125 0.155059814453125 0.0842056274414062 -0.0540771484375
-0.35797119140625 0.220733642578125 0.0820770263671874 -0.214584350585938
-0.28924560546875 0.409942626953125 -0.00720214843750005 -0.379150390625
-0.00720214843749994 0.6268310546875 -0.138153076171875 -0.4698486328125
0.179779052734375 0.554901123046875 -0.286956787109375 -0.44415283203125
0.169647216796875 0.509918212890625 -0.31597900390625 -0.362091064453125
0.23480224609375 0.543426513671875 -0.23828125 -0.330413818359375
0.056365966796875 0.464385986328125 -0.077728271484375 -0.290740966796875
-0.135833740234375 0.355987548828125 -0.00601577758789063 -0.0550727844238281
-0.131805419921875 0.2144775390625 -0.00962829589843751 0.17425537109375
-0.109756469726563 0.168289184570313 -0.2464599609375 0.223129272460937
-0.169403076171875 0.3045654296875 -0.398529052734375 0.266571044921875
-0.39019775390625 0.351287841796875 -0.356170654296875 0.396881103515625
-0.097503662109375 0.185317993164063 -0.54437255859375 0.1038818359375
-0.07012939453125 0.13140869140625 -0.21539306640625 0.200363159179688
-0.166183471679688 0.03704833984375 -0.000474929809570323 0.00667667388916016
-0.213409423828125 0.0770111083984375 0.06011962890625 -0.19915771484375
-0.16473388671875 0.206832885742188 0.02880859375 -0.434539794921875
-0.01104736328125 0.380218505859375 -0.1810302734375 -0.59521484375
0.064666748046875 0.326416015625 -0.4110107421875 -0.5726318359375
0.065887451171875 0.291290283203125 -0.419525146484375 -0.463043212890625
0.093719482421875 0.331298828125 -0.30419921875 -0.432403564453125
-0.010162353515625 0.25811767578125 -0.0733642578125 -0.3558349609375
-0.117965698242188 0.142684936523437 0.0195503234863281 -0.0511283874511719
-0.0782623291015625 0.0491790771484375 -0.0667266845703125 0.20367431640625
0.00774383544921876 0.078948974609375 -0.365753173828125 0.191375732421875
-0.046875 0.20050048828125 -0.511444091796875 0.23394775390625
-0.221099853515625 0.231887817382812 -0.4892578125 0.450042724609375
-0.0283889770507812 -0.0909881591796875 0.372955322265625 -0.445709228515625
-0.0713424682617188 -0.0501708984375 0.490936279296875 -0.2615966796875
-0.0542793273925781 0.0302505493164063 0.42291259765625 -0.255828857421875
-0.00450134277343749 0.08282470703125 0.177688598632813 -0.239288330078125
0.0396804809570313 0.0611648559570313 -0.098602294921875 0.0613174438476563
0.0641021728515625 -0.0702667236328125 0.028045654296875 0.369873046875
0.071746826171875 -0.0701828002929688 0.353759765625 0.497100830078125
0.0383415222167969 -0.0374412536621094 0.474212646484375 0.45831298828125
0.0243606567382813 -0.0764389038085938 0.4798583984375 0.50579833984375
0.0244102478027344 -0.04632568359375 0.24774169921875 0.57440185546875
0.0626716613769531 0.0234603881835938 0.050323486328125 0.42352294921875
0.05853271484375 0.0851669311523438 -0.0601959228515625 0.191009521484375
-0.0460739135742187 0.0930099487304688 0.00791358947753906 0.0277061462402344
-0.123664855957031 0.0678863525390625 0.276901245117188 -0.09307861328125
-0.0382575988769531 -0.00592803955078125 0.6300048828125 -0.03350830078125
-0.2154541015625 0.0873260498046875 0.36456298828125 -0.4254150390625
-0.176925659179688 0.11285400390625 0.516815185546875 -0.211669921875
-0.133270263671875 0.155975341796875 0.474029541015625 -0.22503662109375
-0.0586395263671875 0.177291870117188 0.218658447265625 -0.248138427734375
-0.031341552734375 0.208343505859375 -0.1177978515625 0.0233917236328125
0.0858306884765625 0.158706665039063 -0.00198364257812502 0.33685302734375
0.196212768554688 0.166351318359375 0.326416015625 0.471588134765625
0.15802001953125 0.213424682617187 0.440826416015625 0.41998291015625
0.178268432617188 0.201950073242188 0.47076416015625 0.451202392578125
0.0785369873046875 0.234466552734375 0.26300048828125 0.50811767578125
-0.00415039062500003 0.293212890625 0.060211181640625 0.38153076171875
-0.064788818359375 0.286163330078125 -0.0317535400390625 0.184066772460938
-0.235458374023438 0.186538696289062 0.0268058776855469 0.0376625061035156
-0.2935791015625 0.166259765625 0.272247314453125 -0.0637664794921875
-0.245376586914062 0.111846923828125 0.5872802734375 -0.0159912109375
-0.380615234375 0.25018310546875 0.281585693359375 -0.357147216796875
-0.277679443359375 0.273422241210938 0.502227783203125 -0.151763916015625
-0.222900390625 0.275375366210938 0.4775390625 -0.220245361328125
-0.131942749023437 0.2650146484375 0.217239379882813 -0.260009765625
-0.117828369140625 0.345977783203125 -0.132026672363281 -0.0218353271484375
0.082275390625 0.388153076171875 -0.029693603515625 0.259384155273438
0.28436279296875 0.3931884765625 0.257354736328125 0.37628173828125
0.255035400390625 0.434844970703125 0.342315673828125 0.3201904296875
0.318389892578125 0.44049072265625 0.384490966796875 0.336395263671875
0.151702880859375 0.4730224609375 0.229705810546875 0.372039794921875
-0.030364990234375 0.524322509765625 0.053619384765625 0.29925537109375
-0.141448974609375 0.463470458984375 0.0015106201171875 0.170761108398438
-0.364959716796875 0.281646728515625 0.0295829772949219 0.0701103210449219
-0.403900146484375 0.2607421875 0.20263671875 -0.000823974609374984
-0.40850830078125 0.2239990234375 0.46197509765625 0.02862548828125
-0.481719970703125 0.363800048828125 0.136337280273438 -0.248184204101563
-0.340057373046875 0.373626708984375 0.4329833984375 -0.081634521484375
-0.315277099609375 0.339569091796875 0.424652099609375 -0.221588134765625
-0.23681640625 0.329864501953125 0.180999755859375 -0.268814086914063
-0.2197265625 0.469482421875 -0.135292053222656 -0.0855636596679687
0.06402587890625 0.59478759765625 -0.055908203125 0.128204345703125
0.3319091796875 0.57342529296875 0.14984130859375 0.21331787109375
0.31231689453125 0.59368896484375 0.190521240234375 0.168487548828125
0.413330078125 0.60675048828125 0.2347412109375 0.18011474609375
0.20947265625 0.6275634765625 0.1484375 0.197128295898438
-0.0399169921875 0.6661376953125 0.0262298583984375 0.19073486328125
-0.176727294921875 0.55865478515625 0.025482177734375 0.152359008789063
-0.40911865234375 0.3328857421875 0.0126953125 0.11895751953125
-0.4322509765625 0.3291015625 0.0844497680664062 0.0894088745117188
-0.502166748046875 0.320343017578125 0.280029296875 0.1036376953125
-0.4923095703125 0.3974609375 -0.0502548217773438 -0.125480651855469
-0.3436279296875 0.377655029296875 0.30169677734375 -0.00408935546874998
-0.3934326171875 0.3203125 0.32159423828125 -0.2015380859375
-0.3492431640625 0.351531982421875 0.135665893554688 -0.2635498046875
-0.303863525390625 0.548095703125 -0.1141357421875 -0.176361083984375
0.0452880859375 0.72918701171875 -0.0829925537109375 -0.0597763061523437
0.3363037109375 0.66943359375 0.00978469848632815 -0.00217819213867183
0.31988525390625 0.66070556640625 0.0103597640991211 -0.010319709777832
0.434814453125 0.6783447265625 0.05328369140625 0.00565338134765629
0.2135009765625 0.6732177734375 0.0418167114257813 0.0125656127929688
-0.06329345703125 0.676513671875 -0.00820159912109376 0.0807266235351563
-0.18560791015625 0.53070068359375 0.0355224609375 0.141281127929688
-0.364715576171875 0.3131103515625 -0.0335693359375 0.174102783203125
-0.37957763671875 0.350494384765625 -0.0661163330078125 0.184555053710938
-0.51727294921875 0.376922607421875 0.0692901611328125 0.198013305664063
-0.4140625 0.36138916015625 -0.240798950195313 -0.0174713134765625
-0.29595947265625 0.3067626953125 0.128211975097656 0.0721893310546875
-0.415771484375 0.243377685546875 0.198577880859375 -0.1429443359375
-0.405120849609375 0.31671142578125 0.10247802734375 -0.2440185546875
-0.32757568359375 0.535125732421875 -0.068756103515625 -0.283172607421875
0.03448486328125 0.74322509765625 -0.115036010742187 -0.275711059570312
0.2938232421875 0.6573486328125 -0.147689819335937 -0.2310791015625
0.27825927734375 0.62506103515625 -0.1705322265625 -0.187576293945313
0.379638671875 0.6439208984375 -0.118515014648437 -0.162612915039062
0.16192626953125 0.60394287109375 -0.048431396484375 -0.151718139648437
-0.098785400390625 0.55731201171875 -0.0236415863037109 -0.00370407104492184
-0.17437744140625 0.395355224609375 0.0283050537109375 0.148818969726563
-0.251083374023438 0.233871459960938 -0.118331909179688 0.21826171875
-0.271820068359375 0.32830810546875 -0.229354858398438 0.253189086914063
-0.4637451171875 0.38385009765625 -0.13677978515625 0.294952392578125
-0.266098022460938 0.274276733398438 -0.40313720703125 0.0606384277343751
-0.195404052734375 0.205230712890625 -0.0466232299804688 0.137237548828125
-0.3402099609375 0.139434814453125 0.0893783569335937 -0.0678482055664063
-0.356109619140625 0.225494384765625 0.08282470703125 -0.223297119140625
-0.268768310546875 0.4180908203125 -0.02001953125 -0.380157470703125
0.02850341796875 0.6162109375 -0.15533447265625 -0.4666748046875
0.20751953125 0.53253173828125 -0.3038330078125 -0.423919677734375
0.1959228515625 0.492462158203125 -0.3250732421875 -0.333953857421875
0.262481689453125 0.517578125 -0.246429443359375 -0.303955078125
0.079437255859375 0.451812744140625 -0.09222412109375 -0.272796630859375
-0.1221923828125 0.35845947265625 -0.0103378295898438 -0.0448799133300781
-0.136444091796875 0.212387084960938 0.000381469726562502 0.175567626953125
-0.11322021484375 0.14080810546875 -0.231414794921875 0.234375
-0.148147583007813 0.269302368164063 -0.37841796875 0.274200439453125
-0.352691650390625 0.3310546875 -0.3104248046875 0.37725830078125
-0.07867431640625 0.158706665039063 -0.51171875 0.1015625
-0.0556564331054687 0.106086730957031 -0.181198120117188 0.178573608398438
-0.170684814453125 0.028594970703125 0.0154056549072266 -0.00724220275878906
-0.216873168945312 0.0839233398437499 0.0646209716796875 -0.211257934570313
-0.154739379882813 0.21380615234375 0.01220703125 -0.4400634765625
0.013031005859375 0.3743896484375 -0.2054443359375 -0.5859375
0.084381103515625 0.317718505859375 -0.43096923828125 -0.539764404296875
0.082183837890625 0.2843017578125 -0.42962646484375 -0.42706298828125
0.1136474609375 0.320343017578125 -0.316070556640625 -0.401397705078125
0.00553894042968749 0.254257202148438 -0.091094970703125 -0.338958740234375
-0.113677978515625 0.149032592773437 0.0179252624511719 -0.0465774536132812
-0.0865249633789063 0.049835205078125 -0.04913330078125 0.205581665039063
0.00415420532226562 0.0562744140625 -0.346588134765625 0.212005615234375
-0.0330047607421875 0.175491333007813 -0.49017333984375 0.248199462890625
-0.195648193359375 0.2215576171875 -0.434112548828125 0.428680419921875
-0.0381927490234375 -0.0856399536132813 0.35675048828125 -0.3992919921875
-0.0707931518554688 -0.041534423828125 0.4794921875 -0.262939453125
-0.0480575561523438 0.0331535339355469 0.401611328125 -0.27398681640625
0.0034332275390625 0.07958984375 0.157669067382812 -0.245315551757813
0.0417137145996094 0.0546836853027344 -0.0980606079101563 0.0626907348632812
0.0530929565429688 -0.0740509033203125 0.031982421875 0.358367919921875
0.0605621337890625 -0.0720367431640625 0.35748291015625 0.469268798828125
0.0318679809570313 -0.0385627746582031 0.47314453125 0.431243896484375
0.0158920288085938 -0.0760116577148438 0.484649658203125 0.48321533203125
0.0181808471679688 -0.0475807189941406 0.25860595703125 0.56744384765625
0.0609397888183594 0.0165519714355469 0.0609436035156251 0.43438720703125
0.0630111694335937 0.0780715942382813 -0.0594329833984375 0.216171264648438
-0.0358123779296875 0.0928192138671875 -0.00441741943359375 0.05712890625
-0.112556457519531 0.07635498046875 0.264907836914062 -0.068359375
-0.0409507751464844 -0.000923156738281246 0.614990234375 -0.019775390625
-0.219085693359375 0.074798583984375 0.34588623046875 -0.381256103515625
-0.174774169921875 0.105911254882812 0.503326416015625 -0.217193603515625
-0.133163452148438 0.148590087890625 0.450469970703125 -0.24560546875
-0.058746337890625 0.170486450195313 0.197433471679688 -0.254425048828125
-0.0291748046875 0.2027587890625 -0.117919921875 0.0283126831054688
0.080078125 0.150314331054688 0.00311279296875002 0.32623291015625
0.190567016601563 0.154800415039063 0.33062744140625 0.443145751953125
0.157501220703125 0.20452880859375 0.44024658203125 0.39263916015625
0.17669677734375 0.19024658203125 0.4727783203125 0.430511474609375
0.0791778564453125 0.225723266601562 0.272064208984375 0.49957275390625
0.000122070312500013 0.28314208984375 0.070220947265625 0.39324951171875
-0.0611114501953125 0.277694702148438 -0.02874755859375 0.20977783203125
-0.228790283203125 0.17822265625 0.0173568725585937 0.0656051635742188
-0.280975341796875 0.1573486328125 0.262130737304688 -0.0426025390625
-0.243423461914063 0.099456787109375 0.57501220703125 -0.00292968749999999
-0.378082275390625 0.22100830078125 0.264984130859375 -0.315704345703125
-0.2716064453125 0.2489013671875 0.486541748046875 -0.159271240234375
-0.226593017578125 0.256942749023437 0.452972412109375 -0.237762451171875
-0.138839721679688 0.253662109375 0.196975708007813 -0.263153076171875
-0.11590576171875 0.343353271484375 -0.131752014160156 -0.0147857666015625
0.08380126953125 0.37738037109375 -0.0242156982421875 0.250473022460938
0.2857666015625 0.37225341796875 0.261199951171875 0.35272216796875
0.2596435546875 0.4193115234375 0.340179443359375 0.298370361328125
0.32305908203125 0.41973876953125 0.3863525390625 0.320281982421875
0.158721923828125 0.457275390625 0.238555908203125 0.367645263671875
-0.020355224609375 0.514678955078125 0.063812255859375 0.312164306640625
-0.13916015625 0.456329345703125 0.00669860839843747 0.19439697265625
-0.365814208984375 0.267547607421875 0.0236587524414062 0.092926025390625
-0.3963623046875 0.236602783203125 0.197357177734375 0.0146484375
-0.4049072265625 0.196624755859375 0.454833984375 0.035491943359375
-0.47332763671875 0.31890869140625 0.123031616210937 -0.217071533203125
-0.331451416015625 0.333099365234375 0.41680908203125 -0.09173583984375
-0.326202392578125 0.312347412109375 0.4017333984375 -0.237091064453125
-0.24981689453125 0.31939697265625 0.167022705078125 -0.271102905273438
-0.215850830078125 0.470458984375 -0.134048461914063 -0.0786056518554687
0.07427978515625 0.5806884765625 -0.052001953125 0.119483947753906
0.339569091796875 0.547027587890625 0.1512451171875 0.194854736328125
0.32269287109375 0.57208251953125 0.188644409179688 0.1558837890625
0.42303466796875 0.57843017578125 0.237899780273438 0.1715087890625
0.2215576171875 0.60693359375 0.154327392578125 0.19830322265625
-0.0272216796874999 0.65679931640625 0.0352783203125 0.20526123046875
-0.17535400390625 0.55328369140625 0.031341552734375 0.172683715820313
-0.4166259765625 0.317047119140625 0.0101470947265625 0.133773803710938
-0.4300537109375 0.29632568359375 0.083587646484375 0.0967178344726563
-0.497222900390625 0.283111572265625 0.2794189453125 0.101348876953125
-0.48040771484375 0.346435546875 -0.0572280883789063 -0.106735229492187
-0.339202880859375 0.328125 0.288238525390625 -0.01800537109375
-0.410919189453125 0.2935791015625 0.304107666015625 -0.212005615234375
-0.36199951171875 0.3450927734375 0.127395629882812 -0.26611328125
-0.296142578125 0.5523681640625 -0.114364624023438 -0.172332763671875
0.061767578125 0.7142333984375 -0.0831451416015625 -0.0666351318359375
0.348876953125 0.64202880859375 0.00777626037597659 -0.0112819671630859
0.33477783203125 0.64031982421875 0.00886917114257815 -0.0123767852783203
0.449951171875 0.6458740234375 0.0566253662109375 0.00592041015625004
0.2286376953125 0.6505126953125 0.0452842712402344 0.0199356079101563
-0.0471801757812499 0.670166015625 -0.00228118896484376 0.09686279296875
-0.1883544921875 0.531097412109375 0.040496826171875 0.155624389648438
-0.379913330078125 0.295135498046875 -0.033721923828125 0.181655883789063
-0.384857177734375 0.3135986328125 -0.0645599365234375 0.186370849609375
-0.509918212890625 0.33697509765625 0.075347900390625 0.184478759765625
-0.404296875 0.308990478515625 -0.240158081054688 -0.0126953125
-0.291656494140625 0.256866455078125 0.123001098632813 0.0534820556640625
-0.43304443359375 0.221221923828125 0.1890869140625 -0.154022216796875
-0.416229248046875 0.315673828125 0.0986480712890625 -0.250595092773438
-0.316802978515625 0.5423583984375 -0.07293701171875 -0.284423828125
0.054443359375 0.72857666015625 -0.1214599609375 -0.279312133789062
0.310546875 0.63140869140625 -0.154067993164063 -0.229293823242188
0.29449462890625 0.60540771484375 -0.171005249023437 -0.178955078125
0.396240234375 0.614501953125 -0.116241455078125 -0.15423583984375
0.17803955078125 0.58734130859375 -0.048828125 -0.139472961425781
-0.085296630859375 0.555389404296875 -0.0206470489501953 0.010986328125
-0.1805419921875 0.3978271484375 0.0333099365234375 0.156524658203125
-0.271026611328125 0.21551513671875 -0.114089965820313 0.223342895507813
-0.278900146484375 0.2904052734375 -0.22479248046875 0.252761840820313
-0.454132080078125 0.345794677734375 -0.124603271484375 0.270706176757813
-0.259307861328125 0.230194091796875 -0.3961181640625 0.0526123046875
-0.19573974609375 0.166213989257812 -0.0421829223632813 0.112106323242188
-0.35638427734375 0.12542724609375 0.0895843505859375 -0.0835037231445313
-0.363677978515625 0.229705810546875 0.0820770263671875 -0.2359619140625
-0.25994873046875 0.423492431640625 -0.0289001464843751 -0.38531494140625
0.0493774414062499 0.6060791015625 -0.168487548828125 -0.4671630859375
0.223968505859375 0.51397705078125 -0.312103271484375 -0.4117431640625
0.2109375 0.47882080078125 -0.324554443359375 -0.315093994140625
0.2784423828125 0.496734619140625 -0.24609375 -0.288421630859375
0.094757080078125 0.4390869140625 -0.096099853515625 -0.258163452148438
-0.115875244140625 0.362030029296875 -0.00854492187500001 -0.0341110229492187
-0.146163940429688 0.217117309570312 0.00828552246093749 0.177825927734375
-0.133064270019531 0.121597290039063 -0.222061157226563 0.239547729492187
-0.15380859375 0.2359619140625 -0.371612548828125 0.27593994140625
-0.34112548828125 0.302276611328125 -0.2928466796875 0.34490966796875
-0.07586669921875 0.130210876464844 -0.5 0.08428955078125
-0.0579147338867187 0.0815658569335938 -0.167816162109375 0.149078369140625
-0.184677124023438 0.023040771484375 0.0215797424316406 -0.0274600982666016
-0.222824096679687 0.0912933349609375 0.063812255859375 -0.229248046875
-0.14959716796875 0.219329833984375 -0.000244140625000042 -0.44964599609375
0.02850341796875 0.36767578125 -0.221435546875 -0.583740234375
0.096405029296875 0.30841064453125 -0.439910888671875 -0.52001953125
0.0933074951171875 0.279281616210938 -0.43035888671875 -0.403411865234375
0.12725830078125 0.309326171875 -0.316680908203125 -0.3804931640625
0.0164794921875 0.249725341796875 -0.097412109375 -0.325286865234375
-0.111221313476563 0.154998779296875 0.0196609497070312 -0.0408058166503906
-0.0955352783203125 0.0543441772460937 -0.0362548828125 0.204696655273438
-0.00988388061523437 0.0395050048828125 -0.33172607421875 0.222808837890625
-0.0346832275390625 0.151565551757813 -0.481719970703125 0.253997802734375
-0.186691284179687 0.203994750976562 -0.412078857421875 0.391265869140625
-0.0448684692382813 -0.080474853515625 0.37530517578125 -0.36907958984375
-0.0679779052734375 -0.0372314453125 0.481964111328125 -0.26934814453125
-0.043182373046875 0.033172607421875 0.3890380859375 -0.288665771484375
0.00845336914062501 0.0761642456054687 0.145584106445313 -0.250717163085938
0.0425148010253906 0.0507583618164063 -0.100677490234375 0.064453125
0.0441207885742188 -0.0756149291992188 0.030059814453125 0.358001708984375
0.0528411865234375 -0.0716400146484375 0.357452392578125 0.45843505859375
0.0274696350097656 -0.0374412536621094 0.4730224609375 0.42205810546875
0.0104446411132812 -0.0741119384765625 0.492523193359375 0.480499267578125
0.0122032165527344 -0.0480728149414062 0.27264404296875 0.57550048828125
0.0584602355957031 0.0122871398925781 0.0716552734375 0.451904296875
0.06561279296875 0.0734329223632813 -0.052093505859375 0.242218017578125
-0.0287322998046875 0.0909194946289062 -0.00330352783203126 0.0884857177734375
-0.102912902832031 0.081207275390625 0.27435302734375 -0.04473876953125
-0.0421562194824219 0.00495529174804687 0.6285400390625 -0.00274658203125
-0.234344482421875 0.067901611328125 0.361114501953125 -0.349853515625
-0.1800537109375 0.102096557617188 0.505157470703125 -0.2235107421875
-0.140945434570313 0.14581298828125 0.437164306640625 -0.261016845703125
-0.063323974609375 0.169113159179688 0.185440063476563 -0.259506225585938
-0.0312347412109375 0.204620361328125 -0.120635986328125 0.0333251953125
0.0753173828125 0.149826049804688 0.00158691406249997 0.3258056640625
0.18572998046875 0.151077270507813 0.330810546875 0.433563232421875
0.157882690429688 0.20404052734375 0.43994140625 0.3836669921875
0.175857543945313 0.187881469726563 0.48199462890625 0.425872802734375
0.0779571533203125 0.225372314453125 0.2845458984375 0.50689697265625
-0.00109863281249997 0.28302001953125 0.08306884765625 0.410308837890625
-0.063873291015625 0.27740478515625 -0.017242431640625 0.236114501953125
-0.23431396484375 0.173583984375 0.0207138061523437 0.0951156616210938
-0.283966064453125 0.150390625 0.272262573242188 -0.021575927734375
-0.254714965820313 0.09136962890625 0.5885009765625 0.01104736328125
-0.398773193359375 0.202178955078125 0.2764892578125 -0.2867431640625
-0.28582763671875 0.23370361328125 0.48455810546875 -0.16485595703125
-0.247528076171875 0.251174926757812 0.439361572265625 -0.250579833984375
-0.1536865234375 0.25543212890625 0.187789916992188 -0.267181396484375
-0.120086669921875 0.35028076171875 -0.133277893066406 -0.00952911376953124
0.083892822265625 0.377838134765625 -0.0249481201171875 0.247467041015625
0.28521728515625 0.364837646484375 0.261322021484375 0.342315673828125
0.26544189453125 0.4173583984375 0.34014892578125 0.29046630859375
0.327484130859375 0.4127197265625 0.394134521484375 0.315521240234375
0.16131591796875 0.453765869140625 0.25018310546875 0.37274169921875
-0.018829345703125 0.51611328125 0.077362060546875 0.328399658203125
-0.145538330078125 0.46063232421875 0.020172119140625 0.21893310546875
-0.382568359375 0.2630615234375 0.0289154052734375 0.11688232421875
-0.410064697265625 0.223541259765625 0.205581665039062 0.0296783447265625
-0.424407958984375 0.17974853515625 0.466827392578125 0.04498291015625
-0.49652099609375 0.2882080078125 0.129257202148437 -0.192230224609375
-0.352752685546875 0.306121826171875 0.41265869140625 -0.095947265625
-0.358734130859375 0.305145263671875 0.388580322265625 -0.24554443359375
-0.271514892578125 0.32452392578125 0.160385131835937 -0.27410888671875
-0.21966552734375 0.483978271484375 -0.135612487792969 -0.0762176513671875
0.07867431640625 0.58319091796875 -0.0540390014648438 0.114448547363281
0.344696044921875 0.538421630859375 0.14898681640625 0.18560791015625
0.33221435546875 0.5694580078125 0.1866455078125 0.151123046875
0.43170166015625 0.5701904296875 0.244232177734375 0.167724609375
0.22735595703125 0.6015625 0.163787841796875 0.202590942382813
-0.02117919921875 0.66241455078125 0.0477294921875 0.221664428710938
-0.18438720703125 0.5645751953125 0.044952392578125 0.193084716796875
-0.44384765625 0.31524658203125 0.0139007568359375 0.1514892578125
-0.4560546875 0.278839111328125 0.0879287719726562 0.106300354003906
-0.524017333984375 0.2581787109375 0.286285400390625 0.101348876953125
-0.50653076171875 0.308441162109375 -0.056060791015625 -0.0909042358398437
-0.36376953125 0.296539306640625 0.28253173828125 -0.0244140625
-0.449615478515625 0.288543701171875 0.29315185546875 -0.219573974609375
-0.387176513671875 0.355926513671875 0.123886108398437 -0.272201538085938
-0.300048828125 0.5699462890625 -0.117156982421875 -0.174163818359375
0.0733032226562501 0.71612548828125 -0.0883102416992188 -0.0740737915039062
0.360107421875 0.6326904296875 0.00267791748046877 -0.0181140899658203
0.3465576171875 0.63482666015625 0.00616264343261721 -0.0135135650634765
0.46173095703125 0.63507080078125 0.06201171875 0.00430679321289066
0.23822021484375 0.64404296875 0.0518035888671875 0.0245895385742188
-0.040771484375 0.67828369140625 0.00816345214843749 0.111808776855469
-0.197021484375 0.54669189453125 0.0517425537109375 0.1710205078125
-0.41265869140625 0.295684814453125 -0.032257080078125 0.193603515625
-0.41510009765625 0.29522705078125 -0.0653228759765625 0.1917724609375
-0.5396728515625 0.310302734375 0.075714111328125 0.1756591796875
-0.427459716796875 0.26873779296875 -0.24530029296875 -0.00883483886718744
-0.319000244140625 0.22381591796875 0.116050720214844 0.0424957275390625
-0.47161865234375 0.218109130859375 0.18182373046875 -0.16363525390625
-0.437164306640625 0.328948974609375 0.095672607421875 -0.26153564453125
-0.316619873046875 0.5599365234375 -0.079620361328125 -0.291015625
0.0692138671875 0.731201171875 -0.130859375 -0.28900146484375
0.32208251953125 0.6221923828125 -0.16265869140625 -0.233291625976562
0.3072509765625 0.6025390625 -0.1741943359375 -0.176712036132812
0.4088134765625 0.60552978515625 -0.112899780273437 -0.15350341796875
0.189208984375 0.5810546875 -0.0448150634765625 -0.134796142578125
-0.07916259765625 0.56658935546875 -0.0129737854003906 0.0238075256347657
-0.1890869140625 0.41424560546875 0.0425262451171875 0.167266845703125
-0.304595947265625 0.215240478515625 -0.11395263671875 0.231475830078125
-0.309600830078125 0.271148681640625 -0.229583740234375 0.2579345703125
-0.478668212890625 0.323333740234375 -0.13043212890625 0.254684448242188
-0.279495239257812 0.196121215820312 -0.405181884765625 0.044647216796875
-0.217300415039062 0.13800048828125 -0.0482330322265625 0.0942153930664063
-0.386962890625 0.12530517578125 0.0849838256835937 -0.0972366333007812
-0.380401611328125 0.2431640625 0.07745361328125 -0.252593994140625
-0.260101318359375 0.438995361328125 -0.03936767578125 -0.397705078125
0.06280517578125 0.6051025390625 -0.18194580078125 -0.47747802734375
0.235382080078125 0.5076904296875 -0.323211669921875 -0.41217041015625
0.223388671875 0.476837158203125 -0.3280029296875 -0.312286376953125
0.290985107421875 0.48748779296875 -0.245330810546875 -0.285614013671875
0.103424072265625 0.4375 -0.0950469970703125 -0.253921508789062
-0.11077880859375 0.372100830078125 -0.0032634735107422 -0.0254344940185547
-0.155899047851562 0.231781005859375 0.01654052734375 0.1832275390625
-0.161270141601563 0.117294311523437 -0.219970703125 0.24688720703125
-0.176284790039062 0.217910766601563 -0.378753662109375 0.282562255859375
-0.357208251953125 0.284423828125 -0.304779052734375 0.322662353515625
-0.087677001953125 0.109100341796875 -0.51275634765625 0.0677490234374999
-0.0711746215820313 0.0647735595703125 -0.173614501953125 0.125167846679688
-0.203948974609375 0.0270233154296875 0.018768310546875 -0.0458030700683594
-0.232406616210937 0.103225708007813 0.05718994140625 -0.249343872070312
-0.147857666015625 0.227691650390625 -0.014434814453125 -0.465911865234375
0.03955078125 0.368377685546875 -0.23748779296875 -0.593017578125
0.1053466796875 0.30499267578125 -0.45269775390625 -0.516845703125
0.102554321289063 0.278213500976563 -0.433929443359375 -0.397430419921875
0.13665771484375 0.304779052734375 -0.3204345703125 -0.376953125
0.0235748291015625 0.248062133789062 -0.0987548828125 -0.321685791015625
-0.10968017578125 0.162612915039063 0.0246658325195312 -0.0365943908691406
-0.10308837890625 0.063934326171875 -0.0265045166015625 0.205917358398438
-0.0285072326660156 0.0328941345214844 -0.32666015625 0.231353759765625
-0.047149658203125 0.136383056640625 -0.489501953125 0.26373291015625
-0.192535400390625 0.191558837890625 -0.42584228515625 0.366485595703125
-0.0513076782226563 -0.0767440795898438 0.408721923828125 -0.366058349609375
-0.0668601989746094 -0.0352897644042969 0.494873046875 -0.29180908203125
-0.0404014587402344 0.0321464538574219 0.382598876953125 -0.31170654296875
0.0117034912109375 0.074371337890625 0.137527465820313 -0.261398315429688
0.0434989929199219 0.0492668151855469 -0.104194641113281 0.0702667236328125
0.0373001098632813 -0.0773086547851563 0.03057861328125 0.36883544921875
0.0466766357421875 -0.07183837890625 0.37152099609375 0.46063232421875
0.0247421264648437 -0.0364761352539062 0.489990234375 0.419769287109375
0.00501251220703125 -0.0733642578125 0.518829345703125 0.48345947265625
0.00678634643554687 -0.0466995239257812 0.30072021484375 0.59246826171875
0.056549072265625 0.0104331970214844 0.09344482421875 0.47259521484375
0.0692481994628906 0.0699615478515625 -0.0365753173828125 0.268753051757813
-0.0236968994140625 0.0903244018554687 0.0097808837890625 0.116897583007813
-0.0961151123046875 0.08642578125 0.298126220703125 -0.03509521484375
-0.0419349670410156 0.01043701171875 0.6654052734375 -0.003662109375
-0.256072998046875 0.0723114013671875 0.3919677734375 -0.344940185546875
-0.190948486328125 0.1046142578125 0.51385498046875 -0.244293212890625
-0.151412963867187 0.152786254882813 0.43048095703125 -0.282806396484375
-0.0677642822265625 0.176055908203125 0.1781005859375 -0.270004272460938
-0.030426025390625 0.213973999023438 -0.124443054199219 0.0397567749023438
0.07421875 0.15362548828125 0.00213623046874998 0.334747314453125
0.188507080078125 0.151077270507813 0.34320068359375 0.433074951171875
0.164642333984375 0.207717895507813 0.45501708984375 0.3829345703125
0.182449340820312 0.189956665039062 0.506683349609375 0.427764892578125
0.0793609619140625 0.230850219726563 0.310943603515625 0.51971435546875
0.000488281250000027 0.291900634765625 0.1048583984375 0.431793212890625
-0.064788818359375 0.286346435546875 0.00241088867187501 0.260650634765625
-0.24615478515625 0.178939819335938 0.0358428955078125 0.121078491210938
-0.295135498046875 0.1539306640625 0.296173095703125 -0.0133056640625
-0.2733154296875 0.0949554443359375 0.62188720703125 0.0113525390625
-0.433990478515625 0.20294189453125 0.3016357421875 -0.2779541015625
-0.3077392578125 0.236083984375 0.494659423828125 -0.180816650390625
-0.271026611328125 0.264450073242188 0.43389892578125 -0.26971435546875
-0.166854858398437 0.270172119140625 0.182693481445313 -0.2779541015625
-0.120269775390625 0.37066650390625 -0.137992858886719 -0.00428771972656247
0.089935302734375 0.3873291015625 -0.0267486572265625 0.25390625
0.295440673828125 0.36700439453125 0.269317626953125 0.34063720703125
0.281097412109375 0.4237060546875 0.350250244140625 0.2894287109375
0.34478759765625 0.41400146484375 0.41632080078125 0.313323974609375
0.171600341796875 0.463592529296875 0.2720947265625 0.381561279296875
-0.013092041015625 0.534637451171875 0.098907470703125 0.347198486328125
-0.14715576171875 0.483428955078125 0.0422821044921875 0.239761352539063
-0.407135009765625 0.2764892578125 0.0429763793945312 0.138534545898438
-0.436614990234375 0.227691650390625 0.224807739257813 0.0365753173828125
-0.459716796875 0.182373046875 0.493255615234375 0.041412353515625
-0.5426025390625 0.286041259765625 0.144287109375 -0.18231201171875
-0.385711669921875 0.306243896484375 0.4188232421875 -0.10662841796875
-0.396026611328125 0.325103759765625 0.384918212890625 -0.2598876953125
-0.29278564453125 0.34844970703125 0.156280517578125 -0.2864990234375
-0.220367431640625 0.51434326171875 -0.14190673828125 -0.0743560791015625
0.09210205078125 0.59735107421875 -0.0589370727539062 0.114852905273438
0.362213134765625 0.54046630859375 0.149612426757813 0.182098388671875
0.3546142578125 0.57733154296875 0.19061279296875 0.150466918945313
0.4549560546875 0.56866455078125 0.2591552734375 0.163467407226563
0.24359130859375 0.61090087890625 0.179977416992188 0.2069091796875
-0.0111083984374999 0.68560791015625 0.066986083984375 0.237258911132813
-0.18402099609375 0.59661865234375 0.06671142578125 0.21038818359375
-0.47686767578125 0.337127685546875 0.0248870849609375 0.169082641601563
-0.493194580078125 0.287139892578125 0.09820556640625 0.113937377929688
-0.5687255859375 0.263427734375 0.301361083984375 0.09747314453125
-0.55535888671875 0.3006591796875 -0.0535812377929688 -0.0799560546875
-0.40374755859375 0.291534423828125 0.284820556640625 -0.030181884765625
-0.494659423828125 0.312164306640625 0.288726806640625 -0.230255126953125
-0.4117431640625 0.386260986328125 0.118927001953125 -0.285400390625
-0.2984619140625 0.60662841796875 -0.126998901367188 -0.177947998046875
0.09075927734375 0.7357177734375 -0.0994186401367188 -0.0810699462890624
0.38104248046875 0.63616943359375 -0.00463676452636716 -0.0233631134033203
0.37261962890625 0.6436767578125 0.00279998779296877 -0.0140752792358398
0.489501953125 0.63519287109375 0.0675811767578125 -0.00143814086914059
0.25836181640625 0.65264892578125 0.0606269836425781 0.0253257751464844
-0.02716064453125 0.7042236328125 0.0229721069335937 0.124496459960938
-0.19805908203125 0.58251953125 0.0713348388671875 0.184814453125
-0.449798583984375 0.321136474609375 -0.0257568359375001 0.20904541015625
-0.45660400390625 0.303009033203125 -0.0642242431640625 0.203582763671875
-0.5875244140625 0.31634521484375 0.0765380859375 0.171783447265625
-0.47271728515625 0.258148193359375 -0.254608154296875 0.000289916992187526
-0.357757568359375 0.2169189453125 0.111862182617187 0.0366439819335938
-0.51654052734375 0.2408447265625 0.176040649414062 -0.174087524414062
-0.459991455078125 0.361907958984375 0.088775634765625 -0.27850341796875
-0.3165283203125 0.595703125 -0.094024658203125 -0.301666259765625
0.0904541015625 0.747802734375 -0.14971923828125 -0.30169677734375
0.34619140625 0.6263427734375 -0.178329467773437 -0.238632202148438
0.33349609375 0.61065673828125 -0.184677124023437 -0.177047729492188
0.4366455078125 0.6046142578125 -0.11614990234375 -0.15887451171875
0.20721435546875 0.58782958984375 -0.0427169799804688 -0.137001037597656
-0.067138671875 0.59002685546875 -0.00178337097167969 0.0339145660400391
-0.191436767578125 0.44744873046875 0.058197021484375 0.178115844726563
-0.33935546875 0.236358642578125 -0.111907958984375 0.245819091796875
-0.346405029296875 0.27734375 -0.237045288085938 0.275726318359375
-0.5191650390625 0.3280029296875 -0.143264770507813 0.25213623046875
-0.313720703125 0.1837158203125 -0.425933837890625 0.0496215820312501
-0.247512817382813 0.130279541015625 -0.0589065551757813 0.0861358642578125
-0.4222412109375 0.145751953125 0.07720947265625 -0.109504699707031
-0.39727783203125 0.27093505859375 0.067169189453125 -0.271728515625
-0.2557373046875 0.466949462890625 -0.05926513671875 -0.4149169921875
0.0811157226562499 0.619384765625 -0.20745849609375 -0.492584228515625
0.254058837890625 0.51007080078125 -0.34710693359375 -0.41729736328125
0.24334716796875 0.482025146484375 -0.34344482421875 -0.3114013671875
0.312164306640625 0.4874267578125 -0.255889892578125 -0.291168212890625
0.118408203125 0.44171142578125 -0.098052978515625 -0.258544921875
-0.10302734375 0.39111328125 0.00515937805175781 -0.0198192596435547
-0.160430908203125 0.255661010742188 0.029510498046875 0.190948486328125
-0.189056396484375 0.12939453125 -0.221298217773438 0.261642456054688
-0.202850341796875 0.219482421875 -0.390869140625 0.3043212890625
-0.387237548828125 0.286468505859375 -0.32611083984375 0.32293701171875
-0.106483459472656 0.099761962890625 -0.54315185546875 0.0697326660156251
-0.0875625610351563 0.0589752197265625 -0.189117431640625 0.115219116210938
-0.2242431640625 0.0405731201171875 0.00935363769531249 -0.0603370666503906
-0.242034912109375 0.12103271484375 0.0426177978515625 -0.27020263671875
-0.146469116210938 0.242691040039062 -0.03704833984375 -0.487823486328125
0.054595947265625 0.37481689453125 -0.2694091796875 -0.610107421875
0.1187744140625 0.30780029296875 -0.48046875 -0.521514892578125
0.115158081054687 0.280502319335938 -0.45208740234375 -0.39727783203125
0.150848388671875 0.304443359375 -0.33544921875 -0.380126953125
0.0324554443359375 0.249588012695312 -0.104766845703125 -0.327911376953125
-0.106552124023438 0.174560546875 0.0316371917724609 -0.0351142883300781
-0.108291625976563 0.0769119262695312 -0.0157470703125 0.211288452148438
-0.0460777282714844 0.0349655151367188 -0.32769775390625 0.247344970703125
-0.0625686645507813 0.13336181640625 -0.504364013671875 0.289794921875
-0.206436157226562 0.191879272460938 -0.454010009765625 0.36737060546875
-0.057891845703125 -0.0718154907226562 0.43475341796875 -0.39129638671875
-0.0683670043945313 -0.0341453552246094 0.49761962890625 -0.333251953125
-0.0397567749023438 0.0312461853027344 0.369873046875 -0.344940185546875
0.0151748657226563 0.072540283203125 0.125030517578125 -0.278350830078125
0.0465164184570313 0.0474739074707031 -0.105583190917969 0.0794754028320313
0.0292434692382813 -0.0791854858398437 0.042572021484375 0.384796142578125
0.0402984619140625 -0.0730056762695313 0.400360107421875 0.459564208984375
0.0224876403808594 -0.0357208251953125 0.52203369140625 0.409271240234375
-0.000579833984374999 -0.0730361938476563 0.564208984375 0.4764404296875
0.00164794921875 -0.0451316833496094 0.34619140625 0.60455322265625
0.0552139282226563 0.00893402099609375 0.130157470703125 0.492584228515625
0.0729598999023437 0.0659103393554688 -0.01043701171875 0.291717529296875
-0.0185928344726562 0.089996337890625 0.0329360961914063 0.138534545898438
-0.088348388671875 0.0927505493164063 0.325897216796875 -0.042999267578125
-0.0402641296386719 0.0160293579101563 0.706787109375 -0.03369140625
-0.2760009765625 0.0898895263671875 0.417694091796875 -0.368896484375
-0.200637817382813 0.116668701171875 0.51953125 -0.284088134765625
-0.158187866210938 0.168563842773438 0.419921875 -0.3143310546875
-0.0671539306640625 0.187301635742188 0.167449951171875 -0.287384033203125
-0.0208282470703125 0.226715087890625 -0.126579284667969 0.0503005981445313
0.0787200927734375 0.157730102539063 0.012054443359375 0.3492431640625
0.196258544921875 0.148590087890625 0.36993408203125 0.43115234375
0.179428100585938 0.209945678710938 0.484039306640625 0.373779296875
0.195541381835938 0.188644409179688 0.550323486328125 0.41729736328125
0.0897064208984375 0.238723754882813 0.353240966796875 0.526824951171875
0.01007080078125 0.305206298828125 0.140869140625 0.448944091796875
-0.05792236328125 0.3017578125 0.0315093994140625 0.279373168945313
-0.255935668945313 0.196304321289062 0.0601272583007812 0.138587951660156
-0.30511474609375 0.170806884765625 0.323486328125 -0.02239990234375
-0.291961669921875 0.11285400390625 0.66387939453125 -0.02056884765625
-0.46728515625 0.23260498046875 0.322998046875 -0.294708251953125
-0.32568359375 0.257110595703125 0.500640869140625 -0.216033935546875
-0.286834716796875 0.29705810546875 0.426422119140625 -0.299407958984375
-0.170501708984375 0.296173095703125 0.172760009765625 -0.2962646484375
-0.107666015625 0.3985595703125 -0.142990112304687 0.00558471679687503
0.107391357421875 0.399658203125 -0.021759033203125 0.264617919921875
0.31890869140625 0.363494873046875 0.286865234375 0.3372802734375
0.310791015625 0.426116943359375 0.371826171875 0.282867431640625
0.375274658203125 0.41119384765625 0.447540283203125 0.302337646484375
0.194244384765625 0.473846435546875 0.30584716796875 0.384857177734375
0.00875854492187505 0.557891845703125 0.131195068359375 0.36077880859375
-0.134368896484375 0.514007568359375 0.072906494140625 0.254348754882813
-0.426513671875 0.31097412109375 0.0659179687499999 0.153472900390625
-0.461181640625 0.255615234375 0.247055053710937 0.0302581787109375
-0.493133544921875 0.212921142578125 0.52490234375 0.018035888671875
-0.5859375 0.31915283203125 0.1585693359375 -0.187057495117187
-0.413482666015625 0.33135986328125 0.42645263671875 -0.131439208984375
-0.42169189453125 0.37158203125 0.378021240234375 -0.2838134765625
-0.299102783203125 0.389434814453125 0.146026611328125 -0.304229736328125
-0.204498291015625 0.5556640625 -0.151718139648438 -0.0687561035156249
0.12298583984375 0.615234375 -0.0623321533203125 0.119644165039063
0.39642333984375 0.5390625 0.15704345703125 0.17938232421875
0.3958740234375 0.57861328125 0.2003173828125 0.1474609375
0.4993896484375 0.5638427734375 0.2767333984375 0.152191162109375
0.2767333984375 0.62042236328125 0.201278686523438 0.205230712890625
0.0205078125 0.71588134765625 0.0933685302734375 0.247360229492188
-0.166015625 0.63824462890625 0.0970611572265625 0.22027587890625
-0.500701904296875 0.38470458984375 0.04388427734375 0.182876586914063
-0.524658203125 0.321868896484375 0.113502502441406 0.116630554199219
-0.61065673828125 0.30126953125 0.319854736328125 0.082550048828125
-0.60272216796875 0.33056640625 -0.0501327514648438 -0.0723724365234375
-0.437103271484375 0.314971923828125 0.289825439453125 -0.044708251953125
-0.52801513671875 0.364776611328125 0.282958984375 -0.24810791015625
-0.421722412109375 0.437225341796875 0.107940673828125 -0.303985595703125
-0.27728271484375 0.6563720703125 -0.14453125 -0.178054809570312
0.1319580078125 0.7569580078125 -0.114341735839844 -0.0833358764648437
0.4210205078125 0.6348876953125 -0.0123291015625 -0.0255355834960937
0.41925048828125 0.6461181640625 -0.000456809997558568 -0.0140867233276367
0.5379638671875 0.6282958984375 0.0704879760742188 -0.00974273681640621
0.29620361328125 0.6591796875 0.0684585571289063 0.02154541015625
0.00811767578125003 0.73406982421875 0.04345703125 0.133544921875
-0.17547607421875 0.6278076171875 0.0981903076171875 0.192413330078125
-0.47332763671875 0.37030029296875 -0.012969970703125 0.224685668945313
-0.488189697265625 0.34197998046875 -0.0572509765625 0.218612670898438
-0.62841796875 0.358154296875 0.0805206298828125 0.169326782226563
-0.516998291015625 0.279296875 -0.26409912109375 0.017364501953125
-0.39300537109375 0.235198974609375 0.1121826171875 0.0306243896484375
-0.549957275390625 0.294586181640625 0.168289184570312 -0.187042236328125
-0.470733642578125 0.41424560546875 0.073974609375 -0.296173095703125
-0.2972412109375 0.644775390625 -0.118988037109375 -0.309051513671875
0.1331787109375 0.7694091796875 -0.179107666015625 -0.3094482421875
0.38671875 0.62744140625 -0.202789306640625 -0.239593505859375
0.379150390625 0.612060546875 -0.199951171875 -0.172943115234375
0.48297119140625 0.59539794921875 -0.127593994140625 -0.163894653320313
0.2403564453125 0.59417724609375 -0.04705810546875 -0.141754150390625
-0.03656005859375 0.6182861328125 0.0118141174316406 0.0399436950683594
-0.17510986328125 0.48626708984375 0.080474853515625 0.1842041015625
-0.362701416015625 0.277313232421875 -0.104049682617188 0.265304565429688
-0.374420166015625 0.308563232421875 -0.2364501953125 0.3035888671875
-0.5538330078125 0.3656005859375 -0.152374267578125 0.263015747070313
-0.348419189453125 0.19696044921875 -0.448760986328125 0.0717773437499999
-0.276519775390625 0.1419677734375 -0.0662765502929688 0.086822509765625
-0.449676513671875 0.188568115234375 0.0673599243164062 -0.119132995605469
-0.404205322265625 0.313262939453125 0.047119140625 -0.289764404296875
-0.240753173828125 0.504974365234375 -0.09136962890625 -0.42816162109375
0.11944580078125 0.634521484375 -0.249420166015625 -0.503509521484375
0.2886962890625 0.511993408203125 -0.38507080078125 -0.416473388671875
0.27813720703125 0.483123779296875 -0.3702392578125 -0.304229736328125
0.349822998046875 0.481597900390625 -0.278961181640625 -0.29278564453125
0.1434326171875 0.446075439453125 -0.111068725585937 -0.264617919921875
-0.08343505859375 0.414306640625 0.0148277282714844 -0.0168743133544922
-0.1524658203125 0.284637451171875 0.0479278564453125 0.196823120117188
-0.209243774414062 0.155319213867188 -0.216827392578125 0.285064697265625
-0.223800659179687 0.238906860351563 -0.396575927734375 0.34417724609375
-0.411102294921875 0.314727783203125 -0.346221923828125 0.344818115234375
-0.124618530273437 0.10174560546875 -0.573486328125 0.0951538085937501
-0.102928161621094 0.0632781982421875 -0.20367431640625 0.118972778320313
-0.2391357421875 0.065093994140625 -0.00339126586914063 -0.0696640014648438
-0.244888305664062 0.1473388671875 0.018341064453125 -0.28662109375
-0.137847900390625 0.263290405273438 -0.074554443359375 -0.50592041015625
0.079376220703125 0.38262939453125 -0.31878662109375 -0.62176513671875
0.139495849609375 0.308990478515625 -0.527557373046875 -0.51513671875
0.13531494140625 0.281890869140625 -0.487060546875 -0.385894775390625
0.174072265625 0.30255126953125 -0.36529541015625 -0.37884521484375
0.0468902587890625 0.253402709960938 -0.121551513671875 -0.3360595703125
-0.097869873046875 0.187942504882813 0.0388031005859375 -0.0367164611816406
-0.107421875 0.093292236328125 -0.000198364257812513 0.2174072265625
-0.0594902038574219 0.0441856384277344 -0.32733154296875 0.2735595703125
-0.073974609375 0.13970947265625 -0.513916015625 0.3341064453125
-0.217498779296875 0.206222534179688 -0.479400634765625 0.398529052734375
-0.0648269653320313 -0.065460205078125 0.439849853515625 -0.43475341796875
-0.0719451904296875 -0.0313796997070313 0.478515625 -0.380889892578125
-0.0405387878417969 0.0331573486328125 0.3408203125 -0.379974365234375
0.0187759399414063 0.0714263916015625 0.1036376953125 -0.295135498046875
0.0504417419433594 0.0450515747070313 -0.102401733398438 0.0900726318359375
0.0197906494140625 -0.0797805786132813 0.066009521484375 0.396881103515625
0.0322341918945313 -0.0735549926757812 0.43792724609375 0.44207763671875
0.0203437805175781 -0.0352554321289063 0.559417724609375 0.380462646484375
-0.00696563720703126 -0.0715484619140625 0.61309814453125 0.44281005859375
-0.00353622436523438 -0.0421371459960938 0.405517578125 0.59539794921875
0.0548667907714844 0.00730133056640625 0.17657470703125 0.49700927734375
0.07684326171875 0.0597305297851563 0.02313232421875 0.304290771484375
-0.0126571655273437 0.088836669921875 0.0621185302734375 0.148574829101563
-0.0787429809570312 0.0988006591796875 0.345428466796875 -0.067962646484375
-0.0364456176757813 0.0212135314941406 0.73333740234375 -0.092041015625
-0.2869873046875 0.11773681640625 0.42291259765625 -0.40838623046875
-0.2044677734375 0.13458251953125 0.506317138671875 -0.332275390625
-0.156341552734375 0.190139770507813 0.395263671875 -0.351470947265625
-0.0595855712890625 0.199539184570312 0.14825439453125 -0.307281494140625
-0.00430297851562502 0.236526489257813 -0.125755310058594 0.0624160766601563
0.087615966796875 0.158218383789062 0.031829833984375 0.361297607421875
0.206512451171875 0.139801025390625 0.403045654296875 0.4149169921875
0.198333740234375 0.203262329101563 0.51617431640625 0.34747314453125
0.212081909179687 0.179763793945313 0.59320068359375 0.383544921875
0.105758666992187 0.242324829101563 0.40606689453125 0.514556884765625
0.02978515625 0.315399169921875 0.185699462890625 0.45147705078125
-0.041534423828125 0.314971923828125 0.06756591796875 0.28778076171875
-0.255126953125 0.220840454101563 0.0888824462890625 0.1451416015625
-0.30523681640625 0.196624755859375 0.342620849609375 -0.04742431640625
-0.299652099609375 0.14117431640625 0.68927001953125 -0.07666015625
-0.4818115234375 0.27764892578125 0.328704833984375 -0.323944091796875
-0.330963134765625 0.28948974609375 0.492034912109375 -0.259002685546875
-0.284576416015625 0.3372802734375 0.40478515625 -0.333221435546875
-0.159149169921875 0.3243408203125 0.153411865234375 -0.316864013671875
-0.077911376953125 0.422088623046875 -0.14593505859375 0.0181884765625
0.135223388671875 0.40185546875 -0.00932312011718747 0.27410888671875
0.345550537109375 0.34954833984375 0.31231689453125 0.324493408203125
0.348419189453125 0.413360595703125 0.3953857421875 0.2628173828125
0.41162109375 0.3902587890625 0.4803466796875 0.27099609375
0.2286376953125 0.47393798828125 0.34454345703125 0.37030029296875
0.0485229492187499 0.5762939453125 0.170928955078125 0.361053466796875
-0.10296630859375 0.542999267578125 0.109054565429688 0.255157470703125
-0.42718505859375 0.3575439453125 0.0928955078125 0.157272338867188
-0.467437744140625 0.29888916015625 0.26507568359375 0.0117645263671875
-0.50946044921875 0.261962890625 0.546234130859375 -0.028045654296875
-0.60595703125 0.3734130859375 0.164199829101562 -0.199752807617187
-0.421142578125 0.372467041015625 0.423126220703125 -0.165771484375
-0.420135498046875 0.43133544921875 0.361480712890625 -0.312347412109375
-0.28582763671875 0.433563232421875 0.126953125 -0.323272705078125
-0.1630859375 0.59320068359375 -0.161453247070313 -0.0565338134765624
0.169189453125 0.62103271484375 -0.0619430541992188 0.126182556152344
0.439910888671875 0.521331787109375 0.167572021484375 0.17193603515625
0.4481201171875 0.56298828125 0.212936401367188 0.137100219726563
0.550201416015625 0.535003662109375 0.29388427734375 0.130340576171875
0.322998046875 0.6165771484375 0.224441528320313 0.193572998046875
0.0745239257812499 0.73388671875 0.125442504882813 0.248306274414063
-0.12237548828125 0.67535400390625 0.130340576171875 0.217330932617188
-0.49993896484375 0.44384765625 0.06683349609375 0.188644409179688
-0.533599853515625 0.37701416015625 0.12884521484375 0.111312866210938
-0.62835693359375 0.36614990234375 0.332611083984375 0.055908203125
-0.626708984375 0.38592529296875 -0.0467300415039063 -0.0670166015625
-0.452484130859375 0.358856201171875 0.29010009765625 -0.066497802734375
-0.529815673828125 0.43707275390625 0.269302368164062 -0.268753051757813
-0.405548095703125 0.494293212890625 0.08648681640625 -0.320068359375
-0.23138427734375 0.70257568359375 -0.163589477539063 -0.16888427734375
0.19171142578125 0.76397705078125 -0.131576538085938 -0.078460693359375
0.47216796875 0.6153564453125 -0.020853042602539 -0.0258064270019531
0.47674560546875 0.6295166015625 -0.00310993194580075 -0.0122556686401367
0.59442138671875 0.59613037109375 0.0692863464355469 -0.020233154296875
0.345703125 0.65264892578125 0.0739974975585938 0.0141754150390625
0.0642700195312499 0.7532958984375 0.0658721923828125 0.134628295898438
-0.13031005859375 0.66412353515625 0.12738037109375 0.188095092773438
-0.47210693359375 0.43206787109375 0.00662231445312498 0.235610961914063
-0.495391845703125 0.39849853515625 -0.042938232421875 0.231414794921875
-0.64483642578125 0.42401123046875 0.086273193359375 0.164932250976563
-0.54266357421875 0.326629638671875 -0.266830444335938 0.0399932861328125
-0.41229248046875 0.27166748046875 0.112152099609375 0.0225143432617188
-0.55731201171875 0.36566162109375 0.15625 -0.199081420898437
-0.45501708984375 0.473388671875 0.04949951171875 -0.30963134765625
-0.25067138671875 0.68975830078125 -0.150665283203125 -0.303436279296875
0.195068359375 0.77423095703125 -0.214508056640625 -0.30560302734375
0.43634033203125 0.6072998046875 -0.22967529296875 -0.230010986328125
0.4310302734375 0.59576416015625 -0.218048095703125 -0.160858154296875
0.5369873046875 0.56683349609375 -0.144668579101562 -0.162078857421875
0.28515625 0.58660888671875 -0.05657958984375 -0.143722534179687
0.01123046875 0.637939453125 0.026702880859375 0.0414009094238282
-0.136688232421875 0.520263671875 0.106475830078125 0.1807861328125
-0.364227294921875 0.328155517578125 -0.08685302734375 0.28369140625
-0.38128662109375 0.354888916015625 -0.222503662109375 0.335113525390625
-0.5640869140625 0.4248046875 -0.150360107421875 0.281951904296875
-0.369659423828125 0.227630615234375 -0.45904541015625 0.108978271484375
-0.293701171875 0.168121337890625 -0.0692672729492188 0.0900039672851563
-0.45538330078125 0.244659423828125 0.05450439453125 -0.126144409179688
-0.39208984375 0.361968994140625 0.020294189453125 -0.29962158203125
-0.204498291015625 0.539764404296875 -0.13372802734375 -0.42901611328125
0.1719970703125 0.6357421875 -0.30029296875 -0.500274658203125
0.331298828125 0.497955322265625 -0.429779052734375 -0.395751953125
0.32135009765625 0.4715576171875 -0.399383544921875 -0.2833251953125
0.39239501953125 0.45977783203125 -0.308685302734375 -0.280548095703125
0.176666259765625 0.439849853515625 -0.130722045898437 -0.264694213867188
-0.050445556640625 0.430023193359375 0.0238857269287109 -0.0177478790283203
-0.12957763671875 0.310028076171875 0.070831298828125 0.195220947265625
-0.214630126953125 0.188629150390625 -0.201873779296875 0.3109130859375
-0.22998046875 0.268783569335937 -0.381439208984375 0.389801025390625
-0.416351318359375 0.358001708984375 -0.346832275390625 0.382843017578125
-0.136734008789063 0.114051818847656 -0.59228515625 0.14166259765625
-0.111640930175781 0.0738372802734375 -0.210952758789063 0.131027221679687
-0.241836547851563 0.095733642578125 -0.0167312622070313 -0.0721359252929687
-0.237762451171875 0.176544189453125 -0.012359619140625 -0.2930908203125
-0.117950439453125 0.28125 -0.123687744140625 -0.50799560546875
0.11199951171875 0.38189697265625 -0.37872314453125 -0.6136474609375
0.16583251953125 0.302154541015625 -0.58038330078125 -0.4886474609375
0.159454345703125 0.275177001953125 -0.52288818359375 -0.35906982421875
0.200775146484375 0.290802001953125 -0.4019775390625 -0.3616943359375
0.06634521484375 0.250701904296875 -0.147186279296875 -0.33636474609375
-0.0818023681640625 0.1995849609375 0.0450325012207031 -0.0408172607421875
-0.09967041015625 0.108177185058594 0.0207366943359375 0.218673706054688
-0.0668601989746094 0.0581855773925781 -0.313751220703125 0.305419921875
-0.0779266357421875 0.151596069335938 -0.50018310546875 0.389801025390625
-0.218276977539063 0.228042602539063 -0.4820556640625 0.44622802734375
-0.0692825317382813 -0.0568046569824219 0.42034912109375 -0.472381591796875
-0.0748291015625 -0.0264968872070313 0.44097900390625 -0.41717529296875
-0.0399513244628906 0.0348167419433594 0.299407958984375 -0.3997802734375
0.0216712951660156 0.0691757202148438 0.0765380859375 -0.303619384765625
0.0526390075683594 0.0404472351074219 -0.096435546875 0.0972137451171875
0.00978088378906251 -0.0767974853515625 0.09259033203125 0.39691162109375
0.0246810913085938 -0.0709609985351563 0.4652099609375 0.40704345703125
0.0175819396972656 -0.0343074798583984 0.5811767578125 0.33502197265625
-0.0133857727050781 -0.0678825378417969 0.64532470703125 0.38885498046875
-0.00766372680664063 -0.0373001098632813 0.4530029296875 0.5615234375
0.0535621643066406 0.00618743896484375 0.22052001953125 0.481231689453125
0.0784149169921875 0.0527877807617188 0.056732177734375 0.3018798828125
-0.0070648193359375 0.08599853515625 0.0887451171875 0.145889282226563
-0.0672683715820312 0.101692199707031 0.34918212890625 -0.097869873046875
-0.0314464569091797 0.0248947143554687 0.72760009765625 -0.15692138671875
-0.284210205078125 0.146514892578125 0.40478515625 -0.44451904296875
-0.19964599609375 0.152053833007813 0.468505859375 -0.370635986328125
-0.145355224609375 0.207046508789063 0.3570556640625 -0.375579833984375
-0.0463104248046875 0.207550048828125 0.1204833984375 -0.319000244140625
0.0154266357421875 0.237060546875 -0.120292663574219 0.0729522705078125
0.0963134765625 0.152908325195312 0.054840087890625 0.361572265625
0.212158203125 0.127044677734375 0.4266357421875 0.3819580078125
0.212478637695313 0.189071655273438 0.535888671875 0.305419921875
0.222579956054687 0.163177490234375 0.61767578125 0.3314208984375
0.12103271484375 0.236785888671875 0.446136474609375 0.479461669921875
0.05206298828125 0.315948486328125 0.226104736328125 0.434417724609375
-0.019073486328125 0.319366455078125 0.099884033203125 0.279449462890625
-0.2432861328125 0.241653442382813 0.113433837890625 0.139556884765625
-0.292938232421875 0.219512939453125 0.346160888671875 -0.077484130859375
-0.292633056640625 0.169036865234375 0.6842041015625 -0.1363525390625
-0.472198486328125 0.32208251953125 0.316009521484375 -0.352264404296875
-0.3192138671875 0.31793212890625 0.4632568359375 -0.295684814453125
-0.26214599609375 0.37237548828125 0.371307373046875 -0.35723876953125
-0.136199951171875 0.343414306640625 0.126220703125 -0.32861328125
-0.040679931640625 0.429962158203125 -0.143417358398438 0.0312652587890625
0.16278076171875 0.389678955078125 0.00599670410156249 0.27685546875
0.36517333984375 0.3216552734375 0.32867431640625 0.2989501953125
0.3780517578125 0.385528564453125 0.4102783203125 0.230804443359375
0.435791015625 0.355621337890625 0.495635986328125 0.22796630859375
0.260162353515625 0.456024169921875 0.37481689453125 0.340362548828125
0.0903930664062499 0.57305908203125 0.204559326171875 0.345672607421875
-0.060546875 0.55181884765625 0.139053344726562 0.243179321289063
-0.40631103515625 0.39666748046875 0.114700317382812 0.151458740234375
-0.451934814453125 0.3387451171875 0.269943237304688 -0.0112762451171875
-0.498199462890625 0.3115234375 0.5411376953125 -0.0771484375
-0.59478759765625 0.42962646484375 0.160202026367187 -0.213241577148437
-0.40765380859375 0.410003662109375 0.402984619140625 -0.197052001953125
-0.390716552734375 0.48199462890625 0.333465576171875 -0.333251953125
-0.252777099609375 0.46453857421875 0.099853515625 -0.33282470703125
-0.109375 0.60736083984375 -0.1649169921875 -0.0413665771484375
0.21539306640625 0.60382080078125 -0.059295654296875 0.131546020507813
0.470977783203125 0.4827880859375 0.17462158203125 0.15814208984375
0.487884521484375 0.52496337890625 0.219696044921875 0.12060546875
0.583984375 0.48614501953125 0.298370361328125 0.1021728515625
0.36529541015625 0.58966064453125 0.239089965820313 0.17303466796875
0.1287841796875 0.7269287109375 0.1522216796875 0.235626220703125
-0.06707763671875 0.68524169921875 0.157119750976563 0.202194213867188
-0.47222900390625 0.495391845703125 0.0876617431640625 0.184646606445313
-0.515289306640625 0.426727294921875 0.139152526855469 0.100189208984375
-0.61181640625 0.42669677734375 0.331268310546875 0.02447509765625
-0.61767578125 0.44329833984375 -0.0433807373046875 -0.0626754760742187
-0.441925048828125 0.39910888671875 0.28033447265625 -0.087738037109375
-0.499725341796875 0.49859619140625 0.2479248046875 -0.283416748046875
-0.365936279296875 0.535888671875 0.05963134765625 -0.326263427734375
-0.16876220703125 0.72064208984375 -0.177261352539062 -0.151824951171875
0.2493896484375 0.741455078125 -0.14453125 -0.0674591064453125
0.51220703125 0.57342529296875 -0.0272750854492187 -0.0235176086425781
0.52069091796875 0.584716796875 -0.00475215911865231 -0.0111522674560547
0.63323974609375 0.54022216796875 0.0631370544433594 -0.0289382934570312
0.389404296875 0.62078857421875 0.0751419067382813 0.00611114501953129
0.1234130859375 0.744873046875 0.0857620239257813 0.127174377441406
-0.074951171875 0.67474365234375 0.15093994140625 0.172821044921875
-0.444610595703125 0.483489990234375 0.028350830078125 0.237319946289063
-0.476654052734375 0.44647216796875 -0.02435302734375 0.236862182617188
-0.624755859375 0.48870849609375 0.09130859375 0.157058715820313
-0.538818359375 0.376800537109375 -0.258880615234375 0.0621185302734375
-0.408416748046875 0.3106689453125 0.109375 0.0130691528320313
-0.530364990234375 0.427642822265625 0.1402587890625 -0.206756591796875
-0.415771484375 0.51739501953125 0.02294921875 -0.3106689453125
-0.188232421875 0.70941162109375 -0.175506591796875 -0.2855224609375
0.25372314453125 0.7493896484375 -0.243927001953125 -0.287139892578125
0.47698974609375 0.56768798828125 -0.2503662109375 -0.210556030273437
0.473846435546875 0.55438232421875 -0.228195190429687 -0.141708374023438
0.57489013671875 0.5159912109375 -0.159576416015625 -0.151229858398438
0.324432373046875 0.558624267578125 -0.065765380859375 -0.141159057617187
0.0637817382812499 0.63214111328125 0.0400390625 0.0374565124511719
-0.090423583984375 0.53277587890625 0.127548217773438 0.167434692382813
-0.34295654296875 0.370452880859375 -0.06365966796875 0.293426513671875
-0.36566162109375 0.395416259765625 -0.195068359375 0.356658935546875
-0.543975830078125 0.47998046875 -0.13897705078125 0.295684814453125
-0.369476318359375 0.262176513671875 -0.4495849609375 0.146697998046875
-0.293182373046875 0.194915771484375 -0.0683059692382813 0.0917892456054688
-0.4356689453125 0.2955322265625 0.0426712036132812 -0.127410888671875
-0.359588623046875 0.398712158203125 -0.00747680664062503 -0.29583740234375
-0.15777587890625 0.556427001953125 -0.169281005859375 -0.4093017578125
0.22222900390625 0.6143798828125 -0.345550537109375 -0.472900390625
0.365081787109375 0.46630859375 -0.46099853515625 -0.35906982421875
0.353057861328125 0.440673828125 -0.4163818359375 -0.24896240234375
0.4239501953125 0.420501708984375 -0.33050537109375 -0.253997802734375
0.20684814453125 0.420379638671875 -0.14984130859375 -0.254745483398438
-0.01275634765625 0.430267333984375 0.0318641662597656 -0.0215682983398437
-0.09893798828125 0.322113037109375 0.0908966064453125 0.184783935546875
-0.205062866210938 0.21832275390625 -0.1771240234375 0.328125
-0.21929931640625 0.294952392578125 -0.348236083984375 0.42578125
-0.39862060546875 0.397216796875 -0.328216552734375 0.413726806640625
-0.139305114746094 0.127792358398438 -0.583740234375 0.1898193359375
-0.111961364746094 0.085357666015625 -0.208145141601563 0.143356323242188
-0.231216430664062 0.122940063476563 -0.0274810791015625 -0.0704803466796875
-0.219009399414062 0.1990966796875 -0.040618896484375 -0.28485107421875
-0.092254638671875 0.289581298828125 -0.165557861328125 -0.4893798828125
0.1435546875 0.365966796875 -0.4298095703125 -0.578857421875
0.1878662109375 0.28399658203125 -0.6181640625 -0.4384765625
0.17877197265625 0.25860595703125 -0.54376220703125 -0.315948486328125
0.221939086914062 0.269058227539063 -0.4267578125 -0.3258056640625
0.0831451416015625 0.239410400390625 -0.170684814453125 -0.324127197265625
-0.063079833984375 0.202987670898437 0.0489921569824219 -0.0469398498535156
-0.0862197875976562 0.117874145507813 0.0403289794921875 0.212142944335938
-0.0665740966796875 0.071990966796875 -0.287109375 0.33050537109375
-0.07440185546875 0.161895751953125 -0.462615966796875 0.434844970703125
-0.206283569335937 0.247207641601563 -0.45806884765625 0.4896240234375
-0.0710525512695313 -0.0485000610351563 0.395538330078125 -0.49334716796875
-0.0764617919921875 -0.0215225219726562 0.40374755859375 -0.4306640625
-0.0396003723144531 0.0367240905761719 0.265106201171875 -0.402435302734375
0.0227775573730469 0.0674552917480469 0.05352783203125 -0.303436279296875
0.0536575317382813 0.0366058349609375 -0.0901412963867188 0.1005859375
0.00305938720703125 -0.0723114013671875 0.1112060546875 0.389923095703125
0.0193405151367187 -0.0660438537597656 0.47601318359375 0.374237060546875
0.0162410736083984 -0.0328426361083984 0.58135986328125 0.29522705078125
-0.0173683166503906 -0.0632553100585938 0.65167236328125 0.33929443359375
-0.00911140441894531 -0.0327091217041016 0.477325439453125 0.5220947265625
0.0522689819335938 0.00602340698242187 0.244354248046875 0.458343505859375
0.0775680541992188 0.0480575561523438 0.080230712890625 0.291229248046875
-0.0047760009765625 0.0813751220703125 0.107818603515625 0.137290954589844
-0.0575714111328125 0.100059509277344 0.3433837890625 -0.11871337890625
-0.0264930725097656 0.0254154205322266 0.70458984375 -0.202392578125
-0.275177001953125 0.1661376953125 0.37933349609375 -0.462432861328125
-0.192230224609375 0.162887573242188 0.431793212890625 -0.387359619140625
-0.132308959960937 0.217575073242188 0.322021484375 -0.381805419921875
-0.035125732421875 0.2093505859375 0.09613037109375 -0.320068359375
0.0302734375 0.2308349609375 -0.113670349121094 0.078521728515625
0.0997161865234375 0.146316528320313 0.07135009765625 0.35650634765625
0.2109375 0.11566162109375 0.435882568359375 0.35205078125
0.218551635742187 0.174728393554688 0.53564453125 0.26849365234375
0.224365234375 0.147674560546875 0.61962890625 0.28424072265625
0.131195068359375 0.228851318359375 0.466705322265625 0.444183349609375
0.067626953125 0.309356689453125 0.247802734375 0.412994384765625
-0.00225830078125002 0.3153076171875 0.121536254882813 0.265609741210938
-0.230804443359375 0.252197265625 0.129257202148437 0.129600524902344
-0.27777099609375 0.231597900390625 0.34039306640625 -0.09967041015625
-0.279632568359375 0.187515258789062 0.65997314453125 -0.17962646484375
-0.45599365234375 0.3531494140625 0.2979736328125 -0.367523193359375
-0.304351806640625 0.334259033203125 0.42919921875 -0.31207275390625
-0.236358642578125 0.39068603515625 0.338775634765625 -0.36529541015625
-0.1138916015625 0.350738525390625 0.1021728515625 -0.329437255859375
-0.010986328125 0.423370361328125 -0.138442993164063 0.0397415161132813
0.179107666015625 0.37347412109375 0.016693115234375 0.274627685546875
0.3704833984375 0.29638671875 0.3349609375 0.2747802734375
0.389862060546875 0.355682373046875 0.4091796875 0.203155517578125
0.443115234375 0.322540283203125 0.494415283203125 0.190521240234375
0.279388427734375 0.43414306640625 0.385406494140625 0.3104248046875
0.11962890625 0.558563232421875 0.2239990234375 0.325469970703125
-0.0284423828125 0.546875 0.157424926757813 0.225982666015625
-0.38153076171875 0.420135498046875 0.12860107421875 0.142044067382813
-0.429656982421875 0.361541748046875 0.266708374023438 -0.029571533203125
-0.47674560546875 0.343963623046875 0.52166748046875 -0.11212158203125
-0.571044921875 0.4661865234375 0.152420043945312 -0.220565795898437
-0.388153076171875 0.431915283203125 0.37786865234375 -0.2144775390625
-0.355712890625 0.50994873046875 0.3076171875 -0.341827392578125
-0.221466064453125 0.4774169921875 0.077728271484375 -0.332733154296875
-0.06671142578125 0.60186767578125 -0.163497924804688 -0.0286254882812499
0.2427978515625 0.57647705078125 -0.0568084716796875 0.135200500488281
0.482025146484375 0.446319580078125 0.175125122070313 0.1455078125
0.50518798828125 0.48504638671875 0.219100952148438 0.106216430664063
0.59503173828125 0.43927001953125 0.29315185546875 0.080291748046875
0.38671875 0.55718994140625 0.243118286132813 0.153945922851563
0.166259765625 0.70654296875 0.16717529296875 0.220108032226563
-0.02471923828125 0.67779541015625 0.17236328125 0.183609008789063
-0.43939208984375 0.5240478515625 0.101318359375 0.177703857421875
-0.485992431640625 0.4559326171875 0.142837524414062 0.0899505615234375
-0.5849609375 0.46612548828125 0.3203125 0.00213623046875003
-0.59503173828125 0.4814453125 -0.0398941040039063 -0.0600624084472656
-0.423492431640625 0.422607421875 0.265426635742188 -0.101287841796875
-0.46002197265625 0.53570556640625 0.22900390625 -0.28814697265625
-0.32696533203125 0.55474853515625 0.039825439453125 -0.3231201171875
-0.11822509765625 0.71636962890625 -0.181976318359375 -0.135040283203125
0.28466796875 0.70721435546875 -0.1522216796875 -0.055908203125
0.52642822265625 0.531097412109375 -0.0320873260498047 -0.0203933715820312
0.54071044921875 0.540374755859375 -0.00567436218261716 -0.0100040435791015
0.64617919921875 0.48870849609375 0.0565948486328125 -0.0328102111816406
0.41046142578125 0.585693359375 0.0740966796875 -0.000267028808593714
0.163818359375 0.72161865234375 0.0975875854492188 0.116989135742188
-0.02899169921875 0.665771484375 0.164291381835938 0.155899047851563
-0.41131591796875 0.51385498046875 0.04315185546875 0.2349853515625
-0.448394775390625 0.47540283203125 -0.0102386474609375 0.23541259765625
-0.593994140625 0.5274658203125 0.090606689453125 0.150115966796875
-0.520782470703125 0.40966796875 -0.246536254882813 0.0755920410156251
-0.39373779296875 0.33306884765625 0.103706359863281 0.00499725341796877
-0.491546630859375 0.4654541015625 0.127822875976562 -0.207916259765625
-0.373992919921875 0.538970947265625 0.00442504882812496 -0.3040771484375
-0.13885498046875 0.7052001953125 -0.187896728515625 -0.263778686523437
0.2906494140625 0.71435546875 -0.262344360351562 -0.266311645507812
0.4942626953125 0.5274658203125 -0.260162353515625 -0.190582275390625
0.4932861328125 0.5147705078125 -0.229598999023438 -0.125244140625
0.58575439453125 0.4658203125 -0.166946411132812 -0.1385498046875
0.344940185546875 0.525543212890625 -0.0732650756835938 -0.136154174804688
0.10028076171875 0.61248779296875 0.0494194030761719 0.0307655334472657
-0.0521240234375 0.52557373046875 0.139907836914063 0.151885986328125
-0.31842041015625 0.397979736328125 -0.045501708984375 0.295257568359375
-0.341400146484375 0.419677734375 -0.1695556640625 0.36505126953125
-0.5146484375 0.513153076171875 -0.126739501953125 0.30255126953125
-0.360260009765625 0.285247802734375 -0.4320068359375 0.170166015625
-0.286041259765625 0.211761474609375 -0.068115234375 0.0921783447265625
-0.40618896484375 0.324432373046875 0.0336990356445312 -0.125373840332031
-0.325286865234375 0.417938232421875 -0.02490234375 -0.28631591796875
-0.1177978515625 0.552337646484375 -0.1878662109375 -0.38482666015625
0.2518310546875 0.58306884765625 -0.3702392578125 -0.442291259765625
0.3797607421875 0.43048095703125 -0.472747802734375 -0.323455810546875
0.369476318359375 0.407440185546875 -0.419189453125 -0.218780517578125
0.43536376953125 0.3814697265625 -0.337646484375 -0.227813720703125
0.222503662109375 0.3980712890625 -0.15924072265625 -0.241851806640625
0.013702392578125 0.41864013671875 0.0377311706542969 -0.0264892578125
-0.0736083984375 0.3206787109375 0.102951049804687 0.172149658203125
-0.190338134765625 0.23779296875 -0.15447998046875 0.336334228515625
-0.20361328125 0.3095703125 -0.31280517578125 0.44207763671875
-0.3734130859375 0.42041015625 -0.3048095703125 0.43182373046875
-0.13665771484375 0.136672973632813 -0.56268310546875 0.22064208984375
-0.109344482421875 0.0925750732421875 -0.203964233398438 0.149810791015625
-0.215103149414062 0.1397705078125 -0.0351142883300781 -0.0659904479980469
-0.198837280273438 0.20965576171875 -0.05780029296875 -0.27069091796875
-0.072601318359375 0.28790283203125 -0.191314697265625 -0.4632568359375
0.16180419921875 0.3460693359375 -0.458709716796875 -0.539886474609375
0.19781494140625 0.264633178710938 -0.63018798828125 -0.39007568359375
0.188064575195312 0.240493774414063 -0.545318603515625 -0.275848388671875
0.230422973632813 0.245681762695313 -0.4344482421875 -0.292022705078125
0.0925750732421875 0.2261962890625 -0.184967041015625 -0.308746337890625
-0.04833984375 0.199386596679688 0.0512924194335938 -0.0515708923339844
-0.0738677978515625 0.120643615722656 0.053466796875 0.201522827148438
-0.063018798828125 0.0823287963867188 -0.26141357421875 0.34149169921875
-0.069366455078125 0.167587280273438 -0.4229736328125 0.45806884765625
-0.193252563476563 0.256546020507812 -0.428131103515625 0.514495849609375
-0.0711441040039063 -0.0426254272460938 0.378570556640625 -0.501434326171875
-0.0771865844726562 -0.0168304443359375 0.37811279296875 -0.433258056640625
-0.0395584106445313 0.0386581420898437 0.23992919921875 -0.3994140625
0.0242805480957031 0.0672836303710938 0.038116455078125 -0.30194091796875
0.0529899597167969 0.0336990356445313 -0.0868301391601563 0.101814270019531
-0.00250625610351563 -0.0679817199707031 0.123626708984375 0.3846435546875
0.0169639587402344 -0.0615921020507813 0.476898193359375 0.351531982421875
0.0152549743652344 -0.0317955017089844 0.57598876953125 0.26904296875
-0.0191307067871094 -0.0588760375976562 0.6480712890625 0.31005859375
-0.00921249389648438 -0.0289096832275391 0.48944091796875 0.4964599609375
0.0517807006835938 0.00693893432617188 0.2564697265625 0.442779541015625
0.0769271850585938 0.0455245971679687 0.09344482421875 0.281982421875
-0.00463104248046875 0.0782241821289063 0.119422912597656 0.129348754882813
-0.0518722534179687 0.09710693359375 0.337677001953125 -0.1331787109375
-0.0231342315673828 0.0256023406982422 0.68145751953125 -0.23004150390625
-0.26751708984375 0.179489135742188 0.36468505859375 -0.470916748046875
-0.18768310546875 0.170578002929688 0.40673828125 -0.391204833984375
-0.122879028320312 0.223953247070313 0.30035400390625 -0.37994384765625
-0.0268707275390625 0.21112060546875 0.0799560546875 -0.319732666015625
0.0393829345703125 0.225433349609375 -0.109260559082031 0.0815811157226563
0.0993499755859375 0.141159057617188 0.080657958984375 0.353759765625
0.208908081054688 0.109329223632813 0.436004638671875 0.332122802734375
0.220687866210937 0.16522216796875 0.5306396484375 0.245635986328125
0.22442626953125 0.138519287109375 0.61468505859375 0.25518798828125
0.136260986328125 0.223526000976563 0.474609375 0.420013427734375
0.076171875 0.3050537109375 0.25970458984375 0.39727783203125
0.00723266601562502 0.3116455078125 0.133026123046875 0.255035400390625
-0.222564697265625 0.259048461914062 0.139801025390625 0.121971130371094
-0.267044067382813 0.236907958984375 0.334197998046875 -0.114501953125
-0.270477294921875 0.198043823242188 0.6387939453125 -0.205078125
-0.440460205078125 0.371917724609375 0.285186767578125 -0.374725341796875
-0.294708251953125 0.34423828125 0.4053955078125 -0.319366455078125
-0.2181396484375 0.402313232421875 0.31854248046875 -0.3671875
-0.09930419921875 0.354217529296875 0.08612060546875 -0.32904052734375
0.00634765625000004 0.415313720703125 -0.1337890625 0.0452194213867188
0.184661865234375 0.358917236328125 0.02227783203125 0.274078369140625
0.36932373046875 0.280517578125 0.3358154296875 0.259613037109375
0.395477294921875 0.336883544921875 0.404449462890625 0.185516357421875
0.443145751953125 0.301605224609375 0.487091064453125 0.16949462890625
0.286102294921875 0.419464111328125 0.38995361328125 0.291748046875
0.135162353515625 0.54705810546875 0.233306884765625 0.31256103515625
-0.00946044921875006 0.5400390625 0.167938232421875 0.212905883789063
-0.3656005859375 0.431793212890625 0.137992858886719 0.135284423828125
-0.414154052734375 0.374053955078125 0.26324462890625 -0.04132080078125
-0.46197509765625 0.3621826171875 0.5035400390625 -0.131439208984375
-0.5535888671875 0.489349365234375 0.147506713867187 -0.224929809570312
-0.37689208984375 0.4443359375 0.35980224609375 -0.220855712890625
-0.329345703125 0.525634765625 0.291412353515625 -0.343719482421875
-0.196929931640625 0.48455810546875 0.063568115234375 -0.331512451171875
-0.0408935546875 0.593505859375 -0.160369873046875 -0.0210876464843749
0.255126953125 0.555877685546875 -0.0562591552734375 0.138107299804688
0.48321533203125 0.423065185546875 0.173492431640625 0.13787841796875
0.51055908203125 0.46014404296875 0.216461181640625 0.09735107421875
0.59539794921875 0.4088134765625 0.286529541015625 0.068328857421875
0.39453125 0.53680419921875 0.243515014648438 0.1422119140625
0.18829345703125 0.68963623046875 0.175384521484375 0.209609985351563
-0.00103759765625002 0.66571044921875 0.18072509765625 0.170440673828125
-0.417999267578125 0.539154052734375 0.11053466796875 0.173110961914063
-0.4671630859375 0.472137451171875 0.144500732421875 0.0829620361328125
-0.5631103515625 0.4891357421875 0.307891845703125 -0.00997924804687497
-0.57867431640625 0.5035400390625 -0.0366363525390625 -0.0596237182617187
-0.413238525390625 0.437347412109375 0.253158569335938 -0.107528686523437
-0.4283447265625 0.554290771484375 0.218170166015625 -0.28955078125
-0.29852294921875 0.563232421875 0.027984619140625 -0.319549560546875
-0.08538818359375 0.7061767578125 -0.180679321289062 -0.124099731445312
0.30029296875 0.68145751953125 -0.157333374023437 -0.0473632812499999
0.529876708984375 0.504150390625 -0.0355987548828125 -0.0181465148925781
0.548370361328125 0.513519287109375 -0.0071926116943359 -0.00904273986816403
0.647216796875 0.4537353515625 0.0506591796875 -0.0337028503417968
0.419219970703125 0.56170654296875 0.071990966796875 -0.00435638427734371
0.185791015625 0.700439453125 0.104766845703125 0.108612060546875
-0.00292968750000005 0.65545654296875 0.171340942382813 0.142822265625
-0.387542724609375 0.531097412109375 0.0541534423828125 0.232833862304688
-0.427581787109375 0.491424560546875 -0.00123596191406253 0.233840942382813
-0.57073974609375 0.551025390625 0.0875091552734374 0.146026611328125
-0.508544921875 0.429595947265625 -0.236953735351563 0.081329345703125
-0.38592529296875 0.3470458984375 0.0970306396484375 0.00167846679687502
-0.4637451171875 0.485198974609375 0.120758056640625 -0.207534790039063
-0.346588134765625 0.54754638671875 -0.00579833984375004 -0.2984619140625
-0.10797119140625 0.6981201171875 -0.190689086914063 -0.250640869140625
0.30792236328125 0.687744140625 -0.272171020507813 -0.250289916992187
0.496856689453125 0.5013427734375 -0.2650146484375 -0.176315307617188
0.501251220703125 0.487884521484375 -0.2294921875 -0.11431884765625
0.58612060546875 0.43414306640625 -0.170669555664063 -0.128372192382812
0.3526611328125 0.50341796875 -0.0764617919921875 -0.132781982421875
0.1187744140625 0.594970703125 0.05523681640625 0.0247535705566407
-0.0292663574218749 0.5177001953125 0.146865844726563 0.140884399414063
-0.298553466796875 0.416107177734375 -0.0323486328125 0.2969970703125
-0.32391357421875 0.4322509765625 -0.1531982421875 0.368194580078125
-0.49481201171875 0.534332275390625 -0.120269775390625 0.30718994140625
-0.35369873046875 0.300506591796875 -0.419769287109375 0.1806640625
-0.28179931640625 0.222015380859375 -0.0699234008789063 0.09197998046875
-0.383453369140625 0.33953857421875 0.0292205810546875 -0.124031066894531
-0.302734375 0.42401123046875 -0.0336151123046875 -0.277267456054688
-0.0952453613281251 0.5465087890625 -0.195159912109375 -0.368438720703125
0.264739990234375 0.560028076171875 -0.382415771484375 -0.419036865234375
0.38458251953125 0.410247802734375 -0.477996826171875 -0.29840087890625
0.37469482421875 0.387237548828125 -0.416290283203125 -0.200103759765625
0.43719482421875 0.35650634765625 -0.33966064453125 -0.20892333984375
0.2279052734375 0.38092041015625 -0.165420532226562 -0.23345947265625
0.028900146484375 0.407196044921875 0.0414962768554687 -0.0313034057617187
-0.0579833984375 0.316375732421875 0.110275268554688 0.162246704101563
-0.178054809570313 0.250335693359375 -0.13885498046875 0.3399658203125
-0.193572998046875 0.318878173828125 -0.29022216796875 0.4495849609375
-0.358367919921875 0.43353271484375 -0.290557861328125 0.441925048828125
-0.135208129882813 0.143524169921875 -0.546539306640625 0.239471435546875
-0.107681274414063 0.0968017578125 -0.20172119140625 0.15313720703125
-0.2027587890625 0.147689819335938 -0.0390090942382813 -0.0628776550292969
-0.184310913085938 0.21343994140625 -0.0646514892578125 -0.260040283203125
-0.059967041015625 0.284912109375 -0.201080322265625 -0.443695068359375
0.17047119140625 0.3299560546875 -0.470367431640625 -0.5123291015625
0.200119018554688 0.252059936523438 -0.63214111328125 -0.3592529296875
0.19183349609375 0.22906494140625 -0.5419921875 -0.25274658203125
0.233139038085938 0.2301025390625 -0.43389892578125 -0.2685546875
0.0957794189453125 0.216262817382812 -0.190582275390625 -0.2972412109375
-0.0399627685546875 0.194488525390625 0.0534858703613281 -0.0561714172363281
-0.0666580200195313 0.120002746582031 0.061004638671875 0.193740844726563
-0.0583419799804688 0.0904006958007813 -0.243560791015625 0.34637451171875
-0.06585693359375 0.17138671875 -0.395965576171875 0.468170166015625
-0.18505859375 0.261474609375 -0.408477783203125 0.528961181640625
-0.0716629028320313 -0.038238525390625 0.3721923828125 -0.514312744140625
-0.0787811279296875 -0.0133514404296875 0.3660888671875 -0.440948486328125
-0.0393638610839844 0.0411262512207031 0.2296142578125 -0.401123046875
0.0258903503417969 0.0690269470214844 0.026885986328125 -0.304107666015625
0.053314208984375 0.0321846008300781 -0.0865478515625 0.104011535644531
-0.00632095336914063 -0.0654792785644531 0.13385009765625 0.387908935546875
0.015716552734375 -0.0590782165527344 0.4837646484375 0.34149169921875
0.0151119232177734 -0.0313758850097656 0.57611083984375 0.25811767578125
-0.0211410522460938 -0.0574378967285156 0.65301513671875 0.2919921875
-0.00893211364746094 -0.0263996124267578 0.50360107421875 0.48583984375
0.0530815124511719 0.00798416137695313 0.267303466796875 0.438385009765625
0.0779190063476563 0.0445556640625 0.103546142578125 0.278976440429688
-0.00638580322265625 0.0768890380859375 0.130546569824219 0.124397277832031
-0.0494537353515625 0.0957794189453125 0.337982177734375 -0.145416259765625
-0.0209197998046875 0.0248985290527344 0.67303466796875 -0.24884033203125
-0.26617431640625 0.191085815429688 0.358612060546875 -0.484588623046875
-0.187576293945312 0.17962646484375 0.392730712890625 -0.3968505859375
-0.116806030273437 0.231765747070312 0.28887939453125 -0.3846435546875
-0.0211181640625 0.214736938476563 0.06915283203125 -0.322601318359375
0.045440673828125 0.22381591796875 -0.107536315917969 0.0848236083984375
0.0991363525390625 0.141265869140625 0.08831787109375 0.357818603515625
0.210296630859375 0.107437133789063 0.44195556640625 0.32293701171875
0.2249755859375 0.161514282226563 0.5316162109375 0.23455810546875
0.226043701171875 0.134552001953125 0.6168212890625 0.2391357421875
0.140655517578125 0.223419189453125 0.484619140625 0.4102783203125
0.08428955078125 0.3074951171875 0.269622802734375 0.394805908203125
0.013916015625 0.313018798828125 0.143051147460938 0.249176025390625
-0.221160888671875 0.26629638671875 0.150222778320313 0.117630004882813
-0.26483154296875 0.243850708007813 0.333587646484375 -0.12591552734375
-0.267562866210938 0.207489013671875 0.63043212890625 -0.2237548828125
-0.438201904296875 0.388824462890625 0.2821044921875 -0.383270263671875
-0.292755126953125 0.35821533203125 0.39385986328125 -0.325836181640625
-0.20654296875 0.415618896484375 0.3092041015625 -0.37237548828125
-0.089019775390625 0.36175537109375 0.076934814453125 -0.3330078125
0.017822265625 0.41436767578125 -0.132194519042969 0.0480880737304688
0.188751220703125 0.3555908203125 0.0263214111328125 0.27783203125
0.37359619140625 0.274169921875 0.33935546875 0.252532958984375
0.404388427734375 0.32861328125 0.405029296875 0.176727294921875
0.447174072265625 0.292510986328125 0.487640380859375 0.15728759765625
0.2940673828125 0.416412353515625 0.3968505859375 0.283935546875
0.149749755859375 0.5494384765625 0.2427978515625 0.30877685546875
0.00189208984374996 0.54034423828125 0.1773681640625 0.205642700195313
-0.3597412109375 0.44842529296875 0.147415161132812 0.132354736328125
-0.41021728515625 0.387054443359375 0.262908935546875 -0.050506591796875
-0.455078125 0.379638671875 0.4947509765625 -0.146697998046875
-0.550537109375 0.510162353515625 0.146011352539062 -0.231674194335937
-0.375152587890625 0.462493896484375 0.35101318359375 -0.225555419921875
-0.313995361328125 0.5440673828125 0.28509521484375 -0.349365234375
-0.1837158203125 0.493804931640625 0.0557861328125 -0.334564208984375
-0.023681640625 0.59185791015625 -0.15960693359375 -0.0175933837890625
0.26300048828125 0.5489501953125 -0.05670166015625 0.143264770507813
0.488433837890625 0.413787841796875 0.1739501953125 0.134185791015625
0.522216796875 0.448944091796875 0.215652465820313 0.0922088623046875
0.6011962890625 0.39520263671875 0.285430908203125 0.062103271484375
0.40460205078125 0.529541015625 0.246444702148438 0.135940551757813
0.203125 0.68878173828125 0.18328857421875 0.205001831054688
0.01434326171875 0.66790771484375 0.190231323242188 0.16180419921875
-0.40753173828125 0.560211181640625 0.119918823242187 0.17291259765625
-0.461669921875 0.48858642578125 0.146820068359375 0.07843017578125
-0.55609130859375 0.514007568359375 0.302032470703125 -0.016876220703125
-0.5770263671875 0.5255126953125 -0.0357093811035157 -0.0609588623046875
-0.412872314453125 0.453826904296875 0.247634887695313 -0.110519409179687
-0.4129638671875 0.5751953125 0.2149658203125 -0.29534912109375
-0.28314208984375 0.57586669921875 0.020416259765625 -0.322113037109375
-0.06561279296875 0.70916748046875 -0.181594848632813 -0.119659423828125
0.31134033203125 0.67364501953125 -0.163421630859375 -0.0405883789062499
0.537872314453125 0.49273681640625 -0.0390663146972656 -0.0165138244628906
0.560821533203125 0.501251220703125 -0.008244514465332 -0.00887966156005856
0.65386962890625 0.436767578125 0.0476951599121094 -0.0338973999023437
0.427490234375 0.551910400390625 0.0711288452148438 -0.00725555419921872
0.200927734375 0.70025634765625 0.111892700195313 0.103843688964844
0.01214599609375 0.65484619140625 0.179550170898438 0.134124755859375
-0.375518798828125 0.552703857421875 0.06378173828125 0.236358642578125
-0.421356201171875 0.508941650390625 0.00413513183593748 0.234878540039063
-0.5635986328125 0.5775146484375 0.0854949951171875 0.147354125976563
-0.50836181640625 0.44940185546875 -0.233932495117188 0.0856475830078125
-0.387725830078125 0.362579345703125 0.0927581787109375 0.000740051269531272
-0.4476318359375 0.504730224609375 0.118499755859375 -0.21124267578125
-0.331512451171875 0.55865478515625 -0.01055908203125 -0.299072265625
-0.09027099609375 0.69970703125 -0.19378662109375 -0.245376586914062
0.31988525390625 0.6787109375 -0.28314208984375 -0.241424560546875
0.5045166015625 0.490142822265625 -0.271835327148437 -0.16851806640625
0.511444091796875 0.47625732421875 -0.231613159179687 -0.10894775390625
0.59423828125 0.415283203125 -0.17413330078125 -0.123046875
0.360198974609375 0.495452880859375 -0.0801162719726563 -0.132659912109375
0.1334228515625 0.5921630859375 0.0608863830566406 0.0199928283691407
-0.016754150390625 0.51678466796875 0.153961181640625 0.134246826171875
-0.2869873046875 0.4327392578125 -0.02239990234375 0.303192138671875
-0.316162109375 0.44805908203125 -0.143402099609375 0.375701904296875
-0.485321044921875 0.5565185546875 -0.11761474609375 0.315948486328125
-0.35345458984375 0.313812255859375 -0.4154052734375 0.191314697265625
-0.283203125 0.234283447265625 -0.0733184814453125 0.0942459106445313
-0.372711181640625 0.354736328125 0.027008056640625 -0.12457275390625
-0.28961181640625 0.432952880859375 -0.0384521484375 -0.275222778320313
-0.081298828125 0.54888916015625 -0.2003173828125 -0.36273193359375
0.27667236328125 0.5528564453125 -0.3963623046875 -0.409698486328125
0.389739990234375 0.401763916015625 -0.486846923828125 -0.285003662109375
0.382720947265625 0.379180908203125 -0.4188232421875 -0.1905517578125
0.443145751953125 0.344024658203125 -0.34234619140625 -0.1998291015625
0.23382568359375 0.374847412109375 -0.170150756835938 -0.231109619140625
0.03765869140625 0.40386962890625 0.0462875366210938 -0.0358314514160156
-0.049072265625 0.316314697265625 0.116806030273438 0.15753173828125
-0.170028686523437 0.26422119140625 -0.128662109375 0.348236083984375
-0.188446044921875 0.330535888671875 -0.275421142578125 0.4613037109375
-0.352630615234375 0.45086669921875 -0.28277587890625 0.456787109375
-0.135513305664062 0.150314331054688 -0.54266357421875 0.253082275390625
-0.108192443847656 0.101493835449219 -0.204742431640625 0.158584594726563
-0.197296142578125 0.154495239257813 -0.0419921875 -0.0603370666503906
-0.177047729492187 0.21820068359375 -0.069061279296875 -0.255569458007813
-0.05364990234375 0.285797119140625 -0.2080078125 -0.439361572265625
0.176910400390625 0.323394775390625 -0.484222412109375 -0.50115966796875
0.204238891601562 0.247222900390625 -0.63983154296875 -0.34130859375
0.195846557617188 0.22491455078125 -0.54376220703125 -0.240081787109375
0.236984252929688 0.222137451171875 -0.43682861328125 -0.2567138671875
0.0983428955078125 0.211441040039063 -0.197235107421875 -0.29400634765625
-0.0354766845703125 0.19256591796875 0.0564689636230469 -0.0606918334960937
-0.0618896484375 0.120819091796875 0.06671142578125 0.191009521484375
-0.0538711547851563 0.0973358154296875 -0.233428955078125 0.354888916015625
-0.06439208984375 0.177520751953125 -0.380401611328125 0.482208251953125
-0.182159423828125 0.270294189453125 -0.39739990234375 0.546630859375
-0.0737762451171875 -0.0345840454101562 0.371124267578125 -0.54327392578125
-0.0805130004882813 -0.00865936279296874 0.357177734375 -0.4622802734375
-0.0383338928222656 0.0447120666503906 0.2183837890625 -0.414520263671875
0.030120849609375 0.07135009765625 0.013092041015625 -0.313873291015625
0.0545463562011719 0.0311279296875 -0.0862579345703125 0.109169006347656
-0.0105552673339844 -0.0634994506835938 0.152313232421875 0.39654541015625
0.0159378051757813 -0.0579605102539063 0.503143310546875 0.33392333984375
0.0153465270996094 -0.0314617156982422 0.59417724609375 0.2437744140625
-0.0243148803710937 -0.0567474365234375 0.67266845703125 0.27606201171875
-0.00914192199707031 -0.0250072479248047 0.531524658203125 0.480865478515625
0.0562744140625 0.00873184204101563 0.289581298828125 0.44183349609375
0.0807647705078125 0.0424118041992188 0.117095947265625 0.280303955078125
-0.0075531005859375 0.0778884887695313 0.143783569335938 0.120254516601563
-0.0479812622070312 0.0976409912109375 0.342071533203125 -0.165191650390625
-0.019256591796875 0.0249919891357422 0.6756591796875 -0.2811279296875
-0.267837524414063 0.208999633789063 0.35546875 -0.51104736328125
-0.188003540039063 0.194381713867187 0.386260986328125 -0.417877197265625
-0.110107421875 0.2449951171875 0.280487060546875 -0.3995361328125
-0.0127716064453125 0.222427368164062 0.05731201171875 -0.334320068359375
0.054351806640625 0.226547241210938 -0.107627868652344 0.0898895263671875
0.102203369140625 0.1429443359375 0.1031494140625 0.36688232421875
0.218002319335938 0.10595703125 0.459808349609375 0.315399169921875
0.236160278320313 0.158447265625 0.5457763671875 0.221771240234375
0.233840942382812 0.131698608398438 0.63519287109375 0.22320556640625
0.150924682617188 0.226593017578125 0.509796142578125 0.404541015625
0.097503662109375 0.314727783203125 0.290985107421875 0.3968505859375
0.023773193359375 0.320281982421875 0.157806396484375 0.247879028320313
-0.2227783203125 0.28369140625 0.163986206054688 0.113525390625
-0.265838623046875 0.258148193359375 0.33807373046875 -0.143829345703125
-0.267562866210938 0.224166870117187 0.63134765625 -0.251953125
-0.4400634765625 0.41888427734375 0.279449462890625 -0.40582275390625
-0.291595458984375 0.381256103515625 0.388092041015625 -0.344573974609375
-0.193634033203125 0.438018798828125 0.302978515625 -0.389007568359375
-0.076690673828125 0.37493896484375 0.066009521484375 -0.345245361328125
0.034027099609375 0.4207763671875 -0.132720947265625 0.0534133911132813
0.20037841796875 0.35833740234375 0.035064697265625 0.287506103515625
0.38812255859375 0.271575927734375 0.351165771484375 0.246490478515625
0.42364501953125 0.323974609375 0.416717529296875 0.1680908203125
0.463836669921875 0.28533935546875 0.50054931640625 0.144866943359375
0.313232421875 0.419952392578125 0.4151611328125 0.27642822265625
0.169952392578125 0.559295654296875 0.260833740234375 0.30987548828125
0.018646240234375 0.553680419921875 0.191299438476562 0.201065063476563
-0.3577880859375 0.47637939453125 0.161544799804687 0.130340576171875
-0.4111328125 0.410675048828125 0.267135620117188 -0.0631103515625
-0.456268310546875 0.409637451171875 0.49658203125 -0.167083740234375
-0.5521240234375 0.548431396484375 0.144180297851563 -0.243606567382812
-0.37530517578125 0.490570068359375 0.347503662109375 -0.239410400390625
-0.299560546875 0.5748291015625 0.282379150390625 -0.367462158203125
-0.167327880859375 0.514892578125 0.045440673828125 -0.34710693359375
-0.00311279296874995 0.60565185546875 -0.161834716796875 -0.0128326416015624
0.281646728515625 0.55279541015625 -0.0564117431640625 0.152069091796875
0.5093994140625 0.409149169921875 0.178726196289063 0.131240844726563
0.549591064453125 0.440887451171875 0.221206665039063 0.087921142578125
0.6239013671875 0.3839111328125 0.29071044921875 0.054229736328125
0.42877197265625 0.52923583984375 0.255722045898438 0.130279541015625
0.230224609375 0.69989013671875 0.197723388671875 0.204544067382813
0.0364990234375 0.681640625 0.203582763671875 0.154159545898438
-0.3978271484375 0.59515380859375 0.134765625 0.174468994140625
-0.459442138671875 0.51824951171875 0.152389526367187 0.0748138427734375
-0.55377197265625 0.55352783203125 0.30291748046875 -0.026519775390625
-0.57965087890625 0.5667724609375 -0.036651611328125 -0.0622596740722656
-0.4141845703125 0.4852294921875 0.246505737304688 -0.1180419921875
-0.39874267578125 0.610595703125 0.21240234375 -0.31060791015625
-0.26611328125 0.5994873046875 0.011871337890625 -0.332550048828125
-0.0419921875 0.724853515625 -0.187026977539062 -0.1160888671875
0.3349609375 0.67620849609375 -0.172409057617187 -0.0329284667968749
0.56005859375 0.48895263671875 -0.0431785583496093 -0.0152854919433594
0.58880615234375 0.4932861328125 -0.00932121276855465 -0.00806617736816403
0.67889404296875 0.4237060546875 0.0469779968261719 -0.0351181030273437
0.45263671875 0.553070068359375 0.0707626342773438 -0.01080322265625
0.22900390625 0.707763671875 0.122154235839844 0.100654602050781
0.0348510742187499 0.66766357421875 0.19293212890625 0.12615966796875
-0.36346435546875 0.5875244140625 0.0784149169921875 0.24273681640625
-0.416046142578125 0.53924560546875 0.012298583984375 0.242324829101563
-0.5567626953125 0.62054443359375 0.0883941650390625 0.151199340820313
-0.511932373046875 0.482940673828125 -0.236373901367188 0.0947418212890625
-0.39239501953125 0.391082763671875 0.0914993286132812 0.000724792480468774
-0.43670654296875 0.538055419921875 0.116653442382812 -0.22113037109375
-0.31768798828125 0.58489990234375 -0.01898193359375 -0.305938720703125
-0.0653686523437501 0.71685791015625 -0.203628540039063 -0.244842529296875
0.34490966796875 0.6820068359375 -0.3006591796875 -0.236236572265625
0.528350830078125 0.485992431640625 -0.285186767578125 -0.162689208984375
0.538604736328125 0.46990966796875 -0.239181518554687 -0.102645874023437
0.61724853515625 0.40380859375 -0.181106567382812 -0.117965698242187
0.379974365234375 0.493804931640625 -0.0869827270507812 -0.134124755859375
0.15484619140625 0.59783935546875 0.0681228637695313 0.0157051086425782
0.000793457031250049 0.526947021484375 0.166717529296875 0.127334594726563
-0.27362060546875 0.4613037109375 -0.00790405273437503 0.315460205078125
-0.31121826171875 0.473297119140625 -0.1322021484375 0.392913818359375
-0.47796630859375 0.59521484375 -0.1116943359375 0.3333740234375
-0.3564453125 0.33709716796875 -0.419097900390625 0.209381103515625
-0.2872314453125 0.252593994140625 -0.0766372680664062 0.101516723632813
-0.366851806640625 0.37994384765625 0.0240936279296875 -0.128189086914063
-0.281097412109375 0.453094482421875 -0.0459747314453125 -0.279022216796875
-0.064178466796875 0.5611572265625 -0.213836669921875 -0.3648681640625
0.29827880859375 0.5548095703125 -0.42181396484375 -0.405242919921875
0.40826416015625 0.399932861328125 -0.50701904296875 -0.2752685546875
0.4034423828125 0.3743896484375 -0.43194580078125 -0.179779052734375
0.461883544921875 0.33270263671875 -0.35430908203125 -0.19110107421875
0.24658203125 0.372589111328125 -0.182174682617187 -0.231674194335937
0.05133056640625 0.408935546875 0.050872802734375 -0.0416221618652343
-0.038299560546875 0.32330322265625 0.128082275390625 0.154251098632813
-0.160430908203125 0.282867431640625 -0.11669921875 0.363983154296875
-0.1832275390625 0.349090576171875 -0.26312255859375 0.484893798828125
-0.34649658203125 0.4796142578125 -0.27471923828125 0.484039306640625
-0.13671875 0.16033935546875 -0.54669189453125 0.27618408203125
-0.10968017578125 0.109413146972656 -0.209136962890625 0.171905517578125
-0.194488525390625 0.165740966796875 -0.0460128784179688 -0.0586624145507813
-0.173110961914063 0.22796630859375 -0.076812744140625 -0.257034301757813
-0.044647216796875 0.29400634765625 -0.223175048828125 -0.443389892578125
0.191253662109375 0.3236083984375 -0.51336669921875 -0.498321533203125
0.214813232421875 0.247055053710937 -0.66571044921875 -0.32696533203125
0.206573486328125 0.223846435546875 -0.559661865234375 -0.226776123046875
0.247726440429688 0.216476440429688 -0.450775146484375 -0.246124267578125
0.104324340820313 0.211044311523438 -0.211029052734375 -0.295562744140625
-0.03076171875 0.195632934570313 0.0591583251953125 -0.067352294921875
-0.05804443359375 0.124748229980469 0.076324462890625 0.191848754882813
-0.0489730834960938 0.105148315429688 -0.22503662109375 0.37213134765625
-0.062164306640625 0.187179565429687 -0.36663818359375 0.5079345703125
-0.180419921875 0.286590576171875 -0.388427734375 0.5797119140625
-0.07696533203125 -0.02923583984375 0.35565185546875 -0.582275390625
-0.0821990966796875 -0.00299072265624999 0.33807373046875 -0.49432373046875
-0.0361709594726563 0.0477981567382812 0.19940185546875 -0.435638427734375
0.036834716796875 0.0714950561523437 -0.007904052734375 -0.324249267578125
0.0561981201171875 0.0292625427246094 -0.083770751953125 0.116920471191406
-0.0164146423339844 -0.0620613098144531 0.18017578125 0.402313232421875
0.0153732299804688 -0.0587348937988281 0.53082275390625 0.315185546875
0.0147304534912109 -0.0322036743164063 0.6173095703125 0.2176513671875
-0.0285148620605469 -0.0547943115234375 0.701416015625 0.2430419921875
-0.00930976867675781 -0.0245285034179688 0.5728759765625 0.46429443359375
0.0607032775878906 0.00684356689453125 0.322723388671875 0.44158935546875
0.0848922729492188 0.039276123046875 0.137771606445312 0.279693603515625
-0.00724029541015626 0.08074951171875 0.159835815429688 0.111465454101563
-0.044158935546875 0.101539611816406 0.341583251953125 -0.193115234375
-0.0172920227050781 0.0255470275878906 0.67083740234375 -0.3272705078125
-0.264480590820313 0.234710693359375 0.34002685546875 -0.547943115234375
-0.182830810546875 0.214263916015625 0.368133544921875 -0.449066162109375
-0.096405029296875 0.259796142578125 0.263427734375 -0.424591064453125
0.002655029296875 0.229736328125 0.03741455078125 -0.34765625
0.068389892578125 0.227645874023438 -0.105354309082031 0.0975265502929688
0.10943603515625 0.143295288085938 0.12701416015625 0.37371826171875
0.229766845703125 0.0989990234375 0.485931396484375 0.297271728515625
0.252792358398438 0.150054931640625 0.5692138671875 0.1973876953125
0.245849609375 0.124008178710938 0.66131591796875 0.19342041015625
0.167633056640625 0.225677490234375 0.5462646484375 0.3868408203125
0.118927001953125 0.319915771484375 0.322235107421875 0.394775390625
0.041290283203125 0.32745361328125 0.177841186523438 0.242263793945313
-0.215911865234375 0.306549072265625 0.180923461914063 0.104522705078125
-0.260986328125 0.280441284179687 0.338623046875 -0.17108154296875
-0.261734008789062 0.247634887695313 0.626953125 -0.29559326171875
-0.4305419921875 0.461700439453125 0.26763916015625 -0.435333251953125
-0.281005859375 0.414031982421875 0.375762939453125 -0.371917724609375
-0.17041015625 0.465118408203125 0.288604736328125 -0.416839599609375
-0.054534912109375 0.389862060546875 0.047271728515625 -0.36077880859375
0.059600830078125 0.427032470703125 -0.132415771484375 0.060791015625
0.21966552734375 0.3575439453125 0.052337646484375 0.29693603515625
0.412109375 0.25982666015625 0.37078857421875 0.2333984375
0.454437255859375 0.308197021484375 0.43212890625 0.1483154296875
0.491943359375 0.267425537109375 0.519134521484375 0.11956787109375
0.3421630859375 0.415679931640625 0.44134521484375 0.261505126953125
0.2076416015625 0.5672607421875 0.288055419921875 0.305633544921875
0.04864501953125 0.56927490234375 0.211318969726563 0.19073486328125
-0.341583251953125 0.515869140625 0.179931640625 0.123260498046875
-0.403045654296875 0.447235107421875 0.269851684570313 -0.08233642578125
-0.44512939453125 0.4527587890625 0.494384765625 -0.20001220703125
-0.54132080078125 0.60150146484375 0.137619018554687 -0.260055541992187
-0.362091064453125 0.532257080078125 0.341156005859375 -0.261749267578125
-0.26947021484375 0.6136474609375 0.26934814453125 -0.393707275390625
-0.141448974609375 0.538726806640625 0.02734375 -0.36175537109375
0.0327758789062499 0.6181640625 -0.1654052734375 -0.00569152832031246
0.31427001953125 0.553558349609375 -0.051055908203125 0.162353515625
0.54132080078125 0.39447021484375 0.18756103515625 0.124267578125
0.5880126953125 0.4217529296875 0.230392456054688 0.0778350830078125
0.659423828125 0.35906982421875 0.3006591796875 0.03912353515625
0.467254638671875 0.5233154296875 0.2686767578125 0.11920166015625
0.2762451171875 0.707275390625 0.218475341796875 0.198715209960938
0.07427978515625 0.69793701171875 0.221282958984375 0.140518188476563
-0.375732421875 0.64117431640625 0.15484619140625 0.17144775390625
-0.445159912109375 0.561004638671875 0.159194946289062 0.0681304931640625
-0.53765869140625 0.6083984375 0.3045654296875 -0.0423583984375
-0.56927490234375 0.61956787109375 -0.0388336181640625 -0.0637092590332031
-0.404296875 0.53070068359375 0.244461059570312 -0.131927490234375
-0.37005615234375 0.6563720703125 0.202056884765625 -0.331878662109375
-0.23785400390625 0.6317138671875 -0.00531005859375003 -0.3448486328125
0.00115966796875002 0.74310302734375 -0.1971435546875 -0.110275268554687
0.37872314453125 0.676025390625 -0.18084716796875 -0.02130126953125
0.59747314453125 0.47393798828125 -0.0475234985351562 -0.012847900390625
0.63104248046875 0.47406005859375 -0.00970172882080074 -0.00733757019042966
0.7171630859375 0.3955078125 0.0466651916503907 -0.0382575988769531
0.4915771484375 0.542999267578125 0.0710525512695313 -0.0155563354492187
0.27386474609375 0.7149658203125 0.135726928710938 0.0948333740234376
0.0703735351562499 0.68328857421875 0.209014892578125 0.11236572265625
-0.33697509765625 0.62860107421875 0.100723266601562 0.245468139648438
-0.3983154296875 0.58135986328125 0.0258331298828125 0.250045776367188
-0.53680419921875 0.67926025390625 0.0958709716796875 0.153594970703125
-0.50592041015625 0.530609130859375 -0.23583984375 0.1097412109375
-0.38568115234375 0.42974853515625 0.0925827026367187 -0.00140380859374997
-0.41558837890625 0.58197021484375 0.108840942382812 -0.235321044921875
-0.29229736328125 0.61810302734375 -0.0347900390625 -0.314788818359375
-0.0261840820312501 0.7379150390625 -0.220291137695313 -0.241363525390625
0.38922119140625 0.68096923828125 -0.324981689453125 -0.224151611328125
0.56488037109375 0.4730224609375 -0.30316162109375 -0.150177001953125
0.5771484375 0.4510498046875 -0.248886108398437 -0.0916595458984375
0.65399169921875 0.3775634765625 -0.19073486328125 -0.10992431640625
0.412872314453125 0.485931396484375 -0.0983200073242187 -0.134330749511719
0.19049072265625 0.6041259765625 0.0756301879882813 0.00897216796875004
0.030364990234375 0.538665771484375 0.181228637695312 0.115936279296875
-0.251495361328125 0.494415283203125 0.01495361328125 0.327667236328125
-0.295562744140625 0.509613037109375 -0.111785888671875 0.413848876953125
-0.45758056640625 0.6470947265625 -0.097412109375 0.352081298828125
-0.3526611328125 0.370361328125 -0.4180908203125 0.23870849609375
-0.284515380859375 0.27996826171875 -0.0750350952148438 0.11083984375
-0.3519287109375 0.4136962890625 0.01904296875 -0.133201599121094
-0.262969970703125 0.479248046875 -0.05975341796875 -0.283935546875
-0.03277587890625 0.580078125 -0.23675537109375 -0.3642578125
0.33502197265625 0.55126953125 -0.457611083984375 -0.39129638671875
0.436798095703125 0.38995361328125 -0.536895751953125 -0.25201416015625
0.434295654296875 0.361236572265625 -0.4483642578125 -0.16064453125
0.490264892578125 0.313079833984375 -0.3697509765625 -0.1746826171875
0.270172119140625 0.367767333984375 -0.200942993164062 -0.228591918945312
0.0738525390625 0.41510009765625 0.0543136596679688 -0.049530029296875
-0.02020263671875 0.332122802734375 0.14276123046875 0.147293090820313
-0.143310546875 0.3038330078125 -0.0948181152343751 0.382659912109375
-0.1705322265625 0.372406005859375 -0.24053955078125 0.515716552734375
-0.33056640625 0.51910400390625 -0.251739501953125 0.5179443359375
-0.133895874023438 0.173919677734375 -0.546966552734375 0.315521240234375
-0.107749938964844 0.1201171875 -0.2078857421875 0.19091796875
-0.188613891601562 0.182815551757813 -0.0502967834472656 -0.0563888549804688
-0.164657592773437 0.242813110351563 -0.0900726318359375 -0.257461547851563
-0.028350830078125 0.303497314453125 -0.251007080078125 -0.444000244140625
0.214111328125 0.3201904296875 -0.555908203125 -0.48333740234375
0.232528686523437 0.243621826171875 -0.69891357421875 -0.295654296875
0.223403930664063 0.218307495117188 -0.582275390625 -0.20037841796875
0.264572143554688 0.205963134765625 -0.471710205078125 -0.22686767578125
0.115478515625 0.20977783203125 -0.233001708984375 -0.291473388671875
-0.0225982666015625 0.199722290039063 0.060516357421875 -0.0758209228515625
-0.0514907836914063 0.1298828125 0.0908355712890625 0.190444946289063
-0.0404739379882813 0.113517761230469 -0.207855224609375 0.3958740234375
-0.0547637939453125 0.199188232421875 -0.3416748046875 0.544464111328125
-0.170013427734375 0.308074951171875 -0.36279296875 0.62200927734375
-0.0786514282226563 -0.0215911865234375 0.31817626953125 -0.61883544921875
-0.0819320678710937 0.00384521484375 0.300872802734375 -0.523468017578125
-0.0322341918945312 0.0494842529296875 0.16619873046875 -0.4520263671875
0.0439796447753906 0.0685958862304688 -0.036529541015625 -0.32843017578125
0.0575675964355469 0.0258102416992188 -0.0775299072265625 0.124214172363281
-0.0229759216308594 -0.0588417053222656 0.21466064453125 0.393890380859375
0.0132637023925781 -0.0601272583007813 0.556549072265625 0.278778076171875
0.0138664245605469 -0.0329036712646484 0.631591796875 0.17510986328125
-0.0336418151855469 -0.0512733459472656 0.72021484375 0.18994140625
-0.0106048583984375 -0.0234165191650391 0.6131591796875 0.427734375
0.0643882751464844 0.00242233276367187 0.361083984375 0.423095703125
0.0885009765625 0.0323486328125 0.160858154296875 0.270187377929687
-0.00551605224609376 0.0825881958007813 0.173721313476563 0.0962066650390625
-0.0370025634765625 0.104827880859375 0.329315185546875 -0.22412109375
-0.0139236450195313 0.0251121520996094 0.64495849609375 -0.38018798828125
-0.250045776367187 0.26202392578125 0.30560302734375 -0.5831298828125
-0.16827392578125 0.234329223632813 0.334716796875 -0.478424072265625
-0.0757598876953125 0.270553588867188 0.231719970703125 -0.445953369140625
0.021942138671875 0.230621337890625 0.00875854492187503 -0.356658935546875
0.085113525390625 0.223434448242188 -0.0993499755859375 0.105072021484375
0.117485046386719 0.139122009277344 0.157684326171875 0.370330810546875
0.240371704101563 0.0840606689453125 0.50848388671875 0.2652587890625
0.267669677734375 0.132568359375 0.58203125 0.1578369140625
0.256912231445313 0.108489990234375 0.67584228515625 0.14471435546875
0.185791015625 0.21771240234375 0.58087158203125 0.3497314453125
0.14642333984375 0.315185546875 0.357330322265625 0.377227783203125
0.0655517578125 0.328704833984375 0.199203491210938 0.228500366210938
-0.19781494140625 0.329925537109375 0.196807861328125 0.0884246826171875
-0.244232177734375 0.30340576171875 0.3287353515625 -0.201263427734375
-0.244857788085938 0.2716064453125 0.60498046875 -0.34478759765625
-0.401702880859375 0.50689697265625 0.240936279296875 -0.46221923828125
-0.25421142578125 0.445526123046875 0.347869873046875 -0.40008544921875
-0.133636474609375 0.4849853515625 0.257965087890625 -0.440826416015625
-0.02362060546875 0.397216796875 0.019012451171875 -0.371490478515625
0.0924072265625 0.424285888671875 -0.128860473632813 0.0693206787109375
0.244049072265625 0.34832763671875 0.075042724609375 0.298004150390625
0.434722900390625 0.234130859375 0.388153076171875 0.208160400390625
0.483062744140625 0.278289794921875 0.443939208984375 0.1181640625
0.515228271484375 0.233245849609375 0.530059814453125 0.0811767578125
0.376068115234375 0.395721435546875 0.46435546875 0.2308349609375
0.25372314453125 0.559661865234375 0.317138671875 0.28887939453125
0.0899047851562499 0.57061767578125 0.22906494140625 0.171875
-0.30682373046875 0.552947998046875 0.19818115234375 0.107986450195313
-0.376007080078125 0.48492431640625 0.26519775390625 -0.10528564453125
-0.4136962890625 0.4947509765625 0.476898193359375 -0.23687744140625
-0.50555419921875 0.65557861328125 0.122543334960937 -0.274932861328125
-0.328125 0.571533203125 0.322845458984375 -0.28662109375
-0.22174072265625 0.64459228515625 0.24200439453125 -0.418670654296875
-0.10015869140625 0.554351806640625 -0.000274658203125037 -0.372283935546875
0.0817260742187499 0.61785888671875 -0.167068481445313 0.00482177734375004
0.353057861328125 0.5364990234375 -0.0405731201171875 0.170730590820313
0.57476806640625 0.3619384765625 0.19525146484375 0.112106323242188
0.62420654296875 0.38037109375 0.236099243164063 0.0613555908203125
0.6915283203125 0.3109130859375 0.305511474609375 0.01507568359375
0.508270263671875 0.49505615234375 0.278701782226563 0.100830078125
0.332763671875 0.69384765625 0.239334106445313 0.183242797851563
0.1265869140625 0.69976806640625 0.236007690429687 0.118789672851563
-0.328857421875 0.68121337890625 0.17645263671875 0.15936279296875
-0.4107666015625 0.6051025390625 0.165069580078125 0.056427001953125
-0.4954833984375 0.6617431640625 0.299468994140625 -0.063720703125
-0.5347900390625 0.67724609375 -0.041900634765625 -0.0630569458007812
-0.3719482421875 0.57183837890625 0.236785888671875 -0.148666381835937
-0.31781005859375 0.6962890625 0.179595947265625 -0.352783203125
-0.19171142578125 0.65576171875 -0.030303955078125 -0.3514404296875
0.0533447265625 0.74609375 -0.206573486328125 -0.0991973876953124
0.42919921875 0.656982421875 -0.186859130859375 -0.00622558593749993
0.6373291015625 0.43865966796875 -0.0518074035644531 -0.00902938842773434
0.67291259765625 0.431396484375 -0.00966072082519527 -0.00672626495361325
0.75335693359375 0.3426513671875 0.0454254150390625 -0.0426025390625
0.532958984375 0.51434326171875 0.0686683654785157 -0.0219230651855468
0.32952880859375 0.7012939453125 0.14923095703125 0.08270263671875
0.12359619140625 0.68218994140625 0.221725463867187 0.0897216796875
-0.28717041015625 0.66650390625 0.12738037109375 0.240264892578125
-0.36181640625 0.6207275390625 0.0455780029296875 0.252395629882813
-0.48712158203125 0.7340087890625 0.105621337890625 0.150802612304688
-0.47479248046875 0.580078125 -0.228897094726563 0.127639770507813
-0.3609619140625 0.468841552734375 0.0928497314453125 -0.00547027587890622
-0.3702392578125 0.62469482421875 0.0939178466796875 -0.247222900390625
-0.24847412109375 0.64337158203125 -0.056732177734375 -0.318389892578125
0.02740478515625 0.74530029296875 -0.23870849609375 -0.229751586914062
0.44146728515625 0.6602783203125 -0.348541259765625 -0.20074462890625
0.60296630859375 0.4412841796875 -0.319061279296875 -0.12872314453125
0.6160888671875 0.4110107421875 -0.254425048828125 -0.0744781494140625
0.6854248046875 0.32958984375 -0.197296142578125 -0.0975799560546875
0.448760986328125 0.460113525390625 -0.110191345214844 -0.128929138183594
0.237548828125 0.59442138671875 0.0813217163085938 -0.000740051269531214
0.070159912109375 0.539642333984375 0.1943359375 0.0967559814453125
-0.2105712890625 0.523284912109375 0.0457763671875 0.329559326171875
-0.261138916015625 0.54083251953125 -0.0799560546875 0.428680419921875
-0.40972900390625 0.694091796875 -0.071563720703125 0.366424560546875
-0.333404541015625 0.4046630859375 -0.404815673828125 0.271514892578125
-0.268341064453125 0.30780029296875 -0.0685272216796875 0.119285583496094
-0.320159912109375 0.447174072265625 0.0101089477539062 -0.136245727539062
-0.230133056640625 0.504791259765625 -0.0787353515625 -0.2823486328125
0.010009765625 0.58636474609375 -0.263702392578125 -0.352996826171875
0.378173828125 0.532318115234375 -0.493621826171875 -0.3629150390625
0.470001220703125 0.36614990234375 -0.560821533203125 -0.213531494140625
0.464996337890625 0.332611083984375 -0.460479736328125 -0.1298828125
0.516387939453125 0.275146484375 -0.382568359375 -0.14813232421875
0.296478271484375 0.350555419921875 -0.220352172851562 -0.21697998046875
0.104248046875 0.411346435546875 0.0554580688476563 -0.0583610534667968
0.00506591796875001 0.334228515625 0.156997680664063 0.13360595703125
-0.11651611328125 0.31951904296875 -0.063262939453125 0.395172119140625
-0.14483642578125 0.39385986328125 -0.196807861328125 0.54046630859375
-0.2919921875 0.55560302734375 -0.212493896484375 0.546112060546875
-0.124710083007812 0.186874389648438 -0.527801513671875 0.358978271484375
-0.100440979003906 0.130889892578125 -0.196701049804688 0.209442138671875
-0.174087524414063 0.200592041015625 -0.0546302795410156 -0.0517539978027344
-0.148193359375 0.2567138671875 -0.107284545898437 -0.251739501953125
-0.00637817382812498 0.307464599609375 -0.284088134765625 -0.43255615234375
0.24078369140625 0.305816650390625 -0.5992431640625 -0.44732666015625
0.25177001953125 0.23260498046875 -0.72796630859375 -0.2447509765625
0.241012573242188 0.204086303710937 -0.59521484375 -0.160400390625
0.2813720703125 0.185211181640625 -0.486663818359375 -0.192657470703125
0.1287841796875 0.202377319335938 -0.256423950195313 -0.27691650390625
-0.00970458984375 0.202056884765625 0.0584793090820313 -0.0847091674804687
-0.0414810180664063 0.134048461914063 0.107681274414062 0.182769775390625
-0.0286026000976562 0.118179321289062 -0.177703857421875 0.41595458984375
-0.041900634765625 0.208282470703125 -0.29705810546875 0.5772705078125
-0.1485595703125 0.32806396484375 -0.31463623046875 0.65948486328125
-0.0768203735351563 -0.0135421752929688 0.27191162109375 -0.63690185546875
-0.0777740478515625 0.0100936889648438 0.25555419921875 -0.534698486328125
-0.0290412902832031 0.0499916076660156 0.12847900390625 -0.454498291015625
0.0489349365234375 0.0633201599121094 -0.063690185546875 -0.32208251953125
0.0579109191894531 0.0223007202148438 -0.0683975219726562 0.127288818359375
-0.0293922424316406 -0.0534210205078125 0.242523193359375 0.37445068359375
0.0108184814453125 -0.0623016357421875 0.56439208984375 0.2366943359375
0.0134334564208984 -0.0337314605712891 0.6273193359375 0.128662109375
-0.0364761352539062 -0.046234130859375 0.71917724609375 0.1358642578125
-0.0117473602294922 -0.0224266052246094 0.63616943359375 0.37823486328125
0.0661163330078125 -0.002777099609375 0.388214111328125 0.39508056640625
0.0891265869140625 0.0252456665039063 0.177032470703125 0.253173828125
-0.002349853515625 0.0828094482421875 0.18060302734375 0.07781982421875
-0.0286483764648437 0.105033874511719 0.305572509765625 -0.24700927734375
-0.0110111236572266 0.0238151550292969 0.6024169921875 -0.41900634765625
-0.226181030273438 0.280380249023437 0.2613525390625 -0.59857177734375
-0.14727783203125 0.245346069335938 0.290496826171875 -0.4915771484375
-0.053314208984375 0.272323608398437 0.193267822265625 -0.455169677734375
0.040008544921875 0.22479248046875 -0.019744873046875 -0.355010986328125
0.098907470703125 0.212738037109375 -0.0910415649414063 0.109092712402344
0.122039794921875 0.132453918457031 0.183746337890625 0.355133056640625
0.24371337890625 0.0651702880859375 0.51580810546875 0.225555419921875
0.274887084960938 0.110610961914063 0.576904296875 0.115478515625
0.260818481445313 0.0895233154296875 0.6712646484375 0.0909423828125
0.198562622070313 0.202056884765625 0.59759521484375 0.302490234375
0.169677734375 0.300506591796875 0.381744384765625 0.34747314453125
0.086669921875 0.31884765625 0.21246337890625 0.20782470703125
-0.17254638671875 0.342437744140625 0.204925537109375 0.06787109375
-0.220977783203125 0.31658935546875 0.30572509765625 -0.22442626953125
-0.219940185546875 0.2850341796875 0.56463623046875 -0.37890625
-0.3597412109375 0.534820556640625 0.2064208984375 -0.475341796875
-0.21759033203125 0.4615478515625 0.311126708984375 -0.415740966796875
-0.092041015625 0.489776611328125 0.22003173828125 -0.450439453125
0.00704956054687496 0.39178466796875 -0.010528564453125 -0.371063232421875
0.120025634765625 0.408172607421875 -0.122467041015625 0.075775146484375
0.26141357421875 0.328521728515625 0.095611572265625 0.289581298828125
0.4442138671875 0.20135498046875 0.392425537109375 0.17742919921875
0.49664306640625 0.238800048828125 0.44061279296875 0.085662841796875
0.523773193359375 0.19317626953125 0.524749755859375 0.039947509765625
0.39813232421875 0.36566162109375 0.472442626953125 0.1953125
0.29083251953125 0.53485107421875 0.33734130859375 0.262176513671875
0.12847900390625 0.556671142578125 0.237823486328125 0.147537231445313
-0.2637939453125 0.5712890625 0.208221435546875 0.087890625
-0.33880615234375 0.50628662109375 0.251861572265625 -0.124420166015625
-0.369049072265625 0.5194091796875 0.4468994140625 -0.26593017578125
-0.45147705078125 0.689697265625 0.1024169921875 -0.28216552734375
-0.2811279296875 0.59442138671875 0.29608154296875 -0.301727294921875
-0.166259765625 0.65252685546875 0.20709228515625 -0.430694580078125
-0.05767822265625 0.551116943359375 -0.027801513671875 -0.371368408203125
0.12237548828125 0.59881591796875 -0.164443969726563 0.0139770507812501
0.38311767578125 0.5067138671875 -0.02923583984375 0.172882080078125
0.59320068359375 0.31927490234375 0.196884155273438 0.0977783203125
0.64447021484375 0.33001708984375 0.235382080078125 0.043243408203125
0.702392578125 0.25537109375 0.29998779296875 -0.00885009765624998
0.534423828125 0.453948974609375 0.2811279296875 0.0798797607421875
0.37933349609375 0.66070556640625 0.252899169921875 0.162384033203125
0.1741943359375 0.67926025390625 0.241226196289063 0.0931854248046875
-0.27130126953125 0.69989013671875 0.191802978515625 0.140182495117188
-0.36346435546875 0.62884521484375 0.165924072265625 0.0443267822265625
-0.43634033203125 0.69189453125 0.285430908203125 -0.081268310546875
-0.481201171875 0.71319580078125 -0.0447921752929688 -0.0611381530761718
-0.32568359375 0.59771728515625 0.2220458984375 -0.160552978515625
-0.2567138671875 0.71197509765625 0.152435302734375 -0.3623046875
-0.14202880859375 0.657470703125 -0.054840087890625 -0.34930419921875
0.1075439453125 0.728515625 -0.211410522460937 -0.0849304199218749
0.46539306640625 0.61822509765625 -0.187728881835938 0.00910949707031258
0.66015625 0.390625 -0.0541648864746093 -0.00391769409179685
0.69378662109375 0.37384033203125 -0.00970554351806637 -0.00712490081787107
0.76177978515625 0.2828369140625 0.0424995422363282 -0.0477485656738281
0.558074951171875 0.470001220703125 0.0650482177734375 -0.0262413024902344
0.3746337890625 0.66644287109375 0.156906127929688 0.0680847167968751
0.16754150390625 0.66229248046875 0.224822998046875 0.06585693359375
-0.2308349609375 0.68121337890625 0.14947509765625 0.225204467773438
-0.3135986328125 0.642578125 0.06396484375 0.247055053710938
-0.421875 0.76239013671875 0.113113403320312 0.143997192382813
-0.43035888671875 0.61224365234375 -0.215423583984375 0.140869140625
-0.322906494140625 0.492828369140625 0.0911865234375 -0.0101547241210937
-0.31427001953125 0.6458740234375 0.0760040283203125 -0.2520751953125
-0.19903564453125 0.6517333984375 -0.076507568359375 -0.31207275390625
0.0804443359375 0.72900390625 -0.251312255859375 -0.211471557617187
0.479736328125 0.6201171875 -0.36090087890625 -0.171295166015625
0.6259765625 0.39617919921875 -0.3245849609375 -0.101776123046875
0.63507080078125 0.3612060546875 -0.252838134765625 -0.0571899414062499
0.69659423828125 0.2724609375 -0.19793701171875 -0.0839080810546874
0.470428466796875 0.42193603515625 -0.119491577148437 -0.118515014648437
0.27447509765625 0.568359375 0.08447265625 -0.0110015869140625
0.10882568359375 0.5230712890625 0.199417114257813 0.0746917724609375
-0.163909912109375 0.53216552734375 0.074981689453125 0.320709228515625
-0.219451904296875 0.556243896484375 -0.044830322265625 0.42999267578125
-0.34771728515625 0.7203369140625 -0.042388916015625 0.36846923828125
-0.302276611328125 0.426177978515625 -0.37750244140625 0.296295166015625
-0.24407958984375 0.32684326171875 -0.0589675903320313 0.123832702636719
-0.280120849609375 0.4664306640625 0.00138092041015625 -0.135536193847656
-0.19293212890625 0.511993408203125 -0.094696044921875 -0.274200439453125
0.050048828125 0.57470703125 -0.283935546875 -0.331817626953125
0.410736083984375 0.494964599609375 -0.51678466796875 -0.32025146484375
0.489105224609375 0.332489013671875 -0.5673828125 -0.16949462890625
0.48004150390625 0.2950439453125 -0.456939697265625 -0.096588134765625
0.5235595703125 0.23028564453125 -0.381317138671875 -0.12042236328125
0.312225341796875 0.325042724609375 -0.232467651367187 -0.197052001953125
0.130279541015625 0.396087646484375 0.0534782409667969 -0.0662078857421875
0.029144287109375 0.32666015625 0.165618896484375 0.115280151367188
-0.086578369140625 0.3240966796875 -0.029449462890625 0.39361572265625
-0.115142822265625 0.40179443359375 -0.15020751953125 0.548858642578125
-0.244140625 0.57147216796875 -0.16778564453125 0.555206298828125
-0.11260986328125 0.194259643554688 -0.491973876953125 0.392120361328125
-0.0900650024414063 0.137596130371094 -0.179000854492188 0.221359252929688
-0.153472900390625 0.21136474609375 -0.0560150146484375 -0.0465812683105469
-0.127822875976563 0.263259887695313 -0.118820190429688 -0.240158081054687
0.015289306640625 0.302581787109375 -0.308349609375 -0.409393310546875
0.25982666015625 0.281341552734375 -0.6268310546875 -0.4000244140625
0.265548706054688 0.214462280273438 -0.73248291015625 -0.18707275390625
0.250823974609375 0.184585571289063 -0.5919189453125 -0.11724853515625
0.2880859375 0.15869140625 -0.4864501953125 -0.155853271484375
0.137496948242188 0.189727783203125 -0.272140502929688 -0.253982543945313
0.00338745117187499 0.198043823242188 0.054229736328125 -0.0908889770507812
-0.0305709838867188 0.132820129394531 0.119888305664062 0.169906616210937
-0.0170059204101562 0.118316650390625 -0.14324951171875 0.4227294921875
-0.02734375 0.211807250976563 -0.2451171875 0.590087890625
-0.121612548828125 0.33642578125 -0.25848388671875 0.67327880859375
-0.0729598999023437 -0.00868988037109376 0.23419189453125 -0.637451171875
-0.073699951171875 0.0127639770507812 0.21710205078125 -0.529754638671875
-0.0274505615234375 0.0492820739746094 0.100738525390625 -0.445709228515625
0.0509986877441406 0.05853271484375 -0.082000732421875 -0.311614990234375
0.0571174621582031 0.0203475952148437 -0.0617141723632812 0.127342224121094
-0.0331459045410156 -0.0465011596679687 0.257232666015625 0.35260009765625
0.00714111328125 -0.0630302429199219 0.558441162109375 0.20330810546875
0.0128746032714844 -0.0350551605224609 0.61077880859375 0.09814453125
-0.0373611450195313 -0.0410041809082031 0.6986083984375 0.09747314453125
-0.0125465393066406 -0.0208549499511719 0.63787841796875 0.33441162109375
0.0667648315429688 -0.00741195678710938 0.398956298828125 0.365997314453125
0.087249755859375 0.0198135375976562 0.18505859375 0.2366943359375
-0.00121307373046875 0.0819778442382813 0.181381225585938 0.061431884765625
-0.0218505859375 0.102615356445313 0.282318115234375 -0.25726318359375
-0.00924873352050781 0.0210189819335938 0.557373046875 -0.43267822265625
-0.203216552734375 0.28765869140625 0.22650146484375 -0.60076904296875
-0.129409790039063 0.247085571289063 0.25439453125 -0.489288330078125
-0.0366058349609375 0.267959594726562 0.16326904296875 -0.448883056640625
0.0514678955078125 0.214874267578125 -0.0413818359375 -0.34637451171875
0.106613159179688 0.201507568359375 -0.0843429565429688 0.109306335449219
0.122566223144531 0.126396179199219 0.198455810546875 0.33685302734375
0.241195678710937 0.0499267578125 0.51007080078125 0.1949462890625
0.274642944335937 0.0924224853515625 0.561279296875 0.0855712890625
0.257904052734375 0.0751953125 0.65301513671875 0.0556640625
0.2027587890625 0.187850952148438 0.5965576171875 0.26611328125
0.182647705078125 0.284088134765625 0.3924560546875 0.32061767578125
0.099609375 0.305694580078125 0.216415405273438 0.189056396484375
-0.151763916015625 0.344085693359375 0.205642700195313 0.050201416015625
-0.199615478515625 0.320526123046875 0.283966064453125 -0.235107421875
-0.19775390625 0.288360595703125 0.5224609375 -0.394317626953125
-0.321563720703125 0.542999267578125 0.177947998046875 -0.47601318359375
-0.1875 0.46392822265625 0.278350830078125 -0.4151611328125
-0.062469482421875 0.483795166015625 0.19171142578125 -0.448638916015625
0.02716064453125 0.3792724609375 -0.03143310546875 -0.364410400390625
0.13568115234375 0.389556884765625 -0.116500854492187 0.0781402587890625
0.267913818359375 0.3109130859375 0.1075439453125 0.2786865234375
0.443634033203125 0.174102783203125 0.38885498046875 0.15545654296875
0.497894287109375 0.20458984375 0.42822265625 0.06201171875
0.518280029296875 0.163330078125 0.507781982421875 0.00909423828125001
0.403656005859375 0.33807373046875 0.470794677734375 0.16802978515625
0.31231689453125 0.507293701171875 0.345489501953125 0.238983154296875
0.151397705078125 0.53472900390625 0.237808227539062 0.127197265625
-0.2257080078125 0.5723876953125 0.212203979492188 0.0686645507812501
-0.30621337890625 0.51123046875 0.23614501953125 -0.1339111328125
-0.329254150390625 0.52630615234375 0.416015625 -0.276641845703125
-0.404296875 0.70123291015625 0.085784912109375 -0.281951904296875
-0.244140625 0.597412109375 0.27105712890625 -0.30548095703125
-0.12261962890625 0.6484375 0.179931640625 -0.429107666015625
-0.029022216796875 0.53790283203125 -0.047637939453125 -0.36407470703125
0.14678955078125 0.57464599609375 -0.161483764648438 0.020355224609375
0.394927978515625 0.4761962890625 -0.0202178955078125 0.171173095703125
0.59326171875 0.281005859375 0.193817138671875 0.0868377685546875
0.64544677734375 0.28778076171875 0.2283935546875 0.0298614501953125
0.694091796875 0.21258544921875 0.2890625 -0.02679443359375
0.540283203125 0.4158935546875 0.277175903320313 0.0641021728515625
0.40399169921875 0.62554931640625 0.258773803710938 0.144210815429688
0.20159912109375 0.65325927734375 0.23797607421875 0.072509765625
-0.226318359375 0.69818115234375 0.199066162109375 0.121261596679688
-0.32366943359375 0.63348388671875 0.163101196289063 0.0354766845703125
-0.38336181640625 0.69830322265625 0.270050048828125 -0.0908050537109375
-0.4322509765625 0.72442626953125 -0.0462265014648438 -0.0590591430664062
-0.2860107421875 0.60260009765625 0.2071533203125 -0.164718627929687
-0.2083740234375 0.7098388671875 0.131103515625 -0.361602783203125
-0.104248046875 0.64593505859375 -0.0718994140625 -0.3411865234375
0.13836669921875 0.7015380859375 -0.211318969726563 -0.0738525390625
0.4815673828125 0.57879638671875 -0.1846923828125 0.0202026367187501
0.66400146484375 0.3497314453125 -0.0548439025878906 0.00066375732421877
0.69403076171875 0.32781982421875 -0.00958538055419918 -0.00781917572021482
0.75335693359375 0.23321533203125 0.0393295288085938 -0.0523109436035156
0.56317138671875 0.43170166015625 0.0607757568359375 -0.0280723571777343
0.3988037109375 0.6304931640625 0.159942626953125 0.0552215576171875
0.19708251953125 0.63543701171875 0.220535278320313 0.0454864501953125
-0.1851806640625 0.6751708984375 0.1622314453125 0.207168579101562
-0.272705078125 0.64447021484375 0.0756378173828125 0.23858642578125
-0.3662109375 0.7664794921875 0.115814208984375 0.136314392089844
-0.39019775390625 0.62298583984375 -0.202651977539062 0.146926879882813
-0.289886474609375 0.5018310546875 0.0883407592773437 -0.0130386352539062
-0.2677001953125 0.64752197265625 0.062896728515625 -0.2513427734375
-0.16339111328125 0.64410400390625 -0.089630126953125 -0.303253173828125
0.11151123046875 0.70501708984375 -0.256118774414063 -0.195999145507812
0.495849609375 0.578857421875 -0.364288330078125 -0.147064208984375
0.6328125 0.3580322265625 -0.3221435546875 -0.08154296875
0.63623046875 0.3189697265625 -0.246185302734375 -0.0459442138671875
0.6876220703125 0.226806640625 -0.19403076171875 -0.0749969482421875
0.4742431640625 0.38916015625 -0.122688293457031 -0.109580993652344
0.29461669921875 0.537078857421875 0.08489990234375 -0.0194625854492187
0.12921142578125 0.502105712890625 0.19635009765625 0.05718994140625
-0.12774658203125 0.525909423828125 0.0936279296875 0.305816650390625
-0.184478759765625 0.55633544921875 -0.01751708984375 0.422332763671875
-0.29840087890625 0.721923828125 -0.021728515625 0.362030029296875
-0.274993896484375 0.433868408203125 -0.351806640625 0.3076171875
-0.220947265625 0.332794189453125 -0.0517349243164063 0.124488830566406
-0.243682861328125 0.469390869140625 -0.00383758544921877 -0.133270263671875
-0.16253662109375 0.507293701171875 -0.103729248046875 -0.263504028320313
0.07537841796875 0.555816650390625 -0.29364013671875 -0.310760498046875
0.42327880859375 0.460479736328125 -0.524505615234375 -0.28521728515625
0.496795654296875 0.30230712890625 -0.5594482421875 -0.134185791015625
0.4814453125 0.262847900390625 -0.444244384765625 -0.0752258300781251
0.517364501953125 0.19464111328125 -0.372406005859375 -0.100616455078125
0.316619873046875 0.30096435546875 -0.236541748046875 -0.179397583007813
0.144775390625 0.37744140625 0.051513671875 -0.071624755859375
0.043609619140625 0.31341552734375 0.166305541992188 0.100189208984375
-0.06317138671875 0.31878662109375 -0.00512695312499999 0.38433837890625
-0.091522216796875 0.401092529296875 -0.114501953125 0.543426513671875
-0.20458984375 0.572509765625 -0.131744384765625 0.547088623046875
-0.102096557617188 0.196060180664062 -0.458892822265625 0.40594482421875
-0.0800704956054688 0.139114379882812 -0.1636962890625 0.225067138671875
-0.13531494140625 0.214202880859375 -0.0554161071777344 -0.042388916015625
-0.112960815429687 0.263473510742188 -0.12371826171875 -0.227584838867187
0.02923583984375 0.293212890625 -0.320587158203125 -0.3865966796875
0.267425537109375 0.257705688476563 -0.63385009765625 -0.35791015625
0.2718505859375 0.1978759765625 -0.7216796875 -0.14520263671875
0.253494262695313 0.168609619140625 -0.57470703125 -0.0889892578124999
0.284454345703125 0.13775634765625 -0.474853515625 -0.1307373046875
0.139724731445313 0.17718505859375 -0.277023315429687 -0.232940673828125
0.0111236572265625 0.19189453125 0.0503616333007813 -0.0957565307617187
-0.0234832763671875 0.129310607910156 0.125 0.157058715820313
-0.00836944580078126 0.115432739257813 -0.11578369140625 0.418365478515625
-0.0158233642578125 0.210769653320313 -0.2020263671875 0.58544921875
-0.099761962890625 0.335174560546875 -0.21380615234375 0.66632080078125
-0.0697669982910156 -0.00661468505859374 0.2115478515625 -0.63629150390625
-0.0710601806640625 0.0130233764648438 0.1947021484375 -0.52252197265625
-0.0269393920898437 0.0490226745605469 0.0855407714843751 -0.43634033203125
0.05322265625 0.0554542541503906 -0.09356689453125 -0.304229736328125
0.0567817687988281 0.0193672180175781 -0.0574722290039063 0.126609802246094
-0.0354042053222656 -0.0395278930664063 0.265625 0.337646484375
0.0035858154296875 -0.0631179809570313 0.553192138671875 0.182464599609375
0.0130043029785156 -0.0365142822265625 0.5946044921875 0.0819091796875
-0.0360221862792969 -0.0376548767089844 0.68212890625 0.078125
-0.0122528076171875 -0.019561767578125 0.63604736328125 0.3104248046875
0.0665702819824219 -0.0107574462890625 0.404266357421875 0.349578857421875
0.0858612060546875 0.016754150390625 0.187484741210937 0.225875854492188
-0.0012359619140625 0.0825119018554688 0.179962158203125 0.0505218505859375
-0.0178146362304688 0.0992660522460938 0.267181396484375 -0.262054443359375
-0.00834274291992187 0.0184650421142578 0.528076171875 -0.435577392578125
-0.188629150390625 0.290008544921875 0.2037353515625 -0.598876953125
-0.118133544921875 0.24713134765625 0.232513427734375 -0.483062744140625
-0.026641845703125 0.264999389648438 0.14544677734375 -0.4415283203125
0.056976318359375 0.207962036132813 -0.054046630859375 -0.3408203125
0.110076904296875 0.193771362304688 -0.0806961059570313 0.109367370605469
0.121353149414063 0.125541687011719 0.206085205078125 0.324798583984375
0.236648559570313 0.040863037109375 0.5052490234375 0.177520751953125
0.273223876953125 0.0806427001953125 0.547515869140625 0.070220947265625
0.256454467773438 0.0677032470703125 0.6358642578125 0.034912109375
0.204635620117188 0.180023193359375 0.59521484375 0.245849609375
0.189926147460938 0.272293090820313 0.3975830078125 0.305023193359375
0.10528564453125 0.29730224609375 0.216690063476563 0.17669677734375
-0.1395263671875 0.344390869140625 0.205184936523438 0.0380401611328125
-0.18701171875 0.319549560546875 0.269561767578125 -0.239837646484375
-0.183990478515625 0.287353515625 0.495819091796875 -0.396942138671875
-0.297027587890625 0.5472412109375 0.159210205078125 -0.474151611328125
-0.16796875 0.462921142578125 0.25799560546875 -0.41094970703125
-0.0428466796875 0.477294921875 0.17315673828125 -0.44378662109375
0.038848876953125 0.37005615234375 -0.044921875 -0.35986328125
0.14404296875 0.376129150390625 -0.113815307617188 0.0796279907226563
0.267913818359375 0.300994873046875 0.114013671875 0.270797729492188
0.441253662109375 0.155975341796875 0.38470458984375 0.141632080078125
0.49578857421875 0.184539794921875 0.417724609375 0.050994873046875
0.51312255859375 0.143798828125 0.4935302734375 -0.00616455078124999
0.40496826171875 0.32159423828125 0.467803955078125 0.150970458984375
0.323516845703125 0.487457275390625 0.349700927734375 0.225311279296875
0.16265869140625 0.52117919921875 0.235626220703125 0.114059448242188
-0.20440673828125 0.57012939453125 0.213211059570313 0.0549774169921875
-0.285125732421875 0.5123291015625 0.226104736328125 -0.138702392578125
-0.305450439453125 0.525604248046875 0.395477294921875 -0.280426025390625
-0.3760986328125 0.704833984375 0.0754852294921874 -0.281036376953125
-0.2200927734375 0.59576416015625 0.2562255859375 -0.302825927734375
-0.09564208984375 0.64111328125 0.1656494140625 -0.426055908203125
-0.01190185546875 0.526397705078125 -0.059967041015625 -0.36004638671875
0.160491943359375 0.557403564453125 -0.159011840820313 0.0243072509765625
0.398956298828125 0.459503173828125 -0.0174560546875 0.170608520507813
0.5926513671875 0.2584228515625 0.191604614257813 0.0809783935546875
0.642822265625 0.261474609375 0.222671508789063 0.02252197265625
0.685546875 0.1876220703125 0.27923583984375 -0.0374603271484375
0.538116455078125 0.395263671875 0.273834228515625 0.0554656982421875
0.41650390625 0.60107421875 0.262359619140625 0.1329345703125
0.21453857421875 0.63519287109375 0.233551025390625 0.059051513671875
-0.19921875 0.69268798828125 0.202789306640625 0.107101440429688
-0.29901123046875 0.63336181640625 0.160430908203125 0.0303955078125
-0.35302734375 0.69622802734375 0.259140014648438 -0.0929107666015625
-0.4024658203125 0.728271484375 -0.0474815368652344 -0.0572052001953125
-0.2608642578125 0.604248046875 0.198074340820312 -0.16436767578125
-0.1768798828125 0.70404052734375 0.1190185546875 -0.36077880859375
-0.0849609375000001 0.63592529296875 -0.08203125 -0.337005615234375
0.155029296875 0.682861328125 -0.211532592773438 -0.0668334960937499
0.487213134765625 0.5570068359375 -0.1846923828125 0.0275726318359375
0.66510009765625 0.32513427734375 -0.0543289184570312 0.00426101684570315
0.68988037109375 0.299072265625 -0.00965404510498043 -0.00977993011474608
0.74365234375 0.2049560546875 0.03497314453125 -0.0560798645019531
0.560577392578125 0.4071044921875 0.0588836669921875 -0.0289459228515625
0.41058349609375 0.606689453125 0.162353515625 0.0456390380859375
0.208984375 0.61602783203125 0.21624755859375 0.0337677001953125
-0.15777587890625 0.6683349609375 0.16937255859375 0.1937255859375
-0.24847412109375 0.64373779296875 0.0832366943359375 0.233078002929688
-0.33221435546875 0.76287841796875 0.116004943847656 0.132186889648438
-0.3656005859375 0.62652587890625 -0.1937255859375 0.150375366210938
-0.26824951171875 0.502288818359375 0.0862045288085937 -0.0139236450195312
-0.23541259765625 0.64312744140625 0.0557098388671875 -0.250518798828125
-0.14385986328125 0.63714599609375 -0.097259521484375 -0.297576904296875
0.128662109375 0.68695068359375 -0.258758544921875 -0.184280395507812
0.50189208984375 0.55340576171875 -0.365966796875 -0.13037109375
0.635009765625 0.33245849609375 -0.31817626953125 -0.066986083984375
0.63482666015625 0.2940673828125 -0.241058349609375 -0.0414276123046875
0.6763916015625 0.19952392578125 -0.192092895507812 -0.0722808837890625
0.47314453125 0.369598388671875 -0.123626708984375 -0.103294372558594
0.30389404296875 0.517852783203125 0.0860443115234375 -0.0263595581054687
0.140106201171875 0.486602783203125 0.193222045898438 0.0457000732421875
-0.10528564453125 0.51898193359375 0.105255126953125 0.29425048828125
-0.162628173828125 0.554229736328125 -0.00125122070312504 0.41583251953125
-0.26593017578125 0.71722412109375 -0.00997924804687499 0.35546875
-0.25933837890625 0.43841552734375 -0.334991455078125 0.31170654296875
-0.205596923828125 0.334564208984375 -0.0467453002929688 0.124404907226563
-0.21978759765625 0.46722412109375 -0.00614929199218752 -0.132484436035156
-0.1474609375 0.5023193359375 -0.10699462890625 -0.257705688476562
0.0900573730468751 0.5428466796875 -0.29901123046875 -0.29840087890625
0.428436279296875 0.436279296875 -0.52752685546875 -0.262054443359375
0.500030517578125 0.28326416015625 -0.551849365234375 -0.112213134765625
0.480438232421875 0.24542236328125 -0.435699462890625 -0.0655212402343749
0.50897216796875 0.17340087890625 -0.365692138671875 -0.0932006835937499
0.314697265625 0.28631591796875 -0.236618041992187 -0.168548583984375
0.151611328125 0.365020751953125 0.0511398315429688 -0.076416015625
0.051239013671875 0.304718017578125 0.16534423828125 0.0909423828125
-0.04974365234375 0.31439208984375 0.00939941406250002 0.376251220703125
-0.076812744140625 0.400299072265625 -0.090972900390625 0.535400390625
-0.18048095703125 0.5673828125 -0.111236572265625 0.538909912109375
-0.0962066650390625 0.196319580078125 -0.435821533203125 0.410797119140625
-0.0738601684570313 0.139366149902344 -0.153594970703125 0.225143432617188
-0.123092651367187 0.212509155273438 -0.0540809631347656 -0.0406875610351562
-0.104232788085937 0.262222290039062 -0.124755859375 -0.22052001953125
0.036346435546875 0.2860107421875 -0.32806396484375 -0.372894287109375
0.269317626953125 0.241867065429688 -0.63909912109375 -0.330322265625
0.275894165039063 0.187255859375 -0.7078857421875 -0.12030029296875
0.2530517578125 0.158340454101563 -0.562286376953125 -0.0749511718749999
0.280410766601563 0.12420654296875 -0.46551513671875 -0.11895751953125
0.13970947265625 0.170608520507813 -0.277603149414062 -0.219039916992188
0.014617919921875 0.187118530273438 0.0477142333984375 -0.0987777709960937
-0.0191802978515625 0.126396179199219 0.127120971679688 0.14886474609375
-0.00370025634765624 0.112480163574219 -0.0992431640625 0.41351318359375
-0.009246826171875 0.210983276367187 -0.17510986328125 0.5791015625
-0.08642578125 0.332305908203125 -0.1873779296875 0.656982421875
-0.0689125061035156 -0.00538635253906249 0.19793701171875 -0.6441650390625
-0.0707931518554688 0.0132064819335938 0.181396484375 -0.524261474609375
-0.0269050598144531 0.0502967834472656 0.074859619140625 -0.436614990234375
0.0558586120605469 0.0530853271484375 -0.104400634765625 -0.304534912109375
0.0576286315917969 0.01904296875 -0.05517578125 0.12774658203125
-0.0368881225585938 -0.0331382751464844 0.27557373046875 0.331512451171875
0.000675201416015624 -0.0637283325195313 0.5550537109375 0.171783447265625
0.0125846862792969 -0.0385513305664063 0.5921630859375 0.0758056640625
-0.0347976684570313 -0.0351219177246094 0.67803955078125 0.065673828125
-0.0124664306640625 -0.0187244415283203 0.64398193359375 0.2972412109375
0.0678291320800781 -0.0136795043945313 0.4154052734375 0.342803955078125
0.0864715576171875 0.0142593383789062 0.190475463867188 0.222366333007813
-0.00183868408203125 0.0845870971679688 0.18109130859375 0.042755126953125
-0.015411376953125 0.0980606079101563 0.258956909179688 -0.268463134765625
-0.00850677490234375 0.0161399841308594 0.5145263671875 -0.440704345703125
-0.180877685546875 0.29522705078125 0.19146728515625 -0.60479736328125
-0.111480712890625 0.25042724609375 0.218994140625 -0.484161376953125
-0.019256591796875 0.266525268554688 0.1363525390625 -0.443450927734375
0.062652587890625 0.205368041992188 -0.065185546875 -0.3428955078125
0.114013671875 0.190933227539063 -0.0789871215820312 0.111228942871094
0.122749328613281 0.128684997558594 0.214874267578125 0.3199462890625
0.236190795898438 0.0352783203125 0.506622314453125 0.16607666015625
0.275863647460938 0.071990966796875 0.544342041015625 0.0645751953125
0.259201049804688 0.063140869140625 0.63189697265625 0.02276611328125
0.20819091796875 0.176589965820312 0.6015625 0.2342529296875
0.19708251953125 0.267913818359375 0.40869140625 0.297576904296875
0.110748291015625 0.295501708984375 0.218887329101563 0.170578002929688
-0.133392333984375 0.34991455078125 0.207366943359375 0.0282135009765625
-0.181243896484375 0.32403564453125 0.262298583984375 -0.246734619140625
-0.178375244140625 0.290069580078125 0.483001708984375 -0.402618408203125
-0.2830810546875 0.5567626953125 0.14874267578125 -0.4793701171875
-0.15692138671875 0.468902587890625 0.247802734375 -0.412261962890625
-0.02880859375 0.48046875 0.164337158203125 -0.44720458984375
0.046417236328125 0.36749267578125 -0.0555419921875 -0.36236572265625
0.151519775390625 0.372467041015625 -0.112640380859375 0.08203125
0.273223876953125 0.30078125 0.119735717773438 0.269546508789063
0.441986083984375 0.14605712890625 0.386871337890625 0.133880615234375
0.5001220703125 0.17169189453125 0.415863037109375 0.043701171875
0.51611328125 0.134185791015625 0.487701416015625 -0.016448974609375
0.410491943359375 0.31634521484375 0.471435546875 0.142242431640625
0.336669921875 0.480255126953125 0.359283447265625 0.217498779296875
0.17279052734375 0.51910400390625 0.236007690429687 0.106231689453125
-0.19091796875 0.5770263671875 0.21649169921875 0.0436553955078125
-0.27679443359375 0.520294189453125 0.221694946289062 -0.143951416015625
-0.293243408203125 0.532318115234375 0.3857421875 -0.28436279296875
-0.36041259765625 0.71807861328125 0.06854248046875 -0.28289794921875
-0.2037353515625 0.6044921875 0.248565673828125 -0.304412841796875
-0.07452392578125 0.64581298828125 0.15618896484375 -0.430084228515625
-0.00228881835937497 0.52777099609375 -0.070709228515625 -0.363311767578125
0.1710205078125 0.552001953125 -0.159744262695313 0.0289916992187501
0.4066162109375 0.454254150390625 -0.015533447265625 0.173583984375
0.59765625 0.2462158203125 0.19342041015625 0.07763671875
0.64862060546875 0.24444580078125 0.220901489257813 0.0174713134765625
0.6881103515625 0.171630859375 0.27471923828125 -0.04541015625
0.54461669921875 0.38763427734375 0.275283813476563 0.050506591796875
0.4307861328125 0.59259033203125 0.269943237304688 0.125076293945313
0.22747802734375 0.63153076171875 0.232269287109375 0.0495758056640625
-0.18182373046875 0.6976318359375 0.207687377929688 0.096466064453125
-0.28619384765625 0.64263916015625 0.1610107421875 0.02777099609375
-0.335693359375 0.7025146484375 0.2537841796875 -0.0951995849609375
-0.38641357421875 0.74273681640625 -0.0485191345214844 -0.0560188293457031
-0.2457275390625 0.61395263671875 0.194869995117187 -0.165130615234375
-0.15350341796875 0.70947265625 0.112701416015625 -0.364959716796875
-0.0743408203125 0.6387939453125 -0.090087890625 -0.339385986328125
0.1676025390625 0.6800537109375 -0.213912963867188 -0.0609588623046874
0.49853515625 0.548583984375 -0.187210083007812 0.0356140136718751
0.673583984375 0.309814453125 -0.053619384765625 0.00706863403320314
0.696533203125 0.28363037109375 -0.0104789733886718 -0.0122079849243164
0.7464599609375 0.1876220703125 0.0311126708984375 -0.0603828430175781
0.56646728515625 0.399169921875 0.0581436157226563 -0.0296287536621094
0.42449951171875 0.5972900390625 0.167800903320313 0.03857421875
0.22021484375 0.612548828125 0.214218139648438 0.02362060546875
-0.14141845703125 0.6712646484375 0.176666259765625 0.184906005859375
-0.2327880859375 0.65509033203125 0.0897674560546875 0.232376098632813
-0.3133544921875 0.77117919921875 0.11737060546875 0.132347106933594
-0.35223388671875 0.64031982421875 -0.190139770507813 0.155349731445313
-0.255615234375 0.51080322265625 0.0862274169921875 -0.013519287109375
-0.21710205078125 0.649169921875 0.051116943359375 -0.2537841796875
-0.1329345703125 0.6400146484375 -0.102081298828125 -0.29986572265625
0.14190673828125 0.6849365234375 -0.263992309570312 -0.178436279296875
0.51202392578125 0.5435791015625 -0.374176025390625 -0.1177978515625
0.64581298828125 0.3203125 -0.318572998046875 -0.0588073730468749
0.64093017578125 0.27880859375 -0.241241455078125 -0.0392303466796874
0.6778564453125 0.18408203125 -0.1949462890625 -0.0729522705078125
0.47821044921875 0.36181640625 -0.125755310058594 -0.0999832153320312
0.315460205078125 0.5107421875 0.08807373046875 -0.032989501953125
0.1490478515625 0.484527587890625 0.19287109375 0.0379486083984375
-0.0911865234375 0.52105712890625 0.11517333984375 0.28936767578125
-0.151123046875 0.56280517578125 0.0102539062499999 0.4171142578125
-0.2479248046875 0.72222900390625 -0.00265502929687503 0.35638427734375
-0.252838134765625 0.44573974609375 -0.3272705078125 0.31951904296875
-0.197418212890625 0.340362548828125 -0.044189453125 0.126106262207031
-0.206298828125 0.47137451171875 -0.00806427001953127 -0.1346435546875
-0.140228271484375 0.508941650390625 -0.110137939453125 -0.257827758789063
0.100921630859375 0.540985107421875 -0.305389404296875 -0.292816162109375
0.435028076171875 0.42510986328125 -0.53887939453125 -0.246063232421875
0.509521484375 0.27386474609375 -0.551483154296875 -0.0989379882812501
0.48675537109375 0.233642578125 -0.434967041015625 -0.0609130859374999
0.509674072265625 0.16015625 -0.36578369140625 -0.089080810546875
0.31671142578125 0.283233642578125 -0.240402221679687 -0.16339111328125
0.15838623046875 0.36065673828125 0.0513687133789063 -0.0823135375976562
0.055938720703125 0.302093505859375 0.166885375976563 0.0853271484375
-0.040985107421875 0.31463623046875 0.020751953125 0.37445068359375
-0.067840576171875 0.405853271484375 -0.073883056640625 0.537261962890625
-0.1661376953125 0.571533203125 -0.097869873046875 0.540374755859375
-0.0947723388671875 0.199798583984375 -0.42529296875 0.419464111328125
-0.0699310302734375 0.140640258789062 -0.148971557617188 0.228713989257813
-0.1165771484375 0.214004516601563 -0.0546417236328125 -0.0408554077148437
-0.09991455078125 0.26513671875 -0.125091552734375 -0.2191162109375
0.041534423828125 0.284393310546875 -0.338134765625 -0.366607666015625
0.272933959960937 0.232589721679687 -0.64898681640625 -0.31365966796875
0.283294677734375 0.181854248046875 -0.7091064453125 -0.103759765625
0.25665283203125 0.154296875 -0.5601806640625 -0.06878662109375
0.279571533203125 0.118057250976563 -0.465484619140625 -0.112823486328125
0.140365600585937 0.168609619140625 -0.281158447265625 -0.213241577148437
0.0174407958984375 0.186477661132813 0.0470733642578125 -0.103378295898437
-0.0173721313476562 0.125373840332031 0.13067626953125 0.146408081054688
4.57763671874931E-05 0.112716674804688 -0.088714599609375 0.415924072265625
-0.00393676757812501 0.214248657226562 -0.15576171875 0.580078125
-0.07891845703125 0.33544921875 -0.1702880859375 0.65960693359375
-0.0684623718261719 -0.0037841796875 0.17889404296875 -0.66552734375
-0.0720291137695313 0.0146331787109375 0.164306640625 -0.535125732421875
-0.027252197265625 0.0523948669433594 0.061737060546875 -0.44512939453125
0.0593833923339844 0.0510292053222656 -0.121124267578125 -0.3077392578125
0.0591049194335938 0.0184898376464844 -0.0528564453125 0.130958557128906
-0.0377082824707031 -0.0267562866210937 0.293487548828125 0.326324462890625
-0.00318145751953125 -0.0641098022460937 0.5665283203125 0.1578369140625
0.0121116638183594 -0.041748046875 0.60089111328125 0.06451416015625
-0.0345382690429688 -0.0335502624511719 0.68817138671875 0.04937744140625
-0.013275146484375 -0.0178718566894531 0.6671142578125 0.28082275390625
0.0697517395019531 -0.0182151794433594 0.437347412109375 0.3372802734375
0.0890731811523438 0.01043701171875 0.199295043945313 0.220703125
-0.000816345214843743 0.0887603759765625 0.184463500976563 0.0350494384765625
-0.0120468139648437 0.099151611328125 0.25189208984375 -0.2823486328125
-0.0086517333984375 0.015101432800293 0.507415771484375 -0.4588623046875
-0.17291259765625 0.308197021484375 0.17437744140625 -0.623291015625
-0.104400634765625 0.259384155273438 0.205474853515625 -0.493560791015625
-0.00849914550781247 0.272003173828125 0.124755859375 -0.4534912109375
0.0712127685546875 0.205520629882813 -0.081390380859375 -0.34954833984375
0.121673583984375 0.190017700195313 -0.0766220092773437 0.115219116210938
0.129043579101562 0.133758544921875 0.2301025390625 0.3173828125
0.23956298828125 0.027923583984375 0.51776123046875 0.15234375
0.28350830078125 0.06170654296875 0.5516357421875 0.050750732421875
0.267242431640625 0.055694580078125 0.63818359375 0.006103515625
0.216995239257813 0.175918579101563 0.62078857421875 0.21746826171875
0.211044311523438 0.264678955078125 0.43115234375 0.29083251953125
0.1217041015625 0.297760009765625 0.226638793945313 0.165847778320313
-0.125823974609375 0.362823486328125 0.2115478515625 0.0173492431640625
-0.174560546875 0.335235595703125 0.256515502929688 -0.259597778320313
-0.1717529296875 0.2994384765625 0.47454833984375 -0.41888427734375
-0.26904296875 0.57733154296875 0.135162353515625 -0.493743896484375
-0.142059326171875 0.484710693359375 0.237548828125 -0.4217529296875
-0.00695800781249997 0.489776611328125 0.152923583984375 -0.459930419921875
0.059722900390625 0.37164306640625 -0.072357177734375 -0.370758056640625
0.1658935546875 0.37237548828125 -0.111900329589844 0.0876617431640625
0.28607177734375 0.3033447265625 0.130157470703125 0.271575927734375
0.454864501953125 0.1334228515625 0.39678955078125 0.123626708984375
0.514739990234375 0.15411376953125 0.421142578125 0.032379150390625
0.52947998046875 0.119232177734375 0.491424560546875 -0.031524658203125
0.42657470703125 0.313140869140625 0.485870361328125 0.1290283203125
0.360809326171875 0.47821044921875 0.378662109375 0.209320068359375
0.19158935546875 0.5245361328125 0.241073608398438 0.0983428955078125
-0.17669677734375 0.5946044921875 0.222457885742187 0.031768798828125
-0.265167236328125 0.540679931640625 0.219573974609375 -0.1534423828125
-0.27978515625 0.550201416015625 0.38134765625 -0.295562744140625
-0.3421630859375 0.74505615234375 0.06024169921875 -0.290130615234375
-0.18438720703125 0.62274169921875 0.24261474609375 -0.311676025390625
-0.0479736328125 0.65802001953125 0.14630126953125 -0.4447021484375
0.0146789550781251 0.53704833984375 -0.086273193359375 -0.37158203125
0.191497802734375 0.555633544921875 -0.160888671875 0.0355377197265625
0.428131103515625 0.455291748046875 -0.01153564453125 0.18017578125
0.61712646484375 0.22979736328125 0.199203491210938 0.0720977783203125
0.668212890625 0.22528076171875 0.223037719726563 0.0103759765625
0.70599365234375 0.15313720703125 0.272552490234375 -0.0560455322265625
0.56646728515625 0.3807373046875 0.283660888671875 0.042236328125
0.4586181640625 0.58831787109375 0.28460693359375 0.11566162109375
0.25189208984375 0.6370849609375 0.235061645507813 0.0403900146484375
-0.16241455078125 0.7174072265625 0.215042114257812 0.0852813720703125
-0.27178955078125 0.66619873046875 0.164535522460937 0.0241241455078125
-0.31695556640625 0.72735595703125 0.253128051757813 -0.101669311523437
-0.3704833984375 0.77337646484375 -0.0510330200195313 -0.0537948608398437
-0.2279052734375 0.63397216796875 0.193679809570313 -0.17041015625
-0.12554931640625 0.72607421875 0.10406494140625 -0.3778076171875
-0.05419921875 0.6527099609375 -0.104827880859375 -0.347320556640625
0.192138671875 0.68499755859375 -0.219085693359375 -0.0538940429687499
0.52337646484375 0.546722412109375 -0.192138671875 0.0482025146484375
0.69744873046875 0.29083251953125 -0.0528182983398437 0.00914764404296877
0.7193603515625 0.26275634765625 -0.0122566223144531 -0.014200210571289
0.76318359375 0.1646728515625 0.0254096984863282 -0.0646705627441406
0.5875244140625 0.3929443359375 0.0579948425292969 -0.0318870544433594
0.45196533203125 0.59326171875 0.175064086914063 0.029449462890625
0.24346923828125 0.61785888671875 0.216445922851563 0.0144805908203125
-0.1195068359375 0.688232421875 0.1873779296875 0.177322387695313
-0.21600341796875 0.6771240234375 0.100311279296875 0.235855102539063
-0.29229736328125 0.7955322265625 0.122085571289062 0.132675170898438
-0.33966064453125 0.66510009765625 -0.18768310546875 0.165237426757813
-0.24151611328125 0.529571533203125 0.0878677368164062 -0.0137176513671875
-0.1937255859375 0.66650390625 0.045013427734375 -0.26318359375
-0.11761474609375 0.6572265625 -0.113922119140625 -0.306396484375
0.16571044921875 0.69244384765625 -0.274383544921875 -0.172821044921875
0.538482666015625 0.537506103515625 -0.387420654296875 -0.100738525390625
0.6702880859375 0.30413818359375 -0.3240966796875 -0.0486450195312499
0.66131591796875 0.26165771484375 -0.246429443359375 -0.03729248046875
0.6927490234375 0.1632080078125 -0.202880859375 -0.071258544921875
0.494903564453125 0.35693359375 -0.1319580078125 -0.097869873046875
0.33563232421875 0.508544921875 0.0914764404296875 -0.0419158935546875
0.166229248046875 0.48785400390625 0.195556640625 0.029449462890625
-0.07373046875 0.53131103515625 0.128814697265625 0.286468505859375
-0.134033203125 0.5806884765625 0.0289306640625 0.42437744140625
-0.22650146484375 0.74505615234375 0.00808715820312499 0.36297607421875
-0.244049072265625 0.4644775390625 -0.3212890625 0.33477783203125
-0.1885986328125 0.352874755859375 -0.0405426025390625 0.131088256835938
-0.190673828125 0.485626220703125 -0.011749267578125 -0.138542175292969
-0.127105712890625 0.5247802734375 -0.117828369140625 -0.262451171875
0.119171142578125 0.547760009765625 -0.321929931640625 -0.28759765625
0.454315185546875 0.418060302734375 -0.558380126953125 -0.22637939453125
0.53033447265625 0.261871337890625 -0.561431884765625 -0.0823974609375001
0.5015869140625 0.221649169921875 -0.4420166015625 -0.0524902343749999
0.518341064453125 0.14617919921875 -0.37640380859375 -0.0825500488281249
0.3292236328125 0.279327392578125 -0.249588012695313 -0.157913208007812
0.171112060546875 0.36126708984375 0.0507965087890625 -0.08978271484375
0.0650634765625 0.305267333984375 0.17291259765625 0.079345703125
-0.029266357421875 0.321563720703125 0.035491943359375 0.379119873046875
-0.053802490234375 0.418487548828125 -0.0528564453125 0.548370361328125
-0.1488037109375 0.58843994140625 -0.08233642578125 0.552093505859375
-0.092803955078125 0.20794677734375 -0.414215087890625 0.4395751953125
-0.0661468505859375 0.144119262695313 -0.143600463867188 0.236846923828125
-0.109268188476563 0.219924926757813 -0.0560111999511719 -0.0406303405761719
-0.0937347412109375 0.275177001953125 -0.130966186523438 -0.22113037109375
0.050384521484375 0.28814697265625 -0.3563232421875 -0.3631591796875
0.28228759765625 0.225799560546875 -0.674560546875 -0.2919921875
0.29742431640625 0.175567626953125 -0.72149658203125 -0.0818481445312501
0.266189575195313 0.149398803710938 -0.5684814453125 -0.05657958984375
0.284637451171875 0.1092529296875 -0.474822998046875 -0.104827880859375
0.14605712890625 0.168258666992188 -0.291839599609375 -0.20733642578125
0.021453857421875 0.188385009765625 0.0449295043945313 -0.10992431640625
-0.0139694213867187 0.128410339355469 0.138763427734375 0.144607543945313
0.00455474853515626 0.115165710449219 -0.075225830078125 0.42620849609375
0.004547119140625 0.219924926757813 -0.1348876953125 0.593017578125
-0.06951904296875 0.34393310546875 -0.15057373046875 0.67498779296875
0.0258176484809105 0.136282049707056 0.680472220051486 -0.242566059145025
0.0568923821494766 0.105552114369942 0.589110716484072 -0.132864823778332
0.0687580847872411 0.0336086921788214 0.441864656613888 -0.200369291249389
0.0140717372456175 -0.0621685766801104 0.19345637842371 -0.263994364439465
-0.0271745610825605 -0.0718437088410191 -0.156154718448991 0.0341514833562741
-0.0187375942082918 0.00355709885405928 -0.149627738353336 0.409529880954317
-0.0882810699582737 0.0287137812935287 0.0634326344127809 0.601471365355936
-0.0808790322726938 0.0203325574020863 0.230289578584599 0.613619193759297
-0.0544877596815127 0.0301541928431608 0.249854595028333 0.663995459495668
-0.0465586688079025 0.0176295476112311 0.0899207061757604 0.708492321544231
-0.08281875633621 -0.0572068540192471 -0.0964948348507098 0.590048324160356
-0.0591126643048513 -0.0957142774322761 -0.116467259090372 0.304561140055183
0.050690849127488 -0.0705359933989697 0.0704577444558502 0.162622765581436
0.0661779645261481 -0.0352771971867532 0.368436971658372 0.0614263096082492
-0.00583104279361713 0.0263939268835714 0.650595331767782 0.106712532477361
0.33454467792295 0.0449115724535387 0.608031738610507 -0.263594893491384
0.27176936791432 -0.0334328011961062 0.534569608214089 -0.109635328887389
0.2341389430683 -0.11446472046743 0.431269916480083 -0.165233711172156
0.13552224273924 -0.179286391179444 0.210833759019532 -0.266711742429786
0.0529333511398613 -0.242872163712798 -0.182445191135612 0.00888781498574795
0.00287674292519124 -0.22542168338055 -0.207056137507728 0.363411894969277
-0.135329220513968 -0.236616627453681 0.0106943274333564 0.565107386446943
-0.180389530862514 -0.242164689882162 0.198748431384285 0.579576385399225
-0.153531353309372 -0.278912168581702 0.235333555745676 0.613847440925527
-0.0422663278489523 -0.288891372189297 0.0753948151362247 0.636487626107407
0.0274795007315951 -0.356064315985296 -0.0986868369047491 0.545921605024879
0.165147889233647 -0.30213310733613 -0.0870986262300415 0.267159715927866
0.322045821821958 -0.18731306714177 0.0899938168401547 0.145702756471913
0.343168982253342 -0.0581829999434915 0.355869005039449 0.0443833397852536
0.297853356868977 0.00528391714975138 0.617594167577123 0.0783112653569636
0.60754104752858 -0.0389115496275135 0.446069239343688 -0.255827174560022
0.474035913059702 -0.157819040216681 0.451277800423285 -0.0772183779359458
0.410218946522746 -0.248120531418742 0.403804083876749 -0.165020502105384
0.286252759436947 -0.288396059420014 0.192803394789556 -0.29327137351487
0.15582350397388 -0.408282897334067 -0.206214458468355 -0.0376414538662355
0.0402638055969925 -0.450128632202168 -0.247494917025685 0.265003281751217
-0.150072387702339 -0.484159322270819 -0.0447162706839313 0.447183731827422
-0.254224746348526 -0.468972745485775 0.135720688994011 0.459964962185058
-0.246884085919866 -0.536471716374727 0.180469354012092 0.476303004585363
-0.0633946498347695 -0.542186779797974 0.0496109516053351 0.481261824504096
0.0826094362844187 -0.60888013365186 -0.0842311175495763 0.446958547442266
0.315641202673526 -0.502138574449758 -0.0493238251807923 0.224296122051558
0.511232588272675 -0.325983582376695 0.070167987281387 0.142420300429962
0.556280033287968 -0.120635926843213 0.243342261952173 0.0418257276656408
0.550902261737773 -0.0451573542378814 0.477330605025932 0.0531577636842986
0.787204539079371 -0.09643353131081 0.213434306203332 -0.224987884341766
0.613049783904644 -0.224949554756825 0.335529995278576 -0.0391079582485995
0.575055070348973 -0.318709522887627 0.352305102745366 -0.193149294505057
0.463545671051426 -0.369930638940902 0.149677629240656 -0.338849601816932
0.27556153568525 -0.559009704612493 -0.217034093102248 -0.114241234911877
0.0776576754135871 -0.642027699205127 -0.263691772269733 0.107226207771737
-0.143145957170328 -0.678417747558394 -0.0979698410884562 0.247701425691233
-0.289039805642231 -0.625433199144159 0.0498543007797536 0.268179224870921
-0.307960814178182 -0.700386113332883 0.0921993174039666 0.272379873298538
-0.0880259734231717 -0.694853161999213 0.0010992929610417 0.269980115278695
0.100510779294792 -0.75323097591225 -0.0645655426745878 0.308735923145782
0.37512452856373 -0.620912697446147 -0.0164892803721183 0.180327738238624
0.582080206203972 -0.427467236842938 0.0129156785605893 0.160400802514907
0.657517940661066 -0.204641203568452 0.0562243607769505 0.0737642535591846
0.709346720976159 -0.117853823141853 0.256815817548053 0.0554480183893386
0.835795475022129 -0.116114663819836 -0.0537280207578466 -0.189246639853914
0.648829709027311 -0.213142531150852 0.182771503212143 -0.019835212565539
0.680184509412385 -0.30104102131398 0.259881972702151 -0.220882065204823
0.618210955778191 -0.396271962991103 0.0961004932024565 -0.374385299344288
0.375613231834139 -0.648980175477672 -0.188444879280922 -0.222649532977517
0.102295028919424 -0.758233486259308 -0.250328329382402 -0.107209237640496
-0.116576163947171 -0.782542030399461 -0.146838902760746 -0.0136918301258535
-0.278875957263708 -0.688856088641019 -0.0462493238559733 0.0321291504178716
-0.3137513376476 -0.748963004327115 -0.0102007927836057 0.0407229330898996
-0.0793161420314553 -0.717977168469229 -0.0488567742420878 0.0417562081380585
0.114054877531036 -0.744068531568178 -0.0381363899060622 0.160381043483527
0.364036932755945 -0.600263260103605 0.0021239308420213 0.151706710328954
0.534916975487495 -0.441624025886359 -0.0791825678452263 0.196432904286207
0.63547847369827 -0.264649079232588 -0.165152009877093 0.129941793673418
0.753845536080716 -0.184916292802101 -0.00215199827084884 0.0903918546466749
0.743650131048432 -0.109269159694746 -0.307550787240662 -0.164754984947963
0.580250353273442 -0.14853920796381 0.00257400491949757 -0.0292481952169939
0.673059927774027 -0.218659054588982 0.142035817758787 -0.222889010148798
0.667094570816331 -0.351351260785917 0.060627610644832 -0.376754012359497
0.408662234703591 -0.624385221254416 -0.110608233010716 -0.347394654783034
0.103900245085948 -0.742496445999526 -0.206405026163226 -0.349631205227725
-0.0761188102323404 -0.759139811561401 -0.18878320374986 -0.294788270462781
-0.224973008204917 -0.646984339060445 -0.135407753519318 -0.210534582890882
-0.258279923060568 -0.680912069487214 -0.0948360593398982 -0.180190555880584
-0.0343676447108775 -0.620339682114106 -0.0716982077108626 -0.156000025811908
0.134756986900891 -0.593822165498694 0.0062883069235354 0.042171609631053
0.302698697509531 -0.450521807977101 0.00171545014281713 0.149700722072911
0.401145843397893 -0.363681811501904 -0.194455695460356 0.226237112434875
0.517604710491074 -0.277405802788578 -0.367747512292692 0.180177067067755
0.68577587791131 -0.221812971389587 -0.25088078307234 0.148657665494033
0.540752491337 -0.0979754030946093 -0.50987809473716 -0.15096963203271
0.409279791946296 -0.091519179076158 -0.175949094440579 -0.0456389476654181
0.522392472144572 -0.123225004906851 0.0350092910734086 -0.186383344345396
0.558910958012481 -0.250291629359363 0.0563264746505842 -0.34167502633105
0.347348194708949 -0.470192774349372 -0.00716633680183323 -0.462481703712347
0.0831191643754519 -0.584818092539499 -0.151159397748186 -0.56658893817441
-0.0245635721020962 -0.61198786064952 -0.222386976728463 -0.541006463584219
-0.135881323841727 -0.507197987423003 -0.204209264942203 -0.419370159540789
-0.157711028951998 -0.516345369731881 -0.139174575304121 -0.358437645657088
0.021681214659983 -0.437760617356038 -0.0511510844334552 -0.292199428291565
0.143132206176391 -0.368793313375688 0.0611133491939873 -0.020550428149206
0.209940737144898 -0.252541594546778 -0.0242073896496325 0.16766548707991
0.237318957296775 -0.24305877800462 -0.310946389143998 0.220256799535751
0.351746107102867 -0.24517635132403 -0.513215743643526 0.193991188141453
0.529192327910799 -0.210151254670422 -0.454567902799439 0.212587805392941
0.26040219346364 -0.0934215763903727 -0.630400803095159 -0.131613480441664
0.166999293355518 -0.0670437205187345 -0.30993316793304 -0.0430584960036519
0.253882422877216 -0.0402543187344675 -0.0304249547505678 -0.123965115162166
0.320522488146686 -0.10299315756239 0.0739859395913142 -0.290534349124692
0.214285840972404 -0.220191863246462 0.0843709040824601 -0.541778122796248
0.0561856570728235 -0.318859930594396 -0.104571175908241 -0.713482573037414
0.0359656214274511 -0.358761471971783 -0.241316115156834 -0.702834258350605
-0.0256102751596351 -0.29116691589278 -0.244388386775654 -0.562061837706539
-0.0436002568723835 -0.290069723588076 -0.13713777536844 -0.475479851656221
0.0572272415397647 -0.218252986673614 0.00122583094636037 -0.354585843472025
0.121781160915245 -0.139077965556538 0.106863387621147 -0.0325728862109525
0.11097556770913 -0.0769194364169892 -0.0733353259085959 0.185039985407514
0.0851413042006214 -0.116061847937789 -0.401101972109646 0.172806441282187
0.17274309802977 -0.169770326015659 -0.588956787076297 0.16714861558026
0.303230887834435 -0.154467525778216 -0.597575005751841 0.258836225796863
0.0341591419708866 0.1347295428245 0.66708481428487 -0.289522353161389
0.0644440251937814 0.102326839648643 0.580149507574715 -0.173522978351609
0.0723724923522072 0.0294709781113114 0.428467852237507 -0.230444457981609
0.00897856827579981 -0.0623265654909637 0.175129832033354 -0.28223373048647
-0.0305766909981311 -0.0719854411153673 -0.154579554775477 0.0437624623721104
-0.0166549770711106 -0.000617258789825471 -0.122270212052765 0.420498535820926
-0.0856332920570025 0.0346882471603501 0.100805713021583 0.595569076394503
-0.0811756063574541 0.0268550264765435 0.265224062206373 0.601700222754482
-0.0539113114536047 0.0322792836014514 0.292087075618901 0.649475024765613
-0.0448342799723422 0.020052469197254 0.136308540298751 0.708187239743284
-0.089500794975672 -0.0512208259032467 -0.0566456076050365 0.603048309762947
-0.0672354685691861 -0.0905314797293166 -0.0999299554998935 0.31284198389113
0.0496763770280815 -0.0757303934836235 0.0819133556041764 0.156558301622944
0.0633256735444529 -0.0384407448405486 0.372772400943984 0.0359353502436376
-0.00531833934946736 0.0282210290392732 0.65543345960569 0.0681960384441527
0.339491514649807 0.02180395793688 0.593616040582055 -0.305593987986265
0.270216308989058 -0.0527485079393883 0.524910018483565 -0.144255806391675
0.22654881616913 -0.131761950066775 0.421235714871009 -0.195208742433299
0.124036267223772 -0.188123821435684 0.193296394526348 -0.286740050516915
0.0376771076801339 -0.246981389102097 -0.180817925436442 0.0204848107119819
-0.010036612644409 -0.232376997776762 -0.183923177469085 0.377940827513837
-0.150217901632102 -0.229262938915417 0.0469383209381418 0.563657116290211
-0.198237173902252 -0.229938097534595 0.231399496356963 0.568601783719465
-0.174900551776604 -0.271532941378003 0.272524791011533 0.598215137677367
-0.0590143734131423 -0.290103757924491 0.119218317136655 0.636764020203626
0.00211725329182854 -0.359438968150057 -0.0599206842386914 0.559312904820348
0.14713327587265 -0.31464507032702 -0.0721973476102358 0.272226583622945
0.313848422225254 -0.210752236301263 0.101899762744495 0.137164789247168
0.343011560369846 -0.0808458346292193 0.358443423953662 0.0192533916867903
0.299684020920521 -0.0135668596970922 0.620479586684015 0.0396786156000097
0.61077735083422 -0.0815946944272355 0.429634685458558 -0.287122842581061
0.464128590762261 -0.192673540405515 0.442292266262662 -0.101821130960703
0.393790890703417 -0.279259921127307 0.393639090689686 -0.193326176018397
0.270997206723715 -0.306704104022481 0.175513385047199 -0.3149347485332
0.129943402389232 -0.418989647532677 -0.207738762333089 -0.0235282870110296
0.0123279387739367 -0.460299596201314 -0.233605181314661 0.282985049892773
-0.181658719781503 -0.47678293384251 -0.0136833596312927 0.449857680695229
-0.286607262889024 -0.452863673603737 0.163312691044913 0.451042609793243
-0.285574964210242 -0.523357517515812 0.209589063691717 0.462180122054005
-0.0962824726564035 -0.544124852548616 0.0805591103360817 0.481238793656985
0.040906108924645 -0.618800349400776 -0.0498310082742201 0.459011415347942
0.286098551657318 -0.525050488398265 -0.036088672364552 0.225314356808701
0.494996860471585 -0.361891120027617 0.0827287697619566 0.134180499719254
0.553475490781016 -0.158998223635228 0.245829513294044 0.0252256709485652
0.549110810458074 -0.083181342676551 0.478548254771559 0.0238010374655625
0.787817376166422 -0.152377583813589 0.198615663893218 -0.237985354747291
0.59743591989612 -0.269649642921706 0.329323092563137 -0.0553207885217506
0.551450304042692 -0.362634697662022 0.342425774432152 -0.216810209959793
0.444652745922216 -0.402196902928636 0.129319772469314 -0.358011473888726
0.239726746994516 -0.578305536751086 -0.223008514120814 -0.0999207031847258
0.0377017007655935 -0.655921808284529 -0.262850868805041 0.126301806389978
-0.188637970965769 -0.672117125208753 -0.0806583421046615 0.252942460469243
-0.331411681771357 -0.607688520413687 0.0653087815763848 0.262419839747709
-0.356011904430263 -0.682053324171782 0.108091207135275 0.263307788092761
-0.130510742656714 -0.69614551847446 0.0189554112711346 0.270546207165132
0.0500026186172287 -0.764489534574381 -0.0388588045113955 0.316640133502057
0.338452905914663 -0.649969950109153 -0.00548590507740328 0.178613661598818
0.559918881698336 -0.469488446010941 0.0267458981576947 0.156013881278816
0.651761326815523 -0.249791944691844 0.060292999479433 0.0702887470207999
0.70311057395238 -0.167724259074359 0.257629528247532 0.0393031282905698
0.835321844295207 -0.174348346918964 -0.0673053416245724 -0.183424267261292
0.636143384326097 -0.258448181411861 0.180011414717291 -0.0263117391600768
0.657843263571287 -0.350189461696999 0.250039394431827 -0.240141868766141
0.598534330282835 -0.438775735779941 0.0749772866212199 -0.389969208261694
0.334314764253458 -0.675087365020487 -0.201216761113167 -0.210921612243701
0.0553344482779183 -0.771116050177568 -0.263694927357205 -0.0894981195556565
-0.170877631858553 -0.777484213167877 -0.145800639322435 -0.00479580105393395
-0.3244535376793 -0.671683719096968 -0.0434431919115798 0.0310168975919093
-0.36394192915789 -0.72992784949882 -0.00915429984899572 0.037383485518683
-0.122544689894775 -0.720433616905281 -0.0471966415519829 0.0443660988205063
0.0648813650675103 -0.755571617207787 -0.0213643009878384 0.163623196418464
0.328183549761876 -0.626437230491641 0.013314183816175 0.14858052253952
0.507807635561823 -0.479133873150902 -0.0625476948515666 0.199007468439348
0.622345662639601 -0.310507572008714 -0.156601010672919 0.144401494098916
0.744281871010576 -0.237891096692202 0.000605424681603018 0.0912315164608661
0.743906910018798 -0.161338396583421 -0.318743582585013 -0.142691388274948
0.570162887201105 -0.187318561530509 0.000396855420438096 -0.0244838069952034
0.657843302832365 -0.266600453994463 0.131228986733703 -0.234053860853721
0.650877579603478 -0.398644523151335 0.0392355048305956 -0.387672338361973
0.37177542462111 -0.651250890474154 -0.13255381680077 -0.341123292446355
0.0578499879055354 -0.754625125102317 -0.23661129772039 -0.334746834370674
-0.129025336720335 -0.761207470889674 -0.206209353614057 -0.282073644107652
-0.269037978613544 -0.632973652077543 -0.147087392643224 -0.206715492551288
-0.30390914516449 -0.663873212147272 -0.107214421263084 -0.177541820876014
-0.0720826343971732 -0.623535473334797 -0.0830453759525341 -0.152949555859768
0.0963851785570242 -0.604196212288002 0.0146309760999663 0.0400969011988959
0.276086824662125 -0.472210419182775 0.0142611848396508 0.147286190101484
0.377198620794841 -0.393251464159435 -0.177535779030522 0.238036850408257
0.502868933211891 -0.31708070226935 -0.355441472576115 0.208324022846679
0.672059746749208 -0.269550945893255 -0.243984913889558 0.165407709764882
0.541769043158165 -0.134133278571142 -0.519624597938379 -0.118056358137078
0.403210554911538 -0.118092720429374 -0.178569216518837 -0.0318030286775676
0.512898020568395 -0.15763163948572 0.0257565601547723 -0.190149608248224
0.547492255034309 -0.2876112225809 0.0380763538804967 -0.34980715747451
0.319732493553918 -0.493388261864216 -0.0372199638932898 -0.464157954041354
0.0450496929177821 -0.593994311460554 -0.193678675598114 -0.556051771072167
-0.0677947523651548 -0.616126059543219 -0.255497366778913 -0.526789795673109
-0.169575814368019 -0.500532289220307 -0.22729865193888 -0.411303085240543
-0.190293226045609 -0.505224899602312 -0.162199968763827 -0.353414474893967
-0.00513300372650043 -0.441934494430631 -0.0712720247380723 -0.289589016515762
0.12099810752232 -0.376816695380903 0.0648658351462393 -0.0269198488294526
0.194601036242256 -0.266369227610233 -0.0106014787945345 0.169246005532505
0.220949045404166 -0.260454756388747 -0.295616423023239 0.241406834711168
0.337905269335137 -0.272433681884937 -0.49834651558424 0.230337378761828
0.518091870951698 -0.248440740035703 -0.442317327301907 0.241324317151718
0.258714882759891 -0.109790277929699 -0.63844361259762 -0.0913687077688423
0.16213481079839 -0.0767400814451509 -0.312283612146294 -0.0229221146602845
0.250601192497296 -0.0572527107490067 -0.0371661323517642 -0.12265428863397
0.316357023989918 -0.125226556173871 0.059263013925137 -0.296680979043938
0.202512667239881 -0.232916075948329 0.047528443650993 -0.553237637894375
0.0357225090074377 -0.32319244270882 -0.155207337150693 -0.708206653158595
0.0100891915798769 -0.364253520226983 -0.286439499716236 -0.688982740246126
-0.0445494563090762 -0.291407821395669 -0.275739048855945 -0.550679921922307
-0.0611270345408078 -0.286429615094831 -0.166591377508468 -0.468520099882949
0.0454455533610747 -0.222858423733882 -0.0221676637917556 -0.355166865512147
0.11444605664253 -0.146282602632841 0.107869640158166 -0.0408311356876106
0.106347158830099 -0.0847113136552038 -0.0596198750547335 0.191088137197686
0.0769510261025698 -0.123081298519845 -0.39017276592677 0.199401552930257
0.16258578486395 -0.18413293404512 -0.574490297911366 0.208617042209606
0.295893445295835 -0.175648175101793 -0.581076256468058 0.29830704031444
0.0418303813354163 0.130129676079472 0.640580976337191 -0.325769618075062
0.0694550830363483 0.0969389160190063 0.555327407769787 -0.204495328193735
0.074256736401563 0.0242801368674629 0.405993567764205 -0.252625661778705
0.0051060695359441 -0.0608514818590473 0.154067369782644 -0.292519054101803
-0.0344476579763978 -0.0707422630082156 -0.148447191602214 0.0517124665288681
-0.0162479437786271 -0.00483367879603224 -0.0953094811524958 0.420909570234315
-0.0808832526125712 0.0388434954214339 0.129356094045287 0.57787761809876
-0.0783502657193907 0.0333317253875256 0.290441018255736 0.577867829173882
-0.0525588424218399 0.0341840654729881 0.320528664672941 0.622590577760174
-0.0419837942440245 0.0213144630713689 0.177312209378818 0.690977227386116
-0.0931545931041005 -0.0440502893665012 -0.0180183156644385 0.59995250599063
-0.0725418672761979 -0.0837525659859973 -0.0828485445589369 0.314877496880951
0.0472530123153499 -0.0789358405515932 0.0898969714463544 0.148125418215136
0.0594513075117 -0.040267661581576 0.36797219688759 0.011468386012954
-0.0035729035782608 0.0297676562694034 0.644156254327379 0.0312846449278836
0.336471146907517 -0.000796386224459766 0.566083515951969 -0.335633851246227
0.262340017787562 -0.0692470490746776 0.502502854170558 -0.171254932237551
0.213846910932144 -0.145260096104573 0.399769669044922 -0.216669090498165
0.112244935155974 -0.191586557735226 0.1723507196656 -0.299230257745001
0.0228170467930954 -0.246050272044863 -0.174532248495634 0.0298029049550326
-0.0233513161948888 -0.233761725682076 -0.159473597864801 0.383554631856648
-0.160242536864747 -0.216086862386846 0.0768012778459898 0.548946065677686
-0.208670560088962 -0.212166964945656 0.255412182708411 0.544622980626003
-0.190432526704201 -0.257557544124896 0.299345429486506 0.573147862171874
-0.0738815024767263 -0.286028660165479 0.15526630590626 0.620965546605872
-0.0209896754085483 -0.353454758222267 -0.0213413036906099 0.556963576057188
0.127115703413112 -0.318006723174006 -0.0571236016677529 0.272127684633899
0.300182577177529 -0.228103800655923 0.109904286539454 0.126114084807763
0.333686853748652 -0.0992461795972992 0.353087004956567 -0.00366396022009396
0.294848445609964 -0.0302224381580195 0.609187516440955 0.0048502843367137
0.598767106742841 -0.119817583787994 0.404193993535726 -0.305639689656904
0.444631674316082 -0.218435076755595 0.424595874858588 -0.123129253222406
0.36769204288668 -0.301522208378294 0.375778994220268 -0.213219681055845
0.2503291446218 -0.319221089235282 0.154095899365722 -0.326451724920736
0.103146932290661 -0.418725554208708 -0.202607293979229 -0.0117489348548332
-0.0145961986341107 -0.459078857065375 -0.21624779414223 0.293681853379561
-0.207314823962291 -0.456881401525687 0.0120587573989297 0.43925242879021
-0.309138774569083 -0.426143234092198 0.181287971711996 0.431630971620767
-0.313423757810427 -0.498399227450529 0.229441346618823 0.441597789091822
-0.126053577647526 -0.536609082959594 0.109150995719304 0.469477521033468
0.0020861050553069 -0.610302778106792 -0.016793778819497 0.456647413755103
0.250832487711856 -0.537168348382818 -0.0244375152055758 0.222731804751291
0.468953042971872 -0.386485809658884 0.0918160578527611 0.12281272863835
0.538164766477405 -0.189215129594531 0.243027075296074 0.00996261706094603
0.535944844686933 -0.112869638399508 0.468436427633733 -0.00317733498691587
0.770853014659279 -0.201285735003337 0.178807118779051 -0.243901373063461
0.570683076908325 -0.302079746431635 0.319033114301967 -0.0682589824965947
0.518854960980753 -0.392935182540182 0.325724041266116 -0.235315904218749
0.417436266489634 -0.422615615164773 0.106592990244256 -0.367397310375208
0.202315411285634 -0.581209449147813 -0.222691568509625 -0.0858967350855424
-0.0013321057409275 -0.652726188197029 -0.255193781037773 0.142130977600618
-0.226447422211834 -0.650279901019194 -0.0628908103037538 0.250100103101036
-0.363542324711293 -0.577497920171911 0.0780295348367604 0.251041833737245
-0.394287363851746 -0.648117792297843 0.118928751405584 0.249746567707038
-0.16752814005846 -0.683260879596633 0.0345067665389178 0.264966345033794
0.00137523374597149 -0.756014537317421 -0.0128848374330657 0.314191116108915
0.297517567567443 -0.661545716753487 0.00484535193656483 0.173210265322933
0.523460623431264 -0.496318973735878 0.0383322966420244 0.147362267390504
0.629542745145223 -0.28682274070446 0.063486820933671 0.0664837310970081
0.684404388734531 -0.207804055094194 0.252017408362258 0.025068615033848
0.814371795092958 -0.227408411019947 -0.0770909899726381 -0.173726814793792
0.609236867024363 -0.291441911479193 0.175906742930323 -0.030673701970384
0.623113647844335 -0.386740922820571 0.233584070850828 -0.253322103470362
0.569393783932628 -0.469153130144733 0.0501249647490882 -0.397455793751008
0.289397617997837 -0.682919091848601 -0.209547458026073 -0.195935272924787
0.00641444015427811 -0.767663619961156 -0.269858559854291 -0.068554527016648
-0.213938054691384 -0.757067410736995 -0.141637459193156 0.00102396249050549
-0.360668128966405 -0.639468213529807 -0.0411761069671838 0.029580380596094
-0.404622756871105 -0.693437074268374 -0.00946212596892053 0.0344238707939751
-0.161661496646951 -0.707547586582184 -0.0451157879234042 0.0461807045301495
0.0185562909220111 -0.747100552133736 -0.00458584326173568 0.159736703086743
0.286984246506377 -0.636662696985129 0.0232119299524229 0.142387010974739
0.4717963471487 -0.502948366922587 -0.0479765444216454 0.196294825690428
0.598144081666241 -0.34549887813124 -0.143952049791383 0.152979087434975
0.717389027260308 -0.279888955526718 0.00287447539895122 0.0904014577875457
0.728237256694406 -0.20536510470727 -0.319903021521892 -0.120044668250289
0.54851151070086 -0.217937382902941 0.00126654051280828 -0.0200630961655575
0.627451171358312 -0.303890035312656 0.117362304594766 -0.240316378043375
0.623478296801725 -0.432297583563036 0.0170315680869353 -0.39097985487243
0.327966474217513 -0.662495468226611 -0.14966820263402 -0.329078208441432
0.0104745953646217 -0.749836011366191 -0.257973094376278 -0.311551640964592
-0.175309841297823 -0.742892976847195 -0.216373349272501 -0.266864271882642
-0.302303698552432 -0.606534948245803 -0.155650724822881 -0.198379874598732
-0.33859811634913 -0.633082188009645 -0.117212228494324 -0.171143950383837
-0.104708772647724 -0.611531638095317 -0.0919642505376684 -0.146258895757155
0.0587339336375438 -0.599765113380693 0.0228165700814346 0.0360833663423668
0.242233321877519 -0.480666833435563 0.024551754844835 0.142577683374446
0.347828440970204 -0.409290742291194 -0.15761237732992 0.242484394316066
0.476537875997778 -0.345771059263518 -0.335188848671125 0.228225182219719
0.646638209148705 -0.306661923140237 -0.230833437115418 0.177196347364785
0.529511547551306 -0.165546130131863 -0.514818395701324 -0.0854472489168913
0.388910812982716 -0.137827592788542 -0.174977117437556 -0.0186361433997245
0.493236533851092 -0.188439490652726 0.016094623693501 -0.190175026533256
0.526469295940914 -0.318458192106752 0.0186032259242272 -0.350723312528348
0.287347956644691 -0.502304045782997 -0.063315850075587 -0.456662237284107
0.0087534529433741 -0.58768692222982 -0.227145415525194 -0.533650820331628
-0.105583870892505 -0.60328480740929 -0.280586401682376 -0.503961684081064
-0.19680693762318 -0.483189778807782 -0.245012706493455 -0.394384509003148
-0.218189368908032 -0.483830018511641 -0.178985417634349 -0.339048385348789
-0.0282123953213258 -0.435772996851127 -0.0880910099819909 -0.280375419287181
0.0977277040597543 -0.376547269910502 0.066211015519467 -0.0324928273140881
0.176150144637406 -0.273826192600596 0.00143353467626462 0.166251677372461
0.200735861952102 -0.270763022505185 -0.27549069351175 0.25391989197394
0.31735516394996 -0.292545149985682 -0.472365236190434 0.258339010331013
0.494545905011478 -0.276880869506592 -0.421806000331732 0.262470960920503
0.252014253617089 -0.122934288992407 -0.629980057036507 -0.0553352701571113
0.154730524417213 -0.0834739760989752 -0.306090165978344 -0.0043820899579568
0.241603661355322 -0.0715706815584763 -0.0419127321244188 -0.119064019677211
0.305791549399496 -0.143963784758179 0.0437386894044689 -0.296697337977075
0.187898215493597 -0.239063769685423 0.0151527253994497 -0.548587355749769
0.0169290848697639 -0.317983026269925 -0.195095796298224 -0.686369361297145
-0.0155919372184481 -0.360701178880522 -0.320376207971692 -0.660563844826279
-0.0614427084525901 -0.285528345720992 -0.299205620455427 -0.52910658379485
-0.0753942862526569 -0.276341554540259 -0.189275737805545 -0.452662171824524
0.0326137733648486 -0.222290739088783 -0.0428066087801294 -0.347033230444537
0.105593418862754 -0.149524423831884 0.1061527026381 -0.0478899779794943
0.0991407247914165 -0.0902047931665067 -0.0457172646444441 0.191538866282419
0.0679993898522185 -0.126358708505863 -0.372472201869843 0.21957917793237
0.14947579200049 -0.193436415672404 -0.548559503979804 0.241297040746089
0.281217859973164 -0.191614060614172 -0.554447951307323 0.325095473900953
0.086154899615246 0.0997695179135086 0.478186901785231 -0.518148521141742
0.101794126051846 0.0583619310196914 0.43379638183388 -0.372411220894854
0.076850213402911 -0.00767470781459764 0.286473366520825 -0.364655036984784
-0.0172871242515269 -0.0583337536403137 0.04560308794356 -0.325205434298374
-0.0574332572857871 -0.0547988144411249 -0.115577170574957 0.0943493711948123
-0.0191356438137731 0.00162068272289155 0.0584511653184209 0.419373360322812
-0.0598611387182461 0.067681425292803 0.319570903662112 0.482416784746645
-0.057658534328512 0.0595138383381382 0.459400011764268 0.427258348289786
-0.037899616518444 0.049808299475169 0.497897548828212 0.464700488172335
-0.030430710542619 0.029432206568465 0.393195256123394 0.578273241789593
-0.102667914483209 -0.0061653717681763 0.191688837159914 0.553256643052515
-0.0941901510408951 -0.0515449020762523 0.0260917103504733 0.318473139362781
0.0193899790540078 -0.091514817092763 0.129752097425527 0.106420161238875
0.0381683697651979 -0.0565670804681442 0.33963555558424 -0.11117740159803
0.00288458823972134 0.0317736961000844 0.597561422587552 -0.168688600163751
0.316413189270783 -0.1314080328064 0.40154110905511 -0.488348631983762
0.219583913662685 -0.165865025819449 0.398739635245793 -0.310943804544336
0.14418005745803 -0.215575362022154 0.299048173855567 -0.318628336196292
0.0316248855800203 -0.218279372017853 0.0670767610369341 -0.330304696718934
-0.0649441740310059 -0.232081706781107 -0.139167962783544 0.0879470846112319
-0.103105996118727 -0.205302851339611 -0.00722574718463572 0.410070546949884
-0.223213793500707 -0.142892667382966 0.267240687191042 0.482006427379656
-0.257198534003077 -0.120329181046564 0.421166670299535 0.408306639992135
-0.261748771950703 -0.170123525671085 0.467360535397376 0.423200218068264
-0.162143476880434 -0.242728572917496 0.355277757145373 0.525186138626961
-0.141780517554445 -0.31507877733902 0.178025441448629 0.523211017127912
0.010418214867313 -0.335076402013855 0.0333370311668974 0.27660167739596
0.201854041794505 -0.312027872078476 0.134558262129915 0.0787276894269511
0.273005186409208 -0.205706791426212 0.317237744242475 -0.123245029481034
0.262645908674561 -0.122016977635402 0.548749566408294 -0.187771923110704
0.518825010693143 -0.337729779155418 0.261741510635344 -0.395009898492723
0.335375877297222 -0.370669423576681 0.345772704259056 -0.226626709926469
0.228129155159075 -0.415434296481191 0.285643162563122 -0.295539004153169
0.111044188718363 -0.387131078348923 0.0446962596965662 -0.340317664447156
-0.0500088559596963 -0.417261889457966 -0.173235999029064 0.0643500303609243
-0.173451085823415 -0.415434114964787 -0.082596213737741 0.351547057104852
-0.350904533792141 -0.352021021391639 0.173046464661783 0.408457950468618
-0.417969255909689 -0.281740739624442 0.321884332951172 0.327343428043141
-0.455589010497973 -0.347009553101252 0.361150663179535 0.32464058195133
-0.294701196489257 -0.455006484397946 0.264718331059914 0.404369488844702
-0.207496987379623 -0.560238203747735 0.153888013735451 0.433760864628016
0.05201136162396 -0.579256178669151 0.0472803082259066 0.224678572069695
0.30549999362676 -0.514018716885519 0.112464086234985 0.0821676753841788
0.430977021006818 -0.360660129369481 0.216370012025511 -0.0763651111189531
0.463569178517631 -0.279796457548926 0.410631239428538 -0.1579363749013
0.652745742437749 -0.474907016344858 0.0727979981536156 -0.253598086794597
0.420572883700945 -0.492087173024153 0.270579499354969 -0.131305602296115
0.33199606922512 -0.553948288515816 0.234414493647109 -0.288854081321967
0.227999429247801 -0.545173238316286 -0.0109464647326304 -0.353295848138281
-0.0153838673922763 -0.600167279748069 -0.211279515785517 0.00900997402658499
-0.22814492474052 -0.598007273450316 -0.164632099463047 0.23052192558799
-0.436923904115544 -0.529576108613555 0.0431453217613872 0.266327118215043
-0.519081537552088 -0.402346688737414 0.169662857146121 0.197950715228972
-0.580357798895881 -0.456598607432463 0.198029750787473 0.185516506557717
-0.381398827930291 -0.577136453861264 0.130748283519109 0.243045137555273
-0.253331401240282 -0.690469484197055 0.112565714513537 0.303002049743055
0.0519586633344212 -0.70988240306116 0.0584034517601725 0.170321434668901
0.317889500859063 -0.633130227659246 0.0692690254831601 0.123576592436401
0.482724224967192 -0.484522343286821 0.0681705967326712 0.0351187166594641
0.569405128171658 -0.416256747881953 0.217235575907885 -0.0662609712555804
0.685350588918234 -0.512470754466311 -0.139095482467119 -0.101235213813398
0.458621847069833 -0.494244593420595 0.150851136967534 -0.0486157710724999
0.431729549244769 -0.584151336268162 0.143814068683479 -0.270990001401809
0.347207813155758 -0.644687978055836 -0.0724155702737009 -0.351677496643602
0.0313286360741025 -0.72343258969227 -0.233335522599449 -0.092207451381603
-0.257961552425966 -0.70621496423048 -0.247166347153306 0.0430888357374747
-0.465240475642897 -0.632169075505771 -0.114077807143881 0.0685086793103396
-0.537970756564686 -0.460709488712656 -0.0129969478603105 0.0357636895807969
-0.602367315454645 -0.494375152401417 0.0110463530307967 0.0304547826889918
-0.385933537340756 -0.597969625666852 -0.0142531531510471 0.0676903282024236
-0.234598194829207 -0.687706220096117 0.0663578237447584 0.158142443593975
0.050263213940926 -0.684157388034067 0.0661808913665985 0.134872177787637
0.266651269635143 -0.618747791756862 0.00877972160127783 0.198591102212318
0.434073107201587 -0.527899969584863 -0.0936321442706786 0.184142075601616
0.576124163172172 -0.495241384893643 0.00878213769894468 0.0705028505785702
0.610333203052438 -0.456683885956515 -0.343631407448171 0.02543843258675
0.429134600751489 -0.399560493159821 -0.00726346197604218 0.0127054504623768
0.467424559229052 -0.507594597312565 0.0350758787805662 -0.222465027288834
0.412935998902434 -0.631291919527923 -0.104304697296972 -0.330100274342301
0.0765381472270221 -0.721151392882338 -0.225470739924022 -0.233152523564281
-0.24865671219455 -0.692511086594029 -0.319653437309849 -0.185197957838468
-0.425807022070647 -0.635049093745201 -0.277023343352448 -0.150638085400952
-0.474867574850911 -0.45197651465368 -0.195104487209713 -0.132502867744379
-0.520255377580022 -0.46059068508817 -0.156712119576018 -0.121143902860137
-0.300993500201844 -0.528589671680202 -0.123974239268129 -0.0937641872632071
-0.146074513022796 -0.566379484136287 0.0453779747825878 0.0332345182673915
0.061622223063202 -0.524562117569081 0.0684534867578197 0.130921258697434
0.183879487320786 -0.492361016016016 -0.0754984692231464 0.277759171339116
0.323873718736398 -0.486308197950387 -0.241304915090242 0.317583487295735
0.502652624741468 -0.499059976934925 -0.17689503518782 0.224422406828042
0.439017638403679 -0.346282998152823 -0.509040374697567 0.112890867150983
0.310223544338289 -0.26570384334562 -0.169245199431794 0.0606234244593022
0.383927972088683 -0.350937749073567 -0.0461556518481233 -0.150945425511668
0.364295409698389 -0.490249556447696 -0.0918522367724882 -0.298953150069167
0.093126275553964 -0.563931101222653 -0.194450805366329 -0.383027222048368
-0.192529079851823 -0.546630378344184 -0.374041897067644 -0.403470279463829
-0.314056572666887 -0.530229392952488 -0.420802291666796 -0.348484855042089
-0.340342444579434 -0.375931905980726 -0.347119716876873 -0.2804420413802
-0.35966287943773 -0.367857863090083 -0.26970990570079 -0.254047456537126
-0.171323643287374 -0.389137225211135 -0.167234583534151 -0.2204853428128
-0.0354199865674107 -0.375738560945171 0.056462937678303 -0.0459263700295598
0.0697585456605622 -0.311713196254895 0.0559868476924278 0.156520026571366
0.0933530549347923 -0.314779392426997 -0.176318396356847 0.327440554298604
0.195462720004364 -0.382325235440313 -0.355570856269595 0.390518363152455
0.373285527612981 -0.421319679727683 -0.319300189532848 0.36479963392725
0.192222228221667 -0.201970983614425 -0.600873713428294 0.167563732200329
0.110620219062481 -0.129228197270722 -0.282514437188424 0.105258423713565
0.194132774272085 -0.151595063094892 -0.0773528892728356 -0.081889758463851
0.225974600860747 -0.247788555364402 -0.0540784999393545 -0.271572238419593
0.0918561418512913 -0.289084688174356 -0.162251175184677 -0.50275112181356
-0.0938432614954784 -0.303514040270664 -0.406228008854628 -0.55840273518112
-0.145244165682177 -0.335389891983507 -0.5199568837047 -0.48558445315336
-0.153047294668913 -0.24177692311935 -0.446711411136462 -0.381553645220294
-0.160512944604345 -0.22641602051713 -0.318502811278091 -0.353038689180504
-0.0439321030756817 -0.214229981486994 -0.150255985012911 -0.298703268246489
0.0481389824505793 -0.171760096295219 0.0825755426690252 -0.0752745572414099
0.0605150198694689 -0.116357090419504 0.0210547423060558 0.192382254786847
0.020216149975623 -0.138478580940332 -0.273843426734396 0.326601250606278
0.075597404621393 -0.233047077261568 -0.425703879296183 0.40014358791803
0.201833216921193 -0.272960851558421 -0.413590196880426 0.466394010534817
0.0879314809003813 0.0959222599099813 0.458352891664946 -0.526867927300832
0.103260114636042 0.055096726322948 0.414366050723641 -0.378756747984778
0.0762344185217212 -0.0103545291256929 0.271411688111093 -0.367259843755866
-0.0197139061697774 -0.0567066375360557 0.0339221054034192 -0.327185677820239
-0.0595801964847192 -0.054692318715105 -0.110540649264752 0.094763107309888
-0.0209751999368876 -0.00164310641219191 0.0701377417809446 0.414234976173064
-0.0570680279287761 0.0675932079477765 0.324985406127749 0.469895200500542
-0.054836540276759 0.0614391576646835 0.459249217602072 0.413444204342607
-0.0371022253425176 0.0511372543734135 0.503056383910273 0.447451904022619
-0.0290850681910112 0.0283647839162379 0.408154794575023 0.560686380268468
-0.102253875135405 -0.00148343301105122 0.209364752835243 0.542812967197447
-0.0948492952790885 -0.0463027343507789 0.0329841728222974 0.317560061372092
0.017510864091588 -0.0948154262358104 0.131572566485827 0.10085198157216
0.0364563264707194 -0.0563628696082338 0.330688332465235 -0.121556511663538
0.00443888782420423 0.0323813558625083 0.584608627423328 -0.179902646973167
0.310171014733619 -0.142126580842389 0.383649599467708 -0.49290126902482
0.213151138146356 -0.17132088549552 0.382023860506457 -0.314544436926114
0.134551276217444 -0.218388378724643 0.286107734109648 -0.322627415274715
0.0254150036136404 -0.217919053763027 0.0535272205700082 -0.335048170709366
-0.0704276206686919 -0.228850660545954 -0.133892944519926 0.0875345490910527
-0.110918909135725 -0.204561542194587 0.00453773746506171 0.407938256870257
-0.224206031249631 -0.135317919506774 0.272705881075924 0.468218135535503
-0.256787325016678 -0.110105869369207 0.423022399538877 0.394967992538778
-0.265560378970569 -0.159271967735484 0.470826823203442 0.407172405437068
-0.168153196017722 -0.239912845693015 0.367289388437722 0.509155395688029
-0.149599588730769 -0.306689945805495 0.196088830798802 0.514311066142336
0.00207791246835585 -0.332471039555594 0.0386082771519439 0.274331830762304
0.193471611118567 -0.318963825839339 0.135153825171715 0.071455872927813
0.265592305528406 -0.212758683734226 0.308437605094133 -0.132226214971869
0.257462151713829 -0.128457472050167 0.536391632157368 -0.198851606118175
0.50607624759323 -0.353899465380032 0.246073856086571 -0.395664126230027
0.320833593841602 -0.377996885356278 0.335161017157306 -0.227852049908228
0.210460114446086 -0.420756652019846 0.272488887563462 -0.299701925652003
0.100135788360835 -0.389605039015112 0.0305185719231438 -0.344872861408997
-0.0603636384564677 -0.410954010720852 -0.168346075311247 0.0649578997403725
-0.186172700003042 -0.40937671051199 -0.0724575616282022 0.351939492977263
-0.357244397828968 -0.339305696335982 0.178783197138143 0.396066680057969
-0.422218073650445 -0.26455610538317 0.322013561994003 0.316299150344925
-0.462152232361399 -0.328245506072668 0.363151485926406 0.311168053566803
-0.30562775259572 -0.448559116555429 0.274231227822188 0.393255865445562
-0.220775998762505 -0.547333963654368 0.169408804578448 0.423081225852775
0.0358891884297482 -0.576339648022768 0.0520903125239962 0.22099790199418
0.289414268513734 -0.52168289938677 0.112884907239924 0.0740844352659745
0.418128955681538 -0.371726420185511 0.210257744152263 -0.0821590449978594
0.449930388911489 -0.290901097028938 0.399497629006068 -0.16384880464186
0.633432910702275 -0.49479516488093 0.0653819631998751 -0.25069557276465
0.402519570854679 -0.499269135347618 0.265122050751017 -0.133527627873123
0.308256859247768 -0.559903576970469 0.223149796678913 -0.292434591924068
0.209540818375629 -0.551280526623202 -0.0257041056248538 -0.354913769375401
-0.0297379883025859 -0.59272817895813 -0.208251679734001 0.0114300214341839
-0.244828015598808 -0.587822599030353 -0.15807492117669 0.235915965664885
-0.449895573167701 -0.508871158117182 0.0480258656735598 0.258834629373712
-0.524215351948803 -0.380723117132384 0.168528359537805 0.189337095060297
-0.586798017360039 -0.430963665776267 0.197348070101796 0.176387070568037
-0.396030391343821 -0.5658275207959 0.135741499748575 0.236550494974143
-0.270955758767671 -0.676711957624036 0.123733225295135 0.293184675138122
0.0303528831881435 -0.707072417419168 0.0617375305398752 0.166443334326825
0.298572993664675 -0.639112045849684 0.0711819265003752 0.116617628657606
0.464847896046783 -0.49584462422145 0.068362995934411 0.0324690816483715
0.5521812737377 -0.430205919368083 0.210868828357685 -0.0697374814288414
0.664219404057067 -0.531855953395385 -0.138881611432765 -0.0952074267612972
0.440510238019907 -0.498719777437601 0.152061842356605 -0.0499772325358104
0.404531056426315 -0.591610909618735 0.134160053224288 -0.274031376868566
0.326685335320393 -0.653735450583548 -0.0856347485977547 -0.351412973254809
0.0138987652229707 -0.717242661889889 -0.233824437670668 -0.0874108335284425
-0.279250638030919 -0.694908188785098 -0.245376205399681 0.0536869291720264
-0.481403660055384 -0.611998280360759 -0.111257766774298 0.0666939232007875
-0.546096308125017 -0.439562100098438 -0.0150111385234138 0.0330518009248917
-0.611053816570913 -0.467143797721698 0.00885463792509773 0.0286031877738816
-0.398755475820487 -0.585818250558681 -0.0138739262807214 0.0680701088340247
-0.250867314529967 -0.672930681694687 0.0734671981622311 0.150621666920833
0.0303554208029105 -0.679897120904163 0.0693258544371107 0.128766821460064
0.247053276847887 -0.623876336308963 0.0129246150386937 0.192106793689331
0.413927659064619 -0.539343048132748 -0.0863204460257614 0.185164374330551
0.557510832589516 -0.509855476704592 0.00799862619060251 0.0716496883120291
0.59421431475074 -0.474160611833695 -0.337871468851014 0.0339108932370241
0.413930626598197 -0.406396565933698 -0.0020849491928627 0.0120526447588438
0.44378290062939 -0.51480728350005 0.0293462499586054 -0.223920664351644
0.392017895846909 -0.642118739839247 -0.11558415203594 -0.32845576907442
0.0574422844241726 -0.716619528195105 -0.230215238062943 -0.225985764029047
-0.26755149193275 -0.679334546720216 -0.32322077377974 -0.170570827915938
-0.441954638528594 -0.615176815891899 -0.277564911041932 -0.145775793532625
-0.484211769356431 -0.432747483271867 -0.197374552656552 -0.129068742907509
-0.527280500959858 -0.436132379324501 -0.159540878754068 -0.116923869316262
-0.314610076793229 -0.517825212834604 -0.126195949613667 -0.0886735142653884
-0.159601260518467 -0.555181688883739 0.0486403989154738 0.0275662999450168
0.0468815060606816 -0.521344620307335 0.0730627795128049 0.124267479332118
0.165964363340351 -0.494147414851606 -0.06661992450893 0.27568830228456
0.305611167489883 -0.495481338705792 -0.226481527541289 0.322089042264137
0.484622611612008 -0.50905059189892 -0.170311702624878 0.22727713384069
0.428109238230293 -0.357593746795236 -0.498973478177428 0.1236846945549
0.299612693897176 -0.269191877431118 -0.162035005080571 0.0619889124222581
0.368610597458116 -0.357897141042646 -0.049633470985972 -0.151246683155007
0.348042674736138 -0.498816014955191 -0.099605597550749 -0.2958904709491
0.0791175074503884 -0.560338837925665 -0.205142065682366 -0.375728509020707
-0.20716944185399 -0.536034022722758 -0.382728522382207 -0.386242319971993
-0.330014920420926 -0.514875478905304 -0.425449462066572 -0.336806333069371
-0.34755942316591 -0.361583916159468 -0.350252474103653 -0.271266575425407
-0.365281101669832 -0.350108184081434 -0.274025726342138 -0.245564663926268
-0.179579564357951 -0.38272994229016 -0.171480802634243 -0.21294149718841
-0.0442331259306026 -0.369640067028141 0.057005471553199 -0.0501037813759345
0.0588093340601618 -0.309929781659439 0.0616322988188861 0.151165901213089
0.0823865987103637 -0.315306494104182 -0.164978094631583 0.328234040215528
0.180853506722264 -0.387480564457309 -0.335816693610091 0.397358261265287
0.35744993606895 -0.429717974726553 -0.306449221960715 0.36887064287267
0.187093550628296 -0.206554854903661 -0.588099411888838 0.177863396266875
0.105329876753826 -0.128827185765085 -0.274564369633349 0.107794471688864
0.186583329367509 -0.154038952871168 -0.0778688366023539 -0.0811053299169846
0.21709383857828 -0.253464129774708 -0.0594029269166927 -0.267855113069622
0.0863296041602567 -0.288881659932582 -0.176928115215051 -0.495811953647782
-0.100590351646068 -0.295723016052344 -0.419257708129309 -0.54202670756651
-0.156512875617255 -0.327095602233315 -0.525047880091768 -0.467875155535778
-0.159245988906873 -0.234950520099743 -0.449855455184233 -0.370431350258147
-0.164461060880641 -0.218163355311222 -0.321749346416354 -0.341610394466407
-0.0486873073812718 -0.210480016812948 -0.155428162166693 -0.290260782565738
0.0443376015393759 -0.171062816591943 0.0814252440614756 -0.0775210006807993
0.0548972959509787 -0.116646447732941 0.0281557225164904 0.188686191731791
0.0155025659815492 -0.137693504648045 -0.262942574673931 0.331428136608703
0.0674672311811303 -0.234435491443247 -0.405042488822657 0.407289175660632
0.192948869681593 -0.276583327767611 -0.397173842174564 0.473376155850989
0.0913655351873275 0.0928659194496301 0.44716919693053 -0.544232898797901
0.106100113722604 0.0521586647292569 0.402882464706414 -0.387896571600581
0.0765172564289663 -0.012383820077727 0.261014419668155 -0.376790815395478
-0.0219031724920812 -0.0558456835927474 0.0222429067963788 -0.335594643383591
-0.0637005798475498 -0.0555506451026582 -0.108305411653386 0.0956864471489991
-0.0236584056925615 -0.00512411772920693 0.0846467933139187 0.415590792227735
-0.0554354856532039 0.069488967857142 0.336135713387811 0.466677296199359
-0.0525940267619742 0.0643735862163173 0.469503895196691 0.409992331777658
-0.0362438260431007 0.05379768423842 0.514968876149686 0.439273246552899
-0.0292217904956732 0.0280157900776934 0.429834724203217 0.552877634423717
-0.103427880139339 0.00340569094486946 0.228925861258775 0.542074291961365
-0.0957457745339829 -0.0426750930290447 0.0413536074813666 0.322898641232447
0.0155826740871973 -0.0994554151652159 0.135649381295713 0.097362717260463
0.0351011655905198 -0.0581895685203409 0.326886289304475 -0.132314798977161
0.00564488409371411 0.0336369635582021 0.584477472642523 -0.193379141684661
0.309250430976703 -0.156196646390679 0.372359655602246 -0.50666375663017
0.210033793640131 -0.180324117254655 0.372486499428704 -0.321312757247941
0.127304730292232 -0.224968253536377 0.27819722556414 -0.331763361318497
0.0183324521489233 -0.221128433030025 0.0405439444479914 -0.344084865582605
-0.0786630782352205 -0.229258515983648 -0.131563565094898 0.0878737031881659
-0.120253941316261 -0.206554052195947 0.0171093372915664 0.412283059611298
-0.230379571203661 -0.129913768651316 0.283273883628674 0.463556859365765
-0.261663834532936 -0.102238770930523 0.42957778911921 0.389844640720644
-0.272310159512972 -0.150697095443509 0.481189734935839 0.397730988720447
-0.178153057781669 -0.240151569023481 0.387305248434205 0.503377957766324
-0.159933477774345 -0.304018050367575 0.216989616624697 0.51198342243782
-0.00618923986662914 -0.335350218811033 0.0459933741359414 0.278662041721048
0.186331975487022 -0.331327088779708 0.137141944027656 0.066247052580278
0.263042861319087 -0.224550223769477 0.303869673731688 -0.143103557961713
0.256538183038185 -0.137921807923696 0.533562720381455 -0.212226913250335
0.499906027837142 -0.378104489949372 0.236097130876388 -0.402931845557306
0.31289042398986 -0.391192924164466 0.329938467991331 -0.234717921634448
0.195869143831933 -0.430969626279597 0.263586127489722 -0.308702686109169
0.0887820920953226 -0.397683628074321 0.0172763485249236 -0.354831827347305
-0.0723896149190581 -0.41240212270293 -0.167277437946469 0.0661147575730775
-0.201700679258597 -0.41134075622489 -0.0632144655114596 0.360381649591034
-0.371018317717806 -0.331422916311586 0.187510593380935 0.392532151714165
-0.432132888468299 -0.254106037110615 0.327240262857471 0.311868025920815
-0.476855589176912 -0.313174108333545 0.370633973582952 0.303028827081821
-0.322457503010551 -0.448123724957979 0.288606449127217 0.388088591973713
-0.240042723153873 -0.545581246278413 0.186602958564653 0.420454076696814
0.0206850412305541 -0.583915151006043 0.0579363887273896 0.221856850091883
0.278138811818024 -0.538944523729757 0.114394761009634 0.0687274708073643
0.413151601058553 -0.391050216626235 0.20692267920785 -0.0892657716995516
0.446135327864635 -0.30868605613223 0.396612494093824 -0.17491116873532
0.622886048663906 -0.523899945664378 0.0582082588215248 -0.251614979421307
0.391432919720727 -0.516651832233663 0.264547276605593 -0.137910504312984
0.289817095989641 -0.574152904917051 0.216833341894853 -0.302954118155459
0.194670230355566 -0.564937336558575 -0.0403468785375205 -0.363719938341315
-0.0452746105200587 -0.596442466937823 -0.209656716623217 0.0136739109524508
-0.267682323135267 -0.588481510111013 -0.153826068528717 0.245679571998375
-0.469026701121997 -0.499762066482527 0.0520557837443568 0.255316743823325
-0.538641055853607 -0.367654221099667 0.170684107549516 0.18546872277353
-0.604626815747263 -0.41419588066056 0.200546274310022 0.170782176821817
-0.417644210374657 -0.564105441633576 0.14324533754018 0.234080305080431
-0.295138791384815 -0.673773255029634 0.136796853260991 0.28922102684436
0.00996316995266448 -0.715772913021988 0.0663053944511807 0.164784092464625
0.282953561203969 -0.657610273231591 0.0733323749349943 0.111810323581503
0.455639454471672 -0.519332444446559 0.0681506292092731 0.031607921740242
0.545494881735574 -0.453311712488934 0.20860932979225 -0.0748102721266474
0.655034874460159 -0.562811600271735 -0.142088512236035 -0.0906488983476274
0.430858737781371 -0.515985763509364 0.155435440812024 -0.0537726345166337
0.386165917471174 -0.60845183104344 0.127625568635239 -0.282463354549641
0.312531312346793 -0.673185932125854 -0.101258353269537 -0.357793531670189
-0.00413447636783225 -0.723643187279602 -0.238887274673802 -0.0837012246137339
-0.304189916023089 -0.69204478811591 -0.247813935842115 0.0651273413410805
-0.505185855092008 -0.600959179803635 -0.112724772333973 0.0652913066357857
-0.561743611436548 -0.425252153072079 -0.0171852183019695 0.0305564158523335
-0.629448756157648 -0.447010983498761 0.00703955838713977 0.0272274099957021
-0.419779064152789 -0.583550770291765 -0.0134495024855787 0.0685003137017365
-0.271516556583601 -0.669749969499347 0.0819562542862348 0.144962330238024
0.0112792119506929 -0.686930067860367 0.0737040764000013 0.124997533341182
0.229603916922226 -0.640159167380298 0.0166560238137959 0.190647725889523
0.401094662125619 -0.560671761066254 -0.0811506422522574 0.190120737181893
0.549166678114097 -0.531183397440446 0.00892121922447916 0.0724888438062905
0.586756767267224 -0.500771333755874 -0.338369827570693 0.0424948534090872
0.407541960991894 -0.417243326575528 0.00128602782868528 0.0100588150759978
0.428222925367984 -0.5323120147534 0.0230638327472099 -0.228758079926829
0.378690163382942 -0.665384976698369 -0.128071977556665 -0.331727192005398
0.0404041839188767 -0.724641355529209 -0.239344689833874 -0.222710167602386
-0.291569616248428 -0.677800626059295 -0.333099623555637 -0.159999828137892
-0.467215820459051 -0.606232770635686 -0.285222021192261 -0.144534832678411
-0.500476967214463 -0.420705334837234 -0.203476817570261 -0.128917865989736
-0.543062068343122 -0.421515621585319 -0.164634698025022 -0.114889659495023
-0.332677384294701 -0.516008817203994 -0.130598831085748 -0.0851704204765842
-0.174541524283221 -0.553260879882132 0.0525277626732325 0.0216512015685923
0.0310978440056444 -0.526653709538788 0.078204793685268 0.120119684809837
0.152804159316386 -0.504765139651708 -0.0601341785267567 0.277642419668418
0.291215663356559 -0.512143134763589 -0.216746404546603 0.331113505328433
0.473257686957233 -0.530063283758842 -0.166163482991266 0.235156467494223
0.422623431413903 -0.376894009062246 -0.498069927584191 0.134258202783588
0.295591787600129 -0.276840634510158 -0.15992289651418 0.0622592516120596
0.358985616222543 -0.370373770029956 -0.0538924815197664 -0.153326115117611
0.338202849286748 -0.517970839579036 -0.109053263911492 -0.297095806259392
0.0670157467044388 -0.569108758725052 -0.217655100587945 -0.37441166324642
-0.225867068951812 -0.533162942272465 -0.399604059199469 -0.376253869520968
-0.350454524363997 -0.506392012164514 -0.437260835156568 -0.331288708868673
-0.362179867251084 -0.353082166980527 -0.359366787082066 -0.268426272514281
-0.376539106365023 -0.338926129419468 -0.281377458461924 -0.241468393350623
-0.191593292136934 -0.382276425604376 -0.178120485177342 -0.208031790429912
-0.0528599541802497 -0.369508465912599 0.0589952401176333 -0.0545330666884719
0.0491225935791786 -0.313870021307566 0.0681444327927601 0.14845741431318
0.0716497270417053 -0.322071228648616 -0.158344685218378 0.335817613072371
0.169571232983233 -0.398786903531895 -0.322697116695897 0.409384571689699
0.349514477996056 -0.445055130755392 -0.298290573948257 0.381170289939674
0.184868104252823 -0.21583415380775 -0.587884359719685 0.190390508241012
0.102381913986047 -0.12950560462824 -0.273813936642057 0.110762242045249
0.181397850473173 -0.159170568207578 -0.0805727988674588 -0.0812783093792376
0.211095035356848 -0.263709769365687 -0.0646506848058759 -0.268684376476496
0.0820656565220013 -0.294543522721957 -0.193927905963912 -0.495302727540377
-0.109500381856751 -0.294212868402767 -0.44174407931607 -0.533549972234219
-0.169719815171159 -0.323342501463174 -0.541500011097707 -0.459896980540916
-0.168629527773566 -0.231447455005773 -0.461574264875747 -0.366616544819585
-0.171636182187314 -0.214145004804257 -0.331285367806063 -0.336689166220231
-0.0544135801141191 -0.211053283522352 -0.163810180340208 -0.287335453730771
0.0412432269146876 -0.173017269341204 0.0825734455243736 -0.0811215281991701
0.0506755115553898 -0.119364561231728 0.0347042681421258 0.188709697772938
0.00964921909399861 -0.140768349342112 -0.25589449061123 0.342076416156593
0.0600147185817148 -0.240448642718885 -0.391020177121968 0.420529820116279
0.188569352242729 -0.28541569335958 -0.386864666927862 0.488935007100178
0.0967149510469518 0.0881305548747152 0.430354232739064 -0.572930469954364
0.110488376216659 0.0472031725965581 0.387181164552777 -0.407923130116779
0.077749961144993 -0.0160655135875769 0.244594892513884 -0.393300313264809
-0.0253085388308414 -0.0541730774194481 0.00232922878058747 -0.346987763393822
-0.0688925684492658 -0.0549802016563177 -0.105410329768997 0.0982579881684079
-0.0272927186597598 -0.00760159892494902 0.107195425782828 0.419710939837555
-0.0531684902873085 0.0727679062104472 0.360026957842313 0.462392907798113
-0.0494766719295539 0.0684538523591425 0.487880347210564 0.401704813911965
-0.0341284976692415 0.0572247105132977 0.542213694641759 0.424727551630088
-0.0289308758536937 0.0286440095944624 0.463968151411323 0.541954694912152
-0.1046690741281 0.00985807513640571 0.259288162802699 0.539866434635292
-0.0985049268874681 -0.0372490879258048 0.0566925938477861 0.32946539069603
0.0110241157638765 -0.105873686822011 0.142718044788651 0.0924419227691028
0.0324623054585161 -0.0599779275004531 0.322986171320459 -0.149912168449517
0.00693363556279671 0.034778575153964 0.584654926678839 -0.220794614024274
0.305617515667533 -0.177980115129098 0.355397819490587 -0.528837534659609
0.20564265843793 -0.19550931809915 0.360304558024531 -0.338788363057696
0.116470583250469 -0.23547724480859 0.263888820813766 -0.347476672474393
0.00792155807506545 -0.225728054878237 0.0209759349851092 -0.357223231639832
-0.0905465524921946 -0.230038878267217 -0.129217586734748 0.0904999085466043
-0.134360230924293 -0.207772427136475 0.0382631359454632 0.419052825357899
-0.240356586565866 -0.120574180742922 0.303309662281527 0.459787067383552
-0.268918840032648 -0.0908792189015705 0.448715994146079 0.380663391806701
-0.283866870709003 -0.138431820701583 0.503761584135667 0.38443210538365
-0.194105967629857 -0.239357759522205 0.4172978243792 0.49336647725605
-0.177744871212262 -0.300735659552197 0.246145533544888 0.508134465979656
-0.0206996567849117 -0.340782979517394 0.0598373276034585 0.282614778380008
0.173701649285551 -0.350065261480585 0.142621566105185 0.0589950763033601
0.255951585150302 -0.243476823581939 0.298209639047755 -0.158919713701241
0.254107640124818 -0.153233510533594 0.531834729297671 -0.238952473369687
0.488135888169257 -0.413379690926839 0.223539104541139 -0.415956405889236
0.300374401960448 -0.414505057656945 0.324306206074439 -0.248276378539964
0.175658843872144 -0.447683789535885 0.253108367809548 -0.324826680746198
0.0702304277108368 -0.410014187255421 -0.00482049403377618 -0.365834478466146
-0.0920468504523186 -0.415766367382054 -0.166741889272932 0.0700292286551405
-0.227814463329009 -0.411065558145904 -0.047485398585225 0.371394335638017
-0.394407118221585 -0.317449050771297 0.204587496408467 0.390447127192177
-0.450242734329771 -0.236445203317406 0.338167870984301 0.30290922693157
-0.499214807481987 -0.29282502287518 0.386944236449039 0.29034792397981
-0.352277714951793 -0.444263775427148 0.310594423878318 0.380501938878557
-0.269716032308016 -0.543731286233897 0.212951785880049 0.416969397157174
-0.00584032054476553 -0.593667260481194 0.0688712914610837 0.22319564064196
0.256485401290788 -0.565405837288047 0.117946091991091 0.0621272046448703
0.40120522274992 -0.422215254835865 0.202899789775597 -0.099909436557325
0.439928194561813 -0.336297913693473 0.392635888966777 -0.194705717733667
0.606392533873501 -0.568041643373323 0.0489804903514749 -0.255358710586017
0.373752149645503 -0.54387453774698 0.263138456410377 -0.149348005679609
0.262160923334761 -0.596897961835757 0.206215994400039 -0.318983119111947
0.171708897130715 -0.587302386297973 -0.0633281791050958 -0.373468123573243
-0.0729360117443335 -0.604234257580941 -0.213288916479551 0.0203864758493515
-0.304029129305318 -0.586939038250955 -0.145792585707897 0.260800622634514
-0.502046471536084 -0.483508819152249 0.0603005015372676 0.253491718310523
-0.56382406335329 -0.346730007826868 0.175521132950957 0.179726105432427
-0.632652123453564 -0.38669010677829 0.207220749350326 0.163360690976654
-0.454208758931674 -0.557899366609359 0.155389986573805 0.230938492346709
-0.330674990452974 -0.670760243546676 0.155934582984394 0.284208017130892
-0.0235225133744127 -0.728495150581552 0.0758795532356072 0.16225947970707
0.25596675488577 -0.686843056163637 0.0778057926130709 0.107634074320904
0.438126307868111 -0.552968628564568 0.0691726276657402 0.029682708138993
0.53394068770646 -0.487354063484243 0.20589507982839 -0.0840873151098311
0.638083856953955 -0.608686001379587 -0.147343686884685 -0.0840790671479935
0.414047825296376 -0.542486064204357 0.157443590729268 -0.0618507797925164
0.358635456197856 -0.636896558820421 0.115878261033538 -0.295077389008595
0.284778054562033 -0.703746510223092 -0.123437912948395 -0.36269353636718
-0.0357532392433668 -0.735523392601982 -0.248556613799843 -0.0765112392698508
-0.34355161026895 -0.690172745644971 -0.25169803992987 0.082132272687364
-0.544692140065019 -0.58508814730602 -0.114998248707514 0.0670795085158293
-0.590117692391759 -0.403240425618807 -0.0197839742943202 0.0293618046155769
-0.658420292108976 -0.420241881112501 0.00536144495180537 0.0257044381189838
-0.457428504416769 -0.57746835738593 -0.0116934029687561 0.0705288043897825
-0.30890153891571 -0.666402262756088 0.0925315678098147 0.139711748612975
-0.0214437748840122 -0.699733016604245 0.0806955628554939 0.119725010405481
0.201442268024923 -0.664642236301944 0.0244841382353634 0.190927696699375
0.379212358049905 -0.593053702910012 -0.0724582288573132 0.197662262944571
0.534126100093688 -0.571575393357459 0.00969745374516115 0.0742915490503377
0.571756279038515 -0.542723139199179 -0.341237076239849 0.057584186533704
0.395286845013124 -0.439730264857394 0.00343607450440827 0.00692596254990701
0.40754027738829 -0.559287009733698 0.0124647366187251 -0.236729535465966
0.354644216262104 -0.697876189871482 -0.148500907729642 -0.334945679923997
0.010115509480225 -0.739051911205298 -0.255198409342821 -0.217527232388952
-0.329936230587488 -0.677007642909674 -0.35062297518185 -0.142565354673753
-0.505586420155341 -0.592931563890432 -0.298798836840991 -0.138081539696064
-0.527732577569424 -0.402382892458498 -0.215023548035293 -0.12578303614017
-0.568612999205806 -0.396260692499827 -0.173306900806405 -0.111204655932245
-0.362372616930796 -0.510969850493933 -0.137946357739972 -0.0794486375533803
-0.202259551489922 -0.553462377825356 0.0572362549136378 0.0157820114972218
0.00502149608608664 -0.536313310857641 0.0862617566892005 0.114330377172429
0.128469186260723 -0.52357215168287 -0.0497166279255631 0.284575620071654
0.269662905836548 -0.537824798807554 -0.201623114631076 0.346108601937368
0.457180493501936 -0.565175137767295 -0.159739433747993 0.247124330858533
0.413358593499748 -0.406646823780244 -0.500118548413783 0.156960744640752
0.288917948136506 -0.291025592220208 -0.1597611717376 0.0658495642614507
0.345961890951576 -0.391185516138828 -0.0622823973904184 -0.155536076967624
0.321232809177604 -0.546068744787998 -0.123689708087531 -0.299590711633869
0.0456844992436332 -0.584034319401483 -0.240804038052597 -0.371763030834044
-0.254728524929917 -0.53212562221028 -0.428002653064639 -0.361456670177915
-0.382783075718013 -0.497842562319928 -0.460596999233958 -0.321125205329109
-0.384441577611989 -0.340339261042629 -0.37703824722585 -0.262834612349014
-0.397350763883735 -0.323114902037458 -0.295935584191602 -0.233415688823358
-0.213328728455131 -0.381208436435597 -0.191165854829317 -0.202234890036008
-0.0688187725195861 -0.371597175908168 0.0600569209346295 -0.0611278337683086
0.0340899879585598 -0.320115638202212 0.0774655316186521 0.14426183529507
0.0549932225806344 -0.332891244188208 -0.146339070203455 0.348565959332818
0.151527701152659 -0.417233555758467 -0.304803531510246 0.430767370345334
0.335023317528503 -0.471070724347573 -0.286236946867529 0.401524164982343
0.179247402114682 -0.229968212088103 -0.589165806133643 0.216970096081569
0.0987184415774405 -0.131948058066368 -0.274391896932622 0.11995904564198
0.176078260308744 -0.168929058231185 -0.0855208092953344 -0.0803421649010606
0.202852553055221 -0.279216150365356 -0.0746121806713415 -0.271423574450462
0.0726875033829502 -0.305062180060301 -0.222414872339168 -0.496849505791677
-0.124748330352796 -0.291670369518989 -0.476080762330474 -0.521191667786041
-0.189802188600474 -0.320795106944014 -0.572666248022764 -0.444597824002117
-0.182972335226376 -0.227151332843002 -0.483701902552974 -0.357053195667261
-0.183322661399174 -0.206756989842183 -0.349008197106859 -0.330118645618666
-0.064646409422124 -0.212122529519247 -0.17771875969768 -0.281577006927197
0.0352216455061735 -0.177798092114665 0.0825841893199925 -0.0869270470608252
0.0441388940064292 -0.123516731627229 0.0452959620396659 0.189147228624429
0.0013261664026112 -0.144455853028843 -0.246228610140306 0.36095452856247
0.0486443290999186 -0.248707494497698 -0.371898334829531 0.442097469301717
0.180118649164216 -0.300840963829602 -0.370453589372479 0.514731863892928
0.101061102444564 0.0813164336708997 0.39807091618212 -0.603021717496463
0.11431058965616 0.0387734022718998 0.360507800260176 -0.429239723472429
0.0783211958263715 -0.0205729312964972 0.219119203003662 -0.409095767967342
-0.0293032474949148 -0.050642336061208 -0.0245371499572351 -0.354548447540428
-0.0756187573767048 -0.0519594889895474 -0.100264256781902 0.101015048546388
-0.0301621658365799 -0.00888443270629004 0.137743259124426 0.413354020248548
-0.0485962989694233 0.0769845324347223 0.388982426092538 0.44661309519108
-0.0444271377769876 0.0714497834019395 0.513192011680372 0.380160962336665
-0.0297927051296469 0.0595359958221031 0.568344141705714 0.396865871282299
-0.0284140653651161 0.0293069938518627 0.502321804548393 0.514834014273022
-0.105040646195307 0.0176509446736006 0.297133402869309 0.52532354854897
-0.0994913734790145 -0.0297436627737191 0.0784175836716081 0.330307866409319
0.00319493002268854 -0.11030330938109 0.15024177063189 0.0832988286192902
0.028368991066291 -0.0622186637020671 0.312308004766613 -0.170946251548083
0.00953635696639558 0.0357680724146154 0.571070242898061 -0.257058254965657
0.292889952034341 -0.202726219671867 0.325583393898553 -0.553871501057277
0.192849972143432 -0.212156772934357 0.33932941476049 -0.356906940991622
0.10083473622979 -0.244204721892505 0.241325087930279 -0.364500272407133
-0.00718174151167154 -0.22655726574233 -0.00714085922310927 -0.366792485169891
-0.105955642637017 -0.225946661319394 -0.124793046179821 0.0940988762827317
-0.151391950739888 -0.203309920074266 0.0665600602741603 0.419235621037797
-0.249335768115639 -0.104312473243573 0.331174985107954 0.445099543590646
-0.274860300991201 -0.0738298272082809 0.467815175828046 0.361658052013353
-0.292890539910785 -0.118535417220887 0.526394066892499 0.355120433781725
-0.213342158366815 -0.230745216673989 0.45096401437264 0.467688653922626
-0.197113359186934 -0.291269290195982 0.281236435591094 0.494812173171332
-0.0419881750406583 -0.341262816905296 0.0778162015292002 0.282537044470551
0.151056103109203 -0.367829127545077 0.146703312669228 0.0498648617233371
0.24198814972697 -0.263241575079529 0.286385756442005 -0.177404115449159
0.245980102050676 -0.170933237086816 0.515673676149343 -0.271299495232078
0.460085953790205 -0.455233462366497 0.199571659746966 -0.429488973899444
0.274710059614887 -0.438266268602988 0.30900902742513 -0.265877765680518
0.144892751058852 -0.462579469341569 0.232794714344953 -0.342581080447325
0.0441701706647738 -0.418486180564472 -0.0339411060271524 -0.374376079562844
-0.117891526514211 -0.41251435587522 -0.164763224799555 0.0760682175860936
-0.259066571175247 -0.400868985815518 -0.0235310972341987 0.378609264152572
-0.415856316310543 -0.291717086770201 0.225844985099557 0.378245731341723
-0.46706414744891 -0.208783721100549 0.353279935678523 0.287740226673346
-0.518365549939037 -0.260025911664746 0.401872280196796 0.267596537201162
-0.38626244152461 -0.427602592647817 0.33591077724671 0.362389907599421
-0.305023020505816 -0.528480306574645 0.244152107957656 0.40335615478342
-0.0450161819165235 -0.599082287000831 0.0836931921706685 0.220035739003896
0.220438162594553 -0.591415403839482 0.120264119033964 0.0538451954221503
0.374968663260805 -0.454912765700699 0.19494220228463 -0.11140267782476
0.420049640747015 -0.369931607749403 0.379489608126292 -0.218958480117436
0.570566103999522 -0.618421454810447 0.0340693752760423 -0.256678476202108
0.342804080267829 -0.570205996878702 0.255730606037402 -0.164796183262828
0.2215828868762 -0.618603407995525 0.183778552155864 -0.33428823409142
0.134635931930628 -0.60515796393634 -0.0939584440257769 -0.377115889912211
-0.108242762823745 -0.602723855451852 -0.215426237461027 0.0297665939623797
-0.345227405512771 -0.572514397815458 -0.131176659913961 0.275101340832271
-0.537479517973466 -0.451050888980442 0.0721895354335911 0.248147064816482
-0.586925638141904 -0.311694715188208 0.181435563914303 0.17121131670411
-0.658792359677903 -0.342771621523149 0.214671714327393 0.150601048573238
-0.49625998036708 -0.535164548242646 0.169362766654201 0.223014907233434
-0.373627604588167 -0.653139237655168 0.176906055901639 0.272082766242859
-0.0705266423997201 -0.733051981216596 0.0859508341448368 0.155618745753536
0.210027001016928 -0.711160210436809 0.0826141345955246 0.101290541556941
0.401545412358294 -0.590482287601567 0.0700401908395208 0.0270162164904714
0.504844599536204 -0.530294073503448 0.19798901712418 -0.0963400578350826
0.599547132607612 -0.659665967645523 -0.152524367946509 -0.0734203750137968
0.383667011226303 -0.571828152696481 0.155297025076996 -0.0726921985946887
0.315445140932958 -0.6635430211146 0.0969924311570453 -0.306634362363919
0.241397636643882 -0.731774841018592 -0.153035744669543 -0.363025833614662
-0.0789340192285322 -0.737797256431484 -0.257191524862029 -0.0631447118583429
-0.392338139428784 -0.672031132384665 -0.249929339401673 0.103873095841923
-0.587588024594348 -0.547823454609175 -0.114880642892887 0.0708169995774574
-0.617122424156218 -0.367208706865228 -0.0237729561689262 0.0287789694052383
-0.684623557416912 -0.375823030724448 0.0035493196775141 0.0244119177823056
-0.499796307588409 -0.552955936262859 -0.00935326854991983 0.0725093296315842
-0.34968810330696 -0.650361781125856 0.104212924515741 0.129290330593869
-0.0675413771122087 -0.703164252495109 0.089214551437769 0.111290251572932
0.157493896746462 -0.684951828425613 0.0341970003766203 0.188973323485294
0.340279363577122 -0.626123991135552 -0.0603540676378392 0.203952850343282
0.498283730895047 -0.612878322323805 0.0114384823365957 0.0756505282429527
0.539058282457371 -0.587974184398679 -0.340080322491903 0.0790576905954702
0.372304484411095 -0.464540793712211 0.00345727672602909 0.00419410106177555
0.369946097032604 -0.587293310666072 -0.00326133191121334 -0.241643212633696
0.312482018028307 -0.731080997348865 -0.173116678488146 -0.33119665753252
-0.0334947130259979 -0.746578132169962 -0.273322130392483 -0.202988155426739
-0.376480439330026 -0.659905129246055 -0.364062472441048 -0.115824447351929
-0.54934767379941 -0.55924059375223 -0.312235621924364 -0.124773775188774
-0.554791667598744 -0.369370474539501 -0.227361281297961 -0.117323236917328
-0.593217383072415 -0.356187471993037 -0.182845571782075 -0.102472812669909
-0.398005671518661 -0.493350470831706 -0.144516864599926 -0.0701307662447067
-0.23633416474801 -0.542510650172111 0.0607468057584841 0.00699052642128714
-0.0298885747809173 -0.539005508283764 0.0942540324198164 0.105345863344652
0.0921278625242299 -0.53715536843539 -0.0335741534281742 0.288238537824799
0.233146829560433 -0.563922610467921 -0.179398428962441 0.360158629276252
0.4226191637432 -0.602984238424695 -0.146744648861223 0.260555738909052
0.388392463079581 -0.438736266695724 -0.495032207518222 0.185911185990588
0.275206069366065 -0.30790970297314 -0.158619253424047 0.0725165641091313
0.319232057948622 -0.415841527554421 -0.0733282852216525 -0.15411130227142
0.289545174815357 -0.574895005863549 -0.142934527030549 -0.296390760801015
0.0125188181265418 -0.592043719584533 -0.2678376570282 -0.358661241295028
-0.28940827929261 -0.51689074316685 -0.455791518199299 -0.332730262617387
-0.420336765664886 -0.473171632808742 -0.487128548638806 -0.296219634701844
-0.40743130022917 -0.315293323246624 -0.397765635665414 -0.246179382289235
-0.416619444293918 -0.296578624976969 -0.310733348767305 -0.218790975152316
-0.240914729795721 -0.37001300130919 -0.204164065322572 -0.18951885055281
-0.0903929991713713 -0.370184157526126 0.059106132367601 -0.0687416520115224
0.0117461589011736 -0.323408855215678 0.0876343533632609 0.137595645979914
0.0299321026039497 -0.339743183620764 -0.126844399151806 0.360106384336928
0.122903404437961 -0.432711845720821 -0.276249586529379 0.449712932901889
0.30613867641826 -0.499669776433723 -0.262116377561842 0.423264850086832
0.16776352879018 -0.243158707869586 -0.58052078409322 0.250327144163322
0.0932154263848738 -0.135301057273473 -0.271736496666177 0.133547378247963
0.164459313114707 -0.180448078130405 -0.091999201517244 -0.0759730587381574
0.186330037767925 -0.296849772179752 -0.0889777421022155 -0.269830560492777
0.0564951645352938 -0.312651911433804 -0.256715885316128 -0.484875031867321
-0.14237262775948 -0.283970028402815 -0.516075910650501 -0.48984941944305
-0.214256611499865 -0.308822047226261 -0.605410330892528 -0.414351271790892
-0.198497149424412 -0.215297632208859 -0.508024379425897 -0.334565492188838
-0.196184314319014 -0.193864025232856 -0.369140879453826 -0.311988871994834
-0.0779955871759981 -0.209167711352934 -0.194284838332849 -0.271384227939455
0.0251903592846137 -0.18111283631625 0.0809310796860878 -0.0943897559420563
0.0346291808119734 -0.126918348526002 0.0579192675779143 0.185440802538992
-0.00970603217532326 -0.146739462135626 -0.226892083895114 0.379655237938697
0.0322062896433276 -0.255232604350793 -0.342229415762883 0.465015090181775
0.162005928395441 -0.316791390645789 -0.338011339656652 0.542233388240299
0.111295831495648 0.0441327470920044 0.277502817250109 -0.64432343728319
0.117632460227475 0.00120962867897269 0.270400000685401 -0.465587282577036
0.0726579165675477 -0.042778166369108 0.141587505649441 -0.425036932507991
-0.040194288130377 -0.0471778100242706 -0.0884017684697921 -0.341736636248297
-0.0852811821631874 -0.0351761491613267 -0.0789793186142283 0.107895420969095
-0.0255308606591959 0.00138210764516704 0.203760851552087 0.37033371391239
-0.0234684405230064 0.086519453747035 0.450683806812271 0.368442547803493
-0.0211503490991217 0.0742272675862129 0.554375345287371 0.292917225097687
-0.00971688677959198 0.0592766960787002 0.608530086549791 0.306567705566669
-0.0170925302324704 0.0249805939850883 0.566543285565486 0.432770426718078
-0.0925901284455105 0.0334461423173587 0.367351531194123 0.467410401837853
-0.096639537989551 -0.0133114148373639 0.126039589064338 0.314994564607921
-0.016493728853698 -0.113081913092222 0.159053352665424 0.0624234712731325
0.0125278948064358 -0.0655070820892411 0.277323661836972 -0.211068645325626
0.0108571141659049 0.0304700960506003 0.520592989528724 -0.323285060806389
0.239342170650216 -0.267822390570454 0.223537526498973 -0.56819506622237
0.144290975337033 -0.254517928402953 0.2719087477507 -0.385189202943923
0.0499697827643174 -0.264601955136288 0.180818633781806 -0.379581158721521
-0.0544341853893008 -0.22325816545065 -0.0656608007987231 -0.351605473664241
-0.145096578105347 -0.197316560514842 -0.096945676052216 0.10522139236138
-0.176565196932282 -0.163510170199443 0.144307277482433 0.38699116276509
-0.254730322628181 -0.0528119060867462 0.403371224509438 0.377632604417745
-0.265843573092129 -0.028954582888363 0.507006854275975 0.277396921335922
-0.298004722339342 -0.0687443140788781 0.56221431920863 0.271586979043944
-0.245048934080419 -0.197699485758067 0.513623658796412 0.397824300227179
-0.235415471620758 -0.251470210935127 0.353934807730093 0.441620697003158
-0.0954925577728208 -0.329565906215888 0.117738059265213 0.274953892339801
0.0854929764385497 -0.387398709561653 0.143425933556403 0.0338675386524974
0.187250632075654 -0.297084514931216 0.244569859216103 -0.2182636494751
0.210010340342287 -0.210575958815146 0.454773571688061 -0.332416419753751
0.353638333890305 -0.541569703851482 0.128455538201715 -0.41721191166341
0.181247494526515 -0.485221334773759 0.267970551404728 -0.284841907428741
0.0491760293298874 -0.483198840511034 0.184812615833179 -0.351820687960191
-0.0444009897194668 -0.421393584665006 -0.0855664747089929 -0.346183294876291
-0.187475415197546 -0.375632844572545 -0.13126496203068 0.0968397773338792
-0.314529152130991 -0.334126780190714 0.0579415394675413 0.364157329663945
-0.455934707602292 -0.205830632785401 0.296263489940388 0.333344752934953
-0.471455143667717 -0.127440715579931 0.386828522647302 0.221222570530034
-0.543765289686822 -0.165187634034629 0.429333203796076 0.201752956864873
-0.450566276935431 -0.358777570394552 0.389703420501177 0.313492377649023
-0.379940588912557 -0.463402184100542 0.305810264592258 0.359440169360965
-0.142506984687741 -0.582421665359604 0.113828284086384 0.217298281775972
0.115151296299673 -0.616165198880222 0.113926190052341 0.0470093579602906
0.286414262507848 -0.507085800155104 0.157723134098659 -0.141451503301361
0.35013346851695 -0.432094954101584 0.321856672187212 -0.265304156298936
0.428725284399603 -0.716163169685917 0.00263821158501852 -0.21425484794915
0.222064327993279 -0.622441638998331 0.238309270980525 -0.17442972402125
0.0928538459616313 -0.647878891211247 0.145212760723305 -0.328347899934482
0.00631950339534083 -0.620687323615956 -0.137604081102753 -0.329330629656503
-0.212773631940797 -0.561680631233066 -0.18027863578785 0.0643957149798332
-0.432228986390025 -0.484866713386428 -0.0573736408218107 0.285140168768584
-0.607986534233702 -0.338427503490085 0.131946124428093 0.237361299621655
-0.607125837154061 -0.206252978321136 0.202624622547148 0.130907088092077
-0.695423887424683 -0.219970404711044 0.229232067539931 0.112676951029644
-0.578314111917807 -0.443650851315988 0.207524365305772 0.201138873512227
-0.469757913630276 -0.571780898614625 0.223727314424433 0.241354301619645
-0.194533628452565 -0.70812606375647 0.107456149121043 0.156004047463898
0.087427547915324 -0.731000574982961 0.0810563656611967 0.103072428826487
0.291543565139025 -0.644366857521632 0.0523339025036587 0.0133512647321477
0.409051490963242 -0.601643271268939 0.155758351062381 -0.121596347535827
0.448254214861863 -0.757384612822534 -0.146568526776618 -0.00591614689049802
0.263388312461556 -0.627882908857217 0.155140071128367 -0.0687644628109664
0.174162882900734 -0.707823927447542 0.0667010929562934 -0.28259830945585
0.0863490805959481 -0.764123272421097 -0.188232003225628 -0.297460923658546
-0.208627856283536 -0.699380960656727 -0.230528856173812 -0.0139420522693512
-0.49666504033955 -0.575462690310478 -0.197045985787671 0.140933947637156
-0.68164869142901 -0.427636008892418 -0.0767051581976869 0.0983876054840858
-0.648235958752114 -0.256833424866372 -0.0167243390342155 0.0235105502551747
-0.729136601889131 -0.246256933969345 0.00605345112891368 0.0193397620383203
-0.585641797115353 -0.456458362781806 0.0123930186515386 0.080118180763875
-0.445828901490685 -0.572615279764669 0.131805944699024 0.112154600422261
-0.18906500359692 -0.677955726751753 0.104472900109345 0.110832604118951
0.0394572570415593 -0.694094612239546 0.0486573080874837 0.195513278572856
0.22862723609641 -0.668710766829109 -0.0491272959612998 0.206837062641062
0.391885080653101 -0.681518030591028 -0.00368320820975893 0.0711972730893015
0.403219459259729 -0.669696242935727 -0.303832127373498 0.166135224108297
0.273318052509693 -0.518941681389741 0.014540119442511 0.0269478878798663
0.242036889213432 -0.641923337351662 -0.0242390363939371 -0.201998670790741
0.154109811855478 -0.775036232147614 -0.201604138308082 -0.260179613753723
-0.166596156179796 -0.718087667382221 -0.26977530964855 -0.144686785963747
-0.48315712801548 -0.567475954212189 -0.345124549513298 -0.0499094859327702
-0.650800343852881 -0.444871788939784 -0.30113417467771 -0.056463968997008
-0.594159410834911 -0.266939683310559 -0.235333855454209 -0.087521320085118
-0.641465359314169 -0.241903829667023 -0.191812885952427 -0.0776181450317062
-0.476430954742864 -0.41236577135472 -0.141695394921352 -0.04121111550734
-0.316809275597086 -0.486036602834312 0.0686736638658558 -0.000856432372248925
-0.122849890651048 -0.524171136948405 0.107417489918385 0.0996122491707414
0.00156518415917933 -0.53848466690993 -3.89582839848689E-05 0.300254744336682
0.136420389493349 -0.590210115928409 -0.13928353028515 0.37840951566121
0.322229092398119 -0.658161905545353 -0.129132036163701 0.271537065893595
0.287193386569436 -0.492625387448123 -0.438829274237225 0.285340336357216
0.208161025483111 -0.343110090538075 -0.136658751063363 0.112446464452954
0.227361448718769 -0.462373188668927 -0.0843361372903495 -0.112513939264348
0.161997391277911 -0.61828816279492 -0.169782873095666 -0.237665287158486
-0.0965042594417666 -0.580825624229702 -0.297690805791518 -0.296176719933273
-0.37983888468371 -0.45021518550783 -0.475890436273164 -0.242239185471729
-0.512002942033021 -0.384938532228129 -0.503603196119784 -0.197113484998391
-0.449117062622278 -0.237607746898352 -0.420298428304579 -0.183127371537696
-0.459042959914775 -0.211049823542832 -0.332468977699072 -0.172556721745052
-0.299953942101777 -0.318024379155339 -0.218565149804166 -0.151200991756806
-0.148817576760665 -0.343096285913913 0.0537293665528132 -0.0749143703601547
-0.0445994893444035 -0.318924053732192 0.104079441860288 0.127693535865661
-0.0239008605090582 -0.335889192120326 -0.0778167421641615 0.380007762861948
0.0526628975961024 -0.444749283812228 -0.21575705455923 0.479322122979842
0.22712347450692 -0.539522077830537 -0.2138965833736 0.446453087296015
0.110895334229435 -0.258630773453016 -0.515187231700834 0.345635778126657
0.0644666393161888 -0.138762459727388 -0.240455721146047 0.180064938519748
0.122007580705125 -0.203710781602937 -0.0958155046894354 -0.0463259439850399
0.118027248799804 -0.329178264571692 -0.119813491642697 -0.23302820330952
-0.00774993653214651 -0.322586198076921 -0.320007117301435 -0.421298140155668
-0.20149174120013 -0.252410817546917 -0.570069736219211 -0.382254948506977
-0.28217723973594 -0.261401951538556 -0.645341449586848 -0.291410055568048
-0.233653340958424 -0.17424285851272 -0.541315299899767 -0.250823799140281
-0.229387675906378 -0.151387482397999 -0.402316179194676 -0.254899214725739
-0.116044657615895 -0.18758263542364 -0.223017876727947 -0.233976912233408
-0.00606688919326164 -0.18108717517627 0.0690365073401178 -0.102124585881984
0.0120718824671475 -0.130778697554317 0.0821884830626891 0.176532535975276
-0.0293532329307758 -0.141178772926972 -0.169738163251268 0.409196910562229
-0.00461574039883195 -0.256597017053688 -0.272653806565743 0.504071487443132
0.116212020067553 -0.33683531851043 -0.264260614301896 0.57237040420745
0.107885116284158 0.0380945166606678 0.24036851100655 -0.639050514471511
0.112184981898168 -0.00478252136669806 0.24086391543111 -0.456262894945009
0.0699879490798831 -0.0453848804369719 0.116215530337998 -0.415335355263446
-0.0393457730741095 -0.0420104202505985 -0.108779896214549 -0.327686468397127
-0.087019070818929 -0.0302239477917309 -0.0746574887314451 0.103542521505393
-0.0280151069203838 0.000366863139362577 0.216135260106671 0.344885550497003
-0.0166929880430328 0.0851147386281453 0.453643304786466 0.338060887881987
-0.0166275710545358 0.0722430564213602 0.549673526826203 0.266803451348489
-0.00602474557939738 0.056808896198638 0.601273669352083 0.271034000904144
-0.0169212776386443 0.0236258846963133 0.56705878579202 0.391347470391775
-0.088362927916857 0.037461099109332 0.379209749106288 0.436002315271708
-0.0918640868203038 -0.00777432797481056 0.136991637313418 0.300177594306331
-0.0227705422674303 -0.111079485849391 0.15834402865713 0.0516309010346996
0.00791777170301887 -0.0628824441773715 0.256944022441054 -0.215531705654021
0.0129781612386827 0.0307762907871672 0.487215923245078 -0.33478584521163
0.214682618879755 -0.271795771759451 0.191420692297792 -0.559479429019739
0.125781497525356 -0.254433744154576 0.245478297574953 -0.378700298989286
0.0349920264630511 -0.258030888694728 0.154130808595854 -0.373785093741492
-0.063768209331697 -0.21290089027723 -0.0877824340790596 -0.339031421918765
-0.150509251451606 -0.184721527034655 -0.0921828157469305 0.100863210527191
-0.182812116443421 -0.151509279764553 0.158400651150848 0.365359063608056
-0.246215622088204 -0.0376767248383882 0.405139988563095 0.347735476329949
-0.257649805859913 -0.0162159251848376 0.500607006160783 0.253982425917942
-0.289529978712952 -0.0522584671360374 0.552908541515971 0.24065907621499
-0.24873615113131 -0.181307852123495 0.515067476622564 0.361508599707811
-0.239686120777461 -0.231990039857061 0.363099231549181 0.4102516535759
-0.106293981989637 -0.314215295305858 0.125763453112499 0.261106840076534
0.0624373019300568 -0.381991781148102 0.140499405022424 0.0252654357317161
0.16515400497679 -0.296472300023638 0.224390655704619 -0.221130240494951
0.191958583946464 -0.212934452341496 0.421438002494086 -0.339561012906494
0.310601740778423 -0.542386300454934 0.106474446541341 -0.408196884363654
0.149996091491853 -0.480038042004816 0.246522767825865 -0.282173255198252
0.0219934506789704 -0.470433395438617 0.159836085745391 -0.346238987562927
-0.065158664958581 -0.40809584458022 -0.108171594562331 -0.333908934198507
-0.199139190161072 -0.355231074259654 -0.126573881383999 0.0956867507278414
-0.325537701272011 -0.309797735526862 0.0741431006280879 0.350373935675427
-0.448475042144177 -0.173495400698517 0.297957495826649 0.308395835702271
-0.46050252571597 -0.100960891092506 0.379275718413376 0.202360837871266
-0.529444973493404 -0.131763163866606 0.418051697883868 0.17734305014358
-0.456511169289039 -0.326661841918087 0.390904197331092 0.286632639045667
-0.390185051134018 -0.431131216864591 0.314057029002526 0.331074822999495
-0.16649668939668 -0.557811459512336 0.118405862832475 0.204300871083725
0.0805508487779291 -0.604849745130504 0.110465472169889 0.0396874553465064
0.250433957485909 -0.504988103618162 0.145193894735531 -0.141680505673906
0.316686736916577 -0.435176799584721 0.295020978349719 -0.266529925754252
0.373457439667269 -0.715702378149361 -0.00474690817188263 -0.204960257395646
0.187177610275514 -0.614482148170662 0.22360759889989 -0.175804166814008
0.0545030287725022 -0.630564458732328 0.123453836127071 -0.325152527488167
-0.0275172386226379 -0.604758477969314 -0.156474359761908 -0.315225463049076
-0.23088955313846 -0.534472442479616 -0.175540888852784 0.0686763535603784
-0.443498508509512 -0.44811803326393 -0.0411469604323861 0.281575451755727
-0.602778515070796 -0.296510936267653 0.133115713987786 0.220263006519062
-0.59556319327084 -0.171566018832104 0.197102307268355 0.121985742414162
-0.678128499081054 -0.178600277665226 0.221338495792899 0.100644032924384
-0.585074320562147 -0.401267856911902 0.209222736813226 0.187244710664509
-0.481792396722291 -0.531327716435785 0.228128193286618 0.219107302847205
-0.220892245746808 -0.675381712296004 0.108526065629355 0.143374630310779
0.0463414177402956 -0.713481104213835 0.0809962635479003 0.0953177439427899
0.247784629037496 -0.639111227590519 0.051457090152815 0.0130916797126974
0.365833523229053 -0.603771287352192 0.141245391215261 -0.121297454388946
0.392225283852215 -0.757077650453483 -0.141101288141324 0.00389477105976051
0.22824703742176 -0.619485138910844 0.146460428759379 -0.0714854823581344
0.130570957739898 -0.69143781764808 0.0491506342088317 -0.277475022151138
0.0435600452886934 -0.749413792337299 -0.202764536574707 -0.282105239818871
-0.232400143801186 -0.670549702086145 -0.227389407358786 -0.00404138265249491
-0.509355437855861 -0.531892826004969 -0.183390701366933 0.150912343263757
-0.677730163956953 -0.377348573282168 -0.0756979383959897 0.0955339872736994
-0.638940275104836 -0.216731627343894 -0.0201400173058851 0.0255055183859528
-0.710544390817889 -0.200152651465751 0.00270862477653755 0.0194230081139698
-0.591321421180292 -0.413723716004245 0.0145360210734879 0.0789306745194651
-0.45661592603949 -0.534920174780515 0.131849157017482 0.0975533628514542
-0.214588790237965 -0.646717590600006 0.10271972831765 0.0982571061105521
0.00191868993058723 -0.676478376991417 0.0529467527222741 0.187321382284273
0.184875433191915 -0.660845367392797 -0.0368830319424251 0.204092194590242
0.343853660679126 -0.679681833054106 -0.00295361455821088 0.0720795039555565
0.354638363214932 -0.669268126779103 -0.286504163503363 0.176320145058535
0.244076695459168 -0.514098022797475 0.0137728282542464 0.0266455682076927
0.19995956026162 -0.630661024128531 -0.0350408850306286 -0.196010501886809
0.107961853890748 -0.763461278823731 -0.211680368704248 -0.246156280681689
-0.192310936793764 -0.690510115271656 -0.270215948450793 -0.127053817477023
-0.494835166397059 -0.525722487295016 -0.336518973764567 -0.0251413699473767
-0.653097871079625 -0.395191988208241 -0.299164444186791 -0.0438498255928046
-0.585513574122288 -0.231689673550716 -0.237798376761756 -0.074511232069017
-0.625344745042003 -0.201167371127801 -0.19195262771826 -0.0670579971359517
-0.482832292888854 -0.374745712488583 -0.138825613960952 -0.0318265683996361
-0.32721640244341 -0.456516799782073 0.0658449142707433 -0.00896328834871069
-0.14622793200894 -0.49877215345037 0.105651466207879 0.0878874602295849
-0.0275006339833652 -0.522011692807677 0.0109502612805001 0.291721260475681
0.0987562980292966 -0.581138306384383 -0.114702499657884 0.3731624950281
0.275985386673416 -0.654668449043858 -0.114689670565426 0.270963917790091
0.252825340076904 -0.493085087908269 -0.413497063560536 0.295986104339649
0.190330873489997 -0.340641531669924 -0.130512676907985 0.115194358869732
0.195098707169935 -0.454884780513339 -0.087747173420168 -0.106396748960869
0.124723933014478 -0.612467067628507 -0.176683046307715 -0.22518228433391
-0.117583580097093 -0.562366465605987 -0.304453000471126 -0.272114127668115
-0.388787615950703 -0.414942805884141 -0.47212761357595 -0.206217354657393
-0.517566969669088 -0.342777811144352 -0.500096984563928 -0.168056174388289
-0.443800192163098 -0.20962996814054 -0.419940591630789 -0.161880529686457
-0.448937204258457 -0.179829641418574 -0.329655152373537 -0.154237298760784
-0.305405316434882 -0.292593170024472 -0.217652036527291 -0.134957137148397
-0.158065842735492 -0.325461886553156 0.0492853429115196 -0.0782319463559977
-0.0604169243835403 -0.304150976535926 0.105436157990798 0.116121283453961
-0.0425255879919164 -0.323800090441221 -0.0592593812104427 0.373835762483947
0.0259029743429101 -0.435443450016832 -0.183951808861838 0.473220999309275
0.191655540305168 -0.535091103864447 -0.18675536531986 0.441864033014842
0.0962849066593162 -0.257811420383362 -0.485216049635897 0.35672103138365
0.0599412997116847 -0.136020213765975 -0.229079029770612 0.185611234583898
0.10685737587738 -0.200361551533689 -0.0950782620019841 -0.0408713251563319
0.0964869478865473 -0.326345545275467 -0.125616258193008 -0.224070717664652
-0.0198075537907864 -0.315400966452028 -0.330511648462393 -0.392126030479099
-0.204550754672426 -0.233636527409493 -0.571214612087072 -0.340418059714543
-0.287726905574858 -0.237612972727055 -0.639466161595861 -0.253316920756423
-0.23382116392699 -0.157499923414247 -0.537718795241666 -0.222045794025188
-0.225514900800118 -0.133366823935573 -0.398198511570188 -0.232421677333392
-0.120231592040603 -0.175204659309045 -0.223519274880042 -0.2156461195317
-0.0132484621623861 -0.17525497833048 0.0639437403854605 -0.104296990908513
0.00330736618748605 -0.125432065772337 0.0868062202413234 0.166368752024956
-0.037647282001467 -0.13548031149835 -0.147490482657895 0.406637346641598
-0.0187313947973831 -0.24950943521037 -0.236193458141349 0.496642657454445
0.0962434073001102 -0.334092565450273 -0.226351348923678 0.564345267974338
0.10497095536852 0.0359473150064653 0.219295281982061 -0.628648125262178
0.10769062534162 -0.00820585349926647 0.225361715998142 -0.44472207950609
0.0696543803802177 -0.0470081883062797 0.103741368654856 -0.403972399131579
-0.0365042658521538 -0.0392779713203287 -0.120742515970306 -0.317232146366399
-0.0881586160092777 -0.0278909082164002 -0.0750499580305882 0.0983246552007704
-0.0312689418266562 -0.000339600047634564 0.218184427501547 0.32573310151313
-0.0119647708179793 0.0824363421418815 0.449876508926011 0.321590404979324
-0.0135510622013767 0.0703768915113414 0.541183466825415 0.256325140624605
-0.00400119077332088 0.0538380959298675 0.588807903242662 0.257201799296968
-0.0172821418050195 0.0222909674374033 0.561931531602848 0.368181494628166
-0.0846369849745604 0.0399388788811939 0.37999870837884 0.415165965917364
-0.0863883222229968 -0.00540391033895092 0.139854830809312 0.291942584266043
-0.0268745796935704 -0.109753359869435 0.156812435085317 0.0453622312955368
0.00567204323755116 -0.0591598151435749 0.242789551155225 -0.215460241078922
0.0139909994251231 0.031043810695025 0.464373094966707 -0.331411929146603
0.199455832068258 -0.269204830989098 0.174996798077415 -0.549062720285377
0.114364954183076 -0.251709028719755 0.232036833987811 -0.368810619952428
0.0263626642517928 -0.25246505524943 0.140233162069108 -0.363943684561129
-0.0666784469261136 -0.205905527913729 -0.102088339823668 -0.329311392192282
-0.151408549603899 -0.177113008475948 -0.0924830544774655 0.096040978708136
-0.1852814036869 -0.144857401660538 0.162272816315773 0.349577510584085
-0.236673101561027 -0.0298651123436774 0.398357980747779 0.32982482981325
-0.250122885152201 -0.0108087864459982 0.493408292898966 0.245392950129865
-0.281851119312367 -0.0447589099451249 0.540837052208278 0.227236363814307
-0.249060884087888 -0.171837573059474 0.509801078136229 0.34227739163733
-0.239052663448626 -0.2197131572606 0.364430836263223 0.388677426396528
-0.107929748261985 -0.303802439454106 0.127350135286758 0.25230487020428
0.0501776934321955 -0.375696449783418 0.13679805015194 0.0197635531435041
0.152045698192844 -0.292142380547152 0.211379669143505 -0.218192310783688
0.181957590291741 -0.210003271748492 0.400347800857112 -0.33562765594003
0.283288868707518 -0.536646771358726 0.0972801157636165 -0.396140585314584
0.134212409778132 -0.47283567187354 0.234931795026803 -0.273993532409081
0.00521286522483536 -0.457524374760124 0.146716413092615 -0.338898844715987
-0.0759672469950378 -0.396982998453375 -0.120489557581356 -0.32390619314544
-0.201064981439944 -0.342255823138926 -0.126345299610228 0.0923209716183453
-0.326895754673625 -0.293940909172775 0.0801652439897608 0.339602433976721
-0.437991569579678 -0.15712518814221 0.291267655752271 0.292539437451779
-0.450685801034039 -0.0888178606429161 0.371735519114975 0.196333183077683
-0.514712499009048 -0.117404876978299 0.406305977882364 0.167888562891799
-0.4552746517797 -0.310537023986792 0.384851895365181 0.271574570324742
-0.390073604134715 -0.411166992480739 0.314367122853472 0.312288585022568
-0.172172053461599 -0.537954593486474 0.117556545477042 0.195736728987215
0.062525856282389 -0.592674777066316 0.107111142680112 0.0346635619370921
0.227885655241136 -0.49982190860472 0.137552016202397 -0.138882466481982
0.295536197294463 -0.431019749002331 0.278222292479432 -0.261033756956413
0.340969935770616 -0.706860643876338 -0.0072477344615123 -0.196466899576305
0.16725326886136 -0.604270064504426 0.215056114323354 -0.171937912547367
0.0344633576606567 -0.614300196190835 0.1120638732845 -0.317760776616463
-0.0459225500628107 -0.59172457026427 -0.168248375698534 -0.304156692024052
-0.236308014365902 -0.516317560720097 -0.174201789897409 0.0686377662255553
-0.446483393662682 -0.425892456855244 -0.0332134036563652 0.279155257436694
-0.590926889104069 -0.26970760329123 0.127101034499423 0.20961913395801
-0.582725585815125 -0.155497763660846 0.190176251564307 0.120521419522138
-0.660229148185605 -0.155882200552314 0.212711400677956 0.0964030871684771
-0.581019637445223 -0.378904349511699 0.20660156669503 0.179940279896831
-0.481014718915285 -0.507810798441407 0.226301342517818 0.204188734757604
-0.230260292550312 -0.652695579213181 0.105424115497164 0.135073747142272
0.0272312546632552 -0.698888808723903 0.0791024819110294 0.0913611593128866
0.222482557688882 -0.629467836012032 0.0507949551760366 0.0140533017234821
0.337334901063357 -0.59522075795897 0.131488608842225 -0.116584291611746
0.358259045035981 -0.746888068109014 -0.135592534647914 0.00956446848376434
0.209136360182713 -0.611007341325264 0.141161750237735 -0.0688002690077625
0.107542386015471 -0.673227122213518 0.0385680818424144 -0.271905677986814
0.018424375911501 -0.736059779956059 -0.212146855880355 -0.270645836105083
-0.238184759161122 -0.651140117905264 -0.226273985431733 0.000794743272535274
-0.51061071032307 -0.505652461720815 -0.173758244771764 0.157129987775129
-0.667859708614534 -0.347444518454399 -0.0789274796293482 0.0924905169826923
-0.627036571677703 -0.195989173468153 -0.0242324475944144 0.0283700725918963
-0.687959704186157 -0.176970130182796 -0.00123298339906282 0.0200245301545128
-0.585863587733484 -0.38915035894764 0.0153899081791141 0.0786017988884284
-0.456744055683226 -0.511722719630588 0.12925501391848 0.0877255965984325
-0.225144938014678 -0.621305281280939 0.0986925724770905 0.0909467960472709
-0.0167023041855877 -0.659256802755546 0.0532857375331265 0.182044250879648
0.158959492791338 -0.650588350303299 -0.0302192749656533 0.201604575696384
0.315301146653321 -0.669762466782472 -0.0035781151089696 0.0737657700785109
0.326618765324611 -0.661932349259749 -0.275286904144858 0.180758011875157
0.230375884746518 -0.506336118353106 0.0125506862183593 0.027721433050272
0.176293633196859 -0.614686613430644 -0.0413073346352095 -0.191370684643783
0.0836007326537582 -0.752236294063229 -0.217767542756657 -0.237376559685134
-0.200251374543939 -0.673625084739003 -0.269992500536816 -0.116435652862805
-0.494440753957166 -0.499317506676436 -0.326328169648574 -0.0102391491148998
-0.644137980648576 -0.364467835368814 -0.299302586870388 -0.0388458174782518
-0.574802992774076 -0.211862301483423 -0.238071552439958 -0.0672231572030595
-0.604952401793427 -0.17950069468726 -0.190117588967466 -0.0613986660374414
-0.478035540346796 -0.354098496347547 -0.135315519109214 -0.0259783977351443
-0.327177943971478 -0.436721146971781 0.0637620281332391 -0.0146298993252944
-0.154122410314381 -0.480038320609035 0.101455037194812 0.0804641706332792
-0.0420989563531389 -0.506894707758569 0.0151395062091368 0.286315574587416
0.0772786391029662 -0.569984050045878 -0.100912278147265 0.365970396224142
0.250882727386061 -0.644250294439888 -0.106045360449023 0.267981128491053
0.234056417496177 -0.487882959308388 -0.396384100449427 0.299615838127316
0.182686902006394 -0.336833274338585 -0.127918465552975 0.117027456123236
0.17757863717971 -0.4449599070265 -0.0901559456633615 -0.10307178599774
0.103896187503488 -0.602551527084994 -0.180498174190158 -0.218482077843918
-0.126323652771617 -0.550800807713791 -0.303795875359178 -0.258116778117066
-0.385532345252014 -0.395695760378818 -0.463009251870783 -0.184494181544787
-0.511349645617819 -0.319723612093836 -0.495905124760834 -0.154115553611564
-0.436001515040714 -0.194486861588248 -0.41716960595099 -0.151312681341359
-0.435123500075619 -0.163014181245545 -0.32456914839412 -0.145099748525407
-0.302587471402215 -0.275917876787806 -0.212493655944419 -0.125649181677516
-0.158926979012015 -0.313642010400671 0.0463145012162538 -0.0811517867869056
-0.0674479737925977 -0.291071930083246 0.103444003253442 0.109796626735938
-0.0523139569972081 -0.313957667509698 -0.0517242428643468 0.368521475932476
0.0112496609968944 -0.425841221301037 -0.165604943369918 0.463152065536504
0.172151795314686 -0.52812698731441 -0.172196879431601 0.434014004472607
0.0884890574180772 -0.255915135880822 -0.466996400955487 0.358956940937733
0.0597486255375247 -0.13334061341366 -0.222470643920038 0.186665844126758
0.0992905750309199 -0.194536816595692 -0.094056462291698 -0.0392007321323028
0.0831313959182852 -0.321528834381794 -0.126750403793677 -0.219486615808271
-0.0242337584959147 -0.311297839476328 -0.33320180226163 -0.374569366442977
-0.201345135504817 -0.222607367476067 -0.563952338763474 -0.313617738463844
-0.287938947905481 -0.221468443294731 -0.631453348410251 -0.233356473849237
-0.231863159256315 -0.147878712825111 -0.531924684797545 -0.208507114371432
-0.21841492258747 -0.123448771753048 -0.392206895878831 -0.221260485797734
-0.119854379294236 -0.16635464503607 -0.218980646651285 -0.205084888367392
-0.0163361454188441 -0.171007885402396 0.0617662422789646 -0.104156367093815
-0.00188951687837949 -0.11991020031742 0.0874594586541098 0.160248879854744
-0.0424728560265711 -0.131314518003462 -0.13548659828347 0.403096004607326
-0.0260822520600287 -0.244713347914601 -0.215499788483513 0.487214019428663
0.0849333846791196 -0.328891329954493 -0.20730352407855 0.553377006374195
0.10354100909553 0.0347480692032227 0.211472523998313 -0.627407262608381
0.105410073693445 -0.0097367143362351 0.219504701285776 -0.439312719062297
0.0701740925347659 -0.0493474311326898 0.0984247679197614 -0.399801407847928
-0.0341861398843304 -0.0384684607810553 -0.12990872677946 -0.313449226987948
-0.0903282385521175 -0.0264289235810152 -0.0780042970593913 0.0952591828193584
-0.0344194060184058 -0.0017093296380901 0.219356563324183 0.317038851420535
-0.00909595471397248 0.0806773589368047 0.449460503124269 0.316863806820565
-0.0126935740149605 0.0698831054180576 0.543389405975906 0.257238858885679
-0.00419779468128889 0.0524168654654598 0.586289699079077 0.25473237439241
-0.0187236283509373 0.0214222147361947 0.562453944730257 0.360217033201873
-0.0836440068436706 0.0422682245537887 0.382402688896048 0.409096388581944
-0.083324892259087 -0.00528292076092408 0.143069598854323 0.290045999270886
-0.03005825513111 -0.110149905314413 0.157505731671895 0.0404437984179585
0.0047246213482767 -0.056612796133584 0.23765519398692 -0.216212836482529
0.0156799230077244 0.0330251997983173 0.457259562819975 -0.33008350291961
0.191911525623553 -0.269613138943094 0.168646503468007 -0.547164861602406
0.108134316742896 -0.252311741944702 0.228253047160801 -0.363067971058743
0.0229551987392402 -0.251736726237827 0.135263376120443 -0.359661392647458
-0.0688517098542995 -0.204085050958657 -0.112964178546646 -0.326169451725537
-0.15355425139553 -0.174611159203325 -0.0956315873763896 0.0931188998837603
-0.189230057857232 -0.142553823120547 0.164811964890928 0.342635688369933
-0.231770046585008 -0.0276321604361208 0.395372081127243 0.324720953008159
-0.248321464887222 -0.00783722900686344 0.494196321443657 0.248218414231183
-0.278907367880905 -0.0428790918178752 0.535435781950802 0.226401837450309
-0.252081009862768 -0.169584060950018 0.508532720620133 0.335315562511607
-0.240030764576668 -0.214968002602502 0.366811476556041 0.381489913338302
-0.108587154836988 -0.30173859098184 0.128103343988679 0.251078695528676
0.0440590327504769 -0.375945271043421 0.136186925769818 0.0164244596376253
0.146380801154455 -0.290898235933571 0.207172593914616 -0.217523145592327
0.178425397560499 -0.209265317060784 0.393355500123141 -0.332083590203549
0.270684595611982 -0.536208673333244 0.0943406478428409 -0.393870413039844
0.125820255310341 -0.473608095525268 0.232756831221889 -0.269790769619231
-0.00146736202821356 -0.455184208959612 0.139517421243449 -0.33534567587516
-0.0829293461886178 -0.39481103956747 -0.131130173073289 -0.320509485486986
-0.203453646702322 -0.339611767037104 -0.129594681437199 0.0910042271345232
-0.331142183469518 -0.288784535802188 0.0836045526833955 0.336076306871295
-0.430521105560761 -0.149998364507261 0.284869621528134 0.287630465946223
-0.446870038258368 -0.0846100929397182 0.369137913892602 0.199184170735121
-0.510167045475807 -0.111653206281746 0.401542383269629 0.168929818340337
-0.458573273721901 -0.303567076879042 0.386006777208908 0.266497586146706
-0.393183140185609 -0.404575756297995 0.314448487708831 0.305560316078527
-0.175347137354871 -0.534225843219303 0.115700901663939 0.193872873991126
0.053901622255782 -0.592569680563823 0.105656209358861 0.0323205947579836
0.218998704928845 -0.499018999653516 0.134921903099746 -0.137809612660518
0.288541431212473 -0.431077167324423 0.27126970454195 -0.259102597758093
0.327091795634091 -0.707254862906127 -0.00669752514957592 -0.192201518465969
0.159413604276946 -0.604013865526918 0.214266542666779 -0.167732236423826
0.0245615775123078 -0.608191344723266 0.105320887326842 -0.31464822240683
-0.0581028572181748 -0.588803956034494 -0.179229014410329 -0.300858475960825
-0.238329431808799 -0.513424565044425 -0.178369013265835 0.0693384545616174
-0.451417066894531 -0.416937820018058 -0.0285246866182983 0.280024861894979
-0.58452310979035 -0.259436808911539 0.119158261514671 0.205381719043762
-0.580000945579847 -0.146189677680459 0.188207913472983 0.12418909256431
-0.651210220044086 -0.149002917787326 0.20797329774501 0.0978786741871205
-0.5840123975307 -0.370210702172593 0.206729487105087 0.178042741255512
-0.482185691506541 -0.500215580505913 0.225782733116086 0.197280261837046
-0.235743122860829 -0.644918433712082 0.102387544680642 0.132332810127686
0.0166124431808796 -0.695470401767284 0.0777911811612591 0.0898183827778415
0.209218675655164 -0.629521280408864 0.0513426606767245 0.0154665355224287
0.328054257764309 -0.595811276653153 0.127419545217232 -0.113153016374607
0.343227331503923 -0.746541798852389 -0.131482629003455 0.014112748794748
0.204503871366137 -0.610626814848992 0.141741146549011 -0.0668194753862805
0.0961732401866785 -0.66843997732576 0.0326304904145007 -0.270148918969589
0.00445555842099402 -0.735207334598877 -0.222074500840834 -0.267795687152553
-0.239927687577076 -0.647777902954164 -0.229372575291642 0.00345122819509615
-0.514507067442527 -0.496881881037951 -0.169343683860041 0.163682789612227
-0.663741283072545 -0.333112383517589 -0.0865113230711129 0.0904726817180223
-0.62204473923162 -0.189333845097194 -0.0279547645414373 0.0321868116278657
-0.679615675456896 -0.170226971330745 -0.00438886284075962 0.0227382766366848
-0.588400619685652 -0.379824785118667 0.0166939089740735 0.0804970299182903
-0.457787354617186 -0.504857241379234 0.127365666607298 0.0817374807795722
-0.230431040066602 -0.614125342436903 0.0947523554673264 0.0876030128602272
-0.0275955924171331 -0.655572186173138 0.053531617692464 0.182342302158018
0.145114504502403 -0.648151675371609 -0.0257780990005606 0.202254557754245
0.304305577993986 -0.668254098987945 -0.00456660634049974 0.0764107129294249
0.31340409305415 -0.664731527493056 -0.268921309376684 0.185514494881785
0.227329313706279 -0.507335916403435 0.0130305690830764 0.0300507997064657
0.168849280448912 -0.609191711101617 -0.0465119138900886 -0.190358802667886
0.068551079108669 -0.751262515384531 -0.22498557680581 -0.234305894517257
-0.204499489538233 -0.672077005713507 -0.272019553889912 -0.111958655322551
-0.495961700292888 -0.489919438790506 -0.323009975130105 -0.000419712192081897
-0.642090553159565 -0.350305232733754 -0.304577550222217 -0.0368108269389517
-0.572994330291733 -0.204628821022446 -0.241110778460255 -0.0632316767196215
-0.595424089523815 -0.172411778069682 -0.192268757005894 -0.0586026230890414
-0.478058346143381 -0.346464239056788 -0.133240085004591 -0.0233661853699202
-0.328152832017871 -0.433368944189158 0.0617819013777528 -0.0190280441780224
-0.15856947942383 -0.470461421196709 0.0983992528358403 0.077031724584811
-0.0514350569664012 -0.503909898536356 0.0166646634592786 0.286814561508112
0.0648294457392831 -0.568851407578934 -0.0932816620782421 0.364536435203081
0.24016403751239 -0.64515764272623 -0.104244926614969 0.268796464092842
0.224332825870517 -0.489684647057441 -0.389553006841322 0.302668218063628
0.182193612173815 -0.336694508986787 -0.127411442110426 0.119306369355966
0.171479436461126 -0.43912246952653 -0.0932552422151246 -0.102546926091422
0.0906350742338407 -0.601619884650221 -0.184906809588995 -0.217971782894816
-0.129087097800494 -0.551351389184453 -0.306340950474891 -0.251319048793532
-0.385848065092626 -0.389478851781421 -0.460484362789955 -0.172005045945484
-0.512639753937926 -0.307693396959016 -0.498446028690047 -0.148746973997919
-0.434639176299445 -0.187925305909157 -0.4192710157652 -0.147427745597167
-0.426980092248238 -0.158370821362924 -0.325568782218916 -0.142937699602756
-0.302613141089646 -0.270442444686369 -0.209290666694092 -0.121663646765779
-0.160113219897176 -0.310681786394068 0.0456134568757635 -0.0841810719521204
-0.0707921884141427 -0.285009705128869 0.101960909773858 0.107097892822066
-0.0598097074841396 -0.310732439043167 -0.0489519997591591 0.371319923456897
0.00199547620589045 -0.424429222567139 -0.155474567088212 0.459294832770222
0.164025270228693 -0.527683289761207 -0.166095711999926 0.432579920218411
0.0848701783728204 -0.257392096053554 -0.459535516552198 0.361334447777801
0.0618466387917595 -0.134118446166755 -0.221634830697413 0.189434912988482
0.0962759732337875 -0.191162031078531 -0.0950469106283166 -0.038664273084802
0.076849369053978 -0.320694068958911 -0.129328769331191 -0.220097821135321
-0.0257490902482539 -0.313650531526571 -0.335216210873368 -0.367567172204324
-0.199519874951966 -0.219846143769524 -0.563108691722047 -0.300762125765631
-0.289599289597335 -0.214437013096524 -0.631157926854039 -0.225412723964049
-0.231485425707759 -0.145075444230527 -0.536506526838785 -0.205958067412237
-0.214238319229977 -0.120098660808186 -0.391897604598232 -0.220187211412401
-0.118894694030382 -0.163271346983936 -0.216320134636105 -0.201713026742447
-0.0172802386486496 -0.170016378581524 0.0623268163284841 -0.106098022225541
-0.00515008554401567 -0.116192105757636 0.0881774458025262 0.158634224668506
-0.0464109022245556 -0.130059355166881 -0.132189657696628 0.406907681148329
-0.0310351994037319 -0.244251418127481 -0.205856856381187 0.482726323908406
0.0804979220790332 -0.330406661473524 -0.19834698827355 0.549318123322745
0.106129815785129 0.0345709548611997 0.203401513393304 -0.642293241970667
0.105743533908046 -0.0113554654152678 0.219467786979257 -0.446712592377228
0.0717251388169629 -0.0527337490921339 0.0945044648732492 -0.405304353323643
-0.0330305020172935 -0.0390663767722221 -0.144538028718175 -0.315132065307701
-0.0953020898975307 -0.0247838791450515 -0.0831243733613999 0.0953812816135799
-0.0394358679838263 -0.00174948321126288 0.225428366548349 0.315426236106069
-0.00607723576959483 0.0798887714801437 0.462199479529386 0.318682387161042
-0.0120231090861939 0.0708971987218287 0.560474804997712 0.261773036095097
-0.00387813250164001 0.0526651657302875 0.601691393255176 0.254226387551785
-0.0201576749750133 0.0215460974686833 0.578251128089794 0.3587800666556
-0.0833577265147133 0.0455583726298042 0.395017280783402 0.408985604164729
-0.0825211925594607 -0.00538412227002067 0.150559969701845 0.29571509970507
-0.0340298031372825 -0.112448764255452 0.161199769599453 0.0352156848751605
0.00404243089732621 -0.0548107379356346 0.235876708247595 -0.222892276899936
0.0184854471534226 0.0348976122792149 0.45888084755017 -0.338572929737011
0.188382090974833 -0.276663399268532 0.162513826138114 -0.559003143636642
0.102902241375061 -0.259485054405697 0.227742996126018 -0.368881042542734
0.0175170273271992 -0.257792880834385 0.130654824504104 -0.364899836325413
-0.0743583004021433 -0.206821502785924 -0.127757575458391 -0.328442593183348
-0.161000149465155 -0.175414948043122 -0.102259382288974 0.093822706113449
-0.199317458097273 -0.141507854852342 0.172162054439094 0.34407895873209
-0.232539148190015 -0.0258645954944278 0.404277789385948 0.32662631377229
-0.252044735192046 -0.00395632633117991 0.508909128481581 0.252369326069925
-0.283984225284065 -0.0405412198196474 0.548370675285084 0.227675470374221
-0.262324619360284 -0.169583331599059 0.523111989418989 0.333297786275211
-0.247505437317256 -0.214639342708567 0.37928804974542 0.381637559154532
-0.112723754169293 -0.306389756610613 0.133180783943143 0.255187859713157
0.0364265767069578 -0.385372821351975 0.13891046378641 0.0119663342272001
0.143190011105468 -0.297622272362054 0.206137252921048 -0.224269060484285
0.179523055835633 -0.215225626370545 0.392356444060008 -0.339852711844625
0.262311122638057 -0.55007333959944 0.0920788237415263 -0.400207681356483
0.118712763816095 -0.483558595907665 0.235430758761615 -0.274078498426246
-0.013236457795563 -0.463228872183625 0.133990598916576 -0.337998187258196
-0.0957408387574629 -0.401008757112568 -0.147276643198063 -0.322833004086326
-0.213834586355762 -0.343070783312343 -0.137002567629773 0.0932241086527961
-0.347368403888471 -0.287259010804454 0.0903763426529827 0.341073048274101
-0.436792067540494 -0.145685147138806 0.2859116745656 0.28944780581599
-0.45574427777349 -0.0780523276309169 0.381241038836443 0.20542425599938
-0.518935661198327 -0.106523438130618 0.409169829214257 0.171784802785644
-0.475329137819319 -0.302520316569316 0.397730237126401 0.267014010298367
-0.405913415619722 -0.40597794147422 0.323901405264607 0.303759452308304
-0.186198211054159 -0.542182424641584 0.119070001673094 0.1965929513413
0.0411471826171169 -0.605322743371736 0.10778182059062 0.0299733411452192
0.212415996029634 -0.5104931474991 0.135606008273978 -0.141338698489255
0.285174032786726 -0.442908081504643 0.270216923887252 -0.261701731482517
0.313819212206901 -0.725922812822317 -0.00596230162831418 -0.193518885223224
0.151796682534853 -0.619027440185951 0.218436731747058 -0.17090639973185
0.00974889724321436 -0.618915711206153 0.0988346664812511 -0.320069152396046
-0.076961860145981 -0.601102907387979 -0.196373787390978 -0.302312868982699
-0.250661258807166 -0.521449574210036 -0.186359577592809 0.0736824356050675
-0.468003101219805 -0.415936036089623 -0.0231957666670213 0.288198910386399
-0.594475476049045 -0.255160930040652 0.114432773232079 0.208098580206948
-0.59091594118367 -0.139897134676207 0.192559511332196 0.129686848432393
-0.664178047351828 -0.143279265543018 0.209840577342976 0.101644767013219
-0.604229945983997 -0.368899122221659 0.213671105872974 0.179753868349231
-0.500120954389953 -0.503252140129442 0.231801603711051 0.194482393223968
-0.249469669256735 -0.653977377818801 0.103128706430404 0.13335079084835
0.00102522233033686 -0.710899145651277 0.0793496008776298 0.090546189930912
0.198233446434995 -0.644649727748175 0.0546177596362763 0.0160290110701329
0.322997924858722 -0.610713696064322 0.126197479104711 -0.112597430515167
0.331506867071639 -0.766575775225448 -0.129415144029143 0.0181047458622938
0.198407391801183 -0.62567909795623 0.145960945834347 -0.0671587935643842
0.0826838170798009 -0.678110809568344 0.0256335011308811 -0.273197121681206
-0.0142090679514021 -0.748048870719281 -0.237540090792786 -0.268935656733698
-0.257370163187243 -0.661011200271609 -0.237830033285531 0.00958258661029606
-0.536167026050208 -0.495273250086824 -0.167274837645489 0.175179161725347
-0.676828920869145 -0.326096337154366 -0.0979409485316036 0.0933477021750115
-0.63623512852689 -0.182292163033141 -0.0305913013977714 0.0370450549972271
-0.689465892616706 -0.163366300994777 -0.00724885550243295 0.0260876395151985
-0.605779009644782 -0.378276240979612 0.0187566977529957 0.0829368202267993
-0.473924515829597 -0.507299301485721 0.12971294909768 0.0772894718325027
-0.24250473352469 -0.618794060756161 0.0940120324648818 0.0865513634152682
-0.0433924631210885 -0.667913010557049 0.0563087134787083 0.186426018949611
0.130437145368953 -0.663955171081014 -0.0192423455679248 0.206690783544354
0.295440201774665 -0.687028791503326 -0.00496565962000368 0.0812255029044345
0.304091861266504 -0.681316732946548 -0.267184238883896 0.193797178643477
0.22706287798128 -0.521425514230294 0.0149221682505087 0.0329869670390901
0.159129406171103 -0.620043194475219 -0.0537358667471429 -0.192514586290587
0.0512956607994715 -0.766954546835521 -0.239627264032093 -0.23519683914522
-0.217838082480813 -0.686609881082943 -0.282444770614255 -0.107343270364145
-0.514184296419042 -0.491102476684129 -0.326173100194164 0.0115519656295692
-0.657526758874568 -0.342863173066183 -0.320286585317802 -0.0335179364147735
-0.585680587629832 -0.198332792304009 -0.250935470409477 -0.0593300754789148
-0.60324948202225 -0.16690459721066 -0.19788600724022 -0.0569089550861077
-0.493937043543829 -0.343452872634845 -0.134104433130988 -0.0204936116453074
-0.33960501442313 -0.436504791170652 0.0613956393256157 -0.0244702616077075
-0.169259280075321 -0.473912946338758 0.0989266170982108 0.0762324078638002
-0.0655034466825789 -0.512076724181344 0.0206732447076298 0.295623814241895
0.0502985198886759 -0.579758122866152 -0.0858147585501642 0.372261136952824
0.232332353438813 -0.661975568339694 -0.102680656219474 0.276732805933588
0.217807491271676 -0.50297019479176 -0.390924825654713 0.314157867311611
0.184279674126991 -0.34755383966282 -0.128472602792593 0.12572695767917
0.168041390568086 -0.44780855424361 -0.0995749335549346 -0.102303273316248
0.0787536372879288 -0.615820581712488 -0.196233968906758 -0.220518143080331
-0.140366075093455 -0.564576657031205 -0.318148898536921 -0.248309865244685
-0.398689850137453 -0.390832592616845 -0.47091634997301 -0.162128671420555
-0.526580847459618 -0.301531134508908 -0.51755482705724 -0.144259685680537
-0.445417224476779 -0.183253058101014 -0.434101950801552 -0.14413671268146
-0.431565189675252 -0.154016473131322 -0.333797407801795 -0.143434978956615
-0.311720391928611 -0.269291560250984 -0.212039773606264 -0.121359709278513
-0.166453386973155 -0.314161305617448 0.0454364005724853 -0.0897825120964025
-0.0777197750220303 -0.285031865961888 0.104037106023955 0.107131367114412
-0.0697976275873601 -0.31513773434849 -0.0435749127341109 0.383662889320087
-0.0113518747452192 -0.434031299380023 -0.146341570646353 0.468794551561717
0.156045174463788 -0.542303795199123 -0.161029373201976 0.44266472722308
0.0819846233303908 -0.264491309264535 -0.462725970756465 0.374126855845311
0.0635570564067925 -0.137391521832069 -0.224337476733114 0.199121176534852
0.0962884933507769 -0.19372655823362 -0.0986729972229191 -0.0382665654819132
0.0700798959107442 -0.327981000703056 -0.136691524579267 -0.224973264176709
-0.0311867109360872 -0.323778448162774 -0.347267801294957 -0.368319912869128
-0.205227250806372 -0.221588842504277 -0.576800508793857 -0.292864748426593
-0.300122704141049 -0.209729228567825 -0.648691498527525 -0.219700820359944
-0.237896558064994 -0.143923105256282 -0.553524110072593 -0.204613818327256
-0.216688386186392 -0.118613772807635 -0.401704560053702 -0.223569156048677
-0.12191191056845 -0.163489418116627 -0.219202060105972 -0.203739228139551
-0.0197935007220198 -0.173104573490712 0.0632445795638932 -0.111421972945747
-0.00871979804142064 -0.115441046260987 0.0916233602005975 0.160774089138152
-0.0524057727964597 -0.131533417972117 -0.128553117755589 0.422686386434571
-0.0392050603717084 -0.249266958913563 -0.197369128966281 0.490580978252362
0.0748380881843897 -0.340070749941334 -0.192302579890248 0.56174831570789
0.102170221155255 0.0145319911548929 0.155629117431341 -0.663148310916319
0.0961859689769751 -0.0313597233107866 0.188616471842677 -0.463809707110931
0.061464331551366 -0.0683935441727166 0.063466270232181 -0.412073127573948
-0.0417643793892645 -0.0380114161277363 -0.178100807796291 -0.307714798064026
-0.101558814863509 -0.0104080284519008 -0.0804230703736029 0.0968856322129499
-0.0376035968463673 0.00202427663434301 0.255622858632871 0.2949145928266
0.0101903049614286 0.0795980738490613 0.500617058384087 0.276643451948186
-0.00120339027442064 0.0703186181654226 0.60461255650636 0.21773998705103
0.00181688192627075 0.0539375977178369 0.653094853278414 0.213800562867607
-0.0251349852884675 0.0269860098904973 0.642255265575709 0.322190964869249
-0.0846282675758739 0.0606830962949196 0.454823453693203 0.389151653539864
-0.0887199703217539 0.00387323912077704 0.190542270220538 0.297633654589891
-0.0505557191789311 -0.109548875019167 0.174793442798885 0.0229821050159619
0.00167086222863246 -0.0490999638748935 0.22278682884578 -0.25471912836934
0.0296903058787275 0.0427262719439959 0.452265994519626 -0.387797719690499
0.141310867518447 -0.306860873762556 0.143495869798486 -0.567326565142967
0.0628898142679044 -0.279416072605864 0.219989979364608 -0.384673201815781
-0.0219304205209578 -0.266280593526229 0.122694534279681 -0.374854421569132
-0.108429692493788 -0.199989587279791 -0.147653087428301 -0.322689048554425
-0.185127784700247 -0.154525399344267 -0.0902854928790705 0.0924087402880402
-0.214400163492363 -0.120443290218233 0.211703938530053 0.32216548724122
-0.233882274588883 0.0016519298652848 0.453564385069336 0.28586262724603
-0.250633083626128 0.0181370335208814 0.549710037038264 0.210234139500827
-0.291864703262824 -0.00652669376326966 0.594136850898696 0.191686206320852
-0.295233107752802 -0.139133773526676 0.591846795036957 0.303956415895721
-0.280637615326631 -0.184237896224412 0.441963299679346 0.364104218096218
-0.155409713170714 -0.299693918086968 0.174812946961146 0.266474799089163
-0.00917099637458597 -0.39696085604613 0.148064819718439 0.0138955953430788
0.118575027287108 -0.316992421396305 0.176708210840321 -0.244005184598382
0.174063661591518 -0.236185943253859 0.364760954859464 -0.376739950315131
0.180610747798422 -0.586536041839033 0.105258988544082 -0.393470357639928
0.0506348842488601 -0.507882057371418 0.250045790980571 -0.286798794014757
-0.0823049283322358 -0.468538196894474 0.147335086168025 -0.34883469180261
-0.160586801463877 -0.392752916781324 -0.152535596020886 -0.313717231224712
-0.257898419007886 -0.318142578130207 -0.114245017618428 0.0925602471622085
-0.378508486885413 -0.249629884373609 0.137873118800858 0.322106019883138
-0.45851839480388 -0.0918934049091894 0.343544249761924 0.255022821676704
-0.463142325712384 -0.0366738770709253 0.411211802553955 0.172090843065818
-0.536216530195018 -0.0456130284457228 0.443981984663641 0.14553638536876
-0.527885937094501 -0.250966570601036 0.455542135716582 0.246485687810339
-0.462722921620939 -0.359456629187723 0.382900006851828 0.286213941810944
-0.257934185862674 -0.530123277818465 0.159209276639982 0.210385195653447
-0.029711689990302 -0.624674387070719 0.118611770882007 0.0469555364956182
0.164387631568089 -0.549045084761281 0.10192722822987 -0.139825120870665
0.261828213505245 -0.48814498802336 0.227614932673963 -0.277024709566878
0.211222257689873 -0.765452154915895 0.0345927119268892 -0.169865761230135
0.070245090112562 -0.646446499376193 0.25003291719225 -0.177844899030797
-0.081065337378819 -0.627722318440303 0.12391637918335 -0.323686306663297
-0.172008373194098 -0.595412936491908 -0.18385007671197 -0.283698967084483
-0.316858428534212 -0.49551202358443 -0.15286726688639 0.0766407922976769
-0.516731602625922 -0.364878244106821 0.026767001451051 0.276158921881335
-0.635515544114086 -0.179469593933568 0.171786945702452 0.186347686902169
-0.605341422573075 -0.0860928105177291 0.207039828858894 0.108402541759642
-0.685621955978488 -0.0658522948493257 0.228306185843387 0.0903759472434515
-0.663888192394857 -0.302805688706913 0.258093810154109 0.171473701682138
-0.566505946056813 -0.448007186655638 0.277045099963578 0.179193219954391
-0.335927251786817 -0.633899739337057 0.138990122723582 0.146462142227868
-0.0843484780251598 -0.726234641980617 0.0981867264969783 0.119082677653519
0.132212180805136 -0.690477704112344 0.0290892592495873 0.0409312213045894
0.28078240812095 -0.670298148878975 0.0809232844023398 -0.101315315252602
0.22511065961004 -0.804585881334777 -0.0724861894372048 0.0564185874450242
0.120391164219539 -0.658202877649894 0.184262440942704 -0.0642061527311356
-0.012555929578093 -0.695519229417134 0.0569963494581706 -0.264385473031663
-0.132885382768148 -0.752337621551246 -0.210914321875564 -0.237761532159962
-0.34177645246661 -0.636565070383554 -0.201046078067524 0.0159922662794376
-0.593294919907593 -0.4372744362832 -0.123910519935312 0.17185916150783
-0.734242863068012 -0.241151174272242 -0.0484139036359863 0.089717999739644
-0.656039576103222 -0.123318592792882 -0.0323239415751711 0.0333249867327097
-0.712748882107362 -0.0838694328205337 -0.00537475128873517 0.0309021158462215
-0.663786473977774 -0.314796824122425 0.043960396775958 0.0871930186999285
-0.537159929578431 -0.456687743466765 0.157509222451047 0.0661583350885945
-0.322842852441931 -0.597541523771093 0.123559934888985 0.0959395106445775
-0.128367314985696 -0.6775725968534 0.0854029918388822 0.221803856290375
0.0552506993033328 -0.705044647109801 -0.0267692576066279 0.251163479187329
0.24356811719899 -0.751993946092409 -0.0416402827848546 0.114591684913185
0.211871982996056 -0.713961801118537 -0.20683536049542 0.243937978378993
0.164189705105396 -0.554364024704539 0.0505820902457226 0.0505341116293919
0.0733761815709681 -0.644245843998288 -0.0228069227382725 -0.170070271653937
-0.0649090564570854 -0.780597503004641 -0.209661495715161 -0.198658549061657
-0.305938496851265 -0.669385267119238 -0.254207629965311 -0.096612803052579
-0.576122055647078 -0.43554801338876 -0.299553080213241 0.0214060330854201
-0.717944796229316 -0.259335882634829 -0.287776340748854 -0.0160875277257846
-0.609232166448869 -0.143518130252114 -0.269232100081882 -0.0437787218244303
-0.62567600737817 -0.0981832832169146 -0.21234368453608 -0.03918753634613
-0.540862654052225 -0.292631967506884 -0.12837064158823 -0.00791029925719801
-0.390709117084396 -0.400151767454368 0.0731687056064344 -0.0339863346676889
-0.230208903443917 -0.457768081614409 0.123564638902636 0.0814274690385455
-0.135377938064182 -0.514893210286696 0.0599229852331009 0.333929567603169
-0.0225320140202615 -0.612264954189844 -0.0719450830202568 0.428271057207744
0.174072045919053 -0.719071629463306 -0.123542428135795 0.325652681831631
0.152429507966694 -0.523270088961279 -0.338706931345898 0.368951686176214
0.146398813892751 -0.37053632781833 -0.100063979617739 0.154403908341367
0.107324217440907 -0.470330159405396 -0.0758326770241223 -0.0756641947680237
-0.0141038244389052 -0.632547935991922 -0.174532120755072 -0.189074371002825
-0.217002397445861 -0.558637228099806 -0.310695779061705 -0.232211053189497
-0.45088898711057 -0.348726093763196 -0.469755347451412 -0.136803755771017
-0.582803894036886 -0.232982345365674 -0.50457119689082 -0.107520568658882
-0.469136199321829 -0.141677183571614 -0.466347874161388 -0.111448186614847
-0.451760494434936 -0.105637441466484 -0.362641154924604 -0.120287670719316
-0.344313400016644 -0.2391105765666 -0.223567175431165 -0.107295986873127
-0.20191654193423 -0.298326366286336 0.0473475574010803 -0.0998683468400612
-0.116509933435437 -0.274922602488024 0.126467063457133 0.11006280847129
-0.118195544827281 -0.31464034906806 -0.000741193312037564 0.425794317037197
-0.0708251629338877 -0.455324507897724 -0.120180903186151 0.528332664471615
0.102582260448859 -0.588323125772248 -0.162707480424085 0.497779146419962
0.0497787474682168 -0.267238228870499 -0.426682214781231 0.424693587896763
0.0513265847976724 -0.141512217252047 -0.205373580786226 0.228197857318368
0.0706491494200792 -0.204531265772328 -0.0892735175286945 -0.0200646082046502
0.0194207063946557 -0.340656039369226 -0.135362075385306 -0.206961638237183
-0.0796340151490317 -0.32751300558849 -0.367976839163879 -0.344958240368764
-0.2383409234543 -0.198281146663362 -0.598354858141305 -0.253476788433307
-0.340444486957982 -0.168807762626149 -0.659750422231531 -0.163384638493359
-0.257073471108838 -0.120016602667421 -0.593085082846023 -0.159444618006917
-0.23048656044004 -0.0960372030129172 -0.441798897241632 -0.197892700276079
-0.13808350693577 -0.152324437440363 -0.242784057990841 -0.194699957213203
-0.0383614488765835 -0.17147440242077 0.0612914806663873 -0.122777385452065
-0.0273872207227815 -0.112575865487212 0.114440032935886 0.165919569459271
-0.0786856822423837 -0.132492844927891 -0.0890071691521726 0.466741443850873
-0.0780718616258072 -0.262498964629752 -0.164490854723376 0.543889378820408
0.0363212379123822 -0.369276312471017 -0.174786240575279 0.614165649996329
0.105262503911029 0.00769961439537239 0.113285474137779 -0.684224300364172
0.0933572625464657 -0.0365981775878673 0.163339104490627 -0.481685078563975
0.0590691474481623 -0.0752585983614514 0.0397737053251963 -0.419517303400732
-0.0428261822586634 -0.0369856959454249 -0.206917537673883 -0.296466491043783
-0.1069608359506 -0.00173124064539914 -0.0812991082736929 0.104066926189296
-0.0431203162045333 0.00508427410431208 0.274326486323602 0.279721001735804
0.0156156126928277 0.0769137098510691 0.52826462576344 0.250533307293462
0.00354487414906678 0.0714407266040277 0.636064064945328 0.184921545547989
0.00442675226761906 0.0538354141089209 0.680505165045485 0.179724276797724
-0.0254322116731715 0.0290584328882515 0.674038721933661 0.287589514954042
-0.0812457790781979 0.0682254321650022 0.489151738031855 0.366058792250518
-0.0881263135185434 0.00701826426709728 0.215496885650376 0.29201927094771
-0.0603106216894712 -0.108545660549558 0.178343008450921 0.00826573974250352
-0.000563881051903027 -0.0474210788029528 0.206322023854131 -0.271652615238663
0.0358283661416574 0.0416618883910715 0.432208293608423 -0.420204348219574
0.120630382122059 -0.319838521392147 0.108833711841138 -0.585219307664506
0.0420459461031039 -0.285955567567168 0.200574986674435 -0.403240622676054
-0.0424720683332298 -0.269573288589614 0.101157880668827 -0.38419040438386
-0.124877886144844 -0.195865276187719 -0.178310837588135 -0.313802632188307
-0.200755534993542 -0.14365413701229 -0.0921710218154577 0.100213898667078
-0.230440615635272 -0.10589662146026 0.233922248413974 0.312049421394355
-0.235658187115499 0.0143755567191619 0.477087396333397 0.266739899421585
-0.252441063405789 0.0346905753956708 0.577831852727427 0.182548736143209
-0.29782184411504 0.0123231519036765 0.620248129245313 0.159191410750129
-0.312180858858911 -0.121279219105485 0.622126830167531 0.270807530870225
-0.296900882311538 -0.16831853754814 0.4733967724529 0.339823806907561
-0.177103005203371 -0.296906273207959 0.195427769487249 0.260779287113021
-0.0385864110515673 -0.404047794174156 0.150041149345094 0.00102904726754864
0.098409640927649 -0.328795767606085 0.16216785693901 -0.258176316429529
0.161758380709844 -0.251492981257173 0.344516995139672 -0.4009472374201
0.139044690428452 -0.607626903760927 0.0837964116955424 -0.405895566610838
0.0142139104054245 -0.517333006900265 0.238157855687765 -0.305085132294103
-0.119305521954753 -0.469104326752607 0.127809001571271 -0.360407074622608
-0.194229257174286 -0.385812451686466 -0.182393439508643 -0.3044774351743
-0.285520122194475 -0.306239215096712 -0.114713858507662 0.103834755596984
-0.406209734788945 -0.2244835815328 0.161251888210725 0.318442387618586
-0.46890713588451 -0.0659101528794967 0.358307224735626 0.243671449383676
-0.471662564524651 -0.00714386715121938 0.433922478890491 0.151299655535084
-0.54586332043579 -0.011558994349681 0.460591573808882 0.123223997401356
-0.557377343014854 -0.219422836638365 0.481591672740174 0.221993105544891
-0.493618505060245 -0.336437733267045 0.40708022084025 0.26440584661307
-0.298243080526628 -0.523600185295086 0.175087298358941 0.205788132389276
-0.0751327780632335 -0.63398914325941 0.122045968720836 0.0375799507578799
0.126871624651195 -0.567819977227656 0.0938401033254738 -0.14811673329387
0.233226930629852 -0.514670809691216 0.211809314075377 -0.291284959988585
0.158223545472296 -0.790678822399274 0.0277401377864399 -0.174816926717802
0.0251348871645882 -0.662474568743693 0.24574563165756 -0.195940722740308
-0.130441828320259 -0.630734825087281 0.105148112804778 -0.332387267609832
-0.220817809529778 -0.592117791630772 -0.213224861673778 -0.272366830181365
-0.356921050638773 -0.48420462356628 -0.155354181345139 0.0918529061481178
-0.553374496616849 -0.332172968406713 0.0479116316059851 0.281654065517304
-0.656903318185471 -0.141392911103826 0.176720458672367 0.18610485704384
-0.620626601306651 -0.0473993580435369 0.218729796736731 0.100852976305344
-0.698353582107853 -0.0216737483604188 0.238647684464989 0.0816775759798087
-0.697784979959142 -0.261674438263852 0.274787202639395 0.157354783357494
-0.605680059082037 -0.420151660020901 0.291559156175996 0.162436711879658
-0.383474751806828 -0.621401114233233 0.148954244433144 0.140456447806374
-0.14024011455695 -0.732366279901712 0.107075883521979 0.114185479339587
0.0804592105068953 -0.708553098100689 0.034433979340647 0.0397511273640174
0.239141698742661 -0.701930363615006 0.0741050918774441 -0.103753701392287
0.169204301190785 -0.832407566274714 -0.0655097923929841 0.0626497253539935
0.0792846206879995 -0.677798643281599 0.186772858379516 -0.0760946185733652
-0.0632156526558355 -0.704360416555483 0.0392138607893206 -0.268581674152026
-0.192344707391262 -0.754740222397621 -0.239910107795118 -0.225091061427777
-0.390810650743194 -0.62781498316467 -0.20633652758958 0.0342047537713148
-0.634890681695816 -0.4011009411754 -0.109615523603174 0.187114130079097
-0.757312179485138 -0.1944322239964 -0.0548268390755594 0.101969849146955
-0.674443694344109 -0.0814443360636049 -0.0315505688505769 0.0394407185910406
-0.727559728856529 -0.0379099126109146 -0.00411319145246604 0.0348576801802708
-0.697503758693818 -0.275150230881622 0.051106884566362 0.0860267243963992
-0.575362888015345 -0.430738810080579 0.161709883205041 0.0546298769077306
-0.369293735294989 -0.584752765779814 0.129231847815598 0.0895847848561707
-0.180380426763092 -0.678620613718144 0.102540441954442 0.220819313479713
0.00254238561279676 -0.717416986092535 -0.00622848772637757 0.255100149139653
0.192191593240021 -0.781387714945239 -0.0363540904963646 0.123413384194213
0.163017942205058 -0.736514382717103 -0.190448166750113 0.260249664518748
0.132751581719747 -0.576710609529422 0.0579756863476116 0.0488076844436901
0.0302752735478663 -0.657050311842474 -0.0365441708140443 -0.167992651393771
-0.126047279206845 -0.788163764850854 -0.232662354315183 -0.18680498935998
-0.358208957801243 -0.665601324081514 -0.266369053153407 -0.0773907520738308
-0.614916570352978 -0.402053414709965 -0.297538646292973 0.0463426478988119
-0.744959421678089 -0.2118963513155 -0.303892133516208 0.00911180604183513
-0.627873316730385 -0.105247142863821 -0.279868082694241 -0.0244486974104472
-0.639764450110612 -0.0596499248965003 -0.21988779837367 -0.0255244041440962
-0.568675284002905 -0.261717520718736 -0.129586497889625 -0.000268116896215936
-0.424644432824879 -0.383259715086657 0.0691422198684734 -0.0418598210081258
-0.263197753143212 -0.447287023184618 0.127811109229361 0.0743041861460947
-0.176738159830028 -0.511596933530406 0.0855206943041785 0.338317426579993
-0.0701680958099641 -0.61766037717696 -0.0412135688161334 0.437207958676579
0.125147576766801 -0.7437048527981 -0.104030874350548 0.341051318684393
0.116573509970744 -0.542053273706667 -0.318122157110519 0.395344446074751
0.126379538393334 -0.38762178692897 -0.0899626623841536 0.164426082039146
0.0771810520521113 -0.482227063794018 -0.0839341410686862 -0.0699584000690121
-0.0619595893982791 -0.640325988429941 -0.194872984072018 -0.180823761531703
-0.259857381818065 -0.558674354160764 -0.332716032657846 -0.213551215118001
-0.480770639490054 -0.322834865597113 -0.48082679578321 -0.10377884508209
-0.60472787846408 -0.192878843292755 -0.527158209564173 -0.0711817460542192
-0.485760085124944 -0.112735050178609 -0.485956224866909 -0.082643255618005
-0.462834485101073 -0.0802017426144724 -0.37868667796041 -0.0995568188859345
-0.363883379076635 -0.21929216239784 -0.23252599766697 -0.0976410619229449
-0.223828255142655 -0.291026817976983 0.0401314230833062 -0.108046299151365
-0.135638863398247 -0.268006928634649 0.135088784965388 0.103466214035646
-0.146318077747157 -0.309114039193147 0.0314108818541419 0.436892239733019
-0.107968170951218 -0.456513562139886 -0.0829699813544658 0.538874101900033
0.0623511089605982 -0.606593609070119 -0.133990377329121 0.516253799502629
0.0325320504249307 -0.275160031864118 -0.405389917027188 0.455837093552224
0.0467977513525098 -0.148411600548685 -0.192691041160272 0.247282969005275
0.0583393962445696 -0.210990194674539 -0.0933401739256371 -0.0131687994146274
-0.00559464824007597 -0.346104017235766 -0.154191439542322 -0.203568061359617
-0.104738392856921 -0.331700065417828 -0.396198084560979 -0.325469096658362
-0.254352669038941 -0.186511528923677 -0.622413002324412 -0.215356738006273
-0.356279395155691 -0.144242295829098 -0.684134058628171 -0.12212124867228
-0.269091651785004 -0.104604132258004 -0.618858397064045 -0.124846941556748
-0.238578188311418 -0.0835030067479197 -0.464942786980764 -0.175601708822131
-0.149103539001703 -0.145452471477157 -0.257211616500749 -0.185496094565461
-0.0504808432529938 -0.171982546601117 0.0550961613044794 -0.131450870046983
-0.0354135240094965 -0.108693081483357 0.127326830016941 0.161491505966522
-0.0929800074186779 -0.127519258845822 -0.0557903004305565 0.485642830300013
-0.0999459030405855 -0.26037776879901 -0.12807469798514 0.559065437173465
0.0100870601974131 -0.380187538152214 -0.136164222167798 0.633006648609336
0.10379761669844 -0.000255948719493942 0.0639316857036651 -0.681514760603599
0.0876311430242395 -0.0399385013007821 0.128868916471778 -0.485357275875578
0.0532417500235711 -0.0810996093223284 0.0129408493977722 -0.414510082003439
-0.0435813553162564 -0.0345009034784497 -0.228367814561723 -0.27285110699962
-0.108381965295726 0.00804045391795036 -0.078438252418696 0.108862573789424
-0.0467982751035605 0.00953934648511337 0.286590539282653 0.255833013646563
0.0198486079848641 0.0720051015577198 0.541911554338615 0.212174125781635
0.00859700570854426 0.0699423919259372 0.647780988562081 0.140857319082297
0.00733068393321508 0.0519286535552533 0.689773166027752 0.131591255596649
-0.0246612792703209 0.0299116744026053 0.689823254539054 0.236541937072214
-0.0736025429392656 0.0741122295835499 0.51083054496028 0.325892893195462
-0.0855898530555039 0.0109150803553354 0.235603065321751 0.274962100082344
-0.0692058395552445 -0.103752178414976 0.174817718894735 -0.00768657310477925
-0.00209809534430049 -0.0444981429368451 0.181983872768733 -0.281823283157541
0.0412424204006885 0.0386249867828754 0.397516904839645 -0.441750205101971
0.0932235846627144 -0.323812627092133 0.0686206896532367 -0.582800557227944
0.0185703695256595 -0.282791527116393 0.172036822064497 -0.40838796528737
-0.0635689637005804 -0.262759952246865 0.0768495982646689 -0.381922519093822
-0.138045642860069 -0.184036163858951 -0.203630603810777 -0.292180813172504
-0.210930348396617 -0.125757585980286 -0.0887206850041046 0.107155279239111
-0.239030213701036 -0.0853823327007174 0.249442626856213 0.291517043269919
-0.230932546939523 0.0272056259747619 0.488387173801982 0.23612047503232
-0.245920369250382 0.0519109289021138 0.590177647837451 0.143490318946163
-0.293159091615666 0.0327882799367338 0.626044033613982 0.116829705023849
-0.320181265004619 -0.096789249463395 0.636258991262355 0.224358369555008
-0.305894278882673 -0.145948399066537 0.492790490705727 0.303985237475338
-0.19586068691057 -0.283926567687199 0.213375297712148 0.246174952631071
-0.0695112037319983 -0.397646889097099 0.146044413709381 -0.0121701369998775
0.0728135196265852 -0.329341484447089 0.140079404596718 -0.26502447783787
0.143421656219928 -0.260974973148947 0.311418727477875 -0.414800190530398
0.0893486713843291 -0.607007660006355 0.0577335925824549 -0.406342212548111
-0.0251427255972591 -0.511493578077331 0.217223489792637 -0.316323546624766
-0.156699760268093 -0.452995935723476 0.103122880252904 -0.358589882332625
-0.223530263246909 -0.365045321094295 -0.208203346329436 -0.283204767975986
-0.306133742727199 -0.282414422926038 -0.111061281959685 0.113548209609115
-0.420149055276421 -0.18831271033288 0.1813614612259 0.304160547859856
-0.466721221450481 -0.0346537737775074 0.366353291510474 0.225075231272665
-0.464527336501017 0.0264562986157979 0.442983115678026 0.122070759958817
-0.540847849660036 0.0276215547999413 0.466532926955584 0.0939204344034723
-0.568271492801284 -0.173902816175823 0.492583352268617 0.185915632516359
-0.514299285347661 -0.29766409129127 0.420096215249396 0.232593751367322
-0.331016794081611 -0.498140143550507 0.187356528282893 0.192433769227747
-0.121689002885669 -0.621037695431806 0.121105123632254 0.0267740760926847
0.0819365025131873 -0.567698778304189 0.0817456016308867 -0.152766514117383
0.193476365108795 -0.526033995419417 0.186325455240608 -0.297999778197662
0.0934982964677229 -0.786863204725352 0.0198769108121985 -0.174465571489561
-0.0238574512285298 -0.656097642556103 0.233055360412774 -0.209552310752956
-0.179432785744331 -0.610987744696639 0.0826115529251349 -0.330728432245572
-0.26808521602785 -0.566088651432567 -0.238022867524296 -0.248964921313374
-0.390659538518639 -0.4555976119504 -0.149524141144442 0.105527483635308
-0.57225653362187 -0.283526918194658 0.0706137501023326 0.277229435163466
-0.653241734627593 -0.0932541460883021 0.17916981497787 0.181909655727497
-0.61362068246858 -0.00179039548406202 0.225666885091511 0.0871309031962232
-0.690403900006406 0.0272644463897609 0.242503956608696 0.0678090173164027
-0.711744255937009 -0.206275061630885 0.283116990403605 0.137203182354762
-0.629805860867673 -0.372933301546105 0.297105142829009 0.138674653559191
-0.42206673798277 -0.58858101398619 0.154491221991871 0.129235815697137
-0.196702392823675 -0.714013312449477 0.11284546496333 0.105153777631681
0.0251293968015891 -0.703805699440096 0.0374089795186793 0.0357656517425771
0.182740323878065 -0.711522950979193 0.0642462478585753 -0.101946684806938
0.103771417935239 -0.829201568544374 -0.0558405675803194 0.0652838293166128
0.0311375144396407 -0.676369894968702 0.183884069988114 -0.0875499850647942
-0.116897902026815 -0.687557890492167 0.0201295650004935 -0.26354480277437
-0.251369549182523 -0.728662554326586 -0.25990606847998 -0.200908778575178
-0.434069737007539 -0.596246188196551 -0.203883349391289 0.0537424163391781
-0.657690962713393 -0.346569447015057 -0.0891648822317729 0.19621563968986
-0.759091386023932 -0.136849145111701 -0.0552688863368493 0.116150769387682
-0.669963462841159 -0.0321150583469857 -0.0290256468850563 0.0440413417274603
-0.71867342570161 0.0137208556771962 -0.00124071729592538 0.0374362714471299
-0.709097646883907 -0.219796034615415 0.0573867030631411 0.0812511240989776
-0.600856533779884 -0.386955389369079 0.159614828174591 0.0412199956097127
-0.404000113851622 -0.549325144914787 0.131282195756777 0.0802407032635248
-0.231410421718448 -0.654536267132098 0.117590092163908 0.211358871752547
-0.0540824434592047 -0.706055907520085 0.0138478441733129 0.250447520998293
0.130283900542913 -0.786926790407524 -0.0275077184897424 0.128647609713155
0.105866775547896 -0.737453597177362 -0.166564351259999 0.269353895706162
0.0926792239455646 -0.581822719664836 0.0645679401918632 0.0448218993360173
-0.018992764127591 -0.648148133228682 -0.0481679551820468 -0.15946149616643
-0.186800883095933 -0.767559839433652 -0.250225552628619 -0.163772127247497
-0.406279070274496 -0.637281376718812 -0.268929328270037 -0.0530615998523747
-0.637055548967526 -0.351899493452651 -0.283703625741806 0.0709382549744758
-0.746962147931069 -0.152846492325172 -0.306908955271306 0.0403711495308758
-0.624552896503311 -0.0587997239197264 -0.28013596141535 -0.0019655537468724
-0.631289842436583 -0.0157790409581422 -0.220303601916651 -0.00962745309926554
-0.578861789816707 -0.215274414963989 -0.127815773357327 0.00751932255523612
-0.446518734645488 -0.3499044603105 0.0629011176229757 -0.0484237562281207
-0.290669654961312 -0.419238477726906 0.129800795687372 0.064228704129031
-0.215497845612538 -0.487825358186944 0.111475030301093 0.329772204399426
-0.118195281904146 -0.602153237976173 -0.00755667236296349 0.430366780795062
0.0664369231748317 -0.745640173149397 -0.0782145565238778 0.346218698158395
0.0765510649232214 -0.541151296606359 -0.285292974774514 0.412238940873387
0.100917857536214 -0.396189866807892 -0.0753849887222899 0.16978394787638
0.041399579799768 -0.479828325681235 -0.0896471234215008 -0.0595147712177866
-0.111094240524661 -0.626709168106308 -0.210134557909236 -0.162682064476175
-0.300755348485493 -0.537899322333809 -0.342262532533943 -0.184414962961035
-0.497966655752965 -0.284402364723005 -0.477765794030009 -0.064530988138989
-0.608109391644781 -0.14460380439106 -0.531977541435311 -0.0247940220710156
-0.486612747317452 -0.0759687936839214 -0.488828541166286 -0.0449741049860284
-0.46092900134594 -0.0466374017126197 -0.38274339465135 -0.0739136928277425
-0.373864642051485 -0.189368334683922 -0.235545666216091 -0.0823560564816394
-0.241409934439621 -0.272447828620666 0.0304288240555698 -0.111811976474192
-0.151756787224316 -0.251018980938697 0.139984120187083 0.0928108578762423
-0.171424924080482 -0.291725967679369 0.0657364213318314 0.432758367287897
-0.14361793419349 -0.441178247397609 -0.0411092801020148 0.533853808505817
0.0123160446977567 -0.604618984799651 -0.0945289390662213 0.519844522713766
0.0129269824348055 -0.274175247507217 -0.369052635401048 0.479158894667681
0.0385364907863718 -0.152826423562855 -0.171954570573496 0.259219623966478
0.0437260740798771 -0.210000378124985 -0.0943437776027339 -0.00476948488919564
-0.0328228832728866 -0.339817863157638 -0.169460645038383 -0.190449545349052
-0.130304994383332 -0.323937477337545 -0.414643877049757 -0.292071239137135
-0.264065756151352 -0.167071033356003 -0.627594611330434 -0.165732660703369
-0.36005258159923 -0.113502173993811 -0.687625625277148 -0.0678271565468669
-0.272956710809696 -0.083510146887591 -0.623810255084347 -0.0775151522152665
-0.240291764134341 -0.0661238811458961 -0.474724287607838 -0.143865926387373
-0.155619132063972 -0.132705219229877 -0.266210114699687 -0.167831260222236
-0.0619110409813899 -0.167168796797674 0.0460449667788109 -0.136141207307708
-0.0426483469817325 -0.10156972500163 0.137923168731226 0.151775519189024
-0.104639436880995 -0.116821933942129 -0.0152589825280244 0.488362061724484
-0.119862367674623 -0.249383113347434 -0.0850081348859864 0.554723133868718
-0.0206699570669135 -0.377655572087758 -0.087811053275761 0.633432104708039
0.099625936043591 -0.00570324018006626 0.0290277608794224 -0.661288649345122
0.0828163852759336 -0.0398699015305369 0.102060519963741 -0.474378775794451
0.0474925202951572 -0.0842633768198086 -0.00611999778951953 -0.400164433766337
-0.0422691568421255 -0.0338004881050614 -0.237278924637498 -0.248279834402022
-0.106384152818547 0.0162801033455851 -0.0752352700134126 0.110401963317325
-0.0492547351650294 0.0134408164603856 0.285721497196136 0.23344977708615
0.0211707524346712 0.0664789446912995 0.537028706433091 0.180601630465082
0.0112759640319036 0.0672952580712038 0.640456109124286 0.107203705612534
0.00828258134126051 0.0491493941916119 0.67790091953564 0.0976480129372985
-0.0240048551432722 0.0304815227360874 0.680911192373562 0.193110517572204
-0.0666423554398061 0.0761082038549172 0.512801059856319 0.290043854800717
-0.0821219063316675 0.0124733472588519 0.245078037134973 0.256006805616006
-0.0739118394070069 -0.0975652329783372 0.167681450549306 -0.0191044740477634
-0.00238986167105386 -0.041179421403333 0.158853284494276 -0.279280314853057
0.0445328575118046 0.0344175743139166 0.364160553849897 -0.441812018807901
0.0717688247853943 -0.316695869720274 0.0402734104937698 -0.567548708107606
0.00223579199679703 -0.271828156728449 0.148000235921242 -0.402710661725765
-0.0776739772186616 -0.251028600167555 0.0597704267387954 -0.369809032260183
-0.144588133844357 -0.170502992830081 -0.214884745108309 -0.268505808909182
-0.212657165299423 -0.10936880067791 -0.0848316228938902 0.109897196618625
-0.239158376578846 -0.0671064276579463 0.253623053094172 0.270487561955232
-0.222843142576162 0.0353635410876852 0.484806034079837 0.209015311339696
-0.235344931331122 0.0619432116546591 0.5830629816049 0.112169292953164
-0.283246162116764 0.0466389941035618 0.615904073690724 0.0868346678688564
-0.317479458883117 -0.0768106284803026 0.629382337896686 0.185425883851137
-0.303757582120996 -0.125452761563543 0.493272999479744 0.268463096683648
-0.203578255083517 -0.266666750583713 0.220414232325318 0.229165958390981
-0.0898958979294843 -0.381969175788917 0.137951151091885 -0.0214771693056593
0.0535290179537198 -0.320020729994404 0.121165895130217 -0.262136248036927
0.126397006974827 -0.261117546486868 0.279972934282438 -0.412097478448034
0.0526622530219504 -0.589308750908679 0.0387800425771946 -0.395178567422165
-0.0525184790694761 -0.491572953626239 0.197074078703903 -0.316508088086591
-0.179751008619802 -0.429597730594037 0.0879572221093453 -0.348449660628173
-0.23965524094856 -0.339286006510089 -0.220168510144273 -0.257341357135723
-0.313106341066317 -0.256856490028513 -0.104852250377651 0.118416389328423
-0.418224064228309 -0.156222780821625 0.191545534461148 0.286259405758907
-0.452028254084562 -0.0114624543440406 0.363732396415577 0.210427543917632
-0.447843706927353 0.0485785820467295 0.438402778115003 0.100489148455812
-0.522910792312013 0.0535729668646454 0.459245874971761 0.0707841639672165
-0.562957839504496 -0.138835704926031 0.487819963200435 0.155816837274763
-0.514509624440899 -0.263750195190901 0.418611711239493 0.204118498968796
-0.347282894668818 -0.467601585223002 0.191326883679861 0.178640510636124
-0.15327334093471 -0.59630488357966 0.11640502387724 0.0187559680115079
0.0490791773884498 -0.551119797025629 0.0706756233876975 -0.151720981169712
0.160229864904725 -0.520335647339275 0.165185908190757 -0.290296868176004
0.0471137285280339 -0.763259912583037 0.0143249216919602 -0.170458667287351
-0.0559179320736089 -0.634848981886668 0.219304791388126 -0.213715925548629
-0.20983665314382 -0.577941282256589 0.0676870085561879 -0.321343742854969
-0.294810223138471 -0.528737927652133 -0.247899907283801 -0.223204026629317
-0.405282195022715 -0.421111774456447 -0.141140270216902 0.114559291197626
-0.570657042077924 -0.24008488852014 0.0867528898931074 0.266248885917511
-0.635106202194312 -0.0594915046995212 0.178599600641957 0.180971176182088
-0.592638040343208 0.0271506529656811 0.224304083915662 0.0758844403870335
-0.664758547089785 0.0608308324928046 0.239410409882024 0.0557271315507472
-0.702091298037789 -0.162815846987093 0.282566917026267 0.119366448016151
-0.631114680718431 -0.330895926782033 0.293918430720207 0.120359505923481
-0.438984020110264 -0.54876898914311 0.155609987210373 0.119207916416258
-0.228300384890339 -0.681654034709002 0.112530384573462 0.0958701825481028
-0.0153179767398019 -0.678509821640731 0.0388380512723615 0.0323461926894295
0.138918581222344 -0.699181182239411 0.0567892465632979 -0.096112751502364
0.0551024803390952 -0.804627915471134 -0.0466428438560641 0.0645667937100866
-0.00592421420585335 -0.659455276445439 0.177220890075026 -0.095004050949795
-0.152325843404157 -0.656854442377182 0.00902326962567863 -0.252980749356345
-0.286740426707302 -0.688314273896738 -0.267986212081481 -0.175590254574373
-0.455016338761995 -0.557286342541623 -0.194759617309368 0.0666820943854326
-0.654098582990593 -0.297481556425385 -0.0700591687372427 0.196382087485041
-0.738631211712072 -0.0935480366121594 -0.0530554432747499 0.128337175230305
-0.648897561184011 0.00169519863821822 -0.0260522246649416 0.0464748150711212
-0.693284607776141 0.0482600640929342 0.000297264741482831 0.0372856982968882
-0.69850248553637 -0.174912624194556 0.0599148629160181 0.075947565002538
-0.602571466429159 -0.345177946828918 0.155174349830576 0.0318653724813268
-0.419113841168001 -0.510035878616854 0.129744087524196 0.0713792630306469
-0.262308554300014 -0.620255778811389 0.124902397367854 0.199358895924652
-0.0945758370656844 -0.674673299720471 0.0276241239615834 0.240181737260902
0.0814933481462229 -0.769493579915298 -0.0201425402002233 0.131048490272047
0.0638143992159073 -0.716116959316749 -0.145235985766689 0.267486790691604
0.0621046212450734 -0.57162849728059 0.0665745726248062 0.0391255753291613
-0.0525845983879817 -0.62358083719566 -0.0544223756015653 -0.147827585519702
-0.227733147778166 -0.730290211746783 -0.255337867785404 -0.140763140165734
-0.429417224448746 -0.601443840142158 -0.263178452166135 -0.0334314196404207
-0.634780147558823 -0.304851326747243 -0.263753215522411 0.0850051036460413
-0.728583492010832 -0.110921625276449 -0.30014688192767 0.0654275430909014
-0.607341519204473 -0.0269236082067911 -0.273739969502871 0.0138312622824124
-0.61012884056718 0.0172002097751331 -0.214644893119723 0.000951387393983512
-0.571509275557542 -0.178161353874378 -0.122992871960419 0.0129676769027082
-0.450781677892184 -0.318842800894788 0.0564367779695575 -0.0511244239927194
-0.300777948487998 -0.386873853137919 0.1278707128982 0.0558941868221394
-0.238520602424191 -0.458094646235046 0.126778633318062 0.315639310707689
-0.150896490597574 -0.573595211674011 0.0160969194790642 0.414149906540351
0.0214095216570859 -0.726452291994122 -0.0588275793661212 0.341278533903247
0.0473911028793047 -0.527457355551022 -0.255619141991545 0.411048638609461
0.0798389219120842 -0.392204610216203 -0.0627747905090159 0.167504615391678
0.0169736898457343 -0.464270452651384 -0.0897813809313648 -0.0499674141849376
-0.143259651814285 -0.599615131126086 -0.215112714836804 -0.143384763279593
-0.321789232464844 -0.510013630155836 -0.340469287205425 -0.158800049601312
-0.496160965909747 -0.248689375854396 -0.458373553798578 -0.0376584116922919
-0.593932927720152 -0.105113055211393 -0.520544931482496 0.00920154746458495
-0.474090905039461 -0.0505176000678262 -0.479004724033495 -0.0166677891130252
-0.445954848927276 -0.0229371560505364 -0.376907000531435 -0.0547960148052561
-0.369330307587071 -0.164403524805376 -0.23245378178881 -0.0690460166533659
-0.247627000207789 -0.252772589551946 0.0231848160774687 -0.111527099356701
-0.158848415193813 -0.231789163013446 0.139846770170355 0.0840600655948964
-0.184823171648285 -0.26902768841198 0.0904207193349764 0.418423961948918
-0.166077355048275 -0.416659145168831 -0.0108184926424308 0.515228893382408
-0.0231230182910953 -0.58720692586226 -0.0647477215771635 0.50845404390503
0.000441924327692404 -0.266784693659001 -0.334106813608885 0.480256496538173
0.0312342834819926 -0.153066677402161 -0.1530828019891 0.260016592048449
0.0334511188664694 -0.203837075787016 -0.0921295822238996 0.00188717046447258
-0.0510509645349594 -0.32602823502389 -0.17577240328366 -0.173916848862045
-0.145676750549984 -0.310288325223733 -0.416561312533764 -0.260257733985377
-0.262900746232318 -0.15010586786122 -0.611440922383242 -0.129402826324354
-0.352391313305939 -0.0888952239758746 -0.671458299339877 -0.0283731897585573
-0.268596266187202 -0.0669235837054001 -0.611429137888865 -0.0430612709251928
-0.233840844134432 -0.0520648781124568 -0.470760904205252 -0.118122086152304
-0.155198959103533 -0.120780272316727 -0.266361957122858 -0.152779805573518
-0.0691190012783908 -0.159345659443376 0.0386270423870153 -0.136416906723312
-0.0471007068140902 -0.092884459888496 0.141946868363023 0.141779219507509
-0.11078433325302 -0.105636788063382 0.0143724589645351 0.47688499116743
-0.131639389982633 -0.234137088528898 -0.0529176271923113 0.536043071768023
-0.0429810600059438 -0.365871460186349 -0.0522539795039076 0.616282350061352
0.097000286998991 -0.00860652474067561 0.0134318806223093 -0.64498358168206
0.0803165134119541 -0.0378968466603208 0.0901525439463506 -0.4622130616465
0.0432781175506058 -0.0849476445670281 -0.0114196934997163 -0.388726995095214
-0.0418452429504958 -0.0334807824956282 -0.238327761424192 -0.232746458070553
-0.103911430309132 0.0219136356306747 -0.0747318365810394 0.110791120608469
-0.0515789963836377 0.0169942196876746 0.27975107180627 0.221792918375772
0.0203190955768492 0.0623575047191574 0.531417448273869 0.165561972976815
0.0125070098224135 0.0645440546249448 0.633514407151011 0.0904591882382528
0.00800475496833628 0.047663868184687 0.666890024800277 0.0800139527437515
-0.0245395767166178 0.0300671828878036 0.670754840128809 0.17125194871012
-0.062360678279889 0.0763406501447157 0.507674261991942 0.270947476028256
-0.0792194355656997 0.0116053673315436 0.246422874820273 0.245033163166391
-0.0763972632575113 -0.09393678346482 0.160734920645491 -0.025400729776326
-0.00113264642887268 -0.0378999600876534 0.146157766887859 -0.273455273306054
0.0463210630868311 0.0308265106315796 0.34457642254834 -0.433435189240584
0.0602191774341271 -0.30852269850724 0.0280582567225658 -0.553285028344458
-0.00532379575823384 -0.262050687214967 0.135292970995105 -0.39293242015654
-0.0844780336651133 -0.242326098069178 0.0537777245867982 -0.359347828048369
-0.146271375951862 -0.161597524456441 -0.217833604771613 -0.250943151086862
-0.210967786673709 -0.0988957527519791 -0.0834824124293136 0.111194135709323
-0.237266493319249 -0.0551636523901626 0.251379011798795 0.257737198803932
-0.216672176568591 0.0370560750125082 0.480869829171517 0.20010277332063
-0.226705545383905 0.0650808424917142 0.577235577141066 0.0975267662798655
-0.275665246281056 0.0526017907410644 0.603346289183807 0.0713615458880802
-0.314027633577746 -0.065711671803945 0.617944865988696 0.164699236280357
-0.299502467174754 -0.115258043648291 0.488216994649311 0.251210903692002
-0.20496563440843 -0.257487903373347 0.221619278325994 0.219277871860201
-0.0995822604934545 -0.371490233405361 0.131762606640058 -0.0257632489668978
0.0452345846500094 -0.310372766906854 0.109671074063039 -0.25713522164538
0.117322860317173 -0.258992309272182 0.263282877023915 -0.401108622614584
0.0341158098090451 -0.571440957162163 0.0325738164517232 -0.38569564278778
-0.0636054533733804 -0.476305718137923 0.187223483478342 -0.311168202640138
-0.189422525899369 -0.411527884684803 0.0812799171329206 -0.33791166612602
-0.245972944660157 -0.320851751431679 -0.223173652041207 -0.239807195728762
-0.31402294921219 -0.241487641725401 -0.100885223439412 0.121133693932327
-0.413005284650345 -0.135635077937823 0.195470596979465 0.275227304905006
-0.440995434215464 -0.00248195622214933 0.361425034787416 0.206626655352048
-0.434177186418177 0.0561923862820428 0.433606417901124 0.0890005802964826
-0.507003986874292 0.0660662088607826 0.451074957903236 0.0608578513891324
-0.555018364558942 -0.119214408859493 0.480822213679263 0.139918474626462
-0.510559083635063 -0.244476800621588 0.413648764706651 0.189819428691059
-0.349658572364946 -0.447943388331554 0.191461252405864 0.170149424897084
-0.168479036492464 -0.578373627719087 0.111225814578978 0.0153616036041446
0.0313721219284911 -0.534482010513507 0.0648539120700647 -0.148639964145464
0.140814155269707 -0.512494176621295 0.15483299843873 -0.279106180435577
0.0248973953056621 -0.740190012540362 0.0150679198055024 -0.167294651959032
-0.0719467864832732 -0.615851138107533 0.211555756655974 -0.214228061867698
-0.223445009760098 -0.554529180595422 0.0616397150299843 -0.310699461837148
-0.306868666439711 -0.50365547122253 -0.250731342935449 -0.204916279514452
-0.407455931328838 -0.401458055778058 -0.13507102256089 0.119769797288794
-0.560282107001867 -0.215271235582237 0.095122439345403 0.258445577229091
-0.618214691812262 -0.0442236677090075 0.178439353827997 0.184759389866921
-0.576632258069721 0.0405663586738546 0.221531784173208 0.0709913323881328
-0.646045799331984 0.0756355261963444 0.235378140298558 0.0508793528182764
-0.688759714201506 -0.140585103787447 0.27863647767861 0.109952854481229
-0.625675091379348 -0.308457546680099 0.28872658850728 0.110644480068972
-0.441720557303682 -0.522523694623114 0.154124170419649 0.11330845075254
-0.243935803771475 -0.655285716856023 0.11101221614446 0.0908422750318389
-0.0352970720553103 -0.654005316675003 0.0395215433543349 0.0298586281999707
0.113675099790851 -0.685572815659575 0.0537045660902489 -0.088400674656408
0.033888663931721 -0.780237841340065 -0.0396388655386921 0.0620874784208487
-0.0220418428525078 -0.644259549165588 0.173163866619071 -0.0982405377604788
-0.170485191146158 -0.633006785736808 0.00704652181946458 -0.242491737442569
-0.302692260984687 -0.657319714180905 -0.268909760850941 -0.156318955912264
-0.462836830269847 -0.533812391818035 -0.186660910322858 0.0748993701741377
-0.644591145732272 -0.270433212361967 -0.0563084866003722 0.193822354713536
-0.719053167892106 -0.0731615322573723 -0.0484792824996058 0.139459895311721
-0.630338093610524 0.01621764546428 -0.0254532477490898 0.0478894241743224
-0.672775655259696 0.0635836613644272 0.00135876886242592 0.0375896088100003
-0.685598021446373 -0.150843537819423 0.0607270935477832 0.0727732723770317
-0.597272665629748 -0.32352931713989 0.150258991210727 0.0271861478768337
-0.422721945348754 -0.484349687568295 0.127171397244617 0.0669994256589319
-0.27479303074915 -0.594787422861309 0.126862760957911 0.191923347835705
-0.113114941348235 -0.649807684222728 0.0341831146977031 0.231603242028111
0.0559724324563049 -0.751648750398635 -0.0153798591813189 0.132857952087899
0.0429884508518827 -0.696169456665845 -0.132671556741788 0.262285832730712
0.0462220901722901 -0.561278923538018 0.0677040201376511 0.0349471488381506
-0.0703059129986611 -0.604709820513175 -0.0535644886357342 -0.138641741649995
-0.245154488478329 -0.702612904427413 -0.255082064060892 -0.124517971382639
-0.439483372514078 -0.577773576429663 -0.255102435286016 -0.0221106519565134
-0.625258287083084 -0.279212032710416 -0.246940695255301 0.0891330512398048
-0.710617257864575 -0.08756597095068 -0.291665778469318 0.0831814836337265
-0.591494398069234 -0.0112753233244385 -0.268123099431377 0.0224944136404144
-0.59153065091729 0.0307420951632507 -0.211119513310254 0.00534322866237421
-0.559985640526459 -0.159902548152061 -0.119848335438191 0.0150293413712538
-0.447939440319355 -0.300168514524925 0.0524558050504047 -0.0517124323430209
-0.300845131167949 -0.36596959628942 0.124639887958822 0.0514739337641582
-0.246935156600823 -0.43597757882492 0.13377955734192 0.305487893561119
-0.165107857363534 -0.550435098258553 0.0275682134925526 0.399893368180208
-0.00242995512876423 -0.708163615722871 -0.0477492302646546 0.335924206887212
0.0345879195540522 -0.514832336919917 -0.237993689971103 0.405744135687649
0.0692368531863486 -0.387590998056611 -0.0564195881480098 0.164208071282601
0.00450017437837307 -0.450545233846292 -0.0870896552016954 -0.0432814227851683
-0.158753180335766 -0.576932148858135 -0.215533096747304 -0.129561036925573
-0.330132040116888 -0.491840482520206 -0.334322601745183 -0.144225580695149
-0.489376262168162 -0.229714158827944 -0.441068319545928 -0.0251449254109185
-0.57953359911744 -0.0871169641008145 -0.507285564587837 0.0320684321828364
-0.461286354542216 -0.0373705639053834 -0.470543958456965 -0.00373188040784011
-0.432609509204627 -0.012127388232601 -0.371431211061167 -0.0453234081861613
-0.361489493174529 -0.151079077586024 -0.228392888558664 -0.0638250642409883
-0.248194228933329 -0.240915022682002 0.0195223783817703 -0.110338229995086
-0.15966422610186 -0.217760504172322 0.138744216877737 0.0786349963799219
-0.189895374327924 -0.2539578232415 0.101649429809908 0.406770302533336
-0.175656163144333 -0.399104418086148 0.00209425543201052 0.497549919180402
-0.0412668944442034 -0.570003802562481 -0.0505821408536425 0.494124518247761
-0.00574752989678953 -0.261318973884726 -0.315720857181484 0.476540614122196
0.0278858890512602 -0.153171458686352 -0.142147061910574 0.256809084138679
0.0284786297439788 -0.198410849146162 -0.0891664472698186 0.00723459192808891
-0.0595285806963315 -0.313669520273371 -0.17596168020294 -0.163438174474708
-0.151635050630811 -0.301284208998558 -0.410669072101764 -0.24328629883102
-0.259093296535999 -0.140159625873916 -0.595574799068012 -0.10955613363084
-0.3437006382367 -0.0756449428084405 -0.656454746888877 -0.00728404149951882
-0.262793176864624 -0.0595574730397223 -0.598888243577822 -0.027670771855698
-0.22693553979099 -0.0459828103723781 -0.46480560853223 -0.105073690756959
-0.151846447055073 -0.114024964854483 -0.263042694323857 -0.144992040686211
-0.0720986589772819 -0.153400692979992 0.0356884148486495 -0.135323334987429
-0.0477584654056934 -0.0854304936377255 0.143150819686194 0.135817937130067
-0.113422301471614 -0.0974052168344581 0.0305506679442246 0.466266955895055
-0.136210626609429 -0.223804298049068 -0.0368534300809511 0.517374910820948
-0.0539156486598208 -0.35410937774832 -0.0361951067684227 0.598610674405493
0.0901407755389869 -0.0292139630018436 -0.11201871382843 -0.652534448442564
0.0654909125401139 -0.0517909231134911 0.00337080518988521 -0.481467773789961
0.0197017910732564 -0.0922330621750661 -0.0790900629423775 -0.385694600555342
-0.050715797492506 -0.0239370595376613 -0.282276795986985 -0.187942677982303
-0.0936373086059888 0.0466772844055829 -0.0615340193212883 0.123771330055027
-0.0447790575668299 0.0258967704191101 0.314628410797951 0.165714169650263
0.0345788294757632 0.0517808720299928 0.552834253350688 0.066311434343872
0.0262379328176185 0.0584026139303667 0.645754804112972 -0.0344165601320649
0.0206729958735192 0.0447518803632021 0.68647120563161 -0.0522547448426765
-0.0140516314252703 0.0379522341285354 0.710475030920617 0.0304693061073767
-0.0387140494659761 0.088851368093225 0.564856502406342 0.161712429749698
-0.0739656147619533 0.0298091225503244 0.301006470096402 0.190560524645943
-0.0909336023056371 -0.0726184535417323 0.158010874608442 -0.0645339492106712
-0.000953758152998928 -0.0366943944098891 0.0855419852452194 -0.302086940902731
0.0605363375025313 0.0154668229835485 0.25710227294999 -0.497770110212313
-0.00216844210032981 -0.302017553255458 -0.0656566922250652 -0.579168605012352
-0.0614024023785496 -0.247789260859988 0.0707272916897159 -0.430998226248706
-0.134287702195821 -0.211858624201605 -0.0018188415889517 -0.385872795214696
-0.178903898652634 -0.118967708116959 -0.260033180088626 -0.22087381758895
-0.221185947012557 -0.0469474234964205 -0.0686926051926199 0.113734232067991
-0.235003857159373 -0.00556056565294881 0.292131892000569 0.196374062679284
-0.194673089944301 0.0782891319037001 0.506473628483491 0.095144261952496
-0.204179886341418 0.101335353834509 0.591341108203713 -0.0187764253494967
-0.24878987062175 0.102319065005948 0.627409088906608 -0.0491320218779307
-0.310946756464888 0.000311418599873284 0.666924588315148 0.0314001938135954
-0.299525083028855 -0.0495477468284239 0.546543797506234 0.14206397095596
-0.246100829501542 -0.203635466121747 0.278735995388034 0.170374085259482
-0.167660176980577 -0.330711074064346 0.141295367084429 -0.0559920903767764
-0.0159843917771798 -0.309071037728411 0.0589122223271543 -0.263773142390436
0.0674749114183292 -0.281740230937771 0.188278482579985 -0.430919885417036
-0.0776084243613677 -0.542870366989825 -0.016541659545621 -0.422467120578537
-0.161009368598481 -0.441685920237144 0.146640946977178 -0.367663638865474
-0.269719239896648 -0.348173451548699 0.0366612222721248 -0.386424512952053
-0.309003457231885 -0.244094240686241 -0.254598638054136 -0.219827514730098
-0.349172087711446 -0.16162448446872 -0.0799013802466243 0.115269225305949
-0.417866420399782 -0.048826579468709 0.239760562172751 0.211814931310724
-0.414451838472414 0.0885901643239044 0.390215944430768 0.10892561584952
-0.404664197460667 0.130988659894857 0.44433202785965 0.0014448178085436
-0.467535580840578 0.15793458599961 0.471851914003617 -0.0292969996082094
-0.55362125259046 -0.00402950724903293 0.527838655912644 0.0326841121820222
-0.524773984467631 -0.134546360356424 0.459809057252652 0.0938976645994877
-0.421121313461033 -0.35808848282476 0.24202604747361 0.126320521081129
-0.274341949063299 -0.512978680890192 0.139603454741982 -0.00976484634747034
-0.0783138780480744 -0.5215363978267 0.04658151968962 -0.136544619503538
0.0360485784993776 -0.532198133875587 0.111775591045537 -0.273653014712503
-0.118153627032357 -0.696421225282189 0.0172543636858138 -0.20727425367925
-0.197027403523572 -0.573967282100602 0.196655877766745 -0.28165093576292
-0.32947189194696 -0.475020960842721 0.0311091027842703 -0.363464171869848
-0.406494303329992 -0.400356621581476 -0.263203194011735 -0.189014048694462
-0.471733677349609 -0.294323166794337 -0.108820390193365 0.107648098966303
-0.573508202852317 -0.0946523965641532 0.13868024624985 0.203123748567767
-0.593816917182519 0.090203935443673 0.206825526254928 0.109236616913195
-0.544722992095765 0.139169942419046 0.232341772536455 0.0255885371550945
-0.599272183739551 0.192449400914154 0.256263271846139 0.00424202165770891
-0.68736757913104 -0.000370358581062866 0.321051928941558 0.0431738091115243
-0.647339030078781 -0.17491823846438 0.319013040142057 0.0403701090572513
-0.520971714514624 -0.411048876204428 0.193526554801754 0.075645052204849
-0.363565286047854 -0.570338311534991 0.161030126984782 0.0645369188980368
-0.171912433478282 -0.622536278320719 0.0682930482038554 0.0499369669269561
-0.0302868795817126 -0.692589176875331 0.0559470533778567 -0.0570961535838946
-0.116866895077962 -0.736158445256455 0.0108217235554806 0.0353199766574507
-0.155320723428847 -0.611250862571542 0.183356901417349 -0.155589461773589
-0.29356075876492 -0.558016137068404 -0.0044886574178589 -0.285038049834113
-0.436874704759121 -0.545345617596762 -0.260782980642597 -0.142195466905908
-0.552211993896546 -0.411909058224009 -0.164138238036274 0.0644479993492977
-0.665636104793262 -0.13078560249391 -0.0228929887204628 0.161811798924962
-0.694180631965997 0.0845829201607269 -0.0265920793067896 0.100005691776677
-0.602740139825372 0.126905685792283 -0.0160583107312825 0.0513397233351083
-0.626376697825703 0.186912983864358 0.0185411525040949 0.0374579316639217
-0.688064188296561 -0.0135715848710096 0.0935786696402649 0.0515127208632913
-0.624938005386727 -0.195983987614833 0.162377951200231 -0.0141292508980297
-0.492372509241725 -0.378773393198793 0.153924905791244 0.0349544625741764
-0.37904141812288 -0.504067260612534 0.197891791815313 0.160324120305796
-0.250954502052771 -0.598322963960222 0.112405544364822 0.249441383982061
-0.103468626318733 -0.742684906483301 0.0357725091182657 0.17646158927616
-0.0895946417832154 -0.660158298922819 -0.0459827551831195 0.261364900650287
-0.0699060696784869 -0.546967324913908 0.101950789078245 0.00461692624200405
-0.192072609534749 -0.553331016930966 -0.0417665916448153 -0.161102360897448
-0.389922075233723 -0.600888207672203 -0.235120822652508 -0.110623139510582
-0.541346198462002 -0.45947885598713 -0.2480351113261 -0.0203684266773717
-0.650881831142332 -0.142328427841082 -0.231735654494147 0.0955196334073674
-0.691090946558128 0.0699780954075045 -0.274878896814476 0.0897551746461678
-0.571236339498402 0.0949273026627388 -0.2610306305505 0.074294094882567
-0.55569007565552 0.139218631966522 -0.202954721122201 0.0475191534272529
-0.568859592566275 -0.0477541135995649 -0.102647287535336 0.0328438488912979
-0.477631579890062 -0.203574609450004 0.0468319002497586 -0.0709768642760729
-0.354745182916137 -0.287547582772679 0.145003590613242 0.0213389379089745
-0.323655614532476 -0.357296834871506 0.22374051845647 0.27222016048924
-0.284313316116846 -0.489124600748256 0.142434017182481 0.411491782000669
-0.153453478558718 -0.684947382660122 0.0444229843732691 0.380591905708285
-0.0647912643251169 -0.48866594409866 -0.133286530775153 0.437899216017225
-0.0120111921867776 -0.384856347558748 -0.00504523914539622 0.167500528645206
-0.0894258680028345 -0.424932352717004 -0.0626391156064139 -0.0458513154231422
-0.278538476920276 -0.503911489307861 -0.20197992242155 -0.114721010729589
-0.42358416779225 -0.400640501291284 -0.350502379056869 -0.116482156341314
-0.515082586393937 -0.121432178175362 -0.444762111118629 0.0272682970280476
-0.569077266443569 0.0447380928020689 -0.496188767693294 0.0846710666281345
-0.453285142525349 0.0478927322821995 -0.46522420075458 0.0897381074554923
-0.415095389482933 0.0679717150574625 -0.377578964424749 0.0291002336874452
-0.376990021642512 -0.0781868332909443 -0.232798251794034 -0.0210466352891618
-0.278637926403478 -0.183184024513732 0.00140681473877225 -0.120174549654316
-0.190659780299392 -0.171259117238811 0.161195129228031 0.0474141243334928
-0.234930320513753 -0.194171177047259 0.207248136554995 0.381829040444569
-0.262703093063945 -0.34137148048209 0.134985758081913 0.505089894088283
-0.165429118338584 -0.542052265504485 0.0686191493897823 0.529352517794497
-0.0557974566765571 -0.245129883000696 -0.211820957024553 0.534640329228317
-0.00253085791174382 -0.15239627824695 -0.0845802317668292 0.285163974021356
-0.0120755592599479 -0.191580575293618 -0.0708773934577844 0.0185533897543215
-0.127630468952464 -0.280062443488361 -0.184879121871028 -0.142212637924928
-0.215952433638752 -0.254722170603327 -0.449027239425863 -0.182162244449325
-0.278668777227729 -0.0788837415620615 -0.612654369175274 -0.0130596640502176
-0.345155914269013 0.00633189490036652 -0.64760138094389 0.0895434413044292
-0.266667340772194 -0.0081344958781132 -0.595690990365931 0.0930026308023889
-0.227064039266115 -0.00317400076246394 -0.485101639876178 -0.0131896053999283
-0.168206785815808 -0.0836979363656742 -0.289975181893016 -0.0931302122615365
-0.0954161838467502 -0.132215095559193 0.0105802831032071 -0.146326640166319
-0.0608736692798388 -0.0654841129292921 0.175807677075514 0.105888213829581
-0.132690290062112 -0.0620734886205187 0.14102318803859 0.458083038372775
-0.187182746133682 -0.18297409625897 0.0885420821989212 0.525956328550898
-0.131696629179094 -0.326947321261769 0.0963158453239677 0.618089719995471
0.0903622076348107 -0.0330163685285558 -0.12744663045111 -0.664391120037784
0.0675313807837113 -0.0525771798800489 -0.00764952108195118 -0.488283472026939
0.0165718463199476 -0.095773130056647 -0.0860873131118599 -0.392393653690539
-0.0522477506220953 -0.0251154784038858 -0.292992547199657 -0.182811818614943
-0.0939204619084506 0.0525496434642228 -0.0635176110700509 0.130786074131795
-0.0459894389767368 0.0314304880619329 0.323019405025502 0.163906236598413
0.0348812241609085 0.0516309568556613 0.568524332552374 0.0537504510312189
0.0280363461180172 0.0586099319386998 0.663875027860367 -0.0527200351644555
0.0210986864453076 0.0457904638487344 0.702215182617822 -0.0710776775073838
-0.014969402043649 0.039380818041825 0.727587179658253 0.0132816210354168
-0.0366907705987379 0.0915054580177264 0.581329619766545 0.149896912932804
-0.075853537281085 0.0298031324053096 0.314287836713824 0.186747857704475
-0.0965303087647 -0.0716252077661725 0.156551940698179 -0.0723015607399767
0.0013085295220683 -0.0371184032933541 0.0776967954116598 -0.306614865638242
0.0625838541778708 0.0121194835537549 0.253344824680608 -0.508495919485264
-0.0104364013655522 -0.305667521742389 -0.0777219817970614 -0.590367645799267
-0.0690365145872841 -0.248670153022773 0.0629269746249782 -0.439702844607616
-0.144781841519943 -0.211373101865962 -0.00668749728162183 -0.394384902790399
-0.186476380612642 -0.115042112859498 -0.26938929878677 -0.216448072997487
-0.227152850186744 -0.0398234501482481 -0.069035320253371 0.119356368552596
-0.239401163793341 0.0038630032507929 0.302434455761264 0.193031236418073
-0.197694042541719 0.0835054390426495 0.52456218885435 0.0864272803933736
-0.205997741776819 0.107799373971514 0.608039752019341 -0.0324588362872041
-0.251655716328166 0.110980350274833 0.641562594808904 -0.0636718318677839
-0.3204201690185 0.0104614273755425 0.682284189184349 0.0160595297963289
-0.308238778239576 -0.0427570115919881 0.56232208367133 0.13131320714002
-0.256755250499606 -0.20406931703847 0.290194784478232 0.166267605083144
-0.181572626677544 -0.332869726682349 0.139453311392643 -0.0618947285549389
-0.0215648028110647 -0.312262227752235 0.0518818210624049 -0.267549789152132
0.0604895477862193 -0.290022749184574 0.186187686609635 -0.437878728227837
-0.0927590469679082 -0.546639263396381 -0.0218947901753417 -0.43462335357441
-0.176333064940283 -0.443480085754685 0.142288291084331 -0.378714209662123
-0.287508141801837 -0.343350693025012 0.0353707732333764 -0.394654219658442
-0.323904399755442 -0.23575637984787 -0.264499371862279 -0.214636057862372
-0.361728950252355 -0.152656541798346 -0.0785795458581739 0.120703724285279
-0.424706639253262 -0.0354331614203687 0.251083875068555 0.209150855700145
-0.419900869382468 0.0990676432355948 0.407351735579571 0.108017401044079
-0.410056063147626 0.141299828643392 0.458614436976945 -0.00805459969131003
-0.472035690203761 0.173715905436106 0.484626856820014 -0.0389443069280981
-0.568024498802965 0.0108966217225082 0.540183233215918 0.0212819578694786
-0.5415507947841 -0.123372906078183 0.473532658746097 0.0848189675556001
-0.437901121089161 -0.356267428331869 0.250547138283756 0.12247257991566
-0.295471509420123 -0.51437076447713 0.14052666087567 -0.0137116736285189
-0.0929925971450295 -0.526141409497984 0.0440915847087337 -0.138989837756815
0.0192881556047265 -0.544827801542045 0.112021907446081 -0.276490524253211
-0.135910070370816 -0.701429504691161 0.0161941733868057 -0.215473490289776
-0.216092832825933 -0.579503757187533 0.194766595786552 -0.291173853976457
-0.354228450916405 -0.471057912526024 0.0288417917183762 -0.372932500020414
-0.427552287481261 -0.39104690977425 -0.273067906007298 -0.181296303435631
-0.491905343525496 -0.287250825746744 -0.106505366471798 0.113860775253839
-0.583563083622285 -0.0786738522066823 0.150232454546131 0.200962236799329
-0.600838563880571 0.104595741464367 0.220648351073362 0.11505527883089
-0.55190494797199 0.152997783645702 0.238807964327869 0.0226397205618741
-0.602477250992147 0.211198900104849 0.262754992798562 -0.000164365843817711
-0.703528449863713 0.0192104775296339 0.329326473798735 0.0366677424748539
-0.667735084514675 -0.161484274487438 0.327418444318376 0.0319710697946309
-0.541647772233491 -0.405457422488246 0.19944756572209 0.0720066339588198
-0.387243401462081 -0.569628005476772 0.165446351037275 0.0619765867001604
-0.192756393916726 -0.625679572438562 0.0711130697840431 0.0489705004796228
-0.0522377238948938 -0.706009765834639 0.0601907957072137 -0.0540130143254911
-0.135375643470273 -0.743700104182367 0.0148739136833719 0.0321552345428879
-0.174871674686404 -0.620993049812254 0.185144773247695 -0.164642014041205
-0.316545111117915 -0.557598400811812 -0.0057830654917737 -0.291338724460182
-0.463025175707971 -0.537072958728944 -0.267869059100235 -0.133655833044095
-0.57876683543289 -0.404734776894276 -0.162825229214206 0.0704933976212817
-0.678506263955679 -0.112964027945501 -0.0135583619646238 0.161386736776886
-0.704455041640229 0.103189510841388 -0.0173879628638044 0.112196548853679
-0.610314447417818 0.14280762063659 -0.0159212368823686 0.0558759761102372
-0.630547884792981 0.204140536234925 0.0188675196623257 0.0392745333486245
-0.702210286619444 0.00475676145459055 0.0977546326632331 0.0510141499831538
-0.64540624940668 -0.182805137098335 0.166125685868382 -0.0192388287512667
-0.508676311112752 -0.371973761779639 0.157137997388033 0.031371586524369
-0.403699291039124 -0.500132598101517 0.207471228080343 0.159761711289992
-0.272867833028369 -0.598009912592443 0.1207293011655 0.248221911263744
-0.128252685629471 -0.753343024017957 0.0440811730980956 0.182447338676323
-0.10503963779456 -0.668036503153385 -0.039327003979498 0.265091592114616
-0.0885502681308625 -0.557974601940222 0.105513110197182 0.00137603027222001
-0.210854919313932 -0.557378698356145 -0.0417869310233043 -0.162851006754415
-0.415714645436205 -0.595220906830803 -0.240280607680823 -0.102061425274463
-0.569163735200413 -0.45690454680063 -0.250814524116124 -0.0137104713132795
-0.664501734923591 -0.128653988389358 -0.228082657161483 0.0980197909771763
-0.699713604762702 0.0895804768497247 -0.273468107912989 0.106033057988001
-0.578888936490503 0.108626844848251 -0.266818684669204 0.0851211416874683
-0.561099856822426 0.154010940523959 -0.208100484000808 0.0545688985537564
-0.580060806758666 -0.0344473695164793 -0.10364450603165 0.0354808322660046
-0.495592100829882 -0.194466632845379 0.0462883687169465 -0.074792701956718
-0.366000448482502 -0.281296261720905 0.14755580923736 0.0182783045469225
-0.341492092447437 -0.35062337040588 0.239226359374082 0.273008555092595
-0.304476904296338 -0.485261003279264 0.155861699831007 0.411356452367069
-0.179334001934081 -0.694003288992481 0.0559318653237721 0.387905885220131
-0.0762296768668627 -0.496855340575077 -0.125085836976272 0.447316273940719
-0.0224404941200558 -0.396559800210243 -0.00100180934416689 0.170996133761526
-0.100877354087566 -0.42928835991785 -0.0608191818912471 -0.0442863859588569
-0.300372598715816 -0.501672413124254 -0.207143450907687 -0.108616225800136
-0.446957011205837 -0.399309967622678 -0.358782853394768 -0.110480475335335
-0.526899878110379 -0.110641845913736 -0.449284800032709 0.0351048739547759
-0.575888126471987 0.059930350717032 -0.50171915238911 0.104997057370847
-0.461636763078719 0.0573706018247068 -0.474666404003385 0.105842035779698
-0.417611374690997 0.077492118086171 -0.387720436069448 0.0390696370423822
-0.384038436867049 -0.072074948761655 -0.238065209437103 -0.0169711267718601
-0.28999107442668 -0.179525400702166 -0.00129020917811439 -0.125197929304034
-0.195224975911656 -0.166481377276161 0.165573790012503 0.0446464279241065
-0.247114604395255 -0.186972169580417 0.225335756672703 0.385411578870398
-0.279306733079511 -0.337465355286756 0.148186942073627 0.505281325551749
-0.185097255035821 -0.545835821199546 0.0832319935554205 0.537249868495176
-0.0619573244538293 -0.24975058530321 -0.203439966128078 0.549532942302343
-0.0064178579142384 -0.158699916105499 -0.0785488505856284 0.291949730281226
-0.0164703416737739 -0.195030093836874 -0.068440039231536 0.0212089318902611
-0.137898277203109 -0.280268948576912 -0.190626419147573 -0.139303643310806
-0.22929128613282 -0.255610522218758 -0.46225739864622 -0.176248271788399
-0.286430581653703 -0.0755499124297813 -0.622481553912278 -0.000464087136118235
-0.349448192143983 0.0157522281831609 -0.657301438984527 0.110518494978092
-0.272383368466397 -0.00266324971825447 -0.609077083739336 0.112256846568222
-0.22971798532174 0.000955624228108031 -0.501101397115884 0.00146145020885826
-0.171840786444292 -0.0823747445312318 -0.298681020066082 -0.0896973823200186
-0.100958278435088 -0.131434740693997 0.00764943405769667 -0.152269988174397
-0.0623299262606801 -0.0616771507158224 0.183859263709305 0.103421042502527
-0.139217326047884 -0.0565403353848215 0.160381389646404 0.464007836755094
-0.197754628121958 -0.180125108600358 0.102425349671054 0.527632136425037
-0.144985567851814 -0.329239467282914 0.110701199614234 0.625023397556801
0.0893642168556301 -0.0396534168797011 -0.16555822852775 -0.675255527571329
0.0686764272253392 -0.0561280000419184 -0.0333184707124857 -0.497809995158618
0.0111362489121056 -0.0999980907184195 -0.106397297551069 -0.39784283674859
-0.0545424335693571 -0.0245285571930146 -0.310421203591318 -0.170358864379857
-0.0915022592818716 0.0607067955620335 -0.060782792294296 0.139839892425968
-0.0463266999043869 0.0382895092797451 0.337907674253587 0.152006212257738
0.0365486329608674 0.0501253287639241 0.588526671663858 0.0217461650498323
0.0311665178808778 0.0589125832329589 0.682877136584179 -0.0941819932560569
0.023296022402217 0.0471949946024068 0.72097410128012 -0.111969788548031
-0.0149880456900284 0.0424865419366721 0.748570899166342 -0.0269226972101671
-0.0318306473103649 0.0955648780118452 0.603516345071664 0.120372056698533
-0.0771737038360816 0.0327829670479553 0.334041301300353 0.172866899279496
-0.103918776190349 -0.0674790970797704 0.152615572245228 -0.0848427295395644
0.00214826575035693 -0.0380996829883413 0.0603897617352147 -0.313789078634298
0.0657364237567377 0.00742882672324962 0.234966328604746 -0.532004804453478
-0.0288450930950875 -0.311482471203233 -0.110094420865246 -0.601213396450638
-0.0813531620398021 -0.248700447284762 0.042106700975775 -0.450970560260264
-0.16222103489625 -0.205809234520637 -0.0239500205113903 -0.404482503293809
-0.197089811278926 -0.105120807618662 -0.288169450420178 -0.204216337310713
-0.233812622269515 -0.0251982408694603 -0.0669178373872208 0.127539798203352
-0.243844357477073 0.0206835667053779 0.319337417734052 0.181642601819844
-0.199311947790053 0.0945125089333418 0.547694801247979 0.0619421960280239
-0.205397112177806 0.12063001686682 0.625943980791894 -0.0682337628465999
-0.251381586345506 0.128749194516377 0.656330324908993 -0.0999294296657923
-0.329440471573987 0.030066260899748 0.700249472596177 -0.0215732531222494
-0.319317767555215 -0.0255761934276759 0.584293523674432 0.102772197615172
-0.275376439190579 -0.195955247513979 0.30850058151959 0.153826006892397
-0.206413036107364 -0.330433913403601 0.135707830427951 -0.0720765334611778
-0.0375596431681282 -0.317430144076125 0.0371069789975311 -0.273481851402154
0.044335614963721 -0.301534982804309 0.172041754725206 -0.454334771431944
-0.123855047220834 -0.551216664854687 -0.0445822134171667 -0.44627700717049
-0.204144565543435 -0.442277705041427 0.126530367513924 -0.393171019749007
-0.317323191082626 -0.330930958047652 0.0184519073791751 -0.408375839268837
-0.346181626744492 -0.216035291180988 -0.282529575558476 -0.20236247772698
-0.379884161556738 -0.13267965286594 -0.0746659478934071 0.127719907705079
-0.4333730108351 -0.00864908896989443 0.269559580509564 0.198230309045237
-0.425032236336154 0.123721952421984 0.430637357551663 0.0918906758312771
-0.413305252380722 0.165978173700219 0.473697794985884 -0.0315123599843294
-0.472898816392182 0.204849871540864 0.496713801015592 -0.0649646638981395
-0.583334518119757 0.0459841542096022 0.556751826182963 -0.00784476189203044
-0.563309215958714 -0.0942272117446574 0.491494695092357 0.0585589855203589
-0.469549776900533 -0.339785191033923 0.265116801770334 0.111244341511973
-0.334885824413909 -0.50945633033562 0.141147647584792 -0.0220968026739928
-0.123409302278894 -0.530322272908076 0.0361569961723111 -0.1429996157045
-0.0136445100377003 -0.557445983605466 0.10503578096444 -0.283877831691768
-0.175930259222896 -0.708474156987279 0.00747673532171332 -0.224565466769832
-0.255581181656628 -0.580693340861773 0.1854880925445 -0.309641338581752
-0.391936254280795 -0.456217067826113 0.0162247029692784 -0.385847237506179
-0.462029198494172 -0.365039267607091 -0.288094857276421 -0.167213904165444
-0.522267977228978 -0.26169659012849 -0.102236148846242 0.122509107201452
-0.597947235553765 -0.0454644101271265 0.167909071092214 0.193757057966542
-0.608163143511046 0.13801194114265 0.24080393894555 0.112175702131069
-0.557783867768054 0.185406327244164 0.24826032226125 0.0129862039231437
-0.602632304530513 0.249837985652476 0.27050652992638 -0.0126532354752632
-0.720915111570018 0.0604936235587913 0.341393193108408 0.0197675274403963
-0.695970286664756 -0.126171057554931 0.338109254425076 0.0141469031808226
-0.575800806200274 -0.385135056182592 0.207488950620018 0.0616143812379424
-0.431784867246706 -0.558639616002388 0.172977203447062 0.0544292920171038
-0.232205412894021 -0.623192172554661 0.0755155839676991 0.045502342732384
-0.100196099101458 -0.717810685816637 0.0636013526161014 -0.0538670392194665
-0.175831290847333 -0.749203582180382 0.0188730052256282 0.0279761740906406
-0.214036380767632 -0.628143045747485 0.182067147117585 -0.178869806705112
-0.358870017054969 -0.548248444347039 -0.0163792278439934 -0.301086518139955
-0.50554225816854 -0.513162473121989 -0.281277071676074 -0.118415051727206
-0.618218418867785 -0.381196705519446 -0.160949592846377 0.0817452924432528
-0.698505808164527 -0.0774921426253691 -0.00140553555064355 0.160959350297155
-0.713500812338255 0.142404993937224 -0.00368154492107258 0.123502843912508
-0.619188984386467 0.177546379911596 -0.0122808134088122 0.0620484472107303
-0.631173943839159 0.241080943680177 0.0203390392064833 0.0403619403977058
-0.720597874319145 0.0451669160085165 0.104590044267741 0.047642271699092
-0.672335055321313 -0.14953815625447 0.169220407935026 -0.0305518594772284
-0.538844056731481 -0.349339541893567 0.161593514187921 0.0225564963597415
-0.444257000054997 -0.482301370745002 0.223698274511681 0.152303656806344
-0.314222584306327 -0.590541845682387 0.138251778719001 0.245207727534602
-0.179239561865305 -0.762301071355261 0.0584378854058579 0.187437079831846
-0.141002489913207 -0.675119145723185 -0.0238167881746949 0.270551490759607
-0.122155464315038 -0.569413777010999 0.109000029167155 -0.00477144668198549
-0.249940068088273 -0.553890301747194 -0.0460397502610306 -0.166504339889847
-0.458715321046599 -0.577181606648129 -0.250336196815245 -0.0878045965525344
-0.614288851392938 -0.433950063534027 -0.254803594870138 -0.000306800044998319
-0.68707519609863 -0.0942974944653895 -0.225008222650922 0.108308023766293
-0.708968730372385 0.128573104071461 -0.267657862215642 0.129720253643181
-0.589287798034101 0.140942654635881 -0.269599883756614 0.106768439473931
-0.563197724374671 0.185680953608499 -0.213004208653763 0.0691453921389767
-0.596612488509283 -0.00209816235705248 -0.103728919860101 0.0419044077598977
-0.51935796113394 -0.170662713179825 0.0428645898381244 -0.0818075016012571
-0.38479230799218 -0.265604769419181 0.150295311610177 0.00920435672624105
-0.372412410727645 -0.332560535065932 0.263179352831126 0.266506519405767
-0.341192286989262 -0.474226000251214 0.182601872964672 0.408787390560015
-0.226176418261451 -0.697325247324452 0.0793673545485453 0.394534431598474
-0.102824568320974 -0.504482959117338 -0.104033087484791 0.463651334497963
-0.0465897648356916 -0.407673817916863 0.00972361932820317 0.174159628971872
-0.126976529007397 -0.432009132425705 -0.0610315459716624 -0.0431486553661018
-0.335197755137011 -0.491137709428326 -0.21519382335033 -0.0977335008325764
-0.485986231302123 -0.384195277199276 -0.371619008063096 -0.0925631585769019
-0.546235009439907 -0.0846185217066406 -0.457479001469201 0.0567966886409645
-0.584368884713018 0.0941288882692106 -0.50368925452875 0.139699999156658
-0.470103232684661 0.0835804266675221 -0.481475226453559 0.137751409264568
-0.420493540400272 0.0997415535187638 -0.400262137813344 0.0629646906041603
-0.39704210644688 -0.0533041707369852 -0.245614391535894 -0.0051965950975233
-0.306711344888018 -0.166629307527912 -0.00846378333223429 -0.131137914341578
-0.205536306346325 -0.156375759848426 0.171725996877728 0.0363181457351546
-0.266505610013114 -0.172428303150505 0.257051346397378 0.381978594506584
-0.307332756091922 -0.325600952215172 0.178292794633873 0.503390167893587
-0.224075702000235 -0.546776056791801 0.112181905708029 0.545168600512918
-0.0760831280040081 -0.255311811070105 -0.179869839207224 0.573585315691526
-0.0163608097037415 -0.165092598201421 -0.0635129906345969 0.30354819704831
-0.0265545606183025 -0.197997057355687 -0.0663169130799687 0.0252517449427711
-0.155540091099353 -0.275445622651832 -0.200489191801604 -0.131661587191404
-0.25305562306325 -0.249042720333854 -0.482643480486967 -0.154935540331101
-0.298666003523635 -0.0623814367842994 -0.637822184790287 0.0319567273443688
-0.355145113736524 0.0364277101916142 -0.66609008799807 0.151556971581763
-0.279753437366243 0.0122685031331311 -0.621041235531369 0.149639188976883
-0.233460297899095 0.0114808271199053 -0.51663029253267 0.0296183912308853
-0.1790651497818 -0.0756896395102007 -0.312625601956861 -0.0772527514472437
-0.110781148501841 -0.127339830456626 -0.000376647797304543 -0.160534149652197
-0.0651612932763884 -0.0563839069178038 0.194829234238398 0.0974200547268647
-0.148226992544625 -0.0459944615945552 0.194879588452332 0.466748905287023
-0.213992538027132 -0.171953493963737 0.13177332021115 0.526607013835866
-0.168891864164172 -0.328134558379725 0.144672108232744 0.632766206793227
0.0842170052099185 -0.0469743458404872 -0.218082995293652 -0.662356462002816
0.0671340933975496 -0.0605190122056655 -0.0713371213828384 -0.491366285919259
0.00255204518424683 -0.101891939179524 -0.133682271380099 -0.388957196050144
-0.0568492847342116 -0.0218174888198148 -0.324281508365765 -0.144120986059427
-0.0852099488255762 0.0691110893186174 -0.0520392262636625 0.146546331250359
-0.0434133026952749 0.0443042818859785 0.347714609383345 0.12772257317503
0.0383205387737438 0.0472483652725756 0.592201842382169 -0.0272711425395924
0.0355267545619269 0.0567303186423448 0.680886939221672 -0.150204476275594
0.0268933751656786 0.0458334132511698 0.71479842963558 -0.169652011954867
-0.0133975654824054 0.0445369606920704 0.745005435685084 -0.0859365797327735
-0.023215979652581 0.0981369146016715 0.611490806546217 0.071606718199109
-0.0756102351528319 0.0370429992023322 0.347445324054441 0.144925176491318
-0.109982628144398 -0.0584397446583867 0.140790162343916 -0.0988422205149367
0.00282558202797501 -0.0388355949244756 0.0343578211522431 -0.313715795657354
0.0661030698440388 0.000875599254020452 0.200055310887601 -0.546255913603709
-0.0525799706901604 -0.306721131991635 -0.153360850630476 -0.595439295360113
-0.0999774636749096 -0.240266918136887 0.00861545280660359 -0.450747205430764
-0.179241691013716 -0.190250966983223 -0.0500007182081878 -0.403263201516144
-0.205663109958819 -0.0873563469421681 -0.303641434590221 -0.180825507082031
-0.234356861988479 -0.00419820898832466 -0.0584307094134916 0.133310697804991
-0.240341685531157 0.0424810073421355 0.332057217728304 0.155879629311298
-0.19256418598624 0.108560970340312 0.557155350213815 0.0188640780124734
-0.196342652644891 0.135310926970955 0.625035482024828 -0.118428669491419
-0.240099802860492 0.147980024302779 0.652436634676246 -0.152057251457241
-0.327968484447202 0.0573109735467605 0.699704516077466 -0.0753983343682498
-0.320850497980205 0.000252153505657639 0.592098814751012 0.0570909112989614
-0.290903294224238 -0.175027225750196 0.321210073810342 0.127810787301688
-0.233653405957067 -0.31146288628171 0.126603977991977 -0.0837151765691431
-0.059758077614776 -0.312442674247768 0.0155630360766253 -0.271676879827461
0.0188387901472252 -0.304032532723341 0.142453863838404 -0.462417593341253
-0.165272361207255 -0.537745569453413 -0.0759054138491479 -0.446081538495614
-0.236848717209647 -0.424018824699896 0.0974094278442007 -0.399797613292422
-0.345495609520609 -0.300162948183917 -0.00754794638563767 -0.413380413810686
-0.362717521338646 -0.18206337137957 -0.29765853766811 -0.17920110541186
-0.389384160976339 -0.0992022210382653 -0.0666227722660555 0.133476515243195
-0.430954061719228 0.0267235058456038 0.284402342149154 0.174333199684398
-0.414940889512835 0.154285302058052 0.444540832701184 0.0606526879252998
-0.400178608102382 0.195621725158888 0.474090989200718 -0.067700484263045
-0.453348661387653 0.239798104029488 0.493739627298794 -0.102825373776456
-0.580181537768446 0.0936315367430516 0.557559414169697 -0.0507890001577135
-0.571602896498523 -0.0482511064423321 0.496848734371933 0.0192360293240483
-0.493614667733536 -0.303664754288477 0.273265351433406 0.087779878572842
-0.377354137061846 -0.478542016487997 0.136857771462841 -0.0330749939125747
-0.163738771580243 -0.515116688114621 0.0247564008998055 -0.143942415251266
-0.0621404546782541 -0.553498650664721 0.0888011490951287 -0.287335188245348
-0.227168014097301 -0.689108039888387 -0.00728968898758371 -0.228691170544901
-0.300867381463355 -0.560235543449956 0.163533024883796 -0.321826063267643
-0.42907353553503 -0.417363175163471 -0.00757835379871781 -0.390919041486052
-0.489129339597853 -0.318302533233156 -0.300476058048998 -0.143079380788427
-0.542609579657649 -0.216528633498379 -0.092905189988137 0.129784099720589
-0.596734394566491 0.00368641253283025 0.182777644441025 0.175982925509491
-0.596023671432114 0.183765878602998 0.25781063796234 0.096395976743193
-0.543358876058557 0.226732814350501 0.251472266881672 -0.00396928098283499
-0.578831711476544 0.293999527753326 0.269562130247967 -0.0316325611690104
-0.714716941843887 0.121112000576686 0.344472320136576 -0.00624176517204179
-0.705708152859335 -0.0696186535326229 0.339161903908046 -0.01388744117751
-0.601842132591462 -0.340182872169761 0.210258299932932 0.0433810254182064
-0.478245713204392 -0.519172497623185 0.176389835810141 0.0414004341841297
-0.280432399413802 -0.599501148128843 0.0784800424152136 0.0394030964637862
-0.160512547671962 -0.705487926035373 0.0647493151221477 -0.0552689226798658
-0.227976430507628 -0.733224574281585 0.0229550522582765 0.0231635077256098
-0.263644406088308 -0.610415507909879 0.170550245322386 -0.193153835273785
-0.403395723380246 -0.509804517021167 -0.0348609886106756 -0.304608222586635
-0.544280564424064 -0.462586454319782 -0.288512373939509 -0.0936222239623546
-0.651637769253711 -0.326739586266566 -0.152975096305128 0.0939871626232014
-0.699469762388851 -0.0215709927580553 0.0123012208177044 0.154889147891552
-0.70010874858747 0.196491739957993 0.0143590302337349 0.127439383994003
-0.607166732128158 0.222951066441633 -0.00588458912652157 0.0672834986968111
-0.607672055380526 0.288085059365132 0.0229738803805017 0.0414051236788933
-0.714116689775524 0.103368353736624 0.109661019341222 0.0391388863368271
-0.685000289121737 -0.0959203480196167 0.166219832111728 -0.0459471464512297
-0.56004579916544 -0.306794414716424 0.160295983165848 0.00880610281500515
-0.484084127082307 -0.440173897078842 0.237481673573162 0.134410105835807
-0.3607079921352 -0.558577645243714 0.156372477863696 0.231881977531486
-0.24457869006317 -0.741778240842174 0.0759542820542054 0.18471331567463
-0.187868700245315 -0.664298742560173 -0.00171914038950837 0.268481700850471
-0.167563428467626 -0.561760063128196 0.110527067962603 -0.0134970944598739
-0.294425519434456 -0.526758920795346 -0.0555238121462729 -0.165676409838993
-0.502574987816371 -0.531730419087509 -0.25471408458806 -0.0658231088685357
-0.652012499039191 -0.381255894316465 -0.253570145448693 0.0200712825519864
-0.691240130388031 -0.040097145622504 -0.214484564647486 0.120045783337069
-0.695176274227996 0.183006949110142 -0.250805170661272 0.154631332727304
-0.578614420861569 0.184781773753307 -0.260664107660517 0.131218063027751
-0.54300454383471 0.224312955033491 -0.209764186752975 0.0876472145635476
-0.593779720937099 0.0437232622636956 -0.0994540488598902 0.0490876160163225
-0.532588629290393 -0.128665368543434 0.0359510003592758 -0.0871256717729387
-0.401714232581732 -0.23387891706191 0.149143660761854 -0.00238954074564909
-0.400782498694518 -0.296297177535281 0.287691933012154 0.244876944052895
-0.379133019561858 -0.439260899673843 0.212161203442065 0.389162583946685
-0.285462266590453 -0.6729129089332 0.110710346698112 0.388105847232043
-0.138790338833845 -0.496345719535781 -0.0664305351275557 0.468813536893278
-0.0800466306326511 -0.405611001669377 0.0245299934351971 0.17302356160141
-0.161187079757499 -0.416772773133827 -0.0611558775599525 -0.0409766548232901
-0.37148154670047 -0.458306492730915 -0.219910945047319 -0.0797701292924376
-0.518784692105938 -0.342203331241341 -0.377916739585663 -0.0638932845870907
-0.550704165495985 -0.0434538164982103 -0.450311950272107 0.0878562879530204
-0.571910073033409 0.138267045339962 -0.48946409847711 0.182139825902141
-0.464414101861575 0.118815127545529 -0.472819158627995 0.178372685230702
-0.410172515916715 0.127832887769186 -0.398596900301914 0.0960919386657362
-0.399279167196571 -0.0227249054634826 -0.245108982435899 0.0121194854742471
-0.319507828654546 -0.140373944101842 -0.0194705254875043 -0.133307428405713
-0.213235032836788 -0.137063508252888 0.173528549618321 0.0233126872038686
-0.28085659127391 -0.144999485762884 0.291744016001243 0.360831282245949
-0.334055256961325 -0.296447991746536 0.214293110570258 0.483490092728621
-0.26913582283531 -0.525240227020452 0.153190875230777 0.532765055333663
-0.0948819142163275 -0.251441055723613 -0.135454061667196 0.584442024012165
-0.0305163254920763 -0.166135038581645 -0.0390908423645223 0.30710712968753
-0.0415847652330114 -0.194538068692976 -0.0617260848888125 0.0287698540417709
-0.175636728137937 -0.259419879427447 -0.208511557002258 -0.115970769430763
-0.27470714579313 -0.228151915160255 -0.495802646748732 -0.116579003331561
-0.303223126808984 -0.0395146832350418 -0.63305598709159 0.0792154496154499
-0.349590546014822 0.064604356753582 -0.651381121415938 0.20352378704735
-0.279282961603515 0.0328943643313135 -0.609343696054972 0.201725624517369
-0.230241550655424 0.0277190425129556 -0.516631489986512 0.0719135071494779
-0.182567569061599 -0.0626889252587291 -0.318805913672841 -0.0546982192596293
-0.119756126328433 -0.116818358179426 -0.0128485647198968 -0.162650329008001
-0.0668237508288644 -0.0478580436695573 0.202428529315285 0.0825240401146017
-0.153286571682573 -0.0303017647349209 0.236183007862503 0.449594073813789
-0.228572611443401 -0.153493521651262 0.168806707599199 0.50940335235109
-0.196260746385771 -0.313105024958398 0.190441364410494 0.620123904144372
0.0757516432175412 -0.0508883767669555 -0.252933126608273 -0.625975829460167
0.0637004802371873 -0.0630450040926078 -0.100676736246604 -0.465590952633932
-0.00507728820806652 -0.0994140209799603 -0.153838917026488 -0.368094837680925
-0.0560202310400764 -0.0196960382037653 -0.322849764002306 -0.115608737560486
-0.0755846620882384 0.0732818440615551 -0.0423490293615059 0.146483171293694
-0.0387138507030343 0.0484134767015749 0.341752176400718 0.100416893365201
0.0383033509812248 0.0431243059866501 0.568546549494369 -0.0695989821111734
0.0384665741022601 0.0528692564863341 0.648925971231429 -0.196076960374391
0.0286805380386076 0.0431348690903403 0.67941000742116 -0.211883305615047
-0.0115129794259973 0.0452095044126582 0.712882672067238 -0.13301686554405
-0.0142432331847567 0.0965327063724229 0.592582184483421 0.0279807713773749
-0.0720983810019153 0.0389510241194833 0.344358285256681 0.114388021191938
-0.110849632849307 -0.0486094232355283 0.123493327610812 -0.105894560941399
0.00276569202439057 -0.0378329109573337 0.0120721705049704 -0.299456198218809
0.0642442714695159 -0.00439594476846344 0.160002391432684 -0.536311534388303
-0.0721251971673864 -0.291096682203595 -0.187870907600461 -0.567085212369379
-0.109713315852924 -0.224112026002671 -0.0207289408094182 -0.431075902988909
-0.186077873147236 -0.168303605402754 -0.0718379970753256 -0.386459131526468
-0.202385391975125 -0.0672065021735661 -0.305836314993724 -0.152340693134833
-0.224298353789263 0.013923538582704 -0.0498166171659926 0.133265452187679
-0.226697480333605 0.0590393045969962 0.327762093057657 0.127816342490603
-0.179085916176952 0.116896299857906 0.542081719335214 -0.0221912556227297
-0.181147572961885 0.143414975715235 0.598569089793447 -0.159025025860042
-0.220147471584145 0.159110843501287 0.619711663706747 -0.189211571549108
-0.313254704960765 0.080128682890036 0.670044925038094 -0.120106217528782
-0.309086600035307 0.0228498831853464 0.574698309161778 0.0129064144625592
-0.292390037104785 -0.150090862902537 0.317001222173134 0.0995121579256095
-0.248227349998686 -0.282050945860451 0.111461817899966 -0.08961676895002
-0.0755650053098542 -0.29490498610671 -0.00326891179183769 -0.259323026704304
-0.00370336903785847 -0.292024345104829 0.112197504240849 -0.451967872187888
-0.194169905539109 -0.505211783632344 -0.100679769259348 -0.426958891075858
-0.257227345124873 -0.392986131837111 0.0690786645108126 -0.388680014964895
-0.353966991857916 -0.258913663710623 -0.0306371423731627 -0.399993693439953
-0.359580386216999 -0.142509195731995 -0.298568058924892 -0.150283433600824
-0.380213437905488 -0.0659006582827378 -0.0568746685306025 0.132773708871332
-0.40869084932815 0.05733965003584 0.28292193533553 0.145867470016525
-0.388857781406596 0.175004090591796 0.438049562297504 0.0276675671201596
-0.373520834611278 0.213433234991985 0.455953671469449 -0.0965523369710286
-0.419260716841603 0.260391188431555 0.470286208035908 -0.131068116970952
-0.551648280861931 0.131906221298813 0.533134996300435 -0.0861087735683586
-0.555793428186122 -0.00539267497157775 0.480898611810961 -0.0155767377657494
-0.495713001640617 -0.259493729732648 0.267286848283174 0.0641842677252706
-0.398133766542546 -0.432092111118034 0.127116285908928 -0.0410012484101237
-0.190300569356173 -0.481413581347396 0.0149944292336839 -0.138139616456278
-0.0997720963886605 -0.523260125620776 0.0733700757834008 -0.278498610018164
-0.261758705000764 -0.646856362196715 -0.0206145214346851 -0.223620460858678
-0.327349010626147 -0.517759614223846 0.138515290456985 -0.319882689035203
-0.443423139895952 -0.36400822835686 -0.0322492177438126 -0.379894647662355
-0.49008360106346 -0.262867789389413 -0.298878423299571 -0.114759389473559
-0.537804992266907 -0.167461484408777 -0.081451360564613 0.131830302782598
-0.570465529568037 0.0438498214330704 0.186391521907322 0.153191066826861
-0.560589960646355 0.216549648597097 0.262271385291272 0.0766162454697788
-0.509548229049471 0.253051138013118 0.245719005642971 -0.0193613756883125
-0.535824062734987 0.319029890643025 0.258508862171129 -0.0464794502411506
-0.680871193219346 0.167298848599643 0.333241704797229 -0.0293789842271395
-0.685793498258035 -0.015369608514564 0.326196164852749 -0.0383795297832151
-0.600201765400037 -0.285868700953861 0.202830011911676 0.0260838844750599
-0.497238419635708 -0.461652010685409 0.173165604802619 0.0278570481259911
-0.309766258584397 -0.550082306712819 0.0789280618405884 0.0325649410291847
-0.206501791503271 -0.660414388496446 0.0644875184280199 -0.05537566752627
-0.265179031549129 -0.689519108735667 0.0253821116662183 0.0167656897399805
-0.295273995226722 -0.570142066505374 0.153601515295948 -0.197953909793643
-0.424699017085949 -0.455538545056259 -0.0503853311704982 -0.295164217227804
-0.550354086990073 -0.397200295409318 -0.283613872044267 -0.0681597468702244
-0.650375968009318 -0.26737266453555 -0.140380786414183 0.101556169093064
-0.67191926217499 0.0252037334299433 0.0220230448312866 0.144487602947682
-0.657708206785805 0.235703869582273 0.029935955388354 0.123478020212519
-0.569726004908109 0.25315653507866 0.000942058088748206 0.0682077292578322
-0.561300591665285 0.313688038496299 0.0243933065251297 0.0406661423001951
-0.679034375236213 0.148721899952229 0.110087949342559 0.0297713504891754
-0.66540856682194 -0.0418540324826685 0.157549249724735 -0.0572513637975758
-0.555562870840871 -0.257868986016651 0.151639941069125 -0.00299336989618365
-0.496253108771066 -0.384876999106917 0.239140498578056 0.112853451764351
-0.382788084109242 -0.505341537725222 0.166026409464805 0.210307290947587
-0.289071070325299 -0.690694248797001 0.0892949142192572 0.173717035803908
-0.222910995468644 -0.629210995762791 0.0175702472274501 0.254872032279732
-0.200671538504134 -0.531147226635717 0.10695744203528 -0.0221858231811981
-0.318370354114829 -0.480524655587749 -0.0621518927969531 -0.160175384460856
-0.515564247792885 -0.467828461622766 -0.248333231696441 -0.0443287413067337
-0.655779690927371 -0.320689692796106 -0.241588282722444 0.0371487582630597
-0.666859537483274 0.00872981282711947 -0.198152088131699 0.125249794534061
-0.655334741759644 0.222269582083102 -0.223815576036009 0.167616129551184
-0.546334782013761 0.216217287387077 -0.239892678662536 0.148315635550492
-0.50392813758614 0.247829674681864 -0.19757640034926 0.101983671307008
-0.566281814252739 0.0827828419519072 -0.0911976434195734 0.0528783134771071
-0.519902644165817 -0.085375620408215 0.0274647830341823 -0.0890238964732919
-0.396490128863132 -0.196267779789668 0.140883865376563 -0.0121484887099655
-0.406768687789048 -0.24982821685109 0.297614303737447 0.21499384894065
-0.394015257177947 -0.391265349298942 0.228692173597921 0.356845053041194
-0.3231406585144 -0.62209991322804 0.133502417748704 0.366213161139702
-0.165323760094258 -0.471727078561104 -0.0336837403610754 0.452883480560794
-0.10659023615312 -0.387882701505121 0.0367409593438725 0.163045281412935
-0.183471385526983 -0.386235287234541 -0.0595050543810228 -0.0374026207506694
-0.384248406218013 -0.410778909456179 -0.215440997041549 -0.0607312287813002
-0.526683011364696 -0.292373545041014 -0.366914049433578 -0.0352428218392038
-0.532883311912322 -0.00427930963059744 -0.427193066059829 0.112414001136492
-0.540231758496925 0.17158342530658 -0.453463329024541 0.209557315295556
-0.439973258444164 0.144162378976409 -0.442120554567605 0.20592947310641
-0.38211603831124 0.147205508162998 -0.379014284606469 0.122626340584141
-0.382077076013424 0.00537113162612848 -0.235413486342315 0.0273252411025336
-0.316013549039884 -0.111373434584111 -0.0283450393884653 -0.129810924063303
-0.210474793597614 -0.115360567690626 0.167420774307163 0.0118338467916321
-0.281125039079694 -0.113059099193777 0.309515642470115 0.325534989352741
-0.342430566414563 -0.257810853838532 0.235689034326297 0.445155403370523
-0.298171402305177 -0.483283758380975 0.180973918313893 0.50230485022955
-0.107831945358427 -0.239493379435017 -0.0927878752967642 0.570101187458116
-0.0428979616761415 -0.159343952959596 -0.015687536163825 0.296630105630124
-0.0524866372084784 -0.182563451371201 -0.0557213468725917 0.0297597645080154
-0.184230126579013 -0.234691914080694 -0.206082764055215 -0.0987024724494357
-0.282323522232796 -0.200213003057642 -0.483869913868601 -0.0785203970749838
-0.294836888546812 -0.0176032697391138 -0.603403732184832 0.118739614533277
-0.329178019496739 0.0851155579130601 -0.61402659407325 0.24393618210813
-0.267698918500385 0.0507375042353861 -0.574198972881039 0.237948313920108
-0.217651410824764 0.0393390384817277 -0.496800233310418 0.107261220982493
-0.177867517492613 -0.0493540049893243 -0.311051515914813 -0.0319718528148183
-0.122115381547335 -0.102248871328594 -0.0239854289559671 -0.158829789819061
-0.06540193330696 -0.0393025258869494 0.200572021045924 0.0684995702262559
-0.150320809665333 -0.0141325123841344 0.262063252230628 0.415159041004434
-0.23101760711358 -0.130604655400214 0.191939293281638 0.472851247835368
-0.21216938799818 -0.285941748677876 0.222667734784535 0.581756639880125
0.0492818772341709 -0.0613214867072551 -0.344633900739679 -0.541625067572102
0.0435990114398672 -0.0683072468536721 -0.171963739195553 -0.42098925337914
-0.0261469038840506 -0.0911875898671284 -0.202939973748309 -0.328627967687304
-0.0591482316200647 -0.00522779396239722 -0.329349839469751 -0.0593920962019287
-0.0552762527647924 0.0800922049056306 -0.0226237521751621 0.151773334342166
-0.0278480316095918 0.0484545422160322 0.338099326904079 0.0445627365020723
0.040127617144285 0.0297799534982829 0.536912130695486 -0.154329642648147
0.0435684218325765 0.0400748719918144 0.583879748629631 -0.290365812134022
0.0326400656696456 0.0321087272082334 0.614297730923337 -0.317109943566701
-0.00214278621291309 0.0422573353497664 0.652103836059794 -0.251591997959154
0.00371019776906362 0.0888856076660278 0.563311252268713 -0.0747932975305803
-0.060287315411569 0.0477188674051865 0.343708542264393 0.04743661009611
-0.108105208723412 -0.031648292596233 0.0913959491414509 -0.122172535683939
0.00134655854445317 -0.0403235299176712 -0.0393578626679295 -0.275557293999172
0.0599491948283488 -0.0222101102755784 0.0723210949472281 -0.523974513624401
-0.114715971280615 -0.263671347099983 -0.276567394092581 -0.509931544849926
-0.139154065525389 -0.192313154728821 -0.0948976048353166 -0.410357115084489
-0.201279373258699 -0.127024441192769 -0.141519819998629 -0.369700942728923
-0.198726843505492 -0.0235164181374302 -0.324807362245399 -0.104494890146332
-0.199839204889587 0.0482972201119488 -0.0414691893847265 0.134891108696584
-0.20032886293774 0.0835866579727662 0.320121089142725 0.0716343230545727
-0.14988198925536 0.129497989771804 0.509030026755554 -0.105481005545446
-0.150591226637053 0.152862794076574 0.54072464376772 -0.247757800293484
-0.184448622334828 0.174630764937684 0.564574538068685 -0.289979444609584
-0.280572261089336 0.118779300088946 0.617253198421177 -0.24028381146119
-0.281061595126407 0.0566445712527561 0.54721759804222 -0.0876900539935365
-0.293279591524688 -0.100345647450595 0.319745160010473 0.039648511677536
-0.26532559305362 -0.228746920768437 0.0860759957796683 -0.108564758344985
-0.108883302584299 -0.266838054569287 -0.0420211586184786 -0.234776191384959
-0.0430407674120676 -0.280587445609879 0.0454801319578997 -0.437536802728456
-0.249744165492005 -0.447251449150107 -0.176878862385534 -0.406994886117966
-0.298444394029678 -0.326526137942107 -0.00568711549125016 -0.394044922578358
-0.36687474612153 -0.18361933578829 -0.113927475003582 -0.399589457435358
-0.351408754737923 -0.0639847713032418 -0.324588861385225 -0.113393605068932
-0.354270016068548 -0.000822135154763691 -0.0577596713332234 0.129639987371368
-0.370460011490826 0.106859610324534 0.272369421819726 0.0949488085478759
-0.335580221042845 0.214409520889659 0.408439618123485 -0.0436412024011131
-0.322554288045608 0.243816042800328 0.415479923685298 -0.167741940865238
-0.356166330567204 0.298013293633676 0.430807195505603 -0.212702242098611
-0.497519327105679 0.203024721529637 0.493882535352222 -0.190323763700325
-0.515446057937562 0.0597242776782997 0.45441163066746 -0.0999324492602523
-0.499959343520707 -0.176233215890767 0.270801643267758 0.0165487256217047
-0.421037210843884 -0.347540030007788 0.111241870959774 -0.0696858114765413
-0.242452585700543 -0.418715831621707 0.00132167271893926 -0.12668071551006
-0.163952203745902 -0.482332485771142 0.0358239030592238 -0.270388700950234
-0.327352606457254 -0.569139609651948 -0.0670286724683283 -0.238563145090246
-0.381595732141676 -0.433884685678167 0.0698866643821913 -0.347972143108172
-0.463459173965123 -0.265182432621311 -0.116318045089074 -0.390215950386579
-0.486157932564866 -0.149785953981404 -0.322488738341666 -0.0918965833624056
-0.514908073789657 -0.0705880243411467 -0.0901984108285643 0.124739524030726
-0.521434696631504 0.117428753939365 0.174873204581133 0.114776368630508
-0.484936087193951 0.278568612075442 0.240817537569879 0.0282295258398783
-0.444545948111651 0.300283525517041 0.22713297227788 -0.0592765302098731
-0.456090850461033 0.36918817061015 0.244610385688945 -0.0988539878138168
-0.613289570557535 0.254816208875596 0.314299814477277 -0.105015150238986
-0.63971312851133 0.067314283443576 0.304469533291503 -0.0953623591009996
-0.601152769244838 -0.185108302935047 0.206091813046199 -0.00895783600635475
-0.516447352931503 -0.358968621449293 0.167646115893763 -0.0154683378487719
-0.365108176539121 -0.463003804818247 0.0931717135837538 0.0181314172021348
-0.281815510768142 -0.593187824942871 0.0633153029839743 -0.0606124688471043
-0.331229773577037 -0.606074549568532 0.0175909095986853 -0.0255370425415811
-0.359804928101703 -0.486595099507241 0.105918691764138 -0.239120996528156
-0.456620870941635 -0.351992422757164 -0.118022440605411 -0.311177518039912
-0.561296531313319 -0.264003873504833 -0.297901095297213 -0.0603244598457643
-0.634575688576524 -0.14456351377497 -0.155612230973517 0.0981630598503826
-0.618514709877173 0.115345072588153 0.0133021412269181 0.131076778147188
-0.572633308044255 0.311210587101347 0.0212077804736839 0.108157008705079
-0.502219970061787 0.310167143376959 0.00872592887466535 0.0630203383517269
-0.482415349624247 0.366959522679067 0.0353588724597627 0.0241954367527608
-0.615656349625082 0.237429012734984 0.112369339939598 -0.0100061612039578
-0.624536019100336 0.040773203334639 0.140404247889519 -0.0848408972027197
-0.553914933477573 -0.16593665062792 0.151386216769043 -0.0268090858756129
-0.504599980458549 -0.285047688917162 0.245617027291711 0.0521787979425405
-0.426564006740194 -0.405777420828888 0.204055951681118 0.164488266635756
-0.363629555461713 -0.604711487588326 0.119770797218445 0.148755803922271
-0.281363697671957 -0.553282542922152 0.0536920071512257 0.201004863539846
-0.263387083978195 -0.461596369491244 0.0952813416002157 -0.0636598908296528
-0.360161975638056 -0.389633644599199 -0.0985732468229604 -0.182313698701137
-0.538817212797012 -0.337680338681696 -0.254309103766749 -0.0472005499789672
-0.649199535496099 -0.191211787330205 -0.260543202536977 0.0509012289712136
-0.616732552782148 0.102472129473834 -0.198097732468558 0.147818469483187
-0.57031892095968 0.302738676912984 -0.216752816461264 0.190231797216603
-0.484546381692987 0.274090799706496 -0.20739644518729 0.176889311056445
-0.43712833698554 0.300739111144739 -0.167837051176242 0.12146689035541
-0.519171571994186 0.159057565966581 -0.0745545501071945 0.0498633894936541
-0.495283704389451 -0.0171319220260582 0.0116424655293125 -0.0914006706119738
-0.393819796987409 -0.129052660610348 0.136795043613136 -0.0338663648933538
-0.404489160587071 -0.171033542018726 0.3183799598241 0.140360323677715
-0.421413993320689 -0.295622794373184 0.284899428171302 0.287026202132903
-0.384882225374471 -0.535665512430135 0.186128949874373 0.320454537704535
-0.20735830899014 -0.413237640349401 0.0436498891195852 0.403472243053397
-0.153504768221317 -0.34186883827673 0.061780833731779 0.129672244516615
-0.221049230303021 -0.324145591646612 -0.0677585185991811 -0.0568773086232118
-0.412810948100521 -0.307118612186565 -0.219644377118143 -0.0617784197348729
-0.530687123763623 -0.18393174784441 -0.383568446501827 0.0066463194813966
-0.495544925618973 0.0754582899316961 -0.412197088949837 0.172778008559765
-0.4716719491922 0.241816011702105 -0.427578343341625 0.265333555681881
-0.394935279691217 0.196157072305392 -0.388658925380637 0.265184510802821
-0.337729533095524 0.190147748569532 -0.33814131697277 0.174648542274365
-0.35797787287569 0.0582293098698225 -0.216732708775827 0.055229444475256
-0.306988745362677 -0.0655375546378787 -0.0496013028271879 -0.120624304615616
-0.208088947025132 -0.0775549674423068 0.163547983459285 -0.0146167126107936
-0.27175610019708 -0.0594692736612735 0.349171973147636 0.244907021601426
-0.3545192469986 -0.17946509273642 0.301547326688238 0.365733341654886
-0.340300796670274 -0.406936656305533 0.248150351615617 0.44199084639477
-0.125619295283807 -0.20198156774824 0.00915247381882155 0.536559655153562
-0.0597863829692162 -0.139722613075519 0.0354240571280945 0.274299992948327
-0.0728104968488711 -0.156961355379216 -0.0470721229880489 0.0224247910052098
-0.204427269590642 -0.180590744206922 -0.212428602585036 -0.0822989238220031
-0.293378626045634 -0.13397525140186 -0.486804626203546 -0.00686346422031663
-0.276157164324413 0.0308099722702518 -0.569579173335352 0.208871114899884
-0.289596085443405 0.132279505665005 -0.566098684572259 0.324687327953593
-0.243837930530158 0.087294655415446 -0.507771348136955 0.31512120667045
-0.198464542202586 0.0681121514353208 -0.452617828082322 0.18369847206677
-0.174234395088728 -0.0218330769344879 -0.298693103488176 0.0180471353335267
-0.125298632222854 -0.0805422273239835 -0.0502635123465651 -0.147771765370616
-0.0617701289972687 -0.0242616057184515 0.203380599546192 0.0325278118587498
-0.139935736309719 0.0144264948215757 0.320620409519442 0.340217568465995
-0.234617770895556 -0.0793280254746291 0.261261640401727 0.399193192886723
-0.232636296626613 -0.234121538454503 0.293451056293959 0.509451798365493
0.0459348764720597 -0.0572972150543714 -0.329321665937295 -0.525061364717187
0.044377704184652 -0.0671673115371344 -0.160024075949369 -0.40225615049428
-0.0263001610601007 -0.0889534934393458 -0.193131410698579 -0.318564479084578
-0.0576096659552975 -0.00684094042166906 -0.318118235431994 -0.0575135479612855
-0.0527872610280725 0.0770498578895043 -0.0234988499399662 0.147500412349241
-0.0264987289132224 0.0488947374975129 0.324442593625715 0.0464528898767857
0.0373838777778959 0.0299335581999638 0.51714060280602 -0.147904900622662
0.0419571594300775 0.0387979918650521 0.564842282093837 -0.283427123443474
0.0313553051967224 0.0318162032563561 0.594538738456454 -0.304905081027889
-0.00341679360053412 0.0426750755412491 0.630503179618958 -0.240321996022183
0.00456315939647165 0.0846543546265926 0.542316919273859 -0.0699714188541963
-0.0595486845116051 0.0447757708283749 0.330373360534065 0.0467193702545789
-0.105347793132588 -0.0300530732553972 0.0832858375470973 -0.115797547005228
0.00494766131825877 -0.0399282264824645 -0.0361728673430787 -0.261452499902302
0.0590092993837291 -0.0231109127873497 0.0755815823051859 -0.503372857863142
-0.110160273222682 -0.254076306802467 -0.264810053664759 -0.494978983278394
-0.132382811922076 -0.187022060251281 -0.0866254468379759 -0.391836535543362
-0.194478104901341 -0.120884242063037 -0.133478881323647 -0.358529856901979
-0.18970038867426 -0.0215305263695111 -0.313564791289789 -0.100524734830615
-0.191602031153467 0.0472061990727864 -0.0427005471793754 0.130921289634736
-0.19177670147568 0.0817286062754736 0.305916463333351 0.0718900089414796
-0.146412494187088 0.124072079612387 0.492608375378599 -0.100994070435598
-0.146639034684361 0.146685737182963 0.525237072759227 -0.240995879868203
-0.178066194621586 0.167579638261919 0.546529965538216 -0.278575413922353
-0.271428976444321 0.115727667891297 0.598327147861401 -0.228730980235394
-0.270877689111422 0.054271510395268 0.52709107901527 -0.0823434096459852
-0.283055504226182 -0.0987599887205747 0.306815846175448 0.0385552356403888
-0.255671558973211 -0.220576891363746 0.0791625358059043 -0.103162449398166
-0.10053914583296 -0.256154775196787 -0.0377646144284159 -0.22360275752921
-0.0395204551489676 -0.269580640168146 0.0507988589974298 -0.420378877427616
-0.238654865251586 -0.431458085191033 -0.167376822880785 -0.397348249860512
-0.286813800790294 -0.317599811195796 -0.00058878658282944 -0.377953774715432
-0.353800088119216 -0.173742821852411 -0.108462776724965 -0.388290642018878
-0.33435717889603 -0.0581471422059113 -0.312623505967201 -0.108223642045176
-0.339989561354382 0.000591646045101427 -0.0577109872215992 0.126086830108398
-0.354778647944711 0.102501124986941 0.259523673021719 0.0929292998440921
-0.323870630084146 0.204150233009051 0.397328671134317 -0.0417450531827609
-0.313484566047712 0.23494040724273 0.404324342711139 -0.161737506749307
-0.343444172516769 0.284159023345556 0.418691992828106 -0.202278493296472
-0.480667117194074 0.195169701015115 0.479396077790594 -0.181810432337604
-0.497738275363096 0.0580877868264933 0.439677280038268 -0.0954653464160628
-0.48056074300751 -0.172882763252406 0.258447217434385 0.0165158231539772
-0.405798621912961 -0.33164694863833 0.105229309787203 -0.0662246445339395
-0.228689754386879 -0.401587119767599 0.00302109356858875 -0.12100498637345
-0.155754341379234 -0.460858943188119 0.0417348255072813 -0.260156093437406
-0.311397689262749 -0.550942947818098 -0.0626550028462381 -0.234589477187041
-0.367689693406908 -0.420864377430923 0.0726081434334721 -0.334945713095744
-0.445074832101743 -0.251145111907232 -0.110035962826429 -0.379928202321003
-0.461699499285506 -0.138719777792494 -0.3099346313977 -0.0867718693423866
-0.49362719724451 -0.065732846741263 -0.0879261565116589 0.121679197984373
-0.500609689389089 0.111023909400016 0.165730232821857 0.11001297688362
-0.468858591682664 0.264328904433815 0.236834524795825 0.0271465812161418
-0.432558421731301 0.287569025281902 0.22278491569222 -0.0557842139326007
-0.440984514587546 0.34909237157693 0.237892600633625 -0.0920248506606358
-0.592710921864361 0.243905525227166 0.305305766225649 -0.100281829245949
-0.617258928046562 0.0658822070607913 0.294453520075121 -0.09287167135477
-0.574745712267949 -0.182974030720626 0.194599546154078 -0.00695070292868012
-0.496748711288652 -0.342130487273045 0.161728434122413 -0.0152189194504061
-0.346698552846167 -0.441852220405753 0.090403772183294 0.0174773508913403
-0.269219707379428 -0.56456666418668 0.0660817197288734 -0.0579234088237089
-0.316035849419144 -0.589824080939731 0.0181594904989826 -0.0287302291973721
-0.347096131424219 -0.471801773634494 0.105774970089073 -0.231897979598189
-0.436819647839528 -0.33349192657792 -0.112263268315074 -0.304307604043364
-0.532578878455486 -0.249467757088642 -0.285119282958076 -0.0553530114098891
-0.609683515591996 -0.138285174232484 -0.149729111856969 0.0965867290035474
-0.595228789670942 0.108545568145838 0.0106900677975126 0.12462426241492
-0.550847000512225 0.295531389367084 0.0253728069024502 0.103653365203839
-0.486715722759502 0.297358011969611 0.0114096626272331 0.0623328890047399
-0.46553053536641 0.347556981696107 0.0348475310335301 0.0267050154140596
-0.592811770555635 0.226901403732256 0.109447340859868 -0.0103669283200615
-0.601585110822958 0.0390714068894008 0.13499342452055 -0.0833888151138341
-0.529758182711566 -0.162621492062482 0.142515872338251 -0.0236938574270936
-0.484551691999074 -0.271514475711645 0.237822055679418 0.0494370899755109
-0.408313331986987 -0.387373925969512 0.19553845702661 0.157429523507483
-0.347007867736448 -0.577190660673545 0.117250461412875 0.143179829892462
-0.269053075588643 -0.538566548369362 0.0512006154723023 0.190180001875763
-0.255005217078286 -0.447762168098888 0.093052589423659 -0.0640026569301217
-0.343708735976422 -0.371905255846699 -0.0944396674439307 -0.177846400714144
-0.510598623519709 -0.322447798139413 -0.242022854159593 -0.043061943478202
-0.625573756436567 -0.18448957041572 -0.248564948480918 0.0495327079786475
-0.594558646007555 0.0944406956282826 -0.19297234245777 0.139907884703503
-0.548861574070608 0.284879874839199 -0.204665187463822 0.182610350434779
-0.469503407838607 0.262573211461493 -0.197677115570877 0.172278033268893
-0.422231164584676 0.282635115540578 -0.161677331498756 0.120011228949286
-0.499654509665058 0.148486748717517 -0.0721846632460504 0.0465627975169773
-0.474693433535092 -0.0163848426255254 0.00996892131723818 -0.0906322190568224
-0.374273637977558 -0.125825457507275 0.12995097514375 -0.0298604151411606
-0.387410686726787 -0.159735951524173 0.308786187458622 0.133218675285951
-0.403754925468098 -0.281535622943097 0.270345245612092 0.275008241223897
-0.368330749463343 -0.511415539100993 0.178118274601456 0.310570537683321
-0.200142583681659 -0.403180511499354 0.0396519609147465 0.384886378657321
-0.149619798580371 -0.331398323296077 0.0585650690440771 0.122913561336481
-0.210087969987513 -0.309732873729364 -0.0649144772092255 -0.0568294568515001
-0.391921519946833 -0.294686352370168 -0.208609737420868 -0.0596067678616627
-0.511334621948947 -0.176576590739866 -0.367212618463501 0.00420951374486596
-0.478255188285864 0.0685296142508343 -0.398158251797872 0.162075936559329
-0.453442900197729 0.230309545186882 -0.409170684715651 0.25627540685421
-0.381659752521547 0.188077642656049 -0.37522004842403 0.258430570030081
-0.32529496597457 0.177448335028184 -0.326801840528862 0.170607860274409
-0.343773211796151 0.0523205617112699 -0.209299937251519 0.0512647745924128
-0.293389509481448 -0.0627237681758014 -0.0492004640529746 -0.118576788765537
-0.196297211088411 -0.0742727848525921 0.15853731824335 -0.0112055717940228
-0.261079247386453 -0.0525586202205467 0.338877056820284 0.234661108196004
-0.341930309163145 -0.17084532478359 0.284800546329447 0.350282130778785
-0.326525551879548 -0.388769260930911 0.234443550347499 0.427945677704093
-0.122355945100764 -0.198966747117555 0.00476475722739186 0.514682298324279
-0.0589904070055196 -0.135416311211223 0.0312729150281578 0.262369467215332
-0.0680270131054554 -0.15025703127447 -0.0450160866587361 0.0202739140497118
-0.192668938714106 -0.173740239067584 -0.201883088163063 -0.0816182610002166
-0.283885379059325 -0.129608599308032 -0.46762603278295 -0.00905697888668817
-0.266328887940857 0.0276954489258455 -0.550358853432997 0.19747966327549
-0.277619656590741 0.12555686881734 -0.545598093926705 0.311822090371085
-0.236280173418177 0.0838274173851218 -0.491717263893925 0.30420405963931
-0.190703286761661 0.0619482408902124 -0.437628854069288 0.177430371889205
-0.166388471226653 -0.0238122638551321 -0.289381125246999 0.0153471186717455
-0.118029205651469 -0.0768801287582824 -0.0493360490817848 -0.144952699003413
-0.0564948228984915 -0.021186636870023 0.198246511792213 0.0346462714466135
-0.134601477247967 0.0180157155214126 0.310501098509617 0.327084657608676
-0.227524013133651 -0.0759557641823349 0.244109681252627 0.382221312244723
-0.223329626294946 -0.224537443530738 0.276965780900644 0.493996287879084
0.0456808560892124 -0.0543745339706353 -0.319514511439472 -0.532913211276398
0.046737436241298 -0.066916385410637 -0.147418180382484 -0.402068863091747
-0.0253403530475959 -0.090002640326287 -0.185995747190571 -0.324580950819319
-0.0581463653023868 -0.00965429153904345 -0.319346493953171 -0.0618896580538684
-0.053386565177455 0.0761702318776963 -0.0289376763788553 0.14871427902901
-0.0267081122387415 0.0506678513261928 0.323943938569869 0.0544792264217266
0.035214289114218 0.0319927292701012 0.519350977605101 -0.137268530560924
0.0413449710136218 0.0399556349428226 0.570566835048255 -0.276417282876252
0.031261182193353 0.0330523159058018 0.603943323207526 -0.295974057219897
-0.00493982276998658 0.0455039478594823 0.638617843982388 -0.229226534605906
0.00391315209824757 0.0841094862117266 0.543950414503205 -0.057048581641998
-0.0629333150889603 0.0427706681952311 0.328844913824325 0.0531100445365333
-0.105688976904652 -0.0318066666610321 0.0798479201530207 -0.112183881008585
0.00917545009075563 -0.0416768555525638 -0.0298025766244664 -0.257917556182002
0.0600201464466652 -0.0236886402438322 0.0906839309278071 -0.502411756798441
-0.106678751599053 -0.254578273982264 -0.253779417776729 -0.50187015339857
-0.128989573361063 -0.190160313438922 -0.0732680190339034 -0.390231842108998
-0.192586767711058 -0.121937395943044 -0.123894343804292 -0.363780657288996
-0.187993320366993 -0.0239435543572152 -0.312686987121447 -0.104997524130102
-0.191076228321904 0.0451795507427213 -0.0478687458462243 0.13118025088865
-0.192320264546054 0.0794778731046474 0.303945144878297 0.0789648182628662
-0.14995863958109 0.121033212563217 0.496099120083448 -0.092083792162387
-0.150457521345165 0.144470370549359 0.532676336265796 -0.23486036296321
-0.181548274616715 0.163700921218183 0.55519534672426 -0.268355504188479
-0.275060338480352 0.112709216973574 0.60496658886355 -0.219459186972528
-0.271648359080037 0.0494163508722505 0.530416479096359 -0.072076141226115
-0.2825813484046 -0.106215336501796 0.304634075624981 0.0452344914352098
-0.25177957112057 -0.223247083713138 0.0773710838928467 -0.0999925467973299
-0.0916379772602015 -0.257994461045272 -0.0318462375052061 -0.221478446084458
-0.0336726111258556 -0.268727352328277 0.0645446950558815 -0.419324549748872
-0.230495852051732 -0.435309215507915 -0.159543712987533 -0.401996040299296
-0.282241058816557 -0.322466324425888 0.0124502393920012 -0.37501995400225
-0.350863077394972 -0.174645610959407 -0.0971032581159482 -0.392953161550305
-0.329703265406474 -0.0595480385568453 -0.310528575152708 -0.112363258912794
-0.338544718555089 -0.00295361812736431 -0.0622788846311205 0.127295275109102
-0.353340475992486 0.0965613417197612 0.256389338423422 0.0990905925140629
-0.329332679381693 0.196170902345082 0.401280655029211 -0.0351918268804935
-0.319805428864551 0.229059513979571 0.411690453498902 -0.15494575821556
-0.348977462784476 0.275529987565755 0.425894391852006 -0.195607195366276
-0.485291101299039 0.188408192921685 0.486733706597438 -0.173850253018224
-0.498060825934183 0.0511527895772378 0.442996539922204 -0.0889874095168453
-0.476648993217576 -0.184711624377712 0.254962646663015 0.022288772276917
-0.399415748425188 -0.337191897330374 0.10423084925605 -0.0636928817557649
-0.217100194456995 -0.403952076741597 0.00635791706556058 -0.11928427699042
-0.146433119215739 -0.460382626148804 0.0529796687968412 -0.258243785824429
-0.301121678778724 -0.558421492587323 -0.0567370472882621 -0.239855252737984
-0.36148198265114 -0.42807519178467 0.0833942956998158 -0.333944216294053
-0.440019726686845 -0.252401396494522 -0.102024238765354 -0.386303167671092
-0.453365423417425 -0.141713377001144 -0.307826800845372 -0.0893794396521179
-0.490569813060075 -0.0715858227691972 -0.0907529066489358 0.122485151811324
-0.500615680565773 0.102363068879598 0.161543920104103 0.113666771312465
-0.473409842125754 0.253427254290055 0.240785286787878 0.0317844962050043
-0.439592235197956 0.279981173328669 0.227202627620824 -0.0516842758228636
-0.448503078840981 0.338061666428992 0.241534906777182 -0.0857372218054124
-0.596065758117657 0.233414239535655 0.309449739616475 -0.0954237910806726
-0.617751443839552 0.056368804984788 0.296929563267397 -0.0888503461229394
-0.569820729596077 -0.196209792091094 0.190744556732237 -0.00123008613496431
-0.489019936488869 -0.347866979538008 0.161229256160917 -0.0126715506020173
-0.334863947189977 -0.445004643051446 0.0906782999425522 0.0179933758925862
-0.257825282836185 -0.565955300670173 0.0714774130364545 -0.0564690425081301
-0.30469217471844 -0.598268584463527 0.0195520396890053 -0.0337733397320171
-0.34061736787367 -0.478800556837146 0.111842911150715 -0.231975687026947
-0.428628226524804 -0.334944723331324 -0.107164796109112 -0.30984959843001
-0.520281135609017 -0.253195292204647 -0.28245911525679 -0.0580805016973346
-0.605752052703435 -0.146974350987225 -0.149772151229419 0.0957513625815996
-0.594991136481499 0.0962344990622303 0.00677535159155186 0.12450953154874
-0.557253043162582 0.281598295287751 0.0283809900234531 0.104757149983841
-0.495457444543396 0.28777335060313 0.0139266869680099 0.0640475382267256
-0.472103152685812 0.332618001557103 0.0353414860183384 0.0301012815401366
-0.596925925963822 0.213847412823106 0.1103988454196 -0.00926330294831536
-0.601811034465457 0.0303786359753748 0.135733330901331 -0.0823082090480041
-0.522630162513185 -0.175585496575522 0.138982419048465 -0.0185832307749612
-0.477150955298677 -0.273455323106908 0.238304475408583 0.0514699646032429
-0.398673246683515 -0.389219017090164 0.191567873485183 0.159196372844067
-0.335054844753685 -0.579198447610246 0.116329208401352 0.146144000161049
-0.260672356467203 -0.547969954735414 0.0465806252238811 0.186351814905188
-0.250656793343379 -0.453600069487122 0.0935721873315616 -0.0644041556206214
-0.334093162299301 -0.372978582485381 -0.0906718590674678 -0.182661841732208
-0.499333013794853 -0.327189073213463 -0.238634172144982 -0.0465202869236409
-0.621597297974769 -0.193538333859729 -0.247255501442383 0.0469337367534276
-0.594540380817057 0.0812300653170922 -0.197090698117756 0.135513471761137
-0.553427263360023 0.273983138923513 -0.204530986714814 0.179235491630017
-0.476595102202201 0.255243373559745 -0.198319691874424 0.171613601719541
-0.427435060732463 0.267854638239536 -0.1644746710293 0.120785745569958
-0.499761305012135 0.137011629588622 -0.0732861515309983 0.0441447304659659
-0.47252717929084 -0.0227637526106431 0.00972479971324241 -0.0931219525422269
-0.366546620996022 -0.13426260938046 0.128367738112386 -0.025009640586322
-0.38298907328968 -0.160124473264942 0.309748616307136 0.136272552182595
-0.396773737027883 -0.283345995941391 0.262829081682415 0.276889950158528
-0.357811932868027 -0.513786778044789 0.171337330210711 0.315405777609611
-0.194283674061003 -0.410723868127767 0.0300720621539496 0.382052571925123
-0.146532815716002 -0.334920702268742 0.0539949098509924 0.12249141150041
-0.201789164958954 -0.310946686704648 -0.0638707595557759 -0.0604431561485944
-0.380720753977656 -0.298548792829508 -0.204582405356394 -0.063422067990382
-0.509075419645165 -0.184282856176495 -0.364994888924069 -0.000960215134812374
-0.478775506402223 0.0596109581737353 -0.403570089646434 0.154752615666853
-0.455622969260406 0.218732688781665 -0.413626101348465 0.249778479001998
-0.386468087440928 0.180881784236051 -0.377273948908137 0.253261764488379
-0.329815323190928 0.165553306105737 -0.331302361831993 0.167484086329727
-0.342321728554029 0.0440548579884445 -0.211768657422939 0.0459553419064016
-0.289480399972689 -0.0676363047336523 -0.0484134379952354 -0.121976818492128
-0.190531077389684 -0.0768003580235547 0.159311042888503 -0.00539013858131497
-0.259519427545423 -0.0505317710897873 0.338261730269088 0.237803731476105
-0.339022672551093 -0.17362120927104 0.274119589041901 0.353453082711918
-0.318177002867983 -0.392415779451051 0.223680915163588 0.434639158387416
-0.12171868254293 -0.204777579583285 -0.00803432946063329 0.512998603778952
-0.0588173603299888 -0.13676446992826 0.0231870689095647 0.26234644594482
-0.063424162754685 -0.14985486920687 -0.0448424895802639 0.0183332297388345
-0.186336705492192 -0.176881982385727 -0.198401400539563 -0.0878270477844813
-0.28222574350871 -0.134116201537976 -0.466572927887858 -0.0166084676827189
-0.267126569202163 0.022731963924651 -0.553918116569469 0.188532796843118
-0.278468746372765 0.119340703095284 -0.551010823445854 0.301893697131481
-0.237658614978966 0.0802148849612826 -0.496516590103197 0.29920297231098
-0.191955911202332 0.0553024561942858 -0.443851605999868 0.171456554343532
-0.164582325967844 -0.0296914378538364 -0.291026160803567 0.00878876102117897
-0.114032845500578 -0.0783328401842357 -0.0474800914475723 -0.148445534332311
-0.0531729711025547 -0.02017890202561 0.201338149145368 0.0410346002496074
-0.135042562300221 0.0195960808321093 0.3074076516407 0.329889167954806
-0.227752361369031 -0.0783967705445459 0.231672275202892 0.382811904097587
-0.219424139557149 -0.226955740031738 0.263392897242577 0.501251974681072
0.0466738186624738 -0.05438532874229 -0.327988081251714 -0.557159057777859
0.0499606070854248 -0.0701086683831448 -0.146745207049981 -0.417279651693584
-0.0271539080709504 -0.0940845658282953 -0.189693695758399 -0.33965884776486
-0.0612711115457543 -0.0122661305699432 -0.333417057017904 -0.0652652605990212
-0.0557084118496001 0.0793595328699103 -0.0334968408101488 0.155588334533231
-0.0270401945726878 0.0536844468884284 0.335623750596212 0.0603095199506524
0.0352686339058154 0.0347049810614481 0.540168843213331 -0.141584534104333
0.0425188267205501 0.0422151547886353 0.594643540839394 -0.287744166730279
0.0321344056653561 0.0348556984876658 0.631714284877929 -0.306233907691516
-0.00623299012089136 0.0495324174714652 0.665611514678393 -0.234851027769696
0.00392194577272632 0.0869538158023077 0.568535830962952 -0.0540209556736635
-0.0668917492384351 0.0432214510152998 0.340622603661975 0.0577212037587507
-0.109946525758846 -0.0332089118317474 0.0787641363787555 -0.113266450378944
0.0136813356242238 -0.0454336689297568 -0.0279585857174183 -0.263873248073201
0.0624471994302761 -0.0266368506524721 0.101750674510102 -0.519815595242607
-0.110156012073853 -0.263133998438688 -0.25868294940798 -0.527451906230847
-0.133581575758262 -0.198686120931958 -0.0682855920413269 -0.403225654286417
-0.200449596289405 -0.125284358652735 -0.125365805114749 -0.380665155532766
-0.193363391670615 -0.0245789660575032 -0.325006030651339 -0.10988100829241
-0.196955331927226 0.0473504116328814 -0.052906116060815 0.137278680094635
-0.198388673307134 0.0824160113001569 0.314335981100425 0.0859443787886649
-0.157713168816775 0.12490290683915 0.516987805337926 -0.0926511909174341
-0.158195621543365 0.149636009400944 0.554280529133929 -0.245000218442608
-0.189409199875818 0.16835411724097 0.581001670300837 -0.276499986050174
-0.287203218671964 0.118714233696562 0.63345176332851 -0.223348122077404
-0.282225495192291 0.0499071506704177 0.555287825401056 -0.0724790533976407
-0.294102820519599 -0.113749881549135 0.314574107157439 0.0494749812224191
-0.261560445190762 -0.232128350321759 0.076838396583033 -0.101511683851741
-0.088809068938692 -0.269207717810648 -0.0303688745986683 -0.226683135918061
-0.032426082480348 -0.279677784275194 0.075056918963348 -0.43502113018101
-0.238687124023413 -0.454413207000241 -0.161830456281193 -0.423765619311163
-0.292926169429236 -0.338585546960154 0.0202064357652518 -0.389199593873268
-0.36419255018587 -0.177882028169708 -0.0978429819216112 -0.411534236069947
-0.337845317290086 -0.05959183039942 -0.321973841150581 -0.116968935611487
-0.349814072834453 -0.00248035153400565 -0.0664987432047754 0.133253160597505
-0.365845023517436 0.0988500182412948 0.264396600361985 0.105712058913447
-0.343516267687263 0.200833076887792 0.42107409825402 -0.0338788721721792
-0.335393652483923 0.237377259372421 0.429683340501194 -0.16230651926727
-0.36605002909265 0.282572786740806 0.446145340886846 -0.199476194132469
-0.506387957147035 0.195169425958146 0.508611118072719 -0.179100286888116
-0.518200195366186 0.0511236127905648 0.46230706059916 -0.0903245908858046
-0.495942898644592 -0.197169296675618 0.262732277469199 0.0267709944185653
-0.41293930188 -0.348587713412245 0.106595187239282 -0.0640524548172412
-0.21892208515848 -0.419413376197548 0.00863678364752264 -0.122855048893837
-0.149149928321598 -0.47789467693444 0.0613671798777111 -0.268013611408438
-0.310495931564373 -0.58404715907494 -0.0567468645669347 -0.254060207774822
-0.377021538814607 -0.448485925199084 0.0924181050172769 -0.346949435965586
-0.45537224196351 -0.25785878827107 -0.102411698046156 -0.405711155536977
-0.463889808372859 -0.144450741607632 -0.317054719586816 -0.0930874867330555
-0.507291473004543 -0.0757722150028045 -0.0935268427738237 0.128667009101872
-0.518651427545721 0.103682759287999 0.165768664443661 0.120013992227604
-0.493279920482672 0.256820948458775 0.254412158387826 0.0345043575159456
-0.461033016249158 0.288963895127703 0.239690551657906 -0.0530504097353929
-0.468305179280772 0.343924860622138 0.253909313427196 -0.0860236255023766
-0.622449261419299 0.238717255014178 0.32490644115882 -0.0981853135507827
-0.641728520010987 0.0555894413159932 0.309006239285487 -0.0930337278431813
-0.589079130458746 -0.213496796575636 0.194417025628853 0.0035607035945143
-0.505856266228269 -0.358334772681915 0.166880089013045 -0.0129137865781323
-0.340618223351361 -0.459451914310026 0.0942716954349937 0.018672652379696
-0.262037610150751 -0.585808268971615 0.078036327506652 -0.0582460704427109
-0.315214927989626 -0.627439109237868 0.0198869259204175 -0.0397145503919389
-0.355715970854352 -0.500061040811304 0.119980606607975 -0.241402361073929
-0.443197437456004 -0.343824491668013 -0.108881931906472 -0.326230300393096
-0.531250753431105 -0.262339714369536 -0.290623880923167 -0.0604080079611813
-0.627268316895888 -0.152579343516431 -0.153261515956639 0.101206904749524
-0.618022858126799 0.0964350798927737 0.00501670912723894 0.129626835071389
-0.579610994160207 0.287067398213418 0.0334140086340218 0.108725778149082
-0.517808138211379 0.298790082633957 0.0174189981537257 0.0675122244499394
-0.494405915191972 0.338593764339199 0.038031027509376 0.0348466461764775
-0.621013122622669 0.217506828315042 0.115900742840338 -0.00971874950707304
-0.624016030315465 0.0278122734535656 0.140743319777788 -0.087201867819843
-0.538423210448357 -0.188048359975071 0.141419451686553 -0.0150032689902713
-0.493459286838179 -0.280644493658285 0.248267895309891 0.0525533567487554
-0.407319799135759 -0.40100327403023 0.197027231815171 0.164091181045594
-0.342361965289108 -0.598428319174723 0.121792025140343 0.153650121550103
-0.270586395411375 -0.574539340581675 0.0456838301620026 0.189789842030969
-0.260696039681981 -0.474240052500072 0.0977748966848774 -0.0669488116837904
-0.34245352404909 -0.38418452587959 -0.0933514725379077 -0.192906112175426
-0.508699752421573 -0.341107662207405 -0.243826684994163 -0.0491450991927414
-0.643730955839106 -0.202483471593101 -0.253623142014241 0.0473776404607936
-0.618905807215655 0.0817534257348688 -0.206175670366571 0.139745932916261
-0.575878562529616 0.276910517284145 -0.209190263077963 0.1858406231286
-0.498240550646082 0.263584096246267 -0.203983799728407 0.178527437886316
-0.448583301055789 0.270692238103964 -0.170875044537494 0.128326560829696
-0.520270493411819 0.137947126018455 -0.0766699972092195 0.0444113691780171
-0.488390023218863 -0.0277516764604415 0.00902595060781702 -0.0986214250794697
-0.376766525150074 -0.142854967005999 0.132778384818809 -0.0216438207751189
-0.395812348462714 -0.160551672987282 0.322880235500861 0.139427790241325
-0.409192091067949 -0.291280953670589 0.268525067623548 0.285290782251679
-0.36680997790246 -0.530913556113427 0.175397453153869 0.33127198476051
-0.203172998146253 -0.431634743018191 0.0263963315069426 0.394675301440176
-0.152912684633348 -0.34931812714956 0.0538219999621979 0.127396027531928
-0.2062235891352 -0.320988267626449 -0.0653256466820215 -0.0640523425266548
-0.388373559951278 -0.312884990501075 -0.208235265645504 -0.0679241072419819
-0.526413859166271 -0.194488887297322 -0.376145727316297 -0.0032155179134456
-0.498165925156749 0.0577783172016828 -0.420391745380363 0.158969079616784
-0.474436735480777 0.222298621301778 -0.428260242814548 0.257967213969349
-0.403470029513419 0.187376699299591 -0.392034773759163 0.262743210264699
-0.344655131881739 0.16640340961166 -0.344779587016366 0.175867772896247
-0.354796768967382 0.040146607625833 -0.2216147737556 0.0457845342638078
-0.296629142032555 -0.0720489426513137 -0.051715866992435 -0.129161728457534
-0.192681215079776 -0.0805721293882144 0.168213690607919 -0.00226331137372645
-0.268790549896585 -0.0470780509651863 0.353835232709361 0.245441267701569
-0.351581903498035 -0.177361937138536 0.278515205930768 0.364976124976426
-0.326971207172573 -0.4073487160029 0.226581587447678 0.456303063123954
-0.128545228651968 -0.216749694551834 -0.0150161775944977 0.532466238130289
-0.0617112013605402 -0.142235449650587 0.019021422328616 0.273050588269191
-0.0633472171660548 -0.154442527866609 -0.0459197760910716 0.0169691740779157
-0.189496436440804 -0.184506446378724 -0.203762229623748 -0.0958457219404362
-0.293156549518348 -0.14140905178364 -0.483338348017187 -0.0211382874601733
-0.277647188893573 0.0207082153871884 -0.578762050148366 0.191738406091235
-0.289236646152533 0.12045171020466 -0.574135986532205 0.311397434291787
-0.246943295125716 0.0825247917598653 -0.517430400981645 0.309252671448956
-0.200479918068661 0.0528121995612782 -0.463175307255105 0.180478924028476
-0.169344858091498 -0.0343173817891398 -0.304709217271835 0.0068482494022254
-0.115172436476331 -0.082136977154081 -0.0495025134847029 -0.156416789529658
-0.0518492014649619 -0.0189343874746194 0.212953089939838 0.0458405789190579
-0.14058496808983 0.0245738393093341 0.320116084022003 0.341530187459561
-0.237969531111678 -0.081188172860238 0.231804209933228 0.396164718408738
-0.226086257206396 -0.237044567995126 0.267556382960299 0.526427092953967
0.0466483119390824 -0.0567921720263332 -0.366592288115478 -0.581615996221908
0.0522065949472139 -0.0758288869927431 -0.163675038566107 -0.436237167435179
-0.0328696210962125 -0.0994080479711031 -0.211341283408303 -0.353368999158743
-0.0662096512768671 -0.0135364640554201 -0.358268994835935 -0.0547875986332302
-0.0559933682879801 0.0860974693747875 -0.0329927681571969 0.167324514055709
-0.0264772356276097 0.0594182860530174 0.357716040900018 0.0527989740555453
0.0384239155014993 0.0369876862480942 0.568331191900438 -0.168833312101213
0.0464304639869115 0.0441940700467969 0.618814554437761 -0.32843449924565
0.0358299650698159 0.0363693709467918 0.660847879528036 -0.348235720794353
-0.00546128559033019 0.0555418154190562 0.702046782029886 -0.273398345231079
0.00808201699722267 0.091143166192948 0.600488479072039 -0.0763089309109208
-0.071615966540817 0.0480755923310972 0.363096517904881 0.0507679337394796
-0.118707449375833 -0.030279538423174 0.0751936813211671 -0.119531338449022
0.0170082686240749 -0.0524908328555771 -0.0357550744891919 -0.27333791625147
0.0649682678291396 -0.0324458681869551 0.0955386425971829 -0.555817399147408
-0.126778628763159 -0.273743694319542 -0.293711929665546 -0.553966237893742
-0.148369840943556 -0.205643799694443 -0.08001758589624 -0.424667801487607
-0.216443747918517 -0.122764662640294 -0.14388370817696 -0.399624239151434
-0.203517161660029 -0.0186744874817328 -0.349446295888598 -0.103001639551799
-0.205748520657092 0.0582220680528563 -0.0542971194544326 0.148923918240209
-0.205749115749068 0.0951429878232735 0.335274110449478 0.0810444366298488
-0.164315341396257 0.137453454519283 0.547844953991852 -0.117573708164449
-0.163808693315307 0.164925851673047 0.582111975956453 -0.281934945530764
-0.195365007146766 0.184443946224195 0.608564742265315 -0.316840624938456
-0.301482944845217 0.137630951803724 0.667091200238673 -0.261812791952743
-0.296958596216177 0.0631900281825635 0.589305591462438 -0.0978715071232741
-0.317653246922025 -0.113061080250291 0.333101178645027 0.0443055360703969
-0.286096760541466 -0.235016496998644 0.0743548163885636 -0.107597519561941
-0.0991829945692243 -0.283421220866297 -0.0375943237949508 -0.236781972124426
-0.0431373862657226 -0.295292602769608 0.070260508744867 -0.464339764614397
-0.269310254935947 -0.471653114374202 -0.184775979047745 -0.449315739732959
-0.325479287910903 -0.34832913737424 0.0136756264505219 -0.413594136182197
-0.390979943021736 -0.169463982088544 -0.117139218084388 -0.436487867392271
-0.355121191443356 -0.0480382325470698 -0.3450976591262 -0.110740222712701
-0.367268964371908 0.0118370041987523 -0.0669813849217983 0.145568251938548
-0.383628257029626 0.118328753268991 0.282476270593528 0.104517540697504
-0.357442335938927 0.222294249504533 0.448383623876614 -0.0507847309617636
-0.349048217690059 0.263255221070317 0.452880540455338 -0.188493838762937
-0.378444866451711 0.30949716410656 0.469280561647587 -0.226702257243977
-0.531225252113808 0.225470751805052 0.536932721901791 -0.208642850835699
-0.546757756367858 0.0722097167955599 0.488485777523875 -0.11441794634532
-0.532287084600044 -0.196476552726802 0.275873799657731 0.0232280894646819
-0.449550345305997 -0.352272005821819 0.108083206059655 -0.0708668299212447
-0.241112966629338 -0.435733271538382 0.00666131085472995 -0.129072235291375
-0.172295041402456 -0.498852760131462 0.0613510618460287 -0.286704496267899
-0.350972693180767 -0.60924551343241 -0.0690219961997748 -0.273240377395819
-0.419313559849852 -0.462924556315058 0.09068018466668 -0.371490706954278
-0.491396909228393 -0.250171150464031 -0.122834017105426 -0.429569131687573
-0.489451619306836 -0.132584565638808 -0.338541284265735 -0.0863357787050033
-0.536935157172476 -0.0579807370144846 -0.0940964532725931 0.140970314274453
-0.544383198562269 0.126859152427208 0.178889934838326 0.123364235370141
-0.51481114863333 0.286049043313492 0.275897039817707 0.0281743734103779
-0.478539635993678 0.323267149875803 0.255173535280189 -0.0649765074421486
-0.487810193438778 0.377291003693546 0.269381557295475 -0.0976865020083759
-0.651171468990609 0.275163739530832 0.343184311612436 -0.117129900623009
-0.677421243373706 0.0832525656268619 0.325087883599363 -0.112346528813622
-0.631416850239521 -0.20957057721986 0.202739018293549 0.00116545701517903
-0.54574570554045 -0.357676944703778 0.175673748931661 -0.0208138815873052
-0.371765689043058 -0.473244742029032 0.100369557926895 0.0159183316769584
-0.296214273194226 -0.607238503173566 0.0851385416406707 -0.0636502605522486
-0.356373830205377 -0.65661728529811 0.0189199603153061 -0.0475067882670824
-0.398201045890594 -0.519466416797311 0.121543359241624 -0.260709994909132
-0.477696374579914 -0.342559509273204 -0.127216949046292 -0.345536322997888
-0.56397558431483 -0.255981161746256 -0.307977020345142 -0.0533658411423106
-0.667407675245771 -0.137362844285726 -0.156147091193175 0.113945896242501
-0.650100565398734 0.123081716618876 0.00925787750410181 0.138536745069084
-0.605975096609221 0.318527259808698 0.0442338341205979 0.115175361352996
-0.539484658313446 0.333676465784739 0.0239994207151083 0.0705210780749831
-0.515668868237213 0.371324702202167 0.044108045194294 0.0382871247355589
-0.651937701574179 0.250404319918691 0.123821054730772 -0.0161066019922828
-0.657817024362149 0.0526909972160174 0.145154840747211 -0.0999182817569831
-0.574763380189933 -0.185988851398156 0.147155721508682 -0.0161306812039439
-0.528731894258557 -0.273783159783443 0.265040093924352 0.0443895464398382
-0.441224818345402 -0.406951832652451 0.212225941868917 0.164816601289583
-0.381458992446288 -0.618835466162674 0.1355455447067 0.160704209064277
-0.309008031932986 -0.603539419159301 0.0527789915339585 0.196490288492844
-0.299503190257951 -0.491966203854348 0.10192701660045 -0.0747093920670305
-0.374342223243863 -0.390451329293859 -0.106351395868547 -0.205039467723315
-0.543482394520668 -0.341121278916614 -0.257567094982123 -0.043854748857178
-0.687542896342011 -0.191608055780531 -0.263448367265524 0.059101095220157
-0.652705686356986 0.106530689509751 -0.213691379415055 0.155629526751028
-0.602648777120525 0.309534945442058 -0.211520277483738 0.204999607585175
-0.519010460479953 0.295463536063058 -0.207122858021955 0.196925534420434
-0.468222919000479 0.298167974764148 -0.175344298247341 0.145202109241177
-0.545845283259194 0.160284504911562 -0.0812940417984454 0.048541557507945
-0.514535750058692 -0.0118789025985255 0.00396609891088543 -0.107565575280206
-0.400371448449773 -0.141122448148969 0.140194039513562 -0.0242659218179332
-0.421764011589926 -0.148574894848793 0.348720200536033 0.133160980481196
-0.440965534961109 -0.288805666343545 0.290454107930802 0.291174070985679
-0.405446791730843 -0.547807520585825 0.197146429801632 0.348500592726542
-0.23361253148332 -0.453621837820467 0.0380353189159831 0.415724458719114
-0.175881584460809 -0.364928544953 0.0599315613598153 0.134334967200803
-0.227150252175055 -0.32965297195015 -0.0722793940727443 -0.068998939679211
-0.418302085094162 -0.317366564320638 -0.221368765482665 -0.0682474815462461
-0.565014621687215 -0.187724471370379 -0.395025925978778 0.00847045607200683
-0.526101343262358 0.0772284310906092 -0.440121806626831 0.184118389572443
-0.495306804630498 0.248043643234096 -0.44267475902413 0.288563483089549
-0.419797647173813 0.211983131522139 -0.40389278362176 0.293556185429925
-0.362031414650963 0.183807424307304 -0.359489082291502 0.201835964421723
-0.373788278579606 0.0516926643989541 -0.235162471588268 0.0557269222089241
-0.313209655295201 -0.0665813156753477 -0.0614142185979249 -0.138230032261295
-0.202897009592143 -0.0782442885615929 0.181122341954319 -0.00607066750801442
-0.285183844772302 -0.0328964607819915 0.385500242990078 0.243355694861142
-0.378525937327738 -0.172326672268396 0.301470871710895 0.374570486297025
-0.359400642369602 -0.418141438831102 0.252397599333266 0.479819390887942
-0.148275140305434 -0.227394151610575 -0.001225465689898 0.565891239293474
-0.0721088580184086 -0.148482078563276 0.0272959453727186 0.289913929331251
-0.0705866639289649 -0.159453301866468 -0.0480239210093474 0.0170699371728118
-0.203825759234686 -0.189980407823947 -0.218099674456887 -0.0988367757207299
-0.316512588583883 -0.14001283733485 -0.511016217492766 -0.00755190386889111
-0.294375903524741 0.0312295110650249 -0.607713126105426 0.224790396823479
-0.302175328139878 0.136350285373247 -0.597999451972533 0.351966593571097
-0.257828195188336 0.0959197291663053 -0.536483197402522 0.348202303792071
-0.211354941461757 0.0604133674430513 -0.482978568671222 0.20903992217064
-0.180072836161819 -0.0336513779254842 -0.323680211512562 0.0172573702703666
-0.12213729655269 -0.0830274924939233 -0.0591338583812317 -0.166233923175176
-0.0523455959731194 -0.015830047364496 0.232690060894406 0.0424779093622526
-0.147918131950468 0.0361714591628232 0.353425459356152 0.348220740907172
-0.25617099987176 -0.0755357377896578 0.251337139048907 0.408951303717869
-0.248141055987893 -0.242188308520068 0.298877873257614 0.554019323078823
0.0412677143172346 -0.0497944337366918 -0.286582986959474 -0.655313451285112
0.0594139249695963 -0.0682103310161997 -0.0988996825954554 -0.475264475960528
-0.0227420269784649 -0.106488274761776 -0.167765768693535 -0.401812127158562
-0.0682159098061605 -0.0193389231626765 -0.371523293474002 -0.109214187703812
-0.0681525421597394 0.0804568472423601 -0.0639990970066999 0.176368275051609
-0.0339664749333166 0.0552061721960971 0.363284456582287 0.107041497346753
0.0349207395094941 0.0434033665178936 0.62174970588423 -0.0947507530859519
0.042785100593866 0.0502371524568624 0.694567721509432 -0.252558481482544
0.030820526634065 0.0449303173417034 0.744057275258435 -0.27504830195818
-0.0112828581859111 0.0573483396753716 0.770425252277157 -0.191093138099173
-0.00319715376005287 0.0959581368356254 0.635633481290298 0.00105110074576466
-0.0804951865651756 0.0406124617768093 0.372321364881308 0.102441513600513
-0.117545130686677 -0.054042727247043 0.0930157801039535 -0.110149888839267
0.0323627342186293 -0.0595011487437664 0.00477340958173468 -0.27997394240137
0.0748334742170038 -0.0318099429796937 0.191028720702982 -0.562035027904261
-0.0983254353733736 -0.30136961272821 -0.21875264225154 -0.625837980395176
-0.125961616660965 -0.231553728156452 -0.021415531350005 -0.456849527655661
-0.206301679265977 -0.158109131697545 -0.102597116604663 -0.441824625882359
-0.205248030054667 -0.0423901237712244 -0.36400133143315 -0.162138152729682
-0.215153362535589 0.0293347776175734 -0.0917094277623868 0.15377025834062
-0.223804482277483 0.0633564529683737 0.33071092674872 0.134859534261703
-0.188714689058306 0.114396730343851 0.587297746987227 -0.0459769272012097
-0.197859958898918 0.136558684707652 0.647141673315071 -0.208145465519842
-0.233251229428997 0.15808995587222 0.688109598554861 -0.252981162242345
-0.334094194979764 0.0935527613215417 0.737703240466413 -0.190355157843119
-0.317024765045842 0.00935165904739711 0.635778694825209 -0.0233020085787603
-0.310240650975078 -0.167836103367961 0.358393850591843 0.0956690693956445
-0.251057392482835 -0.297683731805363 0.0949363141712144 -0.0914988683048943
-0.0485064345575614 -0.318541567200871 0.00244233379512817 -0.232340714986542
0.00775444798510738 -0.32991214594773 0.151057905847848 -0.454779684160724
-0.208343372422539 -0.52965231966505 -0.128934142823778 -0.51131390762322
-0.285498969859345 -0.404113852856975 0.068457205956523 -0.437302255323348
-0.376273481884669 -0.232803949838119 -0.0798650315292098 -0.478691213560879
-0.350381994624543 -0.0921971791574254 -0.36662001184726 -0.176308158248292
-0.371386489232613 -0.0417636123114859 -0.11156814909447 0.147104342487141
-0.409948781075338 0.0568513419528113 0.267692895129935 0.151846412847072
-0.400585431285341 0.170672521241792 0.468900572709315 0.007712444027827
-0.408744519635744 0.204641288980728 0.500415898568849 -0.131277340658877
-0.443813661845216 0.254740173713706 0.529813402041782 -0.180873096729018
-0.588439428374869 0.147021168969397 0.59938904112205 -0.160138920110855
-0.579859857155578 -0.0274056728240102 0.544124557386095 -0.0572368422196328
-0.521327720723333 -0.289682211915505 0.315103823313424 0.0672998076363546
-0.400137179661598 -0.448978101680667 0.130361794317958 -0.0464519115358638
-0.170580159342904 -0.49742812807813 0.0369458995087979 -0.110405682833134
-0.0922154156366301 -0.567803364672705 0.113517309051076 -0.258749707800149
-0.265205553832798 -0.683118807844894 -0.0385783444282235 -0.32170435199996
-0.363638649699987 -0.535696771136298 0.13910627564037 -0.387072376634292
-0.461893610108581 -0.329034770328807 -0.093898203887756 -0.479309149793591
-0.471208165304193 -0.195576392058168 -0.368760927762927 -0.157726166749435
-0.531860084952768 -0.140229942372769 -0.147176555709767 0.137705103892798
-0.577763384939461 0.0412677493623052 0.154169375397853 0.156827985700627
-0.572535524824486 0.211121897305501 0.27052107490088 0.0641811701657895
-0.556507594392445 0.242001655804032 0.277538189675686 -0.0311839712341691
-0.5679419081433 0.305925423201037 0.302206597657976 -0.0756705595009808
-0.723534151252854 0.178496797171655 0.384457923552625 -0.0923798268950764
-0.719573049482114 -0.0423641050306738 0.377726961873095 -0.0764768109188041
-0.622877696239527 -0.320189774420101 0.247640516008171 0.0334330213320463
-0.497437046445407 -0.46943959993849 0.197617625319616 0.0134344863783162
-0.299055996557859 -0.553768378133094 0.117326707755978 0.0524568273850634
-0.203033777461314 -0.70271647498821 0.103512172337538 -0.0138719273477783
-0.258111389234631 -0.733221490615087 0.0169929134610618 -0.0790735316883161
-0.331764635056054 -0.590070859259039 0.155054193331666 -0.269945655059676
-0.434343893874953 -0.418599917400597 -0.110548066727356 -0.400363900829458
-0.52647081310454 -0.332657445821805 -0.342626782984796 -0.129579722447786
-0.65380178433321 -0.241436835446907 -0.214473640027042 0.09606777030383
-0.686971951281653 0.0212928928962806 -0.0266791749874233 0.147896494227411
-0.670570521358683 0.230427021436657 0.0116886214918563 0.120955344725342
-0.619548613799121 0.245770689726222 0.0158251286641095 0.0772202044403303
-0.597048411010456 0.292977008683632 0.0470471042538512 0.0370784324416202
-0.717669610198453 0.150040530754093 0.139322409329465 -0.0162113170871532
-0.692865814715861 -0.0716681926058105 0.186428203617663 -0.0878954083636617
-0.565152399195344 -0.286830313566528 0.189863360441109 0.00680962182574382
-0.494071238557928 -0.375631551404624 0.282375685612912 0.0898099389331341
-0.383954387475502 -0.491915988602135 0.211982487120087 0.217384473583125
-0.289623246277589 -0.72789878156578 0.121085524360953 0.230918132858567
-0.214004817903935 -0.667187029750037 0.0151293455204565 0.179099027246932
-0.230770737044898 -0.548269329796033 0.108727932290525 -0.0782826456985057
-0.317345094503922 -0.450546048248953 -0.10437921588453 -0.253998210700481
-0.49384484863448 -0.418883371729806 -0.287977398269596 -0.119518301290695
-0.669158445931406 -0.298749839119559 -0.318699829122267 0.0203827177371477
-0.688886012839171 0.0044969433201292 -0.261400697925127 0.133510458306541
-0.666216003636805 0.222078999248712 -0.272058882843512 0.179403446991541
-0.591776218410148 0.210503525212746 -0.244352730068662 0.175442197482653
-0.536365083137413 0.22501797483944 -0.197940118817438 0.120779700481369
-0.594132628751674 0.0732236479269953 -0.0851888597168493 0.0270070092059503
-0.531727518814731 -0.112945053905033 0.0349434133720974 -0.114151368853279
-0.388328597854677 -0.212198230840413 0.174199699676295 -0.00142294193050912
-0.406567793421261 -0.221343260813492 0.35633073135214 0.187455304691153
-0.406628602771511 -0.365983709144878 0.272261255681066 0.352236259423504
-0.327982122172696 -0.657719514388855 0.154158885390827 0.435392906885927
-0.159674946372985 -0.499372145260631 -0.0321615757741276 0.410077065477547
-0.123167342221075 -0.398470811713035 0.0371343447612503 0.137461669229915
-0.175076236429024 -0.367571444339032 -0.0791880422482592 -0.104180192608581
-0.371336133844226 -0.37860887286222 -0.238760819146661 -0.136802664945658
-0.547899211270823 -0.273686943409817 -0.443141573336349 -0.05303768893718
-0.556330965733316 -0.000290834619452734 -0.499224934351523 0.128022965521981
-0.549608964521652 0.177755503839337 -0.522265919833773 0.235335664626391
-0.474751017499372 0.143558743964808 -0.466275875912396 0.247765022666544
-0.40485237560839 0.124634186576696 -0.401701989260986 0.158474764807985
-0.397381027907048 -0.0122796155683781 -0.24873298559353 0.0179056842143993
-0.311502532909056 -0.131843991964766 -0.0359876715763717 -0.152618425671392
-0.191519148476651 -0.110708146279992 0.204614269669477 0.0214280049187792
-0.288053734288934 -0.074530952575026 0.376810566724649 0.30491795923959
-0.362813825968689 -0.233979366419605 0.266128758220078 0.435456430746269
-0.302578381556462 -0.509545320445897 0.190517647432836 0.574836245558439
-0.108223606716996 -0.250792824987559 -0.0936067216324385 0.569297800075179
-0.0472981692155419 -0.160316398857371 -0.0168765258360561 0.301490303132142
-0.043222119584278 -0.170614442393611 -0.0575342768338696 -0.00123734647671886
-0.177463346052202 -0.218130318034634 -0.221522107319569 -0.156355503024433
-0.30199744572155 -0.185224848909875 -0.549611459346513 -0.0872102700244335
-0.310513109874226 -0.009115418183033 -0.672654983535078 0.147940061750582
-0.333548232812288 0.0941918748123157 -0.690673470540319 0.281024756598801
-0.285719120688706 0.0552410188789841 -0.611618443288867 0.285071753107591
-0.229192956902876 0.0235355766131338 -0.533687624055519 0.151707280819324
-0.181839465262495 -0.0675679698480079 -0.33774689005641 -0.0291145487362634
-0.108763542131104 -0.111737108276269 -0.0357788167719676 -0.180681816678007
-0.0457149979065545 -0.0192551812197654 0.244093442207095 0.0778453309477316
-0.160731993809904 0.0218519945919296 0.32494978958291 0.406768195414506
-0.255324293297134 -0.11342724521773 0.203645396747872 0.45829064760052
-0.215892195153672 -0.299795242904131 0.226351495337793 0.647622621182399
0.0358836103089326 -0.0510749821488183 -0.349811091676281 -0.630437692647368
0.0556033224760976 -0.0748337489859316 -0.140377406158636 -0.464346052177206
-0.0326098165545763 -0.105523573906371 -0.202790513343526 -0.385828076996322
-0.0718401095756015 -0.0155387004765592 -0.383970679764067 -0.0706670501830012
-0.0598376043298578 0.0878906882773786 -0.0512937393467739 0.184175009119517
-0.0279660486767944 0.0598060886547196 0.371307440143182 0.0717573662062709
0.0389175399383953 0.0413301372973064 0.61400173141511 -0.157186602575839
0.0474570597957715 0.047203277307359 0.66776409255456 -0.321988156332756
0.0355845226557802 0.0421555827559116 0.718123944614548 -0.35030546238514
-0.00586917401757376 0.0615070249136956 0.755227809922048 -0.269127194212425
0.00652640922894593 0.0953869682375264 0.636205973158783 -0.0588024419915958
-0.0787493553158675 0.0477610478043116 0.382323911180417 0.0667113641389328
-0.123485902019808 -0.0422392823166914 0.0779855294654481 -0.11569523262312
0.029833829474147 -0.0673627610220947 -0.0190442945069289 -0.275800915112147
0.070482372444447 -0.041089549969055 0.141259210570601 -0.580669519582409
-0.128851314414497 -0.289441015254121 -0.280249521131774 -0.60960108057408
-0.147566242807484 -0.218271454888509 -0.059504526889912 -0.453734143731054
-0.22149143558333 -0.135273601600391 -0.141824710135823 -0.432730802656491
-0.2075030328262 -0.0225983959299736 -0.380494510912713 -0.125302487198605
-0.210207467937576 0.0522996662279182 -0.0796639408160993 0.164032658191643
-0.215990349624616 0.0854921729187278 0.342158940622172 0.10366153261998
-0.177882805046453 0.133168060198229 0.584625948925838 -0.105356441227101
-0.185666940292566 0.156604580198896 0.628597352154027 -0.2735257838667
-0.217984049446464 0.180841531119999 0.664856729736225 -0.319866134790442
-0.325455695879819 0.129964345815287 0.72289658293923 -0.266469272735146
-0.316110727625502 0.0403342125989519 0.634918948460281 -0.0857767286845128
-0.328830984145027 -0.139893625891112 0.367271891220107 0.0639248409189962
-0.281204920119688 -0.270838092483863 0.0828495957334512 -0.0990043092937899
-0.0747711463169608 -0.316700828336521 -0.0182935679007322 -0.229044518335242
-0.0247664621803611 -0.329938410279707 0.110825035522468 -0.470973248350616
-0.261521210570221 -0.508295140053911 -0.179040233162819 -0.505461257368941
-0.325025247430053 -0.374375898610542 0.0326093030641577 -0.442711840364359
-0.398417321005124 -0.190643724134281 -0.125420602384099 -0.472902829258413
-0.355770339047468 -0.054782360253956 -0.383168579099025 -0.140436519430065
-0.372096697160129 -0.0032702093386978 -0.0986041090793451 0.159123309827217
-0.400990111943859 0.097300687941754 0.281423181403973 0.127259013275857
-0.385448802649627 0.208554873152757 0.473994860911443 -0.038834485439301
-0.389068000501234 0.245197680893632 0.489373662753066 -0.181535820850667
-0.420370438240302 0.297205612837966 0.514447505903917 -0.23309272712878
-0.575184445942626 0.207315626577099 0.584508375132997 -0.22138283877223
-0.582839847555825 0.0299671905790855 0.54034436578577 -0.113140663489095
-0.549208717862267 -0.242514454492279 0.319936572203749 0.0397649261241988
-0.442876050092694 -0.404737574328975 0.123636975262407 -0.0596522239278135
-0.213471074423888 -0.48060702364899 0.0275091978917685 -0.112871378892045
-0.145147954718848 -0.555486108685175 0.0935802329642798 -0.269941047427573
-0.333786358166318 -0.657374550463557 -0.0712260553579653 -0.322747216277214
-0.417641980646543 -0.498372535561383 0.107364890206282 -0.401198050491125
-0.493247233563842 -0.27608451280134 -0.13984139873326 -0.473352258059914
-0.483302223856006 -0.147048830294815 -0.384874385184667 -0.121755058641681
-0.542394076277836 -0.0855479194910619 -0.13266213576432 0.152905133457394
-0.570110827972361 0.0972370628804294 0.169335042827542 0.143048689358508
-0.553269059054224 0.264793516362149 0.282406369178907 0.036005768685118
-0.534536167040167 0.297359310473973 0.275576557409758 -0.0588067145532195
-0.540858130178327 0.35880286090079 0.298756196523838 -0.104247412023287
-0.707487987714226 0.249646437881903 0.375992149396642 -0.132728889158943
-0.723645393181454 0.027903609934433 0.369347229735733 -0.118304716057207
-0.654577375576174 -0.263711917431679 0.249564766757699 0.0143982602779788
-0.542519880622474 -0.413727124585487 0.197065180212018 -0.0075567837968908
-0.347245252644517 -0.52170426796319 0.121030366305355 0.0401187693589657
-0.267839475342258 -0.679738978911784 0.105698979711877 -0.0235659260529312
-0.332728660944543 -0.708590453199218 0.00748500571665598 -0.0858067632793932
-0.392227659790996 -0.556726971565779 0.131777117800637 -0.286446436268376
-0.472320056747705 -0.368831621098405 -0.152337686438053 -0.392494254956128
-0.551318940816373 -0.278875125696981 -0.354996422116134 -0.0966976238021945
-0.672415476322091 -0.176025882231691 -0.201935859195453 0.117487849564449
-0.682391097226659 0.0879941920060317 -0.0116484305868783 0.151553829036536
-0.64928494326893 0.293566621682136 0.0288948567293487 0.119354320205163
-0.59649496722187 0.303944855520774 0.0253810586271008 0.0750859629308223
-0.571116339980465 0.348710654219653 0.0548786560351524 0.0344360483946464
-0.704347190727058 0.219023565237497 0.138077917344643 -0.0320121153491224
-0.698151108740595 -0.00371293944607157 0.174700434299511 -0.110861423770777
-0.590775608597756 -0.23592149960019 0.188525834799456 -0.00623361339042983
-0.526477338226465 -0.318289883137128 0.290398734377555 0.0579886572624847
-0.426665626667909 -0.450412614063126 0.230242555113723 0.194579353336784
-0.358615636191398 -0.696692117830222 0.145475675337579 0.221904470451075
-0.28191736120014 -0.648383623056971 0.0304780273410915 0.175075101434025
-0.287710336840005 -0.524536703550465 0.10352776170135 -0.0890534368455018
-0.358230157931804 -0.413947015970648 -0.131384053947602 -0.246301911323407
-0.5269437163136 -0.369945648295712 -0.298962025783323 -0.0940333721833735
-0.695589743580416 -0.233586415646792 -0.312860657233226 0.0506173555338176
-0.687676490384752 0.0710129339912493 -0.247255044448202 0.160090921747546
-0.646841081211073 0.286590036411118 -0.249420189864499 0.206705261706788
-0.571890834733591 0.266158780425487 -0.225261147387192 0.198444989476123
-0.517084500133397 0.273317042007155 -0.183642077349541 0.14341401429171
-0.587622313527657 0.128726770526473 -0.0834178422864179 0.0341506475883417
-0.539975224315035 -0.0620361882198272 0.020246153062837 -0.121458453930299
-0.404764517294773 -0.17513442339723 0.175034525584537 -0.0155617078248741
-0.424526328545308 -0.171312981022974 0.375021530489329 0.148286130415261
-0.438470019991728 -0.322281892394108 0.301258340031134 0.323773946895302
-0.391241061469031 -0.622757727856522 0.197017087962357 0.424483692347028
-0.214062976488082 -0.484526225495417 0.00491397184228187 0.412448205701233
-0.164926257890154 -0.384609659733327 0.0504930552453542 0.134146667747734
-0.207566340187513 -0.34393537834103 -0.0915699795628608 -0.0988223724488205
-0.402436248782805 -0.341377163472943 -0.252561008042832 -0.116979954488809
-0.572544880419042 -0.221434407340978 -0.445160042100627 -0.0116281837868246
-0.555853510480321 0.0534168116365987 -0.485092639350029 0.17890457338516
-0.532408377393712 0.231000485152526 -0.49793867290496 0.287637649073054
-0.460863846803447 0.188889980577458 -0.43917216752065 0.293685567975978
-0.394552244531914 0.160697955358101 -0.38268576925807 0.200837460344642
-0.397825125303342 0.0223891752635064 -0.248634702215742 0.0415334323719667
-0.320516026230544 -0.102046396485196 -0.0540204864671045 -0.152617553225109
-0.19809611724447 -0.0902282978741543 0.210140944735303 0.00290817658951874
-0.292553745134404 -0.0372938042000186 0.407210009044111 0.262988397994338
-0.385498850448706 -0.193639167568588 0.301994334240397 0.406173946297763
-0.352167063591182 -0.478930796328868 0.246452649243597 0.562277436972854
-0.137151636940092 -0.242215702102243 -0.0396071684158598 0.578146426411267
-0.0645453069604197 -0.155630568530519 0.0119613257715494 0.304493380281328
-0.0574706681563479 -0.163064571908398 -0.0588725440143221 0.0016057724474455
-0.196085069362984 -0.20042808553665 -0.238072304385218 -0.139064496060322
-0.321180582203065 -0.156137834768613 -0.557301282902205 -0.0351712070676068
-0.310954478877192 0.0202680038299942 -0.660351930300221 0.214516424759308
-0.324652622232377 0.126415366671588 -0.663656317854333 0.3515762857212
-0.279790526694699 0.0813360177892484 -0.58407320457089 0.344824355988937
-0.22781268056951 0.0440404032045913 -0.515825469237956 0.205086973401891
-0.188053386342303 -0.0533175273959283 -0.342142666684595 0.00392616673502177
-0.11699518234515 -0.10221838083739 -0.055111633561099 -0.179649360400348
-0.0434001081993242 -0.011648311780847 0.255494519029177 0.0533383776815071
-0.158414501626359 0.043218674421816 0.366740507459878 0.371545347807115
-0.267075389972671 -0.0855217996150549 0.2402800280436 0.435674429727086
-0.245806755357752 -0.279237990570247 0.287004998842193 0.631052606303582
0.0309926490165781 -0.0493268370432672 -0.386716726417727 -0.583738371046415
0.0505381010499255 -0.0775140530882075 -0.165796753044245 -0.437085036679434
-0.0388803945513331 -0.100561073192766 -0.220859445432695 -0.357667429152008
-0.0726107622804357 -0.0116956562657512 -0.376355131671267 -0.0366436308528677
-0.0515177806210553 0.0903793911197378 -0.0399584326990748 0.183062699573998
-0.0219109004319539 0.0609121396156973 0.360449967638417 0.0430271997244603
0.0411871405462858 0.0387870172332267 0.579101046917341 -0.1977396784315
0.0497720807657201 0.0433918341880267 0.616915714228351 -0.361250888066205
0.0368928546439293 0.0381194845720723 0.665853264490453 -0.393247654992425
-0.000137411031719645 0.0628963558941137 0.707912815293705 -0.31696391294333
0.013300230348938 0.0906809058449451 0.610630564929428 -0.1040996061417
-0.0744360373427684 0.0514242560766731 0.373000938168274 0.0364248760868336
-0.122412367672722 -0.0304695560589064 0.0622824870601965 -0.114467713095789
0.0251278951896879 -0.0724553589129675 -0.035667924199231 -0.260045485271972
0.0632078706441987 -0.0461920381412938 0.0977955782122038 -0.571632335101453
-0.146021177534587 -0.266866819133725 -0.317758599837009 -0.569534111748886
-0.157214681728314 -0.199081480042542 -0.0859459624701456 -0.432188057152326
-0.222310498534155 -0.111228747732977 -0.164336774427368 -0.40735424993862
-0.200351516576448 -0.00640355032236278 -0.376125571495296 -0.090718013866909
-0.197215631051625 0.0674701372458606 -0.0681726226974288 0.164641015428393
-0.199912986307511 0.0995672188680362 0.333938722303374 0.0756224498885729
-0.162286372265705 0.141990961486206 0.557806201673176 -0.14559941079203
-0.167452392086292 0.165895711673494 0.582271701223578 -0.311041864776788
-0.196815404758393 0.189905258724756 0.616632713208413 -0.362090395173883
-0.303761269895706 0.151990273044543 0.676301999138956 -0.313869280573534
-0.301671940544915 0.0629483196846352 0.606907777914745 -0.133170909616039
-0.329898699496805 -0.111935678089266 0.358232381011814 0.0362859197338932
-0.28978145592418 -0.237019624766028 0.0682404118242399 -0.0994892370835317
-0.0923529248603073 -0.303465034534168 -0.0330597243973521 -0.21661205034138
-0.0482752460778077 -0.315998045164288 0.0767971310422135 -0.4622756919338
-0.29184419676381 -0.468039746208061 -0.211248324247849 -0.477940534938663
-0.342188711738556 -0.334424049789316 0.00445927127291487 -0.429380658328095
-0.395124766359796 -0.147167439239201 -0.153890106187378 -0.447739931424695
-0.342467552360953 -0.0243873437898248 -0.37997783885408 -0.104813174155885
-0.354565591624015 0.0269609468997584 -0.085060323731575 0.161369746668173
-0.376452407881213 0.124353196917838 0.278562079881979 0.103824343684105
-0.357027935376304 0.229077483473339 0.456881558765439 -0.0762663322077385
-0.358357184772471 0.266444071474659 0.456424500999144 -0.212498809043494
-0.384591622297595 0.315864732758973 0.480086567215089 -0.262954664534707
-0.538814395914126 0.244583898395674 0.547056729727286 -0.261194693736407
-0.557811929975298 0.0724710722635605 0.510491008887493 -0.154247991945272
-0.551054186857882 -0.195022766101615 0.310421119798339 0.019019049527335
-0.453936841375497 -0.353652683048863 0.111309352302211 -0.0659632457717992
-0.236483175349707 -0.448460149980149 0.0179777568272422 -0.109980948328201
-0.178969114772835 -0.522519748856097 0.0739204321377672 -0.267924014057625
-0.372713436937762 -0.608287065493655 -0.0940481188139524 -0.310686821584514
-0.440744604465078 -0.447270777027648 0.0782199779511919 -0.396363053102322
-0.493201235561829 -0.22006213265438 -0.170797478808627 -0.447295095222813
-0.469672871589216 -0.10189457283174 -0.379782260589651 -0.087886404551622
-0.522729037622344 -0.0392846756069067 -0.115320606190131 0.157395280354309
-0.537430162242236 0.135038189490754 0.173640056568915 0.127028434082837
-0.514893348512646 0.296026041330184 0.279300433375265 0.0106887091336827
-0.492331732390952 0.326831819581453 0.261998794716112 -0.0787570554703614
-0.49481205032783 0.383480738785269 0.282632920543885 -0.12298108759444
-0.66223275586976 0.294603058557571 0.351981095890559 -0.158530443685475
-0.692492017689166 0.0825239040416042 0.343588059326547 -0.14626777637827
-0.650042356650223 -0.209540589424368 0.240102538416801 0.00066536677224631
-0.548587190027369 -0.352809435824203 0.186327725875906 -0.0240153731673039
-0.36733325475083 -0.474874709124314 0.117879902397794 0.0289047112117986
-0.307000227239977 -0.63244948417738 0.103706985373233 -0.0297687949203836
-0.377601083393465 -0.658540553209546 -0.0015636373853993 -0.0869273216217606
-0.422263296258162 -0.503520092818393 0.109158203873787 -0.28799566852347
-0.478913445299827 -0.31259269897286 -0.17812828164518 -0.368913540740415
-0.544599342772219 -0.225269318352208 -0.350795186499601 -0.0662585193945698
-0.655397414425178 -0.118622409678583 -0.183151095425552 0.127379734480565
-0.647713439872286 0.135223998404304 0.0010427862130358 0.147334132931618
-0.605961819220072 0.33042929940727 0.0412349147517577 0.111123015401197
-0.553697691383584 0.338345952369287 0.0307222911176868 0.0698336482331954
-0.52619053642533 0.37593554575665 0.0582951678191472 0.0289220702479187
-0.66349383442214 0.262239163907226 0.130324291851715 -0.0422609858743211
-0.670672540168036 0.0460856244130407 0.155879289712416 -0.124472050419106
-0.585378230963347 -0.186307539311017 0.181370179714951 -0.0156411834464018
-0.524687499971673 -0.260000514147311 0.28158033738824 0.0305637795436834
-0.438933823872187 -0.398043654467472 0.231814421515822 0.168861351256149
-0.395832979688318 -0.642539913839876 0.158846813400497 0.20513348498681
-0.325292284900852 -0.605689317194433 0.0398865854305572 0.162884533624987
-0.318123208520295 -0.480665206401367 0.0938643609604814 -0.09477444942133
-0.371970020717474 -0.363796447254102 -0.147938881819173 -0.229619590734027
-0.52756868561882 -0.315491988528996 -0.296288951717061 -0.0677527631815349
-0.685546703416421 -0.173954351795829 -0.294838558263475 0.0710214756648659
-0.653309953082177 0.12008332699959 -0.224308110920024 0.172065017471932
-0.602929666987754 0.321809344567792 -0.220301640402889 0.216442128988298
-0.531265835959801 0.298837220406638 -0.199984819451695 0.207738381676695
-0.479061022547925 0.297217182355036 -0.163067056111802 0.152444877100204
-0.556802397433734 0.164456596492111 -0.0790196425268987 0.0383681428008301
-0.521938054852656 -0.020678833059403 0.00593026553926692 -0.121959243468418
-0.398423406131487 -0.13932221885892 0.168954960697136 -0.0256069165229378
-0.41630019184299 -0.124348535461002 0.371042868675816 0.110042068188712
-0.443257011545702 -0.273693613631035 0.308417777449894 0.287545272779834
-0.422646382771926 -0.567639683184522 0.222815776255094 0.397828247269478
-0.245884455530211 -0.451259460911327 0.0338511055994185 0.396036899524085
-0.190392711949432 -0.356784973829494 0.0593782485397378 0.12566011878105
-0.222544393711275 -0.31139067542164 -0.0985638160532567 -0.0896020972790411
-0.407944137857337 -0.298896099173162 -0.253459212886842 -0.0956732390543943
-0.567918503688021 -0.172315917669896 -0.428158367555974 0.0204614847893871
-0.529498725218997 0.0919767222115196 -0.452678656110971 0.208561757636563
-0.496815318583499 0.261262728934886 -0.454343043584003 0.317069368863784
-0.43135522469082 0.215396079575815 -0.39946127463624 0.315507316164476
-0.369594100841101 0.181353050475634 -0.349839909078247 0.223739524612984
-0.381819641392908 0.0479584859875182 -0.238133868872133 0.0585916041517167
-0.312308353291091 -0.0757509792506238 -0.0677406527911265 -0.146738478146892
-0.191929535896236 -0.071549308540203 0.205386591546359 -0.012756028992897
-0.280530817396406 -0.00537898408525217 0.41190386330673 0.218543120985499
-0.384244612145749 -0.153549690335635 0.313529479875392 0.366155695782743
-0.374904763299658 -0.434269171094288 0.27968225202417 0.529311576629745
-0.154256475397548 -0.223198319429979 0.00554118685218633 0.559883036438696
-0.0759196597513129 -0.144473914744711 0.0330955316212617 0.29255158572202
-0.064072965541651 -0.150499302640713 -0.059685930825344 0.00479939205199648
-0.200223763989494 -0.177737036744102 -0.241918433908736 -0.119069818443922
-0.321934263856141 -0.127505642083213 -0.5407355669175 0.00690669002747819
-0.29806123426649 0.0428830416474957 -0.618606525928956 0.255718284772474
-0.303888922578062 0.146188059444926 -0.61196656872147 0.389950530401611
-0.263754933480715 0.097761502145727 -0.536075507688006 0.376614670408376
-0.216106064027525 0.0571348258335243 -0.480409360418176 0.236681905153853
-0.184934198663943 -0.0397744055624751 -0.330115861639281 0.0292173282521494
-0.117500264303122 -0.0902806947899038 -0.0696501604007042 -0.17187207017585
-0.0381834731053823 -0.00531575313337721 0.255139166652881 0.0318942173159314
-0.14729295217505 0.059271736889864 0.381015623787181 0.327030765881659
-0.264035415921229 -0.0606134185312322 0.255365593425724 0.399084426010773
-0.258116019845298 -0.250274838942509 0.32275781937252 0.592021400514226
0.0289484979865044 -0.0457168458634654 -0.394026291273516 -0.546249113835594
0.0483100035018143 -0.0781877481601336 -0.170637080460851 -0.413338705334208
-0.0410085614047881 -0.0966032177288257 -0.222050140673044 -0.335199422131235
-0.0720486346005149 -0.00987364127025164 -0.362493959894813 -0.0181533953752451
-0.0455255402655998 0.0893303982914322 -0.0357557850291732 0.179195548301867
-0.0181148015474899 0.0600901110855701 0.344870442704632 0.0288544389449271
0.0414091681362971 0.0365880593166656 0.546667388538527 -0.212681115029658
0.049961156196813 0.0408202277526459 0.577861098823751 -0.368362069249254
0.0366217005483552 0.0361452897640403 0.622740714763295 -0.403826270486414
0.00315598348677129 0.0625720573628077 0.667088031818638 -0.332241715994232
0.0160613094545442 0.0860251282152808 0.58286898857535 -0.12139509196769
-0.0720458309855762 0.0524533046325918 0.359285352640113 0.0212398410681711
-0.117861969556985 -0.0239845806198652 0.0511035916411092 -0.1090776715197
0.0224664764906889 -0.075075393705663 -0.0403722199942654 -0.244113216276976
0.05719813442486 -0.0477496478885749 0.0743257996131636 -0.55237159681601
-0.149889286554725 -0.247682137066209 -0.327936617367817 -0.537345042348153
-0.157133288670968 -0.184648526396829 -0.0941049030162586 -0.41167069956252
-0.215715213121823 -0.0966816316837464 -0.170137813759242 -0.384777155500098
-0.191103832256351 0.00226517381599293 -0.36371685571469 -0.0709612935993483
-0.183673184131612 0.0735864494747605 -0.0625604740788448 0.162017297341137
-0.185704585385148 0.10318089605837 0.320626365706186 0.062178565733911
-0.149996697479169 0.142746436567629 0.529786395741889 -0.162682568458952
-0.15428875539875 0.166998470372654 0.546283732662796 -0.319906864737739
-0.182171357091923 0.189843695275117 0.577377322971862 -0.371322241651816
-0.284504262611157 0.160209247666801 0.637921190974351 -0.329107993483586
-0.286013830587253 0.0715502064933023 0.575162060068663 -0.151974287183979
-0.323038836812552 -0.0950359167415826 0.344634887123567 0.0231514169796865
-0.285306534166287 -0.213689136502602 0.0578434980931832 -0.0959592730764359
-0.0974284250023737 -0.290131882338927 -0.0371342023410242 -0.203869627871497
-0.0578812132065712 -0.299596218949866 0.0603878408865565 -0.448049583252784
-0.2981909845418 -0.435759821826622 -0.223715324207744 -0.452702772706961
-0.340334894506201 -0.307766507920691 -0.00770114013736796 -0.412977611225354
-0.382951738033827 -0.121505714563471 -0.163956994199912 -0.425743817802979
-0.324784207402327 -0.00760091149576609 -0.369122844657846 -0.0836315813162034
-0.334789711115681 0.040838176137807 -0.0779874318123278 0.15813248136196
-0.35204734574765 0.13198409158321 0.26861332646433 0.0910443074912393
-0.333438697886652 0.23275644634776 0.437435460727383 -0.0921631729095904
-0.332723035231641 0.268783277511611 0.429002865760962 -0.221859841570079
-0.356348786237629 0.318186844212778 0.451526616326047 -0.272593863301185
-0.507368379494982 0.256787047561789 0.515396029316764 -0.272089037856336
-0.531265696007048 0.0913740780727191 0.481114422499587 -0.170653656133926
-0.536265364456501 -0.167890639985519 0.297879202577735 0.00997376055812063
-0.445647099086704 -0.316454976901471 0.100472806828874 -0.0672878871968439
-0.238175513047464 -0.42251893068342 0.0134560632454801 -0.10485158023431
-0.189657455071587 -0.491667036509143 0.0648575837002607 -0.260447965570287
-0.380337388269487 -0.5683340207404 -0.104581268911261 -0.297462016295136
-0.440276368846005 -0.409235909558007 0.0643440284812728 -0.385467452781805
-0.476673924544804 -0.184939933333049 -0.181399163697911 -0.423500272907485
-0.448311837362035 -0.0770191551342486 -0.36928958517475 -0.0678243385211806
-0.498473852085778 -0.0178323904115215 -0.104560137264309 0.15552425855056
-0.505722951506423 0.149657469257349 0.171131060027809 0.11630579069645
-0.483019309164799 0.300950422318564 0.271168181182696 -0.00359071434749926
-0.460561246228711 0.332601614291506 0.24738813606026 -0.0854431199213358
-0.461072448008293 0.385286139982611 0.268381619967587 -0.129536777039958
-0.624620328598992 0.308660351147589 0.331046524795543 -0.167115146174171
-0.658508574564953 0.104601000759779 0.319857166971147 -0.157792625846522
-0.630329485917443 -0.178558583057569 0.229244351007814 -0.0042733139641949
-0.533318697306258 -0.309571034227706 0.174007363247675 -0.0321022611085593
-0.362873510835968 -0.441947036959518 0.111862368572373 0.0235414841442416
-0.31715646657958 -0.592125657943604 0.10115380063055 -0.0318312979542775
-0.38839236306114 -0.615960051973239 -0.0079365258641294 -0.0865577518027737
-0.425379717722301 -0.463632519879607 0.0953757357069081 -0.281907851058769
-0.46760135062053 -0.272404729820906 -0.187077249924927 -0.347920170146768
-0.523342362503978 -0.192267537906908 -0.340307840764072 -0.0499210357891929
-0.629920246294311 -0.0888518426198056 -0.168335846144288 0.128288859661122
-0.611798657617117 0.151493979664888 0.00749964447344145 0.141316768149732
-0.569019942125059 0.339692721552176 0.0466563892992975 0.101986264805987
-0.518740476682626 0.343486050888502 0.0324952851302291 0.06529355507128
-0.490969102547248 0.376909427153237 0.0600329555223553 0.0255334461340467
-0.627168294561708 0.276509657340045 0.121645404217721 -0.0469658705604582
-0.63898060984904 0.0688420392080206 0.139463474869181 -0.128627501308082
-0.566031034517702 -0.159460860575661 0.172811306503093 -0.0181402535026329
-0.505759049390571 -0.221835584589425 0.267984156796631 0.0149281118063861
-0.429369012824759 -0.362452473437621 0.223998227360824 0.152717773192158
-0.401711878919556 -0.598219561607186 0.1618659886386 0.193468646843737
-0.337555293885138 -0.56828776306535 0.0421573943828297 0.152003484931203
-0.325891407083222 -0.446382170898557 0.0871808768906137 -0.0961123626312365
-0.365181018864672 -0.3284668370248 -0.154314934844905 -0.214689150727581
-0.510760102327707 -0.280715224129502 -0.287943369860015 -0.0539624268725149
-0.661153630868012 -0.140268202390054 -0.276454312268116 0.0779373874876613
-0.619584235769946 0.13766935528246 -0.206569686719329 0.172650665544699
-0.564324975674033 0.332349881958604 -0.200239975480702 0.214202395363042
-0.499985401053379 0.305781841934707 -0.18440896553285 0.205614809650485
-0.449542812170956 0.300660335598783 -0.147756204451744 0.151835989593891
-0.528303633513989 0.17828880877831 -0.0755072464416572 0.0388714244190788
-0.498143562322984 -0.00282121458599235 -0.00495197953024795 -0.120604952821452
-0.383150879833267 -0.120972474456935 0.161232963640667 -0.0289793623087551
-0.396803055648326 -0.0953390469908909 0.357992564813973 0.0869411323086196
-0.431272067801552 -0.241722570995621 0.300002692399308 0.262705711733005
-0.425180369944735 -0.526213984085183 0.229839651901884 0.377301737515135
-0.257477539647256 -0.423772478920562 0.0452427459011061 0.376103075041563
-0.198062056641177 -0.332309137043165 0.0611693551441478 0.117724643258811
-0.219215713688435 -0.286065872998594 -0.101239316888131 -0.081670309182364
-0.396711746708251 -0.269770947479567 -0.247634208499923 -0.082358856411618
-0.550738825147077 -0.143807832613694 -0.406750404860688 0.0336277372234056
-0.503903025050054 0.10711343742702 -0.424998834081957 0.215865048183118
-0.467006374328658 0.268631426061785 -0.421255197171625 0.319907393472326
-0.405189292249947 0.221039342273273 -0.371614944459411 0.316207390006975
-0.347481445879804 0.186328773580226 -0.324487382960054 0.226750366358375
-0.362931384328155 0.0584007916568983 -0.227816113533777 0.0646979724003623
-0.299592962520088 -0.0623854274801478 -0.0754919799628334 -0.140156286359736
-0.18071328098472 -0.0606171690368254 0.198968715457466 -0.020570993563961
-0.265055029894519 0.0129943675044642 0.403041589268054 0.189385233333012
-0.371436165302328 -0.130047317733682 0.305084940231394 0.337443372002449
-0.375867345248311 -0.401097030384573 0.288633375657361 0.501252210576847
-0.161170834872257 -0.207097549581474 0.0260615529283421 0.535815912193876
-0.0799285723752434 -0.134141908977572 0.0422310757182708 0.279792953675912
-0.0635979378512419 -0.138541332127646 -0.0597672374430824 0.00660217022779802
-0.195492327657948 -0.162738947137464 -0.238342821535376 -0.106920641091823
-0.314307253556822 -0.110754424396502 -0.517093162548374 0.0272803857930327
-0.283544765465738 0.0515754305964875 -0.580663981611961 0.269074846371804
-0.285920251119385 0.152172856439145 -0.569681806236119 0.398584428457047
-0.249731991054319 0.101811555658147 -0.498427175757187 0.380123646966742
-0.205618764159673 0.0610632671448189 -0.448965268125343 0.244888665160089
-0.178581781233545 -0.0330461486609904 -0.316018382005754 0.0407475356040637
-0.11329311062204 -0.0824843089439162 -0.0759510708679631 -0.163715860951713
-0.0319375922781254 -0.00126249558909364 0.248897436747537 0.0189274740265572
-0.137177265530167 0.0676705625869647 0.377717499178135 0.295975164506793
-0.255577371360257 -0.0466680766840209 0.249798489504341 0.371451562427074
-0.258076624770825 -0.229950733665694 0.332419441055963 0.559604786218234
0.0289227540045549 -0.0428150591365176 -0.395457587393393 -0.531086409517444
0.0478988203749247 -0.0789413780989974 -0.169458084188485 -0.402874297544519
-0.0416590485728226 -0.0961649371375535 -0.218172771534301 -0.325760810086006
-0.0731406273951568 -0.0101984169817178 -0.354601722322291 -0.0102188342886379
-0.0425033580343613 0.0893253414716926 -0.0359703846235678 0.179639542333838
-0.0163195976946731 0.0594809707858384 0.335935498788036 0.0250698583312482
0.04150436623226 0.0359841118845536 0.531968596155984 -0.218372682413289
0.0511800272882081 0.0407384038378692 0.558374150503449 -0.368980091461831
0.0367103192208222 0.0359855176369192 0.603154264580007 -0.406517944366635
0.00563636618971606 0.0635556039155475 0.646564480129095 -0.338112670724902
0.0165965017461221 0.0835286976712753 0.571045497109255 -0.126293335016059
-0.072287478897668 0.0530747002602308 0.352102959989671 0.0164429261737101
-0.115477617619366 -0.0213654662434456 0.0442833505229399 -0.103914501736223
0.0208747420658837 -0.0782288752106936 -0.0389100531330915 -0.235657191995176
0.0535847918152207 -0.0472941494079537 0.068225197777011 -0.542922628565597
-0.14972505159819 -0.238569260385213 -0.330503193909302 -0.524122046553143
-0.154991465414921 -0.179134859572289 -0.0926020342864773 -0.401912300158084
-0.211911994906871 -0.0900093763783129 -0.168849760923845 -0.374538357112762
-0.185922912835814 0.00570024061607457 -0.357136213346054 -0.0626126523549261
-0.175678651040115 0.076178957503414 -0.0627122601813395 0.161843427778345
-0.178434594223081 0.103113073091427 0.312407709259507 0.0585732075719789
-0.14445316441487 0.141667752602303 0.51745277435785 -0.169092277942922
-0.14748349751907 0.16714934441493 0.529665727816123 -0.321212394705003
-0.17551775656563 0.18888141821341 0.559015201319206 -0.374141441620452
-0.275173853340512 0.16307423236755 0.619431096332663 -0.333979258410033
-0.279259122901609 0.0744893137563308 0.562255155328963 -0.158700106639426
-0.320436063040437 -0.089958974091021 0.337806812675114 0.019729722457063
-0.279778581705956 -0.203384355870005 0.050433996408584 -0.0924897192345556
-0.0975126353429975 -0.286445082565718 -0.0364430779662639 -0.196717317252666
-0.0606115745636102 -0.292736274640532 0.0560135696451448 -0.440707176035425
-0.298349430154182 -0.421361895789209 -0.227062282250221 -0.444168308690021
-0.33718550994174 -0.295345861842766 -0.00937831808226272 -0.406394267806673
-0.374062904470422 -0.108900777209624 -0.164454556910545 -0.414049606196646
-0.313468796494984 -0.000604302607805919 -0.362791131070075 -0.0759257397588953
-0.322784964257624 0.046677657722593 -0.0762559048105821 0.157147237645917
-0.340706366171243 0.13376170615166 0.263958483096436 0.0868812734130107
-0.323206851052822 0.231533534589908 0.427957013971167 -0.0998292224201289
-0.322448331524405 0.269150892584847 0.416853840043628 -0.223929805071389
-0.344092434779023 0.315393579950973 0.437271367096879 -0.275691131228279
-0.492558315487648 0.261218178505672 0.499686554588146 -0.276735101373342
-0.518317367019711 0.0973325328348133 0.465625660832165 -0.176960456882905
-0.528812652043921 -0.160226105214541 0.291384860702622 0.00956654444973443
-0.436504231392019 -0.300976554825721 0.0922173059778731 -0.0666419308635393
-0.235780243676765 -0.412224281644608 0.0119469945431295 -0.101207763735593
-0.192007317499262 -0.477639774674988 0.0635677748938735 -0.256348597537103
-0.381819125740846 -0.55023793379407 -0.108732078207328 -0.293421730358097
-0.43935407643051 -0.392031257698502 0.0599625697855785 -0.379436668790847
-0.466435585498672 -0.168495585894873 -0.183107514685568 -0.41288541153977
-0.432417047172209 -0.0662907378197147 -0.362896785227543 -0.0596243379533895
-0.483057027598826 -0.00813197609570304 -0.100014609061624 0.153773151177135
-0.49020256201643 0.150469031434063 0.168560365610914 0.112948948200748
-0.469116953505601 0.300291729242703 0.267223084090335 -0.0104427564154385
-0.446964964946133 0.331878441889457 0.241413503364091 -0.0878461283790139
-0.445658397702613 0.383670834822953 0.262112688001545 -0.132336932370426
-0.608818569285302 0.312855644508834 0.320827814793437 -0.169839529122956
-0.641365637103875 0.111586537027792 0.305899949752049 -0.161837257969583
-0.620566356382876 -0.168360664201725 0.224637649119768 -0.00324862403295217
-0.517931287819562 -0.291380915360225 0.164874390781773 -0.0352852416264496
-0.357140422338405 -0.426099515378343 0.107946747008583 0.0213695599583026
-0.315618795330006 -0.573730927895591 0.101742206299045 -0.0321304347061738
-0.391329627846182 -0.595988152813013 -0.0114184451077829 -0.0879956604311428
-0.425149348809895 -0.446125446102507 0.0908071673111912 -0.279872368567107
-0.455223739139313 -0.253010489999595 -0.190666407003106 -0.337105758084788
-0.505626144831724 -0.179838481874042 -0.334411653258457 -0.0409307369074517
-0.613184020277168 -0.0777042411995122 -0.161566424486434 0.126559645181024
-0.593558443517476 0.155468630897788 0.0108179282199423 0.138524613257628
-0.552461347252762 0.338352120458307 0.0499070248176364 0.0959087280776095
-0.505023779551133 0.345100517463267 0.03295960472951 0.0621795700104714
-0.478016723466544 0.374890807843459 0.061061517070243 0.0222677116143745
-0.61023600814187 0.279407935930028 0.116974901742196 -0.0488389892747096
-0.623431209426707 0.0741901193551799 0.127636035597936 -0.130075161882321
-0.553307987841822 -0.15080544160876 0.169191505287586 -0.0170199045576472
-0.490747377167857 -0.202765434750184 0.258471041612136 0.00762882259759404
-0.419640627172611 -0.347371052829575 0.217414413764474 0.145802878563546
-0.398476586523391 -0.578606311181122 0.164149283186657 0.18872584506238
-0.34276526729083 -0.55177737885816 0.040851447535179 0.145915781598097
-0.326270143144306 -0.429496001112414 0.0843641723571511 -0.0969120572804605
-0.356681550150057 -0.309305938572506 -0.156802144863001 -0.206184779946336
-0.495811049705811 -0.266765316681263 -0.284142191726477 -0.0480550976264251
-0.645984212189506 -0.128868872222334 -0.267052841840766 0.0784200159343942
-0.604235987277112 0.141512630866922 -0.198353476705137 0.170574315175966
-0.54915654398105 0.333246472955483 -0.190950600100357 0.210871359428281
-0.486855193791964 0.305441608868214 -0.177751004260481 0.203625092073914
-0.437811584022272 0.298663773465977 -0.139926222309652 0.148712187565772
-0.515200891727182 0.179679860917062 -0.0751071600234018 0.0394508646563127
-0.484465005871896 0.00325830826072014 -0.0137177611755459 -0.119297682408845
-0.372642596642072 -0.113973790810842 0.159284010979662 -0.029528242340417
-0.381429227185559 -0.0804685467169197 0.348623529265439 0.0759754328644567
-0.42169188476202 -0.227373404827837 0.290841914473376 0.252533876207686
-0.422423427868867 -0.508410270537553 0.232834913713802 0.370499630430887
-0.262262093011392 -0.409941462290511 0.0488952925538658 0.366717055508893
-0.199702647322909 -0.320269696686067 0.0608075272541331 0.11414044663905
-0.213533604981811 -0.271659273086626 -0.10305653931807 -0.0769921877508174
-0.386405535919181 -0.258904681809233 -0.244799179713503 -0.0773851968255593
-0.540539618382543 -0.134318828555601 -0.395891027418557 0.0365959554518702
-0.489397063885891 0.110729997151312 -0.410086952592549 0.215522295780328
-0.454134717265419 0.270955976651695 -0.405837626294681 0.319374962859637
-0.394879429160397 0.222054363280155 -0.358903395990241 0.313673232574742
-0.339804531451254 0.183518718987081 -0.313459427406112 0.225546404425048
-0.355713212867026 0.0603495977233986 -0.222668552467185 0.0667236065232097
-0.290967829695864 -0.0587577360417726 -0.0807987644150229 -0.138255832957068
-0.172601651298809 -0.0559745387609493 0.197260499539156 -0.0233354030947904
-0.254346746158985 0.0246721029105627 0.396212440481429 0.176372579686022
-0.364376808523355 -0.119936409985141 0.295415818181202 0.326909721785261
-0.373386416512114 -0.386522204345898 0.291894150832736 0.491956360028232
-0.164047747652874 -0.199836264268573 0.0317707151354882 0.523231798780118
-0.0810596195261151 -0.128517589565573 0.042816611552077 0.274129593300789
-0.0600332873448351 -0.132105080885586 -0.0611045215612861 0.00799738439350472
-0.189350624109553 -0.156551344330059 -0.236472826935146 -0.102388826184187
-0.311029923810287 -0.105475765233996 -0.504042856267101 0.0330410756662248
-0.27610878690606 0.0536230777256266 -0.563540672482444 0.271772404029922
-0.277757557727938 0.154009704110113 -0.551469485184779 0.400093432030801
-0.244006468850677 0.102566802432886 -0.483478404782166 0.379703210594575
-0.200821638230892 0.0609729272644047 -0.433711061800383 0.245189477864489
-0.175394512894895 -0.0320427692184839 -0.308855984778796 0.0444844836599149
-0.109422567758779 -0.0797718923762243 -0.079851014245616 -0.159811127952523
-0.0263524204101134 0.000918284905264483 0.248516334268644 0.0141170451690573
-0.131463667519474 0.0734995415044753 0.373941454253782 0.281295359472535
-0.251060216773312 -0.0408967807393882 0.241521824801092 0.359786035553114
-0.25772863820475 -0.221935036906855 0.33451705497347 0.547467990991701
0.00948283078111336 -0.0383043743559837 -0.593640965032613 -0.317457643740389
0.00964314818862658 -0.08622687628293 -0.33096141722818 -0.292555486514933
-0.0802965401757435 -0.0656052587826082 -0.341458486970026 -0.201480741620515
-0.0673017662466173 0.0251089618307331 -0.327092955988497 0.152047597822726
0.00309269484946597 0.0964498167686516 0.0494878957780347 0.185828352321863
0.00934780534855634 0.05927885278142 0.314715433310313 -0.122856076110778
0.0545706690522049 0.0153577924219235 0.387614663697115 -0.43409725943013
0.0630150502569334 0.017164506450731 0.341526787549461 -0.58369098148436
0.0529727626081736 0.0177330709977956 0.361608126482803 -0.639061342641042
0.0353572523033426 0.0542390362025948 0.430359986819856 -0.596100063386349
0.0525692497259218 0.0675785779672357 0.455965628184778 -0.366066167260284
-0.0389804141993699 0.0797264763527522 0.319019482917241 -0.141336747545058
-0.114743310361478 0.0293201476372311 -0.00860216433054135 -0.111803175088429
-0.0171226009032543 -0.0875116046254867 -0.12835651773246 -0.195112009779363
0.026093469801753 -0.0724446305162194 -0.168311086945942 -0.523855488868952
-0.234615183500222 -0.144263155345861 -0.542043531265103 -0.33711797561828
-0.215718268629801 -0.0913980242931985 -0.263799844757105 -0.321763028651114
-0.229850566870519 0.0119095942554408 -0.321258689689955 -0.257661036566918
-0.157685577035235 0.0868488485638591 -0.356721104185389 0.111433158686991
-0.120524685093838 0.140848266755166 0.0135382936459104 0.185719008036772
-0.117869465531746 0.166330842657172 0.307197292588045 -0.077923040624881
-0.0686034865063528 0.188787541786848 0.391575791961295 -0.378509079142238
-0.0694309119173798 0.218255665943871 0.331451038142209 -0.527658855371525
-0.0776264924019782 0.249031339774205 0.335267497049107 -0.592931630709875
-0.180405258362602 0.267911756573767 0.400362390137539 -0.58352294241035
-0.225594351129938 0.187280916463022 0.429017063818243 -0.404888009461389
-0.326467624599451 0.0590641312692252 0.308826933669842 -0.152174066950694
-0.343360683527498 -0.067596059997395 0.00716157091309846 -0.113272185504515
-0.216359562539969 -0.225361466988878 -0.100204345335826 -0.167302360082005
-0.19382671706214 -0.246844649351684 -0.120094538104625 -0.429986219398176
-0.444022747163746 -0.25282744862366 -0.423310504337695 -0.307411275280373
-0.429174970569813 -0.118749261518298 -0.194993316880135 -0.359301694517009
-0.382527577216292 0.0657446213130856 -0.335697220261997 -0.287024990926456
-0.270050988293103 0.134795296261505 -0.373837773112882 0.106184491467998
-0.262335277053893 0.175115414081244 -0.00309758047821823 0.191195911980627
-0.249782459298195 0.261291272023371 0.274467571507775 -0.0262484435564039
-0.192904131470197 0.345343571460211 0.336832228967979 -0.270370129594099
-0.187729074290014 0.387180784176943 0.272661159219296 -0.387624625235203
-0.180647019039334 0.437286801090446 0.265269984492839 -0.450189108756479
-0.338231424830007 0.451883707713042 0.311213872262638 -0.481485342704898
-0.437128277974734 0.311885558676002 0.328934072154511 -0.386687741831496
-0.547078941752593 0.0872093183249227 0.260493673581196 -0.15586244422812
-0.527752193240403 -0.0894392804596159 0.0577127051935771 -0.117163468775486
-0.397317096748955 -0.278990428454355 -0.0111742031795157 -0.108160006098087
-0.400045830994386 -0.355416545134245 -0.0207313086164779 -0.268647940321689
-0.573668953118668 -0.338944127403001 -0.256932213740222 -0.220504802767009
-0.56034676743143 -0.165239049136965 -0.124315272393006 -0.364811776528439
-0.487382360074243 0.0509663629320422 -0.361391511901734 -0.272366238903935
-0.400501321700947 0.125661407540852 -0.371819289005382 0.123931948664363
-0.429105633216495 0.191865699270441 -0.0297562389129294 0.201822886248694
-0.378550554021148 0.341494144558969 0.19918449856037 0.0416411006474156
-0.296507714436529 0.468696637364874 0.228237020165615 -0.11288491243725
-0.278250957588599 0.497049782615835 0.173707821016983 -0.186428944388605
-0.247492103054575 0.54227366327171 0.169021888270177 -0.243031127182629
-0.422623840268346 0.549194334909798 0.194273633440596 -0.3067839847961
-0.547504911920604 0.379490008753259 0.188007782877818 -0.306943577112707
-0.63314634722763 0.117178758320269 0.191743321063626 -0.143218559016355
-0.596962444402607 -0.045010643049346 0.134461980913505 -0.125039946054386
-0.511239734436065 -0.235564918156266 0.127054767662661 -0.0440209978749441
-0.559153194197512 -0.384434983068951 0.118702088072855 -0.0851855687806699
-0.601580809321477 -0.382539767451599 -0.0814468998247573 -0.0753921549656205
-0.569389689589285 -0.218907384612796 -0.0534910954664378 -0.287654750846957
-0.510784023689861 -0.0313524775606709 -0.338138500104643 -0.201707986283715
-0.512528100681032 0.0541337296751277 -0.344986255518808 0.126609526780769
-0.576592849128562 0.186125315927127 -0.100271264465793 0.208353756428334
-0.469811612365722 0.389233337384563 0.0661598345608407 0.135710724398454
-0.355124865745299 0.54037626584465 0.0758372166752583 0.0840480590514405
-0.325807244317934 0.532058645278735 0.0518843676111505 0.0425844105771587
-0.282081725647803 0.546836229599513 0.056980882472946 -0.0136516230688969
-0.440023070362705 0.520460806327759 0.0653263112644505 -0.105387336097383
-0.543913073655415 0.335562739521594 0.042268264960163 -0.198210264782149
-0.563661081720472 0.103833745330776 0.137475496382586 -0.127357430356409
-0.530232599983478 0.0263003922132761 0.234106931112163 -0.128571289159072
-0.532763442026296 -0.131111034413143 0.273815854275647 0.0185715525116997
-0.640278384956624 -0.348517771347827 0.272857025090097 0.0863191324440158
-0.536915263951571 -0.363347885817109 0.0688850578058639 0.114881294322666
-0.47407373639425 -0.248074073677956 0.0206061952029796 -0.119705981728234
-0.441557921714734 -0.126629688149303 -0.252150083497521 -0.102162008829219
-0.540631657218052 -0.0291994368893782 -0.304395870089586 0.0952645855316638
-0.630933071386877 0.156583511907135 -0.219919091339673 0.210028373534537
-0.482240345087716 0.383899782247989 -0.108273934881068 0.257726626234288
-0.357095496104926 0.533690716111461 -0.0916107178280936 0.296556558091746
-0.324861936308394 0.4875068270555 -0.075465738976679 0.263261156511369
-0.277568180800442 0.460731650160171 -0.0662653247034688 0.191409043035247
-0.396480811496682 0.387399119181137 -0.0651023700632416 0.0603801307711315
-0.448041035784811 0.208756644147032 -0.0751614809382774 -0.119831933424773
-0.382188918406302 0.0564707221989541 0.126826626160946 -0.123675068963581
-0.375923140869574 0.0957074794379711 0.341316766082863 -0.102821230322348
-0.480835109987562 -0.018171589909024 0.378790394275713 0.0849999811330442
-0.628730618360929 -0.271915155412709 0.410767731523481 0.220842998856112
-0.404765083914956 -0.271083212772145 0.179488002126909 0.313061574152409
-0.311806504368377 -0.204926892929716 0.0963572831194265 0.0814750177081443
-0.29600953329519 -0.154741585117409 -0.143195272424631 -0.0153341635117755
-0.443348048285243 -0.0681127073302733 -0.279901062095298 0.0454910411227601
-0.5389516441839 0.109018616733823 -0.353087998830292 0.226366348182386
-0.393394732409209 0.310365302034117 -0.278336639871047 0.38977683502431
-0.296721503766997 0.437171382070391 -0.236413008574619 0.488945467565961
-0.273650742058377 0.371758066420376 -0.188195949051495 0.445067301613254
-0.23781805626035 0.313081931523325 -0.186664176464486 0.339220828990876
-0.301902285916366 0.207671591043973 -0.179521579025076 0.15347350224129
-0.295044647645841 0.068151841149844 -0.13858665787435 -0.0993932455753091
-0.172089675806711 0.0225155362492824 0.167777510956399 -0.12283178611075
-0.213350768144816 0.140492852886329 0.426794261589522 -0.0288160174471096
-0.383080171481554 0.0584441765592066 0.408341297808188 0.153275934086424
-0.527469195073469 -0.179163928496091 0.509458665858979 0.309045371311153
-0.227698861369586 -0.119297157757635 0.242440582046541 0.465759440520103
-0.124043455230287 -0.0844741954440731 0.156359843095449 0.232826351367987
-0.102420152276033 -0.094638040785665 -0.0591486185135098 0.0367673463723114
-0.227401542071463 -0.0580682964366063 -0.273715547631905 0.0140980422866571
-0.31973321772796 0.0412184357054434 -0.448375365392044 0.265133342882686
-0.222012196885103 0.168677438307699 -0.390424625291231 0.503082160708187
-0.185916620030772 0.257674940034257 -0.327235153451699 0.62023101873593
-0.182029682806303 0.197785491364534 -0.269757258999607 0.559681194658702
-0.163027398171209 0.140813113696423 -0.284562720770896 0.413363071543179
-0.175942071833308 0.0456748402011732 -0.260932005850376 0.173984364003132
-0.135505471948693 -0.0287353104572749 -0.142448195296261 -0.112690054205003
-0.0139550396447089 0.0117738224748829 0.232780993819678 -0.101565197479438
-0.0828446042360973 0.133962214670603 0.45339586942948 0.0806643982060381
-0.24619184451852 0.0805576438114317 0.369988963924596 0.213273164986669
-0.341582832797487 -0.0805203742494021 0.562474377940198 0.345386254935203
0.0103284549485088 -0.0388503327409568 -0.622330450797874 -0.301297536241583
0.00651644697734607 -0.0912508661791844 -0.346597711205652 -0.288556010207444
-0.0870820262641304 -0.0658585130464736 -0.353830096960506 -0.196980988511175
-0.0703928286377296 0.0281981775627534 -0.328384113821668 0.169444563193703
0.00776556049502822 0.0985382864051146 0.0566190961519697 0.192713228634227
0.0121951827497359 0.0609535814835308 0.316834630395729 -0.135619477261509
0.0574905500912523 0.0132095384330175 0.377477060676123 -0.460743318303786
0.0675329746148789 0.0147570645543631 0.327236995965158 -0.608191739783812
0.0566397223945224 0.016723079069897 0.342950678249812 -0.667344395149268
0.040381643084346 0.0546875962402092 0.414754182105202 -0.627988514644802
0.056433707278031 0.0668062570038321 0.452931252532215 -0.392485488123144
-0.038866081672365 0.085041865192089 0.321132578909567 -0.156579360029951
-0.115875587274155 0.0334939431438107 -0.0149293627407831 -0.107234504888818
-0.0235341097856586 -0.0918438975921871 -0.133536104654254 -0.194175576636992
0.0224871561370529 -0.0737838733455524 -0.192233299095713 -0.530303042585132
-0.244596755100585 -0.137236102389717 -0.572415019499224 -0.323850736298762
-0.224015668120448 -0.0856187432359945 -0.280059366186039 -0.321914178573969
-0.234219449338478 0.0225442658252989 -0.334015155368375 -0.255170508998434
-0.156955488114994 0.0949871837098683 -0.359809634742793 0.128328228097875
-0.114364284025746 0.147865351034965 0.0191966500420413 0.192500521612676
-0.113141822060083 0.173938426023043 0.310921346798207 -0.0887049939352193
-0.0628460469982006 0.19562655610956 0.38454755822609 -0.40395950934082
-0.0611074820178386 0.226534905416313 0.320462925040083 -0.550266631009351
-0.0687988769199401 0.257215142073226 0.318072882764561 -0.620966256554764
-0.172243376773564 0.282259357491321 0.384603513707705 -0.614071873195255
-0.223070127098776 0.199646837938767 0.422291224593045 -0.430380150013436
-0.333843234241091 0.0733821868834873 0.310785823752621 -0.164983334180639
-0.351601824843617 -0.0571692563862988 8.08155470865053E-05 -0.109398706213909
-0.230548860198464 -0.225436573240064 -0.105198372388171 -0.166982436914976
-0.207468106042931 -0.243213353025009 -0.137958151202648 -0.437506254813383
-0.466059581940626 -0.239918902766466 -0.448283086655526 -0.301361565980468
-0.443367765561965 -0.104067962779229 -0.21079490057765 -0.363691525818229
-0.385172862599278 0.084862701074499 -0.351698970406314 -0.283463427728986
-0.26595012765267 0.148331499700845 -0.37693877490164 0.123554576191441
-0.256585516821277 0.187805424253561 0.00264203684332587 0.197567150277586
-0.243948625038847 0.274550872660236 0.280574975628029 -0.0352111675101166
-0.184147947658125 0.360909757550701 0.333236896577325 -0.291768134659681
-0.178173270182751 0.404320550339329 0.265069648549266 -0.406058598646344
-0.167427092073942 0.454830406449193 0.253496075360326 -0.472131910253547
-0.327541570079271 0.477926736476161 0.300104684293547 -0.5072854490961
-0.43512162566034 0.335519138773344 0.317215732971753 -0.408035650170325
-0.557599750473971 0.110335734708697 0.261889863149529 -0.166781211392543
-0.53756328110067 -0.0708728148413145 0.0499245567382292 -0.116219637773167
-0.416132468358857 -0.273213841434671 -0.0135186460863537 -0.109543189381435
-0.421643526319343 -0.347269527475796 -0.0293833708114641 -0.275915180642767
-0.602597832651763 -0.322314624670008 -0.275517195017178 -0.21842789010383
-0.579485121495114 -0.144416508110012 -0.138560679326135 -0.371044524634768
-0.489339303256568 0.0766279099822903 -0.377565498414546 -0.265472452961814
-0.396255428992418 0.142552598687401 -0.375961324329657 0.142929750156106
-0.426478502413158 0.211612297445652 -0.0229438481532319 0.207000359920706
-0.372836775372313 0.36162403619729 0.206792984922636 0.0356067651732902
-0.286262184651807 0.491350920042901 0.227871594190333 -0.126873843414431
-0.266143130746343 0.5205818078624 0.17061970524516 -0.196321610839367
-0.233084132523787 0.563442930993666 0.162178880681914 -0.256708076918033
-0.410215310360495 0.579896354785456 0.185609084255415 -0.321682091396993
-0.542697525469826 0.406273136052063 0.174628940919514 -0.319464915767594
-0.645082250993041 0.144178673039329 0.19397343402004 -0.151232250170064
-0.60282803340993 -0.022629168405219 0.127206505379286 -0.130085616910636
-0.528417210775146 -0.222817803365742 0.12696383252135 -0.0485867497512146
-0.58561084793772 -0.371885452060809 0.121740984665669 -0.0928682968706709
-0.633359185185211 -0.364449157308699 -0.0913692096529296 -0.0766568606204095
-0.59102206631968 -0.19889333484262 -0.0655437629123307 -0.294337625655551
-0.513578930169423 -0.0081617458860462 -0.353095598734644 -0.193004651558973
-0.512175430625306 0.0720050946916743 -0.346582878772674 0.145066198885096
-0.578789151363511 0.209593093683999 -0.0926158439640927 0.213629059778866
-0.464531261704831 0.413389505847672 0.0749526287910863 0.135678232550578
-0.342755167576098 0.565840575819883 0.0805431480064855 0.0804625449505618
-0.314046746900682 0.557241658878203 0.0549237519526898 0.0421212128711451
-0.26861290980256 0.569370043989521 0.0567533891487075 -0.0178789378019302
-0.430415798250858 0.549935422763976 0.0617734969210455 -0.110127212568881
-0.543269631926195 0.361565177194186 0.0294239296776489 -0.200563372374634
-0.571345717975466 0.124446682035915 0.138263773783488 -0.132922086630101
-0.530101875259606 0.0492941161391135 0.228419471113549 -0.138642258865819
-0.545781522759771 -0.11466278600492 0.277711123512929 0.0109483876248175
-0.665927112397723 -0.328288412484432 0.287120861678434 0.0764554171449963
-0.566380477061131 -0.34620867535518 0.0714963073248484 0.113418657446107
-0.493250702833677 -0.232238612488427 0.0168857033060992 -0.124312859518338
-0.447577158437651 -0.110374560070141 -0.26154568438222 -0.0927044766990666
-0.547247151139612 -0.0133123485116449 -0.307106463429765 0.11095132091593
-0.636505885045424 0.180458913324238 -0.214444814580183 0.220037083787439
-0.480347040656826 0.409049076055995 -0.0997390308855822 0.265627522527983
-0.34463337833359 0.559570695775197 -0.0808816502275917 0.304740041221311
-0.315001747849884 0.512950268716997 -0.0668171112690208 0.273935566771977
-0.269145600744193 0.480014206000185 -0.061999479631005 0.196871408552377
-0.390866410255665 0.410577418929867 -0.0644103084458445 0.0652496577393271
-0.45040710839682 0.227335503624269 -0.0875094663577463 -0.115857813215485
-0.383970941882143 0.0696375919030719 0.127068654333574 -0.130947293230187
-0.368846136296019 0.114754929601263 0.340176098417133 -0.118810591392699
-0.489501385487793 -0.000252844988448474 0.386685488034308 0.0760963303577283
-0.653843547652376 -0.250590049737468 0.434017115409106 0.209647263001233
-0.428534385472441 -0.256784697636737 0.19324338134542 0.312163287618855
-0.326034984509975 -0.194647108430453 0.102033797066417 0.079603641814524
-0.300973415049329 -0.146857472587052 -0.146777831926992 -0.00757553361173955
-0.450028216566571 -0.0554114548795857 -0.283967782352242 0.0582436452303851
-0.546590406954655 0.131521472851766 -0.350149365619572 0.241635129865536
-0.389339454872062 0.330000600830195 -0.267924011174117 0.407384572242664
-0.285034972498227 0.459507175236595 -0.220334993739589 0.507910275545481
-0.268497540191302 0.392251976038468 -0.175505651987649 0.463394298108166
-0.233517987673647 0.32812714754458 -0.17951536528269 0.352538597272907
-0.300958222260662 0.222369845765899 -0.177883536508668 0.16390085557657
-0.297454168681683 0.0780356734406994 -0.150073606618992 -0.0934350457632737
-0.16947963605569 0.0276406547956196 0.169442811987935 -0.134194987416342
-0.204165657153553 0.15604955577542 0.43232868436153 -0.0479795909730171
-0.388311530646747 0.0768035206743166 0.418074830550312 0.146085630994336
-0.547164149693248 -0.160123310575989 0.538908265583969 0.294935501152573
-0.240257657341923 -0.109480434009888 0.264570118447007 0.465638662306082
-0.130607794585432 -0.0791235050824503 0.169196064392692 0.233838755505964
-0.102341737343602 -0.0939751978234605 -0.0589358314914468 0.0429596663526467
-0.23144625762259 -0.0532477375009998 -0.279492934769072 0.024535812774806
-0.326807275924233 0.0545128200543923 -0.446866516269682 0.287010115223286
-0.221450319363418 0.179941583084503 -0.377273845185548 0.527546157078185
-0.179199386568934 0.271818388159808 -0.306582866963862 0.647077120062443
-0.180970824443475 0.210097220576277 -0.253331218204661 0.582979759195924
-0.163205075124468 0.149401981021441 -0.275247894402914 0.430961051193176
-0.178474571770794 0.0511367908097992 -0.260405922539872 0.186913335840494
-0.138181067612047 -0.0262736429333266 -0.151136935262278 -0.108688705891117
-0.00900306791668978 0.0112075439180477 0.236697684262787 -0.116703691337209
-0.0746794296433471 0.144963806689084 0.465379886174474 0.0620322040728746
-0.249349595273463 0.0937057520520912 0.379729664363301 0.20853803706916
-0.354367350388192 -0.0667919693303604 0.592600815745612 0.331598993595685
0.00919240708144867 -0.039632990305891 -0.65202311079453 -0.263936074532376
0.000208131410125226 -0.0950003847537297 -0.366025567927333 -0.271441867013161
-0.0953684746941516 -0.0622130541014565 -0.366659722058138 -0.18165393339107
-0.0719737304404411 0.0330951521815943 -0.319038724930703 0.192333208888743
0.0150605967554275 0.0987906408818819 0.0686125352532238 0.195554024506565
0.015904587251879 0.0613796237396517 0.310741778953784 -0.154952996582192
0.0603587174419383 0.00946236032329834 0.350010415424491 -0.490731012729465
0.0716606480878946 0.0094652916136541 0.292990607030592 -0.634780243654056
0.060283957415187 0.0132931999444848 0.302803985170728 -0.697701689228067
0.0463747324628752 0.0528876565868109 0.376673375816637 -0.662289261824605
0.0612820086067285 0.0644068927284947 0.433411321506912 -0.427009345414029
-0.035601842484797 0.0900271505131638 0.313870978901976 -0.178249872365785
-0.115254798884941 0.0404010878364073 -0.0224834170856903 -0.100304962921236
-0.0317486664152788 -0.093496434327508 -0.143279698905425 -0.187721741998521
0.0181367581763053 -0.0746240604383279 -0.22792521726671 -0.524617316094091
-0.255025284029378 -0.120923821724542 -0.60368931691572 -0.291255278240652
-0.232225290490178 -0.0721227890973423 -0.300090414211796 -0.309651754728558
-0.233937747292434 0.0404083940215307 -0.349081719349931 -0.242379945175167
-0.150855494620507 0.105196319204312 -0.3540234453965 0.153427684512505
-0.102850054163336 0.154980657521521 0.0294860451656333 0.197146706954333
-0.10287685502237 0.1821206772339 0.308932976166267 -0.106947909650433
-0.0502557242042782 0.201180240188718 0.359801290012868 -0.434947855559596
-0.0457215066073481 0.232668997888487 0.288343948965514 -0.575521167987817
-0.0514144516330995 0.264330376318313 0.280439394956925 -0.645735287079394
-0.153269895654776 0.297949274294146 0.347681079446332 -0.646706712295557
-0.212300499020145 0.216255271400991 0.395261851788026 -0.46430709267743
-0.334442877071865 0.096862719213999 0.304413075268993 -0.185260896356392
-0.355558169652234 -0.036034020753964 -0.00896801039538419 -0.103256685493795
-0.248454990084236 -0.214690565316475 -0.113369144104702 -0.16214357891157
-0.223826986034701 -0.231474666131257 -0.167052230489846 -0.434365405207542
-0.48551987423637 -0.209371611755517 -0.478718177416943 -0.275087399207158
-0.45374102506055 -0.0751207410419014 -0.233594725036604 -0.355043448816816
-0.378758896296444 0.115083074226186 -0.371874360255494 -0.267940202289335
-0.253612031490557 0.165922112887285 -0.371593495004513 0.150579329366846
-0.241684903445849 0.203402975544743 0.01415729304435 0.200855252515642
-0.227816322996409 0.291607780942755 0.28270318032974 -0.0526213403483195
-0.161549771968984 0.375076320061986 0.316574339044599 -0.318822943316939
-0.153523219880415 0.421267920495474 0.242815069980247 -0.425850117515359
-0.139768393661165 0.467846213159335 0.222916692101561 -0.493604697361907
-0.296734531105494 0.506009241842879 0.267614270903138 -0.531895574937747
-0.416451341772393 0.366155291090449 0.289296455518334 -0.432216455458919
-0.557641585014916 0.148087625491261 0.256062412310692 -0.18237146417993
-0.540755469014688 -0.039453093714852 0.0396355368528722 -0.114293633335547
-0.435223101210333 -0.2492629937788 -0.019012391592556 -0.109952961049954
-0.446575100786561 -0.320544188671176 -0.044750325852828 -0.279584950190974
-0.629709800466651 -0.282425206141792 -0.298600364622559 -0.204357434787071
-0.593083865077726 -0.106187853165839 -0.162914082298913 -0.369096593368255
-0.481605753585899 0.113206855227569 -0.395893801728344 -0.246198264032426
-0.383890175606667 0.167279963392907 -0.368746279413107 0.169893919447814
-0.411394086850548 0.238251879958177 -0.00983854607525886 0.210335120590704
-0.351773459579683 0.38559324067687 0.213428447817425 0.0227011536698938
-0.256390522124362 0.513917637764594 0.220762547935173 -0.145702778323832
-0.235530805548898 0.544018968216095 0.161364331892016 -0.208277387105979
-0.200793681420195 0.583120985607932 0.14596929854846 -0.270287586729139
-0.374456288914134 0.613752137997798 0.166402626222715 -0.337796105771263
-0.522968685113657 0.444443435232567 0.150504382227885 -0.330208060617048
-0.642394114299032 0.184700784820052 0.188956147106475 -0.161959208305865
-0.60229128704402 0.0134683713207619 0.115252712555205 -0.133859037818631
-0.544804180221842 -0.191514430429054 0.124717411545751 -0.0556586991140125
-0.611725144392098 -0.334083234111558 0.120427521503971 -0.104565932946247
-0.665010836625141 -0.323548765853544 -0.10226255707608 -0.0729819835613512
-0.609993093158815 -0.160456319568793 -0.0840771824585484 -0.295348818297279
-0.508302652450613 0.0283686360311396 -0.366655893975294 -0.171945134467614
-0.504251579175325 0.101632467318303 -0.339830364742411 0.170883798619125
-0.566422428731828 0.244854969453001 -0.0792408305253793 0.218587711226697
-0.443203971551956 0.443597319131739 0.0867805641319954 0.130086405899107
-0.310157172608718 0.592650278754949 0.0872152700884837 0.0737976046047066
-0.282805893528919 0.585188497630878 0.0596588498579518 0.0404719132612011
-0.236328622263983 0.591146624916501 0.0545959015487133 -0.0221471387021621
-0.397334126410322 0.583789491312819 0.0542734082155691 -0.115529130395792
-0.525894750784525 0.399399849898341 0.0113212441773495 -0.200799039805895
-0.56851210570782 0.159690847981048 0.133825657787353 -0.141316649070672
-0.521836905923422 0.0825695313419068 0.216556755809326 -0.152329078203806
-0.553974401634551 -0.0810233085355489 0.278604423452784 -0.00468073238929107
-0.693176041211702 -0.285506252677914 0.299765655700741 0.0570366965942192
-0.598546455685774 -0.307831887853094 0.0748672198298157 0.108647341160244
-0.513080971012138 -0.200317383163536 0.0101492749099737 -0.127299670821426
-0.447883687252321 -0.0817787811248343 -0.2684864590651 -0.0753829362768249
-0.546976908848309 0.0154344305694068 -0.301690247821068 0.133303285409546
-0.630715058294086 0.219814906096013 -0.20102921852255 0.231256817288755
-0.457758616139322 0.442074938262133 -0.0816841518601691 0.271845410897186
-0.311383859147174 0.589307865443322 -0.0601192764311563 0.311706121639927
-0.28688965650199 0.541101072001497 -0.0492086183435137 0.281677282580326
-0.244655765823366 0.501921968954814 -0.0508730954744546 0.202201030065902
-0.368487935476509 0.439692032348945 -0.0619602945024547 0.0706468482390853
-0.439613290424398 0.255763374873909 -0.101149762578352 -0.107298301597304
-0.379872411699408 0.0914489104366232 0.122780867990083 -0.141258621424213
-0.353897161740063 0.141139103521119 0.331413298820698 -0.14126952095926
-0.490474629470871 0.0337786409834129 0.391912462208848 0.0553871751120561
-0.676007034873726 -0.208358576052581 0.457795644712431 0.182372464905104
-0.451763170358062 -0.227435512728368 0.211937237265307 0.301105758923177
-0.342384512811049 -0.173307186745567 0.109726104161779 0.0740467564470853
-0.304952434800807 -0.129881415835013 -0.146192580080127 0.00437080317067803
-0.453587611060457 -0.0334975198235867 -0.281843143443806 0.0776203337634111
-0.54500321708477 0.167338914695468 -0.336788554199214 0.262224849585326
-0.372500752148339 0.357442316501651 -0.243257916061609 0.426150635102029
-0.259082078634406 0.483793132681731 -0.187336266100766 0.525480793605782
-0.247339424763095 0.41516865735883 -0.147154396813925 0.479074052289188
-0.218557228501775 0.344786666635316 -0.158335041469438 0.36634528253966
-0.289671103050724 0.242953349347145 -0.169222267112589 0.177112113893945
-0.294440196055191 0.0950088992686636 -0.160983581645931 -0.0814894213709537
-0.16353854005184 0.0361122790155729 0.164757254558178 -0.15005500761346
-0.186280782559585 0.174676891577715 0.430179377231511 -0.0783163406673832
-0.386099346515204 0.105239180078958 0.42766018810975 0.124516232430153
-0.562628899013907 -0.122265072959018 0.569066799394522 0.262154471109309
-0.252771409139757 -0.0902201734226195 0.297183316041427 0.450892909640611
-0.137307939595307 -0.0691959509502832 0.188218757346336 0.226357102424118
-0.104040865402801 -0.0905305048902487 -0.0547543077419436 0.0493551478764317
-0.233723230039884 -0.0427942938218983 -0.280051161158057 0.0429756796611409
-0.328334422680727 0.0764496944958995 -0.431213878131702 0.314987027427859
-0.211845500217927 0.195076382221167 -0.346291504773362 0.555362363840255
-0.162233817616984 0.287132630334822 -0.265293101288806 0.674493674701758
-0.171239168315136 0.22567306745391 -0.218249735023457 0.604235148378499
-0.157345150493276 0.160798995977535 -0.251339837291044 0.451271488113891
-0.177701681902827 0.0620567082682212 -0.250706840999927 0.205112497679983
-0.140401382760518 -0.0200098799556919 -0.161297914680137 -0.097737941155779
-0.00303832647171755 0.0106648560372007 0.233452053984985 -0.137859555148437
-0.0607441970535037 0.155218612748165 0.472506492914161 0.0294622302038184
-0.246380690469958 0.11309807450701 0.392185989228793 0.191271219289373
-0.364035584862253 -0.0415126228469277 0.624998883232318 0.294810739944839
0.00695649893934888 -0.0392498902443507 -0.662310018644114 -0.211829092585764
-0.00696590973482176 -0.0954706977090209 -0.374622694421177 -0.243274329197052
-0.100551071255302 -0.0548967048090066 -0.370862630995268 -0.159182609836169
-0.0708898483920332 0.0380408219969731 -0.299019345189709 0.211107031794527
0.0218898715667654 0.0961989772464622 0.0798926194318908 0.191330873330292
0.0198911129217537 0.0609151147169649 0.293588743816076 -0.17092308732011
0.0603683460946584 0.00381370290818904 0.309211313940167 -0.505381171745354
0.0732110291427377 0.00290086882815745 0.246055719556105 -0.642461621502858
0.0617877634826179 0.00854975645026518 0.246970307448513 -0.703251140729582
0.0505096188774812 0.0487640710430058 0.32229973814416 -0.675858400721631
0.0646722965435026 0.0594047397808882 0.39808036364648 -0.449706265822946
-0.029806203861615 0.0938537410304838 0.296247918120977 -0.195479730247881
-0.11048167171447 0.0459172512014303 -0.0284465576034448 -0.0897841851747705
-0.0398766210692808 -0.0912084420040133 -0.149091514486489 -0.176169704052968
0.0134478492461996 -0.0733129601724229 -0.258777238320948 -0.499881844861801
-0.257147803675866 -0.105640857619639 -0.617816592674402 -0.24233569329876
-0.232886156881792 -0.0549721258960354 -0.312242581373351 -0.286423610296494
-0.226094518019031 0.0580731635656308 -0.357009452042447 -0.219668585155434
-0.139357264709904 0.113477679298066 -0.336144718591512 0.175071064630847
-0.0877275090020418 0.157178943547767 0.0402856739040002 0.194449927811738
-0.0879922598765388 0.185743800713603 0.295861228798221 -0.124556054581373
-0.0350195787475853 0.199908398036027 0.321948969371045 -0.454341193219428
-0.0269966490626554 0.23088933049207 0.246214488341719 -0.585699380554576
-0.0312640598138614 0.261767719405407 0.228776879520084 -0.651290216873115
-0.127782039523105 0.303496441198314 0.295851019213858 -0.659074125004255
-0.192870272952241 0.22681435298307 0.35360622307746 -0.481926856445043
-0.323644407074882 0.119654324585113 0.287936920325986 -0.201278031073318
-0.350001544098259 -0.0127009239077886 -0.0161650792990357 -0.0927099138381123
-0.259179267181421 -0.195545477117081 -0.120019613656597 -0.151501367891585
-0.233883339058455 -0.20998681305715 -0.190185955104529 -0.416289375309205
-0.490427304940623 -0.167999040706313 -0.494051556624744 -0.237415395546228
-0.450488551984462 -0.042392091239516 -0.251037630025519 -0.335209108902398
-0.358796265731721 0.144433930005097 -0.378872337954222 -0.243080747718027
-0.233156302792147 0.178580480656483 -0.35451840466949 0.175124129625808
-0.219269463633327 0.211477174225517 0.024864805881296 0.196700205390521
-0.204071070863434 0.299577705548084 0.275130657954009 -0.0696092053993684
-0.133190623558273 0.377947818744743 0.28755917282913 -0.336166817874685
-0.120299670249255 0.42291224356477 0.210547660703738 -0.434389396447239
-0.105380566284248 0.468606443969305 0.183038301558421 -0.497972492161042
-0.253497560965857 0.517194575066495 0.224830091757526 -0.540801491046375
-0.383874245080339 0.387472567265312 0.251214289302333 -0.441725041958795
-0.539751351763642 0.183449377795723 0.242537626370479 -0.194563479897222
-0.529252281691168 -0.00450861109251381 0.0295050361526122 -0.106972507871942
-0.444098276111027 -0.217651116838938 -0.0250736823039521 -0.105789364178083
-0.459008538809574 -0.28289522051338 -0.0603508988669608 -0.272853793255845
-0.638126279270069 -0.22975953063583 -0.313026995264048 -0.180417636754082
-0.589844409883217 -0.0610853768291992 -0.182498385380329 -0.353338545634959
-0.45763362957561 0.149210780926085 -0.402545219803012 -0.218613509851541
-0.357570461017532 0.186697233192431 -0.349592658190155 0.194008887591957
-0.384290628671985 0.25523363449468 0.00303205076433407 0.20572815057691
-0.320332878682007 0.399214058637647 0.212969425253962 0.00637499764984276
-0.216536947387331 0.520428221927251 0.20561280033755 -0.159772516902714
-0.195118720985773 0.552321021000602 0.146681808830805 -0.214832429295794
-0.158780517659292 0.585065911413173 0.123473034095759 -0.274279910775421
-0.321320794921073 0.62683345678813 0.137926405630918 -0.343670268009681
-0.483870105142465 0.469538333609393 0.120349479950413 -0.330936173217669
-0.618325795763155 0.224795896803574 0.178015487753716 -0.170361110703532
-0.583823557899142 0.0509131153262417 0.1012341154179 -0.132983098722687
-0.544939314374709 -0.153607776191756 0.118313719422745 -0.0620053066137159
-0.62247184866606 -0.283561775275259 0.114250552570863 -0.11347198421059
-0.676389639392952 -0.267968281797302 -0.111276063218691 -0.0647821839248615
-0.609164791819502 -0.112203165672078 -0.10050799608166 -0.286237367903296
-0.486998180147639 0.0652951073869055 -0.369337749115587 -0.144738262223065
-0.481232573604818 0.128118049058473 -0.319767133455816 0.193415691115235
-0.538318818027425 0.274436591942811 -0.0630879485856505 0.215779728134495
-0.404532886100048 0.463562022064325 0.0953600167478298 0.11874558595038
-0.263780065483481 0.603007802927593 0.090570824337659 0.0646793801679532
-0.239155717488852 0.597468155624736 0.0633366667379677 0.036134482790327
-0.194383667196276 0.596229621000769 0.0507483705601546 -0.0252999914733705
-0.349400917685361 0.599281936034208 0.0449415020265895 -0.117305288413055
-0.488940115449952 0.422738627915138 -0.0070788806896869 -0.192240001965468
-0.545678817187322 0.19273233656104 0.125152737504318 -0.147499669878308
-0.496806653172396 0.113166921877644 0.198390692732111 -0.159218930936789
-0.546409149622524 -0.0403039034733021 0.271731425814869 -0.0202975386991275
-0.696580033205141 -0.230559399118874 0.301847705411334 0.0321979335591373
-0.61006785934951 -0.255345664043182 0.0762517393276999 0.100641602321456
-0.515972888008968 -0.15728367546712 0.00315503831000575 -0.127245863959814
-0.435312054782291 -0.0481887636899009 -0.264913050800134 -0.0545088529967458
-0.52933357330386 0.0462515875424959 -0.284547760585243 0.152237781411642
-0.603405291968708 0.255162503587155 -0.181372349477505 0.234830955059946
-0.41895502837021 0.461899934067339 -0.0610664694559658 0.26853356324475
-0.265424662984977 0.599475682786654 -0.0359938953578437 0.30838765238208
-0.245969558127662 0.554719917802586 -0.0276993010361187 0.280738985946676
-0.208204866861365 0.507883841088075 -0.0370065469247287 0.201437646374645
-0.330364038096272 0.455152736283148 -0.0568086535395867 0.0730506285717948
-0.413724229714408 0.277584279849794 -0.110348151897522 -0.0937559587172359
-0.36229380671599 0.111466862008737 0.112217725497262 -0.148436401405686
-0.327454914098247 0.162873926130481 0.311689208500954 -0.160898950634338
-0.476647703422208 0.0693936682288278 0.385976887637743 0.0312084710145616
-0.675918210484218 -0.154016588326852 0.465899236520791 0.14457774894056
-0.460695486825789 -0.186247470616604 0.226199011301157 0.279493969251386
-0.34670149211056 -0.143396758276724 0.115505028478046 0.0648867373926224
-0.299846116176836 -0.108503561934618 -0.139911420038535 0.0153745337053957
-0.441977231397441 -0.00796241141246383 -0.269294820101357 0.0946812658686476
-0.524647037098569 0.200026672185596 -0.312767938198972 0.274969894468789
-0.341867089295025 0.374282636835216 -0.209385933249618 0.430768353055241
-0.217881593162018 0.493572505031176 -0.145751860873067 0.529254552882292
-0.216253478650936 0.427950551176745 -0.11106353407944 0.481003392224076
-0.192863686709858 0.353242617002368 -0.12950941097405 0.369760559887426
-0.268114651265477 0.255959827317726 -0.154820237968792 0.185448789906744
-0.282237829651945 0.10993929987249 -0.165900341516936 -0.0654417441880383
-0.152686424365317 0.0432871051513335 0.151966740977296 -0.161925450076893
-0.161234671061243 0.186318751166376 0.413092177453317 -0.107135861552676
-0.370447010866215 0.13222796686375 0.4258446065947 0.0979252458378805
-0.560762975491987 -0.0785535106762019 0.580904868532015 0.214506864509304
-0.254885077633523 -0.0666397293899183 0.32011790832577 0.421604112423171
-0.139428144765629 -0.0561211970837517 0.202078147968199 0.209335621318113
-0.103209512784673 -0.0850234190800347 -0.0476028929294299 0.0534530842086349
-0.2293391073007 -0.0299105073370071 -0.271805001539488 0.0592860014419304
-0.319626262057801 0.0983648542883738 -0.40050291253434 0.334608002008515
-0.19513666546322 0.203970077739942 -0.302861952466976 0.566575670320008
-0.138160428231845 0.29329083508038 -0.211807854788148 0.679604361510727
-0.154207408105352 0.235125784904653 -0.171159365589295 0.608888162762739
-0.145456298191516 0.168344436169433 -0.215801175614532 0.458592077533973
-0.170536302855867 0.0710246435055859 -0.231659589249343 0.217591448158629
-0.137983101033556 -0.0121791945356732 -0.164955947503018 -0.0836845301295747
0.0030166829926761 0.009065076480431 0.221009978601785 -0.156616846492995
-0.0431577655248348 0.160466812471485 0.463872023563962 -0.00596465664745842
-0.235422307583691 0.129943685676245 0.393901246020256 0.165309438389856
-0.359952895095106 -0.012696981712215 0.637856371980091 0.243891878034183
0.00632465438710518 -0.0374065066255789 -0.649831875005888 -0.167766851836118
-0.0119837274964483 -0.0934631829380662 -0.369846868126726 -0.217739315518861
-0.102105712666065 -0.0474919569761429 -0.364139336382653 -0.142692339293059
-0.0690337284247552 0.04071295979462 -0.276448953093123 0.217057669750144
0.0261053696918831 0.0916993600000739 0.0846884430299894 0.184984873228105
0.0219430767974904 0.0593116794247205 0.273244249199768 -0.17509206926023
0.0584436289079722 -0.000346510833710561 0.270232522202991 -0.502395137592117
0.0729525540332755 -0.00340456367276851 0.207526723499796 -0.630060355954777
0.0610751598111201 0.0049084162312691 0.204229335044854 -0.685687131786712
0.0521889300641995 0.0452244104014519 0.278048585143532 -0.665871305253059
0.0649471073501286 0.0540449493857457 0.360219503024526 -0.452722767274706
-0.0255599861440069 0.0940503783110889 0.275918837907769 -0.201496416305243
-0.105080932508595 0.0491597510830893 -0.0292312506749315 -0.0785471104338002
-0.044912311782844 -0.0874173082924229 -0.147664258757532 -0.16358631423162
0.0106647883424658 -0.0705699630654818 -0.273088503754294 -0.468811644559116
-0.252009298819198 -0.0872483375668412 -0.610378909434044 -0.202127254645049
-0.226769375123203 -0.0421465209111494 -0.310552330144793 -0.262274398538527
-0.212783785908521 0.0684458556836852 -0.351238702544448 -0.201076289039923
-0.127517825629239 0.115253099284356 -0.314621354104519 0.184643489196488
-0.0745042421888378 0.153554386836389 0.0457570898669183 0.189241504351506
-0.0760962481630165 0.18322707234792 0.277854506898814 -0.132117034764136
-0.024177947983428 0.192293845785214 0.285161433176176 -0.451059692551655
-0.0132263953420539 0.222081956119665 0.211087062894547 -0.57439921225927
-0.0171749880572948 0.252127734918051 0.187770261382985 -0.635589647595775
-0.106013524392866 0.298832545117179 0.251567419666863 -0.647477479462404
-0.174469173613898 0.226931661905223 0.316416885656809 -0.480576470729189
-0.306997640674774 0.132137558825312 0.269300861446615 -0.206132938962865
-0.335775891445893 0.00244782838526022 -0.0189084107195838 -0.0811730855678183
-0.258664289041371 -0.17705193753176 -0.119262814799726 -0.140602947416176
-0.232665044206614 -0.189599550264646 -0.20208589978639 -0.393972442983992
-0.478151368773872 -0.135114698844352 -0.492439940237063 -0.202901361853965
-0.434969958190595 -0.0183371355171749 -0.254611878428408 -0.314655548436206
-0.332116767086223 0.15835938678754 -0.37309620428718 -0.221462606036696
-0.211513495936231 0.181643683741932 -0.331248665656158 0.185674665953771
-0.198066002678245 0.211093007518393 0.0302704676563341 0.190460419946335
-0.181208043639252 0.296884556140647 0.261396433477097 -0.0799462578971128
-0.110531542409699 0.368756794186257 0.258870465265858 -0.339001385729944
-0.0948470501416438 0.413840599864745 0.18411688635134 -0.427582115419963
-0.0797288368156367 0.453776876516549 0.153532273178674 -0.485400090144321
-0.217820687825784 0.509071159655488 0.189470485911777 -0.53261619716722
-0.35102027229074 0.389818640703974 0.217993765770324 -0.434450906305778
-0.511359667868587 0.202430975174939 0.226924398337369 -0.1979439047265
-0.50570606311368 0.0173226756622239 0.0230266520401063 -0.096637216406882
-0.434662577366799 -0.189740089322454 -0.027972320587714 -0.100132217949404
-0.451076318376855 -0.247647648134015 -0.0692801745215399 -0.263407052498395
-0.624968150337275 -0.186402787438616 -0.315343921608045 -0.157628242438222
-0.57083289128457 -0.0284703041248032 -0.189366391765842 -0.335224963825525
-0.422375673165831 0.168423152147726 -0.395289838809749 -0.195220188389042
-0.328963461317289 0.192928150935506 -0.325529987540645 0.205000790987643
-0.354787308435067 0.258584205759634 0.0096636691753013 0.197007332112464
-0.288326236536858 0.396692057638273 0.205222527700323 -0.00625030441196455
-0.184548939931532 0.510332268059866 0.189939823160389 -0.165655138824452
-0.161063125814368 0.542312646309295 0.1333178454926 -0.213074572612648
-0.126130661850243 0.568588196503603 0.105108632922005 -0.267800280629173
-0.278841055257522 0.619865323357328 0.115284965845895 -0.338212866084519
-0.44150175342737 0.473024563726631 0.0970167465887791 -0.319200377235576
-0.58541445937645 0.243792516361638 0.166977305857237 -0.171865313917672
-0.551754245842288 0.0730031215578112 0.0898984447740017 -0.126101094605055
-0.528819565755055 -0.122631257387119 0.111060061315123 -0.0630971784697531
-0.607276805631915 -0.240664195786818 0.106605760123208 -0.118250289653924
-0.663437409316441 -0.219388871004557 -0.114735320814708 -0.056969107830638
-0.589699748276947 -0.0765408559045445 -0.108191137293032 -0.274762503939859
-0.452897453578558 0.0886346334072209 -0.359560621800388 -0.124203620749767
-0.450838998134125 0.140190511872582 -0.296287399516245 0.202047901783049
-0.503580969409484 0.284050104857672 -0.0524695609160482 0.206985261948924
-0.366986128542591 0.463207073157739 0.0981678989536141 0.10600938343041
-0.225089253507477 0.592385876072108 0.0905616896656801 0.0556973403072902
-0.200935578215324 0.587277007354983 0.0648671145956976 0.0320827622358789
-0.161055521125333 0.582073981138142 0.0472236751221288 -0.0257845354314139
-0.306675807166848 0.59313875471767 0.0360731545464729 -0.115379704734763
-0.45127156980241 0.428644914278225 -0.0189631412687493 -0.178864483803544
-0.514499859262886 0.209190018715867 0.116363508682072 -0.148237214767276
-0.462724599197861 0.12902448971535 0.180145509318277 -0.158112788889433
-0.524151426888036 -0.0128862243958572 0.259269944806564 -0.0299721097536295
-0.67797052455319 -0.185874596968694 0.294594176077904 0.0137827002094958
-0.599768548427257 -0.211242121734322 0.0740809393970835 0.0927473234336725
-0.503210410694809 -0.12434049106352 -0.000627371758608644 -0.125792668303992
-0.410350469758728 -0.0274508270678211 -0.253892469918958 -0.0414543202574338
-0.501525853634242 0.0621911709581652 -0.263519528951078 0.160845598438972
-0.568273548126908 0.271554716653272 -0.164752484980383 0.228945172054603
-0.383069672255354 0.462105770337292 -0.0457574214701744 0.256857192612477
-0.225515718713052 0.588830905695477 -0.0185555916863529 0.296399624704825
-0.211047850413047 0.547397876283941 -0.0106152299632732 0.271048140652909
-0.181111165445805 0.497291706408436 -0.0264591689704066 0.196469437161755
-0.296819156890845 0.450887632855626 -0.0520571099126255 0.0733462522168437
-0.384702856896676 0.283092713637696 -0.113409703483455 -0.0797062874177982
-0.340881649861855 0.120920998544121 0.102707463005491 -0.149594007399296
-0.29527004810904 0.170523951056706 0.288664576206131 -0.167851882691458
-0.450746803909096 0.0902802663133927 0.370846348701686 0.0152936583245241
-0.65672073304074 -0.111337318082167 0.459501586481484 0.114352535679157
-0.453668503363658 -0.151107153186591 0.227417935253746 0.25713566130347
-0.339261397586855 -0.118043637935385 0.11627400078336 0.0547449627682242
-0.285614056975697 -0.0938181404683303 -0.129351021412716 0.021831877827179
-0.422445442300845 0.00631702905949872 -0.252485581159377 0.101980560509591
-0.496311222702663 0.217294149754759 -0.288008025283988 0.27387301181649
-0.31228209340566 0.375000448069089 -0.182063043249475 0.420219419571568
-0.185115418526491 0.48479832372307 -0.11218685539114 0.515462811180544
-0.188719903116878 0.425352282364446 -0.080618743131906 0.467153373778822
-0.172089432614258 0.348432799093924 -0.108451286590073 0.360967913831414
-0.246694683155659 0.256110725248255 -0.141066867625875 0.185932579974375
-0.265768099315225 0.116164409513621 -0.164077126108276 -0.0515975235600798
-0.139660114743017 0.0452428952333816 0.139063275150916 -0.166881140111174
-0.136341793101219 0.18877947185857 0.388862741625471 -0.123457853815245
-0.348739718442647 0.147676116707939 0.411058008622358 0.078378304347604
-0.542834662639989 -0.0436702720460579 0.573880292841778 0.177028310228145
-0.249046666981127 -0.0471307495580875 0.326010735872842 0.386805137301136
-0.136128535769864 -0.044718625538101 0.205924649212765 0.190574759783173
-0.0989094304548125 -0.0808338715031006 -0.0398521814260247 0.0540423645434813
-0.219861977479024 -0.022959456207619 -0.257544090179525 0.0682175777957382
-0.305093804207465 0.110926468278036 -0.369087198570265 0.336949266526094
-0.178905415684973 0.204579529874367 -0.264759574975537 0.556362114790179
-0.117199898828507 0.288745345919188 -0.167932483360238 0.660789877849788
-0.138264677540478 0.236339746545101 -0.135668413106511 0.591592228958962
-0.133666123636983 0.168727785907718 -0.186515767468306 0.450287151753533
-0.16162009417105 0.0744353815365254 -0.212925541085167 0.218611352035101
-0.132241070214639 -0.00708037567191309 -0.162056939967513 -0.0723037040583644
0.00845808221519823 0.00706254858567782 0.206041809725483 -0.165299682138796
-0.0272215358823792 0.159406105418685 0.443075396268048 -0.0290127919258943
-0.221346848764578 0.139358030810812 0.383433237818245 0.144408364566637
-0.346545188948398 0.00806540382051951 0.627723334229736 0.201164017986471
0.0116552764472045 -0.0278006581812862 -0.624998519560136 -0.183916642762094
-0.00759283447471608 -0.0879741019724165 -0.3487641874536 -0.221413715457889
-0.100685343851901 -0.0463634197310068 -0.343966699802247 -0.152544941390733
-0.0669259534061947 0.0385616431371315 -0.272198479779333 0.203397619740158
0.0237526357670214 0.08772996568182 0.0807356468989565 0.185373311275691
0.0174984083238022 0.0585830484092438 0.26578465763534 -0.15584539688696
0.0585888017546193 -0.00340389147493679 0.268783476301128 -0.47861404736872
0.0737434176590791 -0.00464591522126229 0.210248351136467 -0.60254070234154
0.0629444948755963 -0.000900771285283359 0.209707628303959 -0.657131682112156
0.0521583935178333 0.0402510393292392 0.274638610548046 -0.637029967068703
0.0632443111203874 0.0508775421625291 0.35470100441316 -0.424235259239209
-0.024553108279831 0.0872858781121439 0.265795075798202 -0.182080776480774
-0.105073971488725 0.0426709705473136 -0.0270019184943911 -0.0714577071110345
-0.0444182853962243 -0.0903082365045621 -0.130300317688653 -0.164155679122623
0.00682689868280548 -0.0705241778116193 -0.237046166485115 -0.458588290178078
-0.240020495210783 -0.0821185699398989 -0.592045384533079 -0.206586635876696
-0.218524061676346 -0.0467403918928767 -0.288600018753611 -0.257370629299353
-0.209813237492516 0.0636332925507365 -0.324109223451089 -0.202779234182704
-0.123128694507946 0.106734463545422 -0.306405603185899 0.175286671068716
-0.0744174293247096 0.140967204442025 0.0403131700381339 0.193692896612248
-0.0804905794310384 0.172540514905139 0.270562401188271 -0.110966380438524
-0.0289990772647705 0.180187008985711 0.285355778825351 -0.425291573300002
-0.0192383216265758 0.215438096778028 0.21277078493828 -0.546772463266062
-0.0215690838749955 0.239289620315807 0.189976062253417 -0.608399395793858
-0.10818493133351 0.285615995010497 0.245421483090831 -0.621756950296325
-0.176404742566381 0.214051937713061 0.303581068729789 -0.456086313939739
-0.296389626772592 0.116122790127656 0.251044352306404 -0.194432046852327
-0.325791137849798 -0.00975121652277965 -0.0200066125692902 -0.0806479283126899
-0.248580113963072 -0.181435166471191 -0.102404521192556 -0.147850414476843
-0.22672945803283 -0.186752890513296 -0.170407506141038 -0.392628780297689
-0.461516061797641 -0.147534006258582 -0.483768447483332 -0.196888003374292
-0.423505327025184 -0.0315081375871672 -0.229685179255483 -0.30050845147611
-0.325767036245891 0.147177165977818 -0.339716207199713 -0.217737529450529
-0.202196308786202 0.166264887880381 -0.322432719524197 0.181020022567272
-0.193841928958432 0.190009623769948 0.0236225900188534 0.199977073899432
-0.185073431551422 0.277429001952762 0.255020904530675 -0.0596832628498218
-0.120136444558615 0.348683044809766 0.259297961929333 -0.312107633221792
-0.107924930899593 0.402561664799172 0.185319204187045 -0.40432706367526
-0.0914191783998959 0.436941864803573 0.150143141269502 -0.464027761743063
-0.222675608294078 0.49147503843589 0.176861792103271 -0.509070835577141
-0.352979202328089 0.369518076701936 0.199466597417321 -0.415592872344259
-0.495492929096801 0.178361969531867 0.201618300933821 -0.191830538489675
-0.488804099681616 -0.00122601859751649 0.0166505251229457 -0.0987174627751907
-0.416696498914367 -0.196365725135845 -0.0182133172755897 -0.109499130195213
-0.435433867058894 -0.244957615898886 -0.0482730766575937 -0.269997086052396
-0.602554880858948 -0.206964145925652 -0.318583033690626 -0.141811285585762
-0.554199493818945 -0.0493395883928824 -0.167517012026505 -0.315589759976281
-0.41135273787146 0.151275709953206 -0.360644709823363 -0.189392845811098
-0.313361776126361 0.170881051563853 -0.31943916323843 0.204539400481967
-0.34779019194601 0.22800452047812 0.00116378529793263 0.210285901495254
-0.292500038399856 0.370127852067889 0.201221611379707 0.0109812565418939
-0.195587086478358 0.485209498125674 0.191609702410581 -0.142921717548641
-0.177940286498552 0.529322221352857 0.132878624867211 -0.197245734286192
-0.140624187540249 0.549944699417715 0.0994779873769598 -0.254803829711718
-0.285685824017424 0.600080799442218 0.101994946760386 -0.322869521182839
-0.445385148762018 0.450731792287983 0.07656301834575 -0.308329982300249
-0.567137989512797 0.215689745814299 0.139406158457864 -0.169424786243222
-0.531635808356202 0.0497066391749958 0.0775234469195868 -0.125592278763075
-0.505889931476196 -0.131072354174198 0.110507791681284 -0.0707859420484767
-0.584718411142825 -0.238183705553521 0.112792574614369 -0.129118932530759
-0.640659732930631 -0.242767903596742 -0.130870925964913 -0.0355444597480927
-0.569180181266408 -0.0964880899539118 -0.0923959006184296 -0.254256433375338
-0.436077183440648 0.0688284434207785 -0.332222933964691 -0.116472187160892
-0.428293366222453 0.113188881597855 -0.296230719025717 0.205517175082305
-0.49232127899791 0.245467763057208 -0.0615256231174634 0.22176532285074
-0.37110258263443 0.431368793531543 0.0955768286239118 0.116309977709426
-0.240702383045659 0.565498733670484 0.0928847963400272 0.0696294967955966
-0.220153533442666 0.572336453063615 0.0623302844241634 0.0385888529309075
-0.175144064758179 0.562765940009521 0.0380684022896374 -0.0226610224459734
-0.311454133679559 0.572448060518278 0.0224274932786771 -0.109588624187154
-0.45456110914007 0.408092657119485 -0.0363853781700652 -0.17630423392265
-0.497958441313566 0.18196694082376 0.0929789174527418 -0.148286517008535
-0.442554300295545 0.106839930133403 0.163860167315309 -0.151309064508566
-0.499417140480849 -0.0244755348247612 0.247152201324587 -0.0320767291614326
-0.651353974865121 -0.183946661514912 0.284752240281175 0.00327270924652643
-0.577978974560942 -0.234997509552425 0.0481351280585897 0.112962870606221
-0.48285437986693 -0.139379339994486 0.0037665977994411 -0.108605998979462
-0.387801082705438 -0.0457811449191348 -0.238313978349404 -0.0338886400722082
-0.474790932902902 0.0344188759699412 -0.267371151311419 0.164032051052236
-0.554248541554338 0.232967164648748 -0.170073359270553 0.240453171923546
-0.383782118648796 0.431615189968897 -0.0458740267554245 0.254992876494717
-0.240074188215948 0.563821416754275 -0.016260178717512 0.298569592739604
-0.229063751627095 0.534388808498471 -0.0141484919717954 0.267348380882067
-0.192241633059009 0.483698723924757 -0.0351778883697352 0.18940849305831
-0.300051589503599 0.434806318816478 -0.0626781067603573 0.0697146520100851
-0.387029770607433 0.265312566082614 -0.122734248408812 -0.0825938709838805
-0.325598735103513 0.100171422685764 0.0878216562129411 -0.148980303893184
-0.27777812955917 0.154087417190213 0.268203419986078 -0.154028796837518
-0.431808491151249 0.0812299350945443 0.348556501689166 0.0187563426384552
-0.629125430835514 -0.112261276719529 0.435508049984021 0.106988639789024
-0.436573181896899 -0.170655590587692 0.195118150678337 0.271782432837567
-0.323734283689476 -0.129289646685824 0.109698765985479 0.0649466334004725
-0.265552151443595 -0.107372725345832 -0.124982723825667 0.0262968153662455
-0.39898507557942 -0.0151558091870215 -0.25523068390117 0.103053636904535
-0.482530164533857 0.187334266732588 -0.289742576533017 0.27458254362435
-0.312408505068005 0.349093200932056 -0.181252449353005 0.404719443243572
-0.195996246457157 0.466184593973467 -0.111248430073185 0.503054171401802
-0.202935321208708 0.414275287458827 -0.0867340648905919 0.453330373011948
-0.180706793194317 0.339116201336918 -0.114943906177608 0.346404182162198
-0.248131114757826 0.244136135740433 -0.145066860583367 0.175163067536474
-0.264733835139886 0.104600662444427 -0.164356845861063 -0.0571035066954278
-0.12866344322856 0.0332510869593365 0.132311180800781 -0.162255808701706
-0.122274431085728 0.179537774083938 0.365860846444938 -0.106425373659717
-0.334815662098592 0.141841227280236 0.382989519969221 0.0830477293151699
-0.519180620915139 -0.0461171586562419 0.54085030752088 0.174839172192625
-0.240473098475902 -0.0614050875747649 0.293044835921671 0.394624969687974
-0.129340117920402 -0.0503855225630149 0.19336236986189 0.193763489915918
-0.0881044210101032 -0.0877453097890273 -0.0408696102035565 0.0533478598919736
-0.205124669702099 -0.0334688791937858 -0.25607177100452 0.0612524717994032
-0.293323894189265 0.096346637411215 -0.365791863387045 0.322606411025274
-0.176809202461604 0.190691892381913 -0.264244684036771 0.527620458046398
-0.123717657598623 0.28007263760656 -0.16763007451463 0.638842898021365
-0.14577157452162 0.231126336055433 -0.141006836660722 0.569515741152518
-0.138725255977198 0.165508961531327 -0.189584751878988 0.430196847209785
-0.161782971911327 0.0695014485569616 -0.211101477120839 0.205075733250291
-0.130277556998952 -0.0120367259106634 -0.154690990293764 -0.0768459162923594
0.0159346730385372 0.000996805663223041 0.202199737904145 -0.156640906035282
-0.0180064404852775 0.157601702326576 0.416868217968225 -0.012141911115162
-0.213312476947441 0.136821602904173 0.354688414747251 0.149906815304131
-0.329196769175083 0.00582330754943481 0.590795220782998 0.207751759768261
0.0134181657378783 -0.0270124256327079 -0.621001207201348 -0.176413268585926
-0.0083857249538952 -0.08816654284231 -0.342654770920514 -0.220827094372087
-0.102322446589833 -0.0442821919256613 -0.341845544535106 -0.156639721470562
-0.0688311289798946 0.0389409606043897 -0.268047057301118 0.20171159479742
0.0248080985959966 0.0868859452163218 0.0803492381244035 0.188662476781422
0.0179850463188602 0.0598680686719774 0.261749154387038 -0.150755278705119
0.0566708227163858 -0.00427951410871643 0.261963806137451 -0.470993233737167
0.0737872835164074 -0.00784708421746491 0.206996583063742 -0.599370205067432
0.0635261834012711 -0.00229556240958991 0.206054786444457 -0.648991544401904
0.0533308987966892 0.0404132518162588 0.270098737574183 -0.629196000394654
0.0626859637436232 0.0501762439728026 0.3492215509541 -0.422036950908563
-0.0246166829745827 0.0891953524221978 0.263569949575481 -0.180204983336872
-0.10545252686593 0.0420143343200804 -0.0244368055681692 -0.0645788567920368
-0.0454134319797981 -0.0912462743653129 -0.126217793481774 -0.163070368537566
0.00755744227510755 -0.0697516208597604 -0.234210546150362 -0.453014477073983
-0.235557389552411 -0.0777841442243948 -0.588801750407853 -0.199195986827972
-0.216681447186759 -0.044681984314301 -0.282488171665853 -0.255959426632832
-0.205238629083031 0.0655394070195078 -0.31987732820535 -0.207826840004236
-0.120449677769771 0.106048179173145 -0.302072160525474 0.174124862252133
-0.0712847067226263 0.1377961358016 0.0391836212089384 0.197096397878256
-0.0783268123785054 0.171582803573701 0.267482906249759 -0.10762524712919
-0.0289393491493137 0.177312141959271 0.278321416970103 -0.420891065061486
-0.0178726711142846 0.211476541273596 0.210621339261828 -0.543835933080056
-0.0207547984119333 0.235751694851213 0.18658837916318 -0.599478045366392
-0.104304652713357 0.283157465194621 0.239201714070269 -0.61456646914856
-0.173695049239369 0.212632447537106 0.298538779235817 -0.45091131599264
-0.294621785650915 0.117328155625333 0.248878736898895 -0.192806916659623
-0.322332817922526 -0.01006019679581 -0.0175269421108519 -0.0730264570922236
-0.245497991092552 -0.180744256408576 -0.0989992828327164 -0.146320731956761
-0.223214613573425 -0.184621635335046 -0.168708401392669 -0.388711212604745
-0.455785017204514 -0.140935226997355 -0.483066155279988 -0.190296578566459
-0.419067382994677 -0.0283874918130303 -0.224845512255491 -0.301102455756899
-0.315607572128071 0.148842255002588 -0.334352916233618 -0.222870974684054
-0.194964341578703 0.163604157681691 -0.316446344402281 0.180888477806471
-0.18907989685835 0.184196632796639 0.0209796979004205 0.201898281722484
-0.181606511133107 0.273813061017675 0.252486086156916 -0.0586665313348415
-0.119569143755656 0.343500849008238 0.253553318715453 -0.310012353417372
-0.104893187258027 0.398914756003087 0.183854703710423 -0.402133819423251
-0.0888227456549421 0.431487155226389 0.149187567387551 -0.458643965641238
-0.215997249994622 0.486887553215371 0.174928625275469 -0.504732264609087
-0.348006088625209 0.366720672430768 0.195037171526735 -0.409060654124258
-0.491350340815042 0.177919888048651 0.20132642276239 -0.190952259923908
-0.48031574792842 -0.00303489058030928 0.0177634204129999 -0.0904299066882415
-0.409247069122319 -0.195180352887396 -0.0162631425295478 -0.107722224688246
-0.428717656777519 -0.240166281763291 -0.0466729396280878 -0.268693428769072
-0.596574648096669 -0.19848905778222 -0.319811957311293 -0.137316417628059
-0.548248100360386 -0.0439988612604555 -0.16346043120891 -0.3163983604704
-0.397767991919253 0.152184146030694 -0.355554754350259 -0.194101626387501
-0.303961721710831 0.166563642240091 -0.314050105185078 0.204487838179771
-0.340751382715459 0.221355155521698 -0.000986718287022317 0.209372729960817
-0.287350913343231 0.363848320416339 0.198621237857534 0.00961030511890234
-0.19300705730695 0.477350412314288 0.188029499151841 -0.143469463406579
-0.175238464107839 0.524141351594966 0.132623339294297 -0.197536993110146
-0.14027229685062 0.544682534833054 0.0985162631770204 -0.251687631837571
-0.279428291468675 0.59289173775327 0.0991490676333336 -0.319980296940788
-0.44267331187366 0.445690625667313 0.0732575917077636 -0.300923888291395
-0.561165480724144 0.212483864370816 0.140294501408541 -0.168947357078591
-0.52012055310813 0.0461741365109132 0.0773044690236916 -0.117747641942628
-0.496675289818827 -0.130795782582206 0.109517262317743 -0.0683950634185645
-0.57671603353374 -0.230591047898782 0.113233587011749 -0.13025595325568
-0.634651915370147 -0.232856657282286 -0.134068924703675 -0.0335290149683372
-0.56491016962154 -0.0898176197632484 -0.0896339291624485 -0.255907122839022
-0.420358428674136 0.0686753367326483 -0.326542337451598 -0.120046409134206
-0.416615744895749 0.107143259514045 -0.290196996657109 0.204444511077078
-0.484656018340563 0.239967067886541 -0.0627376309120771 0.219181015876877
-0.36489226620537 0.424611411328405 0.0939879718520612 0.112217577219666
-0.23467623732454 0.558678853775654 0.0921112618736598 0.0675241632994039
-0.216392327361747 0.571095575335486 0.0645525068341627 0.0363965382209538
-0.176481322250752 0.557112525272235 0.0384200678644233 -0.0215824534585497
-0.307415222477042 0.565364108985489 0.0210546966033145 -0.108355178630686
-0.45189091947871 0.401710953739296 -0.0374990899655858 -0.16895733106886
-0.491583070382467 0.177284008706213 0.0941536441532815 -0.147939770173968
-0.428682623064123 0.102974816318997 0.160954959135045 -0.145375838566823
-0.491199874600583 -0.0220175507930121 0.243649190631528 -0.029388721811265
-0.641789102370002 -0.177475372379906 0.284687022943172 -0.000181311566257583
-0.572492898241373 -0.224035413703551 0.0435761589034726 0.111959591126888
-0.477013038065696 -0.134534269886409 0.0052996505777599 -0.111728228629603
-0.374807260062041 -0.0466710814040831 -0.233300104007339 -0.0366074679462562
-0.465132932914178 0.0285727950977556 -0.26177099318676 0.162319500285528
-0.548883970546808 0.229946582145394 -0.170975807488337 0.23502941513429
-0.378785960588379 0.424944677567131 -0.0471256993843687 0.249674533604208
-0.235241721050299 0.557651373942204 -0.0143331795242989 0.294552022793282
-0.22416411784136 0.533446993328443 -0.0107663636226891 0.262235204303801
-0.192580034828823 0.479358819921582 -0.0348694333895191 0.186934380857918
-0.298176973023137 0.427713145078491 -0.0624018395123698 0.0694756884947244
-0.383419176193032 0.260620498556793 -0.122874629638726 -0.0771855152200234
-0.31863521331967 0.0954833142409792 0.0878516347807473 -0.149967993997706
-0.264315139256293 0.150912212650291 0.263533138451809 -0.150410495634158
-0.42454575607936 0.0851001036643324 0.343326993274798 0.0206179971558824
-0.620940663791413 -0.106732348506454 0.433941088705367 0.101590504591364
-0.430681453984924 -0.162678513273558 0.190443820291277 0.267055385517635
-0.319976623610112 -0.123878980332514 0.110391859781057 0.0605213117844721
-0.255907377391943 -0.110007106268357 -0.12032077296622 0.0237986180525906
-0.391617228985454 -0.0204481279745894 -0.250986703689444 0.101262619172881
-0.477749333994976 0.185167845563467 -0.288199777968602 0.268405678528915
-0.308723514891618 0.344666862010792 -0.181161262699513 0.398372970332061
-0.192764791741439 0.461374009356849 -0.105737461959656 0.497565288179249
-0.197823765249742 0.414268832736507 -0.0820382047750955 0.446936166811837
-0.181905523832114 0.335757788286273 -0.114073919523437 0.341382873910003
-0.246405954291914 0.239184055176085 -0.143755795236062 0.174044360905022
-0.261610835156509 0.100648461479744 -0.162762370868611 -0.053838992876569
-0.121183568388361 0.0288248475600529 0.130809316127809 -0.164135846668295
-0.111431626331943 0.178562243078032 0.359145046025691 -0.105395406540066
-0.329109885235385 0.144966711358316 0.37597657858204 0.0850708424175044
-0.511160859298694 -0.0414670911544765 0.539796715273211 0.169218358643139
-0.237758845925254 -0.0565321049425578 0.288564946442101 0.385201150401905
-0.127785248823469 -0.0471089544837345 0.193048831246543 0.190275603222115
-0.0851984855993491 -0.0908830426178637 -0.0374193960833017 0.0515753117899278
-0.201728003144799 -0.0382043814660753 -0.253666289107448 0.0586255065890867
-0.291690896423744 0.0966676853800892 -0.362419955328853 0.316375076722391
-0.174868423511462 0.187304786248912 -0.261918994788926 0.520467409971771
-0.1202710355453 0.277162523080408 -0.162297121940822 0.63035423526232
-0.143265297288733 0.231561549791429 -0.135291803793149 0.560945825314558
-0.138355332989271 0.163720943066574 -0.187151643859324 0.424084632644569
-0.160819082135555 0.0665200772181122 -0.208608065024946 0.202979408158519
-0.128224892099822 -0.0139762477943719 -0.152229029883672 -0.0749792777471241
0.0218869492958085 -0.00177871238723587 0.199534609889018 -0.159200063807327
-0.0109378514474417 0.158367786237572 0.411597681795168 -0.0134304590469971
-0.211520074550022 0.139823092964302 0.346715015226072 0.150437212448819
-0.324115605049206 0.00963605410695148 0.588353430730896 0.202527461825452
0.0149449056891187 -0.026454765549417 -0.632795925839837 -0.17084702233316
-0.0100157947370535 -0.0905505542015269 -0.347019922756081 -0.221422118403645
-0.106113825441563 -0.0430598291666739 -0.349445500527883 -0.163247095449833
-0.0722218821506002 0.041042146266401 -0.270321174190404 0.206119963652816
0.0268766740291218 0.0880785810169252 0.0842322694052173 0.196931770842424
0.0197368733820051 0.0629856025197432 0.265511626062476 -0.15116946662443
0.0567766651543922 -0.00519211885648646 0.261611993254488 -0.480872929925662
0.0747557338324775 -0.0120335552940171 0.207233514155528 -0.610742200329871
0.0664382934667354 -0.00449003332129541 0.204862783099922 -0.659949823223852
0.0566661289205642 0.0410992148576363 0.270805327548327 -0.641611969438115
0.0637031564185852 0.0511730910102904 0.352187879237283 -0.43054666009974
-0.0254527134417109 0.0937122500910359 0.266229659691353 -0.183649597096711
-0.109304158491363 0.0428430647207193 -0.0222416185943652 -0.0601984244470324
-0.0479583177420856 -0.0950782906826411 -0.126018329225411 -0.16588285950358
0.00788515993867596 -0.0717830792243471 -0.239636518136348 -0.458278298000536
-0.237731895426353 -0.0754297164516783 -0.602747886428268 -0.193799072072225
-0.220989889211466 -0.0429450245945393 -0.285742251142893 -0.260338014026398
-0.205283640638966 0.0713302202715924 -0.326196573106124 -0.217001723774066
-0.121113083823942 0.108698361146246 -0.304779271293718 0.178611843194764
-0.0695624888239572 0.138576707777982 0.0404359062993429 0.205819770163349
-0.0774674182703693 0.175322135666503 0.271017600772691 -0.10815572099882
-0.030130271329744 0.179742281442836 0.278561640545218 -0.429296614533284
-0.0166340257304929 0.213533402651765 0.210855037044703 -0.554696753296713
-0.0194907763724028 0.238606001528051 0.187916478803679 -0.609739984929047
-0.101958947619715 0.289046984190138 0.239122208478582 -0.627881191497637
-0.175659609586912 0.21675973438534 0.300314203567463 -0.460554988028598
-0.299570956958978 0.122686528592872 0.253361221945878 -0.198238381175917
-0.327032808940258 -0.00993805270162872 -0.0148274585361703 -0.0671916892687053
-0.250294794985861 -0.184778160275867 -0.0987507874081609 -0.148397961490347
-0.226213615558217 -0.18531360944047 -0.172024207302718 -0.394530295889813
-0.462105685258351 -0.13743817523379 -0.496076801139529 -0.186444246824561
-0.427251978363367 -0.0248228256912117 -0.227027035639906 -0.307796853682928
-0.313014656727796 0.156333323030653 -0.341214259930487 -0.232100301973361
-0.193471495662035 0.166988450776113 -0.319729019547156 0.185446074930065
-0.188696063898843 0.183930500361981 0.0214822471007739 0.210223539472565
-0.182288340001157 0.278095463407804 0.256250795645139 -0.0599762671282984
-0.119917250187648 0.349283146541797 0.254626346425745 -0.317349797745782
-0.10363541566266 0.406339729312438 0.186473129518178 -0.4114999525634
-0.0905336485750156 0.438789230742059 0.150391296462261 -0.464908965538649
-0.215108847751249 0.496970963010334 0.174107466989991 -0.513849687314831
-0.352651666767998 0.374168382004104 0.194704226225287 -0.414603751539416
-0.500978323690907 0.183957516642612 0.20583796254371 -0.195543715960696
-0.486990642514193 -0.00283940154848974 0.0207476229920671 -0.0853639308170434
-0.416117416732515 -0.197872447219685 -0.0154612677540595 -0.108686339304322
-0.434577099690146 -0.240735048444428 -0.0468368749067137 -0.275203803364215
-0.605919292380203 -0.192600906656188 -0.330272143914137 -0.134579407665546
-0.559184472361246 -0.0380861981117513 -0.166270967375678 -0.325442984557456
-0.393541880647828 0.159459919483451 -0.361713788668186 -0.201533232266821
-0.302032838325909 0.168318155975224 -0.314911500304442 0.210616311484755
-0.342886743150067 0.223311907794758 -0.000422044582043767 0.216740276895946
-0.288871231336348 0.37044217912419 0.202276928640363 0.00776488813993108
-0.194514279776176 0.487409597544559 0.189954003807815 -0.146948289145683
-0.173100463295233 0.534314202969042 0.135912664292877 -0.204052684840729
-0.142479706545732 0.553969149505115 0.100239253625569 -0.255017674259725
-0.278955513480977 0.603908816301193 0.0983236072361804 -0.326147549416891
-0.448154938867296 0.452969134216262 0.0719565544868832 -0.30243764574026
-0.571379577039458 0.217846640672998 0.144349946570822 -0.173592919925973
-0.524542584341915 0.0459511217439209 0.0798289293712772 -0.113861882720236
-0.503404893156922 -0.130240822453465 0.112024965408937 -0.0686233157368371
-0.585998486721603 -0.230261815623714 0.117619024836231 -0.135589033218564
-0.644326059092067 -0.226072336163606 -0.140582005953142 -0.0313498416726448
-0.57669791932036 -0.085415350017548 -0.0914831690370131 -0.264841599568307
-0.416979684659298 0.0722661734137275 -0.331797866754318 -0.126193359459729
-0.417630151484904 0.107219160789338 -0.291387943545821 0.210778938367185
-0.493691069434615 0.243287802436939 -0.0640327330776969 0.224353870881735
-0.369731406344606 0.430863376042084 0.0958218090928135 0.111074166806691
-0.23546083230429 0.568584674369154 0.0944049367300441 0.0675012435798616
-0.216592796846598 0.583525123110789 0.0678730841354303 0.0341267006920902
-0.181705904796146 0.567926349723869 0.0402453008013508 -0.0208876530288965
-0.310098719148774 0.576582302532412 0.0204467100677505 -0.11020274419729
-0.458319811252532 0.407832429590699 -0.0401436957225771 -0.166462233096259
-0.49618644221429 0.180338719754461 0.0962078804112775 -0.153025280618974
-0.427712654090025 0.103133342189381 0.163607130594584 -0.14446309883955
-0.495994189118406 -0.0186584535292017 0.247743894622947 -0.0287812272974443
-0.651588526756155 -0.173568487571874 0.292421278854647 -0.00571977520212542
-0.581732268178097 -0.219460144438282 0.0405513569199979 0.11420670920454
-0.486805201358003 -0.128952237145541 0.00596230921832776 -0.11850745250557
-0.37109799580529 -0.0473407725123108 -0.235255480402214 -0.0409887405922939
-0.469212159158201 0.0245624727253181 -0.262800218141055 0.166642370637812
-0.559800030482487 0.23303301476183 -0.174066388426915 0.238590231498352
-0.383872461030688 0.430945398900294 -0.0469481957352776 0.251202208756475
-0.235022677303101 0.567531313715949 -0.0108166930826673 0.299506484168355
-0.225770955292068 0.546264894134208 -0.00833500016441613 0.265078036169155
-0.197592588240278 0.488619986497232 -0.0340839718020318 0.190852889334533
-0.302053393735304 0.433654470602242 -0.0627965487981278 0.0715570722848724
-0.391195173317053 0.262958529136109 -0.125635032927739 -0.0732092985528871
-0.319472562395401 0.0930115016849534 0.0885196335305757 -0.154869041914127
-0.258093224472427 0.15275598171599 0.266255963152584 -0.152025705090259
-0.426736522344987 0.0920735154161372 0.34769418195272 0.0220372836807651
-0.62864895339728 -0.101385900971226 0.445381369872182 0.0973463388210635
-0.439145497840408 -0.158985981625119 0.190509586291831 0.269796100166164
-0.326080069818918 -0.120533207916691 0.113690930118221 0.0578679217953539
-0.255759173885428 -0.114482474112832 -0.119702021724927 0.0210136412701017
-0.397431581183019 -0.0257277064153224 -0.254444789884347 0.102969438597068
-0.487942487776065 0.189902770593338 -0.293582600309551 0.272020385825738
-0.313207792714301 0.348766392700578 -0.182833477157549 0.404449596557537
-0.191312389715075 0.468485358234518 -0.102202643989616 0.503600776203321
-0.199081986409992 0.423991117889268 -0.0804256394879694 0.452343391580862
-0.186472412229489 0.343008980431656 -0.114161111160684 0.347368231987169
-0.251433198400722 0.24079390460752 -0.14498830919077 0.177959624656314
-0.266645479137431 0.100668675247684 -0.166041270903914 -0.0510129169086786
-0.117461611101416 0.0246199543582796 0.130918007384583 -0.170577835210937
-0.102267786748968 0.182199781481728 0.362791013273742 -0.109337709277287
-0.332243713050279 0.154332285289605 0.380217573834443 0.0888131925448511
-0.518598297317387 -0.0361845054497246 0.552487389419341 0.164804714479328
-0.2420200900219 -0.0522369349753047 0.293611089533459 0.388387339796005
-0.129464527725116 -0.0439131160749758 0.198464018545754 0.1909381349346
-0.0850624372644401 -0.0958433618935973 -0.0357544604410232 0.0503033215507364
-0.204598760500534 -0.0435634389828934 -0.258333741117035 0.0590575184108709
-0.298641024039497 0.10100294596452 -0.368489074534029 0.321279515424153
-0.177588376768322 0.189499544714366 -0.263922593084073 0.530232123803975
-0.11853291088274 0.28106926683245 -0.15945586100964 0.640609950976084
-0.143685876453847 0.238287646428724 -0.135723891923809 0.570462925392831
-0.141979649673469 0.167819656007488 -0.189605813267432 0.431237549319367
-0.164926874432909 0.0657840787026487 -0.209712768836383 0.206897719185378
-0.130413784800336 -0.0157807632895706 -0.154131668437505 -0.0759770344348732
0.0279595822863686 -0.00569049053162527 0.20268367797083 -0.166370089468904
-0.00309216188032576 0.162384767463472 0.415408166160354 -0.0170136358938427
-0.214939724626275 0.148254939465357 0.348731175283938 0.154837303008442
-0.327712119767176 0.0133730292653301 0.600803342832883 0.197858193604296
0.0167839502072219 -0.0269282509265868 -0.658665102457783 -0.152638014649165
-0.0123119414873706 -0.0945803264503995 -0.361899912495999 -0.218446403408021
-0.11258493045023 -0.0401120668507546 -0.369072172524876 -0.164682377892847
-0.076542787706195 0.0463004101017866 -0.273407133278927 0.220561135485723
0.0314323758584119 0.0902230212785371 0.0944027521361822 0.205702689548667
0.0231869572635704 0.0667217016619876 0.271051646711015 -0.160311530427724
0.0569874730261752 -0.00719198440320619 0.253399975030268 -0.503362911394096
0.075305291267168 -0.017845603169108 0.194977683091213 -0.637675490532144
0.0694487328163152 -0.00887649791891666 0.193660836246365 -0.686271503696634
0.0621028390672795 0.040790317199237 0.25925020844771 -0.672620041256896
0.0675266614378143 0.0517649277267478 0.352329844191432 -0.456943383844146
-0.0233197830756837 0.100704628131457 0.269996508520535 -0.1977464878314
-0.113544724535676 0.0476166015781527 -0.0209573830598462 -0.0565897102232614
-0.0544511598842243 -0.0995811251322716 -0.131348921395719 -0.169030996888655
0.00638714405997964 -0.0754710791776847 -0.260508876360223 -0.465537567478853
-0.245692091519274 -0.0683171167056732 -0.63017274981108 -0.178185492598168
-0.229401432252489 -0.0367023924601046 -0.299657195025673 -0.262601836890838
-0.20648341174673 0.0815521168461007 -0.345202154475616 -0.222000180797907
-0.121134988946551 0.116244123400704 -0.307967797105522 0.192740450131078
-0.0663132467135322 0.142995300168141 0.0485741440598064 0.217240940120149
-0.0732882644177793 0.18411907638641 0.278431627129263 -0.116453560931572
-0.026845198667781 0.186441903837464 0.273918233314345 -0.451294828658169
-0.0116584415267791 0.219732790595397 0.203448871448474 -0.581163308128571
-0.0131895570418035 0.245394200529229 0.175899186492733 -0.636167873719174
-0.0942720891123298 0.302625369552298 0.228781971405832 -0.657873376194891
-0.175454977443876 0.229329425659622 0.296516510691986 -0.48329569459981
-0.306981869436064 0.138385868407098 0.257472742834117 -0.212098956666517
-0.339347227034445 -0.00232403504467288 -0.0129288810366372 -0.0629147845661482
-0.264317233807131 -0.186155961824758 -0.103447494079478 -0.151068407297506
-0.238580565786829 -0.184597613892162 -0.187414547229022 -0.404038541383507
-0.479309830969293 -0.121837226942543 -0.520533864912974 -0.174065124706313
-0.441689712826013 -0.00837412659019436 -0.241846444336597 -0.315274158920522
-0.311498251648294 0.173412486944666 -0.360237497048254 -0.238223727640224
-0.191417312537016 0.177008764944528 -0.322685900680862 0.201305716600147
-0.188001079834968 0.192563601157861 0.0285718897413127 0.222415821368316
-0.178582189603218 0.29175200412439 0.264376317613754 -0.0689032072177775
-0.115209660394507 0.364160597907857 0.25227345434781 -0.334604882226643
-0.0959371547308649 0.423008125479365 0.182912521478404 -0.432991934704317
-0.0824500029847154 0.456201518450612 0.144368742902681 -0.483862653197723
-0.206267068911675 0.520100988364668 0.163525160610198 -0.540102986585244
-0.355614014892149 0.396987216371476 0.188928080237598 -0.432524814155081
-0.513317323714593 0.205597442624646 0.208776063940089 -0.209901823940459
-0.501116680025192 0.00893394329415312 0.023350593747792 -0.0826509544021037
-0.434960421023084 -0.195047778747089 -0.0167007520295432 -0.111429352991728
-0.454528125276602 -0.233556592745277 -0.0549061033112316 -0.285133652967003
-0.631606082831419 -0.175424005802774 -0.349130636017685 -0.12543069886315
-0.580969165037404 -0.0187437603753335 -0.179779959226741 -0.338059944188922
-0.390943224009858 0.177886583666554 -0.380985574427089 -0.205832901486694
-0.302014957001206 0.180340895145985 -0.316633851867983 0.227360282726771
-0.348675017533216 0.235774657741578 0.00571893994073066 0.227638531212214
-0.287322249393942 0.388314206977136 0.209735987184847 0.00101301942759862
-0.187240190794518 0.508757275727904 0.192033952004782 -0.157923784796769
-0.163469353163891 0.560347881134403 0.135897222813124 -0.216833606596991
-0.13385055025815 0.578218809367978 0.0982950139010663 -0.265362411839928
-0.270715551636216 0.631653491376333 0.0911653433200025 -0.341865845750107
-0.452615794541242 0.482023329390912 0.0658051458469746 -0.310544588315889
-0.584850523420236 0.240413090007532 0.145861314844986 -0.185146414292195
-0.536436680480901 0.0592010325375531 0.082540774912376 -0.115150917366537
-0.520455789369777 -0.121182221947257 0.115470633485267 -0.0726934373727927
-0.609817354999548 -0.216808166345948 0.119627738007461 -0.146739330314837
-0.67159210106167 -0.208912382275739 -0.150719917251675 -0.0253438320844543
-0.599450312956241 -0.0660410944952162 -0.101773728099865 -0.276467984328046
-0.41803014113805 0.0861082310678718 -0.347438410180587 -0.127776088431713
-0.42522471221763 0.116570682862703 -0.291678768802446 0.227735222511479
-0.503714913096178 0.258832323754354 -0.0601147030175291 0.233941933489163
-0.369589336711857 0.45315823622328 0.101776066379744 0.109328791076442
-0.227430159947125 0.594791126453375 0.10137204529951 0.0671112579115864
-0.205569218896368 0.612851873249976 0.0726595191176272 0.0306604954030172
-0.173552999773927 0.594935567363402 0.0420250643723595 -0.0219763209364714
-0.305033869674738 0.603832775201295 0.0177876455655714 -0.114945450045188
-0.463679194548501 0.433877308312948 -0.0464124236506149 -0.166223941329156
-0.509892667048803 0.194878100599641 0.0967229936486001 -0.162362871613026
-0.432476514362198 0.114516431277534 0.166443166764868 -0.150082114463811
-0.510077087016255 -0.00221356599155881 0.255484552991983 -0.0345748479428252
-0.675921047539664 -0.156602038772857 0.304840032171806 -0.0180013720802915
-0.606630248325702 -0.204258922117431 0.0414606782724608 0.118506709135754
-0.506686964742876 -0.113160672196272 0.00362694378178338 -0.127563376113142
-0.37751478043195 -0.0420715123540373 -0.244244945520723 -0.0404366547532997
-0.481883307311902 0.0304946119440409 -0.263977137952337 0.179788331785738
-0.575577354473961 0.255892969874487 -0.174347445962734 0.249727814101422
-0.385366274227364 0.453571053106901 -0.0430785982476648 0.258911141362542
-0.224546788820432 0.591935459481422 0.000234438274836084 0.309148454436721
-0.215624845174093 0.573707627790267 0.000288341574936888 0.271127729425458
-0.193965821251363 0.512417920703879 -0.0289642881960623 0.199401180047945
-0.302110201416775 0.454810775971379 -0.0636328200612851 0.0766725806731651
-0.397462833773941 0.281953221475103 -0.131976512054454 -0.0675174693668556
-0.324758922793211 0.0993552471134435 0.0869303556240829 -0.164898434952333
-0.251926353198515 0.162308424211468 0.271081772234035 -0.163417734891364
-0.435509096341929 0.110278843375584 0.359240684877729 0.0165030523775601
-0.650987236699214 -0.0819823945520793 0.466328996734487 0.0831032789810382
-0.457260739336183 -0.144723616119333 0.201730625575342 0.272483442456517
-0.340456256771455 -0.110049705204349 0.120131877824502 0.0531416111555086
-0.262705915588559 -0.114965310792492 -0.121641286280495 0.0224702675235946
-0.410175922554547 -0.0224523690648837 -0.258931817042111 0.112854706488491
-0.50353060484005 0.210010019330123 -0.297296777242614 0.287542004807302
-0.315285714012183 0.367800804934331 -0.177847793710772 0.422671980318365
-0.181948696948034 0.489221689322703 -0.0880428752867451 0.523526342883866
-0.190617058496865 0.447531420116105 -0.0701674222810836 0.468326519290542
-0.185573180404098 0.360948015464111 -0.108746475464535 0.363663924127584
-0.255582139964983 0.253729077024475 -0.14495707785449 0.188182046580096
-0.273206901396186 0.109034781543212 -0.17308439565621 -0.0455522190392302
-0.114988366788482 0.0218885324711617 0.130409322511193 -0.182663301673068
-0.0904689663591696 0.19087696867046 0.370947760761297 -0.123523911069471
-0.337016367871305 0.174588926812141 0.39331178415624 0.0852611674347772
-0.535867455397309 -0.019304841319741 0.578322518676276 0.150739280252457
-0.251230966654333 -0.0428696130816288 0.310638970486462 0.389479326450703
-0.134251016848761 -0.0386453093458622 0.211633995429594 0.188808379496961
-0.0889699199200452 -0.0996016673308608 -0.0342274236855313 0.0510591182656586
-0.212934935381513 -0.0454993040757026 -0.267227391667924 0.0672779209392877
-0.308200692165641 0.115318008162838 -0.373007419664632 0.340649165432322
-0.180631301249799 0.199523632899325 -0.258420188686055 0.555165754804966
-0.113029247038832 0.292536282882198 -0.143572217606913 0.665556483293354
-0.140729600455676 0.252481063588506 -0.12300213798936 0.593507246080477
-0.143812698041247 0.17782291903981 -0.184840420544568 0.450752997551632
-0.170637393769015 0.0697347871093554 -0.211517562056967 0.219833283232008
-0.134345439808442 -0.0146973230216668 -0.161260552335452 -0.0746658639332967
0.0341055423500934 -0.0111392946516511 0.203585139687618 -0.18024941559873
0.00888846954290353 0.169737399524317 0.427259940106161 -0.0314727132850113
-0.218139806705965 0.16476335882534 0.360950625533058 0.154575755541278
-0.337801986193819 0.0257701845738099 0.629779640312101 0.182345799428132
0.0182463557220533 -0.0288046879499509 -0.688457339211391 -0.112437553866556
-0.0184694929059394 -0.098200244366636 -0.382130883037661 -0.203307149529281
-0.119226339056548 -0.0338929435510269 -0.390745058884043 -0.152580640722735
-0.0782251715946204 0.0547334518587099 -0.267366274740021 0.241646096873161
0.0385608449889595 0.0907856349876636 0.111698216624703 0.210280948319476
0.0297415824594976 0.0693381522355842 0.27059657059496 -0.178383180363839
0.0566540567197148 -0.00993598857542044 0.229728055076677 -0.530978983579894
0.0748189321901721 -0.0252096723235825 0.163292662747391 -0.66773651026764
0.0717088282651404 -0.0162166874764182 0.159094160719383 -0.718292265213872
0.0688767762545874 0.0381761411561002 0.226559159771163 -0.708034510163593
0.0735513996916188 0.0498001846570662 0.334567622223495 -0.4917895882069
-0.018012145461231 0.108463809621356 0.265512545004327 -0.218534443807308
-0.116259519411832 0.0563593393504444 -0.0207104925389039 -0.0520132155318905
-0.0645864703402513 -0.10148464952789 -0.142139064374215 -0.167021477934893
0.00209418235283926 -0.0779700123942138 -0.293214665281743 -0.460637016458005
-0.253632012582507 -0.0526561464449714 -0.659666429505297 -0.138600730422082
-0.237457594534648 -0.0227620310401926 -0.321692754300559 -0.253629704193612
-0.203360390288543 0.0975736078568858 -0.370278303781642 -0.215015880371165
-0.116771909281818 0.12779567898666 -0.304384912084806 0.215739689481175
-0.0580832920276401 0.149127661517338 0.0644973970737698 0.225260891034047
-0.0631188891694226 0.194457946843502 0.280745480431071 -0.134484298818455
-0.0177073038761619 0.193520724974349 0.252951056352403 -0.479389452074993
0.000943704252108601 0.22535802573205 0.174113749627588 -0.610022096383573
0.000866640643673203 0.252083520923453 0.146334224679734 -0.664013055729611
-0.0765632462484337 0.31661564077739 0.193340191232664 -0.692734209614809
-0.167214539210107 0.247712900995061 0.27382707477796 -0.516280015921938
-0.307339400035447 0.163272803918761 0.252197833405535 -0.234471727296081
-0.34967587730035 0.0171592400183424 -0.0117529547048648 -0.0582382883920891
-0.284266348274416 -0.176942575688361 -0.112227820689768 -0.151074769746141
-0.255109094139212 -0.174674101629998 -0.21562166179887 -0.404197267445464
-0.496937405535988 -0.0926332408417871 -0.547963170332598 -0.141764370081637
-0.455430898562665 0.0207711053973746 -0.266064794961292 -0.313893621980248
-0.301280186642378 0.198238487134665 -0.386290707713565 -0.233148348487484
-0.181836119299787 0.19292954221087 -0.318310354058966 0.225895348492536
-0.180973528403052 0.205949109958027 0.0439389494012439 0.231180129841797
-0.164628093719121 0.308656350253547 0.268031913893638 -0.0863608851116203
-0.0968904237368611 0.380885821091507 0.239292946044117 -0.359047713118254
-0.072143307444203 0.441024857941541 0.162261135349056 -0.457075080505243
-0.0587441068325423 0.473705531549153 0.122202543143106 -0.505894507860688
-0.177555929985073 0.546727301645584 0.134303173710302 -0.567614575834715
-0.343318455616681 0.431006573264924 0.167821948359925 -0.454532708372486
-0.516189217494955 0.242908923760876 0.203953982315933 -0.229160194259013
-0.512959187093569 0.0363128939590429 0.0246848880453035 -0.0812169048816226
-0.456811291826783 -0.175226296828148 -0.0207736559011434 -0.11407316292541
-0.479338915742418 -0.210300733487665 -0.0715971619590612 -0.290893042603234
-0.65624844882843 -0.137329374284672 -0.369514991880585 -0.103742146361327
-0.598755540971026 0.0211254018720344 -0.206099579591288 -0.341182826188969
-0.382042630514631 0.206942360255829 -0.407654264556622 -0.194579948994569
-0.293180162613782 0.199725116742107 -0.309042268888237 0.252921716423324
-0.345003792061751 0.259628594539214 0.0205302298652829 0.236646936412538
-0.271914090333685 0.41385693416563 0.21591772364885 -0.0129706217170923
-0.161768674080942 0.533328915714277 0.18858749628902 -0.174029548112767
-0.132790137850791 0.587198617809821 0.127403353820929 -0.232956375086998
-0.105811015422783 0.604664277267578 0.0870623788973214 -0.277672248117311
-0.239415654201018 0.668293425236574 0.0729122429996362 -0.358938505218603
-0.438533051189946 0.523157703428797 0.0487730381473379 -0.319838058847527
-0.588155497357711 0.279328850736214 0.140044494212081 -0.20043131733483
-0.544362232611056 0.0890225682027105 0.0822268311357649 -0.118920153541288
-0.538226740086385 -0.0935625627623778 0.116240537500751 -0.0804958811078693
-0.636643828681411 -0.183179715345731 0.117037795924146 -0.161542749848485
-0.701429314495774 -0.167281781737065 -0.15918600357845 -0.0132917665657129
-0.619837562330818 -0.0242410574396678 -0.12203327887497 -0.284463488096413
-0.413926714509969 0.111818693344144 -0.36629224068283 -0.116560701029656
-0.424469932481668 0.138880093005256 -0.282132517570336 0.251819498753172
-0.506575694412356 0.295130367840002 -0.0472214571880025 0.244935923498099
-0.354094551247134 0.484858847142683 0.110183268995431 0.104707336114612
-0.197205593044874 0.622844673874044 0.110997845387124 0.0624284259234677
-0.171407757287662 0.644556705449824 0.0777302118356053 0.0252672072457982
-0.147837257750811 0.62485458250579 0.0445879389650628 -0.0237919926927635
-0.277660461553562 0.638819248695728 0.0108635374858021 -0.119146232677288
-0.455036325728231 0.475104120834659 -0.057118889611152 -0.163838346448551
-0.511171484442863 0.227175926245831 0.0894582537211098 -0.174432871484004
-0.430650264431595 0.139762265924103 0.164464787451616 -0.161111416096871
-0.519621841116021 0.0291912272977863 0.261667224694205 -0.0484613346979127
-0.702393780314432 -0.115972144679831 0.315488072323436 -0.0409908031413467
-0.635180269717898 -0.165615911980289 0.0462318148727032 0.121544900836821
-0.528623828364066 -0.0794524561651166 -0.00468962065582901 -0.135985453306924
-0.381088933110968 -0.0246959835205963 -0.253697270471693 -0.0313682075200962
-0.490972610123571 0.0527136758540142 -0.257844825734685 0.200583167976943
-0.580331299042782 0.2958379784529 -0.165573937642551 0.266248053194445
-0.371229856205588 0.486143727773759 -0.0301154948245319 0.266741123361195
-0.19657305618411 0.62064423263509 0.0225722335674702 0.317158067968051
-0.183428203554329 0.60612033361383 0.0176731571458631 0.277169158623063
-0.17217997773145 0.541221810635553 -0.0163075104876436 0.208958276114266
-0.286496364718587 0.484528884038922 -0.0602420438012671 0.0827645664041552
-0.394721980891995 0.312140384623732 -0.139499222641281 -0.0567066689019832
-0.326272257278998 0.114073327820362 0.0796389912449539 -0.17691857514217
-0.239736158964795 0.178810396162208 0.268940674221495 -0.183210599731523
-0.436216804488935 0.143266537774791 0.370343992679315 -0.000396415589409898
-0.672968333650927 -0.0402940292131447 0.487351334604405 0.0514522611577303
-0.478643014886386 -0.11460988668595 0.220388789782663 0.268615928285576
-0.354901000292899 -0.0874590197910807 0.126972804047112 0.042862494626309
-0.271381468409208 -0.106837206748495 -0.123213599292964 0.026835007664228
-0.42275137428782 -0.00703673545095955 -0.257827212595018 0.130212759441449
-0.508727643094379 0.248011811819027 -0.290040995202492 0.310581638211267
-0.304211866735615 0.395363380872528 -0.159823192910866 0.442574220156131
-0.156628794468148 0.510918665393651 -0.0539253189252559 0.542509427023864
-0.166975868205294 0.474300073786655 -0.044200576883639 0.485221978246994
-0.172381301165602 0.384708253942414 -0.0896525632189446 0.381562936751876
-0.251027239186018 0.273647927455505 -0.137157747211265 0.203209487835214
-0.275548631306802 0.125615421186431 -0.180187035485325 -0.0345919332116426
-0.112608757913162 0.0220468583985615 0.12208160040487 -0.198223141005729
-0.0713482203276053 0.200389010978493 0.372180451106855 -0.150333931467216
-0.332646045074292 0.205301847517303 0.407334898603933 0.068036085817382
-0.550188048380853 0.0172188980212087 0.605974637126854 0.112900752915327
-0.259615489194384 -0.0248846690072294 0.338164710540637 0.380514167902078
-0.138515567589409 -0.0280679234338058 0.229072423475987 0.178504093194617
-0.0956469919570547 -0.100867747688128 -0.0309272495686866 0.0524978764764425
-0.222569577901225 -0.04011711277766 -0.271731622759624 0.0839021156542293
-0.31242128260551 0.139261162765224 -0.365142206467114 0.371306049602826
-0.176090057064247 0.214839576464278 -0.231878859036308 0.587204161857733
-0.0965538650163912 0.305453769335802 -0.104149451681423 0.691321355629975
-0.127519217255863 0.269617825086698 -0.0909758523046162 0.616843809507092
-0.138935836733954 0.1930597998125 -0.163204552943018 0.474172941394743
-0.174681720867967 0.0793960229532569 -0.204364254949722 0.237707599635569
-0.137971365175005 -0.00919087493053828 -0.169563431711137 -0.0669656469999093
0.0392659762166706 -0.0188648104400078 0.198191529776754 -0.200654807785843
0.0268875128464999 0.174699239757229 0.435193601963541 -0.059179683833909
-0.212512253671112 0.188126703440591 0.376320664296493 0.142359679553878
-0.344083331491217 0.0476417827601544 0.659304205891745 0.143410897221147
0.0362176901501271 -0.00983477980848654 -0.588359797290468 -0.39529932904956
0.0281423921421601 -0.0946090471428483 -0.261237737756978 -0.345754559605534
-0.0942445809034339 -0.0767040032665906 -0.288840346908065 -0.309928812875025
-0.0916004200024037 0.0188793495233788 -0.346833148302992 0.109283772861379
-0.00100157517153999 0.0963873020417863 0.0178402209528916 0.242438025308168
-0.00229426028746154 0.0764421706742888 0.324756469326433 -0.0427838118580238
0.0558843360506903 0.0101907817157748 0.433055335314142 -0.384345911736339
0.0781678157227935 0.00330439752842301 0.426313788355932 -0.534948722314524
0.0695104799343409 0.0073999147740271 0.443213231879996 -0.583300771699591
0.0475735100852785 0.0581273900132108 0.495803012099891 -0.545279731617614
0.0472159800489066 0.0734645542196634 0.508553517306501 -0.304597249931582
-0.0599582469753642 0.0886564189967274 0.330332563504365 -0.080947193313965
-0.132510466760442 0.000256968847128579 0.00341170024413793 -0.0531038706715864
-0.0199905598296784 -0.125855699390592 -0.0496143911126923 -0.216536385688232
0.0335740322905184 -0.0709838302216398 -0.0542402932966144 -0.552169597634632
-0.204030707286788 -0.146130978338584 -0.55227496880242 -0.401794311229976
-0.206581739403166 -0.114242152111717 -0.176510147564268 -0.36611345393531
-0.223655624206535 0.0110322807405182 -0.236646980402052 -0.359439722620228
-0.153511163735073 0.0686975294424567 -0.366020627828599 0.0706207737667117
-0.112068891948553 0.106431377011516 -0.0304270087996581 0.242392657882621
-0.138800940008469 0.149315100667372 0.319375849818454 0.0020885186835972
-0.0989594828829004 0.165061192428936 0.4344029663556 -0.326097664925308
-0.0980372372219324 0.205001665329839 0.41494729235354 -0.478514362110962
-0.108215702725395 0.22414139732823 0.407315624547103 -0.540428092710546
-0.200532953422171 0.25490315964122 0.454754410478542 -0.547479310621978
-0.257423598012897 0.1554621691416 0.454991705181711 -0.352386846911774
-0.344921148620887 0.0157500436466061 0.318593883634609 -0.107311052563866
-0.326380679262175 -0.135773623714526 0.0150058934617753 -0.0595576907344197
-0.186480627607199 -0.285815468610276 -0.0247501485314283 -0.191867183296318
-0.160279692249399 -0.264434406905169 -0.00421226301307744 -0.467336080548826
-0.411916106946407 -0.287000264925326 -0.450233202143784 -0.349961112270793
-0.428049441396912 -0.163387952570913 -0.0954249521136485 -0.396995957375708
-0.353382580956575 0.0638125438820703 -0.240630864666766 -0.381861791532206
-0.235393216446762 0.101076008163444 -0.379214071545052 0.0778251919061566
-0.247478508283643 0.104379170734622 -0.0484907586958918 0.244751971353532
-0.279904391900268 0.208794334413738 0.290930529060578 0.0417066037046767
-0.250489056111062 0.303503094344371 0.374404651416029 -0.221327867137524
-0.256731525441694 0.374294321968079 0.34063894823626 -0.344199389524593
-0.255420231719715 0.406546869038988 0.31883905868885 -0.407567453474083
-0.388808480208391 0.425578222794246 0.346560548329942 -0.458820054240657
-0.498212860981344 0.251291802422452 0.325219043058685 -0.344224043567583
-0.567819898963184 0.000543234039205831 0.267028799040648 -0.127373902891327
-0.480647354000375 -0.189590576402196 0.0553551076249124 -0.0689002604678676
-0.340767790910003 -0.354508121923921 0.0438762468525464 -0.121811161508422
-0.348361256676931 -0.388559073286596 0.0796322364581795 -0.302432776981381
-0.540518079761189 -0.396225259533223 -0.302910821845612 -0.233944024109826
-0.561183832782696 -0.223546430700141 -0.024647848456088 -0.395824054965104
-0.428030884330095 0.0364038883273589 -0.272868215207901 -0.355075828915142
-0.337275396268863 0.058043931204434 -0.38263128799068 0.110907309501929
-0.420602391153999 0.0816128072754574 -0.0709681291503434 0.24655635923744
-0.421406020144164 0.258493170127511 0.215582474811209 0.0864174348553274
-0.374824222255447 0.418197750017121 0.252568033504407 -0.0733879593635666
-0.375153392908971 0.486659315509945 0.216241847304453 -0.153921394608111
-0.352567642697335 0.506995602557118 0.194157372836093 -0.215169456640934
-0.496273666125138 0.509585333283581 0.20312660113169 -0.29576232006477
-0.624296529860096 0.297412729186586 0.157283675333101 -0.272007346955487
-0.648080254701229 0.00210503193578938 0.195167911148367 -0.129509758033675
-0.526590767407724 -0.156785400713 0.122457041120144 -0.0788891950445191
-0.448324853174691 -0.312493742983281 0.152887009290884 -0.032434569337796
-0.50367502640336 -0.430073473324887 0.192491498203442 -0.100795532574347
-0.571041177311856 -0.447515436532804 -0.149337897434497 -0.0602170264960823
-0.561655942408592 -0.27450625684299 0.0272725163249722 -0.306685933819206
-0.415624829566142 -0.0676256577456167 -0.272543235152345 -0.260024969783497
-0.430582464276947 -0.0562516691756151 -0.358975384757955 0.125748202956138
-0.583883476491252 0.0472728951480044 -0.135357913823613 0.231138914951586
-0.528910775341374 0.288882224243125 0.0708221600110103 0.148350113641264
-0.444211566492493 0.485327743921555 0.0831136778359832 0.108175244553759
-0.434907137476807 0.523286204228882 0.063519710233952 0.059447740137421
-0.398412115189239 0.509811849703432 0.0492902321621077 -0.00271207070429968
-0.519642960993861 0.468679583588446 0.0491245296175158 -0.104371501347514
-0.618520807702491 0.244746835551926 -0.0033595769499553 -0.174322985647287
-0.55551123841632 -0.0171100851820676 0.140905696820937 -0.126985373299466
-0.441461336486799 -0.0608196170556649 0.214397674091851 -0.0808237850434329
-0.477214664202913 -0.188959509555402 0.266604207192698 0.0617871948199851
-0.591664485830114 -0.395138916491508 0.319539448111858 0.0976621128076978
-0.510582519268063 -0.420048728549134 -0.0170761977503128 0.149474567847266
-0.453968607935431 -0.288787511705281 0.0674107222104172 -0.121076152784226
-0.328766151091765 -0.183239906463307 -0.210269614572791 -0.130186164995893
-0.4579601323949 -0.164789845698572 -0.317097990373359 0.0894080986361356
-0.652429640728625 0.0180480490700897 -0.253144876214082 0.202134121329187
-0.543524980583665 0.28334434016572 -0.12733598826715 0.235067855805443
-0.440409298560745 0.487836452591341 -0.104831594441927 0.301182140164023
-0.428500579507958 0.48390384346563 -0.0964083425462667 0.262466529136027
-0.385366419604294 0.425432817073322 -0.102812051951511 0.182481785473523
-0.462983140801091 0.324270683895217 -0.0963836673105444 0.0480986800627583
-0.495177302326286 0.119147460927618 -0.11691439757872 -0.112948699056356
-0.337572156564194 -0.0423710101336477 0.138703770926765 -0.132813420252908
-0.281627348862197 0.0577153398888091 0.318535138425039 -0.0530334452408287
-0.449128554001861 -0.0457190659690452 0.338935409416137 0.154622034255006
-0.59516050744528 -0.31552337664431 0.432110960103316 0.260015107139585
-0.388969849037271 -0.310718330607252 0.0817022031532162 0.353396419757529
-0.290556262438936 -0.226949318771882 0.107101433244889 0.0978446930293482
-0.195336522690961 -0.21569843046543 -0.119593624489095 -0.0212465762929229
-0.37480904266221 -0.190695181910529 -0.290639577867133 0.0217502371587844
-0.564819331029411 0.00875984431939158 -0.388302466135337 0.184759129146395
-0.443173312907164 0.229983256782867 -0.323981528995572 0.339497478574495
-0.358941359220942 0.405031184778206 -0.271194095784691 0.471644944102789
-0.357395267226141 0.368932005256504 -0.238758339140933 0.424475298493662
-0.318082017644217 0.283259658511226 -0.241307836535305 0.308578746174544
-0.345048979464466 0.145576084423592 -0.212141907528051 0.124226508134707
-0.305653918178573 -0.00191804423935416 -0.156371457151624 -0.111068464535506
-0.103650118887745 -0.0360038929982179 0.193580845894594 -0.131754130275901
-0.137294233261341 0.153470018484665 0.398237807194909 0.0250405596997537
-0.382231793423305 0.0548549229922025 0.337287961438476 0.23736107830979
-0.507147521548621 -0.213376906060374 0.509031362366028 0.372633492115324
-0.22700937707148 -0.137769821636061 0.144335628003323 0.500054785596951
-0.115484122624324 -0.0843717042824022 0.139132214447041 0.2631022862988
-0.040792259524415 -0.136077525692301 -0.0501305635194865 0.0379827737434841
-0.180305538117388 -0.13358109802551 -0.286508372881451 -0.0344620175593458
-0.337755729329289 -0.00391498397095757 -0.486719231364607 0.199497028285857
-0.248726322044541 0.121073473197751 -0.457945769429578 0.436146826741708
-0.216024980099216 0.243641736161567 -0.382726840311088 0.584622826670602
-0.231235627518401 0.197378918718954 -0.338831411213406 0.521865570971697
-0.206186042301215 0.121974513088256 -0.346479382533547 0.361546037518919
-0.194419905607974 0.000792078242432414 -0.283590787944744 0.12751411997376
-0.121780927465916 -0.0681905734277189 -0.126274520438273 -0.136745033948305
0.0516173109251117 -0.00838192406578517 0.268213155352175 -0.0985993548526953
-0.0390330335966928 0.173656248807469 0.41653358794012 0.135686612772164
-0.268218487901304 0.0893396678224833 0.27287188282532 0.294416349286518
-0.332956077239872 -0.0996077996136168 0.540579751023584 0.425561573982975
0.0363657624720442 -0.0121350469152297 -0.603784125754292 -0.340999879741977
0.0213721542660458 -0.09676919428402 -0.275446482072128 -0.320693332669781
-0.0998286532529945 -0.0687978017391696 -0.305447656053215 -0.290489541152537
-0.0911476233287461 0.0266118202557448 -0.331444936230925 0.13026923866912
0.00641410494834474 0.0943845897674534 0.0352354263527437 0.240438883377274
0.00426707488493744 0.0770393618761892 0.315647711418182 -0.0610094290918401
0.0549755354020706 0.00688684101911907 0.397578424244223 -0.404338381485865
0.0756449399093872 -0.00379778999493518 0.382004745418751 -0.553487761583364
0.0686300538549283 -0.000417484291036063 0.396824826262557 -0.602587582593766
0.05274034340717 0.0539794942152408 0.447264615181549 -0.569961471070348
0.0512913362559057 0.0695853715364997 0.477029831898584 -0.334068563860734
-0.0534044390481197 0.094123856744676 0.31796791793565 -0.1017071893431
-0.132575908297675 0.00909619087279452 0.00269297075054228 -0.0470384927169379
-0.0306278404669318 -0.124860527199918 -0.0596523349097228 -0.209149444244353
0.0280543194251618 -0.0727249872724782 -0.0879896279100769 -0.533976559232048
-0.207976277216956 -0.126240743974347 -0.570649201076814 -0.349548326945728
-0.210293584407687 -0.0970878113500181 -0.194773599329975 -0.347625853721235
-0.215267677739613 0.0277296523863559 -0.256081492847817 -0.344858821605278
-0.143989322194417 0.0797430908272447 -0.352660576471226 0.0932371634649644
-0.100986072267247 0.110596515931396 -0.0127590886911207 0.244134100027145
-0.124122318474002 0.156378898398888 0.312765427246036 -0.0179298367302355
-0.0864753190102592 0.168434825240442 0.40204538702182 -0.348142818046513
-0.0817645014777979 0.20710962909919 0.375822380923048 -0.496512626751372
-0.0919264906973995 0.226051114406832 0.365261314027511 -0.556698857985827
-0.176813556136915 0.26394759952018 0.407458905531923 -0.57048981564337
-0.242143250427525 0.170899735618801 0.420749334024686 -0.378094796006607
-0.338400501879821 0.0414722299722612 0.305211129773362 -0.127042917082855
-0.329292847273308 -0.110660335832716 0.0142544823579655 -0.0539970980999346
-0.202797260395261 -0.268839990085275 -0.0342148602526286 -0.186861354508163
-0.173749358542778 -0.246211007225758 -0.0329009797649977 -0.456248040434919
-0.420399480735523 -0.247069895669788 -0.467772519251718 -0.3062798662131
-0.432200715647991 -0.127352236609732 -0.117401899790071 -0.385317978566331
-0.334359426460219 0.0883716715114481 -0.26273546432916 -0.366869924182656
-0.218603249254991 0.115920964880403 -0.364725802115704 0.101116765393424
-0.233973180548329 0.117018560596244 -0.0307740712258388 0.246654558351201
-0.258787477760287 0.221969374449138 0.288178397466503 0.0210341164794301
-0.224783660945385 0.31388356888129 0.351059878242411 -0.24306728238856
-0.224999810246641 0.385064548346145 0.311723154047042 -0.360162878319479
-0.224073708492916 0.414086234294921 0.289387008173918 -0.420712995074046
-0.350609325552088 0.443888983477237 0.306202151005842 -0.476418009580149
-0.472196965351135 0.280536624027269 0.294408656708033 -0.358628120079296
-0.557797906122058 0.0393698249652262 0.25336276517443 -0.14322852944489
-0.482553415572993 -0.153513784727922 0.0545222148287158 -0.066084994334505
-0.356650589803819 -0.323771644265535 0.0374672535579884 -0.122413260388351
-0.365549346309736 -0.353677450653212 0.0597738100027743 -0.303199423349909
-0.555912563104001 -0.344822070502171 -0.315832188485391 -0.20470151451181
-0.566158583292193 -0.17358548361018 -0.0498049875780947 -0.390995884603414
-0.406851066323709 0.0683617946752658 -0.292317759934015 -0.336347369748198
-0.319546903551931 0.0785435070090029 -0.365154501766064 0.135211884901352
-0.405863234181904 0.107326764411888 -0.052124394283078 0.249062682471228
-0.394717329509318 0.279087472219535 0.217043241943297 0.0690283190188687
-0.339394279718933 0.432773724435164 0.244178225333078 -0.089267631139196
-0.333392414607696 0.504584836103008 0.202967872891601 -0.166610210746485
-0.314612451799217 0.521973899467667 0.179437468289435 -0.223370238097847
-0.450886910077258 0.53473424583344 0.177182965634175 -0.305793466559891
-0.59295559534132 0.334064483702835 0.1349224093152 -0.274480383697161
-0.635748413606135 0.0438459595287494 0.182337723175073 -0.141586864075568
-0.522317997590469 -0.119323658512662 0.118350599843209 -0.0813779645432317
-0.456331476269424 -0.274534964857077 0.148861706676547 -0.0410413452791806
-0.51943563151175 -0.382607182792086 0.185204822799184 -0.114313096569889
-0.588561738503015 -0.392187651666527 -0.153152337457252 -0.0461061836526439
-0.571238712782365 -0.224098779611142 0.00583026249456424 -0.307760017361266
-0.400493422439369 -0.0377847269897104 -0.284616315099608 -0.242449183282864
-0.41900430366718 -0.0293259952239294 -0.339339212790419 0.147891463000699
-0.570132955408421 0.0830078966796554 -0.115960365180073 0.236249047596759
-0.497206428038185 0.315531408597972 0.079177362192681 0.138450914363245
-0.402510339291022 0.504425676669295 0.0924220827761931 0.0999302367256086
-0.390275554013286 0.543814331595682 0.0675392098054473 0.0529736487058634
-0.357743603317664 0.530106884536166 0.0514082744867924 -0.00490168158945621
-0.477915859799592 0.493317629019522 0.0399042393570592 -0.106425584263751
-0.590607852882252 0.281776593468857 -0.0158685015948266 -0.166862418139453
-0.544035787398788 0.0168074468855257 0.129460344717447 -0.135522987895862
-0.428918999017898 -0.031484734859699 0.205975921536801 -0.0906938346183076
-0.476142245897706 -0.150052145599415 0.266034484213984 0.0444582445225947
-0.605489470356725 -0.342516788525221 0.323054452970064 0.0706743178327764
-0.529059273913579 -0.3683844032484 -0.00900622571100213 0.149137614566449
-0.464570979116521 -0.24319381042547 0.0581873541710472 -0.129084925211087
-0.323836128395378 -0.157731757873723 -0.213730333803775 -0.117914989079753
-0.455665068611217 -0.135868234329696 -0.302033158394617 0.10993681184933
-0.641392244366826 0.0603011889069142 -0.234211007844797 0.213683064626251
-0.51558540823566 0.312227299633087 -0.109034328396325 0.237296327320973
-0.397437897286393 0.505888928079976 -0.0771418871891123 0.301641007474815
-0.384830950433705 0.504014441942547 -0.0755292143142261 0.263144182965175
-0.350767480168901 0.445600113480969 -0.0864601887414259 0.187523544819429
-0.434299451390854 0.346972806508612 -0.0920206620792835 0.0545634755697706
-0.478754796408829 0.148849575160928 -0.123113451250653 -0.0990126078430449
-0.328986879871153 -0.0243492106579081 0.126693416954566 -0.141678146963513
-0.261276562730996 0.0758558671810173 0.308115862094535 -0.0723619769257193
-0.43999006108654 -0.00995268671637195 0.341890362458441 0.131719918000238
-0.606254973923418 -0.262932541891637 0.444794987222278 0.22180337451182
-0.401110679190621 -0.271337942910306 0.101524035205715 0.339113993450766
-0.29837552360279 -0.196165881809189 0.112478568616642 0.0843247583640327
-0.199197756637091 -0.201216863449303 -0.116726180273859 -0.0150013564318107
-0.376984547863542 -0.16830591752617 -0.282338145079036 0.0404834142591884
-0.556585497067631 0.0471514793265681 -0.369103807146913 0.206225076674867
-0.420203900810349 0.253288564659558 -0.29479442879636 0.354066657407664
-0.321407519462508 0.420000924027471 -0.228606035423023 0.479050748771541
-0.321631834342643 0.386785750974277 -0.205903354406546 0.430319040896693
-0.295201205432363 0.29973195730558 -0.215013047865071 0.320189201714654
-0.331631537761512 0.163259218191884 -0.199736616033686 0.136750691413533
-0.298852226123278 0.015720951236966 -0.161526411746446 -0.0960124390700718
-0.0982228328682264 -0.0342563895545179 0.181470758215464 -0.145551119485246
-0.113350835624863 0.161132107343302 0.390274320625935 -0.00237920195368655
-0.368199312098324 0.0854218834910744 0.343266296492972 0.214143556117921
-0.512316412671041 -0.172017941207154 0.527745717013311 0.324551529963597
-0.231590406842662 -0.115320590870555 0.172481830639655 0.475978118508543
-0.11717385195836 -0.0705800273927275 0.155141246513561 0.244857437500187
-0.0456751032349088 -0.132774692627881 -0.0450063362035859 0.0391814931485184
-0.186054604725383 -0.124336890021405 -0.284229094058658 -0.0154063502849271
-0.333172727966212 0.0216468865600111 -0.465079080068945 0.226466061055245
-0.237038883583245 0.13352616185373 -0.41827712145899 0.459406470180491
-0.194206298161397 0.252041341852714 -0.330954667425175 0.597476914274572
-0.211677421754567 0.211117136825182 -0.29684736878919 0.532641811457951
-0.194614651163972 0.134890540812819 -0.316922954221732 0.377841333301618
-0.192569024827094 0.0113713229183466 -0.269204537189646 0.144147430997931
-0.12275518979067 -0.0614353956810911 -0.132369059631972 -0.125948885461379
0.055963766022591 -0.0156873592493598 0.257758266468877 -0.117871033134374
-0.0188785666972186 0.175330105132042 0.414124026908299 0.103457719496825
-0.257144229216337 0.11116113499981 0.282108501818628 0.274733552978576
-0.333022236230985 -0.0736645877760195 0.561720711440942 0.375820942233149
0.0363518369818887 -0.0135525645867604 -0.604326955956426 -0.294741489279585
0.0152216798844776 -0.0976606481033003 -0.279638355060644 -0.29674942771635
-0.102821623712046 -0.0618466033537903 -0.313687462072019 -0.273021969292493
-0.0887932386512504 0.0320752518428491 -0.316205707391804 0.142557857165808
0.0116832661404277 0.0911029053008811 0.0477037732954051 0.235251322183867
0.00926265048890599 0.0767352052386941 0.303595074236923 -0.0732813941912357
0.0529703783218533 0.00442680934103062 0.363093333599542 -0.412824461185556
0.0716068801974867 -0.00914986856289274 0.343486146274663 -0.557655513565779
0.0653438064659444 -0.00729557720470378 0.356256923074962 -0.605794809664599
0.0562609600755979 0.0490880012772686 0.404908728652478 -0.579908077532858
0.0540387525166146 0.0658899145763529 0.44407070415483 -0.350911499388983
-0.0472047031108979 0.0974912016719244 0.302924793152224 -0.113188406238205
-0.13080166026128 0.0166232803451241 0.00346090543574116 -0.0412916656227371
-0.0392297505683474 -0.12211078306347 -0.0641443467390566 -0.199867778795393
0.0233203539395636 -0.0722446270491624 -0.109465386436677 -0.51072414445137
-0.204643937397047 -0.120374291750173 -0.575020549674805 -0.304569302528386
-0.209349815366898 -0.0822164046560508 -0.203668354208206 -0.328067785337749
-0.204934405288696 0.0391498083276886 -0.268102680406255 -0.329878426709213
-0.133502081873187 0.0860520220995792 -0.336374601217178 0.106577238140479
-0.0906731861843414 0.1111386315802 0.000803266706681719 0.241199990858836
-0.11092740173286 0.157991474242037 0.30282800606388 -0.0311836425138275
-0.0758218538824502 0.167846050465887 0.371739026164577 -0.358317481686772
-0.0692746937635158 0.204546368417932 0.34029861976334 -0.502938092557461
-0.0792853104473263 0.222093907900249 0.330865663502297 -0.559238811683129
-0.156302322205233 0.265003605575552 0.363391773320526 -0.577153582245582
-0.226240561228552 0.179312355012507 0.38749831528744 -0.389842466116791
-0.326645804142459 0.0598205587127999 0.290128745021507 -0.138318550986627
-0.326040667984109 -0.0903581874882338 0.0162128780803713 -0.0488374824348907
-0.211497690440424 -0.252829882352048 -0.0394142236904852 -0.179745294013425
-0.18048905036164 -0.228561789711242 -0.0527523408198309 -0.439969708779538
-0.417525946851918 -0.214198788977074 -0.471950387816746 -0.268572719756532
-0.426554496377788 -0.0973309857927471 -0.132617805647772 -0.370048093869468
-0.314080029116065 0.104927007421531 -0.273749282498333 -0.350422355456339
-0.200345497925168 0.124463027367845 -0.346355813336112 0.11625104407035
-0.218714587493066 0.123853317588791 -0.015890493501011 0.244103353869475
-0.238089105828678 0.226460028735075 0.280761635500347 0.00636329010183013
-0.202217317980514 0.315354739377639 0.32818496777526 -0.254054310534511
-0.199137061677243 0.385750912465238 0.286253829537889 -0.366299542043134
-0.199072558476644 0.4137867893282 0.263032436582068 -0.42326584917374
-0.313702424856685 0.448391141928485 0.269989621837025 -0.481365691937041
-0.443938758211839 0.298875081687695 0.265488669920837 -0.362943334747103
-0.540779860542944 0.067665808557624 0.238468587091308 -0.152560150734913
-0.473396672452873 -0.125277386378738 0.0540823339739967 -0.0628789040151332
-0.361461071767176 -0.297129462471533 0.0324811142515422 -0.121141775568017
-0.372462554687235 -0.322257455742382 0.0452634090181769 -0.29746770062586
-0.553054946938965 -0.300872604199345 -0.3200832820067 -0.177576284528253
-0.559767597214552 -0.133768751780267 -0.0682749144823298 -0.380798974629933
-0.381831632147287 0.0880340317799063 -0.303530779212672 -0.320174825858071
-0.298919761054446 0.0919092159821848 -0.34475095928499 0.149801008038275
-0.387565152975413 0.12351402825406 -0.0366421853902775 0.245990896495787
-0.367369334186237 0.286848808191646 0.214260697647597 0.0549295523808874
-0.307145843076257 0.434877007935734 0.233068593389653 -0.0998444310399198
-0.297244831453175 0.506813246876477 0.190584371447489 -0.173247238341196
-0.279037154723489 0.523976883103449 0.16616642387328 -0.226023172737916
-0.409525056068489 0.542259051946737 0.154446606927573 -0.306553892748886
-0.558711090718213 0.356224357880746 0.115447660931017 -0.27113450105885
-0.61504380620108 0.0729403945655208 0.169209741852116 -0.146834024912189
-0.509910322656624 -0.0910270202481394 0.114904522667224 -0.0818551270637783
-0.453190612439793 -0.243571910282736 0.143896395145767 -0.0464285151427403
-0.522036455690114 -0.340288366181446 0.177203863092446 -0.122768162372378
-0.588231659741405 -0.343588626554066 -0.153687968965344 -0.0334115375875773
-0.565526736745389 -0.17974927852641 -0.00996789336097913 -0.303415539090988
-0.380520228336608 -0.0162213668593345 -0.289766091372321 -0.226981148548037
-0.402271168377518 -0.0111149537571883 -0.318187300938087 0.161947517064076
-0.551615368148316 0.108889919715331 -0.0993481875538218 0.235160514393716
-0.466718804146502 0.325902877758925 0.0834845113613255 0.128767500861006
-0.364948772732699 0.508153344688655 0.0979858928667638 0.0913797997503953
-0.348201223708649 0.549083723217173 0.0695575448121535 0.0471811419289792
-0.322258831135154 0.533966323429316 0.0532107347345588 -0.00720004306869918
-0.441364477838607 0.503412340849522 0.0322022498839818 -0.105693999681776
-0.56149182226155 0.302239665798783 -0.0247034601313646 -0.157734263330613
-0.526113107498412 0.0390693331939607 0.117695236685351 -0.139127071902155
-0.409615275016361 -0.0118927090133022 0.197228340339675 -0.0967838434362303
-0.465018313980128 -0.119208832576934 0.260152807494455 0.0319110544476985
-0.604231886959233 -0.296252448300111 0.320494050681828 0.0483044785141961
-0.529562604411342 -0.3237123218443 -0.00364346231289528 0.146622224412761
-0.462287163623052 -0.205494659494742 0.0495928421722747 -0.133331723895882
-0.31167421969973 -0.139778657533584 -0.213945314642181 -0.107692467769936
-0.446099968425195 -0.114758809973511 -0.28437370562774 0.122600634268624
-0.622620602121289 0.0922664090497016 -0.21642601331754 0.218139925390613
-0.485818160280568 0.325349495963818 -0.0948416564612746 0.235037516525446
-0.36116693421942 0.509028601552389 -0.055297120884779 0.295662388630737
-0.347990077187624 0.509190492423218 -0.0600881279193896 0.258394241523941
-0.319992338956027 0.451902704375131 -0.0720806714795145 0.186921378804165
-0.408118286681218 0.357873158830368 -0.0863442457289758 0.0588351019484904
-0.45761274598091 0.165722835187814 -0.125779456898581 -0.0866326390493977
-0.317992922180782 -0.0142206093636856 0.114367421262395 -0.146031952575416
-0.239269730658232 0.0853579583782666 0.294230991113913 -0.0851662114899427
-0.42328455043984 0.0187929186589963 0.336870826427014 0.113125968780494
-0.600534532907905 -0.219029130065583 0.445329336747863 0.187246702830193
-0.401728734215781 -0.238129291983083 0.113179244753384 0.322410643181953
-0.297373944644667 -0.169583369046528 0.113332384266832 0.0711133587926831
-0.196452884763439 -0.188163288642281 -0.113349338604687 -0.0111328332254078
-0.374653203540954 -0.151435222134083 -0.270659029569509 0.0524178386988022
-0.541056219183561 0.0754306240854832 -0.347896711221364 0.216339631178622
-0.397015126570776 0.264597805822228 -0.268374165276344 0.359422071890283
-0.291096369443116 0.421038947442512 -0.193388888335188 0.475379355349759
-0.290356183206839 0.393827715819805 -0.176922636088291 0.429179091094325
-0.272427451562124 0.308182008162094 -0.192700149819326 0.322049728084957
-0.316220083762219 0.173098055020043 -0.187204659680087 0.143504494946866
-0.288822349676954 0.0270178426616826 -0.162471087965036 -0.0832510096995104
-0.0914731033998565 -0.0350475203897223 0.16826524232415 -0.152968250289664
-0.0918088738837191 0.163206970596215 0.376399740397684 -0.022976166509256
-0.350149845415272 0.107851934168267 0.341414543575164 0.194271250634471
-0.504416119926543 -0.135957606282941 0.531389810406592 0.282655406421079
-0.230023197316838 -0.0969102352088565 0.189461621598754 0.449311280031724
-0.114745238806398 -0.0591560014420173 0.163847571412283 0.226358481923202
-0.0475716986137882 -0.12881563870101 -0.0406827311813898 0.0386738285808056
-0.186476765221417 -0.116673261804032 -0.277839266103611 -0.00178875441516506
-0.32393298098133 0.0394291158652926 -0.440735081644518 0.24157848643439
-0.2250997282091 0.140137480226535 -0.381255861415504 0.468030154303844
-0.174389184719919 0.25201742690873 -0.286574287005382 0.594425020856453
-0.193730690860965 0.215827591381957 -0.262922854461364 0.532008691889728
-0.181594149861259 0.141207351867757 -0.290681308247887 0.383283267465552
-0.188657375797086 0.0187784656510716 -0.253714739734186 0.153211022120811
-0.121041216464338 -0.0564571372873753 -0.13547837165899 -0.116134179091905
0.0583771302457658 -0.023096660173906 0.244255620137407 -0.131131929441133
-0.0024275029729044 0.172676976833142 0.403512392829428 0.0788978831355091
-0.243338974256974 0.126417798332153 0.283477551427988 0.256449640269414
-0.327090956880255 -0.0523826759958181 0.567788393313897 0.329490869003395
0.0359187224038076 -0.0142619494835966 -0.602244095211345 -0.257095335282308
0.0101510005966787 -0.0976310557787082 -0.28036434064829 -0.278459802084655
-0.104783432164783 -0.0557075106725299 -0.318341188642662 -0.260733944640151
-0.0876106841740425 0.0366760522331264 -0.303031714507152 0.150693678986244
0.0156696215358727 0.0883084790253762 0.0570075851387158 0.230581400308554
0.0134106713856844 0.0769433295754934 0.293931481082958 -0.0809453822079724
0.0513868523772435 0.00318018640529331 0.337127481247742 -0.415176173275056
0.0677155597050921 -0.0128463638332816 0.315715561235518 -0.557339321009105
0.0616822085043307 -0.0119845836032696 0.325951609372864 -0.605263441159952
0.0590211765009519 0.0448124630842857 0.368440415549079 -0.582803281855167
0.0557347350391594 0.0628087653166353 0.419238621431072 -0.359082189752676
-0.041970190779398 0.0996922780879451 0.290249405584209 -0.121108688259893
-0.129035986128329 0.0222877870806366 0.00520458264760441 -0.0364527741540151
-0.0458359975110114 -0.119785148142391 -0.0673913577874595 -0.193010283550525
0.0201815264888561 -0.0715465508839157 -0.123223779922629 -0.491178737314513
-0.201884148040522 -0.114316993625627 -0.573833946150649 -0.269518023682903
-0.20668822327539 -0.0703401180221404 -0.209561221666821 -0.313788565227206
-0.196054192172517 0.0471579523762104 -0.275362014650021 -0.319510747501938
-0.12466338770545 0.0902913192976172 -0.323388434539112 0.115136207111228
-0.08273225143488 0.110696680162121 0.0109256795413706 0.238030171752206
-0.100221953355911 0.158027579763859 0.293103330839566 -0.0405267705541857
-0.068329623408425 0.165874043662783 0.346054127429799 -0.362484165867779
-0.0605269647249306 0.200890515842185 0.31389184226105 -0.503694488638423
-0.0699871343104929 0.218282550844107 0.303137330643902 -0.559291891447147
-0.139324872895702 0.263703121150399 0.327603342769653 -0.578775771155027
-0.21266540499377 0.184704725758447 0.361804265959821 -0.394890484873636
-0.316546652592204 0.0729313934560505 0.276664900102889 -0.14583080937605
-0.322048176104271 -0.0744550211723764 0.0184569318673098 -0.0448601122614653
-0.217217611020739 -0.239374980196107 -0.0425913485868828 -0.174132364902123
-0.183222993742658 -0.214124586432879 -0.0649018668190903 -0.425603840601947
-0.412570899128816 -0.1887827804409 -0.473564722217419 -0.237184022526335
-0.41898647085004 -0.0731564850819665 -0.142774729811152 -0.357783335196766
-0.295476448199264 0.115972299640348 -0.282583182947552 -0.341437153157862
-0.184827329893024 0.128700859861305 -0.332009905343519 0.12462769638078
-0.206612230487318 0.127314825110237 -0.00599887127441139 0.240863831803971
-0.221373307278942 0.227948560454619 0.273124695439749 -0.00325049874191786
-0.18700832314766 0.313519534807171 0.309317225974752 -0.259072289103633
-0.17811592859211 0.382588488615541 0.265093099661569 -0.370811240579221
-0.178382953123678 0.412157854560078 0.243223043930435 -0.424794393700327
-0.289138338351067 0.450733012380047 0.241918217776022 -0.480799412559361
-0.420654948031077 0.309303066401003 0.243174904380039 -0.363173200194995
-0.524561896432034 0.0872327517333565 0.224988811581203 -0.157931876680399
-0.465143991035352 -0.104359596155363 0.0549506454867452 -0.0607320465103525
-0.363263781544683 -0.276706631321504 0.0290713528056941 -0.119151655876858
-0.373614086464179 -0.297077427415895 0.0365389306325194 -0.293737927463402
-0.547939508815318 -0.265423617394276 -0.320765506965715 -0.15683354454267
-0.55105724968979 -0.101768987357495 -0.0809772528553967 -0.371276704637202
-0.3600087613776 0.100875851945614 -0.30957219400105 -0.307605340117612
-0.280154749432763 0.0988519444151075 -0.327462637726917 0.158549794664212
-0.372061639034149 0.133232033638021 -0.0254153340418436 0.242210496114425
-0.346874131027239 0.29037017259407 0.209966914061432 0.0443313903033361
-0.282962432580816 0.43316711342532 0.224362584117707 -0.106437823373857
-0.267887905324459 0.504568387920427 0.179765877304863 -0.177799405304896
-0.254164283444197 0.524085343204275 0.15637691925346 -0.228491592679729
-0.377120922608325 0.543957964727955 0.136229090472934 -0.306012922940259
-0.534083547964366 0.368149463885873 0.100961367490502 -0.266487569871489
-0.599146325797241 0.0936955955300089 0.15805123171772 -0.1500368800084
-0.493747150822826 -0.0697109443161138 0.111753530035045 -0.0827592557955307
-0.447545787407271 -0.219438016673633 0.139274800261335 -0.0501943613337014
-0.521544703213328 -0.305917549032001 0.17122720089107 -0.129605495506353
-0.584678541653012 -0.30594594709292 -0.153512718718204 -0.0235745754107209
-0.558558385206087 -0.147103270482386 -0.0231054438835173 -0.300264463263805
-0.360780628559611 -0.0020113199632243 -0.29393490481508 -0.215532979210718
-0.385171930321064 0.00153059163014413 -0.301438412491176 0.170224842120522
-0.534010864207197 0.126049263048803 -0.0876816644710623 0.232482707891082
-0.444941382061673 0.332972247700841 0.0855122941433845 0.121017495419686
-0.336626890259905 0.505564269920888 0.102376219776319 0.084284216743467
-0.316586786739996 0.549259932849666 0.0702593643607867 0.042902695733359
-0.29271005582691 0.536372835668112 0.0536069225406577 -0.0101251935198488
-0.409798105191443 0.507446502010113 0.0259510149184309 -0.103997401609948
-0.535271119841636 0.314927421175965 -0.031220815731659 -0.149433848559832
-0.510921329871825 0.0529914570256462 0.107371351400208 -0.140520134018062
-0.391992842370378 0.00240839883174982 0.189852218411542 -0.100313918395188
-0.453304808594622 -0.0971645911534047 0.254447615275562 0.0225448875339819
-0.599171744161684 -0.260792004379125 0.316782641674412 0.0306256437715107
-0.526417335627348 -0.289316078940835 -0.00014958442256341 0.143568587030149
-0.45619614954078 -0.176324104369852 0.041775149489286 -0.136951963016653
-0.300702430211289 -0.127457342579359 -0.213144020176598 -0.100539678026352
-0.435877829876903 -0.10180158429555 -0.269631780934051 0.129691335964732
-0.605500628951538 0.113320046544745 -0.20300181918058 0.218900605138503
-0.462554691393212 0.332221585256989 -0.0842769305597453 0.231311497238902
-0.331682501111977 0.506678342019739 -0.0375059289762288 0.288346643671628
-0.316789280239128 0.509548235420834 -0.0479720612791139 0.253497243605574
-0.293078148095384 0.45559421779725 -0.0612773355194594 0.184787532084566
-0.385776566056845 0.363455499150006 -0.0820203872838463 0.0613261253601943
-0.440171724778112 0.177093103696029 -0.126909046548835 -0.0761140663176185
-0.307814365387048 -0.00893191639543998 0.104346893168225 -0.147821905271508
-0.219207637396346 0.090948117760805 0.282718778017284 -0.0940077428923331
-0.405892912867118 0.0385699058314697 0.331364471371867 0.100737139542577
-0.593719405518373 -0.184985286953309 0.444554904179647 0.159512114878869
-0.399410844126808 -0.211775712428907 0.120318476079154 0.308963237022198
-0.293606345690955 -0.148594039341163 0.111972840863589 0.060303006477598
-0.192875260555085 -0.180541398267672 -0.11044265189927 -0.00917751309166819
-0.36974386391348 -0.138472939743248 -0.260328027774195 0.0601883892992749
-0.52529906228521 0.0962629177454851 -0.332390565591702 0.222490315089066
-0.378346088633902 0.270246274763615 -0.24932027494163 0.359764948811169
-0.265834715888576 0.419512114171005 -0.166033628070637 0.468913990749946
-0.266833694541334 0.394064808531091 -0.156842673784765 0.423841679968314
-0.252493584362163 0.312026852022651 -0.174622979838049 0.321713302029384
-0.304675761642219 0.178511398639415 -0.176644034442092 0.148132825434832
-0.280399374780278 0.0342769895721481 -0.162301054957927 -0.0727591791263736
-0.0858420918441263 -0.0382294962848756 0.156536662996382 -0.158870833062283
-0.0726093345511823 0.162658095444314 0.362675160038663 -0.0370645101799267
-0.334142260882591 0.124277786088103 0.337611704280128 0.180145915629266
-0.49698255904808 -0.108142211488298 0.531307971000143 0.248248326860833
-0.227357976250297 -0.0822219831046284 0.196518313394459 0.427687884370889
-0.111179618500836 -0.0502408165670989 0.168340625752741 0.211087413656445
-0.0480020019144827 -0.126855991533623 -0.0367293749765485 0.0382592472593424
-0.187810853230553 -0.111720342281062 -0.27174910344181 0.00752353058511725
-0.315091125451134 0.0534976342866713 -0.420994072826435 0.25071467019751
-0.216129576092293 0.14394244430568 -0.353934839483113 0.472003199627039
-0.160216813320632 0.251584030130511 -0.253783029003516 0.589103403798754
-0.17983604543406 0.217802525130789 -0.238218211620584 0.528541688147962
-0.171163039015999 0.144627727152073 -0.270070426263148 0.385191590658601
-0.185355783781045 0.0237119284201712 -0.241028169131253 0.159071767522343
-0.119087630729345 -0.0536486183341026 -0.136477909609751 -0.108294498267187
0.0612847699336728 -0.0300308732931192 0.233264246589716 -0.140661647539253
0.0117097548782044 0.169898300598087 0.3927659080878 0.0618138708973174
-0.231253141502893 0.136961114291907 0.281498044013976 0.244140453759998
-0.32055589413396 -0.0366898307789355 0.56685667905281 0.294344351111315
0.0359053199711735 -0.0147774975826955 -0.600937274228416 -0.223515281570498
0.00474920237432331 -0.0976195346382367 -0.281752839246322 -0.262122560570805
-0.106921318316446 -0.0500617425183647 -0.32756448762567 -0.251346867811965
-0.0865265520025738 0.040743330202423 -0.292994517302444 0.157638481365451
0.0189784662464304 0.0862218937430126 0.0652510655165868 0.226261591109992
0.017623811531916 0.0769272789685665 0.286220015664569 -0.0874214772681203
0.0499244014278636 0.00204324056048212 0.313585219059997 -0.417975574549714
0.0647757698604077 -0.0161251758018105 0.291678773366947 -0.558709420771391
0.0581968230667094 -0.0163792408870618 0.297517016189396 -0.60708997984452
0.061212770307391 0.0405825589994293 0.335696929494986 -0.585466624556117
0.0585088688183113 0.0603893676532695 0.395512594075548 -0.36651916263653
-0.0359908732907608 0.102720532671656 0.280249833333609 -0.128836990487828
-0.127918303181364 0.0276128980699596 0.00737535142125165 -0.0327301034810372
-0.0521525681546529 -0.118158902091616 -0.0694599173354532 -0.187734680128413
0.0173373169580445 -0.0713642005296754 -0.134479789345718 -0.474129381765141
-0.199442121183597 -0.0843217015099065 -0.571957965120948 -0.235874188792029
-0.205576546253284 -0.0601482847724105 -0.214970605501722 -0.300836622389589
-0.188642675215826 0.0549922385561218 -0.285184974234116 -0.313718349405272
-0.116409942682384 0.0930703275958338 -0.314550526380801 0.122782921688593
-0.0751495763679803 0.110417678882098 0.019892001771413 0.235337963756395
-0.0913358553886319 0.158802935249809 0.286626869751701 -0.0481948833109972
-0.0618447324437858 0.165091748306508 0.325251440071949 -0.367511627622833
-0.0524779912343459 0.19895965549856 0.291651559098871 -0.50685165812741
-0.0627059379983469 0.215993221224941 0.279761015970059 -0.561313314733806
-0.125950658368975 0.26352331751348 0.298615187977194 -0.581838260376163
-0.200065855164398 0.189643085095169 0.338512848261769 -0.399685800513598
-0.307864291978541 0.0848406986418629 0.265321612118372 -0.152367202153598
-0.318527473879665 -0.0605180690351053 0.0202298136825864 -0.042527870758903
-0.222010229744608 -0.228125440689666 -0.0459826709304659 -0.169667489043239
-0.186729738971713 -0.202236135466785 -0.0760303680857558 -0.415806602509766
-0.40657018888194 -0.167064983410929 -0.472892701183436 -0.212071895077061
-0.413891695109592 -0.0536233048729101 -0.151729264918605 -0.34604778224267
-0.279312630357503 0.126252573762736 -0.293677545557895 -0.333321751318432
-0.169317769803327 0.132612005795053 -0.32083423928123 0.132547383250117
-0.19562758516971 0.130784631465455 0.00297522241674815 0.239111531886775
-0.20830473631914 0.228961514243578 0.267078765936494 -0.0124335415835469
-0.172890606172895 0.313116763844989 0.293408813054556 -0.26557289597436
-0.161150662255365 0.380899691304402 0.248267200557641 -0.374061416000048
-0.161286315786635 0.410874180734648 0.2236119250941 -0.428035730828819
-0.267046309313754 0.45271393832015 0.217406723650686 -0.481085314046359
-0.40024049926159 0.319222657423231 0.223731462013588 -0.36323701012786
-0.512033327307869 0.104595656762343 0.214862113318645 -0.162666984330831
-0.456111548076158 -0.0857132534027418 0.055443936902504 -0.0597938825093177
-0.365311564619602 -0.259653322190713 0.0260166521304272 -0.117238712969433
-0.375091311591967 -0.273621449076492 0.0269556406833098 -0.290484325954024
-0.542659107807192 -0.238207496607501 -0.322925018492567 -0.137558653328941
-0.542942557801293 -0.0741731196730954 -0.0921706771271326 -0.364040168742249
-0.34063528312484 0.112852038363798 -0.319075426303699 -0.299289010256336
-0.262949228556639 0.104848864273315 -0.314271010725081 0.166901576837743
-0.358342777258329 0.142943216324953 -0.0160080551085264 0.239467385014354
-0.330724653760405 0.293047246443166 0.207029773677106 0.0354994880342336
-0.263803814681892 0.435251127497676 0.217945212376868 -0.113459654761617
-0.244988023574151 0.505656134586492 0.171610968904678 -0.181534066943647
-0.230060416183531 0.525611189860432 0.147602692933133 -0.232734403494708
-0.352722115956656 0.547077260820484 0.12019337173258 -0.305482216295433
-0.508186277931788 0.381116543833751 0.0875349280984808 -0.261018045754349
-0.585182407131263 0.111453745225416 0.148516042155744 -0.151784934550307
-0.482734811409954 -0.053714055903168 0.109324817500003 -0.0837500422300018
-0.44367171798481 -0.199016772579565 0.135925896515185 -0.0532548663180645
-0.520286142816611 -0.276351535067203 0.165706632136761 -0.136287272610132
-0.58047740419303 -0.275147248776098 -0.152914943124656 -0.0141876315288098
-0.552296009689748 -0.117062649861254 -0.0349480782270158 -0.298044695781418
-0.34465270330058 0.00905085333573907 -0.299563035977982 -0.208042406380269
-0.372274104828841 0.00933086767735121 -0.285680122392708 0.176747059983068
-0.518044351359552 0.142024350193777 -0.0777946194128361 0.230411745212003
-0.425671329771957 0.338174190617981 0.0872243610191631 0.114200103012405
-0.312394535951088 0.507298228249362 0.106372041956003 0.0769826838652956
-0.290052105552804 0.548371464551736 0.070929474820498 0.0386945022477869
-0.269469801254537 0.538447771616378 0.0539334935867256 -0.013633040609565
-0.385348276682679 0.511315487857617 0.0198797944225954 -0.102000681928758
-0.515803987956347 0.328219952792655 -0.0376255540894796 -0.141200825949745
-0.500801511747142 0.0653339014507512 0.0984854263789449 -0.14186420818505
-0.375932305621365 0.0122893705002656 0.183477726984507 -0.104313364159911
-0.444643429130112 -0.0760391440608977 0.251450341062892 0.0155426581424474
-0.594660572436437 -0.226143364800167 0.313511528110054 0.0138096414899732
-0.524354514602933 -0.260985741125994 0.00265937131178385 0.141548080967055
-0.452399843537514 -0.150192233455555 0.0341187775118621 -0.140222151906586
-0.291279516421272 -0.118323848571909 -0.214040034678545 -0.0960674269837059
-0.427159899153997 -0.091131410584453 -0.257217183732402 0.135977300841817
-0.590791366367912 0.134306482792878 -0.192248253786439 0.221272693271145
-0.444713932781983 0.339735115727039 -0.0751678835208998 0.228669658934514
-0.308323801676232 0.506439317578102 -0.0224786218143343 0.282734429063159
-0.29119918172764 0.510123465317565 -0.0386650799617773 0.250392646976587
-0.273317563764089 0.458693981847071 -0.0526938313463846 0.183339926486568
-0.367825631085755 0.369133315154393 -0.0791247552863039 0.0637822189739442
-0.426236486108823 0.186530015190249 -0.128326421434145 -0.0658602313958592
-0.300963119824333 -0.0053953436188962 0.0948397502410676 -0.149639579274518
-0.201354197635876 0.0948649946780754 0.273338922382789 -0.100869657617498
-0.393244263740105 0.0563394764173433 0.328004608477263 0.0907016116448971
-0.586105196817856 -0.153017507799374 0.442577369513088 0.134176366916422
-0.398530003367743 -0.188131757074397 0.125744212835515 0.297437731428828
-0.290828691058201 -0.130279627350472 0.110279443776132 0.0506247889041981
-0.189676935078441 -0.174220147784099 -0.108449780856956 -0.00794812577485526
-0.368967411020105 -0.129969577408436 -0.252739263074838 0.0671822963076528
-0.515151022111485 0.114507434052136 -0.320068835585781 0.228052777592106
-0.36599932231541 0.276768163181724 -0.231432324445336 0.361116950798521
-0.246053099137048 0.421084418001098 -0.141792583682692 0.464222007968472
-0.248417834222708 0.39554685568544 -0.139949810905469 0.422575985873939
-0.237241065917737 0.316414609072361 -0.160717208118549 0.320655591317063
-0.295989669127223 0.185596220801773 -0.167780715478927 0.152359047783403
-0.27358570178545 0.0396615355876077 -0.16272326796794 -0.0631164159655993
-0.0816716370275099 -0.0419031671155743 0.146581829489147 -0.163390907696343
-0.0547876314662712 0.161642446024442 0.351832728697844 -0.0483686933654194
-0.32035100838496 0.139646662075518 0.335445511163498 0.169760260039582
-0.492049725251397 -0.0815751351573578 0.530467023816158 0.21771467515978
-0.225838661222892 -0.0698250338782184 0.204843539820383 0.40841473324535
-0.108322331110593 -0.0423158916214304 0.170721533184938 0.196796231407953
-0.0486581210365894 -0.125659277422503 -0.0346144732921838 0.0373697247685542
-0.188618581145437 -0.108040638705978 -0.267535317378142 0.0154099089041502
-0.308507259213943 0.0647495046095024 -0.405037738957471 0.260456435699058
-0.209399428215941 0.148000787690932 -0.331063577420518 0.476171782581236
-0.146813672473929 0.251235578264016 -0.224926341293992 0.583572883594444
-0.168266736877189 0.220678796521012 -0.214274220980907 0.528283108392024
-0.163512856321295 0.147344217195331 -0.252514761630565 0.390481668933685
-0.183532068954009 0.0283801193269042 -0.230069240785463 0.163557525111073
-0.117400765081164 -0.0513768640918049 -0.137623031438694 -0.101476531313016
0.0638222744122567 -0.036610683608017 0.223641782969234 -0.149444004196701
0.0252909195236976 0.167698892172384 0.384462297983997 0.0471996739104486
-0.219767278797563 0.148857661571041 0.280652235477333 0.23466743171014
-0.315613404614103 -0.0219666750310854 0.566896517927116 0.262588179700611
0.0455280243658597 -0.0107144822761918 -0.546507054714352 -0.308579488161588
0.0258900973012189 -0.0939820507485814 -0.22251010220877 -0.298472402543313
-0.088968920176656 -0.0658175420361153 -0.270337421682628 -0.304819010407139
-0.0875893488681948 0.0209295360797781 -0.310957013314205 0.0998055884370695
0.0012803708293065 0.0830037496117474 0.0246445053762578 0.230709202929156
0.00299490226887109 0.079479127141202 0.290981162785733 -0.0327991906754986
0.0454140786778317 0.00938491634443661 0.381493662132764 -0.348817556787165
0.0629170578292887 -0.0041207212960549 0.380931209636718 -0.486775039407701
0.0561422195060894 -0.00482803280615452 0.397823091145276 -0.532763618858811
0.0508008289898696 0.0492483727710982 0.427334694670278 -0.498169837506833
0.0452400502956131 0.0701601696825074 0.446852292761795 -0.280179680814474
-0.0545495895346708 0.0912019404314195 0.294194962813962 -0.0682018352396961
-0.132317925019107 0.00116432971441949 0.0118947047170886 -0.0261008429609311
-0.0319477983113774 -0.126074876465671 -0.0312096935695406 -0.199214099514738
0.0302955676969097 -0.0656189469608925 -0.0378956370658668 -0.49596481331647
-0.164627872454478 -0.115082999947334 -0.521043087264351 -0.318361163789274
-0.178769008485087 -0.0872013215195724 -0.152668947709021 -0.331756798039875
-0.179743426201802 0.0226363934135904 -0.224053227709714 -0.362831439164649
-0.119132921106056 0.0648483961219651 -0.32608568761947 0.061283765926241
-0.0899731828063877 0.088448110101679 -0.0193253811415851 0.230620232453346
-0.115752896829499 0.136404280976983 0.284073804314057 0.0016050634725116
-0.0898553359220667 0.146276953309633 0.381669119013261 -0.297322744867691
-0.0881213835256677 0.18449162909203 0.371198318559082 -0.434710343945494
-0.103039272236461 0.196575200722456 0.368774151272129 -0.491748654736701
-0.168789173458316 0.22927494019791 0.385473397588144 -0.499711729756649
-0.227908270576115 0.146256795242673 0.38828719314931 -0.317844318554102
-0.309199592280358 0.0204553847149649 0.275745805010541 -0.0938462023134206
-0.295888691550348 -0.122804116175452 0.0206687719420556 -0.0359278904719609
-0.173307494850616 -0.264023352009413 -0.0110891217180813 -0.181439247033067
-0.141763236288991 -0.229385093719339 0.00750263549014271 -0.426677773042466
-0.346961085316771 -0.227743859869448 -0.43257957976201 -0.281602239750071
-0.376531050586071 -0.110268056172693 -0.085328747970407 -0.376546753806631
-0.274519489174336 0.0758082900287832 -0.231631478233335 -0.388758673982717
-0.172495057288182 0.0915704935988227 -0.334664855299317 0.0685003017658048
-0.207333085252518 0.0857153830121066 -0.0345297819091495 0.231126927977253
-0.239993653885619 0.180329150125688 0.259322957241 0.0291494879883949
-0.220022769653 0.270156895660764 0.330716801436709 -0.204020364260743
-0.225177887555703 0.342684392374357 0.308638028280995 -0.31572510728944
-0.232642071017309 0.366176674854269 0.291468070325346 -0.37302796066289
-0.337481540529121 0.385187843813728 0.286659621224854 -0.415700740638981
-0.444659396272313 0.232660396956665 0.263993460104602 -0.298746628144718
-0.507428824912041 -0.00286162757293363 0.221595039420297 -0.111193850936534
-0.421580018223428 -0.177094660244233 0.0534360712719915 -0.0483657406356867
-0.302013870042616 -0.320051377926145 0.0488834319181331 -0.118577508633038
-0.308975574008299 -0.332476571776631 0.0838700277486307 -0.285329123437606
-0.466121195730056 -0.31606291223205 -0.298617019662405 -0.187980902095078
-0.496206403788943 -0.147823589630035 -0.0243858800576879 -0.390557886343086
-0.328247287592426 0.051420414019323 -0.260044137328066 -0.360915863125172
-0.253174014713691 0.0477840132730832 -0.331386483265779 0.100700862982456
-0.363798802866123 0.067268925529937 -0.0498668111744118 0.227242680655125
-0.368855495025032 0.218915185794767 0.192460067125063 0.0603458187932218
-0.327292030584108 0.370481564650548 0.229340238167486 -0.0726293198371382
-0.327698767513289 0.447231104945408 0.199104401280056 -0.143929366652851
-0.319834356413194 0.462951774927152 0.180210292461797 -0.198444652605966
-0.437252675809945 0.460900957959947 0.159625450167035 -0.26415365390007
-0.56173467974856 0.270806565546815 0.112200269359169 -0.221034215931279
-0.576371306333546 -0.0128975763074448 0.15312056305296 -0.113386593355121
-0.449805853551357 -0.151688054952473 0.107776917379539 -0.0616505724022649
-0.386979195567098 -0.277789587424792 0.142973695297223 -0.0347477989252856
-0.448989863376068 -0.360115229332312 0.192158532322719 -0.105433392944985
-0.498385078503123 -0.359068507994573 -0.154726343884713 -0.0435870979873719
-0.499725457656148 -0.188020160664845 0.022393215339465 -0.317676948406673
-0.315005568914895 -0.0497455215236323 -0.253387254352236 -0.267331350457407
-0.339751875003217 -0.0621069896347716 -0.304612675720414 0.11470108352224
-0.516487401019407 0.0409582157485608 -0.104495291424675 0.207572236617516
-0.468399570092174 0.244642259088253 0.0636021402777901 0.11264138394591
-0.384632117881799 0.431966881386947 0.0859021488148444 0.0922629019176407
-0.378538277256371 0.482917642161982 0.0623393619378456 0.049241022791856
-0.358988533059221 0.468812973345828 0.0505850951895726 -0.00449684211111736
-0.463069356303234 0.419405429698482 0.0272287115785182 -0.0877459183262759
-0.557878397332509 0.218156755468685 -0.0301456622874706 -0.128572302462076
-0.487348785967359 -0.0416302732786302 0.104728587425754 -0.114785489014174
-0.356707693481815 -0.0663530554476767 0.186499966530988 -0.0670617691487953
-0.407697891470392 -0.156238667485845 0.241429132495861 0.0556112683391258
-0.531829465530143 -0.324425828682201 0.309548293432437 0.0708908250603949
-0.45237153314907 -0.334309923392503 -0.0288818880448277 0.131553017216759
-0.400635047380327 -0.204226386770184 0.062045419398913 -0.150185832898547
-0.246311964773298 -0.163861112524964 -0.186003554483698 -0.141806899564629
-0.378029782676409 -0.165336494694838 -0.267961518784942 0.0783013066180806
-0.584639882098998 0.0221186135081972 -0.211780791287397 0.178408670582428
-0.48644514098895 0.242734565968495 -0.113413731391475 0.195202113384394
-0.379670908033719 0.432613138775214 -0.0765366271374323 0.267369814092897
-0.373285764369834 0.445486082156131 -0.0806578125179894 0.232821159532305
-0.348327473417916 0.388872982022866 -0.0871999028965681 0.165815528028073
-0.420605023317031 0.285179521762794 -0.0965509250916639 0.0515385609106952
-0.4452359748553 0.0971730514845568 -0.127134640829458 -0.0775173249732198
-0.282336549807131 -0.0720199414994726 0.108413319087631 -0.127196821672881
-0.20147318785858 0.0486488082833512 0.276782556744585 -0.0460791287187853
-0.383085524480433 -0.0166973477242129 0.301164235553545 0.14688342724683
-0.536962761526177 -0.252255731440046 0.414203504461923 0.21683275078842
-0.348663944588849 -0.244302393615236 0.0660839898677013 0.301611441382252
-0.253075975139211 -0.162564564357287 0.102817326831854 0.0525652249908302
-0.144457589251554 -0.200944763914165 -0.0963341558746376 -0.0348211283368868
-0.318502885131436 -0.192623037999757 -0.251993654244156 0.0137767763791854
-0.507042259943815 0.0162678919134531 -0.338187144390389 0.164019185620705
-0.397943178927472 0.1964318898884 -0.286401255343711 0.298918384879297
-0.30448572092111 0.360900789354809 -0.225349072668497 0.422714228881438
-0.310316516899499 0.341818419458763 -0.210067833627633 0.379122418082324
-0.285256120170184 0.258136648491295 -0.216814188360994 0.281278847693729
-0.317974909052647 0.121747388550017 -0.194130085555363 0.115984019558006
-0.27040396171934 -0.0166508926672761 -0.154890040026262 -0.0869419491693238
-0.0650468055049961 -0.0634613051806905 0.16782110785615 -0.134029381907046
-0.0736420694382463 0.145135899223475 0.348916916766057 0.0212254636015716
-0.330276007249598 0.0783738004344341 0.292624208859879 0.229206048493889
-0.459390717314202 -0.168442356604332 0.485762756942201 0.315606144888317
-0.208152769235633 -0.104087034139924 0.125401078784703 0.423162718129548
-0.0971841032707919 -0.053963906792605 0.133495825446727 0.210819137061885
-0.0218717899867833 -0.130716109557701 -0.0347891484246258 0.0267285903771151
-0.155848385174618 -0.140234988618421 -0.260392949379242 -0.0359719841920336
-0.300785540083647 0.00452813956478088 -0.428587310556526 0.180315324867423
-0.225407891806808 0.100170375471185 -0.40215582483974 0.397799112154513
-0.179407872807013 0.216162773813089 -0.326379964380908 0.523660328535122
-0.20120686997595 0.18450325160968 -0.303343963078898 0.467689960331647
-0.183342242807134 0.109961464168748 -0.316338979919253 0.330317127236499
-0.181164855510379 -0.00785986016799776 -0.253459244105766 0.112917293978048
-0.102722015704033 -0.0742453970866471 -0.118319043876786 -0.124887894545065
0.0719951920910002 -0.0292631704115013 0.245790686427926 -0.107279391122147
-0.000486648821500148 0.168325263127156 0.36559737616607 0.121570075107657
-0.237456131272451 0.105779754181674 0.226029892629513 0.285439294898093
-0.301646272189104 -0.0791798055525268 0.512767997551132 0.36675496894583
0.0462786041479587 -0.010808890189236 -0.541447878926988 -0.274693690913596
0.0217041012412642 -0.0935067584292124 -0.222530712642833 -0.281729387571322
-0.0899091131357573 -0.0604668374085636 -0.278003836682885 -0.292399309048465
-0.0861534612653188 0.0250082456143066 -0.298810039158549 0.107233157104661
0.00525085063061084 0.081431382099337 0.0323631640914192 0.224813435670511
0.0076844017048458 0.0792052403730007 0.280455341513672 -0.0391113353218694
0.0442607656912708 0.00826538257300246 0.357872260756861 -0.352470694313907
0.0597208196113674 -0.00696051124537584 0.355092606860475 -0.486575651812094
0.0517752820987336 -0.00763465903336469 0.370248100862794 -0.533147958319168
0.0524111579810597 0.0449581918081833 0.393914774279979 -0.500290170656521
0.0483072630645712 0.0675254475503459 0.423196695259451 -0.288303069475233
-0.0488931980454008 0.0933733295012747 0.282904314743759 -0.0757262234753319
-0.131552601015551 0.00705425132826875 0.012842136140815 -0.0228080991742064
-0.0382887571116804 -0.122873426672132 -0.0337344937845421 -0.192738628668907
0.0263775341749296 -0.0646522798041744 -0.0502274750009025 -0.478078216642172
-0.16061748926418 -0.103238233274873 -0.518459154628016 -0.284089812860847
-0.175923605420109 -0.0767549401877758 -0.156967427899789 -0.317416028530689
-0.170142194230797 0.0296807955168153 -0.23473917993952 -0.352534391200268
-0.110833766447822 0.0677660389562702 -0.315895323491074 0.068409757534936
-0.0823432446077382 0.088296288455316 -0.0123879416965303 0.227352912688531
-0.105864796715951 0.136780718740879 0.27534152679109 -0.00477947440373271
-0.0831147501298435 0.145236831300866 0.360634042270015 -0.301362654254533
-0.0796381679212872 0.181819426122318 0.346960472852897 -0.438070288580548
-0.0941437350825016 0.194734254235439 0.343914565875855 -0.493052581820451
-0.154490134043528 0.228386784816401 0.354763496656204 -0.50018724570187
-0.215091324706152 0.150806581601074 0.365103104472946 -0.323029895889967
-0.299446311870117 0.0320977348922433 0.263584557119088 -0.0999949341030649
-0.291511406527538 -0.108562023794973 0.0213141111556552 -0.0334892731083258
-0.177999069759763 -0.251149319691803 -0.0151065706197033 -0.175948531262103
-0.144670808518094 -0.21539320659918 -0.00534513435239666 -0.415353821147071
-0.342311218335086 -0.204452761940201 -0.431460283115885 -0.252706268982465
-0.370381337244231 -0.0892106652843224 -0.0934924981433307 -0.365096730167308
-0.257705973237234 0.0855247156828381 -0.242105105595551 -0.375868462004643
-0.157525260852923 0.0944570155433828 -0.323891858030738 0.0755918415988758
-0.194629804926652 0.0889347340222768 -0.0268458642322911 0.227432289533264
-0.225741458902254 0.181537937198402 0.251736223628342 0.021087323628625
-0.205662722340326 0.268432081805309 0.315305978154857 -0.210670279717043
-0.20749098263053 0.340479749934662 0.289742891709998 -0.319842185487001
-0.213934389409131 0.364818429993137 0.270464166763896 -0.375375895095017
-0.311705613080313 0.386329326070274 0.259992676382301 -0.414505573761203
-0.424063989645302 0.242414484416351 0.244756355434781 -0.297259300994353
-0.492186882743852 0.0141064234576622 0.210399129742153 -0.114265295174194
-0.412312934050283 -0.156982271440861 0.0525682214532107 -0.0470610534430032
-0.303523026817587 -0.300756642380215 0.0453193985151338 -0.116484497687191
-0.310784401651771 -0.308075290971229 0.0748050914126562 -0.280194359125544
-0.460437985759161 -0.287326578502491 -0.298148337304255 -0.166833421684261
-0.488549770576271 -0.121199930724879 -0.0362957020055974 -0.381462207422755
-0.308172723976988 0.064046852658132 -0.269950699802455 -0.350542783796326
-0.235601702154141 0.0526809075216064 -0.318881755726216 0.108823747705782
-0.34765193821818 0.0768913932781575 -0.042187031136942 0.224153255110456
-0.352208634230938 0.223249230677761 0.187769888441185 0.0530249737014507
-0.307131868893426 0.368944618401244 0.22181400681349 -0.0792995938767254
-0.303653692438319 0.44554707843342 0.188920276340007 -0.147189952029556
-0.295494539262251 0.463031985615971 0.169118178353625 -0.201015851102017
-0.406850174643654 0.463470659998111 0.143524936895034 -0.262731886719088
-0.537631487103404 0.28233415967259 0.0995922914866798 -0.215704781351875
-0.561451816797501 0.00492999791007637 0.142763792147735 -0.114194301611876
-0.435148407783461 -0.134379638877133 0.103841371117898 -0.0617133655811603
-0.381724691688105 -0.255024011156091 0.138567235152017 -0.0377985976395085
-0.44605297994697 -0.327522670478083 0.18457506441834 -0.112154699718906
-0.495135711927777 -0.324531994874051 -0.153448048333986 -0.0338365888357951
-0.489510508882192 -0.157475132025543 0.00896253179457682 -0.313096688694898
-0.29801462831613 -0.0359617971712842 -0.260481348878738 -0.258268222502317
-0.325755927490114 -0.0544160094148316 -0.291571694529927 0.121367085952918
-0.499001954880028 0.0556585746502209 -0.0955568134886827 0.205807179650453
-0.448624717243609 0.249623623236393 0.0637026302870541 0.107464169295658
-0.36063103893751 0.430565661313775 0.0898007438409047 0.0843875304878145
-0.352033818527569 0.481112067150014 0.0632962049308582 0.0460245569406113
-0.332300765796744 0.467003031575365 0.0488624459326117 -0.00749101268320105
-0.435557485362251 0.423276887339875 0.0210124561711773 -0.0851516053396299
-0.536343394224113 0.229983059123519 -0.0343358632698609 -0.119694678539772
-0.474340374367059 -0.0292620990730018 0.095106287022925 -0.114235388003916
-0.339062785035719 -0.0546930977886992 0.178442126696394 -0.0699293695724162
-0.396647329461894 -0.133719526706846 0.236135872026577 0.0474054552952298
-0.52450867543551 -0.289908221273214 0.304499955159691 0.0546829040988704
-0.45013396968631 -0.303989004762073 -0.0259603354374003 0.129146225381562
-0.395110473159451 -0.178526989072073 0.0530452233422476 -0.152437462541385
-0.236073263045067 -0.152150963643891 -0.188383302455062 -0.136815862709774
-0.367692047234313 -0.155821252060418 -0.257092400857676 0.0843232762654421
-0.566585800214731 0.0407045651173931 -0.201499145504935 0.1790765456937
-0.467174205544386 0.249576715592074 -0.10506418323934 0.193398038688456
-0.355040946716517 0.431103021833638 -0.0609000818677915 0.259266913960421
-0.346754033136698 0.44540104129049 -0.0704150336869361 0.229483749323994
-0.324002322695071 0.390651170681912 -0.0801812012113272 0.164117508483493
-0.399979880502412 0.290273946587664 -0.0927228494707976 0.0542409769241569
-0.430850748713837 0.106618494115619 -0.126679901456541 -0.0670529180087961
-0.2738609313381 -0.0677475605687608 0.0984947375381641 -0.128162351185178
-0.182862906147098 0.0528632351597622 0.265901441892201 -0.0526080215301723
-0.36726436784701 0.00158211908957 0.29635590574709 0.135831651683985
-0.52865708766287 -0.219226138973717 0.41031662051894 0.19137805389391
-0.346895452353359 -0.220879241254569 0.0702276479682156 0.288764226764296
-0.249606273747432 -0.144377801163964 0.0990649354964994 0.0433035103632759
-0.141323467996973 -0.192617272496062 -0.0958539450472835 -0.0334958743529096
-0.315878488217692 -0.182321053449476 -0.244457023816007 0.0202297000649628
-0.49124016623011 0.0334291600494441 -0.323555415929317 0.168765485341688
-0.383281843883807 0.202026774284549 -0.26841732008813 0.301006986831383
-0.284411784055592 0.359367155993783 -0.200724132976057 0.414359785934857
-0.289191385465596 0.342564074505355 -0.192328997494391 0.378120504239776
-0.269696458759876 0.260732909670712 -0.20280312017153 0.281456036469242
-0.307109723082132 0.126878150739426 -0.184730366359966 0.119395878734842
-0.262976795539577 -0.010832410131187 -0.153989850259562 -0.0773237311933631
-0.0606712359571026 -0.066868487702049 0.157034905175759 -0.137824876169266
-0.0556350360703968 0.143974567331579 0.337220810204111 0.0101251063716849
-0.315453032393516 0.0939166850364634 0.290020165292016 0.216420237158653
-0.449924642368196 -0.142866683309242 0.483601283475104 0.282689463465032
-0.206745709783351 -0.0901001975535085 0.13034240700314 0.403608205750152
-0.0943277463666381 -0.046216892491585 0.135282362585339 0.196725171674638
-0.0221391534067421 -0.128109796452795 -0.0322722302760282 0.0257737012922951
-0.157196185926465 -0.136019221802381 -0.255605080035676 -0.0274825261949634
-0.292461181647723 0.0155000717824218 -0.411424308239096 0.188302607620615
-0.218634516390458 0.104459802740302 -0.37539239583974 0.40139916126266
-0.16686124407983 0.21472309588489 -0.297533099599628 0.518339089151208
-0.18923684772307 0.186896642599264 -0.280994305411488 0.466488789051682
-0.174464591480059 0.11230575030808 -0.298123583242628 0.331882286119971
-0.177562376447407 -0.00299915797780729 -0.243314573175555 0.1171087020387
-0.101093432561379 -0.0718242514069651 -0.118173608396083 -0.117645528453696
0.0738150469801735 -0.0355655461885525 0.235204857714631 -0.115100712226255
0.0132076679612831 0.164778981309476 0.355952377802924 0.108235948672187
-0.226485029772449 0.116549040423962 0.226234146535218 0.27407643433401
-0.295223584056274 -0.0652590009918647 0.510703915557032 0.333226483270951
0.0470860682134416 -0.0106883679445109 -0.530481553886399 -0.246781410781548
0.0190228303210966 -0.0927814610828548 -0.219365669522074 -0.267804133463641
-0.0893955998185526 -0.0563842299200839 -0.279109169583566 -0.283695286645059
-0.0842338551538337 0.0279174741673783 -0.289076820548298 0.109236822055186
0.00760612284373778 0.0796630503549115 0.0351313352605783 0.220021602009664
0.0115534660667027 0.0785972253758322 0.272573287240973 -0.0402717801014567
0.0433194357355866 0.00786504551828628 0.338988362943876 -0.347436077893166
0.0570084537318838 -0.00755669103639454 0.335018520078681 -0.480500034124542
0.0484747899481076 -0.00958300206829023 0.347650778642227 -0.528587985069686
0.0531876199217776 0.0416281379521183 0.368489621236124 -0.494872819151987
0.0502453102575631 0.06475806395548 0.403252704437617 -0.288529702454436
-0.0445963504668302 0.0944844876312772 0.27147584141437 -0.0778947912464148
-0.129454122141713 0.0112244714694419 0.0140367637242564 -0.0198567270434977
-0.0423021761457981 -0.120309699414822 -0.0336076145933321 -0.18658718447717
0.0237969888841091 -0.0624840274679988 -0.0550028779562049 -0.460333646565564
-0.15470134382532 -0.0941058354809149 -0.50889244926075 -0.256502204687259
-0.171455299087097 -0.0684412206407114 -0.156522098509048 -0.303212632941476
-0.160747586771219 0.0342311243256189 -0.239472901461252 -0.343153327622579
-0.103366131018562 0.0685856522876423 -0.306793939907107 0.0707881509938218
-0.0753345533858203 0.0866278931599376 -0.00944659945608853 0.223465514854739
-0.0984003619399201 0.135111515336394 0.266280256044984 -0.0076462858446258
-0.0780362333982692 0.143018658549778 0.342878664206869 -0.298200129607736
-0.0738541791630271 0.178226553013275 0.329618263790257 -0.432950231258984
-0.0890647839159461 0.19093204648444 0.323139110653078 -0.487104254162687
-0.143276591350945 0.224492769246286 0.329766182403418 -0.493929876537789
-0.204217151563086 0.151520859962986 0.345460721435747 -0.319713963914755
-0.288714654861908 0.0393118918769348 0.252121385965323 -0.102193489233477
-0.283862369267841 -0.0974946856577193 0.022331878969914 -0.0305418967963569
-0.178985239134808 -0.240278397211524 -0.0148788519609847 -0.17066714039878
-0.143627217414642 -0.202327894638826 -0.0114435885519409 -0.402343353194341
-0.333893459122288 -0.188438619033861 -0.423929535853168 -0.228883956596099
-0.360024475753024 -0.0739967555932703 -0.0970010618333735 -0.351074736163695
-0.240475004394754 0.0911302540212186 -0.249618430816719 -0.367637025960322
-0.143148658096189 0.0939529050577395 -0.313658154133572 0.0785790801419393
-0.183705169490049 0.0883534260473379 -0.0238274255753313 0.223759706199407
-0.214255693512225 0.179281996331945 0.243552882635954 0.0177128232278607
-0.19624606819592 0.263491873185441 0.301685284652379 -0.210412230524838
-0.194431902280886 0.33394979849943 0.273530936826593 -0.317923189388018
-0.201424208455953 0.358306139307795 0.255330294134749 -0.370121236429216
-0.293966047217335 0.381840699771631 0.240826320718937 -0.4095488585688
-0.40526725632553 0.244327530657043 0.228618475379586 -0.291710249722267
-0.47774429243249 0.0243942103165454 0.20009716016328 -0.115007109177292
-0.3992638808622 -0.145147421343445 0.0516197064003387 -0.0446625063912573
-0.29927354563928 -0.286071760588602 0.0432008131619282 -0.113833675491148
-0.304569010040906 -0.286160244689772 0.0693217975917071 -0.274959933191126
-0.451071140292155 -0.263970889081441 -0.294023006030932 -0.14951076919091
-0.475640479178763 -0.0988740029320354 -0.0437314031836473 -0.371489972963004
-0.288035610776245 0.0701371728081196 -0.27539253261074 -0.340094346879993
-0.219606167255171 0.0525346845047103 -0.308743126131445 0.112285942563544
-0.332866567032212 0.0787345542904882 -0.0377708013184132 0.220715870546658
-0.336791031706123 0.220458299723981 0.182336177618268 0.0485643732210742
-0.292121232955364 0.362055652940101 0.214857664452376 -0.0826070890048049
-0.285442846907178 0.439128168547953 0.181573728627846 -0.148271219495531
-0.277422159853961 0.456972746119719 0.159776332458543 -0.19969525497071
-0.384909800715032 0.457774223124122 0.130566962040448 -0.257168667126888
-0.516053070880917 0.286133545791099 0.0897164662965256 -0.208410419595227
-0.544860723357538 0.0137446041543517 0.134108925500476 -0.112399883637139
-0.418565989505887 -0.123058993785938 0.100868521098523 -0.0596784141323555
-0.373036321261973 -0.237117631810528 0.135352535221567 -0.0386994278009715
-0.436410681174658 -0.301808620367318 0.178418779787917 -0.115474077523394
-0.485618466858025 -0.299569183911911 -0.151656436314273 -0.0264995582000356
-0.478401560933676 -0.135847060100265 -0.000561282187167234 -0.307589928345168
-0.278980432086784 -0.028686068174069 -0.265869749641774 -0.250365663572758
-0.309648918080442 -0.0522278637495776 -0.280106469048446 0.124209270708275
-0.482130688690588 0.0620720033583774 -0.0895148517694756 0.202700250222442
-0.433486455733405 0.249233354973556 0.0633702519099803 0.103636282461066
-0.342066191393717 0.422816381795772 0.0911926527645283 0.0772555967389863
-0.332164546340503 0.474887776853919 0.0627151770216831 0.0426205516099055
-0.31338951284378 0.462430146901051 0.047086336330973 -0.00867289183758737
-0.415198417703541 0.420236601770173 0.0175860956015505 -0.0822056509191786
-0.516387296050213 0.233141359464608 -0.0375173146574227 -0.110904565660343
-0.459445702353675 -0.023586039016657 0.0872030746057263 -0.111863931622438
-0.319109380246458 -0.0490845223708618 0.171199502612071 -0.0695697330292764
-0.381380924322632 -0.119588183371855 0.230759592504674 0.0428134189478577
-0.511256027921674 -0.260626838098291 0.298256177247297 0.0424699666010662
-0.441892691562799 -0.279549868905175 -0.0254600960614396 0.126594417059143
-0.384500357129209 -0.156071596298697 0.0444938686104992 -0.15388124972706
-0.223214848948478 -0.144336106633196 -0.190081551225139 -0.132857199759001
-0.356529855274931 -0.150374349926739 -0.247575774814617 0.0871795844332295
-0.549274208198329 0.0491350367680765 -0.192513670459821 0.17737958098085
-0.451929743843428 0.249701373459352 -0.0985948049567837 0.18976406875614
-0.336771258386689 0.42301113325563 -0.0511403085705103 0.248752327666353
-0.328185547876148 0.440213251172511 -0.0638512921902542 0.22482188764501
-0.306829164850714 0.386136231403888 -0.0747884996814191 0.161038799896345
-0.384565760896228 0.288814599902319 -0.0897296921261539 0.0557122860616319
-0.417411886910495 0.11005820435758 -0.1254450585846 -0.0583279542719719
-0.264782814002552 -0.0667306341724326 0.0899622655382741 -0.126236635159318
-0.164097297166489 0.0530703556598293 0.255996922756776 -0.0550067859385849
-0.351729975658782 0.0153871920254851 0.289852915675519 0.128637822153021
-0.515131624125351 -0.19345004995846 0.404055736813811 0.171581745436282
-0.340700304825008 -0.200575961156453 0.0686447775673855 0.276675027860626
-0.242785246233479 -0.129000024819395 0.0937757413257319 0.0359227255870889
-0.134154316243102 -0.185642272793875 -0.0954574162398006 -0.0340176104630286
-0.308688012647105 -0.17643220955178 -0.237197464933678 0.0237463690169365
-0.478214542870741 0.0420667840015195 -0.312402622703592 0.169620448332993
-0.370929107090188 0.203800855426499 -0.254994220928735 0.298036971711246
-0.267705888537845 0.351948154727986 -0.182914624023234 0.403591902292688
-0.274570782569062 0.339412552094602 -0.178595893492565 0.371009809550014
-0.256536750114845 0.25766602284706 -0.191231414228086 0.277629918549816
-0.297860485903058 0.127678124642428 -0.177779434309703 0.120389338626493
-0.255974381952433 -0.00792376972835201 -0.151878496897353 -0.0703650442400231
-0.0561951732836855 -0.0700422614206757 0.148201465928802 -0.139023798566448
-0.0398843974968197 0.141128242807425 0.325711209717275 0.00367615672433988
-0.30153683594247 0.104011151303895 0.283752390203145 0.208845276919677
-0.439102499397828 -0.124293080901142 0.475718755658997 0.257989897696716
-0.202704655875631 -0.0784461627923651 0.127757519771849 0.384130554348899
-0.0899188504081192 -0.0394648153974434 0.13279384973801 0.184284591054195
-0.0207832800860777 -0.126024223427376 -0.0313840897899689 0.0239222551016235
-0.156628456666987 -0.133146754390263 -0.25106197251865 -0.0215941605662211
-0.284943838266407 0.0213121103827239 -0.39595563723863 0.189929364019273
-0.212179861254262 0.105072346339727 -0.354744394228003 0.397576493901324
-0.157453844273387 0.210435046425379 -0.275631536542058 0.50585595991337
-0.179661005218767 0.186552572455281 -0.264864236506359 0.459055559510507
-0.167857796855447 0.111787718664157 -0.283351808225985 0.329033976786992
-0.17387748745699 -0.00146937590742911 -0.234098807449077 0.118255310281424
-0.0986262156514255 -0.0710701422052895 -0.117002803422864 -0.112851790332176
0.0750739199776602 -0.0400911078754547 0.225523838836146 -0.118538348323797
0.0239747360936989 0.161513466619343 0.346331891778576 0.0984204883403872
-0.215555851139103 0.123665137194109 0.220573652989701 0.265668854969756
-0.287326887040073 -0.0553434707883303 0.503763530676003 0.306222451055517
0.0484640957076947 -0.0103032876459277 -0.519385464888842 -0.22993022315709
0.0178306747624377 -0.0922079603261239 -0.212864725217015 -0.258975596994418
-0.0897280127957096 -0.0551400333862606 -0.279960522914477 -0.278505310896428
-0.0839380056608563 0.0292314857365862 -0.283817704718676 0.107836828782797
0.00975685307410143 0.0787388761862864 0.0350675621812977 0.21808721925732
0.014588152618425 0.0792818553146718 0.267214454385357 -0.039136002608102
0.043126613092668 0.00820446411359643 0.329919092687233 -0.340753916015675
0.0553484170432462 -0.00789654468516757 0.325115963016318 -0.474878593963376
0.0456449352515536 -0.00951856326752424 0.336189088220719 -0.521821835660719
0.0532855998363159 0.0396869277295418 0.355110261096978 -0.487073195205448
0.0516404577442406 0.0634077990161599 0.390768280412634 -0.285667378577415
-0.0411632919365192 0.0949826903693519 0.264023193241274 -0.077954281891787
-0.128494361865476 0.0134544601010278 0.0158519627533501 -0.0167288770629688
-0.0452475731390495 -0.118318601049946 -0.0308679542935115 -0.182327657711751
0.0233904620953186 -0.0601215721963296 -0.0520664293644666 -0.448558961965854
-0.148377141750567 -0.0892348531215487 -0.499623372226895 -0.239516359547183
-0.167206840703208 -0.0638507259156227 -0.152185631035063 -0.295007199555055
-0.153619966111708 0.035241637625181 -0.2432403944697 -0.340374918749467
-0.0977801282428993 0.0677547292302069 -0.301350487334693 0.0712290952119691
-0.070570695394077 0.0842723454481288 -0.00931917051070314 0.222133995846769
-0.0930374410372626 0.132736998192289 0.260998168719519 -0.00602318624251568
-0.0762818604980475 0.140835332425982 0.33240674921363 -0.293656977292639
-0.0713262570732257 0.175484750536658 0.319736455884454 -0.427899493393812
-0.0870480852817145 0.187852746563366 0.313826343948465 -0.481644626654267
-0.137077034157177 0.220276774724422 0.314517431815864 -0.485807928370913
-0.196343466589325 0.150811446136053 0.33371937291301 -0.313776091266001
-0.281626572898045 0.0422997315639546 0.245538119611159 -0.101367072868871
-0.277517684277683 -0.0924321326930883 0.024667031979006 -0.0275509608184703
-0.177515682558761 -0.233306397436934 -0.0133286288668645 -0.167051146090791
-0.14076551273686 -0.193592903163182 -0.0106876710426514 -0.39234102725442
-0.325066132404815 -0.177957231163783 -0.417504459345342 -0.214159710896174
-0.351622175260124 -0.0637918457537736 -0.0958224965920916 -0.343936353094678
-0.226982904817458 0.0921158076997619 -0.252923552094 -0.364176995025045
-0.133231959647059 0.0909241833173134 -0.30773653354727 0.0788442096125132
-0.175599611751672 0.0854085240905255 -0.0237745381119469 0.223204594983929
-0.20775457331655 0.175395809317873 0.23831627457368 0.0180778495606887
-0.191619786059644 0.258682609143392 0.293458933669335 -0.208424352857339
-0.18872410316526 0.330788552839049 0.268180702999326 -0.313854765137266
-0.195563323047992 0.353858465016728 0.247956680883383 -0.36704370803248
-0.282633145075636 0.376543332889575 0.229544429350389 -0.402382167102653
-0.39414627024362 0.243002290548373 0.2194916075733 -0.285417789319122
-0.467883998569664 0.027498335429165 0.193753691256007 -0.112795842186684
-0.388533528333245 -0.139202079269671 0.0519857380438291 -0.0417187621809779
-0.292765498741768 -0.275411941202723 0.0440714517677495 -0.112635039970562
-0.296268504828301 -0.271111254505337 0.0680659161166306 -0.271250992354216
-0.440970143362891 -0.24996636700164 -0.289121044525218 -0.139234387799014
-0.465480323925332 -0.0839851825925758 -0.0460790753119284 -0.364684506468487
-0.271045875415112 0.0727746677759753 -0.28102314561348 -0.336936358774698
-0.205642250655351 0.0489228360296664 -0.303103312374482 0.112862905340165
-0.322223481237357 0.077554123163346 -0.0365090226227238 0.219264026996676
-0.328424584064546 0.216123849479329 0.178244374298931 0.047629879141146
-0.284829585489792 0.355533197340758 0.211271455428747 -0.0837610650147796
-0.277562461582001 0.43207510199622 0.177765776839371 -0.146948518523131
-0.267791720878183 0.450391335785163 0.154669922824326 -0.196713721309886
-0.373276259903487 0.451937417263492 0.123003549460058 -0.252549262798323
-0.503785917110745 0.284854715053294 0.0854831463689121 -0.201920788779461
-0.533264620850933 0.0163992880450404 0.128012299705927 -0.109854380786047
-0.402602773725067 -0.119841248315456 0.0988214384477419 -0.0578440107616891
-0.361901759225087 -0.226335541975608 0.133977366183513 -0.0385756026952123
-0.425150600940611 -0.284706128464356 0.175703535089438 -0.116481731788769
-0.476825036306714 -0.28218363041486 -0.149825676793356 -0.0206914254202813
-0.467131972952726 -0.1179627952827 -0.0042833768348772 -0.305459441518939
-0.262147101181573 -0.0261785038600702 -0.269106029040082 -0.247949920095654
-0.296453376233113 -0.0549805892115953 -0.273269541546573 0.124967799621361
-0.470997767996289 0.061547071144725 -0.0865053250794751 0.200824748693812
-0.424121430032746 0.244858158980997 0.0623080481524391 0.101471718995412
-0.335300646320241 0.414517072910055 0.0922244656774014 0.0719750814001222
-0.322676911597338 0.468670428036327 0.0626932277044187 0.0415142064001513
-0.304278653216316 0.455266415313623 0.0459283764244278 -0.00879219284022566
-0.40490705889602 0.413247223278907 0.0147763923014209 -0.0799975505599908
-0.505741555863773 0.230970535184926 -0.0386806947625206 -0.10440264344903
-0.450698016937968 -0.0250204652542917 0.0819731140858153 -0.108700890395579
-0.302804552846963 -0.0494878574251662 0.16698333007838 -0.0677702147714836
-0.369838887451202 -0.11003802223942 0.226889262057041 0.0419838180028867
-0.499100894585904 -0.244772207812451 0.293018209066388 0.035182559669647
-0.434585360474408 -0.263407418740952 -0.0268407836832881 0.12540780449807
-0.375142508589082 -0.140982857135068 0.0387316436122919 -0.154279588614011
-0.209031885304417 -0.141439962343026 -0.192015129813871 -0.131678611485989
-0.347635274107775 -0.152386557632091 -0.240914526679901 0.0881482654814071
-0.539129801715505 0.0507563577424174 -0.187638356294794 0.175741995085814
-0.443649315540559 0.245552091628869 -0.0952950493270872 0.186987043559044
-0.329301805137945 0.415222137682971 -0.0460240689718644 0.240969588658691
-0.318831851988963 0.434611315729127 -0.0599580662018416 0.22108593354342
-0.297089171342802 0.381995092159765 -0.0724621511675715 0.158693512651974
-0.375775444782778 0.283515224361375 -0.0877437565105801 0.0567216735996778
-0.408054889468563 0.108086013703387 -0.123804371930605 -0.0531153787804189
-0.257128049054976 -0.0713215318033344 0.0843098398283389 -0.124829567006645
-0.148567256750571 0.0499975790375133 0.249426845828833 -0.054397746600627
-0.338982580863801 0.0230878890523725 0.285117819676112 0.126625456062791
-0.502108749574045 -0.179192812179531 0.39655703846667 0.159546433748554
-0.334675743215242 -0.187936218893908 0.0648441421548431 0.26906815381042
-0.235613516053715 -0.117691796989425 0.0873940691901653 0.0316184154279926
-0.12531658370085 -0.183504335812081 -0.0965691027923831 -0.0345681271328056
-0.303385535443159 -0.177341465609312 -0.232625357979354 0.0265519597476524
-0.470302055471174 0.0438958075412184 -0.304969605578965 0.167212502344849
-0.365314560296791 0.20222312161038 -0.246883023488391 0.294188387112893
-0.261182097756491 0.346882438116347 -0.173975044640678 0.392792761848893
-0.267575959281031 0.33487768462815 -0.173148762005674 0.36474406863722
-0.250482147478142 0.254155913124903 -0.186017135115552 0.274486145280483
-0.293405698874012 0.125222884331747 -0.173452931617983 0.119426454030268
-0.251032861350635 -0.00994464627631284 -0.148972203813418 -0.0661418740340071
-0.0515365980574132 -0.0748422435071547 0.142027757588527 -0.138604067551649
-0.0270051316380995 0.137354012191502 0.318341806224654 0.00362268163744828
-0.290029132015522 0.111611840050239 0.277918614081248 0.206193626008697
-0.428349096296939 -0.114349150905016 0.468410931527466 0.242311267309466
-0.199159926816237 -0.0701028601865127 0.12305463659729 0.372668840877866
-0.0859512755996201 -0.0342526455567976 0.128455412089082 0.177147772671685
-0.0163791583689945 -0.125721881761218 -0.0307921300649842 0.0222312273712911
-0.154841557157983 -0.134608823395797 -0.247318608353501 -0.0193276965282259
-0.279958537463162 0.0244240097676005 -0.387488894387498 0.187557165628691
-0.209562340385808 0.104678302709101 -0.344495610797005 0.392808848804895
-0.153287084947791 0.206049510995445 -0.264837738562273 0.495757082986216
-0.174481322207062 0.184146803436335 -0.257129775001479 0.451613083366101
-0.163497756342479 0.110795560373363 -0.277420639260822 0.326176256950815
-0.172393866577118 -0.00216249366634161 -0.227837959557871 0.116496162852107
-0.0973056638728602 -0.0722033541631845 -0.114651634298745 -0.111151138220017
0.0774490139970875 -0.0448778879502482 0.220202151000454 -0.121006334219721
0.0313535730734988 0.158287195625909 0.338122691936545 0.096374788061488
-0.20932128113071 0.128017350651615 0.215350272416272 0.26296088792917
-0.282136571974197 -0.049714832185602 0.494890307352028 0.289503869344905
0.0504248577582355 -0.0100937081872153 -0.517418435800168 -0.220262688057631
0.0171597610133761 -0.0937737498295419 -0.208836591951294 -0.256440961956109
-0.0912677321625904 -0.0546637474863004 -0.284630685694703 -0.28111627452758
-0.0846991221843132 0.0309499668454588 -0.284428147345513 0.106909383150655
0.0115202458158056 0.0792432567295275 0.03477477403629 0.220676759294703
0.0177085344010274 0.0806724674029995 0.268419026135833 -0.0378227025402515
0.0437128365401735 0.00867214229638028 0.327447074095032 -0.341488801562549
0.0551654035027125 -0.00814259279413805 0.325487155190754 -0.476703998060008
0.0436335237782468 -0.0104615540249904 0.334188980753623 -0.524307948730347
0.0541379256425302 0.0384696401270002 0.350838754711835 -0.487624145287637
0.0539044448105636 0.0640300728431783 0.38889541725386 -0.285790872440915
-0.0390905544929094 0.0978177394606791 0.26276470329429 -0.077819074277233
-0.130175356866345 0.0159955988818547 0.0180645586159847 -0.0144271770552268
-0.0485087074594683 -0.118943576049263 -0.0289334455352484 -0.182985707910044
0.0239487184387689 -0.0596309075233519 -0.0507483924875935 -0.445696217691562
-0.144777242602228 -0.086077284911257 -0.498726671970766 -0.229456550931714
-0.16581929476854 -0.0610690158133762 -0.149594470917902 -0.292958886332201
-0.149671190639973 0.0362302895871767 -0.249373763903826 -0.34411184403921
-0.0936816665409783 0.067659513032696 -0.303073774941841 0.070100546463581
-0.0673869979727027 0.0824420825824181 -0.0112401281744026 0.226348101657539
-0.0898920771012375 0.133061351363329 0.26136770319582 -0.00412528474036487
-0.0763369767055099 0.140709255938055 0.331674942001269 -0.294362489454948
-0.0708531932618443 0.175469762441347 0.319122145966735 -0.429664378131202
-0.0879609829145798 0.188310620567671 0.310958477243798 -0.483506001599493
-0.134840187252944 0.219810771046682 0.308027226430411 -0.485886162983176
-0.194132551072718 0.150732054966495 0.331700170162836 -0.314291650441581
-0.280074419409466 0.0445648445869032 0.242695826503159 -0.100243970397175
-0.276211261379179 -0.090979697196509 0.0261377614788721 -0.0251861648153201
-0.178697652517259 -0.232718022445802 -0.0115182658794971 -0.168232091001789
-0.137786667593066 -0.189574133680093 -0.00905718888107957 -0.391144706488877
-0.32069622372008 -0.17346735910815 -0.416566735257841 -0.206012426710626
-0.350461080546251 -0.0563002864129363 -0.0951150485510447 -0.343470483797454
-0.218698282652693 0.0937060645394992 -0.262115589252185 -0.367308826222478
-0.125181238028989 0.0894756175465016 -0.310304983704206 0.0789890510852038
-0.171198737880428 0.0824887783416824 -0.0245855529028994 0.227021424369827
-0.205761013700912 0.174540022388514 0.238809526273246 0.0199359489769291
-0.192501222793501 0.258415865060843 0.293229286837409 -0.208756892582519
-0.187174596753017 0.330562948306942 0.26781858518145 -0.314922210398053
-0.194777375687417 0.355376636771024 0.247053565723953 -0.367330660662902
-0.279912418075467 0.377083017405784 0.222933811582988 -0.402605834757869
-0.39300635451701 0.244788845691423 0.217896170860614 -0.283620955301047
-0.466494642712593 0.0283874607167421 0.190706927506497 -0.111926925034229
-0.38442008444492 -0.138706111104881 0.0540908749562574 -0.039597000865873
-0.291349098913721 -0.274530889087581 0.0455751476902829 -0.112782986224713
-0.293806143767658 -0.266469301273796 0.0694173135175863 -0.271861289749189
-0.438074881384496 -0.242174026790299 -0.288826538982361 -0.133340482120379
-0.463419369260536 -0.0739289336748067 -0.0473547687213015 -0.366674602280219
-0.25956123275886 0.0741124048437597 -0.289746502498607 -0.340390579487913
-0.196571782877933 0.0444399938963249 -0.302532425411502 0.114193394956064
-0.319059803202451 0.0751216094729781 -0.0357520776702742 0.222685946507593
-0.329762341800066 0.214216019790452 0.179083950286748 0.0494590954167157
-0.28701317000935 0.354812786258284 0.211358514063275 -0.0860986546394616
-0.275635585952863 0.433605175927837 0.17838869164615 -0.148030916437988
-0.267007772760981 0.451994208456766 0.154089968765716 -0.197919297100874
-0.371624728949034 0.451946057348318 0.118959241505984 -0.251542037503344
-0.500059232335384 0.286299704723935 0.0833312878342131 -0.197197855691801
-0.532772390825165 0.0151109939718323 0.125093826178722 -0.108222158491139
-0.395167925251844 -0.121824875349159 0.100111982701464 -0.0555473845217483
-0.358529675575858 -0.223004852015378 0.135491744891128 -0.0392034491542472
-0.42022512624565 -0.274444839711451 0.176699487621451 -0.119787803898338
-0.472023572492917 -0.27393374344492 -0.150105067183567 -0.0178532183514454
-0.463335960669654 -0.106054932283773 -0.00803840420972463 -0.307836834548109
-0.249325837515496 -0.0262388730219245 -0.276755218297685 -0.249878935890342
-0.289813180145702 -0.0615087076864038 -0.271814752913625 0.12742791458275
-0.469192781788061 0.0601638392370679 -0.0852843903658597 0.202406754805869
-0.424782219786093 0.24483068493034 0.0630376056021794 0.102030378068811
-0.336679555644165 0.41278916481609 0.0939524657179098 0.0686209194587941
-0.321686065920013 0.470143448764047 0.0630540193842953 0.0403719132889304
-0.302194049189776 0.456691757581175 0.0456697389401452 -0.00854016865898213
-0.40405679850753 0.414553538172332 0.0125365833609789 -0.0784691598140472
-0.505714473069103 0.231688711762105 -0.0387919471987646 -0.100198994089637
-0.450353398567096 -0.0306065183591166 0.0790749208146282 -0.107272673016535
-0.29250797766452 -0.0534749576968963 0.167113149602403 -0.0660099136747154
-0.364301982866839 -0.104289697347879 0.227978050626553 0.0422821163066602
-0.493291420831725 -0.235090711088794 0.29394580739433 0.0294737939288708
-0.432765989028471 -0.252016797488647 -0.0294435170649214 0.126091490903945
-0.371204316904178 -0.130971078240465 0.0339489532303021 -0.156652162316902
-0.198054571475417 -0.143748353195623 -0.197133262431225 -0.132757969774033
-0.343737112801168 -0.158185867368844 -0.239017693647619 0.0906236828175805
-0.538942174546293 0.0500743845132352 -0.186071127950274 0.175452539325665
-0.44664063958263 0.246756984935048 -0.0938299485874559 0.187072892345396
-0.330205900435294 0.414771005137316 -0.042443838553704 0.23665955290819
-0.317341583634577 0.435996581125579 -0.0594134959255273 0.22044427315256
-0.297797102242894 0.382857432483434 -0.0718075228707904 0.160188382912016
-0.379120806291633 0.283948384061291 -0.0883787852141784 0.0579100720038922
-0.409153582000966 0.106665206801997 -0.123863893753007 -0.0490380782631468
-0.255612276352576 -0.0781805582410658 0.0814399784033092 -0.12453490379701
-0.136097581866156 0.0466261693761568 0.247884411178739 -0.0532801772202899
-0.332257827217541 0.0297810718663211 0.28472640114786 0.127633228602443
-0.498731778031686 -0.168797706619786 0.397816329628443 0.151047250642488
-0.332807380967664 -0.179122425302317 0.0611234785601069 0.266893225305497
-0.231151546560246 -0.110384680878002 0.0834373375547007 0.0287769100426073
-0.116740417127062 -0.187398587183556 -0.098856106526075 -0.03546412274917
-0.30353259916498 -0.183574316233206 -0.23210783941094 0.0274417093204855
-0.47003147640864 0.046218630680058 -0.304574785269954 0.165629609476116
-0.367797862620424 0.202732142900517 -0.243651670720742 0.293713067865584
-0.263137076358747 0.345708226244473 -0.170264479932732 0.390289548989641
-0.265389944163375 0.336191205086059 -0.173051085334568 0.365531898367428
-0.249871011559118 0.255129872557808 -0.186332547444482 0.275455549012663
-0.295803959026353 0.124119177560411 -0.173126804271034 0.120695514397047
-0.251233688457402 -0.0128188782271583 -0.149168868282213 -0.0641425096264074
-0.0482145310051741 -0.0824660350461576 0.139708636644331 -0.140739088194097
-0.0152243039688569 0.136455569308081 0.316359488087121 0.00399190571338381
-0.285925045680574 0.119162153271985 0.276946394890184 0.20908290246791
-0.42711392718683 -0.107135062824343 0.46890982003917 0.234988082711072
-0.198398478235841 -0.0643972766547165 0.117124517847993 0.368545530346271
-0.0817670916105628 -0.0301353563823921 0.125166716707449 0.174637831454078
-0.0115973441945348 -0.128759575805264 -0.0302023696337587 0.0216622190154646
-0.157149854668136 -0.137940600703105 -0.248150084258785 -0.0186394467227771
-0.280747666428417 0.0255143538968653 -0.385886809528847 0.186858490386183
-0.211687530974543 0.105697914389413 -0.339442296581987 0.391510711255285
-0.153496296870204 0.206264892573298 -0.262696575370463 0.492425688544837
-0.173989037717489 0.185593325773655 -0.257074946030067 0.453433172791935
-0.163186537154887 0.110933515825916 -0.278301891059679 0.329823478092412
-0.174856728574678 -0.00351805128791234 -0.22811459276278 0.116917401437879
-0.0971923933147812 -0.0753618353670807 -0.115698976475945 -0.112351104696244
0.081109820523475 -0.0503883097902682 0.219265271442118 -0.122884102208846
0.0397198956164518 0.158483388432796 0.337713072656617 0.0973716881459967
-0.207155626274449 0.135052804560043 0.213592717626827 0.267773554217654
-0.282051268699331 -0.0469661794357469 0.49660166547942 0.279370949034548
0.034501576558282 -0.0379712385627771 -0.543893422182148 0.143847160431993
-0.0431407343448821 -0.0842365383888527 -0.322088856294432 -0.0829852609839884
-0.11073041447889 0.0110129800821178 -0.410352087694006 -0.053610274066039
-0.0501426047313246 0.0765371734794462 -0.167971996868651 0.266009031171306
0.0577770575635236 0.0545677316331325 0.167000990958207 0.159625857519701
0.0645213771891599 0.0526628779353198 0.1951138058727 -0.192608525604357
0.0377862697403247 -0.0205473636558376 0.0536177216632128 -0.482330947793906
0.0389516791695388 -0.0425394119774959 -0.031893893582649 -0.585806668388344
0.0271411281162778 -0.0387396838862676 -0.0576448106205622 -0.630748696589644
0.0676591598273391 -0.00607423631588136 -0.0208459144379754 -0.609193632583081
0.0860056325307699 0.0127737277711097 0.134031580011277 -0.469682687428333
0.0301960743558803 0.103621229471604 0.163291701872692 -0.225667117301293
-0.0995713801086873 0.0999541854205633 0.00980016600366804 -0.0230888113215735
-0.121204834713812 -0.0677338495617758 -0.135823015569464 -0.134129098856119
-0.0182738514070554 -0.0710307343856528 -0.321160750804744 -0.328548462127296
-0.167652338440711 0.0124623112868216 -0.538543857668536 0.138605047823641
-0.166351823155055 0.0473573236866175 -0.301428174577098 -0.140279347555094
-0.0999614020655782 0.114622888440177 -0.417475296076815 -0.122224466760456
-0.0339466520549452 0.106449119773668 -0.205722584300853 0.249251207288403
-0.00328250555142206 0.101066615453163 0.131777178537245 0.194440445011217
0.00838965517294345 0.157606259964246 0.208174744088274 -0.15768654893074
0.0208642766261045 0.157169298575001 0.087558743078015 -0.444474480419083
0.0508629893030842 0.184278077668405 -0.00784865118737435 -0.545525465350938
0.0432638987822504 0.205610997056137 -0.0518738091855939 -0.586615264263976
0.0274548120822625 0.260912193044053 -0.054296465396524 -0.584783711004639
-0.0627778593335665 0.241129680385238 0.0732958389496351 -0.456338489363179
-0.20344537817479 0.207680276917797 0.136736311284106 -0.231724083650979
-0.288756182244353 0.099828244400288 0.0118592337498229 -0.0368985081044248
-0.297172013203586 -0.0779263977490764 -0.110281350443006 -0.136101436439214
-0.233386321639663 -0.0731096396438508 -0.244540729245276 -0.314851160154013
-0.360722219880489 0.0428825483756007 -0.463078479753455 0.119074547211328
-0.307360195062109 0.157864267268526 -0.296414883774754 -0.208465982106898
-0.118189256454073 0.199266079057305 -0.443979927384022 -0.129581335607758
-0.0446622791726062 0.137910615381742 -0.203383203813424 0.263036587958691
-0.0867335545906832 0.161225748291595 0.121438831629127 0.205041043052176
-0.061313282600002 0.259567034989872 0.202656303044609 -0.122900451793082
-0.000767968152009033 0.321454078039336 0.108680750303405 -0.349131143767017
0.0522670840601697 0.382119004221923 0.0210700086236538 -0.421183931802035
0.0605115265340893 0.408904985755046 -0.0349581266897488 -0.453358616691732
0.00723605840695635 0.480385664116161 -0.0714687715090088 -0.464674717704811
-0.167664653727127 0.44243008115206 0.00359420697303381 -0.357493043645564
-0.370834969863507 0.309584946329947 0.0893562133063076 -0.207776081303127
-0.409078453660108 0.124278454946144 0.0256413221092536 -0.0657200647981881
-0.413904204293422 -0.0405310306398617 -0.0282164847126762 -0.13180029092118
-0.407243018394795 -0.0316690687924312 -0.0988141688452608 -0.274632123740842
-0.495374012350679 0.0531722604475013 -0.32124457928313 0.107202618171107
-0.406400342292479 0.212766195242845 -0.278499635306471 -0.253031587740742
-0.160229671156603 0.204398106688046 -0.451773497540573 -0.0877492326489032
-0.12732026552037 0.1401452923147 -0.177230267604093 0.289320487970963
-0.211509807244759 0.240704308151107 0.108412003885963 0.209136239470194
-0.137809484474118 0.36630627775482 0.169290708415125 -0.0606629850149157
-0.0171245100040713 0.455402368340009 0.120068854722075 -0.196196653354067
0.0436856740095621 0.521733587204699 0.0513744719104173 -0.232155768997956
0.0610350883032634 0.535322040967963 -0.00360591096373385 -0.260041463058237
-0.0198205940744994 0.598863138680059 -0.0611754198938636 -0.278880419959911
-0.231469439054899 0.549248239512837 -0.047200822766675 -0.204918643911913
-0.437244449603967 0.338528007196531 0.039266703408777 -0.163202099055489
-0.407013369139352 0.14034557806372 0.0517212514858805 -0.107395079203467
-0.432310656738967 0.0429930918035851 0.0895027762583163 -0.131544779294766
-0.515016411434889 0.0449464293846979 0.0883948139306369 -0.226477765437084
-0.540907805600028 0.0484146793679353 -0.143192346372309 0.116349433940315
-0.422043460303187 0.188295898185035 -0.214413677848932 -0.229985161435051
-0.210755834854969 0.115695086633508 -0.388547395980893 -0.0250130224933108
-0.263687761863731 0.108533667239914 -0.149488225399136 0.281259533149475
-0.342116484622614 0.320153833125895 0.0539436442228778 0.224506915573955
-0.197306720439587 0.449424521244986 0.105828319588529 0.0534900923903084
-0.0205329484052469 0.533397594165627 0.120609428579725 0.00293166388976305
0.0318018825903287 0.581257943140035 0.0752757684062545 -0.00944600512112144
0.0376290233437836 0.563179931081158 0.0271393648101789 -0.0398003580901406
-0.0713043468066869 0.590341739945223 -0.0388993856832088 -0.072986752556677
-0.27190748688146 0.508506378948394 -0.0839821389224947 -0.0501410552441833
-0.396611080396752 0.247164156675756 0.00123321705627035 -0.13301751417308
-0.273990941748585 0.129325019286706 0.0966499354249954 -0.157676376981339
-0.355309070221073 0.14363472334183 0.212910936292686 -0.124903177178659
-0.546391656590792 0.129600065393166 0.278649492059389 -0.186200625388431
-0.492277269449364 0.042928324207372 0.0405362553429927 0.153052825246554
-0.360803368564122 0.113822779248158 -0.0871735962332533 -0.137975637233019
-0.239491599080477 -0.00861770948413766 -0.254994163260678 0.0179630490108443
-0.367614523933278 0.0639258787477959 -0.150855514797017 0.230442658018989
-0.402262756735531 0.356644899103245 -0.0466749849671263 0.264070144310018
-0.211076580180719 0.46592185128882 0.0317483914189172 0.218471368559878
-0.0122049194581197 0.531079494632476 0.115110447169271 0.22427877698324
0.0121779919349378 0.552247709949063 0.087192874626629 0.211715801313329
-0.00515054564888081 0.498457043345267 0.037749427286958 0.169890507668978
-0.133406601892183 0.469676502099085 -0.0355255606831369 0.0999514880314895
-0.273585353492036 0.343324637466252 -0.123390969133198 0.0437140986362693
-0.265304885604019 0.0847951898803538 -0.010554777990705 -0.148605479473048
-0.0747232509788169 0.111417877819512 0.167045241498753 -0.199036914368434
-0.239757395482133 0.237226242189006 0.310085018228067 -0.0892971598155981
-0.50949901772624 0.188008578778818 0.437505420546985 -0.156900754106789
-0.368747002872875 0.0481699973616316 0.200754415383759 0.20254982818882
-0.239302360978884 0.0477466586536699 0.0718561222712042 -0.0233590433302276
-0.201495439918278 -0.0906772331953544 -0.113688593386418 0.0313866064930456
-0.352167363041515 0.0239060523416171 -0.185166319143575 0.17203628935904
-0.35003080458753 0.313227000284723 -0.147478112104795 0.326547716090436
-0.174384963766679 0.384659588385081 -0.0216225775800175 0.394774050959445
0.00195819936631405 0.434942558445742 0.105959371586251 0.426524704215687
-0.00618161625133833 0.439448103706045 0.0842838250142853 0.399477865092405
-0.0455816486578996 0.366916688601995 0.0192443991203343 0.336417731314024
-0.166498251109996 0.288278166035461 -0.0647078255356846 0.203116411055227
-0.219065469281254 0.145573460875045 -0.156854002466679 0.0451204611226443
-0.0934886930399247 -0.0494427530229802 0.0234066387914001 -0.199108003990115
0.0868690127909114 0.111829250964348 0.255734305002883 -0.196482488086111
-0.144471137822221 0.284238415182202 0.353844276296548 -0.0152645984744042
-0.412308511305132 0.195604952099189 0.543560881923698 -0.133450916837107
-0.194334161654728 0.0648899722710746 0.311777149182529 0.240402680889527
-0.0761365187353919 0.0233744236985707 0.20092312333931 0.064989460371503
-0.0832550401727579 -0.102687715408326 -0.0167535557364799 0.032943956356789
-0.208784033583204 -0.0213121612387899 -0.221698062364082 0.140630590333704
-0.208478468018449 0.187253288361289 -0.198454823384078 0.389107072124897
-0.105936361830538 0.212789991698975 -0.0330095658531711 0.527155412453278
0.00469981053884612 0.256242046202212 0.0960718021553194 0.56773515609319
-0.0250440672777303 0.260550138691695 0.0699182647115461 0.524379553941725
-0.0654227679391876 0.195163209388365 -0.0218820221986945 0.436658190093765
-0.147766090526759 0.107347978345878 -0.112492748217861 0.234070157481979
-0.131147963074106 -0.00286241873927065 -0.162657376601763 -0.0180102171864367
0.0353536289017408 -0.101104567605849 0.0976997974766759 -0.237161259852976
0.146350303219842 0.0994962396019947 0.331034655415174 -0.134169700243484
-0.0733440780385231 0.248609100852754 0.340167242864765 0.0775708914867491
-0.256890041443202 0.150195066831013 0.587768431119678 -0.110875128036458
0.0358180210003842 -0.0419762844862564 -0.543554261814312 0.172315780539435
-0.0484392502604558 -0.089757380197928 -0.328091909524617 -0.0733227106362906
-0.114666815515923 0.0174939447879088 -0.428017650724422 -0.0401639347076422
-0.0488473468009955 0.0826731789173503 -0.1639537237109 0.279575514754633
0.0628817914474669 0.0522698641584107 0.179310937565213 0.159574598886107
0.071456074122489 0.0503303393367562 0.194197659718758 -0.203817683117656
0.0385820198051858 -0.0232038866886381 0.0357495314893263 -0.497400804813045
0.037587070000508 -0.0450119063998883 -0.0560852947981365 -0.600838952111693
0.0248518599178626 -0.0394460086930029 -0.0842444430226733 -0.643841932787397
0.0687702019766265 -0.0100984758470136 -0.0479232988733412 -0.620860684002518
0.0904712757555365 0.00775087973329966 0.117927046088106 -0.485151918168449
0.0380347058585505 0.105370181392921 0.159272592270266 -0.235063956304831
-0.0982656250676676 0.109578691701187 0.012308194777036 -0.024473645459385
-0.129289451519927 -0.0631543366423741 -0.143640377735286 -0.133963416675699
-0.0201362870862548 -0.073129087772995 -0.336117166874193 -0.323200823665854
-0.166573020190759 0.0181420458996954 -0.538552646217605 0.166741330839133
-0.164870770716632 0.0552604204407606 -0.309049320635899 -0.134337709583046
-0.0952061848794297 0.11924179385141 -0.440763503538889 -0.108947144431308
-0.0289380267917219 0.107487802362967 -0.203739727035477 0.264360100067504
0.00171493402918821 0.100040054026119 0.145211476450189 0.198345840360157
0.0163453145628989 0.158581661842208 0.209637271858074 -0.167923100895937
0.0274864929179394 0.160251964456801 0.0704874059165523 -0.459727628222802
0.0591062524417917 0.185870288812838 -0.0292160523242875 -0.560831263261132
0.0522133219079438 0.209973206144541 -0.0774517871542913 -0.599948212362665
0.0394853134678796 0.264020509682097 -0.0805258812818452 -0.593286119306994
-0.0537725768482443 0.24714373415743 0.0568117976684 -0.467035165374907
-0.199511265050901 0.220448549725775 0.130799966649378 -0.239691195269251
-0.290483075547055 0.112617347481251 0.0141799938833844 -0.0385527136482523
-0.306882530404667 -0.0674904794414559 -0.118365620030182 -0.137547260802644
-0.235753697218328 -0.0653047971296372 -0.259146719220221 -0.314069659645356
-0.361877194224252 0.0586465130347398 -0.46342832450215 0.145707937179227
-0.302183593917083 0.17782050966406 -0.30872383176819 -0.203769924877772
-0.10677257268073 0.203404707707947 -0.467735064368874 -0.113654130150715
-0.0367767156607878 0.135405238905439 -0.199143750959982 0.277861660729031
-0.0823247075354268 0.162677779114367 0.135247066240388 0.209037300106067
-0.0531990983391851 0.264911052127296 0.204661483769907 -0.132805474451268
0.0105588043174132 0.330454790286669 0.0965410281192746 -0.362574268352192
0.0693072700612784 0.389130396036158 0.00553221536634493 -0.434726025088145
0.0777210330627732 0.416701743279009 -0.0529931706389882 -0.464676685926824
0.0284668272050493 0.48921982500131 -0.0928895132632976 -0.468987746480668
-0.151923091925908 0.458996812596541 -0.00889663060700323 -0.363780099979366
-0.366283273179649 0.33046669610565 0.0832025840048403 -0.212632848487769
-0.41174764541405 0.138075935402673 0.0271783917873721 -0.0680946819317301
-0.422360628149804 -0.0260699276759388 -0.0346210840557949 -0.13553624733467
-0.409957219244036 -0.0151770684958087 -0.110406661525557 -0.278578118786891
-0.498551979067368 0.0759769495874222 -0.320725211808157 0.126490754063867
-0.39604283178258 0.239400175387584 -0.295252018262913 -0.250717485704444
-0.148678509254166 0.207981934930936 -0.476241205698883 -0.0676780966984788
-0.121870632908368 0.138737343475817 -0.168604740938058 0.302768336508646
-0.20699371876794 0.248641094101193 0.122290417521815 0.211317125395447
-0.128057564345539 0.377378386072076 0.172777414209442 -0.0692587171114865
-0.00209107541948486 0.469093993023234 0.114127144456321 -0.208822839605128
0.0668549189907142 0.533580841988109 0.0440262349728504 -0.241095701237226
0.0850129716662743 0.544632035909162 -0.0132375442321726 -0.267011223429602
0.00487694895943742 0.613056307048481 -0.0742781118876742 -0.280248288228077
-0.216912759845013 0.569992915163507 -0.0542634147005426 -0.204668268390675
-0.436321597937778 0.360901860819178 0.0342280283359926 -0.16400420602899
-0.407273738053684 0.151734532494512 0.0513883258519209 -0.112204814037632
-0.433421109810053 0.0582466784282859 0.0861901333735629 -0.139233886208054
-0.514280620521609 0.0679175203506863 0.0799817252992728 -0.23818111988147
-0.544297786685842 0.0751838579559031 -0.139944129187672 0.127703525297483
-0.412125866660671 0.213141757273454 -0.230922969259847 -0.227415009538501
-0.20426241665451 0.116780195443285 -0.405689428129518 -0.00552971987282618
-0.265900473258087 0.110348172639323 -0.138882072033471 0.293424983666258
-0.337981380504669 0.338557617670921 0.0657084311303792 0.226609898402193
-0.187151629562115 0.468181062695759 0.111522901392552 0.0493551254645141
-0.00207709607109545 0.548943203448863 0.122861335253465 -0.00597673779610077
0.055601754672759 0.596349604579462 0.0770446058221971 -0.0138073109019747
0.0601760610736408 0.576284233312506 0.0271328744229054 -0.0417104151226431
-0.0505361167410277 0.60775366256281 -0.0422888549384824 -0.0712022261234635
-0.260441457698641 0.529742331740708 -0.0848357874859685 -0.0440866461408569
-0.402498885157733 0.264047607362238 -0.00454805438104842 -0.131936297756494
-0.270912723863871 0.130030232384263 0.0951102217549952 -0.164042967537924
-0.348695378836386 0.160644251193137 0.213545046069013 -0.136211568458001
-0.542536489141332 0.157760370998332 0.274306360368091 -0.206202694392664
-0.495350131113464 0.0675786888238097 0.0467735287763971 0.156569675601821
-0.354222052746021 0.134680269285501 -0.0983709709699333 -0.137641390483364
-0.23995246228362 -0.0108524541251026 -0.26487319989471 0.0302126381518882
-0.376146044471254 0.0713704775608273 -0.141633026241248 0.240704594631474
-0.399478443792266 0.380090560197021 -0.0374024226369171 0.269796220881638
-0.201362345282858 0.485903040048388 0.0411828233529993 0.219637033013745
0.00597791049184019 0.545177343241442 0.126433498320761 0.221033782903284
0.0356820833691168 0.566631519524407 0.0974333277936045 0.213650004849869
0.0141257212581205 0.512280652769125 0.0463126554039935 0.173256231239499
-0.121300480060707 0.487742830795695 -0.0311576024706452 0.104428343602985
-0.269200413758212 0.361134940670554 -0.121229885471436 0.0516527799315735
-0.273404744726119 0.0892112142723239 -0.0183155762147617 -0.148401030747732
-0.0651406894976785 0.103859795671543 0.164418712182039 -0.209229405614843
-0.224328560936385 0.253844117603353 0.314753910380944 -0.103747520132915
-0.504991987869339 0.216408123130311 0.434992234851344 -0.18423419538954
-0.369089013915412 0.0681938790500856 0.209866366984757 0.201489294819758
-0.233542384372388 0.0596336895939384 0.0690721428026221 -0.0258700160178273
-0.20727357989882 -0.0938464798893471 -0.117291941226954 0.0363144070784635
-0.362803218910764 0.0339786269055203 -0.180805549722957 0.183178376199727
-0.346460055190264 0.335833399861347 -0.140025443255115 0.338053320590201
-0.166142624678739 0.403544138231363 -0.00523597512892593 0.401818885995577
0.018054365298507 0.44685475978525 0.125550278799284 0.428846290999675
0.0121373771179243 0.452703125820564 0.101748947295445 0.408397803678921
-0.0339484992997406 0.377962976299752 0.0339797420592135 0.344504310001798
-0.1636932886286 0.30269784745579 -0.0576196607764074 0.210961752367469
-0.222637550570285 0.155634752490623 -0.157929658139479 0.0534099467210569
-0.100826098103155 -0.0563338962700601 0.0140812700359184 -0.203826313782651
0.101631352325471 0.100459456706127 0.25581118858222 -0.210341452008872
-0.125866876391205 0.300041560500746 0.363410841401894 -0.0279316549603334
-0.408474630077251 0.220253627446013 0.54437514970266 -0.16505240324082
-0.192077713322854 0.0771319332091901 0.32152521437967 0.23569734856111
-0.0707898044741195 0.0269137170616715 0.204740350459556 0.0592697962510938
-0.0894902204126897 -0.108579452983713 -0.0162073616231456 0.0334874535805702
-0.218982396825497 -0.016306109896002 -0.221734394246519 0.1534016213338
-0.206604468608787 0.202245434050794 -0.189796233235159 0.406517282333351
-0.101515597762694 0.224215955436467 -0.0118767835883797 0.537620428954033
0.0149177369354589 0.263747729538306 0.120662679479116 0.573097631206578
-0.0144381143889762 0.269757831812597 0.0920770962792967 0.537502278811205
-0.0604707154157568 0.202436994215706 -0.00538984542883439 0.451033193627309
-0.150832350811092 0.117385546511122 -0.106784616823217 0.244142914912207
-0.137298899674708 5.00414339463882E-05 -0.167974699614728 -0.012462996539973
0.0315848175350553 -0.113311501954222 0.0891110505260814 -0.247897593029864
0.160613545191938 0.0902523499429992 0.335721916496984 -0.148337192100252
-0.057964524109662 0.261788265820402 0.35263830439419 0.0706077746907278
-0.255697377336736 0.167242895088179 0.58983322882512 -0.142508820016693
0.0354775210970522 -0.0473469868750138 -0.527530678440973 0.212541279248307
-0.0556715171873012 -0.0831750977872553 -0.327447877086479 -0.0581982710258877
-0.115579967619391 0.0274788491141602 -0.439475221540815 -0.0136735404376453
-0.0441873209733369 0.088867594198531 -0.151347996890179 0.291302141156613
0.0676042009133243 0.0472891478365379 0.193144183233871 0.152520331274059
0.0779667786878196 0.0441569718610647 0.185972494602257 -0.215718920149633
0.0367042447710547 -0.0262538621364077 0.00393615657366288 -0.502976773434011
0.0343700771863083 -0.0482051198855951 -0.0931717134939959 -0.605798873095842
0.0214285792611004 -0.0398612893522699 -0.12565328068448 -0.644095341052019
0.0689009057029312 -0.0158774425551796 -0.0860024084473714 -0.61806754420764
0.0927154645864895 0.000247218093737064 0.0881545447618574 -0.494359490618449
0.0476116868284506 0.104796917277048 0.146791793515177 -0.244161781001727
-0.0915334765227285 0.119276405501453 0.013940368625625 -0.0252517513141267
-0.136892406508807 -0.0542971291743904 -0.151209539700764 -0.127535524207837
-0.0237733142536795 -0.0737443062680966 -0.351074970230618 -0.306718219879317
-0.162447257612137 0.0270505637260395 -0.523879744113144 0.205708210775334
-0.159705082866529 0.0654554870678945 -0.314872428935101 -0.119548372857126
-0.0861210346994228 0.123824989549076 -0.458056910668836 -0.0804287223679701
-0.0218290256394464 0.107074678568167 -0.192131571600681 0.27920377497523
0.00728268081049037 0.0958132849137918 0.161094589213167 0.194913377401672
0.026241517410357 0.15629798214547 0.203902454878155 -0.180587634297066
0.0364595031766887 0.159758429917652 0.0422006537844277 -0.467082955188161
0.0706851198194251 0.183328304166755 -0.062788561450292 -0.565780045301296
0.0647681784853128 0.20918417317578 -0.11426640082051 -0.599649167464915
0.0562378804224731 0.261716275349691 -0.118722467138335 -0.589199278461071
-0.0374203262280265 0.249875960385922 0.0296626127706697 -0.471065541971329
-0.185782460904333 0.23396776363508 0.11882211228648 -0.246075825978355
-0.283813641705906 0.13037030411068 0.0148480252264824 -0.0403141800376887
-0.311889180280391 -0.0489608447031323 -0.126805519902557 -0.131927066171205
-0.235727767357053 -0.0527509484400632 -0.275477690164465 -0.302130679200281
-0.354208666074903 0.0804829016248809 -0.451793948614264 0.178934386836532
-0.286381155195654 0.199446863554899 -0.320866506021406 -0.187789253924981
-0.08909076407025 0.205666328094555 -0.485505693002271 -0.0828324960671272
-0.0261496219153696 0.130743030927431 -0.185671480797713 0.293107104380566
-0.0737763510799308 0.162339713779394 0.152489693266503 0.204672159860383
-0.0395698965557511 0.267401850824673 0.201553460402203 -0.145846581830674
0.0285201511167896 0.333106145601483 0.0750664051919805 -0.371565491372148
0.0925644710178519 0.388130936891976 -0.0201003507775612 -0.440654417786376
0.103595630807616 0.41656152244958 -0.0809751736343661 -0.465202762260022
0.059490975807783 0.489461321595306 -0.122721673127078 -0.463850437726145
-0.125026894276252 0.470572412659222 -0.0295316871329665 -0.364032567341858
-0.351477963412978 0.354786056893448 0.0722419534282643 -0.214895042091174
-0.404599724222159 0.158968616550034 0.0260436553659907 -0.0713159206814595
-0.421773236863913 -0.00182274661385358 -0.0426403937922736 -0.134586131170353
-0.402268395216492 0.00777063638070036 -0.126054328208301 -0.276215294620188
-0.489077171006917 0.108352156317744 -0.310368791965315 0.149550425975796
-0.374597916552523 0.267321838926268 -0.313497042959256 -0.235021450008529
-0.129381402262942 0.20984837544921 -0.491105045940124 -0.0364506380469997
-0.112775612920459 0.135341138580953 -0.149611893672565 0.315986428703216
-0.194653988867878 0.258511902903478 0.138979125903496 0.205825718378006
-0.109758255292521 0.386361287984008 0.171225380008522 -0.0814775535896331
0.0256795592709806 0.473853135960173 0.100889699887924 -0.219922684155555
0.101234374249715 0.534402718390096 0.0304928342700383 -0.247681235836262
0.119904196526962 0.545147737669313 -0.0294932372709549 -0.269376644737633
0.0417357102134079 0.617212122293676 -0.0917296972222578 -0.274451791310568
-0.184543099330968 0.586304134583541 -0.0633627479542795 -0.199527477083814
-0.421324847992374 0.386202354070053 0.025981169872255 -0.162947288204495
-0.39849564561061 0.167207763842612 0.0477938220107122 -0.116075603595226
-0.425234715501556 0.0826761238019575 0.078380918468553 -0.145730348665616
-0.499020174880774 0.0997654460102379 0.0649560815398448 -0.24857444319389
-0.5350283884496 0.111223810503277 -0.131063895217321 0.138960300530437
-0.389724150938291 0.244161918364225 -0.249240201967734 -0.21534820084252
-0.191126563101077 0.119036578235228 -0.415838864115188 0.0221770804383176
-0.262932214617933 0.116356447158345 -0.118273405181973 0.302641671566569
-0.322443980567792 0.35726191214693 0.0815690718120199 0.222966834353669
-0.16351046480469 0.481492676032812 0.116413509693794 0.0403403583091473
0.0299499010554223 0.553607969492305 0.122515561189549 -0.0181750847784581
0.0927574061398576 0.598446344918726 0.0779554486561809 -0.0200439473925343
0.0953089030414685 0.576598645229452 0.0254233827482211 -0.0438555710918784
-0.0136980727849581 0.616250953420788 -0.0461937554688634 -0.0674081255398813
-0.233705762045237 0.549445675594162 -0.0841207200522054 -0.0365234203018054
-0.393787161242647 0.286570107553422 -0.0124074880672568 -0.127910827344305
-0.261777180049654 0.13413153441992 0.0880698530161918 -0.171146332231447
-0.329714158689815 0.180157218609433 0.206160427929731 -0.150376575382619
-0.523029383512409 0.19294109262118 0.259615330126674 -0.229258965212018
-0.485723970415654 0.103024731892903 0.0557659321386925 0.15710702397455
-0.335793789844488 0.158998371002463 -0.110464721087344 -0.13163123003849
-0.238038229326095 -0.00732488950621961 -0.269314028428804 0.0481346109656761
-0.379803299911218 0.0861760387239691 -0.124680779715672 0.248882918367827
-0.380942679083749 0.407732620484893 -0.0219320097807983 0.272795570346661
-0.176304863125294 0.504299241747313 0.0555876097824447 0.216530890743748
0.0391869996363508 0.551595815953144 0.138957923380579 0.208623845821459
0.072743866009434 0.571162291587574 0.111657648668525 0.208521539808906
0.0442482463459719 0.515832572814965 0.0583418406220556 0.172164192312292
-0.0946367847271169 0.500152898053028 -0.0240641436425721 0.107747464860111
-0.252970909067683 0.379990941270414 -0.115448071432289 0.0620204376227168
-0.2765975191409 0.0990216802137723 -0.0277750250521307 -0.144445269156354
-0.0542848359092032 0.0938674751053473 0.155135610004773 -0.22125498897079
-0.197724243583344 0.267308678056972 0.311337500758588 -0.122637035771094
-0.483182569961756 0.250666729784079 0.420596560985033 -0.217287667414415
-0.360560495881942 0.0953313645194857 0.219558107477324 0.192795822952904
-0.221190717383937 0.0755084473300688 0.0645092760452432 -0.029548391656104
-0.213016483502359 -0.091971852332709 -0.117518786791862 0.0440146873790226
-0.368766730254376 0.0512441476926038 -0.16825079573811 0.193981154788418
-0.329127477394558 0.361967744374179 -0.122480979983972 0.348141715840803
-0.14288362149598 0.417831833696673 0.0215655290573527 0.401736771192784
0.044857139769109 0.450186002435571 0.152691814617888 0.418703454045756
0.0411296237334815 0.458023126053345 0.128482843144215 0.406345541652652
-0.0128260043070272 0.383392529423577 0.0561190811134946 0.347192169718757
-0.15018626421791 0.315966063984443 -0.0449735551737392 0.215640855003216
-0.218809158519583 0.168549585378012 -0.154317125123305 0.0639046903426166
-0.110565424668313 -0.0603858371248865 0.000124561971552818 -0.204827627765245
0.115547331881312 0.0833098515413684 0.246421529195625 -0.226097521290999
-0.0961025158360872 0.310877562797974 0.365686936407074 -0.048185285758713
-0.389074855215331 0.250942457984531 0.528356423894726 -0.205059676293499
-0.183263256336312 0.0921033125262905 0.331109473933012 0.220364634556068
-0.0644995396294058 0.0310622052151202 0.207284750989006 0.0479214858084917
-0.0972062222860189 -0.110607508834912 -0.0144085461037223 0.032726387061765
-0.225707035566824 -0.00466518390710764 -0.213578117507301 0.168015633529302
-0.19605374984377 0.218252067935342 -0.169541913969146 0.420273882976296
-0.0897304159395002 0.23418471316378 0.0211216402215376 0.53918723857939
0.0309357950106604 0.264578009765316 0.15745322763323 0.566179917710259
0.00350458422598185 0.274505166561262 0.126409990876931 0.538831689557634
-0.0495403605882497 0.2079774989989 0.0239332712379228 0.457727882987293
-0.148656660004106 0.128298640803476 -0.0933635556485121 0.251674227438674
-0.141875736697678 0.00644808338571735 -0.171034485893744 -0.00380225426278301
0.0220413252778793 -0.123702652793941 0.0739006201084619 -0.256566763271669
0.173763777952827 0.0749070426974843 0.331665036107783 -0.169106175486805
-0.0340229773111017 0.269922335331309 0.361674783260836 0.0530889347796934
-0.243267752525446 0.187121487218812 0.574793766085465 -0.186084108176655
0.0334033891448617 -0.0512696976660396 -0.494312321996029 0.243276697911017
-0.0615413630179047 -0.0811007912451788 -0.319206828706732 -0.0420266487518196
-0.113151667926793 0.0363203302855969 -0.439191987430271 0.0154281467274392
-0.0379204129185567 0.0933669607829385 -0.13437770281215 0.298698133267949
0.0702313334726383 0.0400459227102784 0.202287394422638 0.140459858633637
0.0816946882173081 0.0368673045394931 0.172547723660924 -0.222496560875054
0.0339398022754605 -0.0291889360275961 -0.0281218421080389 -0.494413432363104
0.0296060900676913 -0.050661950303068 -0.129200871726577 -0.593249512900242
0.0179364866403725 -0.0389186170622368 -0.164552829596552 -0.624035082728198
0.0670158913346173 -0.0211481352225965 -0.123004431461826 -0.597076333198932
0.0915257045987526 -0.0083255343310311 0.0565208886470934 -0.490437149534499
0.056163180973028 0.10023042858092 0.130575594147285 -0.247033321500802
-0.0823321883940203 0.126495967818819 0.0150402315081001 -0.0251079374590763
-0.14006842999402 -0.0431865419123918 -0.155023437939248 -0.116981236302062
-0.0269706338361265 -0.0730625490711361 -0.358966104283129 -0.283202487893795
-0.153571060820675 0.0338770445541371 -0.492271333365478 0.239135961527865
-0.14948695945921 0.0735383900258922 -0.311389457078033 -0.102426547790064
-0.0746339662549658 0.124329494882692 -0.462243722572263 -0.0490017337324249
-0.0140096117216344 0.103677947331487 -0.174495761441722 0.288142928917203
0.0118188516228652 0.0892880975737019 0.173924746889589 0.185529955021121
0.0358956702643978 0.149569979887987 0.192869799846292 -0.189682126952604
0.0447425427949789 0.15491617980977 0.0130432044675611 -0.46258869270847
0.0803026072296366 0.175796331218194 -0.0967428344855342 -0.555849637735909
0.0759386913370706 0.202820048216596 -0.14947331648775 -0.582551779471368
0.0720488057527429 0.251748232355842 -0.154871204440116 -0.566953195928672
-0.0220869237605496 0.246346999826654 7.55721285182861E-06 -0.463402904502495
-0.166453995754334 0.241020704150401 0.102355503091317 -0.247159738142872
-0.269069769935111 0.144862780019357 0.0154695309378329 -0.0410010017041566
-0.30805446147288 -0.0291351863907954 -0.132059218344883 -0.122683035450101
-0.229704169520588 -0.0390356061458944 -0.283984841926332 -0.283428989320775
-0.336711691497882 0.100346708188964 -0.422324309072492 0.209152727602782
-0.259822694231347 0.214311684183245 -0.324005397874474 -0.168502555764727
-0.0705045219147776 0.201414764604468 -0.490255928144122 -0.0475345103374443
-0.0168491978302837 0.121296325815625 -0.164973377391314 0.3004207413741
-0.0648927165200476 0.15792914970832 0.165639721466523 0.195133821797484
-0.024085524178847 0.262283693254534 0.191301036464914 -0.156581334022781
0.0472052848543645 0.326592894338652 0.0500251928592174 -0.372204598594699
0.116331533151749 0.376420370894416 -0.0470377712029119 -0.43424042625666
0.127684971280933 0.402895787938583 -0.109172555468859 -0.453153964288903
0.0875057020922343 0.474858971387332 -0.149498424232592 -0.443967246577505
-0.0937173146999801 0.468855239425556 -0.0501298207810911 -0.353634861472516
-0.324256982819036 0.368798819722676 0.0604252178180765 -0.212064076313495
-0.385558075937582 0.174998956116712 0.0242596471115844 -0.0723421955281497
-0.409773650616434 0.0228435316988337 -0.0501373746114484 -0.130365234747259
-0.385509686007438 0.0300012921542936 -0.138896585471484 -0.266010177723906
-0.46707298208629 0.137417700282252 -0.289215542462355 0.16957923323976
-0.338759347857477 0.288916550506501 -0.322819445073926 -0.213865717088027
-0.107887729031563 0.204317911940278 -0.49093746472346 0.00103214269039325
-0.102170251564573 0.128480927685545 -0.125309640965725 0.319565584448684
-0.179453808302343 0.260128087061371 0.152347957730707 0.194743805120377
-0.0863682302488014 0.385672380278859 0.165579010236588 -0.0927060886938142
0.0517098728939381 0.465807931746294 0.0839917701485915 -0.22547626259471
0.133629851640108 0.520504553652007 0.015018113257341 -0.248461749723522
0.14960163352777 0.52877877796098 -0.0444913381235381 -0.263751591084304
0.0797405932220695 0.603634478246544 -0.106669425947583 -0.261649533550348
-0.146934560835001 0.587597940625872 -0.0714419486265322 -0.189891354868461
-0.394977020126477 0.405204352463972 0.0182941553257507 -0.156597633892703
-0.38115031080169 0.177679342045016 0.0424081853113621 -0.117703815010951
-0.403848546006687 0.103128886333663 0.0677585359635994 -0.147811181655696
-0.471537130703138 0.128265548912454 0.0474855063389231 -0.251474636159549
-0.509285718223639 0.144370505606907 -0.117024985543029 0.146524162268118
-0.353056908405331 0.265972353357342 -0.2600139039431 -0.196081338303579
-0.175393822372276 0.116949184599289 -0.412517173080042 0.0525809540587433
-0.253925823459052 0.118806638903307 -0.0938961602105373 0.302338756993144
-0.297418244529363 0.367418630455125 0.0951915459967904 0.212631945381515
-0.133175569610739 0.484715094897036 0.117505645853728 0.0294568632966724
0.0612798308390213 0.546168749809292 0.117229313451683 -0.0292680849413871
0.130675402995389 0.584567592431472 0.0753298867860178 -0.0263570699829244
0.127656426658483 0.562229599756405 0.0233227138520715 -0.0457665822563867
0.0218875650683802 0.607052970141489 -0.0479483034073472 -0.0617469294822987
-0.197901738737712 0.554510358874571 -0.0809355986253626 -0.0286798737046126
-0.377237044337221 0.302208954539483 -0.0176450837060988 -0.119358851939614
-0.247326474845608 0.133594396342687 0.077411419761465 -0.174289171855054
-0.300649821024033 0.191573113820667 0.19255518209826 -0.160373519720756
-0.486769386408027 0.220187979021005 0.235761867771227 -0.244924912651661
-0.461371560104695 0.134371264938696 0.063929742451134 0.152924981554932
-0.30543507457271 0.17710473735148 -0.120082465757352 -0.122398928191046
-0.231434208047464 -0.00488612942848499 -0.265146242688823 0.0679054542457707
-0.372037837481507 0.0994616836669295 -0.103284053850164 0.249126595332867
-0.352231607958518 0.423943699936627 -0.0055338878041079 0.267079054942545
-0.144068990496454 0.508429350518121 0.0678972429612463 0.205787924402559
0.0713970208199887 0.542422095537973 0.147813571321107 0.191824539663347
0.108375214826384 0.558773820385056 0.123268390169831 0.197628120421754
0.0744645065421841 0.506048334915556 0.0694311072948553 0.165892372339091
-0.0659294745992446 0.499440313074913 -0.0151733979098871 0.107547085347721
-0.231282623650126 0.389246202966937 -0.106703119073002 0.069624649199124
-0.274734246451183 0.107430780280799 -0.0352456321795376 -0.135809991426388
-0.0442090935828853 0.0799480168855031 0.14029460377171 -0.226346347614526
-0.163556308026136 0.271271937017035 0.297994313297934 -0.13917306072798
-0.445090025794031 0.276957303941966 0.392166986441263 -0.24455216371919
-0.338998124126604 0.118140589433714 0.223664344661456 0.178163427850657
-0.201671039799787 0.0872251243982653 0.0589142596888455 -0.0321840425401858
-0.214742975592066 -0.0870673824435139 -0.114474405227162 0.0508670957023033
-0.363997442003985 0.0680043334223873 -0.151113686684006 0.199303008865525
-0.302473570840391 0.377629959337044 -0.0994261738457198 0.349175425601379
-0.116744470965405 0.42239872544307 0.0447545875817234 0.389813282331416
0.071259926174816 0.441812306920616 0.173816817031285 0.397986060084127
0.0706818106193817 0.448673741837017 0.151014825428653 0.393560049235606
0.0104471814168117 0.378468442738145 0.0779514102009784 0.338554533437484
-0.132513514011388 0.322605685151972 -0.0298928471417761 0.214335183495205
-0.210015920890227 0.177964163865123 -0.146415493043189 0.072669260264221
-0.119003902898318 -0.0605114485737335 -0.0132646450651467 -0.199424365810415
0.124272650411007 0.0616998454307473 0.230369920376902 -0.238455641207551
-0.0618018502465217 0.310527864079033 0.357406686644475 -0.068525949416534
-0.358247198102261 0.271551158325869 0.496612357120254 -0.239325135484341
-0.168658591789115 0.103864904746426 0.332312966734879 0.200306601455233
-0.0553098080561838 0.0333406012587999 0.203820963912528 0.0349754329725873
-0.103277607141508 -0.109255030504848 -0.01297213225079 0.0319214056715385
-0.227388732152335 0.00782816140313401 -0.199197259078331 0.177972649085814
-0.178681910029894 0.228330740219468 -0.142521907585876 0.422174133668255
-0.0744492498519082 0.237930694897534 0.0550920261567116 0.523501774299182
0.0467270914319117 0.258467020729955 0.189618563732632 0.543767824450357
0.0223984409306225 0.270736875234124 0.158009412284249 0.523752047574024
-0.0371714791978307 0.207876005058751 0.0534473262591565 0.45069028404394
-0.142102945439281 0.13689224282428 -0.0765527626666545 0.253012312884413
-0.142631858573134 0.0140097232837196 -0.16966117094095 0.00567477574659708
0.00983194095609436 -0.130375294042854 0.0554762200966442 -0.257836750088395
0.180312584778333 0.0554281628033885 0.31787915449235 -0.186783046929833
-0.00760631630780279 0.269226395140633 0.360268872536603 0.0332044310034498
-0.224809342618088 0.202150648809607 0.544407320233462 -0.222627908850027
0.0302446800978305 -0.0536656364150528 -0.455927686346259 0.260876710886375
-0.0654886539009316 -0.0774661318471099 -0.30469657663581 -0.0328864817806261
-0.108414435993698 0.0430887700376589 -0.427581331288018 0.0351711776819754
-0.0324978493318897 0.0946763895286337 -0.119681236369678 0.296161819526898
0.0696436533218315 0.0337271387499182 0.205530705245671 0.128473754105741
0.0830517684487937 0.0299799938420597 0.159989237163322 -0.222715922055202
0.030704743139235 -0.0302186373090745 -0.0504803731751815 -0.477199924491225
0.0257341107739752 -0.0504812348217164 -0.153844294657191 -0.571128649509824
0.0152186126801931 -0.0369425748855134 -0.187090512670389 -0.595740387452004
0.0635927235451702 -0.0246743948661207 -0.14637437372378 -0.569642568112464
0.0885842150415654 -0.0142678454542154 0.0325841057790492 -0.475489569582767
0.0624242032104762 0.0942240091636645 0.1170233457395 -0.24220152058059
-0.0719038377958697 0.129375384347842 0.0158964001506097 -0.0252507564712658
-0.139939488569769 -0.0338544062277301 -0.152768968984307 -0.107056885433427
-0.029806092478808 -0.0714697701372214 -0.351350400560785 -0.260138663712644
-0.143692660668889 0.0371970320505403 -0.454055765914808 0.255380716878707
-0.138338337527107 0.0756588788428374 -0.300804199092433 -0.0908106196070144
-0.0652896474292433 0.120939859388322 -0.455185362367664 -0.0237587741856632
-0.0088521604388039 0.0977727332440959 -0.15867736467745 0.28821108498085
0.0134729444217711 0.0813398037751642 0.180009582374361 0.174469540153106
0.0411531191934543 0.14059801951494 0.181981621944996 -0.191699133248235
0.0493430162453676 0.148733884311962 -0.00794320461672139 -0.445734575343897
0.0843454145732634 0.166619953402083 -0.120017088429738 -0.536097555625354
0.0815581716948496 0.193822828351585 -0.172327039663813 -0.55707656799923
0.0803544330261327 0.237956787329626 -0.174849936242462 -0.537525037041929
-0.00993098886106916 0.23632108562676 -0.0193569576848031 -0.445708382132798
-0.149177626338368 0.240462650831431 0.0904264672417458 -0.240538554234697
-0.252439038598771 0.150904391461154 0.0158089976313847 -0.0406864630282586
-0.297044515137343 -0.0152254913742806 -0.131545339128606 -0.113010403150792
-0.21828538112245 -0.0297682024521204 -0.280969712488229 -0.264461960200854
-0.31524428536566 0.110486205365321 -0.389580858723341 0.22357949649571
-0.23311994773924 0.218458340294766 -0.317944838891044 -0.152401648274654
-0.0550048240509274 0.19126422756138 -0.48340429597974 -0.0197785466438732
-0.010661359708412 0.109753081477822 -0.146394437343903 0.298451830132051
-0.0590864092676837 0.149834283474061 0.172358085989501 0.183564254227389
-0.0137177394713249 0.253037514456732 0.180617983337702 -0.160877589449983
0.0589894833061327 0.314415247228857 0.0297248621575211 -0.362666301708617
0.128335701595133 0.359911709007553 -0.0649161709726264 -0.420913057495508
0.141131561967397 0.385039895738221 -0.125614573998226 -0.435255287264673
0.105795503915246 0.453899998993571 -0.163766457387473 -0.418631215892702
-0.0708590518351006 0.457062142988602 -0.0614018578377324 -0.336896426469541
-0.296621609378972 0.371370373270818 0.0517395438824906 -0.204491606072341
-0.36548011159928 0.179751091829404 0.0224281083377575 -0.0715873086567316
-0.387744710598816 0.0372064188558857 -0.0533991918560235 -0.123786452493476
-0.360571429038622 0.0445357296639474 -0.142666392080038 -0.254977202205985
-0.435394275793608 0.154435475569341 -0.26433988186312 0.179299227396341
-0.301233094889654 0.29199939011706 -0.321054892680958 -0.193623888465077
-0.0903584801034135 0.192030637303305 -0.479785267667832 0.0289426002155522
-0.0947865163039296 0.116701706506399 -0.105299156668571 0.313064781887601
-0.165316043356327 0.253842394492058 0.158873713047269 0.181680918696576
-0.0694493662436566 0.374732181750426 0.156584310238388 -0.0998722453525283
0.0681874943038007 0.450704118979043 0.0694636010829437 -0.223973268186026
0.151592251286793 0.498657759627719 0.00321454970107009 -0.243477717618995
0.169285938273563 0.505569207160421 -0.0547531282050676 -0.254454355582166
0.103379171255594 0.577667769654611 -0.113924344998192 -0.245472163194668
-0.116389567445035 0.574871607649742 -0.0738421730207693 -0.179489873129675
-0.368186938478637 0.408739484835263 0.0143260736647502 -0.148066611137656
-0.360877576939399 0.178282090865141 0.0380188839406035 -0.11661391111096
-0.377239143559814 0.112138796947421 0.0588122020328887 -0.145545731453245
-0.435475241738566 0.140063327763267 0.0339734931545775 -0.248561531315143
-0.475392237718887 0.164215586591398 -0.102931176929232 0.149216034482646
-0.314163829864154 0.272261327509352 -0.26240371544944 -0.178412273356848
-0.160182541019091 0.107785086819054 -0.401556189619717 0.0758569806770825
-0.244274449623508 0.114769456077906 -0.0731709295117274 0.293849055558036
-0.275585038667254 0.365676013936816 0.10312896125035 0.199822821400366
-0.110665026676191 0.474874907840136 0.114561871463673 0.0200844019847083
0.0827925128600437 0.527932383241449 0.109020078346359 -0.0381091961367785
0.15315616481535 0.560726838025681 0.0715879565303619 -0.0310495409224324
0.149371432040921 0.539195822465923 0.0209990949980868 -0.0464036285617266
0.0454602212118215 0.588121005282176 -0.0471574331263472 -0.0563763663133333
-0.170449954206098 0.547217878332543 -0.07425508335636 -0.02288132525985
-0.359900442181559 0.304920536288571 -0.018486484553812 -0.109478466585558
-0.234379950117532 0.125860037458408 0.068715760604306 -0.172340251026583
-0.272105817840636 0.192162014935105 0.178884322390042 -0.162819025565996
-0.444501278452017 0.232237543154558 0.212033731965158 -0.252050930987634
-0.430326843780352 0.15107273475196 0.0684227401192131 0.147367735189795
-0.272332304145693 0.183592735926253 -0.124208245590072 -0.111440128817949
-0.221718014311829 -0.00694409768815916 -0.254997493106402 0.0817017022362477
-0.362529930607431 0.104561818226973 -0.0848567815706365 0.241585616832167
-0.324506570568278 0.424479859373741 0.006653953731434 0.256023577653552
-0.120827204628834 0.499840682487164 0.0740436918493172 0.192163896758921
0.0928156739445257 0.524066170092081 0.148127638672707 0.173870574656451
0.132817826599659 0.537510607557218 0.12743553991032 0.185366274247861
0.0923204357221983 0.48691204901729 0.0763130696280093 0.1568049680953
-0.0449568376949275 0.488125154768082 -0.00822841281112708 0.105108782173007
-0.210736789642891 0.387945283183569 -0.0961268095661649 0.0726711360357543
-0.269854713177304 0.110525581141176 -0.0385783502828191 -0.126470619455355
-0.0373564707349459 0.0638367230821298 0.12661378690966 -0.226245096256492
-0.13245693186 0.264373014968515 0.281492872820257 -0.146671828943837
-0.404515307459671 0.286541818505748 0.359240550021736 -0.256829254401035
-0.313838951408969 0.131146171873713 0.220088957809253 0.16592616938126
-0.179871506692949 0.0907071148536841 0.0518576982334553 -0.0329059129418015
-0.211908094442459 -0.0846339195061498 -0.109608472737582 0.055855166574164
-0.355833841755628 0.077958420741925 -0.134389529675332 0.196759041876881
-0.27601153132052 0.380625011391788 -0.0815558778127926 0.340720566929843
-0.0963705608045213 0.415932701342693 0.0591966930483784 0.370255388131835
0.0887821022329159 0.42459373177797 0.18337595635216 0.372939618654991
0.0916356966058284 0.432639109835711 0.164349460828429 0.373944541761369
0.0260055286222554 0.366590594683336 0.0927593793905956 0.325458222634115
-0.11815360345348 0.321199657770392 -0.0189453871982127 0.208338399195125
-0.200336668980083 0.181626149114013 -0.136940906880842 0.0772389707854244
-0.12599616293189 -0.0608308542215558 -0.0214394687511193 -0.190811570032167
0.126654161042692 0.0411200530193961 0.212960203033928 -0.241151622279212
-0.0324557805378752 0.300191368210166 0.342746450572675 -0.0799190268984848
-0.324861765166651 0.278988530541132 0.457852246329664 -0.256104278690761
-0.152129644406746 0.109037974925035 0.324253292887652 0.182801198505557
-0.0455507808797812 0.0326236473522471 0.196640826516426 0.0251928440130569
-0.106773150851514 -0.10746758956054 -0.0111522485160719 0.0298684331456126
-0.224036281592204 0.0162094617443917 -0.183232874445381 0.181124721729144
-0.162740260365356 0.231055826055989 -0.1174557711574 0.41406194900821
-0.062656663113568 0.235285126370526 0.075910901868014 0.500072945479689
0.0567448882146061 0.248208085357999 0.206464467539562 0.513356919442234
0.035055396465333 0.261456311329494 0.176826020484296 0.503398679924052
-0.028536729615765 0.203807972229525 0.0733798433545103 0.435493957113177
-0.13501362315834 0.141298587548159 -0.0631145594778007 0.248022221364264
-0.141368507626769 0.0188816965570986 -0.164938394679081 0.0124836435500449
-0.00128934060875071 -0.133039564696409 0.0416527636098721 -0.253198305616855
0.180798660749198 0.0375522999985727 0.300971162154275 -0.194882890748292
0.014395007756736 0.260676776811959 0.350936807357172 0.0190456412683004
-0.203013879401139 0.208041329424364 0.503650395029958 -0.243899000590571
0.0515547933434697 -0.0366262492167955 -0.505636420382369 0.0546010078536706
-0.0261474425684113 -0.0967640851154672 -0.256368037755997 -0.152733691349205
-0.116290511091415 -0.00341651582810524 -0.401237132999935 -0.133475922164774
-0.0667365964001185 0.071041101374905 -0.224529145636848 0.225893570621868
0.0466230959974799 0.0545116803139919 0.135439348867839 0.196489995245807
0.0631784993034274 0.0591285237145014 0.235954758596652 -0.133806625404042
0.0382212462720119 -0.0147095014525978 0.14448306420308 -0.444213832259579
0.0411213462655379 -0.0366089649747579 0.0890197504082519 -0.568189580766494
0.0227098148565307 -0.0275218102852446 0.0703742339310289 -0.600387159926378
0.0613901505332063 0.000855828064994161 0.0958634678021916 -0.562224684323555
0.0808498915600862 0.0151958247618025 0.217223549121943 -0.402617601398307
0.0210268625868979 0.105907484157778 0.20051445750273 -0.164876266379765
-0.113212541807058 0.0949881503873145 0.0237885061810839 -0.0149718638271472
-0.119051555344451 -0.0791189445071101 -0.0919776310325647 -0.16134703043012
-0.00696238974421141 -0.0795647852265248 -0.198408648809849 -0.372525253402353
-0.142229524287808 -0.0296648049991751 -0.490049807223947 0.0682004772720161
-0.148669853746275 0.00782874618149398 -0.22257117349727 -0.196916891779686
-0.106332909821715 0.0794236162056357 -0.395699025101035 -0.198922030169903
-0.0458618082087371 0.0777713377647954 -0.254196180597484 0.201246211850844
-0.0231852137443541 0.0701844733575929 0.0970857541707079 0.232608979293039
-0.0207931389246749 0.138208711385544 0.246112467527945 -0.0941304301822093
-0.0164052552927405 0.149019401164339 0.172624138895058 -0.399547496593604
0.00971500344270199 0.18038369139831 0.104113917090701 -0.526084484036074
-0.00514920961815268 0.203967990962909 0.0645733508745271 -0.559618612188678
-0.0219445192366912 0.240029088571815 0.0532971787133718 -0.542685260815971
-0.100965504101804 0.202921883151277 0.157805514262693 -0.397656990343477
-0.224746395420972 0.156266370493687 0.172243490539032 -0.174957962525874
-0.283805119658842 0.0439990829597193 0.0273527926815221 -0.0322292705172984
-0.262301977546965 -0.119759986644806 -0.0744502550930382 -0.164377013926677
-0.18805488865959 -0.1089912355499 -0.135184609689754 -0.357988075772994
-0.326173589131286 -0.0369901611248021 -0.40852267164222 0.0810693011922632
-0.286814286510918 0.0947916596732787 -0.2088176367748 -0.252082301722781
-0.122540598357898 0.142915899169467 -0.419321239496366 -0.204703802958703
-0.0504538883566875 0.0826342625490733 -0.245898630734536 0.215968755308871
-0.115793509903913 0.0986378670447197 0.0889759987348375 0.240943783785357
-0.115776680642838 0.213269987011162 0.234035327050559 -0.0636263563374311
-0.0740648905258385 0.299403034434142 0.175609858859777 -0.307186193405246
-0.0261221000097946 0.371146689572404 0.108264039754807 -0.403376011920921
-0.02508671253672 0.397950336353303 0.0527813506612444 -0.431979597167388
-0.0790393265807333 0.441523258508306 0.0129077845350346 -0.430801231532018
-0.237588530577189 0.378526923587673 0.0778713306818783 -0.316096252759879
-0.410030206396041 0.215715343276371 0.121332214114289 -0.157366722816929
-0.397248020742556 0.0240888346466363 0.04392152885484 -0.0597752661970713
-0.3570797997658 -0.108886990985372 -0.00545989572016078 -0.147719582270944
-0.335629006906678 -0.0914976726140803 -0.0185624709999063 -0.30407267931643
-0.452500042550922 -0.0475302889266963 -0.276058351126768 0.102635315841244
-0.37435346748407 0.133990072049089 -0.194834075407495 -0.28427110927947
-0.151212087492188 0.12646647511757 -0.436978342310234 -0.157019414684662
-0.12683447055485 0.0498637672495732 -0.213269516396974 0.24835357116535
-0.252689284278527 0.145782249910564 0.082631673947764 0.238358768016379
-0.216040616938951 0.297945686981974 0.189851373640759 -0.0159579929610892
-0.119781325148809 0.424287381544016 0.156511009893298 -0.168337968684933
-0.058404552833055 0.505287919434963 0.0996982438901382 -0.218573031519296
-0.0459894761248756 0.517327701404744 0.0446268284647763 -0.244174128273303
-0.128232691092814 0.552590497691082 -0.0120877532468451 -0.256771603555567
-0.323444957344654 0.469318805782651 0.00561650675514275 -0.180438313864527
-0.490355412021611 0.221331599413493 0.064820925258335 -0.122477867185798
-0.393545287633546 0.0185728589158835 0.0745606556305974 -0.0931294067379258
-0.369407012575968 -0.0396861247737279 0.0988536059669786 -0.122266141025979
-0.432755032407255 -0.0304488804180303 0.13020705820006 -0.235627851843095
-0.492412698203801 -0.0560164530526988 -0.121391130004674 0.142320816175233
-0.373064308572958 0.110267940433819 -0.152198574383638 -0.246302315719324
-0.178197315199973 0.0200622468595914 -0.389213113247839 -0.0772216527653076
-0.258925362568324 -0.0149597113995358 -0.17606913723395 0.250910406718427
-0.394955444899763 0.200175690415739 0.0287083535983821 0.235863828417158
-0.292852114618205 0.368664981514413 0.105378286948631 0.0754587913205629
-0.138333977933953 0.497563412661269 0.117969016070739 0.0124230669702637
-0.0810144430015643 0.563321175107653 0.0769050847978575 -0.00235436736426974
-0.0745202460301862 0.539137503873312 0.029592251946557 -0.030067195141578
-0.183281001380705 0.539165676546851 -0.0271033696578383 -0.0635714816572612
-0.359919137325053 0.424526715769684 -0.0563017993205722 -0.0442242080294252
-0.445354557142433 0.131867608337187 0.0226443092579985 -0.102033462354347
-0.257274077802246 0.0120974640239575 0.12602333960307 -0.128170277748566
-0.296764464024618 0.0675896581624017 0.20941479159141 -0.0845376898927006
-0.469713867211626 0.0498821872595357 0.282043923478532 -0.171010168230829
-0.444926886021181 -0.0448083499451739 0.0271323711348302 0.202324656474369
-0.3007571101829 0.0501415328198343 -0.0608929480828594 -0.134323245814186
-0.187317721221671 -0.108022010105722 -0.266935648118694 -0.0120222691076488
-0.359674263095749 -0.0706020811394498 -0.168664957313405 0.205020052743249
-0.460163246261883 0.235063227041827 -0.0781974946436326 0.250291122273819
-0.308305172872258 0.388370599170394 0.00134656875280453 0.211420571861804
-0.126622642542113 0.495885183236605 0.0689096698843301 0.215889914653055
-0.0905218658702212 0.533290153081902 0.0415879034731778 0.212554417496352
-0.103206381012726 0.472352710828097 -0.00134058400233978 0.170928394160135
-0.226680187246018 0.419379278548437 -0.0553940363476474 0.0928397130185334
-0.338282121281992 0.268861016925468 -0.113101594583985 0.0299665607147652
-0.292341386767227 -0.0124083849951736 0.0136750627163781 -0.126264677093202
-0.0528776030519979 0.0259022257283289 0.199299435634005 -0.149381344247982
-0.19590133235422 0.182897514611402 0.293013761042998 -0.0231283956785833
-0.452339098162263 0.116660613239349 0.409172517650206 -0.117306785490982
-0.3326111913661 -0.0139735019905026 0.146812805532219 0.26704645646702
-0.183903193900445 0.00517008987195981 0.0603978186735069 0.000839050934828268
-0.150031922592095 -0.171233322697316 -0.128851008911935 0.0192773939039713
-0.344231682951941 -0.0869781579834404 -0.19784578111539 0.144153291058732
-0.398049136525113 0.217884284833727 -0.193495386637975 0.286054823212783
-0.253101965700504 0.32449369249853 -0.0840495966093105 0.36140106252365
-0.0908953755431029 0.408687059029344 0.0206407696311722 0.404149627900873
-0.0846894281723299 0.424460170113472 0.000652569664195907 0.396180821867102
-0.118334054515649 0.339055061969384 -0.0510422207136955 0.326211434902319
-0.228996274327215 0.243971240605067 -0.104273379160658 0.177690260608681
-0.252168831470163 0.0873836680789617 -0.152020254985528 0.0149316543518004
-0.0967673654899839 -0.111838209021862 0.0564718686394871 -0.179131115292067
0.10809507255153 0.067085243993513 0.283870995308123 -0.126705330940084
-0.119026180366673 0.254558488158073 0.32119807688379 0.0646046379399841
-0.380261914718558 0.137910777811141 0.494530274550939 -0.0757654906511172
-0.179555834229054 0.0357298168399098 0.223551989910973 0.308575281686294
-0.0467106551189326 0.00876368813099344 0.163940894226584 0.101432457179464
-0.0502334033636854 -0.14614822879377 -0.0299003359298255 0.0262125303623955
-0.203755858717065 -0.0818471219117 -0.238272727175916 0.104129719247092
-0.235390473409096 0.133440208329038 -0.260662496966501 0.329651778121514
-0.151421848980756 0.180376745660755 -0.124623343345228 0.476373667519424
-0.0486862465679588 0.24041318297367 -0.0176763638613181 0.538742543994485
-0.0693918205278739 0.249029691052905 -0.0391930122697462 0.518128221394496
-0.102895643157054 0.172894435985153 -0.10961205804241 0.416588277112959
-0.176023155417413 0.0773776098675805 -0.158207198438986 0.193435651527631
-0.137958348773087 -0.0358955852966344 -0.152540706130575 -0.0562390564417248
0.0436489541437673 -0.128955290387368 0.139781763696192 -0.211427179198799
0.158841077305834 0.0884746665223649 0.344334290465812 -0.0506015002427411
-0.0673109570097893 0.238426673184337 0.293819466175224 0.159661644801069
-0.248978388281972 0.116239268479636 0.529135625457127 -0.0400425815627863
0.0510523627650264 -0.0392121544533197 -0.485888295310597 0.0686560753028202
-0.0299124158402771 -0.0964547824782236 -0.249255752953602 -0.151163511273131
-0.116747073552933 0.00173930365553279 -0.40480998981272 -0.122542989819142
-0.0652265106272963 0.0749324473671329 -0.219232776470015 0.229717685378738
0.0474531295455471 0.0514086725516249 0.139479902401413 0.194486882606902
0.0660902341122778 0.05531617412073 0.233113447091832 -0.136121898239061
0.037172570983841 -0.0157352596555363 0.131428567672914 -0.4395579980952
0.0386886648313424 -0.0374259527579239 0.075023061654733 -0.565367280996598
0.0206977170027122 -0.0262565479105189 0.0552320109663802 -0.594569996965217
0.0607355014721229 -0.00186537566527191 0.0807842950578338 -0.552928299190247
0.0805145300125257 0.0110444310151587 0.204371963271525 -0.400335216721934
0.0261233688172001 0.10514567028324 0.194881921571902 -0.164753964371814
-0.108887573943197 0.0995483692470295 0.0262262095818718 -0.0137837536458146
-0.121845850525427 -0.0748575861988922 -0.0907529220852173 -0.157413826568298
-0.00860714383924041 -0.0806487170694794 -0.195137212178154 -0.367639148828468
-0.136918722766834 -0.0274986057634599 -0.470874353016493 0.0839268225473385
-0.143476663855784 0.0100195470937038 -0.217959374511499 -0.194307271440819
-0.101393847551214 0.0794870393953695 -0.401437751184054 -0.187653118687721
-0.0428284999856718 0.0748800877051061 -0.249722516051217 0.206536130571941
-0.0229040585238293 0.0652347500699509 0.103596645204341 0.232125882856678
-0.0175069554405593 0.134695100798755 0.244571420262815 -0.097925573609752
-0.0146862532638363 0.14781678639014 0.162036726039839 -0.399081326951043
0.012166752411652 0.178049194888239 0.0920528354489868 -0.526378609714265
-0.00211330335358278 0.203285456495686 0.0504297849136835 -0.554830360589396
-0.0166552601949839 0.236165460390244 0.0393122229542503 -0.53360860628008
-0.0951661342082176 0.200460958729473 0.147844401576612 -0.392720094655686
-0.217414987158461 0.157861865720593 0.167879409809401 -0.173275881781649
-0.276815953002541 0.0481598378503091 0.0294289729746587 -0.0320762040318081
-0.259305511960878 -0.113138395963107 -0.0736172480283445 -0.160287060158575
-0.181909009376493 -0.105122375587759 -0.13328555972347 -0.353792364621441
-0.316509958531657 -0.0285532974895373 -0.392935647320003 0.0943522090627853
-0.272694463207386 0.100716548685549 -0.208320637431144 -0.248353387059219
-0.111893699068993 0.139079645354047 -0.425866661209077 -0.190825175927447
-0.0465433629275058 0.0738019584825133 -0.238605915521248 0.21912849502118
-0.114574291516847 0.0931582712410093 0.096890798245505 0.239492246071799
-0.112189072785416 0.210899243071964 0.232007804452983 -0.0689549201805001
-0.0686584733937802 0.298635827339489 0.166552182835915 -0.308981163365832
-0.0180026289744351 0.368536897222345 0.0991712426138353 -0.404547098154487
-0.0168569863027924 0.395001459521388 0.0452273589551914 -0.429577905882008
-0.0692033329999161 0.437946934122489 0.00359818573296469 -0.423111525099133
-0.227048141055892 0.377709171764033 0.071760043588376 -0.311942240260843
-0.401947742569988 0.220918643952003 0.11878023681471 -0.154829394678343
-0.389932050128911 0.025583396973878 0.0446723007850084 -0.0595094276498121
-0.349532971505875 -0.102652165627969 -0.00556552650042552 -0.144406723638269
-0.322183513727635 -0.0853316098785566 -0.0205058762247381 -0.303454630410646
-0.439146053224113 -0.0347071010748559 -0.262871764182556 0.110470223133497
-0.352374799721575 0.142353030187144 -0.197573082446329 -0.279078314523543
-0.138265190638162 0.119739547229004 -0.440067606294333 -0.140295442496517
-0.123467719593934 0.0393222888410497 -0.203494075046832 0.250437961201302
-0.249880337782571 0.142827507003135 0.0892780276645736 0.234866098209793
-0.209434307462826 0.297100633349484 0.188283031712443 -0.0226507024650751
-0.111024615988051 0.423130146674284 0.15058811797982 -0.172152751179139
-0.04551064262478 0.501121649349109 0.0942744628354966 -0.221341912116711
-0.0339053781634483 0.512510223285044 0.0395212198251865 -0.243244667336504
-0.117418625447389 0.548161504289401 -0.015767632258985 -0.250842207787257
-0.3102209003214 0.46953451053981 0.00456055935027307 -0.176064271191519
-0.485501334286314 0.226663541086273 0.0653860464892355 -0.117398168622395
-0.386969273214682 0.0157218565210963 0.0744471430854934 -0.093017358319552
-0.353379942549709 -0.0371262113186376 0.0965659864227967 -0.121429850874543
-0.413505268052766 -0.022895924383049 0.123980768671569 -0.239543818138047
-0.476008592756209 -0.0395575169880309 -0.113211757260198 0.144535753768096
-0.349563796854105 0.118148075726677 -0.157598226465794 -0.241410595567555
-0.167237096584183 0.0121924484762178 -0.38968101083378 -0.0616443612658144
-0.258288423939643 -0.0222570144998861 -0.164710459643856 0.248879622657326
-0.389214196487026 0.202449607399784 0.0354060835625108 0.2301586677143
-0.284426267489057 0.370995917997266 0.105887167342209 0.0682524145239377
-0.127354829625746 0.496305055540849 0.114943753410693 0.0057656635458625
-0.0662403631287578 0.55934888105275 0.0756345372141046 -0.0060322993267585
-0.062505758636889 0.534582101145738 0.0293722778154691 -0.0315514024594892
-0.172652851859173 0.537676316102755 -0.0260732529037602 -0.0609733588862541
-0.351402364037464 0.428134673364128 -0.0526787484067665 -0.0406358655141364
-0.445700807953571 0.134677550410167 0.0234832175474274 -0.0965273101852541
-0.251784337195236 0.00293699768618893 0.123018183859592 -0.128740401633584
-0.277404793612713 0.0669746277097327 0.205609328730149 -0.0868545425805293
-0.446266763355612 0.0587792048974207 0.270598344693186 -0.178969842348715
-0.429761182682736 -0.0311428824286627 0.0299850889001586 0.200100470580864
-0.278896985384335 0.0555390757479952 -0.0661025094182951 -0.132680377579542
-0.182047967802838 -0.114733384966324 -0.265708647043701 -0.00238395321595233
-0.360712704624154 -0.0738677053893678 -0.157590472031942 0.201399308958386
-0.452290526034421 0.240512813568036 -0.071931055770763 0.245259360974478
-0.2999885561366 0.390836736870026 0.00541030311795763 0.204261979229843
-0.114899660782441 0.495950605496958 0.0704646475283259 0.20635677531825
-0.0750277300568649 0.53149977769401 0.0458035605450459 0.209421757475473
-0.0948023921207497 0.471017404602522 0.00380282346419431 0.168759876074569
-0.219113565131504 0.421195312421198 -0.0512534639831973 0.0924923649592547
-0.332762383717533 0.272668143911368 -0.108315395003598 0.0335414849198616
-0.296855864917662 -0.0131445738431501 0.0122695770539795 -0.121567228291144
-0.0468716697603662 0.0116251933828434 0.194999394610234 -0.152372916397943
-0.173520586179073 0.180769242274826 0.288569375677227 -0.0272197051165454
-0.42897840014068 0.125773381090948 0.392352795337378 -0.130000388480035
-0.318064283027083 -0.00226887612465385 0.145510497039325 0.261553825053521
-0.168286058623285 0.00926893299931441 0.0561849333747163 -0.00196194315511368
-0.149008800539551 -0.176581321416217 -0.127861191474595 0.022335554053786
-0.346616263450948 -0.0846528084409815 -0.188531745881928 0.143016613273529
-0.390210850279864 0.223719394152183 -0.185168903627859 0.283892306190345
-0.246269996794186 0.327220805807322 -0.0764208771357408 0.353936311968351
-0.081657151433348 0.406568981723676 0.0260316543361846 0.394211858564735
-0.073044495778093 0.422068673273188 0.0100644828531436 0.394180268408595
-0.112019470402834 0.338648672349449 -0.0414120094810793 0.324387877561233
-0.226345570003141 0.248341472249348 -0.0985343113795716 0.177241986190202
-0.251960146015377 0.0909667477076182 -0.148822199915009 0.017956991329072
-0.104967972627193 -0.117082888266348 0.0524635095213297 -0.177351027477626
0.114350586951673 0.0516617191844631 0.278789129926514 -0.130753385659215
-0.0975912098369017 0.253064541262435 0.318138334922036 0.0594789026295575
-0.361682584698294 0.146951448544493 0.473626660501728 -0.0891161838033225
-0.170437988599153 0.0423782377948974 0.218973310781762 0.302208688725608
-0.038311988632866 0.00909321937771474 0.160807324334687 0.0952836874271084
-0.0522162562226868 -0.149783295819629 -0.0298761534748673 0.0251250396164785
-0.208344445814225 -0.079292580063679 -0.230749436280401 0.106201960032968
-0.229740332900477 0.138950824363153 -0.251508330444441 0.329616353522516
-0.147358678763225 0.182572838426824 -0.112310850449656 0.467603175203123
-0.0424281589368158 0.239670004957212 -0.00627904914775266 0.526642705406659
-0.0605781130388411 0.248652332750853 -0.0276452322317264 0.515226470406176
-0.0999970361036936 0.173936163791683 -0.0979963990420787 0.415877536178196
-0.176418169159785 0.0818762120507353 -0.15308354316907 0.194547807768069
-0.141250387817365 -0.0343290427881069 -0.152935576972739 -0.0531478393596432
0.0364376033449399 -0.135482498776941 0.132882011275663 -0.214689970282365
0.164605328819579 0.0771308715820191 0.340051302779389 -0.0574916901085711
-0.0514291603811788 0.238766520684944 0.292959171709702 0.154290278540534
-0.238414192894308 0.123969683211132 0.507548125470266 -0.0546210777413945
0.0510544769052318 -0.0435014345259439 -0.468508747500053 0.089544746521819
-0.0356208667183682 -0.0967389048821913 -0.248147209271266 -0.149203521579261
-0.117862369461942 0.00933552384797681 -0.412430250220028 -0.107619149755801
-0.0626907723112668 0.0809004536455817 -0.213674639968759 0.239820025371762
0.0495247396095827 0.0476713606937247 0.148438849536701 0.193335261070594
0.0703902657743072 0.0506175068175912 0.231341643999682 -0.143341253838629
0.0358567998170748 -0.0176963803403334 0.115537665693509 -0.444289721654413
0.03621977565829 -0.0382869280405045 0.0543065927771694 -0.568642194501265
0.019604544619964 -0.0246307783970334 0.0362739303757797 -0.595533640796902
0.0606064166663547 -0.00475192281221663 0.0617702977987701 -0.550718389794569
0.0816104662199203 0.00576518516911781 0.190598144285963 -0.403791189865926
0.0336073647147287 0.103563682156022 0.189284237260484 -0.168937566314016
-0.103544863079589 0.106548407043617 0.0282737275721268 -0.0137705400773417
-0.127178030283955 -0.0693616592852436 -0.0915731343816142 -0.154676949095339
-0.0126245029105293 -0.0822999908675616 -0.197967743200578 -0.363822414456378
-0.13235695864926 -0.0240598618450249 -0.453130314379369 0.102402070933351
-0.140097985446296 0.0131216666008514 -0.218519769385565 -0.193101153419079
-0.0961703855809528 0.0819507682683061 -0.412405180591027 -0.172389900513989
-0.0401109704970881 0.0736154121764848 -0.244309310224056 0.218002570641763
-0.0231049998444398 0.0621374411006509 0.115203315101291 0.232664103858048
-0.0131131668601198 0.132876730686274 0.243539948929329 -0.105904047457411
-0.0106956215772194 0.148404594891701 0.146809742885922 -0.403207116296579
0.0178811407944351 0.177737884906824 0.0734423331968358 -0.530524558448118
0.00520035557932958 0.204464488894355 0.0325815509344874 -0.556245662017554
-0.00940339190641309 0.234215722586079 0.0216308951731452 -0.529790787577556
-0.0883181650720518 0.201154657925096 0.133157919542492 -0.394832091356731
-0.210260939850515 0.164436291227815 0.163150573584045 -0.176057030784409
-0.272222459566709 0.0575230698787152 0.0312174146666747 -0.032381924294593
-0.260168375045464 -0.105834133509823 -0.0751098953750254 -0.156832500472835
-0.179742107608044 -0.100965604491074 -0.13709767050094 -0.353188360858888
-0.308862217577332 -0.0173426456447816 -0.377373467782544 0.1099868777327
-0.259704865794971 0.108338382924366 -0.212291519664013 -0.244395976414153
-0.101137271272872 0.137427846883367 -0.43417589748147 -0.17192234818306
-0.0432789798907941 0.0666924701185314 -0.230842532833647 0.227876499798859
-0.115051675153013 0.0917289575388385 0.108699420775343 0.238846054601454
-0.107697034093388 0.211894909563756 0.23083860762354 -0.0780583094614557
-0.0607597182911744 0.301402037749532 0.155626451825466 -0.31551507077815
-0.00600061155839828 0.368930234096581 0.0854666258375421 -0.410462871762514
-0.00371281953996146 0.396063631882836 0.0297727523445307 -0.432043602073419
-0.0559265081555286 0.435814829312659 -0.0104412585232747 -0.42005357442603
-0.213797921502268 0.383222699993555 0.062225803320494 -0.311312743239835
-0.395366425260567 0.23160659814151 0.117129674857028 -0.153813469749031
-0.387566379785313 0.0333379776050394 0.0457134733177582 -0.0602031147374649
-0.343287212069122 -0.094721445228888 -0.00794019032283515 -0.143759181435475
-0.31333201256844 -0.07817948304347 -0.0265146643358197 -0.306622627883261
-0.428947607252693 -0.0183259425999814 -0.250511115829996 0.120363305837548
-0.333055676126101 0.153849494484149 -0.205752014294003 -0.274114483890731
-0.126322516801937 0.114074524040749 -0.447255167143898 -0.120067360376939
-0.122946349118493 0.0309862399021455 -0.192450275397154 0.255114328763441
-0.249607779728498 0.146143417027128 0.100787614229736 0.230819061490369
-0.204016798072619 0.302242750070532 0.186733965258008 -0.0318119831664872
-0.09916537977015 0.426733308653229 0.142527842946313 -0.179941885889862
-0.0283735089373023 0.504248597364293 0.085336337783345 -0.226846424050353
-0.0176809757939291 0.5145905359829 0.032010025117785 -0.245708685198618
-0.100583578173662 0.551061826449012 -0.0220903007036488 -0.247564964661454
-0.296176920352453 0.478531450968969 0.00152367461344192 -0.174430452463225
-0.481992737249429 0.241068456935044 0.0658514696672313 -0.115200875022224
-0.384938052947764 0.0170555605744846 0.0726637539596927 -0.0954474032406484
-0.343964658712547 -0.0314715999497234 0.0948311578286573 -0.123932637616824
-0.396899839548271 -0.0116822482113081 0.115511571820728 -0.248066964295928
-0.464292158553858 -0.0202705830962626 -0.104018359218781 0.148428003367547
-0.328718875032802 0.12976210901148 -0.165158996124355 -0.236882959404051
-0.159859399950792 0.00473021742844249 -0.392487067036901 -0.043999685659446
-0.262619392799793 -0.0275040196738756 -0.152284709716331 0.249669740237437
-0.387326842310591 0.212202614973137 0.0436826170963777 0.225634067753324
-0.275525164657337 0.379504099426507 0.106438906027774 0.0604971955216257
-0.111678523157379 0.500282407752752 0.112834066847936 -0.00242794389881007
-0.0460924896745637 0.562199024543644 0.0747147000764177 -0.010080604674497
-0.045102938318044 0.538964266830836 0.0294064172757971 -0.0340501402469679
-0.157042711602926 0.545469765924647 -0.0259763412919934 -0.059952475372202
-0.338290358885321 0.440101128097985 -0.0501819950871695 -0.0376529217269652
-0.44943111309994 0.144845117145729 0.0250292634720814 -0.0920262542443386
-0.250034855436972 -0.00416141555080726 0.120103291593815 -0.133186898417455
-0.260122533803969 0.0685695656024976 0.2026008718242 -0.09283063880892
-0.427401739658556 0.0704829949683335 0.259125877197993 -0.192064067454073
-0.41727819042635 -0.0117364324820804 0.0362826443750756 0.199174257035947
-0.25906295195973 0.0624027747298545 -0.0735132030224168 -0.13038754446621
-0.181411801441575 -0.122652042268596 -0.265560713266236 0.00960779912099812
-0.369088499746899 -0.0707251403457669 -0.145720717787775 0.201379197916953
-0.448724613005722 0.255170852548476 -0.0640965062426678 0.24320845396087
-0.290368142775439 0.400763343604347 0.0103755062842777 0.199195884620037
-0.0996042836632202 0.500273673101557 0.0744064033576 0.198179448855429
-0.0546878816575588 0.535019856223135 0.0526031449273442 0.207228425168235
-0.0794365491192865 0.473450539526018 0.0108973867355703 0.167636632484709
-0.208783895568339 0.430123361074728 -0.0460799877327402 0.0940607874225317
-0.329788999329244 0.285392206484012 -0.103536127219924 0.0376949557943481
-0.306574549237261 -0.00907759322570462 0.0108594647247243 -0.118175876640664
-0.0432776418775753 -0.00370104589302423 0.191114238686748 -0.1594729629847
-0.15005362210163 0.179427579315241 0.286287723356166 -0.035861013098328
-0.407748334503783 0.138838141095768 0.378106185085052 -0.146718941797982
-0.308387271890957 0.0119098697386406 0.148514188057475 0.257512345633713
-0.154497200027328 0.012372281977324 0.0522187287058859 -0.00516285381514301
-0.154028805052574 -0.18219072597653 -0.127483359833494 0.0273738103541216
-0.356016727067781 -0.0790730379431786 -0.180307686206341 0.144654355564251
-0.384534384055691 0.238462242308317 -0.176637628952376 0.286164736323428
-0.237280881126329 0.336307856507056 -0.0651918197990263 0.349922665619577
-0.0680310306238561 0.409585189297889 0.0382231144917815 0.387080383991664
-0.0566226339059596 0.425075093904419 0.0236704378174879 0.394632252273812
-0.10239916927258 0.343406890133062 -0.0298039270259964 0.325829675521605
-0.222743477037836 0.258862723888022 -0.0914181137194181 0.179961103061129
-0.254065240463318 0.0989730132300505 -0.146641931988644 0.0231102182922708
-0.116130565374751 -0.120680347127455 0.0467932639610072 -0.178149665869735
0.121487152429422 0.0337579687347785 0.274117999643984 -0.141432256201181
-0.073821182538582 0.252563227098166 0.319177322943283 0.0513428919053261
-0.344325770778841 0.160934772246641 0.457875715572477 -0.10915567653166
-0.16215610177815 0.0500505364431769 0.219638133304613 0.296928222689709
-0.0308028459302759 0.00811536393924108 0.159049582584405 0.0893163260297665
-0.0593119788958915 -0.155245076148289 -0.0289785140292967 0.025059562116093
-0.21554910180012 -0.0749440832898642 -0.22459815347935 0.111677192624956
-0.225728139266305 0.148235700976941 -0.240625079751657 0.334395806048442
-0.142607093413432 0.188250566544449 -0.0987599975257491 0.465731603065278
-0.0344392980679183 0.241015387401292 0.0102995767218135 0.522574603786071
-0.0503330596539012 0.250328709257918 -0.00817430494115222 0.519603143296923
-0.0954657218627988 0.177711924536579 -0.0816330862030376 0.423100563305853
-0.176922469517389 0.090247687319544 -0.146239324346338 0.198730359779483
-0.146272231809299 -0.0298913272818304 -0.155592285648502 -0.049302081522257
0.027813615964151 -0.142459439129645 0.124783573228726 -0.220443951334033
0.17268590739783 0.0629790253240532 0.339417080840927 -0.0695741677211617
-0.0329234428313912 0.241191953901108 0.297520804514209 0.147376584561346
-0.228000873551839 0.133976160288718 0.491250386063689 -0.0742081717485374
0.0487388201889655 -0.0477820908522073 -0.441767875743084 0.113738655404474
-0.0429582006262618 -0.0950454972758995 -0.248524646792197 -0.141625822618024
-0.116343570761077 0.0192898578856245 -0.417213963431276 -0.0834149218313388
-0.056248781156296 0.0866447755425533 -0.200183789939725 0.252523589537558
0.0512064699322157 0.0430900859733691 0.160515611721977 0.185660615576423
0.0739051621613771 0.0438102261138806 0.223423520278413 -0.154275253297425
0.0340342318204418 -0.0190910398211229 0.0891532925579935 -0.443756890589367
0.0323606877451231 -0.0399022787236166 0.0243562557346647 -0.569416085783425
0.0176715957820506 -0.0239543201483268 0.00374482221677155 -0.589423578429947
0.059163118860966 -0.00872837438587145 0.0328910283528967 -0.545038482504236
0.0810397600575731 -0.00064045293055252 0.167496598873267 -0.405653596311401
0.041545303321405 0.0995692168459323 0.179251099946775 -0.174486614475103
-0.0947006915866137 0.114774512933219 0.0308812509115045 -0.0143828550450469
-0.132454490730115 -0.0599596730928881 -0.0935694795661585 -0.14856990239639
-0.0181319695136175 -0.0828647097597473 -0.205814890775988 -0.355361817564813
-0.127337751159763 -0.0179881518646672 -0.427052681510286 0.125809863587234
-0.134672099973872 0.0181829137148086 -0.22174990314385 -0.185630478247594
-0.0880328912605591 0.0844178347650599 -0.420415183162798 -0.144750016510903
-0.0361936220971269 0.072863930858364 -0.230888896048925 0.231328690017266
-0.0220296085726712 0.0593564088063916 0.130669177161278 0.227222518008447
-0.00625182558027109 0.129484091367396 0.237590907577395 -0.118071945154876
-0.00397542961266625 0.147579506160455 0.124338094901261 -0.407304935514757
0.026046644634192 0.175595468550635 0.0425011021604215 -0.532440763553624
0.015555405647372 0.202730108573389 0.00281311533798293 -0.552739121322719
0.00241780066160918 0.230495486526109 -0.00536544016966274 -0.520494712964435
-0.076444780750314 0.201062240820429 0.110994450036305 -0.39545527884489
-0.197463244195807 0.172465600199659 0.154280875067295 -0.1795971231263
-0.263732501525667 0.069936210662074 0.032749761169451 -0.0331274260943936
-0.259821159045387 -0.0921395138515878 -0.0776587632693018 -0.15142019509277
-0.177999972022154 -0.0934134568483785 -0.147070853472743 -0.347545847841034
-0.297491306138727 -0.00121777181485163 -0.35319251618157 0.128758985390047
-0.241632768811269 0.119143442235226 -0.219298698988937 -0.235822779053076
-0.0879755950849528 0.134036735409193 -0.442142683488092 -0.143282564084225
-0.0405296962897328 0.0595264888562842 -0.215838147924253 0.238164910911293
-0.113904039593808 0.0914354487041286 0.124665854078899 0.231286961922705
-0.0979235595318909 0.213365188109925 0.225586793796613 -0.0904566918994629
-0.0456194413527795 0.30268461210199 0.13731004483369 -0.321531104982661
0.0135288358368243 0.365631499336201 0.0602448266640218 -0.414567351631634
0.0167910210102746 0.393017187314733 0.00645316398159488 -0.429311278305918
-0.032813599024191 0.432799962009284 -0.0301736735818984 -0.410950141416569
-0.192079581778093 0.387778240002899 0.0472135081728998 -0.308306445476129
-0.378720551114834 0.248853416323457 0.111178654434444 -0.154962567884512
-0.37926761134024 0.0466210135394739 0.0448762105041322 -0.0615942534535514
-0.337126215394606 -0.0816602027464464 -0.0117815707555911 -0.14169870472032
-0.30245772022973 -0.0647873553592783 -0.0396472437952847 -0.30695935043269
-0.412937601502249 0.00430990938199462 -0.232690581262844 0.132091157231765
-0.30701327900405 0.166606312665956 -0.215628760086864 -0.263431846421962
-0.112911203595993 0.109163644046142 -0.449575744285954 -0.090672353471637
-0.123047772244156 0.0242577049375585 -0.174075927807702 0.259424964213877
-0.243565525135592 0.153001919665882 0.11452934599308 0.220701583772044
-0.190411150677471 0.308323870607448 0.181571970933424 -0.0431156544632925
-0.076733193373117 0.428315274779554 0.130179191189105 -0.18732706955807
-0.000372760846154245 0.500522607298545 0.0719225294315163 -0.231213347069831
0.0106792125617656 0.509545059526361 0.018672142730138 -0.245861817688606
-0.0720229853512254 0.549484652089121 -0.0328820888516748 -0.242271087472348
-0.267904258645954 0.488206551359688 -0.00437145342248751 -0.170733305298952
-0.468712823543404 0.261907793787355 0.0641771495771213 -0.113461005278836
-0.379469585539318 0.0261154712627436 0.0698960018586023 -0.0982047046999912
-0.329243808604546 -0.0229524731032708 0.0890873854279548 -0.127005240359155
-0.377597406736809 0.0022368348858385 0.0997910981407127 -0.254700245098886
-0.445934987103367 0.00741920908495964 -0.0908409696794417 0.151589161743798
-0.300136543393709 0.140624932883934 -0.177661747961042 -0.225660182092335
-0.152386407202372 -0.000837700577830811 -0.39046189978071 -0.0186338678824241
-0.266983169610072 -0.0257995505514501 -0.133863505371541 0.249031912600688
-0.376191965203673 0.226869607322154 0.0567117392636213 0.217789010665284
-0.2572038045004 0.389688769554408 0.106143016264272 0.0511282045590615
-0.0853645943627738 0.5041022892554 0.109022696974463 -0.012593759544653
-0.0152983481288316 0.557958282539322 0.0731748044776169 -0.0155172917216319
-0.017944108094995 0.535619230858741 0.0278601530481816 -0.0364600513702054
-0.129516325512471 0.548584118166969 -0.0265970246917183 -0.0580539902491501
-0.31529519353655 0.452980189847847 -0.0473810709733572 -0.0337988684861024
-0.445189705423894 0.165050298234424 0.0246629127184945 -0.0888790070825485
-0.248404658809262 -0.00620328688145172 0.113475411354746 -0.138304048094459
-0.239034242841488 0.0692606662965712 0.196231316855978 -0.100714479697205
-0.399446202057188 0.0864850552957506 0.239121587405917 -0.206234842635418
-0.400041243122287 0.0124039040830689 0.0444989974951337 0.195322459038544
-0.236526094082239 0.0709644987907272 -0.081998585826499 -0.124978660920298
-0.183407041435032 -0.125116672914723 -0.261839459768817 0.0258245305155712
-0.377379318097476 -0.059795725519506 -0.130818219310257 0.199757733808349
-0.432072105299802 0.27554070619245 -0.0518919371749374 0.239088079274344
-0.269387030153951 0.412992344580342 0.0175851709031095 0.192362442971749
-0.0726516296884457 0.501093685082506 0.0816076139046791 0.187240770063023
-0.023757691183738 0.53210679393795 0.06302068076877 0.201614489475336
-0.0549338935291194 0.474046214515473 0.0198008359112892 0.164329840937353
-0.188214921852382 0.440515253247562 -0.0386207108329466 0.0943933193117472
-0.315696905797474 0.299164884859945 -0.096653181390204 0.0429475870914503
-0.314280896748348 0.00267730297373892 0.00826807293516412 -0.114239916267695
-0.0421486692199202 -0.0187456091842821 0.1810211006617 -0.167359296430434
-0.122796564363028 0.175000496138734 0.280888873821532 -0.0483573860290816
-0.378784484103182 0.154536488492282 0.354260720078562 -0.16609685733869
-0.292035536297406 0.0302675480753652 0.154812809735711 0.248582305690653
-0.138806497954839 0.0154674224402162 0.0465981205258791 -0.00723146861274753
-0.162578935922986 -0.183240003211704 -0.124321122699024 0.0345312920564948
-0.364066071277473 -0.0650048718352135 -0.168305119026921 0.146985179093163
-0.367987025255605 0.256994442826844 -0.160885972971947 0.28836749817314
-0.218750358602278 0.346056702736235 -0.0482568879090426 0.344383089902635
-0.0446651844987662 0.410058399978605 0.0554275603118906 0.376115383182157
-0.0303234984319811 0.423692665836238 0.0447018970193361 0.388142870782843
-0.0844705125942811 0.34559978897566 -0.0105564694589831 0.324299230216682
-0.21102025368279 0.271592891648221 -0.0791007821697949 0.181697020057563
-0.251589304432876 0.111956137936493 -0.142497001951011 0.0303020661661739
-0.129921599372063 -0.119916511317126 0.0376179020746783 -0.177325136439391
0.125080651550623 0.011829422719317 0.264745011648098 -0.155151907553196
-0.0442483307887852 0.247041748904789 0.31652990297989 0.0362572792509095
-0.318260557566758 0.175697448686409 0.431733943591258 -0.134800704274781
-0.149941369346809 0.0601542696787413 0.224353409830172 0.285936925939184
-0.0223483302650684 0.00648081736851592 0.156936872835102 0.0789981730583863
-0.0689537882706719 -0.157862707279695 -0.0279963959877036 0.0248529642211251
-0.222523585472493 -0.0639824251173442 -0.214570610120151 0.119637363909693
-0.214429599810697 0.159617156918923 -0.221203802715695 0.339530677758785
-0.132383826168894 0.195638052571014 -0.0747086645761566 0.459075001563773
-0.020158415639279 0.239978544019679 0.0366446481876956 0.511797516994957
-0.0352624941694796 0.250213867356137 0.0206431701465441 0.513917695817309
-0.0859756464620693 0.181214827652107 -0.0572776286624733 0.424131691771518
-0.173858373213009 0.101428812338507 -0.13440916031763 0.20374639112175
-0.150411949861555 -0.021810561881232 -0.157852498906838 -0.0417312293076402
0.0141257778686227 -0.147680957357166 0.110137467287162 -0.226208199589171
0.177489251027711 0.0441189282880011 0.332393773155258 -0.0877765091914039
-0.00895349303993918 0.238194595357469 0.300130986678692 0.133953141577305
-0.211148610250908 0.146076146675528 0.465138370764256 -0.101037925339288
0.0449248786234657 -0.0512461829974281 -0.403451142515548 0.130065175378994
-0.0496867801935984 -0.0890232939737076 -0.242214578830861 -0.131703820302876
-0.110122983281294 0.028347900359457 -0.409169183496946 -0.0569781331801661
-0.0481536533286638 0.0902223803775411 -0.179294533186391 0.256428010576333
0.0510464395242156 0.0373249853655379 0.168073840961219 0.172345786219321
0.0746645061117542 0.0353802929643659 0.208774354855658 -0.160872877309297
0.0309140841533745 -0.0209031968088491 0.0627439487823876 -0.431615144409407
0.0278654389950154 -0.0397755875610074 -0.00856563716025161 -0.548846891065346
0.0159579461145126 -0.0220619507382694 -0.0253189346383704 -0.565756903394332
0.0562386501328423 -0.0124682338020652 0.00393695247463782 -0.520264601322785
0.0773377415693891 -0.00678971995090647 0.140211749711624 -0.394647058287581
0.0484091196674086 0.0921986237161518 0.164099019116432 -0.174961490390934
-0.082602170209632 0.1187673168792 0.0311425410134699 -0.0143740133517539
-0.132750428649746 -0.0482819324422494 -0.0920793063335506 -0.140033642620097
-0.0230256199324979 -0.0786068544638876 -0.206481487492515 -0.336873373952109
-0.119043172399279 -0.0139730524980057 -0.388263988055114 0.140793858489698
-0.126269967068878 0.0221690848286903 -0.220066256655773 -0.173781842966927
-0.0770942671074287 0.0840355234193597 -0.415824068790694 -0.115610881344614
-0.0310470720512845 0.0693451444819278 -0.209824580861402 0.236284724995989
-0.0215729231907074 0.0552364863302894 0.14265999011067 0.213257212390097
-0.000516994892623308 0.122618292659911 0.223673366390355 -0.126814135465595
0.00222033382704212 0.142123907679074 0.0972300303926545 -0.398339077002739
0.0336754160406254 0.167375136534021 0.0120986514105554 -0.517983118109829
0.0254591153738121 0.19472537532929 -0.0270308582371265 -0.531552016935468
0.0134081393369203 0.220086973811184 -0.0298920883251356 -0.495388202241804
-0.0636245211654634 0.194778928939069 0.0863687843731958 -0.382113280695131
-0.179499565997586 0.174353541183874 0.140306010032085 -0.178392834428513
-0.24693157434675 0.0790780226130829 0.0323379452074737 -0.0333362734405717
-0.251782580692552 -0.076326508908491 -0.0774964128519367 -0.142721915319298
-0.171098411570561 -0.0833305954482651 -0.152885104697509 -0.333058538052234
-0.277102182331845 0.0126328603259729 -0.319681523719222 0.13970917323218
-0.217730320112339 0.123207336069304 -0.221008588653048 -0.220583625411671
-0.0727992733310951 0.126891587096756 -0.434682614415443 -0.11151766134294
-0.0376737402974169 0.0514486020104124 -0.19404327461987 0.239939589060793
-0.109319363935374 0.090235292077143 0.136423519324751 0.216435941120564
-0.0862286226565951 0.208638286165057 0.212451273376544 -0.100556032133067
-0.0301770473246659 0.29412563000281 0.11384724962611 -0.317903202010829
0.0327357198984568 0.35099598747692 0.0344848000317255 -0.402509378051118
0.0380005779103399 0.376170338335566 -0.0154666498665053 -0.414282826695898
-0.010203882706839 0.41584719322079 -0.049357508478216 -0.390730840980422
-0.165038083228434 0.380839311700244 0.0304027993249773 -0.29688298940158
-0.354021846759232 0.258221703179728 0.101853846442745 -0.151766007513809
-0.361395894798465 0.0579221717001698 0.0428774222523488 -0.0625873469710139
-0.321448041209882 -0.067564718028062 -0.0144445108669404 -0.136205293548749
-0.284095082849417 -0.0533245014975092 -0.0509418066410384 -0.298782278047646
-0.383804804800616 0.0248768600414429 -0.207673282750197 0.137417077042579
-0.272081248564294 0.170545410362767 -0.220937773262146 -0.244913691701062
-0.097418046216731 0.0993801047632902 -0.438229720535788 -0.0585987834899119
-0.122042027530784 0.0191316696909885 -0.151709737799738 0.255426370458539
-0.231816772401575 0.156006321325266 0.124135341752645 0.203865791226635
-0.171065002434428 0.306881775836633 0.171218706233588 -0.0532345532379411
-0.0527684361960804 0.417081893192506 0.112828386872745 -0.190817314630278
0.0260770124754339 0.481799826664953 0.055465808541673 -0.228084200811587
0.0358149512600156 0.488743468435788 0.00483719789666488 -0.238403096646399
-0.0424974065280194 0.531559237963957 -0.0419655965041785 -0.23024810008511
-0.233039382178925 0.483084246652408 -0.0103025655928337 -0.162721015187782
-0.442279007497574 0.274768185229263 0.0613938751769827 -0.108551669119188
-0.364672177927837 0.0335828924899132 0.0644761639172048 -0.0985360316174787
-0.307720721444339 -0.0161018772480917 0.0808889418972197 -0.126890569914389
-0.348379373627402 0.01276187067348 0.0804458878771223 -0.25387686408764
-0.413279945635118 0.0292128165644564 -0.0758021620418334 0.150128765154653
-0.264706504799448 0.143141400025562 -0.183748659046769 -0.208592438311906
-0.143345674015743 -0.00638828712926741 -0.376075159099128 0.00642486390158945
-0.265425689706604 -0.0217176356446856 -0.114150418834603 0.240457769879988
-0.354798633497163 0.236016821471349 0.0657936300675217 0.202549848725152
-0.232604929629812 0.388735657557176 0.101615084947539 0.0407830402379251
-0.0558852821166438 0.489623634138054 0.100816400456063 -0.0218348587245844
0.0169943254510006 0.536848681891663 0.0690669736628352 -0.0201348525460364
0.0122525779421492 0.515545372584228 0.0246722563840395 -0.0370827612146251
-0.0985451251078439 0.535132945017435 -0.0259655732828081 -0.0547082142239665
-0.281996606754297 0.452724772585921 -0.0438211599727404 -0.030125930445197
-0.427943501230044 0.180451539484474 0.0247782568733181 -0.0837335835146087
-0.242423995261433 -0.00864075768691725 0.103440703848971 -0.138989424782138
-0.213803722671777 0.0645763821420259 0.183644963083379 -0.105582445915294
-0.363614559437479 0.09474782698078 0.212986808179017 -0.21262869322106
-0.368045471754477 0.032895750175141 0.0519087029128702 0.186093023522534
-0.207491121105089 0.0723759690747826 -0.0883533828594282 -0.115424156744766
-0.182277148590302 -0.124099564180532 -0.249179175828798 0.0407156110090291
-0.373791358055571 -0.0451812769003151 -0.113992152580928 0.191780342912399
-0.404376671617867 0.28696044568145 -0.0397553828678091 0.228558059627999
-0.241295580117648 0.411516344064034 0.0236205020793292 0.179741717473657
-0.0439065930442598 0.486199310012278 0.0841959412308194 0.170820661246007
0.00646183760891375 0.511655395865709 0.0710228403708644 0.190538086718539
-0.0289885459861785 0.459861949424286 0.028247060569673 0.156139176521795
-0.160811112438463 0.437685132368271 -0.030346000747934 0.0906763338423195
-0.290915195727362 0.305714061417385 -0.0884974160204404 0.0464679453688981
-0.311909564884439 0.0166921535233085 0.00578790923199893 -0.107903353185131
-0.0438397564521574 -0.0329387896020768 0.165755508754363 -0.170689471775437
-0.0947337928395736 0.160047633723697 0.265651345729857 -0.0583295689597676
-0.339515723978641 0.160880098144091 0.321457059518989 -0.177865900279643
-0.266292045738161 0.0447159885258535 0.156148397739212 0.232907262906032
-0.119883603509302 0.0151706706267111 0.0400728392694347 -0.00968750676171238
-0.167159104761802 -0.177880931477324 -0.117421599626955 0.0391830722285793
-0.360510522437823 -0.0464777778257547 -0.152977029498028 0.143511948757648
-0.341335200300771 0.266345597726323 -0.142340809087413 0.282085627218782
-0.192837480305765 0.345836831654992 -0.0319342544341136 0.328689792496904
-0.0192112563897861 0.396744606036486 0.0690111342905174 0.352863792211693
-0.005402188528456 0.409171185921832 0.0648026606629112 0.372144927852685
-0.0640845122862671 0.338295154113596 0.00857414148968587 0.312781052642229
-0.191573786561472 0.276434723347869 -0.0662606122173715 0.176258741441267
-0.241101660689213 0.12158808604553 -0.134689490952681 0.0366911271234618
-0.140488916719378 -0.112801494481633 0.0276162319136879 -0.171611612972845
0.121774554993704 -0.0104223449259749 0.245726893342485 -0.163691101107214
-0.0154084972753197 0.230056459236896 0.304362075109737 0.0217892701801293
-0.283348963497794 0.181666617933676 0.393668471655557 -0.149288384514374
-0.133352121911288 0.0660335080647828 0.222995375353389 0.268355254670406
-0.0142530183301808 0.00288286758660072 0.149968864586672 0.0674979745684684
-0.078210499901495 -0.153829141436506 -0.0258816031271009 0.0238183571347089
-0.222815085069213 -0.0506540710711704 -0.197941046609003 0.122878938844579
-0.197420840730597 0.166476123640039 -0.19589220033983 0.333305548592207
-0.118579324528499 0.196472931724902 -0.0508489368854987 0.439814171701539
-0.00621187142585966 0.232142757884242 0.0584996487427249 0.485452282495241
-0.018369375001946 0.241930548349566 0.049617336868562 0.493478614943079
-0.0745198199730737 0.180271325139342 -0.030910975856201 0.41048695293906
-0.164182201924029 0.110433526586799 -0.118608290136298 0.201574237396853
-0.150376017440145 -0.0124824033839292 -0.15505283240352 -0.0324871499482847
0.00011110163389475 -0.146958700699754 0.0924473616382084 -0.224300543131432
0.1752656424536 0.0226880691160659 0.315039718483447 -0.103253103108148
0.0142698762003917 0.224791057088921 0.293911837489573 0.11653619897322
-0.187763673615222 0.151340221025299 0.426461863707617 -0.119612149900361
0.033804405498476 -0.0551493970295162 -0.350094897818088 0.16929404620792
-0.0607543040354035 -0.077378596141166 -0.23959585435643 -0.0988540317068365
-0.0998302794230506 0.0444336511974975 -0.389835419005998 -0.00111067477337758
-0.0331284866457046 0.0915922855499731 -0.128934632178137 0.265665820656108
0.0504786595911971 0.0288190136111049 0.182313395371017 0.139243314458226
0.0738576368253522 0.0220608035712249 0.178144145879714 -0.179392422427244
0.0239204723940047 -0.0250785249660138 0.00734585209723253 -0.418079675096359
0.0203080804318497 -0.0399020083117836 -0.0750504694938843 -0.51272913607412
0.0110277032951145 -0.0197634217745824 -0.0896192548403992 -0.52648917895716
0.0491026635109778 -0.0163205904604256 -0.0573148788364861 -0.482734537669837
0.0678033274521886 -0.014824216059894 0.088220533710904 -0.384751967433748
0.0544558740733413 0.0769905015241621 0.138247890451364 -0.181752808466633
-0.057508396030845 0.122474447081179 0.0325018494585462 -0.012200466206493
-0.130497953231923 -0.0236594160128047 -0.105029700878769 -0.120518642479159
-0.0367881522659774 -0.0669358062156032 -0.231754616924643 -0.303748449699836
-0.114018486055356 0.00047870108016596 -0.323000527519495 0.172494844236474
-0.11528379621381 0.0315416633332969 -0.221602250594465 -0.143635900604902
-0.0619105360290013 0.0865131707139628 -0.404117969980683 -0.05767915623246
-0.0227908145504507 0.0664018378841135 -0.161730637902289 0.250729246775058
-0.0177027327725412 0.0529832205260531 0.167301656660836 0.181420179730546
0.010971858557661 0.11229555948483 0.201090227373058 -0.149396485517248
0.014558512929583 0.129651764994201 0.0482061363668066 -0.389699626399961
0.0497905433118846 0.152561748347447 -0.0516530293297044 -0.483097379056418
0.0458327063247966 0.180480056699184 -0.0834162181230348 -0.491246713256711
0.0360614419353085 0.202701021708799 -0.0844804814531679 -0.451774330866794
-0.0388438991635427 0.1879915245589 0.0438466253444698 -0.362960173530062
-0.147858831183413 0.178837752191356 0.116163400491724 -0.174991604208294
-0.216315456728379 0.102453831667077 0.0267588756195835 -0.0269082204258743
-0.23804244577666 -0.0413095139362797 -0.0975801972326269 -0.122773345329129
-0.16669176147618 -0.0565277663763916 -0.186298801533231 -0.306433749107243
-0.257167991989446 0.0461855237110479 -0.248323511530693 0.159261637478143
-0.184817631800403 0.133254840969294 -0.226385901100591 -0.188369155711105
-0.0516481259910009 0.121580233561063 -0.420093961136379 -0.0530216605014547
-0.0336763863644905 0.0452108826103455 -0.146669950626639 0.251040676055917
-0.0979496014469248 0.0942513042670389 0.165302624648088 0.184099771388678
-0.0617130868202423 0.203607809494648 0.195371872474384 -0.122643036555473
0.00129552937950217 0.274993640792141 0.0774923324503228 -0.314289371690588
0.0715224989397601 0.32201579486715 -0.0160719319194812 -0.379165575244107
0.07728618514092 0.347868011962397 -0.0568655613041571 -0.380540408983733
0.0359320699775995 0.385788003399569 -0.0839544252009947 -0.349737402062026
-0.109884461011424 0.371542997439544 0.00619317005567618 -0.272984524372417
-0.301273725148897 0.277590422220363 0.0848963270960592 -0.140723049118931
-0.327497992094 0.0922596485228109 0.0293274306395043 -0.0529255183597851
-0.298144967282002 -0.0312858454781126 -0.0416259458701091 -0.121807786611253
-0.261327248598803 -0.0201232860422988 -0.0913281768249488 -0.283170008103359
-0.354435272023066 0.0711878376940895 -0.137979547694314 0.142354830230351
-0.226476122580196 0.181098389116843 -0.228438194100736 -0.21132927702387
-0.0783914704442141 0.0946216565410984 -0.414852510115075 -0.00219996534102358
-0.118529578792048 0.021024494164501 -0.102801119133277 0.258958373313708
-0.205823212343337 0.169159936380269 0.155324301722104 0.172953435687898
-0.130896784508673 0.304116876902819 0.165331771543468 -0.0739741276438082
-0.0051187262374039 0.392552587706677 0.0941776710110742 -0.192058573431997
0.0811817610412383 0.444815592090325 0.0249048590455343 -0.217499731511199
0.0900502102920229 0.452981668216026 -0.0169036406265822 -0.218225695855028
0.0199640978452946 0.496283151568417 -0.0570489624111693 -0.199746737676129
-0.160964030851111 0.475836577808788 -0.0137841070406361 -0.141481675889409
-0.383459659443312 0.30445016882598 0.0527660578600758 -0.0930754447869859
-0.339039052308293 0.0666834704951079 0.0439294223103958 -0.0902460535010449
-0.279022799109002 0.00633905166032619 0.048911245985304 -0.122059402223109
-0.306588476831933 0.0438608054430638 0.0322520040572193 -0.253189931409707
-0.377946315015739 0.0791698472669125 -0.0152734098419488 0.139043827448667
-0.219799349487692 0.152318059957782 -0.190129084445037 -0.178305823033411
-0.134886419341742 -0.000793268629547939 -0.343543701975784 0.0554199447687244
-0.259301110015833 -0.000369936212761458 -0.0655233166478546 0.241222325975349
-0.310929393723218 0.258629406122334 0.10319651922166 0.177748892837494
-0.178114759639974 0.389648827485479 0.113626344261238 0.0216445858174863
-0.000336792726592671 0.461134692891349 0.103299394823204 -0.0302615223641942
0.0805560726838631 0.498458335292576 0.0631123193399374 -0.0249794400516293
0.0713024400544443 0.48109903761086 0.0259081322827508 -0.0313955874820041
-0.0304774327284075 0.508786292181255 -0.0220989385440033 -0.0384300644594532
-0.209422529584348 0.455227050030824 -0.0308117594511766 -0.0134401321072963
-0.383500075392078 0.216474429506031 0.016957805066048 -0.0652634148279574
-0.234098154701128 0.00946305695227576 0.076432828352898 -0.137067362660278
-0.182181756630686 0.0649747177418487 0.151337540621091 -0.112484285144956
-0.309119415556118 0.117946505879101 0.158072400528003 -0.224271308123043
-0.333259409710908 0.0762205018498002 0.0999489628962174 0.16106289167921
-0.174251569629573 0.0791437707126035 -0.0931460875669744 -0.0989999070602375
-0.186595634111673 -0.106759056474718 -0.220842734340246 0.076395119901044
-0.362538972092865 -0.00898498626586759 -0.0700610175864765 0.19720213333925
-0.349617441299823 0.312634832670338 0.00886376835444969 0.215308762278258
-0.181856139367571 0.41330970473282 0.0565819120364956 0.160254711096174
0.0129642273396459 0.457504787906015 0.109795135668104 0.153826040995661
0.0672329327804056 0.476642288491754 0.0913922838601257 0.170278853624067
0.0277259593054959 0.432082052079886 0.0504552816409821 0.149125474750879
-0.099471434659099 0.425640912985588 -0.0114751975058116 0.0972080764445179
-0.238129741644548 0.320621441452193 -0.0689951288268272 0.0627900722184802
-0.297698707221799 0.0504353974090083 -0.00682741893655677 -0.0928132014327599
-0.0533682999715453 -0.0402682452671035 0.133201752383181 -0.180371959832342
-0.0595848173645939 0.1378872988792 0.240103093017444 -0.076404968828233
-0.277754436102161 0.176030958152447 0.261012594356717 -0.200645407690806
-0.234949821892966 0.0761153550150563 0.191305195300996 0.19601820495736
-0.100777707905452 0.0179183081965336 0.0358015110472416 -0.0130192148680705
-0.181401928337313 -0.156119588674636 -0.099216390067776 0.0599224751644656
-0.348742920580746 -0.00765261592490951 -0.11294412931665 0.15898029063995
-0.291857159520147 0.287672412200296 -0.0835457564018413 0.277252715804832
-0.144520674102444 0.346582095654036 0.0182075228813594 0.306779140155812
0.0254080842075729 0.370455090948914 0.114175198387833 0.327108021363413
0.0434684211965676 0.381451236234299 0.10641939551821 0.341677054057144
-0.0196825236717571 0.323805547182172 0.0485205189929098 0.296930812737559
-0.145989822137798 0.281575491040103 -0.0388328447436316 0.179606735992482
-0.2124238936317 0.144281464159799 -0.11984318320704 0.0560414017642767
-0.153334501133171 -0.0897145242087115 0.00242608800477719 -0.161564668423391
0.10607517801181 -0.0403535721186075 0.213215968888621 -0.187474635142783
0.0220986156325681 0.195597777360641 0.290760757972059 -0.00502729161213323
-0.226540765933276 0.190629713368671 0.332041281174488 -0.177899507689805
-0.108785497162775 0.0804121710846986 0.243939086003856 0.224056564129845
-0.00719064663687012 -0.00195603804631524 0.143680646835511 0.0458892464973846
-0.0948531636219299 -0.139853021959304 -0.0203666860746577 0.0317468025317323
-0.218229970929138 -0.0236253848934019 -0.162903885975915 0.144691826979656
-0.167189157639093 0.176980288816027 -0.133470330760325 0.333297288097272
-0.0890168778570837 0.198200209743568 0.00844271108511072 0.413832103207457
0.021621870953182 0.217342330919853 0.115806594995433 0.453846547618129
0.0119105131280745 0.227596785080452 0.107199145186172 0.45602989602679
-0.0479332589981812 0.176978091342257 0.0222311542747464 0.39260954664599
-0.139489428439564 0.123743859004757 -0.0872078324721875 0.207605880337927
-0.143587158619682 0.00946281444821431 -0.152078312486353 -0.00888591033874769
-0.0250636363554432 -0.138255679907006 0.0559557686720687 -0.224557239904618
0.161853170921453 -0.0127946924580282 0.287135141350111 -0.139842101593335
0.047769222354803 0.193862573358285 0.294926478355917 0.08467452380501
-0.14687706918702 0.155165710718017 0.368518407122103 -0.153881922938904
0.0310118514671202 -0.0548556688083079 -0.318082021918785 0.149367972543889
-0.0597559466032863 -0.0727648147088109 -0.224638494232443 -0.102996539405481
-0.0927904697217712 0.0440418931774839 -0.370844038096674 -0.00204121077016422
-0.0291743573729858 0.0881505529112161 -0.122771683473832 0.252673452075117
0.0470689861738658 0.0260431987216431 0.175081222455891 0.133209296898031
0.070068024161468 0.0192618666841697 0.171846869607624 -0.168685154920595
0.0216690882342603 -0.023783223783877 0.00994879388048064 -0.393960391468108
0.0188630513887557 -0.0374646467322365 -0.0675961847059238 -0.485876984644778
0.0116933545217029 -0.0175427526986765 -0.0767940343616455 -0.49667337327398
0.0460864475091681 -0.015687569942971 -0.0449074872148119 -0.452513855323059
0.0634033919460636 -0.0156584778218256 0.0881785816511813 -0.359252026928452
0.0523525895231648 0.0713199171215891 0.132713865417361 -0.167998014241061
-0.0515723677186063 0.117165615621143 0.0338408561826648 -0.0108575668937611
-0.124920192908718 -0.0205479505622806 -0.0935619597662769 -0.1188093736977
-0.0357140489096026 -0.0628453693110681 -0.212457272698214 -0.296560486727371
-0.104294662960374 -0.00460651407818338 -0.29371905566366 0.154409466539614
-0.107414840925762 0.0260991592927711 -0.208125086547618 -0.144647489480728
-0.0571624556205728 0.0785320919409374 -0.385660243439061 -0.0552274993876526
-0.0225640645990886 0.0599512842636599 -0.153674170379922 0.237284215288204
-0.020466092152096 0.0481704582901414 0.160845514902264 0.172490785862843
0.00814056857432923 0.105348893611688 0.191900206693236 -0.140795766389894
0.0110335682847392 0.123485647251001 0.0481987077317503 -0.367757431703687
0.0451095879507125 0.144297891978577 -0.0453220120914882 -0.45680729336927
0.0417938276000021 0.171911685105725 -0.0722510602562714 -0.465030694164133
0.030801786939139 0.191065644500131 -0.0714557415578687 -0.425672352376022
-0.0399696259205842 0.174596012017842 0.0452060061199933 -0.337572801880522
-0.140936520426171 0.166043983440807 0.113509303907617 -0.162462215145368
-0.202313603213168 0.0917741023346132 0.0283446268308268 -0.025994199060846
-0.223049889891746 -0.0438606655376948 -0.0861180564557919 -0.120716620783914
-0.153414755073892 -0.0590890700935948 -0.16994480091627 -0.297863493129927
-0.236199880188949 0.0350484362054798 -0.225618437123087 0.142701044077588
-0.169312253184749 0.117870022390243 -0.212283535858399 -0.184902144227949
-0.0468662986344487 0.106397389581019 -0.399482601478015 -0.051398709272921
-0.0359544687910851 0.0366568449636866 -0.140345902680565 0.235399655551099
-0.0985672723723954 0.0862603691051143 0.158135438476542 0.174584158376895
-0.0632185795705978 0.19199718825887 0.186017658664699 -0.115145201915522
-0.00351235521736777 0.261792372705784 0.0735327883272024 -0.297272317482986
0.0643103733122223 0.305704849867058 -0.0137882192306293 -0.35907107395362
0.0707279037515386 0.32963959147805 -0.0502229740910948 -0.359847415373823
0.0291188087431425 0.364135993049589 -0.0737942121234398 -0.328905646619095
-0.108335263292406 0.349635367997586 0.00999722790937465 -0.255887410583801
-0.288673370546825 0.258376287132548 0.0855163533102197 -0.130265487356787
-0.310810111616694 0.0783134845986957 0.0306213565011134 -0.0507013645446132
-0.278237830363377 -0.0406626042306844 -0.034822987228733 -0.117948142664618
-0.238570130172458 -0.0301309138069268 -0.082761796540298 -0.275499757407934
-0.324588190296235 0.0590910938365489 -0.125632160835163 0.12872416659606
-0.20571856006678 0.159553199613194 -0.215014485904711 -0.205293163723429
-0.0726220293793184 0.0771666561731288 -0.392321395461534 -0.00264944761065939
-0.119413801681768 0.0106556084612439 -0.0995799076080828 0.241346124457707
-0.202850971705378 0.156198291786302 0.146025233998585 0.162506705424438
-0.130438279350186 0.288424228280241 0.155363533029403 -0.0701517161599515
-0.0098884501735483 0.373631605490258 0.0870308231591327 -0.182481547881796
0.0734034888138079 0.421653493184686 0.0241249210840636 -0.206347603703462
0.0819202307671372 0.429000806111487 -0.0133759523186247 -0.207154539367338
0.0134955634503809 0.470301744766219 -0.0499351180151217 -0.188838169824095
-0.158879482862587 0.446513411742413 -0.009498803648984 -0.133441564890586
-0.370529528354218 0.284973365977782 0.056250453730091 -0.0864422092953271
-0.324780675290807 0.0500705282447643 0.044012512655153 -0.0859440491547956
-0.259112035371795 -0.00989993357103613 0.0487443433973225 -0.11631407589894
-0.280026987411208 0.0261047725124546 0.0305732403036105 -0.242401040408487
-0.344950912951972 0.0647101760145911 -0.0137194195783246 0.129705120566475
-0.197256491625035 0.129888877358642 -0.180932210298154 -0.170995028696718
-0.127772017713832 -0.0163278807256969 -0.325746209907042 0.0523809348774629
-0.254366546194482 -0.0100100109146387 -0.0638298723096406 0.222870464021948
-0.300957275915828 0.241367804630493 0.0935766224733972 0.165960782034801
-0.176341221910903 0.367544899622428 0.103478156281405 0.0193969304939336
-0.00517333825918773 0.437434979440909 0.0924895385409969 -0.028576747909834
0.0732345062751107 0.471859495424702 0.0586089044886161 -0.0237849370943664
0.0624443251326833 0.454904658134621 0.0240641918997682 -0.0297113187844564
-0.0361991793079627 0.482505925834458 -0.0193795457054238 -0.0376935582436106
-0.205260487900852 0.429435606829833 -0.0266184149850298 -0.0130909323833995
-0.371291374696546 0.201939745230758 0.0236968994740234 -0.0623305537483128
-0.22715559412504 -0.00554949814348009 0.0736656263354368 -0.129993063189686
-0.167026352441064 0.0420206796328482 0.144624716141821 -0.104713219393051
-0.282033418586301 0.0944145501324202 0.145162553210741 -0.21097776751939
-0.301048845998744 0.0637345957284863 0.0901419370005158 0.154859045121486
-0.153323611503601 0.06114346263341 -0.0907827936989928 -0.0926325465538673
-0.177523823040034 -0.114274726207199 -0.209096832484496 0.0711592605010125
-0.351158406064254 -0.0150515886377476 -0.0690571064565811 0.179620395273726
-0.336926509105649 0.292497396876264 0.00308108558953465 0.200763335453305
-0.178551823180279 0.391309612893631 0.0472353600781354 0.149621512528597
0.00821550226737575 0.432671760726031 0.0963947401869468 0.143261629410483
0.0606065662169994 0.45044959074859 0.0844462461376907 0.162261051969825
0.0209649225841545 0.408881126361547 0.0471344410485526 0.141014639563695
-0.100192630830968 0.405683362120444 -0.0115722760611097 0.0902180795707217
-0.231117177254017 0.303554417466684 -0.063715480055292 0.0580355443608939
-0.291013496499198 0.0457360539131498 -0.00173899160531614 -0.0867307362660204
-0.0562437305234385 -0.0526911234219355 0.12662824263262 -0.170639785833011
-0.0504223593792971 0.111928954317725 0.227000704986937 -0.0673934078518139
-0.254387996092313 0.151298363220705 0.239424852119861 -0.183061987045292
-0.210451414854271 0.0652599152499104 0.173448670068817 0.191530002211695
-0.086910681096694 0.00595154097593267 0.0288941453636555 -0.00992713340905993
-0.172746344866814 -0.157726596130442 -0.0951915016153344 0.0556592646310804
-0.336312473744292 -0.0110645257163188 -0.109405642937665 0.144160245026243
-0.279951693790548 0.26912102995901 -0.0848511985768493 0.259116136410826
-0.141518507967608 0.327427655101437 0.00906314729531896 0.285245717943357
0.0214397357613147 0.351022175879483 0.100184325342289 0.307053536164718
0.0402238557512299 0.360812409875199 0.0981184340691112 0.323682369038309
-0.0215503961911288 0.306440636526401 0.0432208614037869 0.280873327304445
-0.142455997045696 0.269139216519286 -0.03775087206211 0.167749497519981
-0.206243873063175 0.138234060080376 -0.11331285131871 0.051939199914244
-0.152895151223611 -0.0876852260821851 0.00467584442977293 -0.152601920071299
0.0967219002049499 -0.0508194928604088 0.201381802274237 -0.175976216665139
0.0275108841635 0.171469580237269 0.273825270394852 0.00201912304186872
-0.207396870432476 0.170394609076645 0.304159972665594 -0.159865069965349
-0.0955159312281504 0.0729233821733699 0.222110999435591 0.221011551952298
-0.00240390786737964 -0.00816581439821355 0.130151280370466 0.0470171539194943
-0.092538506783539 -0.137622896280633 -0.0206466306995679 0.0293084311609157
-0.21031289324906 -0.023698822454279 -0.155029234129371 0.131741245049601
-0.158506935709397 0.166805077969807 -0.131630049521346 0.310692112997869
-0.0867021556801357 0.187991300026393 -0.00137660221239711 0.385289171603198
0.0189077900241424 0.205729043820136 0.101270029731916 0.425235880632892
0.0108173449225115 0.215533091078127 0.0984534205019836 0.432927002923249
-0.0479940394587461 0.168516966996628 0.0189371992155939 0.372193447182835
-0.134295947079952 0.11926519539929 -0.0847291957284042 0.195304841971986
-0.138267518195353 0.0103201208692662 -0.145781337077838 -0.00921818134164864
-0.02871502226958 -0.133007666893134 0.0527495654223749 -0.211253211733724
0.152017368468461 -0.0194609202529831 0.271554529689267 -0.131238487126678
0.0505437749619487 0.17669856668667 0.276766628588115 0.0875658082920025
-0.134295420648872 0.14210864655435 0.33637840666293 -0.135176201646302
0.0307480809717423 -0.0538453255235266 -0.302747114711708 0.1257507496266
-0.0577286591906422 -0.0709987037329739 -0.21477698105633 -0.114183887161703
-0.0899135380667272 0.0417256743291648 -0.361916407225399 -0.0115471194243514
-0.029041030276282 0.0865561984747063 -0.127007117297252 0.243369929982655
0.044309531237765 0.0256624561282264 0.168944122626621 0.136075821556877
0.0675200722156338 0.0191007939647976 0.173377621533134 -0.159055517966735
0.0204945728459775 -0.0219472946438566 0.0233495338998408 -0.382403317060813
0.0188797195600445 -0.0354416960542316 -0.049698056662044 -0.477020473530649
0.0125765494128503 -0.0162487842426413 -0.0560529053562271 -0.487044150308561
0.0451941802415408 -0.01406280104806 -0.0247764598939659 -0.43928591452718
0.0613418183610157 -0.0149802778709276 0.0998695080376913 -0.343073587807439
0.0497896109149419 0.0687207921050664 0.13603358966259 -0.156837142238034
-0.0505355111512609 0.112740530174274 0.0368630521045132 -0.00908072820320236
-0.121913810496091 -0.020606672250782 -0.0819592806453946 -0.122559076515517
-0.0332623939619265 -0.0624805851184602 -0.192328885135666 -0.304109044000938
-0.0987562516444997 -0.0123523399248531 -0.277852471389413 0.131091237032584
-0.104149762302795 0.0188291232305197 -0.197761532653047 -0.153733253224555
-0.0561391821051201 0.0711104617169998 -0.37385721919401 -0.064029360881045
-0.0247266379347622 0.0554516995755861 -0.156497280009317 0.226944010741848
-0.0250799641519836 0.0451595242341166 0.153733217158217 0.173092402814368
0.00282147741281345 0.101957531809599 0.192247925430232 -0.131290140404138
0.00424047183918745 0.12197160665212 0.0577467886168952 -0.357071829649585
0.03831793811714 0.141670146290886 -0.0299605459258504 -0.448876628109709
0.034466333640139 0.168927335166922 -0.0527445442805187 -0.454291800366048
0.0215905950791692 0.185671830524327 -0.0532512073410745 -0.414334583416619
-0.0455254699688588 0.166689940628125 0.0581620296966176 -0.324706786594218
-0.142346166721146 0.154549406048189 0.117604332672382 -0.151326393760164
-0.198296845003205 0.078489448166352 0.0308353125143087 -0.0241894098110244
-0.214605696465391 -0.0531490274021197 -0.0750091546603472 -0.123710176774342
-0.143424123753505 -0.0669188336937804 -0.152882005798488 -0.304236410736447
-0.224114024394664 0.0207371073300673 -0.214623103589072 0.124601949601351
-0.163208650536515 0.102508060907894 -0.201073340305444 -0.192380796640848
-0.0468761036754943 0.0935664001480573 -0.388186670728944 -0.0619233737843402
-0.0405454546170151 0.0282286450041172 -0.143819293926383 0.223994566085723
-0.104273904836 0.0785635302450029 0.149593807248312 0.173386139378584
-0.0705603430579919 0.185550111400219 0.184706166076912 -0.107080423093969
-0.0137348390262747 0.256967915514887 0.0795659848928315 -0.287254011463705
0.0513878176042908 0.299228541923329 -0.00232206400732054 -0.350974428930198
0.0569074963104836 0.323060819641831 -0.0347507474774496 -0.35270310845135
0.0131410273251718 0.355944464150463 -0.058723564605316 -0.320900252723083
-0.119145039432548 0.334240467551898 0.0204912772331188 -0.246167457865915
-0.291710008107947 0.240280400101136 0.0919537381927441 -0.122172584587325
-0.305320437333834 0.0584186045538738 0.0336419414445278 -0.049404315759645
-0.26631808661589 -0.0589002485657408 -0.0265275156774705 -0.118993386189873
-0.224480270454837 -0.0465708408949993 -0.0710297672164624 -0.276566624574019
-0.306174253507585 0.0383341208437261 -0.120459820512036 0.116443285680249
-0.196404409507666 0.137231318425522 -0.204169018319878 -0.208788653603893
-0.0717044193812861 0.0595447236186755 -0.382494606490836 -0.0130395295461518
-0.123534735540697 -0.00123756793693518 -0.105496613302188 0.228756384687535
-0.208676892350152 0.143806721440474 0.136248999785018 0.161739210176567
-0.140700401094342 0.277666110243795 0.151304323063311 -0.0638260070728983
-0.024262440518136 0.365810401274165 0.0873940297224275 -0.175279946286184
0.0575364125670587 0.412585112732367 0.0289822831567793 -0.200585991290602
0.0624937261501023 0.420298226047385 -0.00547410898900531 -0.202091291722667
-0.00734650867504538 0.459644682331937 -0.041306133930217 -0.185328648942997
-0.172289281499511 0.430506670779595 -0.00236363740953556 -0.129236011710864
-0.374464223611758 0.265058424001406 0.0631689532490554 -0.0820290663324821
-0.323484358478134 0.0279543903611155 0.0462840992543633 -0.0830082010680074
-0.248750893791108 -0.0344342010117176 0.053437690037553 -0.1121098760587
-0.264649531338337 0.00271031606081555 0.0345150363281176 -0.238685195461534
-0.323661800923688 0.0436659709493585 -0.0161949378617099 0.123812673991721
-0.185567568277203 0.106639008957011 -0.172166575922531 -0.172786099534536
-0.12377026252427 -0.0342120543415463 -0.318075875428985 0.0408527477110559
-0.25579580123284 -0.0242052930296707 -0.071847618621756 0.210199301475542
-0.307058384685786 0.223827351120454 0.0832637362189206 0.162067412230594
-0.186830134494588 0.354882638904908 0.0956620533670616 0.0205777368151816
-0.0216264593648889 0.428107939839278 0.086372024817463 -0.0266611542492179
0.0551748719314045 0.460844210812508 0.0560944680824783 -0.0211437352344924
0.04308191358236 0.445120088718818 0.0253390805690666 -0.0286848409383227
-0.053904539533862 0.471338075712683 -0.016943296493288 -0.0376953399707226
-0.217508955795892 0.414333791475521 -0.0231931510233162 -0.0131881059985116
-0.377787988810557 0.184999040652712 0.0313256637824267 -0.0597943056224367
-0.229454483152629 -0.0257868825342645 0.0762998027354495 -0.124403795423193
-0.160690360596743 0.0175794877759785 0.144757171273751 -0.0956740389918224
-0.267347119227886 0.0678401781486923 0.142321887721364 -0.199636826580858
-0.280539260051293 0.04451629272 0.079910650142743 0.15502476431279
-0.141670588971297 0.040693985524486 -0.0886379074770439 -0.0924569042787341
-0.171314537686057 -0.130676356742676 -0.205987510833949 0.0633157868844575
-0.349704225751514 -0.0299848859128704 -0.0757911359434887 0.167086533124985
-0.341911738070963 0.272484843295296 -0.00740851722618817 0.193407971715896
-0.190149128971622 0.376599752803482 0.0353197402719484 0.145006365275051
-0.00709707953027275 0.423088495395833 0.0831399348999512 0.141301993522745
0.0452151289774488 0.43959958254524 0.0760391737207314 0.160846730429406
0.00441614856818065 0.400145506389391 0.0408487733036545 0.139422376499079
-0.113600267088649 0.397023723090447 -0.0145728228971487 0.0858769033712495
-0.239411736471695 0.290889104274549 -0.0625221562172532 0.0542051609100332
-0.293240035599014 0.0347698455632219 0.00532538314917932 -0.0834287775486205
-0.0608298420958371 -0.0664022137594798 0.128263282028489 -0.161369135303823
-0.0481177310461033 0.0888479037668413 0.22294455237051 -0.0550637800585816
-0.243212311998459 0.12591344664671 0.230786793912703 -0.166683172528836
-0.19546755741259 0.050297417321208 0.156358562275144 0.197610596014507
-0.0765696559170534 -0.00808628576662323 0.0241383952966358 -0.00631168840497262
-0.166521007995705 -0.167996104690339 -0.0952735473729551 0.0508628106933619
-0.334041987458382 -0.0232658439204188 -0.112852832392707 0.131250360425573
-0.281791203306452 0.253177786830462 -0.0947169846169056 0.245916663061871
-0.151117965407221 0.315433144070381 -0.00701465428373605 0.274637228175873
0.00910868911160939 0.342799772308559 0.0802892212211792 0.300462782378207
0.0274267854582845 0.351837701608192 0.0834340761561104 0.318876161447688
-0.0339802007243332 0.299690893724884 0.0332570729810218 0.276922311445484
-0.148907870735872 0.26236512588718 -0.043784659234973 0.161500593213827
-0.209851164360969 0.13022655291506 -0.112209908316191 0.0477661403297516
-0.154434464656525 -0.0914201936417476 0.0103601854223138 -0.1468471045071
0.0903454620349317 -0.0578535872591453 0.199946924691598 -0.165045458630645
0.0276261315564817 0.153116438873913 0.265881967759554 0.0157013949077591
-0.199380509741493 0.149887006831919 0.290738866367353 -0.138318330070535
-0.0870836987680705 0.063980998060757 0.201360833454301 0.230110109753688
0.00230323254921822 -0.0149769516575351 0.11942730715541 0.0532429637212318
-0.089118759527538 -0.141320994260627 -0.0222784310895742 0.027831765553303
-0.208509358333242 -0.0291295555979652 -0.15518477504578 0.119542859569279
-0.159777275046383 0.157758028618997 -0.14187269838865 0.293965744631347
-0.0919719640990625 0.181020289697728 -0.0189981813644985 0.371172981790769
0.0118793210351931 0.200103062757302 0.0791591680040684 0.417033198852264
0.00413196821935176 0.209407311606248 0.0813846021103574 0.424802457236179
-0.0528871509206736 0.163490955766078 0.0068037463881697 0.362595846813792
-0.135875668307535 0.11504852776604 -0.0904129922905254 0.186652045711574
-0.138806055637602 0.00757681471047137 -0.143314810806649 -0.0136693806403477
-0.0297848356712109 -0.132307346761079 0.0574041581475899 -0.203479105353373
0.146485788968364 -0.0221309962889384 0.26684519406764 -0.118934201980183
0.0501673004565985 0.165869273342061 0.266157046798288 0.0983604712976725
-0.130228885585792 0.129750219173938 0.319328158137674 -0.111481499026937
0.0315881566488652 -0.0550988900220225 -0.297541858166486 0.106307800824702
-0.0575105012981281 -0.0725781573277108 -0.213036852493006 -0.130525704010457
-0.0900008491802597 0.0411335016469091 -0.367526999970455 -0.0234258884903803
-0.0299751314538966 0.087320985938043 -0.136567846179594 0.243142049420955
0.043749205512504 0.0267484947299249 0.170118145554078 0.143921316183184
0.0685013393960158 0.02018856318864 0.182843657251236 -0.154945193792846
0.0203601508495338 -0.0217836811432879 0.0359080229436063 -0.384601622476266
0.0191236475149305 -0.0352039607219436 -0.0347956037900823 -0.484726407619582
0.0140539672330641 -0.015043634020581 -0.0350396886842627 -0.494092447233454
0.0460579748601623 -0.0128918511209531 -0.00513818895397695 -0.441813943746713
0.0624748791145066 -0.0150922176146904 0.115777193995693 -0.339901271536709
0.04889789327968 0.0696909074694092 0.144459323821582 -0.150115606699423
-0.0510532484337297 0.112519208293931 0.0408536653553624 -0.00759794587814077
-0.123512517710951 -0.0219077799239812 -0.073531865273417 -0.132688624436382
-0.0320661980076812 -0.0639533867407553 -0.180378177631965 -0.322887732273255
-0.0965659614443243 -0.0202271029680769 -0.273879022648291 0.113257199880784
-0.104469894942548 0.0119044311181788 -0.194262160542252 -0.168516697082978
-0.057436096018166 0.0661680426483165 -0.378278241126834 -0.075767941138388
-0.0283832505197519 0.0525641602970154 -0.1653996183501 0.223567315343477
-0.0298526592714934 0.043468197642088 0.152526935912826 0.180354336027036
-0.00167618332269933 0.102802161222426 0.200605079028352 -0.126569199835354
-0.00188359832653363 0.124805343287899 0.0694442793587378 -0.359395320732704
0.0326530637534874 0.145021086706909 -0.0143680496998067 -0.456554651055866
0.0289515686302386 0.172829948140085 -0.0342479788798155 -0.463229627605033
0.0136222257787783 0.188502562305091 -0.0344366088337638 -0.417433392698549
-0.0542653101096506 0.164561778363879 0.0727497618572367 -0.322273493357497
-0.149560247927747 0.148817868439069 0.127147192509199 -0.145818402793128
-0.201715994024709 0.0686070940543316 0.0356272071910478 -0.02404863804005
-0.213209859838846 -0.0647758936209291 -0.0669862272105167 -0.133033786225138
-0.139094648321314 -0.0779656689639594 -0.141552300476534 -0.319509780042418
-0.220473994641398 0.00622079927959627 -0.211754428133434 0.109839033464922
-0.163425992443716 0.0898226496287067 -0.19688148279695 -0.205972087974565
-0.049342580871972 0.0832814193983172 -0.393024459141507 -0.0724231942381202
-0.0462757322225991 0.0210757277752143 -0.15343000443783 0.220993540200282
-0.114833960387524 0.0746583546371166 0.146891904457916 0.179707611911471
-0.0813006373380742 0.185176266842598 0.190526307891228 -0.10221323251595
-0.0250889764508365 0.261623939672345 0.0882849091865907 -0.288019276206183
0.040812444495041 0.304936763325716 0.00851179132422429 -0.356503359740719
0.0447535231099553 0.329670435743139 -0.0215066726673608 -0.358325170921099
-0.00227902826459051 0.359615058998719 -0.0444161311233548 -0.325503273786761
-0.135692360714446 0.331817213302318 0.0322824046032147 -0.245252593675632
-0.3060439096339 0.23077988110199 0.102740211294061 -0.119275018521044
-0.313261063391034 0.0402700558255768 0.0376274762944869 -0.0496782798039203
-0.264657975233024 -0.0787366182829454 -0.0194607742046612 -0.125553812018249
-0.217970171861678 -0.0656816255038116 -0.0631491798196729 -0.288939350408378
-0.301116736458462 0.0187659864361367 -0.12038652472689 0.107692508337008
-0.194857813848899 0.119459114348147 -0.199511550288437 -0.220550224810094
-0.0741024737577667 0.0443765941146313 -0.386850894942634 -0.0236006087779769
-0.132840811735725 -0.0128990647661521 -0.115866523897873 0.224672311753975
-0.223213068664986 0.13722935844697 0.131206433420911 0.165726582135496
-0.157028472553933 0.276980271855965 0.151815755917071 -0.0599195461918879
-0.0390467481520603 0.372286508780824 0.0909717091213411 -0.174740473514475
0.0435177442468889 0.420210714622797 0.0352099987345195 -0.202143063373002
0.0472964046434473 0.428781714366427 0.00223916273621346 -0.205709718894274
-0.0274815882436843 0.466332942843132 -0.0336818766008808 -0.189101617045898
-0.192299785864455 0.428728572559397 0.00458310642480844 -0.128970737986982
-0.392503165643138 0.254007897889657 0.0725132153072147 -0.0804733527218695
-0.334347620252092 0.00530728396976946 0.0512267116294723 -0.083902164689695
-0.248952366178263 -0.05931199837694 0.0598713527847105 -0.113502138151559
-0.258984628246491 -0.021193695093196 0.0394230647984929 -0.243407724561376
-0.315747746744947 0.0225360398069964 -0.0201117285925953 0.123148408490853
-0.18222960704928 0.0867604883418663 -0.170232918803061 -0.181278511962018
-0.125733398847938 -0.054320215283031 -0.32349167000397 0.0320463849816822
-0.267619795044563 -0.0397953967178176 -0.0819866154639384 0.205386837010074
-0.324406242611571 0.215712731664387 0.0746822053094343 0.164817908971136
-0.205634118438907 0.355072505494739 0.0909504993735146 0.0237153866460661
-0.037872736974603 0.434722567028867 0.0828491048291271 -0.0248056942167679
0.0392109976419019 0.467929240814733 0.0561400667637474 -0.0191868212946403
0.0258850738525445 0.453235915741793 0.0267989524425732 -0.0283249575742192
-0.074062176398078 0.478930506248374 -0.015320308850832 -0.0395124229057322
-0.23845109053662 0.414855269674704 -0.0210062746606038 -0.0140970738460458
-0.395791755851509 0.175993962687866 0.0393787640639865 -0.0591479836580238
-0.240194404648368 -0.0457761270515202 0.0815593467502467 -0.123302423539868
-0.161458571370696 -0.00743690299444244 0.150857656330242 -0.0904495410014547
-0.263400914005084 0.0432613677843404 0.144991655259033 -0.196514356588763
-0.272303483479947 0.025664237006866 0.0732131986562683 0.161553816526554
-0.135847491887659 0.0212125652323774 -0.0898772663725084 -0.0945577744031431
-0.171943023776909 -0.151876795261845 -0.210739035035553 0.0577454315612938
-0.362367646347686 -0.0468774050057877 -0.0839674268671724 0.160900015649876
-0.359750271878333 0.265810831782739 -0.0191668210927152 0.192922626196122
-0.209181249389081 0.375987476805524 0.0238391800041062 0.146463074817533
-0.0223150876703067 0.429212878466492 0.0726761920260848 0.145509414268058
0.0304602692193151 0.446000272158156 0.0700303852216176 0.167193372387795
-0.0116647384884647 0.407049118365532 0.0358713790936263 0.143299464176811
-0.131055708191458 0.401421663318641 -0.0181968270387561 0.0855471455420831
-0.255481153997082 0.289935007514712 -0.0634520822771906 0.05262427798417
-0.307216915591961 0.0255170359888933 0.0129003740776611 -0.0841695032142862
-0.0672156152996149 -0.0823592464965008 0.133448076147235 -0.158425035240195
-0.0488652047939591 0.0694497021150839 0.22710988188184 -0.0439051636885478
-0.24194125305879 0.104520363807434 0.230941060172793 -0.155391581360203
-0.187824932525387 0.0360773074700043 0.145679728561859 0.211223432757696
-0.0707122963610013 -0.0228647989537722 0.0194588817828092 -0.00276533721515996
-0.166484632118248 -0.184803962661716 -0.0987717220619873 0.0485973106029383
-0.343489317897203 -0.0370952085150883 -0.121055532394089 0.123110807088649
-0.29684158714938 0.245869174870025 -0.109446877032297 0.242968015659087
-0.166316379284973 0.315169540988622 -0.0240697436203488 0.274899081218596
-0.00239722484043112 0.346805591380915 0.0641198824455187 0.305413099140026
0.0159658664207904 0.356472328670296 0.0732566202451251 0.327419973163724
-0.0457294838161881 0.303961088350636 0.0242727857167038 0.281169255846055
-0.1626158747169 0.264698777296239 -0.0514998151184963 0.160927343963799
-0.219493523692538 0.128312564408194 -0.115384387500255 0.0451287199570341
-0.161527999810408 -0.0993143581038366 0.0176501865790563 -0.148064754605512
0.0875872091855291 -0.0678313475248475 0.205858792523893 -0.158649206818281
0.0277708390906751 0.141013417803042 0.268072093609193 0.0296010877795192
-0.200294866606514 0.134871603373469 0.289178583386096 -0.121194800856216
-0.0828898339447932 0.0570581864727351 0.189667933328488 0.249188658734573
0.00607028608433908 -0.0220400014092048 0.112843627113258 0.0610730206560592
-0.0895877827986083 -0.150477903377229 -0.0246903481747769 0.0272022062748788
-0.213099280734311 -0.0361355475307086 -0.161976835621109 0.111023323334084
-0.167114668144238 0.154668080796822 -0.157908843541846 0.287990399241314
-0.101515668196277 0.181811887345771 -0.0402675778321949 0.371988453474548
0.00565778877272601 0.203269893880172 0.0600605599983796 0.423938573735607
-0.00180371556124414 0.211282778810249 0.0668086351840817 0.43544741336023
-0.0602756620993104 0.165453352120871 -0.00545191805983217 0.368960655058057
-0.143346068725633 0.115951632434564 -0.0993308875392445 0.185610035950332
-0.142504037076844 0.00543108603573639 -0.146219015261694 -0.0179293416438988
-0.0312251218336687 -0.136357583211811 0.0646779410230393 -0.203633499288895
0.147250142770177 -0.0250966637105361 0.271816078091806 -0.110834693716678
0.0508322011538183 0.160852707379091 0.265129080445979 0.11494251592859
-0.132193757039969 0.122907449707869 0.316106188951211 -0.0924400933635525
0.032672725265639 -0.0583052473710209 -0.300496854909973 0.094479092338747
-0.0612117242224246 -0.0753183369181392 -0.221077309091793 -0.146426446903136
-0.0920530234194717 0.043613813502805 -0.386435917756812 -0.0266357393244838
-0.0297757536167833 0.0920687933724991 -0.143823225128184 0.253489358207244
0.0445937851166745 0.0271192120068608 0.17848645645392 0.152347743286385
0.0719248195923811 0.0194481675961942 0.193652270125336 -0.160800049294764
0.0200560026521443 -0.0223875040752111 0.041995878382418 -0.402046688349975
0.019797268303172 -0.0368299915052847 -0.029119030121113 -0.508694478119912
0.0154482596169164 -0.014703848005685 -0.0279119716837031 -0.520389363705464
0.0480077653965307 -0.0129799728451116 0.00482938476179825 -0.459651367990752
0.0646849168894369 -0.017115090499365 0.128815568863974 -0.350026982927752
0.0513620084796343 0.0715715875525829 0.155179990817677 -0.151856748553711
-0.0510217078689377 0.117275435464395 0.0461062586257367 -0.00692474684982634
-0.12904424972294 -0.0203430039095247 -0.0712605819041175 -0.14517976324166
-0.0335484779497365 -0.0666988254698638 -0.18195319678915 -0.34891073539751
-0.0983556797750711 -0.0277795013385919 -0.276657947090922 0.103129099930019
-0.108183963819218 0.00721836694244278 -0.201016191962079 -0.185119188765235
-0.0590608002776049 0.064107765998603 -0.397827582264954 -0.0812047509729358
-0.0316512361853376 0.0525161436254628 -0.175360770209906 0.231979983250347
-0.0357338319654927 0.0444411524701987 0.161004464239181 0.190196252907205
-0.00454708793950997 0.107047274710005 0.211832540862865 -0.131660496622692
-0.00492568942657836 0.132546527862339 0.075801361564857 -0.374268952506451
0.0323027393547457 0.15218541969789 -0.0104445328091006 -0.479700483532984
0.0272481627889007 0.182142200461957 -0.0273338202395197 -0.487109015863324
0.0107448645497335 0.196748840017218 -0.0277511562674318 -0.435971634500356
-0.0603148495971217 0.168509242215799 0.0826287891084483 -0.332356526200561
-0.159082894408705 0.151558008579213 0.138236046604316 -0.14943171530793
-0.209755149434299 0.064596827660639 0.0409572627312852 -0.0259330110173242
-0.220304658583067 -0.0736213264695938 -0.0646614187857204 -0.145684595659158
-0.140718668657773 -0.0887782145361852 -0.142730176697041 -0.345569332479233
-0.224903458630355 -0.00468770662418847 -0.214891406615543 0.102145323374527
-0.167876797211181 0.0831815917580696 -0.204107853706367 -0.222457521374591
-0.0519039060589109 0.0763990690956897 -0.412285730038644 -0.0768683793616987
-0.0543572473152277 0.0163394496465655 -0.163425474360337 0.228155728214209
-0.126221454249666 0.0770154408457911 0.15203857045618 0.18935470470301
-0.0901493436809842 0.194447980170569 0.199613249858173 -0.106171571987093
-0.0316454150433909 0.276729726035784 0.0928016612606833 -0.300157893679407
0.0384917371549444 0.320032142340519 0.0130350435947387 -0.373592906417188
0.0417544076761518 0.346776293512473 -0.0155245498686979 -0.376810490229414
-0.0106346109374988 0.378764811546285 -0.0393327715997694 -0.340083139906818
-0.148306610918174 0.344178333763452 0.0396600035129051 -0.254353562050795
-0.325562761998057 0.237190790988287 0.113448700067823 -0.122917762652449
-0.331121659685025 0.0300765242088221 0.0423862049166172 -0.0528594331188952
-0.274901354612007 -0.0972718254439835 -0.0167522498423041 -0.135912873317217
-0.220216474540687 -0.08344321738928 -0.0632199777886208 -0.309760691557431
-0.305112077924976 0.00620198399850181 -0.121870561851207 0.104237025421155
-0.198811457192693 0.109786997568528 -0.207522232159271 -0.235496018542495
-0.0791801121054465 0.0307438760004764 -0.405089068273898 -0.0271923358084796
-0.148012245801551 -0.0220697046015508 -0.124890538275376 0.230042102960869
-0.242933825227662 0.141067825498795 0.13365790805098 0.174208703851826
-0.170671501864497 0.29053995037428 0.157610997306145 -0.0610050009536214
-0.0474582074485168 0.393544837449816 0.0928790173290982 -0.180937053740483
0.0382707782680083 0.439690062111053 0.0383555857228064 -0.211900297140905
0.042321874682208 0.44914357339617 0.00648641178049173 -0.216024696870595
-0.0363499206544625 0.48995742046824 -0.0304988547000196 -0.198209827646585
-0.210348643770861 0.446768193658775 0.010162318765109 -0.133821312860638
-0.419783503509472 0.262260122930346 0.0828918437707605 -0.0838461555847265
-0.356786896256736 -0.0083019785727323 0.0555860850757999 -0.0877385142831772
-0.260056448567811 -0.0822575730210155 0.0655025387341698 -0.12024769092246
-0.263537616156257 -0.0415587423617897 0.0404842945677776 -0.256931345171892
-0.318674902900019 0.00808420710872225 -0.0216698644238137 0.126111333462024
-0.184031424681398 0.0718819981195575 -0.177883020552991 -0.191060153795402
-0.134310299971054 -0.0746247808789178 -0.339735292243883 0.0314710167890522
-0.289042895221153 -0.0510205416541464 -0.0906149365099865 0.207638305481435
-0.349938673920796 0.222216206884067 0.0722465876786023 0.171682249377965
-0.224106575524004 0.370871330397737 0.0891997382849783 0.0262323556660378
-0.0441868143012364 0.457939462823866 0.0817742002412496 -0.0238459641699668
0.0340045914880077 0.490305017494745 0.0582064536758439 -0.018684084019762
0.0199990502268248 0.476686584976153 0.0283651368902431 -0.0295632003843505
-0.0870015489005658 0.505430006810026 -0.014303548754138 -0.0429701792697878
-0.256302951500011 0.431304741327249 -0.0185008673535396 -0.0140772573917715
-0.423968069399448 0.181747058300818 0.0483330782590689 -0.0626052493927258
-0.261336430113296 -0.0628401262687774 0.0864501755751476 -0.128679002352793
-0.169965108682457 -0.0303357295912255 0.159296196015164 -0.091690689537369
-0.269154899523215 0.0246513241174867 0.146735407966255 -0.201825301059
-0.272958184516996 0.0125930423608595 0.071716968964004 0.172379733918553
-0.135600628652189 0.00417894951358386 -0.0952728481312816 -0.0973964115799058
-0.182780236791686 -0.17509432094909 -0.221548958260188 0.058237860898336
-0.387697530918895 -0.0565623880656305 -0.093414679554061 0.161737226194791
-0.384210753386809 0.273059258835932 -0.0281489076973887 0.200358000984765
-0.2276338801341 0.394507989856504 0.0164973742543526 0.152547952612706
-0.0294917861144419 0.450270780224926 0.067953841162162 0.154017449078018
0.0265750499835826 0.467877467717904 0.0706323674407163 0.176961561575683
-0.0173928623194297 0.428304381897916 0.0360870330168722 0.150213170002653
-0.144441384875222 0.424172510204158 -0.0200696916180388 0.0886470578832174
-0.274959957616932 0.304381903212587 -0.0648670764970682 0.0553682946602181
-0.33225311292969 0.0255682271939606 0.0190593666452973 -0.0880628485652182
-0.0804767480677522 -0.0997605528795208 0.140065787233789 -0.162585358665462
-0.0514061334134104 0.0514774213531857 0.238824119288849 -0.0392682055489067
-0.24666884343809 0.0912235186902654 0.23464439196483 -0.152859257305308
-0.185859212179004 0.0261077523259517 0.14492656554891 0.229499928207191
-0.0685172059457236 -0.0384691801856769 0.0158117038862083 0.00120434429310145
-0.17768779671867 -0.205447657788579 -0.10438810721796 0.050493631171645
-0.364492783525105 -0.0445998653347268 -0.130703105743139 0.121779624822797
-0.315810023593166 0.2540572973695 -0.123113973419893 0.250906587879093
-0.182723210183609 0.330121277414058 -0.0363860145980835 0.287012136225272
-0.00678407723928929 0.363991930404643 0.0567192393335019 0.321108625529129
0.0123709322360183 0.372594871041221 0.0723658374464038 0.345298664877683
-0.0530924980584785 0.320011318533794 0.0215752695746128 0.296188433310498
-0.174375415560199 0.280743463914827 -0.0563055444843103 0.167564997967841
-0.235244767857789 0.135822559326119 -0.12062562874739 0.0463031259691955
-0.176784342501128 -0.105672509275735 0.0223023527561928 -0.154401113359685
0.0851478291981485 -0.0816462383190507 0.214698430045467 -0.162929414534862
0.0304856920701321 0.130369303149349 0.280077873682712 0.0401104309082518
-0.204966166855015 0.127411822636864 0.293013542403882 -0.113863998823536
-0.0803308978648122 0.0529295114565021 0.189642756645565 0.273467579434725
0.00986977214059011 -0.0311532964171533 0.112024442172698 0.069391379512666
-0.0964650024129938 -0.163212441382667 -0.0270387831592587 0.0286811455223614
-0.226188245055489 -0.0390291409751631 -0.172084345946613 0.110301111303265
-0.176860867091016 0.159686952685495 -0.173891528319536 0.296812727514491
-0.110434450879636 0.190815029636481 -0.0548391182995947 0.386491218038926
0.00421966731660669 0.212200019515721 0.0511977032313603 0.443212772160431
-0.00418652639854676 0.220995997457576 0.0637552141367642 0.458734918162323
-0.0656733429002227 0.17459760030824 -0.00945066121100089 0.388160068582096
-0.1526361808445 0.12328644851982 -0.107018872159128 0.19314974074143
-0.151754444152407 0.00809549906014091 -0.154786489595068 -0.0185686257970054
-0.0375107894050696 -0.144104496262012 0.0689546443425327 -0.212789552787998
0.150295410975828 -0.0327800501199305 0.283243986031076 -0.112361119213861
0.0552486192046753 0.15939944277011 0.276730746567895 0.129323980037657
-0.135113654593669 0.121973358479642 0.320973706709123 -0.0809827157987508
0.0238459594754633 -0.0710777979960664 -0.290503957379783 0.13763949986455
-0.0737099345648242 -0.0700694715672433 -0.254008729045825 -0.125247954241983
-0.0834279500036873 0.0582096727885753 -0.408834942142135 0.0305996083544094
-0.0178910551754803 0.0973022880717901 -0.104521957115222 0.284030810685243
0.0469890795027995 0.0225807358709331 0.212055835704975 0.127552147335446
0.0775549811813589 0.0102585318372806 0.175029055392272 -0.201185994494265
0.0168461134194612 -0.024491651045243 -0.0241285595935219 -0.433057240394433
0.0183608682844826 -0.0405157401550703 -0.106348427971449 -0.528715325849585
0.0181258989221414 -0.0178514612244275 -0.103250377244809 -0.543057243267576
0.0511173923100601 -0.0197865902881044 -0.058051215912259 -0.481259350312275
0.0652226642443519 -0.0266066188906437 0.0870267104321494 -0.383556578158177
0.0628778465600015 0.0661975910022553 0.142228105359909 -0.180278431094678
-0.0313347550118064 0.127785314929268 0.0543278621297529 -0.0161867471062301
-0.134198050829325 0.0020881498089995 -0.0930714019795323 -0.145831143074097
-0.0450662920697465 -0.0607003284058639 -0.239515643549645 -0.351237857152896
-0.106997247715748 -0.0210651354303866 -0.258783367478057 0.133460491402784
-0.111007531544919 0.0177700094317869 -0.239287193811831 -0.172883547174879
-0.0491242752790165 0.0694048340003508 -0.433737264856509 -0.0239670290782275
-0.0299098608180024 0.0546277451225137 -0.140046725293339 0.269210503564572
-0.0374259041145424 0.0534507106841536 0.203752533992723 0.168892652812509
0.00859584491022448 0.114218746353117 0.202709580210904 -0.177085549138032
0.0119357305598041 0.14300343446777 0.0195108492586261 -0.41369251371557
0.0574603722258402 0.155669671168105 -0.0839241420013659 -0.498855726863807
0.0585685598753399 0.18496223021621 -0.0979528857060266 -0.51043170814423
0.0408283596802967 0.203837575586178 -0.0854215157844682 -0.451638100525654
-0.0374806360690741 0.182651364131795 0.044426469818093 -0.3607265599766
-0.147005238669955 0.17776212847527 0.131125404549169 -0.176067927757531
-0.207306257907296 0.0934533963823304 0.0455617373323165 -0.0314973333734796
-0.236203312578371 -0.0475827421322379 -0.088605436305943 -0.144095116477504
-0.155344023844661 -0.0756052998096907 -0.200765969995735 -0.352419004755496
-0.234976717267095 0.0201365487007105 -0.188229552901528 0.115819773391296
-0.160444476657773 0.100374844822485 -0.247747004346511 -0.213752802130543
-0.041899051744706 0.075021922501395 -0.447343878422858 -0.0188452422388325
-0.0633388712155135 0.0172568117390626 -0.129247860935327 0.262809684339963
-0.129888774604505 0.100292770912889 0.197769860986482 0.16719151457643
-0.069995040956611 0.219355917797338 0.195485466299543 -0.152813524916019
0.00355681936138867 0.297523004383767 0.0515934004455015 -0.340804635409247
0.0871168804747409 0.33026428729803 -0.0438963871814218 -0.39334916902603
0.0959820803101625 0.353654295528814 -0.0696889346993686 -0.397279037031139
0.044334958989897 0.394962588479952 -0.0844361323352642 -0.350759316215045
-0.104071682892558 0.376034626601749 0.0125723172901199 -0.275751812599094
-0.309193345010251 0.289863363040354 0.114246444814304 -0.146261349992037
-0.34256437578861 0.0744478378474262 0.0424605921568569 -0.058414523410969
-0.298724332421522 -0.071641403540767 -0.0381109506370099 -0.13845177178861
-0.235676733732157 -0.0652626519729479 -0.115020846109927 -0.322996643250184
-0.316767707044598 0.0414044567823264 -0.08868956997018 0.103356513822925
-0.187840782366017 0.127914490017023 -0.252128119943342 -0.225674907276684
-0.0808667251623931 0.0264919537888368 -0.427764529912875 0.0357584655340005
-0.169424711774547 -0.0101087634293853 -0.0846094925281792 0.259995413595239
-0.242756494247843 0.183549281929447 0.178447889344785 0.150078964114985
-0.141741699416328 0.332499082996305 0.159168336043467 -0.104267015138543
0.00301638277257909 0.421138029626093 0.0724422403787 -0.216478076310536
0.1038267849701 0.455208547927652 0.0062928580123867 -0.228372607139613
0.111222156108836 0.462491732683124 -0.0236174713471922 -0.230399701236726
0.0331405533969235 0.515942109934334 -0.0547408434370956 -0.20479255043978
-0.153520380241827 0.49422517522392 9.37412766982313E-06 -0.147458821415402
-0.406381670748081 0.3319139884836 0.0902440618006646 -0.102061686716263
-0.381068103265175 0.0375887024160935 0.0496218596229247 -0.0949930966319521
-0.284510543316147 -0.0634422988008257 0.0496336075241835 -0.131194922533418
-0.274022697295939 -0.0212208836593473 0.000127367113577453 -0.277906000233515
-0.330421678476644 0.0453089723964771 0.0189417444363574 0.11489540884005
-0.178387580610908 0.0827466617661435 -0.213297934439969 -0.17896458541926
-0.157673404030716 -0.0776774162067688 -0.342024093881488 0.0896432780215523
-0.323930485367433 -0.020104547579236 -0.0475609752829428 0.228840760848752
-0.343613838508233 0.282345979410333 0.116290814917565 0.153802008894734
-0.186272243929955 0.424028281799294 0.100857880316442 -0.00490100762241924
0.0125943566260633 0.488038250126066 0.0865285391517362 -0.0483133007987755
0.104476114548404 0.509557649818816 0.0562010637621845 -0.0298306954476076
0.0915928389720237 0.493597398631301 0.0264810331637264 -0.0375131065724642
-0.0161189746779181 0.539425819493714 -0.016297112429645 -0.0435837828622145
-0.205890755289535 0.487460787989544 -0.0118844168245164 -0.0178839523125836
-0.422321621889916 0.24916809993595 0.0562243017244302 -0.0738060034620665
-0.293193292798765 -0.0331943097706512 0.0726579801682489 -0.142223711682595
-0.187304716803485 -0.0263724227857117 0.152301053332265 -0.114210830506377
-0.270262798684541 0.0457637016530996 0.117998924098802 -0.229556990546798
-0.280637830667571 0.042617875537982 0.119195456139679 0.157130005515444
-0.137736896471483 0.00518482575575844 -0.112663545812221 -0.0872282240666085
-0.225308434873313 -0.173077254970116 -0.207126163062322 0.102306838534785
-0.423951550494536 -0.0108020342181911 -0.0546344923576369 0.179809991811121
-0.369364928065323 0.337444993289051 0.0157715507330406 0.196969016934815
-0.187086984281939 0.445904424669306 0.0420766176632679 0.139488019290808
0.0293256748297616 0.476364225822855 0.0998838680801732 0.142284854969085
0.0920864890679975 0.484668131195527 0.0983928269425298 0.172247022637169
0.0429049743608875 0.449797801701817 0.0620230277298803 0.15176212018393
-0.0890886432193254 0.465831178177214 -0.00454205731672775 0.0952142151451184
-0.24176495044047 0.359127474064675 -0.0521708416901658 0.0643598339631945
-0.35002539988217 0.0771064609218759 0.0168244229114834 -0.0942895403915255
-0.111922464015299 -0.0997334430988155 0.120426342763689 -0.18880214386912
-0.0526993673857837 0.040006634896081 0.245271380315791 -0.071625994559732
-0.238376740498169 0.112038921539393 0.21637959279498 -0.184726567327714
-0.187526074999563 0.0458127407449441 0.197351462794719 0.214784080270873
-0.0759366207645966 -0.0449720732205954 0.0178298423887987 0.00402073569484653
-0.223733274613779 -0.200235395323066 -0.0856053691831347 0.0760020559387883
-0.39402546445549 0.0011150834731464 -0.101009142713035 0.145363848305315
-0.297859929471711 0.305954766128144 -0.0787099084163749 0.266212303661899
-0.147041777699435 0.372183454357599 0.00480236208588347 0.290794727147189
0.0418357458852066 0.381220098218851 0.113532582634025 0.322984165429905
0.0643804581445348 0.387796160606493 0.1264280953614 0.348560072008399
-0.00981090495614117 0.342436174212755 0.0694855675538808 0.308443818960102
-0.14152437370087 0.320434079833555 -0.0328407959836802 0.184723087318355
-0.224836657045564 0.179410834908135 -0.114941596412713 0.0662169836550906
-0.207107099454445 -0.0811468289701938 0.00485428095894881 -0.162088297791616
0.0648268706734866 -0.106223160950659 0.195914690429701 -0.202131432495459
0.0465927848091727 0.113142455706077 0.303233542520513 0.00519325537443717
-0.189763930304573 0.148002074942916 0.282910649183445 -0.147684194543743
-0.0745679939925628 0.0614478986327379 0.243072791682782 0.262663342282656
0.0054723155658142 -0.0424513670543037 0.124680868061759 0.0633573693980514
-0.131529089439394 -0.161189368707091 -0.0144465275860502 0.0405743242445501
-0.245870676204678 -0.0111289832317374 -0.151790206485989 0.141174883430468
-0.165707360641985 0.188133049110066 -0.130621546919786 0.32710913055217
-0.0904577757640843 0.214931299308884 -0.00153118543506596 0.404230064754137
0.0319790403945652 0.219697733701128 0.125682914625245 0.456840446818844
0.0253665120516918 0.230257839539029 0.135484399908913 0.468658358024613
-0.0444812263346515 0.192218988052052 0.0507882674219877 0.409753025433218
-0.141643094211463 0.152548239533118 -0.0827796577768969 0.220625973980807
-0.15596126664875 0.0336975157128016 -0.163874853007386 0.00510594095048225
-0.0658947188145821 -0.141843604753441 0.0402304258753694 -0.230998542056353
0.144864150213142 -0.063289960878863 0.274350742931044 -0.162180283732613
0.0798609914208094 0.144483248078986 0.31274295886516 0.0976183140322049
-0.119135098933557 0.139112661711983 0.316832200120984 -0.11562853118773
0.0181514722174018 -0.0741983013039845 -0.280075798073822 0.14305731906628
-0.0813890298181226 -0.0631946436528184 -0.272440085969306 -0.115682822826158
-0.0771985006732792 0.0655799490006112 -0.415934002675406 0.0639460388584352
-0.00781184741988112 0.100581756609801 -0.0835983682373412 0.29667813738639
0.0485875416744165 0.0180019325495704 0.227933723395146 0.113342367106182
0.0800132408995799 0.00206263798445219 0.163235426038444 -0.219055412364349
0.013217462226153 -0.0246609145536712 -0.0578560115321608 -0.438905142688916
0.0146850925375883 -0.0423496974571693 -0.148884167504206 -0.53346277685632
0.0179706150910862 -0.0194274329467191 -0.143520777472917 -0.551987347868118
0.0510423874931579 -0.0245044751222331 -0.0882894594781471 -0.485214512568239
0.0627271453142387 -0.0336285012060256 0.0655239055121011 -0.395451722234943
0.0691566365920409 0.0603098957774569 0.135508157623161 -0.19131579228788
-0.019364598324717 0.130283255231725 0.0579203968094075 -0.0228051525834906
-0.134289526896812 0.0156004677704384 -0.104467134358273 -0.149685777071065
-0.0500996526281281 -0.0574658248197518 -0.272306782583198 -0.350144007781253
-0.111271659336408 -0.018929766840191 -0.248691633256879 0.137681025996629
-0.112465485903093 0.0229087115620266 -0.260093132606324 -0.164179123453841
-0.0450804532907106 0.0685465137821141 -0.442631926723335 0.0124504628295775
-0.0287598880819011 0.0562717345356937 -0.121981866975157 0.285069224223386
-0.0374376625926464 0.0580452039202444 0.222757229011467 0.155195978926973
0.0160923544087476 0.115773740742623 0.192654329976771 -0.197750230023801
0.0218632517693297 0.147657293656898 -0.0132594442170417 -0.422814582029716
0.0689818819291135 0.154639031428036 -0.123830927673638 -0.505025972658235
0.0733119854935364 0.18530874388661 -0.135253184509206 -0.516265386989259
0.0552172645663638 0.205638336376458 -0.116746687133478 -0.454304467763822
-0.0282579394932593 0.187646613269256 0.0236400209299875 -0.368797710190323
-0.137851330812747 0.18997271185598 0.124300351939941 -0.187354337708126
-0.204933691622163 0.105224985421401 0.0465565159306946 -0.0384992288448599
-0.243800394541481 -0.0353069486171262 -0.10002801039998 -0.147814625396947
-0.162931118718635 -0.0730679202587132 -0.233338005434455 -0.353521034647844
-0.235059529652855 0.0277049984534001 -0.17953065196571 0.118133049327889
-0.156700402231814 0.104031588250652 -0.270440556940617 -0.202870860956624
-0.0415251412177353 0.0694076798063393 -0.456064106064255 0.0193193206700316
-0.0705882869938529 0.0204068414771842 -0.111685396219997 0.276054939805318
-0.130133262678531 0.114464226276985 0.214090752015527 0.153985230610698
-0.0567675035907522 0.231509367892148 0.18601888351566 -0.171403240645443
0.0261671666161894 0.307205594942574 0.0248224273102821 -0.350737977983666
0.112235177280288 0.331274333285967 -0.0753589879675674 -0.399185333775499
0.1236701190949 0.354985716043598 -0.10040321497073 -0.402706103297867
0.0728764874889106 0.401760324446419 -0.108858300206706 -0.352194693503873
-0.082278811042639 0.391691591164845 -0.00299045675626356 -0.280227405365407
-0.296893630048359 0.318745217324784 0.110679734807317 -0.158144363816806
-0.349777669442715 0.094812101112989 0.0404502562714024 -0.0651375331601055
-0.312959291042353 -0.0619414822482936 -0.0492155639152702 -0.143156991978021
-0.243586903344753 -0.0632941747109558 -0.145944894291165 -0.326978105393155
-0.314789286374634 0.0517496724931663 -0.0816396158208656 0.102590879103494
-0.182073694296143 0.129084098733686 -0.274535575410997 -0.211960539677561
-0.0889086821599799 0.0191291604267725 -0.431055312734912 0.07094924016494
-0.184945910628558 0.000436551382066853 -0.0685075391758527 0.268078120884902
-0.240392099309869 0.209355548520902 0.191330294712881 0.139218304323535
-0.121095043425929 0.353903898856353 0.15108854821071 -0.117529911405945
0.0357003456708292 0.432302510428977 0.0546967787404291 -0.224045561419905
0.13945832066791 0.457155658322755 -0.0112821888906044 -0.232610297329352
0.147319103806426 0.464299616357091 -0.0410793665444758 -0.2358390804805
0.0687005262560805 0.526450178740319 -0.0686312699265879 -0.205718546346763
-0.123320685665583 0.516307080163312 -0.00681186378665368 -0.14998795470747
-0.394383572333502 0.371740221560463 0.0904305828853181 -0.113562838903161
-0.395778441022933 0.0607922000869751 0.0436429695193468 -0.101988978955988
-0.302748851597252 -0.0594783164552566 0.0398591811304071 -0.139977755806692
-0.279923438595212 -0.0202323747266426 -0.0268451437364494 -0.284548039033532
-0.326134045558418 0.0538728829086606 0.0276583237374139 0.113577660839225
-0.175493159258298 0.0789746068468801 -0.2308071636921 -0.165591725410812
-0.177960877013056 -0.0814265595020671 -0.339332895975364 0.118136232580458
-0.342934606253919 0.00270540430327027 -0.0352128601941913 0.233435435471159
-0.333826350381378 0.31737602559339 0.125438065821785 0.148343435578947
-0.159977751288892 0.450851756429451 0.0981515393892076 -0.0107325820246367
0.051938853223873 0.498855585172734 0.0804835562297455 -0.053110970501144
0.145291658439233 0.51226246862423 0.0549925810672584 -0.0335864323385283
0.128425200467099 0.499437415507501 0.0239210520609283 -0.0409950048273133
0.0238514596576386 0.558435455598582 -0.0201228836940966 -0.0455135092487871
-0.17600686737941 0.516775611893188 -0.0102947919709965 -0.0179262806973034
-0.41973641077966 0.293877153690358 0.0581226273967807 -0.0829226980963664
-0.3162138256575 -0.0172318970525384 0.06315262278492 -0.149936945768209
-0.203579445149879 -0.0310791748580093 0.147501245359944 -0.127069984075642
-0.272076225721695 0.046618901864665 0.0971647701129695 -0.238493476363839
-0.275174724695742 0.0471947730487237 0.131273842912119 0.15641024521665
-0.140581389044671 -0.00298794212537218 -0.122766987916953 -0.0775093182826024
-0.255190538148658 -0.171311062422482 -0.202713053351902 0.119747470949742
-0.442572192960022 0.0203522665483203 -0.0475040919081942 0.182959979611057
-0.355909009372001 0.375790489740555 0.0253583568884618 0.199991399881171
-0.159760667689156 0.474093159271188 0.0471034387561632 0.141864149316365
0.0673415466843203 0.484626270709003 0.107828293102737 0.14146498079929
0.1297976349793 0.488466220687122 0.113373126215214 0.170453989088167
0.0768967937342678 0.458331621323081 0.0741201307775331 0.150219853591401
-0.0538131808368407 0.488203019545182 0.00117128209468888 0.0959254749206556
-0.220994280414386 0.391219533030968 -0.0463403650791171 0.0692145958763896
-0.359317707560636 0.110811150989908 0.0147544456206194 -0.100212892957775
-0.13739843175658 -0.100163582073041 0.107224043789182 -0.199374072712663
-0.0600701018613089 0.0261994319721379 0.245085961030695 -0.087510763332153
-0.233326396523062 0.114771061055816 0.200361303604417 -0.195668521608881
-0.181229784389053 0.0464076779660956 0.216419693132132 0.214673431996223
-0.0812237990178094 -0.0556818030798164 0.0157757239535793 0.00904103345455436
-0.252668240935056 -0.194621488162268 -0.0816867262239463 0.0837955164940863
-0.408103682349712 0.0324997174058366 -0.0961364259230012 0.150878876288597
-0.283770009645332 0.336729777789525 -0.0663831944805938 0.277021592131705
-0.123303134785914 0.39345572410656 0.0190393048853677 0.298585624250673
0.0708659625878192 0.385266397057219 0.13436474498283 0.324750303731331
0.0948043154835785 0.390027203255078 0.155101330843878 0.348262492403568
0.015208607772096 0.352070983670432 0.0944713136941514 0.309877563912657
-0.118631943321122 0.344498196309373 -0.0202031528929992 0.190694639606251
-0.216050319409769 0.205706354809178 -0.111177862801556 0.077143962632446
-0.226731916496342 -0.0624475210509458 -0.00442922222358654 -0.166478454606556
0.0458916560570488 -0.121045754491849 0.182527365465957 -0.218426706788258
0.0503833539740198 0.0946258344220298 0.310632752660162 -0.0125437626771919
-0.180563662335787 0.152353956550842 0.27185206332369 -0.157999854982435
-0.0668394890734034 0.0588019775404067 0.266238924499271 0.262661053392152
0.00145801207332774 -0.0525566794472522 0.128265969031742 0.0632338383093088
-0.152955824481952 -0.156862608597987 -0.0123392106961218 0.0425903381234233
-0.253961800493572 0.0090408736850323 -0.146812865009026 0.15093492537697
-0.154593132756436 0.204667529639941 -0.115052602586838 0.341973735315631
-0.0770668056136888 0.227593637281626 0.0197003293208779 0.415133746792404
0.0500496069359489 0.220799697709539 0.156494776875958 0.45834485696656
0.0437117312008086 0.232258221489066 0.174379253023339 0.470359751544342
-0.030709904184545 0.200700546052669 0.0841318981177059 0.416242540431099
-0.131282809120423 0.170952257276298 -0.0687444123018144 0.230430179310205
-0.155902633248582 0.0504803480646693 -0.166454461699888 0.0201401848513898
-0.0844341260671172 -0.136890425476154 0.0236056797709173 -0.238069764749021
0.135477881500383 -0.0814695264662023 0.264512736386203 -0.183293788188432
0.0907673135039432 0.129322772303452 0.328246772464909 0.082273781543915
-0.10858660840283 0.143891918634263 0.308525503585064 -0.124749735350168
0.0110365069718257 -0.0725301859723562 -0.260811916090919 0.137255729165439
-0.0827799987552899 -0.0534832207728768 -0.277009551059359 -0.0994471691076163
-0.066933057424231 0.0680964994702936 -0.400614839602391 0.092505282716634
0.00154558209058661 0.0974732942392956 -0.0596507685142813 0.292915332413903
0.0471460064280563 0.0127116423058824 0.230288496773938 0.0930785401759223
0.0765745776997764 -0.00567392776552301 0.143503502966026 -0.224925284577401
0.00979769018357368 -0.0230003899180049 -0.0869690326407631 -0.421629385994487
0.0106844400207115 -0.0416626401843188 -0.183707102217007 -0.511612267295755
0.0170691673465664 -0.0195661965093351 -0.174167131059223 -0.5304367088416
0.0478683749000608 -0.0278705283319717 -0.114438284449316 -0.468184654867713
0.056073828803369 -0.0382244794582854 0.0431146886729368 -0.387532133643279
0.070957307646331 0.0520863103862983 0.122439324721737 -0.191883417893347
-0.00752627323107689 0.125668606626774 0.0579309808944405 -0.0287207705888664
-0.126005890253533 0.0265980225113978 -0.111562365642071 -0.146321849332844
-0.0530564499981987 -0.052650661936873 -0.289325773854212 -0.330922850446313
-0.109040091240417 -0.015648928659471 -0.231410378639992 0.131526911749875
-0.109625406311724 0.0257870536353979 -0.267837436499817 -0.145699218607143
-0.0407793260904168 0.0648970533335924 -0.429533615613007 0.0454755762894692
-0.0265873129869076 0.0559887430623669 -0.0983567217188205 0.283938052119847
-0.0356687486043315 0.0605009243398654 0.228459986547013 0.134101597763529
0.0227748382759515 0.112094161806086 0.17294040771586 -0.206317601421696
0.0310743478321343 0.14536497000159 -0.0427197828814664 -0.409260938655744
0.0763875405748284 0.147374736747696 -0.155436696595229 -0.485017988264822
0.0834968244879795 0.176225544736474 -0.166858518726538 -0.497274401171678
0.0660193379822537 0.196932963875628 -0.138167690006534 -0.434225247515434
-0.0195361868722907 0.182976016319852 0.00321440600498144 -0.358336508550826
-0.123317161467897 0.191429637072238 0.113175141074188 -0.189202262034832
-0.19360020588961 0.111043612830597 0.0443864463873754 -0.0440893495171845
-0.239020671649693 -0.022575675891447 -0.108176475518456 -0.144155788554021
-0.162867892366094 -0.0673076582243894 -0.254492005445939 -0.33561962262024
-0.225889121772763 0.0325470450988471 -0.1662320523952 0.113175309232921
-0.147320518504919 0.102794732541885 -0.27985729144583 -0.181158934536424
-0.0422857638128205 0.0615488657350974 -0.440578095313245 0.0534690367135392
-0.0747645092983419 0.0233663128221679 -0.0900814519798948 0.274339608454971
-0.123091009193642 0.124449261564621 0.218564467243382 0.133835808948191
-0.040564959897525 0.230803434439426 0.168048194253637 -0.179290244095058
0.0470946227904505 0.30038702016055 -0.00174273185096551 -0.341885596960843
0.130639314661558 0.315735210090569 -0.100793290770103 -0.383840550453689
0.14248878331962 0.338910156428177 -0.123705389249907 -0.388302526668166
0.0953157954167244 0.388401432329325 -0.12687155864881 -0.336687333221028
-0.0581385487601893 0.386977301739242 -0.0169039273718432 -0.271282058346351
-0.271069752281428 0.328672581595302 0.102168855455354 -0.162846781447438
-0.339673403016106 0.110752156734851 0.0358367460290935 -0.0681567893122162
-0.313447969912615 -0.0491223059856945 -0.0582308521953273 -0.140804088715924
-0.242067412861257 -0.0594757886969078 -0.168681442488793 -0.312199882847923
-0.300470671548108 0.0577178015962638 -0.0722523559314838 0.0965891791719293
-0.171670861849119 0.123549245155853 -0.284107745202188 -0.189022981921742
-0.0959867038789972 0.0137408281936705 -0.412657251880764 0.100468565634118
-0.190551978750811 0.0117209203497522 -0.0509546920988265 0.262084251943204
-0.224727027229739 0.22528642099911 0.192813352098547 0.122572420565017
-0.0955217169332937 0.356415133383575 0.136461932403729 -0.122766116766515
0.0650412308547911 0.420461921275151 0.035949816315991 -0.219469922384632
0.165639226582116 0.436796536744134 -0.0267391540777963 -0.225736675507573
0.173018101172525 0.443897253914245 -0.0558282589623541 -0.229172262460615
0.103793138075048 0.513099080936511 -0.0787583504195424 -0.197424396357713
-0.0882615230125022 0.513133982675775 -0.0125713276923311 -0.146337052706067
-0.36231344453269 0.391237881074123 0.0857346696333241 -0.120269335623831
-0.392612355405923 0.0819132580643179 0.0355322621422871 -0.102896515750321
-0.307584722514878 -0.050458809555834 0.0291507700357543 -0.141326253651618
-0.276099065093586 -0.0192345142897696 -0.051384675318446 -0.275187938145473
-0.310818086346703 0.0576860985986109 0.0347981196761795 0.107036897911594
-0.168555524142855 0.0709762947361148 -0.235386427716957 -0.144117697993246
-0.191634444665015 -0.0784161115409291 -0.319262529065039 0.138184005812964
-0.344396711436434 0.0261045357590786 -0.0234278536976941 0.225441062016599
-0.307045357265184 0.336453002517474 0.12802105707217 0.136586741772978
-0.12731543329603 0.454088857259063 0.0905879964629341 -0.0136972529441766
0.0843278521671187 0.482795220776951 0.0724043992642034 -0.0546671520033696
0.175169064470074 0.488225396053895 0.0522794555106601 -0.0361523198775635
0.1575796160082 0.479547731899869 0.02074728513913 -0.0422756918075824
0.061262538764488 0.545669231694183 -0.0229132556407147 -0.043647468040922
-0.136550154081565 0.520120820142775 -0.00871986135761888 -0.0183276472426207
-0.392585817739221 0.319990479079656 0.0550058081920902 -0.0906711654993689
-0.323167797788662 0.000731058022004909 0.0507023123032548 -0.14946357594264
-0.212865698938122 -0.0321676981025941 0.134883325398603 -0.13248617644148
-0.264163714729895 0.044156867910757 0.0725884528960026 -0.232528055299534
-0.261227142860494 0.047649195115431 0.138818388505522 0.147819040106979
-0.141005004887877 -0.0106644090966155 -0.124103852951839 -0.0631282476311808
-0.272347723084439 -0.158316757575146 -0.187444067507828 0.130410999250528
-0.438356564734675 0.0509181430819791 -0.0393318606847328 0.177396802754848
-0.323537824381083 0.394017952682928 0.0328266001702732 0.193798834289348
-0.124534674906055 0.475385590057296 0.0494854766510544 0.138146748249012
0.0982368509607945 0.466896950696822 0.110827503216404 0.133357279498045
0.160019836218001 0.465796906814252 0.123413189961239 0.15924556518877
0.105324450288562 0.444623611519753 0.0828351020101904 0.141221334566571
-0.0175181685349238 0.486042638107526 0.00663751633136354 0.091988598809606
-0.187785180607034 0.401463367371866 -0.0374282120320042 0.0691795467709364
-0.348995418348952 0.139744303310373 0.012484222691141 -0.103035198803381
-0.155807987425724 -0.0918180418192635 0.0906237268196709 -0.198433870841827
-0.0689047564040197 0.013148778671471 0.23413776255553 -0.0980409156089152
-0.221527523028988 0.10906669025843 0.177295943726555 -0.192602320904192
-0.169892952833852 0.0425093505123486 0.225520437859918 0.203381331134905
-0.086743495924282 -0.0624292874844333 0.0146731912487088 0.0134422310854322
-0.2690947909581 -0.176306632503987 -0.0736468832563338 0.0870160076524524
-0.399700800438269 0.0602989738058668 -0.0889802124824315 0.149587455047016
-0.254553433515972 0.34865156903414 -0.0528832811462418 0.274361354529468
-0.0945713957805093 0.395351698386339 0.032199036748159 0.29224326999919
0.0952878718267056 0.368726966320468 0.148717917239896 0.310392499998673
0.118790855140761 0.373075729976509 0.176377855906665 0.330463268389281
0.0383794195466825 0.344140474502529 0.114922333975718 0.296097534786766
-0.0894458948102355 0.348806360119717 -0.0083801844919502 0.185580701820063
-0.195565205484215 0.220543913285053 -0.101192144394739 0.0824799032270412
-0.231823605842873 -0.0388752585513126 -0.0133150115660775 -0.163819278926491
0.0232718918681389 -0.125384303289441 0.160809793021019 -0.220690926062096
0.0461289344295202 0.0740693945374966 0.302752225614689 -0.0271810237997825
-0.164844972762322 0.147233452804139 0.250411777094354 -0.156739466322635
-0.0586702055859962 0.0518053404397975 0.278088803758721 0.249151492542442
-0.00512674448656124 -0.0598484850505411 0.127027587215265 0.0600532468973162
-0.165724905800604 -0.142496542798131 -0.00902009201664034 0.0418589145553378
-0.248937186336876 0.0273683190985039 -0.136690009134655 0.152671342322583
-0.136759007892587 0.210378603265953 -0.0953254390040612 0.338964959428472
-0.0606783909043632 0.229264091484085 0.0380086533597287 0.404789668570196
0.0638788831149985 0.209444201082991 0.179842423704488 0.439021777092319
0.0591520677569498 0.222483341342472 0.201919557283496 0.447377633050565
-0.0159707327862664 0.199188691195228 0.112616953773005 0.400493604210258
-0.113751906404396 0.179443166172029 -0.0516467818105819 0.22914322845882
-0.146549315759215 0.0643879059509842 -0.159968662458728 0.0326755151656102
-0.0971771726610275 -0.123174527775882 0.00679134302142929 -0.233239564258413
0.118179802921204 -0.0922478073080027 0.241840887267192 -0.192777151281393
0.0939034427913442 0.108985177837209 0.327169286082113 0.0628836617037662
-0.0941946864241466 0.140592785923937 0.289502923547971 -0.124819317804405
0.00758225149511643 -0.068304843398126 -0.247079006517835 0.118158507562239
-0.0801517756531097 -0.0461029714225049 -0.269958906217149 -0.0914530304933142
-0.0585884188774996 0.0655032997196643 -0.377640790711914 0.102161664862665
0.00654361968958084 0.0917124987261178 -0.0475166726450114 0.27845065411418
0.0435484506830004 0.00980259889947143 0.223827925315203 0.0806943136479165
0.0716715082149882 -0.0094042255971198 0.128688596987078 -0.218637953383646
0.00750459631376064 -0.0199564692586014 -0.0954090890253945 -0.397306808155134
0.00708530152434482 -0.0396522099742964 -0.190383489415704 -0.48472361822142
0.0167182961771149 -0.018500367606309 -0.179267377158858 -0.50533029724145
0.0445790877440326 -0.0281563527179796 -0.115719818899598 -0.444382894758124
0.0497155741261938 -0.0394182335232989 0.0359288309751465 -0.368520550533583
0.0687047089827329 0.0455841601401288 0.114922078841594 -0.18393790952051
-0.00142398525920513 0.117259701095586 0.0564323962145918 -0.0315832847378755
-0.115465900454225 0.0300782623148462 -0.110661667109185 -0.144588368694095
-0.0519917471315269 -0.0481268389535671 -0.288487563550931 -0.315121452076296
-0.104999126750982 -0.0166360153513352 -0.218035921769372 0.11355966951963
-0.10472457355907 0.0245192906687816 -0.262554957591882 -0.134599507155248
-0.0395007447075348 0.0589430205966054 -0.405534892982589 0.0583270915842866
-0.0258761016346618 0.0540820469288388 -0.0850144898461075 0.271676231618068
-0.0347196774836006 0.0602556058682037 0.221995739558609 0.119629331746732
0.0239401443810856 0.106088736449908 0.157258560820813 -0.200991304137115
0.032927897896052 0.140410494974544 -0.054876125584311 -0.387681101192614
0.0754684546200767 0.139361025006725 -0.164457932809841 -0.457990080937659
0.084205878731543 0.167011319302344 -0.170925526689885 -0.472889451295407
0.0673832255472464 0.187252969666025 -0.139248524027991 -0.411724489443884
-0.017183870573075 0.174399468952063 -0.000918847266849412 -0.339960309761526
-0.114534533841206 0.18457639324779 0.106788749345536 -0.182614487362652
-0.183051574991042 0.106131122397736 0.0421165081737865 -0.0454665567011036
-0.228034868337003 -0.0204123533973742 -0.107823725396994 -0.140918378474946
-0.158092259456659 -0.0668433964652538 -0.256591214498718 -0.319228011900692
-0.213765678008353 0.0285276173054759 -0.156576750697262 0.097539917402662
-0.140282745618762 0.0931916169441344 -0.273028968835827 -0.167575611586908
-0.0460519889547216 0.0530268027224114 -0.415454683771881 0.0659763909497235
-0.0768735178086275 0.0240863064606425 -0.07846013351422 0.261459024480258
-0.117373672573195 0.125547614358629 0.21265907012643 0.120915076254715
-0.0339545885179872 0.223160198159731 0.152678744170151 -0.175264079464687
0.0538026184710642 0.287875895920642 -0.012430974437566 -0.324156618868696
0.131943972411175 0.298613730749468 -0.106661835050944 -0.364064194790677
0.14462605944086 0.320688470266728 -0.129637138190238 -0.370176585198221
0.101268997706482 0.369906579987981 -0.126409934842165 -0.320489387444981
-0.050270766693882 0.370547835733224 -0.0182927169231673 -0.257722105647295
-0.251833150082324 0.32068081366199 0.0966369716261089 -0.159600436326889
-0.326772177488913 0.110729613194068 0.0321556906016806 -0.0678702155177242
-0.305118206715099 -0.0474514127538845 -0.0601181049924756 -0.137481492410529
-0.235116160102499 -0.0633522175224574 -0.175158875698854 -0.297153385956122
-0.283947045971144 0.0496932416184066 -0.067557459937551 0.0867466995486856
-0.164357219852984 0.109391115593206 -0.276164987717601 -0.173096069040283
-0.102748015952764 0.00720055697224001 -0.387963066014065 0.107643077347381
-0.190676832894898 0.0176665703334946 -0.0439552671377478 0.247491983175062
-0.210954993850295 0.225930544915299 0.185092809303485 0.111496193741749
-0.081831292865929 0.34507827946415 0.12355731654482 -0.119091731838119
0.0755232490277275 0.40132596902583 0.0257459237715533 -0.2082955543306
0.169567266899512 0.411449558335979 -0.0318838530055456 -0.215756494414982
0.175065826106162 0.420370077547314 -0.0601826641458829 -0.219384630601953
0.112835165113872 0.489527366395549 -0.0799112488614377 -0.188232814493075
-0.0728527109509379 0.494827870476372 -0.012092847573743 -0.139469487758566
-0.337022068044856 0.385182615238681 0.0819643049186032 -0.121682142943688
-0.381542739485351 0.0856497489734476 0.0310069852130561 -0.099556715101106
-0.30516164976772 -0.0509287420567258 0.0224201017103481 -0.136879716270573
-0.268184909515416 -0.0281029827926531 -0.0619731879681325 -0.259163056031593
-0.293173234836644 0.0477035855332345 0.035012192678717 0.0991606918337512
-0.164868240049245 0.0569703849960623 -0.228520017007295 -0.130415303855028
-0.198018685447891 -0.0769659047335428 -0.29837282879845 0.140858592832077
-0.337258826763995 0.0357500599056856 -0.0205558115189624 0.212116402252803
-0.286469246406552 0.334836125210693 0.121728272980039 0.127633692878478
-0.109277596400287 0.441056931125028 0.0822657526144235 -0.0126530160795275
0.096221128986975 0.458934609554479 0.0644475284088866 -0.051877953988888
0.17974388256769 0.462458604226939 0.0495762357020515 -0.0359020240021099
0.163091791537708 0.455562897661514 0.0181507977166935 -0.0420197186568134
0.0757439298779792 0.523483497858664 -0.0237693674900529 -0.0432001213982246
-0.116705010914378 0.502749397086933 -0.00569345593703861 -0.0190055617236403
-0.369418469002846 0.32117766821285 0.0540285910620589 -0.0929756210918589
-0.321753745008608 0.00848785622293574 0.04461909437616 -0.14312087586385
-0.217193335238247 -0.0369766473530509 0.125324388218851 -0.128848485396928
-0.255356837759705 0.031344367407574 0.0577863520840227 -0.217672503366297
-0.24569111627119 0.0361690425895936 0.137038982082871 0.140782995336186
-0.140137977204538 -0.0207783191099235 -0.119813513808089 -0.053683312337634
-0.276108309004498 -0.148877255065328 -0.174116758097039 0.128203028529049
-0.423986389799849 0.0626126859244197 -0.0385611483903833 0.16594174928544
-0.299168548629476 0.388467556603071 0.0312818925591301 0.185393930115207
-0.106171226579589 0.460329397789631 0.045940854880181 0.134279340847723
0.107751160656439 0.441419080177995 0.105998165242416 0.126047717754614
0.16480829551772 0.439795569354505 0.123483670803459 0.149232068947931
0.112206826293977 0.422539513890719 0.0836411855353461 0.132210604557581
-0.000152618604379763 0.467100334447438 0.00699468673186445 0.0865281411368758
-0.166025176207467 0.393805578020768 -0.0318937187073064 0.0651102374050501
-0.332871766552393 0.150526375950858 0.0122529994898966 -0.102708577882331
-0.165710685760319 -0.0835030078996105 0.0805622613756938 -0.188620466468121
-0.0797183598399023 0.00216767301146666 0.221701316898561 -0.0960006937713363
-0.211718302294856 0.0937757485601285 0.161072109712009 -0.177981278066434
-0.159831429431062 0.0313941764320151 0.221277124509967 0.196656551075504
-0.08888952122089 -0.0690273952628679 0.0138354964095497 0.0176509499663368
-0.270340277015797 -0.164732662495018 -0.0680860262189407 0.0844993684769079
-0.3830252360191 0.0705392643924189 -0.086062730162746 0.141405833792714
-0.232924571028034 0.341630927370437 -0.0484106682657513 0.262843539635441
-0.0807416820302983 0.382257910176226 0.0321663807909851 0.281180097556336
0.101414346965895 0.347740090504334 0.147268002483252 0.293850962404997
0.123304760784288 0.352398391864089 0.1786715770162 0.310651466279672
0.0469720289265862 0.329059245669583 0.117888312044685 0.279652847147612
-0.0711820965111728 0.339864068773234 -0.00415963260299308 0.176902303710655
-0.177996646660354 0.220983746271229 -0.09204310075519 0.0809626390177625
-0.227512598992876 -0.0233563191634312 -0.0147896634680878 -0.157881239908787
0.00627195816573588 -0.122031458791961 0.146303053578875 -0.21067216784908
0.0358577727925619 0.057225148703078 0.29000723405321 -0.0303188387432461
-0.155187505436673 0.133016215404272 0.233195663713922 -0.142368159929308
-0.0537223463890199 0.0420658100725765 0.274116867777406 0.240714270613401
-0.0105101267004776 -0.0640382635694638 0.121585929114449 0.061863364620139
-0.167522920986335 -0.131262641639563 -0.00812832119704358 0.0396217370838135
-0.237762743152888 0.0348522175355068 -0.129758649168047 0.145535514705242
-0.123478656795819 0.204304807110814 -0.0887510257424822 0.325674284033136
-0.0513863848783028 0.223012959018556 0.0418457702340636 0.387980750459474
0.0663842038471862 0.196696173539065 0.179778877055042 0.417387391165213
0.0630279967746959 0.209426033394854 0.207024028901851 0.423462705445603
-0.00907555056082062 0.191435682745757 0.121051983235711 0.378706510425755
-0.100569427671388 0.178208168359768 -0.0430545237262823 0.220001050015831
-0.135753950249755 0.069010801178175 -0.149929766591481 0.0370718208951485
-0.100814023673337 -0.110192480857354 0.000190923465270123 -0.222568101756034
0.101786049395325 -0.0937394277512894 0.22339094443979 -0.186280166615383
0.0867165565064548 0.0925299786462121 0.31537259394703 0.0554807398073051
-0.0850694094029235 0.12978963588796 0.272766579671668 -0.110384486415464
0.00745536115227622 -0.0654479335214815 -0.244096859872273 0.0941614385380883
-0.07602524429487 -0.043214995571464 -0.264772426250599 -0.0953156862185155
-0.0550948967584025 0.0618925773274102 -0.365744204901366 0.096700581707513
0.00736554605381329 0.0878028972365042 -0.0486866172290298 0.267742695288132
0.0403053339647774 0.00926064398097097 0.2169531570745 0.0787780367994139
0.0682275476276861 -0.0102155795269735 0.126476603673937 -0.209642157623948
0.00693995630992107 -0.0169354230729708 -0.0901203622466273 -0.385686949450691
0.00678502011881256 -0.0372940426013244 -0.180683631941416 -0.475194732943424
0.0173471629731189 -0.0175190950735596 -0.168006992825529 -0.497927873729303
0.0436316530321038 -0.0270236184666559 -0.100506595694756 -0.435391597124305
0.0458322914660195 -0.0380259828428758 0.0442155694570151 -0.356747660472567
0.0651555974314039 0.0430891523263134 0.11764275131845 -0.174223610508438
-0.00157414986297317 0.111328757051904 0.0561819961521879 -0.0325881455939339
-0.109252423343338 0.028435982277151 -0.107206044619149 -0.148017388409428
-0.0504351056764508 -0.0469637446346321 -0.278917486909338 -0.317149040661703
-0.102543980079471 -0.0210321897580064 -0.217639657565836 0.0908796858860595
-0.103892785018095 0.0205034833471453 -0.255474680169334 -0.136383585323413
-0.0422034090995773 0.0534254412665416 -0.393041653436637 0.0552402337430555
-0.0274419656953292 0.0525364354253175 -0.0848033520412907 0.259410097268613
-0.0364921627906358 0.0599960497830105 0.21533749187133 0.117475389180373
0.0212177295154001 0.103780220892987 0.153405314808806 -0.194132692213426
0.0308227635130106 0.139108244973386 -0.0503548150248601 -0.375410403256421
0.070177983139565 0.137323917722625 -0.154929018491995 -0.448969492341226
0.0796235815771476 0.164946995023374 -0.161966092881454 -0.4649903105018
0.0623701569007428 0.183545182387162 -0.125709311107722 -0.405217541848978
-0.0224136071941888 0.169253010982826 0.00898985086740932 -0.329643703292497
-0.11547721674045 0.176463563701524 0.109847104553918 -0.175719992045264
-0.181761668461858 0.096713757534639 0.0414142452688326 -0.0462631597428759
-0.222320607669064 -0.0273750205276551 -0.104855434268904 -0.144923533596335
-0.15417404173798 -0.0738288568930868 -0.250227897238507 -0.318264427270187
-0.208646831826323 0.0163792996034723 -0.156844893891045 0.0808129624386305
-0.140550008051161 0.0824114138931527 -0.265581352475178 -0.167483627130802
-0.0530134275524778 0.0450520935290308 -0.400957429422745 0.059660565729568
-0.0811835963141508 0.0244033983483101 -0.079974786081696 0.249912077956328
-0.117419911597292 0.12480318304813 0.204320683791177 0.11879930884883
-0.0346035269749125 0.218965396894602 0.148184702686009 -0.168477387297696
0.0507366505174225 0.28316783136173 -0.0111411370706818 -0.312844621239754
0.123875750841814 0.293010495725882 -0.100343271751519 -0.356137633119137
0.136122358752127 0.31533469970472 -0.121803393123376 -0.364302110826123
0.0934909196902366 0.363425611960327 -0.116465520749466 -0.314721980019972
-0.0556650550731888 0.359713112008628 -0.0089181620773286 -0.250388880897098
-0.251479752532074 0.308940388485556 0.0997277603527643 -0.15632262806539
-0.324550911327581 0.0989137323543504 0.0318123207394271 -0.0671660487349762
-0.301392712485108 -0.0583881500513373 -0.0584548142424577 -0.138536955007211
-0.231013936330305 -0.0759568225557897 -0.172931998239895 -0.293020090598564
-0.276898709229158 0.0322183416854456 -0.0684094980326193 0.0758918575094916
-0.165870256091203 0.0931840292614683 -0.26658461665859 -0.17278424589556
-0.111552632712837 -0.0014319848915164 -0.374166757098975 0.101724578836332
-0.194028513534911 0.0170022157214064 -0.0483732090573097 0.236981498263746
-0.209398129668936 0.222514675581328 0.176722169846772 0.110686293729636
-0.0834657187494977 0.338056393410966 0.118317668080998 -0.112366375549869
0.0698554313728116 0.393380182592409 0.0251680286460775 -0.200970253062917
0.158978510655104 0.404250927704981 -0.0278721624078024 -0.210609392653823
0.163323837880223 0.41398141406588 -0.0569070432975155 -0.215264511223662
0.103992720275635 0.480229065067478 -0.0751385346449785 -0.186241057244548
-0.0793099388040513 0.480778613238725 -0.00650730913227876 -0.136653761245192
-0.336359300774123 0.373829562239324 0.0850212239912165 -0.121815940336812
-0.381455987761796 0.0772998936459512 0.0304904767947682 -0.0973431209732352
-0.306798533667801 -0.0636012886304113 0.0217352853818505 -0.13487090615548
-0.26589663733286 -0.0461340204322982 -0.0630827299954856 -0.251089309219584
-0.285019731590957 0.0280903983949735 0.0328291651956132 0.0948069378254786
-0.166691980078651 0.0403992780232189 -0.219937988586175 -0.127649538356277
-0.204654591384897 -0.0839958128393836 -0.289347052356116 0.132657893141677
-0.337924478286218 0.0340175805817227 -0.0275789389784505 0.202606148384462
-0.283122996477728 0.32752065513537 0.112861982595101 0.12667454983938
-0.111076525018352 0.431253834125954 0.0766923290420006 -0.00845235891221841
0.0887875785645 0.44829489963435 0.0609480456483471 -0.0469800357798531
0.16935870566432 0.452528149680234 0.0493760298398005 -0.0338519958999555
0.151780131352821 0.447316354180881 0.0180064220442779 -0.0417401994344376
0.0701135854319382 0.514721858900431 -0.0235102881343157 -0.0437060558849762
-0.117620817287349 0.492125779829995 -0.00221644709942561 -0.0202533578631059
-0.366147743339473 0.315093265387362 0.0557347851261547 -0.0949114935989924
-0.324906875515141 0.00460843650651106 0.0452710572253373 -0.137765323687925
-0.225303698936772 -0.048349400384406 0.12255411134877 -0.122506076110682
-0.255225170515725 0.0113016699289769 0.0546136268596154 -0.204578409319541
-0.239438682748667 0.0173659072726948 0.132791211778529 0.141420235121291
-0.142492324524369 -0.0350671589533538 -0.1157730316031 -0.0510405648210624
-0.27864602308157 -0.152537004612707 -0.170394597554692 0.12234838475136
-0.419984112102046 0.0582943188904982 -0.0454879151114939 0.157946716633414
-0.296275508968165 0.377943652344605 0.0228403654516092 0.182261584695369
-0.10832137226758 0.449164795717533 0.0395209211114569 0.134374003873883
0.0993813676841134 0.430524766279848 0.0993552083034588 0.125766092177215
0.155614435981591 0.430712405616151 0.119635320387608 0.146646698556109
0.104645435594666 0.414379885432162 0.0796496342083648 0.129402901923684
-0.00149992320763036 0.459909177288677 0.00462248335030797 0.0830468599456844
-0.16352290384613 0.384752259025264 -0.0297667973185672 0.061105858349523
-0.328588444628749 0.150388357699281 0.0141356904291294 -0.104735349165091
-0.173305298776307 -0.0828929285281235 0.0808710729882498 -0.179759388745976
-0.0917125878553553 -0.00937965483110307 0.217951545787934 -0.0887598036753743
-0.212500143623293 0.0740427234729901 0.156252910427293 -0.1607559195322
-0.155201538081681 0.0153858742270385 0.214766067158875 0.199758672280345
-0.0908882969793661 -0.0782408453126133 0.012645195022174 0.0221093683354366
-0.269933040624823 -0.163899565602469 -0.0673035179494238 0.0808347486862436
-0.378913167154264 0.0663634525089015 -0.0903719808542729 0.133188914489115
-0.231009213000872 0.330793987164 -0.0563204441117008 0.255188526075364
-0.0823810296669397 0.373285126311571 0.0240064049562068 0.27715319939556
0.0934113444753762 0.338591606579411 0.137444260751428 0.289537403209771
0.115442052744574 0.34355538181295 0.172760832840248 0.305403889079553
0.0416001095895007 0.32322472957661 0.11413898250471 0.273401145594327
-0.0694569699560693 0.332923918203536 -0.00682839617084903 0.171459285321955
-0.172497157365396 0.21766690081668 -0.0880946674508457 0.0770242438569935
-0.224529599303353 -0.0177940119817072 -0.0114289543912161 -0.155986934326419
-0.00477615681079409 -0.119065429296216 0.144025882376779 -0.199469290628464
0.0223087928426688 0.0463130211975264 0.283180699741654 -0.0213109411386889
-0.154629683204628 0.115549759235732 0.228605264028565 -0.121298495803718
-0.0533589344542987 0.0312778421630192 0.267309058432052 0.246788808307326
-0.0141227767682562 -0.0679685754626699 0.116955878359676 0.0686792100967422
-0.166740447090852 -0.129044991357998 -0.00874663586400863 0.0387322254507224
-0.233463101828431 0.0329560963051106 -0.132001110056603 0.136834475846341
-0.12212493930606 0.197905174908386 -0.0970728201855489 0.314872866668513
-0.0525842711423633 0.217926665852776 0.0303381279219317 0.380629899484123
0.0619245758863472 0.190398048501756 0.167806736933189 0.409223625468241
0.0590037917103854 0.203676953675574 0.199832147759281 0.414458673354743
-0.0100617227448073 0.186965091751682 0.11532710841656 0.369317018290053
-0.0967474841545503 0.174763785023125 -0.0449252130711518 0.213349630726667
-0.13001436531121 0.0689978457432932 -0.14468670475301 0.0351135518238183
-0.100447850742831 -0.103375546432095 0.00270836537811866 -0.216061046421692
0.0920161283495288 -0.0911304289472226 0.216532143044368 -0.173546832230184
0.0769829494542935 0.0834495824596327 0.308063855620562 0.0612676477098582
-0.0836619251207477 0.11754316645229 0.2673147524044 -0.0883008527356768
0.017341642283929 -0.0636133553618212 -0.258141351003419 0.0440037465053603
-0.0664790512457648 -0.0532768588735711 -0.251447713655766 -0.142568935219097
-0.0605801095750776 0.0509151974116028 -0.380772994856862 0.0373202525581727
-0.00667732625094252 0.0856940994618691 -0.0880555704111029 0.251975986158151
0.0358164402044067 0.0166021442802379 0.202730104191174 0.110598537513623
0.0666614988343002 0.000494138243941154 0.155928991916306 -0.186776496830787
0.00703394375246389 -0.0140517338107441 -0.0360031487430634 -0.397408751715255
0.00980986792108067 -0.0374218579311293 -0.102507030559884 -0.504923150029851
0.0146454642287034 -0.0166215308335314 -0.0835903411787949 -0.530663458224569
0.0444859365960485 -0.0215769336514162 -0.021501591909139 -0.452832597117617
0.0456060716447797 -0.033302083935524 0.111117009133139 -0.347708818142312
0.054143481086281 0.050698897311459 0.151420930700664 -0.153296166586388
-0.0177576531127629 0.106337476294397 0.064932050616166 -0.0255492684924774
-0.112625748513504 0.0105576671080073 -0.0794269286518385 -0.170597471973931
-0.0464950691111169 -0.052177928562456 -0.226855448582369 -0.376033202018802
-0.0986433646485737 -0.0406529286879895 -0.229518379182712 0.0383616101537184
-0.10687541154087 0.000941009956662221 -0.237069423938051 -0.183759629877916
-0.05152303565334 0.0420093687180963 -0.399609761753221 -0.00678700029594949
-0.0388899916702284 0.0459463914633314 -0.120300659653004 0.238295656808481
-0.0489934275517858 0.0560938973362896 0.197072740678708 0.143960276228416
0.000817024208843718 0.105934653955982 0.178141212621758 -0.173252114135798
0.00481674124227067 0.146623145225999 0.00208416305253811 -0.385333873038633
0.0436037288897261 0.148369239928942 -0.0801420932879961 -0.473677653270443
0.04450689392873 0.174327158044637 -0.078478644815079 -0.496034014496419
0.0260284874586802 0.190241207984114 -0.0491131922990548 -0.426786986445405
-0.0577687468774445 0.159610551366367 0.0743451405781475 -0.326687102193357
-0.150218929383564 0.14988474405056 0.147832632273327 -0.157309966025136
-0.196891911545871 0.0602202724067672 0.0524403207359988 -0.0381443709019501
-0.217740786443894 -0.0703222422002038 -0.0784285916842646 -0.163657457020037
-0.145940941600752 -0.103950838238595 -0.198836900915438 -0.369829734551134
-0.209348091253028 -0.0234940506128722 -0.163852622377064 0.0309556532447375
-0.154979101515579 0.0502218041920265 -0.240806537025143 -0.21913630564402
-0.0660887274543 0.0295210867919161 -0.407849258666059 -0.00285720951630659
-0.0905554581056973 0.00984067471476419 -0.112788398139026 0.228744096155175
-0.140364214640392 0.105714747780928 0.188418965977797 0.140643635714391
-0.0738655304364377 0.212108958425667 0.167691238424001 -0.152469977492073
0.00125351120621918 0.293147911638534 0.032725209112531 -0.320527511245482
0.0705601499732853 0.313213010996738 -0.0410560075367996 -0.370962951071603
0.0744227998812892 0.334071393037188 -0.0576578119908476 -0.387170467392768
0.027026476376906 0.372090620217672 -0.0539654878693126 -0.336507561775481
-0.122138364235534 0.341865561231162 0.044812209720192 -0.252327948041061
-0.309654445573846 0.258719349149844 0.137368338068317 -0.143118272768022
-0.342107582322338 0.0377660655422268 0.0473904487382713 -0.0579382823090441
-0.294395602331086 -0.118248105895112 -0.0334272704153135 -0.144611788325244
-0.222981682691168 -0.127387617134335 -0.126012886613121 -0.326303347802417
-0.279788098375387 -0.0202421549342296 -0.0715509725275219 0.0392271586717084
-0.183217648987566 0.0540692230540907 -0.240453764131786 -0.224601547924335
-0.1199595879635 -0.0271383128507427 -0.382239912567428 0.0399337342355101
-0.202811086800575 -0.0160670863148093 -0.0766198283702631 0.217929935375191
-0.248221006905055 0.185378520014247 0.162148820612945 0.124346456359595
-0.141046307379417 0.322511500131046 0.126975617486812 -0.106333735401085
0.00174913541324158 0.405941261827488 0.053260594289001 -0.205026044678686
0.0870934749817612 0.430927052683884 0.00654895298372695 -0.212861048519441
0.0874786386585635 0.435921533136012 -0.0177173582091281 -0.226844154873973
0.0187228720338875 0.492617021915867 -0.0330194487418191 -0.201385056421816
-0.162566957804713 0.459381387895131 0.0304381669609522 -0.140148931092316
-0.403973686794579 0.311102969585806 0.117106593848136 -0.113677631341344
-0.400430048966139 0.0080532030814995 0.0522176091985129 -0.0858667305788483
-0.303698098540196 -0.127621988663475 0.0462409209179047 -0.124022936362848
-0.263266213235595 -0.109239183356321 -0.0229082786893757 -0.259815915556879
-0.287415090999045 -0.028623702844341 0.0294946884868222 0.0782868853110106
-0.176245892969548 -0.000468781329820014 -0.197647344129466 -0.170362742359632
-0.201321495649758 -0.123479242015744 -0.295702703081819 0.0806709192582676
-0.347788017333664 -0.0236600538454711 -0.0474251310747633 0.183385165207225
-0.338891988921204 0.275235814635934 0.0975188570989749 0.126286781744424
-0.18342159697354 0.409463588113693 0.0662715819958091 -0.0122267302937342
0.0117797047080901 0.464556311818007 0.0667045715738134 -0.047482819707551
0.0914551804839283 0.481373105617514 0.0542623623274999 -0.02424431022478
0.0713970405405061 0.468240404606438 0.0285165402929095 -0.0392542018429898
-0.0167521781037039 0.521601644569467 -0.00662353199669988 -0.0504016470432351
-0.199349042649943 0.464714221338347 0.0134664453251953 -0.0233581896291717
-0.422546898990509 0.251931944026392 0.083246056829675 -0.0925362038460862
-0.334512434041604 -0.0528286440723834 0.0719260815276016 -0.123106786818484
-0.228082836467123 -0.0998762999895696 0.145047352869625 -0.0933799605691927
-0.261155226753674 -0.0521286988779158 0.0894306803645628 -0.188441620859366
-0.240215454027394 -0.0322682997567797 0.122348028443478 0.147853723267389
-0.140559021458945 -0.0713069992984864 -0.101129115230947 -0.0715688779824549
-0.262493803714658 -0.201709945567902 -0.169043431042297 0.0867604060665218
-0.431442541119847 -0.0140489682680895 -0.0567919469675659 0.134817410189481
-0.359616214730485 0.320235809610294 -0.00185107738915743 0.164093004539357
-0.184096180493673 0.42845951959425 0.00481024498510421 0.124257708921736
0.0262046916731443 0.447636943367892 0.0791390063042714 0.132192294828245
0.0825346139570187 0.455321594031872 0.0951266214157778 0.167830621524196
0.0323489379152548 0.428102079324336 0.0620452272165853 0.143148514041328
-0.0742444142722323 0.45565093984076 -0.00213950192693157 0.0827681621329527
-0.223387660288511 0.355147992677559 -0.0308330058233687 0.0549244156696291
-0.357446996699929 0.0979250211482782 0.0401129404475458 -0.106303921337968
-0.171738477685953 -0.114213539204323 0.111548652263283 -0.158992257374722
-0.102493658978503 -0.0391054049093819 0.234764692911551 -0.0444140488699121
-0.228845122605528 0.017271440680069 0.186568809363198 -0.122119915570207
-0.156979207558593 -0.0198426293958187 0.193454380595289 0.22803942122879
-0.0827286435994382 -0.102467894641901 0.0157693909376599 0.0287584301063159
-0.250104674229621 -0.209591900773192 -0.0605398500859079 0.0628080145874063
-0.388309525406562 -0.000258575059491841 -0.0992509914312901 0.104716176399716
-0.287667858562264 0.28579038559184 -0.0945606044452801 0.227594768909504
-0.144482379868147 0.356651090323611 -0.0334161400538728 0.268096476258577
0.03713052686244 0.353967347126145 0.0927105598040672 0.304936636140884
0.0582387300967619 0.362833487689528 0.121606129157202 0.334653290561098
-0.0103736834406075 0.327756327997618 0.0721772297690588 0.292463270023331
-0.119258563434169 0.321238545827012 -0.0306941922997785 0.170541714606007
-0.203186069871215 0.18970599897599 -0.0948983039805703 0.06269242390313
-0.225719473010262 -0.0510132747399784 0.0185732796387267 -0.158203235758839
0.0016064466487034 -0.123156960583964 0.17554815632624 -0.168419700810199
0.00417495995141219 0.0359789833386314 0.289131984988685 0.0310936295332261
-0.176056797632792 0.0710876730578565 0.25497345315598 -0.0673149112688853
-0.0581517873437186 0.0150376307793546 0.234837908923179 0.290081252394914
-0.00736893746092149 -0.0755659317729955 0.110205385776191 0.0957660550587655
-0.149805716459925 -0.153846514363559 -0.00168309256503408 0.033864748119346
-0.237493206753252 -0.00796796484822371 -0.144766630547581 0.106124984287172
-0.15640490700634 0.172521941250739 -0.147419631465079 0.286937851312116
-0.0872084182783746 0.206439610248854 -0.0409129195362246 0.380041437782614
0.0312284980997133 0.200251938042782 0.105728292541726 0.432276702968481
0.025640523641925 0.214880336386691 0.130162978835364 0.447272542031738
-0.0376696428998691 0.185013862306055 0.0573282304927217 0.389274096849372
-0.120344654080897 0.160518137985138 -0.0777098144807611 0.206227722338139
-0.136900922053858 0.0501247803060563 -0.14728071928833 0.0124042390213205
-0.0877893755818301 -0.115533414543966 0.0396263085933236 -0.213944054918271
0.0975289067277443 -0.0816017522862097 0.242027768403967 -0.131928304548405
0.0581991663576468 0.0847683896477062 0.298990519410945 0.116643279537135
-0.102886176937829 0.0907659902468878 0.288835786228573 -0.0264101982361658
0.0180743641677528 -0.0655801526866892 -0.275335233276262 0.0280025378559674
-0.0680009745828023 -0.0539058107112402 -0.264052351173761 -0.152089992680355
-0.060602706289483 0.0513996701350826 -0.394967571406883 0.0379840733390178
-0.00514174306689466 0.0876376672437519 -0.093035406611933 0.258239822583349
0.0354210336749365 0.0171801230339438 0.211216626285824 0.114642550631435
0.0680842888490207 -0.000335856521930126 0.161683378862659 -0.192231024026048
0.00673689342011451 -0.0120769052915785 -0.0371942400823145 -0.411574275378653
0.00925730511939061 -0.0377966618319735 -0.106129822739293 -0.528154014101066
0.0162778644979627 -0.0170609454825243 -0.0851993907468761 -0.556163736774273
0.0465535135505706 -0.023319205133974 -0.0165157933605226 -0.474502003691095
0.0442345621633213 -0.0349929578303855 0.123824650367965 -0.359676132784324
0.0552712174844231 0.0515459651961567 0.162562552841583 -0.155947118033495
-0.0170886553243015 0.108433896984451 0.0688283055085018 -0.0280603796676357
-0.115322742305056 0.0100362957079868 -0.0825878865683045 -0.184944320547987
-0.0490011365145548 -0.0530881953250299 -0.238220877538115 -0.398888708869714
-0.102991748117161 -0.047515821730056 -0.24507502926647 0.0238526779146608
-0.11260157881305 -0.0014022170833728 -0.247908042197606 -0.194910322703553
-0.0566323452202902 0.041097278890314 -0.412348830020611 -0.00738858169973043
-0.0416542509097688 0.0481031036192866 -0.126879452940031 0.243670086411698
-0.0522339059915255 0.0591135412508044 0.205614069379198 0.150036543079614
-5.19768793778661E-05 0.110959603022208 0.183766802618176 -0.178111076521574
0.00497579941081255 0.155197984708469 0.00158533290537291 -0.398304915104442
0.0436006899143764 0.156060795418271 -0.0835262893887679 -0.495004014274605
0.0454666605548323 0.183232612495129 -0.082397953185167 -0.521523640889075
0.0257203218863315 0.198434967969013 -0.0454558701257549 -0.445944272889356
-0.0650659465543222 0.165248373031242 0.0855661580051019 -0.338431579395039
-0.159252073330516 0.154933422854516 0.158262050705369 -0.161735101957343
-0.206847120758231 0.0571468129270628 0.0548264874082478 -0.0412266641487522
-0.228364597576693 -0.0795488626300314 -0.0821074338496718 -0.176487165935574
-0.153550853873682 -0.115455709295958 -0.210798999265596 -0.390410905841053
-0.218401373262277 -0.0342073179370057 -0.175023647982168 0.020436114069081
-0.165028097448106 0.0455320584674171 -0.251065875090222 -0.230395740373041
-0.076533893682916 0.0264004688349236 -0.420478933987951 -0.00360372525355379
-0.0991333431086369 0.0109994123534735 -0.120079959499136 0.233499698466295
-0.147935617585888 0.11355412569688 0.195331540618254 0.146979736997905
-0.077888084187445 0.223019746821433 0.171266285105898 -0.156663973096927
0.00141370794714195 0.30741613088215 0.0325587412110507 -0.330988837810473
0.0712808103281389 0.327307874180809 -0.0434462733407217 -0.388745586098101
0.0751904396248587 0.350184105732885 -0.0594348125404992 -0.406859840856508
0.0268613225162572 0.391952987676938 -0.0534080228865178 -0.352741360328712
-0.13273736099267 0.356590279699801 0.0542013131969934 -0.263354288412395
-0.325998040034986 0.269324107611482 0.146834441126327 -0.149713583241788
-0.362378354057527 0.0334747578941361 0.049069239101847 -0.0614951546578523
-0.312396591171129 -0.133133461991174 -0.0376717175493171 -0.155589522422735
-0.236446712681919 -0.145322031852781 -0.136425211932595 -0.341756816487867
-0.291267227057574 -0.0346464180943343 -0.0769493579997429 0.0336983290404504
-0.19633279080577 0.0449319899460057 -0.24867267932373 -0.234523159182931
-0.136663457486687 -0.0341589486497609 -0.394191397144705 0.0392698031233848
-0.218922423244098 -0.0155559213883035 -0.0840034554900302 0.222588320878137
-0.259866279853202 0.198036467978437 0.166927196120287 0.130870454713436
-0.148640487472402 0.33819922814946 0.129008851066548 -0.108192454506623
0.00346121522728103 0.424702916212954 0.0530808184199257 -0.2114808875191
0.0888826252607141 0.450478709073436 0.00792012682190938 -0.223380553191792
0.0881719291873689 0.457093443187395 -0.0184746639749017 -0.237911221647309
0.0207768651137072 0.517002681052203 -0.0341641932472532 -0.212075257732358
-0.174095868731661 0.480923700477608 0.037010667477604 -0.146928212357693
-0.42502786150892 0.325164048869914 0.125202531313936 -0.122282274091117
-0.425884538668129 0.00392845596893072 0.0542980106250248 -0.0897205495580124
-0.32737128947665 -0.143232415493277 0.0465447868524997 -0.129228363234966
-0.279497394487047 -0.129519926140916 -0.0288388385260796 -0.266377179271378
-0.299391678513225 -0.0447105092033399 0.0299701734149211 0.0794202474653166
-0.190237074461942 -0.0138244436658536 -0.203684991491252 -0.177050919695963
-0.222716343722496 -0.134491270320565 -0.304337095274561 0.0818994659969597
-0.369820800950232 -0.0229724912822754 -0.0548381934353115 0.187488183623935
-0.353188850138519 0.289986829401345 0.0968833351476786 0.133525363813883
-0.193127169307417 0.430257483075069 0.0652722140491524 -0.00926977895817429
0.0117497697696918 0.484985989556081 0.0667139155772869 -0.0473040352279742
0.0940196019045003 0.502723295048722 0.0583603473882078 -0.0263443016288915
0.0722597131986644 0.491813862402285 0.0294495250260414 -0.0419269510802842
-0.0155683039416562 0.545592955398242 -0.00816968074588482 -0.0541527218848926
-0.208929765603282 0.488403666124837 0.0175357332961526 -0.0267469121890223
-0.444309576094797 0.265770241417253 0.0889212468893957 -0.100476097302358
-0.360553697743343 -0.0552659949512183 0.0746916500703621 -0.127276922289352
-0.251159067628548 -0.113339195312233 0.150539535664365 -0.0953026603344444
-0.279217488209465 -0.0713990726640271 0.0893639630493652 -0.188362733426479
-0.25000201318706 -0.0484581800057344 0.128891278529607 0.15680786660205
-0.152088648990446 -0.0871471376925955 -0.104314142687799 -0.0725420546751944
-0.284750949485116 -0.215104345660482 -0.174455796274277 0.0887702223970085
-0.456042233949271 -0.0129090831982164 -0.0659486005788751 0.137506644066242
-0.37645444171786 0.336572892977947 -0.00820133075344539 0.173074365157553
-0.19426460237235 0.449749897160822 0.000475329727627408 0.132780679035623
0.0255669598209494 0.46706263562654 0.0786167810328637 0.139614677724921
0.0842965685600152 0.475162211062467 0.100096699170711 0.174966094400147
0.032783536495502 0.449596521305772 0.0645899951171289 0.148899233136396
-0.0737181306524528 0.478163270553667 -0.00438432347225887 0.0855159503992294
-0.231496727171383 0.373364966326493 -0.0294917662071476 0.0545436345647431
-0.37535186284242 0.108475030243887 0.0438548136852777 -0.11467875786058
-0.191471105558654 -0.118182168665081 0.117507220309982 -0.16289440601996
-0.121127325242672 -0.0491689320668112 0.244618573190614 -0.0418588898713304
-0.244243518339095 0.00207532434060871 0.193141478446001 -0.115316716503
-0.164503620054433 -0.033323552099469 0.20378049990782 0.24398766109876
-0.0911383156247622 -0.116876856505968 0.0169392941699826 0.0344999413105453
-0.268311651458182 -0.220203372194517 -0.0621945503724371 0.0646408905435371
-0.409247839616474 0.000325854682000995 -0.109133370117117 0.105771949822814
-0.299895306158989 0.297664596752014 -0.106092308363565 0.237270652164173
-0.152193010739445 0.372984538198562 -0.0414932398139469 0.282076446327688
0.0368586926964069 0.367427110617995 0.0927761606946214 0.318823099414291
0.0590044400539535 0.379429006760491 0.128483161275301 0.349656708878805
-0.0113104703809011 0.344452261399727 0.0760457277446334 0.305298555585541
-0.120203982178537 0.338141738935981 -0.0341481553843734 0.17665739928461
-0.208631244337156 0.20114985623721 -0.0972732109403205 0.064002582680366
-0.238003552657253 -0.0453810581246313 0.0212599848733086 -0.167562831529708
-0.0100460210428767 -0.127302144402377 0.183170212761742 -0.170827273852153
-0.00735952509863444 0.0295120069126877 0.302404489694546 0.0387852617332619
-0.186762681089223 0.0618604899490322 0.267495494922787 -0.0560047552564519
-0.0614415548811274 0.00720241915320893 0.24668844333055 0.311814543573431
-0.0116700166063687 -0.0837544698702448 0.115409592819868 0.106928137995452
-0.160406929339417 -0.160680813524823 -0.00167783032317378 0.0354380504570083
-0.248713501430057 -0.00738035396407493 -0.155432032478409 0.106877935565628
-0.16247773163995 0.179582294506007 -0.161930722586803 0.298515745334425
-0.0910881464515862 0.217178600192018 -0.0494905227153843 0.396477098846485
0.0316705113280543 0.207144745155176 0.106116173382812 0.453697377974779
0.0265034266797371 0.222852742047054 0.136887695979758 0.468886009550384
-0.0390461387730413 0.193540179626723 0.0614294106286435 0.405862371693461
-0.12237216908937 0.169919358635774 -0.0812291217300695 0.214010241079458
-0.139218580562756 0.0548854432153023 -0.152058211020946 0.0130979513451908
-0.093906761717917 -0.115166872586226 0.0421331536072941 -0.221907940908249
0.0932898389199879 -0.0850131739741841 0.251710435945556 -0.132098110816491
0.0537061252299872 0.0815617077362092 0.31260391465865 0.127910715691607
-0.107859890945179 0.0870853872410239 0.304436762041268 -0.0114729238459063
0.0161808109779251 -0.0679664748101537 -0.296595826968639 0.0251780858981688
-0.0713569902100746 -0.0513720733232061 -0.285605638684902 -0.152123200232535
-0.0586067297024416 0.0551472458409601 -0.409864663773209 0.0547898388554223
-0.000119996339887986 0.0893805919379494 -0.0883985683318788 0.269851695361186
0.0353840322348922 0.0145981778608609 0.226981323676288 0.1104543144953
0.0697511360877671 -0.00382560004706285 0.160740609836417 -0.203951254262906
0.00590913610304086 -0.0103499657298849 -0.0568221819457876 -0.425496985211129
0.00684021339115742 -0.038434546997682 -0.134365839237056 -0.550849066987094
0.0173508229059805 -0.0182706752826356 -0.111024305434961 -0.584481903008359
0.0474559310125428 -0.0276829908694202 -0.0309917633770505 -0.497782769768735
0.0424091300519288 -0.0381120031635989 0.12228884162952 -0.381896623983702
0.0589046451776766 0.0502600974560982 0.169054357568806 -0.166473296414276
-0.0120665585425246 0.111660703099052 0.0727184966751759 -0.0335704255497566
-0.118024938369646 0.0153623308577694 -0.0949050919877331 -0.197963771896583
-0.0536201531369921 -0.052546931640272 -0.268510536502936 -0.414028350660034
-0.111039354680109 -0.0496881051203093 -0.26275233277933 0.0216591484064701
-0.119544393980463 0.00123078027905634 -0.269678598091132 -0.195996031139119
-0.0597945707854423 0.0432893520173874 -0.428378697913801 0.0074183613194711
-0.0432734557919476 0.0518792284941706 -0.124307367585975 0.254956498641158
-0.0538221759836122 0.0649942351999175 0.221997491392144 0.147170797753375
0.00339709819975829 0.116664116264942 0.182558698863794 -0.190408348985323
0.0122508509981681 0.16522937445738 -0.016386097046792 -0.413970566647252
0.0512465215300334 0.163547943873955 -0.107485766548899 -0.517986574095795
0.0548745554126731 0.192323229819905 -0.106616745395287 -0.545769572654608
0.0343314054561198 0.207471990864214 -0.062228842116535 -0.468133696919091
-0.0662002428080455 0.176601246549959 0.0837064783943092 -0.358485893998904
-0.162681248699447 0.166867386286609 0.164081699183058 -0.174465144017083
-0.216265772053759 0.0637512327153982 0.0563469627357459 -0.0468558807377982
-0.244303025164819 -0.0792532441608039 -0.0948314132972877 -0.187624686679195
-0.167844568820717 -0.120455733622352 -0.239983271603645 -0.404119206411461
-0.231355223542027 -0.0363031931644471 -0.188354178252642 0.017942180988458
-0.174673363937401 0.0475418726342502 -0.273077523936954 -0.232835025304051
-0.087285912568098 0.0274655351327756 -0.435867146691285 0.0118140250206701
-0.108786403126723 0.0176246731322694 -0.118683938927944 0.245067436478184
-0.151645541968902 0.128330769758456 0.210168032647852 0.145624867947834
-0.0726766541253669 0.238107124885147 0.170841160494701 -0.167934720952813
0.0152894717979319 0.324134298048572 0.0193547638220702 -0.345424162643525
0.0875623714482964 0.343451742098044 -0.0617847397865474 -0.408049271501337
0.0925993746743223 0.366776894070979 -0.0789724289656004 -0.426777798729864
0.0417263940125125 0.410014491548432 -0.0674460852340416 -0.370248471726317
-0.130225643749243 0.380815456806814 0.0520820085441028 -0.278701809893801
-0.334427043848117 0.29510501102128 0.151467661523495 -0.163693266029457
-0.384750523615145 0.0450662837442535 0.0489600810942286 -0.0668057740924815
-0.340356531273327 -0.134330639284385 -0.0481785050126319 -0.164290150783981
-0.259440604293504 -0.154366958209449 -0.162424768603982 -0.352103723856951
-0.307992261805791 -0.037485339344376 -0.0822577664568187 0.0322968195211251
-0.210562662555402 0.0442832378649484 -0.269186148942206 -0.236408674963811
-0.157322766441245 -0.0341453274858523 -0.406703364459916 0.0533026063701516
-0.237830767305405 -0.00397799490343473 -0.083828867273685 0.23292717955986
-0.264631734014594 0.2212305645037 0.178239662036701 0.132015960737593
-0.141947604776004 0.363984781679641 0.128580502256546 -0.114407203542607
0.0211045822821624 0.446119441246806 0.045067456487949 -0.220837351917349
0.109926223168919 0.471865617055766 -0.000571459947545323 -0.237019638746409
0.110738725929216 0.480071643368504 -0.0297172424647203 -0.250046618704956
0.0425248222735818 0.542490099813558 -0.0448541854435149 -0.223116950973191
-0.165699075512045 0.514097473631376 0.0370696258453915 -0.158245527097021
-0.435801253361798 0.361844154308148 0.128456230083378 -0.136696175306399
-0.45602239451973 0.0191607112097638 0.0523444319245213 -0.0962944978559293
-0.360689348554863 -0.145203502655038 0.0415114509323159 -0.137531861978767
-0.307191863527701 -0.138328592986632 -0.046033823756377 -0.273302125967443
-0.316728669975151 -0.0501147248463754 0.0347507863743622 0.0797487437479257
-0.207692100066202 -0.0184498666909243 -0.218602972988214 -0.1780076899566
-0.253309809918561 -0.135646519859496 -0.312739647208433 0.0945872782032959
-0.396655261990821 -0.00504285339113602 -0.0565753602970022 0.19567757002913
-0.361061140962778 0.321899687164117 0.103059131434901 0.139757454612431
-0.185229187850562 0.460486417694347 0.0648017593474682 -0.00802118042962258
0.0330406759844302 0.506831017176781 0.0651243066785973 -0.0500822359938324
0.117326192760717 0.524166280993954 0.0593809590821474 -0.031296329618037
0.0952778454366477 0.515075627602032 0.0285430336466533 -0.0448656610417545
0.0101761431802095 0.577231186382744 -0.0122297227189045 -0.0582786185758344
-0.199442114239991 0.524057735608022 0.019983603740689 -0.0312642171609853
-0.455689655322867 0.302369716460899 0.0898969397280269 -0.113841609079291
-0.391584077347254 -0.0422550005968407 0.0730773136829898 -0.13518616955235
-0.283784589707812 -0.116127002175217 0.152928411056505 -0.102866756313679
-0.30479777834531 -0.0793100590462413 0.082379580696538 -0.191098262098212
-0.265019026026683 -0.0565192363709319 0.142936807320165 0.161195038946916
-0.171279669441273 -0.0960695243405807 -0.109968159960484 -0.0704116090867301
-0.320756459630019 -0.215985119192582 -0.17710661125251 0.0981950896130997
-0.483849142945114 0.00830262770544007 -0.0697446387247274 0.144335819742942
-0.380279472695049 0.370707114004351 -0.00737362042479888 0.184323318339056
-0.185943188938705 0.481891769675178 0.00151868825320497 0.142954780907369
0.0465643527681136 0.487182957532697 0.0857399868448258 0.14582599930554
0.106654003152628 0.498019194523963 0.11338676727619 0.178276436228376
0.0529717030284697 0.473462287446251 0.0749590967907094 0.154148562893318
-0.0538859038070229 0.506776848685271 -0.00373551629291636 0.0884402109269249
-0.224214960786145 0.404671962728584 -0.0261321821737338 0.0551809024800589
-0.390166179392104 0.137836392384929 0.0423320651915933 -0.126533569581391
-0.21735631433961 -0.112954439813691 0.116819544836191 -0.173132578391001
-0.14482125144322 -0.0527971898306859 0.25557276359901 -0.0483698214725983
-0.264405868046799 -0.00150541138330896 0.197661645170058 -0.116397982154682
-0.174925660201287 -0.0409523857172602 0.225946991172284 0.253081628855775
-0.107127058783583 -0.127450262389239 0.0211192493160016 0.0404084217393706
-0.29927133561409 -0.221365604629702 -0.0607631608716519 0.06941732567705
-0.431609861265274 0.0175848900200032 -0.116702316101464 0.111997038297649
-0.303745152350369 0.324532355041009 -0.109270679962559 0.255422096596011
-0.146413934721247 0.399020794550741 -0.0382542460524031 0.300100862543937
0.0527155798822903 0.382956144791771 0.107709222645885 0.331958054423887
0.0772231243291176 0.395806668093884 0.151303851448081 0.361146512124057
0.00219678383253288 0.363574849639229 0.0942936989979066 0.317446707180906
-0.107231643843515 0.362017728227321 -0.0303102056750304 0.185801400753333
-0.205439069086966 0.223070366643382 -0.0974625257187893 0.068830876828402
-0.252835902825425 -0.0295449777884615 0.0161816900561915 -0.17890493914256
-0.0267781265790644 -0.130463800508084 0.186072770135249 -0.182255499831299
-0.0193857083015576 0.0249730276912355 0.320858476665692 0.0347455103248263
-0.199158039136165 0.0602660150861723 0.280418560431026 -0.0564874394201051
-0.0663075951930801 0.00171473407792696 0.274353119401868 0.324332201105685
-0.0201906628666428 -0.0917320919148638 0.127458091480935 0.114176096936019
-0.180140954380401 -0.160107687187986 0.00124206726927117 0.0375829696879243
-0.262209063071765 0.00366723995406228 -0.162748210896699 0.115840607660946
-0.162576760677437 0.19549888447307 -0.165764699455382 0.319372703011131
-0.0876169596068558 0.232906525334611 -0.0434024200027846 0.420867898174161
0.0405314601903527 0.214047634396205 0.126039135960516 0.472048843841372
0.0366149777742495 0.232305430648218 0.166098677737056 0.486603746149882
-0.0330203946325821 0.205849436182463 0.0845892845813087 0.422704055175328
-0.117022488682466 0.185372134389726 -0.0766865967073191 0.227055523423287
-0.139988029455834 0.0650420380131876 -0.1561137932119 0.0201839697529702
-0.104619479695058 -0.110285673686501 0.0356336842586095 -0.233833701814164
0.0861328254298105 -0.091102346064946 0.257675455298263 -0.143065010379093
0.0522614283822477 0.0781282029029471 0.334429342154822 0.127935565253211
-0.111780696462254 0.0876972831310021 0.323518438399117 -0.00899843860373395
0.0115943994051744 -0.0692602834042796 -0.309322156123308 0.0335786135362001
-0.0730852006368596 -0.0467395309258771 -0.304196042115349 -0.136432362281062
-0.0519364560895935 0.0575026664318456 -0.412288324561056 0.0821010728164876
0.00669601854216469 0.0885613203287555 -0.0742350008291688 0.27623568138591
0.0343364977848621 0.0116728001387187 0.23911851350745 0.0960057762764225
0.0695198239937873 -0.00909278721580008 0.149548081542771 -0.215269044433251
0.00553631632278717 -0.00830364786066399 -0.0867712976645695 -0.425473211136676
0.00388930028733934 -0.0389779378793736 -0.17687477138247 -0.554575026837589
0.0170162371747676 -0.0193267179204947 -0.153266940536388 -0.591011792381671
0.0456922940683016 -0.0319056009476571 -0.0610752035547002 -0.508145745891548
0.0378607177914314 -0.0408940324269322 0.106241089636774 -0.397624717697609
0.0623810291526107 0.0462629562777937 0.166272643427047 -0.178198316895847
-0.00323352074271983 0.110973620190536 0.0729231801818997 -0.0395778430761533
-0.116431623519427 0.0225420761766825 -0.111974702894934 -0.203127331061119
-0.0584729363999446 -0.0484952325862812 -0.30442921223953 -0.407628274360674
-0.1182030286358 -0.0476282805058679 -0.275305071502935 0.0280286941651282
-0.122309349555174 0.00701461035376822 -0.290360363934426 -0.182668796333719
-0.060141018332778 0.045944946121117 -0.432679956576279 0.035719548494106
-0.0417827107868306 0.0561809268858139 -0.112104498875098 0.263020136321824
-0.0518457579998404 0.0712601429107028 0.236313018836124 0.13235049702424
0.0109903531176631 0.119304817637784 0.172048068784043 -0.203286614511461
0.0246630684628444 0.16966495817605 -0.0449151591697154 -0.416089878295608
0.0621657321893141 0.164289240856456 -0.149530516678628 -0.522496405368166
0.068924624063431 0.193433289427917 -0.146788837980525 -0.55138344271607
0.0478852590943455 0.209403001489402 -0.0913659126341631 -0.475010424086077
-0.0601717777991731 0.186097985428334 0.067811822109952 -0.371063773817798
-0.157057035192454 0.180264896800511 0.16016426408075 -0.18743111916489
-0.218740118781962 0.0746133152680662 0.0543132676916372 -0.0521061247429432
-0.256240131507133 -0.0697536426079585 -0.11230363396549 -0.190938945162537
-0.182744818828951 -0.116292331785607 -0.276623677406759 -0.397815351987656
-0.240257761016656 -0.0303605284529678 -0.197671631965589 0.022127297390184
-0.179877422409218 0.0544695053443297 -0.294713552399302 -0.218632534967498
-0.0949111744054669 0.0318050914460044 -0.437656564967065 0.0384549459636856
-0.113247228851715 0.0274074882454654 -0.107433767284511 0.253280558808457
-0.145912669839061 0.143741498614975 0.223437656399261 0.134105863913838
-0.057814003019515 0.248860234518914 0.160544133082744 -0.178845488827402
0.0385206513379652 0.329875799384135 -0.00627938581745659 -0.348486171045597
0.111167033705521 0.345643091407392 -0.0928249250598343 -0.413265511861913
0.118660589738037 0.369273621974918 -0.110477598031371 -0.431059116551532
0.0712285575063534 0.415557809395072 -0.0937915926658016 -0.374157830299496
-0.111154332747305 0.398680030682662 0.0404983176408065 -0.289738855604962
-0.322370872701437 0.3227160733805 0.146850440149367 -0.177883131312636
-0.39490247491693 0.0683668145190523 0.0435334706325094 -0.0718702217534734
-0.364259281750018 -0.120653819282451 -0.0630160521642849 -0.167311300954956
-0.282676330656243 -0.149480663733143 -0.193285832896417 -0.343749171747841
-0.319149069343459 -0.0306407095280285 -0.0852421599669908 0.0324260385572435
-0.218791228147793 0.0514538433325352 -0.289405107757668 -0.223941251987259
-0.174178603611215 -0.0255660930224128 -0.40673871806791 0.0790719245626946
-0.247468253265279 0.0168250509361999 -0.0744307249062152 0.239331748983041
-0.255465699537912 0.247588515327938 0.189147953784872 0.123647716743145
-0.11993685892089 0.382661830120595 0.121072730057707 -0.120962857124329
0.0528042578048559 0.452392493758138 0.0289547918563747 -0.224153755673325
0.143629078219085 0.47297276988857 -0.0181733291943083 -0.243288618702872
0.144588126295145 0.484133611975863 -0.0476459206470507 -0.253587870277015
0.0817413554105834 0.550887909532088 -0.0618796519735476 -0.22514722060603
-0.134541474630426 0.538405770314021 0.0314774766138426 -0.167132889004374
-0.42012061592383 0.400184676132731 0.122845490891905 -0.15133893171924
-0.471504613630095 0.0505334911230786 0.0454496362792156 -0.101515168675278
-0.391057209023655 -0.128488275512656 0.0315802377542369 -0.141941889521422
-0.333129234530943 -0.131578408611458 -0.0688101603121866 -0.267420574758031
-0.32915973678161 -0.0440214257463391 0.0397516550113173 0.0769748901228897
-0.223035900663664 -0.0144149431608771 -0.232595911421217 -0.166985253801732
-0.281013437257637 -0.121786616185795 -0.309527472537738 0.113341680029157
-0.409292216654111 0.0262767856533368 -0.0515788060040055 0.201058390904594
-0.344400293390114 0.355879872717144 0.111121929971558 0.138565085568517
-0.15770424452948 0.484824136935805 0.0628208534065163 -0.00836465324666752
0.0686232673869688 0.512357623417536 0.0604731649560431 -0.0526686247528111
0.154722252616181 0.529286857222539 0.0597198423023313 -0.0372440231086271
0.131139529692834 0.520337761576497 0.02572254095169 -0.0480518164803459
0.0527062494719386 0.587962609400322 -0.0188664793913013 -0.0589635382824351
-0.165633226560009 0.548212663289052 0.0203930258690413 -0.0366482499467485
-0.443767788180993 0.344266711241259 0.084036062658898 -0.127181883822348
-0.412652380569871 -0.0135465809098898 0.0648898563623771 -0.141407109983342
-0.312702238164438 -0.102205677299941 0.148860266193116 -0.111477342132931
-0.328010442100195 -0.07297235343993 0.0698111541306545 -0.189546986570998
-0.277383129345079 -0.0531923327974683 0.157710828067755 0.155913584950405
-0.190437368313943 -0.0958282877192446 -0.114116406806129 -0.0625905859630623
-0.353153772087965 -0.19798213493081 -0.171765592249458 0.108160333553433
-0.496007504048448 0.0437541043681632 -0.0681567187574028 0.15011869181615
-0.36255996184135 0.404581358898892 -0.00013409717870127 0.193626008300548
-0.157822425893253 0.505445499315094 0.00689350374368515 0.149744380474461
0.0799042768503617 0.491921222797514 0.0942200686222216 0.144489629566565
0.142113558156771 0.500225048317964 0.129349886089112 0.172489769209525
0.0854555305101561 0.480824722625218 0.0879974979789586 0.152336394740147
-0.0147678686709914 0.521887974145774 3.39211786452393E-05 0.0898874298253361
-0.19541305078307 0.429439259936392 -0.0218152980684199 0.0550645342925468
-0.386590149174647 0.174581091965781 0.0341357407178394 -0.135680731630491
-0.240426030226185 -0.0945526243179501 0.108822436456846 -0.181691896314018
-0.167576969021748 -0.0471783554254185 0.259511047562348 -0.0610400659206112
-0.279112453274684 0.00414199709232935 0.194841313897797 -0.119843253814256
-0.183736351469356 -0.0416536486935528 0.250755485671202 0.247122196173365
-0.12565769604982 -0.129448393543642 0.0268201666042769 0.0430161132482315
-0.328902548268476 -0.203300877705388 -0.0553263096309359 0.0732003921486689
-0.44041879533011 0.0497729376433361 -0.116455237867747 0.120822488187532
-0.285196260170531 0.352972095377962 -0.100374895702241 0.270614110015645
-0.124215351856548 0.420291574292094 -0.023237922968616 0.31189381859965
0.078391027320848 0.383637099150575 0.128396923212743 0.332258404895469
0.1063608236785 0.397433888512577 0.181147599799777 0.356572134636704
0.0275397866677321 0.371612966280246 0.120256679067466 0.316397747024029
-0.0790755638717506 0.377121987822346 -0.0200608165450044 0.190824260895911
-0.188464053661025 0.243320762965647 -0.0927088982726139 0.0746417425816954
-0.260149314747742 -0.004528289825621 0.00482871256778028 -0.185201945836654
-0.0468858318372372 -0.125975651537119 0.177563873485547 -0.193692024675587
-0.0317630006582434 0.0237692814026937 0.330769743984796 0.0197593327409355
-0.2054215555517 0.0647109576154289 0.287504986396873 -0.0632215275646183
-0.0702041668432673 -0.000662856482247096 0.305662851892683 0.318338613277771
-0.0333662758322302 -0.0951580967914968 0.140477638756853 0.113433805137352
-0.200311851456987 -0.148422073568931 0.00551370858574978 0.0372654058447136
-0.267149950019916 0.0236568632029072 -0.162666068513399 0.125857695535471
-0.151362520936803 0.209959378524041 -0.155703958565401 0.338417092153205
-0.074922228209624 0.245083557120117 -0.022495638132444 0.434426443563134
0.0546137463587648 0.213114404028607 0.158810115574129 0.473019369585718
0.0532135700663115 0.234198668247854 0.206105069595245 0.484513558920081
-0.0187382599261336 0.212439690626778 0.117851010483316 0.424153271646336
-0.101372973240358 0.197246231255861 -0.0626854601048118 0.235665672321384
-0.13359388934725 0.0775161316901694 -0.155754317766815 0.0311683363833939
-0.114527054704519 -0.0990497769456365 0.0208016560178356 -0.239631320906805
0.0737870613820099 -0.0957285100250133 0.252088936662393 -0.158095421737747
0.049642234901908 0.0721804333454763 0.35137243206678 0.112867021302797
-0.109884931391828 0.0889773157111379 0.336608277979239 -0.018246350949578
0.00824105906020519 -0.0677435722107194 -0.312330828299102 0.0408682764264495
-0.0709645554346234 -0.0411757435633759 -0.308629173846953 -0.115227254346213
-0.0440957615112848 0.0555724767314625 -0.396839861403744 0.104595342530544
0.0122303879315609 0.0833366404746905 -0.0594750616340015 0.270936962041873
0.0319157479835313 0.0092013786359585 0.238732823582327 0.0776393811082677
0.0663330256127539 -0.0137240775995849 0.134512588334268 -0.215639310488825
0.0053258034957578 -0.00505751297871367 -0.110730708426796 -0.407198518894745
0.0008780887316229 -0.0372768289349157 -0.211615163456667 -0.532883364609505
0.0171121776173565 -0.0199799027590039 -0.188449516928682 -0.573356697642795
0.0422852329928888 -0.0343561577402813 -0.0874130846042961 -0.496738984344009
0.0322283237305572 -0.0410318950637783 0.086235743387266 -0.396970307097018
0.0628414602629313 0.0400272232395415 0.157576747131478 -0.182354440240821
0.00419682130045708 0.105199220083634 0.070396589183496 -0.0449644037551779
-0.110531556528246 0.0281922623433242 -0.124736926776063 -0.198246466020156
-0.0598889890460238 -0.0420624196131662 -0.326260493060468 -0.384436971597063
-0.120700647329382 -0.0429794774910201 -0.276801802691262 0.0355941760072125
-0.120168948217305 0.0120467736132027 -0.297219902755304 -0.161471329945452
-0.058181189960649 0.0464361067321531 -0.417594082105553 0.0588950229867082
-0.0384702238434149 0.0577771713124454 -0.0968155772066951 0.260212841085704
-0.0473194191906533 0.0744474132524517 0.238281682130325 0.113712773494942
0.0181502699827223 0.116321415916411 0.155590013547759 -0.205530892140178
0.0355770897875687 0.166875938586192 -0.0703521451758698 -0.400387002275377
0.0702513918183934 0.159003598669135 -0.181291180876954 -0.504099046333876
0.0800913371248992 0.186079579215006 -0.1785556375732 -0.533360209602142
0.058698364440228 0.202928365386714 -0.116816515455976 -0.461127630488922
-0.0510388097519598 0.187426294448148 0.0505969140916803 -0.370185678468692
-0.145265950558798 0.185490212065654 0.15084124509953 -0.192064418960112
-0.212450890452956 0.0808590483605134 0.0499799312200046 -0.0548854944151666
-0.259244050310237 -0.0572548429522099 -0.12368560711565 -0.184645439737912
-0.190623464468278 -0.106441769826529 -0.299592650799583 -0.372794422783218
-0.241464419540971 -0.023294546939401 -0.199132568362385 0.0267948918168206
-0.177634457280557 0.0594698717393414 -0.301729455879057 -0.197407965288941
-0.0985959943004147 0.036063690763531 -0.424231111712463 0.0615660076821965
-0.112291248401304 0.0369013185888853 -0.0950453383566977 0.250290692623055
-0.134309410157123 0.152578918993589 0.226081188723159 0.117368279714665
-0.0411513776024485 0.247978548815946 0.145293066196348 -0.180045427669854
0.0589391564147917 0.322607194204588 -0.0273841386266056 -0.336742896885896
0.129927555110081 0.333703931223272 -0.118906173415603 -0.400593627532528
0.138998283331869 0.357548120504523 -0.135823766262307 -0.417307768824572
0.0940494959165907 0.40391686904118 -0.113244088611917 -0.362797441907207
-0.0858647424313896 0.400444484634391 0.0273108296902763 -0.289995623078137
-0.298877867059706 0.337243787079503 0.136042456374514 -0.184894301775974
-0.389056018024419 0.0872103029641861 0.0379784095479054 -0.0721309136902177
-0.373274134877228 -0.101287672043361 -0.0735207453807309 -0.161450364280696
-0.293590456884841 -0.136112789242856 -0.21429168621431 -0.321088225325746
-0.319378958728433 -0.0220011733899602 -0.0857803498428774 0.0324822806121042
-0.220270268810991 0.056144928690898 -0.29424546856234 -0.201384686793683
-0.183836710734162 -0.0136730113261566 -0.390861602928069 0.0976408282797409
-0.246091404631386 0.0355155827589523 -0.0636527153793173 0.236160443996619
-0.233719368601547 0.261664896488995 0.191226461707049 0.112084301832649
-0.0937728494496033 0.383707025236129 0.109621872885088 -0.121330280435126
0.0791037747465034 0.441278315115336 0.0140842833378281 -0.217637608197567
0.17010024843118 0.457182522716328 -0.0342139663786632 -0.238381672297989
0.171118538728592 0.467040606656579 -0.0629806619263051 -0.246046464669069
0.113523014421516 0.534292761088867 -0.075504688642335 -0.218064026089353
-0.101228895890099 0.537249748210167 0.0238468612176931 -0.169171666107687
-0.387183526745039 0.420608869082718 0.112374494533849 -0.159038151601117
-0.466747582888673 0.0784133404815146 0.0380874314535125 -0.100865683287698
-0.403134285679538 -0.105770518023285 0.0211446127215205 -0.139838745115378
-0.345088624980449 -0.118482405688541 -0.0860653881184772 -0.250702720883517
-0.330464938081185 -0.0363590294672109 0.0429941665128019 0.0712925124770441
-0.228798659541617 -0.00832354626777945 -0.235819638912257 -0.150215703321217
-0.29477983365271 -0.100078735028623 -0.294275310054986 0.124893022045835
-0.40342337115263 0.0547075372871212 -0.0444031890359869 0.198597282588668
-0.314788225629847 0.372411375125337 0.115031331803121 0.133089291086761
-0.124848656653951 0.488007777787925 0.0590498099433117 -0.00664122661483153
0.0969455393043191 0.497831922275174 0.0547730744604497 -0.051997278791549
0.184169460712228 0.510379387584744 0.0553952086724823 -0.0417935669231731
0.161177710298495 0.504972710751871 0.0226489870147512 -0.0482233137816377
0.0892440700529081 0.572724280149354 -0.0245689463737125 -0.0566579052552585
-0.126168277995878 0.550931282778975 0.0194373231444509 -0.0406869056039145
-0.411922302239299 0.370985166970373 0.0738697479523592 -0.133406695035366
-0.413979686993628 0.0165700244467542 0.0549345145735966 -0.140652943217914
-0.32785673890779 -0.0830815621229755 0.139872275966669 -0.113924990994425
-0.33776961249575 -0.0615773193909852 0.0579258981461118 -0.179096591353759
-0.280239381752717 -0.0479594256161458 0.164372429211635 0.143841463005875
-0.202135476103031 -0.0889094428740146 -0.113951928954933 -0.0544303202980032
-0.369233579241547 -0.169914921834503 -0.160924583593775 0.112968543349415
-0.487642266428383 0.0764629782599759 -0.0628713836457654 0.151435117769205
-0.329962292264415 0.420902684856712 0.00806396848946515 0.193910883074712
-0.124342905536358 0.508308386792468 0.0136400893898627 0.15132602825177
0.106111844912347 0.475122544692577 0.0986529303175266 0.138474487355431
0.169013362668181 0.483292401411408 0.13786942757328 0.159581705981734
0.114098383577494 0.469101278240798 0.0968023508900406 0.143054869614028
0.0219159726572235 0.511605523336332 0.0028500421999095 0.0884060953029718
-0.160709104345323 0.434100975228665 -0.0169469198215665 0.0518176490217514
-0.365132178511352 0.201959959488229 0.0241167663477204 -0.138670598683255
-0.250993432818694 -0.0709068632639933 0.0959710050198078 -0.182009152203387
-0.182289882667807 -0.0361758890575277 0.251992150507272 -0.0693949212850435
-0.284452302942789 0.0104165545108237 0.187851460318488 -0.117290988865188
-0.186950269265858 -0.0403739396110904 0.262612447261577 0.230782452303516
-0.139781800638925 -0.123882147517344 0.031569399410947 0.0440440052047048
-0.341481390585833 -0.17570290442198 -0.0483703425860429 0.072642973726607
-0.4302690725921 0.0760793009844108 -0.112211557827587 0.12455573188735
-0.257587278992052 0.362832343985138 -0.0873383349512957 0.276170277753563
-0.0965732618508638 0.422363841185797 -0.00886744365529093 0.311558584005657
0.0982490866668279 0.369290296035684 0.142913330734331 0.319595878718667
0.128172861629305 0.385018186278724 0.201662350022313 0.337436360490127
0.0507539449141545 0.364484226578543 0.139117425241436 0.302129765718914
-0.0483945411053423 0.373301010222239 -0.00936422578257612 0.188352603083105
-0.164008128939438 0.250787201333363 -0.0851933121993922 0.0762559040767366
-0.251612746642394 0.0187323671241393 -0.00684724416038978 -0.18328619638023
-0.0619292151768554 -0.113517754392997 0.163652425285908 -0.19625950285777
-0.0425976186778579 0.0244114986151991 0.329103955399683 0.00541394809998546
-0.205541794196427 0.0665042160203888 0.284199408947931 -0.0680699522380814
-0.0721191857442391 -0.00261617743339479 0.322851490641704 0.298359071542237
-0.0437114574091984 -0.0924423844803653 0.146997713086289 0.107721516076256
-0.208620184978046 -0.128693126903168 0.00971599009461128 0.0346326268451999
-0.261150944964961 0.0399087404656479 -0.15652501129594 0.131605959464289
-0.134809617457364 0.215418952206241 -0.138310139112727 0.343947458033049
-0.0580129244678284 0.246986455808655 -0.000972143677497636 0.431679128669655
0.0650920194846042 0.202904416910803 0.180690458213302 0.456264533527126
0.0670340016515859 0.22527253896145 0.234146674499545 0.461430949357756
-0.0049970986580365 0.210580840688671 0.144843369029681 0.405684791063984
-0.0832990595642612 0.199026800899387 -0.0469582286504338 0.233539437682418
-0.120387587254261 0.084347472147442 -0.147869814392721 0.038951011593444
-0.117387419766505 -0.0833020698919655 0.00602253967687144 -0.235122428797011
0.0595098091693657 -0.0933144615096905 0.238000056965112 -0.163968614195108
0.0450359159476294 0.0660150936263125 0.35395870455576 0.0938574894585579
-0.106205541279846 0.0869772755497301 0.337345266103083 -0.0277147996458015
0.0150265597191258 -0.0621532667251345 -0.302124435883641 -0.00200316560812324
-0.0583261469546962 -0.0476800535776092 -0.28320173935466 -0.14399529694952
-0.0448224925087003 0.0416543075443413 -0.387601903953568 0.0554586368596132
-0.00085340811959362 0.0782836729565303 -0.0906147338297757 0.243412481419842
0.0259953695926822 0.0137863139457711 0.213976133434943 0.0969131179348231
0.0635507541791591 -0.0032867483832864 0.151660134357497 -0.184977322226077
0.00553573947130853 -0.000450297130317516 -0.0628426521104 -0.395034203595419
0.00259402162785261 -0.0354298398574483 -0.147178361732553 -0.533536773852633
0.0172045770127919 -0.0150458169627726 -0.121994948957645 -0.577024878905309
0.0434190272012015 -0.0264821441921265 -0.0286045911537366 -0.491059712131411
0.031315483920267 -0.0322806894535999 0.132447060415994 -0.375554729968491
0.0510329417804605 0.0463817459968021 0.177485643949427 -0.160486526666037
-0.00785009949261846 0.0984762970145995 0.0754180904744373 -0.0405357248582088
-0.108101103040118 0.016082620686908 -0.0986180058456383 -0.214808925694037
-0.0522022231588204 -0.0414015055354555 -0.280890195098651 -0.418975890302429
-0.109643430848281 -0.057562968569524 -0.272633031375739 -0.00995933828644288
-0.115269776789478 -0.00631152315825391 -0.270525888129039 -0.187001002134673
-0.0622314904238267 0.0331280054666027 -0.401201927315534 0.00991508614339148
-0.0466187851689299 0.0490790959504399 -0.123321774165144 0.226964537506883
-0.057911853485394 0.0658002603431543 0.209177933626176 0.126944477129401
0.00228564818578929 0.114801682366437 0.163585953934903 -0.173143243533064
0.0153046487152251 0.167713431135016 -0.0277526427196672 -0.386745516392042
0.046997966726311 0.162998250055108 -0.121207394945051 -0.5038511659216
0.052987824028567 0.191777134805702 -0.114637596614116 -0.542559469211058
0.0310956484405888 0.203842820093066 -0.0572396128765565 -0.468440568992696
-0.0768191566651165 0.177902143341184 0.100833397987659 -0.361343564186404
-0.16769666880022 0.163112603166757 0.176676997861961 -0.176914509489434
-0.217588265884654 0.0515967088645419 0.0626796209998956 -0.0483564561353155
-0.247678090595806 -0.0852609501630485 -0.0920607949955566 -0.197679832266523
-0.176751066816818 -0.123012882012101 -0.248589078884561 -0.401189637864737
-0.226600923827711 -0.0566485664962899 -0.200580803452343 -0.0166454842869555
-0.17811996078507 0.0285171336404044 -0.274936612774093 -0.223481145393114
-0.103392967906081 0.0194887957737142 -0.407138082798604 0.00743696082007925
-0.114838523353323 0.0218882266774999 -0.120196689964248 0.215160018346532
-0.149848472318475 0.128925343107103 0.195270954001605 0.125696146567153
-0.0696212574234808 0.232960299309395 0.145293787094315 -0.151543392384917
0.0202608046623239 0.319086100558424 0.00416209423102706 -0.324026201109086
0.0859807553043117 0.339122192083808 -0.0696309695855623 -0.397302307593976
0.0893453985734887 0.364170991509967 -0.0852473796609146 -0.426143820031864
0.0419406414997362 0.402633857635987 -0.0649433074376095 -0.376112056237765
-0.135916730541131 0.378715677438905 0.0715713138835452 -0.293918366783657
-0.334980785313122 0.293734645881136 0.165057300967247 -0.177801705240793
-0.392635630595642 0.0414562827049007 0.0581863205290905 -0.0648573973558716
-0.358466188492211 -0.140743913032221 -0.040431608461202 -0.164542543277636
-0.278811081542588 -0.167014372770367 -0.165781494257802 -0.338150956388931
-0.300308974467874 -0.0667738429761742 -0.0944231691345286 -0.00299966378994586
-0.218782897593531 0.0194105038220071 -0.26823079065791 -0.229731795536265
-0.179910693262719 -0.0365876325996301 -0.379727926694546 0.0379950220509984
-0.242148882867426 0.00389425467106498 -0.0894980468068971 0.200397865156998
-0.258926051689616 0.219117616464743 0.160530035350388 0.113045293675658
-0.136917580399509 0.355312497414894 0.0998066097785805 -0.0997345460471212
0.0265607630139045 0.433709819339907 0.0300843605036297 -0.207968860001994
0.111272285327006 0.463893248241814 -0.00449336396941873 -0.232863970865711
0.109741026490031 0.475206436910784 -0.0304482295223951 -0.253714115910731
0.0481715822363453 0.529026064250377 -0.044175331486602 -0.235410099748607
-0.162328700286402 0.509056919045533 0.0545030425383014 -0.182352675301534
-0.428150184437941 0.366582577137798 0.138825582031972 -0.158823836511519
-0.470002349618378 0.0275365278230315 0.063443273975151 -0.0908611440250563
-0.391630849849708 -0.147541220189724 0.052758451334398 -0.128892516528524
-0.334718127803698 -0.158012773278852 -0.0431305770332602 -0.252465549683517
-0.309100774734734 -0.0828325577504228 0.0259788078764437 0.0470264338249762
-0.221390594247197 -0.0423367645548871 -0.214019208009354 -0.177219719658223
-0.275202048549545 -0.129155824750992 -0.290716907854495 0.0649848337501073
-0.393456938083045 -0.000128930225798783 -0.0682571270602763 0.162943386023264
-0.351033755060832 0.312384845575435 0.0837609092394331 0.121284125493872
-0.17883739816836 0.449060418627327 0.0351889919770996 0.00337850001088177
0.0367406297896456 0.489557388616801 0.051236197058417 -0.0466971228418846
0.120431149067556 0.516077666492812 0.0623830055979197 -0.034604655737263
0.0965724523218452 0.509962148710961 0.0322334612112329 -0.053351391821194
0.0224070856196256 0.561177652975759 -0.0133503903417679 -0.0735148743783846
-0.184492105797412 0.516775020680726 0.0360518141645974 -0.0589914955095015
-0.44276787932192 0.316774983723135 0.097895179240395 -0.137895647180516
-0.413177774207277 -0.0219484736785083 0.083425113154361 -0.125329375401223
-0.323444705174098 -0.115961652267487 0.165607652667418 -0.0909166531368503
-0.334110703368395 -0.104215712060293 0.0914950843317934 -0.165606700346229
-0.260831808852053 -0.0885034432339989 0.137502134522761 0.132508844787875
-0.186241134843825 -0.114127453058917 -0.102959368548028 -0.0746281268616001
-0.33480519315772 -0.202744552573366 -0.162177612209756 0.0625486681219545
-0.473671274443313 0.00796985511882515 -0.0821180433396114 0.112706230348454
-0.371916317352156 0.353802967438635 -0.0264666449870075 0.166346654986773
-0.182926687480885 0.468834636378354 -0.0270941054778829 0.148350394473539
0.0475400987952785 0.466889484901122 0.0733787313567522 0.138590298246597
0.110869395040388 0.48795727751946 0.120561295938831 0.167323452229199
0.056841442830301 0.466745765952789 0.0836671251962419 0.141487333596536
-0.0347826592290553 0.493791013359969 -0.000730669816299277 0.071707722930559
-0.201158164561562 0.400346961305915 -0.0101588775399896 0.0322263054679864
-0.376752534705151 0.161364168138353 0.0496505426556289 -0.142366268983098
-0.246676883567823 -0.087810225849754 0.122268789713576 -0.158819765958535
-0.188491502976047 -0.0556780760974468 0.264718034110962 -0.0349093974782979
-0.290198139826399 -0.0285697457422018 0.213173602194285 -0.0920058207402947
-0.17419581032011 -0.0681099501132983 0.224602851087175 0.232425556171839
-0.121695030636672 -0.137065228069341 0.0280765879859022 0.0370119339866037
-0.304913164157688 -0.204070645394072 -0.0508484068389541 0.0384829509101803
-0.420006516851728 0.0142978192743203 -0.123132798964607 0.0851999278351528
-0.295542839185086 0.308049417623689 -0.125159605291195 0.236232609228194
-0.145709470324621 0.387608071031642 -0.0630212020730151 0.298968197103321
0.0520137315895841 0.364113627042981 0.0985029678235957 0.31737031881433
0.0823989405941729 0.38797699590681 0.161397910949409 0.344459952964519
0.00869100244915075 0.356792313545537 0.107786327610072 0.300977575361264
-0.0849344791510428 0.351665292115038 -0.023876877994933 0.17202590524864
-0.181721567170347 0.22243360328832 -0.0801154779179514 0.0558199549915407
-0.245325994208835 -0.0012643954005537 0.0212278117106018 -0.181722119359053
-0.060130860570064 -0.108879306435841 0.184258865087703 -0.164564352162019
-0.0573378941067256 0.0170032421961855 0.326764683220261 0.0442501240284207
-0.217764721619952 0.0342036356031289 0.301908519960971 -0.032699485995511
-0.070313272681706 -0.0163674538866776 0.276921536809559 0.311590676004478
-0.0344495652295002 -0.092621339466234 0.134076426457061 0.116462854163644
-0.18273853601607 -0.142816687372371 0.00880754426447172 0.0180139795448152
-0.252629051779277 0.0011505113165245 -0.164096824977257 0.0935836296386438
-0.158084046605721 0.18379818012784 -0.177843113755224 0.302752255725493
-0.0878125878879521 0.22487335053805 -0.0607893487382665 0.41316789156733
0.0389210189406099 0.199282245639629 0.122294134968012 0.453106770926968
0.0407722127860724 0.22575754759286 0.177989508655515 0.467314017953775
-0.0272192313433165 0.200968483993695 0.101447639100725 0.40451962601606
-0.0975618078726248 0.180183190154889 -0.06509707206919 0.21565348756915
-0.120939448404807 0.0674657283574261 -0.139732844540051 0.0186029606806053
-0.104657291755887 -0.0856352439206848 0.0357814703038466 -0.225964133281375
0.0566133634785241 -0.0798541045183759 0.247749162682663 -0.12505442467214
0.0273616049524355 0.0641790828129664 0.336835622859046 0.132345188628868
-0.119663766434354 0.065456663753524 0.346464251070874 0.0131806822038082
0.0151838075184468 -0.0599057033330519 -0.305208311112319 -0.0111464719299719
-0.0546784794660391 -0.0483120358271611 -0.27828340542681 -0.143921425906974
-0.0430189699495275 0.03711064122141 -0.379548270953294 0.0498938580829819
-0.001477822671912 0.0745222335844154 -0.0950361331339547 0.235446621162761
0.0221335397381652 0.0134669997609194 0.208482542825807 0.0958714343630657
0.0616529146473491 -0.00396439388448731 0.152049327892492 -0.176686652017185
0.0061336209854064 0.00259673535316011 -0.0589455931936358 -0.384355974303983
0.00154579656691921 -0.0334487962226 -0.144187194615119 -0.525581021574899
0.0175691112982389 -0.0155669686406704 -0.11769652751706 -0.57086304388958
0.0420303830406308 -0.0254529277974027 -0.0208433021211711 -0.485115625815725
0.0289635036842803 -0.0300308723402375 0.139284367782663 -0.369535100941897
0.0486724635557673 0.0452041964823144 0.180459320152546 -0.154923899599347
-0.00753896577007816 0.0922929238876973 0.0758352544486724 -0.0397016158575593
-0.105266685910387 0.0138069792595895 -0.0980483584786302 -0.218505892488479
-0.0494811672383595 -0.0397961159277264 -0.276365208685613 -0.416307859532281
-0.109422138842659 -0.0605824907589877 -0.275001582234303 -0.0191388300811933
-0.114781740051096 -0.00956712343835528 -0.263324554147095 -0.185475052104125
-0.0641414262354523 0.0300558014337329 -0.391851285889981 0.00400343745326558
-0.0470730643205747 0.0479736320135335 -0.126789705877174 0.218028096343397
-0.0590041890623164 0.0659719796576189 0.203668753560603 0.125260151647116
0.00181742112923385 0.112740699112016 0.162103951982493 -0.165091773237005
0.014873561889751 0.167593692843465 -0.0247426346294479 -0.376053091711001
0.0448011474026779 0.162950824636146 -0.118091598295873 -0.496088225133195
0.0516353391942548 0.188975636105313 -0.111180064822019 -0.535177349429604
0.0280828212201253 0.201241722353479 -0.0504631020717545 -0.461118352137735
-0.0791473785270787 0.176266044095256 0.106903253111235 -0.356372666293437
-0.169236963302352 0.157987736816614 0.179489775825775 -0.172227006044581
-0.2174553427591 0.0446041365904744 0.0623473024384505 -0.046441712031793
-0.245558662189358 -0.0886514880113993 -0.091263604761783 -0.199242686932018
-0.175212483887396 -0.124641961035482 -0.244792538921818 -0.395374214067625
-0.225852156158626 -0.0644255011254913 -0.201665501131087 -0.023006724200632
-0.18020624483235 0.0224772280265698 -0.266431253490856 -0.221166153682521
-0.107952996807249 0.017749159313244 -0.397275944580784 -0.00038074728507916
-0.115591953545108 0.0225989989326244 -0.122804017054774 0.207282223254159
-0.148261920272373 0.128421446712515 0.18952306577237 0.125607834428179
-0.0696520939703999 0.229297166928416 0.144090122439817 -0.143360263242598
0.0184036714785944 0.31439956999199 0.00635408641951992 -0.313887358587948
0.0815265937027936 0.336153740031653 -0.0686191129913321 -0.391450507886502
0.0861745869985526 0.360516800993614 -0.0815289414076606 -0.420951618019024
0.0382598156875925 0.396139990309848 -0.0613305871699445 -0.371070696534172
-0.138277921697102 0.373662974779867 0.0760619165378135 -0.291043406795159
-0.333446872663257 0.285569709162968 0.166286874582392 -0.174094164469386
-0.391237071199436 0.0360618784337709 0.0573052718933528 -0.0620932261693661
-0.359649978667429 -0.144164527976129 -0.0395904268614644 -0.163655870459296
-0.279121186970661 -0.171812650266826 -0.162125831934426 -0.329089287714888
-0.299016518788533 -0.0773196911183799 -0.095329290411404 -0.00786086138578259
-0.222551464910022 0.0115889854402333 -0.259879495648348 -0.229687344518184
-0.185767632692096 -0.0363530433166955 -0.372539878052797 0.0283783035815783
-0.241125655643687 0.00529607218145339 -0.0946986438308842 0.194356761044734
-0.2550814179668 0.217003758392062 0.155574956200701 0.114425943586249
-0.135635905565832 0.34963265328747 0.0976679386670123 -0.0922440107088338
0.0227344290040816 0.426168387489352 0.0305607252130419 -0.200217233339166
0.106300356902857 0.458745544698721 -0.004935382188273 -0.229903921771043
0.103342116109652 0.470108884901333 -0.0284572004084618 -0.249950925489089
0.0439129030417365 0.521816708831687 -0.042667194346629 -0.232124744422268
-0.162833786688934 0.500952778634616 0.0571507443470363 -0.182413745348001
-0.424592027059765 0.358287003543346 0.138729347781803 -0.157615612788036
-0.468937169311052 0.0242317613070681 0.0633133004687173 -0.0867775177812388
-0.395201456063258 -0.150226606274297 0.0534287699217755 -0.12568853099596
-0.336458541146904 -0.164761141376892 -0.039841250588364 -0.241123664428175
-0.3073414358333 -0.094712513474157 0.0241528086179111 0.0442596190890547
-0.225173586109232 -0.0497033377095761 -0.207267314648463 -0.177567225517825
-0.278893046210689 -0.127182766868219 -0.286273390147265 0.0556624239085494
-0.389490510344118 0.000757943065079028 -0.0735485916873772 0.157783137122887
-0.34658715877378 0.307455337585429 0.079377169387221 0.12319500996084
-0.179096652424732 0.443161707584588 0.0330131300189085 0.00827634098720046
0.0310926617962259 0.481019860027067 0.0494271515916427 -0.0421810375491151
0.115088570225118 0.50937599887531 0.0600389248497106 -0.0351830449597651
0.091268184298494 0.503293554145767 0.0325809075951979 -0.0525121158961115
0.0204497519307505 0.550483399452808 -0.0147069757053067 -0.0716470869519418
-0.18255581857378 0.508814187845053 0.0361233324846859 -0.0614130029659056
-0.434505478479161 0.31250845419213 0.0972819736674942 -0.137238141206398
-0.412123853300325 -0.0197858306726013 0.0834966765245805 -0.120482914544373
-0.330773659744075 -0.11679327759634 0.166248333668931 -0.0843815258699895
-0.338745107239149 -0.111048967895822 0.0954222536380062 -0.153651791352732
-0.258866509235462 -0.0995774262414671 0.134737831996489 0.131900475762763
-0.189797953222253 -0.118733361336186 -0.0999181269295359 -0.0742128120722955
-0.335118174630166 -0.199505899211639 -0.159295975486721 0.0561950761076132
-0.469212958883205 0.00504565167371739 -0.0865834472230362 0.109736623723629
-0.366996343892621 0.347043940608966 -0.0289966922438222 0.167145533336029
-0.183235305215509 0.462666362547656 -0.0308430399391578 0.15033243598769
0.0415401355423887 0.459417070548699 0.0685929772131513 0.139074774489037
0.105679774471135 0.48330152900987 0.117741095450392 0.163457064012517
0.05423205314233 0.461631230898008 0.0821310284446011 0.138328168163958
-0.0332369732191255 0.483411094096655 -0.00359283223826099 0.0711724631348093
-0.194880880490092 0.393212453498444 -0.0109848395915789 0.0280805801798186
-0.367460409427529 0.161168039383048 0.0493397336757374 -0.142890166062141
-0.248751356381511 -0.0802781235968782 0.123068548834143 -0.152068784677366
-0.197696718556504 -0.0546712098434383 0.264863340352741 -0.0267524468865583
-0.294961842942101 -0.0377620416829823 0.216020495906312 -0.0793728264460172
-0.173474797696779 -0.0776411679604029 0.22016537963787 0.233077825236379
-0.124192545681521 -0.138785117279645 0.0285697369080387 0.0384295962800563
-0.30305880789313 -0.200697015127619 -0.0493646880508205 0.0344862191698075
-0.413724443749804 0.011522047510096 -0.126044199067966 0.0812202565973085
-0.292853076690873 0.301598933189655 -0.129060637435773 0.235777822403133
-0.146017240369872 0.383420140031215 -0.0684269652035688 0.297900579238088
0.045682816929853 0.357210088760695 0.0918365476082256 0.314057568921926
0.0786957981197462 0.38182278228035 0.158240828214692 0.338194585364161
0.00751141106782951 0.353454695899632 0.106126669270115 0.295969525164581
-0.081600941048251 0.343254637113313 -0.0259824969408817 0.167655213364362
-0.175042803390679 0.217597717822741 -0.078994734690483 0.0514506761134499
-0.237465489276628 0.00312194805067995 0.0226979051112408 -0.180170069995885
-0.0645864361464742 -0.100097140801425 0.183703069486142 -0.156426686208045
-0.0679976839461938 0.0168805531243351 0.32479239548037 0.0517739690273062
-0.221781846640985 0.0247493095683611 0.30430393224417 -0.0212678204891357
-0.0709445730855821 -0.0217995784031108 0.271401166295178 0.312786478377289
-0.0364639750737816 -0.0914838672362247 0.133506717170168 0.118093211015526
-0.180578169614016 -0.138430314275296 0.00960959611343548 0.0152630862222781
-0.24900020777446 -0.000411963002453432 -0.165970340027785 0.0887219896877884
-0.155569785869799 0.178514246711954 -0.182823164191603 0.299018752138433
-0.0877646667219978 0.223271596942859 -0.0686969542067848 0.408900847382054
0.0346288072556556 0.194058888680292 0.114122419835839 0.446040612911043
0.0388029547913106 0.222329102069028 0.175934414869337 0.458995629798714
-0.0265744483033662 0.198171799849378 0.100993374601296 0.395513389694837
-0.0945316416645522 0.174926294160464 -0.0656417403070708 0.21098891682938
-0.114537444761049 0.0654303184745329 -0.135349999379483 0.0163997443961645
-0.0999462211479105 -0.0803963265957961 0.0387108753690281 -0.220110527633659
0.050822799230744 -0.0727712658646647 0.244452172885857 -0.116668609796263
0.0189391407365826 0.0623235504605532 0.33407605752817 0.137291077648161
-0.122331336058472 0.057887998378188 0.349152594571868 0.0241542444010113
0.0162983893110274 -0.0590622471378356 -0.318643842393501 -0.0239235922379467
-0.0533600316020117 -0.0515573809376773 -0.280070461791934 -0.152005897155163
-0.0434765985461471 0.0322689287430408 -0.385920647902648 0.0430176399217669
-0.00325699049018509 0.0744575346834801 -0.104633060823305 0.234412210313405
0.0192873280774923 0.0144507183667098 0.209626885419798 0.100362224444181
0.0617562383772275 -0.00401383348343138 0.159743885970801 -0.174287407001601
0.0073067864228112 0.00527448059511749 -0.0521338027070846 -0.388732518373464
0.00088751272129719 -0.0326433968644689 -0.143865994098928 -0.537186179890707
0.0187442289650313 -0.0166076550094045 -0.111798838025694 -0.584929701175849
0.0436803598181621 -0.0251660731559159 -0.00909175256761673 -0.496829013299427
0.0280373499178279 -0.0293274401399702 0.154984145554899 -0.375413524461658
0.0471528461986493 0.0465564156239787 0.19148593182077 -0.153911242931351
-0.0100429070848624 0.0902500551477965 0.0799168790089562 -0.0403907948885018
-0.106642713379693 0.0111028128563316 -0.0998259158887256 -0.231835956393138
-0.0483326933621873 -0.0394409013695433 -0.276525357385582 -0.430959905454257
-0.112691505145167 -0.0652166789803262 -0.287330251162878 -0.0302228438061377
-0.118953806496761 -0.0137139786615036 -0.265206887139618 -0.193136861112707
-0.0683482735356351 0.0275907554405311 -0.396556867426739 -0.00442202458379232
-0.0491806106886404 0.0479533981370296 -0.136496010230281 0.216474038262251
-0.0624074379655882 0.0676449252983183 0.203561753805495 0.130385404289392
-0.000595855966735197 0.114790506804469 0.169391538215057 -0.161354117143854
0.0136809225829478 0.173390218561609 -0.0186634180989521 -0.37857882597594
0.0417662642139819 0.16847292601958 -0.116314492441539 -0.50572607977761
0.0489773959176465 0.194633767776768 -0.104604280767874 -0.550410448596818
0.0247122535121901 0.20658316900187 -0.0415963756745106 -0.472192773638136
-0.0865529907981125 0.179791173923148 0.120937500937166 -0.363505260134693
-0.17725597809513 0.156973065016961 0.190358862728383 -0.171650189149837
-0.225500885367209 0.0376580723054992 0.0657205408161968 -0.0456551037121127
-0.252150933340186 -0.0977901721694285 -0.0928335162434624 -0.209502157882619
-0.178126392199039 -0.132241332269186 -0.244698936168093 -0.405573796894882
-0.231701561189609 -0.0755013586592124 -0.210528394952105 -0.0324917931527146
-0.188884425211967 0.0161885524754357 -0.266842741211909 -0.230650966066106
-0.11611288742848 0.0158810825193405 -0.402861855444561 -0.0111379470977848
-0.119816301080245 0.0230998171937605 -0.133858481091152 0.205884850956192
-0.153100006452008 0.131546173432073 0.190518252227629 0.130836986196414
-0.0735975036982366 0.233423412037823 0.149196997368973 -0.139582786031693
0.0142304625980625 0.323169031837714 0.0113292487119816 -0.315430788319546
0.077671896621035 0.3457051359506 -0.0673718787517903 -0.400397657125651
0.0822090648407966 0.370800015499188 -0.0770361825919677 -0.432817252509962
0.0325838462978 0.405736010518433 -0.0552803470834636 -0.379531221662248
-0.148957915803179 0.381065162660037 0.0858854139069392 -0.29798286132517
-0.346504049028348 0.284825059095891 0.175223106801958 -0.175673234770785
-0.405778096731195 0.0266254184427166 0.0605555455777864 -0.0606415003437649
-0.371626378157719 -0.156219679628066 -0.0383870647968439 -0.16972512872799
-0.286396801964179 -0.183592400043951 -0.159862903838696 -0.334609665463115
-0.307994510307761 -0.0938749844578013 -0.0997433875537209 -0.0125372159100305
-0.233828651771545 0.0032097711965978 -0.259772038399654 -0.239287262863653
-0.19737641412022 -0.0391783951262156 -0.378808286563042 0.0179102842970817
-0.247995819933546 0.00438243313030519 -0.10579387795322 0.193951751202708
-0.262424126221083 0.21995098936267 0.155562311534002 0.121365636348299
-0.143215047551137 0.355669152582678 0.100805250908926 -0.0877126080337864
0.01664758027399 0.436453306700214 0.0339144607283515 -0.199816503792982
0.102124598075044 0.472825652573955 -0.00432067346154042 -0.234894459370015
0.0978614393123862 0.483054629362062 -0.0256111514145937 -0.256781252008157
0.0361810984856668 0.533953810817358 -0.0414800185300889 -0.236175278371981
-0.174614062388011 0.509900827894082 0.063163161145982 -0.187828551404177
-0.439857455824518 0.358394462605271 0.145884875836287 -0.160131005972219
-0.484414531066847 0.0176118642471648 0.0668324714037647 -0.0845541786533726
-0.4118495238375 -0.160186529446558 0.0577835820747357 -0.126198924905369
-0.349097773433186 -0.179191147132175 -0.0349089408076776 -0.240267691305693
-0.316506123242372 -0.112743337414924 0.0229470801636232 0.0440239573585206
-0.236710916894244 -0.0597398319621127 -0.205871296904061 -0.185633874573284
-0.291110771434139 -0.131480029543156 -0.29314331863159 0.0471611742307119
-0.400228750339703 -0.00397611364323563 -0.0836347147146912 0.159287561686364
-0.356964771596753 0.308910915897209 0.0782718891064554 0.131145385525298
-0.189947126880301 0.450833237918398 0.0326224125533314 0.0133791767019296
0.023565374016857 0.491466449211034 0.0500043034481931 -0.0399445406981905
0.111224299479375 0.524407559497269 0.060813674794066 -0.0358632198807534
0.0862927151051763 0.518649534331685 0.0346176893455348 -0.0543761424812788
0.0128528219210346 0.562895717768366 -0.0159142988629243 -0.072226128657622
-0.18982813712266 0.513786159024045 0.0367852032063094 -0.0653376363892687
-0.447535332328211 0.312888211455732 0.101746916885026 -0.141729856732437
-0.426340581592784 -0.022011857204716 0.0880279782081576 -0.119040058638239
-0.347444481894643 -0.122448383900221 0.173652230233713 -0.0799052383093104
-0.354331947130457 -0.125293769078067 0.103984640575791 -0.146633026151791
-0.266690033550912 -0.117067140834728 0.135409950323933 0.137223653427006
-0.199245317775883 -0.128217249058059 -0.0986613630897229 -0.0770691202796091
-0.345075616576832 -0.206351298495867 -0.164377988426541 0.0492412929180233
-0.479663932019295 -0.00152914047645633 -0.095208667399169 0.109109810129461
-0.378459771557417 0.349640857435071 -0.0342159172743395 0.174916940378937
-0.193712185040943 0.469702682487784 -0.035843416293685 0.156970228299647
0.0329420773238022 0.46793944279252 0.0662001480159378 0.145013930284356
0.10066880549049 0.495177108753974 0.117393720221745 0.167042467297007
0.0491579985422121 0.473123111241762 0.0831627697659148 0.14160459313454
-0.0400851070474791 0.490512810159085 -0.0074285402877282 0.0738296895127123
-0.199642347687701 0.396862166412604 -0.0125993075880677 0.0253653263747235
-0.372702907610506 0.162118032910012 0.0525644662276599 -0.147295524474869
-0.257524200264693 -0.077924224084453 0.129840393396525 -0.150409237342335
-0.213652588461037 -0.056683437532611 0.275307296857533 -0.0191016039427008
-0.31014653478973 -0.0504432971384244 0.228314798440196 -0.0686815849431436
-0.17928034797148 -0.0900873361507752 0.221241206156038 0.243352492281081
-0.129179426099192 -0.146796068997051 0.0297610995950494 0.041465260472657
-0.310497752405431 -0.206332746382844 -0.051063814041937 0.0304384698234328
-0.424489919342153 0.00459204439656129 -0.134550772847413 0.0794137078690969
-0.30241338143639 0.303215635794446 -0.138313734407923 0.242252842925979
-0.155723938458019 0.38982871862028 -0.0786376366639232 0.306835605508385
0.0385611586066406 0.364276651466081 0.086759507282433 0.322978149831771
0.07503259341866 0.391616602174974 0.157237491027451 0.345217311706075
0.00408382061544747 0.362333396779731 0.105552511199629 0.300267734965727
-0.0857561583511279 0.348385218002626 -0.0311096026483038 0.170924264422029
-0.174940624655831 0.217323091056473 -0.0809821659739231 0.0480572562546624
-0.237588228930613 0.0046717669899524 0.0272455009881389 -0.185038147448784
-0.0692851848277148 -0.0953428772407837 0.191828416294008 -0.152143148270832
-0.0807126006305808 0.0172535214968187 0.335726777752292 0.0630075465462239
-0.235005596952672 0.0148966950220754 0.318851129012384 -0.00898433898845773
-0.0748334176480247 -0.0286044429152765 0.273488434331197 0.327673484117087
-0.0390986292112399 -0.0944969135926956 0.135229015561248 0.125862062366689
-0.183707669694884 -0.140427048501019 0.010393399935927 0.0128326079748821
-0.254107653831502 -0.00468119893730766 -0.17423704572752 0.0854673171444758
-0.160753297467094 0.179325888516634 -0.196837799297536 0.303809734550208
-0.0939472529995285 0.227452748661643 -0.0820705105967276 0.419836116369977
0.0295075794695958 0.197146888604034 0.107491506456524 0.457734484851693
0.0366380788109597 0.226675464380691 0.174253777221492 0.468694743632503
-0.0295515814325224 0.202852606264889 0.0982872024914557 0.402419938212547
-0.0961190359364943 0.176615580258619 -0.0713056668718959 0.212284884230908
-0.11327060324211 0.0638547859133867 -0.136615540660026 0.0131381794660904
-0.0979493334149069 -0.0787028787138077 0.0445791533086371 -0.222590093658692
0.0490481019226065 -0.0669944892430021 0.251903412593399 -0.109537661687442
0.0105807473339316 0.0633795415508358 0.342327929531701 0.150516326001211
-0.130925160889971 0.0512824107363122 0.363890296988879 0.0359274787417359
